<?xml version="1.0" encoding="UTF-8"?>
<testsuite xmlns:xsi="http://www.w3.org/2001/XMLSchema-instance" xsi:noNamespaceSchemaLocation="https://maven.apache.org/surefire/maven-surefire-plugin/xsd/surefire-test-report.xsd" name="org.apache.hadoop.ozone.client.rpc.TestBlockOutputStreamWithFailures" time="782.762" tests="8" errors="0" skipped="0" failures="1">
  <properties>
    <property name="awt.toolkit" value="sun.awt.X11.XToolkit"/>
    <property name="file.encoding.pkg" value="sun.io"/>
    <property name="java.specification.version" value="1.8"/>
    <property name="sun.cpu.isalist" value=""/>
    <property name="sun.jnu.encoding" value="UTF-8"/>
    <property name="java.class.path" value="/workdir/hadoop-ozone/integration-test/target/test-classes:/workdir/hadoop-ozone/integration-test/target/classes:/home/user/.m2/repository/org/apache/hadoop/hadoop-ozone-common/0.5.0-SNAPSHOT/hadoop-ozone-common-0.5.0-SNAPSHOT.jar:/home/user/.m2/repository/org/apache/commons/commons-compress/1.4.1/commons-compress-1.4.1.jar:/home/user/.m2/repository/org/tukaani/xz/1.0/xz-1.0.jar:/home/user/.m2/repository/org/apache/hadoop/hadoop-common/3.2.0/hadoop-common-3.2.0.jar:/home/user/.m2/repository/org/apache/hadoop/hadoop-hdfs/3.2.0/hadoop-hdfs-3.2.0.jar:/home/user/.m2/repository/org/apache/hadoop/hadoop-hdfs-client/3.2.0/hadoop-hdfs-client-3.2.0.jar:/home/user/.m2/repository/com/fasterxml/jackson/core/jackson-annotations/2.9.5/jackson-annotations-2.9.5.jar:/home/user/.m2/repository/org/apache/hadoop/hadoop-hdds-common/0.5.0-SNAPSHOT/hadoop-hdds-common-0.5.0-SNAPSHOT.jar:/home/user/.m2/repository/javax/annotation/javax.annotation-api/1.2/javax.annotation-api-1.2.jar:/home/user/.m2/repository/org/apache/ratis/ratis-server/0.4.0-2337318-SNAPSHOT/ratis-server-0.4.0-2337318-SNAPSHOT.jar:/home/user/.m2/repository/org/apache/ratis/ratis-thirdparty-misc/0.2.0/ratis-thirdparty-misc-0.2.0.jar:/home/user/.m2/repository/org/apache/ratis/ratis-proto/0.4.0-2337318-SNAPSHOT/ratis-proto-0.4.0-2337318-SNAPSHOT.jar:/home/user/.m2/repository/org/apache/ratis/ratis-common/0.4.0-2337318-SNAPSHOT/ratis-common-0.4.0-2337318-SNAPSHOT.jar:/home/user/.m2/repository/org/apache/ratis/ratis-client/0.4.0-2337318-SNAPSHOT/ratis-client-0.4.0-2337318-SNAPSHOT.jar:/home/user/.m2/repository/org/apache/ratis/ratis-metrics/0.4.0-2337318-SNAPSHOT/ratis-metrics-0.4.0-2337318-SNAPSHOT.jar:/home/user/.m2/repository/org/apache/ratis/ratis-netty/0.4.0-2337318-SNAPSHOT/ratis-netty-0.4.0-2337318-SNAPSHOT.jar:/home/user/.m2/repository/org/apache/ratis/ratis-grpc/0.4.0-2337318-SNAPSHOT/ratis-grpc-0.4.0-2337318-SNAPSHOT.jar:/home/user/.m2/repository/org/rocksdb/rocksdbjni/6.0.1/rocksdbjni-6.0.1.jar:/home/user/.m2/repository/org/apache/logging/log4j/log4j-api/2.11.0/log4j-api-2.11.0.jar:/home/user/.m2/repository/org/apache/logging/log4j/log4j-core/2.11.0/log4j-core-2.11.0.jar:/home/user/.m2/repository/com/lmax/disruptor/3.4.2/disruptor-3.4.2.jar:/home/user/.m2/repository/org/apache/commons/commons-pool2/2.6.0/commons-pool2-2.6.0.jar:/home/user/.m2/repository/org/bouncycastle/bcpkix-jdk15on/1.60/bcpkix-jdk15on-1.60.jar:/home/user/.m2/repository/commons-validator/commons-validator/1.6/commons-validator-1.6.jar:/home/user/.m2/repository/commons-digester/commons-digester/1.8.1/commons-digester-1.8.1.jar:/home/user/.m2/repository/io/jaegertracing/jaeger-client/0.33.1/jaeger-client-0.33.1.jar:/home/user/.m2/repository/io/jaegertracing/jaeger-thrift/0.33.1/jaeger-thrift-0.33.1.jar:/home/user/.m2/repository/org/apache/thrift/libthrift/0.11.0/libthrift-0.11.0.jar:/home/user/.m2/repository/com/squareup/okhttp3/okhttp/3.9.0/okhttp-3.9.0.jar:/home/user/.m2/repository/com/squareup/okio/okio/1.13.0/okio-1.13.0.jar:/home/user/.m2/repository/io/jaegertracing/jaeger-core/0.33.1/jaeger-core-0.33.1.jar:/home/user/.m2/repository/io/jaegertracing/jaeger-tracerresolver/0.33.1/jaeger-tracerresolver-0.33.1.jar:/home/user/.m2/repository/io/opentracing/contrib/opentracing-tracerresolver/0.1.5/opentracing-tracerresolver-0.1.5.jar:/home/user/.m2/repository/io/opentracing/opentracing-util/0.31.0/opentracing-util-0.31.0.jar:/home/user/.m2/repository/io/opentracing/opentracing-api/0.31.0/opentracing-api-0.31.0.jar:/home/user/.m2/repository/io/opentracing/opentracing-noop/0.31.0/opentracing-noop-0.31.0.jar:/home/user/.m2/repository/org/apache/hadoop/hadoop-hdds-server-framework/0.5.0-SNAPSHOT/hadoop-hdds-server-framework-0.5.0-SNAPSHOT.jar:/home/user/.m2/repository/org/apache/hadoop/hadoop-hdds-container-service/0.5.0-SNAPSHOT/hadoop-hdds-container-service-0.5.0-SNAPSHOT.jar:/home/user/.m2/repository/org/apache/hadoop/hadoop-hdds-client/0.5.0-SNAPSHOT/hadoop-hdds-client-0.5.0-SNAPSHOT.jar:/home/user/.m2/repository/org/apache/hadoop/hadoop-hdds-tools/0.5.0-SNAPSHOT/hadoop-hdds-tools-0.5.0-SNAPSHOT.jar:/home/user/.m2/repository/org/apache/hadoop/hadoop-hdds-server-scm/0.5.0-SNAPSHOT/hadoop-hdds-server-scm-0.5.0-SNAPSHOT.jar:/home/user/.m2/repository/org/apache/hadoop/hadoop-hdds-docs/0.5.0-SNAPSHOT/hadoop-hdds-docs-0.5.0-SNAPSHOT.jar:/home/user/.m2/repository/io/dropwizard/metrics/metrics-core/3.2.4/metrics-core-3.2.4.jar:/home/user/.m2/repository/org/hamcrest/hamcrest-all/1.3/hamcrest-all-1.3.jar:/home/user/.m2/repository/org/bouncycastle/bcprov-jdk15on/1.60/bcprov-jdk15on-1.60.jar:/home/user/.m2/repository/info/picocli/picocli/3.9.6/picocli-3.9.6.jar:/home/user/.m2/repository/com/google/protobuf/protobuf-java/2.5.0/protobuf-java-2.5.0.jar:/home/user/.m2/repository/com/google/guava/guava/11.0.2/guava-11.0.2.jar:/home/user/.m2/repository/org/apache/hadoop/hadoop-ozone-ozone-manager/0.5.0-SNAPSHOT/hadoop-ozone-ozone-manager-0.5.0-SNAPSHOT.jar:/home/user/.m2/repository/org/apache/hadoop/hadoop-minikdc/3.2.0/hadoop-minikdc-3.2.0.jar:/home/user/.m2/repository/commons-io/commons-io/2.5/commons-io-2.5.jar:/home/user/.m2/repository/org/apache/kerby/kerb-simplekdc/1.0.1/kerb-simplekdc-1.0.1.jar:/home/user/.m2/repository/org/apache/kerby/kerb-client/1.0.1/kerb-client-1.0.1.jar:/home/user/.m2/repository/org/apache/kerby/kerby-config/1.0.1/kerby-config-1.0.1.jar:/home/user/.m2/repository/org/apache/kerby/kerb-core/1.0.1/kerb-core-1.0.1.jar:/home/user/.m2/repository/org/apache/kerby/kerby-pkix/1.0.1/kerby-pkix-1.0.1.jar:/home/user/.m2/repository/org/apache/kerby/kerby-asn1/1.0.1/kerby-asn1-1.0.1.jar:/home/user/.m2/repository/org/apache/kerby/kerby-util/1.0.1/kerby-util-1.0.1.jar:/home/user/.m2/repository/org/apache/kerby/kerb-common/1.0.1/kerb-common-1.0.1.jar:/home/user/.m2/repository/org/apache/kerby/kerb-crypto/1.0.1/kerb-crypto-1.0.1.jar:/home/user/.m2/repository/org/apache/kerby/kerb-util/1.0.1/kerb-util-1.0.1.jar:/home/user/.m2/repository/org/apache/kerby/token-provider/1.0.1/token-provider-1.0.1.jar:/home/user/.m2/repository/org/apache/kerby/kerb-admin/1.0.1/kerb-admin-1.0.1.jar:/home/user/.m2/repository/org/apache/kerby/kerb-server/1.0.1/kerb-server-1.0.1.jar:/home/user/.m2/repository/org/apache/kerby/kerb-identity/1.0.1/kerb-identity-1.0.1.jar:/home/user/.m2/repository/org/apache/kerby/kerby-xdr/1.0.1/kerby-xdr-1.0.1.jar:/home/user/.m2/repository/org/slf4j/slf4j-log4j12/1.7.25/slf4j-log4j12-1.7.25.jar:/home/user/.m2/repository/org/apache/hadoop/hadoop-ozone-objectstore-service/0.5.0-SNAPSHOT/hadoop-ozone-objectstore-service-0.5.0-SNAPSHOT.jar:/home/user/.m2/repository/org/apache/hadoop/hadoop-ozone-s3gateway/0.5.0-SNAPSHOT/hadoop-ozone-s3gateway-0.5.0-SNAPSHOT.jar:/home/user/.m2/repository/org/jboss/weld/servlet/weld-servlet/2.4.7.Final/weld-servlet-2.4.7.Final.jar:/home/user/.m2/repository/org/glassfish/jersey/containers/jersey-container-servlet-core/2.27/jersey-container-servlet-core-2.27.jar:/home/user/.m2/repository/org/glassfish/hk2/external/javax.inject/2.5.0-b42/javax.inject-2.5.0-b42.jar:/home/user/.m2/repository/org/glassfish/jersey/core/jersey-common/2.27/jersey-common-2.27.jar:/home/user/.m2/repository/org/glassfish/hk2/osgi-resource-locator/1.0.1/osgi-resource-locator-1.0.1.jar:/home/user/.m2/repository/javax/ws/rs/javax.ws.rs-api/2.1/javax.ws.rs-api-2.1.jar:/home/user/.m2/repository/org/glassfish/jersey/ext/cdi/jersey-cdi1x/2.27/jersey-cdi1x-2.27.jar:/home/user/.m2/repository/org/glassfish/jersey/inject/jersey-hk2/2.27/jersey-hk2-2.27.jar:/home/user/.m2/repository/org/glassfish/hk2/hk2-locator/2.5.0-b42/hk2-locator-2.5.0-b42.jar:/home/user/.m2/repository/org/javassist/javassist/3.22.0-CR2/javassist-3.22.0-CR2.jar:/home/user/.m2/repository/org/glassfish/hk2/hk2-api/2.5.0/hk2-api-2.5.0.jar:/home/user/.m2/repository/org/glassfish/hk2/external/jakarta.inject/2.5.0/jakarta.inject-2.5.0.jar:/home/user/.m2/repository/org/glassfish/hk2/hk2-utils/2.5.0/hk2-utils-2.5.0.jar:/home/user/.m2/repository/jakarta/annotation/jakarta.annotation-api/1.3.4/jakarta.annotation-api-1.3.4.jar:/home/user/.m2/repository/org/glassfish/hk2/external/aopalliance-repackaged/2.5.0/aopalliance-repackaged-2.5.0.jar:/home/user/.m2/repository/com/fasterxml/jackson/dataformat/jackson-dataformat-xml/2.9.0/jackson-dataformat-xml-2.9.0.jar:/home/user/.m2/repository/com/fasterxml/jackson/core/jackson-core/2.9.5/jackson-core-2.9.5.jar:/home/user/.m2/repository/com/fasterxml/jackson/module/jackson-module-jaxb-annotations/2.9.5/jackson-module-jaxb-annotations-2.9.5.jar:/home/user/.m2/repository/javax/enterprise/cdi-api/1.2/cdi-api-1.2.jar:/home/user/.m2/repository/javax/el/javax.el-api/3.0.0/javax.el-api-3.0.0.jar:/home/user/.m2/repository/javax/interceptor/javax.interceptor-api/1.2/javax.interceptor-api-1.2.jar:/home/user/.m2/repository/javax/inject/javax.inject/1/javax.inject-1.jar:/home/user/.m2/repository/com/sun/xml/bind/jaxb-impl/2.3.0.1/jaxb-impl-2.3.0.1.jar:/home/user/.m2/repository/com/sun/xml/bind/jaxb-core/2.3.0.1/jaxb-core-2.3.0.1.jar:/home/user/.m2/repository/javax/xml/bind/jaxb-api/2.3.0/jaxb-api-2.3.0.jar:/home/user/.m2/repository/javax/activation/activation/1.1.1/activation-1.1.1.jar:/home/user/.m2/repository/org/apache/hadoop/hadoop-ozone-csi/0.5.0-SNAPSHOT/hadoop-ozone-csi-0.5.0-SNAPSHOT.jar:/home/user/.m2/repository/com/google/protobuf/protobuf-java-util/3.5.1/protobuf-java-util-3.5.1.jar:/home/user/.m2/repository/org/apache/hadoop/hadoop-hdds-config/0.5.0-SNAPSHOT/hadoop-hdds-config-0.5.0-SNAPSHOT.jar:/home/user/.m2/repository/io/grpc/grpc-netty/1.17.1/grpc-netty-1.17.1.jar:/home/user/.m2/repository/io/grpc/grpc-core/1.17.1/grpc-core-1.17.1.jar:/home/user/.m2/repository/io/grpc/grpc-context/1.17.1/grpc-context-1.17.1.jar:/home/user/.m2/repository/com/google/errorprone/error_prone_annotations/2.2.0/error_prone_annotations-2.2.0.jar:/home/user/.m2/repository/org/codehaus/mojo/animal-sniffer-annotations/1.17/animal-sniffer-annotations-1.17.jar:/home/user/.m2/repository/io/opencensus/opencensus-api/0.17.0/opencensus-api-0.17.0.jar:/home/user/.m2/repository/io/opencensus/opencensus-contrib-grpc-metrics/0.17.0/opencensus-contrib-grpc-metrics-0.17.0.jar:/home/user/.m2/repository/io/netty/netty-codec-http2/4.1.30.Final/netty-codec-http2-4.1.30.Final.jar:/home/user/.m2/repository/io/netty/netty-codec-http/4.1.30.Final/netty-codec-http-4.1.30.Final.jar:/home/user/.m2/repository/io/netty/netty-codec/4.1.30.Final/netty-codec-4.1.30.Final.jar:/home/user/.m2/repository/io/netty/netty-handler/4.1.30.Final/netty-handler-4.1.30.Final.jar:/home/user/.m2/repository/io/netty/netty-handler-proxy/4.1.30.Final/netty-handler-proxy-4.1.30.Final.jar:/home/user/.m2/repository/io/netty/netty-codec-socks/4.1.30.Final/netty-codec-socks-4.1.30.Final.jar:/home/user/.m2/repository/io/netty/netty-transport-native-epoll/4.1.30.Final/netty-transport-native-epoll-4.1.30.Final.jar:/home/user/.m2/repository/io/netty/netty-common/4.1.30.Final/netty-common-4.1.30.Final.jar:/home/user/.m2/repository/io/netty/netty-buffer/4.1.30.Final/netty-buffer-4.1.30.Final.jar:/home/user/.m2/repository/io/netty/netty-transport/4.1.30.Final/netty-transport-4.1.30.Final.jar:/home/user/.m2/repository/io/netty/netty-resolver/4.1.30.Final/netty-resolver-4.1.30.Final.jar:/home/user/.m2/repository/io/netty/netty-transport-native-unix-common/4.1.30.Final/netty-transport-native-unix-common-4.1.30.Final.jar:/home/user/.m2/repository/io/grpc/grpc-protobuf/1.17.1/grpc-protobuf-1.17.1.jar:/home/user/.m2/repository/com/google/api/grpc/proto-google-common-protos/1.0.0/proto-google-common-protos-1.0.0.jar:/home/user/.m2/repository/io/grpc/grpc-protobuf-lite/1.17.1/grpc-protobuf-lite-1.17.1.jar:/home/user/.m2/repository/io/grpc/grpc-stub/1.17.1/grpc-stub-1.17.1.jar:/home/user/.m2/repository/org/apache/hadoop/hadoop-ozone-recon/0.5.0-SNAPSHOT/hadoop-ozone-recon-0.5.0-SNAPSHOT.jar:/home/user/.m2/repository/org/apache/hadoop/hadoop-ozone-reconcodegen/0.5.0-SNAPSHOT/hadoop-ozone-reconcodegen-0.5.0-SNAPSHOT.jar:/home/user/.m2/repository/com/google/inject/extensions/guice-multibindings/4.0/guice-multibindings-4.0.jar:/home/user/.m2/repository/com/google/inject/guice/4.0/guice-4.0.jar:/home/user/.m2/repository/aopalliance/aopalliance/1.0/aopalliance-1.0.jar:/home/user/.m2/repository/com/google/inject/extensions/guice-servlet/4.0/guice-servlet-4.0.jar:/home/user/.m2/repository/org/glassfish/jersey/containers/jersey-container-servlet/2.27/jersey-container-servlet-2.27.jar:/home/user/.m2/repository/org/glassfish/hk2/guice-bridge/2.5.0/guice-bridge-2.5.0.jar:/home/user/.m2/repository/org/glassfish/jersey/core/jersey-server/2.27/jersey-server-2.27.jar:/home/user/.m2/repository/org/glassfish/jersey/core/jersey-client/2.27/jersey-client-2.27.jar:/home/user/.m2/repository/org/glassfish/jersey/media/jersey-media-jaxb/2.27/jersey-media-jaxb-2.27.jar:/home/user/.m2/repository/javax/validation/validation-api/1.1.0.Final/validation-api-1.1.0.Final.jar:/home/user/.m2/repository/org/glassfish/jersey/media/jersey-media-json-jackson/2.27/jersey-media-json-jackson-2.27.jar:/home/user/.m2/repository/org/glassfish/jersey/ext/jersey-entity-filtering/2.27/jersey-entity-filtering-2.27.jar:/home/user/.m2/repository/com/google/inject/extensions/guice-assistedinject/4.0/guice-assistedinject-4.0.jar:/home/user/.m2/repository/org/jooq/jooq/3.11.10/jooq-3.11.10.jar:/home/user/.m2/repository/org/jooq/jooq-meta/3.11.10/jooq-meta-3.11.10.jar:/home/user/.m2/repository/org/jooq/jooq-codegen/3.11.10/jooq-codegen-3.11.10.jar:/home/user/.m2/repository/com/jolbox/bonecp/0.8.0.RELEASE/bonecp-0.8.0.RELEASE.jar:/home/user/.m2/repository/org/xerial/sqlite-jdbc/3.25.2/sqlite-jdbc-3.25.2.jar:/home/user/.m2/repository/org/springframework/spring-jdbc/5.1.3.RELEASE/spring-jdbc-5.1.3.RELEASE.jar:/home/user/.m2/repository/org/springframework/spring-beans/5.1.3.RELEASE/spring-beans-5.1.3.RELEASE.jar:/home/user/.m2/repository/org/springframework/spring-core/5.1.3.RELEASE/spring-core-5.1.3.RELEASE.jar:/home/user/.m2/repository/org/springframework/spring-jcl/5.1.3.RELEASE/spring-jcl-5.1.3.RELEASE.jar:/home/user/.m2/repository/org/springframework/spring-tx/5.1.3.RELEASE/spring-tx-5.1.3.RELEASE.jar:/home/user/.m2/repository/org/apache/hadoop/hadoop-ozone-client/0.5.0-SNAPSHOT/hadoop-ozone-client-0.5.0-SNAPSHOT.jar:/home/user/.m2/repository/commons-lang/commons-lang/2.6/commons-lang-2.6.jar:/home/user/.m2/repository/org/apache/hadoop/hadoop-ozone-ozone-manager/0.5.0-SNAPSHOT/hadoop-ozone-ozone-manager-0.5.0-SNAPSHOT-tests.jar:/home/user/.m2/repository/junit/junit/4.11/junit-4.11.jar:/home/user/.m2/repository/org/hamcrest/hamcrest-core/1.3/hamcrest-core-1.3.jar:/home/user/.m2/repository/org/openjdk/jmh/jmh-core/1.19/jmh-core-1.19.jar:/home/user/.m2/repository/net/sf/jopt-simple/jopt-simple/4.6/jopt-simple-4.6.jar:/home/user/.m2/repository/org/apache/commons/commons-math3/3.1.1/commons-math3-3.1.1.jar:/home/user/.m2/repository/org/openjdk/jmh/jmh-generator-annprocess/1.19/jmh-generator-annprocess-1.19.jar:/home/user/.m2/repository/org/mockito/mockito-all/1.8.5/mockito-all-1.8.5.jar:/home/user/.m2/repository/org/apache/hadoop/hadoop-kms/3.2.0/hadoop-kms-3.2.0.jar:/home/user/.m2/repository/org/apache/hadoop/hadoop-auth/3.2.0/hadoop-auth-3.2.0.jar:/home/user/.m2/repository/com/nimbusds/nimbus-jose-jwt/4.41.1/nimbus-jose-jwt-4.41.1.jar:/home/user/.m2/repository/com/github/stephenc/jcip/jcip-annotations/1.0-1/jcip-annotations-1.0-1.jar:/home/user/.m2/repository/net/minidev/json-smart/2.3/json-smart-2.3.jar:/home/user/.m2/repository/net/minidev/accessors-smart/1.2/accessors-smart-1.2.jar:/home/user/.m2/repository/org/ow2/asm/asm/5.0.4/asm-5.0.4.jar:/home/user/.m2/repository/org/apache/curator/curator-framework/2.12.0/curator-framework-2.12.0.jar:/home/user/.m2/repository/com/sun/jersey/jersey-core/1.19/jersey-core-1.19.jar:/home/user/.m2/repository/javax/ws/rs/jsr311-api/1.1.1/jsr311-api-1.1.1.jar:/home/user/.m2/repository/com/sun/jersey/jersey-server/1.19/jersey-server-1.19.jar:/home/user/.m2/repository/javax/servlet/javax.servlet-api/3.1.0/javax.servlet-api-3.1.0.jar:/home/user/.m2/repository/org/eclipse/jetty/jetty-server/9.3.24.v20180605/jetty-server-9.3.24.v20180605.jar:/home/user/.m2/repository/org/eclipse/jetty/jetty-http/9.3.24.v20180605/jetty-http-9.3.24.v20180605.jar:/home/user/.m2/repository/org/eclipse/jetty/jetty-io/9.3.24.v20180605/jetty-io-9.3.24.v20180605.jar:/home/user/.m2/repository/org/eclipse/jetty/jetty-webapp/9.3.24.v20180605/jetty-webapp-9.3.24.v20180605.jar:/home/user/.m2/repository/org/eclipse/jetty/jetty-xml/9.3.24.v20180605/jetty-xml-9.3.24.v20180605.jar:/home/user/.m2/repository/log4j/log4j/1.2.17/log4j-1.2.17.jar:/home/user/.m2/repository/org/slf4j/slf4j-api/1.7.25/slf4j-api-1.7.25.jar:/home/user/.m2/repository/org/slf4j/jul-to-slf4j/1.7.25/jul-to-slf4j-1.7.25.jar:/home/user/.m2/repository/org/eclipse/jetty/jetty-util/9.3.24.v20180605/jetty-util-9.3.24.v20180605.jar:/home/user/.m2/repository/com/fasterxml/jackson/core/jackson-databind/2.9.5/jackson-databind-2.9.5.jar:/home/user/.m2/repository/org/apache/hadoop/hadoop-kms/3.2.0/hadoop-kms-3.2.0-tests.jar:/home/user/.m2/repository/org/apache/hadoop/hadoop-hdds-server-scm/0.5.0-SNAPSHOT/hadoop-hdds-server-scm-0.5.0-SNAPSHOT-tests.jar:/home/user/.m2/repository/org/apache/hadoop/hadoop-hdds-container-service/0.5.0-SNAPSHOT/hadoop-hdds-container-service-0.5.0-SNAPSHOT-tests.jar:/home/user/.m2/repository/org/yaml/snakeyaml/1.16/snakeyaml-1.16.jar:/home/user/.m2/repository/org/apache/hadoop/hadoop-common/3.2.0/hadoop-common-3.2.0-tests.jar:/home/user/.m2/repository/org/apache/hadoop/hadoop-annotations/3.2.0/hadoop-annotations-3.2.0.jar:/usr/lib/jvm/java-1.8-openjdk/jre/../lib/tools.jar:/home/user/.m2/repository/commons-cli/commons-cli/1.2/commons-cli-1.2.jar:/home/user/.m2/repository/org/apache/httpcomponents/httpclient/4.5.2/httpclient-4.5.2.jar:/home/user/.m2/repository/org/apache/httpcomponents/httpcore/4.4.4/httpcore-4.4.4.jar:/home/user/.m2/repository/commons-codec/commons-codec/1.11/commons-codec-1.11.jar:/home/user/.m2/repository/commons-net/commons-net/3.6/commons-net-3.6.jar:/home/user/.m2/repository/commons-collections/commons-collections/3.2.2/commons-collections-3.2.2.jar:/home/user/.m2/repository/org/eclipse/jetty/jetty-servlet/9.3.24.v20180605/jetty-servlet-9.3.24.v20180605.jar:/home/user/.m2/repository/org/eclipse/jetty/jetty-security/9.3.24.v20180605/jetty-security-9.3.24.v20180605.jar:/home/user/.m2/repository/javax/servlet/jsp/jsp-api/2.1/jsp-api-2.1.jar:/home/user/.m2/repository/com/sun/jersey/jersey-servlet/1.19/jersey-servlet-1.19.jar:/home/user/.m2/repository/com/sun/jersey/jersey-json/1.19/jersey-json-1.19.jar:/home/user/.m2/repository/org/codehaus/jettison/jettison/1.1/jettison-1.1.jar:/home/user/.m2/repository/org/codehaus/jackson/jackson-core-asl/1.9.13/jackson-core-asl-1.9.13.jar:/home/user/.m2/repository/org/codehaus/jackson/jackson-mapper-asl/1.9.13/jackson-mapper-asl-1.9.13.jar:/home/user/.m2/repository/org/codehaus/jackson/jackson-jaxrs/1.9.13/jackson-jaxrs-1.9.13.jar:/home/user/.m2/repository/org/codehaus/jackson/jackson-xc/1.9.13/jackson-xc-1.9.13.jar:/home/user/.m2/repository/commons-logging/commons-logging/1.1.3/commons-logging-1.1.3.jar:/home/user/.m2/repository/commons-beanutils/commons-beanutils/1.9.3/commons-beanutils-1.9.3.jar:/home/user/.m2/repository/org/apache/commons/commons-configuration2/2.1.1/commons-configuration2-2.1.1.jar:/home/user/.m2/repository/org/apache/commons/commons-lang3/3.7/commons-lang3-3.7.jar:/home/user/.m2/repository/org/apache/commons/commons-text/1.4/commons-text-1.4.jar:/home/user/.m2/repository/org/apache/avro/avro/1.7.7/avro-1.7.7.jar:/home/user/.m2/repository/com/thoughtworks/paranamer/paranamer/2.3/paranamer-2.3.jar:/home/user/.m2/repository/org/xerial/snappy/snappy-java/1.0.5/snappy-java-1.0.5.jar:/home/user/.m2/repository/com/google/re2j/re2j/1.1/re2j-1.1.jar:/home/user/.m2/repository/com/google/code/gson/gson/2.2.4/gson-2.2.4.jar:/home/user/.m2/repository/com/jcraft/jsch/0.1.54/jsch-0.1.54.jar:/home/user/.m2/repository/org/apache/curator/curator-client/2.12.0/curator-client-2.12.0.jar:/home/user/.m2/repository/org/apache/curator/curator-recipes/2.12.0/curator-recipes-2.12.0.jar:/home/user/.m2/repository/com/google/code/findbugs/jsr305/3.0.0/jsr305-3.0.0.jar:/home/user/.m2/repository/org/apache/htrace/htrace-core4/4.1.0-incubating/htrace-core4-4.1.0-incubating.jar:/home/user/.m2/repository/org/apache/zookeeper/zookeeper/3.4.13/zookeeper-3.4.13.jar:/home/user/.m2/repository/org/apache/yetus/audience-annotations/0.5.0/audience-annotations-0.5.0.jar:/home/user/.m2/repository/org/codehaus/woodstox/stax2-api/3.1.4/stax2-api-3.1.4.jar:/home/user/.m2/repository/com/fasterxml/woodstox/woodstox-core/5.0.3/woodstox-core-5.0.3.jar:/home/user/.m2/repository/dnsjava/dnsjava/2.1.7/dnsjava-2.1.7.jar:/home/user/.m2/repository/org/apache/hadoop/hadoop-hdfs/3.2.0/hadoop-hdfs-3.2.0-tests.jar:/home/user/.m2/repository/org/eclipse/jetty/jetty-util-ajax/9.3.24.v20180605/jetty-util-ajax-9.3.24.v20180605.jar:/home/user/.m2/repository/commons-daemon/commons-daemon/1.0.13/commons-daemon-1.0.13.jar:/home/user/.m2/repository/io/netty/netty/3.10.5.Final/netty-3.10.5.Final.jar:/home/user/.m2/repository/io/netty/netty-all/4.0.52.Final/netty-all-4.0.52.Final.jar:/home/user/.m2/repository/org/fusesource/leveldbjni/leveldbjni-all/1.8/leveldbjni-all-1.8.jar:"/>
    <property name="java.vm.vendor" value="IcedTea"/>
    <property name="sun.arch.data.model" value="64"/>
    <property name="test.build.dir" value="/workdir/hadoop-ozone/integration-test/target/test-dir"/>
    <property name="test.cache.data" value=""/>
    <property name="java.vendor.url" value="https://icedtea.classpath.org"/>
    <property name="user.timezone" value=""/>
    <property name="java.vm.specification.version" value="1.8"/>
    <property name="os.name" value="Linux"/>
    <property name="test.build.data" value="/workdir/hadoop-ozone/integration-test/target/test-dir"/>
    <property name="user.country" value="US"/>
    <property name="sun.java.launcher" value="SUN_STANDARD"/>
    <property name="sun.boot.library.path" value="/usr/lib/jvm/java-1.8-openjdk/jre/lib/amd64"/>
    <property name="sun.java.command" value="/workdir/hadoop-ozone/integration-test/target/surefire/surefirebooter3680180546930189032.jar /workdir/hadoop-ozone/integration-test/target/surefire 2019-08-23T08-31-36_134-jvmRun1 surefire6022455425962873432tmp surefire_162858203974192537525tmp"/>
    <property name="test" value="!TestMiniChaosOzoneCluster"/>
    <property name="surefire.test.class.path" value="/workdir/hadoop-ozone/integration-test/target/test-classes:/workdir/hadoop-ozone/integration-test/target/classes:/home/user/.m2/repository/org/apache/hadoop/hadoop-ozone-common/0.5.0-SNAPSHOT/hadoop-ozone-common-0.5.0-SNAPSHOT.jar:/home/user/.m2/repository/org/apache/commons/commons-compress/1.4.1/commons-compress-1.4.1.jar:/home/user/.m2/repository/org/tukaani/xz/1.0/xz-1.0.jar:/home/user/.m2/repository/org/apache/hadoop/hadoop-common/3.2.0/hadoop-common-3.2.0.jar:/home/user/.m2/repository/org/apache/hadoop/hadoop-hdfs/3.2.0/hadoop-hdfs-3.2.0.jar:/home/user/.m2/repository/org/apache/hadoop/hadoop-hdfs-client/3.2.0/hadoop-hdfs-client-3.2.0.jar:/home/user/.m2/repository/com/fasterxml/jackson/core/jackson-annotations/2.9.5/jackson-annotations-2.9.5.jar:/home/user/.m2/repository/org/apache/hadoop/hadoop-hdds-common/0.5.0-SNAPSHOT/hadoop-hdds-common-0.5.0-SNAPSHOT.jar:/home/user/.m2/repository/javax/annotation/javax.annotation-api/1.2/javax.annotation-api-1.2.jar:/home/user/.m2/repository/org/apache/ratis/ratis-server/0.4.0-2337318-SNAPSHOT/ratis-server-0.4.0-2337318-SNAPSHOT.jar:/home/user/.m2/repository/org/apache/ratis/ratis-thirdparty-misc/0.2.0/ratis-thirdparty-misc-0.2.0.jar:/home/user/.m2/repository/org/apache/ratis/ratis-proto/0.4.0-2337318-SNAPSHOT/ratis-proto-0.4.0-2337318-SNAPSHOT.jar:/home/user/.m2/repository/org/apache/ratis/ratis-common/0.4.0-2337318-SNAPSHOT/ratis-common-0.4.0-2337318-SNAPSHOT.jar:/home/user/.m2/repository/org/apache/ratis/ratis-client/0.4.0-2337318-SNAPSHOT/ratis-client-0.4.0-2337318-SNAPSHOT.jar:/home/user/.m2/repository/org/apache/ratis/ratis-metrics/0.4.0-2337318-SNAPSHOT/ratis-metrics-0.4.0-2337318-SNAPSHOT.jar:/home/user/.m2/repository/org/apache/ratis/ratis-netty/0.4.0-2337318-SNAPSHOT/ratis-netty-0.4.0-2337318-SNAPSHOT.jar:/home/user/.m2/repository/org/apache/ratis/ratis-grpc/0.4.0-2337318-SNAPSHOT/ratis-grpc-0.4.0-2337318-SNAPSHOT.jar:/home/user/.m2/repository/org/rocksdb/rocksdbjni/6.0.1/rocksdbjni-6.0.1.jar:/home/user/.m2/repository/org/apache/logging/log4j/log4j-api/2.11.0/log4j-api-2.11.0.jar:/home/user/.m2/repository/org/apache/logging/log4j/log4j-core/2.11.0/log4j-core-2.11.0.jar:/home/user/.m2/repository/com/lmax/disruptor/3.4.2/disruptor-3.4.2.jar:/home/user/.m2/repository/org/apache/commons/commons-pool2/2.6.0/commons-pool2-2.6.0.jar:/home/user/.m2/repository/org/bouncycastle/bcpkix-jdk15on/1.60/bcpkix-jdk15on-1.60.jar:/home/user/.m2/repository/commons-validator/commons-validator/1.6/commons-validator-1.6.jar:/home/user/.m2/repository/commons-digester/commons-digester/1.8.1/commons-digester-1.8.1.jar:/home/user/.m2/repository/io/jaegertracing/jaeger-client/0.33.1/jaeger-client-0.33.1.jar:/home/user/.m2/repository/io/jaegertracing/jaeger-thrift/0.33.1/jaeger-thrift-0.33.1.jar:/home/user/.m2/repository/org/apache/thrift/libthrift/0.11.0/libthrift-0.11.0.jar:/home/user/.m2/repository/com/squareup/okhttp3/okhttp/3.9.0/okhttp-3.9.0.jar:/home/user/.m2/repository/com/squareup/okio/okio/1.13.0/okio-1.13.0.jar:/home/user/.m2/repository/io/jaegertracing/jaeger-core/0.33.1/jaeger-core-0.33.1.jar:/home/user/.m2/repository/io/jaegertracing/jaeger-tracerresolver/0.33.1/jaeger-tracerresolver-0.33.1.jar:/home/user/.m2/repository/io/opentracing/contrib/opentracing-tracerresolver/0.1.5/opentracing-tracerresolver-0.1.5.jar:/home/user/.m2/repository/io/opentracing/opentracing-util/0.31.0/opentracing-util-0.31.0.jar:/home/user/.m2/repository/io/opentracing/opentracing-api/0.31.0/opentracing-api-0.31.0.jar:/home/user/.m2/repository/io/opentracing/opentracing-noop/0.31.0/opentracing-noop-0.31.0.jar:/home/user/.m2/repository/org/apache/hadoop/hadoop-hdds-server-framework/0.5.0-SNAPSHOT/hadoop-hdds-server-framework-0.5.0-SNAPSHOT.jar:/home/user/.m2/repository/org/apache/hadoop/hadoop-hdds-container-service/0.5.0-SNAPSHOT/hadoop-hdds-container-service-0.5.0-SNAPSHOT.jar:/home/user/.m2/repository/org/apache/hadoop/hadoop-hdds-client/0.5.0-SNAPSHOT/hadoop-hdds-client-0.5.0-SNAPSHOT.jar:/home/user/.m2/repository/org/apache/hadoop/hadoop-hdds-tools/0.5.0-SNAPSHOT/hadoop-hdds-tools-0.5.0-SNAPSHOT.jar:/home/user/.m2/repository/org/apache/hadoop/hadoop-hdds-server-scm/0.5.0-SNAPSHOT/hadoop-hdds-server-scm-0.5.0-SNAPSHOT.jar:/home/user/.m2/repository/org/apache/hadoop/hadoop-hdds-docs/0.5.0-SNAPSHOT/hadoop-hdds-docs-0.5.0-SNAPSHOT.jar:/home/user/.m2/repository/io/dropwizard/metrics/metrics-core/3.2.4/metrics-core-3.2.4.jar:/home/user/.m2/repository/org/hamcrest/hamcrest-all/1.3/hamcrest-all-1.3.jar:/home/user/.m2/repository/org/bouncycastle/bcprov-jdk15on/1.60/bcprov-jdk15on-1.60.jar:/home/user/.m2/repository/info/picocli/picocli/3.9.6/picocli-3.9.6.jar:/home/user/.m2/repository/com/google/protobuf/protobuf-java/2.5.0/protobuf-java-2.5.0.jar:/home/user/.m2/repository/com/google/guava/guava/11.0.2/guava-11.0.2.jar:/home/user/.m2/repository/org/apache/hadoop/hadoop-ozone-ozone-manager/0.5.0-SNAPSHOT/hadoop-ozone-ozone-manager-0.5.0-SNAPSHOT.jar:/home/user/.m2/repository/org/apache/hadoop/hadoop-minikdc/3.2.0/hadoop-minikdc-3.2.0.jar:/home/user/.m2/repository/commons-io/commons-io/2.5/commons-io-2.5.jar:/home/user/.m2/repository/org/apache/kerby/kerb-simplekdc/1.0.1/kerb-simplekdc-1.0.1.jar:/home/user/.m2/repository/org/apache/kerby/kerb-client/1.0.1/kerb-client-1.0.1.jar:/home/user/.m2/repository/org/apache/kerby/kerby-config/1.0.1/kerby-config-1.0.1.jar:/home/user/.m2/repository/org/apache/kerby/kerb-core/1.0.1/kerb-core-1.0.1.jar:/home/user/.m2/repository/org/apache/kerby/kerby-pkix/1.0.1/kerby-pkix-1.0.1.jar:/home/user/.m2/repository/org/apache/kerby/kerby-asn1/1.0.1/kerby-asn1-1.0.1.jar:/home/user/.m2/repository/org/apache/kerby/kerby-util/1.0.1/kerby-util-1.0.1.jar:/home/user/.m2/repository/org/apache/kerby/kerb-common/1.0.1/kerb-common-1.0.1.jar:/home/user/.m2/repository/org/apache/kerby/kerb-crypto/1.0.1/kerb-crypto-1.0.1.jar:/home/user/.m2/repository/org/apache/kerby/kerb-util/1.0.1/kerb-util-1.0.1.jar:/home/user/.m2/repository/org/apache/kerby/token-provider/1.0.1/token-provider-1.0.1.jar:/home/user/.m2/repository/org/apache/kerby/kerb-admin/1.0.1/kerb-admin-1.0.1.jar:/home/user/.m2/repository/org/apache/kerby/kerb-server/1.0.1/kerb-server-1.0.1.jar:/home/user/.m2/repository/org/apache/kerby/kerb-identity/1.0.1/kerb-identity-1.0.1.jar:/home/user/.m2/repository/org/apache/kerby/kerby-xdr/1.0.1/kerby-xdr-1.0.1.jar:/home/user/.m2/repository/org/slf4j/slf4j-log4j12/1.7.25/slf4j-log4j12-1.7.25.jar:/home/user/.m2/repository/org/apache/hadoop/hadoop-ozone-objectstore-service/0.5.0-SNAPSHOT/hadoop-ozone-objectstore-service-0.5.0-SNAPSHOT.jar:/home/user/.m2/repository/org/apache/hadoop/hadoop-ozone-s3gateway/0.5.0-SNAPSHOT/hadoop-ozone-s3gateway-0.5.0-SNAPSHOT.jar:/home/user/.m2/repository/org/jboss/weld/servlet/weld-servlet/2.4.7.Final/weld-servlet-2.4.7.Final.jar:/home/user/.m2/repository/org/glassfish/jersey/containers/jersey-container-servlet-core/2.27/jersey-container-servlet-core-2.27.jar:/home/user/.m2/repository/org/glassfish/hk2/external/javax.inject/2.5.0-b42/javax.inject-2.5.0-b42.jar:/home/user/.m2/repository/org/glassfish/jersey/core/jersey-common/2.27/jersey-common-2.27.jar:/home/user/.m2/repository/org/glassfish/hk2/osgi-resource-locator/1.0.1/osgi-resource-locator-1.0.1.jar:/home/user/.m2/repository/javax/ws/rs/javax.ws.rs-api/2.1/javax.ws.rs-api-2.1.jar:/home/user/.m2/repository/org/glassfish/jersey/ext/cdi/jersey-cdi1x/2.27/jersey-cdi1x-2.27.jar:/home/user/.m2/repository/org/glassfish/jersey/inject/jersey-hk2/2.27/jersey-hk2-2.27.jar:/home/user/.m2/repository/org/glassfish/hk2/hk2-locator/2.5.0-b42/hk2-locator-2.5.0-b42.jar:/home/user/.m2/repository/org/javassist/javassist/3.22.0-CR2/javassist-3.22.0-CR2.jar:/home/user/.m2/repository/org/glassfish/hk2/hk2-api/2.5.0/hk2-api-2.5.0.jar:/home/user/.m2/repository/org/glassfish/hk2/external/jakarta.inject/2.5.0/jakarta.inject-2.5.0.jar:/home/user/.m2/repository/org/glassfish/hk2/hk2-utils/2.5.0/hk2-utils-2.5.0.jar:/home/user/.m2/repository/jakarta/annotation/jakarta.annotation-api/1.3.4/jakarta.annotation-api-1.3.4.jar:/home/user/.m2/repository/org/glassfish/hk2/external/aopalliance-repackaged/2.5.0/aopalliance-repackaged-2.5.0.jar:/home/user/.m2/repository/com/fasterxml/jackson/dataformat/jackson-dataformat-xml/2.9.0/jackson-dataformat-xml-2.9.0.jar:/home/user/.m2/repository/com/fasterxml/jackson/core/jackson-core/2.9.5/jackson-core-2.9.5.jar:/home/user/.m2/repository/com/fasterxml/jackson/module/jackson-module-jaxb-annotations/2.9.5/jackson-module-jaxb-annotations-2.9.5.jar:/home/user/.m2/repository/javax/enterprise/cdi-api/1.2/cdi-api-1.2.jar:/home/user/.m2/repository/javax/el/javax.el-api/3.0.0/javax.el-api-3.0.0.jar:/home/user/.m2/repository/javax/interceptor/javax.interceptor-api/1.2/javax.interceptor-api-1.2.jar:/home/user/.m2/repository/javax/inject/javax.inject/1/javax.inject-1.jar:/home/user/.m2/repository/com/sun/xml/bind/jaxb-impl/2.3.0.1/jaxb-impl-2.3.0.1.jar:/home/user/.m2/repository/com/sun/xml/bind/jaxb-core/2.3.0.1/jaxb-core-2.3.0.1.jar:/home/user/.m2/repository/javax/xml/bind/jaxb-api/2.3.0/jaxb-api-2.3.0.jar:/home/user/.m2/repository/javax/activation/activation/1.1.1/activation-1.1.1.jar:/home/user/.m2/repository/org/apache/hadoop/hadoop-ozone-csi/0.5.0-SNAPSHOT/hadoop-ozone-csi-0.5.0-SNAPSHOT.jar:/home/user/.m2/repository/com/google/protobuf/protobuf-java-util/3.5.1/protobuf-java-util-3.5.1.jar:/home/user/.m2/repository/org/apache/hadoop/hadoop-hdds-config/0.5.0-SNAPSHOT/hadoop-hdds-config-0.5.0-SNAPSHOT.jar:/home/user/.m2/repository/io/grpc/grpc-netty/1.17.1/grpc-netty-1.17.1.jar:/home/user/.m2/repository/io/grpc/grpc-core/1.17.1/grpc-core-1.17.1.jar:/home/user/.m2/repository/io/grpc/grpc-context/1.17.1/grpc-context-1.17.1.jar:/home/user/.m2/repository/com/google/errorprone/error_prone_annotations/2.2.0/error_prone_annotations-2.2.0.jar:/home/user/.m2/repository/org/codehaus/mojo/animal-sniffer-annotations/1.17/animal-sniffer-annotations-1.17.jar:/home/user/.m2/repository/io/opencensus/opencensus-api/0.17.0/opencensus-api-0.17.0.jar:/home/user/.m2/repository/io/opencensus/opencensus-contrib-grpc-metrics/0.17.0/opencensus-contrib-grpc-metrics-0.17.0.jar:/home/user/.m2/repository/io/netty/netty-codec-http2/4.1.30.Final/netty-codec-http2-4.1.30.Final.jar:/home/user/.m2/repository/io/netty/netty-codec-http/4.1.30.Final/netty-codec-http-4.1.30.Final.jar:/home/user/.m2/repository/io/netty/netty-codec/4.1.30.Final/netty-codec-4.1.30.Final.jar:/home/user/.m2/repository/io/netty/netty-handler/4.1.30.Final/netty-handler-4.1.30.Final.jar:/home/user/.m2/repository/io/netty/netty-handler-proxy/4.1.30.Final/netty-handler-proxy-4.1.30.Final.jar:/home/user/.m2/repository/io/netty/netty-codec-socks/4.1.30.Final/netty-codec-socks-4.1.30.Final.jar:/home/user/.m2/repository/io/netty/netty-transport-native-epoll/4.1.30.Final/netty-transport-native-epoll-4.1.30.Final.jar:/home/user/.m2/repository/io/netty/netty-common/4.1.30.Final/netty-common-4.1.30.Final.jar:/home/user/.m2/repository/io/netty/netty-buffer/4.1.30.Final/netty-buffer-4.1.30.Final.jar:/home/user/.m2/repository/io/netty/netty-transport/4.1.30.Final/netty-transport-4.1.30.Final.jar:/home/user/.m2/repository/io/netty/netty-resolver/4.1.30.Final/netty-resolver-4.1.30.Final.jar:/home/user/.m2/repository/io/netty/netty-transport-native-unix-common/4.1.30.Final/netty-transport-native-unix-common-4.1.30.Final.jar:/home/user/.m2/repository/io/grpc/grpc-protobuf/1.17.1/grpc-protobuf-1.17.1.jar:/home/user/.m2/repository/com/google/api/grpc/proto-google-common-protos/1.0.0/proto-google-common-protos-1.0.0.jar:/home/user/.m2/repository/io/grpc/grpc-protobuf-lite/1.17.1/grpc-protobuf-lite-1.17.1.jar:/home/user/.m2/repository/io/grpc/grpc-stub/1.17.1/grpc-stub-1.17.1.jar:/home/user/.m2/repository/org/apache/hadoop/hadoop-ozone-recon/0.5.0-SNAPSHOT/hadoop-ozone-recon-0.5.0-SNAPSHOT.jar:/home/user/.m2/repository/org/apache/hadoop/hadoop-ozone-reconcodegen/0.5.0-SNAPSHOT/hadoop-ozone-reconcodegen-0.5.0-SNAPSHOT.jar:/home/user/.m2/repository/com/google/inject/extensions/guice-multibindings/4.0/guice-multibindings-4.0.jar:/home/user/.m2/repository/com/google/inject/guice/4.0/guice-4.0.jar:/home/user/.m2/repository/aopalliance/aopalliance/1.0/aopalliance-1.0.jar:/home/user/.m2/repository/com/google/inject/extensions/guice-servlet/4.0/guice-servlet-4.0.jar:/home/user/.m2/repository/org/glassfish/jersey/containers/jersey-container-servlet/2.27/jersey-container-servlet-2.27.jar:/home/user/.m2/repository/org/glassfish/hk2/guice-bridge/2.5.0/guice-bridge-2.5.0.jar:/home/user/.m2/repository/org/glassfish/jersey/core/jersey-server/2.27/jersey-server-2.27.jar:/home/user/.m2/repository/org/glassfish/jersey/core/jersey-client/2.27/jersey-client-2.27.jar:/home/user/.m2/repository/org/glassfish/jersey/media/jersey-media-jaxb/2.27/jersey-media-jaxb-2.27.jar:/home/user/.m2/repository/javax/validation/validation-api/1.1.0.Final/validation-api-1.1.0.Final.jar:/home/user/.m2/repository/org/glassfish/jersey/media/jersey-media-json-jackson/2.27/jersey-media-json-jackson-2.27.jar:/home/user/.m2/repository/org/glassfish/jersey/ext/jersey-entity-filtering/2.27/jersey-entity-filtering-2.27.jar:/home/user/.m2/repository/com/google/inject/extensions/guice-assistedinject/4.0/guice-assistedinject-4.0.jar:/home/user/.m2/repository/org/jooq/jooq/3.11.10/jooq-3.11.10.jar:/home/user/.m2/repository/org/jooq/jooq-meta/3.11.10/jooq-meta-3.11.10.jar:/home/user/.m2/repository/org/jooq/jooq-codegen/3.11.10/jooq-codegen-3.11.10.jar:/home/user/.m2/repository/com/jolbox/bonecp/0.8.0.RELEASE/bonecp-0.8.0.RELEASE.jar:/home/user/.m2/repository/org/xerial/sqlite-jdbc/3.25.2/sqlite-jdbc-3.25.2.jar:/home/user/.m2/repository/org/springframework/spring-jdbc/5.1.3.RELEASE/spring-jdbc-5.1.3.RELEASE.jar:/home/user/.m2/repository/org/springframework/spring-beans/5.1.3.RELEASE/spring-beans-5.1.3.RELEASE.jar:/home/user/.m2/repository/org/springframework/spring-core/5.1.3.RELEASE/spring-core-5.1.3.RELEASE.jar:/home/user/.m2/repository/org/springframework/spring-jcl/5.1.3.RELEASE/spring-jcl-5.1.3.RELEASE.jar:/home/user/.m2/repository/org/springframework/spring-tx/5.1.3.RELEASE/spring-tx-5.1.3.RELEASE.jar:/home/user/.m2/repository/org/apache/hadoop/hadoop-ozone-client/0.5.0-SNAPSHOT/hadoop-ozone-client-0.5.0-SNAPSHOT.jar:/home/user/.m2/repository/commons-lang/commons-lang/2.6/commons-lang-2.6.jar:/home/user/.m2/repository/org/apache/hadoop/hadoop-ozone-ozone-manager/0.5.0-SNAPSHOT/hadoop-ozone-ozone-manager-0.5.0-SNAPSHOT-tests.jar:/home/user/.m2/repository/junit/junit/4.11/junit-4.11.jar:/home/user/.m2/repository/org/hamcrest/hamcrest-core/1.3/hamcrest-core-1.3.jar:/home/user/.m2/repository/org/openjdk/jmh/jmh-core/1.19/jmh-core-1.19.jar:/home/user/.m2/repository/net/sf/jopt-simple/jopt-simple/4.6/jopt-simple-4.6.jar:/home/user/.m2/repository/org/apache/commons/commons-math3/3.1.1/commons-math3-3.1.1.jar:/home/user/.m2/repository/org/openjdk/jmh/jmh-generator-annprocess/1.19/jmh-generator-annprocess-1.19.jar:/home/user/.m2/repository/org/mockito/mockito-all/1.8.5/mockito-all-1.8.5.jar:/home/user/.m2/repository/org/apache/hadoop/hadoop-kms/3.2.0/hadoop-kms-3.2.0.jar:/home/user/.m2/repository/org/apache/hadoop/hadoop-auth/3.2.0/hadoop-auth-3.2.0.jar:/home/user/.m2/repository/com/nimbusds/nimbus-jose-jwt/4.41.1/nimbus-jose-jwt-4.41.1.jar:/home/user/.m2/repository/com/github/stephenc/jcip/jcip-annotations/1.0-1/jcip-annotations-1.0-1.jar:/home/user/.m2/repository/net/minidev/json-smart/2.3/json-smart-2.3.jar:/home/user/.m2/repository/net/minidev/accessors-smart/1.2/accessors-smart-1.2.jar:/home/user/.m2/repository/org/ow2/asm/asm/5.0.4/asm-5.0.4.jar:/home/user/.m2/repository/org/apache/curator/curator-framework/2.12.0/curator-framework-2.12.0.jar:/home/user/.m2/repository/com/sun/jersey/jersey-core/1.19/jersey-core-1.19.jar:/home/user/.m2/repository/javax/ws/rs/jsr311-api/1.1.1/jsr311-api-1.1.1.jar:/home/user/.m2/repository/com/sun/jersey/jersey-server/1.19/jersey-server-1.19.jar:/home/user/.m2/repository/javax/servlet/javax.servlet-api/3.1.0/javax.servlet-api-3.1.0.jar:/home/user/.m2/repository/org/eclipse/jetty/jetty-server/9.3.24.v20180605/jetty-server-9.3.24.v20180605.jar:/home/user/.m2/repository/org/eclipse/jetty/jetty-http/9.3.24.v20180605/jetty-http-9.3.24.v20180605.jar:/home/user/.m2/repository/org/eclipse/jetty/jetty-io/9.3.24.v20180605/jetty-io-9.3.24.v20180605.jar:/home/user/.m2/repository/org/eclipse/jetty/jetty-webapp/9.3.24.v20180605/jetty-webapp-9.3.24.v20180605.jar:/home/user/.m2/repository/org/eclipse/jetty/jetty-xml/9.3.24.v20180605/jetty-xml-9.3.24.v20180605.jar:/home/user/.m2/repository/log4j/log4j/1.2.17/log4j-1.2.17.jar:/home/user/.m2/repository/org/slf4j/slf4j-api/1.7.25/slf4j-api-1.7.25.jar:/home/user/.m2/repository/org/slf4j/jul-to-slf4j/1.7.25/jul-to-slf4j-1.7.25.jar:/home/user/.m2/repository/org/eclipse/jetty/jetty-util/9.3.24.v20180605/jetty-util-9.3.24.v20180605.jar:/home/user/.m2/repository/com/fasterxml/jackson/core/jackson-databind/2.9.5/jackson-databind-2.9.5.jar:/home/user/.m2/repository/org/apache/hadoop/hadoop-kms/3.2.0/hadoop-kms-3.2.0-tests.jar:/home/user/.m2/repository/org/apache/hadoop/hadoop-hdds-server-scm/0.5.0-SNAPSHOT/hadoop-hdds-server-scm-0.5.0-SNAPSHOT-tests.jar:/home/user/.m2/repository/org/apache/hadoop/hadoop-hdds-container-service/0.5.0-SNAPSHOT/hadoop-hdds-container-service-0.5.0-SNAPSHOT-tests.jar:/home/user/.m2/repository/org/yaml/snakeyaml/1.16/snakeyaml-1.16.jar:/home/user/.m2/repository/org/apache/hadoop/hadoop-common/3.2.0/hadoop-common-3.2.0-tests.jar:/home/user/.m2/repository/org/apache/hadoop/hadoop-annotations/3.2.0/hadoop-annotations-3.2.0.jar:/usr/lib/jvm/java-1.8-openjdk/jre/../lib/tools.jar:/home/user/.m2/repository/commons-cli/commons-cli/1.2/commons-cli-1.2.jar:/home/user/.m2/repository/org/apache/httpcomponents/httpclient/4.5.2/httpclient-4.5.2.jar:/home/user/.m2/repository/org/apache/httpcomponents/httpcore/4.4.4/httpcore-4.4.4.jar:/home/user/.m2/repository/commons-codec/commons-codec/1.11/commons-codec-1.11.jar:/home/user/.m2/repository/commons-net/commons-net/3.6/commons-net-3.6.jar:/home/user/.m2/repository/commons-collections/commons-collections/3.2.2/commons-collections-3.2.2.jar:/home/user/.m2/repository/org/eclipse/jetty/jetty-servlet/9.3.24.v20180605/jetty-servlet-9.3.24.v20180605.jar:/home/user/.m2/repository/org/eclipse/jetty/jetty-security/9.3.24.v20180605/jetty-security-9.3.24.v20180605.jar:/home/user/.m2/repository/javax/servlet/jsp/jsp-api/2.1/jsp-api-2.1.jar:/home/user/.m2/repository/com/sun/jersey/jersey-servlet/1.19/jersey-servlet-1.19.jar:/home/user/.m2/repository/com/sun/jersey/jersey-json/1.19/jersey-json-1.19.jar:/home/user/.m2/repository/org/codehaus/jettison/jettison/1.1/jettison-1.1.jar:/home/user/.m2/repository/org/codehaus/jackson/jackson-core-asl/1.9.13/jackson-core-asl-1.9.13.jar:/home/user/.m2/repository/org/codehaus/jackson/jackson-mapper-asl/1.9.13/jackson-mapper-asl-1.9.13.jar:/home/user/.m2/repository/org/codehaus/jackson/jackson-jaxrs/1.9.13/jackson-jaxrs-1.9.13.jar:/home/user/.m2/repository/org/codehaus/jackson/jackson-xc/1.9.13/jackson-xc-1.9.13.jar:/home/user/.m2/repository/commons-logging/commons-logging/1.1.3/commons-logging-1.1.3.jar:/home/user/.m2/repository/commons-beanutils/commons-beanutils/1.9.3/commons-beanutils-1.9.3.jar:/home/user/.m2/repository/org/apache/commons/commons-configuration2/2.1.1/commons-configuration2-2.1.1.jar:/home/user/.m2/repository/org/apache/commons/commons-lang3/3.7/commons-lang3-3.7.jar:/home/user/.m2/repository/org/apache/commons/commons-text/1.4/commons-text-1.4.jar:/home/user/.m2/repository/org/apache/avro/avro/1.7.7/avro-1.7.7.jar:/home/user/.m2/repository/com/thoughtworks/paranamer/paranamer/2.3/paranamer-2.3.jar:/home/user/.m2/repository/org/xerial/snappy/snappy-java/1.0.5/snappy-java-1.0.5.jar:/home/user/.m2/repository/com/google/re2j/re2j/1.1/re2j-1.1.jar:/home/user/.m2/repository/com/google/code/gson/gson/2.2.4/gson-2.2.4.jar:/home/user/.m2/repository/com/jcraft/jsch/0.1.54/jsch-0.1.54.jar:/home/user/.m2/repository/org/apache/curator/curator-client/2.12.0/curator-client-2.12.0.jar:/home/user/.m2/repository/org/apache/curator/curator-recipes/2.12.0/curator-recipes-2.12.0.jar:/home/user/.m2/repository/com/google/code/findbugs/jsr305/3.0.0/jsr305-3.0.0.jar:/home/user/.m2/repository/org/apache/htrace/htrace-core4/4.1.0-incubating/htrace-core4-4.1.0-incubating.jar:/home/user/.m2/repository/org/apache/zookeeper/zookeeper/3.4.13/zookeeper-3.4.13.jar:/home/user/.m2/repository/org/apache/yetus/audience-annotations/0.5.0/audience-annotations-0.5.0.jar:/home/user/.m2/repository/org/codehaus/woodstox/stax2-api/3.1.4/stax2-api-3.1.4.jar:/home/user/.m2/repository/com/fasterxml/woodstox/woodstox-core/5.0.3/woodstox-core-5.0.3.jar:/home/user/.m2/repository/dnsjava/dnsjava/2.1.7/dnsjava-2.1.7.jar:/home/user/.m2/repository/org/apache/hadoop/hadoop-hdfs/3.2.0/hadoop-hdfs-3.2.0-tests.jar:/home/user/.m2/repository/org/eclipse/jetty/jetty-util-ajax/9.3.24.v20180605/jetty-util-ajax-9.3.24.v20180605.jar:/home/user/.m2/repository/commons-daemon/commons-daemon/1.0.13/commons-daemon-1.0.13.jar:/home/user/.m2/repository/io/netty/netty/3.10.5.Final/netty-3.10.5.Final.jar:/home/user/.m2/repository/io/netty/netty-all/4.0.52.Final/netty-all-4.0.52.Final.jar:/home/user/.m2/repository/org/fusesource/leveldbjni/leveldbjni-all/1.8/leveldbjni-all-1.8.jar:"/>
    <property name="sun.cpu.endian" value="little"/>
    <property name="user.home" value="/home/user"/>
    <property name="user.language" value="en"/>
    <property name="java.specification.vendor" value="Oracle Corporation"/>
    <property name="java.home" value="/usr/lib/jvm/java-1.8-openjdk/jre"/>
    <property name="java.security.krb5.conf" value="/workdir/hadoop-ozone/integration-test/target/test-classes/krb5.conf"/>
    <property name="basedir" value="/workdir/hadoop-ozone/integration-test"/>
    <property name="file.separator" value="/"/>
    <property name="line.separator" value="&#10;"/>
    <property name="java.vm.specification.vendor" value="Oracle Corporation"/>
    <property name="java.specification.name" value="Java Platform API Specification"/>
    <property name="java.awt.graphicsenv" value="sun.awt.X11GraphicsEnvironment"/>
    <property name="surefire.real.class.path" value="/workdir/hadoop-ozone/integration-test/target/surefire/surefirebooter3680180546930189032.jar"/>
    <property name="hadoop.log.dir" value="/workdir/hadoop-ozone/integration-test/target/log"/>
    <property name="sun.boot.class.path" value="/usr/lib/jvm/java-1.8-openjdk/jre/lib/resources.jar:/usr/lib/jvm/java-1.8-openjdk/jre/lib/rt.jar:/usr/lib/jvm/java-1.8-openjdk/jre/lib/sunrsasign.jar:/usr/lib/jvm/java-1.8-openjdk/jre/lib/jsse.jar:/usr/lib/jvm/java-1.8-openjdk/jre/lib/jce.jar:/usr/lib/jvm/java-1.8-openjdk/jre/lib/charsets.jar:/usr/lib/jvm/java-1.8-openjdk/jre/lib/jfr.jar:/usr/lib/jvm/java-1.8-openjdk/jre/classes"/>
    <property name="sun.management.compiler" value="HotSpot 64-Bit Tiered Compilers"/>
    <property name="java.runtime.version" value="1.8.0_212-b04"/>
    <property name="java.net.preferIPv4Stack" value="true"/>
    <property name="user.name" value="jenkins1000"/>
    <property name="path.separator" value=":"/>
    <property name="java.security.egd" value="file:///dev/urandom"/>
    <property name="os.version" value="3.10.0-957.12.2.el7.x86_64"/>
    <property name="java.endorsed.dirs" value="/usr/lib/jvm/java-1.8-openjdk/jre/lib/endorsed"/>
    <property name="java.runtime.name" value="OpenJDK Runtime Environment"/>
    <property name="file.encoding" value="UTF-8"/>
    <property name="java.vm.name" value="OpenJDK 64-Bit Server VM"/>
    <property name="test.build.webapps" value=""/>
    <property name="localRepository" value="/home/user/.m2/repository"/>
    <property name="java.vendor.url.bug" value="https://icedtea.classpath.org/bugzilla"/>
    <property name="java.io.tmpdir" value="/tmp"/>
    <property name="require.test.libhadoop" value=""/>
    <property name="java.version" value="1.8.0_212"/>
    <property name="user.dir" value="/workdir/hadoop-ozone/integration-test"/>
    <property name="os.arch" value="amd64"/>
    <property name="java.vm.specification.name" value="Java Virtual Machine Specification"/>
    <property name="test.build.classes" value="/workdir/hadoop-ozone/integration-test/target/test-classes"/>
    <property name="java.awt.printerjob" value="sun.print.PSPrinterJob"/>
    <property name="sun.os.patch.level" value="unknown"/>
    <property name="hadoop.tmp.dir" value="/workdir/hadoop-ozone/integration-test/target/tmp"/>
    <property name="java.library.path" value="/usr/lib/jvm/java-1.8-openjdk/jre/lib/amd64/server:/usr/lib/jvm/java-1.8-openjdk/jre/lib/amd64:/usr/lib/jvm/java-1.8-openjdk/jre/../lib/amd64:/workdir/hadoop-ozone/integration-test/target/native/target/usr/local/lib:/workdir/hadoop-ozone/integration-test/../../hadoop-common-project/hadoop-common/target/native/target/usr/local/lib:/usr/java/packages/lib/amd64:/usr/lib64:/lib64:/lib:/usr/lib"/>
    <property name="java.vm.info" value="mixed mode"/>
    <property name="java.vendor" value="IcedTea"/>
    <property name="java.vm.version" value="25.212-b04"/>
    <property name="java.ext.dirs" value="/usr/lib/jvm/java-1.8-openjdk/jre/lib/ext:/usr/java/packages/lib/ext"/>
    <property name="sun.io.unicode.encoding" value="UnicodeLittle"/>
    <property name="java.class.version" value="52.0"/>
  </properties>
  <testcase name="test2DatanodesFailure" classname="org.apache.hadoop.ozone.client.rpc.TestBlockOutputStreamWithFailures" time="117.118"/>
  <testcase name="testDatanodeFailureWithPreAllocation" classname="org.apache.hadoop.ozone.client.rpc.TestBlockOutputStreamWithFailures" time="227.881"/>
  <testcase name="testDatanodeFailureWithSingleNodeRatis" classname="org.apache.hadoop.ozone.client.rpc.TestBlockOutputStreamWithFailures" time="225.865"/>
  <testcase name="testWatchForCommitWithSingleNodeRatis" classname="org.apache.hadoop.ozone.client.rpc.TestBlockOutputStreamWithFailures" time="39.222"/>
  <testcase name="testWatchForCommitDatanodeFailure" classname="org.apache.hadoop.ozone.client.rpc.TestBlockOutputStreamWithFailures" time="51.703">
    <failure message="expected:&lt;2&gt; but was:&lt;3&gt;" type="java.lang.AssertionError"><![CDATA[java.lang.AssertionError: expected:<2> but was:<3>
	at org.junit.Assert.fail(Assert.java:88)
	at org.junit.Assert.failNotEquals(Assert.java:743)
	at org.junit.Assert.assertEquals(Assert.java:118)
	at org.junit.Assert.assertEquals(Assert.java:555)
	at org.junit.Assert.assertEquals(Assert.java:542)
	at org.apache.hadoop.ozone.client.rpc.TestBlockOutputStreamWithFailures.testWatchForCommitDatanodeFailure(TestBlockOutputStreamWithFailures.java:366)
	at sun.reflect.NativeMethodAccessorImpl.invoke0(Native Method)
	at sun.reflect.NativeMethodAccessorImpl.invoke(NativeMethodAccessorImpl.java:62)
	at sun.reflect.DelegatingMethodAccessorImpl.invoke(DelegatingMethodAccessorImpl.java:43)
	at java.lang.reflect.Method.invoke(Method.java:498)
	at org.junit.runners.model.FrameworkMethod$1.runReflectiveCall(FrameworkMethod.java:47)
	at org.junit.internal.runners.model.ReflectiveCallable.run(ReflectiveCallable.java:12)
	at org.junit.runners.model.FrameworkMethod.invokeExplosively(FrameworkMethod.java:44)
	at org.junit.internal.runners.statements.InvokeMethod.evaluate(InvokeMethod.java:17)
	at org.junit.internal.runners.statements.RunBefores.evaluate(RunBefores.java:26)
	at org.junit.internal.runners.statements.RunAfters.evaluate(RunAfters.java:27)
	at org.junit.runners.ParentRunner.runLeaf(ParentRunner.java:271)
	at org.junit.runners.BlockJUnit4ClassRunner.runChild(BlockJUnit4ClassRunner.java:70)
	at org.junit.runners.BlockJUnit4ClassRunner.runChild(BlockJUnit4ClassRunner.java:50)
	at org.junit.runners.ParentRunner$3.run(ParentRunner.java:238)
	at org.junit.runners.ParentRunner$1.schedule(ParentRunner.java:63)
	at org.junit.runners.ParentRunner.runChildren(ParentRunner.java:236)
	at org.junit.runners.ParentRunner.access$000(ParentRunner.java:53)
	at org.junit.runners.ParentRunner$2.evaluate(ParentRunner.java:229)
	at org.junit.runners.ParentRunner.run(ParentRunner.java:309)
	at org.apache.maven.surefire.junit4.JUnit4Provider.execute(JUnit4Provider.java:365)
	at org.apache.maven.surefire.junit4.JUnit4Provider.executeWithRerun(JUnit4Provider.java:273)
	at org.apache.maven.surefire.junit4.JUnit4Provider.executeTestSet(JUnit4Provider.java:238)
	at org.apache.maven.surefire.junit4.JUnit4Provider.invoke(JUnit4Provider.java:159)
	at org.apache.maven.surefire.booter.ForkedBooter.invokeProviderInSameClassLoader(ForkedBooter.java:384)
	at org.apache.maven.surefire.booter.ForkedBooter.runSuitesInProcess(ForkedBooter.java:345)
	at org.apache.maven.surefire.booter.ForkedBooter.execute(ForkedBooter.java:126)
	at org.apache.maven.surefire.booter.ForkedBooter.main(ForkedBooter.java:418)
]]></failure>
    <system-out><![CDATA[2019-08-23 08:55:05,439 [main] WARN  server.ServerUtils (ServerUtils.java:getScmDbDir(145)) - ozone.scm.db.dirs is not configured. We recommend adding this setting. Falling back to ozone.metadata.dirs instead.
2019-08-23 08:55:05,894 [main] WARN  server.ServerUtils (ServerUtils.java:getScmDbDir(145)) - ozone.scm.db.dirs is not configured. We recommend adding this setting. Falling back to ozone.metadata.dirs instead.
2019-08-23 08:55:05,894 [main] WARN  server.ServerUtils (ServerUtils.java:getScmDbDir(145)) - ozone.scm.db.dirs is not configured. We recommend adding this setting. Falling back to ozone.metadata.dirs instead.
2019-08-23 08:55:05,895 [main] INFO  db.DBStoreBuilder (DBStoreBuilder.java:addTable(110)) - using custom profile for table: deletedBlocks
2019-08-23 08:55:05,895 [main] INFO  db.DBStoreBuilder (DBStoreBuilder.java:processTables(161)) - Using default column profile:DBProfile.DISK for Table:deletedBlocks
2019-08-23 08:55:05,895 [main] INFO  db.DBStoreBuilder (DBStoreBuilder.java:addTable(110)) - using custom profile for table: validCerts
2019-08-23 08:55:05,896 [main] INFO  db.DBStoreBuilder (DBStoreBuilder.java:processTables(161)) - Using default column profile:DBProfile.DISK for Table:validCerts
2019-08-23 08:55:05,896 [main] INFO  db.DBStoreBuilder (DBStoreBuilder.java:addTable(110)) - using custom profile for table: revokedCerts
2019-08-23 08:55:05,896 [main] INFO  db.DBStoreBuilder (DBStoreBuilder.java:processTables(161)) - Using default column profile:DBProfile.DISK for Table:revokedCerts
2019-08-23 08:55:05,896 [main] INFO  db.DBStoreBuilder (DBStoreBuilder.java:addTable(110)) - using custom profile for table: default
2019-08-23 08:55:05,897 [main] INFO  db.DBStoreBuilder (DBStoreBuilder.java:processTables(167)) - Using default column profile:DBProfile.DISK for Table:default
2019-08-23 08:55:05,897 [main] INFO  db.DBStoreBuilder (DBStoreBuilder.java:getDbProfile(198)) - Using default options. DBProfile.DISK
2019-08-23 08:55:09,446 [main] INFO  net.NodeSchemaLoader (NodeSchemaLoader.java:loadSchemaFromFile(125)) - Loading file from sun.misc.CompoundEnumeration@38320819
2019-08-23 08:55:09,446 [main] INFO  net.NodeSchemaLoader (NodeSchemaLoader.java:loadSchema(171)) - Loading network topology layer schema file
2019-08-23 08:55:09,454 [main] INFO  node.SCMNodeManager (SCMNodeManager.java:<init>(121)) - Entering startup safe mode.
2019-08-23 08:55:09,455 [main] INFO  algorithms.ContainerPlacementPolicyFactory (ContainerPlacementPolicyFactory.java:getPolicy(55)) - Create container placement policy of type org.apache.hadoop.hdds.scm.container.placement.algorithms.SCMContainerPlacementRandom
2019-08-23 08:55:09,456 [main] WARN  server.ServerUtils (ServerUtils.java:getScmDbDir(145)) - ozone.scm.db.dirs is not configured. We recommend adding this setting. Falling back to ozone.metadata.dirs instead.
2019-08-23 08:55:10,478 [main] INFO  pipeline.SCMPipelineManager (SCMPipelineManager.java:initializePipelineState(126)) - No pipeline exists in current db
2019-08-23 08:55:10,478 [main] WARN  server.ServerUtils (ServerUtils.java:getScmDbDir(145)) - ozone.scm.db.dirs is not configured. We recommend adding this setting. Falling back to ozone.metadata.dirs instead.
2019-08-23 08:55:11,379 [main] WARN  events.EventQueue (EventQueue.java:fireEvent(175)) - No event handler registered for event TypedEvent{payloadType=SafeModeStatus, name='SafeModeStatus'}
2019-08-23 08:55:11,380 [main] INFO  ipc.CallQueueManager (CallQueueManager.java:<init>(84)) - Using callQueue: class java.util.concurrent.LinkedBlockingQueue, queueCapacity: 2000, scheduler: class org.apache.hadoop.ipc.DefaultRpcScheduler, ipcBackoff: false.
2019-08-23 08:55:11,382 [Socket Reader #1 for port 40511] INFO  ipc.Server (Server.java:run(1074)) - Starting Socket Reader #1 for port 40511
2019-08-23 08:55:11,383 [main] INFO  ipc.CallQueueManager (CallQueueManager.java:<init>(84)) - Using callQueue: class java.util.concurrent.LinkedBlockingQueue, queueCapacity: 2000, scheduler: class org.apache.hadoop.ipc.DefaultRpcScheduler, ipcBackoff: false.
2019-08-23 08:55:11,384 [Socket Reader #1 for port 38033] INFO  ipc.Server (Server.java:run(1074)) - Starting Socket Reader #1 for port 38033
2019-08-23 08:55:11,386 [main] INFO  ipc.CallQueueManager (CallQueueManager.java:<init>(84)) - Using callQueue: class java.util.concurrent.LinkedBlockingQueue, queueCapacity: 2000, scheduler: class org.apache.hadoop.ipc.DefaultRpcScheduler, ipcBackoff: false.
2019-08-23 08:55:11,386 [Socket Reader #1 for port 44691] INFO  ipc.Server (Server.java:run(1074)) - Starting Socket Reader #1 for port 44691
2019-08-23 08:55:11,395 [main] INFO  hdfs.DFSUtil (DFSUtil.java:httpServerTemplateForNNAndJN(1641)) - Starting Web-server for scm at: http://0.0.0.0:0
2019-08-23 08:55:11,399 [main] INFO  server.AuthenticationFilter (AuthenticationFilter.java:constructSecretProvider(240)) - Unable to initialize FileSignerSecretProvider, falling back to use random secrets.
2019-08-23 08:55:11,400 [main] WARN  http.HttpRequestLog (HttpRequestLog.java:getRequestLog(97)) - Jetty request log can only be enabled using Log4j
2019-08-23 08:55:11,402 [main] INFO  http.HttpServer2 (HttpServer2.java:addGlobalFilter(975)) - Added global filter 'safety' (class=org.apache.hadoop.http.HttpServer2$QuotingInputFilter)
2019-08-23 08:55:11,403 [main] INFO  http.HttpServer2 (HttpServer2.java:addFilter(948)) - Added filter static_user_filter (class=org.apache.hadoop.http.lib.StaticUserWebFilter$StaticUserFilter) to context scm
2019-08-23 08:55:11,403 [main] INFO  http.HttpServer2 (HttpServer2.java:addFilter(958)) - Added filter static_user_filter (class=org.apache.hadoop.http.lib.StaticUserWebFilter$StaticUserFilter) to context logs
2019-08-23 08:55:11,403 [main] INFO  http.HttpServer2 (HttpServer2.java:addFilter(958)) - Added filter static_user_filter (class=org.apache.hadoop.http.lib.StaticUserWebFilter$StaticUserFilter) to context static
2019-08-23 08:55:11,406 [main] INFO  server.StorageContainerManager (StorageContainerManager.java:start(759)) - StorageContainerLocationProtocol RPC server is listening at /0.0.0.0:44691
2019-08-23 08:55:11,411 [main] WARN  impl.MetricsConfig (MetricsConfig.java:loadFirst(134)) - Cannot locate configuration: tried hadoop-metrics2-storagecontainermanager.properties,hadoop-metrics2.properties
2019-08-23 08:55:11,412 [main] INFO  impl.MetricsSystemImpl (MetricsSystemImpl.java:startTimer(374)) - Scheduled Metric snapshot period at 10 second(s).
2019-08-23 08:55:11,412 [main] INFO  impl.MetricsSystemImpl (MetricsSystemImpl.java:start(191)) - StorageContainerManager metrics system started
2019-08-23 08:55:11,507 [main] INFO  server.SCMClientProtocolServer (SCMClientProtocolServer.java:start(151)) - RPC server for Client  is listening at /0.0.0.0:44691
2019-08-23 08:55:11,508 [IPC Server Responder] INFO  ipc.Server (Server.java:run(1314)) - IPC Server Responder: starting
2019-08-23 08:55:11,509 [IPC Server listener on 44691] INFO  ipc.Server (Server.java:run(1153)) - IPC Server listener on 44691: starting
2019-08-23 08:55:11,513 [main] INFO  server.StorageContainerManager (StorageContainerManager.java:start(769)) - ScmBlockLocationProtocol RPC server is listening at /0.0.0.0:38033
2019-08-23 08:55:11,513 [main] INFO  server.SCMBlockProtocolServer (SCMBlockProtocolServer.java:start(140)) - RPC server for Block Protocol is listening at /0.0.0.0:38033
2019-08-23 08:55:11,514 [IPC Server Responder] INFO  ipc.Server (Server.java:run(1314)) - IPC Server Responder: starting
2019-08-23 08:55:11,514 [IPC Server listener on 38033] INFO  ipc.Server (Server.java:run(1153)) - IPC Server listener on 38033: starting
2019-08-23 08:55:11,518 [main] INFO  server.StorageContainerManager (StorageContainerManager.java:start(773)) - ScmDatanodeProtocl RPC server is listening at /0.0.0.0:40511
2019-08-23 08:55:11,518 [main] INFO  server.SCMDatanodeProtocolServer (SCMDatanodeProtocolServer.java:start(191)) - RPC server for DataNodes is listening at /0.0.0.0:40511
2019-08-23 08:55:11,519 [IPC Server Responder] INFO  ipc.Server (Server.java:run(1314)) - IPC Server Responder: starting
2019-08-23 08:55:11,519 [IPC Server listener on 40511] INFO  ipc.Server (Server.java:run(1153)) - IPC Server listener on 40511: starting
2019-08-23 08:55:11,523 [main] INFO  http.HttpServer2 (HttpServer2.java:bindListener(1191)) - Jetty bound to port 33589
2019-08-23 08:55:11,524 [main] INFO  server.Server (Server.java:doStart(351)) - jetty-9.3.24.v20180605, build timestamp: 2018-06-05T17:11:56Z, git hash: 84205aa28f11a4f31f2a3b86d1bba2cc8ab69827
2019-08-23 08:55:11,526 [main] INFO  handler.ContextHandler (ContextHandler.java:doStart(781)) - Started o.e.j.s.ServletContextHandler@c9234a0{/logs,file:///workdir/hadoop-ozone/integration-test/target/log,AVAILABLE}
2019-08-23 08:55:11,527 [main] INFO  handler.ContextHandler (ContextHandler.java:doStart(781)) - Started o.e.j.s.ServletContextHandler@b91e024{/static,file:///workdir/hadoop-ozone/integration-test/target/test-classes/webapps/static,AVAILABLE}
2019-08-23 08:55:11,532 [main] INFO  handler.ContextHandler (ContextHandler.java:doStart(781)) - Started o.e.j.w.WebAppContext@2cc7b63d{/,file:///workdir/hadoop-ozone/integration-test/target/test-classes/webapps/scm/,AVAILABLE}{/scm}
2019-08-23 08:55:11,533 [main] INFO  server.AbstractConnector (AbstractConnector.java:doStart(278)) - Started ServerConnector@6179551b{HTTP/1.1,[http/1.1]}{0.0.0.0:33589}
2019-08-23 08:55:11,534 [main] INFO  server.Server (Server.java:doStart(419)) - Started @616753ms
2019-08-23 08:55:11,536 [main] INFO  server.BaseHttpServer (BaseHttpServer.java:updateConnectorAddress(213)) - HTTP server of SCM is listening at http://0.0.0.0:33589
2019-08-23 08:55:11,537 [main] WARN  server.ServerUtils (ServerUtils.java:getDBPath(222)) - ozone.om.db.dirs is not configured. We recommend adding this setting. Falling back to ozone.metadata.dirs instead.
2019-08-23 08:55:11,538 [org.apache.hadoop.util.JvmPauseMonitor$Monitor@6f4e39b3] INFO  util.JvmPauseMonitor (JvmPauseMonitor.java:run(188)) - Starting JVM pause monitor
2019-08-23 08:55:11,595 [main] WARN  server.ServerUtils (ServerUtils.java:getDBPath(222)) - ozone.om.db.dirs is not configured. We recommend adding this setting. Falling back to ozone.metadata.dirs instead.
2019-08-23 08:55:11,595 [main] WARN  server.ServerUtils (ServerUtils.java:getDBPath(222)) - ozone.om.db.dirs is not configured. We recommend adding this setting. Falling back to ozone.metadata.dirs instead.
2019-08-23 08:55:11,596 [main] INFO  om.OzoneManager (OzoneManager.java:setOMNodeDetails(648)) - OM Service ID is not set. Setting it to the default ID: omServiceIdDefault
2019-08-23 08:55:11,596 [main] INFO  om.OzoneManager (OzoneManager.java:setOMNodeDetails(654)) - OM Node ID is not set. Setting it to the OmStorage's OmID: 91e3a45d-b664-40cb-95e2-1a9c653baca7
2019-08-23 08:55:11,596 [main] INFO  om.OzoneManager (OzoneManager.java:loadOMHAConfigs(605)) - Found matching OM address with OMServiceId: null, OMNodeId: null, RPC Address: localhost:0 and Ratis port: 9872
2019-08-23 08:55:11,601 | INFO  | SCMAudit | user=jenkins1000 | ip=192.168.36.124 | op=GET_SCM_INFO null | ret=SUCCESS |  
2019-08-23 08:55:11,604 [main] WARN  server.ServerUtils (ServerUtils.java:getDBPath(222)) - ozone.om.db.dirs is not configured. We recommend adding this setting. Falling back to ozone.metadata.dirs instead.
2019-08-23 08:55:11,605 [main] INFO  db.DBStoreBuilder (DBStoreBuilder.java:addTable(110)) - using custom profile for table: userTable
2019-08-23 08:55:11,605 [main] INFO  db.DBStoreBuilder (DBStoreBuilder.java:processTables(161)) - Using default column profile:DBProfile.DISK for Table:userTable
2019-08-23 08:55:11,606 [main] INFO  db.DBStoreBuilder (DBStoreBuilder.java:addTable(110)) - using custom profile for table: volumeTable
2019-08-23 08:55:11,606 [main] INFO  db.DBStoreBuilder (DBStoreBuilder.java:processTables(161)) - Using default column profile:DBProfile.DISK for Table:volumeTable
2019-08-23 08:55:11,606 [main] INFO  db.DBStoreBuilder (DBStoreBuilder.java:addTable(110)) - using custom profile for table: bucketTable
2019-08-23 08:55:11,606 [main] INFO  db.DBStoreBuilder (DBStoreBuilder.java:processTables(161)) - Using default column profile:DBProfile.DISK for Table:bucketTable
2019-08-23 08:55:11,607 [main] INFO  db.DBStoreBuilder (DBStoreBuilder.java:addTable(110)) - using custom profile for table: keyTable
2019-08-23 08:55:11,607 [main] INFO  db.DBStoreBuilder (DBStoreBuilder.java:processTables(161)) - Using default column profile:DBProfile.DISK for Table:keyTable
2019-08-23 08:55:11,607 [main] INFO  db.DBStoreBuilder (DBStoreBuilder.java:addTable(110)) - using custom profile for table: deletedTable
2019-08-23 08:55:11,608 [main] INFO  db.DBStoreBuilder (DBStoreBuilder.java:processTables(161)) - Using default column profile:DBProfile.DISK for Table:deletedTable
2019-08-23 08:55:11,608 [main] INFO  db.DBStoreBuilder (DBStoreBuilder.java:addTable(110)) - using custom profile for table: openKeyTable
2019-08-23 08:55:11,608 [main] INFO  db.DBStoreBuilder (DBStoreBuilder.java:processTables(161)) - Using default column profile:DBProfile.DISK for Table:openKeyTable
2019-08-23 08:55:11,608 [main] INFO  db.DBStoreBuilder (DBStoreBuilder.java:addTable(110)) - using custom profile for table: s3Table
2019-08-23 08:55:11,609 [main] INFO  db.DBStoreBuilder (DBStoreBuilder.java:processTables(161)) - Using default column profile:DBProfile.DISK for Table:s3Table
2019-08-23 08:55:11,609 [main] INFO  db.DBStoreBuilder (DBStoreBuilder.java:addTable(110)) - using custom profile for table: multipartInfoTable
2019-08-23 08:55:11,609 [main] INFO  db.DBStoreBuilder (DBStoreBuilder.java:processTables(161)) - Using default column profile:DBProfile.DISK for Table:multipartInfoTable
2019-08-23 08:55:11,610 [main] INFO  db.DBStoreBuilder (DBStoreBuilder.java:addTable(110)) - using custom profile for table: dTokenTable
2019-08-23 08:55:11,610 [main] INFO  db.DBStoreBuilder (DBStoreBuilder.java:processTables(161)) - Using default column profile:DBProfile.DISK for Table:dTokenTable
2019-08-23 08:55:11,610 [main] INFO  db.DBStoreBuilder (DBStoreBuilder.java:addTable(110)) - using custom profile for table: s3SecretTable
2019-08-23 08:55:11,611 [main] INFO  db.DBStoreBuilder (DBStoreBuilder.java:processTables(161)) - Using default column profile:DBProfile.DISK for Table:s3SecretTable
2019-08-23 08:55:11,611 [main] INFO  db.DBStoreBuilder (DBStoreBuilder.java:addTable(110)) - using custom profile for table: prefixTable
2019-08-23 08:55:11,611 [main] INFO  db.DBStoreBuilder (DBStoreBuilder.java:processTables(161)) - Using default column profile:DBProfile.DISK for Table:prefixTable
2019-08-23 08:55:11,612 [main] INFO  db.DBStoreBuilder (DBStoreBuilder.java:addTable(110)) - using custom profile for table: default
2019-08-23 08:55:11,612 [main] INFO  db.DBStoreBuilder (DBStoreBuilder.java:processTables(167)) - Using default column profile:DBProfile.DISK for Table:default
2019-08-23 08:55:11,612 [main] INFO  db.DBStoreBuilder (DBStoreBuilder.java:getDbProfile(198)) - Using default options. DBProfile.DISK
2019-08-23 08:55:12,623 [main] INFO  ipc.CallQueueManager (CallQueueManager.java:<init>(84)) - Using callQueue: class java.util.concurrent.LinkedBlockingQueue, queueCapacity: 2000, scheduler: class org.apache.hadoop.ipc.DefaultRpcScheduler, ipcBackoff: false.
2019-08-23 08:55:12,625 [Socket Reader #1 for port 41236] INFO  ipc.Server (Server.java:run(1074)) - Starting Socket Reader #1 for port 41236
2019-08-23 08:55:12,644 [main] INFO  om.OzoneManager (OzoneManager.java:start(1259)) - OzoneManager RPC server is listening at localhost/127.0.0.1:41236
2019-08-23 08:55:12,645 [main] INFO  impl.MetricsSystemImpl (MetricsSystemImpl.java:init(158)) - OzoneManager metrics system started (again)
2019-08-23 08:55:12,645 [IPC Server Responder] INFO  ipc.Server (Server.java:run(1314)) - IPC Server Responder: starting
2019-08-23 08:55:12,646 [IPC Server listener on 41236] INFO  ipc.Server (Server.java:run(1153)) - IPC Server listener on 41236: starting
2019-08-23 08:55:12,652 [main] INFO  hdfs.DFSUtil (DFSUtil.java:httpServerTemplateForNNAndJN(1641)) - Starting Web-server for ozoneManager at: http://0.0.0.0:0
2019-08-23 08:55:12,654 [main] INFO  server.AuthenticationFilter (AuthenticationFilter.java:constructSecretProvider(240)) - Unable to initialize FileSignerSecretProvider, falling back to use random secrets.
2019-08-23 08:55:12,655 [main] WARN  http.HttpRequestLog (HttpRequestLog.java:getRequestLog(97)) - Jetty request log can only be enabled using Log4j
2019-08-23 08:55:12,657 [main] INFO  http.HttpServer2 (HttpServer2.java:addGlobalFilter(975)) - Added global filter 'safety' (class=org.apache.hadoop.http.HttpServer2$QuotingInputFilter)
2019-08-23 08:55:12,658 [main] INFO  http.HttpServer2 (HttpServer2.java:addFilter(948)) - Added filter static_user_filter (class=org.apache.hadoop.http.lib.StaticUserWebFilter$StaticUserFilter) to context ozoneManager
2019-08-23 08:55:12,658 [main] INFO  http.HttpServer2 (HttpServer2.java:addFilter(958)) - Added filter static_user_filter (class=org.apache.hadoop.http.lib.StaticUserWebFilter$StaticUserFilter) to context logs
2019-08-23 08:55:12,658 [main] INFO  http.HttpServer2 (HttpServer2.java:addFilter(958)) - Added filter static_user_filter (class=org.apache.hadoop.http.lib.StaticUserWebFilter$StaticUserFilter) to context static
2019-08-23 08:55:12,659 [main] INFO  http.HttpServer2 (HttpServer2.java:bindListener(1191)) - Jetty bound to port 35977
2019-08-23 08:55:12,659 [main] INFO  server.Server (Server.java:doStart(351)) - jetty-9.3.24.v20180605, build timestamp: 2018-06-05T17:11:56Z, git hash: 84205aa28f11a4f31f2a3b86d1bba2cc8ab69827
2019-08-23 08:55:12,662 [main] INFO  handler.ContextHandler (ContextHandler.java:doStart(781)) - Started o.e.j.s.ServletContextHandler@5cbf9aee{/logs,file:///workdir/hadoop-ozone/integration-test/target/log,AVAILABLE}
2019-08-23 08:55:12,662 [main] INFO  handler.ContextHandler (ContextHandler.java:doStart(781)) - Started o.e.j.s.ServletContextHandler@27558dee{/static,file:///workdir/hadoop-ozone/integration-test/target/test-classes/webapps/static,AVAILABLE}
2019-08-23 08:55:12,668 [main] INFO  handler.ContextHandler (ContextHandler.java:doStart(781)) - Started o.e.j.w.WebAppContext@7959fbe3{/,file:///workdir/hadoop-ozone/integration-test/target/test-classes/webapps/ozoneManager/,AVAILABLE}{/ozoneManager}
2019-08-23 08:55:12,669 [main] INFO  server.AbstractConnector (AbstractConnector.java:doStart(278)) - Started ServerConnector@75c0e6be{HTTP/1.1,[http/1.1]}{0.0.0.0:35977}
2019-08-23 08:55:12,670 [main] INFO  server.Server (Server.java:doStart(419)) - Started @617889ms
2019-08-23 08:55:12,671 [main] INFO  server.BaseHttpServer (BaseHttpServer.java:updateConnectorAddress(213)) - HTTP server of OZONEMANAGER is listening at http://0.0.0.0:35977
2019-08-23 08:55:12,697 [main] INFO  impl.MetricsSystemImpl (MetricsSystemImpl.java:init(158)) - HddsDatanode metrics system started (again)
2019-08-23 08:55:12,701 [main] INFO  ozone.HddsDatanodeService (HddsDatanodeService.java:start(184)) - HddsDatanodeService host:pr-hdds-2022-djmxw-136905289 ip:192.168.36.124
2019-08-23 08:55:12,713 [main] INFO  volume.HddsVolume (HddsVolume.java:<init>(176)) - Creating Volume: /workdir/hadoop-ozone/integration-test/target/test-dir/MiniOzoneClusterImpl-d13b65ac-93ce-4a90-95b1-b7730ece3208/datanode-0/data/containers/hdds of  storage type : DISK and capacity : 1482555576320
2019-08-23 08:55:12,713 [main] INFO  volume.VolumeSet (VolumeSet.java:initializeVolumeSet(170)) - Added Volume : /workdir/hadoop-ozone/integration-test/target/test-dir/MiniOzoneClusterImpl-d13b65ac-93ce-4a90-95b1-b7730ece3208/datanode-0/data/containers/hdds to VolumeSet
2019-08-23 08:55:12,714 [main] INFO  volume.ThrottledAsyncChecker (ThrottledAsyncChecker.java:schedule(140)) - Scheduling a check for org.apache.hadoop.ozone.container.common.volume.HddsVolume@470fc16c
2019-08-23 08:55:12,714 [main] INFO  volume.HddsVolumeChecker (HddsVolumeChecker.java:checkAllVolumes(203)) - Scheduled health check for volume org.apache.hadoop.ozone.container.common.volume.HddsVolume@470fc16c
2019-08-23 08:55:12,732 [main] INFO  impl.RaftServerProxy (ConfUtils.java:logGet(43)) - raft.rpc.type = GRPC (default)
2019-08-23 08:55:12,733 [main] INFO  grpc.GrpcFactory (GrpcFactory.java:checkPooledByteBufAllocatorUseCacheForAllThreads(45)) - PERFORMANCE WARNING: useCacheForAllThreads is true that may cause Netty to create a lot garbage objects and, as a result, trigger GC.
	It is recommended to disable useCacheForAllThreads by setting -Dorg.apache.ratis.thirdparty.io.netty.allocator.useCacheForAllThreads=false in command line.
2019-08-23 08:55:12,733 [main] INFO  grpc.GrpcConfigKeys$Server (ConfUtils.java:logGet(43)) - raft.grpc.server.port = 0 (default)
2019-08-23 08:55:12,733 [main] INFO  server.GrpcService (ConfUtils.java:logGet(43)) - raft.grpc.message.size.max = 33570816 (custom)
2019-08-23 08:55:12,733 [main] INFO  server.RaftServerConfigKeys (ConfUtils.java:logGet(43)) - raft.server.log.appender.buffer.byte-limit = 33554432 (custom)
2019-08-23 08:55:12,734 [main] INFO  server.GrpcService (ConfUtils.java:logGet(43)) - raft.grpc.flow.control.window = 1MB (=1048576) (default)
2019-08-23 08:55:12,734 [main] INFO  server.RaftServerConfigKeys (ConfUtils.java:logGet(43)) - raft.server.rpc.request.timeout = 3000ms (default)
2019-08-23 08:55:12,734 [main] INFO  server.RaftServerConfigKeys (ConfUtils.java:logGet(43)) - raft.server.storage.dir = [/workdir/hadoop-ozone/integration-test/target/test-dir/MiniOzoneClusterImpl-d13b65ac-93ce-4a90-95b1-b7730ece3208/datanode-0/data/ratis] (custom)
2019-08-23 08:55:12,735 [main] INFO  replication.SimpleContainerDownloader (SimpleContainerDownloader.java:<init>(72)) - Starting container downloader service to copy containers to replicate.
2019-08-23 08:55:12,736 [main] INFO  hdfs.DFSUtil (DFSUtil.java:httpServerTemplateForNNAndJN(1641)) - Starting Web-server for hddsDatanode at: http://0.0.0.0:0
2019-08-23 08:55:12,737 [main] INFO  server.AuthenticationFilter (AuthenticationFilter.java:constructSecretProvider(240)) - Unable to initialize FileSignerSecretProvider, falling back to use random secrets.
2019-08-23 08:55:12,738 [main] WARN  http.HttpRequestLog (HttpRequestLog.java:getRequestLog(97)) - Jetty request log can only be enabled using Log4j
2019-08-23 08:55:12,740 [main] INFO  http.HttpServer2 (HttpServer2.java:addGlobalFilter(975)) - Added global filter 'safety' (class=org.apache.hadoop.http.HttpServer2$QuotingInputFilter)
2019-08-23 08:55:12,740 [main] INFO  http.HttpServer2 (HttpServer2.java:addFilter(948)) - Added filter static_user_filter (class=org.apache.hadoop.http.lib.StaticUserWebFilter$StaticUserFilter) to context hddsDatanode
2019-08-23 08:55:12,740 [main] INFO  http.HttpServer2 (HttpServer2.java:addFilter(958)) - Added filter static_user_filter (class=org.apache.hadoop.http.lib.StaticUserWebFilter$StaticUserFilter) to context logs
2019-08-23 08:55:12,740 [main] INFO  http.HttpServer2 (HttpServer2.java:addFilter(958)) - Added filter static_user_filter (class=org.apache.hadoop.http.lib.StaticUserWebFilter$StaticUserFilter) to context static
2019-08-23 08:55:12,741 [main] INFO  http.HttpServer2 (HttpServer2.java:bindListener(1191)) - Jetty bound to port 46495
2019-08-23 08:55:12,741 [main] INFO  server.Server (Server.java:doStart(351)) - jetty-9.3.24.v20180605, build timestamp: 2018-06-05T17:11:56Z, git hash: 84205aa28f11a4f31f2a3b86d1bba2cc8ab69827
2019-08-23 08:55:12,743 [main] INFO  handler.ContextHandler (ContextHandler.java:doStart(781)) - Started o.e.j.s.ServletContextHandler@639c5ab4{/logs,file:///workdir/hadoop-ozone/integration-test/target/log,AVAILABLE}
2019-08-23 08:55:12,744 [main] INFO  handler.ContextHandler (ContextHandler.java:doStart(781)) - Started o.e.j.s.ServletContextHandler@12e8ea81{/static,jar:file:/home/user/.m2/repository/org/apache/hadoop/hadoop-hdds-container-service/0.5.0-SNAPSHOT/hadoop-hdds-container-service-0.5.0-SNAPSHOT.jar!/webapps/static,AVAILABLE}
2019-08-23 08:55:12,775 [main] INFO  handler.ContextHandler (ContextHandler.java:doStart(781)) - Started o.e.j.w.WebAppContext@2c555efb{/,file:///tmp/jetty-0.0.0.0-46495-hddsDatanode-_-any-3423574760195682146.dir/webapp/,AVAILABLE}{/hddsDatanode}
2019-08-23 08:55:12,776 [main] INFO  server.AbstractConnector (AbstractConnector.java:doStart(278)) - Started ServerConnector@17796f47{HTTP/1.1,[http/1.1]}{0.0.0.0:46495}
2019-08-23 08:55:12,776 [main] INFO  server.Server (Server.java:doStart(419)) - Started @617995ms
2019-08-23 08:55:12,778 [main] INFO  server.BaseHttpServer (BaseHttpServer.java:updateConnectorAddress(213)) - HTTP server of HDDSDATANODE is listening at http://0.0.0.0:46495
2019-08-23 08:55:12,892 | INFO  | ObjectStoreRestHttpServer | Listening HDDS REST traffic on /0.0.0.0:40103 |  
2019-08-23 08:55:12,892 [main] INFO  ozone.HddsDatanodeService (HddsDatanodeService.java:startPlugins(395)) - Started plug-in org.apache.hadoop.ozone.web.OzoneHddsDatanodeService@136a5572
2019-08-23 08:55:12,892 [main] INFO  impl.MetricsSystemImpl (MetricsSystemImpl.java:init(158)) - HddsDatanode metrics system started (again)
2019-08-23 08:55:12,894 [main] INFO  ozone.HddsDatanodeService (HddsDatanodeService.java:start(184)) - HddsDatanodeService host:pr-hdds-2022-djmxw-136905289 ip:192.168.36.124
2019-08-23 08:55:12,895 [org.apache.hadoop.util.JvmPauseMonitor$Monitor@5e340623] INFO  util.JvmPauseMonitor (JvmPauseMonitor.java:run(188)) - Starting JVM pause monitor
2019-08-23 08:55:12,897 [Datanode State Machine Thread - 0] INFO  datanode.InitDatanodeState (InitDatanodeState.java:persistContainerDatanodeDetails(140)) - DatanodeDetails is persisted to /workdir/hadoop-ozone/integration-test/target/test-dir/MiniOzoneClusterImpl-d13b65ac-93ce-4a90-95b1-b7730ece3208/datanode-0/meta/datanode.id
2019-08-23 08:55:12,905 [main] INFO  volume.HddsVolume (HddsVolume.java:<init>(176)) - Creating Volume: /workdir/hadoop-ozone/integration-test/target/test-dir/MiniOzoneClusterImpl-d13b65ac-93ce-4a90-95b1-b7730ece3208/datanode-1/data/containers/hdds of  storage type : DISK and capacity : 1482555576320
2019-08-23 08:55:12,905 [main] INFO  volume.VolumeSet (VolumeSet.java:initializeVolumeSet(170)) - Added Volume : /workdir/hadoop-ozone/integration-test/target/test-dir/MiniOzoneClusterImpl-d13b65ac-93ce-4a90-95b1-b7730ece3208/datanode-1/data/containers/hdds to VolumeSet
2019-08-23 08:55:12,905 [main] INFO  volume.ThrottledAsyncChecker (ThrottledAsyncChecker.java:schedule(140)) - Scheduling a check for org.apache.hadoop.ozone.container.common.volume.HddsVolume@58c48a23
2019-08-23 08:55:12,905 [main] INFO  volume.HddsVolumeChecker (HddsVolumeChecker.java:checkAllVolumes(203)) - Scheduled health check for volume org.apache.hadoop.ozone.container.common.volume.HddsVolume@58c48a23
2019-08-23 08:55:12,918 [main] INFO  impl.RaftServerProxy (ConfUtils.java:logGet(43)) - raft.rpc.type = GRPC (default)
2019-08-23 08:55:12,918 [main] INFO  grpc.GrpcFactory (GrpcFactory.java:checkPooledByteBufAllocatorUseCacheForAllThreads(45)) - PERFORMANCE WARNING: useCacheForAllThreads is true that may cause Netty to create a lot garbage objects and, as a result, trigger GC.
	It is recommended to disable useCacheForAllThreads by setting -Dorg.apache.ratis.thirdparty.io.netty.allocator.useCacheForAllThreads=false in command line.
2019-08-23 08:55:12,918 [main] INFO  grpc.GrpcConfigKeys$Server (ConfUtils.java:logGet(43)) - raft.grpc.server.port = 0 (default)
2019-08-23 08:55:12,918 [main] INFO  server.GrpcService (ConfUtils.java:logGet(43)) - raft.grpc.message.size.max = 33570816 (custom)
2019-08-23 08:55:12,918 [main] INFO  server.RaftServerConfigKeys (ConfUtils.java:logGet(43)) - raft.server.log.appender.buffer.byte-limit = 33554432 (custom)
2019-08-23 08:55:12,918 [main] INFO  server.GrpcService (ConfUtils.java:logGet(43)) - raft.grpc.flow.control.window = 1MB (=1048576) (default)
2019-08-23 08:55:12,919 [main] INFO  server.RaftServerConfigKeys (ConfUtils.java:logGet(43)) - raft.server.rpc.request.timeout = 3000ms (default)
2019-08-23 08:55:12,919 [main] INFO  server.RaftServerConfigKeys (ConfUtils.java:logGet(43)) - raft.server.storage.dir = [/workdir/hadoop-ozone/integration-test/target/test-dir/MiniOzoneClusterImpl-d13b65ac-93ce-4a90-95b1-b7730ece3208/datanode-1/data/ratis] (custom)
2019-08-23 08:55:12,919 [main] INFO  replication.SimpleContainerDownloader (SimpleContainerDownloader.java:<init>(72)) - Starting container downloader service to copy containers to replicate.
2019-08-23 08:55:12,920 [main] INFO  hdfs.DFSUtil (DFSUtil.java:httpServerTemplateForNNAndJN(1641)) - Starting Web-server for hddsDatanode at: http://0.0.0.0:0
2019-08-23 08:55:12,921 [main] INFO  server.AuthenticationFilter (AuthenticationFilter.java:constructSecretProvider(240)) - Unable to initialize FileSignerSecretProvider, falling back to use random secrets.
2019-08-23 08:55:12,921 [main] WARN  http.HttpRequestLog (HttpRequestLog.java:getRequestLog(97)) - Jetty request log can only be enabled using Log4j
2019-08-23 08:55:12,922 [main] INFO  http.HttpServer2 (HttpServer2.java:addGlobalFilter(975)) - Added global filter 'safety' (class=org.apache.hadoop.http.HttpServer2$QuotingInputFilter)
2019-08-23 08:55:12,923 [main] INFO  http.HttpServer2 (HttpServer2.java:addFilter(948)) - Added filter static_user_filter (class=org.apache.hadoop.http.lib.StaticUserWebFilter$StaticUserFilter) to context hddsDatanode
2019-08-23 08:55:12,923 [main] INFO  http.HttpServer2 (HttpServer2.java:addFilter(958)) - Added filter static_user_filter (class=org.apache.hadoop.http.lib.StaticUserWebFilter$StaticUserFilter) to context logs
2019-08-23 08:55:12,923 [main] INFO  http.HttpServer2 (HttpServer2.java:addFilter(958)) - Added filter static_user_filter (class=org.apache.hadoop.http.lib.StaticUserWebFilter$StaticUserFilter) to context static
2019-08-23 08:55:12,924 [main] INFO  http.HttpServer2 (HttpServer2.java:bindListener(1191)) - Jetty bound to port 40960
2019-08-23 08:55:12,924 [main] INFO  server.Server (Server.java:doStart(351)) - jetty-9.3.24.v20180605, build timestamp: 2018-06-05T17:11:56Z, git hash: 84205aa28f11a4f31f2a3b86d1bba2cc8ab69827
2019-08-23 08:55:12,925 [main] INFO  handler.ContextHandler (ContextHandler.java:doStart(781)) - Started o.e.j.s.ServletContextHandler@72f71ea2{/logs,file:///workdir/hadoop-ozone/integration-test/target/log,AVAILABLE}
2019-08-23 08:55:12,926 [main] INFO  handler.ContextHandler (ContextHandler.java:doStart(781)) - Started o.e.j.s.ServletContextHandler@10d8769e{/static,jar:file:/home/user/.m2/repository/org/apache/hadoop/hadoop-hdds-container-service/0.5.0-SNAPSHOT/hadoop-hdds-container-service-0.5.0-SNAPSHOT.jar!/webapps/static,AVAILABLE}
2019-08-23 08:55:12,947 [main] INFO  handler.ContextHandler (ContextHandler.java:doStart(781)) - Started o.e.j.w.WebAppContext@525aadf2{/,file:///tmp/jetty-0.0.0.0-40960-hddsDatanode-_-any-5229550500884606885.dir/webapp/,AVAILABLE}{/hddsDatanode}
2019-08-23 08:55:12,948 [main] INFO  server.AbstractConnector (AbstractConnector.java:doStart(278)) - Started ServerConnector@203b98cf{HTTP/1.1,[http/1.1]}{0.0.0.0:40960}
2019-08-23 08:55:12,948 [main] INFO  server.Server (Server.java:doStart(419)) - Started @618167ms
2019-08-23 08:55:12,949 [main] INFO  server.BaseHttpServer (BaseHttpServer.java:updateConnectorAddress(213)) - HTTP server of HDDSDATANODE is listening at http://0.0.0.0:40960
2019-08-23 08:55:13,314 | INFO  | ObjectStoreRestHttpServer | Listening HDDS REST traffic on /0.0.0.0:37696 |  
2019-08-23 08:55:13,315 [main] INFO  ozone.HddsDatanodeService (HddsDatanodeService.java:startPlugins(395)) - Started plug-in org.apache.hadoop.ozone.web.OzoneHddsDatanodeService@3bd7829b
2019-08-23 08:55:13,315 [main] INFO  impl.MetricsSystemImpl (MetricsSystemImpl.java:init(158)) - HddsDatanode metrics system started (again)
2019-08-23 08:55:13,328 [org.apache.hadoop.util.JvmPauseMonitor$Monitor@62369828] INFO  util.JvmPauseMonitor (JvmPauseMonitor.java:run(188)) - Starting JVM pause monitor
2019-08-23 08:55:13,329 [main] INFO  ozone.HddsDatanodeService (HddsDatanodeService.java:start(184)) - HddsDatanodeService host:pr-hdds-2022-djmxw-136905289 ip:192.168.36.124
2019-08-23 08:55:13,334 [Datanode State Machine Thread - 0] INFO  datanode.InitDatanodeState (InitDatanodeState.java:persistContainerDatanodeDetails(140)) - DatanodeDetails is persisted to /workdir/hadoop-ozone/integration-test/target/test-dir/MiniOzoneClusterImpl-d13b65ac-93ce-4a90-95b1-b7730ece3208/datanode-1/meta/datanode.id
2019-08-23 08:55:13,345 [main] INFO  volume.HddsVolume (HddsVolume.java:<init>(176)) - Creating Volume: /workdir/hadoop-ozone/integration-test/target/test-dir/MiniOzoneClusterImpl-d13b65ac-93ce-4a90-95b1-b7730ece3208/datanode-2/data/containers/hdds of  storage type : DISK and capacity : 1482555576320
2019-08-23 08:55:13,346 [main] INFO  volume.VolumeSet (VolumeSet.java:initializeVolumeSet(170)) - Added Volume : /workdir/hadoop-ozone/integration-test/target/test-dir/MiniOzoneClusterImpl-d13b65ac-93ce-4a90-95b1-b7730ece3208/datanode-2/data/containers/hdds to VolumeSet
2019-08-23 08:55:13,346 [main] INFO  volume.ThrottledAsyncChecker (ThrottledAsyncChecker.java:schedule(140)) - Scheduling a check for org.apache.hadoop.ozone.container.common.volume.HddsVolume@561b4c61
2019-08-23 08:55:13,348 [main] INFO  volume.HddsVolumeChecker (HddsVolumeChecker.java:checkAllVolumes(203)) - Scheduled health check for volume org.apache.hadoop.ozone.container.common.volume.HddsVolume@561b4c61
2019-08-23 08:55:13,366 [main] INFO  impl.RaftServerProxy (ConfUtils.java:logGet(43)) - raft.rpc.type = GRPC (default)
2019-08-23 08:55:13,366 [main] INFO  grpc.GrpcFactory (GrpcFactory.java:checkPooledByteBufAllocatorUseCacheForAllThreads(45)) - PERFORMANCE WARNING: useCacheForAllThreads is true that may cause Netty to create a lot garbage objects and, as a result, trigger GC.
	It is recommended to disable useCacheForAllThreads by setting -Dorg.apache.ratis.thirdparty.io.netty.allocator.useCacheForAllThreads=false in command line.
2019-08-23 08:55:13,366 [main] INFO  grpc.GrpcConfigKeys$Server (ConfUtils.java:logGet(43)) - raft.grpc.server.port = 0 (default)
2019-08-23 08:55:13,367 [main] INFO  server.GrpcService (ConfUtils.java:logGet(43)) - raft.grpc.message.size.max = 33570816 (custom)
2019-08-23 08:55:13,367 [main] INFO  server.RaftServerConfigKeys (ConfUtils.java:logGet(43)) - raft.server.log.appender.buffer.byte-limit = 33554432 (custom)
2019-08-23 08:55:13,367 [main] INFO  server.GrpcService (ConfUtils.java:logGet(43)) - raft.grpc.flow.control.window = 1MB (=1048576) (default)
2019-08-23 08:55:13,367 [main] INFO  server.RaftServerConfigKeys (ConfUtils.java:logGet(43)) - raft.server.rpc.request.timeout = 3000ms (default)
2019-08-23 08:55:13,368 [main] INFO  server.RaftServerConfigKeys (ConfUtils.java:logGet(43)) - raft.server.storage.dir = [/workdir/hadoop-ozone/integration-test/target/test-dir/MiniOzoneClusterImpl-d13b65ac-93ce-4a90-95b1-b7730ece3208/datanode-2/data/ratis] (custom)
2019-08-23 08:55:13,369 [main] INFO  replication.SimpleContainerDownloader (SimpleContainerDownloader.java:<init>(72)) - Starting container downloader service to copy containers to replicate.
2019-08-23 08:55:13,370 [main] INFO  hdfs.DFSUtil (DFSUtil.java:httpServerTemplateForNNAndJN(1641)) - Starting Web-server for hddsDatanode at: http://0.0.0.0:0
2019-08-23 08:55:13,373 [main] INFO  server.AuthenticationFilter (AuthenticationFilter.java:constructSecretProvider(240)) - Unable to initialize FileSignerSecretProvider, falling back to use random secrets.
2019-08-23 08:55:13,374 [main] WARN  http.HttpRequestLog (HttpRequestLog.java:getRequestLog(97)) - Jetty request log can only be enabled using Log4j
2019-08-23 08:55:13,376 [main] INFO  http.HttpServer2 (HttpServer2.java:addGlobalFilter(975)) - Added global filter 'safety' (class=org.apache.hadoop.http.HttpServer2$QuotingInputFilter)
2019-08-23 08:55:13,377 [main] INFO  http.HttpServer2 (HttpServer2.java:addFilter(948)) - Added filter static_user_filter (class=org.apache.hadoop.http.lib.StaticUserWebFilter$StaticUserFilter) to context hddsDatanode
2019-08-23 08:55:13,377 [main] INFO  http.HttpServer2 (HttpServer2.java:addFilter(958)) - Added filter static_user_filter (class=org.apache.hadoop.http.lib.StaticUserWebFilter$StaticUserFilter) to context logs
2019-08-23 08:55:13,377 [main] INFO  http.HttpServer2 (HttpServer2.java:addFilter(958)) - Added filter static_user_filter (class=org.apache.hadoop.http.lib.StaticUserWebFilter$StaticUserFilter) to context static
2019-08-23 08:55:13,378 [main] INFO  http.HttpServer2 (HttpServer2.java:bindListener(1191)) - Jetty bound to port 34409
2019-08-23 08:55:13,379 [main] INFO  server.Server (Server.java:doStart(351)) - jetty-9.3.24.v20180605, build timestamp: 2018-06-05T17:11:56Z, git hash: 84205aa28f11a4f31f2a3b86d1bba2cc8ab69827
2019-08-23 08:55:13,381 [main] INFO  handler.ContextHandler (ContextHandler.java:doStart(781)) - Started o.e.j.s.ServletContextHandler@6db99c79{/logs,file:///workdir/hadoop-ozone/integration-test/target/log,AVAILABLE}
2019-08-23 08:55:13,382 [main] INFO  handler.ContextHandler (ContextHandler.java:doStart(781)) - Started o.e.j.s.ServletContextHandler@8fd3eee{/static,jar:file:/home/user/.m2/repository/org/apache/hadoop/hadoop-hdds-container-service/0.5.0-SNAPSHOT/hadoop-hdds-container-service-0.5.0-SNAPSHOT.jar!/webapps/static,AVAILABLE}
2019-08-23 08:55:13,419 [main] INFO  handler.ContextHandler (ContextHandler.java:doStart(781)) - Started o.e.j.w.WebAppContext@5f171392{/,file:///tmp/jetty-0.0.0.0-34409-hddsDatanode-_-any-7182358928803494889.dir/webapp/,AVAILABLE}{/hddsDatanode}
2019-08-23 08:55:13,419 [main] INFO  server.AbstractConnector (AbstractConnector.java:doStart(278)) - Started ServerConnector@655295bd{HTTP/1.1,[http/1.1]}{0.0.0.0:34409}
2019-08-23 08:55:13,421 [main] INFO  server.Server (Server.java:doStart(419)) - Started @618640ms
2019-08-23 08:55:13,421 [main] INFO  server.BaseHttpServer (BaseHttpServer.java:updateConnectorAddress(213)) - HTTP server of HDDSDATANODE is listening at http://0.0.0.0:34409
2019-08-23 08:55:13,585 | INFO  | ObjectStoreRestHttpServer | Listening HDDS REST traffic on /0.0.0.0:38173 |  
2019-08-23 08:55:13,585 [main] INFO  ozone.HddsDatanodeService (HddsDatanodeService.java:startPlugins(395)) - Started plug-in org.apache.hadoop.ozone.web.OzoneHddsDatanodeService@5b256ab5
2019-08-23 08:55:13,586 [main] INFO  impl.MetricsSystemImpl (MetricsSystemImpl.java:init(158)) - HddsDatanode metrics system started (again)
2019-08-23 08:55:13,588 [org.apache.hadoop.util.JvmPauseMonitor$Monitor@132d9844] INFO  util.JvmPauseMonitor (JvmPauseMonitor.java:run(188)) - Starting JVM pause monitor
2019-08-23 08:55:13,590 [main] INFO  ozone.HddsDatanodeService (HddsDatanodeService.java:start(184)) - HddsDatanodeService host:pr-hdds-2022-djmxw-136905289 ip:192.168.36.124
2019-08-23 08:55:13,592 [Datanode State Machine Thread - 0] INFO  datanode.InitDatanodeState (InitDatanodeState.java:persistContainerDatanodeDetails(140)) - DatanodeDetails is persisted to /workdir/hadoop-ozone/integration-test/target/test-dir/MiniOzoneClusterImpl-d13b65ac-93ce-4a90-95b1-b7730ece3208/datanode-2/meta/datanode.id
2019-08-23 08:55:13,601 [main] INFO  volume.HddsVolume (HddsVolume.java:<init>(176)) - Creating Volume: /workdir/hadoop-ozone/integration-test/target/test-dir/MiniOzoneClusterImpl-d13b65ac-93ce-4a90-95b1-b7730ece3208/datanode-3/data/containers/hdds of  storage type : DISK and capacity : 1482555576320
2019-08-23 08:55:13,602 [main] INFO  volume.VolumeSet (VolumeSet.java:initializeVolumeSet(170)) - Added Volume : /workdir/hadoop-ozone/integration-test/target/test-dir/MiniOzoneClusterImpl-d13b65ac-93ce-4a90-95b1-b7730ece3208/datanode-3/data/containers/hdds to VolumeSet
2019-08-23 08:55:13,602 [main] INFO  volume.ThrottledAsyncChecker (ThrottledAsyncChecker.java:schedule(140)) - Scheduling a check for org.apache.hadoop.ozone.container.common.volume.HddsVolume@10f64bc3
2019-08-23 08:55:13,603 [main] INFO  volume.HddsVolumeChecker (HddsVolumeChecker.java:checkAllVolumes(203)) - Scheduled health check for volume org.apache.hadoop.ozone.container.common.volume.HddsVolume@10f64bc3
2019-08-23 08:55:13,624 [main] INFO  impl.RaftServerProxy (ConfUtils.java:logGet(43)) - raft.rpc.type = GRPC (default)
2019-08-23 08:55:13,625 [main] INFO  grpc.GrpcFactory (GrpcFactory.java:checkPooledByteBufAllocatorUseCacheForAllThreads(45)) - PERFORMANCE WARNING: useCacheForAllThreads is true that may cause Netty to create a lot garbage objects and, as a result, trigger GC.
	It is recommended to disable useCacheForAllThreads by setting -Dorg.apache.ratis.thirdparty.io.netty.allocator.useCacheForAllThreads=false in command line.
2019-08-23 08:55:13,625 [main] INFO  grpc.GrpcConfigKeys$Server (ConfUtils.java:logGet(43)) - raft.grpc.server.port = 0 (default)
2019-08-23 08:55:13,625 [main] INFO  server.GrpcService (ConfUtils.java:logGet(43)) - raft.grpc.message.size.max = 33570816 (custom)
2019-08-23 08:55:13,625 [main] INFO  server.RaftServerConfigKeys (ConfUtils.java:logGet(43)) - raft.server.log.appender.buffer.byte-limit = 33554432 (custom)
2019-08-23 08:55:13,626 [main] INFO  server.GrpcService (ConfUtils.java:logGet(43)) - raft.grpc.flow.control.window = 1MB (=1048576) (default)
2019-08-23 08:55:13,626 [main] INFO  server.RaftServerConfigKeys (ConfUtils.java:logGet(43)) - raft.server.rpc.request.timeout = 3000ms (default)
2019-08-23 08:55:13,627 [main] INFO  server.RaftServerConfigKeys (ConfUtils.java:logGet(43)) - raft.server.storage.dir = [/workdir/hadoop-ozone/integration-test/target/test-dir/MiniOzoneClusterImpl-d13b65ac-93ce-4a90-95b1-b7730ece3208/datanode-3/data/ratis] (custom)
2019-08-23 08:55:13,627 [main] INFO  replication.SimpleContainerDownloader (SimpleContainerDownloader.java:<init>(72)) - Starting container downloader service to copy containers to replicate.
2019-08-23 08:55:13,628 [main] INFO  hdfs.DFSUtil (DFSUtil.java:httpServerTemplateForNNAndJN(1641)) - Starting Web-server for hddsDatanode at: http://0.0.0.0:0
2019-08-23 08:55:13,631 [main] INFO  server.AuthenticationFilter (AuthenticationFilter.java:constructSecretProvider(240)) - Unable to initialize FileSignerSecretProvider, falling back to use random secrets.
2019-08-23 08:55:13,632 [main] WARN  http.HttpRequestLog (HttpRequestLog.java:getRequestLog(97)) - Jetty request log can only be enabled using Log4j
2019-08-23 08:55:13,634 [main] INFO  http.HttpServer2 (HttpServer2.java:addGlobalFilter(975)) - Added global filter 'safety' (class=org.apache.hadoop.http.HttpServer2$QuotingInputFilter)
2019-08-23 08:55:13,634 [main] INFO  http.HttpServer2 (HttpServer2.java:addFilter(948)) - Added filter static_user_filter (class=org.apache.hadoop.http.lib.StaticUserWebFilter$StaticUserFilter) to context hddsDatanode
2019-08-23 08:55:13,635 [main] INFO  http.HttpServer2 (HttpServer2.java:addFilter(958)) - Added filter static_user_filter (class=org.apache.hadoop.http.lib.StaticUserWebFilter$StaticUserFilter) to context static
2019-08-23 08:55:13,635 [main] INFO  http.HttpServer2 (HttpServer2.java:addFilter(958)) - Added filter static_user_filter (class=org.apache.hadoop.http.lib.StaticUserWebFilter$StaticUserFilter) to context logs
2019-08-23 08:55:13,636 [main] INFO  http.HttpServer2 (HttpServer2.java:bindListener(1191)) - Jetty bound to port 44605
2019-08-23 08:55:13,636 [main] INFO  server.Server (Server.java:doStart(351)) - jetty-9.3.24.v20180605, build timestamp: 2018-06-05T17:11:56Z, git hash: 84205aa28f11a4f31f2a3b86d1bba2cc8ab69827
2019-08-23 08:55:13,638 [main] INFO  handler.ContextHandler (ContextHandler.java:doStart(781)) - Started o.e.j.s.ServletContextHandler@cf933b1{/logs,file:///workdir/hadoop-ozone/integration-test/target/log,AVAILABLE}
2019-08-23 08:55:13,639 [main] INFO  handler.ContextHandler (ContextHandler.java:doStart(781)) - Started o.e.j.s.ServletContextHandler@1a5ea4cf{/static,jar:file:/home/user/.m2/repository/org/apache/hadoop/hadoop-hdds-container-service/0.5.0-SNAPSHOT/hadoop-hdds-container-service-0.5.0-SNAPSHOT.jar!/webapps/static,AVAILABLE}
2019-08-23 08:55:13,684 [main] INFO  handler.ContextHandler (ContextHandler.java:doStart(781)) - Started o.e.j.w.WebAppContext@7442be61{/,file:///tmp/jetty-0.0.0.0-44605-hddsDatanode-_-any-4409997202093729315.dir/webapp/,AVAILABLE}{/hddsDatanode}
2019-08-23 08:55:13,685 [main] INFO  server.AbstractConnector (AbstractConnector.java:doStart(278)) - Started ServerConnector@6903ef57{HTTP/1.1,[http/1.1]}{0.0.0.0:44605}
2019-08-23 08:55:13,686 [main] INFO  server.Server (Server.java:doStart(419)) - Started @618905ms
2019-08-23 08:55:13,687 [main] INFO  server.BaseHttpServer (BaseHttpServer.java:updateConnectorAddress(213)) - HTTP server of HDDSDATANODE is listening at http://0.0.0.0:44605
2019-08-23 08:55:13,812 | INFO  | ObjectStoreRestHttpServer | Listening HDDS REST traffic on /0.0.0.0:41457 |  
2019-08-23 08:55:13,813 [main] INFO  ozone.HddsDatanodeService (HddsDatanodeService.java:startPlugins(395)) - Started plug-in org.apache.hadoop.ozone.web.OzoneHddsDatanodeService@12504d49
2019-08-23 08:55:13,814 [main] INFO  impl.MetricsSystemImpl (MetricsSystemImpl.java:init(158)) - HddsDatanode metrics system started (again)
2019-08-23 08:55:13,816 [org.apache.hadoop.util.JvmPauseMonitor$Monitor@6b1aa256] INFO  util.JvmPauseMonitor (JvmPauseMonitor.java:run(188)) - Starting JVM pause monitor
2019-08-23 08:55:13,819 [Datanode State Machine Thread - 0] INFO  datanode.InitDatanodeState (InitDatanodeState.java:persistContainerDatanodeDetails(140)) - DatanodeDetails is persisted to /workdir/hadoop-ozone/integration-test/target/test-dir/MiniOzoneClusterImpl-d13b65ac-93ce-4a90-95b1-b7730ece3208/datanode-3/meta/datanode.id
2019-08-23 08:55:13,819 [main] INFO  ozone.HddsDatanodeService (HddsDatanodeService.java:start(184)) - HddsDatanodeService host:pr-hdds-2022-djmxw-136905289 ip:192.168.36.124
2019-08-23 08:55:13,831 [main] INFO  volume.HddsVolume (HddsVolume.java:<init>(176)) - Creating Volume: /workdir/hadoop-ozone/integration-test/target/test-dir/MiniOzoneClusterImpl-d13b65ac-93ce-4a90-95b1-b7730ece3208/datanode-4/data/containers/hdds of  storage type : DISK and capacity : 1482555576320
2019-08-23 08:55:13,831 [main] INFO  volume.VolumeSet (VolumeSet.java:initializeVolumeSet(170)) - Added Volume : /workdir/hadoop-ozone/integration-test/target/test-dir/MiniOzoneClusterImpl-d13b65ac-93ce-4a90-95b1-b7730ece3208/datanode-4/data/containers/hdds to VolumeSet
2019-08-23 08:55:13,832 [main] INFO  volume.ThrottledAsyncChecker (ThrottledAsyncChecker.java:schedule(140)) - Scheduling a check for org.apache.hadoop.ozone.container.common.volume.HddsVolume@35fd987b
2019-08-23 08:55:13,832 [main] INFO  volume.HddsVolumeChecker (HddsVolumeChecker.java:checkAllVolumes(203)) - Scheduled health check for volume org.apache.hadoop.ozone.container.common.volume.HddsVolume@35fd987b
2019-08-23 08:55:13,854 [main] INFO  impl.RaftServerProxy (ConfUtils.java:logGet(43)) - raft.rpc.type = GRPC (default)
2019-08-23 08:55:13,855 [main] INFO  grpc.GrpcFactory (GrpcFactory.java:checkPooledByteBufAllocatorUseCacheForAllThreads(45)) - PERFORMANCE WARNING: useCacheForAllThreads is true that may cause Netty to create a lot garbage objects and, as a result, trigger GC.
	It is recommended to disable useCacheForAllThreads by setting -Dorg.apache.ratis.thirdparty.io.netty.allocator.useCacheForAllThreads=false in command line.
2019-08-23 08:55:13,855 [main] INFO  grpc.GrpcConfigKeys$Server (ConfUtils.java:logGet(43)) - raft.grpc.server.port = 0 (default)
2019-08-23 08:55:13,855 [main] INFO  server.GrpcService (ConfUtils.java:logGet(43)) - raft.grpc.message.size.max = 33570816 (custom)
2019-08-23 08:55:13,855 [main] INFO  server.RaftServerConfigKeys (ConfUtils.java:logGet(43)) - raft.server.log.appender.buffer.byte-limit = 33554432 (custom)
2019-08-23 08:55:13,856 [main] INFO  server.GrpcService (ConfUtils.java:logGet(43)) - raft.grpc.flow.control.window = 1MB (=1048576) (default)
2019-08-23 08:55:13,856 [main] INFO  server.RaftServerConfigKeys (ConfUtils.java:logGet(43)) - raft.server.rpc.request.timeout = 3000ms (default)
2019-08-23 08:55:13,857 [main] INFO  server.RaftServerConfigKeys (ConfUtils.java:logGet(43)) - raft.server.storage.dir = [/workdir/hadoop-ozone/integration-test/target/test-dir/MiniOzoneClusterImpl-d13b65ac-93ce-4a90-95b1-b7730ece3208/datanode-4/data/ratis] (custom)
2019-08-23 08:55:13,857 [main] INFO  replication.SimpleContainerDownloader (SimpleContainerDownloader.java:<init>(72)) - Starting container downloader service to copy containers to replicate.
2019-08-23 08:55:13,858 [main] INFO  hdfs.DFSUtil (DFSUtil.java:httpServerTemplateForNNAndJN(1641)) - Starting Web-server for hddsDatanode at: http://0.0.0.0:0
2019-08-23 08:55:13,860 [main] INFO  server.AuthenticationFilter (AuthenticationFilter.java:constructSecretProvider(240)) - Unable to initialize FileSignerSecretProvider, falling back to use random secrets.
2019-08-23 08:55:13,861 [main] WARN  http.HttpRequestLog (HttpRequestLog.java:getRequestLog(97)) - Jetty request log can only be enabled using Log4j
2019-08-23 08:55:13,863 [main] INFO  http.HttpServer2 (HttpServer2.java:addGlobalFilter(975)) - Added global filter 'safety' (class=org.apache.hadoop.http.HttpServer2$QuotingInputFilter)
2019-08-23 08:55:13,863 [main] INFO  http.HttpServer2 (HttpServer2.java:addFilter(948)) - Added filter static_user_filter (class=org.apache.hadoop.http.lib.StaticUserWebFilter$StaticUserFilter) to context hddsDatanode
2019-08-23 08:55:13,863 [main] INFO  http.HttpServer2 (HttpServer2.java:addFilter(958)) - Added filter static_user_filter (class=org.apache.hadoop.http.lib.StaticUserWebFilter$StaticUserFilter) to context static
2019-08-23 08:55:13,864 [main] INFO  http.HttpServer2 (HttpServer2.java:addFilter(958)) - Added filter static_user_filter (class=org.apache.hadoop.http.lib.StaticUserWebFilter$StaticUserFilter) to context logs
2019-08-23 08:55:13,865 [main] INFO  http.HttpServer2 (HttpServer2.java:bindListener(1191)) - Jetty bound to port 37266
2019-08-23 08:55:13,865 [main] INFO  server.Server (Server.java:doStart(351)) - jetty-9.3.24.v20180605, build timestamp: 2018-06-05T17:11:56Z, git hash: 84205aa28f11a4f31f2a3b86d1bba2cc8ab69827
2019-08-23 08:55:13,867 [main] INFO  handler.ContextHandler (ContextHandler.java:doStart(781)) - Started o.e.j.s.ServletContextHandler@1fcef7{/logs,file:///workdir/hadoop-ozone/integration-test/target/log,AVAILABLE}
2019-08-23 08:55:13,867 [main] INFO  handler.ContextHandler (ContextHandler.java:doStart(781)) - Started o.e.j.s.ServletContextHandler@236a6a2a{/static,jar:file:/home/user/.m2/repository/org/apache/hadoop/hadoop-hdds-container-service/0.5.0-SNAPSHOT/hadoop-hdds-container-service-0.5.0-SNAPSHOT.jar!/webapps/static,AVAILABLE}
2019-08-23 08:55:13,903 [main] INFO  handler.ContextHandler (ContextHandler.java:doStart(781)) - Started o.e.j.w.WebAppContext@49c3487f{/,file:///tmp/jetty-0.0.0.0-37266-hddsDatanode-_-any-5767346321043881692.dir/webapp/,AVAILABLE}{/hddsDatanode}
2019-08-23 08:55:13,904 [main] INFO  server.AbstractConnector (AbstractConnector.java:doStart(278)) - Started ServerConnector@1e6a8d01{HTTP/1.1,[http/1.1]}{0.0.0.0:37266}
2019-08-23 08:55:13,904 [main] INFO  server.Server (Server.java:doStart(419)) - Started @619123ms
2019-08-23 08:55:13,906 [main] INFO  server.BaseHttpServer (BaseHttpServer.java:updateConnectorAddress(213)) - HTTP server of HDDSDATANODE is listening at http://0.0.0.0:37266
2019-08-23 08:55:14,050 | INFO  | ObjectStoreRestHttpServer | Listening HDDS REST traffic on /0.0.0.0:37142 |  
2019-08-23 08:55:14,050 [main] INFO  ozone.HddsDatanodeService (HddsDatanodeService.java:startPlugins(395)) - Started plug-in org.apache.hadoop.ozone.web.OzoneHddsDatanodeService@30407f28
2019-08-23 08:55:14,050 [main] INFO  impl.MetricsSystemImpl (MetricsSystemImpl.java:init(158)) - HddsDatanode metrics system started (again)
2019-08-23 08:55:14,054 [org.apache.hadoop.util.JvmPauseMonitor$Monitor@4eb8c10d] INFO  util.JvmPauseMonitor (JvmPauseMonitor.java:run(188)) - Starting JVM pause monitor
2019-08-23 08:55:14,055 [main] INFO  ozone.HddsDatanodeService (HddsDatanodeService.java:start(184)) - HddsDatanodeService host:pr-hdds-2022-djmxw-136905289 ip:192.168.36.124
2019-08-23 08:55:14,056 [Datanode State Machine Thread - 0] INFO  datanode.InitDatanodeState (InitDatanodeState.java:persistContainerDatanodeDetails(140)) - DatanodeDetails is persisted to /workdir/hadoop-ozone/integration-test/target/test-dir/MiniOzoneClusterImpl-d13b65ac-93ce-4a90-95b1-b7730ece3208/datanode-4/meta/datanode.id
2019-08-23 08:55:14,064 [main] INFO  volume.HddsVolume (HddsVolume.java:<init>(176)) - Creating Volume: /workdir/hadoop-ozone/integration-test/target/test-dir/MiniOzoneClusterImpl-d13b65ac-93ce-4a90-95b1-b7730ece3208/datanode-5/data/containers/hdds of  storage type : DISK and capacity : 1482555576320
2019-08-23 08:55:14,065 [main] INFO  volume.VolumeSet (VolumeSet.java:initializeVolumeSet(170)) - Added Volume : /workdir/hadoop-ozone/integration-test/target/test-dir/MiniOzoneClusterImpl-d13b65ac-93ce-4a90-95b1-b7730ece3208/datanode-5/data/containers/hdds to VolumeSet
2019-08-23 08:55:14,065 [main] INFO  volume.ThrottledAsyncChecker (ThrottledAsyncChecker.java:schedule(140)) - Scheduling a check for org.apache.hadoop.ozone.container.common.volume.HddsVolume@340f4723
2019-08-23 08:55:14,065 [main] INFO  volume.HddsVolumeChecker (HddsVolumeChecker.java:checkAllVolumes(203)) - Scheduled health check for volume org.apache.hadoop.ozone.container.common.volume.HddsVolume@340f4723
2019-08-23 08:55:14,085 [main] INFO  impl.RaftServerProxy (ConfUtils.java:logGet(43)) - raft.rpc.type = GRPC (default)
2019-08-23 08:55:14,085 [main] INFO  grpc.GrpcFactory (GrpcFactory.java:checkPooledByteBufAllocatorUseCacheForAllThreads(45)) - PERFORMANCE WARNING: useCacheForAllThreads is true that may cause Netty to create a lot garbage objects and, as a result, trigger GC.
	It is recommended to disable useCacheForAllThreads by setting -Dorg.apache.ratis.thirdparty.io.netty.allocator.useCacheForAllThreads=false in command line.
2019-08-23 08:55:14,085 [main] INFO  grpc.GrpcConfigKeys$Server (ConfUtils.java:logGet(43)) - raft.grpc.server.port = 0 (default)
2019-08-23 08:55:14,085 [main] INFO  server.GrpcService (ConfUtils.java:logGet(43)) - raft.grpc.message.size.max = 33570816 (custom)
2019-08-23 08:55:14,086 [main] INFO  server.RaftServerConfigKeys (ConfUtils.java:logGet(43)) - raft.server.log.appender.buffer.byte-limit = 33554432 (custom)
2019-08-23 08:55:14,086 [main] INFO  server.GrpcService (ConfUtils.java:logGet(43)) - raft.grpc.flow.control.window = 1MB (=1048576) (default)
2019-08-23 08:55:14,086 [main] INFO  server.RaftServerConfigKeys (ConfUtils.java:logGet(43)) - raft.server.rpc.request.timeout = 3000ms (default)
2019-08-23 08:55:14,086 [main] INFO  server.RaftServerConfigKeys (ConfUtils.java:logGet(43)) - raft.server.storage.dir = [/workdir/hadoop-ozone/integration-test/target/test-dir/MiniOzoneClusterImpl-d13b65ac-93ce-4a90-95b1-b7730ece3208/datanode-5/data/ratis] (custom)
2019-08-23 08:55:14,087 [main] INFO  replication.SimpleContainerDownloader (SimpleContainerDownloader.java:<init>(72)) - Starting container downloader service to copy containers to replicate.
2019-08-23 08:55:14,088 [main] INFO  hdfs.DFSUtil (DFSUtil.java:httpServerTemplateForNNAndJN(1641)) - Starting Web-server for hddsDatanode at: http://0.0.0.0:0
2019-08-23 08:55:14,090 [main] INFO  server.AuthenticationFilter (AuthenticationFilter.java:constructSecretProvider(240)) - Unable to initialize FileSignerSecretProvider, falling back to use random secrets.
2019-08-23 08:55:14,091 [main] WARN  http.HttpRequestLog (HttpRequestLog.java:getRequestLog(97)) - Jetty request log can only be enabled using Log4j
2019-08-23 08:55:14,093 [main] INFO  http.HttpServer2 (HttpServer2.java:addGlobalFilter(975)) - Added global filter 'safety' (class=org.apache.hadoop.http.HttpServer2$QuotingInputFilter)
2019-08-23 08:55:14,093 [main] INFO  http.HttpServer2 (HttpServer2.java:addFilter(948)) - Added filter static_user_filter (class=org.apache.hadoop.http.lib.StaticUserWebFilter$StaticUserFilter) to context hddsDatanode
2019-08-23 08:55:14,094 [main] INFO  http.HttpServer2 (HttpServer2.java:addFilter(958)) - Added filter static_user_filter (class=org.apache.hadoop.http.lib.StaticUserWebFilter$StaticUserFilter) to context static
2019-08-23 08:55:14,094 [main] INFO  http.HttpServer2 (HttpServer2.java:addFilter(958)) - Added filter static_user_filter (class=org.apache.hadoop.http.lib.StaticUserWebFilter$StaticUserFilter) to context logs
2019-08-23 08:55:14,095 [main] INFO  http.HttpServer2 (HttpServer2.java:bindListener(1191)) - Jetty bound to port 38679
2019-08-23 08:55:14,095 [main] INFO  server.Server (Server.java:doStart(351)) - jetty-9.3.24.v20180605, build timestamp: 2018-06-05T17:11:56Z, git hash: 84205aa28f11a4f31f2a3b86d1bba2cc8ab69827
2019-08-23 08:55:14,097 [main] INFO  handler.ContextHandler (ContextHandler.java:doStart(781)) - Started o.e.j.s.ServletContextHandler@4951dc8c{/logs,file:///workdir/hadoop-ozone/integration-test/target/log,AVAILABLE}
2019-08-23 08:55:14,098 [main] INFO  handler.ContextHandler (ContextHandler.java:doStart(781)) - Started o.e.j.s.ServletContextHandler@34c21c34{/static,jar:file:/home/user/.m2/repository/org/apache/hadoop/hadoop-hdds-container-service/0.5.0-SNAPSHOT/hadoop-hdds-container-service-0.5.0-SNAPSHOT.jar!/webapps/static,AVAILABLE}
2019-08-23 08:55:14,139 [main] INFO  handler.ContextHandler (ContextHandler.java:doStart(781)) - Started o.e.j.w.WebAppContext@3dc976da{/,file:///tmp/jetty-0.0.0.0-38679-hddsDatanode-_-any-2406497483782170706.dir/webapp/,AVAILABLE}{/hddsDatanode}
2019-08-23 08:55:14,139 [main] INFO  server.AbstractConnector (AbstractConnector.java:doStart(278)) - Started ServerConnector@5e79bdf6{HTTP/1.1,[http/1.1]}{0.0.0.0:38679}
2019-08-23 08:55:14,141 [main] INFO  server.Server (Server.java:doStart(419)) - Started @619360ms
2019-08-23 08:55:14,142 [main] INFO  server.BaseHttpServer (BaseHttpServer.java:updateConnectorAddress(213)) - HTTP server of HDDSDATANODE is listening at http://0.0.0.0:38679
2019-08-23 08:55:14,268 | INFO  | ObjectStoreRestHttpServer | Listening HDDS REST traffic on /0.0.0.0:43099 |  
2019-08-23 08:55:14,268 [main] INFO  ozone.HddsDatanodeService (HddsDatanodeService.java:startPlugins(395)) - Started plug-in org.apache.hadoop.ozone.web.OzoneHddsDatanodeService@42130a5c
2019-08-23 08:55:14,269 [main] INFO  impl.MetricsSystemImpl (MetricsSystemImpl.java:init(158)) - HddsDatanode metrics system started (again)
2019-08-23 08:55:14,272 [org.apache.hadoop.util.JvmPauseMonitor$Monitor@3b046e47] INFO  util.JvmPauseMonitor (JvmPauseMonitor.java:run(188)) - Starting JVM pause monitor
2019-08-23 08:55:14,273 [main] INFO  ozone.HddsDatanodeService (HddsDatanodeService.java:start(184)) - HddsDatanodeService host:pr-hdds-2022-djmxw-136905289 ip:192.168.36.124
2019-08-23 08:55:14,274 [Datanode State Machine Thread - 0] INFO  datanode.InitDatanodeState (InitDatanodeState.java:persistContainerDatanodeDetails(140)) - DatanodeDetails is persisted to /workdir/hadoop-ozone/integration-test/target/test-dir/MiniOzoneClusterImpl-d13b65ac-93ce-4a90-95b1-b7730ece3208/datanode-5/meta/datanode.id
2019-08-23 08:55:14,284 [main] INFO  volume.HddsVolume (HddsVolume.java:<init>(176)) - Creating Volume: /workdir/hadoop-ozone/integration-test/target/test-dir/MiniOzoneClusterImpl-d13b65ac-93ce-4a90-95b1-b7730ece3208/datanode-6/data/containers/hdds of  storage type : DISK and capacity : 1482555576320
2019-08-23 08:55:14,285 [main] INFO  volume.VolumeSet (VolumeSet.java:initializeVolumeSet(170)) - Added Volume : /workdir/hadoop-ozone/integration-test/target/test-dir/MiniOzoneClusterImpl-d13b65ac-93ce-4a90-95b1-b7730ece3208/datanode-6/data/containers/hdds to VolumeSet
2019-08-23 08:55:14,285 [main] INFO  volume.ThrottledAsyncChecker (ThrottledAsyncChecker.java:schedule(140)) - Scheduling a check for org.apache.hadoop.ozone.container.common.volume.HddsVolume@52aa84ef
2019-08-23 08:55:14,285 [main] INFO  volume.HddsVolumeChecker (HddsVolumeChecker.java:checkAllVolumes(203)) - Scheduled health check for volume org.apache.hadoop.ozone.container.common.volume.HddsVolume@52aa84ef
2019-08-23 08:55:14,305 [main] INFO  impl.RaftServerProxy (ConfUtils.java:logGet(43)) - raft.rpc.type = GRPC (default)
2019-08-23 08:55:14,306 [main] INFO  grpc.GrpcFactory (GrpcFactory.java:checkPooledByteBufAllocatorUseCacheForAllThreads(45)) - PERFORMANCE WARNING: useCacheForAllThreads is true that may cause Netty to create a lot garbage objects and, as a result, trigger GC.
	It is recommended to disable useCacheForAllThreads by setting -Dorg.apache.ratis.thirdparty.io.netty.allocator.useCacheForAllThreads=false in command line.
2019-08-23 08:55:14,306 [main] INFO  grpc.GrpcConfigKeys$Server (ConfUtils.java:logGet(43)) - raft.grpc.server.port = 0 (default)
2019-08-23 08:55:14,306 [main] INFO  server.GrpcService (ConfUtils.java:logGet(43)) - raft.grpc.message.size.max = 33570816 (custom)
2019-08-23 08:55:14,306 [main] INFO  server.RaftServerConfigKeys (ConfUtils.java:logGet(43)) - raft.server.log.appender.buffer.byte-limit = 33554432 (custom)
2019-08-23 08:55:14,307 [main] INFO  server.GrpcService (ConfUtils.java:logGet(43)) - raft.grpc.flow.control.window = 1MB (=1048576) (default)
2019-08-23 08:55:14,307 [main] INFO  server.RaftServerConfigKeys (ConfUtils.java:logGet(43)) - raft.server.rpc.request.timeout = 3000ms (default)
2019-08-23 08:55:14,308 [main] INFO  server.RaftServerConfigKeys (ConfUtils.java:logGet(43)) - raft.server.storage.dir = [/workdir/hadoop-ozone/integration-test/target/test-dir/MiniOzoneClusterImpl-d13b65ac-93ce-4a90-95b1-b7730ece3208/datanode-6/data/ratis] (custom)
2019-08-23 08:55:14,308 [main] INFO  replication.SimpleContainerDownloader (SimpleContainerDownloader.java:<init>(72)) - Starting container downloader service to copy containers to replicate.
2019-08-23 08:55:14,309 [main] INFO  hdfs.DFSUtil (DFSUtil.java:httpServerTemplateForNNAndJN(1641)) - Starting Web-server for hddsDatanode at: http://0.0.0.0:0
2019-08-23 08:55:14,311 [main] INFO  server.AuthenticationFilter (AuthenticationFilter.java:constructSecretProvider(240)) - Unable to initialize FileSignerSecretProvider, falling back to use random secrets.
2019-08-23 08:55:14,312 [main] WARN  http.HttpRequestLog (HttpRequestLog.java:getRequestLog(97)) - Jetty request log can only be enabled using Log4j
2019-08-23 08:55:14,314 [main] INFO  http.HttpServer2 (HttpServer2.java:addGlobalFilter(975)) - Added global filter 'safety' (class=org.apache.hadoop.http.HttpServer2$QuotingInputFilter)
2019-08-23 08:55:14,314 [main] INFO  http.HttpServer2 (HttpServer2.java:addFilter(948)) - Added filter static_user_filter (class=org.apache.hadoop.http.lib.StaticUserWebFilter$StaticUserFilter) to context hddsDatanode
2019-08-23 08:55:14,315 [main] INFO  http.HttpServer2 (HttpServer2.java:addFilter(958)) - Added filter static_user_filter (class=org.apache.hadoop.http.lib.StaticUserWebFilter$StaticUserFilter) to context static
2019-08-23 08:55:14,315 [main] INFO  http.HttpServer2 (HttpServer2.java:addFilter(958)) - Added filter static_user_filter (class=org.apache.hadoop.http.lib.StaticUserWebFilter$StaticUserFilter) to context logs
2019-08-23 08:55:14,315 [main] INFO  http.HttpServer2 (HttpServer2.java:bindListener(1191)) - Jetty bound to port 45402
2019-08-23 08:55:14,316 [main] INFO  server.Server (Server.java:doStart(351)) - jetty-9.3.24.v20180605, build timestamp: 2018-06-05T17:11:56Z, git hash: 84205aa28f11a4f31f2a3b86d1bba2cc8ab69827
2019-08-23 08:55:14,318 [main] INFO  handler.ContextHandler (ContextHandler.java:doStart(781)) - Started o.e.j.s.ServletContextHandler@7f0b32c0{/logs,file:///workdir/hadoop-ozone/integration-test/target/log,AVAILABLE}
2019-08-23 08:55:14,318 [main] INFO  handler.ContextHandler (ContextHandler.java:doStart(781)) - Started o.e.j.s.ServletContextHandler@65067d90{/static,jar:file:/home/user/.m2/repository/org/apache/hadoop/hadoop-hdds-container-service/0.5.0-SNAPSHOT/hadoop-hdds-container-service-0.5.0-SNAPSHOT.jar!/webapps/static,AVAILABLE}
2019-08-23 08:55:14,354 [main] INFO  handler.ContextHandler (ContextHandler.java:doStart(781)) - Started o.e.j.w.WebAppContext@438fcca3{/,file:///tmp/jetty-0.0.0.0-45402-hddsDatanode-_-any-1083658481095088302.dir/webapp/,AVAILABLE}{/hddsDatanode}
2019-08-23 08:55:14,355 [main] INFO  server.AbstractConnector (AbstractConnector.java:doStart(278)) - Started ServerConnector@41c7ef69{HTTP/1.1,[http/1.1]}{0.0.0.0:45402}
2019-08-23 08:55:14,360 [main] INFO  server.Server (Server.java:doStart(419)) - Started @619579ms
2019-08-23 08:55:14,360 [main] INFO  server.BaseHttpServer (BaseHttpServer.java:updateConnectorAddress(213)) - HTTP server of HDDSDATANODE is listening at http://0.0.0.0:45402
2019-08-23 08:55:14,486 | INFO  | ObjectStoreRestHttpServer | Listening HDDS REST traffic on /0.0.0.0:42015 |  
2019-08-23 08:55:14,486 [main] INFO  ozone.HddsDatanodeService (HddsDatanodeService.java:startPlugins(395)) - Started plug-in org.apache.hadoop.ozone.web.OzoneHddsDatanodeService@3f679ce
2019-08-23 08:55:14,487 [main] INFO  ozone.MiniOzoneClusterImpl (MiniOzoneClusterImpl.java:lambda$waitForClusterToBeReady$0(142)) - Waiting for cluster to be ready. Got 0 of 7 DN Heartbeats.
2019-08-23 08:55:14,488 [org.apache.hadoop.util.JvmPauseMonitor$Monitor@7367be8f] INFO  util.JvmPauseMonitor (JvmPauseMonitor.java:run(188)) - Starting JVM pause monitor
2019-08-23 08:55:14,489 [Datanode State Machine Thread - 0] INFO  datanode.InitDatanodeState (InitDatanodeState.java:persistContainerDatanodeDetails(140)) - DatanodeDetails is persisted to /workdir/hadoop-ozone/integration-test/target/test-dir/MiniOzoneClusterImpl-d13b65ac-93ce-4a90-95b1-b7730ece3208/datanode-6/meta/datanode.id
2019-08-23 08:55:14,901 | INFO  | SCMAudit | user=jenkins1000 | ip=192.168.36.124 | op=GET_VERSION null | ret=SUCCESS |  
2019-08-23 08:55:14,927 [Datanode State Machine Thread - 0] INFO  ozoneimpl.OzoneContainer (OzoneContainer.java:start(186)) - Attempting to start container services.
2019-08-23 08:55:14,927 [Datanode State Machine Thread - 0] INFO  ozoneimpl.OzoneContainer (OzoneContainer.java:startContainerScrub(160)) - Background container scrubber has been disabled by hdds.containerscrub.enabled
2019-08-23 08:55:14,927 [Datanode State Machine Thread - 0] INFO  ratis.XceiverServerRatis (XceiverServerRatis.java:start(404)) - Starting XceiverServerRatis 41a0f0c5-dcae-4957-9d84-a3eda92e3b9a at port 0
2019-08-23 08:55:14,935 [Datanode State Machine Thread - 0] INFO  impl.RaftServerProxy (RaftServerProxy.java:lambda$start$3(299)) - 41a0f0c5-dcae-4957-9d84-a3eda92e3b9a: start RPC server
2019-08-23 08:55:14,937 [Datanode State Machine Thread - 0] INFO  server.GrpcService (GrpcService.java:startImpl(149)) - 41a0f0c5-dcae-4957-9d84-a3eda92e3b9a: GrpcService started, listening on 0.0.0.0/0.0.0.0:41266
2019-08-23 08:55:14,937 [Datanode State Machine Thread - 0] INFO  ratis.XceiverServerRatis (XceiverServerRatis.java:start(414)) - XceiverServerRatis 41a0f0c5-dcae-4957-9d84-a3eda92e3b9a is started using port 41266
2019-08-23 08:55:14,944 [Datanode State Machine Thread - 0] INFO  server.XceiverServerGrpc (XceiverServerGrpc.java:start(161)) - XceiverServerGrpc 41a0f0c5-dcae-4957-9d84-a3eda92e3b9a is started using port 39385
2019-08-23 08:55:15,329 | INFO  | SCMAudit | user=jenkins1000 | ip=192.168.36.124 | op=GET_VERSION null | ret=SUCCESS |  
2019-08-23 08:55:15,360 [Datanode State Machine Thread - 0] INFO  ozoneimpl.OzoneContainer (OzoneContainer.java:start(186)) - Attempting to start container services.
2019-08-23 08:55:15,360 [Datanode State Machine Thread - 0] INFO  ozoneimpl.OzoneContainer (OzoneContainer.java:startContainerScrub(160)) - Background container scrubber has been disabled by hdds.containerscrub.enabled
2019-08-23 08:55:15,360 [Datanode State Machine Thread - 0] INFO  ratis.XceiverServerRatis (XceiverServerRatis.java:start(404)) - Starting XceiverServerRatis 498c441f-a162-496a-a65b-a10e8976a87e at port 0
2019-08-23 08:55:15,368 [Datanode State Machine Thread - 0] INFO  impl.RaftServerProxy (RaftServerProxy.java:lambda$start$3(299)) - 498c441f-a162-496a-a65b-a10e8976a87e: start RPC server
2019-08-23 08:55:15,369 [Datanode State Machine Thread - 0] INFO  server.GrpcService (GrpcService.java:startImpl(149)) - 498c441f-a162-496a-a65b-a10e8976a87e: GrpcService started, listening on 0.0.0.0/0.0.0.0:43487
2019-08-23 08:55:15,369 [Datanode State Machine Thread - 0] INFO  ratis.XceiverServerRatis (XceiverServerRatis.java:start(414)) - XceiverServerRatis 498c441f-a162-496a-a65b-a10e8976a87e is started using port 43487
2019-08-23 08:55:15,369 [Datanode State Machine Thread - 0] INFO  server.XceiverServerGrpc (XceiverServerGrpc.java:start(161)) - XceiverServerGrpc 498c441f-a162-496a-a65b-a10e8976a87e is started using port 33210
2019-08-23 08:55:15,487 [main] INFO  ozone.MiniOzoneClusterImpl (MiniOzoneClusterImpl.java:lambda$waitForClusterToBeReady$0(142)) - Waiting for cluster to be ready. Got 0 of 7 DN Heartbeats.
2019-08-23 08:55:15,589 | INFO  | SCMAudit | user=jenkins1000 | ip=192.168.36.124 | op=GET_VERSION null | ret=SUCCESS |  
2019-08-23 08:55:15,623 [Datanode State Machine Thread - 0] INFO  ozoneimpl.OzoneContainer (OzoneContainer.java:start(186)) - Attempting to start container services.
2019-08-23 08:55:15,623 [Datanode State Machine Thread - 0] INFO  ozoneimpl.OzoneContainer (OzoneContainer.java:startContainerScrub(160)) - Background container scrubber has been disabled by hdds.containerscrub.enabled
2019-08-23 08:55:15,623 [Datanode State Machine Thread - 0] INFO  ratis.XceiverServerRatis (XceiverServerRatis.java:start(404)) - Starting XceiverServerRatis f3be3432-490e-49fc-803e-a9979897b3f3 at port 0
2019-08-23 08:55:15,630 [Datanode State Machine Thread - 0] INFO  impl.RaftServerProxy (RaftServerProxy.java:lambda$start$3(299)) - f3be3432-490e-49fc-803e-a9979897b3f3: start RPC server
2019-08-23 08:55:15,631 [Datanode State Machine Thread - 0] INFO  server.GrpcService (GrpcService.java:startImpl(149)) - f3be3432-490e-49fc-803e-a9979897b3f3: GrpcService started, listening on 0.0.0.0/0.0.0.0:43888
2019-08-23 08:55:15,631 [Datanode State Machine Thread - 0] INFO  ratis.XceiverServerRatis (XceiverServerRatis.java:start(414)) - XceiverServerRatis f3be3432-490e-49fc-803e-a9979897b3f3 is started using port 43888
2019-08-23 08:55:15,634 [Datanode State Machine Thread - 0] INFO  server.XceiverServerGrpc (XceiverServerGrpc.java:start(161)) - XceiverServerGrpc f3be3432-490e-49fc-803e-a9979897b3f3 is started using port 45396
2019-08-23 08:55:15,817 | INFO  | SCMAudit | user=jenkins1000 | ip=192.168.36.124 | op=GET_VERSION null | ret=SUCCESS |  
2019-08-23 08:55:15,840 [Datanode State Machine Thread - 0] INFO  ozoneimpl.OzoneContainer (OzoneContainer.java:start(186)) - Attempting to start container services.
2019-08-23 08:55:15,840 [Datanode State Machine Thread - 0] INFO  ozoneimpl.OzoneContainer (OzoneContainer.java:startContainerScrub(160)) - Background container scrubber has been disabled by hdds.containerscrub.enabled
2019-08-23 08:55:15,840 [Datanode State Machine Thread - 0] INFO  ratis.XceiverServerRatis (XceiverServerRatis.java:start(404)) - Starting XceiverServerRatis 6fb3350c-4c0c-4ad1-9d97-675c347d9711 at port 0
2019-08-23 08:55:15,846 [Datanode State Machine Thread - 0] INFO  impl.RaftServerProxy (RaftServerProxy.java:lambda$start$3(299)) - 6fb3350c-4c0c-4ad1-9d97-675c347d9711: start RPC server
2019-08-23 08:55:15,847 [Datanode State Machine Thread - 0] INFO  server.GrpcService (GrpcService.java:startImpl(149)) - 6fb3350c-4c0c-4ad1-9d97-675c347d9711: GrpcService started, listening on 0.0.0.0/0.0.0.0:42065
2019-08-23 08:55:15,847 [Datanode State Machine Thread - 0] INFO  ratis.XceiverServerRatis (XceiverServerRatis.java:start(414)) - XceiverServerRatis 6fb3350c-4c0c-4ad1-9d97-675c347d9711 is started using port 42065
2019-08-23 08:55:15,847 [Datanode State Machine Thread - 0] INFO  server.XceiverServerGrpc (XceiverServerGrpc.java:start(161)) - XceiverServerGrpc 6fb3350c-4c0c-4ad1-9d97-675c347d9711 is started using port 44469
2019-08-23 08:55:16,055 | INFO  | SCMAudit | user=jenkins1000 | ip=192.168.36.124 | op=GET_VERSION null | ret=SUCCESS |  
2019-08-23 08:55:16,074 [Datanode State Machine Thread - 0] INFO  ozoneimpl.OzoneContainer (OzoneContainer.java:start(186)) - Attempting to start container services.
2019-08-23 08:55:16,074 [Datanode State Machine Thread - 0] INFO  ozoneimpl.OzoneContainer (OzoneContainer.java:startContainerScrub(160)) - Background container scrubber has been disabled by hdds.containerscrub.enabled
2019-08-23 08:55:16,074 [Datanode State Machine Thread - 0] INFO  ratis.XceiverServerRatis (XceiverServerRatis.java:start(404)) - Starting XceiverServerRatis 48bcaf38-66ae-48c7-856d-3b6092bb7fbf at port 0
2019-08-23 08:55:16,080 [Datanode State Machine Thread - 0] INFO  impl.RaftServerProxy (RaftServerProxy.java:lambda$start$3(299)) - 48bcaf38-66ae-48c7-856d-3b6092bb7fbf: start RPC server
2019-08-23 08:55:16,081 [Datanode State Machine Thread - 0] INFO  server.GrpcService (GrpcService.java:startImpl(149)) - 48bcaf38-66ae-48c7-856d-3b6092bb7fbf: GrpcService started, listening on 0.0.0.0/0.0.0.0:45416
2019-08-23 08:55:16,081 [Datanode State Machine Thread - 0] INFO  ratis.XceiverServerRatis (XceiverServerRatis.java:start(414)) - XceiverServerRatis 48bcaf38-66ae-48c7-856d-3b6092bb7fbf is started using port 45416
2019-08-23 08:55:16,082 [Datanode State Machine Thread - 0] INFO  server.XceiverServerGrpc (XceiverServerGrpc.java:start(161)) - XceiverServerGrpc 48bcaf38-66ae-48c7-856d-3b6092bb7fbf is started using port 34018
2019-08-23 08:55:16,273 | INFO  | SCMAudit | user=jenkins1000 | ip=192.168.36.124 | op=GET_VERSION null | ret=SUCCESS |  
2019-08-23 08:55:16,292 [Datanode State Machine Thread - 0] INFO  ozoneimpl.OzoneContainer (OzoneContainer.java:start(186)) - Attempting to start container services.
2019-08-23 08:55:16,293 [Datanode State Machine Thread - 0] INFO  ozoneimpl.OzoneContainer (OzoneContainer.java:startContainerScrub(160)) - Background container scrubber has been disabled by hdds.containerscrub.enabled
2019-08-23 08:55:16,293 [Datanode State Machine Thread - 0] INFO  ratis.XceiverServerRatis (XceiverServerRatis.java:start(404)) - Starting XceiverServerRatis a29ade88-09c6-4e36-bef3-0197625c25fd at port 0
2019-08-23 08:55:16,299 [Datanode State Machine Thread - 0] INFO  impl.RaftServerProxy (RaftServerProxy.java:lambda$start$3(299)) - a29ade88-09c6-4e36-bef3-0197625c25fd: start RPC server
2019-08-23 08:55:16,300 [Datanode State Machine Thread - 0] INFO  server.GrpcService (GrpcService.java:startImpl(149)) - a29ade88-09c6-4e36-bef3-0197625c25fd: GrpcService started, listening on 0.0.0.0/0.0.0.0:39121
2019-08-23 08:55:16,300 [Datanode State Machine Thread - 0] INFO  ratis.XceiverServerRatis (XceiverServerRatis.java:start(414)) - XceiverServerRatis a29ade88-09c6-4e36-bef3-0197625c25fd is started using port 39121
2019-08-23 08:55:16,301 [Datanode State Machine Thread - 0] INFO  server.XceiverServerGrpc (XceiverServerGrpc.java:start(161)) - XceiverServerGrpc a29ade88-09c6-4e36-bef3-0197625c25fd is started using port 38684
2019-08-23 08:55:16,488 [main] INFO  ozone.MiniOzoneClusterImpl (MiniOzoneClusterImpl.java:lambda$waitForClusterToBeReady$0(142)) - Waiting for cluster to be ready. Got 0 of 7 DN Heartbeats.
2019-08-23 08:55:16,489 | INFO  | SCMAudit | user=jenkins1000 | ip=192.168.36.124 | op=GET_VERSION null | ret=SUCCESS |  
2019-08-23 08:55:16,503 [Datanode State Machine Thread - 0] INFO  ozoneimpl.OzoneContainer (OzoneContainer.java:start(186)) - Attempting to start container services.
2019-08-23 08:55:16,503 [Datanode State Machine Thread - 0] INFO  ozoneimpl.OzoneContainer (OzoneContainer.java:startContainerScrub(160)) - Background container scrubber has been disabled by hdds.containerscrub.enabled
2019-08-23 08:55:16,503 [Datanode State Machine Thread - 0] INFO  ratis.XceiverServerRatis (XceiverServerRatis.java:start(404)) - Starting XceiverServerRatis cafcd2ac-2701-4bb3-84b5-de2b0f6030b4 at port 0
2019-08-23 08:55:16,511 [Datanode State Machine Thread - 0] INFO  impl.RaftServerProxy (RaftServerProxy.java:lambda$start$3(299)) - cafcd2ac-2701-4bb3-84b5-de2b0f6030b4: start RPC server
2019-08-23 08:55:16,512 [Datanode State Machine Thread - 0] INFO  server.GrpcService (GrpcService.java:startImpl(149)) - cafcd2ac-2701-4bb3-84b5-de2b0f6030b4: GrpcService started, listening on 0.0.0.0/0.0.0.0:33498
2019-08-23 08:55:16,512 [Datanode State Machine Thread - 0] INFO  ratis.XceiverServerRatis (XceiverServerRatis.java:start(414)) - XceiverServerRatis cafcd2ac-2701-4bb3-84b5-de2b0f6030b4 is started using port 33498
2019-08-23 08:55:16,512 [Datanode State Machine Thread - 0] INFO  server.XceiverServerGrpc (XceiverServerGrpc.java:start(161)) - XceiverServerGrpc cafcd2ac-2701-4bb3-84b5-de2b0f6030b4 is started using port 38382
2019-08-23 08:55:16,902 [IPC Server handler 2 on 40511] INFO  net.NetworkTopology (NetworkTopologyImpl.java:add(110)) - Added a new node: /default-rack/41a0f0c5-dcae-4957-9d84-a3eda92e3b9a
2019-08-23 08:55:16,905 [IPC Server handler 2 on 40511] INFO  node.SCMNodeManager (SCMNodeManager.java:register(273)) - Registered Data node : 41a0f0c5-dcae-4957-9d84-a3eda92e3b9a{ip: 192.168.36.124, host: pr-hdds-2022-djmxw-136905289, networkLocation: /default-rack, certSerialId: null}
2019-08-23 08:55:16,906 [EventQueue-NodeRegistrationContainerReportForDataNodeSafeModeRule] INFO  safemode.SCMSafeModeManager (DataNodeSafeModeRule.java:process(71)) - SCM in safe mode. 1 DataNodes registered, 1 required.
2019-08-23 08:55:16,906 | INFO  | SCMAudit | user=jenkins1000 | ip=192.168.36.124 | op=REGISTER {datanodeDetails=41a0f0c5-dcae-4957-9d84-a3eda92e3b9a{ip: 192.168.36.124, host: pr-hdds-2022-djmxw-136905289, networkLocation: /default-rack, certSerialId: null}} | ret=SUCCESS |  
2019-08-23 08:55:16,909 [EventQueue-NodeRegistrationContainerReportForDataNodeSafeModeRule] INFO  safemode.SCMSafeModeManager (SCMSafeModeManager.java:validateSafeModeExitRules(177)) - ScmSafeModeManager, all rules are successfully validated
2019-08-23 08:55:16,909 [EventQueue-NodeRegistrationContainerReportForDataNodeSafeModeRule] INFO  safemode.SCMSafeModeManager (SCMSafeModeManager.java:exitSafeMode(193)) - SCM exiting safe mode.
2019-08-23 08:55:16,933 [grpc-default-executor-11] INFO  impl.RaftServerProxy (RaftServerProxy.java:addNew(89)) - 41a0f0c5-dcae-4957-9d84-a3eda92e3b9a: addNew group-485536A9BBBF:[41a0f0c5-dcae-4957-9d84-a3eda92e3b9a:192.168.36.124:41266] returns group-485536A9BBBF:java.util.concurrent.CompletableFuture@1a4faa4d[Not completed]
2019-08-23 08:55:16,935 [pool-439-thread-1] INFO  impl.RaftServerImpl (RaftServerImpl.java:<init>(93)) - 41a0f0c5-dcae-4957-9d84-a3eda92e3b9a: new RaftServerImpl for group-485536A9BBBF:[41a0f0c5-dcae-4957-9d84-a3eda92e3b9a:192.168.36.124:41266] with ContainerStateMachine:uninitialized
2019-08-23 08:55:16,935 [pool-439-thread-1] INFO  server.RaftServerConfigKeys (ConfUtils.java:logGet(43)) - raft.server.rpc.timeout.min = 5s (custom)
2019-08-23 08:55:16,935 [pool-439-thread-1] INFO  server.RaftServerConfigKeys (ConfUtils.java:logGet(43)) - raft.server.rpc.timeout.max = 5200ms (custom)
2019-08-23 08:55:16,936 [pool-439-thread-1] INFO  server.RaftServerConfigKeys (ConfUtils.java:logGet(43)) - raft.server.rpcslowness.timeout = 120s (custom)
2019-08-23 08:55:16,936 [pool-439-thread-1] INFO  server.RaftServerConfigKeys (ConfUtils.java:logGet(43)) - raft.server.sleep.deviation.threshold = 300 (default)
2019-08-23 08:55:16,936 [pool-439-thread-1] INFO  server.RaftServerConfigKeys (ConfUtils.java:logGet(43)) - raft.server.log.appender.install.snapshot.enabled = false (custom)
2019-08-23 08:55:16,936 [pool-439-thread-1] INFO  impl.RaftServerImpl (ServerState.java:<init>(105)) - 41a0f0c5-dcae-4957-9d84-a3eda92e3b9a:group-485536A9BBBF ConfigurationManager, init=-1: [41a0f0c5-dcae-4957-9d84-a3eda92e3b9a:192.168.36.124:41266], old=null, confs=<EMPTY_MAP>
2019-08-23 08:55:16,936 [pool-439-thread-1] INFO  server.RaftServerConfigKeys (ConfUtils.java:logGet(43)) - raft.server.storage.dir = [/workdir/hadoop-ozone/integration-test/target/test-dir/MiniOzoneClusterImpl-d13b65ac-93ce-4a90-95b1-b7730ece3208/datanode-0/data/ratis] (custom)
2019-08-23 08:55:16,937 [pool-439-thread-1] INFO  storage.RaftStorageDirectory (RaftStorageDirectory.java:analyzeStorage(246)) - The storage directory /workdir/hadoop-ozone/integration-test/target/test-dir/MiniOzoneClusterImpl-d13b65ac-93ce-4a90-95b1-b7730ece3208/datanode-0/data/ratis/138c7a05-9fad-4d2f-b95c-485536a9bbbf does not exist. Creating ...
2019-08-23 08:55:16,954 [pool-439-thread-1] INFO  storage.RaftStorageDirectory (RaftStorageDirectory.java:tryLock(328)) - Lock on /workdir/hadoop-ozone/integration-test/target/test-dir/MiniOzoneClusterImpl-d13b65ac-93ce-4a90-95b1-b7730ece3208/datanode-0/data/ratis/138c7a05-9fad-4d2f-b95c-485536a9bbbf/in_use.lock acquired by nodename 23685@pr-hdds-2022-djmxw-136905289
2019-08-23 08:55:16,984 [pool-439-thread-1] INFO  storage.RaftStorage (RaftStorage.java:format(72)) - Storage directory /workdir/hadoop-ozone/integration-test/target/test-dir/MiniOzoneClusterImpl-d13b65ac-93ce-4a90-95b1-b7730ece3208/datanode-0/data/ratis/138c7a05-9fad-4d2f-b95c-485536a9bbbf has been successfully formatted.
2019-08-23 08:55:16,985 [pool-439-thread-1] INFO  ratis.ContainerStateMachine (ContainerStateMachine.java:loadSnapshot(226)) - group-485536A9BBBF: The snapshot info is null. Setting the last applied indexto:(t:0, i:~)
2019-08-23 08:55:16,985 [pool-439-thread-1] INFO  server.RaftServerConfigKeys (ConfUtils.java:logGet(43)) - raft.server.leader.election.timeout = 120s (custom)
2019-08-23 08:55:16,985 [pool-439-thread-1] INFO  server.RaftServerConfigKeys (ConfUtils.java:logGet(43)) - raft.server.log.use.memory = false (default)
2019-08-23 08:55:16,986 [pool-439-thread-1] INFO  server.RaftServerConfigKeys (ConfUtils.java:logGet(43)) - raft.server.log.purge.gap = 1000000 (custom)
2019-08-23 08:55:16,986 [pool-439-thread-1] INFO  server.RaftServerConfigKeys (ConfUtils.java:logGet(43)) - raft.server.log.appender.buffer.byte-limit = 33554432 (custom)
2019-08-23 08:55:16,986 [pool-439-thread-1] INFO  server.RaftServerConfigKeys (ConfUtils.java:logGet(43)) - raft.server.log.segment.size.max = 1048576 (custom)
2019-08-23 08:55:16,986 [pool-439-thread-1] INFO  server.RaftServerConfigKeys (ConfUtils.java:logGet(43)) - raft.server.log.segment.cache.num.max = 2 (custom)
2019-08-23 08:55:16,986 [pool-439-thread-1] INFO  segmented.SegmentedRaftLogWorker (SegmentedRaftLogWorker.java:<init>(172)) - new 41a0f0c5-dcae-4957-9d84-a3eda92e3b9a-SegmentedRaftLogWorker:Storage Directory /workdir/hadoop-ozone/integration-test/target/test-dir/MiniOzoneClusterImpl-d13b65ac-93ce-4a90-95b1-b7730ece3208/datanode-0/data/ratis/138c7a05-9fad-4d2f-b95c-485536a9bbbf for RaftStorage:Storage Directory /workdir/hadoop-ozone/integration-test/target/test-dir/MiniOzoneClusterImpl-d13b65ac-93ce-4a90-95b1-b7730ece3208/datanode-0/data/ratis/138c7a05-9fad-4d2f-b95c-485536a9bbbf
2019-08-23 08:55:16,987 [pool-439-thread-1] INFO  server.RaftServerConfigKeys (ConfUtils.java:logGet(43)) - raft.server.log.queue.byte-limit = 2147483647 (custom)
2019-08-23 08:55:16,987 [pool-439-thread-1] INFO  server.RaftServerConfigKeys (ConfUtils.java:logGet(43)) - raft.server.log.queue.element-limit = 1024 (custom)
2019-08-23 08:55:16,987 [pool-439-thread-1] INFO  server.RaftServerConfigKeys (ConfUtils.java:logGet(43)) - raft.server.log.segment.size.max = 1048576 (custom)
2019-08-23 08:55:16,987 [pool-439-thread-1] INFO  server.RaftServerConfigKeys (ConfUtils.java:logGet(43)) - raft.server.log.preallocated.size = 16384 (custom)
2019-08-23 08:55:16,988 [pool-439-thread-1] INFO  server.RaftServerConfigKeys (ConfUtils.java:logGet(43)) - raft.server.log.write.buffer.size = 33554432 (custom)
2019-08-23 08:55:16,988 [pool-439-thread-1] INFO  server.RaftServerConfigKeys (ConfUtils.java:logGet(43)) - raft.server.log.force.sync.num = 128 (default)
2019-08-23 08:55:16,988 [pool-439-thread-1] INFO  server.RaftServerConfigKeys (ConfUtils.java:logGet(43)) - raft.server.log.statemachine.data.sync = true (default)
2019-08-23 08:55:16,988 [pool-439-thread-1] INFO  server.RaftServerConfigKeys (ConfUtils.java:logGet(43)) - raft.server.log.statemachine.data.sync.timeout = 10s (default)
2019-08-23 08:55:16,988 [pool-439-thread-1] INFO  server.RaftServerConfigKeys (ConfUtils.java:logGet(43)) - raft.server.log.statemachine.data.sync.timeout.retry = -1 (default)
2019-08-23 08:55:16,989 [pool-439-thread-1] INFO  server.RaftServerConfigKeys (ConfUtils.java:logGet(43)) - raft.server.log.statemachine.data.caching.enabled = true (custom)
2019-08-23 08:55:16,989 [pool-439-thread-1] INFO  segmented.SegmentedRaftLogWorker (SegmentedRaftLogWorker.java:lambda$new$0(132)) - 41a0f0c5-dcae-4957-9d84-a3eda92e3b9a-SegmentedRaftLogWorker:Storage Directory /workdir/hadoop-ozone/integration-test/target/test-dir/MiniOzoneClusterImpl-d13b65ac-93ce-4a90-95b1-b7730ece3208/datanode-0/data/ratis/138c7a05-9fad-4d2f-b95c-485536a9bbbf: flushIndex: setUnconditionally 0 -> -1
2019-08-23 08:55:16,990 [pool-439-thread-1] INFO  server.RaftServerConfigKeys (ConfUtils.java:logGet(43)) - raft.server.snapshot.auto.trigger.enabled = true (custom)
2019-08-23 08:55:16,990 [pool-439-thread-1] INFO  server.RaftServerConfigKeys (ConfUtils.java:logGet(43)) - raft.server.snapshot.auto.trigger.threshold = 10000 (custom)
2019-08-23 08:55:16,990 [pool-439-thread-1] INFO  server.RaftServerConfigKeys (ConfUtils.java:logGet(43)) - raft.server.retrycache.expirytime = 600000ms (custom)
2019-08-23 08:55:16,990 [pool-439-thread-1] INFO  impl.RaftServerImpl (RaftServerImpl.java:start(180)) - 41a0f0c5-dcae-4957-9d84-a3eda92e3b9a: start group-485536A9BBBF
2019-08-23 08:55:16,991 [pool-439-thread-1] INFO  impl.RaftServerImpl (RaftServerImpl.java:setRole(171)) - 41a0f0c5-dcae-4957-9d84-a3eda92e3b9a:group-485536A9BBBF changes role from null to FOLLOWER at term 0 for startAsFollower
2019-08-23 08:55:16,991 [pool-439-thread-1] INFO  impl.RoleInfo (RoleInfo.java:updateAndGet(143)) - 41a0f0c5-dcae-4957-9d84-a3eda92e3b9a: start FollowerState
2019-08-23 08:55:16,992 [pool-439-thread-1] INFO  util.JmxRegister (JmxRegister.java:tryRegister(44)) - Successfully registered JMX Bean with object name Ratis:service=RaftServer,group=group-485536A9BBBF,id=41a0f0c5-dcae-4957-9d84-a3eda92e3b9a
2019-08-23 08:55:16,996 [RatisPipelineUtilsThread] INFO  pipeline.PipelineStateManager (PipelineStateManager.java:addPipeline(56)) - Created pipeline Pipeline[ Id: 138c7a05-9fad-4d2f-b95c-485536a9bbbf, Nodes: 41a0f0c5-dcae-4957-9d84-a3eda92e3b9a{ip: 192.168.36.124, host: pr-hdds-2022-djmxw-136905289, networkLocation: /default-rack, certSerialId: null}, Type:RATIS, Factor:ONE, State:OPEN]
2019-08-23 08:55:17,329 [IPC Server handler 4 on 40511] INFO  net.NetworkTopology (NetworkTopologyImpl.java:add(110)) - Added a new node: /default-rack/498c441f-a162-496a-a65b-a10e8976a87e
2019-08-23 08:55:17,330 [IPC Server handler 4 on 40511] INFO  node.SCMNodeManager (SCMNodeManager.java:register(273)) - Registered Data node : 498c441f-a162-496a-a65b-a10e8976a87e{ip: 192.168.36.124, host: pr-hdds-2022-djmxw-136905289, networkLocation: /default-rack, certSerialId: null}
2019-08-23 08:55:17,330 | INFO  | SCMAudit | user=jenkins1000 | ip=192.168.36.124 | op=REGISTER {datanodeDetails=498c441f-a162-496a-a65b-a10e8976a87e{ip: 192.168.36.124, host: pr-hdds-2022-djmxw-136905289, networkLocation: /default-rack, certSerialId: null}} | ret=SUCCESS |  
2019-08-23 08:55:17,339 [grpc-default-executor-11] INFO  impl.RaftServerProxy (RaftServerProxy.java:addNew(89)) - 498c441f-a162-496a-a65b-a10e8976a87e: addNew group-855042AFCB54:[498c441f-a162-496a-a65b-a10e8976a87e:192.168.36.124:43487] returns group-855042AFCB54:java.util.concurrent.CompletableFuture@6ed8ca08[Not completed]
2019-08-23 08:55:17,341 [pool-450-thread-1] INFO  impl.RaftServerImpl (RaftServerImpl.java:<init>(93)) - 498c441f-a162-496a-a65b-a10e8976a87e: new RaftServerImpl for group-855042AFCB54:[498c441f-a162-496a-a65b-a10e8976a87e:192.168.36.124:43487] with ContainerStateMachine:uninitialized
2019-08-23 08:55:17,341 [pool-450-thread-1] INFO  server.RaftServerConfigKeys (ConfUtils.java:logGet(43)) - raft.server.rpc.timeout.min = 5s (custom)
2019-08-23 08:55:17,341 [pool-450-thread-1] INFO  server.RaftServerConfigKeys (ConfUtils.java:logGet(43)) - raft.server.rpc.timeout.max = 5200ms (custom)
2019-08-23 08:55:17,341 [pool-450-thread-1] INFO  server.RaftServerConfigKeys (ConfUtils.java:logGet(43)) - raft.server.rpcslowness.timeout = 120s (custom)
2019-08-23 08:55:17,341 [pool-450-thread-1] INFO  server.RaftServerConfigKeys (ConfUtils.java:logGet(43)) - raft.server.sleep.deviation.threshold = 300 (default)
2019-08-23 08:55:17,341 [pool-450-thread-1] INFO  server.RaftServerConfigKeys (ConfUtils.java:logGet(43)) - raft.server.log.appender.install.snapshot.enabled = false (custom)
2019-08-23 08:55:17,341 [pool-450-thread-1] INFO  impl.RaftServerImpl (ServerState.java:<init>(105)) - 498c441f-a162-496a-a65b-a10e8976a87e:group-855042AFCB54 ConfigurationManager, init=-1: [498c441f-a162-496a-a65b-a10e8976a87e:192.168.36.124:43487], old=null, confs=<EMPTY_MAP>
2019-08-23 08:55:17,342 [pool-450-thread-1] INFO  server.RaftServerConfigKeys (ConfUtils.java:logGet(43)) - raft.server.storage.dir = [/workdir/hadoop-ozone/integration-test/target/test-dir/MiniOzoneClusterImpl-d13b65ac-93ce-4a90-95b1-b7730ece3208/datanode-1/data/ratis] (custom)
2019-08-23 08:55:17,342 [pool-450-thread-1] INFO  storage.RaftStorageDirectory (RaftStorageDirectory.java:analyzeStorage(246)) - The storage directory /workdir/hadoop-ozone/integration-test/target/test-dir/MiniOzoneClusterImpl-d13b65ac-93ce-4a90-95b1-b7730ece3208/datanode-1/data/ratis/a814e56a-908a-424c-ab51-855042afcb54 does not exist. Creating ...
2019-08-23 08:55:17,358 [pool-450-thread-1] INFO  storage.RaftStorageDirectory (RaftStorageDirectory.java:tryLock(328)) - Lock on /workdir/hadoop-ozone/integration-test/target/test-dir/MiniOzoneClusterImpl-d13b65ac-93ce-4a90-95b1-b7730ece3208/datanode-1/data/ratis/a814e56a-908a-424c-ab51-855042afcb54/in_use.lock acquired by nodename 23685@pr-hdds-2022-djmxw-136905289
2019-08-23 08:55:17,374 [pool-450-thread-1] INFO  storage.RaftStorage (RaftStorage.java:format(72)) - Storage directory /workdir/hadoop-ozone/integration-test/target/test-dir/MiniOzoneClusterImpl-d13b65ac-93ce-4a90-95b1-b7730ece3208/datanode-1/data/ratis/a814e56a-908a-424c-ab51-855042afcb54 has been successfully formatted.
2019-08-23 08:55:17,374 [pool-450-thread-1] INFO  ratis.ContainerStateMachine (ContainerStateMachine.java:loadSnapshot(226)) - group-855042AFCB54: The snapshot info is null. Setting the last applied indexto:(t:0, i:~)
2019-08-23 08:55:17,375 [pool-450-thread-1] INFO  server.RaftServerConfigKeys (ConfUtils.java:logGet(43)) - raft.server.leader.election.timeout = 120s (custom)
2019-08-23 08:55:17,375 [pool-450-thread-1] INFO  server.RaftServerConfigKeys (ConfUtils.java:logGet(43)) - raft.server.log.use.memory = false (default)
2019-08-23 08:55:17,375 [pool-450-thread-1] INFO  server.RaftServerConfigKeys (ConfUtils.java:logGet(43)) - raft.server.log.purge.gap = 1000000 (custom)
2019-08-23 08:55:17,375 [pool-450-thread-1] INFO  server.RaftServerConfigKeys (ConfUtils.java:logGet(43)) - raft.server.log.appender.buffer.byte-limit = 33554432 (custom)
2019-08-23 08:55:17,375 [pool-450-thread-1] INFO  server.RaftServerConfigKeys (ConfUtils.java:logGet(43)) - raft.server.log.segment.size.max = 1048576 (custom)
2019-08-23 08:55:17,375 [pool-450-thread-1] INFO  server.RaftServerConfigKeys (ConfUtils.java:logGet(43)) - raft.server.log.segment.cache.num.max = 2 (custom)
2019-08-23 08:55:17,376 [pool-450-thread-1] INFO  segmented.SegmentedRaftLogWorker (SegmentedRaftLogWorker.java:<init>(172)) - new 498c441f-a162-496a-a65b-a10e8976a87e-SegmentedRaftLogWorker:Storage Directory /workdir/hadoop-ozone/integration-test/target/test-dir/MiniOzoneClusterImpl-d13b65ac-93ce-4a90-95b1-b7730ece3208/datanode-1/data/ratis/a814e56a-908a-424c-ab51-855042afcb54 for RaftStorage:Storage Directory /workdir/hadoop-ozone/integration-test/target/test-dir/MiniOzoneClusterImpl-d13b65ac-93ce-4a90-95b1-b7730ece3208/datanode-1/data/ratis/a814e56a-908a-424c-ab51-855042afcb54
2019-08-23 08:55:17,376 [pool-450-thread-1] INFO  server.RaftServerConfigKeys (ConfUtils.java:logGet(43)) - raft.server.log.queue.byte-limit = 2147483647 (custom)
2019-08-23 08:55:17,376 [pool-450-thread-1] INFO  server.RaftServerConfigKeys (ConfUtils.java:logGet(43)) - raft.server.log.queue.element-limit = 1024 (custom)
2019-08-23 08:55:17,376 [pool-450-thread-1] INFO  server.RaftServerConfigKeys (ConfUtils.java:logGet(43)) - raft.server.log.segment.size.max = 1048576 (custom)
2019-08-23 08:55:17,376 [pool-450-thread-1] INFO  server.RaftServerConfigKeys (ConfUtils.java:logGet(43)) - raft.server.log.preallocated.size = 16384 (custom)
2019-08-23 08:55:17,376 [pool-450-thread-1] INFO  server.RaftServerConfigKeys (ConfUtils.java:logGet(43)) - raft.server.log.write.buffer.size = 33554432 (custom)
2019-08-23 08:55:17,377 [pool-450-thread-1] INFO  server.RaftServerConfigKeys (ConfUtils.java:logGet(43)) - raft.server.log.force.sync.num = 128 (default)
2019-08-23 08:55:17,377 [pool-450-thread-1] INFO  server.RaftServerConfigKeys (ConfUtils.java:logGet(43)) - raft.server.log.statemachine.data.sync = true (default)
2019-08-23 08:55:17,377 [pool-450-thread-1] INFO  server.RaftServerConfigKeys (ConfUtils.java:logGet(43)) - raft.server.log.statemachine.data.sync.timeout = 10s (default)
2019-08-23 08:55:17,377 [pool-450-thread-1] INFO  server.RaftServerConfigKeys (ConfUtils.java:logGet(43)) - raft.server.log.statemachine.data.sync.timeout.retry = -1 (default)
2019-08-23 08:55:17,377 [pool-450-thread-1] INFO  server.RaftServerConfigKeys (ConfUtils.java:logGet(43)) - raft.server.log.statemachine.data.caching.enabled = true (custom)
2019-08-23 08:55:17,378 [pool-450-thread-1] INFO  segmented.SegmentedRaftLogWorker (SegmentedRaftLogWorker.java:lambda$new$0(132)) - 498c441f-a162-496a-a65b-a10e8976a87e-SegmentedRaftLogWorker:Storage Directory /workdir/hadoop-ozone/integration-test/target/test-dir/MiniOzoneClusterImpl-d13b65ac-93ce-4a90-95b1-b7730ece3208/datanode-1/data/ratis/a814e56a-908a-424c-ab51-855042afcb54: flushIndex: setUnconditionally 0 -> -1
2019-08-23 08:55:17,379 [pool-450-thread-1] INFO  server.RaftServerConfigKeys (ConfUtils.java:logGet(43)) - raft.server.snapshot.auto.trigger.enabled = true (custom)
2019-08-23 08:55:17,379 [pool-450-thread-1] INFO  server.RaftServerConfigKeys (ConfUtils.java:logGet(43)) - raft.server.snapshot.auto.trigger.threshold = 10000 (custom)
2019-08-23 08:55:17,379 [pool-450-thread-1] INFO  server.RaftServerConfigKeys (ConfUtils.java:logGet(43)) - raft.server.retrycache.expirytime = 600000ms (custom)
2019-08-23 08:55:17,379 [pool-450-thread-1] INFO  impl.RaftServerImpl (RaftServerImpl.java:start(180)) - 498c441f-a162-496a-a65b-a10e8976a87e: start group-855042AFCB54
2019-08-23 08:55:17,379 [pool-450-thread-1] INFO  impl.RaftServerImpl (RaftServerImpl.java:setRole(171)) - 498c441f-a162-496a-a65b-a10e8976a87e:group-855042AFCB54 changes role from null to FOLLOWER at term 0 for startAsFollower
2019-08-23 08:55:17,379 [pool-450-thread-1] INFO  impl.RoleInfo (RoleInfo.java:updateAndGet(143)) - 498c441f-a162-496a-a65b-a10e8976a87e: start FollowerState
2019-08-23 08:55:17,380 [pool-450-thread-1] INFO  util.JmxRegister (JmxRegister.java:tryRegister(44)) - Successfully registered JMX Bean with object name Ratis:service=RaftServer,group=group-855042AFCB54,id=498c441f-a162-496a-a65b-a10e8976a87e
2019-08-23 08:55:17,383 [RatisPipelineUtilsThread] INFO  pipeline.PipelineStateManager (PipelineStateManager.java:addPipeline(56)) - Created pipeline Pipeline[ Id: a814e56a-908a-424c-ab51-855042afcb54, Nodes: 498c441f-a162-496a-a65b-a10e8976a87e{ip: 192.168.36.124, host: pr-hdds-2022-djmxw-136905289, networkLocation: /default-rack, certSerialId: null}, Type:RATIS, Factor:ONE, State:OPEN]
2019-08-23 08:55:17,488 [main] INFO  ozone.MiniOzoneClusterImpl (MiniOzoneClusterImpl.java:lambda$waitForClusterToBeReady$0(142)) - Waiting for cluster to be ready. Got 2 of 7 DN Heartbeats.
2019-08-23 08:55:17,589 [IPC Server handler 0 on 40511] INFO  net.NetworkTopology (NetworkTopologyImpl.java:add(110)) - Added a new node: /default-rack/f3be3432-490e-49fc-803e-a9979897b3f3
2019-08-23 08:55:17,590 [IPC Server handler 0 on 40511] INFO  node.SCMNodeManager (SCMNodeManager.java:register(273)) - Registered Data node : f3be3432-490e-49fc-803e-a9979897b3f3{ip: 192.168.36.124, host: pr-hdds-2022-djmxw-136905289, networkLocation: /default-rack, certSerialId: null}
2019-08-23 08:55:17,590 | INFO  | SCMAudit | user=jenkins1000 | ip=192.168.36.124 | op=REGISTER {datanodeDetails=f3be3432-490e-49fc-803e-a9979897b3f3{ip: 192.168.36.124, host: pr-hdds-2022-djmxw-136905289, networkLocation: /default-rack, certSerialId: null}} | ret=SUCCESS |  
2019-08-23 08:55:17,598 [grpc-default-executor-11] INFO  impl.RaftServerProxy (RaftServerProxy.java:addNew(89)) - f3be3432-490e-49fc-803e-a9979897b3f3: addNew group-55387C273D29:[f3be3432-490e-49fc-803e-a9979897b3f3:192.168.36.124:43888] returns group-55387C273D29:java.util.concurrent.CompletableFuture@237f1d0d[Not completed]
2019-08-23 08:55:17,599 [pool-461-thread-1] INFO  impl.RaftServerImpl (RaftServerImpl.java:<init>(93)) - f3be3432-490e-49fc-803e-a9979897b3f3: new RaftServerImpl for group-55387C273D29:[f3be3432-490e-49fc-803e-a9979897b3f3:192.168.36.124:43888] with ContainerStateMachine:uninitialized
2019-08-23 08:55:17,599 [pool-461-thread-1] INFO  server.RaftServerConfigKeys (ConfUtils.java:logGet(43)) - raft.server.rpc.timeout.min = 5s (custom)
2019-08-23 08:55:17,599 [pool-461-thread-1] INFO  server.RaftServerConfigKeys (ConfUtils.java:logGet(43)) - raft.server.rpc.timeout.max = 5200ms (custom)
2019-08-23 08:55:17,599 [pool-461-thread-1] INFO  server.RaftServerConfigKeys (ConfUtils.java:logGet(43)) - raft.server.rpcslowness.timeout = 120s (custom)
2019-08-23 08:55:17,599 [pool-461-thread-1] INFO  server.RaftServerConfigKeys (ConfUtils.java:logGet(43)) - raft.server.sleep.deviation.threshold = 300 (default)
2019-08-23 08:55:17,600 [pool-461-thread-1] INFO  server.RaftServerConfigKeys (ConfUtils.java:logGet(43)) - raft.server.log.appender.install.snapshot.enabled = false (custom)
2019-08-23 08:55:17,600 [pool-461-thread-1] INFO  impl.RaftServerImpl (ServerState.java:<init>(105)) - f3be3432-490e-49fc-803e-a9979897b3f3:group-55387C273D29 ConfigurationManager, init=-1: [f3be3432-490e-49fc-803e-a9979897b3f3:192.168.36.124:43888], old=null, confs=<EMPTY_MAP>
2019-08-23 08:55:17,600 [pool-461-thread-1] INFO  server.RaftServerConfigKeys (ConfUtils.java:logGet(43)) - raft.server.storage.dir = [/workdir/hadoop-ozone/integration-test/target/test-dir/MiniOzoneClusterImpl-d13b65ac-93ce-4a90-95b1-b7730ece3208/datanode-2/data/ratis] (custom)
2019-08-23 08:55:17,600 [pool-461-thread-1] INFO  storage.RaftStorageDirectory (RaftStorageDirectory.java:analyzeStorage(246)) - The storage directory /workdir/hadoop-ozone/integration-test/target/test-dir/MiniOzoneClusterImpl-d13b65ac-93ce-4a90-95b1-b7730ece3208/datanode-2/data/ratis/37aadf20-4781-43ab-8270-55387c273d29 does not exist. Creating ...
2019-08-23 08:55:17,620 [pool-461-thread-1] INFO  storage.RaftStorageDirectory (RaftStorageDirectory.java:tryLock(328)) - Lock on /workdir/hadoop-ozone/integration-test/target/test-dir/MiniOzoneClusterImpl-d13b65ac-93ce-4a90-95b1-b7730ece3208/datanode-2/data/ratis/37aadf20-4781-43ab-8270-55387c273d29/in_use.lock acquired by nodename 23685@pr-hdds-2022-djmxw-136905289
2019-08-23 08:55:17,635 [pool-461-thread-1] INFO  storage.RaftStorage (RaftStorage.java:format(72)) - Storage directory /workdir/hadoop-ozone/integration-test/target/test-dir/MiniOzoneClusterImpl-d13b65ac-93ce-4a90-95b1-b7730ece3208/datanode-2/data/ratis/37aadf20-4781-43ab-8270-55387c273d29 has been successfully formatted.
2019-08-23 08:55:17,635 [pool-461-thread-1] INFO  ratis.ContainerStateMachine (ContainerStateMachine.java:loadSnapshot(226)) - group-55387C273D29: The snapshot info is null. Setting the last applied indexto:(t:0, i:~)
2019-08-23 08:55:17,635 [pool-461-thread-1] INFO  server.RaftServerConfigKeys (ConfUtils.java:logGet(43)) - raft.server.leader.election.timeout = 120s (custom)
2019-08-23 08:55:17,636 [pool-461-thread-1] INFO  server.RaftServerConfigKeys (ConfUtils.java:logGet(43)) - raft.server.log.use.memory = false (default)
2019-08-23 08:55:17,636 [pool-461-thread-1] INFO  server.RaftServerConfigKeys (ConfUtils.java:logGet(43)) - raft.server.log.purge.gap = 1000000 (custom)
2019-08-23 08:55:17,636 [pool-461-thread-1] INFO  server.RaftServerConfigKeys (ConfUtils.java:logGet(43)) - raft.server.log.appender.buffer.byte-limit = 33554432 (custom)
2019-08-23 08:55:17,636 [pool-461-thread-1] INFO  server.RaftServerConfigKeys (ConfUtils.java:logGet(43)) - raft.server.log.segment.size.max = 1048576 (custom)
2019-08-23 08:55:17,636 [pool-461-thread-1] INFO  server.RaftServerConfigKeys (ConfUtils.java:logGet(43)) - raft.server.log.segment.cache.num.max = 2 (custom)
2019-08-23 08:55:17,636 [pool-461-thread-1] INFO  segmented.SegmentedRaftLogWorker (SegmentedRaftLogWorker.java:<init>(172)) - new f3be3432-490e-49fc-803e-a9979897b3f3-SegmentedRaftLogWorker:Storage Directory /workdir/hadoop-ozone/integration-test/target/test-dir/MiniOzoneClusterImpl-d13b65ac-93ce-4a90-95b1-b7730ece3208/datanode-2/data/ratis/37aadf20-4781-43ab-8270-55387c273d29 for RaftStorage:Storage Directory /workdir/hadoop-ozone/integration-test/target/test-dir/MiniOzoneClusterImpl-d13b65ac-93ce-4a90-95b1-b7730ece3208/datanode-2/data/ratis/37aadf20-4781-43ab-8270-55387c273d29
2019-08-23 08:55:17,636 [pool-461-thread-1] INFO  server.RaftServerConfigKeys (ConfUtils.java:logGet(43)) - raft.server.log.queue.byte-limit = 2147483647 (custom)
2019-08-23 08:55:17,636 [pool-461-thread-1] INFO  server.RaftServerConfigKeys (ConfUtils.java:logGet(43)) - raft.server.log.queue.element-limit = 1024 (custom)
2019-08-23 08:55:17,637 [pool-461-thread-1] INFO  server.RaftServerConfigKeys (ConfUtils.java:logGet(43)) - raft.server.log.segment.size.max = 1048576 (custom)
2019-08-23 08:55:17,637 [pool-461-thread-1] INFO  server.RaftServerConfigKeys (ConfUtils.java:logGet(43)) - raft.server.log.preallocated.size = 16384 (custom)
2019-08-23 08:55:17,637 [pool-461-thread-1] INFO  server.RaftServerConfigKeys (ConfUtils.java:logGet(43)) - raft.server.log.write.buffer.size = 33554432 (custom)
2019-08-23 08:55:17,637 [pool-461-thread-1] INFO  server.RaftServerConfigKeys (ConfUtils.java:logGet(43)) - raft.server.log.force.sync.num = 128 (default)
2019-08-23 08:55:17,637 [pool-461-thread-1] INFO  server.RaftServerConfigKeys (ConfUtils.java:logGet(43)) - raft.server.log.statemachine.data.sync = true (default)
2019-08-23 08:55:17,637 [pool-461-thread-1] INFO  server.RaftServerConfigKeys (ConfUtils.java:logGet(43)) - raft.server.log.statemachine.data.sync.timeout = 10s (default)
2019-08-23 08:55:17,637 [pool-461-thread-1] INFO  server.RaftServerConfigKeys (ConfUtils.java:logGet(43)) - raft.server.log.statemachine.data.sync.timeout.retry = -1 (default)
2019-08-23 08:55:17,637 [pool-461-thread-1] INFO  server.RaftServerConfigKeys (ConfUtils.java:logGet(43)) - raft.server.log.statemachine.data.caching.enabled = true (custom)
2019-08-23 08:55:17,638 [pool-461-thread-1] INFO  segmented.SegmentedRaftLogWorker (SegmentedRaftLogWorker.java:lambda$new$0(132)) - f3be3432-490e-49fc-803e-a9979897b3f3-SegmentedRaftLogWorker:Storage Directory /workdir/hadoop-ozone/integration-test/target/test-dir/MiniOzoneClusterImpl-d13b65ac-93ce-4a90-95b1-b7730ece3208/datanode-2/data/ratis/37aadf20-4781-43ab-8270-55387c273d29: flushIndex: setUnconditionally 0 -> -1
2019-08-23 08:55:17,638 [pool-461-thread-1] INFO  server.RaftServerConfigKeys (ConfUtils.java:logGet(43)) - raft.server.snapshot.auto.trigger.enabled = true (custom)
2019-08-23 08:55:17,638 [pool-461-thread-1] INFO  server.RaftServerConfigKeys (ConfUtils.java:logGet(43)) - raft.server.snapshot.auto.trigger.threshold = 10000 (custom)
2019-08-23 08:55:17,638 [pool-461-thread-1] INFO  server.RaftServerConfigKeys (ConfUtils.java:logGet(43)) - raft.server.retrycache.expirytime = 600000ms (custom)
2019-08-23 08:55:17,638 [pool-461-thread-1] INFO  impl.RaftServerImpl (RaftServerImpl.java:start(180)) - f3be3432-490e-49fc-803e-a9979897b3f3: start group-55387C273D29
2019-08-23 08:55:17,638 [pool-461-thread-1] INFO  impl.RaftServerImpl (RaftServerImpl.java:setRole(171)) - f3be3432-490e-49fc-803e-a9979897b3f3:group-55387C273D29 changes role from null to FOLLOWER at term 0 for startAsFollower
2019-08-23 08:55:17,639 [pool-461-thread-1] INFO  impl.RoleInfo (RoleInfo.java:updateAndGet(143)) - f3be3432-490e-49fc-803e-a9979897b3f3: start FollowerState
2019-08-23 08:55:17,639 [pool-461-thread-1] INFO  util.JmxRegister (JmxRegister.java:tryRegister(44)) - Successfully registered JMX Bean with object name Ratis:service=RaftServer,group=group-55387C273D29,id=f3be3432-490e-49fc-803e-a9979897b3f3
2019-08-23 08:55:17,641 [RatisPipelineUtilsThread] INFO  pipeline.PipelineStateManager (PipelineStateManager.java:addPipeline(56)) - Created pipeline Pipeline[ Id: 37aadf20-4781-43ab-8270-55387c273d29, Nodes: f3be3432-490e-49fc-803e-a9979897b3f3{ip: 192.168.36.124, host: pr-hdds-2022-djmxw-136905289, networkLocation: /default-rack, certSerialId: null}, Type:RATIS, Factor:ONE, State:OPEN]
2019-08-23 08:55:17,655 [grpc-default-executor-1] INFO  impl.RaftServerProxy (RaftServerProxy.java:addNew(89)) - f3be3432-490e-49fc-803e-a9979897b3f3: addNew group-6740F22B7E0F:[498c441f-a162-496a-a65b-a10e8976a87e:192.168.36.124:43487, f3be3432-490e-49fc-803e-a9979897b3f3:192.168.36.124:43888, 41a0f0c5-dcae-4957-9d84-a3eda92e3b9a:192.168.36.124:41266] returns group-6740F22B7E0F:java.util.concurrent.CompletableFuture@1954400f[Not completed]
2019-08-23 08:55:17,655 [grpc-default-executor-11] INFO  impl.RaftServerProxy (RaftServerProxy.java:addNew(89)) - 41a0f0c5-dcae-4957-9d84-a3eda92e3b9a: addNew group-6740F22B7E0F:[498c441f-a162-496a-a65b-a10e8976a87e:192.168.36.124:43487, f3be3432-490e-49fc-803e-a9979897b3f3:192.168.36.124:43888, 41a0f0c5-dcae-4957-9d84-a3eda92e3b9a:192.168.36.124:41266] returns group-6740F22B7E0F:java.util.concurrent.CompletableFuture@1226122f[Not completed]
2019-08-23 08:55:17,656 [grpc-default-executor-9] INFO  impl.RaftServerProxy (RaftServerProxy.java:addNew(89)) - 498c441f-a162-496a-a65b-a10e8976a87e: addNew group-6740F22B7E0F:[498c441f-a162-496a-a65b-a10e8976a87e:192.168.36.124:43487, f3be3432-490e-49fc-803e-a9979897b3f3:192.168.36.124:43888, 41a0f0c5-dcae-4957-9d84-a3eda92e3b9a:192.168.36.124:41266] returns group-6740F22B7E0F:java.util.concurrent.CompletableFuture@1ef35e8a[Not completed]
2019-08-23 08:55:17,657 [pool-461-thread-1] INFO  impl.RaftServerImpl (RaftServerImpl.java:<init>(93)) - f3be3432-490e-49fc-803e-a9979897b3f3: new RaftServerImpl for group-6740F22B7E0F:[498c441f-a162-496a-a65b-a10e8976a87e:192.168.36.124:43487, f3be3432-490e-49fc-803e-a9979897b3f3:192.168.36.124:43888, 41a0f0c5-dcae-4957-9d84-a3eda92e3b9a:192.168.36.124:41266] with ContainerStateMachine:uninitialized
2019-08-23 08:55:17,657 [pool-461-thread-1] INFO  server.RaftServerConfigKeys (ConfUtils.java:logGet(43)) - raft.server.rpc.timeout.min = 5s (custom)
2019-08-23 08:55:17,657 [pool-461-thread-1] INFO  server.RaftServerConfigKeys (ConfUtils.java:logGet(43)) - raft.server.rpc.timeout.max = 5200ms (custom)
2019-08-23 08:55:17,657 [pool-461-thread-1] INFO  server.RaftServerConfigKeys (ConfUtils.java:logGet(43)) - raft.server.rpcslowness.timeout = 120s (custom)
2019-08-23 08:55:17,657 [pool-461-thread-1] INFO  server.RaftServerConfigKeys (ConfUtils.java:logGet(43)) - raft.server.sleep.deviation.threshold = 300 (default)
2019-08-23 08:55:17,657 [pool-461-thread-1] INFO  server.RaftServerConfigKeys (ConfUtils.java:logGet(43)) - raft.server.log.appender.install.snapshot.enabled = false (custom)
2019-08-23 08:55:17,657 [pool-461-thread-1] INFO  impl.RaftServerImpl (ServerState.java:<init>(105)) - f3be3432-490e-49fc-803e-a9979897b3f3:group-6740F22B7E0F ConfigurationManager, init=-1: [498c441f-a162-496a-a65b-a10e8976a87e:192.168.36.124:43487, f3be3432-490e-49fc-803e-a9979897b3f3:192.168.36.124:43888, 41a0f0c5-dcae-4957-9d84-a3eda92e3b9a:192.168.36.124:41266], old=null, confs=<EMPTY_MAP>
2019-08-23 08:55:17,658 [pool-461-thread-1] INFO  server.RaftServerConfigKeys (ConfUtils.java:logGet(43)) - raft.server.storage.dir = [/workdir/hadoop-ozone/integration-test/target/test-dir/MiniOzoneClusterImpl-d13b65ac-93ce-4a90-95b1-b7730ece3208/datanode-2/data/ratis] (custom)
2019-08-23 08:55:17,658 [pool-450-thread-1] INFO  impl.RaftServerImpl (RaftServerImpl.java:<init>(93)) - 498c441f-a162-496a-a65b-a10e8976a87e: new RaftServerImpl for group-6740F22B7E0F:[498c441f-a162-496a-a65b-a10e8976a87e:192.168.36.124:43487, f3be3432-490e-49fc-803e-a9979897b3f3:192.168.36.124:43888, 41a0f0c5-dcae-4957-9d84-a3eda92e3b9a:192.168.36.124:41266] with ContainerStateMachine:uninitialized
2019-08-23 08:55:17,658 [pool-461-thread-1] INFO  storage.RaftStorageDirectory (RaftStorageDirectory.java:analyzeStorage(246)) - The storage directory /workdir/hadoop-ozone/integration-test/target/test-dir/MiniOzoneClusterImpl-d13b65ac-93ce-4a90-95b1-b7730ece3208/datanode-2/data/ratis/46086aa2-df86-4cd6-be8d-6740f22b7e0f does not exist. Creating ...
2019-08-23 08:55:17,658 [pool-450-thread-1] INFO  server.RaftServerConfigKeys (ConfUtils.java:logGet(43)) - raft.server.rpc.timeout.min = 5s (custom)
2019-08-23 08:55:17,658 [pool-450-thread-1] INFO  server.RaftServerConfigKeys (ConfUtils.java:logGet(43)) - raft.server.rpc.timeout.max = 5200ms (custom)
2019-08-23 08:55:17,658 [pool-450-thread-1] INFO  server.RaftServerConfigKeys (ConfUtils.java:logGet(43)) - raft.server.rpcslowness.timeout = 120s (custom)
2019-08-23 08:55:17,658 [pool-439-thread-1] INFO  impl.RaftServerImpl (RaftServerImpl.java:<init>(93)) - 41a0f0c5-dcae-4957-9d84-a3eda92e3b9a: new RaftServerImpl for group-6740F22B7E0F:[498c441f-a162-496a-a65b-a10e8976a87e:192.168.36.124:43487, f3be3432-490e-49fc-803e-a9979897b3f3:192.168.36.124:43888, 41a0f0c5-dcae-4957-9d84-a3eda92e3b9a:192.168.36.124:41266] with ContainerStateMachine:uninitialized
2019-08-23 08:55:17,659 [pool-450-thread-1] INFO  server.RaftServerConfigKeys (ConfUtils.java:logGet(43)) - raft.server.sleep.deviation.threshold = 300 (default)
2019-08-23 08:55:17,659 [pool-439-thread-1] INFO  server.RaftServerConfigKeys (ConfUtils.java:logGet(43)) - raft.server.rpc.timeout.min = 5s (custom)
2019-08-23 08:55:17,659 [pool-450-thread-1] INFO  server.RaftServerConfigKeys (ConfUtils.java:logGet(43)) - raft.server.log.appender.install.snapshot.enabled = false (custom)
2019-08-23 08:55:17,659 [pool-439-thread-1] INFO  server.RaftServerConfigKeys (ConfUtils.java:logGet(43)) - raft.server.rpc.timeout.max = 5200ms (custom)
2019-08-23 08:55:17,659 [pool-450-thread-1] INFO  impl.RaftServerImpl (ServerState.java:<init>(105)) - 498c441f-a162-496a-a65b-a10e8976a87e:group-6740F22B7E0F ConfigurationManager, init=-1: [498c441f-a162-496a-a65b-a10e8976a87e:192.168.36.124:43487, f3be3432-490e-49fc-803e-a9979897b3f3:192.168.36.124:43888, 41a0f0c5-dcae-4957-9d84-a3eda92e3b9a:192.168.36.124:41266], old=null, confs=<EMPTY_MAP>
2019-08-23 08:55:17,659 [pool-439-thread-1] INFO  server.RaftServerConfigKeys (ConfUtils.java:logGet(43)) - raft.server.rpcslowness.timeout = 120s (custom)
2019-08-23 08:55:17,659 [pool-450-thread-1] INFO  server.RaftServerConfigKeys (ConfUtils.java:logGet(43)) - raft.server.storage.dir = [/workdir/hadoop-ozone/integration-test/target/test-dir/MiniOzoneClusterImpl-d13b65ac-93ce-4a90-95b1-b7730ece3208/datanode-1/data/ratis] (custom)
2019-08-23 08:55:17,659 [pool-439-thread-1] INFO  server.RaftServerConfigKeys (ConfUtils.java:logGet(43)) - raft.server.sleep.deviation.threshold = 300 (default)
2019-08-23 08:55:17,660 [pool-439-thread-1] INFO  server.RaftServerConfigKeys (ConfUtils.java:logGet(43)) - raft.server.log.appender.install.snapshot.enabled = false (custom)
2019-08-23 08:55:17,660 [pool-450-thread-1] INFO  storage.RaftStorageDirectory (RaftStorageDirectory.java:analyzeStorage(246)) - The storage directory /workdir/hadoop-ozone/integration-test/target/test-dir/MiniOzoneClusterImpl-d13b65ac-93ce-4a90-95b1-b7730ece3208/datanode-1/data/ratis/46086aa2-df86-4cd6-be8d-6740f22b7e0f does not exist. Creating ...
2019-08-23 08:55:17,660 [pool-439-thread-1] INFO  impl.RaftServerImpl (ServerState.java:<init>(105)) - 41a0f0c5-dcae-4957-9d84-a3eda92e3b9a:group-6740F22B7E0F ConfigurationManager, init=-1: [498c441f-a162-496a-a65b-a10e8976a87e:192.168.36.124:43487, f3be3432-490e-49fc-803e-a9979897b3f3:192.168.36.124:43888, 41a0f0c5-dcae-4957-9d84-a3eda92e3b9a:192.168.36.124:41266], old=null, confs=<EMPTY_MAP>
2019-08-23 08:55:17,660 [pool-439-thread-1] INFO  server.RaftServerConfigKeys (ConfUtils.java:logGet(43)) - raft.server.storage.dir = [/workdir/hadoop-ozone/integration-test/target/test-dir/MiniOzoneClusterImpl-d13b65ac-93ce-4a90-95b1-b7730ece3208/datanode-0/data/ratis] (custom)
2019-08-23 08:55:17,661 [pool-439-thread-1] INFO  storage.RaftStorageDirectory (RaftStorageDirectory.java:analyzeStorage(246)) - The storage directory /workdir/hadoop-ozone/integration-test/target/test-dir/MiniOzoneClusterImpl-d13b65ac-93ce-4a90-95b1-b7730ece3208/datanode-0/data/ratis/46086aa2-df86-4cd6-be8d-6740f22b7e0f does not exist. Creating ...
2019-08-23 08:55:17,681 [pool-461-thread-1] INFO  storage.RaftStorageDirectory (RaftStorageDirectory.java:tryLock(328)) - Lock on /workdir/hadoop-ozone/integration-test/target/test-dir/MiniOzoneClusterImpl-d13b65ac-93ce-4a90-95b1-b7730ece3208/datanode-2/data/ratis/46086aa2-df86-4cd6-be8d-6740f22b7e0f/in_use.lock acquired by nodename 23685@pr-hdds-2022-djmxw-136905289
2019-08-23 08:55:17,681 [pool-450-thread-1] INFO  storage.RaftStorageDirectory (RaftStorageDirectory.java:tryLock(328)) - Lock on /workdir/hadoop-ozone/integration-test/target/test-dir/MiniOzoneClusterImpl-d13b65ac-93ce-4a90-95b1-b7730ece3208/datanode-1/data/ratis/46086aa2-df86-4cd6-be8d-6740f22b7e0f/in_use.lock acquired by nodename 23685@pr-hdds-2022-djmxw-136905289
2019-08-23 08:55:17,681 [pool-439-thread-1] INFO  storage.RaftStorageDirectory (RaftStorageDirectory.java:tryLock(328)) - Lock on /workdir/hadoop-ozone/integration-test/target/test-dir/MiniOzoneClusterImpl-d13b65ac-93ce-4a90-95b1-b7730ece3208/datanode-0/data/ratis/46086aa2-df86-4cd6-be8d-6740f22b7e0f/in_use.lock acquired by nodename 23685@pr-hdds-2022-djmxw-136905289
2019-08-23 08:55:17,721 [pool-461-thread-1] INFO  storage.RaftStorage (RaftStorage.java:format(72)) - Storage directory /workdir/hadoop-ozone/integration-test/target/test-dir/MiniOzoneClusterImpl-d13b65ac-93ce-4a90-95b1-b7730ece3208/datanode-2/data/ratis/46086aa2-df86-4cd6-be8d-6740f22b7e0f has been successfully formatted.
2019-08-23 08:55:17,721 [pool-439-thread-1] INFO  storage.RaftStorage (RaftStorage.java:format(72)) - Storage directory /workdir/hadoop-ozone/integration-test/target/test-dir/MiniOzoneClusterImpl-d13b65ac-93ce-4a90-95b1-b7730ece3208/datanode-0/data/ratis/46086aa2-df86-4cd6-be8d-6740f22b7e0f has been successfully formatted.
2019-08-23 08:55:17,721 [pool-450-thread-1] INFO  storage.RaftStorage (RaftStorage.java:format(72)) - Storage directory /workdir/hadoop-ozone/integration-test/target/test-dir/MiniOzoneClusterImpl-d13b65ac-93ce-4a90-95b1-b7730ece3208/datanode-1/data/ratis/46086aa2-df86-4cd6-be8d-6740f22b7e0f has been successfully formatted.
2019-08-23 08:55:17,721 [pool-461-thread-1] INFO  ratis.ContainerStateMachine (ContainerStateMachine.java:loadSnapshot(226)) - group-6740F22B7E0F: The snapshot info is null. Setting the last applied indexto:(t:0, i:~)
2019-08-23 08:55:17,721 [pool-439-thread-1] INFO  ratis.ContainerStateMachine (ContainerStateMachine.java:loadSnapshot(226)) - group-6740F22B7E0F: The snapshot info is null. Setting the last applied indexto:(t:0, i:~)
2019-08-23 08:55:17,721 [pool-461-thread-1] INFO  server.RaftServerConfigKeys (ConfUtils.java:logGet(43)) - raft.server.leader.election.timeout = 120s (custom)
2019-08-23 08:55:17,721 [pool-450-thread-1] INFO  ratis.ContainerStateMachine (ContainerStateMachine.java:loadSnapshot(226)) - group-6740F22B7E0F: The snapshot info is null. Setting the last applied indexto:(t:0, i:~)
2019-08-23 08:55:17,722 [pool-461-thread-1] INFO  server.RaftServerConfigKeys (ConfUtils.java:logGet(43)) - raft.server.log.use.memory = false (default)
2019-08-23 08:55:17,722 [pool-439-thread-1] INFO  server.RaftServerConfigKeys (ConfUtils.java:logGet(43)) - raft.server.leader.election.timeout = 120s (custom)
2019-08-23 08:55:17,722 [pool-461-thread-1] INFO  server.RaftServerConfigKeys (ConfUtils.java:logGet(43)) - raft.server.log.purge.gap = 1000000 (custom)
2019-08-23 08:55:17,722 [pool-450-thread-1] INFO  server.RaftServerConfigKeys (ConfUtils.java:logGet(43)) - raft.server.leader.election.timeout = 120s (custom)
2019-08-23 08:55:17,722 [pool-461-thread-1] INFO  server.RaftServerConfigKeys (ConfUtils.java:logGet(43)) - raft.server.log.appender.buffer.byte-limit = 33554432 (custom)
2019-08-23 08:55:17,723 [pool-461-thread-1] INFO  server.RaftServerConfigKeys (ConfUtils.java:logGet(43)) - raft.server.log.segment.size.max = 1048576 (custom)
2019-08-23 08:55:17,722 [pool-439-thread-1] INFO  server.RaftServerConfigKeys (ConfUtils.java:logGet(43)) - raft.server.log.use.memory = false (default)
2019-08-23 08:55:17,723 [pool-461-thread-1] INFO  server.RaftServerConfigKeys (ConfUtils.java:logGet(43)) - raft.server.log.segment.cache.num.max = 2 (custom)
2019-08-23 08:55:17,722 [pool-450-thread-1] INFO  server.RaftServerConfigKeys (ConfUtils.java:logGet(43)) - raft.server.log.use.memory = false (default)
2019-08-23 08:55:17,723 [pool-461-thread-1] INFO  segmented.SegmentedRaftLogWorker (SegmentedRaftLogWorker.java:<init>(172)) - new f3be3432-490e-49fc-803e-a9979897b3f3-SegmentedRaftLogWorker:Storage Directory /workdir/hadoop-ozone/integration-test/target/test-dir/MiniOzoneClusterImpl-d13b65ac-93ce-4a90-95b1-b7730ece3208/datanode-2/data/ratis/46086aa2-df86-4cd6-be8d-6740f22b7e0f for RaftStorage:Storage Directory /workdir/hadoop-ozone/integration-test/target/test-dir/MiniOzoneClusterImpl-d13b65ac-93ce-4a90-95b1-b7730ece3208/datanode-2/data/ratis/46086aa2-df86-4cd6-be8d-6740f22b7e0f
2019-08-23 08:55:17,723 [pool-439-thread-1] INFO  server.RaftServerConfigKeys (ConfUtils.java:logGet(43)) - raft.server.log.purge.gap = 1000000 (custom)
2019-08-23 08:55:17,723 [pool-461-thread-1] INFO  server.RaftServerConfigKeys (ConfUtils.java:logGet(43)) - raft.server.log.queue.byte-limit = 2147483647 (custom)
2019-08-23 08:55:17,723 [pool-450-thread-1] INFO  server.RaftServerConfigKeys (ConfUtils.java:logGet(43)) - raft.server.log.purge.gap = 1000000 (custom)
2019-08-23 08:55:17,723 [pool-461-thread-1] INFO  server.RaftServerConfigKeys (ConfUtils.java:logGet(43)) - raft.server.log.queue.element-limit = 1024 (custom)
2019-08-23 08:55:17,723 [pool-439-thread-1] INFO  server.RaftServerConfigKeys (ConfUtils.java:logGet(43)) - raft.server.log.appender.buffer.byte-limit = 33554432 (custom)
2019-08-23 08:55:17,724 [pool-461-thread-1] INFO  server.RaftServerConfigKeys (ConfUtils.java:logGet(43)) - raft.server.log.segment.size.max = 1048576 (custom)
2019-08-23 08:55:17,724 [pool-461-thread-1] INFO  server.RaftServerConfigKeys (ConfUtils.java:logGet(43)) - raft.server.log.preallocated.size = 16384 (custom)
2019-08-23 08:55:17,724 [pool-450-thread-1] INFO  server.RaftServerConfigKeys (ConfUtils.java:logGet(43)) - raft.server.log.appender.buffer.byte-limit = 33554432 (custom)
2019-08-23 08:55:17,724 [pool-461-thread-1] INFO  server.RaftServerConfigKeys (ConfUtils.java:logGet(43)) - raft.server.log.write.buffer.size = 33554432 (custom)
2019-08-23 08:55:17,724 [pool-439-thread-1] INFO  server.RaftServerConfigKeys (ConfUtils.java:logGet(43)) - raft.server.log.segment.size.max = 1048576 (custom)
2019-08-23 08:55:17,724 [pool-461-thread-1] INFO  server.RaftServerConfigKeys (ConfUtils.java:logGet(43)) - raft.server.log.force.sync.num = 128 (default)
2019-08-23 08:55:17,724 [pool-450-thread-1] INFO  server.RaftServerConfigKeys (ConfUtils.java:logGet(43)) - raft.server.log.segment.size.max = 1048576 (custom)
2019-08-23 08:55:17,725 [pool-461-thread-1] INFO  server.RaftServerConfigKeys (ConfUtils.java:logGet(43)) - raft.server.log.statemachine.data.sync = true (default)
2019-08-23 08:55:17,725 [pool-461-thread-1] INFO  server.RaftServerConfigKeys (ConfUtils.java:logGet(43)) - raft.server.log.statemachine.data.sync.timeout = 10s (default)
2019-08-23 08:55:17,724 [pool-439-thread-1] INFO  server.RaftServerConfigKeys (ConfUtils.java:logGet(43)) - raft.server.log.segment.cache.num.max = 2 (custom)
2019-08-23 08:55:17,725 [pool-461-thread-1] INFO  server.RaftServerConfigKeys (ConfUtils.java:logGet(43)) - raft.server.log.statemachine.data.sync.timeout.retry = -1 (default)
2019-08-23 08:55:17,725 [pool-450-thread-1] INFO  server.RaftServerConfigKeys (ConfUtils.java:logGet(43)) - raft.server.log.segment.cache.num.max = 2 (custom)
2019-08-23 08:55:17,725 [pool-461-thread-1] INFO  server.RaftServerConfigKeys (ConfUtils.java:logGet(43)) - raft.server.log.statemachine.data.caching.enabled = true (custom)
2019-08-23 08:55:17,725 [pool-439-thread-1] INFO  segmented.SegmentedRaftLogWorker (SegmentedRaftLogWorker.java:<init>(172)) - new 41a0f0c5-dcae-4957-9d84-a3eda92e3b9a-SegmentedRaftLogWorker:Storage Directory /workdir/hadoop-ozone/integration-test/target/test-dir/MiniOzoneClusterImpl-d13b65ac-93ce-4a90-95b1-b7730ece3208/datanode-0/data/ratis/46086aa2-df86-4cd6-be8d-6740f22b7e0f for RaftStorage:Storage Directory /workdir/hadoop-ozone/integration-test/target/test-dir/MiniOzoneClusterImpl-d13b65ac-93ce-4a90-95b1-b7730ece3208/datanode-0/data/ratis/46086aa2-df86-4cd6-be8d-6740f22b7e0f
2019-08-23 08:55:17,725 [pool-450-thread-1] INFO  segmented.SegmentedRaftLogWorker (SegmentedRaftLogWorker.java:<init>(172)) - new 498c441f-a162-496a-a65b-a10e8976a87e-SegmentedRaftLogWorker:Storage Directory /workdir/hadoop-ozone/integration-test/target/test-dir/MiniOzoneClusterImpl-d13b65ac-93ce-4a90-95b1-b7730ece3208/datanode-1/data/ratis/46086aa2-df86-4cd6-be8d-6740f22b7e0f for RaftStorage:Storage Directory /workdir/hadoop-ozone/integration-test/target/test-dir/MiniOzoneClusterImpl-d13b65ac-93ce-4a90-95b1-b7730ece3208/datanode-1/data/ratis/46086aa2-df86-4cd6-be8d-6740f22b7e0f
2019-08-23 08:55:17,726 [pool-461-thread-1] INFO  segmented.SegmentedRaftLogWorker (SegmentedRaftLogWorker.java:lambda$new$0(132)) - f3be3432-490e-49fc-803e-a9979897b3f3-SegmentedRaftLogWorker:Storage Directory /workdir/hadoop-ozone/integration-test/target/test-dir/MiniOzoneClusterImpl-d13b65ac-93ce-4a90-95b1-b7730ece3208/datanode-2/data/ratis/46086aa2-df86-4cd6-be8d-6740f22b7e0f: flushIndex: setUnconditionally 0 -> -1
2019-08-23 08:55:17,726 [pool-439-thread-1] INFO  server.RaftServerConfigKeys (ConfUtils.java:logGet(43)) - raft.server.log.queue.byte-limit = 2147483647 (custom)
2019-08-23 08:55:17,726 [pool-450-thread-1] INFO  server.RaftServerConfigKeys (ConfUtils.java:logGet(43)) - raft.server.log.queue.byte-limit = 2147483647 (custom)
2019-08-23 08:55:17,726 [pool-461-thread-1] INFO  server.RaftServerConfigKeys (ConfUtils.java:logGet(43)) - raft.server.snapshot.auto.trigger.enabled = true (custom)
2019-08-23 08:55:17,726 [pool-439-thread-1] INFO  server.RaftServerConfigKeys (ConfUtils.java:logGet(43)) - raft.server.log.queue.element-limit = 1024 (custom)
2019-08-23 08:55:17,726 [pool-461-thread-1] INFO  server.RaftServerConfigKeys (ConfUtils.java:logGet(43)) - raft.server.snapshot.auto.trigger.threshold = 10000 (custom)
2019-08-23 08:55:17,726 [pool-450-thread-1] INFO  server.RaftServerConfigKeys (ConfUtils.java:logGet(43)) - raft.server.log.queue.element-limit = 1024 (custom)
2019-08-23 08:55:17,727 [pool-461-thread-1] INFO  server.RaftServerConfigKeys (ConfUtils.java:logGet(43)) - raft.server.retrycache.expirytime = 600000ms (custom)
2019-08-23 08:55:17,726 [pool-439-thread-1] INFO  server.RaftServerConfigKeys (ConfUtils.java:logGet(43)) - raft.server.log.segment.size.max = 1048576 (custom)
2019-08-23 08:55:17,727 [pool-461-thread-1] INFO  impl.RaftServerImpl (RaftServerImpl.java:start(180)) - f3be3432-490e-49fc-803e-a9979897b3f3: start group-6740F22B7E0F
2019-08-23 08:55:17,727 [pool-461-thread-1] INFO  impl.RaftServerImpl (RaftServerImpl.java:setRole(171)) - f3be3432-490e-49fc-803e-a9979897b3f3:group-6740F22B7E0F changes role from null to FOLLOWER at term 0 for startAsFollower
2019-08-23 08:55:17,727 [pool-450-thread-1] INFO  server.RaftServerConfigKeys (ConfUtils.java:logGet(43)) - raft.server.log.segment.size.max = 1048576 (custom)
2019-08-23 08:55:17,727 [pool-461-thread-1] INFO  impl.RoleInfo (RoleInfo.java:updateAndGet(143)) - f3be3432-490e-49fc-803e-a9979897b3f3: start FollowerState
2019-08-23 08:55:17,727 [pool-439-thread-1] INFO  server.RaftServerConfigKeys (ConfUtils.java:logGet(43)) - raft.server.log.preallocated.size = 16384 (custom)
2019-08-23 08:55:17,727 [pool-450-thread-1] INFO  server.RaftServerConfigKeys (ConfUtils.java:logGet(43)) - raft.server.log.preallocated.size = 16384 (custom)
2019-08-23 08:55:17,728 [pool-439-thread-1] INFO  server.RaftServerConfigKeys (ConfUtils.java:logGet(43)) - raft.server.log.write.buffer.size = 33554432 (custom)
2019-08-23 08:55:17,740 [pool-461-thread-1] INFO  util.JmxRegister (JmxRegister.java:tryRegister(44)) - Successfully registered JMX Bean with object name Ratis:service=RaftServer,group=group-6740F22B7E0F,id=f3be3432-490e-49fc-803e-a9979897b3f3
2019-08-23 08:55:17,728 [pool-450-thread-1] INFO  server.RaftServerConfigKeys (ConfUtils.java:logGet(43)) - raft.server.log.write.buffer.size = 33554432 (custom)
2019-08-23 08:55:17,740 [pool-439-thread-1] INFO  server.RaftServerConfigKeys (ConfUtils.java:logGet(43)) - raft.server.log.force.sync.num = 128 (default)
2019-08-23 08:55:17,740 [pool-450-thread-1] INFO  server.RaftServerConfigKeys (ConfUtils.java:logGet(43)) - raft.server.log.force.sync.num = 128 (default)
2019-08-23 08:55:17,740 [pool-439-thread-1] INFO  server.RaftServerConfigKeys (ConfUtils.java:logGet(43)) - raft.server.log.statemachine.data.sync = true (default)
2019-08-23 08:55:17,748 [pool-450-thread-1] INFO  server.RaftServerConfigKeys (ConfUtils.java:logGet(43)) - raft.server.log.statemachine.data.sync = true (default)
2019-08-23 08:55:17,748 [pool-439-thread-1] INFO  server.RaftServerConfigKeys (ConfUtils.java:logGet(43)) - raft.server.log.statemachine.data.sync.timeout = 10s (default)
2019-08-23 08:55:17,748 [pool-450-thread-1] INFO  server.RaftServerConfigKeys (ConfUtils.java:logGet(43)) - raft.server.log.statemachine.data.sync.timeout = 10s (default)
2019-08-23 08:55:17,749 [pool-439-thread-1] INFO  server.RaftServerConfigKeys (ConfUtils.java:logGet(43)) - raft.server.log.statemachine.data.sync.timeout.retry = -1 (default)
2019-08-23 08:55:17,749 [pool-450-thread-1] INFO  server.RaftServerConfigKeys (ConfUtils.java:logGet(43)) - raft.server.log.statemachine.data.sync.timeout.retry = -1 (default)
2019-08-23 08:55:17,749 [pool-439-thread-1] INFO  server.RaftServerConfigKeys (ConfUtils.java:logGet(43)) - raft.server.log.statemachine.data.caching.enabled = true (custom)
2019-08-23 08:55:17,749 [pool-450-thread-1] INFO  server.RaftServerConfigKeys (ConfUtils.java:logGet(43)) - raft.server.log.statemachine.data.caching.enabled = true (custom)
2019-08-23 08:55:17,749 [pool-439-thread-1] INFO  segmented.SegmentedRaftLogWorker (SegmentedRaftLogWorker.java:lambda$new$0(132)) - 41a0f0c5-dcae-4957-9d84-a3eda92e3b9a-SegmentedRaftLogWorker:Storage Directory /workdir/hadoop-ozone/integration-test/target/test-dir/MiniOzoneClusterImpl-d13b65ac-93ce-4a90-95b1-b7730ece3208/datanode-0/data/ratis/46086aa2-df86-4cd6-be8d-6740f22b7e0f: flushIndex: setUnconditionally 0 -> -1
2019-08-23 08:55:17,750 [pool-450-thread-1] INFO  segmented.SegmentedRaftLogWorker (SegmentedRaftLogWorker.java:lambda$new$0(132)) - 498c441f-a162-496a-a65b-a10e8976a87e-SegmentedRaftLogWorker:Storage Directory /workdir/hadoop-ozone/integration-test/target/test-dir/MiniOzoneClusterImpl-d13b65ac-93ce-4a90-95b1-b7730ece3208/datanode-1/data/ratis/46086aa2-df86-4cd6-be8d-6740f22b7e0f: flushIndex: setUnconditionally 0 -> -1
2019-08-23 08:55:17,750 [pool-439-thread-1] INFO  server.RaftServerConfigKeys (ConfUtils.java:logGet(43)) - raft.server.snapshot.auto.trigger.enabled = true (custom)
2019-08-23 08:55:17,750 [pool-439-thread-1] INFO  server.RaftServerConfigKeys (ConfUtils.java:logGet(43)) - raft.server.snapshot.auto.trigger.threshold = 10000 (custom)
2019-08-23 08:55:17,750 [pool-450-thread-1] INFO  server.RaftServerConfigKeys (ConfUtils.java:logGet(43)) - raft.server.snapshot.auto.trigger.enabled = true (custom)
2019-08-23 08:55:17,750 [pool-439-thread-1] INFO  server.RaftServerConfigKeys (ConfUtils.java:logGet(43)) - raft.server.retrycache.expirytime = 600000ms (custom)
2019-08-23 08:55:17,750 [pool-450-thread-1] INFO  server.RaftServerConfigKeys (ConfUtils.java:logGet(43)) - raft.server.snapshot.auto.trigger.threshold = 10000 (custom)
2019-08-23 08:55:17,750 [pool-439-thread-1] INFO  impl.RaftServerImpl (RaftServerImpl.java:start(180)) - 41a0f0c5-dcae-4957-9d84-a3eda92e3b9a: start group-6740F22B7E0F
2019-08-23 08:55:17,751 [pool-439-thread-1] INFO  impl.RaftServerImpl (RaftServerImpl.java:setRole(171)) - 41a0f0c5-dcae-4957-9d84-a3eda92e3b9a:group-6740F22B7E0F changes role from null to FOLLOWER at term 0 for startAsFollower
2019-08-23 08:55:17,751 [pool-450-thread-1] INFO  server.RaftServerConfigKeys (ConfUtils.java:logGet(43)) - raft.server.retrycache.expirytime = 600000ms (custom)
2019-08-23 08:55:17,751 [pool-439-thread-1] INFO  impl.RoleInfo (RoleInfo.java:updateAndGet(143)) - 41a0f0c5-dcae-4957-9d84-a3eda92e3b9a: start FollowerState
2019-08-23 08:55:17,751 [pool-450-thread-1] INFO  impl.RaftServerImpl (RaftServerImpl.java:start(180)) - 498c441f-a162-496a-a65b-a10e8976a87e: start group-6740F22B7E0F
2019-08-23 08:55:17,751 [pool-450-thread-1] INFO  impl.RaftServerImpl (RaftServerImpl.java:setRole(171)) - 498c441f-a162-496a-a65b-a10e8976a87e:group-6740F22B7E0F changes role from null to FOLLOWER at term 0 for startAsFollower
2019-08-23 08:55:17,751 [pool-439-thread-1] INFO  util.JmxRegister (JmxRegister.java:tryRegister(44)) - Successfully registered JMX Bean with object name Ratis:service=RaftServer,group=group-6740F22B7E0F,id=41a0f0c5-dcae-4957-9d84-a3eda92e3b9a
2019-08-23 08:55:17,751 [pool-450-thread-1] INFO  impl.RoleInfo (RoleInfo.java:updateAndGet(143)) - 498c441f-a162-496a-a65b-a10e8976a87e: start FollowerState
2019-08-23 08:55:17,752 [pool-450-thread-1] INFO  util.JmxRegister (JmxRegister.java:tryRegister(44)) - Successfully registered JMX Bean with object name Ratis:service=RaftServer,group=group-6740F22B7E0F,id=498c441f-a162-496a-a65b-a10e8976a87e
2019-08-23 08:55:17,755 [RatisPipelineUtilsThread] INFO  pipeline.PipelineStateManager (PipelineStateManager.java:addPipeline(56)) - Created pipeline Pipeline[ Id: 46086aa2-df86-4cd6-be8d-6740f22b7e0f, Nodes: 41a0f0c5-dcae-4957-9d84-a3eda92e3b9a{ip: 192.168.36.124, host: pr-hdds-2022-djmxw-136905289, networkLocation: /default-rack, certSerialId: null}f3be3432-490e-49fc-803e-a9979897b3f3{ip: 192.168.36.124, host: pr-hdds-2022-djmxw-136905289, networkLocation: /default-rack, certSerialId: null}498c441f-a162-496a-a65b-a10e8976a87e{ip: 192.168.36.124, host: pr-hdds-2022-djmxw-136905289, networkLocation: /default-rack, certSerialId: null}, Type:RATIS, Factor:THREE, State:OPEN]
2019-08-23 08:55:17,817 [IPC Server handler 1 on 40511] INFO  net.NetworkTopology (NetworkTopologyImpl.java:add(110)) - Added a new node: /default-rack/6fb3350c-4c0c-4ad1-9d97-675c347d9711
2019-08-23 08:55:17,817 [IPC Server handler 1 on 40511] INFO  node.SCMNodeManager (SCMNodeManager.java:register(273)) - Registered Data node : 6fb3350c-4c0c-4ad1-9d97-675c347d9711{ip: 192.168.36.124, host: pr-hdds-2022-djmxw-136905289, networkLocation: /default-rack, certSerialId: null}
2019-08-23 08:55:17,820 | INFO  | SCMAudit | user=jenkins1000 | ip=192.168.36.124 | op=REGISTER {datanodeDetails=6fb3350c-4c0c-4ad1-9d97-675c347d9711{ip: 192.168.36.124, host: pr-hdds-2022-djmxw-136905289, networkLocation: /default-rack, certSerialId: null}} | ret=SUCCESS |  
2019-08-23 08:55:17,827 [grpc-default-executor-9] INFO  impl.RaftServerProxy (RaftServerProxy.java:addNew(89)) - 6fb3350c-4c0c-4ad1-9d97-675c347d9711: addNew group-86582D18F9FD:[6fb3350c-4c0c-4ad1-9d97-675c347d9711:192.168.36.124:42065] returns group-86582D18F9FD:java.util.concurrent.CompletableFuture@1f4eda1[Not completed]
2019-08-23 08:55:17,828 [pool-472-thread-1] INFO  impl.RaftServerImpl (RaftServerImpl.java:<init>(93)) - 6fb3350c-4c0c-4ad1-9d97-675c347d9711: new RaftServerImpl for group-86582D18F9FD:[6fb3350c-4c0c-4ad1-9d97-675c347d9711:192.168.36.124:42065] with ContainerStateMachine:uninitialized
2019-08-23 08:55:17,828 [pool-472-thread-1] INFO  server.RaftServerConfigKeys (ConfUtils.java:logGet(43)) - raft.server.rpc.timeout.min = 5s (custom)
2019-08-23 08:55:17,829 [pool-472-thread-1] INFO  server.RaftServerConfigKeys (ConfUtils.java:logGet(43)) - raft.server.rpc.timeout.max = 5200ms (custom)
2019-08-23 08:55:17,829 [pool-472-thread-1] INFO  server.RaftServerConfigKeys (ConfUtils.java:logGet(43)) - raft.server.rpcslowness.timeout = 120s (custom)
2019-08-23 08:55:17,829 [pool-472-thread-1] INFO  server.RaftServerConfigKeys (ConfUtils.java:logGet(43)) - raft.server.sleep.deviation.threshold = 300 (default)
2019-08-23 08:55:17,829 [pool-472-thread-1] INFO  server.RaftServerConfigKeys (ConfUtils.java:logGet(43)) - raft.server.log.appender.install.snapshot.enabled = false (custom)
2019-08-23 08:55:17,829 [pool-472-thread-1] INFO  impl.RaftServerImpl (ServerState.java:<init>(105)) - 6fb3350c-4c0c-4ad1-9d97-675c347d9711:group-86582D18F9FD ConfigurationManager, init=-1: [6fb3350c-4c0c-4ad1-9d97-675c347d9711:192.168.36.124:42065], old=null, confs=<EMPTY_MAP>
2019-08-23 08:55:17,829 [pool-472-thread-1] INFO  server.RaftServerConfigKeys (ConfUtils.java:logGet(43)) - raft.server.storage.dir = [/workdir/hadoop-ozone/integration-test/target/test-dir/MiniOzoneClusterImpl-d13b65ac-93ce-4a90-95b1-b7730ece3208/datanode-3/data/ratis] (custom)
2019-08-23 08:55:17,830 [pool-472-thread-1] INFO  storage.RaftStorageDirectory (RaftStorageDirectory.java:analyzeStorage(246)) - The storage directory /workdir/hadoop-ozone/integration-test/target/test-dir/MiniOzoneClusterImpl-d13b65ac-93ce-4a90-95b1-b7730ece3208/datanode-3/data/ratis/26886aa7-0cc7-481a-b5f1-86582d18f9fd does not exist. Creating ...
2019-08-23 08:55:17,854 [pool-472-thread-1] INFO  storage.RaftStorageDirectory (RaftStorageDirectory.java:tryLock(328)) - Lock on /workdir/hadoop-ozone/integration-test/target/test-dir/MiniOzoneClusterImpl-d13b65ac-93ce-4a90-95b1-b7730ece3208/datanode-3/data/ratis/26886aa7-0cc7-481a-b5f1-86582d18f9fd/in_use.lock acquired by nodename 23685@pr-hdds-2022-djmxw-136905289
2019-08-23 08:55:17,888 [pool-472-thread-1] INFO  storage.RaftStorage (RaftStorage.java:format(72)) - Storage directory /workdir/hadoop-ozone/integration-test/target/test-dir/MiniOzoneClusterImpl-d13b65ac-93ce-4a90-95b1-b7730ece3208/datanode-3/data/ratis/26886aa7-0cc7-481a-b5f1-86582d18f9fd has been successfully formatted.
2019-08-23 08:55:17,889 [pool-472-thread-1] INFO  ratis.ContainerStateMachine (ContainerStateMachine.java:loadSnapshot(226)) - group-86582D18F9FD: The snapshot info is null. Setting the last applied indexto:(t:0, i:~)
2019-08-23 08:55:17,889 [pool-472-thread-1] INFO  server.RaftServerConfigKeys (ConfUtils.java:logGet(43)) - raft.server.leader.election.timeout = 120s (custom)
2019-08-23 08:55:17,889 [pool-472-thread-1] INFO  server.RaftServerConfigKeys (ConfUtils.java:logGet(43)) - raft.server.log.use.memory = false (default)
2019-08-23 08:55:17,889 [pool-472-thread-1] INFO  server.RaftServerConfigKeys (ConfUtils.java:logGet(43)) - raft.server.log.purge.gap = 1000000 (custom)
2019-08-23 08:55:17,889 [pool-472-thread-1] INFO  server.RaftServerConfigKeys (ConfUtils.java:logGet(43)) - raft.server.log.appender.buffer.byte-limit = 33554432 (custom)
2019-08-23 08:55:17,889 [pool-472-thread-1] INFO  server.RaftServerConfigKeys (ConfUtils.java:logGet(43)) - raft.server.log.segment.size.max = 1048576 (custom)
2019-08-23 08:55:17,890 [pool-472-thread-1] INFO  server.RaftServerConfigKeys (ConfUtils.java:logGet(43)) - raft.server.log.segment.cache.num.max = 2 (custom)
2019-08-23 08:55:17,890 [pool-472-thread-1] INFO  segmented.SegmentedRaftLogWorker (SegmentedRaftLogWorker.java:<init>(172)) - new 6fb3350c-4c0c-4ad1-9d97-675c347d9711-SegmentedRaftLogWorker:Storage Directory /workdir/hadoop-ozone/integration-test/target/test-dir/MiniOzoneClusterImpl-d13b65ac-93ce-4a90-95b1-b7730ece3208/datanode-3/data/ratis/26886aa7-0cc7-481a-b5f1-86582d18f9fd for RaftStorage:Storage Directory /workdir/hadoop-ozone/integration-test/target/test-dir/MiniOzoneClusterImpl-d13b65ac-93ce-4a90-95b1-b7730ece3208/datanode-3/data/ratis/26886aa7-0cc7-481a-b5f1-86582d18f9fd
2019-08-23 08:55:17,890 [pool-472-thread-1] INFO  server.RaftServerConfigKeys (ConfUtils.java:logGet(43)) - raft.server.log.queue.byte-limit = 2147483647 (custom)
2019-08-23 08:55:17,890 [pool-472-thread-1] INFO  server.RaftServerConfigKeys (ConfUtils.java:logGet(43)) - raft.server.log.queue.element-limit = 1024 (custom)
2019-08-23 08:55:17,890 [pool-472-thread-1] INFO  server.RaftServerConfigKeys (ConfUtils.java:logGet(43)) - raft.server.log.segment.size.max = 1048576 (custom)
2019-08-23 08:55:17,891 [pool-472-thread-1] INFO  server.RaftServerConfigKeys (ConfUtils.java:logGet(43)) - raft.server.log.preallocated.size = 16384 (custom)
2019-08-23 08:55:17,891 [pool-472-thread-1] INFO  server.RaftServerConfigKeys (ConfUtils.java:logGet(43)) - raft.server.log.write.buffer.size = 33554432 (custom)
2019-08-23 08:55:17,891 [pool-472-thread-1] INFO  server.RaftServerConfigKeys (ConfUtils.java:logGet(43)) - raft.server.log.force.sync.num = 128 (default)
2019-08-23 08:55:17,891 [pool-472-thread-1] INFO  server.RaftServerConfigKeys (ConfUtils.java:logGet(43)) - raft.server.log.statemachine.data.sync = true (default)
2019-08-23 08:55:17,891 [pool-472-thread-1] INFO  server.RaftServerConfigKeys (ConfUtils.java:logGet(43)) - raft.server.log.statemachine.data.sync.timeout = 10s (default)
2019-08-23 08:55:17,891 [pool-472-thread-1] INFO  server.RaftServerConfigKeys (ConfUtils.java:logGet(43)) - raft.server.log.statemachine.data.sync.timeout.retry = -1 (default)
2019-08-23 08:55:17,892 [pool-472-thread-1] INFO  server.RaftServerConfigKeys (ConfUtils.java:logGet(43)) - raft.server.log.statemachine.data.caching.enabled = true (custom)
2019-08-23 08:55:17,892 [pool-472-thread-1] INFO  segmented.SegmentedRaftLogWorker (SegmentedRaftLogWorker.java:lambda$new$0(132)) - 6fb3350c-4c0c-4ad1-9d97-675c347d9711-SegmentedRaftLogWorker:Storage Directory /workdir/hadoop-ozone/integration-test/target/test-dir/MiniOzoneClusterImpl-d13b65ac-93ce-4a90-95b1-b7730ece3208/datanode-3/data/ratis/26886aa7-0cc7-481a-b5f1-86582d18f9fd: flushIndex: setUnconditionally 0 -> -1
2019-08-23 08:55:17,893 [pool-472-thread-1] INFO  server.RaftServerConfigKeys (ConfUtils.java:logGet(43)) - raft.server.snapshot.auto.trigger.enabled = true (custom)
2019-08-23 08:55:17,893 [pool-472-thread-1] INFO  server.RaftServerConfigKeys (ConfUtils.java:logGet(43)) - raft.server.snapshot.auto.trigger.threshold = 10000 (custom)
2019-08-23 08:55:17,893 [pool-472-thread-1] INFO  server.RaftServerConfigKeys (ConfUtils.java:logGet(43)) - raft.server.retrycache.expirytime = 600000ms (custom)
2019-08-23 08:55:17,893 [pool-472-thread-1] INFO  impl.RaftServerImpl (RaftServerImpl.java:start(180)) - 6fb3350c-4c0c-4ad1-9d97-675c347d9711: start group-86582D18F9FD
2019-08-23 08:55:17,893 [pool-472-thread-1] INFO  impl.RaftServerImpl (RaftServerImpl.java:setRole(171)) - 6fb3350c-4c0c-4ad1-9d97-675c347d9711:group-86582D18F9FD changes role from null to FOLLOWER at term 0 for startAsFollower
2019-08-23 08:55:17,893 [pool-472-thread-1] INFO  impl.RoleInfo (RoleInfo.java:updateAndGet(143)) - 6fb3350c-4c0c-4ad1-9d97-675c347d9711: start FollowerState
2019-08-23 08:55:17,894 [pool-472-thread-1] INFO  util.JmxRegister (JmxRegister.java:tryRegister(44)) - Successfully registered JMX Bean with object name Ratis:service=RaftServer,group=group-86582D18F9FD,id=6fb3350c-4c0c-4ad1-9d97-675c347d9711
2019-08-23 08:55:17,897 [RatisPipelineUtilsThread] INFO  pipeline.PipelineStateManager (PipelineStateManager.java:addPipeline(56)) - Created pipeline Pipeline[ Id: 26886aa7-0cc7-481a-b5f1-86582d18f9fd, Nodes: 6fb3350c-4c0c-4ad1-9d97-675c347d9711{ip: 192.168.36.124, host: pr-hdds-2022-djmxw-136905289, networkLocation: /default-rack, certSerialId: null}, Type:RATIS, Factor:ONE, State:OPEN]
2019-08-23 08:55:18,055 [IPC Server handler 3 on 40511] INFO  net.NetworkTopology (NetworkTopologyImpl.java:add(110)) - Added a new node: /default-rack/48bcaf38-66ae-48c7-856d-3b6092bb7fbf
2019-08-23 08:55:18,055 [IPC Server handler 3 on 40511] INFO  node.SCMNodeManager (SCMNodeManager.java:register(273)) - Registered Data node : 48bcaf38-66ae-48c7-856d-3b6092bb7fbf{ip: 192.168.36.124, host: pr-hdds-2022-djmxw-136905289, networkLocation: /default-rack, certSerialId: null}
2019-08-23 08:55:18,059 | INFO  | SCMAudit | user=jenkins1000 | ip=192.168.36.124 | op=REGISTER {datanodeDetails=48bcaf38-66ae-48c7-856d-3b6092bb7fbf{ip: 192.168.36.124, host: pr-hdds-2022-djmxw-136905289, networkLocation: /default-rack, certSerialId: null}} | ret=SUCCESS |  
2019-08-23 08:55:18,067 [grpc-default-executor-9] INFO  impl.RaftServerProxy (RaftServerProxy.java:addNew(89)) - 48bcaf38-66ae-48c7-856d-3b6092bb7fbf: addNew group-DC6E7C09DBD8:[48bcaf38-66ae-48c7-856d-3b6092bb7fbf:192.168.36.124:45416] returns group-DC6E7C09DBD8:java.util.concurrent.CompletableFuture@2c1ae1bc[Not completed]
2019-08-23 08:55:18,068 [pool-483-thread-1] INFO  impl.RaftServerImpl (RaftServerImpl.java:<init>(93)) - 48bcaf38-66ae-48c7-856d-3b6092bb7fbf: new RaftServerImpl for group-DC6E7C09DBD8:[48bcaf38-66ae-48c7-856d-3b6092bb7fbf:192.168.36.124:45416] with ContainerStateMachine:uninitialized
2019-08-23 08:55:18,068 [pool-483-thread-1] INFO  server.RaftServerConfigKeys (ConfUtils.java:logGet(43)) - raft.server.rpc.timeout.min = 5s (custom)
2019-08-23 08:55:18,068 [pool-483-thread-1] INFO  server.RaftServerConfigKeys (ConfUtils.java:logGet(43)) - raft.server.rpc.timeout.max = 5200ms (custom)
2019-08-23 08:55:18,068 [pool-483-thread-1] INFO  server.RaftServerConfigKeys (ConfUtils.java:logGet(43)) - raft.server.rpcslowness.timeout = 120s (custom)
2019-08-23 08:55:18,069 [pool-483-thread-1] INFO  server.RaftServerConfigKeys (ConfUtils.java:logGet(43)) - raft.server.sleep.deviation.threshold = 300 (default)
2019-08-23 08:55:18,069 [pool-483-thread-1] INFO  server.RaftServerConfigKeys (ConfUtils.java:logGet(43)) - raft.server.log.appender.install.snapshot.enabled = false (custom)
2019-08-23 08:55:18,069 [pool-483-thread-1] INFO  impl.RaftServerImpl (ServerState.java:<init>(105)) - 48bcaf38-66ae-48c7-856d-3b6092bb7fbf:group-DC6E7C09DBD8 ConfigurationManager, init=-1: [48bcaf38-66ae-48c7-856d-3b6092bb7fbf:192.168.36.124:45416], old=null, confs=<EMPTY_MAP>
2019-08-23 08:55:18,069 [pool-483-thread-1] INFO  server.RaftServerConfigKeys (ConfUtils.java:logGet(43)) - raft.server.storage.dir = [/workdir/hadoop-ozone/integration-test/target/test-dir/MiniOzoneClusterImpl-d13b65ac-93ce-4a90-95b1-b7730ece3208/datanode-4/data/ratis] (custom)
2019-08-23 08:55:18,070 [pool-483-thread-1] INFO  storage.RaftStorageDirectory (RaftStorageDirectory.java:analyzeStorage(246)) - The storage directory /workdir/hadoop-ozone/integration-test/target/test-dir/MiniOzoneClusterImpl-d13b65ac-93ce-4a90-95b1-b7730ece3208/datanode-4/data/ratis/5c766b12-4dc1-4d2e-8439-dc6e7c09dbd8 does not exist. Creating ...
2019-08-23 08:55:18,105 [pool-483-thread-1] INFO  storage.RaftStorageDirectory (RaftStorageDirectory.java:tryLock(328)) - Lock on /workdir/hadoop-ozone/integration-test/target/test-dir/MiniOzoneClusterImpl-d13b65ac-93ce-4a90-95b1-b7730ece3208/datanode-4/data/ratis/5c766b12-4dc1-4d2e-8439-dc6e7c09dbd8/in_use.lock acquired by nodename 23685@pr-hdds-2022-djmxw-136905289
2019-08-23 08:55:18,147 [pool-483-thread-1] INFO  storage.RaftStorage (RaftStorage.java:format(72)) - Storage directory /workdir/hadoop-ozone/integration-test/target/test-dir/MiniOzoneClusterImpl-d13b65ac-93ce-4a90-95b1-b7730ece3208/datanode-4/data/ratis/5c766b12-4dc1-4d2e-8439-dc6e7c09dbd8 has been successfully formatted.
2019-08-23 08:55:18,148 [pool-483-thread-1] INFO  ratis.ContainerStateMachine (ContainerStateMachine.java:loadSnapshot(226)) - group-DC6E7C09DBD8: The snapshot info is null. Setting the last applied indexto:(t:0, i:~)
2019-08-23 08:55:18,148 [pool-483-thread-1] INFO  server.RaftServerConfigKeys (ConfUtils.java:logGet(43)) - raft.server.leader.election.timeout = 120s (custom)
2019-08-23 08:55:18,148 [pool-483-thread-1] INFO  server.RaftServerConfigKeys (ConfUtils.java:logGet(43)) - raft.server.log.use.memory = false (default)
2019-08-23 08:55:18,148 [pool-483-thread-1] INFO  server.RaftServerConfigKeys (ConfUtils.java:logGet(43)) - raft.server.log.purge.gap = 1000000 (custom)
2019-08-23 08:55:18,148 [pool-483-thread-1] INFO  server.RaftServerConfigKeys (ConfUtils.java:logGet(43)) - raft.server.log.appender.buffer.byte-limit = 33554432 (custom)
2019-08-23 08:55:18,148 [pool-483-thread-1] INFO  server.RaftServerConfigKeys (ConfUtils.java:logGet(43)) - raft.server.log.segment.size.max = 1048576 (custom)
2019-08-23 08:55:18,149 [pool-483-thread-1] INFO  server.RaftServerConfigKeys (ConfUtils.java:logGet(43)) - raft.server.log.segment.cache.num.max = 2 (custom)
2019-08-23 08:55:18,149 [pool-483-thread-1] INFO  segmented.SegmentedRaftLogWorker (SegmentedRaftLogWorker.java:<init>(172)) - new 48bcaf38-66ae-48c7-856d-3b6092bb7fbf-SegmentedRaftLogWorker:Storage Directory /workdir/hadoop-ozone/integration-test/target/test-dir/MiniOzoneClusterImpl-d13b65ac-93ce-4a90-95b1-b7730ece3208/datanode-4/data/ratis/5c766b12-4dc1-4d2e-8439-dc6e7c09dbd8 for RaftStorage:Storage Directory /workdir/hadoop-ozone/integration-test/target/test-dir/MiniOzoneClusterImpl-d13b65ac-93ce-4a90-95b1-b7730ece3208/datanode-4/data/ratis/5c766b12-4dc1-4d2e-8439-dc6e7c09dbd8
2019-08-23 08:55:18,149 [pool-483-thread-1] INFO  server.RaftServerConfigKeys (ConfUtils.java:logGet(43)) - raft.server.log.queue.byte-limit = 2147483647 (custom)
2019-08-23 08:55:18,149 [pool-483-thread-1] INFO  server.RaftServerConfigKeys (ConfUtils.java:logGet(43)) - raft.server.log.queue.element-limit = 1024 (custom)
2019-08-23 08:55:18,149 [pool-483-thread-1] INFO  server.RaftServerConfigKeys (ConfUtils.java:logGet(43)) - raft.server.log.segment.size.max = 1048576 (custom)
2019-08-23 08:55:18,150 [pool-483-thread-1] INFO  server.RaftServerConfigKeys (ConfUtils.java:logGet(43)) - raft.server.log.preallocated.size = 16384 (custom)
2019-08-23 08:55:18,150 [pool-483-thread-1] INFO  server.RaftServerConfigKeys (ConfUtils.java:logGet(43)) - raft.server.log.write.buffer.size = 33554432 (custom)
2019-08-23 08:55:18,150 [pool-483-thread-1] INFO  server.RaftServerConfigKeys (ConfUtils.java:logGet(43)) - raft.server.log.force.sync.num = 128 (default)
2019-08-23 08:55:18,150 [pool-483-thread-1] INFO  server.RaftServerConfigKeys (ConfUtils.java:logGet(43)) - raft.server.log.statemachine.data.sync = true (default)
2019-08-23 08:55:18,150 [pool-483-thread-1] INFO  server.RaftServerConfigKeys (ConfUtils.java:logGet(43)) - raft.server.log.statemachine.data.sync.timeout = 10s (default)
2019-08-23 08:55:18,150 [pool-483-thread-1] INFO  server.RaftServerConfigKeys (ConfUtils.java:logGet(43)) - raft.server.log.statemachine.data.sync.timeout.retry = -1 (default)
2019-08-23 08:55:18,151 [pool-483-thread-1] INFO  server.RaftServerConfigKeys (ConfUtils.java:logGet(43)) - raft.server.log.statemachine.data.caching.enabled = true (custom)
2019-08-23 08:55:18,151 [pool-483-thread-1] INFO  segmented.SegmentedRaftLogWorker (SegmentedRaftLogWorker.java:lambda$new$0(132)) - 48bcaf38-66ae-48c7-856d-3b6092bb7fbf-SegmentedRaftLogWorker:Storage Directory /workdir/hadoop-ozone/integration-test/target/test-dir/MiniOzoneClusterImpl-d13b65ac-93ce-4a90-95b1-b7730ece3208/datanode-4/data/ratis/5c766b12-4dc1-4d2e-8439-dc6e7c09dbd8: flushIndex: setUnconditionally 0 -> -1
2019-08-23 08:55:18,151 [pool-483-thread-1] INFO  server.RaftServerConfigKeys (ConfUtils.java:logGet(43)) - raft.server.snapshot.auto.trigger.enabled = true (custom)
2019-08-23 08:55:18,152 [pool-483-thread-1] INFO  server.RaftServerConfigKeys (ConfUtils.java:logGet(43)) - raft.server.snapshot.auto.trigger.threshold = 10000 (custom)
2019-08-23 08:55:18,152 [pool-483-thread-1] INFO  server.RaftServerConfigKeys (ConfUtils.java:logGet(43)) - raft.server.retrycache.expirytime = 600000ms (custom)
2019-08-23 08:55:18,152 [pool-483-thread-1] INFO  impl.RaftServerImpl (RaftServerImpl.java:start(180)) - 48bcaf38-66ae-48c7-856d-3b6092bb7fbf: start group-DC6E7C09DBD8
2019-08-23 08:55:18,152 [pool-483-thread-1] INFO  impl.RaftServerImpl (RaftServerImpl.java:setRole(171)) - 48bcaf38-66ae-48c7-856d-3b6092bb7fbf:group-DC6E7C09DBD8 changes role from null to FOLLOWER at term 0 for startAsFollower
2019-08-23 08:55:18,152 [pool-483-thread-1] INFO  impl.RoleInfo (RoleInfo.java:updateAndGet(143)) - 48bcaf38-66ae-48c7-856d-3b6092bb7fbf: start FollowerState
2019-08-23 08:55:18,153 [pool-483-thread-1] INFO  util.JmxRegister (JmxRegister.java:tryRegister(44)) - Successfully registered JMX Bean with object name Ratis:service=RaftServer,group=group-DC6E7C09DBD8,id=48bcaf38-66ae-48c7-856d-3b6092bb7fbf
2019-08-23 08:55:18,155 [RatisPipelineUtilsThread] INFO  pipeline.PipelineStateManager (PipelineStateManager.java:addPipeline(56)) - Created pipeline Pipeline[ Id: 5c766b12-4dc1-4d2e-8439-dc6e7c09dbd8, Nodes: 48bcaf38-66ae-48c7-856d-3b6092bb7fbf{ip: 192.168.36.124, host: pr-hdds-2022-djmxw-136905289, networkLocation: /default-rack, certSerialId: null}, Type:RATIS, Factor:ONE, State:OPEN]
2019-08-23 08:55:18,273 [IPC Server handler 4 on 40511] INFO  net.NetworkTopology (NetworkTopologyImpl.java:add(110)) - Added a new node: /default-rack/a29ade88-09c6-4e36-bef3-0197625c25fd
2019-08-23 08:55:18,274 [IPC Server handler 4 on 40511] INFO  node.SCMNodeManager (SCMNodeManager.java:register(273)) - Registered Data node : a29ade88-09c6-4e36-bef3-0197625c25fd{ip: 192.168.36.124, host: pr-hdds-2022-djmxw-136905289, networkLocation: /default-rack, certSerialId: null}
2019-08-23 08:55:18,274 | INFO  | SCMAudit | user=jenkins1000 | ip=192.168.36.124 | op=REGISTER {datanodeDetails=a29ade88-09c6-4e36-bef3-0197625c25fd{ip: 192.168.36.124, host: pr-hdds-2022-djmxw-136905289, networkLocation: /default-rack, certSerialId: null}} | ret=SUCCESS |  
2019-08-23 08:55:18,283 [grpc-default-executor-9] INFO  impl.RaftServerProxy (RaftServerProxy.java:addNew(89)) - a29ade88-09c6-4e36-bef3-0197625c25fd: addNew group-B0B6E61CA1A6:[a29ade88-09c6-4e36-bef3-0197625c25fd:192.168.36.124:39121] returns group-B0B6E61CA1A6:java.util.concurrent.CompletableFuture@5d957b60[Not completed]
2019-08-23 08:55:18,284 [pool-494-thread-1] INFO  impl.RaftServerImpl (RaftServerImpl.java:<init>(93)) - a29ade88-09c6-4e36-bef3-0197625c25fd: new RaftServerImpl for group-B0B6E61CA1A6:[a29ade88-09c6-4e36-bef3-0197625c25fd:192.168.36.124:39121] with ContainerStateMachine:uninitialized
2019-08-23 08:55:18,284 [pool-494-thread-1] INFO  server.RaftServerConfigKeys (ConfUtils.java:logGet(43)) - raft.server.rpc.timeout.min = 5s (custom)
2019-08-23 08:55:18,285 [pool-494-thread-1] INFO  server.RaftServerConfigKeys (ConfUtils.java:logGet(43)) - raft.server.rpc.timeout.max = 5200ms (custom)
2019-08-23 08:55:18,285 [pool-494-thread-1] INFO  server.RaftServerConfigKeys (ConfUtils.java:logGet(43)) - raft.server.rpcslowness.timeout = 120s (custom)
2019-08-23 08:55:18,285 [pool-494-thread-1] INFO  server.RaftServerConfigKeys (ConfUtils.java:logGet(43)) - raft.server.sleep.deviation.threshold = 300 (default)
2019-08-23 08:55:18,285 [pool-494-thread-1] INFO  server.RaftServerConfigKeys (ConfUtils.java:logGet(43)) - raft.server.log.appender.install.snapshot.enabled = false (custom)
2019-08-23 08:55:18,285 [pool-494-thread-1] INFO  impl.RaftServerImpl (ServerState.java:<init>(105)) - a29ade88-09c6-4e36-bef3-0197625c25fd:group-B0B6E61CA1A6 ConfigurationManager, init=-1: [a29ade88-09c6-4e36-bef3-0197625c25fd:192.168.36.124:39121], old=null, confs=<EMPTY_MAP>
2019-08-23 08:55:18,285 [pool-494-thread-1] INFO  server.RaftServerConfigKeys (ConfUtils.java:logGet(43)) - raft.server.storage.dir = [/workdir/hadoop-ozone/integration-test/target/test-dir/MiniOzoneClusterImpl-d13b65ac-93ce-4a90-95b1-b7730ece3208/datanode-5/data/ratis] (custom)
2019-08-23 08:55:18,286 [pool-494-thread-1] INFO  storage.RaftStorageDirectory (RaftStorageDirectory.java:analyzeStorage(246)) - The storage directory /workdir/hadoop-ozone/integration-test/target/test-dir/MiniOzoneClusterImpl-d13b65ac-93ce-4a90-95b1-b7730ece3208/datanode-5/data/ratis/ac7b7629-6e85-45c4-9bb5-b0b6e61ca1a6 does not exist. Creating ...
2019-08-23 08:55:18,314 [pool-494-thread-1] INFO  storage.RaftStorageDirectory (RaftStorageDirectory.java:tryLock(328)) - Lock on /workdir/hadoop-ozone/integration-test/target/test-dir/MiniOzoneClusterImpl-d13b65ac-93ce-4a90-95b1-b7730ece3208/datanode-5/data/ratis/ac7b7629-6e85-45c4-9bb5-b0b6e61ca1a6/in_use.lock acquired by nodename 23685@pr-hdds-2022-djmxw-136905289
2019-08-23 08:55:18,356 [pool-494-thread-1] INFO  storage.RaftStorage (RaftStorage.java:format(72)) - Storage directory /workdir/hadoop-ozone/integration-test/target/test-dir/MiniOzoneClusterImpl-d13b65ac-93ce-4a90-95b1-b7730ece3208/datanode-5/data/ratis/ac7b7629-6e85-45c4-9bb5-b0b6e61ca1a6 has been successfully formatted.
2019-08-23 08:55:18,357 [pool-494-thread-1] INFO  ratis.ContainerStateMachine (ContainerStateMachine.java:loadSnapshot(226)) - group-B0B6E61CA1A6: The snapshot info is null. Setting the last applied indexto:(t:0, i:~)
2019-08-23 08:55:18,357 [pool-494-thread-1] INFO  server.RaftServerConfigKeys (ConfUtils.java:logGet(43)) - raft.server.leader.election.timeout = 120s (custom)
2019-08-23 08:55:18,357 [pool-494-thread-1] INFO  server.RaftServerConfigKeys (ConfUtils.java:logGet(43)) - raft.server.log.use.memory = false (default)
2019-08-23 08:55:18,357 [pool-494-thread-1] INFO  server.RaftServerConfigKeys (ConfUtils.java:logGet(43)) - raft.server.log.purge.gap = 1000000 (custom)
2019-08-23 08:55:18,357 [pool-494-thread-1] INFO  server.RaftServerConfigKeys (ConfUtils.java:logGet(43)) - raft.server.log.appender.buffer.byte-limit = 33554432 (custom)
2019-08-23 08:55:18,357 [pool-494-thread-1] INFO  server.RaftServerConfigKeys (ConfUtils.java:logGet(43)) - raft.server.log.segment.size.max = 1048576 (custom)
2019-08-23 08:55:18,357 [pool-494-thread-1] INFO  server.RaftServerConfigKeys (ConfUtils.java:logGet(43)) - raft.server.log.segment.cache.num.max = 2 (custom)
2019-08-23 08:55:18,358 [pool-494-thread-1] INFO  segmented.SegmentedRaftLogWorker (SegmentedRaftLogWorker.java:<init>(172)) - new a29ade88-09c6-4e36-bef3-0197625c25fd-SegmentedRaftLogWorker:Storage Directory /workdir/hadoop-ozone/integration-test/target/test-dir/MiniOzoneClusterImpl-d13b65ac-93ce-4a90-95b1-b7730ece3208/datanode-5/data/ratis/ac7b7629-6e85-45c4-9bb5-b0b6e61ca1a6 for RaftStorage:Storage Directory /workdir/hadoop-ozone/integration-test/target/test-dir/MiniOzoneClusterImpl-d13b65ac-93ce-4a90-95b1-b7730ece3208/datanode-5/data/ratis/ac7b7629-6e85-45c4-9bb5-b0b6e61ca1a6
2019-08-23 08:55:18,358 [pool-494-thread-1] INFO  server.RaftServerConfigKeys (ConfUtils.java:logGet(43)) - raft.server.log.queue.byte-limit = 2147483647 (custom)
2019-08-23 08:55:18,358 [pool-494-thread-1] INFO  server.RaftServerConfigKeys (ConfUtils.java:logGet(43)) - raft.server.log.queue.element-limit = 1024 (custom)
2019-08-23 08:55:18,358 [pool-494-thread-1] INFO  server.RaftServerConfigKeys (ConfUtils.java:logGet(43)) - raft.server.log.segment.size.max = 1048576 (custom)
2019-08-23 08:55:18,358 [pool-494-thread-1] INFO  server.RaftServerConfigKeys (ConfUtils.java:logGet(43)) - raft.server.log.preallocated.size = 16384 (custom)
2019-08-23 08:55:18,358 [pool-494-thread-1] INFO  server.RaftServerConfigKeys (ConfUtils.java:logGet(43)) - raft.server.log.write.buffer.size = 33554432 (custom)
2019-08-23 08:55:18,358 [pool-494-thread-1] INFO  server.RaftServerConfigKeys (ConfUtils.java:logGet(43)) - raft.server.log.force.sync.num = 128 (default)
2019-08-23 08:55:18,358 [pool-494-thread-1] INFO  server.RaftServerConfigKeys (ConfUtils.java:logGet(43)) - raft.server.log.statemachine.data.sync = true (default)
2019-08-23 08:55:18,359 [pool-494-thread-1] INFO  server.RaftServerConfigKeys (ConfUtils.java:logGet(43)) - raft.server.log.statemachine.data.sync.timeout = 10s (default)
2019-08-23 08:55:18,359 [pool-494-thread-1] INFO  server.RaftServerConfigKeys (ConfUtils.java:logGet(43)) - raft.server.log.statemachine.data.sync.timeout.retry = -1 (default)
2019-08-23 08:55:18,359 [pool-494-thread-1] INFO  server.RaftServerConfigKeys (ConfUtils.java:logGet(43)) - raft.server.log.statemachine.data.caching.enabled = true (custom)
2019-08-23 08:55:18,359 [pool-494-thread-1] INFO  segmented.SegmentedRaftLogWorker (SegmentedRaftLogWorker.java:lambda$new$0(132)) - a29ade88-09c6-4e36-bef3-0197625c25fd-SegmentedRaftLogWorker:Storage Directory /workdir/hadoop-ozone/integration-test/target/test-dir/MiniOzoneClusterImpl-d13b65ac-93ce-4a90-95b1-b7730ece3208/datanode-5/data/ratis/ac7b7629-6e85-45c4-9bb5-b0b6e61ca1a6: flushIndex: setUnconditionally 0 -> -1
2019-08-23 08:55:18,359 [pool-494-thread-1] INFO  server.RaftServerConfigKeys (ConfUtils.java:logGet(43)) - raft.server.snapshot.auto.trigger.enabled = true (custom)
2019-08-23 08:55:18,360 [pool-494-thread-1] INFO  server.RaftServerConfigKeys (ConfUtils.java:logGet(43)) - raft.server.snapshot.auto.trigger.threshold = 10000 (custom)
2019-08-23 08:55:18,360 [pool-494-thread-1] INFO  server.RaftServerConfigKeys (ConfUtils.java:logGet(43)) - raft.server.retrycache.expirytime = 600000ms (custom)
2019-08-23 08:55:18,360 [pool-494-thread-1] INFO  impl.RaftServerImpl (RaftServerImpl.java:start(180)) - a29ade88-09c6-4e36-bef3-0197625c25fd: start group-B0B6E61CA1A6
2019-08-23 08:55:18,360 [pool-494-thread-1] INFO  impl.RaftServerImpl (RaftServerImpl.java:setRole(171)) - a29ade88-09c6-4e36-bef3-0197625c25fd:group-B0B6E61CA1A6 changes role from null to FOLLOWER at term 0 for startAsFollower
2019-08-23 08:55:18,360 [pool-494-thread-1] INFO  impl.RoleInfo (RoleInfo.java:updateAndGet(143)) - a29ade88-09c6-4e36-bef3-0197625c25fd: start FollowerState
2019-08-23 08:55:18,360 [pool-494-thread-1] INFO  util.JmxRegister (JmxRegister.java:tryRegister(44)) - Successfully registered JMX Bean with object name Ratis:service=RaftServer,group=group-B0B6E61CA1A6,id=a29ade88-09c6-4e36-bef3-0197625c25fd
2019-08-23 08:55:18,363 [RatisPipelineUtilsThread] INFO  pipeline.PipelineStateManager (PipelineStateManager.java:addPipeline(56)) - Created pipeline Pipeline[ Id: ac7b7629-6e85-45c4-9bb5-b0b6e61ca1a6, Nodes: a29ade88-09c6-4e36-bef3-0197625c25fd{ip: 192.168.36.124, host: pr-hdds-2022-djmxw-136905289, networkLocation: /default-rack, certSerialId: null}, Type:RATIS, Factor:ONE, State:OPEN]
2019-08-23 08:55:18,378 [grpc-default-executor-11] INFO  impl.RaftServerProxy (RaftServerProxy.java:addNew(89)) - a29ade88-09c6-4e36-bef3-0197625c25fd: addNew group-B4C2C2C34215:[48bcaf38-66ae-48c7-856d-3b6092bb7fbf:192.168.36.124:45416, 6fb3350c-4c0c-4ad1-9d97-675c347d9711:192.168.36.124:42065, a29ade88-09c6-4e36-bef3-0197625c25fd:192.168.36.124:39121] returns group-B4C2C2C34215:java.util.concurrent.CompletableFuture@60e066e9[Not completed]
2019-08-23 08:55:18,378 [grpc-default-executor-1] INFO  impl.RaftServerProxy (RaftServerProxy.java:addNew(89)) - 6fb3350c-4c0c-4ad1-9d97-675c347d9711: addNew group-B4C2C2C34215:[48bcaf38-66ae-48c7-856d-3b6092bb7fbf:192.168.36.124:45416, 6fb3350c-4c0c-4ad1-9d97-675c347d9711:192.168.36.124:42065, a29ade88-09c6-4e36-bef3-0197625c25fd:192.168.36.124:39121] returns group-B4C2C2C34215:java.util.concurrent.CompletableFuture@2e186997[Not completed]
2019-08-23 08:55:18,378 [grpc-default-executor-9] INFO  impl.RaftServerProxy (RaftServerProxy.java:addNew(89)) - 48bcaf38-66ae-48c7-856d-3b6092bb7fbf: addNew group-B4C2C2C34215:[48bcaf38-66ae-48c7-856d-3b6092bb7fbf:192.168.36.124:45416, 6fb3350c-4c0c-4ad1-9d97-675c347d9711:192.168.36.124:42065, a29ade88-09c6-4e36-bef3-0197625c25fd:192.168.36.124:39121] returns group-B4C2C2C34215:java.util.concurrent.CompletableFuture@39549b[Not completed]
2019-08-23 08:55:18,379 [pool-494-thread-1] INFO  impl.RaftServerImpl (RaftServerImpl.java:<init>(93)) - a29ade88-09c6-4e36-bef3-0197625c25fd: new RaftServerImpl for group-B4C2C2C34215:[48bcaf38-66ae-48c7-856d-3b6092bb7fbf:192.168.36.124:45416, 6fb3350c-4c0c-4ad1-9d97-675c347d9711:192.168.36.124:42065, a29ade88-09c6-4e36-bef3-0197625c25fd:192.168.36.124:39121] with ContainerStateMachine:uninitialized
2019-08-23 08:55:18,379 [pool-494-thread-1] INFO  server.RaftServerConfigKeys (ConfUtils.java:logGet(43)) - raft.server.rpc.timeout.min = 5s (custom)
2019-08-23 08:55:18,380 [pool-494-thread-1] INFO  server.RaftServerConfigKeys (ConfUtils.java:logGet(43)) - raft.server.rpc.timeout.max = 5200ms (custom)
2019-08-23 08:55:18,380 [pool-494-thread-1] INFO  server.RaftServerConfigKeys (ConfUtils.java:logGet(43)) - raft.server.rpcslowness.timeout = 120s (custom)
2019-08-23 08:55:18,380 [pool-472-thread-1] INFO  impl.RaftServerImpl (RaftServerImpl.java:<init>(93)) - 6fb3350c-4c0c-4ad1-9d97-675c347d9711: new RaftServerImpl for group-B4C2C2C34215:[48bcaf38-66ae-48c7-856d-3b6092bb7fbf:192.168.36.124:45416, 6fb3350c-4c0c-4ad1-9d97-675c347d9711:192.168.36.124:42065, a29ade88-09c6-4e36-bef3-0197625c25fd:192.168.36.124:39121] with ContainerStateMachine:uninitialized
2019-08-23 08:55:18,380 [pool-494-thread-1] INFO  server.RaftServerConfigKeys (ConfUtils.java:logGet(43)) - raft.server.sleep.deviation.threshold = 300 (default)
2019-08-23 08:55:18,380 [pool-472-thread-1] INFO  server.RaftServerConfigKeys (ConfUtils.java:logGet(43)) - raft.server.rpc.timeout.min = 5s (custom)
2019-08-23 08:55:18,380 [pool-494-thread-1] INFO  server.RaftServerConfigKeys (ConfUtils.java:logGet(43)) - raft.server.log.appender.install.snapshot.enabled = false (custom)
2019-08-23 08:55:18,380 [pool-483-thread-1] INFO  impl.RaftServerImpl (RaftServerImpl.java:<init>(93)) - 48bcaf38-66ae-48c7-856d-3b6092bb7fbf: new RaftServerImpl for group-B4C2C2C34215:[48bcaf38-66ae-48c7-856d-3b6092bb7fbf:192.168.36.124:45416, 6fb3350c-4c0c-4ad1-9d97-675c347d9711:192.168.36.124:42065, a29ade88-09c6-4e36-bef3-0197625c25fd:192.168.36.124:39121] with ContainerStateMachine:uninitialized
2019-08-23 08:55:18,380 [pool-472-thread-1] INFO  server.RaftServerConfigKeys (ConfUtils.java:logGet(43)) - raft.server.rpc.timeout.max = 5200ms (custom)
2019-08-23 08:55:18,380 [pool-483-thread-1] INFO  server.RaftServerConfigKeys (ConfUtils.java:logGet(43)) - raft.server.rpc.timeout.min = 5s (custom)
2019-08-23 08:55:18,380 [pool-483-thread-1] INFO  server.RaftServerConfigKeys (ConfUtils.java:logGet(43)) - raft.server.rpc.timeout.max = 5200ms (custom)
2019-08-23 08:55:18,380 [pool-494-thread-1] INFO  impl.RaftServerImpl (ServerState.java:<init>(105)) - a29ade88-09c6-4e36-bef3-0197625c25fd:group-B4C2C2C34215 ConfigurationManager, init=-1: [48bcaf38-66ae-48c7-856d-3b6092bb7fbf:192.168.36.124:45416, 6fb3350c-4c0c-4ad1-9d97-675c347d9711:192.168.36.124:42065, a29ade88-09c6-4e36-bef3-0197625c25fd:192.168.36.124:39121], old=null, confs=<EMPTY_MAP>
2019-08-23 08:55:18,380 [pool-483-thread-1] INFO  server.RaftServerConfigKeys (ConfUtils.java:logGet(43)) - raft.server.rpcslowness.timeout = 120s (custom)
2019-08-23 08:55:18,381 [pool-483-thread-1] INFO  server.RaftServerConfigKeys (ConfUtils.java:logGet(43)) - raft.server.sleep.deviation.threshold = 300 (default)
2019-08-23 08:55:18,380 [pool-472-thread-1] INFO  server.RaftServerConfigKeys (ConfUtils.java:logGet(43)) - raft.server.rpcslowness.timeout = 120s (custom)
2019-08-23 08:55:18,381 [pool-483-thread-1] INFO  server.RaftServerConfigKeys (ConfUtils.java:logGet(43)) - raft.server.log.appender.install.snapshot.enabled = false (custom)
2019-08-23 08:55:18,381 [pool-494-thread-1] INFO  server.RaftServerConfigKeys (ConfUtils.java:logGet(43)) - raft.server.storage.dir = [/workdir/hadoop-ozone/integration-test/target/test-dir/MiniOzoneClusterImpl-d13b65ac-93ce-4a90-95b1-b7730ece3208/datanode-5/data/ratis] (custom)
2019-08-23 08:55:18,381 [pool-483-thread-1] INFO  impl.RaftServerImpl (ServerState.java:<init>(105)) - 48bcaf38-66ae-48c7-856d-3b6092bb7fbf:group-B4C2C2C34215 ConfigurationManager, init=-1: [48bcaf38-66ae-48c7-856d-3b6092bb7fbf:192.168.36.124:45416, 6fb3350c-4c0c-4ad1-9d97-675c347d9711:192.168.36.124:42065, a29ade88-09c6-4e36-bef3-0197625c25fd:192.168.36.124:39121], old=null, confs=<EMPTY_MAP>
2019-08-23 08:55:18,381 [pool-472-thread-1] INFO  server.RaftServerConfigKeys (ConfUtils.java:logGet(43)) - raft.server.sleep.deviation.threshold = 300 (default)
2019-08-23 08:55:18,381 [pool-494-thread-1] INFO  storage.RaftStorageDirectory (RaftStorageDirectory.java:analyzeStorage(246)) - The storage directory /workdir/hadoop-ozone/integration-test/target/test-dir/MiniOzoneClusterImpl-d13b65ac-93ce-4a90-95b1-b7730ece3208/datanode-5/data/ratis/c7923512-507c-4fc8-8bed-b4c2c2c34215 does not exist. Creating ...
2019-08-23 08:55:18,381 [pool-483-thread-1] INFO  server.RaftServerConfigKeys (ConfUtils.java:logGet(43)) - raft.server.storage.dir = [/workdir/hadoop-ozone/integration-test/target/test-dir/MiniOzoneClusterImpl-d13b65ac-93ce-4a90-95b1-b7730ece3208/datanode-4/data/ratis] (custom)
2019-08-23 08:55:18,381 [pool-472-thread-1] INFO  server.RaftServerConfigKeys (ConfUtils.java:logGet(43)) - raft.server.log.appender.install.snapshot.enabled = false (custom)
2019-08-23 08:55:18,382 [pool-483-thread-1] INFO  storage.RaftStorageDirectory (RaftStorageDirectory.java:analyzeStorage(246)) - The storage directory /workdir/hadoop-ozone/integration-test/target/test-dir/MiniOzoneClusterImpl-d13b65ac-93ce-4a90-95b1-b7730ece3208/datanode-4/data/ratis/c7923512-507c-4fc8-8bed-b4c2c2c34215 does not exist. Creating ...
2019-08-23 08:55:18,382 [pool-472-thread-1] INFO  impl.RaftServerImpl (ServerState.java:<init>(105)) - 6fb3350c-4c0c-4ad1-9d97-675c347d9711:group-B4C2C2C34215 ConfigurationManager, init=-1: [48bcaf38-66ae-48c7-856d-3b6092bb7fbf:192.168.36.124:45416, 6fb3350c-4c0c-4ad1-9d97-675c347d9711:192.168.36.124:42065, a29ade88-09c6-4e36-bef3-0197625c25fd:192.168.36.124:39121], old=null, confs=<EMPTY_MAP>
2019-08-23 08:55:18,382 [pool-472-thread-1] INFO  server.RaftServerConfigKeys (ConfUtils.java:logGet(43)) - raft.server.storage.dir = [/workdir/hadoop-ozone/integration-test/target/test-dir/MiniOzoneClusterImpl-d13b65ac-93ce-4a90-95b1-b7730ece3208/datanode-3/data/ratis] (custom)
2019-08-23 08:55:18,382 [pool-472-thread-1] INFO  storage.RaftStorageDirectory (RaftStorageDirectory.java:analyzeStorage(246)) - The storage directory /workdir/hadoop-ozone/integration-test/target/test-dir/MiniOzoneClusterImpl-d13b65ac-93ce-4a90-95b1-b7730ece3208/datanode-3/data/ratis/c7923512-507c-4fc8-8bed-b4c2c2c34215 does not exist. Creating ...
2019-08-23 08:55:18,415 [pool-483-thread-1] INFO  storage.RaftStorageDirectory (RaftStorageDirectory.java:tryLock(328)) - Lock on /workdir/hadoop-ozone/integration-test/target/test-dir/MiniOzoneClusterImpl-d13b65ac-93ce-4a90-95b1-b7730ece3208/datanode-4/data/ratis/c7923512-507c-4fc8-8bed-b4c2c2c34215/in_use.lock acquired by nodename 23685@pr-hdds-2022-djmxw-136905289
2019-08-23 08:55:18,415 [pool-494-thread-1] INFO  storage.RaftStorageDirectory (RaftStorageDirectory.java:tryLock(328)) - Lock on /workdir/hadoop-ozone/integration-test/target/test-dir/MiniOzoneClusterImpl-d13b65ac-93ce-4a90-95b1-b7730ece3208/datanode-5/data/ratis/c7923512-507c-4fc8-8bed-b4c2c2c34215/in_use.lock acquired by nodename 23685@pr-hdds-2022-djmxw-136905289
2019-08-23 08:55:18,415 [pool-472-thread-1] INFO  storage.RaftStorageDirectory (RaftStorageDirectory.java:tryLock(328)) - Lock on /workdir/hadoop-ozone/integration-test/target/test-dir/MiniOzoneClusterImpl-d13b65ac-93ce-4a90-95b1-b7730ece3208/datanode-3/data/ratis/c7923512-507c-4fc8-8bed-b4c2c2c34215/in_use.lock acquired by nodename 23685@pr-hdds-2022-djmxw-136905289
2019-08-23 08:55:18,433 [pool-494-thread-1] INFO  storage.RaftStorage (RaftStorage.java:format(72)) - Storage directory /workdir/hadoop-ozone/integration-test/target/test-dir/MiniOzoneClusterImpl-d13b65ac-93ce-4a90-95b1-b7730ece3208/datanode-5/data/ratis/c7923512-507c-4fc8-8bed-b4c2c2c34215 has been successfully formatted.
2019-08-23 08:55:18,433 [pool-472-thread-1] INFO  storage.RaftStorage (RaftStorage.java:format(72)) - Storage directory /workdir/hadoop-ozone/integration-test/target/test-dir/MiniOzoneClusterImpl-d13b65ac-93ce-4a90-95b1-b7730ece3208/datanode-3/data/ratis/c7923512-507c-4fc8-8bed-b4c2c2c34215 has been successfully formatted.
2019-08-23 08:55:18,433 [pool-483-thread-1] INFO  storage.RaftStorage (RaftStorage.java:format(72)) - Storage directory /workdir/hadoop-ozone/integration-test/target/test-dir/MiniOzoneClusterImpl-d13b65ac-93ce-4a90-95b1-b7730ece3208/datanode-4/data/ratis/c7923512-507c-4fc8-8bed-b4c2c2c34215 has been successfully formatted.
2019-08-23 08:55:18,433 [pool-472-thread-1] INFO  ratis.ContainerStateMachine (ContainerStateMachine.java:loadSnapshot(226)) - group-B4C2C2C34215: The snapshot info is null. Setting the last applied indexto:(t:0, i:~)
2019-08-23 08:55:18,433 [pool-494-thread-1] INFO  ratis.ContainerStateMachine (ContainerStateMachine.java:loadSnapshot(226)) - group-B4C2C2C34215: The snapshot info is null. Setting the last applied indexto:(t:0, i:~)
2019-08-23 08:55:18,433 [pool-472-thread-1] INFO  server.RaftServerConfigKeys (ConfUtils.java:logGet(43)) - raft.server.leader.election.timeout = 120s (custom)
2019-08-23 08:55:18,433 [pool-483-thread-1] INFO  ratis.ContainerStateMachine (ContainerStateMachine.java:loadSnapshot(226)) - group-B4C2C2C34215: The snapshot info is null. Setting the last applied indexto:(t:0, i:~)
2019-08-23 08:55:18,433 [pool-472-thread-1] INFO  server.RaftServerConfigKeys (ConfUtils.java:logGet(43)) - raft.server.log.use.memory = false (default)
2019-08-23 08:55:18,433 [pool-494-thread-1] INFO  server.RaftServerConfigKeys (ConfUtils.java:logGet(43)) - raft.server.leader.election.timeout = 120s (custom)
2019-08-23 08:55:18,433 [pool-472-thread-1] INFO  server.RaftServerConfigKeys (ConfUtils.java:logGet(43)) - raft.server.log.purge.gap = 1000000 (custom)
2019-08-23 08:55:18,433 [pool-483-thread-1] INFO  server.RaftServerConfigKeys (ConfUtils.java:logGet(43)) - raft.server.leader.election.timeout = 120s (custom)
2019-08-23 08:55:18,433 [pool-472-thread-1] INFO  server.RaftServerConfigKeys (ConfUtils.java:logGet(43)) - raft.server.log.appender.buffer.byte-limit = 33554432 (custom)
2019-08-23 08:55:18,433 [pool-494-thread-1] INFO  server.RaftServerConfigKeys (ConfUtils.java:logGet(43)) - raft.server.log.use.memory = false (default)
2019-08-23 08:55:18,434 [pool-472-thread-1] INFO  server.RaftServerConfigKeys (ConfUtils.java:logGet(43)) - raft.server.log.segment.size.max = 1048576 (custom)
2019-08-23 08:55:18,434 [pool-472-thread-1] INFO  server.RaftServerConfigKeys (ConfUtils.java:logGet(43)) - raft.server.log.segment.cache.num.max = 2 (custom)
2019-08-23 08:55:18,434 [pool-483-thread-1] INFO  server.RaftServerConfigKeys (ConfUtils.java:logGet(43)) - raft.server.log.use.memory = false (default)
2019-08-23 08:55:18,434 [pool-472-thread-1] INFO  segmented.SegmentedRaftLogWorker (SegmentedRaftLogWorker.java:<init>(172)) - new 6fb3350c-4c0c-4ad1-9d97-675c347d9711-SegmentedRaftLogWorker:Storage Directory /workdir/hadoop-ozone/integration-test/target/test-dir/MiniOzoneClusterImpl-d13b65ac-93ce-4a90-95b1-b7730ece3208/datanode-3/data/ratis/c7923512-507c-4fc8-8bed-b4c2c2c34215 for RaftStorage:Storage Directory /workdir/hadoop-ozone/integration-test/target/test-dir/MiniOzoneClusterImpl-d13b65ac-93ce-4a90-95b1-b7730ece3208/datanode-3/data/ratis/c7923512-507c-4fc8-8bed-b4c2c2c34215
2019-08-23 08:55:18,434 [pool-494-thread-1] INFO  server.RaftServerConfigKeys (ConfUtils.java:logGet(43)) - raft.server.log.purge.gap = 1000000 (custom)
2019-08-23 08:55:18,434 [pool-472-thread-1] INFO  server.RaftServerConfigKeys (ConfUtils.java:logGet(43)) - raft.server.log.queue.byte-limit = 2147483647 (custom)
2019-08-23 08:55:18,434 [pool-483-thread-1] INFO  server.RaftServerConfigKeys (ConfUtils.java:logGet(43)) - raft.server.log.purge.gap = 1000000 (custom)
2019-08-23 08:55:18,434 [pool-472-thread-1] INFO  server.RaftServerConfigKeys (ConfUtils.java:logGet(43)) - raft.server.log.queue.element-limit = 1024 (custom)
2019-08-23 08:55:18,434 [pool-494-thread-1] INFO  server.RaftServerConfigKeys (ConfUtils.java:logGet(43)) - raft.server.log.appender.buffer.byte-limit = 33554432 (custom)
2019-08-23 08:55:18,435 [pool-472-thread-1] INFO  server.RaftServerConfigKeys (ConfUtils.java:logGet(43)) - raft.server.log.segment.size.max = 1048576 (custom)
2019-08-23 08:55:18,435 [pool-472-thread-1] INFO  server.RaftServerConfigKeys (ConfUtils.java:logGet(43)) - raft.server.log.preallocated.size = 16384 (custom)
2019-08-23 08:55:18,434 [pool-483-thread-1] INFO  server.RaftServerConfigKeys (ConfUtils.java:logGet(43)) - raft.server.log.appender.buffer.byte-limit = 33554432 (custom)
2019-08-23 08:55:18,435 [pool-472-thread-1] INFO  server.RaftServerConfigKeys (ConfUtils.java:logGet(43)) - raft.server.log.write.buffer.size = 33554432 (custom)
2019-08-23 08:55:18,435 [pool-494-thread-1] INFO  server.RaftServerConfigKeys (ConfUtils.java:logGet(43)) - raft.server.log.segment.size.max = 1048576 (custom)
2019-08-23 08:55:18,435 [pool-472-thread-1] INFO  server.RaftServerConfigKeys (ConfUtils.java:logGet(43)) - raft.server.log.force.sync.num = 128 (default)
2019-08-23 08:55:18,435 [pool-483-thread-1] INFO  server.RaftServerConfigKeys (ConfUtils.java:logGet(43)) - raft.server.log.segment.size.max = 1048576 (custom)
2019-08-23 08:55:18,435 [pool-472-thread-1] INFO  server.RaftServerConfigKeys (ConfUtils.java:logGet(43)) - raft.server.log.statemachine.data.sync = true (default)
2019-08-23 08:55:18,435 [pool-494-thread-1] INFO  server.RaftServerConfigKeys (ConfUtils.java:logGet(43)) - raft.server.log.segment.cache.num.max = 2 (custom)
2019-08-23 08:55:18,435 [pool-472-thread-1] INFO  server.RaftServerConfigKeys (ConfUtils.java:logGet(43)) - raft.server.log.statemachine.data.sync.timeout = 10s (default)
2019-08-23 08:55:18,435 [pool-483-thread-1] INFO  server.RaftServerConfigKeys (ConfUtils.java:logGet(43)) - raft.server.log.segment.cache.num.max = 2 (custom)
2019-08-23 08:55:18,436 [pool-472-thread-1] INFO  server.RaftServerConfigKeys (ConfUtils.java:logGet(43)) - raft.server.log.statemachine.data.sync.timeout.retry = -1 (default)
2019-08-23 08:55:18,435 [pool-494-thread-1] INFO  segmented.SegmentedRaftLogWorker (SegmentedRaftLogWorker.java:<init>(172)) - new a29ade88-09c6-4e36-bef3-0197625c25fd-SegmentedRaftLogWorker:Storage Directory /workdir/hadoop-ozone/integration-test/target/test-dir/MiniOzoneClusterImpl-d13b65ac-93ce-4a90-95b1-b7730ece3208/datanode-5/data/ratis/c7923512-507c-4fc8-8bed-b4c2c2c34215 for RaftStorage:Storage Directory /workdir/hadoop-ozone/integration-test/target/test-dir/MiniOzoneClusterImpl-d13b65ac-93ce-4a90-95b1-b7730ece3208/datanode-5/data/ratis/c7923512-507c-4fc8-8bed-b4c2c2c34215
2019-08-23 08:55:18,436 [pool-472-thread-1] INFO  server.RaftServerConfigKeys (ConfUtils.java:logGet(43)) - raft.server.log.statemachine.data.caching.enabled = true (custom)
2019-08-23 08:55:18,436 [pool-483-thread-1] INFO  segmented.SegmentedRaftLogWorker (SegmentedRaftLogWorker.java:<init>(172)) - new 48bcaf38-66ae-48c7-856d-3b6092bb7fbf-SegmentedRaftLogWorker:Storage Directory /workdir/hadoop-ozone/integration-test/target/test-dir/MiniOzoneClusterImpl-d13b65ac-93ce-4a90-95b1-b7730ece3208/datanode-4/data/ratis/c7923512-507c-4fc8-8bed-b4c2c2c34215 for RaftStorage:Storage Directory /workdir/hadoop-ozone/integration-test/target/test-dir/MiniOzoneClusterImpl-d13b65ac-93ce-4a90-95b1-b7730ece3208/datanode-4/data/ratis/c7923512-507c-4fc8-8bed-b4c2c2c34215
2019-08-23 08:55:18,436 [pool-494-thread-1] INFO  server.RaftServerConfigKeys (ConfUtils.java:logGet(43)) - raft.server.log.queue.byte-limit = 2147483647 (custom)
2019-08-23 08:55:18,436 [pool-472-thread-1] INFO  segmented.SegmentedRaftLogWorker (SegmentedRaftLogWorker.java:lambda$new$0(132)) - 6fb3350c-4c0c-4ad1-9d97-675c347d9711-SegmentedRaftLogWorker:Storage Directory /workdir/hadoop-ozone/integration-test/target/test-dir/MiniOzoneClusterImpl-d13b65ac-93ce-4a90-95b1-b7730ece3208/datanode-3/data/ratis/c7923512-507c-4fc8-8bed-b4c2c2c34215: flushIndex: setUnconditionally 0 -> -1
2019-08-23 08:55:18,436 [pool-483-thread-1] INFO  server.RaftServerConfigKeys (ConfUtils.java:logGet(43)) - raft.server.log.queue.byte-limit = 2147483647 (custom)
2019-08-23 08:55:18,436 [pool-494-thread-1] INFO  server.RaftServerConfigKeys (ConfUtils.java:logGet(43)) - raft.server.log.queue.element-limit = 1024 (custom)
2019-08-23 08:55:18,436 [pool-472-thread-1] INFO  server.RaftServerConfigKeys (ConfUtils.java:logGet(43)) - raft.server.snapshot.auto.trigger.enabled = true (custom)
2019-08-23 08:55:18,436 [pool-483-thread-1] INFO  server.RaftServerConfigKeys (ConfUtils.java:logGet(43)) - raft.server.log.queue.element-limit = 1024 (custom)
2019-08-23 08:55:18,437 [pool-472-thread-1] INFO  server.RaftServerConfigKeys (ConfUtils.java:logGet(43)) - raft.server.snapshot.auto.trigger.threshold = 10000 (custom)
2019-08-23 08:55:18,436 [pool-494-thread-1] INFO  server.RaftServerConfigKeys (ConfUtils.java:logGet(43)) - raft.server.log.segment.size.max = 1048576 (custom)
2019-08-23 08:55:18,437 [pool-472-thread-1] INFO  server.RaftServerConfigKeys (ConfUtils.java:logGet(43)) - raft.server.retrycache.expirytime = 600000ms (custom)
2019-08-23 08:55:18,437 [pool-483-thread-1] INFO  server.RaftServerConfigKeys (ConfUtils.java:logGet(43)) - raft.server.log.segment.size.max = 1048576 (custom)
2019-08-23 08:55:18,437 [pool-472-thread-1] INFO  impl.RaftServerImpl (RaftServerImpl.java:start(180)) - 6fb3350c-4c0c-4ad1-9d97-675c347d9711: start group-B4C2C2C34215
2019-08-23 08:55:18,437 [pool-472-thread-1] INFO  impl.RaftServerImpl (RaftServerImpl.java:setRole(171)) - 6fb3350c-4c0c-4ad1-9d97-675c347d9711:group-B4C2C2C34215 changes role from null to FOLLOWER at term 0 for startAsFollower
2019-08-23 08:55:18,437 [pool-494-thread-1] INFO  server.RaftServerConfigKeys (ConfUtils.java:logGet(43)) - raft.server.log.preallocated.size = 16384 (custom)
2019-08-23 08:55:18,437 [pool-472-thread-1] INFO  impl.RoleInfo (RoleInfo.java:updateAndGet(143)) - 6fb3350c-4c0c-4ad1-9d97-675c347d9711: start FollowerState
2019-08-23 08:55:18,437 [pool-483-thread-1] INFO  server.RaftServerConfigKeys (ConfUtils.java:logGet(43)) - raft.server.log.preallocated.size = 16384 (custom)
2019-08-23 08:55:18,437 [pool-494-thread-1] INFO  server.RaftServerConfigKeys (ConfUtils.java:logGet(43)) - raft.server.log.write.buffer.size = 33554432 (custom)
2019-08-23 08:55:18,437 [pool-483-thread-1] INFO  server.RaftServerConfigKeys (ConfUtils.java:logGet(43)) - raft.server.log.write.buffer.size = 33554432 (custom)
2019-08-23 08:55:18,438 [pool-494-thread-1] INFO  server.RaftServerConfigKeys (ConfUtils.java:logGet(43)) - raft.server.log.force.sync.num = 128 (default)
2019-08-23 08:55:18,438 [pool-472-thread-1] INFO  util.JmxRegister (JmxRegister.java:tryRegister(44)) - Successfully registered JMX Bean with object name Ratis:service=RaftServer,group=group-B4C2C2C34215,id=6fb3350c-4c0c-4ad1-9d97-675c347d9711
2019-08-23 08:55:18,438 [pool-483-thread-1] INFO  server.RaftServerConfigKeys (ConfUtils.java:logGet(43)) - raft.server.log.force.sync.num = 128 (default)
2019-08-23 08:55:18,438 [pool-494-thread-1] INFO  server.RaftServerConfigKeys (ConfUtils.java:logGet(43)) - raft.server.log.statemachine.data.sync = true (default)
2019-08-23 08:55:18,438 [pool-483-thread-1] INFO  server.RaftServerConfigKeys (ConfUtils.java:logGet(43)) - raft.server.log.statemachine.data.sync = true (default)
2019-08-23 08:55:18,438 [pool-494-thread-1] INFO  server.RaftServerConfigKeys (ConfUtils.java:logGet(43)) - raft.server.log.statemachine.data.sync.timeout = 10s (default)
2019-08-23 08:55:18,438 [pool-483-thread-1] INFO  server.RaftServerConfigKeys (ConfUtils.java:logGet(43)) - raft.server.log.statemachine.data.sync.timeout = 10s (default)
2019-08-23 08:55:18,438 [pool-494-thread-1] INFO  server.RaftServerConfigKeys (ConfUtils.java:logGet(43)) - raft.server.log.statemachine.data.sync.timeout.retry = -1 (default)
2019-08-23 08:55:18,438 [pool-483-thread-1] INFO  server.RaftServerConfigKeys (ConfUtils.java:logGet(43)) - raft.server.log.statemachine.data.sync.timeout.retry = -1 (default)
2019-08-23 08:55:18,438 [pool-494-thread-1] INFO  server.RaftServerConfigKeys (ConfUtils.java:logGet(43)) - raft.server.log.statemachine.data.caching.enabled = true (custom)
2019-08-23 08:55:18,438 [pool-483-thread-1] INFO  server.RaftServerConfigKeys (ConfUtils.java:logGet(43)) - raft.server.log.statemachine.data.caching.enabled = true (custom)
2019-08-23 08:55:18,439 [pool-494-thread-1] INFO  segmented.SegmentedRaftLogWorker (SegmentedRaftLogWorker.java:lambda$new$0(132)) - a29ade88-09c6-4e36-bef3-0197625c25fd-SegmentedRaftLogWorker:Storage Directory /workdir/hadoop-ozone/integration-test/target/test-dir/MiniOzoneClusterImpl-d13b65ac-93ce-4a90-95b1-b7730ece3208/datanode-5/data/ratis/c7923512-507c-4fc8-8bed-b4c2c2c34215: flushIndex: setUnconditionally 0 -> -1
2019-08-23 08:55:18,439 [pool-483-thread-1] INFO  segmented.SegmentedRaftLogWorker (SegmentedRaftLogWorker.java:lambda$new$0(132)) - 48bcaf38-66ae-48c7-856d-3b6092bb7fbf-SegmentedRaftLogWorker:Storage Directory /workdir/hadoop-ozone/integration-test/target/test-dir/MiniOzoneClusterImpl-d13b65ac-93ce-4a90-95b1-b7730ece3208/datanode-4/data/ratis/c7923512-507c-4fc8-8bed-b4c2c2c34215: flushIndex: setUnconditionally 0 -> -1
2019-08-23 08:55:18,439 [pool-494-thread-1] INFO  server.RaftServerConfigKeys (ConfUtils.java:logGet(43)) - raft.server.snapshot.auto.trigger.enabled = true (custom)
2019-08-23 08:55:18,439 [pool-483-thread-1] INFO  server.RaftServerConfigKeys (ConfUtils.java:logGet(43)) - raft.server.snapshot.auto.trigger.enabled = true (custom)
2019-08-23 08:55:18,439 [pool-494-thread-1] INFO  server.RaftServerConfigKeys (ConfUtils.java:logGet(43)) - raft.server.snapshot.auto.trigger.threshold = 10000 (custom)
2019-08-23 08:55:18,439 [pool-483-thread-1] INFO  server.RaftServerConfigKeys (ConfUtils.java:logGet(43)) - raft.server.snapshot.auto.trigger.threshold = 10000 (custom)
2019-08-23 08:55:18,439 [pool-494-thread-1] INFO  server.RaftServerConfigKeys (ConfUtils.java:logGet(43)) - raft.server.retrycache.expirytime = 600000ms (custom)
2019-08-23 08:55:18,439 [pool-483-thread-1] INFO  server.RaftServerConfigKeys (ConfUtils.java:logGet(43)) - raft.server.retrycache.expirytime = 600000ms (custom)
2019-08-23 08:55:18,439 [pool-494-thread-1] INFO  impl.RaftServerImpl (RaftServerImpl.java:start(180)) - a29ade88-09c6-4e36-bef3-0197625c25fd: start group-B4C2C2C34215
2019-08-23 08:55:18,440 [pool-483-thread-1] INFO  impl.RaftServerImpl (RaftServerImpl.java:start(180)) - 48bcaf38-66ae-48c7-856d-3b6092bb7fbf: start group-B4C2C2C34215
2019-08-23 08:55:18,440 [pool-483-thread-1] INFO  impl.RaftServerImpl (RaftServerImpl.java:setRole(171)) - 48bcaf38-66ae-48c7-856d-3b6092bb7fbf:group-B4C2C2C34215 changes role from null to FOLLOWER at term 0 for startAsFollower
2019-08-23 08:55:18,440 [pool-494-thread-1] INFO  impl.RaftServerImpl (RaftServerImpl.java:setRole(171)) - a29ade88-09c6-4e36-bef3-0197625c25fd:group-B4C2C2C34215 changes role from null to FOLLOWER at term 0 for startAsFollower
2019-08-23 08:55:18,440 [pool-483-thread-1] INFO  impl.RoleInfo (RoleInfo.java:updateAndGet(143)) - 48bcaf38-66ae-48c7-856d-3b6092bb7fbf: start FollowerState
2019-08-23 08:55:18,440 [pool-494-thread-1] INFO  impl.RoleInfo (RoleInfo.java:updateAndGet(143)) - a29ade88-09c6-4e36-bef3-0197625c25fd: start FollowerState
2019-08-23 08:55:18,440 [pool-483-thread-1] INFO  util.JmxRegister (JmxRegister.java:tryRegister(44)) - Successfully registered JMX Bean with object name Ratis:service=RaftServer,group=group-B4C2C2C34215,id=48bcaf38-66ae-48c7-856d-3b6092bb7fbf
2019-08-23 08:55:18,440 [pool-494-thread-1] INFO  util.JmxRegister (JmxRegister.java:tryRegister(44)) - Successfully registered JMX Bean with object name Ratis:service=RaftServer,group=group-B4C2C2C34215,id=a29ade88-09c6-4e36-bef3-0197625c25fd
2019-08-23 08:55:18,443 [RatisPipelineUtilsThread] INFO  pipeline.PipelineStateManager (PipelineStateManager.java:addPipeline(56)) - Created pipeline Pipeline[ Id: c7923512-507c-4fc8-8bed-b4c2c2c34215, Nodes: 48bcaf38-66ae-48c7-856d-3b6092bb7fbf{ip: 192.168.36.124, host: pr-hdds-2022-djmxw-136905289, networkLocation: /default-rack, certSerialId: null}6fb3350c-4c0c-4ad1-9d97-675c347d9711{ip: 192.168.36.124, host: pr-hdds-2022-djmxw-136905289, networkLocation: /default-rack, certSerialId: null}a29ade88-09c6-4e36-bef3-0197625c25fd{ip: 192.168.36.124, host: pr-hdds-2022-djmxw-136905289, networkLocation: /default-rack, certSerialId: null}, Type:RATIS, Factor:THREE, State:OPEN]
2019-08-23 08:55:18,489 [main] INFO  ozone.MiniOzoneClusterImpl (MiniOzoneClusterImpl.java:lambda$waitForClusterToBeReady$0(142)) - Waiting for cluster to be ready. Got 6 of 7 DN Heartbeats.
2019-08-23 08:55:18,490 [IPC Server handler 5 on 40511] INFO  net.NetworkTopology (NetworkTopologyImpl.java:add(110)) - Added a new node: /default-rack/cafcd2ac-2701-4bb3-84b5-de2b0f6030b4
2019-08-23 08:55:18,490 [IPC Server handler 5 on 40511] INFO  node.SCMNodeManager (SCMNodeManager.java:register(273)) - Registered Data node : cafcd2ac-2701-4bb3-84b5-de2b0f6030b4{ip: 192.168.36.124, host: pr-hdds-2022-djmxw-136905289, networkLocation: /default-rack, certSerialId: null}
2019-08-23 08:55:18,494 | INFO  | SCMAudit | user=jenkins1000 | ip=192.168.36.124 | op=REGISTER {datanodeDetails=cafcd2ac-2701-4bb3-84b5-de2b0f6030b4{ip: 192.168.36.124, host: pr-hdds-2022-djmxw-136905289, networkLocation: /default-rack, certSerialId: null}} | ret=SUCCESS |  
2019-08-23 08:55:18,500 [grpc-default-executor-9] INFO  impl.RaftServerProxy (RaftServerProxy.java:addNew(89)) - cafcd2ac-2701-4bb3-84b5-de2b0f6030b4: addNew group-9D0D7316E1EC:[cafcd2ac-2701-4bb3-84b5-de2b0f6030b4:192.168.36.124:33498] returns group-9D0D7316E1EC:java.util.concurrent.CompletableFuture@6c09c11b[Not completed]
2019-08-23 08:55:18,501 [pool-505-thread-1] INFO  impl.RaftServerImpl (RaftServerImpl.java:<init>(93)) - cafcd2ac-2701-4bb3-84b5-de2b0f6030b4: new RaftServerImpl for group-9D0D7316E1EC:[cafcd2ac-2701-4bb3-84b5-de2b0f6030b4:192.168.36.124:33498] with ContainerStateMachine:uninitialized
2019-08-23 08:55:18,502 [pool-505-thread-1] INFO  server.RaftServerConfigKeys (ConfUtils.java:logGet(43)) - raft.server.rpc.timeout.min = 5s (custom)
2019-08-23 08:55:18,502 [pool-505-thread-1] INFO  server.RaftServerConfigKeys (ConfUtils.java:logGet(43)) - raft.server.rpc.timeout.max = 5200ms (custom)
2019-08-23 08:55:18,502 [pool-505-thread-1] INFO  server.RaftServerConfigKeys (ConfUtils.java:logGet(43)) - raft.server.rpcslowness.timeout = 120s (custom)
2019-08-23 08:55:18,502 [pool-505-thread-1] INFO  server.RaftServerConfigKeys (ConfUtils.java:logGet(43)) - raft.server.sleep.deviation.threshold = 300 (default)
2019-08-23 08:55:18,502 [pool-505-thread-1] INFO  server.RaftServerConfigKeys (ConfUtils.java:logGet(43)) - raft.server.log.appender.install.snapshot.enabled = false (custom)
2019-08-23 08:55:18,502 [pool-505-thread-1] INFO  impl.RaftServerImpl (ServerState.java:<init>(105)) - cafcd2ac-2701-4bb3-84b5-de2b0f6030b4:group-9D0D7316E1EC ConfigurationManager, init=-1: [cafcd2ac-2701-4bb3-84b5-de2b0f6030b4:192.168.36.124:33498], old=null, confs=<EMPTY_MAP>
2019-08-23 08:55:18,503 [pool-505-thread-1] INFO  server.RaftServerConfigKeys (ConfUtils.java:logGet(43)) - raft.server.storage.dir = [/workdir/hadoop-ozone/integration-test/target/test-dir/MiniOzoneClusterImpl-d13b65ac-93ce-4a90-95b1-b7730ece3208/datanode-6/data/ratis] (custom)
2019-08-23 08:55:18,503 [pool-505-thread-1] INFO  storage.RaftStorageDirectory (RaftStorageDirectory.java:analyzeStorage(246)) - The storage directory /workdir/hadoop-ozone/integration-test/target/test-dir/MiniOzoneClusterImpl-d13b65ac-93ce-4a90-95b1-b7730ece3208/datanode-6/data/ratis/e4d615ca-b938-4d1f-a1a3-9d0d7316e1ec does not exist. Creating ...
2019-08-23 08:55:18,525 [pool-505-thread-1] INFO  storage.RaftStorageDirectory (RaftStorageDirectory.java:tryLock(328)) - Lock on /workdir/hadoop-ozone/integration-test/target/test-dir/MiniOzoneClusterImpl-d13b65ac-93ce-4a90-95b1-b7730ece3208/datanode-6/data/ratis/e4d615ca-b938-4d1f-a1a3-9d0d7316e1ec/in_use.lock acquired by nodename 23685@pr-hdds-2022-djmxw-136905289
2019-08-23 08:55:18,542 [pool-505-thread-1] INFO  storage.RaftStorage (RaftStorage.java:format(72)) - Storage directory /workdir/hadoop-ozone/integration-test/target/test-dir/MiniOzoneClusterImpl-d13b65ac-93ce-4a90-95b1-b7730ece3208/datanode-6/data/ratis/e4d615ca-b938-4d1f-a1a3-9d0d7316e1ec has been successfully formatted.
2019-08-23 08:55:18,542 [pool-505-thread-1] INFO  ratis.ContainerStateMachine (ContainerStateMachine.java:loadSnapshot(226)) - group-9D0D7316E1EC: The snapshot info is null. Setting the last applied indexto:(t:0, i:~)
2019-08-23 08:55:18,542 [pool-505-thread-1] INFO  server.RaftServerConfigKeys (ConfUtils.java:logGet(43)) - raft.server.leader.election.timeout = 120s (custom)
2019-08-23 08:55:18,542 [pool-505-thread-1] INFO  server.RaftServerConfigKeys (ConfUtils.java:logGet(43)) - raft.server.log.use.memory = false (default)
2019-08-23 08:55:18,542 [pool-505-thread-1] INFO  server.RaftServerConfigKeys (ConfUtils.java:logGet(43)) - raft.server.log.purge.gap = 1000000 (custom)
2019-08-23 08:55:18,542 [pool-505-thread-1] INFO  server.RaftServerConfigKeys (ConfUtils.java:logGet(43)) - raft.server.log.appender.buffer.byte-limit = 33554432 (custom)
2019-08-23 08:55:18,543 [pool-505-thread-1] INFO  server.RaftServerConfigKeys (ConfUtils.java:logGet(43)) - raft.server.log.segment.size.max = 1048576 (custom)
2019-08-23 08:55:18,543 [pool-505-thread-1] INFO  server.RaftServerConfigKeys (ConfUtils.java:logGet(43)) - raft.server.log.segment.cache.num.max = 2 (custom)
2019-08-23 08:55:18,543 [pool-505-thread-1] INFO  segmented.SegmentedRaftLogWorker (SegmentedRaftLogWorker.java:<init>(172)) - new cafcd2ac-2701-4bb3-84b5-de2b0f6030b4-SegmentedRaftLogWorker:Storage Directory /workdir/hadoop-ozone/integration-test/target/test-dir/MiniOzoneClusterImpl-d13b65ac-93ce-4a90-95b1-b7730ece3208/datanode-6/data/ratis/e4d615ca-b938-4d1f-a1a3-9d0d7316e1ec for RaftStorage:Storage Directory /workdir/hadoop-ozone/integration-test/target/test-dir/MiniOzoneClusterImpl-d13b65ac-93ce-4a90-95b1-b7730ece3208/datanode-6/data/ratis/e4d615ca-b938-4d1f-a1a3-9d0d7316e1ec
2019-08-23 08:55:18,543 [pool-505-thread-1] INFO  server.RaftServerConfigKeys (ConfUtils.java:logGet(43)) - raft.server.log.queue.byte-limit = 2147483647 (custom)
2019-08-23 08:55:18,543 [pool-505-thread-1] INFO  server.RaftServerConfigKeys (ConfUtils.java:logGet(43)) - raft.server.log.queue.element-limit = 1024 (custom)
2019-08-23 08:55:18,543 [pool-505-thread-1] INFO  server.RaftServerConfigKeys (ConfUtils.java:logGet(43)) - raft.server.log.segment.size.max = 1048576 (custom)
2019-08-23 08:55:18,543 [pool-505-thread-1] INFO  server.RaftServerConfigKeys (ConfUtils.java:logGet(43)) - raft.server.log.preallocated.size = 16384 (custom)
2019-08-23 08:55:18,543 [pool-505-thread-1] INFO  server.RaftServerConfigKeys (ConfUtils.java:logGet(43)) - raft.server.log.write.buffer.size = 33554432 (custom)
2019-08-23 08:55:18,543 [pool-505-thread-1] INFO  server.RaftServerConfigKeys (ConfUtils.java:logGet(43)) - raft.server.log.force.sync.num = 128 (default)
2019-08-23 08:55:18,544 [pool-505-thread-1] INFO  server.RaftServerConfigKeys (ConfUtils.java:logGet(43)) - raft.server.log.statemachine.data.sync = true (default)
2019-08-23 08:55:18,544 [pool-505-thread-1] INFO  server.RaftServerConfigKeys (ConfUtils.java:logGet(43)) - raft.server.log.statemachine.data.sync.timeout = 10s (default)
2019-08-23 08:55:18,544 [pool-505-thread-1] INFO  server.RaftServerConfigKeys (ConfUtils.java:logGet(43)) - raft.server.log.statemachine.data.sync.timeout.retry = -1 (default)
2019-08-23 08:55:18,544 [pool-505-thread-1] INFO  server.RaftServerConfigKeys (ConfUtils.java:logGet(43)) - raft.server.log.statemachine.data.caching.enabled = true (custom)
2019-08-23 08:55:18,544 [pool-505-thread-1] INFO  segmented.SegmentedRaftLogWorker (SegmentedRaftLogWorker.java:lambda$new$0(132)) - cafcd2ac-2701-4bb3-84b5-de2b0f6030b4-SegmentedRaftLogWorker:Storage Directory /workdir/hadoop-ozone/integration-test/target/test-dir/MiniOzoneClusterImpl-d13b65ac-93ce-4a90-95b1-b7730ece3208/datanode-6/data/ratis/e4d615ca-b938-4d1f-a1a3-9d0d7316e1ec: flushIndex: setUnconditionally 0 -> -1
2019-08-23 08:55:18,544 [pool-505-thread-1] INFO  server.RaftServerConfigKeys (ConfUtils.java:logGet(43)) - raft.server.snapshot.auto.trigger.enabled = true (custom)
2019-08-23 08:55:18,545 [pool-505-thread-1] INFO  server.RaftServerConfigKeys (ConfUtils.java:logGet(43)) - raft.server.snapshot.auto.trigger.threshold = 10000 (custom)
2019-08-23 08:55:18,545 [pool-505-thread-1] INFO  server.RaftServerConfigKeys (ConfUtils.java:logGet(43)) - raft.server.retrycache.expirytime = 600000ms (custom)
2019-08-23 08:55:18,545 [pool-505-thread-1] INFO  impl.RaftServerImpl (RaftServerImpl.java:start(180)) - cafcd2ac-2701-4bb3-84b5-de2b0f6030b4: start group-9D0D7316E1EC
2019-08-23 08:55:18,545 [pool-505-thread-1] INFO  impl.RaftServerImpl (RaftServerImpl.java:setRole(171)) - cafcd2ac-2701-4bb3-84b5-de2b0f6030b4:group-9D0D7316E1EC changes role from null to FOLLOWER at term 0 for startAsFollower
2019-08-23 08:55:18,545 [pool-505-thread-1] INFO  impl.RoleInfo (RoleInfo.java:updateAndGet(143)) - cafcd2ac-2701-4bb3-84b5-de2b0f6030b4: start FollowerState
2019-08-23 08:55:18,545 [pool-505-thread-1] INFO  util.JmxRegister (JmxRegister.java:tryRegister(44)) - Successfully registered JMX Bean with object name Ratis:service=RaftServer,group=group-9D0D7316E1EC,id=cafcd2ac-2701-4bb3-84b5-de2b0f6030b4
2019-08-23 08:55:18,547 [RatisPipelineUtilsThread] INFO  pipeline.PipelineStateManager (PipelineStateManager.java:addPipeline(56)) - Created pipeline Pipeline[ Id: e4d615ca-b938-4d1f-a1a3-9d0d7316e1ec, Nodes: cafcd2ac-2701-4bb3-84b5-de2b0f6030b4{ip: 192.168.36.124, host: pr-hdds-2022-djmxw-136905289, networkLocation: /default-rack, certSerialId: null}, Type:RATIS, Factor:ONE, State:OPEN]
2019-08-23 08:55:18,896 | INFO  | SCMAudit | user=jenkins1000 | ip=192.168.36.124 | op=SEND_HEARTBEAT {datanodeUUID=41a0f0c5-dcae-4957-9d84-a3eda92e3b9a, command=[]} | ret=SUCCESS |  
2019-08-23 08:55:19,329 | INFO  | SCMAudit | user=jenkins1000 | ip=192.168.36.124 | op=SEND_HEARTBEAT {datanodeUUID=498c441f-a162-496a-a65b-a10e8976a87e, command=[]} | ret=SUCCESS |  
2019-08-23 08:55:19,489 [main] INFO  ozone.MiniOzoneClusterImpl (MiniOzoneClusterImpl.java:lambda$waitForClusterToBeReady$0(142)) - Cluster is ready. Got 7 of 7 DN Heartbeats.
2019-08-23 08:55:19,524 [main] INFO  rpc.RpcClient (RpcClient.java:createVolume(293)) - Creating Volume: testblockoutputstream, with jenkins1000 as owner.
2019-08-23 08:55:19,545 | INFO  | OMAudit | user=jenkins1000 | ip=127.0.0.1 | op=CREATE_VOLUME {admin=jenkins1000, owner=jenkins1000, volume=testblockoutputstream, creationTime=1566550519526, quotaInBytes=1152921504606846976} | ret=SUCCESS |  
2019-08-23 08:55:19,555 | INFO  | OMAudit | user=jenkins1000 | ip=127.0.0.1 | op=READ_VOLUME {volume=testblockoutputstream} | ret=SUCCESS |  
2019-08-23 08:55:19,556 [main] INFO  rpc.RpcClient (RpcClient.java:createBucket(432)) - Creating Bucket: testblockoutputstream/testblockoutputstream, with Versioning false and Storage Type set to DISK and Encryption set to false 
2019-08-23 08:55:19,565 | INFO  | OMAudit | user=jenkins1000 | ip=127.0.0.1 | op=CREATE_BUCKET {volume=testblockoutputstream, bucket=testblockoutputstream, acls=[user:jenkins1000:a[ACCESS], group:default:a[ACCESS]], isVersionEnabled=false, storageType=DISK, creationTime=0} | ret=SUCCESS |  
2019-08-23 08:55:19,568 | INFO  | OMAudit | user=jenkins1000 | ip=127.0.0.1 | op=READ_VOLUME {volume=testblockoutputstream} | ret=SUCCESS |  
2019-08-23 08:55:19,570 | INFO  | OMAudit | user=jenkins1000 | ip=127.0.0.1 | op=READ_BUCKET {volume=testblockoutputstream, bucket=testblockoutputstream} | ret=SUCCESS |  
2019-08-23 08:55:19,576 | INFO  | SCMAudit | user=jenkins1000 | ip=192.168.36.124 | op=ALLOCATE_BLOCK {owner=91e3a45d-b664-40cb-95e2-1a9c653baca7, size=800, type=RATIS, factor=THREE} | ret=SUCCESS |  
2019-08-23 08:55:19,578 | INFO  | OMAudit | user=jenkins1000 | ip=127.0.0.1 | op=ALLOCATE_KEY {volume=testblockoutputstream, bucket=testblockoutputstream, key=0f7b1f07-1133-4f11-afb8-257a8fe7fc74, dataSize=0, replicationType=RATIS, replicationFactor=THREE, keyLocationInfo=null} | ret=SUCCESS |  
2019-08-23 08:55:19,595 | INFO  | SCMAudit | user=jenkins1000 | ip=192.168.36.124 | op=SEND_HEARTBEAT {datanodeUUID=f3be3432-490e-49fc-803e-a9979897b3f3, command=[]} | ret=SUCCESS |  
2019-08-23 08:55:19,596 [grpc-default-executor-9] INFO  client.GrpcClientProtocolClient (GrpcClientProtocolClient.java:onNext(255)) - client-E767790727E6->41a0f0c5-dcae-4957-9d84-a3eda92e3b9a: receive RaftClientReply:client-E767790727E6->41a0f0c5-dcae-4957-9d84-a3eda92e3b9a@group-6740F22B7E0F, cid=183, FAILED org.apache.ratis.protocol.NotLeaderException: Server 41a0f0c5-dcae-4957-9d84-a3eda92e3b9a is not the leader (null). Request must be sent to leader., logIndex=0, commits[41a0f0c5-dcae-4957-9d84-a3eda92e3b9a:c-1]
2019-08-23 08:55:19,817 | INFO  | SCMAudit | user=jenkins1000 | ip=192.168.36.124 | op=SEND_HEARTBEAT {datanodeUUID=6fb3350c-4c0c-4ad1-9d97-675c347d9711, command=[]} | ret=SUCCESS |  
2019-08-23 08:55:19,895 | INFO  | SCMAudit | user=jenkins1000 | ip=192.168.36.124 | op=SEND_HEARTBEAT {datanodeUUID=41a0f0c5-dcae-4957-9d84-a3eda92e3b9a, command=[]} | ret=SUCCESS |  
2019-08-23 08:55:19,910 [Thread-3559] INFO  container.ReplicationManager (ReplicationManager.java:start(152)) - Starting Replication Monitor Thread.
2019-08-23 08:55:19,914 [ReplicationMonitor] INFO  container.ReplicationManager (ReplicationManager.java:run(215)) - Replication Monitor Thread took 0 milliseconds for processing 1 containers.
2019-08-23 08:55:20,054 | INFO  | SCMAudit | user=jenkins1000 | ip=192.168.36.124 | op=SEND_HEARTBEAT {datanodeUUID=48bcaf38-66ae-48c7-856d-3b6092bb7fbf, command=[]} | ret=SUCCESS |  
2019-08-23 08:55:20,272 | INFO  | SCMAudit | user=jenkins1000 | ip=192.168.36.124 | op=SEND_HEARTBEAT {datanodeUUID=a29ade88-09c6-4e36-bef3-0197625c25fd, command=[]} | ret=SUCCESS |  
2019-08-23 08:55:20,329 | INFO  | SCMAudit | user=jenkins1000 | ip=192.168.36.124 | op=SEND_HEARTBEAT {datanodeUUID=498c441f-a162-496a-a65b-a10e8976a87e, command=[]} | ret=SUCCESS |  
2019-08-23 08:55:20,490 | INFO  | SCMAudit | user=jenkins1000 | ip=192.168.36.124 | op=SEND_HEARTBEAT {datanodeUUID=cafcd2ac-2701-4bb3-84b5-de2b0f6030b4, command=[]} | ret=SUCCESS |  
2019-08-23 08:55:20,590 | INFO  | SCMAudit | user=jenkins1000 | ip=192.168.36.124 | op=SEND_HEARTBEAT {datanodeUUID=f3be3432-490e-49fc-803e-a9979897b3f3, command=[]} | ret=SUCCESS |  
2019-08-23 08:55:20,612 [grpc-default-executor-1] INFO  client.GrpcClientProtocolClient (GrpcClientProtocolClient.java:onNext(255)) - client-E767790727E6->498c441f-a162-496a-a65b-a10e8976a87e: receive RaftClientReply:client-E767790727E6->498c441f-a162-496a-a65b-a10e8976a87e@group-6740F22B7E0F, cid=183, FAILED org.apache.ratis.protocol.NotLeaderException: Server 498c441f-a162-496a-a65b-a10e8976a87e is not the leader (null). Request must be sent to leader., logIndex=0, commits[498c441f-a162-496a-a65b-a10e8976a87e:c-1]
2019-08-23 08:55:20,816 | INFO  | SCMAudit | user=jenkins1000 | ip=192.168.36.124 | op=SEND_HEARTBEAT {datanodeUUID=6fb3350c-4c0c-4ad1-9d97-675c347d9711, command=[]} | ret=SUCCESS |  
2019-08-23 08:55:20,896 | INFO  | SCMAudit | user=jenkins1000 | ip=192.168.36.124 | op=SEND_HEARTBEAT {datanodeUUID=41a0f0c5-dcae-4957-9d84-a3eda92e3b9a, command=[]} | ret=SUCCESS |  
2019-08-23 08:55:21,054 | INFO  | SCMAudit | user=jenkins1000 | ip=192.168.36.124 | op=SEND_HEARTBEAT {datanodeUUID=48bcaf38-66ae-48c7-856d-3b6092bb7fbf, command=[]} | ret=SUCCESS |  
2019-08-23 08:55:21,273 | INFO  | SCMAudit | user=jenkins1000 | ip=192.168.36.124 | op=SEND_HEARTBEAT {datanodeUUID=a29ade88-09c6-4e36-bef3-0197625c25fd, command=[]} | ret=SUCCESS |  
2019-08-23 08:55:21,330 | INFO  | SCMAudit | user=jenkins1000 | ip=192.168.36.124 | op=SEND_HEARTBEAT {datanodeUUID=498c441f-a162-496a-a65b-a10e8976a87e, command=[]} | ret=SUCCESS |  
2019-08-23 08:55:21,490 | INFO  | SCMAudit | user=jenkins1000 | ip=192.168.36.124 | op=SEND_HEARTBEAT {datanodeUUID=cafcd2ac-2701-4bb3-84b5-de2b0f6030b4, command=[]} | ret=SUCCESS |  
2019-08-23 08:55:21,590 | INFO  | SCMAudit | user=jenkins1000 | ip=192.168.36.124 | op=SEND_HEARTBEAT {datanodeUUID=f3be3432-490e-49fc-803e-a9979897b3f3, command=[]} | ret=SUCCESS |  
2019-08-23 08:55:21,623 [grpc-default-executor-1] INFO  client.GrpcClientProtocolClient (GrpcClientProtocolClient.java:onNext(255)) - client-E767790727E6->f3be3432-490e-49fc-803e-a9979897b3f3: receive RaftClientReply:client-E767790727E6->f3be3432-490e-49fc-803e-a9979897b3f3@group-6740F22B7E0F, cid=183, FAILED org.apache.ratis.protocol.NotLeaderException: Server f3be3432-490e-49fc-803e-a9979897b3f3 is not the leader (null). Request must be sent to leader., logIndex=0, commits[f3be3432-490e-49fc-803e-a9979897b3f3:c-1]
2019-08-23 08:55:21,817 | INFO  | SCMAudit | user=jenkins1000 | ip=192.168.36.124 | op=SEND_HEARTBEAT {datanodeUUID=6fb3350c-4c0c-4ad1-9d97-675c347d9711, command=[]} | ret=SUCCESS |  
2019-08-23 08:55:21,896 | INFO  | SCMAudit | user=jenkins1000 | ip=192.168.36.124 | op=SEND_HEARTBEAT {datanodeUUID=41a0f0c5-dcae-4957-9d84-a3eda92e3b9a, command=[]} | ret=SUCCESS |  
2019-08-23 08:55:21,994 [Thread-3561] INFO  impl.FollowerState (FollowerState.java:run(106)) - 41a0f0c5-dcae-4957-9d84-a3eda92e3b9a:group-485536A9BBBF changes to CANDIDATE, lastRpcTime:5003, electionTimeout:5003ms
2019-08-23 08:55:21,995 [Thread-3561] INFO  impl.RoleInfo (RoleInfo.java:shutdownFollowerState(121)) - 41a0f0c5-dcae-4957-9d84-a3eda92e3b9a: shutdown FollowerState
2019-08-23 08:55:21,995 [Thread-3561] INFO  impl.RaftServerImpl (RaftServerImpl.java:setRole(171)) - 41a0f0c5-dcae-4957-9d84-a3eda92e3b9a:group-485536A9BBBF changes role from FOLLOWER to CANDIDATE at term 0 for changeToCandidate
2019-08-23 08:55:21,995 [Thread-3561] INFO  impl.RoleInfo (RoleInfo.java:updateAndGet(143)) - 41a0f0c5-dcae-4957-9d84-a3eda92e3b9a: start LeaderElection
2019-08-23 08:55:22,052 [41a0f0c5-dcae-4957-9d84-a3eda92e3b9a:group-485536A9BBBF:LeaderElection76] INFO  impl.LeaderElection (LeaderElection.java:askForVotes(181)) - 41a0f0c5-dcae-4957-9d84-a3eda92e3b9a:group-485536A9BBBF:LeaderElection76: begin an election at term 1 for -1: [41a0f0c5-dcae-4957-9d84-a3eda92e3b9a:192.168.36.124:41266], old=null
2019-08-23 08:55:22,052 [41a0f0c5-dcae-4957-9d84-a3eda92e3b9a:group-485536A9BBBF:LeaderElection76] INFO  impl.RoleInfo (RoleInfo.java:shutdownLeaderElection(134)) - 41a0f0c5-dcae-4957-9d84-a3eda92e3b9a: shutdown LeaderElection
2019-08-23 08:55:22,052 [41a0f0c5-dcae-4957-9d84-a3eda92e3b9a:group-485536A9BBBF:LeaderElection76] INFO  impl.RaftServerImpl (RaftServerImpl.java:setRole(171)) - 41a0f0c5-dcae-4957-9d84-a3eda92e3b9a:group-485536A9BBBF changes role from CANDIDATE to LEADER at term 1 for changeToLeader
2019-08-23 08:55:22,052 [41a0f0c5-dcae-4957-9d84-a3eda92e3b9a:group-485536A9BBBF:LeaderElection76] INFO  impl.RaftServerImpl (ServerState.java:setLeader(263)) - 41a0f0c5-dcae-4957-9d84-a3eda92e3b9a:group-485536A9BBBF change Leader from null to 41a0f0c5-dcae-4957-9d84-a3eda92e3b9a at term 1 for becomeLeader, leader elected after 5067ms
2019-08-23 08:55:22,053 [41a0f0c5-dcae-4957-9d84-a3eda92e3b9a:group-485536A9BBBF:LeaderElection76] INFO  server.RaftServerConfigKeys (ConfUtils.java:logGet(43)) - raft.server.staging.catchup.gap = 1000 (default)
2019-08-23 08:55:22,053 [41a0f0c5-dcae-4957-9d84-a3eda92e3b9a:group-485536A9BBBF:LeaderElection76] INFO  server.RaftServerConfigKeys (ConfUtils.java:logGet(43)) - raft.server.rpc.sleep.time = 25ms (default)
2019-08-23 08:55:22,053 [41a0f0c5-dcae-4957-9d84-a3eda92e3b9a:group-485536A9BBBF:LeaderElection76] INFO  server.RaftServerConfigKeys (ConfUtils.java:logGet(43)) - raft.server.write.element-limit = 4096 (default)
2019-08-23 08:55:22,053 [41a0f0c5-dcae-4957-9d84-a3eda92e3b9a:group-485536A9BBBF:LeaderElection76] INFO  server.RaftServerConfigKeys (ConfUtils.java:logGet(43)) - raft.server.watch.timeout = 10s (default)
2019-08-23 08:55:22,053 [41a0f0c5-dcae-4957-9d84-a3eda92e3b9a:group-485536A9BBBF:LeaderElection76] INFO  server.RaftServerConfigKeys (ConfUtils.java:logGet(43)) - raft.server.watch.timeout.denomination = 1s (default)
2019-08-23 08:55:22,054 [41a0f0c5-dcae-4957-9d84-a3eda92e3b9a:group-485536A9BBBF:LeaderElection76] INFO  server.RaftServerConfigKeys (ConfUtils.java:logGet(43)) - raft.server.watch.element-limit = 65536 (default)
2019-08-23 08:55:22,054 [41a0f0c5-dcae-4957-9d84-a3eda92e3b9a:group-485536A9BBBF:LeaderElection76] INFO  impl.RoleInfo (RoleInfo.java:updateAndGet(143)) - 41a0f0c5-dcae-4957-9d84-a3eda92e3b9a: start LeaderState
2019-08-23 08:55:22,054 [41a0f0c5-dcae-4957-9d84-a3eda92e3b9a:group-485536A9BBBF:LeaderElection76] INFO  segmented.SegmentedRaftLogWorker (SegmentedRaftLogWorker.java:startLogSegment(380)) - 41a0f0c5-dcae-4957-9d84-a3eda92e3b9a-SegmentedRaftLogWorker:Storage Directory /workdir/hadoop-ozone/integration-test/target/test-dir/MiniOzoneClusterImpl-d13b65ac-93ce-4a90-95b1-b7730ece3208/datanode-0/data/ratis/138c7a05-9fad-4d2f-b95c-485536a9bbbf: Starting segment from index:0
2019-08-23 08:55:22,055 | INFO  | SCMAudit | user=jenkins1000 | ip=192.168.36.124 | op=SEND_HEARTBEAT {datanodeUUID=48bcaf38-66ae-48c7-856d-3b6092bb7fbf, command=[]} | ret=SUCCESS |  
2019-08-23 08:55:22,055 [41a0f0c5-dcae-4957-9d84-a3eda92e3b9a:group-485536A9BBBF:LeaderElection76] INFO  impl.RaftServerImpl (ServerState.java:setRaftConf(361)) - 41a0f0c5-dcae-4957-9d84-a3eda92e3b9a:group-485536A9BBBF set configuration 0: [41a0f0c5-dcae-4957-9d84-a3eda92e3b9a:192.168.36.124:41266], old=null at 0
2019-08-23 08:55:22,133 [41a0f0c5-dcae-4957-9d84-a3eda92e3b9a-SegmentedRaftLogWorker:Storage Directory /workdir/hadoop-ozone/integration-test/target/test-dir/MiniOzoneClusterImpl-d13b65ac-93ce-4a90-95b1-b7730ece3208/datanode-0/data/ratis/138c7a05-9fad-4d2f-b95c-485536a9bbbf] INFO  segmented.SegmentedRaftLogWorker (SegmentedRaftLogWorker.java:execute(569)) - 41a0f0c5-dcae-4957-9d84-a3eda92e3b9a-SegmentedRaftLogWorker:Storage Directory /workdir/hadoop-ozone/integration-test/target/test-dir/MiniOzoneClusterImpl-d13b65ac-93ce-4a90-95b1-b7730ece3208/datanode-0/data/ratis/138c7a05-9fad-4d2f-b95c-485536a9bbbf: created new log segment /workdir/hadoop-ozone/integration-test/target/test-dir/MiniOzoneClusterImpl-d13b65ac-93ce-4a90-95b1-b7730ece3208/datanode-0/data/ratis/138c7a05-9fad-4d2f-b95c-485536a9bbbf/current/log_inprogress_0
2019-08-23 08:55:22,273 | INFO  | SCMAudit | user=jenkins1000 | ip=192.168.36.124 | op=SEND_HEARTBEAT {datanodeUUID=a29ade88-09c6-4e36-bef3-0197625c25fd, command=[]} | ret=SUCCESS |  
2019-08-23 08:55:22,330 | INFO  | SCMAudit | user=jenkins1000 | ip=192.168.36.124 | op=SEND_HEARTBEAT {datanodeUUID=498c441f-a162-496a-a65b-a10e8976a87e, command=[]} | ret=SUCCESS |  
2019-08-23 08:55:22,491 | INFO  | SCMAudit | user=jenkins1000 | ip=192.168.36.124 | op=SEND_HEARTBEAT {datanodeUUID=cafcd2ac-2701-4bb3-84b5-de2b0f6030b4, command=[]} | ret=SUCCESS |  
2019-08-23 08:55:22,569 [Thread-3564] INFO  impl.FollowerState (FollowerState.java:run(106)) - 498c441f-a162-496a-a65b-a10e8976a87e:group-855042AFCB54 changes to CANDIDATE, lastRpcTime:5189, electionTimeout:5189ms
2019-08-23 08:55:22,569 [Thread-3564] INFO  impl.RoleInfo (RoleInfo.java:shutdownFollowerState(121)) - 498c441f-a162-496a-a65b-a10e8976a87e: shutdown FollowerState
2019-08-23 08:55:22,569 [Thread-3564] INFO  impl.RaftServerImpl (RaftServerImpl.java:setRole(171)) - 498c441f-a162-496a-a65b-a10e8976a87e:group-855042AFCB54 changes role from FOLLOWER to CANDIDATE at term 0 for changeToCandidate
2019-08-23 08:55:22,570 [Thread-3564] INFO  impl.RoleInfo (RoleInfo.java:updateAndGet(143)) - 498c441f-a162-496a-a65b-a10e8976a87e: start LeaderElection
2019-08-23 08:55:22,590 | INFO  | SCMAudit | user=jenkins1000 | ip=192.168.36.124 | op=SEND_HEARTBEAT {datanodeUUID=f3be3432-490e-49fc-803e-a9979897b3f3, command=[]} | ret=SUCCESS |  
2019-08-23 08:55:22,606 [498c441f-a162-496a-a65b-a10e8976a87e:group-855042AFCB54:LeaderElection77] INFO  impl.LeaderElection (LeaderElection.java:askForVotes(181)) - 498c441f-a162-496a-a65b-a10e8976a87e:group-855042AFCB54:LeaderElection77: begin an election at term 1 for -1: [498c441f-a162-496a-a65b-a10e8976a87e:192.168.36.124:43487], old=null
2019-08-23 08:55:22,606 [498c441f-a162-496a-a65b-a10e8976a87e:group-855042AFCB54:LeaderElection77] INFO  impl.RoleInfo (RoleInfo.java:shutdownLeaderElection(134)) - 498c441f-a162-496a-a65b-a10e8976a87e: shutdown LeaderElection
2019-08-23 08:55:22,606 [498c441f-a162-496a-a65b-a10e8976a87e:group-855042AFCB54:LeaderElection77] INFO  impl.RaftServerImpl (RaftServerImpl.java:setRole(171)) - 498c441f-a162-496a-a65b-a10e8976a87e:group-855042AFCB54 changes role from CANDIDATE to LEADER at term 1 for changeToLeader
2019-08-23 08:55:22,606 [498c441f-a162-496a-a65b-a10e8976a87e:group-855042AFCB54:LeaderElection77] INFO  impl.RaftServerImpl (ServerState.java:setLeader(263)) - 498c441f-a162-496a-a65b-a10e8976a87e:group-855042AFCB54 change Leader from null to 498c441f-a162-496a-a65b-a10e8976a87e at term 1 for becomeLeader, leader elected after 5231ms
2019-08-23 08:55:22,606 [498c441f-a162-496a-a65b-a10e8976a87e:group-855042AFCB54:LeaderElection77] INFO  server.RaftServerConfigKeys (ConfUtils.java:logGet(43)) - raft.server.staging.catchup.gap = 1000 (default)
2019-08-23 08:55:22,606 [498c441f-a162-496a-a65b-a10e8976a87e:group-855042AFCB54:LeaderElection77] INFO  server.RaftServerConfigKeys (ConfUtils.java:logGet(43)) - raft.server.rpc.sleep.time = 25ms (default)
2019-08-23 08:55:22,607 [498c441f-a162-496a-a65b-a10e8976a87e:group-855042AFCB54:LeaderElection77] INFO  server.RaftServerConfigKeys (ConfUtils.java:logGet(43)) - raft.server.write.element-limit = 4096 (default)
2019-08-23 08:55:22,607 [498c441f-a162-496a-a65b-a10e8976a87e:group-855042AFCB54:LeaderElection77] INFO  server.RaftServerConfigKeys (ConfUtils.java:logGet(43)) - raft.server.watch.timeout = 10s (default)
2019-08-23 08:55:22,607 [498c441f-a162-496a-a65b-a10e8976a87e:group-855042AFCB54:LeaderElection77] INFO  server.RaftServerConfigKeys (ConfUtils.java:logGet(43)) - raft.server.watch.timeout.denomination = 1s (default)
2019-08-23 08:55:22,607 [498c441f-a162-496a-a65b-a10e8976a87e:group-855042AFCB54:LeaderElection77] INFO  server.RaftServerConfigKeys (ConfUtils.java:logGet(43)) - raft.server.watch.element-limit = 65536 (default)
2019-08-23 08:55:22,607 [498c441f-a162-496a-a65b-a10e8976a87e:group-855042AFCB54:LeaderElection77] INFO  impl.RoleInfo (RoleInfo.java:updateAndGet(143)) - 498c441f-a162-496a-a65b-a10e8976a87e: start LeaderState
2019-08-23 08:55:22,608 [498c441f-a162-496a-a65b-a10e8976a87e:group-855042AFCB54:LeaderElection77] INFO  segmented.SegmentedRaftLogWorker (SegmentedRaftLogWorker.java:startLogSegment(380)) - 498c441f-a162-496a-a65b-a10e8976a87e-SegmentedRaftLogWorker:Storage Directory /workdir/hadoop-ozone/integration-test/target/test-dir/MiniOzoneClusterImpl-d13b65ac-93ce-4a90-95b1-b7730ece3208/datanode-1/data/ratis/a814e56a-908a-424c-ab51-855042afcb54: Starting segment from index:0
2019-08-23 08:55:22,608 [498c441f-a162-496a-a65b-a10e8976a87e:group-855042AFCB54:LeaderElection77] INFO  impl.RaftServerImpl (ServerState.java:setRaftConf(361)) - 498c441f-a162-496a-a65b-a10e8976a87e:group-855042AFCB54 set configuration 0: [498c441f-a162-496a-a65b-a10e8976a87e:192.168.36.124:43487], old=null at 0
2019-08-23 08:55:22,663 [grpc-default-executor-9] INFO  client.GrpcClientProtocolClient (GrpcClientProtocolClient.java:onNext(255)) - client-E767790727E6->498c441f-a162-496a-a65b-a10e8976a87e: receive RaftClientReply:client-E767790727E6->498c441f-a162-496a-a65b-a10e8976a87e@group-6740F22B7E0F, cid=183, FAILED org.apache.ratis.protocol.NotLeaderException: Server 498c441f-a162-496a-a65b-a10e8976a87e is not the leader (null). Request must be sent to leader., logIndex=0, commits[498c441f-a162-496a-a65b-a10e8976a87e:c-1]
2019-08-23 08:55:22,669 [Thread-3567] INFO  impl.FollowerState (FollowerState.java:run(106)) - f3be3432-490e-49fc-803e-a9979897b3f3:group-55387C273D29 changes to CANDIDATE, lastRpcTime:5030, electionTimeout:5030ms
2019-08-23 08:55:22,669 [Thread-3567] INFO  impl.RoleInfo (RoleInfo.java:shutdownFollowerState(121)) - f3be3432-490e-49fc-803e-a9979897b3f3: shutdown FollowerState
2019-08-23 08:55:22,669 [Thread-3567] INFO  impl.RaftServerImpl (RaftServerImpl.java:setRole(171)) - f3be3432-490e-49fc-803e-a9979897b3f3:group-55387C273D29 changes role from FOLLOWER to CANDIDATE at term 0 for changeToCandidate
2019-08-23 08:55:22,670 [Thread-3567] INFO  impl.RoleInfo (RoleInfo.java:updateAndGet(143)) - f3be3432-490e-49fc-803e-a9979897b3f3: start LeaderElection
2019-08-23 08:55:22,693 [498c441f-a162-496a-a65b-a10e8976a87e-SegmentedRaftLogWorker:Storage Directory /workdir/hadoop-ozone/integration-test/target/test-dir/MiniOzoneClusterImpl-d13b65ac-93ce-4a90-95b1-b7730ece3208/datanode-1/data/ratis/a814e56a-908a-424c-ab51-855042afcb54] INFO  segmented.SegmentedRaftLogWorker (SegmentedRaftLogWorker.java:execute(569)) - 498c441f-a162-496a-a65b-a10e8976a87e-SegmentedRaftLogWorker:Storage Directory /workdir/hadoop-ozone/integration-test/target/test-dir/MiniOzoneClusterImpl-d13b65ac-93ce-4a90-95b1-b7730ece3208/datanode-1/data/ratis/a814e56a-908a-424c-ab51-855042afcb54: created new log segment /workdir/hadoop-ozone/integration-test/target/test-dir/MiniOzoneClusterImpl-d13b65ac-93ce-4a90-95b1-b7730ece3208/datanode-1/data/ratis/a814e56a-908a-424c-ab51-855042afcb54/current/log_inprogress_0
2019-08-23 08:55:22,693 [f3be3432-490e-49fc-803e-a9979897b3f3:group-55387C273D29:LeaderElection78] INFO  impl.LeaderElection (LeaderElection.java:askForVotes(181)) - f3be3432-490e-49fc-803e-a9979897b3f3:group-55387C273D29:LeaderElection78: begin an election at term 1 for -1: [f3be3432-490e-49fc-803e-a9979897b3f3:192.168.36.124:43888], old=null
2019-08-23 08:55:22,694 [f3be3432-490e-49fc-803e-a9979897b3f3:group-55387C273D29:LeaderElection78] INFO  impl.RoleInfo (RoleInfo.java:shutdownLeaderElection(134)) - f3be3432-490e-49fc-803e-a9979897b3f3: shutdown LeaderElection
2019-08-23 08:55:22,694 [f3be3432-490e-49fc-803e-a9979897b3f3:group-55387C273D29:LeaderElection78] INFO  impl.RaftServerImpl (RaftServerImpl.java:setRole(171)) - f3be3432-490e-49fc-803e-a9979897b3f3:group-55387C273D29 changes role from CANDIDATE to LEADER at term 1 for changeToLeader
2019-08-23 08:55:22,694 [f3be3432-490e-49fc-803e-a9979897b3f3:group-55387C273D29:LeaderElection78] INFO  impl.RaftServerImpl (ServerState.java:setLeader(263)) - f3be3432-490e-49fc-803e-a9979897b3f3:group-55387C273D29 change Leader from null to f3be3432-490e-49fc-803e-a9979897b3f3 at term 1 for becomeLeader, leader elected after 5058ms
2019-08-23 08:55:22,694 [f3be3432-490e-49fc-803e-a9979897b3f3:group-55387C273D29:LeaderElection78] INFO  server.RaftServerConfigKeys (ConfUtils.java:logGet(43)) - raft.server.staging.catchup.gap = 1000 (default)
2019-08-23 08:55:22,694 [f3be3432-490e-49fc-803e-a9979897b3f3:group-55387C273D29:LeaderElection78] INFO  server.RaftServerConfigKeys (ConfUtils.java:logGet(43)) - raft.server.rpc.sleep.time = 25ms (default)
2019-08-23 08:55:22,694 [f3be3432-490e-49fc-803e-a9979897b3f3:group-55387C273D29:LeaderElection78] INFO  server.RaftServerConfigKeys (ConfUtils.java:logGet(43)) - raft.server.write.element-limit = 4096 (default)
2019-08-23 08:55:22,695 [f3be3432-490e-49fc-803e-a9979897b3f3:group-55387C273D29:LeaderElection78] INFO  server.RaftServerConfigKeys (ConfUtils.java:logGet(43)) - raft.server.watch.timeout = 10s (default)
2019-08-23 08:55:22,695 [f3be3432-490e-49fc-803e-a9979897b3f3:group-55387C273D29:LeaderElection78] INFO  server.RaftServerConfigKeys (ConfUtils.java:logGet(43)) - raft.server.watch.timeout.denomination = 1s (default)
2019-08-23 08:55:22,695 [f3be3432-490e-49fc-803e-a9979897b3f3:group-55387C273D29:LeaderElection78] INFO  server.RaftServerConfigKeys (ConfUtils.java:logGet(43)) - raft.server.watch.element-limit = 65536 (default)
2019-08-23 08:55:22,695 [f3be3432-490e-49fc-803e-a9979897b3f3:group-55387C273D29:LeaderElection78] INFO  impl.RoleInfo (RoleInfo.java:updateAndGet(143)) - f3be3432-490e-49fc-803e-a9979897b3f3: start LeaderState
2019-08-23 08:55:22,695 [f3be3432-490e-49fc-803e-a9979897b3f3:group-55387C273D29:LeaderElection78] INFO  segmented.SegmentedRaftLogWorker (SegmentedRaftLogWorker.java:startLogSegment(380)) - f3be3432-490e-49fc-803e-a9979897b3f3-SegmentedRaftLogWorker:Storage Directory /workdir/hadoop-ozone/integration-test/target/test-dir/MiniOzoneClusterImpl-d13b65ac-93ce-4a90-95b1-b7730ece3208/datanode-2/data/ratis/37aadf20-4781-43ab-8270-55387c273d29: Starting segment from index:0
2019-08-23 08:55:22,696 [f3be3432-490e-49fc-803e-a9979897b3f3:group-55387C273D29:LeaderElection78] INFO  impl.RaftServerImpl (ServerState.java:setRaftConf(361)) - f3be3432-490e-49fc-803e-a9979897b3f3:group-55387C273D29 set configuration 0: [f3be3432-490e-49fc-803e-a9979897b3f3:192.168.36.124:43888], old=null at 0
2019-08-23 08:55:22,772 [f3be3432-490e-49fc-803e-a9979897b3f3-SegmentedRaftLogWorker:Storage Directory /workdir/hadoop-ozone/integration-test/target/test-dir/MiniOzoneClusterImpl-d13b65ac-93ce-4a90-95b1-b7730ece3208/datanode-2/data/ratis/37aadf20-4781-43ab-8270-55387c273d29] INFO  segmented.SegmentedRaftLogWorker (SegmentedRaftLogWorker.java:execute(569)) - f3be3432-490e-49fc-803e-a9979897b3f3-SegmentedRaftLogWorker:Storage Directory /workdir/hadoop-ozone/integration-test/target/test-dir/MiniOzoneClusterImpl-d13b65ac-93ce-4a90-95b1-b7730ece3208/datanode-2/data/ratis/37aadf20-4781-43ab-8270-55387c273d29: created new log segment /workdir/hadoop-ozone/integration-test/target/test-dir/MiniOzoneClusterImpl-d13b65ac-93ce-4a90-95b1-b7730ece3208/datanode-2/data/ratis/37aadf20-4781-43ab-8270-55387c273d29/current/log_inprogress_0
2019-08-23 08:55:22,802 [Thread-3574] INFO  impl.FollowerState (FollowerState.java:run(106)) - 41a0f0c5-dcae-4957-9d84-a3eda92e3b9a:group-6740F22B7E0F changes to CANDIDATE, lastRpcTime:5050, electionTimeout:5050ms
2019-08-23 08:55:22,802 [Thread-3574] INFO  impl.RoleInfo (RoleInfo.java:shutdownFollowerState(121)) - 41a0f0c5-dcae-4957-9d84-a3eda92e3b9a: shutdown FollowerState
2019-08-23 08:55:22,802 [Thread-3574] INFO  impl.RaftServerImpl (RaftServerImpl.java:setRole(171)) - 41a0f0c5-dcae-4957-9d84-a3eda92e3b9a:group-6740F22B7E0F changes role from FOLLOWER to CANDIDATE at term 0 for changeToCandidate
2019-08-23 08:55:22,802 [Thread-3574] INFO  impl.RoleInfo (RoleInfo.java:updateAndGet(143)) - 41a0f0c5-dcae-4957-9d84-a3eda92e3b9a: start LeaderElection
2019-08-23 08:55:22,817 | INFO  | SCMAudit | user=jenkins1000 | ip=192.168.36.124 | op=SEND_HEARTBEAT {datanodeUUID=6fb3350c-4c0c-4ad1-9d97-675c347d9711, command=[]} | ret=SUCCESS |  
2019-08-23 08:55:22,830 [41a0f0c5-dcae-4957-9d84-a3eda92e3b9a:group-6740F22B7E0F:LeaderElection79] INFO  impl.LeaderElection (LeaderElection.java:askForVotes(181)) - 41a0f0c5-dcae-4957-9d84-a3eda92e3b9a:group-6740F22B7E0F:LeaderElection79: begin an election at term 1 for -1: [498c441f-a162-496a-a65b-a10e8976a87e:192.168.36.124:43487, f3be3432-490e-49fc-803e-a9979897b3f3:192.168.36.124:43888, 41a0f0c5-dcae-4957-9d84-a3eda92e3b9a:192.168.36.124:41266], old=null
2019-08-23 08:55:22,835 [grpc-default-executor-9] INFO  impl.RaftServerImpl (RaftServerImpl.java:setRole(171)) - 498c441f-a162-496a-a65b-a10e8976a87e:group-6740F22B7E0F changes role from FOLLOWER to FOLLOWER at term 1 for recognizeCandidate:41a0f0c5-dcae-4957-9d84-a3eda92e3b9a
2019-08-23 08:55:22,835 [grpc-default-executor-1] INFO  impl.RaftServerImpl (RaftServerImpl.java:setRole(171)) - f3be3432-490e-49fc-803e-a9979897b3f3:group-6740F22B7E0F changes role from FOLLOWER to FOLLOWER at term 1 for recognizeCandidate:41a0f0c5-dcae-4957-9d84-a3eda92e3b9a
2019-08-23 08:55:22,835 [grpc-default-executor-9] INFO  impl.RoleInfo (RoleInfo.java:shutdownFollowerState(121)) - 498c441f-a162-496a-a65b-a10e8976a87e: shutdown FollowerState
2019-08-23 08:55:22,836 [grpc-default-executor-1] INFO  impl.RoleInfo (RoleInfo.java:shutdownFollowerState(121)) - f3be3432-490e-49fc-803e-a9979897b3f3: shutdown FollowerState
2019-08-23 08:55:22,836 [grpc-default-executor-9] INFO  impl.RoleInfo (RoleInfo.java:updateAndGet(143)) - 498c441f-a162-496a-a65b-a10e8976a87e: start FollowerState
2019-08-23 08:55:22,836 [Thread-3575] INFO  impl.FollowerState (FollowerState.java:run(114)) - 498c441f-a162-496a-a65b-a10e8976a87e: FollowerState was interrupted: java.lang.InterruptedException: sleep interrupted
2019-08-23 08:55:22,836 [grpc-default-executor-1] INFO  impl.RoleInfo (RoleInfo.java:updateAndGet(143)) - f3be3432-490e-49fc-803e-a9979897b3f3: start FollowerState
2019-08-23 08:55:22,836 [Thread-3570] INFO  impl.FollowerState (FollowerState.java:run(114)) - f3be3432-490e-49fc-803e-a9979897b3f3: FollowerState was interrupted: java.lang.InterruptedException: sleep interrupted
2019-08-23 08:55:22,868 [41a0f0c5-dcae-4957-9d84-a3eda92e3b9a:group-6740F22B7E0F:LeaderElection79] INFO  impl.LeaderElection (LeaderElection.java:logAndReturn(56)) - 41a0f0c5-dcae-4957-9d84-a3eda92e3b9a:group-6740F22B7E0F:LeaderElection79: Election PASSED; received 1 response(s) [41a0f0c5-dcae-4957-9d84-a3eda92e3b9a<-f3be3432-490e-49fc-803e-a9979897b3f3#0:OK-t1] and 0 exception(s); 41a0f0c5-dcae-4957-9d84-a3eda92e3b9a:t1, leader=null, voted=41a0f0c5-dcae-4957-9d84-a3eda92e3b9a, raftlog=41a0f0c5-dcae-4957-9d84-a3eda92e3b9a-SegmentedRaftLog:OPENED:c-1,f-1,i0, conf=-1: [498c441f-a162-496a-a65b-a10e8976a87e:192.168.36.124:43487, f3be3432-490e-49fc-803e-a9979897b3f3:192.168.36.124:43888, 41a0f0c5-dcae-4957-9d84-a3eda92e3b9a:192.168.36.124:41266], old=null
2019-08-23 08:55:22,868 [41a0f0c5-dcae-4957-9d84-a3eda92e3b9a:group-6740F22B7E0F:LeaderElection79] INFO  impl.RoleInfo (RoleInfo.java:shutdownLeaderElection(134)) - 41a0f0c5-dcae-4957-9d84-a3eda92e3b9a: shutdown LeaderElection
2019-08-23 08:55:22,869 [41a0f0c5-dcae-4957-9d84-a3eda92e3b9a:group-6740F22B7E0F:LeaderElection79] INFO  impl.RaftServerImpl (RaftServerImpl.java:setRole(171)) - 41a0f0c5-dcae-4957-9d84-a3eda92e3b9a:group-6740F22B7E0F changes role from CANDIDATE to LEADER at term 1 for changeToLeader
2019-08-23 08:55:22,869 [41a0f0c5-dcae-4957-9d84-a3eda92e3b9a:group-6740F22B7E0F:LeaderElection79] INFO  impl.RaftServerImpl (ServerState.java:setLeader(263)) - 41a0f0c5-dcae-4957-9d84-a3eda92e3b9a:group-6740F22B7E0F change Leader from null to 41a0f0c5-dcae-4957-9d84-a3eda92e3b9a at term 1 for becomeLeader, leader elected after 5147ms
2019-08-23 08:55:22,869 [41a0f0c5-dcae-4957-9d84-a3eda92e3b9a:group-6740F22B7E0F:LeaderElection79] INFO  server.RaftServerConfigKeys (ConfUtils.java:logGet(43)) - raft.server.staging.catchup.gap = 1000 (default)
2019-08-23 08:55:22,869 [41a0f0c5-dcae-4957-9d84-a3eda92e3b9a:group-6740F22B7E0F:LeaderElection79] INFO  server.RaftServerConfigKeys (ConfUtils.java:logGet(43)) - raft.server.rpc.sleep.time = 25ms (default)
2019-08-23 08:55:22,869 [41a0f0c5-dcae-4957-9d84-a3eda92e3b9a:group-6740F22B7E0F:LeaderElection79] INFO  server.RaftServerConfigKeys (ConfUtils.java:logGet(43)) - raft.server.write.element-limit = 4096 (default)
2019-08-23 08:55:22,869 [41a0f0c5-dcae-4957-9d84-a3eda92e3b9a:group-6740F22B7E0F:LeaderElection79] INFO  server.RaftServerConfigKeys (ConfUtils.java:logGet(43)) - raft.server.watch.timeout = 10s (default)
2019-08-23 08:55:22,870 [41a0f0c5-dcae-4957-9d84-a3eda92e3b9a:group-6740F22B7E0F:LeaderElection79] INFO  server.RaftServerConfigKeys (ConfUtils.java:logGet(43)) - raft.server.watch.timeout.denomination = 1s (default)
2019-08-23 08:55:22,870 [41a0f0c5-dcae-4957-9d84-a3eda92e3b9a:group-6740F22B7E0F:LeaderElection79] INFO  server.RaftServerConfigKeys (ConfUtils.java:logGet(43)) - raft.server.watch.element-limit = 65536 (default)
2019-08-23 08:55:22,870 [41a0f0c5-dcae-4957-9d84-a3eda92e3b9a:group-6740F22B7E0F:LeaderElection79] INFO  server.RaftServerConfigKeys (ConfUtils.java:logGet(43)) - raft.server.log.appender.snapshot.chunk.size.max = 16MB (=16777216) (default)
2019-08-23 08:55:22,870 [41a0f0c5-dcae-4957-9d84-a3eda92e3b9a:group-6740F22B7E0F:LeaderElection79] INFO  server.RaftServerConfigKeys (ConfUtils.java:logGet(43)) - raft.server.log.appender.buffer.byte-limit = 33554432 (custom)
2019-08-23 08:55:22,871 [41a0f0c5-dcae-4957-9d84-a3eda92e3b9a:group-6740F22B7E0F:LeaderElection79] INFO  server.RaftServerConfigKeys (ConfUtils.java:logGet(43)) - raft.server.log.appender.buffer.element-limit = 1 (custom)
2019-08-23 08:55:22,871 [41a0f0c5-dcae-4957-9d84-a3eda92e3b9a:group-6740F22B7E0F:LeaderElection79] INFO  grpc.GrpcConfigKeys$Server (ConfUtils.java:logGet(43)) - raft.grpc.server.leader.outstanding.appends.max = 128 (default)
2019-08-23 08:55:22,871 [41a0f0c5-dcae-4957-9d84-a3eda92e3b9a:group-6740F22B7E0F:LeaderElection79] INFO  server.RaftServerConfigKeys (ConfUtils.java:logGet(43)) - raft.server.rpc.request.timeout = 3000ms (default)
2019-08-23 08:55:22,871 [41a0f0c5-dcae-4957-9d84-a3eda92e3b9a:group-6740F22B7E0F:LeaderElection79] INFO  server.RaftServerConfigKeys (ConfUtils.java:logGet(43)) - raft.server.log.appender.install.snapshot.enabled = false (custom)
2019-08-23 08:55:22,872 [41a0f0c5-dcae-4957-9d84-a3eda92e3b9a:group-6740F22B7E0F:LeaderElection79] INFO  server.RaftServerConfigKeys (ConfUtils.java:logGet(43)) - raft.server.log.appender.snapshot.chunk.size.max = 16MB (=16777216) (default)
2019-08-23 08:55:22,872 [41a0f0c5-dcae-4957-9d84-a3eda92e3b9a:group-6740F22B7E0F:LeaderElection79] INFO  server.RaftServerConfigKeys (ConfUtils.java:logGet(43)) - raft.server.log.appender.buffer.byte-limit = 33554432 (custom)
2019-08-23 08:55:22,872 [41a0f0c5-dcae-4957-9d84-a3eda92e3b9a:group-6740F22B7E0F:LeaderElection79] INFO  server.RaftServerConfigKeys (ConfUtils.java:logGet(43)) - raft.server.log.appender.buffer.element-limit = 1 (custom)
2019-08-23 08:55:22,872 [41a0f0c5-dcae-4957-9d84-a3eda92e3b9a:group-6740F22B7E0F:LeaderElection79] INFO  grpc.GrpcConfigKeys$Server (ConfUtils.java:logGet(43)) - raft.grpc.server.leader.outstanding.appends.max = 128 (default)
2019-08-23 08:55:22,872 [41a0f0c5-dcae-4957-9d84-a3eda92e3b9a:group-6740F22B7E0F:LeaderElection79] INFO  server.RaftServerConfigKeys (ConfUtils.java:logGet(43)) - raft.server.rpc.request.timeout = 3000ms (default)
2019-08-23 08:55:22,873 [41a0f0c5-dcae-4957-9d84-a3eda92e3b9a:group-6740F22B7E0F:LeaderElection79] INFO  server.RaftServerConfigKeys (ConfUtils.java:logGet(43)) - raft.server.log.appender.install.snapshot.enabled = false (custom)
2019-08-23 08:55:22,873 [41a0f0c5-dcae-4957-9d84-a3eda92e3b9a:group-6740F22B7E0F:LeaderElection79] INFO  impl.RoleInfo (RoleInfo.java:updateAndGet(143)) - 41a0f0c5-dcae-4957-9d84-a3eda92e3b9a: start LeaderState
2019-08-23 08:55:22,873 [41a0f0c5-dcae-4957-9d84-a3eda92e3b9a:group-6740F22B7E0F:LeaderElection79] INFO  segmented.SegmentedRaftLogWorker (SegmentedRaftLogWorker.java:startLogSegment(380)) - 41a0f0c5-dcae-4957-9d84-a3eda92e3b9a-SegmentedRaftLogWorker:Storage Directory /workdir/hadoop-ozone/integration-test/target/test-dir/MiniOzoneClusterImpl-d13b65ac-93ce-4a90-95b1-b7730ece3208/datanode-0/data/ratis/46086aa2-df86-4cd6-be8d-6740f22b7e0f: Starting segment from index:0
2019-08-23 08:55:22,874 [41a0f0c5-dcae-4957-9d84-a3eda92e3b9a:group-6740F22B7E0F:LeaderElection79] INFO  impl.RaftServerImpl (ServerState.java:setRaftConf(361)) - 41a0f0c5-dcae-4957-9d84-a3eda92e3b9a:group-6740F22B7E0F set configuration 0: [498c441f-a162-496a-a65b-a10e8976a87e:192.168.36.124:43487, f3be3432-490e-49fc-803e-a9979897b3f3:192.168.36.124:43888, 41a0f0c5-dcae-4957-9d84-a3eda92e3b9a:192.168.36.124:41266], old=null at 0
2019-08-23 08:55:22,920 | INFO  | SCMAudit | user=jenkins1000 | ip=192.168.36.124 | op=SEND_HEARTBEAT {datanodeUUID=41a0f0c5-dcae-4957-9d84-a3eda92e3b9a, command=[]} | ret=SUCCESS |  
2019-08-23 08:55:22,931 [grpc-default-executor-1] INFO  impl.RaftServerImpl (ServerState.java:setLeader(263)) - 498c441f-a162-496a-a65b-a10e8976a87e:group-6740F22B7E0F change Leader from null to 41a0f0c5-dcae-4957-9d84-a3eda92e3b9a at term 1 for appendEntries, leader elected after 5208ms
2019-08-23 08:55:22,931 [grpc-default-executor-9] INFO  impl.RaftServerImpl (ServerState.java:setLeader(263)) - f3be3432-490e-49fc-803e-a9979897b3f3:group-6740F22B7E0F change Leader from null to 41a0f0c5-dcae-4957-9d84-a3eda92e3b9a at term 1 for appendEntries, leader elected after 5209ms
2019-08-23 08:55:22,936 [grpc-default-executor-1] INFO  impl.RaftServerImpl (ServerState.java:setRaftConf(361)) - 498c441f-a162-496a-a65b-a10e8976a87e:group-6740F22B7E0F set configuration 0: [498c441f-a162-496a-a65b-a10e8976a87e:192.168.36.124:43487, f3be3432-490e-49fc-803e-a9979897b3f3:192.168.36.124:43888, 41a0f0c5-dcae-4957-9d84-a3eda92e3b9a:192.168.36.124:41266], old=null at 0
2019-08-23 08:55:22,937 [grpc-default-executor-1] INFO  segmented.SegmentedRaftLogWorker (SegmentedRaftLogWorker.java:startLogSegment(380)) - 498c441f-a162-496a-a65b-a10e8976a87e-SegmentedRaftLogWorker:Storage Directory /workdir/hadoop-ozone/integration-test/target/test-dir/MiniOzoneClusterImpl-d13b65ac-93ce-4a90-95b1-b7730ece3208/datanode-1/data/ratis/46086aa2-df86-4cd6-be8d-6740f22b7e0f: Starting segment from index:0
2019-08-23 08:55:22,937 [grpc-default-executor-9] INFO  impl.RaftServerImpl (ServerState.java:setRaftConf(361)) - f3be3432-490e-49fc-803e-a9979897b3f3:group-6740F22B7E0F set configuration 0: [498c441f-a162-496a-a65b-a10e8976a87e:192.168.36.124:43487, f3be3432-490e-49fc-803e-a9979897b3f3:192.168.36.124:43888, 41a0f0c5-dcae-4957-9d84-a3eda92e3b9a:192.168.36.124:41266], old=null at 0
2019-08-23 08:55:22,937 [grpc-default-executor-9] INFO  segmented.SegmentedRaftLogWorker (SegmentedRaftLogWorker.java:startLogSegment(380)) - f3be3432-490e-49fc-803e-a9979897b3f3-SegmentedRaftLogWorker:Storage Directory /workdir/hadoop-ozone/integration-test/target/test-dir/MiniOzoneClusterImpl-d13b65ac-93ce-4a90-95b1-b7730ece3208/datanode-2/data/ratis/46086aa2-df86-4cd6-be8d-6740f22b7e0f: Starting segment from index:0
2019-08-23 08:55:22,955 [41a0f0c5-dcae-4957-9d84-a3eda92e3b9a-SegmentedRaftLogWorker:Storage Directory /workdir/hadoop-ozone/integration-test/target/test-dir/MiniOzoneClusterImpl-d13b65ac-93ce-4a90-95b1-b7730ece3208/datanode-0/data/ratis/46086aa2-df86-4cd6-be8d-6740f22b7e0f] INFO  segmented.SegmentedRaftLogWorker (SegmentedRaftLogWorker.java:execute(569)) - 41a0f0c5-dcae-4957-9d84-a3eda92e3b9a-SegmentedRaftLogWorker:Storage Directory /workdir/hadoop-ozone/integration-test/target/test-dir/MiniOzoneClusterImpl-d13b65ac-93ce-4a90-95b1-b7730ece3208/datanode-0/data/ratis/46086aa2-df86-4cd6-be8d-6740f22b7e0f: created new log segment /workdir/hadoop-ozone/integration-test/target/test-dir/MiniOzoneClusterImpl-d13b65ac-93ce-4a90-95b1-b7730ece3208/datanode-0/data/ratis/46086aa2-df86-4cd6-be8d-6740f22b7e0f/current/log_inprogress_0
2019-08-23 08:55:23,002 [Thread-3579] INFO  impl.FollowerState (FollowerState.java:run(106)) - 6fb3350c-4c0c-4ad1-9d97-675c347d9711:group-86582D18F9FD changes to CANDIDATE, lastRpcTime:5108, electionTimeout:5108ms
2019-08-23 08:55:23,002 [Thread-3579] INFO  impl.RoleInfo (RoleInfo.java:shutdownFollowerState(121)) - 6fb3350c-4c0c-4ad1-9d97-675c347d9711: shutdown FollowerState
2019-08-23 08:55:23,003 [Thread-3579] INFO  impl.RaftServerImpl (RaftServerImpl.java:setRole(171)) - 6fb3350c-4c0c-4ad1-9d97-675c347d9711:group-86582D18F9FD changes role from FOLLOWER to CANDIDATE at term 0 for changeToCandidate
2019-08-23 08:55:23,003 [Thread-3579] INFO  impl.RoleInfo (RoleInfo.java:updateAndGet(143)) - 6fb3350c-4c0c-4ad1-9d97-675c347d9711: start LeaderElection
2019-08-23 08:55:23,006 [f3be3432-490e-49fc-803e-a9979897b3f3-SegmentedRaftLogWorker:Storage Directory /workdir/hadoop-ozone/integration-test/target/test-dir/MiniOzoneClusterImpl-d13b65ac-93ce-4a90-95b1-b7730ece3208/datanode-2/data/ratis/46086aa2-df86-4cd6-be8d-6740f22b7e0f] INFO  segmented.SegmentedRaftLogWorker (SegmentedRaftLogWorker.java:execute(569)) - f3be3432-490e-49fc-803e-a9979897b3f3-SegmentedRaftLogWorker:Storage Directory /workdir/hadoop-ozone/integration-test/target/test-dir/MiniOzoneClusterImpl-d13b65ac-93ce-4a90-95b1-b7730ece3208/datanode-2/data/ratis/46086aa2-df86-4cd6-be8d-6740f22b7e0f: created new log segment /workdir/hadoop-ozone/integration-test/target/test-dir/MiniOzoneClusterImpl-d13b65ac-93ce-4a90-95b1-b7730ece3208/datanode-2/data/ratis/46086aa2-df86-4cd6-be8d-6740f22b7e0f/current/log_inprogress_0
2019-08-23 08:55:23,006 [498c441f-a162-496a-a65b-a10e8976a87e-SegmentedRaftLogWorker:Storage Directory /workdir/hadoop-ozone/integration-test/target/test-dir/MiniOzoneClusterImpl-d13b65ac-93ce-4a90-95b1-b7730ece3208/datanode-1/data/ratis/46086aa2-df86-4cd6-be8d-6740f22b7e0f] INFO  segmented.SegmentedRaftLogWorker (SegmentedRaftLogWorker.java:execute(569)) - 498c441f-a162-496a-a65b-a10e8976a87e-SegmentedRaftLogWorker:Storage Directory /workdir/hadoop-ozone/integration-test/target/test-dir/MiniOzoneClusterImpl-d13b65ac-93ce-4a90-95b1-b7730ece3208/datanode-1/data/ratis/46086aa2-df86-4cd6-be8d-6740f22b7e0f: created new log segment /workdir/hadoop-ozone/integration-test/target/test-dir/MiniOzoneClusterImpl-d13b65ac-93ce-4a90-95b1-b7730ece3208/datanode-1/data/ratis/46086aa2-df86-4cd6-be8d-6740f22b7e0f/current/log_inprogress_0
2019-08-23 08:55:23,039 [6fb3350c-4c0c-4ad1-9d97-675c347d9711:group-86582D18F9FD:LeaderElection80] INFO  impl.LeaderElection (LeaderElection.java:askForVotes(181)) - 6fb3350c-4c0c-4ad1-9d97-675c347d9711:group-86582D18F9FD:LeaderElection80: begin an election at term 1 for -1: [6fb3350c-4c0c-4ad1-9d97-675c347d9711:192.168.36.124:42065], old=null
2019-08-23 08:55:23,039 [6fb3350c-4c0c-4ad1-9d97-675c347d9711:group-86582D18F9FD:LeaderElection80] INFO  impl.RoleInfo (RoleInfo.java:shutdownLeaderElection(134)) - 6fb3350c-4c0c-4ad1-9d97-675c347d9711: shutdown LeaderElection
2019-08-23 08:55:23,039 [6fb3350c-4c0c-4ad1-9d97-675c347d9711:group-86582D18F9FD:LeaderElection80] INFO  impl.RaftServerImpl (RaftServerImpl.java:setRole(171)) - 6fb3350c-4c0c-4ad1-9d97-675c347d9711:group-86582D18F9FD changes role from CANDIDATE to LEADER at term 1 for changeToLeader
2019-08-23 08:55:23,039 [6fb3350c-4c0c-4ad1-9d97-675c347d9711:group-86582D18F9FD:LeaderElection80] INFO  impl.RaftServerImpl (ServerState.java:setLeader(263)) - 6fb3350c-4c0c-4ad1-9d97-675c347d9711:group-86582D18F9FD change Leader from null to 6fb3350c-4c0c-4ad1-9d97-675c347d9711 at term 1 for becomeLeader, leader elected after 5150ms
2019-08-23 08:55:23,039 [6fb3350c-4c0c-4ad1-9d97-675c347d9711:group-86582D18F9FD:LeaderElection80] INFO  server.RaftServerConfigKeys (ConfUtils.java:logGet(43)) - raft.server.staging.catchup.gap = 1000 (default)
2019-08-23 08:55:23,039 [6fb3350c-4c0c-4ad1-9d97-675c347d9711:group-86582D18F9FD:LeaderElection80] INFO  server.RaftServerConfigKeys (ConfUtils.java:logGet(43)) - raft.server.rpc.sleep.time = 25ms (default)
2019-08-23 08:55:23,040 [6fb3350c-4c0c-4ad1-9d97-675c347d9711:group-86582D18F9FD:LeaderElection80] INFO  server.RaftServerConfigKeys (ConfUtils.java:logGet(43)) - raft.server.write.element-limit = 4096 (default)
2019-08-23 08:55:23,040 [6fb3350c-4c0c-4ad1-9d97-675c347d9711:group-86582D18F9FD:LeaderElection80] INFO  server.RaftServerConfigKeys (ConfUtils.java:logGet(43)) - raft.server.watch.timeout = 10s (default)
2019-08-23 08:55:23,040 [6fb3350c-4c0c-4ad1-9d97-675c347d9711:group-86582D18F9FD:LeaderElection80] INFO  server.RaftServerConfigKeys (ConfUtils.java:logGet(43)) - raft.server.watch.timeout.denomination = 1s (default)
2019-08-23 08:55:23,040 [6fb3350c-4c0c-4ad1-9d97-675c347d9711:group-86582D18F9FD:LeaderElection80] INFO  server.RaftServerConfigKeys (ConfUtils.java:logGet(43)) - raft.server.watch.element-limit = 65536 (default)
2019-08-23 08:55:23,040 [6fb3350c-4c0c-4ad1-9d97-675c347d9711:group-86582D18F9FD:LeaderElection80] INFO  impl.RoleInfo (RoleInfo.java:updateAndGet(143)) - 6fb3350c-4c0c-4ad1-9d97-675c347d9711: start LeaderState
2019-08-23 08:55:23,041 [6fb3350c-4c0c-4ad1-9d97-675c347d9711:group-86582D18F9FD:LeaderElection80] INFO  segmented.SegmentedRaftLogWorker (SegmentedRaftLogWorker.java:startLogSegment(380)) - 6fb3350c-4c0c-4ad1-9d97-675c347d9711-SegmentedRaftLogWorker:Storage Directory /workdir/hadoop-ozone/integration-test/target/test-dir/MiniOzoneClusterImpl-d13b65ac-93ce-4a90-95b1-b7730ece3208/datanode-3/data/ratis/26886aa7-0cc7-481a-b5f1-86582d18f9fd: Starting segment from index:0
2019-08-23 08:55:23,041 [6fb3350c-4c0c-4ad1-9d97-675c347d9711:group-86582D18F9FD:LeaderElection80] INFO  impl.RaftServerImpl (ServerState.java:setRaftConf(361)) - 6fb3350c-4c0c-4ad1-9d97-675c347d9711:group-86582D18F9FD set configuration 0: [6fb3350c-4c0c-4ad1-9d97-675c347d9711:192.168.36.124:42065], old=null at 0
2019-08-23 08:55:23,055 | INFO  | SCMAudit | user=jenkins1000 | ip=192.168.36.124 | op=SEND_HEARTBEAT {datanodeUUID=48bcaf38-66ae-48c7-856d-3b6092bb7fbf, command=[]} | ret=SUCCESS |  
2019-08-23 08:55:23,106 [6fb3350c-4c0c-4ad1-9d97-675c347d9711-SegmentedRaftLogWorker:Storage Directory /workdir/hadoop-ozone/integration-test/target/test-dir/MiniOzoneClusterImpl-d13b65ac-93ce-4a90-95b1-b7730ece3208/datanode-3/data/ratis/26886aa7-0cc7-481a-b5f1-86582d18f9fd] INFO  segmented.SegmentedRaftLogWorker (SegmentedRaftLogWorker.java:execute(569)) - 6fb3350c-4c0c-4ad1-9d97-675c347d9711-SegmentedRaftLogWorker:Storage Directory /workdir/hadoop-ozone/integration-test/target/test-dir/MiniOzoneClusterImpl-d13b65ac-93ce-4a90-95b1-b7730ece3208/datanode-3/data/ratis/26886aa7-0cc7-481a-b5f1-86582d18f9fd: created new log segment /workdir/hadoop-ozone/integration-test/target/test-dir/MiniOzoneClusterImpl-d13b65ac-93ce-4a90-95b1-b7730ece3208/datanode-3/data/ratis/26886aa7-0cc7-481a-b5f1-86582d18f9fd/current/log_inprogress_0
2019-08-23 08:55:23,225 [Thread-3582] INFO  impl.FollowerState (FollowerState.java:run(106)) - 48bcaf38-66ae-48c7-856d-3b6092bb7fbf:group-DC6E7C09DBD8 changes to CANDIDATE, lastRpcTime:5072, electionTimeout:5072ms
2019-08-23 08:55:23,225 [Thread-3582] INFO  impl.RoleInfo (RoleInfo.java:shutdownFollowerState(121)) - 48bcaf38-66ae-48c7-856d-3b6092bb7fbf: shutdown FollowerState
2019-08-23 08:55:23,225 [Thread-3582] INFO  impl.RaftServerImpl (RaftServerImpl.java:setRole(171)) - 48bcaf38-66ae-48c7-856d-3b6092bb7fbf:group-DC6E7C09DBD8 changes role from FOLLOWER to CANDIDATE at term 0 for changeToCandidate
2019-08-23 08:55:23,225 [Thread-3582] INFO  impl.RoleInfo (RoleInfo.java:updateAndGet(143)) - 48bcaf38-66ae-48c7-856d-3b6092bb7fbf: start LeaderElection
2019-08-23 08:55:23,256 [48bcaf38-66ae-48c7-856d-3b6092bb7fbf:group-DC6E7C09DBD8:LeaderElection81] INFO  impl.LeaderElection (LeaderElection.java:askForVotes(181)) - 48bcaf38-66ae-48c7-856d-3b6092bb7fbf:group-DC6E7C09DBD8:LeaderElection81: begin an election at term 1 for -1: [48bcaf38-66ae-48c7-856d-3b6092bb7fbf:192.168.36.124:45416], old=null
2019-08-23 08:55:23,256 [48bcaf38-66ae-48c7-856d-3b6092bb7fbf:group-DC6E7C09DBD8:LeaderElection81] INFO  impl.RoleInfo (RoleInfo.java:shutdownLeaderElection(134)) - 48bcaf38-66ae-48c7-856d-3b6092bb7fbf: shutdown LeaderElection
2019-08-23 08:55:23,256 [48bcaf38-66ae-48c7-856d-3b6092bb7fbf:group-DC6E7C09DBD8:LeaderElection81] INFO  impl.RaftServerImpl (RaftServerImpl.java:setRole(171)) - 48bcaf38-66ae-48c7-856d-3b6092bb7fbf:group-DC6E7C09DBD8 changes role from CANDIDATE to LEADER at term 1 for changeToLeader
2019-08-23 08:55:23,256 [48bcaf38-66ae-48c7-856d-3b6092bb7fbf:group-DC6E7C09DBD8:LeaderElection81] INFO  impl.RaftServerImpl (ServerState.java:setLeader(263)) - 48bcaf38-66ae-48c7-856d-3b6092bb7fbf:group-DC6E7C09DBD8 change Leader from null to 48bcaf38-66ae-48c7-856d-3b6092bb7fbf at term 1 for becomeLeader, leader elected after 5108ms
2019-08-23 08:55:23,257 [48bcaf38-66ae-48c7-856d-3b6092bb7fbf:group-DC6E7C09DBD8:LeaderElection81] INFO  server.RaftServerConfigKeys (ConfUtils.java:logGet(43)) - raft.server.staging.catchup.gap = 1000 (default)
2019-08-23 08:55:23,257 [48bcaf38-66ae-48c7-856d-3b6092bb7fbf:group-DC6E7C09DBD8:LeaderElection81] INFO  server.RaftServerConfigKeys (ConfUtils.java:logGet(43)) - raft.server.rpc.sleep.time = 25ms (default)
2019-08-23 08:55:23,257 [48bcaf38-66ae-48c7-856d-3b6092bb7fbf:group-DC6E7C09DBD8:LeaderElection81] INFO  server.RaftServerConfigKeys (ConfUtils.java:logGet(43)) - raft.server.write.element-limit = 4096 (default)
2019-08-23 08:55:23,257 [48bcaf38-66ae-48c7-856d-3b6092bb7fbf:group-DC6E7C09DBD8:LeaderElection81] INFO  server.RaftServerConfigKeys (ConfUtils.java:logGet(43)) - raft.server.watch.timeout = 10s (default)
2019-08-23 08:55:23,257 [48bcaf38-66ae-48c7-856d-3b6092bb7fbf:group-DC6E7C09DBD8:LeaderElection81] INFO  server.RaftServerConfigKeys (ConfUtils.java:logGet(43)) - raft.server.watch.timeout.denomination = 1s (default)
2019-08-23 08:55:23,257 [48bcaf38-66ae-48c7-856d-3b6092bb7fbf:group-DC6E7C09DBD8:LeaderElection81] INFO  server.RaftServerConfigKeys (ConfUtils.java:logGet(43)) - raft.server.watch.element-limit = 65536 (default)
2019-08-23 08:55:23,258 [48bcaf38-66ae-48c7-856d-3b6092bb7fbf:group-DC6E7C09DBD8:LeaderElection81] INFO  impl.RoleInfo (RoleInfo.java:updateAndGet(143)) - 48bcaf38-66ae-48c7-856d-3b6092bb7fbf: start LeaderState
2019-08-23 08:55:23,258 [48bcaf38-66ae-48c7-856d-3b6092bb7fbf:group-DC6E7C09DBD8:LeaderElection81] INFO  segmented.SegmentedRaftLogWorker (SegmentedRaftLogWorker.java:startLogSegment(380)) - 48bcaf38-66ae-48c7-856d-3b6092bb7fbf-SegmentedRaftLogWorker:Storage Directory /workdir/hadoop-ozone/integration-test/target/test-dir/MiniOzoneClusterImpl-d13b65ac-93ce-4a90-95b1-b7730ece3208/datanode-4/data/ratis/5c766b12-4dc1-4d2e-8439-dc6e7c09dbd8: Starting segment from index:0
2019-08-23 08:55:23,258 [48bcaf38-66ae-48c7-856d-3b6092bb7fbf:group-DC6E7C09DBD8:LeaderElection81] INFO  impl.RaftServerImpl (ServerState.java:setRaftConf(361)) - 48bcaf38-66ae-48c7-856d-3b6092bb7fbf:group-DC6E7C09DBD8 set configuration 0: [48bcaf38-66ae-48c7-856d-3b6092bb7fbf:192.168.36.124:45416], old=null at 0
2019-08-23 08:55:23,300 | INFO  | SCMAudit | user=jenkins1000 | ip=192.168.36.124 | op=SEND_HEARTBEAT {datanodeUUID=a29ade88-09c6-4e36-bef3-0197625c25fd, command=[]} | ret=SUCCESS |  
2019-08-23 08:55:23,323 [48bcaf38-66ae-48c7-856d-3b6092bb7fbf-SegmentedRaftLogWorker:Storage Directory /workdir/hadoop-ozone/integration-test/target/test-dir/MiniOzoneClusterImpl-d13b65ac-93ce-4a90-95b1-b7730ece3208/datanode-4/data/ratis/5c766b12-4dc1-4d2e-8439-dc6e7c09dbd8] INFO  segmented.SegmentedRaftLogWorker (SegmentedRaftLogWorker.java:execute(569)) - 48bcaf38-66ae-48c7-856d-3b6092bb7fbf-SegmentedRaftLogWorker:Storage Directory /workdir/hadoop-ozone/integration-test/target/test-dir/MiniOzoneClusterImpl-d13b65ac-93ce-4a90-95b1-b7730ece3208/datanode-4/data/ratis/5c766b12-4dc1-4d2e-8439-dc6e7c09dbd8: created new log segment /workdir/hadoop-ozone/integration-test/target/test-dir/MiniOzoneClusterImpl-d13b65ac-93ce-4a90-95b1-b7730ece3208/datanode-4/data/ratis/5c766b12-4dc1-4d2e-8439-dc6e7c09dbd8/current/log_inprogress_0
2019-08-23 08:55:23,330 | INFO  | SCMAudit | user=jenkins1000 | ip=192.168.36.124 | op=SEND_HEARTBEAT {datanodeUUID=498c441f-a162-496a-a65b-a10e8976a87e, command=[]} | ret=SUCCESS |  
2019-08-23 08:55:23,441 [Thread-3585] INFO  impl.FollowerState (FollowerState.java:run(106)) - a29ade88-09c6-4e36-bef3-0197625c25fd:group-B0B6E61CA1A6 changes to CANDIDATE, lastRpcTime:5081, electionTimeout:5081ms
2019-08-23 08:55:23,442 [Thread-3585] INFO  impl.RoleInfo (RoleInfo.java:shutdownFollowerState(121)) - a29ade88-09c6-4e36-bef3-0197625c25fd: shutdown FollowerState
2019-08-23 08:55:23,442 [Thread-3585] INFO  impl.RaftServerImpl (RaftServerImpl.java:setRole(171)) - a29ade88-09c6-4e36-bef3-0197625c25fd:group-B0B6E61CA1A6 changes role from FOLLOWER to CANDIDATE at term 0 for changeToCandidate
2019-08-23 08:55:23,442 [Thread-3585] INFO  impl.RoleInfo (RoleInfo.java:updateAndGet(143)) - a29ade88-09c6-4e36-bef3-0197625c25fd: start LeaderElection
2019-08-23 08:55:23,454 [Thread-3588] INFO  impl.FollowerState (FollowerState.java:run(106)) - 6fb3350c-4c0c-4ad1-9d97-675c347d9711:group-B4C2C2C34215 changes to CANDIDATE, lastRpcTime:5016, electionTimeout:5016ms
2019-08-23 08:55:23,454 [Thread-3588] INFO  impl.RoleInfo (RoleInfo.java:shutdownFollowerState(121)) - 6fb3350c-4c0c-4ad1-9d97-675c347d9711: shutdown FollowerState
2019-08-23 08:55:23,454 [Thread-3588] INFO  impl.RaftServerImpl (RaftServerImpl.java:setRole(171)) - 6fb3350c-4c0c-4ad1-9d97-675c347d9711:group-B4C2C2C34215 changes role from FOLLOWER to CANDIDATE at term 0 for changeToCandidate
2019-08-23 08:55:23,454 [Thread-3588] INFO  impl.RoleInfo (RoleInfo.java:updateAndGet(143)) - 6fb3350c-4c0c-4ad1-9d97-675c347d9711: start LeaderElection
2019-08-23 08:55:23,465 [a29ade88-09c6-4e36-bef3-0197625c25fd:group-B0B6E61CA1A6:LeaderElection82] INFO  impl.LeaderElection (LeaderElection.java:askForVotes(181)) - a29ade88-09c6-4e36-bef3-0197625c25fd:group-B0B6E61CA1A6:LeaderElection82: begin an election at term 1 for -1: [a29ade88-09c6-4e36-bef3-0197625c25fd:192.168.36.124:39121], old=null
2019-08-23 08:55:23,465 [a29ade88-09c6-4e36-bef3-0197625c25fd:group-B0B6E61CA1A6:LeaderElection82] INFO  impl.RoleInfo (RoleInfo.java:shutdownLeaderElection(134)) - a29ade88-09c6-4e36-bef3-0197625c25fd: shutdown LeaderElection
2019-08-23 08:55:23,465 [a29ade88-09c6-4e36-bef3-0197625c25fd:group-B0B6E61CA1A6:LeaderElection82] INFO  impl.RaftServerImpl (RaftServerImpl.java:setRole(171)) - a29ade88-09c6-4e36-bef3-0197625c25fd:group-B0B6E61CA1A6 changes role from CANDIDATE to LEADER at term 1 for changeToLeader
2019-08-23 08:55:23,465 [a29ade88-09c6-4e36-bef3-0197625c25fd:group-B0B6E61CA1A6:LeaderElection82] INFO  impl.RaftServerImpl (ServerState.java:setLeader(263)) - a29ade88-09c6-4e36-bef3-0197625c25fd:group-B0B6E61CA1A6 change Leader from null to a29ade88-09c6-4e36-bef3-0197625c25fd at term 1 for becomeLeader, leader elected after 5108ms
2019-08-23 08:55:23,465 [a29ade88-09c6-4e36-bef3-0197625c25fd:group-B0B6E61CA1A6:LeaderElection82] INFO  server.RaftServerConfigKeys (ConfUtils.java:logGet(43)) - raft.server.staging.catchup.gap = 1000 (default)
2019-08-23 08:55:23,466 [a29ade88-09c6-4e36-bef3-0197625c25fd:group-B0B6E61CA1A6:LeaderElection82] INFO  server.RaftServerConfigKeys (ConfUtils.java:logGet(43)) - raft.server.rpc.sleep.time = 25ms (default)
2019-08-23 08:55:23,466 [a29ade88-09c6-4e36-bef3-0197625c25fd:group-B0B6E61CA1A6:LeaderElection82] INFO  server.RaftServerConfigKeys (ConfUtils.java:logGet(43)) - raft.server.write.element-limit = 4096 (default)
2019-08-23 08:55:23,466 [a29ade88-09c6-4e36-bef3-0197625c25fd:group-B0B6E61CA1A6:LeaderElection82] INFO  server.RaftServerConfigKeys (ConfUtils.java:logGet(43)) - raft.server.watch.timeout = 10s (default)
2019-08-23 08:55:23,466 [a29ade88-09c6-4e36-bef3-0197625c25fd:group-B0B6E61CA1A6:LeaderElection82] INFO  server.RaftServerConfigKeys (ConfUtils.java:logGet(43)) - raft.server.watch.timeout.denomination = 1s (default)
2019-08-23 08:55:23,466 [a29ade88-09c6-4e36-bef3-0197625c25fd:group-B0B6E61CA1A6:LeaderElection82] INFO  server.RaftServerConfigKeys (ConfUtils.java:logGet(43)) - raft.server.watch.element-limit = 65536 (default)
2019-08-23 08:55:23,466 [a29ade88-09c6-4e36-bef3-0197625c25fd:group-B0B6E61CA1A6:LeaderElection82] INFO  impl.RoleInfo (RoleInfo.java:updateAndGet(143)) - a29ade88-09c6-4e36-bef3-0197625c25fd: start LeaderState
2019-08-23 08:55:23,467 [a29ade88-09c6-4e36-bef3-0197625c25fd:group-B0B6E61CA1A6:LeaderElection82] INFO  segmented.SegmentedRaftLogWorker (SegmentedRaftLogWorker.java:startLogSegment(380)) - a29ade88-09c6-4e36-bef3-0197625c25fd-SegmentedRaftLogWorker:Storage Directory /workdir/hadoop-ozone/integration-test/target/test-dir/MiniOzoneClusterImpl-d13b65ac-93ce-4a90-95b1-b7730ece3208/datanode-5/data/ratis/ac7b7629-6e85-45c4-9bb5-b0b6e61ca1a6: Starting segment from index:0
2019-08-23 08:55:23,467 [a29ade88-09c6-4e36-bef3-0197625c25fd:group-B0B6E61CA1A6:LeaderElection82] INFO  impl.RaftServerImpl (ServerState.java:setRaftConf(361)) - a29ade88-09c6-4e36-bef3-0197625c25fd:group-B0B6E61CA1A6 set configuration 0: [a29ade88-09c6-4e36-bef3-0197625c25fd:192.168.36.124:39121], old=null at 0
2019-08-23 08:55:23,508 [6fb3350c-4c0c-4ad1-9d97-675c347d9711:group-B4C2C2C34215:LeaderElection83] INFO  impl.LeaderElection (LeaderElection.java:askForVotes(181)) - 6fb3350c-4c0c-4ad1-9d97-675c347d9711:group-B4C2C2C34215:LeaderElection83: begin an election at term 1 for -1: [48bcaf38-66ae-48c7-856d-3b6092bb7fbf:192.168.36.124:45416, 6fb3350c-4c0c-4ad1-9d97-675c347d9711:192.168.36.124:42065, a29ade88-09c6-4e36-bef3-0197625c25fd:192.168.36.124:39121], old=null
2019-08-23 08:55:23,509 | INFO  | SCMAudit | user=jenkins1000 | ip=192.168.36.124 | op=SEND_HEARTBEAT {datanodeUUID=cafcd2ac-2701-4bb3-84b5-de2b0f6030b4, command=[]} | ret=SUCCESS |  
2019-08-23 08:55:23,522 [grpc-default-executor-1] INFO  impl.RaftServerImpl (RaftServerImpl.java:setRole(171)) - 48bcaf38-66ae-48c7-856d-3b6092bb7fbf:group-B4C2C2C34215 changes role from FOLLOWER to FOLLOWER at term 1 for recognizeCandidate:6fb3350c-4c0c-4ad1-9d97-675c347d9711
2019-08-23 08:55:23,522 [grpc-default-executor-9] INFO  impl.RaftServerImpl (RaftServerImpl.java:setRole(171)) - a29ade88-09c6-4e36-bef3-0197625c25fd:group-B4C2C2C34215 changes role from FOLLOWER to FOLLOWER at term 1 for recognizeCandidate:6fb3350c-4c0c-4ad1-9d97-675c347d9711
2019-08-23 08:55:23,522 [grpc-default-executor-9] INFO  impl.RoleInfo (RoleInfo.java:shutdownFollowerState(121)) - a29ade88-09c6-4e36-bef3-0197625c25fd: shutdown FollowerState
2019-08-23 08:55:23,522 [grpc-default-executor-1] INFO  impl.RoleInfo (RoleInfo.java:shutdownFollowerState(121)) - 48bcaf38-66ae-48c7-856d-3b6092bb7fbf: shutdown FollowerState
2019-08-23 08:55:23,523 [grpc-default-executor-9] INFO  impl.RoleInfo (RoleInfo.java:updateAndGet(143)) - a29ade88-09c6-4e36-bef3-0197625c25fd: start FollowerState
2019-08-23 08:55:23,523 [Thread-3593] INFO  impl.FollowerState (FollowerState.java:run(114)) - a29ade88-09c6-4e36-bef3-0197625c25fd: FollowerState was interrupted: java.lang.InterruptedException: sleep interrupted
2019-08-23 08:55:23,523 [grpc-default-executor-1] INFO  impl.RoleInfo (RoleInfo.java:updateAndGet(143)) - 48bcaf38-66ae-48c7-856d-3b6092bb7fbf: start FollowerState
2019-08-23 08:55:23,526 [a29ade88-09c6-4e36-bef3-0197625c25fd-SegmentedRaftLogWorker:Storage Directory /workdir/hadoop-ozone/integration-test/target/test-dir/MiniOzoneClusterImpl-d13b65ac-93ce-4a90-95b1-b7730ece3208/datanode-5/data/ratis/ac7b7629-6e85-45c4-9bb5-b0b6e61ca1a6] INFO  segmented.SegmentedRaftLogWorker (SegmentedRaftLogWorker.java:execute(569)) - a29ade88-09c6-4e36-bef3-0197625c25fd-SegmentedRaftLogWorker:Storage Directory /workdir/hadoop-ozone/integration-test/target/test-dir/MiniOzoneClusterImpl-d13b65ac-93ce-4a90-95b1-b7730ece3208/datanode-5/data/ratis/ac7b7629-6e85-45c4-9bb5-b0b6e61ca1a6: created new log segment /workdir/hadoop-ozone/integration-test/target/test-dir/MiniOzoneClusterImpl-d13b65ac-93ce-4a90-95b1-b7730ece3208/datanode-5/data/ratis/ac7b7629-6e85-45c4-9bb5-b0b6e61ca1a6/current/log_inprogress_0
2019-08-23 08:55:23,523 [Thread-3592] INFO  impl.FollowerState (FollowerState.java:run(114)) - 48bcaf38-66ae-48c7-856d-3b6092bb7fbf: FollowerState was interrupted: java.lang.InterruptedException: sleep interrupted
2019-08-23 08:55:23,542 [6fb3350c-4c0c-4ad1-9d97-675c347d9711:group-B4C2C2C34215:LeaderElection83] INFO  impl.LeaderElection (LeaderElection.java:logAndReturn(56)) - 6fb3350c-4c0c-4ad1-9d97-675c347d9711:group-B4C2C2C34215:LeaderElection83: Election PASSED; received 1 response(s) [6fb3350c-4c0c-4ad1-9d97-675c347d9711<-48bcaf38-66ae-48c7-856d-3b6092bb7fbf#0:OK-t1] and 0 exception(s); 6fb3350c-4c0c-4ad1-9d97-675c347d9711:t1, leader=null, voted=6fb3350c-4c0c-4ad1-9d97-675c347d9711, raftlog=6fb3350c-4c0c-4ad1-9d97-675c347d9711-SegmentedRaftLog:OPENED:c-1,f-1,i0, conf=-1: [48bcaf38-66ae-48c7-856d-3b6092bb7fbf:192.168.36.124:45416, 6fb3350c-4c0c-4ad1-9d97-675c347d9711:192.168.36.124:42065, a29ade88-09c6-4e36-bef3-0197625c25fd:192.168.36.124:39121], old=null
2019-08-23 08:55:23,542 [6fb3350c-4c0c-4ad1-9d97-675c347d9711:group-B4C2C2C34215:LeaderElection83] INFO  impl.RoleInfo (RoleInfo.java:shutdownLeaderElection(134)) - 6fb3350c-4c0c-4ad1-9d97-675c347d9711: shutdown LeaderElection
2019-08-23 08:55:23,543 [6fb3350c-4c0c-4ad1-9d97-675c347d9711:group-B4C2C2C34215:LeaderElection83] INFO  impl.RaftServerImpl (RaftServerImpl.java:setRole(171)) - 6fb3350c-4c0c-4ad1-9d97-675c347d9711:group-B4C2C2C34215 changes role from CANDIDATE to LEADER at term 1 for changeToLeader
2019-08-23 08:55:23,543 [6fb3350c-4c0c-4ad1-9d97-675c347d9711:group-B4C2C2C34215:LeaderElection83] INFO  impl.RaftServerImpl (ServerState.java:setLeader(263)) - 6fb3350c-4c0c-4ad1-9d97-675c347d9711:group-B4C2C2C34215 change Leader from null to 6fb3350c-4c0c-4ad1-9d97-675c347d9711 at term 1 for becomeLeader, leader elected after 5109ms
2019-08-23 08:55:23,543 [6fb3350c-4c0c-4ad1-9d97-675c347d9711:group-B4C2C2C34215:LeaderElection83] INFO  server.RaftServerConfigKeys (ConfUtils.java:logGet(43)) - raft.server.staging.catchup.gap = 1000 (default)
2019-08-23 08:55:23,543 [6fb3350c-4c0c-4ad1-9d97-675c347d9711:group-B4C2C2C34215:LeaderElection83] INFO  server.RaftServerConfigKeys (ConfUtils.java:logGet(43)) - raft.server.rpc.sleep.time = 25ms (default)
2019-08-23 08:55:23,543 [6fb3350c-4c0c-4ad1-9d97-675c347d9711:group-B4C2C2C34215:LeaderElection83] INFO  server.RaftServerConfigKeys (ConfUtils.java:logGet(43)) - raft.server.write.element-limit = 4096 (default)
2019-08-23 08:55:23,543 [6fb3350c-4c0c-4ad1-9d97-675c347d9711:group-B4C2C2C34215:LeaderElection83] INFO  server.RaftServerConfigKeys (ConfUtils.java:logGet(43)) - raft.server.watch.timeout = 10s (default)
2019-08-23 08:55:23,544 [6fb3350c-4c0c-4ad1-9d97-675c347d9711:group-B4C2C2C34215:LeaderElection83] INFO  server.RaftServerConfigKeys (ConfUtils.java:logGet(43)) - raft.server.watch.timeout.denomination = 1s (default)
2019-08-23 08:55:23,544 [6fb3350c-4c0c-4ad1-9d97-675c347d9711:group-B4C2C2C34215:LeaderElection83] INFO  server.RaftServerConfigKeys (ConfUtils.java:logGet(43)) - raft.server.watch.element-limit = 65536 (default)
2019-08-23 08:55:23,544 [6fb3350c-4c0c-4ad1-9d97-675c347d9711:group-B4C2C2C34215:LeaderElection83] INFO  server.RaftServerConfigKeys (ConfUtils.java:logGet(43)) - raft.server.log.appender.snapshot.chunk.size.max = 16MB (=16777216) (default)
2019-08-23 08:55:23,544 [6fb3350c-4c0c-4ad1-9d97-675c347d9711:group-B4C2C2C34215:LeaderElection83] INFO  server.RaftServerConfigKeys (ConfUtils.java:logGet(43)) - raft.server.log.appender.buffer.byte-limit = 33554432 (custom)
2019-08-23 08:55:23,544 [6fb3350c-4c0c-4ad1-9d97-675c347d9711:group-B4C2C2C34215:LeaderElection83] INFO  server.RaftServerConfigKeys (ConfUtils.java:logGet(43)) - raft.server.log.appender.buffer.element-limit = 1 (custom)
2019-08-23 08:55:23,545 [6fb3350c-4c0c-4ad1-9d97-675c347d9711:group-B4C2C2C34215:LeaderElection83] INFO  grpc.GrpcConfigKeys$Server (ConfUtils.java:logGet(43)) - raft.grpc.server.leader.outstanding.appends.max = 128 (default)
2019-08-23 08:55:23,545 [6fb3350c-4c0c-4ad1-9d97-675c347d9711:group-B4C2C2C34215:LeaderElection83] INFO  server.RaftServerConfigKeys (ConfUtils.java:logGet(43)) - raft.server.rpc.request.timeout = 3000ms (default)
2019-08-23 08:55:23,545 [6fb3350c-4c0c-4ad1-9d97-675c347d9711:group-B4C2C2C34215:LeaderElection83] INFO  server.RaftServerConfigKeys (ConfUtils.java:logGet(43)) - raft.server.log.appender.install.snapshot.enabled = false (custom)
2019-08-23 08:55:23,545 [6fb3350c-4c0c-4ad1-9d97-675c347d9711:group-B4C2C2C34215:LeaderElection83] INFO  server.RaftServerConfigKeys (ConfUtils.java:logGet(43)) - raft.server.log.appender.snapshot.chunk.size.max = 16MB (=16777216) (default)
2019-08-23 08:55:23,545 [6fb3350c-4c0c-4ad1-9d97-675c347d9711:group-B4C2C2C34215:LeaderElection83] INFO  server.RaftServerConfigKeys (ConfUtils.java:logGet(43)) - raft.server.log.appender.buffer.byte-limit = 33554432 (custom)
2019-08-23 08:55:23,546 [6fb3350c-4c0c-4ad1-9d97-675c347d9711:group-B4C2C2C34215:LeaderElection83] INFO  server.RaftServerConfigKeys (ConfUtils.java:logGet(43)) - raft.server.log.appender.buffer.element-limit = 1 (custom)
2019-08-23 08:55:23,546 [6fb3350c-4c0c-4ad1-9d97-675c347d9711:group-B4C2C2C34215:LeaderElection83] INFO  grpc.GrpcConfigKeys$Server (ConfUtils.java:logGet(43)) - raft.grpc.server.leader.outstanding.appends.max = 128 (default)
2019-08-23 08:55:23,546 [6fb3350c-4c0c-4ad1-9d97-675c347d9711:group-B4C2C2C34215:LeaderElection83] INFO  server.RaftServerConfigKeys (ConfUtils.java:logGet(43)) - raft.server.rpc.request.timeout = 3000ms (default)
2019-08-23 08:55:23,546 [6fb3350c-4c0c-4ad1-9d97-675c347d9711:group-B4C2C2C34215:LeaderElection83] INFO  server.RaftServerConfigKeys (ConfUtils.java:logGet(43)) - raft.server.log.appender.install.snapshot.enabled = false (custom)
2019-08-23 08:55:23,546 [6fb3350c-4c0c-4ad1-9d97-675c347d9711:group-B4C2C2C34215:LeaderElection83] INFO  impl.RoleInfo (RoleInfo.java:updateAndGet(143)) - 6fb3350c-4c0c-4ad1-9d97-675c347d9711: start LeaderState
2019-08-23 08:55:23,547 [6fb3350c-4c0c-4ad1-9d97-675c347d9711:group-B4C2C2C34215:LeaderElection83] INFO  segmented.SegmentedRaftLogWorker (SegmentedRaftLogWorker.java:startLogSegment(380)) - 6fb3350c-4c0c-4ad1-9d97-675c347d9711-SegmentedRaftLogWorker:Storage Directory /workdir/hadoop-ozone/integration-test/target/test-dir/MiniOzoneClusterImpl-d13b65ac-93ce-4a90-95b1-b7730ece3208/datanode-3/data/ratis/c7923512-507c-4fc8-8bed-b4c2c2c34215: Starting segment from index:0
2019-08-23 08:55:23,547 [6fb3350c-4c0c-4ad1-9d97-675c347d9711:group-B4C2C2C34215:LeaderElection83] INFO  impl.RaftServerImpl (ServerState.java:setRaftConf(361)) - 6fb3350c-4c0c-4ad1-9d97-675c347d9711:group-B4C2C2C34215 set configuration 0: [48bcaf38-66ae-48c7-856d-3b6092bb7fbf:192.168.36.124:45416, 6fb3350c-4c0c-4ad1-9d97-675c347d9711:192.168.36.124:42065, a29ade88-09c6-4e36-bef3-0197625c25fd:192.168.36.124:39121], old=null at 0
2019-08-23 08:55:23,581 [grpc-default-executor-9] INFO  impl.RaftServerImpl (ServerState.java:setLeader(263)) - a29ade88-09c6-4e36-bef3-0197625c25fd:group-B4C2C2C34215 change Leader from null to 6fb3350c-4c0c-4ad1-9d97-675c347d9711 at term 1 for appendEntries, leader elected after 5148ms
2019-08-23 08:55:23,581 [grpc-default-executor-1] INFO  impl.RaftServerImpl (ServerState.java:setLeader(263)) - 48bcaf38-66ae-48c7-856d-3b6092bb7fbf:group-B4C2C2C34215 change Leader from null to 6fb3350c-4c0c-4ad1-9d97-675c347d9711 at term 1 for appendEntries, leader elected after 5147ms
2019-08-23 08:55:23,586 [grpc-default-executor-9] INFO  impl.RaftServerImpl (ServerState.java:setRaftConf(361)) - a29ade88-09c6-4e36-bef3-0197625c25fd:group-B4C2C2C34215 set configuration 0: [48bcaf38-66ae-48c7-856d-3b6092bb7fbf:192.168.36.124:45416, 6fb3350c-4c0c-4ad1-9d97-675c347d9711:192.168.36.124:42065, a29ade88-09c6-4e36-bef3-0197625c25fd:192.168.36.124:39121], old=null at 0
2019-08-23 08:55:23,586 [grpc-default-executor-9] INFO  segmented.SegmentedRaftLogWorker (SegmentedRaftLogWorker.java:startLogSegment(380)) - a29ade88-09c6-4e36-bef3-0197625c25fd-SegmentedRaftLogWorker:Storage Directory /workdir/hadoop-ozone/integration-test/target/test-dir/MiniOzoneClusterImpl-d13b65ac-93ce-4a90-95b1-b7730ece3208/datanode-5/data/ratis/c7923512-507c-4fc8-8bed-b4c2c2c34215: Starting segment from index:0
2019-08-23 08:55:23,586 [grpc-default-executor-1] INFO  impl.RaftServerImpl (ServerState.java:setRaftConf(361)) - 48bcaf38-66ae-48c7-856d-3b6092bb7fbf:group-B4C2C2C34215 set configuration 0: [48bcaf38-66ae-48c7-856d-3b6092bb7fbf:192.168.36.124:45416, 6fb3350c-4c0c-4ad1-9d97-675c347d9711:192.168.36.124:42065, a29ade88-09c6-4e36-bef3-0197625c25fd:192.168.36.124:39121], old=null at 0
2019-08-23 08:55:23,587 [grpc-default-executor-1] INFO  segmented.SegmentedRaftLogWorker (SegmentedRaftLogWorker.java:startLogSegment(380)) - 48bcaf38-66ae-48c7-856d-3b6092bb7fbf-SegmentedRaftLogWorker:Storage Directory /workdir/hadoop-ozone/integration-test/target/test-dir/MiniOzoneClusterImpl-d13b65ac-93ce-4a90-95b1-b7730ece3208/datanode-4/data/ratis/c7923512-507c-4fc8-8bed-b4c2c2c34215: Starting segment from index:0
2019-08-23 08:55:23,590 | INFO  | SCMAudit | user=jenkins1000 | ip=192.168.36.124 | op=SEND_HEARTBEAT {datanodeUUID=f3be3432-490e-49fc-803e-a9979897b3f3, command=[]} | ret=SUCCESS |  
2019-08-23 08:55:23,600 [6fb3350c-4c0c-4ad1-9d97-675c347d9711-SegmentedRaftLogWorker:Storage Directory /workdir/hadoop-ozone/integration-test/target/test-dir/MiniOzoneClusterImpl-d13b65ac-93ce-4a90-95b1-b7730ece3208/datanode-3/data/ratis/c7923512-507c-4fc8-8bed-b4c2c2c34215] INFO  segmented.SegmentedRaftLogWorker (SegmentedRaftLogWorker.java:execute(569)) - 6fb3350c-4c0c-4ad1-9d97-675c347d9711-SegmentedRaftLogWorker:Storage Directory /workdir/hadoop-ozone/integration-test/target/test-dir/MiniOzoneClusterImpl-d13b65ac-93ce-4a90-95b1-b7730ece3208/datanode-3/data/ratis/c7923512-507c-4fc8-8bed-b4c2c2c34215: created new log segment /workdir/hadoop-ozone/integration-test/target/test-dir/MiniOzoneClusterImpl-d13b65ac-93ce-4a90-95b1-b7730ece3208/datanode-3/data/ratis/c7923512-507c-4fc8-8bed-b4c2c2c34215/current/log_inprogress_0
2019-08-23 08:55:23,658 [48bcaf38-66ae-48c7-856d-3b6092bb7fbf-SegmentedRaftLogWorker:Storage Directory /workdir/hadoop-ozone/integration-test/target/test-dir/MiniOzoneClusterImpl-d13b65ac-93ce-4a90-95b1-b7730ece3208/datanode-4/data/ratis/c7923512-507c-4fc8-8bed-b4c2c2c34215] INFO  segmented.SegmentedRaftLogWorker (SegmentedRaftLogWorker.java:execute(569)) - 48bcaf38-66ae-48c7-856d-3b6092bb7fbf-SegmentedRaftLogWorker:Storage Directory /workdir/hadoop-ozone/integration-test/target/test-dir/MiniOzoneClusterImpl-d13b65ac-93ce-4a90-95b1-b7730ece3208/datanode-4/data/ratis/c7923512-507c-4fc8-8bed-b4c2c2c34215: created new log segment /workdir/hadoop-ozone/integration-test/target/test-dir/MiniOzoneClusterImpl-d13b65ac-93ce-4a90-95b1-b7730ece3208/datanode-4/data/ratis/c7923512-507c-4fc8-8bed-b4c2c2c34215/current/log_inprogress_0
2019-08-23 08:55:23,658 [a29ade88-09c6-4e36-bef3-0197625c25fd-SegmentedRaftLogWorker:Storage Directory /workdir/hadoop-ozone/integration-test/target/test-dir/MiniOzoneClusterImpl-d13b65ac-93ce-4a90-95b1-b7730ece3208/datanode-5/data/ratis/c7923512-507c-4fc8-8bed-b4c2c2c34215] INFO  segmented.SegmentedRaftLogWorker (SegmentedRaftLogWorker.java:execute(569)) - a29ade88-09c6-4e36-bef3-0197625c25fd-SegmentedRaftLogWorker:Storage Directory /workdir/hadoop-ozone/integration-test/target/test-dir/MiniOzoneClusterImpl-d13b65ac-93ce-4a90-95b1-b7730ece3208/datanode-5/data/ratis/c7923512-507c-4fc8-8bed-b4c2c2c34215: created new log segment /workdir/hadoop-ozone/integration-test/target/test-dir/MiniOzoneClusterImpl-d13b65ac-93ce-4a90-95b1-b7730ece3208/datanode-5/data/ratis/c7923512-507c-4fc8-8bed-b4c2c2c34215/current/log_inprogress_0
2019-08-23 08:55:23,678 [grpc-default-executor-1] INFO  client.GrpcClientProtocolClient (GrpcClientProtocolClient.java:onNext(255)) - client-E767790727E6->f3be3432-490e-49fc-803e-a9979897b3f3: receive RaftClientReply:client-E767790727E6->f3be3432-490e-49fc-803e-a9979897b3f3@group-6740F22B7E0F, cid=183, FAILED org.apache.ratis.protocol.NotLeaderException: Server f3be3432-490e-49fc-803e-a9979897b3f3 is not the leader (41a0f0c5-dcae-4957-9d84-a3eda92e3b9a:192.168.36.124:41266). Request must be sent to leader., logIndex=0, commits[f3be3432-490e-49fc-803e-a9979897b3f3:c-1, 498c441f-a162-496a-a65b-a10e8976a87e:c-1, 41a0f0c5-dcae-4957-9d84-a3eda92e3b9a:c-1]
2019-08-23 08:55:23,690 [Thread-3597] INFO  impl.FollowerState (FollowerState.java:run(106)) - cafcd2ac-2701-4bb3-84b5-de2b0f6030b4:group-9D0D7316E1EC changes to CANDIDATE, lastRpcTime:5145, electionTimeout:5139ms
2019-08-23 08:55:23,690 [Thread-3597] INFO  impl.RoleInfo (RoleInfo.java:shutdownFollowerState(121)) - cafcd2ac-2701-4bb3-84b5-de2b0f6030b4: shutdown FollowerState
2019-08-23 08:55:23,691 [Thread-3597] INFO  impl.RaftServerImpl (RaftServerImpl.java:setRole(171)) - cafcd2ac-2701-4bb3-84b5-de2b0f6030b4:group-9D0D7316E1EC changes role from FOLLOWER to CANDIDATE at term 0 for changeToCandidate
2019-08-23 08:55:23,691 [Thread-3597] INFO  impl.RoleInfo (RoleInfo.java:updateAndGet(143)) - cafcd2ac-2701-4bb3-84b5-de2b0f6030b4: start LeaderElection
2019-08-23 08:55:23,715 [cafcd2ac-2701-4bb3-84b5-de2b0f6030b4:group-9D0D7316E1EC:LeaderElection84] INFO  impl.LeaderElection (LeaderElection.java:askForVotes(181)) - cafcd2ac-2701-4bb3-84b5-de2b0f6030b4:group-9D0D7316E1EC:LeaderElection84: begin an election at term 1 for -1: [cafcd2ac-2701-4bb3-84b5-de2b0f6030b4:192.168.36.124:33498], old=null
2019-08-23 08:55:23,715 [cafcd2ac-2701-4bb3-84b5-de2b0f6030b4:group-9D0D7316E1EC:LeaderElection84] INFO  impl.RoleInfo (RoleInfo.java:shutdownLeaderElection(134)) - cafcd2ac-2701-4bb3-84b5-de2b0f6030b4: shutdown LeaderElection
2019-08-23 08:55:23,715 [cafcd2ac-2701-4bb3-84b5-de2b0f6030b4:group-9D0D7316E1EC:LeaderElection84] INFO  impl.RaftServerImpl (RaftServerImpl.java:setRole(171)) - cafcd2ac-2701-4bb3-84b5-de2b0f6030b4:group-9D0D7316E1EC changes role from CANDIDATE to LEADER at term 1 for changeToLeader
2019-08-23 08:55:23,715 [cafcd2ac-2701-4bb3-84b5-de2b0f6030b4:group-9D0D7316E1EC:LeaderElection84] INFO  impl.RaftServerImpl (ServerState.java:setLeader(263)) - cafcd2ac-2701-4bb3-84b5-de2b0f6030b4:group-9D0D7316E1EC change Leader from null to cafcd2ac-2701-4bb3-84b5-de2b0f6030b4 at term 1 for becomeLeader, leader elected after 5173ms
2019-08-23 08:55:23,715 [cafcd2ac-2701-4bb3-84b5-de2b0f6030b4:group-9D0D7316E1EC:LeaderElection84] INFO  server.RaftServerConfigKeys (ConfUtils.java:logGet(43)) - raft.server.staging.catchup.gap = 1000 (default)
2019-08-23 08:55:23,716 [cafcd2ac-2701-4bb3-84b5-de2b0f6030b4:group-9D0D7316E1EC:LeaderElection84] INFO  server.RaftServerConfigKeys (ConfUtils.java:logGet(43)) - raft.server.rpc.sleep.time = 25ms (default)
2019-08-23 08:55:23,716 [cafcd2ac-2701-4bb3-84b5-de2b0f6030b4:group-9D0D7316E1EC:LeaderElection84] INFO  server.RaftServerConfigKeys (ConfUtils.java:logGet(43)) - raft.server.write.element-limit = 4096 (default)
2019-08-23 08:55:23,716 [cafcd2ac-2701-4bb3-84b5-de2b0f6030b4:group-9D0D7316E1EC:LeaderElection84] INFO  server.RaftServerConfigKeys (ConfUtils.java:logGet(43)) - raft.server.watch.timeout = 10s (default)
2019-08-23 08:55:23,716 [cafcd2ac-2701-4bb3-84b5-de2b0f6030b4:group-9D0D7316E1EC:LeaderElection84] INFO  server.RaftServerConfigKeys (ConfUtils.java:logGet(43)) - raft.server.watch.timeout.denomination = 1s (default)
2019-08-23 08:55:23,716 [cafcd2ac-2701-4bb3-84b5-de2b0f6030b4:group-9D0D7316E1EC:LeaderElection84] INFO  server.RaftServerConfigKeys (ConfUtils.java:logGet(43)) - raft.server.watch.element-limit = 65536 (default)
2019-08-23 08:55:23,716 [cafcd2ac-2701-4bb3-84b5-de2b0f6030b4:group-9D0D7316E1EC:LeaderElection84] INFO  impl.RoleInfo (RoleInfo.java:updateAndGet(143)) - cafcd2ac-2701-4bb3-84b5-de2b0f6030b4: start LeaderState
2019-08-23 08:55:23,717 [cafcd2ac-2701-4bb3-84b5-de2b0f6030b4:group-9D0D7316E1EC:LeaderElection84] INFO  segmented.SegmentedRaftLogWorker (SegmentedRaftLogWorker.java:startLogSegment(380)) - cafcd2ac-2701-4bb3-84b5-de2b0f6030b4-SegmentedRaftLogWorker:Storage Directory /workdir/hadoop-ozone/integration-test/target/test-dir/MiniOzoneClusterImpl-d13b65ac-93ce-4a90-95b1-b7730ece3208/datanode-6/data/ratis/e4d615ca-b938-4d1f-a1a3-9d0d7316e1ec: Starting segment from index:0
2019-08-23 08:55:23,717 [cafcd2ac-2701-4bb3-84b5-de2b0f6030b4:group-9D0D7316E1EC:LeaderElection84] INFO  impl.RaftServerImpl (ServerState.java:setRaftConf(361)) - cafcd2ac-2701-4bb3-84b5-de2b0f6030b4:group-9D0D7316E1EC set configuration 0: [cafcd2ac-2701-4bb3-84b5-de2b0f6030b4:192.168.36.124:33498], old=null at 0
2019-08-23 08:55:23,786 [cafcd2ac-2701-4bb3-84b5-de2b0f6030b4-SegmentedRaftLogWorker:Storage Directory /workdir/hadoop-ozone/integration-test/target/test-dir/MiniOzoneClusterImpl-d13b65ac-93ce-4a90-95b1-b7730ece3208/datanode-6/data/ratis/e4d615ca-b938-4d1f-a1a3-9d0d7316e1ec] INFO  segmented.SegmentedRaftLogWorker (SegmentedRaftLogWorker.java:execute(569)) - cafcd2ac-2701-4bb3-84b5-de2b0f6030b4-SegmentedRaftLogWorker:Storage Directory /workdir/hadoop-ozone/integration-test/target/test-dir/MiniOzoneClusterImpl-d13b65ac-93ce-4a90-95b1-b7730ece3208/datanode-6/data/ratis/e4d615ca-b938-4d1f-a1a3-9d0d7316e1ec: created new log segment /workdir/hadoop-ozone/integration-test/target/test-dir/MiniOzoneClusterImpl-d13b65ac-93ce-4a90-95b1-b7730ece3208/datanode-6/data/ratis/e4d615ca-b938-4d1f-a1a3-9d0d7316e1ec/current/log_inprogress_0
2019-08-23 08:55:23,817 | INFO  | SCMAudit | user=jenkins1000 | ip=192.168.36.124 | op=SEND_HEARTBEAT {datanodeUUID=6fb3350c-4c0c-4ad1-9d97-675c347d9711, command=[]} | ret=SUCCESS |  
2019-08-23 08:55:23,919 | INFO  | SCMAudit | user=jenkins1000 | ip=192.168.36.124 | op=SEND_HEARTBEAT {datanodeUUID=41a0f0c5-dcae-4957-9d84-a3eda92e3b9a, command=[]} | ret=SUCCESS |  
2019-08-23 08:55:23,923 | INFO  | DNAudit | user=null | ip=null | op=WRITE_CHUNK {blockData=conID: 1 locID: 102665454850932750 bcsId: 0} | ret=SUCCESS |  
2019-08-23 08:55:23,934 | INFO  | DNAudit | user=null | ip=null | op=WRITE_CHUNK {blockData=conID: 1 locID: 102665454850932750 bcsId: 0} | ret=SUCCESS |  
2019-08-23 08:55:23,934 | INFO  | SCMAudit | user=jenkins1000 | ip=192.168.36.124 | op=SEND_HEARTBEAT {datanodeUUID=498c441f-a162-496a-a65b-a10e8976a87e, command=[]} | ret=SUCCESS |  
2019-08-23 08:55:23,940 | INFO  | DNAudit | user=null | ip=null | op=WRITE_CHUNK {blockData=conID: 1 locID: 102665454850932750 bcsId: 0} | ret=SUCCESS |  
2019-08-23 08:55:23,944 [grpc-default-executor-9] INFO  client.GrpcClientProtocolClient (GrpcClientProtocolClient.java:onNext(255)) - client-E767790727E6->41a0f0c5-dcae-4957-9d84-a3eda92e3b9a: receive RaftClientReply:client-E767790727E6->41a0f0c5-dcae-4957-9d84-a3eda92e3b9a@group-6740F22B7E0F, cid=183, SUCCESS, logIndex=1, commits[41a0f0c5-dcae-4957-9d84-a3eda92e3b9a:c1, 498c441f-a162-496a-a65b-a10e8976a87e:c0, f3be3432-490e-49fc-803e-a9979897b3f3:c-1]
2019-08-23 08:55:23,951 | INFO  | DNAudit | user=null | ip=null | op=WRITE_CHUNK {blockData=conID: 1 locID: 102665454850932750 bcsId: 0} | ret=SUCCESS |  
2019-08-23 08:55:23,951 | INFO  | DNAudit | user=null | ip=null | op=WRITE_CHUNK {blockData=conID: 1 locID: 102665454850932750 bcsId: 0} | ret=SUCCESS |  
2019-08-23 08:55:23,951 | INFO  | SCMAudit | user=jenkins1000 | ip=192.168.36.124 | op=SEND_HEARTBEAT {datanodeUUID=f3be3432-490e-49fc-803e-a9979897b3f3, command=[]} | ret=SUCCESS |  
2019-08-23 08:55:23,953 | INFO  | DNAudit | user=null | ip=null | op=WRITE_CHUNK {blockData=conID: 1 locID: 102665454850932750 bcsId: 0} | ret=SUCCESS |  
2019-08-23 08:55:23,953 | INFO  | DNAudit | user=null | ip=null | op=WRITE_CHUNK {blockData=conID: 1 locID: 102665454850932750 bcsId: 0} | ret=SUCCESS |  
2019-08-23 08:55:23,953 | INFO  | DNAudit | user=null | ip=null | op=WRITE_CHUNK {blockData=conID: 1 locID: 102665454850932750 bcsId: 0} | ret=SUCCESS |  
2019-08-23 08:55:23,954 | INFO  | DNAudit | user=null | ip=null | op=WRITE_CHUNK {blockData=conID: 1 locID: 102665454850932750 bcsId: 0} | ret=SUCCESS |  
2019-08-23 08:55:23,954 | INFO  | DNAudit | user=null | ip=null | op=WRITE_CHUNK {blockData=conID: 1 locID: 102665454850932750 bcsId: 0} | ret=SUCCESS |  
2019-08-23 08:55:23,955 | INFO  | DNAudit | user=null | ip=null | op=WRITE_CHUNK {blockData=conID: 1 locID: 102665454850932750 bcsId: 0} | ret=SUCCESS |  
2019-08-23 08:55:23,955 | INFO  | DNAudit | user=null | ip=null | op=WRITE_CHUNK {blockData=conID: 1 locID: 102665454850932750 bcsId: 0} | ret=SUCCESS |  
2019-08-23 08:55:23,955 | INFO  | DNAudit | user=null | ip=null | op=WRITE_CHUNK {blockData=conID: 1 locID: 102665454850932750 bcsId: 0} | ret=SUCCESS |  
2019-08-23 08:55:23,956 | INFO  | DNAudit | user=null | ip=null | op=WRITE_CHUNK {blockData=conID: 1 locID: 102665454850932750 bcsId: 0} | ret=SUCCESS |  
2019-08-23 08:55:23,956 | INFO  | DNAudit | user=null | ip=null | op=WRITE_CHUNK {blockData=conID: 1 locID: 102665454850932750 bcsId: 0} | ret=SUCCESS |  
2019-08-23 08:55:23,971 | INFO  | DNAudit | user=null | ip=null | op=WRITE_CHUNK {blockData=conID: 1 locID: 102665454850932750 bcsId: 0} | ret=SUCCESS |  
2019-08-23 08:55:23,978 [grpc-default-executor-1] INFO  client.GrpcClientProtocolClient (GrpcClientProtocolClient.java:onNext(255)) - client-E767790727E6->41a0f0c5-dcae-4957-9d84-a3eda92e3b9a: receive RaftClientReply:client-E767790727E6->41a0f0c5-dcae-4957-9d84-a3eda92e3b9a@group-6740F22B7E0F, cid=184, SUCCESS, logIndex=3, commits[41a0f0c5-dcae-4957-9d84-a3eda92e3b9a:c4, 498c441f-a162-496a-a65b-a10e8976a87e:c1, f3be3432-490e-49fc-803e-a9979897b3f3:c1]
2019-08-23 08:55:23,979 | INFO  | DNAudit | user=null | ip=null | op=WRITE_CHUNK {blockData=conID: 1 locID: 102665454850932750 bcsId: 0} | ret=SUCCESS |  
2019-08-23 08:55:24,000 | INFO  | DNAudit | user=null | ip=null | op=WRITE_CHUNK {blockData=conID: 1 locID: 102665454850932750 bcsId: 0} | ret=SUCCESS |  
2019-08-23 08:55:24,048 | INFO  | DNAudit | user=null | ip=null | op=PUT_BLOCK {blockData=[blockId=conID: 1 locID: 102665454850932750 bcsId: 0,size=200]} | ret=SUCCESS |  
2019-08-23 08:55:24,048 | INFO  | DNAudit | user=null | ip=null | op=WRITE_CHUNK {blockData=conID: 1 locID: 102665454850932750 bcsId: 0} | ret=SUCCESS |  
2019-08-23 08:55:24,049 | INFO  | DNAudit | user=null | ip=null | op=WRITE_CHUNK {blockData=conID: 1 locID: 102665454850932750 bcsId: 0} | ret=SUCCESS |  
2019-08-23 08:55:24,049 [grpc-default-executor-3] INFO  client.GrpcClientProtocolClient (GrpcClientProtocolClient.java:onNext(255)) - client-E767790727E6->41a0f0c5-dcae-4957-9d84-a3eda92e3b9a: receive RaftClientReply:client-E767790727E6->41a0f0c5-dcae-4957-9d84-a3eda92e3b9a@group-6740F22B7E0F, cid=185, SUCCESS, logIndex=4, commits[41a0f0c5-dcae-4957-9d84-a3eda92e3b9a:c12, 498c441f-a162-496a-a65b-a10e8976a87e:c7, f3be3432-490e-49fc-803e-a9979897b3f3:c7]
2019-08-23 08:55:24,050 [grpc-default-executor-3] INFO  client.GrpcClientProtocolClient (GrpcClientProtocolClient.java:onNext(255)) - client-E767790727E6->41a0f0c5-dcae-4957-9d84-a3eda92e3b9a: receive RaftClientReply:client-E767790727E6->41a0f0c5-dcae-4957-9d84-a3eda92e3b9a@group-6740F22B7E0F, cid=186, SUCCESS, logIndex=5, commits[41a0f0c5-dcae-4957-9d84-a3eda92e3b9a:c12, 498c441f-a162-496a-a65b-a10e8976a87e:c7, f3be3432-490e-49fc-803e-a9979897b3f3:c7]
2019-08-23 08:55:24,052 [grpc-default-executor-3] INFO  client.GrpcClientProtocolClient (GrpcClientProtocolClient.java:onNext(255)) - client-E767790727E6->41a0f0c5-dcae-4957-9d84-a3eda92e3b9a: receive RaftClientReply:client-E767790727E6->41a0f0c5-dcae-4957-9d84-a3eda92e3b9a@group-6740F22B7E0F, cid=187, SUCCESS, logIndex=6, commits[41a0f0c5-dcae-4957-9d84-a3eda92e3b9a:c12, 498c441f-a162-496a-a65b-a10e8976a87e:c7, f3be3432-490e-49fc-803e-a9979897b3f3:c7]
2019-08-23 08:55:24,056 | INFO  | SCMAudit | user=jenkins1000 | ip=192.168.36.124 | op=SEND_HEARTBEAT {datanodeUUID=48bcaf38-66ae-48c7-856d-3b6092bb7fbf, command=[]} | ret=SUCCESS |  
2019-08-23 08:55:24,134 | INFO  | DNAudit | user=null | ip=null | op=PUT_BLOCK {blockData=[blockId=conID: 1 locID: 102665454850932750 bcsId: 0,size=200]} | ret=SUCCESS |  
2019-08-23 08:55:24,135 | INFO  | DNAudit | user=null | ip=null | op=WRITE_CHUNK {blockData=conID: 1 locID: 102665454850932750 bcsId: 0} | ret=SUCCESS |  
2019-08-23 08:55:24,135 | INFO  | DNAudit | user=null | ip=null | op=WRITE_CHUNK {blockData=conID: 1 locID: 102665454850932750 bcsId: 0} | ret=SUCCESS |  
2019-08-23 08:55:24,219 | INFO  | DNAudit | user=null | ip=null | op=PUT_BLOCK {blockData=[blockId=conID: 1 locID: 102665454850932750 bcsId: 0,size=400]} | ret=SUCCESS |  
2019-08-23 08:55:24,219 | INFO  | DNAudit | user=null | ip=null | op=PUT_BLOCK {blockData=[blockId=conID: 1 locID: 102665454850932750 bcsId: 0,size=400]} | ret=SUCCESS |  
2019-08-23 08:55:24,220 | INFO  | DNAudit | user=null | ip=null | op=PUT_BLOCK {blockData=[blockId=conID: 1 locID: 102665454850932750 bcsId: 0,size=200]} | ret=SUCCESS |  
2019-08-23 08:55:24,220 | INFO  | DNAudit | user=null | ip=null | op=WRITE_CHUNK {blockData=conID: 1 locID: 102665454850932750 bcsId: 0} | ret=SUCCESS |  
2019-08-23 08:55:24,221 | INFO  | DNAudit | user=null | ip=null | op=WRITE_CHUNK {blockData=conID: 1 locID: 102665454850932750 bcsId: 0} | ret=SUCCESS |  
2019-08-23 08:55:24,221 [grpc-default-executor-3] INFO  client.GrpcClientProtocolClient (GrpcClientProtocolClient.java:onNext(255)) - client-E767790727E6->41a0f0c5-dcae-4957-9d84-a3eda92e3b9a: receive RaftClientReply:client-E767790727E6->41a0f0c5-dcae-4957-9d84-a3eda92e3b9a@group-6740F22B7E0F, cid=188, SUCCESS, logIndex=7, commits[41a0f0c5-dcae-4957-9d84-a3eda92e3b9a:c12, 498c441f-a162-496a-a65b-a10e8976a87e:c7, f3be3432-490e-49fc-803e-a9979897b3f3:c7]
2019-08-23 08:55:24,222 | INFO  | DNAudit | user=null | ip=null | op=PUT_BLOCK {blockData=[blockId=conID: 1 locID: 102665454850932750 bcsId: 0,size=400]} | ret=SUCCESS |  
2019-08-23 08:55:24,225 | INFO  | DNAudit | user=null | ip=null | op=WRITE_CHUNK {blockData=conID: 1 locID: 102665454850932750 bcsId: 7} | ret=SUCCESS |  
2019-08-23 08:55:24,227 | INFO  | DNAudit | user=null | ip=null | op=WRITE_CHUNK {blockData=conID: 1 locID: 102665454850932750 bcsId: 7} | ret=SUCCESS |  
2019-08-23 08:55:24,227 | INFO  | DNAudit | user=null | ip=null | op=WRITE_CHUNK {blockData=conID: 1 locID: 102665454850932750 bcsId: 7} | ret=SUCCESS |  
2019-08-23 08:55:24,237 | INFO  | DNAudit | user=null | ip=null | op=WRITE_CHUNK {blockData=conID: 1 locID: 102665454850932750 bcsId: 7} | ret=SUCCESS |  
2019-08-23 08:55:24,238 | INFO  | DNAudit | user=null | ip=null | op=PUT_BLOCK {blockData=[blockId=conID: 1 locID: 102665454850932750 bcsId: 0,size=450]} | ret=SUCCESS |  
2019-08-23 08:55:24,238 [grpc-default-executor-3] INFO  client.GrpcClientProtocolClient (GrpcClientProtocolClient.java:onNext(255)) - client-E767790727E6->41a0f0c5-dcae-4957-9d84-a3eda92e3b9a: receive RaftClientReply:client-E767790727E6->41a0f0c5-dcae-4957-9d84-a3eda92e3b9a@group-6740F22B7E0F, cid=189, SUCCESS, logIndex=13, commits[41a0f0c5-dcae-4957-9d84-a3eda92e3b9a:c14, 498c441f-a162-496a-a65b-a10e8976a87e:c12, f3be3432-490e-49fc-803e-a9979897b3f3:c12]
2019-08-23 08:55:24,240 [grpc-default-executor-3] INFO  client.GrpcClientProtocolClient (GrpcClientProtocolClient.java:onNext(255)) - client-E767790727E6->41a0f0c5-dcae-4957-9d84-a3eda92e3b9a: receive RaftClientReply:client-E767790727E6->41a0f0c5-dcae-4957-9d84-a3eda92e3b9a@group-6740F22B7E0F, cid=190, SUCCESS, logIndex=14, commits[41a0f0c5-dcae-4957-9d84-a3eda92e3b9a:c14, 498c441f-a162-496a-a65b-a10e8976a87e:c12, f3be3432-490e-49fc-803e-a9979897b3f3:c12]
2019-08-23 08:55:24,246 | INFO  | DNAudit | user=null | ip=null | op=WRITE_CHUNK {blockData=conID: 1 locID: 102665454850932750 bcsId: 7} | ret=SUCCESS |  
2019-08-23 08:55:24,247 | INFO  | DNAudit | user=null | ip=null | op=WRITE_CHUNK {blockData=conID: 1 locID: 102665454850932750 bcsId: 7} | ret=SUCCESS |  
2019-08-23 08:55:24,247 | INFO  | DNAudit | user=null | ip=null | op=PUT_BLOCK {blockData=[blockId=conID: 1 locID: 102665454850932750 bcsId: 0,size=450]} | ret=SUCCESS |  
2019-08-23 08:55:24,248 | INFO  | DNAudit | user=null | ip=null | op=PUT_BLOCK {blockData=[blockId=conID: 1 locID: 102665454850932750 bcsId: 0,size=450]} | ret=SUCCESS |  
2019-08-23 08:55:24,253 [grpc-default-executor-3] INFO  client.GrpcClientProtocolClient (GrpcClientProtocolClient.java:onNext(255)) - client-E767790727E6->41a0f0c5-dcae-4957-9d84-a3eda92e3b9a: receive RaftClientReply:client-E767790727E6->41a0f0c5-dcae-4957-9d84-a3eda92e3b9a@group-6740F22B7E0F, cid=191, SUCCESS, logIndex=0, commits[41a0f0c5-dcae-4957-9d84-a3eda92e3b9a:c16, 498c441f-a162-496a-a65b-a10e8976a87e:c14, f3be3432-490e-49fc-803e-a9979897b3f3:c14]
2019-08-23 08:55:24,254 [main] INFO  datanode.ObjectStoreHandler (ObjectStoreHandler.java:close(155)) - Closing ObjectStoreHandler.
2019-08-23 08:55:24,254 [main] INFO  ozone.HddsDatanodeService (HddsDatanodeService.java:stop(451)) - Stopped plug-in org.apache.hadoop.ozone.web.OzoneHddsDatanodeService@136a5572
2019-08-23 08:55:24,300 | INFO  | SCMAudit | user=jenkins1000 | ip=192.168.36.124 | op=SEND_HEARTBEAT {datanodeUUID=a29ade88-09c6-4e36-bef3-0197625c25fd, command=[]} | ret=SUCCESS |  
2019-08-23 08:55:24,508 | INFO  | SCMAudit | user=jenkins1000 | ip=192.168.36.124 | op=SEND_HEARTBEAT {datanodeUUID=cafcd2ac-2701-4bb3-84b5-de2b0f6030b4, command=[]} | ret=SUCCESS |  
2019-08-23 08:55:24,817 | INFO  | SCMAudit | user=jenkins1000 | ip=192.168.36.124 | op=SEND_HEARTBEAT {datanodeUUID=6fb3350c-4c0c-4ad1-9d97-675c347d9711, command=[]} | ret=SUCCESS |  
2019-08-23 08:55:24,918 [Datanode State Machine Thread - 0] INFO  statemachine.DatanodeStateMachine (DatanodeStateMachine.java:lambda$startDaemon$0(350)) - Ozone container server started.
2019-08-23 08:55:24,935 | INFO  | SCMAudit | user=jenkins1000 | ip=192.168.36.124 | op=SEND_HEARTBEAT {datanodeUUID=498c441f-a162-496a-a65b-a10e8976a87e, command=[]} | ret=SUCCESS |  
2019-08-23 08:55:24,952 | INFO  | SCMAudit | user=jenkins1000 | ip=192.168.36.124 | op=SEND_HEARTBEAT {datanodeUUID=f3be3432-490e-49fc-803e-a9979897b3f3, command=[]} | ret=SUCCESS |  
2019-08-23 08:55:25,056 | INFO  | SCMAudit | user=jenkins1000 | ip=192.168.36.124 | op=SEND_HEARTBEAT {datanodeUUID=48bcaf38-66ae-48c7-856d-3b6092bb7fbf, command=[]} | ret=SUCCESS |  
2019-08-23 08:55:25,301 | INFO  | SCMAudit | user=jenkins1000 | ip=192.168.36.124 | op=SEND_HEARTBEAT {datanodeUUID=a29ade88-09c6-4e36-bef3-0197625c25fd, command=[]} | ret=SUCCESS |  
2019-08-23 08:55:25,509 | INFO  | SCMAudit | user=jenkins1000 | ip=192.168.36.124 | op=SEND_HEARTBEAT {datanodeUUID=cafcd2ac-2701-4bb3-84b5-de2b0f6030b4, command=[]} | ret=SUCCESS |  
2019-08-23 08:55:25,818 | INFO  | SCMAudit | user=jenkins1000 | ip=192.168.36.124 | op=SEND_HEARTBEAT {datanodeUUID=6fb3350c-4c0c-4ad1-9d97-675c347d9711, command=[]} | ret=SUCCESS |  
2019-08-23 08:55:25,935 | INFO  | SCMAudit | user=jenkins1000 | ip=192.168.36.124 | op=SEND_HEARTBEAT {datanodeUUID=498c441f-a162-496a-a65b-a10e8976a87e, command=[]} | ret=SUCCESS |  
2019-08-23 08:55:25,951 | INFO  | SCMAudit | user=jenkins1000 | ip=192.168.36.124 | op=SEND_HEARTBEAT {datanodeUUID=f3be3432-490e-49fc-803e-a9979897b3f3, command=[]} | ret=SUCCESS |  
2019-08-23 08:55:26,055 | INFO  | SCMAudit | user=jenkins1000 | ip=192.168.36.124 | op=SEND_HEARTBEAT {datanodeUUID=48bcaf38-66ae-48c7-856d-3b6092bb7fbf, command=[]} | ret=SUCCESS |  
2019-08-23 08:55:26,300 | INFO  | SCMAudit | user=jenkins1000 | ip=192.168.36.124 | op=SEND_HEARTBEAT {datanodeUUID=a29ade88-09c6-4e36-bef3-0197625c25fd, command=[]} | ret=SUCCESS |  
2019-08-23 08:55:26,509 | INFO  | SCMAudit | user=jenkins1000 | ip=192.168.36.124 | op=SEND_HEARTBEAT {datanodeUUID=cafcd2ac-2701-4bb3-84b5-de2b0f6030b4, command=[]} | ret=SUCCESS |  
2019-08-23 08:55:26,818 | INFO  | SCMAudit | user=jenkins1000 | ip=192.168.36.124 | op=SEND_HEARTBEAT {datanodeUUID=6fb3350c-4c0c-4ad1-9d97-675c347d9711, command=[]} | ret=SUCCESS |  
2019-08-23 08:55:26,934 | INFO  | SCMAudit | user=jenkins1000 | ip=192.168.36.124 | op=SEND_HEARTBEAT {datanodeUUID=498c441f-a162-496a-a65b-a10e8976a87e, command=[]} | ret=SUCCESS |  
2019-08-23 08:55:26,951 | INFO  | SCMAudit | user=jenkins1000 | ip=192.168.36.124 | op=SEND_HEARTBEAT {datanodeUUID=f3be3432-490e-49fc-803e-a9979897b3f3, command=[]} | ret=SUCCESS |  
2019-08-23 08:55:27,055 | INFO  | SCMAudit | user=jenkins1000 | ip=192.168.36.124 | op=SEND_HEARTBEAT {datanodeUUID=48bcaf38-66ae-48c7-856d-3b6092bb7fbf, command=[]} | ret=SUCCESS |  
2019-08-23 08:55:27,301 | INFO  | SCMAudit | user=jenkins1000 | ip=192.168.36.124 | op=SEND_HEARTBEAT {datanodeUUID=a29ade88-09c6-4e36-bef3-0197625c25fd, command=[]} | ret=SUCCESS |  
2019-08-23 08:55:27,509 | INFO  | SCMAudit | user=jenkins1000 | ip=192.168.36.124 | op=SEND_HEARTBEAT {datanodeUUID=cafcd2ac-2701-4bb3-84b5-de2b0f6030b4, command=[]} | ret=SUCCESS |  
2019-08-23 08:55:27,817 | INFO  | SCMAudit | user=jenkins1000 | ip=192.168.36.124 | op=SEND_HEARTBEAT {datanodeUUID=6fb3350c-4c0c-4ad1-9d97-675c347d9711, command=[]} | ret=SUCCESS |  
2019-08-23 08:55:27,935 | INFO  | SCMAudit | user=jenkins1000 | ip=192.168.36.124 | op=SEND_HEARTBEAT {datanodeUUID=498c441f-a162-496a-a65b-a10e8976a87e, command=[]} | ret=SUCCESS |  
2019-08-23 08:55:27,952 | INFO  | SCMAudit | user=jenkins1000 | ip=192.168.36.124 | op=SEND_HEARTBEAT {datanodeUUID=f3be3432-490e-49fc-803e-a9979897b3f3, command=[]} | ret=SUCCESS |  
2019-08-23 08:55:28,056 | INFO  | SCMAudit | user=jenkins1000 | ip=192.168.36.124 | op=SEND_HEARTBEAT {datanodeUUID=48bcaf38-66ae-48c7-856d-3b6092bb7fbf, command=[]} | ret=SUCCESS |  
2019-08-23 08:55:28,301 | INFO  | SCMAudit | user=jenkins1000 | ip=192.168.36.124 | op=SEND_HEARTBEAT {datanodeUUID=a29ade88-09c6-4e36-bef3-0197625c25fd, command=[]} | ret=SUCCESS |  
2019-08-23 08:55:28,509 | INFO  | SCMAudit | user=jenkins1000 | ip=192.168.36.124 | op=SEND_HEARTBEAT {datanodeUUID=cafcd2ac-2701-4bb3-84b5-de2b0f6030b4, command=[]} | ret=SUCCESS |  
2019-08-23 08:55:28,818 | INFO  | SCMAudit | user=jenkins1000 | ip=192.168.36.124 | op=SEND_HEARTBEAT {datanodeUUID=6fb3350c-4c0c-4ad1-9d97-675c347d9711, command=[]} | ret=SUCCESS |  
2019-08-23 08:55:28,927 [EventQueue-StaleNodeForStaleNodeHandler] INFO  node.StaleNodeHandler (StaleNodeHandler.java:onMessage(58)) - Datanode 41a0f0c5-dcae-4957-9d84-a3eda92e3b9a{ip: 192.168.36.124, host: pr-hdds-2022-djmxw-136905289, networkLocation: /default-rack, certSerialId: null} moved to stale state. Finalizing its pipelines [PipelineID=46086aa2-df86-4cd6-be8d-6740f22b7e0f, PipelineID=138c7a05-9fad-4d2f-b95c-485536a9bbbf]
2019-08-23 08:55:28,927 [EventQueue-StaleNodeForStaleNodeHandler] INFO  pipeline.SCMPipelineManager (SCMPipelineManager.java:finalizeAndDestroyPipeline(309)) - destroying pipeline:Pipeline[ Id: 46086aa2-df86-4cd6-be8d-6740f22b7e0f, Nodes: 41a0f0c5-dcae-4957-9d84-a3eda92e3b9a{ip: 192.168.36.124, host: pr-hdds-2022-djmxw-136905289, networkLocation: /default-rack, certSerialId: null}f3be3432-490e-49fc-803e-a9979897b3f3{ip: 192.168.36.124, host: pr-hdds-2022-djmxw-136905289, networkLocation: /default-rack, certSerialId: null}498c441f-a162-496a-a65b-a10e8976a87e{ip: 192.168.36.124, host: pr-hdds-2022-djmxw-136905289, networkLocation: /default-rack, certSerialId: null}, Type:RATIS, Factor:THREE, State:OPEN]
2019-08-23 08:55:28,927 [EventQueue-StaleNodeForStaleNodeHandler] INFO  pipeline.PipelineStateManager (PipelineStateManager.java:finalizePipeline(123)) - Pipeline Pipeline[ Id: 46086aa2-df86-4cd6-be8d-6740f22b7e0f, Nodes: 41a0f0c5-dcae-4957-9d84-a3eda92e3b9a{ip: 192.168.36.124, host: pr-hdds-2022-djmxw-136905289, networkLocation: /default-rack, certSerialId: null}f3be3432-490e-49fc-803e-a9979897b3f3{ip: 192.168.36.124, host: pr-hdds-2022-djmxw-136905289, networkLocation: /default-rack, certSerialId: null}498c441f-a162-496a-a65b-a10e8976a87e{ip: 192.168.36.124, host: pr-hdds-2022-djmxw-136905289, networkLocation: /default-rack, certSerialId: null}, Type:RATIS, Factor:THREE, State:CLOSED] moved to CLOSED state
2019-08-23 08:55:28,928 [EventQueue-StaleNodeForStaleNodeHandler] INFO  pipeline.SCMPipelineManager (SCMPipelineManager.java:finalizeAndDestroyPipeline(309)) - destroying pipeline:Pipeline[ Id: 138c7a05-9fad-4d2f-b95c-485536a9bbbf, Nodes: 41a0f0c5-dcae-4957-9d84-a3eda92e3b9a{ip: 192.168.36.124, host: pr-hdds-2022-djmxw-136905289, networkLocation: /default-rack, certSerialId: null}, Type:RATIS, Factor:ONE, State:OPEN]
2019-08-23 08:55:28,928 [EventQueue-CloseContainerForCloseContainerEventHandler] INFO  container.CloseContainerEventHandler (CloseContainerEventHandler.java:onMessage(61)) - Close container Event triggered for container : #1
2019-08-23 08:55:28,928 [EventQueue-StaleNodeForStaleNodeHandler] INFO  pipeline.PipelineStateManager (PipelineStateManager.java:finalizePipeline(123)) - Pipeline Pipeline[ Id: 138c7a05-9fad-4d2f-b95c-485536a9bbbf, Nodes: 41a0f0c5-dcae-4957-9d84-a3eda92e3b9a{ip: 192.168.36.124, host: pr-hdds-2022-djmxw-136905289, networkLocation: /default-rack, certSerialId: null}, Type:RATIS, Factor:ONE, State:CLOSED] moved to CLOSED state
2019-08-23 08:55:28,936 | INFO  | SCMAudit | user=jenkins1000 | ip=192.168.36.124 | op=SEND_HEARTBEAT {datanodeUUID=498c441f-a162-496a-a65b-a10e8976a87e, command=[commandType: closeContainerCommand closeContainerCommandProto { containerID: 1 pipelineID { id: "46086aa2-df86-4cd6-be8d-6740f22b7e0f" } cmdId: 1 force: false } ]} | ret=SUCCESS |  
2019-08-23 08:55:28,952 | INFO  | SCMAudit | user=jenkins1000 | ip=192.168.36.124 | op=SEND_HEARTBEAT {datanodeUUID=f3be3432-490e-49fc-803e-a9979897b3f3, command=[commandType: closeContainerCommand closeContainerCommandProto { containerID: 1 pipelineID { id: "46086aa2-df86-4cd6-be8d-6740f22b7e0f" } cmdId: 1 force: false } ]} | ret=SUCCESS |  
2019-08-23 08:55:29,056 | INFO  | SCMAudit | user=jenkins1000 | ip=192.168.36.124 | op=SEND_HEARTBEAT {datanodeUUID=48bcaf38-66ae-48c7-856d-3b6092bb7fbf, command=[]} | ret=SUCCESS |  
2019-08-23 08:55:29,255 [main] INFO  ozoneimpl.OzoneContainer (OzoneContainer.java:stop(199)) - Attempting to stop container services.
2019-08-23 08:55:29,256 [main] INFO  impl.RaftServerProxy (RaftServerProxy.java:lambda$close$4(314)) - 41a0f0c5-dcae-4957-9d84-a3eda92e3b9a: close
2019-08-23 08:55:29,257 [main] INFO  impl.RaftServerImpl (RaftServerImpl.java:lambda$shutdown$3(245)) - 41a0f0c5-dcae-4957-9d84-a3eda92e3b9a: shutdown group-6740F22B7E0F
2019-08-23 08:55:29,257 [main] INFO  util.JmxRegister (JmxRegister.java:unregister(73)) - Successfully un-registered JMX Bean with object name Ratis:service=RaftServer,group=group-6740F22B7E0F,id=41a0f0c5-dcae-4957-9d84-a3eda92e3b9a
2019-08-23 08:55:29,258 [main] INFO  impl.RoleInfo (RoleInfo.java:shutdownLeaderState(104)) - 41a0f0c5-dcae-4957-9d84-a3eda92e3b9a: shutdown LeaderState
2019-08-23 08:55:29,262 [org.apache.ratis.server.impl.LogAppender$AppenderDaemon$$Lambda$503/1153491327@35f90407] WARN  server.GrpcLogAppender (GrpcLogAppender.java:mayWait(143)) - GrpcLogAppender(41a0f0c5-dcae-4957-9d84-a3eda92e3b9a->498c441f-a162-496a-a65b-a10e8976a87e): Wait interrupted by java.lang.InterruptedException
2019-08-23 08:55:29,263 [org.apache.ratis.server.impl.LogAppender$AppenderDaemon$$Lambda$503/1153491327@70fb9cdc] WARN  server.GrpcLogAppender (GrpcLogAppender.java:mayWait(143)) - GrpcLogAppender(41a0f0c5-dcae-4957-9d84-a3eda92e3b9a->f3be3432-490e-49fc-803e-a9979897b3f3): Wait interrupted by java.lang.InterruptedException
2019-08-23 08:55:29,263 [main] INFO  impl.PendingRequests (PendingRequests.java:sendNotLeaderResponses(202)) - 41a0f0c5-dcae-4957-9d84-a3eda92e3b9a-PendingRequests: sendNotLeaderResponses
2019-08-23 08:55:29,263 [grpc-default-executor-9] INFO  server.GrpcServerProtocolService (GrpcServerProtocolService.java:onCompleted(104)) - 498c441f-a162-496a-a65b-a10e8976a87e: appendEntries completed
2019-08-23 08:55:29,263 [grpc-default-executor-3] INFO  server.GrpcServerProtocolService (GrpcServerProtocolService.java:onCompleted(104)) - f3be3432-490e-49fc-803e-a9979897b3f3: appendEntries completed
2019-08-23 08:55:29,269 [main] INFO  impl.StateMachineUpdater (StateMachineUpdater.java:stopAndJoin(115)) - StateMachineUpdater:41a0f0c5-dcae-4957-9d84-a3eda92e3b9a:group-6740F22B7E0F: set stopIndex = 16
2019-08-23 08:55:29,269 [StateMachineUpdater:41a0f0c5-dcae-4957-9d84-a3eda92e3b9a:group-6740F22B7E0F] INFO  ratis.ContainerStateMachine (ContainerStateMachine.java:takeSnapshot(283)) - group-6740F22B7E0F: Taking a snapshot at:(t:1, i:14) file /workdir/hadoop-ozone/integration-test/target/test-dir/MiniOzoneClusterImpl-d13b65ac-93ce-4a90-95b1-b7730ece3208/datanode-0/data/ratis/46086aa2-df86-4cd6-be8d-6740f22b7e0f/sm/snapshot.1_14
2019-08-23 08:55:29,270 [grpc-default-executor-1] INFO  server.GrpcLogAppender (GrpcLogAppender.java:onCompleted(292)) - 41a0f0c5-dcae-4957-9d84-a3eda92e3b9a->498c441f-a162-496a-a65b-a10e8976a87e: follower responses appendEntries COMPLETED
2019-08-23 08:55:29,270 [grpc-default-executor-9] INFO  server.GrpcLogAppender (GrpcLogAppender.java:onCompleted(292)) - 41a0f0c5-dcae-4957-9d84-a3eda92e3b9a->f3be3432-490e-49fc-803e-a9979897b3f3: follower responses appendEntries COMPLETED
2019-08-23 08:55:29,270 [grpc-default-executor-1] INFO  impl.FollowerInfo (FollowerInfo.java:lambda$new$0(50)) - 41a0f0c5-dcae-4957-9d84-a3eda92e3b9a->498c441f-a162-496a-a65b-a10e8976a87e: nextIndex: updateUnconditionally 17 -> 16
2019-08-23 08:55:29,270 [grpc-default-executor-9] INFO  impl.FollowerInfo (FollowerInfo.java:lambda$new$0(50)) - 41a0f0c5-dcae-4957-9d84-a3eda92e3b9a->f3be3432-490e-49fc-803e-a9979897b3f3: nextIndex: updateUnconditionally 17 -> 16
2019-08-23 08:55:29,295 [StateMachineUpdater:41a0f0c5-dcae-4957-9d84-a3eda92e3b9a:group-6740F22B7E0F] INFO  ratis.ContainerStateMachine (ContainerStateMachine.java:takeSnapshot(294)) - group-6740F22B7E0F: Finished taking a snapshot at:(t:1, i:14) file:/workdir/hadoop-ozone/integration-test/target/test-dir/MiniOzoneClusterImpl-d13b65ac-93ce-4a90-95b1-b7730ece3208/datanode-0/data/ratis/46086aa2-df86-4cd6-be8d-6740f22b7e0f/sm/snapshot.1_14 time:26
2019-08-23 08:55:29,295 [StateMachineUpdater:41a0f0c5-dcae-4957-9d84-a3eda92e3b9a:group-6740F22B7E0F] INFO  impl.StateMachineUpdater (StateMachineUpdater.java:takeSnapshot(242)) - StateMachineUpdater:41a0f0c5-dcae-4957-9d84-a3eda92e3b9a:group-6740F22B7E0F: Took a snapshot at index 14
2019-08-23 08:55:29,295 [StateMachineUpdater:41a0f0c5-dcae-4957-9d84-a3eda92e3b9a:group-6740F22B7E0F] INFO  impl.StateMachineUpdater (StateMachineUpdater.java:lambda$new$0(80)) - StateMachineUpdater:41a0f0c5-dcae-4957-9d84-a3eda92e3b9a:group-6740F22B7E0F: snapshotIndex: updateIncreasingly -1 -> 14
2019-08-23 08:55:29,296 [main] INFO  impl.RaftServerImpl (ServerState.java:close(394)) - 41a0f0c5-dcae-4957-9d84-a3eda92e3b9a:group-6740F22B7E0F closes. The last applied log index is 16
2019-08-23 08:55:29,297 [41a0f0c5-dcae-4957-9d84-a3eda92e3b9a-SegmentedRaftLogWorker:Storage Directory /workdir/hadoop-ozone/integration-test/target/test-dir/MiniOzoneClusterImpl-d13b65ac-93ce-4a90-95b1-b7730ece3208/datanode-0/data/ratis/46086aa2-df86-4cd6-be8d-6740f22b7e0f] INFO  segmented.SegmentedRaftLogWorker (SegmentedRaftLogWorker.java:run(313)) - 41a0f0c5-dcae-4957-9d84-a3eda92e3b9a-SegmentedRaftLogWorker:Storage Directory /workdir/hadoop-ozone/integration-test/target/test-dir/MiniOzoneClusterImpl-d13b65ac-93ce-4a90-95b1-b7730ece3208/datanode-0/data/ratis/46086aa2-df86-4cd6-be8d-6740f22b7e0f was interrupted, exiting. There are 0 tasks remaining in the queue.
2019-08-23 08:55:29,300 [main] INFO  segmented.SegmentedRaftLogWorker (SegmentedRaftLogWorker.java:close(228)) - 41a0f0c5-dcae-4957-9d84-a3eda92e3b9a-SegmentedRaftLogWorker:Storage Directory /workdir/hadoop-ozone/integration-test/target/test-dir/MiniOzoneClusterImpl-d13b65ac-93ce-4a90-95b1-b7730ece3208/datanode-0/data/ratis/46086aa2-df86-4cd6-be8d-6740f22b7e0f close()
2019-08-23 08:55:29,304 [main] INFO  impl.RaftServerImpl (RaftServerImpl.java:lambda$shutdown$3(245)) - 41a0f0c5-dcae-4957-9d84-a3eda92e3b9a: shutdown group-485536A9BBBF
2019-08-23 08:55:29,304 [main] INFO  util.JmxRegister (JmxRegister.java:unregister(73)) - Successfully un-registered JMX Bean with object name Ratis:service=RaftServer,group=group-485536A9BBBF,id=41a0f0c5-dcae-4957-9d84-a3eda92e3b9a
2019-08-23 08:55:29,305 | INFO  | SCMAudit | user=jenkins1000 | ip=192.168.36.124 | op=SEND_HEARTBEAT {datanodeUUID=a29ade88-09c6-4e36-bef3-0197625c25fd, command=[]} | ret=SUCCESS |  
2019-08-23 08:55:29,305 [main] INFO  impl.RoleInfo (RoleInfo.java:shutdownLeaderState(104)) - 41a0f0c5-dcae-4957-9d84-a3eda92e3b9a: shutdown LeaderState
2019-08-23 08:55:29,305 [main] INFO  impl.PendingRequests (PendingRequests.java:sendNotLeaderResponses(202)) - 41a0f0c5-dcae-4957-9d84-a3eda92e3b9a-PendingRequests: sendNotLeaderResponses
2019-08-23 08:55:29,305 [main] INFO  impl.StateMachineUpdater (StateMachineUpdater.java:stopAndJoin(115)) - StateMachineUpdater:41a0f0c5-dcae-4957-9d84-a3eda92e3b9a:group-485536A9BBBF: set stopIndex = 0
2019-08-23 08:55:29,306 [main] INFO  impl.RaftServerImpl (ServerState.java:close(394)) - 41a0f0c5-dcae-4957-9d84-a3eda92e3b9a:group-485536A9BBBF closes. The last applied log index is 0
2019-08-23 08:55:29,306 [41a0f0c5-dcae-4957-9d84-a3eda92e3b9a-SegmentedRaftLogWorker:Storage Directory /workdir/hadoop-ozone/integration-test/target/test-dir/MiniOzoneClusterImpl-d13b65ac-93ce-4a90-95b1-b7730ece3208/datanode-0/data/ratis/138c7a05-9fad-4d2f-b95c-485536a9bbbf] INFO  segmented.SegmentedRaftLogWorker (SegmentedRaftLogWorker.java:run(313)) - 41a0f0c5-dcae-4957-9d84-a3eda92e3b9a-SegmentedRaftLogWorker:Storage Directory /workdir/hadoop-ozone/integration-test/target/test-dir/MiniOzoneClusterImpl-d13b65ac-93ce-4a90-95b1-b7730ece3208/datanode-0/data/ratis/138c7a05-9fad-4d2f-b95c-485536a9bbbf was interrupted, exiting. There are 0 tasks remaining in the queue.
2019-08-23 08:55:29,308 [main] INFO  segmented.SegmentedRaftLogWorker (SegmentedRaftLogWorker.java:close(228)) - 41a0f0c5-dcae-4957-9d84-a3eda92e3b9a-SegmentedRaftLogWorker:Storage Directory /workdir/hadoop-ozone/integration-test/target/test-dir/MiniOzoneClusterImpl-d13b65ac-93ce-4a90-95b1-b7730ece3208/datanode-0/data/ratis/138c7a05-9fad-4d2f-b95c-485536a9bbbf close()
2019-08-23 08:55:29,312 [main] INFO  server.GrpcService (GrpcService.java:closeImpl(155)) - 41a0f0c5-dcae-4957-9d84-a3eda92e3b9a: shutdown server with port 41266 now
2019-08-23 08:55:29,313 [grpc-default-executor-1] WARN  client.GrpcClientProtocolService (LogUtils.java:warn(134)) - 2-UnorderedRequestStreamObserver2: onError: org.apache.ratis.thirdparty.io.grpc.StatusRuntimeException: CANCELLED: cancelled before receiving half close
2019-08-23 08:55:29,313 [main] INFO  server.GrpcService (GrpcService.java:closeImpl(163)) - 41a0f0c5-dcae-4957-9d84-a3eda92e3b9a: shutdown server with port 41266 successfully
2019-08-23 08:55:29,315 [main] INFO  utils.BackgroundService (BackgroundService.java:shutdown(148)) - Shutting down service BlockDeletingService
2019-08-23 08:55:29,319 [refreshUsed-/workdir/hadoop-ozone/integration-test/target/test-dir/MiniOzoneClusterImpl-d13b65ac-93ce-4a90-95b1-b7730ece3208/datanode-0/data/containers] WARN  fs.CachingGetSpaceUsed (CachingGetSpaceUsed.java:run(183)) - Thread Interrupted waiting to refresh disk information: sleep interrupted
2019-08-23 08:55:29,339 [main] INFO  statemachine.DatanodeStateMachine (DatanodeStateMachine.java:stopDaemon(395)) - Ozone container server stopped.
2019-08-23 08:55:29,340 [main] INFO  handler.ContextHandler (ContextHandler.java:doStop(910)) - Stopped o.e.j.w.WebAppContext@2c555efb{/,null,UNAVAILABLE}{/hddsDatanode}
2019-08-23 08:55:29,340 [main] INFO  server.AbstractConnector (AbstractConnector.java:doStop(318)) - Stopped ServerConnector@17796f47{HTTP/1.1,[http/1.1]}{0.0.0.0:0}
2019-08-23 08:55:29,341 [main] INFO  handler.ContextHandler (ContextHandler.java:doStop(910)) - Stopped o.e.j.s.ServletContextHandler@12e8ea81{/static,jar:file:/home/user/.m2/repository/org/apache/hadoop/hadoop-hdds-container-service/0.5.0-SNAPSHOT/hadoop-hdds-container-service-0.5.0-SNAPSHOT.jar!/webapps/static,UNAVAILABLE}
2019-08-23 08:55:29,341 [main] INFO  handler.ContextHandler (ContextHandler.java:doStop(910)) - Stopped o.e.j.s.ServletContextHandler@639c5ab4{/logs,file:///workdir/hadoop-ozone/integration-test/target/log,UNAVAILABLE}
2019-08-23 08:55:29,510 | INFO  | SCMAudit | user=jenkins1000 | ip=192.168.36.124 | op=SEND_HEARTBEAT {datanodeUUID=cafcd2ac-2701-4bb3-84b5-de2b0f6030b4, command=[]} | ret=SUCCESS |  
2019-08-23 08:55:29,818 | INFO  | SCMAudit | user=jenkins1000 | ip=192.168.36.124 | op=SEND_HEARTBEAT {datanodeUUID=6fb3350c-4c0c-4ad1-9d97-675c347d9711, command=[]} | ret=SUCCESS |  
2019-08-23 08:55:29,936 | INFO  | SCMAudit | user=jenkins1000 | ip=192.168.36.124 | op=SEND_HEARTBEAT {datanodeUUID=498c441f-a162-496a-a65b-a10e8976a87e, command=[]} | ret=SUCCESS |  
2019-08-23 08:55:29,952 | INFO  | SCMAudit | user=jenkins1000 | ip=192.168.36.124 | op=SEND_HEARTBEAT {datanodeUUID=f3be3432-490e-49fc-803e-a9979897b3f3, command=[]} | ret=SUCCESS |  
2019-08-23 08:55:29,961 | INFO  | SCMAudit | user=jenkins1000 | ip=192.168.36.124 | op=SEND_HEARTBEAT {datanodeUUID=498c441f-a162-496a-a65b-a10e8976a87e, command=[]} | ret=SUCCESS |  
2019-08-23 08:55:29,985 | INFO  | SCMAudit | user=jenkins1000 | ip=192.168.36.124 | op=SEND_HEARTBEAT {datanodeUUID=f3be3432-490e-49fc-803e-a9979897b3f3, command=[]} | ret=SUCCESS |  
2019-08-23 08:55:30,056 | INFO  | SCMAudit | user=jenkins1000 | ip=192.168.36.124 | op=SEND_HEARTBEAT {datanodeUUID=48bcaf38-66ae-48c7-856d-3b6092bb7fbf, command=[]} | ret=SUCCESS |  
2019-08-23 08:55:30,305 | INFO  | SCMAudit | user=jenkins1000 | ip=192.168.36.124 | op=SEND_HEARTBEAT {datanodeUUID=a29ade88-09c6-4e36-bef3-0197625c25fd, command=[]} | ret=SUCCESS |  
2019-08-23 08:55:30,509 | INFO  | SCMAudit | user=jenkins1000 | ip=192.168.36.124 | op=SEND_HEARTBEAT {datanodeUUID=cafcd2ac-2701-4bb3-84b5-de2b0f6030b4, command=[]} | ret=SUCCESS |  
2019-08-23 08:55:30,817 | INFO  | SCMAudit | user=jenkins1000 | ip=192.168.36.124 | op=SEND_HEARTBEAT {datanodeUUID=6fb3350c-4c0c-4ad1-9d97-675c347d9711, command=[]} | ret=SUCCESS |  
2019-08-23 08:55:30,961 | INFO  | SCMAudit | user=jenkins1000 | ip=192.168.36.124 | op=SEND_HEARTBEAT {datanodeUUID=498c441f-a162-496a-a65b-a10e8976a87e, command=[]} | ret=SUCCESS |  
2019-08-23 08:55:30,985 | INFO  | SCMAudit | user=jenkins1000 | ip=192.168.36.124 | op=SEND_HEARTBEAT {datanodeUUID=f3be3432-490e-49fc-803e-a9979897b3f3, command=[]} | ret=SUCCESS |  
2019-08-23 08:55:31,056 | INFO  | SCMAudit | user=jenkins1000 | ip=192.168.36.124 | op=SEND_HEARTBEAT {datanodeUUID=48bcaf38-66ae-48c7-856d-3b6092bb7fbf, command=[]} | ret=SUCCESS |  
2019-08-23 08:55:31,304 | INFO  | SCMAudit | user=jenkins1000 | ip=192.168.36.124 | op=SEND_HEARTBEAT {datanodeUUID=a29ade88-09c6-4e36-bef3-0197625c25fd, command=[]} | ret=SUCCESS |  
2019-08-23 08:55:31,354 [grpc-default-executor-1] INFO  client.GrpcClientProtocolClient (GrpcClientProtocolClient.java:onNext(255)) - client-E767790727E6->f3be3432-490e-49fc-803e-a9979897b3f3: receive RaftClientReply:client-E767790727E6->f3be3432-490e-49fc-803e-a9979897b3f3@group-6740F22B7E0F, cid=192, FAILED org.apache.ratis.protocol.NotLeaderException: Server f3be3432-490e-49fc-803e-a9979897b3f3 is not the leader (41a0f0c5-dcae-4957-9d84-a3eda92e3b9a:192.168.36.124:41266). Request must be sent to leader., logIndex=0, commits[f3be3432-490e-49fc-803e-a9979897b3f3:c16, 498c441f-a162-496a-a65b-a10e8976a87e:c16, 41a0f0c5-dcae-4957-9d84-a3eda92e3b9a:c16]
2019-08-23 08:55:31,510 | INFO  | SCMAudit | user=jenkins1000 | ip=192.168.36.124 | op=SEND_HEARTBEAT {datanodeUUID=cafcd2ac-2701-4bb3-84b5-de2b0f6030b4, command=[]} | ret=SUCCESS |  
2019-08-23 08:55:31,817 | INFO  | SCMAudit | user=jenkins1000 | ip=192.168.36.124 | op=SEND_HEARTBEAT {datanodeUUID=6fb3350c-4c0c-4ad1-9d97-675c347d9711, command=[]} | ret=SUCCESS |  
2019-08-23 08:55:31,962 | INFO  | SCMAudit | user=jenkins1000 | ip=192.168.36.124 | op=SEND_HEARTBEAT {datanodeUUID=498c441f-a162-496a-a65b-a10e8976a87e, command=[]} | ret=SUCCESS |  
2019-08-23 08:55:31,985 | INFO  | SCMAudit | user=jenkins1000 | ip=192.168.36.124 | op=SEND_HEARTBEAT {datanodeUUID=f3be3432-490e-49fc-803e-a9979897b3f3, command=[]} | ret=SUCCESS |  
2019-08-23 08:55:32,057 | INFO  | SCMAudit | user=jenkins1000 | ip=192.168.36.124 | op=SEND_HEARTBEAT {datanodeUUID=48bcaf38-66ae-48c7-856d-3b6092bb7fbf, command=[]} | ret=SUCCESS |  
2019-08-23 08:55:32,305 | INFO  | SCMAudit | user=jenkins1000 | ip=192.168.36.124 | op=SEND_HEARTBEAT {datanodeUUID=a29ade88-09c6-4e36-bef3-0197625c25fd, command=[]} | ret=SUCCESS |  
2019-08-23 08:55:32,367 [grpc-default-executor-9] INFO  client.GrpcClientProtocolClient (GrpcClientProtocolClient.java:onNext(255)) - client-E767790727E6->f3be3432-490e-49fc-803e-a9979897b3f3: receive RaftClientReply:client-E767790727E6->f3be3432-490e-49fc-803e-a9979897b3f3@group-6740F22B7E0F, cid=192, FAILED org.apache.ratis.protocol.NotLeaderException: Server f3be3432-490e-49fc-803e-a9979897b3f3 is not the leader (41a0f0c5-dcae-4957-9d84-a3eda92e3b9a:192.168.36.124:41266). Request must be sent to leader., logIndex=0, commits[f3be3432-490e-49fc-803e-a9979897b3f3:c16, 498c441f-a162-496a-a65b-a10e8976a87e:c16, 41a0f0c5-dcae-4957-9d84-a3eda92e3b9a:c16]
2019-08-23 08:55:32,510 | INFO  | SCMAudit | user=jenkins1000 | ip=192.168.36.124 | op=SEND_HEARTBEAT {datanodeUUID=cafcd2ac-2701-4bb3-84b5-de2b0f6030b4, command=[]} | ret=SUCCESS |  
2019-08-23 08:55:32,818 | INFO  | SCMAudit | user=jenkins1000 | ip=192.168.36.124 | op=SEND_HEARTBEAT {datanodeUUID=6fb3350c-4c0c-4ad1-9d97-675c347d9711, command=[]} | ret=SUCCESS |  
2019-08-23 08:55:32,962 | INFO  | SCMAudit | user=jenkins1000 | ip=192.168.36.124 | op=SEND_HEARTBEAT {datanodeUUID=498c441f-a162-496a-a65b-a10e8976a87e, command=[]} | ret=SUCCESS |  
2019-08-23 08:55:32,985 | INFO  | SCMAudit | user=jenkins1000 | ip=192.168.36.124 | op=SEND_HEARTBEAT {datanodeUUID=f3be3432-490e-49fc-803e-a9979897b3f3, command=[]} | ret=SUCCESS |  
2019-08-23 08:55:33,057 | INFO  | SCMAudit | user=jenkins1000 | ip=192.168.36.124 | op=SEND_HEARTBEAT {datanodeUUID=48bcaf38-66ae-48c7-856d-3b6092bb7fbf, command=[]} | ret=SUCCESS |  
2019-08-23 08:55:33,304 | INFO  | SCMAudit | user=jenkins1000 | ip=192.168.36.124 | op=SEND_HEARTBEAT {datanodeUUID=a29ade88-09c6-4e36-bef3-0197625c25fd, command=[]} | ret=SUCCESS |  
2019-08-23 08:55:33,383 [grpc-default-executor-1] INFO  client.GrpcClientProtocolClient (GrpcClientProtocolClient.java:onNext(255)) - client-E767790727E6->498c441f-a162-496a-a65b-a10e8976a87e: receive RaftClientReply:client-E767790727E6->498c441f-a162-496a-a65b-a10e8976a87e@group-6740F22B7E0F, cid=192, FAILED org.apache.ratis.protocol.NotLeaderException: Server 498c441f-a162-496a-a65b-a10e8976a87e is not the leader (41a0f0c5-dcae-4957-9d84-a3eda92e3b9a:192.168.36.124:41266). Request must be sent to leader., logIndex=0, commits[498c441f-a162-496a-a65b-a10e8976a87e:c16, f3be3432-490e-49fc-803e-a9979897b3f3:c16, 41a0f0c5-dcae-4957-9d84-a3eda92e3b9a:c16]
2019-08-23 08:55:33,511 | INFO  | SCMAudit | user=jenkins1000 | ip=192.168.36.124 | op=SEND_HEARTBEAT {datanodeUUID=cafcd2ac-2701-4bb3-84b5-de2b0f6030b4, command=[]} | ret=SUCCESS |  
2019-08-23 08:55:33,818 | INFO  | SCMAudit | user=jenkins1000 | ip=192.168.36.124 | op=SEND_HEARTBEAT {datanodeUUID=6fb3350c-4c0c-4ad1-9d97-675c347d9711, command=[]} | ret=SUCCESS |  
2019-08-23 08:55:33,961 | INFO  | SCMAudit | user=jenkins1000 | ip=192.168.36.124 | op=SEND_HEARTBEAT {datanodeUUID=498c441f-a162-496a-a65b-a10e8976a87e, command=[]} | ret=SUCCESS |  
2019-08-23 08:55:33,985 | INFO  | SCMAudit | user=jenkins1000 | ip=192.168.36.124 | op=SEND_HEARTBEAT {datanodeUUID=f3be3432-490e-49fc-803e-a9979897b3f3, command=[]} | ret=SUCCESS |  
2019-08-23 08:55:34,057 | INFO  | SCMAudit | user=jenkins1000 | ip=192.168.36.124 | op=SEND_HEARTBEAT {datanodeUUID=48bcaf38-66ae-48c7-856d-3b6092bb7fbf, command=[]} | ret=SUCCESS |  
2019-08-23 08:55:34,304 | INFO  | SCMAudit | user=jenkins1000 | ip=192.168.36.124 | op=SEND_HEARTBEAT {datanodeUUID=a29ade88-09c6-4e36-bef3-0197625c25fd, command=[]} | ret=SUCCESS |  
2019-08-23 08:55:34,397 [grpc-default-executor-3] INFO  client.GrpcClientProtocolClient (GrpcClientProtocolClient.java:onNext(255)) - client-E767790727E6->498c441f-a162-496a-a65b-a10e8976a87e: receive RaftClientReply:client-E767790727E6->498c441f-a162-496a-a65b-a10e8976a87e@group-6740F22B7E0F, cid=192, FAILED org.apache.ratis.protocol.NotLeaderException: Server 498c441f-a162-496a-a65b-a10e8976a87e is not the leader (41a0f0c5-dcae-4957-9d84-a3eda92e3b9a:192.168.36.124:41266). Request must be sent to leader., logIndex=0, commits[498c441f-a162-496a-a65b-a10e8976a87e:c16, f3be3432-490e-49fc-803e-a9979897b3f3:c16, 41a0f0c5-dcae-4957-9d84-a3eda92e3b9a:c16]
2019-08-23 08:55:34,510 | INFO  | SCMAudit | user=jenkins1000 | ip=192.168.36.124 | op=SEND_HEARTBEAT {datanodeUUID=cafcd2ac-2701-4bb3-84b5-de2b0f6030b4, command=[]} | ret=SUCCESS |  
2019-08-23 08:55:34,817 | INFO  | SCMAudit | user=jenkins1000 | ip=192.168.36.124 | op=SEND_HEARTBEAT {datanodeUUID=6fb3350c-4c0c-4ad1-9d97-675c347d9711, command=[]} | ret=SUCCESS |  
2019-08-23 08:55:34,962 | INFO  | SCMAudit | user=jenkins1000 | ip=192.168.36.124 | op=SEND_HEARTBEAT {datanodeUUID=498c441f-a162-496a-a65b-a10e8976a87e, command=[]} | ret=SUCCESS |  
2019-08-23 08:55:34,985 | INFO  | SCMAudit | user=jenkins1000 | ip=192.168.36.124 | op=SEND_HEARTBEAT {datanodeUUID=f3be3432-490e-49fc-803e-a9979897b3f3, command=[]} | ret=SUCCESS |  
2019-08-23 08:55:35,057 | INFO  | SCMAudit | user=jenkins1000 | ip=192.168.36.124 | op=SEND_HEARTBEAT {datanodeUUID=48bcaf38-66ae-48c7-856d-3b6092bb7fbf, command=[]} | ret=SUCCESS |  
2019-08-23 08:55:35,305 | INFO  | SCMAudit | user=jenkins1000 | ip=192.168.36.124 | op=SEND_HEARTBEAT {datanodeUUID=a29ade88-09c6-4e36-bef3-0197625c25fd, command=[]} | ret=SUCCESS |  
2019-08-23 08:55:35,410 [grpc-default-executor-1] INFO  client.GrpcClientProtocolClient (GrpcClientProtocolClient.java:onNext(255)) - client-E767790727E6->498c441f-a162-496a-a65b-a10e8976a87e: receive RaftClientReply:client-E767790727E6->498c441f-a162-496a-a65b-a10e8976a87e@group-6740F22B7E0F, cid=192, FAILED org.apache.ratis.protocol.NotLeaderException: Server 498c441f-a162-496a-a65b-a10e8976a87e is not the leader (41a0f0c5-dcae-4957-9d84-a3eda92e3b9a:192.168.36.124:41266). Request must be sent to leader., logIndex=0, commits[498c441f-a162-496a-a65b-a10e8976a87e:c16, f3be3432-490e-49fc-803e-a9979897b3f3:c16, 41a0f0c5-dcae-4957-9d84-a3eda92e3b9a:c16]
2019-08-23 08:55:35,511 | INFO  | SCMAudit | user=jenkins1000 | ip=192.168.36.124 | op=SEND_HEARTBEAT {datanodeUUID=cafcd2ac-2701-4bb3-84b5-de2b0f6030b4, command=[]} | ret=SUCCESS |  
2019-08-23 08:55:35,817 | INFO  | SCMAudit | user=jenkins1000 | ip=192.168.36.124 | op=SEND_HEARTBEAT {datanodeUUID=6fb3350c-4c0c-4ad1-9d97-675c347d9711, command=[]} | ret=SUCCESS |  
2019-08-23 08:55:35,962 | INFO  | SCMAudit | user=jenkins1000 | ip=192.168.36.124 | op=SEND_HEARTBEAT {datanodeUUID=498c441f-a162-496a-a65b-a10e8976a87e, command=[]} | ret=SUCCESS |  
2019-08-23 08:55:35,986 | INFO  | SCMAudit | user=jenkins1000 | ip=192.168.36.124 | op=SEND_HEARTBEAT {datanodeUUID=f3be3432-490e-49fc-803e-a9979897b3f3, command=[]} | ret=SUCCESS |  
2019-08-23 08:55:36,056 | INFO  | SCMAudit | user=jenkins1000 | ip=192.168.36.124 | op=SEND_HEARTBEAT {datanodeUUID=48bcaf38-66ae-48c7-856d-3b6092bb7fbf, command=[]} | ret=SUCCESS |  
2019-08-23 08:55:36,305 | INFO  | SCMAudit | user=jenkins1000 | ip=192.168.36.124 | op=SEND_HEARTBEAT {datanodeUUID=a29ade88-09c6-4e36-bef3-0197625c25fd, command=[]} | ret=SUCCESS |  
2019-08-23 08:55:36,423 [grpc-default-executor-3] INFO  client.GrpcClientProtocolClient (GrpcClientProtocolClient.java:onNext(255)) - client-E767790727E6->f3be3432-490e-49fc-803e-a9979897b3f3: receive RaftClientReply:client-E767790727E6->f3be3432-490e-49fc-803e-a9979897b3f3@group-6740F22B7E0F, cid=192, FAILED org.apache.ratis.protocol.NotLeaderException: Server f3be3432-490e-49fc-803e-a9979897b3f3 is not the leader (41a0f0c5-dcae-4957-9d84-a3eda92e3b9a:192.168.36.124:41266). Request must be sent to leader., logIndex=0, commits[f3be3432-490e-49fc-803e-a9979897b3f3:c16, 498c441f-a162-496a-a65b-a10e8976a87e:c16, 41a0f0c5-dcae-4957-9d84-a3eda92e3b9a:c16]
2019-08-23 08:55:36,511 | INFO  | SCMAudit | user=jenkins1000 | ip=192.168.36.124 | op=SEND_HEARTBEAT {datanodeUUID=cafcd2ac-2701-4bb3-84b5-de2b0f6030b4, command=[]} | ret=SUCCESS |  
2019-08-23 08:55:36,818 | INFO  | SCMAudit | user=jenkins1000 | ip=192.168.36.124 | op=SEND_HEARTBEAT {datanodeUUID=6fb3350c-4c0c-4ad1-9d97-675c347d9711, command=[]} | ret=SUCCESS |  
2019-08-23 08:55:36,962 | INFO  | SCMAudit | user=jenkins1000 | ip=192.168.36.124 | op=SEND_HEARTBEAT {datanodeUUID=498c441f-a162-496a-a65b-a10e8976a87e, command=[]} | ret=SUCCESS |  
2019-08-23 08:55:36,986 | INFO  | SCMAudit | user=jenkins1000 | ip=192.168.36.124 | op=SEND_HEARTBEAT {datanodeUUID=f3be3432-490e-49fc-803e-a9979897b3f3, command=[]} | ret=SUCCESS |  
2019-08-23 08:55:37,057 | INFO  | SCMAudit | user=jenkins1000 | ip=192.168.36.124 | op=SEND_HEARTBEAT {datanodeUUID=48bcaf38-66ae-48c7-856d-3b6092bb7fbf, command=[]} | ret=SUCCESS |  
2019-08-23 08:55:37,304 | INFO  | SCMAudit | user=jenkins1000 | ip=192.168.36.124 | op=SEND_HEARTBEAT {datanodeUUID=a29ade88-09c6-4e36-bef3-0197625c25fd, command=[]} | ret=SUCCESS |  
2019-08-23 08:55:37,435 [grpc-default-executor-1] INFO  client.GrpcClientProtocolClient (GrpcClientProtocolClient.java:onNext(255)) - client-E767790727E6->498c441f-a162-496a-a65b-a10e8976a87e: receive RaftClientReply:client-E767790727E6->498c441f-a162-496a-a65b-a10e8976a87e@group-6740F22B7E0F, cid=192, FAILED org.apache.ratis.protocol.NotLeaderException: Server 498c441f-a162-496a-a65b-a10e8976a87e is not the leader (41a0f0c5-dcae-4957-9d84-a3eda92e3b9a:192.168.36.124:41266). Request must be sent to leader., logIndex=0, commits[498c441f-a162-496a-a65b-a10e8976a87e:c16, f3be3432-490e-49fc-803e-a9979897b3f3:c16, 41a0f0c5-dcae-4957-9d84-a3eda92e3b9a:c16]
2019-08-23 08:55:37,510 | INFO  | SCMAudit | user=jenkins1000 | ip=192.168.36.124 | op=SEND_HEARTBEAT {datanodeUUID=cafcd2ac-2701-4bb3-84b5-de2b0f6030b4, command=[]} | ret=SUCCESS |  
2019-08-23 08:55:37,818 | INFO  | SCMAudit | user=jenkins1000 | ip=192.168.36.124 | op=SEND_HEARTBEAT {datanodeUUID=6fb3350c-4c0c-4ad1-9d97-675c347d9711, command=[]} | ret=SUCCESS |  
2019-08-23 08:55:37,963 | INFO  | SCMAudit | user=jenkins1000 | ip=192.168.36.124 | op=SEND_HEARTBEAT {datanodeUUID=498c441f-a162-496a-a65b-a10e8976a87e, command=[]} | ret=SUCCESS |  
2019-08-23 08:55:37,986 | INFO  | SCMAudit | user=jenkins1000 | ip=192.168.36.124 | op=SEND_HEARTBEAT {datanodeUUID=f3be3432-490e-49fc-803e-a9979897b3f3, command=[]} | ret=SUCCESS |  
2019-08-23 08:55:38,056 | INFO  | SCMAudit | user=jenkins1000 | ip=192.168.36.124 | op=SEND_HEARTBEAT {datanodeUUID=48bcaf38-66ae-48c7-856d-3b6092bb7fbf, command=[]} | ret=SUCCESS |  
2019-08-23 08:55:38,123 [Thread-3623] INFO  impl.FollowerState (FollowerState.java:run(106)) - 498c441f-a162-496a-a65b-a10e8976a87e:group-6740F22B7E0F changes to CANDIDATE, lastRpcTime:8866, electionTimeout:5008ms
2019-08-23 08:55:38,123 [Thread-3623] INFO  impl.RoleInfo (RoleInfo.java:shutdownFollowerState(121)) - 498c441f-a162-496a-a65b-a10e8976a87e: shutdown FollowerState
2019-08-23 08:55:38,123 [Thread-3623] INFO  impl.RaftServerImpl (RaftServerImpl.java:setRole(171)) - 498c441f-a162-496a-a65b-a10e8976a87e:group-6740F22B7E0F changes role from FOLLOWER to CANDIDATE at term 1 for changeToCandidate
2019-08-23 08:55:38,123 [Thread-3623] INFO  impl.RoleInfo (RoleInfo.java:updateAndGet(143)) - 498c441f-a162-496a-a65b-a10e8976a87e: start LeaderElection
2019-08-23 08:55:38,127 [498c441f-a162-496a-a65b-a10e8976a87e:group-6740F22B7E0F:LeaderElection85] INFO  impl.RaftServerImpl (ServerState.java:setLeader(263)) - 498c441f-a162-496a-a65b-a10e8976a87e:group-6740F22B7E0F change Leader from 41a0f0c5-dcae-4957-9d84-a3eda92e3b9a to null at term 1 for initElection
2019-08-23 08:55:38,174 [498c441f-a162-496a-a65b-a10e8976a87e:group-6740F22B7E0F:LeaderElection85] INFO  impl.LeaderElection (LeaderElection.java:askForVotes(181)) - 498c441f-a162-496a-a65b-a10e8976a87e:group-6740F22B7E0F:LeaderElection85: begin an election at term 2 for 0: [498c441f-a162-496a-a65b-a10e8976a87e:192.168.36.124:43487, f3be3432-490e-49fc-803e-a9979897b3f3:192.168.36.124:43888, 41a0f0c5-dcae-4957-9d84-a3eda92e3b9a:192.168.36.124:41266], old=null
2019-08-23 08:55:38,177 [498c441f-a162-496a-a65b-a10e8976a87e:group-6740F22B7E0F:LeaderElection85] INFO  impl.LeaderElection (LogUtils.java:infoOrTrace(149)) - 498c441f-a162-496a-a65b-a10e8976a87e:group-6740F22B7E0F:LeaderElection85 got exception when requesting votes: {}
java.util.concurrent.ExecutionException: org.apache.ratis.thirdparty.io.grpc.StatusRuntimeException: UNAVAILABLE: io exception
	at java.util.concurrent.FutureTask.report(FutureTask.java:122)
	at java.util.concurrent.FutureTask.get(FutureTask.java:192)
	at org.apache.ratis.server.impl.LeaderElection.waitForResults(LeaderElection.java:262)
	at org.apache.ratis.server.impl.LeaderElection.askForVotes(LeaderElection.java:200)
	at org.apache.ratis.server.impl.LeaderElection.run(LeaderElection.java:130)
	at java.lang.Thread.run(Thread.java:748)
Caused by: org.apache.ratis.thirdparty.io.grpc.StatusRuntimeException: UNAVAILABLE: io exception
	at org.apache.ratis.thirdparty.io.grpc.stub.ClientCalls.toStatusRuntimeException(ClientCalls.java:233)
	at org.apache.ratis.thirdparty.io.grpc.stub.ClientCalls.getUnchecked(ClientCalls.java:214)
	at org.apache.ratis.thirdparty.io.grpc.stub.ClientCalls.blockingUnaryCall(ClientCalls.java:139)
	at org.apache.ratis.proto.grpc.RaftServerProtocolServiceGrpc$RaftServerProtocolServiceBlockingStub.requestVote(RaftServerProtocolServiceGrpc.java:265)
	at org.apache.ratis.grpc.server.GrpcServerProtocolClient.requestVote(GrpcServerProtocolClient.java:83)
	at org.apache.ratis.grpc.server.GrpcService.requestVote(GrpcService.java:195)
	at org.apache.ratis.server.impl.LeaderElection.lambda$submitRequests$1(LeaderElection.java:237)
	at java.util.concurrent.FutureTask.run(FutureTask.java:266)
	at java.util.concurrent.Executors$RunnableAdapter.call(Executors.java:511)
	at java.util.concurrent.FutureTask.run(FutureTask.java:266)
	at java.util.concurrent.ThreadPoolExecutor.runWorker(ThreadPoolExecutor.java:1149)
	at java.util.concurrent.ThreadPoolExecutor$Worker.run(ThreadPoolExecutor.java:624)
	... 1 more
Caused by: org.apache.ratis.thirdparty.io.netty.channel.AbstractChannel$AnnotatedConnectException: Connection refused: /192.168.36.124:41266
	at sun.nio.ch.SocketChannelImpl.checkConnect(Native Method)
	at sun.nio.ch.SocketChannelImpl.finishConnect(SocketChannelImpl.java:717)
	at org.apache.ratis.thirdparty.io.netty.channel.socket.nio.NioSocketChannel.doFinishConnect(NioSocketChannel.java:327)
	at org.apache.ratis.thirdparty.io.netty.channel.nio.AbstractNioChannel$AbstractNioUnsafe.finishConnect(AbstractNioChannel.java:340)
	at org.apache.ratis.thirdparty.io.netty.channel.nio.NioEventLoop.processSelectedKey(NioEventLoop.java:632)
	at org.apache.ratis.thirdparty.io.netty.channel.nio.NioEventLoop.processSelectedKeysOptimized(NioEventLoop.java:579)
	at org.apache.ratis.thirdparty.io.netty.channel.nio.NioEventLoop.processSelectedKeys(NioEventLoop.java:496)
	at org.apache.ratis.thirdparty.io.netty.channel.nio.NioEventLoop.run(NioEventLoop.java:458)
	at org.apache.ratis.thirdparty.io.netty.util.concurrent.SingleThreadEventExecutor$5.run(SingleThreadEventExecutor.java:897)
	at org.apache.ratis.thirdparty.io.netty.util.concurrent.FastThreadLocalRunnable.run(FastThreadLocalRunnable.java:30)
	... 1 more
Caused by: java.net.ConnectException: Connection refused
	... 11 more
2019-08-23 08:55:38,182 [grpc-default-executor-9] INFO  impl.RaftServerImpl (ServerState.java:setLeader(263)) - f3be3432-490e-49fc-803e-a9979897b3f3:group-6740F22B7E0F change Leader from 41a0f0c5-dcae-4957-9d84-a3eda92e3b9a to null at term 2 for updateCurrentTerm
2019-08-23 08:55:38,182 [grpc-default-executor-9] INFO  impl.RaftServerImpl (RaftServerImpl.java:setRole(171)) - f3be3432-490e-49fc-803e-a9979897b3f3:group-6740F22B7E0F changes role from FOLLOWER to FOLLOWER at term 2 for recognizeCandidate:498c441f-a162-496a-a65b-a10e8976a87e
2019-08-23 08:55:38,182 [grpc-default-executor-9] INFO  impl.RoleInfo (RoleInfo.java:shutdownFollowerState(121)) - f3be3432-490e-49fc-803e-a9979897b3f3: shutdown FollowerState
2019-08-23 08:55:38,182 [grpc-default-executor-9] INFO  impl.RoleInfo (RoleInfo.java:updateAndGet(143)) - f3be3432-490e-49fc-803e-a9979897b3f3: start FollowerState
2019-08-23 08:55:38,183 [Thread-3624] INFO  impl.FollowerState (FollowerState.java:run(114)) - f3be3432-490e-49fc-803e-a9979897b3f3: FollowerState was interrupted: java.lang.InterruptedException: sleep interrupted
2019-08-23 08:55:38,305 | INFO  | SCMAudit | user=jenkins1000 | ip=192.168.36.124 | op=SEND_HEARTBEAT {datanodeUUID=a29ade88-09c6-4e36-bef3-0197625c25fd, command=[]} | ret=SUCCESS |  
2019-08-23 08:55:38,382 [498c441f-a162-496a-a65b-a10e8976a87e:group-6740F22B7E0F:LeaderElection85] INFO  impl.LeaderElection (LeaderElection.java:logAndReturn(56)) - 498c441f-a162-496a-a65b-a10e8976a87e:group-6740F22B7E0F:LeaderElection85: Election PASSED; received 1 response(s) [498c441f-a162-496a-a65b-a10e8976a87e<-f3be3432-490e-49fc-803e-a9979897b3f3#0:OK-t2] and 1 exception(s); 498c441f-a162-496a-a65b-a10e8976a87e:t2, leader=null, voted=498c441f-a162-496a-a65b-a10e8976a87e, raftlog=498c441f-a162-496a-a65b-a10e8976a87e-SegmentedRaftLog:OPENED:c16,f16,i16, conf=0: [498c441f-a162-496a-a65b-a10e8976a87e:192.168.36.124:43487, f3be3432-490e-49fc-803e-a9979897b3f3:192.168.36.124:43888, 41a0f0c5-dcae-4957-9d84-a3eda92e3b9a:192.168.36.124:41266], old=null
2019-08-23 08:55:38,382 [498c441f-a162-496a-a65b-a10e8976a87e:group-6740F22B7E0F:LeaderElection85] INFO  impl.LeaderElection (LogUtils.java:infoOrTrace(149)) -   Exception 0: {}
java.util.concurrent.ExecutionException: org.apache.ratis.thirdparty.io.grpc.StatusRuntimeException: UNAVAILABLE: io exception
	at java.util.concurrent.FutureTask.report(FutureTask.java:122)
	at java.util.concurrent.FutureTask.get(FutureTask.java:192)
	at org.apache.ratis.server.impl.LeaderElection.waitForResults(LeaderElection.java:262)
	at org.apache.ratis.server.impl.LeaderElection.askForVotes(LeaderElection.java:200)
	at org.apache.ratis.server.impl.LeaderElection.run(LeaderElection.java:130)
	at java.lang.Thread.run(Thread.java:748)
Caused by: org.apache.ratis.thirdparty.io.grpc.StatusRuntimeException: UNAVAILABLE: io exception
	at org.apache.ratis.thirdparty.io.grpc.stub.ClientCalls.toStatusRuntimeException(ClientCalls.java:233)
	at org.apache.ratis.thirdparty.io.grpc.stub.ClientCalls.getUnchecked(ClientCalls.java:214)
	at org.apache.ratis.thirdparty.io.grpc.stub.ClientCalls.blockingUnaryCall(ClientCalls.java:139)
	at org.apache.ratis.proto.grpc.RaftServerProtocolServiceGrpc$RaftServerProtocolServiceBlockingStub.requestVote(RaftServerProtocolServiceGrpc.java:265)
	at org.apache.ratis.grpc.server.GrpcServerProtocolClient.requestVote(GrpcServerProtocolClient.java:83)
	at org.apache.ratis.grpc.server.GrpcService.requestVote(GrpcService.java:195)
	at org.apache.ratis.server.impl.LeaderElection.lambda$submitRequests$1(LeaderElection.java:237)
	at java.util.concurrent.FutureTask.run(FutureTask.java:266)
	at java.util.concurrent.Executors$RunnableAdapter.call(Executors.java:511)
	at java.util.concurrent.FutureTask.run(FutureTask.java:266)
	at java.util.concurrent.ThreadPoolExecutor.runWorker(ThreadPoolExecutor.java:1149)
	at java.util.concurrent.ThreadPoolExecutor$Worker.run(ThreadPoolExecutor.java:624)
	... 1 more
Caused by: org.apache.ratis.thirdparty.io.netty.channel.AbstractChannel$AnnotatedConnectException: Connection refused: /192.168.36.124:41266
	at sun.nio.ch.SocketChannelImpl.checkConnect(Native Method)
	at sun.nio.ch.SocketChannelImpl.finishConnect(SocketChannelImpl.java:717)
	at org.apache.ratis.thirdparty.io.netty.channel.socket.nio.NioSocketChannel.doFinishConnect(NioSocketChannel.java:327)
	at org.apache.ratis.thirdparty.io.netty.channel.nio.AbstractNioChannel$AbstractNioUnsafe.finishConnect(AbstractNioChannel.java:340)
	at org.apache.ratis.thirdparty.io.netty.channel.nio.NioEventLoop.processSelectedKey(NioEventLoop.java:632)
	at org.apache.ratis.thirdparty.io.netty.channel.nio.NioEventLoop.processSelectedKeysOptimized(NioEventLoop.java:579)
	at org.apache.ratis.thirdparty.io.netty.channel.nio.NioEventLoop.processSelectedKeys(NioEventLoop.java:496)
	at org.apache.ratis.thirdparty.io.netty.channel.nio.NioEventLoop.run(NioEventLoop.java:458)
	at org.apache.ratis.thirdparty.io.netty.util.concurrent.SingleThreadEventExecutor$5.run(SingleThreadEventExecutor.java:897)
	at org.apache.ratis.thirdparty.io.netty.util.concurrent.FastThreadLocalRunnable.run(FastThreadLocalRunnable.java:30)
	... 1 more
Caused by: java.net.ConnectException: Connection refused
	... 11 more
2019-08-23 08:55:38,382 [498c441f-a162-496a-a65b-a10e8976a87e:group-6740F22B7E0F:LeaderElection85] INFO  impl.RoleInfo (RoleInfo.java:shutdownLeaderElection(134)) - 498c441f-a162-496a-a65b-a10e8976a87e: shutdown LeaderElection
2019-08-23 08:55:38,383 [498c441f-a162-496a-a65b-a10e8976a87e:group-6740F22B7E0F:LeaderElection85] INFO  impl.RaftServerImpl (RaftServerImpl.java:setRole(171)) - 498c441f-a162-496a-a65b-a10e8976a87e:group-6740F22B7E0F changes role from CANDIDATE to LEADER at term 2 for changeToLeader
2019-08-23 08:55:38,383 [498c441f-a162-496a-a65b-a10e8976a87e:group-6740F22B7E0F:LeaderElection85] INFO  impl.RaftServerImpl (ServerState.java:setLeader(263)) - 498c441f-a162-496a-a65b-a10e8976a87e:group-6740F22B7E0F change Leader from null to 498c441f-a162-496a-a65b-a10e8976a87e at term 2 for becomeLeader, leader elected after 255ms
2019-08-23 08:55:38,383 [498c441f-a162-496a-a65b-a10e8976a87e:group-6740F22B7E0F:LeaderElection85] INFO  server.RaftServerConfigKeys (ConfUtils.java:logGet(43)) - raft.server.staging.catchup.gap = 1000 (default)
2019-08-23 08:55:38,383 [498c441f-a162-496a-a65b-a10e8976a87e:group-6740F22B7E0F:LeaderElection85] INFO  server.RaftServerConfigKeys (ConfUtils.java:logGet(43)) - raft.server.rpc.sleep.time = 25ms (default)
2019-08-23 08:55:38,383 [498c441f-a162-496a-a65b-a10e8976a87e:group-6740F22B7E0F:LeaderElection85] INFO  server.RaftServerConfigKeys (ConfUtils.java:logGet(43)) - raft.server.write.element-limit = 4096 (default)
2019-08-23 08:55:38,383 [498c441f-a162-496a-a65b-a10e8976a87e:group-6740F22B7E0F:LeaderElection85] INFO  server.RaftServerConfigKeys (ConfUtils.java:logGet(43)) - raft.server.watch.timeout = 10s (default)
2019-08-23 08:55:38,383 [498c441f-a162-496a-a65b-a10e8976a87e:group-6740F22B7E0F:LeaderElection85] INFO  server.RaftServerConfigKeys (ConfUtils.java:logGet(43)) - raft.server.watch.timeout.denomination = 1s (default)
2019-08-23 08:55:38,384 [498c441f-a162-496a-a65b-a10e8976a87e:group-6740F22B7E0F:LeaderElection85] INFO  server.RaftServerConfigKeys (ConfUtils.java:logGet(43)) - raft.server.watch.element-limit = 65536 (default)
2019-08-23 08:55:38,384 [498c441f-a162-496a-a65b-a10e8976a87e:group-6740F22B7E0F:LeaderElection85] INFO  server.RaftServerConfigKeys (ConfUtils.java:logGet(43)) - raft.server.log.appender.snapshot.chunk.size.max = 16MB (=16777216) (default)
2019-08-23 08:55:38,384 [498c441f-a162-496a-a65b-a10e8976a87e:group-6740F22B7E0F:LeaderElection85] INFO  server.RaftServerConfigKeys (ConfUtils.java:logGet(43)) - raft.server.log.appender.buffer.byte-limit = 33554432 (custom)
2019-08-23 08:55:38,384 [498c441f-a162-496a-a65b-a10e8976a87e:group-6740F22B7E0F:LeaderElection85] INFO  server.RaftServerConfigKeys (ConfUtils.java:logGet(43)) - raft.server.log.appender.buffer.element-limit = 1 (custom)
2019-08-23 08:55:38,385 [498c441f-a162-496a-a65b-a10e8976a87e:group-6740F22B7E0F:LeaderElection85] INFO  grpc.GrpcConfigKeys$Server (ConfUtils.java:logGet(43)) - raft.grpc.server.leader.outstanding.appends.max = 128 (default)
2019-08-23 08:55:38,385 [498c441f-a162-496a-a65b-a10e8976a87e:group-6740F22B7E0F:LeaderElection85] INFO  server.RaftServerConfigKeys (ConfUtils.java:logGet(43)) - raft.server.rpc.request.timeout = 3000ms (default)
2019-08-23 08:55:38,385 [498c441f-a162-496a-a65b-a10e8976a87e:group-6740F22B7E0F:LeaderElection85] INFO  server.RaftServerConfigKeys (ConfUtils.java:logGet(43)) - raft.server.log.appender.install.snapshot.enabled = false (custom)
2019-08-23 08:55:38,385 [498c441f-a162-496a-a65b-a10e8976a87e:group-6740F22B7E0F:LeaderElection85] INFO  server.RaftServerConfigKeys (ConfUtils.java:logGet(43)) - raft.server.log.appender.snapshot.chunk.size.max = 16MB (=16777216) (default)
2019-08-23 08:55:38,385 [498c441f-a162-496a-a65b-a10e8976a87e:group-6740F22B7E0F:LeaderElection85] INFO  server.RaftServerConfigKeys (ConfUtils.java:logGet(43)) - raft.server.log.appender.buffer.byte-limit = 33554432 (custom)
2019-08-23 08:55:38,385 [498c441f-a162-496a-a65b-a10e8976a87e:group-6740F22B7E0F:LeaderElection85] INFO  server.RaftServerConfigKeys (ConfUtils.java:logGet(43)) - raft.server.log.appender.buffer.element-limit = 1 (custom)
2019-08-23 08:55:38,386 [498c441f-a162-496a-a65b-a10e8976a87e:group-6740F22B7E0F:LeaderElection85] INFO  grpc.GrpcConfigKeys$Server (ConfUtils.java:logGet(43)) - raft.grpc.server.leader.outstanding.appends.max = 128 (default)
2019-08-23 08:55:38,386 [498c441f-a162-496a-a65b-a10e8976a87e:group-6740F22B7E0F:LeaderElection85] INFO  server.RaftServerConfigKeys (ConfUtils.java:logGet(43)) - raft.server.rpc.request.timeout = 3000ms (default)
2019-08-23 08:55:38,386 [498c441f-a162-496a-a65b-a10e8976a87e:group-6740F22B7E0F:LeaderElection85] INFO  server.RaftServerConfigKeys (ConfUtils.java:logGet(43)) - raft.server.log.appender.install.snapshot.enabled = false (custom)
2019-08-23 08:55:38,386 [498c441f-a162-496a-a65b-a10e8976a87e:group-6740F22B7E0F:LeaderElection85] INFO  impl.RoleInfo (RoleInfo.java:updateAndGet(143)) - 498c441f-a162-496a-a65b-a10e8976a87e: start LeaderState
2019-08-23 08:55:38,387 [498c441f-a162-496a-a65b-a10e8976a87e:group-6740F22B7E0F:LeaderElection85] INFO  segmented.SegmentedRaftLogWorker (SegmentedRaftLogWorker.java:rollLogSegment(385)) - 498c441f-a162-496a-a65b-a10e8976a87e-SegmentedRaftLogWorker:Storage Directory /workdir/hadoop-ozone/integration-test/target/test-dir/MiniOzoneClusterImpl-d13b65ac-93ce-4a90-95b1-b7730ece3208/datanode-1/data/ratis/46086aa2-df86-4cd6-be8d-6740f22b7e0f: Rolling segment log-0_16 to index:16
2019-08-23 08:55:38,388 [498c441f-a162-496a-a65b-a10e8976a87e:group-6740F22B7E0F:LeaderElection85] INFO  impl.RaftServerImpl (ServerState.java:setRaftConf(361)) - 498c441f-a162-496a-a65b-a10e8976a87e:group-6740F22B7E0F set configuration 17: [498c441f-a162-496a-a65b-a10e8976a87e:192.168.36.124:43487, f3be3432-490e-49fc-803e-a9979897b3f3:192.168.36.124:43888, 41a0f0c5-dcae-4957-9d84-a3eda92e3b9a:192.168.36.124:41266], old=null at 17
2019-08-23 08:55:38,388 [498c441f-a162-496a-a65b-a10e8976a87e-SegmentedRaftLogWorker:Storage Directory /workdir/hadoop-ozone/integration-test/target/test-dir/MiniOzoneClusterImpl-d13b65ac-93ce-4a90-95b1-b7730ece3208/datanode-1/data/ratis/46086aa2-df86-4cd6-be8d-6740f22b7e0f] INFO  segmented.SegmentedRaftLogWorker (SegmentedRaftLogWorker.java:execute(526)) - 498c441f-a162-496a-a65b-a10e8976a87e-SegmentedRaftLogWorker:Storage Directory /workdir/hadoop-ozone/integration-test/target/test-dir/MiniOzoneClusterImpl-d13b65ac-93ce-4a90-95b1-b7730ece3208/datanode-1/data/ratis/46086aa2-df86-4cd6-be8d-6740f22b7e0f: Rolled log segment from /workdir/hadoop-ozone/integration-test/target/test-dir/MiniOzoneClusterImpl-d13b65ac-93ce-4a90-95b1-b7730ece3208/datanode-1/data/ratis/46086aa2-df86-4cd6-be8d-6740f22b7e0f/current/log_inprogress_0 to /workdir/hadoop-ozone/integration-test/target/test-dir/MiniOzoneClusterImpl-d13b65ac-93ce-4a90-95b1-b7730ece3208/datanode-1/data/ratis/46086aa2-df86-4cd6-be8d-6740f22b7e0f/current/log_0-16
2019-08-23 08:55:38,388 [grpc-default-executor-9] WARN  server.GrpcLogAppender (LogUtils.java:warn(134)) - 498c441f-a162-496a-a65b-a10e8976a87e->41a0f0c5-dcae-4957-9d84-a3eda92e3b9a: Failed appendEntries: org.apache.ratis.thirdparty.io.grpc.StatusRuntimeException: UNAVAILABLE: io exception
2019-08-23 08:55:38,388 [grpc-default-executor-9] INFO  impl.FollowerInfo (FollowerInfo.java:lambda$new$0(50)) - 498c441f-a162-496a-a65b-a10e8976a87e->41a0f0c5-dcae-4957-9d84-a3eda92e3b9a: nextIndex: updateUnconditionally 17 -> 1
2019-08-23 08:55:38,389 [grpc-default-executor-1] INFO  impl.RaftServerImpl (ServerState.java:setLeader(263)) - f3be3432-490e-49fc-803e-a9979897b3f3:group-6740F22B7E0F change Leader from null to 498c441f-a162-496a-a65b-a10e8976a87e at term 2 for appendEntries, leader elected after 206ms
2019-08-23 08:55:38,392 [grpc-default-executor-1] INFO  impl.RaftServerImpl (ServerState.java:setRaftConf(361)) - f3be3432-490e-49fc-803e-a9979897b3f3:group-6740F22B7E0F set configuration 17: [498c441f-a162-496a-a65b-a10e8976a87e:192.168.36.124:43487, f3be3432-490e-49fc-803e-a9979897b3f3:192.168.36.124:43888, 41a0f0c5-dcae-4957-9d84-a3eda92e3b9a:192.168.36.124:41266], old=null at 17
2019-08-23 08:55:38,392 [grpc-default-executor-1] INFO  segmented.SegmentedRaftLogWorker (SegmentedRaftLogWorker.java:rollLogSegment(385)) - f3be3432-490e-49fc-803e-a9979897b3f3-SegmentedRaftLogWorker:Storage Directory /workdir/hadoop-ozone/integration-test/target/test-dir/MiniOzoneClusterImpl-d13b65ac-93ce-4a90-95b1-b7730ece3208/datanode-2/data/ratis/46086aa2-df86-4cd6-be8d-6740f22b7e0f: Rolling segment log-0_16 to index:16
2019-08-23 08:55:38,393 [f3be3432-490e-49fc-803e-a9979897b3f3-SegmentedRaftLogWorker:Storage Directory /workdir/hadoop-ozone/integration-test/target/test-dir/MiniOzoneClusterImpl-d13b65ac-93ce-4a90-95b1-b7730ece3208/datanode-2/data/ratis/46086aa2-df86-4cd6-be8d-6740f22b7e0f] INFO  segmented.SegmentedRaftLogWorker (SegmentedRaftLogWorker.java:execute(526)) - f3be3432-490e-49fc-803e-a9979897b3f3-SegmentedRaftLogWorker:Storage Directory /workdir/hadoop-ozone/integration-test/target/test-dir/MiniOzoneClusterImpl-d13b65ac-93ce-4a90-95b1-b7730ece3208/datanode-2/data/ratis/46086aa2-df86-4cd6-be8d-6740f22b7e0f: Rolled log segment from /workdir/hadoop-ozone/integration-test/target/test-dir/MiniOzoneClusterImpl-d13b65ac-93ce-4a90-95b1-b7730ece3208/datanode-2/data/ratis/46086aa2-df86-4cd6-be8d-6740f22b7e0f/current/log_inprogress_0 to /workdir/hadoop-ozone/integration-test/target/test-dir/MiniOzoneClusterImpl-d13b65ac-93ce-4a90-95b1-b7730ece3208/datanode-2/data/ratis/46086aa2-df86-4cd6-be8d-6740f22b7e0f/current/log_0-16
2019-08-23 08:55:38,449 [grpc-default-executor-1] INFO  client.GrpcClientProtocolClient (GrpcClientProtocolClient.java:onNext(255)) - client-E767790727E6->498c441f-a162-496a-a65b-a10e8976a87e: receive RaftClientReply:client-E767790727E6->498c441f-a162-496a-a65b-a10e8976a87e@group-6740F22B7E0F, cid=192, FAILED org.apache.ratis.protocol.LeaderNotReadyException: 498c441f-a162-496a-a65b-a10e8976a87e is in LEADER state but not ready yet., logIndex=0, commits[498c441f-a162-496a-a65b-a10e8976a87e:c16, f3be3432-490e-49fc-803e-a9979897b3f3:c16, 41a0f0c5-dcae-4957-9d84-a3eda92e3b9a:c16]
2019-08-23 08:55:38,510 | INFO  | SCMAudit | user=jenkins1000 | ip=192.168.36.124 | op=SEND_HEARTBEAT {datanodeUUID=cafcd2ac-2701-4bb3-84b5-de2b0f6030b4, command=[]} | ret=SUCCESS |  
2019-08-23 08:55:38,713 [498c441f-a162-496a-a65b-a10e8976a87e-SegmentedRaftLogWorker:Storage Directory /workdir/hadoop-ozone/integration-test/target/test-dir/MiniOzoneClusterImpl-d13b65ac-93ce-4a90-95b1-b7730ece3208/datanode-1/data/ratis/46086aa2-df86-4cd6-be8d-6740f22b7e0f] INFO  segmented.SegmentedRaftLogWorker (SegmentedRaftLogWorker.java:execute(569)) - 498c441f-a162-496a-a65b-a10e8976a87e-SegmentedRaftLogWorker:Storage Directory /workdir/hadoop-ozone/integration-test/target/test-dir/MiniOzoneClusterImpl-d13b65ac-93ce-4a90-95b1-b7730ece3208/datanode-1/data/ratis/46086aa2-df86-4cd6-be8d-6740f22b7e0f: created new log segment /workdir/hadoop-ozone/integration-test/target/test-dir/MiniOzoneClusterImpl-d13b65ac-93ce-4a90-95b1-b7730ece3208/datanode-1/data/ratis/46086aa2-df86-4cd6-be8d-6740f22b7e0f/current/log_inprogress_17
2019-08-23 08:55:38,713 [f3be3432-490e-49fc-803e-a9979897b3f3-SegmentedRaftLogWorker:Storage Directory /workdir/hadoop-ozone/integration-test/target/test-dir/MiniOzoneClusterImpl-d13b65ac-93ce-4a90-95b1-b7730ece3208/datanode-2/data/ratis/46086aa2-df86-4cd6-be8d-6740f22b7e0f] INFO  segmented.SegmentedRaftLogWorker (SegmentedRaftLogWorker.java:execute(569)) - f3be3432-490e-49fc-803e-a9979897b3f3-SegmentedRaftLogWorker:Storage Directory /workdir/hadoop-ozone/integration-test/target/test-dir/MiniOzoneClusterImpl-d13b65ac-93ce-4a90-95b1-b7730ece3208/datanode-2/data/ratis/46086aa2-df86-4cd6-be8d-6740f22b7e0f: created new log segment /workdir/hadoop-ozone/integration-test/target/test-dir/MiniOzoneClusterImpl-d13b65ac-93ce-4a90-95b1-b7730ece3208/datanode-2/data/ratis/46086aa2-df86-4cd6-be8d-6740f22b7e0f/current/log_inprogress_17
2019-08-23 08:55:38,818 | INFO  | SCMAudit | user=jenkins1000 | ip=192.168.36.124 | op=SEND_HEARTBEAT {datanodeUUID=6fb3350c-4c0c-4ad1-9d97-675c347d9711, command=[]} | ret=SUCCESS |  
2019-08-23 08:55:38,963 | INFO  | SCMAudit | user=jenkins1000 | ip=192.168.36.124 | op=SEND_HEARTBEAT {datanodeUUID=498c441f-a162-496a-a65b-a10e8976a87e, command=[]} | ret=SUCCESS |  
2019-08-23 08:55:38,988 | INFO  | DNAudit | user=null | ip=null | op=READ_CHUNK {blockData=conID: 1 locID: 102665454850932750 bcsId: 0} | ret=SUCCESS |  
2019-08-23 08:55:38,988 | INFO  | SCMAudit | user=jenkins1000 | ip=192.168.36.124 | op=SEND_HEARTBEAT {datanodeUUID=f3be3432-490e-49fc-803e-a9979897b3f3, command=[]} | ret=SUCCESS |  
2019-08-23 08:55:38,991 [grpc-default-executor-3] WARN  server.GrpcLogAppender (LogUtils.java:warn(134)) - 498c441f-a162-496a-a65b-a10e8976a87e->41a0f0c5-dcae-4957-9d84-a3eda92e3b9a: Failed appendEntries: org.apache.ratis.thirdparty.io.grpc.StatusRuntimeException: UNAVAILABLE: io exception
2019-08-23 08:55:38,991 [grpc-default-executor-3] INFO  impl.FollowerInfo (FollowerInfo.java:lambda$new$0(50)) - 498c441f-a162-496a-a65b-a10e8976a87e->41a0f0c5-dcae-4957-9d84-a3eda92e3b9a: nextIndex: updateUnconditionally 2 -> 1
2019-08-23 08:55:39,006 [grpc-default-executor-1] WARN  server.GrpcLogAppender (LogUtils.java:warn(134)) - 498c441f-a162-496a-a65b-a10e8976a87e->41a0f0c5-dcae-4957-9d84-a3eda92e3b9a: Failed appendEntries: org.apache.ratis.thirdparty.io.grpc.StatusRuntimeException: UNAVAILABLE: io exception
2019-08-23 08:55:39,006 [grpc-default-executor-1] INFO  impl.FollowerInfo (FollowerInfo.java:lambda$new$0(50)) - 498c441f-a162-496a-a65b-a10e8976a87e->41a0f0c5-dcae-4957-9d84-a3eda92e3b9a: nextIndex: updateUnconditionally 2 -> 1
2019-08-23 08:55:39,056 | INFO  | SCMAudit | user=jenkins1000 | ip=192.168.36.124 | op=SEND_HEARTBEAT {datanodeUUID=48bcaf38-66ae-48c7-856d-3b6092bb7fbf, command=[]} | ret=SUCCESS |  
2019-08-23 08:55:39,305 | INFO  | SCMAudit | user=jenkins1000 | ip=192.168.36.124 | op=SEND_HEARTBEAT {datanodeUUID=a29ade88-09c6-4e36-bef3-0197625c25fd, command=[]} | ret=SUCCESS |  
2019-08-23 08:55:39,511 | INFO  | SCMAudit | user=jenkins1000 | ip=192.168.36.124 | op=SEND_HEARTBEAT {datanodeUUID=cafcd2ac-2701-4bb3-84b5-de2b0f6030b4, command=[]} | ret=SUCCESS |  
2019-08-23 08:55:39,818 | INFO  | SCMAudit | user=jenkins1000 | ip=192.168.36.124 | op=SEND_HEARTBEAT {datanodeUUID=6fb3350c-4c0c-4ad1-9d97-675c347d9711, command=[]} | ret=SUCCESS |  
2019-08-23 08:55:39,963 | INFO  | SCMAudit | user=jenkins1000 | ip=192.168.36.124 | op=SEND_HEARTBEAT {datanodeUUID=498c441f-a162-496a-a65b-a10e8976a87e, command=[]} | ret=SUCCESS |  
2019-08-23 08:55:39,986 | INFO  | SCMAudit | user=jenkins1000 | ip=192.168.36.124 | op=SEND_HEARTBEAT {datanodeUUID=f3be3432-490e-49fc-803e-a9979897b3f3, command=[]} | ret=SUCCESS |  
2019-08-23 08:55:40,056 | INFO  | SCMAudit | user=jenkins1000 | ip=192.168.36.124 | op=SEND_HEARTBEAT {datanodeUUID=48bcaf38-66ae-48c7-856d-3b6092bb7fbf, command=[]} | ret=SUCCESS |  
2019-08-23 08:55:40,304 | INFO  | SCMAudit | user=jenkins1000 | ip=192.168.36.124 | op=SEND_HEARTBEAT {datanodeUUID=a29ade88-09c6-4e36-bef3-0197625c25fd, command=[]} | ret=SUCCESS |  
2019-08-23 08:55:40,454 | ERROR | DNAudit | user=null | ip=null | op=WRITE_CHUNK {blockData=conID: 1 locID: 102665454850932750 bcsId: 14} | ret=FAILURE | org.apache.hadoop.hdds.scm.container.common.helpers.ContainerNotOpenException: Container 1 in CLOSING state
	at org.apache.hadoop.ozone.container.common.impl.HddsDispatcher.validateContainerCommand(HddsDispatcher.java:408)
	at org.apache.hadoop.ozone.container.common.transport.server.ratis.ContainerStateMachine.startTransaction(ContainerStateMachine.java:309) 
2019-08-23 08:55:40,465 [grpc-default-executor-3] INFO  client.GrpcClientProtocolClient (GrpcClientProtocolClient.java:onNext(255)) - client-E767790727E6->498c441f-a162-496a-a65b-a10e8976a87e: receive RaftClientReply:client-E767790727E6->498c441f-a162-496a-a65b-a10e8976a87e@group-6740F22B7E0F, cid=192, FAILED org.apache.ratis.protocol.StateMachineException: org.apache.hadoop.hdds.scm.container.common.helpers.ContainerNotOpenException from Server 498c441f-a162-496a-a65b-a10e8976a87e: Container 1 in CLOSING state, logIndex=0, commits[498c441f-a162-496a-a65b-a10e8976a87e:c18, f3be3432-490e-49fc-803e-a9979897b3f3:c17, 41a0f0c5-dcae-4957-9d84-a3eda92e3b9a:c16]
2019-08-23 08:55:40,466 | ERROR | DNAudit | user=null | ip=null | op=WRITE_CHUNK {blockData=conID: 1 locID: 102665454850932750 bcsId: 14} | ret=FAILURE | org.apache.hadoop.hdds.scm.container.common.helpers.ContainerNotOpenException: Container 1 in CLOSING state
	at org.apache.hadoop.ozone.container.common.impl.HddsDispatcher.validateContainerCommand(HddsDispatcher.java:408)
	at org.apache.hadoop.ozone.container.common.transport.server.ratis.ContainerStateMachine.startTransaction(ContainerStateMachine.java:309) 
2019-08-23 08:55:40,472 | ERROR | DNAudit | user=null | ip=null | op=PUT_BLOCK {blockData=[blockId=conID: 1 locID: 102665454850932750 bcsId: 0,size=650]} | ret=FAILURE | org.apache.hadoop.hdds.scm.container.common.helpers.ContainerNotOpenException: Container 1 in CLOSING state
	at org.apache.hadoop.ozone.container.common.impl.HddsDispatcher.validateContainerCommand(HddsDispatcher.java:408)
	at org.apache.hadoop.ozone.container.common.transport.server.ratis.ContainerStateMachine.startTransaction(ContainerStateMachine.java:309) 
2019-08-23 08:55:40,474 [grpc-default-executor-3] INFO  client.GrpcClientProtocolClient (GrpcClientProtocolClient.java:onNext(255)) - client-E767790727E6->498c441f-a162-496a-a65b-a10e8976a87e: receive RaftClientReply:client-E767790727E6->498c441f-a162-496a-a65b-a10e8976a87e@group-6740F22B7E0F, cid=193, FAILED org.apache.ratis.protocol.StateMachineException: org.apache.hadoop.hdds.scm.container.common.helpers.ContainerNotOpenException from Server 498c441f-a162-496a-a65b-a10e8976a87e: Container 1 in CLOSING state, logIndex=0, commits[498c441f-a162-496a-a65b-a10e8976a87e:c18, f3be3432-490e-49fc-803e-a9979897b3f3:c17, 41a0f0c5-dcae-4957-9d84-a3eda92e3b9a:c16]
2019-08-23 08:55:40,475 | ERROR | DNAudit | user=null | ip=null | op=WRITE_CHUNK {blockData=conID: 1 locID: 102665454850932750 bcsId: 14} | ret=FAILURE | org.apache.hadoop.hdds.scm.container.common.helpers.ContainerNotOpenException: Container 1 in CLOSING state
	at org.apache.hadoop.ozone.container.common.impl.HddsDispatcher.validateContainerCommand(HddsDispatcher.java:408)
	at org.apache.hadoop.ozone.container.common.transport.server.ratis.ContainerStateMachine.startTransaction(ContainerStateMachine.java:309) 
2019-08-23 08:55:40,478 [grpc-default-executor-3] INFO  client.GrpcClientProtocolClient (GrpcClientProtocolClient.java:onNext(255)) - client-E767790727E6->498c441f-a162-496a-a65b-a10e8976a87e: receive RaftClientReply:client-E767790727E6->498c441f-a162-496a-a65b-a10e8976a87e@group-6740F22B7E0F, cid=194, FAILED org.apache.ratis.protocol.StateMachineException: org.apache.hadoop.hdds.scm.container.common.helpers.ContainerNotOpenException from Server 498c441f-a162-496a-a65b-a10e8976a87e: Container 1 in CLOSING state, logIndex=0, commits[498c441f-a162-496a-a65b-a10e8976a87e:c18, f3be3432-490e-49fc-803e-a9979897b3f3:c17, 41a0f0c5-dcae-4957-9d84-a3eda92e3b9a:c16]
2019-08-23 08:55:40,478 | ERROR | DNAudit | user=null | ip=null | op=WRITE_CHUNK {blockData=conID: 1 locID: 102665454850932750 bcsId: 14} | ret=FAILURE | org.apache.hadoop.hdds.scm.container.common.helpers.ContainerNotOpenException: Container 1 in CLOSING state
	at org.apache.hadoop.ozone.container.common.impl.HddsDispatcher.validateContainerCommand(HddsDispatcher.java:408)
	at org.apache.hadoop.ozone.container.common.transport.server.ratis.ContainerStateMachine.startTransaction(ContainerStateMachine.java:309) 
2019-08-23 08:55:40,480 [grpc-default-executor-3] INFO  client.GrpcClientProtocolClient (GrpcClientProtocolClient.java:onNext(255)) - client-E767790727E6->498c441f-a162-496a-a65b-a10e8976a87e: receive RaftClientReply:client-E767790727E6->498c441f-a162-496a-a65b-a10e8976a87e@group-6740F22B7E0F, cid=195, FAILED org.apache.ratis.protocol.StateMachineException: org.apache.hadoop.hdds.scm.container.common.helpers.ContainerNotOpenException from Server 498c441f-a162-496a-a65b-a10e8976a87e: Container 1 in CLOSING state, logIndex=0, commits[498c441f-a162-496a-a65b-a10e8976a87e:c18, f3be3432-490e-49fc-803e-a9979897b3f3:c17, 41a0f0c5-dcae-4957-9d84-a3eda92e3b9a:c16]
2019-08-23 08:55:40,489 | ERROR | DNAudit | user=null | ip=null | op=PUT_BLOCK {blockData=[blockId=conID: 1 locID: 102665454850932750 bcsId: 0,size=800]} | ret=FAILURE | org.apache.hadoop.hdds.scm.container.common.helpers.ContainerNotOpenException: Container 1 in CLOSING state
	at org.apache.hadoop.ozone.container.common.impl.HddsDispatcher.validateContainerCommand(HddsDispatcher.java:408)
	at org.apache.hadoop.ozone.container.common.transport.server.ratis.ContainerStateMachine.startTransaction(ContainerStateMachine.java:309) 
2019-08-23 08:55:40,489 [grpc-default-executor-3] INFO  client.GrpcClientProtocolClient (GrpcClientProtocolClient.java:onNext(255)) - client-E767790727E6->498c441f-a162-496a-a65b-a10e8976a87e: receive RaftClientReply:client-E767790727E6->498c441f-a162-496a-a65b-a10e8976a87e@group-6740F22B7E0F, cid=196, FAILED org.apache.ratis.protocol.StateMachineException: org.apache.hadoop.hdds.scm.container.common.helpers.ContainerNotOpenException from Server 498c441f-a162-496a-a65b-a10e8976a87e: Container 1 in CLOSING state, logIndex=0, commits[498c441f-a162-496a-a65b-a10e8976a87e:c18, f3be3432-490e-49fc-803e-a9979897b3f3:c17, 41a0f0c5-dcae-4957-9d84-a3eda92e3b9a:c16]
2019-08-23 08:55:40,494 [grpc-default-executor-1] INFO  client.GrpcClientProtocolClient (GrpcClientProtocolClient.java:onNext(255)) - client-E767790727E6->498c441f-a162-496a-a65b-a10e8976a87e: receive RaftClientReply:client-E767790727E6->498c441f-a162-496a-a65b-a10e8976a87e@group-6740F22B7E0F, cid=197, FAILED org.apache.ratis.protocol.StateMachineException: org.apache.hadoop.hdds.scm.container.common.helpers.ContainerNotOpenException from Server 498c441f-a162-496a-a65b-a10e8976a87e: Container 1 in CLOSING state, logIndex=0, commits[498c441f-a162-496a-a65b-a10e8976a87e:c18, f3be3432-490e-49fc-803e-a9979897b3f3:c17, 41a0f0c5-dcae-4957-9d84-a3eda92e3b9a:c16]
2019-08-23 08:55:40,511 | INFO  | SCMAudit | user=jenkins1000 | ip=192.168.36.124 | op=SEND_HEARTBEAT {datanodeUUID=cafcd2ac-2701-4bb3-84b5-de2b0f6030b4, command=[]} | ret=SUCCESS |  
2019-08-23 08:55:40,527 | INFO  | SCMAudit | user=jenkins1000 | ip=192.168.36.124 | op=ALLOCATE_BLOCK {owner=91e3a45d-b664-40cb-95e2-1a9c653baca7, size=800, type=RATIS, factor=THREE} | ret=SUCCESS |  
2019-08-23 08:55:40,529 | INFO  | OMAudit | user=jenkins1000 | ip=127.0.0.1 | op=ALLOCATE_BLOCK {volume=testblockoutputstream, bucket=testblockoutputstream, key=0f7b1f07-1133-4f11-afb8-257a8fe7fc74, dataSize=0, replicationType=null, replicationFactor=null, keyLocationInfo=null, clientID=102665454850670605} | ret=SUCCESS |  
2019-08-23 08:55:40,539 [grpc-default-executor-1] INFO  client.GrpcClientProtocolClient (GrpcClientProtocolClient.java:onNext(255)) - client-3E4F88FFF7E4->48bcaf38-66ae-48c7-856d-3b6092bb7fbf: receive RaftClientReply:client-3E4F88FFF7E4->48bcaf38-66ae-48c7-856d-3b6092bb7fbf@group-B4C2C2C34215, cid=198, FAILED org.apache.ratis.protocol.NotLeaderException: Server 48bcaf38-66ae-48c7-856d-3b6092bb7fbf is not the leader (6fb3350c-4c0c-4ad1-9d97-675c347d9711:192.168.36.124:42065). Request must be sent to leader., logIndex=0, commits[48bcaf38-66ae-48c7-856d-3b6092bb7fbf:c0, 6fb3350c-4c0c-4ad1-9d97-675c347d9711:c0, a29ade88-09c6-4e36-bef3-0197625c25fd:c0]
2019-08-23 08:55:40,715 | INFO  | DNAudit | user=null | ip=null | op=WRITE_CHUNK {blockData=conID: 2 locID: 102665456223977487 bcsId: 0} | ret=SUCCESS |  
2019-08-23 08:55:40,715 | INFO  | DNAudit | user=null | ip=null | op=WRITE_CHUNK {blockData=conID: 2 locID: 102665456223977487 bcsId: 0} | ret=SUCCESS |  
2019-08-23 08:55:40,715 | INFO  | DNAudit | user=null | ip=null | op=WRITE_CHUNK {blockData=conID: 2 locID: 102665456223977487 bcsId: 0} | ret=SUCCESS |  
2019-08-23 08:55:40,716 | INFO  | SCMAudit | user=jenkins1000 | ip=192.168.36.124 | op=SEND_HEARTBEAT {datanodeUUID=6fb3350c-4c0c-4ad1-9d97-675c347d9711, command=[]} | ret=SUCCESS |  
2019-08-23 08:55:40,716 | INFO  | SCMAudit | user=jenkins1000 | ip=192.168.36.124 | op=SEND_HEARTBEAT {datanodeUUID=48bcaf38-66ae-48c7-856d-3b6092bb7fbf, command=[]} | ret=SUCCESS |  
2019-08-23 08:55:40,716 | INFO  | SCMAudit | user=jenkins1000 | ip=192.168.36.124 | op=SEND_HEARTBEAT {datanodeUUID=a29ade88-09c6-4e36-bef3-0197625c25fd, command=[]} | ret=SUCCESS |  
2019-08-23 08:55:40,737 | INFO  | DNAudit | user=null | ip=null | op=WRITE_CHUNK {blockData=conID: 2 locID: 102665456223977487 bcsId: 0} | ret=SUCCESS |  
2019-08-23 08:55:40,741 [grpc-default-executor-3] INFO  client.GrpcClientProtocolClient (GrpcClientProtocolClient.java:onNext(255)) - client-3E4F88FFF7E4->6fb3350c-4c0c-4ad1-9d97-675c347d9711: receive RaftClientReply:client-3E4F88FFF7E4->6fb3350c-4c0c-4ad1-9d97-675c347d9711@group-B4C2C2C34215, cid=198, SUCCESS, logIndex=1, commits[6fb3350c-4c0c-4ad1-9d97-675c347d9711:c1, 48bcaf38-66ae-48c7-856d-3b6092bb7fbf:c0, a29ade88-09c6-4e36-bef3-0197625c25fd:c0]
2019-08-23 08:55:40,744 | INFO  | DNAudit | user=null | ip=null | op=WRITE_CHUNK {blockData=conID: 2 locID: 102665456223977487 bcsId: 0} | ret=SUCCESS |  
2019-08-23 08:55:40,745 | INFO  | DNAudit | user=null | ip=null | op=WRITE_CHUNK {blockData=conID: 2 locID: 102665456223977487 bcsId: 0} | ret=SUCCESS |  
2019-08-23 08:55:40,745 | INFO  | DNAudit | user=null | ip=null | op=WRITE_CHUNK {blockData=conID: 2 locID: 102665456223977487 bcsId: 0} | ret=SUCCESS |  
2019-08-23 08:55:40,745 | INFO  | DNAudit | user=null | ip=null | op=WRITE_CHUNK {blockData=conID: 2 locID: 102665456223977487 bcsId: 0} | ret=SUCCESS |  
2019-08-23 08:55:40,745 | INFO  | DNAudit | user=null | ip=null | op=WRITE_CHUNK {blockData=conID: 2 locID: 102665456223977487 bcsId: 0} | ret=SUCCESS |  
2019-08-23 08:55:40,745 | INFO  | DNAudit | user=null | ip=null | op=WRITE_CHUNK {blockData=conID: 2 locID: 102665456223977487 bcsId: 0} | ret=SUCCESS |  
2019-08-23 08:55:40,746 | INFO  | DNAudit | user=null | ip=null | op=WRITE_CHUNK {blockData=conID: 2 locID: 102665456223977487 bcsId: 0} | ret=SUCCESS |  
2019-08-23 08:55:40,747 | INFO  | DNAudit | user=null | ip=null | op=WRITE_CHUNK {blockData=conID: 2 locID: 102665456223977487 bcsId: 0} | ret=SUCCESS |  
2019-08-23 08:55:40,747 | INFO  | DNAudit | user=null | ip=null | op=WRITE_CHUNK {blockData=conID: 2 locID: 102665456223977487 bcsId: 0} | ret=SUCCESS |  
2019-08-23 08:55:40,747 | INFO  | DNAudit | user=null | ip=null | op=WRITE_CHUNK {blockData=conID: 2 locID: 102665456223977487 bcsId: 0} | ret=SUCCESS |  
2019-08-23 08:55:40,747 | INFO  | DNAudit | user=null | ip=null | op=WRITE_CHUNK {blockData=conID: 2 locID: 102665456223977487 bcsId: 0} | ret=SUCCESS |  
2019-08-23 08:55:40,749 | INFO  | DNAudit | user=null | ip=null | op=WRITE_CHUNK {blockData=conID: 2 locID: 102665456223977487 bcsId: 0} | ret=SUCCESS |  
2019-08-23 08:55:40,757 | INFO  | DNAudit | user=null | ip=null | op=WRITE_CHUNK {blockData=conID: 2 locID: 102665456223977487 bcsId: 0} | ret=SUCCESS |  
2019-08-23 08:55:40,757 [grpc-default-executor-1] INFO  client.GrpcClientProtocolClient (GrpcClientProtocolClient.java:onNext(255)) - client-3E4F88FFF7E4->6fb3350c-4c0c-4ad1-9d97-675c347d9711: receive RaftClientReply:client-3E4F88FFF7E4->6fb3350c-4c0c-4ad1-9d97-675c347d9711@group-B4C2C2C34215, cid=199, SUCCESS, logIndex=3, commits[6fb3350c-4c0c-4ad1-9d97-675c347d9711:c4, 48bcaf38-66ae-48c7-856d-3b6092bb7fbf:c1, a29ade88-09c6-4e36-bef3-0197625c25fd:c1]
2019-08-23 08:55:40,759 | INFO  | DNAudit | user=null | ip=null | op=WRITE_CHUNK {blockData=conID: 2 locID: 102665456223977487 bcsId: 0} | ret=SUCCESS |  
2019-08-23 08:55:40,829 | INFO  | DNAudit | user=null | ip=null | op=PUT_BLOCK {blockData=[blockId=conID: 2 locID: 102665456223977487 bcsId: 0,size=200]} | ret=SUCCESS |  
2019-08-23 08:55:40,830 | INFO  | DNAudit | user=null | ip=null | op=WRITE_CHUNK {blockData=conID: 2 locID: 102665456223977487 bcsId: 0} | ret=SUCCESS |  
2019-08-23 08:55:40,830 | INFO  | DNAudit | user=null | ip=null | op=WRITE_CHUNK {blockData=conID: 2 locID: 102665456223977487 bcsId: 0} | ret=SUCCESS |  
2019-08-23 08:55:40,834 [grpc-default-executor-9] INFO  client.GrpcClientProtocolClient (GrpcClientProtocolClient.java:onNext(255)) - client-3E4F88FFF7E4->6fb3350c-4c0c-4ad1-9d97-675c347d9711: receive RaftClientReply:client-3E4F88FFF7E4->6fb3350c-4c0c-4ad1-9d97-675c347d9711@group-B4C2C2C34215, cid=200, SUCCESS, logIndex=4, commits[6fb3350c-4c0c-4ad1-9d97-675c347d9711:c12, 48bcaf38-66ae-48c7-856d-3b6092bb7fbf:c7, a29ade88-09c6-4e36-bef3-0197625c25fd:c7]
2019-08-23 08:55:40,834 [grpc-default-executor-9] INFO  client.GrpcClientProtocolClient (GrpcClientProtocolClient.java:onNext(255)) - client-3E4F88FFF7E4->6fb3350c-4c0c-4ad1-9d97-675c347d9711: receive RaftClientReply:client-3E4F88FFF7E4->6fb3350c-4c0c-4ad1-9d97-675c347d9711@group-B4C2C2C34215, cid=201, SUCCESS, logIndex=5, commits[6fb3350c-4c0c-4ad1-9d97-675c347d9711:c12, 48bcaf38-66ae-48c7-856d-3b6092bb7fbf:c7, a29ade88-09c6-4e36-bef3-0197625c25fd:c7]
2019-08-23 08:55:40,835 [grpc-default-executor-9] INFO  client.GrpcClientProtocolClient (GrpcClientProtocolClient.java:onNext(255)) - client-3E4F88FFF7E4->6fb3350c-4c0c-4ad1-9d97-675c347d9711: receive RaftClientReply:client-3E4F88FFF7E4->6fb3350c-4c0c-4ad1-9d97-675c347d9711@group-B4C2C2C34215, cid=202, SUCCESS, logIndex=6, commits[6fb3350c-4c0c-4ad1-9d97-675c347d9711:c12, 48bcaf38-66ae-48c7-856d-3b6092bb7fbf:c7, a29ade88-09c6-4e36-bef3-0197625c25fd:c7]
2019-08-23 08:55:40,903 | INFO  | DNAudit | user=null | ip=null | op=PUT_BLOCK {blockData=[blockId=conID: 2 locID: 102665456223977487 bcsId: 0,size=200]} | ret=SUCCESS |  
2019-08-23 08:55:40,904 | INFO  | DNAudit | user=null | ip=null | op=WRITE_CHUNK {blockData=conID: 2 locID: 102665456223977487 bcsId: 0} | ret=SUCCESS |  
2019-08-23 08:55:40,904 | INFO  | DNAudit | user=null | ip=null | op=WRITE_CHUNK {blockData=conID: 2 locID: 102665456223977487 bcsId: 0} | ret=SUCCESS |  
2019-08-23 08:55:40,963 | INFO  | SCMAudit | user=jenkins1000 | ip=192.168.36.124 | op=SEND_HEARTBEAT {datanodeUUID=498c441f-a162-496a-a65b-a10e8976a87e, command=[]} | ret=SUCCESS |  
2019-08-23 08:55:40,986 | INFO  | SCMAudit | user=jenkins1000 | ip=192.168.36.124 | op=SEND_HEARTBEAT {datanodeUUID=f3be3432-490e-49fc-803e-a9979897b3f3, command=[]} | ret=SUCCESS |  
2019-08-23 08:55:40,987 | INFO  | DNAudit | user=null | ip=null | op=PUT_BLOCK {blockData=[blockId=conID: 2 locID: 102665456223977487 bcsId: 0,size=400]} | ret=SUCCESS |  
2019-08-23 08:55:40,987 | INFO  | DNAudit | user=null | ip=null | op=PUT_BLOCK {blockData=[blockId=conID: 2 locID: 102665456223977487 bcsId: 0,size=400]} | ret=SUCCESS |  
2019-08-23 08:55:40,987 | INFO  | DNAudit | user=null | ip=null | op=PUT_BLOCK {blockData=[blockId=conID: 2 locID: 102665456223977487 bcsId: 0,size=200]} | ret=SUCCESS |  
2019-08-23 08:55:40,988 | INFO  | DNAudit | user=null | ip=null | op=WRITE_CHUNK {blockData=conID: 2 locID: 102665456223977487 bcsId: 0} | ret=SUCCESS |  
2019-08-23 08:55:40,988 | INFO  | DNAudit | user=null | ip=null | op=WRITE_CHUNK {blockData=conID: 2 locID: 102665456223977487 bcsId: 0} | ret=SUCCESS |  
2019-08-23 08:55:40,988 [grpc-default-executor-9] INFO  client.GrpcClientProtocolClient (GrpcClientProtocolClient.java:onNext(255)) - client-3E4F88FFF7E4->6fb3350c-4c0c-4ad1-9d97-675c347d9711: receive RaftClientReply:client-3E4F88FFF7E4->6fb3350c-4c0c-4ad1-9d97-675c347d9711@group-B4C2C2C34215, cid=203, SUCCESS, logIndex=7, commits[6fb3350c-4c0c-4ad1-9d97-675c347d9711:c12, 48bcaf38-66ae-48c7-856d-3b6092bb7fbf:c7, a29ade88-09c6-4e36-bef3-0197625c25fd:c7]
2019-08-23 08:55:40,993 | INFO  | DNAudit | user=null | ip=null | op=PUT_BLOCK {blockData=[blockId=conID: 2 locID: 102665456223977487 bcsId: 0,size=400]} | ret=SUCCESS |  
2019-08-23 08:55:40,997 | INFO  | DNAudit | user=null | ip=null | op=WRITE_CHUNK {blockData=conID: 2 locID: 102665456223977487 bcsId: 7} | ret=SUCCESS |  
2019-08-23 08:55:40,998 | INFO  | DNAudit | user=null | ip=null | op=WRITE_CHUNK {blockData=conID: 2 locID: 102665456223977487 bcsId: 7} | ret=SUCCESS |  
2019-08-23 08:55:40,998 | INFO  | DNAudit | user=null | ip=null | op=WRITE_CHUNK {blockData=conID: 2 locID: 102665456223977487 bcsId: 7} | ret=SUCCESS |  
2019-08-23 08:55:41,007 | INFO  | DNAudit | user=null | ip=null | op=WRITE_CHUNK {blockData=conID: 2 locID: 102665456223977487 bcsId: 7} | ret=SUCCESS |  
2019-08-23 08:55:41,010 | INFO  | DNAudit | user=null | ip=null | op=PUT_BLOCK {blockData=[blockId=conID: 2 locID: 102665456223977487 bcsId: 0,size=450]} | ret=SUCCESS |  
2019-08-23 08:55:41,011 [grpc-default-executor-9] INFO  client.GrpcClientProtocolClient (GrpcClientProtocolClient.java:onNext(255)) - client-3E4F88FFF7E4->6fb3350c-4c0c-4ad1-9d97-675c347d9711: receive RaftClientReply:client-3E4F88FFF7E4->6fb3350c-4c0c-4ad1-9d97-675c347d9711@group-B4C2C2C34215, cid=204, SUCCESS, logIndex=13, commits[6fb3350c-4c0c-4ad1-9d97-675c347d9711:c14, 48bcaf38-66ae-48c7-856d-3b6092bb7fbf:c12, a29ade88-09c6-4e36-bef3-0197625c25fd:c12]
2019-08-23 08:55:41,011 [grpc-default-executor-9] INFO  client.GrpcClientProtocolClient (GrpcClientProtocolClient.java:onNext(255)) - client-3E4F88FFF7E4->6fb3350c-4c0c-4ad1-9d97-675c347d9711: receive RaftClientReply:client-3E4F88FFF7E4->6fb3350c-4c0c-4ad1-9d97-675c347d9711@group-B4C2C2C34215, cid=205, SUCCESS, logIndex=14, commits[6fb3350c-4c0c-4ad1-9d97-675c347d9711:c14, 48bcaf38-66ae-48c7-856d-3b6092bb7fbf:c12, a29ade88-09c6-4e36-bef3-0197625c25fd:c12]
2019-08-23 08:55:41,018 | INFO  | DNAudit | user=null | ip=null | op=WRITE_CHUNK {blockData=conID: 2 locID: 102665456223977487 bcsId: 7} | ret=SUCCESS |  
2019-08-23 08:55:41,018 | INFO  | DNAudit | user=null | ip=null | op=WRITE_CHUNK {blockData=conID: 2 locID: 102665456223977487 bcsId: 7} | ret=SUCCESS |  
2019-08-23 08:55:41,019 | INFO  | DNAudit | user=null | ip=null | op=PUT_BLOCK {blockData=[blockId=conID: 2 locID: 102665456223977487 bcsId: 0,size=450]} | ret=SUCCESS |  
2019-08-23 08:55:41,025 | INFO  | DNAudit | user=null | ip=null | op=PUT_BLOCK {blockData=[blockId=conID: 2 locID: 102665456223977487 bcsId: 0,size=450]} | ret=SUCCESS |  
2019-08-23 08:55:41,028 [grpc-default-executor-9] INFO  client.GrpcClientProtocolClient (GrpcClientProtocolClient.java:onNext(255)) - client-3E4F88FFF7E4->6fb3350c-4c0c-4ad1-9d97-675c347d9711: receive RaftClientReply:client-3E4F88FFF7E4->6fb3350c-4c0c-4ad1-9d97-675c347d9711@group-B4C2C2C34215, cid=206, SUCCESS, logIndex=0, commits[6fb3350c-4c0c-4ad1-9d97-675c347d9711:c16, 48bcaf38-66ae-48c7-856d-3b6092bb7fbf:c14, a29ade88-09c6-4e36-bef3-0197625c25fd:c14]
2019-08-23 08:55:41,028 [main] INFO  ozone.MiniOzoneClusterImpl (MiniOzoneClusterImpl.java:shutdown(321)) - Shutting down the Mini Ozone Cluster
2019-08-23 08:55:41,029 | INFO  | SCMAudit | user=null | ip=null | op=GET_SCM_INFO null | ret=SUCCESS |  
2019-08-23 08:55:41,029 [main] INFO  ozone.MiniOzoneClusterImpl (MiniOzoneClusterImpl.java:stop(336)) - Stopping the Mini Ozone Cluster
2019-08-23 08:55:41,029 [main] INFO  ozone.MiniOzoneClusterImpl (MiniOzoneClusterImpl.java:stop(338)) - Stopping the OzoneManager
2019-08-23 08:55:41,029 [main] INFO  ipc.Server (Server.java:stop(3082)) - Stopping server on 41236
2019-08-23 08:55:41,039 [IPC Server listener on 41236] INFO  ipc.Server (Server.java:run(1185)) - Stopping IPC Server listener on 41236
2019-08-23 08:55:41,039 [main] INFO  ratis.OzoneManagerDoubleBuffer (OzoneManagerDoubleBuffer.java:stop(248)) - Stopping OMDoubleBuffer flush thread
2019-08-23 08:55:41,039 [IPC Server Responder] INFO  ipc.Server (Server.java:run(1319)) - Stopping IPC Server Responder
2019-08-23 08:55:41,051 [OMDoubleBufferFlushThread] INFO  ratis.OzoneManagerDoubleBuffer (OzoneManagerDoubleBuffer.java:flushTransactions(191)) - OMDoubleBuffer flush thread OMDoubleBufferFlushThread is interrupted and will exit. OMDoubleBufferFlushThread
2019-08-23 08:55:41,052 [main] INFO  utils.BackgroundService (BackgroundService.java:shutdown(148)) - Shutting down service KeyDeletingService
2019-08-23 08:55:41,053 [main] INFO  handler.ContextHandler (ContextHandler.java:doStop(910)) - Stopped o.e.j.w.WebAppContext@7959fbe3{/,null,UNAVAILABLE}{/ozoneManager}
2019-08-23 08:55:41,054 [main] INFO  server.AbstractConnector (AbstractConnector.java:doStop(318)) - Stopped ServerConnector@75c0e6be{HTTP/1.1,[http/1.1]}{0.0.0.0:0}
2019-08-23 08:55:41,054 [main] INFO  handler.ContextHandler (ContextHandler.java:doStop(910)) - Stopped o.e.j.s.ServletContextHandler@27558dee{/static,file:///workdir/hadoop-ozone/integration-test/target/test-classes/webapps/static,UNAVAILABLE}
2019-08-23 08:55:41,054 [main] INFO  handler.ContextHandler (ContextHandler.java:doStop(910)) - Stopped o.e.j.s.ServletContextHandler@5cbf9aee{/logs,file:///workdir/hadoop-ozone/integration-test/target/log,UNAVAILABLE}
2019-08-23 08:55:41,056 [main] INFO  ozone.MiniOzoneClusterImpl (MiniOzoneClusterImpl.java:stop(344)) - Shutting the HddsDatanodes
2019-08-23 08:55:41,057 [main] INFO  datanode.ObjectStoreHandler (ObjectStoreHandler.java:close(155)) - Closing ObjectStoreHandler.
2019-08-23 08:55:41,057 [ForkJoinPool.commonPool-worker-1] INFO  datanode.ObjectStoreHandler (ObjectStoreHandler.java:close(155)) - Closing ObjectStoreHandler.
2019-08-23 08:55:41,057 [main] INFO  ozone.HddsDatanodeService (HddsDatanodeService.java:stop(451)) - Stopped plug-in org.apache.hadoop.ozone.web.OzoneHddsDatanodeService@30407f28
2019-08-23 08:55:41,057 [ForkJoinPool.commonPool-worker-1] INFO  ozone.HddsDatanodeService (HddsDatanodeService.java:stop(451)) - Stopped plug-in org.apache.hadoop.ozone.web.OzoneHddsDatanodeService@3bd7829b
2019-08-23 08:55:41,509 [grpc-default-executor-11] WARN  server.GrpcLogAppender (LogUtils.java:warn(134)) - 498c441f-a162-496a-a65b-a10e8976a87e->41a0f0c5-dcae-4957-9d84-a3eda92e3b9a: Failed appendEntries: org.apache.ratis.thirdparty.io.grpc.StatusRuntimeException: UNAVAILABLE: io exception
2019-08-23 08:55:41,510 [grpc-default-executor-11] INFO  impl.FollowerInfo (FollowerInfo.java:lambda$new$0(50)) - 498c441f-a162-496a-a65b-a10e8976a87e->41a0f0c5-dcae-4957-9d84-a3eda92e3b9a: nextIndex: updateUnconditionally 1 -> 0
2019-08-23 08:55:41,510 | INFO  | SCMAudit | user=jenkins1000 | ip=192.168.36.124 | op=SEND_HEARTBEAT {datanodeUUID=cafcd2ac-2701-4bb3-84b5-de2b0f6030b4, command=[]} | ret=SUCCESS |  
2019-08-23 08:55:41,712 [Datanode State Machine Thread - 0] INFO  statemachine.DatanodeStateMachine (DatanodeStateMachine.java:lambda$startDaemon$0(350)) - Ozone container server started.
2019-08-23 08:55:41,713 | INFO  | SCMAudit | user=jenkins1000 | ip=192.168.36.124 | op=SEND_HEARTBEAT {datanodeUUID=a29ade88-09c6-4e36-bef3-0197625c25fd, command=[]} | ret=SUCCESS |  
2019-08-23 08:55:41,713 | INFO  | SCMAudit | user=jenkins1000 | ip=192.168.36.124 | op=SEND_HEARTBEAT {datanodeUUID=6fb3350c-4c0c-4ad1-9d97-675c347d9711, command=[]} | ret=SUCCESS |  
2019-08-23 08:55:41,963 [Datanode State Machine Thread - 0] INFO  statemachine.DatanodeStateMachine (DatanodeStateMachine.java:lambda$startDaemon$0(350)) - Ozone container server started.
2019-08-23 08:55:41,986 | INFO  | SCMAudit | user=jenkins1000 | ip=192.168.36.124 | op=SEND_HEARTBEAT {datanodeUUID=f3be3432-490e-49fc-803e-a9979897b3f3, command=[]} | ret=SUCCESS |  
2019-08-23 08:55:42,511 | INFO  | SCMAudit | user=jenkins1000 | ip=192.168.36.124 | op=SEND_HEARTBEAT {datanodeUUID=cafcd2ac-2701-4bb3-84b5-de2b0f6030b4, command=[]} | ret=SUCCESS |  
2019-08-23 08:55:42,713 | INFO  | SCMAudit | user=jenkins1000 | ip=192.168.36.124 | op=SEND_HEARTBEAT {datanodeUUID=6fb3350c-4c0c-4ad1-9d97-675c347d9711, command=[]} | ret=SUCCESS |  
2019-08-23 08:55:42,713 | INFO  | SCMAudit | user=jenkins1000 | ip=192.168.36.124 | op=SEND_HEARTBEAT {datanodeUUID=a29ade88-09c6-4e36-bef3-0197625c25fd, command=[]} | ret=SUCCESS |  
2019-08-23 08:55:42,987 | INFO  | SCMAudit | user=jenkins1000 | ip=192.168.36.124 | op=SEND_HEARTBEAT {datanodeUUID=f3be3432-490e-49fc-803e-a9979897b3f3, command=[]} | ret=SUCCESS |  
2019-08-23 08:55:43,511 | INFO  | SCMAudit | user=jenkins1000 | ip=192.168.36.124 | op=SEND_HEARTBEAT {datanodeUUID=cafcd2ac-2701-4bb3-84b5-de2b0f6030b4, command=[]} | ret=SUCCESS |  
2019-08-23 08:55:43,713 | INFO  | SCMAudit | user=jenkins1000 | ip=192.168.36.124 | op=SEND_HEARTBEAT {datanodeUUID=6fb3350c-4c0c-4ad1-9d97-675c347d9711, command=[]} | ret=SUCCESS |  
2019-08-23 08:55:43,713 | INFO  | SCMAudit | user=jenkins1000 | ip=192.168.36.124 | op=SEND_HEARTBEAT {datanodeUUID=a29ade88-09c6-4e36-bef3-0197625c25fd, command=[]} | ret=SUCCESS |  
2019-08-23 08:55:43,987 | INFO  | SCMAudit | user=jenkins1000 | ip=192.168.36.124 | op=SEND_HEARTBEAT {datanodeUUID=f3be3432-490e-49fc-803e-a9979897b3f3, command=[]} | ret=SUCCESS |  
2019-08-23 08:55:44,007 [grpc-default-executor-1] WARN  server.GrpcLogAppender (LogUtils.java:warn(134)) - 498c441f-a162-496a-a65b-a10e8976a87e->41a0f0c5-dcae-4957-9d84-a3eda92e3b9a: Failed appendEntries: org.apache.ratis.thirdparty.io.grpc.StatusRuntimeException: UNAVAILABLE: io exception
2019-08-23 08:55:44,007 [grpc-default-executor-1] INFO  impl.FollowerInfo (FollowerInfo.java:lambda$new$0(50)) - 498c441f-a162-496a-a65b-a10e8976a87e->41a0f0c5-dcae-4957-9d84-a3eda92e3b9a: nextIndex: updateUnconditionally 0 -> 0
2019-08-23 08:55:44,513 | INFO  | SCMAudit | user=jenkins1000 | ip=192.168.36.124 | op=SEND_HEARTBEAT {datanodeUUID=cafcd2ac-2701-4bb3-84b5-de2b0f6030b4, command=[]} | ret=SUCCESS |  
2019-08-23 08:55:44,713 | INFO  | SCMAudit | user=jenkins1000 | ip=192.168.36.124 | op=SEND_HEARTBEAT {datanodeUUID=6fb3350c-4c0c-4ad1-9d97-675c347d9711, command=[]} | ret=SUCCESS |  
2019-08-23 08:55:44,713 | INFO  | SCMAudit | user=jenkins1000 | ip=192.168.36.124 | op=SEND_HEARTBEAT {datanodeUUID=a29ade88-09c6-4e36-bef3-0197625c25fd, command=[]} | ret=SUCCESS |  
2019-08-23 08:55:44,986 | INFO  | SCMAudit | user=jenkins1000 | ip=192.168.36.124 | op=SEND_HEARTBEAT {datanodeUUID=f3be3432-490e-49fc-803e-a9979897b3f3, command=[]} | ret=SUCCESS |  
2019-08-23 08:55:45,512 | INFO  | SCMAudit | user=jenkins1000 | ip=192.168.36.124 | op=SEND_HEARTBEAT {datanodeUUID=cafcd2ac-2701-4bb3-84b5-de2b0f6030b4, command=[]} | ret=SUCCESS |  
2019-08-23 08:55:45,712 | INFO  | SCMAudit | user=jenkins1000 | ip=192.168.36.124 | op=SEND_HEARTBEAT {datanodeUUID=a29ade88-09c6-4e36-bef3-0197625c25fd, command=[]} | ret=SUCCESS |  
2019-08-23 08:55:45,712 | INFO  | SCMAudit | user=jenkins1000 | ip=192.168.36.124 | op=SEND_HEARTBEAT {datanodeUUID=6fb3350c-4c0c-4ad1-9d97-675c347d9711, command=[]} | ret=SUCCESS |  
2019-08-23 08:55:45,749 [EventQueue-StaleNodeForStaleNodeHandler] INFO  node.StaleNodeHandler (StaleNodeHandler.java:onMessage(58)) - Datanode 48bcaf38-66ae-48c7-856d-3b6092bb7fbf{ip: 192.168.36.124, host: pr-hdds-2022-djmxw-136905289, networkLocation: /default-rack, certSerialId: null} moved to stale state. Finalizing its pipelines [PipelineID=5c766b12-4dc1-4d2e-8439-dc6e7c09dbd8, PipelineID=c7923512-507c-4fc8-8bed-b4c2c2c34215]
2019-08-23 08:55:45,749 [EventQueue-StaleNodeForStaleNodeHandler] INFO  pipeline.SCMPipelineManager (SCMPipelineManager.java:finalizeAndDestroyPipeline(309)) - destroying pipeline:Pipeline[ Id: 5c766b12-4dc1-4d2e-8439-dc6e7c09dbd8, Nodes: 48bcaf38-66ae-48c7-856d-3b6092bb7fbf{ip: 192.168.36.124, host: pr-hdds-2022-djmxw-136905289, networkLocation: /default-rack, certSerialId: null}, Type:RATIS, Factor:ONE, State:OPEN]
2019-08-23 08:55:45,749 [EventQueue-StaleNodeForStaleNodeHandler] INFO  pipeline.PipelineStateManager (PipelineStateManager.java:finalizePipeline(123)) - Pipeline Pipeline[ Id: 5c766b12-4dc1-4d2e-8439-dc6e7c09dbd8, Nodes: 48bcaf38-66ae-48c7-856d-3b6092bb7fbf{ip: 192.168.36.124, host: pr-hdds-2022-djmxw-136905289, networkLocation: /default-rack, certSerialId: null}, Type:RATIS, Factor:ONE, State:CLOSED] moved to CLOSED state
2019-08-23 08:55:45,750 [EventQueue-StaleNodeForStaleNodeHandler] INFO  pipeline.SCMPipelineManager (SCMPipelineManager.java:finalizeAndDestroyPipeline(309)) - destroying pipeline:Pipeline[ Id: c7923512-507c-4fc8-8bed-b4c2c2c34215, Nodes: 48bcaf38-66ae-48c7-856d-3b6092bb7fbf{ip: 192.168.36.124, host: pr-hdds-2022-djmxw-136905289, networkLocation: /default-rack, certSerialId: null}6fb3350c-4c0c-4ad1-9d97-675c347d9711{ip: 192.168.36.124, host: pr-hdds-2022-djmxw-136905289, networkLocation: /default-rack, certSerialId: null}a29ade88-09c6-4e36-bef3-0197625c25fd{ip: 192.168.36.124, host: pr-hdds-2022-djmxw-136905289, networkLocation: /default-rack, certSerialId: null}, Type:RATIS, Factor:THREE, State:OPEN]
2019-08-23 08:55:45,750 [EventQueue-StaleNodeForStaleNodeHandler] INFO  pipeline.PipelineStateManager (PipelineStateManager.java:finalizePipeline(123)) - Pipeline Pipeline[ Id: c7923512-507c-4fc8-8bed-b4c2c2c34215, Nodes: 48bcaf38-66ae-48c7-856d-3b6092bb7fbf{ip: 192.168.36.124, host: pr-hdds-2022-djmxw-136905289, networkLocation: /default-rack, certSerialId: null}6fb3350c-4c0c-4ad1-9d97-675c347d9711{ip: 192.168.36.124, host: pr-hdds-2022-djmxw-136905289, networkLocation: /default-rack, certSerialId: null}a29ade88-09c6-4e36-bef3-0197625c25fd{ip: 192.168.36.124, host: pr-hdds-2022-djmxw-136905289, networkLocation: /default-rack, certSerialId: null}, Type:RATIS, Factor:THREE, State:CLOSED] moved to CLOSED state
2019-08-23 08:55:45,750 [EventQueue-CloseContainerForCloseContainerEventHandler] INFO  container.CloseContainerEventHandler (CloseContainerEventHandler.java:onMessage(61)) - Close container Event triggered for container : #2
2019-08-23 08:55:45,987 | INFO  | SCMAudit | user=jenkins1000 | ip=192.168.36.124 | op=SEND_HEARTBEAT {datanodeUUID=f3be3432-490e-49fc-803e-a9979897b3f3, command=[]} | ret=SUCCESS |  
2019-08-23 08:55:46,049 [EventQueue-StaleNodeForStaleNodeHandler] INFO  node.StaleNodeHandler (StaleNodeHandler.java:onMessage(58)) - Datanode 498c441f-a162-496a-a65b-a10e8976a87e{ip: 192.168.36.124, host: pr-hdds-2022-djmxw-136905289, networkLocation: /default-rack, certSerialId: null} moved to stale state. Finalizing its pipelines [PipelineID=a814e56a-908a-424c-ab51-855042afcb54, PipelineID=46086aa2-df86-4cd6-be8d-6740f22b7e0f]
2019-08-23 08:55:46,049 [EventQueue-StaleNodeForStaleNodeHandler] INFO  pipeline.SCMPipelineManager (SCMPipelineManager.java:finalizeAndDestroyPipeline(309)) - destroying pipeline:Pipeline[ Id: a814e56a-908a-424c-ab51-855042afcb54, Nodes: 498c441f-a162-496a-a65b-a10e8976a87e{ip: 192.168.36.124, host: pr-hdds-2022-djmxw-136905289, networkLocation: /default-rack, certSerialId: null}, Type:RATIS, Factor:ONE, State:OPEN]
2019-08-23 08:55:46,050 [EventQueue-StaleNodeForStaleNodeHandler] INFO  pipeline.PipelineStateManager (PipelineStateManager.java:finalizePipeline(123)) - Pipeline Pipeline[ Id: a814e56a-908a-424c-ab51-855042afcb54, Nodes: 498c441f-a162-496a-a65b-a10e8976a87e{ip: 192.168.36.124, host: pr-hdds-2022-djmxw-136905289, networkLocation: /default-rack, certSerialId: null}, Type:RATIS, Factor:ONE, State:CLOSED] moved to CLOSED state
2019-08-23 08:55:46,050 [EventQueue-StaleNodeForStaleNodeHandler] INFO  pipeline.SCMPipelineManager (SCMPipelineManager.java:finalizeAndDestroyPipeline(309)) - destroying pipeline:Pipeline[ Id: 46086aa2-df86-4cd6-be8d-6740f22b7e0f, Nodes: 41a0f0c5-dcae-4957-9d84-a3eda92e3b9a{ip: 192.168.36.124, host: pr-hdds-2022-djmxw-136905289, networkLocation: /default-rack, certSerialId: null}f3be3432-490e-49fc-803e-a9979897b3f3{ip: 192.168.36.124, host: pr-hdds-2022-djmxw-136905289, networkLocation: /default-rack, certSerialId: null}498c441f-a162-496a-a65b-a10e8976a87e{ip: 192.168.36.124, host: pr-hdds-2022-djmxw-136905289, networkLocation: /default-rack, certSerialId: null}, Type:RATIS, Factor:THREE, State:CLOSED]
2019-08-23 08:55:46,058 [main] INFO  ozoneimpl.OzoneContainer (OzoneContainer.java:stop(199)) - Attempting to stop container services.
2019-08-23 08:55:46,058 [ForkJoinPool.commonPool-worker-1] INFO  ozoneimpl.OzoneContainer (OzoneContainer.java:stop(199)) - Attempting to stop container services.
2019-08-23 08:55:46,059 [main] INFO  impl.RaftServerProxy (RaftServerProxy.java:lambda$close$4(314)) - 48bcaf38-66ae-48c7-856d-3b6092bb7fbf: close
2019-08-23 08:55:46,059 [ForkJoinPool.commonPool-worker-1] INFO  impl.RaftServerProxy (RaftServerProxy.java:lambda$close$4(314)) - 498c441f-a162-496a-a65b-a10e8976a87e: close
2019-08-23 08:55:46,059 [main] INFO  impl.RaftServerImpl (RaftServerImpl.java:lambda$shutdown$3(245)) - 48bcaf38-66ae-48c7-856d-3b6092bb7fbf: shutdown group-DC6E7C09DBD8
2019-08-23 08:55:46,059 [ForkJoinPool.commonPool-worker-1] INFO  impl.RaftServerImpl (RaftServerImpl.java:lambda$shutdown$3(245)) - 498c441f-a162-496a-a65b-a10e8976a87e: shutdown group-855042AFCB54
2019-08-23 08:55:46,060 [main] INFO  util.JmxRegister (JmxRegister.java:unregister(73)) - Successfully un-registered JMX Bean with object name Ratis:service=RaftServer,group=group-DC6E7C09DBD8,id=48bcaf38-66ae-48c7-856d-3b6092bb7fbf
2019-08-23 08:55:46,061 [main] INFO  impl.RoleInfo (RoleInfo.java:shutdownLeaderState(104)) - 48bcaf38-66ae-48c7-856d-3b6092bb7fbf: shutdown LeaderState
2019-08-23 08:55:46,060 [ForkJoinPool.commonPool-worker-1] INFO  util.JmxRegister (JmxRegister.java:unregister(73)) - Successfully un-registered JMX Bean with object name Ratis:service=RaftServer,group=group-855042AFCB54,id=498c441f-a162-496a-a65b-a10e8976a87e
2019-08-23 08:55:46,061 [main] INFO  impl.PendingRequests (PendingRequests.java:sendNotLeaderResponses(202)) - 48bcaf38-66ae-48c7-856d-3b6092bb7fbf-PendingRequests: sendNotLeaderResponses
2019-08-23 08:55:46,061 [ForkJoinPool.commonPool-worker-1] INFO  impl.RoleInfo (RoleInfo.java:shutdownLeaderState(104)) - 498c441f-a162-496a-a65b-a10e8976a87e: shutdown LeaderState
2019-08-23 08:55:46,062 [main] INFO  impl.StateMachineUpdater (StateMachineUpdater.java:stopAndJoin(115)) - StateMachineUpdater:48bcaf38-66ae-48c7-856d-3b6092bb7fbf:group-DC6E7C09DBD8: set stopIndex = 0
2019-08-23 08:55:46,063 [main] INFO  impl.RaftServerImpl (ServerState.java:close(394)) - 48bcaf38-66ae-48c7-856d-3b6092bb7fbf:group-DC6E7C09DBD8 closes. The last applied log index is 0
2019-08-23 08:55:46,062 [ForkJoinPool.commonPool-worker-1] INFO  impl.PendingRequests (PendingRequests.java:sendNotLeaderResponses(202)) - 498c441f-a162-496a-a65b-a10e8976a87e-PendingRequests: sendNotLeaderResponses
2019-08-23 08:55:46,063 [48bcaf38-66ae-48c7-856d-3b6092bb7fbf-SegmentedRaftLogWorker:Storage Directory /workdir/hadoop-ozone/integration-test/target/test-dir/MiniOzoneClusterImpl-d13b65ac-93ce-4a90-95b1-b7730ece3208/datanode-4/data/ratis/5c766b12-4dc1-4d2e-8439-dc6e7c09dbd8] INFO  segmented.SegmentedRaftLogWorker (SegmentedRaftLogWorker.java:run(313)) - 48bcaf38-66ae-48c7-856d-3b6092bb7fbf-SegmentedRaftLogWorker:Storage Directory /workdir/hadoop-ozone/integration-test/target/test-dir/MiniOzoneClusterImpl-d13b65ac-93ce-4a90-95b1-b7730ece3208/datanode-4/data/ratis/5c766b12-4dc1-4d2e-8439-dc6e7c09dbd8 was interrupted, exiting. There are 0 tasks remaining in the queue.
2019-08-23 08:55:46,064 [ForkJoinPool.commonPool-worker-1] INFO  impl.StateMachineUpdater (StateMachineUpdater.java:stopAndJoin(115)) - StateMachineUpdater:498c441f-a162-496a-a65b-a10e8976a87e:group-855042AFCB54: set stopIndex = 0
2019-08-23 08:55:46,067 [ForkJoinPool.commonPool-worker-1] INFO  impl.RaftServerImpl (ServerState.java:close(394)) - 498c441f-a162-496a-a65b-a10e8976a87e:group-855042AFCB54 closes. The last applied log index is 0
2019-08-23 08:55:46,068 [498c441f-a162-496a-a65b-a10e8976a87e-SegmentedRaftLogWorker:Storage Directory /workdir/hadoop-ozone/integration-test/target/test-dir/MiniOzoneClusterImpl-d13b65ac-93ce-4a90-95b1-b7730ece3208/datanode-1/data/ratis/a814e56a-908a-424c-ab51-855042afcb54] INFO  segmented.SegmentedRaftLogWorker (SegmentedRaftLogWorker.java:run(313)) - 498c441f-a162-496a-a65b-a10e8976a87e-SegmentedRaftLogWorker:Storage Directory /workdir/hadoop-ozone/integration-test/target/test-dir/MiniOzoneClusterImpl-d13b65ac-93ce-4a90-95b1-b7730ece3208/datanode-1/data/ratis/a814e56a-908a-424c-ab51-855042afcb54 was interrupted, exiting. There are 0 tasks remaining in the queue.
2019-08-23 08:55:46,079 [main] INFO  segmented.SegmentedRaftLogWorker (SegmentedRaftLogWorker.java:close(228)) - 48bcaf38-66ae-48c7-856d-3b6092bb7fbf-SegmentedRaftLogWorker:Storage Directory /workdir/hadoop-ozone/integration-test/target/test-dir/MiniOzoneClusterImpl-d13b65ac-93ce-4a90-95b1-b7730ece3208/datanode-4/data/ratis/5c766b12-4dc1-4d2e-8439-dc6e7c09dbd8 close()
2019-08-23 08:55:46,079 [ForkJoinPool.commonPool-worker-1] INFO  segmented.SegmentedRaftLogWorker (SegmentedRaftLogWorker.java:close(228)) - 498c441f-a162-496a-a65b-a10e8976a87e-SegmentedRaftLogWorker:Storage Directory /workdir/hadoop-ozone/integration-test/target/test-dir/MiniOzoneClusterImpl-d13b65ac-93ce-4a90-95b1-b7730ece3208/datanode-1/data/ratis/a814e56a-908a-424c-ab51-855042afcb54 close()
2019-08-23 08:55:46,084 [main] INFO  impl.RaftServerImpl (RaftServerImpl.java:lambda$shutdown$3(245)) - 48bcaf38-66ae-48c7-856d-3b6092bb7fbf: shutdown group-B4C2C2C34215
2019-08-23 08:55:46,088 [ForkJoinPool.commonPool-worker-1] INFO  impl.RaftServerImpl (RaftServerImpl.java:lambda$shutdown$3(245)) - 498c441f-a162-496a-a65b-a10e8976a87e: shutdown group-6740F22B7E0F
2019-08-23 08:55:46,089 [main] INFO  util.JmxRegister (JmxRegister.java:unregister(73)) - Successfully un-registered JMX Bean with object name Ratis:service=RaftServer,group=group-B4C2C2C34215,id=48bcaf38-66ae-48c7-856d-3b6092bb7fbf
2019-08-23 08:55:46,089 [main] INFO  impl.RoleInfo (RoleInfo.java:shutdownFollowerState(121)) - 48bcaf38-66ae-48c7-856d-3b6092bb7fbf: shutdown FollowerState
2019-08-23 08:55:46,089 [ForkJoinPool.commonPool-worker-1] INFO  util.JmxRegister (JmxRegister.java:unregister(73)) - Successfully un-registered JMX Bean with object name Ratis:service=RaftServer,group=group-6740F22B7E0F,id=498c441f-a162-496a-a65b-a10e8976a87e
2019-08-23 08:55:46,090 [Thread-3644] INFO  impl.FollowerState (FollowerState.java:run(114)) - 48bcaf38-66ae-48c7-856d-3b6092bb7fbf: FollowerState was interrupted: java.lang.InterruptedException: sleep interrupted
2019-08-23 08:55:46,090 [StateMachineUpdater:48bcaf38-66ae-48c7-856d-3b6092bb7fbf:group-B4C2C2C34215] INFO  ratis.ContainerStateMachine (ContainerStateMachine.java:takeSnapshot(283)) - group-B4C2C2C34215: Taking a snapshot at:(t:1, i:14) file /workdir/hadoop-ozone/integration-test/target/test-dir/MiniOzoneClusterImpl-d13b65ac-93ce-4a90-95b1-b7730ece3208/datanode-4/data/ratis/c7923512-507c-4fc8-8bed-b4c2c2c34215/sm/snapshot.1_14
2019-08-23 08:55:46,090 [main] INFO  impl.StateMachineUpdater (StateMachineUpdater.java:stopAndJoin(115)) - StateMachineUpdater:48bcaf38-66ae-48c7-856d-3b6092bb7fbf:group-B4C2C2C34215: set stopIndex = 16
2019-08-23 08:55:46,090 [ForkJoinPool.commonPool-worker-1] INFO  impl.RoleInfo (RoleInfo.java:shutdownLeaderState(104)) - 498c441f-a162-496a-a65b-a10e8976a87e: shutdown LeaderState
2019-08-23 08:55:46,097 [ForkJoinPool.commonPool-worker-1] INFO  impl.PendingRequests (PendingRequests.java:sendNotLeaderResponses(202)) - 498c441f-a162-496a-a65b-a10e8976a87e-PendingRequests: sendNotLeaderResponses
2019-08-23 08:55:46,098 [org.apache.ratis.server.impl.LogAppender$AppenderDaemon$$Lambda$503/1153491327@335d36f6] WARN  server.GrpcLogAppender (GrpcLogAppender.java:mayWait(143)) - GrpcLogAppender(498c441f-a162-496a-a65b-a10e8976a87e->41a0f0c5-dcae-4957-9d84-a3eda92e3b9a): Wait interrupted by java.lang.InterruptedException
2019-08-23 08:55:46,097 [org.apache.ratis.server.impl.LogAppender$AppenderDaemon$$Lambda$503/1153491327@3290489f] WARN  server.GrpcLogAppender (GrpcLogAppender.java:mayWait(143)) - GrpcLogAppender(498c441f-a162-496a-a65b-a10e8976a87e->f3be3432-490e-49fc-803e-a9979897b3f3): Wait interrupted by java.lang.InterruptedException
2019-08-23 08:55:46,100 [ForkJoinPool.commonPool-worker-1] INFO  impl.StateMachineUpdater (StateMachineUpdater.java:stopAndJoin(115)) - StateMachineUpdater:498c441f-a162-496a-a65b-a10e8976a87e:group-6740F22B7E0F: set stopIndex = 18
2019-08-23 08:55:46,100 [StateMachineUpdater:498c441f-a162-496a-a65b-a10e8976a87e:group-6740F22B7E0F] INFO  ratis.ContainerStateMachine (ContainerStateMachine.java:takeSnapshot(283)) - group-6740F22B7E0F: Taking a snapshot at:(t:1, i:14) file /workdir/hadoop-ozone/integration-test/target/test-dir/MiniOzoneClusterImpl-d13b65ac-93ce-4a90-95b1-b7730ece3208/datanode-1/data/ratis/46086aa2-df86-4cd6-be8d-6740f22b7e0f/sm/snapshot.1_14
2019-08-23 08:55:46,101 [grpc-default-executor-11] INFO  server.GrpcServerProtocolService (GrpcServerProtocolService.java:onCompleted(104)) - f3be3432-490e-49fc-803e-a9979897b3f3: appendEntries completed
2019-08-23 08:55:46,101 [grpc-default-executor-11] INFO  server.GrpcLogAppender (GrpcLogAppender.java:onCompleted(292)) - 498c441f-a162-496a-a65b-a10e8976a87e->f3be3432-490e-49fc-803e-a9979897b3f3: follower responses appendEntries COMPLETED
2019-08-23 08:55:46,102 [grpc-default-executor-11] INFO  impl.FollowerInfo (FollowerInfo.java:lambda$new$0(50)) - 498c441f-a162-496a-a65b-a10e8976a87e->f3be3432-490e-49fc-803e-a9979897b3f3: nextIndex: updateUnconditionally 19 -> 18
2019-08-23 08:55:46,513 | INFO  | SCMAudit | user=jenkins1000 | ip=192.168.36.124 | op=SEND_HEARTBEAT {datanodeUUID=cafcd2ac-2701-4bb3-84b5-de2b0f6030b4, command=[]} | ret=SUCCESS |  
2019-08-23 08:55:46,713 | INFO  | SCMAudit | user=jenkins1000 | ip=192.168.36.124 | op=SEND_HEARTBEAT {datanodeUUID=6fb3350c-4c0c-4ad1-9d97-675c347d9711, command=[commandType: closeContainerCommand closeContainerCommandProto { containerID: 2 pipelineID { id: "c7923512-507c-4fc8-8bed-b4c2c2c34215" } cmdId: 2 force: false } ]} | ret=SUCCESS |  
2019-08-23 08:55:46,713 | INFO  | SCMAudit | user=jenkins1000 | ip=192.168.36.124 | op=SEND_HEARTBEAT {datanodeUUID=a29ade88-09c6-4e36-bef3-0197625c25fd, command=[commandType: closeContainerCommand closeContainerCommandProto { containerID: 2 pipelineID { id: "c7923512-507c-4fc8-8bed-b4c2c2c34215" } cmdId: 2 force: false } ]} | ret=SUCCESS |  
2019-08-23 08:55:46,813 [StateMachineUpdater:498c441f-a162-496a-a65b-a10e8976a87e:group-6740F22B7E0F] INFO  ratis.ContainerStateMachine (ContainerStateMachine.java:takeSnapshot(294)) - group-6740F22B7E0F: Finished taking a snapshot at:(t:1, i:14) file:/workdir/hadoop-ozone/integration-test/target/test-dir/MiniOzoneClusterImpl-d13b65ac-93ce-4a90-95b1-b7730ece3208/datanode-1/data/ratis/46086aa2-df86-4cd6-be8d-6740f22b7e0f/sm/snapshot.1_14 time:713
2019-08-23 08:55:46,813 [StateMachineUpdater:48bcaf38-66ae-48c7-856d-3b6092bb7fbf:group-B4C2C2C34215] INFO  ratis.ContainerStateMachine (ContainerStateMachine.java:takeSnapshot(294)) - group-B4C2C2C34215: Finished taking a snapshot at:(t:1, i:14) file:/workdir/hadoop-ozone/integration-test/target/test-dir/MiniOzoneClusterImpl-d13b65ac-93ce-4a90-95b1-b7730ece3208/datanode-4/data/ratis/c7923512-507c-4fc8-8bed-b4c2c2c34215/sm/snapshot.1_14 time:723
2019-08-23 08:55:46,813 [StateMachineUpdater:498c441f-a162-496a-a65b-a10e8976a87e:group-6740F22B7E0F] INFO  impl.StateMachineUpdater (StateMachineUpdater.java:takeSnapshot(242)) - StateMachineUpdater:498c441f-a162-496a-a65b-a10e8976a87e:group-6740F22B7E0F: Took a snapshot at index 14
2019-08-23 08:55:46,813 [StateMachineUpdater:48bcaf38-66ae-48c7-856d-3b6092bb7fbf:group-B4C2C2C34215] INFO  impl.StateMachineUpdater (StateMachineUpdater.java:takeSnapshot(242)) - StateMachineUpdater:48bcaf38-66ae-48c7-856d-3b6092bb7fbf:group-B4C2C2C34215: Took a snapshot at index 14
2019-08-23 08:55:46,813 [StateMachineUpdater:498c441f-a162-496a-a65b-a10e8976a87e:group-6740F22B7E0F] INFO  impl.StateMachineUpdater (StateMachineUpdater.java:lambda$new$0(80)) - StateMachineUpdater:498c441f-a162-496a-a65b-a10e8976a87e:group-6740F22B7E0F: snapshotIndex: updateIncreasingly -1 -> 14
2019-08-23 08:55:46,813 [StateMachineUpdater:48bcaf38-66ae-48c7-856d-3b6092bb7fbf:group-B4C2C2C34215] INFO  impl.StateMachineUpdater (StateMachineUpdater.java:lambda$new$0(80)) - StateMachineUpdater:48bcaf38-66ae-48c7-856d-3b6092bb7fbf:group-B4C2C2C34215: snapshotIndex: updateIncreasingly -1 -> 14
2019-08-23 08:55:46,814 [ForkJoinPool.commonPool-worker-1] INFO  impl.RaftServerImpl (ServerState.java:close(394)) - 498c441f-a162-496a-a65b-a10e8976a87e:group-6740F22B7E0F closes. The last applied log index is 18
2019-08-23 08:55:46,814 [main] INFO  impl.RaftServerImpl (ServerState.java:close(394)) - 48bcaf38-66ae-48c7-856d-3b6092bb7fbf:group-B4C2C2C34215 closes. The last applied log index is 16
2019-08-23 08:55:46,815 [498c441f-a162-496a-a65b-a10e8976a87e-SegmentedRaftLogWorker:Storage Directory /workdir/hadoop-ozone/integration-test/target/test-dir/MiniOzoneClusterImpl-d13b65ac-93ce-4a90-95b1-b7730ece3208/datanode-1/data/ratis/46086aa2-df86-4cd6-be8d-6740f22b7e0f] INFO  segmented.SegmentedRaftLogWorker (SegmentedRaftLogWorker.java:run(313)) - 498c441f-a162-496a-a65b-a10e8976a87e-SegmentedRaftLogWorker:Storage Directory /workdir/hadoop-ozone/integration-test/target/test-dir/MiniOzoneClusterImpl-d13b65ac-93ce-4a90-95b1-b7730ece3208/datanode-1/data/ratis/46086aa2-df86-4cd6-be8d-6740f22b7e0f was interrupted, exiting. There are 0 tasks remaining in the queue.
2019-08-23 08:55:46,815 [48bcaf38-66ae-48c7-856d-3b6092bb7fbf-SegmentedRaftLogWorker:Storage Directory /workdir/hadoop-ozone/integration-test/target/test-dir/MiniOzoneClusterImpl-d13b65ac-93ce-4a90-95b1-b7730ece3208/datanode-4/data/ratis/c7923512-507c-4fc8-8bed-b4c2c2c34215] INFO  segmented.SegmentedRaftLogWorker (SegmentedRaftLogWorker.java:run(313)) - 48bcaf38-66ae-48c7-856d-3b6092bb7fbf-SegmentedRaftLogWorker:Storage Directory /workdir/hadoop-ozone/integration-test/target/test-dir/MiniOzoneClusterImpl-d13b65ac-93ce-4a90-95b1-b7730ece3208/datanode-4/data/ratis/c7923512-507c-4fc8-8bed-b4c2c2c34215 was interrupted, exiting. There are 0 tasks remaining in the queue.
2019-08-23 08:55:46,818 [ForkJoinPool.commonPool-worker-1] INFO  segmented.SegmentedRaftLogWorker (SegmentedRaftLogWorker.java:close(228)) - 498c441f-a162-496a-a65b-a10e8976a87e-SegmentedRaftLogWorker:Storage Directory /workdir/hadoop-ozone/integration-test/target/test-dir/MiniOzoneClusterImpl-d13b65ac-93ce-4a90-95b1-b7730ece3208/datanode-1/data/ratis/46086aa2-df86-4cd6-be8d-6740f22b7e0f close()
2019-08-23 08:55:46,820 [main] INFO  segmented.SegmentedRaftLogWorker (SegmentedRaftLogWorker.java:close(228)) - 48bcaf38-66ae-48c7-856d-3b6092bb7fbf-SegmentedRaftLogWorker:Storage Directory /workdir/hadoop-ozone/integration-test/target/test-dir/MiniOzoneClusterImpl-d13b65ac-93ce-4a90-95b1-b7730ece3208/datanode-4/data/ratis/c7923512-507c-4fc8-8bed-b4c2c2c34215 close()
2019-08-23 08:55:46,824 [ForkJoinPool.commonPool-worker-1] INFO  server.GrpcService (GrpcService.java:closeImpl(155)) - 498c441f-a162-496a-a65b-a10e8976a87e: shutdown server with port 43487 now
2019-08-23 08:55:46,827 [main] INFO  server.GrpcService (GrpcService.java:closeImpl(155)) - 48bcaf38-66ae-48c7-856d-3b6092bb7fbf: shutdown server with port 45416 now
2019-08-23 08:55:46,828 [ForkJoinPool.commonPool-worker-1] INFO  server.GrpcService (GrpcService.java:closeImpl(163)) - 498c441f-a162-496a-a65b-a10e8976a87e: shutdown server with port 43487 successfully
2019-08-23 08:55:46,829 [grpc-default-executor-9] WARN  server.GrpcServerProtocolService (LogUtils.java:warn(134)) - 48bcaf38-66ae-48c7-856d-3b6092bb7fbf: appendEntries onError: org.apache.ratis.thirdparty.io.grpc.StatusRuntimeException: CANCELLED: cancelled before receiving half close
2019-08-23 08:55:46,829 [main] INFO  server.GrpcService (GrpcService.java:closeImpl(163)) - 48bcaf38-66ae-48c7-856d-3b6092bb7fbf: shutdown server with port 45416 successfully
2019-08-23 08:55:46,829 [grpc-default-executor-1] WARN  server.GrpcLogAppender (LogUtils.java:warn(134)) - 6fb3350c-4c0c-4ad1-9d97-675c347d9711->48bcaf38-66ae-48c7-856d-3b6092bb7fbf: Failed appendEntries: org.apache.ratis.thirdparty.io.grpc.StatusRuntimeException: CANCELLED: HTTP/2 error code: CANCEL
Received Rst Stream
2019-08-23 08:55:46,830 [grpc-default-executor-1] INFO  impl.FollowerInfo (FollowerInfo.java:lambda$new$0(50)) - 6fb3350c-4c0c-4ad1-9d97-675c347d9711->48bcaf38-66ae-48c7-856d-3b6092bb7fbf: nextIndex: updateUnconditionally 17 -> 16
2019-08-23 08:55:46,830 [ForkJoinPool.commonPool-worker-1] INFO  utils.BackgroundService (BackgroundService.java:shutdown(148)) - Shutting down service BlockDeletingService
2019-08-23 08:55:46,832 [main] INFO  utils.BackgroundService (BackgroundService.java:shutdown(148)) - Shutting down service BlockDeletingService
2019-08-23 08:55:46,833 [refreshUsed-/workdir/hadoop-ozone/integration-test/target/test-dir/MiniOzoneClusterImpl-d13b65ac-93ce-4a90-95b1-b7730ece3208/datanode-1/data/containers] WARN  fs.CachingGetSpaceUsed (CachingGetSpaceUsed.java:run(183)) - Thread Interrupted waiting to refresh disk information: sleep interrupted
2019-08-23 08:55:46,834 [refreshUsed-/workdir/hadoop-ozone/integration-test/target/test-dir/MiniOzoneClusterImpl-d13b65ac-93ce-4a90-95b1-b7730ece3208/datanode-4/data/containers] WARN  fs.CachingGetSpaceUsed (CachingGetSpaceUsed.java:run(183)) - Thread Interrupted waiting to refresh disk information: sleep interrupted
2019-08-23 08:55:46,855 [main] INFO  statemachine.DatanodeStateMachine (DatanodeStateMachine.java:stopDaemon(395)) - Ozone container server stopped.
2019-08-23 08:55:46,856 [main] INFO  handler.ContextHandler (ContextHandler.java:doStop(910)) - Stopped o.e.j.w.WebAppContext@49c3487f{/,null,UNAVAILABLE}{/hddsDatanode}
2019-08-23 08:55:46,857 [main] INFO  server.AbstractConnector (AbstractConnector.java:doStop(318)) - Stopped ServerConnector@1e6a8d01{HTTP/1.1,[http/1.1]}{0.0.0.0:0}
2019-08-23 08:55:46,857 [main] INFO  handler.ContextHandler (ContextHandler.java:doStop(910)) - Stopped o.e.j.s.ServletContextHandler@236a6a2a{/static,jar:file:/home/user/.m2/repository/org/apache/hadoop/hadoop-hdds-container-service/0.5.0-SNAPSHOT/hadoop-hdds-container-service-0.5.0-SNAPSHOT.jar!/webapps/static,UNAVAILABLE}
2019-08-23 08:55:46,857 [main] INFO  handler.ContextHandler (ContextHandler.java:doStop(910)) - Stopped o.e.j.s.ServletContextHandler@1fcef7{/logs,file:///workdir/hadoop-ozone/integration-test/target/log,UNAVAILABLE}
2019-08-23 08:55:46,859 [main] INFO  datanode.ObjectStoreHandler (ObjectStoreHandler.java:close(155)) - Closing ObjectStoreHandler.
2019-08-23 08:55:46,859 [main] INFO  ozone.HddsDatanodeService (HddsDatanodeService.java:stop(451)) - Stopped plug-in org.apache.hadoop.ozone.web.OzoneHddsDatanodeService@12504d49
2019-08-23 08:55:46,863 [ForkJoinPool.commonPool-worker-1] INFO  statemachine.DatanodeStateMachine (DatanodeStateMachine.java:stopDaemon(395)) - Ozone container server stopped.
2019-08-23 08:55:46,867 [ForkJoinPool.commonPool-worker-1] INFO  handler.ContextHandler (ContextHandler.java:doStop(910)) - Stopped o.e.j.w.WebAppContext@525aadf2{/,null,UNAVAILABLE}{/hddsDatanode}
2019-08-23 08:55:46,868 [ForkJoinPool.commonPool-worker-1] INFO  server.AbstractConnector (AbstractConnector.java:doStop(318)) - Stopped ServerConnector@203b98cf{HTTP/1.1,[http/1.1]}{0.0.0.0:0}
2019-08-23 08:55:46,869 [ForkJoinPool.commonPool-worker-1] INFO  handler.ContextHandler (ContextHandler.java:doStop(910)) - Stopped o.e.j.s.ServletContextHandler@10d8769e{/static,jar:file:/home/user/.m2/repository/org/apache/hadoop/hadoop-hdds-container-service/0.5.0-SNAPSHOT/hadoop-hdds-container-service-0.5.0-SNAPSHOT.jar!/webapps/static,UNAVAILABLE}
2019-08-23 08:55:46,870 [ForkJoinPool.commonPool-worker-1] INFO  handler.ContextHandler (ContextHandler.java:doStop(910)) - Stopped o.e.j.s.ServletContextHandler@72f71ea2{/logs,file:///workdir/hadoop-ozone/integration-test/target/log,UNAVAILABLE}
2019-08-23 08:55:46,871 [ForkJoinPool.commonPool-worker-1] INFO  datanode.ObjectStoreHandler (ObjectStoreHandler.java:close(155)) - Closing ObjectStoreHandler.
2019-08-23 08:55:46,872 [ForkJoinPool.commonPool-worker-1] INFO  ozone.HddsDatanodeService (HddsDatanodeService.java:stop(451)) - Stopped plug-in org.apache.hadoop.ozone.web.OzoneHddsDatanodeService@5b256ab5
2019-08-23 08:55:46,986 [Datanode State Machine Thread - 0] INFO  statemachine.DatanodeStateMachine (DatanodeStateMachine.java:lambda$startDaemon$0(350)) - Ozone container server started.
2019-08-23 08:55:47,513 | INFO  | SCMAudit | user=jenkins1000 | ip=192.168.36.124 | op=SEND_HEARTBEAT {datanodeUUID=cafcd2ac-2701-4bb3-84b5-de2b0f6030b4, command=[]} | ret=SUCCESS |  
2019-08-23 08:55:47,712 [Datanode State Machine Thread - 0] INFO  statemachine.DatanodeStateMachine (DatanodeStateMachine.java:lambda$startDaemon$0(350)) - Ozone container server started.
2019-08-23 08:55:47,712 | INFO  | SCMAudit | user=jenkins1000 | ip=192.168.36.124 | op=SEND_HEARTBEAT {datanodeUUID=a29ade88-09c6-4e36-bef3-0197625c25fd, command=[]} | ret=SUCCESS |  
2019-08-23 08:55:48,513 | INFO  | SCMAudit | user=jenkins1000 | ip=192.168.36.124 | op=SEND_HEARTBEAT {datanodeUUID=cafcd2ac-2701-4bb3-84b5-de2b0f6030b4, command=[]} | ret=SUCCESS |  
2019-08-23 08:55:48,532 [grpc-default-executor-9] WARN  server.GrpcLogAppender (LogUtils.java:warn(134)) - 6fb3350c-4c0c-4ad1-9d97-675c347d9711->48bcaf38-66ae-48c7-856d-3b6092bb7fbf: Failed appendEntries: org.apache.ratis.thirdparty.io.grpc.StatusRuntimeException: UNAVAILABLE: io exception
2019-08-23 08:55:48,533 [grpc-default-executor-9] INFO  impl.FollowerInfo (FollowerInfo.java:lambda$new$0(50)) - 6fb3350c-4c0c-4ad1-9d97-675c347d9711->48bcaf38-66ae-48c7-856d-3b6092bb7fbf: nextIndex: updateUnconditionally 16 -> 15
2019-08-23 08:55:48,713 | INFO  | SCMAudit | user=jenkins1000 | ip=192.168.36.124 | op=SEND_HEARTBEAT {datanodeUUID=a29ade88-09c6-4e36-bef3-0197625c25fd, command=[]} | ret=SUCCESS |  
2019-08-23 08:55:49,514 | INFO  | SCMAudit | user=jenkins1000 | ip=192.168.36.124 | op=SEND_HEARTBEAT {datanodeUUID=cafcd2ac-2701-4bb3-84b5-de2b0f6030b4, command=[]} | ret=SUCCESS |  
2019-08-23 08:55:49,638 | INFO  | SCMAudit | user=jenkins1000 | ip=192.168.36.124 | op=SEND_HEARTBEAT {datanodeUUID=a29ade88-09c6-4e36-bef3-0197625c25fd, command=[]} | ret=SUCCESS |  
2019-08-23 08:55:50,514 | INFO  | SCMAudit | user=jenkins1000 | ip=192.168.36.124 | op=SEND_HEARTBEAT {datanodeUUID=cafcd2ac-2701-4bb3-84b5-de2b0f6030b4, command=[]} | ret=SUCCESS |  
2019-08-23 08:55:50,638 | INFO  | SCMAudit | user=jenkins1000 | ip=192.168.36.124 | op=SEND_HEARTBEAT {datanodeUUID=a29ade88-09c6-4e36-bef3-0197625c25fd, command=[]} | ret=SUCCESS |  
2019-08-23 08:55:51,033 [grpc-default-executor-1] WARN  server.GrpcLogAppender (LogUtils.java:warn(134)) - 6fb3350c-4c0c-4ad1-9d97-675c347d9711->48bcaf38-66ae-48c7-856d-3b6092bb7fbf: Failed appendEntries: org.apache.ratis.thirdparty.io.grpc.StatusRuntimeException: UNAVAILABLE: io exception
2019-08-23 08:55:51,034 [grpc-default-executor-1] INFO  impl.FollowerInfo (FollowerInfo.java:lambda$new$0(50)) - 6fb3350c-4c0c-4ad1-9d97-675c347d9711->48bcaf38-66ae-48c7-856d-3b6092bb7fbf: nextIndex: updateUnconditionally 15 -> 14
2019-08-23 08:55:51,055 [EventQueue-StaleNodeForStaleNodeHandler] INFO  node.StaleNodeHandler (StaleNodeHandler.java:onMessage(58)) - Datanode f3be3432-490e-49fc-803e-a9979897b3f3{ip: 192.168.36.124, host: pr-hdds-2022-djmxw-136905289, networkLocation: /default-rack, certSerialId: null} moved to stale state. Finalizing its pipelines [PipelineID=46086aa2-df86-4cd6-be8d-6740f22b7e0f, PipelineID=37aadf20-4781-43ab-8270-55387c273d29]
2019-08-23 08:55:51,056 [EventQueue-StaleNodeForStaleNodeHandler] INFO  pipeline.SCMPipelineManager (SCMPipelineManager.java:finalizeAndDestroyPipeline(309)) - destroying pipeline:Pipeline[ Id: 46086aa2-df86-4cd6-be8d-6740f22b7e0f, Nodes: 41a0f0c5-dcae-4957-9d84-a3eda92e3b9a{ip: 192.168.36.124, host: pr-hdds-2022-djmxw-136905289, networkLocation: /default-rack, certSerialId: null}f3be3432-490e-49fc-803e-a9979897b3f3{ip: 192.168.36.124, host: pr-hdds-2022-djmxw-136905289, networkLocation: /default-rack, certSerialId: null}498c441f-a162-496a-a65b-a10e8976a87e{ip: 192.168.36.124, host: pr-hdds-2022-djmxw-136905289, networkLocation: /default-rack, certSerialId: null}, Type:RATIS, Factor:THREE, State:CLOSED]
2019-08-23 08:55:51,056 [EventQueue-StaleNodeForStaleNodeHandler] INFO  pipeline.SCMPipelineManager (SCMPipelineManager.java:finalizeAndDestroyPipeline(309)) - destroying pipeline:Pipeline[ Id: 37aadf20-4781-43ab-8270-55387c273d29, Nodes: f3be3432-490e-49fc-803e-a9979897b3f3{ip: 192.168.36.124, host: pr-hdds-2022-djmxw-136905289, networkLocation: /default-rack, certSerialId: null}, Type:RATIS, Factor:ONE, State:OPEN]
2019-08-23 08:55:51,056 [EventQueue-StaleNodeForStaleNodeHandler] INFO  pipeline.PipelineStateManager (PipelineStateManager.java:finalizePipeline(123)) - Pipeline Pipeline[ Id: 37aadf20-4781-43ab-8270-55387c273d29, Nodes: f3be3432-490e-49fc-803e-a9979897b3f3{ip: 192.168.36.124, host: pr-hdds-2022-djmxw-136905289, networkLocation: /default-rack, certSerialId: null}, Type:RATIS, Factor:ONE, State:CLOSED] moved to CLOSED state
2019-08-23 08:55:51,515 | INFO  | SCMAudit | user=jenkins1000 | ip=192.168.36.124 | op=SEND_HEARTBEAT {datanodeUUID=cafcd2ac-2701-4bb3-84b5-de2b0f6030b4, command=[]} | ret=SUCCESS |  
2019-08-23 08:55:51,638 | INFO  | SCMAudit | user=jenkins1000 | ip=192.168.36.124 | op=SEND_HEARTBEAT {datanodeUUID=a29ade88-09c6-4e36-bef3-0197625c25fd, command=[]} | ret=SUCCESS |  
2019-08-23 08:55:51,756 [EventQueue-StaleNodeForStaleNodeHandler] INFO  node.StaleNodeHandler (StaleNodeHandler.java:onMessage(58)) - Datanode 6fb3350c-4c0c-4ad1-9d97-675c347d9711{ip: 192.168.36.124, host: pr-hdds-2022-djmxw-136905289, networkLocation: /default-rack, certSerialId: null} moved to stale state. Finalizing its pipelines [PipelineID=c7923512-507c-4fc8-8bed-b4c2c2c34215, PipelineID=26886aa7-0cc7-481a-b5f1-86582d18f9fd]
2019-08-23 08:55:51,757 [EventQueue-StaleNodeForStaleNodeHandler] INFO  pipeline.SCMPipelineManager (SCMPipelineManager.java:finalizeAndDestroyPipeline(309)) - destroying pipeline:Pipeline[ Id: c7923512-507c-4fc8-8bed-b4c2c2c34215, Nodes: 48bcaf38-66ae-48c7-856d-3b6092bb7fbf{ip: 192.168.36.124, host: pr-hdds-2022-djmxw-136905289, networkLocation: /default-rack, certSerialId: null}6fb3350c-4c0c-4ad1-9d97-675c347d9711{ip: 192.168.36.124, host: pr-hdds-2022-djmxw-136905289, networkLocation: /default-rack, certSerialId: null}a29ade88-09c6-4e36-bef3-0197625c25fd{ip: 192.168.36.124, host: pr-hdds-2022-djmxw-136905289, networkLocation: /default-rack, certSerialId: null}, Type:RATIS, Factor:THREE, State:CLOSED]
2019-08-23 08:55:51,757 [EventQueue-StaleNodeForStaleNodeHandler] INFO  pipeline.SCMPipelineManager (SCMPipelineManager.java:finalizeAndDestroyPipeline(309)) - destroying pipeline:Pipeline[ Id: 26886aa7-0cc7-481a-b5f1-86582d18f9fd, Nodes: 6fb3350c-4c0c-4ad1-9d97-675c347d9711{ip: 192.168.36.124, host: pr-hdds-2022-djmxw-136905289, networkLocation: /default-rack, certSerialId: null}, Type:RATIS, Factor:ONE, State:OPEN]
2019-08-23 08:55:51,757 [EventQueue-StaleNodeForStaleNodeHandler] INFO  pipeline.PipelineStateManager (PipelineStateManager.java:finalizePipeline(123)) - Pipeline Pipeline[ Id: 26886aa7-0cc7-481a-b5f1-86582d18f9fd, Nodes: 6fb3350c-4c0c-4ad1-9d97-675c347d9711{ip: 192.168.36.124, host: pr-hdds-2022-djmxw-136905289, networkLocation: /default-rack, certSerialId: null}, Type:RATIS, Factor:ONE, State:CLOSED] moved to CLOSED state
2019-08-23 08:55:51,860 [main] INFO  ozoneimpl.OzoneContainer (OzoneContainer.java:stop(199)) - Attempting to stop container services.
2019-08-23 08:55:51,861 [main] INFO  impl.RaftServerProxy (RaftServerProxy.java:lambda$close$4(314)) - 6fb3350c-4c0c-4ad1-9d97-675c347d9711: close
2019-08-23 08:55:51,861 [main] INFO  impl.RaftServerImpl (RaftServerImpl.java:lambda$shutdown$3(245)) - 6fb3350c-4c0c-4ad1-9d97-675c347d9711: shutdown group-B4C2C2C34215
2019-08-23 08:55:51,861 [main] INFO  util.JmxRegister (JmxRegister.java:unregister(73)) - Successfully un-registered JMX Bean with object name Ratis:service=RaftServer,group=group-B4C2C2C34215,id=6fb3350c-4c0c-4ad1-9d97-675c347d9711
2019-08-23 08:55:51,862 [main] INFO  impl.RoleInfo (RoleInfo.java:shutdownLeaderState(104)) - 6fb3350c-4c0c-4ad1-9d97-675c347d9711: shutdown LeaderState
2019-08-23 08:55:51,866 [main] INFO  impl.PendingRequests (PendingRequests.java:sendNotLeaderResponses(202)) - 6fb3350c-4c0c-4ad1-9d97-675c347d9711-PendingRequests: sendNotLeaderResponses
2019-08-23 08:55:51,866 [org.apache.ratis.server.impl.LogAppender$AppenderDaemon$$Lambda$503/1153491327@10946b74] WARN  server.GrpcLogAppender (GrpcLogAppender.java:mayWait(143)) - GrpcLogAppender(6fb3350c-4c0c-4ad1-9d97-675c347d9711->48bcaf38-66ae-48c7-856d-3b6092bb7fbf): Wait interrupted by java.lang.InterruptedException
2019-08-23 08:55:51,869 [main] INFO  impl.StateMachineUpdater (StateMachineUpdater.java:stopAndJoin(115)) - StateMachineUpdater:6fb3350c-4c0c-4ad1-9d97-675c347d9711:group-B4C2C2C34215: set stopIndex = 16
2019-08-23 08:55:51,866 [org.apache.ratis.server.impl.LogAppender$AppenderDaemon$$Lambda$503/1153491327@5596e702] WARN  server.GrpcLogAppender (GrpcLogAppender.java:mayWait(143)) - GrpcLogAppender(6fb3350c-4c0c-4ad1-9d97-675c347d9711->a29ade88-09c6-4e36-bef3-0197625c25fd): Wait interrupted by java.lang.InterruptedException
2019-08-23 08:55:51,870 [StateMachineUpdater:6fb3350c-4c0c-4ad1-9d97-675c347d9711:group-B4C2C2C34215] INFO  ratis.ContainerStateMachine (ContainerStateMachine.java:takeSnapshot(283)) - group-B4C2C2C34215: Taking a snapshot at:(t:1, i:14) file /workdir/hadoop-ozone/integration-test/target/test-dir/MiniOzoneClusterImpl-d13b65ac-93ce-4a90-95b1-b7730ece3208/datanode-3/data/ratis/c7923512-507c-4fc8-8bed-b4c2c2c34215/sm/snapshot.1_14
2019-08-23 08:55:51,872 [grpc-default-executor-1] INFO  server.GrpcServerProtocolService (GrpcServerProtocolService.java:onCompleted(104)) - a29ade88-09c6-4e36-bef3-0197625c25fd: appendEntries completed
2019-08-23 08:55:51,872 [ForkJoinPool.commonPool-worker-1] INFO  ozoneimpl.OzoneContainer (OzoneContainer.java:stop(199)) - Attempting to stop container services.
2019-08-23 08:55:51,873 [grpc-default-executor-9] INFO  server.GrpcLogAppender (GrpcLogAppender.java:onCompleted(292)) - 6fb3350c-4c0c-4ad1-9d97-675c347d9711->a29ade88-09c6-4e36-bef3-0197625c25fd: follower responses appendEntries COMPLETED
2019-08-23 08:55:51,873 [ForkJoinPool.commonPool-worker-1] INFO  impl.RaftServerProxy (RaftServerProxy.java:lambda$close$4(314)) - f3be3432-490e-49fc-803e-a9979897b3f3: close
2019-08-23 08:55:51,873 [grpc-default-executor-9] INFO  impl.FollowerInfo (FollowerInfo.java:lambda$new$0(50)) - 6fb3350c-4c0c-4ad1-9d97-675c347d9711->a29ade88-09c6-4e36-bef3-0197625c25fd: nextIndex: updateUnconditionally 17 -> 16
2019-08-23 08:55:51,873 [ForkJoinPool.commonPool-worker-1] INFO  impl.RaftServerImpl (RaftServerImpl.java:lambda$shutdown$3(245)) - f3be3432-490e-49fc-803e-a9979897b3f3: shutdown group-6740F22B7E0F
2019-08-23 08:55:51,874 [ForkJoinPool.commonPool-worker-1] INFO  util.JmxRegister (JmxRegister.java:unregister(73)) - Successfully un-registered JMX Bean with object name Ratis:service=RaftServer,group=group-6740F22B7E0F,id=f3be3432-490e-49fc-803e-a9979897b3f3
2019-08-23 08:55:51,874 [ForkJoinPool.commonPool-worker-1] INFO  impl.RoleInfo (RoleInfo.java:shutdownFollowerState(121)) - f3be3432-490e-49fc-803e-a9979897b3f3: shutdown FollowerState
2019-08-23 08:55:51,874 [ForkJoinPool.commonPool-worker-1] INFO  impl.StateMachineUpdater (StateMachineUpdater.java:stopAndJoin(115)) - StateMachineUpdater:f3be3432-490e-49fc-803e-a9979897b3f3:group-6740F22B7E0F: set stopIndex = 18
2019-08-23 08:55:51,874 [Thread-3764] INFO  impl.FollowerState (FollowerState.java:run(114)) - f3be3432-490e-49fc-803e-a9979897b3f3: FollowerState was interrupted: java.lang.InterruptedException: sleep interrupted
2019-08-23 08:55:51,874 [StateMachineUpdater:f3be3432-490e-49fc-803e-a9979897b3f3:group-6740F22B7E0F] INFO  ratis.ContainerStateMachine (ContainerStateMachine.java:takeSnapshot(283)) - group-6740F22B7E0F: Taking a snapshot at:(t:1, i:14) file /workdir/hadoop-ozone/integration-test/target/test-dir/MiniOzoneClusterImpl-d13b65ac-93ce-4a90-95b1-b7730ece3208/datanode-2/data/ratis/46086aa2-df86-4cd6-be8d-6740f22b7e0f/sm/snapshot.1_14
2019-08-23 08:55:51,887 [StateMachineUpdater:6fb3350c-4c0c-4ad1-9d97-675c347d9711:group-B4C2C2C34215] INFO  ratis.ContainerStateMachine (ContainerStateMachine.java:takeSnapshot(294)) - group-B4C2C2C34215: Finished taking a snapshot at:(t:1, i:14) file:/workdir/hadoop-ozone/integration-test/target/test-dir/MiniOzoneClusterImpl-d13b65ac-93ce-4a90-95b1-b7730ece3208/datanode-3/data/ratis/c7923512-507c-4fc8-8bed-b4c2c2c34215/sm/snapshot.1_14 time:18
2019-08-23 08:55:51,888 [StateMachineUpdater:6fb3350c-4c0c-4ad1-9d97-675c347d9711:group-B4C2C2C34215] INFO  impl.StateMachineUpdater (StateMachineUpdater.java:takeSnapshot(242)) - StateMachineUpdater:6fb3350c-4c0c-4ad1-9d97-675c347d9711:group-B4C2C2C34215: Took a snapshot at index 14
2019-08-23 08:55:51,888 [StateMachineUpdater:6fb3350c-4c0c-4ad1-9d97-675c347d9711:group-B4C2C2C34215] INFO  impl.StateMachineUpdater (StateMachineUpdater.java:lambda$new$0(80)) - StateMachineUpdater:6fb3350c-4c0c-4ad1-9d97-675c347d9711:group-B4C2C2C34215: snapshotIndex: updateIncreasingly -1 -> 14
2019-08-23 08:55:51,888 [main] INFO  impl.RaftServerImpl (ServerState.java:close(394)) - 6fb3350c-4c0c-4ad1-9d97-675c347d9711:group-B4C2C2C34215 closes. The last applied log index is 16
2019-08-23 08:55:51,889 [6fb3350c-4c0c-4ad1-9d97-675c347d9711-SegmentedRaftLogWorker:Storage Directory /workdir/hadoop-ozone/integration-test/target/test-dir/MiniOzoneClusterImpl-d13b65ac-93ce-4a90-95b1-b7730ece3208/datanode-3/data/ratis/c7923512-507c-4fc8-8bed-b4c2c2c34215] INFO  segmented.SegmentedRaftLogWorker (SegmentedRaftLogWorker.java:run(313)) - 6fb3350c-4c0c-4ad1-9d97-675c347d9711-SegmentedRaftLogWorker:Storage Directory /workdir/hadoop-ozone/integration-test/target/test-dir/MiniOzoneClusterImpl-d13b65ac-93ce-4a90-95b1-b7730ece3208/datanode-3/data/ratis/c7923512-507c-4fc8-8bed-b4c2c2c34215 was interrupted, exiting. There are 0 tasks remaining in the queue.
2019-08-23 08:55:51,891 [main] INFO  segmented.SegmentedRaftLogWorker (SegmentedRaftLogWorker.java:close(228)) - 6fb3350c-4c0c-4ad1-9d97-675c347d9711-SegmentedRaftLogWorker:Storage Directory /workdir/hadoop-ozone/integration-test/target/test-dir/MiniOzoneClusterImpl-d13b65ac-93ce-4a90-95b1-b7730ece3208/datanode-3/data/ratis/c7923512-507c-4fc8-8bed-b4c2c2c34215 close()
2019-08-23 08:55:51,894 [main] INFO  impl.RaftServerImpl (RaftServerImpl.java:lambda$shutdown$3(245)) - 6fb3350c-4c0c-4ad1-9d97-675c347d9711: shutdown group-86582D18F9FD
2019-08-23 08:55:51,894 [main] INFO  util.JmxRegister (JmxRegister.java:unregister(73)) - Successfully un-registered JMX Bean with object name Ratis:service=RaftServer,group=group-86582D18F9FD,id=6fb3350c-4c0c-4ad1-9d97-675c347d9711
2019-08-23 08:55:51,895 [main] INFO  impl.RoleInfo (RoleInfo.java:shutdownLeaderState(104)) - 6fb3350c-4c0c-4ad1-9d97-675c347d9711: shutdown LeaderState
2019-08-23 08:55:51,895 [main] INFO  impl.PendingRequests (PendingRequests.java:sendNotLeaderResponses(202)) - 6fb3350c-4c0c-4ad1-9d97-675c347d9711-PendingRequests: sendNotLeaderResponses
2019-08-23 08:55:51,895 [main] INFO  impl.StateMachineUpdater (StateMachineUpdater.java:stopAndJoin(115)) - StateMachineUpdater:6fb3350c-4c0c-4ad1-9d97-675c347d9711:group-86582D18F9FD: set stopIndex = 0
2019-08-23 08:55:51,896 [main] INFO  impl.RaftServerImpl (ServerState.java:close(394)) - 6fb3350c-4c0c-4ad1-9d97-675c347d9711:group-86582D18F9FD closes. The last applied log index is 0
2019-08-23 08:55:51,896 [6fb3350c-4c0c-4ad1-9d97-675c347d9711-SegmentedRaftLogWorker:Storage Directory /workdir/hadoop-ozone/integration-test/target/test-dir/MiniOzoneClusterImpl-d13b65ac-93ce-4a90-95b1-b7730ece3208/datanode-3/data/ratis/26886aa7-0cc7-481a-b5f1-86582d18f9fd] INFO  segmented.SegmentedRaftLogWorker (SegmentedRaftLogWorker.java:run(313)) - 6fb3350c-4c0c-4ad1-9d97-675c347d9711-SegmentedRaftLogWorker:Storage Directory /workdir/hadoop-ozone/integration-test/target/test-dir/MiniOzoneClusterImpl-d13b65ac-93ce-4a90-95b1-b7730ece3208/datanode-3/data/ratis/26886aa7-0cc7-481a-b5f1-86582d18f9fd was interrupted, exiting. There are 0 tasks remaining in the queue.
2019-08-23 08:55:51,898 [main] INFO  segmented.SegmentedRaftLogWorker (SegmentedRaftLogWorker.java:close(228)) - 6fb3350c-4c0c-4ad1-9d97-675c347d9711-SegmentedRaftLogWorker:Storage Directory /workdir/hadoop-ozone/integration-test/target/test-dir/MiniOzoneClusterImpl-d13b65ac-93ce-4a90-95b1-b7730ece3208/datanode-3/data/ratis/26886aa7-0cc7-481a-b5f1-86582d18f9fd close()
2019-08-23 08:55:51,901 [main] INFO  server.GrpcService (GrpcService.java:closeImpl(155)) - 6fb3350c-4c0c-4ad1-9d97-675c347d9711: shutdown server with port 42065 now
2019-08-23 08:55:51,902 [grpc-default-executor-1] WARN  client.GrpcClientProtocolService (LogUtils.java:warn(134)) - 1-UnorderedRequestStreamObserver1: onError: org.apache.ratis.thirdparty.io.grpc.StatusRuntimeException: CANCELLED: cancelled before receiving half close
2019-08-23 08:55:51,902 [main] INFO  server.GrpcService (GrpcService.java:closeImpl(163)) - 6fb3350c-4c0c-4ad1-9d97-675c347d9711: shutdown server with port 42065 successfully
2019-08-23 08:55:51,903 [main] INFO  utils.BackgroundService (BackgroundService.java:shutdown(148)) - Shutting down service BlockDeletingService
2019-08-23 08:55:51,909 [refreshUsed-/workdir/hadoop-ozone/integration-test/target/test-dir/MiniOzoneClusterImpl-d13b65ac-93ce-4a90-95b1-b7730ece3208/datanode-3/data/containers] WARN  fs.CachingGetSpaceUsed (CachingGetSpaceUsed.java:run(183)) - Thread Interrupted waiting to refresh disk information: sleep interrupted
2019-08-23 08:55:51,909 [StateMachineUpdater:f3be3432-490e-49fc-803e-a9979897b3f3:group-6740F22B7E0F] INFO  ratis.ContainerStateMachine (ContainerStateMachine.java:takeSnapshot(294)) - group-6740F22B7E0F: Finished taking a snapshot at:(t:1, i:14) file:/workdir/hadoop-ozone/integration-test/target/test-dir/MiniOzoneClusterImpl-d13b65ac-93ce-4a90-95b1-b7730ece3208/datanode-2/data/ratis/46086aa2-df86-4cd6-be8d-6740f22b7e0f/sm/snapshot.1_14 time:35
2019-08-23 08:55:51,910 [StateMachineUpdater:f3be3432-490e-49fc-803e-a9979897b3f3:group-6740F22B7E0F] INFO  impl.StateMachineUpdater (StateMachineUpdater.java:takeSnapshot(242)) - StateMachineUpdater:f3be3432-490e-49fc-803e-a9979897b3f3:group-6740F22B7E0F: Took a snapshot at index 14
2019-08-23 08:55:51,910 [StateMachineUpdater:f3be3432-490e-49fc-803e-a9979897b3f3:group-6740F22B7E0F] INFO  impl.StateMachineUpdater (StateMachineUpdater.java:lambda$new$0(80)) - StateMachineUpdater:f3be3432-490e-49fc-803e-a9979897b3f3:group-6740F22B7E0F: snapshotIndex: updateIncreasingly -1 -> 14
2019-08-23 08:55:51,910 [ForkJoinPool.commonPool-worker-1] INFO  impl.RaftServerImpl (ServerState.java:close(394)) - f3be3432-490e-49fc-803e-a9979897b3f3:group-6740F22B7E0F closes. The last applied log index is 18
2019-08-23 08:55:51,910 [f3be3432-490e-49fc-803e-a9979897b3f3-SegmentedRaftLogWorker:Storage Directory /workdir/hadoop-ozone/integration-test/target/test-dir/MiniOzoneClusterImpl-d13b65ac-93ce-4a90-95b1-b7730ece3208/datanode-2/data/ratis/46086aa2-df86-4cd6-be8d-6740f22b7e0f] INFO  segmented.SegmentedRaftLogWorker (SegmentedRaftLogWorker.java:run(313)) - f3be3432-490e-49fc-803e-a9979897b3f3-SegmentedRaftLogWorker:Storage Directory /workdir/hadoop-ozone/integration-test/target/test-dir/MiniOzoneClusterImpl-d13b65ac-93ce-4a90-95b1-b7730ece3208/datanode-2/data/ratis/46086aa2-df86-4cd6-be8d-6740f22b7e0f was interrupted, exiting. There are 0 tasks remaining in the queue.
2019-08-23 08:55:51,912 [ForkJoinPool.commonPool-worker-1] INFO  segmented.SegmentedRaftLogWorker (SegmentedRaftLogWorker.java:close(228)) - f3be3432-490e-49fc-803e-a9979897b3f3-SegmentedRaftLogWorker:Storage Directory /workdir/hadoop-ozone/integration-test/target/test-dir/MiniOzoneClusterImpl-d13b65ac-93ce-4a90-95b1-b7730ece3208/datanode-2/data/ratis/46086aa2-df86-4cd6-be8d-6740f22b7e0f close()
2019-08-23 08:55:51,914 [ForkJoinPool.commonPool-worker-1] INFO  impl.RaftServerImpl (RaftServerImpl.java:lambda$shutdown$3(245)) - f3be3432-490e-49fc-803e-a9979897b3f3: shutdown group-55387C273D29
2019-08-23 08:55:51,915 [ForkJoinPool.commonPool-worker-1] INFO  util.JmxRegister (JmxRegister.java:unregister(73)) - Successfully un-registered JMX Bean with object name Ratis:service=RaftServer,group=group-55387C273D29,id=f3be3432-490e-49fc-803e-a9979897b3f3
2019-08-23 08:55:51,915 [ForkJoinPool.commonPool-worker-1] INFO  impl.RoleInfo (RoleInfo.java:shutdownLeaderState(104)) - f3be3432-490e-49fc-803e-a9979897b3f3: shutdown LeaderState
2019-08-23 08:55:51,915 [ForkJoinPool.commonPool-worker-1] INFO  impl.PendingRequests (PendingRequests.java:sendNotLeaderResponses(202)) - f3be3432-490e-49fc-803e-a9979897b3f3-PendingRequests: sendNotLeaderResponses
2019-08-23 08:55:51,915 [ForkJoinPool.commonPool-worker-1] INFO  impl.StateMachineUpdater (StateMachineUpdater.java:stopAndJoin(115)) - StateMachineUpdater:f3be3432-490e-49fc-803e-a9979897b3f3:group-55387C273D29: set stopIndex = 0
2019-08-23 08:55:51,916 [ForkJoinPool.commonPool-worker-1] INFO  impl.RaftServerImpl (ServerState.java:close(394)) - f3be3432-490e-49fc-803e-a9979897b3f3:group-55387C273D29 closes. The last applied log index is 0
2019-08-23 08:55:51,916 [f3be3432-490e-49fc-803e-a9979897b3f3-SegmentedRaftLogWorker:Storage Directory /workdir/hadoop-ozone/integration-test/target/test-dir/MiniOzoneClusterImpl-d13b65ac-93ce-4a90-95b1-b7730ece3208/datanode-2/data/ratis/37aadf20-4781-43ab-8270-55387c273d29] INFO  segmented.SegmentedRaftLogWorker (SegmentedRaftLogWorker.java:run(313)) - f3be3432-490e-49fc-803e-a9979897b3f3-SegmentedRaftLogWorker:Storage Directory /workdir/hadoop-ozone/integration-test/target/test-dir/MiniOzoneClusterImpl-d13b65ac-93ce-4a90-95b1-b7730ece3208/datanode-2/data/ratis/37aadf20-4781-43ab-8270-55387c273d29 was interrupted, exiting. There are 0 tasks remaining in the queue.
2019-08-23 08:55:51,922 [ForkJoinPool.commonPool-worker-1] INFO  segmented.SegmentedRaftLogWorker (SegmentedRaftLogWorker.java:close(228)) - f3be3432-490e-49fc-803e-a9979897b3f3-SegmentedRaftLogWorker:Storage Directory /workdir/hadoop-ozone/integration-test/target/test-dir/MiniOzoneClusterImpl-d13b65ac-93ce-4a90-95b1-b7730ece3208/datanode-2/data/ratis/37aadf20-4781-43ab-8270-55387c273d29 close()
2019-08-23 08:55:51,923 [ForkJoinPool.commonPool-worker-1] INFO  server.GrpcService (GrpcService.java:closeImpl(155)) - f3be3432-490e-49fc-803e-a9979897b3f3: shutdown server with port 43888 now
2019-08-23 08:55:51,924 [ForkJoinPool.commonPool-worker-1] INFO  server.GrpcService (GrpcService.java:closeImpl(163)) - f3be3432-490e-49fc-803e-a9979897b3f3: shutdown server with port 43888 successfully
2019-08-23 08:55:51,925 [ForkJoinPool.commonPool-worker-1] INFO  utils.BackgroundService (BackgroundService.java:shutdown(148)) - Shutting down service BlockDeletingService
2019-08-23 08:55:51,926 [refreshUsed-/workdir/hadoop-ozone/integration-test/target/test-dir/MiniOzoneClusterImpl-d13b65ac-93ce-4a90-95b1-b7730ece3208/datanode-2/data/containers] WARN  fs.CachingGetSpaceUsed (CachingGetSpaceUsed.java:run(183)) - Thread Interrupted waiting to refresh disk information: sleep interrupted
2019-08-23 08:55:51,942 [main] INFO  statemachine.DatanodeStateMachine (DatanodeStateMachine.java:stopDaemon(395)) - Ozone container server stopped.
2019-08-23 08:55:51,943 [main] INFO  handler.ContextHandler (ContextHandler.java:doStop(910)) - Stopped o.e.j.w.WebAppContext@7442be61{/,null,UNAVAILABLE}{/hddsDatanode}
2019-08-23 08:55:51,944 [main] INFO  server.AbstractConnector (AbstractConnector.java:doStop(318)) - Stopped ServerConnector@6903ef57{HTTP/1.1,[http/1.1]}{0.0.0.0:0}
2019-08-23 08:55:51,944 [main] INFO  handler.ContextHandler (ContextHandler.java:doStop(910)) - Stopped o.e.j.s.ServletContextHandler@1a5ea4cf{/static,jar:file:/home/user/.m2/repository/org/apache/hadoop/hadoop-hdds-container-service/0.5.0-SNAPSHOT/hadoop-hdds-container-service-0.5.0-SNAPSHOT.jar!/webapps/static,UNAVAILABLE}
2019-08-23 08:55:51,945 [main] INFO  handler.ContextHandler (ContextHandler.java:doStop(910)) - Stopped o.e.j.s.ServletContextHandler@cf933b1{/logs,file:///workdir/hadoop-ozone/integration-test/target/log,UNAVAILABLE}
2019-08-23 08:55:51,946 [main] INFO  datanode.ObjectStoreHandler (ObjectStoreHandler.java:close(155)) - Closing ObjectStoreHandler.
2019-08-23 08:55:51,946 [main] INFO  ozone.HddsDatanodeService (HddsDatanodeService.java:stop(451)) - Stopped plug-in org.apache.hadoop.ozone.web.OzoneHddsDatanodeService@3f679ce
2019-08-23 08:55:51,951 [ForkJoinPool.commonPool-worker-1] INFO  statemachine.DatanodeStateMachine (DatanodeStateMachine.java:stopDaemon(395)) - Ozone container server stopped.
2019-08-23 08:55:51,955 [ForkJoinPool.commonPool-worker-1] INFO  handler.ContextHandler (ContextHandler.java:doStop(910)) - Stopped o.e.j.w.WebAppContext@5f171392{/,null,UNAVAILABLE}{/hddsDatanode}
2019-08-23 08:55:51,956 [ForkJoinPool.commonPool-worker-1] INFO  server.AbstractConnector (AbstractConnector.java:doStop(318)) - Stopped ServerConnector@655295bd{HTTP/1.1,[http/1.1]}{0.0.0.0:0}
2019-08-23 08:55:51,957 [ForkJoinPool.commonPool-worker-1] INFO  handler.ContextHandler (ContextHandler.java:doStop(910)) - Stopped o.e.j.s.ServletContextHandler@8fd3eee{/static,jar:file:/home/user/.m2/repository/org/apache/hadoop/hadoop-hdds-container-service/0.5.0-SNAPSHOT/hadoop-hdds-container-service-0.5.0-SNAPSHOT.jar!/webapps/static,UNAVAILABLE}
2019-08-23 08:55:51,958 [ForkJoinPool.commonPool-worker-1] INFO  handler.ContextHandler (ContextHandler.java:doStop(910)) - Stopped o.e.j.s.ServletContextHandler@6db99c79{/logs,file:///workdir/hadoop-ozone/integration-test/target/log,UNAVAILABLE}
2019-08-23 08:55:51,959 [ForkJoinPool.commonPool-worker-1] INFO  datanode.ObjectStoreHandler (ObjectStoreHandler.java:close(155)) - Closing ObjectStoreHandler.
2019-08-23 08:55:51,959 [ForkJoinPool.commonPool-worker-1] INFO  ozone.HddsDatanodeService (HddsDatanodeService.java:stop(451)) - Stopped plug-in org.apache.hadoop.ozone.web.OzoneHddsDatanodeService@42130a5c
2019-08-23 08:55:52,514 [Datanode State Machine Thread - 0] INFO  statemachine.DatanodeStateMachine (DatanodeStateMachine.java:lambda$startDaemon$0(350)) - Ozone container server started.
2019-08-23 08:55:52,636 [Datanode State Machine Thread - 0] INFO  statemachine.DatanodeStateMachine (DatanodeStateMachine.java:lambda$startDaemon$0(350)) - Ozone container server started.
2019-08-23 08:55:56,563 [EventQueue-StaleNodeForStaleNodeHandler] INFO  node.StaleNodeHandler (StaleNodeHandler.java:onMessage(58)) - Datanode cafcd2ac-2701-4bb3-84b5-de2b0f6030b4{ip: 192.168.36.124, host: pr-hdds-2022-djmxw-136905289, networkLocation: /default-rack, certSerialId: null} moved to stale state. Finalizing its pipelines [PipelineID=e4d615ca-b938-4d1f-a1a3-9d0d7316e1ec]
2019-08-23 08:55:56,563 [EventQueue-StaleNodeForStaleNodeHandler] INFO  pipeline.SCMPipelineManager (SCMPipelineManager.java:finalizeAndDestroyPipeline(309)) - destroying pipeline:Pipeline[ Id: e4d615ca-b938-4d1f-a1a3-9d0d7316e1ec, Nodes: cafcd2ac-2701-4bb3-84b5-de2b0f6030b4{ip: 192.168.36.124, host: pr-hdds-2022-djmxw-136905289, networkLocation: /default-rack, certSerialId: null}, Type:RATIS, Factor:ONE, State:OPEN]
2019-08-23 08:55:56,564 [EventQueue-StaleNodeForStaleNodeHandler] INFO  pipeline.PipelineStateManager (PipelineStateManager.java:finalizePipeline(123)) - Pipeline Pipeline[ Id: e4d615ca-b938-4d1f-a1a3-9d0d7316e1ec, Nodes: cafcd2ac-2701-4bb3-84b5-de2b0f6030b4{ip: 192.168.36.124, host: pr-hdds-2022-djmxw-136905289, networkLocation: /default-rack, certSerialId: null}, Type:RATIS, Factor:ONE, State:CLOSED] moved to CLOSED state
2019-08-23 08:55:56,663 [EventQueue-StaleNodeForStaleNodeHandler] INFO  node.StaleNodeHandler (StaleNodeHandler.java:onMessage(58)) - Datanode a29ade88-09c6-4e36-bef3-0197625c25fd{ip: 192.168.36.124, host: pr-hdds-2022-djmxw-136905289, networkLocation: /default-rack, certSerialId: null} moved to stale state. Finalizing its pipelines [PipelineID=ac7b7629-6e85-45c4-9bb5-b0b6e61ca1a6, PipelineID=c7923512-507c-4fc8-8bed-b4c2c2c34215]
2019-08-23 08:55:56,663 [EventQueue-StaleNodeForStaleNodeHandler] INFO  pipeline.SCMPipelineManager (SCMPipelineManager.java:finalizeAndDestroyPipeline(309)) - destroying pipeline:Pipeline[ Id: ac7b7629-6e85-45c4-9bb5-b0b6e61ca1a6, Nodes: a29ade88-09c6-4e36-bef3-0197625c25fd{ip: 192.168.36.124, host: pr-hdds-2022-djmxw-136905289, networkLocation: /default-rack, certSerialId: null}, Type:RATIS, Factor:ONE, State:OPEN]
2019-08-23 08:55:56,663 [EventQueue-StaleNodeForStaleNodeHandler] INFO  pipeline.PipelineStateManager (PipelineStateManager.java:finalizePipeline(123)) - Pipeline Pipeline[ Id: ac7b7629-6e85-45c4-9bb5-b0b6e61ca1a6, Nodes: a29ade88-09c6-4e36-bef3-0197625c25fd{ip: 192.168.36.124, host: pr-hdds-2022-djmxw-136905289, networkLocation: /default-rack, certSerialId: null}, Type:RATIS, Factor:ONE, State:CLOSED] moved to CLOSED state
2019-08-23 08:55:56,664 [EventQueue-StaleNodeForStaleNodeHandler] INFO  pipeline.SCMPipelineManager (SCMPipelineManager.java:finalizeAndDestroyPipeline(309)) - destroying pipeline:Pipeline[ Id: c7923512-507c-4fc8-8bed-b4c2c2c34215, Nodes: 48bcaf38-66ae-48c7-856d-3b6092bb7fbf{ip: 192.168.36.124, host: pr-hdds-2022-djmxw-136905289, networkLocation: /default-rack, certSerialId: null}6fb3350c-4c0c-4ad1-9d97-675c347d9711{ip: 192.168.36.124, host: pr-hdds-2022-djmxw-136905289, networkLocation: /default-rack, certSerialId: null}a29ade88-09c6-4e36-bef3-0197625c25fd{ip: 192.168.36.124, host: pr-hdds-2022-djmxw-136905289, networkLocation: /default-rack, certSerialId: null}, Type:RATIS, Factor:THREE, State:CLOSED]
2019-08-23 08:55:56,947 [main] INFO  ozoneimpl.OzoneContainer (OzoneContainer.java:stop(199)) - Attempting to stop container services.
2019-08-23 08:55:56,948 [main] INFO  impl.RaftServerProxy (RaftServerProxy.java:lambda$close$4(314)) - cafcd2ac-2701-4bb3-84b5-de2b0f6030b4: close
2019-08-23 08:55:56,948 [main] INFO  impl.RaftServerImpl (RaftServerImpl.java:lambda$shutdown$3(245)) - cafcd2ac-2701-4bb3-84b5-de2b0f6030b4: shutdown group-9D0D7316E1EC
2019-08-23 08:55:56,949 [main] INFO  util.JmxRegister (JmxRegister.java:unregister(73)) - Successfully un-registered JMX Bean with object name Ratis:service=RaftServer,group=group-9D0D7316E1EC,id=cafcd2ac-2701-4bb3-84b5-de2b0f6030b4
2019-08-23 08:55:56,949 [main] INFO  impl.RoleInfo (RoleInfo.java:shutdownLeaderState(104)) - cafcd2ac-2701-4bb3-84b5-de2b0f6030b4: shutdown LeaderState
2019-08-23 08:55:56,950 [main] INFO  impl.PendingRequests (PendingRequests.java:sendNotLeaderResponses(202)) - cafcd2ac-2701-4bb3-84b5-de2b0f6030b4-PendingRequests: sendNotLeaderResponses
2019-08-23 08:55:56,950 [main] INFO  impl.StateMachineUpdater (StateMachineUpdater.java:stopAndJoin(115)) - StateMachineUpdater:cafcd2ac-2701-4bb3-84b5-de2b0f6030b4:group-9D0D7316E1EC: set stopIndex = 0
2019-08-23 08:55:56,951 [main] INFO  impl.RaftServerImpl (ServerState.java:close(394)) - cafcd2ac-2701-4bb3-84b5-de2b0f6030b4:group-9D0D7316E1EC closes. The last applied log index is 0
2019-08-23 08:55:56,951 [cafcd2ac-2701-4bb3-84b5-de2b0f6030b4-SegmentedRaftLogWorker:Storage Directory /workdir/hadoop-ozone/integration-test/target/test-dir/MiniOzoneClusterImpl-d13b65ac-93ce-4a90-95b1-b7730ece3208/datanode-6/data/ratis/e4d615ca-b938-4d1f-a1a3-9d0d7316e1ec] INFO  segmented.SegmentedRaftLogWorker (SegmentedRaftLogWorker.java:run(313)) - cafcd2ac-2701-4bb3-84b5-de2b0f6030b4-SegmentedRaftLogWorker:Storage Directory /workdir/hadoop-ozone/integration-test/target/test-dir/MiniOzoneClusterImpl-d13b65ac-93ce-4a90-95b1-b7730ece3208/datanode-6/data/ratis/e4d615ca-b938-4d1f-a1a3-9d0d7316e1ec was interrupted, exiting. There are 0 tasks remaining in the queue.
2019-08-23 08:55:56,952 [main] INFO  segmented.SegmentedRaftLogWorker (SegmentedRaftLogWorker.java:close(228)) - cafcd2ac-2701-4bb3-84b5-de2b0f6030b4-SegmentedRaftLogWorker:Storage Directory /workdir/hadoop-ozone/integration-test/target/test-dir/MiniOzoneClusterImpl-d13b65ac-93ce-4a90-95b1-b7730ece3208/datanode-6/data/ratis/e4d615ca-b938-4d1f-a1a3-9d0d7316e1ec close()
2019-08-23 08:55:56,954 [main] INFO  server.GrpcService (GrpcService.java:closeImpl(155)) - cafcd2ac-2701-4bb3-84b5-de2b0f6030b4: shutdown server with port 33498 now
2019-08-23 08:55:56,955 [main] INFO  server.GrpcService (GrpcService.java:closeImpl(163)) - cafcd2ac-2701-4bb3-84b5-de2b0f6030b4: shutdown server with port 33498 successfully
2019-08-23 08:55:56,956 [main] INFO  utils.BackgroundService (BackgroundService.java:shutdown(148)) - Shutting down service BlockDeletingService
2019-08-23 08:55:56,960 [ForkJoinPool.commonPool-worker-1] INFO  ozoneimpl.OzoneContainer (OzoneContainer.java:stop(199)) - Attempting to stop container services.
2019-08-23 08:55:56,960 [ForkJoinPool.commonPool-worker-1] INFO  impl.RaftServerProxy (RaftServerProxy.java:lambda$close$4(314)) - a29ade88-09c6-4e36-bef3-0197625c25fd: close
2019-08-23 08:55:56,961 [ForkJoinPool.commonPool-worker-1] INFO  impl.RaftServerImpl (RaftServerImpl.java:lambda$shutdown$3(245)) - a29ade88-09c6-4e36-bef3-0197625c25fd: shutdown group-B0B6E61CA1A6
2019-08-23 08:55:56,961 [ForkJoinPool.commonPool-worker-1] INFO  util.JmxRegister (JmxRegister.java:unregister(73)) - Successfully un-registered JMX Bean with object name Ratis:service=RaftServer,group=group-B0B6E61CA1A6,id=a29ade88-09c6-4e36-bef3-0197625c25fd
2019-08-23 08:55:56,961 [ForkJoinPool.commonPool-worker-1] INFO  impl.RoleInfo (RoleInfo.java:shutdownLeaderState(104)) - a29ade88-09c6-4e36-bef3-0197625c25fd: shutdown LeaderState
2019-08-23 08:55:56,962 [ForkJoinPool.commonPool-worker-1] INFO  impl.PendingRequests (PendingRequests.java:sendNotLeaderResponses(202)) - a29ade88-09c6-4e36-bef3-0197625c25fd-PendingRequests: sendNotLeaderResponses
2019-08-23 08:55:56,962 [ForkJoinPool.commonPool-worker-1] INFO  impl.StateMachineUpdater (StateMachineUpdater.java:stopAndJoin(115)) - StateMachineUpdater:a29ade88-09c6-4e36-bef3-0197625c25fd:group-B0B6E61CA1A6: set stopIndex = 0
2019-08-23 08:55:56,962 [ForkJoinPool.commonPool-worker-1] INFO  impl.RaftServerImpl (ServerState.java:close(394)) - a29ade88-09c6-4e36-bef3-0197625c25fd:group-B0B6E61CA1A6 closes. The last applied log index is 0
2019-08-23 08:55:56,963 [a29ade88-09c6-4e36-bef3-0197625c25fd-SegmentedRaftLogWorker:Storage Directory /workdir/hadoop-ozone/integration-test/target/test-dir/MiniOzoneClusterImpl-d13b65ac-93ce-4a90-95b1-b7730ece3208/datanode-5/data/ratis/ac7b7629-6e85-45c4-9bb5-b0b6e61ca1a6] INFO  segmented.SegmentedRaftLogWorker (SegmentedRaftLogWorker.java:run(313)) - a29ade88-09c6-4e36-bef3-0197625c25fd-SegmentedRaftLogWorker:Storage Directory /workdir/hadoop-ozone/integration-test/target/test-dir/MiniOzoneClusterImpl-d13b65ac-93ce-4a90-95b1-b7730ece3208/datanode-5/data/ratis/ac7b7629-6e85-45c4-9bb5-b0b6e61ca1a6 was interrupted, exiting. There are 0 tasks remaining in the queue.
2019-08-23 08:55:56,963 [ForkJoinPool.commonPool-worker-1] INFO  segmented.SegmentedRaftLogWorker (SegmentedRaftLogWorker.java:close(228)) - a29ade88-09c6-4e36-bef3-0197625c25fd-SegmentedRaftLogWorker:Storage Directory /workdir/hadoop-ozone/integration-test/target/test-dir/MiniOzoneClusterImpl-d13b65ac-93ce-4a90-95b1-b7730ece3208/datanode-5/data/ratis/ac7b7629-6e85-45c4-9bb5-b0b6e61ca1a6 close()
2019-08-23 08:55:56,964 [ForkJoinPool.commonPool-worker-1] INFO  impl.RaftServerImpl (RaftServerImpl.java:lambda$shutdown$3(245)) - a29ade88-09c6-4e36-bef3-0197625c25fd: shutdown group-B4C2C2C34215
2019-08-23 08:55:56,965 [ForkJoinPool.commonPool-worker-1] INFO  util.JmxRegister (JmxRegister.java:unregister(73)) - Successfully un-registered JMX Bean with object name Ratis:service=RaftServer,group=group-B4C2C2C34215,id=a29ade88-09c6-4e36-bef3-0197625c25fd
2019-08-23 08:55:56,965 [ForkJoinPool.commonPool-worker-1] INFO  impl.RoleInfo (RoleInfo.java:shutdownFollowerState(121)) - a29ade88-09c6-4e36-bef3-0197625c25fd: shutdown FollowerState
2019-08-23 08:55:56,965 [ForkJoinPool.commonPool-worker-1] INFO  impl.StateMachineUpdater (StateMachineUpdater.java:stopAndJoin(115)) - StateMachineUpdater:a29ade88-09c6-4e36-bef3-0197625c25fd:group-B4C2C2C34215: set stopIndex = 16
2019-08-23 08:55:56,965 [StateMachineUpdater:a29ade88-09c6-4e36-bef3-0197625c25fd:group-B4C2C2C34215] INFO  ratis.ContainerStateMachine (ContainerStateMachine.java:takeSnapshot(283)) - group-B4C2C2C34215: Taking a snapshot at:(t:1, i:14) file /workdir/hadoop-ozone/integration-test/target/test-dir/MiniOzoneClusterImpl-d13b65ac-93ce-4a90-95b1-b7730ece3208/datanode-5/data/ratis/c7923512-507c-4fc8-8bed-b4c2c2c34215/sm/snapshot.1_14
2019-08-23 08:55:56,965 [Thread-3643] INFO  impl.FollowerState (FollowerState.java:run(114)) - a29ade88-09c6-4e36-bef3-0197625c25fd: FollowerState was interrupted: java.lang.InterruptedException: sleep interrupted
2019-08-23 08:55:56,972 [refreshUsed-/workdir/hadoop-ozone/integration-test/target/test-dir/MiniOzoneClusterImpl-d13b65ac-93ce-4a90-95b1-b7730ece3208/datanode-6/data/containers] WARN  fs.CachingGetSpaceUsed (CachingGetSpaceUsed.java:run(183)) - Thread Interrupted waiting to refresh disk information: sleep interrupted
2019-08-23 08:55:56,991 [main] INFO  statemachine.DatanodeStateMachine (DatanodeStateMachine.java:stopDaemon(395)) - Ozone container server stopped.
2019-08-23 08:55:56,992 [main] INFO  handler.ContextHandler (ContextHandler.java:doStop(910)) - Stopped o.e.j.w.WebAppContext@438fcca3{/,null,UNAVAILABLE}{/hddsDatanode}
2019-08-23 08:55:56,994 [main] INFO  server.AbstractConnector (AbstractConnector.java:doStop(318)) - Stopped ServerConnector@41c7ef69{HTTP/1.1,[http/1.1]}{0.0.0.0:0}
2019-08-23 08:55:56,994 [StateMachineUpdater:a29ade88-09c6-4e36-bef3-0197625c25fd:group-B4C2C2C34215] INFO  ratis.ContainerStateMachine (ContainerStateMachine.java:takeSnapshot(294)) - group-B4C2C2C34215: Finished taking a snapshot at:(t:1, i:14) file:/workdir/hadoop-ozone/integration-test/target/test-dir/MiniOzoneClusterImpl-d13b65ac-93ce-4a90-95b1-b7730ece3208/datanode-5/data/ratis/c7923512-507c-4fc8-8bed-b4c2c2c34215/sm/snapshot.1_14 time:29
2019-08-23 08:55:56,995 [StateMachineUpdater:a29ade88-09c6-4e36-bef3-0197625c25fd:group-B4C2C2C34215] INFO  impl.StateMachineUpdater (StateMachineUpdater.java:takeSnapshot(242)) - StateMachineUpdater:a29ade88-09c6-4e36-bef3-0197625c25fd:group-B4C2C2C34215: Took a snapshot at index 14
2019-08-23 08:55:56,995 [StateMachineUpdater:a29ade88-09c6-4e36-bef3-0197625c25fd:group-B4C2C2C34215] INFO  impl.StateMachineUpdater (StateMachineUpdater.java:lambda$new$0(80)) - StateMachineUpdater:a29ade88-09c6-4e36-bef3-0197625c25fd:group-B4C2C2C34215: snapshotIndex: updateIncreasingly -1 -> 14
2019-08-23 08:55:56,995 [main] INFO  handler.ContextHandler (ContextHandler.java:doStop(910)) - Stopped o.e.j.s.ServletContextHandler@65067d90{/static,jar:file:/home/user/.m2/repository/org/apache/hadoop/hadoop-hdds-container-service/0.5.0-SNAPSHOT/hadoop-hdds-container-service-0.5.0-SNAPSHOT.jar!/webapps/static,UNAVAILABLE}
2019-08-23 08:55:56,995 [ForkJoinPool.commonPool-worker-1] INFO  impl.RaftServerImpl (ServerState.java:close(394)) - a29ade88-09c6-4e36-bef3-0197625c25fd:group-B4C2C2C34215 closes. The last applied log index is 16
2019-08-23 08:55:56,996 [main] INFO  handler.ContextHandler (ContextHandler.java:doStop(910)) - Stopped o.e.j.s.ServletContextHandler@7f0b32c0{/logs,file:///workdir/hadoop-ozone/integration-test/target/log,UNAVAILABLE}
2019-08-23 08:55:56,996 [a29ade88-09c6-4e36-bef3-0197625c25fd-SegmentedRaftLogWorker:Storage Directory /workdir/hadoop-ozone/integration-test/target/test-dir/MiniOzoneClusterImpl-d13b65ac-93ce-4a90-95b1-b7730ece3208/datanode-5/data/ratis/c7923512-507c-4fc8-8bed-b4c2c2c34215] INFO  segmented.SegmentedRaftLogWorker (SegmentedRaftLogWorker.java:run(313)) - a29ade88-09c6-4e36-bef3-0197625c25fd-SegmentedRaftLogWorker:Storage Directory /workdir/hadoop-ozone/integration-test/target/test-dir/MiniOzoneClusterImpl-d13b65ac-93ce-4a90-95b1-b7730ece3208/datanode-5/data/ratis/c7923512-507c-4fc8-8bed-b4c2c2c34215 was interrupted, exiting. There are 0 tasks remaining in the queue.
2019-08-23 08:55:56,996 [ForkJoinPool.commonPool-worker-1] INFO  segmented.SegmentedRaftLogWorker (SegmentedRaftLogWorker.java:close(228)) - a29ade88-09c6-4e36-bef3-0197625c25fd-SegmentedRaftLogWorker:Storage Directory /workdir/hadoop-ozone/integration-test/target/test-dir/MiniOzoneClusterImpl-d13b65ac-93ce-4a90-95b1-b7730ece3208/datanode-5/data/ratis/c7923512-507c-4fc8-8bed-b4c2c2c34215 close()
2019-08-23 08:55:56,998 [ForkJoinPool.commonPool-worker-1] INFO  server.GrpcService (GrpcService.java:closeImpl(155)) - a29ade88-09c6-4e36-bef3-0197625c25fd: shutdown server with port 39121 now
2019-08-23 08:55:56,999 [ForkJoinPool.commonPool-worker-1] INFO  server.GrpcService (GrpcService.java:closeImpl(163)) - a29ade88-09c6-4e36-bef3-0197625c25fd: shutdown server with port 39121 successfully
2019-08-23 08:55:57,000 [ForkJoinPool.commonPool-worker-1] INFO  utils.BackgroundService (BackgroundService.java:shutdown(148)) - Shutting down service BlockDeletingService
2019-08-23 08:55:57,003 [refreshUsed-/workdir/hadoop-ozone/integration-test/target/test-dir/MiniOzoneClusterImpl-d13b65ac-93ce-4a90-95b1-b7730ece3208/datanode-5/data/containers] WARN  fs.CachingGetSpaceUsed (CachingGetSpaceUsed.java:run(183)) - Thread Interrupted waiting to refresh disk information: sleep interrupted
2019-08-23 08:55:57,027 [ForkJoinPool.commonPool-worker-1] INFO  statemachine.DatanodeStateMachine (DatanodeStateMachine.java:stopDaemon(395)) - Ozone container server stopped.
2019-08-23 08:55:57,031 [ForkJoinPool.commonPool-worker-1] INFO  handler.ContextHandler (ContextHandler.java:doStop(910)) - Stopped o.e.j.w.WebAppContext@3dc976da{/,null,UNAVAILABLE}{/hddsDatanode}
2019-08-23 08:55:57,032 [ForkJoinPool.commonPool-worker-1] INFO  server.AbstractConnector (AbstractConnector.java:doStop(318)) - Stopped ServerConnector@5e79bdf6{HTTP/1.1,[http/1.1]}{0.0.0.0:0}
2019-08-23 08:55:57,036 [ForkJoinPool.commonPool-worker-1] INFO  handler.ContextHandler (ContextHandler.java:doStop(910)) - Stopped o.e.j.s.ServletContextHandler@34c21c34{/static,jar:file:/home/user/.m2/repository/org/apache/hadoop/hadoop-hdds-container-service/0.5.0-SNAPSHOT/hadoop-hdds-container-service-0.5.0-SNAPSHOT.jar!/webapps/static,UNAVAILABLE}
2019-08-23 08:55:57,036 [ForkJoinPool.commonPool-worker-1] INFO  handler.ContextHandler (ContextHandler.java:doStop(910)) - Stopped o.e.j.s.ServletContextHandler@4951dc8c{/logs,file:///workdir/hadoop-ozone/integration-test/target/log,UNAVAILABLE}
2019-08-23 08:55:57,037 [main] INFO  ozone.MiniOzoneClusterImpl (MiniOzoneClusterImpl.java:stop(353)) - Stopping the StorageContainerManager
2019-08-23 08:55:57,037 [main] INFO  server.StorageContainerManager (StorageContainerManager.java:stop(797)) - Stopping Replication Manager Service.
2019-08-23 08:55:57,038 [main] INFO  container.ReplicationManager (ReplicationManager.java:stop(193)) - Stopping Replication Monitor Thread.
2019-08-23 08:55:57,038 [main] INFO  server.StorageContainerManager (StorageContainerManager.java:stop(804)) - Stopping Lease Manager of the command watchers
2019-08-23 08:55:57,038 [main] INFO  server.StorageContainerManager (StorageContainerManager.java:stop(811)) - Stopping datanode service RPC server
2019-08-23 08:55:57,038 [main] INFO  server.SCMDatanodeProtocolServer (SCMDatanodeProtocolServer.java:stop(367)) - Stopping the RPC server for DataNodes
2019-08-23 08:55:57,038 [main] INFO  ipc.Server (Server.java:stop(3082)) - Stopping server on 40511
2019-08-23 08:55:57,041 [IPC Server listener on 40511] INFO  ipc.Server (Server.java:run(1185)) - Stopping IPC Server listener on 40511
2019-08-23 08:55:57,041 [IPC Server Responder] INFO  ipc.Server (Server.java:run(1319)) - Stopping IPC Server Responder
2019-08-23 08:55:57,063 [SCM Heartbeat Processing Thread - 0] WARN  node.NodeStateManager (NodeStateManager.java:scheduleNextHealthCheck(646)) - Current Thread is interrupted, shutting down HB processing thread for Node Manager.
2019-08-23 08:55:57,064 [main] INFO  server.StorageContainerManager (StorageContainerManager.java:stop(819)) - Stopping block service RPC server
2019-08-23 08:55:57,064 [main] INFO  server.SCMBlockProtocolServer (SCMBlockProtocolServer.java:stop(148)) - Stopping the RPC server for Block Protocol
2019-08-23 08:55:57,064 [main] INFO  ipc.Server (Server.java:stop(3082)) - Stopping server on 38033
2019-08-23 08:55:57,066 [IPC Server listener on 38033] INFO  ipc.Server (Server.java:run(1185)) - Stopping IPC Server listener on 38033
2019-08-23 08:55:57,066 [main] INFO  server.StorageContainerManager (StorageContainerManager.java:stop(826)) - Stopping the StorageContainerLocationProtocol RPC server
2019-08-23 08:55:57,066 [main] INFO  server.SCMClientProtocolServer (SCMClientProtocolServer.java:stop(159)) - Stopping the RPC server for Client Protocol
2019-08-23 08:55:57,067 [main] INFO  ipc.Server (Server.java:stop(3082)) - Stopping server on 44691
2019-08-23 08:55:57,067 [IPC Server Responder] INFO  ipc.Server (Server.java:run(1319)) - Stopping IPC Server Responder
2019-08-23 08:55:57,070 [IPC Server listener on 44691] INFO  ipc.Server (Server.java:run(1185)) - Stopping IPC Server listener on 44691
2019-08-23 08:55:57,070 [main] INFO  server.StorageContainerManager (StorageContainerManager.java:stop(833)) - Stopping Storage Container Manager HTTP server.
2019-08-23 08:55:57,071 [IPC Server Responder] INFO  ipc.Server (Server.java:run(1319)) - Stopping IPC Server Responder
2019-08-23 08:55:57,072 [main] INFO  handler.ContextHandler (ContextHandler.java:doStop(910)) - Stopped o.e.j.w.WebAppContext@2cc7b63d{/,null,UNAVAILABLE}{/scm}
2019-08-23 08:55:57,072 [main] INFO  server.AbstractConnector (AbstractConnector.java:doStop(318)) - Stopped ServerConnector@6179551b{HTTP/1.1,[http/1.1]}{0.0.0.0:0}
2019-08-23 08:55:57,073 [main] INFO  handler.ContextHandler (ContextHandler.java:doStop(910)) - Stopped o.e.j.s.ServletContextHandler@b91e024{/static,file:///workdir/hadoop-ozone/integration-test/target/test-classes/webapps/static,UNAVAILABLE}
2019-08-23 08:55:57,073 [main] INFO  handler.ContextHandler (ContextHandler.java:doStop(910)) - Stopped o.e.j.s.ServletContextHandler@c9234a0{/logs,file:///workdir/hadoop-ozone/integration-test/target/log,UNAVAILABLE}
2019-08-23 08:55:57,074 [main] INFO  server.StorageContainerManager (StorageContainerManager.java:stop(844)) - Stopping Block Manager Service.
2019-08-23 08:55:57,074 [main] INFO  utils.BackgroundService (BackgroundService.java:shutdown(148)) - Shutting down service SCMBlockDeletingService
2019-08-23 08:55:57,074 [main] INFO  utils.BackgroundService (BackgroundService.java:shutdown(148)) - Shutting down service SCMBlockDeletingService
2019-08-23 08:55:57,074 [main] INFO  server.StorageContainerManager (StorageContainerManager.java:stop(866)) - Stopping SCM Event Queue.
2019-08-23 08:55:57,079 [main] INFO  impl.MetricsSystemImpl (MetricsSystemImpl.java:stop(210)) - Stopping HddsDatanode metrics system...
2019-08-23 08:55:57,089 [main] INFO  impl.MetricsSystemImpl (MetricsSystemImpl.java:stop(216)) - HddsDatanode metrics system stopped.
]]></system-out>
    <system-err><![CDATA[Aug 23, 2019 8:55:12 AM com.sun.jersey.server.impl.application.WebApplicationImpl _initiate
INFO: Initiating Jersey application, version 'Jersey: 1.19 02/11/2015 03:25 AM'
Aug 23, 2019 8:55:12 AM com.sun.jersey.server.impl.application.WebApplicationImpl _initiate
INFO: Initiating Jersey application, version 'Jersey: 1.19 02/11/2015 03:25 AM'
Aug 23, 2019 8:55:13 AM com.sun.jersey.server.impl.application.WebApplicationImpl _initiate
INFO: Initiating Jersey application, version 'Jersey: 1.19 02/11/2015 03:25 AM'
Aug 23, 2019 8:55:13 AM com.sun.jersey.server.impl.application.WebApplicationImpl _initiate
INFO: Initiating Jersey application, version 'Jersey: 1.19 02/11/2015 03:25 AM'
Aug 23, 2019 8:55:13 AM com.sun.jersey.server.impl.application.WebApplicationImpl _initiate
INFO: Initiating Jersey application, version 'Jersey: 1.19 02/11/2015 03:25 AM'
Aug 23, 2019 8:55:14 AM com.sun.jersey.server.impl.application.WebApplicationImpl _initiate
INFO: Initiating Jersey application, version 'Jersey: 1.19 02/11/2015 03:25 AM'
Aug 23, 2019 8:55:14 AM com.sun.jersey.server.impl.application.WebApplicationImpl _initiate
INFO: Initiating Jersey application, version 'Jersey: 1.19 02/11/2015 03:25 AM'
Aug 23, 2019 8:55:16 AM org.apache.ratis.thirdparty.io.grpc.internal.ManagedChannelOrphanWrapper$ManagedChannelReference cleanQueue
SEVERE: *~*~*~ Channel ManagedChannelImpl{logId=2967, target=192.168.36.124:44296} was not shutdown properly!!! ~*~*~*
    Make sure to call shutdown()/shutdownNow() and wait until awaitTermination() returns true.
java.lang.RuntimeException: ManagedChannel allocation site
	at org.apache.ratis.thirdparty.io.grpc.internal.ManagedChannelOrphanWrapper$ManagedChannelReference.<init>(ManagedChannelOrphanWrapper.java:103)
	at org.apache.ratis.thirdparty.io.grpc.internal.ManagedChannelOrphanWrapper.<init>(ManagedChannelOrphanWrapper.java:53)
	at org.apache.ratis.thirdparty.io.grpc.internal.ManagedChannelOrphanWrapper.<init>(ManagedChannelOrphanWrapper.java:44)
	at org.apache.ratis.thirdparty.io.grpc.internal.AbstractManagedChannelImplBuilder.build(AbstractManagedChannelImplBuilder.java:411)
	at org.apache.hadoop.hdds.scm.XceiverClientGrpc.connectToDatanode(XceiverClientGrpc.java:174)
	at org.apache.hadoop.hdds.scm.XceiverClientGrpc.reconnect(XceiverClientGrpc.java:422)
	at org.apache.hadoop.hdds.scm.XceiverClientGrpc.sendCommandAsync(XceiverClientGrpc.java:371)
	at org.apache.hadoop.hdds.scm.XceiverClientGrpc.sendCommandWithRetry(XceiverClientGrpc.java:284)
	at org.apache.hadoop.hdds.scm.XceiverClientGrpc.sendCommandWithTraceIDAndRetry(XceiverClientGrpc.java:250)
	at org.apache.hadoop.hdds.scm.XceiverClientGrpc.sendCommand(XceiverClientGrpc.java:233)
	at org.apache.hadoop.hdds.scm.storage.ContainerProtocolCalls.getBlock(ContainerProtocolCalls.java:118)
	at org.apache.hadoop.hdds.scm.storage.BlockInputStream.getChunkInfos(BlockInputStream.java:167)
	at org.apache.hadoop.hdds.scm.storage.BlockInputStream.initialize(BlockInputStream.java:118)
	at org.apache.hadoop.hdds.scm.storage.BlockInputStream.read(BlockInputStream.java:222)
	at org.apache.hadoop.ozone.client.io.KeyInputStream.read(KeyInputStream.java:171)
	at org.apache.hadoop.ozone.client.io.OzoneInputStream.read(OzoneInputStream.java:47)
	at java.io.InputStream.read(InputStream.java:101)
	at org.apache.hadoop.ozone.container.ContainerTestHelper.validateData(ContainerTestHelper.java:713)
	at org.apache.hadoop.ozone.client.rpc.TestBlockOutputStreamWithFailures.validateData(TestBlockOutputStreamWithFailures.java:1216)
	at org.apache.hadoop.ozone.client.rpc.TestBlockOutputStreamWithFailures.testWatchForCommitWithSingleNodeRatis(TestBlockOutputStreamWithFailures.java:918)
	at sun.reflect.NativeMethodAccessorImpl.invoke0(Native Method)
	at sun.reflect.NativeMethodAccessorImpl.invoke(NativeMethodAccessorImpl.java:62)
	at sun.reflect.DelegatingMethodAccessorImpl.invoke(DelegatingMethodAccessorImpl.java:43)
	at java.lang.reflect.Method.invoke(Method.java:498)
	at org.junit.runners.model.FrameworkMethod$1.runReflectiveCall(FrameworkMethod.java:47)
	at org.junit.internal.runners.model.ReflectiveCallable.run(ReflectiveCallable.java:12)
	at org.junit.runners.model.FrameworkMethod.invokeExplosively(FrameworkMethod.java:44)
	at org.junit.internal.runners.statements.InvokeMethod.evaluate(InvokeMethod.java:17)
	at org.junit.internal.runners.statements.RunBefores.evaluate(RunBefores.java:26)
	at org.junit.internal.runners.statements.RunAfters.evaluate(RunAfters.java:27)
	at org.junit.runners.ParentRunner.runLeaf(ParentRunner.java:271)
	at org.junit.runners.BlockJUnit4ClassRunner.runChild(BlockJUnit4ClassRunner.java:70)
	at org.junit.runners.BlockJUnit4ClassRunner.runChild(BlockJUnit4ClassRunner.java:50)
	at org.junit.runners.ParentRunner$3.run(ParentRunner.java:238)
	at org.junit.runners.ParentRunner$1.schedule(ParentRunner.java:63)
	at org.junit.runners.ParentRunner.runChildren(ParentRunner.java:236)
	at org.junit.runners.ParentRunner.access$000(ParentRunner.java:53)
	at org.junit.runners.ParentRunner$2.evaluate(ParentRunner.java:229)
	at org.junit.runners.ParentRunner.run(ParentRunner.java:309)
	at org.apache.maven.surefire.junit4.JUnit4Provider.execute(JUnit4Provider.java:365)
	at org.apache.maven.surefire.junit4.JUnit4Provider.executeWithRerun(JUnit4Provider.java:273)
	at org.apache.maven.surefire.junit4.JUnit4Provider.executeTestSet(JUnit4Provider.java:238)
	at org.apache.maven.surefire.junit4.JUnit4Provider.invoke(JUnit4Provider.java:159)
	at org.apache.maven.surefire.booter.ForkedBooter.invokeProviderInSameClassLoader(ForkedBooter.java:384)
	at org.apache.maven.surefire.booter.ForkedBooter.runSuitesInProcess(ForkedBooter.java:345)
	at org.apache.maven.surefire.booter.ForkedBooter.execute(ForkedBooter.java:126)
	at org.apache.maven.surefire.booter.ForkedBooter.main(ForkedBooter.java:418)

Aug 23, 2019 8:55:16 AM org.apache.ratis.thirdparty.io.grpc.internal.ManagedChannelOrphanWrapper$ManagedChannelReference cleanQueue
SEVERE: *~*~*~ Channel ManagedChannelImpl{logId=2917, target=192.168.36.124:35127} was not shutdown properly!!! ~*~*~*
    Make sure to call shutdown()/shutdownNow() and wait until awaitTermination() returns true.
java.lang.RuntimeException: ManagedChannel allocation site
	at org.apache.ratis.thirdparty.io.grpc.internal.ManagedChannelOrphanWrapper$ManagedChannelReference.<init>(ManagedChannelOrphanWrapper.java:103)
	at org.apache.ratis.thirdparty.io.grpc.internal.ManagedChannelOrphanWrapper.<init>(ManagedChannelOrphanWrapper.java:53)
	at org.apache.ratis.thirdparty.io.grpc.internal.ManagedChannelOrphanWrapper.<init>(ManagedChannelOrphanWrapper.java:44)
	at org.apache.ratis.thirdparty.io.grpc.internal.AbstractManagedChannelImplBuilder.build(AbstractManagedChannelImplBuilder.java:411)
	at org.apache.ratis.grpc.client.GrpcClientProtocolClient.<init>(GrpcClientProtocolClient.java:119)
	at org.apache.ratis.grpc.client.GrpcClientRpc.lambda$new$0(GrpcClientRpc.java:55)
	at org.apache.ratis.util.PeerProxyMap$PeerAndProxy.lambda$getProxy$0(PeerProxyMap.java:61)
	at org.apache.ratis.util.LifeCycle.startAndTransition(LifeCycle.java:202)
	at org.apache.ratis.util.PeerProxyMap$PeerAndProxy.getProxy(PeerProxyMap.java:60)
	at org.apache.ratis.util.PeerProxyMap.getProxy(PeerProxyMap.java:107)
	at org.apache.ratis.grpc.client.GrpcClientRpc.sendRequestAsync(GrpcClientRpc.java:66)
	at org.apache.ratis.client.impl.OrderedAsync.sendRequest(OrderedAsync.java:208)
	at org.apache.ratis.client.impl.OrderedAsync.sendRequestWithRetry(OrderedAsync.java:169)
	at org.apache.ratis.util.SlidingWindow$Client.sendOrDelayRequest(SlidingWindow.java:278)
	at org.apache.ratis.util.SlidingWindow$Client.retry(SlidingWindow.java:294)
	at org.apache.ratis.client.impl.OrderedAsync.lambda$scheduleWithTimeout$7(OrderedAsync.java:195)
	at org.apache.ratis.util.TimeoutScheduler.lambda$onTimeout$0(TimeoutScheduler.java:85)
	at org.apache.ratis.util.TimeoutScheduler.lambda$onTimeout$1(TimeoutScheduler.java:104)
	at org.apache.ratis.util.LogUtils.runAndLog(LogUtils.java:50)
	at org.apache.ratis.util.LogUtils$1.run(LogUtils.java:91)
	at java.util.concurrent.Executors$RunnableAdapter.call(Executors.java:511)
	at java.util.concurrent.FutureTask.run(FutureTask.java:266)
	at java.util.concurrent.ScheduledThreadPoolExecutor$ScheduledFutureTask.access$201(ScheduledThreadPoolExecutor.java:180)
	at java.util.concurrent.ScheduledThreadPoolExecutor$ScheduledFutureTask.run(ScheduledThreadPoolExecutor.java:293)
	at java.util.concurrent.ThreadPoolExecutor.runWorker(ThreadPoolExecutor.java:1149)
	at java.util.concurrent.ThreadPoolExecutor$Worker.run(ThreadPoolExecutor.java:624)
	at java.lang.Thread.run(Thread.java:748)

Aug 23, 2019 8:55:16 AM org.apache.ratis.thirdparty.io.grpc.internal.ManagedChannelOrphanWrapper$ManagedChannelReference cleanQueue
SEVERE: *~*~*~ Channel ManagedChannelImpl{logId=2972, target=192.168.36.124:45453} was not shutdown properly!!! ~*~*~*
    Make sure to call shutdown()/shutdownNow() and wait until awaitTermination() returns true.
java.lang.RuntimeException: ManagedChannel allocation site
	at org.apache.ratis.thirdparty.io.grpc.internal.ManagedChannelOrphanWrapper$ManagedChannelReference.<init>(ManagedChannelOrphanWrapper.java:103)
	at org.apache.ratis.thirdparty.io.grpc.internal.ManagedChannelOrphanWrapper.<init>(ManagedChannelOrphanWrapper.java:53)
	at org.apache.ratis.thirdparty.io.grpc.internal.ManagedChannelOrphanWrapper.<init>(ManagedChannelOrphanWrapper.java:44)
	at org.apache.ratis.thirdparty.io.grpc.internal.AbstractManagedChannelImplBuilder.build(AbstractManagedChannelImplBuilder.java:411)
	at org.apache.hadoop.hdds.scm.XceiverClientGrpc.connectToDatanode(XceiverClientGrpc.java:174)
	at org.apache.hadoop.hdds.scm.XceiverClientGrpc.reconnect(XceiverClientGrpc.java:422)
	at org.apache.hadoop.hdds.scm.XceiverClientGrpc.sendCommandAsync(XceiverClientGrpc.java:371)
	at org.apache.hadoop.hdds.scm.XceiverClientGrpc.sendCommandWithRetry(XceiverClientGrpc.java:284)
	at org.apache.hadoop.hdds.scm.XceiverClientGrpc.sendCommandWithTraceIDAndRetry(XceiverClientGrpc.java:250)
	at org.apache.hadoop.hdds.scm.XceiverClientGrpc.sendCommand(XceiverClientGrpc.java:233)
	at org.apache.hadoop.hdds.scm.storage.ContainerProtocolCalls.getBlock(ContainerProtocolCalls.java:118)
	at org.apache.hadoop.hdds.scm.storage.BlockInputStream.getChunkInfos(BlockInputStream.java:167)
	at org.apache.hadoop.hdds.scm.storage.BlockInputStream.initialize(BlockInputStream.java:118)
	at org.apache.hadoop.hdds.scm.storage.BlockInputStream.read(BlockInputStream.java:222)
	at org.apache.hadoop.ozone.client.io.KeyInputStream.read(KeyInputStream.java:171)
	at org.apache.hadoop.ozone.client.io.OzoneInputStream.read(OzoneInputStream.java:47)
	at java.io.InputStream.read(InputStream.java:101)
	at org.apache.hadoop.ozone.container.ContainerTestHelper.validateData(ContainerTestHelper.java:713)
	at org.apache.hadoop.ozone.client.rpc.TestBlockOutputStreamWithFailures.validateData(TestBlockOutputStreamWithFailures.java:1216)
	at org.apache.hadoop.ozone.client.rpc.TestBlockOutputStreamWithFailures.testWatchForCommitWithSingleNodeRatis(TestBlockOutputStreamWithFailures.java:918)
	at sun.reflect.NativeMethodAccessorImpl.invoke0(Native Method)
	at sun.reflect.NativeMethodAccessorImpl.invoke(NativeMethodAccessorImpl.java:62)
	at sun.reflect.DelegatingMethodAccessorImpl.invoke(DelegatingMethodAccessorImpl.java:43)
	at java.lang.reflect.Method.invoke(Method.java:498)
	at org.junit.runners.model.FrameworkMethod$1.runReflectiveCall(FrameworkMethod.java:47)
	at org.junit.internal.runners.model.ReflectiveCallable.run(ReflectiveCallable.java:12)
	at org.junit.runners.model.FrameworkMethod.invokeExplosively(FrameworkMethod.java:44)
	at org.junit.internal.runners.statements.InvokeMethod.evaluate(InvokeMethod.java:17)
	at org.junit.internal.runners.statements.RunBefores.evaluate(RunBefores.java:26)
	at org.junit.internal.runners.statements.RunAfters.evaluate(RunAfters.java:27)
	at org.junit.runners.ParentRunner.runLeaf(ParentRunner.java:271)
	at org.junit.runners.BlockJUnit4ClassRunner.runChild(BlockJUnit4ClassRunner.java:70)
	at org.junit.runners.BlockJUnit4ClassRunner.runChild(BlockJUnit4ClassRunner.java:50)
	at org.junit.runners.ParentRunner$3.run(ParentRunner.java:238)
	at org.junit.runners.ParentRunner$1.schedule(ParentRunner.java:63)
	at org.junit.runners.ParentRunner.runChildren(ParentRunner.java:236)
	at org.junit.runners.ParentRunner.access$000(ParentRunner.java:53)
	at org.junit.runners.ParentRunner$2.evaluate(ParentRunner.java:229)
	at org.junit.runners.ParentRunner.run(ParentRunner.java:309)
	at org.apache.maven.surefire.junit4.JUnit4Provider.execute(JUnit4Provider.java:365)
	at org.apache.maven.surefire.junit4.JUnit4Provider.executeWithRerun(JUnit4Provider.java:273)
	at org.apache.maven.surefire.junit4.JUnit4Provider.executeTestSet(JUnit4Provider.java:238)
	at org.apache.maven.surefire.junit4.JUnit4Provider.invoke(JUnit4Provider.java:159)
	at org.apache.maven.surefire.booter.ForkedBooter.invokeProviderInSameClassLoader(ForkedBooter.java:384)
	at org.apache.maven.surefire.booter.ForkedBooter.runSuitesInProcess(ForkedBooter.java:345)
	at org.apache.maven.surefire.booter.ForkedBooter.execute(ForkedBooter.java:126)
	at org.apache.maven.surefire.booter.ForkedBooter.main(ForkedBooter.java:418)

Aug 23, 2019 8:55:16 AM org.apache.ratis.thirdparty.io.grpc.internal.ManagedChannelOrphanWrapper$ManagedChannelReference cleanQueue
SEVERE: *~*~*~ Channel ManagedChannelImpl{logId=2962, target=192.168.36.124:37749} was not shutdown properly!!! ~*~*~*
    Make sure to call shutdown()/shutdownNow() and wait until awaitTermination() returns true.
java.lang.RuntimeException: ManagedChannel allocation site
	at org.apache.ratis.thirdparty.io.grpc.internal.ManagedChannelOrphanWrapper$ManagedChannelReference.<init>(ManagedChannelOrphanWrapper.java:103)
	at org.apache.ratis.thirdparty.io.grpc.internal.ManagedChannelOrphanWrapper.<init>(ManagedChannelOrphanWrapper.java:53)
	at org.apache.ratis.thirdparty.io.grpc.internal.ManagedChannelOrphanWrapper.<init>(ManagedChannelOrphanWrapper.java:44)
	at org.apache.ratis.thirdparty.io.grpc.internal.AbstractManagedChannelImplBuilder.build(AbstractManagedChannelImplBuilder.java:411)
	at org.apache.ratis.grpc.client.GrpcClientProtocolClient.<init>(GrpcClientProtocolClient.java:119)
	at org.apache.ratis.grpc.client.GrpcClientRpc.lambda$new$0(GrpcClientRpc.java:55)
	at org.apache.ratis.util.PeerProxyMap$PeerAndProxy.lambda$getProxy$0(PeerProxyMap.java:61)
	at org.apache.ratis.util.LifeCycle.startAndTransition(LifeCycle.java:202)
	at org.apache.ratis.util.PeerProxyMap$PeerAndProxy.getProxy(PeerProxyMap.java:60)
	at org.apache.ratis.util.PeerProxyMap.getProxy(PeerProxyMap.java:107)
	at org.apache.ratis.grpc.client.GrpcClientRpc.sendRequestAsync(GrpcClientRpc.java:66)
	at org.apache.ratis.client.impl.OrderedAsync.sendRequest(OrderedAsync.java:208)
	at org.apache.ratis.client.impl.OrderedAsync.sendRequestWithRetry(OrderedAsync.java:169)
	at org.apache.ratis.util.SlidingWindow$Client.sendOrDelayRequest(SlidingWindow.java:278)
	at org.apache.ratis.util.SlidingWindow$Client.submitNewRequest(SlidingWindow.java:257)
	at org.apache.ratis.client.impl.OrderedAsync.send(OrderedAsync.java:155)
	at org.apache.ratis.client.impl.RaftClientImpl.sendAsync(RaftClientImpl.java:145)
	at org.apache.ratis.client.impl.RaftClientImpl.sendAsync(RaftClientImpl.java:125)
	at org.apache.hadoop.hdds.scm.XceiverClientRatis.sendRequestAsync(XceiverClientRatis.java:224)
	at org.apache.hadoop.hdds.scm.XceiverClientRatis.sendCommandAsync(XceiverClientRatis.java:302)
	at org.apache.hadoop.hdds.scm.storage.ContainerProtocolCalls.writeChunkAsync(ContainerProtocolCalls.java:310)
	at org.apache.hadoop.hdds.scm.storage.BlockOutputStream.writeChunkToContainer(BlockOutputStream.java:601)
	at org.apache.hadoop.hdds.scm.storage.BlockOutputStream.writeChunk(BlockOutputStream.java:459)
	at org.apache.hadoop.hdds.scm.storage.BlockOutputStream.writeOnRetry(BlockOutputStream.java:285)
	at org.apache.hadoop.ozone.client.io.BlockOutputStreamEntry.writeOnRetry(BlockOutputStreamEntry.java:200)
	at org.apache.hadoop.ozone.client.io.KeyOutputStream.handleWrite(KeyOutputStream.java:209)
	at org.apache.hadoop.ozone.client.io.KeyOutputStream.handleRetry(KeyOutputStream.java:376)
	at org.apache.hadoop.ozone.client.io.KeyOutputStream.handleException(KeyOutputStream.java:325)
	at org.apache.hadoop.ozone.client.io.KeyOutputStream.handleFlushOrClose(KeyOutputStream.java:448)
	at org.apache.hadoop.ozone.client.io.KeyOutputStream.handleWrite(KeyOutputStream.java:235)
	at org.apache.hadoop.ozone.client.io.KeyOutputStream.write(KeyOutputStream.java:193)
	at org.apache.hadoop.ozone.client.io.OzoneOutputStream.write(OzoneOutputStream.java:49)
	at java.io.OutputStream.write(OutputStream.java:75)
	at org.apache.hadoop.ozone.client.rpc.TestBlockOutputStreamWithFailures.testWatchForCommitWithSingleNodeRatis(TestBlockOutputStreamWithFailures.java:885)
	at sun.reflect.NativeMethodAccessorImpl.invoke0(Native Method)
	at sun.reflect.NativeMethodAccessorImpl.invoke(NativeMethodAccessorImpl.java:62)
	at sun.reflect.DelegatingMethodAccessorImpl.invoke(DelegatingMethodAccessorImpl.java:43)
	at java.lang.reflect.Method.invoke(Method.java:498)
	at org.junit.runners.model.FrameworkMethod$1.runReflectiveCall(FrameworkMethod.java:47)
	at org.junit.internal.runners.model.ReflectiveCallable.run(ReflectiveCallable.java:12)
	at org.junit.runners.model.FrameworkMethod.invokeExplosively(FrameworkMethod.java:44)
	at org.junit.internal.runners.statements.InvokeMethod.evaluate(InvokeMethod.java:17)
	at org.junit.internal.runners.statements.RunBefores.evaluate(RunBefores.java:26)
	at org.junit.internal.runners.statements.RunAfters.evaluate(RunAfters.java:27)
	at org.junit.runners.ParentRunner.runLeaf(ParentRunner.java:271)
	at org.junit.runners.BlockJUnit4ClassRunner.runChild(BlockJUnit4ClassRunner.java:70)
	at org.junit.runners.BlockJUnit4ClassRunner.runChild(BlockJUnit4ClassRunner.java:50)
	at org.junit.runners.ParentRunner$3.run(ParentRunner.java:238)
	at org.junit.runners.ParentRunner$1.schedule(ParentRunner.java:63)
	at org.junit.runners.ParentRunner.runChildren(ParentRunner.java:236)
	at org.junit.runners.ParentRunner.access$000(ParentRunner.java:53)
	at org.junit.runners.ParentRunner$2.evaluate(ParentRunner.java:229)
	at org.junit.runners.ParentRunner.run(ParentRunner.java:309)
	at org.apache.maven.surefire.junit4.JUnit4Provider.execute(JUnit4Provider.java:365)
	at org.apache.maven.surefire.junit4.JUnit4Provider.executeWithRerun(JUnit4Provider.java:273)
	at org.apache.maven.surefire.junit4.JUnit4Provider.executeTestSet(JUnit4Provider.java:238)
	at org.apache.maven.surefire.junit4.JUnit4Provider.invoke(JUnit4Provider.java:159)
	at org.apache.maven.surefire.booter.ForkedBooter.invokeProviderInSameClassLoader(ForkedBooter.java:384)
	at org.apache.maven.surefire.booter.ForkedBooter.runSuitesInProcess(ForkedBooter.java:345)
	at org.apache.maven.surefire.booter.ForkedBooter.execute(ForkedBooter.java:126)
	at org.apache.maven.surefire.booter.ForkedBooter.main(ForkedBooter.java:418)

]]></system-err>
  </testcase>
  <testcase name="testFailureWithPrimeSizedData" classname="org.apache.hadoop.ozone.client.rpc.TestBlockOutputStreamWithFailures" time="37.281"/>
  <testcase name="testWatchForCommitWithCloseContainerException" classname="org.apache.hadoop.ozone.client.rpc.TestBlockOutputStreamWithFailures" time="37.003"/>
  <testcase name="testExceptionDuringClose" classname="org.apache.hadoop.ozone.client.rpc.TestBlockOutputStreamWithFailures" time="46.463"/>
</testsuite>