<?xml version="1.0" encoding="UTF-8"?>
<testsuite xmlns:xsi="http://www.w3.org/2001/XMLSchema-instance" xsi:noNamespaceSchemaLocation="https://maven.apache.org/surefire/maven-surefire-plugin/xsd/surefire-test-report.xsd" name="org.apache.hadoop.fs.ozone.TestOzoneFileSystem" time="145.056" tests="8" errors="4" skipped="0" failures="0">
  <properties>
    <property name="awt.toolkit" value="sun.awt.X11.XToolkit"/>
    <property name="file.encoding.pkg" value="sun.io"/>
    <property name="java.specification.version" value="1.8"/>
    <property name="sun.cpu.isalist" value=""/>
    <property name="sun.jnu.encoding" value="UTF-8"/>
    <property name="java.class.path" value="/workdir/hadoop-ozone/ozonefs/target/test-classes:/workdir/hadoop-ozone/ozonefs/target/classes:/home/user/.m2/repository/org/apache/hadoop/hadoop-common/3.2.0/hadoop-common-3.2.0.jar:/home/user/.m2/repository/org/apache/hadoop/hadoop-annotations/3.2.0/hadoop-annotations-3.2.0.jar:/usr/lib/jvm/java-1.8-openjdk/jre/../lib/tools.jar:/home/user/.m2/repository/com/google/guava/guava/11.0.2/guava-11.0.2.jar:/home/user/.m2/repository/commons-cli/commons-cli/1.2/commons-cli-1.2.jar:/home/user/.m2/repository/org/apache/commons/commons-math3/3.1.1/commons-math3-3.1.1.jar:/home/user/.m2/repository/org/apache/httpcomponents/httpclient/4.5.2/httpclient-4.5.2.jar:/home/user/.m2/repository/org/apache/httpcomponents/httpcore/4.4.4/httpcore-4.4.4.jar:/home/user/.m2/repository/commons-codec/commons-codec/1.11/commons-codec-1.11.jar:/home/user/.m2/repository/commons-io/commons-io/2.5/commons-io-2.5.jar:/home/user/.m2/repository/commons-net/commons-net/3.6/commons-net-3.6.jar:/home/user/.m2/repository/commons-collections/commons-collections/3.2.2/commons-collections-3.2.2.jar:/home/user/.m2/repository/javax/servlet/javax.servlet-api/3.1.0/javax.servlet-api-3.1.0.jar:/home/user/.m2/repository/org/eclipse/jetty/jetty-server/9.3.25.v20180904/jetty-server-9.3.25.v20180904.jar:/home/user/.m2/repository/org/eclipse/jetty/jetty-http/9.3.25.v20180904/jetty-http-9.3.25.v20180904.jar:/home/user/.m2/repository/org/eclipse/jetty/jetty-io/9.3.25.v20180904/jetty-io-9.3.25.v20180904.jar:/home/user/.m2/repository/org/eclipse/jetty/jetty-util/9.3.25.v20180904/jetty-util-9.3.25.v20180904.jar:/home/user/.m2/repository/org/eclipse/jetty/jetty-servlet/9.3.25.v20180904/jetty-servlet-9.3.25.v20180904.jar:/home/user/.m2/repository/org/eclipse/jetty/jetty-security/9.3.25.v20180904/jetty-security-9.3.25.v20180904.jar:/home/user/.m2/repository/org/eclipse/jetty/jetty-webapp/9.3.25.v20180904/jetty-webapp-9.3.25.v20180904.jar:/home/user/.m2/repository/org/eclipse/jetty/jetty-xml/9.3.25.v20180904/jetty-xml-9.3.25.v20180904.jar:/home/user/.m2/repository/javax/servlet/jsp/jsp-api/2.1/jsp-api-2.1.jar:/home/user/.m2/repository/com/sun/jersey/jersey-core/1.19/jersey-core-1.19.jar:/home/user/.m2/repository/javax/ws/rs/jsr311-api/1.1.1/jsr311-api-1.1.1.jar:/home/user/.m2/repository/com/sun/jersey/jersey-servlet/1.19/jersey-servlet-1.19.jar:/home/user/.m2/repository/com/sun/jersey/jersey-json/1.19/jersey-json-1.19.jar:/home/user/.m2/repository/org/codehaus/jettison/jettison/1.1/jettison-1.1.jar:/home/user/.m2/repository/com/sun/xml/bind/jaxb-impl/2.3.0.1/jaxb-impl-2.3.0.1.jar:/home/user/.m2/repository/org/codehaus/jackson/jackson-core-asl/1.9.13/jackson-core-asl-1.9.13.jar:/home/user/.m2/repository/org/codehaus/jackson/jackson-mapper-asl/1.9.13/jackson-mapper-asl-1.9.13.jar:/home/user/.m2/repository/org/codehaus/jackson/jackson-jaxrs/1.9.13/jackson-jaxrs-1.9.13.jar:/home/user/.m2/repository/org/codehaus/jackson/jackson-xc/1.9.13/jackson-xc-1.9.13.jar:/home/user/.m2/repository/com/sun/jersey/jersey-server/1.19/jersey-server-1.19.jar:/home/user/.m2/repository/commons-logging/commons-logging/1.1.3/commons-logging-1.1.3.jar:/home/user/.m2/repository/log4j/log4j/1.2.17/log4j-1.2.17.jar:/home/user/.m2/repository/commons-beanutils/commons-beanutils/1.9.4/commons-beanutils-1.9.4.jar:/home/user/.m2/repository/org/apache/commons/commons-configuration2/2.1.1/commons-configuration2-2.1.1.jar:/home/user/.m2/repository/org/apache/commons/commons-lang3/3.7/commons-lang3-3.7.jar:/home/user/.m2/repository/org/apache/commons/commons-text/1.4/commons-text-1.4.jar:/home/user/.m2/repository/org/slf4j/slf4j-api/1.7.25/slf4j-api-1.7.25.jar:/home/user/.m2/repository/org/slf4j/slf4j-log4j12/1.7.25/slf4j-log4j12-1.7.25.jar:/home/user/.m2/repository/org/apache/avro/avro/1.7.7/avro-1.7.7.jar:/home/user/.m2/repository/com/thoughtworks/paranamer/paranamer/2.3/paranamer-2.3.jar:/home/user/.m2/repository/org/xerial/snappy/snappy-java/1.0.5/snappy-java-1.0.5.jar:/home/user/.m2/repository/com/google/re2j/re2j/1.1/re2j-1.1.jar:/home/user/.m2/repository/com/google/protobuf/protobuf-java/2.5.0/protobuf-java-2.5.0.jar:/home/user/.m2/repository/com/google/code/gson/gson/2.2.4/gson-2.2.4.jar:/home/user/.m2/repository/org/apache/hadoop/hadoop-auth/3.2.0/hadoop-auth-3.2.0.jar:/home/user/.m2/repository/com/nimbusds/nimbus-jose-jwt/4.41.1/nimbus-jose-jwt-4.41.1.jar:/home/user/.m2/repository/com/github/stephenc/jcip/jcip-annotations/1.0-1/jcip-annotations-1.0-1.jar:/home/user/.m2/repository/net/minidev/json-smart/2.3/json-smart-2.3.jar:/home/user/.m2/repository/net/minidev/accessors-smart/1.2/accessors-smart-1.2.jar:/home/user/.m2/repository/org/apache/curator/curator-framework/2.12.0/curator-framework-2.12.0.jar:/home/user/.m2/repository/com/jcraft/jsch/0.1.54/jsch-0.1.54.jar:/home/user/.m2/repository/org/apache/curator/curator-client/2.12.0/curator-client-2.12.0.jar:/home/user/.m2/repository/org/apache/curator/curator-recipes/2.12.0/curator-recipes-2.12.0.jar:/home/user/.m2/repository/com/google/code/findbugs/jsr305/3.0.0/jsr305-3.0.0.jar:/home/user/.m2/repository/org/apache/htrace/htrace-core4/4.1.0-incubating/htrace-core4-4.1.0-incubating.jar:/home/user/.m2/repository/org/apache/zookeeper/zookeeper/3.4.13/zookeeper-3.4.13.jar:/home/user/.m2/repository/jline/jline/0.9.94/jline-0.9.94.jar:/home/user/.m2/repository/org/apache/yetus/audience-annotations/0.5.0/audience-annotations-0.5.0.jar:/home/user/.m2/repository/org/apache/commons/commons-compress/1.4.1/commons-compress-1.4.1.jar:/home/user/.m2/repository/org/tukaani/xz/1.0/xz-1.0.jar:/home/user/.m2/repository/org/apache/kerby/kerb-simplekdc/1.0.1/kerb-simplekdc-1.0.1.jar:/home/user/.m2/repository/org/apache/kerby/kerb-client/1.0.1/kerb-client-1.0.1.jar:/home/user/.m2/repository/org/apache/kerby/kerby-config/1.0.1/kerby-config-1.0.1.jar:/home/user/.m2/repository/org/apache/kerby/kerb-core/1.0.1/kerb-core-1.0.1.jar:/home/user/.m2/repository/org/apache/kerby/kerby-pkix/1.0.1/kerby-pkix-1.0.1.jar:/home/user/.m2/repository/org/apache/kerby/kerby-asn1/1.0.1/kerby-asn1-1.0.1.jar:/home/user/.m2/repository/org/apache/kerby/kerby-util/1.0.1/kerby-util-1.0.1.jar:/home/user/.m2/repository/org/apache/kerby/kerb-common/1.0.1/kerb-common-1.0.1.jar:/home/user/.m2/repository/org/apache/kerby/kerb-crypto/1.0.1/kerb-crypto-1.0.1.jar:/home/user/.m2/repository/org/apache/kerby/kerb-util/1.0.1/kerb-util-1.0.1.jar:/home/user/.m2/repository/org/apache/kerby/token-provider/1.0.1/token-provider-1.0.1.jar:/home/user/.m2/repository/org/apache/kerby/kerb-admin/1.0.1/kerb-admin-1.0.1.jar:/home/user/.m2/repository/org/apache/kerby/kerb-server/1.0.1/kerb-server-1.0.1.jar:/home/user/.m2/repository/org/apache/kerby/kerb-identity/1.0.1/kerb-identity-1.0.1.jar:/home/user/.m2/repository/org/apache/kerby/kerby-xdr/1.0.1/kerby-xdr-1.0.1.jar:/home/user/.m2/repository/com/fasterxml/jackson/core/jackson-databind/2.9.9/jackson-databind-2.9.9.jar:/home/user/.m2/repository/com/fasterxml/jackson/core/jackson-annotations/2.9.9/jackson-annotations-2.9.9.jar:/home/user/.m2/repository/com/fasterxml/jackson/core/jackson-core/2.9.9/jackson-core-2.9.9.jar:/home/user/.m2/repository/org/codehaus/woodstox/stax2-api/3.1.4/stax2-api-3.1.4.jar:/home/user/.m2/repository/com/fasterxml/woodstox/woodstox-core/5.0.3/woodstox-core-5.0.3.jar:/home/user/.m2/repository/dnsjava/dnsjava/2.1.7/dnsjava-2.1.7.jar:/home/user/.m2/repository/org/apache/hadoop/hadoop-hdfs/3.2.0/hadoop-hdfs-3.2.0.jar:/home/user/.m2/repository/org/eclipse/jetty/jetty-util-ajax/9.3.25.v20180904/jetty-util-ajax-9.3.25.v20180904.jar:/home/user/.m2/repository/commons-daemon/commons-daemon/1.0.13/commons-daemon-1.0.13.jar:/home/user/.m2/repository/io/netty/netty/3.10.5.Final/netty-3.10.5.Final.jar:/home/user/.m2/repository/io/netty/netty-all/4.0.52.Final/netty-all-4.0.52.Final.jar:/home/user/.m2/repository/org/fusesource/leveldbjni/leveldbjni-all/1.8/leveldbjni-all-1.8.jar:/home/user/.m2/repository/org/apache/hadoop/hadoop-hdds-common/0.5.0-SNAPSHOT/hadoop-hdds-common-0.5.0-SNAPSHOT.jar:/home/user/.m2/repository/org/apache/hadoop/hadoop-hdds-config/0.5.0-SNAPSHOT/hadoop-hdds-config-0.5.0-SNAPSHOT.jar:/home/user/.m2/repository/javax/annotation/javax.annotation-api/1.2/javax.annotation-api-1.2.jar:/home/user/.m2/repository/org/apache/ratis/ratis-server/0.4.0/ratis-server-0.4.0.jar:/home/user/.m2/repository/org/apache/ratis/ratis-thirdparty-misc/0.2.0/ratis-thirdparty-misc-0.2.0.jar:/home/user/.m2/repository/org/apache/ratis/ratis-proto/0.4.0/ratis-proto-0.4.0.jar:/home/user/.m2/repository/org/apache/ratis/ratis-common/0.4.0/ratis-common-0.4.0.jar:/home/user/.m2/repository/org/apache/ratis/ratis-client/0.4.0/ratis-client-0.4.0.jar:/home/user/.m2/repository/org/apache/ratis/ratis-metrics/0.4.0/ratis-metrics-0.4.0.jar:/home/user/.m2/repository/com/github/joshelser/dropwizard-metrics-hadoop-metrics2-reporter/0.1.2/dropwizard-metrics-hadoop-metrics2-reporter-0.1.2.jar:/home/user/.m2/repository/io/dropwizard/metrics/metrics-jvm/3.2.5/metrics-jvm-3.2.5.jar:/home/user/.m2/repository/io/dropwizard/metrics/metrics-ganglia/3.2.5/metrics-ganglia-3.2.5.jar:/home/user/.m2/repository/info/ganglia/gmetric4j/gmetric4j/1.0.7/gmetric4j-1.0.7.jar:/home/user/.m2/repository/org/apache/ratis/ratis-netty/0.4.0/ratis-netty-0.4.0.jar:/home/user/.m2/repository/org/apache/ratis/ratis-grpc/0.4.0/ratis-grpc-0.4.0.jar:/home/user/.m2/repository/org/rocksdb/rocksdbjni/6.0.1/rocksdbjni-6.0.1.jar:/home/user/.m2/repository/org/apache/logging/log4j/log4j-api/2.11.0/log4j-api-2.11.0.jar:/home/user/.m2/repository/org/apache/logging/log4j/log4j-core/2.11.0/log4j-core-2.11.0.jar:/home/user/.m2/repository/com/lmax/disruptor/3.4.2/disruptor-3.4.2.jar:/home/user/.m2/repository/org/apache/commons/commons-pool2/2.6.0/commons-pool2-2.6.0.jar:/home/user/.m2/repository/org/bouncycastle/bcpkix-jdk15on/1.60/bcpkix-jdk15on-1.60.jar:/home/user/.m2/repository/commons-validator/commons-validator/1.6/commons-validator-1.6.jar:/home/user/.m2/repository/commons-digester/commons-digester/1.8.1/commons-digester-1.8.1.jar:/home/user/.m2/repository/io/jaegertracing/jaeger-client/0.34.0/jaeger-client-0.34.0.jar:/home/user/.m2/repository/io/jaegertracing/jaeger-thrift/0.34.0/jaeger-thrift-0.34.0.jar:/home/user/.m2/repository/org/apache/thrift/libthrift/0.12.0/libthrift-0.12.0.jar:/home/user/.m2/repository/com/squareup/okhttp3/okhttp/3.9.0/okhttp-3.9.0.jar:/home/user/.m2/repository/com/squareup/okio/okio/1.13.0/okio-1.13.0.jar:/home/user/.m2/repository/io/jaegertracing/jaeger-core/0.34.0/jaeger-core-0.34.0.jar:/home/user/.m2/repository/io/jaegertracing/jaeger-tracerresolver/0.34.0/jaeger-tracerresolver-0.34.0.jar:/home/user/.m2/repository/io/opentracing/contrib/opentracing-tracerresolver/0.1.5/opentracing-tracerresolver-0.1.5.jar:/home/user/.m2/repository/io/opentracing/opentracing-util/0.31.0/opentracing-util-0.31.0.jar:/home/user/.m2/repository/io/opentracing/opentracing-api/0.31.0/opentracing-api-0.31.0.jar:/home/user/.m2/repository/io/opentracing/opentracing-noop/0.31.0/opentracing-noop-0.31.0.jar:/home/user/.m2/repository/org/yaml/snakeyaml/1.16/snakeyaml-1.16.jar:/home/user/.m2/repository/org/apache/hadoop/hadoop-hdfs-client/3.2.0/hadoop-hdfs-client-3.2.0.jar:/home/user/.m2/repository/info/picocli/picocli/3.9.6/picocli-3.9.6.jar:/home/user/.m2/repository/org/apache/hadoop/hadoop-hdds-server-scm/0.5.0-SNAPSHOT/hadoop-hdds-server-scm-0.5.0-SNAPSHOT.jar:/home/user/.m2/repository/org/apache/hadoop/hadoop-hdds-docs/0.5.0-SNAPSHOT/hadoop-hdds-docs-0.5.0-SNAPSHOT.jar:/home/user/.m2/repository/io/dropwizard/metrics/metrics-core/3.2.4/metrics-core-3.2.4.jar:/home/user/.m2/repository/org/hamcrest/hamcrest-all/1.3/hamcrest-all-1.3.jar:/home/user/.m2/repository/org/bouncycastle/bcprov-jdk15on/1.60/bcprov-jdk15on-1.60.jar:/home/user/.m2/repository/org/apache/hadoop/hadoop-hdds-server-framework/0.5.0-SNAPSHOT/hadoop-hdds-server-framework-0.5.0-SNAPSHOT.jar:/home/user/.m2/repository/org/apache/hadoop/hadoop-ozone-ozone-manager/0.5.0-SNAPSHOT/hadoop-ozone-ozone-manager-0.5.0-SNAPSHOT.jar:/home/user/.m2/repository/org/apache/hadoop/hadoop-hdds-container-service/0.5.0-SNAPSHOT/hadoop-hdds-container-service-0.5.0-SNAPSHOT.jar:/home/user/.m2/repository/org/apache/hadoop/hadoop-hdds-client/0.5.0-SNAPSHOT/hadoop-hdds-client-0.5.0-SNAPSHOT.jar:/home/user/.m2/repository/org/apache/hadoop/hadoop-ozone-common/0.5.0-SNAPSHOT/hadoop-ozone-common-0.5.0-SNAPSHOT.jar:/home/user/.m2/repository/org/apache/hadoop/hadoop-hdds-tools/0.5.0-SNAPSHOT/hadoop-hdds-tools-0.5.0-SNAPSHOT.jar:/home/user/.m2/repository/org/xerial/sqlite-jdbc/3.25.2/sqlite-jdbc-3.25.2.jar:/home/user/.m2/repository/com/google/code/findbugs/findbugs/3.0.1/findbugs-3.0.1.jar:/home/user/.m2/repository/net/jcip/jcip-annotations/1.0/jcip-annotations-1.0.jar:/home/user/.m2/repository/com/google/code/findbugs/bcel-findbugs/6.0/bcel-findbugs-6.0.jar:/home/user/.m2/repository/com/google/code/findbugs/jFormatString/2.0.1/jFormatString-2.0.1.jar:/home/user/.m2/repository/dom4j/dom4j/1.6.1/dom4j-1.6.1.jar:/home/user/.m2/repository/xml-apis/xml-apis/1.0.b2/xml-apis-1.0.b2.jar:/home/user/.m2/repository/org/ow2/asm/asm-debug-all/5.0.2/asm-debug-all-5.0.2.jar:/home/user/.m2/repository/org/ow2/asm/asm-commons/5.0.2/asm-commons-5.0.2.jar:/home/user/.m2/repository/org/ow2/asm/asm-tree/5.0.2/asm-tree-5.0.2.jar:/home/user/.m2/repository/org/ow2/asm/asm/5.0.4/asm-5.0.4.jar:/home/user/.m2/repository/commons-lang/commons-lang/2.6/commons-lang-2.6.jar:/home/user/.m2/repository/com/apple/AppleJavaExtensions/1.4/AppleJavaExtensions-1.4.jar:/home/user/.m2/repository/jaxen/jaxen/1.1.6/jaxen-1.1.6.jar:/home/user/.m2/repository/org/apache/hadoop/hadoop-common/3.2.0/hadoop-common-3.2.0-tests.jar:/home/user/.m2/repository/org/apache/hadoop/hadoop-ozone-client/0.5.0-SNAPSHOT/hadoop-ozone-client-0.5.0-SNAPSHOT.jar:/home/user/.m2/repository/org/apache/hadoop/hadoop-hdfs/3.2.0/hadoop-hdfs-3.2.0-tests.jar:/workdir/hadoop-ozone/integration-test/target/test-classes:/home/user/.m2/repository/org/apache/hadoop/hadoop-ozone-s3gateway/0.5.0-SNAPSHOT/hadoop-ozone-s3gateway-0.5.0-SNAPSHOT.jar:/home/user/.m2/repository/org/jboss/weld/servlet/weld-servlet/2.4.7.Final/weld-servlet-2.4.7.Final.jar:/home/user/.m2/repository/org/glassfish/jersey/containers/jersey-container-servlet-core/2.27/jersey-container-servlet-core-2.27.jar:/home/user/.m2/repository/org/glassfish/hk2/external/javax.inject/2.5.0-b42/javax.inject-2.5.0-b42.jar:/home/user/.m2/repository/org/glassfish/jersey/core/jersey-common/2.27/jersey-common-2.27.jar:/home/user/.m2/repository/org/glassfish/hk2/osgi-resource-locator/1.0.1/osgi-resource-locator-1.0.1.jar:/home/user/.m2/repository/javax/ws/rs/javax.ws.rs-api/2.1/javax.ws.rs-api-2.1.jar:/home/user/.m2/repository/org/glassfish/jersey/ext/cdi/jersey-cdi1x/2.27/jersey-cdi1x-2.27.jar:/home/user/.m2/repository/org/glassfish/jersey/inject/jersey-hk2/2.27/jersey-hk2-2.27.jar:/home/user/.m2/repository/org/glassfish/hk2/hk2-locator/2.5.0-b42/hk2-locator-2.5.0-b42.jar:/home/user/.m2/repository/org/javassist/javassist/3.22.0-CR2/javassist-3.22.0-CR2.jar:/home/user/.m2/repository/org/glassfish/hk2/hk2-api/2.5.0/hk2-api-2.5.0.jar:/home/user/.m2/repository/org/glassfish/hk2/external/jakarta.inject/2.5.0/jakarta.inject-2.5.0.jar:/home/user/.m2/repository/org/glassfish/hk2/hk2-utils/2.5.0/hk2-utils-2.5.0.jar:/home/user/.m2/repository/jakarta/annotation/jakarta.annotation-api/1.3.4/jakarta.annotation-api-1.3.4.jar:/home/user/.m2/repository/org/glassfish/hk2/external/aopalliance-repackaged/2.5.0/aopalliance-repackaged-2.5.0.jar:/home/user/.m2/repository/com/fasterxml/jackson/dataformat/jackson-dataformat-xml/2.9.0/jackson-dataformat-xml-2.9.0.jar:/home/user/.m2/repository/com/fasterxml/jackson/module/jackson-module-jaxb-annotations/2.9.9/jackson-module-jaxb-annotations-2.9.9.jar:/home/user/.m2/repository/javax/enterprise/cdi-api/1.2/cdi-api-1.2.jar:/home/user/.m2/repository/javax/el/javax.el-api/3.0.0/javax.el-api-3.0.0.jar:/home/user/.m2/repository/javax/interceptor/javax.interceptor-api/1.2/javax.interceptor-api-1.2.jar:/home/user/.m2/repository/javax/inject/javax.inject/1/javax.inject-1.jar:/home/user/.m2/repository/com/sun/xml/bind/jaxb-core/2.3.0.1/jaxb-core-2.3.0.1.jar:/home/user/.m2/repository/javax/xml/bind/jaxb-api/2.3.0/jaxb-api-2.3.0.jar:/home/user/.m2/repository/javax/activation/activation/1.1.1/activation-1.1.1.jar:/home/user/.m2/repository/org/apache/hadoop/hadoop-ozone-csi/0.5.0-SNAPSHOT/hadoop-ozone-csi-0.5.0-SNAPSHOT.jar:/home/user/.m2/repository/com/google/protobuf/protobuf-java-util/3.5.1/protobuf-java-util-3.5.1.jar:/home/user/.m2/repository/io/grpc/grpc-netty/1.17.1/grpc-netty-1.17.1.jar:/home/user/.m2/repository/io/grpc/grpc-core/1.17.1/grpc-core-1.17.1.jar:/home/user/.m2/repository/io/grpc/grpc-context/1.17.1/grpc-context-1.17.1.jar:/home/user/.m2/repository/com/google/errorprone/error_prone_annotations/2.2.0/error_prone_annotations-2.2.0.jar:/home/user/.m2/repository/org/codehaus/mojo/animal-sniffer-annotations/1.17/animal-sniffer-annotations-1.17.jar:/home/user/.m2/repository/io/opencensus/opencensus-api/0.17.0/opencensus-api-0.17.0.jar:/home/user/.m2/repository/io/opencensus/opencensus-contrib-grpc-metrics/0.17.0/opencensus-contrib-grpc-metrics-0.17.0.jar:/home/user/.m2/repository/io/netty/netty-codec-http2/4.1.30.Final/netty-codec-http2-4.1.30.Final.jar:/home/user/.m2/repository/io/netty/netty-codec-http/4.1.30.Final/netty-codec-http-4.1.30.Final.jar:/home/user/.m2/repository/io/netty/netty-codec/4.1.30.Final/netty-codec-4.1.30.Final.jar:/home/user/.m2/repository/io/netty/netty-handler/4.1.30.Final/netty-handler-4.1.30.Final.jar:/home/user/.m2/repository/io/netty/netty-handler-proxy/4.1.30.Final/netty-handler-proxy-4.1.30.Final.jar:/home/user/.m2/repository/io/netty/netty-codec-socks/4.1.30.Final/netty-codec-socks-4.1.30.Final.jar:/home/user/.m2/repository/io/netty/netty-transport-native-epoll/4.1.30.Final/netty-transport-native-epoll-4.1.30.Final.jar:/home/user/.m2/repository/io/netty/netty-common/4.1.30.Final/netty-common-4.1.30.Final.jar:/home/user/.m2/repository/io/netty/netty-buffer/4.1.30.Final/netty-buffer-4.1.30.Final.jar:/home/user/.m2/repository/io/netty/netty-transport/4.1.30.Final/netty-transport-4.1.30.Final.jar:/home/user/.m2/repository/io/netty/netty-resolver/4.1.30.Final/netty-resolver-4.1.30.Final.jar:/home/user/.m2/repository/io/netty/netty-transport-native-unix-common/4.1.30.Final/netty-transport-native-unix-common-4.1.30.Final.jar:/home/user/.m2/repository/io/grpc/grpc-protobuf/1.17.1/grpc-protobuf-1.17.1.jar:/home/user/.m2/repository/com/google/api/grpc/proto-google-common-protos/1.0.0/proto-google-common-protos-1.0.0.jar:/home/user/.m2/repository/io/grpc/grpc-protobuf-lite/1.17.1/grpc-protobuf-lite-1.17.1.jar:/home/user/.m2/repository/io/grpc/grpc-stub/1.17.1/grpc-stub-1.17.1.jar:/home/user/.m2/repository/org/apache/hadoop/hadoop-ozone-recon/0.5.0-SNAPSHOT/hadoop-ozone-recon-0.5.0-SNAPSHOT.jar:/home/user/.m2/repository/org/apache/hadoop/hadoop-ozone-reconcodegen/0.5.0-SNAPSHOT/hadoop-ozone-reconcodegen-0.5.0-SNAPSHOT.jar:/home/user/.m2/repository/com/google/inject/extensions/guice-multibindings/4.0/guice-multibindings-4.0.jar:/home/user/.m2/repository/com/google/inject/guice/4.0/guice-4.0.jar:/home/user/.m2/repository/aopalliance/aopalliance/1.0/aopalliance-1.0.jar:/home/user/.m2/repository/org/glassfish/jersey/containers/jersey-container-servlet/2.27/jersey-container-servlet-2.27.jar:/home/user/.m2/repository/org/glassfish/hk2/guice-bridge/2.5.0/guice-bridge-2.5.0.jar:/home/user/.m2/repository/org/glassfish/jersey/core/jersey-server/2.27/jersey-server-2.27.jar:/home/user/.m2/repository/org/glassfish/jersey/core/jersey-client/2.27/jersey-client-2.27.jar:/home/user/.m2/repository/org/glassfish/jersey/media/jersey-media-jaxb/2.27/jersey-media-jaxb-2.27.jar:/home/user/.m2/repository/javax/validation/validation-api/1.1.0.Final/validation-api-1.1.0.Final.jar:/home/user/.m2/repository/org/glassfish/jersey/media/jersey-media-json-jackson/2.27/jersey-media-json-jackson-2.27.jar:/home/user/.m2/repository/org/glassfish/jersey/ext/jersey-entity-filtering/2.27/jersey-entity-filtering-2.27.jar:/home/user/.m2/repository/com/google/inject/extensions/guice-assistedinject/4.0/guice-assistedinject-4.0.jar:/home/user/.m2/repository/org/jooq/jooq/3.11.10/jooq-3.11.10.jar:/home/user/.m2/repository/org/jooq/jooq-meta/3.11.10/jooq-meta-3.11.10.jar:/home/user/.m2/repository/org/jooq/jooq-codegen/3.11.10/jooq-codegen-3.11.10.jar:/home/user/.m2/repository/com/jolbox/bonecp/0.8.0.RELEASE/bonecp-0.8.0.RELEASE.jar:/home/user/.m2/repository/org/springframework/spring-jdbc/5.1.3.RELEASE/spring-jdbc-5.1.3.RELEASE.jar:/home/user/.m2/repository/org/springframework/spring-beans/5.1.3.RELEASE/spring-beans-5.1.3.RELEASE.jar:/home/user/.m2/repository/org/springframework/spring-core/5.1.3.RELEASE/spring-core-5.1.3.RELEASE.jar:/home/user/.m2/repository/org/springframework/spring-jcl/5.1.3.RELEASE/spring-jcl-5.1.3.RELEASE.jar:/home/user/.m2/repository/org/springframework/spring-tx/5.1.3.RELEASE/spring-tx-5.1.3.RELEASE.jar:/home/user/.m2/repository/org/mockito/mockito-all/1.10.19/mockito-all-1.10.19.jar:/home/user/.m2/repository/junit/junit/4.11/junit-4.11.jar:/home/user/.m2/repository/org/hamcrest/hamcrest-core/1.3/hamcrest-core-1.3.jar:/home/user/.m2/repository/org/apache/hadoop/hadoop-distcp/3.2.0/hadoop-distcp-3.2.0.jar:/home/user/.m2/repository/org/apache/hadoop/hadoop-distcp/3.2.0/hadoop-distcp-3.2.0-tests.jar:/home/user/.m2/repository/org/apache/hadoop/hadoop-mapreduce-client-jobclient/3.2.0/hadoop-mapreduce-client-jobclient-3.2.0.jar:/home/user/.m2/repository/org/apache/hadoop/hadoop-mapreduce-client-common/3.2.0/hadoop-mapreduce-client-common-3.2.0.jar:/home/user/.m2/repository/org/apache/hadoop/hadoop-yarn-common/3.2.0/hadoop-yarn-common-3.2.0.jar:/home/user/.m2/repository/org/apache/hadoop/hadoop-yarn-api/3.2.0/hadoop-yarn-api-3.2.0.jar:/home/user/.m2/repository/com/sun/jersey/jersey-client/1.19/jersey-client-1.19.jar:/home/user/.m2/repository/com/sun/jersey/contribs/jersey-guice/1.19/jersey-guice-1.19.jar:/home/user/.m2/repository/com/fasterxml/jackson/jaxrs/jackson-jaxrs-json-provider/2.9.9/jackson-jaxrs-json-provider-2.9.9.jar:/home/user/.m2/repository/com/fasterxml/jackson/jaxrs/jackson-jaxrs-base/2.9.9/jackson-jaxrs-base-2.9.9.jar:/home/user/.m2/repository/org/apache/hadoop/hadoop-yarn-client/3.2.0/hadoop-yarn-client-3.2.0.jar:/home/user/.m2/repository/org/apache/hadoop/hadoop-mapreduce-client-core/3.2.0/hadoop-mapreduce-client-core-3.2.0.jar:/home/user/.m2/repository/com/google/inject/extensions/guice-servlet/4.0/guice-servlet-4.0.jar:/home/user/.m2/repository/org/powermock/powermock-module-junit4/1.6.5/powermock-module-junit4-1.6.5.jar:/home/user/.m2/repository/org/powermock/powermock-module-junit4-common/1.6.5/powermock-module-junit4-common-1.6.5.jar:/home/user/.m2/repository/org/powermock/powermock-core/1.6.5/powermock-core-1.6.5.jar:/home/user/.m2/repository/org/powermock/powermock-reflect/1.6.5/powermock-reflect-1.6.5.jar:/home/user/.m2/repository/org/powermock/powermock-api-mockito/1.6.5/powermock-api-mockito-1.6.5.jar:/home/user/.m2/repository/org/mockito/mockito-core/1.10.19/mockito-core-1.10.19.jar:/home/user/.m2/repository/org/objenesis/objenesis/1.0/objenesis-1.0.jar:/home/user/.m2/repository/org/powermock/powermock-api-mockito-common/1.6.5/powermock-api-mockito-common-1.6.5.jar:/home/user/.m2/repository/org/powermock/powermock-api-support/1.6.5/powermock-api-support-1.6.5.jar:"/>
    <property name="java.vm.vendor" value="IcedTea"/>
    <property name="sun.arch.data.model" value="64"/>
    <property name="test.build.dir" value="/workdir/hadoop-ozone/ozonefs/target/test-dir"/>
    <property name="test.cache.data" value=""/>
    <property name="java.vendor.url" value="https://icedtea.classpath.org"/>
    <property name="user.timezone" value=""/>
    <property name="java.vm.specification.version" value="1.8"/>
    <property name="os.name" value="Linux"/>
    <property name="test.build.data" value="/workdir/hadoop-ozone/ozonefs/target/test-dir"/>
    <property name="user.country" value="US"/>
    <property name="sun.java.launcher" value="SUN_STANDARD"/>
    <property name="sun.boot.library.path" value="/usr/lib/jvm/java-1.8-openjdk/jre/lib/amd64"/>
    <property name="sun.java.command" value="/workdir/hadoop-ozone/ozonefs/target/surefire/surefirebooter6732713436457429853.jar /workdir/hadoop-ozone/ozonefs/target/surefire 2019-09-26T09-15-41_457-jvmRun1 surefire2792991653159495165tmp surefire_951420307877650607250tmp"/>
    <property name="test" value="!TestMiniChaosOzoneCluster"/>
    <property name="surefire.test.class.path" value="/workdir/hadoop-ozone/ozonefs/target/test-classes:/workdir/hadoop-ozone/ozonefs/target/classes:/home/user/.m2/repository/org/apache/hadoop/hadoop-common/3.2.0/hadoop-common-3.2.0.jar:/home/user/.m2/repository/org/apache/hadoop/hadoop-annotations/3.2.0/hadoop-annotations-3.2.0.jar:/usr/lib/jvm/java-1.8-openjdk/jre/../lib/tools.jar:/home/user/.m2/repository/com/google/guava/guava/11.0.2/guava-11.0.2.jar:/home/user/.m2/repository/commons-cli/commons-cli/1.2/commons-cli-1.2.jar:/home/user/.m2/repository/org/apache/commons/commons-math3/3.1.1/commons-math3-3.1.1.jar:/home/user/.m2/repository/org/apache/httpcomponents/httpclient/4.5.2/httpclient-4.5.2.jar:/home/user/.m2/repository/org/apache/httpcomponents/httpcore/4.4.4/httpcore-4.4.4.jar:/home/user/.m2/repository/commons-codec/commons-codec/1.11/commons-codec-1.11.jar:/home/user/.m2/repository/commons-io/commons-io/2.5/commons-io-2.5.jar:/home/user/.m2/repository/commons-net/commons-net/3.6/commons-net-3.6.jar:/home/user/.m2/repository/commons-collections/commons-collections/3.2.2/commons-collections-3.2.2.jar:/home/user/.m2/repository/javax/servlet/javax.servlet-api/3.1.0/javax.servlet-api-3.1.0.jar:/home/user/.m2/repository/org/eclipse/jetty/jetty-server/9.3.25.v20180904/jetty-server-9.3.25.v20180904.jar:/home/user/.m2/repository/org/eclipse/jetty/jetty-http/9.3.25.v20180904/jetty-http-9.3.25.v20180904.jar:/home/user/.m2/repository/org/eclipse/jetty/jetty-io/9.3.25.v20180904/jetty-io-9.3.25.v20180904.jar:/home/user/.m2/repository/org/eclipse/jetty/jetty-util/9.3.25.v20180904/jetty-util-9.3.25.v20180904.jar:/home/user/.m2/repository/org/eclipse/jetty/jetty-servlet/9.3.25.v20180904/jetty-servlet-9.3.25.v20180904.jar:/home/user/.m2/repository/org/eclipse/jetty/jetty-security/9.3.25.v20180904/jetty-security-9.3.25.v20180904.jar:/home/user/.m2/repository/org/eclipse/jetty/jetty-webapp/9.3.25.v20180904/jetty-webapp-9.3.25.v20180904.jar:/home/user/.m2/repository/org/eclipse/jetty/jetty-xml/9.3.25.v20180904/jetty-xml-9.3.25.v20180904.jar:/home/user/.m2/repository/javax/servlet/jsp/jsp-api/2.1/jsp-api-2.1.jar:/home/user/.m2/repository/com/sun/jersey/jersey-core/1.19/jersey-core-1.19.jar:/home/user/.m2/repository/javax/ws/rs/jsr311-api/1.1.1/jsr311-api-1.1.1.jar:/home/user/.m2/repository/com/sun/jersey/jersey-servlet/1.19/jersey-servlet-1.19.jar:/home/user/.m2/repository/com/sun/jersey/jersey-json/1.19/jersey-json-1.19.jar:/home/user/.m2/repository/org/codehaus/jettison/jettison/1.1/jettison-1.1.jar:/home/user/.m2/repository/com/sun/xml/bind/jaxb-impl/2.3.0.1/jaxb-impl-2.3.0.1.jar:/home/user/.m2/repository/org/codehaus/jackson/jackson-core-asl/1.9.13/jackson-core-asl-1.9.13.jar:/home/user/.m2/repository/org/codehaus/jackson/jackson-mapper-asl/1.9.13/jackson-mapper-asl-1.9.13.jar:/home/user/.m2/repository/org/codehaus/jackson/jackson-jaxrs/1.9.13/jackson-jaxrs-1.9.13.jar:/home/user/.m2/repository/org/codehaus/jackson/jackson-xc/1.9.13/jackson-xc-1.9.13.jar:/home/user/.m2/repository/com/sun/jersey/jersey-server/1.19/jersey-server-1.19.jar:/home/user/.m2/repository/commons-logging/commons-logging/1.1.3/commons-logging-1.1.3.jar:/home/user/.m2/repository/log4j/log4j/1.2.17/log4j-1.2.17.jar:/home/user/.m2/repository/commons-beanutils/commons-beanutils/1.9.4/commons-beanutils-1.9.4.jar:/home/user/.m2/repository/org/apache/commons/commons-configuration2/2.1.1/commons-configuration2-2.1.1.jar:/home/user/.m2/repository/org/apache/commons/commons-lang3/3.7/commons-lang3-3.7.jar:/home/user/.m2/repository/org/apache/commons/commons-text/1.4/commons-text-1.4.jar:/home/user/.m2/repository/org/slf4j/slf4j-api/1.7.25/slf4j-api-1.7.25.jar:/home/user/.m2/repository/org/slf4j/slf4j-log4j12/1.7.25/slf4j-log4j12-1.7.25.jar:/home/user/.m2/repository/org/apache/avro/avro/1.7.7/avro-1.7.7.jar:/home/user/.m2/repository/com/thoughtworks/paranamer/paranamer/2.3/paranamer-2.3.jar:/home/user/.m2/repository/org/xerial/snappy/snappy-java/1.0.5/snappy-java-1.0.5.jar:/home/user/.m2/repository/com/google/re2j/re2j/1.1/re2j-1.1.jar:/home/user/.m2/repository/com/google/protobuf/protobuf-java/2.5.0/protobuf-java-2.5.0.jar:/home/user/.m2/repository/com/google/code/gson/gson/2.2.4/gson-2.2.4.jar:/home/user/.m2/repository/org/apache/hadoop/hadoop-auth/3.2.0/hadoop-auth-3.2.0.jar:/home/user/.m2/repository/com/nimbusds/nimbus-jose-jwt/4.41.1/nimbus-jose-jwt-4.41.1.jar:/home/user/.m2/repository/com/github/stephenc/jcip/jcip-annotations/1.0-1/jcip-annotations-1.0-1.jar:/home/user/.m2/repository/net/minidev/json-smart/2.3/json-smart-2.3.jar:/home/user/.m2/repository/net/minidev/accessors-smart/1.2/accessors-smart-1.2.jar:/home/user/.m2/repository/org/apache/curator/curator-framework/2.12.0/curator-framework-2.12.0.jar:/home/user/.m2/repository/com/jcraft/jsch/0.1.54/jsch-0.1.54.jar:/home/user/.m2/repository/org/apache/curator/curator-client/2.12.0/curator-client-2.12.0.jar:/home/user/.m2/repository/org/apache/curator/curator-recipes/2.12.0/curator-recipes-2.12.0.jar:/home/user/.m2/repository/com/google/code/findbugs/jsr305/3.0.0/jsr305-3.0.0.jar:/home/user/.m2/repository/org/apache/htrace/htrace-core4/4.1.0-incubating/htrace-core4-4.1.0-incubating.jar:/home/user/.m2/repository/org/apache/zookeeper/zookeeper/3.4.13/zookeeper-3.4.13.jar:/home/user/.m2/repository/jline/jline/0.9.94/jline-0.9.94.jar:/home/user/.m2/repository/org/apache/yetus/audience-annotations/0.5.0/audience-annotations-0.5.0.jar:/home/user/.m2/repository/org/apache/commons/commons-compress/1.4.1/commons-compress-1.4.1.jar:/home/user/.m2/repository/org/tukaani/xz/1.0/xz-1.0.jar:/home/user/.m2/repository/org/apache/kerby/kerb-simplekdc/1.0.1/kerb-simplekdc-1.0.1.jar:/home/user/.m2/repository/org/apache/kerby/kerb-client/1.0.1/kerb-client-1.0.1.jar:/home/user/.m2/repository/org/apache/kerby/kerby-config/1.0.1/kerby-config-1.0.1.jar:/home/user/.m2/repository/org/apache/kerby/kerb-core/1.0.1/kerb-core-1.0.1.jar:/home/user/.m2/repository/org/apache/kerby/kerby-pkix/1.0.1/kerby-pkix-1.0.1.jar:/home/user/.m2/repository/org/apache/kerby/kerby-asn1/1.0.1/kerby-asn1-1.0.1.jar:/home/user/.m2/repository/org/apache/kerby/kerby-util/1.0.1/kerby-util-1.0.1.jar:/home/user/.m2/repository/org/apache/kerby/kerb-common/1.0.1/kerb-common-1.0.1.jar:/home/user/.m2/repository/org/apache/kerby/kerb-crypto/1.0.1/kerb-crypto-1.0.1.jar:/home/user/.m2/repository/org/apache/kerby/kerb-util/1.0.1/kerb-util-1.0.1.jar:/home/user/.m2/repository/org/apache/kerby/token-provider/1.0.1/token-provider-1.0.1.jar:/home/user/.m2/repository/org/apache/kerby/kerb-admin/1.0.1/kerb-admin-1.0.1.jar:/home/user/.m2/repository/org/apache/kerby/kerb-server/1.0.1/kerb-server-1.0.1.jar:/home/user/.m2/repository/org/apache/kerby/kerb-identity/1.0.1/kerb-identity-1.0.1.jar:/home/user/.m2/repository/org/apache/kerby/kerby-xdr/1.0.1/kerby-xdr-1.0.1.jar:/home/user/.m2/repository/com/fasterxml/jackson/core/jackson-databind/2.9.9/jackson-databind-2.9.9.jar:/home/user/.m2/repository/com/fasterxml/jackson/core/jackson-annotations/2.9.9/jackson-annotations-2.9.9.jar:/home/user/.m2/repository/com/fasterxml/jackson/core/jackson-core/2.9.9/jackson-core-2.9.9.jar:/home/user/.m2/repository/org/codehaus/woodstox/stax2-api/3.1.4/stax2-api-3.1.4.jar:/home/user/.m2/repository/com/fasterxml/woodstox/woodstox-core/5.0.3/woodstox-core-5.0.3.jar:/home/user/.m2/repository/dnsjava/dnsjava/2.1.7/dnsjava-2.1.7.jar:/home/user/.m2/repository/org/apache/hadoop/hadoop-hdfs/3.2.0/hadoop-hdfs-3.2.0.jar:/home/user/.m2/repository/org/eclipse/jetty/jetty-util-ajax/9.3.25.v20180904/jetty-util-ajax-9.3.25.v20180904.jar:/home/user/.m2/repository/commons-daemon/commons-daemon/1.0.13/commons-daemon-1.0.13.jar:/home/user/.m2/repository/io/netty/netty/3.10.5.Final/netty-3.10.5.Final.jar:/home/user/.m2/repository/io/netty/netty-all/4.0.52.Final/netty-all-4.0.52.Final.jar:/home/user/.m2/repository/org/fusesource/leveldbjni/leveldbjni-all/1.8/leveldbjni-all-1.8.jar:/home/user/.m2/repository/org/apache/hadoop/hadoop-hdds-common/0.5.0-SNAPSHOT/hadoop-hdds-common-0.5.0-SNAPSHOT.jar:/home/user/.m2/repository/org/apache/hadoop/hadoop-hdds-config/0.5.0-SNAPSHOT/hadoop-hdds-config-0.5.0-SNAPSHOT.jar:/home/user/.m2/repository/javax/annotation/javax.annotation-api/1.2/javax.annotation-api-1.2.jar:/home/user/.m2/repository/org/apache/ratis/ratis-server/0.4.0/ratis-server-0.4.0.jar:/home/user/.m2/repository/org/apache/ratis/ratis-thirdparty-misc/0.2.0/ratis-thirdparty-misc-0.2.0.jar:/home/user/.m2/repository/org/apache/ratis/ratis-proto/0.4.0/ratis-proto-0.4.0.jar:/home/user/.m2/repository/org/apache/ratis/ratis-common/0.4.0/ratis-common-0.4.0.jar:/home/user/.m2/repository/org/apache/ratis/ratis-client/0.4.0/ratis-client-0.4.0.jar:/home/user/.m2/repository/org/apache/ratis/ratis-metrics/0.4.0/ratis-metrics-0.4.0.jar:/home/user/.m2/repository/com/github/joshelser/dropwizard-metrics-hadoop-metrics2-reporter/0.1.2/dropwizard-metrics-hadoop-metrics2-reporter-0.1.2.jar:/home/user/.m2/repository/io/dropwizard/metrics/metrics-jvm/3.2.5/metrics-jvm-3.2.5.jar:/home/user/.m2/repository/io/dropwizard/metrics/metrics-ganglia/3.2.5/metrics-ganglia-3.2.5.jar:/home/user/.m2/repository/info/ganglia/gmetric4j/gmetric4j/1.0.7/gmetric4j-1.0.7.jar:/home/user/.m2/repository/org/apache/ratis/ratis-netty/0.4.0/ratis-netty-0.4.0.jar:/home/user/.m2/repository/org/apache/ratis/ratis-grpc/0.4.0/ratis-grpc-0.4.0.jar:/home/user/.m2/repository/org/rocksdb/rocksdbjni/6.0.1/rocksdbjni-6.0.1.jar:/home/user/.m2/repository/org/apache/logging/log4j/log4j-api/2.11.0/log4j-api-2.11.0.jar:/home/user/.m2/repository/org/apache/logging/log4j/log4j-core/2.11.0/log4j-core-2.11.0.jar:/home/user/.m2/repository/com/lmax/disruptor/3.4.2/disruptor-3.4.2.jar:/home/user/.m2/repository/org/apache/commons/commons-pool2/2.6.0/commons-pool2-2.6.0.jar:/home/user/.m2/repository/org/bouncycastle/bcpkix-jdk15on/1.60/bcpkix-jdk15on-1.60.jar:/home/user/.m2/repository/commons-validator/commons-validator/1.6/commons-validator-1.6.jar:/home/user/.m2/repository/commons-digester/commons-digester/1.8.1/commons-digester-1.8.1.jar:/home/user/.m2/repository/io/jaegertracing/jaeger-client/0.34.0/jaeger-client-0.34.0.jar:/home/user/.m2/repository/io/jaegertracing/jaeger-thrift/0.34.0/jaeger-thrift-0.34.0.jar:/home/user/.m2/repository/org/apache/thrift/libthrift/0.12.0/libthrift-0.12.0.jar:/home/user/.m2/repository/com/squareup/okhttp3/okhttp/3.9.0/okhttp-3.9.0.jar:/home/user/.m2/repository/com/squareup/okio/okio/1.13.0/okio-1.13.0.jar:/home/user/.m2/repository/io/jaegertracing/jaeger-core/0.34.0/jaeger-core-0.34.0.jar:/home/user/.m2/repository/io/jaegertracing/jaeger-tracerresolver/0.34.0/jaeger-tracerresolver-0.34.0.jar:/home/user/.m2/repository/io/opentracing/contrib/opentracing-tracerresolver/0.1.5/opentracing-tracerresolver-0.1.5.jar:/home/user/.m2/repository/io/opentracing/opentracing-util/0.31.0/opentracing-util-0.31.0.jar:/home/user/.m2/repository/io/opentracing/opentracing-api/0.31.0/opentracing-api-0.31.0.jar:/home/user/.m2/repository/io/opentracing/opentracing-noop/0.31.0/opentracing-noop-0.31.0.jar:/home/user/.m2/repository/org/yaml/snakeyaml/1.16/snakeyaml-1.16.jar:/home/user/.m2/repository/org/apache/hadoop/hadoop-hdfs-client/3.2.0/hadoop-hdfs-client-3.2.0.jar:/home/user/.m2/repository/info/picocli/picocli/3.9.6/picocli-3.9.6.jar:/home/user/.m2/repository/org/apache/hadoop/hadoop-hdds-server-scm/0.5.0-SNAPSHOT/hadoop-hdds-server-scm-0.5.0-SNAPSHOT.jar:/home/user/.m2/repository/org/apache/hadoop/hadoop-hdds-docs/0.5.0-SNAPSHOT/hadoop-hdds-docs-0.5.0-SNAPSHOT.jar:/home/user/.m2/repository/io/dropwizard/metrics/metrics-core/3.2.4/metrics-core-3.2.4.jar:/home/user/.m2/repository/org/hamcrest/hamcrest-all/1.3/hamcrest-all-1.3.jar:/home/user/.m2/repository/org/bouncycastle/bcprov-jdk15on/1.60/bcprov-jdk15on-1.60.jar:/home/user/.m2/repository/org/apache/hadoop/hadoop-hdds-server-framework/0.5.0-SNAPSHOT/hadoop-hdds-server-framework-0.5.0-SNAPSHOT.jar:/home/user/.m2/repository/org/apache/hadoop/hadoop-ozone-ozone-manager/0.5.0-SNAPSHOT/hadoop-ozone-ozone-manager-0.5.0-SNAPSHOT.jar:/home/user/.m2/repository/org/apache/hadoop/hadoop-hdds-container-service/0.5.0-SNAPSHOT/hadoop-hdds-container-service-0.5.0-SNAPSHOT.jar:/home/user/.m2/repository/org/apache/hadoop/hadoop-hdds-client/0.5.0-SNAPSHOT/hadoop-hdds-client-0.5.0-SNAPSHOT.jar:/home/user/.m2/repository/org/apache/hadoop/hadoop-ozone-common/0.5.0-SNAPSHOT/hadoop-ozone-common-0.5.0-SNAPSHOT.jar:/home/user/.m2/repository/org/apache/hadoop/hadoop-hdds-tools/0.5.0-SNAPSHOT/hadoop-hdds-tools-0.5.0-SNAPSHOT.jar:/home/user/.m2/repository/org/xerial/sqlite-jdbc/3.25.2/sqlite-jdbc-3.25.2.jar:/home/user/.m2/repository/com/google/code/findbugs/findbugs/3.0.1/findbugs-3.0.1.jar:/home/user/.m2/repository/net/jcip/jcip-annotations/1.0/jcip-annotations-1.0.jar:/home/user/.m2/repository/com/google/code/findbugs/bcel-findbugs/6.0/bcel-findbugs-6.0.jar:/home/user/.m2/repository/com/google/code/findbugs/jFormatString/2.0.1/jFormatString-2.0.1.jar:/home/user/.m2/repository/dom4j/dom4j/1.6.1/dom4j-1.6.1.jar:/home/user/.m2/repository/xml-apis/xml-apis/1.0.b2/xml-apis-1.0.b2.jar:/home/user/.m2/repository/org/ow2/asm/asm-debug-all/5.0.2/asm-debug-all-5.0.2.jar:/home/user/.m2/repository/org/ow2/asm/asm-commons/5.0.2/asm-commons-5.0.2.jar:/home/user/.m2/repository/org/ow2/asm/asm-tree/5.0.2/asm-tree-5.0.2.jar:/home/user/.m2/repository/org/ow2/asm/asm/5.0.4/asm-5.0.4.jar:/home/user/.m2/repository/commons-lang/commons-lang/2.6/commons-lang-2.6.jar:/home/user/.m2/repository/com/apple/AppleJavaExtensions/1.4/AppleJavaExtensions-1.4.jar:/home/user/.m2/repository/jaxen/jaxen/1.1.6/jaxen-1.1.6.jar:/home/user/.m2/repository/org/apache/hadoop/hadoop-common/3.2.0/hadoop-common-3.2.0-tests.jar:/home/user/.m2/repository/org/apache/hadoop/hadoop-ozone-client/0.5.0-SNAPSHOT/hadoop-ozone-client-0.5.0-SNAPSHOT.jar:/home/user/.m2/repository/org/apache/hadoop/hadoop-hdfs/3.2.0/hadoop-hdfs-3.2.0-tests.jar:/workdir/hadoop-ozone/integration-test/target/test-classes:/home/user/.m2/repository/org/apache/hadoop/hadoop-ozone-s3gateway/0.5.0-SNAPSHOT/hadoop-ozone-s3gateway-0.5.0-SNAPSHOT.jar:/home/user/.m2/repository/org/jboss/weld/servlet/weld-servlet/2.4.7.Final/weld-servlet-2.4.7.Final.jar:/home/user/.m2/repository/org/glassfish/jersey/containers/jersey-container-servlet-core/2.27/jersey-container-servlet-core-2.27.jar:/home/user/.m2/repository/org/glassfish/hk2/external/javax.inject/2.5.0-b42/javax.inject-2.5.0-b42.jar:/home/user/.m2/repository/org/glassfish/jersey/core/jersey-common/2.27/jersey-common-2.27.jar:/home/user/.m2/repository/org/glassfish/hk2/osgi-resource-locator/1.0.1/osgi-resource-locator-1.0.1.jar:/home/user/.m2/repository/javax/ws/rs/javax.ws.rs-api/2.1/javax.ws.rs-api-2.1.jar:/home/user/.m2/repository/org/glassfish/jersey/ext/cdi/jersey-cdi1x/2.27/jersey-cdi1x-2.27.jar:/home/user/.m2/repository/org/glassfish/jersey/inject/jersey-hk2/2.27/jersey-hk2-2.27.jar:/home/user/.m2/repository/org/glassfish/hk2/hk2-locator/2.5.0-b42/hk2-locator-2.5.0-b42.jar:/home/user/.m2/repository/org/javassist/javassist/3.22.0-CR2/javassist-3.22.0-CR2.jar:/home/user/.m2/repository/org/glassfish/hk2/hk2-api/2.5.0/hk2-api-2.5.0.jar:/home/user/.m2/repository/org/glassfish/hk2/external/jakarta.inject/2.5.0/jakarta.inject-2.5.0.jar:/home/user/.m2/repository/org/glassfish/hk2/hk2-utils/2.5.0/hk2-utils-2.5.0.jar:/home/user/.m2/repository/jakarta/annotation/jakarta.annotation-api/1.3.4/jakarta.annotation-api-1.3.4.jar:/home/user/.m2/repository/org/glassfish/hk2/external/aopalliance-repackaged/2.5.0/aopalliance-repackaged-2.5.0.jar:/home/user/.m2/repository/com/fasterxml/jackson/dataformat/jackson-dataformat-xml/2.9.0/jackson-dataformat-xml-2.9.0.jar:/home/user/.m2/repository/com/fasterxml/jackson/module/jackson-module-jaxb-annotations/2.9.9/jackson-module-jaxb-annotations-2.9.9.jar:/home/user/.m2/repository/javax/enterprise/cdi-api/1.2/cdi-api-1.2.jar:/home/user/.m2/repository/javax/el/javax.el-api/3.0.0/javax.el-api-3.0.0.jar:/home/user/.m2/repository/javax/interceptor/javax.interceptor-api/1.2/javax.interceptor-api-1.2.jar:/home/user/.m2/repository/javax/inject/javax.inject/1/javax.inject-1.jar:/home/user/.m2/repository/com/sun/xml/bind/jaxb-core/2.3.0.1/jaxb-core-2.3.0.1.jar:/home/user/.m2/repository/javax/xml/bind/jaxb-api/2.3.0/jaxb-api-2.3.0.jar:/home/user/.m2/repository/javax/activation/activation/1.1.1/activation-1.1.1.jar:/home/user/.m2/repository/org/apache/hadoop/hadoop-ozone-csi/0.5.0-SNAPSHOT/hadoop-ozone-csi-0.5.0-SNAPSHOT.jar:/home/user/.m2/repository/com/google/protobuf/protobuf-java-util/3.5.1/protobuf-java-util-3.5.1.jar:/home/user/.m2/repository/io/grpc/grpc-netty/1.17.1/grpc-netty-1.17.1.jar:/home/user/.m2/repository/io/grpc/grpc-core/1.17.1/grpc-core-1.17.1.jar:/home/user/.m2/repository/io/grpc/grpc-context/1.17.1/grpc-context-1.17.1.jar:/home/user/.m2/repository/com/google/errorprone/error_prone_annotations/2.2.0/error_prone_annotations-2.2.0.jar:/home/user/.m2/repository/org/codehaus/mojo/animal-sniffer-annotations/1.17/animal-sniffer-annotations-1.17.jar:/home/user/.m2/repository/io/opencensus/opencensus-api/0.17.0/opencensus-api-0.17.0.jar:/home/user/.m2/repository/io/opencensus/opencensus-contrib-grpc-metrics/0.17.0/opencensus-contrib-grpc-metrics-0.17.0.jar:/home/user/.m2/repository/io/netty/netty-codec-http2/4.1.30.Final/netty-codec-http2-4.1.30.Final.jar:/home/user/.m2/repository/io/netty/netty-codec-http/4.1.30.Final/netty-codec-http-4.1.30.Final.jar:/home/user/.m2/repository/io/netty/netty-codec/4.1.30.Final/netty-codec-4.1.30.Final.jar:/home/user/.m2/repository/io/netty/netty-handler/4.1.30.Final/netty-handler-4.1.30.Final.jar:/home/user/.m2/repository/io/netty/netty-handler-proxy/4.1.30.Final/netty-handler-proxy-4.1.30.Final.jar:/home/user/.m2/repository/io/netty/netty-codec-socks/4.1.30.Final/netty-codec-socks-4.1.30.Final.jar:/home/user/.m2/repository/io/netty/netty-transport-native-epoll/4.1.30.Final/netty-transport-native-epoll-4.1.30.Final.jar:/home/user/.m2/repository/io/netty/netty-common/4.1.30.Final/netty-common-4.1.30.Final.jar:/home/user/.m2/repository/io/netty/netty-buffer/4.1.30.Final/netty-buffer-4.1.30.Final.jar:/home/user/.m2/repository/io/netty/netty-transport/4.1.30.Final/netty-transport-4.1.30.Final.jar:/home/user/.m2/repository/io/netty/netty-resolver/4.1.30.Final/netty-resolver-4.1.30.Final.jar:/home/user/.m2/repository/io/netty/netty-transport-native-unix-common/4.1.30.Final/netty-transport-native-unix-common-4.1.30.Final.jar:/home/user/.m2/repository/io/grpc/grpc-protobuf/1.17.1/grpc-protobuf-1.17.1.jar:/home/user/.m2/repository/com/google/api/grpc/proto-google-common-protos/1.0.0/proto-google-common-protos-1.0.0.jar:/home/user/.m2/repository/io/grpc/grpc-protobuf-lite/1.17.1/grpc-protobuf-lite-1.17.1.jar:/home/user/.m2/repository/io/grpc/grpc-stub/1.17.1/grpc-stub-1.17.1.jar:/home/user/.m2/repository/org/apache/hadoop/hadoop-ozone-recon/0.5.0-SNAPSHOT/hadoop-ozone-recon-0.5.0-SNAPSHOT.jar:/home/user/.m2/repository/org/apache/hadoop/hadoop-ozone-reconcodegen/0.5.0-SNAPSHOT/hadoop-ozone-reconcodegen-0.5.0-SNAPSHOT.jar:/home/user/.m2/repository/com/google/inject/extensions/guice-multibindings/4.0/guice-multibindings-4.0.jar:/home/user/.m2/repository/com/google/inject/guice/4.0/guice-4.0.jar:/home/user/.m2/repository/aopalliance/aopalliance/1.0/aopalliance-1.0.jar:/home/user/.m2/repository/org/glassfish/jersey/containers/jersey-container-servlet/2.27/jersey-container-servlet-2.27.jar:/home/user/.m2/repository/org/glassfish/hk2/guice-bridge/2.5.0/guice-bridge-2.5.0.jar:/home/user/.m2/repository/org/glassfish/jersey/core/jersey-server/2.27/jersey-server-2.27.jar:/home/user/.m2/repository/org/glassfish/jersey/core/jersey-client/2.27/jersey-client-2.27.jar:/home/user/.m2/repository/org/glassfish/jersey/media/jersey-media-jaxb/2.27/jersey-media-jaxb-2.27.jar:/home/user/.m2/repository/javax/validation/validation-api/1.1.0.Final/validation-api-1.1.0.Final.jar:/home/user/.m2/repository/org/glassfish/jersey/media/jersey-media-json-jackson/2.27/jersey-media-json-jackson-2.27.jar:/home/user/.m2/repository/org/glassfish/jersey/ext/jersey-entity-filtering/2.27/jersey-entity-filtering-2.27.jar:/home/user/.m2/repository/com/google/inject/extensions/guice-assistedinject/4.0/guice-assistedinject-4.0.jar:/home/user/.m2/repository/org/jooq/jooq/3.11.10/jooq-3.11.10.jar:/home/user/.m2/repository/org/jooq/jooq-meta/3.11.10/jooq-meta-3.11.10.jar:/home/user/.m2/repository/org/jooq/jooq-codegen/3.11.10/jooq-codegen-3.11.10.jar:/home/user/.m2/repository/com/jolbox/bonecp/0.8.0.RELEASE/bonecp-0.8.0.RELEASE.jar:/home/user/.m2/repository/org/springframework/spring-jdbc/5.1.3.RELEASE/spring-jdbc-5.1.3.RELEASE.jar:/home/user/.m2/repository/org/springframework/spring-beans/5.1.3.RELEASE/spring-beans-5.1.3.RELEASE.jar:/home/user/.m2/repository/org/springframework/spring-core/5.1.3.RELEASE/spring-core-5.1.3.RELEASE.jar:/home/user/.m2/repository/org/springframework/spring-jcl/5.1.3.RELEASE/spring-jcl-5.1.3.RELEASE.jar:/home/user/.m2/repository/org/springframework/spring-tx/5.1.3.RELEASE/spring-tx-5.1.3.RELEASE.jar:/home/user/.m2/repository/org/mockito/mockito-all/1.10.19/mockito-all-1.10.19.jar:/home/user/.m2/repository/junit/junit/4.11/junit-4.11.jar:/home/user/.m2/repository/org/hamcrest/hamcrest-core/1.3/hamcrest-core-1.3.jar:/home/user/.m2/repository/org/apache/hadoop/hadoop-distcp/3.2.0/hadoop-distcp-3.2.0.jar:/home/user/.m2/repository/org/apache/hadoop/hadoop-distcp/3.2.0/hadoop-distcp-3.2.0-tests.jar:/home/user/.m2/repository/org/apache/hadoop/hadoop-mapreduce-client-jobclient/3.2.0/hadoop-mapreduce-client-jobclient-3.2.0.jar:/home/user/.m2/repository/org/apache/hadoop/hadoop-mapreduce-client-common/3.2.0/hadoop-mapreduce-client-common-3.2.0.jar:/home/user/.m2/repository/org/apache/hadoop/hadoop-yarn-common/3.2.0/hadoop-yarn-common-3.2.0.jar:/home/user/.m2/repository/org/apache/hadoop/hadoop-yarn-api/3.2.0/hadoop-yarn-api-3.2.0.jar:/home/user/.m2/repository/com/sun/jersey/jersey-client/1.19/jersey-client-1.19.jar:/home/user/.m2/repository/com/sun/jersey/contribs/jersey-guice/1.19/jersey-guice-1.19.jar:/home/user/.m2/repository/com/fasterxml/jackson/jaxrs/jackson-jaxrs-json-provider/2.9.9/jackson-jaxrs-json-provider-2.9.9.jar:/home/user/.m2/repository/com/fasterxml/jackson/jaxrs/jackson-jaxrs-base/2.9.9/jackson-jaxrs-base-2.9.9.jar:/home/user/.m2/repository/org/apache/hadoop/hadoop-yarn-client/3.2.0/hadoop-yarn-client-3.2.0.jar:/home/user/.m2/repository/org/apache/hadoop/hadoop-mapreduce-client-core/3.2.0/hadoop-mapreduce-client-core-3.2.0.jar:/home/user/.m2/repository/com/google/inject/extensions/guice-servlet/4.0/guice-servlet-4.0.jar:/home/user/.m2/repository/org/powermock/powermock-module-junit4/1.6.5/powermock-module-junit4-1.6.5.jar:/home/user/.m2/repository/org/powermock/powermock-module-junit4-common/1.6.5/powermock-module-junit4-common-1.6.5.jar:/home/user/.m2/repository/org/powermock/powermock-core/1.6.5/powermock-core-1.6.5.jar:/home/user/.m2/repository/org/powermock/powermock-reflect/1.6.5/powermock-reflect-1.6.5.jar:/home/user/.m2/repository/org/powermock/powermock-api-mockito/1.6.5/powermock-api-mockito-1.6.5.jar:/home/user/.m2/repository/org/mockito/mockito-core/1.10.19/mockito-core-1.10.19.jar:/home/user/.m2/repository/org/objenesis/objenesis/1.0/objenesis-1.0.jar:/home/user/.m2/repository/org/powermock/powermock-api-mockito-common/1.6.5/powermock-api-mockito-common-1.6.5.jar:/home/user/.m2/repository/org/powermock/powermock-api-support/1.6.5/powermock-api-support-1.6.5.jar:"/>
    <property name="sun.cpu.endian" value="little"/>
    <property name="user.home" value="/home/user"/>
    <property name="user.language" value="en"/>
    <property name="java.specification.vendor" value="Oracle Corporation"/>
    <property name="java.home" value="/usr/lib/jvm/java-1.8-openjdk/jre"/>
    <property name="java.security.krb5.conf" value="/workdir/hadoop-ozone/ozonefs/target/test-classes/krb5.conf"/>
    <property name="basedir" value="/workdir/hadoop-ozone/ozonefs"/>
    <property name="file.separator" value="/"/>
    <property name="line.separator" value="&#10;"/>
    <property name="java.vm.specification.vendor" value="Oracle Corporation"/>
    <property name="java.specification.name" value="Java Platform API Specification"/>
    <property name="java.awt.graphicsenv" value="sun.awt.X11GraphicsEnvironment"/>
    <property name="surefire.real.class.path" value="/workdir/hadoop-ozone/ozonefs/target/surefire/surefirebooter6732713436457429853.jar"/>
    <property name="hadoop.log.dir" value="/workdir/hadoop-ozone/ozonefs/target/log"/>
    <property name="sun.boot.class.path" value="/usr/lib/jvm/java-1.8-openjdk/jre/lib/resources.jar:/usr/lib/jvm/java-1.8-openjdk/jre/lib/rt.jar:/usr/lib/jvm/java-1.8-openjdk/jre/lib/sunrsasign.jar:/usr/lib/jvm/java-1.8-openjdk/jre/lib/jsse.jar:/usr/lib/jvm/java-1.8-openjdk/jre/lib/jce.jar:/usr/lib/jvm/java-1.8-openjdk/jre/lib/charsets.jar:/usr/lib/jvm/java-1.8-openjdk/jre/lib/jfr.jar:/usr/lib/jvm/java-1.8-openjdk/jre/classes"/>
    <property name="sun.management.compiler" value="HotSpot 64-Bit Tiered Compilers"/>
    <property name="java.runtime.version" value="1.8.0_212-b04"/>
    <property name="java.net.preferIPv4Stack" value="true"/>
    <property name="user.name" value="jenkins1000"/>
    <property name="path.separator" value=":"/>
    <property name="java.security.egd" value="file:///dev/urandom"/>
    <property name="os.version" value="3.10.0-957.12.2.el7.x86_64"/>
    <property name="java.endorsed.dirs" value="/usr/lib/jvm/java-1.8-openjdk/jre/lib/endorsed"/>
    <property name="java.runtime.name" value="OpenJDK Runtime Environment"/>
    <property name="file.encoding" value="UTF-8"/>
    <property name="java.vm.name" value="OpenJDK 64-Bit Server VM"/>
    <property name="test.build.webapps" value=""/>
    <property name="localRepository" value="/home/user/.m2/repository"/>
    <property name="java.vendor.url.bug" value="https://icedtea.classpath.org/bugzilla"/>
    <property name="java.io.tmpdir" value="/tmp"/>
    <property name="require.test.libhadoop" value=""/>
    <property name="java.version" value="1.8.0_212"/>
    <property name="user.dir" value="/workdir/hadoop-ozone/ozonefs"/>
    <property name="os.arch" value="amd64"/>
    <property name="java.vm.specification.name" value="Java Virtual Machine Specification"/>
    <property name="test.build.classes" value="/workdir/hadoop-ozone/ozonefs/target/test-classes"/>
    <property name="java.awt.printerjob" value="sun.print.PSPrinterJob"/>
    <property name="sun.os.patch.level" value="unknown"/>
    <property name="hadoop.tmp.dir" value="/workdir/hadoop-ozone/ozonefs/target/tmp"/>
    <property name="java.library.path" value="/usr/lib/jvm/java-1.8-openjdk/jre/lib/amd64/server:/usr/lib/jvm/java-1.8-openjdk/jre/lib/amd64:/usr/lib/jvm/java-1.8-openjdk/jre/../lib/amd64:/workdir/hadoop-ozone/ozonefs/target/native/target/usr/local/lib:/workdir/hadoop-ozone/ozonefs/../../hadoop-common-project/hadoop-common/target/native/target/usr/local/lib:/usr/java/packages/lib/amd64:/usr/lib64:/lib64:/lib:/usr/lib"/>
    <property name="java.vm.info" value="mixed mode"/>
    <property name="java.vendor" value="IcedTea"/>
    <property name="java.vm.version" value="25.212-b04"/>
    <property name="java.ext.dirs" value="/usr/lib/jvm/java-1.8-openjdk/jre/lib/ext:/usr/java/packages/lib/ext"/>
    <property name="sun.io.unicode.encoding" value="UnicodeLittle"/>
    <property name="java.class.version" value="52.0"/>
  </properties>
  <testcase name="testOzoneFsServiceLoader" classname="org.apache.hadoop.fs.ozone.TestOzoneFileSystem" time="22.271"/>
  <testcase name="testListStatusOnRoot" classname="org.apache.hadoop.fs.ozone.TestOzoneFileSystem" time="16.997"/>
  <testcase name="testListStatusOnSubDirs" classname="org.apache.hadoop.fs.ozone.TestOzoneFileSystem" time="16.959">
    <error message="Allocated 0 blocks. Requested 1 blocks" type="INTERNAL_ERROR org.apache.hadoop.ozone.om.exceptions.OMException">INTERNAL_ERROR org.apache.hadoop.ozone.om.exceptions.OMException: Allocated 0 blocks. Requested 1 blocks
	at org.apache.hadoop.ozone.om.protocolPB.OzoneManagerProtocolClientSideTranslatorPB.handleError(OzoneManagerProtocolClientSideTranslatorPB.java:732)
	at org.apache.hadoop.ozone.om.protocolPB.OzoneManagerProtocolClientSideTranslatorPB.createFile(OzoneManagerProtocolClientSideTranslatorPB.java:1536)
	at sun.reflect.NativeMethodAccessorImpl.invoke0(Native Method)
	at sun.reflect.NativeMethodAccessorImpl.invoke(NativeMethodAccessorImpl.java:62)
	at sun.reflect.DelegatingMethodAccessorImpl.invoke(DelegatingMethodAccessorImpl.java:43)
	at java.lang.reflect.Method.invoke(Method.java:498)
	at org.apache.hadoop.hdds.tracing.TraceAllMethod.invoke(TraceAllMethod.java:66)
	at com.sun.proxy.$Proxy38.createFile(Unknown Source)
	at org.apache.hadoop.ozone.client.rpc.RpcClient.createFile(RpcClient.java:1006)
	at org.apache.hadoop.ozone.client.OzoneBucket.createFile(OzoneBucket.java:537)
	at org.apache.hadoop.fs.ozone.BasicOzoneClientAdapterImpl.createFile(BasicOzoneClientAdapterImpl.java:205)
	at org.apache.hadoop.fs.ozone.BasicOzoneFileSystem.createOutputStream(BasicOzoneFileSystem.java:250)
	at org.apache.hadoop.fs.ozone.BasicOzoneFileSystem.create(BasicOzoneFileSystem.java:231)
	at org.apache.hadoop.fs.FileSystem.create(FileSystem.java:1118)
	at org.apache.hadoop.fs.FileSystem.create(FileSystem.java:1098)
	at org.apache.hadoop.fs.FileSystem.create(FileSystem.java:987)
	at org.apache.hadoop.fs.contract.ContractTestUtils.createFile(ContractTestUtils.java:633)
	at org.apache.hadoop.fs.contract.ContractTestUtils.touch(ContractTestUtils.java:669)
	at org.apache.hadoop.fs.ozone.TestOzoneFileSystem.testListStatusOnSubDirs(TestOzoneFileSystem.java:251)
	at sun.reflect.NativeMethodAccessorImpl.invoke0(Native Method)
	at sun.reflect.NativeMethodAccessorImpl.invoke(NativeMethodAccessorImpl.java:62)
	at sun.reflect.DelegatingMethodAccessorImpl.invoke(DelegatingMethodAccessorImpl.java:43)
	at java.lang.reflect.Method.invoke(Method.java:498)
	at org.junit.runners.model.FrameworkMethod$1.runReflectiveCall(FrameworkMethod.java:47)
	at org.junit.internal.runners.model.ReflectiveCallable.run(ReflectiveCallable.java:12)
	at org.junit.runners.model.FrameworkMethod.invokeExplosively(FrameworkMethod.java:44)
	at org.junit.internal.runners.statements.InvokeMethod.evaluate(InvokeMethod.java:17)
	at org.junit.internal.runners.statements.RunBefores.evaluate(RunBefores.java:26)
	at org.junit.internal.runners.statements.RunAfters.evaluate(RunAfters.java:27)
	at org.junit.internal.runners.statements.FailOnTimeout$StatementThread.run(FailOnTimeout.java:74)
</error>
    <system-out><![CDATA[2019-09-26 10:50:05,097 [Thread-543] WARN  server.ServerUtils (ServerUtils.java:getScmDbDir(145)) - ozone.scm.db.dirs is not configured. We recommend adding this setting. Falling back to ozone.metadata.dirs instead.
2019-09-26 10:50:05,113 [Thread-543] WARN  server.ServerUtils (ServerUtils.java:getScmDbDir(145)) - ozone.scm.db.dirs is not configured. We recommend adding this setting. Falling back to ozone.metadata.dirs instead.
2019-09-26 10:50:05,113 [Thread-543] WARN  server.ServerUtils (ServerUtils.java:getScmDbDir(145)) - ozone.scm.db.dirs is not configured. We recommend adding this setting. Falling back to ozone.metadata.dirs instead.
2019-09-26 10:50:05,114 [Thread-543] INFO  db.DBStoreBuilder (DBStoreBuilder.java:addTable(110)) - using custom profile for table: deletedBlocks
2019-09-26 10:50:05,114 [Thread-543] INFO  db.DBStoreBuilder (DBStoreBuilder.java:processTables(161)) - Using default column profile:DBProfile.DISK for Table:deletedBlocks
2019-09-26 10:50:05,114 [Thread-543] INFO  db.DBStoreBuilder (DBStoreBuilder.java:addTable(110)) - using custom profile for table: validCerts
2019-09-26 10:50:05,115 [Thread-543] INFO  db.DBStoreBuilder (DBStoreBuilder.java:processTables(161)) - Using default column profile:DBProfile.DISK for Table:validCerts
2019-09-26 10:50:05,115 [Thread-543] INFO  db.DBStoreBuilder (DBStoreBuilder.java:addTable(110)) - using custom profile for table: revokedCerts
2019-09-26 10:50:05,115 [Thread-543] INFO  db.DBStoreBuilder (DBStoreBuilder.java:processTables(161)) - Using default column profile:DBProfile.DISK for Table:revokedCerts
2019-09-26 10:50:05,115 [Thread-543] INFO  db.DBStoreBuilder (DBStoreBuilder.java:addTable(110)) - using custom profile for table: default
2019-09-26 10:50:05,116 [Thread-543] INFO  db.DBStoreBuilder (DBStoreBuilder.java:processTables(167)) - Using default column profile:DBProfile.DISK for Table:default
2019-09-26 10:50:05,116 [Thread-543] INFO  db.DBStoreBuilder (DBStoreBuilder.java:getDbProfile(198)) - Using default options. DBProfile.DISK
2019-09-26 10:50:05,304 [Thread-543] INFO  net.NodeSchemaLoader (NodeSchemaLoader.java:loadSchemaFromFile(125)) - Loading file from sun.misc.CompoundEnumeration@1acac0eb
2019-09-26 10:50:05,305 [Thread-543] INFO  net.NodeSchemaLoader (NodeSchemaLoader.java:loadSchema(171)) - Loading network topology layer schema file
2019-09-26 10:50:05,311 [Thread-543] WARN  server.ServerUtils (ServerUtils.java:sanitizeUserArgs(70)) - ozone.scm.stale.node.interval value = 300000 is larger than max = 100000 based on the key value of ozone.scm.heartbeat.thread.interval, reset to the max value 100000.
2019-09-26 10:50:05,311 [Thread-543] WARN  server.ServerUtils (ServerUtils.java:sanitizeUserArgs(70)) - ozone.scm.stale.node.interval value = 300000 is larger than max = 100000 based on the key value of ozone.scm.heartbeat.thread.interval, reset to the max value 100000.
2019-09-26 10:50:05,312 [Thread-543] INFO  node.SCMNodeManager (SCMNodeManager.java:<init>(114)) - Entering startup safe mode.
2019-09-26 10:50:05,313 [Thread-543] INFO  algorithms.ContainerPlacementPolicyFactory (ContainerPlacementPolicyFactory.java:getPolicy(59)) - Create container placement policy of type org.apache.hadoop.hdds.scm.container.placement.algorithms.SCMContainerPlacementRandom
2019-09-26 10:50:05,313 [Thread-543] WARN  server.ServerUtils (ServerUtils.java:getScmDbDir(145)) - ozone.scm.db.dirs is not configured. We recommend adding this setting. Falling back to ozone.metadata.dirs instead.
2019-09-26 10:50:05,362 [Thread-543] INFO  pipeline.SCMPipelineManager (SCMPipelineManager.java:initializePipelineState(132)) - No pipeline exists in current db
2019-09-26 10:50:05,362 [Thread-543] WARN  server.ServerUtils (ServerUtils.java:getScmDbDir(145)) - ozone.scm.db.dirs is not configured. We recommend adding this setting. Falling back to ozone.metadata.dirs instead.
2019-09-26 10:50:05,386 [Thread-543] WARN  events.EventQueue (EventQueue.java:fireEvent(183)) - No event handler registered for event TypedEvent{payloadType=SafeModeStatus, name='SafeModeStatus'}
2019-09-26 10:50:05,387 [Thread-543] INFO  ipc.CallQueueManager (CallQueueManager.java:<init>(84)) - Using callQueue: class java.util.concurrent.LinkedBlockingQueue, queueCapacity: 2000, scheduler: class org.apache.hadoop.ipc.DefaultRpcScheduler, ipcBackoff: false.
2019-09-26 10:50:05,388 [Socket Reader #1 for port 37431] INFO  ipc.Server (Server.java:run(1074)) - Starting Socket Reader #1 for port 37431
2019-09-26 10:50:05,390 [Thread-543] INFO  ipc.CallQueueManager (CallQueueManager.java:<init>(84)) - Using callQueue: class java.util.concurrent.LinkedBlockingQueue, queueCapacity: 2000, scheduler: class org.apache.hadoop.ipc.DefaultRpcScheduler, ipcBackoff: false.
2019-09-26 10:50:05,391 [Socket Reader #1 for port 38485] INFO  ipc.Server (Server.java:run(1074)) - Starting Socket Reader #1 for port 38485
2019-09-26 10:50:05,393 [Thread-543] INFO  ipc.CallQueueManager (CallQueueManager.java:<init>(84)) - Using callQueue: class java.util.concurrent.LinkedBlockingQueue, queueCapacity: 2000, scheduler: class org.apache.hadoop.ipc.DefaultRpcScheduler, ipcBackoff: false.
2019-09-26 10:50:05,394 [Socket Reader #1 for port 43310] INFO  ipc.Server (Server.java:run(1074)) - Starting Socket Reader #1 for port 43310
2019-09-26 10:50:05,398 [Thread-543] INFO  hdfs.DFSUtil (DFSUtil.java:httpServerTemplateForNNAndJN(1641)) - Starting Web-server for scm at: http://0.0.0.0:0
2019-09-26 10:50:05,402 [Thread-543] INFO  server.AuthenticationFilter (AuthenticationFilter.java:constructSecretProvider(240)) - Unable to initialize FileSignerSecretProvider, falling back to use random secrets.
2019-09-26 10:50:05,403 [Thread-543] WARN  http.HttpRequestLog (HttpRequestLog.java:getRequestLog(97)) - Jetty request log can only be enabled using Log4j
2019-09-26 10:50:05,406 [Thread-543] INFO  http.HttpServer2 (HttpServer2.java:addGlobalFilter(975)) - Added global filter 'safety' (class=org.apache.hadoop.http.HttpServer2$QuotingInputFilter)
2019-09-26 10:50:05,407 [Thread-543] INFO  http.HttpServer2 (HttpServer2.java:addFilter(948)) - Added filter static_user_filter (class=org.apache.hadoop.http.lib.StaticUserWebFilter$StaticUserFilter) to context scm
2019-09-26 10:50:05,408 [Thread-543] INFO  http.HttpServer2 (HttpServer2.java:addFilter(958)) - Added filter static_user_filter (class=org.apache.hadoop.http.lib.StaticUserWebFilter$StaticUserFilter) to context static
2019-09-26 10:50:05,408 [Thread-543] INFO  http.HttpServer2 (HttpServer2.java:addFilter(958)) - Added filter static_user_filter (class=org.apache.hadoop.http.lib.StaticUserWebFilter$StaticUserFilter) to context logs
2019-09-26 10:50:05,411 [Thread-543] INFO  server.StorageContainerManager (StorageContainerManager.java:start(770)) - StorageContainerLocationProtocol RPC server is listening at /0.0.0.0:43310
2019-09-26 10:50:05,414 [Thread-543] WARN  impl.MetricsConfig (MetricsConfig.java:loadFirst(134)) - Cannot locate configuration: tried hadoop-metrics2-storagecontainermanager.properties,hadoop-metrics2.properties
2019-09-26 10:50:05,415 [Thread-543] INFO  impl.MetricsSystemImpl (MetricsSystemImpl.java:startTimer(374)) - Scheduled Metric snapshot period at 10 second(s).
2019-09-26 10:50:05,415 [Thread-543] INFO  impl.MetricsSystemImpl (MetricsSystemImpl.java:start(191)) - StorageContainerManager metrics system started
2019-09-26 10:50:05,474 [Thread-543] WARN  impl.MetricsSystemImpl (MetricsSystemImpl.java:register(276)) - Sink prometheus already exists!
2019-09-26 10:50:05,484 [Thread-543] INFO  server.SCMClientProtocolServer (SCMClientProtocolServer.java:start(151)) - RPC server for Client  is listening at /0.0.0.0:43310
2019-09-26 10:50:05,484 [IPC Server Responder] INFO  ipc.Server (Server.java:run(1314)) - IPC Server Responder: starting
2019-09-26 10:50:05,484 [IPC Server listener on 43310] INFO  ipc.Server (Server.java:run(1153)) - IPC Server listener on 43310: starting
2019-09-26 10:50:05,489 [Thread-543] INFO  server.StorageContainerManager (StorageContainerManager.java:start(780)) - ScmBlockLocationProtocol RPC server is listening at /0.0.0.0:38485
2019-09-26 10:50:05,490 [Thread-543] INFO  server.SCMBlockProtocolServer (SCMBlockProtocolServer.java:start(146)) - RPC server for Block Protocol is listening at /0.0.0.0:38485
2019-09-26 10:50:05,491 [IPC Server Responder] INFO  ipc.Server (Server.java:run(1314)) - IPC Server Responder: starting
2019-09-26 10:50:05,491 [IPC Server listener on 38485] INFO  ipc.Server (Server.java:run(1153)) - IPC Server listener on 38485: starting
2019-09-26 10:50:05,496 [Thread-543] INFO  server.StorageContainerManager (StorageContainerManager.java:start(784)) - ScmDatanodeProtocl RPC server is listening at /0.0.0.0:37431
2019-09-26 10:50:05,496 [Thread-543] INFO  server.SCMDatanodeProtocolServer (SCMDatanodeProtocolServer.java:start(191)) - RPC server for DataNodes is listening at /0.0.0.0:37431
2019-09-26 10:50:05,497 [IPC Server Responder] INFO  ipc.Server (Server.java:run(1314)) - IPC Server Responder: starting
2019-09-26 10:50:05,498 [IPC Server listener on 37431] INFO  ipc.Server (Server.java:run(1153)) - IPC Server listener on 37431: starting
2019-09-26 10:50:05,503 [Thread-543] INFO  http.HttpServer2 (HttpServer2.java:bindListener(1191)) - Jetty bound to port 40401
2019-09-26 10:50:05,503 [Thread-543] INFO  server.Server (Server.java:doStart(351)) - jetty-9.3.25.v20180904, build timestamp: 2018-09-04T21:11:46Z, git hash: 3ce520221d0240229c862b122d2b06c12a625732
2019-09-26 10:50:05,506 [Thread-543] INFO  handler.ContextHandler (ContextHandler.java:doStart(781)) - Started o.e.j.s.ServletContextHandler@3fa8f901{/logs,file:///workdir/hadoop-ozone/ozonefs/target/log,AVAILABLE}
2019-09-26 10:50:05,506 [Thread-543] INFO  handler.ContextHandler (ContextHandler.java:doStart(781)) - Started o.e.j.s.ServletContextHandler@7fd26891{/static,jar:file:/home/user/.m2/repository/org/apache/hadoop/hadoop-hdds-server-scm/0.5.0-SNAPSHOT/hadoop-hdds-server-scm-0.5.0-SNAPSHOT.jar!/webapps/static,AVAILABLE}
2019-09-26 10:50:05,567 [Thread-543] INFO  handler.ContextHandler (ContextHandler.java:doStart(781)) - Started o.e.j.w.WebAppContext@7fd8db22{/,file:///tmp/jetty-0.0.0.0-40401-scm-_-any-7416112340290211378.dir/webapp/,AVAILABLE}{/scm}
2019-09-26 10:50:05,568 [Thread-543] INFO  server.AbstractConnector (AbstractConnector.java:doStart(278)) - Started ServerConnector@5f823c49{HTTP/1.1,[http/1.1]}{0.0.0.0:40401}
2019-09-26 10:50:05,569 [Thread-543] INFO  server.Server (Server.java:doStart(419)) - Started @40211ms
2019-09-26 10:50:05,569 [Thread-543] WARN  impl.MetricsSystemImpl (MetricsSystemImpl.java:register(276)) - Sink prometheus already exists!
2019-09-26 10:50:05,570 [Thread-543] INFO  server.BaseHttpServer (BaseHttpServer.java:updateConnectorAddress(215)) - HTTP server of SCM is listening at http://0.0.0.0:40401
2019-09-26 10:50:05,572 [Thread-543] WARN  server.ServerUtils (ServerUtils.java:getDBPath(222)) - ozone.om.db.dirs is not configured. We recommend adding this setting. Falling back to ozone.metadata.dirs instead.
2019-09-26 10:50:05,572 [org.apache.hadoop.util.JvmPauseMonitor$Monitor@1622253] INFO  util.JvmPauseMonitor (JvmPauseMonitor.java:run(188)) - Starting JVM pause monitor
2019-09-26 10:50:05,586 [Thread-543] WARN  server.ServerUtils (ServerUtils.java:getDBPath(222)) - ozone.om.db.dirs is not configured. We recommend adding this setting. Falling back to ozone.metadata.dirs instead.
2019-09-26 10:50:05,586 [Thread-543] WARN  server.ServerUtils (ServerUtils.java:getDBPath(222)) - ozone.om.db.dirs is not configured. We recommend adding this setting. Falling back to ozone.metadata.dirs instead.
2019-09-26 10:50:05,587 [Thread-543] INFO  om.OzoneManager (OzoneManager.java:setOMNodeDetails(652)) - OM Service ID is not set. Setting it to the default ID: omServiceIdDefault
2019-09-26 10:50:05,587 [Thread-543] INFO  om.OzoneManager (OzoneManager.java:setOMNodeDetails(658)) - OM Node ID is not set. Setting it to the OmStorage's OmID: 9db5bb1f-e670-4193-891b-d53fd52a0d4d
2019-09-26 10:50:05,587 [Thread-543] INFO  om.OzoneManager (OzoneManager.java:loadOMHAConfigs(609)) - Found matching OM address with OMServiceId: null, OMNodeId: null, RPC Address: localhost:0 and Ratis port: 9872
2019-09-26 10:50:05,597 [Thread-543] WARN  server.ServerUtils (ServerUtils.java:getDBPath(222)) - ozone.om.db.dirs is not configured. We recommend adding this setting. Falling back to ozone.metadata.dirs instead.
2019-09-26 10:50:05,598 [Thread-543] INFO  db.DBStoreBuilder (DBStoreBuilder.java:addTable(110)) - using custom profile for table: userTable
2019-09-26 10:50:05,598 [Thread-543] INFO  db.DBStoreBuilder (DBStoreBuilder.java:processTables(161)) - Using default column profile:DBProfile.DISK for Table:userTable
2019-09-26 10:50:05,598 [Thread-543] INFO  db.DBStoreBuilder (DBStoreBuilder.java:addTable(110)) - using custom profile for table: volumeTable
2019-09-26 10:50:05,598 [Thread-543] INFO  db.DBStoreBuilder (DBStoreBuilder.java:processTables(161)) - Using default column profile:DBProfile.DISK for Table:volumeTable
2019-09-26 10:50:05,599 [Thread-543] INFO  db.DBStoreBuilder (DBStoreBuilder.java:addTable(110)) - using custom profile for table: bucketTable
2019-09-26 10:50:05,599 [Thread-543] INFO  db.DBStoreBuilder (DBStoreBuilder.java:processTables(161)) - Using default column profile:DBProfile.DISK for Table:bucketTable
2019-09-26 10:50:05,599 [Thread-543] INFO  db.DBStoreBuilder (DBStoreBuilder.java:addTable(110)) - using custom profile for table: keyTable
2019-09-26 10:50:05,599 [Thread-543] INFO  db.DBStoreBuilder (DBStoreBuilder.java:processTables(161)) - Using default column profile:DBProfile.DISK for Table:keyTable
2019-09-26 10:50:05,600 [Thread-543] INFO  db.DBStoreBuilder (DBStoreBuilder.java:addTable(110)) - using custom profile for table: deletedTable
2019-09-26 10:50:05,600 [Thread-543] INFO  db.DBStoreBuilder (DBStoreBuilder.java:processTables(161)) - Using default column profile:DBProfile.DISK for Table:deletedTable
2019-09-26 10:50:05,600 [Thread-543] INFO  db.DBStoreBuilder (DBStoreBuilder.java:addTable(110)) - using custom profile for table: openKeyTable
2019-09-26 10:50:05,600 [Thread-543] INFO  db.DBStoreBuilder (DBStoreBuilder.java:processTables(161)) - Using default column profile:DBProfile.DISK for Table:openKeyTable
2019-09-26 10:50:05,601 [Thread-543] INFO  db.DBStoreBuilder (DBStoreBuilder.java:addTable(110)) - using custom profile for table: s3Table
2019-09-26 10:50:05,601 [Thread-543] INFO  db.DBStoreBuilder (DBStoreBuilder.java:processTables(161)) - Using default column profile:DBProfile.DISK for Table:s3Table
2019-09-26 10:50:05,601 [Thread-543] INFO  db.DBStoreBuilder (DBStoreBuilder.java:addTable(110)) - using custom profile for table: multipartInfoTable
2019-09-26 10:50:05,601 [Thread-543] INFO  db.DBStoreBuilder (DBStoreBuilder.java:processTables(161)) - Using default column profile:DBProfile.DISK for Table:multipartInfoTable
2019-09-26 10:50:05,602 [Thread-543] INFO  db.DBStoreBuilder (DBStoreBuilder.java:addTable(110)) - using custom profile for table: dTokenTable
2019-09-26 10:50:05,602 [Thread-543] INFO  db.DBStoreBuilder (DBStoreBuilder.java:processTables(161)) - Using default column profile:DBProfile.DISK for Table:dTokenTable
2019-09-26 10:50:05,602 [Thread-543] INFO  db.DBStoreBuilder (DBStoreBuilder.java:addTable(110)) - using custom profile for table: s3SecretTable
2019-09-26 10:50:05,602 [Thread-543] INFO  db.DBStoreBuilder (DBStoreBuilder.java:processTables(161)) - Using default column profile:DBProfile.DISK for Table:s3SecretTable
2019-09-26 10:50:05,603 [Thread-543] INFO  db.DBStoreBuilder (DBStoreBuilder.java:addTable(110)) - using custom profile for table: prefixTable
2019-09-26 10:50:05,603 [Thread-543] INFO  db.DBStoreBuilder (DBStoreBuilder.java:processTables(161)) - Using default column profile:DBProfile.DISK for Table:prefixTable
2019-09-26 10:50:05,603 [Thread-543] INFO  db.DBStoreBuilder (DBStoreBuilder.java:addTable(110)) - using custom profile for table: default
2019-09-26 10:50:05,603 [Thread-543] INFO  db.DBStoreBuilder (DBStoreBuilder.java:processTables(167)) - Using default column profile:DBProfile.DISK for Table:default
2019-09-26 10:50:05,604 [Thread-543] INFO  db.DBStoreBuilder (DBStoreBuilder.java:getDbProfile(198)) - Using default options. DBProfile.DISK
2019-09-26 10:50:06,154 [Thread-543] INFO  ipc.CallQueueManager (CallQueueManager.java:<init>(84)) - Using callQueue: class java.util.concurrent.LinkedBlockingQueue, queueCapacity: 2000, scheduler: class org.apache.hadoop.ipc.DefaultRpcScheduler, ipcBackoff: false.
2019-09-26 10:50:06,156 [Socket Reader #1 for port 44707] INFO  ipc.Server (Server.java:run(1074)) - Starting Socket Reader #1 for port 44707
2019-09-26 10:50:06,187 [Thread-543] INFO  om.OzoneManager (OzoneManager.java:start(1243)) - OzoneManager RPC server is listening at localhost/127.0.0.1:44707
2019-09-26 10:50:06,187 [Thread-543] INFO  impl.MetricsSystemImpl (MetricsSystemImpl.java:init(158)) - OzoneManager metrics system started (again)
2019-09-26 10:50:06,188 [IPC Server Responder] INFO  ipc.Server (Server.java:run(1314)) - IPC Server Responder: starting
2019-09-26 10:50:06,188 [IPC Server listener on 44707] INFO  ipc.Server (Server.java:run(1153)) - IPC Server listener on 44707: starting
2019-09-26 10:50:06,195 [Thread-543] INFO  hdfs.DFSUtil (DFSUtil.java:httpServerTemplateForNNAndJN(1641)) - Starting Web-server for ozoneManager at: http://0.0.0.0:0
2019-09-26 10:50:06,197 [Thread-543] INFO  server.AuthenticationFilter (AuthenticationFilter.java:constructSecretProvider(240)) - Unable to initialize FileSignerSecretProvider, falling back to use random secrets.
2019-09-26 10:50:06,198 [Thread-543] WARN  http.HttpRequestLog (HttpRequestLog.java:getRequestLog(97)) - Jetty request log can only be enabled using Log4j
2019-09-26 10:50:06,200 [Thread-543] INFO  http.HttpServer2 (HttpServer2.java:addGlobalFilter(975)) - Added global filter 'safety' (class=org.apache.hadoop.http.HttpServer2$QuotingInputFilter)
2019-09-26 10:50:06,201 [Thread-543] INFO  http.HttpServer2 (HttpServer2.java:addFilter(948)) - Added filter static_user_filter (class=org.apache.hadoop.http.lib.StaticUserWebFilter$StaticUserFilter) to context ozoneManager
2019-09-26 10:50:06,201 [Thread-543] INFO  http.HttpServer2 (HttpServer2.java:addFilter(958)) - Added filter static_user_filter (class=org.apache.hadoop.http.lib.StaticUserWebFilter$StaticUserFilter) to context static
2019-09-26 10:50:06,202 [Thread-543] INFO  http.HttpServer2 (HttpServer2.java:addFilter(958)) - Added filter static_user_filter (class=org.apache.hadoop.http.lib.StaticUserWebFilter$StaticUserFilter) to context logs
2019-09-26 10:50:06,203 [Thread-543] INFO  http.HttpServer2 (HttpServer2.java:bindListener(1191)) - Jetty bound to port 41873
2019-09-26 10:50:06,203 [Thread-543] INFO  server.Server (Server.java:doStart(351)) - jetty-9.3.25.v20180904, build timestamp: 2018-09-04T21:11:46Z, git hash: 3ce520221d0240229c862b122d2b06c12a625732
2019-09-26 10:50:06,205 [Thread-543] INFO  handler.ContextHandler (ContextHandler.java:doStart(781)) - Started o.e.j.s.ServletContextHandler@1e2a2e98{/logs,file:///workdir/hadoop-ozone/ozonefs/target/log,AVAILABLE}
2019-09-26 10:50:06,206 [Thread-543] INFO  handler.ContextHandler (ContextHandler.java:doStart(781)) - Started o.e.j.s.ServletContextHandler@46e18f91{/static,jar:file:/home/user/.m2/repository/org/apache/hadoop/hadoop-ozone-ozone-manager/0.5.0-SNAPSHOT/hadoop-ozone-ozone-manager-0.5.0-SNAPSHOT.jar!/webapps/static,AVAILABLE}
2019-09-26 10:50:06,262 [Thread-543] INFO  handler.ContextHandler (ContextHandler.java:doStart(781)) - Started o.e.j.w.WebAppContext@3fe1d0ce{/,file:///tmp/jetty-0.0.0.0-41873-ozoneManager-_-any-3510192408962401188.dir/webapp/,AVAILABLE}{/ozoneManager}
2019-09-26 10:50:06,262 [Thread-543] INFO  server.AbstractConnector (AbstractConnector.java:doStart(278)) - Started ServerConnector@48e89dba{HTTP/1.1,[http/1.1]}{0.0.0.0:41873}
2019-09-26 10:50:06,263 [Thread-543] INFO  server.Server (Server.java:doStart(419)) - Started @40905ms
2019-09-26 10:50:06,263 [Thread-543] WARN  impl.MetricsSystemImpl (MetricsSystemImpl.java:register(276)) - Sink prometheus already exists!
2019-09-26 10:50:06,264 [Thread-543] INFO  server.BaseHttpServer (BaseHttpServer.java:updateConnectorAddress(215)) - HTTP server of OZONEMANAGER is listening at http://0.0.0.0:41873
2019-09-26 10:50:06,272 [Thread-543] INFO  impl.MetricsSystemImpl (MetricsSystemImpl.java:init(158)) - HddsDatanode metrics system started (again)
2019-09-26 10:50:06,274 [Thread-543] INFO  ozone.HddsDatanodeService (HddsDatanodeService.java:start(184)) - HddsDatanodeService host:pr-hdds-1569-wvzgm-824869521 ip:192.168.30.13
2019-09-26 10:50:06,281 [Thread-543] INFO  volume.HddsVolume (HddsVolume.java:<init>(176)) - Creating Volume: /workdir/hadoop-ozone/ozonefs/target/test-dir/MiniOzoneClusterImpl-c30abbcc-9270-495d-991f-83e55dc7fba6/datanode-0/data/containers/hdds of  storage type : DISK and capacity : 1482555576320
2019-09-26 10:50:06,283 [Thread-543] INFO  volume.VolumeSet (VolumeSet.java:initializeVolumeSet(170)) - Added Volume : /workdir/hadoop-ozone/ozonefs/target/test-dir/MiniOzoneClusterImpl-c30abbcc-9270-495d-991f-83e55dc7fba6/datanode-0/data/containers/hdds to VolumeSet
2019-09-26 10:50:06,284 [Thread-543] INFO  volume.ThrottledAsyncChecker (ThrottledAsyncChecker.java:schedule(139)) - Scheduling a check for org.apache.hadoop.ozone.container.common.volume.HddsVolume@7c873dc3
2019-09-26 10:50:06,285 [Thread-543] INFO  volume.HddsVolumeChecker (HddsVolumeChecker.java:checkAllVolumes(202)) - Scheduled health check for volume org.apache.hadoop.ozone.container.common.volume.HddsVolume@7c873dc3
2019-09-26 10:50:06,315 [Thread-543] INFO  impl.RaftServerProxy (ConfUtils.java:logGet(43)) - raft.rpc.type = GRPC (default)
2019-09-26 10:50:06,316 [Thread-543] INFO  grpc.GrpcFactory (GrpcFactory.java:checkPooledByteBufAllocatorUseCacheForAllThreads(45)) - PERFORMANCE WARNING: useCacheForAllThreads is true that may cause Netty to create a lot garbage objects and, as a result, trigger GC.
	It is recommended to disable useCacheForAllThreads by setting -Dorg.apache.ratis.thirdparty.io.netty.allocator.useCacheForAllThreads=false in command line.
2019-09-26 10:50:06,317 [Thread-543] INFO  grpc.GrpcConfigKeys$Server (ConfUtils.java:logGet(43)) - raft.grpc.server.port = 0 (default)
2019-09-26 10:50:06,318 [Thread-543] INFO  server.GrpcService (ConfUtils.java:logGet(43)) - raft.grpc.message.size.max = 33570816 (custom)
2019-09-26 10:50:06,318 [Thread-543] INFO  server.RaftServerConfigKeys (ConfUtils.java:logGet(43)) - raft.server.log.appender.buffer.byte-limit = 33554432 (custom)
2019-09-26 10:50:06,318 [Thread-543] INFO  server.GrpcService (ConfUtils.java:logGet(43)) - raft.grpc.flow.control.window = 1MB (=1048576) (default)
2019-09-26 10:50:06,319 [Thread-543] INFO  server.RaftServerConfigKeys (ConfUtils.java:logGet(43)) - raft.server.rpc.request.timeout = 3000ms (default)
2019-09-26 10:50:06,320 [Thread-543] INFO  server.RaftServerConfigKeys (ConfUtils.java:logGet(43)) - raft.server.storage.dir = [/workdir/hadoop-ozone/ozonefs/target/test-dir/MiniOzoneClusterImpl-c30abbcc-9270-495d-991f-83e55dc7fba6/datanode-0/data/ratis] (custom)
2019-09-26 10:50:06,321 [Thread-543] INFO  hdfs.DFSUtil (DFSUtil.java:httpServerTemplateForNNAndJN(1641)) - Starting Web-server for hddsDatanode at: http://0.0.0.0:0
2019-09-26 10:50:06,324 [Thread-543] INFO  server.AuthenticationFilter (AuthenticationFilter.java:constructSecretProvider(240)) - Unable to initialize FileSignerSecretProvider, falling back to use random secrets.
2019-09-26 10:50:06,325 [Thread-543] WARN  http.HttpRequestLog (HttpRequestLog.java:getRequestLog(97)) - Jetty request log can only be enabled using Log4j
2019-09-26 10:50:06,328 [Thread-543] INFO  http.HttpServer2 (HttpServer2.java:addGlobalFilter(975)) - Added global filter 'safety' (class=org.apache.hadoop.http.HttpServer2$QuotingInputFilter)
2019-09-26 10:50:06,329 [Thread-543] INFO  http.HttpServer2 (HttpServer2.java:addFilter(948)) - Added filter static_user_filter (class=org.apache.hadoop.http.lib.StaticUserWebFilter$StaticUserFilter) to context hddsDatanode
2019-09-26 10:50:06,329 [Thread-543] INFO  http.HttpServer2 (HttpServer2.java:addFilter(958)) - Added filter static_user_filter (class=org.apache.hadoop.http.lib.StaticUserWebFilter$StaticUserFilter) to context logs
2019-09-26 10:50:06,329 [Thread-543] INFO  http.HttpServer2 (HttpServer2.java:addFilter(958)) - Added filter static_user_filter (class=org.apache.hadoop.http.lib.StaticUserWebFilter$StaticUserFilter) to context static
2019-09-26 10:50:06,330 [Thread-543] INFO  http.HttpServer2 (HttpServer2.java:bindListener(1191)) - Jetty bound to port 33823
2019-09-26 10:50:06,330 [Thread-543] INFO  server.Server (Server.java:doStart(351)) - jetty-9.3.25.v20180904, build timestamp: 2018-09-04T21:11:46Z, git hash: 3ce520221d0240229c862b122d2b06c12a625732
2019-09-26 10:50:06,333 [Thread-543] INFO  handler.ContextHandler (ContextHandler.java:doStart(781)) - Started o.e.j.s.ServletContextHandler@603b7983{/logs,file:///workdir/hadoop-ozone/ozonefs/target/log,AVAILABLE}
2019-09-26 10:50:06,334 [Thread-543] INFO  handler.ContextHandler (ContextHandler.java:doStart(781)) - Started o.e.j.s.ServletContextHandler@55d316d9{/static,jar:file:/home/user/.m2/repository/org/apache/hadoop/hadoop-hdds-container-service/0.5.0-SNAPSHOT/hadoop-hdds-container-service-0.5.0-SNAPSHOT.jar!/webapps/static,AVAILABLE}
2019-09-26 10:50:06,375 [Thread-543] INFO  handler.ContextHandler (ContextHandler.java:doStart(781)) - Started o.e.j.w.WebAppContext@26716db6{/,file:///tmp/jetty-0.0.0.0-33823-hddsDatanode-_-any-6622804393838833093.dir/webapp/,AVAILABLE}{/hddsDatanode}
2019-09-26 10:50:06,375 [Thread-543] INFO  server.AbstractConnector (AbstractConnector.java:doStart(278)) - Started ServerConnector@74d80d03{HTTP/1.1,[http/1.1]}{0.0.0.0:33823}
2019-09-26 10:50:06,376 [Thread-543] INFO  server.Server (Server.java:doStart(419)) - Started @41018ms
2019-09-26 10:50:06,376 [Thread-543] WARN  impl.MetricsSystemImpl (MetricsSystemImpl.java:register(276)) - Sink prometheus already exists!
2019-09-26 10:50:06,377 [Thread-543] INFO  server.BaseHttpServer (BaseHttpServer.java:updateConnectorAddress(215)) - HTTP server of HDDSDATANODE is listening at http://0.0.0.0:33823
2019-09-26 10:50:06,378 [Thread-543] INFO  impl.MetricsSystemImpl (MetricsSystemImpl.java:init(158)) - HddsDatanode metrics system started (again)
2019-09-26 10:50:06,383 [Thread-543] INFO  ozone.HddsDatanodeService (HddsDatanodeService.java:start(184)) - HddsDatanodeService host:pr-hdds-1569-wvzgm-824869521 ip:192.168.30.13
2019-09-26 10:50:06,383 [org.apache.hadoop.util.JvmPauseMonitor$Monitor@6473b282] INFO  util.JvmPauseMonitor (JvmPauseMonitor.java:run(188)) - Starting JVM pause monitor
2019-09-26 10:50:06,386 [Datanode State Machine Thread - 0] INFO  datanode.InitDatanodeState (InitDatanodeState.java:persistContainerDatanodeDetails(140)) - DatanodeDetails is persisted to /workdir/hadoop-ozone/ozonefs/target/test-dir/MiniOzoneClusterImpl-c30abbcc-9270-495d-991f-83e55dc7fba6/datanode-0/meta/datanode.id
2019-09-26 10:50:06,389 [Thread-543] INFO  volume.HddsVolume (HddsVolume.java:<init>(176)) - Creating Volume: /workdir/hadoop-ozone/ozonefs/target/test-dir/MiniOzoneClusterImpl-c30abbcc-9270-495d-991f-83e55dc7fba6/datanode-1/data/containers/hdds of  storage type : DISK and capacity : 1482555576320
2019-09-26 10:50:06,390 [Thread-543] INFO  volume.VolumeSet (VolumeSet.java:initializeVolumeSet(170)) - Added Volume : /workdir/hadoop-ozone/ozonefs/target/test-dir/MiniOzoneClusterImpl-c30abbcc-9270-495d-991f-83e55dc7fba6/datanode-1/data/containers/hdds to VolumeSet
2019-09-26 10:50:06,390 [Thread-543] INFO  volume.ThrottledAsyncChecker (ThrottledAsyncChecker.java:schedule(139)) - Scheduling a check for org.apache.hadoop.ozone.container.common.volume.HddsVolume@1de3d052
2019-09-26 10:50:06,390 [Thread-543] INFO  volume.HddsVolumeChecker (HddsVolumeChecker.java:checkAllVolumes(202)) - Scheduled health check for volume org.apache.hadoop.ozone.container.common.volume.HddsVolume@1de3d052
2019-09-26 10:50:06,413 [Thread-543] INFO  impl.RaftServerProxy (ConfUtils.java:logGet(43)) - raft.rpc.type = GRPC (default)
2019-09-26 10:50:06,413 [Thread-543] INFO  grpc.GrpcFactory (GrpcFactory.java:checkPooledByteBufAllocatorUseCacheForAllThreads(45)) - PERFORMANCE WARNING: useCacheForAllThreads is true that may cause Netty to create a lot garbage objects and, as a result, trigger GC.
	It is recommended to disable useCacheForAllThreads by setting -Dorg.apache.ratis.thirdparty.io.netty.allocator.useCacheForAllThreads=false in command line.
2019-09-26 10:50:06,413 [Thread-543] INFO  grpc.GrpcConfigKeys$Server (ConfUtils.java:logGet(43)) - raft.grpc.server.port = 0 (default)
2019-09-26 10:50:06,414 [Thread-543] INFO  server.GrpcService (ConfUtils.java:logGet(43)) - raft.grpc.message.size.max = 33570816 (custom)
2019-09-26 10:50:06,414 [Thread-543] INFO  server.RaftServerConfigKeys (ConfUtils.java:logGet(43)) - raft.server.log.appender.buffer.byte-limit = 33554432 (custom)
2019-09-26 10:50:06,414 [Thread-543] INFO  server.GrpcService (ConfUtils.java:logGet(43)) - raft.grpc.flow.control.window = 1MB (=1048576) (default)
2019-09-26 10:50:06,414 [Thread-543] INFO  server.RaftServerConfigKeys (ConfUtils.java:logGet(43)) - raft.server.rpc.request.timeout = 3000ms (default)
2019-09-26 10:50:06,415 [Thread-543] INFO  server.RaftServerConfigKeys (ConfUtils.java:logGet(43)) - raft.server.storage.dir = [/workdir/hadoop-ozone/ozonefs/target/test-dir/MiniOzoneClusterImpl-c30abbcc-9270-495d-991f-83e55dc7fba6/datanode-1/data/ratis] (custom)
2019-09-26 10:50:06,416 [Thread-543] INFO  hdfs.DFSUtil (DFSUtil.java:httpServerTemplateForNNAndJN(1641)) - Starting Web-server for hddsDatanode at: http://0.0.0.0:0
2019-09-26 10:50:06,418 [Thread-543] INFO  server.AuthenticationFilter (AuthenticationFilter.java:constructSecretProvider(240)) - Unable to initialize FileSignerSecretProvider, falling back to use random secrets.
2019-09-26 10:50:06,418 [Thread-543] WARN  http.HttpRequestLog (HttpRequestLog.java:getRequestLog(97)) - Jetty request log can only be enabled using Log4j
2019-09-26 10:50:06,420 [Thread-543] INFO  http.HttpServer2 (HttpServer2.java:addGlobalFilter(975)) - Added global filter 'safety' (class=org.apache.hadoop.http.HttpServer2$QuotingInputFilter)
2019-09-26 10:50:06,421 [Thread-543] INFO  http.HttpServer2 (HttpServer2.java:addFilter(948)) - Added filter static_user_filter (class=org.apache.hadoop.http.lib.StaticUserWebFilter$StaticUserFilter) to context hddsDatanode
2019-09-26 10:50:06,421 [Thread-543] INFO  http.HttpServer2 (HttpServer2.java:addFilter(958)) - Added filter static_user_filter (class=org.apache.hadoop.http.lib.StaticUserWebFilter$StaticUserFilter) to context static
2019-09-26 10:50:06,421 [Thread-543] INFO  http.HttpServer2 (HttpServer2.java:addFilter(958)) - Added filter static_user_filter (class=org.apache.hadoop.http.lib.StaticUserWebFilter$StaticUserFilter) to context logs
2019-09-26 10:50:06,422 [Thread-543] INFO  http.HttpServer2 (HttpServer2.java:bindListener(1191)) - Jetty bound to port 44270
2019-09-26 10:50:06,422 [Thread-543] INFO  server.Server (Server.java:doStart(351)) - jetty-9.3.25.v20180904, build timestamp: 2018-09-04T21:11:46Z, git hash: 3ce520221d0240229c862b122d2b06c12a625732
2019-09-26 10:50:06,424 [Thread-543] INFO  handler.ContextHandler (ContextHandler.java:doStart(781)) - Started o.e.j.s.ServletContextHandler@7daaab64{/logs,file:///workdir/hadoop-ozone/ozonefs/target/log,AVAILABLE}
2019-09-26 10:50:06,425 [Thread-543] INFO  handler.ContextHandler (ContextHandler.java:doStart(781)) - Started o.e.j.s.ServletContextHandler@1d684073{/static,jar:file:/home/user/.m2/repository/org/apache/hadoop/hadoop-hdds-container-service/0.5.0-SNAPSHOT/hadoop-hdds-container-service-0.5.0-SNAPSHOT.jar!/webapps/static,AVAILABLE}
2019-09-26 10:50:06,453 [Thread-543] INFO  handler.ContextHandler (ContextHandler.java:doStart(781)) - Started o.e.j.w.WebAppContext@38234fdf{/,file:///tmp/jetty-0.0.0.0-44270-hddsDatanode-_-any-3269614466982529241.dir/webapp/,AVAILABLE}{/hddsDatanode}
2019-09-26 10:50:06,453 [Thread-543] INFO  server.AbstractConnector (AbstractConnector.java:doStart(278)) - Started ServerConnector@20e0624b{HTTP/1.1,[http/1.1]}{0.0.0.0:44270}
2019-09-26 10:50:06,454 [Thread-543] INFO  server.Server (Server.java:doStart(419)) - Started @41096ms
2019-09-26 10:50:06,455 [Thread-543] WARN  impl.MetricsSystemImpl (MetricsSystemImpl.java:register(276)) - Sink prometheus already exists!
2019-09-26 10:50:06,455 [Thread-543] INFO  server.BaseHttpServer (BaseHttpServer.java:updateConnectorAddress(215)) - HTTP server of HDDSDATANODE is listening at http://0.0.0.0:44270
2019-09-26 10:50:06,455 [Thread-543] INFO  impl.MetricsSystemImpl (MetricsSystemImpl.java:init(158)) - HddsDatanode metrics system started (again)
2019-09-26 10:50:06,460 [Thread-543] INFO  ozone.HddsDatanodeService (HddsDatanodeService.java:start(184)) - HddsDatanodeService host:pr-hdds-1569-wvzgm-824869521 ip:192.168.30.13
2019-09-26 10:50:06,460 [org.apache.hadoop.util.JvmPauseMonitor$Monitor@56c17480] INFO  util.JvmPauseMonitor (JvmPauseMonitor.java:run(188)) - Starting JVM pause monitor
2019-09-26 10:50:06,468 [Datanode State Machine Thread - 0] INFO  datanode.InitDatanodeState (InitDatanodeState.java:persistContainerDatanodeDetails(140)) - DatanodeDetails is persisted to /workdir/hadoop-ozone/ozonefs/target/test-dir/MiniOzoneClusterImpl-c30abbcc-9270-495d-991f-83e55dc7fba6/datanode-1/meta/datanode.id
2019-09-26 10:50:06,471 [Thread-543] INFO  volume.HddsVolume (HddsVolume.java:<init>(176)) - Creating Volume: /workdir/hadoop-ozone/ozonefs/target/test-dir/MiniOzoneClusterImpl-c30abbcc-9270-495d-991f-83e55dc7fba6/datanode-2/data/containers/hdds of  storage type : DISK and capacity : 1482555576320
2019-09-26 10:50:06,472 [Thread-543] INFO  volume.VolumeSet (VolumeSet.java:initializeVolumeSet(170)) - Added Volume : /workdir/hadoop-ozone/ozonefs/target/test-dir/MiniOzoneClusterImpl-c30abbcc-9270-495d-991f-83e55dc7fba6/datanode-2/data/containers/hdds to VolumeSet
2019-09-26 10:50:06,472 [Thread-543] INFO  volume.ThrottledAsyncChecker (ThrottledAsyncChecker.java:schedule(139)) - Scheduling a check for org.apache.hadoop.ozone.container.common.volume.HddsVolume@4c9874fa
2019-09-26 10:50:06,472 [Thread-543] INFO  volume.HddsVolumeChecker (HddsVolumeChecker.java:checkAllVolumes(202)) - Scheduled health check for volume org.apache.hadoop.ozone.container.common.volume.HddsVolume@4c9874fa
2019-09-26 10:50:06,492 [Thread-543] INFO  impl.RaftServerProxy (ConfUtils.java:logGet(43)) - raft.rpc.type = GRPC (default)
2019-09-26 10:50:06,492 [Thread-543] INFO  grpc.GrpcFactory (GrpcFactory.java:checkPooledByteBufAllocatorUseCacheForAllThreads(45)) - PERFORMANCE WARNING: useCacheForAllThreads is true that may cause Netty to create a lot garbage objects and, as a result, trigger GC.
	It is recommended to disable useCacheForAllThreads by setting -Dorg.apache.ratis.thirdparty.io.netty.allocator.useCacheForAllThreads=false in command line.
2019-09-26 10:50:06,492 [Thread-543] INFO  grpc.GrpcConfigKeys$Server (ConfUtils.java:logGet(43)) - raft.grpc.server.port = 0 (default)
2019-09-26 10:50:06,492 [Thread-543] INFO  server.GrpcService (ConfUtils.java:logGet(43)) - raft.grpc.message.size.max = 33570816 (custom)
2019-09-26 10:50:06,492 [Thread-543] INFO  server.RaftServerConfigKeys (ConfUtils.java:logGet(43)) - raft.server.log.appender.buffer.byte-limit = 33554432 (custom)
2019-09-26 10:50:06,492 [Thread-543] INFO  server.GrpcService (ConfUtils.java:logGet(43)) - raft.grpc.flow.control.window = 1MB (=1048576) (default)
2019-09-26 10:50:06,493 [Thread-543] INFO  server.RaftServerConfigKeys (ConfUtils.java:logGet(43)) - raft.server.rpc.request.timeout = 3000ms (default)
2019-09-26 10:50:06,493 [Thread-543] INFO  server.RaftServerConfigKeys (ConfUtils.java:logGet(43)) - raft.server.storage.dir = [/workdir/hadoop-ozone/ozonefs/target/test-dir/MiniOzoneClusterImpl-c30abbcc-9270-495d-991f-83e55dc7fba6/datanode-2/data/ratis] (custom)
2019-09-26 10:50:06,494 [Thread-543] INFO  hdfs.DFSUtil (DFSUtil.java:httpServerTemplateForNNAndJN(1641)) - Starting Web-server for hddsDatanode at: http://0.0.0.0:0
2019-09-26 10:50:06,496 [Thread-543] INFO  server.AuthenticationFilter (AuthenticationFilter.java:constructSecretProvider(240)) - Unable to initialize FileSignerSecretProvider, falling back to use random secrets.
2019-09-26 10:50:06,496 [Thread-543] WARN  http.HttpRequestLog (HttpRequestLog.java:getRequestLog(97)) - Jetty request log can only be enabled using Log4j
2019-09-26 10:50:06,498 [Thread-543] INFO  http.HttpServer2 (HttpServer2.java:addGlobalFilter(975)) - Added global filter 'safety' (class=org.apache.hadoop.http.HttpServer2$QuotingInputFilter)
2019-09-26 10:50:06,498 [Thread-543] INFO  http.HttpServer2 (HttpServer2.java:addFilter(948)) - Added filter static_user_filter (class=org.apache.hadoop.http.lib.StaticUserWebFilter$StaticUserFilter) to context hddsDatanode
2019-09-26 10:50:06,498 [Thread-543] INFO  http.HttpServer2 (HttpServer2.java:addFilter(958)) - Added filter static_user_filter (class=org.apache.hadoop.http.lib.StaticUserWebFilter$StaticUserFilter) to context logs
2019-09-26 10:50:06,498 [Thread-543] INFO  http.HttpServer2 (HttpServer2.java:addFilter(958)) - Added filter static_user_filter (class=org.apache.hadoop.http.lib.StaticUserWebFilter$StaticUserFilter) to context static
2019-09-26 10:50:06,499 [Thread-543] INFO  http.HttpServer2 (HttpServer2.java:bindListener(1191)) - Jetty bound to port 35606
2019-09-26 10:50:06,499 [Thread-543] INFO  server.Server (Server.java:doStart(351)) - jetty-9.3.25.v20180904, build timestamp: 2018-09-04T21:11:46Z, git hash: 3ce520221d0240229c862b122d2b06c12a625732
2019-09-26 10:50:06,501 [Thread-543] INFO  handler.ContextHandler (ContextHandler.java:doStart(781)) - Started o.e.j.s.ServletContextHandler@f5bf98a{/logs,file:///workdir/hadoop-ozone/ozonefs/target/log,AVAILABLE}
2019-09-26 10:50:06,501 [Thread-543] INFO  handler.ContextHandler (ContextHandler.java:doStart(781)) - Started o.e.j.s.ServletContextHandler@55a7b24d{/static,jar:file:/home/user/.m2/repository/org/apache/hadoop/hadoop-hdds-container-service/0.5.0-SNAPSHOT/hadoop-hdds-container-service-0.5.0-SNAPSHOT.jar!/webapps/static,AVAILABLE}
2019-09-26 10:50:06,528 [Thread-543] INFO  handler.ContextHandler (ContextHandler.java:doStart(781)) - Started o.e.j.w.WebAppContext@c938a5a{/,file:///tmp/jetty-0.0.0.0-35606-hddsDatanode-_-any-1994218348714640655.dir/webapp/,AVAILABLE}{/hddsDatanode}
2019-09-26 10:50:06,529 [Thread-543] INFO  server.AbstractConnector (AbstractConnector.java:doStart(278)) - Started ServerConnector@7eb9df57{HTTP/1.1,[http/1.1]}{0.0.0.0:35606}
2019-09-26 10:50:06,530 [Thread-543] INFO  server.Server (Server.java:doStart(419)) - Started @41172ms
2019-09-26 10:50:06,531 [Thread-543] WARN  impl.MetricsSystemImpl (MetricsSystemImpl.java:register(276)) - Sink prometheus already exists!
2019-09-26 10:50:06,532 [Thread-543] INFO  server.BaseHttpServer (BaseHttpServer.java:updateConnectorAddress(215)) - HTTP server of HDDSDATANODE is listening at http://0.0.0.0:35606
2019-09-26 10:50:06,532 [Thread-543] INFO  ozone.MiniOzoneClusterImpl (MiniOzoneClusterImpl.java:lambda$waitForClusterToBeReady$0(147)) - Waiting for cluster to be ready. Got 0 of 3 DN Heartbeats.
2019-09-26 10:50:06,533 [org.apache.hadoop.util.JvmPauseMonitor$Monitor@8dfbc53] INFO  util.JvmPauseMonitor (JvmPauseMonitor.java:run(188)) - Starting JVM pause monitor
2019-09-26 10:50:06,536 [Datanode State Machine Thread - 0] INFO  datanode.InitDatanodeState (InitDatanodeState.java:persistContainerDatanodeDetails(140)) - DatanodeDetails is persisted to /workdir/hadoop-ozone/ozonefs/target/test-dir/MiniOzoneClusterImpl-c30abbcc-9270-495d-991f-83e55dc7fba6/datanode-2/meta/datanode.id
2019-09-26 10:50:07,532 [Thread-543] INFO  ozone.MiniOzoneClusterImpl (MiniOzoneClusterImpl.java:lambda$waitForClusterToBeReady$0(147)) - Waiting for cluster to be ready. Got 0 of 3 DN Heartbeats.
2019-09-26 10:50:08,406 [Datanode State Machine Thread - 0] INFO  ozoneimpl.OzoneContainer (OzoneContainer.java:start(217)) - Attempting to start container services.
2019-09-26 10:50:08,406 [Datanode State Machine Thread - 0] INFO  ozoneimpl.OzoneContainer (OzoneContainer.java:startContainerScrub(179)) - Background container scanner has been disabled.
2019-09-26 10:50:08,406 [Datanode State Machine Thread - 0] INFO  ratis.XceiverServerRatis (XceiverServerRatis.java:start(411)) - Starting XceiverServerRatis d084370a-b4cb-43c6-bd03-156c72c6b0ec at port 0
2019-09-26 10:50:08,415 [Datanode State Machine Thread - 0] INFO  impl.RaftServerProxy (RaftServerProxy.java:lambda$start$3(299)) - d084370a-b4cb-43c6-bd03-156c72c6b0ec: start RPC server
2019-09-26 10:50:08,418 [Datanode State Machine Thread - 0] INFO  server.GrpcService (GrpcService.java:startImpl(158)) - d084370a-b4cb-43c6-bd03-156c72c6b0ec: GrpcService started, listening on 0.0.0.0/0.0.0.0:45859
2019-09-26 10:50:08,418 [Datanode State Machine Thread - 0] INFO  ratis.XceiverServerRatis (XceiverServerRatis.java:start(421)) - XceiverServerRatis d084370a-b4cb-43c6-bd03-156c72c6b0ec is started using port 45859
2019-09-26 10:50:08,420 [Datanode State Machine Thread - 0] INFO  server.XceiverServerGrpc (XceiverServerGrpc.java:start(149)) - XceiverServerGrpc d084370a-b4cb-43c6-bd03-156c72c6b0ec is started using port 33242
2019-09-26 10:50:08,477 [Datanode State Machine Thread - 0] INFO  ozoneimpl.OzoneContainer (OzoneContainer.java:start(217)) - Attempting to start container services.
2019-09-26 10:50:08,477 [Datanode State Machine Thread - 0] INFO  ozoneimpl.OzoneContainer (OzoneContainer.java:startContainerScrub(179)) - Background container scanner has been disabled.
2019-09-26 10:50:08,478 [Datanode State Machine Thread - 0] INFO  ratis.XceiverServerRatis (XceiverServerRatis.java:start(411)) - Starting XceiverServerRatis 76999e15-3686-4d58-8030-6a34dfc59477 at port 0
2019-09-26 10:50:08,486 [Datanode State Machine Thread - 0] INFO  impl.RaftServerProxy (RaftServerProxy.java:lambda$start$3(299)) - 76999e15-3686-4d58-8030-6a34dfc59477: start RPC server
2019-09-26 10:50:08,489 [Datanode State Machine Thread - 0] INFO  server.GrpcService (GrpcService.java:startImpl(158)) - 76999e15-3686-4d58-8030-6a34dfc59477: GrpcService started, listening on 0.0.0.0/0.0.0.0:33067
2019-09-26 10:50:08,489 [Datanode State Machine Thread - 0] INFO  ratis.XceiverServerRatis (XceiverServerRatis.java:start(421)) - XceiverServerRatis 76999e15-3686-4d58-8030-6a34dfc59477 is started using port 33067
2019-09-26 10:50:08,495 [Datanode State Machine Thread - 0] INFO  server.XceiverServerGrpc (XceiverServerGrpc.java:start(149)) - XceiverServerGrpc 76999e15-3686-4d58-8030-6a34dfc59477 is started using port 46837
2019-09-26 10:50:08,533 [Thread-543] INFO  ozone.MiniOzoneClusterImpl (MiniOzoneClusterImpl.java:lambda$waitForClusterToBeReady$0(147)) - Waiting for cluster to be ready. Got 0 of 3 DN Heartbeats.
2019-09-26 10:50:08,548 [Datanode State Machine Thread - 0] INFO  ozoneimpl.OzoneContainer (OzoneContainer.java:start(217)) - Attempting to start container services.
2019-09-26 10:50:08,548 [Datanode State Machine Thread - 0] INFO  ozoneimpl.OzoneContainer (OzoneContainer.java:startContainerScrub(179)) - Background container scanner has been disabled.
2019-09-26 10:50:08,549 [Datanode State Machine Thread - 0] INFO  ratis.XceiverServerRatis (XceiverServerRatis.java:start(411)) - Starting XceiverServerRatis ba528854-06f2-48b1-90e3-e0173cc2f66a at port 0
2019-09-26 10:50:08,556 [Datanode State Machine Thread - 0] INFO  impl.RaftServerProxy (RaftServerProxy.java:lambda$start$3(299)) - ba528854-06f2-48b1-90e3-e0173cc2f66a: start RPC server
2019-09-26 10:50:08,558 [Datanode State Machine Thread - 0] INFO  server.GrpcService (GrpcService.java:startImpl(158)) - ba528854-06f2-48b1-90e3-e0173cc2f66a: GrpcService started, listening on 0.0.0.0/0.0.0.0:45540
2019-09-26 10:50:08,558 [Datanode State Machine Thread - 0] INFO  ratis.XceiverServerRatis (XceiverServerRatis.java:start(421)) - XceiverServerRatis ba528854-06f2-48b1-90e3-e0173cc2f66a is started using port 45540
2019-09-26 10:50:08,559 [Datanode State Machine Thread - 0] INFO  server.XceiverServerGrpc (XceiverServerGrpc.java:start(149)) - XceiverServerGrpc ba528854-06f2-48b1-90e3-e0173cc2f66a is started using port 42038
2019-09-26 10:50:09,533 [Thread-543] INFO  ozone.MiniOzoneClusterImpl (MiniOzoneClusterImpl.java:lambda$waitForClusterToBeReady$0(147)) - Waiting for cluster to be ready. Got 0 of 3 DN Heartbeats.
2019-09-26 10:50:10,388 [IPC Server handler 2 on 37431] INFO  net.NetworkTopology (NetworkTopologyImpl.java:add(111)) - Added a new node: /default-rack/d084370a-b4cb-43c6-bd03-156c72c6b0ec
2019-09-26 10:50:10,390 [IPC Server handler 2 on 37431] INFO  node.SCMNodeManager (SCMNodeManager.java:register(266)) - Registered Data node : d084370a-b4cb-43c6-bd03-156c72c6b0ec{ip: 192.168.30.13, host: pr-hdds-1569-wvzgm-824869521, networkLocation: /default-rack, certSerialId: null}
2019-09-26 10:50:10,392 [EventQueue-NodeRegistrationContainerReportForDataNodeSafeModeRule] INFO  safemode.SCMSafeModeManager (DataNodeSafeModeRule.java:process(71)) - SCM in safe mode. 1 DataNodes registered, 1 required.
2019-09-26 10:50:10,393 [EventQueue-NodeRegistrationContainerReportForDataNodeSafeModeRule] INFO  safemode.SCMSafeModeManager (SCMSafeModeManager.java:validateSafeModeExitRules(177)) - ScmSafeModeManager, all rules are successfully validated
2019-09-26 10:50:10,394 [EventQueue-NodeRegistrationContainerReportForDataNodeSafeModeRule] INFO  safemode.SCMSafeModeManager (SCMSafeModeManager.java:exitSafeMode(193)) - SCM exiting safe mode.
2019-09-26 10:50:10,419 [grpc-default-executor-0] INFO  impl.RaftServerProxy (RaftServerProxy.java:addNew(89)) - d084370a-b4cb-43c6-bd03-156c72c6b0ec: addNew group-B71F2D77D0B8:[d084370a-b4cb-43c6-bd03-156c72c6b0ec:192.168.30.13:45859] returns group-B71F2D77D0B8:java.util.concurrent.CompletableFuture@41d8ce81[Not completed]
2019-09-26 10:50:10,421 [pool-127-thread-1] INFO  impl.RaftServerImpl (RaftServerImpl.java:<init>(95)) - d084370a-b4cb-43c6-bd03-156c72c6b0ec: new RaftServerImpl for group-B71F2D77D0B8:[d084370a-b4cb-43c6-bd03-156c72c6b0ec:192.168.30.13:45859] with ContainerStateMachine:uninitialized
2019-09-26 10:50:10,422 [pool-127-thread-1] INFO  server.RaftServerConfigKeys (ConfUtils.java:logGet(43)) - raft.server.rpc.timeout.min = 5s (custom)
2019-09-26 10:50:10,422 [pool-127-thread-1] INFO  server.RaftServerConfigKeys (ConfUtils.java:logGet(43)) - raft.server.rpc.timeout.max = 5200ms (custom)
2019-09-26 10:50:10,422 [pool-127-thread-1] INFO  server.RaftServerConfigKeys (ConfUtils.java:logGet(43)) - raft.server.rpcslowness.timeout = 120s (custom)
2019-09-26 10:50:10,422 [pool-127-thread-1] INFO  server.RaftServerConfigKeys (ConfUtils.java:logGet(43)) - raft.server.sleep.deviation.threshold = 300 (default)
2019-09-26 10:50:10,422 [pool-127-thread-1] INFO  server.RaftServerConfigKeys (ConfUtils.java:logGet(43)) - raft.server.log.appender.install.snapshot.enabled = false (custom)
2019-09-26 10:50:10,422 [pool-127-thread-1] INFO  impl.RaftServerImpl (ServerState.java:<init>(103)) - d084370a-b4cb-43c6-bd03-156c72c6b0ec@group-B71F2D77D0B8: ConfigurationManager, init=-1: [d084370a-b4cb-43c6-bd03-156c72c6b0ec:192.168.30.13:45859], old=null, confs=<EMPTY_MAP>
2019-09-26 10:50:10,423 [pool-127-thread-1] INFO  server.RaftServerConfigKeys (ConfUtils.java:logGet(43)) - raft.server.storage.dir = [/workdir/hadoop-ozone/ozonefs/target/test-dir/MiniOzoneClusterImpl-c30abbcc-9270-495d-991f-83e55dc7fba6/datanode-0/data/ratis] (custom)
2019-09-26 10:50:10,423 [pool-127-thread-1] INFO  storage.RaftStorageDirectory (RaftStorageDirectory.java:analyzeStorage(246)) - The storage directory /workdir/hadoop-ozone/ozonefs/target/test-dir/MiniOzoneClusterImpl-c30abbcc-9270-495d-991f-83e55dc7fba6/datanode-0/data/ratis/73bbc6d0-7e30-4231-8f73-b71f2d77d0b8 does not exist. Creating ...
2019-09-26 10:50:10,436 [pool-127-thread-1] INFO  storage.RaftStorageDirectory (RaftStorageDirectory.java:tryLock(328)) - Lock on /workdir/hadoop-ozone/ozonefs/target/test-dir/MiniOzoneClusterImpl-c30abbcc-9270-495d-991f-83e55dc7fba6/datanode-0/data/ratis/73bbc6d0-7e30-4231-8f73-b71f2d77d0b8/in_use.lock acquired by nodename 25633@pr-hdds-1569-wvzgm-824869521
2019-09-26 10:50:10,450 [pool-127-thread-1] INFO  storage.RaftStorage (RaftStorage.java:format(72)) - Storage directory /workdir/hadoop-ozone/ozonefs/target/test-dir/MiniOzoneClusterImpl-c30abbcc-9270-495d-991f-83e55dc7fba6/datanode-0/data/ratis/73bbc6d0-7e30-4231-8f73-b71f2d77d0b8 has been successfully formatted.
2019-09-26 10:50:10,450 [pool-127-thread-1] INFO  ratis.ContainerStateMachine (ContainerStateMachine.java:loadSnapshot(230)) - group-B71F2D77D0B8: The snapshot info is null. Setting the last applied indexto:(t:0, i:~)
2019-09-26 10:50:10,450 [pool-127-thread-1] INFO  server.RaftServerConfigKeys (ConfUtils.java:logGet(43)) - raft.server.notification.no-leader.timeout = 120s (custom)
2019-09-26 10:50:10,450 [pool-127-thread-1] INFO  server.RaftServerConfigKeys (ConfUtils.java:logGet(43)) - raft.server.log.use.memory = false (default)
2019-09-26 10:50:10,451 [pool-127-thread-1] INFO  server.RaftServerConfigKeys (ConfUtils.java:logGet(43)) - raft.server.log.purge.gap = 1000000 (custom)
2019-09-26 10:50:10,451 [pool-127-thread-1] INFO  server.RaftServerConfigKeys (ConfUtils.java:logGet(43)) - raft.server.log.appender.buffer.byte-limit = 33554432 (custom)
2019-09-26 10:50:10,451 [pool-127-thread-1] INFO  server.RaftServerConfigKeys (ConfUtils.java:logGet(43)) - raft.server.log.segment.size.max = 1048576 (custom)
2019-09-26 10:50:10,451 [pool-127-thread-1] INFO  server.RaftServerConfigKeys (ConfUtils.java:logGet(43)) - raft.server.log.segment.cache.num.max = 2 (custom)
2019-09-26 10:50:10,451 [pool-127-thread-1] INFO  segmented.SegmentedRaftLogWorker (SegmentedRaftLogWorker.java:<init>(172)) - new d084370a-b4cb-43c6-bd03-156c72c6b0ec@group-B71F2D77D0B8-SegmentedRaftLogWorker for RaftStorage:Storage Directory /workdir/hadoop-ozone/ozonefs/target/test-dir/MiniOzoneClusterImpl-c30abbcc-9270-495d-991f-83e55dc7fba6/datanode-0/data/ratis/73bbc6d0-7e30-4231-8f73-b71f2d77d0b8
2019-09-26 10:50:10,454 [pool-127-thread-1] INFO  server.RaftServerConfigKeys (ConfUtils.java:logGet(43)) - raft.server.log.queue.byte-limit = 2147483647 (custom)
2019-09-26 10:50:10,454 [pool-127-thread-1] INFO  server.RaftServerConfigKeys (ConfUtils.java:logGet(43)) - raft.server.log.queue.element-limit = 1024 (custom)
2019-09-26 10:50:10,454 [pool-127-thread-1] INFO  server.RaftServerConfigKeys (ConfUtils.java:logGet(43)) - raft.server.log.segment.size.max = 1048576 (custom)
2019-09-26 10:50:10,455 [pool-127-thread-1] INFO  server.RaftServerConfigKeys (ConfUtils.java:logGet(43)) - raft.server.log.preallocated.size = 16384 (custom)
2019-09-26 10:50:10,455 [pool-127-thread-1] INFO  server.RaftServerConfigKeys (ConfUtils.java:logGet(43)) - raft.server.log.write.buffer.size = 33554432 (custom)
2019-09-26 10:50:10,455 [pool-127-thread-1] INFO  server.RaftServerConfigKeys (ConfUtils.java:logGet(43)) - raft.server.log.force.sync.num = 128 (default)
2019-09-26 10:50:10,455 [pool-127-thread-1] INFO  server.RaftServerConfigKeys (ConfUtils.java:logGet(43)) - raft.server.log.statemachine.data.sync = true (default)
2019-09-26 10:50:10,455 [pool-127-thread-1] INFO  server.RaftServerConfigKeys (ConfUtils.java:logGet(43)) - raft.server.log.statemachine.data.sync.timeout = 10s (default)
2019-09-26 10:50:10,455 [pool-127-thread-1] INFO  server.RaftServerConfigKeys (ConfUtils.java:logGet(43)) - raft.server.log.statemachine.data.sync.timeout.retry = -1 (default)
2019-09-26 10:50:10,456 [pool-127-thread-1] INFO  server.RaftServerConfigKeys (ConfUtils.java:logGet(43)) - raft.server.log.statemachine.data.caching.enabled = true (custom)
2019-09-26 10:50:10,456 [pool-127-thread-1] INFO  segmented.SegmentedRaftLogWorker (SegmentedRaftLogWorker.java:lambda$new$0(132)) - d084370a-b4cb-43c6-bd03-156c72c6b0ec@group-B71F2D77D0B8-SegmentedRaftLogWorker: flushIndex: setUnconditionally 0 -> -1
2019-09-26 10:50:10,457 [pool-127-thread-1] INFO  server.RaftServerConfigKeys (ConfUtils.java:logGet(43)) - raft.server.snapshot.auto.trigger.enabled = true (custom)
2019-09-26 10:50:10,457 [pool-127-thread-1] INFO  server.RaftServerConfigKeys (ConfUtils.java:logGet(43)) - raft.server.snapshot.auto.trigger.threshold = 10000 (custom)
2019-09-26 10:50:10,457 [pool-127-thread-1] INFO  server.RaftServerConfigKeys (ConfUtils.java:logGet(43)) - raft.server.snapshot.retention.num.files = 5 (custom)
2019-09-26 10:50:10,457 [pool-127-thread-1] INFO  server.RaftServerConfigKeys (ConfUtils.java:logGet(43)) - raft.server.retrycache.expirytime = 600000ms (custom)
2019-09-26 10:50:10,459 [pool-127-thread-1] INFO  impl.RaftServerImpl (RaftServerImpl.java:start(185)) - d084370a-b4cb-43c6-bd03-156c72c6b0ec@group-B71F2D77D0B8: start as a follower, conf=-1: [d084370a-b4cb-43c6-bd03-156c72c6b0ec:192.168.30.13:45859], old=null
2019-09-26 10:50:10,460 [pool-127-thread-1] INFO  impl.RaftServerImpl (RaftServerImpl.java:setRole(174)) - d084370a-b4cb-43c6-bd03-156c72c6b0ec@group-B71F2D77D0B8: changes role from      null to FOLLOWER at term 0 for startAsFollower
2019-09-26 10:50:10,460 [pool-127-thread-1] INFO  impl.RoleInfo (RoleInfo.java:updateAndGet(143)) - d084370a-b4cb-43c6-bd03-156c72c6b0ec: start FollowerState
2019-09-26 10:50:10,460 [pool-127-thread-1] INFO  util.JmxRegister (JmxRegister.java:tryRegister(44)) - Successfully registered JMX Bean with object name Ratis:service=RaftServer,group=group-B71F2D77D0B8,id=d084370a-b4cb-43c6-bd03-156c72c6b0ec
2019-09-26 10:50:10,462 [IPC Server handler 3 on 37431] INFO  net.NetworkTopology (NetworkTopologyImpl.java:add(111)) - Added a new node: /default-rack/76999e15-3686-4d58-8030-6a34dfc59477
2019-09-26 10:50:10,462 [IPC Server handler 3 on 37431] INFO  node.SCMNodeManager (SCMNodeManager.java:register(266)) - Registered Data node : 76999e15-3686-4d58-8030-6a34dfc59477{ip: 192.168.30.13, host: pr-hdds-1569-wvzgm-824869521, networkLocation: /default-rack, certSerialId: null}
2019-09-26 10:50:10,466 [RatisPipelineUtilsThread] INFO  pipeline.PipelineStateManager (PipelineStateManager.java:addPipeline(56)) - Created pipeline Pipeline[ Id: 73bbc6d0-7e30-4231-8f73-b71f2d77d0b8, Nodes: d084370a-b4cb-43c6-bd03-156c72c6b0ec{ip: 192.168.30.13, host: pr-hdds-1569-wvzgm-824869521, networkLocation: /default-rack, certSerialId: null}, Type:RATIS, Factor:ONE, State:OPEN]
2019-09-26 10:50:10,476 [grpc-default-executor-0] INFO  impl.RaftServerProxy (RaftServerProxy.java:addNew(89)) - d084370a-b4cb-43c6-bd03-156c72c6b0ec: addNew group-3CD62F4976E1:[d084370a-b4cb-43c6-bd03-156c72c6b0ec:192.168.30.13:45859] returns group-3CD62F4976E1:java.util.concurrent.CompletableFuture@7053a896[Not completed]
2019-09-26 10:50:10,477 [pool-127-thread-1] INFO  impl.RaftServerImpl (RaftServerImpl.java:<init>(95)) - d084370a-b4cb-43c6-bd03-156c72c6b0ec: new RaftServerImpl for group-3CD62F4976E1:[d084370a-b4cb-43c6-bd03-156c72c6b0ec:192.168.30.13:45859] with ContainerStateMachine:uninitialized
2019-09-26 10:50:10,477 [pool-127-thread-1] INFO  server.RaftServerConfigKeys (ConfUtils.java:logGet(43)) - raft.server.rpc.timeout.min = 5s (custom)
2019-09-26 10:50:10,477 [pool-127-thread-1] INFO  server.RaftServerConfigKeys (ConfUtils.java:logGet(43)) - raft.server.rpc.timeout.max = 5200ms (custom)
2019-09-26 10:50:10,477 [pool-127-thread-1] INFO  server.RaftServerConfigKeys (ConfUtils.java:logGet(43)) - raft.server.rpcslowness.timeout = 120s (custom)
2019-09-26 10:50:10,478 [pool-127-thread-1] INFO  server.RaftServerConfigKeys (ConfUtils.java:logGet(43)) - raft.server.sleep.deviation.threshold = 300 (default)
2019-09-26 10:50:10,478 [pool-127-thread-1] INFO  server.RaftServerConfigKeys (ConfUtils.java:logGet(43)) - raft.server.log.appender.install.snapshot.enabled = false (custom)
2019-09-26 10:50:10,478 [pool-127-thread-1] INFO  impl.RaftServerImpl (ServerState.java:<init>(103)) - d084370a-b4cb-43c6-bd03-156c72c6b0ec@group-3CD62F4976E1: ConfigurationManager, init=-1: [d084370a-b4cb-43c6-bd03-156c72c6b0ec:192.168.30.13:45859], old=null, confs=<EMPTY_MAP>
2019-09-26 10:50:10,478 [pool-127-thread-1] INFO  server.RaftServerConfigKeys (ConfUtils.java:logGet(43)) - raft.server.storage.dir = [/workdir/hadoop-ozone/ozonefs/target/test-dir/MiniOzoneClusterImpl-c30abbcc-9270-495d-991f-83e55dc7fba6/datanode-0/data/ratis] (custom)
2019-09-26 10:50:10,478 [pool-127-thread-1] INFO  storage.RaftStorageDirectory (RaftStorageDirectory.java:analyzeStorage(246)) - The storage directory /workdir/hadoop-ozone/ozonefs/target/test-dir/MiniOzoneClusterImpl-c30abbcc-9270-495d-991f-83e55dc7fba6/datanode-0/data/ratis/acea3599-9ef2-404f-bcbb-3cd62f4976e1 does not exist. Creating ...
2019-09-26 10:50:10,491 [pool-127-thread-1] INFO  storage.RaftStorageDirectory (RaftStorageDirectory.java:tryLock(328)) - Lock on /workdir/hadoop-ozone/ozonefs/target/test-dir/MiniOzoneClusterImpl-c30abbcc-9270-495d-991f-83e55dc7fba6/datanode-0/data/ratis/acea3599-9ef2-404f-bcbb-3cd62f4976e1/in_use.lock acquired by nodename 25633@pr-hdds-1569-wvzgm-824869521
2019-09-26 10:50:10,504 [pool-127-thread-1] INFO  storage.RaftStorage (RaftStorage.java:format(72)) - Storage directory /workdir/hadoop-ozone/ozonefs/target/test-dir/MiniOzoneClusterImpl-c30abbcc-9270-495d-991f-83e55dc7fba6/datanode-0/data/ratis/acea3599-9ef2-404f-bcbb-3cd62f4976e1 has been successfully formatted.
2019-09-26 10:50:10,504 [pool-127-thread-1] INFO  ratis.ContainerStateMachine (ContainerStateMachine.java:loadSnapshot(230)) - group-3CD62F4976E1: The snapshot info is null. Setting the last applied indexto:(t:0, i:~)
2019-09-26 10:50:10,505 [pool-127-thread-1] INFO  server.RaftServerConfigKeys (ConfUtils.java:logGet(43)) - raft.server.notification.no-leader.timeout = 120s (custom)
2019-09-26 10:50:10,505 [pool-127-thread-1] INFO  server.RaftServerConfigKeys (ConfUtils.java:logGet(43)) - raft.server.log.use.memory = false (default)
2019-09-26 10:50:10,505 [pool-127-thread-1] INFO  server.RaftServerConfigKeys (ConfUtils.java:logGet(43)) - raft.server.log.purge.gap = 1000000 (custom)
2019-09-26 10:50:10,505 [pool-127-thread-1] INFO  server.RaftServerConfigKeys (ConfUtils.java:logGet(43)) - raft.server.log.appender.buffer.byte-limit = 33554432 (custom)
2019-09-26 10:50:10,505 [pool-127-thread-1] INFO  server.RaftServerConfigKeys (ConfUtils.java:logGet(43)) - raft.server.log.segment.size.max = 1048576 (custom)
2019-09-26 10:50:10,505 [pool-127-thread-1] INFO  server.RaftServerConfigKeys (ConfUtils.java:logGet(43)) - raft.server.log.segment.cache.num.max = 2 (custom)
2019-09-26 10:50:10,506 [pool-127-thread-1] INFO  segmented.SegmentedRaftLogWorker (SegmentedRaftLogWorker.java:<init>(172)) - new d084370a-b4cb-43c6-bd03-156c72c6b0ec@group-3CD62F4976E1-SegmentedRaftLogWorker for RaftStorage:Storage Directory /workdir/hadoop-ozone/ozonefs/target/test-dir/MiniOzoneClusterImpl-c30abbcc-9270-495d-991f-83e55dc7fba6/datanode-0/data/ratis/acea3599-9ef2-404f-bcbb-3cd62f4976e1
2019-09-26 10:50:10,506 [pool-127-thread-1] INFO  server.RaftServerConfigKeys (ConfUtils.java:logGet(43)) - raft.server.log.queue.byte-limit = 2147483647 (custom)
2019-09-26 10:50:10,506 [pool-127-thread-1] INFO  server.RaftServerConfigKeys (ConfUtils.java:logGet(43)) - raft.server.log.queue.element-limit = 1024 (custom)
2019-09-26 10:50:10,506 [pool-127-thread-1] INFO  server.RaftServerConfigKeys (ConfUtils.java:logGet(43)) - raft.server.log.segment.size.max = 1048576 (custom)
2019-09-26 10:50:10,506 [pool-127-thread-1] INFO  server.RaftServerConfigKeys (ConfUtils.java:logGet(43)) - raft.server.log.preallocated.size = 16384 (custom)
2019-09-26 10:50:10,506 [pool-127-thread-1] INFO  server.RaftServerConfigKeys (ConfUtils.java:logGet(43)) - raft.server.log.write.buffer.size = 33554432 (custom)
2019-09-26 10:50:10,506 [pool-127-thread-1] INFO  server.RaftServerConfigKeys (ConfUtils.java:logGet(43)) - raft.server.log.force.sync.num = 128 (default)
2019-09-26 10:50:10,507 [pool-127-thread-1] INFO  server.RaftServerConfigKeys (ConfUtils.java:logGet(43)) - raft.server.log.statemachine.data.sync = true (default)
2019-09-26 10:50:10,507 [pool-127-thread-1] INFO  server.RaftServerConfigKeys (ConfUtils.java:logGet(43)) - raft.server.log.statemachine.data.sync.timeout = 10s (default)
2019-09-26 10:50:10,507 [pool-127-thread-1] INFO  server.RaftServerConfigKeys (ConfUtils.java:logGet(43)) - raft.server.log.statemachine.data.sync.timeout.retry = -1 (default)
2019-09-26 10:50:10,507 [pool-127-thread-1] INFO  server.RaftServerConfigKeys (ConfUtils.java:logGet(43)) - raft.server.log.statemachine.data.caching.enabled = true (custom)
2019-09-26 10:50:10,508 [pool-127-thread-1] INFO  segmented.SegmentedRaftLogWorker (SegmentedRaftLogWorker.java:lambda$new$0(132)) - d084370a-b4cb-43c6-bd03-156c72c6b0ec@group-3CD62F4976E1-SegmentedRaftLogWorker: flushIndex: setUnconditionally 0 -> -1
2019-09-26 10:50:10,508 [pool-127-thread-1] INFO  server.RaftServerConfigKeys (ConfUtils.java:logGet(43)) - raft.server.snapshot.auto.trigger.enabled = true (custom)
2019-09-26 10:50:10,509 [pool-127-thread-1] INFO  server.RaftServerConfigKeys (ConfUtils.java:logGet(43)) - raft.server.snapshot.auto.trigger.threshold = 10000 (custom)
2019-09-26 10:50:10,509 [pool-127-thread-1] INFO  server.RaftServerConfigKeys (ConfUtils.java:logGet(43)) - raft.server.snapshot.retention.num.files = 5 (custom)
2019-09-26 10:50:10,509 [pool-127-thread-1] INFO  server.RaftServerConfigKeys (ConfUtils.java:logGet(43)) - raft.server.retrycache.expirytime = 600000ms (custom)
2019-09-26 10:50:10,512 [pool-127-thread-1] INFO  impl.RaftServerImpl (RaftServerImpl.java:start(185)) - d084370a-b4cb-43c6-bd03-156c72c6b0ec@group-3CD62F4976E1: start as a follower, conf=-1: [d084370a-b4cb-43c6-bd03-156c72c6b0ec:192.168.30.13:45859], old=null
2019-09-26 10:50:10,512 [pool-127-thread-1] INFO  impl.RaftServerImpl (RaftServerImpl.java:setRole(174)) - d084370a-b4cb-43c6-bd03-156c72c6b0ec@group-3CD62F4976E1: changes role from      null to FOLLOWER at term 0 for startAsFollower
2019-09-26 10:50:10,512 [pool-127-thread-1] INFO  impl.RoleInfo (RoleInfo.java:updateAndGet(143)) - d084370a-b4cb-43c6-bd03-156c72c6b0ec: start FollowerState
2019-09-26 10:50:10,513 [pool-127-thread-1] INFO  util.JmxRegister (JmxRegister.java:tryRegister(44)) - Successfully registered JMX Bean with object name Ratis:service=RaftServer,group=group-3CD62F4976E1,id=d084370a-b4cb-43c6-bd03-156c72c6b0ec
2019-09-26 10:50:10,518 [RatisPipelineUtilsThread] INFO  pipeline.PipelineStateManager (PipelineStateManager.java:addPipeline(56)) - Created pipeline Pipeline[ Id: acea3599-9ef2-404f-bcbb-3cd62f4976e1, Nodes: d084370a-b4cb-43c6-bd03-156c72c6b0ec{ip: 192.168.30.13, host: pr-hdds-1569-wvzgm-824869521, networkLocation: /default-rack, certSerialId: null}, Type:RATIS, Factor:ONE, State:OPEN]
2019-09-26 10:50:10,532 [grpc-default-executor-0] INFO  impl.RaftServerProxy (RaftServerProxy.java:addNew(89)) - d084370a-b4cb-43c6-bd03-156c72c6b0ec: addNew group-4E6BFE0C22CF:[d084370a-b4cb-43c6-bd03-156c72c6b0ec:192.168.30.13:45859] returns group-4E6BFE0C22CF:java.util.concurrent.CompletableFuture@21f731ce[Not completed]
2019-09-26 10:50:10,534 [pool-127-thread-1] INFO  impl.RaftServerImpl (RaftServerImpl.java:<init>(95)) - d084370a-b4cb-43c6-bd03-156c72c6b0ec: new RaftServerImpl for group-4E6BFE0C22CF:[d084370a-b4cb-43c6-bd03-156c72c6b0ec:192.168.30.13:45859] with ContainerStateMachine:uninitialized
2019-09-26 10:50:10,534 [Thread-543] INFO  ozone.MiniOzoneClusterImpl (MiniOzoneClusterImpl.java:lambda$waitForClusterToBeReady$0(147)) - Waiting for cluster to be ready. Got 2 of 3 DN Heartbeats.
2019-09-26 10:50:10,534 [pool-127-thread-1] INFO  server.RaftServerConfigKeys (ConfUtils.java:logGet(43)) - raft.server.rpc.timeout.min = 5s (custom)
2019-09-26 10:50:10,534 [pool-127-thread-1] INFO  server.RaftServerConfigKeys (ConfUtils.java:logGet(43)) - raft.server.rpc.timeout.max = 5200ms (custom)
2019-09-26 10:50:10,534 [pool-127-thread-1] INFO  server.RaftServerConfigKeys (ConfUtils.java:logGet(43)) - raft.server.rpcslowness.timeout = 120s (custom)
2019-09-26 10:50:10,534 [pool-127-thread-1] INFO  server.RaftServerConfigKeys (ConfUtils.java:logGet(43)) - raft.server.sleep.deviation.threshold = 300 (default)
2019-09-26 10:50:10,535 [pool-127-thread-1] INFO  server.RaftServerConfigKeys (ConfUtils.java:logGet(43)) - raft.server.log.appender.install.snapshot.enabled = false (custom)
2019-09-26 10:50:10,535 [pool-127-thread-1] INFO  impl.RaftServerImpl (ServerState.java:<init>(103)) - d084370a-b4cb-43c6-bd03-156c72c6b0ec@group-4E6BFE0C22CF: ConfigurationManager, init=-1: [d084370a-b4cb-43c6-bd03-156c72c6b0ec:192.168.30.13:45859], old=null, confs=<EMPTY_MAP>
2019-09-26 10:50:10,535 [pool-127-thread-1] INFO  server.RaftServerConfigKeys (ConfUtils.java:logGet(43)) - raft.server.storage.dir = [/workdir/hadoop-ozone/ozonefs/target/test-dir/MiniOzoneClusterImpl-c30abbcc-9270-495d-991f-83e55dc7fba6/datanode-0/data/ratis] (custom)
2019-09-26 10:50:10,535 [IPC Server handler 2 on 37431] INFO  net.NetworkTopology (NetworkTopologyImpl.java:add(111)) - Added a new node: /default-rack/ba528854-06f2-48b1-90e3-e0173cc2f66a
2019-09-26 10:50:10,536 [IPC Server handler 2 on 37431] INFO  node.SCMNodeManager (SCMNodeManager.java:register(266)) - Registered Data node : ba528854-06f2-48b1-90e3-e0173cc2f66a{ip: 192.168.30.13, host: pr-hdds-1569-wvzgm-824869521, networkLocation: /default-rack, certSerialId: null}
2019-09-26 10:50:10,536 [pool-127-thread-1] INFO  storage.RaftStorageDirectory (RaftStorageDirectory.java:analyzeStorage(246)) - The storage directory /workdir/hadoop-ozone/ozonefs/target/test-dir/MiniOzoneClusterImpl-c30abbcc-9270-495d-991f-83e55dc7fba6/datanode-0/data/ratis/24114a6e-f233-4bb3-a9b7-4e6bfe0c22cf does not exist. Creating ...
2019-09-26 10:50:10,549 [pool-127-thread-1] INFO  storage.RaftStorageDirectory (RaftStorageDirectory.java:tryLock(328)) - Lock on /workdir/hadoop-ozone/ozonefs/target/test-dir/MiniOzoneClusterImpl-c30abbcc-9270-495d-991f-83e55dc7fba6/datanode-0/data/ratis/24114a6e-f233-4bb3-a9b7-4e6bfe0c22cf/in_use.lock acquired by nodename 25633@pr-hdds-1569-wvzgm-824869521
2019-09-26 10:50:10,575 [pool-127-thread-1] INFO  storage.RaftStorage (RaftStorage.java:format(72)) - Storage directory /workdir/hadoop-ozone/ozonefs/target/test-dir/MiniOzoneClusterImpl-c30abbcc-9270-495d-991f-83e55dc7fba6/datanode-0/data/ratis/24114a6e-f233-4bb3-a9b7-4e6bfe0c22cf has been successfully formatted.
2019-09-26 10:50:10,576 [pool-127-thread-1] INFO  ratis.ContainerStateMachine (ContainerStateMachine.java:loadSnapshot(230)) - group-4E6BFE0C22CF: The snapshot info is null. Setting the last applied indexto:(t:0, i:~)
2019-09-26 10:50:10,576 [pool-127-thread-1] INFO  server.RaftServerConfigKeys (ConfUtils.java:logGet(43)) - raft.server.notification.no-leader.timeout = 120s (custom)
2019-09-26 10:50:10,576 [pool-127-thread-1] INFO  server.RaftServerConfigKeys (ConfUtils.java:logGet(43)) - raft.server.log.use.memory = false (default)
2019-09-26 10:50:10,576 [pool-127-thread-1] INFO  server.RaftServerConfigKeys (ConfUtils.java:logGet(43)) - raft.server.log.purge.gap = 1000000 (custom)
2019-09-26 10:50:10,576 [pool-127-thread-1] INFO  server.RaftServerConfigKeys (ConfUtils.java:logGet(43)) - raft.server.log.appender.buffer.byte-limit = 33554432 (custom)
2019-09-26 10:50:10,576 [pool-127-thread-1] INFO  server.RaftServerConfigKeys (ConfUtils.java:logGet(43)) - raft.server.log.segment.size.max = 1048576 (custom)
2019-09-26 10:50:10,577 [pool-127-thread-1] INFO  server.RaftServerConfigKeys (ConfUtils.java:logGet(43)) - raft.server.log.segment.cache.num.max = 2 (custom)
2019-09-26 10:50:10,577 [pool-127-thread-1] INFO  segmented.SegmentedRaftLogWorker (SegmentedRaftLogWorker.java:<init>(172)) - new d084370a-b4cb-43c6-bd03-156c72c6b0ec@group-4E6BFE0C22CF-SegmentedRaftLogWorker for RaftStorage:Storage Directory /workdir/hadoop-ozone/ozonefs/target/test-dir/MiniOzoneClusterImpl-c30abbcc-9270-495d-991f-83e55dc7fba6/datanode-0/data/ratis/24114a6e-f233-4bb3-a9b7-4e6bfe0c22cf
2019-09-26 10:50:10,577 [pool-127-thread-1] INFO  server.RaftServerConfigKeys (ConfUtils.java:logGet(43)) - raft.server.log.queue.byte-limit = 2147483647 (custom)
2019-09-26 10:50:10,577 [pool-127-thread-1] INFO  server.RaftServerConfigKeys (ConfUtils.java:logGet(43)) - raft.server.log.queue.element-limit = 1024 (custom)
2019-09-26 10:50:10,577 [pool-127-thread-1] INFO  server.RaftServerConfigKeys (ConfUtils.java:logGet(43)) - raft.server.log.segment.size.max = 1048576 (custom)
2019-09-26 10:50:10,577 [pool-127-thread-1] INFO  server.RaftServerConfigKeys (ConfUtils.java:logGet(43)) - raft.server.log.preallocated.size = 16384 (custom)
2019-09-26 10:50:10,578 [pool-127-thread-1] INFO  server.RaftServerConfigKeys (ConfUtils.java:logGet(43)) - raft.server.log.write.buffer.size = 33554432 (custom)
2019-09-26 10:50:10,578 [pool-127-thread-1] INFO  server.RaftServerConfigKeys (ConfUtils.java:logGet(43)) - raft.server.log.force.sync.num = 128 (default)
2019-09-26 10:50:10,578 [pool-127-thread-1] INFO  server.RaftServerConfigKeys (ConfUtils.java:logGet(43)) - raft.server.log.statemachine.data.sync = true (default)
2019-09-26 10:50:10,578 [pool-127-thread-1] INFO  server.RaftServerConfigKeys (ConfUtils.java:logGet(43)) - raft.server.log.statemachine.data.sync.timeout = 10s (default)
2019-09-26 10:50:10,578 [pool-127-thread-1] INFO  server.RaftServerConfigKeys (ConfUtils.java:logGet(43)) - raft.server.log.statemachine.data.sync.timeout.retry = -1 (default)
2019-09-26 10:50:10,578 [pool-127-thread-1] INFO  server.RaftServerConfigKeys (ConfUtils.java:logGet(43)) - raft.server.log.statemachine.data.caching.enabled = true (custom)
2019-09-26 10:50:10,579 [pool-127-thread-1] INFO  segmented.SegmentedRaftLogWorker (SegmentedRaftLogWorker.java:lambda$new$0(132)) - d084370a-b4cb-43c6-bd03-156c72c6b0ec@group-4E6BFE0C22CF-SegmentedRaftLogWorker: flushIndex: setUnconditionally 0 -> -1
2019-09-26 10:50:10,579 [pool-127-thread-1] INFO  server.RaftServerConfigKeys (ConfUtils.java:logGet(43)) - raft.server.snapshot.auto.trigger.enabled = true (custom)
2019-09-26 10:50:10,579 [pool-127-thread-1] INFO  server.RaftServerConfigKeys (ConfUtils.java:logGet(43)) - raft.server.snapshot.auto.trigger.threshold = 10000 (custom)
2019-09-26 10:50:10,580 [pool-127-thread-1] INFO  server.RaftServerConfigKeys (ConfUtils.java:logGet(43)) - raft.server.snapshot.retention.num.files = 5 (custom)
2019-09-26 10:50:10,580 [pool-127-thread-1] INFO  server.RaftServerConfigKeys (ConfUtils.java:logGet(43)) - raft.server.retrycache.expirytime = 600000ms (custom)
2019-09-26 10:50:10,582 [pool-127-thread-1] INFO  impl.RaftServerImpl (RaftServerImpl.java:start(185)) - d084370a-b4cb-43c6-bd03-156c72c6b0ec@group-4E6BFE0C22CF: start as a follower, conf=-1: [d084370a-b4cb-43c6-bd03-156c72c6b0ec:192.168.30.13:45859], old=null
2019-09-26 10:50:10,583 [pool-127-thread-1] INFO  impl.RaftServerImpl (RaftServerImpl.java:setRole(174)) - d084370a-b4cb-43c6-bd03-156c72c6b0ec@group-4E6BFE0C22CF: changes role from      null to FOLLOWER at term 0 for startAsFollower
2019-09-26 10:50:10,583 [pool-127-thread-1] INFO  impl.RoleInfo (RoleInfo.java:updateAndGet(143)) - d084370a-b4cb-43c6-bd03-156c72c6b0ec: start FollowerState
2019-09-26 10:50:10,583 [pool-127-thread-1] INFO  util.JmxRegister (JmxRegister.java:tryRegister(44)) - Successfully registered JMX Bean with object name Ratis:service=RaftServer,group=group-4E6BFE0C22CF,id=d084370a-b4cb-43c6-bd03-156c72c6b0ec
2019-09-26 10:50:10,589 [RatisPipelineUtilsThread] INFO  pipeline.PipelineStateManager (PipelineStateManager.java:addPipeline(56)) - Created pipeline Pipeline[ Id: 24114a6e-f233-4bb3-a9b7-4e6bfe0c22cf, Nodes: d084370a-b4cb-43c6-bd03-156c72c6b0ec{ip: 192.168.30.13, host: pr-hdds-1569-wvzgm-824869521, networkLocation: /default-rack, certSerialId: null}, Type:RATIS, Factor:ONE, State:OPEN]
2019-09-26 10:50:10,610 [grpc-default-executor-0] INFO  impl.RaftServerProxy (RaftServerProxy.java:addNew(89)) - ba528854-06f2-48b1-90e3-e0173cc2f66a: addNew group-248DD322E437:[ba528854-06f2-48b1-90e3-e0173cc2f66a:192.168.30.13:45540] returns group-248DD322E437:java.util.concurrent.CompletableFuture@3d5853ac[Not completed]
2019-09-26 10:50:10,612 [pool-147-thread-1] INFO  impl.RaftServerImpl (RaftServerImpl.java:<init>(95)) - ba528854-06f2-48b1-90e3-e0173cc2f66a: new RaftServerImpl for group-248DD322E437:[ba528854-06f2-48b1-90e3-e0173cc2f66a:192.168.30.13:45540] with ContainerStateMachine:uninitialized
2019-09-26 10:50:10,612 [pool-147-thread-1] INFO  server.RaftServerConfigKeys (ConfUtils.java:logGet(43)) - raft.server.rpc.timeout.min = 5s (custom)
2019-09-26 10:50:10,612 [pool-147-thread-1] INFO  server.RaftServerConfigKeys (ConfUtils.java:logGet(43)) - raft.server.rpc.timeout.max = 5200ms (custom)
2019-09-26 10:50:10,612 [pool-147-thread-1] INFO  server.RaftServerConfigKeys (ConfUtils.java:logGet(43)) - raft.server.rpcslowness.timeout = 120s (custom)
2019-09-26 10:50:10,612 [pool-147-thread-1] INFO  server.RaftServerConfigKeys (ConfUtils.java:logGet(43)) - raft.server.sleep.deviation.threshold = 300 (default)
2019-09-26 10:50:10,612 [pool-147-thread-1] INFO  server.RaftServerConfigKeys (ConfUtils.java:logGet(43)) - raft.server.log.appender.install.snapshot.enabled = false (custom)
2019-09-26 10:50:10,612 [pool-147-thread-1] INFO  impl.RaftServerImpl (ServerState.java:<init>(103)) - ba528854-06f2-48b1-90e3-e0173cc2f66a@group-248DD322E437: ConfigurationManager, init=-1: [ba528854-06f2-48b1-90e3-e0173cc2f66a:192.168.30.13:45540], old=null, confs=<EMPTY_MAP>
2019-09-26 10:50:10,613 [pool-147-thread-1] INFO  server.RaftServerConfigKeys (ConfUtils.java:logGet(43)) - raft.server.storage.dir = [/workdir/hadoop-ozone/ozonefs/target/test-dir/MiniOzoneClusterImpl-c30abbcc-9270-495d-991f-83e55dc7fba6/datanode-2/data/ratis] (custom)
2019-09-26 10:50:10,613 [pool-147-thread-1] INFO  storage.RaftStorageDirectory (RaftStorageDirectory.java:analyzeStorage(246)) - The storage directory /workdir/hadoop-ozone/ozonefs/target/test-dir/MiniOzoneClusterImpl-c30abbcc-9270-495d-991f-83e55dc7fba6/datanode-2/data/ratis/94a707b6-4a3f-4537-a072-248dd322e437 does not exist. Creating ...
2019-09-26 10:50:10,625 [pool-147-thread-1] INFO  storage.RaftStorageDirectory (RaftStorageDirectory.java:tryLock(328)) - Lock on /workdir/hadoop-ozone/ozonefs/target/test-dir/MiniOzoneClusterImpl-c30abbcc-9270-495d-991f-83e55dc7fba6/datanode-2/data/ratis/94a707b6-4a3f-4537-a072-248dd322e437/in_use.lock acquired by nodename 25633@pr-hdds-1569-wvzgm-824869521
2019-09-26 10:50:10,638 [pool-147-thread-1] INFO  storage.RaftStorage (RaftStorage.java:format(72)) - Storage directory /workdir/hadoop-ozone/ozonefs/target/test-dir/MiniOzoneClusterImpl-c30abbcc-9270-495d-991f-83e55dc7fba6/datanode-2/data/ratis/94a707b6-4a3f-4537-a072-248dd322e437 has been successfully formatted.
2019-09-26 10:50:10,639 [pool-147-thread-1] INFO  ratis.ContainerStateMachine (ContainerStateMachine.java:loadSnapshot(230)) - group-248DD322E437: The snapshot info is null. Setting the last applied indexto:(t:0, i:~)
2019-09-26 10:50:10,639 [pool-147-thread-1] INFO  server.RaftServerConfigKeys (ConfUtils.java:logGet(43)) - raft.server.notification.no-leader.timeout = 120s (custom)
2019-09-26 10:50:10,639 [pool-147-thread-1] INFO  server.RaftServerConfigKeys (ConfUtils.java:logGet(43)) - raft.server.log.use.memory = false (default)
2019-09-26 10:50:10,639 [pool-147-thread-1] INFO  server.RaftServerConfigKeys (ConfUtils.java:logGet(43)) - raft.server.log.purge.gap = 1000000 (custom)
2019-09-26 10:50:10,639 [pool-147-thread-1] INFO  server.RaftServerConfigKeys (ConfUtils.java:logGet(43)) - raft.server.log.appender.buffer.byte-limit = 33554432 (custom)
2019-09-26 10:50:10,639 [pool-147-thread-1] INFO  server.RaftServerConfigKeys (ConfUtils.java:logGet(43)) - raft.server.log.segment.size.max = 1048576 (custom)
2019-09-26 10:50:10,640 [pool-147-thread-1] INFO  server.RaftServerConfigKeys (ConfUtils.java:logGet(43)) - raft.server.log.segment.cache.num.max = 2 (custom)
2019-09-26 10:50:10,640 [pool-147-thread-1] INFO  segmented.SegmentedRaftLogWorker (SegmentedRaftLogWorker.java:<init>(172)) - new ba528854-06f2-48b1-90e3-e0173cc2f66a@group-248DD322E437-SegmentedRaftLogWorker for RaftStorage:Storage Directory /workdir/hadoop-ozone/ozonefs/target/test-dir/MiniOzoneClusterImpl-c30abbcc-9270-495d-991f-83e55dc7fba6/datanode-2/data/ratis/94a707b6-4a3f-4537-a072-248dd322e437
2019-09-26 10:50:10,642 [pool-147-thread-1] INFO  server.RaftServerConfigKeys (ConfUtils.java:logGet(43)) - raft.server.log.queue.byte-limit = 2147483647 (custom)
2019-09-26 10:50:10,642 [pool-147-thread-1] INFO  server.RaftServerConfigKeys (ConfUtils.java:logGet(43)) - raft.server.log.queue.element-limit = 1024 (custom)
2019-09-26 10:50:10,642 [pool-147-thread-1] INFO  server.RaftServerConfigKeys (ConfUtils.java:logGet(43)) - raft.server.log.segment.size.max = 1048576 (custom)
2019-09-26 10:50:10,642 [pool-147-thread-1] INFO  server.RaftServerConfigKeys (ConfUtils.java:logGet(43)) - raft.server.log.preallocated.size = 16384 (custom)
2019-09-26 10:50:10,643 [pool-147-thread-1] INFO  server.RaftServerConfigKeys (ConfUtils.java:logGet(43)) - raft.server.log.write.buffer.size = 33554432 (custom)
2019-09-26 10:50:10,643 [pool-147-thread-1] INFO  server.RaftServerConfigKeys (ConfUtils.java:logGet(43)) - raft.server.log.force.sync.num = 128 (default)
2019-09-26 10:50:10,643 [pool-147-thread-1] INFO  server.RaftServerConfigKeys (ConfUtils.java:logGet(43)) - raft.server.log.statemachine.data.sync = true (default)
2019-09-26 10:50:10,643 [pool-147-thread-1] INFO  server.RaftServerConfigKeys (ConfUtils.java:logGet(43)) - raft.server.log.statemachine.data.sync.timeout = 10s (default)
2019-09-26 10:50:10,643 [pool-147-thread-1] INFO  server.RaftServerConfigKeys (ConfUtils.java:logGet(43)) - raft.server.log.statemachine.data.sync.timeout.retry = -1 (default)
2019-09-26 10:50:10,643 [pool-147-thread-1] INFO  server.RaftServerConfigKeys (ConfUtils.java:logGet(43)) - raft.server.log.statemachine.data.caching.enabled = true (custom)
2019-09-26 10:50:10,644 [pool-147-thread-1] INFO  segmented.SegmentedRaftLogWorker (SegmentedRaftLogWorker.java:lambda$new$0(132)) - ba528854-06f2-48b1-90e3-e0173cc2f66a@group-248DD322E437-SegmentedRaftLogWorker: flushIndex: setUnconditionally 0 -> -1
2019-09-26 10:50:10,644 [pool-147-thread-1] INFO  server.RaftServerConfigKeys (ConfUtils.java:logGet(43)) - raft.server.snapshot.auto.trigger.enabled = true (custom)
2019-09-26 10:50:10,644 [pool-147-thread-1] INFO  server.RaftServerConfigKeys (ConfUtils.java:logGet(43)) - raft.server.snapshot.auto.trigger.threshold = 10000 (custom)
2019-09-26 10:50:10,644 [pool-147-thread-1] INFO  server.RaftServerConfigKeys (ConfUtils.java:logGet(43)) - raft.server.snapshot.retention.num.files = 5 (custom)
2019-09-26 10:50:10,644 [pool-147-thread-1] INFO  server.RaftServerConfigKeys (ConfUtils.java:logGet(43)) - raft.server.retrycache.expirytime = 600000ms (custom)
2019-09-26 10:50:10,646 [pool-147-thread-1] INFO  impl.RaftServerImpl (RaftServerImpl.java:start(185)) - ba528854-06f2-48b1-90e3-e0173cc2f66a@group-248DD322E437: start as a follower, conf=-1: [ba528854-06f2-48b1-90e3-e0173cc2f66a:192.168.30.13:45540], old=null
2019-09-26 10:50:10,647 [pool-147-thread-1] INFO  impl.RaftServerImpl (RaftServerImpl.java:setRole(174)) - ba528854-06f2-48b1-90e3-e0173cc2f66a@group-248DD322E437: changes role from      null to FOLLOWER at term 0 for startAsFollower
2019-09-26 10:50:10,647 [pool-147-thread-1] INFO  impl.RoleInfo (RoleInfo.java:updateAndGet(143)) - ba528854-06f2-48b1-90e3-e0173cc2f66a: start FollowerState
2019-09-26 10:50:10,653 [pool-147-thread-1] INFO  util.JmxRegister (JmxRegister.java:tryRegister(44)) - Successfully registered JMX Bean with object name Ratis:service=RaftServer,group=group-248DD322E437,id=ba528854-06f2-48b1-90e3-e0173cc2f66a
2019-09-26 10:50:10,666 [RatisPipelineUtilsThread] INFO  pipeline.PipelineStateManager (PipelineStateManager.java:addPipeline(56)) - Created pipeline Pipeline[ Id: 94a707b6-4a3f-4537-a072-248dd322e437, Nodes: ba528854-06f2-48b1-90e3-e0173cc2f66a{ip: 192.168.30.13, host: pr-hdds-1569-wvzgm-824869521, networkLocation: /default-rack, certSerialId: null}, Type:RATIS, Factor:ONE, State:OPEN]
2019-09-26 10:50:10,674 [grpc-default-executor-0] INFO  impl.RaftServerProxy (RaftServerProxy.java:addNew(89)) - 76999e15-3686-4d58-8030-6a34dfc59477: addNew group-A319BC71595E:[76999e15-3686-4d58-8030-6a34dfc59477:192.168.30.13:33067] returns group-A319BC71595E:java.util.concurrent.CompletableFuture@18164111[Not completed]
2019-09-26 10:50:10,676 [pool-137-thread-1] INFO  impl.RaftServerImpl (RaftServerImpl.java:<init>(95)) - 76999e15-3686-4d58-8030-6a34dfc59477: new RaftServerImpl for group-A319BC71595E:[76999e15-3686-4d58-8030-6a34dfc59477:192.168.30.13:33067] with ContainerStateMachine:uninitialized
2019-09-26 10:50:10,676 [pool-137-thread-1] INFO  server.RaftServerConfigKeys (ConfUtils.java:logGet(43)) - raft.server.rpc.timeout.min = 5s (custom)
2019-09-26 10:50:10,676 [pool-137-thread-1] INFO  server.RaftServerConfigKeys (ConfUtils.java:logGet(43)) - raft.server.rpc.timeout.max = 5200ms (custom)
2019-09-26 10:50:10,676 [pool-137-thread-1] INFO  server.RaftServerConfigKeys (ConfUtils.java:logGet(43)) - raft.server.rpcslowness.timeout = 120s (custom)
2019-09-26 10:50:10,676 [pool-137-thread-1] INFO  server.RaftServerConfigKeys (ConfUtils.java:logGet(43)) - raft.server.sleep.deviation.threshold = 300 (default)
2019-09-26 10:50:10,676 [pool-137-thread-1] INFO  server.RaftServerConfigKeys (ConfUtils.java:logGet(43)) - raft.server.log.appender.install.snapshot.enabled = false (custom)
2019-09-26 10:50:10,676 [pool-137-thread-1] INFO  impl.RaftServerImpl (ServerState.java:<init>(103)) - 76999e15-3686-4d58-8030-6a34dfc59477@group-A319BC71595E: ConfigurationManager, init=-1: [76999e15-3686-4d58-8030-6a34dfc59477:192.168.30.13:33067], old=null, confs=<EMPTY_MAP>
2019-09-26 10:50:10,676 [pool-137-thread-1] INFO  server.RaftServerConfigKeys (ConfUtils.java:logGet(43)) - raft.server.storage.dir = [/workdir/hadoop-ozone/ozonefs/target/test-dir/MiniOzoneClusterImpl-c30abbcc-9270-495d-991f-83e55dc7fba6/datanode-1/data/ratis] (custom)
2019-09-26 10:50:10,678 [pool-137-thread-1] INFO  storage.RaftStorageDirectory (RaftStorageDirectory.java:analyzeStorage(246)) - The storage directory /workdir/hadoop-ozone/ozonefs/target/test-dir/MiniOzoneClusterImpl-c30abbcc-9270-495d-991f-83e55dc7fba6/datanode-1/data/ratis/16ea1aa3-b945-4c32-b031-a319bc71595e does not exist. Creating ...
2019-09-26 10:50:10,690 [pool-137-thread-1] INFO  storage.RaftStorageDirectory (RaftStorageDirectory.java:tryLock(328)) - Lock on /workdir/hadoop-ozone/ozonefs/target/test-dir/MiniOzoneClusterImpl-c30abbcc-9270-495d-991f-83e55dc7fba6/datanode-1/data/ratis/16ea1aa3-b945-4c32-b031-a319bc71595e/in_use.lock acquired by nodename 25633@pr-hdds-1569-wvzgm-824869521
2019-09-26 10:50:10,715 [pool-137-thread-1] INFO  storage.RaftStorage (RaftStorage.java:format(72)) - Storage directory /workdir/hadoop-ozone/ozonefs/target/test-dir/MiniOzoneClusterImpl-c30abbcc-9270-495d-991f-83e55dc7fba6/datanode-1/data/ratis/16ea1aa3-b945-4c32-b031-a319bc71595e has been successfully formatted.
2019-09-26 10:50:10,716 [pool-137-thread-1] INFO  ratis.ContainerStateMachine (ContainerStateMachine.java:loadSnapshot(230)) - group-A319BC71595E: The snapshot info is null. Setting the last applied indexto:(t:0, i:~)
2019-09-26 10:50:10,716 [pool-137-thread-1] INFO  server.RaftServerConfigKeys (ConfUtils.java:logGet(43)) - raft.server.notification.no-leader.timeout = 120s (custom)
2019-09-26 10:50:10,716 [pool-137-thread-1] INFO  server.RaftServerConfigKeys (ConfUtils.java:logGet(43)) - raft.server.log.use.memory = false (default)
2019-09-26 10:50:10,716 [pool-137-thread-1] INFO  server.RaftServerConfigKeys (ConfUtils.java:logGet(43)) - raft.server.log.purge.gap = 1000000 (custom)
2019-09-26 10:50:10,716 [pool-137-thread-1] INFO  server.RaftServerConfigKeys (ConfUtils.java:logGet(43)) - raft.server.log.appender.buffer.byte-limit = 33554432 (custom)
2019-09-26 10:50:10,716 [pool-137-thread-1] INFO  server.RaftServerConfigKeys (ConfUtils.java:logGet(43)) - raft.server.log.segment.size.max = 1048576 (custom)
2019-09-26 10:50:10,716 [pool-137-thread-1] INFO  server.RaftServerConfigKeys (ConfUtils.java:logGet(43)) - raft.server.log.segment.cache.num.max = 2 (custom)
2019-09-26 10:50:10,717 [pool-137-thread-1] INFO  segmented.SegmentedRaftLogWorker (SegmentedRaftLogWorker.java:<init>(172)) - new 76999e15-3686-4d58-8030-6a34dfc59477@group-A319BC71595E-SegmentedRaftLogWorker for RaftStorage:Storage Directory /workdir/hadoop-ozone/ozonefs/target/test-dir/MiniOzoneClusterImpl-c30abbcc-9270-495d-991f-83e55dc7fba6/datanode-1/data/ratis/16ea1aa3-b945-4c32-b031-a319bc71595e
2019-09-26 10:50:10,718 [pool-137-thread-1] INFO  server.RaftServerConfigKeys (ConfUtils.java:logGet(43)) - raft.server.log.queue.byte-limit = 2147483647 (custom)
2019-09-26 10:50:10,719 [pool-137-thread-1] INFO  server.RaftServerConfigKeys (ConfUtils.java:logGet(43)) - raft.server.log.queue.element-limit = 1024 (custom)
2019-09-26 10:50:10,719 [pool-137-thread-1] INFO  server.RaftServerConfigKeys (ConfUtils.java:logGet(43)) - raft.server.log.segment.size.max = 1048576 (custom)
2019-09-26 10:50:10,719 [pool-137-thread-1] INFO  server.RaftServerConfigKeys (ConfUtils.java:logGet(43)) - raft.server.log.preallocated.size = 16384 (custom)
2019-09-26 10:50:10,719 [pool-137-thread-1] INFO  server.RaftServerConfigKeys (ConfUtils.java:logGet(43)) - raft.server.log.write.buffer.size = 33554432 (custom)
2019-09-26 10:50:10,719 [pool-137-thread-1] INFO  server.RaftServerConfigKeys (ConfUtils.java:logGet(43)) - raft.server.log.force.sync.num = 128 (default)
2019-09-26 10:50:10,719 [pool-137-thread-1] INFO  server.RaftServerConfigKeys (ConfUtils.java:logGet(43)) - raft.server.log.statemachine.data.sync = true (default)
2019-09-26 10:50:10,719 [pool-137-thread-1] INFO  server.RaftServerConfigKeys (ConfUtils.java:logGet(43)) - raft.server.log.statemachine.data.sync.timeout = 10s (default)
2019-09-26 10:50:10,719 [pool-137-thread-1] INFO  server.RaftServerConfigKeys (ConfUtils.java:logGet(43)) - raft.server.log.statemachine.data.sync.timeout.retry = -1 (default)
2019-09-26 10:50:10,720 [pool-137-thread-1] INFO  server.RaftServerConfigKeys (ConfUtils.java:logGet(43)) - raft.server.log.statemachine.data.caching.enabled = true (custom)
2019-09-26 10:50:10,720 [pool-137-thread-1] INFO  segmented.SegmentedRaftLogWorker (SegmentedRaftLogWorker.java:lambda$new$0(132)) - 76999e15-3686-4d58-8030-6a34dfc59477@group-A319BC71595E-SegmentedRaftLogWorker: flushIndex: setUnconditionally 0 -> -1
2019-09-26 10:50:10,720 [pool-137-thread-1] INFO  server.RaftServerConfigKeys (ConfUtils.java:logGet(43)) - raft.server.snapshot.auto.trigger.enabled = true (custom)
2019-09-26 10:50:10,720 [pool-137-thread-1] INFO  server.RaftServerConfigKeys (ConfUtils.java:logGet(43)) - raft.server.snapshot.auto.trigger.threshold = 10000 (custom)
2019-09-26 10:50:10,720 [pool-137-thread-1] INFO  server.RaftServerConfigKeys (ConfUtils.java:logGet(43)) - raft.server.snapshot.retention.num.files = 5 (custom)
2019-09-26 10:50:10,721 [pool-137-thread-1] INFO  server.RaftServerConfigKeys (ConfUtils.java:logGet(43)) - raft.server.retrycache.expirytime = 600000ms (custom)
2019-09-26 10:50:10,723 [pool-137-thread-1] INFO  impl.RaftServerImpl (RaftServerImpl.java:start(185)) - 76999e15-3686-4d58-8030-6a34dfc59477@group-A319BC71595E: start as a follower, conf=-1: [76999e15-3686-4d58-8030-6a34dfc59477:192.168.30.13:33067], old=null
2019-09-26 10:50:10,723 [pool-137-thread-1] INFO  impl.RaftServerImpl (RaftServerImpl.java:setRole(174)) - 76999e15-3686-4d58-8030-6a34dfc59477@group-A319BC71595E: changes role from      null to FOLLOWER at term 0 for startAsFollower
2019-09-26 10:50:10,723 [pool-137-thread-1] INFO  impl.RoleInfo (RoleInfo.java:updateAndGet(143)) - 76999e15-3686-4d58-8030-6a34dfc59477: start FollowerState
2019-09-26 10:50:10,723 [pool-137-thread-1] INFO  util.JmxRegister (JmxRegister.java:tryRegister(44)) - Successfully registered JMX Bean with object name Ratis:service=RaftServer,group=group-A319BC71595E,id=76999e15-3686-4d58-8030-6a34dfc59477
2019-09-26 10:50:10,726 [RatisPipelineUtilsThread] INFO  pipeline.PipelineStateManager (PipelineStateManager.java:addPipeline(56)) - Created pipeline Pipeline[ Id: 16ea1aa3-b945-4c32-b031-a319bc71595e, Nodes: 76999e15-3686-4d58-8030-6a34dfc59477{ip: 192.168.30.13, host: pr-hdds-1569-wvzgm-824869521, networkLocation: /default-rack, certSerialId: null}, Type:RATIS, Factor:ONE, State:OPEN]
2019-09-26 10:50:10,733 [grpc-default-executor-0] INFO  impl.RaftServerProxy (RaftServerProxy.java:addNew(89)) - 76999e15-3686-4d58-8030-6a34dfc59477: addNew group-B817DC0D0196:[76999e15-3686-4d58-8030-6a34dfc59477:192.168.30.13:33067] returns group-B817DC0D0196:java.util.concurrent.CompletableFuture@99f59cd[Not completed]
2019-09-26 10:50:10,734 [pool-137-thread-1] INFO  impl.RaftServerImpl (RaftServerImpl.java:<init>(95)) - 76999e15-3686-4d58-8030-6a34dfc59477: new RaftServerImpl for group-B817DC0D0196:[76999e15-3686-4d58-8030-6a34dfc59477:192.168.30.13:33067] with ContainerStateMachine:uninitialized
2019-09-26 10:50:10,734 [pool-137-thread-1] INFO  server.RaftServerConfigKeys (ConfUtils.java:logGet(43)) - raft.server.rpc.timeout.min = 5s (custom)
2019-09-26 10:50:10,735 [pool-137-thread-1] INFO  server.RaftServerConfigKeys (ConfUtils.java:logGet(43)) - raft.server.rpc.timeout.max = 5200ms (custom)
2019-09-26 10:50:10,735 [pool-137-thread-1] INFO  server.RaftServerConfigKeys (ConfUtils.java:logGet(43)) - raft.server.rpcslowness.timeout = 120s (custom)
2019-09-26 10:50:10,735 [pool-137-thread-1] INFO  server.RaftServerConfigKeys (ConfUtils.java:logGet(43)) - raft.server.sleep.deviation.threshold = 300 (default)
2019-09-26 10:50:10,735 [pool-137-thread-1] INFO  server.RaftServerConfigKeys (ConfUtils.java:logGet(43)) - raft.server.log.appender.install.snapshot.enabled = false (custom)
2019-09-26 10:50:10,735 [pool-137-thread-1] INFO  impl.RaftServerImpl (ServerState.java:<init>(103)) - 76999e15-3686-4d58-8030-6a34dfc59477@group-B817DC0D0196: ConfigurationManager, init=-1: [76999e15-3686-4d58-8030-6a34dfc59477:192.168.30.13:33067], old=null, confs=<EMPTY_MAP>
2019-09-26 10:50:10,735 [pool-137-thread-1] INFO  server.RaftServerConfigKeys (ConfUtils.java:logGet(43)) - raft.server.storage.dir = [/workdir/hadoop-ozone/ozonefs/target/test-dir/MiniOzoneClusterImpl-c30abbcc-9270-495d-991f-83e55dc7fba6/datanode-1/data/ratis] (custom)
2019-09-26 10:50:10,735 [pool-137-thread-1] INFO  storage.RaftStorageDirectory (RaftStorageDirectory.java:analyzeStorage(246)) - The storage directory /workdir/hadoop-ozone/ozonefs/target/test-dir/MiniOzoneClusterImpl-c30abbcc-9270-495d-991f-83e55dc7fba6/datanode-1/data/ratis/0abb3595-102a-4986-9cfe-b817dc0d0196 does not exist. Creating ...
2019-09-26 10:50:10,760 [pool-137-thread-1] INFO  storage.RaftStorageDirectory (RaftStorageDirectory.java:tryLock(328)) - Lock on /workdir/hadoop-ozone/ozonefs/target/test-dir/MiniOzoneClusterImpl-c30abbcc-9270-495d-991f-83e55dc7fba6/datanode-1/data/ratis/0abb3595-102a-4986-9cfe-b817dc0d0196/in_use.lock acquired by nodename 25633@pr-hdds-1569-wvzgm-824869521
2019-09-26 10:50:10,773 [pool-137-thread-1] INFO  storage.RaftStorage (RaftStorage.java:format(72)) - Storage directory /workdir/hadoop-ozone/ozonefs/target/test-dir/MiniOzoneClusterImpl-c30abbcc-9270-495d-991f-83e55dc7fba6/datanode-1/data/ratis/0abb3595-102a-4986-9cfe-b817dc0d0196 has been successfully formatted.
2019-09-26 10:50:10,773 [pool-137-thread-1] INFO  ratis.ContainerStateMachine (ContainerStateMachine.java:loadSnapshot(230)) - group-B817DC0D0196: The snapshot info is null. Setting the last applied indexto:(t:0, i:~)
2019-09-26 10:50:10,773 [pool-137-thread-1] INFO  server.RaftServerConfigKeys (ConfUtils.java:logGet(43)) - raft.server.notification.no-leader.timeout = 120s (custom)
2019-09-26 10:50:10,773 [pool-137-thread-1] INFO  server.RaftServerConfigKeys (ConfUtils.java:logGet(43)) - raft.server.log.use.memory = false (default)
2019-09-26 10:50:10,773 [pool-137-thread-1] INFO  server.RaftServerConfigKeys (ConfUtils.java:logGet(43)) - raft.server.log.purge.gap = 1000000 (custom)
2019-09-26 10:50:10,773 [pool-137-thread-1] INFO  server.RaftServerConfigKeys (ConfUtils.java:logGet(43)) - raft.server.log.appender.buffer.byte-limit = 33554432 (custom)
2019-09-26 10:50:10,774 [pool-137-thread-1] INFO  server.RaftServerConfigKeys (ConfUtils.java:logGet(43)) - raft.server.log.segment.size.max = 1048576 (custom)
2019-09-26 10:50:10,774 [pool-137-thread-1] INFO  server.RaftServerConfigKeys (ConfUtils.java:logGet(43)) - raft.server.log.segment.cache.num.max = 2 (custom)
2019-09-26 10:50:10,774 [pool-137-thread-1] INFO  segmented.SegmentedRaftLogWorker (SegmentedRaftLogWorker.java:<init>(172)) - new 76999e15-3686-4d58-8030-6a34dfc59477@group-B817DC0D0196-SegmentedRaftLogWorker for RaftStorage:Storage Directory /workdir/hadoop-ozone/ozonefs/target/test-dir/MiniOzoneClusterImpl-c30abbcc-9270-495d-991f-83e55dc7fba6/datanode-1/data/ratis/0abb3595-102a-4986-9cfe-b817dc0d0196
2019-09-26 10:50:10,774 [pool-137-thread-1] INFO  server.RaftServerConfigKeys (ConfUtils.java:logGet(43)) - raft.server.log.queue.byte-limit = 2147483647 (custom)
2019-09-26 10:50:10,774 [pool-137-thread-1] INFO  server.RaftServerConfigKeys (ConfUtils.java:logGet(43)) - raft.server.log.queue.element-limit = 1024 (custom)
2019-09-26 10:50:10,774 [pool-137-thread-1] INFO  server.RaftServerConfigKeys (ConfUtils.java:logGet(43)) - raft.server.log.segment.size.max = 1048576 (custom)
2019-09-26 10:50:10,774 [pool-137-thread-1] INFO  server.RaftServerConfigKeys (ConfUtils.java:logGet(43)) - raft.server.log.preallocated.size = 16384 (custom)
2019-09-26 10:50:10,774 [pool-137-thread-1] INFO  server.RaftServerConfigKeys (ConfUtils.java:logGet(43)) - raft.server.log.write.buffer.size = 33554432 (custom)
2019-09-26 10:50:10,775 [pool-137-thread-1] INFO  server.RaftServerConfigKeys (ConfUtils.java:logGet(43)) - raft.server.log.force.sync.num = 128 (default)
2019-09-26 10:50:10,775 [pool-137-thread-1] INFO  server.RaftServerConfigKeys (ConfUtils.java:logGet(43)) - raft.server.log.statemachine.data.sync = true (default)
2019-09-26 10:50:10,775 [pool-137-thread-1] INFO  server.RaftServerConfigKeys (ConfUtils.java:logGet(43)) - raft.server.log.statemachine.data.sync.timeout = 10s (default)
2019-09-26 10:50:10,775 [pool-137-thread-1] INFO  server.RaftServerConfigKeys (ConfUtils.java:logGet(43)) - raft.server.log.statemachine.data.sync.timeout.retry = -1 (default)
2019-09-26 10:50:10,775 [pool-137-thread-1] INFO  server.RaftServerConfigKeys (ConfUtils.java:logGet(43)) - raft.server.log.statemachine.data.caching.enabled = true (custom)
2019-09-26 10:50:10,775 [pool-137-thread-1] INFO  segmented.SegmentedRaftLogWorker (SegmentedRaftLogWorker.java:lambda$new$0(132)) - 76999e15-3686-4d58-8030-6a34dfc59477@group-B817DC0D0196-SegmentedRaftLogWorker: flushIndex: setUnconditionally 0 -> -1
2019-09-26 10:50:10,776 [pool-137-thread-1] INFO  server.RaftServerConfigKeys (ConfUtils.java:logGet(43)) - raft.server.snapshot.auto.trigger.enabled = true (custom)
2019-09-26 10:50:10,776 [pool-137-thread-1] INFO  server.RaftServerConfigKeys (ConfUtils.java:logGet(43)) - raft.server.snapshot.auto.trigger.threshold = 10000 (custom)
2019-09-26 10:50:10,776 [pool-137-thread-1] INFO  server.RaftServerConfigKeys (ConfUtils.java:logGet(43)) - raft.server.snapshot.retention.num.files = 5 (custom)
2019-09-26 10:50:10,776 [pool-137-thread-1] INFO  server.RaftServerConfigKeys (ConfUtils.java:logGet(43)) - raft.server.retrycache.expirytime = 600000ms (custom)
2019-09-26 10:50:10,778 [pool-137-thread-1] INFO  impl.RaftServerImpl (RaftServerImpl.java:start(185)) - 76999e15-3686-4d58-8030-6a34dfc59477@group-B817DC0D0196: start as a follower, conf=-1: [76999e15-3686-4d58-8030-6a34dfc59477:192.168.30.13:33067], old=null
2019-09-26 10:50:10,778 [pool-137-thread-1] INFO  impl.RaftServerImpl (RaftServerImpl.java:setRole(174)) - 76999e15-3686-4d58-8030-6a34dfc59477@group-B817DC0D0196: changes role from      null to FOLLOWER at term 0 for startAsFollower
2019-09-26 10:50:10,778 [pool-137-thread-1] INFO  impl.RoleInfo (RoleInfo.java:updateAndGet(143)) - 76999e15-3686-4d58-8030-6a34dfc59477: start FollowerState
2019-09-26 10:50:10,779 [pool-137-thread-1] INFO  util.JmxRegister (JmxRegister.java:tryRegister(44)) - Successfully registered JMX Bean with object name Ratis:service=RaftServer,group=group-B817DC0D0196,id=76999e15-3686-4d58-8030-6a34dfc59477
2019-09-26 10:50:10,782 [RatisPipelineUtilsThread] INFO  pipeline.PipelineStateManager (PipelineStateManager.java:addPipeline(56)) - Created pipeline Pipeline[ Id: 0abb3595-102a-4986-9cfe-b817dc0d0196, Nodes: 76999e15-3686-4d58-8030-6a34dfc59477{ip: 192.168.30.13, host: pr-hdds-1569-wvzgm-824869521, networkLocation: /default-rack, certSerialId: null}, Type:RATIS, Factor:ONE, State:OPEN]
2019-09-26 10:50:10,790 [grpc-default-executor-0] INFO  impl.RaftServerProxy (RaftServerProxy.java:addNew(89)) - d084370a-b4cb-43c6-bd03-156c72c6b0ec: addNew group-59C724638E31:[d084370a-b4cb-43c6-bd03-156c72c6b0ec:192.168.30.13:45859] returns group-59C724638E31:java.util.concurrent.CompletableFuture@71f1f035[Not completed]
2019-09-26 10:50:10,791 [pool-127-thread-1] INFO  impl.RaftServerImpl (RaftServerImpl.java:<init>(95)) - d084370a-b4cb-43c6-bd03-156c72c6b0ec: new RaftServerImpl for group-59C724638E31:[d084370a-b4cb-43c6-bd03-156c72c6b0ec:192.168.30.13:45859] with ContainerStateMachine:uninitialized
2019-09-26 10:50:10,791 [pool-127-thread-1] INFO  server.RaftServerConfigKeys (ConfUtils.java:logGet(43)) - raft.server.rpc.timeout.min = 5s (custom)
2019-09-26 10:50:10,792 [pool-127-thread-1] INFO  server.RaftServerConfigKeys (ConfUtils.java:logGet(43)) - raft.server.rpc.timeout.max = 5200ms (custom)
2019-09-26 10:50:10,792 [pool-127-thread-1] INFO  server.RaftServerConfigKeys (ConfUtils.java:logGet(43)) - raft.server.rpcslowness.timeout = 120s (custom)
2019-09-26 10:50:10,792 [pool-127-thread-1] INFO  server.RaftServerConfigKeys (ConfUtils.java:logGet(43)) - raft.server.sleep.deviation.threshold = 300 (default)
2019-09-26 10:50:10,792 [pool-127-thread-1] INFO  server.RaftServerConfigKeys (ConfUtils.java:logGet(43)) - raft.server.log.appender.install.snapshot.enabled = false (custom)
2019-09-26 10:50:10,792 [pool-127-thread-1] INFO  impl.RaftServerImpl (ServerState.java:<init>(103)) - d084370a-b4cb-43c6-bd03-156c72c6b0ec@group-59C724638E31: ConfigurationManager, init=-1: [d084370a-b4cb-43c6-bd03-156c72c6b0ec:192.168.30.13:45859], old=null, confs=<EMPTY_MAP>
2019-09-26 10:50:10,792 [pool-127-thread-1] INFO  server.RaftServerConfigKeys (ConfUtils.java:logGet(43)) - raft.server.storage.dir = [/workdir/hadoop-ozone/ozonefs/target/test-dir/MiniOzoneClusterImpl-c30abbcc-9270-495d-991f-83e55dc7fba6/datanode-0/data/ratis] (custom)
2019-09-26 10:50:10,793 [pool-127-thread-1] INFO  storage.RaftStorageDirectory (RaftStorageDirectory.java:analyzeStorage(246)) - The storage directory /workdir/hadoop-ozone/ozonefs/target/test-dir/MiniOzoneClusterImpl-c30abbcc-9270-495d-991f-83e55dc7fba6/datanode-0/data/ratis/436dd46c-85aa-44c7-b341-59c724638e31 does not exist. Creating ...
2019-09-26 10:50:10,806 [pool-127-thread-1] INFO  storage.RaftStorageDirectory (RaftStorageDirectory.java:tryLock(328)) - Lock on /workdir/hadoop-ozone/ozonefs/target/test-dir/MiniOzoneClusterImpl-c30abbcc-9270-495d-991f-83e55dc7fba6/datanode-0/data/ratis/436dd46c-85aa-44c7-b341-59c724638e31/in_use.lock acquired by nodename 25633@pr-hdds-1569-wvzgm-824869521
2019-09-26 10:50:10,819 [pool-127-thread-1] INFO  storage.RaftStorage (RaftStorage.java:format(72)) - Storage directory /workdir/hadoop-ozone/ozonefs/target/test-dir/MiniOzoneClusterImpl-c30abbcc-9270-495d-991f-83e55dc7fba6/datanode-0/data/ratis/436dd46c-85aa-44c7-b341-59c724638e31 has been successfully formatted.
2019-09-26 10:50:10,819 [pool-127-thread-1] INFO  ratis.ContainerStateMachine (ContainerStateMachine.java:loadSnapshot(230)) - group-59C724638E31: The snapshot info is null. Setting the last applied indexto:(t:0, i:~)
2019-09-26 10:50:10,819 [pool-127-thread-1] INFO  server.RaftServerConfigKeys (ConfUtils.java:logGet(43)) - raft.server.notification.no-leader.timeout = 120s (custom)
2019-09-26 10:50:10,820 [pool-127-thread-1] INFO  server.RaftServerConfigKeys (ConfUtils.java:logGet(43)) - raft.server.log.use.memory = false (default)
2019-09-26 10:50:10,820 [pool-127-thread-1] INFO  server.RaftServerConfigKeys (ConfUtils.java:logGet(43)) - raft.server.log.purge.gap = 1000000 (custom)
2019-09-26 10:50:10,820 [pool-127-thread-1] INFO  server.RaftServerConfigKeys (ConfUtils.java:logGet(43)) - raft.server.log.appender.buffer.byte-limit = 33554432 (custom)
2019-09-26 10:50:10,820 [pool-127-thread-1] INFO  server.RaftServerConfigKeys (ConfUtils.java:logGet(43)) - raft.server.log.segment.size.max = 1048576 (custom)
2019-09-26 10:50:10,821 [pool-127-thread-1] INFO  server.RaftServerConfigKeys (ConfUtils.java:logGet(43)) - raft.server.log.segment.cache.num.max = 2 (custom)
2019-09-26 10:50:10,821 [pool-127-thread-1] INFO  segmented.SegmentedRaftLogWorker (SegmentedRaftLogWorker.java:<init>(172)) - new d084370a-b4cb-43c6-bd03-156c72c6b0ec@group-59C724638E31-SegmentedRaftLogWorker for RaftStorage:Storage Directory /workdir/hadoop-ozone/ozonefs/target/test-dir/MiniOzoneClusterImpl-c30abbcc-9270-495d-991f-83e55dc7fba6/datanode-0/data/ratis/436dd46c-85aa-44c7-b341-59c724638e31
2019-09-26 10:50:10,821 [pool-127-thread-1] INFO  server.RaftServerConfigKeys (ConfUtils.java:logGet(43)) - raft.server.log.queue.byte-limit = 2147483647 (custom)
2019-09-26 10:50:10,821 [pool-127-thread-1] INFO  server.RaftServerConfigKeys (ConfUtils.java:logGet(43)) - raft.server.log.queue.element-limit = 1024 (custom)
2019-09-26 10:50:10,821 [pool-127-thread-1] INFO  server.RaftServerConfigKeys (ConfUtils.java:logGet(43)) - raft.server.log.segment.size.max = 1048576 (custom)
2019-09-26 10:50:10,822 [pool-127-thread-1] INFO  server.RaftServerConfigKeys (ConfUtils.java:logGet(43)) - raft.server.log.preallocated.size = 16384 (custom)
2019-09-26 10:50:10,822 [pool-127-thread-1] INFO  server.RaftServerConfigKeys (ConfUtils.java:logGet(43)) - raft.server.log.write.buffer.size = 33554432 (custom)
2019-09-26 10:50:10,822 [pool-127-thread-1] INFO  server.RaftServerConfigKeys (ConfUtils.java:logGet(43)) - raft.server.log.force.sync.num = 128 (default)
2019-09-26 10:50:10,822 [pool-127-thread-1] INFO  server.RaftServerConfigKeys (ConfUtils.java:logGet(43)) - raft.server.log.statemachine.data.sync = true (default)
2019-09-26 10:50:10,822 [pool-127-thread-1] INFO  server.RaftServerConfigKeys (ConfUtils.java:logGet(43)) - raft.server.log.statemachine.data.sync.timeout = 10s (default)
2019-09-26 10:50:10,822 [pool-127-thread-1] INFO  server.RaftServerConfigKeys (ConfUtils.java:logGet(43)) - raft.server.log.statemachine.data.sync.timeout.retry = -1 (default)
2019-09-26 10:50:10,823 [pool-127-thread-1] INFO  server.RaftServerConfigKeys (ConfUtils.java:logGet(43)) - raft.server.log.statemachine.data.caching.enabled = true (custom)
2019-09-26 10:50:10,823 [pool-127-thread-1] INFO  segmented.SegmentedRaftLogWorker (SegmentedRaftLogWorker.java:lambda$new$0(132)) - d084370a-b4cb-43c6-bd03-156c72c6b0ec@group-59C724638E31-SegmentedRaftLogWorker: flushIndex: setUnconditionally 0 -> -1
2019-09-26 10:50:10,823 [pool-127-thread-1] INFO  server.RaftServerConfigKeys (ConfUtils.java:logGet(43)) - raft.server.snapshot.auto.trigger.enabled = true (custom)
2019-09-26 10:50:10,824 [pool-127-thread-1] INFO  server.RaftServerConfigKeys (ConfUtils.java:logGet(43)) - raft.server.snapshot.auto.trigger.threshold = 10000 (custom)
2019-09-26 10:50:10,824 [pool-127-thread-1] INFO  server.RaftServerConfigKeys (ConfUtils.java:logGet(43)) - raft.server.snapshot.retention.num.files = 5 (custom)
2019-09-26 10:50:10,824 [pool-127-thread-1] INFO  server.RaftServerConfigKeys (ConfUtils.java:logGet(43)) - raft.server.retrycache.expirytime = 600000ms (custom)
2019-09-26 10:50:10,827 [pool-127-thread-1] INFO  impl.RaftServerImpl (RaftServerImpl.java:start(185)) - d084370a-b4cb-43c6-bd03-156c72c6b0ec@group-59C724638E31: start as a follower, conf=-1: [d084370a-b4cb-43c6-bd03-156c72c6b0ec:192.168.30.13:45859], old=null
2019-09-26 10:50:10,827 [pool-127-thread-1] INFO  impl.RaftServerImpl (RaftServerImpl.java:setRole(174)) - d084370a-b4cb-43c6-bd03-156c72c6b0ec@group-59C724638E31: changes role from      null to FOLLOWER at term 0 for startAsFollower
2019-09-26 10:50:10,828 [pool-127-thread-1] INFO  impl.RoleInfo (RoleInfo.java:updateAndGet(143)) - d084370a-b4cb-43c6-bd03-156c72c6b0ec: start FollowerState
2019-09-26 10:50:10,828 [pool-127-thread-1] INFO  util.JmxRegister (JmxRegister.java:tryRegister(44)) - Successfully registered JMX Bean with object name Ratis:service=RaftServer,group=group-59C724638E31,id=d084370a-b4cb-43c6-bd03-156c72c6b0ec
2019-09-26 10:50:10,833 [RatisPipelineUtilsThread] INFO  pipeline.PipelineStateManager (PipelineStateManager.java:addPipeline(56)) - Created pipeline Pipeline[ Id: 436dd46c-85aa-44c7-b341-59c724638e31, Nodes: d084370a-b4cb-43c6-bd03-156c72c6b0ec{ip: 192.168.30.13, host: pr-hdds-1569-wvzgm-824869521, networkLocation: /default-rack, certSerialId: null}, Type:RATIS, Factor:ONE, State:OPEN]
2019-09-26 10:50:10,840 [grpc-default-executor-0] INFO  impl.RaftServerProxy (RaftServerProxy.java:addNew(89)) - 76999e15-3686-4d58-8030-6a34dfc59477: addNew group-730C5194B53A:[76999e15-3686-4d58-8030-6a34dfc59477:192.168.30.13:33067] returns group-730C5194B53A:java.util.concurrent.CompletableFuture@595cc0[Not completed]
2019-09-26 10:50:10,842 [pool-137-thread-1] INFO  impl.RaftServerImpl (RaftServerImpl.java:<init>(95)) - 76999e15-3686-4d58-8030-6a34dfc59477: new RaftServerImpl for group-730C5194B53A:[76999e15-3686-4d58-8030-6a34dfc59477:192.168.30.13:33067] with ContainerStateMachine:uninitialized
2019-09-26 10:50:10,843 [pool-137-thread-1] INFO  server.RaftServerConfigKeys (ConfUtils.java:logGet(43)) - raft.server.rpc.timeout.min = 5s (custom)
2019-09-26 10:50:10,843 [pool-137-thread-1] INFO  server.RaftServerConfigKeys (ConfUtils.java:logGet(43)) - raft.server.rpc.timeout.max = 5200ms (custom)
2019-09-26 10:50:10,843 [pool-137-thread-1] INFO  server.RaftServerConfigKeys (ConfUtils.java:logGet(43)) - raft.server.rpcslowness.timeout = 120s (custom)
2019-09-26 10:50:10,843 [pool-137-thread-1] INFO  server.RaftServerConfigKeys (ConfUtils.java:logGet(43)) - raft.server.sleep.deviation.threshold = 300 (default)
2019-09-26 10:50:10,843 [pool-137-thread-1] INFO  server.RaftServerConfigKeys (ConfUtils.java:logGet(43)) - raft.server.log.appender.install.snapshot.enabled = false (custom)
2019-09-26 10:50:10,843 [pool-137-thread-1] INFO  impl.RaftServerImpl (ServerState.java:<init>(103)) - 76999e15-3686-4d58-8030-6a34dfc59477@group-730C5194B53A: ConfigurationManager, init=-1: [76999e15-3686-4d58-8030-6a34dfc59477:192.168.30.13:33067], old=null, confs=<EMPTY_MAP>
2019-09-26 10:50:10,844 [pool-137-thread-1] INFO  server.RaftServerConfigKeys (ConfUtils.java:logGet(43)) - raft.server.storage.dir = [/workdir/hadoop-ozone/ozonefs/target/test-dir/MiniOzoneClusterImpl-c30abbcc-9270-495d-991f-83e55dc7fba6/datanode-1/data/ratis] (custom)
2019-09-26 10:50:10,844 [pool-137-thread-1] INFO  storage.RaftStorageDirectory (RaftStorageDirectory.java:analyzeStorage(246)) - The storage directory /workdir/hadoop-ozone/ozonefs/target/test-dir/MiniOzoneClusterImpl-c30abbcc-9270-495d-991f-83e55dc7fba6/datanode-1/data/ratis/ffdd33fb-7bd8-4424-a4b3-730c5194b53a does not exist. Creating ...
2019-09-26 10:50:10,858 [pool-137-thread-1] INFO  storage.RaftStorageDirectory (RaftStorageDirectory.java:tryLock(328)) - Lock on /workdir/hadoop-ozone/ozonefs/target/test-dir/MiniOzoneClusterImpl-c30abbcc-9270-495d-991f-83e55dc7fba6/datanode-1/data/ratis/ffdd33fb-7bd8-4424-a4b3-730c5194b53a/in_use.lock acquired by nodename 25633@pr-hdds-1569-wvzgm-824869521
2019-09-26 10:50:10,871 [pool-137-thread-1] INFO  storage.RaftStorage (RaftStorage.java:format(72)) - Storage directory /workdir/hadoop-ozone/ozonefs/target/test-dir/MiniOzoneClusterImpl-c30abbcc-9270-495d-991f-83e55dc7fba6/datanode-1/data/ratis/ffdd33fb-7bd8-4424-a4b3-730c5194b53a has been successfully formatted.
2019-09-26 10:50:10,872 [pool-137-thread-1] INFO  ratis.ContainerStateMachine (ContainerStateMachine.java:loadSnapshot(230)) - group-730C5194B53A: The snapshot info is null. Setting the last applied indexto:(t:0, i:~)
2019-09-26 10:50:10,872 [pool-137-thread-1] INFO  server.RaftServerConfigKeys (ConfUtils.java:logGet(43)) - raft.server.notification.no-leader.timeout = 120s (custom)
2019-09-26 10:50:10,872 [pool-137-thread-1] INFO  server.RaftServerConfigKeys (ConfUtils.java:logGet(43)) - raft.server.log.use.memory = false (default)
2019-09-26 10:50:10,872 [pool-137-thread-1] INFO  server.RaftServerConfigKeys (ConfUtils.java:logGet(43)) - raft.server.log.purge.gap = 1000000 (custom)
2019-09-26 10:50:10,872 [pool-137-thread-1] INFO  server.RaftServerConfigKeys (ConfUtils.java:logGet(43)) - raft.server.log.appender.buffer.byte-limit = 33554432 (custom)
2019-09-26 10:50:10,873 [pool-137-thread-1] INFO  server.RaftServerConfigKeys (ConfUtils.java:logGet(43)) - raft.server.log.segment.size.max = 1048576 (custom)
2019-09-26 10:50:10,873 [pool-137-thread-1] INFO  server.RaftServerConfigKeys (ConfUtils.java:logGet(43)) - raft.server.log.segment.cache.num.max = 2 (custom)
2019-09-26 10:50:10,873 [pool-137-thread-1] INFO  segmented.SegmentedRaftLogWorker (SegmentedRaftLogWorker.java:<init>(172)) - new 76999e15-3686-4d58-8030-6a34dfc59477@group-730C5194B53A-SegmentedRaftLogWorker for RaftStorage:Storage Directory /workdir/hadoop-ozone/ozonefs/target/test-dir/MiniOzoneClusterImpl-c30abbcc-9270-495d-991f-83e55dc7fba6/datanode-1/data/ratis/ffdd33fb-7bd8-4424-a4b3-730c5194b53a
2019-09-26 10:50:10,873 [pool-137-thread-1] INFO  server.RaftServerConfigKeys (ConfUtils.java:logGet(43)) - raft.server.log.queue.byte-limit = 2147483647 (custom)
2019-09-26 10:50:10,874 [pool-137-thread-1] INFO  server.RaftServerConfigKeys (ConfUtils.java:logGet(43)) - raft.server.log.queue.element-limit = 1024 (custom)
2019-09-26 10:50:10,874 [pool-137-thread-1] INFO  server.RaftServerConfigKeys (ConfUtils.java:logGet(43)) - raft.server.log.segment.size.max = 1048576 (custom)
2019-09-26 10:50:10,874 [pool-137-thread-1] INFO  server.RaftServerConfigKeys (ConfUtils.java:logGet(43)) - raft.server.log.preallocated.size = 16384 (custom)
2019-09-26 10:50:10,874 [pool-137-thread-1] INFO  server.RaftServerConfigKeys (ConfUtils.java:logGet(43)) - raft.server.log.write.buffer.size = 33554432 (custom)
2019-09-26 10:50:10,874 [pool-137-thread-1] INFO  server.RaftServerConfigKeys (ConfUtils.java:logGet(43)) - raft.server.log.force.sync.num = 128 (default)
2019-09-26 10:50:10,875 [pool-137-thread-1] INFO  server.RaftServerConfigKeys (ConfUtils.java:logGet(43)) - raft.server.log.statemachine.data.sync = true (default)
2019-09-26 10:50:10,875 [pool-137-thread-1] INFO  server.RaftServerConfigKeys (ConfUtils.java:logGet(43)) - raft.server.log.statemachine.data.sync.timeout = 10s (default)
2019-09-26 10:50:10,875 [pool-137-thread-1] INFO  server.RaftServerConfigKeys (ConfUtils.java:logGet(43)) - raft.server.log.statemachine.data.sync.timeout.retry = -1 (default)
2019-09-26 10:50:10,875 [pool-137-thread-1] INFO  server.RaftServerConfigKeys (ConfUtils.java:logGet(43)) - raft.server.log.statemachine.data.caching.enabled = true (custom)
2019-09-26 10:50:10,876 [pool-137-thread-1] INFO  segmented.SegmentedRaftLogWorker (SegmentedRaftLogWorker.java:lambda$new$0(132)) - 76999e15-3686-4d58-8030-6a34dfc59477@group-730C5194B53A-SegmentedRaftLogWorker: flushIndex: setUnconditionally 0 -> -1
2019-09-26 10:50:10,876 [pool-137-thread-1] INFO  server.RaftServerConfigKeys (ConfUtils.java:logGet(43)) - raft.server.snapshot.auto.trigger.enabled = true (custom)
2019-09-26 10:50:10,876 [pool-137-thread-1] INFO  server.RaftServerConfigKeys (ConfUtils.java:logGet(43)) - raft.server.snapshot.auto.trigger.threshold = 10000 (custom)
2019-09-26 10:50:10,876 [pool-137-thread-1] INFO  server.RaftServerConfigKeys (ConfUtils.java:logGet(43)) - raft.server.snapshot.retention.num.files = 5 (custom)
2019-09-26 10:50:10,877 [pool-137-thread-1] INFO  server.RaftServerConfigKeys (ConfUtils.java:logGet(43)) - raft.server.retrycache.expirytime = 600000ms (custom)
2019-09-26 10:50:10,880 [pool-137-thread-1] INFO  impl.RaftServerImpl (RaftServerImpl.java:start(185)) - 76999e15-3686-4d58-8030-6a34dfc59477@group-730C5194B53A: start as a follower, conf=-1: [76999e15-3686-4d58-8030-6a34dfc59477:192.168.30.13:33067], old=null
2019-09-26 10:50:10,880 [pool-137-thread-1] INFO  impl.RaftServerImpl (RaftServerImpl.java:setRole(174)) - 76999e15-3686-4d58-8030-6a34dfc59477@group-730C5194B53A: changes role from      null to FOLLOWER at term 0 for startAsFollower
2019-09-26 10:50:10,881 [pool-137-thread-1] INFO  impl.RoleInfo (RoleInfo.java:updateAndGet(143)) - 76999e15-3686-4d58-8030-6a34dfc59477: start FollowerState
2019-09-26 10:50:10,881 [pool-137-thread-1] INFO  util.JmxRegister (JmxRegister.java:tryRegister(44)) - Successfully registered JMX Bean with object name Ratis:service=RaftServer,group=group-730C5194B53A,id=76999e15-3686-4d58-8030-6a34dfc59477
2019-09-26 10:50:10,885 [RatisPipelineUtilsThread] INFO  pipeline.PipelineStateManager (PipelineStateManager.java:addPipeline(56)) - Created pipeline Pipeline[ Id: ffdd33fb-7bd8-4424-a4b3-730c5194b53a, Nodes: 76999e15-3686-4d58-8030-6a34dfc59477{ip: 192.168.30.13, host: pr-hdds-1569-wvzgm-824869521, networkLocation: /default-rack, certSerialId: null}, Type:RATIS, Factor:ONE, State:OPEN]
2019-09-26 10:50:10,892 [grpc-default-executor-0] INFO  impl.RaftServerProxy (RaftServerProxy.java:addNew(89)) - d084370a-b4cb-43c6-bd03-156c72c6b0ec: addNew group-5BCE2FFF8B2E:[d084370a-b4cb-43c6-bd03-156c72c6b0ec:192.168.30.13:45859] returns group-5BCE2FFF8B2E:java.util.concurrent.CompletableFuture@c84dff6[Not completed]
2019-09-26 10:50:10,895 [pool-127-thread-1] INFO  impl.RaftServerImpl (RaftServerImpl.java:<init>(95)) - d084370a-b4cb-43c6-bd03-156c72c6b0ec: new RaftServerImpl for group-5BCE2FFF8B2E:[d084370a-b4cb-43c6-bd03-156c72c6b0ec:192.168.30.13:45859] with ContainerStateMachine:uninitialized
2019-09-26 10:50:10,895 [pool-127-thread-1] INFO  server.RaftServerConfigKeys (ConfUtils.java:logGet(43)) - raft.server.rpc.timeout.min = 5s (custom)
2019-09-26 10:50:10,895 [pool-127-thread-1] INFO  server.RaftServerConfigKeys (ConfUtils.java:logGet(43)) - raft.server.rpc.timeout.max = 5200ms (custom)
2019-09-26 10:50:10,896 [pool-127-thread-1] INFO  server.RaftServerConfigKeys (ConfUtils.java:logGet(43)) - raft.server.rpcslowness.timeout = 120s (custom)
2019-09-26 10:50:10,896 [pool-127-thread-1] INFO  server.RaftServerConfigKeys (ConfUtils.java:logGet(43)) - raft.server.sleep.deviation.threshold = 300 (default)
2019-09-26 10:50:10,896 [pool-127-thread-1] INFO  server.RaftServerConfigKeys (ConfUtils.java:logGet(43)) - raft.server.log.appender.install.snapshot.enabled = false (custom)
2019-09-26 10:50:10,896 [pool-127-thread-1] INFO  impl.RaftServerImpl (ServerState.java:<init>(103)) - d084370a-b4cb-43c6-bd03-156c72c6b0ec@group-5BCE2FFF8B2E: ConfigurationManager, init=-1: [d084370a-b4cb-43c6-bd03-156c72c6b0ec:192.168.30.13:45859], old=null, confs=<EMPTY_MAP>
2019-09-26 10:50:10,896 [pool-127-thread-1] INFO  server.RaftServerConfigKeys (ConfUtils.java:logGet(43)) - raft.server.storage.dir = [/workdir/hadoop-ozone/ozonefs/target/test-dir/MiniOzoneClusterImpl-c30abbcc-9270-495d-991f-83e55dc7fba6/datanode-0/data/ratis] (custom)
2019-09-26 10:50:10,897 [pool-127-thread-1] INFO  storage.RaftStorageDirectory (RaftStorageDirectory.java:analyzeStorage(246)) - The storage directory /workdir/hadoop-ozone/ozonefs/target/test-dir/MiniOzoneClusterImpl-c30abbcc-9270-495d-991f-83e55dc7fba6/datanode-0/data/ratis/fa826b36-4e14-4408-a150-5bce2fff8b2e does not exist. Creating ...
2019-09-26 10:50:10,910 [pool-127-thread-1] INFO  storage.RaftStorageDirectory (RaftStorageDirectory.java:tryLock(328)) - Lock on /workdir/hadoop-ozone/ozonefs/target/test-dir/MiniOzoneClusterImpl-c30abbcc-9270-495d-991f-83e55dc7fba6/datanode-0/data/ratis/fa826b36-4e14-4408-a150-5bce2fff8b2e/in_use.lock acquired by nodename 25633@pr-hdds-1569-wvzgm-824869521
2019-09-26 10:50:10,923 [pool-127-thread-1] INFO  storage.RaftStorage (RaftStorage.java:format(72)) - Storage directory /workdir/hadoop-ozone/ozonefs/target/test-dir/MiniOzoneClusterImpl-c30abbcc-9270-495d-991f-83e55dc7fba6/datanode-0/data/ratis/fa826b36-4e14-4408-a150-5bce2fff8b2e has been successfully formatted.
2019-09-26 10:50:10,923 [pool-127-thread-1] INFO  ratis.ContainerStateMachine (ContainerStateMachine.java:loadSnapshot(230)) - group-5BCE2FFF8B2E: The snapshot info is null. Setting the last applied indexto:(t:0, i:~)
2019-09-26 10:50:10,923 [pool-127-thread-1] INFO  server.RaftServerConfigKeys (ConfUtils.java:logGet(43)) - raft.server.notification.no-leader.timeout = 120s (custom)
2019-09-26 10:50:10,924 [pool-127-thread-1] INFO  server.RaftServerConfigKeys (ConfUtils.java:logGet(43)) - raft.server.log.use.memory = false (default)
2019-09-26 10:50:10,924 [pool-127-thread-1] INFO  server.RaftServerConfigKeys (ConfUtils.java:logGet(43)) - raft.server.log.purge.gap = 1000000 (custom)
2019-09-26 10:50:10,924 [pool-127-thread-1] INFO  server.RaftServerConfigKeys (ConfUtils.java:logGet(43)) - raft.server.log.appender.buffer.byte-limit = 33554432 (custom)
2019-09-26 10:50:10,924 [pool-127-thread-1] INFO  server.RaftServerConfigKeys (ConfUtils.java:logGet(43)) - raft.server.log.segment.size.max = 1048576 (custom)
2019-09-26 10:50:10,924 [pool-127-thread-1] INFO  server.RaftServerConfigKeys (ConfUtils.java:logGet(43)) - raft.server.log.segment.cache.num.max = 2 (custom)
2019-09-26 10:50:10,925 [pool-127-thread-1] INFO  segmented.SegmentedRaftLogWorker (SegmentedRaftLogWorker.java:<init>(172)) - new d084370a-b4cb-43c6-bd03-156c72c6b0ec@group-5BCE2FFF8B2E-SegmentedRaftLogWorker for RaftStorage:Storage Directory /workdir/hadoop-ozone/ozonefs/target/test-dir/MiniOzoneClusterImpl-c30abbcc-9270-495d-991f-83e55dc7fba6/datanode-0/data/ratis/fa826b36-4e14-4408-a150-5bce2fff8b2e
2019-09-26 10:50:10,925 [pool-127-thread-1] INFO  server.RaftServerConfigKeys (ConfUtils.java:logGet(43)) - raft.server.log.queue.byte-limit = 2147483647 (custom)
2019-09-26 10:50:10,925 [pool-127-thread-1] INFO  server.RaftServerConfigKeys (ConfUtils.java:logGet(43)) - raft.server.log.queue.element-limit = 1024 (custom)
2019-09-26 10:50:10,925 [pool-127-thread-1] INFO  server.RaftServerConfigKeys (ConfUtils.java:logGet(43)) - raft.server.log.segment.size.max = 1048576 (custom)
2019-09-26 10:50:10,925 [pool-127-thread-1] INFO  server.RaftServerConfigKeys (ConfUtils.java:logGet(43)) - raft.server.log.preallocated.size = 16384 (custom)
2019-09-26 10:50:10,926 [pool-127-thread-1] INFO  server.RaftServerConfigKeys (ConfUtils.java:logGet(43)) - raft.server.log.write.buffer.size = 33554432 (custom)
2019-09-26 10:50:10,926 [pool-127-thread-1] INFO  server.RaftServerConfigKeys (ConfUtils.java:logGet(43)) - raft.server.log.force.sync.num = 128 (default)
2019-09-26 10:50:10,926 [pool-127-thread-1] INFO  server.RaftServerConfigKeys (ConfUtils.java:logGet(43)) - raft.server.log.statemachine.data.sync = true (default)
2019-09-26 10:50:10,926 [pool-127-thread-1] INFO  server.RaftServerConfigKeys (ConfUtils.java:logGet(43)) - raft.server.log.statemachine.data.sync.timeout = 10s (default)
2019-09-26 10:50:10,926 [pool-127-thread-1] INFO  server.RaftServerConfigKeys (ConfUtils.java:logGet(43)) - raft.server.log.statemachine.data.sync.timeout.retry = -1 (default)
2019-09-26 10:50:10,927 [pool-127-thread-1] INFO  server.RaftServerConfigKeys (ConfUtils.java:logGet(43)) - raft.server.log.statemachine.data.caching.enabled = true (custom)
2019-09-26 10:50:10,927 [pool-127-thread-1] INFO  segmented.SegmentedRaftLogWorker (SegmentedRaftLogWorker.java:lambda$new$0(132)) - d084370a-b4cb-43c6-bd03-156c72c6b0ec@group-5BCE2FFF8B2E-SegmentedRaftLogWorker: flushIndex: setUnconditionally 0 -> -1
2019-09-26 10:50:10,927 [pool-127-thread-1] INFO  server.RaftServerConfigKeys (ConfUtils.java:logGet(43)) - raft.server.snapshot.auto.trigger.enabled = true (custom)
2019-09-26 10:50:10,927 [pool-127-thread-1] INFO  server.RaftServerConfigKeys (ConfUtils.java:logGet(43)) - raft.server.snapshot.auto.trigger.threshold = 10000 (custom)
2019-09-26 10:50:10,928 [pool-127-thread-1] INFO  server.RaftServerConfigKeys (ConfUtils.java:logGet(43)) - raft.server.snapshot.retention.num.files = 5 (custom)
2019-09-26 10:50:10,928 [pool-127-thread-1] INFO  server.RaftServerConfigKeys (ConfUtils.java:logGet(43)) - raft.server.retrycache.expirytime = 600000ms (custom)
2019-09-26 10:50:10,931 [pool-127-thread-1] INFO  impl.RaftServerImpl (RaftServerImpl.java:start(185)) - d084370a-b4cb-43c6-bd03-156c72c6b0ec@group-5BCE2FFF8B2E: start as a follower, conf=-1: [d084370a-b4cb-43c6-bd03-156c72c6b0ec:192.168.30.13:45859], old=null
2019-09-26 10:50:10,931 [pool-127-thread-1] INFO  impl.RaftServerImpl (RaftServerImpl.java:setRole(174)) - d084370a-b4cb-43c6-bd03-156c72c6b0ec@group-5BCE2FFF8B2E: changes role from      null to FOLLOWER at term 0 for startAsFollower
2019-09-26 10:50:10,931 [pool-127-thread-1] INFO  impl.RoleInfo (RoleInfo.java:updateAndGet(143)) - d084370a-b4cb-43c6-bd03-156c72c6b0ec: start FollowerState
2019-09-26 10:50:10,932 [pool-127-thread-1] INFO  util.JmxRegister (JmxRegister.java:tryRegister(44)) - Successfully registered JMX Bean with object name Ratis:service=RaftServer,group=group-5BCE2FFF8B2E,id=d084370a-b4cb-43c6-bd03-156c72c6b0ec
2019-09-26 10:50:10,935 [RatisPipelineUtilsThread] INFO  pipeline.PipelineStateManager (PipelineStateManager.java:addPipeline(56)) - Created pipeline Pipeline[ Id: fa826b36-4e14-4408-a150-5bce2fff8b2e, Nodes: d084370a-b4cb-43c6-bd03-156c72c6b0ec{ip: 192.168.30.13, host: pr-hdds-1569-wvzgm-824869521, networkLocation: /default-rack, certSerialId: null}, Type:RATIS, Factor:ONE, State:OPEN]
2019-09-26 10:50:10,941 [grpc-default-executor-0] INFO  impl.RaftServerProxy (RaftServerProxy.java:addNew(89)) - 76999e15-3686-4d58-8030-6a34dfc59477: addNew group-5EFDFBEE08E9:[76999e15-3686-4d58-8030-6a34dfc59477:192.168.30.13:33067] returns group-5EFDFBEE08E9:java.util.concurrent.CompletableFuture@6c32ea4b[Not completed]
2019-09-26 10:50:10,943 [pool-137-thread-1] INFO  impl.RaftServerImpl (RaftServerImpl.java:<init>(95)) - 76999e15-3686-4d58-8030-6a34dfc59477: new RaftServerImpl for group-5EFDFBEE08E9:[76999e15-3686-4d58-8030-6a34dfc59477:192.168.30.13:33067] with ContainerStateMachine:uninitialized
2019-09-26 10:50:10,943 [pool-137-thread-1] INFO  server.RaftServerConfigKeys (ConfUtils.java:logGet(43)) - raft.server.rpc.timeout.min = 5s (custom)
2019-09-26 10:50:10,944 [pool-137-thread-1] INFO  server.RaftServerConfigKeys (ConfUtils.java:logGet(43)) - raft.server.rpc.timeout.max = 5200ms (custom)
2019-09-26 10:50:10,944 [pool-137-thread-1] INFO  server.RaftServerConfigKeys (ConfUtils.java:logGet(43)) - raft.server.rpcslowness.timeout = 120s (custom)
2019-09-26 10:50:10,944 [pool-137-thread-1] INFO  server.RaftServerConfigKeys (ConfUtils.java:logGet(43)) - raft.server.sleep.deviation.threshold = 300 (default)
2019-09-26 10:50:10,944 [pool-137-thread-1] INFO  server.RaftServerConfigKeys (ConfUtils.java:logGet(43)) - raft.server.log.appender.install.snapshot.enabled = false (custom)
2019-09-26 10:50:10,944 [pool-137-thread-1] INFO  impl.RaftServerImpl (ServerState.java:<init>(103)) - 76999e15-3686-4d58-8030-6a34dfc59477@group-5EFDFBEE08E9: ConfigurationManager, init=-1: [76999e15-3686-4d58-8030-6a34dfc59477:192.168.30.13:33067], old=null, confs=<EMPTY_MAP>
2019-09-26 10:50:10,944 [pool-137-thread-1] INFO  server.RaftServerConfigKeys (ConfUtils.java:logGet(43)) - raft.server.storage.dir = [/workdir/hadoop-ozone/ozonefs/target/test-dir/MiniOzoneClusterImpl-c30abbcc-9270-495d-991f-83e55dc7fba6/datanode-1/data/ratis] (custom)
2019-09-26 10:50:10,945 [pool-137-thread-1] INFO  storage.RaftStorageDirectory (RaftStorageDirectory.java:analyzeStorage(246)) - The storage directory /workdir/hadoop-ozone/ozonefs/target/test-dir/MiniOzoneClusterImpl-c30abbcc-9270-495d-991f-83e55dc7fba6/datanode-1/data/ratis/74fcb6f9-2703-4b01-91b2-5efdfbee08e9 does not exist. Creating ...
2019-09-26 10:50:10,957 [pool-137-thread-1] INFO  storage.RaftStorageDirectory (RaftStorageDirectory.java:tryLock(328)) - Lock on /workdir/hadoop-ozone/ozonefs/target/test-dir/MiniOzoneClusterImpl-c30abbcc-9270-495d-991f-83e55dc7fba6/datanode-1/data/ratis/74fcb6f9-2703-4b01-91b2-5efdfbee08e9/in_use.lock acquired by nodename 25633@pr-hdds-1569-wvzgm-824869521
2019-09-26 10:50:10,978 [pool-137-thread-1] INFO  storage.RaftStorage (RaftStorage.java:format(72)) - Storage directory /workdir/hadoop-ozone/ozonefs/target/test-dir/MiniOzoneClusterImpl-c30abbcc-9270-495d-991f-83e55dc7fba6/datanode-1/data/ratis/74fcb6f9-2703-4b01-91b2-5efdfbee08e9 has been successfully formatted.
2019-09-26 10:50:10,978 [pool-137-thread-1] INFO  ratis.ContainerStateMachine (ContainerStateMachine.java:loadSnapshot(230)) - group-5EFDFBEE08E9: The snapshot info is null. Setting the last applied indexto:(t:0, i:~)
2019-09-26 10:50:10,979 [pool-137-thread-1] INFO  server.RaftServerConfigKeys (ConfUtils.java:logGet(43)) - raft.server.notification.no-leader.timeout = 120s (custom)
2019-09-26 10:50:10,979 [pool-137-thread-1] INFO  server.RaftServerConfigKeys (ConfUtils.java:logGet(43)) - raft.server.log.use.memory = false (default)
2019-09-26 10:50:10,979 [pool-137-thread-1] INFO  server.RaftServerConfigKeys (ConfUtils.java:logGet(43)) - raft.server.log.purge.gap = 1000000 (custom)
2019-09-26 10:50:10,979 [pool-137-thread-1] INFO  server.RaftServerConfigKeys (ConfUtils.java:logGet(43)) - raft.server.log.appender.buffer.byte-limit = 33554432 (custom)
2019-09-26 10:50:10,979 [pool-137-thread-1] INFO  server.RaftServerConfigKeys (ConfUtils.java:logGet(43)) - raft.server.log.segment.size.max = 1048576 (custom)
2019-09-26 10:50:10,979 [pool-137-thread-1] INFO  server.RaftServerConfigKeys (ConfUtils.java:logGet(43)) - raft.server.log.segment.cache.num.max = 2 (custom)
2019-09-26 10:50:10,979 [pool-137-thread-1] INFO  segmented.SegmentedRaftLogWorker (SegmentedRaftLogWorker.java:<init>(172)) - new 76999e15-3686-4d58-8030-6a34dfc59477@group-5EFDFBEE08E9-SegmentedRaftLogWorker for RaftStorage:Storage Directory /workdir/hadoop-ozone/ozonefs/target/test-dir/MiniOzoneClusterImpl-c30abbcc-9270-495d-991f-83e55dc7fba6/datanode-1/data/ratis/74fcb6f9-2703-4b01-91b2-5efdfbee08e9
2019-09-26 10:50:10,980 [pool-137-thread-1] INFO  server.RaftServerConfigKeys (ConfUtils.java:logGet(43)) - raft.server.log.queue.byte-limit = 2147483647 (custom)
2019-09-26 10:50:10,980 [pool-137-thread-1] INFO  server.RaftServerConfigKeys (ConfUtils.java:logGet(43)) - raft.server.log.queue.element-limit = 1024 (custom)
2019-09-26 10:50:10,980 [pool-137-thread-1] INFO  server.RaftServerConfigKeys (ConfUtils.java:logGet(43)) - raft.server.log.segment.size.max = 1048576 (custom)
2019-09-26 10:50:10,980 [pool-137-thread-1] INFO  server.RaftServerConfigKeys (ConfUtils.java:logGet(43)) - raft.server.log.preallocated.size = 16384 (custom)
2019-09-26 10:50:10,980 [pool-137-thread-1] INFO  server.RaftServerConfigKeys (ConfUtils.java:logGet(43)) - raft.server.log.write.buffer.size = 33554432 (custom)
2019-09-26 10:50:10,980 [pool-137-thread-1] INFO  server.RaftServerConfigKeys (ConfUtils.java:logGet(43)) - raft.server.log.force.sync.num = 128 (default)
2019-09-26 10:50:10,980 [pool-137-thread-1] INFO  server.RaftServerConfigKeys (ConfUtils.java:logGet(43)) - raft.server.log.statemachine.data.sync = true (default)
2019-09-26 10:50:10,981 [pool-137-thread-1] INFO  server.RaftServerConfigKeys (ConfUtils.java:logGet(43)) - raft.server.log.statemachine.data.sync.timeout = 10s (default)
2019-09-26 10:50:10,981 [pool-137-thread-1] INFO  server.RaftServerConfigKeys (ConfUtils.java:logGet(43)) - raft.server.log.statemachine.data.sync.timeout.retry = -1 (default)
2019-09-26 10:50:10,981 [pool-137-thread-1] INFO  server.RaftServerConfigKeys (ConfUtils.java:logGet(43)) - raft.server.log.statemachine.data.caching.enabled = true (custom)
2019-09-26 10:50:10,981 [pool-137-thread-1] INFO  segmented.SegmentedRaftLogWorker (SegmentedRaftLogWorker.java:lambda$new$0(132)) - 76999e15-3686-4d58-8030-6a34dfc59477@group-5EFDFBEE08E9-SegmentedRaftLogWorker: flushIndex: setUnconditionally 0 -> -1
2019-09-26 10:50:10,981 [pool-137-thread-1] INFO  server.RaftServerConfigKeys (ConfUtils.java:logGet(43)) - raft.server.snapshot.auto.trigger.enabled = true (custom)
2019-09-26 10:50:10,982 [pool-137-thread-1] INFO  server.RaftServerConfigKeys (ConfUtils.java:logGet(43)) - raft.server.snapshot.auto.trigger.threshold = 10000 (custom)
2019-09-26 10:50:10,982 [pool-137-thread-1] INFO  server.RaftServerConfigKeys (ConfUtils.java:logGet(43)) - raft.server.snapshot.retention.num.files = 5 (custom)
2019-09-26 10:50:10,982 [pool-137-thread-1] INFO  server.RaftServerConfigKeys (ConfUtils.java:logGet(43)) - raft.server.retrycache.expirytime = 600000ms (custom)
2019-09-26 10:50:10,984 [pool-137-thread-1] INFO  impl.RaftServerImpl (RaftServerImpl.java:start(185)) - 76999e15-3686-4d58-8030-6a34dfc59477@group-5EFDFBEE08E9: start as a follower, conf=-1: [76999e15-3686-4d58-8030-6a34dfc59477:192.168.30.13:33067], old=null
2019-09-26 10:50:10,985 [pool-137-thread-1] INFO  impl.RaftServerImpl (RaftServerImpl.java:setRole(174)) - 76999e15-3686-4d58-8030-6a34dfc59477@group-5EFDFBEE08E9: changes role from      null to FOLLOWER at term 0 for startAsFollower
2019-09-26 10:50:10,985 [pool-137-thread-1] INFO  impl.RoleInfo (RoleInfo.java:updateAndGet(143)) - 76999e15-3686-4d58-8030-6a34dfc59477: start FollowerState
2019-09-26 10:50:10,985 [pool-137-thread-1] INFO  util.JmxRegister (JmxRegister.java:tryRegister(44)) - Successfully registered JMX Bean with object name Ratis:service=RaftServer,group=group-5EFDFBEE08E9,id=76999e15-3686-4d58-8030-6a34dfc59477
2019-09-26 10:50:10,988 [RatisPipelineUtilsThread] INFO  pipeline.PipelineStateManager (PipelineStateManager.java:addPipeline(56)) - Created pipeline Pipeline[ Id: 74fcb6f9-2703-4b01-91b2-5efdfbee08e9, Nodes: 76999e15-3686-4d58-8030-6a34dfc59477{ip: 192.168.30.13, host: pr-hdds-1569-wvzgm-824869521, networkLocation: /default-rack, certSerialId: null}, Type:RATIS, Factor:ONE, State:OPEN]
2019-09-26 10:50:10,995 [grpc-default-executor-0] INFO  impl.RaftServerProxy (RaftServerProxy.java:addNew(89)) - 76999e15-3686-4d58-8030-6a34dfc59477: addNew group-89C9A5530B26:[76999e15-3686-4d58-8030-6a34dfc59477:192.168.30.13:33067] returns group-89C9A5530B26:java.util.concurrent.CompletableFuture@6382970d[Not completed]
2019-09-26 10:50:10,997 [pool-137-thread-1] INFO  impl.RaftServerImpl (RaftServerImpl.java:<init>(95)) - 76999e15-3686-4d58-8030-6a34dfc59477: new RaftServerImpl for group-89C9A5530B26:[76999e15-3686-4d58-8030-6a34dfc59477:192.168.30.13:33067] with ContainerStateMachine:uninitialized
2019-09-26 10:50:10,997 [pool-137-thread-1] INFO  server.RaftServerConfigKeys (ConfUtils.java:logGet(43)) - raft.server.rpc.timeout.min = 5s (custom)
2019-09-26 10:50:10,997 [pool-137-thread-1] INFO  server.RaftServerConfigKeys (ConfUtils.java:logGet(43)) - raft.server.rpc.timeout.max = 5200ms (custom)
2019-09-26 10:50:10,997 [pool-137-thread-1] INFO  server.RaftServerConfigKeys (ConfUtils.java:logGet(43)) - raft.server.rpcslowness.timeout = 120s (custom)
2019-09-26 10:50:10,998 [pool-137-thread-1] INFO  server.RaftServerConfigKeys (ConfUtils.java:logGet(43)) - raft.server.sleep.deviation.threshold = 300 (default)
2019-09-26 10:50:10,998 [pool-137-thread-1] INFO  server.RaftServerConfigKeys (ConfUtils.java:logGet(43)) - raft.server.log.appender.install.snapshot.enabled = false (custom)
2019-09-26 10:50:10,998 [pool-137-thread-1] INFO  impl.RaftServerImpl (ServerState.java:<init>(103)) - 76999e15-3686-4d58-8030-6a34dfc59477@group-89C9A5530B26: ConfigurationManager, init=-1: [76999e15-3686-4d58-8030-6a34dfc59477:192.168.30.13:33067], old=null, confs=<EMPTY_MAP>
2019-09-26 10:50:10,998 [pool-137-thread-1] INFO  server.RaftServerConfigKeys (ConfUtils.java:logGet(43)) - raft.server.storage.dir = [/workdir/hadoop-ozone/ozonefs/target/test-dir/MiniOzoneClusterImpl-c30abbcc-9270-495d-991f-83e55dc7fba6/datanode-1/data/ratis] (custom)
2019-09-26 10:50:10,998 [pool-137-thread-1] INFO  storage.RaftStorageDirectory (RaftStorageDirectory.java:analyzeStorage(246)) - The storage directory /workdir/hadoop-ozone/ozonefs/target/test-dir/MiniOzoneClusterImpl-c30abbcc-9270-495d-991f-83e55dc7fba6/datanode-1/data/ratis/79ad0543-68dc-4042-a03e-89c9a5530b26 does not exist. Creating ...
2019-09-26 10:50:11,020 [pool-137-thread-1] INFO  storage.RaftStorageDirectory (RaftStorageDirectory.java:tryLock(328)) - Lock on /workdir/hadoop-ozone/ozonefs/target/test-dir/MiniOzoneClusterImpl-c30abbcc-9270-495d-991f-83e55dc7fba6/datanode-1/data/ratis/79ad0543-68dc-4042-a03e-89c9a5530b26/in_use.lock acquired by nodename 25633@pr-hdds-1569-wvzgm-824869521
2019-09-26 10:50:11,045 [pool-137-thread-1] INFO  storage.RaftStorage (RaftStorage.java:format(72)) - Storage directory /workdir/hadoop-ozone/ozonefs/target/test-dir/MiniOzoneClusterImpl-c30abbcc-9270-495d-991f-83e55dc7fba6/datanode-1/data/ratis/79ad0543-68dc-4042-a03e-89c9a5530b26 has been successfully formatted.
2019-09-26 10:50:11,045 [pool-137-thread-1] INFO  ratis.ContainerStateMachine (ContainerStateMachine.java:loadSnapshot(230)) - group-89C9A5530B26: The snapshot info is null. Setting the last applied indexto:(t:0, i:~)
2019-09-26 10:50:11,045 [pool-137-thread-1] INFO  server.RaftServerConfigKeys (ConfUtils.java:logGet(43)) - raft.server.notification.no-leader.timeout = 120s (custom)
2019-09-26 10:50:11,045 [pool-137-thread-1] INFO  server.RaftServerConfigKeys (ConfUtils.java:logGet(43)) - raft.server.log.use.memory = false (default)
2019-09-26 10:50:11,045 [pool-137-thread-1] INFO  server.RaftServerConfigKeys (ConfUtils.java:logGet(43)) - raft.server.log.purge.gap = 1000000 (custom)
2019-09-26 10:50:11,046 [pool-137-thread-1] INFO  server.RaftServerConfigKeys (ConfUtils.java:logGet(43)) - raft.server.log.appender.buffer.byte-limit = 33554432 (custom)
2019-09-26 10:50:11,046 [pool-137-thread-1] INFO  server.RaftServerConfigKeys (ConfUtils.java:logGet(43)) - raft.server.log.segment.size.max = 1048576 (custom)
2019-09-26 10:50:11,046 [pool-137-thread-1] INFO  server.RaftServerConfigKeys (ConfUtils.java:logGet(43)) - raft.server.log.segment.cache.num.max = 2 (custom)
2019-09-26 10:50:11,046 [pool-137-thread-1] INFO  segmented.SegmentedRaftLogWorker (SegmentedRaftLogWorker.java:<init>(172)) - new 76999e15-3686-4d58-8030-6a34dfc59477@group-89C9A5530B26-SegmentedRaftLogWorker for RaftStorage:Storage Directory /workdir/hadoop-ozone/ozonefs/target/test-dir/MiniOzoneClusterImpl-c30abbcc-9270-495d-991f-83e55dc7fba6/datanode-1/data/ratis/79ad0543-68dc-4042-a03e-89c9a5530b26
2019-09-26 10:50:11,046 [pool-137-thread-1] INFO  server.RaftServerConfigKeys (ConfUtils.java:logGet(43)) - raft.server.log.queue.byte-limit = 2147483647 (custom)
2019-09-26 10:50:11,047 [pool-137-thread-1] INFO  server.RaftServerConfigKeys (ConfUtils.java:logGet(43)) - raft.server.log.queue.element-limit = 1024 (custom)
2019-09-26 10:50:11,047 [pool-137-thread-1] INFO  server.RaftServerConfigKeys (ConfUtils.java:logGet(43)) - raft.server.log.segment.size.max = 1048576 (custom)
2019-09-26 10:50:11,047 [pool-137-thread-1] INFO  server.RaftServerConfigKeys (ConfUtils.java:logGet(43)) - raft.server.log.preallocated.size = 16384 (custom)
2019-09-26 10:50:11,047 [pool-137-thread-1] INFO  server.RaftServerConfigKeys (ConfUtils.java:logGet(43)) - raft.server.log.write.buffer.size = 33554432 (custom)
2019-09-26 10:50:11,047 [pool-137-thread-1] INFO  server.RaftServerConfigKeys (ConfUtils.java:logGet(43)) - raft.server.log.force.sync.num = 128 (default)
2019-09-26 10:50:11,048 [pool-137-thread-1] INFO  server.RaftServerConfigKeys (ConfUtils.java:logGet(43)) - raft.server.log.statemachine.data.sync = true (default)
2019-09-26 10:50:11,048 [pool-137-thread-1] INFO  server.RaftServerConfigKeys (ConfUtils.java:logGet(43)) - raft.server.log.statemachine.data.sync.timeout = 10s (default)
2019-09-26 10:50:11,048 [pool-137-thread-1] INFO  server.RaftServerConfigKeys (ConfUtils.java:logGet(43)) - raft.server.log.statemachine.data.sync.timeout.retry = -1 (default)
2019-09-26 10:50:11,048 [pool-137-thread-1] INFO  server.RaftServerConfigKeys (ConfUtils.java:logGet(43)) - raft.server.log.statemachine.data.caching.enabled = true (custom)
2019-09-26 10:50:11,049 [pool-137-thread-1] INFO  segmented.SegmentedRaftLogWorker (SegmentedRaftLogWorker.java:lambda$new$0(132)) - 76999e15-3686-4d58-8030-6a34dfc59477@group-89C9A5530B26-SegmentedRaftLogWorker: flushIndex: setUnconditionally 0 -> -1
2019-09-26 10:50:11,049 [pool-137-thread-1] INFO  server.RaftServerConfigKeys (ConfUtils.java:logGet(43)) - raft.server.snapshot.auto.trigger.enabled = true (custom)
2019-09-26 10:50:11,049 [pool-137-thread-1] INFO  server.RaftServerConfigKeys (ConfUtils.java:logGet(43)) - raft.server.snapshot.auto.trigger.threshold = 10000 (custom)
2019-09-26 10:50:11,049 [pool-137-thread-1] INFO  server.RaftServerConfigKeys (ConfUtils.java:logGet(43)) - raft.server.snapshot.retention.num.files = 5 (custom)
2019-09-26 10:50:11,050 [pool-137-thread-1] INFO  server.RaftServerConfigKeys (ConfUtils.java:logGet(43)) - raft.server.retrycache.expirytime = 600000ms (custom)
2019-09-26 10:50:11,052 [pool-137-thread-1] INFO  impl.RaftServerImpl (RaftServerImpl.java:start(185)) - 76999e15-3686-4d58-8030-6a34dfc59477@group-89C9A5530B26: start as a follower, conf=-1: [76999e15-3686-4d58-8030-6a34dfc59477:192.168.30.13:33067], old=null
2019-09-26 10:50:11,053 [pool-137-thread-1] INFO  impl.RaftServerImpl (RaftServerImpl.java:setRole(174)) - 76999e15-3686-4d58-8030-6a34dfc59477@group-89C9A5530B26: changes role from      null to FOLLOWER at term 0 for startAsFollower
2019-09-26 10:50:11,053 [pool-137-thread-1] INFO  impl.RoleInfo (RoleInfo.java:updateAndGet(143)) - 76999e15-3686-4d58-8030-6a34dfc59477: start FollowerState
2019-09-26 10:50:11,053 [pool-137-thread-1] INFO  util.JmxRegister (JmxRegister.java:tryRegister(44)) - Successfully registered JMX Bean with object name Ratis:service=RaftServer,group=group-89C9A5530B26,id=76999e15-3686-4d58-8030-6a34dfc59477
2019-09-26 10:50:11,056 [RatisPipelineUtilsThread] INFO  pipeline.PipelineStateManager (PipelineStateManager.java:addPipeline(56)) - Created pipeline Pipeline[ Id: 79ad0543-68dc-4042-a03e-89c9a5530b26, Nodes: 76999e15-3686-4d58-8030-6a34dfc59477{ip: 192.168.30.13, host: pr-hdds-1569-wvzgm-824869521, networkLocation: /default-rack, certSerialId: null}, Type:RATIS, Factor:ONE, State:OPEN]
2019-09-26 10:50:11,062 [grpc-default-executor-0] INFO  impl.RaftServerProxy (RaftServerProxy.java:addNew(89)) - 76999e15-3686-4d58-8030-6a34dfc59477: addNew group-D7759733D424:[76999e15-3686-4d58-8030-6a34dfc59477:192.168.30.13:33067] returns group-D7759733D424:java.util.concurrent.CompletableFuture@6281cc8[Not completed]
2019-09-26 10:50:11,065 [pool-137-thread-1] INFO  impl.RaftServerImpl (RaftServerImpl.java:<init>(95)) - 76999e15-3686-4d58-8030-6a34dfc59477: new RaftServerImpl for group-D7759733D424:[76999e15-3686-4d58-8030-6a34dfc59477:192.168.30.13:33067] with ContainerStateMachine:uninitialized
2019-09-26 10:50:11,065 [pool-137-thread-1] INFO  server.RaftServerConfigKeys (ConfUtils.java:logGet(43)) - raft.server.rpc.timeout.min = 5s (custom)
2019-09-26 10:50:11,065 [pool-137-thread-1] INFO  server.RaftServerConfigKeys (ConfUtils.java:logGet(43)) - raft.server.rpc.timeout.max = 5200ms (custom)
2019-09-26 10:50:11,065 [pool-137-thread-1] INFO  server.RaftServerConfigKeys (ConfUtils.java:logGet(43)) - raft.server.rpcslowness.timeout = 120s (custom)
2019-09-26 10:50:11,065 [pool-137-thread-1] INFO  server.RaftServerConfigKeys (ConfUtils.java:logGet(43)) - raft.server.sleep.deviation.threshold = 300 (default)
2019-09-26 10:50:11,066 [pool-137-thread-1] INFO  server.RaftServerConfigKeys (ConfUtils.java:logGet(43)) - raft.server.log.appender.install.snapshot.enabled = false (custom)
2019-09-26 10:50:11,066 [pool-137-thread-1] INFO  impl.RaftServerImpl (ServerState.java:<init>(103)) - 76999e15-3686-4d58-8030-6a34dfc59477@group-D7759733D424: ConfigurationManager, init=-1: [76999e15-3686-4d58-8030-6a34dfc59477:192.168.30.13:33067], old=null, confs=<EMPTY_MAP>
2019-09-26 10:50:11,066 [pool-137-thread-1] INFO  server.RaftServerConfigKeys (ConfUtils.java:logGet(43)) - raft.server.storage.dir = [/workdir/hadoop-ozone/ozonefs/target/test-dir/MiniOzoneClusterImpl-c30abbcc-9270-495d-991f-83e55dc7fba6/datanode-1/data/ratis] (custom)
2019-09-26 10:50:11,066 [pool-137-thread-1] INFO  storage.RaftStorageDirectory (RaftStorageDirectory.java:analyzeStorage(246)) - The storage directory /workdir/hadoop-ozone/ozonefs/target/test-dir/MiniOzoneClusterImpl-c30abbcc-9270-495d-991f-83e55dc7fba6/datanode-1/data/ratis/4e3f9b6e-0568-417e-b534-d7759733d424 does not exist. Creating ...
2019-09-26 10:50:11,080 [pool-137-thread-1] INFO  storage.RaftStorageDirectory (RaftStorageDirectory.java:tryLock(328)) - Lock on /workdir/hadoop-ozone/ozonefs/target/test-dir/MiniOzoneClusterImpl-c30abbcc-9270-495d-991f-83e55dc7fba6/datanode-1/data/ratis/4e3f9b6e-0568-417e-b534-d7759733d424/in_use.lock acquired by nodename 25633@pr-hdds-1569-wvzgm-824869521
2019-09-26 10:50:11,093 [pool-137-thread-1] INFO  storage.RaftStorage (RaftStorage.java:format(72)) - Storage directory /workdir/hadoop-ozone/ozonefs/target/test-dir/MiniOzoneClusterImpl-c30abbcc-9270-495d-991f-83e55dc7fba6/datanode-1/data/ratis/4e3f9b6e-0568-417e-b534-d7759733d424 has been successfully formatted.
2019-09-26 10:50:11,093 [pool-137-thread-1] INFO  ratis.ContainerStateMachine (ContainerStateMachine.java:loadSnapshot(230)) - group-D7759733D424: The snapshot info is null. Setting the last applied indexto:(t:0, i:~)
2019-09-26 10:50:11,093 [pool-137-thread-1] INFO  server.RaftServerConfigKeys (ConfUtils.java:logGet(43)) - raft.server.notification.no-leader.timeout = 120s (custom)
2019-09-26 10:50:11,094 [pool-137-thread-1] INFO  server.RaftServerConfigKeys (ConfUtils.java:logGet(43)) - raft.server.log.use.memory = false (default)
2019-09-26 10:50:11,094 [pool-137-thread-1] INFO  server.RaftServerConfigKeys (ConfUtils.java:logGet(43)) - raft.server.log.purge.gap = 1000000 (custom)
2019-09-26 10:50:11,094 [pool-137-thread-1] INFO  server.RaftServerConfigKeys (ConfUtils.java:logGet(43)) - raft.server.log.appender.buffer.byte-limit = 33554432 (custom)
2019-09-26 10:50:11,094 [pool-137-thread-1] INFO  server.RaftServerConfigKeys (ConfUtils.java:logGet(43)) - raft.server.log.segment.size.max = 1048576 (custom)
2019-09-26 10:50:11,094 [pool-137-thread-1] INFO  server.RaftServerConfigKeys (ConfUtils.java:logGet(43)) - raft.server.log.segment.cache.num.max = 2 (custom)
2019-09-26 10:50:11,094 [pool-137-thread-1] INFO  segmented.SegmentedRaftLogWorker (SegmentedRaftLogWorker.java:<init>(172)) - new 76999e15-3686-4d58-8030-6a34dfc59477@group-D7759733D424-SegmentedRaftLogWorker for RaftStorage:Storage Directory /workdir/hadoop-ozone/ozonefs/target/test-dir/MiniOzoneClusterImpl-c30abbcc-9270-495d-991f-83e55dc7fba6/datanode-1/data/ratis/4e3f9b6e-0568-417e-b534-d7759733d424
2019-09-26 10:50:11,095 [pool-137-thread-1] INFO  server.RaftServerConfigKeys (ConfUtils.java:logGet(43)) - raft.server.log.queue.byte-limit = 2147483647 (custom)
2019-09-26 10:50:11,095 [pool-137-thread-1] INFO  server.RaftServerConfigKeys (ConfUtils.java:logGet(43)) - raft.server.log.queue.element-limit = 1024 (custom)
2019-09-26 10:50:11,095 [pool-137-thread-1] INFO  server.RaftServerConfigKeys (ConfUtils.java:logGet(43)) - raft.server.log.segment.size.max = 1048576 (custom)
2019-09-26 10:50:11,095 [pool-137-thread-1] INFO  server.RaftServerConfigKeys (ConfUtils.java:logGet(43)) - raft.server.log.preallocated.size = 16384 (custom)
2019-09-26 10:50:11,095 [pool-137-thread-1] INFO  server.RaftServerConfigKeys (ConfUtils.java:logGet(43)) - raft.server.log.write.buffer.size = 33554432 (custom)
2019-09-26 10:50:11,095 [pool-137-thread-1] INFO  server.RaftServerConfigKeys (ConfUtils.java:logGet(43)) - raft.server.log.force.sync.num = 128 (default)
2019-09-26 10:50:11,096 [pool-137-thread-1] INFO  server.RaftServerConfigKeys (ConfUtils.java:logGet(43)) - raft.server.log.statemachine.data.sync = true (default)
2019-09-26 10:50:11,096 [pool-137-thread-1] INFO  server.RaftServerConfigKeys (ConfUtils.java:logGet(43)) - raft.server.log.statemachine.data.sync.timeout = 10s (default)
2019-09-26 10:50:11,096 [pool-137-thread-1] INFO  server.RaftServerConfigKeys (ConfUtils.java:logGet(43)) - raft.server.log.statemachine.data.sync.timeout.retry = -1 (default)
2019-09-26 10:50:11,096 [pool-137-thread-1] INFO  server.RaftServerConfigKeys (ConfUtils.java:logGet(43)) - raft.server.log.statemachine.data.caching.enabled = true (custom)
2019-09-26 10:50:11,096 [pool-137-thread-1] INFO  segmented.SegmentedRaftLogWorker (SegmentedRaftLogWorker.java:lambda$new$0(132)) - 76999e15-3686-4d58-8030-6a34dfc59477@group-D7759733D424-SegmentedRaftLogWorker: flushIndex: setUnconditionally 0 -> -1
2019-09-26 10:50:11,097 [pool-137-thread-1] INFO  server.RaftServerConfigKeys (ConfUtils.java:logGet(43)) - raft.server.snapshot.auto.trigger.enabled = true (custom)
2019-09-26 10:50:11,097 [pool-137-thread-1] INFO  server.RaftServerConfigKeys (ConfUtils.java:logGet(43)) - raft.server.snapshot.auto.trigger.threshold = 10000 (custom)
2019-09-26 10:50:11,097 [pool-137-thread-1] INFO  server.RaftServerConfigKeys (ConfUtils.java:logGet(43)) - raft.server.snapshot.retention.num.files = 5 (custom)
2019-09-26 10:50:11,097 [pool-137-thread-1] INFO  server.RaftServerConfigKeys (ConfUtils.java:logGet(43)) - raft.server.retrycache.expirytime = 600000ms (custom)
2019-09-26 10:50:11,100 [pool-137-thread-1] INFO  impl.RaftServerImpl (RaftServerImpl.java:start(185)) - 76999e15-3686-4d58-8030-6a34dfc59477@group-D7759733D424: start as a follower, conf=-1: [76999e15-3686-4d58-8030-6a34dfc59477:192.168.30.13:33067], old=null
2019-09-26 10:50:11,100 [pool-137-thread-1] INFO  impl.RaftServerImpl (RaftServerImpl.java:setRole(174)) - 76999e15-3686-4d58-8030-6a34dfc59477@group-D7759733D424: changes role from      null to FOLLOWER at term 0 for startAsFollower
2019-09-26 10:50:11,100 [pool-137-thread-1] INFO  impl.RoleInfo (RoleInfo.java:updateAndGet(143)) - 76999e15-3686-4d58-8030-6a34dfc59477: start FollowerState
2019-09-26 10:50:11,101 [pool-137-thread-1] INFO  util.JmxRegister (JmxRegister.java:tryRegister(44)) - Successfully registered JMX Bean with object name Ratis:service=RaftServer,group=group-D7759733D424,id=76999e15-3686-4d58-8030-6a34dfc59477
2019-09-26 10:50:11,104 [RatisPipelineUtilsThread] INFO  pipeline.PipelineStateManager (PipelineStateManager.java:addPipeline(56)) - Created pipeline Pipeline[ Id: 4e3f9b6e-0568-417e-b534-d7759733d424, Nodes: 76999e15-3686-4d58-8030-6a34dfc59477{ip: 192.168.30.13, host: pr-hdds-1569-wvzgm-824869521, networkLocation: /default-rack, certSerialId: null}, Type:RATIS, Factor:ONE, State:OPEN]
2019-09-26 10:50:11,105 [RatisPipelineUtilsThread] INFO  pipeline.PipelinePlacementPolicy (PipelinePlacementPolicy.java:meetCriteria(91)) - Pipeline Placement: can't place more pipeline on heavy datanode： 76999e15-3686-4d58-8030-6a34dfc59477 Heaviness: 6 limit: 5
2019-09-26 10:50:11,110 [grpc-default-executor-0] INFO  impl.RaftServerProxy (RaftServerProxy.java:addNew(89)) - ba528854-06f2-48b1-90e3-e0173cc2f66a: addNew group-6EBAEE505C1B:[ba528854-06f2-48b1-90e3-e0173cc2f66a:192.168.30.13:45540] returns group-6EBAEE505C1B:java.util.concurrent.CompletableFuture@24b63f54[Not completed]
2019-09-26 10:50:11,112 [pool-147-thread-1] INFO  impl.RaftServerImpl (RaftServerImpl.java:<init>(95)) - ba528854-06f2-48b1-90e3-e0173cc2f66a: new RaftServerImpl for group-6EBAEE505C1B:[ba528854-06f2-48b1-90e3-e0173cc2f66a:192.168.30.13:45540] with ContainerStateMachine:uninitialized
2019-09-26 10:50:11,112 [pool-147-thread-1] INFO  server.RaftServerConfigKeys (ConfUtils.java:logGet(43)) - raft.server.rpc.timeout.min = 5s (custom)
2019-09-26 10:50:11,112 [pool-147-thread-1] INFO  server.RaftServerConfigKeys (ConfUtils.java:logGet(43)) - raft.server.rpc.timeout.max = 5200ms (custom)
2019-09-26 10:50:11,112 [pool-147-thread-1] INFO  server.RaftServerConfigKeys (ConfUtils.java:logGet(43)) - raft.server.rpcslowness.timeout = 120s (custom)
2019-09-26 10:50:11,112 [pool-147-thread-1] INFO  server.RaftServerConfigKeys (ConfUtils.java:logGet(43)) - raft.server.sleep.deviation.threshold = 300 (default)
2019-09-26 10:50:11,112 [pool-147-thread-1] INFO  server.RaftServerConfigKeys (ConfUtils.java:logGet(43)) - raft.server.log.appender.install.snapshot.enabled = false (custom)
2019-09-26 10:50:11,113 [pool-147-thread-1] INFO  impl.RaftServerImpl (ServerState.java:<init>(103)) - ba528854-06f2-48b1-90e3-e0173cc2f66a@group-6EBAEE505C1B: ConfigurationManager, init=-1: [ba528854-06f2-48b1-90e3-e0173cc2f66a:192.168.30.13:45540], old=null, confs=<EMPTY_MAP>
2019-09-26 10:50:11,113 [pool-147-thread-1] INFO  server.RaftServerConfigKeys (ConfUtils.java:logGet(43)) - raft.server.storage.dir = [/workdir/hadoop-ozone/ozonefs/target/test-dir/MiniOzoneClusterImpl-c30abbcc-9270-495d-991f-83e55dc7fba6/datanode-2/data/ratis] (custom)
2019-09-26 10:50:11,113 [pool-147-thread-1] INFO  storage.RaftStorageDirectory (RaftStorageDirectory.java:analyzeStorage(246)) - The storage directory /workdir/hadoop-ozone/ozonefs/target/test-dir/MiniOzoneClusterImpl-c30abbcc-9270-495d-991f-83e55dc7fba6/datanode-2/data/ratis/e15ac2b1-d24a-421f-b562-6ebaee505c1b does not exist. Creating ...
2019-09-26 10:50:11,126 [pool-147-thread-1] INFO  storage.RaftStorageDirectory (RaftStorageDirectory.java:tryLock(328)) - Lock on /workdir/hadoop-ozone/ozonefs/target/test-dir/MiniOzoneClusterImpl-c30abbcc-9270-495d-991f-83e55dc7fba6/datanode-2/data/ratis/e15ac2b1-d24a-421f-b562-6ebaee505c1b/in_use.lock acquired by nodename 25633@pr-hdds-1569-wvzgm-824869521
2019-09-26 10:50:11,139 [pool-147-thread-1] INFO  storage.RaftStorage (RaftStorage.java:format(72)) - Storage directory /workdir/hadoop-ozone/ozonefs/target/test-dir/MiniOzoneClusterImpl-c30abbcc-9270-495d-991f-83e55dc7fba6/datanode-2/data/ratis/e15ac2b1-d24a-421f-b562-6ebaee505c1b has been successfully formatted.
2019-09-26 10:50:11,139 [pool-147-thread-1] INFO  ratis.ContainerStateMachine (ContainerStateMachine.java:loadSnapshot(230)) - group-6EBAEE505C1B: The snapshot info is null. Setting the last applied indexto:(t:0, i:~)
2019-09-26 10:50:11,139 [pool-147-thread-1] INFO  server.RaftServerConfigKeys (ConfUtils.java:logGet(43)) - raft.server.notification.no-leader.timeout = 120s (custom)
2019-09-26 10:50:11,139 [pool-147-thread-1] INFO  server.RaftServerConfigKeys (ConfUtils.java:logGet(43)) - raft.server.log.use.memory = false (default)
2019-09-26 10:50:11,139 [pool-147-thread-1] INFO  server.RaftServerConfigKeys (ConfUtils.java:logGet(43)) - raft.server.log.purge.gap = 1000000 (custom)
2019-09-26 10:50:11,140 [pool-147-thread-1] INFO  server.RaftServerConfigKeys (ConfUtils.java:logGet(43)) - raft.server.log.appender.buffer.byte-limit = 33554432 (custom)
2019-09-26 10:50:11,140 [pool-147-thread-1] INFO  server.RaftServerConfigKeys (ConfUtils.java:logGet(43)) - raft.server.log.segment.size.max = 1048576 (custom)
2019-09-26 10:50:11,140 [pool-147-thread-1] INFO  server.RaftServerConfigKeys (ConfUtils.java:logGet(43)) - raft.server.log.segment.cache.num.max = 2 (custom)
2019-09-26 10:50:11,140 [pool-147-thread-1] INFO  segmented.SegmentedRaftLogWorker (SegmentedRaftLogWorker.java:<init>(172)) - new ba528854-06f2-48b1-90e3-e0173cc2f66a@group-6EBAEE505C1B-SegmentedRaftLogWorker for RaftStorage:Storage Directory /workdir/hadoop-ozone/ozonefs/target/test-dir/MiniOzoneClusterImpl-c30abbcc-9270-495d-991f-83e55dc7fba6/datanode-2/data/ratis/e15ac2b1-d24a-421f-b562-6ebaee505c1b
2019-09-26 10:50:11,140 [pool-147-thread-1] INFO  server.RaftServerConfigKeys (ConfUtils.java:logGet(43)) - raft.server.log.queue.byte-limit = 2147483647 (custom)
2019-09-26 10:50:11,140 [pool-147-thread-1] INFO  server.RaftServerConfigKeys (ConfUtils.java:logGet(43)) - raft.server.log.queue.element-limit = 1024 (custom)
2019-09-26 10:50:11,141 [pool-147-thread-1] INFO  server.RaftServerConfigKeys (ConfUtils.java:logGet(43)) - raft.server.log.segment.size.max = 1048576 (custom)
2019-09-26 10:50:11,141 [pool-147-thread-1] INFO  server.RaftServerConfigKeys (ConfUtils.java:logGet(43)) - raft.server.log.preallocated.size = 16384 (custom)
2019-09-26 10:50:11,141 [pool-147-thread-1] INFO  server.RaftServerConfigKeys (ConfUtils.java:logGet(43)) - raft.server.log.write.buffer.size = 33554432 (custom)
2019-09-26 10:50:11,141 [pool-147-thread-1] INFO  server.RaftServerConfigKeys (ConfUtils.java:logGet(43)) - raft.server.log.force.sync.num = 128 (default)
2019-09-26 10:50:11,141 [pool-147-thread-1] INFO  server.RaftServerConfigKeys (ConfUtils.java:logGet(43)) - raft.server.log.statemachine.data.sync = true (default)
2019-09-26 10:50:11,141 [pool-147-thread-1] INFO  server.RaftServerConfigKeys (ConfUtils.java:logGet(43)) - raft.server.log.statemachine.data.sync.timeout = 10s (default)
2019-09-26 10:50:11,141 [pool-147-thread-1] INFO  server.RaftServerConfigKeys (ConfUtils.java:logGet(43)) - raft.server.log.statemachine.data.sync.timeout.retry = -1 (default)
2019-09-26 10:50:11,142 [pool-147-thread-1] INFO  server.RaftServerConfigKeys (ConfUtils.java:logGet(43)) - raft.server.log.statemachine.data.caching.enabled = true (custom)
2019-09-26 10:50:11,142 [pool-147-thread-1] INFO  segmented.SegmentedRaftLogWorker (SegmentedRaftLogWorker.java:lambda$new$0(132)) - ba528854-06f2-48b1-90e3-e0173cc2f66a@group-6EBAEE505C1B-SegmentedRaftLogWorker: flushIndex: setUnconditionally 0 -> -1
2019-09-26 10:50:11,142 [pool-147-thread-1] INFO  server.RaftServerConfigKeys (ConfUtils.java:logGet(43)) - raft.server.snapshot.auto.trigger.enabled = true (custom)
2019-09-26 10:50:11,142 [pool-147-thread-1] INFO  server.RaftServerConfigKeys (ConfUtils.java:logGet(43)) - raft.server.snapshot.auto.trigger.threshold = 10000 (custom)
2019-09-26 10:50:11,143 [pool-147-thread-1] INFO  server.RaftServerConfigKeys (ConfUtils.java:logGet(43)) - raft.server.snapshot.retention.num.files = 5 (custom)
2019-09-26 10:50:11,143 [pool-147-thread-1] INFO  server.RaftServerConfigKeys (ConfUtils.java:logGet(43)) - raft.server.retrycache.expirytime = 600000ms (custom)
2019-09-26 10:50:11,145 [pool-147-thread-1] INFO  impl.RaftServerImpl (RaftServerImpl.java:start(185)) - ba528854-06f2-48b1-90e3-e0173cc2f66a@group-6EBAEE505C1B: start as a follower, conf=-1: [ba528854-06f2-48b1-90e3-e0173cc2f66a:192.168.30.13:45540], old=null
2019-09-26 10:50:11,145 [pool-147-thread-1] INFO  impl.RaftServerImpl (RaftServerImpl.java:setRole(174)) - ba528854-06f2-48b1-90e3-e0173cc2f66a@group-6EBAEE505C1B: changes role from      null to FOLLOWER at term 0 for startAsFollower
2019-09-26 10:50:11,145 [pool-147-thread-1] INFO  impl.RoleInfo (RoleInfo.java:updateAndGet(143)) - ba528854-06f2-48b1-90e3-e0173cc2f66a: start FollowerState
2019-09-26 10:50:11,145 [pool-147-thread-1] INFO  util.JmxRegister (JmxRegister.java:tryRegister(44)) - Successfully registered JMX Bean with object name Ratis:service=RaftServer,group=group-6EBAEE505C1B,id=ba528854-06f2-48b1-90e3-e0173cc2f66a
2019-09-26 10:50:11,148 [RatisPipelineUtilsThread] INFO  pipeline.PipelineStateManager (PipelineStateManager.java:addPipeline(56)) - Created pipeline Pipeline[ Id: e15ac2b1-d24a-421f-b562-6ebaee505c1b, Nodes: ba528854-06f2-48b1-90e3-e0173cc2f66a{ip: 192.168.30.13, host: pr-hdds-1569-wvzgm-824869521, networkLocation: /default-rack, certSerialId: null}, Type:RATIS, Factor:ONE, State:OPEN]
2019-09-26 10:50:11,149 [RatisPipelineUtilsThread] INFO  pipeline.PipelinePlacementPolicy (PipelinePlacementPolicy.java:meetCriteria(91)) - Pipeline Placement: can't place more pipeline on heavy datanode： 76999e15-3686-4d58-8030-6a34dfc59477 Heaviness: 6 limit: 5
2019-09-26 10:50:11,154 [grpc-default-executor-0] INFO  impl.RaftServerProxy (RaftServerProxy.java:addNew(89)) - d084370a-b4cb-43c6-bd03-156c72c6b0ec: addNew group-9D71DE86A427:[d084370a-b4cb-43c6-bd03-156c72c6b0ec:192.168.30.13:45859] returns group-9D71DE86A427:java.util.concurrent.CompletableFuture@16277c5[Not completed]
2019-09-26 10:50:11,156 [pool-127-thread-1] INFO  impl.RaftServerImpl (RaftServerImpl.java:<init>(95)) - d084370a-b4cb-43c6-bd03-156c72c6b0ec: new RaftServerImpl for group-9D71DE86A427:[d084370a-b4cb-43c6-bd03-156c72c6b0ec:192.168.30.13:45859] with ContainerStateMachine:uninitialized
2019-09-26 10:50:11,157 [pool-127-thread-1] INFO  server.RaftServerConfigKeys (ConfUtils.java:logGet(43)) - raft.server.rpc.timeout.min = 5s (custom)
2019-09-26 10:50:11,157 [pool-127-thread-1] INFO  server.RaftServerConfigKeys (ConfUtils.java:logGet(43)) - raft.server.rpc.timeout.max = 5200ms (custom)
2019-09-26 10:50:11,157 [pool-127-thread-1] INFO  server.RaftServerConfigKeys (ConfUtils.java:logGet(43)) - raft.server.rpcslowness.timeout = 120s (custom)
2019-09-26 10:50:11,157 [pool-127-thread-1] INFO  server.RaftServerConfigKeys (ConfUtils.java:logGet(43)) - raft.server.sleep.deviation.threshold = 300 (default)
2019-09-26 10:50:11,157 [pool-127-thread-1] INFO  server.RaftServerConfigKeys (ConfUtils.java:logGet(43)) - raft.server.log.appender.install.snapshot.enabled = false (custom)
2019-09-26 10:50:11,158 [pool-127-thread-1] INFO  impl.RaftServerImpl (ServerState.java:<init>(103)) - d084370a-b4cb-43c6-bd03-156c72c6b0ec@group-9D71DE86A427: ConfigurationManager, init=-1: [d084370a-b4cb-43c6-bd03-156c72c6b0ec:192.168.30.13:45859], old=null, confs=<EMPTY_MAP>
2019-09-26 10:50:11,158 [pool-127-thread-1] INFO  server.RaftServerConfigKeys (ConfUtils.java:logGet(43)) - raft.server.storage.dir = [/workdir/hadoop-ozone/ozonefs/target/test-dir/MiniOzoneClusterImpl-c30abbcc-9270-495d-991f-83e55dc7fba6/datanode-0/data/ratis] (custom)
2019-09-26 10:50:11,158 [pool-127-thread-1] INFO  storage.RaftStorageDirectory (RaftStorageDirectory.java:analyzeStorage(246)) - The storage directory /workdir/hadoop-ozone/ozonefs/target/test-dir/MiniOzoneClusterImpl-c30abbcc-9270-495d-991f-83e55dc7fba6/datanode-0/data/ratis/e9964270-fd8b-4601-a146-9d71de86a427 does not exist. Creating ...
2019-09-26 10:50:11,171 [pool-127-thread-1] INFO  storage.RaftStorageDirectory (RaftStorageDirectory.java:tryLock(328)) - Lock on /workdir/hadoop-ozone/ozonefs/target/test-dir/MiniOzoneClusterImpl-c30abbcc-9270-495d-991f-83e55dc7fba6/datanode-0/data/ratis/e9964270-fd8b-4601-a146-9d71de86a427/in_use.lock acquired by nodename 25633@pr-hdds-1569-wvzgm-824869521
2019-09-26 10:50:11,184 [pool-127-thread-1] INFO  storage.RaftStorage (RaftStorage.java:format(72)) - Storage directory /workdir/hadoop-ozone/ozonefs/target/test-dir/MiniOzoneClusterImpl-c30abbcc-9270-495d-991f-83e55dc7fba6/datanode-0/data/ratis/e9964270-fd8b-4601-a146-9d71de86a427 has been successfully formatted.
2019-09-26 10:50:11,184 [pool-127-thread-1] INFO  ratis.ContainerStateMachine (ContainerStateMachine.java:loadSnapshot(230)) - group-9D71DE86A427: The snapshot info is null. Setting the last applied indexto:(t:0, i:~)
2019-09-26 10:50:11,185 [pool-127-thread-1] INFO  server.RaftServerConfigKeys (ConfUtils.java:logGet(43)) - raft.server.notification.no-leader.timeout = 120s (custom)
2019-09-26 10:50:11,185 [pool-127-thread-1] INFO  server.RaftServerConfigKeys (ConfUtils.java:logGet(43)) - raft.server.log.use.memory = false (default)
2019-09-26 10:50:11,185 [pool-127-thread-1] INFO  server.RaftServerConfigKeys (ConfUtils.java:logGet(43)) - raft.server.log.purge.gap = 1000000 (custom)
2019-09-26 10:50:11,185 [pool-127-thread-1] INFO  server.RaftServerConfigKeys (ConfUtils.java:logGet(43)) - raft.server.log.appender.buffer.byte-limit = 33554432 (custom)
2019-09-26 10:50:11,186 [pool-127-thread-1] INFO  server.RaftServerConfigKeys (ConfUtils.java:logGet(43)) - raft.server.log.segment.size.max = 1048576 (custom)
2019-09-26 10:50:11,186 [pool-127-thread-1] INFO  server.RaftServerConfigKeys (ConfUtils.java:logGet(43)) - raft.server.log.segment.cache.num.max = 2 (custom)
2019-09-26 10:50:11,186 [pool-127-thread-1] INFO  segmented.SegmentedRaftLogWorker (SegmentedRaftLogWorker.java:<init>(172)) - new d084370a-b4cb-43c6-bd03-156c72c6b0ec@group-9D71DE86A427-SegmentedRaftLogWorker for RaftStorage:Storage Directory /workdir/hadoop-ozone/ozonefs/target/test-dir/MiniOzoneClusterImpl-c30abbcc-9270-495d-991f-83e55dc7fba6/datanode-0/data/ratis/e9964270-fd8b-4601-a146-9d71de86a427
2019-09-26 10:50:11,186 [pool-127-thread-1] INFO  server.RaftServerConfigKeys (ConfUtils.java:logGet(43)) - raft.server.log.queue.byte-limit = 2147483647 (custom)
2019-09-26 10:50:11,186 [pool-127-thread-1] INFO  server.RaftServerConfigKeys (ConfUtils.java:logGet(43)) - raft.server.log.queue.element-limit = 1024 (custom)
2019-09-26 10:50:11,187 [pool-127-thread-1] INFO  server.RaftServerConfigKeys (ConfUtils.java:logGet(43)) - raft.server.log.segment.size.max = 1048576 (custom)
2019-09-26 10:50:11,187 [pool-127-thread-1] INFO  server.RaftServerConfigKeys (ConfUtils.java:logGet(43)) - raft.server.log.preallocated.size = 16384 (custom)
2019-09-26 10:50:11,187 [pool-127-thread-1] INFO  server.RaftServerConfigKeys (ConfUtils.java:logGet(43)) - raft.server.log.write.buffer.size = 33554432 (custom)
2019-09-26 10:50:11,187 [pool-127-thread-1] INFO  server.RaftServerConfigKeys (ConfUtils.java:logGet(43)) - raft.server.log.force.sync.num = 128 (default)
2019-09-26 10:50:11,187 [pool-127-thread-1] INFO  server.RaftServerConfigKeys (ConfUtils.java:logGet(43)) - raft.server.log.statemachine.data.sync = true (default)
2019-09-26 10:50:11,188 [pool-127-thread-1] INFO  server.RaftServerConfigKeys (ConfUtils.java:logGet(43)) - raft.server.log.statemachine.data.sync.timeout = 10s (default)
2019-09-26 10:50:11,188 [pool-127-thread-1] INFO  server.RaftServerConfigKeys (ConfUtils.java:logGet(43)) - raft.server.log.statemachine.data.sync.timeout.retry = -1 (default)
2019-09-26 10:50:11,188 [pool-127-thread-1] INFO  server.RaftServerConfigKeys (ConfUtils.java:logGet(43)) - raft.server.log.statemachine.data.caching.enabled = true (custom)
2019-09-26 10:50:11,188 [pool-127-thread-1] INFO  segmented.SegmentedRaftLogWorker (SegmentedRaftLogWorker.java:lambda$new$0(132)) - d084370a-b4cb-43c6-bd03-156c72c6b0ec@group-9D71DE86A427-SegmentedRaftLogWorker: flushIndex: setUnconditionally 0 -> -1
2019-09-26 10:50:11,189 [pool-127-thread-1] INFO  server.RaftServerConfigKeys (ConfUtils.java:logGet(43)) - raft.server.snapshot.auto.trigger.enabled = true (custom)
2019-09-26 10:50:11,189 [pool-127-thread-1] INFO  server.RaftServerConfigKeys (ConfUtils.java:logGet(43)) - raft.server.snapshot.auto.trigger.threshold = 10000 (custom)
2019-09-26 10:50:11,190 [pool-127-thread-1] INFO  server.RaftServerConfigKeys (ConfUtils.java:logGet(43)) - raft.server.snapshot.retention.num.files = 5 (custom)
2019-09-26 10:50:11,190 [pool-127-thread-1] INFO  server.RaftServerConfigKeys (ConfUtils.java:logGet(43)) - raft.server.retrycache.expirytime = 600000ms (custom)
2019-09-26 10:50:11,193 [pool-127-thread-1] INFO  impl.RaftServerImpl (RaftServerImpl.java:start(185)) - d084370a-b4cb-43c6-bd03-156c72c6b0ec@group-9D71DE86A427: start as a follower, conf=-1: [d084370a-b4cb-43c6-bd03-156c72c6b0ec:192.168.30.13:45859], old=null
2019-09-26 10:50:11,193 [pool-127-thread-1] INFO  impl.RaftServerImpl (RaftServerImpl.java:setRole(174)) - d084370a-b4cb-43c6-bd03-156c72c6b0ec@group-9D71DE86A427: changes role from      null to FOLLOWER at term 0 for startAsFollower
2019-09-26 10:50:11,193 [pool-127-thread-1] INFO  impl.RoleInfo (RoleInfo.java:updateAndGet(143)) - d084370a-b4cb-43c6-bd03-156c72c6b0ec: start FollowerState
2019-09-26 10:50:11,194 [pool-127-thread-1] INFO  util.JmxRegister (JmxRegister.java:tryRegister(44)) - Successfully registered JMX Bean with object name Ratis:service=RaftServer,group=group-9D71DE86A427,id=d084370a-b4cb-43c6-bd03-156c72c6b0ec
2019-09-26 10:50:11,197 [RatisPipelineUtilsThread] INFO  pipeline.PipelineStateManager (PipelineStateManager.java:addPipeline(56)) - Created pipeline Pipeline[ Id: e9964270-fd8b-4601-a146-9d71de86a427, Nodes: d084370a-b4cb-43c6-bd03-156c72c6b0ec{ip: 192.168.30.13, host: pr-hdds-1569-wvzgm-824869521, networkLocation: /default-rack, certSerialId: null}, Type:RATIS, Factor:ONE, State:OPEN]
2019-09-26 10:50:11,197 [RatisPipelineUtilsThread] INFO  pipeline.PipelinePlacementPolicy (PipelinePlacementPolicy.java:meetCriteria(91)) - Pipeline Placement: can't place more pipeline on heavy datanode： 76999e15-3686-4d58-8030-6a34dfc59477 Heaviness: 6 limit: 5
2019-09-26 10:50:11,197 [RatisPipelineUtilsThread] INFO  pipeline.PipelinePlacementPolicy (PipelinePlacementPolicy.java:meetCriteria(91)) - Pipeline Placement: can't place more pipeline on heavy datanode： d084370a-b4cb-43c6-bd03-156c72c6b0ec Heaviness: 6 limit: 5
2019-09-26 10:50:11,203 [grpc-default-executor-0] INFO  impl.RaftServerProxy (RaftServerProxy.java:addNew(89)) - ba528854-06f2-48b1-90e3-e0173cc2f66a: addNew group-92E1F556696E:[ba528854-06f2-48b1-90e3-e0173cc2f66a:192.168.30.13:45540] returns group-92E1F556696E:java.util.concurrent.CompletableFuture@184af071[Not completed]
2019-09-26 10:50:11,204 [pool-147-thread-1] INFO  impl.RaftServerImpl (RaftServerImpl.java:<init>(95)) - ba528854-06f2-48b1-90e3-e0173cc2f66a: new RaftServerImpl for group-92E1F556696E:[ba528854-06f2-48b1-90e3-e0173cc2f66a:192.168.30.13:45540] with ContainerStateMachine:uninitialized
2019-09-26 10:50:11,204 [pool-147-thread-1] INFO  server.RaftServerConfigKeys (ConfUtils.java:logGet(43)) - raft.server.rpc.timeout.min = 5s (custom)
2019-09-26 10:50:11,205 [pool-147-thread-1] INFO  server.RaftServerConfigKeys (ConfUtils.java:logGet(43)) - raft.server.rpc.timeout.max = 5200ms (custom)
2019-09-26 10:50:11,205 [pool-147-thread-1] INFO  server.RaftServerConfigKeys (ConfUtils.java:logGet(43)) - raft.server.rpcslowness.timeout = 120s (custom)
2019-09-26 10:50:11,205 [pool-147-thread-1] INFO  server.RaftServerConfigKeys (ConfUtils.java:logGet(43)) - raft.server.sleep.deviation.threshold = 300 (default)
2019-09-26 10:50:11,205 [pool-147-thread-1] INFO  server.RaftServerConfigKeys (ConfUtils.java:logGet(43)) - raft.server.log.appender.install.snapshot.enabled = false (custom)
2019-09-26 10:50:11,205 [pool-147-thread-1] INFO  impl.RaftServerImpl (ServerState.java:<init>(103)) - ba528854-06f2-48b1-90e3-e0173cc2f66a@group-92E1F556696E: ConfigurationManager, init=-1: [ba528854-06f2-48b1-90e3-e0173cc2f66a:192.168.30.13:45540], old=null, confs=<EMPTY_MAP>
2019-09-26 10:50:11,205 [pool-147-thread-1] INFO  server.RaftServerConfigKeys (ConfUtils.java:logGet(43)) - raft.server.storage.dir = [/workdir/hadoop-ozone/ozonefs/target/test-dir/MiniOzoneClusterImpl-c30abbcc-9270-495d-991f-83e55dc7fba6/datanode-2/data/ratis] (custom)
2019-09-26 10:50:11,206 [pool-147-thread-1] INFO  storage.RaftStorageDirectory (RaftStorageDirectory.java:analyzeStorage(246)) - The storage directory /workdir/hadoop-ozone/ozonefs/target/test-dir/MiniOzoneClusterImpl-c30abbcc-9270-495d-991f-83e55dc7fba6/datanode-2/data/ratis/52afa888-6fff-4dc9-a786-92e1f556696e does not exist. Creating ...
2019-09-26 10:50:11,219 [pool-147-thread-1] INFO  storage.RaftStorageDirectory (RaftStorageDirectory.java:tryLock(328)) - Lock on /workdir/hadoop-ozone/ozonefs/target/test-dir/MiniOzoneClusterImpl-c30abbcc-9270-495d-991f-83e55dc7fba6/datanode-2/data/ratis/52afa888-6fff-4dc9-a786-92e1f556696e/in_use.lock acquired by nodename 25633@pr-hdds-1569-wvzgm-824869521
2019-09-26 10:50:11,250 [pool-147-thread-1] INFO  storage.RaftStorage (RaftStorage.java:format(72)) - Storage directory /workdir/hadoop-ozone/ozonefs/target/test-dir/MiniOzoneClusterImpl-c30abbcc-9270-495d-991f-83e55dc7fba6/datanode-2/data/ratis/52afa888-6fff-4dc9-a786-92e1f556696e has been successfully formatted.
2019-09-26 10:50:11,251 [pool-147-thread-1] INFO  ratis.ContainerStateMachine (ContainerStateMachine.java:loadSnapshot(230)) - group-92E1F556696E: The snapshot info is null. Setting the last applied indexto:(t:0, i:~)
2019-09-26 10:50:11,251 [pool-147-thread-1] INFO  server.RaftServerConfigKeys (ConfUtils.java:logGet(43)) - raft.server.notification.no-leader.timeout = 120s (custom)
2019-09-26 10:50:11,251 [pool-147-thread-1] INFO  server.RaftServerConfigKeys (ConfUtils.java:logGet(43)) - raft.server.log.use.memory = false (default)
2019-09-26 10:50:11,251 [pool-147-thread-1] INFO  server.RaftServerConfigKeys (ConfUtils.java:logGet(43)) - raft.server.log.purge.gap = 1000000 (custom)
2019-09-26 10:50:11,252 [pool-147-thread-1] INFO  server.RaftServerConfigKeys (ConfUtils.java:logGet(43)) - raft.server.log.appender.buffer.byte-limit = 33554432 (custom)
2019-09-26 10:50:11,252 [pool-147-thread-1] INFO  server.RaftServerConfigKeys (ConfUtils.java:logGet(43)) - raft.server.log.segment.size.max = 1048576 (custom)
2019-09-26 10:50:11,252 [pool-147-thread-1] INFO  server.RaftServerConfigKeys (ConfUtils.java:logGet(43)) - raft.server.log.segment.cache.num.max = 2 (custom)
2019-09-26 10:50:11,252 [pool-147-thread-1] INFO  segmented.SegmentedRaftLogWorker (SegmentedRaftLogWorker.java:<init>(172)) - new ba528854-06f2-48b1-90e3-e0173cc2f66a@group-92E1F556696E-SegmentedRaftLogWorker for RaftStorage:Storage Directory /workdir/hadoop-ozone/ozonefs/target/test-dir/MiniOzoneClusterImpl-c30abbcc-9270-495d-991f-83e55dc7fba6/datanode-2/data/ratis/52afa888-6fff-4dc9-a786-92e1f556696e
2019-09-26 10:50:11,252 [pool-147-thread-1] INFO  server.RaftServerConfigKeys (ConfUtils.java:logGet(43)) - raft.server.log.queue.byte-limit = 2147483647 (custom)
2019-09-26 10:50:11,252 [pool-147-thread-1] INFO  server.RaftServerConfigKeys (ConfUtils.java:logGet(43)) - raft.server.log.queue.element-limit = 1024 (custom)
2019-09-26 10:50:11,253 [pool-147-thread-1] INFO  server.RaftServerConfigKeys (ConfUtils.java:logGet(43)) - raft.server.log.segment.size.max = 1048576 (custom)
2019-09-26 10:50:11,253 [pool-147-thread-1] INFO  server.RaftServerConfigKeys (ConfUtils.java:logGet(43)) - raft.server.log.preallocated.size = 16384 (custom)
2019-09-26 10:50:11,253 [pool-147-thread-1] INFO  server.RaftServerConfigKeys (ConfUtils.java:logGet(43)) - raft.server.log.write.buffer.size = 33554432 (custom)
2019-09-26 10:50:11,253 [pool-147-thread-1] INFO  server.RaftServerConfigKeys (ConfUtils.java:logGet(43)) - raft.server.log.force.sync.num = 128 (default)
2019-09-26 10:50:11,253 [pool-147-thread-1] INFO  server.RaftServerConfigKeys (ConfUtils.java:logGet(43)) - raft.server.log.statemachine.data.sync = true (default)
2019-09-26 10:50:11,253 [pool-147-thread-1] INFO  server.RaftServerConfigKeys (ConfUtils.java:logGet(43)) - raft.server.log.statemachine.data.sync.timeout = 10s (default)
2019-09-26 10:50:11,254 [pool-147-thread-1] INFO  server.RaftServerConfigKeys (ConfUtils.java:logGet(43)) - raft.server.log.statemachine.data.sync.timeout.retry = -1 (default)
2019-09-26 10:50:11,254 [pool-147-thread-1] INFO  server.RaftServerConfigKeys (ConfUtils.java:logGet(43)) - raft.server.log.statemachine.data.caching.enabled = true (custom)
2019-09-26 10:50:11,254 [pool-147-thread-1] INFO  segmented.SegmentedRaftLogWorker (SegmentedRaftLogWorker.java:lambda$new$0(132)) - ba528854-06f2-48b1-90e3-e0173cc2f66a@group-92E1F556696E-SegmentedRaftLogWorker: flushIndex: setUnconditionally 0 -> -1
2019-09-26 10:50:11,255 [pool-147-thread-1] INFO  server.RaftServerConfigKeys (ConfUtils.java:logGet(43)) - raft.server.snapshot.auto.trigger.enabled = true (custom)
2019-09-26 10:50:11,255 [pool-147-thread-1] INFO  server.RaftServerConfigKeys (ConfUtils.java:logGet(43)) - raft.server.snapshot.auto.trigger.threshold = 10000 (custom)
2019-09-26 10:50:11,255 [pool-147-thread-1] INFO  server.RaftServerConfigKeys (ConfUtils.java:logGet(43)) - raft.server.snapshot.retention.num.files = 5 (custom)
2019-09-26 10:50:11,255 [pool-147-thread-1] INFO  server.RaftServerConfigKeys (ConfUtils.java:logGet(43)) - raft.server.retrycache.expirytime = 600000ms (custom)
2019-09-26 10:50:11,258 [pool-147-thread-1] INFO  impl.RaftServerImpl (RaftServerImpl.java:start(185)) - ba528854-06f2-48b1-90e3-e0173cc2f66a@group-92E1F556696E: start as a follower, conf=-1: [ba528854-06f2-48b1-90e3-e0173cc2f66a:192.168.30.13:45540], old=null
2019-09-26 10:50:11,258 [pool-147-thread-1] INFO  impl.RaftServerImpl (RaftServerImpl.java:setRole(174)) - ba528854-06f2-48b1-90e3-e0173cc2f66a@group-92E1F556696E: changes role from      null to FOLLOWER at term 0 for startAsFollower
2019-09-26 10:50:11,258 [pool-147-thread-1] INFO  impl.RoleInfo (RoleInfo.java:updateAndGet(143)) - ba528854-06f2-48b1-90e3-e0173cc2f66a: start FollowerState
2019-09-26 10:50:11,258 [pool-147-thread-1] INFO  util.JmxRegister (JmxRegister.java:tryRegister(44)) - Successfully registered JMX Bean with object name Ratis:service=RaftServer,group=group-92E1F556696E,id=ba528854-06f2-48b1-90e3-e0173cc2f66a
2019-09-26 10:50:11,262 [RatisPipelineUtilsThread] INFO  pipeline.PipelineStateManager (PipelineStateManager.java:addPipeline(56)) - Created pipeline Pipeline[ Id: 52afa888-6fff-4dc9-a786-92e1f556696e, Nodes: ba528854-06f2-48b1-90e3-e0173cc2f66a{ip: 192.168.30.13, host: pr-hdds-1569-wvzgm-824869521, networkLocation: /default-rack, certSerialId: null}, Type:RATIS, Factor:ONE, State:OPEN]
2019-09-26 10:50:11,263 [RatisPipelineUtilsThread] INFO  pipeline.PipelinePlacementPolicy (PipelinePlacementPolicy.java:meetCriteria(91)) - Pipeline Placement: can't place more pipeline on heavy datanode： 76999e15-3686-4d58-8030-6a34dfc59477 Heaviness: 6 limit: 5
2019-09-26 10:50:11,263 [RatisPipelineUtilsThread] INFO  pipeline.PipelinePlacementPolicy (PipelinePlacementPolicy.java:meetCriteria(91)) - Pipeline Placement: can't place more pipeline on heavy datanode： d084370a-b4cb-43c6-bd03-156c72c6b0ec Heaviness: 6 limit: 5
2019-09-26 10:50:11,270 [grpc-default-executor-0] INFO  impl.RaftServerProxy (RaftServerProxy.java:addNew(89)) - ba528854-06f2-48b1-90e3-e0173cc2f66a: addNew group-A73CD8418C1D:[ba528854-06f2-48b1-90e3-e0173cc2f66a:192.168.30.13:45540] returns group-A73CD8418C1D:java.util.concurrent.CompletableFuture@1a137bd8[Not completed]
2019-09-26 10:50:11,272 [pool-147-thread-1] INFO  impl.RaftServerImpl (RaftServerImpl.java:<init>(95)) - ba528854-06f2-48b1-90e3-e0173cc2f66a: new RaftServerImpl for group-A73CD8418C1D:[ba528854-06f2-48b1-90e3-e0173cc2f66a:192.168.30.13:45540] with ContainerStateMachine:uninitialized
2019-09-26 10:50:11,272 [pool-147-thread-1] INFO  server.RaftServerConfigKeys (ConfUtils.java:logGet(43)) - raft.server.rpc.timeout.min = 5s (custom)
2019-09-26 10:50:11,272 [pool-147-thread-1] INFO  server.RaftServerConfigKeys (ConfUtils.java:logGet(43)) - raft.server.rpc.timeout.max = 5200ms (custom)
2019-09-26 10:50:11,272 [pool-147-thread-1] INFO  server.RaftServerConfigKeys (ConfUtils.java:logGet(43)) - raft.server.rpcslowness.timeout = 120s (custom)
2019-09-26 10:50:11,272 [pool-147-thread-1] INFO  server.RaftServerConfigKeys (ConfUtils.java:logGet(43)) - raft.server.sleep.deviation.threshold = 300 (default)
2019-09-26 10:50:11,273 [pool-147-thread-1] INFO  server.RaftServerConfigKeys (ConfUtils.java:logGet(43)) - raft.server.log.appender.install.snapshot.enabled = false (custom)
2019-09-26 10:50:11,273 [pool-147-thread-1] INFO  impl.RaftServerImpl (ServerState.java:<init>(103)) - ba528854-06f2-48b1-90e3-e0173cc2f66a@group-A73CD8418C1D: ConfigurationManager, init=-1: [ba528854-06f2-48b1-90e3-e0173cc2f66a:192.168.30.13:45540], old=null, confs=<EMPTY_MAP>
2019-09-26 10:50:11,273 [pool-147-thread-1] INFO  server.RaftServerConfigKeys (ConfUtils.java:logGet(43)) - raft.server.storage.dir = [/workdir/hadoop-ozone/ozonefs/target/test-dir/MiniOzoneClusterImpl-c30abbcc-9270-495d-991f-83e55dc7fba6/datanode-2/data/ratis] (custom)
2019-09-26 10:50:11,273 [pool-147-thread-1] INFO  storage.RaftStorageDirectory (RaftStorageDirectory.java:analyzeStorage(246)) - The storage directory /workdir/hadoop-ozone/ozonefs/target/test-dir/MiniOzoneClusterImpl-c30abbcc-9270-495d-991f-83e55dc7fba6/datanode-2/data/ratis/28914997-77a2-45a6-9acb-a73cd8418c1d does not exist. Creating ...
2019-09-26 10:50:11,287 [pool-147-thread-1] INFO  storage.RaftStorageDirectory (RaftStorageDirectory.java:tryLock(328)) - Lock on /workdir/hadoop-ozone/ozonefs/target/test-dir/MiniOzoneClusterImpl-c30abbcc-9270-495d-991f-83e55dc7fba6/datanode-2/data/ratis/28914997-77a2-45a6-9acb-a73cd8418c1d/in_use.lock acquired by nodename 25633@pr-hdds-1569-wvzgm-824869521
2019-09-26 10:50:11,312 [pool-147-thread-1] INFO  storage.RaftStorage (RaftStorage.java:format(72)) - Storage directory /workdir/hadoop-ozone/ozonefs/target/test-dir/MiniOzoneClusterImpl-c30abbcc-9270-495d-991f-83e55dc7fba6/datanode-2/data/ratis/28914997-77a2-45a6-9acb-a73cd8418c1d has been successfully formatted.
2019-09-26 10:50:11,312 [pool-147-thread-1] INFO  ratis.ContainerStateMachine (ContainerStateMachine.java:loadSnapshot(230)) - group-A73CD8418C1D: The snapshot info is null. Setting the last applied indexto:(t:0, i:~)
2019-09-26 10:50:11,312 [pool-147-thread-1] INFO  server.RaftServerConfigKeys (ConfUtils.java:logGet(43)) - raft.server.notification.no-leader.timeout = 120s (custom)
2019-09-26 10:50:11,312 [pool-147-thread-1] INFO  server.RaftServerConfigKeys (ConfUtils.java:logGet(43)) - raft.server.log.use.memory = false (default)
2019-09-26 10:50:11,313 [pool-147-thread-1] INFO  server.RaftServerConfigKeys (ConfUtils.java:logGet(43)) - raft.server.log.purge.gap = 1000000 (custom)
2019-09-26 10:50:11,313 [pool-147-thread-1] INFO  server.RaftServerConfigKeys (ConfUtils.java:logGet(43)) - raft.server.log.appender.buffer.byte-limit = 33554432 (custom)
2019-09-26 10:50:11,313 [pool-147-thread-1] INFO  server.RaftServerConfigKeys (ConfUtils.java:logGet(43)) - raft.server.log.segment.size.max = 1048576 (custom)
2019-09-26 10:50:11,313 [pool-147-thread-1] INFO  server.RaftServerConfigKeys (ConfUtils.java:logGet(43)) - raft.server.log.segment.cache.num.max = 2 (custom)
2019-09-26 10:50:11,313 [pool-147-thread-1] INFO  segmented.SegmentedRaftLogWorker (SegmentedRaftLogWorker.java:<init>(172)) - new ba528854-06f2-48b1-90e3-e0173cc2f66a@group-A73CD8418C1D-SegmentedRaftLogWorker for RaftStorage:Storage Directory /workdir/hadoop-ozone/ozonefs/target/test-dir/MiniOzoneClusterImpl-c30abbcc-9270-495d-991f-83e55dc7fba6/datanode-2/data/ratis/28914997-77a2-45a6-9acb-a73cd8418c1d
2019-09-26 10:50:11,313 [pool-147-thread-1] INFO  server.RaftServerConfigKeys (ConfUtils.java:logGet(43)) - raft.server.log.queue.byte-limit = 2147483647 (custom)
2019-09-26 10:50:11,314 [pool-147-thread-1] INFO  server.RaftServerConfigKeys (ConfUtils.java:logGet(43)) - raft.server.log.queue.element-limit = 1024 (custom)
2019-09-26 10:50:11,314 [pool-147-thread-1] INFO  server.RaftServerConfigKeys (ConfUtils.java:logGet(43)) - raft.server.log.segment.size.max = 1048576 (custom)
2019-09-26 10:50:11,314 [pool-147-thread-1] INFO  server.RaftServerConfigKeys (ConfUtils.java:logGet(43)) - raft.server.log.preallocated.size = 16384 (custom)
2019-09-26 10:50:11,314 [pool-147-thread-1] INFO  server.RaftServerConfigKeys (ConfUtils.java:logGet(43)) - raft.server.log.write.buffer.size = 33554432 (custom)
2019-09-26 10:50:11,314 [pool-147-thread-1] INFO  server.RaftServerConfigKeys (ConfUtils.java:logGet(43)) - raft.server.log.force.sync.num = 128 (default)
2019-09-26 10:50:11,314 [pool-147-thread-1] INFO  server.RaftServerConfigKeys (ConfUtils.java:logGet(43)) - raft.server.log.statemachine.data.sync = true (default)
2019-09-26 10:50:11,314 [pool-147-thread-1] INFO  server.RaftServerConfigKeys (ConfUtils.java:logGet(43)) - raft.server.log.statemachine.data.sync.timeout = 10s (default)
2019-09-26 10:50:11,315 [pool-147-thread-1] INFO  server.RaftServerConfigKeys (ConfUtils.java:logGet(43)) - raft.server.log.statemachine.data.sync.timeout.retry = -1 (default)
2019-09-26 10:50:11,315 [pool-147-thread-1] INFO  server.RaftServerConfigKeys (ConfUtils.java:logGet(43)) - raft.server.log.statemachine.data.caching.enabled = true (custom)
2019-09-26 10:50:11,315 [pool-147-thread-1] INFO  segmented.SegmentedRaftLogWorker (SegmentedRaftLogWorker.java:lambda$new$0(132)) - ba528854-06f2-48b1-90e3-e0173cc2f66a@group-A73CD8418C1D-SegmentedRaftLogWorker: flushIndex: setUnconditionally 0 -> -1
2019-09-26 10:50:11,316 [pool-147-thread-1] INFO  server.RaftServerConfigKeys (ConfUtils.java:logGet(43)) - raft.server.snapshot.auto.trigger.enabled = true (custom)
2019-09-26 10:50:11,316 [pool-147-thread-1] INFO  server.RaftServerConfigKeys (ConfUtils.java:logGet(43)) - raft.server.snapshot.auto.trigger.threshold = 10000 (custom)
2019-09-26 10:50:11,316 [pool-147-thread-1] INFO  server.RaftServerConfigKeys (ConfUtils.java:logGet(43)) - raft.server.snapshot.retention.num.files = 5 (custom)
2019-09-26 10:50:11,316 [pool-147-thread-1] INFO  server.RaftServerConfigKeys (ConfUtils.java:logGet(43)) - raft.server.retrycache.expirytime = 600000ms (custom)
2019-09-26 10:50:11,318 [pool-147-thread-1] INFO  impl.RaftServerImpl (RaftServerImpl.java:start(185)) - ba528854-06f2-48b1-90e3-e0173cc2f66a@group-A73CD8418C1D: start as a follower, conf=-1: [ba528854-06f2-48b1-90e3-e0173cc2f66a:192.168.30.13:45540], old=null
2019-09-26 10:50:11,318 [pool-147-thread-1] INFO  impl.RaftServerImpl (RaftServerImpl.java:setRole(174)) - ba528854-06f2-48b1-90e3-e0173cc2f66a@group-A73CD8418C1D: changes role from      null to FOLLOWER at term 0 for startAsFollower
2019-09-26 10:50:11,318 [pool-147-thread-1] INFO  impl.RoleInfo (RoleInfo.java:updateAndGet(143)) - ba528854-06f2-48b1-90e3-e0173cc2f66a: start FollowerState
2019-09-26 10:50:11,319 [pool-147-thread-1] INFO  util.JmxRegister (JmxRegister.java:tryRegister(44)) - Successfully registered JMX Bean with object name Ratis:service=RaftServer,group=group-A73CD8418C1D,id=ba528854-06f2-48b1-90e3-e0173cc2f66a
2019-09-26 10:50:11,322 [RatisPipelineUtilsThread] INFO  pipeline.PipelineStateManager (PipelineStateManager.java:addPipeline(56)) - Created pipeline Pipeline[ Id: 28914997-77a2-45a6-9acb-a73cd8418c1d, Nodes: ba528854-06f2-48b1-90e3-e0173cc2f66a{ip: 192.168.30.13, host: pr-hdds-1569-wvzgm-824869521, networkLocation: /default-rack, certSerialId: null}, Type:RATIS, Factor:ONE, State:OPEN]
2019-09-26 10:50:11,323 [RatisPipelineUtilsThread] INFO  pipeline.PipelinePlacementPolicy (PipelinePlacementPolicy.java:meetCriteria(91)) - Pipeline Placement: can't place more pipeline on heavy datanode： 76999e15-3686-4d58-8030-6a34dfc59477 Heaviness: 6 limit: 5
2019-09-26 10:50:11,323 [RatisPipelineUtilsThread] INFO  pipeline.PipelinePlacementPolicy (PipelinePlacementPolicy.java:meetCriteria(91)) - Pipeline Placement: can't place more pipeline on heavy datanode： d084370a-b4cb-43c6-bd03-156c72c6b0ec Heaviness: 6 limit: 5
2019-09-26 10:50:11,329 [grpc-default-executor-0] INFO  impl.RaftServerProxy (RaftServerProxy.java:addNew(89)) - ba528854-06f2-48b1-90e3-e0173cc2f66a: addNew group-7E8F8E7C7237:[ba528854-06f2-48b1-90e3-e0173cc2f66a:192.168.30.13:45540] returns group-7E8F8E7C7237:java.util.concurrent.CompletableFuture@4182b929[Not completed]
2019-09-26 10:50:11,330 [pool-147-thread-1] INFO  impl.RaftServerImpl (RaftServerImpl.java:<init>(95)) - ba528854-06f2-48b1-90e3-e0173cc2f66a: new RaftServerImpl for group-7E8F8E7C7237:[ba528854-06f2-48b1-90e3-e0173cc2f66a:192.168.30.13:45540] with ContainerStateMachine:uninitialized
2019-09-26 10:50:11,330 [pool-147-thread-1] INFO  server.RaftServerConfigKeys (ConfUtils.java:logGet(43)) - raft.server.rpc.timeout.min = 5s (custom)
2019-09-26 10:50:11,330 [pool-147-thread-1] INFO  server.RaftServerConfigKeys (ConfUtils.java:logGet(43)) - raft.server.rpc.timeout.max = 5200ms (custom)
2019-09-26 10:50:11,330 [pool-147-thread-1] INFO  server.RaftServerConfigKeys (ConfUtils.java:logGet(43)) - raft.server.rpcslowness.timeout = 120s (custom)
2019-09-26 10:50:11,331 [pool-147-thread-1] INFO  server.RaftServerConfigKeys (ConfUtils.java:logGet(43)) - raft.server.sleep.deviation.threshold = 300 (default)
2019-09-26 10:50:11,331 [pool-147-thread-1] INFO  server.RaftServerConfigKeys (ConfUtils.java:logGet(43)) - raft.server.log.appender.install.snapshot.enabled = false (custom)
2019-09-26 10:50:11,331 [pool-147-thread-1] INFO  impl.RaftServerImpl (ServerState.java:<init>(103)) - ba528854-06f2-48b1-90e3-e0173cc2f66a@group-7E8F8E7C7237: ConfigurationManager, init=-1: [ba528854-06f2-48b1-90e3-e0173cc2f66a:192.168.30.13:45540], old=null, confs=<EMPTY_MAP>
2019-09-26 10:50:11,331 [pool-147-thread-1] INFO  server.RaftServerConfigKeys (ConfUtils.java:logGet(43)) - raft.server.storage.dir = [/workdir/hadoop-ozone/ozonefs/target/test-dir/MiniOzoneClusterImpl-c30abbcc-9270-495d-991f-83e55dc7fba6/datanode-2/data/ratis] (custom)
2019-09-26 10:50:11,331 [pool-147-thread-1] INFO  storage.RaftStorageDirectory (RaftStorageDirectory.java:analyzeStorage(246)) - The storage directory /workdir/hadoop-ozone/ozonefs/target/test-dir/MiniOzoneClusterImpl-c30abbcc-9270-495d-991f-83e55dc7fba6/datanode-2/data/ratis/3844a1c9-e546-4ae9-b6de-7e8f8e7c7237 does not exist. Creating ...
2019-09-26 10:50:11,344 [pool-147-thread-1] INFO  storage.RaftStorageDirectory (RaftStorageDirectory.java:tryLock(328)) - Lock on /workdir/hadoop-ozone/ozonefs/target/test-dir/MiniOzoneClusterImpl-c30abbcc-9270-495d-991f-83e55dc7fba6/datanode-2/data/ratis/3844a1c9-e546-4ae9-b6de-7e8f8e7c7237/in_use.lock acquired by nodename 25633@pr-hdds-1569-wvzgm-824869521
2019-09-26 10:50:11,357 [pool-147-thread-1] INFO  storage.RaftStorage (RaftStorage.java:format(72)) - Storage directory /workdir/hadoop-ozone/ozonefs/target/test-dir/MiniOzoneClusterImpl-c30abbcc-9270-495d-991f-83e55dc7fba6/datanode-2/data/ratis/3844a1c9-e546-4ae9-b6de-7e8f8e7c7237 has been successfully formatted.
2019-09-26 10:50:11,357 [pool-147-thread-1] INFO  ratis.ContainerStateMachine (ContainerStateMachine.java:loadSnapshot(230)) - group-7E8F8E7C7237: The snapshot info is null. Setting the last applied indexto:(t:0, i:~)
2019-09-26 10:50:11,357 [pool-147-thread-1] INFO  server.RaftServerConfigKeys (ConfUtils.java:logGet(43)) - raft.server.notification.no-leader.timeout = 120s (custom)
2019-09-26 10:50:11,357 [pool-147-thread-1] INFO  server.RaftServerConfigKeys (ConfUtils.java:logGet(43)) - raft.server.log.use.memory = false (default)
2019-09-26 10:50:11,357 [pool-147-thread-1] INFO  server.RaftServerConfigKeys (ConfUtils.java:logGet(43)) - raft.server.log.purge.gap = 1000000 (custom)
2019-09-26 10:50:11,357 [pool-147-thread-1] INFO  server.RaftServerConfigKeys (ConfUtils.java:logGet(43)) - raft.server.log.appender.buffer.byte-limit = 33554432 (custom)
2019-09-26 10:50:11,358 [pool-147-thread-1] INFO  server.RaftServerConfigKeys (ConfUtils.java:logGet(43)) - raft.server.log.segment.size.max = 1048576 (custom)
2019-09-26 10:50:11,358 [pool-147-thread-1] INFO  server.RaftServerConfigKeys (ConfUtils.java:logGet(43)) - raft.server.log.segment.cache.num.max = 2 (custom)
2019-09-26 10:50:11,358 [pool-147-thread-1] INFO  segmented.SegmentedRaftLogWorker (SegmentedRaftLogWorker.java:<init>(172)) - new ba528854-06f2-48b1-90e3-e0173cc2f66a@group-7E8F8E7C7237-SegmentedRaftLogWorker for RaftStorage:Storage Directory /workdir/hadoop-ozone/ozonefs/target/test-dir/MiniOzoneClusterImpl-c30abbcc-9270-495d-991f-83e55dc7fba6/datanode-2/data/ratis/3844a1c9-e546-4ae9-b6de-7e8f8e7c7237
2019-09-26 10:50:11,358 [pool-147-thread-1] INFO  server.RaftServerConfigKeys (ConfUtils.java:logGet(43)) - raft.server.log.queue.byte-limit = 2147483647 (custom)
2019-09-26 10:50:11,358 [pool-147-thread-1] INFO  server.RaftServerConfigKeys (ConfUtils.java:logGet(43)) - raft.server.log.queue.element-limit = 1024 (custom)
2019-09-26 10:50:11,358 [pool-147-thread-1] INFO  server.RaftServerConfigKeys (ConfUtils.java:logGet(43)) - raft.server.log.segment.size.max = 1048576 (custom)
2019-09-26 10:50:11,358 [pool-147-thread-1] INFO  server.RaftServerConfigKeys (ConfUtils.java:logGet(43)) - raft.server.log.preallocated.size = 16384 (custom)
2019-09-26 10:50:11,358 [pool-147-thread-1] INFO  server.RaftServerConfigKeys (ConfUtils.java:logGet(43)) - raft.server.log.write.buffer.size = 33554432 (custom)
2019-09-26 10:50:11,359 [pool-147-thread-1] INFO  server.RaftServerConfigKeys (ConfUtils.java:logGet(43)) - raft.server.log.force.sync.num = 128 (default)
2019-09-26 10:50:11,359 [pool-147-thread-1] INFO  server.RaftServerConfigKeys (ConfUtils.java:logGet(43)) - raft.server.log.statemachine.data.sync = true (default)
2019-09-26 10:50:11,359 [pool-147-thread-1] INFO  server.RaftServerConfigKeys (ConfUtils.java:logGet(43)) - raft.server.log.statemachine.data.sync.timeout = 10s (default)
2019-09-26 10:50:11,359 [pool-147-thread-1] INFO  server.RaftServerConfigKeys (ConfUtils.java:logGet(43)) - raft.server.log.statemachine.data.sync.timeout.retry = -1 (default)
2019-09-26 10:50:11,359 [pool-147-thread-1] INFO  server.RaftServerConfigKeys (ConfUtils.java:logGet(43)) - raft.server.log.statemachine.data.caching.enabled = true (custom)
2019-09-26 10:50:11,359 [pool-147-thread-1] INFO  segmented.SegmentedRaftLogWorker (SegmentedRaftLogWorker.java:lambda$new$0(132)) - ba528854-06f2-48b1-90e3-e0173cc2f66a@group-7E8F8E7C7237-SegmentedRaftLogWorker: flushIndex: setUnconditionally 0 -> -1
2019-09-26 10:50:11,360 [pool-147-thread-1] INFO  server.RaftServerConfigKeys (ConfUtils.java:logGet(43)) - raft.server.snapshot.auto.trigger.enabled = true (custom)
2019-09-26 10:50:11,360 [pool-147-thread-1] INFO  server.RaftServerConfigKeys (ConfUtils.java:logGet(43)) - raft.server.snapshot.auto.trigger.threshold = 10000 (custom)
2019-09-26 10:50:11,360 [pool-147-thread-1] INFO  server.RaftServerConfigKeys (ConfUtils.java:logGet(43)) - raft.server.snapshot.retention.num.files = 5 (custom)
2019-09-26 10:50:11,360 [pool-147-thread-1] INFO  server.RaftServerConfigKeys (ConfUtils.java:logGet(43)) - raft.server.retrycache.expirytime = 600000ms (custom)
2019-09-26 10:50:11,362 [pool-147-thread-1] INFO  impl.RaftServerImpl (RaftServerImpl.java:start(185)) - ba528854-06f2-48b1-90e3-e0173cc2f66a@group-7E8F8E7C7237: start as a follower, conf=-1: [ba528854-06f2-48b1-90e3-e0173cc2f66a:192.168.30.13:45540], old=null
2019-09-26 10:50:11,362 [pool-147-thread-1] INFO  impl.RaftServerImpl (RaftServerImpl.java:setRole(174)) - ba528854-06f2-48b1-90e3-e0173cc2f66a@group-7E8F8E7C7237: changes role from      null to FOLLOWER at term 0 for startAsFollower
2019-09-26 10:50:11,362 [pool-147-thread-1] INFO  impl.RoleInfo (RoleInfo.java:updateAndGet(143)) - ba528854-06f2-48b1-90e3-e0173cc2f66a: start FollowerState
2019-09-26 10:50:11,362 [pool-147-thread-1] INFO  util.JmxRegister (JmxRegister.java:tryRegister(44)) - Successfully registered JMX Bean with object name Ratis:service=RaftServer,group=group-7E8F8E7C7237,id=ba528854-06f2-48b1-90e3-e0173cc2f66a
2019-09-26 10:50:11,365 [RatisPipelineUtilsThread] INFO  pipeline.PipelineStateManager (PipelineStateManager.java:addPipeline(56)) - Created pipeline Pipeline[ Id: 3844a1c9-e546-4ae9-b6de-7e8f8e7c7237, Nodes: ba528854-06f2-48b1-90e3-e0173cc2f66a{ip: 192.168.30.13, host: pr-hdds-1569-wvzgm-824869521, networkLocation: /default-rack, certSerialId: null}, Type:RATIS, Factor:ONE, State:OPEN]
2019-09-26 10:50:11,366 [RatisPipelineUtilsThread] INFO  pipeline.PipelinePlacementPolicy (PipelinePlacementPolicy.java:meetCriteria(91)) - Pipeline Placement: can't place more pipeline on heavy datanode： 76999e15-3686-4d58-8030-6a34dfc59477 Heaviness: 6 limit: 5
2019-09-26 10:50:11,366 [RatisPipelineUtilsThread] INFO  pipeline.PipelinePlacementPolicy (PipelinePlacementPolicy.java:meetCriteria(91)) - Pipeline Placement: can't place more pipeline on heavy datanode： d084370a-b4cb-43c6-bd03-156c72c6b0ec Heaviness: 6 limit: 5
2019-09-26 10:50:11,371 [grpc-default-executor-0] INFO  impl.RaftServerProxy (RaftServerProxy.java:addNew(89)) - ba528854-06f2-48b1-90e3-e0173cc2f66a: addNew group-CAE2FE6B22AC:[ba528854-06f2-48b1-90e3-e0173cc2f66a:192.168.30.13:45540] returns group-CAE2FE6B22AC:java.util.concurrent.CompletableFuture@273ef5dc[Not completed]
2019-09-26 10:50:11,372 [pool-147-thread-1] INFO  impl.RaftServerImpl (RaftServerImpl.java:<init>(95)) - ba528854-06f2-48b1-90e3-e0173cc2f66a: new RaftServerImpl for group-CAE2FE6B22AC:[ba528854-06f2-48b1-90e3-e0173cc2f66a:192.168.30.13:45540] with ContainerStateMachine:uninitialized
2019-09-26 10:50:11,372 [pool-147-thread-1] INFO  server.RaftServerConfigKeys (ConfUtils.java:logGet(43)) - raft.server.rpc.timeout.min = 5s (custom)
2019-09-26 10:50:11,372 [pool-147-thread-1] INFO  server.RaftServerConfigKeys (ConfUtils.java:logGet(43)) - raft.server.rpc.timeout.max = 5200ms (custom)
2019-09-26 10:50:11,373 [pool-147-thread-1] INFO  server.RaftServerConfigKeys (ConfUtils.java:logGet(43)) - raft.server.rpcslowness.timeout = 120s (custom)
2019-09-26 10:50:11,373 [pool-147-thread-1] INFO  server.RaftServerConfigKeys (ConfUtils.java:logGet(43)) - raft.server.sleep.deviation.threshold = 300 (default)
2019-09-26 10:50:11,373 [pool-147-thread-1] INFO  server.RaftServerConfigKeys (ConfUtils.java:logGet(43)) - raft.server.log.appender.install.snapshot.enabled = false (custom)
2019-09-26 10:50:11,373 [pool-147-thread-1] INFO  impl.RaftServerImpl (ServerState.java:<init>(103)) - ba528854-06f2-48b1-90e3-e0173cc2f66a@group-CAE2FE6B22AC: ConfigurationManager, init=-1: [ba528854-06f2-48b1-90e3-e0173cc2f66a:192.168.30.13:45540], old=null, confs=<EMPTY_MAP>
2019-09-26 10:50:11,373 [pool-147-thread-1] INFO  server.RaftServerConfigKeys (ConfUtils.java:logGet(43)) - raft.server.storage.dir = [/workdir/hadoop-ozone/ozonefs/target/test-dir/MiniOzoneClusterImpl-c30abbcc-9270-495d-991f-83e55dc7fba6/datanode-2/data/ratis] (custom)
2019-09-26 10:50:11,373 [pool-147-thread-1] INFO  storage.RaftStorageDirectory (RaftStorageDirectory.java:analyzeStorage(246)) - The storage directory /workdir/hadoop-ozone/ozonefs/target/test-dir/MiniOzoneClusterImpl-c30abbcc-9270-495d-991f-83e55dc7fba6/datanode-2/data/ratis/53d765c3-28b7-4497-bb20-cae2fe6b22ac does not exist. Creating ...
2019-09-26 10:50:11,386 [pool-147-thread-1] INFO  storage.RaftStorageDirectory (RaftStorageDirectory.java:tryLock(328)) - Lock on /workdir/hadoop-ozone/ozonefs/target/test-dir/MiniOzoneClusterImpl-c30abbcc-9270-495d-991f-83e55dc7fba6/datanode-2/data/ratis/53d765c3-28b7-4497-bb20-cae2fe6b22ac/in_use.lock acquired by nodename 25633@pr-hdds-1569-wvzgm-824869521
2019-09-26 10:50:11,399 [pool-147-thread-1] INFO  storage.RaftStorage (RaftStorage.java:format(72)) - Storage directory /workdir/hadoop-ozone/ozonefs/target/test-dir/MiniOzoneClusterImpl-c30abbcc-9270-495d-991f-83e55dc7fba6/datanode-2/data/ratis/53d765c3-28b7-4497-bb20-cae2fe6b22ac has been successfully formatted.
2019-09-26 10:50:11,399 [pool-147-thread-1] INFO  ratis.ContainerStateMachine (ContainerStateMachine.java:loadSnapshot(230)) - group-CAE2FE6B22AC: The snapshot info is null. Setting the last applied indexto:(t:0, i:~)
2019-09-26 10:50:11,399 [pool-147-thread-1] INFO  server.RaftServerConfigKeys (ConfUtils.java:logGet(43)) - raft.server.notification.no-leader.timeout = 120s (custom)
2019-09-26 10:50:11,399 [pool-147-thread-1] INFO  server.RaftServerConfigKeys (ConfUtils.java:logGet(43)) - raft.server.log.use.memory = false (default)
2019-09-26 10:50:11,399 [pool-147-thread-1] INFO  server.RaftServerConfigKeys (ConfUtils.java:logGet(43)) - raft.server.log.purge.gap = 1000000 (custom)
2019-09-26 10:50:11,399 [pool-147-thread-1] INFO  server.RaftServerConfigKeys (ConfUtils.java:logGet(43)) - raft.server.log.appender.buffer.byte-limit = 33554432 (custom)
2019-09-26 10:50:11,400 [pool-147-thread-1] INFO  server.RaftServerConfigKeys (ConfUtils.java:logGet(43)) - raft.server.log.segment.size.max = 1048576 (custom)
2019-09-26 10:50:11,400 [pool-147-thread-1] INFO  server.RaftServerConfigKeys (ConfUtils.java:logGet(43)) - raft.server.log.segment.cache.num.max = 2 (custom)
2019-09-26 10:50:11,400 [pool-147-thread-1] INFO  segmented.SegmentedRaftLogWorker (SegmentedRaftLogWorker.java:<init>(172)) - new ba528854-06f2-48b1-90e3-e0173cc2f66a@group-CAE2FE6B22AC-SegmentedRaftLogWorker for RaftStorage:Storage Directory /workdir/hadoop-ozone/ozonefs/target/test-dir/MiniOzoneClusterImpl-c30abbcc-9270-495d-991f-83e55dc7fba6/datanode-2/data/ratis/53d765c3-28b7-4497-bb20-cae2fe6b22ac
2019-09-26 10:50:11,400 [pool-147-thread-1] INFO  server.RaftServerConfigKeys (ConfUtils.java:logGet(43)) - raft.server.log.queue.byte-limit = 2147483647 (custom)
2019-09-26 10:50:11,400 [pool-147-thread-1] INFO  server.RaftServerConfigKeys (ConfUtils.java:logGet(43)) - raft.server.log.queue.element-limit = 1024 (custom)
2019-09-26 10:50:11,400 [pool-147-thread-1] INFO  server.RaftServerConfigKeys (ConfUtils.java:logGet(43)) - raft.server.log.segment.size.max = 1048576 (custom)
2019-09-26 10:50:11,400 [pool-147-thread-1] INFO  server.RaftServerConfigKeys (ConfUtils.java:logGet(43)) - raft.server.log.preallocated.size = 16384 (custom)
2019-09-26 10:50:11,400 [pool-147-thread-1] INFO  server.RaftServerConfigKeys (ConfUtils.java:logGet(43)) - raft.server.log.write.buffer.size = 33554432 (custom)
2019-09-26 10:50:11,400 [pool-147-thread-1] INFO  server.RaftServerConfigKeys (ConfUtils.java:logGet(43)) - raft.server.log.force.sync.num = 128 (default)
2019-09-26 10:50:11,401 [pool-147-thread-1] INFO  server.RaftServerConfigKeys (ConfUtils.java:logGet(43)) - raft.server.log.statemachine.data.sync = true (default)
2019-09-26 10:50:11,401 [pool-147-thread-1] INFO  server.RaftServerConfigKeys (ConfUtils.java:logGet(43)) - raft.server.log.statemachine.data.sync.timeout = 10s (default)
2019-09-26 10:50:11,401 [pool-147-thread-1] INFO  server.RaftServerConfigKeys (ConfUtils.java:logGet(43)) - raft.server.log.statemachine.data.sync.timeout.retry = -1 (default)
2019-09-26 10:50:11,401 [pool-147-thread-1] INFO  server.RaftServerConfigKeys (ConfUtils.java:logGet(43)) - raft.server.log.statemachine.data.caching.enabled = true (custom)
2019-09-26 10:50:11,401 [pool-147-thread-1] INFO  segmented.SegmentedRaftLogWorker (SegmentedRaftLogWorker.java:lambda$new$0(132)) - ba528854-06f2-48b1-90e3-e0173cc2f66a@group-CAE2FE6B22AC-SegmentedRaftLogWorker: flushIndex: setUnconditionally 0 -> -1
2019-09-26 10:50:11,401 [pool-147-thread-1] INFO  server.RaftServerConfigKeys (ConfUtils.java:logGet(43)) - raft.server.snapshot.auto.trigger.enabled = true (custom)
2019-09-26 10:50:11,402 [pool-147-thread-1] INFO  server.RaftServerConfigKeys (ConfUtils.java:logGet(43)) - raft.server.snapshot.auto.trigger.threshold = 10000 (custom)
2019-09-26 10:50:11,402 [pool-147-thread-1] INFO  server.RaftServerConfigKeys (ConfUtils.java:logGet(43)) - raft.server.snapshot.retention.num.files = 5 (custom)
2019-09-26 10:50:11,402 [pool-147-thread-1] INFO  server.RaftServerConfigKeys (ConfUtils.java:logGet(43)) - raft.server.retrycache.expirytime = 600000ms (custom)
2019-09-26 10:50:11,403 [pool-147-thread-1] INFO  impl.RaftServerImpl (RaftServerImpl.java:start(185)) - ba528854-06f2-48b1-90e3-e0173cc2f66a@group-CAE2FE6B22AC: start as a follower, conf=-1: [ba528854-06f2-48b1-90e3-e0173cc2f66a:192.168.30.13:45540], old=null
2019-09-26 10:50:11,403 [pool-147-thread-1] INFO  impl.RaftServerImpl (RaftServerImpl.java:setRole(174)) - ba528854-06f2-48b1-90e3-e0173cc2f66a@group-CAE2FE6B22AC: changes role from      null to FOLLOWER at term 0 for startAsFollower
2019-09-26 10:50:11,404 [pool-147-thread-1] INFO  impl.RoleInfo (RoleInfo.java:updateAndGet(143)) - ba528854-06f2-48b1-90e3-e0173cc2f66a: start FollowerState
2019-09-26 10:50:11,404 [pool-147-thread-1] INFO  util.JmxRegister (JmxRegister.java:tryRegister(44)) - Successfully registered JMX Bean with object name Ratis:service=RaftServer,group=group-CAE2FE6B22AC,id=ba528854-06f2-48b1-90e3-e0173cc2f66a
2019-09-26 10:50:11,407 [RatisPipelineUtilsThread] INFO  pipeline.PipelineStateManager (PipelineStateManager.java:addPipeline(56)) - Created pipeline Pipeline[ Id: 53d765c3-28b7-4497-bb20-cae2fe6b22ac, Nodes: ba528854-06f2-48b1-90e3-e0173cc2f66a{ip: 192.168.30.13, host: pr-hdds-1569-wvzgm-824869521, networkLocation: /default-rack, certSerialId: null}, Type:RATIS, Factor:ONE, State:OPEN]
2019-09-26 10:50:11,407 [RatisPipelineUtilsThread] INFO  pipeline.PipelinePlacementPolicy (PipelinePlacementPolicy.java:meetCriteria(91)) - Pipeline Placement: can't place more pipeline on heavy datanode： 76999e15-3686-4d58-8030-6a34dfc59477 Heaviness: 6 limit: 5
2019-09-26 10:50:11,407 [RatisPipelineUtilsThread] INFO  pipeline.PipelinePlacementPolicy (PipelinePlacementPolicy.java:meetCriteria(91)) - Pipeline Placement: can't place more pipeline on heavy datanode： d084370a-b4cb-43c6-bd03-156c72c6b0ec Heaviness: 6 limit: 5
2019-09-26 10:50:11,408 [RatisPipelineUtilsThread] INFO  pipeline.PipelinePlacementPolicy (PipelinePlacementPolicy.java:meetCriteria(91)) - Pipeline Placement: can't place more pipeline on heavy datanode： ba528854-06f2-48b1-90e3-e0173cc2f66a Heaviness: 6 limit: 5
2019-09-26 10:50:11,408 [RatisPipelineUtilsThread] ERROR pipeline.PipelinePlacementPolicy (PipelinePlacementPolicy.java:filterViableNodes(148)) - Unable to find enough nodes that meet the criteria that cannot engage in more than 5 pipelines. Nodes required: 1 Found: 0, healthy nodes count inNodeManager: 3.
2019-09-26 10:50:11,408 [RatisPipelineUtilsThread] ERROR pipeline.SCMPipelineManager (SCMPipelineManager.java:createPipeline(167)) - Pipeline creation failed.
org.apache.hadoop.hdds.scm.exceptions.SCMException: Unable to find enough nodes that meet the criteria that cannot engage in more than 5 pipelines. Nodes required: 1 Found: 0, healthy nodes count inNodeManager: 3.
	at org.apache.hadoop.hdds.scm.pipeline.PipelinePlacementPolicy.filterViableNodes(PipelinePlacementPolicy.java:149)
	at org.apache.hadoop.hdds.scm.pipeline.PipelinePlacementPolicy.chooseDatanodes(PipelinePlacementPolicy.java:172)
	at org.apache.hadoop.hdds.scm.pipeline.RatisPipelineProvider.create(RatisPipelineProvider.java:93)
	at org.apache.hadoop.hdds.scm.pipeline.PipelineFactory.create(PipelineFactory.java:58)
	at org.apache.hadoop.hdds.scm.pipeline.SCMPipelineManager.createPipeline(SCMPipelineManager.java:155)
	at org.apache.hadoop.hdds.scm.pipeline.BackgroundPipelineCreator.createPipelines(BackgroundPipelineCreator.java:99)
	at java.util.concurrent.Executors$RunnableAdapter.call(Executors.java:511)
	at java.util.concurrent.FutureTask.run(FutureTask.java:266)
	at java.util.concurrent.ScheduledThreadPoolExecutor$ScheduledFutureTask.access$201(ScheduledThreadPoolExecutor.java:180)
	at java.util.concurrent.ScheduledThreadPoolExecutor$ScheduledFutureTask.run(ScheduledThreadPoolExecutor.java:293)
	at java.util.concurrent.ThreadPoolExecutor.runWorker(ThreadPoolExecutor.java:1149)
	at java.util.concurrent.ThreadPoolExecutor$Worker.run(ThreadPoolExecutor.java:624)
	at java.lang.Thread.run(Thread.java:748)
2019-09-26 10:50:11,409 [RatisPipelineUtilsThread] INFO  pipeline.PipelinePlacementPolicy (PipelinePlacementPolicy.java:meetCriteria(91)) - Pipeline Placement: can't place more pipeline on heavy datanode： 76999e15-3686-4d58-8030-6a34dfc59477 Heaviness: 6 limit: 5
2019-09-26 10:50:11,409 [RatisPipelineUtilsThread] INFO  pipeline.PipelinePlacementPolicy (PipelinePlacementPolicy.java:meetCriteria(91)) - Pipeline Placement: can't place more pipeline on heavy datanode： d084370a-b4cb-43c6-bd03-156c72c6b0ec Heaviness: 6 limit: 5
2019-09-26 10:50:11,409 [RatisPipelineUtilsThread] INFO  pipeline.PipelinePlacementPolicy (PipelinePlacementPolicy.java:meetCriteria(91)) - Pipeline Placement: can't place more pipeline on heavy datanode： ba528854-06f2-48b1-90e3-e0173cc2f66a Heaviness: 6 limit: 5
2019-09-26 10:50:11,409 [RatisPipelineUtilsThread] ERROR pipeline.PipelinePlacementPolicy (PipelinePlacementPolicy.java:filterViableNodes(148)) - Unable to find enough nodes that meet the criteria that cannot engage in more than 5 pipelines. Nodes required: 3 Found: 0, healthy nodes count inNodeManager: 3.
2019-09-26 10:50:11,409 [RatisPipelineUtilsThread] ERROR pipeline.SCMPipelineManager (SCMPipelineManager.java:createPipeline(167)) - Pipeline creation failed.
org.apache.hadoop.hdds.scm.exceptions.SCMException: Unable to find enough nodes that meet the criteria that cannot engage in more than 5 pipelines. Nodes required: 3 Found: 0, healthy nodes count inNodeManager: 3.
	at org.apache.hadoop.hdds.scm.pipeline.PipelinePlacementPolicy.filterViableNodes(PipelinePlacementPolicy.java:149)
	at org.apache.hadoop.hdds.scm.pipeline.PipelinePlacementPolicy.chooseDatanodes(PipelinePlacementPolicy.java:172)
	at org.apache.hadoop.hdds.scm.pipeline.RatisPipelineProvider.create(RatisPipelineProvider.java:93)
	at org.apache.hadoop.hdds.scm.pipeline.PipelineFactory.create(PipelineFactory.java:58)
	at org.apache.hadoop.hdds.scm.pipeline.SCMPipelineManager.createPipeline(SCMPipelineManager.java:155)
	at org.apache.hadoop.hdds.scm.pipeline.BackgroundPipelineCreator.createPipelines(BackgroundPipelineCreator.java:99)
	at java.util.concurrent.Executors$RunnableAdapter.call(Executors.java:511)
	at java.util.concurrent.FutureTask.run(FutureTask.java:266)
	at java.util.concurrent.ScheduledThreadPoolExecutor$ScheduledFutureTask.access$201(ScheduledThreadPoolExecutor.java:180)
	at java.util.concurrent.ScheduledThreadPoolExecutor$ScheduledFutureTask.run(ScheduledThreadPoolExecutor.java:293)
	at java.util.concurrent.ThreadPoolExecutor.runWorker(ThreadPoolExecutor.java:1149)
	at java.util.concurrent.ThreadPoolExecutor$Worker.run(ThreadPoolExecutor.java:624)
	at java.lang.Thread.run(Thread.java:748)
2019-09-26 10:50:11,410 [RatisPipelineUtilsThread] INFO  pipeline.PipelinePlacementPolicy (PipelinePlacementPolicy.java:meetCriteria(91)) - Pipeline Placement: can't place more pipeline on heavy datanode： 76999e15-3686-4d58-8030-6a34dfc59477 Heaviness: 6 limit: 5
2019-09-26 10:50:11,410 [RatisPipelineUtilsThread] INFO  pipeline.PipelinePlacementPolicy (PipelinePlacementPolicy.java:meetCriteria(91)) - Pipeline Placement: can't place more pipeline on heavy datanode： d084370a-b4cb-43c6-bd03-156c72c6b0ec Heaviness: 6 limit: 5
2019-09-26 10:50:11,410 [RatisPipelineUtilsThread] INFO  pipeline.PipelinePlacementPolicy (PipelinePlacementPolicy.java:meetCriteria(91)) - Pipeline Placement: can't place more pipeline on heavy datanode： ba528854-06f2-48b1-90e3-e0173cc2f66a Heaviness: 6 limit: 5
2019-09-26 10:50:11,410 [RatisPipelineUtilsThread] ERROR pipeline.PipelinePlacementPolicy (PipelinePlacementPolicy.java:filterViableNodes(148)) - Unable to find enough nodes that meet the criteria that cannot engage in more than 5 pipelines. Nodes required: 1 Found: 0, healthy nodes count inNodeManager: 3.
2019-09-26 10:50:11,411 [RatisPipelineUtilsThread] ERROR pipeline.SCMPipelineManager (SCMPipelineManager.java:createPipeline(167)) - Pipeline creation failed.
org.apache.hadoop.hdds.scm.exceptions.SCMException: Unable to find enough nodes that meet the criteria that cannot engage in more than 5 pipelines. Nodes required: 1 Found: 0, healthy nodes count inNodeManager: 3.
	at org.apache.hadoop.hdds.scm.pipeline.PipelinePlacementPolicy.filterViableNodes(PipelinePlacementPolicy.java:149)
	at org.apache.hadoop.hdds.scm.pipeline.PipelinePlacementPolicy.chooseDatanodes(PipelinePlacementPolicy.java:172)
	at org.apache.hadoop.hdds.scm.pipeline.RatisPipelineProvider.create(RatisPipelineProvider.java:93)
	at org.apache.hadoop.hdds.scm.pipeline.PipelineFactory.create(PipelineFactory.java:58)
	at org.apache.hadoop.hdds.scm.pipeline.SCMPipelineManager.createPipeline(SCMPipelineManager.java:155)
	at org.apache.hadoop.hdds.scm.pipeline.BackgroundPipelineCreator.createPipelines(BackgroundPipelineCreator.java:99)
	at org.apache.hadoop.hdds.scm.pipeline.BackgroundPipelineCreator.lambda$startFixedIntervalPipelineCreator$0(BackgroundPipelineCreator.java:70)
	at java.util.concurrent.Executors$RunnableAdapter.call(Executors.java:511)
	at java.util.concurrent.FutureTask.runAndReset(FutureTask.java:308)
	at java.util.concurrent.ScheduledThreadPoolExecutor$ScheduledFutureTask.access$301(ScheduledThreadPoolExecutor.java:180)
	at java.util.concurrent.ScheduledThreadPoolExecutor$ScheduledFutureTask.run(ScheduledThreadPoolExecutor.java:294)
	at java.util.concurrent.ThreadPoolExecutor.runWorker(ThreadPoolExecutor.java:1149)
	at java.util.concurrent.ThreadPoolExecutor$Worker.run(ThreadPoolExecutor.java:624)
	at java.lang.Thread.run(Thread.java:748)
2019-09-26 10:50:11,411 [RatisPipelineUtilsThread] INFO  pipeline.PipelinePlacementPolicy (PipelinePlacementPolicy.java:meetCriteria(91)) - Pipeline Placement: can't place more pipeline on heavy datanode： 76999e15-3686-4d58-8030-6a34dfc59477 Heaviness: 6 limit: 5
2019-09-26 10:50:11,411 [RatisPipelineUtilsThread] INFO  pipeline.PipelinePlacementPolicy (PipelinePlacementPolicy.java:meetCriteria(91)) - Pipeline Placement: can't place more pipeline on heavy datanode： d084370a-b4cb-43c6-bd03-156c72c6b0ec Heaviness: 6 limit: 5
2019-09-26 10:50:11,411 [RatisPipelineUtilsThread] INFO  pipeline.PipelinePlacementPolicy (PipelinePlacementPolicy.java:meetCriteria(91)) - Pipeline Placement: can't place more pipeline on heavy datanode： ba528854-06f2-48b1-90e3-e0173cc2f66a Heaviness: 6 limit: 5
2019-09-26 10:50:11,412 [RatisPipelineUtilsThread] ERROR pipeline.PipelinePlacementPolicy (PipelinePlacementPolicy.java:filterViableNodes(148)) - Unable to find enough nodes that meet the criteria that cannot engage in more than 5 pipelines. Nodes required: 3 Found: 0, healthy nodes count inNodeManager: 3.
2019-09-26 10:50:11,412 [RatisPipelineUtilsThread] ERROR pipeline.SCMPipelineManager (SCMPipelineManager.java:createPipeline(167)) - Pipeline creation failed.
org.apache.hadoop.hdds.scm.exceptions.SCMException: Unable to find enough nodes that meet the criteria that cannot engage in more than 5 pipelines. Nodes required: 3 Found: 0, healthy nodes count inNodeManager: 3.
	at org.apache.hadoop.hdds.scm.pipeline.PipelinePlacementPolicy.filterViableNodes(PipelinePlacementPolicy.java:149)
	at org.apache.hadoop.hdds.scm.pipeline.PipelinePlacementPolicy.chooseDatanodes(PipelinePlacementPolicy.java:172)
	at org.apache.hadoop.hdds.scm.pipeline.RatisPipelineProvider.create(RatisPipelineProvider.java:93)
	at org.apache.hadoop.hdds.scm.pipeline.PipelineFactory.create(PipelineFactory.java:58)
	at org.apache.hadoop.hdds.scm.pipeline.SCMPipelineManager.createPipeline(SCMPipelineManager.java:155)
	at org.apache.hadoop.hdds.scm.pipeline.BackgroundPipelineCreator.createPipelines(BackgroundPipelineCreator.java:99)
	at org.apache.hadoop.hdds.scm.pipeline.BackgroundPipelineCreator.lambda$startFixedIntervalPipelineCreator$0(BackgroundPipelineCreator.java:70)
	at java.util.concurrent.Executors$RunnableAdapter.call(Executors.java:511)
	at java.util.concurrent.FutureTask.runAndReset(FutureTask.java:308)
	at java.util.concurrent.ScheduledThreadPoolExecutor$ScheduledFutureTask.access$301(ScheduledThreadPoolExecutor.java:180)
	at java.util.concurrent.ScheduledThreadPoolExecutor$ScheduledFutureTask.run(ScheduledThreadPoolExecutor.java:294)
	at java.util.concurrent.ThreadPoolExecutor.runWorker(ThreadPoolExecutor.java:1149)
	at java.util.concurrent.ThreadPoolExecutor$Worker.run(ThreadPoolExecutor.java:624)
	at java.lang.Thread.run(Thread.java:748)
2019-09-26 10:50:11,534 [Thread-543] INFO  ozone.MiniOzoneClusterImpl (MiniOzoneClusterImpl.java:lambda$waitForClusterToBeReady$0(147)) - Cluster is ready. Got 3 of 3 DN Heartbeats.
2019-09-26 10:50:11,586 [Thread-543] INFO  rpc.RpcClient (RpcClient.java:createVolume(276)) - Creating Volume: volume98536, with user80109 as owner.
2019-09-26 10:50:11,591 [IPC Server handler 1 on 44707] INFO  volume.OMVolumeCreateRequest (OMVolumeCreateRequest.java:validateAndUpdateCache(189)) - created volume:volume98536 for user:user80109
2019-09-26 10:50:11,605 [Thread-543] INFO  rpc.RpcClient (RpcClient.java:createBucket(415)) - Creating Bucket: volume98536/bucket77386, with Versioning false and Storage Type set to DISK and Encryption set to false 
2019-09-26 10:50:11,698 [IPC Server handler 8 on 38485] INFO  pipeline.PipelinePlacementPolicy (PipelinePlacementPolicy.java:meetCriteria(91)) - Pipeline Placement: can't place more pipeline on heavy datanode： 76999e15-3686-4d58-8030-6a34dfc59477 Heaviness: 6 limit: 5
2019-09-26 10:50:11,698 [IPC Server handler 8 on 38485] INFO  pipeline.PipelinePlacementPolicy (PipelinePlacementPolicy.java:meetCriteria(91)) - Pipeline Placement: can't place more pipeline on heavy datanode： d084370a-b4cb-43c6-bd03-156c72c6b0ec Heaviness: 6 limit: 5
2019-09-26 10:50:11,699 [IPC Server handler 8 on 38485] INFO  pipeline.PipelinePlacementPolicy (PipelinePlacementPolicy.java:meetCriteria(91)) - Pipeline Placement: can't place more pipeline on heavy datanode： ba528854-06f2-48b1-90e3-e0173cc2f66a Heaviness: 6 limit: 5
2019-09-26 10:50:11,699 [IPC Server handler 8 on 38485] ERROR pipeline.PipelinePlacementPolicy (PipelinePlacementPolicy.java:filterViableNodes(148)) - Unable to find enough nodes that meet the criteria that cannot engage in more than 5 pipelines. Nodes required: 3 Found: 0, healthy nodes count inNodeManager: 3.
2019-09-26 10:50:11,699 [IPC Server handler 8 on 38485] ERROR pipeline.SCMPipelineManager (SCMPipelineManager.java:createPipeline(167)) - Pipeline creation failed.
org.apache.hadoop.hdds.scm.exceptions.SCMException: Unable to find enough nodes that meet the criteria that cannot engage in more than 5 pipelines. Nodes required: 3 Found: 0, healthy nodes count inNodeManager: 3.
	at org.apache.hadoop.hdds.scm.pipeline.PipelinePlacementPolicy.filterViableNodes(PipelinePlacementPolicy.java:149)
	at org.apache.hadoop.hdds.scm.pipeline.PipelinePlacementPolicy.chooseDatanodes(PipelinePlacementPolicy.java:172)
	at org.apache.hadoop.hdds.scm.pipeline.RatisPipelineProvider.create(RatisPipelineProvider.java:93)
	at org.apache.hadoop.hdds.scm.pipeline.PipelineFactory.create(PipelineFactory.java:58)
	at org.apache.hadoop.hdds.scm.pipeline.SCMPipelineManager.createPipeline(SCMPipelineManager.java:155)
	at org.apache.hadoop.hdds.scm.block.BlockManagerImpl.allocateBlock(BlockManagerImpl.java:190)
	at org.apache.hadoop.hdds.scm.server.SCMBlockProtocolServer.allocateBlock(SCMBlockProtocolServer.java:182)
	at org.apache.hadoop.ozone.protocolPB.ScmBlockLocationProtocolServerSideTranslatorPB.allocateScmBlock(ScmBlockLocationProtocolServerSideTranslatorPB.java:183)
	at org.apache.hadoop.ozone.protocolPB.ScmBlockLocationProtocolServerSideTranslatorPB.processMessage(ScmBlockLocationProtocolServerSideTranslatorPB.java:141)
	at org.apache.hadoop.ozone.protocolPB.ScmBlockLocationProtocolServerSideTranslatorPB.send(ScmBlockLocationProtocolServerSideTranslatorPB.java:116)
	at org.apache.hadoop.hdds.protocol.proto.ScmBlockLocationProtocolProtos$ScmBlockLocationProtocolService$2.callBlockingMethod(ScmBlockLocationProtocolProtos.java:13157)
	at org.apache.hadoop.ipc.ProtobufRpcEngine$Server$ProtoBufRpcInvoker.call(ProtobufRpcEngine.java:524)
	at org.apache.hadoop.ipc.RPC$Server.call(RPC.java:1025)
	at org.apache.hadoop.ipc.Server$RpcCall.run(Server.java:876)
	at org.apache.hadoop.ipc.Server$RpcCall.run(Server.java:822)
	at java.security.AccessController.doPrivileged(Native Method)
	at javax.security.auth.Subject.doAs(Subject.java:422)
	at org.apache.hadoop.security.UserGroupInformation.doAs(UserGroupInformation.java:1730)
	at org.apache.hadoop.ipc.Server$Handler.run(Server.java:2682)
2019-09-26 10:50:11,700 [IPC Server handler 8 on 38485] WARN  block.BlockManagerImpl (BlockManagerImpl.java:allocateBlock(192)) - Pipeline creation failed for type:RATIS factor:THREE. Retrying get pipelines call once.
org.apache.hadoop.hdds.scm.exceptions.SCMException: Unable to find enough nodes that meet the criteria that cannot engage in more than 5 pipelines. Nodes required: 3 Found: 0, healthy nodes count inNodeManager: 3.
	at org.apache.hadoop.hdds.scm.pipeline.PipelinePlacementPolicy.filterViableNodes(PipelinePlacementPolicy.java:149)
	at org.apache.hadoop.hdds.scm.pipeline.PipelinePlacementPolicy.chooseDatanodes(PipelinePlacementPolicy.java:172)
	at org.apache.hadoop.hdds.scm.pipeline.RatisPipelineProvider.create(RatisPipelineProvider.java:93)
	at org.apache.hadoop.hdds.scm.pipeline.PipelineFactory.create(PipelineFactory.java:58)
	at org.apache.hadoop.hdds.scm.pipeline.SCMPipelineManager.createPipeline(SCMPipelineManager.java:155)
	at org.apache.hadoop.hdds.scm.block.BlockManagerImpl.allocateBlock(BlockManagerImpl.java:190)
	at org.apache.hadoop.hdds.scm.server.SCMBlockProtocolServer.allocateBlock(SCMBlockProtocolServer.java:182)
	at org.apache.hadoop.ozone.protocolPB.ScmBlockLocationProtocolServerSideTranslatorPB.allocateScmBlock(ScmBlockLocationProtocolServerSideTranslatorPB.java:183)
	at org.apache.hadoop.ozone.protocolPB.ScmBlockLocationProtocolServerSideTranslatorPB.processMessage(ScmBlockLocationProtocolServerSideTranslatorPB.java:141)
	at org.apache.hadoop.ozone.protocolPB.ScmBlockLocationProtocolServerSideTranslatorPB.send(ScmBlockLocationProtocolServerSideTranslatorPB.java:116)
	at org.apache.hadoop.hdds.protocol.proto.ScmBlockLocationProtocolProtos$ScmBlockLocationProtocolService$2.callBlockingMethod(ScmBlockLocationProtocolProtos.java:13157)
	at org.apache.hadoop.ipc.ProtobufRpcEngine$Server$ProtoBufRpcInvoker.call(ProtobufRpcEngine.java:524)
	at org.apache.hadoop.ipc.RPC$Server.call(RPC.java:1025)
	at org.apache.hadoop.ipc.Server$RpcCall.run(Server.java:876)
	at org.apache.hadoop.ipc.Server$RpcCall.run(Server.java:822)
	at java.security.AccessController.doPrivileged(Native Method)
	at javax.security.auth.Subject.doAs(Subject.java:422)
	at org.apache.hadoop.security.UserGroupInformation.doAs(UserGroupInformation.java:1730)
	at org.apache.hadoop.ipc.Server$Handler.run(Server.java:2682)
2019-09-26 10:50:11,701 [IPC Server handler 8 on 38485] INFO  block.BlockManagerImpl (BlockManagerImpl.java:allocateBlock(198)) - Could not find available pipeline of type:RATIS and factor:THREE even after retrying
2019-09-26 10:50:11,701 [IPC Server handler 8 on 38485] ERROR block.BlockManagerImpl (BlockManagerImpl.java:allocateBlock(222)) - Unable to allocate a block for the size: 4194304, type: RATIS, factor: THREE
2019-09-26 10:50:11,712 [Thread-543] INFO  ozone.MiniOzoneClusterImpl (MiniOzoneClusterImpl.java:shutdown(314)) - Shutting down the Mini Ozone Cluster
2019-09-26 10:50:11,712 [Thread-543] INFO  ozone.MiniOzoneClusterImpl (MiniOzoneClusterImpl.java:stop(330)) - Stopping the Mini Ozone Cluster
2019-09-26 10:50:11,712 [Thread-543] INFO  ozone.MiniOzoneClusterImpl (MiniOzoneClusterImpl.java:stopOM(400)) - Stopping the OzoneManager
2019-09-26 10:50:11,712 [Thread-543] INFO  ipc.Server (Server.java:stop(3082)) - Stopping server on 44707
2019-09-26 10:50:11,717 [IPC Server listener on 44707] INFO  ipc.Server (Server.java:run(1185)) - Stopping IPC Server listener on 44707
2019-09-26 10:50:11,717 [IPC Server Responder] INFO  ipc.Server (Server.java:run(1319)) - Stopping IPC Server Responder
2019-09-26 10:50:11,717 [Thread-543] INFO  ratis.OzoneManagerDoubleBuffer (OzoneManagerDoubleBuffer.java:stop(248)) - Stopping OMDoubleBuffer flush thread
2019-09-26 10:50:11,719 [OMDoubleBufferFlushThread] INFO  ratis.OzoneManagerDoubleBuffer (OzoneManagerDoubleBuffer.java:flushTransactions(191)) - OMDoubleBuffer flush thread OMDoubleBufferFlushThread is interrupted and will exit. OMDoubleBufferFlushThread
2019-09-26 10:50:11,720 [Thread-543] INFO  utils.BackgroundService (BackgroundService.java:shutdown(148)) - Shutting down service KeyDeletingService
2019-09-26 10:50:11,733 [Thread-543] INFO  handler.ContextHandler (ContextHandler.java:doStop(910)) - Stopped o.e.j.w.WebAppContext@3fe1d0ce{/,null,UNAVAILABLE}{/ozoneManager}
2019-09-26 10:50:11,734 [Thread-543] INFO  server.AbstractConnector (AbstractConnector.java:doStop(318)) - Stopped ServerConnector@48e89dba{HTTP/1.1,[http/1.1]}{0.0.0.0:0}
2019-09-26 10:50:11,734 [Thread-543] INFO  handler.ContextHandler (ContextHandler.java:doStop(910)) - Stopped o.e.j.s.ServletContextHandler@46e18f91{/static,jar:file:/home/user/.m2/repository/org/apache/hadoop/hadoop-ozone-ozone-manager/0.5.0-SNAPSHOT/hadoop-ozone-ozone-manager-0.5.0-SNAPSHOT.jar!/webapps/static,UNAVAILABLE}
2019-09-26 10:50:11,735 [Thread-543] INFO  handler.ContextHandler (ContextHandler.java:doStop(910)) - Stopped o.e.j.s.ServletContextHandler@1e2a2e98{/logs,file:///workdir/hadoop-ozone/ozonefs/target/log,UNAVAILABLE}
2019-09-26 10:50:11,737 [Thread-543] INFO  ozone.MiniOzoneClusterImpl (MiniOzoneClusterImpl.java:stopDatanodes(377)) - Stopping the HddsDatanodes
2019-09-26 10:50:12,383 [Datanode State Machine Thread - 0] INFO  statemachine.DatanodeStateMachine (DatanodeStateMachine.java:lambda$startDaemon$0(350)) - Ozone container server started.
2019-09-26 10:50:12,460 [Datanode State Machine Thread - 0] INFO  statemachine.DatanodeStateMachine (DatanodeStateMachine.java:lambda$startDaemon$0(350)) - Ozone container server started.
2019-09-26 10:50:13,396 [Thread-715] INFO  container.ReplicationManager (ReplicationManager.java:start(163)) - Starting Replication Monitor Thread.
2019-09-26 10:50:13,400 [ReplicationMonitor] INFO  container.ReplicationManager (ReplicationManager.java:run(226)) - Replication Monitor Thread took 1 milliseconds for processing 0 containers.
2019-09-26 10:50:15,537 [Thread-717] INFO  impl.FollowerState (FollowerState.java:run(106)) - d084370a-b4cb-43c6-bd03-156c72c6b0ec:group-B71F2D77D0B8 changes to CANDIDATE, lastRpcTime:5077, electionTimeout:5077ms
2019-09-26 10:50:15,538 [Thread-717] INFO  impl.RoleInfo (RoleInfo.java:shutdownFollowerState(121)) - d084370a-b4cb-43c6-bd03-156c72c6b0ec: shutdown FollowerState
2019-09-26 10:50:15,538 [Thread-717] INFO  impl.RaftServerImpl (RaftServerImpl.java:setRole(174)) - d084370a-b4cb-43c6-bd03-156c72c6b0ec@group-B71F2D77D0B8: changes role from  FOLLOWER to CANDIDATE at term 0 for changeToCandidate
2019-09-26 10:50:15,538 [Thread-717] INFO  impl.RoleInfo (RoleInfo.java:updateAndGet(143)) - d084370a-b4cb-43c6-bd03-156c72c6b0ec: start LeaderElection
2019-09-26 10:50:15,558 [d084370a-b4cb-43c6-bd03-156c72c6b0ec@group-B71F2D77D0B8:LeaderElection37] INFO  impl.LeaderElection (LeaderElection.java:askForVotes(182)) - d084370a-b4cb-43c6-bd03-156c72c6b0ec@group-B71F2D77D0B8:LeaderElection37: begin an election at term 1 for -1: [d084370a-b4cb-43c6-bd03-156c72c6b0ec:192.168.30.13:45859], old=null
2019-09-26 10:50:15,559 [d084370a-b4cb-43c6-bd03-156c72c6b0ec@group-B71F2D77D0B8:LeaderElection37] INFO  impl.RoleInfo (RoleInfo.java:shutdownLeaderElection(134)) - d084370a-b4cb-43c6-bd03-156c72c6b0ec: shutdown LeaderElection
2019-09-26 10:50:15,559 [d084370a-b4cb-43c6-bd03-156c72c6b0ec@group-B71F2D77D0B8:LeaderElection37] INFO  impl.RaftServerImpl (RaftServerImpl.java:setRole(174)) - d084370a-b4cb-43c6-bd03-156c72c6b0ec@group-B71F2D77D0B8: changes role from CANDIDATE to LEADER at term 1 for changeToLeader
2019-09-26 10:50:15,559 [d084370a-b4cb-43c6-bd03-156c72c6b0ec@group-B71F2D77D0B8:LeaderElection37] INFO  impl.RaftServerImpl (ServerState.java:setLeader(253)) - d084370a-b4cb-43c6-bd03-156c72c6b0ec@group-B71F2D77D0B8: change Leader from null to d084370a-b4cb-43c6-bd03-156c72c6b0ec at term 1 for becomeLeader, leader elected after 5108ms
2019-09-26 10:50:15,559 [d084370a-b4cb-43c6-bd03-156c72c6b0ec@group-B71F2D77D0B8:LeaderElection37] INFO  server.RaftServerConfigKeys (ConfUtils.java:logGet(43)) - raft.server.staging.catchup.gap = 1000 (default)
2019-09-26 10:50:15,559 [d084370a-b4cb-43c6-bd03-156c72c6b0ec@group-B71F2D77D0B8:LeaderElection37] INFO  server.RaftServerConfigKeys (ConfUtils.java:logGet(43)) - raft.server.rpc.sleep.time = 25ms (default)
2019-09-26 10:50:15,560 [d084370a-b4cb-43c6-bd03-156c72c6b0ec@group-B71F2D77D0B8:LeaderElection37] INFO  server.RaftServerConfigKeys (ConfUtils.java:logGet(43)) - raft.server.write.element-limit = 4096 (default)
2019-09-26 10:50:15,560 [d084370a-b4cb-43c6-bd03-156c72c6b0ec@group-B71F2D77D0B8:LeaderElection37] INFO  server.RaftServerConfigKeys (ConfUtils.java:logGet(43)) - raft.server.watch.timeout = 10s (default)
2019-09-26 10:50:15,560 [d084370a-b4cb-43c6-bd03-156c72c6b0ec@group-B71F2D77D0B8:LeaderElection37] INFO  server.RaftServerConfigKeys (ConfUtils.java:logGet(43)) - raft.server.watch.timeout.denomination = 1s (default)
2019-09-26 10:50:15,560 [d084370a-b4cb-43c6-bd03-156c72c6b0ec@group-B71F2D77D0B8:LeaderElection37] INFO  server.RaftServerConfigKeys (ConfUtils.java:logGet(43)) - raft.server.watch.element-limit = 65536 (default)
2019-09-26 10:50:15,563 [d084370a-b4cb-43c6-bd03-156c72c6b0ec@group-B71F2D77D0B8:LeaderElection37] INFO  impl.RoleInfo (RoleInfo.java:updateAndGet(143)) - d084370a-b4cb-43c6-bd03-156c72c6b0ec: start LeaderState
2019-09-26 10:50:15,564 [d084370a-b4cb-43c6-bd03-156c72c6b0ec@group-B71F2D77D0B8:LeaderElection37] INFO  segmented.SegmentedRaftLogWorker (SegmentedRaftLogWorker.java:startLogSegment(380)) - d084370a-b4cb-43c6-bd03-156c72c6b0ec@group-B71F2D77D0B8-SegmentedRaftLogWorker: Starting segment from index:0
2019-09-26 10:50:15,565 [d084370a-b4cb-43c6-bd03-156c72c6b0ec@group-B71F2D77D0B8:LeaderElection37] INFO  impl.RaftServerImpl (ServerState.java:setRaftConf(354)) - d084370a-b4cb-43c6-bd03-156c72c6b0ec@group-B71F2D77D0B8: set configuration 0: [d084370a-b4cb-43c6-bd03-156c72c6b0ec:192.168.30.13:45859], old=null at 0
2019-09-26 10:50:15,572 [Thread-720] INFO  impl.FollowerState (FollowerState.java:run(106)) - d084370a-b4cb-43c6-bd03-156c72c6b0ec:group-3CD62F4976E1 changes to CANDIDATE, lastRpcTime:5059, electionTimeout:5059ms
2019-09-26 10:50:15,572 [Thread-720] INFO  impl.RoleInfo (RoleInfo.java:shutdownFollowerState(121)) - d084370a-b4cb-43c6-bd03-156c72c6b0ec: shutdown FollowerState
2019-09-26 10:50:15,572 [Thread-720] INFO  impl.RaftServerImpl (RaftServerImpl.java:setRole(174)) - d084370a-b4cb-43c6-bd03-156c72c6b0ec@group-3CD62F4976E1: changes role from  FOLLOWER to CANDIDATE at term 0 for changeToCandidate
2019-09-26 10:50:15,573 [Thread-720] INFO  impl.RoleInfo (RoleInfo.java:updateAndGet(143)) - d084370a-b4cb-43c6-bd03-156c72c6b0ec: start LeaderElection
2019-09-26 10:50:15,609 [Thread-723] INFO  impl.FollowerState (FollowerState.java:run(106)) - d084370a-b4cb-43c6-bd03-156c72c6b0ec:group-4E6BFE0C22CF changes to CANDIDATE, lastRpcTime:5024, electionTimeout:5023ms
2019-09-26 10:50:15,609 [Thread-723] INFO  impl.RoleInfo (RoleInfo.java:shutdownFollowerState(121)) - d084370a-b4cb-43c6-bd03-156c72c6b0ec: shutdown FollowerState
2019-09-26 10:50:15,609 [Thread-723] INFO  impl.RaftServerImpl (RaftServerImpl.java:setRole(174)) - d084370a-b4cb-43c6-bd03-156c72c6b0ec@group-4E6BFE0C22CF: changes role from  FOLLOWER to CANDIDATE at term 0 for changeToCandidate
2019-09-26 10:50:15,609 [Thread-723] INFO  impl.RoleInfo (RoleInfo.java:updateAndGet(143)) - d084370a-b4cb-43c6-bd03-156c72c6b0ec: start LeaderElection
2019-09-26 10:50:15,619 [d084370a-b4cb-43c6-bd03-156c72c6b0ec@group-B71F2D77D0B8-SegmentedRaftLogWorker] INFO  segmented.SegmentedRaftLogWorker (SegmentedRaftLogWorker.java:execute(569)) - d084370a-b4cb-43c6-bd03-156c72c6b0ec@group-B71F2D77D0B8-SegmentedRaftLogWorker: created new log segment /workdir/hadoop-ozone/ozonefs/target/test-dir/MiniOzoneClusterImpl-c30abbcc-9270-495d-991f-83e55dc7fba6/datanode-0/data/ratis/73bbc6d0-7e30-4231-8f73-b71f2d77d0b8/current/log_inprogress_0
2019-09-26 10:50:15,624 [d084370a-b4cb-43c6-bd03-156c72c6b0ec@group-3CD62F4976E1:LeaderElection38] INFO  impl.LeaderElection (LeaderElection.java:askForVotes(182)) - d084370a-b4cb-43c6-bd03-156c72c6b0ec@group-3CD62F4976E1:LeaderElection38: begin an election at term 1 for -1: [d084370a-b4cb-43c6-bd03-156c72c6b0ec:192.168.30.13:45859], old=null
2019-09-26 10:50:15,625 [d084370a-b4cb-43c6-bd03-156c72c6b0ec@group-3CD62F4976E1:LeaderElection38] INFO  impl.RoleInfo (RoleInfo.java:shutdownLeaderElection(134)) - d084370a-b4cb-43c6-bd03-156c72c6b0ec: shutdown LeaderElection
2019-09-26 10:50:15,625 [d084370a-b4cb-43c6-bd03-156c72c6b0ec@group-3CD62F4976E1:LeaderElection38] INFO  impl.RaftServerImpl (RaftServerImpl.java:setRole(174)) - d084370a-b4cb-43c6-bd03-156c72c6b0ec@group-3CD62F4976E1: changes role from CANDIDATE to LEADER at term 1 for changeToLeader
2019-09-26 10:50:15,625 [d084370a-b4cb-43c6-bd03-156c72c6b0ec@group-3CD62F4976E1:LeaderElection38] INFO  impl.RaftServerImpl (ServerState.java:setLeader(253)) - d084370a-b4cb-43c6-bd03-156c72c6b0ec@group-3CD62F4976E1: change Leader from null to d084370a-b4cb-43c6-bd03-156c72c6b0ec at term 1 for becomeLeader, leader elected after 5120ms
2019-09-26 10:50:15,625 [d084370a-b4cb-43c6-bd03-156c72c6b0ec@group-3CD62F4976E1:LeaderElection38] INFO  server.RaftServerConfigKeys (ConfUtils.java:logGet(43)) - raft.server.staging.catchup.gap = 1000 (default)
2019-09-26 10:50:15,626 [d084370a-b4cb-43c6-bd03-156c72c6b0ec@group-3CD62F4976E1:LeaderElection38] INFO  server.RaftServerConfigKeys (ConfUtils.java:logGet(43)) - raft.server.rpc.sleep.time = 25ms (default)
2019-09-26 10:50:15,626 [d084370a-b4cb-43c6-bd03-156c72c6b0ec@group-3CD62F4976E1:LeaderElection38] INFO  server.RaftServerConfigKeys (ConfUtils.java:logGet(43)) - raft.server.write.element-limit = 4096 (default)
2019-09-26 10:50:15,626 [d084370a-b4cb-43c6-bd03-156c72c6b0ec@group-3CD62F4976E1:LeaderElection38] INFO  server.RaftServerConfigKeys (ConfUtils.java:logGet(43)) - raft.server.watch.timeout = 10s (default)
2019-09-26 10:50:15,626 [d084370a-b4cb-43c6-bd03-156c72c6b0ec@group-3CD62F4976E1:LeaderElection38] INFO  server.RaftServerConfigKeys (ConfUtils.java:logGet(43)) - raft.server.watch.timeout.denomination = 1s (default)
2019-09-26 10:50:15,626 [d084370a-b4cb-43c6-bd03-156c72c6b0ec@group-3CD62F4976E1:LeaderElection38] INFO  server.RaftServerConfigKeys (ConfUtils.java:logGet(43)) - raft.server.watch.element-limit = 65536 (default)
2019-09-26 10:50:15,629 [d084370a-b4cb-43c6-bd03-156c72c6b0ec@group-3CD62F4976E1:LeaderElection38] INFO  impl.RoleInfo (RoleInfo.java:updateAndGet(143)) - d084370a-b4cb-43c6-bd03-156c72c6b0ec: start LeaderState
2019-09-26 10:50:15,629 [d084370a-b4cb-43c6-bd03-156c72c6b0ec@group-3CD62F4976E1:LeaderElection38] INFO  segmented.SegmentedRaftLogWorker (SegmentedRaftLogWorker.java:startLogSegment(380)) - d084370a-b4cb-43c6-bd03-156c72c6b0ec@group-3CD62F4976E1-SegmentedRaftLogWorker: Starting segment from index:0
2019-09-26 10:50:15,630 [d084370a-b4cb-43c6-bd03-156c72c6b0ec@group-3CD62F4976E1:LeaderElection38] INFO  impl.RaftServerImpl (ServerState.java:setRaftConf(354)) - d084370a-b4cb-43c6-bd03-156c72c6b0ec@group-3CD62F4976E1: set configuration 0: [d084370a-b4cb-43c6-bd03-156c72c6b0ec:192.168.30.13:45859], old=null at 0
2019-09-26 10:50:15,637 [d084370a-b4cb-43c6-bd03-156c72c6b0ec@group-4E6BFE0C22CF:LeaderElection39] INFO  impl.LeaderElection (LeaderElection.java:askForVotes(182)) - d084370a-b4cb-43c6-bd03-156c72c6b0ec@group-4E6BFE0C22CF:LeaderElection39: begin an election at term 1 for -1: [d084370a-b4cb-43c6-bd03-156c72c6b0ec:192.168.30.13:45859], old=null
2019-09-26 10:50:15,637 [d084370a-b4cb-43c6-bd03-156c72c6b0ec@group-4E6BFE0C22CF:LeaderElection39] INFO  impl.RoleInfo (RoleInfo.java:shutdownLeaderElection(134)) - d084370a-b4cb-43c6-bd03-156c72c6b0ec: shutdown LeaderElection
2019-09-26 10:50:15,637 [d084370a-b4cb-43c6-bd03-156c72c6b0ec@group-4E6BFE0C22CF:LeaderElection39] INFO  impl.RaftServerImpl (RaftServerImpl.java:setRole(174)) - d084370a-b4cb-43c6-bd03-156c72c6b0ec@group-4E6BFE0C22CF: changes role from CANDIDATE to LEADER at term 1 for changeToLeader
2019-09-26 10:50:15,637 [d084370a-b4cb-43c6-bd03-156c72c6b0ec@group-4E6BFE0C22CF:LeaderElection39] INFO  impl.RaftServerImpl (ServerState.java:setLeader(253)) - d084370a-b4cb-43c6-bd03-156c72c6b0ec@group-4E6BFE0C22CF: change Leader from null to d084370a-b4cb-43c6-bd03-156c72c6b0ec at term 1 for becomeLeader, leader elected after 5061ms
2019-09-26 10:50:15,637 [d084370a-b4cb-43c6-bd03-156c72c6b0ec@group-4E6BFE0C22CF:LeaderElection39] INFO  server.RaftServerConfigKeys (ConfUtils.java:logGet(43)) - raft.server.staging.catchup.gap = 1000 (default)
2019-09-26 10:50:15,638 [d084370a-b4cb-43c6-bd03-156c72c6b0ec@group-4E6BFE0C22CF:LeaderElection39] INFO  server.RaftServerConfigKeys (ConfUtils.java:logGet(43)) - raft.server.rpc.sleep.time = 25ms (default)
2019-09-26 10:50:15,638 [d084370a-b4cb-43c6-bd03-156c72c6b0ec@group-4E6BFE0C22CF:LeaderElection39] INFO  server.RaftServerConfigKeys (ConfUtils.java:logGet(43)) - raft.server.write.element-limit = 4096 (default)
2019-09-26 10:50:15,638 [d084370a-b4cb-43c6-bd03-156c72c6b0ec@group-4E6BFE0C22CF:LeaderElection39] INFO  server.RaftServerConfigKeys (ConfUtils.java:logGet(43)) - raft.server.watch.timeout = 10s (default)
2019-09-26 10:50:15,638 [d084370a-b4cb-43c6-bd03-156c72c6b0ec@group-4E6BFE0C22CF:LeaderElection39] INFO  server.RaftServerConfigKeys (ConfUtils.java:logGet(43)) - raft.server.watch.timeout.denomination = 1s (default)
2019-09-26 10:50:15,638 [d084370a-b4cb-43c6-bd03-156c72c6b0ec@group-4E6BFE0C22CF:LeaderElection39] INFO  server.RaftServerConfigKeys (ConfUtils.java:logGet(43)) - raft.server.watch.element-limit = 65536 (default)
2019-09-26 10:50:15,640 [d084370a-b4cb-43c6-bd03-156c72c6b0ec@group-4E6BFE0C22CF:LeaderElection39] INFO  impl.RoleInfo (RoleInfo.java:updateAndGet(143)) - d084370a-b4cb-43c6-bd03-156c72c6b0ec: start LeaderState
2019-09-26 10:50:15,641 [d084370a-b4cb-43c6-bd03-156c72c6b0ec@group-4E6BFE0C22CF:LeaderElection39] INFO  segmented.SegmentedRaftLogWorker (SegmentedRaftLogWorker.java:startLogSegment(380)) - d084370a-b4cb-43c6-bd03-156c72c6b0ec@group-4E6BFE0C22CF-SegmentedRaftLogWorker: Starting segment from index:0
2019-09-26 10:50:15,641 [d084370a-b4cb-43c6-bd03-156c72c6b0ec@group-4E6BFE0C22CF:LeaderElection39] INFO  impl.RaftServerImpl (ServerState.java:setRaftConf(354)) - d084370a-b4cb-43c6-bd03-156c72c6b0ec@group-4E6BFE0C22CF: set configuration 0: [d084370a-b4cb-43c6-bd03-156c72c6b0ec:192.168.30.13:45859], old=null at 0
2019-09-26 10:50:15,682 [d084370a-b4cb-43c6-bd03-156c72c6b0ec@group-3CD62F4976E1-SegmentedRaftLogWorker] INFO  segmented.SegmentedRaftLogWorker (SegmentedRaftLogWorker.java:execute(569)) - d084370a-b4cb-43c6-bd03-156c72c6b0ec@group-3CD62F4976E1-SegmentedRaftLogWorker: created new log segment /workdir/hadoop-ozone/ozonefs/target/test-dir/MiniOzoneClusterImpl-c30abbcc-9270-495d-991f-83e55dc7fba6/datanode-0/data/ratis/acea3599-9ef2-404f-bcbb-3cd62f4976e1/current/log_inprogress_0
2019-09-26 10:50:15,682 [d084370a-b4cb-43c6-bd03-156c72c6b0ec@group-4E6BFE0C22CF-SegmentedRaftLogWorker] INFO  segmented.SegmentedRaftLogWorker (SegmentedRaftLogWorker.java:execute(569)) - d084370a-b4cb-43c6-bd03-156c72c6b0ec@group-4E6BFE0C22CF-SegmentedRaftLogWorker: created new log segment /workdir/hadoop-ozone/ozonefs/target/test-dir/MiniOzoneClusterImpl-c30abbcc-9270-495d-991f-83e55dc7fba6/datanode-0/data/ratis/24114a6e-f233-4bb3-a9b7-4e6bfe0c22cf/current/log_inprogress_0
2019-09-26 10:50:15,718 [Thread-726] INFO  impl.FollowerState (FollowerState.java:run(106)) - ba528854-06f2-48b1-90e3-e0173cc2f66a:group-248DD322E437 changes to CANDIDATE, lastRpcTime:5071, electionTimeout:5071ms
2019-09-26 10:50:15,718 [Thread-726] INFO  impl.RoleInfo (RoleInfo.java:shutdownFollowerState(121)) - ba528854-06f2-48b1-90e3-e0173cc2f66a: shutdown FollowerState
2019-09-26 10:50:15,719 [Thread-726] INFO  impl.RaftServerImpl (RaftServerImpl.java:setRole(174)) - ba528854-06f2-48b1-90e3-e0173cc2f66a@group-248DD322E437: changes role from  FOLLOWER to CANDIDATE at term 0 for changeToCandidate
2019-09-26 10:50:15,719 [Thread-726] INFO  impl.RoleInfo (RoleInfo.java:updateAndGet(143)) - ba528854-06f2-48b1-90e3-e0173cc2f66a: start LeaderElection
2019-09-26 10:50:15,764 [ba528854-06f2-48b1-90e3-e0173cc2f66a@group-248DD322E437:LeaderElection40] INFO  impl.LeaderElection (LeaderElection.java:askForVotes(182)) - ba528854-06f2-48b1-90e3-e0173cc2f66a@group-248DD322E437:LeaderElection40: begin an election at term 1 for -1: [ba528854-06f2-48b1-90e3-e0173cc2f66a:192.168.30.13:45540], old=null
2019-09-26 10:50:15,765 [ba528854-06f2-48b1-90e3-e0173cc2f66a@group-248DD322E437:LeaderElection40] INFO  impl.RoleInfo (RoleInfo.java:shutdownLeaderElection(134)) - ba528854-06f2-48b1-90e3-e0173cc2f66a: shutdown LeaderElection
2019-09-26 10:50:15,765 [ba528854-06f2-48b1-90e3-e0173cc2f66a@group-248DD322E437:LeaderElection40] INFO  impl.RaftServerImpl (RaftServerImpl.java:setRole(174)) - ba528854-06f2-48b1-90e3-e0173cc2f66a@group-248DD322E437: changes role from CANDIDATE to LEADER at term 1 for changeToLeader
2019-09-26 10:50:15,765 [ba528854-06f2-48b1-90e3-e0173cc2f66a@group-248DD322E437:LeaderElection40] INFO  impl.RaftServerImpl (ServerState.java:setLeader(253)) - ba528854-06f2-48b1-90e3-e0173cc2f66a@group-248DD322E437: change Leader from null to ba528854-06f2-48b1-90e3-e0173cc2f66a at term 1 for becomeLeader, leader elected after 5126ms
2019-09-26 10:50:15,765 [ba528854-06f2-48b1-90e3-e0173cc2f66a@group-248DD322E437:LeaderElection40] INFO  server.RaftServerConfigKeys (ConfUtils.java:logGet(43)) - raft.server.staging.catchup.gap = 1000 (default)
2019-09-26 10:50:15,765 [ba528854-06f2-48b1-90e3-e0173cc2f66a@group-248DD322E437:LeaderElection40] INFO  server.RaftServerConfigKeys (ConfUtils.java:logGet(43)) - raft.server.rpc.sleep.time = 25ms (default)
2019-09-26 10:50:15,766 [ba528854-06f2-48b1-90e3-e0173cc2f66a@group-248DD322E437:LeaderElection40] INFO  server.RaftServerConfigKeys (ConfUtils.java:logGet(43)) - raft.server.write.element-limit = 4096 (default)
2019-09-26 10:50:15,766 [ba528854-06f2-48b1-90e3-e0173cc2f66a@group-248DD322E437:LeaderElection40] INFO  server.RaftServerConfigKeys (ConfUtils.java:logGet(43)) - raft.server.watch.timeout = 10s (default)
2019-09-26 10:50:15,766 [ba528854-06f2-48b1-90e3-e0173cc2f66a@group-248DD322E437:LeaderElection40] INFO  server.RaftServerConfigKeys (ConfUtils.java:logGet(43)) - raft.server.watch.timeout.denomination = 1s (default)
2019-09-26 10:50:15,766 [ba528854-06f2-48b1-90e3-e0173cc2f66a@group-248DD322E437:LeaderElection40] INFO  server.RaftServerConfigKeys (ConfUtils.java:logGet(43)) - raft.server.watch.element-limit = 65536 (default)
2019-09-26 10:50:15,769 [ba528854-06f2-48b1-90e3-e0173cc2f66a@group-248DD322E437:LeaderElection40] INFO  impl.RoleInfo (RoleInfo.java:updateAndGet(143)) - ba528854-06f2-48b1-90e3-e0173cc2f66a: start LeaderState
2019-09-26 10:50:15,769 [ba528854-06f2-48b1-90e3-e0173cc2f66a@group-248DD322E437:LeaderElection40] INFO  segmented.SegmentedRaftLogWorker (SegmentedRaftLogWorker.java:startLogSegment(380)) - ba528854-06f2-48b1-90e3-e0173cc2f66a@group-248DD322E437-SegmentedRaftLogWorker: Starting segment from index:0
2019-09-26 10:50:15,770 [ba528854-06f2-48b1-90e3-e0173cc2f66a@group-248DD322E437:LeaderElection40] INFO  impl.RaftServerImpl (ServerState.java:setRaftConf(354)) - ba528854-06f2-48b1-90e3-e0173cc2f66a@group-248DD322E437: set configuration 0: [ba528854-06f2-48b1-90e3-e0173cc2f66a:192.168.30.13:45540], old=null at 0
2019-09-26 10:50:15,783 [Thread-729] INFO  impl.FollowerState (FollowerState.java:run(106)) - 76999e15-3686-4d58-8030-6a34dfc59477:group-A319BC71595E changes to CANDIDATE, lastRpcTime:5060, electionTimeout:5060ms
2019-09-26 10:50:15,784 [Thread-729] INFO  impl.RoleInfo (RoleInfo.java:shutdownFollowerState(121)) - 76999e15-3686-4d58-8030-6a34dfc59477: shutdown FollowerState
2019-09-26 10:50:15,784 [Thread-729] INFO  impl.RaftServerImpl (RaftServerImpl.java:setRole(174)) - 76999e15-3686-4d58-8030-6a34dfc59477@group-A319BC71595E: changes role from  FOLLOWER to CANDIDATE at term 0 for changeToCandidate
2019-09-26 10:50:15,784 [Thread-729] INFO  impl.RoleInfo (RoleInfo.java:updateAndGet(143)) - 76999e15-3686-4d58-8030-6a34dfc59477: start LeaderElection
2019-09-26 10:50:15,808 [Thread-732] INFO  impl.FollowerState (FollowerState.java:run(106)) - 76999e15-3686-4d58-8030-6a34dfc59477:group-B817DC0D0196 changes to CANDIDATE, lastRpcTime:5029, electionTimeout:5019ms
2019-09-26 10:50:15,808 [Thread-732] INFO  impl.RoleInfo (RoleInfo.java:shutdownFollowerState(121)) - 76999e15-3686-4d58-8030-6a34dfc59477: shutdown FollowerState
2019-09-26 10:50:15,808 [Thread-732] INFO  impl.RaftServerImpl (RaftServerImpl.java:setRole(174)) - 76999e15-3686-4d58-8030-6a34dfc59477@group-B817DC0D0196: changes role from  FOLLOWER to CANDIDATE at term 0 for changeToCandidate
2019-09-26 10:50:15,808 [Thread-732] INFO  impl.RoleInfo (RoleInfo.java:updateAndGet(143)) - 76999e15-3686-4d58-8030-6a34dfc59477: start LeaderElection
2019-09-26 10:50:15,829 [ba528854-06f2-48b1-90e3-e0173cc2f66a@group-248DD322E437-SegmentedRaftLogWorker] INFO  segmented.SegmentedRaftLogWorker (SegmentedRaftLogWorker.java:execute(569)) - ba528854-06f2-48b1-90e3-e0173cc2f66a@group-248DD322E437-SegmentedRaftLogWorker: created new log segment /workdir/hadoop-ozone/ozonefs/target/test-dir/MiniOzoneClusterImpl-c30abbcc-9270-495d-991f-83e55dc7fba6/datanode-2/data/ratis/94a707b6-4a3f-4537-a072-248dd322e437/current/log_inprogress_0
2019-09-26 10:50:15,829 [76999e15-3686-4d58-8030-6a34dfc59477@group-B817DC0D0196:LeaderElection42] INFO  impl.LeaderElection (LeaderElection.java:askForVotes(182)) - 76999e15-3686-4d58-8030-6a34dfc59477@group-B817DC0D0196:LeaderElection42: begin an election at term 1 for -1: [76999e15-3686-4d58-8030-6a34dfc59477:192.168.30.13:33067], old=null
2019-09-26 10:50:15,829 [76999e15-3686-4d58-8030-6a34dfc59477@group-A319BC71595E:LeaderElection41] INFO  impl.LeaderElection (LeaderElection.java:askForVotes(182)) - 76999e15-3686-4d58-8030-6a34dfc59477@group-A319BC71595E:LeaderElection41: begin an election at term 1 for -1: [76999e15-3686-4d58-8030-6a34dfc59477:192.168.30.13:33067], old=null
2019-09-26 10:50:15,829 [76999e15-3686-4d58-8030-6a34dfc59477@group-B817DC0D0196:LeaderElection42] INFO  impl.RoleInfo (RoleInfo.java:shutdownLeaderElection(134)) - 76999e15-3686-4d58-8030-6a34dfc59477: shutdown LeaderElection
2019-09-26 10:50:15,829 [76999e15-3686-4d58-8030-6a34dfc59477@group-A319BC71595E:LeaderElection41] INFO  impl.RoleInfo (RoleInfo.java:shutdownLeaderElection(134)) - 76999e15-3686-4d58-8030-6a34dfc59477: shutdown LeaderElection
2019-09-26 10:50:15,830 [76999e15-3686-4d58-8030-6a34dfc59477@group-B817DC0D0196:LeaderElection42] INFO  impl.RaftServerImpl (RaftServerImpl.java:setRole(174)) - 76999e15-3686-4d58-8030-6a34dfc59477@group-B817DC0D0196: changes role from CANDIDATE to LEADER at term 1 for changeToLeader
2019-09-26 10:50:15,830 [76999e15-3686-4d58-8030-6a34dfc59477@group-A319BC71595E:LeaderElection41] INFO  impl.RaftServerImpl (RaftServerImpl.java:setRole(174)) - 76999e15-3686-4d58-8030-6a34dfc59477@group-A319BC71595E: changes role from CANDIDATE to LEADER at term 1 for changeToLeader
2019-09-26 10:50:15,830 [76999e15-3686-4d58-8030-6a34dfc59477@group-B817DC0D0196:LeaderElection42] INFO  impl.RaftServerImpl (ServerState.java:setLeader(253)) - 76999e15-3686-4d58-8030-6a34dfc59477@group-B817DC0D0196: change Leader from null to 76999e15-3686-4d58-8030-6a34dfc59477 at term 1 for becomeLeader, leader elected after 5056ms
2019-09-26 10:50:15,830 [76999e15-3686-4d58-8030-6a34dfc59477@group-A319BC71595E:LeaderElection41] INFO  impl.RaftServerImpl (ServerState.java:setLeader(253)) - 76999e15-3686-4d58-8030-6a34dfc59477@group-A319BC71595E: change Leader from null to 76999e15-3686-4d58-8030-6a34dfc59477 at term 1 for becomeLeader, leader elected after 5114ms
2019-09-26 10:50:15,830 [76999e15-3686-4d58-8030-6a34dfc59477@group-B817DC0D0196:LeaderElection42] INFO  server.RaftServerConfigKeys (ConfUtils.java:logGet(43)) - raft.server.staging.catchup.gap = 1000 (default)
2019-09-26 10:50:15,830 [76999e15-3686-4d58-8030-6a34dfc59477@group-A319BC71595E:LeaderElection41] INFO  server.RaftServerConfigKeys (ConfUtils.java:logGet(43)) - raft.server.staging.catchup.gap = 1000 (default)
2019-09-26 10:50:15,830 [76999e15-3686-4d58-8030-6a34dfc59477@group-B817DC0D0196:LeaderElection42] INFO  server.RaftServerConfigKeys (ConfUtils.java:logGet(43)) - raft.server.rpc.sleep.time = 25ms (default)
2019-09-26 10:50:15,831 [76999e15-3686-4d58-8030-6a34dfc59477@group-A319BC71595E:LeaderElection41] INFO  server.RaftServerConfigKeys (ConfUtils.java:logGet(43)) - raft.server.rpc.sleep.time = 25ms (default)
2019-09-26 10:50:15,831 [76999e15-3686-4d58-8030-6a34dfc59477@group-B817DC0D0196:LeaderElection42] INFO  server.RaftServerConfigKeys (ConfUtils.java:logGet(43)) - raft.server.write.element-limit = 4096 (default)
2019-09-26 10:50:15,831 [76999e15-3686-4d58-8030-6a34dfc59477@group-A319BC71595E:LeaderElection41] INFO  server.RaftServerConfigKeys (ConfUtils.java:logGet(43)) - raft.server.write.element-limit = 4096 (default)
2019-09-26 10:50:15,831 [76999e15-3686-4d58-8030-6a34dfc59477@group-B817DC0D0196:LeaderElection42] INFO  server.RaftServerConfigKeys (ConfUtils.java:logGet(43)) - raft.server.watch.timeout = 10s (default)
2019-09-26 10:50:15,831 [76999e15-3686-4d58-8030-6a34dfc59477@group-A319BC71595E:LeaderElection41] INFO  server.RaftServerConfigKeys (ConfUtils.java:logGet(43)) - raft.server.watch.timeout = 10s (default)
2019-09-26 10:50:15,831 [76999e15-3686-4d58-8030-6a34dfc59477@group-B817DC0D0196:LeaderElection42] INFO  server.RaftServerConfigKeys (ConfUtils.java:logGet(43)) - raft.server.watch.timeout.denomination = 1s (default)
2019-09-26 10:50:15,832 [76999e15-3686-4d58-8030-6a34dfc59477@group-A319BC71595E:LeaderElection41] INFO  server.RaftServerConfigKeys (ConfUtils.java:logGet(43)) - raft.server.watch.timeout.denomination = 1s (default)
2019-09-26 10:50:15,832 [76999e15-3686-4d58-8030-6a34dfc59477@group-B817DC0D0196:LeaderElection42] INFO  server.RaftServerConfigKeys (ConfUtils.java:logGet(43)) - raft.server.watch.element-limit = 65536 (default)
2019-09-26 10:50:15,832 [76999e15-3686-4d58-8030-6a34dfc59477@group-A319BC71595E:LeaderElection41] INFO  server.RaftServerConfigKeys (ConfUtils.java:logGet(43)) - raft.server.watch.element-limit = 65536 (default)
2019-09-26 10:50:15,835 [76999e15-3686-4d58-8030-6a34dfc59477@group-B817DC0D0196:LeaderElection42] INFO  impl.RoleInfo (RoleInfo.java:updateAndGet(143)) - 76999e15-3686-4d58-8030-6a34dfc59477: start LeaderState
2019-09-26 10:50:15,835 [76999e15-3686-4d58-8030-6a34dfc59477@group-B817DC0D0196:LeaderElection42] INFO  segmented.SegmentedRaftLogWorker (SegmentedRaftLogWorker.java:startLogSegment(380)) - 76999e15-3686-4d58-8030-6a34dfc59477@group-B817DC0D0196-SegmentedRaftLogWorker: Starting segment from index:0
2019-09-26 10:50:15,836 [76999e15-3686-4d58-8030-6a34dfc59477@group-B817DC0D0196:LeaderElection42] INFO  impl.RaftServerImpl (ServerState.java:setRaftConf(354)) - 76999e15-3686-4d58-8030-6a34dfc59477@group-B817DC0D0196: set configuration 0: [76999e15-3686-4d58-8030-6a34dfc59477:192.168.30.13:33067], old=null at 0
2019-09-26 10:50:15,836 [76999e15-3686-4d58-8030-6a34dfc59477@group-A319BC71595E:LeaderElection41] INFO  impl.RoleInfo (RoleInfo.java:updateAndGet(143)) - 76999e15-3686-4d58-8030-6a34dfc59477: start LeaderState
2019-09-26 10:50:15,837 [76999e15-3686-4d58-8030-6a34dfc59477@group-A319BC71595E:LeaderElection41] INFO  segmented.SegmentedRaftLogWorker (SegmentedRaftLogWorker.java:startLogSegment(380)) - 76999e15-3686-4d58-8030-6a34dfc59477@group-A319BC71595E-SegmentedRaftLogWorker: Starting segment from index:0
2019-09-26 10:50:15,837 [76999e15-3686-4d58-8030-6a34dfc59477@group-A319BC71595E:LeaderElection41] INFO  impl.RaftServerImpl (ServerState.java:setRaftConf(354)) - 76999e15-3686-4d58-8030-6a34dfc59477@group-A319BC71595E: set configuration 0: [76999e15-3686-4d58-8030-6a34dfc59477:192.168.30.13:33067], old=null at 0
2019-09-26 10:50:15,888 [76999e15-3686-4d58-8030-6a34dfc59477@group-B817DC0D0196-SegmentedRaftLogWorker] INFO  segmented.SegmentedRaftLogWorker (SegmentedRaftLogWorker.java:execute(569)) - 76999e15-3686-4d58-8030-6a34dfc59477@group-B817DC0D0196-SegmentedRaftLogWorker: created new log segment /workdir/hadoop-ozone/ozonefs/target/test-dir/MiniOzoneClusterImpl-c30abbcc-9270-495d-991f-83e55dc7fba6/datanode-1/data/ratis/0abb3595-102a-4986-9cfe-b817dc0d0196/current/log_inprogress_0
2019-09-26 10:50:15,888 [76999e15-3686-4d58-8030-6a34dfc59477@group-A319BC71595E-SegmentedRaftLogWorker] INFO  segmented.SegmentedRaftLogWorker (SegmentedRaftLogWorker.java:execute(569)) - 76999e15-3686-4d58-8030-6a34dfc59477@group-A319BC71595E-SegmentedRaftLogWorker: created new log segment /workdir/hadoop-ozone/ozonefs/target/test-dir/MiniOzoneClusterImpl-c30abbcc-9270-495d-991f-83e55dc7fba6/datanode-1/data/ratis/16ea1aa3-b945-4c32-b031-a319bc71595e/current/log_inprogress_0
2019-09-26 10:50:15,955 [Thread-735] INFO  impl.FollowerState (FollowerState.java:run(106)) - d084370a-b4cb-43c6-bd03-156c72c6b0ec:group-59C724638E31 changes to CANDIDATE, lastRpcTime:5127, electionTimeout:5127ms
2019-09-26 10:50:15,955 [Thread-735] INFO  impl.RoleInfo (RoleInfo.java:shutdownFollowerState(121)) - d084370a-b4cb-43c6-bd03-156c72c6b0ec: shutdown FollowerState
2019-09-26 10:50:15,956 [Thread-735] INFO  impl.RaftServerImpl (RaftServerImpl.java:setRole(174)) - d084370a-b4cb-43c6-bd03-156c72c6b0ec@group-59C724638E31: changes role from  FOLLOWER to CANDIDATE at term 0 for changeToCandidate
2019-09-26 10:50:15,956 [Thread-735] INFO  impl.RoleInfo (RoleInfo.java:updateAndGet(143)) - d084370a-b4cb-43c6-bd03-156c72c6b0ec: start LeaderElection
2019-09-26 10:50:15,973 [d084370a-b4cb-43c6-bd03-156c72c6b0ec@group-59C724638E31:LeaderElection43] INFO  impl.LeaderElection (LeaderElection.java:askForVotes(182)) - d084370a-b4cb-43c6-bd03-156c72c6b0ec@group-59C724638E31:LeaderElection43: begin an election at term 1 for -1: [d084370a-b4cb-43c6-bd03-156c72c6b0ec:192.168.30.13:45859], old=null
2019-09-26 10:50:15,973 [d084370a-b4cb-43c6-bd03-156c72c6b0ec@group-59C724638E31:LeaderElection43] INFO  impl.RoleInfo (RoleInfo.java:shutdownLeaderElection(134)) - d084370a-b4cb-43c6-bd03-156c72c6b0ec: shutdown LeaderElection
2019-09-26 10:50:15,973 [d084370a-b4cb-43c6-bd03-156c72c6b0ec@group-59C724638E31:LeaderElection43] INFO  impl.RaftServerImpl (RaftServerImpl.java:setRole(174)) - d084370a-b4cb-43c6-bd03-156c72c6b0ec@group-59C724638E31: changes role from CANDIDATE to LEADER at term 1 for changeToLeader
2019-09-26 10:50:15,974 [d084370a-b4cb-43c6-bd03-156c72c6b0ec@group-59C724638E31:LeaderElection43] INFO  impl.RaftServerImpl (ServerState.java:setLeader(253)) - d084370a-b4cb-43c6-bd03-156c72c6b0ec@group-59C724638E31: change Leader from null to d084370a-b4cb-43c6-bd03-156c72c6b0ec at term 1 for becomeLeader, leader elected after 5154ms
2019-09-26 10:50:15,974 [d084370a-b4cb-43c6-bd03-156c72c6b0ec@group-59C724638E31:LeaderElection43] INFO  server.RaftServerConfigKeys (ConfUtils.java:logGet(43)) - raft.server.staging.catchup.gap = 1000 (default)
2019-09-26 10:50:15,974 [d084370a-b4cb-43c6-bd03-156c72c6b0ec@group-59C724638E31:LeaderElection43] INFO  server.RaftServerConfigKeys (ConfUtils.java:logGet(43)) - raft.server.rpc.sleep.time = 25ms (default)
2019-09-26 10:50:15,974 [d084370a-b4cb-43c6-bd03-156c72c6b0ec@group-59C724638E31:LeaderElection43] INFO  server.RaftServerConfigKeys (ConfUtils.java:logGet(43)) - raft.server.write.element-limit = 4096 (default)
2019-09-26 10:50:15,974 [d084370a-b4cb-43c6-bd03-156c72c6b0ec@group-59C724638E31:LeaderElection43] INFO  server.RaftServerConfigKeys (ConfUtils.java:logGet(43)) - raft.server.watch.timeout = 10s (default)
2019-09-26 10:50:15,975 [d084370a-b4cb-43c6-bd03-156c72c6b0ec@group-59C724638E31:LeaderElection43] INFO  server.RaftServerConfigKeys (ConfUtils.java:logGet(43)) - raft.server.watch.timeout.denomination = 1s (default)
2019-09-26 10:50:15,975 [d084370a-b4cb-43c6-bd03-156c72c6b0ec@group-59C724638E31:LeaderElection43] INFO  server.RaftServerConfigKeys (ConfUtils.java:logGet(43)) - raft.server.watch.element-limit = 65536 (default)
2019-09-26 10:50:15,978 [d084370a-b4cb-43c6-bd03-156c72c6b0ec@group-59C724638E31:LeaderElection43] INFO  impl.RoleInfo (RoleInfo.java:updateAndGet(143)) - d084370a-b4cb-43c6-bd03-156c72c6b0ec: start LeaderState
2019-09-26 10:50:15,978 [d084370a-b4cb-43c6-bd03-156c72c6b0ec@group-59C724638E31:LeaderElection43] INFO  segmented.SegmentedRaftLogWorker (SegmentedRaftLogWorker.java:startLogSegment(380)) - d084370a-b4cb-43c6-bd03-156c72c6b0ec@group-59C724638E31-SegmentedRaftLogWorker: Starting segment from index:0
2019-09-26 10:50:15,979 [d084370a-b4cb-43c6-bd03-156c72c6b0ec@group-59C724638E31:LeaderElection43] INFO  impl.RaftServerImpl (ServerState.java:setRaftConf(354)) - d084370a-b4cb-43c6-bd03-156c72c6b0ec@group-59C724638E31: set configuration 0: [d084370a-b4cb-43c6-bd03-156c72c6b0ec:192.168.30.13:45859], old=null at 0
2019-09-26 10:50:16,032 [d084370a-b4cb-43c6-bd03-156c72c6b0ec@group-59C724638E31-SegmentedRaftLogWorker] INFO  segmented.SegmentedRaftLogWorker (SegmentedRaftLogWorker.java:execute(569)) - d084370a-b4cb-43c6-bd03-156c72c6b0ec@group-59C724638E31-SegmentedRaftLogWorker: created new log segment /workdir/hadoop-ozone/ozonefs/target/test-dir/MiniOzoneClusterImpl-c30abbcc-9270-495d-991f-83e55dc7fba6/datanode-0/data/ratis/436dd46c-85aa-44c7-b341-59c724638e31/current/log_inprogress_0
2019-09-26 10:50:16,041 [Thread-738] INFO  impl.FollowerState (FollowerState.java:run(106)) - 76999e15-3686-4d58-8030-6a34dfc59477:group-730C5194B53A changes to CANDIDATE, lastRpcTime:5160, electionTimeout:5160ms
2019-09-26 10:50:16,042 [Thread-738] INFO  impl.RoleInfo (RoleInfo.java:shutdownFollowerState(121)) - 76999e15-3686-4d58-8030-6a34dfc59477: shutdown FollowerState
2019-09-26 10:50:16,042 [Thread-738] INFO  impl.RaftServerImpl (RaftServerImpl.java:setRole(174)) - 76999e15-3686-4d58-8030-6a34dfc59477@group-730C5194B53A: changes role from  FOLLOWER to CANDIDATE at term 0 for changeToCandidate
2019-09-26 10:50:16,042 [Thread-738] INFO  impl.RoleInfo (RoleInfo.java:updateAndGet(143)) - 76999e15-3686-4d58-8030-6a34dfc59477: start LeaderElection
2019-09-26 10:50:16,046 [Thread-744] INFO  impl.FollowerState (FollowerState.java:run(106)) - 76999e15-3686-4d58-8030-6a34dfc59477:group-5EFDFBEE08E9 changes to CANDIDATE, lastRpcTime:5060, electionTimeout:5058ms
2019-09-26 10:50:16,046 [Thread-744] INFO  impl.RoleInfo (RoleInfo.java:shutdownFollowerState(121)) - 76999e15-3686-4d58-8030-6a34dfc59477: shutdown FollowerState
2019-09-26 10:50:16,046 [Thread-744] INFO  impl.RaftServerImpl (RaftServerImpl.java:setRole(174)) - 76999e15-3686-4d58-8030-6a34dfc59477@group-5EFDFBEE08E9: changes role from  FOLLOWER to CANDIDATE at term 0 for changeToCandidate
2019-09-26 10:50:16,046 [Thread-744] INFO  impl.RoleInfo (RoleInfo.java:updateAndGet(143)) - 76999e15-3686-4d58-8030-6a34dfc59477: start LeaderElection
2019-09-26 10:50:16,060 [76999e15-3686-4d58-8030-6a34dfc59477@group-5EFDFBEE08E9:LeaderElection45] INFO  impl.LeaderElection (LeaderElection.java:askForVotes(182)) - 76999e15-3686-4d58-8030-6a34dfc59477@group-5EFDFBEE08E9:LeaderElection45: begin an election at term 1 for -1: [76999e15-3686-4d58-8030-6a34dfc59477:192.168.30.13:33067], old=null
2019-09-26 10:50:16,060 [76999e15-3686-4d58-8030-6a34dfc59477@group-730C5194B53A:LeaderElection44] INFO  impl.LeaderElection (LeaderElection.java:askForVotes(182)) - 76999e15-3686-4d58-8030-6a34dfc59477@group-730C5194B53A:LeaderElection44: begin an election at term 1 for -1: [76999e15-3686-4d58-8030-6a34dfc59477:192.168.30.13:33067], old=null
2019-09-26 10:50:16,060 [76999e15-3686-4d58-8030-6a34dfc59477@group-5EFDFBEE08E9:LeaderElection45] INFO  impl.RoleInfo (RoleInfo.java:shutdownLeaderElection(134)) - 76999e15-3686-4d58-8030-6a34dfc59477: shutdown LeaderElection
2019-09-26 10:50:16,060 [76999e15-3686-4d58-8030-6a34dfc59477@group-730C5194B53A:LeaderElection44] INFO  impl.RoleInfo (RoleInfo.java:shutdownLeaderElection(134)) - 76999e15-3686-4d58-8030-6a34dfc59477: shutdown LeaderElection
2019-09-26 10:50:16,060 [76999e15-3686-4d58-8030-6a34dfc59477@group-5EFDFBEE08E9:LeaderElection45] INFO  impl.RaftServerImpl (RaftServerImpl.java:setRole(174)) - 76999e15-3686-4d58-8030-6a34dfc59477@group-5EFDFBEE08E9: changes role from CANDIDATE to LEADER at term 1 for changeToLeader
2019-09-26 10:50:16,060 [76999e15-3686-4d58-8030-6a34dfc59477@group-730C5194B53A:LeaderElection44] INFO  impl.RaftServerImpl (RaftServerImpl.java:setRole(174)) - 76999e15-3686-4d58-8030-6a34dfc59477@group-730C5194B53A: changes role from CANDIDATE to LEADER at term 1 for changeToLeader
2019-09-26 10:50:16,061 [76999e15-3686-4d58-8030-6a34dfc59477@group-5EFDFBEE08E9:LeaderElection45] INFO  impl.RaftServerImpl (ServerState.java:setLeader(253)) - 76999e15-3686-4d58-8030-6a34dfc59477@group-5EFDFBEE08E9: change Leader from null to 76999e15-3686-4d58-8030-6a34dfc59477 at term 1 for becomeLeader, leader elected after 5081ms
2019-09-26 10:50:16,061 [76999e15-3686-4d58-8030-6a34dfc59477@group-730C5194B53A:LeaderElection44] INFO  impl.RaftServerImpl (ServerState.java:setLeader(253)) - 76999e15-3686-4d58-8030-6a34dfc59477@group-730C5194B53A: change Leader from null to 76999e15-3686-4d58-8030-6a34dfc59477 at term 1 for becomeLeader, leader elected after 5188ms
2019-09-26 10:50:16,061 [76999e15-3686-4d58-8030-6a34dfc59477@group-5EFDFBEE08E9:LeaderElection45] INFO  server.RaftServerConfigKeys (ConfUtils.java:logGet(43)) - raft.server.staging.catchup.gap = 1000 (default)
2019-09-26 10:50:16,061 [76999e15-3686-4d58-8030-6a34dfc59477@group-730C5194B53A:LeaderElection44] INFO  server.RaftServerConfigKeys (ConfUtils.java:logGet(43)) - raft.server.staging.catchup.gap = 1000 (default)
2019-09-26 10:50:16,061 [76999e15-3686-4d58-8030-6a34dfc59477@group-5EFDFBEE08E9:LeaderElection45] INFO  server.RaftServerConfigKeys (ConfUtils.java:logGet(43)) - raft.server.rpc.sleep.time = 25ms (default)
2019-09-26 10:50:16,061 [76999e15-3686-4d58-8030-6a34dfc59477@group-730C5194B53A:LeaderElection44] INFO  server.RaftServerConfigKeys (ConfUtils.java:logGet(43)) - raft.server.rpc.sleep.time = 25ms (default)
2019-09-26 10:50:16,062 [76999e15-3686-4d58-8030-6a34dfc59477@group-5EFDFBEE08E9:LeaderElection45] INFO  server.RaftServerConfigKeys (ConfUtils.java:logGet(43)) - raft.server.write.element-limit = 4096 (default)
2019-09-26 10:50:16,062 [76999e15-3686-4d58-8030-6a34dfc59477@group-730C5194B53A:LeaderElection44] INFO  server.RaftServerConfigKeys (ConfUtils.java:logGet(43)) - raft.server.write.element-limit = 4096 (default)
2019-09-26 10:50:16,062 [76999e15-3686-4d58-8030-6a34dfc59477@group-5EFDFBEE08E9:LeaderElection45] INFO  server.RaftServerConfigKeys (ConfUtils.java:logGet(43)) - raft.server.watch.timeout = 10s (default)
2019-09-26 10:50:16,062 [76999e15-3686-4d58-8030-6a34dfc59477@group-730C5194B53A:LeaderElection44] INFO  server.RaftServerConfigKeys (ConfUtils.java:logGet(43)) - raft.server.watch.timeout = 10s (default)
2019-09-26 10:50:16,062 [76999e15-3686-4d58-8030-6a34dfc59477@group-5EFDFBEE08E9:LeaderElection45] INFO  server.RaftServerConfigKeys (ConfUtils.java:logGet(43)) - raft.server.watch.timeout.denomination = 1s (default)
2019-09-26 10:50:16,062 [76999e15-3686-4d58-8030-6a34dfc59477@group-730C5194B53A:LeaderElection44] INFO  server.RaftServerConfigKeys (ConfUtils.java:logGet(43)) - raft.server.watch.timeout.denomination = 1s (default)
2019-09-26 10:50:16,063 [76999e15-3686-4d58-8030-6a34dfc59477@group-5EFDFBEE08E9:LeaderElection45] INFO  server.RaftServerConfigKeys (ConfUtils.java:logGet(43)) - raft.server.watch.element-limit = 65536 (default)
2019-09-26 10:50:16,063 [76999e15-3686-4d58-8030-6a34dfc59477@group-730C5194B53A:LeaderElection44] INFO  server.RaftServerConfigKeys (ConfUtils.java:logGet(43)) - raft.server.watch.element-limit = 65536 (default)
2019-09-26 10:50:16,067 [76999e15-3686-4d58-8030-6a34dfc59477@group-5EFDFBEE08E9:LeaderElection45] INFO  impl.RoleInfo (RoleInfo.java:updateAndGet(143)) - 76999e15-3686-4d58-8030-6a34dfc59477: start LeaderState
2019-09-26 10:50:16,068 [76999e15-3686-4d58-8030-6a34dfc59477@group-730C5194B53A:LeaderElection44] INFO  impl.RoleInfo (RoleInfo.java:updateAndGet(143)) - 76999e15-3686-4d58-8030-6a34dfc59477: start LeaderState
2019-09-26 10:50:16,068 [76999e15-3686-4d58-8030-6a34dfc59477@group-5EFDFBEE08E9:LeaderElection45] INFO  segmented.SegmentedRaftLogWorker (SegmentedRaftLogWorker.java:startLogSegment(380)) - 76999e15-3686-4d58-8030-6a34dfc59477@group-5EFDFBEE08E9-SegmentedRaftLogWorker: Starting segment from index:0
2019-09-26 10:50:16,068 [76999e15-3686-4d58-8030-6a34dfc59477@group-730C5194B53A:LeaderElection44] INFO  segmented.SegmentedRaftLogWorker (SegmentedRaftLogWorker.java:startLogSegment(380)) - 76999e15-3686-4d58-8030-6a34dfc59477@group-730C5194B53A-SegmentedRaftLogWorker: Starting segment from index:0
2019-09-26 10:50:16,069 [76999e15-3686-4d58-8030-6a34dfc59477@group-5EFDFBEE08E9:LeaderElection45] INFO  impl.RaftServerImpl (ServerState.java:setRaftConf(354)) - 76999e15-3686-4d58-8030-6a34dfc59477@group-5EFDFBEE08E9: set configuration 0: [76999e15-3686-4d58-8030-6a34dfc59477:192.168.30.13:33067], old=null at 0
2019-09-26 10:50:16,069 [76999e15-3686-4d58-8030-6a34dfc59477@group-730C5194B53A:LeaderElection44] INFO  impl.RaftServerImpl (ServerState.java:setRaftConf(354)) - 76999e15-3686-4d58-8030-6a34dfc59477@group-730C5194B53A: set configuration 0: [76999e15-3686-4d58-8030-6a34dfc59477:192.168.30.13:33067], old=null at 0
2019-09-26 10:50:16,090 [Thread-741] INFO  impl.FollowerState (FollowerState.java:run(106)) - d084370a-b4cb-43c6-bd03-156c72c6b0ec:group-5BCE2FFF8B2E changes to CANDIDATE, lastRpcTime:5158, electionTimeout:5158ms
2019-09-26 10:50:16,090 [Thread-741] INFO  impl.RoleInfo (RoleInfo.java:shutdownFollowerState(121)) - d084370a-b4cb-43c6-bd03-156c72c6b0ec: shutdown FollowerState
2019-09-26 10:50:16,091 [Thread-741] INFO  impl.RaftServerImpl (RaftServerImpl.java:setRole(174)) - d084370a-b4cb-43c6-bd03-156c72c6b0ec@group-5BCE2FFF8B2E: changes role from  FOLLOWER to CANDIDATE at term 0 for changeToCandidate
2019-09-26 10:50:16,091 [Thread-741] INFO  impl.RoleInfo (RoleInfo.java:updateAndGet(143)) - d084370a-b4cb-43c6-bd03-156c72c6b0ec: start LeaderElection
2019-09-26 10:50:16,111 [Thread-747] INFO  impl.FollowerState (FollowerState.java:run(106)) - 76999e15-3686-4d58-8030-6a34dfc59477:group-89C9A5530B26 changes to CANDIDATE, lastRpcTime:5057, electionTimeout:5040ms
2019-09-26 10:50:16,111 [Thread-747] INFO  impl.RoleInfo (RoleInfo.java:shutdownFollowerState(121)) - 76999e15-3686-4d58-8030-6a34dfc59477: shutdown FollowerState
2019-09-26 10:50:16,111 [Thread-747] INFO  impl.RaftServerImpl (RaftServerImpl.java:setRole(174)) - 76999e15-3686-4d58-8030-6a34dfc59477@group-89C9A5530B26: changes role from  FOLLOWER to CANDIDATE at term 0 for changeToCandidate
2019-09-26 10:50:16,111 [Thread-747] INFO  impl.RoleInfo (RoleInfo.java:updateAndGet(143)) - 76999e15-3686-4d58-8030-6a34dfc59477: start LeaderElection
2019-09-26 10:50:16,124 [76999e15-3686-4d58-8030-6a34dfc59477@group-5EFDFBEE08E9-SegmentedRaftLogWorker] INFO  segmented.SegmentedRaftLogWorker (SegmentedRaftLogWorker.java:execute(569)) - 76999e15-3686-4d58-8030-6a34dfc59477@group-5EFDFBEE08E9-SegmentedRaftLogWorker: created new log segment /workdir/hadoop-ozone/ozonefs/target/test-dir/MiniOzoneClusterImpl-c30abbcc-9270-495d-991f-83e55dc7fba6/datanode-1/data/ratis/74fcb6f9-2703-4b01-91b2-5efdfbee08e9/current/log_inprogress_0
2019-09-26 10:50:16,124 [d084370a-b4cb-43c6-bd03-156c72c6b0ec@group-5BCE2FFF8B2E:LeaderElection46] INFO  impl.LeaderElection (LeaderElection.java:askForVotes(182)) - d084370a-b4cb-43c6-bd03-156c72c6b0ec@group-5BCE2FFF8B2E:LeaderElection46: begin an election at term 1 for -1: [d084370a-b4cb-43c6-bd03-156c72c6b0ec:192.168.30.13:45859], old=null
2019-09-26 10:50:16,124 [76999e15-3686-4d58-8030-6a34dfc59477@group-89C9A5530B26:LeaderElection47] INFO  impl.LeaderElection (LeaderElection.java:askForVotes(182)) - 76999e15-3686-4d58-8030-6a34dfc59477@group-89C9A5530B26:LeaderElection47: begin an election at term 1 for -1: [76999e15-3686-4d58-8030-6a34dfc59477:192.168.30.13:33067], old=null
2019-09-26 10:50:16,124 [76999e15-3686-4d58-8030-6a34dfc59477@group-730C5194B53A-SegmentedRaftLogWorker] INFO  segmented.SegmentedRaftLogWorker (SegmentedRaftLogWorker.java:execute(569)) - 76999e15-3686-4d58-8030-6a34dfc59477@group-730C5194B53A-SegmentedRaftLogWorker: created new log segment /workdir/hadoop-ozone/ozonefs/target/test-dir/MiniOzoneClusterImpl-c30abbcc-9270-495d-991f-83e55dc7fba6/datanode-1/data/ratis/ffdd33fb-7bd8-4424-a4b3-730c5194b53a/current/log_inprogress_0
2019-09-26 10:50:16,124 [76999e15-3686-4d58-8030-6a34dfc59477@group-89C9A5530B26:LeaderElection47] INFO  impl.RoleInfo (RoleInfo.java:shutdownLeaderElection(134)) - 76999e15-3686-4d58-8030-6a34dfc59477: shutdown LeaderElection
2019-09-26 10:50:16,124 [d084370a-b4cb-43c6-bd03-156c72c6b0ec@group-5BCE2FFF8B2E:LeaderElection46] INFO  impl.RoleInfo (RoleInfo.java:shutdownLeaderElection(134)) - d084370a-b4cb-43c6-bd03-156c72c6b0ec: shutdown LeaderElection
2019-09-26 10:50:16,125 [76999e15-3686-4d58-8030-6a34dfc59477@group-89C9A5530B26:LeaderElection47] INFO  impl.RaftServerImpl (RaftServerImpl.java:setRole(174)) - 76999e15-3686-4d58-8030-6a34dfc59477@group-89C9A5530B26: changes role from CANDIDATE to LEADER at term 1 for changeToLeader
2019-09-26 10:50:16,125 [d084370a-b4cb-43c6-bd03-156c72c6b0ec@group-5BCE2FFF8B2E:LeaderElection46] INFO  impl.RaftServerImpl (RaftServerImpl.java:setRole(174)) - d084370a-b4cb-43c6-bd03-156c72c6b0ec@group-5BCE2FFF8B2E: changes role from CANDIDATE to LEADER at term 1 for changeToLeader
2019-09-26 10:50:16,125 [76999e15-3686-4d58-8030-6a34dfc59477@group-89C9A5530B26:LeaderElection47] INFO  impl.RaftServerImpl (ServerState.java:setLeader(253)) - 76999e15-3686-4d58-8030-6a34dfc59477@group-89C9A5530B26: change Leader from null to 76999e15-3686-4d58-8030-6a34dfc59477 at term 1 for becomeLeader, leader elected after 5079ms
2019-09-26 10:50:16,125 [d084370a-b4cb-43c6-bd03-156c72c6b0ec@group-5BCE2FFF8B2E:LeaderElection46] INFO  impl.RaftServerImpl (ServerState.java:setLeader(253)) - d084370a-b4cb-43c6-bd03-156c72c6b0ec@group-5BCE2FFF8B2E: change Leader from null to d084370a-b4cb-43c6-bd03-156c72c6b0ec at term 1 for becomeLeader, leader elected after 5201ms
2019-09-26 10:50:16,125 [76999e15-3686-4d58-8030-6a34dfc59477@group-89C9A5530B26:LeaderElection47] INFO  server.RaftServerConfigKeys (ConfUtils.java:logGet(43)) - raft.server.staging.catchup.gap = 1000 (default)
2019-09-26 10:50:16,125 [d084370a-b4cb-43c6-bd03-156c72c6b0ec@group-5BCE2FFF8B2E:LeaderElection46] INFO  server.RaftServerConfigKeys (ConfUtils.java:logGet(43)) - raft.server.staging.catchup.gap = 1000 (default)
2019-09-26 10:50:16,126 [76999e15-3686-4d58-8030-6a34dfc59477@group-89C9A5530B26:LeaderElection47] INFO  server.RaftServerConfigKeys (ConfUtils.java:logGet(43)) - raft.server.rpc.sleep.time = 25ms (default)
2019-09-26 10:50:16,126 [d084370a-b4cb-43c6-bd03-156c72c6b0ec@group-5BCE2FFF8B2E:LeaderElection46] INFO  server.RaftServerConfigKeys (ConfUtils.java:logGet(43)) - raft.server.rpc.sleep.time = 25ms (default)
2019-09-26 10:50:16,126 [76999e15-3686-4d58-8030-6a34dfc59477@group-89C9A5530B26:LeaderElection47] INFO  server.RaftServerConfigKeys (ConfUtils.java:logGet(43)) - raft.server.write.element-limit = 4096 (default)
2019-09-26 10:50:16,126 [d084370a-b4cb-43c6-bd03-156c72c6b0ec@group-5BCE2FFF8B2E:LeaderElection46] INFO  server.RaftServerConfigKeys (ConfUtils.java:logGet(43)) - raft.server.write.element-limit = 4096 (default)
2019-09-26 10:50:16,126 [76999e15-3686-4d58-8030-6a34dfc59477@group-89C9A5530B26:LeaderElection47] INFO  server.RaftServerConfigKeys (ConfUtils.java:logGet(43)) - raft.server.watch.timeout = 10s (default)
2019-09-26 10:50:16,126 [d084370a-b4cb-43c6-bd03-156c72c6b0ec@group-5BCE2FFF8B2E:LeaderElection46] INFO  server.RaftServerConfigKeys (ConfUtils.java:logGet(43)) - raft.server.watch.timeout = 10s (default)
2019-09-26 10:50:16,127 [76999e15-3686-4d58-8030-6a34dfc59477@group-89C9A5530B26:LeaderElection47] INFO  server.RaftServerConfigKeys (ConfUtils.java:logGet(43)) - raft.server.watch.timeout.denomination = 1s (default)
2019-09-26 10:50:16,127 [d084370a-b4cb-43c6-bd03-156c72c6b0ec@group-5BCE2FFF8B2E:LeaderElection46] INFO  server.RaftServerConfigKeys (ConfUtils.java:logGet(43)) - raft.server.watch.timeout.denomination = 1s (default)
2019-09-26 10:50:16,127 [76999e15-3686-4d58-8030-6a34dfc59477@group-89C9A5530B26:LeaderElection47] INFO  server.RaftServerConfigKeys (ConfUtils.java:logGet(43)) - raft.server.watch.element-limit = 65536 (default)
2019-09-26 10:50:16,127 [d084370a-b4cb-43c6-bd03-156c72c6b0ec@group-5BCE2FFF8B2E:LeaderElection46] INFO  server.RaftServerConfigKeys (ConfUtils.java:logGet(43)) - raft.server.watch.element-limit = 65536 (default)
2019-09-26 10:50:16,132 [76999e15-3686-4d58-8030-6a34dfc59477@group-89C9A5530B26:LeaderElection47] INFO  impl.RoleInfo (RoleInfo.java:updateAndGet(143)) - 76999e15-3686-4d58-8030-6a34dfc59477: start LeaderState
2019-09-26 10:50:16,132 [d084370a-b4cb-43c6-bd03-156c72c6b0ec@group-5BCE2FFF8B2E:LeaderElection46] INFO  impl.RoleInfo (RoleInfo.java:updateAndGet(143)) - d084370a-b4cb-43c6-bd03-156c72c6b0ec: start LeaderState
2019-09-26 10:50:16,132 [76999e15-3686-4d58-8030-6a34dfc59477@group-89C9A5530B26:LeaderElection47] INFO  segmented.SegmentedRaftLogWorker (SegmentedRaftLogWorker.java:startLogSegment(380)) - 76999e15-3686-4d58-8030-6a34dfc59477@group-89C9A5530B26-SegmentedRaftLogWorker: Starting segment from index:0
2019-09-26 10:50:16,132 [d084370a-b4cb-43c6-bd03-156c72c6b0ec@group-5BCE2FFF8B2E:LeaderElection46] INFO  segmented.SegmentedRaftLogWorker (SegmentedRaftLogWorker.java:startLogSegment(380)) - d084370a-b4cb-43c6-bd03-156c72c6b0ec@group-5BCE2FFF8B2E-SegmentedRaftLogWorker: Starting segment from index:0
2019-09-26 10:50:16,133 [76999e15-3686-4d58-8030-6a34dfc59477@group-89C9A5530B26:LeaderElection47] INFO  impl.RaftServerImpl (ServerState.java:setRaftConf(354)) - 76999e15-3686-4d58-8030-6a34dfc59477@group-89C9A5530B26: set configuration 0: [76999e15-3686-4d58-8030-6a34dfc59477:192.168.30.13:33067], old=null at 0
2019-09-26 10:50:16,133 [d084370a-b4cb-43c6-bd03-156c72c6b0ec@group-5BCE2FFF8B2E:LeaderElection46] INFO  impl.RaftServerImpl (ServerState.java:setRaftConf(354)) - d084370a-b4cb-43c6-bd03-156c72c6b0ec@group-5BCE2FFF8B2E: set configuration 0: [d084370a-b4cb-43c6-bd03-156c72c6b0ec:192.168.30.13:45859], old=null at 0
2019-09-26 10:50:16,169 [Thread-750] INFO  impl.FollowerState (FollowerState.java:run(106)) - 76999e15-3686-4d58-8030-6a34dfc59477:group-D7759733D424 changes to CANDIDATE, lastRpcTime:5068, electionTimeout:5068ms
2019-09-26 10:50:16,169 [Thread-750] INFO  impl.RoleInfo (RoleInfo.java:shutdownFollowerState(121)) - 76999e15-3686-4d58-8030-6a34dfc59477: shutdown FollowerState
2019-09-26 10:50:16,170 [Thread-750] INFO  impl.RaftServerImpl (RaftServerImpl.java:setRole(174)) - 76999e15-3686-4d58-8030-6a34dfc59477@group-D7759733D424: changes role from  FOLLOWER to CANDIDATE at term 0 for changeToCandidate
2019-09-26 10:50:16,170 [Thread-750] INFO  impl.RoleInfo (RoleInfo.java:updateAndGet(143)) - 76999e15-3686-4d58-8030-6a34dfc59477: start LeaderElection
2019-09-26 10:50:16,198 [d084370a-b4cb-43c6-bd03-156c72c6b0ec@group-5BCE2FFF8B2E-SegmentedRaftLogWorker] INFO  segmented.SegmentedRaftLogWorker (SegmentedRaftLogWorker.java:execute(569)) - d084370a-b4cb-43c6-bd03-156c72c6b0ec@group-5BCE2FFF8B2E-SegmentedRaftLogWorker: created new log segment /workdir/hadoop-ozone/ozonefs/target/test-dir/MiniOzoneClusterImpl-c30abbcc-9270-495d-991f-83e55dc7fba6/datanode-0/data/ratis/fa826b36-4e14-4408-a150-5bce2fff8b2e/current/log_inprogress_0
2019-09-26 10:50:16,198 [76999e15-3686-4d58-8030-6a34dfc59477@group-D7759733D424:LeaderElection48] INFO  impl.LeaderElection (LeaderElection.java:askForVotes(182)) - 76999e15-3686-4d58-8030-6a34dfc59477@group-D7759733D424:LeaderElection48: begin an election at term 1 for -1: [76999e15-3686-4d58-8030-6a34dfc59477:192.168.30.13:33067], old=null
2019-09-26 10:50:16,198 [76999e15-3686-4d58-8030-6a34dfc59477@group-89C9A5530B26-SegmentedRaftLogWorker] INFO  segmented.SegmentedRaftLogWorker (SegmentedRaftLogWorker.java:execute(569)) - 76999e15-3686-4d58-8030-6a34dfc59477@group-89C9A5530B26-SegmentedRaftLogWorker: created new log segment /workdir/hadoop-ozone/ozonefs/target/test-dir/MiniOzoneClusterImpl-c30abbcc-9270-495d-991f-83e55dc7fba6/datanode-1/data/ratis/79ad0543-68dc-4042-a03e-89c9a5530b26/current/log_inprogress_0
2019-09-26 10:50:16,198 [76999e15-3686-4d58-8030-6a34dfc59477@group-D7759733D424:LeaderElection48] INFO  impl.RoleInfo (RoleInfo.java:shutdownLeaderElection(134)) - 76999e15-3686-4d58-8030-6a34dfc59477: shutdown LeaderElection
2019-09-26 10:50:16,199 [76999e15-3686-4d58-8030-6a34dfc59477@group-D7759733D424:LeaderElection48] INFO  impl.RaftServerImpl (RaftServerImpl.java:setRole(174)) - 76999e15-3686-4d58-8030-6a34dfc59477@group-D7759733D424: changes role from CANDIDATE to LEADER at term 1 for changeToLeader
2019-09-26 10:50:16,199 [76999e15-3686-4d58-8030-6a34dfc59477@group-D7759733D424:LeaderElection48] INFO  impl.RaftServerImpl (ServerState.java:setLeader(253)) - 76999e15-3686-4d58-8030-6a34dfc59477@group-D7759733D424: change Leader from null to 76999e15-3686-4d58-8030-6a34dfc59477 at term 1 for becomeLeader, leader elected after 5105ms
2019-09-26 10:50:16,199 [76999e15-3686-4d58-8030-6a34dfc59477@group-D7759733D424:LeaderElection48] INFO  server.RaftServerConfigKeys (ConfUtils.java:logGet(43)) - raft.server.staging.catchup.gap = 1000 (default)
2019-09-26 10:50:16,199 [76999e15-3686-4d58-8030-6a34dfc59477@group-D7759733D424:LeaderElection48] INFO  server.RaftServerConfigKeys (ConfUtils.java:logGet(43)) - raft.server.rpc.sleep.time = 25ms (default)
2019-09-26 10:50:16,199 [76999e15-3686-4d58-8030-6a34dfc59477@group-D7759733D424:LeaderElection48] INFO  server.RaftServerConfigKeys (ConfUtils.java:logGet(43)) - raft.server.write.element-limit = 4096 (default)
2019-09-26 10:50:16,199 [76999e15-3686-4d58-8030-6a34dfc59477@group-D7759733D424:LeaderElection48] INFO  server.RaftServerConfigKeys (ConfUtils.java:logGet(43)) - raft.server.watch.timeout = 10s (default)
2019-09-26 10:50:16,200 [76999e15-3686-4d58-8030-6a34dfc59477@group-D7759733D424:LeaderElection48] INFO  server.RaftServerConfigKeys (ConfUtils.java:logGet(43)) - raft.server.watch.timeout.denomination = 1s (default)
2019-09-26 10:50:16,200 [76999e15-3686-4d58-8030-6a34dfc59477@group-D7759733D424:LeaderElection48] INFO  server.RaftServerConfigKeys (ConfUtils.java:logGet(43)) - raft.server.watch.element-limit = 65536 (default)
2019-09-26 10:50:16,202 [76999e15-3686-4d58-8030-6a34dfc59477@group-D7759733D424:LeaderElection48] INFO  impl.RoleInfo (RoleInfo.java:updateAndGet(143)) - 76999e15-3686-4d58-8030-6a34dfc59477: start LeaderState
2019-09-26 10:50:16,203 [76999e15-3686-4d58-8030-6a34dfc59477@group-D7759733D424:LeaderElection48] INFO  segmented.SegmentedRaftLogWorker (SegmentedRaftLogWorker.java:startLogSegment(380)) - 76999e15-3686-4d58-8030-6a34dfc59477@group-D7759733D424-SegmentedRaftLogWorker: Starting segment from index:0
2019-09-26 10:50:16,203 [76999e15-3686-4d58-8030-6a34dfc59477@group-D7759733D424:LeaderElection48] INFO  impl.RaftServerImpl (ServerState.java:setRaftConf(354)) - 76999e15-3686-4d58-8030-6a34dfc59477@group-D7759733D424: set configuration 0: [76999e15-3686-4d58-8030-6a34dfc59477:192.168.30.13:33067], old=null at 0
2019-09-26 10:50:16,247 [Thread-756] INFO  impl.FollowerState (FollowerState.java:run(106)) - d084370a-b4cb-43c6-bd03-156c72c6b0ec:group-9D71DE86A427 changes to CANDIDATE, lastRpcTime:5053, electionTimeout:5053ms
2019-09-26 10:50:16,247 [Thread-756] INFO  impl.RoleInfo (RoleInfo.java:shutdownFollowerState(121)) - d084370a-b4cb-43c6-bd03-156c72c6b0ec: shutdown FollowerState
2019-09-26 10:50:16,248 [Thread-756] INFO  impl.RaftServerImpl (RaftServerImpl.java:setRole(174)) - d084370a-b4cb-43c6-bd03-156c72c6b0ec@group-9D71DE86A427: changes role from  FOLLOWER to CANDIDATE at term 0 for changeToCandidate
2019-09-26 10:50:16,248 [Thread-756] INFO  impl.RoleInfo (RoleInfo.java:updateAndGet(143)) - d084370a-b4cb-43c6-bd03-156c72c6b0ec: start LeaderElection
2019-09-26 10:50:16,255 [76999e15-3686-4d58-8030-6a34dfc59477@group-D7759733D424-SegmentedRaftLogWorker] INFO  segmented.SegmentedRaftLogWorker (SegmentedRaftLogWorker.java:execute(569)) - 76999e15-3686-4d58-8030-6a34dfc59477@group-D7759733D424-SegmentedRaftLogWorker: created new log segment /workdir/hadoop-ozone/ozonefs/target/test-dir/MiniOzoneClusterImpl-c30abbcc-9270-495d-991f-83e55dc7fba6/datanode-1/data/ratis/4e3f9b6e-0568-417e-b534-d7759733d424/current/log_inprogress_0
2019-09-26 10:50:16,255 [d084370a-b4cb-43c6-bd03-156c72c6b0ec@group-9D71DE86A427:LeaderElection49] INFO  impl.LeaderElection (LeaderElection.java:askForVotes(182)) - d084370a-b4cb-43c6-bd03-156c72c6b0ec@group-9D71DE86A427:LeaderElection49: begin an election at term 1 for -1: [d084370a-b4cb-43c6-bd03-156c72c6b0ec:192.168.30.13:45859], old=null
2019-09-26 10:50:16,256 [d084370a-b4cb-43c6-bd03-156c72c6b0ec@group-9D71DE86A427:LeaderElection49] INFO  impl.RoleInfo (RoleInfo.java:shutdownLeaderElection(134)) - d084370a-b4cb-43c6-bd03-156c72c6b0ec: shutdown LeaderElection
2019-09-26 10:50:16,256 [d084370a-b4cb-43c6-bd03-156c72c6b0ec@group-9D71DE86A427:LeaderElection49] INFO  impl.RaftServerImpl (RaftServerImpl.java:setRole(174)) - d084370a-b4cb-43c6-bd03-156c72c6b0ec@group-9D71DE86A427: changes role from CANDIDATE to LEADER at term 1 for changeToLeader
2019-09-26 10:50:16,256 [d084370a-b4cb-43c6-bd03-156c72c6b0ec@group-9D71DE86A427:LeaderElection49] INFO  impl.RaftServerImpl (ServerState.java:setLeader(253)) - d084370a-b4cb-43c6-bd03-156c72c6b0ec@group-9D71DE86A427: change Leader from null to d084370a-b4cb-43c6-bd03-156c72c6b0ec at term 1 for becomeLeader, leader elected after 5071ms
2019-09-26 10:50:16,256 [d084370a-b4cb-43c6-bd03-156c72c6b0ec@group-9D71DE86A427:LeaderElection49] INFO  server.RaftServerConfigKeys (ConfUtils.java:logGet(43)) - raft.server.staging.catchup.gap = 1000 (default)
2019-09-26 10:50:16,256 [d084370a-b4cb-43c6-bd03-156c72c6b0ec@group-9D71DE86A427:LeaderElection49] INFO  server.RaftServerConfigKeys (ConfUtils.java:logGet(43)) - raft.server.rpc.sleep.time = 25ms (default)
2019-09-26 10:50:16,257 [d084370a-b4cb-43c6-bd03-156c72c6b0ec@group-9D71DE86A427:LeaderElection49] INFO  server.RaftServerConfigKeys (ConfUtils.java:logGet(43)) - raft.server.write.element-limit = 4096 (default)
2019-09-26 10:50:16,257 [d084370a-b4cb-43c6-bd03-156c72c6b0ec@group-9D71DE86A427:LeaderElection49] INFO  server.RaftServerConfigKeys (ConfUtils.java:logGet(43)) - raft.server.watch.timeout = 10s (default)
2019-09-26 10:50:16,257 [d084370a-b4cb-43c6-bd03-156c72c6b0ec@group-9D71DE86A427:LeaderElection49] INFO  server.RaftServerConfigKeys (ConfUtils.java:logGet(43)) - raft.server.watch.timeout.denomination = 1s (default)
2019-09-26 10:50:16,257 [d084370a-b4cb-43c6-bd03-156c72c6b0ec@group-9D71DE86A427:LeaderElection49] INFO  server.RaftServerConfigKeys (ConfUtils.java:logGet(43)) - raft.server.watch.element-limit = 65536 (default)
2019-09-26 10:50:16,260 [d084370a-b4cb-43c6-bd03-156c72c6b0ec@group-9D71DE86A427:LeaderElection49] INFO  impl.RoleInfo (RoleInfo.java:updateAndGet(143)) - d084370a-b4cb-43c6-bd03-156c72c6b0ec: start LeaderState
2019-09-26 10:50:16,261 [d084370a-b4cb-43c6-bd03-156c72c6b0ec@group-9D71DE86A427:LeaderElection49] INFO  segmented.SegmentedRaftLogWorker (SegmentedRaftLogWorker.java:startLogSegment(380)) - d084370a-b4cb-43c6-bd03-156c72c6b0ec@group-9D71DE86A427-SegmentedRaftLogWorker: Starting segment from index:0
2019-09-26 10:50:16,262 [d084370a-b4cb-43c6-bd03-156c72c6b0ec@group-9D71DE86A427:LeaderElection49] INFO  impl.RaftServerImpl (ServerState.java:setRaftConf(354)) - d084370a-b4cb-43c6-bd03-156c72c6b0ec@group-9D71DE86A427: set configuration 0: [d084370a-b4cb-43c6-bd03-156c72c6b0ec:192.168.30.13:45859], old=null at 0
2019-09-26 10:50:16,270 [Thread-753] INFO  impl.FollowerState (FollowerState.java:run(106)) - ba528854-06f2-48b1-90e3-e0173cc2f66a:group-6EBAEE505C1B changes to CANDIDATE, lastRpcTime:5124, electionTimeout:5124ms
2019-09-26 10:50:16,270 [Thread-753] INFO  impl.RoleInfo (RoleInfo.java:shutdownFollowerState(121)) - ba528854-06f2-48b1-90e3-e0173cc2f66a: shutdown FollowerState
2019-09-26 10:50:16,270 [Thread-753] INFO  impl.RaftServerImpl (RaftServerImpl.java:setRole(174)) - ba528854-06f2-48b1-90e3-e0173cc2f66a@group-6EBAEE505C1B: changes role from  FOLLOWER to CANDIDATE at term 0 for changeToCandidate
2019-09-26 10:50:16,270 [Thread-753] INFO  impl.RoleInfo (RoleInfo.java:updateAndGet(143)) - ba528854-06f2-48b1-90e3-e0173cc2f66a: start LeaderElection
2019-09-26 10:50:16,315 [d084370a-b4cb-43c6-bd03-156c72c6b0ec@group-9D71DE86A427-SegmentedRaftLogWorker] INFO  segmented.SegmentedRaftLogWorker (SegmentedRaftLogWorker.java:execute(569)) - d084370a-b4cb-43c6-bd03-156c72c6b0ec@group-9D71DE86A427-SegmentedRaftLogWorker: created new log segment /workdir/hadoop-ozone/ozonefs/target/test-dir/MiniOzoneClusterImpl-c30abbcc-9270-495d-991f-83e55dc7fba6/datanode-0/data/ratis/e9964270-fd8b-4601-a146-9d71de86a427/current/log_inprogress_0
2019-09-26 10:50:16,315 [ba528854-06f2-48b1-90e3-e0173cc2f66a@group-6EBAEE505C1B:LeaderElection50] INFO  impl.LeaderElection (LeaderElection.java:askForVotes(182)) - ba528854-06f2-48b1-90e3-e0173cc2f66a@group-6EBAEE505C1B:LeaderElection50: begin an election at term 1 for -1: [ba528854-06f2-48b1-90e3-e0173cc2f66a:192.168.30.13:45540], old=null
2019-09-26 10:50:16,315 [ba528854-06f2-48b1-90e3-e0173cc2f66a@group-6EBAEE505C1B:LeaderElection50] INFO  impl.RoleInfo (RoleInfo.java:shutdownLeaderElection(134)) - ba528854-06f2-48b1-90e3-e0173cc2f66a: shutdown LeaderElection
2019-09-26 10:50:16,315 [ba528854-06f2-48b1-90e3-e0173cc2f66a@group-6EBAEE505C1B:LeaderElection50] INFO  impl.RaftServerImpl (RaftServerImpl.java:setRole(174)) - ba528854-06f2-48b1-90e3-e0173cc2f66a@group-6EBAEE505C1B: changes role from CANDIDATE to LEADER at term 1 for changeToLeader
2019-09-26 10:50:16,315 [ba528854-06f2-48b1-90e3-e0173cc2f66a@group-6EBAEE505C1B:LeaderElection50] INFO  impl.RaftServerImpl (ServerState.java:setLeader(253)) - ba528854-06f2-48b1-90e3-e0173cc2f66a@group-6EBAEE505C1B: change Leader from null to ba528854-06f2-48b1-90e3-e0173cc2f66a at term 1 for becomeLeader, leader elected after 5176ms
2019-09-26 10:50:16,315 [ba528854-06f2-48b1-90e3-e0173cc2f66a@group-6EBAEE505C1B:LeaderElection50] INFO  server.RaftServerConfigKeys (ConfUtils.java:logGet(43)) - raft.server.staging.catchup.gap = 1000 (default)
2019-09-26 10:50:16,316 [ba528854-06f2-48b1-90e3-e0173cc2f66a@group-6EBAEE505C1B:LeaderElection50] INFO  server.RaftServerConfigKeys (ConfUtils.java:logGet(43)) - raft.server.rpc.sleep.time = 25ms (default)
2019-09-26 10:50:16,316 [ba528854-06f2-48b1-90e3-e0173cc2f66a@group-6EBAEE505C1B:LeaderElection50] INFO  server.RaftServerConfigKeys (ConfUtils.java:logGet(43)) - raft.server.write.element-limit = 4096 (default)
2019-09-26 10:50:16,316 [ba528854-06f2-48b1-90e3-e0173cc2f66a@group-6EBAEE505C1B:LeaderElection50] INFO  server.RaftServerConfigKeys (ConfUtils.java:logGet(43)) - raft.server.watch.timeout = 10s (default)
2019-09-26 10:50:16,316 [ba528854-06f2-48b1-90e3-e0173cc2f66a@group-6EBAEE505C1B:LeaderElection50] INFO  server.RaftServerConfigKeys (ConfUtils.java:logGet(43)) - raft.server.watch.timeout.denomination = 1s (default)
2019-09-26 10:50:16,316 [ba528854-06f2-48b1-90e3-e0173cc2f66a@group-6EBAEE505C1B:LeaderElection50] INFO  server.RaftServerConfigKeys (ConfUtils.java:logGet(43)) - raft.server.watch.element-limit = 65536 (default)
2019-09-26 10:50:16,319 [ba528854-06f2-48b1-90e3-e0173cc2f66a@group-6EBAEE505C1B:LeaderElection50] INFO  impl.RoleInfo (RoleInfo.java:updateAndGet(143)) - ba528854-06f2-48b1-90e3-e0173cc2f66a: start LeaderState
2019-09-26 10:50:16,319 [ba528854-06f2-48b1-90e3-e0173cc2f66a@group-6EBAEE505C1B:LeaderElection50] INFO  segmented.SegmentedRaftLogWorker (SegmentedRaftLogWorker.java:startLogSegment(380)) - ba528854-06f2-48b1-90e3-e0173cc2f66a@group-6EBAEE505C1B-SegmentedRaftLogWorker: Starting segment from index:0
2019-09-26 10:50:16,319 [ba528854-06f2-48b1-90e3-e0173cc2f66a@group-6EBAEE505C1B:LeaderElection50] INFO  impl.RaftServerImpl (ServerState.java:setRaftConf(354)) - ba528854-06f2-48b1-90e3-e0173cc2f66a@group-6EBAEE505C1B: set configuration 0: [ba528854-06f2-48b1-90e3-e0173cc2f66a:192.168.30.13:45540], old=null at 0
2019-09-26 10:50:16,329 [Thread-762] INFO  impl.FollowerState (FollowerState.java:run(106)) - ba528854-06f2-48b1-90e3-e0173cc2f66a:group-A73CD8418C1D changes to CANDIDATE, lastRpcTime:5010, electionTimeout:5010ms
2019-09-26 10:50:16,329 [Thread-762] INFO  impl.RoleInfo (RoleInfo.java:shutdownFollowerState(121)) - ba528854-06f2-48b1-90e3-e0173cc2f66a: shutdown FollowerState
2019-09-26 10:50:16,329 [Thread-762] INFO  impl.RaftServerImpl (RaftServerImpl.java:setRole(174)) - ba528854-06f2-48b1-90e3-e0173cc2f66a@group-A73CD8418C1D: changes role from  FOLLOWER to CANDIDATE at term 0 for changeToCandidate
2019-09-26 10:50:16,330 [Thread-762] INFO  impl.RoleInfo (RoleInfo.java:updateAndGet(143)) - ba528854-06f2-48b1-90e3-e0173cc2f66a: start LeaderElection
2019-09-26 10:50:16,350 [Thread-759] INFO  impl.FollowerState (FollowerState.java:run(106)) - ba528854-06f2-48b1-90e3-e0173cc2f66a:group-92E1F556696E changes to CANDIDATE, lastRpcTime:5092, electionTimeout:5082ms
2019-09-26 10:50:16,350 [Thread-759] INFO  impl.RoleInfo (RoleInfo.java:shutdownFollowerState(121)) - ba528854-06f2-48b1-90e3-e0173cc2f66a: shutdown FollowerState
2019-09-26 10:50:16,351 [Thread-759] INFO  impl.RaftServerImpl (RaftServerImpl.java:setRole(174)) - ba528854-06f2-48b1-90e3-e0173cc2f66a@group-92E1F556696E: changes role from  FOLLOWER to CANDIDATE at term 0 for changeToCandidate
2019-09-26 10:50:16,351 [Thread-759] INFO  impl.RoleInfo (RoleInfo.java:updateAndGet(143)) - ba528854-06f2-48b1-90e3-e0173cc2f66a: start LeaderElection
2019-09-26 10:50:16,363 [ba528854-06f2-48b1-90e3-e0173cc2f66a@group-6EBAEE505C1B-SegmentedRaftLogWorker] INFO  segmented.SegmentedRaftLogWorker (SegmentedRaftLogWorker.java:execute(569)) - ba528854-06f2-48b1-90e3-e0173cc2f66a@group-6EBAEE505C1B-SegmentedRaftLogWorker: created new log segment /workdir/hadoop-ozone/ozonefs/target/test-dir/MiniOzoneClusterImpl-c30abbcc-9270-495d-991f-83e55dc7fba6/datanode-2/data/ratis/e15ac2b1-d24a-421f-b562-6ebaee505c1b/current/log_inprogress_0
2019-09-26 10:50:16,363 [ba528854-06f2-48b1-90e3-e0173cc2f66a@group-A73CD8418C1D:LeaderElection51] INFO  impl.LeaderElection (LeaderElection.java:askForVotes(182)) - ba528854-06f2-48b1-90e3-e0173cc2f66a@group-A73CD8418C1D:LeaderElection51: begin an election at term 1 for -1: [ba528854-06f2-48b1-90e3-e0173cc2f66a:192.168.30.13:45540], old=null
2019-09-26 10:50:16,363 [ba528854-06f2-48b1-90e3-e0173cc2f66a@group-92E1F556696E:LeaderElection52] INFO  impl.LeaderElection (LeaderElection.java:askForVotes(182)) - ba528854-06f2-48b1-90e3-e0173cc2f66a@group-92E1F556696E:LeaderElection52: begin an election at term 1 for -1: [ba528854-06f2-48b1-90e3-e0173cc2f66a:192.168.30.13:45540], old=null
2019-09-26 10:50:16,363 [ba528854-06f2-48b1-90e3-e0173cc2f66a@group-A73CD8418C1D:LeaderElection51] INFO  impl.RoleInfo (RoleInfo.java:shutdownLeaderElection(134)) - ba528854-06f2-48b1-90e3-e0173cc2f66a: shutdown LeaderElection
2019-09-26 10:50:16,363 [ba528854-06f2-48b1-90e3-e0173cc2f66a@group-92E1F556696E:LeaderElection52] INFO  impl.RoleInfo (RoleInfo.java:shutdownLeaderElection(134)) - ba528854-06f2-48b1-90e3-e0173cc2f66a: shutdown LeaderElection
2019-09-26 10:50:16,363 [ba528854-06f2-48b1-90e3-e0173cc2f66a@group-A73CD8418C1D:LeaderElection51] INFO  impl.RaftServerImpl (RaftServerImpl.java:setRole(174)) - ba528854-06f2-48b1-90e3-e0173cc2f66a@group-A73CD8418C1D: changes role from CANDIDATE to LEADER at term 1 for changeToLeader
2019-09-26 10:50:16,363 [ba528854-06f2-48b1-90e3-e0173cc2f66a@group-92E1F556696E:LeaderElection52] INFO  impl.RaftServerImpl (RaftServerImpl.java:setRole(174)) - ba528854-06f2-48b1-90e3-e0173cc2f66a@group-92E1F556696E: changes role from CANDIDATE to LEADER at term 1 for changeToLeader
2019-09-26 10:50:16,364 [ba528854-06f2-48b1-90e3-e0173cc2f66a@group-A73CD8418C1D:LeaderElection51] INFO  impl.RaftServerImpl (ServerState.java:setLeader(253)) - ba528854-06f2-48b1-90e3-e0173cc2f66a@group-A73CD8418C1D: change Leader from null to ba528854-06f2-48b1-90e3-e0173cc2f66a at term 1 for becomeLeader, leader elected after 5051ms
2019-09-26 10:50:16,364 [ba528854-06f2-48b1-90e3-e0173cc2f66a@group-92E1F556696E:LeaderElection52] INFO  impl.RaftServerImpl (ServerState.java:setLeader(253)) - ba528854-06f2-48b1-90e3-e0173cc2f66a@group-92E1F556696E: change Leader from null to ba528854-06f2-48b1-90e3-e0173cc2f66a at term 1 for becomeLeader, leader elected after 5112ms
2019-09-26 10:50:16,364 [ba528854-06f2-48b1-90e3-e0173cc2f66a@group-A73CD8418C1D:LeaderElection51] INFO  server.RaftServerConfigKeys (ConfUtils.java:logGet(43)) - raft.server.staging.catchup.gap = 1000 (default)
2019-09-26 10:50:16,364 [ba528854-06f2-48b1-90e3-e0173cc2f66a@group-92E1F556696E:LeaderElection52] INFO  server.RaftServerConfigKeys (ConfUtils.java:logGet(43)) - raft.server.staging.catchup.gap = 1000 (default)
2019-09-26 10:50:16,364 [ba528854-06f2-48b1-90e3-e0173cc2f66a@group-A73CD8418C1D:LeaderElection51] INFO  server.RaftServerConfigKeys (ConfUtils.java:logGet(43)) - raft.server.rpc.sleep.time = 25ms (default)
2019-09-26 10:50:16,364 [ba528854-06f2-48b1-90e3-e0173cc2f66a@group-92E1F556696E:LeaderElection52] INFO  server.RaftServerConfigKeys (ConfUtils.java:logGet(43)) - raft.server.rpc.sleep.time = 25ms (default)
2019-09-26 10:50:16,364 [ba528854-06f2-48b1-90e3-e0173cc2f66a@group-A73CD8418C1D:LeaderElection51] INFO  server.RaftServerConfigKeys (ConfUtils.java:logGet(43)) - raft.server.write.element-limit = 4096 (default)
2019-09-26 10:50:16,364 [Thread-765] INFO  impl.FollowerState (FollowerState.java:run(106)) - ba528854-06f2-48b1-90e3-e0173cc2f66a:group-7E8F8E7C7237 changes to CANDIDATE, lastRpcTime:5002, electionTimeout:5002ms
2019-09-26 10:50:16,364 [ba528854-06f2-48b1-90e3-e0173cc2f66a@group-92E1F556696E:LeaderElection52] INFO  server.RaftServerConfigKeys (ConfUtils.java:logGet(43)) - raft.server.write.element-limit = 4096 (default)
2019-09-26 10:50:16,365 [Thread-765] INFO  impl.RoleInfo (RoleInfo.java:shutdownFollowerState(121)) - ba528854-06f2-48b1-90e3-e0173cc2f66a: shutdown FollowerState
2019-09-26 10:50:16,365 [ba528854-06f2-48b1-90e3-e0173cc2f66a@group-A73CD8418C1D:LeaderElection51] INFO  server.RaftServerConfigKeys (ConfUtils.java:logGet(43)) - raft.server.watch.timeout = 10s (default)
2019-09-26 10:50:16,365 [Thread-765] INFO  impl.RaftServerImpl (RaftServerImpl.java:setRole(174)) - ba528854-06f2-48b1-90e3-e0173cc2f66a@group-7E8F8E7C7237: changes role from  FOLLOWER to CANDIDATE at term 0 for changeToCandidate
2019-09-26 10:50:16,365 [ba528854-06f2-48b1-90e3-e0173cc2f66a@group-92E1F556696E:LeaderElection52] INFO  server.RaftServerConfigKeys (ConfUtils.java:logGet(43)) - raft.server.watch.timeout = 10s (default)
2019-09-26 10:50:16,365 [Thread-765] INFO  impl.RoleInfo (RoleInfo.java:updateAndGet(143)) - ba528854-06f2-48b1-90e3-e0173cc2f66a: start LeaderElection
2019-09-26 10:50:16,365 [ba528854-06f2-48b1-90e3-e0173cc2f66a@group-A73CD8418C1D:LeaderElection51] INFO  server.RaftServerConfigKeys (ConfUtils.java:logGet(43)) - raft.server.watch.timeout.denomination = 1s (default)
2019-09-26 10:50:16,365 [ba528854-06f2-48b1-90e3-e0173cc2f66a@group-92E1F556696E:LeaderElection52] INFO  server.RaftServerConfigKeys (ConfUtils.java:logGet(43)) - raft.server.watch.timeout.denomination = 1s (default)
2019-09-26 10:50:16,366 [ba528854-06f2-48b1-90e3-e0173cc2f66a@group-A73CD8418C1D:LeaderElection51] INFO  server.RaftServerConfigKeys (ConfUtils.java:logGet(43)) - raft.server.watch.element-limit = 65536 (default)
2019-09-26 10:50:16,367 [ba528854-06f2-48b1-90e3-e0173cc2f66a@group-92E1F556696E:LeaderElection52] INFO  server.RaftServerConfigKeys (ConfUtils.java:logGet(43)) - raft.server.watch.element-limit = 65536 (default)
2019-09-26 10:50:16,371 [ba528854-06f2-48b1-90e3-e0173cc2f66a@group-A73CD8418C1D:LeaderElection51] INFO  impl.RoleInfo (RoleInfo.java:updateAndGet(143)) - ba528854-06f2-48b1-90e3-e0173cc2f66a: start LeaderState
2019-09-26 10:50:16,371 [ba528854-06f2-48b1-90e3-e0173cc2f66a@group-92E1F556696E:LeaderElection52] INFO  impl.RoleInfo (RoleInfo.java:updateAndGet(143)) - ba528854-06f2-48b1-90e3-e0173cc2f66a: start LeaderState
2019-09-26 10:50:16,372 [ba528854-06f2-48b1-90e3-e0173cc2f66a@group-A73CD8418C1D:LeaderElection51] INFO  segmented.SegmentedRaftLogWorker (SegmentedRaftLogWorker.java:startLogSegment(380)) - ba528854-06f2-48b1-90e3-e0173cc2f66a@group-A73CD8418C1D-SegmentedRaftLogWorker: Starting segment from index:0
2019-09-26 10:50:16,372 [ba528854-06f2-48b1-90e3-e0173cc2f66a@group-92E1F556696E:LeaderElection52] INFO  segmented.SegmentedRaftLogWorker (SegmentedRaftLogWorker.java:startLogSegment(380)) - ba528854-06f2-48b1-90e3-e0173cc2f66a@group-92E1F556696E-SegmentedRaftLogWorker: Starting segment from index:0
2019-09-26 10:50:16,372 [ba528854-06f2-48b1-90e3-e0173cc2f66a@group-A73CD8418C1D:LeaderElection51] INFO  impl.RaftServerImpl (ServerState.java:setRaftConf(354)) - ba528854-06f2-48b1-90e3-e0173cc2f66a@group-A73CD8418C1D: set configuration 0: [ba528854-06f2-48b1-90e3-e0173cc2f66a:192.168.30.13:45540], old=null at 0
2019-09-26 10:50:16,373 [ba528854-06f2-48b1-90e3-e0173cc2f66a@group-92E1F556696E:LeaderElection52] INFO  impl.RaftServerImpl (ServerState.java:setRaftConf(354)) - ba528854-06f2-48b1-90e3-e0173cc2f66a@group-92E1F556696E: set configuration 0: [ba528854-06f2-48b1-90e3-e0173cc2f66a:192.168.30.13:45540], old=null at 0
2019-09-26 10:50:16,380 [ba528854-06f2-48b1-90e3-e0173cc2f66a@group-7E8F8E7C7237:LeaderElection53] INFO  impl.LeaderElection (LeaderElection.java:askForVotes(182)) - ba528854-06f2-48b1-90e3-e0173cc2f66a@group-7E8F8E7C7237:LeaderElection53: begin an election at term 1 for -1: [ba528854-06f2-48b1-90e3-e0173cc2f66a:192.168.30.13:45540], old=null
2019-09-26 10:50:16,380 [ba528854-06f2-48b1-90e3-e0173cc2f66a@group-7E8F8E7C7237:LeaderElection53] INFO  impl.RoleInfo (RoleInfo.java:shutdownLeaderElection(134)) - ba528854-06f2-48b1-90e3-e0173cc2f66a: shutdown LeaderElection
2019-09-26 10:50:16,380 [ba528854-06f2-48b1-90e3-e0173cc2f66a@group-7E8F8E7C7237:LeaderElection53] INFO  impl.RaftServerImpl (RaftServerImpl.java:setRole(174)) - ba528854-06f2-48b1-90e3-e0173cc2f66a@group-7E8F8E7C7237: changes role from CANDIDATE to LEADER at term 1 for changeToLeader
2019-09-26 10:50:16,380 [ba528854-06f2-48b1-90e3-e0173cc2f66a@group-7E8F8E7C7237:LeaderElection53] INFO  impl.RaftServerImpl (ServerState.java:setLeader(253)) - ba528854-06f2-48b1-90e3-e0173cc2f66a@group-7E8F8E7C7237: change Leader from null to ba528854-06f2-48b1-90e3-e0173cc2f66a at term 1 for becomeLeader, leader elected after 5023ms
2019-09-26 10:50:16,380 [ba528854-06f2-48b1-90e3-e0173cc2f66a@group-7E8F8E7C7237:LeaderElection53] INFO  server.RaftServerConfigKeys (ConfUtils.java:logGet(43)) - raft.server.staging.catchup.gap = 1000 (default)
2019-09-26 10:50:16,380 [ba528854-06f2-48b1-90e3-e0173cc2f66a@group-7E8F8E7C7237:LeaderElection53] INFO  server.RaftServerConfigKeys (ConfUtils.java:logGet(43)) - raft.server.rpc.sleep.time = 25ms (default)
2019-09-26 10:50:16,381 [ba528854-06f2-48b1-90e3-e0173cc2f66a@group-7E8F8E7C7237:LeaderElection53] INFO  server.RaftServerConfigKeys (ConfUtils.java:logGet(43)) - raft.server.write.element-limit = 4096 (default)
2019-09-26 10:50:16,381 [ba528854-06f2-48b1-90e3-e0173cc2f66a@group-7E8F8E7C7237:LeaderElection53] INFO  server.RaftServerConfigKeys (ConfUtils.java:logGet(43)) - raft.server.watch.timeout = 10s (default)
2019-09-26 10:50:16,381 [ba528854-06f2-48b1-90e3-e0173cc2f66a@group-7E8F8E7C7237:LeaderElection53] INFO  server.RaftServerConfigKeys (ConfUtils.java:logGet(43)) - raft.server.watch.timeout.denomination = 1s (default)
2019-09-26 10:50:16,381 [ba528854-06f2-48b1-90e3-e0173cc2f66a@group-7E8F8E7C7237:LeaderElection53] INFO  server.RaftServerConfigKeys (ConfUtils.java:logGet(43)) - raft.server.watch.element-limit = 65536 (default)
2019-09-26 10:50:16,383 [ba528854-06f2-48b1-90e3-e0173cc2f66a@group-7E8F8E7C7237:LeaderElection53] INFO  impl.RoleInfo (RoleInfo.java:updateAndGet(143)) - ba528854-06f2-48b1-90e3-e0173cc2f66a: start LeaderState
2019-09-26 10:50:16,383 [ba528854-06f2-48b1-90e3-e0173cc2f66a@group-7E8F8E7C7237:LeaderElection53] INFO  segmented.SegmentedRaftLogWorker (SegmentedRaftLogWorker.java:startLogSegment(380)) - ba528854-06f2-48b1-90e3-e0173cc2f66a@group-7E8F8E7C7237-SegmentedRaftLogWorker: Starting segment from index:0
2019-09-26 10:50:16,384 [ba528854-06f2-48b1-90e3-e0173cc2f66a@group-7E8F8E7C7237:LeaderElection53] INFO  impl.RaftServerImpl (ServerState.java:setRaftConf(354)) - ba528854-06f2-48b1-90e3-e0173cc2f66a@group-7E8F8E7C7237: set configuration 0: [ba528854-06f2-48b1-90e3-e0173cc2f66a:192.168.30.13:45540], old=null at 0
2019-09-26 10:50:16,422 [ba528854-06f2-48b1-90e3-e0173cc2f66a@group-A73CD8418C1D-SegmentedRaftLogWorker] INFO  segmented.SegmentedRaftLogWorker (SegmentedRaftLogWorker.java:execute(569)) - ba528854-06f2-48b1-90e3-e0173cc2f66a@group-A73CD8418C1D-SegmentedRaftLogWorker: created new log segment /workdir/hadoop-ozone/ozonefs/target/test-dir/MiniOzoneClusterImpl-c30abbcc-9270-495d-991f-83e55dc7fba6/datanode-2/data/ratis/28914997-77a2-45a6-9acb-a73cd8418c1d/current/log_inprogress_0
2019-09-26 10:50:16,422 [ba528854-06f2-48b1-90e3-e0173cc2f66a@group-7E8F8E7C7237-SegmentedRaftLogWorker] INFO  segmented.SegmentedRaftLogWorker (SegmentedRaftLogWorker.java:execute(569)) - ba528854-06f2-48b1-90e3-e0173cc2f66a@group-7E8F8E7C7237-SegmentedRaftLogWorker: created new log segment /workdir/hadoop-ozone/ozonefs/target/test-dir/MiniOzoneClusterImpl-c30abbcc-9270-495d-991f-83e55dc7fba6/datanode-2/data/ratis/3844a1c9-e546-4ae9-b6de-7e8f8e7c7237/current/log_inprogress_0
2019-09-26 10:50:16,422 [ba528854-06f2-48b1-90e3-e0173cc2f66a@group-92E1F556696E-SegmentedRaftLogWorker] INFO  segmented.SegmentedRaftLogWorker (SegmentedRaftLogWorker.java:execute(569)) - ba528854-06f2-48b1-90e3-e0173cc2f66a@group-92E1F556696E-SegmentedRaftLogWorker: created new log segment /workdir/hadoop-ozone/ozonefs/target/test-dir/MiniOzoneClusterImpl-c30abbcc-9270-495d-991f-83e55dc7fba6/datanode-2/data/ratis/52afa888-6fff-4dc9-a786-92e1f556696e/current/log_inprogress_0
2019-09-26 10:50:16,576 [Thread-768] INFO  impl.FollowerState (FollowerState.java:run(106)) - ba528854-06f2-48b1-90e3-e0173cc2f66a:group-CAE2FE6B22AC changes to CANDIDATE, lastRpcTime:5172, electionTimeout:5172ms
2019-09-26 10:50:16,578 [Thread-768] INFO  impl.RoleInfo (RoleInfo.java:shutdownFollowerState(121)) - ba528854-06f2-48b1-90e3-e0173cc2f66a: shutdown FollowerState
2019-09-26 10:50:16,578 [Thread-768] INFO  impl.RaftServerImpl (RaftServerImpl.java:setRole(174)) - ba528854-06f2-48b1-90e3-e0173cc2f66a@group-CAE2FE6B22AC: changes role from  FOLLOWER to CANDIDATE at term 0 for changeToCandidate
2019-09-26 10:50:16,578 [Thread-768] INFO  impl.RoleInfo (RoleInfo.java:updateAndGet(143)) - ba528854-06f2-48b1-90e3-e0173cc2f66a: start LeaderElection
2019-09-26 10:50:16,595 [ba528854-06f2-48b1-90e3-e0173cc2f66a@group-CAE2FE6B22AC:LeaderElection54] INFO  impl.LeaderElection (LeaderElection.java:askForVotes(182)) - ba528854-06f2-48b1-90e3-e0173cc2f66a@group-CAE2FE6B22AC:LeaderElection54: begin an election at term 1 for -1: [ba528854-06f2-48b1-90e3-e0173cc2f66a:192.168.30.13:45540], old=null
2019-09-26 10:50:16,595 [ba528854-06f2-48b1-90e3-e0173cc2f66a@group-CAE2FE6B22AC:LeaderElection54] INFO  impl.RoleInfo (RoleInfo.java:shutdownLeaderElection(134)) - ba528854-06f2-48b1-90e3-e0173cc2f66a: shutdown LeaderElection
2019-09-26 10:50:16,595 [ba528854-06f2-48b1-90e3-e0173cc2f66a@group-CAE2FE6B22AC:LeaderElection54] INFO  impl.RaftServerImpl (RaftServerImpl.java:setRole(174)) - ba528854-06f2-48b1-90e3-e0173cc2f66a@group-CAE2FE6B22AC: changes role from CANDIDATE to LEADER at term 1 for changeToLeader
2019-09-26 10:50:16,595 [ba528854-06f2-48b1-90e3-e0173cc2f66a@group-CAE2FE6B22AC:LeaderElection54] INFO  impl.RaftServerImpl (ServerState.java:setLeader(253)) - ba528854-06f2-48b1-90e3-e0173cc2f66a@group-CAE2FE6B22AC: change Leader from null to ba528854-06f2-48b1-90e3-e0173cc2f66a at term 1 for becomeLeader, leader elected after 5196ms
2019-09-26 10:50:16,596 [ba528854-06f2-48b1-90e3-e0173cc2f66a@group-CAE2FE6B22AC:LeaderElection54] INFO  server.RaftServerConfigKeys (ConfUtils.java:logGet(43)) - raft.server.staging.catchup.gap = 1000 (default)
2019-09-26 10:50:16,596 [ba528854-06f2-48b1-90e3-e0173cc2f66a@group-CAE2FE6B22AC:LeaderElection54] INFO  server.RaftServerConfigKeys (ConfUtils.java:logGet(43)) - raft.server.rpc.sleep.time = 25ms (default)
2019-09-26 10:50:16,596 [ba528854-06f2-48b1-90e3-e0173cc2f66a@group-CAE2FE6B22AC:LeaderElection54] INFO  server.RaftServerConfigKeys (ConfUtils.java:logGet(43)) - raft.server.write.element-limit = 4096 (default)
2019-09-26 10:50:16,596 [ba528854-06f2-48b1-90e3-e0173cc2f66a@group-CAE2FE6B22AC:LeaderElection54] INFO  server.RaftServerConfigKeys (ConfUtils.java:logGet(43)) - raft.server.watch.timeout = 10s (default)
2019-09-26 10:50:16,596 [ba528854-06f2-48b1-90e3-e0173cc2f66a@group-CAE2FE6B22AC:LeaderElection54] INFO  server.RaftServerConfigKeys (ConfUtils.java:logGet(43)) - raft.server.watch.timeout.denomination = 1s (default)
2019-09-26 10:50:16,596 [ba528854-06f2-48b1-90e3-e0173cc2f66a@group-CAE2FE6B22AC:LeaderElection54] INFO  server.RaftServerConfigKeys (ConfUtils.java:logGet(43)) - raft.server.watch.element-limit = 65536 (default)
2019-09-26 10:50:16,599 [ba528854-06f2-48b1-90e3-e0173cc2f66a@group-CAE2FE6B22AC:LeaderElection54] INFO  impl.RoleInfo (RoleInfo.java:updateAndGet(143)) - ba528854-06f2-48b1-90e3-e0173cc2f66a: start LeaderState
2019-09-26 10:50:16,599 [ba528854-06f2-48b1-90e3-e0173cc2f66a@group-CAE2FE6B22AC:LeaderElection54] INFO  segmented.SegmentedRaftLogWorker (SegmentedRaftLogWorker.java:startLogSegment(380)) - ba528854-06f2-48b1-90e3-e0173cc2f66a@group-CAE2FE6B22AC-SegmentedRaftLogWorker: Starting segment from index:0
2019-09-26 10:50:16,600 [ba528854-06f2-48b1-90e3-e0173cc2f66a@group-CAE2FE6B22AC:LeaderElection54] INFO  impl.RaftServerImpl (ServerState.java:setRaftConf(354)) - ba528854-06f2-48b1-90e3-e0173cc2f66a@group-CAE2FE6B22AC: set configuration 0: [ba528854-06f2-48b1-90e3-e0173cc2f66a:192.168.30.13:45540], old=null at 0
2019-09-26 10:50:16,651 [ba528854-06f2-48b1-90e3-e0173cc2f66a@group-CAE2FE6B22AC-SegmentedRaftLogWorker] INFO  segmented.SegmentedRaftLogWorker (SegmentedRaftLogWorker.java:execute(569)) - ba528854-06f2-48b1-90e3-e0173cc2f66a@group-CAE2FE6B22AC-SegmentedRaftLogWorker: created new log segment /workdir/hadoop-ozone/ozonefs/target/test-dir/MiniOzoneClusterImpl-c30abbcc-9270-495d-991f-83e55dc7fba6/datanode-2/data/ratis/53d765c3-28b7-4497-bb20-cae2fe6b22ac/current/log_inprogress_0
2019-09-26 10:50:16,738 [ForkJoinPool.commonPool-worker-1] INFO  ozoneimpl.OzoneContainer (OzoneContainer.java:stop(231)) - Attempting to stop container services.
2019-09-26 10:50:16,738 [Thread-543] INFO  ozoneimpl.OzoneContainer (OzoneContainer.java:stop(231)) - Attempting to stop container services.
2019-09-26 10:50:16,739 [ForkJoinPool.commonPool-worker-1] INFO  impl.RaftServerProxy (RaftServerProxy.java:lambda$close$4(314)) - d084370a-b4cb-43c6-bd03-156c72c6b0ec: close
2019-09-26 10:50:16,739 [Thread-543] INFO  impl.RaftServerProxy (RaftServerProxy.java:lambda$close$4(314)) - 76999e15-3686-4d58-8030-6a34dfc59477: close
2019-09-26 10:50:16,740 [ForkJoinPool.commonPool-worker-1] INFO  impl.RaftServerImpl (RaftServerImpl.java:lambda$shutdown$3(251)) - d084370a-b4cb-43c6-bd03-156c72c6b0ec@group-5BCE2FFF8B2E: shutdown
2019-09-26 10:50:16,740 [Thread-543] INFO  impl.RaftServerImpl (RaftServerImpl.java:lambda$shutdown$3(251)) - 76999e15-3686-4d58-8030-6a34dfc59477@group-B817DC0D0196: shutdown
2019-09-26 10:50:16,740 [ForkJoinPool.commonPool-worker-1] INFO  util.JmxRegister (JmxRegister.java:unregister(73)) - Successfully un-registered JMX Bean with object name Ratis:service=RaftServer,group=group-5BCE2FFF8B2E,id=d084370a-b4cb-43c6-bd03-156c72c6b0ec
2019-09-26 10:50:16,741 [Thread-543] INFO  util.JmxRegister (JmxRegister.java:unregister(73)) - Successfully un-registered JMX Bean with object name Ratis:service=RaftServer,group=group-B817DC0D0196,id=76999e15-3686-4d58-8030-6a34dfc59477
2019-09-26 10:50:16,741 [ForkJoinPool.commonPool-worker-1] INFO  impl.RoleInfo (RoleInfo.java:shutdownLeaderState(104)) - d084370a-b4cb-43c6-bd03-156c72c6b0ec: shutdown LeaderState
2019-09-26 10:50:16,741 [Thread-543] INFO  impl.RoleInfo (RoleInfo.java:shutdownLeaderState(104)) - 76999e15-3686-4d58-8030-6a34dfc59477: shutdown LeaderState
2019-09-26 10:50:16,742 [ForkJoinPool.commonPool-worker-1] INFO  impl.PendingRequests (PendingRequests.java:sendNotLeaderResponses(202)) - d084370a-b4cb-43c6-bd03-156c72c6b0ec-PendingRequests: sendNotLeaderResponses
2019-09-26 10:50:16,742 [Thread-543] INFO  impl.PendingRequests (PendingRequests.java:sendNotLeaderResponses(202)) - 76999e15-3686-4d58-8030-6a34dfc59477-PendingRequests: sendNotLeaderResponses
2019-09-26 10:50:16,742 [ForkJoinPool.commonPool-worker-1] INFO  impl.StateMachineUpdater (StateMachineUpdater.java:stopAndJoin(125)) - d084370a-b4cb-43c6-bd03-156c72c6b0ec@group-5BCE2FFF8B2E-StateMachineUpdater: set stopIndex = 0
2019-09-26 10:50:16,743 [Thread-543] INFO  impl.StateMachineUpdater (StateMachineUpdater.java:stopAndJoin(125)) - 76999e15-3686-4d58-8030-6a34dfc59477@group-B817DC0D0196-StateMachineUpdater: set stopIndex = 0
2019-09-26 10:50:16,743 [ForkJoinPool.commonPool-worker-1] INFO  impl.RaftServerImpl (ServerState.java:close(385)) - d084370a-b4cb-43c6-bd03-156c72c6b0ec@group-5BCE2FFF8B2E: closes. applyIndex: 0
2019-09-26 10:50:16,743 [Thread-543] INFO  impl.RaftServerImpl (ServerState.java:close(385)) - 76999e15-3686-4d58-8030-6a34dfc59477@group-B817DC0D0196: closes. applyIndex: 0
2019-09-26 10:50:16,744 [d084370a-b4cb-43c6-bd03-156c72c6b0ec@group-5BCE2FFF8B2E-SegmentedRaftLogWorker] INFO  segmented.SegmentedRaftLogWorker (SegmentedRaftLogWorker.java:run(313)) - d084370a-b4cb-43c6-bd03-156c72c6b0ec@group-5BCE2FFF8B2E-SegmentedRaftLogWorker was interrupted, exiting. There are 0 tasks remaining in the queue.
2019-09-26 10:50:16,744 [76999e15-3686-4d58-8030-6a34dfc59477@group-B817DC0D0196-SegmentedRaftLogWorker] INFO  segmented.SegmentedRaftLogWorker (SegmentedRaftLogWorker.java:run(313)) - 76999e15-3686-4d58-8030-6a34dfc59477@group-B817DC0D0196-SegmentedRaftLogWorker was interrupted, exiting. There are 0 tasks remaining in the queue.
2019-09-26 10:50:16,745 [ForkJoinPool.commonPool-worker-1] INFO  segmented.SegmentedRaftLogWorker (SegmentedRaftLogWorker.java:close(228)) - d084370a-b4cb-43c6-bd03-156c72c6b0ec@group-5BCE2FFF8B2E-SegmentedRaftLogWorker close()
2019-09-26 10:50:16,745 [Thread-543] INFO  segmented.SegmentedRaftLogWorker (SegmentedRaftLogWorker.java:close(228)) - 76999e15-3686-4d58-8030-6a34dfc59477@group-B817DC0D0196-SegmentedRaftLogWorker close()
2019-09-26 10:50:16,747 [ForkJoinPool.commonPool-worker-1] INFO  impl.RaftServerImpl (RaftServerImpl.java:lambda$shutdown$3(251)) - d084370a-b4cb-43c6-bd03-156c72c6b0ec@group-4E6BFE0C22CF: shutdown
2019-09-26 10:50:16,749 [Thread-543] INFO  impl.RaftServerImpl (RaftServerImpl.java:lambda$shutdown$3(251)) - 76999e15-3686-4d58-8030-6a34dfc59477@group-D7759733D424: shutdown
2019-09-26 10:50:16,749 [ForkJoinPool.commonPool-worker-1] INFO  util.JmxRegister (JmxRegister.java:unregister(73)) - Successfully un-registered JMX Bean with object name Ratis:service=RaftServer,group=group-4E6BFE0C22CF,id=d084370a-b4cb-43c6-bd03-156c72c6b0ec
2019-09-26 10:50:16,750 [Thread-543] INFO  util.JmxRegister (JmxRegister.java:unregister(73)) - Successfully un-registered JMX Bean with object name Ratis:service=RaftServer,group=group-D7759733D424,id=76999e15-3686-4d58-8030-6a34dfc59477
2019-09-26 10:50:16,750 [ForkJoinPool.commonPool-worker-1] INFO  impl.RoleInfo (RoleInfo.java:shutdownLeaderState(104)) - d084370a-b4cb-43c6-bd03-156c72c6b0ec: shutdown LeaderState
2019-09-26 10:50:16,751 [Thread-543] INFO  impl.RoleInfo (RoleInfo.java:shutdownLeaderState(104)) - 76999e15-3686-4d58-8030-6a34dfc59477: shutdown LeaderState
2019-09-26 10:50:16,751 [ForkJoinPool.commonPool-worker-1] INFO  impl.PendingRequests (PendingRequests.java:sendNotLeaderResponses(202)) - d084370a-b4cb-43c6-bd03-156c72c6b0ec-PendingRequests: sendNotLeaderResponses
2019-09-26 10:50:16,751 [Thread-543] INFO  impl.PendingRequests (PendingRequests.java:sendNotLeaderResponses(202)) - 76999e15-3686-4d58-8030-6a34dfc59477-PendingRequests: sendNotLeaderResponses
2019-09-26 10:50:16,752 [ForkJoinPool.commonPool-worker-1] INFO  impl.StateMachineUpdater (StateMachineUpdater.java:stopAndJoin(125)) - d084370a-b4cb-43c6-bd03-156c72c6b0ec@group-4E6BFE0C22CF-StateMachineUpdater: set stopIndex = 0
2019-09-26 10:50:16,752 [Thread-543] INFO  impl.StateMachineUpdater (StateMachineUpdater.java:stopAndJoin(125)) - 76999e15-3686-4d58-8030-6a34dfc59477@group-D7759733D424-StateMachineUpdater: set stopIndex = 0
2019-09-26 10:50:16,752 [ForkJoinPool.commonPool-worker-1] INFO  impl.RaftServerImpl (ServerState.java:close(385)) - d084370a-b4cb-43c6-bd03-156c72c6b0ec@group-4E6BFE0C22CF: closes. applyIndex: 0
2019-09-26 10:50:16,753 [Thread-543] INFO  impl.RaftServerImpl (ServerState.java:close(385)) - 76999e15-3686-4d58-8030-6a34dfc59477@group-D7759733D424: closes. applyIndex: 0
2019-09-26 10:50:16,753 [d084370a-b4cb-43c6-bd03-156c72c6b0ec@group-4E6BFE0C22CF-SegmentedRaftLogWorker] INFO  segmented.SegmentedRaftLogWorker (SegmentedRaftLogWorker.java:run(313)) - d084370a-b4cb-43c6-bd03-156c72c6b0ec@group-4E6BFE0C22CF-SegmentedRaftLogWorker was interrupted, exiting. There are 0 tasks remaining in the queue.
2019-09-26 10:50:16,754 [76999e15-3686-4d58-8030-6a34dfc59477@group-D7759733D424-SegmentedRaftLogWorker] INFO  segmented.SegmentedRaftLogWorker (SegmentedRaftLogWorker.java:run(313)) - 76999e15-3686-4d58-8030-6a34dfc59477@group-D7759733D424-SegmentedRaftLogWorker was interrupted, exiting. There are 0 tasks remaining in the queue.
2019-09-26 10:50:16,754 [ForkJoinPool.commonPool-worker-1] INFO  segmented.SegmentedRaftLogWorker (SegmentedRaftLogWorker.java:close(228)) - d084370a-b4cb-43c6-bd03-156c72c6b0ec@group-4E6BFE0C22CF-SegmentedRaftLogWorker close()
2019-09-26 10:50:16,754 [Thread-543] INFO  segmented.SegmentedRaftLogWorker (SegmentedRaftLogWorker.java:close(228)) - 76999e15-3686-4d58-8030-6a34dfc59477@group-D7759733D424-SegmentedRaftLogWorker close()
2019-09-26 10:50:16,756 [ForkJoinPool.commonPool-worker-1] INFO  impl.RaftServerImpl (RaftServerImpl.java:lambda$shutdown$3(251)) - d084370a-b4cb-43c6-bd03-156c72c6b0ec@group-59C724638E31: shutdown
2019-09-26 10:50:16,758 [Thread-543] INFO  impl.RaftServerImpl (RaftServerImpl.java:lambda$shutdown$3(251)) - 76999e15-3686-4d58-8030-6a34dfc59477@group-89C9A5530B26: shutdown
2019-09-26 10:50:16,758 [ForkJoinPool.commonPool-worker-1] INFO  util.JmxRegister (JmxRegister.java:unregister(73)) - Successfully un-registered JMX Bean with object name Ratis:service=RaftServer,group=group-59C724638E31,id=d084370a-b4cb-43c6-bd03-156c72c6b0ec
2019-09-26 10:50:16,759 [Thread-543] INFO  util.JmxRegister (JmxRegister.java:unregister(73)) - Successfully un-registered JMX Bean with object name Ratis:service=RaftServer,group=group-89C9A5530B26,id=76999e15-3686-4d58-8030-6a34dfc59477
2019-09-26 10:50:16,759 [Thread-543] INFO  impl.RoleInfo (RoleInfo.java:shutdownLeaderState(104)) - 76999e15-3686-4d58-8030-6a34dfc59477: shutdown LeaderState
2019-09-26 10:50:16,759 [ForkJoinPool.commonPool-worker-1] INFO  impl.RoleInfo (RoleInfo.java:shutdownLeaderState(104)) - d084370a-b4cb-43c6-bd03-156c72c6b0ec: shutdown LeaderState
2019-09-26 10:50:16,760 [Thread-543] INFO  impl.PendingRequests (PendingRequests.java:sendNotLeaderResponses(202)) - 76999e15-3686-4d58-8030-6a34dfc59477-PendingRequests: sendNotLeaderResponses
2019-09-26 10:50:16,760 [ForkJoinPool.commonPool-worker-1] INFO  impl.PendingRequests (PendingRequests.java:sendNotLeaderResponses(202)) - d084370a-b4cb-43c6-bd03-156c72c6b0ec-PendingRequests: sendNotLeaderResponses
2019-09-26 10:50:16,761 [Thread-543] INFO  impl.StateMachineUpdater (StateMachineUpdater.java:stopAndJoin(125)) - 76999e15-3686-4d58-8030-6a34dfc59477@group-89C9A5530B26-StateMachineUpdater: set stopIndex = 0
2019-09-26 10:50:16,761 [Thread-543] INFO  impl.RaftServerImpl (ServerState.java:close(385)) - 76999e15-3686-4d58-8030-6a34dfc59477@group-89C9A5530B26: closes. applyIndex: 0
2019-09-26 10:50:16,761 [ForkJoinPool.commonPool-worker-1] INFO  impl.StateMachineUpdater (StateMachineUpdater.java:stopAndJoin(125)) - d084370a-b4cb-43c6-bd03-156c72c6b0ec@group-59C724638E31-StateMachineUpdater: set stopIndex = 0
2019-09-26 10:50:16,762 [76999e15-3686-4d58-8030-6a34dfc59477@group-89C9A5530B26-SegmentedRaftLogWorker] INFO  segmented.SegmentedRaftLogWorker (SegmentedRaftLogWorker.java:run(313)) - 76999e15-3686-4d58-8030-6a34dfc59477@group-89C9A5530B26-SegmentedRaftLogWorker was interrupted, exiting. There are 0 tasks remaining in the queue.
2019-09-26 10:50:16,762 [ForkJoinPool.commonPool-worker-1] INFO  impl.RaftServerImpl (ServerState.java:close(385)) - d084370a-b4cb-43c6-bd03-156c72c6b0ec@group-59C724638E31: closes. applyIndex: 0
2019-09-26 10:50:16,762 [Thread-543] INFO  segmented.SegmentedRaftLogWorker (SegmentedRaftLogWorker.java:close(228)) - 76999e15-3686-4d58-8030-6a34dfc59477@group-89C9A5530B26-SegmentedRaftLogWorker close()
2019-09-26 10:50:16,763 [d084370a-b4cb-43c6-bd03-156c72c6b0ec@group-59C724638E31-SegmentedRaftLogWorker] INFO  segmented.SegmentedRaftLogWorker (SegmentedRaftLogWorker.java:run(313)) - d084370a-b4cb-43c6-bd03-156c72c6b0ec@group-59C724638E31-SegmentedRaftLogWorker was interrupted, exiting. There are 0 tasks remaining in the queue.
2019-09-26 10:50:16,765 [Thread-543] INFO  impl.RaftServerImpl (RaftServerImpl.java:lambda$shutdown$3(251)) - 76999e15-3686-4d58-8030-6a34dfc59477@group-A319BC71595E: shutdown
2019-09-26 10:50:16,765 [ForkJoinPool.commonPool-worker-1] INFO  segmented.SegmentedRaftLogWorker (SegmentedRaftLogWorker.java:close(228)) - d084370a-b4cb-43c6-bd03-156c72c6b0ec@group-59C724638E31-SegmentedRaftLogWorker close()
2019-09-26 10:50:16,765 [Thread-543] INFO  util.JmxRegister (JmxRegister.java:unregister(73)) - Successfully un-registered JMX Bean with object name Ratis:service=RaftServer,group=group-A319BC71595E,id=76999e15-3686-4d58-8030-6a34dfc59477
2019-09-26 10:50:16,767 [ForkJoinPool.commonPool-worker-1] INFO  impl.RaftServerImpl (RaftServerImpl.java:lambda$shutdown$3(251)) - d084370a-b4cb-43c6-bd03-156c72c6b0ec@group-B71F2D77D0B8: shutdown
2019-09-26 10:50:16,767 [Thread-543] INFO  impl.RoleInfo (RoleInfo.java:shutdownLeaderState(104)) - 76999e15-3686-4d58-8030-6a34dfc59477: shutdown LeaderState
2019-09-26 10:50:16,768 [ForkJoinPool.commonPool-worker-1] INFO  util.JmxRegister (JmxRegister.java:unregister(73)) - Successfully un-registered JMX Bean with object name Ratis:service=RaftServer,group=group-B71F2D77D0B8,id=d084370a-b4cb-43c6-bd03-156c72c6b0ec
2019-09-26 10:50:16,768 [Thread-543] INFO  impl.PendingRequests (PendingRequests.java:sendNotLeaderResponses(202)) - 76999e15-3686-4d58-8030-6a34dfc59477-PendingRequests: sendNotLeaderResponses
2019-09-26 10:50:16,768 [ForkJoinPool.commonPool-worker-1] INFO  impl.RoleInfo (RoleInfo.java:shutdownLeaderState(104)) - d084370a-b4cb-43c6-bd03-156c72c6b0ec: shutdown LeaderState
2019-09-26 10:50:16,769 [Thread-543] INFO  impl.StateMachineUpdater (StateMachineUpdater.java:stopAndJoin(125)) - 76999e15-3686-4d58-8030-6a34dfc59477@group-A319BC71595E-StateMachineUpdater: set stopIndex = 0
2019-09-26 10:50:16,769 [ForkJoinPool.commonPool-worker-1] INFO  impl.PendingRequests (PendingRequests.java:sendNotLeaderResponses(202)) - d084370a-b4cb-43c6-bd03-156c72c6b0ec-PendingRequests: sendNotLeaderResponses
2019-09-26 10:50:16,769 [Thread-543] INFO  impl.RaftServerImpl (ServerState.java:close(385)) - 76999e15-3686-4d58-8030-6a34dfc59477@group-A319BC71595E: closes. applyIndex: 0
2019-09-26 10:50:16,770 [ForkJoinPool.commonPool-worker-1] INFO  impl.StateMachineUpdater (StateMachineUpdater.java:stopAndJoin(125)) - d084370a-b4cb-43c6-bd03-156c72c6b0ec@group-B71F2D77D0B8-StateMachineUpdater: set stopIndex = 0
2019-09-26 10:50:16,770 [76999e15-3686-4d58-8030-6a34dfc59477@group-A319BC71595E-SegmentedRaftLogWorker] INFO  segmented.SegmentedRaftLogWorker (SegmentedRaftLogWorker.java:run(313)) - 76999e15-3686-4d58-8030-6a34dfc59477@group-A319BC71595E-SegmentedRaftLogWorker was interrupted, exiting. There are 0 tasks remaining in the queue.
2019-09-26 10:50:16,770 [ForkJoinPool.commonPool-worker-1] INFO  impl.RaftServerImpl (ServerState.java:close(385)) - d084370a-b4cb-43c6-bd03-156c72c6b0ec@group-B71F2D77D0B8: closes. applyIndex: 0
2019-09-26 10:50:16,771 [Thread-543] INFO  segmented.SegmentedRaftLogWorker (SegmentedRaftLogWorker.java:close(228)) - 76999e15-3686-4d58-8030-6a34dfc59477@group-A319BC71595E-SegmentedRaftLogWorker close()
2019-09-26 10:50:16,771 [d084370a-b4cb-43c6-bd03-156c72c6b0ec@group-B71F2D77D0B8-SegmentedRaftLogWorker] INFO  segmented.SegmentedRaftLogWorker (SegmentedRaftLogWorker.java:run(313)) - d084370a-b4cb-43c6-bd03-156c72c6b0ec@group-B71F2D77D0B8-SegmentedRaftLogWorker was interrupted, exiting. There are 0 tasks remaining in the queue.
2019-09-26 10:50:16,773 [Thread-543] INFO  impl.RaftServerImpl (RaftServerImpl.java:lambda$shutdown$3(251)) - 76999e15-3686-4d58-8030-6a34dfc59477@group-730C5194B53A: shutdown
2019-09-26 10:50:16,773 [ForkJoinPool.commonPool-worker-1] INFO  segmented.SegmentedRaftLogWorker (SegmentedRaftLogWorker.java:close(228)) - d084370a-b4cb-43c6-bd03-156c72c6b0ec@group-B71F2D77D0B8-SegmentedRaftLogWorker close()
2019-09-26 10:50:16,774 [Thread-543] INFO  util.JmxRegister (JmxRegister.java:unregister(73)) - Successfully un-registered JMX Bean with object name Ratis:service=RaftServer,group=group-730C5194B53A,id=76999e15-3686-4d58-8030-6a34dfc59477
2019-09-26 10:50:16,775 [ForkJoinPool.commonPool-worker-1] INFO  impl.RaftServerImpl (RaftServerImpl.java:lambda$shutdown$3(251)) - d084370a-b4cb-43c6-bd03-156c72c6b0ec@group-9D71DE86A427: shutdown
2019-09-26 10:50:16,776 [Thread-543] INFO  impl.RoleInfo (RoleInfo.java:shutdownLeaderState(104)) - 76999e15-3686-4d58-8030-6a34dfc59477: shutdown LeaderState
2019-09-26 10:50:16,776 [ForkJoinPool.commonPool-worker-1] INFO  util.JmxRegister (JmxRegister.java:unregister(73)) - Successfully un-registered JMX Bean with object name Ratis:service=RaftServer,group=group-9D71DE86A427,id=d084370a-b4cb-43c6-bd03-156c72c6b0ec
2019-09-26 10:50:16,776 [Thread-543] INFO  impl.PendingRequests (PendingRequests.java:sendNotLeaderResponses(202)) - 76999e15-3686-4d58-8030-6a34dfc59477-PendingRequests: sendNotLeaderResponses
2019-09-26 10:50:16,777 [ForkJoinPool.commonPool-worker-1] INFO  impl.RoleInfo (RoleInfo.java:shutdownLeaderState(104)) - d084370a-b4cb-43c6-bd03-156c72c6b0ec: shutdown LeaderState
2019-09-26 10:50:16,777 [Thread-543] INFO  impl.StateMachineUpdater (StateMachineUpdater.java:stopAndJoin(125)) - 76999e15-3686-4d58-8030-6a34dfc59477@group-730C5194B53A-StateMachineUpdater: set stopIndex = 0
2019-09-26 10:50:16,777 [ForkJoinPool.commonPool-worker-1] INFO  impl.PendingRequests (PendingRequests.java:sendNotLeaderResponses(202)) - d084370a-b4cb-43c6-bd03-156c72c6b0ec-PendingRequests: sendNotLeaderResponses
2019-09-26 10:50:16,778 [Thread-543] INFO  impl.RaftServerImpl (ServerState.java:close(385)) - 76999e15-3686-4d58-8030-6a34dfc59477@group-730C5194B53A: closes. applyIndex: 0
2019-09-26 10:50:16,778 [ForkJoinPool.commonPool-worker-1] INFO  impl.StateMachineUpdater (StateMachineUpdater.java:stopAndJoin(125)) - d084370a-b4cb-43c6-bd03-156c72c6b0ec@group-9D71DE86A427-StateMachineUpdater: set stopIndex = 0
2019-09-26 10:50:16,779 [ForkJoinPool.commonPool-worker-1] INFO  impl.RaftServerImpl (ServerState.java:close(385)) - d084370a-b4cb-43c6-bd03-156c72c6b0ec@group-9D71DE86A427: closes. applyIndex: 0
2019-09-26 10:50:16,778 [76999e15-3686-4d58-8030-6a34dfc59477@group-730C5194B53A-SegmentedRaftLogWorker] INFO  segmented.SegmentedRaftLogWorker (SegmentedRaftLogWorker.java:run(313)) - 76999e15-3686-4d58-8030-6a34dfc59477@group-730C5194B53A-SegmentedRaftLogWorker was interrupted, exiting. There are 0 tasks remaining in the queue.
2019-09-26 10:50:16,779 [d084370a-b4cb-43c6-bd03-156c72c6b0ec@group-9D71DE86A427-SegmentedRaftLogWorker] INFO  segmented.SegmentedRaftLogWorker (SegmentedRaftLogWorker.java:run(313)) - d084370a-b4cb-43c6-bd03-156c72c6b0ec@group-9D71DE86A427-SegmentedRaftLogWorker was interrupted, exiting. There are 0 tasks remaining in the queue.
2019-09-26 10:50:16,779 [Thread-543] INFO  segmented.SegmentedRaftLogWorker (SegmentedRaftLogWorker.java:close(228)) - 76999e15-3686-4d58-8030-6a34dfc59477@group-730C5194B53A-SegmentedRaftLogWorker close()
2019-09-26 10:50:16,779 [ForkJoinPool.commonPool-worker-1] INFO  segmented.SegmentedRaftLogWorker (SegmentedRaftLogWorker.java:close(228)) - d084370a-b4cb-43c6-bd03-156c72c6b0ec@group-9D71DE86A427-SegmentedRaftLogWorker close()
2019-09-26 10:50:16,781 [Thread-543] INFO  impl.RaftServerImpl (RaftServerImpl.java:lambda$shutdown$3(251)) - 76999e15-3686-4d58-8030-6a34dfc59477@group-5EFDFBEE08E9: shutdown
2019-09-26 10:50:16,783 [ForkJoinPool.commonPool-worker-1] INFO  impl.RaftServerImpl (RaftServerImpl.java:lambda$shutdown$3(251)) - d084370a-b4cb-43c6-bd03-156c72c6b0ec@group-3CD62F4976E1: shutdown
2019-09-26 10:50:16,783 [Thread-543] INFO  util.JmxRegister (JmxRegister.java:unregister(73)) - Successfully un-registered JMX Bean with object name Ratis:service=RaftServer,group=group-5EFDFBEE08E9,id=76999e15-3686-4d58-8030-6a34dfc59477
2019-09-26 10:50:16,784 [ForkJoinPool.commonPool-worker-1] INFO  util.JmxRegister (JmxRegister.java:unregister(73)) - Successfully un-registered JMX Bean with object name Ratis:service=RaftServer,group=group-3CD62F4976E1,id=d084370a-b4cb-43c6-bd03-156c72c6b0ec
2019-09-26 10:50:16,784 [Thread-543] INFO  impl.RoleInfo (RoleInfo.java:shutdownLeaderState(104)) - 76999e15-3686-4d58-8030-6a34dfc59477: shutdown LeaderState
2019-09-26 10:50:16,784 [ForkJoinPool.commonPool-worker-1] INFO  impl.RoleInfo (RoleInfo.java:shutdownLeaderState(104)) - d084370a-b4cb-43c6-bd03-156c72c6b0ec: shutdown LeaderState
2019-09-26 10:50:16,785 [Thread-543] INFO  impl.PendingRequests (PendingRequests.java:sendNotLeaderResponses(202)) - 76999e15-3686-4d58-8030-6a34dfc59477-PendingRequests: sendNotLeaderResponses
2019-09-26 10:50:16,785 [ForkJoinPool.commonPool-worker-1] INFO  impl.PendingRequests (PendingRequests.java:sendNotLeaderResponses(202)) - d084370a-b4cb-43c6-bd03-156c72c6b0ec-PendingRequests: sendNotLeaderResponses
2019-09-26 10:50:16,786 [Thread-543] INFO  impl.StateMachineUpdater (StateMachineUpdater.java:stopAndJoin(125)) - 76999e15-3686-4d58-8030-6a34dfc59477@group-5EFDFBEE08E9-StateMachineUpdater: set stopIndex = 0
2019-09-26 10:50:16,786 [ForkJoinPool.commonPool-worker-1] INFO  impl.StateMachineUpdater (StateMachineUpdater.java:stopAndJoin(125)) - d084370a-b4cb-43c6-bd03-156c72c6b0ec@group-3CD62F4976E1-StateMachineUpdater: set stopIndex = 0
2019-09-26 10:50:16,786 [Thread-543] INFO  impl.RaftServerImpl (ServerState.java:close(385)) - 76999e15-3686-4d58-8030-6a34dfc59477@group-5EFDFBEE08E9: closes. applyIndex: 0
2019-09-26 10:50:16,786 [ForkJoinPool.commonPool-worker-1] INFO  impl.RaftServerImpl (ServerState.java:close(385)) - d084370a-b4cb-43c6-bd03-156c72c6b0ec@group-3CD62F4976E1: closes. applyIndex: 0
2019-09-26 10:50:16,787 [76999e15-3686-4d58-8030-6a34dfc59477@group-5EFDFBEE08E9-SegmentedRaftLogWorker] INFO  segmented.SegmentedRaftLogWorker (SegmentedRaftLogWorker.java:run(313)) - 76999e15-3686-4d58-8030-6a34dfc59477@group-5EFDFBEE08E9-SegmentedRaftLogWorker was interrupted, exiting. There are 0 tasks remaining in the queue.
2019-09-26 10:50:16,787 [d084370a-b4cb-43c6-bd03-156c72c6b0ec@group-3CD62F4976E1-SegmentedRaftLogWorker] INFO  segmented.SegmentedRaftLogWorker (SegmentedRaftLogWorker.java:run(313)) - d084370a-b4cb-43c6-bd03-156c72c6b0ec@group-3CD62F4976E1-SegmentedRaftLogWorker was interrupted, exiting. There are 0 tasks remaining in the queue.
2019-09-26 10:50:16,787 [Thread-543] INFO  segmented.SegmentedRaftLogWorker (SegmentedRaftLogWorker.java:close(228)) - 76999e15-3686-4d58-8030-6a34dfc59477@group-5EFDFBEE08E9-SegmentedRaftLogWorker close()
2019-09-26 10:50:16,788 [ForkJoinPool.commonPool-worker-1] INFO  segmented.SegmentedRaftLogWorker (SegmentedRaftLogWorker.java:close(228)) - d084370a-b4cb-43c6-bd03-156c72c6b0ec@group-3CD62F4976E1-SegmentedRaftLogWorker close()
2019-09-26 10:50:16,789 [Thread-543] INFO  server.GrpcService (GrpcService.java:closeImpl(164)) - 76999e15-3686-4d58-8030-6a34dfc59477: shutdown server with port 33067 now
2019-09-26 10:50:16,791 [ForkJoinPool.commonPool-worker-1] INFO  server.GrpcService (GrpcService.java:closeImpl(164)) - d084370a-b4cb-43c6-bd03-156c72c6b0ec: shutdown server with port 45859 now
2019-09-26 10:50:16,793 [Thread-543] INFO  server.GrpcService (GrpcService.java:closeImpl(172)) - 76999e15-3686-4d58-8030-6a34dfc59477: shutdown server with port 33067 successfully
2019-09-26 10:50:16,795 [ForkJoinPool.commonPool-worker-1] INFO  server.GrpcService (GrpcService.java:closeImpl(172)) - d084370a-b4cb-43c6-bd03-156c72c6b0ec: shutdown server with port 45859 successfully
2019-09-26 10:50:16,797 [refreshUsed-/workdir/hadoop-ozone/ozonefs/target/test-dir/MiniOzoneClusterImpl-c30abbcc-9270-495d-991f-83e55dc7fba6/datanode-1/data/containers] WARN  fs.CachingGetSpaceUsed (CachingGetSpaceUsed.java:run(183)) - Thread Interrupted waiting to refresh disk information: sleep interrupted
2019-09-26 10:50:16,797 [refreshUsed-/workdir/hadoop-ozone/ozonefs/target/test-dir/MiniOzoneClusterImpl-c30abbcc-9270-495d-991f-83e55dc7fba6/datanode-0/data/containers] WARN  fs.CachingGetSpaceUsed (CachingGetSpaceUsed.java:run(183)) - Thread Interrupted waiting to refresh disk information: sleep interrupted
2019-09-26 10:50:16,831 [Thread-543] INFO  utils.BackgroundService (BackgroundService.java:shutdown(148)) - Shutting down service BlockDeletingService
2019-09-26 10:50:16,836 [Thread-543] INFO  statemachine.DatanodeStateMachine (DatanodeStateMachine.java:stopDaemon(395)) - Ozone container server stopped.
2019-09-26 10:50:16,836 [ForkJoinPool.commonPool-worker-1] INFO  utils.BackgroundService (BackgroundService.java:shutdown(148)) - Shutting down service BlockDeletingService
2019-09-26 10:50:16,841 [ForkJoinPool.commonPool-worker-1] INFO  statemachine.DatanodeStateMachine (DatanodeStateMachine.java:stopDaemon(395)) - Ozone container server stopped.
2019-09-26 10:50:16,851 [Thread-543] INFO  handler.ContextHandler (ContextHandler.java:doStop(910)) - Stopped o.e.j.w.WebAppContext@38234fdf{/,null,UNAVAILABLE}{/hddsDatanode}
2019-09-26 10:50:16,852 [ForkJoinPool.commonPool-worker-1] INFO  handler.ContextHandler (ContextHandler.java:doStop(910)) - Stopped o.e.j.w.WebAppContext@26716db6{/,null,UNAVAILABLE}{/hddsDatanode}
2019-09-26 10:50:16,853 [Thread-543] INFO  server.AbstractConnector (AbstractConnector.java:doStop(318)) - Stopped ServerConnector@20e0624b{HTTP/1.1,[http/1.1]}{0.0.0.0:0}
2019-09-26 10:50:16,853 [ForkJoinPool.commonPool-worker-1] INFO  server.AbstractConnector (AbstractConnector.java:doStop(318)) - Stopped ServerConnector@74d80d03{HTTP/1.1,[http/1.1]}{0.0.0.0:0}
2019-09-26 10:50:16,853 [Thread-543] INFO  handler.ContextHandler (ContextHandler.java:doStop(910)) - Stopped o.e.j.s.ServletContextHandler@1d684073{/static,jar:file:/home/user/.m2/repository/org/apache/hadoop/hadoop-hdds-container-service/0.5.0-SNAPSHOT/hadoop-hdds-container-service-0.5.0-SNAPSHOT.jar!/webapps/static,UNAVAILABLE}
2019-09-26 10:50:16,855 [ForkJoinPool.commonPool-worker-1] INFO  handler.ContextHandler (ContextHandler.java:doStop(910)) - Stopped o.e.j.s.ServletContextHandler@55d316d9{/static,jar:file:/home/user/.m2/repository/org/apache/hadoop/hadoop-hdds-container-service/0.5.0-SNAPSHOT/hadoop-hdds-container-service-0.5.0-SNAPSHOT.jar!/webapps/static,UNAVAILABLE}
2019-09-26 10:50:16,855 [Thread-543] INFO  handler.ContextHandler (ContextHandler.java:doStop(910)) - Stopped o.e.j.s.ServletContextHandler@7daaab64{/logs,file:///workdir/hadoop-ozone/ozonefs/target/log,UNAVAILABLE}
2019-09-26 10:50:16,857 [ForkJoinPool.commonPool-worker-1] INFO  handler.ContextHandler (ContextHandler.java:doStop(910)) - Stopped o.e.j.s.ServletContextHandler@603b7983{/logs,file:///workdir/hadoop-ozone/ozonefs/target/log,UNAVAILABLE}
2019-09-26 10:50:17,535 [Datanode State Machine Thread - 0] INFO  statemachine.DatanodeStateMachine (DatanodeStateMachine.java:lambda$startDaemon$0(350)) - Ozone container server started.
2019-09-26 10:50:21,858 [Thread-543] INFO  ozoneimpl.OzoneContainer (OzoneContainer.java:stop(231)) - Attempting to stop container services.
2019-09-26 10:50:21,859 [Thread-543] INFO  impl.RaftServerProxy (RaftServerProxy.java:lambda$close$4(314)) - ba528854-06f2-48b1-90e3-e0173cc2f66a: close
2019-09-26 10:50:21,860 [Thread-543] INFO  impl.RaftServerImpl (RaftServerImpl.java:lambda$shutdown$3(251)) - ba528854-06f2-48b1-90e3-e0173cc2f66a@group-CAE2FE6B22AC: shutdown
2019-09-26 10:50:21,860 [ForkJoinPool.commonPool-worker-0] INFO  impl.RaftServerImpl (RaftServerImpl.java:lambda$shutdown$3(251)) - ba528854-06f2-48b1-90e3-e0173cc2f66a@group-7E8F8E7C7237: shutdown
2019-09-26 10:50:21,860 [Thread-543] INFO  util.JmxRegister (JmxRegister.java:unregister(73)) - Successfully un-registered JMX Bean with object name Ratis:service=RaftServer,group=group-CAE2FE6B22AC,id=ba528854-06f2-48b1-90e3-e0173cc2f66a
2019-09-26 10:50:21,861 [ForkJoinPool.commonPool-worker-0] INFO  util.JmxRegister (JmxRegister.java:unregister(73)) - Successfully un-registered JMX Bean with object name Ratis:service=RaftServer,group=group-7E8F8E7C7237,id=ba528854-06f2-48b1-90e3-e0173cc2f66a
2019-09-26 10:50:21,861 [Thread-543] INFO  impl.RoleInfo (RoleInfo.java:shutdownLeaderState(104)) - ba528854-06f2-48b1-90e3-e0173cc2f66a: shutdown LeaderState
2019-09-26 10:50:21,861 [ForkJoinPool.commonPool-worker-0] INFO  impl.RoleInfo (RoleInfo.java:shutdownLeaderState(104)) - ba528854-06f2-48b1-90e3-e0173cc2f66a: shutdown LeaderState
2019-09-26 10:50:21,862 [Thread-543] INFO  impl.PendingRequests (PendingRequests.java:sendNotLeaderResponses(202)) - ba528854-06f2-48b1-90e3-e0173cc2f66a-PendingRequests: sendNotLeaderResponses
2019-09-26 10:50:21,862 [ForkJoinPool.commonPool-worker-0] INFO  impl.PendingRequests (PendingRequests.java:sendNotLeaderResponses(202)) - ba528854-06f2-48b1-90e3-e0173cc2f66a-PendingRequests: sendNotLeaderResponses
2019-09-26 10:50:21,862 [Thread-543] INFO  impl.StateMachineUpdater (StateMachineUpdater.java:stopAndJoin(125)) - ba528854-06f2-48b1-90e3-e0173cc2f66a@group-CAE2FE6B22AC-StateMachineUpdater: set stopIndex = 0
2019-09-26 10:50:21,862 [ForkJoinPool.commonPool-worker-0] INFO  impl.StateMachineUpdater (StateMachineUpdater.java:stopAndJoin(125)) - ba528854-06f2-48b1-90e3-e0173cc2f66a@group-7E8F8E7C7237-StateMachineUpdater: set stopIndex = 0
2019-09-26 10:50:21,864 [Thread-543] INFO  impl.RaftServerImpl (ServerState.java:close(385)) - ba528854-06f2-48b1-90e3-e0173cc2f66a@group-CAE2FE6B22AC: closes. applyIndex: 0
2019-09-26 10:50:21,865 [ForkJoinPool.commonPool-worker-0] INFO  impl.RaftServerImpl (ServerState.java:close(385)) - ba528854-06f2-48b1-90e3-e0173cc2f66a@group-7E8F8E7C7237: closes. applyIndex: 0
2019-09-26 10:50:21,865 [ba528854-06f2-48b1-90e3-e0173cc2f66a@group-CAE2FE6B22AC-SegmentedRaftLogWorker] INFO  segmented.SegmentedRaftLogWorker (SegmentedRaftLogWorker.java:run(313)) - ba528854-06f2-48b1-90e3-e0173cc2f66a@group-CAE2FE6B22AC-SegmentedRaftLogWorker was interrupted, exiting. There are 0 tasks remaining in the queue.
2019-09-26 10:50:21,865 [ba528854-06f2-48b1-90e3-e0173cc2f66a@group-7E8F8E7C7237-SegmentedRaftLogWorker] INFO  segmented.SegmentedRaftLogWorker (SegmentedRaftLogWorker.java:run(313)) - ba528854-06f2-48b1-90e3-e0173cc2f66a@group-7E8F8E7C7237-SegmentedRaftLogWorker was interrupted, exiting. There are 0 tasks remaining in the queue.
2019-09-26 10:50:21,866 [Thread-543] INFO  segmented.SegmentedRaftLogWorker (SegmentedRaftLogWorker.java:close(228)) - ba528854-06f2-48b1-90e3-e0173cc2f66a@group-CAE2FE6B22AC-SegmentedRaftLogWorker close()
2019-09-26 10:50:21,866 [ForkJoinPool.commonPool-worker-0] INFO  segmented.SegmentedRaftLogWorker (SegmentedRaftLogWorker.java:close(228)) - ba528854-06f2-48b1-90e3-e0173cc2f66a@group-7E8F8E7C7237-SegmentedRaftLogWorker close()
2019-09-26 10:50:21,867 [Thread-543] INFO  impl.RaftServerImpl (RaftServerImpl.java:lambda$shutdown$3(251)) - ba528854-06f2-48b1-90e3-e0173cc2f66a@group-248DD322E437: shutdown
2019-09-26 10:50:21,869 [ForkJoinPool.commonPool-worker-0] INFO  impl.RaftServerImpl (RaftServerImpl.java:lambda$shutdown$3(251)) - ba528854-06f2-48b1-90e3-e0173cc2f66a@group-A73CD8418C1D: shutdown
2019-09-26 10:50:21,869 [Thread-543] INFO  util.JmxRegister (JmxRegister.java:unregister(73)) - Successfully un-registered JMX Bean with object name Ratis:service=RaftServer,group=group-248DD322E437,id=ba528854-06f2-48b1-90e3-e0173cc2f66a
2019-09-26 10:50:21,869 [ForkJoinPool.commonPool-worker-0] INFO  util.JmxRegister (JmxRegister.java:unregister(73)) - Successfully un-registered JMX Bean with object name Ratis:service=RaftServer,group=group-A73CD8418C1D,id=ba528854-06f2-48b1-90e3-e0173cc2f66a
2019-09-26 10:50:21,870 [Thread-543] INFO  impl.RoleInfo (RoleInfo.java:shutdownLeaderState(104)) - ba528854-06f2-48b1-90e3-e0173cc2f66a: shutdown LeaderState
2019-09-26 10:50:21,870 [ForkJoinPool.commonPool-worker-0] INFO  impl.RoleInfo (RoleInfo.java:shutdownLeaderState(104)) - ba528854-06f2-48b1-90e3-e0173cc2f66a: shutdown LeaderState
2019-09-26 10:50:21,870 [Thread-543] INFO  impl.PendingRequests (PendingRequests.java:sendNotLeaderResponses(202)) - ba528854-06f2-48b1-90e3-e0173cc2f66a-PendingRequests: sendNotLeaderResponses
2019-09-26 10:50:21,870 [ForkJoinPool.commonPool-worker-0] INFO  impl.PendingRequests (PendingRequests.java:sendNotLeaderResponses(202)) - ba528854-06f2-48b1-90e3-e0173cc2f66a-PendingRequests: sendNotLeaderResponses
2019-09-26 10:50:21,871 [Thread-543] INFO  impl.StateMachineUpdater (StateMachineUpdater.java:stopAndJoin(125)) - ba528854-06f2-48b1-90e3-e0173cc2f66a@group-248DD322E437-StateMachineUpdater: set stopIndex = 0
2019-09-26 10:50:21,871 [Thread-543] INFO  impl.RaftServerImpl (ServerState.java:close(385)) - ba528854-06f2-48b1-90e3-e0173cc2f66a@group-248DD322E437: closes. applyIndex: 0
2019-09-26 10:50:21,871 [ForkJoinPool.commonPool-worker-0] INFO  impl.StateMachineUpdater (StateMachineUpdater.java:stopAndJoin(125)) - ba528854-06f2-48b1-90e3-e0173cc2f66a@group-A73CD8418C1D-StateMachineUpdater: set stopIndex = 0
2019-09-26 10:50:21,872 [ba528854-06f2-48b1-90e3-e0173cc2f66a@group-248DD322E437-SegmentedRaftLogWorker] INFO  segmented.SegmentedRaftLogWorker (SegmentedRaftLogWorker.java:run(313)) - ba528854-06f2-48b1-90e3-e0173cc2f66a@group-248DD322E437-SegmentedRaftLogWorker was interrupted, exiting. There are 0 tasks remaining in the queue.
2019-09-26 10:50:21,872 [ForkJoinPool.commonPool-worker-0] INFO  impl.RaftServerImpl (ServerState.java:close(385)) - ba528854-06f2-48b1-90e3-e0173cc2f66a@group-A73CD8418C1D: closes. applyIndex: 0
2019-09-26 10:50:21,873 [ba528854-06f2-48b1-90e3-e0173cc2f66a@group-A73CD8418C1D-SegmentedRaftLogWorker] INFO  segmented.SegmentedRaftLogWorker (SegmentedRaftLogWorker.java:run(313)) - ba528854-06f2-48b1-90e3-e0173cc2f66a@group-A73CD8418C1D-SegmentedRaftLogWorker was interrupted, exiting. There are 0 tasks remaining in the queue.
2019-09-26 10:50:21,878 [Thread-543] INFO  segmented.SegmentedRaftLogWorker (SegmentedRaftLogWorker.java:close(228)) - ba528854-06f2-48b1-90e3-e0173cc2f66a@group-248DD322E437-SegmentedRaftLogWorker close()
2019-09-26 10:50:21,878 [ForkJoinPool.commonPool-worker-0] INFO  segmented.SegmentedRaftLogWorker (SegmentedRaftLogWorker.java:close(228)) - ba528854-06f2-48b1-90e3-e0173cc2f66a@group-A73CD8418C1D-SegmentedRaftLogWorker close()
2019-09-26 10:50:21,879 [Thread-543] INFO  impl.RaftServerImpl (RaftServerImpl.java:lambda$shutdown$3(251)) - ba528854-06f2-48b1-90e3-e0173cc2f66a@group-6EBAEE505C1B: shutdown
2019-09-26 10:50:21,881 [Thread-543] INFO  util.JmxRegister (JmxRegister.java:unregister(73)) - Successfully un-registered JMX Bean with object name Ratis:service=RaftServer,group=group-6EBAEE505C1B,id=ba528854-06f2-48b1-90e3-e0173cc2f66a
2019-09-26 10:50:21,881 [Thread-543] INFO  impl.RoleInfo (RoleInfo.java:shutdownLeaderState(104)) - ba528854-06f2-48b1-90e3-e0173cc2f66a: shutdown LeaderState
2019-09-26 10:50:21,882 [Thread-543] INFO  impl.PendingRequests (PendingRequests.java:sendNotLeaderResponses(202)) - ba528854-06f2-48b1-90e3-e0173cc2f66a-PendingRequests: sendNotLeaderResponses
2019-09-26 10:50:21,882 [Thread-543] INFO  impl.StateMachineUpdater (StateMachineUpdater.java:stopAndJoin(125)) - ba528854-06f2-48b1-90e3-e0173cc2f66a@group-6EBAEE505C1B-StateMachineUpdater: set stopIndex = 0
2019-09-26 10:50:21,882 [Thread-543] INFO  impl.RaftServerImpl (ServerState.java:close(385)) - ba528854-06f2-48b1-90e3-e0173cc2f66a@group-6EBAEE505C1B: closes. applyIndex: 0
2019-09-26 10:50:21,883 [ba528854-06f2-48b1-90e3-e0173cc2f66a@group-6EBAEE505C1B-SegmentedRaftLogWorker] INFO  segmented.SegmentedRaftLogWorker (SegmentedRaftLogWorker.java:run(313)) - ba528854-06f2-48b1-90e3-e0173cc2f66a@group-6EBAEE505C1B-SegmentedRaftLogWorker was interrupted, exiting. There are 0 tasks remaining in the queue.
2019-09-26 10:50:21,883 [Thread-543] INFO  segmented.SegmentedRaftLogWorker (SegmentedRaftLogWorker.java:close(228)) - ba528854-06f2-48b1-90e3-e0173cc2f66a@group-6EBAEE505C1B-SegmentedRaftLogWorker close()
2019-09-26 10:50:21,885 [Thread-543] INFO  impl.RaftServerImpl (RaftServerImpl.java:lambda$shutdown$3(251)) - ba528854-06f2-48b1-90e3-e0173cc2f66a@group-92E1F556696E: shutdown
2019-09-26 10:50:21,885 [Thread-543] INFO  util.JmxRegister (JmxRegister.java:unregister(73)) - Successfully un-registered JMX Bean with object name Ratis:service=RaftServer,group=group-92E1F556696E,id=ba528854-06f2-48b1-90e3-e0173cc2f66a
2019-09-26 10:50:21,885 [Thread-543] INFO  impl.RoleInfo (RoleInfo.java:shutdownLeaderState(104)) - ba528854-06f2-48b1-90e3-e0173cc2f66a: shutdown LeaderState
2019-09-26 10:50:21,886 [Thread-543] INFO  impl.PendingRequests (PendingRequests.java:sendNotLeaderResponses(202)) - ba528854-06f2-48b1-90e3-e0173cc2f66a-PendingRequests: sendNotLeaderResponses
2019-09-26 10:50:21,886 [Thread-543] INFO  impl.StateMachineUpdater (StateMachineUpdater.java:stopAndJoin(125)) - ba528854-06f2-48b1-90e3-e0173cc2f66a@group-92E1F556696E-StateMachineUpdater: set stopIndex = 0
2019-09-26 10:50:21,887 [Thread-543] INFO  impl.RaftServerImpl (ServerState.java:close(385)) - ba528854-06f2-48b1-90e3-e0173cc2f66a@group-92E1F556696E: closes. applyIndex: 0
2019-09-26 10:50:21,887 [ba528854-06f2-48b1-90e3-e0173cc2f66a@group-92E1F556696E-SegmentedRaftLogWorker] INFO  segmented.SegmentedRaftLogWorker (SegmentedRaftLogWorker.java:run(313)) - ba528854-06f2-48b1-90e3-e0173cc2f66a@group-92E1F556696E-SegmentedRaftLogWorker was interrupted, exiting. There are 0 tasks remaining in the queue.
2019-09-26 10:50:21,887 [Thread-543] INFO  segmented.SegmentedRaftLogWorker (SegmentedRaftLogWorker.java:close(228)) - ba528854-06f2-48b1-90e3-e0173cc2f66a@group-92E1F556696E-SegmentedRaftLogWorker close()
2019-09-26 10:50:21,889 [Thread-543] INFO  server.GrpcService (GrpcService.java:closeImpl(164)) - ba528854-06f2-48b1-90e3-e0173cc2f66a: shutdown server with port 45540 now
2019-09-26 10:50:21,891 [Thread-543] INFO  server.GrpcService (GrpcService.java:closeImpl(172)) - ba528854-06f2-48b1-90e3-e0173cc2f66a: shutdown server with port 45540 successfully
2019-09-26 10:50:21,893 [refreshUsed-/workdir/hadoop-ozone/ozonefs/target/test-dir/MiniOzoneClusterImpl-c30abbcc-9270-495d-991f-83e55dc7fba6/datanode-2/data/containers] WARN  fs.CachingGetSpaceUsed (CachingGetSpaceUsed.java:run(183)) - Thread Interrupted waiting to refresh disk information: sleep interrupted
2019-09-26 10:50:21,925 [Thread-543] INFO  utils.BackgroundService (BackgroundService.java:shutdown(148)) - Shutting down service BlockDeletingService
2019-09-26 10:50:21,929 [Thread-543] INFO  statemachine.DatanodeStateMachine (DatanodeStateMachine.java:stopDaemon(395)) - Ozone container server stopped.
2019-09-26 10:50:21,941 [Thread-543] INFO  handler.ContextHandler (ContextHandler.java:doStop(910)) - Stopped o.e.j.w.WebAppContext@c938a5a{/,null,UNAVAILABLE}{/hddsDatanode}
2019-09-26 10:50:21,942 [Thread-543] INFO  server.AbstractConnector (AbstractConnector.java:doStop(318)) - Stopped ServerConnector@7eb9df57{HTTP/1.1,[http/1.1]}{0.0.0.0:0}
2019-09-26 10:50:21,943 [Thread-543] INFO  handler.ContextHandler (ContextHandler.java:doStop(910)) - Stopped o.e.j.s.ServletContextHandler@55a7b24d{/static,jar:file:/home/user/.m2/repository/org/apache/hadoop/hadoop-hdds-container-service/0.5.0-SNAPSHOT/hadoop-hdds-container-service-0.5.0-SNAPSHOT.jar!/webapps/static,UNAVAILABLE}
2019-09-26 10:50:21,943 [Thread-543] INFO  handler.ContextHandler (ContextHandler.java:doStop(910)) - Stopped o.e.j.s.ServletContextHandler@f5bf98a{/logs,file:///workdir/hadoop-ozone/ozonefs/target/log,UNAVAILABLE}
2019-09-26 10:50:21,944 [Thread-543] INFO  ozone.MiniOzoneClusterImpl (MiniOzoneClusterImpl.java:stopSCM(392)) - Stopping the StorageContainerManager
2019-09-26 10:50:21,944 [Thread-543] INFO  server.StorageContainerManager (StorageContainerManager.java:stop(808)) - Stopping Replication Manager Service.
2019-09-26 10:50:21,945 [Thread-543] INFO  container.ReplicationManager (ReplicationManager.java:stop(204)) - Stopping Replication Monitor Thread.
2019-09-26 10:50:21,945 [Thread-543] INFO  server.StorageContainerManager (StorageContainerManager.java:stop(815)) - Stopping Lease Manager of the command watchers
2019-09-26 10:50:21,945 [Thread-543] INFO  server.StorageContainerManager (StorageContainerManager.java:stop(822)) - Stopping datanode service RPC server
2019-09-26 10:50:21,945 [Thread-543] INFO  server.SCMDatanodeProtocolServer (SCMDatanodeProtocolServer.java:stop(367)) - Stopping the RPC server for DataNodes
2019-09-26 10:50:21,945 [Thread-543] INFO  ipc.Server (Server.java:stop(3082)) - Stopping server on 37431
2019-09-26 10:50:21,947 [IPC Server listener on 37431] INFO  ipc.Server (Server.java:run(1185)) - Stopping IPC Server listener on 37431
2019-09-26 10:50:21,947 [IPC Server Responder] INFO  ipc.Server (Server.java:run(1319)) - Stopping IPC Server Responder
2019-09-26 10:50:21,958 [SCM Heartbeat Processing Thread - 0] WARN  node.NodeStateManager (NodeStateManager.java:scheduleNextHealthCheck(655)) - Current Thread is interrupted, shutting down HB processing thread for Node Manager.
2019-09-26 10:50:21,959 [Thread-543] INFO  server.StorageContainerManager (StorageContainerManager.java:stop(830)) - Stopping block service RPC server
2019-09-26 10:50:21,959 [Thread-543] INFO  server.SCMBlockProtocolServer (SCMBlockProtocolServer.java:stop(155)) - Stopping the RPC server for Block Protocol
2019-09-26 10:50:21,959 [Thread-543] INFO  ipc.Server (Server.java:stop(3082)) - Stopping server on 38485
2019-09-26 10:50:21,961 [IPC Server listener on 38485] INFO  ipc.Server (Server.java:run(1185)) - Stopping IPC Server listener on 38485
2019-09-26 10:50:21,961 [Thread-543] INFO  server.StorageContainerManager (StorageContainerManager.java:stop(837)) - Stopping the StorageContainerLocationProtocol RPC server
2019-09-26 10:50:21,963 [Thread-543] INFO  server.SCMClientProtocolServer (SCMClientProtocolServer.java:stop(159)) - Stopping the RPC server for Client Protocol
2019-09-26 10:50:21,963 [Thread-543] INFO  ipc.Server (Server.java:stop(3082)) - Stopping server on 43310
2019-09-26 10:50:21,961 [IPC Server Responder] INFO  ipc.Server (Server.java:run(1319)) - Stopping IPC Server Responder
2019-09-26 10:50:21,965 [IPC Server listener on 43310] INFO  ipc.Server (Server.java:run(1185)) - Stopping IPC Server listener on 43310
2019-09-26 10:50:21,965 [IPC Server Responder] INFO  ipc.Server (Server.java:run(1319)) - Stopping IPC Server Responder
2019-09-26 10:50:21,965 [Thread-543] INFO  server.StorageContainerManager (StorageContainerManager.java:stop(844)) - Stopping Storage Container Manager HTTP server.
2019-09-26 10:50:21,968 [Thread-543] INFO  handler.ContextHandler (ContextHandler.java:doStop(910)) - Stopped o.e.j.w.WebAppContext@7fd8db22{/,null,UNAVAILABLE}{/scm}
2019-09-26 10:50:21,969 [Thread-543] INFO  server.AbstractConnector (AbstractConnector.java:doStop(318)) - Stopped ServerConnector@5f823c49{HTTP/1.1,[http/1.1]}{0.0.0.0:0}
2019-09-26 10:50:21,969 [Thread-543] INFO  handler.ContextHandler (ContextHandler.java:doStop(910)) - Stopped o.e.j.s.ServletContextHandler@7fd26891{/static,jar:file:/home/user/.m2/repository/org/apache/hadoop/hadoop-hdds-server-scm/0.5.0-SNAPSHOT/hadoop-hdds-server-scm-0.5.0-SNAPSHOT.jar!/webapps/static,UNAVAILABLE}
2019-09-26 10:50:21,970 [Thread-543] INFO  handler.ContextHandler (ContextHandler.java:doStop(910)) - Stopped o.e.j.s.ServletContextHandler@3fa8f901{/logs,file:///workdir/hadoop-ozone/ozonefs/target/log,UNAVAILABLE}
2019-09-26 10:50:21,971 [Thread-543] INFO  server.StorageContainerManager (StorageContainerManager.java:stop(855)) - Stopping Block Manager Service.
2019-09-26 10:50:21,971 [Thread-543] INFO  utils.BackgroundService (BackgroundService.java:shutdown(148)) - Shutting down service SCMBlockDeletingService
2019-09-26 10:50:21,971 [Thread-543] INFO  utils.BackgroundService (BackgroundService.java:shutdown(148)) - Shutting down service SCMBlockDeletingService
2019-09-26 10:50:21,972 [Thread-543] INFO  server.StorageContainerManager (StorageContainerManager.java:stop(877)) - Stopping SCM Event Queue.
2019-09-26 10:50:21,975 [Thread-543] INFO  impl.MetricsSystemImpl (MetricsSystemImpl.java:stop(210)) - Stopping HddsDatanode metrics system...
2019-09-26 10:50:21,981 [Thread-543] INFO  impl.MetricsSystemImpl (MetricsSystemImpl.java:stop(216)) - HddsDatanode metrics system stopped.
]]></system-out>
  </testcase>
  <testcase name="testListStatus" classname="org.apache.hadoop.fs.ozone.TestOzoneFileSystem" time="17.072">
    <error message="Allocated 0 blocks. Requested 1 blocks" type="INTERNAL_ERROR org.apache.hadoop.ozone.om.exceptions.OMException">INTERNAL_ERROR org.apache.hadoop.ozone.om.exceptions.OMException: Allocated 0 blocks. Requested 1 blocks
	at org.apache.hadoop.ozone.om.protocolPB.OzoneManagerProtocolClientSideTranslatorPB.handleError(OzoneManagerProtocolClientSideTranslatorPB.java:732)
	at org.apache.hadoop.ozone.om.protocolPB.OzoneManagerProtocolClientSideTranslatorPB.createFile(OzoneManagerProtocolClientSideTranslatorPB.java:1536)
	at sun.reflect.NativeMethodAccessorImpl.invoke0(Native Method)
	at sun.reflect.NativeMethodAccessorImpl.invoke(NativeMethodAccessorImpl.java:62)
	at sun.reflect.DelegatingMethodAccessorImpl.invoke(DelegatingMethodAccessorImpl.java:43)
	at java.lang.reflect.Method.invoke(Method.java:498)
	at org.apache.hadoop.hdds.tracing.TraceAllMethod.invoke(TraceAllMethod.java:66)
	at com.sun.proxy.$Proxy38.createFile(Unknown Source)
	at org.apache.hadoop.ozone.client.rpc.RpcClient.createFile(RpcClient.java:1006)
	at org.apache.hadoop.ozone.client.OzoneBucket.createFile(OzoneBucket.java:537)
	at org.apache.hadoop.fs.ozone.BasicOzoneClientAdapterImpl.createFile(BasicOzoneClientAdapterImpl.java:205)
	at org.apache.hadoop.fs.ozone.BasicOzoneFileSystem.createOutputStream(BasicOzoneFileSystem.java:250)
	at org.apache.hadoop.fs.ozone.BasicOzoneFileSystem.create(BasicOzoneFileSystem.java:231)
	at org.apache.hadoop.fs.FileSystem.create(FileSystem.java:1118)
	at org.apache.hadoop.fs.FileSystem.create(FileSystem.java:1098)
	at org.apache.hadoop.fs.FileSystem.create(FileSystem.java:987)
	at org.apache.hadoop.fs.contract.ContractTestUtils.createFile(ContractTestUtils.java:633)
	at org.apache.hadoop.fs.contract.ContractTestUtils.touch(ContractTestUtils.java:669)
	at org.apache.hadoop.fs.ozone.TestOzoneFileSystem.testListStatus(TestOzoneFileSystem.java:159)
	at sun.reflect.NativeMethodAccessorImpl.invoke0(Native Method)
	at sun.reflect.NativeMethodAccessorImpl.invoke(NativeMethodAccessorImpl.java:62)
	at sun.reflect.DelegatingMethodAccessorImpl.invoke(DelegatingMethodAccessorImpl.java:43)
	at java.lang.reflect.Method.invoke(Method.java:498)
	at org.junit.runners.model.FrameworkMethod$1.runReflectiveCall(FrameworkMethod.java:47)
	at org.junit.internal.runners.model.ReflectiveCallable.run(ReflectiveCallable.java:12)
	at org.junit.runners.model.FrameworkMethod.invokeExplosively(FrameworkMethod.java:44)
	at org.junit.internal.runners.statements.InvokeMethod.evaluate(InvokeMethod.java:17)
	at org.junit.internal.runners.statements.RunBefores.evaluate(RunBefores.java:26)
	at org.junit.internal.runners.statements.RunAfters.evaluate(RunAfters.java:27)
	at org.junit.internal.runners.statements.FailOnTimeout$StatementThread.run(FailOnTimeout.java:74)
</error>
    <system-out><![CDATA[2019-09-26 10:50:22,178 [Thread-810] WARN  server.ServerUtils (ServerUtils.java:getScmDbDir(145)) - ozone.scm.db.dirs is not configured. We recommend adding this setting. Falling back to ozone.metadata.dirs instead.
2019-09-26 10:50:22,188 [Thread-810] WARN  server.ServerUtils (ServerUtils.java:getScmDbDir(145)) - ozone.scm.db.dirs is not configured. We recommend adding this setting. Falling back to ozone.metadata.dirs instead.
2019-09-26 10:50:22,189 [Thread-810] WARN  server.ServerUtils (ServerUtils.java:getScmDbDir(145)) - ozone.scm.db.dirs is not configured. We recommend adding this setting. Falling back to ozone.metadata.dirs instead.
2019-09-26 10:50:22,189 [Thread-810] INFO  db.DBStoreBuilder (DBStoreBuilder.java:addTable(110)) - using custom profile for table: deletedBlocks
2019-09-26 10:50:22,189 [Thread-810] INFO  db.DBStoreBuilder (DBStoreBuilder.java:processTables(161)) - Using default column profile:DBProfile.DISK for Table:deletedBlocks
2019-09-26 10:50:22,190 [Thread-810] INFO  db.DBStoreBuilder (DBStoreBuilder.java:addTable(110)) - using custom profile for table: validCerts
2019-09-26 10:50:22,190 [Thread-810] INFO  db.DBStoreBuilder (DBStoreBuilder.java:processTables(161)) - Using default column profile:DBProfile.DISK for Table:validCerts
2019-09-26 10:50:22,206 [Thread-810] INFO  db.DBStoreBuilder (DBStoreBuilder.java:addTable(110)) - using custom profile for table: revokedCerts
2019-09-26 10:50:22,207 [Thread-810] INFO  db.DBStoreBuilder (DBStoreBuilder.java:processTables(161)) - Using default column profile:DBProfile.DISK for Table:revokedCerts
2019-09-26 10:50:22,208 [Thread-810] INFO  db.DBStoreBuilder (DBStoreBuilder.java:addTable(110)) - using custom profile for table: default
2019-09-26 10:50:22,208 [Thread-810] INFO  db.DBStoreBuilder (DBStoreBuilder.java:processTables(167)) - Using default column profile:DBProfile.DISK for Table:default
2019-09-26 10:50:22,208 [Thread-810] INFO  db.DBStoreBuilder (DBStoreBuilder.java:getDbProfile(198)) - Using default options. DBProfile.DISK
2019-09-26 10:50:22,515 [Thread-810] INFO  net.NodeSchemaLoader (NodeSchemaLoader.java:loadSchemaFromFile(125)) - Loading file from sun.misc.CompoundEnumeration@57d63d32
2019-09-26 10:50:22,515 [Thread-810] INFO  net.NodeSchemaLoader (NodeSchemaLoader.java:loadSchema(171)) - Loading network topology layer schema file
2019-09-26 10:50:22,519 [Thread-810] WARN  server.ServerUtils (ServerUtils.java:sanitizeUserArgs(70)) - ozone.scm.stale.node.interval value = 300000 is larger than max = 100000 based on the key value of ozone.scm.heartbeat.thread.interval, reset to the max value 100000.
2019-09-26 10:50:22,519 [Thread-810] WARN  server.ServerUtils (ServerUtils.java:sanitizeUserArgs(70)) - ozone.scm.stale.node.interval value = 300000 is larger than max = 100000 based on the key value of ozone.scm.heartbeat.thread.interval, reset to the max value 100000.
2019-09-26 10:50:22,520 [Thread-810] INFO  node.SCMNodeManager (SCMNodeManager.java:<init>(114)) - Entering startup safe mode.
2019-09-26 10:50:22,520 [Thread-810] INFO  algorithms.ContainerPlacementPolicyFactory (ContainerPlacementPolicyFactory.java:getPolicy(59)) - Create container placement policy of type org.apache.hadoop.hdds.scm.container.placement.algorithms.SCMContainerPlacementRandom
2019-09-26 10:50:22,521 [Thread-810] WARN  server.ServerUtils (ServerUtils.java:getScmDbDir(145)) - ozone.scm.db.dirs is not configured. We recommend adding this setting. Falling back to ozone.metadata.dirs instead.
2019-09-26 10:50:22,571 [Thread-810] INFO  pipeline.SCMPipelineManager (SCMPipelineManager.java:initializePipelineState(132)) - No pipeline exists in current db
2019-09-26 10:50:22,571 [Thread-810] WARN  server.ServerUtils (ServerUtils.java:getScmDbDir(145)) - ozone.scm.db.dirs is not configured. We recommend adding this setting. Falling back to ozone.metadata.dirs instead.
2019-09-26 10:50:22,624 [Thread-810] WARN  events.EventQueue (EventQueue.java:fireEvent(183)) - No event handler registered for event TypedEvent{payloadType=SafeModeStatus, name='SafeModeStatus'}
2019-09-26 10:50:22,625 [Thread-810] INFO  ipc.CallQueueManager (CallQueueManager.java:<init>(84)) - Using callQueue: class java.util.concurrent.LinkedBlockingQueue, queueCapacity: 2000, scheduler: class org.apache.hadoop.ipc.DefaultRpcScheduler, ipcBackoff: false.
2019-09-26 10:50:22,627 [Socket Reader #1 for port 42180] INFO  ipc.Server (Server.java:run(1074)) - Starting Socket Reader #1 for port 42180
2019-09-26 10:50:22,629 [Thread-810] INFO  ipc.CallQueueManager (CallQueueManager.java:<init>(84)) - Using callQueue: class java.util.concurrent.LinkedBlockingQueue, queueCapacity: 2000, scheduler: class org.apache.hadoop.ipc.DefaultRpcScheduler, ipcBackoff: false.
2019-09-26 10:50:22,631 [Socket Reader #1 for port 39859] INFO  ipc.Server (Server.java:run(1074)) - Starting Socket Reader #1 for port 39859
2019-09-26 10:50:22,632 [Thread-810] INFO  ipc.CallQueueManager (CallQueueManager.java:<init>(84)) - Using callQueue: class java.util.concurrent.LinkedBlockingQueue, queueCapacity: 2000, scheduler: class org.apache.hadoop.ipc.DefaultRpcScheduler, ipcBackoff: false.
2019-09-26 10:50:22,633 [Socket Reader #1 for port 35163] INFO  ipc.Server (Server.java:run(1074)) - Starting Socket Reader #1 for port 35163
2019-09-26 10:50:22,636 [Thread-810] INFO  hdfs.DFSUtil (DFSUtil.java:httpServerTemplateForNNAndJN(1641)) - Starting Web-server for scm at: http://0.0.0.0:0
2019-09-26 10:50:22,640 [Thread-810] INFO  server.AuthenticationFilter (AuthenticationFilter.java:constructSecretProvider(240)) - Unable to initialize FileSignerSecretProvider, falling back to use random secrets.
2019-09-26 10:50:22,641 [Thread-810] WARN  http.HttpRequestLog (HttpRequestLog.java:getRequestLog(97)) - Jetty request log can only be enabled using Log4j
2019-09-26 10:50:22,644 [Thread-810] INFO  http.HttpServer2 (HttpServer2.java:addGlobalFilter(975)) - Added global filter 'safety' (class=org.apache.hadoop.http.HttpServer2$QuotingInputFilter)
2019-09-26 10:50:22,646 [Thread-810] INFO  http.HttpServer2 (HttpServer2.java:addFilter(948)) - Added filter static_user_filter (class=org.apache.hadoop.http.lib.StaticUserWebFilter$StaticUserFilter) to context scm
2019-09-26 10:50:22,646 [Thread-810] INFO  http.HttpServer2 (HttpServer2.java:addFilter(958)) - Added filter static_user_filter (class=org.apache.hadoop.http.lib.StaticUserWebFilter$StaticUserFilter) to context static
2019-09-26 10:50:22,646 [Thread-810] INFO  http.HttpServer2 (HttpServer2.java:addFilter(958)) - Added filter static_user_filter (class=org.apache.hadoop.http.lib.StaticUserWebFilter$StaticUserFilter) to context logs
2019-09-26 10:50:22,649 [Thread-810] INFO  server.StorageContainerManager (StorageContainerManager.java:start(770)) - StorageContainerLocationProtocol RPC server is listening at /0.0.0.0:35163
2019-09-26 10:50:22,652 [Thread-810] WARN  impl.MetricsConfig (MetricsConfig.java:loadFirst(134)) - Cannot locate configuration: tried hadoop-metrics2-storagecontainermanager.properties,hadoop-metrics2.properties
2019-09-26 10:50:22,656 [Thread-810] INFO  impl.MetricsSystemImpl (MetricsSystemImpl.java:startTimer(374)) - Scheduled Metric snapshot period at 10 second(s).
2019-09-26 10:50:22,656 [Thread-810] INFO  impl.MetricsSystemImpl (MetricsSystemImpl.java:start(191)) - StorageContainerManager metrics system started
2019-09-26 10:50:22,682 [Thread-810] WARN  impl.MetricsSystemImpl (MetricsSystemImpl.java:register(276)) - Sink prometheus already exists!
2019-09-26 10:50:22,728 [Thread-810] INFO  server.SCMClientProtocolServer (SCMClientProtocolServer.java:start(151)) - RPC server for Client  is listening at /0.0.0.0:35163
2019-09-26 10:50:22,728 [IPC Server Responder] INFO  ipc.Server (Server.java:run(1314)) - IPC Server Responder: starting
2019-09-26 10:50:22,730 [IPC Server listener on 35163] INFO  ipc.Server (Server.java:run(1153)) - IPC Server listener on 35163: starting
2019-09-26 10:50:22,734 [Thread-810] INFO  server.StorageContainerManager (StorageContainerManager.java:start(780)) - ScmBlockLocationProtocol RPC server is listening at /0.0.0.0:39859
2019-09-26 10:50:22,734 [Thread-810] INFO  server.SCMBlockProtocolServer (SCMBlockProtocolServer.java:start(146)) - RPC server for Block Protocol is listening at /0.0.0.0:39859
2019-09-26 10:50:22,734 [IPC Server Responder] INFO  ipc.Server (Server.java:run(1314)) - IPC Server Responder: starting
2019-09-26 10:50:22,734 [IPC Server listener on 39859] INFO  ipc.Server (Server.java:run(1153)) - IPC Server listener on 39859: starting
2019-09-26 10:50:22,739 [Thread-810] INFO  server.StorageContainerManager (StorageContainerManager.java:start(784)) - ScmDatanodeProtocl RPC server is listening at /0.0.0.0:42180
2019-09-26 10:50:22,739 [Thread-810] INFO  server.SCMDatanodeProtocolServer (SCMDatanodeProtocolServer.java:start(191)) - RPC server for DataNodes is listening at /0.0.0.0:42180
2019-09-26 10:50:22,740 [IPC Server Responder] INFO  ipc.Server (Server.java:run(1314)) - IPC Server Responder: starting
2019-09-26 10:50:22,740 [IPC Server listener on 42180] INFO  ipc.Server (Server.java:run(1153)) - IPC Server listener on 42180: starting
2019-09-26 10:50:22,745 [Thread-810] INFO  http.HttpServer2 (HttpServer2.java:bindListener(1191)) - Jetty bound to port 40306
2019-09-26 10:50:22,745 [Thread-810] INFO  server.Server (Server.java:doStart(351)) - jetty-9.3.25.v20180904, build timestamp: 2018-09-04T21:11:46Z, git hash: 3ce520221d0240229c862b122d2b06c12a625732
2019-09-26 10:50:22,747 [Thread-810] INFO  handler.ContextHandler (ContextHandler.java:doStart(781)) - Started o.e.j.s.ServletContextHandler@247d9308{/logs,file:///workdir/hadoop-ozone/ozonefs/target/log,AVAILABLE}
2019-09-26 10:50:22,748 [Thread-810] INFO  handler.ContextHandler (ContextHandler.java:doStart(781)) - Started o.e.j.s.ServletContextHandler@3e26f656{/static,jar:file:/home/user/.m2/repository/org/apache/hadoop/hadoop-hdds-server-scm/0.5.0-SNAPSHOT/hadoop-hdds-server-scm-0.5.0-SNAPSHOT.jar!/webapps/static,AVAILABLE}
2019-09-26 10:50:22,790 [Thread-810] INFO  handler.ContextHandler (ContextHandler.java:doStart(781)) - Started o.e.j.w.WebAppContext@5de9639f{/,file:///tmp/jetty-0.0.0.0-40306-scm-_-any-3851419483214120102.dir/webapp/,AVAILABLE}{/scm}
2019-09-26 10:50:22,790 [Thread-810] INFO  server.AbstractConnector (AbstractConnector.java:doStart(278)) - Started ServerConnector@578e050c{HTTP/1.1,[http/1.1]}{0.0.0.0:40306}
2019-09-26 10:50:22,791 [Thread-810] INFO  server.Server (Server.java:doStart(419)) - Started @57432ms
2019-09-26 10:50:22,791 [Thread-810] WARN  impl.MetricsSystemImpl (MetricsSystemImpl.java:register(276)) - Sink prometheus already exists!
2019-09-26 10:50:22,792 [Thread-810] INFO  server.BaseHttpServer (BaseHttpServer.java:updateConnectorAddress(215)) - HTTP server of SCM is listening at http://0.0.0.0:40306
2019-09-26 10:50:22,792 [Thread-810] WARN  server.ServerUtils (ServerUtils.java:getDBPath(222)) - ozone.om.db.dirs is not configured. We recommend adding this setting. Falling back to ozone.metadata.dirs instead.
2019-09-26 10:50:22,793 [org.apache.hadoop.util.JvmPauseMonitor$Monitor@34e205d8] INFO  util.JvmPauseMonitor (JvmPauseMonitor.java:run(188)) - Starting JVM pause monitor
2019-09-26 10:50:22,807 [Thread-810] WARN  server.ServerUtils (ServerUtils.java:getDBPath(222)) - ozone.om.db.dirs is not configured. We recommend adding this setting. Falling back to ozone.metadata.dirs instead.
2019-09-26 10:50:22,808 [Thread-810] WARN  server.ServerUtils (ServerUtils.java:getDBPath(222)) - ozone.om.db.dirs is not configured. We recommend adding this setting. Falling back to ozone.metadata.dirs instead.
2019-09-26 10:50:22,808 [Thread-810] INFO  om.OzoneManager (OzoneManager.java:setOMNodeDetails(652)) - OM Service ID is not set. Setting it to the default ID: omServiceIdDefault
2019-09-26 10:50:22,808 [Thread-810] INFO  om.OzoneManager (OzoneManager.java:setOMNodeDetails(658)) - OM Node ID is not set. Setting it to the OmStorage's OmID: ffab8856-aa02-445b-ab6d-68b1859bb0bf
2019-09-26 10:50:22,808 [Thread-810] INFO  om.OzoneManager (OzoneManager.java:loadOMHAConfigs(609)) - Found matching OM address with OMServiceId: null, OMNodeId: null, RPC Address: localhost:0 and Ratis port: 9872
2019-09-26 10:50:22,814 [Thread-810] WARN  server.ServerUtils (ServerUtils.java:getDBPath(222)) - ozone.om.db.dirs is not configured. We recommend adding this setting. Falling back to ozone.metadata.dirs instead.
2019-09-26 10:50:22,815 [Thread-810] INFO  db.DBStoreBuilder (DBStoreBuilder.java:addTable(110)) - using custom profile for table: userTable
2019-09-26 10:50:22,815 [Thread-810] INFO  db.DBStoreBuilder (DBStoreBuilder.java:processTables(161)) - Using default column profile:DBProfile.DISK for Table:userTable
2019-09-26 10:50:22,815 [Thread-810] INFO  db.DBStoreBuilder (DBStoreBuilder.java:addTable(110)) - using custom profile for table: volumeTable
2019-09-26 10:50:22,815 [Thread-810] INFO  db.DBStoreBuilder (DBStoreBuilder.java:processTables(161)) - Using default column profile:DBProfile.DISK for Table:volumeTable
2019-09-26 10:50:22,815 [Thread-810] INFO  db.DBStoreBuilder (DBStoreBuilder.java:addTable(110)) - using custom profile for table: bucketTable
2019-09-26 10:50:22,815 [Thread-810] INFO  db.DBStoreBuilder (DBStoreBuilder.java:processTables(161)) - Using default column profile:DBProfile.DISK for Table:bucketTable
2019-09-26 10:50:22,815 [Thread-810] INFO  db.DBStoreBuilder (DBStoreBuilder.java:addTable(110)) - using custom profile for table: keyTable
2019-09-26 10:50:22,815 [Thread-810] INFO  db.DBStoreBuilder (DBStoreBuilder.java:processTables(161)) - Using default column profile:DBProfile.DISK for Table:keyTable
2019-09-26 10:50:22,816 [Thread-810] INFO  db.DBStoreBuilder (DBStoreBuilder.java:addTable(110)) - using custom profile for table: deletedTable
2019-09-26 10:50:22,816 [Thread-810] INFO  db.DBStoreBuilder (DBStoreBuilder.java:processTables(161)) - Using default column profile:DBProfile.DISK for Table:deletedTable
2019-09-26 10:50:22,816 [Thread-810] INFO  db.DBStoreBuilder (DBStoreBuilder.java:addTable(110)) - using custom profile for table: openKeyTable
2019-09-26 10:50:22,816 [Thread-810] INFO  db.DBStoreBuilder (DBStoreBuilder.java:processTables(161)) - Using default column profile:DBProfile.DISK for Table:openKeyTable
2019-09-26 10:50:22,816 [Thread-810] INFO  db.DBStoreBuilder (DBStoreBuilder.java:addTable(110)) - using custom profile for table: s3Table
2019-09-26 10:50:22,816 [Thread-810] INFO  db.DBStoreBuilder (DBStoreBuilder.java:processTables(161)) - Using default column profile:DBProfile.DISK for Table:s3Table
2019-09-26 10:50:22,816 [Thread-810] INFO  db.DBStoreBuilder (DBStoreBuilder.java:addTable(110)) - using custom profile for table: multipartInfoTable
2019-09-26 10:50:22,816 [Thread-810] INFO  db.DBStoreBuilder (DBStoreBuilder.java:processTables(161)) - Using default column profile:DBProfile.DISK for Table:multipartInfoTable
2019-09-26 10:50:22,817 [Thread-810] INFO  db.DBStoreBuilder (DBStoreBuilder.java:addTable(110)) - using custom profile for table: dTokenTable
2019-09-26 10:50:22,817 [Thread-810] INFO  db.DBStoreBuilder (DBStoreBuilder.java:processTables(161)) - Using default column profile:DBProfile.DISK for Table:dTokenTable
2019-09-26 10:50:22,817 [Thread-810] INFO  db.DBStoreBuilder (DBStoreBuilder.java:addTable(110)) - using custom profile for table: s3SecretTable
2019-09-26 10:50:22,817 [Thread-810] INFO  db.DBStoreBuilder (DBStoreBuilder.java:processTables(161)) - Using default column profile:DBProfile.DISK for Table:s3SecretTable
2019-09-26 10:50:22,817 [Thread-810] INFO  db.DBStoreBuilder (DBStoreBuilder.java:addTable(110)) - using custom profile for table: prefixTable
2019-09-26 10:50:22,817 [Thread-810] INFO  db.DBStoreBuilder (DBStoreBuilder.java:processTables(161)) - Using default column profile:DBProfile.DISK for Table:prefixTable
2019-09-26 10:50:22,817 [Thread-810] INFO  db.DBStoreBuilder (DBStoreBuilder.java:addTable(110)) - using custom profile for table: default
2019-09-26 10:50:22,818 [Thread-810] INFO  db.DBStoreBuilder (DBStoreBuilder.java:processTables(167)) - Using default column profile:DBProfile.DISK for Table:default
2019-09-26 10:50:22,818 [Thread-810] INFO  db.DBStoreBuilder (DBStoreBuilder.java:getDbProfile(198)) - Using default options. DBProfile.DISK
2019-09-26 10:50:23,338 [Thread-810] INFO  ipc.CallQueueManager (CallQueueManager.java:<init>(84)) - Using callQueue: class java.util.concurrent.LinkedBlockingQueue, queueCapacity: 2000, scheduler: class org.apache.hadoop.ipc.DefaultRpcScheduler, ipcBackoff: false.
2019-09-26 10:50:23,339 [Socket Reader #1 for port 45730] INFO  ipc.Server (Server.java:run(1074)) - Starting Socket Reader #1 for port 45730
2019-09-26 10:50:23,363 [Thread-810] INFO  om.OzoneManager (OzoneManager.java:start(1243)) - OzoneManager RPC server is listening at localhost/127.0.0.1:45730
2019-09-26 10:50:23,363 [Thread-810] INFO  impl.MetricsSystemImpl (MetricsSystemImpl.java:init(158)) - OzoneManager metrics system started (again)
2019-09-26 10:50:23,365 [IPC Server Responder] INFO  ipc.Server (Server.java:run(1314)) - IPC Server Responder: starting
2019-09-26 10:50:23,365 [IPC Server listener on 45730] INFO  ipc.Server (Server.java:run(1153)) - IPC Server listener on 45730: starting
2019-09-26 10:50:23,371 [Thread-810] INFO  hdfs.DFSUtil (DFSUtil.java:httpServerTemplateForNNAndJN(1641)) - Starting Web-server for ozoneManager at: http://0.0.0.0:0
2019-09-26 10:50:23,374 [Thread-810] INFO  server.AuthenticationFilter (AuthenticationFilter.java:constructSecretProvider(240)) - Unable to initialize FileSignerSecretProvider, falling back to use random secrets.
2019-09-26 10:50:23,374 [Thread-810] WARN  http.HttpRequestLog (HttpRequestLog.java:getRequestLog(97)) - Jetty request log can only be enabled using Log4j
2019-09-26 10:50:23,377 [Thread-810] INFO  http.HttpServer2 (HttpServer2.java:addGlobalFilter(975)) - Added global filter 'safety' (class=org.apache.hadoop.http.HttpServer2$QuotingInputFilter)
2019-09-26 10:50:23,378 [Thread-810] INFO  http.HttpServer2 (HttpServer2.java:addFilter(948)) - Added filter static_user_filter (class=org.apache.hadoop.http.lib.StaticUserWebFilter$StaticUserFilter) to context ozoneManager
2019-09-26 10:50:23,379 [Thread-810] INFO  http.HttpServer2 (HttpServer2.java:addFilter(958)) - Added filter static_user_filter (class=org.apache.hadoop.http.lib.StaticUserWebFilter$StaticUserFilter) to context static
2019-09-26 10:50:23,379 [Thread-810] INFO  http.HttpServer2 (HttpServer2.java:addFilter(958)) - Added filter static_user_filter (class=org.apache.hadoop.http.lib.StaticUserWebFilter$StaticUserFilter) to context logs
2019-09-26 10:50:23,380 [Thread-810] INFO  http.HttpServer2 (HttpServer2.java:bindListener(1191)) - Jetty bound to port 32822
2019-09-26 10:50:23,380 [Thread-810] INFO  server.Server (Server.java:doStart(351)) - jetty-9.3.25.v20180904, build timestamp: 2018-09-04T21:11:46Z, git hash: 3ce520221d0240229c862b122d2b06c12a625732
2019-09-26 10:50:23,382 [Thread-810] INFO  handler.ContextHandler (ContextHandler.java:doStart(781)) - Started o.e.j.s.ServletContextHandler@2f0484bb{/logs,file:///workdir/hadoop-ozone/ozonefs/target/log,AVAILABLE}
2019-09-26 10:50:23,383 [Thread-810] INFO  handler.ContextHandler (ContextHandler.java:doStart(781)) - Started o.e.j.s.ServletContextHandler@783df0fb{/static,jar:file:/home/user/.m2/repository/org/apache/hadoop/hadoop-ozone-ozone-manager/0.5.0-SNAPSHOT/hadoop-ozone-ozone-manager-0.5.0-SNAPSHOT.jar!/webapps/static,AVAILABLE}
2019-09-26 10:50:23,448 [Thread-810] INFO  handler.ContextHandler (ContextHandler.java:doStart(781)) - Started o.e.j.w.WebAppContext@4088ea29{/,file:///tmp/jetty-0.0.0.0-32822-ozoneManager-_-any-29606845691489926.dir/webapp/,AVAILABLE}{/ozoneManager}
2019-09-26 10:50:23,449 [Thread-810] INFO  server.AbstractConnector (AbstractConnector.java:doStart(278)) - Started ServerConnector@1a2a190d{HTTP/1.1,[http/1.1]}{0.0.0.0:32822}
2019-09-26 10:50:23,450 [Thread-810] INFO  server.Server (Server.java:doStart(419)) - Started @58091ms
2019-09-26 10:50:23,450 [Thread-810] WARN  impl.MetricsSystemImpl (MetricsSystemImpl.java:register(276)) - Sink prometheus already exists!
2019-09-26 10:50:23,451 [Thread-810] INFO  server.BaseHttpServer (BaseHttpServer.java:updateConnectorAddress(215)) - HTTP server of OZONEMANAGER is listening at http://0.0.0.0:32822
2019-09-26 10:50:23,459 [Thread-810] INFO  impl.MetricsSystemImpl (MetricsSystemImpl.java:init(158)) - HddsDatanode metrics system started (again)
2019-09-26 10:50:23,462 [Thread-810] INFO  ozone.HddsDatanodeService (HddsDatanodeService.java:start(184)) - HddsDatanodeService host:pr-hdds-1569-wvzgm-824869521 ip:192.168.30.13
2019-09-26 10:50:23,468 [Thread-810] INFO  volume.HddsVolume (HddsVolume.java:<init>(176)) - Creating Volume: /workdir/hadoop-ozone/ozonefs/target/test-dir/MiniOzoneClusterImpl-b659d7d3-3970-45ef-9a96-0029c0e1657d/datanode-0/data/containers/hdds of  storage type : DISK and capacity : 1482555576320
2019-09-26 10:50:23,468 [Thread-810] INFO  volume.VolumeSet (VolumeSet.java:initializeVolumeSet(170)) - Added Volume : /workdir/hadoop-ozone/ozonefs/target/test-dir/MiniOzoneClusterImpl-b659d7d3-3970-45ef-9a96-0029c0e1657d/datanode-0/data/containers/hdds to VolumeSet
2019-09-26 10:50:23,468 [Thread-810] INFO  volume.ThrottledAsyncChecker (ThrottledAsyncChecker.java:schedule(139)) - Scheduling a check for org.apache.hadoop.ozone.container.common.volume.HddsVolume@3458f86a
2019-09-26 10:50:23,469 [Thread-810] INFO  volume.HddsVolumeChecker (HddsVolumeChecker.java:checkAllVolumes(202)) - Scheduled health check for volume org.apache.hadoop.ozone.container.common.volume.HddsVolume@3458f86a
2019-09-26 10:50:23,495 [Thread-810] INFO  impl.RaftServerProxy (ConfUtils.java:logGet(43)) - raft.rpc.type = GRPC (default)
2019-09-26 10:50:23,495 [Thread-810] INFO  grpc.GrpcFactory (GrpcFactory.java:checkPooledByteBufAllocatorUseCacheForAllThreads(45)) - PERFORMANCE WARNING: useCacheForAllThreads is true that may cause Netty to create a lot garbage objects and, as a result, trigger GC.
	It is recommended to disable useCacheForAllThreads by setting -Dorg.apache.ratis.thirdparty.io.netty.allocator.useCacheForAllThreads=false in command line.
2019-09-26 10:50:23,495 [Thread-810] INFO  grpc.GrpcConfigKeys$Server (ConfUtils.java:logGet(43)) - raft.grpc.server.port = 0 (default)
2019-09-26 10:50:23,495 [Thread-810] INFO  server.GrpcService (ConfUtils.java:logGet(43)) - raft.grpc.message.size.max = 33570816 (custom)
2019-09-26 10:50:23,495 [Thread-810] INFO  server.RaftServerConfigKeys (ConfUtils.java:logGet(43)) - raft.server.log.appender.buffer.byte-limit = 33554432 (custom)
2019-09-26 10:50:23,496 [Thread-810] INFO  server.GrpcService (ConfUtils.java:logGet(43)) - raft.grpc.flow.control.window = 1MB (=1048576) (default)
2019-09-26 10:50:23,496 [Thread-810] INFO  server.RaftServerConfigKeys (ConfUtils.java:logGet(43)) - raft.server.rpc.request.timeout = 3000ms (default)
2019-09-26 10:50:23,496 [Thread-810] INFO  server.RaftServerConfigKeys (ConfUtils.java:logGet(43)) - raft.server.storage.dir = [/workdir/hadoop-ozone/ozonefs/target/test-dir/MiniOzoneClusterImpl-b659d7d3-3970-45ef-9a96-0029c0e1657d/datanode-0/data/ratis] (custom)
2019-09-26 10:50:23,498 [Thread-810] INFO  hdfs.DFSUtil (DFSUtil.java:httpServerTemplateForNNAndJN(1641)) - Starting Web-server for hddsDatanode at: http://0.0.0.0:0
2019-09-26 10:50:23,500 [Thread-810] INFO  server.AuthenticationFilter (AuthenticationFilter.java:constructSecretProvider(240)) - Unable to initialize FileSignerSecretProvider, falling back to use random secrets.
2019-09-26 10:50:23,500 [Thread-810] WARN  http.HttpRequestLog (HttpRequestLog.java:getRequestLog(97)) - Jetty request log can only be enabled using Log4j
2019-09-26 10:50:23,502 [Thread-810] INFO  http.HttpServer2 (HttpServer2.java:addGlobalFilter(975)) - Added global filter 'safety' (class=org.apache.hadoop.http.HttpServer2$QuotingInputFilter)
2019-09-26 10:50:23,502 [Thread-810] INFO  http.HttpServer2 (HttpServer2.java:addFilter(948)) - Added filter static_user_filter (class=org.apache.hadoop.http.lib.StaticUserWebFilter$StaticUserFilter) to context hddsDatanode
2019-09-26 10:50:23,502 [Thread-810] INFO  http.HttpServer2 (HttpServer2.java:addFilter(958)) - Added filter static_user_filter (class=org.apache.hadoop.http.lib.StaticUserWebFilter$StaticUserFilter) to context static
2019-09-26 10:50:23,503 [Thread-810] INFO  http.HttpServer2 (HttpServer2.java:addFilter(958)) - Added filter static_user_filter (class=org.apache.hadoop.http.lib.StaticUserWebFilter$StaticUserFilter) to context logs
2019-09-26 10:50:23,503 [Thread-810] INFO  http.HttpServer2 (HttpServer2.java:bindListener(1191)) - Jetty bound to port 36131
2019-09-26 10:50:23,503 [Thread-810] INFO  server.Server (Server.java:doStart(351)) - jetty-9.3.25.v20180904, build timestamp: 2018-09-04T21:11:46Z, git hash: 3ce520221d0240229c862b122d2b06c12a625732
2019-09-26 10:50:23,505 [Thread-810] INFO  handler.ContextHandler (ContextHandler.java:doStart(781)) - Started o.e.j.s.ServletContextHandler@6ef7ca09{/logs,file:///workdir/hadoop-ozone/ozonefs/target/log,AVAILABLE}
2019-09-26 10:50:23,505 [Thread-810] INFO  handler.ContextHandler (ContextHandler.java:doStart(781)) - Started o.e.j.s.ServletContextHandler@372db238{/static,jar:file:/home/user/.m2/repository/org/apache/hadoop/hadoop-hdds-container-service/0.5.0-SNAPSHOT/hadoop-hdds-container-service-0.5.0-SNAPSHOT.jar!/webapps/static,AVAILABLE}
2019-09-26 10:50:23,533 [Thread-810] INFO  handler.ContextHandler (ContextHandler.java:doStart(781)) - Started o.e.j.w.WebAppContext@5d5b0fe{/,file:///tmp/jetty-0.0.0.0-36131-hddsDatanode-_-any-2065434467725322549.dir/webapp/,AVAILABLE}{/hddsDatanode}
2019-09-26 10:50:23,533 [Thread-810] INFO  server.AbstractConnector (AbstractConnector.java:doStart(278)) - Started ServerConnector@4b54a675{HTTP/1.1,[http/1.1]}{0.0.0.0:36131}
2019-09-26 10:50:23,535 [Thread-810] INFO  server.Server (Server.java:doStart(419)) - Started @58176ms
2019-09-26 10:50:23,535 [Thread-810] WARN  impl.MetricsSystemImpl (MetricsSystemImpl.java:register(276)) - Sink prometheus already exists!
2019-09-26 10:50:23,536 [Thread-810] INFO  server.BaseHttpServer (BaseHttpServer.java:updateConnectorAddress(215)) - HTTP server of HDDSDATANODE is listening at http://0.0.0.0:36131
2019-09-26 10:50:23,536 [Thread-810] INFO  impl.MetricsSystemImpl (MetricsSystemImpl.java:init(158)) - HddsDatanode metrics system started (again)
2019-09-26 10:50:23,539 [Thread-810] INFO  ozone.HddsDatanodeService (HddsDatanodeService.java:start(184)) - HddsDatanodeService host:pr-hdds-1569-wvzgm-824869521 ip:192.168.30.13
2019-09-26 10:50:23,539 [org.apache.hadoop.util.JvmPauseMonitor$Monitor@4cc473b7] INFO  util.JvmPauseMonitor (JvmPauseMonitor.java:run(188)) - Starting JVM pause monitor
2019-09-26 10:50:23,541 [Datanode State Machine Thread - 0] INFO  datanode.InitDatanodeState (InitDatanodeState.java:persistContainerDatanodeDetails(140)) - DatanodeDetails is persisted to /workdir/hadoop-ozone/ozonefs/target/test-dir/MiniOzoneClusterImpl-b659d7d3-3970-45ef-9a96-0029c0e1657d/datanode-0/meta/datanode.id
2019-09-26 10:50:23,545 [Thread-810] INFO  volume.HddsVolume (HddsVolume.java:<init>(176)) - Creating Volume: /workdir/hadoop-ozone/ozonefs/target/test-dir/MiniOzoneClusterImpl-b659d7d3-3970-45ef-9a96-0029c0e1657d/datanode-1/data/containers/hdds of  storage type : DISK and capacity : 1482555576320
2019-09-26 10:50:23,545 [Thread-810] INFO  volume.VolumeSet (VolumeSet.java:initializeVolumeSet(170)) - Added Volume : /workdir/hadoop-ozone/ozonefs/target/test-dir/MiniOzoneClusterImpl-b659d7d3-3970-45ef-9a96-0029c0e1657d/datanode-1/data/containers/hdds to VolumeSet
2019-09-26 10:50:23,545 [Thread-810] INFO  volume.ThrottledAsyncChecker (ThrottledAsyncChecker.java:schedule(139)) - Scheduling a check for org.apache.hadoop.ozone.container.common.volume.HddsVolume@622af7d9
2019-09-26 10:50:23,546 [Thread-810] INFO  volume.HddsVolumeChecker (HddsVolumeChecker.java:checkAllVolumes(202)) - Scheduled health check for volume org.apache.hadoop.ozone.container.common.volume.HddsVolume@622af7d9
2019-09-26 10:50:23,565 [Thread-810] INFO  impl.RaftServerProxy (ConfUtils.java:logGet(43)) - raft.rpc.type = GRPC (default)
2019-09-26 10:50:23,565 [Thread-810] INFO  grpc.GrpcFactory (GrpcFactory.java:checkPooledByteBufAllocatorUseCacheForAllThreads(45)) - PERFORMANCE WARNING: useCacheForAllThreads is true that may cause Netty to create a lot garbage objects and, as a result, trigger GC.
	It is recommended to disable useCacheForAllThreads by setting -Dorg.apache.ratis.thirdparty.io.netty.allocator.useCacheForAllThreads=false in command line.
2019-09-26 10:50:23,565 [Thread-810] INFO  grpc.GrpcConfigKeys$Server (ConfUtils.java:logGet(43)) - raft.grpc.server.port = 0 (default)
2019-09-26 10:50:23,566 [Thread-810] INFO  server.GrpcService (ConfUtils.java:logGet(43)) - raft.grpc.message.size.max = 33570816 (custom)
2019-09-26 10:50:23,566 [Thread-810] INFO  server.RaftServerConfigKeys (ConfUtils.java:logGet(43)) - raft.server.log.appender.buffer.byte-limit = 33554432 (custom)
2019-09-26 10:50:23,566 [Thread-810] INFO  server.GrpcService (ConfUtils.java:logGet(43)) - raft.grpc.flow.control.window = 1MB (=1048576) (default)
2019-09-26 10:50:23,566 [Thread-810] INFO  server.RaftServerConfigKeys (ConfUtils.java:logGet(43)) - raft.server.rpc.request.timeout = 3000ms (default)
2019-09-26 10:50:23,566 [Thread-810] INFO  server.RaftServerConfigKeys (ConfUtils.java:logGet(43)) - raft.server.storage.dir = [/workdir/hadoop-ozone/ozonefs/target/test-dir/MiniOzoneClusterImpl-b659d7d3-3970-45ef-9a96-0029c0e1657d/datanode-1/data/ratis] (custom)
2019-09-26 10:50:23,568 [Thread-810] INFO  hdfs.DFSUtil (DFSUtil.java:httpServerTemplateForNNAndJN(1641)) - Starting Web-server for hddsDatanode at: http://0.0.0.0:0
2019-09-26 10:50:23,569 [Thread-810] INFO  server.AuthenticationFilter (AuthenticationFilter.java:constructSecretProvider(240)) - Unable to initialize FileSignerSecretProvider, falling back to use random secrets.
2019-09-26 10:50:23,569 [Thread-810] WARN  http.HttpRequestLog (HttpRequestLog.java:getRequestLog(97)) - Jetty request log can only be enabled using Log4j
2019-09-26 10:50:23,571 [Thread-810] INFO  http.HttpServer2 (HttpServer2.java:addGlobalFilter(975)) - Added global filter 'safety' (class=org.apache.hadoop.http.HttpServer2$QuotingInputFilter)
2019-09-26 10:50:23,571 [Thread-810] INFO  http.HttpServer2 (HttpServer2.java:addFilter(948)) - Added filter static_user_filter (class=org.apache.hadoop.http.lib.StaticUserWebFilter$StaticUserFilter) to context hddsDatanode
2019-09-26 10:50:23,572 [Thread-810] INFO  http.HttpServer2 (HttpServer2.java:addFilter(958)) - Added filter static_user_filter (class=org.apache.hadoop.http.lib.StaticUserWebFilter$StaticUserFilter) to context static
2019-09-26 10:50:23,572 [Thread-810] INFO  http.HttpServer2 (HttpServer2.java:addFilter(958)) - Added filter static_user_filter (class=org.apache.hadoop.http.lib.StaticUserWebFilter$StaticUserFilter) to context logs
2019-09-26 10:50:23,572 [Thread-810] INFO  http.HttpServer2 (HttpServer2.java:bindListener(1191)) - Jetty bound to port 43888
2019-09-26 10:50:23,572 [Thread-810] INFO  server.Server (Server.java:doStart(351)) - jetty-9.3.25.v20180904, build timestamp: 2018-09-04T21:11:46Z, git hash: 3ce520221d0240229c862b122d2b06c12a625732
2019-09-26 10:50:23,574 [Thread-810] INFO  handler.ContextHandler (ContextHandler.java:doStart(781)) - Started o.e.j.s.ServletContextHandler@3b94166a{/logs,file:///workdir/hadoop-ozone/ozonefs/target/log,AVAILABLE}
2019-09-26 10:50:23,575 [Thread-810] INFO  handler.ContextHandler (ContextHandler.java:doStart(781)) - Started o.e.j.s.ServletContextHandler@5e148564{/static,jar:file:/home/user/.m2/repository/org/apache/hadoop/hadoop-hdds-container-service/0.5.0-SNAPSHOT/hadoop-hdds-container-service-0.5.0-SNAPSHOT.jar!/webapps/static,AVAILABLE}
2019-09-26 10:50:23,602 [Thread-810] INFO  handler.ContextHandler (ContextHandler.java:doStart(781)) - Started o.e.j.w.WebAppContext@3793721e{/,file:///tmp/jetty-0.0.0.0-43888-hddsDatanode-_-any-9170864078792456695.dir/webapp/,AVAILABLE}{/hddsDatanode}
2019-09-26 10:50:23,602 [Thread-810] INFO  server.AbstractConnector (AbstractConnector.java:doStart(278)) - Started ServerConnector@31b2366a{HTTP/1.1,[http/1.1]}{0.0.0.0:43888}
2019-09-26 10:50:23,603 [Thread-810] INFO  server.Server (Server.java:doStart(419)) - Started @58245ms
2019-09-26 10:50:23,603 [Thread-810] WARN  impl.MetricsSystemImpl (MetricsSystemImpl.java:register(276)) - Sink prometheus already exists!
2019-09-26 10:50:23,604 [Thread-810] INFO  server.BaseHttpServer (BaseHttpServer.java:updateConnectorAddress(215)) - HTTP server of HDDSDATANODE is listening at http://0.0.0.0:43888
2019-09-26 10:50:23,604 [Thread-810] INFO  impl.MetricsSystemImpl (MetricsSystemImpl.java:init(158)) - HddsDatanode metrics system started (again)
2019-09-26 10:50:23,608 [org.apache.hadoop.util.JvmPauseMonitor$Monitor@5123e987] INFO  util.JvmPauseMonitor (JvmPauseMonitor.java:run(188)) - Starting JVM pause monitor
2019-09-26 10:50:23,608 [Thread-810] INFO  ozone.HddsDatanodeService (HddsDatanodeService.java:start(184)) - HddsDatanodeService host:pr-hdds-1569-wvzgm-824869521 ip:192.168.30.13
2019-09-26 10:50:23,610 [Datanode State Machine Thread - 0] INFO  datanode.InitDatanodeState (InitDatanodeState.java:persistContainerDatanodeDetails(140)) - DatanodeDetails is persisted to /workdir/hadoop-ozone/ozonefs/target/test-dir/MiniOzoneClusterImpl-b659d7d3-3970-45ef-9a96-0029c0e1657d/datanode-1/meta/datanode.id
2019-09-26 10:50:23,614 [Thread-810] INFO  volume.HddsVolume (HddsVolume.java:<init>(176)) - Creating Volume: /workdir/hadoop-ozone/ozonefs/target/test-dir/MiniOzoneClusterImpl-b659d7d3-3970-45ef-9a96-0029c0e1657d/datanode-2/data/containers/hdds of  storage type : DISK and capacity : 1482555576320
2019-09-26 10:50:23,615 [Thread-810] INFO  volume.VolumeSet (VolumeSet.java:initializeVolumeSet(170)) - Added Volume : /workdir/hadoop-ozone/ozonefs/target/test-dir/MiniOzoneClusterImpl-b659d7d3-3970-45ef-9a96-0029c0e1657d/datanode-2/data/containers/hdds to VolumeSet
2019-09-26 10:50:23,615 [Thread-810] INFO  volume.ThrottledAsyncChecker (ThrottledAsyncChecker.java:schedule(139)) - Scheduling a check for org.apache.hadoop.ozone.container.common.volume.HddsVolume@70b7c326
2019-09-26 10:50:23,615 [Thread-810] INFO  volume.HddsVolumeChecker (HddsVolumeChecker.java:checkAllVolumes(202)) - Scheduled health check for volume org.apache.hadoop.ozone.container.common.volume.HddsVolume@70b7c326
2019-09-26 10:50:23,635 [Thread-810] INFO  impl.RaftServerProxy (ConfUtils.java:logGet(43)) - raft.rpc.type = GRPC (default)
2019-09-26 10:50:23,635 [Thread-810] INFO  grpc.GrpcFactory (GrpcFactory.java:checkPooledByteBufAllocatorUseCacheForAllThreads(45)) - PERFORMANCE WARNING: useCacheForAllThreads is true that may cause Netty to create a lot garbage objects and, as a result, trigger GC.
	It is recommended to disable useCacheForAllThreads by setting -Dorg.apache.ratis.thirdparty.io.netty.allocator.useCacheForAllThreads=false in command line.
2019-09-26 10:50:23,635 [Thread-810] INFO  grpc.GrpcConfigKeys$Server (ConfUtils.java:logGet(43)) - raft.grpc.server.port = 0 (default)
2019-09-26 10:50:23,635 [Thread-810] INFO  server.GrpcService (ConfUtils.java:logGet(43)) - raft.grpc.message.size.max = 33570816 (custom)
2019-09-26 10:50:23,636 [Thread-810] INFO  server.RaftServerConfigKeys (ConfUtils.java:logGet(43)) - raft.server.log.appender.buffer.byte-limit = 33554432 (custom)
2019-09-26 10:50:23,636 [Thread-810] INFO  server.GrpcService (ConfUtils.java:logGet(43)) - raft.grpc.flow.control.window = 1MB (=1048576) (default)
2019-09-26 10:50:23,636 [Thread-810] INFO  server.RaftServerConfigKeys (ConfUtils.java:logGet(43)) - raft.server.rpc.request.timeout = 3000ms (default)
2019-09-26 10:50:23,636 [Thread-810] INFO  server.RaftServerConfigKeys (ConfUtils.java:logGet(43)) - raft.server.storage.dir = [/workdir/hadoop-ozone/ozonefs/target/test-dir/MiniOzoneClusterImpl-b659d7d3-3970-45ef-9a96-0029c0e1657d/datanode-2/data/ratis] (custom)
2019-09-26 10:50:23,638 [Thread-810] INFO  hdfs.DFSUtil (DFSUtil.java:httpServerTemplateForNNAndJN(1641)) - Starting Web-server for hddsDatanode at: http://0.0.0.0:0
2019-09-26 10:50:23,639 [Thread-810] INFO  server.AuthenticationFilter (AuthenticationFilter.java:constructSecretProvider(240)) - Unable to initialize FileSignerSecretProvider, falling back to use random secrets.
2019-09-26 10:50:23,639 [Thread-810] WARN  http.HttpRequestLog (HttpRequestLog.java:getRequestLog(97)) - Jetty request log can only be enabled using Log4j
2019-09-26 10:50:23,641 [Thread-810] INFO  http.HttpServer2 (HttpServer2.java:addGlobalFilter(975)) - Added global filter 'safety' (class=org.apache.hadoop.http.HttpServer2$QuotingInputFilter)
2019-09-26 10:50:23,641 [Thread-810] INFO  http.HttpServer2 (HttpServer2.java:addFilter(948)) - Added filter static_user_filter (class=org.apache.hadoop.http.lib.StaticUserWebFilter$StaticUserFilter) to context hddsDatanode
2019-09-26 10:50:23,642 [Thread-810] INFO  http.HttpServer2 (HttpServer2.java:addFilter(958)) - Added filter static_user_filter (class=org.apache.hadoop.http.lib.StaticUserWebFilter$StaticUserFilter) to context logs
2019-09-26 10:50:23,642 [Thread-810] INFO  http.HttpServer2 (HttpServer2.java:addFilter(958)) - Added filter static_user_filter (class=org.apache.hadoop.http.lib.StaticUserWebFilter$StaticUserFilter) to context static
2019-09-26 10:50:23,642 [Thread-810] INFO  http.HttpServer2 (HttpServer2.java:bindListener(1191)) - Jetty bound to port 44708
2019-09-26 10:50:23,642 [Thread-810] INFO  server.Server (Server.java:doStart(351)) - jetty-9.3.25.v20180904, build timestamp: 2018-09-04T21:11:46Z, git hash: 3ce520221d0240229c862b122d2b06c12a625732
2019-09-26 10:50:23,644 [Thread-810] INFO  handler.ContextHandler (ContextHandler.java:doStart(781)) - Started o.e.j.s.ServletContextHandler@50b94a6f{/logs,file:///workdir/hadoop-ozone/ozonefs/target/log,AVAILABLE}
2019-09-26 10:50:23,644 [Thread-810] INFO  handler.ContextHandler (ContextHandler.java:doStart(781)) - Started o.e.j.s.ServletContextHandler@46d2a37b{/static,jar:file:/home/user/.m2/repository/org/apache/hadoop/hadoop-hdds-container-service/0.5.0-SNAPSHOT/hadoop-hdds-container-service-0.5.0-SNAPSHOT.jar!/webapps/static,AVAILABLE}
2019-09-26 10:50:23,683 [Thread-810] INFO  handler.ContextHandler (ContextHandler.java:doStart(781)) - Started o.e.j.w.WebAppContext@5b156f3a{/,file:///tmp/jetty-0.0.0.0-44708-hddsDatanode-_-any-3832634769267061094.dir/webapp/,AVAILABLE}{/hddsDatanode}
2019-09-26 10:50:23,684 [Thread-810] INFO  server.AbstractConnector (AbstractConnector.java:doStart(278)) - Started ServerConnector@63d708d0{HTTP/1.1,[http/1.1]}{0.0.0.0:44708}
2019-09-26 10:50:23,686 [Thread-810] INFO  server.Server (Server.java:doStart(419)) - Started @58327ms
2019-09-26 10:50:23,686 [Thread-810] WARN  impl.MetricsSystemImpl (MetricsSystemImpl.java:register(276)) - Sink prometheus already exists!
2019-09-26 10:50:23,687 [Thread-810] INFO  server.BaseHttpServer (BaseHttpServer.java:updateConnectorAddress(215)) - HTTP server of HDDSDATANODE is listening at http://0.0.0.0:44708
2019-09-26 10:50:23,687 [Thread-810] INFO  ozone.MiniOzoneClusterImpl (MiniOzoneClusterImpl.java:lambda$waitForClusterToBeReady$0(147)) - Waiting for cluster to be ready. Got 0 of 3 DN Heartbeats.
2019-09-26 10:50:23,689 [org.apache.hadoop.util.JvmPauseMonitor$Monitor@3a744178] INFO  util.JvmPauseMonitor (JvmPauseMonitor.java:run(188)) - Starting JVM pause monitor
2019-09-26 10:50:23,691 [Datanode State Machine Thread - 0] INFO  datanode.InitDatanodeState (InitDatanodeState.java:persistContainerDatanodeDetails(140)) - DatanodeDetails is persisted to /workdir/hadoop-ozone/ozonefs/target/test-dir/MiniOzoneClusterImpl-b659d7d3-3970-45ef-9a96-0029c0e1657d/datanode-2/meta/datanode.id
2019-09-26 10:50:24,687 [Thread-810] INFO  ozone.MiniOzoneClusterImpl (MiniOzoneClusterImpl.java:lambda$waitForClusterToBeReady$0(147)) - Waiting for cluster to be ready. Got 0 of 3 DN Heartbeats.
2019-09-26 10:50:25,561 [Datanode State Machine Thread - 0] INFO  ozoneimpl.OzoneContainer (OzoneContainer.java:start(217)) - Attempting to start container services.
2019-09-26 10:50:25,561 [Datanode State Machine Thread - 0] INFO  ozoneimpl.OzoneContainer (OzoneContainer.java:startContainerScrub(179)) - Background container scanner has been disabled.
2019-09-26 10:50:25,561 [Datanode State Machine Thread - 0] INFO  ratis.XceiverServerRatis (XceiverServerRatis.java:start(411)) - Starting XceiverServerRatis 8c274a69-f430-4a4c-a276-f582e5c5e4e0 at port 0
2019-09-26 10:50:25,569 [Datanode State Machine Thread - 0] INFO  impl.RaftServerProxy (RaftServerProxy.java:lambda$start$3(299)) - 8c274a69-f430-4a4c-a276-f582e5c5e4e0: start RPC server
2019-09-26 10:50:25,572 [Datanode State Machine Thread - 0] INFO  server.GrpcService (GrpcService.java:startImpl(158)) - 8c274a69-f430-4a4c-a276-f582e5c5e4e0: GrpcService started, listening on 0.0.0.0/0.0.0.0:38230
2019-09-26 10:50:25,572 [Datanode State Machine Thread - 0] INFO  ratis.XceiverServerRatis (XceiverServerRatis.java:start(421)) - XceiverServerRatis 8c274a69-f430-4a4c-a276-f582e5c5e4e0 is started using port 38230
2019-09-26 10:50:25,579 [Datanode State Machine Thread - 0] INFO  server.XceiverServerGrpc (XceiverServerGrpc.java:start(149)) - XceiverServerGrpc 8c274a69-f430-4a4c-a276-f582e5c5e4e0 is started using port 43353
2019-09-26 10:50:25,625 [Datanode State Machine Thread - 0] INFO  ozoneimpl.OzoneContainer (OzoneContainer.java:start(217)) - Attempting to start container services.
2019-09-26 10:50:25,625 [Datanode State Machine Thread - 0] INFO  ozoneimpl.OzoneContainer (OzoneContainer.java:startContainerScrub(179)) - Background container scanner has been disabled.
2019-09-26 10:50:25,625 [Datanode State Machine Thread - 0] INFO  ratis.XceiverServerRatis (XceiverServerRatis.java:start(411)) - Starting XceiverServerRatis a90e5d2d-6f5c-4832-9132-f5f3b303ab20 at port 0
2019-09-26 10:50:25,633 [Datanode State Machine Thread - 0] INFO  impl.RaftServerProxy (RaftServerProxy.java:lambda$start$3(299)) - a90e5d2d-6f5c-4832-9132-f5f3b303ab20: start RPC server
2019-09-26 10:50:25,634 [Datanode State Machine Thread - 0] INFO  server.GrpcService (GrpcService.java:startImpl(158)) - a90e5d2d-6f5c-4832-9132-f5f3b303ab20: GrpcService started, listening on 0.0.0.0/0.0.0.0:41085
2019-09-26 10:50:25,634 [Datanode State Machine Thread - 0] INFO  ratis.XceiverServerRatis (XceiverServerRatis.java:start(421)) - XceiverServerRatis a90e5d2d-6f5c-4832-9132-f5f3b303ab20 is started using port 41085
2019-09-26 10:50:25,635 [Datanode State Machine Thread - 0] INFO  server.XceiverServerGrpc (XceiverServerGrpc.java:start(149)) - XceiverServerGrpc a90e5d2d-6f5c-4832-9132-f5f3b303ab20 is started using port 35622
2019-09-26 10:50:25,688 [Thread-810] INFO  ozone.MiniOzoneClusterImpl (MiniOzoneClusterImpl.java:lambda$waitForClusterToBeReady$0(147)) - Waiting for cluster to be ready. Got 0 of 3 DN Heartbeats.
2019-09-26 10:50:25,704 [Datanode State Machine Thread - 0] INFO  ozoneimpl.OzoneContainer (OzoneContainer.java:start(217)) - Attempting to start container services.
2019-09-26 10:50:25,704 [Datanode State Machine Thread - 0] INFO  ozoneimpl.OzoneContainer (OzoneContainer.java:startContainerScrub(179)) - Background container scanner has been disabled.
2019-09-26 10:50:25,704 [Datanode State Machine Thread - 0] INFO  ratis.XceiverServerRatis (XceiverServerRatis.java:start(411)) - Starting XceiverServerRatis 4849c495-99fa-4be8-832d-fded55fd2760 at port 0
2019-09-26 10:50:25,711 [Datanode State Machine Thread - 0] INFO  impl.RaftServerProxy (RaftServerProxy.java:lambda$start$3(299)) - 4849c495-99fa-4be8-832d-fded55fd2760: start RPC server
2019-09-26 10:50:25,714 [Datanode State Machine Thread - 0] INFO  server.GrpcService (GrpcService.java:startImpl(158)) - 4849c495-99fa-4be8-832d-fded55fd2760: GrpcService started, listening on 0.0.0.0/0.0.0.0:39349
2019-09-26 10:50:25,714 [Datanode State Machine Thread - 0] INFO  ratis.XceiverServerRatis (XceiverServerRatis.java:start(421)) - XceiverServerRatis 4849c495-99fa-4be8-832d-fded55fd2760 is started using port 39349
2019-09-26 10:50:25,716 [Datanode State Machine Thread - 0] INFO  server.XceiverServerGrpc (XceiverServerGrpc.java:start(149)) - XceiverServerGrpc 4849c495-99fa-4be8-832d-fded55fd2760 is started using port 43690
2019-09-26 10:50:26,688 [Thread-810] INFO  ozone.MiniOzoneClusterImpl (MiniOzoneClusterImpl.java:lambda$waitForClusterToBeReady$0(147)) - Waiting for cluster to be ready. Got 0 of 3 DN Heartbeats.
2019-09-26 10:50:27,545 [IPC Server handler 3 on 42180] INFO  net.NetworkTopology (NetworkTopologyImpl.java:add(111)) - Added a new node: /default-rack/8c274a69-f430-4a4c-a276-f582e5c5e4e0
2019-09-26 10:50:27,547 [IPC Server handler 3 on 42180] INFO  node.SCMNodeManager (SCMNodeManager.java:register(266)) - Registered Data node : 8c274a69-f430-4a4c-a276-f582e5c5e4e0{ip: 192.168.30.13, host: pr-hdds-1569-wvzgm-824869521, networkLocation: /default-rack, certSerialId: null}
2019-09-26 10:50:27,548 [EventQueue-NodeRegistrationContainerReportForDataNodeSafeModeRule] INFO  safemode.SCMSafeModeManager (DataNodeSafeModeRule.java:process(71)) - SCM in safe mode. 1 DataNodes registered, 1 required.
2019-09-26 10:50:27,550 [EventQueue-NodeRegistrationContainerReportForDataNodeSafeModeRule] INFO  safemode.SCMSafeModeManager (SCMSafeModeManager.java:validateSafeModeExitRules(177)) - ScmSafeModeManager, all rules are successfully validated
2019-09-26 10:50:27,550 [EventQueue-NodeRegistrationContainerReportForDataNodeSafeModeRule] INFO  safemode.SCMSafeModeManager (SCMSafeModeManager.java:exitSafeMode(193)) - SCM exiting safe mode.
2019-09-26 10:50:27,562 [grpc-default-executor-0] INFO  impl.RaftServerProxy (RaftServerProxy.java:addNew(89)) - 8c274a69-f430-4a4c-a276-f582e5c5e4e0: addNew group-119875D53622:[8c274a69-f430-4a4c-a276-f582e5c5e4e0:192.168.30.13:38230] returns group-119875D53622:java.util.concurrent.CompletableFuture@818a2cb[Not completed]
2019-09-26 10:50:27,564 [pool-177-thread-1] INFO  impl.RaftServerImpl (RaftServerImpl.java:<init>(95)) - 8c274a69-f430-4a4c-a276-f582e5c5e4e0: new RaftServerImpl for group-119875D53622:[8c274a69-f430-4a4c-a276-f582e5c5e4e0:192.168.30.13:38230] with ContainerStateMachine:uninitialized
2019-09-26 10:50:27,564 [pool-177-thread-1] INFO  server.RaftServerConfigKeys (ConfUtils.java:logGet(43)) - raft.server.rpc.timeout.min = 5s (custom)
2019-09-26 10:50:27,564 [pool-177-thread-1] INFO  server.RaftServerConfigKeys (ConfUtils.java:logGet(43)) - raft.server.rpc.timeout.max = 5200ms (custom)
2019-09-26 10:50:27,565 [pool-177-thread-1] INFO  server.RaftServerConfigKeys (ConfUtils.java:logGet(43)) - raft.server.rpcslowness.timeout = 120s (custom)
2019-09-26 10:50:27,565 [pool-177-thread-1] INFO  server.RaftServerConfigKeys (ConfUtils.java:logGet(43)) - raft.server.sleep.deviation.threshold = 300 (default)
2019-09-26 10:50:27,565 [pool-177-thread-1] INFO  server.RaftServerConfigKeys (ConfUtils.java:logGet(43)) - raft.server.log.appender.install.snapshot.enabled = false (custom)
2019-09-26 10:50:27,565 [pool-177-thread-1] INFO  impl.RaftServerImpl (ServerState.java:<init>(103)) - 8c274a69-f430-4a4c-a276-f582e5c5e4e0@group-119875D53622: ConfigurationManager, init=-1: [8c274a69-f430-4a4c-a276-f582e5c5e4e0:192.168.30.13:38230], old=null, confs=<EMPTY_MAP>
2019-09-26 10:50:27,565 [pool-177-thread-1] INFO  server.RaftServerConfigKeys (ConfUtils.java:logGet(43)) - raft.server.storage.dir = [/workdir/hadoop-ozone/ozonefs/target/test-dir/MiniOzoneClusterImpl-b659d7d3-3970-45ef-9a96-0029c0e1657d/datanode-0/data/ratis] (custom)
2019-09-26 10:50:27,566 [pool-177-thread-1] INFO  storage.RaftStorageDirectory (RaftStorageDirectory.java:analyzeStorage(246)) - The storage directory /workdir/hadoop-ozone/ozonefs/target/test-dir/MiniOzoneClusterImpl-b659d7d3-3970-45ef-9a96-0029c0e1657d/datanode-0/data/ratis/2d515fef-ddf5-40a6-8a8f-119875d53622 does not exist. Creating ...
2019-09-26 10:50:27,579 [pool-177-thread-1] INFO  storage.RaftStorageDirectory (RaftStorageDirectory.java:tryLock(328)) - Lock on /workdir/hadoop-ozone/ozonefs/target/test-dir/MiniOzoneClusterImpl-b659d7d3-3970-45ef-9a96-0029c0e1657d/datanode-0/data/ratis/2d515fef-ddf5-40a6-8a8f-119875d53622/in_use.lock acquired by nodename 25633@pr-hdds-1569-wvzgm-824869521
2019-09-26 10:50:27,592 [pool-177-thread-1] INFO  storage.RaftStorage (RaftStorage.java:format(72)) - Storage directory /workdir/hadoop-ozone/ozonefs/target/test-dir/MiniOzoneClusterImpl-b659d7d3-3970-45ef-9a96-0029c0e1657d/datanode-0/data/ratis/2d515fef-ddf5-40a6-8a8f-119875d53622 has been successfully formatted.
2019-09-26 10:50:27,593 [pool-177-thread-1] INFO  ratis.ContainerStateMachine (ContainerStateMachine.java:loadSnapshot(230)) - group-119875D53622: The snapshot info is null. Setting the last applied indexto:(t:0, i:~)
2019-09-26 10:50:27,593 [pool-177-thread-1] INFO  server.RaftServerConfigKeys (ConfUtils.java:logGet(43)) - raft.server.notification.no-leader.timeout = 120s (custom)
2019-09-26 10:50:27,593 [pool-177-thread-1] INFO  server.RaftServerConfigKeys (ConfUtils.java:logGet(43)) - raft.server.log.use.memory = false (default)
2019-09-26 10:50:27,593 [pool-177-thread-1] INFO  server.RaftServerConfigKeys (ConfUtils.java:logGet(43)) - raft.server.log.purge.gap = 1000000 (custom)
2019-09-26 10:50:27,593 [pool-177-thread-1] INFO  server.RaftServerConfigKeys (ConfUtils.java:logGet(43)) - raft.server.log.appender.buffer.byte-limit = 33554432 (custom)
2019-09-26 10:50:27,594 [pool-177-thread-1] INFO  server.RaftServerConfigKeys (ConfUtils.java:logGet(43)) - raft.server.log.segment.size.max = 1048576 (custom)
2019-09-26 10:50:27,594 [pool-177-thread-1] INFO  server.RaftServerConfigKeys (ConfUtils.java:logGet(43)) - raft.server.log.segment.cache.num.max = 2 (custom)
2019-09-26 10:50:27,594 [pool-177-thread-1] INFO  segmented.SegmentedRaftLogWorker (SegmentedRaftLogWorker.java:<init>(172)) - new 8c274a69-f430-4a4c-a276-f582e5c5e4e0@group-119875D53622-SegmentedRaftLogWorker for RaftStorage:Storage Directory /workdir/hadoop-ozone/ozonefs/target/test-dir/MiniOzoneClusterImpl-b659d7d3-3970-45ef-9a96-0029c0e1657d/datanode-0/data/ratis/2d515fef-ddf5-40a6-8a8f-119875d53622
2019-09-26 10:50:27,596 [pool-177-thread-1] INFO  server.RaftServerConfigKeys (ConfUtils.java:logGet(43)) - raft.server.log.queue.byte-limit = 2147483647 (custom)
2019-09-26 10:50:27,596 [pool-177-thread-1] INFO  server.RaftServerConfigKeys (ConfUtils.java:logGet(43)) - raft.server.log.queue.element-limit = 1024 (custom)
2019-09-26 10:50:27,596 [pool-177-thread-1] INFO  server.RaftServerConfigKeys (ConfUtils.java:logGet(43)) - raft.server.log.segment.size.max = 1048576 (custom)
2019-09-26 10:50:27,597 [pool-177-thread-1] INFO  server.RaftServerConfigKeys (ConfUtils.java:logGet(43)) - raft.server.log.preallocated.size = 16384 (custom)
2019-09-26 10:50:27,597 [pool-177-thread-1] INFO  server.RaftServerConfigKeys (ConfUtils.java:logGet(43)) - raft.server.log.write.buffer.size = 33554432 (custom)
2019-09-26 10:50:27,597 [pool-177-thread-1] INFO  server.RaftServerConfigKeys (ConfUtils.java:logGet(43)) - raft.server.log.force.sync.num = 128 (default)
2019-09-26 10:50:27,597 [pool-177-thread-1] INFO  server.RaftServerConfigKeys (ConfUtils.java:logGet(43)) - raft.server.log.statemachine.data.sync = true (default)
2019-09-26 10:50:27,597 [pool-177-thread-1] INFO  server.RaftServerConfigKeys (ConfUtils.java:logGet(43)) - raft.server.log.statemachine.data.sync.timeout = 10s (default)
2019-09-26 10:50:27,597 [pool-177-thread-1] INFO  server.RaftServerConfigKeys (ConfUtils.java:logGet(43)) - raft.server.log.statemachine.data.sync.timeout.retry = -1 (default)
2019-09-26 10:50:27,598 [pool-177-thread-1] INFO  server.RaftServerConfigKeys (ConfUtils.java:logGet(43)) - raft.server.log.statemachine.data.caching.enabled = true (custom)
2019-09-26 10:50:27,598 [pool-177-thread-1] INFO  segmented.SegmentedRaftLogWorker (SegmentedRaftLogWorker.java:lambda$new$0(132)) - 8c274a69-f430-4a4c-a276-f582e5c5e4e0@group-119875D53622-SegmentedRaftLogWorker: flushIndex: setUnconditionally 0 -> -1
2019-09-26 10:50:27,599 [pool-177-thread-1] INFO  server.RaftServerConfigKeys (ConfUtils.java:logGet(43)) - raft.server.snapshot.auto.trigger.enabled = true (custom)
2019-09-26 10:50:27,599 [pool-177-thread-1] INFO  server.RaftServerConfigKeys (ConfUtils.java:logGet(43)) - raft.server.snapshot.auto.trigger.threshold = 10000 (custom)
2019-09-26 10:50:27,599 [pool-177-thread-1] INFO  server.RaftServerConfigKeys (ConfUtils.java:logGet(43)) - raft.server.snapshot.retention.num.files = 5 (custom)
2019-09-26 10:50:27,599 [pool-177-thread-1] INFO  server.RaftServerConfigKeys (ConfUtils.java:logGet(43)) - raft.server.retrycache.expirytime = 600000ms (custom)
2019-09-26 10:50:27,602 [pool-177-thread-1] INFO  impl.RaftServerImpl (RaftServerImpl.java:start(185)) - 8c274a69-f430-4a4c-a276-f582e5c5e4e0@group-119875D53622: start as a follower, conf=-1: [8c274a69-f430-4a4c-a276-f582e5c5e4e0:192.168.30.13:38230], old=null
2019-09-26 10:50:27,602 [pool-177-thread-1] INFO  impl.RaftServerImpl (RaftServerImpl.java:setRole(174)) - 8c274a69-f430-4a4c-a276-f582e5c5e4e0@group-119875D53622: changes role from      null to FOLLOWER at term 0 for startAsFollower
2019-09-26 10:50:27,602 [pool-177-thread-1] INFO  impl.RoleInfo (RoleInfo.java:updateAndGet(143)) - 8c274a69-f430-4a4c-a276-f582e5c5e4e0: start FollowerState
2019-09-26 10:50:27,603 [pool-177-thread-1] INFO  util.JmxRegister (JmxRegister.java:tryRegister(44)) - Successfully registered JMX Bean with object name Ratis:service=RaftServer,group=group-119875D53622,id=8c274a69-f430-4a4c-a276-f582e5c5e4e0
2019-09-26 10:50:27,607 [RatisPipelineUtilsThread] INFO  pipeline.PipelineStateManager (PipelineStateManager.java:addPipeline(56)) - Created pipeline Pipeline[ Id: 2d515fef-ddf5-40a6-8a8f-119875d53622, Nodes: 8c274a69-f430-4a4c-a276-f582e5c5e4e0{ip: 192.168.30.13, host: pr-hdds-1569-wvzgm-824869521, networkLocation: /default-rack, certSerialId: null}, Type:RATIS, Factor:ONE, State:OPEN]
2019-09-26 10:50:27,609 [IPC Server handler 0 on 42180] INFO  net.NetworkTopology (NetworkTopologyImpl.java:add(111)) - Added a new node: /default-rack/a90e5d2d-6f5c-4832-9132-f5f3b303ab20
2019-09-26 10:50:27,610 [IPC Server handler 0 on 42180] INFO  node.SCMNodeManager (SCMNodeManager.java:register(266)) - Registered Data node : a90e5d2d-6f5c-4832-9132-f5f3b303ab20{ip: 192.168.30.13, host: pr-hdds-1569-wvzgm-824869521, networkLocation: /default-rack, certSerialId: null}
2019-09-26 10:50:27,613 [grpc-default-executor-0] INFO  impl.RaftServerProxy (RaftServerProxy.java:addNew(89)) - 8c274a69-f430-4a4c-a276-f582e5c5e4e0: addNew group-A37298D40214:[8c274a69-f430-4a4c-a276-f582e5c5e4e0:192.168.30.13:38230] returns group-A37298D40214:java.util.concurrent.CompletableFuture@39da4d79[Not completed]
2019-09-26 10:50:27,614 [pool-177-thread-1] INFO  impl.RaftServerImpl (RaftServerImpl.java:<init>(95)) - 8c274a69-f430-4a4c-a276-f582e5c5e4e0: new RaftServerImpl for group-A37298D40214:[8c274a69-f430-4a4c-a276-f582e5c5e4e0:192.168.30.13:38230] with ContainerStateMachine:uninitialized
2019-09-26 10:50:27,614 [pool-177-thread-1] INFO  server.RaftServerConfigKeys (ConfUtils.java:logGet(43)) - raft.server.rpc.timeout.min = 5s (custom)
2019-09-26 10:50:27,615 [pool-177-thread-1] INFO  server.RaftServerConfigKeys (ConfUtils.java:logGet(43)) - raft.server.rpc.timeout.max = 5200ms (custom)
2019-09-26 10:50:27,615 [pool-177-thread-1] INFO  server.RaftServerConfigKeys (ConfUtils.java:logGet(43)) - raft.server.rpcslowness.timeout = 120s (custom)
2019-09-26 10:50:27,615 [pool-177-thread-1] INFO  server.RaftServerConfigKeys (ConfUtils.java:logGet(43)) - raft.server.sleep.deviation.threshold = 300 (default)
2019-09-26 10:50:27,615 [pool-177-thread-1] INFO  server.RaftServerConfigKeys (ConfUtils.java:logGet(43)) - raft.server.log.appender.install.snapshot.enabled = false (custom)
2019-09-26 10:50:27,616 [pool-177-thread-1] INFO  impl.RaftServerImpl (ServerState.java:<init>(103)) - 8c274a69-f430-4a4c-a276-f582e5c5e4e0@group-A37298D40214: ConfigurationManager, init=-1: [8c274a69-f430-4a4c-a276-f582e5c5e4e0:192.168.30.13:38230], old=null, confs=<EMPTY_MAP>
2019-09-26 10:50:27,616 [pool-177-thread-1] INFO  server.RaftServerConfigKeys (ConfUtils.java:logGet(43)) - raft.server.storage.dir = [/workdir/hadoop-ozone/ozonefs/target/test-dir/MiniOzoneClusterImpl-b659d7d3-3970-45ef-9a96-0029c0e1657d/datanode-0/data/ratis] (custom)
2019-09-26 10:50:27,616 [pool-177-thread-1] INFO  storage.RaftStorageDirectory (RaftStorageDirectory.java:analyzeStorage(246)) - The storage directory /workdir/hadoop-ozone/ozonefs/target/test-dir/MiniOzoneClusterImpl-b659d7d3-3970-45ef-9a96-0029c0e1657d/datanode-0/data/ratis/32953cbe-ed15-4b1f-93cf-a37298d40214 does not exist. Creating ...
2019-09-26 10:50:27,629 [pool-177-thread-1] INFO  storage.RaftStorageDirectory (RaftStorageDirectory.java:tryLock(328)) - Lock on /workdir/hadoop-ozone/ozonefs/target/test-dir/MiniOzoneClusterImpl-b659d7d3-3970-45ef-9a96-0029c0e1657d/datanode-0/data/ratis/32953cbe-ed15-4b1f-93cf-a37298d40214/in_use.lock acquired by nodename 25633@pr-hdds-1569-wvzgm-824869521
2019-09-26 10:50:27,642 [pool-177-thread-1] INFO  storage.RaftStorage (RaftStorage.java:format(72)) - Storage directory /workdir/hadoop-ozone/ozonefs/target/test-dir/MiniOzoneClusterImpl-b659d7d3-3970-45ef-9a96-0029c0e1657d/datanode-0/data/ratis/32953cbe-ed15-4b1f-93cf-a37298d40214 has been successfully formatted.
2019-09-26 10:50:27,643 [pool-177-thread-1] INFO  ratis.ContainerStateMachine (ContainerStateMachine.java:loadSnapshot(230)) - group-A37298D40214: The snapshot info is null. Setting the last applied indexto:(t:0, i:~)
2019-09-26 10:50:27,643 [pool-177-thread-1] INFO  server.RaftServerConfigKeys (ConfUtils.java:logGet(43)) - raft.server.notification.no-leader.timeout = 120s (custom)
2019-09-26 10:50:27,643 [pool-177-thread-1] INFO  server.RaftServerConfigKeys (ConfUtils.java:logGet(43)) - raft.server.log.use.memory = false (default)
2019-09-26 10:50:27,643 [pool-177-thread-1] INFO  server.RaftServerConfigKeys (ConfUtils.java:logGet(43)) - raft.server.log.purge.gap = 1000000 (custom)
2019-09-26 10:50:27,643 [pool-177-thread-1] INFO  server.RaftServerConfigKeys (ConfUtils.java:logGet(43)) - raft.server.log.appender.buffer.byte-limit = 33554432 (custom)
2019-09-26 10:50:27,643 [pool-177-thread-1] INFO  server.RaftServerConfigKeys (ConfUtils.java:logGet(43)) - raft.server.log.segment.size.max = 1048576 (custom)
2019-09-26 10:50:27,644 [pool-177-thread-1] INFO  server.RaftServerConfigKeys (ConfUtils.java:logGet(43)) - raft.server.log.segment.cache.num.max = 2 (custom)
2019-09-26 10:50:27,644 [pool-177-thread-1] INFO  segmented.SegmentedRaftLogWorker (SegmentedRaftLogWorker.java:<init>(172)) - new 8c274a69-f430-4a4c-a276-f582e5c5e4e0@group-A37298D40214-SegmentedRaftLogWorker for RaftStorage:Storage Directory /workdir/hadoop-ozone/ozonefs/target/test-dir/MiniOzoneClusterImpl-b659d7d3-3970-45ef-9a96-0029c0e1657d/datanode-0/data/ratis/32953cbe-ed15-4b1f-93cf-a37298d40214
2019-09-26 10:50:27,644 [pool-177-thread-1] INFO  server.RaftServerConfigKeys (ConfUtils.java:logGet(43)) - raft.server.log.queue.byte-limit = 2147483647 (custom)
2019-09-26 10:50:27,644 [pool-177-thread-1] INFO  server.RaftServerConfigKeys (ConfUtils.java:logGet(43)) - raft.server.log.queue.element-limit = 1024 (custom)
2019-09-26 10:50:27,644 [pool-177-thread-1] INFO  server.RaftServerConfigKeys (ConfUtils.java:logGet(43)) - raft.server.log.segment.size.max = 1048576 (custom)
2019-09-26 10:50:27,644 [pool-177-thread-1] INFO  server.RaftServerConfigKeys (ConfUtils.java:logGet(43)) - raft.server.log.preallocated.size = 16384 (custom)
2019-09-26 10:50:27,645 [pool-177-thread-1] INFO  server.RaftServerConfigKeys (ConfUtils.java:logGet(43)) - raft.server.log.write.buffer.size = 33554432 (custom)
2019-09-26 10:50:27,645 [pool-177-thread-1] INFO  server.RaftServerConfigKeys (ConfUtils.java:logGet(43)) - raft.server.log.force.sync.num = 128 (default)
2019-09-26 10:50:27,645 [pool-177-thread-1] INFO  server.RaftServerConfigKeys (ConfUtils.java:logGet(43)) - raft.server.log.statemachine.data.sync = true (default)
2019-09-26 10:50:27,645 [pool-177-thread-1] INFO  server.RaftServerConfigKeys (ConfUtils.java:logGet(43)) - raft.server.log.statemachine.data.sync.timeout = 10s (default)
2019-09-26 10:50:27,645 [pool-177-thread-1] INFO  server.RaftServerConfigKeys (ConfUtils.java:logGet(43)) - raft.server.log.statemachine.data.sync.timeout.retry = -1 (default)
2019-09-26 10:50:27,646 [pool-177-thread-1] INFO  server.RaftServerConfigKeys (ConfUtils.java:logGet(43)) - raft.server.log.statemachine.data.caching.enabled = true (custom)
2019-09-26 10:50:27,646 [pool-177-thread-1] INFO  segmented.SegmentedRaftLogWorker (SegmentedRaftLogWorker.java:lambda$new$0(132)) - 8c274a69-f430-4a4c-a276-f582e5c5e4e0@group-A37298D40214-SegmentedRaftLogWorker: flushIndex: setUnconditionally 0 -> -1
2019-09-26 10:50:27,646 [pool-177-thread-1] INFO  server.RaftServerConfigKeys (ConfUtils.java:logGet(43)) - raft.server.snapshot.auto.trigger.enabled = true (custom)
2019-09-26 10:50:27,646 [pool-177-thread-1] INFO  server.RaftServerConfigKeys (ConfUtils.java:logGet(43)) - raft.server.snapshot.auto.trigger.threshold = 10000 (custom)
2019-09-26 10:50:27,647 [pool-177-thread-1] INFO  server.RaftServerConfigKeys (ConfUtils.java:logGet(43)) - raft.server.snapshot.retention.num.files = 5 (custom)
2019-09-26 10:50:27,647 [pool-177-thread-1] INFO  server.RaftServerConfigKeys (ConfUtils.java:logGet(43)) - raft.server.retrycache.expirytime = 600000ms (custom)
2019-09-26 10:50:27,649 [pool-177-thread-1] INFO  impl.RaftServerImpl (RaftServerImpl.java:start(185)) - 8c274a69-f430-4a4c-a276-f582e5c5e4e0@group-A37298D40214: start as a follower, conf=-1: [8c274a69-f430-4a4c-a276-f582e5c5e4e0:192.168.30.13:38230], old=null
2019-09-26 10:50:27,649 [pool-177-thread-1] INFO  impl.RaftServerImpl (RaftServerImpl.java:setRole(174)) - 8c274a69-f430-4a4c-a276-f582e5c5e4e0@group-A37298D40214: changes role from      null to FOLLOWER at term 0 for startAsFollower
2019-09-26 10:50:27,649 [pool-177-thread-1] INFO  impl.RoleInfo (RoleInfo.java:updateAndGet(143)) - 8c274a69-f430-4a4c-a276-f582e5c5e4e0: start FollowerState
2019-09-26 10:50:27,650 [pool-177-thread-1] INFO  util.JmxRegister (JmxRegister.java:tryRegister(44)) - Successfully registered JMX Bean with object name Ratis:service=RaftServer,group=group-A37298D40214,id=8c274a69-f430-4a4c-a276-f582e5c5e4e0
2019-09-26 10:50:27,652 [RatisPipelineUtilsThread] INFO  pipeline.PipelineStateManager (PipelineStateManager.java:addPipeline(56)) - Created pipeline Pipeline[ Id: 32953cbe-ed15-4b1f-93cf-a37298d40214, Nodes: 8c274a69-f430-4a4c-a276-f582e5c5e4e0{ip: 192.168.30.13, host: pr-hdds-1569-wvzgm-824869521, networkLocation: /default-rack, certSerialId: null}, Type:RATIS, Factor:ONE, State:OPEN]
2019-09-26 10:50:27,658 [grpc-default-executor-0] INFO  impl.RaftServerProxy (RaftServerProxy.java:addNew(89)) - 8c274a69-f430-4a4c-a276-f582e5c5e4e0: addNew group-30C930A569EC:[8c274a69-f430-4a4c-a276-f582e5c5e4e0:192.168.30.13:38230] returns group-30C930A569EC:java.util.concurrent.CompletableFuture@68375d84[Not completed]
2019-09-26 10:50:27,659 [pool-177-thread-1] INFO  impl.RaftServerImpl (RaftServerImpl.java:<init>(95)) - 8c274a69-f430-4a4c-a276-f582e5c5e4e0: new RaftServerImpl for group-30C930A569EC:[8c274a69-f430-4a4c-a276-f582e5c5e4e0:192.168.30.13:38230] with ContainerStateMachine:uninitialized
2019-09-26 10:50:27,659 [pool-177-thread-1] INFO  server.RaftServerConfigKeys (ConfUtils.java:logGet(43)) - raft.server.rpc.timeout.min = 5s (custom)
2019-09-26 10:50:27,659 [pool-177-thread-1] INFO  server.RaftServerConfigKeys (ConfUtils.java:logGet(43)) - raft.server.rpc.timeout.max = 5200ms (custom)
2019-09-26 10:50:27,660 [pool-177-thread-1] INFO  server.RaftServerConfigKeys (ConfUtils.java:logGet(43)) - raft.server.rpcslowness.timeout = 120s (custom)
2019-09-26 10:50:27,660 [pool-177-thread-1] INFO  server.RaftServerConfigKeys (ConfUtils.java:logGet(43)) - raft.server.sleep.deviation.threshold = 300 (default)
2019-09-26 10:50:27,660 [pool-177-thread-1] INFO  server.RaftServerConfigKeys (ConfUtils.java:logGet(43)) - raft.server.log.appender.install.snapshot.enabled = false (custom)
2019-09-26 10:50:27,660 [pool-177-thread-1] INFO  impl.RaftServerImpl (ServerState.java:<init>(103)) - 8c274a69-f430-4a4c-a276-f582e5c5e4e0@group-30C930A569EC: ConfigurationManager, init=-1: [8c274a69-f430-4a4c-a276-f582e5c5e4e0:192.168.30.13:38230], old=null, confs=<EMPTY_MAP>
2019-09-26 10:50:27,660 [pool-177-thread-1] INFO  server.RaftServerConfigKeys (ConfUtils.java:logGet(43)) - raft.server.storage.dir = [/workdir/hadoop-ozone/ozonefs/target/test-dir/MiniOzoneClusterImpl-b659d7d3-3970-45ef-9a96-0029c0e1657d/datanode-0/data/ratis] (custom)
2019-09-26 10:50:27,661 [pool-177-thread-1] INFO  storage.RaftStorageDirectory (RaftStorageDirectory.java:analyzeStorage(246)) - The storage directory /workdir/hadoop-ozone/ozonefs/target/test-dir/MiniOzoneClusterImpl-b659d7d3-3970-45ef-9a96-0029c0e1657d/datanode-0/data/ratis/718074e5-2efd-4050-bddb-30c930a569ec does not exist. Creating ...
2019-09-26 10:50:27,673 [pool-177-thread-1] INFO  storage.RaftStorageDirectory (RaftStorageDirectory.java:tryLock(328)) - Lock on /workdir/hadoop-ozone/ozonefs/target/test-dir/MiniOzoneClusterImpl-b659d7d3-3970-45ef-9a96-0029c0e1657d/datanode-0/data/ratis/718074e5-2efd-4050-bddb-30c930a569ec/in_use.lock acquired by nodename 25633@pr-hdds-1569-wvzgm-824869521
2019-09-26 10:50:27,686 [pool-177-thread-1] INFO  storage.RaftStorage (RaftStorage.java:format(72)) - Storage directory /workdir/hadoop-ozone/ozonefs/target/test-dir/MiniOzoneClusterImpl-b659d7d3-3970-45ef-9a96-0029c0e1657d/datanode-0/data/ratis/718074e5-2efd-4050-bddb-30c930a569ec has been successfully formatted.
2019-09-26 10:50:27,687 [pool-177-thread-1] INFO  ratis.ContainerStateMachine (ContainerStateMachine.java:loadSnapshot(230)) - group-30C930A569EC: The snapshot info is null. Setting the last applied indexto:(t:0, i:~)
2019-09-26 10:50:27,687 [pool-177-thread-1] INFO  server.RaftServerConfigKeys (ConfUtils.java:logGet(43)) - raft.server.notification.no-leader.timeout = 120s (custom)
2019-09-26 10:50:27,687 [pool-177-thread-1] INFO  server.RaftServerConfigKeys (ConfUtils.java:logGet(43)) - raft.server.log.use.memory = false (default)
2019-09-26 10:50:27,687 [pool-177-thread-1] INFO  server.RaftServerConfigKeys (ConfUtils.java:logGet(43)) - raft.server.log.purge.gap = 1000000 (custom)
2019-09-26 10:50:27,687 [pool-177-thread-1] INFO  server.RaftServerConfigKeys (ConfUtils.java:logGet(43)) - raft.server.log.appender.buffer.byte-limit = 33554432 (custom)
2019-09-26 10:50:27,687 [pool-177-thread-1] INFO  server.RaftServerConfigKeys (ConfUtils.java:logGet(43)) - raft.server.log.segment.size.max = 1048576 (custom)
2019-09-26 10:50:27,687 [pool-177-thread-1] INFO  server.RaftServerConfigKeys (ConfUtils.java:logGet(43)) - raft.server.log.segment.cache.num.max = 2 (custom)
2019-09-26 10:50:27,688 [pool-177-thread-1] INFO  segmented.SegmentedRaftLogWorker (SegmentedRaftLogWorker.java:<init>(172)) - new 8c274a69-f430-4a4c-a276-f582e5c5e4e0@group-30C930A569EC-SegmentedRaftLogWorker for RaftStorage:Storage Directory /workdir/hadoop-ozone/ozonefs/target/test-dir/MiniOzoneClusterImpl-b659d7d3-3970-45ef-9a96-0029c0e1657d/datanode-0/data/ratis/718074e5-2efd-4050-bddb-30c930a569ec
2019-09-26 10:50:27,688 [pool-177-thread-1] INFO  server.RaftServerConfigKeys (ConfUtils.java:logGet(43)) - raft.server.log.queue.byte-limit = 2147483647 (custom)
2019-09-26 10:50:27,688 [pool-177-thread-1] INFO  server.RaftServerConfigKeys (ConfUtils.java:logGet(43)) - raft.server.log.queue.element-limit = 1024 (custom)
2019-09-26 10:50:27,688 [pool-177-thread-1] INFO  server.RaftServerConfigKeys (ConfUtils.java:logGet(43)) - raft.server.log.segment.size.max = 1048576 (custom)
2019-09-26 10:50:27,688 [pool-177-thread-1] INFO  server.RaftServerConfigKeys (ConfUtils.java:logGet(43)) - raft.server.log.preallocated.size = 16384 (custom)
2019-09-26 10:50:27,688 [pool-177-thread-1] INFO  server.RaftServerConfigKeys (ConfUtils.java:logGet(43)) - raft.server.log.write.buffer.size = 33554432 (custom)
2019-09-26 10:50:27,688 [pool-177-thread-1] INFO  server.RaftServerConfigKeys (ConfUtils.java:logGet(43)) - raft.server.log.force.sync.num = 128 (default)
2019-09-26 10:50:27,689 [pool-177-thread-1] INFO  server.RaftServerConfigKeys (ConfUtils.java:logGet(43)) - raft.server.log.statemachine.data.sync = true (default)
2019-09-26 10:50:27,689 [Thread-810] INFO  ozone.MiniOzoneClusterImpl (MiniOzoneClusterImpl.java:lambda$waitForClusterToBeReady$0(147)) - Waiting for cluster to be ready. Got 2 of 3 DN Heartbeats.
2019-09-26 10:50:27,689 [pool-177-thread-1] INFO  server.RaftServerConfigKeys (ConfUtils.java:logGet(43)) - raft.server.log.statemachine.data.sync.timeout = 10s (default)
2019-09-26 10:50:27,689 [pool-177-thread-1] INFO  server.RaftServerConfigKeys (ConfUtils.java:logGet(43)) - raft.server.log.statemachine.data.sync.timeout.retry = -1 (default)
2019-09-26 10:50:27,689 [pool-177-thread-1] INFO  server.RaftServerConfigKeys (ConfUtils.java:logGet(43)) - raft.server.log.statemachine.data.caching.enabled = true (custom)
2019-09-26 10:50:27,690 [pool-177-thread-1] INFO  segmented.SegmentedRaftLogWorker (SegmentedRaftLogWorker.java:lambda$new$0(132)) - 8c274a69-f430-4a4c-a276-f582e5c5e4e0@group-30C930A569EC-SegmentedRaftLogWorker: flushIndex: setUnconditionally 0 -> -1
2019-09-26 10:50:27,690 [IPC Server handler 4 on 42180] INFO  net.NetworkTopology (NetworkTopologyImpl.java:add(111)) - Added a new node: /default-rack/4849c495-99fa-4be8-832d-fded55fd2760
2019-09-26 10:50:27,690 [pool-177-thread-1] INFO  server.RaftServerConfigKeys (ConfUtils.java:logGet(43)) - raft.server.snapshot.auto.trigger.enabled = true (custom)
2019-09-26 10:50:27,690 [IPC Server handler 4 on 42180] INFO  node.SCMNodeManager (SCMNodeManager.java:register(266)) - Registered Data node : 4849c495-99fa-4be8-832d-fded55fd2760{ip: 192.168.30.13, host: pr-hdds-1569-wvzgm-824869521, networkLocation: /default-rack, certSerialId: null}
2019-09-26 10:50:27,690 [pool-177-thread-1] INFO  server.RaftServerConfigKeys (ConfUtils.java:logGet(43)) - raft.server.snapshot.auto.trigger.threshold = 10000 (custom)
2019-09-26 10:50:27,690 [pool-177-thread-1] INFO  server.RaftServerConfigKeys (ConfUtils.java:logGet(43)) - raft.server.snapshot.retention.num.files = 5 (custom)
2019-09-26 10:50:27,691 [pool-177-thread-1] INFO  server.RaftServerConfigKeys (ConfUtils.java:logGet(43)) - raft.server.retrycache.expirytime = 600000ms (custom)
2019-09-26 10:50:27,692 [pool-177-thread-1] INFO  impl.RaftServerImpl (RaftServerImpl.java:start(185)) - 8c274a69-f430-4a4c-a276-f582e5c5e4e0@group-30C930A569EC: start as a follower, conf=-1: [8c274a69-f430-4a4c-a276-f582e5c5e4e0:192.168.30.13:38230], old=null
2019-09-26 10:50:27,692 [pool-177-thread-1] INFO  impl.RaftServerImpl (RaftServerImpl.java:setRole(174)) - 8c274a69-f430-4a4c-a276-f582e5c5e4e0@group-30C930A569EC: changes role from      null to FOLLOWER at term 0 for startAsFollower
2019-09-26 10:50:27,693 [pool-177-thread-1] INFO  impl.RoleInfo (RoleInfo.java:updateAndGet(143)) - 8c274a69-f430-4a4c-a276-f582e5c5e4e0: start FollowerState
2019-09-26 10:50:27,693 [pool-177-thread-1] INFO  util.JmxRegister (JmxRegister.java:tryRegister(44)) - Successfully registered JMX Bean with object name Ratis:service=RaftServer,group=group-30C930A569EC,id=8c274a69-f430-4a4c-a276-f582e5c5e4e0
2019-09-26 10:50:27,696 [RatisPipelineUtilsThread] INFO  pipeline.PipelineStateManager (PipelineStateManager.java:addPipeline(56)) - Created pipeline Pipeline[ Id: 718074e5-2efd-4050-bddb-30c930a569ec, Nodes: 8c274a69-f430-4a4c-a276-f582e5c5e4e0{ip: 192.168.30.13, host: pr-hdds-1569-wvzgm-824869521, networkLocation: /default-rack, certSerialId: null}, Type:RATIS, Factor:ONE, State:OPEN]
2019-09-26 10:50:27,705 [grpc-default-executor-0] INFO  impl.RaftServerProxy (RaftServerProxy.java:addNew(89)) - a90e5d2d-6f5c-4832-9132-f5f3b303ab20: addNew group-0C673A666063:[a90e5d2d-6f5c-4832-9132-f5f3b303ab20:192.168.30.13:41085] returns group-0C673A666063:java.util.concurrent.CompletableFuture@3e70e03d[Not completed]
2019-09-26 10:50:27,706 [pool-187-thread-1] INFO  impl.RaftServerImpl (RaftServerImpl.java:<init>(95)) - a90e5d2d-6f5c-4832-9132-f5f3b303ab20: new RaftServerImpl for group-0C673A666063:[a90e5d2d-6f5c-4832-9132-f5f3b303ab20:192.168.30.13:41085] with ContainerStateMachine:uninitialized
2019-09-26 10:50:27,707 [pool-187-thread-1] INFO  server.RaftServerConfigKeys (ConfUtils.java:logGet(43)) - raft.server.rpc.timeout.min = 5s (custom)
2019-09-26 10:50:27,707 [pool-187-thread-1] INFO  server.RaftServerConfigKeys (ConfUtils.java:logGet(43)) - raft.server.rpc.timeout.max = 5200ms (custom)
2019-09-26 10:50:27,707 [pool-187-thread-1] INFO  server.RaftServerConfigKeys (ConfUtils.java:logGet(43)) - raft.server.rpcslowness.timeout = 120s (custom)
2019-09-26 10:50:27,707 [pool-187-thread-1] INFO  server.RaftServerConfigKeys (ConfUtils.java:logGet(43)) - raft.server.sleep.deviation.threshold = 300 (default)
2019-09-26 10:50:27,707 [pool-187-thread-1] INFO  server.RaftServerConfigKeys (ConfUtils.java:logGet(43)) - raft.server.log.appender.install.snapshot.enabled = false (custom)
2019-09-26 10:50:27,707 [pool-187-thread-1] INFO  impl.RaftServerImpl (ServerState.java:<init>(103)) - a90e5d2d-6f5c-4832-9132-f5f3b303ab20@group-0C673A666063: ConfigurationManager, init=-1: [a90e5d2d-6f5c-4832-9132-f5f3b303ab20:192.168.30.13:41085], old=null, confs=<EMPTY_MAP>
2019-09-26 10:50:27,707 [pool-187-thread-1] INFO  server.RaftServerConfigKeys (ConfUtils.java:logGet(43)) - raft.server.storage.dir = [/workdir/hadoop-ozone/ozonefs/target/test-dir/MiniOzoneClusterImpl-b659d7d3-3970-45ef-9a96-0029c0e1657d/datanode-1/data/ratis] (custom)
2019-09-26 10:50:27,708 [pool-187-thread-1] INFO  storage.RaftStorageDirectory (RaftStorageDirectory.java:analyzeStorage(246)) - The storage directory /workdir/hadoop-ozone/ozonefs/target/test-dir/MiniOzoneClusterImpl-b659d7d3-3970-45ef-9a96-0029c0e1657d/datanode-1/data/ratis/94781b70-95d4-44b5-9eff-0c673a666063 does not exist. Creating ...
2019-09-26 10:50:27,721 [pool-187-thread-1] INFO  storage.RaftStorageDirectory (RaftStorageDirectory.java:tryLock(328)) - Lock on /workdir/hadoop-ozone/ozonefs/target/test-dir/MiniOzoneClusterImpl-b659d7d3-3970-45ef-9a96-0029c0e1657d/datanode-1/data/ratis/94781b70-95d4-44b5-9eff-0c673a666063/in_use.lock acquired by nodename 25633@pr-hdds-1569-wvzgm-824869521
2019-09-26 10:50:27,734 [pool-187-thread-1] INFO  storage.RaftStorage (RaftStorage.java:format(72)) - Storage directory /workdir/hadoop-ozone/ozonefs/target/test-dir/MiniOzoneClusterImpl-b659d7d3-3970-45ef-9a96-0029c0e1657d/datanode-1/data/ratis/94781b70-95d4-44b5-9eff-0c673a666063 has been successfully formatted.
2019-09-26 10:50:27,734 [pool-187-thread-1] INFO  ratis.ContainerStateMachine (ContainerStateMachine.java:loadSnapshot(230)) - group-0C673A666063: The snapshot info is null. Setting the last applied indexto:(t:0, i:~)
2019-09-26 10:50:27,735 [pool-187-thread-1] INFO  server.RaftServerConfigKeys (ConfUtils.java:logGet(43)) - raft.server.notification.no-leader.timeout = 120s (custom)
2019-09-26 10:50:27,735 [pool-187-thread-1] INFO  server.RaftServerConfigKeys (ConfUtils.java:logGet(43)) - raft.server.log.use.memory = false (default)
2019-09-26 10:50:27,735 [pool-187-thread-1] INFO  server.RaftServerConfigKeys (ConfUtils.java:logGet(43)) - raft.server.log.purge.gap = 1000000 (custom)
2019-09-26 10:50:27,735 [pool-187-thread-1] INFO  server.RaftServerConfigKeys (ConfUtils.java:logGet(43)) - raft.server.log.appender.buffer.byte-limit = 33554432 (custom)
2019-09-26 10:50:27,735 [pool-187-thread-1] INFO  server.RaftServerConfigKeys (ConfUtils.java:logGet(43)) - raft.server.log.segment.size.max = 1048576 (custom)
2019-09-26 10:50:27,735 [pool-187-thread-1] INFO  server.RaftServerConfigKeys (ConfUtils.java:logGet(43)) - raft.server.log.segment.cache.num.max = 2 (custom)
2019-09-26 10:50:27,735 [pool-187-thread-1] INFO  segmented.SegmentedRaftLogWorker (SegmentedRaftLogWorker.java:<init>(172)) - new a90e5d2d-6f5c-4832-9132-f5f3b303ab20@group-0C673A666063-SegmentedRaftLogWorker for RaftStorage:Storage Directory /workdir/hadoop-ozone/ozonefs/target/test-dir/MiniOzoneClusterImpl-b659d7d3-3970-45ef-9a96-0029c0e1657d/datanode-1/data/ratis/94781b70-95d4-44b5-9eff-0c673a666063
2019-09-26 10:50:27,737 [pool-187-thread-1] INFO  server.RaftServerConfigKeys (ConfUtils.java:logGet(43)) - raft.server.log.queue.byte-limit = 2147483647 (custom)
2019-09-26 10:50:27,737 [pool-187-thread-1] INFO  server.RaftServerConfigKeys (ConfUtils.java:logGet(43)) - raft.server.log.queue.element-limit = 1024 (custom)
2019-09-26 10:50:27,737 [pool-187-thread-1] INFO  server.RaftServerConfigKeys (ConfUtils.java:logGet(43)) - raft.server.log.segment.size.max = 1048576 (custom)
2019-09-26 10:50:27,737 [pool-187-thread-1] INFO  server.RaftServerConfigKeys (ConfUtils.java:logGet(43)) - raft.server.log.preallocated.size = 16384 (custom)
2019-09-26 10:50:27,738 [pool-187-thread-1] INFO  server.RaftServerConfigKeys (ConfUtils.java:logGet(43)) - raft.server.log.write.buffer.size = 33554432 (custom)
2019-09-26 10:50:27,738 [pool-187-thread-1] INFO  server.RaftServerConfigKeys (ConfUtils.java:logGet(43)) - raft.server.log.force.sync.num = 128 (default)
2019-09-26 10:50:27,738 [pool-187-thread-1] INFO  server.RaftServerConfigKeys (ConfUtils.java:logGet(43)) - raft.server.log.statemachine.data.sync = true (default)
2019-09-26 10:50:27,738 [pool-187-thread-1] INFO  server.RaftServerConfigKeys (ConfUtils.java:logGet(43)) - raft.server.log.statemachine.data.sync.timeout = 10s (default)
2019-09-26 10:50:27,738 [pool-187-thread-1] INFO  server.RaftServerConfigKeys (ConfUtils.java:logGet(43)) - raft.server.log.statemachine.data.sync.timeout.retry = -1 (default)
2019-09-26 10:50:27,738 [pool-187-thread-1] INFO  server.RaftServerConfigKeys (ConfUtils.java:logGet(43)) - raft.server.log.statemachine.data.caching.enabled = true (custom)
2019-09-26 10:50:27,739 [pool-187-thread-1] INFO  segmented.SegmentedRaftLogWorker (SegmentedRaftLogWorker.java:lambda$new$0(132)) - a90e5d2d-6f5c-4832-9132-f5f3b303ab20@group-0C673A666063-SegmentedRaftLogWorker: flushIndex: setUnconditionally 0 -> -1
2019-09-26 10:50:27,739 [pool-187-thread-1] INFO  server.RaftServerConfigKeys (ConfUtils.java:logGet(43)) - raft.server.snapshot.auto.trigger.enabled = true (custom)
2019-09-26 10:50:27,739 [pool-187-thread-1] INFO  server.RaftServerConfigKeys (ConfUtils.java:logGet(43)) - raft.server.snapshot.auto.trigger.threshold = 10000 (custom)
2019-09-26 10:50:27,739 [pool-187-thread-1] INFO  server.RaftServerConfigKeys (ConfUtils.java:logGet(43)) - raft.server.snapshot.retention.num.files = 5 (custom)
2019-09-26 10:50:27,739 [pool-187-thread-1] INFO  server.RaftServerConfigKeys (ConfUtils.java:logGet(43)) - raft.server.retrycache.expirytime = 600000ms (custom)
2019-09-26 10:50:27,741 [pool-187-thread-1] INFO  impl.RaftServerImpl (RaftServerImpl.java:start(185)) - a90e5d2d-6f5c-4832-9132-f5f3b303ab20@group-0C673A666063: start as a follower, conf=-1: [a90e5d2d-6f5c-4832-9132-f5f3b303ab20:192.168.30.13:41085], old=null
2019-09-26 10:50:27,741 [pool-187-thread-1] INFO  impl.RaftServerImpl (RaftServerImpl.java:setRole(174)) - a90e5d2d-6f5c-4832-9132-f5f3b303ab20@group-0C673A666063: changes role from      null to FOLLOWER at term 0 for startAsFollower
2019-09-26 10:50:27,741 [pool-187-thread-1] INFO  impl.RoleInfo (RoleInfo.java:updateAndGet(143)) - a90e5d2d-6f5c-4832-9132-f5f3b303ab20: start FollowerState
2019-09-26 10:50:27,741 [pool-187-thread-1] INFO  util.JmxRegister (JmxRegister.java:tryRegister(44)) - Successfully registered JMX Bean with object name Ratis:service=RaftServer,group=group-0C673A666063,id=a90e5d2d-6f5c-4832-9132-f5f3b303ab20
2019-09-26 10:50:27,744 [RatisPipelineUtilsThread] INFO  pipeline.PipelineStateManager (PipelineStateManager.java:addPipeline(56)) - Created pipeline Pipeline[ Id: 94781b70-95d4-44b5-9eff-0c673a666063, Nodes: a90e5d2d-6f5c-4832-9132-f5f3b303ab20{ip: 192.168.30.13, host: pr-hdds-1569-wvzgm-824869521, networkLocation: /default-rack, certSerialId: null}, Type:RATIS, Factor:ONE, State:OPEN]
2019-09-26 10:50:27,749 [grpc-default-executor-0] INFO  impl.RaftServerProxy (RaftServerProxy.java:addNew(89)) - 8c274a69-f430-4a4c-a276-f582e5c5e4e0: addNew group-2D8BBCF6FDF9:[8c274a69-f430-4a4c-a276-f582e5c5e4e0:192.168.30.13:38230] returns group-2D8BBCF6FDF9:java.util.concurrent.CompletableFuture@c296cc1[Not completed]
2019-09-26 10:50:27,750 [pool-177-thread-1] INFO  impl.RaftServerImpl (RaftServerImpl.java:<init>(95)) - 8c274a69-f430-4a4c-a276-f582e5c5e4e0: new RaftServerImpl for group-2D8BBCF6FDF9:[8c274a69-f430-4a4c-a276-f582e5c5e4e0:192.168.30.13:38230] with ContainerStateMachine:uninitialized
2019-09-26 10:50:27,750 [pool-177-thread-1] INFO  server.RaftServerConfigKeys (ConfUtils.java:logGet(43)) - raft.server.rpc.timeout.min = 5s (custom)
2019-09-26 10:50:27,750 [pool-177-thread-1] INFO  server.RaftServerConfigKeys (ConfUtils.java:logGet(43)) - raft.server.rpc.timeout.max = 5200ms (custom)
2019-09-26 10:50:27,751 [pool-177-thread-1] INFO  server.RaftServerConfigKeys (ConfUtils.java:logGet(43)) - raft.server.rpcslowness.timeout = 120s (custom)
2019-09-26 10:50:27,751 [pool-177-thread-1] INFO  server.RaftServerConfigKeys (ConfUtils.java:logGet(43)) - raft.server.sleep.deviation.threshold = 300 (default)
2019-09-26 10:50:27,751 [pool-177-thread-1] INFO  server.RaftServerConfigKeys (ConfUtils.java:logGet(43)) - raft.server.log.appender.install.snapshot.enabled = false (custom)
2019-09-26 10:50:27,751 [pool-177-thread-1] INFO  impl.RaftServerImpl (ServerState.java:<init>(103)) - 8c274a69-f430-4a4c-a276-f582e5c5e4e0@group-2D8BBCF6FDF9: ConfigurationManager, init=-1: [8c274a69-f430-4a4c-a276-f582e5c5e4e0:192.168.30.13:38230], old=null, confs=<EMPTY_MAP>
2019-09-26 10:50:27,751 [pool-177-thread-1] INFO  server.RaftServerConfigKeys (ConfUtils.java:logGet(43)) - raft.server.storage.dir = [/workdir/hadoop-ozone/ozonefs/target/test-dir/MiniOzoneClusterImpl-b659d7d3-3970-45ef-9a96-0029c0e1657d/datanode-0/data/ratis] (custom)
2019-09-26 10:50:27,752 [pool-177-thread-1] INFO  storage.RaftStorageDirectory (RaftStorageDirectory.java:analyzeStorage(246)) - The storage directory /workdir/hadoop-ozone/ozonefs/target/test-dir/MiniOzoneClusterImpl-b659d7d3-3970-45ef-9a96-0029c0e1657d/datanode-0/data/ratis/1f235afc-f3c7-4cce-89d2-2d8bbcf6fdf9 does not exist. Creating ...
2019-09-26 10:50:27,764 [pool-177-thread-1] INFO  storage.RaftStorageDirectory (RaftStorageDirectory.java:tryLock(328)) - Lock on /workdir/hadoop-ozone/ozonefs/target/test-dir/MiniOzoneClusterImpl-b659d7d3-3970-45ef-9a96-0029c0e1657d/datanode-0/data/ratis/1f235afc-f3c7-4cce-89d2-2d8bbcf6fdf9/in_use.lock acquired by nodename 25633@pr-hdds-1569-wvzgm-824869521
2019-09-26 10:50:27,777 [pool-177-thread-1] INFO  storage.RaftStorage (RaftStorage.java:format(72)) - Storage directory /workdir/hadoop-ozone/ozonefs/target/test-dir/MiniOzoneClusterImpl-b659d7d3-3970-45ef-9a96-0029c0e1657d/datanode-0/data/ratis/1f235afc-f3c7-4cce-89d2-2d8bbcf6fdf9 has been successfully formatted.
2019-09-26 10:50:27,777 [pool-177-thread-1] INFO  ratis.ContainerStateMachine (ContainerStateMachine.java:loadSnapshot(230)) - group-2D8BBCF6FDF9: The snapshot info is null. Setting the last applied indexto:(t:0, i:~)
2019-09-26 10:50:27,777 [pool-177-thread-1] INFO  server.RaftServerConfigKeys (ConfUtils.java:logGet(43)) - raft.server.notification.no-leader.timeout = 120s (custom)
2019-09-26 10:50:27,777 [pool-177-thread-1] INFO  server.RaftServerConfigKeys (ConfUtils.java:logGet(43)) - raft.server.log.use.memory = false (default)
2019-09-26 10:50:27,778 [pool-177-thread-1] INFO  server.RaftServerConfigKeys (ConfUtils.java:logGet(43)) - raft.server.log.purge.gap = 1000000 (custom)
2019-09-26 10:50:27,778 [pool-177-thread-1] INFO  server.RaftServerConfigKeys (ConfUtils.java:logGet(43)) - raft.server.log.appender.buffer.byte-limit = 33554432 (custom)
2019-09-26 10:50:27,778 [pool-177-thread-1] INFO  server.RaftServerConfigKeys (ConfUtils.java:logGet(43)) - raft.server.log.segment.size.max = 1048576 (custom)
2019-09-26 10:50:27,778 [pool-177-thread-1] INFO  server.RaftServerConfigKeys (ConfUtils.java:logGet(43)) - raft.server.log.segment.cache.num.max = 2 (custom)
2019-09-26 10:50:27,778 [pool-177-thread-1] INFO  segmented.SegmentedRaftLogWorker (SegmentedRaftLogWorker.java:<init>(172)) - new 8c274a69-f430-4a4c-a276-f582e5c5e4e0@group-2D8BBCF6FDF9-SegmentedRaftLogWorker for RaftStorage:Storage Directory /workdir/hadoop-ozone/ozonefs/target/test-dir/MiniOzoneClusterImpl-b659d7d3-3970-45ef-9a96-0029c0e1657d/datanode-0/data/ratis/1f235afc-f3c7-4cce-89d2-2d8bbcf6fdf9
2019-09-26 10:50:27,778 [pool-177-thread-1] INFO  server.RaftServerConfigKeys (ConfUtils.java:logGet(43)) - raft.server.log.queue.byte-limit = 2147483647 (custom)
2019-09-26 10:50:27,778 [pool-177-thread-1] INFO  server.RaftServerConfigKeys (ConfUtils.java:logGet(43)) - raft.server.log.queue.element-limit = 1024 (custom)
2019-09-26 10:50:27,778 [pool-177-thread-1] INFO  server.RaftServerConfigKeys (ConfUtils.java:logGet(43)) - raft.server.log.segment.size.max = 1048576 (custom)
2019-09-26 10:50:27,778 [pool-177-thread-1] INFO  server.RaftServerConfigKeys (ConfUtils.java:logGet(43)) - raft.server.log.preallocated.size = 16384 (custom)
2019-09-26 10:50:27,779 [pool-177-thread-1] INFO  server.RaftServerConfigKeys (ConfUtils.java:logGet(43)) - raft.server.log.write.buffer.size = 33554432 (custom)
2019-09-26 10:50:27,779 [pool-177-thread-1] INFO  server.RaftServerConfigKeys (ConfUtils.java:logGet(43)) - raft.server.log.force.sync.num = 128 (default)
2019-09-26 10:50:27,779 [pool-177-thread-1] INFO  server.RaftServerConfigKeys (ConfUtils.java:logGet(43)) - raft.server.log.statemachine.data.sync = true (default)
2019-09-26 10:50:27,779 [pool-177-thread-1] INFO  server.RaftServerConfigKeys (ConfUtils.java:logGet(43)) - raft.server.log.statemachine.data.sync.timeout = 10s (default)
2019-09-26 10:50:27,779 [pool-177-thread-1] INFO  server.RaftServerConfigKeys (ConfUtils.java:logGet(43)) - raft.server.log.statemachine.data.sync.timeout.retry = -1 (default)
2019-09-26 10:50:27,779 [pool-177-thread-1] INFO  server.RaftServerConfigKeys (ConfUtils.java:logGet(43)) - raft.server.log.statemachine.data.caching.enabled = true (custom)
2019-09-26 10:50:27,779 [pool-177-thread-1] INFO  segmented.SegmentedRaftLogWorker (SegmentedRaftLogWorker.java:lambda$new$0(132)) - 8c274a69-f430-4a4c-a276-f582e5c5e4e0@group-2D8BBCF6FDF9-SegmentedRaftLogWorker: flushIndex: setUnconditionally 0 -> -1
2019-09-26 10:50:27,779 [pool-177-thread-1] INFO  server.RaftServerConfigKeys (ConfUtils.java:logGet(43)) - raft.server.snapshot.auto.trigger.enabled = true (custom)
2019-09-26 10:50:27,780 [pool-177-thread-1] INFO  server.RaftServerConfigKeys (ConfUtils.java:logGet(43)) - raft.server.snapshot.auto.trigger.threshold = 10000 (custom)
2019-09-26 10:50:27,780 [pool-177-thread-1] INFO  server.RaftServerConfigKeys (ConfUtils.java:logGet(43)) - raft.server.snapshot.retention.num.files = 5 (custom)
2019-09-26 10:50:27,780 [pool-177-thread-1] INFO  server.RaftServerConfigKeys (ConfUtils.java:logGet(43)) - raft.server.retrycache.expirytime = 600000ms (custom)
2019-09-26 10:50:27,782 [pool-177-thread-1] INFO  impl.RaftServerImpl (RaftServerImpl.java:start(185)) - 8c274a69-f430-4a4c-a276-f582e5c5e4e0@group-2D8BBCF6FDF9: start as a follower, conf=-1: [8c274a69-f430-4a4c-a276-f582e5c5e4e0:192.168.30.13:38230], old=null
2019-09-26 10:50:27,782 [pool-177-thread-1] INFO  impl.RaftServerImpl (RaftServerImpl.java:setRole(174)) - 8c274a69-f430-4a4c-a276-f582e5c5e4e0@group-2D8BBCF6FDF9: changes role from      null to FOLLOWER at term 0 for startAsFollower
2019-09-26 10:50:27,782 [pool-177-thread-1] INFO  impl.RoleInfo (RoleInfo.java:updateAndGet(143)) - 8c274a69-f430-4a4c-a276-f582e5c5e4e0: start FollowerState
2019-09-26 10:50:27,782 [pool-177-thread-1] INFO  util.JmxRegister (JmxRegister.java:tryRegister(44)) - Successfully registered JMX Bean with object name Ratis:service=RaftServer,group=group-2D8BBCF6FDF9,id=8c274a69-f430-4a4c-a276-f582e5c5e4e0
2019-09-26 10:50:27,785 [RatisPipelineUtilsThread] INFO  pipeline.PipelineStateManager (PipelineStateManager.java:addPipeline(56)) - Created pipeline Pipeline[ Id: 1f235afc-f3c7-4cce-89d2-2d8bbcf6fdf9, Nodes: 8c274a69-f430-4a4c-a276-f582e5c5e4e0{ip: 192.168.30.13, host: pr-hdds-1569-wvzgm-824869521, networkLocation: /default-rack, certSerialId: null}, Type:RATIS, Factor:ONE, State:OPEN]
2019-09-26 10:50:27,790 [grpc-default-executor-0] INFO  impl.RaftServerProxy (RaftServerProxy.java:addNew(89)) - 8c274a69-f430-4a4c-a276-f582e5c5e4e0: addNew group-0DA63D5376BD:[8c274a69-f430-4a4c-a276-f582e5c5e4e0:192.168.30.13:38230] returns group-0DA63D5376BD:java.util.concurrent.CompletableFuture@6f23f8cc[Not completed]
2019-09-26 10:50:27,791 [pool-177-thread-1] INFO  impl.RaftServerImpl (RaftServerImpl.java:<init>(95)) - 8c274a69-f430-4a4c-a276-f582e5c5e4e0: new RaftServerImpl for group-0DA63D5376BD:[8c274a69-f430-4a4c-a276-f582e5c5e4e0:192.168.30.13:38230] with ContainerStateMachine:uninitialized
2019-09-26 10:50:27,791 [pool-177-thread-1] INFO  server.RaftServerConfigKeys (ConfUtils.java:logGet(43)) - raft.server.rpc.timeout.min = 5s (custom)
2019-09-26 10:50:27,791 [pool-177-thread-1] INFO  server.RaftServerConfigKeys (ConfUtils.java:logGet(43)) - raft.server.rpc.timeout.max = 5200ms (custom)
2019-09-26 10:50:27,792 [pool-177-thread-1] INFO  server.RaftServerConfigKeys (ConfUtils.java:logGet(43)) - raft.server.rpcslowness.timeout = 120s (custom)
2019-09-26 10:50:27,792 [pool-177-thread-1] INFO  server.RaftServerConfigKeys (ConfUtils.java:logGet(43)) - raft.server.sleep.deviation.threshold = 300 (default)
2019-09-26 10:50:27,792 [pool-177-thread-1] INFO  server.RaftServerConfigKeys (ConfUtils.java:logGet(43)) - raft.server.log.appender.install.snapshot.enabled = false (custom)
2019-09-26 10:50:27,792 [pool-177-thread-1] INFO  impl.RaftServerImpl (ServerState.java:<init>(103)) - 8c274a69-f430-4a4c-a276-f582e5c5e4e0@group-0DA63D5376BD: ConfigurationManager, init=-1: [8c274a69-f430-4a4c-a276-f582e5c5e4e0:192.168.30.13:38230], old=null, confs=<EMPTY_MAP>
2019-09-26 10:50:27,792 [pool-177-thread-1] INFO  server.RaftServerConfigKeys (ConfUtils.java:logGet(43)) - raft.server.storage.dir = [/workdir/hadoop-ozone/ozonefs/target/test-dir/MiniOzoneClusterImpl-b659d7d3-3970-45ef-9a96-0029c0e1657d/datanode-0/data/ratis] (custom)
2019-09-26 10:50:27,792 [pool-177-thread-1] INFO  storage.RaftStorageDirectory (RaftStorageDirectory.java:analyzeStorage(246)) - The storage directory /workdir/hadoop-ozone/ozonefs/target/test-dir/MiniOzoneClusterImpl-b659d7d3-3970-45ef-9a96-0029c0e1657d/datanode-0/data/ratis/fcfaaf9a-37f5-45c0-bcc2-0da63d5376bd does not exist. Creating ...
2019-09-26 10:50:27,805 [pool-177-thread-1] INFO  storage.RaftStorageDirectory (RaftStorageDirectory.java:tryLock(328)) - Lock on /workdir/hadoop-ozone/ozonefs/target/test-dir/MiniOzoneClusterImpl-b659d7d3-3970-45ef-9a96-0029c0e1657d/datanode-0/data/ratis/fcfaaf9a-37f5-45c0-bcc2-0da63d5376bd/in_use.lock acquired by nodename 25633@pr-hdds-1569-wvzgm-824869521
2019-09-26 10:50:27,818 [pool-177-thread-1] INFO  storage.RaftStorage (RaftStorage.java:format(72)) - Storage directory /workdir/hadoop-ozone/ozonefs/target/test-dir/MiniOzoneClusterImpl-b659d7d3-3970-45ef-9a96-0029c0e1657d/datanode-0/data/ratis/fcfaaf9a-37f5-45c0-bcc2-0da63d5376bd has been successfully formatted.
2019-09-26 10:50:27,818 [pool-177-thread-1] INFO  ratis.ContainerStateMachine (ContainerStateMachine.java:loadSnapshot(230)) - group-0DA63D5376BD: The snapshot info is null. Setting the last applied indexto:(t:0, i:~)
2019-09-26 10:50:27,818 [pool-177-thread-1] INFO  server.RaftServerConfigKeys (ConfUtils.java:logGet(43)) - raft.server.notification.no-leader.timeout = 120s (custom)
2019-09-26 10:50:27,818 [pool-177-thread-1] INFO  server.RaftServerConfigKeys (ConfUtils.java:logGet(43)) - raft.server.log.use.memory = false (default)
2019-09-26 10:50:27,819 [pool-177-thread-1] INFO  server.RaftServerConfigKeys (ConfUtils.java:logGet(43)) - raft.server.log.purge.gap = 1000000 (custom)
2019-09-26 10:50:27,819 [pool-177-thread-1] INFO  server.RaftServerConfigKeys (ConfUtils.java:logGet(43)) - raft.server.log.appender.buffer.byte-limit = 33554432 (custom)
2019-09-26 10:50:27,819 [pool-177-thread-1] INFO  server.RaftServerConfigKeys (ConfUtils.java:logGet(43)) - raft.server.log.segment.size.max = 1048576 (custom)
2019-09-26 10:50:27,819 [pool-177-thread-1] INFO  server.RaftServerConfigKeys (ConfUtils.java:logGet(43)) - raft.server.log.segment.cache.num.max = 2 (custom)
2019-09-26 10:50:27,819 [pool-177-thread-1] INFO  segmented.SegmentedRaftLogWorker (SegmentedRaftLogWorker.java:<init>(172)) - new 8c274a69-f430-4a4c-a276-f582e5c5e4e0@group-0DA63D5376BD-SegmentedRaftLogWorker for RaftStorage:Storage Directory /workdir/hadoop-ozone/ozonefs/target/test-dir/MiniOzoneClusterImpl-b659d7d3-3970-45ef-9a96-0029c0e1657d/datanode-0/data/ratis/fcfaaf9a-37f5-45c0-bcc2-0da63d5376bd
2019-09-26 10:50:27,819 [pool-177-thread-1] INFO  server.RaftServerConfigKeys (ConfUtils.java:logGet(43)) - raft.server.log.queue.byte-limit = 2147483647 (custom)
2019-09-26 10:50:27,819 [pool-177-thread-1] INFO  server.RaftServerConfigKeys (ConfUtils.java:logGet(43)) - raft.server.log.queue.element-limit = 1024 (custom)
2019-09-26 10:50:27,820 [pool-177-thread-1] INFO  server.RaftServerConfigKeys (ConfUtils.java:logGet(43)) - raft.server.log.segment.size.max = 1048576 (custom)
2019-09-26 10:50:27,820 [pool-177-thread-1] INFO  server.RaftServerConfigKeys (ConfUtils.java:logGet(43)) - raft.server.log.preallocated.size = 16384 (custom)
2019-09-26 10:50:27,820 [pool-177-thread-1] INFO  server.RaftServerConfigKeys (ConfUtils.java:logGet(43)) - raft.server.log.write.buffer.size = 33554432 (custom)
2019-09-26 10:50:27,820 [pool-177-thread-1] INFO  server.RaftServerConfigKeys (ConfUtils.java:logGet(43)) - raft.server.log.force.sync.num = 128 (default)
2019-09-26 10:50:27,820 [pool-177-thread-1] INFO  server.RaftServerConfigKeys (ConfUtils.java:logGet(43)) - raft.server.log.statemachine.data.sync = true (default)
2019-09-26 10:50:27,820 [pool-177-thread-1] INFO  server.RaftServerConfigKeys (ConfUtils.java:logGet(43)) - raft.server.log.statemachine.data.sync.timeout = 10s (default)
2019-09-26 10:50:27,820 [pool-177-thread-1] INFO  server.RaftServerConfigKeys (ConfUtils.java:logGet(43)) - raft.server.log.statemachine.data.sync.timeout.retry = -1 (default)
2019-09-26 10:50:27,821 [pool-177-thread-1] INFO  server.RaftServerConfigKeys (ConfUtils.java:logGet(43)) - raft.server.log.statemachine.data.caching.enabled = true (custom)
2019-09-26 10:50:27,821 [pool-177-thread-1] INFO  segmented.SegmentedRaftLogWorker (SegmentedRaftLogWorker.java:lambda$new$0(132)) - 8c274a69-f430-4a4c-a276-f582e5c5e4e0@group-0DA63D5376BD-SegmentedRaftLogWorker: flushIndex: setUnconditionally 0 -> -1
2019-09-26 10:50:27,821 [pool-177-thread-1] INFO  server.RaftServerConfigKeys (ConfUtils.java:logGet(43)) - raft.server.snapshot.auto.trigger.enabled = true (custom)
2019-09-26 10:50:27,821 [pool-177-thread-1] INFO  server.RaftServerConfigKeys (ConfUtils.java:logGet(43)) - raft.server.snapshot.auto.trigger.threshold = 10000 (custom)
2019-09-26 10:50:27,821 [pool-177-thread-1] INFO  server.RaftServerConfigKeys (ConfUtils.java:logGet(43)) - raft.server.snapshot.retention.num.files = 5 (custom)
2019-09-26 10:50:27,822 [pool-177-thread-1] INFO  server.RaftServerConfigKeys (ConfUtils.java:logGet(43)) - raft.server.retrycache.expirytime = 600000ms (custom)
2019-09-26 10:50:27,823 [pool-177-thread-1] INFO  impl.RaftServerImpl (RaftServerImpl.java:start(185)) - 8c274a69-f430-4a4c-a276-f582e5c5e4e0@group-0DA63D5376BD: start as a follower, conf=-1: [8c274a69-f430-4a4c-a276-f582e5c5e4e0:192.168.30.13:38230], old=null
2019-09-26 10:50:27,823 [pool-177-thread-1] INFO  impl.RaftServerImpl (RaftServerImpl.java:setRole(174)) - 8c274a69-f430-4a4c-a276-f582e5c5e4e0@group-0DA63D5376BD: changes role from      null to FOLLOWER at term 0 for startAsFollower
2019-09-26 10:50:27,824 [pool-177-thread-1] INFO  impl.RoleInfo (RoleInfo.java:updateAndGet(143)) - 8c274a69-f430-4a4c-a276-f582e5c5e4e0: start FollowerState
2019-09-26 10:50:27,824 [pool-177-thread-1] INFO  util.JmxRegister (JmxRegister.java:tryRegister(44)) - Successfully registered JMX Bean with object name Ratis:service=RaftServer,group=group-0DA63D5376BD,id=8c274a69-f430-4a4c-a276-f582e5c5e4e0
2019-09-26 10:50:27,827 [RatisPipelineUtilsThread] INFO  pipeline.PipelineStateManager (PipelineStateManager.java:addPipeline(56)) - Created pipeline Pipeline[ Id: fcfaaf9a-37f5-45c0-bcc2-0da63d5376bd, Nodes: 8c274a69-f430-4a4c-a276-f582e5c5e4e0{ip: 192.168.30.13, host: pr-hdds-1569-wvzgm-824869521, networkLocation: /default-rack, certSerialId: null}, Type:RATIS, Factor:ONE, State:OPEN]
2019-09-26 10:50:27,832 [grpc-default-executor-0] INFO  impl.RaftServerProxy (RaftServerProxy.java:addNew(89)) - a90e5d2d-6f5c-4832-9132-f5f3b303ab20: addNew group-F6420478CC9A:[a90e5d2d-6f5c-4832-9132-f5f3b303ab20:192.168.30.13:41085] returns group-F6420478CC9A:java.util.concurrent.CompletableFuture@e7cb7b8[Not completed]
2019-09-26 10:50:27,833 [pool-187-thread-1] INFO  impl.RaftServerImpl (RaftServerImpl.java:<init>(95)) - a90e5d2d-6f5c-4832-9132-f5f3b303ab20: new RaftServerImpl for group-F6420478CC9A:[a90e5d2d-6f5c-4832-9132-f5f3b303ab20:192.168.30.13:41085] with ContainerStateMachine:uninitialized
2019-09-26 10:50:27,833 [pool-187-thread-1] INFO  server.RaftServerConfigKeys (ConfUtils.java:logGet(43)) - raft.server.rpc.timeout.min = 5s (custom)
2019-09-26 10:50:27,834 [pool-187-thread-1] INFO  server.RaftServerConfigKeys (ConfUtils.java:logGet(43)) - raft.server.rpc.timeout.max = 5200ms (custom)
2019-09-26 10:50:27,834 [pool-187-thread-1] INFO  server.RaftServerConfigKeys (ConfUtils.java:logGet(43)) - raft.server.rpcslowness.timeout = 120s (custom)
2019-09-26 10:50:27,834 [pool-187-thread-1] INFO  server.RaftServerConfigKeys (ConfUtils.java:logGet(43)) - raft.server.sleep.deviation.threshold = 300 (default)
2019-09-26 10:50:27,834 [pool-187-thread-1] INFO  server.RaftServerConfigKeys (ConfUtils.java:logGet(43)) - raft.server.log.appender.install.snapshot.enabled = false (custom)
2019-09-26 10:50:27,834 [pool-187-thread-1] INFO  impl.RaftServerImpl (ServerState.java:<init>(103)) - a90e5d2d-6f5c-4832-9132-f5f3b303ab20@group-F6420478CC9A: ConfigurationManager, init=-1: [a90e5d2d-6f5c-4832-9132-f5f3b303ab20:192.168.30.13:41085], old=null, confs=<EMPTY_MAP>
2019-09-26 10:50:27,834 [pool-187-thread-1] INFO  server.RaftServerConfigKeys (ConfUtils.java:logGet(43)) - raft.server.storage.dir = [/workdir/hadoop-ozone/ozonefs/target/test-dir/MiniOzoneClusterImpl-b659d7d3-3970-45ef-9a96-0029c0e1657d/datanode-1/data/ratis] (custom)
2019-09-26 10:50:27,835 [pool-187-thread-1] INFO  storage.RaftStorageDirectory (RaftStorageDirectory.java:analyzeStorage(246)) - The storage directory /workdir/hadoop-ozone/ozonefs/target/test-dir/MiniOzoneClusterImpl-b659d7d3-3970-45ef-9a96-0029c0e1657d/datanode-1/data/ratis/fc3e642f-bbce-4072-8b8c-f6420478cc9a does not exist. Creating ...
2019-09-26 10:50:27,838 [pool-187-thread-1] INFO  storage.RaftStorageDirectory (RaftStorageDirectory.java:tryLock(328)) - Lock on /workdir/hadoop-ozone/ozonefs/target/test-dir/MiniOzoneClusterImpl-b659d7d3-3970-45ef-9a96-0029c0e1657d/datanode-1/data/ratis/fc3e642f-bbce-4072-8b8c-f6420478cc9a/in_use.lock acquired by nodename 25633@pr-hdds-1569-wvzgm-824869521
2019-09-26 10:50:27,857 [pool-187-thread-1] INFO  storage.RaftStorage (RaftStorage.java:format(72)) - Storage directory /workdir/hadoop-ozone/ozonefs/target/test-dir/MiniOzoneClusterImpl-b659d7d3-3970-45ef-9a96-0029c0e1657d/datanode-1/data/ratis/fc3e642f-bbce-4072-8b8c-f6420478cc9a has been successfully formatted.
2019-09-26 10:50:27,858 [pool-187-thread-1] INFO  ratis.ContainerStateMachine (ContainerStateMachine.java:loadSnapshot(230)) - group-F6420478CC9A: The snapshot info is null. Setting the last applied indexto:(t:0, i:~)
2019-09-26 10:50:27,858 [pool-187-thread-1] INFO  server.RaftServerConfigKeys (ConfUtils.java:logGet(43)) - raft.server.notification.no-leader.timeout = 120s (custom)
2019-09-26 10:50:27,858 [pool-187-thread-1] INFO  server.RaftServerConfigKeys (ConfUtils.java:logGet(43)) - raft.server.log.use.memory = false (default)
2019-09-26 10:50:27,858 [pool-187-thread-1] INFO  server.RaftServerConfigKeys (ConfUtils.java:logGet(43)) - raft.server.log.purge.gap = 1000000 (custom)
2019-09-26 10:50:27,858 [pool-187-thread-1] INFO  server.RaftServerConfigKeys (ConfUtils.java:logGet(43)) - raft.server.log.appender.buffer.byte-limit = 33554432 (custom)
2019-09-26 10:50:27,858 [pool-187-thread-1] INFO  server.RaftServerConfigKeys (ConfUtils.java:logGet(43)) - raft.server.log.segment.size.max = 1048576 (custom)
2019-09-26 10:50:27,859 [pool-187-thread-1] INFO  server.RaftServerConfigKeys (ConfUtils.java:logGet(43)) - raft.server.log.segment.cache.num.max = 2 (custom)
2019-09-26 10:50:27,859 [pool-187-thread-1] INFO  segmented.SegmentedRaftLogWorker (SegmentedRaftLogWorker.java:<init>(172)) - new a90e5d2d-6f5c-4832-9132-f5f3b303ab20@group-F6420478CC9A-SegmentedRaftLogWorker for RaftStorage:Storage Directory /workdir/hadoop-ozone/ozonefs/target/test-dir/MiniOzoneClusterImpl-b659d7d3-3970-45ef-9a96-0029c0e1657d/datanode-1/data/ratis/fc3e642f-bbce-4072-8b8c-f6420478cc9a
2019-09-26 10:50:27,859 [pool-187-thread-1] INFO  server.RaftServerConfigKeys (ConfUtils.java:logGet(43)) - raft.server.log.queue.byte-limit = 2147483647 (custom)
2019-09-26 10:50:27,859 [pool-187-thread-1] INFO  server.RaftServerConfigKeys (ConfUtils.java:logGet(43)) - raft.server.log.queue.element-limit = 1024 (custom)
2019-09-26 10:50:27,859 [pool-187-thread-1] INFO  server.RaftServerConfigKeys (ConfUtils.java:logGet(43)) - raft.server.log.segment.size.max = 1048576 (custom)
2019-09-26 10:50:27,859 [pool-187-thread-1] INFO  server.RaftServerConfigKeys (ConfUtils.java:logGet(43)) - raft.server.log.preallocated.size = 16384 (custom)
2019-09-26 10:50:27,860 [pool-187-thread-1] INFO  server.RaftServerConfigKeys (ConfUtils.java:logGet(43)) - raft.server.log.write.buffer.size = 33554432 (custom)
2019-09-26 10:50:27,860 [pool-187-thread-1] INFO  server.RaftServerConfigKeys (ConfUtils.java:logGet(43)) - raft.server.log.force.sync.num = 128 (default)
2019-09-26 10:50:27,860 [pool-187-thread-1] INFO  server.RaftServerConfigKeys (ConfUtils.java:logGet(43)) - raft.server.log.statemachine.data.sync = true (default)
2019-09-26 10:50:27,860 [pool-187-thread-1] INFO  server.RaftServerConfigKeys (ConfUtils.java:logGet(43)) - raft.server.log.statemachine.data.sync.timeout = 10s (default)
2019-09-26 10:50:27,860 [pool-187-thread-1] INFO  server.RaftServerConfigKeys (ConfUtils.java:logGet(43)) - raft.server.log.statemachine.data.sync.timeout.retry = -1 (default)
2019-09-26 10:50:27,860 [pool-187-thread-1] INFO  server.RaftServerConfigKeys (ConfUtils.java:logGet(43)) - raft.server.log.statemachine.data.caching.enabled = true (custom)
2019-09-26 10:50:27,861 [pool-187-thread-1] INFO  segmented.SegmentedRaftLogWorker (SegmentedRaftLogWorker.java:lambda$new$0(132)) - a90e5d2d-6f5c-4832-9132-f5f3b303ab20@group-F6420478CC9A-SegmentedRaftLogWorker: flushIndex: setUnconditionally 0 -> -1
2019-09-26 10:50:27,861 [pool-187-thread-1] INFO  server.RaftServerConfigKeys (ConfUtils.java:logGet(43)) - raft.server.snapshot.auto.trigger.enabled = true (custom)
2019-09-26 10:50:27,861 [pool-187-thread-1] INFO  server.RaftServerConfigKeys (ConfUtils.java:logGet(43)) - raft.server.snapshot.auto.trigger.threshold = 10000 (custom)
2019-09-26 10:50:27,861 [pool-187-thread-1] INFO  server.RaftServerConfigKeys (ConfUtils.java:logGet(43)) - raft.server.snapshot.retention.num.files = 5 (custom)
2019-09-26 10:50:27,861 [pool-187-thread-1] INFO  server.RaftServerConfigKeys (ConfUtils.java:logGet(43)) - raft.server.retrycache.expirytime = 600000ms (custom)
2019-09-26 10:50:27,863 [pool-187-thread-1] INFO  impl.RaftServerImpl (RaftServerImpl.java:start(185)) - a90e5d2d-6f5c-4832-9132-f5f3b303ab20@group-F6420478CC9A: start as a follower, conf=-1: [a90e5d2d-6f5c-4832-9132-f5f3b303ab20:192.168.30.13:41085], old=null
2019-09-26 10:50:27,863 [pool-187-thread-1] INFO  impl.RaftServerImpl (RaftServerImpl.java:setRole(174)) - a90e5d2d-6f5c-4832-9132-f5f3b303ab20@group-F6420478CC9A: changes role from      null to FOLLOWER at term 0 for startAsFollower
2019-09-26 10:50:27,864 [pool-187-thread-1] INFO  impl.RoleInfo (RoleInfo.java:updateAndGet(143)) - a90e5d2d-6f5c-4832-9132-f5f3b303ab20: start FollowerState
2019-09-26 10:50:27,864 [pool-187-thread-1] INFO  util.JmxRegister (JmxRegister.java:tryRegister(44)) - Successfully registered JMX Bean with object name Ratis:service=RaftServer,group=group-F6420478CC9A,id=a90e5d2d-6f5c-4832-9132-f5f3b303ab20
2019-09-26 10:50:27,867 [RatisPipelineUtilsThread] INFO  pipeline.PipelineStateManager (PipelineStateManager.java:addPipeline(56)) - Created pipeline Pipeline[ Id: fc3e642f-bbce-4072-8b8c-f6420478cc9a, Nodes: a90e5d2d-6f5c-4832-9132-f5f3b303ab20{ip: 192.168.30.13, host: pr-hdds-1569-wvzgm-824869521, networkLocation: /default-rack, certSerialId: null}, Type:RATIS, Factor:ONE, State:OPEN]
2019-09-26 10:50:27,872 [grpc-default-executor-0] INFO  impl.RaftServerProxy (RaftServerProxy.java:addNew(89)) - a90e5d2d-6f5c-4832-9132-f5f3b303ab20: addNew group-1FA2D79A45C3:[a90e5d2d-6f5c-4832-9132-f5f3b303ab20:192.168.30.13:41085] returns group-1FA2D79A45C3:java.util.concurrent.CompletableFuture@74515224[Not completed]
2019-09-26 10:50:27,873 [pool-187-thread-1] INFO  impl.RaftServerImpl (RaftServerImpl.java:<init>(95)) - a90e5d2d-6f5c-4832-9132-f5f3b303ab20: new RaftServerImpl for group-1FA2D79A45C3:[a90e5d2d-6f5c-4832-9132-f5f3b303ab20:192.168.30.13:41085] with ContainerStateMachine:uninitialized
2019-09-26 10:50:27,873 [pool-187-thread-1] INFO  server.RaftServerConfigKeys (ConfUtils.java:logGet(43)) - raft.server.rpc.timeout.min = 5s (custom)
2019-09-26 10:50:27,873 [pool-187-thread-1] INFO  server.RaftServerConfigKeys (ConfUtils.java:logGet(43)) - raft.server.rpc.timeout.max = 5200ms (custom)
2019-09-26 10:50:27,874 [pool-187-thread-1] INFO  server.RaftServerConfigKeys (ConfUtils.java:logGet(43)) - raft.server.rpcslowness.timeout = 120s (custom)
2019-09-26 10:50:27,874 [pool-187-thread-1] INFO  server.RaftServerConfigKeys (ConfUtils.java:logGet(43)) - raft.server.sleep.deviation.threshold = 300 (default)
2019-09-26 10:50:27,874 [pool-187-thread-1] INFO  server.RaftServerConfigKeys (ConfUtils.java:logGet(43)) - raft.server.log.appender.install.snapshot.enabled = false (custom)
2019-09-26 10:50:27,874 [pool-187-thread-1] INFO  impl.RaftServerImpl (ServerState.java:<init>(103)) - a90e5d2d-6f5c-4832-9132-f5f3b303ab20@group-1FA2D79A45C3: ConfigurationManager, init=-1: [a90e5d2d-6f5c-4832-9132-f5f3b303ab20:192.168.30.13:41085], old=null, confs=<EMPTY_MAP>
2019-09-26 10:50:27,874 [pool-187-thread-1] INFO  server.RaftServerConfigKeys (ConfUtils.java:logGet(43)) - raft.server.storage.dir = [/workdir/hadoop-ozone/ozonefs/target/test-dir/MiniOzoneClusterImpl-b659d7d3-3970-45ef-9a96-0029c0e1657d/datanode-1/data/ratis] (custom)
2019-09-26 10:50:27,874 [pool-187-thread-1] INFO  storage.RaftStorageDirectory (RaftStorageDirectory.java:analyzeStorage(246)) - The storage directory /workdir/hadoop-ozone/ozonefs/target/test-dir/MiniOzoneClusterImpl-b659d7d3-3970-45ef-9a96-0029c0e1657d/datanode-1/data/ratis/caccadb0-af64-43f6-8e85-1fa2d79a45c3 does not exist. Creating ...
2019-09-26 10:50:27,888 [pool-187-thread-1] INFO  storage.RaftStorageDirectory (RaftStorageDirectory.java:tryLock(328)) - Lock on /workdir/hadoop-ozone/ozonefs/target/test-dir/MiniOzoneClusterImpl-b659d7d3-3970-45ef-9a96-0029c0e1657d/datanode-1/data/ratis/caccadb0-af64-43f6-8e85-1fa2d79a45c3/in_use.lock acquired by nodename 25633@pr-hdds-1569-wvzgm-824869521
2019-09-26 10:50:27,901 [pool-187-thread-1] INFO  storage.RaftStorage (RaftStorage.java:format(72)) - Storage directory /workdir/hadoop-ozone/ozonefs/target/test-dir/MiniOzoneClusterImpl-b659d7d3-3970-45ef-9a96-0029c0e1657d/datanode-1/data/ratis/caccadb0-af64-43f6-8e85-1fa2d79a45c3 has been successfully formatted.
2019-09-26 10:50:27,901 [pool-187-thread-1] INFO  ratis.ContainerStateMachine (ContainerStateMachine.java:loadSnapshot(230)) - group-1FA2D79A45C3: The snapshot info is null. Setting the last applied indexto:(t:0, i:~)
2019-09-26 10:50:27,901 [pool-187-thread-1] INFO  server.RaftServerConfigKeys (ConfUtils.java:logGet(43)) - raft.server.notification.no-leader.timeout = 120s (custom)
2019-09-26 10:50:27,901 [pool-187-thread-1] INFO  server.RaftServerConfigKeys (ConfUtils.java:logGet(43)) - raft.server.log.use.memory = false (default)
2019-09-26 10:50:27,901 [pool-187-thread-1] INFO  server.RaftServerConfigKeys (ConfUtils.java:logGet(43)) - raft.server.log.purge.gap = 1000000 (custom)
2019-09-26 10:50:27,902 [pool-187-thread-1] INFO  server.RaftServerConfigKeys (ConfUtils.java:logGet(43)) - raft.server.log.appender.buffer.byte-limit = 33554432 (custom)
2019-09-26 10:50:27,902 [pool-187-thread-1] INFO  server.RaftServerConfigKeys (ConfUtils.java:logGet(43)) - raft.server.log.segment.size.max = 1048576 (custom)
2019-09-26 10:50:27,902 [pool-187-thread-1] INFO  server.RaftServerConfigKeys (ConfUtils.java:logGet(43)) - raft.server.log.segment.cache.num.max = 2 (custom)
2019-09-26 10:50:27,902 [pool-187-thread-1] INFO  segmented.SegmentedRaftLogWorker (SegmentedRaftLogWorker.java:<init>(172)) - new a90e5d2d-6f5c-4832-9132-f5f3b303ab20@group-1FA2D79A45C3-SegmentedRaftLogWorker for RaftStorage:Storage Directory /workdir/hadoop-ozone/ozonefs/target/test-dir/MiniOzoneClusterImpl-b659d7d3-3970-45ef-9a96-0029c0e1657d/datanode-1/data/ratis/caccadb0-af64-43f6-8e85-1fa2d79a45c3
2019-09-26 10:50:27,902 [pool-187-thread-1] INFO  server.RaftServerConfigKeys (ConfUtils.java:logGet(43)) - raft.server.log.queue.byte-limit = 2147483647 (custom)
2019-09-26 10:50:27,902 [pool-187-thread-1] INFO  server.RaftServerConfigKeys (ConfUtils.java:logGet(43)) - raft.server.log.queue.element-limit = 1024 (custom)
2019-09-26 10:50:27,903 [pool-187-thread-1] INFO  server.RaftServerConfigKeys (ConfUtils.java:logGet(43)) - raft.server.log.segment.size.max = 1048576 (custom)
2019-09-26 10:50:27,903 [pool-187-thread-1] INFO  server.RaftServerConfigKeys (ConfUtils.java:logGet(43)) - raft.server.log.preallocated.size = 16384 (custom)
2019-09-26 10:50:27,903 [pool-187-thread-1] INFO  server.RaftServerConfigKeys (ConfUtils.java:logGet(43)) - raft.server.log.write.buffer.size = 33554432 (custom)
2019-09-26 10:50:27,903 [pool-187-thread-1] INFO  server.RaftServerConfigKeys (ConfUtils.java:logGet(43)) - raft.server.log.force.sync.num = 128 (default)
2019-09-26 10:50:27,903 [pool-187-thread-1] INFO  server.RaftServerConfigKeys (ConfUtils.java:logGet(43)) - raft.server.log.statemachine.data.sync = true (default)
2019-09-26 10:50:27,903 [pool-187-thread-1] INFO  server.RaftServerConfigKeys (ConfUtils.java:logGet(43)) - raft.server.log.statemachine.data.sync.timeout = 10s (default)
2019-09-26 10:50:27,903 [pool-187-thread-1] INFO  server.RaftServerConfigKeys (ConfUtils.java:logGet(43)) - raft.server.log.statemachine.data.sync.timeout.retry = -1 (default)
2019-09-26 10:50:27,904 [pool-187-thread-1] INFO  server.RaftServerConfigKeys (ConfUtils.java:logGet(43)) - raft.server.log.statemachine.data.caching.enabled = true (custom)
2019-09-26 10:50:27,904 [pool-187-thread-1] INFO  segmented.SegmentedRaftLogWorker (SegmentedRaftLogWorker.java:lambda$new$0(132)) - a90e5d2d-6f5c-4832-9132-f5f3b303ab20@group-1FA2D79A45C3-SegmentedRaftLogWorker: flushIndex: setUnconditionally 0 -> -1
2019-09-26 10:50:27,904 [pool-187-thread-1] INFO  server.RaftServerConfigKeys (ConfUtils.java:logGet(43)) - raft.server.snapshot.auto.trigger.enabled = true (custom)
2019-09-26 10:50:27,904 [pool-187-thread-1] INFO  server.RaftServerConfigKeys (ConfUtils.java:logGet(43)) - raft.server.snapshot.auto.trigger.threshold = 10000 (custom)
2019-09-26 10:50:27,904 [pool-187-thread-1] INFO  server.RaftServerConfigKeys (ConfUtils.java:logGet(43)) - raft.server.snapshot.retention.num.files = 5 (custom)
2019-09-26 10:50:27,905 [pool-187-thread-1] INFO  server.RaftServerConfigKeys (ConfUtils.java:logGet(43)) - raft.server.retrycache.expirytime = 600000ms (custom)
2019-09-26 10:50:27,906 [pool-187-thread-1] INFO  impl.RaftServerImpl (RaftServerImpl.java:start(185)) - a90e5d2d-6f5c-4832-9132-f5f3b303ab20@group-1FA2D79A45C3: start as a follower, conf=-1: [a90e5d2d-6f5c-4832-9132-f5f3b303ab20:192.168.30.13:41085], old=null
2019-09-26 10:50:27,906 [pool-187-thread-1] INFO  impl.RaftServerImpl (RaftServerImpl.java:setRole(174)) - a90e5d2d-6f5c-4832-9132-f5f3b303ab20@group-1FA2D79A45C3: changes role from      null to FOLLOWER at term 0 for startAsFollower
2019-09-26 10:50:27,907 [pool-187-thread-1] INFO  impl.RoleInfo (RoleInfo.java:updateAndGet(143)) - a90e5d2d-6f5c-4832-9132-f5f3b303ab20: start FollowerState
2019-09-26 10:50:27,907 [pool-187-thread-1] INFO  util.JmxRegister (JmxRegister.java:tryRegister(44)) - Successfully registered JMX Bean with object name Ratis:service=RaftServer,group=group-1FA2D79A45C3,id=a90e5d2d-6f5c-4832-9132-f5f3b303ab20
2019-09-26 10:50:27,910 [RatisPipelineUtilsThread] INFO  pipeline.PipelineStateManager (PipelineStateManager.java:addPipeline(56)) - Created pipeline Pipeline[ Id: caccadb0-af64-43f6-8e85-1fa2d79a45c3, Nodes: a90e5d2d-6f5c-4832-9132-f5f3b303ab20{ip: 192.168.30.13, host: pr-hdds-1569-wvzgm-824869521, networkLocation: /default-rack, certSerialId: null}, Type:RATIS, Factor:ONE, State:OPEN]
2019-09-26 10:50:27,916 [grpc-default-executor-0] INFO  impl.RaftServerProxy (RaftServerProxy.java:addNew(89)) - a90e5d2d-6f5c-4832-9132-f5f3b303ab20: addNew group-169CA80326D1:[a90e5d2d-6f5c-4832-9132-f5f3b303ab20:192.168.30.13:41085] returns group-169CA80326D1:java.util.concurrent.CompletableFuture@724b2973[Not completed]
2019-09-26 10:50:27,916 [pool-187-thread-1] INFO  impl.RaftServerImpl (RaftServerImpl.java:<init>(95)) - a90e5d2d-6f5c-4832-9132-f5f3b303ab20: new RaftServerImpl for group-169CA80326D1:[a90e5d2d-6f5c-4832-9132-f5f3b303ab20:192.168.30.13:41085] with ContainerStateMachine:uninitialized
2019-09-26 10:50:27,917 [pool-187-thread-1] INFO  server.RaftServerConfigKeys (ConfUtils.java:logGet(43)) - raft.server.rpc.timeout.min = 5s (custom)
2019-09-26 10:50:27,917 [pool-187-thread-1] INFO  server.RaftServerConfigKeys (ConfUtils.java:logGet(43)) - raft.server.rpc.timeout.max = 5200ms (custom)
2019-09-26 10:50:27,917 [pool-187-thread-1] INFO  server.RaftServerConfigKeys (ConfUtils.java:logGet(43)) - raft.server.rpcslowness.timeout = 120s (custom)
2019-09-26 10:50:27,917 [pool-187-thread-1] INFO  server.RaftServerConfigKeys (ConfUtils.java:logGet(43)) - raft.server.sleep.deviation.threshold = 300 (default)
2019-09-26 10:50:27,917 [pool-187-thread-1] INFO  server.RaftServerConfigKeys (ConfUtils.java:logGet(43)) - raft.server.log.appender.install.snapshot.enabled = false (custom)
2019-09-26 10:50:27,917 [pool-187-thread-1] INFO  impl.RaftServerImpl (ServerState.java:<init>(103)) - a90e5d2d-6f5c-4832-9132-f5f3b303ab20@group-169CA80326D1: ConfigurationManager, init=-1: [a90e5d2d-6f5c-4832-9132-f5f3b303ab20:192.168.30.13:41085], old=null, confs=<EMPTY_MAP>
2019-09-26 10:50:27,917 [pool-187-thread-1] INFO  server.RaftServerConfigKeys (ConfUtils.java:logGet(43)) - raft.server.storage.dir = [/workdir/hadoop-ozone/ozonefs/target/test-dir/MiniOzoneClusterImpl-b659d7d3-3970-45ef-9a96-0029c0e1657d/datanode-1/data/ratis] (custom)
2019-09-26 10:50:27,918 [pool-187-thread-1] INFO  storage.RaftStorageDirectory (RaftStorageDirectory.java:analyzeStorage(246)) - The storage directory /workdir/hadoop-ozone/ozonefs/target/test-dir/MiniOzoneClusterImpl-b659d7d3-3970-45ef-9a96-0029c0e1657d/datanode-1/data/ratis/4f0243b6-d64e-4f4f-8421-169ca80326d1 does not exist. Creating ...
2019-09-26 10:50:27,931 [pool-187-thread-1] INFO  storage.RaftStorageDirectory (RaftStorageDirectory.java:tryLock(328)) - Lock on /workdir/hadoop-ozone/ozonefs/target/test-dir/MiniOzoneClusterImpl-b659d7d3-3970-45ef-9a96-0029c0e1657d/datanode-1/data/ratis/4f0243b6-d64e-4f4f-8421-169ca80326d1/in_use.lock acquired by nodename 25633@pr-hdds-1569-wvzgm-824869521
2019-09-26 10:50:27,944 [pool-187-thread-1] INFO  storage.RaftStorage (RaftStorage.java:format(72)) - Storage directory /workdir/hadoop-ozone/ozonefs/target/test-dir/MiniOzoneClusterImpl-b659d7d3-3970-45ef-9a96-0029c0e1657d/datanode-1/data/ratis/4f0243b6-d64e-4f4f-8421-169ca80326d1 has been successfully formatted.
2019-09-26 10:50:27,944 [pool-187-thread-1] INFO  ratis.ContainerStateMachine (ContainerStateMachine.java:loadSnapshot(230)) - group-169CA80326D1: The snapshot info is null. Setting the last applied indexto:(t:0, i:~)
2019-09-26 10:50:27,944 [pool-187-thread-1] INFO  server.RaftServerConfigKeys (ConfUtils.java:logGet(43)) - raft.server.notification.no-leader.timeout = 120s (custom)
2019-09-26 10:50:27,944 [pool-187-thread-1] INFO  server.RaftServerConfigKeys (ConfUtils.java:logGet(43)) - raft.server.log.use.memory = false (default)
2019-09-26 10:50:27,944 [pool-187-thread-1] INFO  server.RaftServerConfigKeys (ConfUtils.java:logGet(43)) - raft.server.log.purge.gap = 1000000 (custom)
2019-09-26 10:50:27,945 [pool-187-thread-1] INFO  server.RaftServerConfigKeys (ConfUtils.java:logGet(43)) - raft.server.log.appender.buffer.byte-limit = 33554432 (custom)
2019-09-26 10:50:27,945 [pool-187-thread-1] INFO  server.RaftServerConfigKeys (ConfUtils.java:logGet(43)) - raft.server.log.segment.size.max = 1048576 (custom)
2019-09-26 10:50:27,945 [pool-187-thread-1] INFO  server.RaftServerConfigKeys (ConfUtils.java:logGet(43)) - raft.server.log.segment.cache.num.max = 2 (custom)
2019-09-26 10:50:27,945 [pool-187-thread-1] INFO  segmented.SegmentedRaftLogWorker (SegmentedRaftLogWorker.java:<init>(172)) - new a90e5d2d-6f5c-4832-9132-f5f3b303ab20@group-169CA80326D1-SegmentedRaftLogWorker for RaftStorage:Storage Directory /workdir/hadoop-ozone/ozonefs/target/test-dir/MiniOzoneClusterImpl-b659d7d3-3970-45ef-9a96-0029c0e1657d/datanode-1/data/ratis/4f0243b6-d64e-4f4f-8421-169ca80326d1
2019-09-26 10:50:27,945 [pool-187-thread-1] INFO  server.RaftServerConfigKeys (ConfUtils.java:logGet(43)) - raft.server.log.queue.byte-limit = 2147483647 (custom)
2019-09-26 10:50:27,945 [pool-187-thread-1] INFO  server.RaftServerConfigKeys (ConfUtils.java:logGet(43)) - raft.server.log.queue.element-limit = 1024 (custom)
2019-09-26 10:50:27,945 [pool-187-thread-1] INFO  server.RaftServerConfigKeys (ConfUtils.java:logGet(43)) - raft.server.log.segment.size.max = 1048576 (custom)
2019-09-26 10:50:27,946 [pool-187-thread-1] INFO  server.RaftServerConfigKeys (ConfUtils.java:logGet(43)) - raft.server.log.preallocated.size = 16384 (custom)
2019-09-26 10:50:27,946 [pool-187-thread-1] INFO  server.RaftServerConfigKeys (ConfUtils.java:logGet(43)) - raft.server.log.write.buffer.size = 33554432 (custom)
2019-09-26 10:50:27,946 [pool-187-thread-1] INFO  server.RaftServerConfigKeys (ConfUtils.java:logGet(43)) - raft.server.log.force.sync.num = 128 (default)
2019-09-26 10:50:27,946 [pool-187-thread-1] INFO  server.RaftServerConfigKeys (ConfUtils.java:logGet(43)) - raft.server.log.statemachine.data.sync = true (default)
2019-09-26 10:50:27,946 [pool-187-thread-1] INFO  server.RaftServerConfigKeys (ConfUtils.java:logGet(43)) - raft.server.log.statemachine.data.sync.timeout = 10s (default)
2019-09-26 10:50:27,946 [pool-187-thread-1] INFO  server.RaftServerConfigKeys (ConfUtils.java:logGet(43)) - raft.server.log.statemachine.data.sync.timeout.retry = -1 (default)
2019-09-26 10:50:27,946 [pool-187-thread-1] INFO  server.RaftServerConfigKeys (ConfUtils.java:logGet(43)) - raft.server.log.statemachine.data.caching.enabled = true (custom)
2019-09-26 10:50:27,947 [pool-187-thread-1] INFO  segmented.SegmentedRaftLogWorker (SegmentedRaftLogWorker.java:lambda$new$0(132)) - a90e5d2d-6f5c-4832-9132-f5f3b303ab20@group-169CA80326D1-SegmentedRaftLogWorker: flushIndex: setUnconditionally 0 -> -1
2019-09-26 10:50:27,947 [pool-187-thread-1] INFO  server.RaftServerConfigKeys (ConfUtils.java:logGet(43)) - raft.server.snapshot.auto.trigger.enabled = true (custom)
2019-09-26 10:50:27,947 [pool-187-thread-1] INFO  server.RaftServerConfigKeys (ConfUtils.java:logGet(43)) - raft.server.snapshot.auto.trigger.threshold = 10000 (custom)
2019-09-26 10:50:27,947 [pool-187-thread-1] INFO  server.RaftServerConfigKeys (ConfUtils.java:logGet(43)) - raft.server.snapshot.retention.num.files = 5 (custom)
2019-09-26 10:50:27,947 [pool-187-thread-1] INFO  server.RaftServerConfigKeys (ConfUtils.java:logGet(43)) - raft.server.retrycache.expirytime = 600000ms (custom)
2019-09-26 10:50:27,949 [pool-187-thread-1] INFO  impl.RaftServerImpl (RaftServerImpl.java:start(185)) - a90e5d2d-6f5c-4832-9132-f5f3b303ab20@group-169CA80326D1: start as a follower, conf=-1: [a90e5d2d-6f5c-4832-9132-f5f3b303ab20:192.168.30.13:41085], old=null
2019-09-26 10:50:27,950 [pool-187-thread-1] INFO  impl.RaftServerImpl (RaftServerImpl.java:setRole(174)) - a90e5d2d-6f5c-4832-9132-f5f3b303ab20@group-169CA80326D1: changes role from      null to FOLLOWER at term 0 for startAsFollower
2019-09-26 10:50:27,950 [pool-187-thread-1] INFO  impl.RoleInfo (RoleInfo.java:updateAndGet(143)) - a90e5d2d-6f5c-4832-9132-f5f3b303ab20: start FollowerState
2019-09-26 10:50:27,950 [pool-187-thread-1] INFO  util.JmxRegister (JmxRegister.java:tryRegister(44)) - Successfully registered JMX Bean with object name Ratis:service=RaftServer,group=group-169CA80326D1,id=a90e5d2d-6f5c-4832-9132-f5f3b303ab20
2019-09-26 10:50:27,954 [RatisPipelineUtilsThread] INFO  pipeline.PipelineStateManager (PipelineStateManager.java:addPipeline(56)) - Created pipeline Pipeline[ Id: 4f0243b6-d64e-4f4f-8421-169ca80326d1, Nodes: a90e5d2d-6f5c-4832-9132-f5f3b303ab20{ip: 192.168.30.13, host: pr-hdds-1569-wvzgm-824869521, networkLocation: /default-rack, certSerialId: null}, Type:RATIS, Factor:ONE, State:OPEN]
2019-09-26 10:50:27,960 [grpc-default-executor-0] INFO  impl.RaftServerProxy (RaftServerProxy.java:addNew(89)) - a90e5d2d-6f5c-4832-9132-f5f3b303ab20: addNew group-0CF2D55A4F66:[a90e5d2d-6f5c-4832-9132-f5f3b303ab20:192.168.30.13:41085] returns group-0CF2D55A4F66:java.util.concurrent.CompletableFuture@296bcb01[Not completed]
2019-09-26 10:50:27,961 [pool-187-thread-1] INFO  impl.RaftServerImpl (RaftServerImpl.java:<init>(95)) - a90e5d2d-6f5c-4832-9132-f5f3b303ab20: new RaftServerImpl for group-0CF2D55A4F66:[a90e5d2d-6f5c-4832-9132-f5f3b303ab20:192.168.30.13:41085] with ContainerStateMachine:uninitialized
2019-09-26 10:50:27,961 [pool-187-thread-1] INFO  server.RaftServerConfigKeys (ConfUtils.java:logGet(43)) - raft.server.rpc.timeout.min = 5s (custom)
2019-09-26 10:50:27,961 [pool-187-thread-1] INFO  server.RaftServerConfigKeys (ConfUtils.java:logGet(43)) - raft.server.rpc.timeout.max = 5200ms (custom)
2019-09-26 10:50:27,961 [pool-187-thread-1] INFO  server.RaftServerConfigKeys (ConfUtils.java:logGet(43)) - raft.server.rpcslowness.timeout = 120s (custom)
2019-09-26 10:50:27,961 [pool-187-thread-1] INFO  server.RaftServerConfigKeys (ConfUtils.java:logGet(43)) - raft.server.sleep.deviation.threshold = 300 (default)
2019-09-26 10:50:27,961 [pool-187-thread-1] INFO  server.RaftServerConfigKeys (ConfUtils.java:logGet(43)) - raft.server.log.appender.install.snapshot.enabled = false (custom)
2019-09-26 10:50:27,961 [pool-187-thread-1] INFO  impl.RaftServerImpl (ServerState.java:<init>(103)) - a90e5d2d-6f5c-4832-9132-f5f3b303ab20@group-0CF2D55A4F66: ConfigurationManager, init=-1: [a90e5d2d-6f5c-4832-9132-f5f3b303ab20:192.168.30.13:41085], old=null, confs=<EMPTY_MAP>
2019-09-26 10:50:27,962 [pool-187-thread-1] INFO  server.RaftServerConfigKeys (ConfUtils.java:logGet(43)) - raft.server.storage.dir = [/workdir/hadoop-ozone/ozonefs/target/test-dir/MiniOzoneClusterImpl-b659d7d3-3970-45ef-9a96-0029c0e1657d/datanode-1/data/ratis] (custom)
2019-09-26 10:50:27,962 [pool-187-thread-1] INFO  storage.RaftStorageDirectory (RaftStorageDirectory.java:analyzeStorage(246)) - The storage directory /workdir/hadoop-ozone/ozonefs/target/test-dir/MiniOzoneClusterImpl-b659d7d3-3970-45ef-9a96-0029c0e1657d/datanode-1/data/ratis/3699acfb-b1ec-4101-ae88-0cf2d55a4f66 does not exist. Creating ...
2019-09-26 10:50:27,975 [pool-187-thread-1] INFO  storage.RaftStorageDirectory (RaftStorageDirectory.java:tryLock(328)) - Lock on /workdir/hadoop-ozone/ozonefs/target/test-dir/MiniOzoneClusterImpl-b659d7d3-3970-45ef-9a96-0029c0e1657d/datanode-1/data/ratis/3699acfb-b1ec-4101-ae88-0cf2d55a4f66/in_use.lock acquired by nodename 25633@pr-hdds-1569-wvzgm-824869521
2019-09-26 10:50:27,988 [pool-187-thread-1] INFO  storage.RaftStorage (RaftStorage.java:format(72)) - Storage directory /workdir/hadoop-ozone/ozonefs/target/test-dir/MiniOzoneClusterImpl-b659d7d3-3970-45ef-9a96-0029c0e1657d/datanode-1/data/ratis/3699acfb-b1ec-4101-ae88-0cf2d55a4f66 has been successfully formatted.
2019-09-26 10:50:27,989 [pool-187-thread-1] INFO  ratis.ContainerStateMachine (ContainerStateMachine.java:loadSnapshot(230)) - group-0CF2D55A4F66: The snapshot info is null. Setting the last applied indexto:(t:0, i:~)
2019-09-26 10:50:27,989 [pool-187-thread-1] INFO  server.RaftServerConfigKeys (ConfUtils.java:logGet(43)) - raft.server.notification.no-leader.timeout = 120s (custom)
2019-09-26 10:50:27,989 [pool-187-thread-1] INFO  server.RaftServerConfigKeys (ConfUtils.java:logGet(43)) - raft.server.log.use.memory = false (default)
2019-09-26 10:50:27,989 [pool-187-thread-1] INFO  server.RaftServerConfigKeys (ConfUtils.java:logGet(43)) - raft.server.log.purge.gap = 1000000 (custom)
2019-09-26 10:50:27,989 [pool-187-thread-1] INFO  server.RaftServerConfigKeys (ConfUtils.java:logGet(43)) - raft.server.log.appender.buffer.byte-limit = 33554432 (custom)
2019-09-26 10:50:27,989 [pool-187-thread-1] INFO  server.RaftServerConfigKeys (ConfUtils.java:logGet(43)) - raft.server.log.segment.size.max = 1048576 (custom)
2019-09-26 10:50:27,989 [pool-187-thread-1] INFO  server.RaftServerConfigKeys (ConfUtils.java:logGet(43)) - raft.server.log.segment.cache.num.max = 2 (custom)
2019-09-26 10:50:27,989 [pool-187-thread-1] INFO  segmented.SegmentedRaftLogWorker (SegmentedRaftLogWorker.java:<init>(172)) - new a90e5d2d-6f5c-4832-9132-f5f3b303ab20@group-0CF2D55A4F66-SegmentedRaftLogWorker for RaftStorage:Storage Directory /workdir/hadoop-ozone/ozonefs/target/test-dir/MiniOzoneClusterImpl-b659d7d3-3970-45ef-9a96-0029c0e1657d/datanode-1/data/ratis/3699acfb-b1ec-4101-ae88-0cf2d55a4f66
2019-09-26 10:50:27,990 [pool-187-thread-1] INFO  server.RaftServerConfigKeys (ConfUtils.java:logGet(43)) - raft.server.log.queue.byte-limit = 2147483647 (custom)
2019-09-26 10:50:27,990 [pool-187-thread-1] INFO  server.RaftServerConfigKeys (ConfUtils.java:logGet(43)) - raft.server.log.queue.element-limit = 1024 (custom)
2019-09-26 10:50:27,990 [pool-187-thread-1] INFO  server.RaftServerConfigKeys (ConfUtils.java:logGet(43)) - raft.server.log.segment.size.max = 1048576 (custom)
2019-09-26 10:50:27,990 [pool-187-thread-1] INFO  server.RaftServerConfigKeys (ConfUtils.java:logGet(43)) - raft.server.log.preallocated.size = 16384 (custom)
2019-09-26 10:50:27,990 [pool-187-thread-1] INFO  server.RaftServerConfigKeys (ConfUtils.java:logGet(43)) - raft.server.log.write.buffer.size = 33554432 (custom)
2019-09-26 10:50:27,990 [pool-187-thread-1] INFO  server.RaftServerConfigKeys (ConfUtils.java:logGet(43)) - raft.server.log.force.sync.num = 128 (default)
2019-09-26 10:50:27,990 [pool-187-thread-1] INFO  server.RaftServerConfigKeys (ConfUtils.java:logGet(43)) - raft.server.log.statemachine.data.sync = true (default)
2019-09-26 10:50:27,991 [pool-187-thread-1] INFO  server.RaftServerConfigKeys (ConfUtils.java:logGet(43)) - raft.server.log.statemachine.data.sync.timeout = 10s (default)
2019-09-26 10:50:27,991 [pool-187-thread-1] INFO  server.RaftServerConfigKeys (ConfUtils.java:logGet(43)) - raft.server.log.statemachine.data.sync.timeout.retry = -1 (default)
2019-09-26 10:50:27,991 [pool-187-thread-1] INFO  server.RaftServerConfigKeys (ConfUtils.java:logGet(43)) - raft.server.log.statemachine.data.caching.enabled = true (custom)
2019-09-26 10:50:27,991 [pool-187-thread-1] INFO  segmented.SegmentedRaftLogWorker (SegmentedRaftLogWorker.java:lambda$new$0(132)) - a90e5d2d-6f5c-4832-9132-f5f3b303ab20@group-0CF2D55A4F66-SegmentedRaftLogWorker: flushIndex: setUnconditionally 0 -> -1
2019-09-26 10:50:27,991 [pool-187-thread-1] INFO  server.RaftServerConfigKeys (ConfUtils.java:logGet(43)) - raft.server.snapshot.auto.trigger.enabled = true (custom)
2019-09-26 10:50:27,992 [pool-187-thread-1] INFO  server.RaftServerConfigKeys (ConfUtils.java:logGet(43)) - raft.server.snapshot.auto.trigger.threshold = 10000 (custom)
2019-09-26 10:50:27,992 [pool-187-thread-1] INFO  server.RaftServerConfigKeys (ConfUtils.java:logGet(43)) - raft.server.snapshot.retention.num.files = 5 (custom)
2019-09-26 10:50:27,992 [pool-187-thread-1] INFO  server.RaftServerConfigKeys (ConfUtils.java:logGet(43)) - raft.server.retrycache.expirytime = 600000ms (custom)
2019-09-26 10:50:27,993 [pool-187-thread-1] INFO  impl.RaftServerImpl (RaftServerImpl.java:start(185)) - a90e5d2d-6f5c-4832-9132-f5f3b303ab20@group-0CF2D55A4F66: start as a follower, conf=-1: [a90e5d2d-6f5c-4832-9132-f5f3b303ab20:192.168.30.13:41085], old=null
2019-09-26 10:50:27,994 [pool-187-thread-1] INFO  impl.RaftServerImpl (RaftServerImpl.java:setRole(174)) - a90e5d2d-6f5c-4832-9132-f5f3b303ab20@group-0CF2D55A4F66: changes role from      null to FOLLOWER at term 0 for startAsFollower
2019-09-26 10:50:27,994 [pool-187-thread-1] INFO  impl.RoleInfo (RoleInfo.java:updateAndGet(143)) - a90e5d2d-6f5c-4832-9132-f5f3b303ab20: start FollowerState
2019-09-26 10:50:27,994 [pool-187-thread-1] INFO  util.JmxRegister (JmxRegister.java:tryRegister(44)) - Successfully registered JMX Bean with object name Ratis:service=RaftServer,group=group-0CF2D55A4F66,id=a90e5d2d-6f5c-4832-9132-f5f3b303ab20
2019-09-26 10:50:27,998 [RatisPipelineUtilsThread] INFO  pipeline.PipelineStateManager (PipelineStateManager.java:addPipeline(56)) - Created pipeline Pipeline[ Id: 3699acfb-b1ec-4101-ae88-0cf2d55a4f66, Nodes: a90e5d2d-6f5c-4832-9132-f5f3b303ab20{ip: 192.168.30.13, host: pr-hdds-1569-wvzgm-824869521, networkLocation: /default-rack, certSerialId: null}, Type:RATIS, Factor:ONE, State:OPEN]
2019-09-26 10:50:28,006 [grpc-default-executor-0] INFO  impl.RaftServerProxy (RaftServerProxy.java:addNew(89)) - 4849c495-99fa-4be8-832d-fded55fd2760: addNew group-F024D7BD0C16:[4849c495-99fa-4be8-832d-fded55fd2760:192.168.30.13:39349] returns group-F024D7BD0C16:java.util.concurrent.CompletableFuture@6be4a0a1[Not completed]
2019-09-26 10:50:28,008 [pool-197-thread-1] INFO  impl.RaftServerImpl (RaftServerImpl.java:<init>(95)) - 4849c495-99fa-4be8-832d-fded55fd2760: new RaftServerImpl for group-F024D7BD0C16:[4849c495-99fa-4be8-832d-fded55fd2760:192.168.30.13:39349] with ContainerStateMachine:uninitialized
2019-09-26 10:50:28,008 [pool-197-thread-1] INFO  server.RaftServerConfigKeys (ConfUtils.java:logGet(43)) - raft.server.rpc.timeout.min = 5s (custom)
2019-09-26 10:50:28,008 [pool-197-thread-1] INFO  server.RaftServerConfigKeys (ConfUtils.java:logGet(43)) - raft.server.rpc.timeout.max = 5200ms (custom)
2019-09-26 10:50:28,008 [pool-197-thread-1] INFO  server.RaftServerConfigKeys (ConfUtils.java:logGet(43)) - raft.server.rpcslowness.timeout = 120s (custom)
2019-09-26 10:50:28,009 [pool-197-thread-1] INFO  server.RaftServerConfigKeys (ConfUtils.java:logGet(43)) - raft.server.sleep.deviation.threshold = 300 (default)
2019-09-26 10:50:28,009 [pool-197-thread-1] INFO  server.RaftServerConfigKeys (ConfUtils.java:logGet(43)) - raft.server.log.appender.install.snapshot.enabled = false (custom)
2019-09-26 10:50:28,009 [pool-197-thread-1] INFO  impl.RaftServerImpl (ServerState.java:<init>(103)) - 4849c495-99fa-4be8-832d-fded55fd2760@group-F024D7BD0C16: ConfigurationManager, init=-1: [4849c495-99fa-4be8-832d-fded55fd2760:192.168.30.13:39349], old=null, confs=<EMPTY_MAP>
2019-09-26 10:50:28,009 [pool-197-thread-1] INFO  server.RaftServerConfigKeys (ConfUtils.java:logGet(43)) - raft.server.storage.dir = [/workdir/hadoop-ozone/ozonefs/target/test-dir/MiniOzoneClusterImpl-b659d7d3-3970-45ef-9a96-0029c0e1657d/datanode-2/data/ratis] (custom)
2019-09-26 10:50:28,010 [pool-197-thread-1] INFO  storage.RaftStorageDirectory (RaftStorageDirectory.java:analyzeStorage(246)) - The storage directory /workdir/hadoop-ozone/ozonefs/target/test-dir/MiniOzoneClusterImpl-b659d7d3-3970-45ef-9a96-0029c0e1657d/datanode-2/data/ratis/68889fd9-1e2f-4f4e-ad93-f024d7bd0c16 does not exist. Creating ...
2019-09-26 10:50:28,023 [pool-197-thread-1] INFO  storage.RaftStorageDirectory (RaftStorageDirectory.java:tryLock(328)) - Lock on /workdir/hadoop-ozone/ozonefs/target/test-dir/MiniOzoneClusterImpl-b659d7d3-3970-45ef-9a96-0029c0e1657d/datanode-2/data/ratis/68889fd9-1e2f-4f4e-ad93-f024d7bd0c16/in_use.lock acquired by nodename 25633@pr-hdds-1569-wvzgm-824869521
2019-09-26 10:50:28,037 [pool-197-thread-1] INFO  storage.RaftStorage (RaftStorage.java:format(72)) - Storage directory /workdir/hadoop-ozone/ozonefs/target/test-dir/MiniOzoneClusterImpl-b659d7d3-3970-45ef-9a96-0029c0e1657d/datanode-2/data/ratis/68889fd9-1e2f-4f4e-ad93-f024d7bd0c16 has been successfully formatted.
2019-09-26 10:50:28,037 [pool-197-thread-1] INFO  ratis.ContainerStateMachine (ContainerStateMachine.java:loadSnapshot(230)) - group-F024D7BD0C16: The snapshot info is null. Setting the last applied indexto:(t:0, i:~)
2019-09-26 10:50:28,038 [pool-197-thread-1] INFO  server.RaftServerConfigKeys (ConfUtils.java:logGet(43)) - raft.server.notification.no-leader.timeout = 120s (custom)
2019-09-26 10:50:28,038 [pool-197-thread-1] INFO  server.RaftServerConfigKeys (ConfUtils.java:logGet(43)) - raft.server.log.use.memory = false (default)
2019-09-26 10:50:28,038 [pool-197-thread-1] INFO  server.RaftServerConfigKeys (ConfUtils.java:logGet(43)) - raft.server.log.purge.gap = 1000000 (custom)
2019-09-26 10:50:28,038 [pool-197-thread-1] INFO  server.RaftServerConfigKeys (ConfUtils.java:logGet(43)) - raft.server.log.appender.buffer.byte-limit = 33554432 (custom)
2019-09-26 10:50:28,038 [pool-197-thread-1] INFO  server.RaftServerConfigKeys (ConfUtils.java:logGet(43)) - raft.server.log.segment.size.max = 1048576 (custom)
2019-09-26 10:50:28,038 [pool-197-thread-1] INFO  server.RaftServerConfigKeys (ConfUtils.java:logGet(43)) - raft.server.log.segment.cache.num.max = 2 (custom)
2019-09-26 10:50:28,039 [pool-197-thread-1] INFO  segmented.SegmentedRaftLogWorker (SegmentedRaftLogWorker.java:<init>(172)) - new 4849c495-99fa-4be8-832d-fded55fd2760@group-F024D7BD0C16-SegmentedRaftLogWorker for RaftStorage:Storage Directory /workdir/hadoop-ozone/ozonefs/target/test-dir/MiniOzoneClusterImpl-b659d7d3-3970-45ef-9a96-0029c0e1657d/datanode-2/data/ratis/68889fd9-1e2f-4f4e-ad93-f024d7bd0c16
2019-09-26 10:50:28,041 [pool-197-thread-1] INFO  server.RaftServerConfigKeys (ConfUtils.java:logGet(43)) - raft.server.log.queue.byte-limit = 2147483647 (custom)
2019-09-26 10:50:28,041 [pool-197-thread-1] INFO  server.RaftServerConfigKeys (ConfUtils.java:logGet(43)) - raft.server.log.queue.element-limit = 1024 (custom)
2019-09-26 10:50:28,041 [pool-197-thread-1] INFO  server.RaftServerConfigKeys (ConfUtils.java:logGet(43)) - raft.server.log.segment.size.max = 1048576 (custom)
2019-09-26 10:50:28,041 [pool-197-thread-1] INFO  server.RaftServerConfigKeys (ConfUtils.java:logGet(43)) - raft.server.log.preallocated.size = 16384 (custom)
2019-09-26 10:50:28,041 [pool-197-thread-1] INFO  server.RaftServerConfigKeys (ConfUtils.java:logGet(43)) - raft.server.log.write.buffer.size = 33554432 (custom)
2019-09-26 10:50:28,041 [pool-197-thread-1] INFO  server.RaftServerConfigKeys (ConfUtils.java:logGet(43)) - raft.server.log.force.sync.num = 128 (default)
2019-09-26 10:50:28,042 [pool-197-thread-1] INFO  server.RaftServerConfigKeys (ConfUtils.java:logGet(43)) - raft.server.log.statemachine.data.sync = true (default)
2019-09-26 10:50:28,042 [pool-197-thread-1] INFO  server.RaftServerConfigKeys (ConfUtils.java:logGet(43)) - raft.server.log.statemachine.data.sync.timeout = 10s (default)
2019-09-26 10:50:28,042 [pool-197-thread-1] INFO  server.RaftServerConfigKeys (ConfUtils.java:logGet(43)) - raft.server.log.statemachine.data.sync.timeout.retry = -1 (default)
2019-09-26 10:50:28,042 [pool-197-thread-1] INFO  server.RaftServerConfigKeys (ConfUtils.java:logGet(43)) - raft.server.log.statemachine.data.caching.enabled = true (custom)
2019-09-26 10:50:28,043 [pool-197-thread-1] INFO  segmented.SegmentedRaftLogWorker (SegmentedRaftLogWorker.java:lambda$new$0(132)) - 4849c495-99fa-4be8-832d-fded55fd2760@group-F024D7BD0C16-SegmentedRaftLogWorker: flushIndex: setUnconditionally 0 -> -1
2019-09-26 10:50:28,043 [pool-197-thread-1] INFO  server.RaftServerConfigKeys (ConfUtils.java:logGet(43)) - raft.server.snapshot.auto.trigger.enabled = true (custom)
2019-09-26 10:50:28,043 [pool-197-thread-1] INFO  server.RaftServerConfigKeys (ConfUtils.java:logGet(43)) - raft.server.snapshot.auto.trigger.threshold = 10000 (custom)
2019-09-26 10:50:28,043 [pool-197-thread-1] INFO  server.RaftServerConfigKeys (ConfUtils.java:logGet(43)) - raft.server.snapshot.retention.num.files = 5 (custom)
2019-09-26 10:50:28,044 [pool-197-thread-1] INFO  server.RaftServerConfigKeys (ConfUtils.java:logGet(43)) - raft.server.retrycache.expirytime = 600000ms (custom)
2019-09-26 10:50:28,045 [pool-197-thread-1] INFO  impl.RaftServerImpl (RaftServerImpl.java:start(185)) - 4849c495-99fa-4be8-832d-fded55fd2760@group-F024D7BD0C16: start as a follower, conf=-1: [4849c495-99fa-4be8-832d-fded55fd2760:192.168.30.13:39349], old=null
2019-09-26 10:50:28,046 [pool-197-thread-1] INFO  impl.RaftServerImpl (RaftServerImpl.java:setRole(174)) - 4849c495-99fa-4be8-832d-fded55fd2760@group-F024D7BD0C16: changes role from      null to FOLLOWER at term 0 for startAsFollower
2019-09-26 10:50:28,046 [pool-197-thread-1] INFO  impl.RoleInfo (RoleInfo.java:updateAndGet(143)) - 4849c495-99fa-4be8-832d-fded55fd2760: start FollowerState
2019-09-26 10:50:28,046 [pool-197-thread-1] INFO  util.JmxRegister (JmxRegister.java:tryRegister(44)) - Successfully registered JMX Bean with object name Ratis:service=RaftServer,group=group-F024D7BD0C16,id=4849c495-99fa-4be8-832d-fded55fd2760
2019-09-26 10:50:28,050 [RatisPipelineUtilsThread] INFO  pipeline.PipelineStateManager (PipelineStateManager.java:addPipeline(56)) - Created pipeline Pipeline[ Id: 68889fd9-1e2f-4f4e-ad93-f024d7bd0c16, Nodes: 4849c495-99fa-4be8-832d-fded55fd2760{ip: 192.168.30.13, host: pr-hdds-1569-wvzgm-824869521, networkLocation: /default-rack, certSerialId: null}, Type:RATIS, Factor:ONE, State:OPEN]
2019-09-26 10:50:28,055 [grpc-default-executor-0] INFO  impl.RaftServerProxy (RaftServerProxy.java:addNew(89)) - 8c274a69-f430-4a4c-a276-f582e5c5e4e0: addNew group-644EC02DB879:[8c274a69-f430-4a4c-a276-f582e5c5e4e0:192.168.30.13:38230] returns group-644EC02DB879:java.util.concurrent.CompletableFuture@7a004f7c[Not completed]
2019-09-26 10:50:28,056 [pool-177-thread-1] INFO  impl.RaftServerImpl (RaftServerImpl.java:<init>(95)) - 8c274a69-f430-4a4c-a276-f582e5c5e4e0: new RaftServerImpl for group-644EC02DB879:[8c274a69-f430-4a4c-a276-f582e5c5e4e0:192.168.30.13:38230] with ContainerStateMachine:uninitialized
2019-09-26 10:50:28,057 [pool-177-thread-1] INFO  server.RaftServerConfigKeys (ConfUtils.java:logGet(43)) - raft.server.rpc.timeout.min = 5s (custom)
2019-09-26 10:50:28,057 [pool-177-thread-1] INFO  server.RaftServerConfigKeys (ConfUtils.java:logGet(43)) - raft.server.rpc.timeout.max = 5200ms (custom)
2019-09-26 10:50:28,057 [pool-177-thread-1] INFO  server.RaftServerConfigKeys (ConfUtils.java:logGet(43)) - raft.server.rpcslowness.timeout = 120s (custom)
2019-09-26 10:50:28,057 [pool-177-thread-1] INFO  server.RaftServerConfigKeys (ConfUtils.java:logGet(43)) - raft.server.sleep.deviation.threshold = 300 (default)
2019-09-26 10:50:28,057 [pool-177-thread-1] INFO  server.RaftServerConfigKeys (ConfUtils.java:logGet(43)) - raft.server.log.appender.install.snapshot.enabled = false (custom)
2019-09-26 10:50:28,057 [pool-177-thread-1] INFO  impl.RaftServerImpl (ServerState.java:<init>(103)) - 8c274a69-f430-4a4c-a276-f582e5c5e4e0@group-644EC02DB879: ConfigurationManager, init=-1: [8c274a69-f430-4a4c-a276-f582e5c5e4e0:192.168.30.13:38230], old=null, confs=<EMPTY_MAP>
2019-09-26 10:50:28,058 [pool-177-thread-1] INFO  server.RaftServerConfigKeys (ConfUtils.java:logGet(43)) - raft.server.storage.dir = [/workdir/hadoop-ozone/ozonefs/target/test-dir/MiniOzoneClusterImpl-b659d7d3-3970-45ef-9a96-0029c0e1657d/datanode-0/data/ratis] (custom)
2019-09-26 10:50:28,058 [pool-177-thread-1] INFO  storage.RaftStorageDirectory (RaftStorageDirectory.java:analyzeStorage(246)) - The storage directory /workdir/hadoop-ozone/ozonefs/target/test-dir/MiniOzoneClusterImpl-b659d7d3-3970-45ef-9a96-0029c0e1657d/datanode-0/data/ratis/667072fb-4fd5-42a4-966b-644ec02db879 does not exist. Creating ...
2019-09-26 10:50:28,071 [pool-177-thread-1] INFO  storage.RaftStorageDirectory (RaftStorageDirectory.java:tryLock(328)) - Lock on /workdir/hadoop-ozone/ozonefs/target/test-dir/MiniOzoneClusterImpl-b659d7d3-3970-45ef-9a96-0029c0e1657d/datanode-0/data/ratis/667072fb-4fd5-42a4-966b-644ec02db879/in_use.lock acquired by nodename 25633@pr-hdds-1569-wvzgm-824869521
2019-09-26 10:50:28,084 [pool-177-thread-1] INFO  storage.RaftStorage (RaftStorage.java:format(72)) - Storage directory /workdir/hadoop-ozone/ozonefs/target/test-dir/MiniOzoneClusterImpl-b659d7d3-3970-45ef-9a96-0029c0e1657d/datanode-0/data/ratis/667072fb-4fd5-42a4-966b-644ec02db879 has been successfully formatted.
2019-09-26 10:50:28,084 [pool-177-thread-1] INFO  ratis.ContainerStateMachine (ContainerStateMachine.java:loadSnapshot(230)) - group-644EC02DB879: The snapshot info is null. Setting the last applied indexto:(t:0, i:~)
2019-09-26 10:50:28,084 [pool-177-thread-1] INFO  server.RaftServerConfigKeys (ConfUtils.java:logGet(43)) - raft.server.notification.no-leader.timeout = 120s (custom)
2019-09-26 10:50:28,084 [pool-177-thread-1] INFO  server.RaftServerConfigKeys (ConfUtils.java:logGet(43)) - raft.server.log.use.memory = false (default)
2019-09-26 10:50:28,084 [pool-177-thread-1] INFO  server.RaftServerConfigKeys (ConfUtils.java:logGet(43)) - raft.server.log.purge.gap = 1000000 (custom)
2019-09-26 10:50:28,085 [pool-177-thread-1] INFO  server.RaftServerConfigKeys (ConfUtils.java:logGet(43)) - raft.server.log.appender.buffer.byte-limit = 33554432 (custom)
2019-09-26 10:50:28,085 [pool-177-thread-1] INFO  server.RaftServerConfigKeys (ConfUtils.java:logGet(43)) - raft.server.log.segment.size.max = 1048576 (custom)
2019-09-26 10:50:28,085 [pool-177-thread-1] INFO  server.RaftServerConfigKeys (ConfUtils.java:logGet(43)) - raft.server.log.segment.cache.num.max = 2 (custom)
2019-09-26 10:50:28,085 [pool-177-thread-1] INFO  segmented.SegmentedRaftLogWorker (SegmentedRaftLogWorker.java:<init>(172)) - new 8c274a69-f430-4a4c-a276-f582e5c5e4e0@group-644EC02DB879-SegmentedRaftLogWorker for RaftStorage:Storage Directory /workdir/hadoop-ozone/ozonefs/target/test-dir/MiniOzoneClusterImpl-b659d7d3-3970-45ef-9a96-0029c0e1657d/datanode-0/data/ratis/667072fb-4fd5-42a4-966b-644ec02db879
2019-09-26 10:50:28,085 [pool-177-thread-1] INFO  server.RaftServerConfigKeys (ConfUtils.java:logGet(43)) - raft.server.log.queue.byte-limit = 2147483647 (custom)
2019-09-26 10:50:28,085 [pool-177-thread-1] INFO  server.RaftServerConfigKeys (ConfUtils.java:logGet(43)) - raft.server.log.queue.element-limit = 1024 (custom)
2019-09-26 10:50:28,085 [pool-177-thread-1] INFO  server.RaftServerConfigKeys (ConfUtils.java:logGet(43)) - raft.server.log.segment.size.max = 1048576 (custom)
2019-09-26 10:50:28,085 [pool-177-thread-1] INFO  server.RaftServerConfigKeys (ConfUtils.java:logGet(43)) - raft.server.log.preallocated.size = 16384 (custom)
2019-09-26 10:50:28,086 [pool-177-thread-1] INFO  server.RaftServerConfigKeys (ConfUtils.java:logGet(43)) - raft.server.log.write.buffer.size = 33554432 (custom)
2019-09-26 10:50:28,086 [pool-177-thread-1] INFO  server.RaftServerConfigKeys (ConfUtils.java:logGet(43)) - raft.server.log.force.sync.num = 128 (default)
2019-09-26 10:50:28,086 [pool-177-thread-1] INFO  server.RaftServerConfigKeys (ConfUtils.java:logGet(43)) - raft.server.log.statemachine.data.sync = true (default)
2019-09-26 10:50:28,086 [pool-177-thread-1] INFO  server.RaftServerConfigKeys (ConfUtils.java:logGet(43)) - raft.server.log.statemachine.data.sync.timeout = 10s (default)
2019-09-26 10:50:28,086 [pool-177-thread-1] INFO  server.RaftServerConfigKeys (ConfUtils.java:logGet(43)) - raft.server.log.statemachine.data.sync.timeout.retry = -1 (default)
2019-09-26 10:50:28,087 [pool-177-thread-1] INFO  server.RaftServerConfigKeys (ConfUtils.java:logGet(43)) - raft.server.log.statemachine.data.caching.enabled = true (custom)
2019-09-26 10:50:28,087 [pool-177-thread-1] INFO  segmented.SegmentedRaftLogWorker (SegmentedRaftLogWorker.java:lambda$new$0(132)) - 8c274a69-f430-4a4c-a276-f582e5c5e4e0@group-644EC02DB879-SegmentedRaftLogWorker: flushIndex: setUnconditionally 0 -> -1
2019-09-26 10:50:28,087 [pool-177-thread-1] INFO  server.RaftServerConfigKeys (ConfUtils.java:logGet(43)) - raft.server.snapshot.auto.trigger.enabled = true (custom)
2019-09-26 10:50:28,087 [pool-177-thread-1] INFO  server.RaftServerConfigKeys (ConfUtils.java:logGet(43)) - raft.server.snapshot.auto.trigger.threshold = 10000 (custom)
2019-09-26 10:50:28,088 [pool-177-thread-1] INFO  server.RaftServerConfigKeys (ConfUtils.java:logGet(43)) - raft.server.snapshot.retention.num.files = 5 (custom)
2019-09-26 10:50:28,088 [pool-177-thread-1] INFO  server.RaftServerConfigKeys (ConfUtils.java:logGet(43)) - raft.server.retrycache.expirytime = 600000ms (custom)
2019-09-26 10:50:28,090 [pool-177-thread-1] INFO  impl.RaftServerImpl (RaftServerImpl.java:start(185)) - 8c274a69-f430-4a4c-a276-f582e5c5e4e0@group-644EC02DB879: start as a follower, conf=-1: [8c274a69-f430-4a4c-a276-f582e5c5e4e0:192.168.30.13:38230], old=null
2019-09-26 10:50:28,090 [pool-177-thread-1] INFO  impl.RaftServerImpl (RaftServerImpl.java:setRole(174)) - 8c274a69-f430-4a4c-a276-f582e5c5e4e0@group-644EC02DB879: changes role from      null to FOLLOWER at term 0 for startAsFollower
2019-09-26 10:50:28,091 [pool-177-thread-1] INFO  impl.RoleInfo (RoleInfo.java:updateAndGet(143)) - 8c274a69-f430-4a4c-a276-f582e5c5e4e0: start FollowerState
2019-09-26 10:50:28,091 [pool-177-thread-1] INFO  util.JmxRegister (JmxRegister.java:tryRegister(44)) - Successfully registered JMX Bean with object name Ratis:service=RaftServer,group=group-644EC02DB879,id=8c274a69-f430-4a4c-a276-f582e5c5e4e0
2019-09-26 10:50:28,094 [RatisPipelineUtilsThread] INFO  pipeline.PipelineStateManager (PipelineStateManager.java:addPipeline(56)) - Created pipeline Pipeline[ Id: 667072fb-4fd5-42a4-966b-644ec02db879, Nodes: 8c274a69-f430-4a4c-a276-f582e5c5e4e0{ip: 192.168.30.13, host: pr-hdds-1569-wvzgm-824869521, networkLocation: /default-rack, certSerialId: null}, Type:RATIS, Factor:ONE, State:OPEN]
2019-09-26 10:50:28,094 [RatisPipelineUtilsThread] INFO  pipeline.PipelinePlacementPolicy (PipelinePlacementPolicy.java:meetCriteria(91)) - Pipeline Placement: can't place more pipeline on heavy datanode： 8c274a69-f430-4a4c-a276-f582e5c5e4e0 Heaviness: 6 limit: 5
2019-09-26 10:50:28,100 [grpc-default-executor-0] INFO  impl.RaftServerProxy (RaftServerProxy.java:addNew(89)) - a90e5d2d-6f5c-4832-9132-f5f3b303ab20: addNew group-3ADC156BF30A:[a90e5d2d-6f5c-4832-9132-f5f3b303ab20:192.168.30.13:41085] returns group-3ADC156BF30A:java.util.concurrent.CompletableFuture@24e05288[Not completed]
2019-09-26 10:50:28,102 [pool-187-thread-1] INFO  impl.RaftServerImpl (RaftServerImpl.java:<init>(95)) - a90e5d2d-6f5c-4832-9132-f5f3b303ab20: new RaftServerImpl for group-3ADC156BF30A:[a90e5d2d-6f5c-4832-9132-f5f3b303ab20:192.168.30.13:41085] with ContainerStateMachine:uninitialized
2019-09-26 10:50:28,102 [pool-187-thread-1] INFO  server.RaftServerConfigKeys (ConfUtils.java:logGet(43)) - raft.server.rpc.timeout.min = 5s (custom)
2019-09-26 10:50:28,102 [pool-187-thread-1] INFO  server.RaftServerConfigKeys (ConfUtils.java:logGet(43)) - raft.server.rpc.timeout.max = 5200ms (custom)
2019-09-26 10:50:28,102 [pool-187-thread-1] INFO  server.RaftServerConfigKeys (ConfUtils.java:logGet(43)) - raft.server.rpcslowness.timeout = 120s (custom)
2019-09-26 10:50:28,102 [pool-187-thread-1] INFO  server.RaftServerConfigKeys (ConfUtils.java:logGet(43)) - raft.server.sleep.deviation.threshold = 300 (default)
2019-09-26 10:50:28,103 [pool-187-thread-1] INFO  server.RaftServerConfigKeys (ConfUtils.java:logGet(43)) - raft.server.log.appender.install.snapshot.enabled = false (custom)
2019-09-26 10:50:28,103 [pool-187-thread-1] INFO  impl.RaftServerImpl (ServerState.java:<init>(103)) - a90e5d2d-6f5c-4832-9132-f5f3b303ab20@group-3ADC156BF30A: ConfigurationManager, init=-1: [a90e5d2d-6f5c-4832-9132-f5f3b303ab20:192.168.30.13:41085], old=null, confs=<EMPTY_MAP>
2019-09-26 10:50:28,103 [pool-187-thread-1] INFO  server.RaftServerConfigKeys (ConfUtils.java:logGet(43)) - raft.server.storage.dir = [/workdir/hadoop-ozone/ozonefs/target/test-dir/MiniOzoneClusterImpl-b659d7d3-3970-45ef-9a96-0029c0e1657d/datanode-1/data/ratis] (custom)
2019-09-26 10:50:28,104 [pool-187-thread-1] INFO  storage.RaftStorageDirectory (RaftStorageDirectory.java:analyzeStorage(246)) - The storage directory /workdir/hadoop-ozone/ozonefs/target/test-dir/MiniOzoneClusterImpl-b659d7d3-3970-45ef-9a96-0029c0e1657d/datanode-1/data/ratis/24213742-766c-4923-9827-3adc156bf30a does not exist. Creating ...
2019-09-26 10:50:28,117 [pool-187-thread-1] INFO  storage.RaftStorageDirectory (RaftStorageDirectory.java:tryLock(328)) - Lock on /workdir/hadoop-ozone/ozonefs/target/test-dir/MiniOzoneClusterImpl-b659d7d3-3970-45ef-9a96-0029c0e1657d/datanode-1/data/ratis/24213742-766c-4923-9827-3adc156bf30a/in_use.lock acquired by nodename 25633@pr-hdds-1569-wvzgm-824869521
2019-09-26 10:50:28,136 [pool-187-thread-1] INFO  storage.RaftStorage (RaftStorage.java:format(72)) - Storage directory /workdir/hadoop-ozone/ozonefs/target/test-dir/MiniOzoneClusterImpl-b659d7d3-3970-45ef-9a96-0029c0e1657d/datanode-1/data/ratis/24213742-766c-4923-9827-3adc156bf30a has been successfully formatted.
2019-09-26 10:50:28,137 [pool-187-thread-1] INFO  ratis.ContainerStateMachine (ContainerStateMachine.java:loadSnapshot(230)) - group-3ADC156BF30A: The snapshot info is null. Setting the last applied indexto:(t:0, i:~)
2019-09-26 10:50:28,137 [pool-187-thread-1] INFO  server.RaftServerConfigKeys (ConfUtils.java:logGet(43)) - raft.server.notification.no-leader.timeout = 120s (custom)
2019-09-26 10:50:28,137 [pool-187-thread-1] INFO  server.RaftServerConfigKeys (ConfUtils.java:logGet(43)) - raft.server.log.use.memory = false (default)
2019-09-26 10:50:28,137 [pool-187-thread-1] INFO  server.RaftServerConfigKeys (ConfUtils.java:logGet(43)) - raft.server.log.purge.gap = 1000000 (custom)
2019-09-26 10:50:28,137 [pool-187-thread-1] INFO  server.RaftServerConfigKeys (ConfUtils.java:logGet(43)) - raft.server.log.appender.buffer.byte-limit = 33554432 (custom)
2019-09-26 10:50:28,137 [pool-187-thread-1] INFO  server.RaftServerConfigKeys (ConfUtils.java:logGet(43)) - raft.server.log.segment.size.max = 1048576 (custom)
2019-09-26 10:50:28,138 [pool-187-thread-1] INFO  server.RaftServerConfigKeys (ConfUtils.java:logGet(43)) - raft.server.log.segment.cache.num.max = 2 (custom)
2019-09-26 10:50:28,138 [pool-187-thread-1] INFO  segmented.SegmentedRaftLogWorker (SegmentedRaftLogWorker.java:<init>(172)) - new a90e5d2d-6f5c-4832-9132-f5f3b303ab20@group-3ADC156BF30A-SegmentedRaftLogWorker for RaftStorage:Storage Directory /workdir/hadoop-ozone/ozonefs/target/test-dir/MiniOzoneClusterImpl-b659d7d3-3970-45ef-9a96-0029c0e1657d/datanode-1/data/ratis/24213742-766c-4923-9827-3adc156bf30a
2019-09-26 10:50:28,138 [pool-187-thread-1] INFO  server.RaftServerConfigKeys (ConfUtils.java:logGet(43)) - raft.server.log.queue.byte-limit = 2147483647 (custom)
2019-09-26 10:50:28,138 [pool-187-thread-1] INFO  server.RaftServerConfigKeys (ConfUtils.java:logGet(43)) - raft.server.log.queue.element-limit = 1024 (custom)
2019-09-26 10:50:28,138 [pool-187-thread-1] INFO  server.RaftServerConfigKeys (ConfUtils.java:logGet(43)) - raft.server.log.segment.size.max = 1048576 (custom)
2019-09-26 10:50:28,139 [pool-187-thread-1] INFO  server.RaftServerConfigKeys (ConfUtils.java:logGet(43)) - raft.server.log.preallocated.size = 16384 (custom)
2019-09-26 10:50:28,139 [pool-187-thread-1] INFO  server.RaftServerConfigKeys (ConfUtils.java:logGet(43)) - raft.server.log.write.buffer.size = 33554432 (custom)
2019-09-26 10:50:28,139 [pool-187-thread-1] INFO  server.RaftServerConfigKeys (ConfUtils.java:logGet(43)) - raft.server.log.force.sync.num = 128 (default)
2019-09-26 10:50:28,139 [pool-187-thread-1] INFO  server.RaftServerConfigKeys (ConfUtils.java:logGet(43)) - raft.server.log.statemachine.data.sync = true (default)
2019-09-26 10:50:28,139 [pool-187-thread-1] INFO  server.RaftServerConfigKeys (ConfUtils.java:logGet(43)) - raft.server.log.statemachine.data.sync.timeout = 10s (default)
2019-09-26 10:50:28,139 [pool-187-thread-1] INFO  server.RaftServerConfigKeys (ConfUtils.java:logGet(43)) - raft.server.log.statemachine.data.sync.timeout.retry = -1 (default)
2019-09-26 10:50:28,140 [pool-187-thread-1] INFO  server.RaftServerConfigKeys (ConfUtils.java:logGet(43)) - raft.server.log.statemachine.data.caching.enabled = true (custom)
2019-09-26 10:50:28,140 [pool-187-thread-1] INFO  segmented.SegmentedRaftLogWorker (SegmentedRaftLogWorker.java:lambda$new$0(132)) - a90e5d2d-6f5c-4832-9132-f5f3b303ab20@group-3ADC156BF30A-SegmentedRaftLogWorker: flushIndex: setUnconditionally 0 -> -1
2019-09-26 10:50:28,140 [pool-187-thread-1] INFO  server.RaftServerConfigKeys (ConfUtils.java:logGet(43)) - raft.server.snapshot.auto.trigger.enabled = true (custom)
2019-09-26 10:50:28,140 [pool-187-thread-1] INFO  server.RaftServerConfigKeys (ConfUtils.java:logGet(43)) - raft.server.snapshot.auto.trigger.threshold = 10000 (custom)
2019-09-26 10:50:28,141 [pool-187-thread-1] INFO  server.RaftServerConfigKeys (ConfUtils.java:logGet(43)) - raft.server.snapshot.retention.num.files = 5 (custom)
2019-09-26 10:50:28,141 [pool-187-thread-1] INFO  server.RaftServerConfigKeys (ConfUtils.java:logGet(43)) - raft.server.retrycache.expirytime = 600000ms (custom)
2019-09-26 10:50:28,143 [pool-187-thread-1] INFO  impl.RaftServerImpl (RaftServerImpl.java:start(185)) - a90e5d2d-6f5c-4832-9132-f5f3b303ab20@group-3ADC156BF30A: start as a follower, conf=-1: [a90e5d2d-6f5c-4832-9132-f5f3b303ab20:192.168.30.13:41085], old=null
2019-09-26 10:50:28,143 [pool-187-thread-1] INFO  impl.RaftServerImpl (RaftServerImpl.java:setRole(174)) - a90e5d2d-6f5c-4832-9132-f5f3b303ab20@group-3ADC156BF30A: changes role from      null to FOLLOWER at term 0 for startAsFollower
2019-09-26 10:50:28,143 [pool-187-thread-1] INFO  impl.RoleInfo (RoleInfo.java:updateAndGet(143)) - a90e5d2d-6f5c-4832-9132-f5f3b303ab20: start FollowerState
2019-09-26 10:50:28,144 [pool-187-thread-1] INFO  util.JmxRegister (JmxRegister.java:tryRegister(44)) - Successfully registered JMX Bean with object name Ratis:service=RaftServer,group=group-3ADC156BF30A,id=a90e5d2d-6f5c-4832-9132-f5f3b303ab20
2019-09-26 10:50:28,147 [RatisPipelineUtilsThread] INFO  pipeline.PipelineStateManager (PipelineStateManager.java:addPipeline(56)) - Created pipeline Pipeline[ Id: 24213742-766c-4923-9827-3adc156bf30a, Nodes: a90e5d2d-6f5c-4832-9132-f5f3b303ab20{ip: 192.168.30.13, host: pr-hdds-1569-wvzgm-824869521, networkLocation: /default-rack, certSerialId: null}, Type:RATIS, Factor:ONE, State:OPEN]
2019-09-26 10:50:28,147 [RatisPipelineUtilsThread] INFO  pipeline.PipelinePlacementPolicy (PipelinePlacementPolicy.java:meetCriteria(91)) - Pipeline Placement: can't place more pipeline on heavy datanode： 8c274a69-f430-4a4c-a276-f582e5c5e4e0 Heaviness: 6 limit: 5
2019-09-26 10:50:28,147 [RatisPipelineUtilsThread] INFO  pipeline.PipelinePlacementPolicy (PipelinePlacementPolicy.java:meetCriteria(91)) - Pipeline Placement: can't place more pipeline on heavy datanode： a90e5d2d-6f5c-4832-9132-f5f3b303ab20 Heaviness: 6 limit: 5
2019-09-26 10:50:28,153 [grpc-default-executor-0] INFO  impl.RaftServerProxy (RaftServerProxy.java:addNew(89)) - 4849c495-99fa-4be8-832d-fded55fd2760: addNew group-5F200F7DE6C1:[4849c495-99fa-4be8-832d-fded55fd2760:192.168.30.13:39349] returns group-5F200F7DE6C1:java.util.concurrent.CompletableFuture@4235682b[Not completed]
2019-09-26 10:50:28,154 [pool-197-thread-1] INFO  impl.RaftServerImpl (RaftServerImpl.java:<init>(95)) - 4849c495-99fa-4be8-832d-fded55fd2760: new RaftServerImpl for group-5F200F7DE6C1:[4849c495-99fa-4be8-832d-fded55fd2760:192.168.30.13:39349] with ContainerStateMachine:uninitialized
2019-09-26 10:50:28,154 [pool-197-thread-1] INFO  server.RaftServerConfigKeys (ConfUtils.java:logGet(43)) - raft.server.rpc.timeout.min = 5s (custom)
2019-09-26 10:50:28,154 [pool-197-thread-1] INFO  server.RaftServerConfigKeys (ConfUtils.java:logGet(43)) - raft.server.rpc.timeout.max = 5200ms (custom)
2019-09-26 10:50:28,155 [pool-197-thread-1] INFO  server.RaftServerConfigKeys (ConfUtils.java:logGet(43)) - raft.server.rpcslowness.timeout = 120s (custom)
2019-09-26 10:50:28,155 [pool-197-thread-1] INFO  server.RaftServerConfigKeys (ConfUtils.java:logGet(43)) - raft.server.sleep.deviation.threshold = 300 (default)
2019-09-26 10:50:28,155 [pool-197-thread-1] INFO  server.RaftServerConfigKeys (ConfUtils.java:logGet(43)) - raft.server.log.appender.install.snapshot.enabled = false (custom)
2019-09-26 10:50:28,155 [pool-197-thread-1] INFO  impl.RaftServerImpl (ServerState.java:<init>(103)) - 4849c495-99fa-4be8-832d-fded55fd2760@group-5F200F7DE6C1: ConfigurationManager, init=-1: [4849c495-99fa-4be8-832d-fded55fd2760:192.168.30.13:39349], old=null, confs=<EMPTY_MAP>
2019-09-26 10:50:28,155 [pool-197-thread-1] INFO  server.RaftServerConfigKeys (ConfUtils.java:logGet(43)) - raft.server.storage.dir = [/workdir/hadoop-ozone/ozonefs/target/test-dir/MiniOzoneClusterImpl-b659d7d3-3970-45ef-9a96-0029c0e1657d/datanode-2/data/ratis] (custom)
2019-09-26 10:50:28,156 [pool-197-thread-1] INFO  storage.RaftStorageDirectory (RaftStorageDirectory.java:analyzeStorage(246)) - The storage directory /workdir/hadoop-ozone/ozonefs/target/test-dir/MiniOzoneClusterImpl-b659d7d3-3970-45ef-9a96-0029c0e1657d/datanode-2/data/ratis/fb5891c5-7128-4dd7-bdb0-5f200f7de6c1 does not exist. Creating ...
2019-09-26 10:50:28,169 [pool-197-thread-1] INFO  storage.RaftStorageDirectory (RaftStorageDirectory.java:tryLock(328)) - Lock on /workdir/hadoop-ozone/ozonefs/target/test-dir/MiniOzoneClusterImpl-b659d7d3-3970-45ef-9a96-0029c0e1657d/datanode-2/data/ratis/fb5891c5-7128-4dd7-bdb0-5f200f7de6c1/in_use.lock acquired by nodename 25633@pr-hdds-1569-wvzgm-824869521
2019-09-26 10:50:28,182 [pool-197-thread-1] INFO  storage.RaftStorage (RaftStorage.java:format(72)) - Storage directory /workdir/hadoop-ozone/ozonefs/target/test-dir/MiniOzoneClusterImpl-b659d7d3-3970-45ef-9a96-0029c0e1657d/datanode-2/data/ratis/fb5891c5-7128-4dd7-bdb0-5f200f7de6c1 has been successfully formatted.
2019-09-26 10:50:28,183 [pool-197-thread-1] INFO  ratis.ContainerStateMachine (ContainerStateMachine.java:loadSnapshot(230)) - group-5F200F7DE6C1: The snapshot info is null. Setting the last applied indexto:(t:0, i:~)
2019-09-26 10:50:28,183 [pool-197-thread-1] INFO  server.RaftServerConfigKeys (ConfUtils.java:logGet(43)) - raft.server.notification.no-leader.timeout = 120s (custom)
2019-09-26 10:50:28,183 [pool-197-thread-1] INFO  server.RaftServerConfigKeys (ConfUtils.java:logGet(43)) - raft.server.log.use.memory = false (default)
2019-09-26 10:50:28,183 [pool-197-thread-1] INFO  server.RaftServerConfigKeys (ConfUtils.java:logGet(43)) - raft.server.log.purge.gap = 1000000 (custom)
2019-09-26 10:50:28,183 [pool-197-thread-1] INFO  server.RaftServerConfigKeys (ConfUtils.java:logGet(43)) - raft.server.log.appender.buffer.byte-limit = 33554432 (custom)
2019-09-26 10:50:28,184 [pool-197-thread-1] INFO  server.RaftServerConfigKeys (ConfUtils.java:logGet(43)) - raft.server.log.segment.size.max = 1048576 (custom)
2019-09-26 10:50:28,184 [pool-197-thread-1] INFO  server.RaftServerConfigKeys (ConfUtils.java:logGet(43)) - raft.server.log.segment.cache.num.max = 2 (custom)
2019-09-26 10:50:28,184 [pool-197-thread-1] INFO  segmented.SegmentedRaftLogWorker (SegmentedRaftLogWorker.java:<init>(172)) - new 4849c495-99fa-4be8-832d-fded55fd2760@group-5F200F7DE6C1-SegmentedRaftLogWorker for RaftStorage:Storage Directory /workdir/hadoop-ozone/ozonefs/target/test-dir/MiniOzoneClusterImpl-b659d7d3-3970-45ef-9a96-0029c0e1657d/datanode-2/data/ratis/fb5891c5-7128-4dd7-bdb0-5f200f7de6c1
2019-09-26 10:50:28,184 [pool-197-thread-1] INFO  server.RaftServerConfigKeys (ConfUtils.java:logGet(43)) - raft.server.log.queue.byte-limit = 2147483647 (custom)
2019-09-26 10:50:28,184 [pool-197-thread-1] INFO  server.RaftServerConfigKeys (ConfUtils.java:logGet(43)) - raft.server.log.queue.element-limit = 1024 (custom)
2019-09-26 10:50:28,184 [pool-197-thread-1] INFO  server.RaftServerConfigKeys (ConfUtils.java:logGet(43)) - raft.server.log.segment.size.max = 1048576 (custom)
2019-09-26 10:50:28,185 [pool-197-thread-1] INFO  server.RaftServerConfigKeys (ConfUtils.java:logGet(43)) - raft.server.log.preallocated.size = 16384 (custom)
2019-09-26 10:50:28,185 [pool-197-thread-1] INFO  server.RaftServerConfigKeys (ConfUtils.java:logGet(43)) - raft.server.log.write.buffer.size = 33554432 (custom)
2019-09-26 10:50:28,185 [pool-197-thread-1] INFO  server.RaftServerConfigKeys (ConfUtils.java:logGet(43)) - raft.server.log.force.sync.num = 128 (default)
2019-09-26 10:50:28,185 [pool-197-thread-1] INFO  server.RaftServerConfigKeys (ConfUtils.java:logGet(43)) - raft.server.log.statemachine.data.sync = true (default)
2019-09-26 10:50:28,185 [pool-197-thread-1] INFO  server.RaftServerConfigKeys (ConfUtils.java:logGet(43)) - raft.server.log.statemachine.data.sync.timeout = 10s (default)
2019-09-26 10:50:28,185 [pool-197-thread-1] INFO  server.RaftServerConfigKeys (ConfUtils.java:logGet(43)) - raft.server.log.statemachine.data.sync.timeout.retry = -1 (default)
2019-09-26 10:50:28,186 [pool-197-thread-1] INFO  server.RaftServerConfigKeys (ConfUtils.java:logGet(43)) - raft.server.log.statemachine.data.caching.enabled = true (custom)
2019-09-26 10:50:28,186 [pool-197-thread-1] INFO  segmented.SegmentedRaftLogWorker (SegmentedRaftLogWorker.java:lambda$new$0(132)) - 4849c495-99fa-4be8-832d-fded55fd2760@group-5F200F7DE6C1-SegmentedRaftLogWorker: flushIndex: setUnconditionally 0 -> -1
2019-09-26 10:50:28,186 [pool-197-thread-1] INFO  server.RaftServerConfigKeys (ConfUtils.java:logGet(43)) - raft.server.snapshot.auto.trigger.enabled = true (custom)
2019-09-26 10:50:28,186 [pool-197-thread-1] INFO  server.RaftServerConfigKeys (ConfUtils.java:logGet(43)) - raft.server.snapshot.auto.trigger.threshold = 10000 (custom)
2019-09-26 10:50:28,187 [pool-197-thread-1] INFO  server.RaftServerConfigKeys (ConfUtils.java:logGet(43)) - raft.server.snapshot.retention.num.files = 5 (custom)
2019-09-26 10:50:28,187 [pool-197-thread-1] INFO  server.RaftServerConfigKeys (ConfUtils.java:logGet(43)) - raft.server.retrycache.expirytime = 600000ms (custom)
2019-09-26 10:50:28,189 [pool-197-thread-1] INFO  impl.RaftServerImpl (RaftServerImpl.java:start(185)) - 4849c495-99fa-4be8-832d-fded55fd2760@group-5F200F7DE6C1: start as a follower, conf=-1: [4849c495-99fa-4be8-832d-fded55fd2760:192.168.30.13:39349], old=null
2019-09-26 10:50:28,189 [pool-197-thread-1] INFO  impl.RaftServerImpl (RaftServerImpl.java:setRole(174)) - 4849c495-99fa-4be8-832d-fded55fd2760@group-5F200F7DE6C1: changes role from      null to FOLLOWER at term 0 for startAsFollower
2019-09-26 10:50:28,189 [pool-197-thread-1] INFO  impl.RoleInfo (RoleInfo.java:updateAndGet(143)) - 4849c495-99fa-4be8-832d-fded55fd2760: start FollowerState
2019-09-26 10:50:28,189 [pool-197-thread-1] INFO  util.JmxRegister (JmxRegister.java:tryRegister(44)) - Successfully registered JMX Bean with object name Ratis:service=RaftServer,group=group-5F200F7DE6C1,id=4849c495-99fa-4be8-832d-fded55fd2760
2019-09-26 10:50:28,192 [RatisPipelineUtilsThread] INFO  pipeline.PipelineStateManager (PipelineStateManager.java:addPipeline(56)) - Created pipeline Pipeline[ Id: fb5891c5-7128-4dd7-bdb0-5f200f7de6c1, Nodes: 4849c495-99fa-4be8-832d-fded55fd2760{ip: 192.168.30.13, host: pr-hdds-1569-wvzgm-824869521, networkLocation: /default-rack, certSerialId: null}, Type:RATIS, Factor:ONE, State:OPEN]
2019-09-26 10:50:28,192 [RatisPipelineUtilsThread] INFO  pipeline.PipelinePlacementPolicy (PipelinePlacementPolicy.java:meetCriteria(91)) - Pipeline Placement: can't place more pipeline on heavy datanode： 8c274a69-f430-4a4c-a276-f582e5c5e4e0 Heaviness: 6 limit: 5
2019-09-26 10:50:28,193 [RatisPipelineUtilsThread] INFO  pipeline.PipelinePlacementPolicy (PipelinePlacementPolicy.java:meetCriteria(91)) - Pipeline Placement: can't place more pipeline on heavy datanode： a90e5d2d-6f5c-4832-9132-f5f3b303ab20 Heaviness: 6 limit: 5
2019-09-26 10:50:28,198 [grpc-default-executor-0] INFO  impl.RaftServerProxy (RaftServerProxy.java:addNew(89)) - 4849c495-99fa-4be8-832d-fded55fd2760: addNew group-B0C3C5574B8A:[4849c495-99fa-4be8-832d-fded55fd2760:192.168.30.13:39349] returns group-B0C3C5574B8A:java.util.concurrent.CompletableFuture@760c2362[Not completed]
2019-09-26 10:50:28,199 [pool-197-thread-1] INFO  impl.RaftServerImpl (RaftServerImpl.java:<init>(95)) - 4849c495-99fa-4be8-832d-fded55fd2760: new RaftServerImpl for group-B0C3C5574B8A:[4849c495-99fa-4be8-832d-fded55fd2760:192.168.30.13:39349] with ContainerStateMachine:uninitialized
2019-09-26 10:50:28,199 [pool-197-thread-1] INFO  server.RaftServerConfigKeys (ConfUtils.java:logGet(43)) - raft.server.rpc.timeout.min = 5s (custom)
2019-09-26 10:50:28,200 [pool-197-thread-1] INFO  server.RaftServerConfigKeys (ConfUtils.java:logGet(43)) - raft.server.rpc.timeout.max = 5200ms (custom)
2019-09-26 10:50:28,200 [pool-197-thread-1] INFO  server.RaftServerConfigKeys (ConfUtils.java:logGet(43)) - raft.server.rpcslowness.timeout = 120s (custom)
2019-09-26 10:50:28,200 [pool-197-thread-1] INFO  server.RaftServerConfigKeys (ConfUtils.java:logGet(43)) - raft.server.sleep.deviation.threshold = 300 (default)
2019-09-26 10:50:28,200 [pool-197-thread-1] INFO  server.RaftServerConfigKeys (ConfUtils.java:logGet(43)) - raft.server.log.appender.install.snapshot.enabled = false (custom)
2019-09-26 10:50:28,200 [pool-197-thread-1] INFO  impl.RaftServerImpl (ServerState.java:<init>(103)) - 4849c495-99fa-4be8-832d-fded55fd2760@group-B0C3C5574B8A: ConfigurationManager, init=-1: [4849c495-99fa-4be8-832d-fded55fd2760:192.168.30.13:39349], old=null, confs=<EMPTY_MAP>
2019-09-26 10:50:28,200 [pool-197-thread-1] INFO  server.RaftServerConfigKeys (ConfUtils.java:logGet(43)) - raft.server.storage.dir = [/workdir/hadoop-ozone/ozonefs/target/test-dir/MiniOzoneClusterImpl-b659d7d3-3970-45ef-9a96-0029c0e1657d/datanode-2/data/ratis] (custom)
2019-09-26 10:50:28,201 [pool-197-thread-1] INFO  storage.RaftStorageDirectory (RaftStorageDirectory.java:analyzeStorage(246)) - The storage directory /workdir/hadoop-ozone/ozonefs/target/test-dir/MiniOzoneClusterImpl-b659d7d3-3970-45ef-9a96-0029c0e1657d/datanode-2/data/ratis/65450d53-1362-4b97-bfa0-b0c3c5574b8a does not exist. Creating ...
2019-09-26 10:50:28,214 [pool-197-thread-1] INFO  storage.RaftStorageDirectory (RaftStorageDirectory.java:tryLock(328)) - Lock on /workdir/hadoop-ozone/ozonefs/target/test-dir/MiniOzoneClusterImpl-b659d7d3-3970-45ef-9a96-0029c0e1657d/datanode-2/data/ratis/65450d53-1362-4b97-bfa0-b0c3c5574b8a/in_use.lock acquired by nodename 25633@pr-hdds-1569-wvzgm-824869521
2019-09-26 10:50:28,228 [pool-197-thread-1] INFO  storage.RaftStorage (RaftStorage.java:format(72)) - Storage directory /workdir/hadoop-ozone/ozonefs/target/test-dir/MiniOzoneClusterImpl-b659d7d3-3970-45ef-9a96-0029c0e1657d/datanode-2/data/ratis/65450d53-1362-4b97-bfa0-b0c3c5574b8a has been successfully formatted.
2019-09-26 10:50:28,228 [pool-197-thread-1] INFO  ratis.ContainerStateMachine (ContainerStateMachine.java:loadSnapshot(230)) - group-B0C3C5574B8A: The snapshot info is null. Setting the last applied indexto:(t:0, i:~)
2019-09-26 10:50:28,228 [pool-197-thread-1] INFO  server.RaftServerConfigKeys (ConfUtils.java:logGet(43)) - raft.server.notification.no-leader.timeout = 120s (custom)
2019-09-26 10:50:28,228 [pool-197-thread-1] INFO  server.RaftServerConfigKeys (ConfUtils.java:logGet(43)) - raft.server.log.use.memory = false (default)
2019-09-26 10:50:28,228 [pool-197-thread-1] INFO  server.RaftServerConfigKeys (ConfUtils.java:logGet(43)) - raft.server.log.purge.gap = 1000000 (custom)
2019-09-26 10:50:28,229 [pool-197-thread-1] INFO  server.RaftServerConfigKeys (ConfUtils.java:logGet(43)) - raft.server.log.appender.buffer.byte-limit = 33554432 (custom)
2019-09-26 10:50:28,229 [pool-197-thread-1] INFO  server.RaftServerConfigKeys (ConfUtils.java:logGet(43)) - raft.server.log.segment.size.max = 1048576 (custom)
2019-09-26 10:50:28,229 [pool-197-thread-1] INFO  server.RaftServerConfigKeys (ConfUtils.java:logGet(43)) - raft.server.log.segment.cache.num.max = 2 (custom)
2019-09-26 10:50:28,229 [pool-197-thread-1] INFO  segmented.SegmentedRaftLogWorker (SegmentedRaftLogWorker.java:<init>(172)) - new 4849c495-99fa-4be8-832d-fded55fd2760@group-B0C3C5574B8A-SegmentedRaftLogWorker for RaftStorage:Storage Directory /workdir/hadoop-ozone/ozonefs/target/test-dir/MiniOzoneClusterImpl-b659d7d3-3970-45ef-9a96-0029c0e1657d/datanode-2/data/ratis/65450d53-1362-4b97-bfa0-b0c3c5574b8a
2019-09-26 10:50:28,229 [pool-197-thread-1] INFO  server.RaftServerConfigKeys (ConfUtils.java:logGet(43)) - raft.server.log.queue.byte-limit = 2147483647 (custom)
2019-09-26 10:50:28,229 [pool-197-thread-1] INFO  server.RaftServerConfigKeys (ConfUtils.java:logGet(43)) - raft.server.log.queue.element-limit = 1024 (custom)
2019-09-26 10:50:28,230 [pool-197-thread-1] INFO  server.RaftServerConfigKeys (ConfUtils.java:logGet(43)) - raft.server.log.segment.size.max = 1048576 (custom)
2019-09-26 10:50:28,230 [pool-197-thread-1] INFO  server.RaftServerConfigKeys (ConfUtils.java:logGet(43)) - raft.server.log.preallocated.size = 16384 (custom)
2019-09-26 10:50:28,230 [pool-197-thread-1] INFO  server.RaftServerConfigKeys (ConfUtils.java:logGet(43)) - raft.server.log.write.buffer.size = 33554432 (custom)
2019-09-26 10:50:28,230 [pool-197-thread-1] INFO  server.RaftServerConfigKeys (ConfUtils.java:logGet(43)) - raft.server.log.force.sync.num = 128 (default)
2019-09-26 10:50:28,230 [pool-197-thread-1] INFO  server.RaftServerConfigKeys (ConfUtils.java:logGet(43)) - raft.server.log.statemachine.data.sync = true (default)
2019-09-26 10:50:28,230 [pool-197-thread-1] INFO  server.RaftServerConfigKeys (ConfUtils.java:logGet(43)) - raft.server.log.statemachine.data.sync.timeout = 10s (default)
2019-09-26 10:50:28,231 [pool-197-thread-1] INFO  server.RaftServerConfigKeys (ConfUtils.java:logGet(43)) - raft.server.log.statemachine.data.sync.timeout.retry = -1 (default)
2019-09-26 10:50:28,231 [pool-197-thread-1] INFO  server.RaftServerConfigKeys (ConfUtils.java:logGet(43)) - raft.server.log.statemachine.data.caching.enabled = true (custom)
2019-09-26 10:50:28,231 [pool-197-thread-1] INFO  segmented.SegmentedRaftLogWorker (SegmentedRaftLogWorker.java:lambda$new$0(132)) - 4849c495-99fa-4be8-832d-fded55fd2760@group-B0C3C5574B8A-SegmentedRaftLogWorker: flushIndex: setUnconditionally 0 -> -1
2019-09-26 10:50:28,232 [pool-197-thread-1] INFO  server.RaftServerConfigKeys (ConfUtils.java:logGet(43)) - raft.server.snapshot.auto.trigger.enabled = true (custom)
2019-09-26 10:50:28,232 [pool-197-thread-1] INFO  server.RaftServerConfigKeys (ConfUtils.java:logGet(43)) - raft.server.snapshot.auto.trigger.threshold = 10000 (custom)
2019-09-26 10:50:28,232 [pool-197-thread-1] INFO  server.RaftServerConfigKeys (ConfUtils.java:logGet(43)) - raft.server.snapshot.retention.num.files = 5 (custom)
2019-09-26 10:50:28,232 [pool-197-thread-1] INFO  server.RaftServerConfigKeys (ConfUtils.java:logGet(43)) - raft.server.retrycache.expirytime = 600000ms (custom)
2019-09-26 10:50:28,234 [pool-197-thread-1] INFO  impl.RaftServerImpl (RaftServerImpl.java:start(185)) - 4849c495-99fa-4be8-832d-fded55fd2760@group-B0C3C5574B8A: start as a follower, conf=-1: [4849c495-99fa-4be8-832d-fded55fd2760:192.168.30.13:39349], old=null
2019-09-26 10:50:28,234 [pool-197-thread-1] INFO  impl.RaftServerImpl (RaftServerImpl.java:setRole(174)) - 4849c495-99fa-4be8-832d-fded55fd2760@group-B0C3C5574B8A: changes role from      null to FOLLOWER at term 0 for startAsFollower
2019-09-26 10:50:28,234 [pool-197-thread-1] INFO  impl.RoleInfo (RoleInfo.java:updateAndGet(143)) - 4849c495-99fa-4be8-832d-fded55fd2760: start FollowerState
2019-09-26 10:50:28,235 [pool-197-thread-1] INFO  util.JmxRegister (JmxRegister.java:tryRegister(44)) - Successfully registered JMX Bean with object name Ratis:service=RaftServer,group=group-B0C3C5574B8A,id=4849c495-99fa-4be8-832d-fded55fd2760
2019-09-26 10:50:28,238 [RatisPipelineUtilsThread] INFO  pipeline.PipelineStateManager (PipelineStateManager.java:addPipeline(56)) - Created pipeline Pipeline[ Id: 65450d53-1362-4b97-bfa0-b0c3c5574b8a, Nodes: 4849c495-99fa-4be8-832d-fded55fd2760{ip: 192.168.30.13, host: pr-hdds-1569-wvzgm-824869521, networkLocation: /default-rack, certSerialId: null}, Type:RATIS, Factor:ONE, State:OPEN]
2019-09-26 10:50:28,239 [RatisPipelineUtilsThread] INFO  pipeline.PipelinePlacementPolicy (PipelinePlacementPolicy.java:meetCriteria(91)) - Pipeline Placement: can't place more pipeline on heavy datanode： 8c274a69-f430-4a4c-a276-f582e5c5e4e0 Heaviness: 6 limit: 5
2019-09-26 10:50:28,239 [RatisPipelineUtilsThread] INFO  pipeline.PipelinePlacementPolicy (PipelinePlacementPolicy.java:meetCriteria(91)) - Pipeline Placement: can't place more pipeline on heavy datanode： a90e5d2d-6f5c-4832-9132-f5f3b303ab20 Heaviness: 6 limit: 5
2019-09-26 10:50:28,244 [grpc-default-executor-0] INFO  impl.RaftServerProxy (RaftServerProxy.java:addNew(89)) - 4849c495-99fa-4be8-832d-fded55fd2760: addNew group-04E600D770C4:[4849c495-99fa-4be8-832d-fded55fd2760:192.168.30.13:39349] returns group-04E600D770C4:java.util.concurrent.CompletableFuture@107556f0[Not completed]
2019-09-26 10:50:28,245 [pool-197-thread-1] INFO  impl.RaftServerImpl (RaftServerImpl.java:<init>(95)) - 4849c495-99fa-4be8-832d-fded55fd2760: new RaftServerImpl for group-04E600D770C4:[4849c495-99fa-4be8-832d-fded55fd2760:192.168.30.13:39349] with ContainerStateMachine:uninitialized
2019-09-26 10:50:28,246 [pool-197-thread-1] INFO  server.RaftServerConfigKeys (ConfUtils.java:logGet(43)) - raft.server.rpc.timeout.min = 5s (custom)
2019-09-26 10:50:28,246 [pool-197-thread-1] INFO  server.RaftServerConfigKeys (ConfUtils.java:logGet(43)) - raft.server.rpc.timeout.max = 5200ms (custom)
2019-09-26 10:50:28,246 [pool-197-thread-1] INFO  server.RaftServerConfigKeys (ConfUtils.java:logGet(43)) - raft.server.rpcslowness.timeout = 120s (custom)
2019-09-26 10:50:28,246 [pool-197-thread-1] INFO  server.RaftServerConfigKeys (ConfUtils.java:logGet(43)) - raft.server.sleep.deviation.threshold = 300 (default)
2019-09-26 10:50:28,246 [pool-197-thread-1] INFO  server.RaftServerConfigKeys (ConfUtils.java:logGet(43)) - raft.server.log.appender.install.snapshot.enabled = false (custom)
2019-09-26 10:50:28,246 [pool-197-thread-1] INFO  impl.RaftServerImpl (ServerState.java:<init>(103)) - 4849c495-99fa-4be8-832d-fded55fd2760@group-04E600D770C4: ConfigurationManager, init=-1: [4849c495-99fa-4be8-832d-fded55fd2760:192.168.30.13:39349], old=null, confs=<EMPTY_MAP>
2019-09-26 10:50:28,246 [pool-197-thread-1] INFO  server.RaftServerConfigKeys (ConfUtils.java:logGet(43)) - raft.server.storage.dir = [/workdir/hadoop-ozone/ozonefs/target/test-dir/MiniOzoneClusterImpl-b659d7d3-3970-45ef-9a96-0029c0e1657d/datanode-2/data/ratis] (custom)
2019-09-26 10:50:28,247 [pool-197-thread-1] INFO  storage.RaftStorageDirectory (RaftStorageDirectory.java:analyzeStorage(246)) - The storage directory /workdir/hadoop-ozone/ozonefs/target/test-dir/MiniOzoneClusterImpl-b659d7d3-3970-45ef-9a96-0029c0e1657d/datanode-2/data/ratis/f710a4c9-9139-45a1-a22b-04e600d770c4 does not exist. Creating ...
2019-09-26 10:50:28,260 [pool-197-thread-1] INFO  storage.RaftStorageDirectory (RaftStorageDirectory.java:tryLock(328)) - Lock on /workdir/hadoop-ozone/ozonefs/target/test-dir/MiniOzoneClusterImpl-b659d7d3-3970-45ef-9a96-0029c0e1657d/datanode-2/data/ratis/f710a4c9-9139-45a1-a22b-04e600d770c4/in_use.lock acquired by nodename 25633@pr-hdds-1569-wvzgm-824869521
2019-09-26 10:50:28,273 [pool-197-thread-1] INFO  storage.RaftStorage (RaftStorage.java:format(72)) - Storage directory /workdir/hadoop-ozone/ozonefs/target/test-dir/MiniOzoneClusterImpl-b659d7d3-3970-45ef-9a96-0029c0e1657d/datanode-2/data/ratis/f710a4c9-9139-45a1-a22b-04e600d770c4 has been successfully formatted.
2019-09-26 10:50:28,273 [pool-197-thread-1] INFO  ratis.ContainerStateMachine (ContainerStateMachine.java:loadSnapshot(230)) - group-04E600D770C4: The snapshot info is null. Setting the last applied indexto:(t:0, i:~)
2019-09-26 10:50:28,274 [pool-197-thread-1] INFO  server.RaftServerConfigKeys (ConfUtils.java:logGet(43)) - raft.server.notification.no-leader.timeout = 120s (custom)
2019-09-26 10:50:28,274 [pool-197-thread-1] INFO  server.RaftServerConfigKeys (ConfUtils.java:logGet(43)) - raft.server.log.use.memory = false (default)
2019-09-26 10:50:28,274 [pool-197-thread-1] INFO  server.RaftServerConfigKeys (ConfUtils.java:logGet(43)) - raft.server.log.purge.gap = 1000000 (custom)
2019-09-26 10:50:28,274 [pool-197-thread-1] INFO  server.RaftServerConfigKeys (ConfUtils.java:logGet(43)) - raft.server.log.appender.buffer.byte-limit = 33554432 (custom)
2019-09-26 10:50:28,274 [pool-197-thread-1] INFO  server.RaftServerConfigKeys (ConfUtils.java:logGet(43)) - raft.server.log.segment.size.max = 1048576 (custom)
2019-09-26 10:50:28,274 [pool-197-thread-1] INFO  server.RaftServerConfigKeys (ConfUtils.java:logGet(43)) - raft.server.log.segment.cache.num.max = 2 (custom)
2019-09-26 10:50:28,275 [pool-197-thread-1] INFO  segmented.SegmentedRaftLogWorker (SegmentedRaftLogWorker.java:<init>(172)) - new 4849c495-99fa-4be8-832d-fded55fd2760@group-04E600D770C4-SegmentedRaftLogWorker for RaftStorage:Storage Directory /workdir/hadoop-ozone/ozonefs/target/test-dir/MiniOzoneClusterImpl-b659d7d3-3970-45ef-9a96-0029c0e1657d/datanode-2/data/ratis/f710a4c9-9139-45a1-a22b-04e600d770c4
2019-09-26 10:50:28,275 [pool-197-thread-1] INFO  server.RaftServerConfigKeys (ConfUtils.java:logGet(43)) - raft.server.log.queue.byte-limit = 2147483647 (custom)
2019-09-26 10:50:28,275 [pool-197-thread-1] INFO  server.RaftServerConfigKeys (ConfUtils.java:logGet(43)) - raft.server.log.queue.element-limit = 1024 (custom)
2019-09-26 10:50:28,275 [pool-197-thread-1] INFO  server.RaftServerConfigKeys (ConfUtils.java:logGet(43)) - raft.server.log.segment.size.max = 1048576 (custom)
2019-09-26 10:50:28,275 [pool-197-thread-1] INFO  server.RaftServerConfigKeys (ConfUtils.java:logGet(43)) - raft.server.log.preallocated.size = 16384 (custom)
2019-09-26 10:50:28,275 [pool-197-thread-1] INFO  server.RaftServerConfigKeys (ConfUtils.java:logGet(43)) - raft.server.log.write.buffer.size = 33554432 (custom)
2019-09-26 10:50:28,275 [pool-197-thread-1] INFO  server.RaftServerConfigKeys (ConfUtils.java:logGet(43)) - raft.server.log.force.sync.num = 128 (default)
2019-09-26 10:50:28,276 [pool-197-thread-1] INFO  server.RaftServerConfigKeys (ConfUtils.java:logGet(43)) - raft.server.log.statemachine.data.sync = true (default)
2019-09-26 10:50:28,276 [pool-197-thread-1] INFO  server.RaftServerConfigKeys (ConfUtils.java:logGet(43)) - raft.server.log.statemachine.data.sync.timeout = 10s (default)
2019-09-26 10:50:28,276 [pool-197-thread-1] INFO  server.RaftServerConfigKeys (ConfUtils.java:logGet(43)) - raft.server.log.statemachine.data.sync.timeout.retry = -1 (default)
2019-09-26 10:50:28,276 [pool-197-thread-1] INFO  server.RaftServerConfigKeys (ConfUtils.java:logGet(43)) - raft.server.log.statemachine.data.caching.enabled = true (custom)
2019-09-26 10:50:28,276 [pool-197-thread-1] INFO  segmented.SegmentedRaftLogWorker (SegmentedRaftLogWorker.java:lambda$new$0(132)) - 4849c495-99fa-4be8-832d-fded55fd2760@group-04E600D770C4-SegmentedRaftLogWorker: flushIndex: setUnconditionally 0 -> -1
2019-09-26 10:50:28,277 [pool-197-thread-1] INFO  server.RaftServerConfigKeys (ConfUtils.java:logGet(43)) - raft.server.snapshot.auto.trigger.enabled = true (custom)
2019-09-26 10:50:28,277 [pool-197-thread-1] INFO  server.RaftServerConfigKeys (ConfUtils.java:logGet(43)) - raft.server.snapshot.auto.trigger.threshold = 10000 (custom)
2019-09-26 10:50:28,277 [pool-197-thread-1] INFO  server.RaftServerConfigKeys (ConfUtils.java:logGet(43)) - raft.server.snapshot.retention.num.files = 5 (custom)
2019-09-26 10:50:28,277 [pool-197-thread-1] INFO  server.RaftServerConfigKeys (ConfUtils.java:logGet(43)) - raft.server.retrycache.expirytime = 600000ms (custom)
2019-09-26 10:50:28,279 [pool-197-thread-1] INFO  impl.RaftServerImpl (RaftServerImpl.java:start(185)) - 4849c495-99fa-4be8-832d-fded55fd2760@group-04E600D770C4: start as a follower, conf=-1: [4849c495-99fa-4be8-832d-fded55fd2760:192.168.30.13:39349], old=null
2019-09-26 10:50:28,279 [pool-197-thread-1] INFO  impl.RaftServerImpl (RaftServerImpl.java:setRole(174)) - 4849c495-99fa-4be8-832d-fded55fd2760@group-04E600D770C4: changes role from      null to FOLLOWER at term 0 for startAsFollower
2019-09-26 10:50:28,279 [pool-197-thread-1] INFO  impl.RoleInfo (RoleInfo.java:updateAndGet(143)) - 4849c495-99fa-4be8-832d-fded55fd2760: start FollowerState
2019-09-26 10:50:28,280 [pool-197-thread-1] INFO  util.JmxRegister (JmxRegister.java:tryRegister(44)) - Successfully registered JMX Bean with object name Ratis:service=RaftServer,group=group-04E600D770C4,id=4849c495-99fa-4be8-832d-fded55fd2760
2019-09-26 10:50:28,283 [RatisPipelineUtilsThread] INFO  pipeline.PipelineStateManager (PipelineStateManager.java:addPipeline(56)) - Created pipeline Pipeline[ Id: f710a4c9-9139-45a1-a22b-04e600d770c4, Nodes: 4849c495-99fa-4be8-832d-fded55fd2760{ip: 192.168.30.13, host: pr-hdds-1569-wvzgm-824869521, networkLocation: /default-rack, certSerialId: null}, Type:RATIS, Factor:ONE, State:OPEN]
2019-09-26 10:50:28,283 [RatisPipelineUtilsThread] INFO  pipeline.PipelinePlacementPolicy (PipelinePlacementPolicy.java:meetCriteria(91)) - Pipeline Placement: can't place more pipeline on heavy datanode： 8c274a69-f430-4a4c-a276-f582e5c5e4e0 Heaviness: 6 limit: 5
2019-09-26 10:50:28,283 [RatisPipelineUtilsThread] INFO  pipeline.PipelinePlacementPolicy (PipelinePlacementPolicy.java:meetCriteria(91)) - Pipeline Placement: can't place more pipeline on heavy datanode： a90e5d2d-6f5c-4832-9132-f5f3b303ab20 Heaviness: 6 limit: 5
2019-09-26 10:50:28,289 [grpc-default-executor-0] INFO  impl.RaftServerProxy (RaftServerProxy.java:addNew(89)) - 4849c495-99fa-4be8-832d-fded55fd2760: addNew group-D853A020FC0C:[4849c495-99fa-4be8-832d-fded55fd2760:192.168.30.13:39349] returns group-D853A020FC0C:java.util.concurrent.CompletableFuture@25761045[Not completed]
2019-09-26 10:50:28,290 [pool-197-thread-1] INFO  impl.RaftServerImpl (RaftServerImpl.java:<init>(95)) - 4849c495-99fa-4be8-832d-fded55fd2760: new RaftServerImpl for group-D853A020FC0C:[4849c495-99fa-4be8-832d-fded55fd2760:192.168.30.13:39349] with ContainerStateMachine:uninitialized
2019-09-26 10:50:28,290 [pool-197-thread-1] INFO  server.RaftServerConfigKeys (ConfUtils.java:logGet(43)) - raft.server.rpc.timeout.min = 5s (custom)
2019-09-26 10:50:28,290 [pool-197-thread-1] INFO  server.RaftServerConfigKeys (ConfUtils.java:logGet(43)) - raft.server.rpc.timeout.max = 5200ms (custom)
2019-09-26 10:50:28,290 [pool-197-thread-1] INFO  server.RaftServerConfigKeys (ConfUtils.java:logGet(43)) - raft.server.rpcslowness.timeout = 120s (custom)
2019-09-26 10:50:28,290 [pool-197-thread-1] INFO  server.RaftServerConfigKeys (ConfUtils.java:logGet(43)) - raft.server.sleep.deviation.threshold = 300 (default)
2019-09-26 10:50:28,290 [pool-197-thread-1] INFO  server.RaftServerConfigKeys (ConfUtils.java:logGet(43)) - raft.server.log.appender.install.snapshot.enabled = false (custom)
2019-09-26 10:50:28,291 [pool-197-thread-1] INFO  impl.RaftServerImpl (ServerState.java:<init>(103)) - 4849c495-99fa-4be8-832d-fded55fd2760@group-D853A020FC0C: ConfigurationManager, init=-1: [4849c495-99fa-4be8-832d-fded55fd2760:192.168.30.13:39349], old=null, confs=<EMPTY_MAP>
2019-09-26 10:50:28,291 [pool-197-thread-1] INFO  server.RaftServerConfigKeys (ConfUtils.java:logGet(43)) - raft.server.storage.dir = [/workdir/hadoop-ozone/ozonefs/target/test-dir/MiniOzoneClusterImpl-b659d7d3-3970-45ef-9a96-0029c0e1657d/datanode-2/data/ratis] (custom)
2019-09-26 10:50:28,291 [pool-197-thread-1] INFO  storage.RaftStorageDirectory (RaftStorageDirectory.java:analyzeStorage(246)) - The storage directory /workdir/hadoop-ozone/ozonefs/target/test-dir/MiniOzoneClusterImpl-b659d7d3-3970-45ef-9a96-0029c0e1657d/datanode-2/data/ratis/b97f01e7-1d97-4c1d-b02a-d853a020fc0c does not exist. Creating ...
2019-09-26 10:50:28,304 [pool-197-thread-1] INFO  storage.RaftStorageDirectory (RaftStorageDirectory.java:tryLock(328)) - Lock on /workdir/hadoop-ozone/ozonefs/target/test-dir/MiniOzoneClusterImpl-b659d7d3-3970-45ef-9a96-0029c0e1657d/datanode-2/data/ratis/b97f01e7-1d97-4c1d-b02a-d853a020fc0c/in_use.lock acquired by nodename 25633@pr-hdds-1569-wvzgm-824869521
2019-09-26 10:50:28,318 [pool-197-thread-1] INFO  storage.RaftStorage (RaftStorage.java:format(72)) - Storage directory /workdir/hadoop-ozone/ozonefs/target/test-dir/MiniOzoneClusterImpl-b659d7d3-3970-45ef-9a96-0029c0e1657d/datanode-2/data/ratis/b97f01e7-1d97-4c1d-b02a-d853a020fc0c has been successfully formatted.
2019-09-26 10:50:28,318 [pool-197-thread-1] INFO  ratis.ContainerStateMachine (ContainerStateMachine.java:loadSnapshot(230)) - group-D853A020FC0C: The snapshot info is null. Setting the last applied indexto:(t:0, i:~)
2019-09-26 10:50:28,318 [pool-197-thread-1] INFO  server.RaftServerConfigKeys (ConfUtils.java:logGet(43)) - raft.server.notification.no-leader.timeout = 120s (custom)
2019-09-26 10:50:28,318 [pool-197-thread-1] INFO  server.RaftServerConfigKeys (ConfUtils.java:logGet(43)) - raft.server.log.use.memory = false (default)
2019-09-26 10:50:28,318 [pool-197-thread-1] INFO  server.RaftServerConfigKeys (ConfUtils.java:logGet(43)) - raft.server.log.purge.gap = 1000000 (custom)
2019-09-26 10:50:28,319 [pool-197-thread-1] INFO  server.RaftServerConfigKeys (ConfUtils.java:logGet(43)) - raft.server.log.appender.buffer.byte-limit = 33554432 (custom)
2019-09-26 10:50:28,319 [pool-197-thread-1] INFO  server.RaftServerConfigKeys (ConfUtils.java:logGet(43)) - raft.server.log.segment.size.max = 1048576 (custom)
2019-09-26 10:50:28,319 [pool-197-thread-1] INFO  server.RaftServerConfigKeys (ConfUtils.java:logGet(43)) - raft.server.log.segment.cache.num.max = 2 (custom)
2019-09-26 10:50:28,319 [pool-197-thread-1] INFO  segmented.SegmentedRaftLogWorker (SegmentedRaftLogWorker.java:<init>(172)) - new 4849c495-99fa-4be8-832d-fded55fd2760@group-D853A020FC0C-SegmentedRaftLogWorker for RaftStorage:Storage Directory /workdir/hadoop-ozone/ozonefs/target/test-dir/MiniOzoneClusterImpl-b659d7d3-3970-45ef-9a96-0029c0e1657d/datanode-2/data/ratis/b97f01e7-1d97-4c1d-b02a-d853a020fc0c
2019-09-26 10:50:28,319 [pool-197-thread-1] INFO  server.RaftServerConfigKeys (ConfUtils.java:logGet(43)) - raft.server.log.queue.byte-limit = 2147483647 (custom)
2019-09-26 10:50:28,319 [pool-197-thread-1] INFO  server.RaftServerConfigKeys (ConfUtils.java:logGet(43)) - raft.server.log.queue.element-limit = 1024 (custom)
2019-09-26 10:50:28,319 [pool-197-thread-1] INFO  server.RaftServerConfigKeys (ConfUtils.java:logGet(43)) - raft.server.log.segment.size.max = 1048576 (custom)
2019-09-26 10:50:28,320 [pool-197-thread-1] INFO  server.RaftServerConfigKeys (ConfUtils.java:logGet(43)) - raft.server.log.preallocated.size = 16384 (custom)
2019-09-26 10:50:28,320 [pool-197-thread-1] INFO  server.RaftServerConfigKeys (ConfUtils.java:logGet(43)) - raft.server.log.write.buffer.size = 33554432 (custom)
2019-09-26 10:50:28,320 [pool-197-thread-1] INFO  server.RaftServerConfigKeys (ConfUtils.java:logGet(43)) - raft.server.log.force.sync.num = 128 (default)
2019-09-26 10:50:28,320 [pool-197-thread-1] INFO  server.RaftServerConfigKeys (ConfUtils.java:logGet(43)) - raft.server.log.statemachine.data.sync = true (default)
2019-09-26 10:50:28,320 [pool-197-thread-1] INFO  server.RaftServerConfigKeys (ConfUtils.java:logGet(43)) - raft.server.log.statemachine.data.sync.timeout = 10s (default)
2019-09-26 10:50:28,320 [pool-197-thread-1] INFO  server.RaftServerConfigKeys (ConfUtils.java:logGet(43)) - raft.server.log.statemachine.data.sync.timeout.retry = -1 (default)
2019-09-26 10:50:28,320 [pool-197-thread-1] INFO  server.RaftServerConfigKeys (ConfUtils.java:logGet(43)) - raft.server.log.statemachine.data.caching.enabled = true (custom)
2019-09-26 10:50:28,321 [pool-197-thread-1] INFO  segmented.SegmentedRaftLogWorker (SegmentedRaftLogWorker.java:lambda$new$0(132)) - 4849c495-99fa-4be8-832d-fded55fd2760@group-D853A020FC0C-SegmentedRaftLogWorker: flushIndex: setUnconditionally 0 -> -1
2019-09-26 10:50:28,321 [pool-197-thread-1] INFO  server.RaftServerConfigKeys (ConfUtils.java:logGet(43)) - raft.server.snapshot.auto.trigger.enabled = true (custom)
2019-09-26 10:50:28,321 [pool-197-thread-1] INFO  server.RaftServerConfigKeys (ConfUtils.java:logGet(43)) - raft.server.snapshot.auto.trigger.threshold = 10000 (custom)
2019-09-26 10:50:28,321 [pool-197-thread-1] INFO  server.RaftServerConfigKeys (ConfUtils.java:logGet(43)) - raft.server.snapshot.retention.num.files = 5 (custom)
2019-09-26 10:50:28,322 [pool-197-thread-1] INFO  server.RaftServerConfigKeys (ConfUtils.java:logGet(43)) - raft.server.retrycache.expirytime = 600000ms (custom)
2019-09-26 10:50:28,323 [pool-197-thread-1] INFO  impl.RaftServerImpl (RaftServerImpl.java:start(185)) - 4849c495-99fa-4be8-832d-fded55fd2760@group-D853A020FC0C: start as a follower, conf=-1: [4849c495-99fa-4be8-832d-fded55fd2760:192.168.30.13:39349], old=null
2019-09-26 10:50:28,323 [pool-197-thread-1] INFO  impl.RaftServerImpl (RaftServerImpl.java:setRole(174)) - 4849c495-99fa-4be8-832d-fded55fd2760@group-D853A020FC0C: changes role from      null to FOLLOWER at term 0 for startAsFollower
2019-09-26 10:50:28,323 [pool-197-thread-1] INFO  impl.RoleInfo (RoleInfo.java:updateAndGet(143)) - 4849c495-99fa-4be8-832d-fded55fd2760: start FollowerState
2019-09-26 10:50:28,324 [pool-197-thread-1] INFO  util.JmxRegister (JmxRegister.java:tryRegister(44)) - Successfully registered JMX Bean with object name Ratis:service=RaftServer,group=group-D853A020FC0C,id=4849c495-99fa-4be8-832d-fded55fd2760
2019-09-26 10:50:28,327 [RatisPipelineUtilsThread] INFO  pipeline.PipelineStateManager (PipelineStateManager.java:addPipeline(56)) - Created pipeline Pipeline[ Id: b97f01e7-1d97-4c1d-b02a-d853a020fc0c, Nodes: 4849c495-99fa-4be8-832d-fded55fd2760{ip: 192.168.30.13, host: pr-hdds-1569-wvzgm-824869521, networkLocation: /default-rack, certSerialId: null}, Type:RATIS, Factor:ONE, State:OPEN]
2019-09-26 10:50:28,327 [RatisPipelineUtilsThread] INFO  pipeline.PipelinePlacementPolicy (PipelinePlacementPolicy.java:meetCriteria(91)) - Pipeline Placement: can't place more pipeline on heavy datanode： 8c274a69-f430-4a4c-a276-f582e5c5e4e0 Heaviness: 6 limit: 5
2019-09-26 10:50:28,327 [RatisPipelineUtilsThread] INFO  pipeline.PipelinePlacementPolicy (PipelinePlacementPolicy.java:meetCriteria(91)) - Pipeline Placement: can't place more pipeline on heavy datanode： a90e5d2d-6f5c-4832-9132-f5f3b303ab20 Heaviness: 6 limit: 5
2019-09-26 10:50:28,332 [grpc-default-executor-0] INFO  impl.RaftServerProxy (RaftServerProxy.java:addNew(89)) - 4849c495-99fa-4be8-832d-fded55fd2760: addNew group-274B853F59A6:[4849c495-99fa-4be8-832d-fded55fd2760:192.168.30.13:39349] returns group-274B853F59A6:java.util.concurrent.CompletableFuture@26b1a83f[Not completed]
2019-09-26 10:50:28,333 [pool-197-thread-1] INFO  impl.RaftServerImpl (RaftServerImpl.java:<init>(95)) - 4849c495-99fa-4be8-832d-fded55fd2760: new RaftServerImpl for group-274B853F59A6:[4849c495-99fa-4be8-832d-fded55fd2760:192.168.30.13:39349] with ContainerStateMachine:uninitialized
2019-09-26 10:50:28,333 [pool-197-thread-1] INFO  server.RaftServerConfigKeys (ConfUtils.java:logGet(43)) - raft.server.rpc.timeout.min = 5s (custom)
2019-09-26 10:50:28,334 [pool-197-thread-1] INFO  server.RaftServerConfigKeys (ConfUtils.java:logGet(43)) - raft.server.rpc.timeout.max = 5200ms (custom)
2019-09-26 10:50:28,334 [pool-197-thread-1] INFO  server.RaftServerConfigKeys (ConfUtils.java:logGet(43)) - raft.server.rpcslowness.timeout = 120s (custom)
2019-09-26 10:50:28,334 [pool-197-thread-1] INFO  server.RaftServerConfigKeys (ConfUtils.java:logGet(43)) - raft.server.sleep.deviation.threshold = 300 (default)
2019-09-26 10:50:28,334 [pool-197-thread-1] INFO  server.RaftServerConfigKeys (ConfUtils.java:logGet(43)) - raft.server.log.appender.install.snapshot.enabled = false (custom)
2019-09-26 10:50:28,334 [pool-197-thread-1] INFO  impl.RaftServerImpl (ServerState.java:<init>(103)) - 4849c495-99fa-4be8-832d-fded55fd2760@group-274B853F59A6: ConfigurationManager, init=-1: [4849c495-99fa-4be8-832d-fded55fd2760:192.168.30.13:39349], old=null, confs=<EMPTY_MAP>
2019-09-26 10:50:28,334 [pool-197-thread-1] INFO  server.RaftServerConfigKeys (ConfUtils.java:logGet(43)) - raft.server.storage.dir = [/workdir/hadoop-ozone/ozonefs/target/test-dir/MiniOzoneClusterImpl-b659d7d3-3970-45ef-9a96-0029c0e1657d/datanode-2/data/ratis] (custom)
2019-09-26 10:50:28,335 [pool-197-thread-1] INFO  storage.RaftStorageDirectory (RaftStorageDirectory.java:analyzeStorage(246)) - The storage directory /workdir/hadoop-ozone/ozonefs/target/test-dir/MiniOzoneClusterImpl-b659d7d3-3970-45ef-9a96-0029c0e1657d/datanode-2/data/ratis/1ca8bf97-94c4-42d1-866b-274b853f59a6 does not exist. Creating ...
2019-09-26 10:50:28,347 [pool-197-thread-1] INFO  storage.RaftStorageDirectory (RaftStorageDirectory.java:tryLock(328)) - Lock on /workdir/hadoop-ozone/ozonefs/target/test-dir/MiniOzoneClusterImpl-b659d7d3-3970-45ef-9a96-0029c0e1657d/datanode-2/data/ratis/1ca8bf97-94c4-42d1-866b-274b853f59a6/in_use.lock acquired by nodename 25633@pr-hdds-1569-wvzgm-824869521
2019-09-26 10:50:28,360 [pool-197-thread-1] INFO  storage.RaftStorage (RaftStorage.java:format(72)) - Storage directory /workdir/hadoop-ozone/ozonefs/target/test-dir/MiniOzoneClusterImpl-b659d7d3-3970-45ef-9a96-0029c0e1657d/datanode-2/data/ratis/1ca8bf97-94c4-42d1-866b-274b853f59a6 has been successfully formatted.
2019-09-26 10:50:28,361 [pool-197-thread-1] INFO  ratis.ContainerStateMachine (ContainerStateMachine.java:loadSnapshot(230)) - group-274B853F59A6: The snapshot info is null. Setting the last applied indexto:(t:0, i:~)
2019-09-26 10:50:28,361 [pool-197-thread-1] INFO  server.RaftServerConfigKeys (ConfUtils.java:logGet(43)) - raft.server.notification.no-leader.timeout = 120s (custom)
2019-09-26 10:50:28,361 [pool-197-thread-1] INFO  server.RaftServerConfigKeys (ConfUtils.java:logGet(43)) - raft.server.log.use.memory = false (default)
2019-09-26 10:50:28,361 [pool-197-thread-1] INFO  server.RaftServerConfigKeys (ConfUtils.java:logGet(43)) - raft.server.log.purge.gap = 1000000 (custom)
2019-09-26 10:50:28,361 [pool-197-thread-1] INFO  server.RaftServerConfigKeys (ConfUtils.java:logGet(43)) - raft.server.log.appender.buffer.byte-limit = 33554432 (custom)
2019-09-26 10:50:28,362 [pool-197-thread-1] INFO  server.RaftServerConfigKeys (ConfUtils.java:logGet(43)) - raft.server.log.segment.size.max = 1048576 (custom)
2019-09-26 10:50:28,362 [pool-197-thread-1] INFO  server.RaftServerConfigKeys (ConfUtils.java:logGet(43)) - raft.server.log.segment.cache.num.max = 2 (custom)
2019-09-26 10:50:28,362 [pool-197-thread-1] INFO  segmented.SegmentedRaftLogWorker (SegmentedRaftLogWorker.java:<init>(172)) - new 4849c495-99fa-4be8-832d-fded55fd2760@group-274B853F59A6-SegmentedRaftLogWorker for RaftStorage:Storage Directory /workdir/hadoop-ozone/ozonefs/target/test-dir/MiniOzoneClusterImpl-b659d7d3-3970-45ef-9a96-0029c0e1657d/datanode-2/data/ratis/1ca8bf97-94c4-42d1-866b-274b853f59a6
2019-09-26 10:50:28,362 [pool-197-thread-1] INFO  server.RaftServerConfigKeys (ConfUtils.java:logGet(43)) - raft.server.log.queue.byte-limit = 2147483647 (custom)
2019-09-26 10:50:28,362 [pool-197-thread-1] INFO  server.RaftServerConfigKeys (ConfUtils.java:logGet(43)) - raft.server.log.queue.element-limit = 1024 (custom)
2019-09-26 10:50:28,362 [pool-197-thread-1] INFO  server.RaftServerConfigKeys (ConfUtils.java:logGet(43)) - raft.server.log.segment.size.max = 1048576 (custom)
2019-09-26 10:50:28,362 [pool-197-thread-1] INFO  server.RaftServerConfigKeys (ConfUtils.java:logGet(43)) - raft.server.log.preallocated.size = 16384 (custom)
2019-09-26 10:50:28,363 [pool-197-thread-1] INFO  server.RaftServerConfigKeys (ConfUtils.java:logGet(43)) - raft.server.log.write.buffer.size = 33554432 (custom)
2019-09-26 10:50:28,363 [pool-197-thread-1] INFO  server.RaftServerConfigKeys (ConfUtils.java:logGet(43)) - raft.server.log.force.sync.num = 128 (default)
2019-09-26 10:50:28,363 [pool-197-thread-1] INFO  server.RaftServerConfigKeys (ConfUtils.java:logGet(43)) - raft.server.log.statemachine.data.sync = true (default)
2019-09-26 10:50:28,363 [pool-197-thread-1] INFO  server.RaftServerConfigKeys (ConfUtils.java:logGet(43)) - raft.server.log.statemachine.data.sync.timeout = 10s (default)
2019-09-26 10:50:28,363 [pool-197-thread-1] INFO  server.RaftServerConfigKeys (ConfUtils.java:logGet(43)) - raft.server.log.statemachine.data.sync.timeout.retry = -1 (default)
2019-09-26 10:50:28,363 [pool-197-thread-1] INFO  server.RaftServerConfigKeys (ConfUtils.java:logGet(43)) - raft.server.log.statemachine.data.caching.enabled = true (custom)
2019-09-26 10:50:28,364 [pool-197-thread-1] INFO  segmented.SegmentedRaftLogWorker (SegmentedRaftLogWorker.java:lambda$new$0(132)) - 4849c495-99fa-4be8-832d-fded55fd2760@group-274B853F59A6-SegmentedRaftLogWorker: flushIndex: setUnconditionally 0 -> -1
2019-09-26 10:50:28,364 [pool-197-thread-1] INFO  server.RaftServerConfigKeys (ConfUtils.java:logGet(43)) - raft.server.snapshot.auto.trigger.enabled = true (custom)
2019-09-26 10:50:28,364 [pool-197-thread-1] INFO  server.RaftServerConfigKeys (ConfUtils.java:logGet(43)) - raft.server.snapshot.auto.trigger.threshold = 10000 (custom)
2019-09-26 10:50:28,365 [pool-197-thread-1] INFO  server.RaftServerConfigKeys (ConfUtils.java:logGet(43)) - raft.server.snapshot.retention.num.files = 5 (custom)
2019-09-26 10:50:28,365 [pool-197-thread-1] INFO  server.RaftServerConfigKeys (ConfUtils.java:logGet(43)) - raft.server.retrycache.expirytime = 600000ms (custom)
2019-09-26 10:50:28,367 [pool-197-thread-1] INFO  impl.RaftServerImpl (RaftServerImpl.java:start(185)) - 4849c495-99fa-4be8-832d-fded55fd2760@group-274B853F59A6: start as a follower, conf=-1: [4849c495-99fa-4be8-832d-fded55fd2760:192.168.30.13:39349], old=null
2019-09-26 10:50:28,367 [pool-197-thread-1] INFO  impl.RaftServerImpl (RaftServerImpl.java:setRole(174)) - 4849c495-99fa-4be8-832d-fded55fd2760@group-274B853F59A6: changes role from      null to FOLLOWER at term 0 for startAsFollower
2019-09-26 10:50:28,367 [pool-197-thread-1] INFO  impl.RoleInfo (RoleInfo.java:updateAndGet(143)) - 4849c495-99fa-4be8-832d-fded55fd2760: start FollowerState
2019-09-26 10:50:28,368 [pool-197-thread-1] INFO  util.JmxRegister (JmxRegister.java:tryRegister(44)) - Successfully registered JMX Bean with object name Ratis:service=RaftServer,group=group-274B853F59A6,id=4849c495-99fa-4be8-832d-fded55fd2760
2019-09-26 10:50:28,371 [RatisPipelineUtilsThread] INFO  pipeline.PipelineStateManager (PipelineStateManager.java:addPipeline(56)) - Created pipeline Pipeline[ Id: 1ca8bf97-94c4-42d1-866b-274b853f59a6, Nodes: 4849c495-99fa-4be8-832d-fded55fd2760{ip: 192.168.30.13, host: pr-hdds-1569-wvzgm-824869521, networkLocation: /default-rack, certSerialId: null}, Type:RATIS, Factor:ONE, State:OPEN]
2019-09-26 10:50:28,371 [RatisPipelineUtilsThread] INFO  pipeline.PipelinePlacementPolicy (PipelinePlacementPolicy.java:meetCriteria(91)) - Pipeline Placement: can't place more pipeline on heavy datanode： 8c274a69-f430-4a4c-a276-f582e5c5e4e0 Heaviness: 6 limit: 5
2019-09-26 10:50:28,371 [RatisPipelineUtilsThread] INFO  pipeline.PipelinePlacementPolicy (PipelinePlacementPolicy.java:meetCriteria(91)) - Pipeline Placement: can't place more pipeline on heavy datanode： 4849c495-99fa-4be8-832d-fded55fd2760 Heaviness: 6 limit: 5
2019-09-26 10:50:28,371 [RatisPipelineUtilsThread] INFO  pipeline.PipelinePlacementPolicy (PipelinePlacementPolicy.java:meetCriteria(91)) - Pipeline Placement: can't place more pipeline on heavy datanode： a90e5d2d-6f5c-4832-9132-f5f3b303ab20 Heaviness: 6 limit: 5
2019-09-26 10:50:28,371 [RatisPipelineUtilsThread] ERROR pipeline.PipelinePlacementPolicy (PipelinePlacementPolicy.java:filterViableNodes(148)) - Unable to find enough nodes that meet the criteria that cannot engage in more than 5 pipelines. Nodes required: 1 Found: 0, healthy nodes count inNodeManager: 3.
2019-09-26 10:50:28,372 [RatisPipelineUtilsThread] ERROR pipeline.SCMPipelineManager (SCMPipelineManager.java:createPipeline(167)) - Pipeline creation failed.
org.apache.hadoop.hdds.scm.exceptions.SCMException: Unable to find enough nodes that meet the criteria that cannot engage in more than 5 pipelines. Nodes required: 1 Found: 0, healthy nodes count inNodeManager: 3.
	at org.apache.hadoop.hdds.scm.pipeline.PipelinePlacementPolicy.filterViableNodes(PipelinePlacementPolicy.java:149)
	at org.apache.hadoop.hdds.scm.pipeline.PipelinePlacementPolicy.chooseDatanodes(PipelinePlacementPolicy.java:172)
	at org.apache.hadoop.hdds.scm.pipeline.RatisPipelineProvider.create(RatisPipelineProvider.java:93)
	at org.apache.hadoop.hdds.scm.pipeline.PipelineFactory.create(PipelineFactory.java:58)
	at org.apache.hadoop.hdds.scm.pipeline.SCMPipelineManager.createPipeline(SCMPipelineManager.java:155)
	at org.apache.hadoop.hdds.scm.pipeline.BackgroundPipelineCreator.createPipelines(BackgroundPipelineCreator.java:99)
	at java.util.concurrent.Executors$RunnableAdapter.call(Executors.java:511)
	at java.util.concurrent.FutureTask.run(FutureTask.java:266)
	at java.util.concurrent.ScheduledThreadPoolExecutor$ScheduledFutureTask.access$201(ScheduledThreadPoolExecutor.java:180)
	at java.util.concurrent.ScheduledThreadPoolExecutor$ScheduledFutureTask.run(ScheduledThreadPoolExecutor.java:293)
	at java.util.concurrent.ThreadPoolExecutor.runWorker(ThreadPoolExecutor.java:1149)
	at java.util.concurrent.ThreadPoolExecutor$Worker.run(ThreadPoolExecutor.java:624)
	at java.lang.Thread.run(Thread.java:748)
2019-09-26 10:50:28,375 [RatisPipelineUtilsThread] INFO  pipeline.PipelinePlacementPolicy (PipelinePlacementPolicy.java:meetCriteria(91)) - Pipeline Placement: can't place more pipeline on heavy datanode： 8c274a69-f430-4a4c-a276-f582e5c5e4e0 Heaviness: 6 limit: 5
2019-09-26 10:50:28,375 [RatisPipelineUtilsThread] INFO  pipeline.PipelinePlacementPolicy (PipelinePlacementPolicy.java:meetCriteria(91)) - Pipeline Placement: can't place more pipeline on heavy datanode： 4849c495-99fa-4be8-832d-fded55fd2760 Heaviness: 6 limit: 5
2019-09-26 10:50:28,376 [RatisPipelineUtilsThread] INFO  pipeline.PipelinePlacementPolicy (PipelinePlacementPolicy.java:meetCriteria(91)) - Pipeline Placement: can't place more pipeline on heavy datanode： a90e5d2d-6f5c-4832-9132-f5f3b303ab20 Heaviness: 6 limit: 5
2019-09-26 10:50:28,376 [RatisPipelineUtilsThread] ERROR pipeline.PipelinePlacementPolicy (PipelinePlacementPolicy.java:filterViableNodes(148)) - Unable to find enough nodes that meet the criteria that cannot engage in more than 5 pipelines. Nodes required: 3 Found: 0, healthy nodes count inNodeManager: 3.
2019-09-26 10:50:28,376 [RatisPipelineUtilsThread] ERROR pipeline.SCMPipelineManager (SCMPipelineManager.java:createPipeline(167)) - Pipeline creation failed.
org.apache.hadoop.hdds.scm.exceptions.SCMException: Unable to find enough nodes that meet the criteria that cannot engage in more than 5 pipelines. Nodes required: 3 Found: 0, healthy nodes count inNodeManager: 3.
	at org.apache.hadoop.hdds.scm.pipeline.PipelinePlacementPolicy.filterViableNodes(PipelinePlacementPolicy.java:149)
	at org.apache.hadoop.hdds.scm.pipeline.PipelinePlacementPolicy.chooseDatanodes(PipelinePlacementPolicy.java:172)
	at org.apache.hadoop.hdds.scm.pipeline.RatisPipelineProvider.create(RatisPipelineProvider.java:93)
	at org.apache.hadoop.hdds.scm.pipeline.PipelineFactory.create(PipelineFactory.java:58)
	at org.apache.hadoop.hdds.scm.pipeline.SCMPipelineManager.createPipeline(SCMPipelineManager.java:155)
	at org.apache.hadoop.hdds.scm.pipeline.BackgroundPipelineCreator.createPipelines(BackgroundPipelineCreator.java:99)
	at java.util.concurrent.Executors$RunnableAdapter.call(Executors.java:511)
	at java.util.concurrent.FutureTask.run(FutureTask.java:266)
	at java.util.concurrent.ScheduledThreadPoolExecutor$ScheduledFutureTask.access$201(ScheduledThreadPoolExecutor.java:180)
	at java.util.concurrent.ScheduledThreadPoolExecutor$ScheduledFutureTask.run(ScheduledThreadPoolExecutor.java:293)
	at java.util.concurrent.ThreadPoolExecutor.runWorker(ThreadPoolExecutor.java:1149)
	at java.util.concurrent.ThreadPoolExecutor$Worker.run(ThreadPoolExecutor.java:624)
	at java.lang.Thread.run(Thread.java:748)
2019-09-26 10:50:28,376 [RatisPipelineUtilsThread] INFO  pipeline.PipelinePlacementPolicy (PipelinePlacementPolicy.java:meetCriteria(91)) - Pipeline Placement: can't place more pipeline on heavy datanode： 8c274a69-f430-4a4c-a276-f582e5c5e4e0 Heaviness: 6 limit: 5
2019-09-26 10:50:28,377 [RatisPipelineUtilsThread] INFO  pipeline.PipelinePlacementPolicy (PipelinePlacementPolicy.java:meetCriteria(91)) - Pipeline Placement: can't place more pipeline on heavy datanode： 4849c495-99fa-4be8-832d-fded55fd2760 Heaviness: 6 limit: 5
2019-09-26 10:50:28,377 [RatisPipelineUtilsThread] INFO  pipeline.PipelinePlacementPolicy (PipelinePlacementPolicy.java:meetCriteria(91)) - Pipeline Placement: can't place more pipeline on heavy datanode： a90e5d2d-6f5c-4832-9132-f5f3b303ab20 Heaviness: 6 limit: 5
2019-09-26 10:50:28,377 [RatisPipelineUtilsThread] ERROR pipeline.PipelinePlacementPolicy (PipelinePlacementPolicy.java:filterViableNodes(148)) - Unable to find enough nodes that meet the criteria that cannot engage in more than 5 pipelines. Nodes required: 1 Found: 0, healthy nodes count inNodeManager: 3.
2019-09-26 10:50:28,377 [RatisPipelineUtilsThread] ERROR pipeline.SCMPipelineManager (SCMPipelineManager.java:createPipeline(167)) - Pipeline creation failed.
org.apache.hadoop.hdds.scm.exceptions.SCMException: Unable to find enough nodes that meet the criteria that cannot engage in more than 5 pipelines. Nodes required: 1 Found: 0, healthy nodes count inNodeManager: 3.
	at org.apache.hadoop.hdds.scm.pipeline.PipelinePlacementPolicy.filterViableNodes(PipelinePlacementPolicy.java:149)
	at org.apache.hadoop.hdds.scm.pipeline.PipelinePlacementPolicy.chooseDatanodes(PipelinePlacementPolicy.java:172)
	at org.apache.hadoop.hdds.scm.pipeline.RatisPipelineProvider.create(RatisPipelineProvider.java:93)
	at org.apache.hadoop.hdds.scm.pipeline.PipelineFactory.create(PipelineFactory.java:58)
	at org.apache.hadoop.hdds.scm.pipeline.SCMPipelineManager.createPipeline(SCMPipelineManager.java:155)
	at org.apache.hadoop.hdds.scm.pipeline.BackgroundPipelineCreator.createPipelines(BackgroundPipelineCreator.java:99)
	at org.apache.hadoop.hdds.scm.pipeline.BackgroundPipelineCreator.lambda$startFixedIntervalPipelineCreator$0(BackgroundPipelineCreator.java:70)
	at java.util.concurrent.Executors$RunnableAdapter.call(Executors.java:511)
	at java.util.concurrent.FutureTask.runAndReset(FutureTask.java:308)
	at java.util.concurrent.ScheduledThreadPoolExecutor$ScheduledFutureTask.access$301(ScheduledThreadPoolExecutor.java:180)
	at java.util.concurrent.ScheduledThreadPoolExecutor$ScheduledFutureTask.run(ScheduledThreadPoolExecutor.java:294)
	at java.util.concurrent.ThreadPoolExecutor.runWorker(ThreadPoolExecutor.java:1149)
	at java.util.concurrent.ThreadPoolExecutor$Worker.run(ThreadPoolExecutor.java:624)
	at java.lang.Thread.run(Thread.java:748)
2019-09-26 10:50:28,378 [RatisPipelineUtilsThread] INFO  pipeline.PipelinePlacementPolicy (PipelinePlacementPolicy.java:meetCriteria(91)) - Pipeline Placement: can't place more pipeline on heavy datanode： 8c274a69-f430-4a4c-a276-f582e5c5e4e0 Heaviness: 6 limit: 5
2019-09-26 10:50:28,378 [RatisPipelineUtilsThread] INFO  pipeline.PipelinePlacementPolicy (PipelinePlacementPolicy.java:meetCriteria(91)) - Pipeline Placement: can't place more pipeline on heavy datanode： 4849c495-99fa-4be8-832d-fded55fd2760 Heaviness: 6 limit: 5
2019-09-26 10:50:28,378 [RatisPipelineUtilsThread] INFO  pipeline.PipelinePlacementPolicy (PipelinePlacementPolicy.java:meetCriteria(91)) - Pipeline Placement: can't place more pipeline on heavy datanode： a90e5d2d-6f5c-4832-9132-f5f3b303ab20 Heaviness: 6 limit: 5
2019-09-26 10:50:28,378 [RatisPipelineUtilsThread] ERROR pipeline.PipelinePlacementPolicy (PipelinePlacementPolicy.java:filterViableNodes(148)) - Unable to find enough nodes that meet the criteria that cannot engage in more than 5 pipelines. Nodes required: 3 Found: 0, healthy nodes count inNodeManager: 3.
2019-09-26 10:50:28,378 [RatisPipelineUtilsThread] ERROR pipeline.SCMPipelineManager (SCMPipelineManager.java:createPipeline(167)) - Pipeline creation failed.
org.apache.hadoop.hdds.scm.exceptions.SCMException: Unable to find enough nodes that meet the criteria that cannot engage in more than 5 pipelines. Nodes required: 3 Found: 0, healthy nodes count inNodeManager: 3.
	at org.apache.hadoop.hdds.scm.pipeline.PipelinePlacementPolicy.filterViableNodes(PipelinePlacementPolicy.java:149)
	at org.apache.hadoop.hdds.scm.pipeline.PipelinePlacementPolicy.chooseDatanodes(PipelinePlacementPolicy.java:172)
	at org.apache.hadoop.hdds.scm.pipeline.RatisPipelineProvider.create(RatisPipelineProvider.java:93)
	at org.apache.hadoop.hdds.scm.pipeline.PipelineFactory.create(PipelineFactory.java:58)
	at org.apache.hadoop.hdds.scm.pipeline.SCMPipelineManager.createPipeline(SCMPipelineManager.java:155)
	at org.apache.hadoop.hdds.scm.pipeline.BackgroundPipelineCreator.createPipelines(BackgroundPipelineCreator.java:99)
	at org.apache.hadoop.hdds.scm.pipeline.BackgroundPipelineCreator.lambda$startFixedIntervalPipelineCreator$0(BackgroundPipelineCreator.java:70)
	at java.util.concurrent.Executors$RunnableAdapter.call(Executors.java:511)
	at java.util.concurrent.FutureTask.runAndReset(FutureTask.java:308)
	at java.util.concurrent.ScheduledThreadPoolExecutor$ScheduledFutureTask.access$301(ScheduledThreadPoolExecutor.java:180)
	at java.util.concurrent.ScheduledThreadPoolExecutor$ScheduledFutureTask.run(ScheduledThreadPoolExecutor.java:294)
	at java.util.concurrent.ThreadPoolExecutor.runWorker(ThreadPoolExecutor.java:1149)
	at java.util.concurrent.ThreadPoolExecutor$Worker.run(ThreadPoolExecutor.java:624)
	at java.lang.Thread.run(Thread.java:748)
2019-09-26 10:50:28,689 [Thread-810] INFO  ozone.MiniOzoneClusterImpl (MiniOzoneClusterImpl.java:lambda$waitForClusterToBeReady$0(147)) - Cluster is ready. Got 3 of 3 DN Heartbeats.
2019-09-26 10:50:28,740 [Thread-810] INFO  rpc.RpcClient (RpcClient.java:createVolume(276)) - Creating Volume: volume30099, with user43379 as owner.
2019-09-26 10:50:28,743 [IPC Server handler 2 on 45730] INFO  volume.OMVolumeCreateRequest (OMVolumeCreateRequest.java:validateAndUpdateCache(189)) - created volume:volume30099 for user:user43379
2019-09-26 10:50:28,758 [Thread-810] INFO  rpc.RpcClient (RpcClient.java:createBucket(415)) - Creating Bucket: volume30099/bucket32084, with Versioning false and Storage Type set to DISK and Encryption set to false 
2019-09-26 10:50:28,818 [IPC Server handler 2 on 39859] INFO  pipeline.PipelinePlacementPolicy (PipelinePlacementPolicy.java:meetCriteria(91)) - Pipeline Placement: can't place more pipeline on heavy datanode： 8c274a69-f430-4a4c-a276-f582e5c5e4e0 Heaviness: 6 limit: 5
2019-09-26 10:50:28,819 [IPC Server handler 2 on 39859] INFO  pipeline.PipelinePlacementPolicy (PipelinePlacementPolicy.java:meetCriteria(91)) - Pipeline Placement: can't place more pipeline on heavy datanode： 4849c495-99fa-4be8-832d-fded55fd2760 Heaviness: 6 limit: 5
2019-09-26 10:50:28,819 [IPC Server handler 2 on 39859] INFO  pipeline.PipelinePlacementPolicy (PipelinePlacementPolicy.java:meetCriteria(91)) - Pipeline Placement: can't place more pipeline on heavy datanode： a90e5d2d-6f5c-4832-9132-f5f3b303ab20 Heaviness: 6 limit: 5
2019-09-26 10:50:28,819 [IPC Server handler 2 on 39859] ERROR pipeline.PipelinePlacementPolicy (PipelinePlacementPolicy.java:filterViableNodes(148)) - Unable to find enough nodes that meet the criteria that cannot engage in more than 5 pipelines. Nodes required: 3 Found: 0, healthy nodes count inNodeManager: 3.
2019-09-26 10:50:28,820 [IPC Server handler 2 on 39859] ERROR pipeline.SCMPipelineManager (SCMPipelineManager.java:createPipeline(167)) - Pipeline creation failed.
org.apache.hadoop.hdds.scm.exceptions.SCMException: Unable to find enough nodes that meet the criteria that cannot engage in more than 5 pipelines. Nodes required: 3 Found: 0, healthy nodes count inNodeManager: 3.
	at org.apache.hadoop.hdds.scm.pipeline.PipelinePlacementPolicy.filterViableNodes(PipelinePlacementPolicy.java:149)
	at org.apache.hadoop.hdds.scm.pipeline.PipelinePlacementPolicy.chooseDatanodes(PipelinePlacementPolicy.java:172)
	at org.apache.hadoop.hdds.scm.pipeline.RatisPipelineProvider.create(RatisPipelineProvider.java:93)
	at org.apache.hadoop.hdds.scm.pipeline.PipelineFactory.create(PipelineFactory.java:58)
	at org.apache.hadoop.hdds.scm.pipeline.SCMPipelineManager.createPipeline(SCMPipelineManager.java:155)
	at org.apache.hadoop.hdds.scm.block.BlockManagerImpl.allocateBlock(BlockManagerImpl.java:190)
	at org.apache.hadoop.hdds.scm.server.SCMBlockProtocolServer.allocateBlock(SCMBlockProtocolServer.java:182)
	at org.apache.hadoop.ozone.protocolPB.ScmBlockLocationProtocolServerSideTranslatorPB.allocateScmBlock(ScmBlockLocationProtocolServerSideTranslatorPB.java:183)
	at org.apache.hadoop.ozone.protocolPB.ScmBlockLocationProtocolServerSideTranslatorPB.processMessage(ScmBlockLocationProtocolServerSideTranslatorPB.java:141)
	at org.apache.hadoop.ozone.protocolPB.ScmBlockLocationProtocolServerSideTranslatorPB.send(ScmBlockLocationProtocolServerSideTranslatorPB.java:116)
	at org.apache.hadoop.hdds.protocol.proto.ScmBlockLocationProtocolProtos$ScmBlockLocationProtocolService$2.callBlockingMethod(ScmBlockLocationProtocolProtos.java:13157)
	at org.apache.hadoop.ipc.ProtobufRpcEngine$Server$ProtoBufRpcInvoker.call(ProtobufRpcEngine.java:524)
	at org.apache.hadoop.ipc.RPC$Server.call(RPC.java:1025)
	at org.apache.hadoop.ipc.Server$RpcCall.run(Server.java:876)
	at org.apache.hadoop.ipc.Server$RpcCall.run(Server.java:822)
	at java.security.AccessController.doPrivileged(Native Method)
	at javax.security.auth.Subject.doAs(Subject.java:422)
	at org.apache.hadoop.security.UserGroupInformation.doAs(UserGroupInformation.java:1730)
	at org.apache.hadoop.ipc.Server$Handler.run(Server.java:2682)
2019-09-26 10:50:28,820 [IPC Server handler 2 on 39859] WARN  block.BlockManagerImpl (BlockManagerImpl.java:allocateBlock(192)) - Pipeline creation failed for type:RATIS factor:THREE. Retrying get pipelines call once.
org.apache.hadoop.hdds.scm.exceptions.SCMException: Unable to find enough nodes that meet the criteria that cannot engage in more than 5 pipelines. Nodes required: 3 Found: 0, healthy nodes count inNodeManager: 3.
	at org.apache.hadoop.hdds.scm.pipeline.PipelinePlacementPolicy.filterViableNodes(PipelinePlacementPolicy.java:149)
	at org.apache.hadoop.hdds.scm.pipeline.PipelinePlacementPolicy.chooseDatanodes(PipelinePlacementPolicy.java:172)
	at org.apache.hadoop.hdds.scm.pipeline.RatisPipelineProvider.create(RatisPipelineProvider.java:93)
	at org.apache.hadoop.hdds.scm.pipeline.PipelineFactory.create(PipelineFactory.java:58)
	at org.apache.hadoop.hdds.scm.pipeline.SCMPipelineManager.createPipeline(SCMPipelineManager.java:155)
	at org.apache.hadoop.hdds.scm.block.BlockManagerImpl.allocateBlock(BlockManagerImpl.java:190)
	at org.apache.hadoop.hdds.scm.server.SCMBlockProtocolServer.allocateBlock(SCMBlockProtocolServer.java:182)
	at org.apache.hadoop.ozone.protocolPB.ScmBlockLocationProtocolServerSideTranslatorPB.allocateScmBlock(ScmBlockLocationProtocolServerSideTranslatorPB.java:183)
	at org.apache.hadoop.ozone.protocolPB.ScmBlockLocationProtocolServerSideTranslatorPB.processMessage(ScmBlockLocationProtocolServerSideTranslatorPB.java:141)
	at org.apache.hadoop.ozone.protocolPB.ScmBlockLocationProtocolServerSideTranslatorPB.send(ScmBlockLocationProtocolServerSideTranslatorPB.java:116)
	at org.apache.hadoop.hdds.protocol.proto.ScmBlockLocationProtocolProtos$ScmBlockLocationProtocolService$2.callBlockingMethod(ScmBlockLocationProtocolProtos.java:13157)
	at org.apache.hadoop.ipc.ProtobufRpcEngine$Server$ProtoBufRpcInvoker.call(ProtobufRpcEngine.java:524)
	at org.apache.hadoop.ipc.RPC$Server.call(RPC.java:1025)
	at org.apache.hadoop.ipc.Server$RpcCall.run(Server.java:876)
	at org.apache.hadoop.ipc.Server$RpcCall.run(Server.java:822)
	at java.security.AccessController.doPrivileged(Native Method)
	at javax.security.auth.Subject.doAs(Subject.java:422)
	at org.apache.hadoop.security.UserGroupInformation.doAs(UserGroupInformation.java:1730)
	at org.apache.hadoop.ipc.Server$Handler.run(Server.java:2682)
2019-09-26 10:50:28,821 [IPC Server handler 2 on 39859] INFO  block.BlockManagerImpl (BlockManagerImpl.java:allocateBlock(198)) - Could not find available pipeline of type:RATIS and factor:THREE even after retrying
2019-09-26 10:50:28,821 [IPC Server handler 2 on 39859] ERROR block.BlockManagerImpl (BlockManagerImpl.java:allocateBlock(222)) - Unable to allocate a block for the size: 4194304, type: RATIS, factor: THREE
2019-09-26 10:50:28,823 [Thread-810] INFO  ozone.MiniOzoneClusterImpl (MiniOzoneClusterImpl.java:shutdown(314)) - Shutting down the Mini Ozone Cluster
2019-09-26 10:50:28,823 [Thread-810] INFO  ozone.MiniOzoneClusterImpl (MiniOzoneClusterImpl.java:stop(330)) - Stopping the Mini Ozone Cluster
2019-09-26 10:50:28,823 [Thread-810] INFO  ozone.MiniOzoneClusterImpl (MiniOzoneClusterImpl.java:stopOM(400)) - Stopping the OzoneManager
2019-09-26 10:50:28,823 [Thread-810] INFO  ipc.Server (Server.java:stop(3082)) - Stopping server on 45730
2019-09-26 10:50:28,834 [IPC Server listener on 45730] INFO  ipc.Server (Server.java:run(1185)) - Stopping IPC Server listener on 45730
2019-09-26 10:50:28,834 [Thread-810] INFO  ratis.OzoneManagerDoubleBuffer (OzoneManagerDoubleBuffer.java:stop(248)) - Stopping OMDoubleBuffer flush thread
2019-09-26 10:50:28,834 [IPC Server Responder] INFO  ipc.Server (Server.java:run(1319)) - Stopping IPC Server Responder
2019-09-26 10:50:28,836 [OMDoubleBufferFlushThread] INFO  ratis.OzoneManagerDoubleBuffer (OzoneManagerDoubleBuffer.java:flushTransactions(191)) - OMDoubleBuffer flush thread OMDoubleBufferFlushThread is interrupted and will exit. OMDoubleBufferFlushThread
2019-09-26 10:50:28,837 [Thread-810] INFO  utils.BackgroundService (BackgroundService.java:shutdown(148)) - Shutting down service KeyDeletingService
2019-09-26 10:50:28,840 [Thread-810] INFO  handler.ContextHandler (ContextHandler.java:doStop(910)) - Stopped o.e.j.w.WebAppContext@4088ea29{/,null,UNAVAILABLE}{/ozoneManager}
2019-09-26 10:50:28,840 [Thread-810] INFO  server.AbstractConnector (AbstractConnector.java:doStop(318)) - Stopped ServerConnector@1a2a190d{HTTP/1.1,[http/1.1]}{0.0.0.0:0}
2019-09-26 10:50:28,841 [Thread-810] INFO  handler.ContextHandler (ContextHandler.java:doStop(910)) - Stopped o.e.j.s.ServletContextHandler@783df0fb{/static,jar:file:/home/user/.m2/repository/org/apache/hadoop/hadoop-ozone-ozone-manager/0.5.0-SNAPSHOT/hadoop-ozone-ozone-manager-0.5.0-SNAPSHOT.jar!/webapps/static,UNAVAILABLE}
2019-09-26 10:50:28,841 [Thread-810] INFO  handler.ContextHandler (ContextHandler.java:doStop(910)) - Stopped o.e.j.s.ServletContextHandler@2f0484bb{/logs,file:///workdir/hadoop-ozone/ozonefs/target/log,UNAVAILABLE}
2019-09-26 10:50:28,845 [Thread-810] INFO  ozone.MiniOzoneClusterImpl (MiniOzoneClusterImpl.java:stopDatanodes(377)) - Stopping the HddsDatanodes
2019-09-26 10:50:29,540 [Datanode State Machine Thread - 0] INFO  statemachine.DatanodeStateMachine (DatanodeStateMachine.java:lambda$startDaemon$0(350)) - Ozone container server started.
2019-09-26 10:50:29,608 [Datanode State Machine Thread - 0] INFO  statemachine.DatanodeStateMachine (DatanodeStateMachine.java:lambda$startDaemon$0(350)) - Ozone container server started.
2019-09-26 10:50:30,552 [Thread-982] INFO  container.ReplicationManager (ReplicationManager.java:start(163)) - Starting Replication Monitor Thread.
2019-09-26 10:50:30,555 [ReplicationMonitor] INFO  container.ReplicationManager (ReplicationManager.java:run(226)) - Replication Monitor Thread took 0 milliseconds for processing 0 containers.
2019-09-26 10:50:32,769 [Thread-987] INFO  impl.FollowerState (FollowerState.java:run(106)) - 8c274a69-f430-4a4c-a276-f582e5c5e4e0:group-A37298D40214 changes to CANDIDATE, lastRpcTime:5119, electionTimeout:5119ms
2019-09-26 10:50:32,770 [Thread-987] INFO  impl.RoleInfo (RoleInfo.java:shutdownFollowerState(121)) - 8c274a69-f430-4a4c-a276-f582e5c5e4e0: shutdown FollowerState
2019-09-26 10:50:32,770 [Thread-987] INFO  impl.RaftServerImpl (RaftServerImpl.java:setRole(174)) - 8c274a69-f430-4a4c-a276-f582e5c5e4e0@group-A37298D40214: changes role from  FOLLOWER to CANDIDATE at term 0 for changeToCandidate
2019-09-26 10:50:32,770 [Thread-987] INFO  impl.RoleInfo (RoleInfo.java:updateAndGet(143)) - 8c274a69-f430-4a4c-a276-f582e5c5e4e0: start LeaderElection
2019-09-26 10:50:32,775 [Thread-984] INFO  impl.FollowerState (FollowerState.java:run(106)) - 8c274a69-f430-4a4c-a276-f582e5c5e4e0:group-119875D53622 changes to CANDIDATE, lastRpcTime:5172, electionTimeout:5172ms
2019-09-26 10:50:32,775 [Thread-984] INFO  impl.RoleInfo (RoleInfo.java:shutdownFollowerState(121)) - 8c274a69-f430-4a4c-a276-f582e5c5e4e0: shutdown FollowerState
2019-09-26 10:50:32,775 [Thread-984] INFO  impl.RaftServerImpl (RaftServerImpl.java:setRole(174)) - 8c274a69-f430-4a4c-a276-f582e5c5e4e0@group-119875D53622: changes role from  FOLLOWER to CANDIDATE at term 0 for changeToCandidate
2019-09-26 10:50:32,775 [Thread-984] INFO  impl.RoleInfo (RoleInfo.java:updateAndGet(143)) - 8c274a69-f430-4a4c-a276-f582e5c5e4e0: start LeaderElection
2019-09-26 10:50:32,787 [8c274a69-f430-4a4c-a276-f582e5c5e4e0@group-119875D53622:LeaderElection56] INFO  impl.LeaderElection (LeaderElection.java:askForVotes(182)) - 8c274a69-f430-4a4c-a276-f582e5c5e4e0@group-119875D53622:LeaderElection56: begin an election at term 1 for -1: [8c274a69-f430-4a4c-a276-f582e5c5e4e0:192.168.30.13:38230], old=null
2019-09-26 10:50:32,787 [8c274a69-f430-4a4c-a276-f582e5c5e4e0@group-A37298D40214:LeaderElection55] INFO  impl.LeaderElection (LeaderElection.java:askForVotes(182)) - 8c274a69-f430-4a4c-a276-f582e5c5e4e0@group-A37298D40214:LeaderElection55: begin an election at term 1 for -1: [8c274a69-f430-4a4c-a276-f582e5c5e4e0:192.168.30.13:38230], old=null
2019-09-26 10:50:32,788 [8c274a69-f430-4a4c-a276-f582e5c5e4e0@group-119875D53622:LeaderElection56] INFO  impl.RoleInfo (RoleInfo.java:shutdownLeaderElection(134)) - 8c274a69-f430-4a4c-a276-f582e5c5e4e0: shutdown LeaderElection
2019-09-26 10:50:32,788 [8c274a69-f430-4a4c-a276-f582e5c5e4e0@group-A37298D40214:LeaderElection55] INFO  impl.RoleInfo (RoleInfo.java:shutdownLeaderElection(134)) - 8c274a69-f430-4a4c-a276-f582e5c5e4e0: shutdown LeaderElection
2019-09-26 10:50:32,788 [8c274a69-f430-4a4c-a276-f582e5c5e4e0@group-119875D53622:LeaderElection56] INFO  impl.RaftServerImpl (RaftServerImpl.java:setRole(174)) - 8c274a69-f430-4a4c-a276-f582e5c5e4e0@group-119875D53622: changes role from CANDIDATE to LEADER at term 1 for changeToLeader
2019-09-26 10:50:32,788 [8c274a69-f430-4a4c-a276-f582e5c5e4e0@group-A37298D40214:LeaderElection55] INFO  impl.RaftServerImpl (RaftServerImpl.java:setRole(174)) - 8c274a69-f430-4a4c-a276-f582e5c5e4e0@group-A37298D40214: changes role from CANDIDATE to LEADER at term 1 for changeToLeader
2019-09-26 10:50:32,788 [8c274a69-f430-4a4c-a276-f582e5c5e4e0@group-119875D53622:LeaderElection56] INFO  impl.RaftServerImpl (ServerState.java:setLeader(253)) - 8c274a69-f430-4a4c-a276-f582e5c5e4e0@group-119875D53622: change Leader from null to 8c274a69-f430-4a4c-a276-f582e5c5e4e0 at term 1 for becomeLeader, leader elected after 5195ms
2019-09-26 10:50:32,788 [8c274a69-f430-4a4c-a276-f582e5c5e4e0@group-A37298D40214:LeaderElection55] INFO  impl.RaftServerImpl (ServerState.java:setLeader(253)) - 8c274a69-f430-4a4c-a276-f582e5c5e4e0@group-A37298D40214: change Leader from null to 8c274a69-f430-4a4c-a276-f582e5c5e4e0 at term 1 for becomeLeader, leader elected after 5145ms
2019-09-26 10:50:32,789 [8c274a69-f430-4a4c-a276-f582e5c5e4e0@group-119875D53622:LeaderElection56] INFO  server.RaftServerConfigKeys (ConfUtils.java:logGet(43)) - raft.server.staging.catchup.gap = 1000 (default)
2019-09-26 10:50:32,789 [8c274a69-f430-4a4c-a276-f582e5c5e4e0@group-A37298D40214:LeaderElection55] INFO  server.RaftServerConfigKeys (ConfUtils.java:logGet(43)) - raft.server.staging.catchup.gap = 1000 (default)
2019-09-26 10:50:32,789 [8c274a69-f430-4a4c-a276-f582e5c5e4e0@group-119875D53622:LeaderElection56] INFO  server.RaftServerConfigKeys (ConfUtils.java:logGet(43)) - raft.server.rpc.sleep.time = 25ms (default)
2019-09-26 10:50:32,789 [8c274a69-f430-4a4c-a276-f582e5c5e4e0@group-A37298D40214:LeaderElection55] INFO  server.RaftServerConfigKeys (ConfUtils.java:logGet(43)) - raft.server.rpc.sleep.time = 25ms (default)
2019-09-26 10:50:32,789 [8c274a69-f430-4a4c-a276-f582e5c5e4e0@group-119875D53622:LeaderElection56] INFO  server.RaftServerConfigKeys (ConfUtils.java:logGet(43)) - raft.server.write.element-limit = 4096 (default)
2019-09-26 10:50:32,789 [8c274a69-f430-4a4c-a276-f582e5c5e4e0@group-A37298D40214:LeaderElection55] INFO  server.RaftServerConfigKeys (ConfUtils.java:logGet(43)) - raft.server.write.element-limit = 4096 (default)
2019-09-26 10:50:32,790 [8c274a69-f430-4a4c-a276-f582e5c5e4e0@group-119875D53622:LeaderElection56] INFO  server.RaftServerConfigKeys (ConfUtils.java:logGet(43)) - raft.server.watch.timeout = 10s (default)
2019-09-26 10:50:32,790 [8c274a69-f430-4a4c-a276-f582e5c5e4e0@group-A37298D40214:LeaderElection55] INFO  server.RaftServerConfigKeys (ConfUtils.java:logGet(43)) - raft.server.watch.timeout = 10s (default)
2019-09-26 10:50:32,790 [8c274a69-f430-4a4c-a276-f582e5c5e4e0@group-119875D53622:LeaderElection56] INFO  server.RaftServerConfigKeys (ConfUtils.java:logGet(43)) - raft.server.watch.timeout.denomination = 1s (default)
2019-09-26 10:50:32,790 [8c274a69-f430-4a4c-a276-f582e5c5e4e0@group-A37298D40214:LeaderElection55] INFO  server.RaftServerConfigKeys (ConfUtils.java:logGet(43)) - raft.server.watch.timeout.denomination = 1s (default)
2019-09-26 10:50:32,790 [8c274a69-f430-4a4c-a276-f582e5c5e4e0@group-119875D53622:LeaderElection56] INFO  server.RaftServerConfigKeys (ConfUtils.java:logGet(43)) - raft.server.watch.element-limit = 65536 (default)
2019-09-26 10:50:32,790 [8c274a69-f430-4a4c-a276-f582e5c5e4e0@group-A37298D40214:LeaderElection55] INFO  server.RaftServerConfigKeys (ConfUtils.java:logGet(43)) - raft.server.watch.element-limit = 65536 (default)
2019-09-26 10:50:32,794 [8c274a69-f430-4a4c-a276-f582e5c5e4e0@group-A37298D40214:LeaderElection55] INFO  impl.RoleInfo (RoleInfo.java:updateAndGet(143)) - 8c274a69-f430-4a4c-a276-f582e5c5e4e0: start LeaderState
2019-09-26 10:50:32,794 [8c274a69-f430-4a4c-a276-f582e5c5e4e0@group-119875D53622:LeaderElection56] INFO  impl.RoleInfo (RoleInfo.java:updateAndGet(143)) - 8c274a69-f430-4a4c-a276-f582e5c5e4e0: start LeaderState
2019-09-26 10:50:32,794 [8c274a69-f430-4a4c-a276-f582e5c5e4e0@group-A37298D40214:LeaderElection55] INFO  segmented.SegmentedRaftLogWorker (SegmentedRaftLogWorker.java:startLogSegment(380)) - 8c274a69-f430-4a4c-a276-f582e5c5e4e0@group-A37298D40214-SegmentedRaftLogWorker: Starting segment from index:0
2019-09-26 10:50:32,794 [8c274a69-f430-4a4c-a276-f582e5c5e4e0@group-119875D53622:LeaderElection56] INFO  segmented.SegmentedRaftLogWorker (SegmentedRaftLogWorker.java:startLogSegment(380)) - 8c274a69-f430-4a4c-a276-f582e5c5e4e0@group-119875D53622-SegmentedRaftLogWorker: Starting segment from index:0
2019-09-26 10:50:32,795 [8c274a69-f430-4a4c-a276-f582e5c5e4e0@group-A37298D40214:LeaderElection55] INFO  impl.RaftServerImpl (ServerState.java:setRaftConf(354)) - 8c274a69-f430-4a4c-a276-f582e5c5e4e0@group-A37298D40214: set configuration 0: [8c274a69-f430-4a4c-a276-f582e5c5e4e0:192.168.30.13:38230], old=null at 0
2019-09-26 10:50:32,796 [8c274a69-f430-4a4c-a276-f582e5c5e4e0@group-119875D53622:LeaderElection56] INFO  impl.RaftServerImpl (ServerState.java:setRaftConf(354)) - 8c274a69-f430-4a4c-a276-f582e5c5e4e0@group-119875D53622: set configuration 0: [8c274a69-f430-4a4c-a276-f582e5c5e4e0:192.168.30.13:38230], old=null at 0
2019-09-26 10:50:32,805 [Thread-993] INFO  impl.FollowerState (FollowerState.java:run(106)) - a90e5d2d-6f5c-4832-9132-f5f3b303ab20:group-0C673A666063 changes to CANDIDATE, lastRpcTime:5063, electionTimeout:5063ms
2019-09-26 10:50:32,805 [Thread-993] INFO  impl.RoleInfo (RoleInfo.java:shutdownFollowerState(121)) - a90e5d2d-6f5c-4832-9132-f5f3b303ab20: shutdown FollowerState
2019-09-26 10:50:32,805 [Thread-993] INFO  impl.RaftServerImpl (RaftServerImpl.java:setRole(174)) - a90e5d2d-6f5c-4832-9132-f5f3b303ab20@group-0C673A666063: changes role from  FOLLOWER to CANDIDATE at term 0 for changeToCandidate
2019-09-26 10:50:32,805 [Thread-993] INFO  impl.RoleInfo (RoleInfo.java:updateAndGet(143)) - a90e5d2d-6f5c-4832-9132-f5f3b303ab20: start LeaderElection
2019-09-26 10:50:32,806 [Thread-996] INFO  impl.FollowerState (FollowerState.java:run(106)) - 8c274a69-f430-4a4c-a276-f582e5c5e4e0:group-2D8BBCF6FDF9 changes to CANDIDATE, lastRpcTime:5023, electionTimeout:5023ms
2019-09-26 10:50:32,838 [Thread-990] INFO  impl.FollowerState (FollowerState.java:run(106)) - 8c274a69-f430-4a4c-a276-f582e5c5e4e0:group-30C930A569EC changes to CANDIDATE, lastRpcTime:5145, electionTimeout:5135ms
2019-09-26 10:50:32,838 [Thread-996] INFO  impl.RoleInfo (RoleInfo.java:shutdownFollowerState(121)) - 8c274a69-f430-4a4c-a276-f582e5c5e4e0: shutdown FollowerState
2019-09-26 10:50:32,839 [Thread-990] INFO  impl.RoleInfo (RoleInfo.java:shutdownFollowerState(121)) - 8c274a69-f430-4a4c-a276-f582e5c5e4e0: shutdown FollowerState
2019-09-26 10:50:32,839 [Thread-996] INFO  impl.RaftServerImpl (RaftServerImpl.java:setRole(174)) - 8c274a69-f430-4a4c-a276-f582e5c5e4e0@group-2D8BBCF6FDF9: changes role from  FOLLOWER to CANDIDATE at term 0 for changeToCandidate
2019-09-26 10:50:32,839 [Thread-990] INFO  impl.RaftServerImpl (RaftServerImpl.java:setRole(174)) - 8c274a69-f430-4a4c-a276-f582e5c5e4e0@group-30C930A569EC: changes role from  FOLLOWER to CANDIDATE at term 0 for changeToCandidate
2019-09-26 10:50:32,839 [Thread-996] INFO  impl.RoleInfo (RoleInfo.java:updateAndGet(143)) - 8c274a69-f430-4a4c-a276-f582e5c5e4e0: start LeaderElection
2019-09-26 10:50:32,839 [Thread-990] INFO  impl.RoleInfo (RoleInfo.java:updateAndGet(143)) - 8c274a69-f430-4a4c-a276-f582e5c5e4e0: start LeaderElection
2019-09-26 10:50:32,851 [8c274a69-f430-4a4c-a276-f582e5c5e4e0@group-119875D53622-SegmentedRaftLogWorker] INFO  segmented.SegmentedRaftLogWorker (SegmentedRaftLogWorker.java:execute(569)) - 8c274a69-f430-4a4c-a276-f582e5c5e4e0@group-119875D53622-SegmentedRaftLogWorker: created new log segment /workdir/hadoop-ozone/ozonefs/target/test-dir/MiniOzoneClusterImpl-b659d7d3-3970-45ef-9a96-0029c0e1657d/datanode-0/data/ratis/2d515fef-ddf5-40a6-8a8f-119875d53622/current/log_inprogress_0
2019-09-26 10:50:32,851 [8c274a69-f430-4a4c-a276-f582e5c5e4e0@group-A37298D40214-SegmentedRaftLogWorker] INFO  segmented.SegmentedRaftLogWorker (SegmentedRaftLogWorker.java:execute(569)) - 8c274a69-f430-4a4c-a276-f582e5c5e4e0@group-A37298D40214-SegmentedRaftLogWorker: created new log segment /workdir/hadoop-ozone/ozonefs/target/test-dir/MiniOzoneClusterImpl-b659d7d3-3970-45ef-9a96-0029c0e1657d/datanode-0/data/ratis/32953cbe-ed15-4b1f-93cf-a37298d40214/current/log_inprogress_0
2019-09-26 10:50:32,851 [8c274a69-f430-4a4c-a276-f582e5c5e4e0@group-30C930A569EC:LeaderElection59] INFO  impl.LeaderElection (LeaderElection.java:askForVotes(182)) - 8c274a69-f430-4a4c-a276-f582e5c5e4e0@group-30C930A569EC:LeaderElection59: begin an election at term 1 for -1: [8c274a69-f430-4a4c-a276-f582e5c5e4e0:192.168.30.13:38230], old=null
2019-09-26 10:50:32,851 [8c274a69-f430-4a4c-a276-f582e5c5e4e0@group-2D8BBCF6FDF9:LeaderElection58] INFO  impl.LeaderElection (LeaderElection.java:askForVotes(182)) - 8c274a69-f430-4a4c-a276-f582e5c5e4e0@group-2D8BBCF6FDF9:LeaderElection58: begin an election at term 1 for -1: [8c274a69-f430-4a4c-a276-f582e5c5e4e0:192.168.30.13:38230], old=null
2019-09-26 10:50:32,851 [a90e5d2d-6f5c-4832-9132-f5f3b303ab20@group-0C673A666063:LeaderElection57] INFO  impl.LeaderElection (LeaderElection.java:askForVotes(182)) - a90e5d2d-6f5c-4832-9132-f5f3b303ab20@group-0C673A666063:LeaderElection57: begin an election at term 1 for -1: [a90e5d2d-6f5c-4832-9132-f5f3b303ab20:192.168.30.13:41085], old=null
2019-09-26 10:50:32,852 [8c274a69-f430-4a4c-a276-f582e5c5e4e0@group-2D8BBCF6FDF9:LeaderElection58] INFO  impl.RoleInfo (RoleInfo.java:shutdownLeaderElection(134)) - 8c274a69-f430-4a4c-a276-f582e5c5e4e0: shutdown LeaderElection
2019-09-26 10:50:32,852 [8c274a69-f430-4a4c-a276-f582e5c5e4e0@group-30C930A569EC:LeaderElection59] INFO  impl.RoleInfo (RoleInfo.java:shutdownLeaderElection(134)) - 8c274a69-f430-4a4c-a276-f582e5c5e4e0: shutdown LeaderElection
2019-09-26 10:50:32,852 [8c274a69-f430-4a4c-a276-f582e5c5e4e0@group-2D8BBCF6FDF9:LeaderElection58] INFO  impl.RaftServerImpl (RaftServerImpl.java:setRole(174)) - 8c274a69-f430-4a4c-a276-f582e5c5e4e0@group-2D8BBCF6FDF9: changes role from CANDIDATE to LEADER at term 1 for changeToLeader
2019-09-26 10:50:32,852 [8c274a69-f430-4a4c-a276-f582e5c5e4e0@group-2D8BBCF6FDF9:LeaderElection58] INFO  impl.RaftServerImpl (ServerState.java:setLeader(253)) - 8c274a69-f430-4a4c-a276-f582e5c5e4e0@group-2D8BBCF6FDF9: change Leader from null to 8c274a69-f430-4a4c-a276-f582e5c5e4e0 at term 1 for becomeLeader, leader elected after 5074ms
2019-09-26 10:50:32,852 [a90e5d2d-6f5c-4832-9132-f5f3b303ab20@group-0C673A666063:LeaderElection57] INFO  impl.RoleInfo (RoleInfo.java:shutdownLeaderElection(134)) - a90e5d2d-6f5c-4832-9132-f5f3b303ab20: shutdown LeaderElection
2019-09-26 10:50:32,852 [8c274a69-f430-4a4c-a276-f582e5c5e4e0@group-2D8BBCF6FDF9:LeaderElection58] INFO  server.RaftServerConfigKeys (ConfUtils.java:logGet(43)) - raft.server.staging.catchup.gap = 1000 (default)
2019-09-26 10:50:32,852 [8c274a69-f430-4a4c-a276-f582e5c5e4e0@group-30C930A569EC:LeaderElection59] INFO  impl.RaftServerImpl (RaftServerImpl.java:setRole(174)) - 8c274a69-f430-4a4c-a276-f582e5c5e4e0@group-30C930A569EC: changes role from CANDIDATE to LEADER at term 1 for changeToLeader
2019-09-26 10:50:32,853 [8c274a69-f430-4a4c-a276-f582e5c5e4e0@group-2D8BBCF6FDF9:LeaderElection58] INFO  server.RaftServerConfigKeys (ConfUtils.java:logGet(43)) - raft.server.rpc.sleep.time = 25ms (default)
2019-09-26 10:50:32,852 [a90e5d2d-6f5c-4832-9132-f5f3b303ab20@group-0C673A666063:LeaderElection57] INFO  impl.RaftServerImpl (RaftServerImpl.java:setRole(174)) - a90e5d2d-6f5c-4832-9132-f5f3b303ab20@group-0C673A666063: changes role from CANDIDATE to LEADER at term 1 for changeToLeader
2019-09-26 10:50:32,853 [8c274a69-f430-4a4c-a276-f582e5c5e4e0@group-2D8BBCF6FDF9:LeaderElection58] INFO  server.RaftServerConfigKeys (ConfUtils.java:logGet(43)) - raft.server.write.element-limit = 4096 (default)
2019-09-26 10:50:32,853 [8c274a69-f430-4a4c-a276-f582e5c5e4e0@group-2D8BBCF6FDF9:LeaderElection58] INFO  server.RaftServerConfigKeys (ConfUtils.java:logGet(43)) - raft.server.watch.timeout = 10s (default)
2019-09-26 10:50:32,853 [8c274a69-f430-4a4c-a276-f582e5c5e4e0@group-30C930A569EC:LeaderElection59] INFO  impl.RaftServerImpl (ServerState.java:setLeader(253)) - 8c274a69-f430-4a4c-a276-f582e5c5e4e0@group-30C930A569EC: change Leader from null to 8c274a69-f430-4a4c-a276-f582e5c5e4e0 at term 1 for becomeLeader, leader elected after 5165ms
2019-09-26 10:50:32,853 [8c274a69-f430-4a4c-a276-f582e5c5e4e0@group-2D8BBCF6FDF9:LeaderElection58] INFO  server.RaftServerConfigKeys (ConfUtils.java:logGet(43)) - raft.server.watch.timeout.denomination = 1s (default)
2019-09-26 10:50:32,853 [a90e5d2d-6f5c-4832-9132-f5f3b303ab20@group-0C673A666063:LeaderElection57] INFO  impl.RaftServerImpl (ServerState.java:setLeader(253)) - a90e5d2d-6f5c-4832-9132-f5f3b303ab20@group-0C673A666063: change Leader from null to a90e5d2d-6f5c-4832-9132-f5f3b303ab20 at term 1 for becomeLeader, leader elected after 5118ms
2019-09-26 10:50:32,853 [8c274a69-f430-4a4c-a276-f582e5c5e4e0@group-2D8BBCF6FDF9:LeaderElection58] INFO  server.RaftServerConfigKeys (ConfUtils.java:logGet(43)) - raft.server.watch.element-limit = 65536 (default)
2019-09-26 10:50:32,853 [8c274a69-f430-4a4c-a276-f582e5c5e4e0@group-30C930A569EC:LeaderElection59] INFO  server.RaftServerConfigKeys (ConfUtils.java:logGet(43)) - raft.server.staging.catchup.gap = 1000 (default)
2019-09-26 10:50:32,854 [a90e5d2d-6f5c-4832-9132-f5f3b303ab20@group-0C673A666063:LeaderElection57] INFO  server.RaftServerConfigKeys (ConfUtils.java:logGet(43)) - raft.server.staging.catchup.gap = 1000 (default)
2019-09-26 10:50:32,854 [8c274a69-f430-4a4c-a276-f582e5c5e4e0@group-30C930A569EC:LeaderElection59] INFO  server.RaftServerConfigKeys (ConfUtils.java:logGet(43)) - raft.server.rpc.sleep.time = 25ms (default)
2019-09-26 10:50:32,854 [a90e5d2d-6f5c-4832-9132-f5f3b303ab20@group-0C673A666063:LeaderElection57] INFO  server.RaftServerConfigKeys (ConfUtils.java:logGet(43)) - raft.server.rpc.sleep.time = 25ms (default)
2019-09-26 10:50:32,854 [a90e5d2d-6f5c-4832-9132-f5f3b303ab20@group-0C673A666063:LeaderElection57] INFO  server.RaftServerConfigKeys (ConfUtils.java:logGet(43)) - raft.server.write.element-limit = 4096 (default)
2019-09-26 10:50:32,854 [8c274a69-f430-4a4c-a276-f582e5c5e4e0@group-30C930A569EC:LeaderElection59] INFO  server.RaftServerConfigKeys (ConfUtils.java:logGet(43)) - raft.server.write.element-limit = 4096 (default)
2019-09-26 10:50:32,854 [a90e5d2d-6f5c-4832-9132-f5f3b303ab20@group-0C673A666063:LeaderElection57] INFO  server.RaftServerConfigKeys (ConfUtils.java:logGet(43)) - raft.server.watch.timeout = 10s (default)
2019-09-26 10:50:32,855 [8c274a69-f430-4a4c-a276-f582e5c5e4e0@group-30C930A569EC:LeaderElection59] INFO  server.RaftServerConfigKeys (ConfUtils.java:logGet(43)) - raft.server.watch.timeout = 10s (default)
2019-09-26 10:50:32,855 [a90e5d2d-6f5c-4832-9132-f5f3b303ab20@group-0C673A666063:LeaderElection57] INFO  server.RaftServerConfigKeys (ConfUtils.java:logGet(43)) - raft.server.watch.timeout.denomination = 1s (default)
2019-09-26 10:50:32,855 [8c274a69-f430-4a4c-a276-f582e5c5e4e0@group-30C930A569EC:LeaderElection59] INFO  server.RaftServerConfigKeys (ConfUtils.java:logGet(43)) - raft.server.watch.timeout.denomination = 1s (default)
2019-09-26 10:50:32,855 [a90e5d2d-6f5c-4832-9132-f5f3b303ab20@group-0C673A666063:LeaderElection57] INFO  server.RaftServerConfigKeys (ConfUtils.java:logGet(43)) - raft.server.watch.element-limit = 65536 (default)
2019-09-26 10:50:32,855 [8c274a69-f430-4a4c-a276-f582e5c5e4e0@group-30C930A569EC:LeaderElection59] INFO  server.RaftServerConfigKeys (ConfUtils.java:logGet(43)) - raft.server.watch.element-limit = 65536 (default)
2019-09-26 10:50:32,855 [8c274a69-f430-4a4c-a276-f582e5c5e4e0@group-2D8BBCF6FDF9:LeaderElection58] INFO  impl.RoleInfo (RoleInfo.java:updateAndGet(143)) - 8c274a69-f430-4a4c-a276-f582e5c5e4e0: start LeaderState
2019-09-26 10:50:32,856 [8c274a69-f430-4a4c-a276-f582e5c5e4e0@group-2D8BBCF6FDF9:LeaderElection58] INFO  segmented.SegmentedRaftLogWorker (SegmentedRaftLogWorker.java:startLogSegment(380)) - 8c274a69-f430-4a4c-a276-f582e5c5e4e0@group-2D8BBCF6FDF9-SegmentedRaftLogWorker: Starting segment from index:0
2019-09-26 10:50:32,856 [8c274a69-f430-4a4c-a276-f582e5c5e4e0@group-2D8BBCF6FDF9:LeaderElection58] INFO  impl.RaftServerImpl (ServerState.java:setRaftConf(354)) - 8c274a69-f430-4a4c-a276-f582e5c5e4e0@group-2D8BBCF6FDF9: set configuration 0: [8c274a69-f430-4a4c-a276-f582e5c5e4e0:192.168.30.13:38230], old=null at 0
2019-09-26 10:50:32,857 [a90e5d2d-6f5c-4832-9132-f5f3b303ab20@group-0C673A666063:LeaderElection57] INFO  impl.RoleInfo (RoleInfo.java:updateAndGet(143)) - a90e5d2d-6f5c-4832-9132-f5f3b303ab20: start LeaderState
2019-09-26 10:50:32,857 [a90e5d2d-6f5c-4832-9132-f5f3b303ab20@group-0C673A666063:LeaderElection57] INFO  segmented.SegmentedRaftLogWorker (SegmentedRaftLogWorker.java:startLogSegment(380)) - a90e5d2d-6f5c-4832-9132-f5f3b303ab20@group-0C673A666063-SegmentedRaftLogWorker: Starting segment from index:0
2019-09-26 10:50:32,857 [a90e5d2d-6f5c-4832-9132-f5f3b303ab20@group-0C673A666063:LeaderElection57] INFO  impl.RaftServerImpl (ServerState.java:setRaftConf(354)) - a90e5d2d-6f5c-4832-9132-f5f3b303ab20@group-0C673A666063: set configuration 0: [a90e5d2d-6f5c-4832-9132-f5f3b303ab20:192.168.30.13:41085], old=null at 0
2019-09-26 10:50:32,858 [8c274a69-f430-4a4c-a276-f582e5c5e4e0@group-30C930A569EC:LeaderElection59] INFO  impl.RoleInfo (RoleInfo.java:updateAndGet(143)) - 8c274a69-f430-4a4c-a276-f582e5c5e4e0: start LeaderState
2019-09-26 10:50:32,859 [8c274a69-f430-4a4c-a276-f582e5c5e4e0@group-30C930A569EC:LeaderElection59] INFO  segmented.SegmentedRaftLogWorker (SegmentedRaftLogWorker.java:startLogSegment(380)) - 8c274a69-f430-4a4c-a276-f582e5c5e4e0@group-30C930A569EC-SegmentedRaftLogWorker: Starting segment from index:0
2019-09-26 10:50:32,859 [8c274a69-f430-4a4c-a276-f582e5c5e4e0@group-30C930A569EC:LeaderElection59] INFO  impl.RaftServerImpl (ServerState.java:setRaftConf(354)) - 8c274a69-f430-4a4c-a276-f582e5c5e4e0@group-30C930A569EC: set configuration 0: [8c274a69-f430-4a4c-a276-f582e5c5e4e0:192.168.30.13:38230], old=null at 0
2019-09-26 10:50:32,907 [a90e5d2d-6f5c-4832-9132-f5f3b303ab20@group-0C673A666063-SegmentedRaftLogWorker] INFO  segmented.SegmentedRaftLogWorker (SegmentedRaftLogWorker.java:execute(569)) - a90e5d2d-6f5c-4832-9132-f5f3b303ab20@group-0C673A666063-SegmentedRaftLogWorker: created new log segment /workdir/hadoop-ozone/ozonefs/target/test-dir/MiniOzoneClusterImpl-b659d7d3-3970-45ef-9a96-0029c0e1657d/datanode-1/data/ratis/94781b70-95d4-44b5-9eff-0c673a666063/current/log_inprogress_0
2019-09-26 10:50:32,907 [8c274a69-f430-4a4c-a276-f582e5c5e4e0@group-30C930A569EC-SegmentedRaftLogWorker] INFO  segmented.SegmentedRaftLogWorker (SegmentedRaftLogWorker.java:execute(569)) - 8c274a69-f430-4a4c-a276-f582e5c5e4e0@group-30C930A569EC-SegmentedRaftLogWorker: created new log segment /workdir/hadoop-ozone/ozonefs/target/test-dir/MiniOzoneClusterImpl-b659d7d3-3970-45ef-9a96-0029c0e1657d/datanode-0/data/ratis/718074e5-2efd-4050-bddb-30c930a569ec/current/log_inprogress_0
2019-09-26 10:50:32,907 [8c274a69-f430-4a4c-a276-f582e5c5e4e0@group-2D8BBCF6FDF9-SegmentedRaftLogWorker] INFO  segmented.SegmentedRaftLogWorker (SegmentedRaftLogWorker.java:execute(569)) - 8c274a69-f430-4a4c-a276-f582e5c5e4e0@group-2D8BBCF6FDF9-SegmentedRaftLogWorker: created new log segment /workdir/hadoop-ozone/ozonefs/target/test-dir/MiniOzoneClusterImpl-b659d7d3-3970-45ef-9a96-0029c0e1657d/datanode-0/data/ratis/1f235afc-f3c7-4cce-89d2-2d8bbcf6fdf9/current/log_inprogress_0
2019-09-26 10:50:32,945 [Thread-999] INFO  impl.FollowerState (FollowerState.java:run(106)) - 8c274a69-f430-4a4c-a276-f582e5c5e4e0:group-0DA63D5376BD changes to CANDIDATE, lastRpcTime:5121, electionTimeout:5121ms
2019-09-26 10:50:32,945 [Thread-999] INFO  impl.RoleInfo (RoleInfo.java:shutdownFollowerState(121)) - 8c274a69-f430-4a4c-a276-f582e5c5e4e0: shutdown FollowerState
2019-09-26 10:50:32,946 [Thread-999] INFO  impl.RaftServerImpl (RaftServerImpl.java:setRole(174)) - 8c274a69-f430-4a4c-a276-f582e5c5e4e0@group-0DA63D5376BD: changes role from  FOLLOWER to CANDIDATE at term 0 for changeToCandidate
2019-09-26 10:50:32,946 [Thread-999] INFO  impl.RoleInfo (RoleInfo.java:updateAndGet(143)) - 8c274a69-f430-4a4c-a276-f582e5c5e4e0: start LeaderElection
2019-09-26 10:50:32,962 [8c274a69-f430-4a4c-a276-f582e5c5e4e0@group-0DA63D5376BD:LeaderElection60] INFO  impl.LeaderElection (LeaderElection.java:askForVotes(182)) - 8c274a69-f430-4a4c-a276-f582e5c5e4e0@group-0DA63D5376BD:LeaderElection60: begin an election at term 1 for -1: [8c274a69-f430-4a4c-a276-f582e5c5e4e0:192.168.30.13:38230], old=null
2019-09-26 10:50:32,963 [8c274a69-f430-4a4c-a276-f582e5c5e4e0@group-0DA63D5376BD:LeaderElection60] INFO  impl.RoleInfo (RoleInfo.java:shutdownLeaderElection(134)) - 8c274a69-f430-4a4c-a276-f582e5c5e4e0: shutdown LeaderElection
2019-09-26 10:50:32,963 [8c274a69-f430-4a4c-a276-f582e5c5e4e0@group-0DA63D5376BD:LeaderElection60] INFO  impl.RaftServerImpl (RaftServerImpl.java:setRole(174)) - 8c274a69-f430-4a4c-a276-f582e5c5e4e0@group-0DA63D5376BD: changes role from CANDIDATE to LEADER at term 1 for changeToLeader
2019-09-26 10:50:32,963 [8c274a69-f430-4a4c-a276-f582e5c5e4e0@group-0DA63D5376BD:LeaderElection60] INFO  impl.RaftServerImpl (ServerState.java:setLeader(253)) - 8c274a69-f430-4a4c-a276-f582e5c5e4e0@group-0DA63D5376BD: change Leader from null to 8c274a69-f430-4a4c-a276-f582e5c5e4e0 at term 1 for becomeLeader, leader elected after 5144ms
2019-09-26 10:50:32,963 [8c274a69-f430-4a4c-a276-f582e5c5e4e0@group-0DA63D5376BD:LeaderElection60] INFO  server.RaftServerConfigKeys (ConfUtils.java:logGet(43)) - raft.server.staging.catchup.gap = 1000 (default)
2019-09-26 10:50:32,963 [8c274a69-f430-4a4c-a276-f582e5c5e4e0@group-0DA63D5376BD:LeaderElection60] INFO  server.RaftServerConfigKeys (ConfUtils.java:logGet(43)) - raft.server.rpc.sleep.time = 25ms (default)
2019-09-26 10:50:32,964 [8c274a69-f430-4a4c-a276-f582e5c5e4e0@group-0DA63D5376BD:LeaderElection60] INFO  server.RaftServerConfigKeys (ConfUtils.java:logGet(43)) - raft.server.write.element-limit = 4096 (default)
2019-09-26 10:50:32,964 [8c274a69-f430-4a4c-a276-f582e5c5e4e0@group-0DA63D5376BD:LeaderElection60] INFO  server.RaftServerConfigKeys (ConfUtils.java:logGet(43)) - raft.server.watch.timeout = 10s (default)
2019-09-26 10:50:32,964 [8c274a69-f430-4a4c-a276-f582e5c5e4e0@group-0DA63D5376BD:LeaderElection60] INFO  server.RaftServerConfigKeys (ConfUtils.java:logGet(43)) - raft.server.watch.timeout.denomination = 1s (default)
2019-09-26 10:50:32,964 [8c274a69-f430-4a4c-a276-f582e5c5e4e0@group-0DA63D5376BD:LeaderElection60] INFO  server.RaftServerConfigKeys (ConfUtils.java:logGet(43)) - raft.server.watch.element-limit = 65536 (default)
2019-09-26 10:50:32,967 [8c274a69-f430-4a4c-a276-f582e5c5e4e0@group-0DA63D5376BD:LeaderElection60] INFO  impl.RoleInfo (RoleInfo.java:updateAndGet(143)) - 8c274a69-f430-4a4c-a276-f582e5c5e4e0: start LeaderState
2019-09-26 10:50:32,967 [8c274a69-f430-4a4c-a276-f582e5c5e4e0@group-0DA63D5376BD:LeaderElection60] INFO  segmented.SegmentedRaftLogWorker (SegmentedRaftLogWorker.java:startLogSegment(380)) - 8c274a69-f430-4a4c-a276-f582e5c5e4e0@group-0DA63D5376BD-SegmentedRaftLogWorker: Starting segment from index:0
2019-09-26 10:50:32,968 [8c274a69-f430-4a4c-a276-f582e5c5e4e0@group-0DA63D5376BD:LeaderElection60] INFO  impl.RaftServerImpl (ServerState.java:setRaftConf(354)) - 8c274a69-f430-4a4c-a276-f582e5c5e4e0@group-0DA63D5376BD: set configuration 0: [8c274a69-f430-4a4c-a276-f582e5c5e4e0:192.168.30.13:38230], old=null at 0
2019-09-26 10:50:33,018 [Thread-1002] INFO  impl.FollowerState (FollowerState.java:run(106)) - a90e5d2d-6f5c-4832-9132-f5f3b303ab20:group-F6420478CC9A changes to CANDIDATE, lastRpcTime:5154, electionTimeout:5154ms
2019-09-26 10:50:33,019 [Thread-1002] INFO  impl.RoleInfo (RoleInfo.java:shutdownFollowerState(121)) - a90e5d2d-6f5c-4832-9132-f5f3b303ab20: shutdown FollowerState
2019-09-26 10:50:33,019 [8c274a69-f430-4a4c-a276-f582e5c5e4e0@group-0DA63D5376BD-SegmentedRaftLogWorker] INFO  segmented.SegmentedRaftLogWorker (SegmentedRaftLogWorker.java:execute(569)) - 8c274a69-f430-4a4c-a276-f582e5c5e4e0@group-0DA63D5376BD-SegmentedRaftLogWorker: created new log segment /workdir/hadoop-ozone/ozonefs/target/test-dir/MiniOzoneClusterImpl-b659d7d3-3970-45ef-9a96-0029c0e1657d/datanode-0/data/ratis/fcfaaf9a-37f5-45c0-bcc2-0da63d5376bd/current/log_inprogress_0
2019-09-26 10:50:33,019 [Thread-1002] INFO  impl.RaftServerImpl (RaftServerImpl.java:setRole(174)) - a90e5d2d-6f5c-4832-9132-f5f3b303ab20@group-F6420478CC9A: changes role from  FOLLOWER to CANDIDATE at term 0 for changeToCandidate
2019-09-26 10:50:33,019 [Thread-1002] INFO  impl.RoleInfo (RoleInfo.java:updateAndGet(143)) - a90e5d2d-6f5c-4832-9132-f5f3b303ab20: start LeaderElection
2019-09-26 10:50:33,023 [Thread-1011] INFO  impl.FollowerState (FollowerState.java:run(106)) - a90e5d2d-6f5c-4832-9132-f5f3b303ab20:group-0CF2D55A4F66 changes to CANDIDATE, lastRpcTime:5029, electionTimeout:5029ms
2019-09-26 10:50:33,024 [Thread-1011] INFO  impl.RoleInfo (RoleInfo.java:shutdownFollowerState(121)) - a90e5d2d-6f5c-4832-9132-f5f3b303ab20: shutdown FollowerState
2019-09-26 10:50:33,024 [Thread-1011] INFO  impl.RaftServerImpl (RaftServerImpl.java:setRole(174)) - a90e5d2d-6f5c-4832-9132-f5f3b303ab20@group-0CF2D55A4F66: changes role from  FOLLOWER to CANDIDATE at term 0 for changeToCandidate
2019-09-26 10:50:33,024 [Thread-1011] INFO  impl.RoleInfo (RoleInfo.java:updateAndGet(143)) - a90e5d2d-6f5c-4832-9132-f5f3b303ab20: start LeaderElection
2019-09-26 10:50:33,032 [a90e5d2d-6f5c-4832-9132-f5f3b303ab20@group-F6420478CC9A:LeaderElection61] INFO  impl.LeaderElection (LeaderElection.java:askForVotes(182)) - a90e5d2d-6f5c-4832-9132-f5f3b303ab20@group-F6420478CC9A:LeaderElection61: begin an election at term 1 for -1: [a90e5d2d-6f5c-4832-9132-f5f3b303ab20:192.168.30.13:41085], old=null
2019-09-26 10:50:33,032 [a90e5d2d-6f5c-4832-9132-f5f3b303ab20@group-0CF2D55A4F66:LeaderElection62] INFO  impl.LeaderElection (LeaderElection.java:askForVotes(182)) - a90e5d2d-6f5c-4832-9132-f5f3b303ab20@group-0CF2D55A4F66:LeaderElection62: begin an election at term 1 for -1: [a90e5d2d-6f5c-4832-9132-f5f3b303ab20:192.168.30.13:41085], old=null
2019-09-26 10:50:33,032 [a90e5d2d-6f5c-4832-9132-f5f3b303ab20@group-F6420478CC9A:LeaderElection61] INFO  impl.RoleInfo (RoleInfo.java:shutdownLeaderElection(134)) - a90e5d2d-6f5c-4832-9132-f5f3b303ab20: shutdown LeaderElection
2019-09-26 10:50:33,032 [a90e5d2d-6f5c-4832-9132-f5f3b303ab20@group-0CF2D55A4F66:LeaderElection62] INFO  impl.RoleInfo (RoleInfo.java:shutdownLeaderElection(134)) - a90e5d2d-6f5c-4832-9132-f5f3b303ab20: shutdown LeaderElection
2019-09-26 10:50:33,033 [a90e5d2d-6f5c-4832-9132-f5f3b303ab20@group-F6420478CC9A:LeaderElection61] INFO  impl.RaftServerImpl (RaftServerImpl.java:setRole(174)) - a90e5d2d-6f5c-4832-9132-f5f3b303ab20@group-F6420478CC9A: changes role from CANDIDATE to LEADER at term 1 for changeToLeader
2019-09-26 10:50:33,033 [a90e5d2d-6f5c-4832-9132-f5f3b303ab20@group-0CF2D55A4F66:LeaderElection62] INFO  impl.RaftServerImpl (RaftServerImpl.java:setRole(174)) - a90e5d2d-6f5c-4832-9132-f5f3b303ab20@group-0CF2D55A4F66: changes role from CANDIDATE to LEADER at term 1 for changeToLeader
2019-09-26 10:50:33,033 [a90e5d2d-6f5c-4832-9132-f5f3b303ab20@group-F6420478CC9A:LeaderElection61] INFO  impl.RaftServerImpl (ServerState.java:setLeader(253)) - a90e5d2d-6f5c-4832-9132-f5f3b303ab20@group-F6420478CC9A: change Leader from null to a90e5d2d-6f5c-4832-9132-f5f3b303ab20 at term 1 for becomeLeader, leader elected after 5175ms
2019-09-26 10:50:33,033 [a90e5d2d-6f5c-4832-9132-f5f3b303ab20@group-F6420478CC9A:LeaderElection61] INFO  server.RaftServerConfigKeys (ConfUtils.java:logGet(43)) - raft.server.staging.catchup.gap = 1000 (default)
2019-09-26 10:50:33,033 [a90e5d2d-6f5c-4832-9132-f5f3b303ab20@group-0CF2D55A4F66:LeaderElection62] INFO  impl.RaftServerImpl (ServerState.java:setLeader(253)) - a90e5d2d-6f5c-4832-9132-f5f3b303ab20@group-0CF2D55A4F66: change Leader from null to a90e5d2d-6f5c-4832-9132-f5f3b303ab20 at term 1 for becomeLeader, leader elected after 5044ms
2019-09-26 10:50:33,033 [a90e5d2d-6f5c-4832-9132-f5f3b303ab20@group-F6420478CC9A:LeaderElection61] INFO  server.RaftServerConfigKeys (ConfUtils.java:logGet(43)) - raft.server.rpc.sleep.time = 25ms (default)
2019-09-26 10:50:33,034 [a90e5d2d-6f5c-4832-9132-f5f3b303ab20@group-0CF2D55A4F66:LeaderElection62] INFO  server.RaftServerConfigKeys (ConfUtils.java:logGet(43)) - raft.server.staging.catchup.gap = 1000 (default)
2019-09-26 10:50:33,034 [a90e5d2d-6f5c-4832-9132-f5f3b303ab20@group-F6420478CC9A:LeaderElection61] INFO  server.RaftServerConfigKeys (ConfUtils.java:logGet(43)) - raft.server.write.element-limit = 4096 (default)
2019-09-26 10:50:33,034 [a90e5d2d-6f5c-4832-9132-f5f3b303ab20@group-0CF2D55A4F66:LeaderElection62] INFO  server.RaftServerConfigKeys (ConfUtils.java:logGet(43)) - raft.server.rpc.sleep.time = 25ms (default)
2019-09-26 10:50:33,034 [a90e5d2d-6f5c-4832-9132-f5f3b303ab20@group-F6420478CC9A:LeaderElection61] INFO  server.RaftServerConfigKeys (ConfUtils.java:logGet(43)) - raft.server.watch.timeout = 10s (default)
2019-09-26 10:50:33,034 [a90e5d2d-6f5c-4832-9132-f5f3b303ab20@group-0CF2D55A4F66:LeaderElection62] INFO  server.RaftServerConfigKeys (ConfUtils.java:logGet(43)) - raft.server.write.element-limit = 4096 (default)
2019-09-26 10:50:33,034 [a90e5d2d-6f5c-4832-9132-f5f3b303ab20@group-F6420478CC9A:LeaderElection61] INFO  server.RaftServerConfigKeys (ConfUtils.java:logGet(43)) - raft.server.watch.timeout.denomination = 1s (default)
2019-09-26 10:50:33,034 [a90e5d2d-6f5c-4832-9132-f5f3b303ab20@group-0CF2D55A4F66:LeaderElection62] INFO  server.RaftServerConfigKeys (ConfUtils.java:logGet(43)) - raft.server.watch.timeout = 10s (default)
2019-09-26 10:50:33,035 [a90e5d2d-6f5c-4832-9132-f5f3b303ab20@group-F6420478CC9A:LeaderElection61] INFO  server.RaftServerConfigKeys (ConfUtils.java:logGet(43)) - raft.server.watch.element-limit = 65536 (default)
2019-09-26 10:50:33,035 [a90e5d2d-6f5c-4832-9132-f5f3b303ab20@group-0CF2D55A4F66:LeaderElection62] INFO  server.RaftServerConfigKeys (ConfUtils.java:logGet(43)) - raft.server.watch.timeout.denomination = 1s (default)
2019-09-26 10:50:33,035 [a90e5d2d-6f5c-4832-9132-f5f3b303ab20@group-0CF2D55A4F66:LeaderElection62] INFO  server.RaftServerConfigKeys (ConfUtils.java:logGet(43)) - raft.server.watch.element-limit = 65536 (default)
2019-09-26 10:50:33,039 [a90e5d2d-6f5c-4832-9132-f5f3b303ab20@group-F6420478CC9A:LeaderElection61] INFO  impl.RoleInfo (RoleInfo.java:updateAndGet(143)) - a90e5d2d-6f5c-4832-9132-f5f3b303ab20: start LeaderState
2019-09-26 10:50:33,039 [a90e5d2d-6f5c-4832-9132-f5f3b303ab20@group-0CF2D55A4F66:LeaderElection62] INFO  impl.RoleInfo (RoleInfo.java:updateAndGet(143)) - a90e5d2d-6f5c-4832-9132-f5f3b303ab20: start LeaderState
2019-09-26 10:50:33,039 [a90e5d2d-6f5c-4832-9132-f5f3b303ab20@group-F6420478CC9A:LeaderElection61] INFO  segmented.SegmentedRaftLogWorker (SegmentedRaftLogWorker.java:startLogSegment(380)) - a90e5d2d-6f5c-4832-9132-f5f3b303ab20@group-F6420478CC9A-SegmentedRaftLogWorker: Starting segment from index:0
2019-09-26 10:50:33,040 [a90e5d2d-6f5c-4832-9132-f5f3b303ab20@group-0CF2D55A4F66:LeaderElection62] INFO  segmented.SegmentedRaftLogWorker (SegmentedRaftLogWorker.java:startLogSegment(380)) - a90e5d2d-6f5c-4832-9132-f5f3b303ab20@group-0CF2D55A4F66-SegmentedRaftLogWorker: Starting segment from index:0
2019-09-26 10:50:33,040 [a90e5d2d-6f5c-4832-9132-f5f3b303ab20@group-F6420478CC9A:LeaderElection61] INFO  impl.RaftServerImpl (ServerState.java:setRaftConf(354)) - a90e5d2d-6f5c-4832-9132-f5f3b303ab20@group-F6420478CC9A: set configuration 0: [a90e5d2d-6f5c-4832-9132-f5f3b303ab20:192.168.30.13:41085], old=null at 0
2019-09-26 10:50:33,041 [a90e5d2d-6f5c-4832-9132-f5f3b303ab20@group-0CF2D55A4F66:LeaderElection62] INFO  impl.RaftServerImpl (ServerState.java:setRaftConf(354)) - a90e5d2d-6f5c-4832-9132-f5f3b303ab20@group-0CF2D55A4F66: set configuration 0: [a90e5d2d-6f5c-4832-9132-f5f3b303ab20:192.168.30.13:41085], old=null at 0
2019-09-26 10:50:33,055 [Thread-1008] INFO  impl.FollowerState (FollowerState.java:run(106)) - a90e5d2d-6f5c-4832-9132-f5f3b303ab20:group-169CA80326D1 changes to CANDIDATE, lastRpcTime:5105, electionTimeout:5105ms
2019-09-26 10:50:33,056 [Thread-1008] INFO  impl.RoleInfo (RoleInfo.java:shutdownFollowerState(121)) - a90e5d2d-6f5c-4832-9132-f5f3b303ab20: shutdown FollowerState
2019-09-26 10:50:33,056 [Thread-1008] INFO  impl.RaftServerImpl (RaftServerImpl.java:setRole(174)) - a90e5d2d-6f5c-4832-9132-f5f3b303ab20@group-169CA80326D1: changes role from  FOLLOWER to CANDIDATE at term 0 for changeToCandidate
2019-09-26 10:50:33,056 [Thread-1008] INFO  impl.RoleInfo (RoleInfo.java:updateAndGet(143)) - a90e5d2d-6f5c-4832-9132-f5f3b303ab20: start LeaderElection
2019-09-26 10:50:33,083 [Thread-1005] INFO  impl.FollowerState (FollowerState.java:run(106)) - a90e5d2d-6f5c-4832-9132-f5f3b303ab20:group-1FA2D79A45C3 changes to CANDIDATE, lastRpcTime:5176, electionTimeout:5161ms
2019-09-26 10:50:33,083 [Thread-1005] INFO  impl.RoleInfo (RoleInfo.java:shutdownFollowerState(121)) - a90e5d2d-6f5c-4832-9132-f5f3b303ab20: shutdown FollowerState
2019-09-26 10:50:33,083 [Thread-1005] INFO  impl.RaftServerImpl (RaftServerImpl.java:setRole(174)) - a90e5d2d-6f5c-4832-9132-f5f3b303ab20@group-1FA2D79A45C3: changes role from  FOLLOWER to CANDIDATE at term 0 for changeToCandidate
2019-09-26 10:50:33,083 [Thread-1005] INFO  impl.RoleInfo (RoleInfo.java:updateAndGet(143)) - a90e5d2d-6f5c-4832-9132-f5f3b303ab20: start LeaderElection
2019-09-26 10:50:33,097 [a90e5d2d-6f5c-4832-9132-f5f3b303ab20@group-F6420478CC9A-SegmentedRaftLogWorker] INFO  segmented.SegmentedRaftLogWorker (SegmentedRaftLogWorker.java:execute(569)) - a90e5d2d-6f5c-4832-9132-f5f3b303ab20@group-F6420478CC9A-SegmentedRaftLogWorker: created new log segment /workdir/hadoop-ozone/ozonefs/target/test-dir/MiniOzoneClusterImpl-b659d7d3-3970-45ef-9a96-0029c0e1657d/datanode-1/data/ratis/fc3e642f-bbce-4072-8b8c-f6420478cc9a/current/log_inprogress_0
2019-09-26 10:50:33,097 [a90e5d2d-6f5c-4832-9132-f5f3b303ab20@group-0CF2D55A4F66-SegmentedRaftLogWorker] INFO  segmented.SegmentedRaftLogWorker (SegmentedRaftLogWorker.java:execute(569)) - a90e5d2d-6f5c-4832-9132-f5f3b303ab20@group-0CF2D55A4F66-SegmentedRaftLogWorker: created new log segment /workdir/hadoop-ozone/ozonefs/target/test-dir/MiniOzoneClusterImpl-b659d7d3-3970-45ef-9a96-0029c0e1657d/datanode-1/data/ratis/3699acfb-b1ec-4101-ae88-0cf2d55a4f66/current/log_inprogress_0
2019-09-26 10:50:33,097 [a90e5d2d-6f5c-4832-9132-f5f3b303ab20@group-169CA80326D1:LeaderElection63] INFO  impl.LeaderElection (LeaderElection.java:askForVotes(182)) - a90e5d2d-6f5c-4832-9132-f5f3b303ab20@group-169CA80326D1:LeaderElection63: begin an election at term 1 for -1: [a90e5d2d-6f5c-4832-9132-f5f3b303ab20:192.168.30.13:41085], old=null
2019-09-26 10:50:33,097 [a90e5d2d-6f5c-4832-9132-f5f3b303ab20@group-1FA2D79A45C3:LeaderElection64] INFO  impl.LeaderElection (LeaderElection.java:askForVotes(182)) - a90e5d2d-6f5c-4832-9132-f5f3b303ab20@group-1FA2D79A45C3:LeaderElection64: begin an election at term 1 for -1: [a90e5d2d-6f5c-4832-9132-f5f3b303ab20:192.168.30.13:41085], old=null
2019-09-26 10:50:33,097 [a90e5d2d-6f5c-4832-9132-f5f3b303ab20@group-169CA80326D1:LeaderElection63] INFO  impl.RoleInfo (RoleInfo.java:shutdownLeaderElection(134)) - a90e5d2d-6f5c-4832-9132-f5f3b303ab20: shutdown LeaderElection
2019-09-26 10:50:33,098 [a90e5d2d-6f5c-4832-9132-f5f3b303ab20@group-1FA2D79A45C3:LeaderElection64] INFO  impl.RoleInfo (RoleInfo.java:shutdownLeaderElection(134)) - a90e5d2d-6f5c-4832-9132-f5f3b303ab20: shutdown LeaderElection
2019-09-26 10:50:33,098 [a90e5d2d-6f5c-4832-9132-f5f3b303ab20@group-169CA80326D1:LeaderElection63] INFO  impl.RaftServerImpl (RaftServerImpl.java:setRole(174)) - a90e5d2d-6f5c-4832-9132-f5f3b303ab20@group-169CA80326D1: changes role from CANDIDATE to LEADER at term 1 for changeToLeader
2019-09-26 10:50:33,098 [a90e5d2d-6f5c-4832-9132-f5f3b303ab20@group-1FA2D79A45C3:LeaderElection64] INFO  impl.RaftServerImpl (RaftServerImpl.java:setRole(174)) - a90e5d2d-6f5c-4832-9132-f5f3b303ab20@group-1FA2D79A45C3: changes role from CANDIDATE to LEADER at term 1 for changeToLeader
2019-09-26 10:50:33,098 [a90e5d2d-6f5c-4832-9132-f5f3b303ab20@group-169CA80326D1:LeaderElection63] INFO  impl.RaftServerImpl (ServerState.java:setLeader(253)) - a90e5d2d-6f5c-4832-9132-f5f3b303ab20@group-169CA80326D1: change Leader from null to a90e5d2d-6f5c-4832-9132-f5f3b303ab20 at term 1 for becomeLeader, leader elected after 5153ms
2019-09-26 10:50:33,098 [a90e5d2d-6f5c-4832-9132-f5f3b303ab20@group-1FA2D79A45C3:LeaderElection64] INFO  impl.RaftServerImpl (ServerState.java:setLeader(253)) - a90e5d2d-6f5c-4832-9132-f5f3b303ab20@group-1FA2D79A45C3: change Leader from null to a90e5d2d-6f5c-4832-9132-f5f3b303ab20 at term 1 for becomeLeader, leader elected after 5196ms
2019-09-26 10:50:33,098 [a90e5d2d-6f5c-4832-9132-f5f3b303ab20@group-169CA80326D1:LeaderElection63] INFO  server.RaftServerConfigKeys (ConfUtils.java:logGet(43)) - raft.server.staging.catchup.gap = 1000 (default)
2019-09-26 10:50:33,098 [a90e5d2d-6f5c-4832-9132-f5f3b303ab20@group-1FA2D79A45C3:LeaderElection64] INFO  server.RaftServerConfigKeys (ConfUtils.java:logGet(43)) - raft.server.staging.catchup.gap = 1000 (default)
2019-09-26 10:50:33,099 [a90e5d2d-6f5c-4832-9132-f5f3b303ab20@group-169CA80326D1:LeaderElection63] INFO  server.RaftServerConfigKeys (ConfUtils.java:logGet(43)) - raft.server.rpc.sleep.time = 25ms (default)
2019-09-26 10:50:33,099 [a90e5d2d-6f5c-4832-9132-f5f3b303ab20@group-1FA2D79A45C3:LeaderElection64] INFO  server.RaftServerConfigKeys (ConfUtils.java:logGet(43)) - raft.server.rpc.sleep.time = 25ms (default)
2019-09-26 10:50:33,099 [a90e5d2d-6f5c-4832-9132-f5f3b303ab20@group-169CA80326D1:LeaderElection63] INFO  server.RaftServerConfigKeys (ConfUtils.java:logGet(43)) - raft.server.write.element-limit = 4096 (default)
2019-09-26 10:50:33,099 [a90e5d2d-6f5c-4832-9132-f5f3b303ab20@group-1FA2D79A45C3:LeaderElection64] INFO  server.RaftServerConfigKeys (ConfUtils.java:logGet(43)) - raft.server.write.element-limit = 4096 (default)
2019-09-26 10:50:33,099 [a90e5d2d-6f5c-4832-9132-f5f3b303ab20@group-169CA80326D1:LeaderElection63] INFO  server.RaftServerConfigKeys (ConfUtils.java:logGet(43)) - raft.server.watch.timeout = 10s (default)
2019-09-26 10:50:33,099 [a90e5d2d-6f5c-4832-9132-f5f3b303ab20@group-1FA2D79A45C3:LeaderElection64] INFO  server.RaftServerConfigKeys (ConfUtils.java:logGet(43)) - raft.server.watch.timeout = 10s (default)
2019-09-26 10:50:33,099 [a90e5d2d-6f5c-4832-9132-f5f3b303ab20@group-169CA80326D1:LeaderElection63] INFO  server.RaftServerConfigKeys (ConfUtils.java:logGet(43)) - raft.server.watch.timeout.denomination = 1s (default)
2019-09-26 10:50:33,100 [a90e5d2d-6f5c-4832-9132-f5f3b303ab20@group-1FA2D79A45C3:LeaderElection64] INFO  server.RaftServerConfigKeys (ConfUtils.java:logGet(43)) - raft.server.watch.timeout.denomination = 1s (default)
2019-09-26 10:50:33,100 [a90e5d2d-6f5c-4832-9132-f5f3b303ab20@group-169CA80326D1:LeaderElection63] INFO  server.RaftServerConfigKeys (ConfUtils.java:logGet(43)) - raft.server.watch.element-limit = 65536 (default)
2019-09-26 10:50:33,100 [a90e5d2d-6f5c-4832-9132-f5f3b303ab20@group-1FA2D79A45C3:LeaderElection64] INFO  server.RaftServerConfigKeys (ConfUtils.java:logGet(43)) - raft.server.watch.element-limit = 65536 (default)
2019-09-26 10:50:33,104 [a90e5d2d-6f5c-4832-9132-f5f3b303ab20@group-169CA80326D1:LeaderElection63] INFO  impl.RoleInfo (RoleInfo.java:updateAndGet(143)) - a90e5d2d-6f5c-4832-9132-f5f3b303ab20: start LeaderState
2019-09-26 10:50:33,104 [a90e5d2d-6f5c-4832-9132-f5f3b303ab20@group-1FA2D79A45C3:LeaderElection64] INFO  impl.RoleInfo (RoleInfo.java:updateAndGet(143)) - a90e5d2d-6f5c-4832-9132-f5f3b303ab20: start LeaderState
2019-09-26 10:50:33,104 [a90e5d2d-6f5c-4832-9132-f5f3b303ab20@group-169CA80326D1:LeaderElection63] INFO  segmented.SegmentedRaftLogWorker (SegmentedRaftLogWorker.java:startLogSegment(380)) - a90e5d2d-6f5c-4832-9132-f5f3b303ab20@group-169CA80326D1-SegmentedRaftLogWorker: Starting segment from index:0
2019-09-26 10:50:33,104 [a90e5d2d-6f5c-4832-9132-f5f3b303ab20@group-1FA2D79A45C3:LeaderElection64] INFO  segmented.SegmentedRaftLogWorker (SegmentedRaftLogWorker.java:startLogSegment(380)) - a90e5d2d-6f5c-4832-9132-f5f3b303ab20@group-1FA2D79A45C3-SegmentedRaftLogWorker: Starting segment from index:0
2019-09-26 10:50:33,105 [a90e5d2d-6f5c-4832-9132-f5f3b303ab20@group-169CA80326D1:LeaderElection63] INFO  impl.RaftServerImpl (ServerState.java:setRaftConf(354)) - a90e5d2d-6f5c-4832-9132-f5f3b303ab20@group-169CA80326D1: set configuration 0: [a90e5d2d-6f5c-4832-9132-f5f3b303ab20:192.168.30.13:41085], old=null at 0
2019-09-26 10:50:33,105 [a90e5d2d-6f5c-4832-9132-f5f3b303ab20@group-1FA2D79A45C3:LeaderElection64] INFO  impl.RaftServerImpl (ServerState.java:setRaftConf(354)) - a90e5d2d-6f5c-4832-9132-f5f3b303ab20@group-1FA2D79A45C3: set configuration 0: [a90e5d2d-6f5c-4832-9132-f5f3b303ab20:192.168.30.13:41085], old=null at 0
2019-09-26 10:50:33,145 [Thread-1014] INFO  impl.FollowerState (FollowerState.java:run(106)) - 4849c495-99fa-4be8-832d-fded55fd2760:group-F024D7BD0C16 changes to CANDIDATE, lastRpcTime:5099, electionTimeout:5099ms
2019-09-26 10:50:33,146 [Thread-1014] INFO  impl.RoleInfo (RoleInfo.java:shutdownFollowerState(121)) - 4849c495-99fa-4be8-832d-fded55fd2760: shutdown FollowerState
2019-09-26 10:50:33,146 [Thread-1014] INFO  impl.RaftServerImpl (RaftServerImpl.java:setRole(174)) - 4849c495-99fa-4be8-832d-fded55fd2760@group-F024D7BD0C16: changes role from  FOLLOWER to CANDIDATE at term 0 for changeToCandidate
2019-09-26 10:50:33,146 [Thread-1014] INFO  impl.RoleInfo (RoleInfo.java:updateAndGet(143)) - 4849c495-99fa-4be8-832d-fded55fd2760: start LeaderElection
2019-09-26 10:50:33,153 [a90e5d2d-6f5c-4832-9132-f5f3b303ab20@group-1FA2D79A45C3-SegmentedRaftLogWorker] INFO  segmented.SegmentedRaftLogWorker (SegmentedRaftLogWorker.java:execute(569)) - a90e5d2d-6f5c-4832-9132-f5f3b303ab20@group-1FA2D79A45C3-SegmentedRaftLogWorker: created new log segment /workdir/hadoop-ozone/ozonefs/target/test-dir/MiniOzoneClusterImpl-b659d7d3-3970-45ef-9a96-0029c0e1657d/datanode-1/data/ratis/caccadb0-af64-43f6-8e85-1fa2d79a45c3/current/log_inprogress_0
2019-09-26 10:50:33,153 [a90e5d2d-6f5c-4832-9132-f5f3b303ab20@group-169CA80326D1-SegmentedRaftLogWorker] INFO  segmented.SegmentedRaftLogWorker (SegmentedRaftLogWorker.java:execute(569)) - a90e5d2d-6f5c-4832-9132-f5f3b303ab20@group-169CA80326D1-SegmentedRaftLogWorker: created new log segment /workdir/hadoop-ozone/ozonefs/target/test-dir/MiniOzoneClusterImpl-b659d7d3-3970-45ef-9a96-0029c0e1657d/datanode-1/data/ratis/4f0243b6-d64e-4f4f-8421-169ca80326d1/current/log_inprogress_0
2019-09-26 10:50:33,154 [4849c495-99fa-4be8-832d-fded55fd2760@group-F024D7BD0C16:LeaderElection65] INFO  impl.LeaderElection (LeaderElection.java:askForVotes(182)) - 4849c495-99fa-4be8-832d-fded55fd2760@group-F024D7BD0C16:LeaderElection65: begin an election at term 1 for -1: [4849c495-99fa-4be8-832d-fded55fd2760:192.168.30.13:39349], old=null
2019-09-26 10:50:33,154 [4849c495-99fa-4be8-832d-fded55fd2760@group-F024D7BD0C16:LeaderElection65] INFO  impl.RoleInfo (RoleInfo.java:shutdownLeaderElection(134)) - 4849c495-99fa-4be8-832d-fded55fd2760: shutdown LeaderElection
2019-09-26 10:50:33,154 [4849c495-99fa-4be8-832d-fded55fd2760@group-F024D7BD0C16:LeaderElection65] INFO  impl.RaftServerImpl (RaftServerImpl.java:setRole(174)) - 4849c495-99fa-4be8-832d-fded55fd2760@group-F024D7BD0C16: changes role from CANDIDATE to LEADER at term 1 for changeToLeader
2019-09-26 10:50:33,154 [4849c495-99fa-4be8-832d-fded55fd2760@group-F024D7BD0C16:LeaderElection65] INFO  impl.RaftServerImpl (ServerState.java:setLeader(253)) - 4849c495-99fa-4be8-832d-fded55fd2760@group-F024D7BD0C16: change Leader from null to 4849c495-99fa-4be8-832d-fded55fd2760 at term 1 for becomeLeader, leader elected after 5116ms
2019-09-26 10:50:33,154 [4849c495-99fa-4be8-832d-fded55fd2760@group-F024D7BD0C16:LeaderElection65] INFO  server.RaftServerConfigKeys (ConfUtils.java:logGet(43)) - raft.server.staging.catchup.gap = 1000 (default)
2019-09-26 10:50:33,154 [4849c495-99fa-4be8-832d-fded55fd2760@group-F024D7BD0C16:LeaderElection65] INFO  server.RaftServerConfigKeys (ConfUtils.java:logGet(43)) - raft.server.rpc.sleep.time = 25ms (default)
2019-09-26 10:50:33,155 [4849c495-99fa-4be8-832d-fded55fd2760@group-F024D7BD0C16:LeaderElection65] INFO  server.RaftServerConfigKeys (ConfUtils.java:logGet(43)) - raft.server.write.element-limit = 4096 (default)
2019-09-26 10:50:33,155 [4849c495-99fa-4be8-832d-fded55fd2760@group-F024D7BD0C16:LeaderElection65] INFO  server.RaftServerConfigKeys (ConfUtils.java:logGet(43)) - raft.server.watch.timeout = 10s (default)
2019-09-26 10:50:33,155 [4849c495-99fa-4be8-832d-fded55fd2760@group-F024D7BD0C16:LeaderElection65] INFO  server.RaftServerConfigKeys (ConfUtils.java:logGet(43)) - raft.server.watch.timeout.denomination = 1s (default)
2019-09-26 10:50:33,155 [4849c495-99fa-4be8-832d-fded55fd2760@group-F024D7BD0C16:LeaderElection65] INFO  server.RaftServerConfigKeys (ConfUtils.java:logGet(43)) - raft.server.watch.element-limit = 65536 (default)
2019-09-26 10:50:33,156 [4849c495-99fa-4be8-832d-fded55fd2760@group-F024D7BD0C16:LeaderElection65] INFO  impl.RoleInfo (RoleInfo.java:updateAndGet(143)) - 4849c495-99fa-4be8-832d-fded55fd2760: start LeaderState
2019-09-26 10:50:33,156 [4849c495-99fa-4be8-832d-fded55fd2760@group-F024D7BD0C16:LeaderElection65] INFO  segmented.SegmentedRaftLogWorker (SegmentedRaftLogWorker.java:startLogSegment(380)) - 4849c495-99fa-4be8-832d-fded55fd2760@group-F024D7BD0C16-SegmentedRaftLogWorker: Starting segment from index:0
2019-09-26 10:50:33,157 [4849c495-99fa-4be8-832d-fded55fd2760@group-F024D7BD0C16:LeaderElection65] INFO  impl.RaftServerImpl (ServerState.java:setRaftConf(354)) - 4849c495-99fa-4be8-832d-fded55fd2760@group-F024D7BD0C16: set configuration 0: [4849c495-99fa-4be8-832d-fded55fd2760:192.168.30.13:39349], old=null at 0
2019-09-26 10:50:33,205 [4849c495-99fa-4be8-832d-fded55fd2760@group-F024D7BD0C16-SegmentedRaftLogWorker] INFO  segmented.SegmentedRaftLogWorker (SegmentedRaftLogWorker.java:execute(569)) - 4849c495-99fa-4be8-832d-fded55fd2760@group-F024D7BD0C16-SegmentedRaftLogWorker: created new log segment /workdir/hadoop-ozone/ozonefs/target/test-dir/MiniOzoneClusterImpl-b659d7d3-3970-45ef-9a96-0029c0e1657d/datanode-2/data/ratis/68889fd9-1e2f-4f4e-ad93-f024d7bd0c16/current/log_inprogress_0
2019-09-26 10:50:33,227 [Thread-1023] INFO  impl.FollowerState (FollowerState.java:run(106)) - 4849c495-99fa-4be8-832d-fded55fd2760:group-5F200F7DE6C1 changes to CANDIDATE, lastRpcTime:5037, electionTimeout:5037ms
2019-09-26 10:50:33,227 [Thread-1023] INFO  impl.RoleInfo (RoleInfo.java:shutdownFollowerState(121)) - 4849c495-99fa-4be8-832d-fded55fd2760: shutdown FollowerState
2019-09-26 10:50:33,227 [Thread-1023] INFO  impl.RaftServerImpl (RaftServerImpl.java:setRole(174)) - 4849c495-99fa-4be8-832d-fded55fd2760@group-5F200F7DE6C1: changes role from  FOLLOWER to CANDIDATE at term 0 for changeToCandidate
2019-09-26 10:50:33,227 [Thread-1023] INFO  impl.RoleInfo (RoleInfo.java:updateAndGet(143)) - 4849c495-99fa-4be8-832d-fded55fd2760: start LeaderElection
2019-09-26 10:50:33,243 [4849c495-99fa-4be8-832d-fded55fd2760@group-5F200F7DE6C1:LeaderElection66] INFO  impl.LeaderElection (LeaderElection.java:askForVotes(182)) - 4849c495-99fa-4be8-832d-fded55fd2760@group-5F200F7DE6C1:LeaderElection66: begin an election at term 1 for -1: [4849c495-99fa-4be8-832d-fded55fd2760:192.168.30.13:39349], old=null
2019-09-26 10:50:33,244 [4849c495-99fa-4be8-832d-fded55fd2760@group-5F200F7DE6C1:LeaderElection66] INFO  impl.RoleInfo (RoleInfo.java:shutdownLeaderElection(134)) - 4849c495-99fa-4be8-832d-fded55fd2760: shutdown LeaderElection
2019-09-26 10:50:33,244 [4849c495-99fa-4be8-832d-fded55fd2760@group-5F200F7DE6C1:LeaderElection66] INFO  impl.RaftServerImpl (RaftServerImpl.java:setRole(174)) - 4849c495-99fa-4be8-832d-fded55fd2760@group-5F200F7DE6C1: changes role from CANDIDATE to LEADER at term 1 for changeToLeader
2019-09-26 10:50:33,244 [4849c495-99fa-4be8-832d-fded55fd2760@group-5F200F7DE6C1:LeaderElection66] INFO  impl.RaftServerImpl (ServerState.java:setLeader(253)) - 4849c495-99fa-4be8-832d-fded55fd2760@group-5F200F7DE6C1: change Leader from null to 4849c495-99fa-4be8-832d-fded55fd2760 at term 1 for becomeLeader, leader elected after 5061ms
2019-09-26 10:50:33,244 [4849c495-99fa-4be8-832d-fded55fd2760@group-5F200F7DE6C1:LeaderElection66] INFO  server.RaftServerConfigKeys (ConfUtils.java:logGet(43)) - raft.server.staging.catchup.gap = 1000 (default)
2019-09-26 10:50:33,244 [4849c495-99fa-4be8-832d-fded55fd2760@group-5F200F7DE6C1:LeaderElection66] INFO  server.RaftServerConfigKeys (ConfUtils.java:logGet(43)) - raft.server.rpc.sleep.time = 25ms (default)
2019-09-26 10:50:33,244 [4849c495-99fa-4be8-832d-fded55fd2760@group-5F200F7DE6C1:LeaderElection66] INFO  server.RaftServerConfigKeys (ConfUtils.java:logGet(43)) - raft.server.write.element-limit = 4096 (default)
2019-09-26 10:50:33,244 [4849c495-99fa-4be8-832d-fded55fd2760@group-5F200F7DE6C1:LeaderElection66] INFO  server.RaftServerConfigKeys (ConfUtils.java:logGet(43)) - raft.server.watch.timeout = 10s (default)
2019-09-26 10:50:33,245 [4849c495-99fa-4be8-832d-fded55fd2760@group-5F200F7DE6C1:LeaderElection66] INFO  server.RaftServerConfigKeys (ConfUtils.java:logGet(43)) - raft.server.watch.timeout.denomination = 1s (default)
2019-09-26 10:50:33,245 [4849c495-99fa-4be8-832d-fded55fd2760@group-5F200F7DE6C1:LeaderElection66] INFO  server.RaftServerConfigKeys (ConfUtils.java:logGet(43)) - raft.server.watch.element-limit = 65536 (default)
2019-09-26 10:50:33,246 [4849c495-99fa-4be8-832d-fded55fd2760@group-5F200F7DE6C1:LeaderElection66] INFO  impl.RoleInfo (RoleInfo.java:updateAndGet(143)) - 4849c495-99fa-4be8-832d-fded55fd2760: start LeaderState
2019-09-26 10:50:33,247 [4849c495-99fa-4be8-832d-fded55fd2760@group-5F200F7DE6C1:LeaderElection66] INFO  segmented.SegmentedRaftLogWorker (SegmentedRaftLogWorker.java:startLogSegment(380)) - 4849c495-99fa-4be8-832d-fded55fd2760@group-5F200F7DE6C1-SegmentedRaftLogWorker: Starting segment from index:0
2019-09-26 10:50:33,247 [4849c495-99fa-4be8-832d-fded55fd2760@group-5F200F7DE6C1:LeaderElection66] INFO  impl.RaftServerImpl (ServerState.java:setRaftConf(354)) - 4849c495-99fa-4be8-832d-fded55fd2760@group-5F200F7DE6C1: set configuration 0: [4849c495-99fa-4be8-832d-fded55fd2760:192.168.30.13:39349], old=null at 0
2019-09-26 10:50:33,277 [Thread-1017] INFO  impl.FollowerState (FollowerState.java:run(106)) - 8c274a69-f430-4a4c-a276-f582e5c5e4e0:group-644EC02DB879 changes to CANDIDATE, lastRpcTime:5186, electionTimeout:5186ms
2019-09-26 10:50:33,278 [Thread-1017] INFO  impl.RoleInfo (RoleInfo.java:shutdownFollowerState(121)) - 8c274a69-f430-4a4c-a276-f582e5c5e4e0: shutdown FollowerState
2019-09-26 10:50:33,278 [Thread-1017] INFO  impl.RaftServerImpl (RaftServerImpl.java:setRole(174)) - 8c274a69-f430-4a4c-a276-f582e5c5e4e0@group-644EC02DB879: changes role from  FOLLOWER to CANDIDATE at term 0 for changeToCandidate
2019-09-26 10:50:33,278 [Thread-1017] INFO  impl.RoleInfo (RoleInfo.java:updateAndGet(143)) - 8c274a69-f430-4a4c-a276-f582e5c5e4e0: start LeaderElection
2019-09-26 10:50:33,299 [4849c495-99fa-4be8-832d-fded55fd2760@group-5F200F7DE6C1-SegmentedRaftLogWorker] INFO  segmented.SegmentedRaftLogWorker (SegmentedRaftLogWorker.java:execute(569)) - 4849c495-99fa-4be8-832d-fded55fd2760@group-5F200F7DE6C1-SegmentedRaftLogWorker: created new log segment /workdir/hadoop-ozone/ozonefs/target/test-dir/MiniOzoneClusterImpl-b659d7d3-3970-45ef-9a96-0029c0e1657d/datanode-2/data/ratis/fb5891c5-7128-4dd7-bdb0-5f200f7de6c1/current/log_inprogress_0
2019-09-26 10:50:33,299 [8c274a69-f430-4a4c-a276-f582e5c5e4e0@group-644EC02DB879:LeaderElection67] INFO  impl.LeaderElection (LeaderElection.java:askForVotes(182)) - 8c274a69-f430-4a4c-a276-f582e5c5e4e0@group-644EC02DB879:LeaderElection67: begin an election at term 1 for -1: [8c274a69-f430-4a4c-a276-f582e5c5e4e0:192.168.30.13:38230], old=null
2019-09-26 10:50:33,299 [8c274a69-f430-4a4c-a276-f582e5c5e4e0@group-644EC02DB879:LeaderElection67] INFO  impl.RoleInfo (RoleInfo.java:shutdownLeaderElection(134)) - 8c274a69-f430-4a4c-a276-f582e5c5e4e0: shutdown LeaderElection
2019-09-26 10:50:33,299 [8c274a69-f430-4a4c-a276-f582e5c5e4e0@group-644EC02DB879:LeaderElection67] INFO  impl.RaftServerImpl (RaftServerImpl.java:setRole(174)) - 8c274a69-f430-4a4c-a276-f582e5c5e4e0@group-644EC02DB879: changes role from CANDIDATE to LEADER at term 1 for changeToLeader
2019-09-26 10:50:33,300 [8c274a69-f430-4a4c-a276-f582e5c5e4e0@group-644EC02DB879:LeaderElection67] INFO  impl.RaftServerImpl (ServerState.java:setLeader(253)) - 8c274a69-f430-4a4c-a276-f582e5c5e4e0@group-644EC02DB879: change Leader from null to 8c274a69-f430-4a4c-a276-f582e5c5e4e0 at term 1 for becomeLeader, leader elected after 5215ms
2019-09-26 10:50:33,300 [8c274a69-f430-4a4c-a276-f582e5c5e4e0@group-644EC02DB879:LeaderElection67] INFO  server.RaftServerConfigKeys (ConfUtils.java:logGet(43)) - raft.server.staging.catchup.gap = 1000 (default)
2019-09-26 10:50:33,300 [8c274a69-f430-4a4c-a276-f582e5c5e4e0@group-644EC02DB879:LeaderElection67] INFO  server.RaftServerConfigKeys (ConfUtils.java:logGet(43)) - raft.server.rpc.sleep.time = 25ms (default)
2019-09-26 10:50:33,300 [8c274a69-f430-4a4c-a276-f582e5c5e4e0@group-644EC02DB879:LeaderElection67] INFO  server.RaftServerConfigKeys (ConfUtils.java:logGet(43)) - raft.server.write.element-limit = 4096 (default)
2019-09-26 10:50:33,300 [8c274a69-f430-4a4c-a276-f582e5c5e4e0@group-644EC02DB879:LeaderElection67] INFO  server.RaftServerConfigKeys (ConfUtils.java:logGet(43)) - raft.server.watch.timeout = 10s (default)
2019-09-26 10:50:33,300 [8c274a69-f430-4a4c-a276-f582e5c5e4e0@group-644EC02DB879:LeaderElection67] INFO  server.RaftServerConfigKeys (ConfUtils.java:logGet(43)) - raft.server.watch.timeout.denomination = 1s (default)
2019-09-26 10:50:33,301 [8c274a69-f430-4a4c-a276-f582e5c5e4e0@group-644EC02DB879:LeaderElection67] INFO  server.RaftServerConfigKeys (ConfUtils.java:logGet(43)) - raft.server.watch.element-limit = 65536 (default)
2019-09-26 10:50:33,303 [8c274a69-f430-4a4c-a276-f582e5c5e4e0@group-644EC02DB879:LeaderElection67] INFO  impl.RoleInfo (RoleInfo.java:updateAndGet(143)) - 8c274a69-f430-4a4c-a276-f582e5c5e4e0: start LeaderState
2019-09-26 10:50:33,303 [8c274a69-f430-4a4c-a276-f582e5c5e4e0@group-644EC02DB879:LeaderElection67] INFO  segmented.SegmentedRaftLogWorker (SegmentedRaftLogWorker.java:startLogSegment(380)) - 8c274a69-f430-4a4c-a276-f582e5c5e4e0@group-644EC02DB879-SegmentedRaftLogWorker: Starting segment from index:0
2019-09-26 10:50:33,304 [8c274a69-f430-4a4c-a276-f582e5c5e4e0@group-644EC02DB879:LeaderElection67] INFO  impl.RaftServerImpl (ServerState.java:setRaftConf(354)) - 8c274a69-f430-4a4c-a276-f582e5c5e4e0@group-644EC02DB879: set configuration 0: [8c274a69-f430-4a4c-a276-f582e5c5e4e0:192.168.30.13:38230], old=null at 0
2019-09-26 10:50:33,341 [Thread-1020] INFO  impl.FollowerState (FollowerState.java:run(106)) - a90e5d2d-6f5c-4832-9132-f5f3b303ab20:group-3ADC156BF30A changes to CANDIDATE, lastRpcTime:5197, electionTimeout:5197ms
2019-09-26 10:50:33,341 [Thread-1020] INFO  impl.RoleInfo (RoleInfo.java:shutdownFollowerState(121)) - a90e5d2d-6f5c-4832-9132-f5f3b303ab20: shutdown FollowerState
2019-09-26 10:50:33,341 [Thread-1020] INFO  impl.RaftServerImpl (RaftServerImpl.java:setRole(174)) - a90e5d2d-6f5c-4832-9132-f5f3b303ab20@group-3ADC156BF30A: changes role from  FOLLOWER to CANDIDATE at term 0 for changeToCandidate
2019-09-26 10:50:33,341 [Thread-1020] INFO  impl.RoleInfo (RoleInfo.java:updateAndGet(143)) - a90e5d2d-6f5c-4832-9132-f5f3b303ab20: start LeaderElection
2019-09-26 10:50:33,360 [8c274a69-f430-4a4c-a276-f582e5c5e4e0@group-644EC02DB879-SegmentedRaftLogWorker] INFO  segmented.SegmentedRaftLogWorker (SegmentedRaftLogWorker.java:execute(569)) - 8c274a69-f430-4a4c-a276-f582e5c5e4e0@group-644EC02DB879-SegmentedRaftLogWorker: created new log segment /workdir/hadoop-ozone/ozonefs/target/test-dir/MiniOzoneClusterImpl-b659d7d3-3970-45ef-9a96-0029c0e1657d/datanode-0/data/ratis/667072fb-4fd5-42a4-966b-644ec02db879/current/log_inprogress_0
2019-09-26 10:50:33,360 [a90e5d2d-6f5c-4832-9132-f5f3b303ab20@group-3ADC156BF30A:LeaderElection68] INFO  impl.LeaderElection (LeaderElection.java:askForVotes(182)) - a90e5d2d-6f5c-4832-9132-f5f3b303ab20@group-3ADC156BF30A:LeaderElection68: begin an election at term 1 for -1: [a90e5d2d-6f5c-4832-9132-f5f3b303ab20:192.168.30.13:41085], old=null
2019-09-26 10:50:33,360 [a90e5d2d-6f5c-4832-9132-f5f3b303ab20@group-3ADC156BF30A:LeaderElection68] INFO  impl.RoleInfo (RoleInfo.java:shutdownLeaderElection(134)) - a90e5d2d-6f5c-4832-9132-f5f3b303ab20: shutdown LeaderElection
2019-09-26 10:50:33,360 [a90e5d2d-6f5c-4832-9132-f5f3b303ab20@group-3ADC156BF30A:LeaderElection68] INFO  impl.RaftServerImpl (RaftServerImpl.java:setRole(174)) - a90e5d2d-6f5c-4832-9132-f5f3b303ab20@group-3ADC156BF30A: changes role from CANDIDATE to LEADER at term 1 for changeToLeader
2019-09-26 10:50:33,360 [a90e5d2d-6f5c-4832-9132-f5f3b303ab20@group-3ADC156BF30A:LeaderElection68] INFO  impl.RaftServerImpl (ServerState.java:setLeader(253)) - a90e5d2d-6f5c-4832-9132-f5f3b303ab20@group-3ADC156BF30A: change Leader from null to a90e5d2d-6f5c-4832-9132-f5f3b303ab20 at term 1 for becomeLeader, leader elected after 5223ms
2019-09-26 10:50:33,361 [a90e5d2d-6f5c-4832-9132-f5f3b303ab20@group-3ADC156BF30A:LeaderElection68] INFO  server.RaftServerConfigKeys (ConfUtils.java:logGet(43)) - raft.server.staging.catchup.gap = 1000 (default)
2019-09-26 10:50:33,361 [a90e5d2d-6f5c-4832-9132-f5f3b303ab20@group-3ADC156BF30A:LeaderElection68] INFO  server.RaftServerConfigKeys (ConfUtils.java:logGet(43)) - raft.server.rpc.sleep.time = 25ms (default)
2019-09-26 10:50:33,361 [a90e5d2d-6f5c-4832-9132-f5f3b303ab20@group-3ADC156BF30A:LeaderElection68] INFO  server.RaftServerConfigKeys (ConfUtils.java:logGet(43)) - raft.server.write.element-limit = 4096 (default)
2019-09-26 10:50:33,361 [a90e5d2d-6f5c-4832-9132-f5f3b303ab20@group-3ADC156BF30A:LeaderElection68] INFO  server.RaftServerConfigKeys (ConfUtils.java:logGet(43)) - raft.server.watch.timeout = 10s (default)
2019-09-26 10:50:33,361 [a90e5d2d-6f5c-4832-9132-f5f3b303ab20@group-3ADC156BF30A:LeaderElection68] INFO  server.RaftServerConfigKeys (ConfUtils.java:logGet(43)) - raft.server.watch.timeout.denomination = 1s (default)
2019-09-26 10:50:33,362 [a90e5d2d-6f5c-4832-9132-f5f3b303ab20@group-3ADC156BF30A:LeaderElection68] INFO  server.RaftServerConfigKeys (ConfUtils.java:logGet(43)) - raft.server.watch.element-limit = 65536 (default)
2019-09-26 10:50:33,364 [a90e5d2d-6f5c-4832-9132-f5f3b303ab20@group-3ADC156BF30A:LeaderElection68] INFO  impl.RoleInfo (RoleInfo.java:updateAndGet(143)) - a90e5d2d-6f5c-4832-9132-f5f3b303ab20: start LeaderState
2019-09-26 10:50:33,365 [a90e5d2d-6f5c-4832-9132-f5f3b303ab20@group-3ADC156BF30A:LeaderElection68] INFO  segmented.SegmentedRaftLogWorker (SegmentedRaftLogWorker.java:startLogSegment(380)) - a90e5d2d-6f5c-4832-9132-f5f3b303ab20@group-3ADC156BF30A-SegmentedRaftLogWorker: Starting segment from index:0
2019-09-26 10:50:33,365 [a90e5d2d-6f5c-4832-9132-f5f3b303ab20@group-3ADC156BF30A:LeaderElection68] INFO  impl.RaftServerImpl (ServerState.java:setRaftConf(354)) - a90e5d2d-6f5c-4832-9132-f5f3b303ab20@group-3ADC156BF30A: set configuration 0: [a90e5d2d-6f5c-4832-9132-f5f3b303ab20:192.168.30.13:41085], old=null at 0
2019-09-26 10:50:33,404 [Thread-1029] INFO  impl.FollowerState (FollowerState.java:run(106)) - 4849c495-99fa-4be8-832d-fded55fd2760:group-04E600D770C4 changes to CANDIDATE, lastRpcTime:5124, electionTimeout:5124ms
2019-09-26 10:50:33,404 [Thread-1029] INFO  impl.RoleInfo (RoleInfo.java:shutdownFollowerState(121)) - 4849c495-99fa-4be8-832d-fded55fd2760: shutdown FollowerState
2019-09-26 10:50:33,404 [Thread-1029] INFO  impl.RaftServerImpl (RaftServerImpl.java:setRole(174)) - 4849c495-99fa-4be8-832d-fded55fd2760@group-04E600D770C4: changes role from  FOLLOWER to CANDIDATE at term 0 for changeToCandidate
2019-09-26 10:50:33,405 [Thread-1029] INFO  impl.RoleInfo (RoleInfo.java:updateAndGet(143)) - 4849c495-99fa-4be8-832d-fded55fd2760: start LeaderElection
2019-09-26 10:50:33,412 [Thread-1026] INFO  impl.FollowerState (FollowerState.java:run(106)) - 4849c495-99fa-4be8-832d-fded55fd2760:group-B0C3C5574B8A changes to CANDIDATE, lastRpcTime:5177, electionTimeout:5177ms
2019-09-26 10:50:33,412 [Thread-1026] INFO  impl.RoleInfo (RoleInfo.java:shutdownFollowerState(121)) - 4849c495-99fa-4be8-832d-fded55fd2760: shutdown FollowerState
2019-09-26 10:50:33,412 [Thread-1026] INFO  impl.RaftServerImpl (RaftServerImpl.java:setRole(174)) - 4849c495-99fa-4be8-832d-fded55fd2760@group-B0C3C5574B8A: changes role from  FOLLOWER to CANDIDATE at term 0 for changeToCandidate
2019-09-26 10:50:33,413 [Thread-1026] INFO  impl.RoleInfo (RoleInfo.java:updateAndGet(143)) - 4849c495-99fa-4be8-832d-fded55fd2760: start LeaderElection
2019-09-26 10:50:33,423 [a90e5d2d-6f5c-4832-9132-f5f3b303ab20@group-3ADC156BF30A-SegmentedRaftLogWorker] INFO  segmented.SegmentedRaftLogWorker (SegmentedRaftLogWorker.java:execute(569)) - a90e5d2d-6f5c-4832-9132-f5f3b303ab20@group-3ADC156BF30A-SegmentedRaftLogWorker: created new log segment /workdir/hadoop-ozone/ozonefs/target/test-dir/MiniOzoneClusterImpl-b659d7d3-3970-45ef-9a96-0029c0e1657d/datanode-1/data/ratis/24213742-766c-4923-9827-3adc156bf30a/current/log_inprogress_0
2019-09-26 10:50:33,423 [4849c495-99fa-4be8-832d-fded55fd2760@group-B0C3C5574B8A:LeaderElection70] INFO  impl.LeaderElection (LeaderElection.java:askForVotes(182)) - 4849c495-99fa-4be8-832d-fded55fd2760@group-B0C3C5574B8A:LeaderElection70: begin an election at term 1 for -1: [4849c495-99fa-4be8-832d-fded55fd2760:192.168.30.13:39349], old=null
2019-09-26 10:50:33,423 [4849c495-99fa-4be8-832d-fded55fd2760@group-04E600D770C4:LeaderElection69] INFO  impl.LeaderElection (LeaderElection.java:askForVotes(182)) - 4849c495-99fa-4be8-832d-fded55fd2760@group-04E600D770C4:LeaderElection69: begin an election at term 1 for -1: [4849c495-99fa-4be8-832d-fded55fd2760:192.168.30.13:39349], old=null
2019-09-26 10:50:33,423 [4849c495-99fa-4be8-832d-fded55fd2760@group-B0C3C5574B8A:LeaderElection70] INFO  impl.RoleInfo (RoleInfo.java:shutdownLeaderElection(134)) - 4849c495-99fa-4be8-832d-fded55fd2760: shutdown LeaderElection
2019-09-26 10:50:33,423 [4849c495-99fa-4be8-832d-fded55fd2760@group-04E600D770C4:LeaderElection69] INFO  impl.RoleInfo (RoleInfo.java:shutdownLeaderElection(134)) - 4849c495-99fa-4be8-832d-fded55fd2760: shutdown LeaderElection
2019-09-26 10:50:33,423 [4849c495-99fa-4be8-832d-fded55fd2760@group-B0C3C5574B8A:LeaderElection70] INFO  impl.RaftServerImpl (RaftServerImpl.java:setRole(174)) - 4849c495-99fa-4be8-832d-fded55fd2760@group-B0C3C5574B8A: changes role from CANDIDATE to LEADER at term 1 for changeToLeader
2019-09-26 10:50:33,424 [4849c495-99fa-4be8-832d-fded55fd2760@group-04E600D770C4:LeaderElection69] INFO  impl.RaftServerImpl (RaftServerImpl.java:setRole(174)) - 4849c495-99fa-4be8-832d-fded55fd2760@group-04E600D770C4: changes role from CANDIDATE to LEADER at term 1 for changeToLeader
2019-09-26 10:50:33,424 [4849c495-99fa-4be8-832d-fded55fd2760@group-B0C3C5574B8A:LeaderElection70] INFO  impl.RaftServerImpl (ServerState.java:setLeader(253)) - 4849c495-99fa-4be8-832d-fded55fd2760@group-B0C3C5574B8A: change Leader from null to 4849c495-99fa-4be8-832d-fded55fd2760 at term 1 for becomeLeader, leader elected after 5195ms
2019-09-26 10:50:33,424 [4849c495-99fa-4be8-832d-fded55fd2760@group-04E600D770C4:LeaderElection69] INFO  impl.RaftServerImpl (ServerState.java:setLeader(253)) - 4849c495-99fa-4be8-832d-fded55fd2760@group-04E600D770C4: change Leader from null to 4849c495-99fa-4be8-832d-fded55fd2760 at term 1 for becomeLeader, leader elected after 5150ms
2019-09-26 10:50:33,424 [4849c495-99fa-4be8-832d-fded55fd2760@group-B0C3C5574B8A:LeaderElection70] INFO  server.RaftServerConfigKeys (ConfUtils.java:logGet(43)) - raft.server.staging.catchup.gap = 1000 (default)
2019-09-26 10:50:33,424 [4849c495-99fa-4be8-832d-fded55fd2760@group-04E600D770C4:LeaderElection69] INFO  server.RaftServerConfigKeys (ConfUtils.java:logGet(43)) - raft.server.staging.catchup.gap = 1000 (default)
2019-09-26 10:50:33,424 [4849c495-99fa-4be8-832d-fded55fd2760@group-B0C3C5574B8A:LeaderElection70] INFO  server.RaftServerConfigKeys (ConfUtils.java:logGet(43)) - raft.server.rpc.sleep.time = 25ms (default)
2019-09-26 10:50:33,425 [4849c495-99fa-4be8-832d-fded55fd2760@group-04E600D770C4:LeaderElection69] INFO  server.RaftServerConfigKeys (ConfUtils.java:logGet(43)) - raft.server.rpc.sleep.time = 25ms (default)
2019-09-26 10:50:33,425 [4849c495-99fa-4be8-832d-fded55fd2760@group-B0C3C5574B8A:LeaderElection70] INFO  server.RaftServerConfigKeys (ConfUtils.java:logGet(43)) - raft.server.write.element-limit = 4096 (default)
2019-09-26 10:50:33,425 [4849c495-99fa-4be8-832d-fded55fd2760@group-04E600D770C4:LeaderElection69] INFO  server.RaftServerConfigKeys (ConfUtils.java:logGet(43)) - raft.server.write.element-limit = 4096 (default)
2019-09-26 10:50:33,425 [4849c495-99fa-4be8-832d-fded55fd2760@group-B0C3C5574B8A:LeaderElection70] INFO  server.RaftServerConfigKeys (ConfUtils.java:logGet(43)) - raft.server.watch.timeout = 10s (default)
2019-09-26 10:50:33,425 [4849c495-99fa-4be8-832d-fded55fd2760@group-04E600D770C4:LeaderElection69] INFO  server.RaftServerConfigKeys (ConfUtils.java:logGet(43)) - raft.server.watch.timeout = 10s (default)
2019-09-26 10:50:33,425 [4849c495-99fa-4be8-832d-fded55fd2760@group-B0C3C5574B8A:LeaderElection70] INFO  server.RaftServerConfigKeys (ConfUtils.java:logGet(43)) - raft.server.watch.timeout.denomination = 1s (default)
2019-09-26 10:50:33,425 [4849c495-99fa-4be8-832d-fded55fd2760@group-04E600D770C4:LeaderElection69] INFO  server.RaftServerConfigKeys (ConfUtils.java:logGet(43)) - raft.server.watch.timeout.denomination = 1s (default)
2019-09-26 10:50:33,426 [4849c495-99fa-4be8-832d-fded55fd2760@group-B0C3C5574B8A:LeaderElection70] INFO  server.RaftServerConfigKeys (ConfUtils.java:logGet(43)) - raft.server.watch.element-limit = 65536 (default)
2019-09-26 10:50:33,426 [4849c495-99fa-4be8-832d-fded55fd2760@group-04E600D770C4:LeaderElection69] INFO  server.RaftServerConfigKeys (ConfUtils.java:logGet(43)) - raft.server.watch.element-limit = 65536 (default)
2019-09-26 10:50:33,430 [4849c495-99fa-4be8-832d-fded55fd2760@group-B0C3C5574B8A:LeaderElection70] INFO  impl.RoleInfo (RoleInfo.java:updateAndGet(143)) - 4849c495-99fa-4be8-832d-fded55fd2760: start LeaderState
2019-09-26 10:50:33,430 [4849c495-99fa-4be8-832d-fded55fd2760@group-04E600D770C4:LeaderElection69] INFO  impl.RoleInfo (RoleInfo.java:updateAndGet(143)) - 4849c495-99fa-4be8-832d-fded55fd2760: start LeaderState
2019-09-26 10:50:33,430 [4849c495-99fa-4be8-832d-fded55fd2760@group-B0C3C5574B8A:LeaderElection70] INFO  segmented.SegmentedRaftLogWorker (SegmentedRaftLogWorker.java:startLogSegment(380)) - 4849c495-99fa-4be8-832d-fded55fd2760@group-B0C3C5574B8A-SegmentedRaftLogWorker: Starting segment from index:0
2019-09-26 10:50:33,430 [4849c495-99fa-4be8-832d-fded55fd2760@group-04E600D770C4:LeaderElection69] INFO  segmented.SegmentedRaftLogWorker (SegmentedRaftLogWorker.java:startLogSegment(380)) - 4849c495-99fa-4be8-832d-fded55fd2760@group-04E600D770C4-SegmentedRaftLogWorker: Starting segment from index:0
2019-09-26 10:50:33,431 [4849c495-99fa-4be8-832d-fded55fd2760@group-B0C3C5574B8A:LeaderElection70] INFO  impl.RaftServerImpl (ServerState.java:setRaftConf(354)) - 4849c495-99fa-4be8-832d-fded55fd2760@group-B0C3C5574B8A: set configuration 0: [4849c495-99fa-4be8-832d-fded55fd2760:192.168.30.13:39349], old=null at 0
2019-09-26 10:50:33,431 [4849c495-99fa-4be8-832d-fded55fd2760@group-04E600D770C4:LeaderElection69] INFO  impl.RaftServerImpl (ServerState.java:setRaftConf(354)) - 4849c495-99fa-4be8-832d-fded55fd2760@group-04E600D770C4: set configuration 0: [4849c495-99fa-4be8-832d-fded55fd2760:192.168.30.13:39349], old=null at 0
2019-09-26 10:50:33,479 [4849c495-99fa-4be8-832d-fded55fd2760@group-04E600D770C4-SegmentedRaftLogWorker] INFO  segmented.SegmentedRaftLogWorker (SegmentedRaftLogWorker.java:execute(569)) - 4849c495-99fa-4be8-832d-fded55fd2760@group-04E600D770C4-SegmentedRaftLogWorker: created new log segment /workdir/hadoop-ozone/ozonefs/target/test-dir/MiniOzoneClusterImpl-b659d7d3-3970-45ef-9a96-0029c0e1657d/datanode-2/data/ratis/f710a4c9-9139-45a1-a22b-04e600d770c4/current/log_inprogress_0
2019-09-26 10:50:33,479 [4849c495-99fa-4be8-832d-fded55fd2760@group-B0C3C5574B8A-SegmentedRaftLogWorker] INFO  segmented.SegmentedRaftLogWorker (SegmentedRaftLogWorker.java:execute(569)) - 4849c495-99fa-4be8-832d-fded55fd2760@group-B0C3C5574B8A-SegmentedRaftLogWorker: created new log segment /workdir/hadoop-ozone/ozonefs/target/test-dir/MiniOzoneClusterImpl-b659d7d3-3970-45ef-9a96-0029c0e1657d/datanode-2/data/ratis/65450d53-1362-4b97-bfa0-b0c3c5574b8a/current/log_inprogress_0
2019-09-26 10:50:33,487 [Thread-1035] INFO  impl.FollowerState (FollowerState.java:run(106)) - 4849c495-99fa-4be8-832d-fded55fd2760:group-274B853F59A6 changes to CANDIDATE, lastRpcTime:5119, electionTimeout:5119ms
2019-09-26 10:50:33,487 [Thread-1035] INFO  impl.RoleInfo (RoleInfo.java:shutdownFollowerState(121)) - 4849c495-99fa-4be8-832d-fded55fd2760: shutdown FollowerState
2019-09-26 10:50:33,487 [Thread-1035] INFO  impl.RaftServerImpl (RaftServerImpl.java:setRole(174)) - 4849c495-99fa-4be8-832d-fded55fd2760@group-274B853F59A6: changes role from  FOLLOWER to CANDIDATE at term 0 for changeToCandidate
2019-09-26 10:50:33,487 [Thread-1035] INFO  impl.RoleInfo (RoleInfo.java:updateAndGet(143)) - 4849c495-99fa-4be8-832d-fded55fd2760: start LeaderElection
2019-09-26 10:50:33,500 [Thread-1032] INFO  impl.FollowerState (FollowerState.java:run(106)) - 4849c495-99fa-4be8-832d-fded55fd2760:group-D853A020FC0C changes to CANDIDATE, lastRpcTime:5176, electionTimeout:5176ms
2019-09-26 10:50:33,500 [Thread-1032] INFO  impl.RoleInfo (RoleInfo.java:shutdownFollowerState(121)) - 4849c495-99fa-4be8-832d-fded55fd2760: shutdown FollowerState
2019-09-26 10:50:33,500 [Thread-1032] INFO  impl.RaftServerImpl (RaftServerImpl.java:setRole(174)) - 4849c495-99fa-4be8-832d-fded55fd2760@group-D853A020FC0C: changes role from  FOLLOWER to CANDIDATE at term 0 for changeToCandidate
2019-09-26 10:50:33,501 [Thread-1032] INFO  impl.RoleInfo (RoleInfo.java:updateAndGet(143)) - 4849c495-99fa-4be8-832d-fded55fd2760: start LeaderElection
2019-09-26 10:50:33,503 [4849c495-99fa-4be8-832d-fded55fd2760@group-274B853F59A6:LeaderElection71] INFO  impl.LeaderElection (LeaderElection.java:askForVotes(182)) - 4849c495-99fa-4be8-832d-fded55fd2760@group-274B853F59A6:LeaderElection71: begin an election at term 1 for -1: [4849c495-99fa-4be8-832d-fded55fd2760:192.168.30.13:39349], old=null
2019-09-26 10:50:33,504 [4849c495-99fa-4be8-832d-fded55fd2760@group-274B853F59A6:LeaderElection71] INFO  impl.RoleInfo (RoleInfo.java:shutdownLeaderElection(134)) - 4849c495-99fa-4be8-832d-fded55fd2760: shutdown LeaderElection
2019-09-26 10:50:33,504 [4849c495-99fa-4be8-832d-fded55fd2760@group-274B853F59A6:LeaderElection71] INFO  impl.RaftServerImpl (RaftServerImpl.java:setRole(174)) - 4849c495-99fa-4be8-832d-fded55fd2760@group-274B853F59A6: changes role from CANDIDATE to LEADER at term 1 for changeToLeader
2019-09-26 10:50:33,504 [4849c495-99fa-4be8-832d-fded55fd2760@group-274B853F59A6:LeaderElection71] INFO  impl.RaftServerImpl (ServerState.java:setLeader(253)) - 4849c495-99fa-4be8-832d-fded55fd2760@group-274B853F59A6: change Leader from null to 4849c495-99fa-4be8-832d-fded55fd2760 at term 1 for becomeLeader, leader elected after 5142ms
2019-09-26 10:50:33,504 [4849c495-99fa-4be8-832d-fded55fd2760@group-274B853F59A6:LeaderElection71] INFO  server.RaftServerConfigKeys (ConfUtils.java:logGet(43)) - raft.server.staging.catchup.gap = 1000 (default)
2019-09-26 10:50:33,504 [4849c495-99fa-4be8-832d-fded55fd2760@group-274B853F59A6:LeaderElection71] INFO  server.RaftServerConfigKeys (ConfUtils.java:logGet(43)) - raft.server.rpc.sleep.time = 25ms (default)
2019-09-26 10:50:33,504 [4849c495-99fa-4be8-832d-fded55fd2760@group-274B853F59A6:LeaderElection71] INFO  server.RaftServerConfigKeys (ConfUtils.java:logGet(43)) - raft.server.write.element-limit = 4096 (default)
2019-09-26 10:50:33,505 [4849c495-99fa-4be8-832d-fded55fd2760@group-274B853F59A6:LeaderElection71] INFO  server.RaftServerConfigKeys (ConfUtils.java:logGet(43)) - raft.server.watch.timeout = 10s (default)
2019-09-26 10:50:33,505 [4849c495-99fa-4be8-832d-fded55fd2760@group-274B853F59A6:LeaderElection71] INFO  server.RaftServerConfigKeys (ConfUtils.java:logGet(43)) - raft.server.watch.timeout.denomination = 1s (default)
2019-09-26 10:50:33,505 [4849c495-99fa-4be8-832d-fded55fd2760@group-274B853F59A6:LeaderElection71] INFO  server.RaftServerConfigKeys (ConfUtils.java:logGet(43)) - raft.server.watch.element-limit = 65536 (default)
2019-09-26 10:50:33,506 [4849c495-99fa-4be8-832d-fded55fd2760@group-D853A020FC0C:LeaderElection72] INFO  impl.LeaderElection (LeaderElection.java:askForVotes(182)) - 4849c495-99fa-4be8-832d-fded55fd2760@group-D853A020FC0C:LeaderElection72: begin an election at term 1 for -1: [4849c495-99fa-4be8-832d-fded55fd2760:192.168.30.13:39349], old=null
2019-09-26 10:50:33,506 [4849c495-99fa-4be8-832d-fded55fd2760@group-D853A020FC0C:LeaderElection72] INFO  impl.RoleInfo (RoleInfo.java:shutdownLeaderElection(134)) - 4849c495-99fa-4be8-832d-fded55fd2760: shutdown LeaderElection
2019-09-26 10:50:33,506 [4849c495-99fa-4be8-832d-fded55fd2760@group-D853A020FC0C:LeaderElection72] INFO  impl.RaftServerImpl (RaftServerImpl.java:setRole(174)) - 4849c495-99fa-4be8-832d-fded55fd2760@group-D853A020FC0C: changes role from CANDIDATE to LEADER at term 1 for changeToLeader
2019-09-26 10:50:33,506 [4849c495-99fa-4be8-832d-fded55fd2760@group-D853A020FC0C:LeaderElection72] INFO  impl.RaftServerImpl (ServerState.java:setLeader(253)) - 4849c495-99fa-4be8-832d-fded55fd2760@group-D853A020FC0C: change Leader from null to 4849c495-99fa-4be8-832d-fded55fd2760 at term 1 for becomeLeader, leader elected after 5188ms
2019-09-26 10:50:33,507 [4849c495-99fa-4be8-832d-fded55fd2760@group-D853A020FC0C:LeaderElection72] INFO  server.RaftServerConfigKeys (ConfUtils.java:logGet(43)) - raft.server.staging.catchup.gap = 1000 (default)
2019-09-26 10:50:33,507 [4849c495-99fa-4be8-832d-fded55fd2760@group-D853A020FC0C:LeaderElection72] INFO  server.RaftServerConfigKeys (ConfUtils.java:logGet(43)) - raft.server.rpc.sleep.time = 25ms (default)
2019-09-26 10:50:33,507 [4849c495-99fa-4be8-832d-fded55fd2760@group-D853A020FC0C:LeaderElection72] INFO  server.RaftServerConfigKeys (ConfUtils.java:logGet(43)) - raft.server.write.element-limit = 4096 (default)
2019-09-26 10:50:33,507 [4849c495-99fa-4be8-832d-fded55fd2760@group-D853A020FC0C:LeaderElection72] INFO  server.RaftServerConfigKeys (ConfUtils.java:logGet(43)) - raft.server.watch.timeout = 10s (default)
2019-09-26 10:50:33,507 [4849c495-99fa-4be8-832d-fded55fd2760@group-D853A020FC0C:LeaderElection72] INFO  server.RaftServerConfigKeys (ConfUtils.java:logGet(43)) - raft.server.watch.timeout.denomination = 1s (default)
2019-09-26 10:50:33,507 [4849c495-99fa-4be8-832d-fded55fd2760@group-D853A020FC0C:LeaderElection72] INFO  server.RaftServerConfigKeys (ConfUtils.java:logGet(43)) - raft.server.watch.element-limit = 65536 (default)
2019-09-26 10:50:33,507 [4849c495-99fa-4be8-832d-fded55fd2760@group-274B853F59A6:LeaderElection71] INFO  impl.RoleInfo (RoleInfo.java:updateAndGet(143)) - 4849c495-99fa-4be8-832d-fded55fd2760: start LeaderState
2019-09-26 10:50:33,508 [4849c495-99fa-4be8-832d-fded55fd2760@group-274B853F59A6:LeaderElection71] INFO  segmented.SegmentedRaftLogWorker (SegmentedRaftLogWorker.java:startLogSegment(380)) - 4849c495-99fa-4be8-832d-fded55fd2760@group-274B853F59A6-SegmentedRaftLogWorker: Starting segment from index:0
2019-09-26 10:50:33,508 [4849c495-99fa-4be8-832d-fded55fd2760@group-274B853F59A6:LeaderElection71] INFO  impl.RaftServerImpl (ServerState.java:setRaftConf(354)) - 4849c495-99fa-4be8-832d-fded55fd2760@group-274B853F59A6: set configuration 0: [4849c495-99fa-4be8-832d-fded55fd2760:192.168.30.13:39349], old=null at 0
2019-09-26 10:50:33,509 [4849c495-99fa-4be8-832d-fded55fd2760@group-D853A020FC0C:LeaderElection72] INFO  impl.RoleInfo (RoleInfo.java:updateAndGet(143)) - 4849c495-99fa-4be8-832d-fded55fd2760: start LeaderState
2019-09-26 10:50:33,509 [4849c495-99fa-4be8-832d-fded55fd2760@group-D853A020FC0C:LeaderElection72] INFO  segmented.SegmentedRaftLogWorker (SegmentedRaftLogWorker.java:startLogSegment(380)) - 4849c495-99fa-4be8-832d-fded55fd2760@group-D853A020FC0C-SegmentedRaftLogWorker: Starting segment from index:0
2019-09-26 10:50:33,510 [4849c495-99fa-4be8-832d-fded55fd2760@group-D853A020FC0C:LeaderElection72] INFO  impl.RaftServerImpl (ServerState.java:setRaftConf(354)) - 4849c495-99fa-4be8-832d-fded55fd2760@group-D853A020FC0C: set configuration 0: [4849c495-99fa-4be8-832d-fded55fd2760:192.168.30.13:39349], old=null at 0
2019-09-26 10:50:33,557 [4849c495-99fa-4be8-832d-fded55fd2760@group-274B853F59A6-SegmentedRaftLogWorker] INFO  segmented.SegmentedRaftLogWorker (SegmentedRaftLogWorker.java:execute(569)) - 4849c495-99fa-4be8-832d-fded55fd2760@group-274B853F59A6-SegmentedRaftLogWorker: created new log segment /workdir/hadoop-ozone/ozonefs/target/test-dir/MiniOzoneClusterImpl-b659d7d3-3970-45ef-9a96-0029c0e1657d/datanode-2/data/ratis/1ca8bf97-94c4-42d1-866b-274b853f59a6/current/log_inprogress_0
2019-09-26 10:50:33,557 [4849c495-99fa-4be8-832d-fded55fd2760@group-D853A020FC0C-SegmentedRaftLogWorker] INFO  segmented.SegmentedRaftLogWorker (SegmentedRaftLogWorker.java:execute(569)) - 4849c495-99fa-4be8-832d-fded55fd2760@group-D853A020FC0C-SegmentedRaftLogWorker: created new log segment /workdir/hadoop-ozone/ozonefs/target/test-dir/MiniOzoneClusterImpl-b659d7d3-3970-45ef-9a96-0029c0e1657d/datanode-2/data/ratis/b97f01e7-1d97-4c1d-b02a-d853a020fc0c/current/log_inprogress_0
2019-09-26 10:50:33,846 [Thread-810] INFO  ozoneimpl.OzoneContainer (OzoneContainer.java:stop(231)) - Attempting to stop container services.
2019-09-26 10:50:33,847 [ForkJoinPool.commonPool-worker-1] INFO  ozoneimpl.OzoneContainer (OzoneContainer.java:stop(231)) - Attempting to stop container services.
2019-09-26 10:50:33,847 [Thread-810] INFO  impl.RaftServerProxy (RaftServerProxy.java:lambda$close$4(314)) - a90e5d2d-6f5c-4832-9132-f5f3b303ab20: close
2019-09-26 10:50:33,847 [ForkJoinPool.commonPool-worker-1] INFO  impl.RaftServerProxy (RaftServerProxy.java:lambda$close$4(314)) - 8c274a69-f430-4a4c-a276-f582e5c5e4e0: close
2019-09-26 10:50:33,849 [Thread-810] INFO  impl.RaftServerImpl (RaftServerImpl.java:lambda$shutdown$3(251)) - a90e5d2d-6f5c-4832-9132-f5f3b303ab20@group-0C673A666063: shutdown
2019-09-26 10:50:33,849 [ForkJoinPool.commonPool-worker-1] INFO  impl.RaftServerImpl (RaftServerImpl.java:lambda$shutdown$3(251)) - 8c274a69-f430-4a4c-a276-f582e5c5e4e0@group-2D8BBCF6FDF9: shutdown
2019-09-26 10:50:33,849 [Thread-810] INFO  util.JmxRegister (JmxRegister.java:unregister(73)) - Successfully un-registered JMX Bean with object name Ratis:service=RaftServer,group=group-0C673A666063,id=a90e5d2d-6f5c-4832-9132-f5f3b303ab20
2019-09-26 10:50:33,850 [ForkJoinPool.commonPool-worker-1] INFO  util.JmxRegister (JmxRegister.java:unregister(73)) - Successfully un-registered JMX Bean with object name Ratis:service=RaftServer,group=group-2D8BBCF6FDF9,id=8c274a69-f430-4a4c-a276-f582e5c5e4e0
2019-09-26 10:50:33,850 [Thread-810] INFO  impl.RoleInfo (RoleInfo.java:shutdownLeaderState(104)) - a90e5d2d-6f5c-4832-9132-f5f3b303ab20: shutdown LeaderState
2019-09-26 10:50:33,850 [ForkJoinPool.commonPool-worker-1] INFO  impl.RoleInfo (RoleInfo.java:shutdownLeaderState(104)) - 8c274a69-f430-4a4c-a276-f582e5c5e4e0: shutdown LeaderState
2019-09-26 10:50:33,851 [Thread-810] INFO  impl.PendingRequests (PendingRequests.java:sendNotLeaderResponses(202)) - a90e5d2d-6f5c-4832-9132-f5f3b303ab20-PendingRequests: sendNotLeaderResponses
2019-09-26 10:50:33,851 [ForkJoinPool.commonPool-worker-1] INFO  impl.PendingRequests (PendingRequests.java:sendNotLeaderResponses(202)) - 8c274a69-f430-4a4c-a276-f582e5c5e4e0-PendingRequests: sendNotLeaderResponses
2019-09-26 10:50:33,852 [Thread-810] INFO  impl.StateMachineUpdater (StateMachineUpdater.java:stopAndJoin(125)) - a90e5d2d-6f5c-4832-9132-f5f3b303ab20@group-0C673A666063-StateMachineUpdater: set stopIndex = 0
2019-09-26 10:50:33,852 [ForkJoinPool.commonPool-worker-1] INFO  impl.StateMachineUpdater (StateMachineUpdater.java:stopAndJoin(125)) - 8c274a69-f430-4a4c-a276-f582e5c5e4e0@group-2D8BBCF6FDF9-StateMachineUpdater: set stopIndex = 0
2019-09-26 10:50:33,853 [Thread-810] INFO  impl.RaftServerImpl (ServerState.java:close(385)) - a90e5d2d-6f5c-4832-9132-f5f3b303ab20@group-0C673A666063: closes. applyIndex: 0
2019-09-26 10:50:33,857 [ForkJoinPool.commonPool-worker-1] INFO  impl.RaftServerImpl (ServerState.java:close(385)) - 8c274a69-f430-4a4c-a276-f582e5c5e4e0@group-2D8BBCF6FDF9: closes. applyIndex: 0
2019-09-26 10:50:33,858 [a90e5d2d-6f5c-4832-9132-f5f3b303ab20@group-0C673A666063-SegmentedRaftLogWorker] INFO  segmented.SegmentedRaftLogWorker (SegmentedRaftLogWorker.java:run(313)) - a90e5d2d-6f5c-4832-9132-f5f3b303ab20@group-0C673A666063-SegmentedRaftLogWorker was interrupted, exiting. There are 0 tasks remaining in the queue.
2019-09-26 10:50:33,858 [8c274a69-f430-4a4c-a276-f582e5c5e4e0@group-2D8BBCF6FDF9-SegmentedRaftLogWorker] INFO  segmented.SegmentedRaftLogWorker (SegmentedRaftLogWorker.java:run(313)) - 8c274a69-f430-4a4c-a276-f582e5c5e4e0@group-2D8BBCF6FDF9-SegmentedRaftLogWorker was interrupted, exiting. There are 0 tasks remaining in the queue.
2019-09-26 10:50:33,859 [ForkJoinPool.commonPool-worker-1] INFO  segmented.SegmentedRaftLogWorker (SegmentedRaftLogWorker.java:close(228)) - 8c274a69-f430-4a4c-a276-f582e5c5e4e0@group-2D8BBCF6FDF9-SegmentedRaftLogWorker close()
2019-09-26 10:50:33,866 [ForkJoinPool.commonPool-worker-1] INFO  impl.RaftServerImpl (RaftServerImpl.java:lambda$shutdown$3(251)) - 8c274a69-f430-4a4c-a276-f582e5c5e4e0@group-30C930A569EC: shutdown
2019-09-26 10:50:33,866 [Thread-810] INFO  segmented.SegmentedRaftLogWorker (SegmentedRaftLogWorker.java:close(228)) - a90e5d2d-6f5c-4832-9132-f5f3b303ab20@group-0C673A666063-SegmentedRaftLogWorker close()
2019-09-26 10:50:33,866 [ForkJoinPool.commonPool-worker-1] INFO  util.JmxRegister (JmxRegister.java:unregister(73)) - Successfully un-registered JMX Bean with object name Ratis:service=RaftServer,group=group-30C930A569EC,id=8c274a69-f430-4a4c-a276-f582e5c5e4e0
2019-09-26 10:50:33,869 [Thread-810] INFO  impl.RaftServerImpl (RaftServerImpl.java:lambda$shutdown$3(251)) - a90e5d2d-6f5c-4832-9132-f5f3b303ab20@group-3ADC156BF30A: shutdown
2019-09-26 10:50:33,869 [ForkJoinPool.commonPool-worker-1] INFO  impl.RoleInfo (RoleInfo.java:shutdownLeaderState(104)) - 8c274a69-f430-4a4c-a276-f582e5c5e4e0: shutdown LeaderState
2019-09-26 10:50:33,870 [Thread-810] INFO  util.JmxRegister (JmxRegister.java:unregister(73)) - Successfully un-registered JMX Bean with object name Ratis:service=RaftServer,group=group-3ADC156BF30A,id=a90e5d2d-6f5c-4832-9132-f5f3b303ab20
2019-09-26 10:50:33,870 [ForkJoinPool.commonPool-worker-1] INFO  impl.PendingRequests (PendingRequests.java:sendNotLeaderResponses(202)) - 8c274a69-f430-4a4c-a276-f582e5c5e4e0-PendingRequests: sendNotLeaderResponses
2019-09-26 10:50:33,871 [Thread-810] INFO  impl.RoleInfo (RoleInfo.java:shutdownLeaderState(104)) - a90e5d2d-6f5c-4832-9132-f5f3b303ab20: shutdown LeaderState
2019-09-26 10:50:33,871 [ForkJoinPool.commonPool-worker-1] INFO  impl.StateMachineUpdater (StateMachineUpdater.java:stopAndJoin(125)) - 8c274a69-f430-4a4c-a276-f582e5c5e4e0@group-30C930A569EC-StateMachineUpdater: set stopIndex = 0
2019-09-26 10:50:33,872 [ForkJoinPool.commonPool-worker-1] INFO  impl.RaftServerImpl (ServerState.java:close(385)) - 8c274a69-f430-4a4c-a276-f582e5c5e4e0@group-30C930A569EC: closes. applyIndex: 0
2019-09-26 10:50:33,872 [Thread-810] INFO  impl.PendingRequests (PendingRequests.java:sendNotLeaderResponses(202)) - a90e5d2d-6f5c-4832-9132-f5f3b303ab20-PendingRequests: sendNotLeaderResponses
2019-09-26 10:50:33,873 [8c274a69-f430-4a4c-a276-f582e5c5e4e0@group-30C930A569EC-SegmentedRaftLogWorker] INFO  segmented.SegmentedRaftLogWorker (SegmentedRaftLogWorker.java:run(313)) - 8c274a69-f430-4a4c-a276-f582e5c5e4e0@group-30C930A569EC-SegmentedRaftLogWorker was interrupted, exiting. There are 0 tasks remaining in the queue.
2019-09-26 10:50:33,873 [Thread-810] INFO  impl.StateMachineUpdater (StateMachineUpdater.java:stopAndJoin(125)) - a90e5d2d-6f5c-4832-9132-f5f3b303ab20@group-3ADC156BF30A-StateMachineUpdater: set stopIndex = 0
2019-09-26 10:50:33,873 [ForkJoinPool.commonPool-worker-1] INFO  segmented.SegmentedRaftLogWorker (SegmentedRaftLogWorker.java:close(228)) - 8c274a69-f430-4a4c-a276-f582e5c5e4e0@group-30C930A569EC-SegmentedRaftLogWorker close()
2019-09-26 10:50:33,873 [Thread-810] INFO  impl.RaftServerImpl (ServerState.java:close(385)) - a90e5d2d-6f5c-4832-9132-f5f3b303ab20@group-3ADC156BF30A: closes. applyIndex: 0
2019-09-26 10:50:33,875 [ForkJoinPool.commonPool-worker-1] INFO  impl.RaftServerImpl (RaftServerImpl.java:lambda$shutdown$3(251)) - 8c274a69-f430-4a4c-a276-f582e5c5e4e0@group-644EC02DB879: shutdown
2019-09-26 10:50:33,876 [a90e5d2d-6f5c-4832-9132-f5f3b303ab20@group-3ADC156BF30A-SegmentedRaftLogWorker] INFO  segmented.SegmentedRaftLogWorker (SegmentedRaftLogWorker.java:run(313)) - a90e5d2d-6f5c-4832-9132-f5f3b303ab20@group-3ADC156BF30A-SegmentedRaftLogWorker was interrupted, exiting. There are 0 tasks remaining in the queue.
2019-09-26 10:50:33,876 [ForkJoinPool.commonPool-worker-1] INFO  util.JmxRegister (JmxRegister.java:unregister(73)) - Successfully un-registered JMX Bean with object name Ratis:service=RaftServer,group=group-644EC02DB879,id=8c274a69-f430-4a4c-a276-f582e5c5e4e0
2019-09-26 10:50:33,876 [Thread-810] INFO  segmented.SegmentedRaftLogWorker (SegmentedRaftLogWorker.java:close(228)) - a90e5d2d-6f5c-4832-9132-f5f3b303ab20@group-3ADC156BF30A-SegmentedRaftLogWorker close()
2019-09-26 10:50:33,876 [ForkJoinPool.commonPool-worker-1] INFO  impl.RoleInfo (RoleInfo.java:shutdownLeaderState(104)) - 8c274a69-f430-4a4c-a276-f582e5c5e4e0: shutdown LeaderState
2019-09-26 10:50:33,878 [Thread-810] INFO  impl.RaftServerImpl (RaftServerImpl.java:lambda$shutdown$3(251)) - a90e5d2d-6f5c-4832-9132-f5f3b303ab20@group-1FA2D79A45C3: shutdown
2019-09-26 10:50:33,878 [ForkJoinPool.commonPool-worker-1] INFO  impl.PendingRequests (PendingRequests.java:sendNotLeaderResponses(202)) - 8c274a69-f430-4a4c-a276-f582e5c5e4e0-PendingRequests: sendNotLeaderResponses
2019-09-26 10:50:33,878 [Thread-810] INFO  util.JmxRegister (JmxRegister.java:unregister(73)) - Successfully un-registered JMX Bean with object name Ratis:service=RaftServer,group=group-1FA2D79A45C3,id=a90e5d2d-6f5c-4832-9132-f5f3b303ab20
2019-09-26 10:50:33,879 [ForkJoinPool.commonPool-worker-1] INFO  impl.StateMachineUpdater (StateMachineUpdater.java:stopAndJoin(125)) - 8c274a69-f430-4a4c-a276-f582e5c5e4e0@group-644EC02DB879-StateMachineUpdater: set stopIndex = 0
2019-09-26 10:50:33,879 [Thread-810] INFO  impl.RoleInfo (RoleInfo.java:shutdownLeaderState(104)) - a90e5d2d-6f5c-4832-9132-f5f3b303ab20: shutdown LeaderState
2019-09-26 10:50:33,879 [ForkJoinPool.commonPool-worker-1] INFO  impl.RaftServerImpl (ServerState.java:close(385)) - 8c274a69-f430-4a4c-a276-f582e5c5e4e0@group-644EC02DB879: closes. applyIndex: 0
2019-09-26 10:50:33,880 [Thread-810] INFO  impl.PendingRequests (PendingRequests.java:sendNotLeaderResponses(202)) - a90e5d2d-6f5c-4832-9132-f5f3b303ab20-PendingRequests: sendNotLeaderResponses
2019-09-26 10:50:33,880 [8c274a69-f430-4a4c-a276-f582e5c5e4e0@group-644EC02DB879-SegmentedRaftLogWorker] INFO  segmented.SegmentedRaftLogWorker (SegmentedRaftLogWorker.java:run(313)) - 8c274a69-f430-4a4c-a276-f582e5c5e4e0@group-644EC02DB879-SegmentedRaftLogWorker was interrupted, exiting. There are 0 tasks remaining in the queue.
2019-09-26 10:50:33,880 [Thread-810] INFO  impl.StateMachineUpdater (StateMachineUpdater.java:stopAndJoin(125)) - a90e5d2d-6f5c-4832-9132-f5f3b303ab20@group-1FA2D79A45C3-StateMachineUpdater: set stopIndex = 0
2019-09-26 10:50:33,880 [ForkJoinPool.commonPool-worker-1] INFO  segmented.SegmentedRaftLogWorker (SegmentedRaftLogWorker.java:close(228)) - 8c274a69-f430-4a4c-a276-f582e5c5e4e0@group-644EC02DB879-SegmentedRaftLogWorker close()
2019-09-26 10:50:33,881 [Thread-810] INFO  impl.RaftServerImpl (ServerState.java:close(385)) - a90e5d2d-6f5c-4832-9132-f5f3b303ab20@group-1FA2D79A45C3: closes. applyIndex: 0
2019-09-26 10:50:33,882 [ForkJoinPool.commonPool-worker-1] INFO  impl.RaftServerImpl (RaftServerImpl.java:lambda$shutdown$3(251)) - 8c274a69-f430-4a4c-a276-f582e5c5e4e0@group-A37298D40214: shutdown
2019-09-26 10:50:33,883 [a90e5d2d-6f5c-4832-9132-f5f3b303ab20@group-1FA2D79A45C3-SegmentedRaftLogWorker] INFO  segmented.SegmentedRaftLogWorker (SegmentedRaftLogWorker.java:run(313)) - a90e5d2d-6f5c-4832-9132-f5f3b303ab20@group-1FA2D79A45C3-SegmentedRaftLogWorker was interrupted, exiting. There are 0 tasks remaining in the queue.
2019-09-26 10:50:33,883 [ForkJoinPool.commonPool-worker-1] INFO  util.JmxRegister (JmxRegister.java:unregister(73)) - Successfully un-registered JMX Bean with object name Ratis:service=RaftServer,group=group-A37298D40214,id=8c274a69-f430-4a4c-a276-f582e5c5e4e0
2019-09-26 10:50:33,883 [Thread-810] INFO  segmented.SegmentedRaftLogWorker (SegmentedRaftLogWorker.java:close(228)) - a90e5d2d-6f5c-4832-9132-f5f3b303ab20@group-1FA2D79A45C3-SegmentedRaftLogWorker close()
2019-09-26 10:50:33,883 [ForkJoinPool.commonPool-worker-1] INFO  impl.RoleInfo (RoleInfo.java:shutdownLeaderState(104)) - 8c274a69-f430-4a4c-a276-f582e5c5e4e0: shutdown LeaderState
2019-09-26 10:50:33,885 [Thread-810] INFO  impl.RaftServerImpl (RaftServerImpl.java:lambda$shutdown$3(251)) - a90e5d2d-6f5c-4832-9132-f5f3b303ab20@group-F6420478CC9A: shutdown
2019-09-26 10:50:33,885 [ForkJoinPool.commonPool-worker-1] INFO  impl.PendingRequests (PendingRequests.java:sendNotLeaderResponses(202)) - 8c274a69-f430-4a4c-a276-f582e5c5e4e0-PendingRequests: sendNotLeaderResponses
2019-09-26 10:50:33,886 [Thread-810] INFO  util.JmxRegister (JmxRegister.java:unregister(73)) - Successfully un-registered JMX Bean with object name Ratis:service=RaftServer,group=group-F6420478CC9A,id=a90e5d2d-6f5c-4832-9132-f5f3b303ab20
2019-09-26 10:50:33,886 [ForkJoinPool.commonPool-worker-1] INFO  impl.StateMachineUpdater (StateMachineUpdater.java:stopAndJoin(125)) - 8c274a69-f430-4a4c-a276-f582e5c5e4e0@group-A37298D40214-StateMachineUpdater: set stopIndex = 0
2019-09-26 10:50:33,886 [Thread-810] INFO  impl.RoleInfo (RoleInfo.java:shutdownLeaderState(104)) - a90e5d2d-6f5c-4832-9132-f5f3b303ab20: shutdown LeaderState
2019-09-26 10:50:33,887 [ForkJoinPool.commonPool-worker-1] INFO  impl.RaftServerImpl (ServerState.java:close(385)) - 8c274a69-f430-4a4c-a276-f582e5c5e4e0@group-A37298D40214: closes. applyIndex: 0
2019-09-26 10:50:33,887 [Thread-810] INFO  impl.PendingRequests (PendingRequests.java:sendNotLeaderResponses(202)) - a90e5d2d-6f5c-4832-9132-f5f3b303ab20-PendingRequests: sendNotLeaderResponses
2019-09-26 10:50:33,887 [8c274a69-f430-4a4c-a276-f582e5c5e4e0@group-A37298D40214-SegmentedRaftLogWorker] INFO  segmented.SegmentedRaftLogWorker (SegmentedRaftLogWorker.java:run(313)) - 8c274a69-f430-4a4c-a276-f582e5c5e4e0@group-A37298D40214-SegmentedRaftLogWorker was interrupted, exiting. There are 0 tasks remaining in the queue.
2019-09-26 10:50:33,888 [Thread-810] INFO  impl.StateMachineUpdater (StateMachineUpdater.java:stopAndJoin(125)) - a90e5d2d-6f5c-4832-9132-f5f3b303ab20@group-F6420478CC9A-StateMachineUpdater: set stopIndex = 0
2019-09-26 10:50:33,888 [ForkJoinPool.commonPool-worker-1] INFO  segmented.SegmentedRaftLogWorker (SegmentedRaftLogWorker.java:close(228)) - 8c274a69-f430-4a4c-a276-f582e5c5e4e0@group-A37298D40214-SegmentedRaftLogWorker close()
2019-09-26 10:50:33,888 [Thread-810] INFO  impl.RaftServerImpl (ServerState.java:close(385)) - a90e5d2d-6f5c-4832-9132-f5f3b303ab20@group-F6420478CC9A: closes. applyIndex: 0
2019-09-26 10:50:33,890 [ForkJoinPool.commonPool-worker-1] INFO  impl.RaftServerImpl (RaftServerImpl.java:lambda$shutdown$3(251)) - 8c274a69-f430-4a4c-a276-f582e5c5e4e0@group-119875D53622: shutdown
2019-09-26 10:50:33,890 [a90e5d2d-6f5c-4832-9132-f5f3b303ab20@group-F6420478CC9A-SegmentedRaftLogWorker] INFO  segmented.SegmentedRaftLogWorker (SegmentedRaftLogWorker.java:run(313)) - a90e5d2d-6f5c-4832-9132-f5f3b303ab20@group-F6420478CC9A-SegmentedRaftLogWorker was interrupted, exiting. There are 0 tasks remaining in the queue.
2019-09-26 10:50:33,890 [ForkJoinPool.commonPool-worker-1] INFO  util.JmxRegister (JmxRegister.java:unregister(73)) - Successfully un-registered JMX Bean with object name Ratis:service=RaftServer,group=group-119875D53622,id=8c274a69-f430-4a4c-a276-f582e5c5e4e0
2019-09-26 10:50:33,891 [Thread-810] INFO  segmented.SegmentedRaftLogWorker (SegmentedRaftLogWorker.java:close(228)) - a90e5d2d-6f5c-4832-9132-f5f3b303ab20@group-F6420478CC9A-SegmentedRaftLogWorker close()
2019-09-26 10:50:33,891 [ForkJoinPool.commonPool-worker-1] INFO  impl.RoleInfo (RoleInfo.java:shutdownLeaderState(104)) - 8c274a69-f430-4a4c-a276-f582e5c5e4e0: shutdown LeaderState
2019-09-26 10:50:33,893 [Thread-810] INFO  impl.RaftServerImpl (RaftServerImpl.java:lambda$shutdown$3(251)) - a90e5d2d-6f5c-4832-9132-f5f3b303ab20@group-0CF2D55A4F66: shutdown
2019-09-26 10:50:33,893 [ForkJoinPool.commonPool-worker-1] INFO  impl.PendingRequests (PendingRequests.java:sendNotLeaderResponses(202)) - 8c274a69-f430-4a4c-a276-f582e5c5e4e0-PendingRequests: sendNotLeaderResponses
2019-09-26 10:50:33,893 [Thread-810] INFO  util.JmxRegister (JmxRegister.java:unregister(73)) - Successfully un-registered JMX Bean with object name Ratis:service=RaftServer,group=group-0CF2D55A4F66,id=a90e5d2d-6f5c-4832-9132-f5f3b303ab20
2019-09-26 10:50:33,893 [ForkJoinPool.commonPool-worker-1] INFO  impl.StateMachineUpdater (StateMachineUpdater.java:stopAndJoin(125)) - 8c274a69-f430-4a4c-a276-f582e5c5e4e0@group-119875D53622-StateMachineUpdater: set stopIndex = 0
2019-09-26 10:50:33,894 [Thread-810] INFO  impl.RoleInfo (RoleInfo.java:shutdownLeaderState(104)) - a90e5d2d-6f5c-4832-9132-f5f3b303ab20: shutdown LeaderState
2019-09-26 10:50:33,894 [ForkJoinPool.commonPool-worker-1] INFO  impl.RaftServerImpl (ServerState.java:close(385)) - 8c274a69-f430-4a4c-a276-f582e5c5e4e0@group-119875D53622: closes. applyIndex: 0
2019-09-26 10:50:33,894 [Thread-810] INFO  impl.PendingRequests (PendingRequests.java:sendNotLeaderResponses(202)) - a90e5d2d-6f5c-4832-9132-f5f3b303ab20-PendingRequests: sendNotLeaderResponses
2019-09-26 10:50:33,895 [8c274a69-f430-4a4c-a276-f582e5c5e4e0@group-119875D53622-SegmentedRaftLogWorker] INFO  segmented.SegmentedRaftLogWorker (SegmentedRaftLogWorker.java:run(313)) - 8c274a69-f430-4a4c-a276-f582e5c5e4e0@group-119875D53622-SegmentedRaftLogWorker was interrupted, exiting. There are 0 tasks remaining in the queue.
2019-09-26 10:50:33,895 [Thread-810] INFO  impl.StateMachineUpdater (StateMachineUpdater.java:stopAndJoin(125)) - a90e5d2d-6f5c-4832-9132-f5f3b303ab20@group-0CF2D55A4F66-StateMachineUpdater: set stopIndex = 0
2019-09-26 10:50:33,895 [ForkJoinPool.commonPool-worker-1] INFO  segmented.SegmentedRaftLogWorker (SegmentedRaftLogWorker.java:close(228)) - 8c274a69-f430-4a4c-a276-f582e5c5e4e0@group-119875D53622-SegmentedRaftLogWorker close()
2019-09-26 10:50:33,895 [Thread-810] INFO  impl.RaftServerImpl (ServerState.java:close(385)) - a90e5d2d-6f5c-4832-9132-f5f3b303ab20@group-0CF2D55A4F66: closes. applyIndex: 0
2019-09-26 10:50:33,897 [ForkJoinPool.commonPool-worker-1] INFO  impl.RaftServerImpl (RaftServerImpl.java:lambda$shutdown$3(251)) - 8c274a69-f430-4a4c-a276-f582e5c5e4e0@group-0DA63D5376BD: shutdown
2019-09-26 10:50:33,898 [a90e5d2d-6f5c-4832-9132-f5f3b303ab20@group-0CF2D55A4F66-SegmentedRaftLogWorker] INFO  segmented.SegmentedRaftLogWorker (SegmentedRaftLogWorker.java:run(313)) - a90e5d2d-6f5c-4832-9132-f5f3b303ab20@group-0CF2D55A4F66-SegmentedRaftLogWorker was interrupted, exiting. There are 0 tasks remaining in the queue.
2019-09-26 10:50:33,898 [ForkJoinPool.commonPool-worker-1] INFO  util.JmxRegister (JmxRegister.java:unregister(73)) - Successfully un-registered JMX Bean with object name Ratis:service=RaftServer,group=group-0DA63D5376BD,id=8c274a69-f430-4a4c-a276-f582e5c5e4e0
2019-09-26 10:50:33,898 [Thread-810] INFO  segmented.SegmentedRaftLogWorker (SegmentedRaftLogWorker.java:close(228)) - a90e5d2d-6f5c-4832-9132-f5f3b303ab20@group-0CF2D55A4F66-SegmentedRaftLogWorker close()
2019-09-26 10:50:33,898 [ForkJoinPool.commonPool-worker-1] INFO  impl.RoleInfo (RoleInfo.java:shutdownLeaderState(104)) - 8c274a69-f430-4a4c-a276-f582e5c5e4e0: shutdown LeaderState
2019-09-26 10:50:33,900 [Thread-810] INFO  impl.RaftServerImpl (RaftServerImpl.java:lambda$shutdown$3(251)) - a90e5d2d-6f5c-4832-9132-f5f3b303ab20@group-169CA80326D1: shutdown
2019-09-26 10:50:33,900 [ForkJoinPool.commonPool-worker-1] INFO  impl.PendingRequests (PendingRequests.java:sendNotLeaderResponses(202)) - 8c274a69-f430-4a4c-a276-f582e5c5e4e0-PendingRequests: sendNotLeaderResponses
2019-09-26 10:50:33,900 [Thread-810] INFO  util.JmxRegister (JmxRegister.java:unregister(73)) - Successfully un-registered JMX Bean with object name Ratis:service=RaftServer,group=group-169CA80326D1,id=a90e5d2d-6f5c-4832-9132-f5f3b303ab20
2019-09-26 10:50:33,901 [ForkJoinPool.commonPool-worker-1] INFO  impl.StateMachineUpdater (StateMachineUpdater.java:stopAndJoin(125)) - 8c274a69-f430-4a4c-a276-f582e5c5e4e0@group-0DA63D5376BD-StateMachineUpdater: set stopIndex = 0
2019-09-26 10:50:33,901 [Thread-810] INFO  impl.RoleInfo (RoleInfo.java:shutdownLeaderState(104)) - a90e5d2d-6f5c-4832-9132-f5f3b303ab20: shutdown LeaderState
2019-09-26 10:50:33,901 [ForkJoinPool.commonPool-worker-1] INFO  impl.RaftServerImpl (ServerState.java:close(385)) - 8c274a69-f430-4a4c-a276-f582e5c5e4e0@group-0DA63D5376BD: closes. applyIndex: 0
2019-09-26 10:50:33,902 [Thread-810] INFO  impl.PendingRequests (PendingRequests.java:sendNotLeaderResponses(202)) - a90e5d2d-6f5c-4832-9132-f5f3b303ab20-PendingRequests: sendNotLeaderResponses
2019-09-26 10:50:33,902 [8c274a69-f430-4a4c-a276-f582e5c5e4e0@group-0DA63D5376BD-SegmentedRaftLogWorker] INFO  segmented.SegmentedRaftLogWorker (SegmentedRaftLogWorker.java:run(313)) - 8c274a69-f430-4a4c-a276-f582e5c5e4e0@group-0DA63D5376BD-SegmentedRaftLogWorker was interrupted, exiting. There are 0 tasks remaining in the queue.
2019-09-26 10:50:33,902 [Thread-810] INFO  impl.StateMachineUpdater (StateMachineUpdater.java:stopAndJoin(125)) - a90e5d2d-6f5c-4832-9132-f5f3b303ab20@group-169CA80326D1-StateMachineUpdater: set stopIndex = 0
2019-09-26 10:50:33,902 [ForkJoinPool.commonPool-worker-1] INFO  segmented.SegmentedRaftLogWorker (SegmentedRaftLogWorker.java:close(228)) - 8c274a69-f430-4a4c-a276-f582e5c5e4e0@group-0DA63D5376BD-SegmentedRaftLogWorker close()
2019-09-26 10:50:33,903 [Thread-810] INFO  impl.RaftServerImpl (ServerState.java:close(385)) - a90e5d2d-6f5c-4832-9132-f5f3b303ab20@group-169CA80326D1: closes. applyIndex: 0
2019-09-26 10:50:33,904 [ForkJoinPool.commonPool-worker-1] INFO  server.GrpcService (GrpcService.java:closeImpl(164)) - 8c274a69-f430-4a4c-a276-f582e5c5e4e0: shutdown server with port 38230 now
2019-09-26 10:50:33,905 [a90e5d2d-6f5c-4832-9132-f5f3b303ab20@group-169CA80326D1-SegmentedRaftLogWorker] INFO  segmented.SegmentedRaftLogWorker (SegmentedRaftLogWorker.java:run(313)) - a90e5d2d-6f5c-4832-9132-f5f3b303ab20@group-169CA80326D1-SegmentedRaftLogWorker was interrupted, exiting. There are 0 tasks remaining in the queue.
2019-09-26 10:50:33,905 [Thread-810] INFO  segmented.SegmentedRaftLogWorker (SegmentedRaftLogWorker.java:close(228)) - a90e5d2d-6f5c-4832-9132-f5f3b303ab20@group-169CA80326D1-SegmentedRaftLogWorker close()
2019-09-26 10:50:33,907 [Thread-810] INFO  server.GrpcService (GrpcService.java:closeImpl(164)) - a90e5d2d-6f5c-4832-9132-f5f3b303ab20: shutdown server with port 41085 now
2019-09-26 10:50:33,909 [ForkJoinPool.commonPool-worker-1] INFO  server.GrpcService (GrpcService.java:closeImpl(172)) - 8c274a69-f430-4a4c-a276-f582e5c5e4e0: shutdown server with port 38230 successfully
2019-09-26 10:50:33,911 [Thread-810] INFO  server.GrpcService (GrpcService.java:closeImpl(172)) - a90e5d2d-6f5c-4832-9132-f5f3b303ab20: shutdown server with port 41085 successfully
2019-09-26 10:50:33,912 [refreshUsed-/workdir/hadoop-ozone/ozonefs/target/test-dir/MiniOzoneClusterImpl-b659d7d3-3970-45ef-9a96-0029c0e1657d/datanode-0/data/containers] WARN  fs.CachingGetSpaceUsed (CachingGetSpaceUsed.java:run(183)) - Thread Interrupted waiting to refresh disk information: sleep interrupted
2019-09-26 10:50:33,921 [refreshUsed-/workdir/hadoop-ozone/ozonefs/target/test-dir/MiniOzoneClusterImpl-b659d7d3-3970-45ef-9a96-0029c0e1657d/datanode-1/data/containers] WARN  fs.CachingGetSpaceUsed (CachingGetSpaceUsed.java:run(183)) - Thread Interrupted waiting to refresh disk information: sleep interrupted
2019-09-26 10:50:33,941 [ForkJoinPool.commonPool-worker-1] INFO  utils.BackgroundService (BackgroundService.java:shutdown(148)) - Shutting down service BlockDeletingService
2019-09-26 10:50:33,945 [ForkJoinPool.commonPool-worker-1] INFO  statemachine.DatanodeStateMachine (DatanodeStateMachine.java:stopDaemon(395)) - Ozone container server stopped.
2019-09-26 10:50:33,950 [ForkJoinPool.commonPool-worker-1] INFO  handler.ContextHandler (ContextHandler.java:doStop(910)) - Stopped o.e.j.w.WebAppContext@5d5b0fe{/,null,UNAVAILABLE}{/hddsDatanode}
2019-09-26 10:50:33,950 [ForkJoinPool.commonPool-worker-1] INFO  server.AbstractConnector (AbstractConnector.java:doStop(318)) - Stopped ServerConnector@4b54a675{HTTP/1.1,[http/1.1]}{0.0.0.0:0}
2019-09-26 10:50:33,952 [ForkJoinPool.commonPool-worker-1] INFO  handler.ContextHandler (ContextHandler.java:doStop(910)) - Stopped o.e.j.s.ServletContextHandler@372db238{/static,jar:file:/home/user/.m2/repository/org/apache/hadoop/hadoop-hdds-container-service/0.5.0-SNAPSHOT/hadoop-hdds-container-service-0.5.0-SNAPSHOT.jar!/webapps/static,UNAVAILABLE}
2019-09-26 10:50:33,953 [ForkJoinPool.commonPool-worker-1] INFO  handler.ContextHandler (ContextHandler.java:doStop(910)) - Stopped o.e.j.s.ServletContextHandler@6ef7ca09{/logs,file:///workdir/hadoop-ozone/ozonefs/target/log,UNAVAILABLE}
2019-09-26 10:50:33,955 [Thread-810] INFO  utils.BackgroundService (BackgroundService.java:shutdown(148)) - Shutting down service BlockDeletingService
2019-09-26 10:50:33,959 [Thread-810] INFO  statemachine.DatanodeStateMachine (DatanodeStateMachine.java:stopDaemon(395)) - Ozone container server stopped.
2019-09-26 10:50:33,960 [Thread-810] INFO  handler.ContextHandler (ContextHandler.java:doStop(910)) - Stopped o.e.j.w.WebAppContext@3793721e{/,null,UNAVAILABLE}{/hddsDatanode}
2019-09-26 10:50:33,961 [Thread-810] INFO  server.AbstractConnector (AbstractConnector.java:doStop(318)) - Stopped ServerConnector@31b2366a{HTTP/1.1,[http/1.1]}{0.0.0.0:0}
2019-09-26 10:50:33,961 [Thread-810] INFO  handler.ContextHandler (ContextHandler.java:doStop(910)) - Stopped o.e.j.s.ServletContextHandler@5e148564{/static,jar:file:/home/user/.m2/repository/org/apache/hadoop/hadoop-hdds-container-service/0.5.0-SNAPSHOT/hadoop-hdds-container-service-0.5.0-SNAPSHOT.jar!/webapps/static,UNAVAILABLE}
2019-09-26 10:50:33,962 [Thread-810] INFO  handler.ContextHandler (ContextHandler.java:doStop(910)) - Stopped o.e.j.s.ServletContextHandler@3b94166a{/logs,file:///workdir/hadoop-ozone/ozonefs/target/log,UNAVAILABLE}
2019-09-26 10:50:34,688 [Datanode State Machine Thread - 0] INFO  statemachine.DatanodeStateMachine (DatanodeStateMachine.java:lambda$startDaemon$0(350)) - Ozone container server started.
2019-09-26 10:50:38,955 [ForkJoinPool.commonPool-worker-1] INFO  ozoneimpl.OzoneContainer (OzoneContainer.java:stop(231)) - Attempting to stop container services.
2019-09-26 10:50:38,955 [ForkJoinPool.commonPool-worker-1] INFO  impl.RaftServerProxy (RaftServerProxy.java:lambda$close$4(314)) - 4849c495-99fa-4be8-832d-fded55fd2760: close
2019-09-26 10:50:38,956 [ForkJoinPool.commonPool-worker-1] INFO  impl.RaftServerImpl (RaftServerImpl.java:lambda$shutdown$3(251)) - 4849c495-99fa-4be8-832d-fded55fd2760@group-D853A020FC0C: shutdown
2019-09-26 10:50:38,956 [ForkJoinPool.commonPool-worker-1] INFO  util.JmxRegister (JmxRegister.java:unregister(73)) - Successfully un-registered JMX Bean with object name Ratis:service=RaftServer,group=group-D853A020FC0C,id=4849c495-99fa-4be8-832d-fded55fd2760
2019-09-26 10:50:38,956 [ForkJoinPool.commonPool-worker-1] INFO  impl.RoleInfo (RoleInfo.java:shutdownLeaderState(104)) - 4849c495-99fa-4be8-832d-fded55fd2760: shutdown LeaderState
2019-09-26 10:50:38,957 [ForkJoinPool.commonPool-worker-1] INFO  impl.PendingRequests (PendingRequests.java:sendNotLeaderResponses(202)) - 4849c495-99fa-4be8-832d-fded55fd2760-PendingRequests: sendNotLeaderResponses
2019-09-26 10:50:38,957 [ForkJoinPool.commonPool-worker-1] INFO  impl.StateMachineUpdater (StateMachineUpdater.java:stopAndJoin(125)) - 4849c495-99fa-4be8-832d-fded55fd2760@group-D853A020FC0C-StateMachineUpdater: set stopIndex = 0
2019-09-26 10:50:38,957 [ForkJoinPool.commonPool-worker-1] INFO  impl.RaftServerImpl (ServerState.java:close(385)) - 4849c495-99fa-4be8-832d-fded55fd2760@group-D853A020FC0C: closes. applyIndex: 0
2019-09-26 10:50:38,958 [4849c495-99fa-4be8-832d-fded55fd2760@group-D853A020FC0C-SegmentedRaftLogWorker] INFO  segmented.SegmentedRaftLogWorker (SegmentedRaftLogWorker.java:run(313)) - 4849c495-99fa-4be8-832d-fded55fd2760@group-D853A020FC0C-SegmentedRaftLogWorker was interrupted, exiting. There are 0 tasks remaining in the queue.
2019-09-26 10:50:38,958 [ForkJoinPool.commonPool-worker-1] INFO  segmented.SegmentedRaftLogWorker (SegmentedRaftLogWorker.java:close(228)) - 4849c495-99fa-4be8-832d-fded55fd2760@group-D853A020FC0C-SegmentedRaftLogWorker close()
2019-09-26 10:50:38,960 [ForkJoinPool.commonPool-worker-1] INFO  impl.RaftServerImpl (RaftServerImpl.java:lambda$shutdown$3(251)) - 4849c495-99fa-4be8-832d-fded55fd2760@group-274B853F59A6: shutdown
2019-09-26 10:50:38,960 [ForkJoinPool.commonPool-worker-1] INFO  util.JmxRegister (JmxRegister.java:unregister(73)) - Successfully un-registered JMX Bean with object name Ratis:service=RaftServer,group=group-274B853F59A6,id=4849c495-99fa-4be8-832d-fded55fd2760
2019-09-26 10:50:38,961 [ForkJoinPool.commonPool-worker-1] INFO  impl.RoleInfo (RoleInfo.java:shutdownLeaderState(104)) - 4849c495-99fa-4be8-832d-fded55fd2760: shutdown LeaderState
2019-09-26 10:50:38,961 [ForkJoinPool.commonPool-worker-1] INFO  impl.PendingRequests (PendingRequests.java:sendNotLeaderResponses(202)) - 4849c495-99fa-4be8-832d-fded55fd2760-PendingRequests: sendNotLeaderResponses
2019-09-26 10:50:38,961 [ForkJoinPool.commonPool-worker-1] INFO  impl.StateMachineUpdater (StateMachineUpdater.java:stopAndJoin(125)) - 4849c495-99fa-4be8-832d-fded55fd2760@group-274B853F59A6-StateMachineUpdater: set stopIndex = 0
2019-09-26 10:50:38,962 [ForkJoinPool.commonPool-worker-1] INFO  impl.RaftServerImpl (ServerState.java:close(385)) - 4849c495-99fa-4be8-832d-fded55fd2760@group-274B853F59A6: closes. applyIndex: 0
2019-09-26 10:50:38,962 [4849c495-99fa-4be8-832d-fded55fd2760@group-274B853F59A6-SegmentedRaftLogWorker] INFO  segmented.SegmentedRaftLogWorker (SegmentedRaftLogWorker.java:run(313)) - 4849c495-99fa-4be8-832d-fded55fd2760@group-274B853F59A6-SegmentedRaftLogWorker was interrupted, exiting. There are 0 tasks remaining in the queue.
2019-09-26 10:50:38,971 [ForkJoinPool.commonPool-worker-1] INFO  segmented.SegmentedRaftLogWorker (SegmentedRaftLogWorker.java:close(228)) - 4849c495-99fa-4be8-832d-fded55fd2760@group-274B853F59A6-SegmentedRaftLogWorker close()
2019-09-26 10:50:38,972 [ForkJoinPool.commonPool-worker-1] INFO  impl.RaftServerImpl (RaftServerImpl.java:lambda$shutdown$3(251)) - 4849c495-99fa-4be8-832d-fded55fd2760@group-F024D7BD0C16: shutdown
2019-09-26 10:50:38,973 [ForkJoinPool.commonPool-worker-1] INFO  util.JmxRegister (JmxRegister.java:unregister(73)) - Successfully un-registered JMX Bean with object name Ratis:service=RaftServer,group=group-F024D7BD0C16,id=4849c495-99fa-4be8-832d-fded55fd2760
2019-09-26 10:50:38,973 [ForkJoinPool.commonPool-worker-1] INFO  impl.RoleInfo (RoleInfo.java:shutdownLeaderState(104)) - 4849c495-99fa-4be8-832d-fded55fd2760: shutdown LeaderState
2019-09-26 10:50:38,973 [ForkJoinPool.commonPool-worker-1] INFO  impl.PendingRequests (PendingRequests.java:sendNotLeaderResponses(202)) - 4849c495-99fa-4be8-832d-fded55fd2760-PendingRequests: sendNotLeaderResponses
2019-09-26 10:50:38,974 [ForkJoinPool.commonPool-worker-1] INFO  impl.StateMachineUpdater (StateMachineUpdater.java:stopAndJoin(125)) - 4849c495-99fa-4be8-832d-fded55fd2760@group-F024D7BD0C16-StateMachineUpdater: set stopIndex = 0
2019-09-26 10:50:38,974 [ForkJoinPool.commonPool-worker-1] INFO  impl.RaftServerImpl (ServerState.java:close(385)) - 4849c495-99fa-4be8-832d-fded55fd2760@group-F024D7BD0C16: closes. applyIndex: 0
2019-09-26 10:50:38,974 [4849c495-99fa-4be8-832d-fded55fd2760@group-F024D7BD0C16-SegmentedRaftLogWorker] INFO  segmented.SegmentedRaftLogWorker (SegmentedRaftLogWorker.java:run(313)) - 4849c495-99fa-4be8-832d-fded55fd2760@group-F024D7BD0C16-SegmentedRaftLogWorker was interrupted, exiting. There are 0 tasks remaining in the queue.
2019-09-26 10:50:38,975 [ForkJoinPool.commonPool-worker-1] INFO  segmented.SegmentedRaftLogWorker (SegmentedRaftLogWorker.java:close(228)) - 4849c495-99fa-4be8-832d-fded55fd2760@group-F024D7BD0C16-SegmentedRaftLogWorker close()
2019-09-26 10:50:38,976 [ForkJoinPool.commonPool-worker-1] INFO  impl.RaftServerImpl (RaftServerImpl.java:lambda$shutdown$3(251)) - 4849c495-99fa-4be8-832d-fded55fd2760@group-B0C3C5574B8A: shutdown
2019-09-26 10:50:38,977 [ForkJoinPool.commonPool-worker-1] INFO  util.JmxRegister (JmxRegister.java:unregister(73)) - Successfully un-registered JMX Bean with object name Ratis:service=RaftServer,group=group-B0C3C5574B8A,id=4849c495-99fa-4be8-832d-fded55fd2760
2019-09-26 10:50:38,977 [ForkJoinPool.commonPool-worker-1] INFO  impl.RoleInfo (RoleInfo.java:shutdownLeaderState(104)) - 4849c495-99fa-4be8-832d-fded55fd2760: shutdown LeaderState
2019-09-26 10:50:38,977 [ForkJoinPool.commonPool-worker-1] INFO  impl.PendingRequests (PendingRequests.java:sendNotLeaderResponses(202)) - 4849c495-99fa-4be8-832d-fded55fd2760-PendingRequests: sendNotLeaderResponses
2019-09-26 10:50:38,978 [ForkJoinPool.commonPool-worker-1] INFO  impl.StateMachineUpdater (StateMachineUpdater.java:stopAndJoin(125)) - 4849c495-99fa-4be8-832d-fded55fd2760@group-B0C3C5574B8A-StateMachineUpdater: set stopIndex = 0
2019-09-26 10:50:38,978 [ForkJoinPool.commonPool-worker-1] INFO  impl.RaftServerImpl (ServerState.java:close(385)) - 4849c495-99fa-4be8-832d-fded55fd2760@group-B0C3C5574B8A: closes. applyIndex: 0
2019-09-26 10:50:38,978 [4849c495-99fa-4be8-832d-fded55fd2760@group-B0C3C5574B8A-SegmentedRaftLogWorker] INFO  segmented.SegmentedRaftLogWorker (SegmentedRaftLogWorker.java:run(313)) - 4849c495-99fa-4be8-832d-fded55fd2760@group-B0C3C5574B8A-SegmentedRaftLogWorker was interrupted, exiting. There are 0 tasks remaining in the queue.
2019-09-26 10:50:38,979 [ForkJoinPool.commonPool-worker-1] INFO  segmented.SegmentedRaftLogWorker (SegmentedRaftLogWorker.java:close(228)) - 4849c495-99fa-4be8-832d-fded55fd2760@group-B0C3C5574B8A-SegmentedRaftLogWorker close()
2019-09-26 10:50:38,980 [ForkJoinPool.commonPool-worker-1] INFO  impl.RaftServerImpl (RaftServerImpl.java:lambda$shutdown$3(251)) - 4849c495-99fa-4be8-832d-fded55fd2760@group-5F200F7DE6C1: shutdown
2019-09-26 10:50:38,981 [ForkJoinPool.commonPool-worker-1] INFO  util.JmxRegister (JmxRegister.java:unregister(73)) - Successfully un-registered JMX Bean with object name Ratis:service=RaftServer,group=group-5F200F7DE6C1,id=4849c495-99fa-4be8-832d-fded55fd2760
2019-09-26 10:50:38,981 [ForkJoinPool.commonPool-worker-1] INFO  impl.RoleInfo (RoleInfo.java:shutdownLeaderState(104)) - 4849c495-99fa-4be8-832d-fded55fd2760: shutdown LeaderState
2019-09-26 10:50:38,981 [ForkJoinPool.commonPool-worker-1] INFO  impl.PendingRequests (PendingRequests.java:sendNotLeaderResponses(202)) - 4849c495-99fa-4be8-832d-fded55fd2760-PendingRequests: sendNotLeaderResponses
2019-09-26 10:50:38,981 [ForkJoinPool.commonPool-worker-1] INFO  impl.StateMachineUpdater (StateMachineUpdater.java:stopAndJoin(125)) - 4849c495-99fa-4be8-832d-fded55fd2760@group-5F200F7DE6C1-StateMachineUpdater: set stopIndex = 0
2019-09-26 10:50:38,982 [ForkJoinPool.commonPool-worker-1] INFO  impl.RaftServerImpl (ServerState.java:close(385)) - 4849c495-99fa-4be8-832d-fded55fd2760@group-5F200F7DE6C1: closes. applyIndex: 0
2019-09-26 10:50:38,982 [4849c495-99fa-4be8-832d-fded55fd2760@group-5F200F7DE6C1-SegmentedRaftLogWorker] INFO  segmented.SegmentedRaftLogWorker (SegmentedRaftLogWorker.java:run(313)) - 4849c495-99fa-4be8-832d-fded55fd2760@group-5F200F7DE6C1-SegmentedRaftLogWorker was interrupted, exiting. There are 0 tasks remaining in the queue.
2019-09-26 10:50:38,982 [ForkJoinPool.commonPool-worker-1] INFO  segmented.SegmentedRaftLogWorker (SegmentedRaftLogWorker.java:close(228)) - 4849c495-99fa-4be8-832d-fded55fd2760@group-5F200F7DE6C1-SegmentedRaftLogWorker close()
2019-09-26 10:50:38,984 [ForkJoinPool.commonPool-worker-1] INFO  impl.RaftServerImpl (RaftServerImpl.java:lambda$shutdown$3(251)) - 4849c495-99fa-4be8-832d-fded55fd2760@group-04E600D770C4: shutdown
2019-09-26 10:50:38,984 [ForkJoinPool.commonPool-worker-1] INFO  util.JmxRegister (JmxRegister.java:unregister(73)) - Successfully un-registered JMX Bean with object name Ratis:service=RaftServer,group=group-04E600D770C4,id=4849c495-99fa-4be8-832d-fded55fd2760
2019-09-26 10:50:38,985 [ForkJoinPool.commonPool-worker-1] INFO  impl.RoleInfo (RoleInfo.java:shutdownLeaderState(104)) - 4849c495-99fa-4be8-832d-fded55fd2760: shutdown LeaderState
2019-09-26 10:50:38,985 [ForkJoinPool.commonPool-worker-1] INFO  impl.PendingRequests (PendingRequests.java:sendNotLeaderResponses(202)) - 4849c495-99fa-4be8-832d-fded55fd2760-PendingRequests: sendNotLeaderResponses
2019-09-26 10:50:38,985 [ForkJoinPool.commonPool-worker-1] INFO  impl.StateMachineUpdater (StateMachineUpdater.java:stopAndJoin(125)) - 4849c495-99fa-4be8-832d-fded55fd2760@group-04E600D770C4-StateMachineUpdater: set stopIndex = 0
2019-09-26 10:50:38,986 [ForkJoinPool.commonPool-worker-1] INFO  impl.RaftServerImpl (ServerState.java:close(385)) - 4849c495-99fa-4be8-832d-fded55fd2760@group-04E600D770C4: closes. applyIndex: 0
2019-09-26 10:50:38,986 [4849c495-99fa-4be8-832d-fded55fd2760@group-04E600D770C4-SegmentedRaftLogWorker] INFO  segmented.SegmentedRaftLogWorker (SegmentedRaftLogWorker.java:run(313)) - 4849c495-99fa-4be8-832d-fded55fd2760@group-04E600D770C4-SegmentedRaftLogWorker was interrupted, exiting. There are 0 tasks remaining in the queue.
2019-09-26 10:50:38,986 [ForkJoinPool.commonPool-worker-1] INFO  segmented.SegmentedRaftLogWorker (SegmentedRaftLogWorker.java:close(228)) - 4849c495-99fa-4be8-832d-fded55fd2760@group-04E600D770C4-SegmentedRaftLogWorker close()
2019-09-26 10:50:38,988 [ForkJoinPool.commonPool-worker-1] INFO  server.GrpcService (GrpcService.java:closeImpl(164)) - 4849c495-99fa-4be8-832d-fded55fd2760: shutdown server with port 39349 now
2019-09-26 10:50:38,989 [ForkJoinPool.commonPool-worker-1] INFO  server.GrpcService (GrpcService.java:closeImpl(172)) - 4849c495-99fa-4be8-832d-fded55fd2760: shutdown server with port 39349 successfully
2019-09-26 10:50:38,993 [refreshUsed-/workdir/hadoop-ozone/ozonefs/target/test-dir/MiniOzoneClusterImpl-b659d7d3-3970-45ef-9a96-0029c0e1657d/datanode-2/data/containers] WARN  fs.CachingGetSpaceUsed (CachingGetSpaceUsed.java:run(183)) - Thread Interrupted waiting to refresh disk information: sleep interrupted
2019-09-26 10:50:39,022 [ForkJoinPool.commonPool-worker-1] INFO  utils.BackgroundService (BackgroundService.java:shutdown(148)) - Shutting down service BlockDeletingService
2019-09-26 10:50:39,026 [ForkJoinPool.commonPool-worker-1] INFO  statemachine.DatanodeStateMachine (DatanodeStateMachine.java:stopDaemon(395)) - Ozone container server stopped.
2019-09-26 10:50:39,030 [ForkJoinPool.commonPool-worker-1] INFO  handler.ContextHandler (ContextHandler.java:doStop(910)) - Stopped o.e.j.w.WebAppContext@5b156f3a{/,null,UNAVAILABLE}{/hddsDatanode}
2019-09-26 10:50:39,031 [ForkJoinPool.commonPool-worker-1] INFO  server.AbstractConnector (AbstractConnector.java:doStop(318)) - Stopped ServerConnector@63d708d0{HTTP/1.1,[http/1.1]}{0.0.0.0:0}
2019-09-26 10:50:39,032 [ForkJoinPool.commonPool-worker-1] INFO  handler.ContextHandler (ContextHandler.java:doStop(910)) - Stopped o.e.j.s.ServletContextHandler@46d2a37b{/static,jar:file:/home/user/.m2/repository/org/apache/hadoop/hadoop-hdds-container-service/0.5.0-SNAPSHOT/hadoop-hdds-container-service-0.5.0-SNAPSHOT.jar!/webapps/static,UNAVAILABLE}
2019-09-26 10:50:39,034 [ForkJoinPool.commonPool-worker-1] INFO  handler.ContextHandler (ContextHandler.java:doStop(910)) - Stopped o.e.j.s.ServletContextHandler@50b94a6f{/logs,file:///workdir/hadoop-ozone/ozonefs/target/log,UNAVAILABLE}
2019-09-26 10:50:39,036 [Thread-810] INFO  ozone.MiniOzoneClusterImpl (MiniOzoneClusterImpl.java:stopSCM(392)) - Stopping the StorageContainerManager
2019-09-26 10:50:39,036 [Thread-810] INFO  server.StorageContainerManager (StorageContainerManager.java:stop(808)) - Stopping Replication Manager Service.
2019-09-26 10:50:39,036 [Thread-810] INFO  container.ReplicationManager (ReplicationManager.java:stop(204)) - Stopping Replication Monitor Thread.
2019-09-26 10:50:39,036 [Thread-810] INFO  server.StorageContainerManager (StorageContainerManager.java:stop(815)) - Stopping Lease Manager of the command watchers
2019-09-26 10:50:39,036 [Thread-810] INFO  server.StorageContainerManager (StorageContainerManager.java:stop(822)) - Stopping datanode service RPC server
2019-09-26 10:50:39,036 [Thread-810] INFO  server.SCMDatanodeProtocolServer (SCMDatanodeProtocolServer.java:stop(367)) - Stopping the RPC server for DataNodes
2019-09-26 10:50:39,036 [Thread-810] INFO  ipc.Server (Server.java:stop(3082)) - Stopping server on 42180
2019-09-26 10:50:39,039 [IPC Server listener on 42180] INFO  ipc.Server (Server.java:run(1185)) - Stopping IPC Server listener on 42180
2019-09-26 10:50:39,040 [IPC Server Responder] INFO  ipc.Server (Server.java:run(1319)) - Stopping IPC Server Responder
2019-09-26 10:50:39,047 [SCM Heartbeat Processing Thread - 0] WARN  node.NodeStateManager (NodeStateManager.java:scheduleNextHealthCheck(655)) - Current Thread is interrupted, shutting down HB processing thread for Node Manager.
2019-09-26 10:50:39,047 [Thread-810] INFO  server.StorageContainerManager (StorageContainerManager.java:stop(830)) - Stopping block service RPC server
2019-09-26 10:50:39,047 [Thread-810] INFO  server.SCMBlockProtocolServer (SCMBlockProtocolServer.java:stop(155)) - Stopping the RPC server for Block Protocol
2019-09-26 10:50:39,047 [Thread-810] INFO  ipc.Server (Server.java:stop(3082)) - Stopping server on 39859
2019-09-26 10:50:39,049 [IPC Server listener on 39859] INFO  ipc.Server (Server.java:run(1185)) - Stopping IPC Server listener on 39859
2019-09-26 10:50:39,050 [Thread-810] INFO  server.StorageContainerManager (StorageContainerManager.java:stop(837)) - Stopping the StorageContainerLocationProtocol RPC server
2019-09-26 10:50:39,050 [Thread-810] INFO  server.SCMClientProtocolServer (SCMClientProtocolServer.java:stop(159)) - Stopping the RPC server for Client Protocol
2019-09-26 10:50:39,051 [Thread-810] INFO  ipc.Server (Server.java:stop(3082)) - Stopping server on 35163
2019-09-26 10:50:39,050 [IPC Server Responder] INFO  ipc.Server (Server.java:run(1319)) - Stopping IPC Server Responder
2019-09-26 10:50:39,054 [IPC Server listener on 35163] INFO  ipc.Server (Server.java:run(1185)) - Stopping IPC Server listener on 35163
2019-09-26 10:50:39,054 [Thread-810] INFO  server.StorageContainerManager (StorageContainerManager.java:stop(844)) - Stopping Storage Container Manager HTTP server.
2019-09-26 10:50:39,055 [IPC Server Responder] INFO  ipc.Server (Server.java:run(1319)) - Stopping IPC Server Responder
2019-09-26 10:50:39,056 [Thread-810] INFO  handler.ContextHandler (ContextHandler.java:doStop(910)) - Stopped o.e.j.w.WebAppContext@5de9639f{/,null,UNAVAILABLE}{/scm}
2019-09-26 10:50:39,057 [Thread-810] INFO  server.AbstractConnector (AbstractConnector.java:doStop(318)) - Stopped ServerConnector@578e050c{HTTP/1.1,[http/1.1]}{0.0.0.0:0}
2019-09-26 10:50:39,057 [Thread-810] INFO  handler.ContextHandler (ContextHandler.java:doStop(910)) - Stopped o.e.j.s.ServletContextHandler@3e26f656{/static,jar:file:/home/user/.m2/repository/org/apache/hadoop/hadoop-hdds-server-scm/0.5.0-SNAPSHOT/hadoop-hdds-server-scm-0.5.0-SNAPSHOT.jar!/webapps/static,UNAVAILABLE}
2019-09-26 10:50:39,058 [Thread-810] INFO  handler.ContextHandler (ContextHandler.java:doStop(910)) - Stopped o.e.j.s.ServletContextHandler@247d9308{/logs,file:///workdir/hadoop-ozone/ozonefs/target/log,UNAVAILABLE}
2019-09-26 10:50:39,058 [Thread-810] INFO  server.StorageContainerManager (StorageContainerManager.java:stop(855)) - Stopping Block Manager Service.
2019-09-26 10:50:39,059 [Thread-810] INFO  utils.BackgroundService (BackgroundService.java:shutdown(148)) - Shutting down service SCMBlockDeletingService
2019-09-26 10:50:39,059 [Thread-810] INFO  utils.BackgroundService (BackgroundService.java:shutdown(148)) - Shutting down service SCMBlockDeletingService
2019-09-26 10:50:39,059 [Thread-810] INFO  server.StorageContainerManager (StorageContainerManager.java:stop(877)) - Stopping SCM Event Queue.
2019-09-26 10:50:39,063 [Thread-810] INFO  impl.MetricsSystemImpl (MetricsSystemImpl.java:stop(210)) - Stopping HddsDatanode metrics system...
2019-09-26 10:50:39,070 [Thread-810] INFO  impl.MetricsSystemImpl (MetricsSystemImpl.java:stop(216)) - HddsDatanode metrics system stopped.
]]></system-out>
  </testcase>
  <testcase name="testCreateDoesNotAddParentDirKeys" classname="org.apache.hadoop.fs.ozone.TestOzoneFileSystem" time="16.908">
    <error message="Allocated 0 blocks. Requested 1 blocks" type="INTERNAL_ERROR org.apache.hadoop.ozone.om.exceptions.OMException">INTERNAL_ERROR org.apache.hadoop.ozone.om.exceptions.OMException: Allocated 0 blocks. Requested 1 blocks
	at org.apache.hadoop.ozone.om.protocolPB.OzoneManagerProtocolClientSideTranslatorPB.handleError(OzoneManagerProtocolClientSideTranslatorPB.java:732)
	at org.apache.hadoop.ozone.om.protocolPB.OzoneManagerProtocolClientSideTranslatorPB.createFile(OzoneManagerProtocolClientSideTranslatorPB.java:1536)
	at sun.reflect.NativeMethodAccessorImpl.invoke0(Native Method)
	at sun.reflect.NativeMethodAccessorImpl.invoke(NativeMethodAccessorImpl.java:62)
	at sun.reflect.DelegatingMethodAccessorImpl.invoke(DelegatingMethodAccessorImpl.java:43)
	at java.lang.reflect.Method.invoke(Method.java:498)
	at org.apache.hadoop.hdds.tracing.TraceAllMethod.invoke(TraceAllMethod.java:66)
	at com.sun.proxy.$Proxy38.createFile(Unknown Source)
	at org.apache.hadoop.ozone.client.rpc.RpcClient.createFile(RpcClient.java:1006)
	at org.apache.hadoop.ozone.client.OzoneBucket.createFile(OzoneBucket.java:537)
	at org.apache.hadoop.fs.ozone.BasicOzoneClientAdapterImpl.createFile(BasicOzoneClientAdapterImpl.java:205)
	at org.apache.hadoop.fs.ozone.BasicOzoneFileSystem.createOutputStream(BasicOzoneFileSystem.java:250)
	at org.apache.hadoop.fs.ozone.BasicOzoneFileSystem.create(BasicOzoneFileSystem.java:231)
	at org.apache.hadoop.fs.FileSystem.create(FileSystem.java:1118)
	at org.apache.hadoop.fs.FileSystem.create(FileSystem.java:1098)
	at org.apache.hadoop.fs.FileSystem.create(FileSystem.java:987)
	at org.apache.hadoop.fs.contract.ContractTestUtils.createFile(ContractTestUtils.java:633)
	at org.apache.hadoop.fs.contract.ContractTestUtils.touch(ContractTestUtils.java:669)
	at org.apache.hadoop.fs.ozone.TestOzoneFileSystem.testCreateDoesNotAddParentDirKeys(TestOzoneFileSystem.java:110)
	at sun.reflect.NativeMethodAccessorImpl.invoke0(Native Method)
	at sun.reflect.NativeMethodAccessorImpl.invoke(NativeMethodAccessorImpl.java:62)
	at sun.reflect.DelegatingMethodAccessorImpl.invoke(DelegatingMethodAccessorImpl.java:43)
	at java.lang.reflect.Method.invoke(Method.java:498)
	at org.junit.runners.model.FrameworkMethod$1.runReflectiveCall(FrameworkMethod.java:47)
	at org.junit.internal.runners.model.ReflectiveCallable.run(ReflectiveCallable.java:12)
	at org.junit.runners.model.FrameworkMethod.invokeExplosively(FrameworkMethod.java:44)
	at org.junit.internal.runners.statements.InvokeMethod.evaluate(InvokeMethod.java:17)
	at org.junit.internal.runners.statements.RunBefores.evaluate(RunBefores.java:26)
	at org.junit.internal.runners.statements.RunAfters.evaluate(RunAfters.java:27)
	at org.junit.internal.runners.statements.FailOnTimeout$StatementThread.run(FailOnTimeout.java:74)
</error>
    <system-out><![CDATA[2019-09-26 10:50:39,120 [Thread-1077] WARN  server.ServerUtils (ServerUtils.java:getScmDbDir(145)) - ozone.scm.db.dirs is not configured. We recommend adding this setting. Falling back to ozone.metadata.dirs instead.
2019-09-26 10:50:39,135 [Thread-1077] WARN  server.ServerUtils (ServerUtils.java:getScmDbDir(145)) - ozone.scm.db.dirs is not configured. We recommend adding this setting. Falling back to ozone.metadata.dirs instead.
2019-09-26 10:50:39,135 [Thread-1077] WARN  server.ServerUtils (ServerUtils.java:getScmDbDir(145)) - ozone.scm.db.dirs is not configured. We recommend adding this setting. Falling back to ozone.metadata.dirs instead.
2019-09-26 10:50:39,136 [Thread-1077] INFO  db.DBStoreBuilder (DBStoreBuilder.java:addTable(110)) - using custom profile for table: deletedBlocks
2019-09-26 10:50:39,136 [Thread-1077] INFO  db.DBStoreBuilder (DBStoreBuilder.java:processTables(161)) - Using default column profile:DBProfile.DISK for Table:deletedBlocks
2019-09-26 10:50:39,136 [Thread-1077] INFO  db.DBStoreBuilder (DBStoreBuilder.java:addTable(110)) - using custom profile for table: validCerts
2019-09-26 10:50:39,136 [Thread-1077] INFO  db.DBStoreBuilder (DBStoreBuilder.java:processTables(161)) - Using default column profile:DBProfile.DISK for Table:validCerts
2019-09-26 10:50:39,136 [Thread-1077] INFO  db.DBStoreBuilder (DBStoreBuilder.java:addTable(110)) - using custom profile for table: revokedCerts
2019-09-26 10:50:39,136 [Thread-1077] INFO  db.DBStoreBuilder (DBStoreBuilder.java:processTables(161)) - Using default column profile:DBProfile.DISK for Table:revokedCerts
2019-09-26 10:50:39,137 [Thread-1077] INFO  db.DBStoreBuilder (DBStoreBuilder.java:addTable(110)) - using custom profile for table: default
2019-09-26 10:50:39,137 [Thread-1077] INFO  db.DBStoreBuilder (DBStoreBuilder.java:processTables(167)) - Using default column profile:DBProfile.DISK for Table:default
2019-09-26 10:50:39,137 [Thread-1077] INFO  db.DBStoreBuilder (DBStoreBuilder.java:getDbProfile(198)) - Using default options. DBProfile.DISK
2019-09-26 10:50:39,301 [Thread-1077] INFO  net.NodeSchemaLoader (NodeSchemaLoader.java:loadSchemaFromFile(125)) - Loading file from sun.misc.CompoundEnumeration@3541cac5
2019-09-26 10:50:39,301 [Thread-1077] INFO  net.NodeSchemaLoader (NodeSchemaLoader.java:loadSchema(171)) - Loading network topology layer schema file
2019-09-26 10:50:39,306 [Thread-1077] WARN  server.ServerUtils (ServerUtils.java:sanitizeUserArgs(70)) - ozone.scm.stale.node.interval value = 300000 is larger than max = 100000 based on the key value of ozone.scm.heartbeat.thread.interval, reset to the max value 100000.
2019-09-26 10:50:39,306 [Thread-1077] WARN  server.ServerUtils (ServerUtils.java:sanitizeUserArgs(70)) - ozone.scm.stale.node.interval value = 300000 is larger than max = 100000 based on the key value of ozone.scm.heartbeat.thread.interval, reset to the max value 100000.
2019-09-26 10:50:39,306 [Thread-1077] INFO  node.SCMNodeManager (SCMNodeManager.java:<init>(114)) - Entering startup safe mode.
2019-09-26 10:50:39,307 [Thread-1077] INFO  algorithms.ContainerPlacementPolicyFactory (ContainerPlacementPolicyFactory.java:getPolicy(59)) - Create container placement policy of type org.apache.hadoop.hdds.scm.container.placement.algorithms.SCMContainerPlacementRandom
2019-09-26 10:50:39,307 [Thread-1077] WARN  server.ServerUtils (ServerUtils.java:getScmDbDir(145)) - ozone.scm.db.dirs is not configured. We recommend adding this setting. Falling back to ozone.metadata.dirs instead.
2019-09-26 10:50:39,358 [Thread-1077] INFO  pipeline.SCMPipelineManager (SCMPipelineManager.java:initializePipelineState(132)) - No pipeline exists in current db
2019-09-26 10:50:39,358 [Thread-1077] WARN  server.ServerUtils (ServerUtils.java:getScmDbDir(145)) - ozone.scm.db.dirs is not configured. We recommend adding this setting. Falling back to ozone.metadata.dirs instead.
2019-09-26 10:50:39,413 [Thread-1077] WARN  events.EventQueue (EventQueue.java:fireEvent(183)) - No event handler registered for event TypedEvent{payloadType=SafeModeStatus, name='SafeModeStatus'}
2019-09-26 10:50:39,414 [Thread-1077] INFO  ipc.CallQueueManager (CallQueueManager.java:<init>(84)) - Using callQueue: class java.util.concurrent.LinkedBlockingQueue, queueCapacity: 2000, scheduler: class org.apache.hadoop.ipc.DefaultRpcScheduler, ipcBackoff: false.
2019-09-26 10:50:39,415 [Socket Reader #1 for port 42053] INFO  ipc.Server (Server.java:run(1074)) - Starting Socket Reader #1 for port 42053
2019-09-26 10:50:39,418 [Thread-1077] INFO  ipc.CallQueueManager (CallQueueManager.java:<init>(84)) - Using callQueue: class java.util.concurrent.LinkedBlockingQueue, queueCapacity: 2000, scheduler: class org.apache.hadoop.ipc.DefaultRpcScheduler, ipcBackoff: false.
2019-09-26 10:50:39,419 [Socket Reader #1 for port 41228] INFO  ipc.Server (Server.java:run(1074)) - Starting Socket Reader #1 for port 41228
2019-09-26 10:50:39,420 [Thread-1077] INFO  ipc.CallQueueManager (CallQueueManager.java:<init>(84)) - Using callQueue: class java.util.concurrent.LinkedBlockingQueue, queueCapacity: 2000, scheduler: class org.apache.hadoop.ipc.DefaultRpcScheduler, ipcBackoff: false.
2019-09-26 10:50:39,421 [Socket Reader #1 for port 35743] INFO  ipc.Server (Server.java:run(1074)) - Starting Socket Reader #1 for port 35743
2019-09-26 10:50:39,424 [Thread-1077] INFO  hdfs.DFSUtil (DFSUtil.java:httpServerTemplateForNNAndJN(1641)) - Starting Web-server for scm at: http://0.0.0.0:0
2019-09-26 10:50:39,430 [Thread-1077] INFO  server.AuthenticationFilter (AuthenticationFilter.java:constructSecretProvider(240)) - Unable to initialize FileSignerSecretProvider, falling back to use random secrets.
2019-09-26 10:50:39,431 [Thread-1077] WARN  http.HttpRequestLog (HttpRequestLog.java:getRequestLog(97)) - Jetty request log can only be enabled using Log4j
2019-09-26 10:50:39,434 [Thread-1077] INFO  http.HttpServer2 (HttpServer2.java:addGlobalFilter(975)) - Added global filter 'safety' (class=org.apache.hadoop.http.HttpServer2$QuotingInputFilter)
2019-09-26 10:50:39,435 [Thread-1077] INFO  http.HttpServer2 (HttpServer2.java:addFilter(948)) - Added filter static_user_filter (class=org.apache.hadoop.http.lib.StaticUserWebFilter$StaticUserFilter) to context scm
2019-09-26 10:50:39,435 [Thread-1077] INFO  http.HttpServer2 (HttpServer2.java:addFilter(958)) - Added filter static_user_filter (class=org.apache.hadoop.http.lib.StaticUserWebFilter$StaticUserFilter) to context static
2019-09-26 10:50:39,435 [Thread-1077] INFO  http.HttpServer2 (HttpServer2.java:addFilter(958)) - Added filter static_user_filter (class=org.apache.hadoop.http.lib.StaticUserWebFilter$StaticUserFilter) to context logs
2019-09-26 10:50:39,438 [Thread-1077] INFO  server.StorageContainerManager (StorageContainerManager.java:start(770)) - StorageContainerLocationProtocol RPC server is listening at /0.0.0.0:35743
2019-09-26 10:50:39,441 [Thread-1077] WARN  impl.MetricsConfig (MetricsConfig.java:loadFirst(134)) - Cannot locate configuration: tried hadoop-metrics2-storagecontainermanager.properties,hadoop-metrics2.properties
2019-09-26 10:50:39,442 [Thread-1077] INFO  impl.MetricsSystemImpl (MetricsSystemImpl.java:startTimer(374)) - Scheduled Metric snapshot period at 10 second(s).
2019-09-26 10:50:39,442 [Thread-1077] INFO  impl.MetricsSystemImpl (MetricsSystemImpl.java:start(191)) - StorageContainerManager metrics system started
2019-09-26 10:50:39,475 [Thread-1077] WARN  impl.MetricsSystemImpl (MetricsSystemImpl.java:register(276)) - Sink prometheus already exists!
2019-09-26 10:50:39,536 [Thread-1077] INFO  server.SCMClientProtocolServer (SCMClientProtocolServer.java:start(151)) - RPC server for Client  is listening at /0.0.0.0:35743
2019-09-26 10:50:39,536 [IPC Server Responder] INFO  ipc.Server (Server.java:run(1314)) - IPC Server Responder: starting
2019-09-26 10:50:39,537 [IPC Server listener on 35743] INFO  ipc.Server (Server.java:run(1153)) - IPC Server listener on 35743: starting
2019-09-26 10:50:39,541 [Thread-1077] INFO  server.StorageContainerManager (StorageContainerManager.java:start(780)) - ScmBlockLocationProtocol RPC server is listening at /0.0.0.0:41228
2019-09-26 10:50:39,541 [Thread-1077] INFO  server.SCMBlockProtocolServer (SCMBlockProtocolServer.java:start(146)) - RPC server for Block Protocol is listening at /0.0.0.0:41228
2019-09-26 10:50:39,542 [IPC Server listener on 41228] INFO  ipc.Server (Server.java:run(1153)) - IPC Server listener on 41228: starting
2019-09-26 10:50:39,542 [IPC Server Responder] INFO  ipc.Server (Server.java:run(1314)) - IPC Server Responder: starting
2019-09-26 10:50:39,545 [Thread-1077] INFO  server.StorageContainerManager (StorageContainerManager.java:start(784)) - ScmDatanodeProtocl RPC server is listening at /0.0.0.0:42053
2019-09-26 10:50:39,545 [Thread-1077] INFO  server.SCMDatanodeProtocolServer (SCMDatanodeProtocolServer.java:start(191)) - RPC server for DataNodes is listening at /0.0.0.0:42053
2019-09-26 10:50:39,545 [IPC Server listener on 42053] INFO  ipc.Server (Server.java:run(1153)) - IPC Server listener on 42053: starting
2019-09-26 10:50:39,545 [IPC Server Responder] INFO  ipc.Server (Server.java:run(1314)) - IPC Server Responder: starting
2019-09-26 10:50:39,551 [Thread-1077] INFO  http.HttpServer2 (HttpServer2.java:bindListener(1191)) - Jetty bound to port 43906
2019-09-26 10:50:39,551 [Thread-1077] INFO  server.Server (Server.java:doStart(351)) - jetty-9.3.25.v20180904, build timestamp: 2018-09-04T21:11:46Z, git hash: 3ce520221d0240229c862b122d2b06c12a625732
2019-09-26 10:50:39,553 [Thread-1077] INFO  handler.ContextHandler (ContextHandler.java:doStart(781)) - Started o.e.j.s.ServletContextHandler@8d06767{/logs,file:///workdir/hadoop-ozone/ozonefs/target/log,AVAILABLE}
2019-09-26 10:50:39,554 [Thread-1077] INFO  handler.ContextHandler (ContextHandler.java:doStart(781)) - Started o.e.j.s.ServletContextHandler@5fef454a{/static,jar:file:/home/user/.m2/repository/org/apache/hadoop/hadoop-hdds-server-scm/0.5.0-SNAPSHOT/hadoop-hdds-server-scm-0.5.0-SNAPSHOT.jar!/webapps/static,AVAILABLE}
2019-09-26 10:50:39,594 [Thread-1077] INFO  handler.ContextHandler (ContextHandler.java:doStart(781)) - Started o.e.j.w.WebAppContext@57461df6{/,file:///tmp/jetty-0.0.0.0-43906-scm-_-any-7492051445958381496.dir/webapp/,AVAILABLE}{/scm}
2019-09-26 10:50:39,594 [Thread-1077] INFO  server.AbstractConnector (AbstractConnector.java:doStart(278)) - Started ServerConnector@2c376615{HTTP/1.1,[http/1.1]}{0.0.0.0:43906}
2019-09-26 10:50:39,599 [Thread-1077] INFO  server.Server (Server.java:doStart(419)) - Started @74240ms
2019-09-26 10:50:39,599 [Thread-1077] WARN  impl.MetricsSystemImpl (MetricsSystemImpl.java:register(276)) - Sink prometheus already exists!
2019-09-26 10:50:39,600 [Thread-1077] INFO  server.BaseHttpServer (BaseHttpServer.java:updateConnectorAddress(215)) - HTTP server of SCM is listening at http://0.0.0.0:43906
2019-09-26 10:50:39,600 [Thread-1077] WARN  server.ServerUtils (ServerUtils.java:getDBPath(222)) - ozone.om.db.dirs is not configured. We recommend adding this setting. Falling back to ozone.metadata.dirs instead.
2019-09-26 10:50:39,603 [org.apache.hadoop.util.JvmPauseMonitor$Monitor@1b2dfb0c] INFO  util.JvmPauseMonitor (JvmPauseMonitor.java:run(188)) - Starting JVM pause monitor
2019-09-26 10:50:39,617 [Thread-1077] WARN  server.ServerUtils (ServerUtils.java:getDBPath(222)) - ozone.om.db.dirs is not configured. We recommend adding this setting. Falling back to ozone.metadata.dirs instead.
2019-09-26 10:50:39,617 [Thread-1077] WARN  server.ServerUtils (ServerUtils.java:getDBPath(222)) - ozone.om.db.dirs is not configured. We recommend adding this setting. Falling back to ozone.metadata.dirs instead.
2019-09-26 10:50:39,617 [Thread-1077] INFO  om.OzoneManager (OzoneManager.java:setOMNodeDetails(652)) - OM Service ID is not set. Setting it to the default ID: omServiceIdDefault
2019-09-26 10:50:39,617 [Thread-1077] INFO  om.OzoneManager (OzoneManager.java:setOMNodeDetails(658)) - OM Node ID is not set. Setting it to the OmStorage's OmID: a23168f5-75e9-458c-8894-27d19b6e8b23
2019-09-26 10:50:39,617 [Thread-1077] INFO  om.OzoneManager (OzoneManager.java:loadOMHAConfigs(609)) - Found matching OM address with OMServiceId: null, OMNodeId: null, RPC Address: localhost:0 and Ratis port: 9872
2019-09-26 10:50:39,626 [Thread-1077] WARN  server.ServerUtils (ServerUtils.java:getDBPath(222)) - ozone.om.db.dirs is not configured. We recommend adding this setting. Falling back to ozone.metadata.dirs instead.
2019-09-26 10:50:39,626 [Thread-1077] INFO  db.DBStoreBuilder (DBStoreBuilder.java:addTable(110)) - using custom profile for table: userTable
2019-09-26 10:50:39,626 [Thread-1077] INFO  db.DBStoreBuilder (DBStoreBuilder.java:processTables(161)) - Using default column profile:DBProfile.DISK for Table:userTable
2019-09-26 10:50:39,627 [Thread-1077] INFO  db.DBStoreBuilder (DBStoreBuilder.java:addTable(110)) - using custom profile for table: volumeTable
2019-09-26 10:50:39,627 [Thread-1077] INFO  db.DBStoreBuilder (DBStoreBuilder.java:processTables(161)) - Using default column profile:DBProfile.DISK for Table:volumeTable
2019-09-26 10:50:39,627 [Thread-1077] INFO  db.DBStoreBuilder (DBStoreBuilder.java:addTable(110)) - using custom profile for table: bucketTable
2019-09-26 10:50:39,627 [Thread-1077] INFO  db.DBStoreBuilder (DBStoreBuilder.java:processTables(161)) - Using default column profile:DBProfile.DISK for Table:bucketTable
2019-09-26 10:50:39,627 [Thread-1077] INFO  db.DBStoreBuilder (DBStoreBuilder.java:addTable(110)) - using custom profile for table: keyTable
2019-09-26 10:50:39,628 [Thread-1077] INFO  db.DBStoreBuilder (DBStoreBuilder.java:processTables(161)) - Using default column profile:DBProfile.DISK for Table:keyTable
2019-09-26 10:50:39,628 [Thread-1077] INFO  db.DBStoreBuilder (DBStoreBuilder.java:addTable(110)) - using custom profile for table: deletedTable
2019-09-26 10:50:39,628 [Thread-1077] INFO  db.DBStoreBuilder (DBStoreBuilder.java:processTables(161)) - Using default column profile:DBProfile.DISK for Table:deletedTable
2019-09-26 10:50:39,628 [Thread-1077] INFO  db.DBStoreBuilder (DBStoreBuilder.java:addTable(110)) - using custom profile for table: openKeyTable
2019-09-26 10:50:39,628 [Thread-1077] INFO  db.DBStoreBuilder (DBStoreBuilder.java:processTables(161)) - Using default column profile:DBProfile.DISK for Table:openKeyTable
2019-09-26 10:50:39,629 [Thread-1077] INFO  db.DBStoreBuilder (DBStoreBuilder.java:addTable(110)) - using custom profile for table: s3Table
2019-09-26 10:50:39,629 [Thread-1077] INFO  db.DBStoreBuilder (DBStoreBuilder.java:processTables(161)) - Using default column profile:DBProfile.DISK for Table:s3Table
2019-09-26 10:50:39,629 [Thread-1077] INFO  db.DBStoreBuilder (DBStoreBuilder.java:addTable(110)) - using custom profile for table: multipartInfoTable
2019-09-26 10:50:39,629 [Thread-1077] INFO  db.DBStoreBuilder (DBStoreBuilder.java:processTables(161)) - Using default column profile:DBProfile.DISK for Table:multipartInfoTable
2019-09-26 10:50:39,630 [Thread-1077] INFO  db.DBStoreBuilder (DBStoreBuilder.java:addTable(110)) - using custom profile for table: dTokenTable
2019-09-26 10:50:39,630 [Thread-1077] INFO  db.DBStoreBuilder (DBStoreBuilder.java:processTables(161)) - Using default column profile:DBProfile.DISK for Table:dTokenTable
2019-09-26 10:50:39,630 [Thread-1077] INFO  db.DBStoreBuilder (DBStoreBuilder.java:addTable(110)) - using custom profile for table: s3SecretTable
2019-09-26 10:50:39,630 [Thread-1077] INFO  db.DBStoreBuilder (DBStoreBuilder.java:processTables(161)) - Using default column profile:DBProfile.DISK for Table:s3SecretTable
2019-09-26 10:50:39,630 [Thread-1077] INFO  db.DBStoreBuilder (DBStoreBuilder.java:addTable(110)) - using custom profile for table: prefixTable
2019-09-26 10:50:39,631 [Thread-1077] INFO  db.DBStoreBuilder (DBStoreBuilder.java:processTables(161)) - Using default column profile:DBProfile.DISK for Table:prefixTable
2019-09-26 10:50:39,631 [Thread-1077] INFO  db.DBStoreBuilder (DBStoreBuilder.java:addTable(110)) - using custom profile for table: default
2019-09-26 10:50:39,631 [Thread-1077] INFO  db.DBStoreBuilder (DBStoreBuilder.java:processTables(167)) - Using default column profile:DBProfile.DISK for Table:default
2019-09-26 10:50:39,631 [Thread-1077] INFO  db.DBStoreBuilder (DBStoreBuilder.java:getDbProfile(198)) - Using default options. DBProfile.DISK
2019-09-26 10:50:40,135 [Thread-1077] INFO  ipc.CallQueueManager (CallQueueManager.java:<init>(84)) - Using callQueue: class java.util.concurrent.LinkedBlockingQueue, queueCapacity: 2000, scheduler: class org.apache.hadoop.ipc.DefaultRpcScheduler, ipcBackoff: false.
2019-09-26 10:50:40,136 [Socket Reader #1 for port 46494] INFO  ipc.Server (Server.java:run(1074)) - Starting Socket Reader #1 for port 46494
2019-09-26 10:50:40,167 [Thread-1077] INFO  om.OzoneManager (OzoneManager.java:start(1243)) - OzoneManager RPC server is listening at localhost/127.0.0.1:46494
2019-09-26 10:50:40,167 [Thread-1077] INFO  impl.MetricsSystemImpl (MetricsSystemImpl.java:init(158)) - OzoneManager metrics system started (again)
2019-09-26 10:50:40,168 [IPC Server Responder] INFO  ipc.Server (Server.java:run(1314)) - IPC Server Responder: starting
2019-09-26 10:50:40,169 [IPC Server listener on 46494] INFO  ipc.Server (Server.java:run(1153)) - IPC Server listener on 46494: starting
2019-09-26 10:50:40,175 [Thread-1077] INFO  hdfs.DFSUtil (DFSUtil.java:httpServerTemplateForNNAndJN(1641)) - Starting Web-server for ozoneManager at: http://0.0.0.0:0
2019-09-26 10:50:40,179 [Thread-1077] INFO  server.AuthenticationFilter (AuthenticationFilter.java:constructSecretProvider(240)) - Unable to initialize FileSignerSecretProvider, falling back to use random secrets.
2019-09-26 10:50:40,179 [Thread-1077] WARN  http.HttpRequestLog (HttpRequestLog.java:getRequestLog(97)) - Jetty request log can only be enabled using Log4j
2019-09-26 10:50:40,182 [Thread-1077] INFO  http.HttpServer2 (HttpServer2.java:addGlobalFilter(975)) - Added global filter 'safety' (class=org.apache.hadoop.http.HttpServer2$QuotingInputFilter)
2019-09-26 10:50:40,183 [Thread-1077] INFO  http.HttpServer2 (HttpServer2.java:addFilter(948)) - Added filter static_user_filter (class=org.apache.hadoop.http.lib.StaticUserWebFilter$StaticUserFilter) to context ozoneManager
2019-09-26 10:50:40,183 [Thread-1077] INFO  http.HttpServer2 (HttpServer2.java:addFilter(958)) - Added filter static_user_filter (class=org.apache.hadoop.http.lib.StaticUserWebFilter$StaticUserFilter) to context static
2019-09-26 10:50:40,183 [Thread-1077] INFO  http.HttpServer2 (HttpServer2.java:addFilter(958)) - Added filter static_user_filter (class=org.apache.hadoop.http.lib.StaticUserWebFilter$StaticUserFilter) to context logs
2019-09-26 10:50:40,185 [Thread-1077] INFO  http.HttpServer2 (HttpServer2.java:bindListener(1191)) - Jetty bound to port 35606
2019-09-26 10:50:40,185 [Thread-1077] INFO  server.Server (Server.java:doStart(351)) - jetty-9.3.25.v20180904, build timestamp: 2018-09-04T21:11:46Z, git hash: 3ce520221d0240229c862b122d2b06c12a625732
2019-09-26 10:50:40,188 [Thread-1077] INFO  handler.ContextHandler (ContextHandler.java:doStart(781)) - Started o.e.j.s.ServletContextHandler@43f1747b{/logs,file:///workdir/hadoop-ozone/ozonefs/target/log,AVAILABLE}
2019-09-26 10:50:40,189 [Thread-1077] INFO  handler.ContextHandler (ContextHandler.java:doStart(781)) - Started o.e.j.s.ServletContextHandler@5307160f{/static,jar:file:/home/user/.m2/repository/org/apache/hadoop/hadoop-ozone-ozone-manager/0.5.0-SNAPSHOT/hadoop-ozone-ozone-manager-0.5.0-SNAPSHOT.jar!/webapps/static,AVAILABLE}
2019-09-26 10:50:40,263 [Thread-1077] INFO  handler.ContextHandler (ContextHandler.java:doStart(781)) - Started o.e.j.w.WebAppContext@11f9eb13{/,file:///tmp/jetty-0.0.0.0-35606-ozoneManager-_-any-6743967017533252982.dir/webapp/,AVAILABLE}{/ozoneManager}
2019-09-26 10:50:40,263 [Thread-1077] INFO  server.AbstractConnector (AbstractConnector.java:doStart(278)) - Started ServerConnector@6a958096{HTTP/1.1,[http/1.1]}{0.0.0.0:35606}
2019-09-26 10:50:40,265 [Thread-1077] INFO  server.Server (Server.java:doStart(419)) - Started @74907ms
2019-09-26 10:50:40,265 [Thread-1077] WARN  impl.MetricsSystemImpl (MetricsSystemImpl.java:register(276)) - Sink prometheus already exists!
2019-09-26 10:50:40,268 [Thread-1077] INFO  server.BaseHttpServer (BaseHttpServer.java:updateConnectorAddress(215)) - HTTP server of OZONEMANAGER is listening at http://0.0.0.0:35606
2019-09-26 10:50:40,280 [Thread-1077] INFO  impl.MetricsSystemImpl (MetricsSystemImpl.java:init(158)) - HddsDatanode metrics system started (again)
2019-09-26 10:50:40,285 [Thread-1077] INFO  ozone.HddsDatanodeService (HddsDatanodeService.java:start(184)) - HddsDatanodeService host:pr-hdds-1569-wvzgm-824869521 ip:192.168.30.13
2019-09-26 10:50:40,292 [Thread-1077] INFO  volume.HddsVolume (HddsVolume.java:<init>(176)) - Creating Volume: /workdir/hadoop-ozone/ozonefs/target/test-dir/MiniOzoneClusterImpl-99c4f40c-1efe-4b17-8303-d48b923188ee/datanode-0/data/containers/hdds of  storage type : DISK and capacity : 1482555576320
2019-09-26 10:50:40,293 [Thread-1077] INFO  volume.VolumeSet (VolumeSet.java:initializeVolumeSet(170)) - Added Volume : /workdir/hadoop-ozone/ozonefs/target/test-dir/MiniOzoneClusterImpl-99c4f40c-1efe-4b17-8303-d48b923188ee/datanode-0/data/containers/hdds to VolumeSet
2019-09-26 10:50:40,293 [Thread-1077] INFO  volume.ThrottledAsyncChecker (ThrottledAsyncChecker.java:schedule(139)) - Scheduling a check for org.apache.hadoop.ozone.container.common.volume.HddsVolume@33d88df2
2019-09-26 10:50:40,294 [Thread-1077] INFO  volume.HddsVolumeChecker (HddsVolumeChecker.java:checkAllVolumes(202)) - Scheduled health check for volume org.apache.hadoop.ozone.container.common.volume.HddsVolume@33d88df2
2019-09-26 10:50:40,323 [Thread-1077] INFO  impl.RaftServerProxy (ConfUtils.java:logGet(43)) - raft.rpc.type = GRPC (default)
2019-09-26 10:50:40,324 [Thread-1077] INFO  grpc.GrpcFactory (GrpcFactory.java:checkPooledByteBufAllocatorUseCacheForAllThreads(45)) - PERFORMANCE WARNING: useCacheForAllThreads is true that may cause Netty to create a lot garbage objects and, as a result, trigger GC.
	It is recommended to disable useCacheForAllThreads by setting -Dorg.apache.ratis.thirdparty.io.netty.allocator.useCacheForAllThreads=false in command line.
2019-09-26 10:50:40,324 [Thread-1077] INFO  grpc.GrpcConfigKeys$Server (ConfUtils.java:logGet(43)) - raft.grpc.server.port = 0 (default)
2019-09-26 10:50:40,324 [Thread-1077] INFO  server.GrpcService (ConfUtils.java:logGet(43)) - raft.grpc.message.size.max = 33570816 (custom)
2019-09-26 10:50:40,325 [Thread-1077] INFO  server.RaftServerConfigKeys (ConfUtils.java:logGet(43)) - raft.server.log.appender.buffer.byte-limit = 33554432 (custom)
2019-09-26 10:50:40,325 [Thread-1077] INFO  server.GrpcService (ConfUtils.java:logGet(43)) - raft.grpc.flow.control.window = 1MB (=1048576) (default)
2019-09-26 10:50:40,325 [Thread-1077] INFO  server.RaftServerConfigKeys (ConfUtils.java:logGet(43)) - raft.server.rpc.request.timeout = 3000ms (default)
2019-09-26 10:50:40,326 [Thread-1077] INFO  server.RaftServerConfigKeys (ConfUtils.java:logGet(43)) - raft.server.storage.dir = [/workdir/hadoop-ozone/ozonefs/target/test-dir/MiniOzoneClusterImpl-99c4f40c-1efe-4b17-8303-d48b923188ee/datanode-0/data/ratis] (custom)
2019-09-26 10:50:40,328 [Thread-1077] INFO  hdfs.DFSUtil (DFSUtil.java:httpServerTemplateForNNAndJN(1641)) - Starting Web-server for hddsDatanode at: http://0.0.0.0:0
2019-09-26 10:50:40,331 [Thread-1077] INFO  server.AuthenticationFilter (AuthenticationFilter.java:constructSecretProvider(240)) - Unable to initialize FileSignerSecretProvider, falling back to use random secrets.
2019-09-26 10:50:40,331 [Thread-1077] WARN  http.HttpRequestLog (HttpRequestLog.java:getRequestLog(97)) - Jetty request log can only be enabled using Log4j
2019-09-26 10:50:40,333 [Thread-1077] INFO  http.HttpServer2 (HttpServer2.java:addGlobalFilter(975)) - Added global filter 'safety' (class=org.apache.hadoop.http.HttpServer2$QuotingInputFilter)
2019-09-26 10:50:40,334 [Thread-1077] INFO  http.HttpServer2 (HttpServer2.java:addFilter(948)) - Added filter static_user_filter (class=org.apache.hadoop.http.lib.StaticUserWebFilter$StaticUserFilter) to context hddsDatanode
2019-09-26 10:50:40,335 [Thread-1077] INFO  http.HttpServer2 (HttpServer2.java:addFilter(958)) - Added filter static_user_filter (class=org.apache.hadoop.http.lib.StaticUserWebFilter$StaticUserFilter) to context logs
2019-09-26 10:50:40,335 [Thread-1077] INFO  http.HttpServer2 (HttpServer2.java:addFilter(958)) - Added filter static_user_filter (class=org.apache.hadoop.http.lib.StaticUserWebFilter$StaticUserFilter) to context static
2019-09-26 10:50:40,336 [Thread-1077] INFO  http.HttpServer2 (HttpServer2.java:bindListener(1191)) - Jetty bound to port 46356
2019-09-26 10:50:40,336 [Thread-1077] INFO  server.Server (Server.java:doStart(351)) - jetty-9.3.25.v20180904, build timestamp: 2018-09-04T21:11:46Z, git hash: 3ce520221d0240229c862b122d2b06c12a625732
2019-09-26 10:50:40,338 [Thread-1077] INFO  handler.ContextHandler (ContextHandler.java:doStart(781)) - Started o.e.j.s.ServletContextHandler@d7ad8ba{/logs,file:///workdir/hadoop-ozone/ozonefs/target/log,AVAILABLE}
2019-09-26 10:50:40,339 [Thread-1077] INFO  handler.ContextHandler (ContextHandler.java:doStart(781)) - Started o.e.j.s.ServletContextHandler@2131de3f{/static,jar:file:/home/user/.m2/repository/org/apache/hadoop/hadoop-hdds-container-service/0.5.0-SNAPSHOT/hadoop-hdds-container-service-0.5.0-SNAPSHOT.jar!/webapps/static,AVAILABLE}
2019-09-26 10:50:40,376 [Thread-1077] INFO  handler.ContextHandler (ContextHandler.java:doStart(781)) - Started o.e.j.w.WebAppContext@4faedd0c{/,file:///tmp/jetty-0.0.0.0-46356-hddsDatanode-_-any-6526574154699129466.dir/webapp/,AVAILABLE}{/hddsDatanode}
2019-09-26 10:50:40,376 [Thread-1077] INFO  server.AbstractConnector (AbstractConnector.java:doStart(278)) - Started ServerConnector@24f9d532{HTTP/1.1,[http/1.1]}{0.0.0.0:46356}
2019-09-26 10:50:40,378 [Thread-1077] INFO  server.Server (Server.java:doStart(419)) - Started @75019ms
2019-09-26 10:50:40,378 [Thread-1077] WARN  impl.MetricsSystemImpl (MetricsSystemImpl.java:register(276)) - Sink prometheus already exists!
2019-09-26 10:50:40,379 [Thread-1077] INFO  server.BaseHttpServer (BaseHttpServer.java:updateConnectorAddress(215)) - HTTP server of HDDSDATANODE is listening at http://0.0.0.0:46356
2019-09-26 10:50:40,379 [Thread-1077] INFO  impl.MetricsSystemImpl (MetricsSystemImpl.java:init(158)) - HddsDatanode metrics system started (again)
2019-09-26 10:50:40,384 [org.apache.hadoop.util.JvmPauseMonitor$Monitor@5d47ee59] INFO  util.JvmPauseMonitor (JvmPauseMonitor.java:run(188)) - Starting JVM pause monitor
2019-09-26 10:50:40,384 [Thread-1077] INFO  ozone.HddsDatanodeService (HddsDatanodeService.java:start(184)) - HddsDatanodeService host:pr-hdds-1569-wvzgm-824869521 ip:192.168.30.13
2019-09-26 10:50:40,387 [Datanode State Machine Thread - 0] INFO  datanode.InitDatanodeState (InitDatanodeState.java:persistContainerDatanodeDetails(140)) - DatanodeDetails is persisted to /workdir/hadoop-ozone/ozonefs/target/test-dir/MiniOzoneClusterImpl-99c4f40c-1efe-4b17-8303-d48b923188ee/datanode-0/meta/datanode.id
2019-09-26 10:50:40,391 [Thread-1077] INFO  volume.HddsVolume (HddsVolume.java:<init>(176)) - Creating Volume: /workdir/hadoop-ozone/ozonefs/target/test-dir/MiniOzoneClusterImpl-99c4f40c-1efe-4b17-8303-d48b923188ee/datanode-1/data/containers/hdds of  storage type : DISK and capacity : 1482555576320
2019-09-26 10:50:40,391 [Thread-1077] INFO  volume.VolumeSet (VolumeSet.java:initializeVolumeSet(170)) - Added Volume : /workdir/hadoop-ozone/ozonefs/target/test-dir/MiniOzoneClusterImpl-99c4f40c-1efe-4b17-8303-d48b923188ee/datanode-1/data/containers/hdds to VolumeSet
2019-09-26 10:50:40,391 [Thread-1077] INFO  volume.ThrottledAsyncChecker (ThrottledAsyncChecker.java:schedule(139)) - Scheduling a check for org.apache.hadoop.ozone.container.common.volume.HddsVolume@6022d1b0
2019-09-26 10:50:40,392 [Thread-1077] INFO  volume.HddsVolumeChecker (HddsVolumeChecker.java:checkAllVolumes(202)) - Scheduled health check for volume org.apache.hadoop.ozone.container.common.volume.HddsVolume@6022d1b0
2019-09-26 10:50:40,418 [Thread-1077] INFO  impl.RaftServerProxy (ConfUtils.java:logGet(43)) - raft.rpc.type = GRPC (default)
2019-09-26 10:50:40,418 [Thread-1077] INFO  grpc.GrpcFactory (GrpcFactory.java:checkPooledByteBufAllocatorUseCacheForAllThreads(45)) - PERFORMANCE WARNING: useCacheForAllThreads is true that may cause Netty to create a lot garbage objects and, as a result, trigger GC.
	It is recommended to disable useCacheForAllThreads by setting -Dorg.apache.ratis.thirdparty.io.netty.allocator.useCacheForAllThreads=false in command line.
2019-09-26 10:50:40,418 [Thread-1077] INFO  grpc.GrpcConfigKeys$Server (ConfUtils.java:logGet(43)) - raft.grpc.server.port = 0 (default)
2019-09-26 10:50:40,418 [Thread-1077] INFO  server.GrpcService (ConfUtils.java:logGet(43)) - raft.grpc.message.size.max = 33570816 (custom)
2019-09-26 10:50:40,418 [Thread-1077] INFO  server.RaftServerConfigKeys (ConfUtils.java:logGet(43)) - raft.server.log.appender.buffer.byte-limit = 33554432 (custom)
2019-09-26 10:50:40,419 [Thread-1077] INFO  server.GrpcService (ConfUtils.java:logGet(43)) - raft.grpc.flow.control.window = 1MB (=1048576) (default)
2019-09-26 10:50:40,419 [Thread-1077] INFO  server.RaftServerConfigKeys (ConfUtils.java:logGet(43)) - raft.server.rpc.request.timeout = 3000ms (default)
2019-09-26 10:50:40,419 [Thread-1077] INFO  server.RaftServerConfigKeys (ConfUtils.java:logGet(43)) - raft.server.storage.dir = [/workdir/hadoop-ozone/ozonefs/target/test-dir/MiniOzoneClusterImpl-99c4f40c-1efe-4b17-8303-d48b923188ee/datanode-1/data/ratis] (custom)
2019-09-26 10:50:40,421 [Thread-1077] INFO  hdfs.DFSUtil (DFSUtil.java:httpServerTemplateForNNAndJN(1641)) - Starting Web-server for hddsDatanode at: http://0.0.0.0:0
2019-09-26 10:50:40,423 [Thread-1077] INFO  server.AuthenticationFilter (AuthenticationFilter.java:constructSecretProvider(240)) - Unable to initialize FileSignerSecretProvider, falling back to use random secrets.
2019-09-26 10:50:40,423 [Thread-1077] WARN  http.HttpRequestLog (HttpRequestLog.java:getRequestLog(97)) - Jetty request log can only be enabled using Log4j
2019-09-26 10:50:40,425 [Thread-1077] INFO  http.HttpServer2 (HttpServer2.java:addGlobalFilter(975)) - Added global filter 'safety' (class=org.apache.hadoop.http.HttpServer2$QuotingInputFilter)
2019-09-26 10:50:40,426 [Thread-1077] INFO  http.HttpServer2 (HttpServer2.java:addFilter(948)) - Added filter static_user_filter (class=org.apache.hadoop.http.lib.StaticUserWebFilter$StaticUserFilter) to context hddsDatanode
2019-09-26 10:50:40,426 [Thread-1077] INFO  http.HttpServer2 (HttpServer2.java:addFilter(958)) - Added filter static_user_filter (class=org.apache.hadoop.http.lib.StaticUserWebFilter$StaticUserFilter) to context logs
2019-09-26 10:50:40,426 [Thread-1077] INFO  http.HttpServer2 (HttpServer2.java:addFilter(958)) - Added filter static_user_filter (class=org.apache.hadoop.http.lib.StaticUserWebFilter$StaticUserFilter) to context static
2019-09-26 10:50:40,427 [Thread-1077] INFO  http.HttpServer2 (HttpServer2.java:bindListener(1191)) - Jetty bound to port 43131
2019-09-26 10:50:40,427 [Thread-1077] INFO  server.Server (Server.java:doStart(351)) - jetty-9.3.25.v20180904, build timestamp: 2018-09-04T21:11:46Z, git hash: 3ce520221d0240229c862b122d2b06c12a625732
2019-09-26 10:50:40,429 [Thread-1077] INFO  handler.ContextHandler (ContextHandler.java:doStart(781)) - Started o.e.j.s.ServletContextHandler@4d6888ba{/logs,file:///workdir/hadoop-ozone/ozonefs/target/log,AVAILABLE}
2019-09-26 10:50:40,429 [Thread-1077] INFO  handler.ContextHandler (ContextHandler.java:doStart(781)) - Started o.e.j.s.ServletContextHandler@33b2933c{/static,jar:file:/home/user/.m2/repository/org/apache/hadoop/hadoop-hdds-container-service/0.5.0-SNAPSHOT/hadoop-hdds-container-service-0.5.0-SNAPSHOT.jar!/webapps/static,AVAILABLE}
2019-09-26 10:50:40,457 [Thread-1077] INFO  handler.ContextHandler (ContextHandler.java:doStart(781)) - Started o.e.j.w.WebAppContext@13971065{/,file:///tmp/jetty-0.0.0.0-43131-hddsDatanode-_-any-1416104968468219943.dir/webapp/,AVAILABLE}{/hddsDatanode}
2019-09-26 10:50:40,458 [Thread-1077] INFO  server.AbstractConnector (AbstractConnector.java:doStart(278)) - Started ServerConnector@50fe4319{HTTP/1.1,[http/1.1]}{0.0.0.0:43131}
2019-09-26 10:50:40,459 [Thread-1077] INFO  server.Server (Server.java:doStart(419)) - Started @75101ms
2019-09-26 10:50:40,459 [Thread-1077] WARN  impl.MetricsSystemImpl (MetricsSystemImpl.java:register(276)) - Sink prometheus already exists!
2019-09-26 10:50:40,460 [Thread-1077] INFO  server.BaseHttpServer (BaseHttpServer.java:updateConnectorAddress(215)) - HTTP server of HDDSDATANODE is listening at http://0.0.0.0:43131
2019-09-26 10:50:40,460 [Thread-1077] INFO  impl.MetricsSystemImpl (MetricsSystemImpl.java:init(158)) - HddsDatanode metrics system started (again)
2019-09-26 10:50:40,464 [org.apache.hadoop.util.JvmPauseMonitor$Monitor@651626ad] INFO  util.JvmPauseMonitor (JvmPauseMonitor.java:run(188)) - Starting JVM pause monitor
2019-09-26 10:50:40,465 [Thread-1077] INFO  ozone.HddsDatanodeService (HddsDatanodeService.java:start(184)) - HddsDatanodeService host:pr-hdds-1569-wvzgm-824869521 ip:192.168.30.13
2019-09-26 10:50:40,467 [Datanode State Machine Thread - 0] INFO  datanode.InitDatanodeState (InitDatanodeState.java:persistContainerDatanodeDetails(140)) - DatanodeDetails is persisted to /workdir/hadoop-ozone/ozonefs/target/test-dir/MiniOzoneClusterImpl-99c4f40c-1efe-4b17-8303-d48b923188ee/datanode-1/meta/datanode.id
2019-09-26 10:50:40,478 [Thread-1077] INFO  volume.HddsVolume (HddsVolume.java:<init>(176)) - Creating Volume: /workdir/hadoop-ozone/ozonefs/target/test-dir/MiniOzoneClusterImpl-99c4f40c-1efe-4b17-8303-d48b923188ee/datanode-2/data/containers/hdds of  storage type : DISK and capacity : 1482555576320
2019-09-26 10:50:40,479 [Thread-1077] INFO  volume.VolumeSet (VolumeSet.java:initializeVolumeSet(170)) - Added Volume : /workdir/hadoop-ozone/ozonefs/target/test-dir/MiniOzoneClusterImpl-99c4f40c-1efe-4b17-8303-d48b923188ee/datanode-2/data/containers/hdds to VolumeSet
2019-09-26 10:50:40,479 [Thread-1077] INFO  volume.ThrottledAsyncChecker (ThrottledAsyncChecker.java:schedule(139)) - Scheduling a check for org.apache.hadoop.ozone.container.common.volume.HddsVolume@5ef1a3c
2019-09-26 10:50:40,479 [Thread-1077] INFO  volume.HddsVolumeChecker (HddsVolumeChecker.java:checkAllVolumes(202)) - Scheduled health check for volume org.apache.hadoop.ozone.container.common.volume.HddsVolume@5ef1a3c
2019-09-26 10:50:40,503 [Thread-1077] INFO  impl.RaftServerProxy (ConfUtils.java:logGet(43)) - raft.rpc.type = GRPC (default)
2019-09-26 10:50:40,503 [Thread-1077] INFO  grpc.GrpcFactory (GrpcFactory.java:checkPooledByteBufAllocatorUseCacheForAllThreads(45)) - PERFORMANCE WARNING: useCacheForAllThreads is true that may cause Netty to create a lot garbage objects and, as a result, trigger GC.
	It is recommended to disable useCacheForAllThreads by setting -Dorg.apache.ratis.thirdparty.io.netty.allocator.useCacheForAllThreads=false in command line.
2019-09-26 10:50:40,503 [Thread-1077] INFO  grpc.GrpcConfigKeys$Server (ConfUtils.java:logGet(43)) - raft.grpc.server.port = 0 (default)
2019-09-26 10:50:40,503 [Thread-1077] INFO  server.GrpcService (ConfUtils.java:logGet(43)) - raft.grpc.message.size.max = 33570816 (custom)
2019-09-26 10:50:40,504 [Thread-1077] INFO  server.RaftServerConfigKeys (ConfUtils.java:logGet(43)) - raft.server.log.appender.buffer.byte-limit = 33554432 (custom)
2019-09-26 10:50:40,504 [Thread-1077] INFO  server.GrpcService (ConfUtils.java:logGet(43)) - raft.grpc.flow.control.window = 1MB (=1048576) (default)
2019-09-26 10:50:40,504 [Thread-1077] INFO  server.RaftServerConfigKeys (ConfUtils.java:logGet(43)) - raft.server.rpc.request.timeout = 3000ms (default)
2019-09-26 10:50:40,504 [Thread-1077] INFO  server.RaftServerConfigKeys (ConfUtils.java:logGet(43)) - raft.server.storage.dir = [/workdir/hadoop-ozone/ozonefs/target/test-dir/MiniOzoneClusterImpl-99c4f40c-1efe-4b17-8303-d48b923188ee/datanode-2/data/ratis] (custom)
2019-09-26 10:50:40,506 [Thread-1077] INFO  hdfs.DFSUtil (DFSUtil.java:httpServerTemplateForNNAndJN(1641)) - Starting Web-server for hddsDatanode at: http://0.0.0.0:0
2019-09-26 10:50:40,507 [Thread-1077] INFO  server.AuthenticationFilter (AuthenticationFilter.java:constructSecretProvider(240)) - Unable to initialize FileSignerSecretProvider, falling back to use random secrets.
2019-09-26 10:50:40,508 [Thread-1077] WARN  http.HttpRequestLog (HttpRequestLog.java:getRequestLog(97)) - Jetty request log can only be enabled using Log4j
2019-09-26 10:50:40,510 [Thread-1077] INFO  http.HttpServer2 (HttpServer2.java:addGlobalFilter(975)) - Added global filter 'safety' (class=org.apache.hadoop.http.HttpServer2$QuotingInputFilter)
2019-09-26 10:50:40,510 [Thread-1077] INFO  http.HttpServer2 (HttpServer2.java:addFilter(948)) - Added filter static_user_filter (class=org.apache.hadoop.http.lib.StaticUserWebFilter$StaticUserFilter) to context hddsDatanode
2019-09-26 10:50:40,511 [Thread-1077] INFO  http.HttpServer2 (HttpServer2.java:addFilter(958)) - Added filter static_user_filter (class=org.apache.hadoop.http.lib.StaticUserWebFilter$StaticUserFilter) to context static
2019-09-26 10:50:40,511 [Thread-1077] INFO  http.HttpServer2 (HttpServer2.java:addFilter(958)) - Added filter static_user_filter (class=org.apache.hadoop.http.lib.StaticUserWebFilter$StaticUserFilter) to context logs
2019-09-26 10:50:40,511 [Thread-1077] INFO  http.HttpServer2 (HttpServer2.java:bindListener(1191)) - Jetty bound to port 41669
2019-09-26 10:50:40,512 [Thread-1077] INFO  server.Server (Server.java:doStart(351)) - jetty-9.3.25.v20180904, build timestamp: 2018-09-04T21:11:46Z, git hash: 3ce520221d0240229c862b122d2b06c12a625732
2019-09-26 10:50:40,513 [Thread-1077] INFO  handler.ContextHandler (ContextHandler.java:doStart(781)) - Started o.e.j.s.ServletContextHandler@460c0156{/logs,file:///workdir/hadoop-ozone/ozonefs/target/log,AVAILABLE}
2019-09-26 10:50:40,514 [Thread-1077] INFO  handler.ContextHandler (ContextHandler.java:doStart(781)) - Started o.e.j.s.ServletContextHandler@18502e0{/static,jar:file:/home/user/.m2/repository/org/apache/hadoop/hadoop-hdds-container-service/0.5.0-SNAPSHOT/hadoop-hdds-container-service-0.5.0-SNAPSHOT.jar!/webapps/static,AVAILABLE}
2019-09-26 10:50:40,549 [Thread-1077] INFO  handler.ContextHandler (ContextHandler.java:doStart(781)) - Started o.e.j.w.WebAppContext@24cfbe04{/,file:///tmp/jetty-0.0.0.0-41669-hddsDatanode-_-any-8712056873283239021.dir/webapp/,AVAILABLE}{/hddsDatanode}
2019-09-26 10:50:40,550 [Thread-1077] INFO  server.AbstractConnector (AbstractConnector.java:doStart(278)) - Started ServerConnector@7f57abb0{HTTP/1.1,[http/1.1]}{0.0.0.0:41669}
2019-09-26 10:50:40,552 [Thread-1077] INFO  server.Server (Server.java:doStart(419)) - Started @75193ms
2019-09-26 10:50:40,552 [Thread-1077] WARN  impl.MetricsSystemImpl (MetricsSystemImpl.java:register(276)) - Sink prometheus already exists!
2019-09-26 10:50:40,553 [Thread-1077] INFO  server.BaseHttpServer (BaseHttpServer.java:updateConnectorAddress(215)) - HTTP server of HDDSDATANODE is listening at http://0.0.0.0:41669
2019-09-26 10:50:40,553 [Thread-1077] INFO  ozone.MiniOzoneClusterImpl (MiniOzoneClusterImpl.java:lambda$waitForClusterToBeReady$0(147)) - Waiting for cluster to be ready. Got 0 of 3 DN Heartbeats.
2019-09-26 10:50:40,554 [org.apache.hadoop.util.JvmPauseMonitor$Monitor@24333d2b] INFO  util.JvmPauseMonitor (JvmPauseMonitor.java:run(188)) - Starting JVM pause monitor
2019-09-26 10:50:40,556 [Datanode State Machine Thread - 0] INFO  datanode.InitDatanodeState (InitDatanodeState.java:persistContainerDatanodeDetails(140)) - DatanodeDetails is persisted to /workdir/hadoop-ozone/ozonefs/target/test-dir/MiniOzoneClusterImpl-99c4f40c-1efe-4b17-8303-d48b923188ee/datanode-2/meta/datanode.id
2019-09-26 10:50:41,553 [Thread-1077] INFO  ozone.MiniOzoneClusterImpl (MiniOzoneClusterImpl.java:lambda$waitForClusterToBeReady$0(147)) - Waiting for cluster to be ready. Got 0 of 3 DN Heartbeats.
2019-09-26 10:50:42,409 [Datanode State Machine Thread - 0] INFO  ozoneimpl.OzoneContainer (OzoneContainer.java:start(217)) - Attempting to start container services.
2019-09-26 10:50:42,409 [Datanode State Machine Thread - 0] INFO  ozoneimpl.OzoneContainer (OzoneContainer.java:startContainerScrub(179)) - Background container scanner has been disabled.
2019-09-26 10:50:42,410 [Datanode State Machine Thread - 0] INFO  ratis.XceiverServerRatis (XceiverServerRatis.java:start(411)) - Starting XceiverServerRatis 748f10d8-f7b1-4cbf-afbb-a313ec1e9bbc at port 0
2019-09-26 10:50:42,417 [Datanode State Machine Thread - 0] INFO  impl.RaftServerProxy (RaftServerProxy.java:lambda$start$3(299)) - 748f10d8-f7b1-4cbf-afbb-a313ec1e9bbc: start RPC server
2019-09-26 10:50:42,422 [Datanode State Machine Thread - 0] INFO  server.GrpcService (GrpcService.java:startImpl(158)) - 748f10d8-f7b1-4cbf-afbb-a313ec1e9bbc: GrpcService started, listening on 0.0.0.0/0.0.0.0:45663
2019-09-26 10:50:42,423 [Datanode State Machine Thread - 0] INFO  ratis.XceiverServerRatis (XceiverServerRatis.java:start(421)) - XceiverServerRatis 748f10d8-f7b1-4cbf-afbb-a313ec1e9bbc is started using port 45663
2019-09-26 10:50:42,423 [Datanode State Machine Thread - 0] INFO  server.XceiverServerGrpc (XceiverServerGrpc.java:start(149)) - XceiverServerGrpc 748f10d8-f7b1-4cbf-afbb-a313ec1e9bbc is started using port 45024
2019-09-26 10:50:42,481 [Datanode State Machine Thread - 0] INFO  ozoneimpl.OzoneContainer (OzoneContainer.java:start(217)) - Attempting to start container services.
2019-09-26 10:50:42,482 [Datanode State Machine Thread - 0] INFO  ozoneimpl.OzoneContainer (OzoneContainer.java:startContainerScrub(179)) - Background container scanner has been disabled.
2019-09-26 10:50:42,482 [Datanode State Machine Thread - 0] INFO  ratis.XceiverServerRatis (XceiverServerRatis.java:start(411)) - Starting XceiverServerRatis 1c5c8622-0ed3-4a62-999f-f7d88c498e79 at port 0
2019-09-26 10:50:42,489 [Datanode State Machine Thread - 0] INFO  impl.RaftServerProxy (RaftServerProxy.java:lambda$start$3(299)) - 1c5c8622-0ed3-4a62-999f-f7d88c498e79: start RPC server
2019-09-26 10:50:42,490 [Datanode State Machine Thread - 0] INFO  server.GrpcService (GrpcService.java:startImpl(158)) - 1c5c8622-0ed3-4a62-999f-f7d88c498e79: GrpcService started, listening on 0.0.0.0/0.0.0.0:40111
2019-09-26 10:50:42,490 [Datanode State Machine Thread - 0] INFO  ratis.XceiverServerRatis (XceiverServerRatis.java:start(421)) - XceiverServerRatis 1c5c8622-0ed3-4a62-999f-f7d88c498e79 is started using port 40111
2019-09-26 10:50:42,491 [Datanode State Machine Thread - 0] INFO  server.XceiverServerGrpc (XceiverServerGrpc.java:start(149)) - XceiverServerGrpc 1c5c8622-0ed3-4a62-999f-f7d88c498e79 is started using port 40503
2019-09-26 10:50:42,554 [Thread-1077] INFO  ozone.MiniOzoneClusterImpl (MiniOzoneClusterImpl.java:lambda$waitForClusterToBeReady$0(147)) - Waiting for cluster to be ready. Got 0 of 3 DN Heartbeats.
2019-09-26 10:50:42,569 [Datanode State Machine Thread - 0] INFO  ozoneimpl.OzoneContainer (OzoneContainer.java:start(217)) - Attempting to start container services.
2019-09-26 10:50:42,569 [Datanode State Machine Thread - 0] INFO  ozoneimpl.OzoneContainer (OzoneContainer.java:startContainerScrub(179)) - Background container scanner has been disabled.
2019-09-26 10:50:42,569 [Datanode State Machine Thread - 0] INFO  ratis.XceiverServerRatis (XceiverServerRatis.java:start(411)) - Starting XceiverServerRatis 6e58f488-afe0-40d3-b73f-51cd36198913 at port 0
2019-09-26 10:50:42,576 [Datanode State Machine Thread - 0] INFO  impl.RaftServerProxy (RaftServerProxy.java:lambda$start$3(299)) - 6e58f488-afe0-40d3-b73f-51cd36198913: start RPC server
2019-09-26 10:50:42,577 [Datanode State Machine Thread - 0] INFO  server.GrpcService (GrpcService.java:startImpl(158)) - 6e58f488-afe0-40d3-b73f-51cd36198913: GrpcService started, listening on 0.0.0.0/0.0.0.0:42251
2019-09-26 10:50:42,577 [Datanode State Machine Thread - 0] INFO  ratis.XceiverServerRatis (XceiverServerRatis.java:start(421)) - XceiverServerRatis 6e58f488-afe0-40d3-b73f-51cd36198913 is started using port 42251
2019-09-26 10:50:42,578 [Datanode State Machine Thread - 0] INFO  server.XceiverServerGrpc (XceiverServerGrpc.java:start(149)) - XceiverServerGrpc 6e58f488-afe0-40d3-b73f-51cd36198913 is started using port 39288
2019-09-26 10:50:43,554 [Thread-1077] INFO  ozone.MiniOzoneClusterImpl (MiniOzoneClusterImpl.java:lambda$waitForClusterToBeReady$0(147)) - Waiting for cluster to be ready. Got 0 of 3 DN Heartbeats.
2019-09-26 10:50:44,388 [IPC Server handler 1 on 42053] INFO  net.NetworkTopology (NetworkTopologyImpl.java:add(111)) - Added a new node: /default-rack/748f10d8-f7b1-4cbf-afbb-a313ec1e9bbc
2019-09-26 10:50:44,390 [IPC Server handler 1 on 42053] INFO  node.SCMNodeManager (SCMNodeManager.java:register(266)) - Registered Data node : 748f10d8-f7b1-4cbf-afbb-a313ec1e9bbc{ip: 192.168.30.13, host: pr-hdds-1569-wvzgm-824869521, networkLocation: /default-rack, certSerialId: null}
2019-09-26 10:50:44,391 [EventQueue-NodeRegistrationContainerReportForDataNodeSafeModeRule] INFO  safemode.SCMSafeModeManager (DataNodeSafeModeRule.java:process(71)) - SCM in safe mode. 1 DataNodes registered, 1 required.
2019-09-26 10:50:44,393 [EventQueue-NodeRegistrationContainerReportForDataNodeSafeModeRule] INFO  safemode.SCMSafeModeManager (SCMSafeModeManager.java:validateSafeModeExitRules(177)) - ScmSafeModeManager, all rules are successfully validated
2019-09-26 10:50:44,393 [EventQueue-NodeRegistrationContainerReportForDataNodeSafeModeRule] INFO  safemode.SCMSafeModeManager (SCMSafeModeManager.java:exitSafeMode(193)) - SCM exiting safe mode.
2019-09-26 10:50:44,409 [grpc-default-executor-0] INFO  impl.RaftServerProxy (RaftServerProxy.java:addNew(89)) - 748f10d8-f7b1-4cbf-afbb-a313ec1e9bbc: addNew group-7E13C93EA25C:[748f10d8-f7b1-4cbf-afbb-a313ec1e9bbc:192.168.30.13:45663] returns group-7E13C93EA25C:java.util.concurrent.CompletableFuture@75f4b629[Not completed]
2019-09-26 10:50:44,410 [pool-227-thread-1] INFO  impl.RaftServerImpl (RaftServerImpl.java:<init>(95)) - 748f10d8-f7b1-4cbf-afbb-a313ec1e9bbc: new RaftServerImpl for group-7E13C93EA25C:[748f10d8-f7b1-4cbf-afbb-a313ec1e9bbc:192.168.30.13:45663] with ContainerStateMachine:uninitialized
2019-09-26 10:50:44,410 [pool-227-thread-1] INFO  server.RaftServerConfigKeys (ConfUtils.java:logGet(43)) - raft.server.rpc.timeout.min = 5s (custom)
2019-09-26 10:50:44,411 [pool-227-thread-1] INFO  server.RaftServerConfigKeys (ConfUtils.java:logGet(43)) - raft.server.rpc.timeout.max = 5200ms (custom)
2019-09-26 10:50:44,411 [pool-227-thread-1] INFO  server.RaftServerConfigKeys (ConfUtils.java:logGet(43)) - raft.server.rpcslowness.timeout = 120s (custom)
2019-09-26 10:50:44,411 [pool-227-thread-1] INFO  server.RaftServerConfigKeys (ConfUtils.java:logGet(43)) - raft.server.sleep.deviation.threshold = 300 (default)
2019-09-26 10:50:44,411 [pool-227-thread-1] INFO  server.RaftServerConfigKeys (ConfUtils.java:logGet(43)) - raft.server.log.appender.install.snapshot.enabled = false (custom)
2019-09-26 10:50:44,411 [pool-227-thread-1] INFO  impl.RaftServerImpl (ServerState.java:<init>(103)) - 748f10d8-f7b1-4cbf-afbb-a313ec1e9bbc@group-7E13C93EA25C: ConfigurationManager, init=-1: [748f10d8-f7b1-4cbf-afbb-a313ec1e9bbc:192.168.30.13:45663], old=null, confs=<EMPTY_MAP>
2019-09-26 10:50:44,411 [pool-227-thread-1] INFO  server.RaftServerConfigKeys (ConfUtils.java:logGet(43)) - raft.server.storage.dir = [/workdir/hadoop-ozone/ozonefs/target/test-dir/MiniOzoneClusterImpl-99c4f40c-1efe-4b17-8303-d48b923188ee/datanode-0/data/ratis] (custom)
2019-09-26 10:50:44,412 [pool-227-thread-1] INFO  storage.RaftStorageDirectory (RaftStorageDirectory.java:analyzeStorage(246)) - The storage directory /workdir/hadoop-ozone/ozonefs/target/test-dir/MiniOzoneClusterImpl-99c4f40c-1efe-4b17-8303-d48b923188ee/datanode-0/data/ratis/85ee4df2-d147-4299-bfb8-7e13c93ea25c does not exist. Creating ...
2019-09-26 10:50:44,451 [pool-227-thread-1] INFO  storage.RaftStorageDirectory (RaftStorageDirectory.java:tryLock(328)) - Lock on /workdir/hadoop-ozone/ozonefs/target/test-dir/MiniOzoneClusterImpl-99c4f40c-1efe-4b17-8303-d48b923188ee/datanode-0/data/ratis/85ee4df2-d147-4299-bfb8-7e13c93ea25c/in_use.lock acquired by nodename 25633@pr-hdds-1569-wvzgm-824869521
2019-09-26 10:50:44,465 [pool-227-thread-1] INFO  storage.RaftStorage (RaftStorage.java:format(72)) - Storage directory /workdir/hadoop-ozone/ozonefs/target/test-dir/MiniOzoneClusterImpl-99c4f40c-1efe-4b17-8303-d48b923188ee/datanode-0/data/ratis/85ee4df2-d147-4299-bfb8-7e13c93ea25c has been successfully formatted.
2019-09-26 10:50:44,465 [pool-227-thread-1] INFO  ratis.ContainerStateMachine (ContainerStateMachine.java:loadSnapshot(230)) - group-7E13C93EA25C: The snapshot info is null. Setting the last applied indexto:(t:0, i:~)
2019-09-26 10:50:44,465 [pool-227-thread-1] INFO  server.RaftServerConfigKeys (ConfUtils.java:logGet(43)) - raft.server.notification.no-leader.timeout = 120s (custom)
2019-09-26 10:50:44,465 [pool-227-thread-1] INFO  server.RaftServerConfigKeys (ConfUtils.java:logGet(43)) - raft.server.log.use.memory = false (default)
2019-09-26 10:50:44,466 [pool-227-thread-1] INFO  server.RaftServerConfigKeys (ConfUtils.java:logGet(43)) - raft.server.log.purge.gap = 1000000 (custom)
2019-09-26 10:50:44,466 [pool-227-thread-1] INFO  server.RaftServerConfigKeys (ConfUtils.java:logGet(43)) - raft.server.log.appender.buffer.byte-limit = 33554432 (custom)
2019-09-26 10:50:44,466 [pool-227-thread-1] INFO  server.RaftServerConfigKeys (ConfUtils.java:logGet(43)) - raft.server.log.segment.size.max = 1048576 (custom)
2019-09-26 10:50:44,466 [pool-227-thread-1] INFO  server.RaftServerConfigKeys (ConfUtils.java:logGet(43)) - raft.server.log.segment.cache.num.max = 2 (custom)
2019-09-26 10:50:44,466 [pool-227-thread-1] INFO  segmented.SegmentedRaftLogWorker (SegmentedRaftLogWorker.java:<init>(172)) - new 748f10d8-f7b1-4cbf-afbb-a313ec1e9bbc@group-7E13C93EA25C-SegmentedRaftLogWorker for RaftStorage:Storage Directory /workdir/hadoop-ozone/ozonefs/target/test-dir/MiniOzoneClusterImpl-99c4f40c-1efe-4b17-8303-d48b923188ee/datanode-0/data/ratis/85ee4df2-d147-4299-bfb8-7e13c93ea25c
2019-09-26 10:50:44,467 [IPC Server handler 3 on 42053] INFO  net.NetworkTopology (NetworkTopologyImpl.java:add(111)) - Added a new node: /default-rack/1c5c8622-0ed3-4a62-999f-f7d88c498e79
2019-09-26 10:50:44,467 [IPC Server handler 3 on 42053] INFO  node.SCMNodeManager (SCMNodeManager.java:register(266)) - Registered Data node : 1c5c8622-0ed3-4a62-999f-f7d88c498e79{ip: 192.168.30.13, host: pr-hdds-1569-wvzgm-824869521, networkLocation: /default-rack, certSerialId: null}
2019-09-26 10:50:44,469 [pool-227-thread-1] INFO  server.RaftServerConfigKeys (ConfUtils.java:logGet(43)) - raft.server.log.queue.byte-limit = 2147483647 (custom)
2019-09-26 10:50:44,469 [pool-227-thread-1] INFO  server.RaftServerConfigKeys (ConfUtils.java:logGet(43)) - raft.server.log.queue.element-limit = 1024 (custom)
2019-09-26 10:50:44,469 [pool-227-thread-1] INFO  server.RaftServerConfigKeys (ConfUtils.java:logGet(43)) - raft.server.log.segment.size.max = 1048576 (custom)
2019-09-26 10:50:44,469 [pool-227-thread-1] INFO  server.RaftServerConfigKeys (ConfUtils.java:logGet(43)) - raft.server.log.preallocated.size = 16384 (custom)
2019-09-26 10:50:44,470 [pool-227-thread-1] INFO  server.RaftServerConfigKeys (ConfUtils.java:logGet(43)) - raft.server.log.write.buffer.size = 33554432 (custom)
2019-09-26 10:50:44,470 [pool-227-thread-1] INFO  server.RaftServerConfigKeys (ConfUtils.java:logGet(43)) - raft.server.log.force.sync.num = 128 (default)
2019-09-26 10:50:44,470 [pool-227-thread-1] INFO  server.RaftServerConfigKeys (ConfUtils.java:logGet(43)) - raft.server.log.statemachine.data.sync = true (default)
2019-09-26 10:50:44,470 [pool-227-thread-1] INFO  server.RaftServerConfigKeys (ConfUtils.java:logGet(43)) - raft.server.log.statemachine.data.sync.timeout = 10s (default)
2019-09-26 10:50:44,470 [pool-227-thread-1] INFO  server.RaftServerConfigKeys (ConfUtils.java:logGet(43)) - raft.server.log.statemachine.data.sync.timeout.retry = -1 (default)
2019-09-26 10:50:44,471 [pool-227-thread-1] INFO  server.RaftServerConfigKeys (ConfUtils.java:logGet(43)) - raft.server.log.statemachine.data.caching.enabled = true (custom)
2019-09-26 10:50:44,471 [pool-227-thread-1] INFO  segmented.SegmentedRaftLogWorker (SegmentedRaftLogWorker.java:lambda$new$0(132)) - 748f10d8-f7b1-4cbf-afbb-a313ec1e9bbc@group-7E13C93EA25C-SegmentedRaftLogWorker: flushIndex: setUnconditionally 0 -> -1
2019-09-26 10:50:44,472 [pool-227-thread-1] INFO  server.RaftServerConfigKeys (ConfUtils.java:logGet(43)) - raft.server.snapshot.auto.trigger.enabled = true (custom)
2019-09-26 10:50:44,472 [pool-227-thread-1] INFO  server.RaftServerConfigKeys (ConfUtils.java:logGet(43)) - raft.server.snapshot.auto.trigger.threshold = 10000 (custom)
2019-09-26 10:50:44,472 [pool-227-thread-1] INFO  server.RaftServerConfigKeys (ConfUtils.java:logGet(43)) - raft.server.snapshot.retention.num.files = 5 (custom)
2019-09-26 10:50:44,472 [pool-227-thread-1] INFO  server.RaftServerConfigKeys (ConfUtils.java:logGet(43)) - raft.server.retrycache.expirytime = 600000ms (custom)
2019-09-26 10:50:44,475 [pool-227-thread-1] INFO  impl.RaftServerImpl (RaftServerImpl.java:start(185)) - 748f10d8-f7b1-4cbf-afbb-a313ec1e9bbc@group-7E13C93EA25C: start as a follower, conf=-1: [748f10d8-f7b1-4cbf-afbb-a313ec1e9bbc:192.168.30.13:45663], old=null
2019-09-26 10:50:44,475 [pool-227-thread-1] INFO  impl.RaftServerImpl (RaftServerImpl.java:setRole(174)) - 748f10d8-f7b1-4cbf-afbb-a313ec1e9bbc@group-7E13C93EA25C: changes role from      null to FOLLOWER at term 0 for startAsFollower
2019-09-26 10:50:44,475 [pool-227-thread-1] INFO  impl.RoleInfo (RoleInfo.java:updateAndGet(143)) - 748f10d8-f7b1-4cbf-afbb-a313ec1e9bbc: start FollowerState
2019-09-26 10:50:44,476 [pool-227-thread-1] INFO  util.JmxRegister (JmxRegister.java:tryRegister(44)) - Successfully registered JMX Bean with object name Ratis:service=RaftServer,group=group-7E13C93EA25C,id=748f10d8-f7b1-4cbf-afbb-a313ec1e9bbc
2019-09-26 10:50:44,479 [RatisPipelineUtilsThread] INFO  pipeline.PipelineStateManager (PipelineStateManager.java:addPipeline(56)) - Created pipeline Pipeline[ Id: 85ee4df2-d147-4299-bfb8-7e13c93ea25c, Nodes: 748f10d8-f7b1-4cbf-afbb-a313ec1e9bbc{ip: 192.168.30.13, host: pr-hdds-1569-wvzgm-824869521, networkLocation: /default-rack, certSerialId: null}, Type:RATIS, Factor:ONE, State:OPEN]
2019-09-26 10:50:44,486 [grpc-default-executor-0] INFO  impl.RaftServerProxy (RaftServerProxy.java:addNew(89)) - 748f10d8-f7b1-4cbf-afbb-a313ec1e9bbc: addNew group-204CB144C10D:[748f10d8-f7b1-4cbf-afbb-a313ec1e9bbc:192.168.30.13:45663] returns group-204CB144C10D:java.util.concurrent.CompletableFuture@444bc064[Not completed]
2019-09-26 10:50:44,487 [pool-227-thread-1] INFO  impl.RaftServerImpl (RaftServerImpl.java:<init>(95)) - 748f10d8-f7b1-4cbf-afbb-a313ec1e9bbc: new RaftServerImpl for group-204CB144C10D:[748f10d8-f7b1-4cbf-afbb-a313ec1e9bbc:192.168.30.13:45663] with ContainerStateMachine:uninitialized
2019-09-26 10:50:44,487 [pool-227-thread-1] INFO  server.RaftServerConfigKeys (ConfUtils.java:logGet(43)) - raft.server.rpc.timeout.min = 5s (custom)
2019-09-26 10:50:44,487 [pool-227-thread-1] INFO  server.RaftServerConfigKeys (ConfUtils.java:logGet(43)) - raft.server.rpc.timeout.max = 5200ms (custom)
2019-09-26 10:50:44,487 [pool-227-thread-1] INFO  server.RaftServerConfigKeys (ConfUtils.java:logGet(43)) - raft.server.rpcslowness.timeout = 120s (custom)
2019-09-26 10:50:44,487 [pool-227-thread-1] INFO  server.RaftServerConfigKeys (ConfUtils.java:logGet(43)) - raft.server.sleep.deviation.threshold = 300 (default)
2019-09-26 10:50:44,488 [pool-227-thread-1] INFO  server.RaftServerConfigKeys (ConfUtils.java:logGet(43)) - raft.server.log.appender.install.snapshot.enabled = false (custom)
2019-09-26 10:50:44,488 [pool-227-thread-1] INFO  impl.RaftServerImpl (ServerState.java:<init>(103)) - 748f10d8-f7b1-4cbf-afbb-a313ec1e9bbc@group-204CB144C10D: ConfigurationManager, init=-1: [748f10d8-f7b1-4cbf-afbb-a313ec1e9bbc:192.168.30.13:45663], old=null, confs=<EMPTY_MAP>
2019-09-26 10:50:44,488 [pool-227-thread-1] INFO  server.RaftServerConfigKeys (ConfUtils.java:logGet(43)) - raft.server.storage.dir = [/workdir/hadoop-ozone/ozonefs/target/test-dir/MiniOzoneClusterImpl-99c4f40c-1efe-4b17-8303-d48b923188ee/datanode-0/data/ratis] (custom)
2019-09-26 10:50:44,488 [pool-227-thread-1] INFO  storage.RaftStorageDirectory (RaftStorageDirectory.java:analyzeStorage(246)) - The storage directory /workdir/hadoop-ozone/ozonefs/target/test-dir/MiniOzoneClusterImpl-99c4f40c-1efe-4b17-8303-d48b923188ee/datanode-0/data/ratis/3cf9e7b6-a33b-4de9-b1f0-204cb144c10d does not exist. Creating ...
2019-09-26 10:50:44,501 [pool-227-thread-1] INFO  storage.RaftStorageDirectory (RaftStorageDirectory.java:tryLock(328)) - Lock on /workdir/hadoop-ozone/ozonefs/target/test-dir/MiniOzoneClusterImpl-99c4f40c-1efe-4b17-8303-d48b923188ee/datanode-0/data/ratis/3cf9e7b6-a33b-4de9-b1f0-204cb144c10d/in_use.lock acquired by nodename 25633@pr-hdds-1569-wvzgm-824869521
2019-09-26 10:50:44,515 [pool-227-thread-1] INFO  storage.RaftStorage (RaftStorage.java:format(72)) - Storage directory /workdir/hadoop-ozone/ozonefs/target/test-dir/MiniOzoneClusterImpl-99c4f40c-1efe-4b17-8303-d48b923188ee/datanode-0/data/ratis/3cf9e7b6-a33b-4de9-b1f0-204cb144c10d has been successfully formatted.
2019-09-26 10:50:44,515 [pool-227-thread-1] INFO  ratis.ContainerStateMachine (ContainerStateMachine.java:loadSnapshot(230)) - group-204CB144C10D: The snapshot info is null. Setting the last applied indexto:(t:0, i:~)
2019-09-26 10:50:44,515 [pool-227-thread-1] INFO  server.RaftServerConfigKeys (ConfUtils.java:logGet(43)) - raft.server.notification.no-leader.timeout = 120s (custom)
2019-09-26 10:50:44,515 [pool-227-thread-1] INFO  server.RaftServerConfigKeys (ConfUtils.java:logGet(43)) - raft.server.log.use.memory = false (default)
2019-09-26 10:50:44,515 [pool-227-thread-1] INFO  server.RaftServerConfigKeys (ConfUtils.java:logGet(43)) - raft.server.log.purge.gap = 1000000 (custom)
2019-09-26 10:50:44,515 [pool-227-thread-1] INFO  server.RaftServerConfigKeys (ConfUtils.java:logGet(43)) - raft.server.log.appender.buffer.byte-limit = 33554432 (custom)
2019-09-26 10:50:44,516 [pool-227-thread-1] INFO  server.RaftServerConfigKeys (ConfUtils.java:logGet(43)) - raft.server.log.segment.size.max = 1048576 (custom)
2019-09-26 10:50:44,516 [pool-227-thread-1] INFO  server.RaftServerConfigKeys (ConfUtils.java:logGet(43)) - raft.server.log.segment.cache.num.max = 2 (custom)
2019-09-26 10:50:44,516 [pool-227-thread-1] INFO  segmented.SegmentedRaftLogWorker (SegmentedRaftLogWorker.java:<init>(172)) - new 748f10d8-f7b1-4cbf-afbb-a313ec1e9bbc@group-204CB144C10D-SegmentedRaftLogWorker for RaftStorage:Storage Directory /workdir/hadoop-ozone/ozonefs/target/test-dir/MiniOzoneClusterImpl-99c4f40c-1efe-4b17-8303-d48b923188ee/datanode-0/data/ratis/3cf9e7b6-a33b-4de9-b1f0-204cb144c10d
2019-09-26 10:50:44,516 [pool-227-thread-1] INFO  server.RaftServerConfigKeys (ConfUtils.java:logGet(43)) - raft.server.log.queue.byte-limit = 2147483647 (custom)
2019-09-26 10:50:44,516 [pool-227-thread-1] INFO  server.RaftServerConfigKeys (ConfUtils.java:logGet(43)) - raft.server.log.queue.element-limit = 1024 (custom)
2019-09-26 10:50:44,516 [pool-227-thread-1] INFO  server.RaftServerConfigKeys (ConfUtils.java:logGet(43)) - raft.server.log.segment.size.max = 1048576 (custom)
2019-09-26 10:50:44,516 [pool-227-thread-1] INFO  server.RaftServerConfigKeys (ConfUtils.java:logGet(43)) - raft.server.log.preallocated.size = 16384 (custom)
2019-09-26 10:50:44,517 [pool-227-thread-1] INFO  server.RaftServerConfigKeys (ConfUtils.java:logGet(43)) - raft.server.log.write.buffer.size = 33554432 (custom)
2019-09-26 10:50:44,517 [pool-227-thread-1] INFO  server.RaftServerConfigKeys (ConfUtils.java:logGet(43)) - raft.server.log.force.sync.num = 128 (default)
2019-09-26 10:50:44,517 [pool-227-thread-1] INFO  server.RaftServerConfigKeys (ConfUtils.java:logGet(43)) - raft.server.log.statemachine.data.sync = true (default)
2019-09-26 10:50:44,517 [pool-227-thread-1] INFO  server.RaftServerConfigKeys (ConfUtils.java:logGet(43)) - raft.server.log.statemachine.data.sync.timeout = 10s (default)
2019-09-26 10:50:44,517 [pool-227-thread-1] INFO  server.RaftServerConfigKeys (ConfUtils.java:logGet(43)) - raft.server.log.statemachine.data.sync.timeout.retry = -1 (default)
2019-09-26 10:50:44,517 [pool-227-thread-1] INFO  server.RaftServerConfigKeys (ConfUtils.java:logGet(43)) - raft.server.log.statemachine.data.caching.enabled = true (custom)
2019-09-26 10:50:44,518 [pool-227-thread-1] INFO  segmented.SegmentedRaftLogWorker (SegmentedRaftLogWorker.java:lambda$new$0(132)) - 748f10d8-f7b1-4cbf-afbb-a313ec1e9bbc@group-204CB144C10D-SegmentedRaftLogWorker: flushIndex: setUnconditionally 0 -> -1
2019-09-26 10:50:44,518 [pool-227-thread-1] INFO  server.RaftServerConfigKeys (ConfUtils.java:logGet(43)) - raft.server.snapshot.auto.trigger.enabled = true (custom)
2019-09-26 10:50:44,518 [pool-227-thread-1] INFO  server.RaftServerConfigKeys (ConfUtils.java:logGet(43)) - raft.server.snapshot.auto.trigger.threshold = 10000 (custom)
2019-09-26 10:50:44,518 [pool-227-thread-1] INFO  server.RaftServerConfigKeys (ConfUtils.java:logGet(43)) - raft.server.snapshot.retention.num.files = 5 (custom)
2019-09-26 10:50:44,518 [pool-227-thread-1] INFO  server.RaftServerConfigKeys (ConfUtils.java:logGet(43)) - raft.server.retrycache.expirytime = 600000ms (custom)
2019-09-26 10:50:44,520 [pool-227-thread-1] INFO  impl.RaftServerImpl (RaftServerImpl.java:start(185)) - 748f10d8-f7b1-4cbf-afbb-a313ec1e9bbc@group-204CB144C10D: start as a follower, conf=-1: [748f10d8-f7b1-4cbf-afbb-a313ec1e9bbc:192.168.30.13:45663], old=null
2019-09-26 10:50:44,520 [pool-227-thread-1] INFO  impl.RaftServerImpl (RaftServerImpl.java:setRole(174)) - 748f10d8-f7b1-4cbf-afbb-a313ec1e9bbc@group-204CB144C10D: changes role from      null to FOLLOWER at term 0 for startAsFollower
2019-09-26 10:50:44,520 [pool-227-thread-1] INFO  impl.RoleInfo (RoleInfo.java:updateAndGet(143)) - 748f10d8-f7b1-4cbf-afbb-a313ec1e9bbc: start FollowerState
2019-09-26 10:50:44,521 [pool-227-thread-1] INFO  util.JmxRegister (JmxRegister.java:tryRegister(44)) - Successfully registered JMX Bean with object name Ratis:service=RaftServer,group=group-204CB144C10D,id=748f10d8-f7b1-4cbf-afbb-a313ec1e9bbc
2019-09-26 10:50:44,523 [RatisPipelineUtilsThread] INFO  pipeline.PipelineStateManager (PipelineStateManager.java:addPipeline(56)) - Created pipeline Pipeline[ Id: 3cf9e7b6-a33b-4de9-b1f0-204cb144c10d, Nodes: 748f10d8-f7b1-4cbf-afbb-a313ec1e9bbc{ip: 192.168.30.13, host: pr-hdds-1569-wvzgm-824869521, networkLocation: /default-rack, certSerialId: null}, Type:RATIS, Factor:ONE, State:OPEN]
2019-09-26 10:50:44,529 [grpc-default-executor-0] INFO  impl.RaftServerProxy (RaftServerProxy.java:addNew(89)) - 748f10d8-f7b1-4cbf-afbb-a313ec1e9bbc: addNew group-8A4710DD8F25:[748f10d8-f7b1-4cbf-afbb-a313ec1e9bbc:192.168.30.13:45663] returns group-8A4710DD8F25:java.util.concurrent.CompletableFuture@15db4966[Not completed]
2019-09-26 10:50:44,531 [pool-227-thread-1] INFO  impl.RaftServerImpl (RaftServerImpl.java:<init>(95)) - 748f10d8-f7b1-4cbf-afbb-a313ec1e9bbc: new RaftServerImpl for group-8A4710DD8F25:[748f10d8-f7b1-4cbf-afbb-a313ec1e9bbc:192.168.30.13:45663] with ContainerStateMachine:uninitialized
2019-09-26 10:50:44,531 [pool-227-thread-1] INFO  server.RaftServerConfigKeys (ConfUtils.java:logGet(43)) - raft.server.rpc.timeout.min = 5s (custom)
2019-09-26 10:50:44,531 [pool-227-thread-1] INFO  server.RaftServerConfigKeys (ConfUtils.java:logGet(43)) - raft.server.rpc.timeout.max = 5200ms (custom)
2019-09-26 10:50:44,531 [pool-227-thread-1] INFO  server.RaftServerConfigKeys (ConfUtils.java:logGet(43)) - raft.server.rpcslowness.timeout = 120s (custom)
2019-09-26 10:50:44,531 [pool-227-thread-1] INFO  server.RaftServerConfigKeys (ConfUtils.java:logGet(43)) - raft.server.sleep.deviation.threshold = 300 (default)
2019-09-26 10:50:44,531 [pool-227-thread-1] INFO  server.RaftServerConfigKeys (ConfUtils.java:logGet(43)) - raft.server.log.appender.install.snapshot.enabled = false (custom)
2019-09-26 10:50:44,531 [pool-227-thread-1] INFO  impl.RaftServerImpl (ServerState.java:<init>(103)) - 748f10d8-f7b1-4cbf-afbb-a313ec1e9bbc@group-8A4710DD8F25: ConfigurationManager, init=-1: [748f10d8-f7b1-4cbf-afbb-a313ec1e9bbc:192.168.30.13:45663], old=null, confs=<EMPTY_MAP>
2019-09-26 10:50:44,532 [pool-227-thread-1] INFO  server.RaftServerConfigKeys (ConfUtils.java:logGet(43)) - raft.server.storage.dir = [/workdir/hadoop-ozone/ozonefs/target/test-dir/MiniOzoneClusterImpl-99c4f40c-1efe-4b17-8303-d48b923188ee/datanode-0/data/ratis] (custom)
2019-09-26 10:50:44,532 [pool-227-thread-1] INFO  storage.RaftStorageDirectory (RaftStorageDirectory.java:analyzeStorage(246)) - The storage directory /workdir/hadoop-ozone/ozonefs/target/test-dir/MiniOzoneClusterImpl-99c4f40c-1efe-4b17-8303-d48b923188ee/datanode-0/data/ratis/a39ad851-e6f4-46fc-a2b6-8a4710dd8f25 does not exist. Creating ...
2019-09-26 10:50:44,545 [pool-227-thread-1] INFO  storage.RaftStorageDirectory (RaftStorageDirectory.java:tryLock(328)) - Lock on /workdir/hadoop-ozone/ozonefs/target/test-dir/MiniOzoneClusterImpl-99c4f40c-1efe-4b17-8303-d48b923188ee/datanode-0/data/ratis/a39ad851-e6f4-46fc-a2b6-8a4710dd8f25/in_use.lock acquired by nodename 25633@pr-hdds-1569-wvzgm-824869521
2019-09-26 10:50:44,555 [Thread-1077] INFO  ozone.MiniOzoneClusterImpl (MiniOzoneClusterImpl.java:lambda$waitForClusterToBeReady$0(147)) - Waiting for cluster to be ready. Got 2 of 3 DN Heartbeats.
2019-09-26 10:50:44,556 [IPC Server handler 1 on 42053] INFO  net.NetworkTopology (NetworkTopologyImpl.java:add(111)) - Added a new node: /default-rack/6e58f488-afe0-40d3-b73f-51cd36198913
2019-09-26 10:50:44,556 [IPC Server handler 1 on 42053] INFO  node.SCMNodeManager (SCMNodeManager.java:register(266)) - Registered Data node : 6e58f488-afe0-40d3-b73f-51cd36198913{ip: 192.168.30.13, host: pr-hdds-1569-wvzgm-824869521, networkLocation: /default-rack, certSerialId: null}
2019-09-26 10:50:44,559 [pool-227-thread-1] INFO  storage.RaftStorage (RaftStorage.java:format(72)) - Storage directory /workdir/hadoop-ozone/ozonefs/target/test-dir/MiniOzoneClusterImpl-99c4f40c-1efe-4b17-8303-d48b923188ee/datanode-0/data/ratis/a39ad851-e6f4-46fc-a2b6-8a4710dd8f25 has been successfully formatted.
2019-09-26 10:50:44,560 [pool-227-thread-1] INFO  ratis.ContainerStateMachine (ContainerStateMachine.java:loadSnapshot(230)) - group-8A4710DD8F25: The snapshot info is null. Setting the last applied indexto:(t:0, i:~)
2019-09-26 10:50:44,560 [pool-227-thread-1] INFO  server.RaftServerConfigKeys (ConfUtils.java:logGet(43)) - raft.server.notification.no-leader.timeout = 120s (custom)
2019-09-26 10:50:44,560 [pool-227-thread-1] INFO  server.RaftServerConfigKeys (ConfUtils.java:logGet(43)) - raft.server.log.use.memory = false (default)
2019-09-26 10:50:44,560 [pool-227-thread-1] INFO  server.RaftServerConfigKeys (ConfUtils.java:logGet(43)) - raft.server.log.purge.gap = 1000000 (custom)
2019-09-26 10:50:44,560 [pool-227-thread-1] INFO  server.RaftServerConfigKeys (ConfUtils.java:logGet(43)) - raft.server.log.appender.buffer.byte-limit = 33554432 (custom)
2019-09-26 10:50:44,560 [pool-227-thread-1] INFO  server.RaftServerConfigKeys (ConfUtils.java:logGet(43)) - raft.server.log.segment.size.max = 1048576 (custom)
2019-09-26 10:50:44,561 [pool-227-thread-1] INFO  server.RaftServerConfigKeys (ConfUtils.java:logGet(43)) - raft.server.log.segment.cache.num.max = 2 (custom)
2019-09-26 10:50:44,561 [pool-227-thread-1] INFO  segmented.SegmentedRaftLogWorker (SegmentedRaftLogWorker.java:<init>(172)) - new 748f10d8-f7b1-4cbf-afbb-a313ec1e9bbc@group-8A4710DD8F25-SegmentedRaftLogWorker for RaftStorage:Storage Directory /workdir/hadoop-ozone/ozonefs/target/test-dir/MiniOzoneClusterImpl-99c4f40c-1efe-4b17-8303-d48b923188ee/datanode-0/data/ratis/a39ad851-e6f4-46fc-a2b6-8a4710dd8f25
2019-09-26 10:50:44,561 [pool-227-thread-1] INFO  server.RaftServerConfigKeys (ConfUtils.java:logGet(43)) - raft.server.log.queue.byte-limit = 2147483647 (custom)
2019-09-26 10:50:44,561 [pool-227-thread-1] INFO  server.RaftServerConfigKeys (ConfUtils.java:logGet(43)) - raft.server.log.queue.element-limit = 1024 (custom)
2019-09-26 10:50:44,561 [pool-227-thread-1] INFO  server.RaftServerConfigKeys (ConfUtils.java:logGet(43)) - raft.server.log.segment.size.max = 1048576 (custom)
2019-09-26 10:50:44,561 [pool-227-thread-1] INFO  server.RaftServerConfigKeys (ConfUtils.java:logGet(43)) - raft.server.log.preallocated.size = 16384 (custom)
2019-09-26 10:50:44,562 [pool-227-thread-1] INFO  server.RaftServerConfigKeys (ConfUtils.java:logGet(43)) - raft.server.log.write.buffer.size = 33554432 (custom)
2019-09-26 10:50:44,562 [pool-227-thread-1] INFO  server.RaftServerConfigKeys (ConfUtils.java:logGet(43)) - raft.server.log.force.sync.num = 128 (default)
2019-09-26 10:50:44,562 [pool-227-thread-1] INFO  server.RaftServerConfigKeys (ConfUtils.java:logGet(43)) - raft.server.log.statemachine.data.sync = true (default)
2019-09-26 10:50:44,562 [pool-227-thread-1] INFO  server.RaftServerConfigKeys (ConfUtils.java:logGet(43)) - raft.server.log.statemachine.data.sync.timeout = 10s (default)
2019-09-26 10:50:44,562 [pool-227-thread-1] INFO  server.RaftServerConfigKeys (ConfUtils.java:logGet(43)) - raft.server.log.statemachine.data.sync.timeout.retry = -1 (default)
2019-09-26 10:50:44,562 [pool-227-thread-1] INFO  server.RaftServerConfigKeys (ConfUtils.java:logGet(43)) - raft.server.log.statemachine.data.caching.enabled = true (custom)
2019-09-26 10:50:44,563 [pool-227-thread-1] INFO  segmented.SegmentedRaftLogWorker (SegmentedRaftLogWorker.java:lambda$new$0(132)) - 748f10d8-f7b1-4cbf-afbb-a313ec1e9bbc@group-8A4710DD8F25-SegmentedRaftLogWorker: flushIndex: setUnconditionally 0 -> -1
2019-09-26 10:50:44,563 [pool-227-thread-1] INFO  server.RaftServerConfigKeys (ConfUtils.java:logGet(43)) - raft.server.snapshot.auto.trigger.enabled = true (custom)
2019-09-26 10:50:44,563 [pool-227-thread-1] INFO  server.RaftServerConfigKeys (ConfUtils.java:logGet(43)) - raft.server.snapshot.auto.trigger.threshold = 10000 (custom)
2019-09-26 10:50:44,563 [pool-227-thread-1] INFO  server.RaftServerConfigKeys (ConfUtils.java:logGet(43)) - raft.server.snapshot.retention.num.files = 5 (custom)
2019-09-26 10:50:44,564 [pool-227-thread-1] INFO  server.RaftServerConfigKeys (ConfUtils.java:logGet(43)) - raft.server.retrycache.expirytime = 600000ms (custom)
2019-09-26 10:50:44,566 [pool-227-thread-1] INFO  impl.RaftServerImpl (RaftServerImpl.java:start(185)) - 748f10d8-f7b1-4cbf-afbb-a313ec1e9bbc@group-8A4710DD8F25: start as a follower, conf=-1: [748f10d8-f7b1-4cbf-afbb-a313ec1e9bbc:192.168.30.13:45663], old=null
2019-09-26 10:50:44,566 [pool-227-thread-1] INFO  impl.RaftServerImpl (RaftServerImpl.java:setRole(174)) - 748f10d8-f7b1-4cbf-afbb-a313ec1e9bbc@group-8A4710DD8F25: changes role from      null to FOLLOWER at term 0 for startAsFollower
2019-09-26 10:50:44,566 [pool-227-thread-1] INFO  impl.RoleInfo (RoleInfo.java:updateAndGet(143)) - 748f10d8-f7b1-4cbf-afbb-a313ec1e9bbc: start FollowerState
2019-09-26 10:50:44,567 [pool-227-thread-1] INFO  util.JmxRegister (JmxRegister.java:tryRegister(44)) - Successfully registered JMX Bean with object name Ratis:service=RaftServer,group=group-8A4710DD8F25,id=748f10d8-f7b1-4cbf-afbb-a313ec1e9bbc
2019-09-26 10:50:44,570 [RatisPipelineUtilsThread] INFO  pipeline.PipelineStateManager (PipelineStateManager.java:addPipeline(56)) - Created pipeline Pipeline[ Id: a39ad851-e6f4-46fc-a2b6-8a4710dd8f25, Nodes: 748f10d8-f7b1-4cbf-afbb-a313ec1e9bbc{ip: 192.168.30.13, host: pr-hdds-1569-wvzgm-824869521, networkLocation: /default-rack, certSerialId: null}, Type:RATIS, Factor:ONE, State:OPEN]
2019-09-26 10:50:44,577 [grpc-default-executor-0] INFO  impl.RaftServerProxy (RaftServerProxy.java:addNew(89)) - 1c5c8622-0ed3-4a62-999f-f7d88c498e79: addNew group-E91938D087FB:[1c5c8622-0ed3-4a62-999f-f7d88c498e79:192.168.30.13:40111] returns group-E91938D087FB:java.util.concurrent.CompletableFuture@5ecad2d2[Not completed]
2019-09-26 10:50:44,579 [pool-237-thread-1] INFO  impl.RaftServerImpl (RaftServerImpl.java:<init>(95)) - 1c5c8622-0ed3-4a62-999f-f7d88c498e79: new RaftServerImpl for group-E91938D087FB:[1c5c8622-0ed3-4a62-999f-f7d88c498e79:192.168.30.13:40111] with ContainerStateMachine:uninitialized
2019-09-26 10:50:44,579 [pool-237-thread-1] INFO  server.RaftServerConfigKeys (ConfUtils.java:logGet(43)) - raft.server.rpc.timeout.min = 5s (custom)
2019-09-26 10:50:44,579 [pool-237-thread-1] INFO  server.RaftServerConfigKeys (ConfUtils.java:logGet(43)) - raft.server.rpc.timeout.max = 5200ms (custom)
2019-09-26 10:50:44,579 [pool-237-thread-1] INFO  server.RaftServerConfigKeys (ConfUtils.java:logGet(43)) - raft.server.rpcslowness.timeout = 120s (custom)
2019-09-26 10:50:44,579 [pool-237-thread-1] INFO  server.RaftServerConfigKeys (ConfUtils.java:logGet(43)) - raft.server.sleep.deviation.threshold = 300 (default)
2019-09-26 10:50:44,579 [pool-237-thread-1] INFO  server.RaftServerConfigKeys (ConfUtils.java:logGet(43)) - raft.server.log.appender.install.snapshot.enabled = false (custom)
2019-09-26 10:50:44,580 [pool-237-thread-1] INFO  impl.RaftServerImpl (ServerState.java:<init>(103)) - 1c5c8622-0ed3-4a62-999f-f7d88c498e79@group-E91938D087FB: ConfigurationManager, init=-1: [1c5c8622-0ed3-4a62-999f-f7d88c498e79:192.168.30.13:40111], old=null, confs=<EMPTY_MAP>
2019-09-26 10:50:44,580 [pool-237-thread-1] INFO  server.RaftServerConfigKeys (ConfUtils.java:logGet(43)) - raft.server.storage.dir = [/workdir/hadoop-ozone/ozonefs/target/test-dir/MiniOzoneClusterImpl-99c4f40c-1efe-4b17-8303-d48b923188ee/datanode-1/data/ratis] (custom)
2019-09-26 10:50:44,580 [pool-237-thread-1] INFO  storage.RaftStorageDirectory (RaftStorageDirectory.java:analyzeStorage(246)) - The storage directory /workdir/hadoop-ozone/ozonefs/target/test-dir/MiniOzoneClusterImpl-99c4f40c-1efe-4b17-8303-d48b923188ee/datanode-1/data/ratis/4183ef33-2cfa-4541-b829-e91938d087fb does not exist. Creating ...
2019-09-26 10:50:44,593 [pool-237-thread-1] INFO  storage.RaftStorageDirectory (RaftStorageDirectory.java:tryLock(328)) - Lock on /workdir/hadoop-ozone/ozonefs/target/test-dir/MiniOzoneClusterImpl-99c4f40c-1efe-4b17-8303-d48b923188ee/datanode-1/data/ratis/4183ef33-2cfa-4541-b829-e91938d087fb/in_use.lock acquired by nodename 25633@pr-hdds-1569-wvzgm-824869521
2019-09-26 10:50:44,607 [pool-237-thread-1] INFO  storage.RaftStorage (RaftStorage.java:format(72)) - Storage directory /workdir/hadoop-ozone/ozonefs/target/test-dir/MiniOzoneClusterImpl-99c4f40c-1efe-4b17-8303-d48b923188ee/datanode-1/data/ratis/4183ef33-2cfa-4541-b829-e91938d087fb has been successfully formatted.
2019-09-26 10:50:44,607 [pool-237-thread-1] INFO  ratis.ContainerStateMachine (ContainerStateMachine.java:loadSnapshot(230)) - group-E91938D087FB: The snapshot info is null. Setting the last applied indexto:(t:0, i:~)
2019-09-26 10:50:44,607 [pool-237-thread-1] INFO  server.RaftServerConfigKeys (ConfUtils.java:logGet(43)) - raft.server.notification.no-leader.timeout = 120s (custom)
2019-09-26 10:50:44,607 [pool-237-thread-1] INFO  server.RaftServerConfigKeys (ConfUtils.java:logGet(43)) - raft.server.log.use.memory = false (default)
2019-09-26 10:50:44,608 [pool-237-thread-1] INFO  server.RaftServerConfigKeys (ConfUtils.java:logGet(43)) - raft.server.log.purge.gap = 1000000 (custom)
2019-09-26 10:50:44,608 [pool-237-thread-1] INFO  server.RaftServerConfigKeys (ConfUtils.java:logGet(43)) - raft.server.log.appender.buffer.byte-limit = 33554432 (custom)
2019-09-26 10:50:44,608 [pool-237-thread-1] INFO  server.RaftServerConfigKeys (ConfUtils.java:logGet(43)) - raft.server.log.segment.size.max = 1048576 (custom)
2019-09-26 10:50:44,608 [pool-237-thread-1] INFO  server.RaftServerConfigKeys (ConfUtils.java:logGet(43)) - raft.server.log.segment.cache.num.max = 2 (custom)
2019-09-26 10:50:44,608 [pool-237-thread-1] INFO  segmented.SegmentedRaftLogWorker (SegmentedRaftLogWorker.java:<init>(172)) - new 1c5c8622-0ed3-4a62-999f-f7d88c498e79@group-E91938D087FB-SegmentedRaftLogWorker for RaftStorage:Storage Directory /workdir/hadoop-ozone/ozonefs/target/test-dir/MiniOzoneClusterImpl-99c4f40c-1efe-4b17-8303-d48b923188ee/datanode-1/data/ratis/4183ef33-2cfa-4541-b829-e91938d087fb
2019-09-26 10:50:44,610 [pool-237-thread-1] INFO  server.RaftServerConfigKeys (ConfUtils.java:logGet(43)) - raft.server.log.queue.byte-limit = 2147483647 (custom)
2019-09-26 10:50:44,610 [pool-237-thread-1] INFO  server.RaftServerConfigKeys (ConfUtils.java:logGet(43)) - raft.server.log.queue.element-limit = 1024 (custom)
2019-09-26 10:50:44,611 [pool-237-thread-1] INFO  server.RaftServerConfigKeys (ConfUtils.java:logGet(43)) - raft.server.log.segment.size.max = 1048576 (custom)
2019-09-26 10:50:44,611 [pool-237-thread-1] INFO  server.RaftServerConfigKeys (ConfUtils.java:logGet(43)) - raft.server.log.preallocated.size = 16384 (custom)
2019-09-26 10:50:44,611 [pool-237-thread-1] INFO  server.RaftServerConfigKeys (ConfUtils.java:logGet(43)) - raft.server.log.write.buffer.size = 33554432 (custom)
2019-09-26 10:50:44,611 [pool-237-thread-1] INFO  server.RaftServerConfigKeys (ConfUtils.java:logGet(43)) - raft.server.log.force.sync.num = 128 (default)
2019-09-26 10:50:44,611 [pool-237-thread-1] INFO  server.RaftServerConfigKeys (ConfUtils.java:logGet(43)) - raft.server.log.statemachine.data.sync = true (default)
2019-09-26 10:50:44,612 [pool-237-thread-1] INFO  server.RaftServerConfigKeys (ConfUtils.java:logGet(43)) - raft.server.log.statemachine.data.sync.timeout = 10s (default)
2019-09-26 10:50:44,612 [pool-237-thread-1] INFO  server.RaftServerConfigKeys (ConfUtils.java:logGet(43)) - raft.server.log.statemachine.data.sync.timeout.retry = -1 (default)
2019-09-26 10:50:44,612 [pool-237-thread-1] INFO  server.RaftServerConfigKeys (ConfUtils.java:logGet(43)) - raft.server.log.statemachine.data.caching.enabled = true (custom)
2019-09-26 10:50:44,612 [pool-237-thread-1] INFO  segmented.SegmentedRaftLogWorker (SegmentedRaftLogWorker.java:lambda$new$0(132)) - 1c5c8622-0ed3-4a62-999f-f7d88c498e79@group-E91938D087FB-SegmentedRaftLogWorker: flushIndex: setUnconditionally 0 -> -1
2019-09-26 10:50:44,613 [pool-237-thread-1] INFO  server.RaftServerConfigKeys (ConfUtils.java:logGet(43)) - raft.server.snapshot.auto.trigger.enabled = true (custom)
2019-09-26 10:50:44,613 [pool-237-thread-1] INFO  server.RaftServerConfigKeys (ConfUtils.java:logGet(43)) - raft.server.snapshot.auto.trigger.threshold = 10000 (custom)
2019-09-26 10:50:44,613 [pool-237-thread-1] INFO  server.RaftServerConfigKeys (ConfUtils.java:logGet(43)) - raft.server.snapshot.retention.num.files = 5 (custom)
2019-09-26 10:50:44,613 [pool-237-thread-1] INFO  server.RaftServerConfigKeys (ConfUtils.java:logGet(43)) - raft.server.retrycache.expirytime = 600000ms (custom)
2019-09-26 10:50:44,615 [pool-237-thread-1] INFO  impl.RaftServerImpl (RaftServerImpl.java:start(185)) - 1c5c8622-0ed3-4a62-999f-f7d88c498e79@group-E91938D087FB: start as a follower, conf=-1: [1c5c8622-0ed3-4a62-999f-f7d88c498e79:192.168.30.13:40111], old=null
2019-09-26 10:50:44,616 [pool-237-thread-1] INFO  impl.RaftServerImpl (RaftServerImpl.java:setRole(174)) - 1c5c8622-0ed3-4a62-999f-f7d88c498e79@group-E91938D087FB: changes role from      null to FOLLOWER at term 0 for startAsFollower
2019-09-26 10:50:44,616 [pool-237-thread-1] INFO  impl.RoleInfo (RoleInfo.java:updateAndGet(143)) - 1c5c8622-0ed3-4a62-999f-f7d88c498e79: start FollowerState
2019-09-26 10:50:44,616 [pool-237-thread-1] INFO  util.JmxRegister (JmxRegister.java:tryRegister(44)) - Successfully registered JMX Bean with object name Ratis:service=RaftServer,group=group-E91938D087FB,id=1c5c8622-0ed3-4a62-999f-f7d88c498e79
2019-09-26 10:50:44,619 [RatisPipelineUtilsThread] INFO  pipeline.PipelineStateManager (PipelineStateManager.java:addPipeline(56)) - Created pipeline Pipeline[ Id: 4183ef33-2cfa-4541-b829-e91938d087fb, Nodes: 1c5c8622-0ed3-4a62-999f-f7d88c498e79{ip: 192.168.30.13, host: pr-hdds-1569-wvzgm-824869521, networkLocation: /default-rack, certSerialId: null}, Type:RATIS, Factor:ONE, State:OPEN]
2019-09-26 10:50:44,625 [grpc-default-executor-0] INFO  impl.RaftServerProxy (RaftServerProxy.java:addNew(89)) - 1c5c8622-0ed3-4a62-999f-f7d88c498e79: addNew group-1A5BE4E3A094:[1c5c8622-0ed3-4a62-999f-f7d88c498e79:192.168.30.13:40111] returns group-1A5BE4E3A094:java.util.concurrent.CompletableFuture@411cd625[Not completed]
2019-09-26 10:50:44,626 [pool-237-thread-1] INFO  impl.RaftServerImpl (RaftServerImpl.java:<init>(95)) - 1c5c8622-0ed3-4a62-999f-f7d88c498e79: new RaftServerImpl for group-1A5BE4E3A094:[1c5c8622-0ed3-4a62-999f-f7d88c498e79:192.168.30.13:40111] with ContainerStateMachine:uninitialized
2019-09-26 10:50:44,626 [pool-237-thread-1] INFO  server.RaftServerConfigKeys (ConfUtils.java:logGet(43)) - raft.server.rpc.timeout.min = 5s (custom)
2019-09-26 10:50:44,626 [pool-237-thread-1] INFO  server.RaftServerConfigKeys (ConfUtils.java:logGet(43)) - raft.server.rpc.timeout.max = 5200ms (custom)
2019-09-26 10:50:44,627 [pool-237-thread-1] INFO  server.RaftServerConfigKeys (ConfUtils.java:logGet(43)) - raft.server.rpcslowness.timeout = 120s (custom)
2019-09-26 10:50:44,627 [pool-237-thread-1] INFO  server.RaftServerConfigKeys (ConfUtils.java:logGet(43)) - raft.server.sleep.deviation.threshold = 300 (default)
2019-09-26 10:50:44,627 [pool-237-thread-1] INFO  server.RaftServerConfigKeys (ConfUtils.java:logGet(43)) - raft.server.log.appender.install.snapshot.enabled = false (custom)
2019-09-26 10:50:44,627 [pool-237-thread-1] INFO  impl.RaftServerImpl (ServerState.java:<init>(103)) - 1c5c8622-0ed3-4a62-999f-f7d88c498e79@group-1A5BE4E3A094: ConfigurationManager, init=-1: [1c5c8622-0ed3-4a62-999f-f7d88c498e79:192.168.30.13:40111], old=null, confs=<EMPTY_MAP>
2019-09-26 10:50:44,627 [pool-237-thread-1] INFO  server.RaftServerConfigKeys (ConfUtils.java:logGet(43)) - raft.server.storage.dir = [/workdir/hadoop-ozone/ozonefs/target/test-dir/MiniOzoneClusterImpl-99c4f40c-1efe-4b17-8303-d48b923188ee/datanode-1/data/ratis] (custom)
2019-09-26 10:50:44,628 [pool-237-thread-1] INFO  storage.RaftStorageDirectory (RaftStorageDirectory.java:analyzeStorage(246)) - The storage directory /workdir/hadoop-ozone/ozonefs/target/test-dir/MiniOzoneClusterImpl-99c4f40c-1efe-4b17-8303-d48b923188ee/datanode-1/data/ratis/811b8638-d5d8-4dfb-a5a4-1a5be4e3a094 does not exist. Creating ...
2019-09-26 10:50:44,640 [pool-237-thread-1] INFO  storage.RaftStorageDirectory (RaftStorageDirectory.java:tryLock(328)) - Lock on /workdir/hadoop-ozone/ozonefs/target/test-dir/MiniOzoneClusterImpl-99c4f40c-1efe-4b17-8303-d48b923188ee/datanode-1/data/ratis/811b8638-d5d8-4dfb-a5a4-1a5be4e3a094/in_use.lock acquired by nodename 25633@pr-hdds-1569-wvzgm-824869521
2019-09-26 10:50:44,644 [pool-237-thread-1] INFO  storage.RaftStorage (RaftStorage.java:format(72)) - Storage directory /workdir/hadoop-ozone/ozonefs/target/test-dir/MiniOzoneClusterImpl-99c4f40c-1efe-4b17-8303-d48b923188ee/datanode-1/data/ratis/811b8638-d5d8-4dfb-a5a4-1a5be4e3a094 has been successfully formatted.
2019-09-26 10:50:44,644 [pool-237-thread-1] INFO  ratis.ContainerStateMachine (ContainerStateMachine.java:loadSnapshot(230)) - group-1A5BE4E3A094: The snapshot info is null. Setting the last applied indexto:(t:0, i:~)
2019-09-26 10:50:44,644 [pool-237-thread-1] INFO  server.RaftServerConfigKeys (ConfUtils.java:logGet(43)) - raft.server.notification.no-leader.timeout = 120s (custom)
2019-09-26 10:50:44,644 [pool-237-thread-1] INFO  server.RaftServerConfigKeys (ConfUtils.java:logGet(43)) - raft.server.log.use.memory = false (default)
2019-09-26 10:50:44,644 [pool-237-thread-1] INFO  server.RaftServerConfigKeys (ConfUtils.java:logGet(43)) - raft.server.log.purge.gap = 1000000 (custom)
2019-09-26 10:50:44,645 [pool-237-thread-1] INFO  server.RaftServerConfigKeys (ConfUtils.java:logGet(43)) - raft.server.log.appender.buffer.byte-limit = 33554432 (custom)
2019-09-26 10:50:44,645 [pool-237-thread-1] INFO  server.RaftServerConfigKeys (ConfUtils.java:logGet(43)) - raft.server.log.segment.size.max = 1048576 (custom)
2019-09-26 10:50:44,645 [pool-237-thread-1] INFO  server.RaftServerConfigKeys (ConfUtils.java:logGet(43)) - raft.server.log.segment.cache.num.max = 2 (custom)
2019-09-26 10:50:44,645 [pool-237-thread-1] INFO  segmented.SegmentedRaftLogWorker (SegmentedRaftLogWorker.java:<init>(172)) - new 1c5c8622-0ed3-4a62-999f-f7d88c498e79@group-1A5BE4E3A094-SegmentedRaftLogWorker for RaftStorage:Storage Directory /workdir/hadoop-ozone/ozonefs/target/test-dir/MiniOzoneClusterImpl-99c4f40c-1efe-4b17-8303-d48b923188ee/datanode-1/data/ratis/811b8638-d5d8-4dfb-a5a4-1a5be4e3a094
2019-09-26 10:50:44,645 [pool-237-thread-1] INFO  server.RaftServerConfigKeys (ConfUtils.java:logGet(43)) - raft.server.log.queue.byte-limit = 2147483647 (custom)
2019-09-26 10:50:44,645 [pool-237-thread-1] INFO  server.RaftServerConfigKeys (ConfUtils.java:logGet(43)) - raft.server.log.queue.element-limit = 1024 (custom)
2019-09-26 10:50:44,646 [pool-237-thread-1] INFO  server.RaftServerConfigKeys (ConfUtils.java:logGet(43)) - raft.server.log.segment.size.max = 1048576 (custom)
2019-09-26 10:50:44,646 [pool-237-thread-1] INFO  server.RaftServerConfigKeys (ConfUtils.java:logGet(43)) - raft.server.log.preallocated.size = 16384 (custom)
2019-09-26 10:50:44,646 [pool-237-thread-1] INFO  server.RaftServerConfigKeys (ConfUtils.java:logGet(43)) - raft.server.log.write.buffer.size = 33554432 (custom)
2019-09-26 10:50:44,646 [pool-237-thread-1] INFO  server.RaftServerConfigKeys (ConfUtils.java:logGet(43)) - raft.server.log.force.sync.num = 128 (default)
2019-09-26 10:50:44,646 [pool-237-thread-1] INFO  server.RaftServerConfigKeys (ConfUtils.java:logGet(43)) - raft.server.log.statemachine.data.sync = true (default)
2019-09-26 10:50:44,646 [pool-237-thread-1] INFO  server.RaftServerConfigKeys (ConfUtils.java:logGet(43)) - raft.server.log.statemachine.data.sync.timeout = 10s (default)
2019-09-26 10:50:44,647 [pool-237-thread-1] INFO  server.RaftServerConfigKeys (ConfUtils.java:logGet(43)) - raft.server.log.statemachine.data.sync.timeout.retry = -1 (default)
2019-09-26 10:50:44,647 [pool-237-thread-1] INFO  server.RaftServerConfigKeys (ConfUtils.java:logGet(43)) - raft.server.log.statemachine.data.caching.enabled = true (custom)
2019-09-26 10:50:44,647 [pool-237-thread-1] INFO  segmented.SegmentedRaftLogWorker (SegmentedRaftLogWorker.java:lambda$new$0(132)) - 1c5c8622-0ed3-4a62-999f-f7d88c498e79@group-1A5BE4E3A094-SegmentedRaftLogWorker: flushIndex: setUnconditionally 0 -> -1
2019-09-26 10:50:44,648 [pool-237-thread-1] INFO  server.RaftServerConfigKeys (ConfUtils.java:logGet(43)) - raft.server.snapshot.auto.trigger.enabled = true (custom)
2019-09-26 10:50:44,648 [pool-237-thread-1] INFO  server.RaftServerConfigKeys (ConfUtils.java:logGet(43)) - raft.server.snapshot.auto.trigger.threshold = 10000 (custom)
2019-09-26 10:50:44,648 [pool-237-thread-1] INFO  server.RaftServerConfigKeys (ConfUtils.java:logGet(43)) - raft.server.snapshot.retention.num.files = 5 (custom)
2019-09-26 10:50:44,648 [pool-237-thread-1] INFO  server.RaftServerConfigKeys (ConfUtils.java:logGet(43)) - raft.server.retrycache.expirytime = 600000ms (custom)
2019-09-26 10:50:44,650 [pool-237-thread-1] INFO  impl.RaftServerImpl (RaftServerImpl.java:start(185)) - 1c5c8622-0ed3-4a62-999f-f7d88c498e79@group-1A5BE4E3A094: start as a follower, conf=-1: [1c5c8622-0ed3-4a62-999f-f7d88c498e79:192.168.30.13:40111], old=null
2019-09-26 10:50:44,650 [pool-237-thread-1] INFO  impl.RaftServerImpl (RaftServerImpl.java:setRole(174)) - 1c5c8622-0ed3-4a62-999f-f7d88c498e79@group-1A5BE4E3A094: changes role from      null to FOLLOWER at term 0 for startAsFollower
2019-09-26 10:50:44,651 [pool-237-thread-1] INFO  impl.RoleInfo (RoleInfo.java:updateAndGet(143)) - 1c5c8622-0ed3-4a62-999f-f7d88c498e79: start FollowerState
2019-09-26 10:50:44,651 [pool-237-thread-1] INFO  util.JmxRegister (JmxRegister.java:tryRegister(44)) - Successfully registered JMX Bean with object name Ratis:service=RaftServer,group=group-1A5BE4E3A094,id=1c5c8622-0ed3-4a62-999f-f7d88c498e79
2019-09-26 10:50:44,654 [RatisPipelineUtilsThread] INFO  pipeline.PipelineStateManager (PipelineStateManager.java:addPipeline(56)) - Created pipeline Pipeline[ Id: 811b8638-d5d8-4dfb-a5a4-1a5be4e3a094, Nodes: 1c5c8622-0ed3-4a62-999f-f7d88c498e79{ip: 192.168.30.13, host: pr-hdds-1569-wvzgm-824869521, networkLocation: /default-rack, certSerialId: null}, Type:RATIS, Factor:ONE, State:OPEN]
2019-09-26 10:50:44,659 [grpc-default-executor-0] INFO  impl.RaftServerProxy (RaftServerProxy.java:addNew(89)) - 1c5c8622-0ed3-4a62-999f-f7d88c498e79: addNew group-9BD6615280EC:[1c5c8622-0ed3-4a62-999f-f7d88c498e79:192.168.30.13:40111] returns group-9BD6615280EC:java.util.concurrent.CompletableFuture@162e613e[Not completed]
2019-09-26 10:50:44,660 [pool-237-thread-1] INFO  impl.RaftServerImpl (RaftServerImpl.java:<init>(95)) - 1c5c8622-0ed3-4a62-999f-f7d88c498e79: new RaftServerImpl for group-9BD6615280EC:[1c5c8622-0ed3-4a62-999f-f7d88c498e79:192.168.30.13:40111] with ContainerStateMachine:uninitialized
2019-09-26 10:50:44,660 [pool-237-thread-1] INFO  server.RaftServerConfigKeys (ConfUtils.java:logGet(43)) - raft.server.rpc.timeout.min = 5s (custom)
2019-09-26 10:50:44,661 [pool-237-thread-1] INFO  server.RaftServerConfigKeys (ConfUtils.java:logGet(43)) - raft.server.rpc.timeout.max = 5200ms (custom)
2019-09-26 10:50:44,661 [pool-237-thread-1] INFO  server.RaftServerConfigKeys (ConfUtils.java:logGet(43)) - raft.server.rpcslowness.timeout = 120s (custom)
2019-09-26 10:50:44,661 [pool-237-thread-1] INFO  server.RaftServerConfigKeys (ConfUtils.java:logGet(43)) - raft.server.sleep.deviation.threshold = 300 (default)
2019-09-26 10:50:44,661 [pool-237-thread-1] INFO  server.RaftServerConfigKeys (ConfUtils.java:logGet(43)) - raft.server.log.appender.install.snapshot.enabled = false (custom)
2019-09-26 10:50:44,661 [pool-237-thread-1] INFO  impl.RaftServerImpl (ServerState.java:<init>(103)) - 1c5c8622-0ed3-4a62-999f-f7d88c498e79@group-9BD6615280EC: ConfigurationManager, init=-1: [1c5c8622-0ed3-4a62-999f-f7d88c498e79:192.168.30.13:40111], old=null, confs=<EMPTY_MAP>
2019-09-26 10:50:44,661 [pool-237-thread-1] INFO  server.RaftServerConfigKeys (ConfUtils.java:logGet(43)) - raft.server.storage.dir = [/workdir/hadoop-ozone/ozonefs/target/test-dir/MiniOzoneClusterImpl-99c4f40c-1efe-4b17-8303-d48b923188ee/datanode-1/data/ratis] (custom)
2019-09-26 10:50:44,662 [pool-237-thread-1] INFO  storage.RaftStorageDirectory (RaftStorageDirectory.java:analyzeStorage(246)) - The storage directory /workdir/hadoop-ozone/ozonefs/target/test-dir/MiniOzoneClusterImpl-99c4f40c-1efe-4b17-8303-d48b923188ee/datanode-1/data/ratis/4a69aeef-8deb-47ee-927f-9bd6615280ec does not exist. Creating ...
2019-09-26 10:50:44,666 [pool-237-thread-1] INFO  storage.RaftStorageDirectory (RaftStorageDirectory.java:tryLock(328)) - Lock on /workdir/hadoop-ozone/ozonefs/target/test-dir/MiniOzoneClusterImpl-99c4f40c-1efe-4b17-8303-d48b923188ee/datanode-1/data/ratis/4a69aeef-8deb-47ee-927f-9bd6615280ec/in_use.lock acquired by nodename 25633@pr-hdds-1569-wvzgm-824869521
2019-09-26 10:50:44,687 [pool-237-thread-1] INFO  storage.RaftStorage (RaftStorage.java:format(72)) - Storage directory /workdir/hadoop-ozone/ozonefs/target/test-dir/MiniOzoneClusterImpl-99c4f40c-1efe-4b17-8303-d48b923188ee/datanode-1/data/ratis/4a69aeef-8deb-47ee-927f-9bd6615280ec has been successfully formatted.
2019-09-26 10:50:44,687 [pool-237-thread-1] INFO  ratis.ContainerStateMachine (ContainerStateMachine.java:loadSnapshot(230)) - group-9BD6615280EC: The snapshot info is null. Setting the last applied indexto:(t:0, i:~)
2019-09-26 10:50:44,687 [pool-237-thread-1] INFO  server.RaftServerConfigKeys (ConfUtils.java:logGet(43)) - raft.server.notification.no-leader.timeout = 120s (custom)
2019-09-26 10:50:44,687 [pool-237-thread-1] INFO  server.RaftServerConfigKeys (ConfUtils.java:logGet(43)) - raft.server.log.use.memory = false (default)
2019-09-26 10:50:44,687 [pool-237-thread-1] INFO  server.RaftServerConfigKeys (ConfUtils.java:logGet(43)) - raft.server.log.purge.gap = 1000000 (custom)
2019-09-26 10:50:44,688 [pool-237-thread-1] INFO  server.RaftServerConfigKeys (ConfUtils.java:logGet(43)) - raft.server.log.appender.buffer.byte-limit = 33554432 (custom)
2019-09-26 10:50:44,688 [pool-237-thread-1] INFO  server.RaftServerConfigKeys (ConfUtils.java:logGet(43)) - raft.server.log.segment.size.max = 1048576 (custom)
2019-09-26 10:50:44,688 [pool-237-thread-1] INFO  server.RaftServerConfigKeys (ConfUtils.java:logGet(43)) - raft.server.log.segment.cache.num.max = 2 (custom)
2019-09-26 10:50:44,688 [pool-237-thread-1] INFO  segmented.SegmentedRaftLogWorker (SegmentedRaftLogWorker.java:<init>(172)) - new 1c5c8622-0ed3-4a62-999f-f7d88c498e79@group-9BD6615280EC-SegmentedRaftLogWorker for RaftStorage:Storage Directory /workdir/hadoop-ozone/ozonefs/target/test-dir/MiniOzoneClusterImpl-99c4f40c-1efe-4b17-8303-d48b923188ee/datanode-1/data/ratis/4a69aeef-8deb-47ee-927f-9bd6615280ec
2019-09-26 10:50:44,688 [pool-237-thread-1] INFO  server.RaftServerConfigKeys (ConfUtils.java:logGet(43)) - raft.server.log.queue.byte-limit = 2147483647 (custom)
2019-09-26 10:50:44,688 [pool-237-thread-1] INFO  server.RaftServerConfigKeys (ConfUtils.java:logGet(43)) - raft.server.log.queue.element-limit = 1024 (custom)
2019-09-26 10:50:44,688 [pool-237-thread-1] INFO  server.RaftServerConfigKeys (ConfUtils.java:logGet(43)) - raft.server.log.segment.size.max = 1048576 (custom)
2019-09-26 10:50:44,689 [pool-237-thread-1] INFO  server.RaftServerConfigKeys (ConfUtils.java:logGet(43)) - raft.server.log.preallocated.size = 16384 (custom)
2019-09-26 10:50:44,689 [pool-237-thread-1] INFO  server.RaftServerConfigKeys (ConfUtils.java:logGet(43)) - raft.server.log.write.buffer.size = 33554432 (custom)
2019-09-26 10:50:44,689 [pool-237-thread-1] INFO  server.RaftServerConfigKeys (ConfUtils.java:logGet(43)) - raft.server.log.force.sync.num = 128 (default)
2019-09-26 10:50:44,689 [pool-237-thread-1] INFO  server.RaftServerConfigKeys (ConfUtils.java:logGet(43)) - raft.server.log.statemachine.data.sync = true (default)
2019-09-26 10:50:44,689 [pool-237-thread-1] INFO  server.RaftServerConfigKeys (ConfUtils.java:logGet(43)) - raft.server.log.statemachine.data.sync.timeout = 10s (default)
2019-09-26 10:50:44,689 [pool-237-thread-1] INFO  server.RaftServerConfigKeys (ConfUtils.java:logGet(43)) - raft.server.log.statemachine.data.sync.timeout.retry = -1 (default)
2019-09-26 10:50:44,689 [pool-237-thread-1] INFO  server.RaftServerConfigKeys (ConfUtils.java:logGet(43)) - raft.server.log.statemachine.data.caching.enabled = true (custom)
2019-09-26 10:50:44,690 [pool-237-thread-1] INFO  segmented.SegmentedRaftLogWorker (SegmentedRaftLogWorker.java:lambda$new$0(132)) - 1c5c8622-0ed3-4a62-999f-f7d88c498e79@group-9BD6615280EC-SegmentedRaftLogWorker: flushIndex: setUnconditionally 0 -> -1
2019-09-26 10:50:44,690 [pool-237-thread-1] INFO  server.RaftServerConfigKeys (ConfUtils.java:logGet(43)) - raft.server.snapshot.auto.trigger.enabled = true (custom)
2019-09-26 10:50:44,690 [pool-237-thread-1] INFO  server.RaftServerConfigKeys (ConfUtils.java:logGet(43)) - raft.server.snapshot.auto.trigger.threshold = 10000 (custom)
2019-09-26 10:50:44,690 [pool-237-thread-1] INFO  server.RaftServerConfigKeys (ConfUtils.java:logGet(43)) - raft.server.snapshot.retention.num.files = 5 (custom)
2019-09-26 10:50:44,690 [pool-237-thread-1] INFO  server.RaftServerConfigKeys (ConfUtils.java:logGet(43)) - raft.server.retrycache.expirytime = 600000ms (custom)
2019-09-26 10:50:44,692 [pool-237-thread-1] INFO  impl.RaftServerImpl (RaftServerImpl.java:start(185)) - 1c5c8622-0ed3-4a62-999f-f7d88c498e79@group-9BD6615280EC: start as a follower, conf=-1: [1c5c8622-0ed3-4a62-999f-f7d88c498e79:192.168.30.13:40111], old=null
2019-09-26 10:50:44,692 [pool-237-thread-1] INFO  impl.RaftServerImpl (RaftServerImpl.java:setRole(174)) - 1c5c8622-0ed3-4a62-999f-f7d88c498e79@group-9BD6615280EC: changes role from      null to FOLLOWER at term 0 for startAsFollower
2019-09-26 10:50:44,692 [pool-237-thread-1] INFO  impl.RoleInfo (RoleInfo.java:updateAndGet(143)) - 1c5c8622-0ed3-4a62-999f-f7d88c498e79: start FollowerState
2019-09-26 10:50:44,692 [pool-237-thread-1] INFO  util.JmxRegister (JmxRegister.java:tryRegister(44)) - Successfully registered JMX Bean with object name Ratis:service=RaftServer,group=group-9BD6615280EC,id=1c5c8622-0ed3-4a62-999f-f7d88c498e79
2019-09-26 10:50:44,696 [RatisPipelineUtilsThread] INFO  pipeline.PipelineStateManager (PipelineStateManager.java:addPipeline(56)) - Created pipeline Pipeline[ Id: 4a69aeef-8deb-47ee-927f-9bd6615280ec, Nodes: 1c5c8622-0ed3-4a62-999f-f7d88c498e79{ip: 192.168.30.13, host: pr-hdds-1569-wvzgm-824869521, networkLocation: /default-rack, certSerialId: null}, Type:RATIS, Factor:ONE, State:OPEN]
2019-09-26 10:50:44,701 [grpc-default-executor-0] INFO  impl.RaftServerProxy (RaftServerProxy.java:addNew(89)) - 748f10d8-f7b1-4cbf-afbb-a313ec1e9bbc: addNew group-BEAD11819CF7:[748f10d8-f7b1-4cbf-afbb-a313ec1e9bbc:192.168.30.13:45663] returns group-BEAD11819CF7:java.util.concurrent.CompletableFuture@909b064[Not completed]
2019-09-26 10:50:44,702 [pool-227-thread-1] INFO  impl.RaftServerImpl (RaftServerImpl.java:<init>(95)) - 748f10d8-f7b1-4cbf-afbb-a313ec1e9bbc: new RaftServerImpl for group-BEAD11819CF7:[748f10d8-f7b1-4cbf-afbb-a313ec1e9bbc:192.168.30.13:45663] with ContainerStateMachine:uninitialized
2019-09-26 10:50:44,702 [pool-227-thread-1] INFO  server.RaftServerConfigKeys (ConfUtils.java:logGet(43)) - raft.server.rpc.timeout.min = 5s (custom)
2019-09-26 10:50:44,703 [pool-227-thread-1] INFO  server.RaftServerConfigKeys (ConfUtils.java:logGet(43)) - raft.server.rpc.timeout.max = 5200ms (custom)
2019-09-26 10:50:44,703 [pool-227-thread-1] INFO  server.RaftServerConfigKeys (ConfUtils.java:logGet(43)) - raft.server.rpcslowness.timeout = 120s (custom)
2019-09-26 10:50:44,703 [pool-227-thread-1] INFO  server.RaftServerConfigKeys (ConfUtils.java:logGet(43)) - raft.server.sleep.deviation.threshold = 300 (default)
2019-09-26 10:50:44,703 [pool-227-thread-1] INFO  server.RaftServerConfigKeys (ConfUtils.java:logGet(43)) - raft.server.log.appender.install.snapshot.enabled = false (custom)
2019-09-26 10:50:44,703 [pool-227-thread-1] INFO  impl.RaftServerImpl (ServerState.java:<init>(103)) - 748f10d8-f7b1-4cbf-afbb-a313ec1e9bbc@group-BEAD11819CF7: ConfigurationManager, init=-1: [748f10d8-f7b1-4cbf-afbb-a313ec1e9bbc:192.168.30.13:45663], old=null, confs=<EMPTY_MAP>
2019-09-26 10:50:44,703 [pool-227-thread-1] INFO  server.RaftServerConfigKeys (ConfUtils.java:logGet(43)) - raft.server.storage.dir = [/workdir/hadoop-ozone/ozonefs/target/test-dir/MiniOzoneClusterImpl-99c4f40c-1efe-4b17-8303-d48b923188ee/datanode-0/data/ratis] (custom)
2019-09-26 10:50:44,704 [pool-227-thread-1] INFO  storage.RaftStorageDirectory (RaftStorageDirectory.java:analyzeStorage(246)) - The storage directory /workdir/hadoop-ozone/ozonefs/target/test-dir/MiniOzoneClusterImpl-99c4f40c-1efe-4b17-8303-d48b923188ee/datanode-0/data/ratis/82ad3fd4-5342-4632-ac59-bead11819cf7 does not exist. Creating ...
2019-09-26 10:50:44,717 [pool-227-thread-1] INFO  storage.RaftStorageDirectory (RaftStorageDirectory.java:tryLock(328)) - Lock on /workdir/hadoop-ozone/ozonefs/target/test-dir/MiniOzoneClusterImpl-99c4f40c-1efe-4b17-8303-d48b923188ee/datanode-0/data/ratis/82ad3fd4-5342-4632-ac59-bead11819cf7/in_use.lock acquired by nodename 25633@pr-hdds-1569-wvzgm-824869521
2019-09-26 10:50:44,731 [pool-227-thread-1] INFO  storage.RaftStorage (RaftStorage.java:format(72)) - Storage directory /workdir/hadoop-ozone/ozonefs/target/test-dir/MiniOzoneClusterImpl-99c4f40c-1efe-4b17-8303-d48b923188ee/datanode-0/data/ratis/82ad3fd4-5342-4632-ac59-bead11819cf7 has been successfully formatted.
2019-09-26 10:50:44,731 [pool-227-thread-1] INFO  ratis.ContainerStateMachine (ContainerStateMachine.java:loadSnapshot(230)) - group-BEAD11819CF7: The snapshot info is null. Setting the last applied indexto:(t:0, i:~)
2019-09-26 10:50:44,731 [pool-227-thread-1] INFO  server.RaftServerConfigKeys (ConfUtils.java:logGet(43)) - raft.server.notification.no-leader.timeout = 120s (custom)
2019-09-26 10:50:44,731 [pool-227-thread-1] INFO  server.RaftServerConfigKeys (ConfUtils.java:logGet(43)) - raft.server.log.use.memory = false (default)
2019-09-26 10:50:44,732 [pool-227-thread-1] INFO  server.RaftServerConfigKeys (ConfUtils.java:logGet(43)) - raft.server.log.purge.gap = 1000000 (custom)
2019-09-26 10:50:44,732 [pool-227-thread-1] INFO  server.RaftServerConfigKeys (ConfUtils.java:logGet(43)) - raft.server.log.appender.buffer.byte-limit = 33554432 (custom)
2019-09-26 10:50:44,732 [pool-227-thread-1] INFO  server.RaftServerConfigKeys (ConfUtils.java:logGet(43)) - raft.server.log.segment.size.max = 1048576 (custom)
2019-09-26 10:50:44,732 [pool-227-thread-1] INFO  server.RaftServerConfigKeys (ConfUtils.java:logGet(43)) - raft.server.log.segment.cache.num.max = 2 (custom)
2019-09-26 10:50:44,732 [pool-227-thread-1] INFO  segmented.SegmentedRaftLogWorker (SegmentedRaftLogWorker.java:<init>(172)) - new 748f10d8-f7b1-4cbf-afbb-a313ec1e9bbc@group-BEAD11819CF7-SegmentedRaftLogWorker for RaftStorage:Storage Directory /workdir/hadoop-ozone/ozonefs/target/test-dir/MiniOzoneClusterImpl-99c4f40c-1efe-4b17-8303-d48b923188ee/datanode-0/data/ratis/82ad3fd4-5342-4632-ac59-bead11819cf7
2019-09-26 10:50:44,732 [pool-227-thread-1] INFO  server.RaftServerConfigKeys (ConfUtils.java:logGet(43)) - raft.server.log.queue.byte-limit = 2147483647 (custom)
2019-09-26 10:50:44,733 [pool-227-thread-1] INFO  server.RaftServerConfigKeys (ConfUtils.java:logGet(43)) - raft.server.log.queue.element-limit = 1024 (custom)
2019-09-26 10:50:44,733 [pool-227-thread-1] INFO  server.RaftServerConfigKeys (ConfUtils.java:logGet(43)) - raft.server.log.segment.size.max = 1048576 (custom)
2019-09-26 10:50:44,733 [pool-227-thread-1] INFO  server.RaftServerConfigKeys (ConfUtils.java:logGet(43)) - raft.server.log.preallocated.size = 16384 (custom)
2019-09-26 10:50:44,733 [pool-227-thread-1] INFO  server.RaftServerConfigKeys (ConfUtils.java:logGet(43)) - raft.server.log.write.buffer.size = 33554432 (custom)
2019-09-26 10:50:44,733 [pool-227-thread-1] INFO  server.RaftServerConfigKeys (ConfUtils.java:logGet(43)) - raft.server.log.force.sync.num = 128 (default)
2019-09-26 10:50:44,733 [pool-227-thread-1] INFO  server.RaftServerConfigKeys (ConfUtils.java:logGet(43)) - raft.server.log.statemachine.data.sync = true (default)
2019-09-26 10:50:44,733 [pool-227-thread-1] INFO  server.RaftServerConfigKeys (ConfUtils.java:logGet(43)) - raft.server.log.statemachine.data.sync.timeout = 10s (default)
2019-09-26 10:50:44,734 [pool-227-thread-1] INFO  server.RaftServerConfigKeys (ConfUtils.java:logGet(43)) - raft.server.log.statemachine.data.sync.timeout.retry = -1 (default)
2019-09-26 10:50:44,734 [pool-227-thread-1] INFO  server.RaftServerConfigKeys (ConfUtils.java:logGet(43)) - raft.server.log.statemachine.data.caching.enabled = true (custom)
2019-09-26 10:50:44,734 [pool-227-thread-1] INFO  segmented.SegmentedRaftLogWorker (SegmentedRaftLogWorker.java:lambda$new$0(132)) - 748f10d8-f7b1-4cbf-afbb-a313ec1e9bbc@group-BEAD11819CF7-SegmentedRaftLogWorker: flushIndex: setUnconditionally 0 -> -1
2019-09-26 10:50:44,735 [pool-227-thread-1] INFO  server.RaftServerConfigKeys (ConfUtils.java:logGet(43)) - raft.server.snapshot.auto.trigger.enabled = true (custom)
2019-09-26 10:50:44,735 [pool-227-thread-1] INFO  server.RaftServerConfigKeys (ConfUtils.java:logGet(43)) - raft.server.snapshot.auto.trigger.threshold = 10000 (custom)
2019-09-26 10:50:44,735 [pool-227-thread-1] INFO  server.RaftServerConfigKeys (ConfUtils.java:logGet(43)) - raft.server.snapshot.retention.num.files = 5 (custom)
2019-09-26 10:50:44,735 [pool-227-thread-1] INFO  server.RaftServerConfigKeys (ConfUtils.java:logGet(43)) - raft.server.retrycache.expirytime = 600000ms (custom)
2019-09-26 10:50:44,737 [pool-227-thread-1] INFO  impl.RaftServerImpl (RaftServerImpl.java:start(185)) - 748f10d8-f7b1-4cbf-afbb-a313ec1e9bbc@group-BEAD11819CF7: start as a follower, conf=-1: [748f10d8-f7b1-4cbf-afbb-a313ec1e9bbc:192.168.30.13:45663], old=null
2019-09-26 10:50:44,737 [pool-227-thread-1] INFO  impl.RaftServerImpl (RaftServerImpl.java:setRole(174)) - 748f10d8-f7b1-4cbf-afbb-a313ec1e9bbc@group-BEAD11819CF7: changes role from      null to FOLLOWER at term 0 for startAsFollower
2019-09-26 10:50:44,737 [pool-227-thread-1] INFO  impl.RoleInfo (RoleInfo.java:updateAndGet(143)) - 748f10d8-f7b1-4cbf-afbb-a313ec1e9bbc: start FollowerState
2019-09-26 10:50:44,738 [pool-227-thread-1] INFO  util.JmxRegister (JmxRegister.java:tryRegister(44)) - Successfully registered JMX Bean with object name Ratis:service=RaftServer,group=group-BEAD11819CF7,id=748f10d8-f7b1-4cbf-afbb-a313ec1e9bbc
2019-09-26 10:50:44,741 [RatisPipelineUtilsThread] INFO  pipeline.PipelineStateManager (PipelineStateManager.java:addPipeline(56)) - Created pipeline Pipeline[ Id: 82ad3fd4-5342-4632-ac59-bead11819cf7, Nodes: 748f10d8-f7b1-4cbf-afbb-a313ec1e9bbc{ip: 192.168.30.13, host: pr-hdds-1569-wvzgm-824869521, networkLocation: /default-rack, certSerialId: null}, Type:RATIS, Factor:ONE, State:OPEN]
2019-09-26 10:50:44,746 [grpc-default-executor-0] INFO  impl.RaftServerProxy (RaftServerProxy.java:addNew(89)) - 748f10d8-f7b1-4cbf-afbb-a313ec1e9bbc: addNew group-8924A7D15390:[748f10d8-f7b1-4cbf-afbb-a313ec1e9bbc:192.168.30.13:45663] returns group-8924A7D15390:java.util.concurrent.CompletableFuture@211ff274[Not completed]
2019-09-26 10:50:44,748 [pool-227-thread-1] INFO  impl.RaftServerImpl (RaftServerImpl.java:<init>(95)) - 748f10d8-f7b1-4cbf-afbb-a313ec1e9bbc: new RaftServerImpl for group-8924A7D15390:[748f10d8-f7b1-4cbf-afbb-a313ec1e9bbc:192.168.30.13:45663] with ContainerStateMachine:uninitialized
2019-09-26 10:50:44,748 [pool-227-thread-1] INFO  server.RaftServerConfigKeys (ConfUtils.java:logGet(43)) - raft.server.rpc.timeout.min = 5s (custom)
2019-09-26 10:50:44,748 [pool-227-thread-1] INFO  server.RaftServerConfigKeys (ConfUtils.java:logGet(43)) - raft.server.rpc.timeout.max = 5200ms (custom)
2019-09-26 10:50:44,748 [pool-227-thread-1] INFO  server.RaftServerConfigKeys (ConfUtils.java:logGet(43)) - raft.server.rpcslowness.timeout = 120s (custom)
2019-09-26 10:50:44,748 [pool-227-thread-1] INFO  server.RaftServerConfigKeys (ConfUtils.java:logGet(43)) - raft.server.sleep.deviation.threshold = 300 (default)
2019-09-26 10:50:44,748 [pool-227-thread-1] INFO  server.RaftServerConfigKeys (ConfUtils.java:logGet(43)) - raft.server.log.appender.install.snapshot.enabled = false (custom)
2019-09-26 10:50:44,748 [pool-227-thread-1] INFO  impl.RaftServerImpl (ServerState.java:<init>(103)) - 748f10d8-f7b1-4cbf-afbb-a313ec1e9bbc@group-8924A7D15390: ConfigurationManager, init=-1: [748f10d8-f7b1-4cbf-afbb-a313ec1e9bbc:192.168.30.13:45663], old=null, confs=<EMPTY_MAP>
2019-09-26 10:50:44,749 [pool-227-thread-1] INFO  server.RaftServerConfigKeys (ConfUtils.java:logGet(43)) - raft.server.storage.dir = [/workdir/hadoop-ozone/ozonefs/target/test-dir/MiniOzoneClusterImpl-99c4f40c-1efe-4b17-8303-d48b923188ee/datanode-0/data/ratis] (custom)
2019-09-26 10:50:44,749 [pool-227-thread-1] INFO  storage.RaftStorageDirectory (RaftStorageDirectory.java:analyzeStorage(246)) - The storage directory /workdir/hadoop-ozone/ozonefs/target/test-dir/MiniOzoneClusterImpl-99c4f40c-1efe-4b17-8303-d48b923188ee/datanode-0/data/ratis/ed0103ec-780b-448d-94d5-8924a7d15390 does not exist. Creating ...
2019-09-26 10:50:44,762 [pool-227-thread-1] INFO  storage.RaftStorageDirectory (RaftStorageDirectory.java:tryLock(328)) - Lock on /workdir/hadoop-ozone/ozonefs/target/test-dir/MiniOzoneClusterImpl-99c4f40c-1efe-4b17-8303-d48b923188ee/datanode-0/data/ratis/ed0103ec-780b-448d-94d5-8924a7d15390/in_use.lock acquired by nodename 25633@pr-hdds-1569-wvzgm-824869521
2019-09-26 10:50:44,775 [pool-227-thread-1] INFO  storage.RaftStorage (RaftStorage.java:format(72)) - Storage directory /workdir/hadoop-ozone/ozonefs/target/test-dir/MiniOzoneClusterImpl-99c4f40c-1efe-4b17-8303-d48b923188ee/datanode-0/data/ratis/ed0103ec-780b-448d-94d5-8924a7d15390 has been successfully formatted.
2019-09-26 10:50:44,776 [pool-227-thread-1] INFO  ratis.ContainerStateMachine (ContainerStateMachine.java:loadSnapshot(230)) - group-8924A7D15390: The snapshot info is null. Setting the last applied indexto:(t:0, i:~)
2019-09-26 10:50:44,776 [pool-227-thread-1] INFO  server.RaftServerConfigKeys (ConfUtils.java:logGet(43)) - raft.server.notification.no-leader.timeout = 120s (custom)
2019-09-26 10:50:44,776 [pool-227-thread-1] INFO  server.RaftServerConfigKeys (ConfUtils.java:logGet(43)) - raft.server.log.use.memory = false (default)
2019-09-26 10:50:44,776 [pool-227-thread-1] INFO  server.RaftServerConfigKeys (ConfUtils.java:logGet(43)) - raft.server.log.purge.gap = 1000000 (custom)
2019-09-26 10:50:44,776 [pool-227-thread-1] INFO  server.RaftServerConfigKeys (ConfUtils.java:logGet(43)) - raft.server.log.appender.buffer.byte-limit = 33554432 (custom)
2019-09-26 10:50:44,777 [pool-227-thread-1] INFO  server.RaftServerConfigKeys (ConfUtils.java:logGet(43)) - raft.server.log.segment.size.max = 1048576 (custom)
2019-09-26 10:50:44,777 [pool-227-thread-1] INFO  server.RaftServerConfigKeys (ConfUtils.java:logGet(43)) - raft.server.log.segment.cache.num.max = 2 (custom)
2019-09-26 10:50:44,777 [pool-227-thread-1] INFO  segmented.SegmentedRaftLogWorker (SegmentedRaftLogWorker.java:<init>(172)) - new 748f10d8-f7b1-4cbf-afbb-a313ec1e9bbc@group-8924A7D15390-SegmentedRaftLogWorker for RaftStorage:Storage Directory /workdir/hadoop-ozone/ozonefs/target/test-dir/MiniOzoneClusterImpl-99c4f40c-1efe-4b17-8303-d48b923188ee/datanode-0/data/ratis/ed0103ec-780b-448d-94d5-8924a7d15390
2019-09-26 10:50:44,777 [pool-227-thread-1] INFO  server.RaftServerConfigKeys (ConfUtils.java:logGet(43)) - raft.server.log.queue.byte-limit = 2147483647 (custom)
2019-09-26 10:50:44,777 [pool-227-thread-1] INFO  server.RaftServerConfigKeys (ConfUtils.java:logGet(43)) - raft.server.log.queue.element-limit = 1024 (custom)
2019-09-26 10:50:44,777 [pool-227-thread-1] INFO  server.RaftServerConfigKeys (ConfUtils.java:logGet(43)) - raft.server.log.segment.size.max = 1048576 (custom)
2019-09-26 10:50:44,778 [pool-227-thread-1] INFO  server.RaftServerConfigKeys (ConfUtils.java:logGet(43)) - raft.server.log.preallocated.size = 16384 (custom)
2019-09-26 10:50:44,778 [pool-227-thread-1] INFO  server.RaftServerConfigKeys (ConfUtils.java:logGet(43)) - raft.server.log.write.buffer.size = 33554432 (custom)
2019-09-26 10:50:44,778 [pool-227-thread-1] INFO  server.RaftServerConfigKeys (ConfUtils.java:logGet(43)) - raft.server.log.force.sync.num = 128 (default)
2019-09-26 10:50:44,778 [pool-227-thread-1] INFO  server.RaftServerConfigKeys (ConfUtils.java:logGet(43)) - raft.server.log.statemachine.data.sync = true (default)
2019-09-26 10:50:44,778 [pool-227-thread-1] INFO  server.RaftServerConfigKeys (ConfUtils.java:logGet(43)) - raft.server.log.statemachine.data.sync.timeout = 10s (default)
2019-09-26 10:50:44,778 [pool-227-thread-1] INFO  server.RaftServerConfigKeys (ConfUtils.java:logGet(43)) - raft.server.log.statemachine.data.sync.timeout.retry = -1 (default)
2019-09-26 10:50:44,779 [pool-227-thread-1] INFO  server.RaftServerConfigKeys (ConfUtils.java:logGet(43)) - raft.server.log.statemachine.data.caching.enabled = true (custom)
2019-09-26 10:50:44,779 [pool-227-thread-1] INFO  segmented.SegmentedRaftLogWorker (SegmentedRaftLogWorker.java:lambda$new$0(132)) - 748f10d8-f7b1-4cbf-afbb-a313ec1e9bbc@group-8924A7D15390-SegmentedRaftLogWorker: flushIndex: setUnconditionally 0 -> -1
2019-09-26 10:50:44,779 [pool-227-thread-1] INFO  server.RaftServerConfigKeys (ConfUtils.java:logGet(43)) - raft.server.snapshot.auto.trigger.enabled = true (custom)
2019-09-26 10:50:44,779 [pool-227-thread-1] INFO  server.RaftServerConfigKeys (ConfUtils.java:logGet(43)) - raft.server.snapshot.auto.trigger.threshold = 10000 (custom)
2019-09-26 10:50:44,780 [pool-227-thread-1] INFO  server.RaftServerConfigKeys (ConfUtils.java:logGet(43)) - raft.server.snapshot.retention.num.files = 5 (custom)
2019-09-26 10:50:44,780 [pool-227-thread-1] INFO  server.RaftServerConfigKeys (ConfUtils.java:logGet(43)) - raft.server.retrycache.expirytime = 600000ms (custom)
2019-09-26 10:50:44,782 [pool-227-thread-1] INFO  impl.RaftServerImpl (RaftServerImpl.java:start(185)) - 748f10d8-f7b1-4cbf-afbb-a313ec1e9bbc@group-8924A7D15390: start as a follower, conf=-1: [748f10d8-f7b1-4cbf-afbb-a313ec1e9bbc:192.168.30.13:45663], old=null
2019-09-26 10:50:44,782 [pool-227-thread-1] INFO  impl.RaftServerImpl (RaftServerImpl.java:setRole(174)) - 748f10d8-f7b1-4cbf-afbb-a313ec1e9bbc@group-8924A7D15390: changes role from      null to FOLLOWER at term 0 for startAsFollower
2019-09-26 10:50:44,782 [pool-227-thread-1] INFO  impl.RoleInfo (RoleInfo.java:updateAndGet(143)) - 748f10d8-f7b1-4cbf-afbb-a313ec1e9bbc: start FollowerState
2019-09-26 10:50:44,782 [pool-227-thread-1] INFO  util.JmxRegister (JmxRegister.java:tryRegister(44)) - Successfully registered JMX Bean with object name Ratis:service=RaftServer,group=group-8924A7D15390,id=748f10d8-f7b1-4cbf-afbb-a313ec1e9bbc
2019-09-26 10:50:44,785 [RatisPipelineUtilsThread] INFO  pipeline.PipelineStateManager (PipelineStateManager.java:addPipeline(56)) - Created pipeline Pipeline[ Id: ed0103ec-780b-448d-94d5-8924a7d15390, Nodes: 748f10d8-f7b1-4cbf-afbb-a313ec1e9bbc{ip: 192.168.30.13, host: pr-hdds-1569-wvzgm-824869521, networkLocation: /default-rack, certSerialId: null}, Type:RATIS, Factor:ONE, State:OPEN]
2019-09-26 10:50:44,791 [grpc-default-executor-0] INFO  impl.RaftServerProxy (RaftServerProxy.java:addNew(89)) - 748f10d8-f7b1-4cbf-afbb-a313ec1e9bbc: addNew group-21D8C6B451D2:[748f10d8-f7b1-4cbf-afbb-a313ec1e9bbc:192.168.30.13:45663] returns group-21D8C6B451D2:java.util.concurrent.CompletableFuture@5450c0c1[Not completed]
2019-09-26 10:50:44,792 [pool-227-thread-1] INFO  impl.RaftServerImpl (RaftServerImpl.java:<init>(95)) - 748f10d8-f7b1-4cbf-afbb-a313ec1e9bbc: new RaftServerImpl for group-21D8C6B451D2:[748f10d8-f7b1-4cbf-afbb-a313ec1e9bbc:192.168.30.13:45663] with ContainerStateMachine:uninitialized
2019-09-26 10:50:44,792 [pool-227-thread-1] INFO  server.RaftServerConfigKeys (ConfUtils.java:logGet(43)) - raft.server.rpc.timeout.min = 5s (custom)
2019-09-26 10:50:44,792 [pool-227-thread-1] INFO  server.RaftServerConfigKeys (ConfUtils.java:logGet(43)) - raft.server.rpc.timeout.max = 5200ms (custom)
2019-09-26 10:50:44,793 [pool-227-thread-1] INFO  server.RaftServerConfigKeys (ConfUtils.java:logGet(43)) - raft.server.rpcslowness.timeout = 120s (custom)
2019-09-26 10:50:44,793 [pool-227-thread-1] INFO  server.RaftServerConfigKeys (ConfUtils.java:logGet(43)) - raft.server.sleep.deviation.threshold = 300 (default)
2019-09-26 10:50:44,793 [pool-227-thread-1] INFO  server.RaftServerConfigKeys (ConfUtils.java:logGet(43)) - raft.server.log.appender.install.snapshot.enabled = false (custom)
2019-09-26 10:50:44,793 [pool-227-thread-1] INFO  impl.RaftServerImpl (ServerState.java:<init>(103)) - 748f10d8-f7b1-4cbf-afbb-a313ec1e9bbc@group-21D8C6B451D2: ConfigurationManager, init=-1: [748f10d8-f7b1-4cbf-afbb-a313ec1e9bbc:192.168.30.13:45663], old=null, confs=<EMPTY_MAP>
2019-09-26 10:50:44,793 [pool-227-thread-1] INFO  server.RaftServerConfigKeys (ConfUtils.java:logGet(43)) - raft.server.storage.dir = [/workdir/hadoop-ozone/ozonefs/target/test-dir/MiniOzoneClusterImpl-99c4f40c-1efe-4b17-8303-d48b923188ee/datanode-0/data/ratis] (custom)
2019-09-26 10:50:44,794 [pool-227-thread-1] INFO  storage.RaftStorageDirectory (RaftStorageDirectory.java:analyzeStorage(246)) - The storage directory /workdir/hadoop-ozone/ozonefs/target/test-dir/MiniOzoneClusterImpl-99c4f40c-1efe-4b17-8303-d48b923188ee/datanode-0/data/ratis/975f6147-f8bf-4037-a85e-21d8c6b451d2 does not exist. Creating ...
2019-09-26 10:50:44,806 [pool-227-thread-1] INFO  storage.RaftStorageDirectory (RaftStorageDirectory.java:tryLock(328)) - Lock on /workdir/hadoop-ozone/ozonefs/target/test-dir/MiniOzoneClusterImpl-99c4f40c-1efe-4b17-8303-d48b923188ee/datanode-0/data/ratis/975f6147-f8bf-4037-a85e-21d8c6b451d2/in_use.lock acquired by nodename 25633@pr-hdds-1569-wvzgm-824869521
2019-09-26 10:50:44,819 [pool-227-thread-1] INFO  storage.RaftStorage (RaftStorage.java:format(72)) - Storage directory /workdir/hadoop-ozone/ozonefs/target/test-dir/MiniOzoneClusterImpl-99c4f40c-1efe-4b17-8303-d48b923188ee/datanode-0/data/ratis/975f6147-f8bf-4037-a85e-21d8c6b451d2 has been successfully formatted.
2019-09-26 10:50:44,820 [pool-227-thread-1] INFO  ratis.ContainerStateMachine (ContainerStateMachine.java:loadSnapshot(230)) - group-21D8C6B451D2: The snapshot info is null. Setting the last applied indexto:(t:0, i:~)
2019-09-26 10:50:44,820 [pool-227-thread-1] INFO  server.RaftServerConfigKeys (ConfUtils.java:logGet(43)) - raft.server.notification.no-leader.timeout = 120s (custom)
2019-09-26 10:50:44,820 [pool-227-thread-1] INFO  server.RaftServerConfigKeys (ConfUtils.java:logGet(43)) - raft.server.log.use.memory = false (default)
2019-09-26 10:50:44,820 [pool-227-thread-1] INFO  server.RaftServerConfigKeys (ConfUtils.java:logGet(43)) - raft.server.log.purge.gap = 1000000 (custom)
2019-09-26 10:50:44,820 [pool-227-thread-1] INFO  server.RaftServerConfigKeys (ConfUtils.java:logGet(43)) - raft.server.log.appender.buffer.byte-limit = 33554432 (custom)
2019-09-26 10:50:44,821 [pool-227-thread-1] INFO  server.RaftServerConfigKeys (ConfUtils.java:logGet(43)) - raft.server.log.segment.size.max = 1048576 (custom)
2019-09-26 10:50:44,821 [pool-227-thread-1] INFO  server.RaftServerConfigKeys (ConfUtils.java:logGet(43)) - raft.server.log.segment.cache.num.max = 2 (custom)
2019-09-26 10:50:44,821 [pool-227-thread-1] INFO  segmented.SegmentedRaftLogWorker (SegmentedRaftLogWorker.java:<init>(172)) - new 748f10d8-f7b1-4cbf-afbb-a313ec1e9bbc@group-21D8C6B451D2-SegmentedRaftLogWorker for RaftStorage:Storage Directory /workdir/hadoop-ozone/ozonefs/target/test-dir/MiniOzoneClusterImpl-99c4f40c-1efe-4b17-8303-d48b923188ee/datanode-0/data/ratis/975f6147-f8bf-4037-a85e-21d8c6b451d2
2019-09-26 10:50:44,821 [pool-227-thread-1] INFO  server.RaftServerConfigKeys (ConfUtils.java:logGet(43)) - raft.server.log.queue.byte-limit = 2147483647 (custom)
2019-09-26 10:50:44,821 [pool-227-thread-1] INFO  server.RaftServerConfigKeys (ConfUtils.java:logGet(43)) - raft.server.log.queue.element-limit = 1024 (custom)
2019-09-26 10:50:44,821 [pool-227-thread-1] INFO  server.RaftServerConfigKeys (ConfUtils.java:logGet(43)) - raft.server.log.segment.size.max = 1048576 (custom)
2019-09-26 10:50:44,822 [pool-227-thread-1] INFO  server.RaftServerConfigKeys (ConfUtils.java:logGet(43)) - raft.server.log.preallocated.size = 16384 (custom)
2019-09-26 10:50:44,822 [pool-227-thread-1] INFO  server.RaftServerConfigKeys (ConfUtils.java:logGet(43)) - raft.server.log.write.buffer.size = 33554432 (custom)
2019-09-26 10:50:44,822 [pool-227-thread-1] INFO  server.RaftServerConfigKeys (ConfUtils.java:logGet(43)) - raft.server.log.force.sync.num = 128 (default)
2019-09-26 10:50:44,822 [pool-227-thread-1] INFO  server.RaftServerConfigKeys (ConfUtils.java:logGet(43)) - raft.server.log.statemachine.data.sync = true (default)
2019-09-26 10:50:44,822 [pool-227-thread-1] INFO  server.RaftServerConfigKeys (ConfUtils.java:logGet(43)) - raft.server.log.statemachine.data.sync.timeout = 10s (default)
2019-09-26 10:50:44,822 [pool-227-thread-1] INFO  server.RaftServerConfigKeys (ConfUtils.java:logGet(43)) - raft.server.log.statemachine.data.sync.timeout.retry = -1 (default)
2019-09-26 10:50:44,823 [pool-227-thread-1] INFO  server.RaftServerConfigKeys (ConfUtils.java:logGet(43)) - raft.server.log.statemachine.data.caching.enabled = true (custom)
2019-09-26 10:50:44,823 [pool-227-thread-1] INFO  segmented.SegmentedRaftLogWorker (SegmentedRaftLogWorker.java:lambda$new$0(132)) - 748f10d8-f7b1-4cbf-afbb-a313ec1e9bbc@group-21D8C6B451D2-SegmentedRaftLogWorker: flushIndex: setUnconditionally 0 -> -1
2019-09-26 10:50:44,823 [pool-227-thread-1] INFO  server.RaftServerConfigKeys (ConfUtils.java:logGet(43)) - raft.server.snapshot.auto.trigger.enabled = true (custom)
2019-09-26 10:50:44,823 [pool-227-thread-1] INFO  server.RaftServerConfigKeys (ConfUtils.java:logGet(43)) - raft.server.snapshot.auto.trigger.threshold = 10000 (custom)
2019-09-26 10:50:44,824 [pool-227-thread-1] INFO  server.RaftServerConfigKeys (ConfUtils.java:logGet(43)) - raft.server.snapshot.retention.num.files = 5 (custom)
2019-09-26 10:50:44,824 [pool-227-thread-1] INFO  server.RaftServerConfigKeys (ConfUtils.java:logGet(43)) - raft.server.retrycache.expirytime = 600000ms (custom)
2019-09-26 10:50:44,826 [pool-227-thread-1] INFO  impl.RaftServerImpl (RaftServerImpl.java:start(185)) - 748f10d8-f7b1-4cbf-afbb-a313ec1e9bbc@group-21D8C6B451D2: start as a follower, conf=-1: [748f10d8-f7b1-4cbf-afbb-a313ec1e9bbc:192.168.30.13:45663], old=null
2019-09-26 10:50:44,826 [pool-227-thread-1] INFO  impl.RaftServerImpl (RaftServerImpl.java:setRole(174)) - 748f10d8-f7b1-4cbf-afbb-a313ec1e9bbc@group-21D8C6B451D2: changes role from      null to FOLLOWER at term 0 for startAsFollower
2019-09-26 10:50:44,826 [pool-227-thread-1] INFO  impl.RoleInfo (RoleInfo.java:updateAndGet(143)) - 748f10d8-f7b1-4cbf-afbb-a313ec1e9bbc: start FollowerState
2019-09-26 10:50:44,826 [pool-227-thread-1] INFO  util.JmxRegister (JmxRegister.java:tryRegister(44)) - Successfully registered JMX Bean with object name Ratis:service=RaftServer,group=group-21D8C6B451D2,id=748f10d8-f7b1-4cbf-afbb-a313ec1e9bbc
2019-09-26 10:50:44,829 [RatisPipelineUtilsThread] INFO  pipeline.PipelineStateManager (PipelineStateManager.java:addPipeline(56)) - Created pipeline Pipeline[ Id: 975f6147-f8bf-4037-a85e-21d8c6b451d2, Nodes: 748f10d8-f7b1-4cbf-afbb-a313ec1e9bbc{ip: 192.168.30.13, host: pr-hdds-1569-wvzgm-824869521, networkLocation: /default-rack, certSerialId: null}, Type:RATIS, Factor:ONE, State:OPEN]
2019-09-26 10:50:44,830 [RatisPipelineUtilsThread] INFO  pipeline.PipelinePlacementPolicy (PipelinePlacementPolicy.java:meetCriteria(91)) - Pipeline Placement: can't place more pipeline on heavy datanode： 748f10d8-f7b1-4cbf-afbb-a313ec1e9bbc Heaviness: 6 limit: 5
2019-09-26 10:50:44,835 [grpc-default-executor-0] INFO  impl.RaftServerProxy (RaftServerProxy.java:addNew(89)) - 1c5c8622-0ed3-4a62-999f-f7d88c498e79: addNew group-0D30CB6B76BD:[1c5c8622-0ed3-4a62-999f-f7d88c498e79:192.168.30.13:40111] returns group-0D30CB6B76BD:java.util.concurrent.CompletableFuture@2493f8a9[Not completed]
2019-09-26 10:50:44,837 [pool-237-thread-1] INFO  impl.RaftServerImpl (RaftServerImpl.java:<init>(95)) - 1c5c8622-0ed3-4a62-999f-f7d88c498e79: new RaftServerImpl for group-0D30CB6B76BD:[1c5c8622-0ed3-4a62-999f-f7d88c498e79:192.168.30.13:40111] with ContainerStateMachine:uninitialized
2019-09-26 10:50:44,837 [pool-237-thread-1] INFO  server.RaftServerConfigKeys (ConfUtils.java:logGet(43)) - raft.server.rpc.timeout.min = 5s (custom)
2019-09-26 10:50:44,837 [pool-237-thread-1] INFO  server.RaftServerConfigKeys (ConfUtils.java:logGet(43)) - raft.server.rpc.timeout.max = 5200ms (custom)
2019-09-26 10:50:44,837 [pool-237-thread-1] INFO  server.RaftServerConfigKeys (ConfUtils.java:logGet(43)) - raft.server.rpcslowness.timeout = 120s (custom)
2019-09-26 10:50:44,837 [pool-237-thread-1] INFO  server.RaftServerConfigKeys (ConfUtils.java:logGet(43)) - raft.server.sleep.deviation.threshold = 300 (default)
2019-09-26 10:50:44,837 [pool-237-thread-1] INFO  server.RaftServerConfigKeys (ConfUtils.java:logGet(43)) - raft.server.log.appender.install.snapshot.enabled = false (custom)
2019-09-26 10:50:44,838 [pool-237-thread-1] INFO  impl.RaftServerImpl (ServerState.java:<init>(103)) - 1c5c8622-0ed3-4a62-999f-f7d88c498e79@group-0D30CB6B76BD: ConfigurationManager, init=-1: [1c5c8622-0ed3-4a62-999f-f7d88c498e79:192.168.30.13:40111], old=null, confs=<EMPTY_MAP>
2019-09-26 10:50:44,838 [pool-237-thread-1] INFO  server.RaftServerConfigKeys (ConfUtils.java:logGet(43)) - raft.server.storage.dir = [/workdir/hadoop-ozone/ozonefs/target/test-dir/MiniOzoneClusterImpl-99c4f40c-1efe-4b17-8303-d48b923188ee/datanode-1/data/ratis] (custom)
2019-09-26 10:50:44,838 [pool-237-thread-1] INFO  storage.RaftStorageDirectory (RaftStorageDirectory.java:analyzeStorage(246)) - The storage directory /workdir/hadoop-ozone/ozonefs/target/test-dir/MiniOzoneClusterImpl-99c4f40c-1efe-4b17-8303-d48b923188ee/datanode-1/data/ratis/c7e6317d-ff55-414d-b15c-0d30cb6b76bd does not exist. Creating ...
2019-09-26 10:50:44,851 [pool-237-thread-1] INFO  storage.RaftStorageDirectory (RaftStorageDirectory.java:tryLock(328)) - Lock on /workdir/hadoop-ozone/ozonefs/target/test-dir/MiniOzoneClusterImpl-99c4f40c-1efe-4b17-8303-d48b923188ee/datanode-1/data/ratis/c7e6317d-ff55-414d-b15c-0d30cb6b76bd/in_use.lock acquired by nodename 25633@pr-hdds-1569-wvzgm-824869521
2019-09-26 10:50:44,865 [pool-237-thread-1] INFO  storage.RaftStorage (RaftStorage.java:format(72)) - Storage directory /workdir/hadoop-ozone/ozonefs/target/test-dir/MiniOzoneClusterImpl-99c4f40c-1efe-4b17-8303-d48b923188ee/datanode-1/data/ratis/c7e6317d-ff55-414d-b15c-0d30cb6b76bd has been successfully formatted.
2019-09-26 10:50:44,865 [pool-237-thread-1] INFO  ratis.ContainerStateMachine (ContainerStateMachine.java:loadSnapshot(230)) - group-0D30CB6B76BD: The snapshot info is null. Setting the last applied indexto:(t:0, i:~)
2019-09-26 10:50:44,865 [pool-237-thread-1] INFO  server.RaftServerConfigKeys (ConfUtils.java:logGet(43)) - raft.server.notification.no-leader.timeout = 120s (custom)
2019-09-26 10:50:44,865 [pool-237-thread-1] INFO  server.RaftServerConfigKeys (ConfUtils.java:logGet(43)) - raft.server.log.use.memory = false (default)
2019-09-26 10:50:44,866 [pool-237-thread-1] INFO  server.RaftServerConfigKeys (ConfUtils.java:logGet(43)) - raft.server.log.purge.gap = 1000000 (custom)
2019-09-26 10:50:44,866 [pool-237-thread-1] INFO  server.RaftServerConfigKeys (ConfUtils.java:logGet(43)) - raft.server.log.appender.buffer.byte-limit = 33554432 (custom)
2019-09-26 10:50:44,866 [pool-237-thread-1] INFO  server.RaftServerConfigKeys (ConfUtils.java:logGet(43)) - raft.server.log.segment.size.max = 1048576 (custom)
2019-09-26 10:50:44,866 [pool-237-thread-1] INFO  server.RaftServerConfigKeys (ConfUtils.java:logGet(43)) - raft.server.log.segment.cache.num.max = 2 (custom)
2019-09-26 10:50:44,866 [pool-237-thread-1] INFO  segmented.SegmentedRaftLogWorker (SegmentedRaftLogWorker.java:<init>(172)) - new 1c5c8622-0ed3-4a62-999f-f7d88c498e79@group-0D30CB6B76BD-SegmentedRaftLogWorker for RaftStorage:Storage Directory /workdir/hadoop-ozone/ozonefs/target/test-dir/MiniOzoneClusterImpl-99c4f40c-1efe-4b17-8303-d48b923188ee/datanode-1/data/ratis/c7e6317d-ff55-414d-b15c-0d30cb6b76bd
2019-09-26 10:50:44,866 [pool-237-thread-1] INFO  server.RaftServerConfigKeys (ConfUtils.java:logGet(43)) - raft.server.log.queue.byte-limit = 2147483647 (custom)
2019-09-26 10:50:44,867 [pool-237-thread-1] INFO  server.RaftServerConfigKeys (ConfUtils.java:logGet(43)) - raft.server.log.queue.element-limit = 1024 (custom)
2019-09-26 10:50:44,867 [pool-237-thread-1] INFO  server.RaftServerConfigKeys (ConfUtils.java:logGet(43)) - raft.server.log.segment.size.max = 1048576 (custom)
2019-09-26 10:50:44,867 [pool-237-thread-1] INFO  server.RaftServerConfigKeys (ConfUtils.java:logGet(43)) - raft.server.log.preallocated.size = 16384 (custom)
2019-09-26 10:50:44,867 [pool-237-thread-1] INFO  server.RaftServerConfigKeys (ConfUtils.java:logGet(43)) - raft.server.log.write.buffer.size = 33554432 (custom)
2019-09-26 10:50:44,867 [pool-237-thread-1] INFO  server.RaftServerConfigKeys (ConfUtils.java:logGet(43)) - raft.server.log.force.sync.num = 128 (default)
2019-09-26 10:50:44,867 [pool-237-thread-1] INFO  server.RaftServerConfigKeys (ConfUtils.java:logGet(43)) - raft.server.log.statemachine.data.sync = true (default)
2019-09-26 10:50:44,868 [pool-237-thread-1] INFO  server.RaftServerConfigKeys (ConfUtils.java:logGet(43)) - raft.server.log.statemachine.data.sync.timeout = 10s (default)
2019-09-26 10:50:44,868 [pool-237-thread-1] INFO  server.RaftServerConfigKeys (ConfUtils.java:logGet(43)) - raft.server.log.statemachine.data.sync.timeout.retry = -1 (default)
2019-09-26 10:50:44,868 [pool-237-thread-1] INFO  server.RaftServerConfigKeys (ConfUtils.java:logGet(43)) - raft.server.log.statemachine.data.caching.enabled = true (custom)
2019-09-26 10:50:44,868 [pool-237-thread-1] INFO  segmented.SegmentedRaftLogWorker (SegmentedRaftLogWorker.java:lambda$new$0(132)) - 1c5c8622-0ed3-4a62-999f-f7d88c498e79@group-0D30CB6B76BD-SegmentedRaftLogWorker: flushIndex: setUnconditionally 0 -> -1
2019-09-26 10:50:44,869 [pool-237-thread-1] INFO  server.RaftServerConfigKeys (ConfUtils.java:logGet(43)) - raft.server.snapshot.auto.trigger.enabled = true (custom)
2019-09-26 10:50:44,869 [pool-237-thread-1] INFO  server.RaftServerConfigKeys (ConfUtils.java:logGet(43)) - raft.server.snapshot.auto.trigger.threshold = 10000 (custom)
2019-09-26 10:50:44,869 [pool-237-thread-1] INFO  server.RaftServerConfigKeys (ConfUtils.java:logGet(43)) - raft.server.snapshot.retention.num.files = 5 (custom)
2019-09-26 10:50:44,869 [pool-237-thread-1] INFO  server.RaftServerConfigKeys (ConfUtils.java:logGet(43)) - raft.server.retrycache.expirytime = 600000ms (custom)
2019-09-26 10:50:44,871 [pool-237-thread-1] INFO  impl.RaftServerImpl (RaftServerImpl.java:start(185)) - 1c5c8622-0ed3-4a62-999f-f7d88c498e79@group-0D30CB6B76BD: start as a follower, conf=-1: [1c5c8622-0ed3-4a62-999f-f7d88c498e79:192.168.30.13:40111], old=null
2019-09-26 10:50:44,871 [pool-237-thread-1] INFO  impl.RaftServerImpl (RaftServerImpl.java:setRole(174)) - 1c5c8622-0ed3-4a62-999f-f7d88c498e79@group-0D30CB6B76BD: changes role from      null to FOLLOWER at term 0 for startAsFollower
2019-09-26 10:50:44,872 [pool-237-thread-1] INFO  impl.RoleInfo (RoleInfo.java:updateAndGet(143)) - 1c5c8622-0ed3-4a62-999f-f7d88c498e79: start FollowerState
2019-09-26 10:50:44,872 [pool-237-thread-1] INFO  util.JmxRegister (JmxRegister.java:tryRegister(44)) - Successfully registered JMX Bean with object name Ratis:service=RaftServer,group=group-0D30CB6B76BD,id=1c5c8622-0ed3-4a62-999f-f7d88c498e79
2019-09-26 10:50:44,875 [RatisPipelineUtilsThread] INFO  pipeline.PipelineStateManager (PipelineStateManager.java:addPipeline(56)) - Created pipeline Pipeline[ Id: c7e6317d-ff55-414d-b15c-0d30cb6b76bd, Nodes: 1c5c8622-0ed3-4a62-999f-f7d88c498e79{ip: 192.168.30.13, host: pr-hdds-1569-wvzgm-824869521, networkLocation: /default-rack, certSerialId: null}, Type:RATIS, Factor:ONE, State:OPEN]
2019-09-26 10:50:44,875 [RatisPipelineUtilsThread] INFO  pipeline.PipelinePlacementPolicy (PipelinePlacementPolicy.java:meetCriteria(91)) - Pipeline Placement: can't place more pipeline on heavy datanode： 748f10d8-f7b1-4cbf-afbb-a313ec1e9bbc Heaviness: 6 limit: 5
2019-09-26 10:50:44,880 [grpc-default-executor-0] INFO  impl.RaftServerProxy (RaftServerProxy.java:addNew(89)) - 1c5c8622-0ed3-4a62-999f-f7d88c498e79: addNew group-FEA1C8A551AB:[1c5c8622-0ed3-4a62-999f-f7d88c498e79:192.168.30.13:40111] returns group-FEA1C8A551AB:java.util.concurrent.CompletableFuture@10aecd39[Not completed]
2019-09-26 10:50:44,884 [pool-237-thread-1] INFO  impl.RaftServerImpl (RaftServerImpl.java:<init>(95)) - 1c5c8622-0ed3-4a62-999f-f7d88c498e79: new RaftServerImpl for group-FEA1C8A551AB:[1c5c8622-0ed3-4a62-999f-f7d88c498e79:192.168.30.13:40111] with ContainerStateMachine:uninitialized
2019-09-26 10:50:44,884 [pool-237-thread-1] INFO  server.RaftServerConfigKeys (ConfUtils.java:logGet(43)) - raft.server.rpc.timeout.min = 5s (custom)
2019-09-26 10:50:44,885 [pool-237-thread-1] INFO  server.RaftServerConfigKeys (ConfUtils.java:logGet(43)) - raft.server.rpc.timeout.max = 5200ms (custom)
2019-09-26 10:50:44,885 [pool-237-thread-1] INFO  server.RaftServerConfigKeys (ConfUtils.java:logGet(43)) - raft.server.rpcslowness.timeout = 120s (custom)
2019-09-26 10:50:44,885 [pool-237-thread-1] INFO  server.RaftServerConfigKeys (ConfUtils.java:logGet(43)) - raft.server.sleep.deviation.threshold = 300 (default)
2019-09-26 10:50:44,885 [pool-237-thread-1] INFO  server.RaftServerConfigKeys (ConfUtils.java:logGet(43)) - raft.server.log.appender.install.snapshot.enabled = false (custom)
2019-09-26 10:50:44,885 [pool-237-thread-1] INFO  impl.RaftServerImpl (ServerState.java:<init>(103)) - 1c5c8622-0ed3-4a62-999f-f7d88c498e79@group-FEA1C8A551AB: ConfigurationManager, init=-1: [1c5c8622-0ed3-4a62-999f-f7d88c498e79:192.168.30.13:40111], old=null, confs=<EMPTY_MAP>
2019-09-26 10:50:44,885 [pool-237-thread-1] INFO  server.RaftServerConfigKeys (ConfUtils.java:logGet(43)) - raft.server.storage.dir = [/workdir/hadoop-ozone/ozonefs/target/test-dir/MiniOzoneClusterImpl-99c4f40c-1efe-4b17-8303-d48b923188ee/datanode-1/data/ratis] (custom)
2019-09-26 10:50:44,886 [pool-237-thread-1] INFO  storage.RaftStorageDirectory (RaftStorageDirectory.java:analyzeStorage(246)) - The storage directory /workdir/hadoop-ozone/ozonefs/target/test-dir/MiniOzoneClusterImpl-99c4f40c-1efe-4b17-8303-d48b923188ee/datanode-1/data/ratis/1f5f1522-d68d-477d-8dac-fea1c8a551ab does not exist. Creating ...
2019-09-26 10:50:44,899 [pool-237-thread-1] INFO  storage.RaftStorageDirectory (RaftStorageDirectory.java:tryLock(328)) - Lock on /workdir/hadoop-ozone/ozonefs/target/test-dir/MiniOzoneClusterImpl-99c4f40c-1efe-4b17-8303-d48b923188ee/datanode-1/data/ratis/1f5f1522-d68d-477d-8dac-fea1c8a551ab/in_use.lock acquired by nodename 25633@pr-hdds-1569-wvzgm-824869521
2019-09-26 10:50:44,912 [pool-237-thread-1] INFO  storage.RaftStorage (RaftStorage.java:format(72)) - Storage directory /workdir/hadoop-ozone/ozonefs/target/test-dir/MiniOzoneClusterImpl-99c4f40c-1efe-4b17-8303-d48b923188ee/datanode-1/data/ratis/1f5f1522-d68d-477d-8dac-fea1c8a551ab has been successfully formatted.
2019-09-26 10:50:44,912 [pool-237-thread-1] INFO  ratis.ContainerStateMachine (ContainerStateMachine.java:loadSnapshot(230)) - group-FEA1C8A551AB: The snapshot info is null. Setting the last applied indexto:(t:0, i:~)
2019-09-26 10:50:44,912 [pool-237-thread-1] INFO  server.RaftServerConfigKeys (ConfUtils.java:logGet(43)) - raft.server.notification.no-leader.timeout = 120s (custom)
2019-09-26 10:50:44,912 [pool-237-thread-1] INFO  server.RaftServerConfigKeys (ConfUtils.java:logGet(43)) - raft.server.log.use.memory = false (default)
2019-09-26 10:50:44,912 [pool-237-thread-1] INFO  server.RaftServerConfigKeys (ConfUtils.java:logGet(43)) - raft.server.log.purge.gap = 1000000 (custom)
2019-09-26 10:50:44,912 [pool-237-thread-1] INFO  server.RaftServerConfigKeys (ConfUtils.java:logGet(43)) - raft.server.log.appender.buffer.byte-limit = 33554432 (custom)
2019-09-26 10:50:44,913 [pool-237-thread-1] INFO  server.RaftServerConfigKeys (ConfUtils.java:logGet(43)) - raft.server.log.segment.size.max = 1048576 (custom)
2019-09-26 10:50:44,913 [pool-237-thread-1] INFO  server.RaftServerConfigKeys (ConfUtils.java:logGet(43)) - raft.server.log.segment.cache.num.max = 2 (custom)
2019-09-26 10:50:44,913 [pool-237-thread-1] INFO  segmented.SegmentedRaftLogWorker (SegmentedRaftLogWorker.java:<init>(172)) - new 1c5c8622-0ed3-4a62-999f-f7d88c498e79@group-FEA1C8A551AB-SegmentedRaftLogWorker for RaftStorage:Storage Directory /workdir/hadoop-ozone/ozonefs/target/test-dir/MiniOzoneClusterImpl-99c4f40c-1efe-4b17-8303-d48b923188ee/datanode-1/data/ratis/1f5f1522-d68d-477d-8dac-fea1c8a551ab
2019-09-26 10:50:44,913 [pool-237-thread-1] INFO  server.RaftServerConfigKeys (ConfUtils.java:logGet(43)) - raft.server.log.queue.byte-limit = 2147483647 (custom)
2019-09-26 10:50:44,913 [pool-237-thread-1] INFO  server.RaftServerConfigKeys (ConfUtils.java:logGet(43)) - raft.server.log.queue.element-limit = 1024 (custom)
2019-09-26 10:50:44,913 [pool-237-thread-1] INFO  server.RaftServerConfigKeys (ConfUtils.java:logGet(43)) - raft.server.log.segment.size.max = 1048576 (custom)
2019-09-26 10:50:44,914 [pool-237-thread-1] INFO  server.RaftServerConfigKeys (ConfUtils.java:logGet(43)) - raft.server.log.preallocated.size = 16384 (custom)
2019-09-26 10:50:44,914 [pool-237-thread-1] INFO  server.RaftServerConfigKeys (ConfUtils.java:logGet(43)) - raft.server.log.write.buffer.size = 33554432 (custom)
2019-09-26 10:50:44,914 [pool-237-thread-1] INFO  server.RaftServerConfigKeys (ConfUtils.java:logGet(43)) - raft.server.log.force.sync.num = 128 (default)
2019-09-26 10:50:44,914 [pool-237-thread-1] INFO  server.RaftServerConfigKeys (ConfUtils.java:logGet(43)) - raft.server.log.statemachine.data.sync = true (default)
2019-09-26 10:50:44,914 [pool-237-thread-1] INFO  server.RaftServerConfigKeys (ConfUtils.java:logGet(43)) - raft.server.log.statemachine.data.sync.timeout = 10s (default)
2019-09-26 10:50:44,914 [pool-237-thread-1] INFO  server.RaftServerConfigKeys (ConfUtils.java:logGet(43)) - raft.server.log.statemachine.data.sync.timeout.retry = -1 (default)
2019-09-26 10:50:44,915 [pool-237-thread-1] INFO  server.RaftServerConfigKeys (ConfUtils.java:logGet(43)) - raft.server.log.statemachine.data.caching.enabled = true (custom)
2019-09-26 10:50:44,915 [pool-237-thread-1] INFO  segmented.SegmentedRaftLogWorker (SegmentedRaftLogWorker.java:lambda$new$0(132)) - 1c5c8622-0ed3-4a62-999f-f7d88c498e79@group-FEA1C8A551AB-SegmentedRaftLogWorker: flushIndex: setUnconditionally 0 -> -1
2019-09-26 10:50:44,915 [pool-237-thread-1] INFO  server.RaftServerConfigKeys (ConfUtils.java:logGet(43)) - raft.server.snapshot.auto.trigger.enabled = true (custom)
2019-09-26 10:50:44,915 [pool-237-thread-1] INFO  server.RaftServerConfigKeys (ConfUtils.java:logGet(43)) - raft.server.snapshot.auto.trigger.threshold = 10000 (custom)
2019-09-26 10:50:44,916 [pool-237-thread-1] INFO  server.RaftServerConfigKeys (ConfUtils.java:logGet(43)) - raft.server.snapshot.retention.num.files = 5 (custom)
2019-09-26 10:50:44,916 [pool-237-thread-1] INFO  server.RaftServerConfigKeys (ConfUtils.java:logGet(43)) - raft.server.retrycache.expirytime = 600000ms (custom)
2019-09-26 10:50:44,918 [pool-237-thread-1] INFO  impl.RaftServerImpl (RaftServerImpl.java:start(185)) - 1c5c8622-0ed3-4a62-999f-f7d88c498e79@group-FEA1C8A551AB: start as a follower, conf=-1: [1c5c8622-0ed3-4a62-999f-f7d88c498e79:192.168.30.13:40111], old=null
2019-09-26 10:50:44,918 [pool-237-thread-1] INFO  impl.RaftServerImpl (RaftServerImpl.java:setRole(174)) - 1c5c8622-0ed3-4a62-999f-f7d88c498e79@group-FEA1C8A551AB: changes role from      null to FOLLOWER at term 0 for startAsFollower
2019-09-26 10:50:44,918 [pool-237-thread-1] INFO  impl.RoleInfo (RoleInfo.java:updateAndGet(143)) - 1c5c8622-0ed3-4a62-999f-f7d88c498e79: start FollowerState
2019-09-26 10:50:44,918 [pool-237-thread-1] INFO  util.JmxRegister (JmxRegister.java:tryRegister(44)) - Successfully registered JMX Bean with object name Ratis:service=RaftServer,group=group-FEA1C8A551AB,id=1c5c8622-0ed3-4a62-999f-f7d88c498e79
2019-09-26 10:50:44,922 [RatisPipelineUtilsThread] INFO  pipeline.PipelineStateManager (PipelineStateManager.java:addPipeline(56)) - Created pipeline Pipeline[ Id: 1f5f1522-d68d-477d-8dac-fea1c8a551ab, Nodes: 1c5c8622-0ed3-4a62-999f-f7d88c498e79{ip: 192.168.30.13, host: pr-hdds-1569-wvzgm-824869521, networkLocation: /default-rack, certSerialId: null}, Type:RATIS, Factor:ONE, State:OPEN]
2019-09-26 10:50:44,922 [RatisPipelineUtilsThread] INFO  pipeline.PipelinePlacementPolicy (PipelinePlacementPolicy.java:meetCriteria(91)) - Pipeline Placement: can't place more pipeline on heavy datanode： 748f10d8-f7b1-4cbf-afbb-a313ec1e9bbc Heaviness: 6 limit: 5
2019-09-26 10:50:44,927 [grpc-default-executor-0] INFO  impl.RaftServerProxy (RaftServerProxy.java:addNew(89)) - 1c5c8622-0ed3-4a62-999f-f7d88c498e79: addNew group-D00E2896749D:[1c5c8622-0ed3-4a62-999f-f7d88c498e79:192.168.30.13:40111] returns group-D00E2896749D:java.util.concurrent.CompletableFuture@583f3b19[Not completed]
2019-09-26 10:50:44,929 [pool-237-thread-1] INFO  impl.RaftServerImpl (RaftServerImpl.java:<init>(95)) - 1c5c8622-0ed3-4a62-999f-f7d88c498e79: new RaftServerImpl for group-D00E2896749D:[1c5c8622-0ed3-4a62-999f-f7d88c498e79:192.168.30.13:40111] with ContainerStateMachine:uninitialized
2019-09-26 10:50:44,929 [pool-237-thread-1] INFO  server.RaftServerConfigKeys (ConfUtils.java:logGet(43)) - raft.server.rpc.timeout.min = 5s (custom)
2019-09-26 10:50:44,929 [pool-237-thread-1] INFO  server.RaftServerConfigKeys (ConfUtils.java:logGet(43)) - raft.server.rpc.timeout.max = 5200ms (custom)
2019-09-26 10:50:44,929 [pool-237-thread-1] INFO  server.RaftServerConfigKeys (ConfUtils.java:logGet(43)) - raft.server.rpcslowness.timeout = 120s (custom)
2019-09-26 10:50:44,929 [pool-237-thread-1] INFO  server.RaftServerConfigKeys (ConfUtils.java:logGet(43)) - raft.server.sleep.deviation.threshold = 300 (default)
2019-09-26 10:50:44,929 [pool-237-thread-1] INFO  server.RaftServerConfigKeys (ConfUtils.java:logGet(43)) - raft.server.log.appender.install.snapshot.enabled = false (custom)
2019-09-26 10:50:44,929 [pool-237-thread-1] INFO  impl.RaftServerImpl (ServerState.java:<init>(103)) - 1c5c8622-0ed3-4a62-999f-f7d88c498e79@group-D00E2896749D: ConfigurationManager, init=-1: [1c5c8622-0ed3-4a62-999f-f7d88c498e79:192.168.30.13:40111], old=null, confs=<EMPTY_MAP>
2019-09-26 10:50:44,930 [pool-237-thread-1] INFO  server.RaftServerConfigKeys (ConfUtils.java:logGet(43)) - raft.server.storage.dir = [/workdir/hadoop-ozone/ozonefs/target/test-dir/MiniOzoneClusterImpl-99c4f40c-1efe-4b17-8303-d48b923188ee/datanode-1/data/ratis] (custom)
2019-09-26 10:50:44,930 [pool-237-thread-1] INFO  storage.RaftStorageDirectory (RaftStorageDirectory.java:analyzeStorage(246)) - The storage directory /workdir/hadoop-ozone/ozonefs/target/test-dir/MiniOzoneClusterImpl-99c4f40c-1efe-4b17-8303-d48b923188ee/datanode-1/data/ratis/e49d51b8-ac95-4ac6-9979-d00e2896749d does not exist. Creating ...
2019-09-26 10:50:44,942 [pool-237-thread-1] INFO  storage.RaftStorageDirectory (RaftStorageDirectory.java:tryLock(328)) - Lock on /workdir/hadoop-ozone/ozonefs/target/test-dir/MiniOzoneClusterImpl-99c4f40c-1efe-4b17-8303-d48b923188ee/datanode-1/data/ratis/e49d51b8-ac95-4ac6-9979-d00e2896749d/in_use.lock acquired by nodename 25633@pr-hdds-1569-wvzgm-824869521
2019-09-26 10:50:44,967 [pool-237-thread-1] INFO  storage.RaftStorage (RaftStorage.java:format(72)) - Storage directory /workdir/hadoop-ozone/ozonefs/target/test-dir/MiniOzoneClusterImpl-99c4f40c-1efe-4b17-8303-d48b923188ee/datanode-1/data/ratis/e49d51b8-ac95-4ac6-9979-d00e2896749d has been successfully formatted.
2019-09-26 10:50:44,967 [pool-237-thread-1] INFO  ratis.ContainerStateMachine (ContainerStateMachine.java:loadSnapshot(230)) - group-D00E2896749D: The snapshot info is null. Setting the last applied indexto:(t:0, i:~)
2019-09-26 10:50:44,967 [pool-237-thread-1] INFO  server.RaftServerConfigKeys (ConfUtils.java:logGet(43)) - raft.server.notification.no-leader.timeout = 120s (custom)
2019-09-26 10:50:44,967 [pool-237-thread-1] INFO  server.RaftServerConfigKeys (ConfUtils.java:logGet(43)) - raft.server.log.use.memory = false (default)
2019-09-26 10:50:44,967 [pool-237-thread-1] INFO  server.RaftServerConfigKeys (ConfUtils.java:logGet(43)) - raft.server.log.purge.gap = 1000000 (custom)
2019-09-26 10:50:44,967 [pool-237-thread-1] INFO  server.RaftServerConfigKeys (ConfUtils.java:logGet(43)) - raft.server.log.appender.buffer.byte-limit = 33554432 (custom)
2019-09-26 10:50:44,968 [pool-237-thread-1] INFO  server.RaftServerConfigKeys (ConfUtils.java:logGet(43)) - raft.server.log.segment.size.max = 1048576 (custom)
2019-09-26 10:50:44,968 [pool-237-thread-1] INFO  server.RaftServerConfigKeys (ConfUtils.java:logGet(43)) - raft.server.log.segment.cache.num.max = 2 (custom)
2019-09-26 10:50:44,968 [pool-237-thread-1] INFO  segmented.SegmentedRaftLogWorker (SegmentedRaftLogWorker.java:<init>(172)) - new 1c5c8622-0ed3-4a62-999f-f7d88c498e79@group-D00E2896749D-SegmentedRaftLogWorker for RaftStorage:Storage Directory /workdir/hadoop-ozone/ozonefs/target/test-dir/MiniOzoneClusterImpl-99c4f40c-1efe-4b17-8303-d48b923188ee/datanode-1/data/ratis/e49d51b8-ac95-4ac6-9979-d00e2896749d
2019-09-26 10:50:44,968 [pool-237-thread-1] INFO  server.RaftServerConfigKeys (ConfUtils.java:logGet(43)) - raft.server.log.queue.byte-limit = 2147483647 (custom)
2019-09-26 10:50:44,968 [pool-237-thread-1] INFO  server.RaftServerConfigKeys (ConfUtils.java:logGet(43)) - raft.server.log.queue.element-limit = 1024 (custom)
2019-09-26 10:50:44,968 [pool-237-thread-1] INFO  server.RaftServerConfigKeys (ConfUtils.java:logGet(43)) - raft.server.log.segment.size.max = 1048576 (custom)
2019-09-26 10:50:44,968 [pool-237-thread-1] INFO  server.RaftServerConfigKeys (ConfUtils.java:logGet(43)) - raft.server.log.preallocated.size = 16384 (custom)
2019-09-26 10:50:44,969 [pool-237-thread-1] INFO  server.RaftServerConfigKeys (ConfUtils.java:logGet(43)) - raft.server.log.write.buffer.size = 33554432 (custom)
2019-09-26 10:50:44,969 [pool-237-thread-1] INFO  server.RaftServerConfigKeys (ConfUtils.java:logGet(43)) - raft.server.log.force.sync.num = 128 (default)
2019-09-26 10:50:44,969 [pool-237-thread-1] INFO  server.RaftServerConfigKeys (ConfUtils.java:logGet(43)) - raft.server.log.statemachine.data.sync = true (default)
2019-09-26 10:50:44,969 [pool-237-thread-1] INFO  server.RaftServerConfigKeys (ConfUtils.java:logGet(43)) - raft.server.log.statemachine.data.sync.timeout = 10s (default)
2019-09-26 10:50:44,969 [pool-237-thread-1] INFO  server.RaftServerConfigKeys (ConfUtils.java:logGet(43)) - raft.server.log.statemachine.data.sync.timeout.retry = -1 (default)
2019-09-26 10:50:44,969 [pool-237-thread-1] INFO  server.RaftServerConfigKeys (ConfUtils.java:logGet(43)) - raft.server.log.statemachine.data.caching.enabled = true (custom)
2019-09-26 10:50:44,970 [pool-237-thread-1] INFO  segmented.SegmentedRaftLogWorker (SegmentedRaftLogWorker.java:lambda$new$0(132)) - 1c5c8622-0ed3-4a62-999f-f7d88c498e79@group-D00E2896749D-SegmentedRaftLogWorker: flushIndex: setUnconditionally 0 -> -1
2019-09-26 10:50:44,970 [pool-237-thread-1] INFO  server.RaftServerConfigKeys (ConfUtils.java:logGet(43)) - raft.server.snapshot.auto.trigger.enabled = true (custom)
2019-09-26 10:50:44,970 [pool-237-thread-1] INFO  server.RaftServerConfigKeys (ConfUtils.java:logGet(43)) - raft.server.snapshot.auto.trigger.threshold = 10000 (custom)
2019-09-26 10:50:44,970 [pool-237-thread-1] INFO  server.RaftServerConfigKeys (ConfUtils.java:logGet(43)) - raft.server.snapshot.retention.num.files = 5 (custom)
2019-09-26 10:50:44,970 [pool-237-thread-1] INFO  server.RaftServerConfigKeys (ConfUtils.java:logGet(43)) - raft.server.retrycache.expirytime = 600000ms (custom)
2019-09-26 10:50:44,972 [pool-237-thread-1] INFO  impl.RaftServerImpl (RaftServerImpl.java:start(185)) - 1c5c8622-0ed3-4a62-999f-f7d88c498e79@group-D00E2896749D: start as a follower, conf=-1: [1c5c8622-0ed3-4a62-999f-f7d88c498e79:192.168.30.13:40111], old=null
2019-09-26 10:50:44,972 [pool-237-thread-1] INFO  impl.RaftServerImpl (RaftServerImpl.java:setRole(174)) - 1c5c8622-0ed3-4a62-999f-f7d88c498e79@group-D00E2896749D: changes role from      null to FOLLOWER at term 0 for startAsFollower
2019-09-26 10:50:44,972 [pool-237-thread-1] INFO  impl.RoleInfo (RoleInfo.java:updateAndGet(143)) - 1c5c8622-0ed3-4a62-999f-f7d88c498e79: start FollowerState
2019-09-26 10:50:44,973 [pool-237-thread-1] INFO  util.JmxRegister (JmxRegister.java:tryRegister(44)) - Successfully registered JMX Bean with object name Ratis:service=RaftServer,group=group-D00E2896749D,id=1c5c8622-0ed3-4a62-999f-f7d88c498e79
2019-09-26 10:50:44,976 [RatisPipelineUtilsThread] INFO  pipeline.PipelineStateManager (PipelineStateManager.java:addPipeline(56)) - Created pipeline Pipeline[ Id: e49d51b8-ac95-4ac6-9979-d00e2896749d, Nodes: 1c5c8622-0ed3-4a62-999f-f7d88c498e79{ip: 192.168.30.13, host: pr-hdds-1569-wvzgm-824869521, networkLocation: /default-rack, certSerialId: null}, Type:RATIS, Factor:ONE, State:OPEN]
2019-09-26 10:50:44,976 [RatisPipelineUtilsThread] INFO  pipeline.PipelinePlacementPolicy (PipelinePlacementPolicy.java:meetCriteria(91)) - Pipeline Placement: can't place more pipeline on heavy datanode： 748f10d8-f7b1-4cbf-afbb-a313ec1e9bbc Heaviness: 6 limit: 5
2019-09-26 10:50:44,976 [RatisPipelineUtilsThread] INFO  pipeline.PipelinePlacementPolicy (PipelinePlacementPolicy.java:meetCriteria(91)) - Pipeline Placement: can't place more pipeline on heavy datanode： 1c5c8622-0ed3-4a62-999f-f7d88c498e79 Heaviness: 6 limit: 5
2019-09-26 10:50:44,984 [grpc-default-executor-0] INFO  impl.RaftServerProxy (RaftServerProxy.java:addNew(89)) - 6e58f488-afe0-40d3-b73f-51cd36198913: addNew group-AC80E2C5403E:[6e58f488-afe0-40d3-b73f-51cd36198913:192.168.30.13:42251] returns group-AC80E2C5403E:java.util.concurrent.CompletableFuture@5bd3a40b[Not completed]
2019-09-26 10:50:44,985 [pool-247-thread-1] INFO  impl.RaftServerImpl (RaftServerImpl.java:<init>(95)) - 6e58f488-afe0-40d3-b73f-51cd36198913: new RaftServerImpl for group-AC80E2C5403E:[6e58f488-afe0-40d3-b73f-51cd36198913:192.168.30.13:42251] with ContainerStateMachine:uninitialized
2019-09-26 10:50:44,985 [pool-247-thread-1] INFO  server.RaftServerConfigKeys (ConfUtils.java:logGet(43)) - raft.server.rpc.timeout.min = 5s (custom)
2019-09-26 10:50:44,986 [pool-247-thread-1] INFO  server.RaftServerConfigKeys (ConfUtils.java:logGet(43)) - raft.server.rpc.timeout.max = 5200ms (custom)
2019-09-26 10:50:44,986 [pool-247-thread-1] INFO  server.RaftServerConfigKeys (ConfUtils.java:logGet(43)) - raft.server.rpcslowness.timeout = 120s (custom)
2019-09-26 10:50:44,986 [pool-247-thread-1] INFO  server.RaftServerConfigKeys (ConfUtils.java:logGet(43)) - raft.server.sleep.deviation.threshold = 300 (default)
2019-09-26 10:50:44,986 [pool-247-thread-1] INFO  server.RaftServerConfigKeys (ConfUtils.java:logGet(43)) - raft.server.log.appender.install.snapshot.enabled = false (custom)
2019-09-26 10:50:44,986 [pool-247-thread-1] INFO  impl.RaftServerImpl (ServerState.java:<init>(103)) - 6e58f488-afe0-40d3-b73f-51cd36198913@group-AC80E2C5403E: ConfigurationManager, init=-1: [6e58f488-afe0-40d3-b73f-51cd36198913:192.168.30.13:42251], old=null, confs=<EMPTY_MAP>
2019-09-26 10:50:44,986 [pool-247-thread-1] INFO  server.RaftServerConfigKeys (ConfUtils.java:logGet(43)) - raft.server.storage.dir = [/workdir/hadoop-ozone/ozonefs/target/test-dir/MiniOzoneClusterImpl-99c4f40c-1efe-4b17-8303-d48b923188ee/datanode-2/data/ratis] (custom)
2019-09-26 10:50:44,987 [pool-247-thread-1] INFO  storage.RaftStorageDirectory (RaftStorageDirectory.java:analyzeStorage(246)) - The storage directory /workdir/hadoop-ozone/ozonefs/target/test-dir/MiniOzoneClusterImpl-99c4f40c-1efe-4b17-8303-d48b923188ee/datanode-2/data/ratis/16e97ecd-f710-437b-a26c-ac80e2c5403e does not exist. Creating ...
2019-09-26 10:50:44,999 [pool-247-thread-1] INFO  storage.RaftStorageDirectory (RaftStorageDirectory.java:tryLock(328)) - Lock on /workdir/hadoop-ozone/ozonefs/target/test-dir/MiniOzoneClusterImpl-99c4f40c-1efe-4b17-8303-d48b923188ee/datanode-2/data/ratis/16e97ecd-f710-437b-a26c-ac80e2c5403e/in_use.lock acquired by nodename 25633@pr-hdds-1569-wvzgm-824869521
2019-09-26 10:50:45,013 [pool-247-thread-1] INFO  storage.RaftStorage (RaftStorage.java:format(72)) - Storage directory /workdir/hadoop-ozone/ozonefs/target/test-dir/MiniOzoneClusterImpl-99c4f40c-1efe-4b17-8303-d48b923188ee/datanode-2/data/ratis/16e97ecd-f710-437b-a26c-ac80e2c5403e has been successfully formatted.
2019-09-26 10:50:45,013 [pool-247-thread-1] INFO  ratis.ContainerStateMachine (ContainerStateMachine.java:loadSnapshot(230)) - group-AC80E2C5403E: The snapshot info is null. Setting the last applied indexto:(t:0, i:~)
2019-09-26 10:50:45,013 [pool-247-thread-1] INFO  server.RaftServerConfigKeys (ConfUtils.java:logGet(43)) - raft.server.notification.no-leader.timeout = 120s (custom)
2019-09-26 10:50:45,014 [pool-247-thread-1] INFO  server.RaftServerConfigKeys (ConfUtils.java:logGet(43)) - raft.server.log.use.memory = false (default)
2019-09-26 10:50:45,014 [pool-247-thread-1] INFO  server.RaftServerConfigKeys (ConfUtils.java:logGet(43)) - raft.server.log.purge.gap = 1000000 (custom)
2019-09-26 10:50:45,014 [pool-247-thread-1] INFO  server.RaftServerConfigKeys (ConfUtils.java:logGet(43)) - raft.server.log.appender.buffer.byte-limit = 33554432 (custom)
2019-09-26 10:50:45,014 [pool-247-thread-1] INFO  server.RaftServerConfigKeys (ConfUtils.java:logGet(43)) - raft.server.log.segment.size.max = 1048576 (custom)
2019-09-26 10:50:45,014 [pool-247-thread-1] INFO  server.RaftServerConfigKeys (ConfUtils.java:logGet(43)) - raft.server.log.segment.cache.num.max = 2 (custom)
2019-09-26 10:50:45,014 [pool-247-thread-1] INFO  segmented.SegmentedRaftLogWorker (SegmentedRaftLogWorker.java:<init>(172)) - new 6e58f488-afe0-40d3-b73f-51cd36198913@group-AC80E2C5403E-SegmentedRaftLogWorker for RaftStorage:Storage Directory /workdir/hadoop-ozone/ozonefs/target/test-dir/MiniOzoneClusterImpl-99c4f40c-1efe-4b17-8303-d48b923188ee/datanode-2/data/ratis/16e97ecd-f710-437b-a26c-ac80e2c5403e
2019-09-26 10:50:45,016 [pool-247-thread-1] INFO  server.RaftServerConfigKeys (ConfUtils.java:logGet(43)) - raft.server.log.queue.byte-limit = 2147483647 (custom)
2019-09-26 10:50:45,016 [pool-247-thread-1] INFO  server.RaftServerConfigKeys (ConfUtils.java:logGet(43)) - raft.server.log.queue.element-limit = 1024 (custom)
2019-09-26 10:50:45,016 [pool-247-thread-1] INFO  server.RaftServerConfigKeys (ConfUtils.java:logGet(43)) - raft.server.log.segment.size.max = 1048576 (custom)
2019-09-26 10:50:45,016 [pool-247-thread-1] INFO  server.RaftServerConfigKeys (ConfUtils.java:logGet(43)) - raft.server.log.preallocated.size = 16384 (custom)
2019-09-26 10:50:45,017 [pool-247-thread-1] INFO  server.RaftServerConfigKeys (ConfUtils.java:logGet(43)) - raft.server.log.write.buffer.size = 33554432 (custom)
2019-09-26 10:50:45,017 [pool-247-thread-1] INFO  server.RaftServerConfigKeys (ConfUtils.java:logGet(43)) - raft.server.log.force.sync.num = 128 (default)
2019-09-26 10:50:45,017 [pool-247-thread-1] INFO  server.RaftServerConfigKeys (ConfUtils.java:logGet(43)) - raft.server.log.statemachine.data.sync = true (default)
2019-09-26 10:50:45,017 [pool-247-thread-1] INFO  server.RaftServerConfigKeys (ConfUtils.java:logGet(43)) - raft.server.log.statemachine.data.sync.timeout = 10s (default)
2019-09-26 10:50:45,017 [pool-247-thread-1] INFO  server.RaftServerConfigKeys (ConfUtils.java:logGet(43)) - raft.server.log.statemachine.data.sync.timeout.retry = -1 (default)
2019-09-26 10:50:45,017 [pool-247-thread-1] INFO  server.RaftServerConfigKeys (ConfUtils.java:logGet(43)) - raft.server.log.statemachine.data.caching.enabled = true (custom)
2019-09-26 10:50:45,018 [pool-247-thread-1] INFO  segmented.SegmentedRaftLogWorker (SegmentedRaftLogWorker.java:lambda$new$0(132)) - 6e58f488-afe0-40d3-b73f-51cd36198913@group-AC80E2C5403E-SegmentedRaftLogWorker: flushIndex: setUnconditionally 0 -> -1
2019-09-26 10:50:45,018 [pool-247-thread-1] INFO  server.RaftServerConfigKeys (ConfUtils.java:logGet(43)) - raft.server.snapshot.auto.trigger.enabled = true (custom)
2019-09-26 10:50:45,018 [pool-247-thread-1] INFO  server.RaftServerConfigKeys (ConfUtils.java:logGet(43)) - raft.server.snapshot.auto.trigger.threshold = 10000 (custom)
2019-09-26 10:50:45,018 [pool-247-thread-1] INFO  server.RaftServerConfigKeys (ConfUtils.java:logGet(43)) - raft.server.snapshot.retention.num.files = 5 (custom)
2019-09-26 10:50:45,018 [pool-247-thread-1] INFO  server.RaftServerConfigKeys (ConfUtils.java:logGet(43)) - raft.server.retrycache.expirytime = 600000ms (custom)
2019-09-26 10:50:45,020 [pool-247-thread-1] INFO  impl.RaftServerImpl (RaftServerImpl.java:start(185)) - 6e58f488-afe0-40d3-b73f-51cd36198913@group-AC80E2C5403E: start as a follower, conf=-1: [6e58f488-afe0-40d3-b73f-51cd36198913:192.168.30.13:42251], old=null
2019-09-26 10:50:45,020 [pool-247-thread-1] INFO  impl.RaftServerImpl (RaftServerImpl.java:setRole(174)) - 6e58f488-afe0-40d3-b73f-51cd36198913@group-AC80E2C5403E: changes role from      null to FOLLOWER at term 0 for startAsFollower
2019-09-26 10:50:45,020 [pool-247-thread-1] INFO  impl.RoleInfo (RoleInfo.java:updateAndGet(143)) - 6e58f488-afe0-40d3-b73f-51cd36198913: start FollowerState
2019-09-26 10:50:45,021 [pool-247-thread-1] INFO  util.JmxRegister (JmxRegister.java:tryRegister(44)) - Successfully registered JMX Bean with object name Ratis:service=RaftServer,group=group-AC80E2C5403E,id=6e58f488-afe0-40d3-b73f-51cd36198913
2019-09-26 10:50:45,023 [RatisPipelineUtilsThread] INFO  pipeline.PipelineStateManager (PipelineStateManager.java:addPipeline(56)) - Created pipeline Pipeline[ Id: 16e97ecd-f710-437b-a26c-ac80e2c5403e, Nodes: 6e58f488-afe0-40d3-b73f-51cd36198913{ip: 192.168.30.13, host: pr-hdds-1569-wvzgm-824869521, networkLocation: /default-rack, certSerialId: null}, Type:RATIS, Factor:ONE, State:OPEN]
2019-09-26 10:50:45,024 [RatisPipelineUtilsThread] INFO  pipeline.PipelinePlacementPolicy (PipelinePlacementPolicy.java:meetCriteria(91)) - Pipeline Placement: can't place more pipeline on heavy datanode： 748f10d8-f7b1-4cbf-afbb-a313ec1e9bbc Heaviness: 6 limit: 5
2019-09-26 10:50:45,024 [RatisPipelineUtilsThread] INFO  pipeline.PipelinePlacementPolicy (PipelinePlacementPolicy.java:meetCriteria(91)) - Pipeline Placement: can't place more pipeline on heavy datanode： 1c5c8622-0ed3-4a62-999f-f7d88c498e79 Heaviness: 6 limit: 5
2019-09-26 10:50:45,030 [grpc-default-executor-0] INFO  impl.RaftServerProxy (RaftServerProxy.java:addNew(89)) - 6e58f488-afe0-40d3-b73f-51cd36198913: addNew group-F75AEB9AE6E9:[6e58f488-afe0-40d3-b73f-51cd36198913:192.168.30.13:42251] returns group-F75AEB9AE6E9:java.util.concurrent.CompletableFuture@43e218b3[Not completed]
2019-09-26 10:50:45,031 [pool-247-thread-1] INFO  impl.RaftServerImpl (RaftServerImpl.java:<init>(95)) - 6e58f488-afe0-40d3-b73f-51cd36198913: new RaftServerImpl for group-F75AEB9AE6E9:[6e58f488-afe0-40d3-b73f-51cd36198913:192.168.30.13:42251] with ContainerStateMachine:uninitialized
2019-09-26 10:50:45,032 [pool-247-thread-1] INFO  server.RaftServerConfigKeys (ConfUtils.java:logGet(43)) - raft.server.rpc.timeout.min = 5s (custom)
2019-09-26 10:50:45,032 [pool-247-thread-1] INFO  server.RaftServerConfigKeys (ConfUtils.java:logGet(43)) - raft.server.rpc.timeout.max = 5200ms (custom)
2019-09-26 10:50:45,032 [pool-247-thread-1] INFO  server.RaftServerConfigKeys (ConfUtils.java:logGet(43)) - raft.server.rpcslowness.timeout = 120s (custom)
2019-09-26 10:50:45,032 [pool-247-thread-1] INFO  server.RaftServerConfigKeys (ConfUtils.java:logGet(43)) - raft.server.sleep.deviation.threshold = 300 (default)
2019-09-26 10:50:45,032 [pool-247-thread-1] INFO  server.RaftServerConfigKeys (ConfUtils.java:logGet(43)) - raft.server.log.appender.install.snapshot.enabled = false (custom)
2019-09-26 10:50:45,032 [pool-247-thread-1] INFO  impl.RaftServerImpl (ServerState.java:<init>(103)) - 6e58f488-afe0-40d3-b73f-51cd36198913@group-F75AEB9AE6E9: ConfigurationManager, init=-1: [6e58f488-afe0-40d3-b73f-51cd36198913:192.168.30.13:42251], old=null, confs=<EMPTY_MAP>
2019-09-26 10:50:45,032 [pool-247-thread-1] INFO  server.RaftServerConfigKeys (ConfUtils.java:logGet(43)) - raft.server.storage.dir = [/workdir/hadoop-ozone/ozonefs/target/test-dir/MiniOzoneClusterImpl-99c4f40c-1efe-4b17-8303-d48b923188ee/datanode-2/data/ratis] (custom)
2019-09-26 10:50:45,033 [pool-247-thread-1] INFO  storage.RaftStorageDirectory (RaftStorageDirectory.java:analyzeStorage(246)) - The storage directory /workdir/hadoop-ozone/ozonefs/target/test-dir/MiniOzoneClusterImpl-99c4f40c-1efe-4b17-8303-d48b923188ee/datanode-2/data/ratis/eb22310f-22d0-4ca9-afcc-f75aeb9ae6e9 does not exist. Creating ...
2019-09-26 10:50:45,046 [pool-247-thread-1] INFO  storage.RaftStorageDirectory (RaftStorageDirectory.java:tryLock(328)) - Lock on /workdir/hadoop-ozone/ozonefs/target/test-dir/MiniOzoneClusterImpl-99c4f40c-1efe-4b17-8303-d48b923188ee/datanode-2/data/ratis/eb22310f-22d0-4ca9-afcc-f75aeb9ae6e9/in_use.lock acquired by nodename 25633@pr-hdds-1569-wvzgm-824869521
2019-09-26 10:50:45,059 [pool-247-thread-1] INFO  storage.RaftStorage (RaftStorage.java:format(72)) - Storage directory /workdir/hadoop-ozone/ozonefs/target/test-dir/MiniOzoneClusterImpl-99c4f40c-1efe-4b17-8303-d48b923188ee/datanode-2/data/ratis/eb22310f-22d0-4ca9-afcc-f75aeb9ae6e9 has been successfully formatted.
2019-09-26 10:50:45,059 [pool-247-thread-1] INFO  ratis.ContainerStateMachine (ContainerStateMachine.java:loadSnapshot(230)) - group-F75AEB9AE6E9: The snapshot info is null. Setting the last applied indexto:(t:0, i:~)
2019-09-26 10:50:45,059 [pool-247-thread-1] INFO  server.RaftServerConfigKeys (ConfUtils.java:logGet(43)) - raft.server.notification.no-leader.timeout = 120s (custom)
2019-09-26 10:50:45,059 [pool-247-thread-1] INFO  server.RaftServerConfigKeys (ConfUtils.java:logGet(43)) - raft.server.log.use.memory = false (default)
2019-09-26 10:50:45,059 [pool-247-thread-1] INFO  server.RaftServerConfigKeys (ConfUtils.java:logGet(43)) - raft.server.log.purge.gap = 1000000 (custom)
2019-09-26 10:50:45,060 [pool-247-thread-1] INFO  server.RaftServerConfigKeys (ConfUtils.java:logGet(43)) - raft.server.log.appender.buffer.byte-limit = 33554432 (custom)
2019-09-26 10:50:45,060 [pool-247-thread-1] INFO  server.RaftServerConfigKeys (ConfUtils.java:logGet(43)) - raft.server.log.segment.size.max = 1048576 (custom)
2019-09-26 10:50:45,060 [pool-247-thread-1] INFO  server.RaftServerConfigKeys (ConfUtils.java:logGet(43)) - raft.server.log.segment.cache.num.max = 2 (custom)
2019-09-26 10:50:45,060 [pool-247-thread-1] INFO  segmented.SegmentedRaftLogWorker (SegmentedRaftLogWorker.java:<init>(172)) - new 6e58f488-afe0-40d3-b73f-51cd36198913@group-F75AEB9AE6E9-SegmentedRaftLogWorker for RaftStorage:Storage Directory /workdir/hadoop-ozone/ozonefs/target/test-dir/MiniOzoneClusterImpl-99c4f40c-1efe-4b17-8303-d48b923188ee/datanode-2/data/ratis/eb22310f-22d0-4ca9-afcc-f75aeb9ae6e9
2019-09-26 10:50:45,060 [pool-247-thread-1] INFO  server.RaftServerConfigKeys (ConfUtils.java:logGet(43)) - raft.server.log.queue.byte-limit = 2147483647 (custom)
2019-09-26 10:50:45,060 [pool-247-thread-1] INFO  server.RaftServerConfigKeys (ConfUtils.java:logGet(43)) - raft.server.log.queue.element-limit = 1024 (custom)
2019-09-26 10:50:45,061 [pool-247-thread-1] INFO  server.RaftServerConfigKeys (ConfUtils.java:logGet(43)) - raft.server.log.segment.size.max = 1048576 (custom)
2019-09-26 10:50:45,061 [pool-247-thread-1] INFO  server.RaftServerConfigKeys (ConfUtils.java:logGet(43)) - raft.server.log.preallocated.size = 16384 (custom)
2019-09-26 10:50:45,061 [pool-247-thread-1] INFO  server.RaftServerConfigKeys (ConfUtils.java:logGet(43)) - raft.server.log.write.buffer.size = 33554432 (custom)
2019-09-26 10:50:45,061 [pool-247-thread-1] INFO  server.RaftServerConfigKeys (ConfUtils.java:logGet(43)) - raft.server.log.force.sync.num = 128 (default)
2019-09-26 10:50:45,061 [pool-247-thread-1] INFO  server.RaftServerConfigKeys (ConfUtils.java:logGet(43)) - raft.server.log.statemachine.data.sync = true (default)
2019-09-26 10:50:45,061 [pool-247-thread-1] INFO  server.RaftServerConfigKeys (ConfUtils.java:logGet(43)) - raft.server.log.statemachine.data.sync.timeout = 10s (default)
2019-09-26 10:50:45,061 [pool-247-thread-1] INFO  server.RaftServerConfigKeys (ConfUtils.java:logGet(43)) - raft.server.log.statemachine.data.sync.timeout.retry = -1 (default)
2019-09-26 10:50:45,062 [pool-247-thread-1] INFO  server.RaftServerConfigKeys (ConfUtils.java:logGet(43)) - raft.server.log.statemachine.data.caching.enabled = true (custom)
2019-09-26 10:50:45,062 [pool-247-thread-1] INFO  segmented.SegmentedRaftLogWorker (SegmentedRaftLogWorker.java:lambda$new$0(132)) - 6e58f488-afe0-40d3-b73f-51cd36198913@group-F75AEB9AE6E9-SegmentedRaftLogWorker: flushIndex: setUnconditionally 0 -> -1
2019-09-26 10:50:45,062 [pool-247-thread-1] INFO  server.RaftServerConfigKeys (ConfUtils.java:logGet(43)) - raft.server.snapshot.auto.trigger.enabled = true (custom)
2019-09-26 10:50:45,062 [pool-247-thread-1] INFO  server.RaftServerConfigKeys (ConfUtils.java:logGet(43)) - raft.server.snapshot.auto.trigger.threshold = 10000 (custom)
2019-09-26 10:50:45,063 [pool-247-thread-1] INFO  server.RaftServerConfigKeys (ConfUtils.java:logGet(43)) - raft.server.snapshot.retention.num.files = 5 (custom)
2019-09-26 10:50:45,063 [pool-247-thread-1] INFO  server.RaftServerConfigKeys (ConfUtils.java:logGet(43)) - raft.server.retrycache.expirytime = 600000ms (custom)
2019-09-26 10:50:45,065 [pool-247-thread-1] INFO  impl.RaftServerImpl (RaftServerImpl.java:start(185)) - 6e58f488-afe0-40d3-b73f-51cd36198913@group-F75AEB9AE6E9: start as a follower, conf=-1: [6e58f488-afe0-40d3-b73f-51cd36198913:192.168.30.13:42251], old=null
2019-09-26 10:50:45,065 [pool-247-thread-1] INFO  impl.RaftServerImpl (RaftServerImpl.java:setRole(174)) - 6e58f488-afe0-40d3-b73f-51cd36198913@group-F75AEB9AE6E9: changes role from      null to FOLLOWER at term 0 for startAsFollower
2019-09-26 10:50:45,065 [pool-247-thread-1] INFO  impl.RoleInfo (RoleInfo.java:updateAndGet(143)) - 6e58f488-afe0-40d3-b73f-51cd36198913: start FollowerState
2019-09-26 10:50:45,065 [pool-247-thread-1] INFO  util.JmxRegister (JmxRegister.java:tryRegister(44)) - Successfully registered JMX Bean with object name Ratis:service=RaftServer,group=group-F75AEB9AE6E9,id=6e58f488-afe0-40d3-b73f-51cd36198913
2019-09-26 10:50:45,068 [RatisPipelineUtilsThread] INFO  pipeline.PipelineStateManager (PipelineStateManager.java:addPipeline(56)) - Created pipeline Pipeline[ Id: eb22310f-22d0-4ca9-afcc-f75aeb9ae6e9, Nodes: 6e58f488-afe0-40d3-b73f-51cd36198913{ip: 192.168.30.13, host: pr-hdds-1569-wvzgm-824869521, networkLocation: /default-rack, certSerialId: null}, Type:RATIS, Factor:ONE, State:OPEN]
2019-09-26 10:50:45,069 [RatisPipelineUtilsThread] INFO  pipeline.PipelinePlacementPolicy (PipelinePlacementPolicy.java:meetCriteria(91)) - Pipeline Placement: can't place more pipeline on heavy datanode： 748f10d8-f7b1-4cbf-afbb-a313ec1e9bbc Heaviness: 6 limit: 5
2019-09-26 10:50:45,069 [RatisPipelineUtilsThread] INFO  pipeline.PipelinePlacementPolicy (PipelinePlacementPolicy.java:meetCriteria(91)) - Pipeline Placement: can't place more pipeline on heavy datanode： 1c5c8622-0ed3-4a62-999f-f7d88c498e79 Heaviness: 6 limit: 5
2019-09-26 10:50:45,073 [grpc-default-executor-0] INFO  impl.RaftServerProxy (RaftServerProxy.java:addNew(89)) - 6e58f488-afe0-40d3-b73f-51cd36198913: addNew group-A4A445F92577:[6e58f488-afe0-40d3-b73f-51cd36198913:192.168.30.13:42251] returns group-A4A445F92577:java.util.concurrent.CompletableFuture@54b03a46[Not completed]
2019-09-26 10:50:45,074 [pool-247-thread-1] INFO  impl.RaftServerImpl (RaftServerImpl.java:<init>(95)) - 6e58f488-afe0-40d3-b73f-51cd36198913: new RaftServerImpl for group-A4A445F92577:[6e58f488-afe0-40d3-b73f-51cd36198913:192.168.30.13:42251] with ContainerStateMachine:uninitialized
2019-09-26 10:50:45,074 [pool-247-thread-1] INFO  server.RaftServerConfigKeys (ConfUtils.java:logGet(43)) - raft.server.rpc.timeout.min = 5s (custom)
2019-09-26 10:50:45,075 [pool-247-thread-1] INFO  server.RaftServerConfigKeys (ConfUtils.java:logGet(43)) - raft.server.rpc.timeout.max = 5200ms (custom)
2019-09-26 10:50:45,075 [pool-247-thread-1] INFO  server.RaftServerConfigKeys (ConfUtils.java:logGet(43)) - raft.server.rpcslowness.timeout = 120s (custom)
2019-09-26 10:50:45,075 [pool-247-thread-1] INFO  server.RaftServerConfigKeys (ConfUtils.java:logGet(43)) - raft.server.sleep.deviation.threshold = 300 (default)
2019-09-26 10:50:45,075 [pool-247-thread-1] INFO  server.RaftServerConfigKeys (ConfUtils.java:logGet(43)) - raft.server.log.appender.install.snapshot.enabled = false (custom)
2019-09-26 10:50:45,075 [pool-247-thread-1] INFO  impl.RaftServerImpl (ServerState.java:<init>(103)) - 6e58f488-afe0-40d3-b73f-51cd36198913@group-A4A445F92577: ConfigurationManager, init=-1: [6e58f488-afe0-40d3-b73f-51cd36198913:192.168.30.13:42251], old=null, confs=<EMPTY_MAP>
2019-09-26 10:50:45,075 [pool-247-thread-1] INFO  server.RaftServerConfigKeys (ConfUtils.java:logGet(43)) - raft.server.storage.dir = [/workdir/hadoop-ozone/ozonefs/target/test-dir/MiniOzoneClusterImpl-99c4f40c-1efe-4b17-8303-d48b923188ee/datanode-2/data/ratis] (custom)
2019-09-26 10:50:45,076 [pool-247-thread-1] INFO  storage.RaftStorageDirectory (RaftStorageDirectory.java:analyzeStorage(246)) - The storage directory /workdir/hadoop-ozone/ozonefs/target/test-dir/MiniOzoneClusterImpl-99c4f40c-1efe-4b17-8303-d48b923188ee/datanode-2/data/ratis/b4e80526-e29d-4cd7-bf48-a4a445f92577 does not exist. Creating ...
2019-09-26 10:50:45,089 [pool-247-thread-1] INFO  storage.RaftStorageDirectory (RaftStorageDirectory.java:tryLock(328)) - Lock on /workdir/hadoop-ozone/ozonefs/target/test-dir/MiniOzoneClusterImpl-99c4f40c-1efe-4b17-8303-d48b923188ee/datanode-2/data/ratis/b4e80526-e29d-4cd7-bf48-a4a445f92577/in_use.lock acquired by nodename 25633@pr-hdds-1569-wvzgm-824869521
2019-09-26 10:50:45,101 [pool-247-thread-1] INFO  storage.RaftStorage (RaftStorage.java:format(72)) - Storage directory /workdir/hadoop-ozone/ozonefs/target/test-dir/MiniOzoneClusterImpl-99c4f40c-1efe-4b17-8303-d48b923188ee/datanode-2/data/ratis/b4e80526-e29d-4cd7-bf48-a4a445f92577 has been successfully formatted.
2019-09-26 10:50:45,102 [pool-247-thread-1] INFO  ratis.ContainerStateMachine (ContainerStateMachine.java:loadSnapshot(230)) - group-A4A445F92577: The snapshot info is null. Setting the last applied indexto:(t:0, i:~)
2019-09-26 10:50:45,102 [pool-247-thread-1] INFO  server.RaftServerConfigKeys (ConfUtils.java:logGet(43)) - raft.server.notification.no-leader.timeout = 120s (custom)
2019-09-26 10:50:45,102 [pool-247-thread-1] INFO  server.RaftServerConfigKeys (ConfUtils.java:logGet(43)) - raft.server.log.use.memory = false (default)
2019-09-26 10:50:45,102 [pool-247-thread-1] INFO  server.RaftServerConfigKeys (ConfUtils.java:logGet(43)) - raft.server.log.purge.gap = 1000000 (custom)
2019-09-26 10:50:45,102 [pool-247-thread-1] INFO  server.RaftServerConfigKeys (ConfUtils.java:logGet(43)) - raft.server.log.appender.buffer.byte-limit = 33554432 (custom)
2019-09-26 10:50:45,102 [pool-247-thread-1] INFO  server.RaftServerConfigKeys (ConfUtils.java:logGet(43)) - raft.server.log.segment.size.max = 1048576 (custom)
2019-09-26 10:50:45,102 [pool-247-thread-1] INFO  server.RaftServerConfigKeys (ConfUtils.java:logGet(43)) - raft.server.log.segment.cache.num.max = 2 (custom)
2019-09-26 10:50:45,103 [pool-247-thread-1] INFO  segmented.SegmentedRaftLogWorker (SegmentedRaftLogWorker.java:<init>(172)) - new 6e58f488-afe0-40d3-b73f-51cd36198913@group-A4A445F92577-SegmentedRaftLogWorker for RaftStorage:Storage Directory /workdir/hadoop-ozone/ozonefs/target/test-dir/MiniOzoneClusterImpl-99c4f40c-1efe-4b17-8303-d48b923188ee/datanode-2/data/ratis/b4e80526-e29d-4cd7-bf48-a4a445f92577
2019-09-26 10:50:45,103 [pool-247-thread-1] INFO  server.RaftServerConfigKeys (ConfUtils.java:logGet(43)) - raft.server.log.queue.byte-limit = 2147483647 (custom)
2019-09-26 10:50:45,103 [pool-247-thread-1] INFO  server.RaftServerConfigKeys (ConfUtils.java:logGet(43)) - raft.server.log.queue.element-limit = 1024 (custom)
2019-09-26 10:50:45,103 [pool-247-thread-1] INFO  server.RaftServerConfigKeys (ConfUtils.java:logGet(43)) - raft.server.log.segment.size.max = 1048576 (custom)
2019-09-26 10:50:45,103 [pool-247-thread-1] INFO  server.RaftServerConfigKeys (ConfUtils.java:logGet(43)) - raft.server.log.preallocated.size = 16384 (custom)
2019-09-26 10:50:45,103 [pool-247-thread-1] INFO  server.RaftServerConfigKeys (ConfUtils.java:logGet(43)) - raft.server.log.write.buffer.size = 33554432 (custom)
2019-09-26 10:50:45,103 [pool-247-thread-1] INFO  server.RaftServerConfigKeys (ConfUtils.java:logGet(43)) - raft.server.log.force.sync.num = 128 (default)
2019-09-26 10:50:45,103 [pool-247-thread-1] INFO  server.RaftServerConfigKeys (ConfUtils.java:logGet(43)) - raft.server.log.statemachine.data.sync = true (default)
2019-09-26 10:50:45,104 [pool-247-thread-1] INFO  server.RaftServerConfigKeys (ConfUtils.java:logGet(43)) - raft.server.log.statemachine.data.sync.timeout = 10s (default)
2019-09-26 10:50:45,104 [pool-247-thread-1] INFO  server.RaftServerConfigKeys (ConfUtils.java:logGet(43)) - raft.server.log.statemachine.data.sync.timeout.retry = -1 (default)
2019-09-26 10:50:45,104 [pool-247-thread-1] INFO  server.RaftServerConfigKeys (ConfUtils.java:logGet(43)) - raft.server.log.statemachine.data.caching.enabled = true (custom)
2019-09-26 10:50:45,104 [pool-247-thread-1] INFO  segmented.SegmentedRaftLogWorker (SegmentedRaftLogWorker.java:lambda$new$0(132)) - 6e58f488-afe0-40d3-b73f-51cd36198913@group-A4A445F92577-SegmentedRaftLogWorker: flushIndex: setUnconditionally 0 -> -1
2019-09-26 10:50:45,104 [pool-247-thread-1] INFO  server.RaftServerConfigKeys (ConfUtils.java:logGet(43)) - raft.server.snapshot.auto.trigger.enabled = true (custom)
2019-09-26 10:50:45,105 [pool-247-thread-1] INFO  server.RaftServerConfigKeys (ConfUtils.java:logGet(43)) - raft.server.snapshot.auto.trigger.threshold = 10000 (custom)
2019-09-26 10:50:45,105 [pool-247-thread-1] INFO  server.RaftServerConfigKeys (ConfUtils.java:logGet(43)) - raft.server.snapshot.retention.num.files = 5 (custom)
2019-09-26 10:50:45,105 [pool-247-thread-1] INFO  server.RaftServerConfigKeys (ConfUtils.java:logGet(43)) - raft.server.retrycache.expirytime = 600000ms (custom)
2019-09-26 10:50:45,106 [pool-247-thread-1] INFO  impl.RaftServerImpl (RaftServerImpl.java:start(185)) - 6e58f488-afe0-40d3-b73f-51cd36198913@group-A4A445F92577: start as a follower, conf=-1: [6e58f488-afe0-40d3-b73f-51cd36198913:192.168.30.13:42251], old=null
2019-09-26 10:50:45,106 [pool-247-thread-1] INFO  impl.RaftServerImpl (RaftServerImpl.java:setRole(174)) - 6e58f488-afe0-40d3-b73f-51cd36198913@group-A4A445F92577: changes role from      null to FOLLOWER at term 0 for startAsFollower
2019-09-26 10:50:45,107 [pool-247-thread-1] INFO  impl.RoleInfo (RoleInfo.java:updateAndGet(143)) - 6e58f488-afe0-40d3-b73f-51cd36198913: start FollowerState
2019-09-26 10:50:45,107 [pool-247-thread-1] INFO  util.JmxRegister (JmxRegister.java:tryRegister(44)) - Successfully registered JMX Bean with object name Ratis:service=RaftServer,group=group-A4A445F92577,id=6e58f488-afe0-40d3-b73f-51cd36198913
2019-09-26 10:50:45,110 [RatisPipelineUtilsThread] INFO  pipeline.PipelineStateManager (PipelineStateManager.java:addPipeline(56)) - Created pipeline Pipeline[ Id: b4e80526-e29d-4cd7-bf48-a4a445f92577, Nodes: 6e58f488-afe0-40d3-b73f-51cd36198913{ip: 192.168.30.13, host: pr-hdds-1569-wvzgm-824869521, networkLocation: /default-rack, certSerialId: null}, Type:RATIS, Factor:ONE, State:OPEN]
2019-09-26 10:50:45,110 [RatisPipelineUtilsThread] INFO  pipeline.PipelinePlacementPolicy (PipelinePlacementPolicy.java:meetCriteria(91)) - Pipeline Placement: can't place more pipeline on heavy datanode： 748f10d8-f7b1-4cbf-afbb-a313ec1e9bbc Heaviness: 6 limit: 5
2019-09-26 10:50:45,110 [RatisPipelineUtilsThread] INFO  pipeline.PipelinePlacementPolicy (PipelinePlacementPolicy.java:meetCriteria(91)) - Pipeline Placement: can't place more pipeline on heavy datanode： 1c5c8622-0ed3-4a62-999f-f7d88c498e79 Heaviness: 6 limit: 5
2019-09-26 10:50:45,115 [grpc-default-executor-0] INFO  impl.RaftServerProxy (RaftServerProxy.java:addNew(89)) - 6e58f488-afe0-40d3-b73f-51cd36198913: addNew group-190ED957FE70:[6e58f488-afe0-40d3-b73f-51cd36198913:192.168.30.13:42251] returns group-190ED957FE70:java.util.concurrent.CompletableFuture@505a3d7e[Not completed]
2019-09-26 10:50:45,116 [pool-247-thread-1] INFO  impl.RaftServerImpl (RaftServerImpl.java:<init>(95)) - 6e58f488-afe0-40d3-b73f-51cd36198913: new RaftServerImpl for group-190ED957FE70:[6e58f488-afe0-40d3-b73f-51cd36198913:192.168.30.13:42251] with ContainerStateMachine:uninitialized
2019-09-26 10:50:45,116 [pool-247-thread-1] INFO  server.RaftServerConfigKeys (ConfUtils.java:logGet(43)) - raft.server.rpc.timeout.min = 5s (custom)
2019-09-26 10:50:45,116 [pool-247-thread-1] INFO  server.RaftServerConfigKeys (ConfUtils.java:logGet(43)) - raft.server.rpc.timeout.max = 5200ms (custom)
2019-09-26 10:50:45,116 [pool-247-thread-1] INFO  server.RaftServerConfigKeys (ConfUtils.java:logGet(43)) - raft.server.rpcslowness.timeout = 120s (custom)
2019-09-26 10:50:45,116 [pool-247-thread-1] INFO  server.RaftServerConfigKeys (ConfUtils.java:logGet(43)) - raft.server.sleep.deviation.threshold = 300 (default)
2019-09-26 10:50:45,117 [pool-247-thread-1] INFO  server.RaftServerConfigKeys (ConfUtils.java:logGet(43)) - raft.server.log.appender.install.snapshot.enabled = false (custom)
2019-09-26 10:50:45,117 [pool-247-thread-1] INFO  impl.RaftServerImpl (ServerState.java:<init>(103)) - 6e58f488-afe0-40d3-b73f-51cd36198913@group-190ED957FE70: ConfigurationManager, init=-1: [6e58f488-afe0-40d3-b73f-51cd36198913:192.168.30.13:42251], old=null, confs=<EMPTY_MAP>
2019-09-26 10:50:45,117 [pool-247-thread-1] INFO  server.RaftServerConfigKeys (ConfUtils.java:logGet(43)) - raft.server.storage.dir = [/workdir/hadoop-ozone/ozonefs/target/test-dir/MiniOzoneClusterImpl-99c4f40c-1efe-4b17-8303-d48b923188ee/datanode-2/data/ratis] (custom)
2019-09-26 10:50:45,117 [pool-247-thread-1] INFO  storage.RaftStorageDirectory (RaftStorageDirectory.java:analyzeStorage(246)) - The storage directory /workdir/hadoop-ozone/ozonefs/target/test-dir/MiniOzoneClusterImpl-99c4f40c-1efe-4b17-8303-d48b923188ee/datanode-2/data/ratis/d4a47672-4bd6-4f3a-8956-190ed957fe70 does not exist. Creating ...
2019-09-26 10:50:45,130 [pool-247-thread-1] INFO  storage.RaftStorageDirectory (RaftStorageDirectory.java:tryLock(328)) - Lock on /workdir/hadoop-ozone/ozonefs/target/test-dir/MiniOzoneClusterImpl-99c4f40c-1efe-4b17-8303-d48b923188ee/datanode-2/data/ratis/d4a47672-4bd6-4f3a-8956-190ed957fe70/in_use.lock acquired by nodename 25633@pr-hdds-1569-wvzgm-824869521
2019-09-26 10:50:45,143 [pool-247-thread-1] INFO  storage.RaftStorage (RaftStorage.java:format(72)) - Storage directory /workdir/hadoop-ozone/ozonefs/target/test-dir/MiniOzoneClusterImpl-99c4f40c-1efe-4b17-8303-d48b923188ee/datanode-2/data/ratis/d4a47672-4bd6-4f3a-8956-190ed957fe70 has been successfully formatted.
2019-09-26 10:50:45,144 [pool-247-thread-1] INFO  ratis.ContainerStateMachine (ContainerStateMachine.java:loadSnapshot(230)) - group-190ED957FE70: The snapshot info is null. Setting the last applied indexto:(t:0, i:~)
2019-09-26 10:50:45,144 [pool-247-thread-1] INFO  server.RaftServerConfigKeys (ConfUtils.java:logGet(43)) - raft.server.notification.no-leader.timeout = 120s (custom)
2019-09-26 10:50:45,144 [pool-247-thread-1] INFO  server.RaftServerConfigKeys (ConfUtils.java:logGet(43)) - raft.server.log.use.memory = false (default)
2019-09-26 10:50:45,144 [pool-247-thread-1] INFO  server.RaftServerConfigKeys (ConfUtils.java:logGet(43)) - raft.server.log.purge.gap = 1000000 (custom)
2019-09-26 10:50:45,144 [pool-247-thread-1] INFO  server.RaftServerConfigKeys (ConfUtils.java:logGet(43)) - raft.server.log.appender.buffer.byte-limit = 33554432 (custom)
2019-09-26 10:50:45,144 [pool-247-thread-1] INFO  server.RaftServerConfigKeys (ConfUtils.java:logGet(43)) - raft.server.log.segment.size.max = 1048576 (custom)
2019-09-26 10:50:45,145 [pool-247-thread-1] INFO  server.RaftServerConfigKeys (ConfUtils.java:logGet(43)) - raft.server.log.segment.cache.num.max = 2 (custom)
2019-09-26 10:50:45,145 [pool-247-thread-1] INFO  segmented.SegmentedRaftLogWorker (SegmentedRaftLogWorker.java:<init>(172)) - new 6e58f488-afe0-40d3-b73f-51cd36198913@group-190ED957FE70-SegmentedRaftLogWorker for RaftStorage:Storage Directory /workdir/hadoop-ozone/ozonefs/target/test-dir/MiniOzoneClusterImpl-99c4f40c-1efe-4b17-8303-d48b923188ee/datanode-2/data/ratis/d4a47672-4bd6-4f3a-8956-190ed957fe70
2019-09-26 10:50:45,145 [pool-247-thread-1] INFO  server.RaftServerConfigKeys (ConfUtils.java:logGet(43)) - raft.server.log.queue.byte-limit = 2147483647 (custom)
2019-09-26 10:50:45,145 [pool-247-thread-1] INFO  server.RaftServerConfigKeys (ConfUtils.java:logGet(43)) - raft.server.log.queue.element-limit = 1024 (custom)
2019-09-26 10:50:45,145 [pool-247-thread-1] INFO  server.RaftServerConfigKeys (ConfUtils.java:logGet(43)) - raft.server.log.segment.size.max = 1048576 (custom)
2019-09-26 10:50:45,145 [pool-247-thread-1] INFO  server.RaftServerConfigKeys (ConfUtils.java:logGet(43)) - raft.server.log.preallocated.size = 16384 (custom)
2019-09-26 10:50:45,145 [pool-247-thread-1] INFO  server.RaftServerConfigKeys (ConfUtils.java:logGet(43)) - raft.server.log.write.buffer.size = 33554432 (custom)
2019-09-26 10:50:45,146 [pool-247-thread-1] INFO  server.RaftServerConfigKeys (ConfUtils.java:logGet(43)) - raft.server.log.force.sync.num = 128 (default)
2019-09-26 10:50:45,146 [pool-247-thread-1] INFO  server.RaftServerConfigKeys (ConfUtils.java:logGet(43)) - raft.server.log.statemachine.data.sync = true (default)
2019-09-26 10:50:45,146 [pool-247-thread-1] INFO  server.RaftServerConfigKeys (ConfUtils.java:logGet(43)) - raft.server.log.statemachine.data.sync.timeout = 10s (default)
2019-09-26 10:50:45,146 [pool-247-thread-1] INFO  server.RaftServerConfigKeys (ConfUtils.java:logGet(43)) - raft.server.log.statemachine.data.sync.timeout.retry = -1 (default)
2019-09-26 10:50:45,146 [pool-247-thread-1] INFO  server.RaftServerConfigKeys (ConfUtils.java:logGet(43)) - raft.server.log.statemachine.data.caching.enabled = true (custom)
2019-09-26 10:50:45,146 [pool-247-thread-1] INFO  segmented.SegmentedRaftLogWorker (SegmentedRaftLogWorker.java:lambda$new$0(132)) - 6e58f488-afe0-40d3-b73f-51cd36198913@group-190ED957FE70-SegmentedRaftLogWorker: flushIndex: setUnconditionally 0 -> -1
2019-09-26 10:50:45,147 [pool-247-thread-1] INFO  server.RaftServerConfigKeys (ConfUtils.java:logGet(43)) - raft.server.snapshot.auto.trigger.enabled = true (custom)
2019-09-26 10:50:45,147 [pool-247-thread-1] INFO  server.RaftServerConfigKeys (ConfUtils.java:logGet(43)) - raft.server.snapshot.auto.trigger.threshold = 10000 (custom)
2019-09-26 10:50:45,147 [pool-247-thread-1] INFO  server.RaftServerConfigKeys (ConfUtils.java:logGet(43)) - raft.server.snapshot.retention.num.files = 5 (custom)
2019-09-26 10:50:45,147 [pool-247-thread-1] INFO  server.RaftServerConfigKeys (ConfUtils.java:logGet(43)) - raft.server.retrycache.expirytime = 600000ms (custom)
2019-09-26 10:50:45,149 [pool-247-thread-1] INFO  impl.RaftServerImpl (RaftServerImpl.java:start(185)) - 6e58f488-afe0-40d3-b73f-51cd36198913@group-190ED957FE70: start as a follower, conf=-1: [6e58f488-afe0-40d3-b73f-51cd36198913:192.168.30.13:42251], old=null
2019-09-26 10:50:45,149 [pool-247-thread-1] INFO  impl.RaftServerImpl (RaftServerImpl.java:setRole(174)) - 6e58f488-afe0-40d3-b73f-51cd36198913@group-190ED957FE70: changes role from      null to FOLLOWER at term 0 for startAsFollower
2019-09-26 10:50:45,149 [pool-247-thread-1] INFO  impl.RoleInfo (RoleInfo.java:updateAndGet(143)) - 6e58f488-afe0-40d3-b73f-51cd36198913: start FollowerState
2019-09-26 10:50:45,149 [pool-247-thread-1] INFO  util.JmxRegister (JmxRegister.java:tryRegister(44)) - Successfully registered JMX Bean with object name Ratis:service=RaftServer,group=group-190ED957FE70,id=6e58f488-afe0-40d3-b73f-51cd36198913
2019-09-26 10:50:45,152 [RatisPipelineUtilsThread] INFO  pipeline.PipelineStateManager (PipelineStateManager.java:addPipeline(56)) - Created pipeline Pipeline[ Id: d4a47672-4bd6-4f3a-8956-190ed957fe70, Nodes: 6e58f488-afe0-40d3-b73f-51cd36198913{ip: 192.168.30.13, host: pr-hdds-1569-wvzgm-824869521, networkLocation: /default-rack, certSerialId: null}, Type:RATIS, Factor:ONE, State:OPEN]
2019-09-26 10:50:45,153 [RatisPipelineUtilsThread] INFO  pipeline.PipelinePlacementPolicy (PipelinePlacementPolicy.java:meetCriteria(91)) - Pipeline Placement: can't place more pipeline on heavy datanode： 748f10d8-f7b1-4cbf-afbb-a313ec1e9bbc Heaviness: 6 limit: 5
2019-09-26 10:50:45,153 [RatisPipelineUtilsThread] INFO  pipeline.PipelinePlacementPolicy (PipelinePlacementPolicy.java:meetCriteria(91)) - Pipeline Placement: can't place more pipeline on heavy datanode： 1c5c8622-0ed3-4a62-999f-f7d88c498e79 Heaviness: 6 limit: 5
2019-09-26 10:50:45,158 [grpc-default-executor-0] INFO  impl.RaftServerProxy (RaftServerProxy.java:addNew(89)) - 6e58f488-afe0-40d3-b73f-51cd36198913: addNew group-45E535F6C4AB:[6e58f488-afe0-40d3-b73f-51cd36198913:192.168.30.13:42251] returns group-45E535F6C4AB:java.util.concurrent.CompletableFuture@3e6c570c[Not completed]
2019-09-26 10:50:45,160 [pool-247-thread-1] INFO  impl.RaftServerImpl (RaftServerImpl.java:<init>(95)) - 6e58f488-afe0-40d3-b73f-51cd36198913: new RaftServerImpl for group-45E535F6C4AB:[6e58f488-afe0-40d3-b73f-51cd36198913:192.168.30.13:42251] with ContainerStateMachine:uninitialized
2019-09-26 10:50:45,160 [pool-247-thread-1] INFO  server.RaftServerConfigKeys (ConfUtils.java:logGet(43)) - raft.server.rpc.timeout.min = 5s (custom)
2019-09-26 10:50:45,160 [pool-247-thread-1] INFO  server.RaftServerConfigKeys (ConfUtils.java:logGet(43)) - raft.server.rpc.timeout.max = 5200ms (custom)
2019-09-26 10:50:45,160 [pool-247-thread-1] INFO  server.RaftServerConfigKeys (ConfUtils.java:logGet(43)) - raft.server.rpcslowness.timeout = 120s (custom)
2019-09-26 10:50:45,160 [pool-247-thread-1] INFO  server.RaftServerConfigKeys (ConfUtils.java:logGet(43)) - raft.server.sleep.deviation.threshold = 300 (default)
2019-09-26 10:50:45,160 [pool-247-thread-1] INFO  server.RaftServerConfigKeys (ConfUtils.java:logGet(43)) - raft.server.log.appender.install.snapshot.enabled = false (custom)
2019-09-26 10:50:45,160 [pool-247-thread-1] INFO  impl.RaftServerImpl (ServerState.java:<init>(103)) - 6e58f488-afe0-40d3-b73f-51cd36198913@group-45E535F6C4AB: ConfigurationManager, init=-1: [6e58f488-afe0-40d3-b73f-51cd36198913:192.168.30.13:42251], old=null, confs=<EMPTY_MAP>
2019-09-26 10:50:45,161 [pool-247-thread-1] INFO  server.RaftServerConfigKeys (ConfUtils.java:logGet(43)) - raft.server.storage.dir = [/workdir/hadoop-ozone/ozonefs/target/test-dir/MiniOzoneClusterImpl-99c4f40c-1efe-4b17-8303-d48b923188ee/datanode-2/data/ratis] (custom)
2019-09-26 10:50:45,161 [pool-247-thread-1] INFO  storage.RaftStorageDirectory (RaftStorageDirectory.java:analyzeStorage(246)) - The storage directory /workdir/hadoop-ozone/ozonefs/target/test-dir/MiniOzoneClusterImpl-99c4f40c-1efe-4b17-8303-d48b923188ee/datanode-2/data/ratis/677dd867-b552-4c79-b3a3-45e535f6c4ab does not exist. Creating ...
2019-09-26 10:50:45,174 [pool-247-thread-1] INFO  storage.RaftStorageDirectory (RaftStorageDirectory.java:tryLock(328)) - Lock on /workdir/hadoop-ozone/ozonefs/target/test-dir/MiniOzoneClusterImpl-99c4f40c-1efe-4b17-8303-d48b923188ee/datanode-2/data/ratis/677dd867-b552-4c79-b3a3-45e535f6c4ab/in_use.lock acquired by nodename 25633@pr-hdds-1569-wvzgm-824869521
2019-09-26 10:50:45,187 [pool-247-thread-1] INFO  storage.RaftStorage (RaftStorage.java:format(72)) - Storage directory /workdir/hadoop-ozone/ozonefs/target/test-dir/MiniOzoneClusterImpl-99c4f40c-1efe-4b17-8303-d48b923188ee/datanode-2/data/ratis/677dd867-b552-4c79-b3a3-45e535f6c4ab has been successfully formatted.
2019-09-26 10:50:45,188 [pool-247-thread-1] INFO  ratis.ContainerStateMachine (ContainerStateMachine.java:loadSnapshot(230)) - group-45E535F6C4AB: The snapshot info is null. Setting the last applied indexto:(t:0, i:~)
2019-09-26 10:50:45,188 [pool-247-thread-1] INFO  server.RaftServerConfigKeys (ConfUtils.java:logGet(43)) - raft.server.notification.no-leader.timeout = 120s (custom)
2019-09-26 10:50:45,188 [pool-247-thread-1] INFO  server.RaftServerConfigKeys (ConfUtils.java:logGet(43)) - raft.server.log.use.memory = false (default)
2019-09-26 10:50:45,188 [pool-247-thread-1] INFO  server.RaftServerConfigKeys (ConfUtils.java:logGet(43)) - raft.server.log.purge.gap = 1000000 (custom)
2019-09-26 10:50:45,188 [pool-247-thread-1] INFO  server.RaftServerConfigKeys (ConfUtils.java:logGet(43)) - raft.server.log.appender.buffer.byte-limit = 33554432 (custom)
2019-09-26 10:50:45,189 [pool-247-thread-1] INFO  server.RaftServerConfigKeys (ConfUtils.java:logGet(43)) - raft.server.log.segment.size.max = 1048576 (custom)
2019-09-26 10:50:45,189 [pool-247-thread-1] INFO  server.RaftServerConfigKeys (ConfUtils.java:logGet(43)) - raft.server.log.segment.cache.num.max = 2 (custom)
2019-09-26 10:50:45,189 [pool-247-thread-1] INFO  segmented.SegmentedRaftLogWorker (SegmentedRaftLogWorker.java:<init>(172)) - new 6e58f488-afe0-40d3-b73f-51cd36198913@group-45E535F6C4AB-SegmentedRaftLogWorker for RaftStorage:Storage Directory /workdir/hadoop-ozone/ozonefs/target/test-dir/MiniOzoneClusterImpl-99c4f40c-1efe-4b17-8303-d48b923188ee/datanode-2/data/ratis/677dd867-b552-4c79-b3a3-45e535f6c4ab
2019-09-26 10:50:45,189 [pool-247-thread-1] INFO  server.RaftServerConfigKeys (ConfUtils.java:logGet(43)) - raft.server.log.queue.byte-limit = 2147483647 (custom)
2019-09-26 10:50:45,189 [pool-247-thread-1] INFO  server.RaftServerConfigKeys (ConfUtils.java:logGet(43)) - raft.server.log.queue.element-limit = 1024 (custom)
2019-09-26 10:50:45,189 [pool-247-thread-1] INFO  server.RaftServerConfigKeys (ConfUtils.java:logGet(43)) - raft.server.log.segment.size.max = 1048576 (custom)
2019-09-26 10:50:45,190 [pool-247-thread-1] INFO  server.RaftServerConfigKeys (ConfUtils.java:logGet(43)) - raft.server.log.preallocated.size = 16384 (custom)
2019-09-26 10:50:45,190 [pool-247-thread-1] INFO  server.RaftServerConfigKeys (ConfUtils.java:logGet(43)) - raft.server.log.write.buffer.size = 33554432 (custom)
2019-09-26 10:50:45,190 [pool-247-thread-1] INFO  server.RaftServerConfigKeys (ConfUtils.java:logGet(43)) - raft.server.log.force.sync.num = 128 (default)
2019-09-26 10:50:45,190 [pool-247-thread-1] INFO  server.RaftServerConfigKeys (ConfUtils.java:logGet(43)) - raft.server.log.statemachine.data.sync = true (default)
2019-09-26 10:50:45,190 [pool-247-thread-1] INFO  server.RaftServerConfigKeys (ConfUtils.java:logGet(43)) - raft.server.log.statemachine.data.sync.timeout = 10s (default)
2019-09-26 10:50:45,190 [pool-247-thread-1] INFO  server.RaftServerConfigKeys (ConfUtils.java:logGet(43)) - raft.server.log.statemachine.data.sync.timeout.retry = -1 (default)
2019-09-26 10:50:45,190 [pool-247-thread-1] INFO  server.RaftServerConfigKeys (ConfUtils.java:logGet(43)) - raft.server.log.statemachine.data.caching.enabled = true (custom)
2019-09-26 10:50:45,191 [pool-247-thread-1] INFO  segmented.SegmentedRaftLogWorker (SegmentedRaftLogWorker.java:lambda$new$0(132)) - 6e58f488-afe0-40d3-b73f-51cd36198913@group-45E535F6C4AB-SegmentedRaftLogWorker: flushIndex: setUnconditionally 0 -> -1
2019-09-26 10:50:45,191 [pool-247-thread-1] INFO  server.RaftServerConfigKeys (ConfUtils.java:logGet(43)) - raft.server.snapshot.auto.trigger.enabled = true (custom)
2019-09-26 10:50:45,191 [pool-247-thread-1] INFO  server.RaftServerConfigKeys (ConfUtils.java:logGet(43)) - raft.server.snapshot.auto.trigger.threshold = 10000 (custom)
2019-09-26 10:50:45,191 [pool-247-thread-1] INFO  server.RaftServerConfigKeys (ConfUtils.java:logGet(43)) - raft.server.snapshot.retention.num.files = 5 (custom)
2019-09-26 10:50:45,192 [pool-247-thread-1] INFO  server.RaftServerConfigKeys (ConfUtils.java:logGet(43)) - raft.server.retrycache.expirytime = 600000ms (custom)
2019-09-26 10:50:45,193 [pool-247-thread-1] INFO  impl.RaftServerImpl (RaftServerImpl.java:start(185)) - 6e58f488-afe0-40d3-b73f-51cd36198913@group-45E535F6C4AB: start as a follower, conf=-1: [6e58f488-afe0-40d3-b73f-51cd36198913:192.168.30.13:42251], old=null
2019-09-26 10:50:45,193 [pool-247-thread-1] INFO  impl.RaftServerImpl (RaftServerImpl.java:setRole(174)) - 6e58f488-afe0-40d3-b73f-51cd36198913@group-45E535F6C4AB: changes role from      null to FOLLOWER at term 0 for startAsFollower
2019-09-26 10:50:45,193 [pool-247-thread-1] INFO  impl.RoleInfo (RoleInfo.java:updateAndGet(143)) - 6e58f488-afe0-40d3-b73f-51cd36198913: start FollowerState
2019-09-26 10:50:45,194 [pool-247-thread-1] INFO  util.JmxRegister (JmxRegister.java:tryRegister(44)) - Successfully registered JMX Bean with object name Ratis:service=RaftServer,group=group-45E535F6C4AB,id=6e58f488-afe0-40d3-b73f-51cd36198913
2019-09-26 10:50:45,197 [RatisPipelineUtilsThread] INFO  pipeline.PipelineStateManager (PipelineStateManager.java:addPipeline(56)) - Created pipeline Pipeline[ Id: 677dd867-b552-4c79-b3a3-45e535f6c4ab, Nodes: 6e58f488-afe0-40d3-b73f-51cd36198913{ip: 192.168.30.13, host: pr-hdds-1569-wvzgm-824869521, networkLocation: /default-rack, certSerialId: null}, Type:RATIS, Factor:ONE, State:OPEN]
2019-09-26 10:50:45,197 [RatisPipelineUtilsThread] INFO  pipeline.PipelinePlacementPolicy (PipelinePlacementPolicy.java:meetCriteria(91)) - Pipeline Placement: can't place more pipeline on heavy datanode： 748f10d8-f7b1-4cbf-afbb-a313ec1e9bbc Heaviness: 6 limit: 5
2019-09-26 10:50:45,197 [RatisPipelineUtilsThread] INFO  pipeline.PipelinePlacementPolicy (PipelinePlacementPolicy.java:meetCriteria(91)) - Pipeline Placement: can't place more pipeline on heavy datanode： 1c5c8622-0ed3-4a62-999f-f7d88c498e79 Heaviness: 6 limit: 5
2019-09-26 10:50:45,202 [grpc-default-executor-0] INFO  impl.RaftServerProxy (RaftServerProxy.java:addNew(89)) - 6e58f488-afe0-40d3-b73f-51cd36198913: addNew group-066D4D75C124:[6e58f488-afe0-40d3-b73f-51cd36198913:192.168.30.13:42251] returns group-066D4D75C124:java.util.concurrent.CompletableFuture@4854802c[Not completed]
2019-09-26 10:50:45,204 [pool-247-thread-1] INFO  impl.RaftServerImpl (RaftServerImpl.java:<init>(95)) - 6e58f488-afe0-40d3-b73f-51cd36198913: new RaftServerImpl for group-066D4D75C124:[6e58f488-afe0-40d3-b73f-51cd36198913:192.168.30.13:42251] with ContainerStateMachine:uninitialized
2019-09-26 10:50:45,204 [pool-247-thread-1] INFO  server.RaftServerConfigKeys (ConfUtils.java:logGet(43)) - raft.server.rpc.timeout.min = 5s (custom)
2019-09-26 10:50:45,204 [pool-247-thread-1] INFO  server.RaftServerConfigKeys (ConfUtils.java:logGet(43)) - raft.server.rpc.timeout.max = 5200ms (custom)
2019-09-26 10:50:45,204 [pool-247-thread-1] INFO  server.RaftServerConfigKeys (ConfUtils.java:logGet(43)) - raft.server.rpcslowness.timeout = 120s (custom)
2019-09-26 10:50:45,204 [pool-247-thread-1] INFO  server.RaftServerConfigKeys (ConfUtils.java:logGet(43)) - raft.server.sleep.deviation.threshold = 300 (default)
2019-09-26 10:50:45,204 [pool-247-thread-1] INFO  server.RaftServerConfigKeys (ConfUtils.java:logGet(43)) - raft.server.log.appender.install.snapshot.enabled = false (custom)
2019-09-26 10:50:45,204 [pool-247-thread-1] INFO  impl.RaftServerImpl (ServerState.java:<init>(103)) - 6e58f488-afe0-40d3-b73f-51cd36198913@group-066D4D75C124: ConfigurationManager, init=-1: [6e58f488-afe0-40d3-b73f-51cd36198913:192.168.30.13:42251], old=null, confs=<EMPTY_MAP>
2019-09-26 10:50:45,205 [pool-247-thread-1] INFO  server.RaftServerConfigKeys (ConfUtils.java:logGet(43)) - raft.server.storage.dir = [/workdir/hadoop-ozone/ozonefs/target/test-dir/MiniOzoneClusterImpl-99c4f40c-1efe-4b17-8303-d48b923188ee/datanode-2/data/ratis] (custom)
2019-09-26 10:50:45,205 [pool-247-thread-1] INFO  storage.RaftStorageDirectory (RaftStorageDirectory.java:analyzeStorage(246)) - The storage directory /workdir/hadoop-ozone/ozonefs/target/test-dir/MiniOzoneClusterImpl-99c4f40c-1efe-4b17-8303-d48b923188ee/datanode-2/data/ratis/a4ef28ca-e969-40f0-afd5-066d4d75c124 does not exist. Creating ...
2019-09-26 10:50:45,238 [pool-247-thread-1] INFO  storage.RaftStorageDirectory (RaftStorageDirectory.java:tryLock(328)) - Lock on /workdir/hadoop-ozone/ozonefs/target/test-dir/MiniOzoneClusterImpl-99c4f40c-1efe-4b17-8303-d48b923188ee/datanode-2/data/ratis/a4ef28ca-e969-40f0-afd5-066d4d75c124/in_use.lock acquired by nodename 25633@pr-hdds-1569-wvzgm-824869521
2019-09-26 10:50:45,256 [pool-247-thread-1] INFO  storage.RaftStorage (RaftStorage.java:format(72)) - Storage directory /workdir/hadoop-ozone/ozonefs/target/test-dir/MiniOzoneClusterImpl-99c4f40c-1efe-4b17-8303-d48b923188ee/datanode-2/data/ratis/a4ef28ca-e969-40f0-afd5-066d4d75c124 has been successfully formatted.
2019-09-26 10:50:45,257 [pool-247-thread-1] INFO  ratis.ContainerStateMachine (ContainerStateMachine.java:loadSnapshot(230)) - group-066D4D75C124: The snapshot info is null. Setting the last applied indexto:(t:0, i:~)
2019-09-26 10:50:45,257 [pool-247-thread-1] INFO  server.RaftServerConfigKeys (ConfUtils.java:logGet(43)) - raft.server.notification.no-leader.timeout = 120s (custom)
2019-09-26 10:50:45,257 [pool-247-thread-1] INFO  server.RaftServerConfigKeys (ConfUtils.java:logGet(43)) - raft.server.log.use.memory = false (default)
2019-09-26 10:50:45,257 [pool-247-thread-1] INFO  server.RaftServerConfigKeys (ConfUtils.java:logGet(43)) - raft.server.log.purge.gap = 1000000 (custom)
2019-09-26 10:50:45,257 [pool-247-thread-1] INFO  server.RaftServerConfigKeys (ConfUtils.java:logGet(43)) - raft.server.log.appender.buffer.byte-limit = 33554432 (custom)
2019-09-26 10:50:45,258 [pool-247-thread-1] INFO  server.RaftServerConfigKeys (ConfUtils.java:logGet(43)) - raft.server.log.segment.size.max = 1048576 (custom)
2019-09-26 10:50:45,258 [pool-247-thread-1] INFO  server.RaftServerConfigKeys (ConfUtils.java:logGet(43)) - raft.server.log.segment.cache.num.max = 2 (custom)
2019-09-26 10:50:45,258 [pool-247-thread-1] INFO  segmented.SegmentedRaftLogWorker (SegmentedRaftLogWorker.java:<init>(172)) - new 6e58f488-afe0-40d3-b73f-51cd36198913@group-066D4D75C124-SegmentedRaftLogWorker for RaftStorage:Storage Directory /workdir/hadoop-ozone/ozonefs/target/test-dir/MiniOzoneClusterImpl-99c4f40c-1efe-4b17-8303-d48b923188ee/datanode-2/data/ratis/a4ef28ca-e969-40f0-afd5-066d4d75c124
2019-09-26 10:50:45,258 [pool-247-thread-1] INFO  server.RaftServerConfigKeys (ConfUtils.java:logGet(43)) - raft.server.log.queue.byte-limit = 2147483647 (custom)
2019-09-26 10:50:45,258 [pool-247-thread-1] INFO  server.RaftServerConfigKeys (ConfUtils.java:logGet(43)) - raft.server.log.queue.element-limit = 1024 (custom)
2019-09-26 10:50:45,259 [pool-247-thread-1] INFO  server.RaftServerConfigKeys (ConfUtils.java:logGet(43)) - raft.server.log.segment.size.max = 1048576 (custom)
2019-09-26 10:50:45,259 [pool-247-thread-1] INFO  server.RaftServerConfigKeys (ConfUtils.java:logGet(43)) - raft.server.log.preallocated.size = 16384 (custom)
2019-09-26 10:50:45,259 [pool-247-thread-1] INFO  server.RaftServerConfigKeys (ConfUtils.java:logGet(43)) - raft.server.log.write.buffer.size = 33554432 (custom)
2019-09-26 10:50:45,259 [pool-247-thread-1] INFO  server.RaftServerConfigKeys (ConfUtils.java:logGet(43)) - raft.server.log.force.sync.num = 128 (default)
2019-09-26 10:50:45,259 [pool-247-thread-1] INFO  server.RaftServerConfigKeys (ConfUtils.java:logGet(43)) - raft.server.log.statemachine.data.sync = true (default)
2019-09-26 10:50:45,259 [pool-247-thread-1] INFO  server.RaftServerConfigKeys (ConfUtils.java:logGet(43)) - raft.server.log.statemachine.data.sync.timeout = 10s (default)
2019-09-26 10:50:45,259 [pool-247-thread-1] INFO  server.RaftServerConfigKeys (ConfUtils.java:logGet(43)) - raft.server.log.statemachine.data.sync.timeout.retry = -1 (default)
2019-09-26 10:50:45,260 [pool-247-thread-1] INFO  server.RaftServerConfigKeys (ConfUtils.java:logGet(43)) - raft.server.log.statemachine.data.caching.enabled = true (custom)
2019-09-26 10:50:45,260 [pool-247-thread-1] INFO  segmented.SegmentedRaftLogWorker (SegmentedRaftLogWorker.java:lambda$new$0(132)) - 6e58f488-afe0-40d3-b73f-51cd36198913@group-066D4D75C124-SegmentedRaftLogWorker: flushIndex: setUnconditionally 0 -> -1
2019-09-26 10:50:45,261 [pool-247-thread-1] INFO  server.RaftServerConfigKeys (ConfUtils.java:logGet(43)) - raft.server.snapshot.auto.trigger.enabled = true (custom)
2019-09-26 10:50:45,261 [pool-247-thread-1] INFO  server.RaftServerConfigKeys (ConfUtils.java:logGet(43)) - raft.server.snapshot.auto.trigger.threshold = 10000 (custom)
2019-09-26 10:50:45,261 [pool-247-thread-1] INFO  server.RaftServerConfigKeys (ConfUtils.java:logGet(43)) - raft.server.snapshot.retention.num.files = 5 (custom)
2019-09-26 10:50:45,261 [pool-247-thread-1] INFO  server.RaftServerConfigKeys (ConfUtils.java:logGet(43)) - raft.server.retrycache.expirytime = 600000ms (custom)
2019-09-26 10:50:45,264 [pool-247-thread-1] INFO  impl.RaftServerImpl (RaftServerImpl.java:start(185)) - 6e58f488-afe0-40d3-b73f-51cd36198913@group-066D4D75C124: start as a follower, conf=-1: [6e58f488-afe0-40d3-b73f-51cd36198913:192.168.30.13:42251], old=null
2019-09-26 10:50:45,264 [pool-247-thread-1] INFO  impl.RaftServerImpl (RaftServerImpl.java:setRole(174)) - 6e58f488-afe0-40d3-b73f-51cd36198913@group-066D4D75C124: changes role from      null to FOLLOWER at term 0 for startAsFollower
2019-09-26 10:50:45,264 [pool-247-thread-1] INFO  impl.RoleInfo (RoleInfo.java:updateAndGet(143)) - 6e58f488-afe0-40d3-b73f-51cd36198913: start FollowerState
2019-09-26 10:50:45,265 [pool-247-thread-1] INFO  util.JmxRegister (JmxRegister.java:tryRegister(44)) - Successfully registered JMX Bean with object name Ratis:service=RaftServer,group=group-066D4D75C124,id=6e58f488-afe0-40d3-b73f-51cd36198913
2019-09-26 10:50:45,268 [RatisPipelineUtilsThread] INFO  pipeline.PipelineStateManager (PipelineStateManager.java:addPipeline(56)) - Created pipeline Pipeline[ Id: a4ef28ca-e969-40f0-afd5-066d4d75c124, Nodes: 6e58f488-afe0-40d3-b73f-51cd36198913{ip: 192.168.30.13, host: pr-hdds-1569-wvzgm-824869521, networkLocation: /default-rack, certSerialId: null}, Type:RATIS, Factor:ONE, State:OPEN]
2019-09-26 10:50:45,269 [RatisPipelineUtilsThread] INFO  pipeline.PipelinePlacementPolicy (PipelinePlacementPolicy.java:meetCriteria(91)) - Pipeline Placement: can't place more pipeline on heavy datanode： 748f10d8-f7b1-4cbf-afbb-a313ec1e9bbc Heaviness: 6 limit: 5
2019-09-26 10:50:45,269 [RatisPipelineUtilsThread] INFO  pipeline.PipelinePlacementPolicy (PipelinePlacementPolicy.java:meetCriteria(91)) - Pipeline Placement: can't place more pipeline on heavy datanode： 1c5c8622-0ed3-4a62-999f-f7d88c498e79 Heaviness: 6 limit: 5
2019-09-26 10:50:45,269 [RatisPipelineUtilsThread] INFO  pipeline.PipelinePlacementPolicy (PipelinePlacementPolicy.java:meetCriteria(91)) - Pipeline Placement: can't place more pipeline on heavy datanode： 6e58f488-afe0-40d3-b73f-51cd36198913 Heaviness: 6 limit: 5
2019-09-26 10:50:45,270 [RatisPipelineUtilsThread] ERROR pipeline.PipelinePlacementPolicy (PipelinePlacementPolicy.java:filterViableNodes(148)) - Unable to find enough nodes that meet the criteria that cannot engage in more than 5 pipelines. Nodes required: 1 Found: 0, healthy nodes count inNodeManager: 3.
2019-09-26 10:50:45,270 [RatisPipelineUtilsThread] ERROR pipeline.SCMPipelineManager (SCMPipelineManager.java:createPipeline(167)) - Pipeline creation failed.
org.apache.hadoop.hdds.scm.exceptions.SCMException: Unable to find enough nodes that meet the criteria that cannot engage in more than 5 pipelines. Nodes required: 1 Found: 0, healthy nodes count inNodeManager: 3.
	at org.apache.hadoop.hdds.scm.pipeline.PipelinePlacementPolicy.filterViableNodes(PipelinePlacementPolicy.java:149)
	at org.apache.hadoop.hdds.scm.pipeline.PipelinePlacementPolicy.chooseDatanodes(PipelinePlacementPolicy.java:172)
	at org.apache.hadoop.hdds.scm.pipeline.RatisPipelineProvider.create(RatisPipelineProvider.java:93)
	at org.apache.hadoop.hdds.scm.pipeline.PipelineFactory.create(PipelineFactory.java:58)
	at org.apache.hadoop.hdds.scm.pipeline.SCMPipelineManager.createPipeline(SCMPipelineManager.java:155)
	at org.apache.hadoop.hdds.scm.pipeline.BackgroundPipelineCreator.createPipelines(BackgroundPipelineCreator.java:99)
	at java.util.concurrent.Executors$RunnableAdapter.call(Executors.java:511)
	at java.util.concurrent.FutureTask.run(FutureTask.java:266)
	at java.util.concurrent.ScheduledThreadPoolExecutor$ScheduledFutureTask.access$201(ScheduledThreadPoolExecutor.java:180)
	at java.util.concurrent.ScheduledThreadPoolExecutor$ScheduledFutureTask.run(ScheduledThreadPoolExecutor.java:293)
	at java.util.concurrent.ThreadPoolExecutor.runWorker(ThreadPoolExecutor.java:1149)
	at java.util.concurrent.ThreadPoolExecutor$Worker.run(ThreadPoolExecutor.java:624)
	at java.lang.Thread.run(Thread.java:748)
2019-09-26 10:50:45,270 [RatisPipelineUtilsThread] INFO  pipeline.PipelinePlacementPolicy (PipelinePlacementPolicy.java:meetCriteria(91)) - Pipeline Placement: can't place more pipeline on heavy datanode： 748f10d8-f7b1-4cbf-afbb-a313ec1e9bbc Heaviness: 6 limit: 5
2019-09-26 10:50:45,270 [RatisPipelineUtilsThread] INFO  pipeline.PipelinePlacementPolicy (PipelinePlacementPolicy.java:meetCriteria(91)) - Pipeline Placement: can't place more pipeline on heavy datanode： 1c5c8622-0ed3-4a62-999f-f7d88c498e79 Heaviness: 6 limit: 5
2019-09-26 10:50:45,271 [RatisPipelineUtilsThread] INFO  pipeline.PipelinePlacementPolicy (PipelinePlacementPolicy.java:meetCriteria(91)) - Pipeline Placement: can't place more pipeline on heavy datanode： 6e58f488-afe0-40d3-b73f-51cd36198913 Heaviness: 6 limit: 5
2019-09-26 10:50:45,271 [RatisPipelineUtilsThread] ERROR pipeline.PipelinePlacementPolicy (PipelinePlacementPolicy.java:filterViableNodes(148)) - Unable to find enough nodes that meet the criteria that cannot engage in more than 5 pipelines. Nodes required: 3 Found: 0, healthy nodes count inNodeManager: 3.
2019-09-26 10:50:45,271 [RatisPipelineUtilsThread] ERROR pipeline.SCMPipelineManager (SCMPipelineManager.java:createPipeline(167)) - Pipeline creation failed.
org.apache.hadoop.hdds.scm.exceptions.SCMException: Unable to find enough nodes that meet the criteria that cannot engage in more than 5 pipelines. Nodes required: 3 Found: 0, healthy nodes count inNodeManager: 3.
	at org.apache.hadoop.hdds.scm.pipeline.PipelinePlacementPolicy.filterViableNodes(PipelinePlacementPolicy.java:149)
	at org.apache.hadoop.hdds.scm.pipeline.PipelinePlacementPolicy.chooseDatanodes(PipelinePlacementPolicy.java:172)
	at org.apache.hadoop.hdds.scm.pipeline.RatisPipelineProvider.create(RatisPipelineProvider.java:93)
	at org.apache.hadoop.hdds.scm.pipeline.PipelineFactory.create(PipelineFactory.java:58)
	at org.apache.hadoop.hdds.scm.pipeline.SCMPipelineManager.createPipeline(SCMPipelineManager.java:155)
	at org.apache.hadoop.hdds.scm.pipeline.BackgroundPipelineCreator.createPipelines(BackgroundPipelineCreator.java:99)
	at java.util.concurrent.Executors$RunnableAdapter.call(Executors.java:511)
	at java.util.concurrent.FutureTask.run(FutureTask.java:266)
	at java.util.concurrent.ScheduledThreadPoolExecutor$ScheduledFutureTask.access$201(ScheduledThreadPoolExecutor.java:180)
	at java.util.concurrent.ScheduledThreadPoolExecutor$ScheduledFutureTask.run(ScheduledThreadPoolExecutor.java:293)
	at java.util.concurrent.ThreadPoolExecutor.runWorker(ThreadPoolExecutor.java:1149)
	at java.util.concurrent.ThreadPoolExecutor$Worker.run(ThreadPoolExecutor.java:624)
	at java.lang.Thread.run(Thread.java:748)
2019-09-26 10:50:45,285 [RatisPipelineUtilsThread] INFO  pipeline.PipelinePlacementPolicy (PipelinePlacementPolicy.java:meetCriteria(91)) - Pipeline Placement: can't place more pipeline on heavy datanode： 748f10d8-f7b1-4cbf-afbb-a313ec1e9bbc Heaviness: 6 limit: 5
2019-09-26 10:50:45,286 [RatisPipelineUtilsThread] INFO  pipeline.PipelinePlacementPolicy (PipelinePlacementPolicy.java:meetCriteria(91)) - Pipeline Placement: can't place more pipeline on heavy datanode： 1c5c8622-0ed3-4a62-999f-f7d88c498e79 Heaviness: 6 limit: 5
2019-09-26 10:50:45,286 [RatisPipelineUtilsThread] INFO  pipeline.PipelinePlacementPolicy (PipelinePlacementPolicy.java:meetCriteria(91)) - Pipeline Placement: can't place more pipeline on heavy datanode： 6e58f488-afe0-40d3-b73f-51cd36198913 Heaviness: 6 limit: 5
2019-09-26 10:50:45,286 [RatisPipelineUtilsThread] ERROR pipeline.PipelinePlacementPolicy (PipelinePlacementPolicy.java:filterViableNodes(148)) - Unable to find enough nodes that meet the criteria that cannot engage in more than 5 pipelines. Nodes required: 1 Found: 0, healthy nodes count inNodeManager: 3.
2019-09-26 10:50:45,286 [RatisPipelineUtilsThread] ERROR pipeline.SCMPipelineManager (SCMPipelineManager.java:createPipeline(167)) - Pipeline creation failed.
org.apache.hadoop.hdds.scm.exceptions.SCMException: Unable to find enough nodes that meet the criteria that cannot engage in more than 5 pipelines. Nodes required: 1 Found: 0, healthy nodes count inNodeManager: 3.
	at org.apache.hadoop.hdds.scm.pipeline.PipelinePlacementPolicy.filterViableNodes(PipelinePlacementPolicy.java:149)
	at org.apache.hadoop.hdds.scm.pipeline.PipelinePlacementPolicy.chooseDatanodes(PipelinePlacementPolicy.java:172)
	at org.apache.hadoop.hdds.scm.pipeline.RatisPipelineProvider.create(RatisPipelineProvider.java:93)
	at org.apache.hadoop.hdds.scm.pipeline.PipelineFactory.create(PipelineFactory.java:58)
	at org.apache.hadoop.hdds.scm.pipeline.SCMPipelineManager.createPipeline(SCMPipelineManager.java:155)
	at org.apache.hadoop.hdds.scm.pipeline.BackgroundPipelineCreator.createPipelines(BackgroundPipelineCreator.java:99)
	at org.apache.hadoop.hdds.scm.pipeline.BackgroundPipelineCreator.lambda$startFixedIntervalPipelineCreator$0(BackgroundPipelineCreator.java:70)
	at java.util.concurrent.Executors$RunnableAdapter.call(Executors.java:511)
	at java.util.concurrent.FutureTask.runAndReset(FutureTask.java:308)
	at java.util.concurrent.ScheduledThreadPoolExecutor$ScheduledFutureTask.access$301(ScheduledThreadPoolExecutor.java:180)
	at java.util.concurrent.ScheduledThreadPoolExecutor$ScheduledFutureTask.run(ScheduledThreadPoolExecutor.java:294)
	at java.util.concurrent.ThreadPoolExecutor.runWorker(ThreadPoolExecutor.java:1149)
	at java.util.concurrent.ThreadPoolExecutor$Worker.run(ThreadPoolExecutor.java:624)
	at java.lang.Thread.run(Thread.java:748)
2019-09-26 10:50:45,286 [RatisPipelineUtilsThread] INFO  pipeline.PipelinePlacementPolicy (PipelinePlacementPolicy.java:meetCriteria(91)) - Pipeline Placement: can't place more pipeline on heavy datanode： 748f10d8-f7b1-4cbf-afbb-a313ec1e9bbc Heaviness: 6 limit: 5
2019-09-26 10:50:45,287 [RatisPipelineUtilsThread] INFO  pipeline.PipelinePlacementPolicy (PipelinePlacementPolicy.java:meetCriteria(91)) - Pipeline Placement: can't place more pipeline on heavy datanode： 1c5c8622-0ed3-4a62-999f-f7d88c498e79 Heaviness: 6 limit: 5
2019-09-26 10:50:45,287 [RatisPipelineUtilsThread] INFO  pipeline.PipelinePlacementPolicy (PipelinePlacementPolicy.java:meetCriteria(91)) - Pipeline Placement: can't place more pipeline on heavy datanode： 6e58f488-afe0-40d3-b73f-51cd36198913 Heaviness: 6 limit: 5
2019-09-26 10:50:45,287 [RatisPipelineUtilsThread] ERROR pipeline.PipelinePlacementPolicy (PipelinePlacementPolicy.java:filterViableNodes(148)) - Unable to find enough nodes that meet the criteria that cannot engage in more than 5 pipelines. Nodes required: 3 Found: 0, healthy nodes count inNodeManager: 3.
2019-09-26 10:50:45,287 [RatisPipelineUtilsThread] ERROR pipeline.SCMPipelineManager (SCMPipelineManager.java:createPipeline(167)) - Pipeline creation failed.
org.apache.hadoop.hdds.scm.exceptions.SCMException: Unable to find enough nodes that meet the criteria that cannot engage in more than 5 pipelines. Nodes required: 3 Found: 0, healthy nodes count inNodeManager: 3.
	at org.apache.hadoop.hdds.scm.pipeline.PipelinePlacementPolicy.filterViableNodes(PipelinePlacementPolicy.java:149)
	at org.apache.hadoop.hdds.scm.pipeline.PipelinePlacementPolicy.chooseDatanodes(PipelinePlacementPolicy.java:172)
	at org.apache.hadoop.hdds.scm.pipeline.RatisPipelineProvider.create(RatisPipelineProvider.java:93)
	at org.apache.hadoop.hdds.scm.pipeline.PipelineFactory.create(PipelineFactory.java:58)
	at org.apache.hadoop.hdds.scm.pipeline.SCMPipelineManager.createPipeline(SCMPipelineManager.java:155)
	at org.apache.hadoop.hdds.scm.pipeline.BackgroundPipelineCreator.createPipelines(BackgroundPipelineCreator.java:99)
	at org.apache.hadoop.hdds.scm.pipeline.BackgroundPipelineCreator.lambda$startFixedIntervalPipelineCreator$0(BackgroundPipelineCreator.java:70)
	at java.util.concurrent.Executors$RunnableAdapter.call(Executors.java:511)
	at java.util.concurrent.FutureTask.runAndReset(FutureTask.java:308)
	at java.util.concurrent.ScheduledThreadPoolExecutor$ScheduledFutureTask.access$301(ScheduledThreadPoolExecutor.java:180)
	at java.util.concurrent.ScheduledThreadPoolExecutor$ScheduledFutureTask.run(ScheduledThreadPoolExecutor.java:294)
	at java.util.concurrent.ThreadPoolExecutor.runWorker(ThreadPoolExecutor.java:1149)
	at java.util.concurrent.ThreadPoolExecutor$Worker.run(ThreadPoolExecutor.java:624)
	at java.lang.Thread.run(Thread.java:748)
2019-09-26 10:50:45,555 [Thread-1077] INFO  ozone.MiniOzoneClusterImpl (MiniOzoneClusterImpl.java:lambda$waitForClusterToBeReady$0(147)) - Cluster is ready. Got 3 of 3 DN Heartbeats.
2019-09-26 10:50:45,622 [Thread-1077] INFO  rpc.RpcClient (RpcClient.java:createVolume(276)) - Creating Volume: volume94793, with user70625 as owner.
2019-09-26 10:50:45,626 [IPC Server handler 3 on 46494] INFO  volume.OMVolumeCreateRequest (OMVolumeCreateRequest.java:validateAndUpdateCache(189)) - created volume:volume94793 for user:user70625
2019-09-26 10:50:45,638 [Thread-1077] INFO  rpc.RpcClient (RpcClient.java:createBucket(415)) - Creating Bucket: volume94793/bucket30439, with Versioning false and Storage Type set to DISK and Encryption set to false 
2019-09-26 10:50:45,703 [IPC Server handler 1 on 41228] INFO  pipeline.PipelinePlacementPolicy (PipelinePlacementPolicy.java:meetCriteria(91)) - Pipeline Placement: can't place more pipeline on heavy datanode： 748f10d8-f7b1-4cbf-afbb-a313ec1e9bbc Heaviness: 6 limit: 5
2019-09-26 10:50:45,703 [IPC Server handler 1 on 41228] INFO  pipeline.PipelinePlacementPolicy (PipelinePlacementPolicy.java:meetCriteria(91)) - Pipeline Placement: can't place more pipeline on heavy datanode： 1c5c8622-0ed3-4a62-999f-f7d88c498e79 Heaviness: 6 limit: 5
2019-09-26 10:50:45,703 [IPC Server handler 1 on 41228] INFO  pipeline.PipelinePlacementPolicy (PipelinePlacementPolicy.java:meetCriteria(91)) - Pipeline Placement: can't place more pipeline on heavy datanode： 6e58f488-afe0-40d3-b73f-51cd36198913 Heaviness: 6 limit: 5
2019-09-26 10:50:45,703 [IPC Server handler 1 on 41228] ERROR pipeline.PipelinePlacementPolicy (PipelinePlacementPolicy.java:filterViableNodes(148)) - Unable to find enough nodes that meet the criteria that cannot engage in more than 5 pipelines. Nodes required: 3 Found: 0, healthy nodes count inNodeManager: 3.
2019-09-26 10:50:45,704 [IPC Server handler 1 on 41228] ERROR pipeline.SCMPipelineManager (SCMPipelineManager.java:createPipeline(167)) - Pipeline creation failed.
org.apache.hadoop.hdds.scm.exceptions.SCMException: Unable to find enough nodes that meet the criteria that cannot engage in more than 5 pipelines. Nodes required: 3 Found: 0, healthy nodes count inNodeManager: 3.
	at org.apache.hadoop.hdds.scm.pipeline.PipelinePlacementPolicy.filterViableNodes(PipelinePlacementPolicy.java:149)
	at org.apache.hadoop.hdds.scm.pipeline.PipelinePlacementPolicy.chooseDatanodes(PipelinePlacementPolicy.java:172)
	at org.apache.hadoop.hdds.scm.pipeline.RatisPipelineProvider.create(RatisPipelineProvider.java:93)
	at org.apache.hadoop.hdds.scm.pipeline.PipelineFactory.create(PipelineFactory.java:58)
	at org.apache.hadoop.hdds.scm.pipeline.SCMPipelineManager.createPipeline(SCMPipelineManager.java:155)
	at org.apache.hadoop.hdds.scm.block.BlockManagerImpl.allocateBlock(BlockManagerImpl.java:190)
	at org.apache.hadoop.hdds.scm.server.SCMBlockProtocolServer.allocateBlock(SCMBlockProtocolServer.java:182)
	at org.apache.hadoop.ozone.protocolPB.ScmBlockLocationProtocolServerSideTranslatorPB.allocateScmBlock(ScmBlockLocationProtocolServerSideTranslatorPB.java:183)
	at org.apache.hadoop.ozone.protocolPB.ScmBlockLocationProtocolServerSideTranslatorPB.processMessage(ScmBlockLocationProtocolServerSideTranslatorPB.java:141)
	at org.apache.hadoop.ozone.protocolPB.ScmBlockLocationProtocolServerSideTranslatorPB.send(ScmBlockLocationProtocolServerSideTranslatorPB.java:116)
	at org.apache.hadoop.hdds.protocol.proto.ScmBlockLocationProtocolProtos$ScmBlockLocationProtocolService$2.callBlockingMethod(ScmBlockLocationProtocolProtos.java:13157)
	at org.apache.hadoop.ipc.ProtobufRpcEngine$Server$ProtoBufRpcInvoker.call(ProtobufRpcEngine.java:524)
	at org.apache.hadoop.ipc.RPC$Server.call(RPC.java:1025)
	at org.apache.hadoop.ipc.Server$RpcCall.run(Server.java:876)
	at org.apache.hadoop.ipc.Server$RpcCall.run(Server.java:822)
	at java.security.AccessController.doPrivileged(Native Method)
	at javax.security.auth.Subject.doAs(Subject.java:422)
	at org.apache.hadoop.security.UserGroupInformation.doAs(UserGroupInformation.java:1730)
	at org.apache.hadoop.ipc.Server$Handler.run(Server.java:2682)
2019-09-26 10:50:45,704 [IPC Server handler 1 on 41228] WARN  block.BlockManagerImpl (BlockManagerImpl.java:allocateBlock(192)) - Pipeline creation failed for type:RATIS factor:THREE. Retrying get pipelines call once.
org.apache.hadoop.hdds.scm.exceptions.SCMException: Unable to find enough nodes that meet the criteria that cannot engage in more than 5 pipelines. Nodes required: 3 Found: 0, healthy nodes count inNodeManager: 3.
	at org.apache.hadoop.hdds.scm.pipeline.PipelinePlacementPolicy.filterViableNodes(PipelinePlacementPolicy.java:149)
	at org.apache.hadoop.hdds.scm.pipeline.PipelinePlacementPolicy.chooseDatanodes(PipelinePlacementPolicy.java:172)
	at org.apache.hadoop.hdds.scm.pipeline.RatisPipelineProvider.create(RatisPipelineProvider.java:93)
	at org.apache.hadoop.hdds.scm.pipeline.PipelineFactory.create(PipelineFactory.java:58)
	at org.apache.hadoop.hdds.scm.pipeline.SCMPipelineManager.createPipeline(SCMPipelineManager.java:155)
	at org.apache.hadoop.hdds.scm.block.BlockManagerImpl.allocateBlock(BlockManagerImpl.java:190)
	at org.apache.hadoop.hdds.scm.server.SCMBlockProtocolServer.allocateBlock(SCMBlockProtocolServer.java:182)
	at org.apache.hadoop.ozone.protocolPB.ScmBlockLocationProtocolServerSideTranslatorPB.allocateScmBlock(ScmBlockLocationProtocolServerSideTranslatorPB.java:183)
	at org.apache.hadoop.ozone.protocolPB.ScmBlockLocationProtocolServerSideTranslatorPB.processMessage(ScmBlockLocationProtocolServerSideTranslatorPB.java:141)
	at org.apache.hadoop.ozone.protocolPB.ScmBlockLocationProtocolServerSideTranslatorPB.send(ScmBlockLocationProtocolServerSideTranslatorPB.java:116)
	at org.apache.hadoop.hdds.protocol.proto.ScmBlockLocationProtocolProtos$ScmBlockLocationProtocolService$2.callBlockingMethod(ScmBlockLocationProtocolProtos.java:13157)
	at org.apache.hadoop.ipc.ProtobufRpcEngine$Server$ProtoBufRpcInvoker.call(ProtobufRpcEngine.java:524)
	at org.apache.hadoop.ipc.RPC$Server.call(RPC.java:1025)
	at org.apache.hadoop.ipc.Server$RpcCall.run(Server.java:876)
	at org.apache.hadoop.ipc.Server$RpcCall.run(Server.java:822)
	at java.security.AccessController.doPrivileged(Native Method)
	at javax.security.auth.Subject.doAs(Subject.java:422)
	at org.apache.hadoop.security.UserGroupInformation.doAs(UserGroupInformation.java:1730)
	at org.apache.hadoop.ipc.Server$Handler.run(Server.java:2682)
2019-09-26 10:50:45,704 [IPC Server handler 1 on 41228] INFO  block.BlockManagerImpl (BlockManagerImpl.java:allocateBlock(198)) - Could not find available pipeline of type:RATIS and factor:THREE even after retrying
2019-09-26 10:50:45,704 [IPC Server handler 1 on 41228] ERROR block.BlockManagerImpl (BlockManagerImpl.java:allocateBlock(222)) - Unable to allocate a block for the size: 4194304, type: RATIS, factor: THREE
2019-09-26 10:50:45,708 [Thread-1077] INFO  ozone.MiniOzoneClusterImpl (MiniOzoneClusterImpl.java:shutdown(314)) - Shutting down the Mini Ozone Cluster
2019-09-26 10:50:45,709 [Thread-1077] INFO  ozone.MiniOzoneClusterImpl (MiniOzoneClusterImpl.java:stop(330)) - Stopping the Mini Ozone Cluster
2019-09-26 10:50:45,709 [Thread-1077] INFO  ozone.MiniOzoneClusterImpl (MiniOzoneClusterImpl.java:stopOM(400)) - Stopping the OzoneManager
2019-09-26 10:50:45,709 [Thread-1077] INFO  ipc.Server (Server.java:stop(3082)) - Stopping server on 46494
2019-09-26 10:50:45,714 [IPC Server listener on 46494] INFO  ipc.Server (Server.java:run(1185)) - Stopping IPC Server listener on 46494
2019-09-26 10:50:45,714 [Thread-1077] INFO  ratis.OzoneManagerDoubleBuffer (OzoneManagerDoubleBuffer.java:stop(248)) - Stopping OMDoubleBuffer flush thread
2019-09-26 10:50:45,714 [IPC Server Responder] INFO  ipc.Server (Server.java:run(1319)) - Stopping IPC Server Responder
2019-09-26 10:50:45,725 [OMDoubleBufferFlushThread] INFO  ratis.OzoneManagerDoubleBuffer (OzoneManagerDoubleBuffer.java:flushTransactions(191)) - OMDoubleBuffer flush thread OMDoubleBufferFlushThread is interrupted and will exit. OMDoubleBufferFlushThread
2019-09-26 10:50:45,725 [Thread-1077] INFO  utils.BackgroundService (BackgroundService.java:shutdown(148)) - Shutting down service KeyDeletingService
2019-09-26 10:50:45,727 [Thread-1077] INFO  handler.ContextHandler (ContextHandler.java:doStop(910)) - Stopped o.e.j.w.WebAppContext@11f9eb13{/,null,UNAVAILABLE}{/ozoneManager}
2019-09-26 10:50:45,728 [Thread-1077] INFO  server.AbstractConnector (AbstractConnector.java:doStop(318)) - Stopped ServerConnector@6a958096{HTTP/1.1,[http/1.1]}{0.0.0.0:0}
2019-09-26 10:50:45,728 [Thread-1077] INFO  handler.ContextHandler (ContextHandler.java:doStop(910)) - Stopped o.e.j.s.ServletContextHandler@5307160f{/static,jar:file:/home/user/.m2/repository/org/apache/hadoop/hadoop-ozone-ozone-manager/0.5.0-SNAPSHOT/hadoop-ozone-ozone-manager-0.5.0-SNAPSHOT.jar!/webapps/static,UNAVAILABLE}
2019-09-26 10:50:45,729 [Thread-1077] INFO  handler.ContextHandler (ContextHandler.java:doStop(910)) - Stopped o.e.j.s.ServletContextHandler@43f1747b{/logs,file:///workdir/hadoop-ozone/ozonefs/target/log,UNAVAILABLE}
2019-09-26 10:50:45,731 [Thread-1077] INFO  ozone.MiniOzoneClusterImpl (MiniOzoneClusterImpl.java:stopDatanodes(377)) - Stopping the HddsDatanodes
2019-09-26 10:50:46,383 [Datanode State Machine Thread - 0] INFO  statemachine.DatanodeStateMachine (DatanodeStateMachine.java:lambda$startDaemon$0(350)) - Ozone container server started.
2019-09-26 10:50:46,465 [Datanode State Machine Thread - 0] INFO  statemachine.DatanodeStateMachine (DatanodeStateMachine.java:lambda$startDaemon$0(350)) - Ozone container server started.
2019-09-26 10:50:47,395 [Thread-1249] INFO  container.ReplicationManager (ReplicationManager.java:start(163)) - Starting Replication Monitor Thread.
2019-09-26 10:50:47,398 [ReplicationMonitor] INFO  container.ReplicationManager (ReplicationManager.java:run(226)) - Replication Monitor Thread took 0 milliseconds for processing 0 containers.
2019-09-26 10:50:49,567 [Thread-1254] INFO  impl.FollowerState (FollowerState.java:run(106)) - 748f10d8-f7b1-4cbf-afbb-a313ec1e9bbc:group-204CB144C10D changes to CANDIDATE, lastRpcTime:5046, electionTimeout:5046ms
2019-09-26 10:50:49,567 [Thread-1254] INFO  impl.RoleInfo (RoleInfo.java:shutdownFollowerState(121)) - 748f10d8-f7b1-4cbf-afbb-a313ec1e9bbc: shutdown FollowerState
2019-09-26 10:50:49,567 [Thread-1254] INFO  impl.RaftServerImpl (RaftServerImpl.java:setRole(174)) - 748f10d8-f7b1-4cbf-afbb-a313ec1e9bbc@group-204CB144C10D: changes role from  FOLLOWER to CANDIDATE at term 0 for changeToCandidate
2019-09-26 10:50:49,568 [Thread-1254] INFO  impl.RoleInfo (RoleInfo.java:updateAndGet(143)) - 748f10d8-f7b1-4cbf-afbb-a313ec1e9bbc: start LeaderElection
2019-09-26 10:50:49,585 [748f10d8-f7b1-4cbf-afbb-a313ec1e9bbc@group-204CB144C10D:LeaderElection73] INFO  impl.LeaderElection (LeaderElection.java:askForVotes(182)) - 748f10d8-f7b1-4cbf-afbb-a313ec1e9bbc@group-204CB144C10D:LeaderElection73: begin an election at term 1 for -1: [748f10d8-f7b1-4cbf-afbb-a313ec1e9bbc:192.168.30.13:45663], old=null
2019-09-26 10:50:49,586 [748f10d8-f7b1-4cbf-afbb-a313ec1e9bbc@group-204CB144C10D:LeaderElection73] INFO  impl.RoleInfo (RoleInfo.java:shutdownLeaderElection(134)) - 748f10d8-f7b1-4cbf-afbb-a313ec1e9bbc: shutdown LeaderElection
2019-09-26 10:50:49,586 [748f10d8-f7b1-4cbf-afbb-a313ec1e9bbc@group-204CB144C10D:LeaderElection73] INFO  impl.RaftServerImpl (RaftServerImpl.java:setRole(174)) - 748f10d8-f7b1-4cbf-afbb-a313ec1e9bbc@group-204CB144C10D: changes role from CANDIDATE to LEADER at term 1 for changeToLeader
2019-09-26 10:50:49,586 [748f10d8-f7b1-4cbf-afbb-a313ec1e9bbc@group-204CB144C10D:LeaderElection73] INFO  impl.RaftServerImpl (ServerState.java:setLeader(253)) - 748f10d8-f7b1-4cbf-afbb-a313ec1e9bbc@group-204CB144C10D: change Leader from null to 748f10d8-f7b1-4cbf-afbb-a313ec1e9bbc at term 1 for becomeLeader, leader elected after 5071ms
2019-09-26 10:50:49,586 [748f10d8-f7b1-4cbf-afbb-a313ec1e9bbc@group-204CB144C10D:LeaderElection73] INFO  server.RaftServerConfigKeys (ConfUtils.java:logGet(43)) - raft.server.staging.catchup.gap = 1000 (default)
2019-09-26 10:50:49,586 [748f10d8-f7b1-4cbf-afbb-a313ec1e9bbc@group-204CB144C10D:LeaderElection73] INFO  server.RaftServerConfigKeys (ConfUtils.java:logGet(43)) - raft.server.rpc.sleep.time = 25ms (default)
2019-09-26 10:50:49,587 [748f10d8-f7b1-4cbf-afbb-a313ec1e9bbc@group-204CB144C10D:LeaderElection73] INFO  server.RaftServerConfigKeys (ConfUtils.java:logGet(43)) - raft.server.write.element-limit = 4096 (default)
2019-09-26 10:50:49,587 [748f10d8-f7b1-4cbf-afbb-a313ec1e9bbc@group-204CB144C10D:LeaderElection73] INFO  server.RaftServerConfigKeys (ConfUtils.java:logGet(43)) - raft.server.watch.timeout = 10s (default)
2019-09-26 10:50:49,587 [748f10d8-f7b1-4cbf-afbb-a313ec1e9bbc@group-204CB144C10D:LeaderElection73] INFO  server.RaftServerConfigKeys (ConfUtils.java:logGet(43)) - raft.server.watch.timeout.denomination = 1s (default)
2019-09-26 10:50:49,587 [748f10d8-f7b1-4cbf-afbb-a313ec1e9bbc@group-204CB144C10D:LeaderElection73] INFO  server.RaftServerConfigKeys (ConfUtils.java:logGet(43)) - raft.server.watch.element-limit = 65536 (default)
2019-09-26 10:50:49,588 [Thread-1251] INFO  impl.FollowerState (FollowerState.java:run(106)) - 748f10d8-f7b1-4cbf-afbb-a313ec1e9bbc:group-7E13C93EA25C changes to CANDIDATE, lastRpcTime:5112, electionTimeout:5112ms
2019-09-26 10:50:49,588 [Thread-1251] INFO  impl.RoleInfo (RoleInfo.java:shutdownFollowerState(121)) - 748f10d8-f7b1-4cbf-afbb-a313ec1e9bbc: shutdown FollowerState
2019-09-26 10:50:49,588 [Thread-1251] INFO  impl.RaftServerImpl (RaftServerImpl.java:setRole(174)) - 748f10d8-f7b1-4cbf-afbb-a313ec1e9bbc@group-7E13C93EA25C: changes role from  FOLLOWER to CANDIDATE at term 0 for changeToCandidate
2019-09-26 10:50:49,588 [Thread-1251] INFO  impl.RoleInfo (RoleInfo.java:updateAndGet(143)) - 748f10d8-f7b1-4cbf-afbb-a313ec1e9bbc: start LeaderElection
2019-09-26 10:50:49,598 [748f10d8-f7b1-4cbf-afbb-a313ec1e9bbc@group-204CB144C10D:LeaderElection73] INFO  impl.RoleInfo (RoleInfo.java:updateAndGet(143)) - 748f10d8-f7b1-4cbf-afbb-a313ec1e9bbc: start LeaderState
2019-09-26 10:50:49,598 [748f10d8-f7b1-4cbf-afbb-a313ec1e9bbc@group-204CB144C10D:LeaderElection73] INFO  segmented.SegmentedRaftLogWorker (SegmentedRaftLogWorker.java:startLogSegment(380)) - 748f10d8-f7b1-4cbf-afbb-a313ec1e9bbc@group-204CB144C10D-SegmentedRaftLogWorker: Starting segment from index:0
2019-09-26 10:50:49,599 [748f10d8-f7b1-4cbf-afbb-a313ec1e9bbc@group-204CB144C10D:LeaderElection73] INFO  impl.RaftServerImpl (ServerState.java:setRaftConf(354)) - 748f10d8-f7b1-4cbf-afbb-a313ec1e9bbc@group-204CB144C10D: set configuration 0: [748f10d8-f7b1-4cbf-afbb-a313ec1e9bbc:192.168.30.13:45663], old=null at 0
2019-09-26 10:50:49,610 [748f10d8-f7b1-4cbf-afbb-a313ec1e9bbc@group-7E13C93EA25C:LeaderElection74] INFO  impl.LeaderElection (LeaderElection.java:askForVotes(182)) - 748f10d8-f7b1-4cbf-afbb-a313ec1e9bbc@group-7E13C93EA25C:LeaderElection74: begin an election at term 1 for -1: [748f10d8-f7b1-4cbf-afbb-a313ec1e9bbc:192.168.30.13:45663], old=null
2019-09-26 10:50:49,610 [748f10d8-f7b1-4cbf-afbb-a313ec1e9bbc@group-7E13C93EA25C:LeaderElection74] INFO  impl.RoleInfo (RoleInfo.java:shutdownLeaderElection(134)) - 748f10d8-f7b1-4cbf-afbb-a313ec1e9bbc: shutdown LeaderElection
2019-09-26 10:50:49,611 [748f10d8-f7b1-4cbf-afbb-a313ec1e9bbc@group-7E13C93EA25C:LeaderElection74] INFO  impl.RaftServerImpl (RaftServerImpl.java:setRole(174)) - 748f10d8-f7b1-4cbf-afbb-a313ec1e9bbc@group-7E13C93EA25C: changes role from CANDIDATE to LEADER at term 1 for changeToLeader
2019-09-26 10:50:49,611 [748f10d8-f7b1-4cbf-afbb-a313ec1e9bbc@group-7E13C93EA25C:LeaderElection74] INFO  impl.RaftServerImpl (ServerState.java:setLeader(253)) - 748f10d8-f7b1-4cbf-afbb-a313ec1e9bbc@group-7E13C93EA25C: change Leader from null to 748f10d8-f7b1-4cbf-afbb-a313ec1e9bbc at term 1 for becomeLeader, leader elected after 5145ms
2019-09-26 10:50:49,611 [748f10d8-f7b1-4cbf-afbb-a313ec1e9bbc@group-7E13C93EA25C:LeaderElection74] INFO  server.RaftServerConfigKeys (ConfUtils.java:logGet(43)) - raft.server.staging.catchup.gap = 1000 (default)
2019-09-26 10:50:49,611 [748f10d8-f7b1-4cbf-afbb-a313ec1e9bbc@group-7E13C93EA25C:LeaderElection74] INFO  server.RaftServerConfigKeys (ConfUtils.java:logGet(43)) - raft.server.rpc.sleep.time = 25ms (default)
2019-09-26 10:50:49,611 [748f10d8-f7b1-4cbf-afbb-a313ec1e9bbc@group-7E13C93EA25C:LeaderElection74] INFO  server.RaftServerConfigKeys (ConfUtils.java:logGet(43)) - raft.server.write.element-limit = 4096 (default)
2019-09-26 10:50:49,612 [748f10d8-f7b1-4cbf-afbb-a313ec1e9bbc@group-7E13C93EA25C:LeaderElection74] INFO  server.RaftServerConfigKeys (ConfUtils.java:logGet(43)) - raft.server.watch.timeout = 10s (default)
2019-09-26 10:50:49,612 [748f10d8-f7b1-4cbf-afbb-a313ec1e9bbc@group-7E13C93EA25C:LeaderElection74] INFO  server.RaftServerConfigKeys (ConfUtils.java:logGet(43)) - raft.server.watch.timeout.denomination = 1s (default)
2019-09-26 10:50:49,612 [748f10d8-f7b1-4cbf-afbb-a313ec1e9bbc@group-7E13C93EA25C:LeaderElection74] INFO  server.RaftServerConfigKeys (ConfUtils.java:logGet(43)) - raft.server.watch.element-limit = 65536 (default)
2019-09-26 10:50:49,614 [748f10d8-f7b1-4cbf-afbb-a313ec1e9bbc@group-7E13C93EA25C:LeaderElection74] INFO  impl.RoleInfo (RoleInfo.java:updateAndGet(143)) - 748f10d8-f7b1-4cbf-afbb-a313ec1e9bbc: start LeaderState
2019-09-26 10:50:49,614 [748f10d8-f7b1-4cbf-afbb-a313ec1e9bbc@group-7E13C93EA25C:LeaderElection74] INFO  segmented.SegmentedRaftLogWorker (SegmentedRaftLogWorker.java:startLogSegment(380)) - 748f10d8-f7b1-4cbf-afbb-a313ec1e9bbc@group-7E13C93EA25C-SegmentedRaftLogWorker: Starting segment from index:0
2019-09-26 10:50:49,615 [748f10d8-f7b1-4cbf-afbb-a313ec1e9bbc@group-7E13C93EA25C:LeaderElection74] INFO  impl.RaftServerImpl (ServerState.java:setRaftConf(354)) - 748f10d8-f7b1-4cbf-afbb-a313ec1e9bbc@group-7E13C93EA25C: set configuration 0: [748f10d8-f7b1-4cbf-afbb-a313ec1e9bbc:192.168.30.13:45663], old=null at 0
2019-09-26 10:50:49,653 [748f10d8-f7b1-4cbf-afbb-a313ec1e9bbc@group-204CB144C10D-SegmentedRaftLogWorker] INFO  segmented.SegmentedRaftLogWorker (SegmentedRaftLogWorker.java:execute(569)) - 748f10d8-f7b1-4cbf-afbb-a313ec1e9bbc@group-204CB144C10D-SegmentedRaftLogWorker: created new log segment /workdir/hadoop-ozone/ozonefs/target/test-dir/MiniOzoneClusterImpl-99c4f40c-1efe-4b17-8303-d48b923188ee/datanode-0/data/ratis/3cf9e7b6-a33b-4de9-b1f0-204cb144c10d/current/log_inprogress_0
2019-09-26 10:50:49,666 [748f10d8-f7b1-4cbf-afbb-a313ec1e9bbc@group-7E13C93EA25C-SegmentedRaftLogWorker] INFO  segmented.SegmentedRaftLogWorker (SegmentedRaftLogWorker.java:execute(569)) - 748f10d8-f7b1-4cbf-afbb-a313ec1e9bbc@group-7E13C93EA25C-SegmentedRaftLogWorker: created new log segment /workdir/hadoop-ozone/ozonefs/target/test-dir/MiniOzoneClusterImpl-99c4f40c-1efe-4b17-8303-d48b923188ee/datanode-0/data/ratis/85ee4df2-d147-4299-bfb8-7e13c93ea25c/current/log_inprogress_0
2019-09-26 10:50:49,722 [Thread-1257] INFO  impl.FollowerState (FollowerState.java:run(106)) - 748f10d8-f7b1-4cbf-afbb-a313ec1e9bbc:group-8A4710DD8F25 changes to CANDIDATE, lastRpcTime:5155, electionTimeout:5155ms
2019-09-26 10:50:49,722 [Thread-1257] INFO  impl.RoleInfo (RoleInfo.java:shutdownFollowerState(121)) - 748f10d8-f7b1-4cbf-afbb-a313ec1e9bbc: shutdown FollowerState
2019-09-26 10:50:49,722 [Thread-1257] INFO  impl.RaftServerImpl (RaftServerImpl.java:setRole(174)) - 748f10d8-f7b1-4cbf-afbb-a313ec1e9bbc@group-8A4710DD8F25: changes role from  FOLLOWER to CANDIDATE at term 0 for changeToCandidate
2019-09-26 10:50:49,722 [Thread-1257] INFO  impl.RoleInfo (RoleInfo.java:updateAndGet(143)) - 748f10d8-f7b1-4cbf-afbb-a313ec1e9bbc: start LeaderElection
2019-09-26 10:50:49,736 [748f10d8-f7b1-4cbf-afbb-a313ec1e9bbc@group-8A4710DD8F25:LeaderElection75] INFO  impl.LeaderElection (LeaderElection.java:askForVotes(182)) - 748f10d8-f7b1-4cbf-afbb-a313ec1e9bbc@group-8A4710DD8F25:LeaderElection75: begin an election at term 1 for -1: [748f10d8-f7b1-4cbf-afbb-a313ec1e9bbc:192.168.30.13:45663], old=null
2019-09-26 10:50:49,736 [748f10d8-f7b1-4cbf-afbb-a313ec1e9bbc@group-8A4710DD8F25:LeaderElection75] INFO  impl.RoleInfo (RoleInfo.java:shutdownLeaderElection(134)) - 748f10d8-f7b1-4cbf-afbb-a313ec1e9bbc: shutdown LeaderElection
2019-09-26 10:50:49,737 [748f10d8-f7b1-4cbf-afbb-a313ec1e9bbc@group-8A4710DD8F25:LeaderElection75] INFO  impl.RaftServerImpl (RaftServerImpl.java:setRole(174)) - 748f10d8-f7b1-4cbf-afbb-a313ec1e9bbc@group-8A4710DD8F25: changes role from CANDIDATE to LEADER at term 1 for changeToLeader
2019-09-26 10:50:49,737 [748f10d8-f7b1-4cbf-afbb-a313ec1e9bbc@group-8A4710DD8F25:LeaderElection75] INFO  impl.RaftServerImpl (ServerState.java:setLeader(253)) - 748f10d8-f7b1-4cbf-afbb-a313ec1e9bbc@group-8A4710DD8F25: change Leader from null to 748f10d8-f7b1-4cbf-afbb-a313ec1e9bbc at term 1 for becomeLeader, leader elected after 5176ms
2019-09-26 10:50:49,737 [748f10d8-f7b1-4cbf-afbb-a313ec1e9bbc@group-8A4710DD8F25:LeaderElection75] INFO  server.RaftServerConfigKeys (ConfUtils.java:logGet(43)) - raft.server.staging.catchup.gap = 1000 (default)
2019-09-26 10:50:49,737 [748f10d8-f7b1-4cbf-afbb-a313ec1e9bbc@group-8A4710DD8F25:LeaderElection75] INFO  server.RaftServerConfigKeys (ConfUtils.java:logGet(43)) - raft.server.rpc.sleep.time = 25ms (default)
2019-09-26 10:50:49,737 [748f10d8-f7b1-4cbf-afbb-a313ec1e9bbc@group-8A4710DD8F25:LeaderElection75] INFO  server.RaftServerConfigKeys (ConfUtils.java:logGet(43)) - raft.server.write.element-limit = 4096 (default)
2019-09-26 10:50:49,737 [748f10d8-f7b1-4cbf-afbb-a313ec1e9bbc@group-8A4710DD8F25:LeaderElection75] INFO  server.RaftServerConfigKeys (ConfUtils.java:logGet(43)) - raft.server.watch.timeout = 10s (default)
2019-09-26 10:50:49,738 [748f10d8-f7b1-4cbf-afbb-a313ec1e9bbc@group-8A4710DD8F25:LeaderElection75] INFO  server.RaftServerConfigKeys (ConfUtils.java:logGet(43)) - raft.server.watch.timeout.denomination = 1s (default)
2019-09-26 10:50:49,738 [748f10d8-f7b1-4cbf-afbb-a313ec1e9bbc@group-8A4710DD8F25:LeaderElection75] INFO  server.RaftServerConfigKeys (ConfUtils.java:logGet(43)) - raft.server.watch.element-limit = 65536 (default)
2019-09-26 10:50:49,740 [748f10d8-f7b1-4cbf-afbb-a313ec1e9bbc@group-8A4710DD8F25:LeaderElection75] INFO  impl.RoleInfo (RoleInfo.java:updateAndGet(143)) - 748f10d8-f7b1-4cbf-afbb-a313ec1e9bbc: start LeaderState
2019-09-26 10:50:49,740 [748f10d8-f7b1-4cbf-afbb-a313ec1e9bbc@group-8A4710DD8F25:LeaderElection75] INFO  segmented.SegmentedRaftLogWorker (SegmentedRaftLogWorker.java:startLogSegment(380)) - 748f10d8-f7b1-4cbf-afbb-a313ec1e9bbc@group-8A4710DD8F25-SegmentedRaftLogWorker: Starting segment from index:0
2019-09-26 10:50:49,741 [748f10d8-f7b1-4cbf-afbb-a313ec1e9bbc@group-8A4710DD8F25:LeaderElection75] INFO  impl.RaftServerImpl (ServerState.java:setRaftConf(354)) - 748f10d8-f7b1-4cbf-afbb-a313ec1e9bbc@group-8A4710DD8F25: set configuration 0: [748f10d8-f7b1-4cbf-afbb-a313ec1e9bbc:192.168.30.13:45663], old=null at 0
2019-09-26 10:50:49,742 [Thread-1260] INFO  impl.FollowerState (FollowerState.java:run(106)) - 1c5c8622-0ed3-4a62-999f-f7d88c498e79:group-E91938D087FB changes to CANDIDATE, lastRpcTime:5126, electionTimeout:5126ms
2019-09-26 10:50:49,743 [Thread-1260] INFO  impl.RoleInfo (RoleInfo.java:shutdownFollowerState(121)) - 1c5c8622-0ed3-4a62-999f-f7d88c498e79: shutdown FollowerState
2019-09-26 10:50:49,743 [Thread-1260] INFO  impl.RaftServerImpl (RaftServerImpl.java:setRole(174)) - 1c5c8622-0ed3-4a62-999f-f7d88c498e79@group-E91938D087FB: changes role from  FOLLOWER to CANDIDATE at term 0 for changeToCandidate
2019-09-26 10:50:49,743 [Thread-1260] INFO  impl.RoleInfo (RoleInfo.java:updateAndGet(143)) - 1c5c8622-0ed3-4a62-999f-f7d88c498e79: start LeaderElection
2019-09-26 10:50:49,757 [1c5c8622-0ed3-4a62-999f-f7d88c498e79@group-E91938D087FB:LeaderElection76] INFO  impl.LeaderElection (LeaderElection.java:askForVotes(182)) - 1c5c8622-0ed3-4a62-999f-f7d88c498e79@group-E91938D087FB:LeaderElection76: begin an election at term 1 for -1: [1c5c8622-0ed3-4a62-999f-f7d88c498e79:192.168.30.13:40111], old=null
2019-09-26 10:50:49,757 [1c5c8622-0ed3-4a62-999f-f7d88c498e79@group-E91938D087FB:LeaderElection76] INFO  impl.RoleInfo (RoleInfo.java:shutdownLeaderElection(134)) - 1c5c8622-0ed3-4a62-999f-f7d88c498e79: shutdown LeaderElection
2019-09-26 10:50:49,757 [1c5c8622-0ed3-4a62-999f-f7d88c498e79@group-E91938D087FB:LeaderElection76] INFO  impl.RaftServerImpl (RaftServerImpl.java:setRole(174)) - 1c5c8622-0ed3-4a62-999f-f7d88c498e79@group-E91938D087FB: changes role from CANDIDATE to LEADER at term 1 for changeToLeader
2019-09-26 10:50:49,757 [1c5c8622-0ed3-4a62-999f-f7d88c498e79@group-E91938D087FB:LeaderElection76] INFO  impl.RaftServerImpl (ServerState.java:setLeader(253)) - 1c5c8622-0ed3-4a62-999f-f7d88c498e79@group-E91938D087FB: change Leader from null to 1c5c8622-0ed3-4a62-999f-f7d88c498e79 at term 1 for becomeLeader, leader elected after 5149ms
2019-09-26 10:50:49,757 [1c5c8622-0ed3-4a62-999f-f7d88c498e79@group-E91938D087FB:LeaderElection76] INFO  server.RaftServerConfigKeys (ConfUtils.java:logGet(43)) - raft.server.staging.catchup.gap = 1000 (default)
2019-09-26 10:50:49,757 [1c5c8622-0ed3-4a62-999f-f7d88c498e79@group-E91938D087FB:LeaderElection76] INFO  server.RaftServerConfigKeys (ConfUtils.java:logGet(43)) - raft.server.rpc.sleep.time = 25ms (default)
2019-09-26 10:50:49,758 [1c5c8622-0ed3-4a62-999f-f7d88c498e79@group-E91938D087FB:LeaderElection76] INFO  server.RaftServerConfigKeys (ConfUtils.java:logGet(43)) - raft.server.write.element-limit = 4096 (default)
2019-09-26 10:50:49,758 [1c5c8622-0ed3-4a62-999f-f7d88c498e79@group-E91938D087FB:LeaderElection76] INFO  server.RaftServerConfigKeys (ConfUtils.java:logGet(43)) - raft.server.watch.timeout = 10s (default)
2019-09-26 10:50:49,758 [1c5c8622-0ed3-4a62-999f-f7d88c498e79@group-E91938D087FB:LeaderElection76] INFO  server.RaftServerConfigKeys (ConfUtils.java:logGet(43)) - raft.server.watch.timeout.denomination = 1s (default)
2019-09-26 10:50:49,758 [1c5c8622-0ed3-4a62-999f-f7d88c498e79@group-E91938D087FB:LeaderElection76] INFO  server.RaftServerConfigKeys (ConfUtils.java:logGet(43)) - raft.server.watch.element-limit = 65536 (default)
2019-09-26 10:50:49,759 [Thread-1269] INFO  impl.FollowerState (FollowerState.java:run(106)) - 748f10d8-f7b1-4cbf-afbb-a313ec1e9bbc:group-BEAD11819CF7 changes to CANDIDATE, lastRpcTime:5021, electionTimeout:5021ms
2019-09-26 10:50:49,759 [Thread-1269] INFO  impl.RoleInfo (RoleInfo.java:shutdownFollowerState(121)) - 748f10d8-f7b1-4cbf-afbb-a313ec1e9bbc: shutdown FollowerState
2019-09-26 10:50:49,759 [Thread-1269] INFO  impl.RaftServerImpl (RaftServerImpl.java:setRole(174)) - 748f10d8-f7b1-4cbf-afbb-a313ec1e9bbc@group-BEAD11819CF7: changes role from  FOLLOWER to CANDIDATE at term 0 for changeToCandidate
2019-09-26 10:50:49,759 [Thread-1269] INFO  impl.RoleInfo (RoleInfo.java:updateAndGet(143)) - 748f10d8-f7b1-4cbf-afbb-a313ec1e9bbc: start LeaderElection
2019-09-26 10:50:49,761 [1c5c8622-0ed3-4a62-999f-f7d88c498e79@group-E91938D087FB:LeaderElection76] INFO  impl.RoleInfo (RoleInfo.java:updateAndGet(143)) - 1c5c8622-0ed3-4a62-999f-f7d88c498e79: start LeaderState
2019-09-26 10:50:49,762 [1c5c8622-0ed3-4a62-999f-f7d88c498e79@group-E91938D087FB:LeaderElection76] INFO  segmented.SegmentedRaftLogWorker (SegmentedRaftLogWorker.java:startLogSegment(380)) - 1c5c8622-0ed3-4a62-999f-f7d88c498e79@group-E91938D087FB-SegmentedRaftLogWorker: Starting segment from index:0
2019-09-26 10:50:49,762 [1c5c8622-0ed3-4a62-999f-f7d88c498e79@group-E91938D087FB:LeaderElection76] INFO  impl.RaftServerImpl (ServerState.java:setRaftConf(354)) - 1c5c8622-0ed3-4a62-999f-f7d88c498e79@group-E91938D087FB: set configuration 0: [1c5c8622-0ed3-4a62-999f-f7d88c498e79:192.168.30.13:40111], old=null at 0
2019-09-26 10:50:49,773 [Thread-1263] INFO  impl.FollowerState (FollowerState.java:run(106)) - 1c5c8622-0ed3-4a62-999f-f7d88c498e79:group-1A5BE4E3A094 changes to CANDIDATE, lastRpcTime:5122, electionTimeout:5122ms
2019-09-26 10:50:49,773 [Thread-1263] INFO  impl.RoleInfo (RoleInfo.java:shutdownFollowerState(121)) - 1c5c8622-0ed3-4a62-999f-f7d88c498e79: shutdown FollowerState
2019-09-26 10:50:49,774 [748f10d8-f7b1-4cbf-afbb-a313ec1e9bbc@group-BEAD11819CF7:LeaderElection77] INFO  impl.LeaderElection (LeaderElection.java:askForVotes(182)) - 748f10d8-f7b1-4cbf-afbb-a313ec1e9bbc@group-BEAD11819CF7:LeaderElection77: begin an election at term 1 for -1: [748f10d8-f7b1-4cbf-afbb-a313ec1e9bbc:192.168.30.13:45663], old=null
2019-09-26 10:50:49,774 [Thread-1263] INFO  impl.RaftServerImpl (RaftServerImpl.java:setRole(174)) - 1c5c8622-0ed3-4a62-999f-f7d88c498e79@group-1A5BE4E3A094: changes role from  FOLLOWER to CANDIDATE at term 0 for changeToCandidate
2019-09-26 10:50:49,773 [748f10d8-f7b1-4cbf-afbb-a313ec1e9bbc@group-8A4710DD8F25-SegmentedRaftLogWorker] INFO  segmented.SegmentedRaftLogWorker (SegmentedRaftLogWorker.java:execute(569)) - 748f10d8-f7b1-4cbf-afbb-a313ec1e9bbc@group-8A4710DD8F25-SegmentedRaftLogWorker: created new log segment /workdir/hadoop-ozone/ozonefs/target/test-dir/MiniOzoneClusterImpl-99c4f40c-1efe-4b17-8303-d48b923188ee/datanode-0/data/ratis/a39ad851-e6f4-46fc-a2b6-8a4710dd8f25/current/log_inprogress_0
2019-09-26 10:50:49,774 [Thread-1263] INFO  impl.RoleInfo (RoleInfo.java:updateAndGet(143)) - 1c5c8622-0ed3-4a62-999f-f7d88c498e79: start LeaderElection
2019-09-26 10:50:49,774 [748f10d8-f7b1-4cbf-afbb-a313ec1e9bbc@group-BEAD11819CF7:LeaderElection77] INFO  impl.RoleInfo (RoleInfo.java:shutdownLeaderElection(134)) - 748f10d8-f7b1-4cbf-afbb-a313ec1e9bbc: shutdown LeaderElection
2019-09-26 10:50:49,774 [748f10d8-f7b1-4cbf-afbb-a313ec1e9bbc@group-BEAD11819CF7:LeaderElection77] INFO  impl.RaftServerImpl (RaftServerImpl.java:setRole(174)) - 748f10d8-f7b1-4cbf-afbb-a313ec1e9bbc@group-BEAD11819CF7: changes role from CANDIDATE to LEADER at term 1 for changeToLeader
2019-09-26 10:50:49,774 [748f10d8-f7b1-4cbf-afbb-a313ec1e9bbc@group-BEAD11819CF7:LeaderElection77] INFO  impl.RaftServerImpl (ServerState.java:setLeader(253)) - 748f10d8-f7b1-4cbf-afbb-a313ec1e9bbc@group-BEAD11819CF7: change Leader from null to 748f10d8-f7b1-4cbf-afbb-a313ec1e9bbc at term 1 for becomeLeader, leader elected after 5043ms
2019-09-26 10:50:49,774 [748f10d8-f7b1-4cbf-afbb-a313ec1e9bbc@group-BEAD11819CF7:LeaderElection77] INFO  server.RaftServerConfigKeys (ConfUtils.java:logGet(43)) - raft.server.staging.catchup.gap = 1000 (default)
2019-09-26 10:50:49,775 [748f10d8-f7b1-4cbf-afbb-a313ec1e9bbc@group-BEAD11819CF7:LeaderElection77] INFO  server.RaftServerConfigKeys (ConfUtils.java:logGet(43)) - raft.server.rpc.sleep.time = 25ms (default)
2019-09-26 10:50:49,775 [748f10d8-f7b1-4cbf-afbb-a313ec1e9bbc@group-BEAD11819CF7:LeaderElection77] INFO  server.RaftServerConfigKeys (ConfUtils.java:logGet(43)) - raft.server.write.element-limit = 4096 (default)
2019-09-26 10:50:49,775 [748f10d8-f7b1-4cbf-afbb-a313ec1e9bbc@group-BEAD11819CF7:LeaderElection77] INFO  server.RaftServerConfigKeys (ConfUtils.java:logGet(43)) - raft.server.watch.timeout = 10s (default)
2019-09-26 10:50:49,775 [748f10d8-f7b1-4cbf-afbb-a313ec1e9bbc@group-BEAD11819CF7:LeaderElection77] INFO  server.RaftServerConfigKeys (ConfUtils.java:logGet(43)) - raft.server.watch.timeout.denomination = 1s (default)
2019-09-26 10:50:49,775 [748f10d8-f7b1-4cbf-afbb-a313ec1e9bbc@group-BEAD11819CF7:LeaderElection77] INFO  server.RaftServerConfigKeys (ConfUtils.java:logGet(43)) - raft.server.watch.element-limit = 65536 (default)
2019-09-26 10:50:49,777 [748f10d8-f7b1-4cbf-afbb-a313ec1e9bbc@group-BEAD11819CF7:LeaderElection77] INFO  impl.RoleInfo (RoleInfo.java:updateAndGet(143)) - 748f10d8-f7b1-4cbf-afbb-a313ec1e9bbc: start LeaderState
2019-09-26 10:50:49,778 [748f10d8-f7b1-4cbf-afbb-a313ec1e9bbc@group-BEAD11819CF7:LeaderElection77] INFO  segmented.SegmentedRaftLogWorker (SegmentedRaftLogWorker.java:startLogSegment(380)) - 748f10d8-f7b1-4cbf-afbb-a313ec1e9bbc@group-BEAD11819CF7-SegmentedRaftLogWorker: Starting segment from index:0
2019-09-26 10:50:49,778 [748f10d8-f7b1-4cbf-afbb-a313ec1e9bbc@group-BEAD11819CF7:LeaderElection77] INFO  impl.RaftServerImpl (ServerState.java:setRaftConf(354)) - 748f10d8-f7b1-4cbf-afbb-a313ec1e9bbc@group-BEAD11819CF7: set configuration 0: [748f10d8-f7b1-4cbf-afbb-a313ec1e9bbc:192.168.30.13:45663], old=null at 0
2019-09-26 10:50:49,787 [1c5c8622-0ed3-4a62-999f-f7d88c498e79@group-1A5BE4E3A094:LeaderElection78] INFO  impl.LeaderElection (LeaderElection.java:askForVotes(182)) - 1c5c8622-0ed3-4a62-999f-f7d88c498e79@group-1A5BE4E3A094:LeaderElection78: begin an election at term 1 for -1: [1c5c8622-0ed3-4a62-999f-f7d88c498e79:192.168.30.13:40111], old=null
2019-09-26 10:50:49,787 [1c5c8622-0ed3-4a62-999f-f7d88c498e79@group-1A5BE4E3A094:LeaderElection78] INFO  impl.RoleInfo (RoleInfo.java:shutdownLeaderElection(134)) - 1c5c8622-0ed3-4a62-999f-f7d88c498e79: shutdown LeaderElection
2019-09-26 10:50:49,787 [1c5c8622-0ed3-4a62-999f-f7d88c498e79@group-1A5BE4E3A094:LeaderElection78] INFO  impl.RaftServerImpl (RaftServerImpl.java:setRole(174)) - 1c5c8622-0ed3-4a62-999f-f7d88c498e79@group-1A5BE4E3A094: changes role from CANDIDATE to LEADER at term 1 for changeToLeader
2019-09-26 10:50:49,787 [1c5c8622-0ed3-4a62-999f-f7d88c498e79@group-1A5BE4E3A094:LeaderElection78] INFO  impl.RaftServerImpl (ServerState.java:setLeader(253)) - 1c5c8622-0ed3-4a62-999f-f7d88c498e79@group-1A5BE4E3A094: change Leader from null to 1c5c8622-0ed3-4a62-999f-f7d88c498e79 at term 1 for becomeLeader, leader elected after 5143ms
2019-09-26 10:50:49,788 [1c5c8622-0ed3-4a62-999f-f7d88c498e79@group-1A5BE4E3A094:LeaderElection78] INFO  server.RaftServerConfigKeys (ConfUtils.java:logGet(43)) - raft.server.staging.catchup.gap = 1000 (default)
2019-09-26 10:50:49,788 [1c5c8622-0ed3-4a62-999f-f7d88c498e79@group-1A5BE4E3A094:LeaderElection78] INFO  server.RaftServerConfigKeys (ConfUtils.java:logGet(43)) - raft.server.rpc.sleep.time = 25ms (default)
2019-09-26 10:50:49,788 [1c5c8622-0ed3-4a62-999f-f7d88c498e79@group-1A5BE4E3A094:LeaderElection78] INFO  server.RaftServerConfigKeys (ConfUtils.java:logGet(43)) - raft.server.write.element-limit = 4096 (default)
2019-09-26 10:50:49,788 [1c5c8622-0ed3-4a62-999f-f7d88c498e79@group-1A5BE4E3A094:LeaderElection78] INFO  server.RaftServerConfigKeys (ConfUtils.java:logGet(43)) - raft.server.watch.timeout = 10s (default)
2019-09-26 10:50:49,788 [1c5c8622-0ed3-4a62-999f-f7d88c498e79@group-1A5BE4E3A094:LeaderElection78] INFO  server.RaftServerConfigKeys (ConfUtils.java:logGet(43)) - raft.server.watch.timeout.denomination = 1s (default)
2019-09-26 10:50:49,788 [1c5c8622-0ed3-4a62-999f-f7d88c498e79@group-1A5BE4E3A094:LeaderElection78] INFO  server.RaftServerConfigKeys (ConfUtils.java:logGet(43)) - raft.server.watch.element-limit = 65536 (default)
2019-09-26 10:50:49,790 [1c5c8622-0ed3-4a62-999f-f7d88c498e79@group-1A5BE4E3A094:LeaderElection78] INFO  impl.RoleInfo (RoleInfo.java:updateAndGet(143)) - 1c5c8622-0ed3-4a62-999f-f7d88c498e79: start LeaderState
2019-09-26 10:50:49,791 [1c5c8622-0ed3-4a62-999f-f7d88c498e79@group-1A5BE4E3A094:LeaderElection78] INFO  segmented.SegmentedRaftLogWorker (SegmentedRaftLogWorker.java:startLogSegment(380)) - 1c5c8622-0ed3-4a62-999f-f7d88c498e79@group-1A5BE4E3A094-SegmentedRaftLogWorker: Starting segment from index:0
2019-09-26 10:50:49,791 [1c5c8622-0ed3-4a62-999f-f7d88c498e79@group-1A5BE4E3A094:LeaderElection78] INFO  impl.RaftServerImpl (ServerState.java:setRaftConf(354)) - 1c5c8622-0ed3-4a62-999f-f7d88c498e79@group-1A5BE4E3A094: set configuration 0: [1c5c8622-0ed3-4a62-999f-f7d88c498e79:192.168.30.13:40111], old=null at 0
2019-09-26 10:50:49,811 [1c5c8622-0ed3-4a62-999f-f7d88c498e79@group-E91938D087FB-SegmentedRaftLogWorker] INFO  segmented.SegmentedRaftLogWorker (SegmentedRaftLogWorker.java:execute(569)) - 1c5c8622-0ed3-4a62-999f-f7d88c498e79@group-E91938D087FB-SegmentedRaftLogWorker: created new log segment /workdir/hadoop-ozone/ozonefs/target/test-dir/MiniOzoneClusterImpl-99c4f40c-1efe-4b17-8303-d48b923188ee/datanode-1/data/ratis/4183ef33-2cfa-4541-b829-e91938d087fb/current/log_inprogress_0
2019-09-26 10:50:49,819 [Thread-1266] INFO  impl.FollowerState (FollowerState.java:run(106)) - 1c5c8622-0ed3-4a62-999f-f7d88c498e79:group-9BD6615280EC changes to CANDIDATE, lastRpcTime:5126, electionTimeout:5126ms
2019-09-26 10:50:49,819 [Thread-1266] INFO  impl.RoleInfo (RoleInfo.java:shutdownFollowerState(121)) - 1c5c8622-0ed3-4a62-999f-f7d88c498e79: shutdown FollowerState
2019-09-26 10:50:49,819 [Thread-1266] INFO  impl.RaftServerImpl (RaftServerImpl.java:setRole(174)) - 1c5c8622-0ed3-4a62-999f-f7d88c498e79@group-9BD6615280EC: changes role from  FOLLOWER to CANDIDATE at term 0 for changeToCandidate
2019-09-26 10:50:49,819 [Thread-1266] INFO  impl.RoleInfo (RoleInfo.java:updateAndGet(143)) - 1c5c8622-0ed3-4a62-999f-f7d88c498e79: start LeaderElection
2019-09-26 10:50:49,820 [Thread-1272] INFO  impl.FollowerState (FollowerState.java:run(106)) - 748f10d8-f7b1-4cbf-afbb-a313ec1e9bbc:group-8924A7D15390 changes to CANDIDATE, lastRpcTime:5038, electionTimeout:5038ms
2019-09-26 10:50:49,821 [Thread-1272] INFO  impl.RoleInfo (RoleInfo.java:shutdownFollowerState(121)) - 748f10d8-f7b1-4cbf-afbb-a313ec1e9bbc: shutdown FollowerState
2019-09-26 10:50:49,821 [Thread-1272] INFO  impl.RaftServerImpl (RaftServerImpl.java:setRole(174)) - 748f10d8-f7b1-4cbf-afbb-a313ec1e9bbc@group-8924A7D15390: changes role from  FOLLOWER to CANDIDATE at term 0 for changeToCandidate
2019-09-26 10:50:49,821 [Thread-1272] INFO  impl.RoleInfo (RoleInfo.java:updateAndGet(143)) - 748f10d8-f7b1-4cbf-afbb-a313ec1e9bbc: start LeaderElection
2019-09-26 10:50:49,825 [748f10d8-f7b1-4cbf-afbb-a313ec1e9bbc@group-BEAD11819CF7-SegmentedRaftLogWorker] INFO  segmented.SegmentedRaftLogWorker (SegmentedRaftLogWorker.java:execute(569)) - 748f10d8-f7b1-4cbf-afbb-a313ec1e9bbc@group-BEAD11819CF7-SegmentedRaftLogWorker: created new log segment /workdir/hadoop-ozone/ozonefs/target/test-dir/MiniOzoneClusterImpl-99c4f40c-1efe-4b17-8303-d48b923188ee/datanode-0/data/ratis/82ad3fd4-5342-4632-ac59-bead11819cf7/current/log_inprogress_0
2019-09-26 10:50:49,825 [748f10d8-f7b1-4cbf-afbb-a313ec1e9bbc@group-8924A7D15390:LeaderElection80] INFO  impl.LeaderElection (LeaderElection.java:askForVotes(182)) - 748f10d8-f7b1-4cbf-afbb-a313ec1e9bbc@group-8924A7D15390:LeaderElection80: begin an election at term 1 for -1: [748f10d8-f7b1-4cbf-afbb-a313ec1e9bbc:192.168.30.13:45663], old=null
2019-09-26 10:50:49,825 [1c5c8622-0ed3-4a62-999f-f7d88c498e79@group-9BD6615280EC:LeaderElection79] INFO  impl.LeaderElection (LeaderElection.java:askForVotes(182)) - 1c5c8622-0ed3-4a62-999f-f7d88c498e79@group-9BD6615280EC:LeaderElection79: begin an election at term 1 for -1: [1c5c8622-0ed3-4a62-999f-f7d88c498e79:192.168.30.13:40111], old=null
2019-09-26 10:50:49,825 [748f10d8-f7b1-4cbf-afbb-a313ec1e9bbc@group-8924A7D15390:LeaderElection80] INFO  impl.RoleInfo (RoleInfo.java:shutdownLeaderElection(134)) - 748f10d8-f7b1-4cbf-afbb-a313ec1e9bbc: shutdown LeaderElection
2019-09-26 10:50:49,825 [1c5c8622-0ed3-4a62-999f-f7d88c498e79@group-9BD6615280EC:LeaderElection79] INFO  impl.RoleInfo (RoleInfo.java:shutdownLeaderElection(134)) - 1c5c8622-0ed3-4a62-999f-f7d88c498e79: shutdown LeaderElection
2019-09-26 10:50:49,825 [748f10d8-f7b1-4cbf-afbb-a313ec1e9bbc@group-8924A7D15390:LeaderElection80] INFO  impl.RaftServerImpl (RaftServerImpl.java:setRole(174)) - 748f10d8-f7b1-4cbf-afbb-a313ec1e9bbc@group-8924A7D15390: changes role from CANDIDATE to LEADER at term 1 for changeToLeader
2019-09-26 10:50:49,825 [1c5c8622-0ed3-4a62-999f-f7d88c498e79@group-9BD6615280EC:LeaderElection79] INFO  impl.RaftServerImpl (RaftServerImpl.java:setRole(174)) - 1c5c8622-0ed3-4a62-999f-f7d88c498e79@group-9BD6615280EC: changes role from CANDIDATE to LEADER at term 1 for changeToLeader
2019-09-26 10:50:49,825 [748f10d8-f7b1-4cbf-afbb-a313ec1e9bbc@group-8924A7D15390:LeaderElection80] INFO  impl.RaftServerImpl (ServerState.java:setLeader(253)) - 748f10d8-f7b1-4cbf-afbb-a313ec1e9bbc@group-8924A7D15390: change Leader from null to 748f10d8-f7b1-4cbf-afbb-a313ec1e9bbc at term 1 for becomeLeader, leader elected after 5049ms
2019-09-26 10:50:49,826 [1c5c8622-0ed3-4a62-999f-f7d88c498e79@group-9BD6615280EC:LeaderElection79] INFO  impl.RaftServerImpl (ServerState.java:setLeader(253)) - 1c5c8622-0ed3-4a62-999f-f7d88c498e79@group-9BD6615280EC: change Leader from null to 1c5c8622-0ed3-4a62-999f-f7d88c498e79 at term 1 for becomeLeader, leader elected after 5138ms
2019-09-26 10:50:49,826 [748f10d8-f7b1-4cbf-afbb-a313ec1e9bbc@group-8924A7D15390:LeaderElection80] INFO  server.RaftServerConfigKeys (ConfUtils.java:logGet(43)) - raft.server.staging.catchup.gap = 1000 (default)
2019-09-26 10:50:49,826 [1c5c8622-0ed3-4a62-999f-f7d88c498e79@group-9BD6615280EC:LeaderElection79] INFO  server.RaftServerConfigKeys (ConfUtils.java:logGet(43)) - raft.server.staging.catchup.gap = 1000 (default)
2019-09-26 10:50:49,826 [748f10d8-f7b1-4cbf-afbb-a313ec1e9bbc@group-8924A7D15390:LeaderElection80] INFO  server.RaftServerConfigKeys (ConfUtils.java:logGet(43)) - raft.server.rpc.sleep.time = 25ms (default)
2019-09-26 10:50:49,826 [1c5c8622-0ed3-4a62-999f-f7d88c498e79@group-9BD6615280EC:LeaderElection79] INFO  server.RaftServerConfigKeys (ConfUtils.java:logGet(43)) - raft.server.rpc.sleep.time = 25ms (default)
2019-09-26 10:50:49,826 [748f10d8-f7b1-4cbf-afbb-a313ec1e9bbc@group-8924A7D15390:LeaderElection80] INFO  server.RaftServerConfigKeys (ConfUtils.java:logGet(43)) - raft.server.write.element-limit = 4096 (default)
2019-09-26 10:50:49,826 [1c5c8622-0ed3-4a62-999f-f7d88c498e79@group-9BD6615280EC:LeaderElection79] INFO  server.RaftServerConfigKeys (ConfUtils.java:logGet(43)) - raft.server.write.element-limit = 4096 (default)
2019-09-26 10:50:49,827 [748f10d8-f7b1-4cbf-afbb-a313ec1e9bbc@group-8924A7D15390:LeaderElection80] INFO  server.RaftServerConfigKeys (ConfUtils.java:logGet(43)) - raft.server.watch.timeout = 10s (default)
2019-09-26 10:50:49,827 [1c5c8622-0ed3-4a62-999f-f7d88c498e79@group-9BD6615280EC:LeaderElection79] INFO  server.RaftServerConfigKeys (ConfUtils.java:logGet(43)) - raft.server.watch.timeout = 10s (default)
2019-09-26 10:50:49,827 [748f10d8-f7b1-4cbf-afbb-a313ec1e9bbc@group-8924A7D15390:LeaderElection80] INFO  server.RaftServerConfigKeys (ConfUtils.java:logGet(43)) - raft.server.watch.timeout.denomination = 1s (default)
2019-09-26 10:50:49,827 [1c5c8622-0ed3-4a62-999f-f7d88c498e79@group-9BD6615280EC:LeaderElection79] INFO  server.RaftServerConfigKeys (ConfUtils.java:logGet(43)) - raft.server.watch.timeout.denomination = 1s (default)
2019-09-26 10:50:49,827 [748f10d8-f7b1-4cbf-afbb-a313ec1e9bbc@group-8924A7D15390:LeaderElection80] INFO  server.RaftServerConfigKeys (ConfUtils.java:logGet(43)) - raft.server.watch.element-limit = 65536 (default)
2019-09-26 10:50:49,827 [1c5c8622-0ed3-4a62-999f-f7d88c498e79@group-9BD6615280EC:LeaderElection79] INFO  server.RaftServerConfigKeys (ConfUtils.java:logGet(43)) - raft.server.watch.element-limit = 65536 (default)
2019-09-26 10:50:49,827 [1c5c8622-0ed3-4a62-999f-f7d88c498e79@group-1A5BE4E3A094-SegmentedRaftLogWorker] INFO  segmented.SegmentedRaftLogWorker (SegmentedRaftLogWorker.java:execute(569)) - 1c5c8622-0ed3-4a62-999f-f7d88c498e79@group-1A5BE4E3A094-SegmentedRaftLogWorker: created new log segment /workdir/hadoop-ozone/ozonefs/target/test-dir/MiniOzoneClusterImpl-99c4f40c-1efe-4b17-8303-d48b923188ee/datanode-1/data/ratis/811b8638-d5d8-4dfb-a5a4-1a5be4e3a094/current/log_inprogress_0
2019-09-26 10:50:49,831 [748f10d8-f7b1-4cbf-afbb-a313ec1e9bbc@group-8924A7D15390:LeaderElection80] INFO  impl.RoleInfo (RoleInfo.java:updateAndGet(143)) - 748f10d8-f7b1-4cbf-afbb-a313ec1e9bbc: start LeaderState
2019-09-26 10:50:49,831 [1c5c8622-0ed3-4a62-999f-f7d88c498e79@group-9BD6615280EC:LeaderElection79] INFO  impl.RoleInfo (RoleInfo.java:updateAndGet(143)) - 1c5c8622-0ed3-4a62-999f-f7d88c498e79: start LeaderState
2019-09-26 10:50:49,831 [748f10d8-f7b1-4cbf-afbb-a313ec1e9bbc@group-8924A7D15390:LeaderElection80] INFO  segmented.SegmentedRaftLogWorker (SegmentedRaftLogWorker.java:startLogSegment(380)) - 748f10d8-f7b1-4cbf-afbb-a313ec1e9bbc@group-8924A7D15390-SegmentedRaftLogWorker: Starting segment from index:0
2019-09-26 10:50:49,831 [1c5c8622-0ed3-4a62-999f-f7d88c498e79@group-9BD6615280EC:LeaderElection79] INFO  segmented.SegmentedRaftLogWorker (SegmentedRaftLogWorker.java:startLogSegment(380)) - 1c5c8622-0ed3-4a62-999f-f7d88c498e79@group-9BD6615280EC-SegmentedRaftLogWorker: Starting segment from index:0
2019-09-26 10:50:49,831 [748f10d8-f7b1-4cbf-afbb-a313ec1e9bbc@group-8924A7D15390:LeaderElection80] INFO  impl.RaftServerImpl (ServerState.java:setRaftConf(354)) - 748f10d8-f7b1-4cbf-afbb-a313ec1e9bbc@group-8924A7D15390: set configuration 0: [748f10d8-f7b1-4cbf-afbb-a313ec1e9bbc:192.168.30.13:45663], old=null at 0
2019-09-26 10:50:49,832 [1c5c8622-0ed3-4a62-999f-f7d88c498e79@group-9BD6615280EC:LeaderElection79] INFO  impl.RaftServerImpl (ServerState.java:setRaftConf(354)) - 1c5c8622-0ed3-4a62-999f-f7d88c498e79@group-9BD6615280EC: set configuration 0: [1c5c8622-0ed3-4a62-999f-f7d88c498e79:192.168.30.13:40111], old=null at 0
2019-09-26 10:50:49,873 [748f10d8-f7b1-4cbf-afbb-a313ec1e9bbc@group-8924A7D15390-SegmentedRaftLogWorker] INFO  segmented.SegmentedRaftLogWorker (SegmentedRaftLogWorker.java:execute(569)) - 748f10d8-f7b1-4cbf-afbb-a313ec1e9bbc@group-8924A7D15390-SegmentedRaftLogWorker: created new log segment /workdir/hadoop-ozone/ozonefs/target/test-dir/MiniOzoneClusterImpl-99c4f40c-1efe-4b17-8303-d48b923188ee/datanode-0/data/ratis/ed0103ec-780b-448d-94d5-8924a7d15390/current/log_inprogress_0
2019-09-26 10:50:49,873 [1c5c8622-0ed3-4a62-999f-f7d88c498e79@group-9BD6615280EC-SegmentedRaftLogWorker] INFO  segmented.SegmentedRaftLogWorker (SegmentedRaftLogWorker.java:execute(569)) - 1c5c8622-0ed3-4a62-999f-f7d88c498e79@group-9BD6615280EC-SegmentedRaftLogWorker: created new log segment /workdir/hadoop-ozone/ozonefs/target/test-dir/MiniOzoneClusterImpl-99c4f40c-1efe-4b17-8303-d48b923188ee/datanode-1/data/ratis/4a69aeef-8deb-47ee-927f-9bd6615280ec/current/log_inprogress_0
2019-09-26 10:50:49,920 [Thread-1278] INFO  impl.FollowerState (FollowerState.java:run(106)) - 1c5c8622-0ed3-4a62-999f-f7d88c498e79:group-0D30CB6B76BD changes to CANDIDATE, lastRpcTime:5048, electionTimeout:5048ms
2019-09-26 10:50:49,920 [Thread-1278] INFO  impl.RoleInfo (RoleInfo.java:shutdownFollowerState(121)) - 1c5c8622-0ed3-4a62-999f-f7d88c498e79: shutdown FollowerState
2019-09-26 10:50:49,921 [Thread-1278] INFO  impl.RaftServerImpl (RaftServerImpl.java:setRole(174)) - 1c5c8622-0ed3-4a62-999f-f7d88c498e79@group-0D30CB6B76BD: changes role from  FOLLOWER to CANDIDATE at term 0 for changeToCandidate
2019-09-26 10:50:49,921 [Thread-1278] INFO  impl.RoleInfo (RoleInfo.java:updateAndGet(143)) - 1c5c8622-0ed3-4a62-999f-f7d88c498e79: start LeaderElection
2019-09-26 10:50:49,935 [1c5c8622-0ed3-4a62-999f-f7d88c498e79@group-0D30CB6B76BD:LeaderElection81] INFO  impl.LeaderElection (LeaderElection.java:askForVotes(182)) - 1c5c8622-0ed3-4a62-999f-f7d88c498e79@group-0D30CB6B76BD:LeaderElection81: begin an election at term 1 for -1: [1c5c8622-0ed3-4a62-999f-f7d88c498e79:192.168.30.13:40111], old=null
2019-09-26 10:50:49,935 [1c5c8622-0ed3-4a62-999f-f7d88c498e79@group-0D30CB6B76BD:LeaderElection81] INFO  impl.RoleInfo (RoleInfo.java:shutdownLeaderElection(134)) - 1c5c8622-0ed3-4a62-999f-f7d88c498e79: shutdown LeaderElection
2019-09-26 10:50:49,935 [1c5c8622-0ed3-4a62-999f-f7d88c498e79@group-0D30CB6B76BD:LeaderElection81] INFO  impl.RaftServerImpl (RaftServerImpl.java:setRole(174)) - 1c5c8622-0ed3-4a62-999f-f7d88c498e79@group-0D30CB6B76BD: changes role from CANDIDATE to LEADER at term 1 for changeToLeader
2019-09-26 10:50:49,936 [1c5c8622-0ed3-4a62-999f-f7d88c498e79@group-0D30CB6B76BD:LeaderElection81] INFO  impl.RaftServerImpl (ServerState.java:setLeader(253)) - 1c5c8622-0ed3-4a62-999f-f7d88c498e79@group-0D30CB6B76BD: change Leader from null to 1c5c8622-0ed3-4a62-999f-f7d88c498e79 at term 1 for becomeLeader, leader elected after 5070ms
2019-09-26 10:50:49,936 [1c5c8622-0ed3-4a62-999f-f7d88c498e79@group-0D30CB6B76BD:LeaderElection81] INFO  server.RaftServerConfigKeys (ConfUtils.java:logGet(43)) - raft.server.staging.catchup.gap = 1000 (default)
2019-09-26 10:50:49,936 [1c5c8622-0ed3-4a62-999f-f7d88c498e79@group-0D30CB6B76BD:LeaderElection81] INFO  server.RaftServerConfigKeys (ConfUtils.java:logGet(43)) - raft.server.rpc.sleep.time = 25ms (default)
2019-09-26 10:50:49,936 [1c5c8622-0ed3-4a62-999f-f7d88c498e79@group-0D30CB6B76BD:LeaderElection81] INFO  server.RaftServerConfigKeys (ConfUtils.java:logGet(43)) - raft.server.write.element-limit = 4096 (default)
2019-09-26 10:50:49,936 [1c5c8622-0ed3-4a62-999f-f7d88c498e79@group-0D30CB6B76BD:LeaderElection81] INFO  server.RaftServerConfigKeys (ConfUtils.java:logGet(43)) - raft.server.watch.timeout = 10s (default)
2019-09-26 10:50:49,936 [1c5c8622-0ed3-4a62-999f-f7d88c498e79@group-0D30CB6B76BD:LeaderElection81] INFO  server.RaftServerConfigKeys (ConfUtils.java:logGet(43)) - raft.server.watch.timeout.denomination = 1s (default)
2019-09-26 10:50:49,937 [1c5c8622-0ed3-4a62-999f-f7d88c498e79@group-0D30CB6B76BD:LeaderElection81] INFO  server.RaftServerConfigKeys (ConfUtils.java:logGet(43)) - raft.server.watch.element-limit = 65536 (default)
2019-09-26 10:50:49,938 [1c5c8622-0ed3-4a62-999f-f7d88c498e79@group-0D30CB6B76BD:LeaderElection81] INFO  impl.RoleInfo (RoleInfo.java:updateAndGet(143)) - 1c5c8622-0ed3-4a62-999f-f7d88c498e79: start LeaderState
2019-09-26 10:50:49,939 [1c5c8622-0ed3-4a62-999f-f7d88c498e79@group-0D30CB6B76BD:LeaderElection81] INFO  segmented.SegmentedRaftLogWorker (SegmentedRaftLogWorker.java:startLogSegment(380)) - 1c5c8622-0ed3-4a62-999f-f7d88c498e79@group-0D30CB6B76BD-SegmentedRaftLogWorker: Starting segment from index:0
2019-09-26 10:50:49,939 [1c5c8622-0ed3-4a62-999f-f7d88c498e79@group-0D30CB6B76BD:LeaderElection81] INFO  impl.RaftServerImpl (ServerState.java:setRaftConf(354)) - 1c5c8622-0ed3-4a62-999f-f7d88c498e79@group-0D30CB6B76BD: set configuration 0: [1c5c8622-0ed3-4a62-999f-f7d88c498e79:192.168.30.13:40111], old=null at 0
2019-09-26 10:50:49,942 [Thread-1275] INFO  impl.FollowerState (FollowerState.java:run(106)) - 748f10d8-f7b1-4cbf-afbb-a313ec1e9bbc:group-21D8C6B451D2 changes to CANDIDATE, lastRpcTime:5115, electionTimeout:5115ms
2019-09-26 10:50:49,942 [Thread-1275] INFO  impl.RoleInfo (RoleInfo.java:shutdownFollowerState(121)) - 748f10d8-f7b1-4cbf-afbb-a313ec1e9bbc: shutdown FollowerState
2019-09-26 10:50:49,942 [Thread-1275] INFO  impl.RaftServerImpl (RaftServerImpl.java:setRole(174)) - 748f10d8-f7b1-4cbf-afbb-a313ec1e9bbc@group-21D8C6B451D2: changes role from  FOLLOWER to CANDIDATE at term 0 for changeToCandidate
2019-09-26 10:50:49,942 [Thread-1275] INFO  impl.RoleInfo (RoleInfo.java:updateAndGet(143)) - 748f10d8-f7b1-4cbf-afbb-a313ec1e9bbc: start LeaderElection
2019-09-26 10:50:49,956 [748f10d8-f7b1-4cbf-afbb-a313ec1e9bbc@group-21D8C6B451D2:LeaderElection82] INFO  impl.LeaderElection (LeaderElection.java:askForVotes(182)) - 748f10d8-f7b1-4cbf-afbb-a313ec1e9bbc@group-21D8C6B451D2:LeaderElection82: begin an election at term 1 for -1: [748f10d8-f7b1-4cbf-afbb-a313ec1e9bbc:192.168.30.13:45663], old=null
2019-09-26 10:50:49,956 [748f10d8-f7b1-4cbf-afbb-a313ec1e9bbc@group-21D8C6B451D2:LeaderElection82] INFO  impl.RoleInfo (RoleInfo.java:shutdownLeaderElection(134)) - 748f10d8-f7b1-4cbf-afbb-a313ec1e9bbc: shutdown LeaderElection
2019-09-26 10:50:49,956 [748f10d8-f7b1-4cbf-afbb-a313ec1e9bbc@group-21D8C6B451D2:LeaderElection82] INFO  impl.RaftServerImpl (RaftServerImpl.java:setRole(174)) - 748f10d8-f7b1-4cbf-afbb-a313ec1e9bbc@group-21D8C6B451D2: changes role from CANDIDATE to LEADER at term 1 for changeToLeader
2019-09-26 10:50:49,956 [748f10d8-f7b1-4cbf-afbb-a313ec1e9bbc@group-21D8C6B451D2:LeaderElection82] INFO  impl.RaftServerImpl (ServerState.java:setLeader(253)) - 748f10d8-f7b1-4cbf-afbb-a313ec1e9bbc@group-21D8C6B451D2: change Leader from null to 748f10d8-f7b1-4cbf-afbb-a313ec1e9bbc at term 1 for becomeLeader, leader elected after 5136ms
2019-09-26 10:50:49,957 [748f10d8-f7b1-4cbf-afbb-a313ec1e9bbc@group-21D8C6B451D2:LeaderElection82] INFO  server.RaftServerConfigKeys (ConfUtils.java:logGet(43)) - raft.server.staging.catchup.gap = 1000 (default)
2019-09-26 10:50:49,957 [748f10d8-f7b1-4cbf-afbb-a313ec1e9bbc@group-21D8C6B451D2:LeaderElection82] INFO  server.RaftServerConfigKeys (ConfUtils.java:logGet(43)) - raft.server.rpc.sleep.time = 25ms (default)
2019-09-26 10:50:49,957 [748f10d8-f7b1-4cbf-afbb-a313ec1e9bbc@group-21D8C6B451D2:LeaderElection82] INFO  server.RaftServerConfigKeys (ConfUtils.java:logGet(43)) - raft.server.write.element-limit = 4096 (default)
2019-09-26 10:50:49,957 [748f10d8-f7b1-4cbf-afbb-a313ec1e9bbc@group-21D8C6B451D2:LeaderElection82] INFO  server.RaftServerConfigKeys (ConfUtils.java:logGet(43)) - raft.server.watch.timeout = 10s (default)
2019-09-26 10:50:49,957 [748f10d8-f7b1-4cbf-afbb-a313ec1e9bbc@group-21D8C6B451D2:LeaderElection82] INFO  server.RaftServerConfigKeys (ConfUtils.java:logGet(43)) - raft.server.watch.timeout.denomination = 1s (default)
2019-09-26 10:50:49,957 [748f10d8-f7b1-4cbf-afbb-a313ec1e9bbc@group-21D8C6B451D2:LeaderElection82] INFO  server.RaftServerConfigKeys (ConfUtils.java:logGet(43)) - raft.server.watch.element-limit = 65536 (default)
2019-09-26 10:50:49,959 [748f10d8-f7b1-4cbf-afbb-a313ec1e9bbc@group-21D8C6B451D2:LeaderElection82] INFO  impl.RoleInfo (RoleInfo.java:updateAndGet(143)) - 748f10d8-f7b1-4cbf-afbb-a313ec1e9bbc: start LeaderState
2019-09-26 10:50:49,959 [748f10d8-f7b1-4cbf-afbb-a313ec1e9bbc@group-21D8C6B451D2:LeaderElection82] INFO  segmented.SegmentedRaftLogWorker (SegmentedRaftLogWorker.java:startLogSegment(380)) - 748f10d8-f7b1-4cbf-afbb-a313ec1e9bbc@group-21D8C6B451D2-SegmentedRaftLogWorker: Starting segment from index:0
2019-09-26 10:50:49,960 [748f10d8-f7b1-4cbf-afbb-a313ec1e9bbc@group-21D8C6B451D2:LeaderElection82] INFO  impl.RaftServerImpl (ServerState.java:setRaftConf(354)) - 748f10d8-f7b1-4cbf-afbb-a313ec1e9bbc@group-21D8C6B451D2: set configuration 0: [748f10d8-f7b1-4cbf-afbb-a313ec1e9bbc:192.168.30.13:45663], old=null at 0
2019-09-26 10:50:49,983 [Thread-1281] INFO  impl.FollowerState (FollowerState.java:run(106)) - 1c5c8622-0ed3-4a62-999f-f7d88c498e79:group-FEA1C8A551AB changes to CANDIDATE, lastRpcTime:5064, electionTimeout:5064ms
2019-09-26 10:50:49,983 [Thread-1281] INFO  impl.RoleInfo (RoleInfo.java:shutdownFollowerState(121)) - 1c5c8622-0ed3-4a62-999f-f7d88c498e79: shutdown FollowerState
2019-09-26 10:50:49,983 [Thread-1281] INFO  impl.RaftServerImpl (RaftServerImpl.java:setRole(174)) - 1c5c8622-0ed3-4a62-999f-f7d88c498e79@group-FEA1C8A551AB: changes role from  FOLLOWER to CANDIDATE at term 0 for changeToCandidate
2019-09-26 10:50:49,983 [Thread-1281] INFO  impl.RoleInfo (RoleInfo.java:updateAndGet(143)) - 1c5c8622-0ed3-4a62-999f-f7d88c498e79: start LeaderElection
2019-09-26 10:50:49,995 [1c5c8622-0ed3-4a62-999f-f7d88c498e79@group-0D30CB6B76BD-SegmentedRaftLogWorker] INFO  segmented.SegmentedRaftLogWorker (SegmentedRaftLogWorker.java:execute(569)) - 1c5c8622-0ed3-4a62-999f-f7d88c498e79@group-0D30CB6B76BD-SegmentedRaftLogWorker: created new log segment /workdir/hadoop-ozone/ozonefs/target/test-dir/MiniOzoneClusterImpl-99c4f40c-1efe-4b17-8303-d48b923188ee/datanode-1/data/ratis/c7e6317d-ff55-414d-b15c-0d30cb6b76bd/current/log_inprogress_0
2019-09-26 10:50:49,995 [1c5c8622-0ed3-4a62-999f-f7d88c498e79@group-FEA1C8A551AB:LeaderElection83] INFO  impl.LeaderElection (LeaderElection.java:askForVotes(182)) - 1c5c8622-0ed3-4a62-999f-f7d88c498e79@group-FEA1C8A551AB:LeaderElection83: begin an election at term 1 for -1: [1c5c8622-0ed3-4a62-999f-f7d88c498e79:192.168.30.13:40111], old=null
2019-09-26 10:50:49,996 [1c5c8622-0ed3-4a62-999f-f7d88c498e79@group-FEA1C8A551AB:LeaderElection83] INFO  impl.RoleInfo (RoleInfo.java:shutdownLeaderElection(134)) - 1c5c8622-0ed3-4a62-999f-f7d88c498e79: shutdown LeaderElection
2019-09-26 10:50:49,996 [1c5c8622-0ed3-4a62-999f-f7d88c498e79@group-FEA1C8A551AB:LeaderElection83] INFO  impl.RaftServerImpl (RaftServerImpl.java:setRole(174)) - 1c5c8622-0ed3-4a62-999f-f7d88c498e79@group-FEA1C8A551AB: changes role from CANDIDATE to LEADER at term 1 for changeToLeader
2019-09-26 10:50:49,996 [1c5c8622-0ed3-4a62-999f-f7d88c498e79@group-FEA1C8A551AB:LeaderElection83] INFO  impl.RaftServerImpl (ServerState.java:setLeader(253)) - 1c5c8622-0ed3-4a62-999f-f7d88c498e79@group-FEA1C8A551AB: change Leader from null to 1c5c8622-0ed3-4a62-999f-f7d88c498e79 at term 1 for becomeLeader, leader elected after 5084ms
2019-09-26 10:50:49,996 [1c5c8622-0ed3-4a62-999f-f7d88c498e79@group-FEA1C8A551AB:LeaderElection83] INFO  server.RaftServerConfigKeys (ConfUtils.java:logGet(43)) - raft.server.staging.catchup.gap = 1000 (default)
2019-09-26 10:50:49,996 [1c5c8622-0ed3-4a62-999f-f7d88c498e79@group-FEA1C8A551AB:LeaderElection83] INFO  server.RaftServerConfigKeys (ConfUtils.java:logGet(43)) - raft.server.rpc.sleep.time = 25ms (default)
2019-09-26 10:50:49,997 [1c5c8622-0ed3-4a62-999f-f7d88c498e79@group-FEA1C8A551AB:LeaderElection83] INFO  server.RaftServerConfigKeys (ConfUtils.java:logGet(43)) - raft.server.write.element-limit = 4096 (default)
2019-09-26 10:50:49,997 [1c5c8622-0ed3-4a62-999f-f7d88c498e79@group-FEA1C8A551AB:LeaderElection83] INFO  server.RaftServerConfigKeys (ConfUtils.java:logGet(43)) - raft.server.watch.timeout = 10s (default)
2019-09-26 10:50:49,997 [1c5c8622-0ed3-4a62-999f-f7d88c498e79@group-FEA1C8A551AB:LeaderElection83] INFO  server.RaftServerConfigKeys (ConfUtils.java:logGet(43)) - raft.server.watch.timeout.denomination = 1s (default)
2019-09-26 10:50:49,997 [1c5c8622-0ed3-4a62-999f-f7d88c498e79@group-FEA1C8A551AB:LeaderElection83] INFO  server.RaftServerConfigKeys (ConfUtils.java:logGet(43)) - raft.server.watch.element-limit = 65536 (default)
2019-09-26 10:50:49,999 [1c5c8622-0ed3-4a62-999f-f7d88c498e79@group-FEA1C8A551AB:LeaderElection83] INFO  impl.RoleInfo (RoleInfo.java:updateAndGet(143)) - 1c5c8622-0ed3-4a62-999f-f7d88c498e79: start LeaderState
2019-09-26 10:50:50,000 [1c5c8622-0ed3-4a62-999f-f7d88c498e79@group-FEA1C8A551AB:LeaderElection83] INFO  segmented.SegmentedRaftLogWorker (SegmentedRaftLogWorker.java:startLogSegment(380)) - 1c5c8622-0ed3-4a62-999f-f7d88c498e79@group-FEA1C8A551AB-SegmentedRaftLogWorker: Starting segment from index:0
2019-09-26 10:50:50,000 [1c5c8622-0ed3-4a62-999f-f7d88c498e79@group-FEA1C8A551AB:LeaderElection83] INFO  impl.RaftServerImpl (ServerState.java:setRaftConf(354)) - 1c5c8622-0ed3-4a62-999f-f7d88c498e79@group-FEA1C8A551AB: set configuration 0: [1c5c8622-0ed3-4a62-999f-f7d88c498e79:192.168.30.13:40111], old=null at 0
2019-09-26 10:50:50,009 [748f10d8-f7b1-4cbf-afbb-a313ec1e9bbc@group-21D8C6B451D2-SegmentedRaftLogWorker] INFO  segmented.SegmentedRaftLogWorker (SegmentedRaftLogWorker.java:execute(569)) - 748f10d8-f7b1-4cbf-afbb-a313ec1e9bbc@group-21D8C6B451D2-SegmentedRaftLogWorker: created new log segment /workdir/hadoop-ozone/ozonefs/target/test-dir/MiniOzoneClusterImpl-99c4f40c-1efe-4b17-8303-d48b923188ee/datanode-0/data/ratis/975f6147-f8bf-4037-a85e-21d8c6b451d2/current/log_inprogress_0
2019-09-26 10:50:50,010 [Thread-1284] INFO  impl.FollowerState (FollowerState.java:run(106)) - 1c5c8622-0ed3-4a62-999f-f7d88c498e79:group-D00E2896749D changes to CANDIDATE, lastRpcTime:5037, electionTimeout:5037ms
2019-09-26 10:50:50,010 [Thread-1284] INFO  impl.RoleInfo (RoleInfo.java:shutdownFollowerState(121)) - 1c5c8622-0ed3-4a62-999f-f7d88c498e79: shutdown FollowerState
2019-09-26 10:50:50,010 [Thread-1284] INFO  impl.RaftServerImpl (RaftServerImpl.java:setRole(174)) - 1c5c8622-0ed3-4a62-999f-f7d88c498e79@group-D00E2896749D: changes role from  FOLLOWER to CANDIDATE at term 0 for changeToCandidate
2019-09-26 10:50:50,011 [Thread-1284] INFO  impl.RoleInfo (RoleInfo.java:updateAndGet(143)) - 1c5c8622-0ed3-4a62-999f-f7d88c498e79: start LeaderElection
2019-09-26 10:50:50,024 [1c5c8622-0ed3-4a62-999f-f7d88c498e79@group-D00E2896749D:LeaderElection84] INFO  impl.LeaderElection (LeaderElection.java:askForVotes(182)) - 1c5c8622-0ed3-4a62-999f-f7d88c498e79@group-D00E2896749D:LeaderElection84: begin an election at term 1 for -1: [1c5c8622-0ed3-4a62-999f-f7d88c498e79:192.168.30.13:40111], old=null
2019-09-26 10:50:50,025 [1c5c8622-0ed3-4a62-999f-f7d88c498e79@group-D00E2896749D:LeaderElection84] INFO  impl.RoleInfo (RoleInfo.java:shutdownLeaderElection(134)) - 1c5c8622-0ed3-4a62-999f-f7d88c498e79: shutdown LeaderElection
2019-09-26 10:50:50,025 [1c5c8622-0ed3-4a62-999f-f7d88c498e79@group-D00E2896749D:LeaderElection84] INFO  impl.RaftServerImpl (RaftServerImpl.java:setRole(174)) - 1c5c8622-0ed3-4a62-999f-f7d88c498e79@group-D00E2896749D: changes role from CANDIDATE to LEADER at term 1 for changeToLeader
2019-09-26 10:50:50,025 [1c5c8622-0ed3-4a62-999f-f7d88c498e79@group-D00E2896749D:LeaderElection84] INFO  impl.RaftServerImpl (ServerState.java:setLeader(253)) - 1c5c8622-0ed3-4a62-999f-f7d88c498e79@group-D00E2896749D: change Leader from null to 1c5c8622-0ed3-4a62-999f-f7d88c498e79 at term 1 for becomeLeader, leader elected after 5057ms
2019-09-26 10:50:50,025 [1c5c8622-0ed3-4a62-999f-f7d88c498e79@group-D00E2896749D:LeaderElection84] INFO  server.RaftServerConfigKeys (ConfUtils.java:logGet(43)) - raft.server.staging.catchup.gap = 1000 (default)
2019-09-26 10:50:50,025 [1c5c8622-0ed3-4a62-999f-f7d88c498e79@group-D00E2896749D:LeaderElection84] INFO  server.RaftServerConfigKeys (ConfUtils.java:logGet(43)) - raft.server.rpc.sleep.time = 25ms (default)
2019-09-26 10:50:50,025 [1c5c8622-0ed3-4a62-999f-f7d88c498e79@group-D00E2896749D:LeaderElection84] INFO  server.RaftServerConfigKeys (ConfUtils.java:logGet(43)) - raft.server.write.element-limit = 4096 (default)
2019-09-26 10:50:50,025 [1c5c8622-0ed3-4a62-999f-f7d88c498e79@group-D00E2896749D:LeaderElection84] INFO  server.RaftServerConfigKeys (ConfUtils.java:logGet(43)) - raft.server.watch.timeout = 10s (default)
2019-09-26 10:50:50,026 [1c5c8622-0ed3-4a62-999f-f7d88c498e79@group-D00E2896749D:LeaderElection84] INFO  server.RaftServerConfigKeys (ConfUtils.java:logGet(43)) - raft.server.watch.timeout.denomination = 1s (default)
2019-09-26 10:50:50,026 [1c5c8622-0ed3-4a62-999f-f7d88c498e79@group-D00E2896749D:LeaderElection84] INFO  server.RaftServerConfigKeys (ConfUtils.java:logGet(43)) - raft.server.watch.element-limit = 65536 (default)
2019-09-26 10:50:50,028 [1c5c8622-0ed3-4a62-999f-f7d88c498e79@group-D00E2896749D:LeaderElection84] INFO  impl.RoleInfo (RoleInfo.java:updateAndGet(143)) - 1c5c8622-0ed3-4a62-999f-f7d88c498e79: start LeaderState
2019-09-26 10:50:50,028 [1c5c8622-0ed3-4a62-999f-f7d88c498e79@group-D00E2896749D:LeaderElection84] INFO  segmented.SegmentedRaftLogWorker (SegmentedRaftLogWorker.java:startLogSegment(380)) - 1c5c8622-0ed3-4a62-999f-f7d88c498e79@group-D00E2896749D-SegmentedRaftLogWorker: Starting segment from index:0
2019-09-26 10:50:50,029 [1c5c8622-0ed3-4a62-999f-f7d88c498e79@group-D00E2896749D:LeaderElection84] INFO  impl.RaftServerImpl (ServerState.java:setRaftConf(354)) - 1c5c8622-0ed3-4a62-999f-f7d88c498e79@group-D00E2896749D: set configuration 0: [1c5c8622-0ed3-4a62-999f-f7d88c498e79:192.168.30.13:40111], old=null at 0
2019-09-26 10:50:50,043 [1c5c8622-0ed3-4a62-999f-f7d88c498e79@group-FEA1C8A551AB-SegmentedRaftLogWorker] INFO  segmented.SegmentedRaftLogWorker (SegmentedRaftLogWorker.java:execute(569)) - 1c5c8622-0ed3-4a62-999f-f7d88c498e79@group-FEA1C8A551AB-SegmentedRaftLogWorker: created new log segment /workdir/hadoop-ozone/ozonefs/target/test-dir/MiniOzoneClusterImpl-99c4f40c-1efe-4b17-8303-d48b923188ee/datanode-1/data/ratis/1f5f1522-d68d-477d-8dac-fea1c8a551ab/current/log_inprogress_0
2019-09-26 10:50:50,079 [1c5c8622-0ed3-4a62-999f-f7d88c498e79@group-D00E2896749D-SegmentedRaftLogWorker] INFO  segmented.SegmentedRaftLogWorker (SegmentedRaftLogWorker.java:execute(569)) - 1c5c8622-0ed3-4a62-999f-f7d88c498e79@group-D00E2896749D-SegmentedRaftLogWorker: created new log segment /workdir/hadoop-ozone/ozonefs/target/test-dir/MiniOzoneClusterImpl-99c4f40c-1efe-4b17-8303-d48b923188ee/datanode-1/data/ratis/e49d51b8-ac95-4ac6-9979-d00e2896749d/current/log_inprogress_0
2019-09-26 10:50:50,106 [Thread-1290] INFO  impl.FollowerState (FollowerState.java:run(106)) - 6e58f488-afe0-40d3-b73f-51cd36198913:group-F75AEB9AE6E9 changes to CANDIDATE, lastRpcTime:5040, electionTimeout:5040ms
2019-09-26 10:50:50,106 [Thread-1290] INFO  impl.RoleInfo (RoleInfo.java:shutdownFollowerState(121)) - 6e58f488-afe0-40d3-b73f-51cd36198913: shutdown FollowerState
2019-09-26 10:50:50,106 [Thread-1290] INFO  impl.RaftServerImpl (RaftServerImpl.java:setRole(174)) - 6e58f488-afe0-40d3-b73f-51cd36198913@group-F75AEB9AE6E9: changes role from  FOLLOWER to CANDIDATE at term 0 for changeToCandidate
2019-09-26 10:50:50,106 [Thread-1290] INFO  impl.RoleInfo (RoleInfo.java:updateAndGet(143)) - 6e58f488-afe0-40d3-b73f-51cd36198913: start LeaderElection
2019-09-26 10:50:50,109 [Thread-1287] INFO  impl.FollowerState (FollowerState.java:run(106)) - 6e58f488-afe0-40d3-b73f-51cd36198913:group-AC80E2C5403E changes to CANDIDATE, lastRpcTime:5088, electionTimeout:5088ms
2019-09-26 10:50:50,109 [Thread-1287] INFO  impl.RoleInfo (RoleInfo.java:shutdownFollowerState(121)) - 6e58f488-afe0-40d3-b73f-51cd36198913: shutdown FollowerState
2019-09-26 10:50:50,109 [Thread-1287] INFO  impl.RaftServerImpl (RaftServerImpl.java:setRole(174)) - 6e58f488-afe0-40d3-b73f-51cd36198913@group-AC80E2C5403E: changes role from  FOLLOWER to CANDIDATE at term 0 for changeToCandidate
2019-09-26 10:50:50,109 [Thread-1287] INFO  impl.RoleInfo (RoleInfo.java:updateAndGet(143)) - 6e58f488-afe0-40d3-b73f-51cd36198913: start LeaderElection
2019-09-26 10:50:50,121 [6e58f488-afe0-40d3-b73f-51cd36198913@group-AC80E2C5403E:LeaderElection86] INFO  impl.LeaderElection (LeaderElection.java:askForVotes(182)) - 6e58f488-afe0-40d3-b73f-51cd36198913@group-AC80E2C5403E:LeaderElection86: begin an election at term 1 for -1: [6e58f488-afe0-40d3-b73f-51cd36198913:192.168.30.13:42251], old=null
2019-09-26 10:50:50,121 [6e58f488-afe0-40d3-b73f-51cd36198913@group-F75AEB9AE6E9:LeaderElection85] INFO  impl.LeaderElection (LeaderElection.java:askForVotes(182)) - 6e58f488-afe0-40d3-b73f-51cd36198913@group-F75AEB9AE6E9:LeaderElection85: begin an election at term 1 for -1: [6e58f488-afe0-40d3-b73f-51cd36198913:192.168.30.13:42251], old=null
2019-09-26 10:50:50,121 [6e58f488-afe0-40d3-b73f-51cd36198913@group-AC80E2C5403E:LeaderElection86] INFO  impl.RoleInfo (RoleInfo.java:shutdownLeaderElection(134)) - 6e58f488-afe0-40d3-b73f-51cd36198913: shutdown LeaderElection
2019-09-26 10:50:50,121 [6e58f488-afe0-40d3-b73f-51cd36198913@group-F75AEB9AE6E9:LeaderElection85] INFO  impl.RoleInfo (RoleInfo.java:shutdownLeaderElection(134)) - 6e58f488-afe0-40d3-b73f-51cd36198913: shutdown LeaderElection
2019-09-26 10:50:50,121 [6e58f488-afe0-40d3-b73f-51cd36198913@group-AC80E2C5403E:LeaderElection86] INFO  impl.RaftServerImpl (RaftServerImpl.java:setRole(174)) - 6e58f488-afe0-40d3-b73f-51cd36198913@group-AC80E2C5403E: changes role from CANDIDATE to LEADER at term 1 for changeToLeader
2019-09-26 10:50:50,121 [6e58f488-afe0-40d3-b73f-51cd36198913@group-F75AEB9AE6E9:LeaderElection85] INFO  impl.RaftServerImpl (RaftServerImpl.java:setRole(174)) - 6e58f488-afe0-40d3-b73f-51cd36198913@group-F75AEB9AE6E9: changes role from CANDIDATE to LEADER at term 1 for changeToLeader
2019-09-26 10:50:50,121 [6e58f488-afe0-40d3-b73f-51cd36198913@group-AC80E2C5403E:LeaderElection86] INFO  impl.RaftServerImpl (ServerState.java:setLeader(253)) - 6e58f488-afe0-40d3-b73f-51cd36198913@group-AC80E2C5403E: change Leader from null to 6e58f488-afe0-40d3-b73f-51cd36198913 at term 1 for becomeLeader, leader elected after 5108ms
2019-09-26 10:50:50,122 [6e58f488-afe0-40d3-b73f-51cd36198913@group-F75AEB9AE6E9:LeaderElection85] INFO  impl.RaftServerImpl (ServerState.java:setLeader(253)) - 6e58f488-afe0-40d3-b73f-51cd36198913@group-F75AEB9AE6E9: change Leader from null to 6e58f488-afe0-40d3-b73f-51cd36198913 at term 1 for becomeLeader, leader elected after 5062ms
2019-09-26 10:50:50,122 [6e58f488-afe0-40d3-b73f-51cd36198913@group-AC80E2C5403E:LeaderElection86] INFO  server.RaftServerConfigKeys (ConfUtils.java:logGet(43)) - raft.server.staging.catchup.gap = 1000 (default)
2019-09-26 10:50:50,122 [6e58f488-afe0-40d3-b73f-51cd36198913@group-F75AEB9AE6E9:LeaderElection85] INFO  server.RaftServerConfigKeys (ConfUtils.java:logGet(43)) - raft.server.staging.catchup.gap = 1000 (default)
2019-09-26 10:50:50,122 [6e58f488-afe0-40d3-b73f-51cd36198913@group-AC80E2C5403E:LeaderElection86] INFO  server.RaftServerConfigKeys (ConfUtils.java:logGet(43)) - raft.server.rpc.sleep.time = 25ms (default)
2019-09-26 10:50:50,122 [6e58f488-afe0-40d3-b73f-51cd36198913@group-F75AEB9AE6E9:LeaderElection85] INFO  server.RaftServerConfigKeys (ConfUtils.java:logGet(43)) - raft.server.rpc.sleep.time = 25ms (default)
2019-09-26 10:50:50,122 [6e58f488-afe0-40d3-b73f-51cd36198913@group-AC80E2C5403E:LeaderElection86] INFO  server.RaftServerConfigKeys (ConfUtils.java:logGet(43)) - raft.server.write.element-limit = 4096 (default)
2019-09-26 10:50:50,123 [6e58f488-afe0-40d3-b73f-51cd36198913@group-F75AEB9AE6E9:LeaderElection85] INFO  server.RaftServerConfigKeys (ConfUtils.java:logGet(43)) - raft.server.write.element-limit = 4096 (default)
2019-09-26 10:50:50,123 [6e58f488-afe0-40d3-b73f-51cd36198913@group-AC80E2C5403E:LeaderElection86] INFO  server.RaftServerConfigKeys (ConfUtils.java:logGet(43)) - raft.server.watch.timeout = 10s (default)
2019-09-26 10:50:50,123 [6e58f488-afe0-40d3-b73f-51cd36198913@group-F75AEB9AE6E9:LeaderElection85] INFO  server.RaftServerConfigKeys (ConfUtils.java:logGet(43)) - raft.server.watch.timeout = 10s (default)
2019-09-26 10:50:50,123 [6e58f488-afe0-40d3-b73f-51cd36198913@group-AC80E2C5403E:LeaderElection86] INFO  server.RaftServerConfigKeys (ConfUtils.java:logGet(43)) - raft.server.watch.timeout.denomination = 1s (default)
2019-09-26 10:50:50,123 [6e58f488-afe0-40d3-b73f-51cd36198913@group-F75AEB9AE6E9:LeaderElection85] INFO  server.RaftServerConfigKeys (ConfUtils.java:logGet(43)) - raft.server.watch.timeout.denomination = 1s (default)
2019-09-26 10:50:50,123 [6e58f488-afe0-40d3-b73f-51cd36198913@group-AC80E2C5403E:LeaderElection86] INFO  server.RaftServerConfigKeys (ConfUtils.java:logGet(43)) - raft.server.watch.element-limit = 65536 (default)
2019-09-26 10:50:50,123 [6e58f488-afe0-40d3-b73f-51cd36198913@group-F75AEB9AE6E9:LeaderElection85] INFO  server.RaftServerConfigKeys (ConfUtils.java:logGet(43)) - raft.server.watch.element-limit = 65536 (default)
2019-09-26 10:50:50,127 [6e58f488-afe0-40d3-b73f-51cd36198913@group-AC80E2C5403E:LeaderElection86] INFO  impl.RoleInfo (RoleInfo.java:updateAndGet(143)) - 6e58f488-afe0-40d3-b73f-51cd36198913: start LeaderState
2019-09-26 10:50:50,127 [6e58f488-afe0-40d3-b73f-51cd36198913@group-AC80E2C5403E:LeaderElection86] INFO  segmented.SegmentedRaftLogWorker (SegmentedRaftLogWorker.java:startLogSegment(380)) - 6e58f488-afe0-40d3-b73f-51cd36198913@group-AC80E2C5403E-SegmentedRaftLogWorker: Starting segment from index:0
2019-09-26 10:50:50,128 [6e58f488-afe0-40d3-b73f-51cd36198913@group-F75AEB9AE6E9:LeaderElection85] INFO  impl.RoleInfo (RoleInfo.java:updateAndGet(143)) - 6e58f488-afe0-40d3-b73f-51cd36198913: start LeaderState
2019-09-26 10:50:50,128 [6e58f488-afe0-40d3-b73f-51cd36198913@group-F75AEB9AE6E9:LeaderElection85] INFO  segmented.SegmentedRaftLogWorker (SegmentedRaftLogWorker.java:startLogSegment(380)) - 6e58f488-afe0-40d3-b73f-51cd36198913@group-F75AEB9AE6E9-SegmentedRaftLogWorker: Starting segment from index:0
2019-09-26 10:50:50,128 [6e58f488-afe0-40d3-b73f-51cd36198913@group-AC80E2C5403E:LeaderElection86] INFO  impl.RaftServerImpl (ServerState.java:setRaftConf(354)) - 6e58f488-afe0-40d3-b73f-51cd36198913@group-AC80E2C5403E: set configuration 0: [6e58f488-afe0-40d3-b73f-51cd36198913:192.168.30.13:42251], old=null at 0
2019-09-26 10:50:50,129 [6e58f488-afe0-40d3-b73f-51cd36198913@group-F75AEB9AE6E9:LeaderElection85] INFO  impl.RaftServerImpl (ServerState.java:setRaftConf(354)) - 6e58f488-afe0-40d3-b73f-51cd36198913@group-F75AEB9AE6E9: set configuration 0: [6e58f488-afe0-40d3-b73f-51cd36198913:192.168.30.13:42251], old=null at 0
2019-09-26 10:50:50,156 [Thread-1296] INFO  impl.FollowerState (FollowerState.java:run(106)) - 6e58f488-afe0-40d3-b73f-51cd36198913:group-190ED957FE70 changes to CANDIDATE, lastRpcTime:5007, electionTimeout:5007ms
2019-09-26 10:50:50,157 [Thread-1296] INFO  impl.RoleInfo (RoleInfo.java:shutdownFollowerState(121)) - 6e58f488-afe0-40d3-b73f-51cd36198913: shutdown FollowerState
2019-09-26 10:50:50,157 [Thread-1296] INFO  impl.RaftServerImpl (RaftServerImpl.java:setRole(174)) - 6e58f488-afe0-40d3-b73f-51cd36198913@group-190ED957FE70: changes role from  FOLLOWER to CANDIDATE at term 0 for changeToCandidate
2019-09-26 10:50:50,157 [Thread-1296] INFO  impl.RoleInfo (RoleInfo.java:updateAndGet(143)) - 6e58f488-afe0-40d3-b73f-51cd36198913: start LeaderElection
2019-09-26 10:50:50,171 [6e58f488-afe0-40d3-b73f-51cd36198913@group-190ED957FE70:LeaderElection87] INFO  impl.LeaderElection (LeaderElection.java:askForVotes(182)) - 6e58f488-afe0-40d3-b73f-51cd36198913@group-190ED957FE70:LeaderElection87: begin an election at term 1 for -1: [6e58f488-afe0-40d3-b73f-51cd36198913:192.168.30.13:42251], old=null
2019-09-26 10:50:50,172 [6e58f488-afe0-40d3-b73f-51cd36198913@group-190ED957FE70:LeaderElection87] INFO  impl.RoleInfo (RoleInfo.java:shutdownLeaderElection(134)) - 6e58f488-afe0-40d3-b73f-51cd36198913: shutdown LeaderElection
2019-09-26 10:50:50,172 [6e58f488-afe0-40d3-b73f-51cd36198913@group-190ED957FE70:LeaderElection87] INFO  impl.RaftServerImpl (RaftServerImpl.java:setRole(174)) - 6e58f488-afe0-40d3-b73f-51cd36198913@group-190ED957FE70: changes role from CANDIDATE to LEADER at term 1 for changeToLeader
2019-09-26 10:50:50,172 [6e58f488-afe0-40d3-b73f-51cd36198913@group-190ED957FE70:LeaderElection87] INFO  impl.RaftServerImpl (ServerState.java:setLeader(253)) - 6e58f488-afe0-40d3-b73f-51cd36198913@group-190ED957FE70: change Leader from null to 6e58f488-afe0-40d3-b73f-51cd36198913 at term 1 for becomeLeader, leader elected after 5027ms
2019-09-26 10:50:50,172 [6e58f488-afe0-40d3-b73f-51cd36198913@group-190ED957FE70:LeaderElection87] INFO  server.RaftServerConfigKeys (ConfUtils.java:logGet(43)) - raft.server.staging.catchup.gap = 1000 (default)
2019-09-26 10:50:50,172 [6e58f488-afe0-40d3-b73f-51cd36198913@group-190ED957FE70:LeaderElection87] INFO  server.RaftServerConfigKeys (ConfUtils.java:logGet(43)) - raft.server.rpc.sleep.time = 25ms (default)
2019-09-26 10:50:50,172 [6e58f488-afe0-40d3-b73f-51cd36198913@group-190ED957FE70:LeaderElection87] INFO  server.RaftServerConfigKeys (ConfUtils.java:logGet(43)) - raft.server.write.element-limit = 4096 (default)
2019-09-26 10:50:50,172 [6e58f488-afe0-40d3-b73f-51cd36198913@group-190ED957FE70:LeaderElection87] INFO  server.RaftServerConfigKeys (ConfUtils.java:logGet(43)) - raft.server.watch.timeout = 10s (default)
2019-09-26 10:50:50,172 [6e58f488-afe0-40d3-b73f-51cd36198913@group-190ED957FE70:LeaderElection87] INFO  server.RaftServerConfigKeys (ConfUtils.java:logGet(43)) - raft.server.watch.timeout.denomination = 1s (default)
2019-09-26 10:50:50,173 [6e58f488-afe0-40d3-b73f-51cd36198913@group-190ED957FE70:LeaderElection87] INFO  server.RaftServerConfigKeys (ConfUtils.java:logGet(43)) - raft.server.watch.element-limit = 65536 (default)
2019-09-26 10:50:50,174 [6e58f488-afe0-40d3-b73f-51cd36198913@group-190ED957FE70:LeaderElection87] INFO  impl.RoleInfo (RoleInfo.java:updateAndGet(143)) - 6e58f488-afe0-40d3-b73f-51cd36198913: start LeaderState
2019-09-26 10:50:50,175 [6e58f488-afe0-40d3-b73f-51cd36198913@group-190ED957FE70:LeaderElection87] INFO  segmented.SegmentedRaftLogWorker (SegmentedRaftLogWorker.java:startLogSegment(380)) - 6e58f488-afe0-40d3-b73f-51cd36198913@group-190ED957FE70-SegmentedRaftLogWorker: Starting segment from index:0
2019-09-26 10:50:50,175 [6e58f488-afe0-40d3-b73f-51cd36198913@group-190ED957FE70:LeaderElection87] INFO  impl.RaftServerImpl (ServerState.java:setRaftConf(354)) - 6e58f488-afe0-40d3-b73f-51cd36198913@group-190ED957FE70: set configuration 0: [6e58f488-afe0-40d3-b73f-51cd36198913:192.168.30.13:42251], old=null at 0
2019-09-26 10:50:50,185 [6e58f488-afe0-40d3-b73f-51cd36198913@group-F75AEB9AE6E9-SegmentedRaftLogWorker] INFO  segmented.SegmentedRaftLogWorker (SegmentedRaftLogWorker.java:execute(569)) - 6e58f488-afe0-40d3-b73f-51cd36198913@group-F75AEB9AE6E9-SegmentedRaftLogWorker: created new log segment /workdir/hadoop-ozone/ozonefs/target/test-dir/MiniOzoneClusterImpl-99c4f40c-1efe-4b17-8303-d48b923188ee/datanode-2/data/ratis/eb22310f-22d0-4ca9-afcc-f75aeb9ae6e9/current/log_inprogress_0
2019-09-26 10:50:50,185 [6e58f488-afe0-40d3-b73f-51cd36198913@group-AC80E2C5403E-SegmentedRaftLogWorker] INFO  segmented.SegmentedRaftLogWorker (SegmentedRaftLogWorker.java:execute(569)) - 6e58f488-afe0-40d3-b73f-51cd36198913@group-AC80E2C5403E-SegmentedRaftLogWorker: created new log segment /workdir/hadoop-ozone/ozonefs/target/test-dir/MiniOzoneClusterImpl-99c4f40c-1efe-4b17-8303-d48b923188ee/datanode-2/data/ratis/16e97ecd-f710-437b-a26c-ac80e2c5403e/current/log_inprogress_0
2019-09-26 10:50:50,236 [6e58f488-afe0-40d3-b73f-51cd36198913@group-190ED957FE70-SegmentedRaftLogWorker] INFO  segmented.SegmentedRaftLogWorker (SegmentedRaftLogWorker.java:execute(569)) - 6e58f488-afe0-40d3-b73f-51cd36198913@group-190ED957FE70-SegmentedRaftLogWorker: created new log segment /workdir/hadoop-ozone/ozonefs/target/test-dir/MiniOzoneClusterImpl-99c4f40c-1efe-4b17-8303-d48b923188ee/datanode-2/data/ratis/d4a47672-4bd6-4f3a-8956-190ed957fe70/current/log_inprogress_0
2019-09-26 10:50:50,246 [Thread-1293] INFO  impl.FollowerState (FollowerState.java:run(106)) - 6e58f488-afe0-40d3-b73f-51cd36198913:group-A4A445F92577 changes to CANDIDATE, lastRpcTime:5139, electionTimeout:5139ms
2019-09-26 10:50:50,246 [Thread-1293] INFO  impl.RoleInfo (RoleInfo.java:shutdownFollowerState(121)) - 6e58f488-afe0-40d3-b73f-51cd36198913: shutdown FollowerState
2019-09-26 10:50:50,247 [Thread-1293] INFO  impl.RaftServerImpl (RaftServerImpl.java:setRole(174)) - 6e58f488-afe0-40d3-b73f-51cd36198913@group-A4A445F92577: changes role from  FOLLOWER to CANDIDATE at term 0 for changeToCandidate
2019-09-26 10:50:50,247 [Thread-1293] INFO  impl.RoleInfo (RoleInfo.java:updateAndGet(143)) - 6e58f488-afe0-40d3-b73f-51cd36198913: start LeaderElection
2019-09-26 10:50:50,250 [6e58f488-afe0-40d3-b73f-51cd36198913@group-A4A445F92577:LeaderElection88] INFO  impl.LeaderElection (LeaderElection.java:askForVotes(182)) - 6e58f488-afe0-40d3-b73f-51cd36198913@group-A4A445F92577:LeaderElection88: begin an election at term 1 for -1: [6e58f488-afe0-40d3-b73f-51cd36198913:192.168.30.13:42251], old=null
2019-09-26 10:50:50,251 [6e58f488-afe0-40d3-b73f-51cd36198913@group-A4A445F92577:LeaderElection88] INFO  impl.RoleInfo (RoleInfo.java:shutdownLeaderElection(134)) - 6e58f488-afe0-40d3-b73f-51cd36198913: shutdown LeaderElection
2019-09-26 10:50:50,251 [6e58f488-afe0-40d3-b73f-51cd36198913@group-A4A445F92577:LeaderElection88] INFO  impl.RaftServerImpl (RaftServerImpl.java:setRole(174)) - 6e58f488-afe0-40d3-b73f-51cd36198913@group-A4A445F92577: changes role from CANDIDATE to LEADER at term 1 for changeToLeader
2019-09-26 10:50:50,251 [6e58f488-afe0-40d3-b73f-51cd36198913@group-A4A445F92577:LeaderElection88] INFO  impl.RaftServerImpl (ServerState.java:setLeader(253)) - 6e58f488-afe0-40d3-b73f-51cd36198913@group-A4A445F92577: change Leader from null to 6e58f488-afe0-40d3-b73f-51cd36198913 at term 1 for becomeLeader, leader elected after 5149ms
2019-09-26 10:50:50,251 [6e58f488-afe0-40d3-b73f-51cd36198913@group-A4A445F92577:LeaderElection88] INFO  server.RaftServerConfigKeys (ConfUtils.java:logGet(43)) - raft.server.staging.catchup.gap = 1000 (default)
2019-09-26 10:50:50,251 [6e58f488-afe0-40d3-b73f-51cd36198913@group-A4A445F92577:LeaderElection88] INFO  server.RaftServerConfigKeys (ConfUtils.java:logGet(43)) - raft.server.rpc.sleep.time = 25ms (default)
2019-09-26 10:50:50,251 [6e58f488-afe0-40d3-b73f-51cd36198913@group-A4A445F92577:LeaderElection88] INFO  server.RaftServerConfigKeys (ConfUtils.java:logGet(43)) - raft.server.write.element-limit = 4096 (default)
2019-09-26 10:50:50,252 [6e58f488-afe0-40d3-b73f-51cd36198913@group-A4A445F92577:LeaderElection88] INFO  server.RaftServerConfigKeys (ConfUtils.java:logGet(43)) - raft.server.watch.timeout = 10s (default)
2019-09-26 10:50:50,252 [6e58f488-afe0-40d3-b73f-51cd36198913@group-A4A445F92577:LeaderElection88] INFO  server.RaftServerConfigKeys (ConfUtils.java:logGet(43)) - raft.server.watch.timeout.denomination = 1s (default)
2019-09-26 10:50:50,252 [6e58f488-afe0-40d3-b73f-51cd36198913@group-A4A445F92577:LeaderElection88] INFO  server.RaftServerConfigKeys (ConfUtils.java:logGet(43)) - raft.server.watch.element-limit = 65536 (default)
2019-09-26 10:50:50,254 [6e58f488-afe0-40d3-b73f-51cd36198913@group-A4A445F92577:LeaderElection88] INFO  impl.RoleInfo (RoleInfo.java:updateAndGet(143)) - 6e58f488-afe0-40d3-b73f-51cd36198913: start LeaderState
2019-09-26 10:50:50,254 [6e58f488-afe0-40d3-b73f-51cd36198913@group-A4A445F92577:LeaderElection88] INFO  segmented.SegmentedRaftLogWorker (SegmentedRaftLogWorker.java:startLogSegment(380)) - 6e58f488-afe0-40d3-b73f-51cd36198913@group-A4A445F92577-SegmentedRaftLogWorker: Starting segment from index:0
2019-09-26 10:50:50,255 [6e58f488-afe0-40d3-b73f-51cd36198913@group-A4A445F92577:LeaderElection88] INFO  impl.RaftServerImpl (ServerState.java:setRaftConf(354)) - 6e58f488-afe0-40d3-b73f-51cd36198913@group-A4A445F92577: set configuration 0: [6e58f488-afe0-40d3-b73f-51cd36198913:192.168.30.13:42251], old=null at 0
2019-09-26 10:50:50,303 [6e58f488-afe0-40d3-b73f-51cd36198913@group-A4A445F92577-SegmentedRaftLogWorker] INFO  segmented.SegmentedRaftLogWorker (SegmentedRaftLogWorker.java:execute(569)) - 6e58f488-afe0-40d3-b73f-51cd36198913@group-A4A445F92577-SegmentedRaftLogWorker: created new log segment /workdir/hadoop-ozone/ozonefs/target/test-dir/MiniOzoneClusterImpl-99c4f40c-1efe-4b17-8303-d48b923188ee/datanode-2/data/ratis/b4e80526-e29d-4cd7-bf48-a4a445f92577/current/log_inprogress_0
2019-09-26 10:50:50,324 [Thread-1302] INFO  impl.FollowerState (FollowerState.java:run(106)) - 6e58f488-afe0-40d3-b73f-51cd36198913:group-066D4D75C124 changes to CANDIDATE, lastRpcTime:5059, electionTimeout:5059ms
2019-09-26 10:50:50,324 [Thread-1302] INFO  impl.RoleInfo (RoleInfo.java:shutdownFollowerState(121)) - 6e58f488-afe0-40d3-b73f-51cd36198913: shutdown FollowerState
2019-09-26 10:50:50,324 [Thread-1302] INFO  impl.RaftServerImpl (RaftServerImpl.java:setRole(174)) - 6e58f488-afe0-40d3-b73f-51cd36198913@group-066D4D75C124: changes role from  FOLLOWER to CANDIDATE at term 0 for changeToCandidate
2019-09-26 10:50:50,325 [Thread-1302] INFO  impl.RoleInfo (RoleInfo.java:updateAndGet(143)) - 6e58f488-afe0-40d3-b73f-51cd36198913: start LeaderElection
2019-09-26 10:50:50,329 [6e58f488-afe0-40d3-b73f-51cd36198913@group-066D4D75C124:LeaderElection89] INFO  impl.LeaderElection (LeaderElection.java:askForVotes(182)) - 6e58f488-afe0-40d3-b73f-51cd36198913@group-066D4D75C124:LeaderElection89: begin an election at term 1 for -1: [6e58f488-afe0-40d3-b73f-51cd36198913:192.168.30.13:42251], old=null
2019-09-26 10:50:50,329 [6e58f488-afe0-40d3-b73f-51cd36198913@group-066D4D75C124:LeaderElection89] INFO  impl.RoleInfo (RoleInfo.java:shutdownLeaderElection(134)) - 6e58f488-afe0-40d3-b73f-51cd36198913: shutdown LeaderElection
2019-09-26 10:50:50,330 [6e58f488-afe0-40d3-b73f-51cd36198913@group-066D4D75C124:LeaderElection89] INFO  impl.RaftServerImpl (RaftServerImpl.java:setRole(174)) - 6e58f488-afe0-40d3-b73f-51cd36198913@group-066D4D75C124: changes role from CANDIDATE to LEADER at term 1 for changeToLeader
2019-09-26 10:50:50,330 [6e58f488-afe0-40d3-b73f-51cd36198913@group-066D4D75C124:LeaderElection89] INFO  impl.RaftServerImpl (ServerState.java:setLeader(253)) - 6e58f488-afe0-40d3-b73f-51cd36198913@group-066D4D75C124: change Leader from null to 6e58f488-afe0-40d3-b73f-51cd36198913 at term 1 for becomeLeader, leader elected after 5073ms
2019-09-26 10:50:50,330 [6e58f488-afe0-40d3-b73f-51cd36198913@group-066D4D75C124:LeaderElection89] INFO  server.RaftServerConfigKeys (ConfUtils.java:logGet(43)) - raft.server.staging.catchup.gap = 1000 (default)
2019-09-26 10:50:50,330 [6e58f488-afe0-40d3-b73f-51cd36198913@group-066D4D75C124:LeaderElection89] INFO  server.RaftServerConfigKeys (ConfUtils.java:logGet(43)) - raft.server.rpc.sleep.time = 25ms (default)
2019-09-26 10:50:50,330 [6e58f488-afe0-40d3-b73f-51cd36198913@group-066D4D75C124:LeaderElection89] INFO  server.RaftServerConfigKeys (ConfUtils.java:logGet(43)) - raft.server.write.element-limit = 4096 (default)
2019-09-26 10:50:50,331 [6e58f488-afe0-40d3-b73f-51cd36198913@group-066D4D75C124:LeaderElection89] INFO  server.RaftServerConfigKeys (ConfUtils.java:logGet(43)) - raft.server.watch.timeout = 10s (default)
2019-09-26 10:50:50,331 [6e58f488-afe0-40d3-b73f-51cd36198913@group-066D4D75C124:LeaderElection89] INFO  server.RaftServerConfigKeys (ConfUtils.java:logGet(43)) - raft.server.watch.timeout.denomination = 1s (default)
2019-09-26 10:50:50,331 [6e58f488-afe0-40d3-b73f-51cd36198913@group-066D4D75C124:LeaderElection89] INFO  server.RaftServerConfigKeys (ConfUtils.java:logGet(43)) - raft.server.watch.element-limit = 65536 (default)
2019-09-26 10:50:50,334 [6e58f488-afe0-40d3-b73f-51cd36198913@group-066D4D75C124:LeaderElection89] INFO  impl.RoleInfo (RoleInfo.java:updateAndGet(143)) - 6e58f488-afe0-40d3-b73f-51cd36198913: start LeaderState
2019-09-26 10:50:50,334 [6e58f488-afe0-40d3-b73f-51cd36198913@group-066D4D75C124:LeaderElection89] INFO  segmented.SegmentedRaftLogWorker (SegmentedRaftLogWorker.java:startLogSegment(380)) - 6e58f488-afe0-40d3-b73f-51cd36198913@group-066D4D75C124-SegmentedRaftLogWorker: Starting segment from index:0
2019-09-26 10:50:50,335 [6e58f488-afe0-40d3-b73f-51cd36198913@group-066D4D75C124:LeaderElection89] INFO  impl.RaftServerImpl (ServerState.java:setRaftConf(354)) - 6e58f488-afe0-40d3-b73f-51cd36198913@group-066D4D75C124: set configuration 0: [6e58f488-afe0-40d3-b73f-51cd36198913:192.168.30.13:42251], old=null at 0
2019-09-26 10:50:50,384 [6e58f488-afe0-40d3-b73f-51cd36198913@group-066D4D75C124-SegmentedRaftLogWorker] INFO  segmented.SegmentedRaftLogWorker (SegmentedRaftLogWorker.java:execute(569)) - 6e58f488-afe0-40d3-b73f-51cd36198913@group-066D4D75C124-SegmentedRaftLogWorker: created new log segment /workdir/hadoop-ozone/ozonefs/target/test-dir/MiniOzoneClusterImpl-99c4f40c-1efe-4b17-8303-d48b923188ee/datanode-2/data/ratis/a4ef28ca-e969-40f0-afd5-066d4d75c124/current/log_inprogress_0
2019-09-26 10:50:50,387 [Thread-1299] INFO  impl.FollowerState (FollowerState.java:run(106)) - 6e58f488-afe0-40d3-b73f-51cd36198913:group-45E535F6C4AB changes to CANDIDATE, lastRpcTime:5193, electionTimeout:5193ms
2019-09-26 10:50:50,387 [Thread-1299] INFO  impl.RoleInfo (RoleInfo.java:shutdownFollowerState(121)) - 6e58f488-afe0-40d3-b73f-51cd36198913: shutdown FollowerState
2019-09-26 10:50:50,388 [Thread-1299] INFO  impl.RaftServerImpl (RaftServerImpl.java:setRole(174)) - 6e58f488-afe0-40d3-b73f-51cd36198913@group-45E535F6C4AB: changes role from  FOLLOWER to CANDIDATE at term 0 for changeToCandidate
2019-09-26 10:50:50,388 [Thread-1299] INFO  impl.RoleInfo (RoleInfo.java:updateAndGet(143)) - 6e58f488-afe0-40d3-b73f-51cd36198913: start LeaderElection
2019-09-26 10:50:50,406 [6e58f488-afe0-40d3-b73f-51cd36198913@group-45E535F6C4AB:LeaderElection90] INFO  impl.LeaderElection (LeaderElection.java:askForVotes(182)) - 6e58f488-afe0-40d3-b73f-51cd36198913@group-45E535F6C4AB:LeaderElection90: begin an election at term 1 for -1: [6e58f488-afe0-40d3-b73f-51cd36198913:192.168.30.13:42251], old=null
2019-09-26 10:50:50,406 [6e58f488-afe0-40d3-b73f-51cd36198913@group-45E535F6C4AB:LeaderElection90] INFO  impl.RoleInfo (RoleInfo.java:shutdownLeaderElection(134)) - 6e58f488-afe0-40d3-b73f-51cd36198913: shutdown LeaderElection
2019-09-26 10:50:50,406 [6e58f488-afe0-40d3-b73f-51cd36198913@group-45E535F6C4AB:LeaderElection90] INFO  impl.RaftServerImpl (RaftServerImpl.java:setRole(174)) - 6e58f488-afe0-40d3-b73f-51cd36198913@group-45E535F6C4AB: changes role from CANDIDATE to LEADER at term 1 for changeToLeader
2019-09-26 10:50:50,406 [6e58f488-afe0-40d3-b73f-51cd36198913@group-45E535F6C4AB:LeaderElection90] INFO  impl.RaftServerImpl (ServerState.java:setLeader(253)) - 6e58f488-afe0-40d3-b73f-51cd36198913@group-45E535F6C4AB: change Leader from null to 6e58f488-afe0-40d3-b73f-51cd36198913 at term 1 for becomeLeader, leader elected after 5218ms
2019-09-26 10:50:50,406 [6e58f488-afe0-40d3-b73f-51cd36198913@group-45E535F6C4AB:LeaderElection90] INFO  server.RaftServerConfigKeys (ConfUtils.java:logGet(43)) - raft.server.staging.catchup.gap = 1000 (default)
2019-09-26 10:50:50,407 [6e58f488-afe0-40d3-b73f-51cd36198913@group-45E535F6C4AB:LeaderElection90] INFO  server.RaftServerConfigKeys (ConfUtils.java:logGet(43)) - raft.server.rpc.sleep.time = 25ms (default)
2019-09-26 10:50:50,407 [6e58f488-afe0-40d3-b73f-51cd36198913@group-45E535F6C4AB:LeaderElection90] INFO  server.RaftServerConfigKeys (ConfUtils.java:logGet(43)) - raft.server.write.element-limit = 4096 (default)
2019-09-26 10:50:50,407 [6e58f488-afe0-40d3-b73f-51cd36198913@group-45E535F6C4AB:LeaderElection90] INFO  server.RaftServerConfigKeys (ConfUtils.java:logGet(43)) - raft.server.watch.timeout = 10s (default)
2019-09-26 10:50:50,407 [6e58f488-afe0-40d3-b73f-51cd36198913@group-45E535F6C4AB:LeaderElection90] INFO  server.RaftServerConfigKeys (ConfUtils.java:logGet(43)) - raft.server.watch.timeout.denomination = 1s (default)
2019-09-26 10:50:50,407 [6e58f488-afe0-40d3-b73f-51cd36198913@group-45E535F6C4AB:LeaderElection90] INFO  server.RaftServerConfigKeys (ConfUtils.java:logGet(43)) - raft.server.watch.element-limit = 65536 (default)
2019-09-26 10:50:50,410 [6e58f488-afe0-40d3-b73f-51cd36198913@group-45E535F6C4AB:LeaderElection90] INFO  impl.RoleInfo (RoleInfo.java:updateAndGet(143)) - 6e58f488-afe0-40d3-b73f-51cd36198913: start LeaderState
2019-09-26 10:50:50,410 [6e58f488-afe0-40d3-b73f-51cd36198913@group-45E535F6C4AB:LeaderElection90] INFO  segmented.SegmentedRaftLogWorker (SegmentedRaftLogWorker.java:startLogSegment(380)) - 6e58f488-afe0-40d3-b73f-51cd36198913@group-45E535F6C4AB-SegmentedRaftLogWorker: Starting segment from index:0
2019-09-26 10:50:50,410 [6e58f488-afe0-40d3-b73f-51cd36198913@group-45E535F6C4AB:LeaderElection90] INFO  impl.RaftServerImpl (ServerState.java:setRaftConf(354)) - 6e58f488-afe0-40d3-b73f-51cd36198913@group-45E535F6C4AB: set configuration 0: [6e58f488-afe0-40d3-b73f-51cd36198913:192.168.30.13:42251], old=null at 0
2019-09-26 10:50:50,463 [6e58f488-afe0-40d3-b73f-51cd36198913@group-45E535F6C4AB-SegmentedRaftLogWorker] INFO  segmented.SegmentedRaftLogWorker (SegmentedRaftLogWorker.java:execute(569)) - 6e58f488-afe0-40d3-b73f-51cd36198913@group-45E535F6C4AB-SegmentedRaftLogWorker: created new log segment /workdir/hadoop-ozone/ozonefs/target/test-dir/MiniOzoneClusterImpl-99c4f40c-1efe-4b17-8303-d48b923188ee/datanode-2/data/ratis/677dd867-b552-4c79-b3a3-45e535f6c4ab/current/log_inprogress_0
2019-09-26 10:50:50,732 [Thread-1077] INFO  ozoneimpl.OzoneContainer (OzoneContainer.java:stop(231)) - Attempting to stop container services.
2019-09-26 10:50:50,733 [ForkJoinPool.commonPool-worker-0] INFO  ozoneimpl.OzoneContainer (OzoneContainer.java:stop(231)) - Attempting to stop container services.
2019-09-26 10:50:50,733 [Thread-1077] INFO  impl.RaftServerProxy (RaftServerProxy.java:lambda$close$4(314)) - 1c5c8622-0ed3-4a62-999f-f7d88c498e79: close
2019-09-26 10:50:50,733 [ForkJoinPool.commonPool-worker-0] INFO  impl.RaftServerProxy (RaftServerProxy.java:lambda$close$4(314)) - 748f10d8-f7b1-4cbf-afbb-a313ec1e9bbc: close
2019-09-26 10:50:50,734 [Thread-1077] INFO  impl.RaftServerImpl (RaftServerImpl.java:lambda$shutdown$3(251)) - 1c5c8622-0ed3-4a62-999f-f7d88c498e79@group-9BD6615280EC: shutdown
2019-09-26 10:50:50,734 [ForkJoinPool.commonPool-worker-0] INFO  impl.RaftServerImpl (RaftServerImpl.java:lambda$shutdown$3(251)) - 748f10d8-f7b1-4cbf-afbb-a313ec1e9bbc@group-21D8C6B451D2: shutdown
2019-09-26 10:50:50,734 [Thread-1077] INFO  util.JmxRegister (JmxRegister.java:unregister(73)) - Successfully un-registered JMX Bean with object name Ratis:service=RaftServer,group=group-9BD6615280EC,id=1c5c8622-0ed3-4a62-999f-f7d88c498e79
2019-09-26 10:50:50,734 [ForkJoinPool.commonPool-worker-0] INFO  util.JmxRegister (JmxRegister.java:unregister(73)) - Successfully un-registered JMX Bean with object name Ratis:service=RaftServer,group=group-21D8C6B451D2,id=748f10d8-f7b1-4cbf-afbb-a313ec1e9bbc
2019-09-26 10:50:50,735 [Thread-1077] INFO  impl.RoleInfo (RoleInfo.java:shutdownLeaderState(104)) - 1c5c8622-0ed3-4a62-999f-f7d88c498e79: shutdown LeaderState
2019-09-26 10:50:50,735 [ForkJoinPool.commonPool-worker-0] INFO  impl.RoleInfo (RoleInfo.java:shutdownLeaderState(104)) - 748f10d8-f7b1-4cbf-afbb-a313ec1e9bbc: shutdown LeaderState
2019-09-26 10:50:50,736 [Thread-1077] INFO  impl.PendingRequests (PendingRequests.java:sendNotLeaderResponses(202)) - 1c5c8622-0ed3-4a62-999f-f7d88c498e79-PendingRequests: sendNotLeaderResponses
2019-09-26 10:50:50,736 [ForkJoinPool.commonPool-worker-0] INFO  impl.PendingRequests (PendingRequests.java:sendNotLeaderResponses(202)) - 748f10d8-f7b1-4cbf-afbb-a313ec1e9bbc-PendingRequests: sendNotLeaderResponses
2019-09-26 10:50:50,736 [Thread-1077] INFO  impl.StateMachineUpdater (StateMachineUpdater.java:stopAndJoin(125)) - 1c5c8622-0ed3-4a62-999f-f7d88c498e79@group-9BD6615280EC-StateMachineUpdater: set stopIndex = 0
2019-09-26 10:50:50,737 [ForkJoinPool.commonPool-worker-0] INFO  impl.StateMachineUpdater (StateMachineUpdater.java:stopAndJoin(125)) - 748f10d8-f7b1-4cbf-afbb-a313ec1e9bbc@group-21D8C6B451D2-StateMachineUpdater: set stopIndex = 0
2019-09-26 10:50:50,737 [ForkJoinPool.commonPool-worker-0] INFO  impl.RaftServerImpl (ServerState.java:close(385)) - 748f10d8-f7b1-4cbf-afbb-a313ec1e9bbc@group-21D8C6B451D2: closes. applyIndex: 0
2019-09-26 10:50:50,737 [Thread-1077] INFO  impl.RaftServerImpl (ServerState.java:close(385)) - 1c5c8622-0ed3-4a62-999f-f7d88c498e79@group-9BD6615280EC: closes. applyIndex: 0
2019-09-26 10:50:50,738 [748f10d8-f7b1-4cbf-afbb-a313ec1e9bbc@group-21D8C6B451D2-SegmentedRaftLogWorker] INFO  segmented.SegmentedRaftLogWorker (SegmentedRaftLogWorker.java:run(313)) - 748f10d8-f7b1-4cbf-afbb-a313ec1e9bbc@group-21D8C6B451D2-SegmentedRaftLogWorker was interrupted, exiting. There are 0 tasks remaining in the queue.
2019-09-26 10:50:50,738 [1c5c8622-0ed3-4a62-999f-f7d88c498e79@group-9BD6615280EC-SegmentedRaftLogWorker] INFO  segmented.SegmentedRaftLogWorker (SegmentedRaftLogWorker.java:run(313)) - 1c5c8622-0ed3-4a62-999f-f7d88c498e79@group-9BD6615280EC-SegmentedRaftLogWorker was interrupted, exiting. There are 0 tasks remaining in the queue.
2019-09-26 10:50:50,738 [ForkJoinPool.commonPool-worker-0] INFO  segmented.SegmentedRaftLogWorker (SegmentedRaftLogWorker.java:close(228)) - 748f10d8-f7b1-4cbf-afbb-a313ec1e9bbc@group-21D8C6B451D2-SegmentedRaftLogWorker close()
2019-09-26 10:50:50,738 [Thread-1077] INFO  segmented.SegmentedRaftLogWorker (SegmentedRaftLogWorker.java:close(228)) - 1c5c8622-0ed3-4a62-999f-f7d88c498e79@group-9BD6615280EC-SegmentedRaftLogWorker close()
2019-09-26 10:50:50,742 [ForkJoinPool.commonPool-worker-0] INFO  impl.RaftServerImpl (RaftServerImpl.java:lambda$shutdown$3(251)) - 748f10d8-f7b1-4cbf-afbb-a313ec1e9bbc@group-204CB144C10D: shutdown
2019-09-26 10:50:50,753 [Thread-1077] INFO  impl.RaftServerImpl (RaftServerImpl.java:lambda$shutdown$3(251)) - 1c5c8622-0ed3-4a62-999f-f7d88c498e79@group-E91938D087FB: shutdown
2019-09-26 10:50:50,753 [ForkJoinPool.commonPool-worker-0] INFO  util.JmxRegister (JmxRegister.java:unregister(73)) - Successfully un-registered JMX Bean with object name Ratis:service=RaftServer,group=group-204CB144C10D,id=748f10d8-f7b1-4cbf-afbb-a313ec1e9bbc
2019-09-26 10:50:50,753 [Thread-1077] INFO  util.JmxRegister (JmxRegister.java:unregister(73)) - Successfully un-registered JMX Bean with object name Ratis:service=RaftServer,group=group-E91938D087FB,id=1c5c8622-0ed3-4a62-999f-f7d88c498e79
2019-09-26 10:50:50,754 [ForkJoinPool.commonPool-worker-0] INFO  impl.RoleInfo (RoleInfo.java:shutdownLeaderState(104)) - 748f10d8-f7b1-4cbf-afbb-a313ec1e9bbc: shutdown LeaderState
2019-09-26 10:50:50,754 [Thread-1077] INFO  impl.RoleInfo (RoleInfo.java:shutdownLeaderState(104)) - 1c5c8622-0ed3-4a62-999f-f7d88c498e79: shutdown LeaderState
2019-09-26 10:50:50,754 [ForkJoinPool.commonPool-worker-0] INFO  impl.PendingRequests (PendingRequests.java:sendNotLeaderResponses(202)) - 748f10d8-f7b1-4cbf-afbb-a313ec1e9bbc-PendingRequests: sendNotLeaderResponses
2019-09-26 10:50:50,755 [Thread-1077] INFO  impl.PendingRequests (PendingRequests.java:sendNotLeaderResponses(202)) - 1c5c8622-0ed3-4a62-999f-f7d88c498e79-PendingRequests: sendNotLeaderResponses
2019-09-26 10:50:50,755 [ForkJoinPool.commonPool-worker-0] INFO  impl.StateMachineUpdater (StateMachineUpdater.java:stopAndJoin(125)) - 748f10d8-f7b1-4cbf-afbb-a313ec1e9bbc@group-204CB144C10D-StateMachineUpdater: set stopIndex = 0
2019-09-26 10:50:50,756 [Thread-1077] INFO  impl.StateMachineUpdater (StateMachineUpdater.java:stopAndJoin(125)) - 1c5c8622-0ed3-4a62-999f-f7d88c498e79@group-E91938D087FB-StateMachineUpdater: set stopIndex = 0
2019-09-26 10:50:50,756 [ForkJoinPool.commonPool-worker-0] INFO  impl.RaftServerImpl (ServerState.java:close(385)) - 748f10d8-f7b1-4cbf-afbb-a313ec1e9bbc@group-204CB144C10D: closes. applyIndex: 0
2019-09-26 10:50:50,756 [Thread-1077] INFO  impl.RaftServerImpl (ServerState.java:close(385)) - 1c5c8622-0ed3-4a62-999f-f7d88c498e79@group-E91938D087FB: closes. applyIndex: 0
2019-09-26 10:50:50,757 [748f10d8-f7b1-4cbf-afbb-a313ec1e9bbc@group-204CB144C10D-SegmentedRaftLogWorker] INFO  segmented.SegmentedRaftLogWorker (SegmentedRaftLogWorker.java:run(313)) - 748f10d8-f7b1-4cbf-afbb-a313ec1e9bbc@group-204CB144C10D-SegmentedRaftLogWorker was interrupted, exiting. There are 0 tasks remaining in the queue.
2019-09-26 10:50:50,757 [1c5c8622-0ed3-4a62-999f-f7d88c498e79@group-E91938D087FB-SegmentedRaftLogWorker] INFO  segmented.SegmentedRaftLogWorker (SegmentedRaftLogWorker.java:run(313)) - 1c5c8622-0ed3-4a62-999f-f7d88c498e79@group-E91938D087FB-SegmentedRaftLogWorker was interrupted, exiting. There are 0 tasks remaining in the queue.
2019-09-26 10:50:50,757 [ForkJoinPool.commonPool-worker-0] INFO  segmented.SegmentedRaftLogWorker (SegmentedRaftLogWorker.java:close(228)) - 748f10d8-f7b1-4cbf-afbb-a313ec1e9bbc@group-204CB144C10D-SegmentedRaftLogWorker close()
2019-09-26 10:50:50,757 [Thread-1077] INFO  segmented.SegmentedRaftLogWorker (SegmentedRaftLogWorker.java:close(228)) - 1c5c8622-0ed3-4a62-999f-f7d88c498e79@group-E91938D087FB-SegmentedRaftLogWorker close()
2019-09-26 10:50:50,758 [ForkJoinPool.commonPool-worker-0] INFO  impl.RaftServerImpl (RaftServerImpl.java:lambda$shutdown$3(251)) - 748f10d8-f7b1-4cbf-afbb-a313ec1e9bbc@group-8A4710DD8F25: shutdown
2019-09-26 10:50:50,758 [Thread-1077] INFO  impl.RaftServerImpl (RaftServerImpl.java:lambda$shutdown$3(251)) - 1c5c8622-0ed3-4a62-999f-f7d88c498e79@group-1A5BE4E3A094: shutdown
2019-09-26 10:50:50,759 [Thread-1077] INFO  util.JmxRegister (JmxRegister.java:unregister(73)) - Successfully un-registered JMX Bean with object name Ratis:service=RaftServer,group=group-1A5BE4E3A094,id=1c5c8622-0ed3-4a62-999f-f7d88c498e79
2019-09-26 10:50:50,759 [Thread-1077] INFO  impl.RoleInfo (RoleInfo.java:shutdownLeaderState(104)) - 1c5c8622-0ed3-4a62-999f-f7d88c498e79: shutdown LeaderState
2019-09-26 10:50:50,758 [ForkJoinPool.commonPool-worker-0] INFO  util.JmxRegister (JmxRegister.java:unregister(73)) - Successfully un-registered JMX Bean with object name Ratis:service=RaftServer,group=group-8A4710DD8F25,id=748f10d8-f7b1-4cbf-afbb-a313ec1e9bbc
2019-09-26 10:50:50,759 [Thread-1077] INFO  impl.PendingRequests (PendingRequests.java:sendNotLeaderResponses(202)) - 1c5c8622-0ed3-4a62-999f-f7d88c498e79-PendingRequests: sendNotLeaderResponses
2019-09-26 10:50:50,760 [ForkJoinPool.commonPool-worker-0] INFO  impl.RoleInfo (RoleInfo.java:shutdownLeaderState(104)) - 748f10d8-f7b1-4cbf-afbb-a313ec1e9bbc: shutdown LeaderState
2019-09-26 10:50:50,760 [Thread-1077] INFO  impl.StateMachineUpdater (StateMachineUpdater.java:stopAndJoin(125)) - 1c5c8622-0ed3-4a62-999f-f7d88c498e79@group-1A5BE4E3A094-StateMachineUpdater: set stopIndex = 0
2019-09-26 10:50:50,761 [ForkJoinPool.commonPool-worker-0] INFO  impl.PendingRequests (PendingRequests.java:sendNotLeaderResponses(202)) - 748f10d8-f7b1-4cbf-afbb-a313ec1e9bbc-PendingRequests: sendNotLeaderResponses
2019-09-26 10:50:50,761 [Thread-1077] INFO  impl.RaftServerImpl (ServerState.java:close(385)) - 1c5c8622-0ed3-4a62-999f-f7d88c498e79@group-1A5BE4E3A094: closes. applyIndex: 0
2019-09-26 10:50:50,761 [ForkJoinPool.commonPool-worker-0] INFO  impl.StateMachineUpdater (StateMachineUpdater.java:stopAndJoin(125)) - 748f10d8-f7b1-4cbf-afbb-a313ec1e9bbc@group-8A4710DD8F25-StateMachineUpdater: set stopIndex = 0
2019-09-26 10:50:50,762 [1c5c8622-0ed3-4a62-999f-f7d88c498e79@group-1A5BE4E3A094-SegmentedRaftLogWorker] INFO  segmented.SegmentedRaftLogWorker (SegmentedRaftLogWorker.java:run(313)) - 1c5c8622-0ed3-4a62-999f-f7d88c498e79@group-1A5BE4E3A094-SegmentedRaftLogWorker was interrupted, exiting. There are 0 tasks remaining in the queue.
2019-09-26 10:50:50,762 [ForkJoinPool.commonPool-worker-0] INFO  impl.RaftServerImpl (ServerState.java:close(385)) - 748f10d8-f7b1-4cbf-afbb-a313ec1e9bbc@group-8A4710DD8F25: closes. applyIndex: 0
2019-09-26 10:50:50,762 [Thread-1077] INFO  segmented.SegmentedRaftLogWorker (SegmentedRaftLogWorker.java:close(228)) - 1c5c8622-0ed3-4a62-999f-f7d88c498e79@group-1A5BE4E3A094-SegmentedRaftLogWorker close()
2019-09-26 10:50:50,763 [748f10d8-f7b1-4cbf-afbb-a313ec1e9bbc@group-8A4710DD8F25-SegmentedRaftLogWorker] INFO  segmented.SegmentedRaftLogWorker (SegmentedRaftLogWorker.java:run(313)) - 748f10d8-f7b1-4cbf-afbb-a313ec1e9bbc@group-8A4710DD8F25-SegmentedRaftLogWorker was interrupted, exiting. There are 0 tasks remaining in the queue.
2019-09-26 10:50:50,763 [Thread-1077] INFO  impl.RaftServerImpl (RaftServerImpl.java:lambda$shutdown$3(251)) - 1c5c8622-0ed3-4a62-999f-f7d88c498e79@group-0D30CB6B76BD: shutdown
2019-09-26 10:50:50,763 [ForkJoinPool.commonPool-worker-0] INFO  segmented.SegmentedRaftLogWorker (SegmentedRaftLogWorker.java:close(228)) - 748f10d8-f7b1-4cbf-afbb-a313ec1e9bbc@group-8A4710DD8F25-SegmentedRaftLogWorker close()
2019-09-26 10:50:50,763 [Thread-1077] INFO  util.JmxRegister (JmxRegister.java:unregister(73)) - Successfully un-registered JMX Bean with object name Ratis:service=RaftServer,group=group-0D30CB6B76BD,id=1c5c8622-0ed3-4a62-999f-f7d88c498e79
2019-09-26 10:50:50,764 [ForkJoinPool.commonPool-worker-0] INFO  impl.RaftServerImpl (RaftServerImpl.java:lambda$shutdown$3(251)) - 748f10d8-f7b1-4cbf-afbb-a313ec1e9bbc@group-7E13C93EA25C: shutdown
2019-09-26 10:50:50,764 [Thread-1077] INFO  impl.RoleInfo (RoleInfo.java:shutdownLeaderState(104)) - 1c5c8622-0ed3-4a62-999f-f7d88c498e79: shutdown LeaderState
2019-09-26 10:50:50,764 [ForkJoinPool.commonPool-worker-0] INFO  util.JmxRegister (JmxRegister.java:unregister(73)) - Successfully un-registered JMX Bean with object name Ratis:service=RaftServer,group=group-7E13C93EA25C,id=748f10d8-f7b1-4cbf-afbb-a313ec1e9bbc
2019-09-26 10:50:50,765 [Thread-1077] INFO  impl.PendingRequests (PendingRequests.java:sendNotLeaderResponses(202)) - 1c5c8622-0ed3-4a62-999f-f7d88c498e79-PendingRequests: sendNotLeaderResponses
2019-09-26 10:50:50,765 [ForkJoinPool.commonPool-worker-0] INFO  impl.RoleInfo (RoleInfo.java:shutdownLeaderState(104)) - 748f10d8-f7b1-4cbf-afbb-a313ec1e9bbc: shutdown LeaderState
2019-09-26 10:50:50,766 [Thread-1077] INFO  impl.StateMachineUpdater (StateMachineUpdater.java:stopAndJoin(125)) - 1c5c8622-0ed3-4a62-999f-f7d88c498e79@group-0D30CB6B76BD-StateMachineUpdater: set stopIndex = 0
2019-09-26 10:50:50,766 [ForkJoinPool.commonPool-worker-0] INFO  impl.PendingRequests (PendingRequests.java:sendNotLeaderResponses(202)) - 748f10d8-f7b1-4cbf-afbb-a313ec1e9bbc-PendingRequests: sendNotLeaderResponses
2019-09-26 10:50:50,766 [Thread-1077] INFO  impl.RaftServerImpl (ServerState.java:close(385)) - 1c5c8622-0ed3-4a62-999f-f7d88c498e79@group-0D30CB6B76BD: closes. applyIndex: 0
2019-09-26 10:50:50,766 [ForkJoinPool.commonPool-worker-0] INFO  impl.StateMachineUpdater (StateMachineUpdater.java:stopAndJoin(125)) - 748f10d8-f7b1-4cbf-afbb-a313ec1e9bbc@group-7E13C93EA25C-StateMachineUpdater: set stopIndex = 0
2019-09-26 10:50:50,767 [ForkJoinPool.commonPool-worker-0] INFO  impl.RaftServerImpl (ServerState.java:close(385)) - 748f10d8-f7b1-4cbf-afbb-a313ec1e9bbc@group-7E13C93EA25C: closes. applyIndex: 0
2019-09-26 10:50:50,767 [1c5c8622-0ed3-4a62-999f-f7d88c498e79@group-0D30CB6B76BD-SegmentedRaftLogWorker] INFO  segmented.SegmentedRaftLogWorker (SegmentedRaftLogWorker.java:run(313)) - 1c5c8622-0ed3-4a62-999f-f7d88c498e79@group-0D30CB6B76BD-SegmentedRaftLogWorker was interrupted, exiting. There are 0 tasks remaining in the queue.
2019-09-26 10:50:50,767 [748f10d8-f7b1-4cbf-afbb-a313ec1e9bbc@group-7E13C93EA25C-SegmentedRaftLogWorker] INFO  segmented.SegmentedRaftLogWorker (SegmentedRaftLogWorker.java:run(313)) - 748f10d8-f7b1-4cbf-afbb-a313ec1e9bbc@group-7E13C93EA25C-SegmentedRaftLogWorker was interrupted, exiting. There are 0 tasks remaining in the queue.
2019-09-26 10:50:50,768 [Thread-1077] INFO  segmented.SegmentedRaftLogWorker (SegmentedRaftLogWorker.java:close(228)) - 1c5c8622-0ed3-4a62-999f-f7d88c498e79@group-0D30CB6B76BD-SegmentedRaftLogWorker close()
2019-09-26 10:50:50,768 [ForkJoinPool.commonPool-worker-0] INFO  segmented.SegmentedRaftLogWorker (SegmentedRaftLogWorker.java:close(228)) - 748f10d8-f7b1-4cbf-afbb-a313ec1e9bbc@group-7E13C93EA25C-SegmentedRaftLogWorker close()
2019-09-26 10:50:50,768 [Thread-1077] INFO  impl.RaftServerImpl (RaftServerImpl.java:lambda$shutdown$3(251)) - 1c5c8622-0ed3-4a62-999f-f7d88c498e79@group-D00E2896749D: shutdown
2019-09-26 10:50:50,768 [ForkJoinPool.commonPool-worker-0] INFO  impl.RaftServerImpl (RaftServerImpl.java:lambda$shutdown$3(251)) - 748f10d8-f7b1-4cbf-afbb-a313ec1e9bbc@group-BEAD11819CF7: shutdown
2019-09-26 10:50:50,769 [Thread-1077] INFO  util.JmxRegister (JmxRegister.java:unregister(73)) - Successfully un-registered JMX Bean with object name Ratis:service=RaftServer,group=group-D00E2896749D,id=1c5c8622-0ed3-4a62-999f-f7d88c498e79
2019-09-26 10:50:50,769 [ForkJoinPool.commonPool-worker-0] INFO  util.JmxRegister (JmxRegister.java:unregister(73)) - Successfully un-registered JMX Bean with object name Ratis:service=RaftServer,group=group-BEAD11819CF7,id=748f10d8-f7b1-4cbf-afbb-a313ec1e9bbc
2019-09-26 10:50:50,770 [Thread-1077] INFO  impl.RoleInfo (RoleInfo.java:shutdownLeaderState(104)) - 1c5c8622-0ed3-4a62-999f-f7d88c498e79: shutdown LeaderState
2019-09-26 10:50:50,770 [ForkJoinPool.commonPool-worker-0] INFO  impl.RoleInfo (RoleInfo.java:shutdownLeaderState(104)) - 748f10d8-f7b1-4cbf-afbb-a313ec1e9bbc: shutdown LeaderState
2019-09-26 10:50:50,770 [Thread-1077] INFO  impl.PendingRequests (PendingRequests.java:sendNotLeaderResponses(202)) - 1c5c8622-0ed3-4a62-999f-f7d88c498e79-PendingRequests: sendNotLeaderResponses
2019-09-26 10:50:50,771 [ForkJoinPool.commonPool-worker-0] INFO  impl.PendingRequests (PendingRequests.java:sendNotLeaderResponses(202)) - 748f10d8-f7b1-4cbf-afbb-a313ec1e9bbc-PendingRequests: sendNotLeaderResponses
2019-09-26 10:50:50,771 [Thread-1077] INFO  impl.StateMachineUpdater (StateMachineUpdater.java:stopAndJoin(125)) - 1c5c8622-0ed3-4a62-999f-f7d88c498e79@group-D00E2896749D-StateMachineUpdater: set stopIndex = 0
2019-09-26 10:50:50,771 [ForkJoinPool.commonPool-worker-0] INFO  impl.StateMachineUpdater (StateMachineUpdater.java:stopAndJoin(125)) - 748f10d8-f7b1-4cbf-afbb-a313ec1e9bbc@group-BEAD11819CF7-StateMachineUpdater: set stopIndex = 0
2019-09-26 10:50:50,772 [Thread-1077] INFO  impl.RaftServerImpl (ServerState.java:close(385)) - 1c5c8622-0ed3-4a62-999f-f7d88c498e79@group-D00E2896749D: closes. applyIndex: 0
2019-09-26 10:50:50,772 [ForkJoinPool.commonPool-worker-0] INFO  impl.RaftServerImpl (ServerState.java:close(385)) - 748f10d8-f7b1-4cbf-afbb-a313ec1e9bbc@group-BEAD11819CF7: closes. applyIndex: 0
2019-09-26 10:50:50,772 [1c5c8622-0ed3-4a62-999f-f7d88c498e79@group-D00E2896749D-SegmentedRaftLogWorker] INFO  segmented.SegmentedRaftLogWorker (SegmentedRaftLogWorker.java:run(313)) - 1c5c8622-0ed3-4a62-999f-f7d88c498e79@group-D00E2896749D-SegmentedRaftLogWorker was interrupted, exiting. There are 0 tasks remaining in the queue.
2019-09-26 10:50:50,773 [748f10d8-f7b1-4cbf-afbb-a313ec1e9bbc@group-BEAD11819CF7-SegmentedRaftLogWorker] INFO  segmented.SegmentedRaftLogWorker (SegmentedRaftLogWorker.java:run(313)) - 748f10d8-f7b1-4cbf-afbb-a313ec1e9bbc@group-BEAD11819CF7-SegmentedRaftLogWorker was interrupted, exiting. There are 0 tasks remaining in the queue.
2019-09-26 10:50:50,773 [Thread-1077] INFO  segmented.SegmentedRaftLogWorker (SegmentedRaftLogWorker.java:close(228)) - 1c5c8622-0ed3-4a62-999f-f7d88c498e79@group-D00E2896749D-SegmentedRaftLogWorker close()
2019-09-26 10:50:50,773 [ForkJoinPool.commonPool-worker-0] INFO  segmented.SegmentedRaftLogWorker (SegmentedRaftLogWorker.java:close(228)) - 748f10d8-f7b1-4cbf-afbb-a313ec1e9bbc@group-BEAD11819CF7-SegmentedRaftLogWorker close()
2019-09-26 10:50:50,773 [Thread-1077] INFO  impl.RaftServerImpl (RaftServerImpl.java:lambda$shutdown$3(251)) - 1c5c8622-0ed3-4a62-999f-f7d88c498e79@group-FEA1C8A551AB: shutdown
2019-09-26 10:50:50,774 [ForkJoinPool.commonPool-worker-0] INFO  impl.RaftServerImpl (RaftServerImpl.java:lambda$shutdown$3(251)) - 748f10d8-f7b1-4cbf-afbb-a313ec1e9bbc@group-8924A7D15390: shutdown
2019-09-26 10:50:50,774 [Thread-1077] INFO  util.JmxRegister (JmxRegister.java:unregister(73)) - Successfully un-registered JMX Bean with object name Ratis:service=RaftServer,group=group-FEA1C8A551AB,id=1c5c8622-0ed3-4a62-999f-f7d88c498e79
2019-09-26 10:50:50,775 [ForkJoinPool.commonPool-worker-0] INFO  util.JmxRegister (JmxRegister.java:unregister(73)) - Successfully un-registered JMX Bean with object name Ratis:service=RaftServer,group=group-8924A7D15390,id=748f10d8-f7b1-4cbf-afbb-a313ec1e9bbc
2019-09-26 10:50:50,775 [Thread-1077] INFO  impl.RoleInfo (RoleInfo.java:shutdownLeaderState(104)) - 1c5c8622-0ed3-4a62-999f-f7d88c498e79: shutdown LeaderState
2019-09-26 10:50:50,775 [ForkJoinPool.commonPool-worker-0] INFO  impl.RoleInfo (RoleInfo.java:shutdownLeaderState(104)) - 748f10d8-f7b1-4cbf-afbb-a313ec1e9bbc: shutdown LeaderState
2019-09-26 10:50:50,776 [Thread-1077] INFO  impl.PendingRequests (PendingRequests.java:sendNotLeaderResponses(202)) - 1c5c8622-0ed3-4a62-999f-f7d88c498e79-PendingRequests: sendNotLeaderResponses
2019-09-26 10:50:50,776 [ForkJoinPool.commonPool-worker-0] INFO  impl.PendingRequests (PendingRequests.java:sendNotLeaderResponses(202)) - 748f10d8-f7b1-4cbf-afbb-a313ec1e9bbc-PendingRequests: sendNotLeaderResponses
2019-09-26 10:50:50,776 [Thread-1077] INFO  impl.StateMachineUpdater (StateMachineUpdater.java:stopAndJoin(125)) - 1c5c8622-0ed3-4a62-999f-f7d88c498e79@group-FEA1C8A551AB-StateMachineUpdater: set stopIndex = 0
2019-09-26 10:50:50,777 [ForkJoinPool.commonPool-worker-0] INFO  impl.StateMachineUpdater (StateMachineUpdater.java:stopAndJoin(125)) - 748f10d8-f7b1-4cbf-afbb-a313ec1e9bbc@group-8924A7D15390-StateMachineUpdater: set stopIndex = 0
2019-09-26 10:50:50,777 [Thread-1077] INFO  impl.RaftServerImpl (ServerState.java:close(385)) - 1c5c8622-0ed3-4a62-999f-f7d88c498e79@group-FEA1C8A551AB: closes. applyIndex: 0
2019-09-26 10:50:50,777 [ForkJoinPool.commonPool-worker-0] INFO  impl.RaftServerImpl (ServerState.java:close(385)) - 748f10d8-f7b1-4cbf-afbb-a313ec1e9bbc@group-8924A7D15390: closes. applyIndex: 0
2019-09-26 10:50:50,778 [1c5c8622-0ed3-4a62-999f-f7d88c498e79@group-FEA1C8A551AB-SegmentedRaftLogWorker] INFO  segmented.SegmentedRaftLogWorker (SegmentedRaftLogWorker.java:run(313)) - 1c5c8622-0ed3-4a62-999f-f7d88c498e79@group-FEA1C8A551AB-SegmentedRaftLogWorker was interrupted, exiting. There are 0 tasks remaining in the queue.
2019-09-26 10:50:50,778 [748f10d8-f7b1-4cbf-afbb-a313ec1e9bbc@group-8924A7D15390-SegmentedRaftLogWorker] INFO  segmented.SegmentedRaftLogWorker (SegmentedRaftLogWorker.java:run(313)) - 748f10d8-f7b1-4cbf-afbb-a313ec1e9bbc@group-8924A7D15390-SegmentedRaftLogWorker was interrupted, exiting. There are 0 tasks remaining in the queue.
2019-09-26 10:50:50,778 [Thread-1077] INFO  segmented.SegmentedRaftLogWorker (SegmentedRaftLogWorker.java:close(228)) - 1c5c8622-0ed3-4a62-999f-f7d88c498e79@group-FEA1C8A551AB-SegmentedRaftLogWorker close()
2019-09-26 10:50:50,779 [ForkJoinPool.commonPool-worker-0] INFO  segmented.SegmentedRaftLogWorker (SegmentedRaftLogWorker.java:close(228)) - 748f10d8-f7b1-4cbf-afbb-a313ec1e9bbc@group-8924A7D15390-SegmentedRaftLogWorker close()
2019-09-26 10:50:50,779 [Thread-1077] INFO  server.GrpcService (GrpcService.java:closeImpl(164)) - 1c5c8622-0ed3-4a62-999f-f7d88c498e79: shutdown server with port 40111 now
2019-09-26 10:50:50,779 [ForkJoinPool.commonPool-worker-0] INFO  server.GrpcService (GrpcService.java:closeImpl(164)) - 748f10d8-f7b1-4cbf-afbb-a313ec1e9bbc: shutdown server with port 45663 now
2019-09-26 10:50:50,782 [Thread-1077] INFO  server.GrpcService (GrpcService.java:closeImpl(172)) - 1c5c8622-0ed3-4a62-999f-f7d88c498e79: shutdown server with port 40111 successfully
2019-09-26 10:50:50,784 [ForkJoinPool.commonPool-worker-0] INFO  server.GrpcService (GrpcService.java:closeImpl(172)) - 748f10d8-f7b1-4cbf-afbb-a313ec1e9bbc: shutdown server with port 45663 successfully
2019-09-26 10:50:50,786 [refreshUsed-/workdir/hadoop-ozone/ozonefs/target/test-dir/MiniOzoneClusterImpl-99c4f40c-1efe-4b17-8303-d48b923188ee/datanode-0/data/containers] WARN  fs.CachingGetSpaceUsed (CachingGetSpaceUsed.java:run(183)) - Thread Interrupted waiting to refresh disk information: sleep interrupted
2019-09-26 10:50:50,794 [refreshUsed-/workdir/hadoop-ozone/ozonefs/target/test-dir/MiniOzoneClusterImpl-99c4f40c-1efe-4b17-8303-d48b923188ee/datanode-1/data/containers] WARN  fs.CachingGetSpaceUsed (CachingGetSpaceUsed.java:run(183)) - Thread Interrupted waiting to refresh disk information: sleep interrupted
2019-09-26 10:50:50,828 [Thread-1077] INFO  utils.BackgroundService (BackgroundService.java:shutdown(148)) - Shutting down service BlockDeletingService
2019-09-26 10:50:50,828 [ForkJoinPool.commonPool-worker-0] INFO  utils.BackgroundService (BackgroundService.java:shutdown(148)) - Shutting down service BlockDeletingService
2019-09-26 10:50:50,834 [ForkJoinPool.commonPool-worker-0] INFO  statemachine.DatanodeStateMachine (DatanodeStateMachine.java:stopDaemon(395)) - Ozone container server stopped.
2019-09-26 10:50:50,835 [Thread-1077] INFO  statemachine.DatanodeStateMachine (DatanodeStateMachine.java:stopDaemon(395)) - Ozone container server stopped.
2019-09-26 10:50:50,838 [Thread-1077] INFO  handler.ContextHandler (ContextHandler.java:doStop(910)) - Stopped o.e.j.w.WebAppContext@13971065{/,null,UNAVAILABLE}{/hddsDatanode}
2019-09-26 10:50:50,838 [ForkJoinPool.commonPool-worker-0] INFO  handler.ContextHandler (ContextHandler.java:doStop(910)) - Stopped o.e.j.w.WebAppContext@4faedd0c{/,null,UNAVAILABLE}{/hddsDatanode}
2019-09-26 10:50:50,839 [ForkJoinPool.commonPool-worker-0] INFO  server.AbstractConnector (AbstractConnector.java:doStop(318)) - Stopped ServerConnector@24f9d532{HTTP/1.1,[http/1.1]}{0.0.0.0:0}
2019-09-26 10:50:50,839 [Thread-1077] INFO  server.AbstractConnector (AbstractConnector.java:doStop(318)) - Stopped ServerConnector@50fe4319{HTTP/1.1,[http/1.1]}{0.0.0.0:0}
2019-09-26 10:50:50,841 [ForkJoinPool.commonPool-worker-0] INFO  handler.ContextHandler (ContextHandler.java:doStop(910)) - Stopped o.e.j.s.ServletContextHandler@2131de3f{/static,jar:file:/home/user/.m2/repository/org/apache/hadoop/hadoop-hdds-container-service/0.5.0-SNAPSHOT/hadoop-hdds-container-service-0.5.0-SNAPSHOT.jar!/webapps/static,UNAVAILABLE}
2019-09-26 10:50:50,841 [Thread-1077] INFO  handler.ContextHandler (ContextHandler.java:doStop(910)) - Stopped o.e.j.s.ServletContextHandler@33b2933c{/static,jar:file:/home/user/.m2/repository/org/apache/hadoop/hadoop-hdds-container-service/0.5.0-SNAPSHOT/hadoop-hdds-container-service-0.5.0-SNAPSHOT.jar!/webapps/static,UNAVAILABLE}
2019-09-26 10:50:50,842 [ForkJoinPool.commonPool-worker-0] INFO  handler.ContextHandler (ContextHandler.java:doStop(910)) - Stopped o.e.j.s.ServletContextHandler@d7ad8ba{/logs,file:///workdir/hadoop-ozone/ozonefs/target/log,UNAVAILABLE}
2019-09-26 10:50:50,842 [Thread-1077] INFO  handler.ContextHandler (ContextHandler.java:doStop(910)) - Stopped o.e.j.s.ServletContextHandler@4d6888ba{/logs,file:///workdir/hadoop-ozone/ozonefs/target/log,UNAVAILABLE}
2019-09-26 10:50:51,555 [Datanode State Machine Thread - 0] INFO  statemachine.DatanodeStateMachine (DatanodeStateMachine.java:lambda$startDaemon$0(350)) - Ozone container server started.
2019-09-26 10:50:55,844 [ForkJoinPool.commonPool-worker-0] INFO  ozoneimpl.OzoneContainer (OzoneContainer.java:stop(231)) - Attempting to stop container services.
2019-09-26 10:50:55,845 [ForkJoinPool.commonPool-worker-0] INFO  impl.RaftServerProxy (RaftServerProxy.java:lambda$close$4(314)) - 6e58f488-afe0-40d3-b73f-51cd36198913: close
2019-09-26 10:50:55,845 [ForkJoinPool.commonPool-worker-0] INFO  impl.RaftServerImpl (RaftServerImpl.java:lambda$shutdown$3(251)) - 6e58f488-afe0-40d3-b73f-51cd36198913@group-190ED957FE70: shutdown
2019-09-26 10:50:55,846 [ForkJoinPool.commonPool-worker-0] INFO  util.JmxRegister (JmxRegister.java:unregister(73)) - Successfully un-registered JMX Bean with object name Ratis:service=RaftServer,group=group-190ED957FE70,id=6e58f488-afe0-40d3-b73f-51cd36198913
2019-09-26 10:50:55,846 [ForkJoinPool.commonPool-worker-0] INFO  impl.RoleInfo (RoleInfo.java:shutdownLeaderState(104)) - 6e58f488-afe0-40d3-b73f-51cd36198913: shutdown LeaderState
2019-09-26 10:50:55,846 [ForkJoinPool.commonPool-worker-0] INFO  impl.PendingRequests (PendingRequests.java:sendNotLeaderResponses(202)) - 6e58f488-afe0-40d3-b73f-51cd36198913-PendingRequests: sendNotLeaderResponses
2019-09-26 10:50:55,847 [ForkJoinPool.commonPool-worker-0] INFO  impl.StateMachineUpdater (StateMachineUpdater.java:stopAndJoin(125)) - 6e58f488-afe0-40d3-b73f-51cd36198913@group-190ED957FE70-StateMachineUpdater: set stopIndex = 0
2019-09-26 10:50:55,847 [ForkJoinPool.commonPool-worker-0] INFO  impl.RaftServerImpl (ServerState.java:close(385)) - 6e58f488-afe0-40d3-b73f-51cd36198913@group-190ED957FE70: closes. applyIndex: 0
2019-09-26 10:50:55,848 [6e58f488-afe0-40d3-b73f-51cd36198913@group-190ED957FE70-SegmentedRaftLogWorker] INFO  segmented.SegmentedRaftLogWorker (SegmentedRaftLogWorker.java:run(313)) - 6e58f488-afe0-40d3-b73f-51cd36198913@group-190ED957FE70-SegmentedRaftLogWorker was interrupted, exiting. There are 0 tasks remaining in the queue.
2019-09-26 10:50:55,848 [ForkJoinPool.commonPool-worker-0] INFO  segmented.SegmentedRaftLogWorker (SegmentedRaftLogWorker.java:close(228)) - 6e58f488-afe0-40d3-b73f-51cd36198913@group-190ED957FE70-SegmentedRaftLogWorker close()
2019-09-26 10:50:55,848 [ForkJoinPool.commonPool-worker-0] INFO  impl.RaftServerImpl (RaftServerImpl.java:lambda$shutdown$3(251)) - 6e58f488-afe0-40d3-b73f-51cd36198913@group-066D4D75C124: shutdown
2019-09-26 10:50:55,849 [ForkJoinPool.commonPool-worker-0] INFO  util.JmxRegister (JmxRegister.java:unregister(73)) - Successfully un-registered JMX Bean with object name Ratis:service=RaftServer,group=group-066D4D75C124,id=6e58f488-afe0-40d3-b73f-51cd36198913
2019-09-26 10:50:55,849 [ForkJoinPool.commonPool-worker-0] INFO  impl.RoleInfo (RoleInfo.java:shutdownLeaderState(104)) - 6e58f488-afe0-40d3-b73f-51cd36198913: shutdown LeaderState
2019-09-26 10:50:55,849 [ForkJoinPool.commonPool-worker-0] INFO  impl.PendingRequests (PendingRequests.java:sendNotLeaderResponses(202)) - 6e58f488-afe0-40d3-b73f-51cd36198913-PendingRequests: sendNotLeaderResponses
2019-09-26 10:50:55,850 [ForkJoinPool.commonPool-worker-0] INFO  impl.StateMachineUpdater (StateMachineUpdater.java:stopAndJoin(125)) - 6e58f488-afe0-40d3-b73f-51cd36198913@group-066D4D75C124-StateMachineUpdater: set stopIndex = 0
2019-09-26 10:50:55,850 [ForkJoinPool.commonPool-worker-0] INFO  impl.RaftServerImpl (ServerState.java:close(385)) - 6e58f488-afe0-40d3-b73f-51cd36198913@group-066D4D75C124: closes. applyIndex: 0
2019-09-26 10:50:55,850 [6e58f488-afe0-40d3-b73f-51cd36198913@group-066D4D75C124-SegmentedRaftLogWorker] INFO  segmented.SegmentedRaftLogWorker (SegmentedRaftLogWorker.java:run(313)) - 6e58f488-afe0-40d3-b73f-51cd36198913@group-066D4D75C124-SegmentedRaftLogWorker was interrupted, exiting. There are 0 tasks remaining in the queue.
2019-09-26 10:50:55,860 [ForkJoinPool.commonPool-worker-0] INFO  segmented.SegmentedRaftLogWorker (SegmentedRaftLogWorker.java:close(228)) - 6e58f488-afe0-40d3-b73f-51cd36198913@group-066D4D75C124-SegmentedRaftLogWorker close()
2019-09-26 10:50:55,860 [ForkJoinPool.commonPool-worker-0] INFO  impl.RaftServerImpl (RaftServerImpl.java:lambda$shutdown$3(251)) - 6e58f488-afe0-40d3-b73f-51cd36198913@group-A4A445F92577: shutdown
2019-09-26 10:50:55,861 [ForkJoinPool.commonPool-worker-0] INFO  util.JmxRegister (JmxRegister.java:unregister(73)) - Successfully un-registered JMX Bean with object name Ratis:service=RaftServer,group=group-A4A445F92577,id=6e58f488-afe0-40d3-b73f-51cd36198913
2019-09-26 10:50:55,861 [ForkJoinPool.commonPool-worker-0] INFO  impl.RoleInfo (RoleInfo.java:shutdownLeaderState(104)) - 6e58f488-afe0-40d3-b73f-51cd36198913: shutdown LeaderState
2019-09-26 10:50:55,861 [ForkJoinPool.commonPool-worker-0] INFO  impl.PendingRequests (PendingRequests.java:sendNotLeaderResponses(202)) - 6e58f488-afe0-40d3-b73f-51cd36198913-PendingRequests: sendNotLeaderResponses
2019-09-26 10:50:55,862 [ForkJoinPool.commonPool-worker-0] INFO  impl.StateMachineUpdater (StateMachineUpdater.java:stopAndJoin(125)) - 6e58f488-afe0-40d3-b73f-51cd36198913@group-A4A445F92577-StateMachineUpdater: set stopIndex = 0
2019-09-26 10:50:55,862 [ForkJoinPool.commonPool-worker-0] INFO  impl.RaftServerImpl (ServerState.java:close(385)) - 6e58f488-afe0-40d3-b73f-51cd36198913@group-A4A445F92577: closes. applyIndex: 0
2019-09-26 10:50:55,863 [6e58f488-afe0-40d3-b73f-51cd36198913@group-A4A445F92577-SegmentedRaftLogWorker] INFO  segmented.SegmentedRaftLogWorker (SegmentedRaftLogWorker.java:run(313)) - 6e58f488-afe0-40d3-b73f-51cd36198913@group-A4A445F92577-SegmentedRaftLogWorker was interrupted, exiting. There are 0 tasks remaining in the queue.
2019-09-26 10:50:55,863 [ForkJoinPool.commonPool-worker-0] INFO  segmented.SegmentedRaftLogWorker (SegmentedRaftLogWorker.java:close(228)) - 6e58f488-afe0-40d3-b73f-51cd36198913@group-A4A445F92577-SegmentedRaftLogWorker close()
2019-09-26 10:50:55,863 [ForkJoinPool.commonPool-worker-0] INFO  impl.RaftServerImpl (RaftServerImpl.java:lambda$shutdown$3(251)) - 6e58f488-afe0-40d3-b73f-51cd36198913@group-F75AEB9AE6E9: shutdown
2019-09-26 10:50:55,863 [ForkJoinPool.commonPool-worker-0] INFO  util.JmxRegister (JmxRegister.java:unregister(73)) - Successfully un-registered JMX Bean with object name Ratis:service=RaftServer,group=group-F75AEB9AE6E9,id=6e58f488-afe0-40d3-b73f-51cd36198913
2019-09-26 10:50:55,864 [ForkJoinPool.commonPool-worker-0] INFO  impl.RoleInfo (RoleInfo.java:shutdownLeaderState(104)) - 6e58f488-afe0-40d3-b73f-51cd36198913: shutdown LeaderState
2019-09-26 10:50:55,864 [ForkJoinPool.commonPool-worker-0] INFO  impl.PendingRequests (PendingRequests.java:sendNotLeaderResponses(202)) - 6e58f488-afe0-40d3-b73f-51cd36198913-PendingRequests: sendNotLeaderResponses
2019-09-26 10:50:55,864 [ForkJoinPool.commonPool-worker-0] INFO  impl.StateMachineUpdater (StateMachineUpdater.java:stopAndJoin(125)) - 6e58f488-afe0-40d3-b73f-51cd36198913@group-F75AEB9AE6E9-StateMachineUpdater: set stopIndex = 0
2019-09-26 10:50:55,865 [ForkJoinPool.commonPool-worker-0] INFO  impl.RaftServerImpl (ServerState.java:close(385)) - 6e58f488-afe0-40d3-b73f-51cd36198913@group-F75AEB9AE6E9: closes. applyIndex: 0
2019-09-26 10:50:55,865 [6e58f488-afe0-40d3-b73f-51cd36198913@group-F75AEB9AE6E9-SegmentedRaftLogWorker] INFO  segmented.SegmentedRaftLogWorker (SegmentedRaftLogWorker.java:run(313)) - 6e58f488-afe0-40d3-b73f-51cd36198913@group-F75AEB9AE6E9-SegmentedRaftLogWorker was interrupted, exiting. There are 0 tasks remaining in the queue.
2019-09-26 10:50:55,866 [ForkJoinPool.commonPool-worker-0] INFO  segmented.SegmentedRaftLogWorker (SegmentedRaftLogWorker.java:close(228)) - 6e58f488-afe0-40d3-b73f-51cd36198913@group-F75AEB9AE6E9-SegmentedRaftLogWorker close()
2019-09-26 10:50:55,866 [ForkJoinPool.commonPool-worker-0] INFO  impl.RaftServerImpl (RaftServerImpl.java:lambda$shutdown$3(251)) - 6e58f488-afe0-40d3-b73f-51cd36198913@group-AC80E2C5403E: shutdown
2019-09-26 10:50:55,866 [ForkJoinPool.commonPool-worker-0] INFO  util.JmxRegister (JmxRegister.java:unregister(73)) - Successfully un-registered JMX Bean with object name Ratis:service=RaftServer,group=group-AC80E2C5403E,id=6e58f488-afe0-40d3-b73f-51cd36198913
2019-09-26 10:50:55,867 [ForkJoinPool.commonPool-worker-0] INFO  impl.RoleInfo (RoleInfo.java:shutdownLeaderState(104)) - 6e58f488-afe0-40d3-b73f-51cd36198913: shutdown LeaderState
2019-09-26 10:50:55,867 [ForkJoinPool.commonPool-worker-0] INFO  impl.PendingRequests (PendingRequests.java:sendNotLeaderResponses(202)) - 6e58f488-afe0-40d3-b73f-51cd36198913-PendingRequests: sendNotLeaderResponses
2019-09-26 10:50:55,867 [ForkJoinPool.commonPool-worker-0] INFO  impl.StateMachineUpdater (StateMachineUpdater.java:stopAndJoin(125)) - 6e58f488-afe0-40d3-b73f-51cd36198913@group-AC80E2C5403E-StateMachineUpdater: set stopIndex = 0
2019-09-26 10:50:55,868 [ForkJoinPool.commonPool-worker-0] INFO  impl.RaftServerImpl (ServerState.java:close(385)) - 6e58f488-afe0-40d3-b73f-51cd36198913@group-AC80E2C5403E: closes. applyIndex: 0
2019-09-26 10:50:55,868 [6e58f488-afe0-40d3-b73f-51cd36198913@group-AC80E2C5403E-SegmentedRaftLogWorker] INFO  segmented.SegmentedRaftLogWorker (SegmentedRaftLogWorker.java:run(313)) - 6e58f488-afe0-40d3-b73f-51cd36198913@group-AC80E2C5403E-SegmentedRaftLogWorker was interrupted, exiting. There are 0 tasks remaining in the queue.
2019-09-26 10:50:55,868 [ForkJoinPool.commonPool-worker-0] INFO  segmented.SegmentedRaftLogWorker (SegmentedRaftLogWorker.java:close(228)) - 6e58f488-afe0-40d3-b73f-51cd36198913@group-AC80E2C5403E-SegmentedRaftLogWorker close()
2019-09-26 10:50:55,869 [ForkJoinPool.commonPool-worker-0] INFO  impl.RaftServerImpl (RaftServerImpl.java:lambda$shutdown$3(251)) - 6e58f488-afe0-40d3-b73f-51cd36198913@group-45E535F6C4AB: shutdown
2019-09-26 10:50:55,869 [ForkJoinPool.commonPool-worker-0] INFO  util.JmxRegister (JmxRegister.java:unregister(73)) - Successfully un-registered JMX Bean with object name Ratis:service=RaftServer,group=group-45E535F6C4AB,id=6e58f488-afe0-40d3-b73f-51cd36198913
2019-09-26 10:50:55,869 [ForkJoinPool.commonPool-worker-0] INFO  impl.RoleInfo (RoleInfo.java:shutdownLeaderState(104)) - 6e58f488-afe0-40d3-b73f-51cd36198913: shutdown LeaderState
2019-09-26 10:50:55,870 [ForkJoinPool.commonPool-worker-0] INFO  impl.PendingRequests (PendingRequests.java:sendNotLeaderResponses(202)) - 6e58f488-afe0-40d3-b73f-51cd36198913-PendingRequests: sendNotLeaderResponses
2019-09-26 10:50:55,870 [ForkJoinPool.commonPool-worker-0] INFO  impl.StateMachineUpdater (StateMachineUpdater.java:stopAndJoin(125)) - 6e58f488-afe0-40d3-b73f-51cd36198913@group-45E535F6C4AB-StateMachineUpdater: set stopIndex = 0
2019-09-26 10:50:55,870 [ForkJoinPool.commonPool-worker-0] INFO  impl.RaftServerImpl (ServerState.java:close(385)) - 6e58f488-afe0-40d3-b73f-51cd36198913@group-45E535F6C4AB: closes. applyIndex: 0
2019-09-26 10:50:55,871 [6e58f488-afe0-40d3-b73f-51cd36198913@group-45E535F6C4AB-SegmentedRaftLogWorker] INFO  segmented.SegmentedRaftLogWorker (SegmentedRaftLogWorker.java:run(313)) - 6e58f488-afe0-40d3-b73f-51cd36198913@group-45E535F6C4AB-SegmentedRaftLogWorker was interrupted, exiting. There are 0 tasks remaining in the queue.
2019-09-26 10:50:55,871 [ForkJoinPool.commonPool-worker-0] INFO  segmented.SegmentedRaftLogWorker (SegmentedRaftLogWorker.java:close(228)) - 6e58f488-afe0-40d3-b73f-51cd36198913@group-45E535F6C4AB-SegmentedRaftLogWorker close()
2019-09-26 10:50:55,871 [ForkJoinPool.commonPool-worker-0] INFO  server.GrpcService (GrpcService.java:closeImpl(164)) - 6e58f488-afe0-40d3-b73f-51cd36198913: shutdown server with port 42251 now
2019-09-26 10:50:55,874 [ForkJoinPool.commonPool-worker-0] INFO  server.GrpcService (GrpcService.java:closeImpl(172)) - 6e58f488-afe0-40d3-b73f-51cd36198913: shutdown server with port 42251 successfully
2019-09-26 10:50:55,877 [refreshUsed-/workdir/hadoop-ozone/ozonefs/target/test-dir/MiniOzoneClusterImpl-99c4f40c-1efe-4b17-8303-d48b923188ee/datanode-2/data/containers] WARN  fs.CachingGetSpaceUsed (CachingGetSpaceUsed.java:run(183)) - Thread Interrupted waiting to refresh disk information: sleep interrupted
2019-09-26 10:50:55,906 [ForkJoinPool.commonPool-worker-0] INFO  utils.BackgroundService (BackgroundService.java:shutdown(148)) - Shutting down service BlockDeletingService
2019-09-26 10:50:55,910 [ForkJoinPool.commonPool-worker-0] INFO  statemachine.DatanodeStateMachine (DatanodeStateMachine.java:stopDaemon(395)) - Ozone container server stopped.
2019-09-26 10:50:55,915 [ForkJoinPool.commonPool-worker-0] INFO  handler.ContextHandler (ContextHandler.java:doStop(910)) - Stopped o.e.j.w.WebAppContext@24cfbe04{/,null,UNAVAILABLE}{/hddsDatanode}
2019-09-26 10:50:55,916 [ForkJoinPool.commonPool-worker-0] INFO  server.AbstractConnector (AbstractConnector.java:doStop(318)) - Stopped ServerConnector@7f57abb0{HTTP/1.1,[http/1.1]}{0.0.0.0:0}
2019-09-26 10:50:55,921 [ForkJoinPool.commonPool-worker-0] INFO  handler.ContextHandler (ContextHandler.java:doStop(910)) - Stopped o.e.j.s.ServletContextHandler@18502e0{/static,jar:file:/home/user/.m2/repository/org/apache/hadoop/hadoop-hdds-container-service/0.5.0-SNAPSHOT/hadoop-hdds-container-service-0.5.0-SNAPSHOT.jar!/webapps/static,UNAVAILABLE}
2019-09-26 10:50:55,921 [ForkJoinPool.commonPool-worker-0] INFO  handler.ContextHandler (ContextHandler.java:doStop(910)) - Stopped o.e.j.s.ServletContextHandler@460c0156{/logs,file:///workdir/hadoop-ozone/ozonefs/target/log,UNAVAILABLE}
2019-09-26 10:50:55,922 [Thread-1077] INFO  ozone.MiniOzoneClusterImpl (MiniOzoneClusterImpl.java:stopSCM(392)) - Stopping the StorageContainerManager
2019-09-26 10:50:55,922 [Thread-1077] INFO  server.StorageContainerManager (StorageContainerManager.java:stop(808)) - Stopping Replication Manager Service.
2019-09-26 10:50:55,923 [Thread-1077] INFO  container.ReplicationManager (ReplicationManager.java:stop(204)) - Stopping Replication Monitor Thread.
2019-09-26 10:50:55,923 [Thread-1077] INFO  server.StorageContainerManager (StorageContainerManager.java:stop(815)) - Stopping Lease Manager of the command watchers
2019-09-26 10:50:55,923 [Thread-1077] INFO  server.StorageContainerManager (StorageContainerManager.java:stop(822)) - Stopping datanode service RPC server
2019-09-26 10:50:55,923 [Thread-1077] INFO  server.SCMDatanodeProtocolServer (SCMDatanodeProtocolServer.java:stop(367)) - Stopping the RPC server for DataNodes
2019-09-26 10:50:55,923 [Thread-1077] INFO  ipc.Server (Server.java:stop(3082)) - Stopping server on 42053
2019-09-26 10:50:55,928 [IPC Server listener on 42053] INFO  ipc.Server (Server.java:run(1185)) - Stopping IPC Server listener on 42053
2019-09-26 10:50:55,930 [IPC Server Responder] INFO  ipc.Server (Server.java:run(1319)) - Stopping IPC Server Responder
2019-09-26 10:50:55,941 [SCM Heartbeat Processing Thread - 0] WARN  node.NodeStateManager (NodeStateManager.java:scheduleNextHealthCheck(655)) - Current Thread is interrupted, shutting down HB processing thread for Node Manager.
2019-09-26 10:50:55,942 [Thread-1077] INFO  server.StorageContainerManager (StorageContainerManager.java:stop(830)) - Stopping block service RPC server
2019-09-26 10:50:55,942 [Thread-1077] INFO  server.SCMBlockProtocolServer (SCMBlockProtocolServer.java:stop(155)) - Stopping the RPC server for Block Protocol
2019-09-26 10:50:55,942 [Thread-1077] INFO  ipc.Server (Server.java:stop(3082)) - Stopping server on 41228
2019-09-26 10:50:55,943 [Thread-1077] INFO  server.StorageContainerManager (StorageContainerManager.java:stop(837)) - Stopping the StorageContainerLocationProtocol RPC server
2019-09-26 10:50:55,944 [Thread-1077] INFO  server.SCMClientProtocolServer (SCMClientProtocolServer.java:stop(159)) - Stopping the RPC server for Client Protocol
2019-09-26 10:50:55,945 [IPC Server Responder] INFO  ipc.Server (Server.java:run(1319)) - Stopping IPC Server Responder
2019-09-26 10:50:55,945 [Thread-1077] INFO  ipc.Server (Server.java:stop(3082)) - Stopping server on 35743
2019-09-26 10:50:55,944 [IPC Server listener on 41228] INFO  ipc.Server (Server.java:run(1185)) - Stopping IPC Server listener on 41228
2019-09-26 10:50:55,948 [IPC Server listener on 35743] INFO  ipc.Server (Server.java:run(1185)) - Stopping IPC Server listener on 35743
2019-09-26 10:50:55,948 [Thread-1077] INFO  server.StorageContainerManager (StorageContainerManager.java:stop(844)) - Stopping Storage Container Manager HTTP server.
2019-09-26 10:50:55,950 [IPC Server Responder] INFO  ipc.Server (Server.java:run(1319)) - Stopping IPC Server Responder
2019-09-26 10:50:55,951 [Thread-1077] INFO  handler.ContextHandler (ContextHandler.java:doStop(910)) - Stopped o.e.j.w.WebAppContext@57461df6{/,null,UNAVAILABLE}{/scm}
2019-09-26 10:50:55,953 [Thread-1077] INFO  server.AbstractConnector (AbstractConnector.java:doStop(318)) - Stopped ServerConnector@2c376615{HTTP/1.1,[http/1.1]}{0.0.0.0:0}
2019-09-26 10:50:55,953 [Thread-1077] INFO  handler.ContextHandler (ContextHandler.java:doStop(910)) - Stopped o.e.j.s.ServletContextHandler@5fef454a{/static,jar:file:/home/user/.m2/repository/org/apache/hadoop/hadoop-hdds-server-scm/0.5.0-SNAPSHOT/hadoop-hdds-server-scm-0.5.0-SNAPSHOT.jar!/webapps/static,UNAVAILABLE}
2019-09-26 10:50:55,953 [Thread-1077] INFO  handler.ContextHandler (ContextHandler.java:doStop(910)) - Stopped o.e.j.s.ServletContextHandler@8d06767{/logs,file:///workdir/hadoop-ozone/ozonefs/target/log,UNAVAILABLE}
2019-09-26 10:50:55,955 [Thread-1077] INFO  server.StorageContainerManager (StorageContainerManager.java:stop(855)) - Stopping Block Manager Service.
2019-09-26 10:50:55,955 [Thread-1077] INFO  utils.BackgroundService (BackgroundService.java:shutdown(148)) - Shutting down service SCMBlockDeletingService
2019-09-26 10:50:55,956 [Thread-1077] INFO  utils.BackgroundService (BackgroundService.java:shutdown(148)) - Shutting down service SCMBlockDeletingService
2019-09-26 10:50:55,957 [Thread-1077] INFO  server.StorageContainerManager (StorageContainerManager.java:stop(877)) - Stopping SCM Event Queue.
2019-09-26 10:50:55,961 [Thread-1077] INFO  impl.MetricsSystemImpl (MetricsSystemImpl.java:stop(210)) - Stopping HddsDatanode metrics system...
2019-09-26 10:50:55,972 [Thread-1077] INFO  impl.MetricsSystemImpl (MetricsSystemImpl.java:stop(216)) - HddsDatanode metrics system stopped.
]]></system-out>
  </testcase>
  <testcase name="testDeleteCreatesFakeParentDir" classname="org.apache.hadoop.fs.ozone.TestOzoneFileSystem" time="16.84">
    <error message="Allocated 0 blocks. Requested 1 blocks" type="INTERNAL_ERROR org.apache.hadoop.ozone.om.exceptions.OMException">INTERNAL_ERROR org.apache.hadoop.ozone.om.exceptions.OMException: Allocated 0 blocks. Requested 1 blocks
	at org.apache.hadoop.ozone.om.protocolPB.OzoneManagerProtocolClientSideTranslatorPB.handleError(OzoneManagerProtocolClientSideTranslatorPB.java:732)
	at org.apache.hadoop.ozone.om.protocolPB.OzoneManagerProtocolClientSideTranslatorPB.createFile(OzoneManagerProtocolClientSideTranslatorPB.java:1536)
	at sun.reflect.NativeMethodAccessorImpl.invoke0(Native Method)
	at sun.reflect.NativeMethodAccessorImpl.invoke(NativeMethodAccessorImpl.java:62)
	at sun.reflect.DelegatingMethodAccessorImpl.invoke(DelegatingMethodAccessorImpl.java:43)
	at java.lang.reflect.Method.invoke(Method.java:498)
	at org.apache.hadoop.hdds.tracing.TraceAllMethod.invoke(TraceAllMethod.java:66)
	at com.sun.proxy.$Proxy38.createFile(Unknown Source)
	at org.apache.hadoop.ozone.client.rpc.RpcClient.createFile(RpcClient.java:1006)
	at org.apache.hadoop.ozone.client.OzoneBucket.createFile(OzoneBucket.java:537)
	at org.apache.hadoop.fs.ozone.BasicOzoneClientAdapterImpl.createFile(BasicOzoneClientAdapterImpl.java:205)
	at org.apache.hadoop.fs.ozone.BasicOzoneFileSystem.createOutputStream(BasicOzoneFileSystem.java:250)
	at org.apache.hadoop.fs.ozone.BasicOzoneFileSystem.create(BasicOzoneFileSystem.java:231)
	at org.apache.hadoop.fs.FileSystem.create(FileSystem.java:1118)
	at org.apache.hadoop.fs.FileSystem.create(FileSystem.java:1098)
	at org.apache.hadoop.fs.FileSystem.create(FileSystem.java:987)
	at org.apache.hadoop.fs.contract.ContractTestUtils.createFile(ContractTestUtils.java:633)
	at org.apache.hadoop.fs.contract.ContractTestUtils.touch(ContractTestUtils.java:669)
	at org.apache.hadoop.fs.ozone.TestOzoneFileSystem.testDeleteCreatesFakeParentDir(TestOzoneFileSystem.java:134)
	at sun.reflect.NativeMethodAccessorImpl.invoke0(Native Method)
	at sun.reflect.NativeMethodAccessorImpl.invoke(NativeMethodAccessorImpl.java:62)
	at sun.reflect.DelegatingMethodAccessorImpl.invoke(DelegatingMethodAccessorImpl.java:43)
	at java.lang.reflect.Method.invoke(Method.java:498)
	at org.junit.runners.model.FrameworkMethod$1.runReflectiveCall(FrameworkMethod.java:47)
	at org.junit.internal.runners.model.ReflectiveCallable.run(ReflectiveCallable.java:12)
	at org.junit.runners.model.FrameworkMethod.invokeExplosively(FrameworkMethod.java:44)
	at org.junit.internal.runners.statements.InvokeMethod.evaluate(InvokeMethod.java:17)
	at org.junit.internal.runners.statements.RunBefores.evaluate(RunBefores.java:26)
	at org.junit.internal.runners.statements.RunAfters.evaluate(RunAfters.java:27)
	at org.junit.internal.runners.statements.FailOnTimeout$StatementThread.run(FailOnTimeout.java:74)
</error>
    <system-out><![CDATA[2019-09-26 10:50:56,027 [Thread-1344] WARN  server.ServerUtils (ServerUtils.java:getScmDbDir(145)) - ozone.scm.db.dirs is not configured. We recommend adding this setting. Falling back to ozone.metadata.dirs instead.
2019-09-26 10:50:56,041 [Thread-1344] WARN  server.ServerUtils (ServerUtils.java:getScmDbDir(145)) - ozone.scm.db.dirs is not configured. We recommend adding this setting. Falling back to ozone.metadata.dirs instead.
2019-09-26 10:50:56,042 [Thread-1344] WARN  server.ServerUtils (ServerUtils.java:getScmDbDir(145)) - ozone.scm.db.dirs is not configured. We recommend adding this setting. Falling back to ozone.metadata.dirs instead.
2019-09-26 10:50:56,042 [Thread-1344] INFO  db.DBStoreBuilder (DBStoreBuilder.java:addTable(110)) - using custom profile for table: deletedBlocks
2019-09-26 10:50:56,042 [Thread-1344] INFO  db.DBStoreBuilder (DBStoreBuilder.java:processTables(161)) - Using default column profile:DBProfile.DISK for Table:deletedBlocks
2019-09-26 10:50:56,043 [Thread-1344] INFO  db.DBStoreBuilder (DBStoreBuilder.java:addTable(110)) - using custom profile for table: validCerts
2019-09-26 10:50:56,043 [Thread-1344] INFO  db.DBStoreBuilder (DBStoreBuilder.java:processTables(161)) - Using default column profile:DBProfile.DISK for Table:validCerts
2019-09-26 10:50:56,043 [Thread-1344] INFO  db.DBStoreBuilder (DBStoreBuilder.java:addTable(110)) - using custom profile for table: revokedCerts
2019-09-26 10:50:56,043 [Thread-1344] INFO  db.DBStoreBuilder (DBStoreBuilder.java:processTables(161)) - Using default column profile:DBProfile.DISK for Table:revokedCerts
2019-09-26 10:50:56,043 [Thread-1344] INFO  db.DBStoreBuilder (DBStoreBuilder.java:addTable(110)) - using custom profile for table: default
2019-09-26 10:50:56,044 [Thread-1344] INFO  db.DBStoreBuilder (DBStoreBuilder.java:processTables(167)) - Using default column profile:DBProfile.DISK for Table:default
2019-09-26 10:50:56,044 [Thread-1344] INFO  db.DBStoreBuilder (DBStoreBuilder.java:getDbProfile(198)) - Using default options. DBProfile.DISK
2019-09-26 10:50:56,198 [Thread-1344] INFO  net.NodeSchemaLoader (NodeSchemaLoader.java:loadSchemaFromFile(125)) - Loading file from sun.misc.CompoundEnumeration@39f09743
2019-09-26 10:50:56,198 [Thread-1344] INFO  net.NodeSchemaLoader (NodeSchemaLoader.java:loadSchema(171)) - Loading network topology layer schema file
2019-09-26 10:50:56,204 [Thread-1344] WARN  server.ServerUtils (ServerUtils.java:sanitizeUserArgs(70)) - ozone.scm.stale.node.interval value = 300000 is larger than max = 100000 based on the key value of ozone.scm.heartbeat.thread.interval, reset to the max value 100000.
2019-09-26 10:50:56,204 [Thread-1344] WARN  server.ServerUtils (ServerUtils.java:sanitizeUserArgs(70)) - ozone.scm.stale.node.interval value = 300000 is larger than max = 100000 based on the key value of ozone.scm.heartbeat.thread.interval, reset to the max value 100000.
2019-09-26 10:50:56,204 [Thread-1344] INFO  node.SCMNodeManager (SCMNodeManager.java:<init>(114)) - Entering startup safe mode.
2019-09-26 10:50:56,205 [Thread-1344] INFO  algorithms.ContainerPlacementPolicyFactory (ContainerPlacementPolicyFactory.java:getPolicy(59)) - Create container placement policy of type org.apache.hadoop.hdds.scm.container.placement.algorithms.SCMContainerPlacementRandom
2019-09-26 10:50:56,205 [Thread-1344] WARN  server.ServerUtils (ServerUtils.java:getScmDbDir(145)) - ozone.scm.db.dirs is not configured. We recommend adding this setting. Falling back to ozone.metadata.dirs instead.
2019-09-26 10:50:56,256 [Thread-1344] INFO  pipeline.SCMPipelineManager (SCMPipelineManager.java:initializePipelineState(132)) - No pipeline exists in current db
2019-09-26 10:50:56,256 [Thread-1344] WARN  server.ServerUtils (ServerUtils.java:getScmDbDir(145)) - ozone.scm.db.dirs is not configured. We recommend adding this setting. Falling back to ozone.metadata.dirs instead.
2019-09-26 10:50:56,309 [Thread-1344] WARN  events.EventQueue (EventQueue.java:fireEvent(183)) - No event handler registered for event TypedEvent{payloadType=SafeModeStatus, name='SafeModeStatus'}
2019-09-26 10:50:56,310 [Thread-1344] INFO  ipc.CallQueueManager (CallQueueManager.java:<init>(84)) - Using callQueue: class java.util.concurrent.LinkedBlockingQueue, queueCapacity: 2000, scheduler: class org.apache.hadoop.ipc.DefaultRpcScheduler, ipcBackoff: false.
2019-09-26 10:50:56,311 [Socket Reader #1 for port 46570] INFO  ipc.Server (Server.java:run(1074)) - Starting Socket Reader #1 for port 46570
2019-09-26 10:50:56,313 [Thread-1344] INFO  ipc.CallQueueManager (CallQueueManager.java:<init>(84)) - Using callQueue: class java.util.concurrent.LinkedBlockingQueue, queueCapacity: 2000, scheduler: class org.apache.hadoop.ipc.DefaultRpcScheduler, ipcBackoff: false.
2019-09-26 10:50:56,314 [Socket Reader #1 for port 38990] INFO  ipc.Server (Server.java:run(1074)) - Starting Socket Reader #1 for port 38990
2019-09-26 10:50:56,316 [Thread-1344] INFO  ipc.CallQueueManager (CallQueueManager.java:<init>(84)) - Using callQueue: class java.util.concurrent.LinkedBlockingQueue, queueCapacity: 2000, scheduler: class org.apache.hadoop.ipc.DefaultRpcScheduler, ipcBackoff: false.
2019-09-26 10:50:56,317 [Socket Reader #1 for port 43849] INFO  ipc.Server (Server.java:run(1074)) - Starting Socket Reader #1 for port 43849
2019-09-26 10:50:56,322 [Thread-1344] INFO  hdfs.DFSUtil (DFSUtil.java:httpServerTemplateForNNAndJN(1641)) - Starting Web-server for scm at: http://0.0.0.0:0
2019-09-26 10:50:56,324 [Thread-1344] INFO  server.AuthenticationFilter (AuthenticationFilter.java:constructSecretProvider(240)) - Unable to initialize FileSignerSecretProvider, falling back to use random secrets.
2019-09-26 10:50:56,325 [Thread-1344] WARN  http.HttpRequestLog (HttpRequestLog.java:getRequestLog(97)) - Jetty request log can only be enabled using Log4j
2019-09-26 10:50:56,327 [Thread-1344] INFO  http.HttpServer2 (HttpServer2.java:addGlobalFilter(975)) - Added global filter 'safety' (class=org.apache.hadoop.http.HttpServer2$QuotingInputFilter)
2019-09-26 10:50:56,328 [Thread-1344] INFO  http.HttpServer2 (HttpServer2.java:addFilter(948)) - Added filter static_user_filter (class=org.apache.hadoop.http.lib.StaticUserWebFilter$StaticUserFilter) to context scm
2019-09-26 10:50:56,328 [Thread-1344] INFO  http.HttpServer2 (HttpServer2.java:addFilter(958)) - Added filter static_user_filter (class=org.apache.hadoop.http.lib.StaticUserWebFilter$StaticUserFilter) to context static
2019-09-26 10:50:56,328 [Thread-1344] INFO  http.HttpServer2 (HttpServer2.java:addFilter(958)) - Added filter static_user_filter (class=org.apache.hadoop.http.lib.StaticUserWebFilter$StaticUserFilter) to context logs
2019-09-26 10:50:56,330 [Thread-1344] INFO  server.StorageContainerManager (StorageContainerManager.java:start(770)) - StorageContainerLocationProtocol RPC server is listening at /0.0.0.0:43849
2019-09-26 10:50:56,332 [Thread-1344] WARN  impl.MetricsConfig (MetricsConfig.java:loadFirst(134)) - Cannot locate configuration: tried hadoop-metrics2-storagecontainermanager.properties,hadoop-metrics2.properties
2019-09-26 10:50:56,333 [Thread-1344] INFO  impl.MetricsSystemImpl (MetricsSystemImpl.java:startTimer(374)) - Scheduled Metric snapshot period at 10 second(s).
2019-09-26 10:50:56,333 [Thread-1344] INFO  impl.MetricsSystemImpl (MetricsSystemImpl.java:start(191)) - StorageContainerManager metrics system started
2019-09-26 10:50:56,403 [Thread-1344] WARN  impl.MetricsSystemImpl (MetricsSystemImpl.java:register(276)) - Sink prometheus already exists!
2019-09-26 10:50:56,443 [Thread-1344] INFO  server.SCMClientProtocolServer (SCMClientProtocolServer.java:start(151)) - RPC server for Client  is listening at /0.0.0.0:43849
2019-09-26 10:50:56,444 [IPC Server Responder] INFO  ipc.Server (Server.java:run(1314)) - IPC Server Responder: starting
2019-09-26 10:50:56,444 [IPC Server listener on 43849] INFO  ipc.Server (Server.java:run(1153)) - IPC Server listener on 43849: starting
2019-09-26 10:50:56,449 [Thread-1344] INFO  server.StorageContainerManager (StorageContainerManager.java:start(780)) - ScmBlockLocationProtocol RPC server is listening at /0.0.0.0:38990
2019-09-26 10:50:56,449 [Thread-1344] INFO  server.SCMBlockProtocolServer (SCMBlockProtocolServer.java:start(146)) - RPC server for Block Protocol is listening at /0.0.0.0:38990
2019-09-26 10:50:56,450 [IPC Server listener on 38990] INFO  ipc.Server (Server.java:run(1153)) - IPC Server listener on 38990: starting
2019-09-26 10:50:56,450 [IPC Server Responder] INFO  ipc.Server (Server.java:run(1314)) - IPC Server Responder: starting
2019-09-26 10:50:56,454 [Thread-1344] INFO  server.StorageContainerManager (StorageContainerManager.java:start(784)) - ScmDatanodeProtocl RPC server is listening at /0.0.0.0:46570
2019-09-26 10:50:56,454 [Thread-1344] INFO  server.SCMDatanodeProtocolServer (SCMDatanodeProtocolServer.java:start(191)) - RPC server for DataNodes is listening at /0.0.0.0:46570
2019-09-26 10:50:56,454 [IPC Server Responder] INFO  ipc.Server (Server.java:run(1314)) - IPC Server Responder: starting
2019-09-26 10:50:56,454 [IPC Server listener on 46570] INFO  ipc.Server (Server.java:run(1153)) - IPC Server listener on 46570: starting
2019-09-26 10:50:56,465 [Thread-1344] INFO  http.HttpServer2 (HttpServer2.java:bindListener(1191)) - Jetty bound to port 37531
2019-09-26 10:50:56,465 [Thread-1344] INFO  server.Server (Server.java:doStart(351)) - jetty-9.3.25.v20180904, build timestamp: 2018-09-04T21:11:46Z, git hash: 3ce520221d0240229c862b122d2b06c12a625732
2019-09-26 10:50:56,468 [Thread-1344] INFO  handler.ContextHandler (ContextHandler.java:doStart(781)) - Started o.e.j.s.ServletContextHandler@61f3e54c{/logs,file:///workdir/hadoop-ozone/ozonefs/target/log,AVAILABLE}
2019-09-26 10:50:56,468 [Thread-1344] INFO  handler.ContextHandler (ContextHandler.java:doStart(781)) - Started o.e.j.s.ServletContextHandler@2fc521cc{/static,jar:file:/home/user/.m2/repository/org/apache/hadoop/hadoop-hdds-server-scm/0.5.0-SNAPSHOT/hadoop-hdds-server-scm-0.5.0-SNAPSHOT.jar!/webapps/static,AVAILABLE}
2019-09-26 10:50:56,509 [Thread-1344] INFO  handler.ContextHandler (ContextHandler.java:doStart(781)) - Started o.e.j.w.WebAppContext@14627c70{/,file:///tmp/jetty-0.0.0.0-37531-scm-_-any-3553671363823792796.dir/webapp/,AVAILABLE}{/scm}
2019-09-26 10:50:56,509 [Thread-1344] INFO  server.AbstractConnector (AbstractConnector.java:doStart(278)) - Started ServerConnector@6660e407{HTTP/1.1,[http/1.1]}{0.0.0.0:37531}
2019-09-26 10:50:56,511 [Thread-1344] INFO  server.Server (Server.java:doStart(419)) - Started @91152ms
2019-09-26 10:50:56,511 [Thread-1344] WARN  impl.MetricsSystemImpl (MetricsSystemImpl.java:register(276)) - Sink prometheus already exists!
2019-09-26 10:50:56,512 [Thread-1344] INFO  server.BaseHttpServer (BaseHttpServer.java:updateConnectorAddress(215)) - HTTP server of SCM is listening at http://0.0.0.0:37531
2019-09-26 10:50:56,513 [Thread-1344] WARN  server.ServerUtils (ServerUtils.java:getDBPath(222)) - ozone.om.db.dirs is not configured. We recommend adding this setting. Falling back to ozone.metadata.dirs instead.
2019-09-26 10:50:56,514 [org.apache.hadoop.util.JvmPauseMonitor$Monitor@19f6fadc] INFO  util.JvmPauseMonitor (JvmPauseMonitor.java:run(188)) - Starting JVM pause monitor
2019-09-26 10:50:56,529 [Thread-1344] WARN  server.ServerUtils (ServerUtils.java:getDBPath(222)) - ozone.om.db.dirs is not configured. We recommend adding this setting. Falling back to ozone.metadata.dirs instead.
2019-09-26 10:50:56,529 [Thread-1344] WARN  server.ServerUtils (ServerUtils.java:getDBPath(222)) - ozone.om.db.dirs is not configured. We recommend adding this setting. Falling back to ozone.metadata.dirs instead.
2019-09-26 10:50:56,530 [Thread-1344] INFO  om.OzoneManager (OzoneManager.java:setOMNodeDetails(652)) - OM Service ID is not set. Setting it to the default ID: omServiceIdDefault
2019-09-26 10:50:56,530 [Thread-1344] INFO  om.OzoneManager (OzoneManager.java:setOMNodeDetails(658)) - OM Node ID is not set. Setting it to the OmStorage's OmID: 62dcdb5d-12ec-494a-9320-fc8e52f2f954
2019-09-26 10:50:56,530 [Thread-1344] INFO  om.OzoneManager (OzoneManager.java:loadOMHAConfigs(609)) - Found matching OM address with OMServiceId: null, OMNodeId: null, RPC Address: localhost:0 and Ratis port: 9872
2019-09-26 10:50:56,547 [Thread-1344] WARN  server.ServerUtils (ServerUtils.java:getDBPath(222)) - ozone.om.db.dirs is not configured. We recommend adding this setting. Falling back to ozone.metadata.dirs instead.
2019-09-26 10:50:56,548 [Thread-1344] INFO  db.DBStoreBuilder (DBStoreBuilder.java:addTable(110)) - using custom profile for table: userTable
2019-09-26 10:50:56,548 [Thread-1344] INFO  db.DBStoreBuilder (DBStoreBuilder.java:processTables(161)) - Using default column profile:DBProfile.DISK for Table:userTable
2019-09-26 10:50:56,548 [Thread-1344] INFO  db.DBStoreBuilder (DBStoreBuilder.java:addTable(110)) - using custom profile for table: volumeTable
2019-09-26 10:50:56,548 [Thread-1344] INFO  db.DBStoreBuilder (DBStoreBuilder.java:processTables(161)) - Using default column profile:DBProfile.DISK for Table:volumeTable
2019-09-26 10:50:56,549 [Thread-1344] INFO  db.DBStoreBuilder (DBStoreBuilder.java:addTable(110)) - using custom profile for table: bucketTable
2019-09-26 10:50:56,549 [Thread-1344] INFO  db.DBStoreBuilder (DBStoreBuilder.java:processTables(161)) - Using default column profile:DBProfile.DISK for Table:bucketTable
2019-09-26 10:50:56,549 [Thread-1344] INFO  db.DBStoreBuilder (DBStoreBuilder.java:addTable(110)) - using custom profile for table: keyTable
2019-09-26 10:50:56,549 [Thread-1344] INFO  db.DBStoreBuilder (DBStoreBuilder.java:processTables(161)) - Using default column profile:DBProfile.DISK for Table:keyTable
2019-09-26 10:50:56,549 [Thread-1344] INFO  db.DBStoreBuilder (DBStoreBuilder.java:addTable(110)) - using custom profile for table: deletedTable
2019-09-26 10:50:56,550 [Thread-1344] INFO  db.DBStoreBuilder (DBStoreBuilder.java:processTables(161)) - Using default column profile:DBProfile.DISK for Table:deletedTable
2019-09-26 10:50:56,550 [Thread-1344] INFO  db.DBStoreBuilder (DBStoreBuilder.java:addTable(110)) - using custom profile for table: openKeyTable
2019-09-26 10:50:56,550 [Thread-1344] INFO  db.DBStoreBuilder (DBStoreBuilder.java:processTables(161)) - Using default column profile:DBProfile.DISK for Table:openKeyTable
2019-09-26 10:50:56,550 [Thread-1344] INFO  db.DBStoreBuilder (DBStoreBuilder.java:addTable(110)) - using custom profile for table: s3Table
2019-09-26 10:50:56,551 [Thread-1344] INFO  db.DBStoreBuilder (DBStoreBuilder.java:processTables(161)) - Using default column profile:DBProfile.DISK for Table:s3Table
2019-09-26 10:50:56,551 [Thread-1344] INFO  db.DBStoreBuilder (DBStoreBuilder.java:addTable(110)) - using custom profile for table: multipartInfoTable
2019-09-26 10:50:56,551 [Thread-1344] INFO  db.DBStoreBuilder (DBStoreBuilder.java:processTables(161)) - Using default column profile:DBProfile.DISK for Table:multipartInfoTable
2019-09-26 10:50:56,551 [Thread-1344] INFO  db.DBStoreBuilder (DBStoreBuilder.java:addTable(110)) - using custom profile for table: dTokenTable
2019-09-26 10:50:56,551 [Thread-1344] INFO  db.DBStoreBuilder (DBStoreBuilder.java:processTables(161)) - Using default column profile:DBProfile.DISK for Table:dTokenTable
2019-09-26 10:50:56,552 [Thread-1344] INFO  db.DBStoreBuilder (DBStoreBuilder.java:addTable(110)) - using custom profile for table: s3SecretTable
2019-09-26 10:50:56,552 [Thread-1344] INFO  db.DBStoreBuilder (DBStoreBuilder.java:processTables(161)) - Using default column profile:DBProfile.DISK for Table:s3SecretTable
2019-09-26 10:50:56,552 [Thread-1344] INFO  db.DBStoreBuilder (DBStoreBuilder.java:addTable(110)) - using custom profile for table: prefixTable
2019-09-26 10:50:56,552 [Thread-1344] INFO  db.DBStoreBuilder (DBStoreBuilder.java:processTables(161)) - Using default column profile:DBProfile.DISK for Table:prefixTable
2019-09-26 10:50:56,552 [Thread-1344] INFO  db.DBStoreBuilder (DBStoreBuilder.java:addTable(110)) - using custom profile for table: default
2019-09-26 10:50:56,553 [Thread-1344] INFO  db.DBStoreBuilder (DBStoreBuilder.java:processTables(167)) - Using default column profile:DBProfile.DISK for Table:default
2019-09-26 10:50:56,553 [Thread-1344] INFO  db.DBStoreBuilder (DBStoreBuilder.java:getDbProfile(198)) - Using default options. DBProfile.DISK
2019-09-26 10:50:57,064 [Thread-1344] INFO  ipc.CallQueueManager (CallQueueManager.java:<init>(84)) - Using callQueue: class java.util.concurrent.LinkedBlockingQueue, queueCapacity: 2000, scheduler: class org.apache.hadoop.ipc.DefaultRpcScheduler, ipcBackoff: false.
2019-09-26 10:50:57,065 [Socket Reader #1 for port 42843] INFO  ipc.Server (Server.java:run(1074)) - Starting Socket Reader #1 for port 42843
2019-09-26 10:50:57,095 [Thread-1344] INFO  om.OzoneManager (OzoneManager.java:start(1243)) - OzoneManager RPC server is listening at localhost/127.0.0.1:42843
2019-09-26 10:50:57,095 [Thread-1344] INFO  impl.MetricsSystemImpl (MetricsSystemImpl.java:init(158)) - OzoneManager metrics system started (again)
2019-09-26 10:50:57,096 [IPC Server Responder] INFO  ipc.Server (Server.java:run(1314)) - IPC Server Responder: starting
2019-09-26 10:50:57,098 [IPC Server listener on 42843] INFO  ipc.Server (Server.java:run(1153)) - IPC Server listener on 42843: starting
2019-09-26 10:50:57,105 [Thread-1344] INFO  hdfs.DFSUtil (DFSUtil.java:httpServerTemplateForNNAndJN(1641)) - Starting Web-server for ozoneManager at: http://0.0.0.0:0
2019-09-26 10:50:57,108 [Thread-1344] INFO  server.AuthenticationFilter (AuthenticationFilter.java:constructSecretProvider(240)) - Unable to initialize FileSignerSecretProvider, falling back to use random secrets.
2019-09-26 10:50:57,108 [Thread-1344] WARN  http.HttpRequestLog (HttpRequestLog.java:getRequestLog(97)) - Jetty request log can only be enabled using Log4j
2019-09-26 10:50:57,111 [Thread-1344] INFO  http.HttpServer2 (HttpServer2.java:addGlobalFilter(975)) - Added global filter 'safety' (class=org.apache.hadoop.http.HttpServer2$QuotingInputFilter)
2019-09-26 10:50:57,112 [Thread-1344] INFO  http.HttpServer2 (HttpServer2.java:addFilter(948)) - Added filter static_user_filter (class=org.apache.hadoop.http.lib.StaticUserWebFilter$StaticUserFilter) to context ozoneManager
2019-09-26 10:50:57,112 [Thread-1344] INFO  http.HttpServer2 (HttpServer2.java:addFilter(958)) - Added filter static_user_filter (class=org.apache.hadoop.http.lib.StaticUserWebFilter$StaticUserFilter) to context static
2019-09-26 10:50:57,112 [Thread-1344] INFO  http.HttpServer2 (HttpServer2.java:addFilter(958)) - Added filter static_user_filter (class=org.apache.hadoop.http.lib.StaticUserWebFilter$StaticUserFilter) to context logs
2019-09-26 10:50:57,113 [Thread-1344] INFO  http.HttpServer2 (HttpServer2.java:bindListener(1191)) - Jetty bound to port 45607
2019-09-26 10:50:57,113 [Thread-1344] INFO  server.Server (Server.java:doStart(351)) - jetty-9.3.25.v20180904, build timestamp: 2018-09-04T21:11:46Z, git hash: 3ce520221d0240229c862b122d2b06c12a625732
2019-09-26 10:50:57,116 [Thread-1344] INFO  handler.ContextHandler (ContextHandler.java:doStart(781)) - Started o.e.j.s.ServletContextHandler@6c408f8e{/logs,file:///workdir/hadoop-ozone/ozonefs/target/log,AVAILABLE}
2019-09-26 10:50:57,116 [Thread-1344] INFO  handler.ContextHandler (ContextHandler.java:doStart(781)) - Started o.e.j.s.ServletContextHandler@49e36d31{/static,jar:file:/home/user/.m2/repository/org/apache/hadoop/hadoop-ozone-ozone-manager/0.5.0-SNAPSHOT/hadoop-ozone-ozone-manager-0.5.0-SNAPSHOT.jar!/webapps/static,AVAILABLE}
2019-09-26 10:50:57,179 [Thread-1344] INFO  handler.ContextHandler (ContextHandler.java:doStart(781)) - Started o.e.j.w.WebAppContext@2962901d{/,file:///tmp/jetty-0.0.0.0-45607-ozoneManager-_-any-4659052032470472644.dir/webapp/,AVAILABLE}{/ozoneManager}
2019-09-26 10:50:57,180 [Thread-1344] INFO  server.AbstractConnector (AbstractConnector.java:doStart(278)) - Started ServerConnector@77971dd1{HTTP/1.1,[http/1.1]}{0.0.0.0:45607}
2019-09-26 10:50:57,181 [Thread-1344] INFO  server.Server (Server.java:doStart(419)) - Started @91822ms
2019-09-26 10:50:57,181 [Thread-1344] WARN  impl.MetricsSystemImpl (MetricsSystemImpl.java:register(276)) - Sink prometheus already exists!
2019-09-26 10:50:57,182 [Thread-1344] INFO  server.BaseHttpServer (BaseHttpServer.java:updateConnectorAddress(215)) - HTTP server of OZONEMANAGER is listening at http://0.0.0.0:45607
2019-09-26 10:50:57,189 [Thread-1344] INFO  impl.MetricsSystemImpl (MetricsSystemImpl.java:init(158)) - HddsDatanode metrics system started (again)
2019-09-26 10:50:57,194 [Thread-1344] INFO  ozone.HddsDatanodeService (HddsDatanodeService.java:start(184)) - HddsDatanodeService host:pr-hdds-1569-wvzgm-824869521 ip:192.168.30.13
2019-09-26 10:50:57,201 [Thread-1344] INFO  volume.HddsVolume (HddsVolume.java:<init>(176)) - Creating Volume: /workdir/hadoop-ozone/ozonefs/target/test-dir/MiniOzoneClusterImpl-e5a1f7e9-60e0-4040-8834-ccfdca6954e1/datanode-0/data/containers/hdds of  storage type : DISK and capacity : 1482555576320
2019-09-26 10:50:57,201 [Thread-1344] INFO  volume.VolumeSet (VolumeSet.java:initializeVolumeSet(170)) - Added Volume : /workdir/hadoop-ozone/ozonefs/target/test-dir/MiniOzoneClusterImpl-e5a1f7e9-60e0-4040-8834-ccfdca6954e1/datanode-0/data/containers/hdds to VolumeSet
2019-09-26 10:50:57,201 [Thread-1344] INFO  volume.ThrottledAsyncChecker (ThrottledAsyncChecker.java:schedule(139)) - Scheduling a check for org.apache.hadoop.ozone.container.common.volume.HddsVolume@2a83351e
2019-09-26 10:50:57,202 [Thread-1344] INFO  volume.HddsVolumeChecker (HddsVolumeChecker.java:checkAllVolumes(202)) - Scheduled health check for volume org.apache.hadoop.ozone.container.common.volume.HddsVolume@2a83351e
2019-09-26 10:50:57,223 [Thread-1344] INFO  impl.RaftServerProxy (ConfUtils.java:logGet(43)) - raft.rpc.type = GRPC (default)
2019-09-26 10:50:57,224 [Thread-1344] INFO  grpc.GrpcFactory (GrpcFactory.java:checkPooledByteBufAllocatorUseCacheForAllThreads(45)) - PERFORMANCE WARNING: useCacheForAllThreads is true that may cause Netty to create a lot garbage objects and, as a result, trigger GC.
	It is recommended to disable useCacheForAllThreads by setting -Dorg.apache.ratis.thirdparty.io.netty.allocator.useCacheForAllThreads=false in command line.
2019-09-26 10:50:57,224 [Thread-1344] INFO  grpc.GrpcConfigKeys$Server (ConfUtils.java:logGet(43)) - raft.grpc.server.port = 0 (default)
2019-09-26 10:50:57,224 [Thread-1344] INFO  server.GrpcService (ConfUtils.java:logGet(43)) - raft.grpc.message.size.max = 33570816 (custom)
2019-09-26 10:50:57,224 [Thread-1344] INFO  server.RaftServerConfigKeys (ConfUtils.java:logGet(43)) - raft.server.log.appender.buffer.byte-limit = 33554432 (custom)
2019-09-26 10:50:57,224 [Thread-1344] INFO  server.GrpcService (ConfUtils.java:logGet(43)) - raft.grpc.flow.control.window = 1MB (=1048576) (default)
2019-09-26 10:50:57,224 [Thread-1344] INFO  server.RaftServerConfigKeys (ConfUtils.java:logGet(43)) - raft.server.rpc.request.timeout = 3000ms (default)
2019-09-26 10:50:57,225 [Thread-1344] INFO  server.RaftServerConfigKeys (ConfUtils.java:logGet(43)) - raft.server.storage.dir = [/workdir/hadoop-ozone/ozonefs/target/test-dir/MiniOzoneClusterImpl-e5a1f7e9-60e0-4040-8834-ccfdca6954e1/datanode-0/data/ratis] (custom)
2019-09-26 10:50:57,227 [Thread-1344] INFO  hdfs.DFSUtil (DFSUtil.java:httpServerTemplateForNNAndJN(1641)) - Starting Web-server for hddsDatanode at: http://0.0.0.0:0
2019-09-26 10:50:57,228 [Thread-1344] INFO  server.AuthenticationFilter (AuthenticationFilter.java:constructSecretProvider(240)) - Unable to initialize FileSignerSecretProvider, falling back to use random secrets.
2019-09-26 10:50:57,229 [Thread-1344] WARN  http.HttpRequestLog (HttpRequestLog.java:getRequestLog(97)) - Jetty request log can only be enabled using Log4j
2019-09-26 10:50:57,230 [Thread-1344] INFO  http.HttpServer2 (HttpServer2.java:addGlobalFilter(975)) - Added global filter 'safety' (class=org.apache.hadoop.http.HttpServer2$QuotingInputFilter)
2019-09-26 10:50:57,231 [Thread-1344] INFO  http.HttpServer2 (HttpServer2.java:addFilter(948)) - Added filter static_user_filter (class=org.apache.hadoop.http.lib.StaticUserWebFilter$StaticUserFilter) to context hddsDatanode
2019-09-26 10:50:57,231 [Thread-1344] INFO  http.HttpServer2 (HttpServer2.java:addFilter(958)) - Added filter static_user_filter (class=org.apache.hadoop.http.lib.StaticUserWebFilter$StaticUserFilter) to context logs
2019-09-26 10:50:57,231 [Thread-1344] INFO  http.HttpServer2 (HttpServer2.java:addFilter(958)) - Added filter static_user_filter (class=org.apache.hadoop.http.lib.StaticUserWebFilter$StaticUserFilter) to context static
2019-09-26 10:50:57,231 [Thread-1344] INFO  http.HttpServer2 (HttpServer2.java:bindListener(1191)) - Jetty bound to port 46725
2019-09-26 10:50:57,232 [Thread-1344] INFO  server.Server (Server.java:doStart(351)) - jetty-9.3.25.v20180904, build timestamp: 2018-09-04T21:11:46Z, git hash: 3ce520221d0240229c862b122d2b06c12a625732
2019-09-26 10:50:57,233 [Thread-1344] INFO  handler.ContextHandler (ContextHandler.java:doStart(781)) - Started o.e.j.s.ServletContextHandler@16bf0a09{/logs,file:///workdir/hadoop-ozone/ozonefs/target/log,AVAILABLE}
2019-09-26 10:50:57,234 [Thread-1344] INFO  handler.ContextHandler (ContextHandler.java:doStart(781)) - Started o.e.j.s.ServletContextHandler@840658f{/static,jar:file:/home/user/.m2/repository/org/apache/hadoop/hadoop-hdds-container-service/0.5.0-SNAPSHOT/hadoop-hdds-container-service-0.5.0-SNAPSHOT.jar!/webapps/static,AVAILABLE}
2019-09-26 10:50:57,260 [Thread-1344] INFO  handler.ContextHandler (ContextHandler.java:doStart(781)) - Started o.e.j.w.WebAppContext@3da744dd{/,file:///tmp/jetty-0.0.0.0-46725-hddsDatanode-_-any-4756639022383424025.dir/webapp/,AVAILABLE}{/hddsDatanode}
2019-09-26 10:50:57,261 [Thread-1344] INFO  server.AbstractConnector (AbstractConnector.java:doStart(278)) - Started ServerConnector@534b3546{HTTP/1.1,[http/1.1]}{0.0.0.0:46725}
2019-09-26 10:50:57,262 [Thread-1344] INFO  server.Server (Server.java:doStart(419)) - Started @91904ms
2019-09-26 10:50:57,262 [Thread-1344] WARN  impl.MetricsSystemImpl (MetricsSystemImpl.java:register(276)) - Sink prometheus already exists!
2019-09-26 10:50:57,267 [Thread-1344] INFO  server.BaseHttpServer (BaseHttpServer.java:updateConnectorAddress(215)) - HTTP server of HDDSDATANODE is listening at http://0.0.0.0:46725
2019-09-26 10:50:57,267 [Thread-1344] INFO  impl.MetricsSystemImpl (MetricsSystemImpl.java:init(158)) - HddsDatanode metrics system started (again)
2019-09-26 10:50:57,272 [org.apache.hadoop.util.JvmPauseMonitor$Monitor@3eeffa39] INFO  util.JvmPauseMonitor (JvmPauseMonitor.java:run(188)) - Starting JVM pause monitor
2019-09-26 10:50:57,273 [Thread-1344] INFO  ozone.HddsDatanodeService (HddsDatanodeService.java:start(184)) - HddsDatanodeService host:pr-hdds-1569-wvzgm-824869521 ip:192.168.30.13
2019-09-26 10:50:57,275 [Datanode State Machine Thread - 0] INFO  datanode.InitDatanodeState (InitDatanodeState.java:persistContainerDatanodeDetails(140)) - DatanodeDetails is persisted to /workdir/hadoop-ozone/ozonefs/target/test-dir/MiniOzoneClusterImpl-e5a1f7e9-60e0-4040-8834-ccfdca6954e1/datanode-0/meta/datanode.id
2019-09-26 10:50:57,280 [Thread-1344] INFO  volume.HddsVolume (HddsVolume.java:<init>(176)) - Creating Volume: /workdir/hadoop-ozone/ozonefs/target/test-dir/MiniOzoneClusterImpl-e5a1f7e9-60e0-4040-8834-ccfdca6954e1/datanode-1/data/containers/hdds of  storage type : DISK and capacity : 1482555576320
2019-09-26 10:50:57,280 [Thread-1344] INFO  volume.VolumeSet (VolumeSet.java:initializeVolumeSet(170)) - Added Volume : /workdir/hadoop-ozone/ozonefs/target/test-dir/MiniOzoneClusterImpl-e5a1f7e9-60e0-4040-8834-ccfdca6954e1/datanode-1/data/containers/hdds to VolumeSet
2019-09-26 10:50:57,280 [Thread-1344] INFO  volume.ThrottledAsyncChecker (ThrottledAsyncChecker.java:schedule(139)) - Scheduling a check for org.apache.hadoop.ozone.container.common.volume.HddsVolume@4c6fdcbb
2019-09-26 10:50:57,281 [Thread-1344] INFO  volume.HddsVolumeChecker (HddsVolumeChecker.java:checkAllVolumes(202)) - Scheduled health check for volume org.apache.hadoop.ozone.container.common.volume.HddsVolume@4c6fdcbb
2019-09-26 10:50:57,302 [Thread-1344] INFO  impl.RaftServerProxy (ConfUtils.java:logGet(43)) - raft.rpc.type = GRPC (default)
2019-09-26 10:50:57,302 [Thread-1344] INFO  grpc.GrpcFactory (GrpcFactory.java:checkPooledByteBufAllocatorUseCacheForAllThreads(45)) - PERFORMANCE WARNING: useCacheForAllThreads is true that may cause Netty to create a lot garbage objects and, as a result, trigger GC.
	It is recommended to disable useCacheForAllThreads by setting -Dorg.apache.ratis.thirdparty.io.netty.allocator.useCacheForAllThreads=false in command line.
2019-09-26 10:50:57,302 [Thread-1344] INFO  grpc.GrpcConfigKeys$Server (ConfUtils.java:logGet(43)) - raft.grpc.server.port = 0 (default)
2019-09-26 10:50:57,302 [Thread-1344] INFO  server.GrpcService (ConfUtils.java:logGet(43)) - raft.grpc.message.size.max = 33570816 (custom)
2019-09-26 10:50:57,303 [Thread-1344] INFO  server.RaftServerConfigKeys (ConfUtils.java:logGet(43)) - raft.server.log.appender.buffer.byte-limit = 33554432 (custom)
2019-09-26 10:50:57,303 [Thread-1344] INFO  server.GrpcService (ConfUtils.java:logGet(43)) - raft.grpc.flow.control.window = 1MB (=1048576) (default)
2019-09-26 10:50:57,303 [Thread-1344] INFO  server.RaftServerConfigKeys (ConfUtils.java:logGet(43)) - raft.server.rpc.request.timeout = 3000ms (default)
2019-09-26 10:50:57,303 [Thread-1344] INFO  server.RaftServerConfigKeys (ConfUtils.java:logGet(43)) - raft.server.storage.dir = [/workdir/hadoop-ozone/ozonefs/target/test-dir/MiniOzoneClusterImpl-e5a1f7e9-60e0-4040-8834-ccfdca6954e1/datanode-1/data/ratis] (custom)
2019-09-26 10:50:57,305 [Thread-1344] INFO  hdfs.DFSUtil (DFSUtil.java:httpServerTemplateForNNAndJN(1641)) - Starting Web-server for hddsDatanode at: http://0.0.0.0:0
2019-09-26 10:50:57,306 [Thread-1344] INFO  server.AuthenticationFilter (AuthenticationFilter.java:constructSecretProvider(240)) - Unable to initialize FileSignerSecretProvider, falling back to use random secrets.
2019-09-26 10:50:57,307 [Thread-1344] WARN  http.HttpRequestLog (HttpRequestLog.java:getRequestLog(97)) - Jetty request log can only be enabled using Log4j
2019-09-26 10:50:57,308 [Thread-1344] INFO  http.HttpServer2 (HttpServer2.java:addGlobalFilter(975)) - Added global filter 'safety' (class=org.apache.hadoop.http.HttpServer2$QuotingInputFilter)
2019-09-26 10:50:57,309 [Thread-1344] INFO  http.HttpServer2 (HttpServer2.java:addFilter(948)) - Added filter static_user_filter (class=org.apache.hadoop.http.lib.StaticUserWebFilter$StaticUserFilter) to context hddsDatanode
2019-09-26 10:50:57,309 [Thread-1344] INFO  http.HttpServer2 (HttpServer2.java:addFilter(958)) - Added filter static_user_filter (class=org.apache.hadoop.http.lib.StaticUserWebFilter$StaticUserFilter) to context logs
2019-09-26 10:50:57,309 [Thread-1344] INFO  http.HttpServer2 (HttpServer2.java:addFilter(958)) - Added filter static_user_filter (class=org.apache.hadoop.http.lib.StaticUserWebFilter$StaticUserFilter) to context static
2019-09-26 10:50:57,310 [Thread-1344] INFO  http.HttpServer2 (HttpServer2.java:bindListener(1191)) - Jetty bound to port 38576
2019-09-26 10:50:57,310 [Thread-1344] INFO  server.Server (Server.java:doStart(351)) - jetty-9.3.25.v20180904, build timestamp: 2018-09-04T21:11:46Z, git hash: 3ce520221d0240229c862b122d2b06c12a625732
2019-09-26 10:50:57,312 [Thread-1344] INFO  handler.ContextHandler (ContextHandler.java:doStart(781)) - Started o.e.j.s.ServletContextHandler@643f552c{/logs,file:///workdir/hadoop-ozone/ozonefs/target/log,AVAILABLE}
2019-09-26 10:50:57,312 [Thread-1344] INFO  handler.ContextHandler (ContextHandler.java:doStart(781)) - Started o.e.j.s.ServletContextHandler@295a3480{/static,jar:file:/home/user/.m2/repository/org/apache/hadoop/hadoop-hdds-container-service/0.5.0-SNAPSHOT/hadoop-hdds-container-service-0.5.0-SNAPSHOT.jar!/webapps/static,AVAILABLE}
2019-09-26 10:50:57,338 [Thread-1344] INFO  handler.ContextHandler (ContextHandler.java:doStart(781)) - Started o.e.j.w.WebAppContext@6827e605{/,file:///tmp/jetty-0.0.0.0-38576-hddsDatanode-_-any-5928049382644200696.dir/webapp/,AVAILABLE}{/hddsDatanode}
2019-09-26 10:50:57,339 [Thread-1344] INFO  server.AbstractConnector (AbstractConnector.java:doStart(278)) - Started ServerConnector@30ed4d7b{HTTP/1.1,[http/1.1]}{0.0.0.0:38576}
2019-09-26 10:50:57,340 [Thread-1344] INFO  server.Server (Server.java:doStart(419)) - Started @91982ms
2019-09-26 10:50:57,340 [Thread-1344] WARN  impl.MetricsSystemImpl (MetricsSystemImpl.java:register(276)) - Sink prometheus already exists!
2019-09-26 10:50:57,341 [Thread-1344] INFO  server.BaseHttpServer (BaseHttpServer.java:updateConnectorAddress(215)) - HTTP server of HDDSDATANODE is listening at http://0.0.0.0:38576
2019-09-26 10:50:57,342 [Thread-1344] INFO  impl.MetricsSystemImpl (MetricsSystemImpl.java:init(158)) - HddsDatanode metrics system started (again)
2019-09-26 10:50:57,348 [org.apache.hadoop.util.JvmPauseMonitor$Monitor@337dd705] INFO  util.JvmPauseMonitor (JvmPauseMonitor.java:run(188)) - Starting JVM pause monitor
2019-09-26 10:50:57,349 [Thread-1344] INFO  ozone.HddsDatanodeService (HddsDatanodeService.java:start(184)) - HddsDatanodeService host:pr-hdds-1569-wvzgm-824869521 ip:192.168.30.13
2019-09-26 10:50:57,351 [Datanode State Machine Thread - 0] INFO  datanode.InitDatanodeState (InitDatanodeState.java:persistContainerDatanodeDetails(140)) - DatanodeDetails is persisted to /workdir/hadoop-ozone/ozonefs/target/test-dir/MiniOzoneClusterImpl-e5a1f7e9-60e0-4040-8834-ccfdca6954e1/datanode-1/meta/datanode.id
2019-09-26 10:50:57,357 [Thread-1344] INFO  volume.HddsVolume (HddsVolume.java:<init>(176)) - Creating Volume: /workdir/hadoop-ozone/ozonefs/target/test-dir/MiniOzoneClusterImpl-e5a1f7e9-60e0-4040-8834-ccfdca6954e1/datanode-2/data/containers/hdds of  storage type : DISK and capacity : 1482555576320
2019-09-26 10:50:57,357 [Thread-1344] INFO  volume.VolumeSet (VolumeSet.java:initializeVolumeSet(170)) - Added Volume : /workdir/hadoop-ozone/ozonefs/target/test-dir/MiniOzoneClusterImpl-e5a1f7e9-60e0-4040-8834-ccfdca6954e1/datanode-2/data/containers/hdds to VolumeSet
2019-09-26 10:50:57,357 [Thread-1344] INFO  volume.ThrottledAsyncChecker (ThrottledAsyncChecker.java:schedule(139)) - Scheduling a check for org.apache.hadoop.ozone.container.common.volume.HddsVolume@1cf0cd74
2019-09-26 10:50:57,357 [Thread-1344] INFO  volume.HddsVolumeChecker (HddsVolumeChecker.java:checkAllVolumes(202)) - Scheduled health check for volume org.apache.hadoop.ozone.container.common.volume.HddsVolume@1cf0cd74
2019-09-26 10:50:57,385 [Thread-1344] INFO  impl.RaftServerProxy (ConfUtils.java:logGet(43)) - raft.rpc.type = GRPC (default)
2019-09-26 10:50:57,385 [Thread-1344] INFO  grpc.GrpcFactory (GrpcFactory.java:checkPooledByteBufAllocatorUseCacheForAllThreads(45)) - PERFORMANCE WARNING: useCacheForAllThreads is true that may cause Netty to create a lot garbage objects and, as a result, trigger GC.
	It is recommended to disable useCacheForAllThreads by setting -Dorg.apache.ratis.thirdparty.io.netty.allocator.useCacheForAllThreads=false in command line.
2019-09-26 10:50:57,385 [Thread-1344] INFO  grpc.GrpcConfigKeys$Server (ConfUtils.java:logGet(43)) - raft.grpc.server.port = 0 (default)
2019-09-26 10:50:57,385 [Thread-1344] INFO  server.GrpcService (ConfUtils.java:logGet(43)) - raft.grpc.message.size.max = 33570816 (custom)
2019-09-26 10:50:57,386 [Thread-1344] INFO  server.RaftServerConfigKeys (ConfUtils.java:logGet(43)) - raft.server.log.appender.buffer.byte-limit = 33554432 (custom)
2019-09-26 10:50:57,386 [Thread-1344] INFO  server.GrpcService (ConfUtils.java:logGet(43)) - raft.grpc.flow.control.window = 1MB (=1048576) (default)
2019-09-26 10:50:57,386 [Thread-1344] INFO  server.RaftServerConfigKeys (ConfUtils.java:logGet(43)) - raft.server.rpc.request.timeout = 3000ms (default)
2019-09-26 10:50:57,387 [Thread-1344] INFO  server.RaftServerConfigKeys (ConfUtils.java:logGet(43)) - raft.server.storage.dir = [/workdir/hadoop-ozone/ozonefs/target/test-dir/MiniOzoneClusterImpl-e5a1f7e9-60e0-4040-8834-ccfdca6954e1/datanode-2/data/ratis] (custom)
2019-09-26 10:50:57,388 [Thread-1344] INFO  hdfs.DFSUtil (DFSUtil.java:httpServerTemplateForNNAndJN(1641)) - Starting Web-server for hddsDatanode at: http://0.0.0.0:0
2019-09-26 10:50:57,390 [Thread-1344] INFO  server.AuthenticationFilter (AuthenticationFilter.java:constructSecretProvider(240)) - Unable to initialize FileSignerSecretProvider, falling back to use random secrets.
2019-09-26 10:50:57,391 [Thread-1344] WARN  http.HttpRequestLog (HttpRequestLog.java:getRequestLog(97)) - Jetty request log can only be enabled using Log4j
2019-09-26 10:50:57,393 [Thread-1344] INFO  http.HttpServer2 (HttpServer2.java:addGlobalFilter(975)) - Added global filter 'safety' (class=org.apache.hadoop.http.HttpServer2$QuotingInputFilter)
2019-09-26 10:50:57,394 [Thread-1344] INFO  http.HttpServer2 (HttpServer2.java:addFilter(948)) - Added filter static_user_filter (class=org.apache.hadoop.http.lib.StaticUserWebFilter$StaticUserFilter) to context hddsDatanode
2019-09-26 10:50:57,394 [Thread-1344] INFO  http.HttpServer2 (HttpServer2.java:addFilter(958)) - Added filter static_user_filter (class=org.apache.hadoop.http.lib.StaticUserWebFilter$StaticUserFilter) to context static
2019-09-26 10:50:57,394 [Thread-1344] INFO  http.HttpServer2 (HttpServer2.java:addFilter(958)) - Added filter static_user_filter (class=org.apache.hadoop.http.lib.StaticUserWebFilter$StaticUserFilter) to context logs
2019-09-26 10:50:57,395 [Thread-1344] INFO  http.HttpServer2 (HttpServer2.java:bindListener(1191)) - Jetty bound to port 42859
2019-09-26 10:50:57,395 [Thread-1344] INFO  server.Server (Server.java:doStart(351)) - jetty-9.3.25.v20180904, build timestamp: 2018-09-04T21:11:46Z, git hash: 3ce520221d0240229c862b122d2b06c12a625732
2019-09-26 10:50:57,398 [Thread-1344] INFO  handler.ContextHandler (ContextHandler.java:doStart(781)) - Started o.e.j.s.ServletContextHandler@2cee000{/logs,file:///workdir/hadoop-ozone/ozonefs/target/log,AVAILABLE}
2019-09-26 10:50:57,398 [Thread-1344] INFO  handler.ContextHandler (ContextHandler.java:doStart(781)) - Started o.e.j.s.ServletContextHandler@6782354{/static,jar:file:/home/user/.m2/repository/org/apache/hadoop/hadoop-hdds-container-service/0.5.0-SNAPSHOT/hadoop-hdds-container-service-0.5.0-SNAPSHOT.jar!/webapps/static,AVAILABLE}
2019-09-26 10:50:57,434 [Thread-1344] INFO  handler.ContextHandler (ContextHandler.java:doStart(781)) - Started o.e.j.w.WebAppContext@4bd372ee{/,file:///tmp/jetty-0.0.0.0-42859-hddsDatanode-_-any-4468904634358277356.dir/webapp/,AVAILABLE}{/hddsDatanode}
2019-09-26 10:50:57,434 [Thread-1344] INFO  server.AbstractConnector (AbstractConnector.java:doStart(278)) - Started ServerConnector@1f2bee3e{HTTP/1.1,[http/1.1]}{0.0.0.0:42859}
2019-09-26 10:50:57,436 [Thread-1344] INFO  server.Server (Server.java:doStart(419)) - Started @92077ms
2019-09-26 10:50:57,436 [Thread-1344] WARN  impl.MetricsSystemImpl (MetricsSystemImpl.java:register(276)) - Sink prometheus already exists!
2019-09-26 10:50:57,437 [Thread-1344] INFO  server.BaseHttpServer (BaseHttpServer.java:updateConnectorAddress(215)) - HTTP server of HDDSDATANODE is listening at http://0.0.0.0:42859
2019-09-26 10:50:57,437 [Thread-1344] INFO  ozone.MiniOzoneClusterImpl (MiniOzoneClusterImpl.java:lambda$waitForClusterToBeReady$0(147)) - Waiting for cluster to be ready. Got 0 of 3 DN Heartbeats.
2019-09-26 10:50:57,439 [org.apache.hadoop.util.JvmPauseMonitor$Monitor@5b25e781] INFO  util.JvmPauseMonitor (JvmPauseMonitor.java:run(188)) - Starting JVM pause monitor
2019-09-26 10:50:57,441 [Datanode State Machine Thread - 0] INFO  datanode.InitDatanodeState (InitDatanodeState.java:persistContainerDatanodeDetails(140)) - DatanodeDetails is persisted to /workdir/hadoop-ozone/ozonefs/target/test-dir/MiniOzoneClusterImpl-e5a1f7e9-60e0-4040-8834-ccfdca6954e1/datanode-2/meta/datanode.id
2019-09-26 10:50:58,438 [Thread-1344] INFO  ozone.MiniOzoneClusterImpl (MiniOzoneClusterImpl.java:lambda$waitForClusterToBeReady$0(147)) - Waiting for cluster to be ready. Got 0 of 3 DN Heartbeats.
2019-09-26 10:50:59,294 [Datanode State Machine Thread - 0] INFO  ozoneimpl.OzoneContainer (OzoneContainer.java:start(217)) - Attempting to start container services.
2019-09-26 10:50:59,296 [Datanode State Machine Thread - 0] INFO  ozoneimpl.OzoneContainer (OzoneContainer.java:startContainerScrub(179)) - Background container scanner has been disabled.
2019-09-26 10:50:59,296 [Datanode State Machine Thread - 0] INFO  ratis.XceiverServerRatis (XceiverServerRatis.java:start(411)) - Starting XceiverServerRatis b00632ed-38e6-4e51-aa6e-3ec570305033 at port 0
2019-09-26 10:50:59,303 [Datanode State Machine Thread - 0] INFO  impl.RaftServerProxy (RaftServerProxy.java:lambda$start$3(299)) - b00632ed-38e6-4e51-aa6e-3ec570305033: start RPC server
2019-09-26 10:50:59,306 [Datanode State Machine Thread - 0] INFO  server.GrpcService (GrpcService.java:startImpl(158)) - b00632ed-38e6-4e51-aa6e-3ec570305033: GrpcService started, listening on 0.0.0.0/0.0.0.0:40930
2019-09-26 10:50:59,306 [Datanode State Machine Thread - 0] INFO  ratis.XceiverServerRatis (XceiverServerRatis.java:start(421)) - XceiverServerRatis b00632ed-38e6-4e51-aa6e-3ec570305033 is started using port 40930
2019-09-26 10:50:59,307 [Datanode State Machine Thread - 0] INFO  server.XceiverServerGrpc (XceiverServerGrpc.java:start(149)) - XceiverServerGrpc b00632ed-38e6-4e51-aa6e-3ec570305033 is started using port 44578
2019-09-26 10:50:59,365 [Datanode State Machine Thread - 0] INFO  ozoneimpl.OzoneContainer (OzoneContainer.java:start(217)) - Attempting to start container services.
2019-09-26 10:50:59,365 [Datanode State Machine Thread - 0] INFO  ozoneimpl.OzoneContainer (OzoneContainer.java:startContainerScrub(179)) - Background container scanner has been disabled.
2019-09-26 10:50:59,366 [Datanode State Machine Thread - 0] INFO  ratis.XceiverServerRatis (XceiverServerRatis.java:start(411)) - Starting XceiverServerRatis 9a37ccb8-a0a5-45c8-9c33-1ff15e0d8b0a at port 0
2019-09-26 10:50:59,373 [Datanode State Machine Thread - 0] INFO  impl.RaftServerProxy (RaftServerProxy.java:lambda$start$3(299)) - 9a37ccb8-a0a5-45c8-9c33-1ff15e0d8b0a: start RPC server
2019-09-26 10:50:59,374 [Datanode State Machine Thread - 0] INFO  server.GrpcService (GrpcService.java:startImpl(158)) - 9a37ccb8-a0a5-45c8-9c33-1ff15e0d8b0a: GrpcService started, listening on 0.0.0.0/0.0.0.0:34216
2019-09-26 10:50:59,374 [Datanode State Machine Thread - 0] INFO  ratis.XceiverServerRatis (XceiverServerRatis.java:start(421)) - XceiverServerRatis 9a37ccb8-a0a5-45c8-9c33-1ff15e0d8b0a is started using port 34216
2019-09-26 10:50:59,377 [Datanode State Machine Thread - 0] INFO  server.XceiverServerGrpc (XceiverServerGrpc.java:start(149)) - XceiverServerGrpc 9a37ccb8-a0a5-45c8-9c33-1ff15e0d8b0a is started using port 41126
2019-09-26 10:50:59,438 [Thread-1344] INFO  ozone.MiniOzoneClusterImpl (MiniOzoneClusterImpl.java:lambda$waitForClusterToBeReady$0(147)) - Waiting for cluster to be ready. Got 0 of 3 DN Heartbeats.
2019-09-26 10:50:59,454 [Datanode State Machine Thread - 0] INFO  ozoneimpl.OzoneContainer (OzoneContainer.java:start(217)) - Attempting to start container services.
2019-09-26 10:50:59,454 [Datanode State Machine Thread - 0] INFO  ozoneimpl.OzoneContainer (OzoneContainer.java:startContainerScrub(179)) - Background container scanner has been disabled.
2019-09-26 10:50:59,454 [Datanode State Machine Thread - 0] INFO  ratis.XceiverServerRatis (XceiverServerRatis.java:start(411)) - Starting XceiverServerRatis d33bbd08-3e3e-438b-a99c-6b25309199ef at port 0
2019-09-26 10:50:59,462 [Datanode State Machine Thread - 0] INFO  impl.RaftServerProxy (RaftServerProxy.java:lambda$start$3(299)) - d33bbd08-3e3e-438b-a99c-6b25309199ef: start RPC server
2019-09-26 10:50:59,463 [Datanode State Machine Thread - 0] INFO  server.GrpcService (GrpcService.java:startImpl(158)) - d33bbd08-3e3e-438b-a99c-6b25309199ef: GrpcService started, listening on 0.0.0.0/0.0.0.0:44451
2019-09-26 10:50:59,463 [Datanode State Machine Thread - 0] INFO  ratis.XceiverServerRatis (XceiverServerRatis.java:start(421)) - XceiverServerRatis d33bbd08-3e3e-438b-a99c-6b25309199ef is started using port 44451
2019-09-26 10:50:59,464 [Datanode State Machine Thread - 0] INFO  server.XceiverServerGrpc (XceiverServerGrpc.java:start(149)) - XceiverServerGrpc d33bbd08-3e3e-438b-a99c-6b25309199ef is started using port 39295
2019-09-26 10:51:00,439 [Thread-1344] INFO  ozone.MiniOzoneClusterImpl (MiniOzoneClusterImpl.java:lambda$waitForClusterToBeReady$0(147)) - Waiting for cluster to be ready. Got 0 of 3 DN Heartbeats.
2019-09-26 10:51:01,277 [IPC Server handler 0 on 46570] INFO  net.NetworkTopology (NetworkTopologyImpl.java:add(111)) - Added a new node: /default-rack/b00632ed-38e6-4e51-aa6e-3ec570305033
2019-09-26 10:51:01,280 [IPC Server handler 0 on 46570] INFO  node.SCMNodeManager (SCMNodeManager.java:register(266)) - Registered Data node : b00632ed-38e6-4e51-aa6e-3ec570305033{ip: 192.168.30.13, host: pr-hdds-1569-wvzgm-824869521, networkLocation: /default-rack, certSerialId: null}
2019-09-26 10:51:01,280 [EventQueue-NodeRegistrationContainerReportForDataNodeSafeModeRule] INFO  safemode.SCMSafeModeManager (DataNodeSafeModeRule.java:process(71)) - SCM in safe mode. 1 DataNodes registered, 1 required.
2019-09-26 10:51:01,282 [EventQueue-NodeRegistrationContainerReportForContainerSafeModeRule] INFO  safemode.SCMSafeModeManager (SCMSafeModeManager.java:validateSafeModeExitRules(177)) - ScmSafeModeManager, all rules are successfully validated
2019-09-26 10:51:01,282 [EventQueue-NodeRegistrationContainerReportForContainerSafeModeRule] INFO  safemode.SCMSafeModeManager (SCMSafeModeManager.java:exitSafeMode(193)) - SCM exiting safe mode.
2019-09-26 10:51:01,291 [grpc-default-executor-0] INFO  impl.RaftServerProxy (RaftServerProxy.java:addNew(89)) - b00632ed-38e6-4e51-aa6e-3ec570305033: addNew group-03C97F8A8244:[b00632ed-38e6-4e51-aa6e-3ec570305033:192.168.30.13:40930] returns group-03C97F8A8244:java.util.concurrent.CompletableFuture@187d0f86[Not completed]
2019-09-26 10:51:01,293 [pool-277-thread-1] INFO  impl.RaftServerImpl (RaftServerImpl.java:<init>(95)) - b00632ed-38e6-4e51-aa6e-3ec570305033: new RaftServerImpl for group-03C97F8A8244:[b00632ed-38e6-4e51-aa6e-3ec570305033:192.168.30.13:40930] with ContainerStateMachine:uninitialized
2019-09-26 10:51:01,293 [pool-277-thread-1] INFO  server.RaftServerConfigKeys (ConfUtils.java:logGet(43)) - raft.server.rpc.timeout.min = 5s (custom)
2019-09-26 10:51:01,293 [pool-277-thread-1] INFO  server.RaftServerConfigKeys (ConfUtils.java:logGet(43)) - raft.server.rpc.timeout.max = 5200ms (custom)
2019-09-26 10:51:01,293 [pool-277-thread-1] INFO  server.RaftServerConfigKeys (ConfUtils.java:logGet(43)) - raft.server.rpcslowness.timeout = 120s (custom)
2019-09-26 10:51:01,293 [pool-277-thread-1] INFO  server.RaftServerConfigKeys (ConfUtils.java:logGet(43)) - raft.server.sleep.deviation.threshold = 300 (default)
2019-09-26 10:51:01,293 [pool-277-thread-1] INFO  server.RaftServerConfigKeys (ConfUtils.java:logGet(43)) - raft.server.log.appender.install.snapshot.enabled = false (custom)
2019-09-26 10:51:01,293 [pool-277-thread-1] INFO  impl.RaftServerImpl (ServerState.java:<init>(103)) - b00632ed-38e6-4e51-aa6e-3ec570305033@group-03C97F8A8244: ConfigurationManager, init=-1: [b00632ed-38e6-4e51-aa6e-3ec570305033:192.168.30.13:40930], old=null, confs=<EMPTY_MAP>
2019-09-26 10:51:01,293 [pool-277-thread-1] INFO  server.RaftServerConfigKeys (ConfUtils.java:logGet(43)) - raft.server.storage.dir = [/workdir/hadoop-ozone/ozonefs/target/test-dir/MiniOzoneClusterImpl-e5a1f7e9-60e0-4040-8834-ccfdca6954e1/datanode-0/data/ratis] (custom)
2019-09-26 10:51:01,295 [pool-277-thread-1] INFO  storage.RaftStorageDirectory (RaftStorageDirectory.java:analyzeStorage(246)) - The storage directory /workdir/hadoop-ozone/ozonefs/target/test-dir/MiniOzoneClusterImpl-e5a1f7e9-60e0-4040-8834-ccfdca6954e1/datanode-0/data/ratis/5499d16f-6472-448b-98a6-03c97f8a8244 does not exist. Creating ...
2019-09-26 10:51:01,308 [pool-277-thread-1] INFO  storage.RaftStorageDirectory (RaftStorageDirectory.java:tryLock(328)) - Lock on /workdir/hadoop-ozone/ozonefs/target/test-dir/MiniOzoneClusterImpl-e5a1f7e9-60e0-4040-8834-ccfdca6954e1/datanode-0/data/ratis/5499d16f-6472-448b-98a6-03c97f8a8244/in_use.lock acquired by nodename 25633@pr-hdds-1569-wvzgm-824869521
2019-09-26 10:51:01,321 [pool-277-thread-1] INFO  storage.RaftStorage (RaftStorage.java:format(72)) - Storage directory /workdir/hadoop-ozone/ozonefs/target/test-dir/MiniOzoneClusterImpl-e5a1f7e9-60e0-4040-8834-ccfdca6954e1/datanode-0/data/ratis/5499d16f-6472-448b-98a6-03c97f8a8244 has been successfully formatted.
2019-09-26 10:51:01,322 [pool-277-thread-1] INFO  ratis.ContainerStateMachine (ContainerStateMachine.java:loadSnapshot(230)) - group-03C97F8A8244: The snapshot info is null. Setting the last applied indexto:(t:0, i:~)
2019-09-26 10:51:01,322 [pool-277-thread-1] INFO  server.RaftServerConfigKeys (ConfUtils.java:logGet(43)) - raft.server.notification.no-leader.timeout = 120s (custom)
2019-09-26 10:51:01,322 [pool-277-thread-1] INFO  server.RaftServerConfigKeys (ConfUtils.java:logGet(43)) - raft.server.log.use.memory = false (default)
2019-09-26 10:51:01,322 [pool-277-thread-1] INFO  server.RaftServerConfigKeys (ConfUtils.java:logGet(43)) - raft.server.log.purge.gap = 1000000 (custom)
2019-09-26 10:51:01,322 [pool-277-thread-1] INFO  server.RaftServerConfigKeys (ConfUtils.java:logGet(43)) - raft.server.log.appender.buffer.byte-limit = 33554432 (custom)
2019-09-26 10:51:01,322 [pool-277-thread-1] INFO  server.RaftServerConfigKeys (ConfUtils.java:logGet(43)) - raft.server.log.segment.size.max = 1048576 (custom)
2019-09-26 10:51:01,322 [pool-277-thread-1] INFO  server.RaftServerConfigKeys (ConfUtils.java:logGet(43)) - raft.server.log.segment.cache.num.max = 2 (custom)
2019-09-26 10:51:01,322 [pool-277-thread-1] INFO  segmented.SegmentedRaftLogWorker (SegmentedRaftLogWorker.java:<init>(172)) - new b00632ed-38e6-4e51-aa6e-3ec570305033@group-03C97F8A8244-SegmentedRaftLogWorker for RaftStorage:Storage Directory /workdir/hadoop-ozone/ozonefs/target/test-dir/MiniOzoneClusterImpl-e5a1f7e9-60e0-4040-8834-ccfdca6954e1/datanode-0/data/ratis/5499d16f-6472-448b-98a6-03c97f8a8244
2019-09-26 10:51:01,324 [pool-277-thread-1] INFO  server.RaftServerConfigKeys (ConfUtils.java:logGet(43)) - raft.server.log.queue.byte-limit = 2147483647 (custom)
2019-09-26 10:51:01,324 [pool-277-thread-1] INFO  server.RaftServerConfigKeys (ConfUtils.java:logGet(43)) - raft.server.log.queue.element-limit = 1024 (custom)
2019-09-26 10:51:01,324 [pool-277-thread-1] INFO  server.RaftServerConfigKeys (ConfUtils.java:logGet(43)) - raft.server.log.segment.size.max = 1048576 (custom)
2019-09-26 10:51:01,324 [pool-277-thread-1] INFO  server.RaftServerConfigKeys (ConfUtils.java:logGet(43)) - raft.server.log.preallocated.size = 16384 (custom)
2019-09-26 10:51:01,325 [pool-277-thread-1] INFO  server.RaftServerConfigKeys (ConfUtils.java:logGet(43)) - raft.server.log.write.buffer.size = 33554432 (custom)
2019-09-26 10:51:01,325 [pool-277-thread-1] INFO  server.RaftServerConfigKeys (ConfUtils.java:logGet(43)) - raft.server.log.force.sync.num = 128 (default)
2019-09-26 10:51:01,325 [pool-277-thread-1] INFO  server.RaftServerConfigKeys (ConfUtils.java:logGet(43)) - raft.server.log.statemachine.data.sync = true (default)
2019-09-26 10:51:01,325 [pool-277-thread-1] INFO  server.RaftServerConfigKeys (ConfUtils.java:logGet(43)) - raft.server.log.statemachine.data.sync.timeout = 10s (default)
2019-09-26 10:51:01,325 [pool-277-thread-1] INFO  server.RaftServerConfigKeys (ConfUtils.java:logGet(43)) - raft.server.log.statemachine.data.sync.timeout.retry = -1 (default)
2019-09-26 10:51:01,325 [pool-277-thread-1] INFO  server.RaftServerConfigKeys (ConfUtils.java:logGet(43)) - raft.server.log.statemachine.data.caching.enabled = true (custom)
2019-09-26 10:51:01,326 [pool-277-thread-1] INFO  segmented.SegmentedRaftLogWorker (SegmentedRaftLogWorker.java:lambda$new$0(132)) - b00632ed-38e6-4e51-aa6e-3ec570305033@group-03C97F8A8244-SegmentedRaftLogWorker: flushIndex: setUnconditionally 0 -> -1
2019-09-26 10:51:01,326 [pool-277-thread-1] INFO  server.RaftServerConfigKeys (ConfUtils.java:logGet(43)) - raft.server.snapshot.auto.trigger.enabled = true (custom)
2019-09-26 10:51:01,326 [pool-277-thread-1] INFO  server.RaftServerConfigKeys (ConfUtils.java:logGet(43)) - raft.server.snapshot.auto.trigger.threshold = 10000 (custom)
2019-09-26 10:51:01,326 [pool-277-thread-1] INFO  server.RaftServerConfigKeys (ConfUtils.java:logGet(43)) - raft.server.snapshot.retention.num.files = 5 (custom)
2019-09-26 10:51:01,326 [pool-277-thread-1] INFO  server.RaftServerConfigKeys (ConfUtils.java:logGet(43)) - raft.server.retrycache.expirytime = 600000ms (custom)
2019-09-26 10:51:01,327 [pool-277-thread-1] INFO  impl.RaftServerImpl (RaftServerImpl.java:start(185)) - b00632ed-38e6-4e51-aa6e-3ec570305033@group-03C97F8A8244: start as a follower, conf=-1: [b00632ed-38e6-4e51-aa6e-3ec570305033:192.168.30.13:40930], old=null
2019-09-26 10:51:01,328 [pool-277-thread-1] INFO  impl.RaftServerImpl (RaftServerImpl.java:setRole(174)) - b00632ed-38e6-4e51-aa6e-3ec570305033@group-03C97F8A8244: changes role from      null to FOLLOWER at term 0 for startAsFollower
2019-09-26 10:51:01,328 [pool-277-thread-1] INFO  impl.RoleInfo (RoleInfo.java:updateAndGet(143)) - b00632ed-38e6-4e51-aa6e-3ec570305033: start FollowerState
2019-09-26 10:51:01,328 [pool-277-thread-1] INFO  util.JmxRegister (JmxRegister.java:tryRegister(44)) - Successfully registered JMX Bean with object name Ratis:service=RaftServer,group=group-03C97F8A8244,id=b00632ed-38e6-4e51-aa6e-3ec570305033
2019-09-26 10:51:01,331 [RatisPipelineUtilsThread] INFO  pipeline.PipelineStateManager (PipelineStateManager.java:addPipeline(56)) - Created pipeline Pipeline[ Id: 5499d16f-6472-448b-98a6-03c97f8a8244, Nodes: b00632ed-38e6-4e51-aa6e-3ec570305033{ip: 192.168.30.13, host: pr-hdds-1569-wvzgm-824869521, networkLocation: /default-rack, certSerialId: null}, Type:RATIS, Factor:ONE, State:OPEN]
2019-09-26 10:51:01,337 [grpc-default-executor-0] INFO  impl.RaftServerProxy (RaftServerProxy.java:addNew(89)) - b00632ed-38e6-4e51-aa6e-3ec570305033: addNew group-3D6998F73D2D:[b00632ed-38e6-4e51-aa6e-3ec570305033:192.168.30.13:40930] returns group-3D6998F73D2D:java.util.concurrent.CompletableFuture@29af95fe[Not completed]
2019-09-26 10:51:01,337 [pool-277-thread-1] INFO  impl.RaftServerImpl (RaftServerImpl.java:<init>(95)) - b00632ed-38e6-4e51-aa6e-3ec570305033: new RaftServerImpl for group-3D6998F73D2D:[b00632ed-38e6-4e51-aa6e-3ec570305033:192.168.30.13:40930] with ContainerStateMachine:uninitialized
2019-09-26 10:51:01,338 [pool-277-thread-1] INFO  server.RaftServerConfigKeys (ConfUtils.java:logGet(43)) - raft.server.rpc.timeout.min = 5s (custom)
2019-09-26 10:51:01,338 [pool-277-thread-1] INFO  server.RaftServerConfigKeys (ConfUtils.java:logGet(43)) - raft.server.rpc.timeout.max = 5200ms (custom)
2019-09-26 10:51:01,338 [pool-277-thread-1] INFO  server.RaftServerConfigKeys (ConfUtils.java:logGet(43)) - raft.server.rpcslowness.timeout = 120s (custom)
2019-09-26 10:51:01,338 [pool-277-thread-1] INFO  server.RaftServerConfigKeys (ConfUtils.java:logGet(43)) - raft.server.sleep.deviation.threshold = 300 (default)
2019-09-26 10:51:01,338 [pool-277-thread-1] INFO  server.RaftServerConfigKeys (ConfUtils.java:logGet(43)) - raft.server.log.appender.install.snapshot.enabled = false (custom)
2019-09-26 10:51:01,338 [pool-277-thread-1] INFO  impl.RaftServerImpl (ServerState.java:<init>(103)) - b00632ed-38e6-4e51-aa6e-3ec570305033@group-3D6998F73D2D: ConfigurationManager, init=-1: [b00632ed-38e6-4e51-aa6e-3ec570305033:192.168.30.13:40930], old=null, confs=<EMPTY_MAP>
2019-09-26 10:51:01,338 [pool-277-thread-1] INFO  server.RaftServerConfigKeys (ConfUtils.java:logGet(43)) - raft.server.storage.dir = [/workdir/hadoop-ozone/ozonefs/target/test-dir/MiniOzoneClusterImpl-e5a1f7e9-60e0-4040-8834-ccfdca6954e1/datanode-0/data/ratis] (custom)
2019-09-26 10:51:01,339 [pool-277-thread-1] INFO  storage.RaftStorageDirectory (RaftStorageDirectory.java:analyzeStorage(246)) - The storage directory /workdir/hadoop-ozone/ozonefs/target/test-dir/MiniOzoneClusterImpl-e5a1f7e9-60e0-4040-8834-ccfdca6954e1/datanode-0/data/ratis/34de2189-4ccb-4848-bc2d-3d6998f73d2d does not exist. Creating ...
2019-09-26 10:51:01,350 [IPC Server handler 1 on 46570] INFO  net.NetworkTopology (NetworkTopologyImpl.java:add(111)) - Added a new node: /default-rack/9a37ccb8-a0a5-45c8-9c33-1ff15e0d8b0a
2019-09-26 10:51:01,350 [IPC Server handler 1 on 46570] INFO  node.SCMNodeManager (SCMNodeManager.java:register(266)) - Registered Data node : 9a37ccb8-a0a5-45c8-9c33-1ff15e0d8b0a{ip: 192.168.30.13, host: pr-hdds-1569-wvzgm-824869521, networkLocation: /default-rack, certSerialId: null}
2019-09-26 10:51:01,351 [pool-277-thread-1] INFO  storage.RaftStorageDirectory (RaftStorageDirectory.java:tryLock(328)) - Lock on /workdir/hadoop-ozone/ozonefs/target/test-dir/MiniOzoneClusterImpl-e5a1f7e9-60e0-4040-8834-ccfdca6954e1/datanode-0/data/ratis/34de2189-4ccb-4848-bc2d-3d6998f73d2d/in_use.lock acquired by nodename 25633@pr-hdds-1569-wvzgm-824869521
2019-09-26 10:51:01,364 [pool-277-thread-1] INFO  storage.RaftStorage (RaftStorage.java:format(72)) - Storage directory /workdir/hadoop-ozone/ozonefs/target/test-dir/MiniOzoneClusterImpl-e5a1f7e9-60e0-4040-8834-ccfdca6954e1/datanode-0/data/ratis/34de2189-4ccb-4848-bc2d-3d6998f73d2d has been successfully formatted.
2019-09-26 10:51:01,365 [pool-277-thread-1] INFO  ratis.ContainerStateMachine (ContainerStateMachine.java:loadSnapshot(230)) - group-3D6998F73D2D: The snapshot info is null. Setting the last applied indexto:(t:0, i:~)
2019-09-26 10:51:01,365 [pool-277-thread-1] INFO  server.RaftServerConfigKeys (ConfUtils.java:logGet(43)) - raft.server.notification.no-leader.timeout = 120s (custom)
2019-09-26 10:51:01,365 [pool-277-thread-1] INFO  server.RaftServerConfigKeys (ConfUtils.java:logGet(43)) - raft.server.log.use.memory = false (default)
2019-09-26 10:51:01,365 [pool-277-thread-1] INFO  server.RaftServerConfigKeys (ConfUtils.java:logGet(43)) - raft.server.log.purge.gap = 1000000 (custom)
2019-09-26 10:51:01,365 [pool-277-thread-1] INFO  server.RaftServerConfigKeys (ConfUtils.java:logGet(43)) - raft.server.log.appender.buffer.byte-limit = 33554432 (custom)
2019-09-26 10:51:01,365 [pool-277-thread-1] INFO  server.RaftServerConfigKeys (ConfUtils.java:logGet(43)) - raft.server.log.segment.size.max = 1048576 (custom)
2019-09-26 10:51:01,366 [pool-277-thread-1] INFO  server.RaftServerConfigKeys (ConfUtils.java:logGet(43)) - raft.server.log.segment.cache.num.max = 2 (custom)
2019-09-26 10:51:01,366 [pool-277-thread-1] INFO  segmented.SegmentedRaftLogWorker (SegmentedRaftLogWorker.java:<init>(172)) - new b00632ed-38e6-4e51-aa6e-3ec570305033@group-3D6998F73D2D-SegmentedRaftLogWorker for RaftStorage:Storage Directory /workdir/hadoop-ozone/ozonefs/target/test-dir/MiniOzoneClusterImpl-e5a1f7e9-60e0-4040-8834-ccfdca6954e1/datanode-0/data/ratis/34de2189-4ccb-4848-bc2d-3d6998f73d2d
2019-09-26 10:51:01,366 [pool-277-thread-1] INFO  server.RaftServerConfigKeys (ConfUtils.java:logGet(43)) - raft.server.log.queue.byte-limit = 2147483647 (custom)
2019-09-26 10:51:01,366 [pool-277-thread-1] INFO  server.RaftServerConfigKeys (ConfUtils.java:logGet(43)) - raft.server.log.queue.element-limit = 1024 (custom)
2019-09-26 10:51:01,366 [pool-277-thread-1] INFO  server.RaftServerConfigKeys (ConfUtils.java:logGet(43)) - raft.server.log.segment.size.max = 1048576 (custom)
2019-09-26 10:51:01,366 [pool-277-thread-1] INFO  server.RaftServerConfigKeys (ConfUtils.java:logGet(43)) - raft.server.log.preallocated.size = 16384 (custom)
2019-09-26 10:51:01,367 [pool-277-thread-1] INFO  server.RaftServerConfigKeys (ConfUtils.java:logGet(43)) - raft.server.log.write.buffer.size = 33554432 (custom)
2019-09-26 10:51:01,367 [pool-277-thread-1] INFO  server.RaftServerConfigKeys (ConfUtils.java:logGet(43)) - raft.server.log.force.sync.num = 128 (default)
2019-09-26 10:51:01,367 [pool-277-thread-1] INFO  server.RaftServerConfigKeys (ConfUtils.java:logGet(43)) - raft.server.log.statemachine.data.sync = true (default)
2019-09-26 10:51:01,367 [pool-277-thread-1] INFO  server.RaftServerConfigKeys (ConfUtils.java:logGet(43)) - raft.server.log.statemachine.data.sync.timeout = 10s (default)
2019-09-26 10:51:01,367 [pool-277-thread-1] INFO  server.RaftServerConfigKeys (ConfUtils.java:logGet(43)) - raft.server.log.statemachine.data.sync.timeout.retry = -1 (default)
2019-09-26 10:51:01,367 [pool-277-thread-1] INFO  server.RaftServerConfigKeys (ConfUtils.java:logGet(43)) - raft.server.log.statemachine.data.caching.enabled = true (custom)
2019-09-26 10:51:01,368 [pool-277-thread-1] INFO  segmented.SegmentedRaftLogWorker (SegmentedRaftLogWorker.java:lambda$new$0(132)) - b00632ed-38e6-4e51-aa6e-3ec570305033@group-3D6998F73D2D-SegmentedRaftLogWorker: flushIndex: setUnconditionally 0 -> -1
2019-09-26 10:51:01,368 [pool-277-thread-1] INFO  server.RaftServerConfigKeys (ConfUtils.java:logGet(43)) - raft.server.snapshot.auto.trigger.enabled = true (custom)
2019-09-26 10:51:01,368 [pool-277-thread-1] INFO  server.RaftServerConfigKeys (ConfUtils.java:logGet(43)) - raft.server.snapshot.auto.trigger.threshold = 10000 (custom)
2019-09-26 10:51:01,368 [pool-277-thread-1] INFO  server.RaftServerConfigKeys (ConfUtils.java:logGet(43)) - raft.server.snapshot.retention.num.files = 5 (custom)
2019-09-26 10:51:01,368 [pool-277-thread-1] INFO  server.RaftServerConfigKeys (ConfUtils.java:logGet(43)) - raft.server.retrycache.expirytime = 600000ms (custom)
2019-09-26 10:51:01,370 [pool-277-thread-1] INFO  impl.RaftServerImpl (RaftServerImpl.java:start(185)) - b00632ed-38e6-4e51-aa6e-3ec570305033@group-3D6998F73D2D: start as a follower, conf=-1: [b00632ed-38e6-4e51-aa6e-3ec570305033:192.168.30.13:40930], old=null
2019-09-26 10:51:01,370 [pool-277-thread-1] INFO  impl.RaftServerImpl (RaftServerImpl.java:setRole(174)) - b00632ed-38e6-4e51-aa6e-3ec570305033@group-3D6998F73D2D: changes role from      null to FOLLOWER at term 0 for startAsFollower
2019-09-26 10:51:01,370 [pool-277-thread-1] INFO  impl.RoleInfo (RoleInfo.java:updateAndGet(143)) - b00632ed-38e6-4e51-aa6e-3ec570305033: start FollowerState
2019-09-26 10:51:01,371 [pool-277-thread-1] INFO  util.JmxRegister (JmxRegister.java:tryRegister(44)) - Successfully registered JMX Bean with object name Ratis:service=RaftServer,group=group-3D6998F73D2D,id=b00632ed-38e6-4e51-aa6e-3ec570305033
2019-09-26 10:51:01,373 [RatisPipelineUtilsThread] INFO  pipeline.PipelineStateManager (PipelineStateManager.java:addPipeline(56)) - Created pipeline Pipeline[ Id: 34de2189-4ccb-4848-bc2d-3d6998f73d2d, Nodes: b00632ed-38e6-4e51-aa6e-3ec570305033{ip: 192.168.30.13, host: pr-hdds-1569-wvzgm-824869521, networkLocation: /default-rack, certSerialId: null}, Type:RATIS, Factor:ONE, State:OPEN]
2019-09-26 10:51:01,378 [grpc-default-executor-0] INFO  impl.RaftServerProxy (RaftServerProxy.java:addNew(89)) - b00632ed-38e6-4e51-aa6e-3ec570305033: addNew group-7E8D26F43ED7:[b00632ed-38e6-4e51-aa6e-3ec570305033:192.168.30.13:40930] returns group-7E8D26F43ED7:java.util.concurrent.CompletableFuture@7852f0c9[Not completed]
2019-09-26 10:51:01,379 [pool-277-thread-1] INFO  impl.RaftServerImpl (RaftServerImpl.java:<init>(95)) - b00632ed-38e6-4e51-aa6e-3ec570305033: new RaftServerImpl for group-7E8D26F43ED7:[b00632ed-38e6-4e51-aa6e-3ec570305033:192.168.30.13:40930] with ContainerStateMachine:uninitialized
2019-09-26 10:51:01,379 [pool-277-thread-1] INFO  server.RaftServerConfigKeys (ConfUtils.java:logGet(43)) - raft.server.rpc.timeout.min = 5s (custom)
2019-09-26 10:51:01,380 [pool-277-thread-1] INFO  server.RaftServerConfigKeys (ConfUtils.java:logGet(43)) - raft.server.rpc.timeout.max = 5200ms (custom)
2019-09-26 10:51:01,380 [pool-277-thread-1] INFO  server.RaftServerConfigKeys (ConfUtils.java:logGet(43)) - raft.server.rpcslowness.timeout = 120s (custom)
2019-09-26 10:51:01,380 [pool-277-thread-1] INFO  server.RaftServerConfigKeys (ConfUtils.java:logGet(43)) - raft.server.sleep.deviation.threshold = 300 (default)
2019-09-26 10:51:01,380 [pool-277-thread-1] INFO  server.RaftServerConfigKeys (ConfUtils.java:logGet(43)) - raft.server.log.appender.install.snapshot.enabled = false (custom)
2019-09-26 10:51:01,380 [pool-277-thread-1] INFO  impl.RaftServerImpl (ServerState.java:<init>(103)) - b00632ed-38e6-4e51-aa6e-3ec570305033@group-7E8D26F43ED7: ConfigurationManager, init=-1: [b00632ed-38e6-4e51-aa6e-3ec570305033:192.168.30.13:40930], old=null, confs=<EMPTY_MAP>
2019-09-26 10:51:01,380 [pool-277-thread-1] INFO  server.RaftServerConfigKeys (ConfUtils.java:logGet(43)) - raft.server.storage.dir = [/workdir/hadoop-ozone/ozonefs/target/test-dir/MiniOzoneClusterImpl-e5a1f7e9-60e0-4040-8834-ccfdca6954e1/datanode-0/data/ratis] (custom)
2019-09-26 10:51:01,381 [pool-277-thread-1] INFO  storage.RaftStorageDirectory (RaftStorageDirectory.java:analyzeStorage(246)) - The storage directory /workdir/hadoop-ozone/ozonefs/target/test-dir/MiniOzoneClusterImpl-e5a1f7e9-60e0-4040-8834-ccfdca6954e1/datanode-0/data/ratis/23ddd2f1-2516-44ea-834b-7e8d26f43ed7 does not exist. Creating ...
2019-09-26 10:51:01,393 [pool-277-thread-1] INFO  storage.RaftStorageDirectory (RaftStorageDirectory.java:tryLock(328)) - Lock on /workdir/hadoop-ozone/ozonefs/target/test-dir/MiniOzoneClusterImpl-e5a1f7e9-60e0-4040-8834-ccfdca6954e1/datanode-0/data/ratis/23ddd2f1-2516-44ea-834b-7e8d26f43ed7/in_use.lock acquired by nodename 25633@pr-hdds-1569-wvzgm-824869521
2019-09-26 10:51:01,406 [pool-277-thread-1] INFO  storage.RaftStorage (RaftStorage.java:format(72)) - Storage directory /workdir/hadoop-ozone/ozonefs/target/test-dir/MiniOzoneClusterImpl-e5a1f7e9-60e0-4040-8834-ccfdca6954e1/datanode-0/data/ratis/23ddd2f1-2516-44ea-834b-7e8d26f43ed7 has been successfully formatted.
2019-09-26 10:51:01,407 [pool-277-thread-1] INFO  ratis.ContainerStateMachine (ContainerStateMachine.java:loadSnapshot(230)) - group-7E8D26F43ED7: The snapshot info is null. Setting the last applied indexto:(t:0, i:~)
2019-09-26 10:51:01,407 [pool-277-thread-1] INFO  server.RaftServerConfigKeys (ConfUtils.java:logGet(43)) - raft.server.notification.no-leader.timeout = 120s (custom)
2019-09-26 10:51:01,407 [pool-277-thread-1] INFO  server.RaftServerConfigKeys (ConfUtils.java:logGet(43)) - raft.server.log.use.memory = false (default)
2019-09-26 10:51:01,407 [pool-277-thread-1] INFO  server.RaftServerConfigKeys (ConfUtils.java:logGet(43)) - raft.server.log.purge.gap = 1000000 (custom)
2019-09-26 10:51:01,407 [pool-277-thread-1] INFO  server.RaftServerConfigKeys (ConfUtils.java:logGet(43)) - raft.server.log.appender.buffer.byte-limit = 33554432 (custom)
2019-09-26 10:51:01,407 [pool-277-thread-1] INFO  server.RaftServerConfigKeys (ConfUtils.java:logGet(43)) - raft.server.log.segment.size.max = 1048576 (custom)
2019-09-26 10:51:01,407 [pool-277-thread-1] INFO  server.RaftServerConfigKeys (ConfUtils.java:logGet(43)) - raft.server.log.segment.cache.num.max = 2 (custom)
2019-09-26 10:51:01,407 [pool-277-thread-1] INFO  segmented.SegmentedRaftLogWorker (SegmentedRaftLogWorker.java:<init>(172)) - new b00632ed-38e6-4e51-aa6e-3ec570305033@group-7E8D26F43ED7-SegmentedRaftLogWorker for RaftStorage:Storage Directory /workdir/hadoop-ozone/ozonefs/target/test-dir/MiniOzoneClusterImpl-e5a1f7e9-60e0-4040-8834-ccfdca6954e1/datanode-0/data/ratis/23ddd2f1-2516-44ea-834b-7e8d26f43ed7
2019-09-26 10:51:01,408 [pool-277-thread-1] INFO  server.RaftServerConfigKeys (ConfUtils.java:logGet(43)) - raft.server.log.queue.byte-limit = 2147483647 (custom)
2019-09-26 10:51:01,408 [pool-277-thread-1] INFO  server.RaftServerConfigKeys (ConfUtils.java:logGet(43)) - raft.server.log.queue.element-limit = 1024 (custom)
2019-09-26 10:51:01,408 [pool-277-thread-1] INFO  server.RaftServerConfigKeys (ConfUtils.java:logGet(43)) - raft.server.log.segment.size.max = 1048576 (custom)
2019-09-26 10:51:01,408 [pool-277-thread-1] INFO  server.RaftServerConfigKeys (ConfUtils.java:logGet(43)) - raft.server.log.preallocated.size = 16384 (custom)
2019-09-26 10:51:01,408 [pool-277-thread-1] INFO  server.RaftServerConfigKeys (ConfUtils.java:logGet(43)) - raft.server.log.write.buffer.size = 33554432 (custom)
2019-09-26 10:51:01,408 [pool-277-thread-1] INFO  server.RaftServerConfigKeys (ConfUtils.java:logGet(43)) - raft.server.log.force.sync.num = 128 (default)
2019-09-26 10:51:01,408 [pool-277-thread-1] INFO  server.RaftServerConfigKeys (ConfUtils.java:logGet(43)) - raft.server.log.statemachine.data.sync = true (default)
2019-09-26 10:51:01,408 [pool-277-thread-1] INFO  server.RaftServerConfigKeys (ConfUtils.java:logGet(43)) - raft.server.log.statemachine.data.sync.timeout = 10s (default)
2019-09-26 10:51:01,409 [pool-277-thread-1] INFO  server.RaftServerConfigKeys (ConfUtils.java:logGet(43)) - raft.server.log.statemachine.data.sync.timeout.retry = -1 (default)
2019-09-26 10:51:01,409 [pool-277-thread-1] INFO  server.RaftServerConfigKeys (ConfUtils.java:logGet(43)) - raft.server.log.statemachine.data.caching.enabled = true (custom)
2019-09-26 10:51:01,409 [pool-277-thread-1] INFO  segmented.SegmentedRaftLogWorker (SegmentedRaftLogWorker.java:lambda$new$0(132)) - b00632ed-38e6-4e51-aa6e-3ec570305033@group-7E8D26F43ED7-SegmentedRaftLogWorker: flushIndex: setUnconditionally 0 -> -1
2019-09-26 10:51:01,409 [pool-277-thread-1] INFO  server.RaftServerConfigKeys (ConfUtils.java:logGet(43)) - raft.server.snapshot.auto.trigger.enabled = true (custom)
2019-09-26 10:51:01,409 [pool-277-thread-1] INFO  server.RaftServerConfigKeys (ConfUtils.java:logGet(43)) - raft.server.snapshot.auto.trigger.threshold = 10000 (custom)
2019-09-26 10:51:01,409 [pool-277-thread-1] INFO  server.RaftServerConfigKeys (ConfUtils.java:logGet(43)) - raft.server.snapshot.retention.num.files = 5 (custom)
2019-09-26 10:51:01,410 [pool-277-thread-1] INFO  server.RaftServerConfigKeys (ConfUtils.java:logGet(43)) - raft.server.retrycache.expirytime = 600000ms (custom)
2019-09-26 10:51:01,411 [pool-277-thread-1] INFO  impl.RaftServerImpl (RaftServerImpl.java:start(185)) - b00632ed-38e6-4e51-aa6e-3ec570305033@group-7E8D26F43ED7: start as a follower, conf=-1: [b00632ed-38e6-4e51-aa6e-3ec570305033:192.168.30.13:40930], old=null
2019-09-26 10:51:01,411 [pool-277-thread-1] INFO  impl.RaftServerImpl (RaftServerImpl.java:setRole(174)) - b00632ed-38e6-4e51-aa6e-3ec570305033@group-7E8D26F43ED7: changes role from      null to FOLLOWER at term 0 for startAsFollower
2019-09-26 10:51:01,411 [pool-277-thread-1] INFO  impl.RoleInfo (RoleInfo.java:updateAndGet(143)) - b00632ed-38e6-4e51-aa6e-3ec570305033: start FollowerState
2019-09-26 10:51:01,412 [pool-277-thread-1] INFO  util.JmxRegister (JmxRegister.java:tryRegister(44)) - Successfully registered JMX Bean with object name Ratis:service=RaftServer,group=group-7E8D26F43ED7,id=b00632ed-38e6-4e51-aa6e-3ec570305033
2019-09-26 10:51:01,414 [RatisPipelineUtilsThread] INFO  pipeline.PipelineStateManager (PipelineStateManager.java:addPipeline(56)) - Created pipeline Pipeline[ Id: 23ddd2f1-2516-44ea-834b-7e8d26f43ed7, Nodes: b00632ed-38e6-4e51-aa6e-3ec570305033{ip: 192.168.30.13, host: pr-hdds-1569-wvzgm-824869521, networkLocation: /default-rack, certSerialId: null}, Type:RATIS, Factor:ONE, State:OPEN]
2019-09-26 10:51:01,419 [grpc-default-executor-0] INFO  impl.RaftServerProxy (RaftServerProxy.java:addNew(89)) - b00632ed-38e6-4e51-aa6e-3ec570305033: addNew group-910060D7CD19:[b00632ed-38e6-4e51-aa6e-3ec570305033:192.168.30.13:40930] returns group-910060D7CD19:java.util.concurrent.CompletableFuture@569b591[Not completed]
2019-09-26 10:51:01,419 [pool-277-thread-1] INFO  impl.RaftServerImpl (RaftServerImpl.java:<init>(95)) - b00632ed-38e6-4e51-aa6e-3ec570305033: new RaftServerImpl for group-910060D7CD19:[b00632ed-38e6-4e51-aa6e-3ec570305033:192.168.30.13:40930] with ContainerStateMachine:uninitialized
2019-09-26 10:51:01,419 [pool-277-thread-1] INFO  server.RaftServerConfigKeys (ConfUtils.java:logGet(43)) - raft.server.rpc.timeout.min = 5s (custom)
2019-09-26 10:51:01,420 [pool-277-thread-1] INFO  server.RaftServerConfigKeys (ConfUtils.java:logGet(43)) - raft.server.rpc.timeout.max = 5200ms (custom)
2019-09-26 10:51:01,420 [pool-277-thread-1] INFO  server.RaftServerConfigKeys (ConfUtils.java:logGet(43)) - raft.server.rpcslowness.timeout = 120s (custom)
2019-09-26 10:51:01,420 [pool-277-thread-1] INFO  server.RaftServerConfigKeys (ConfUtils.java:logGet(43)) - raft.server.sleep.deviation.threshold = 300 (default)
2019-09-26 10:51:01,420 [pool-277-thread-1] INFO  server.RaftServerConfigKeys (ConfUtils.java:logGet(43)) - raft.server.log.appender.install.snapshot.enabled = false (custom)
2019-09-26 10:51:01,420 [pool-277-thread-1] INFO  impl.RaftServerImpl (ServerState.java:<init>(103)) - b00632ed-38e6-4e51-aa6e-3ec570305033@group-910060D7CD19: ConfigurationManager, init=-1: [b00632ed-38e6-4e51-aa6e-3ec570305033:192.168.30.13:40930], old=null, confs=<EMPTY_MAP>
2019-09-26 10:51:01,420 [pool-277-thread-1] INFO  server.RaftServerConfigKeys (ConfUtils.java:logGet(43)) - raft.server.storage.dir = [/workdir/hadoop-ozone/ozonefs/target/test-dir/MiniOzoneClusterImpl-e5a1f7e9-60e0-4040-8834-ccfdca6954e1/datanode-0/data/ratis] (custom)
2019-09-26 10:51:01,420 [pool-277-thread-1] INFO  storage.RaftStorageDirectory (RaftStorageDirectory.java:analyzeStorage(246)) - The storage directory /workdir/hadoop-ozone/ozonefs/target/test-dir/MiniOzoneClusterImpl-e5a1f7e9-60e0-4040-8834-ccfdca6954e1/datanode-0/data/ratis/e86406de-2aba-448f-9296-910060d7cd19 does not exist. Creating ...
2019-09-26 10:51:01,433 [pool-277-thread-1] INFO  storage.RaftStorageDirectory (RaftStorageDirectory.java:tryLock(328)) - Lock on /workdir/hadoop-ozone/ozonefs/target/test-dir/MiniOzoneClusterImpl-e5a1f7e9-60e0-4040-8834-ccfdca6954e1/datanode-0/data/ratis/e86406de-2aba-448f-9296-910060d7cd19/in_use.lock acquired by nodename 25633@pr-hdds-1569-wvzgm-824869521
2019-09-26 10:51:01,439 [Thread-1344] INFO  ozone.MiniOzoneClusterImpl (MiniOzoneClusterImpl.java:lambda$waitForClusterToBeReady$0(147)) - Waiting for cluster to be ready. Got 2 of 3 DN Heartbeats.
2019-09-26 10:51:01,441 [IPC Server handler 2 on 46570] INFO  net.NetworkTopology (NetworkTopologyImpl.java:add(111)) - Added a new node: /default-rack/d33bbd08-3e3e-438b-a99c-6b25309199ef
2019-09-26 10:51:01,441 [IPC Server handler 2 on 46570] INFO  node.SCMNodeManager (SCMNodeManager.java:register(266)) - Registered Data node : d33bbd08-3e3e-438b-a99c-6b25309199ef{ip: 192.168.30.13, host: pr-hdds-1569-wvzgm-824869521, networkLocation: /default-rack, certSerialId: null}
2019-09-26 10:51:01,446 [pool-277-thread-1] INFO  storage.RaftStorage (RaftStorage.java:format(72)) - Storage directory /workdir/hadoop-ozone/ozonefs/target/test-dir/MiniOzoneClusterImpl-e5a1f7e9-60e0-4040-8834-ccfdca6954e1/datanode-0/data/ratis/e86406de-2aba-448f-9296-910060d7cd19 has been successfully formatted.
2019-09-26 10:51:01,446 [pool-277-thread-1] INFO  ratis.ContainerStateMachine (ContainerStateMachine.java:loadSnapshot(230)) - group-910060D7CD19: The snapshot info is null. Setting the last applied indexto:(t:0, i:~)
2019-09-26 10:51:01,446 [pool-277-thread-1] INFO  server.RaftServerConfigKeys (ConfUtils.java:logGet(43)) - raft.server.notification.no-leader.timeout = 120s (custom)
2019-09-26 10:51:01,446 [pool-277-thread-1] INFO  server.RaftServerConfigKeys (ConfUtils.java:logGet(43)) - raft.server.log.use.memory = false (default)
2019-09-26 10:51:01,446 [pool-277-thread-1] INFO  server.RaftServerConfigKeys (ConfUtils.java:logGet(43)) - raft.server.log.purge.gap = 1000000 (custom)
2019-09-26 10:51:01,446 [pool-277-thread-1] INFO  server.RaftServerConfigKeys (ConfUtils.java:logGet(43)) - raft.server.log.appender.buffer.byte-limit = 33554432 (custom)
2019-09-26 10:51:01,446 [pool-277-thread-1] INFO  server.RaftServerConfigKeys (ConfUtils.java:logGet(43)) - raft.server.log.segment.size.max = 1048576 (custom)
2019-09-26 10:51:01,446 [pool-277-thread-1] INFO  server.RaftServerConfigKeys (ConfUtils.java:logGet(43)) - raft.server.log.segment.cache.num.max = 2 (custom)
2019-09-26 10:51:01,446 [pool-277-thread-1] INFO  segmented.SegmentedRaftLogWorker (SegmentedRaftLogWorker.java:<init>(172)) - new b00632ed-38e6-4e51-aa6e-3ec570305033@group-910060D7CD19-SegmentedRaftLogWorker for RaftStorage:Storage Directory /workdir/hadoop-ozone/ozonefs/target/test-dir/MiniOzoneClusterImpl-e5a1f7e9-60e0-4040-8834-ccfdca6954e1/datanode-0/data/ratis/e86406de-2aba-448f-9296-910060d7cd19
2019-09-26 10:51:01,446 [pool-277-thread-1] INFO  server.RaftServerConfigKeys (ConfUtils.java:logGet(43)) - raft.server.log.queue.byte-limit = 2147483647 (custom)
2019-09-26 10:51:01,447 [pool-277-thread-1] INFO  server.RaftServerConfigKeys (ConfUtils.java:logGet(43)) - raft.server.log.queue.element-limit = 1024 (custom)
2019-09-26 10:51:01,447 [pool-277-thread-1] INFO  server.RaftServerConfigKeys (ConfUtils.java:logGet(43)) - raft.server.log.segment.size.max = 1048576 (custom)
2019-09-26 10:51:01,447 [pool-277-thread-1] INFO  server.RaftServerConfigKeys (ConfUtils.java:logGet(43)) - raft.server.log.preallocated.size = 16384 (custom)
2019-09-26 10:51:01,447 [pool-277-thread-1] INFO  server.RaftServerConfigKeys (ConfUtils.java:logGet(43)) - raft.server.log.write.buffer.size = 33554432 (custom)
2019-09-26 10:51:01,447 [pool-277-thread-1] INFO  server.RaftServerConfigKeys (ConfUtils.java:logGet(43)) - raft.server.log.force.sync.num = 128 (default)
2019-09-26 10:51:01,447 [pool-277-thread-1] INFO  server.RaftServerConfigKeys (ConfUtils.java:logGet(43)) - raft.server.log.statemachine.data.sync = true (default)
2019-09-26 10:51:01,447 [pool-277-thread-1] INFO  server.RaftServerConfigKeys (ConfUtils.java:logGet(43)) - raft.server.log.statemachine.data.sync.timeout = 10s (default)
2019-09-26 10:51:01,447 [pool-277-thread-1] INFO  server.RaftServerConfigKeys (ConfUtils.java:logGet(43)) - raft.server.log.statemachine.data.sync.timeout.retry = -1 (default)
2019-09-26 10:51:01,447 [pool-277-thread-1] INFO  server.RaftServerConfigKeys (ConfUtils.java:logGet(43)) - raft.server.log.statemachine.data.caching.enabled = true (custom)
2019-09-26 10:51:01,448 [pool-277-thread-1] INFO  segmented.SegmentedRaftLogWorker (SegmentedRaftLogWorker.java:lambda$new$0(132)) - b00632ed-38e6-4e51-aa6e-3ec570305033@group-910060D7CD19-SegmentedRaftLogWorker: flushIndex: setUnconditionally 0 -> -1
2019-09-26 10:51:01,448 [pool-277-thread-1] INFO  server.RaftServerConfigKeys (ConfUtils.java:logGet(43)) - raft.server.snapshot.auto.trigger.enabled = true (custom)
2019-09-26 10:51:01,448 [pool-277-thread-1] INFO  server.RaftServerConfigKeys (ConfUtils.java:logGet(43)) - raft.server.snapshot.auto.trigger.threshold = 10000 (custom)
2019-09-26 10:51:01,448 [pool-277-thread-1] INFO  server.RaftServerConfigKeys (ConfUtils.java:logGet(43)) - raft.server.snapshot.retention.num.files = 5 (custom)
2019-09-26 10:51:01,448 [pool-277-thread-1] INFO  server.RaftServerConfigKeys (ConfUtils.java:logGet(43)) - raft.server.retrycache.expirytime = 600000ms (custom)
2019-09-26 10:51:01,449 [pool-277-thread-1] INFO  impl.RaftServerImpl (RaftServerImpl.java:start(185)) - b00632ed-38e6-4e51-aa6e-3ec570305033@group-910060D7CD19: start as a follower, conf=-1: [b00632ed-38e6-4e51-aa6e-3ec570305033:192.168.30.13:40930], old=null
2019-09-26 10:51:01,449 [pool-277-thread-1] INFO  impl.RaftServerImpl (RaftServerImpl.java:setRole(174)) - b00632ed-38e6-4e51-aa6e-3ec570305033@group-910060D7CD19: changes role from      null to FOLLOWER at term 0 for startAsFollower
2019-09-26 10:51:01,449 [pool-277-thread-1] INFO  impl.RoleInfo (RoleInfo.java:updateAndGet(143)) - b00632ed-38e6-4e51-aa6e-3ec570305033: start FollowerState
2019-09-26 10:51:01,450 [pool-277-thread-1] INFO  util.JmxRegister (JmxRegister.java:tryRegister(44)) - Successfully registered JMX Bean with object name Ratis:service=RaftServer,group=group-910060D7CD19,id=b00632ed-38e6-4e51-aa6e-3ec570305033
2019-09-26 10:51:01,452 [RatisPipelineUtilsThread] INFO  pipeline.PipelineStateManager (PipelineStateManager.java:addPipeline(56)) - Created pipeline Pipeline[ Id: e86406de-2aba-448f-9296-910060d7cd19, Nodes: b00632ed-38e6-4e51-aa6e-3ec570305033{ip: 192.168.30.13, host: pr-hdds-1569-wvzgm-824869521, networkLocation: /default-rack, certSerialId: null}, Type:RATIS, Factor:ONE, State:OPEN]
2019-09-26 10:51:01,456 [grpc-default-executor-0] INFO  impl.RaftServerProxy (RaftServerProxy.java:addNew(89)) - b00632ed-38e6-4e51-aa6e-3ec570305033: addNew group-3F4D1C9F8268:[b00632ed-38e6-4e51-aa6e-3ec570305033:192.168.30.13:40930] returns group-3F4D1C9F8268:java.util.concurrent.CompletableFuture@7c1cec32[Not completed]
2019-09-26 10:51:01,457 [pool-277-thread-1] INFO  impl.RaftServerImpl (RaftServerImpl.java:<init>(95)) - b00632ed-38e6-4e51-aa6e-3ec570305033: new RaftServerImpl for group-3F4D1C9F8268:[b00632ed-38e6-4e51-aa6e-3ec570305033:192.168.30.13:40930] with ContainerStateMachine:uninitialized
2019-09-26 10:51:01,457 [pool-277-thread-1] INFO  server.RaftServerConfigKeys (ConfUtils.java:logGet(43)) - raft.server.rpc.timeout.min = 5s (custom)
2019-09-26 10:51:01,457 [pool-277-thread-1] INFO  server.RaftServerConfigKeys (ConfUtils.java:logGet(43)) - raft.server.rpc.timeout.max = 5200ms (custom)
2019-09-26 10:51:01,457 [pool-277-thread-1] INFO  server.RaftServerConfigKeys (ConfUtils.java:logGet(43)) - raft.server.rpcslowness.timeout = 120s (custom)
2019-09-26 10:51:01,457 [pool-277-thread-1] INFO  server.RaftServerConfigKeys (ConfUtils.java:logGet(43)) - raft.server.sleep.deviation.threshold = 300 (default)
2019-09-26 10:51:01,457 [pool-277-thread-1] INFO  server.RaftServerConfigKeys (ConfUtils.java:logGet(43)) - raft.server.log.appender.install.snapshot.enabled = false (custom)
2019-09-26 10:51:01,457 [pool-277-thread-1] INFO  impl.RaftServerImpl (ServerState.java:<init>(103)) - b00632ed-38e6-4e51-aa6e-3ec570305033@group-3F4D1C9F8268: ConfigurationManager, init=-1: [b00632ed-38e6-4e51-aa6e-3ec570305033:192.168.30.13:40930], old=null, confs=<EMPTY_MAP>
2019-09-26 10:51:01,457 [pool-277-thread-1] INFO  server.RaftServerConfigKeys (ConfUtils.java:logGet(43)) - raft.server.storage.dir = [/workdir/hadoop-ozone/ozonefs/target/test-dir/MiniOzoneClusterImpl-e5a1f7e9-60e0-4040-8834-ccfdca6954e1/datanode-0/data/ratis] (custom)
2019-09-26 10:51:01,457 [pool-277-thread-1] INFO  storage.RaftStorageDirectory (RaftStorageDirectory.java:analyzeStorage(246)) - The storage directory /workdir/hadoop-ozone/ozonefs/target/test-dir/MiniOzoneClusterImpl-e5a1f7e9-60e0-4040-8834-ccfdca6954e1/datanode-0/data/ratis/953cc782-f2a2-4ef1-834f-3f4d1c9f8268 does not exist. Creating ...
2019-09-26 10:51:01,470 [pool-277-thread-1] INFO  storage.RaftStorageDirectory (RaftStorageDirectory.java:tryLock(328)) - Lock on /workdir/hadoop-ozone/ozonefs/target/test-dir/MiniOzoneClusterImpl-e5a1f7e9-60e0-4040-8834-ccfdca6954e1/datanode-0/data/ratis/953cc782-f2a2-4ef1-834f-3f4d1c9f8268/in_use.lock acquired by nodename 25633@pr-hdds-1569-wvzgm-824869521
2019-09-26 10:51:01,473 [pool-277-thread-1] INFO  storage.RaftStorage (RaftStorage.java:format(72)) - Storage directory /workdir/hadoop-ozone/ozonefs/target/test-dir/MiniOzoneClusterImpl-e5a1f7e9-60e0-4040-8834-ccfdca6954e1/datanode-0/data/ratis/953cc782-f2a2-4ef1-834f-3f4d1c9f8268 has been successfully formatted.
2019-09-26 10:51:01,474 [pool-277-thread-1] INFO  ratis.ContainerStateMachine (ContainerStateMachine.java:loadSnapshot(230)) - group-3F4D1C9F8268: The snapshot info is null. Setting the last applied indexto:(t:0, i:~)
2019-09-26 10:51:01,474 [pool-277-thread-1] INFO  server.RaftServerConfigKeys (ConfUtils.java:logGet(43)) - raft.server.notification.no-leader.timeout = 120s (custom)
2019-09-26 10:51:01,474 [pool-277-thread-1] INFO  server.RaftServerConfigKeys (ConfUtils.java:logGet(43)) - raft.server.log.use.memory = false (default)
2019-09-26 10:51:01,474 [pool-277-thread-1] INFO  server.RaftServerConfigKeys (ConfUtils.java:logGet(43)) - raft.server.log.purge.gap = 1000000 (custom)
2019-09-26 10:51:01,474 [pool-277-thread-1] INFO  server.RaftServerConfigKeys (ConfUtils.java:logGet(43)) - raft.server.log.appender.buffer.byte-limit = 33554432 (custom)
2019-09-26 10:51:01,474 [pool-277-thread-1] INFO  server.RaftServerConfigKeys (ConfUtils.java:logGet(43)) - raft.server.log.segment.size.max = 1048576 (custom)
2019-09-26 10:51:01,474 [pool-277-thread-1] INFO  server.RaftServerConfigKeys (ConfUtils.java:logGet(43)) - raft.server.log.segment.cache.num.max = 2 (custom)
2019-09-26 10:51:01,474 [pool-277-thread-1] INFO  segmented.SegmentedRaftLogWorker (SegmentedRaftLogWorker.java:<init>(172)) - new b00632ed-38e6-4e51-aa6e-3ec570305033@group-3F4D1C9F8268-SegmentedRaftLogWorker for RaftStorage:Storage Directory /workdir/hadoop-ozone/ozonefs/target/test-dir/MiniOzoneClusterImpl-e5a1f7e9-60e0-4040-8834-ccfdca6954e1/datanode-0/data/ratis/953cc782-f2a2-4ef1-834f-3f4d1c9f8268
2019-09-26 10:51:01,474 [pool-277-thread-1] INFO  server.RaftServerConfigKeys (ConfUtils.java:logGet(43)) - raft.server.log.queue.byte-limit = 2147483647 (custom)
2019-09-26 10:51:01,474 [pool-277-thread-1] INFO  server.RaftServerConfigKeys (ConfUtils.java:logGet(43)) - raft.server.log.queue.element-limit = 1024 (custom)
2019-09-26 10:51:01,474 [pool-277-thread-1] INFO  server.RaftServerConfigKeys (ConfUtils.java:logGet(43)) - raft.server.log.segment.size.max = 1048576 (custom)
2019-09-26 10:51:01,475 [pool-277-thread-1] INFO  server.RaftServerConfigKeys (ConfUtils.java:logGet(43)) - raft.server.log.preallocated.size = 16384 (custom)
2019-09-26 10:51:01,475 [pool-277-thread-1] INFO  server.RaftServerConfigKeys (ConfUtils.java:logGet(43)) - raft.server.log.write.buffer.size = 33554432 (custom)
2019-09-26 10:51:01,475 [pool-277-thread-1] INFO  server.RaftServerConfigKeys (ConfUtils.java:logGet(43)) - raft.server.log.force.sync.num = 128 (default)
2019-09-26 10:51:01,475 [pool-277-thread-1] INFO  server.RaftServerConfigKeys (ConfUtils.java:logGet(43)) - raft.server.log.statemachine.data.sync = true (default)
2019-09-26 10:51:01,475 [pool-277-thread-1] INFO  server.RaftServerConfigKeys (ConfUtils.java:logGet(43)) - raft.server.log.statemachine.data.sync.timeout = 10s (default)
2019-09-26 10:51:01,475 [pool-277-thread-1] INFO  server.RaftServerConfigKeys (ConfUtils.java:logGet(43)) - raft.server.log.statemachine.data.sync.timeout.retry = -1 (default)
2019-09-26 10:51:01,475 [pool-277-thread-1] INFO  server.RaftServerConfigKeys (ConfUtils.java:logGet(43)) - raft.server.log.statemachine.data.caching.enabled = true (custom)
2019-09-26 10:51:01,475 [pool-277-thread-1] INFO  segmented.SegmentedRaftLogWorker (SegmentedRaftLogWorker.java:lambda$new$0(132)) - b00632ed-38e6-4e51-aa6e-3ec570305033@group-3F4D1C9F8268-SegmentedRaftLogWorker: flushIndex: setUnconditionally 0 -> -1
2019-09-26 10:51:01,475 [pool-277-thread-1] INFO  server.RaftServerConfigKeys (ConfUtils.java:logGet(43)) - raft.server.snapshot.auto.trigger.enabled = true (custom)
2019-09-26 10:51:01,476 [pool-277-thread-1] INFO  server.RaftServerConfigKeys (ConfUtils.java:logGet(43)) - raft.server.snapshot.auto.trigger.threshold = 10000 (custom)
2019-09-26 10:51:01,476 [pool-277-thread-1] INFO  server.RaftServerConfigKeys (ConfUtils.java:logGet(43)) - raft.server.snapshot.retention.num.files = 5 (custom)
2019-09-26 10:51:01,476 [pool-277-thread-1] INFO  server.RaftServerConfigKeys (ConfUtils.java:logGet(43)) - raft.server.retrycache.expirytime = 600000ms (custom)
2019-09-26 10:51:01,477 [pool-277-thread-1] INFO  impl.RaftServerImpl (RaftServerImpl.java:start(185)) - b00632ed-38e6-4e51-aa6e-3ec570305033@group-3F4D1C9F8268: start as a follower, conf=-1: [b00632ed-38e6-4e51-aa6e-3ec570305033:192.168.30.13:40930], old=null
2019-09-26 10:51:01,477 [pool-277-thread-1] INFO  impl.RaftServerImpl (RaftServerImpl.java:setRole(174)) - b00632ed-38e6-4e51-aa6e-3ec570305033@group-3F4D1C9F8268: changes role from      null to FOLLOWER at term 0 for startAsFollower
2019-09-26 10:51:01,477 [pool-277-thread-1] INFO  impl.RoleInfo (RoleInfo.java:updateAndGet(143)) - b00632ed-38e6-4e51-aa6e-3ec570305033: start FollowerState
2019-09-26 10:51:01,477 [pool-277-thread-1] INFO  util.JmxRegister (JmxRegister.java:tryRegister(44)) - Successfully registered JMX Bean with object name Ratis:service=RaftServer,group=group-3F4D1C9F8268,id=b00632ed-38e6-4e51-aa6e-3ec570305033
2019-09-26 10:51:01,480 [RatisPipelineUtilsThread] INFO  pipeline.PipelineStateManager (PipelineStateManager.java:addPipeline(56)) - Created pipeline Pipeline[ Id: 953cc782-f2a2-4ef1-834f-3f4d1c9f8268, Nodes: b00632ed-38e6-4e51-aa6e-3ec570305033{ip: 192.168.30.13, host: pr-hdds-1569-wvzgm-824869521, networkLocation: /default-rack, certSerialId: null}, Type:RATIS, Factor:ONE, State:OPEN]
2019-09-26 10:51:01,487 [grpc-default-executor-0] INFO  impl.RaftServerProxy (RaftServerProxy.java:addNew(89)) - 9a37ccb8-a0a5-45c8-9c33-1ff15e0d8b0a: addNew group-E0E0E283B455:[9a37ccb8-a0a5-45c8-9c33-1ff15e0d8b0a:192.168.30.13:34216] returns group-E0E0E283B455:java.util.concurrent.CompletableFuture@2dd2d02e[Not completed]
2019-09-26 10:51:01,488 [pool-287-thread-1] INFO  impl.RaftServerImpl (RaftServerImpl.java:<init>(95)) - 9a37ccb8-a0a5-45c8-9c33-1ff15e0d8b0a: new RaftServerImpl for group-E0E0E283B455:[9a37ccb8-a0a5-45c8-9c33-1ff15e0d8b0a:192.168.30.13:34216] with ContainerStateMachine:uninitialized
2019-09-26 10:51:01,489 [pool-287-thread-1] INFO  server.RaftServerConfigKeys (ConfUtils.java:logGet(43)) - raft.server.rpc.timeout.min = 5s (custom)
2019-09-26 10:51:01,489 [pool-287-thread-1] INFO  server.RaftServerConfigKeys (ConfUtils.java:logGet(43)) - raft.server.rpc.timeout.max = 5200ms (custom)
2019-09-26 10:51:01,489 [pool-287-thread-1] INFO  server.RaftServerConfigKeys (ConfUtils.java:logGet(43)) - raft.server.rpcslowness.timeout = 120s (custom)
2019-09-26 10:51:01,489 [pool-287-thread-1] INFO  server.RaftServerConfigKeys (ConfUtils.java:logGet(43)) - raft.server.sleep.deviation.threshold = 300 (default)
2019-09-26 10:51:01,489 [pool-287-thread-1] INFO  server.RaftServerConfigKeys (ConfUtils.java:logGet(43)) - raft.server.log.appender.install.snapshot.enabled = false (custom)
2019-09-26 10:51:01,489 [pool-287-thread-1] INFO  impl.RaftServerImpl (ServerState.java:<init>(103)) - 9a37ccb8-a0a5-45c8-9c33-1ff15e0d8b0a@group-E0E0E283B455: ConfigurationManager, init=-1: [9a37ccb8-a0a5-45c8-9c33-1ff15e0d8b0a:192.168.30.13:34216], old=null, confs=<EMPTY_MAP>
2019-09-26 10:51:01,489 [pool-287-thread-1] INFO  server.RaftServerConfigKeys (ConfUtils.java:logGet(43)) - raft.server.storage.dir = [/workdir/hadoop-ozone/ozonefs/target/test-dir/MiniOzoneClusterImpl-e5a1f7e9-60e0-4040-8834-ccfdca6954e1/datanode-1/data/ratis] (custom)
2019-09-26 10:51:01,490 [pool-287-thread-1] INFO  storage.RaftStorageDirectory (RaftStorageDirectory.java:analyzeStorage(246)) - The storage directory /workdir/hadoop-ozone/ozonefs/target/test-dir/MiniOzoneClusterImpl-e5a1f7e9-60e0-4040-8834-ccfdca6954e1/datanode-1/data/ratis/4c5b4713-75f0-44ab-b86f-e0e0e283b455 does not exist. Creating ...
2019-09-26 10:51:01,501 [pool-287-thread-1] INFO  storage.RaftStorageDirectory (RaftStorageDirectory.java:tryLock(328)) - Lock on /workdir/hadoop-ozone/ozonefs/target/test-dir/MiniOzoneClusterImpl-e5a1f7e9-60e0-4040-8834-ccfdca6954e1/datanode-1/data/ratis/4c5b4713-75f0-44ab-b86f-e0e0e283b455/in_use.lock acquired by nodename 25633@pr-hdds-1569-wvzgm-824869521
2019-09-26 10:51:01,505 [pool-287-thread-1] INFO  storage.RaftStorage (RaftStorage.java:format(72)) - Storage directory /workdir/hadoop-ozone/ozonefs/target/test-dir/MiniOzoneClusterImpl-e5a1f7e9-60e0-4040-8834-ccfdca6954e1/datanode-1/data/ratis/4c5b4713-75f0-44ab-b86f-e0e0e283b455 has been successfully formatted.
2019-09-26 10:51:01,505 [pool-287-thread-1] INFO  ratis.ContainerStateMachine (ContainerStateMachine.java:loadSnapshot(230)) - group-E0E0E283B455: The snapshot info is null. Setting the last applied indexto:(t:0, i:~)
2019-09-26 10:51:01,505 [pool-287-thread-1] INFO  server.RaftServerConfigKeys (ConfUtils.java:logGet(43)) - raft.server.notification.no-leader.timeout = 120s (custom)
2019-09-26 10:51:01,505 [pool-287-thread-1] INFO  server.RaftServerConfigKeys (ConfUtils.java:logGet(43)) - raft.server.log.use.memory = false (default)
2019-09-26 10:51:01,505 [pool-287-thread-1] INFO  server.RaftServerConfigKeys (ConfUtils.java:logGet(43)) - raft.server.log.purge.gap = 1000000 (custom)
2019-09-26 10:51:01,506 [pool-287-thread-1] INFO  server.RaftServerConfigKeys (ConfUtils.java:logGet(43)) - raft.server.log.appender.buffer.byte-limit = 33554432 (custom)
2019-09-26 10:51:01,506 [pool-287-thread-1] INFO  server.RaftServerConfigKeys (ConfUtils.java:logGet(43)) - raft.server.log.segment.size.max = 1048576 (custom)
2019-09-26 10:51:01,506 [pool-287-thread-1] INFO  server.RaftServerConfigKeys (ConfUtils.java:logGet(43)) - raft.server.log.segment.cache.num.max = 2 (custom)
2019-09-26 10:51:01,506 [pool-287-thread-1] INFO  segmented.SegmentedRaftLogWorker (SegmentedRaftLogWorker.java:<init>(172)) - new 9a37ccb8-a0a5-45c8-9c33-1ff15e0d8b0a@group-E0E0E283B455-SegmentedRaftLogWorker for RaftStorage:Storage Directory /workdir/hadoop-ozone/ozonefs/target/test-dir/MiniOzoneClusterImpl-e5a1f7e9-60e0-4040-8834-ccfdca6954e1/datanode-1/data/ratis/4c5b4713-75f0-44ab-b86f-e0e0e283b455
2019-09-26 10:51:01,508 [pool-287-thread-1] INFO  server.RaftServerConfigKeys (ConfUtils.java:logGet(43)) - raft.server.log.queue.byte-limit = 2147483647 (custom)
2019-09-26 10:51:01,508 [pool-287-thread-1] INFO  server.RaftServerConfigKeys (ConfUtils.java:logGet(43)) - raft.server.log.queue.element-limit = 1024 (custom)
2019-09-26 10:51:01,508 [pool-287-thread-1] INFO  server.RaftServerConfigKeys (ConfUtils.java:logGet(43)) - raft.server.log.segment.size.max = 1048576 (custom)
2019-09-26 10:51:01,508 [pool-287-thread-1] INFO  server.RaftServerConfigKeys (ConfUtils.java:logGet(43)) - raft.server.log.preallocated.size = 16384 (custom)
2019-09-26 10:51:01,508 [pool-287-thread-1] INFO  server.RaftServerConfigKeys (ConfUtils.java:logGet(43)) - raft.server.log.write.buffer.size = 33554432 (custom)
2019-09-26 10:51:01,508 [pool-287-thread-1] INFO  server.RaftServerConfigKeys (ConfUtils.java:logGet(43)) - raft.server.log.force.sync.num = 128 (default)
2019-09-26 10:51:01,509 [pool-287-thread-1] INFO  server.RaftServerConfigKeys (ConfUtils.java:logGet(43)) - raft.server.log.statemachine.data.sync = true (default)
2019-09-26 10:51:01,509 [pool-287-thread-1] INFO  server.RaftServerConfigKeys (ConfUtils.java:logGet(43)) - raft.server.log.statemachine.data.sync.timeout = 10s (default)
2019-09-26 10:51:01,509 [pool-287-thread-1] INFO  server.RaftServerConfigKeys (ConfUtils.java:logGet(43)) - raft.server.log.statemachine.data.sync.timeout.retry = -1 (default)
2019-09-26 10:51:01,509 [pool-287-thread-1] INFO  server.RaftServerConfigKeys (ConfUtils.java:logGet(43)) - raft.server.log.statemachine.data.caching.enabled = true (custom)
2019-09-26 10:51:01,509 [pool-287-thread-1] INFO  segmented.SegmentedRaftLogWorker (SegmentedRaftLogWorker.java:lambda$new$0(132)) - 9a37ccb8-a0a5-45c8-9c33-1ff15e0d8b0a@group-E0E0E283B455-SegmentedRaftLogWorker: flushIndex: setUnconditionally 0 -> -1
2019-09-26 10:51:01,510 [pool-287-thread-1] INFO  server.RaftServerConfigKeys (ConfUtils.java:logGet(43)) - raft.server.snapshot.auto.trigger.enabled = true (custom)
2019-09-26 10:51:01,510 [pool-287-thread-1] INFO  server.RaftServerConfigKeys (ConfUtils.java:logGet(43)) - raft.server.snapshot.auto.trigger.threshold = 10000 (custom)
2019-09-26 10:51:01,510 [pool-287-thread-1] INFO  server.RaftServerConfigKeys (ConfUtils.java:logGet(43)) - raft.server.snapshot.retention.num.files = 5 (custom)
2019-09-26 10:51:01,510 [pool-287-thread-1] INFO  server.RaftServerConfigKeys (ConfUtils.java:logGet(43)) - raft.server.retrycache.expirytime = 600000ms (custom)
2019-09-26 10:51:01,512 [pool-287-thread-1] INFO  impl.RaftServerImpl (RaftServerImpl.java:start(185)) - 9a37ccb8-a0a5-45c8-9c33-1ff15e0d8b0a@group-E0E0E283B455: start as a follower, conf=-1: [9a37ccb8-a0a5-45c8-9c33-1ff15e0d8b0a:192.168.30.13:34216], old=null
2019-09-26 10:51:01,512 [pool-287-thread-1] INFO  impl.RaftServerImpl (RaftServerImpl.java:setRole(174)) - 9a37ccb8-a0a5-45c8-9c33-1ff15e0d8b0a@group-E0E0E283B455: changes role from      null to FOLLOWER at term 0 for startAsFollower
2019-09-26 10:51:01,512 [pool-287-thread-1] INFO  impl.RoleInfo (RoleInfo.java:updateAndGet(143)) - 9a37ccb8-a0a5-45c8-9c33-1ff15e0d8b0a: start FollowerState
2019-09-26 10:51:01,512 [pool-287-thread-1] INFO  util.JmxRegister (JmxRegister.java:tryRegister(44)) - Successfully registered JMX Bean with object name Ratis:service=RaftServer,group=group-E0E0E283B455,id=9a37ccb8-a0a5-45c8-9c33-1ff15e0d8b0a
2019-09-26 10:51:01,515 [RatisPipelineUtilsThread] INFO  pipeline.PipelineStateManager (PipelineStateManager.java:addPipeline(56)) - Created pipeline Pipeline[ Id: 4c5b4713-75f0-44ab-b86f-e0e0e283b455, Nodes: 9a37ccb8-a0a5-45c8-9c33-1ff15e0d8b0a{ip: 192.168.30.13, host: pr-hdds-1569-wvzgm-824869521, networkLocation: /default-rack, certSerialId: null}, Type:RATIS, Factor:ONE, State:OPEN]
2019-09-26 10:51:01,519 [grpc-default-executor-0] INFO  impl.RaftServerProxy (RaftServerProxy.java:addNew(89)) - b00632ed-38e6-4e51-aa6e-3ec570305033: addNew group-D33A09EF1509:[b00632ed-38e6-4e51-aa6e-3ec570305033:192.168.30.13:40930] returns group-D33A09EF1509:java.util.concurrent.CompletableFuture@49e521df[Not completed]
2019-09-26 10:51:01,520 [pool-277-thread-1] INFO  impl.RaftServerImpl (RaftServerImpl.java:<init>(95)) - b00632ed-38e6-4e51-aa6e-3ec570305033: new RaftServerImpl for group-D33A09EF1509:[b00632ed-38e6-4e51-aa6e-3ec570305033:192.168.30.13:40930] with ContainerStateMachine:uninitialized
2019-09-26 10:51:01,520 [pool-277-thread-1] INFO  server.RaftServerConfigKeys (ConfUtils.java:logGet(43)) - raft.server.rpc.timeout.min = 5s (custom)
2019-09-26 10:51:01,520 [pool-277-thread-1] INFO  server.RaftServerConfigKeys (ConfUtils.java:logGet(43)) - raft.server.rpc.timeout.max = 5200ms (custom)
2019-09-26 10:51:01,520 [pool-277-thread-1] INFO  server.RaftServerConfigKeys (ConfUtils.java:logGet(43)) - raft.server.rpcslowness.timeout = 120s (custom)
2019-09-26 10:51:01,521 [pool-277-thread-1] INFO  server.RaftServerConfigKeys (ConfUtils.java:logGet(43)) - raft.server.sleep.deviation.threshold = 300 (default)
2019-09-26 10:51:01,521 [pool-277-thread-1] INFO  server.RaftServerConfigKeys (ConfUtils.java:logGet(43)) - raft.server.log.appender.install.snapshot.enabled = false (custom)
2019-09-26 10:51:01,521 [pool-277-thread-1] INFO  impl.RaftServerImpl (ServerState.java:<init>(103)) - b00632ed-38e6-4e51-aa6e-3ec570305033@group-D33A09EF1509: ConfigurationManager, init=-1: [b00632ed-38e6-4e51-aa6e-3ec570305033:192.168.30.13:40930], old=null, confs=<EMPTY_MAP>
2019-09-26 10:51:01,521 [pool-277-thread-1] INFO  server.RaftServerConfigKeys (ConfUtils.java:logGet(43)) - raft.server.storage.dir = [/workdir/hadoop-ozone/ozonefs/target/test-dir/MiniOzoneClusterImpl-e5a1f7e9-60e0-4040-8834-ccfdca6954e1/datanode-0/data/ratis] (custom)
2019-09-26 10:51:01,521 [pool-277-thread-1] INFO  storage.RaftStorageDirectory (RaftStorageDirectory.java:analyzeStorage(246)) - The storage directory /workdir/hadoop-ozone/ozonefs/target/test-dir/MiniOzoneClusterImpl-e5a1f7e9-60e0-4040-8834-ccfdca6954e1/datanode-0/data/ratis/c126d903-3f09-40da-b377-d33a09ef1509 does not exist. Creating ...
2019-09-26 10:51:01,525 [pool-277-thread-1] INFO  storage.RaftStorageDirectory (RaftStorageDirectory.java:tryLock(328)) - Lock on /workdir/hadoop-ozone/ozonefs/target/test-dir/MiniOzoneClusterImpl-e5a1f7e9-60e0-4040-8834-ccfdca6954e1/datanode-0/data/ratis/c126d903-3f09-40da-b377-d33a09ef1509/in_use.lock acquired by nodename 25633@pr-hdds-1569-wvzgm-824869521
2019-09-26 10:51:01,529 [pool-277-thread-1] INFO  storage.RaftStorage (RaftStorage.java:format(72)) - Storage directory /workdir/hadoop-ozone/ozonefs/target/test-dir/MiniOzoneClusterImpl-e5a1f7e9-60e0-4040-8834-ccfdca6954e1/datanode-0/data/ratis/c126d903-3f09-40da-b377-d33a09ef1509 has been successfully formatted.
2019-09-26 10:51:01,530 [pool-277-thread-1] INFO  ratis.ContainerStateMachine (ContainerStateMachine.java:loadSnapshot(230)) - group-D33A09EF1509: The snapshot info is null. Setting the last applied indexto:(t:0, i:~)
2019-09-26 10:51:01,530 [pool-277-thread-1] INFO  server.RaftServerConfigKeys (ConfUtils.java:logGet(43)) - raft.server.notification.no-leader.timeout = 120s (custom)
2019-09-26 10:51:01,530 [pool-277-thread-1] INFO  server.RaftServerConfigKeys (ConfUtils.java:logGet(43)) - raft.server.log.use.memory = false (default)
2019-09-26 10:51:01,530 [pool-277-thread-1] INFO  server.RaftServerConfigKeys (ConfUtils.java:logGet(43)) - raft.server.log.purge.gap = 1000000 (custom)
2019-09-26 10:51:01,530 [pool-277-thread-1] INFO  server.RaftServerConfigKeys (ConfUtils.java:logGet(43)) - raft.server.log.appender.buffer.byte-limit = 33554432 (custom)
2019-09-26 10:51:01,530 [pool-277-thread-1] INFO  server.RaftServerConfigKeys (ConfUtils.java:logGet(43)) - raft.server.log.segment.size.max = 1048576 (custom)
2019-09-26 10:51:01,530 [pool-277-thread-1] INFO  server.RaftServerConfigKeys (ConfUtils.java:logGet(43)) - raft.server.log.segment.cache.num.max = 2 (custom)
2019-09-26 10:51:01,531 [pool-277-thread-1] INFO  segmented.SegmentedRaftLogWorker (SegmentedRaftLogWorker.java:<init>(172)) - new b00632ed-38e6-4e51-aa6e-3ec570305033@group-D33A09EF1509-SegmentedRaftLogWorker for RaftStorage:Storage Directory /workdir/hadoop-ozone/ozonefs/target/test-dir/MiniOzoneClusterImpl-e5a1f7e9-60e0-4040-8834-ccfdca6954e1/datanode-0/data/ratis/c126d903-3f09-40da-b377-d33a09ef1509
2019-09-26 10:51:01,531 [pool-277-thread-1] INFO  server.RaftServerConfigKeys (ConfUtils.java:logGet(43)) - raft.server.log.queue.byte-limit = 2147483647 (custom)
2019-09-26 10:51:01,531 [pool-277-thread-1] INFO  server.RaftServerConfigKeys (ConfUtils.java:logGet(43)) - raft.server.log.queue.element-limit = 1024 (custom)
2019-09-26 10:51:01,531 [pool-277-thread-1] INFO  server.RaftServerConfigKeys (ConfUtils.java:logGet(43)) - raft.server.log.segment.size.max = 1048576 (custom)
2019-09-26 10:51:01,531 [pool-277-thread-1] INFO  server.RaftServerConfigKeys (ConfUtils.java:logGet(43)) - raft.server.log.preallocated.size = 16384 (custom)
2019-09-26 10:51:01,531 [pool-277-thread-1] INFO  server.RaftServerConfigKeys (ConfUtils.java:logGet(43)) - raft.server.log.write.buffer.size = 33554432 (custom)
2019-09-26 10:51:01,531 [pool-277-thread-1] INFO  server.RaftServerConfigKeys (ConfUtils.java:logGet(43)) - raft.server.log.force.sync.num = 128 (default)
2019-09-26 10:51:01,532 [pool-277-thread-1] INFO  server.RaftServerConfigKeys (ConfUtils.java:logGet(43)) - raft.server.log.statemachine.data.sync = true (default)
2019-09-26 10:51:01,532 [pool-277-thread-1] INFO  server.RaftServerConfigKeys (ConfUtils.java:logGet(43)) - raft.server.log.statemachine.data.sync.timeout = 10s (default)
2019-09-26 10:51:01,532 [pool-277-thread-1] INFO  server.RaftServerConfigKeys (ConfUtils.java:logGet(43)) - raft.server.log.statemachine.data.sync.timeout.retry = -1 (default)
2019-09-26 10:51:01,532 [pool-277-thread-1] INFO  server.RaftServerConfigKeys (ConfUtils.java:logGet(43)) - raft.server.log.statemachine.data.caching.enabled = true (custom)
2019-09-26 10:51:01,532 [pool-277-thread-1] INFO  segmented.SegmentedRaftLogWorker (SegmentedRaftLogWorker.java:lambda$new$0(132)) - b00632ed-38e6-4e51-aa6e-3ec570305033@group-D33A09EF1509-SegmentedRaftLogWorker: flushIndex: setUnconditionally 0 -> -1
2019-09-26 10:51:01,533 [pool-277-thread-1] INFO  server.RaftServerConfigKeys (ConfUtils.java:logGet(43)) - raft.server.snapshot.auto.trigger.enabled = true (custom)
2019-09-26 10:51:01,533 [pool-277-thread-1] INFO  server.RaftServerConfigKeys (ConfUtils.java:logGet(43)) - raft.server.snapshot.auto.trigger.threshold = 10000 (custom)
2019-09-26 10:51:01,533 [pool-277-thread-1] INFO  server.RaftServerConfigKeys (ConfUtils.java:logGet(43)) - raft.server.snapshot.retention.num.files = 5 (custom)
2019-09-26 10:51:01,533 [pool-277-thread-1] INFO  server.RaftServerConfigKeys (ConfUtils.java:logGet(43)) - raft.server.retrycache.expirytime = 600000ms (custom)
2019-09-26 10:51:01,535 [pool-277-thread-1] INFO  impl.RaftServerImpl (RaftServerImpl.java:start(185)) - b00632ed-38e6-4e51-aa6e-3ec570305033@group-D33A09EF1509: start as a follower, conf=-1: [b00632ed-38e6-4e51-aa6e-3ec570305033:192.168.30.13:40930], old=null
2019-09-26 10:51:01,535 [pool-277-thread-1] INFO  impl.RaftServerImpl (RaftServerImpl.java:setRole(174)) - b00632ed-38e6-4e51-aa6e-3ec570305033@group-D33A09EF1509: changes role from      null to FOLLOWER at term 0 for startAsFollower
2019-09-26 10:51:01,535 [pool-277-thread-1] INFO  impl.RoleInfo (RoleInfo.java:updateAndGet(143)) - b00632ed-38e6-4e51-aa6e-3ec570305033: start FollowerState
2019-09-26 10:51:01,535 [pool-277-thread-1] INFO  util.JmxRegister (JmxRegister.java:tryRegister(44)) - Successfully registered JMX Bean with object name Ratis:service=RaftServer,group=group-D33A09EF1509,id=b00632ed-38e6-4e51-aa6e-3ec570305033
2019-09-26 10:51:01,538 [RatisPipelineUtilsThread] INFO  pipeline.PipelineStateManager (PipelineStateManager.java:addPipeline(56)) - Created pipeline Pipeline[ Id: c126d903-3f09-40da-b377-d33a09ef1509, Nodes: b00632ed-38e6-4e51-aa6e-3ec570305033{ip: 192.168.30.13, host: pr-hdds-1569-wvzgm-824869521, networkLocation: /default-rack, certSerialId: null}, Type:RATIS, Factor:ONE, State:OPEN]
2019-09-26 10:51:01,538 [RatisPipelineUtilsThread] INFO  pipeline.PipelinePlacementPolicy (PipelinePlacementPolicy.java:meetCriteria(91)) - Pipeline Placement: can't place more pipeline on heavy datanode： b00632ed-38e6-4e51-aa6e-3ec570305033 Heaviness: 6 limit: 5
2019-09-26 10:51:01,545 [grpc-default-executor-0] INFO  impl.RaftServerProxy (RaftServerProxy.java:addNew(89)) - d33bbd08-3e3e-438b-a99c-6b25309199ef: addNew group-1A277D4CA7C8:[d33bbd08-3e3e-438b-a99c-6b25309199ef:192.168.30.13:44451] returns group-1A277D4CA7C8:java.util.concurrent.CompletableFuture@3afbfa28[Not completed]
2019-09-26 10:51:01,546 [pool-297-thread-1] INFO  impl.RaftServerImpl (RaftServerImpl.java:<init>(95)) - d33bbd08-3e3e-438b-a99c-6b25309199ef: new RaftServerImpl for group-1A277D4CA7C8:[d33bbd08-3e3e-438b-a99c-6b25309199ef:192.168.30.13:44451] with ContainerStateMachine:uninitialized
2019-09-26 10:51:01,546 [pool-297-thread-1] INFO  server.RaftServerConfigKeys (ConfUtils.java:logGet(43)) - raft.server.rpc.timeout.min = 5s (custom)
2019-09-26 10:51:01,546 [pool-297-thread-1] INFO  server.RaftServerConfigKeys (ConfUtils.java:logGet(43)) - raft.server.rpc.timeout.max = 5200ms (custom)
2019-09-26 10:51:01,546 [pool-297-thread-1] INFO  server.RaftServerConfigKeys (ConfUtils.java:logGet(43)) - raft.server.rpcslowness.timeout = 120s (custom)
2019-09-26 10:51:01,547 [pool-297-thread-1] INFO  server.RaftServerConfigKeys (ConfUtils.java:logGet(43)) - raft.server.sleep.deviation.threshold = 300 (default)
2019-09-26 10:51:01,547 [pool-297-thread-1] INFO  server.RaftServerConfigKeys (ConfUtils.java:logGet(43)) - raft.server.log.appender.install.snapshot.enabled = false (custom)
2019-09-26 10:51:01,547 [pool-297-thread-1] INFO  impl.RaftServerImpl (ServerState.java:<init>(103)) - d33bbd08-3e3e-438b-a99c-6b25309199ef@group-1A277D4CA7C8: ConfigurationManager, init=-1: [d33bbd08-3e3e-438b-a99c-6b25309199ef:192.168.30.13:44451], old=null, confs=<EMPTY_MAP>
2019-09-26 10:51:01,547 [pool-297-thread-1] INFO  server.RaftServerConfigKeys (ConfUtils.java:logGet(43)) - raft.server.storage.dir = [/workdir/hadoop-ozone/ozonefs/target/test-dir/MiniOzoneClusterImpl-e5a1f7e9-60e0-4040-8834-ccfdca6954e1/datanode-2/data/ratis] (custom)
2019-09-26 10:51:01,547 [pool-297-thread-1] INFO  storage.RaftStorageDirectory (RaftStorageDirectory.java:analyzeStorage(246)) - The storage directory /workdir/hadoop-ozone/ozonefs/target/test-dir/MiniOzoneClusterImpl-e5a1f7e9-60e0-4040-8834-ccfdca6954e1/datanode-2/data/ratis/771f7ce1-6876-4193-824b-1a277d4ca7c8 does not exist. Creating ...
2019-09-26 10:51:01,550 [pool-297-thread-1] INFO  storage.RaftStorageDirectory (RaftStorageDirectory.java:tryLock(328)) - Lock on /workdir/hadoop-ozone/ozonefs/target/test-dir/MiniOzoneClusterImpl-e5a1f7e9-60e0-4040-8834-ccfdca6954e1/datanode-2/data/ratis/771f7ce1-6876-4193-824b-1a277d4ca7c8/in_use.lock acquired by nodename 25633@pr-hdds-1569-wvzgm-824869521
2019-09-26 10:51:01,554 [pool-297-thread-1] INFO  storage.RaftStorage (RaftStorage.java:format(72)) - Storage directory /workdir/hadoop-ozone/ozonefs/target/test-dir/MiniOzoneClusterImpl-e5a1f7e9-60e0-4040-8834-ccfdca6954e1/datanode-2/data/ratis/771f7ce1-6876-4193-824b-1a277d4ca7c8 has been successfully formatted.
2019-09-26 10:51:01,554 [pool-297-thread-1] INFO  ratis.ContainerStateMachine (ContainerStateMachine.java:loadSnapshot(230)) - group-1A277D4CA7C8: The snapshot info is null. Setting the last applied indexto:(t:0, i:~)
2019-09-26 10:51:01,554 [pool-297-thread-1] INFO  server.RaftServerConfigKeys (ConfUtils.java:logGet(43)) - raft.server.notification.no-leader.timeout = 120s (custom)
2019-09-26 10:51:01,554 [pool-297-thread-1] INFO  server.RaftServerConfigKeys (ConfUtils.java:logGet(43)) - raft.server.log.use.memory = false (default)
2019-09-26 10:51:01,554 [pool-297-thread-1] INFO  server.RaftServerConfigKeys (ConfUtils.java:logGet(43)) - raft.server.log.purge.gap = 1000000 (custom)
2019-09-26 10:51:01,554 [pool-297-thread-1] INFO  server.RaftServerConfigKeys (ConfUtils.java:logGet(43)) - raft.server.log.appender.buffer.byte-limit = 33554432 (custom)
2019-09-26 10:51:01,555 [pool-297-thread-1] INFO  server.RaftServerConfigKeys (ConfUtils.java:logGet(43)) - raft.server.log.segment.size.max = 1048576 (custom)
2019-09-26 10:51:01,555 [pool-297-thread-1] INFO  server.RaftServerConfigKeys (ConfUtils.java:logGet(43)) - raft.server.log.segment.cache.num.max = 2 (custom)
2019-09-26 10:51:01,555 [pool-297-thread-1] INFO  segmented.SegmentedRaftLogWorker (SegmentedRaftLogWorker.java:<init>(172)) - new d33bbd08-3e3e-438b-a99c-6b25309199ef@group-1A277D4CA7C8-SegmentedRaftLogWorker for RaftStorage:Storage Directory /workdir/hadoop-ozone/ozonefs/target/test-dir/MiniOzoneClusterImpl-e5a1f7e9-60e0-4040-8834-ccfdca6954e1/datanode-2/data/ratis/771f7ce1-6876-4193-824b-1a277d4ca7c8
2019-09-26 10:51:01,557 [pool-297-thread-1] INFO  server.RaftServerConfigKeys (ConfUtils.java:logGet(43)) - raft.server.log.queue.byte-limit = 2147483647 (custom)
2019-09-26 10:51:01,557 [pool-297-thread-1] INFO  server.RaftServerConfigKeys (ConfUtils.java:logGet(43)) - raft.server.log.queue.element-limit = 1024 (custom)
2019-09-26 10:51:01,557 [pool-297-thread-1] INFO  server.RaftServerConfigKeys (ConfUtils.java:logGet(43)) - raft.server.log.segment.size.max = 1048576 (custom)
2019-09-26 10:51:01,557 [pool-297-thread-1] INFO  server.RaftServerConfigKeys (ConfUtils.java:logGet(43)) - raft.server.log.preallocated.size = 16384 (custom)
2019-09-26 10:51:01,557 [pool-297-thread-1] INFO  server.RaftServerConfigKeys (ConfUtils.java:logGet(43)) - raft.server.log.write.buffer.size = 33554432 (custom)
2019-09-26 10:51:01,557 [pool-297-thread-1] INFO  server.RaftServerConfigKeys (ConfUtils.java:logGet(43)) - raft.server.log.force.sync.num = 128 (default)
2019-09-26 10:51:01,557 [pool-297-thread-1] INFO  server.RaftServerConfigKeys (ConfUtils.java:logGet(43)) - raft.server.log.statemachine.data.sync = true (default)
2019-09-26 10:51:01,558 [pool-297-thread-1] INFO  server.RaftServerConfigKeys (ConfUtils.java:logGet(43)) - raft.server.log.statemachine.data.sync.timeout = 10s (default)
2019-09-26 10:51:01,558 [pool-297-thread-1] INFO  server.RaftServerConfigKeys (ConfUtils.java:logGet(43)) - raft.server.log.statemachine.data.sync.timeout.retry = -1 (default)
2019-09-26 10:51:01,558 [pool-297-thread-1] INFO  server.RaftServerConfigKeys (ConfUtils.java:logGet(43)) - raft.server.log.statemachine.data.caching.enabled = true (custom)
2019-09-26 10:51:01,558 [pool-297-thread-1] INFO  segmented.SegmentedRaftLogWorker (SegmentedRaftLogWorker.java:lambda$new$0(132)) - d33bbd08-3e3e-438b-a99c-6b25309199ef@group-1A277D4CA7C8-SegmentedRaftLogWorker: flushIndex: setUnconditionally 0 -> -1
2019-09-26 10:51:01,559 [pool-297-thread-1] INFO  server.RaftServerConfigKeys (ConfUtils.java:logGet(43)) - raft.server.snapshot.auto.trigger.enabled = true (custom)
2019-09-26 10:51:01,559 [pool-297-thread-1] INFO  server.RaftServerConfigKeys (ConfUtils.java:logGet(43)) - raft.server.snapshot.auto.trigger.threshold = 10000 (custom)
2019-09-26 10:51:01,559 [pool-297-thread-1] INFO  server.RaftServerConfigKeys (ConfUtils.java:logGet(43)) - raft.server.snapshot.retention.num.files = 5 (custom)
2019-09-26 10:51:01,559 [pool-297-thread-1] INFO  server.RaftServerConfigKeys (ConfUtils.java:logGet(43)) - raft.server.retrycache.expirytime = 600000ms (custom)
2019-09-26 10:51:01,561 [pool-297-thread-1] INFO  impl.RaftServerImpl (RaftServerImpl.java:start(185)) - d33bbd08-3e3e-438b-a99c-6b25309199ef@group-1A277D4CA7C8: start as a follower, conf=-1: [d33bbd08-3e3e-438b-a99c-6b25309199ef:192.168.30.13:44451], old=null
2019-09-26 10:51:01,561 [pool-297-thread-1] INFO  impl.RaftServerImpl (RaftServerImpl.java:setRole(174)) - d33bbd08-3e3e-438b-a99c-6b25309199ef@group-1A277D4CA7C8: changes role from      null to FOLLOWER at term 0 for startAsFollower
2019-09-26 10:51:01,561 [pool-297-thread-1] INFO  impl.RoleInfo (RoleInfo.java:updateAndGet(143)) - d33bbd08-3e3e-438b-a99c-6b25309199ef: start FollowerState
2019-09-26 10:51:01,561 [pool-297-thread-1] INFO  util.JmxRegister (JmxRegister.java:tryRegister(44)) - Successfully registered JMX Bean with object name Ratis:service=RaftServer,group=group-1A277D4CA7C8,id=d33bbd08-3e3e-438b-a99c-6b25309199ef
2019-09-26 10:51:01,563 [RatisPipelineUtilsThread] INFO  pipeline.PipelineStateManager (PipelineStateManager.java:addPipeline(56)) - Created pipeline Pipeline[ Id: 771f7ce1-6876-4193-824b-1a277d4ca7c8, Nodes: d33bbd08-3e3e-438b-a99c-6b25309199ef{ip: 192.168.30.13, host: pr-hdds-1569-wvzgm-824869521, networkLocation: /default-rack, certSerialId: null}, Type:RATIS, Factor:ONE, State:OPEN]
2019-09-26 10:51:01,563 [RatisPipelineUtilsThread] INFO  pipeline.PipelinePlacementPolicy (PipelinePlacementPolicy.java:meetCriteria(91)) - Pipeline Placement: can't place more pipeline on heavy datanode： b00632ed-38e6-4e51-aa6e-3ec570305033 Heaviness: 6 limit: 5
2019-09-26 10:51:01,567 [grpc-default-executor-0] INFO  impl.RaftServerProxy (RaftServerProxy.java:addNew(89)) - d33bbd08-3e3e-438b-a99c-6b25309199ef: addNew group-0AD02296BB55:[d33bbd08-3e3e-438b-a99c-6b25309199ef:192.168.30.13:44451] returns group-0AD02296BB55:java.util.concurrent.CompletableFuture@4338351a[Not completed]
2019-09-26 10:51:01,568 [pool-297-thread-1] INFO  impl.RaftServerImpl (RaftServerImpl.java:<init>(95)) - d33bbd08-3e3e-438b-a99c-6b25309199ef: new RaftServerImpl for group-0AD02296BB55:[d33bbd08-3e3e-438b-a99c-6b25309199ef:192.168.30.13:44451] with ContainerStateMachine:uninitialized
2019-09-26 10:51:01,568 [pool-297-thread-1] INFO  server.RaftServerConfigKeys (ConfUtils.java:logGet(43)) - raft.server.rpc.timeout.min = 5s (custom)
2019-09-26 10:51:01,569 [pool-297-thread-1] INFO  server.RaftServerConfigKeys (ConfUtils.java:logGet(43)) - raft.server.rpc.timeout.max = 5200ms (custom)
2019-09-26 10:51:01,569 [pool-297-thread-1] INFO  server.RaftServerConfigKeys (ConfUtils.java:logGet(43)) - raft.server.rpcslowness.timeout = 120s (custom)
2019-09-26 10:51:01,569 [pool-297-thread-1] INFO  server.RaftServerConfigKeys (ConfUtils.java:logGet(43)) - raft.server.sleep.deviation.threshold = 300 (default)
2019-09-26 10:51:01,569 [pool-297-thread-1] INFO  server.RaftServerConfigKeys (ConfUtils.java:logGet(43)) - raft.server.log.appender.install.snapshot.enabled = false (custom)
2019-09-26 10:51:01,569 [pool-297-thread-1] INFO  impl.RaftServerImpl (ServerState.java:<init>(103)) - d33bbd08-3e3e-438b-a99c-6b25309199ef@group-0AD02296BB55: ConfigurationManager, init=-1: [d33bbd08-3e3e-438b-a99c-6b25309199ef:192.168.30.13:44451], old=null, confs=<EMPTY_MAP>
2019-09-26 10:51:01,569 [pool-297-thread-1] INFO  server.RaftServerConfigKeys (ConfUtils.java:logGet(43)) - raft.server.storage.dir = [/workdir/hadoop-ozone/ozonefs/target/test-dir/MiniOzoneClusterImpl-e5a1f7e9-60e0-4040-8834-ccfdca6954e1/datanode-2/data/ratis] (custom)
2019-09-26 10:51:01,570 [pool-297-thread-1] INFO  storage.RaftStorageDirectory (RaftStorageDirectory.java:analyzeStorage(246)) - The storage directory /workdir/hadoop-ozone/ozonefs/target/test-dir/MiniOzoneClusterImpl-e5a1f7e9-60e0-4040-8834-ccfdca6954e1/datanode-2/data/ratis/d570fdbc-61db-43d6-a231-0ad02296bb55 does not exist. Creating ...
2019-09-26 10:51:01,588 [pool-297-thread-1] INFO  storage.RaftStorageDirectory (RaftStorageDirectory.java:tryLock(328)) - Lock on /workdir/hadoop-ozone/ozonefs/target/test-dir/MiniOzoneClusterImpl-e5a1f7e9-60e0-4040-8834-ccfdca6954e1/datanode-2/data/ratis/d570fdbc-61db-43d6-a231-0ad02296bb55/in_use.lock acquired by nodename 25633@pr-hdds-1569-wvzgm-824869521
2019-09-26 10:51:01,601 [pool-297-thread-1] INFO  storage.RaftStorage (RaftStorage.java:format(72)) - Storage directory /workdir/hadoop-ozone/ozonefs/target/test-dir/MiniOzoneClusterImpl-e5a1f7e9-60e0-4040-8834-ccfdca6954e1/datanode-2/data/ratis/d570fdbc-61db-43d6-a231-0ad02296bb55 has been successfully formatted.
2019-09-26 10:51:01,601 [pool-297-thread-1] INFO  ratis.ContainerStateMachine (ContainerStateMachine.java:loadSnapshot(230)) - group-0AD02296BB55: The snapshot info is null. Setting the last applied indexto:(t:0, i:~)
2019-09-26 10:51:01,601 [pool-297-thread-1] INFO  server.RaftServerConfigKeys (ConfUtils.java:logGet(43)) - raft.server.notification.no-leader.timeout = 120s (custom)
2019-09-26 10:51:01,601 [pool-297-thread-1] INFO  server.RaftServerConfigKeys (ConfUtils.java:logGet(43)) - raft.server.log.use.memory = false (default)
2019-09-26 10:51:01,601 [pool-297-thread-1] INFO  server.RaftServerConfigKeys (ConfUtils.java:logGet(43)) - raft.server.log.purge.gap = 1000000 (custom)
2019-09-26 10:51:01,602 [pool-297-thread-1] INFO  server.RaftServerConfigKeys (ConfUtils.java:logGet(43)) - raft.server.log.appender.buffer.byte-limit = 33554432 (custom)
2019-09-26 10:51:01,602 [pool-297-thread-1] INFO  server.RaftServerConfigKeys (ConfUtils.java:logGet(43)) - raft.server.log.segment.size.max = 1048576 (custom)
2019-09-26 10:51:01,602 [pool-297-thread-1] INFO  server.RaftServerConfigKeys (ConfUtils.java:logGet(43)) - raft.server.log.segment.cache.num.max = 2 (custom)
2019-09-26 10:51:01,602 [pool-297-thread-1] INFO  segmented.SegmentedRaftLogWorker (SegmentedRaftLogWorker.java:<init>(172)) - new d33bbd08-3e3e-438b-a99c-6b25309199ef@group-0AD02296BB55-SegmentedRaftLogWorker for RaftStorage:Storage Directory /workdir/hadoop-ozone/ozonefs/target/test-dir/MiniOzoneClusterImpl-e5a1f7e9-60e0-4040-8834-ccfdca6954e1/datanode-2/data/ratis/d570fdbc-61db-43d6-a231-0ad02296bb55
2019-09-26 10:51:01,602 [pool-297-thread-1] INFO  server.RaftServerConfigKeys (ConfUtils.java:logGet(43)) - raft.server.log.queue.byte-limit = 2147483647 (custom)
2019-09-26 10:51:01,602 [pool-297-thread-1] INFO  server.RaftServerConfigKeys (ConfUtils.java:logGet(43)) - raft.server.log.queue.element-limit = 1024 (custom)
2019-09-26 10:51:01,602 [pool-297-thread-1] INFO  server.RaftServerConfigKeys (ConfUtils.java:logGet(43)) - raft.server.log.segment.size.max = 1048576 (custom)
2019-09-26 10:51:01,602 [pool-297-thread-1] INFO  server.RaftServerConfigKeys (ConfUtils.java:logGet(43)) - raft.server.log.preallocated.size = 16384 (custom)
2019-09-26 10:51:01,602 [pool-297-thread-1] INFO  server.RaftServerConfigKeys (ConfUtils.java:logGet(43)) - raft.server.log.write.buffer.size = 33554432 (custom)
2019-09-26 10:51:01,602 [pool-297-thread-1] INFO  server.RaftServerConfigKeys (ConfUtils.java:logGet(43)) - raft.server.log.force.sync.num = 128 (default)
2019-09-26 10:51:01,603 [pool-297-thread-1] INFO  server.RaftServerConfigKeys (ConfUtils.java:logGet(43)) - raft.server.log.statemachine.data.sync = true (default)
2019-09-26 10:51:01,603 [pool-297-thread-1] INFO  server.RaftServerConfigKeys (ConfUtils.java:logGet(43)) - raft.server.log.statemachine.data.sync.timeout = 10s (default)
2019-09-26 10:51:01,603 [pool-297-thread-1] INFO  server.RaftServerConfigKeys (ConfUtils.java:logGet(43)) - raft.server.log.statemachine.data.sync.timeout.retry = -1 (default)
2019-09-26 10:51:01,603 [pool-297-thread-1] INFO  server.RaftServerConfigKeys (ConfUtils.java:logGet(43)) - raft.server.log.statemachine.data.caching.enabled = true (custom)
2019-09-26 10:51:01,603 [pool-297-thread-1] INFO  segmented.SegmentedRaftLogWorker (SegmentedRaftLogWorker.java:lambda$new$0(132)) - d33bbd08-3e3e-438b-a99c-6b25309199ef@group-0AD02296BB55-SegmentedRaftLogWorker: flushIndex: setUnconditionally 0 -> -1
2019-09-26 10:51:01,603 [pool-297-thread-1] INFO  server.RaftServerConfigKeys (ConfUtils.java:logGet(43)) - raft.server.snapshot.auto.trigger.enabled = true (custom)
2019-09-26 10:51:01,603 [pool-297-thread-1] INFO  server.RaftServerConfigKeys (ConfUtils.java:logGet(43)) - raft.server.snapshot.auto.trigger.threshold = 10000 (custom)
2019-09-26 10:51:01,604 [pool-297-thread-1] INFO  server.RaftServerConfigKeys (ConfUtils.java:logGet(43)) - raft.server.snapshot.retention.num.files = 5 (custom)
2019-09-26 10:51:01,604 [pool-297-thread-1] INFO  server.RaftServerConfigKeys (ConfUtils.java:logGet(43)) - raft.server.retrycache.expirytime = 600000ms (custom)
2019-09-26 10:51:01,605 [pool-297-thread-1] INFO  impl.RaftServerImpl (RaftServerImpl.java:start(185)) - d33bbd08-3e3e-438b-a99c-6b25309199ef@group-0AD02296BB55: start as a follower, conf=-1: [d33bbd08-3e3e-438b-a99c-6b25309199ef:192.168.30.13:44451], old=null
2019-09-26 10:51:01,605 [pool-297-thread-1] INFO  impl.RaftServerImpl (RaftServerImpl.java:setRole(174)) - d33bbd08-3e3e-438b-a99c-6b25309199ef@group-0AD02296BB55: changes role from      null to FOLLOWER at term 0 for startAsFollower
2019-09-26 10:51:01,605 [pool-297-thread-1] INFO  impl.RoleInfo (RoleInfo.java:updateAndGet(143)) - d33bbd08-3e3e-438b-a99c-6b25309199ef: start FollowerState
2019-09-26 10:51:01,605 [pool-297-thread-1] INFO  util.JmxRegister (JmxRegister.java:tryRegister(44)) - Successfully registered JMX Bean with object name Ratis:service=RaftServer,group=group-0AD02296BB55,id=d33bbd08-3e3e-438b-a99c-6b25309199ef
2019-09-26 10:51:01,607 [RatisPipelineUtilsThread] INFO  pipeline.PipelineStateManager (PipelineStateManager.java:addPipeline(56)) - Created pipeline Pipeline[ Id: d570fdbc-61db-43d6-a231-0ad02296bb55, Nodes: d33bbd08-3e3e-438b-a99c-6b25309199ef{ip: 192.168.30.13, host: pr-hdds-1569-wvzgm-824869521, networkLocation: /default-rack, certSerialId: null}, Type:RATIS, Factor:ONE, State:OPEN]
2019-09-26 10:51:01,608 [RatisPipelineUtilsThread] INFO  pipeline.PipelinePlacementPolicy (PipelinePlacementPolicy.java:meetCriteria(91)) - Pipeline Placement: can't place more pipeline on heavy datanode： b00632ed-38e6-4e51-aa6e-3ec570305033 Heaviness: 6 limit: 5
2019-09-26 10:51:01,611 [grpc-default-executor-0] INFO  impl.RaftServerProxy (RaftServerProxy.java:addNew(89)) - 9a37ccb8-a0a5-45c8-9c33-1ff15e0d8b0a: addNew group-0BDAA6282708:[9a37ccb8-a0a5-45c8-9c33-1ff15e0d8b0a:192.168.30.13:34216] returns group-0BDAA6282708:java.util.concurrent.CompletableFuture@43262cba[Not completed]
2019-09-26 10:51:01,612 [pool-287-thread-1] INFO  impl.RaftServerImpl (RaftServerImpl.java:<init>(95)) - 9a37ccb8-a0a5-45c8-9c33-1ff15e0d8b0a: new RaftServerImpl for group-0BDAA6282708:[9a37ccb8-a0a5-45c8-9c33-1ff15e0d8b0a:192.168.30.13:34216] with ContainerStateMachine:uninitialized
2019-09-26 10:51:01,612 [pool-287-thread-1] INFO  server.RaftServerConfigKeys (ConfUtils.java:logGet(43)) - raft.server.rpc.timeout.min = 5s (custom)
2019-09-26 10:51:01,612 [pool-287-thread-1] INFO  server.RaftServerConfigKeys (ConfUtils.java:logGet(43)) - raft.server.rpc.timeout.max = 5200ms (custom)
2019-09-26 10:51:01,612 [pool-287-thread-1] INFO  server.RaftServerConfigKeys (ConfUtils.java:logGet(43)) - raft.server.rpcslowness.timeout = 120s (custom)
2019-09-26 10:51:01,612 [pool-287-thread-1] INFO  server.RaftServerConfigKeys (ConfUtils.java:logGet(43)) - raft.server.sleep.deviation.threshold = 300 (default)
2019-09-26 10:51:01,613 [pool-287-thread-1] INFO  server.RaftServerConfigKeys (ConfUtils.java:logGet(43)) - raft.server.log.appender.install.snapshot.enabled = false (custom)
2019-09-26 10:51:01,613 [pool-287-thread-1] INFO  impl.RaftServerImpl (ServerState.java:<init>(103)) - 9a37ccb8-a0a5-45c8-9c33-1ff15e0d8b0a@group-0BDAA6282708: ConfigurationManager, init=-1: [9a37ccb8-a0a5-45c8-9c33-1ff15e0d8b0a:192.168.30.13:34216], old=null, confs=<EMPTY_MAP>
2019-09-26 10:51:01,613 [pool-287-thread-1] INFO  server.RaftServerConfigKeys (ConfUtils.java:logGet(43)) - raft.server.storage.dir = [/workdir/hadoop-ozone/ozonefs/target/test-dir/MiniOzoneClusterImpl-e5a1f7e9-60e0-4040-8834-ccfdca6954e1/datanode-1/data/ratis] (custom)
2019-09-26 10:51:01,613 [pool-287-thread-1] INFO  storage.RaftStorageDirectory (RaftStorageDirectory.java:analyzeStorage(246)) - The storage directory /workdir/hadoop-ozone/ozonefs/target/test-dir/MiniOzoneClusterImpl-e5a1f7e9-60e0-4040-8834-ccfdca6954e1/datanode-1/data/ratis/0e44f084-d6aa-4692-84e4-0bdaa6282708 does not exist. Creating ...
2019-09-26 10:51:01,619 [pool-287-thread-1] INFO  storage.RaftStorageDirectory (RaftStorageDirectory.java:tryLock(328)) - Lock on /workdir/hadoop-ozone/ozonefs/target/test-dir/MiniOzoneClusterImpl-e5a1f7e9-60e0-4040-8834-ccfdca6954e1/datanode-1/data/ratis/0e44f084-d6aa-4692-84e4-0bdaa6282708/in_use.lock acquired by nodename 25633@pr-hdds-1569-wvzgm-824869521
2019-09-26 10:51:01,632 [pool-287-thread-1] INFO  storage.RaftStorage (RaftStorage.java:format(72)) - Storage directory /workdir/hadoop-ozone/ozonefs/target/test-dir/MiniOzoneClusterImpl-e5a1f7e9-60e0-4040-8834-ccfdca6954e1/datanode-1/data/ratis/0e44f084-d6aa-4692-84e4-0bdaa6282708 has been successfully formatted.
2019-09-26 10:51:01,632 [pool-287-thread-1] INFO  ratis.ContainerStateMachine (ContainerStateMachine.java:loadSnapshot(230)) - group-0BDAA6282708: The snapshot info is null. Setting the last applied indexto:(t:0, i:~)
2019-09-26 10:51:01,632 [pool-287-thread-1] INFO  server.RaftServerConfigKeys (ConfUtils.java:logGet(43)) - raft.server.notification.no-leader.timeout = 120s (custom)
2019-09-26 10:51:01,632 [pool-287-thread-1] INFO  server.RaftServerConfigKeys (ConfUtils.java:logGet(43)) - raft.server.log.use.memory = false (default)
2019-09-26 10:51:01,632 [pool-287-thread-1] INFO  server.RaftServerConfigKeys (ConfUtils.java:logGet(43)) - raft.server.log.purge.gap = 1000000 (custom)
2019-09-26 10:51:01,633 [pool-287-thread-1] INFO  server.RaftServerConfigKeys (ConfUtils.java:logGet(43)) - raft.server.log.appender.buffer.byte-limit = 33554432 (custom)
2019-09-26 10:51:01,633 [pool-287-thread-1] INFO  server.RaftServerConfigKeys (ConfUtils.java:logGet(43)) - raft.server.log.segment.size.max = 1048576 (custom)
2019-09-26 10:51:01,633 [pool-287-thread-1] INFO  server.RaftServerConfigKeys (ConfUtils.java:logGet(43)) - raft.server.log.segment.cache.num.max = 2 (custom)
2019-09-26 10:51:01,633 [pool-287-thread-1] INFO  segmented.SegmentedRaftLogWorker (SegmentedRaftLogWorker.java:<init>(172)) - new 9a37ccb8-a0a5-45c8-9c33-1ff15e0d8b0a@group-0BDAA6282708-SegmentedRaftLogWorker for RaftStorage:Storage Directory /workdir/hadoop-ozone/ozonefs/target/test-dir/MiniOzoneClusterImpl-e5a1f7e9-60e0-4040-8834-ccfdca6954e1/datanode-1/data/ratis/0e44f084-d6aa-4692-84e4-0bdaa6282708
2019-09-26 10:51:01,633 [pool-287-thread-1] INFO  server.RaftServerConfigKeys (ConfUtils.java:logGet(43)) - raft.server.log.queue.byte-limit = 2147483647 (custom)
2019-09-26 10:51:01,633 [pool-287-thread-1] INFO  server.RaftServerConfigKeys (ConfUtils.java:logGet(43)) - raft.server.log.queue.element-limit = 1024 (custom)
2019-09-26 10:51:01,633 [pool-287-thread-1] INFO  server.RaftServerConfigKeys (ConfUtils.java:logGet(43)) - raft.server.log.segment.size.max = 1048576 (custom)
2019-09-26 10:51:01,633 [pool-287-thread-1] INFO  server.RaftServerConfigKeys (ConfUtils.java:logGet(43)) - raft.server.log.preallocated.size = 16384 (custom)
2019-09-26 10:51:01,633 [pool-287-thread-1] INFO  server.RaftServerConfigKeys (ConfUtils.java:logGet(43)) - raft.server.log.write.buffer.size = 33554432 (custom)
2019-09-26 10:51:01,634 [pool-287-thread-1] INFO  server.RaftServerConfigKeys (ConfUtils.java:logGet(43)) - raft.server.log.force.sync.num = 128 (default)
2019-09-26 10:51:01,634 [pool-287-thread-1] INFO  server.RaftServerConfigKeys (ConfUtils.java:logGet(43)) - raft.server.log.statemachine.data.sync = true (default)
2019-09-26 10:51:01,634 [pool-287-thread-1] INFO  server.RaftServerConfigKeys (ConfUtils.java:logGet(43)) - raft.server.log.statemachine.data.sync.timeout = 10s (default)
2019-09-26 10:51:01,634 [pool-287-thread-1] INFO  server.RaftServerConfigKeys (ConfUtils.java:logGet(43)) - raft.server.log.statemachine.data.sync.timeout.retry = -1 (default)
2019-09-26 10:51:01,634 [pool-287-thread-1] INFO  server.RaftServerConfigKeys (ConfUtils.java:logGet(43)) - raft.server.log.statemachine.data.caching.enabled = true (custom)
2019-09-26 10:51:01,634 [pool-287-thread-1] INFO  segmented.SegmentedRaftLogWorker (SegmentedRaftLogWorker.java:lambda$new$0(132)) - 9a37ccb8-a0a5-45c8-9c33-1ff15e0d8b0a@group-0BDAA6282708-SegmentedRaftLogWorker: flushIndex: setUnconditionally 0 -> -1
2019-09-26 10:51:01,634 [pool-287-thread-1] INFO  server.RaftServerConfigKeys (ConfUtils.java:logGet(43)) - raft.server.snapshot.auto.trigger.enabled = true (custom)
2019-09-26 10:51:01,635 [pool-287-thread-1] INFO  server.RaftServerConfigKeys (ConfUtils.java:logGet(43)) - raft.server.snapshot.auto.trigger.threshold = 10000 (custom)
2019-09-26 10:51:01,635 [pool-287-thread-1] INFO  server.RaftServerConfigKeys (ConfUtils.java:logGet(43)) - raft.server.snapshot.retention.num.files = 5 (custom)
2019-09-26 10:51:01,635 [pool-287-thread-1] INFO  server.RaftServerConfigKeys (ConfUtils.java:logGet(43)) - raft.server.retrycache.expirytime = 600000ms (custom)
2019-09-26 10:51:01,636 [pool-287-thread-1] INFO  impl.RaftServerImpl (RaftServerImpl.java:start(185)) - 9a37ccb8-a0a5-45c8-9c33-1ff15e0d8b0a@group-0BDAA6282708: start as a follower, conf=-1: [9a37ccb8-a0a5-45c8-9c33-1ff15e0d8b0a:192.168.30.13:34216], old=null
2019-09-26 10:51:01,636 [pool-287-thread-1] INFO  impl.RaftServerImpl (RaftServerImpl.java:setRole(174)) - 9a37ccb8-a0a5-45c8-9c33-1ff15e0d8b0a@group-0BDAA6282708: changes role from      null to FOLLOWER at term 0 for startAsFollower
2019-09-26 10:51:01,636 [pool-287-thread-1] INFO  impl.RoleInfo (RoleInfo.java:updateAndGet(143)) - 9a37ccb8-a0a5-45c8-9c33-1ff15e0d8b0a: start FollowerState
2019-09-26 10:51:01,637 [pool-287-thread-1] INFO  util.JmxRegister (JmxRegister.java:tryRegister(44)) - Successfully registered JMX Bean with object name Ratis:service=RaftServer,group=group-0BDAA6282708,id=9a37ccb8-a0a5-45c8-9c33-1ff15e0d8b0a
2019-09-26 10:51:01,639 [RatisPipelineUtilsThread] INFO  pipeline.PipelineStateManager (PipelineStateManager.java:addPipeline(56)) - Created pipeline Pipeline[ Id: 0e44f084-d6aa-4692-84e4-0bdaa6282708, Nodes: 9a37ccb8-a0a5-45c8-9c33-1ff15e0d8b0a{ip: 192.168.30.13, host: pr-hdds-1569-wvzgm-824869521, networkLocation: /default-rack, certSerialId: null}, Type:RATIS, Factor:ONE, State:OPEN]
2019-09-26 10:51:01,639 [RatisPipelineUtilsThread] INFO  pipeline.PipelinePlacementPolicy (PipelinePlacementPolicy.java:meetCriteria(91)) - Pipeline Placement: can't place more pipeline on heavy datanode： b00632ed-38e6-4e51-aa6e-3ec570305033 Heaviness: 6 limit: 5
2019-09-26 10:51:01,643 [grpc-default-executor-0] INFO  impl.RaftServerProxy (RaftServerProxy.java:addNew(89)) - 9a37ccb8-a0a5-45c8-9c33-1ff15e0d8b0a: addNew group-87AB039DB8A3:[9a37ccb8-a0a5-45c8-9c33-1ff15e0d8b0a:192.168.30.13:34216] returns group-87AB039DB8A3:java.util.concurrent.CompletableFuture@1d630ee9[Not completed]
2019-09-26 10:51:01,644 [pool-287-thread-1] INFO  impl.RaftServerImpl (RaftServerImpl.java:<init>(95)) - 9a37ccb8-a0a5-45c8-9c33-1ff15e0d8b0a: new RaftServerImpl for group-87AB039DB8A3:[9a37ccb8-a0a5-45c8-9c33-1ff15e0d8b0a:192.168.30.13:34216] with ContainerStateMachine:uninitialized
2019-09-26 10:51:01,644 [pool-287-thread-1] INFO  server.RaftServerConfigKeys (ConfUtils.java:logGet(43)) - raft.server.rpc.timeout.min = 5s (custom)
2019-09-26 10:51:01,644 [pool-287-thread-1] INFO  server.RaftServerConfigKeys (ConfUtils.java:logGet(43)) - raft.server.rpc.timeout.max = 5200ms (custom)
2019-09-26 10:51:01,644 [pool-287-thread-1] INFO  server.RaftServerConfigKeys (ConfUtils.java:logGet(43)) - raft.server.rpcslowness.timeout = 120s (custom)
2019-09-26 10:51:01,644 [pool-287-thread-1] INFO  server.RaftServerConfigKeys (ConfUtils.java:logGet(43)) - raft.server.sleep.deviation.threshold = 300 (default)
2019-09-26 10:51:01,644 [pool-287-thread-1] INFO  server.RaftServerConfigKeys (ConfUtils.java:logGet(43)) - raft.server.log.appender.install.snapshot.enabled = false (custom)
2019-09-26 10:51:01,644 [pool-287-thread-1] INFO  impl.RaftServerImpl (ServerState.java:<init>(103)) - 9a37ccb8-a0a5-45c8-9c33-1ff15e0d8b0a@group-87AB039DB8A3: ConfigurationManager, init=-1: [9a37ccb8-a0a5-45c8-9c33-1ff15e0d8b0a:192.168.30.13:34216], old=null, confs=<EMPTY_MAP>
2019-09-26 10:51:01,644 [pool-287-thread-1] INFO  server.RaftServerConfigKeys (ConfUtils.java:logGet(43)) - raft.server.storage.dir = [/workdir/hadoop-ozone/ozonefs/target/test-dir/MiniOzoneClusterImpl-e5a1f7e9-60e0-4040-8834-ccfdca6954e1/datanode-1/data/ratis] (custom)
2019-09-26 10:51:01,645 [pool-287-thread-1] INFO  storage.RaftStorageDirectory (RaftStorageDirectory.java:analyzeStorage(246)) - The storage directory /workdir/hadoop-ozone/ozonefs/target/test-dir/MiniOzoneClusterImpl-e5a1f7e9-60e0-4040-8834-ccfdca6954e1/datanode-1/data/ratis/319961ea-ebc8-492d-bfc1-87ab039db8a3 does not exist. Creating ...
2019-09-26 10:51:01,657 [pool-287-thread-1] INFO  storage.RaftStorageDirectory (RaftStorageDirectory.java:tryLock(328)) - Lock on /workdir/hadoop-ozone/ozonefs/target/test-dir/MiniOzoneClusterImpl-e5a1f7e9-60e0-4040-8834-ccfdca6954e1/datanode-1/data/ratis/319961ea-ebc8-492d-bfc1-87ab039db8a3/in_use.lock acquired by nodename 25633@pr-hdds-1569-wvzgm-824869521
2019-09-26 10:51:01,670 [pool-287-thread-1] INFO  storage.RaftStorage (RaftStorage.java:format(72)) - Storage directory /workdir/hadoop-ozone/ozonefs/target/test-dir/MiniOzoneClusterImpl-e5a1f7e9-60e0-4040-8834-ccfdca6954e1/datanode-1/data/ratis/319961ea-ebc8-492d-bfc1-87ab039db8a3 has been successfully formatted.
2019-09-26 10:51:01,671 [pool-287-thread-1] INFO  ratis.ContainerStateMachine (ContainerStateMachine.java:loadSnapshot(230)) - group-87AB039DB8A3: The snapshot info is null. Setting the last applied indexto:(t:0, i:~)
2019-09-26 10:51:01,671 [pool-287-thread-1] INFO  server.RaftServerConfigKeys (ConfUtils.java:logGet(43)) - raft.server.notification.no-leader.timeout = 120s (custom)
2019-09-26 10:51:01,671 [pool-287-thread-1] INFO  server.RaftServerConfigKeys (ConfUtils.java:logGet(43)) - raft.server.log.use.memory = false (default)
2019-09-26 10:51:01,671 [pool-287-thread-1] INFO  server.RaftServerConfigKeys (ConfUtils.java:logGet(43)) - raft.server.log.purge.gap = 1000000 (custom)
2019-09-26 10:51:01,671 [pool-287-thread-1] INFO  server.RaftServerConfigKeys (ConfUtils.java:logGet(43)) - raft.server.log.appender.buffer.byte-limit = 33554432 (custom)
2019-09-26 10:51:01,671 [pool-287-thread-1] INFO  server.RaftServerConfigKeys (ConfUtils.java:logGet(43)) - raft.server.log.segment.size.max = 1048576 (custom)
2019-09-26 10:51:01,671 [pool-287-thread-1] INFO  server.RaftServerConfigKeys (ConfUtils.java:logGet(43)) - raft.server.log.segment.cache.num.max = 2 (custom)
2019-09-26 10:51:01,672 [pool-287-thread-1] INFO  segmented.SegmentedRaftLogWorker (SegmentedRaftLogWorker.java:<init>(172)) - new 9a37ccb8-a0a5-45c8-9c33-1ff15e0d8b0a@group-87AB039DB8A3-SegmentedRaftLogWorker for RaftStorage:Storage Directory /workdir/hadoop-ozone/ozonefs/target/test-dir/MiniOzoneClusterImpl-e5a1f7e9-60e0-4040-8834-ccfdca6954e1/datanode-1/data/ratis/319961ea-ebc8-492d-bfc1-87ab039db8a3
2019-09-26 10:51:01,672 [pool-287-thread-1] INFO  server.RaftServerConfigKeys (ConfUtils.java:logGet(43)) - raft.server.log.queue.byte-limit = 2147483647 (custom)
2019-09-26 10:51:01,672 [pool-287-thread-1] INFO  server.RaftServerConfigKeys (ConfUtils.java:logGet(43)) - raft.server.log.queue.element-limit = 1024 (custom)
2019-09-26 10:51:01,672 [pool-287-thread-1] INFO  server.RaftServerConfigKeys (ConfUtils.java:logGet(43)) - raft.server.log.segment.size.max = 1048576 (custom)
2019-09-26 10:51:01,672 [pool-287-thread-1] INFO  server.RaftServerConfigKeys (ConfUtils.java:logGet(43)) - raft.server.log.preallocated.size = 16384 (custom)
2019-09-26 10:51:01,672 [pool-287-thread-1] INFO  server.RaftServerConfigKeys (ConfUtils.java:logGet(43)) - raft.server.log.write.buffer.size = 33554432 (custom)
2019-09-26 10:51:01,672 [pool-287-thread-1] INFO  server.RaftServerConfigKeys (ConfUtils.java:logGet(43)) - raft.server.log.force.sync.num = 128 (default)
2019-09-26 10:51:01,672 [pool-287-thread-1] INFO  server.RaftServerConfigKeys (ConfUtils.java:logGet(43)) - raft.server.log.statemachine.data.sync = true (default)
2019-09-26 10:51:01,672 [pool-287-thread-1] INFO  server.RaftServerConfigKeys (ConfUtils.java:logGet(43)) - raft.server.log.statemachine.data.sync.timeout = 10s (default)
2019-09-26 10:51:01,672 [pool-287-thread-1] INFO  server.RaftServerConfigKeys (ConfUtils.java:logGet(43)) - raft.server.log.statemachine.data.sync.timeout.retry = -1 (default)
2019-09-26 10:51:01,673 [pool-287-thread-1] INFO  server.RaftServerConfigKeys (ConfUtils.java:logGet(43)) - raft.server.log.statemachine.data.caching.enabled = true (custom)
2019-09-26 10:51:01,673 [pool-287-thread-1] INFO  segmented.SegmentedRaftLogWorker (SegmentedRaftLogWorker.java:lambda$new$0(132)) - 9a37ccb8-a0a5-45c8-9c33-1ff15e0d8b0a@group-87AB039DB8A3-SegmentedRaftLogWorker: flushIndex: setUnconditionally 0 -> -1
2019-09-26 10:51:01,673 [pool-287-thread-1] INFO  server.RaftServerConfigKeys (ConfUtils.java:logGet(43)) - raft.server.snapshot.auto.trigger.enabled = true (custom)
2019-09-26 10:51:01,673 [pool-287-thread-1] INFO  server.RaftServerConfigKeys (ConfUtils.java:logGet(43)) - raft.server.snapshot.auto.trigger.threshold = 10000 (custom)
2019-09-26 10:51:01,673 [pool-287-thread-1] INFO  server.RaftServerConfigKeys (ConfUtils.java:logGet(43)) - raft.server.snapshot.retention.num.files = 5 (custom)
2019-09-26 10:51:01,673 [pool-287-thread-1] INFO  server.RaftServerConfigKeys (ConfUtils.java:logGet(43)) - raft.server.retrycache.expirytime = 600000ms (custom)
2019-09-26 10:51:01,675 [pool-287-thread-1] INFO  impl.RaftServerImpl (RaftServerImpl.java:start(185)) - 9a37ccb8-a0a5-45c8-9c33-1ff15e0d8b0a@group-87AB039DB8A3: start as a follower, conf=-1: [9a37ccb8-a0a5-45c8-9c33-1ff15e0d8b0a:192.168.30.13:34216], old=null
2019-09-26 10:51:01,675 [pool-287-thread-1] INFO  impl.RaftServerImpl (RaftServerImpl.java:setRole(174)) - 9a37ccb8-a0a5-45c8-9c33-1ff15e0d8b0a@group-87AB039DB8A3: changes role from      null to FOLLOWER at term 0 for startAsFollower
2019-09-26 10:51:01,675 [pool-287-thread-1] INFO  impl.RoleInfo (RoleInfo.java:updateAndGet(143)) - 9a37ccb8-a0a5-45c8-9c33-1ff15e0d8b0a: start FollowerState
2019-09-26 10:51:01,675 [pool-287-thread-1] INFO  util.JmxRegister (JmxRegister.java:tryRegister(44)) - Successfully registered JMX Bean with object name Ratis:service=RaftServer,group=group-87AB039DB8A3,id=9a37ccb8-a0a5-45c8-9c33-1ff15e0d8b0a
2019-09-26 10:51:01,678 [RatisPipelineUtilsThread] INFO  pipeline.PipelineStateManager (PipelineStateManager.java:addPipeline(56)) - Created pipeline Pipeline[ Id: 319961ea-ebc8-492d-bfc1-87ab039db8a3, Nodes: 9a37ccb8-a0a5-45c8-9c33-1ff15e0d8b0a{ip: 192.168.30.13, host: pr-hdds-1569-wvzgm-824869521, networkLocation: /default-rack, certSerialId: null}, Type:RATIS, Factor:ONE, State:OPEN]
2019-09-26 10:51:01,679 [RatisPipelineUtilsThread] INFO  pipeline.PipelinePlacementPolicy (PipelinePlacementPolicy.java:meetCriteria(91)) - Pipeline Placement: can't place more pipeline on heavy datanode： b00632ed-38e6-4e51-aa6e-3ec570305033 Heaviness: 6 limit: 5
2019-09-26 10:51:01,683 [grpc-default-executor-0] INFO  impl.RaftServerProxy (RaftServerProxy.java:addNew(89)) - 9a37ccb8-a0a5-45c8-9c33-1ff15e0d8b0a: addNew group-C870643F72DB:[9a37ccb8-a0a5-45c8-9c33-1ff15e0d8b0a:192.168.30.13:34216] returns group-C870643F72DB:java.util.concurrent.CompletableFuture@4170232[Not completed]
2019-09-26 10:51:01,684 [pool-287-thread-1] INFO  impl.RaftServerImpl (RaftServerImpl.java:<init>(95)) - 9a37ccb8-a0a5-45c8-9c33-1ff15e0d8b0a: new RaftServerImpl for group-C870643F72DB:[9a37ccb8-a0a5-45c8-9c33-1ff15e0d8b0a:192.168.30.13:34216] with ContainerStateMachine:uninitialized
2019-09-26 10:51:01,684 [pool-287-thread-1] INFO  server.RaftServerConfigKeys (ConfUtils.java:logGet(43)) - raft.server.rpc.timeout.min = 5s (custom)
2019-09-26 10:51:01,685 [pool-287-thread-1] INFO  server.RaftServerConfigKeys (ConfUtils.java:logGet(43)) - raft.server.rpc.timeout.max = 5200ms (custom)
2019-09-26 10:51:01,685 [pool-287-thread-1] INFO  server.RaftServerConfigKeys (ConfUtils.java:logGet(43)) - raft.server.rpcslowness.timeout = 120s (custom)
2019-09-26 10:51:01,685 [pool-287-thread-1] INFO  server.RaftServerConfigKeys (ConfUtils.java:logGet(43)) - raft.server.sleep.deviation.threshold = 300 (default)
2019-09-26 10:51:01,685 [pool-287-thread-1] INFO  server.RaftServerConfigKeys (ConfUtils.java:logGet(43)) - raft.server.log.appender.install.snapshot.enabled = false (custom)
2019-09-26 10:51:01,685 [pool-287-thread-1] INFO  impl.RaftServerImpl (ServerState.java:<init>(103)) - 9a37ccb8-a0a5-45c8-9c33-1ff15e0d8b0a@group-C870643F72DB: ConfigurationManager, init=-1: [9a37ccb8-a0a5-45c8-9c33-1ff15e0d8b0a:192.168.30.13:34216], old=null, confs=<EMPTY_MAP>
2019-09-26 10:51:01,685 [pool-287-thread-1] INFO  server.RaftServerConfigKeys (ConfUtils.java:logGet(43)) - raft.server.storage.dir = [/workdir/hadoop-ozone/ozonefs/target/test-dir/MiniOzoneClusterImpl-e5a1f7e9-60e0-4040-8834-ccfdca6954e1/datanode-1/data/ratis] (custom)
2019-09-26 10:51:01,685 [pool-287-thread-1] INFO  storage.RaftStorageDirectory (RaftStorageDirectory.java:analyzeStorage(246)) - The storage directory /workdir/hadoop-ozone/ozonefs/target/test-dir/MiniOzoneClusterImpl-e5a1f7e9-60e0-4040-8834-ccfdca6954e1/datanode-1/data/ratis/7c5b3b16-41bc-48aa-a6b5-c870643f72db does not exist. Creating ...
2019-09-26 10:51:01,698 [pool-287-thread-1] INFO  storage.RaftStorageDirectory (RaftStorageDirectory.java:tryLock(328)) - Lock on /workdir/hadoop-ozone/ozonefs/target/test-dir/MiniOzoneClusterImpl-e5a1f7e9-60e0-4040-8834-ccfdca6954e1/datanode-1/data/ratis/7c5b3b16-41bc-48aa-a6b5-c870643f72db/in_use.lock acquired by nodename 25633@pr-hdds-1569-wvzgm-824869521
2019-09-26 10:51:01,711 [pool-287-thread-1] INFO  storage.RaftStorage (RaftStorage.java:format(72)) - Storage directory /workdir/hadoop-ozone/ozonefs/target/test-dir/MiniOzoneClusterImpl-e5a1f7e9-60e0-4040-8834-ccfdca6954e1/datanode-1/data/ratis/7c5b3b16-41bc-48aa-a6b5-c870643f72db has been successfully formatted.
2019-09-26 10:51:01,711 [pool-287-thread-1] INFO  ratis.ContainerStateMachine (ContainerStateMachine.java:loadSnapshot(230)) - group-C870643F72DB: The snapshot info is null. Setting the last applied indexto:(t:0, i:~)
2019-09-26 10:51:01,711 [pool-287-thread-1] INFO  server.RaftServerConfigKeys (ConfUtils.java:logGet(43)) - raft.server.notification.no-leader.timeout = 120s (custom)
2019-09-26 10:51:01,711 [pool-287-thread-1] INFO  server.RaftServerConfigKeys (ConfUtils.java:logGet(43)) - raft.server.log.use.memory = false (default)
2019-09-26 10:51:01,711 [pool-287-thread-1] INFO  server.RaftServerConfigKeys (ConfUtils.java:logGet(43)) - raft.server.log.purge.gap = 1000000 (custom)
2019-09-26 10:51:01,711 [pool-287-thread-1] INFO  server.RaftServerConfigKeys (ConfUtils.java:logGet(43)) - raft.server.log.appender.buffer.byte-limit = 33554432 (custom)
2019-09-26 10:51:01,711 [pool-287-thread-1] INFO  server.RaftServerConfigKeys (ConfUtils.java:logGet(43)) - raft.server.log.segment.size.max = 1048576 (custom)
2019-09-26 10:51:01,712 [pool-287-thread-1] INFO  server.RaftServerConfigKeys (ConfUtils.java:logGet(43)) - raft.server.log.segment.cache.num.max = 2 (custom)
2019-09-26 10:51:01,712 [pool-287-thread-1] INFO  segmented.SegmentedRaftLogWorker (SegmentedRaftLogWorker.java:<init>(172)) - new 9a37ccb8-a0a5-45c8-9c33-1ff15e0d8b0a@group-C870643F72DB-SegmentedRaftLogWorker for RaftStorage:Storage Directory /workdir/hadoop-ozone/ozonefs/target/test-dir/MiniOzoneClusterImpl-e5a1f7e9-60e0-4040-8834-ccfdca6954e1/datanode-1/data/ratis/7c5b3b16-41bc-48aa-a6b5-c870643f72db
2019-09-26 10:51:01,712 [pool-287-thread-1] INFO  server.RaftServerConfigKeys (ConfUtils.java:logGet(43)) - raft.server.log.queue.byte-limit = 2147483647 (custom)
2019-09-26 10:51:01,712 [pool-287-thread-1] INFO  server.RaftServerConfigKeys (ConfUtils.java:logGet(43)) - raft.server.log.queue.element-limit = 1024 (custom)
2019-09-26 10:51:01,712 [pool-287-thread-1] INFO  server.RaftServerConfigKeys (ConfUtils.java:logGet(43)) - raft.server.log.segment.size.max = 1048576 (custom)
2019-09-26 10:51:01,712 [pool-287-thread-1] INFO  server.RaftServerConfigKeys (ConfUtils.java:logGet(43)) - raft.server.log.preallocated.size = 16384 (custom)
2019-09-26 10:51:01,712 [pool-287-thread-1] INFO  server.RaftServerConfigKeys (ConfUtils.java:logGet(43)) - raft.server.log.write.buffer.size = 33554432 (custom)
2019-09-26 10:51:01,712 [pool-287-thread-1] INFO  server.RaftServerConfigKeys (ConfUtils.java:logGet(43)) - raft.server.log.force.sync.num = 128 (default)
2019-09-26 10:51:01,712 [pool-287-thread-1] INFO  server.RaftServerConfigKeys (ConfUtils.java:logGet(43)) - raft.server.log.statemachine.data.sync = true (default)
2019-09-26 10:51:01,712 [pool-287-thread-1] INFO  server.RaftServerConfigKeys (ConfUtils.java:logGet(43)) - raft.server.log.statemachine.data.sync.timeout = 10s (default)
2019-09-26 10:51:01,713 [pool-287-thread-1] INFO  server.RaftServerConfigKeys (ConfUtils.java:logGet(43)) - raft.server.log.statemachine.data.sync.timeout.retry = -1 (default)
2019-09-26 10:51:01,713 [pool-287-thread-1] INFO  server.RaftServerConfigKeys (ConfUtils.java:logGet(43)) - raft.server.log.statemachine.data.caching.enabled = true (custom)
2019-09-26 10:51:01,713 [pool-287-thread-1] INFO  segmented.SegmentedRaftLogWorker (SegmentedRaftLogWorker.java:lambda$new$0(132)) - 9a37ccb8-a0a5-45c8-9c33-1ff15e0d8b0a@group-C870643F72DB-SegmentedRaftLogWorker: flushIndex: setUnconditionally 0 -> -1
2019-09-26 10:51:01,713 [pool-287-thread-1] INFO  server.RaftServerConfigKeys (ConfUtils.java:logGet(43)) - raft.server.snapshot.auto.trigger.enabled = true (custom)
2019-09-26 10:51:01,713 [pool-287-thread-1] INFO  server.RaftServerConfigKeys (ConfUtils.java:logGet(43)) - raft.server.snapshot.auto.trigger.threshold = 10000 (custom)
2019-09-26 10:51:01,713 [pool-287-thread-1] INFO  server.RaftServerConfigKeys (ConfUtils.java:logGet(43)) - raft.server.snapshot.retention.num.files = 5 (custom)
2019-09-26 10:51:01,713 [pool-287-thread-1] INFO  server.RaftServerConfigKeys (ConfUtils.java:logGet(43)) - raft.server.retrycache.expirytime = 600000ms (custom)
2019-09-26 10:51:01,715 [pool-287-thread-1] INFO  impl.RaftServerImpl (RaftServerImpl.java:start(185)) - 9a37ccb8-a0a5-45c8-9c33-1ff15e0d8b0a@group-C870643F72DB: start as a follower, conf=-1: [9a37ccb8-a0a5-45c8-9c33-1ff15e0d8b0a:192.168.30.13:34216], old=null
2019-09-26 10:51:01,715 [pool-287-thread-1] INFO  impl.RaftServerImpl (RaftServerImpl.java:setRole(174)) - 9a37ccb8-a0a5-45c8-9c33-1ff15e0d8b0a@group-C870643F72DB: changes role from      null to FOLLOWER at term 0 for startAsFollower
2019-09-26 10:51:01,715 [pool-287-thread-1] INFO  impl.RoleInfo (RoleInfo.java:updateAndGet(143)) - 9a37ccb8-a0a5-45c8-9c33-1ff15e0d8b0a: start FollowerState
2019-09-26 10:51:01,715 [pool-287-thread-1] INFO  util.JmxRegister (JmxRegister.java:tryRegister(44)) - Successfully registered JMX Bean with object name Ratis:service=RaftServer,group=group-C870643F72DB,id=9a37ccb8-a0a5-45c8-9c33-1ff15e0d8b0a
2019-09-26 10:51:01,718 [RatisPipelineUtilsThread] INFO  pipeline.PipelineStateManager (PipelineStateManager.java:addPipeline(56)) - Created pipeline Pipeline[ Id: 7c5b3b16-41bc-48aa-a6b5-c870643f72db, Nodes: 9a37ccb8-a0a5-45c8-9c33-1ff15e0d8b0a{ip: 192.168.30.13, host: pr-hdds-1569-wvzgm-824869521, networkLocation: /default-rack, certSerialId: null}, Type:RATIS, Factor:ONE, State:OPEN]
2019-09-26 10:51:01,718 [RatisPipelineUtilsThread] INFO  pipeline.PipelinePlacementPolicy (PipelinePlacementPolicy.java:meetCriteria(91)) - Pipeline Placement: can't place more pipeline on heavy datanode： b00632ed-38e6-4e51-aa6e-3ec570305033 Heaviness: 6 limit: 5
2019-09-26 10:51:01,723 [grpc-default-executor-0] INFO  impl.RaftServerProxy (RaftServerProxy.java:addNew(89)) - 9a37ccb8-a0a5-45c8-9c33-1ff15e0d8b0a: addNew group-04ACAFB3C640:[9a37ccb8-a0a5-45c8-9c33-1ff15e0d8b0a:192.168.30.13:34216] returns group-04ACAFB3C640:java.util.concurrent.CompletableFuture@1524ccc9[Not completed]
2019-09-26 10:51:01,724 [pool-287-thread-1] INFO  impl.RaftServerImpl (RaftServerImpl.java:<init>(95)) - 9a37ccb8-a0a5-45c8-9c33-1ff15e0d8b0a: new RaftServerImpl for group-04ACAFB3C640:[9a37ccb8-a0a5-45c8-9c33-1ff15e0d8b0a:192.168.30.13:34216] with ContainerStateMachine:uninitialized
2019-09-26 10:51:01,724 [pool-287-thread-1] INFO  server.RaftServerConfigKeys (ConfUtils.java:logGet(43)) - raft.server.rpc.timeout.min = 5s (custom)
2019-09-26 10:51:01,724 [pool-287-thread-1] INFO  server.RaftServerConfigKeys (ConfUtils.java:logGet(43)) - raft.server.rpc.timeout.max = 5200ms (custom)
2019-09-26 10:51:01,724 [pool-287-thread-1] INFO  server.RaftServerConfigKeys (ConfUtils.java:logGet(43)) - raft.server.rpcslowness.timeout = 120s (custom)
2019-09-26 10:51:01,724 [pool-287-thread-1] INFO  server.RaftServerConfigKeys (ConfUtils.java:logGet(43)) - raft.server.sleep.deviation.threshold = 300 (default)
2019-09-26 10:51:01,724 [pool-287-thread-1] INFO  server.RaftServerConfigKeys (ConfUtils.java:logGet(43)) - raft.server.log.appender.install.snapshot.enabled = false (custom)
2019-09-26 10:51:01,724 [pool-287-thread-1] INFO  impl.RaftServerImpl (ServerState.java:<init>(103)) - 9a37ccb8-a0a5-45c8-9c33-1ff15e0d8b0a@group-04ACAFB3C640: ConfigurationManager, init=-1: [9a37ccb8-a0a5-45c8-9c33-1ff15e0d8b0a:192.168.30.13:34216], old=null, confs=<EMPTY_MAP>
2019-09-26 10:51:01,724 [pool-287-thread-1] INFO  server.RaftServerConfigKeys (ConfUtils.java:logGet(43)) - raft.server.storage.dir = [/workdir/hadoop-ozone/ozonefs/target/test-dir/MiniOzoneClusterImpl-e5a1f7e9-60e0-4040-8834-ccfdca6954e1/datanode-1/data/ratis] (custom)
2019-09-26 10:51:01,725 [pool-287-thread-1] INFO  storage.RaftStorageDirectory (RaftStorageDirectory.java:analyzeStorage(246)) - The storage directory /workdir/hadoop-ozone/ozonefs/target/test-dir/MiniOzoneClusterImpl-e5a1f7e9-60e0-4040-8834-ccfdca6954e1/datanode-1/data/ratis/826d5337-d633-47a5-8328-04acafb3c640 does not exist. Creating ...
2019-09-26 10:51:01,737 [pool-287-thread-1] INFO  storage.RaftStorageDirectory (RaftStorageDirectory.java:tryLock(328)) - Lock on /workdir/hadoop-ozone/ozonefs/target/test-dir/MiniOzoneClusterImpl-e5a1f7e9-60e0-4040-8834-ccfdca6954e1/datanode-1/data/ratis/826d5337-d633-47a5-8328-04acafb3c640/in_use.lock acquired by nodename 25633@pr-hdds-1569-wvzgm-824869521
2019-09-26 10:51:01,750 [pool-287-thread-1] INFO  storage.RaftStorage (RaftStorage.java:format(72)) - Storage directory /workdir/hadoop-ozone/ozonefs/target/test-dir/MiniOzoneClusterImpl-e5a1f7e9-60e0-4040-8834-ccfdca6954e1/datanode-1/data/ratis/826d5337-d633-47a5-8328-04acafb3c640 has been successfully formatted.
2019-09-26 10:51:01,750 [pool-287-thread-1] INFO  ratis.ContainerStateMachine (ContainerStateMachine.java:loadSnapshot(230)) - group-04ACAFB3C640: The snapshot info is null. Setting the last applied indexto:(t:0, i:~)
2019-09-26 10:51:01,751 [pool-287-thread-1] INFO  server.RaftServerConfigKeys (ConfUtils.java:logGet(43)) - raft.server.notification.no-leader.timeout = 120s (custom)
2019-09-26 10:51:01,751 [pool-287-thread-1] INFO  server.RaftServerConfigKeys (ConfUtils.java:logGet(43)) - raft.server.log.use.memory = false (default)
2019-09-26 10:51:01,751 [pool-287-thread-1] INFO  server.RaftServerConfigKeys (ConfUtils.java:logGet(43)) - raft.server.log.purge.gap = 1000000 (custom)
2019-09-26 10:51:01,751 [pool-287-thread-1] INFO  server.RaftServerConfigKeys (ConfUtils.java:logGet(43)) - raft.server.log.appender.buffer.byte-limit = 33554432 (custom)
2019-09-26 10:51:01,751 [pool-287-thread-1] INFO  server.RaftServerConfigKeys (ConfUtils.java:logGet(43)) - raft.server.log.segment.size.max = 1048576 (custom)
2019-09-26 10:51:01,751 [pool-287-thread-1] INFO  server.RaftServerConfigKeys (ConfUtils.java:logGet(43)) - raft.server.log.segment.cache.num.max = 2 (custom)
2019-09-26 10:51:01,751 [pool-287-thread-1] INFO  segmented.SegmentedRaftLogWorker (SegmentedRaftLogWorker.java:<init>(172)) - new 9a37ccb8-a0a5-45c8-9c33-1ff15e0d8b0a@group-04ACAFB3C640-SegmentedRaftLogWorker for RaftStorage:Storage Directory /workdir/hadoop-ozone/ozonefs/target/test-dir/MiniOzoneClusterImpl-e5a1f7e9-60e0-4040-8834-ccfdca6954e1/datanode-1/data/ratis/826d5337-d633-47a5-8328-04acafb3c640
2019-09-26 10:51:01,751 [pool-287-thread-1] INFO  server.RaftServerConfigKeys (ConfUtils.java:logGet(43)) - raft.server.log.queue.byte-limit = 2147483647 (custom)
2019-09-26 10:51:01,751 [pool-287-thread-1] INFO  server.RaftServerConfigKeys (ConfUtils.java:logGet(43)) - raft.server.log.queue.element-limit = 1024 (custom)
2019-09-26 10:51:01,752 [pool-287-thread-1] INFO  server.RaftServerConfigKeys (ConfUtils.java:logGet(43)) - raft.server.log.segment.size.max = 1048576 (custom)
2019-09-26 10:51:01,752 [pool-287-thread-1] INFO  server.RaftServerConfigKeys (ConfUtils.java:logGet(43)) - raft.server.log.preallocated.size = 16384 (custom)
2019-09-26 10:51:01,752 [pool-287-thread-1] INFO  server.RaftServerConfigKeys (ConfUtils.java:logGet(43)) - raft.server.log.write.buffer.size = 33554432 (custom)
2019-09-26 10:51:01,752 [pool-287-thread-1] INFO  server.RaftServerConfigKeys (ConfUtils.java:logGet(43)) - raft.server.log.force.sync.num = 128 (default)
2019-09-26 10:51:01,752 [pool-287-thread-1] INFO  server.RaftServerConfigKeys (ConfUtils.java:logGet(43)) - raft.server.log.statemachine.data.sync = true (default)
2019-09-26 10:51:01,752 [pool-287-thread-1] INFO  server.RaftServerConfigKeys (ConfUtils.java:logGet(43)) - raft.server.log.statemachine.data.sync.timeout = 10s (default)
2019-09-26 10:51:01,752 [pool-287-thread-1] INFO  server.RaftServerConfigKeys (ConfUtils.java:logGet(43)) - raft.server.log.statemachine.data.sync.timeout.retry = -1 (default)
2019-09-26 10:51:01,752 [pool-287-thread-1] INFO  server.RaftServerConfigKeys (ConfUtils.java:logGet(43)) - raft.server.log.statemachine.data.caching.enabled = true (custom)
2019-09-26 10:51:01,752 [pool-287-thread-1] INFO  segmented.SegmentedRaftLogWorker (SegmentedRaftLogWorker.java:lambda$new$0(132)) - 9a37ccb8-a0a5-45c8-9c33-1ff15e0d8b0a@group-04ACAFB3C640-SegmentedRaftLogWorker: flushIndex: setUnconditionally 0 -> -1
2019-09-26 10:51:01,753 [pool-287-thread-1] INFO  server.RaftServerConfigKeys (ConfUtils.java:logGet(43)) - raft.server.snapshot.auto.trigger.enabled = true (custom)
2019-09-26 10:51:01,753 [pool-287-thread-1] INFO  server.RaftServerConfigKeys (ConfUtils.java:logGet(43)) - raft.server.snapshot.auto.trigger.threshold = 10000 (custom)
2019-09-26 10:51:01,753 [pool-287-thread-1] INFO  server.RaftServerConfigKeys (ConfUtils.java:logGet(43)) - raft.server.snapshot.retention.num.files = 5 (custom)
2019-09-26 10:51:01,753 [pool-287-thread-1] INFO  server.RaftServerConfigKeys (ConfUtils.java:logGet(43)) - raft.server.retrycache.expirytime = 600000ms (custom)
2019-09-26 10:51:01,754 [pool-287-thread-1] INFO  impl.RaftServerImpl (RaftServerImpl.java:start(185)) - 9a37ccb8-a0a5-45c8-9c33-1ff15e0d8b0a@group-04ACAFB3C640: start as a follower, conf=-1: [9a37ccb8-a0a5-45c8-9c33-1ff15e0d8b0a:192.168.30.13:34216], old=null
2019-09-26 10:51:01,754 [pool-287-thread-1] INFO  impl.RaftServerImpl (RaftServerImpl.java:setRole(174)) - 9a37ccb8-a0a5-45c8-9c33-1ff15e0d8b0a@group-04ACAFB3C640: changes role from      null to FOLLOWER at term 0 for startAsFollower
2019-09-26 10:51:01,754 [pool-287-thread-1] INFO  impl.RoleInfo (RoleInfo.java:updateAndGet(143)) - 9a37ccb8-a0a5-45c8-9c33-1ff15e0d8b0a: start FollowerState
2019-09-26 10:51:01,755 [pool-287-thread-1] INFO  util.JmxRegister (JmxRegister.java:tryRegister(44)) - Successfully registered JMX Bean with object name Ratis:service=RaftServer,group=group-04ACAFB3C640,id=9a37ccb8-a0a5-45c8-9c33-1ff15e0d8b0a
2019-09-26 10:51:01,758 [RatisPipelineUtilsThread] INFO  pipeline.PipelineStateManager (PipelineStateManager.java:addPipeline(56)) - Created pipeline Pipeline[ Id: 826d5337-d633-47a5-8328-04acafb3c640, Nodes: 9a37ccb8-a0a5-45c8-9c33-1ff15e0d8b0a{ip: 192.168.30.13, host: pr-hdds-1569-wvzgm-824869521, networkLocation: /default-rack, certSerialId: null}, Type:RATIS, Factor:ONE, State:OPEN]
2019-09-26 10:51:01,758 [RatisPipelineUtilsThread] INFO  pipeline.PipelinePlacementPolicy (PipelinePlacementPolicy.java:meetCriteria(91)) - Pipeline Placement: can't place more pipeline on heavy datanode： b00632ed-38e6-4e51-aa6e-3ec570305033 Heaviness: 6 limit: 5
2019-09-26 10:51:01,763 [grpc-default-executor-0] INFO  impl.RaftServerProxy (RaftServerProxy.java:addNew(89)) - 9a37ccb8-a0a5-45c8-9c33-1ff15e0d8b0a: addNew group-7A0536DE3121:[9a37ccb8-a0a5-45c8-9c33-1ff15e0d8b0a:192.168.30.13:34216] returns group-7A0536DE3121:java.util.concurrent.CompletableFuture@6a66d895[Not completed]
2019-09-26 10:51:01,763 [pool-287-thread-1] INFO  impl.RaftServerImpl (RaftServerImpl.java:<init>(95)) - 9a37ccb8-a0a5-45c8-9c33-1ff15e0d8b0a: new RaftServerImpl for group-7A0536DE3121:[9a37ccb8-a0a5-45c8-9c33-1ff15e0d8b0a:192.168.30.13:34216] with ContainerStateMachine:uninitialized
2019-09-26 10:51:01,764 [pool-287-thread-1] INFO  server.RaftServerConfigKeys (ConfUtils.java:logGet(43)) - raft.server.rpc.timeout.min = 5s (custom)
2019-09-26 10:51:01,764 [pool-287-thread-1] INFO  server.RaftServerConfigKeys (ConfUtils.java:logGet(43)) - raft.server.rpc.timeout.max = 5200ms (custom)
2019-09-26 10:51:01,764 [pool-287-thread-1] INFO  server.RaftServerConfigKeys (ConfUtils.java:logGet(43)) - raft.server.rpcslowness.timeout = 120s (custom)
2019-09-26 10:51:01,764 [pool-287-thread-1] INFO  server.RaftServerConfigKeys (ConfUtils.java:logGet(43)) - raft.server.sleep.deviation.threshold = 300 (default)
2019-09-26 10:51:01,764 [pool-287-thread-1] INFO  server.RaftServerConfigKeys (ConfUtils.java:logGet(43)) - raft.server.log.appender.install.snapshot.enabled = false (custom)
2019-09-26 10:51:01,764 [pool-287-thread-1] INFO  impl.RaftServerImpl (ServerState.java:<init>(103)) - 9a37ccb8-a0a5-45c8-9c33-1ff15e0d8b0a@group-7A0536DE3121: ConfigurationManager, init=-1: [9a37ccb8-a0a5-45c8-9c33-1ff15e0d8b0a:192.168.30.13:34216], old=null, confs=<EMPTY_MAP>
2019-09-26 10:51:01,764 [pool-287-thread-1] INFO  server.RaftServerConfigKeys (ConfUtils.java:logGet(43)) - raft.server.storage.dir = [/workdir/hadoop-ozone/ozonefs/target/test-dir/MiniOzoneClusterImpl-e5a1f7e9-60e0-4040-8834-ccfdca6954e1/datanode-1/data/ratis] (custom)
2019-09-26 10:51:01,764 [pool-287-thread-1] INFO  storage.RaftStorageDirectory (RaftStorageDirectory.java:analyzeStorage(246)) - The storage directory /workdir/hadoop-ozone/ozonefs/target/test-dir/MiniOzoneClusterImpl-e5a1f7e9-60e0-4040-8834-ccfdca6954e1/datanode-1/data/ratis/73f5b59e-c024-4329-925d-7a0536de3121 does not exist. Creating ...
2019-09-26 10:51:01,777 [pool-287-thread-1] INFO  storage.RaftStorageDirectory (RaftStorageDirectory.java:tryLock(328)) - Lock on /workdir/hadoop-ozone/ozonefs/target/test-dir/MiniOzoneClusterImpl-e5a1f7e9-60e0-4040-8834-ccfdca6954e1/datanode-1/data/ratis/73f5b59e-c024-4329-925d-7a0536de3121/in_use.lock acquired by nodename 25633@pr-hdds-1569-wvzgm-824869521
2019-09-26 10:51:01,790 [pool-287-thread-1] INFO  storage.RaftStorage (RaftStorage.java:format(72)) - Storage directory /workdir/hadoop-ozone/ozonefs/target/test-dir/MiniOzoneClusterImpl-e5a1f7e9-60e0-4040-8834-ccfdca6954e1/datanode-1/data/ratis/73f5b59e-c024-4329-925d-7a0536de3121 has been successfully formatted.
2019-09-26 10:51:01,790 [pool-287-thread-1] INFO  ratis.ContainerStateMachine (ContainerStateMachine.java:loadSnapshot(230)) - group-7A0536DE3121: The snapshot info is null. Setting the last applied indexto:(t:0, i:~)
2019-09-26 10:51:01,790 [pool-287-thread-1] INFO  server.RaftServerConfigKeys (ConfUtils.java:logGet(43)) - raft.server.notification.no-leader.timeout = 120s (custom)
2019-09-26 10:51:01,790 [pool-287-thread-1] INFO  server.RaftServerConfigKeys (ConfUtils.java:logGet(43)) - raft.server.log.use.memory = false (default)
2019-09-26 10:51:01,790 [pool-287-thread-1] INFO  server.RaftServerConfigKeys (ConfUtils.java:logGet(43)) - raft.server.log.purge.gap = 1000000 (custom)
2019-09-26 10:51:01,791 [pool-287-thread-1] INFO  server.RaftServerConfigKeys (ConfUtils.java:logGet(43)) - raft.server.log.appender.buffer.byte-limit = 33554432 (custom)
2019-09-26 10:51:01,791 [pool-287-thread-1] INFO  server.RaftServerConfigKeys (ConfUtils.java:logGet(43)) - raft.server.log.segment.size.max = 1048576 (custom)
2019-09-26 10:51:01,791 [pool-287-thread-1] INFO  server.RaftServerConfigKeys (ConfUtils.java:logGet(43)) - raft.server.log.segment.cache.num.max = 2 (custom)
2019-09-26 10:51:01,791 [pool-287-thread-1] INFO  segmented.SegmentedRaftLogWorker (SegmentedRaftLogWorker.java:<init>(172)) - new 9a37ccb8-a0a5-45c8-9c33-1ff15e0d8b0a@group-7A0536DE3121-SegmentedRaftLogWorker for RaftStorage:Storage Directory /workdir/hadoop-ozone/ozonefs/target/test-dir/MiniOzoneClusterImpl-e5a1f7e9-60e0-4040-8834-ccfdca6954e1/datanode-1/data/ratis/73f5b59e-c024-4329-925d-7a0536de3121
2019-09-26 10:51:01,791 [pool-287-thread-1] INFO  server.RaftServerConfigKeys (ConfUtils.java:logGet(43)) - raft.server.log.queue.byte-limit = 2147483647 (custom)
2019-09-26 10:51:01,791 [pool-287-thread-1] INFO  server.RaftServerConfigKeys (ConfUtils.java:logGet(43)) - raft.server.log.queue.element-limit = 1024 (custom)
2019-09-26 10:51:01,791 [pool-287-thread-1] INFO  server.RaftServerConfigKeys (ConfUtils.java:logGet(43)) - raft.server.log.segment.size.max = 1048576 (custom)
2019-09-26 10:51:01,791 [pool-287-thread-1] INFO  server.RaftServerConfigKeys (ConfUtils.java:logGet(43)) - raft.server.log.preallocated.size = 16384 (custom)
2019-09-26 10:51:01,791 [pool-287-thread-1] INFO  server.RaftServerConfigKeys (ConfUtils.java:logGet(43)) - raft.server.log.write.buffer.size = 33554432 (custom)
2019-09-26 10:51:01,792 [pool-287-thread-1] INFO  server.RaftServerConfigKeys (ConfUtils.java:logGet(43)) - raft.server.log.force.sync.num = 128 (default)
2019-09-26 10:51:01,792 [pool-287-thread-1] INFO  server.RaftServerConfigKeys (ConfUtils.java:logGet(43)) - raft.server.log.statemachine.data.sync = true (default)
2019-09-26 10:51:01,792 [pool-287-thread-1] INFO  server.RaftServerConfigKeys (ConfUtils.java:logGet(43)) - raft.server.log.statemachine.data.sync.timeout = 10s (default)
2019-09-26 10:51:01,792 [pool-287-thread-1] INFO  server.RaftServerConfigKeys (ConfUtils.java:logGet(43)) - raft.server.log.statemachine.data.sync.timeout.retry = -1 (default)
2019-09-26 10:51:01,792 [pool-287-thread-1] INFO  server.RaftServerConfigKeys (ConfUtils.java:logGet(43)) - raft.server.log.statemachine.data.caching.enabled = true (custom)
2019-09-26 10:51:01,792 [pool-287-thread-1] INFO  segmented.SegmentedRaftLogWorker (SegmentedRaftLogWorker.java:lambda$new$0(132)) - 9a37ccb8-a0a5-45c8-9c33-1ff15e0d8b0a@group-7A0536DE3121-SegmentedRaftLogWorker: flushIndex: setUnconditionally 0 -> -1
2019-09-26 10:51:01,792 [pool-287-thread-1] INFO  server.RaftServerConfigKeys (ConfUtils.java:logGet(43)) - raft.server.snapshot.auto.trigger.enabled = true (custom)
2019-09-26 10:51:01,793 [pool-287-thread-1] INFO  server.RaftServerConfigKeys (ConfUtils.java:logGet(43)) - raft.server.snapshot.auto.trigger.threshold = 10000 (custom)
2019-09-26 10:51:01,793 [pool-287-thread-1] INFO  server.RaftServerConfigKeys (ConfUtils.java:logGet(43)) - raft.server.snapshot.retention.num.files = 5 (custom)
2019-09-26 10:51:01,793 [pool-287-thread-1] INFO  server.RaftServerConfigKeys (ConfUtils.java:logGet(43)) - raft.server.retrycache.expirytime = 600000ms (custom)
2019-09-26 10:51:01,794 [pool-287-thread-1] INFO  impl.RaftServerImpl (RaftServerImpl.java:start(185)) - 9a37ccb8-a0a5-45c8-9c33-1ff15e0d8b0a@group-7A0536DE3121: start as a follower, conf=-1: [9a37ccb8-a0a5-45c8-9c33-1ff15e0d8b0a:192.168.30.13:34216], old=null
2019-09-26 10:51:01,794 [pool-287-thread-1] INFO  impl.RaftServerImpl (RaftServerImpl.java:setRole(174)) - 9a37ccb8-a0a5-45c8-9c33-1ff15e0d8b0a@group-7A0536DE3121: changes role from      null to FOLLOWER at term 0 for startAsFollower
2019-09-26 10:51:01,794 [pool-287-thread-1] INFO  impl.RoleInfo (RoleInfo.java:updateAndGet(143)) - 9a37ccb8-a0a5-45c8-9c33-1ff15e0d8b0a: start FollowerState
2019-09-26 10:51:01,795 [pool-287-thread-1] INFO  util.JmxRegister (JmxRegister.java:tryRegister(44)) - Successfully registered JMX Bean with object name Ratis:service=RaftServer,group=group-7A0536DE3121,id=9a37ccb8-a0a5-45c8-9c33-1ff15e0d8b0a
2019-09-26 10:51:01,797 [RatisPipelineUtilsThread] INFO  pipeline.PipelineStateManager (PipelineStateManager.java:addPipeline(56)) - Created pipeline Pipeline[ Id: 73f5b59e-c024-4329-925d-7a0536de3121, Nodes: 9a37ccb8-a0a5-45c8-9c33-1ff15e0d8b0a{ip: 192.168.30.13, host: pr-hdds-1569-wvzgm-824869521, networkLocation: /default-rack, certSerialId: null}, Type:RATIS, Factor:ONE, State:OPEN]
2019-09-26 10:51:01,797 [RatisPipelineUtilsThread] INFO  pipeline.PipelinePlacementPolicy (PipelinePlacementPolicy.java:meetCriteria(91)) - Pipeline Placement: can't place more pipeline on heavy datanode： b00632ed-38e6-4e51-aa6e-3ec570305033 Heaviness: 6 limit: 5
2019-09-26 10:51:01,798 [RatisPipelineUtilsThread] INFO  pipeline.PipelinePlacementPolicy (PipelinePlacementPolicy.java:meetCriteria(91)) - Pipeline Placement: can't place more pipeline on heavy datanode： 9a37ccb8-a0a5-45c8-9c33-1ff15e0d8b0a Heaviness: 6 limit: 5
2019-09-26 10:51:01,802 [grpc-default-executor-0] INFO  impl.RaftServerProxy (RaftServerProxy.java:addNew(89)) - d33bbd08-3e3e-438b-a99c-6b25309199ef: addNew group-CF7049202100:[d33bbd08-3e3e-438b-a99c-6b25309199ef:192.168.30.13:44451] returns group-CF7049202100:java.util.concurrent.CompletableFuture@657d4329[Not completed]
2019-09-26 10:51:01,803 [pool-297-thread-1] INFO  impl.RaftServerImpl (RaftServerImpl.java:<init>(95)) - d33bbd08-3e3e-438b-a99c-6b25309199ef: new RaftServerImpl for group-CF7049202100:[d33bbd08-3e3e-438b-a99c-6b25309199ef:192.168.30.13:44451] with ContainerStateMachine:uninitialized
2019-09-26 10:51:01,803 [pool-297-thread-1] INFO  server.RaftServerConfigKeys (ConfUtils.java:logGet(43)) - raft.server.rpc.timeout.min = 5s (custom)
2019-09-26 10:51:01,803 [pool-297-thread-1] INFO  server.RaftServerConfigKeys (ConfUtils.java:logGet(43)) - raft.server.rpc.timeout.max = 5200ms (custom)
2019-09-26 10:51:01,804 [pool-297-thread-1] INFO  server.RaftServerConfigKeys (ConfUtils.java:logGet(43)) - raft.server.rpcslowness.timeout = 120s (custom)
2019-09-26 10:51:01,804 [pool-297-thread-1] INFO  server.RaftServerConfigKeys (ConfUtils.java:logGet(43)) - raft.server.sleep.deviation.threshold = 300 (default)
2019-09-26 10:51:01,804 [pool-297-thread-1] INFO  server.RaftServerConfigKeys (ConfUtils.java:logGet(43)) - raft.server.log.appender.install.snapshot.enabled = false (custom)
2019-09-26 10:51:01,804 [pool-297-thread-1] INFO  impl.RaftServerImpl (ServerState.java:<init>(103)) - d33bbd08-3e3e-438b-a99c-6b25309199ef@group-CF7049202100: ConfigurationManager, init=-1: [d33bbd08-3e3e-438b-a99c-6b25309199ef:192.168.30.13:44451], old=null, confs=<EMPTY_MAP>
2019-09-26 10:51:01,804 [pool-297-thread-1] INFO  server.RaftServerConfigKeys (ConfUtils.java:logGet(43)) - raft.server.storage.dir = [/workdir/hadoop-ozone/ozonefs/target/test-dir/MiniOzoneClusterImpl-e5a1f7e9-60e0-4040-8834-ccfdca6954e1/datanode-2/data/ratis] (custom)
2019-09-26 10:51:01,805 [pool-297-thread-1] INFO  storage.RaftStorageDirectory (RaftStorageDirectory.java:analyzeStorage(246)) - The storage directory /workdir/hadoop-ozone/ozonefs/target/test-dir/MiniOzoneClusterImpl-e5a1f7e9-60e0-4040-8834-ccfdca6954e1/datanode-2/data/ratis/dc18767a-e086-4720-90b9-cf7049202100 does not exist. Creating ...
2019-09-26 10:51:01,817 [pool-297-thread-1] INFO  storage.RaftStorageDirectory (RaftStorageDirectory.java:tryLock(328)) - Lock on /workdir/hadoop-ozone/ozonefs/target/test-dir/MiniOzoneClusterImpl-e5a1f7e9-60e0-4040-8834-ccfdca6954e1/datanode-2/data/ratis/dc18767a-e086-4720-90b9-cf7049202100/in_use.lock acquired by nodename 25633@pr-hdds-1569-wvzgm-824869521
2019-09-26 10:51:01,839 [pool-297-thread-1] INFO  storage.RaftStorage (RaftStorage.java:format(72)) - Storage directory /workdir/hadoop-ozone/ozonefs/target/test-dir/MiniOzoneClusterImpl-e5a1f7e9-60e0-4040-8834-ccfdca6954e1/datanode-2/data/ratis/dc18767a-e086-4720-90b9-cf7049202100 has been successfully formatted.
2019-09-26 10:51:01,840 [pool-297-thread-1] INFO  ratis.ContainerStateMachine (ContainerStateMachine.java:loadSnapshot(230)) - group-CF7049202100: The snapshot info is null. Setting the last applied indexto:(t:0, i:~)
2019-09-26 10:51:01,840 [pool-297-thread-1] INFO  server.RaftServerConfigKeys (ConfUtils.java:logGet(43)) - raft.server.notification.no-leader.timeout = 120s (custom)
2019-09-26 10:51:01,840 [pool-297-thread-1] INFO  server.RaftServerConfigKeys (ConfUtils.java:logGet(43)) - raft.server.log.use.memory = false (default)
2019-09-26 10:51:01,840 [pool-297-thread-1] INFO  server.RaftServerConfigKeys (ConfUtils.java:logGet(43)) - raft.server.log.purge.gap = 1000000 (custom)
2019-09-26 10:51:01,840 [pool-297-thread-1] INFO  server.RaftServerConfigKeys (ConfUtils.java:logGet(43)) - raft.server.log.appender.buffer.byte-limit = 33554432 (custom)
2019-09-26 10:51:01,841 [pool-297-thread-1] INFO  server.RaftServerConfigKeys (ConfUtils.java:logGet(43)) - raft.server.log.segment.size.max = 1048576 (custom)
2019-09-26 10:51:01,841 [pool-297-thread-1] INFO  server.RaftServerConfigKeys (ConfUtils.java:logGet(43)) - raft.server.log.segment.cache.num.max = 2 (custom)
2019-09-26 10:51:01,841 [pool-297-thread-1] INFO  segmented.SegmentedRaftLogWorker (SegmentedRaftLogWorker.java:<init>(172)) - new d33bbd08-3e3e-438b-a99c-6b25309199ef@group-CF7049202100-SegmentedRaftLogWorker for RaftStorage:Storage Directory /workdir/hadoop-ozone/ozonefs/target/test-dir/MiniOzoneClusterImpl-e5a1f7e9-60e0-4040-8834-ccfdca6954e1/datanode-2/data/ratis/dc18767a-e086-4720-90b9-cf7049202100
2019-09-26 10:51:01,841 [pool-297-thread-1] INFO  server.RaftServerConfigKeys (ConfUtils.java:logGet(43)) - raft.server.log.queue.byte-limit = 2147483647 (custom)
2019-09-26 10:51:01,841 [pool-297-thread-1] INFO  server.RaftServerConfigKeys (ConfUtils.java:logGet(43)) - raft.server.log.queue.element-limit = 1024 (custom)
2019-09-26 10:51:01,841 [pool-297-thread-1] INFO  server.RaftServerConfigKeys (ConfUtils.java:logGet(43)) - raft.server.log.segment.size.max = 1048576 (custom)
2019-09-26 10:51:01,841 [pool-297-thread-1] INFO  server.RaftServerConfigKeys (ConfUtils.java:logGet(43)) - raft.server.log.preallocated.size = 16384 (custom)
2019-09-26 10:51:01,842 [pool-297-thread-1] INFO  server.RaftServerConfigKeys (ConfUtils.java:logGet(43)) - raft.server.log.write.buffer.size = 33554432 (custom)
2019-09-26 10:51:01,842 [pool-297-thread-1] INFO  server.RaftServerConfigKeys (ConfUtils.java:logGet(43)) - raft.server.log.force.sync.num = 128 (default)
2019-09-26 10:51:01,842 [pool-297-thread-1] INFO  server.RaftServerConfigKeys (ConfUtils.java:logGet(43)) - raft.server.log.statemachine.data.sync = true (default)
2019-09-26 10:51:01,842 [pool-297-thread-1] INFO  server.RaftServerConfigKeys (ConfUtils.java:logGet(43)) - raft.server.log.statemachine.data.sync.timeout = 10s (default)
2019-09-26 10:51:01,842 [pool-297-thread-1] INFO  server.RaftServerConfigKeys (ConfUtils.java:logGet(43)) - raft.server.log.statemachine.data.sync.timeout.retry = -1 (default)
2019-09-26 10:51:01,842 [pool-297-thread-1] INFO  server.RaftServerConfigKeys (ConfUtils.java:logGet(43)) - raft.server.log.statemachine.data.caching.enabled = true (custom)
2019-09-26 10:51:01,843 [pool-297-thread-1] INFO  segmented.SegmentedRaftLogWorker (SegmentedRaftLogWorker.java:lambda$new$0(132)) - d33bbd08-3e3e-438b-a99c-6b25309199ef@group-CF7049202100-SegmentedRaftLogWorker: flushIndex: setUnconditionally 0 -> -1
2019-09-26 10:51:01,843 [pool-297-thread-1] INFO  server.RaftServerConfigKeys (ConfUtils.java:logGet(43)) - raft.server.snapshot.auto.trigger.enabled = true (custom)
2019-09-26 10:51:01,843 [pool-297-thread-1] INFO  server.RaftServerConfigKeys (ConfUtils.java:logGet(43)) - raft.server.snapshot.auto.trigger.threshold = 10000 (custom)
2019-09-26 10:51:01,843 [pool-297-thread-1] INFO  server.RaftServerConfigKeys (ConfUtils.java:logGet(43)) - raft.server.snapshot.retention.num.files = 5 (custom)
2019-09-26 10:51:01,843 [pool-297-thread-1] INFO  server.RaftServerConfigKeys (ConfUtils.java:logGet(43)) - raft.server.retrycache.expirytime = 600000ms (custom)
2019-09-26 10:51:01,845 [pool-297-thread-1] INFO  impl.RaftServerImpl (RaftServerImpl.java:start(185)) - d33bbd08-3e3e-438b-a99c-6b25309199ef@group-CF7049202100: start as a follower, conf=-1: [d33bbd08-3e3e-438b-a99c-6b25309199ef:192.168.30.13:44451], old=null
2019-09-26 10:51:01,845 [pool-297-thread-1] INFO  impl.RaftServerImpl (RaftServerImpl.java:setRole(174)) - d33bbd08-3e3e-438b-a99c-6b25309199ef@group-CF7049202100: changes role from      null to FOLLOWER at term 0 for startAsFollower
2019-09-26 10:51:01,846 [pool-297-thread-1] INFO  impl.RoleInfo (RoleInfo.java:updateAndGet(143)) - d33bbd08-3e3e-438b-a99c-6b25309199ef: start FollowerState
2019-09-26 10:51:01,846 [pool-297-thread-1] INFO  util.JmxRegister (JmxRegister.java:tryRegister(44)) - Successfully registered JMX Bean with object name Ratis:service=RaftServer,group=group-CF7049202100,id=d33bbd08-3e3e-438b-a99c-6b25309199ef
2019-09-26 10:51:01,848 [RatisPipelineUtilsThread] INFO  pipeline.PipelineStateManager (PipelineStateManager.java:addPipeline(56)) - Created pipeline Pipeline[ Id: dc18767a-e086-4720-90b9-cf7049202100, Nodes: d33bbd08-3e3e-438b-a99c-6b25309199ef{ip: 192.168.30.13, host: pr-hdds-1569-wvzgm-824869521, networkLocation: /default-rack, certSerialId: null}, Type:RATIS, Factor:ONE, State:OPEN]
2019-09-26 10:51:01,849 [RatisPipelineUtilsThread] INFO  pipeline.PipelinePlacementPolicy (PipelinePlacementPolicy.java:meetCriteria(91)) - Pipeline Placement: can't place more pipeline on heavy datanode： b00632ed-38e6-4e51-aa6e-3ec570305033 Heaviness: 6 limit: 5
2019-09-26 10:51:01,849 [RatisPipelineUtilsThread] INFO  pipeline.PipelinePlacementPolicy (PipelinePlacementPolicy.java:meetCriteria(91)) - Pipeline Placement: can't place more pipeline on heavy datanode： 9a37ccb8-a0a5-45c8-9c33-1ff15e0d8b0a Heaviness: 6 limit: 5
2019-09-26 10:51:01,854 [grpc-default-executor-0] INFO  impl.RaftServerProxy (RaftServerProxy.java:addNew(89)) - d33bbd08-3e3e-438b-a99c-6b25309199ef: addNew group-041689B13E18:[d33bbd08-3e3e-438b-a99c-6b25309199ef:192.168.30.13:44451] returns group-041689B13E18:java.util.concurrent.CompletableFuture@ddcda8f[Not completed]
2019-09-26 10:51:01,855 [pool-297-thread-1] INFO  impl.RaftServerImpl (RaftServerImpl.java:<init>(95)) - d33bbd08-3e3e-438b-a99c-6b25309199ef: new RaftServerImpl for group-041689B13E18:[d33bbd08-3e3e-438b-a99c-6b25309199ef:192.168.30.13:44451] with ContainerStateMachine:uninitialized
2019-09-26 10:51:01,855 [pool-297-thread-1] INFO  server.RaftServerConfigKeys (ConfUtils.java:logGet(43)) - raft.server.rpc.timeout.min = 5s (custom)
2019-09-26 10:51:01,855 [pool-297-thread-1] INFO  server.RaftServerConfigKeys (ConfUtils.java:logGet(43)) - raft.server.rpc.timeout.max = 5200ms (custom)
2019-09-26 10:51:01,856 [pool-297-thread-1] INFO  server.RaftServerConfigKeys (ConfUtils.java:logGet(43)) - raft.server.rpcslowness.timeout = 120s (custom)
2019-09-26 10:51:01,856 [pool-297-thread-1] INFO  server.RaftServerConfigKeys (ConfUtils.java:logGet(43)) - raft.server.sleep.deviation.threshold = 300 (default)
2019-09-26 10:51:01,856 [pool-297-thread-1] INFO  server.RaftServerConfigKeys (ConfUtils.java:logGet(43)) - raft.server.log.appender.install.snapshot.enabled = false (custom)
2019-09-26 10:51:01,856 [pool-297-thread-1] INFO  impl.RaftServerImpl (ServerState.java:<init>(103)) - d33bbd08-3e3e-438b-a99c-6b25309199ef@group-041689B13E18: ConfigurationManager, init=-1: [d33bbd08-3e3e-438b-a99c-6b25309199ef:192.168.30.13:44451], old=null, confs=<EMPTY_MAP>
2019-09-26 10:51:01,856 [pool-297-thread-1] INFO  server.RaftServerConfigKeys (ConfUtils.java:logGet(43)) - raft.server.storage.dir = [/workdir/hadoop-ozone/ozonefs/target/test-dir/MiniOzoneClusterImpl-e5a1f7e9-60e0-4040-8834-ccfdca6954e1/datanode-2/data/ratis] (custom)
2019-09-26 10:51:01,856 [pool-297-thread-1] INFO  storage.RaftStorageDirectory (RaftStorageDirectory.java:analyzeStorage(246)) - The storage directory /workdir/hadoop-ozone/ozonefs/target/test-dir/MiniOzoneClusterImpl-e5a1f7e9-60e0-4040-8834-ccfdca6954e1/datanode-2/data/ratis/dd33c92d-c382-4870-b9fd-041689b13e18 does not exist. Creating ...
2019-09-26 10:51:01,870 [pool-297-thread-1] INFO  storage.RaftStorageDirectory (RaftStorageDirectory.java:tryLock(328)) - Lock on /workdir/hadoop-ozone/ozonefs/target/test-dir/MiniOzoneClusterImpl-e5a1f7e9-60e0-4040-8834-ccfdca6954e1/datanode-2/data/ratis/dd33c92d-c382-4870-b9fd-041689b13e18/in_use.lock acquired by nodename 25633@pr-hdds-1569-wvzgm-824869521
2019-09-26 10:51:01,883 [pool-297-thread-1] INFO  storage.RaftStorage (RaftStorage.java:format(72)) - Storage directory /workdir/hadoop-ozone/ozonefs/target/test-dir/MiniOzoneClusterImpl-e5a1f7e9-60e0-4040-8834-ccfdca6954e1/datanode-2/data/ratis/dd33c92d-c382-4870-b9fd-041689b13e18 has been successfully formatted.
2019-09-26 10:51:01,884 [pool-297-thread-1] INFO  ratis.ContainerStateMachine (ContainerStateMachine.java:loadSnapshot(230)) - group-041689B13E18: The snapshot info is null. Setting the last applied indexto:(t:0, i:~)
2019-09-26 10:51:01,884 [pool-297-thread-1] INFO  server.RaftServerConfigKeys (ConfUtils.java:logGet(43)) - raft.server.notification.no-leader.timeout = 120s (custom)
2019-09-26 10:51:01,884 [pool-297-thread-1] INFO  server.RaftServerConfigKeys (ConfUtils.java:logGet(43)) - raft.server.log.use.memory = false (default)
2019-09-26 10:51:01,884 [pool-297-thread-1] INFO  server.RaftServerConfigKeys (ConfUtils.java:logGet(43)) - raft.server.log.purge.gap = 1000000 (custom)
2019-09-26 10:51:01,884 [pool-297-thread-1] INFO  server.RaftServerConfigKeys (ConfUtils.java:logGet(43)) - raft.server.log.appender.buffer.byte-limit = 33554432 (custom)
2019-09-26 10:51:01,884 [pool-297-thread-1] INFO  server.RaftServerConfigKeys (ConfUtils.java:logGet(43)) - raft.server.log.segment.size.max = 1048576 (custom)
2019-09-26 10:51:01,885 [pool-297-thread-1] INFO  server.RaftServerConfigKeys (ConfUtils.java:logGet(43)) - raft.server.log.segment.cache.num.max = 2 (custom)
2019-09-26 10:51:01,885 [pool-297-thread-1] INFO  segmented.SegmentedRaftLogWorker (SegmentedRaftLogWorker.java:<init>(172)) - new d33bbd08-3e3e-438b-a99c-6b25309199ef@group-041689B13E18-SegmentedRaftLogWorker for RaftStorage:Storage Directory /workdir/hadoop-ozone/ozonefs/target/test-dir/MiniOzoneClusterImpl-e5a1f7e9-60e0-4040-8834-ccfdca6954e1/datanode-2/data/ratis/dd33c92d-c382-4870-b9fd-041689b13e18
2019-09-26 10:51:01,885 [pool-297-thread-1] INFO  server.RaftServerConfigKeys (ConfUtils.java:logGet(43)) - raft.server.log.queue.byte-limit = 2147483647 (custom)
2019-09-26 10:51:01,885 [pool-297-thread-1] INFO  server.RaftServerConfigKeys (ConfUtils.java:logGet(43)) - raft.server.log.queue.element-limit = 1024 (custom)
2019-09-26 10:51:01,885 [pool-297-thread-1] INFO  server.RaftServerConfigKeys (ConfUtils.java:logGet(43)) - raft.server.log.segment.size.max = 1048576 (custom)
2019-09-26 10:51:01,885 [pool-297-thread-1] INFO  server.RaftServerConfigKeys (ConfUtils.java:logGet(43)) - raft.server.log.preallocated.size = 16384 (custom)
2019-09-26 10:51:01,885 [pool-297-thread-1] INFO  server.RaftServerConfigKeys (ConfUtils.java:logGet(43)) - raft.server.log.write.buffer.size = 33554432 (custom)
2019-09-26 10:51:01,886 [pool-297-thread-1] INFO  server.RaftServerConfigKeys (ConfUtils.java:logGet(43)) - raft.server.log.force.sync.num = 128 (default)
2019-09-26 10:51:01,886 [pool-297-thread-1] INFO  server.RaftServerConfigKeys (ConfUtils.java:logGet(43)) - raft.server.log.statemachine.data.sync = true (default)
2019-09-26 10:51:01,886 [pool-297-thread-1] INFO  server.RaftServerConfigKeys (ConfUtils.java:logGet(43)) - raft.server.log.statemachine.data.sync.timeout = 10s (default)
2019-09-26 10:51:01,886 [pool-297-thread-1] INFO  server.RaftServerConfigKeys (ConfUtils.java:logGet(43)) - raft.server.log.statemachine.data.sync.timeout.retry = -1 (default)
2019-09-26 10:51:01,886 [pool-297-thread-1] INFO  server.RaftServerConfigKeys (ConfUtils.java:logGet(43)) - raft.server.log.statemachine.data.caching.enabled = true (custom)
2019-09-26 10:51:01,886 [pool-297-thread-1] INFO  segmented.SegmentedRaftLogWorker (SegmentedRaftLogWorker.java:lambda$new$0(132)) - d33bbd08-3e3e-438b-a99c-6b25309199ef@group-041689B13E18-SegmentedRaftLogWorker: flushIndex: setUnconditionally 0 -> -1
2019-09-26 10:51:01,887 [pool-297-thread-1] INFO  server.RaftServerConfigKeys (ConfUtils.java:logGet(43)) - raft.server.snapshot.auto.trigger.enabled = true (custom)
2019-09-26 10:51:01,887 [pool-297-thread-1] INFO  server.RaftServerConfigKeys (ConfUtils.java:logGet(43)) - raft.server.snapshot.auto.trigger.threshold = 10000 (custom)
2019-09-26 10:51:01,887 [pool-297-thread-1] INFO  server.RaftServerConfigKeys (ConfUtils.java:logGet(43)) - raft.server.snapshot.retention.num.files = 5 (custom)
2019-09-26 10:51:01,887 [pool-297-thread-1] INFO  server.RaftServerConfigKeys (ConfUtils.java:logGet(43)) - raft.server.retrycache.expirytime = 600000ms (custom)
2019-09-26 10:51:01,889 [pool-297-thread-1] INFO  impl.RaftServerImpl (RaftServerImpl.java:start(185)) - d33bbd08-3e3e-438b-a99c-6b25309199ef@group-041689B13E18: start as a follower, conf=-1: [d33bbd08-3e3e-438b-a99c-6b25309199ef:192.168.30.13:44451], old=null
2019-09-26 10:51:01,889 [pool-297-thread-1] INFO  impl.RaftServerImpl (RaftServerImpl.java:setRole(174)) - d33bbd08-3e3e-438b-a99c-6b25309199ef@group-041689B13E18: changes role from      null to FOLLOWER at term 0 for startAsFollower
2019-09-26 10:51:01,889 [pool-297-thread-1] INFO  impl.RoleInfo (RoleInfo.java:updateAndGet(143)) - d33bbd08-3e3e-438b-a99c-6b25309199ef: start FollowerState
2019-09-26 10:51:01,889 [pool-297-thread-1] INFO  util.JmxRegister (JmxRegister.java:tryRegister(44)) - Successfully registered JMX Bean with object name Ratis:service=RaftServer,group=group-041689B13E18,id=d33bbd08-3e3e-438b-a99c-6b25309199ef
2019-09-26 10:51:01,893 [RatisPipelineUtilsThread] INFO  pipeline.PipelineStateManager (PipelineStateManager.java:addPipeline(56)) - Created pipeline Pipeline[ Id: dd33c92d-c382-4870-b9fd-041689b13e18, Nodes: d33bbd08-3e3e-438b-a99c-6b25309199ef{ip: 192.168.30.13, host: pr-hdds-1569-wvzgm-824869521, networkLocation: /default-rack, certSerialId: null}, Type:RATIS, Factor:ONE, State:OPEN]
2019-09-26 10:51:01,893 [RatisPipelineUtilsThread] INFO  pipeline.PipelinePlacementPolicy (PipelinePlacementPolicy.java:meetCriteria(91)) - Pipeline Placement: can't place more pipeline on heavy datanode： b00632ed-38e6-4e51-aa6e-3ec570305033 Heaviness: 6 limit: 5
2019-09-26 10:51:01,893 [RatisPipelineUtilsThread] INFO  pipeline.PipelinePlacementPolicy (PipelinePlacementPolicy.java:meetCriteria(91)) - Pipeline Placement: can't place more pipeline on heavy datanode： 9a37ccb8-a0a5-45c8-9c33-1ff15e0d8b0a Heaviness: 6 limit: 5
2019-09-26 10:51:01,898 [grpc-default-executor-0] INFO  impl.RaftServerProxy (RaftServerProxy.java:addNew(89)) - d33bbd08-3e3e-438b-a99c-6b25309199ef: addNew group-6B85637FEBF0:[d33bbd08-3e3e-438b-a99c-6b25309199ef:192.168.30.13:44451] returns group-6B85637FEBF0:java.util.concurrent.CompletableFuture@30f4e577[Not completed]
2019-09-26 10:51:01,899 [pool-297-thread-1] INFO  impl.RaftServerImpl (RaftServerImpl.java:<init>(95)) - d33bbd08-3e3e-438b-a99c-6b25309199ef: new RaftServerImpl for group-6B85637FEBF0:[d33bbd08-3e3e-438b-a99c-6b25309199ef:192.168.30.13:44451] with ContainerStateMachine:uninitialized
2019-09-26 10:51:01,899 [pool-297-thread-1] INFO  server.RaftServerConfigKeys (ConfUtils.java:logGet(43)) - raft.server.rpc.timeout.min = 5s (custom)
2019-09-26 10:51:01,899 [pool-297-thread-1] INFO  server.RaftServerConfigKeys (ConfUtils.java:logGet(43)) - raft.server.rpc.timeout.max = 5200ms (custom)
2019-09-26 10:51:01,900 [pool-297-thread-1] INFO  server.RaftServerConfigKeys (ConfUtils.java:logGet(43)) - raft.server.rpcslowness.timeout = 120s (custom)
2019-09-26 10:51:01,900 [pool-297-thread-1] INFO  server.RaftServerConfigKeys (ConfUtils.java:logGet(43)) - raft.server.sleep.deviation.threshold = 300 (default)
2019-09-26 10:51:01,900 [pool-297-thread-1] INFO  server.RaftServerConfigKeys (ConfUtils.java:logGet(43)) - raft.server.log.appender.install.snapshot.enabled = false (custom)
2019-09-26 10:51:01,900 [pool-297-thread-1] INFO  impl.RaftServerImpl (ServerState.java:<init>(103)) - d33bbd08-3e3e-438b-a99c-6b25309199ef@group-6B85637FEBF0: ConfigurationManager, init=-1: [d33bbd08-3e3e-438b-a99c-6b25309199ef:192.168.30.13:44451], old=null, confs=<EMPTY_MAP>
2019-09-26 10:51:01,900 [pool-297-thread-1] INFO  server.RaftServerConfigKeys (ConfUtils.java:logGet(43)) - raft.server.storage.dir = [/workdir/hadoop-ozone/ozonefs/target/test-dir/MiniOzoneClusterImpl-e5a1f7e9-60e0-4040-8834-ccfdca6954e1/datanode-2/data/ratis] (custom)
2019-09-26 10:51:01,900 [pool-297-thread-1] INFO  storage.RaftStorageDirectory (RaftStorageDirectory.java:analyzeStorage(246)) - The storage directory /workdir/hadoop-ozone/ozonefs/target/test-dir/MiniOzoneClusterImpl-e5a1f7e9-60e0-4040-8834-ccfdca6954e1/datanode-2/data/ratis/5cd18843-9b2d-4da0-bc42-6b85637febf0 does not exist. Creating ...
2019-09-26 10:51:01,913 [pool-297-thread-1] INFO  storage.RaftStorageDirectory (RaftStorageDirectory.java:tryLock(328)) - Lock on /workdir/hadoop-ozone/ozonefs/target/test-dir/MiniOzoneClusterImpl-e5a1f7e9-60e0-4040-8834-ccfdca6954e1/datanode-2/data/ratis/5cd18843-9b2d-4da0-bc42-6b85637febf0/in_use.lock acquired by nodename 25633@pr-hdds-1569-wvzgm-824869521
2019-09-26 10:51:01,926 [pool-297-thread-1] INFO  storage.RaftStorage (RaftStorage.java:format(72)) - Storage directory /workdir/hadoop-ozone/ozonefs/target/test-dir/MiniOzoneClusterImpl-e5a1f7e9-60e0-4040-8834-ccfdca6954e1/datanode-2/data/ratis/5cd18843-9b2d-4da0-bc42-6b85637febf0 has been successfully formatted.
2019-09-26 10:51:01,927 [pool-297-thread-1] INFO  ratis.ContainerStateMachine (ContainerStateMachine.java:loadSnapshot(230)) - group-6B85637FEBF0: The snapshot info is null. Setting the last applied indexto:(t:0, i:~)
2019-09-26 10:51:01,927 [pool-297-thread-1] INFO  server.RaftServerConfigKeys (ConfUtils.java:logGet(43)) - raft.server.notification.no-leader.timeout = 120s (custom)
2019-09-26 10:51:01,927 [pool-297-thread-1] INFO  server.RaftServerConfigKeys (ConfUtils.java:logGet(43)) - raft.server.log.use.memory = false (default)
2019-09-26 10:51:01,927 [pool-297-thread-1] INFO  server.RaftServerConfigKeys (ConfUtils.java:logGet(43)) - raft.server.log.purge.gap = 1000000 (custom)
2019-09-26 10:51:01,927 [pool-297-thread-1] INFO  server.RaftServerConfigKeys (ConfUtils.java:logGet(43)) - raft.server.log.appender.buffer.byte-limit = 33554432 (custom)
2019-09-26 10:51:01,927 [pool-297-thread-1] INFO  server.RaftServerConfigKeys (ConfUtils.java:logGet(43)) - raft.server.log.segment.size.max = 1048576 (custom)
2019-09-26 10:51:01,928 [pool-297-thread-1] INFO  server.RaftServerConfigKeys (ConfUtils.java:logGet(43)) - raft.server.log.segment.cache.num.max = 2 (custom)
2019-09-26 10:51:01,928 [pool-297-thread-1] INFO  segmented.SegmentedRaftLogWorker (SegmentedRaftLogWorker.java:<init>(172)) - new d33bbd08-3e3e-438b-a99c-6b25309199ef@group-6B85637FEBF0-SegmentedRaftLogWorker for RaftStorage:Storage Directory /workdir/hadoop-ozone/ozonefs/target/test-dir/MiniOzoneClusterImpl-e5a1f7e9-60e0-4040-8834-ccfdca6954e1/datanode-2/data/ratis/5cd18843-9b2d-4da0-bc42-6b85637febf0
2019-09-26 10:51:01,928 [pool-297-thread-1] INFO  server.RaftServerConfigKeys (ConfUtils.java:logGet(43)) - raft.server.log.queue.byte-limit = 2147483647 (custom)
2019-09-26 10:51:01,928 [pool-297-thread-1] INFO  server.RaftServerConfigKeys (ConfUtils.java:logGet(43)) - raft.server.log.queue.element-limit = 1024 (custom)
2019-09-26 10:51:01,928 [pool-297-thread-1] INFO  server.RaftServerConfigKeys (ConfUtils.java:logGet(43)) - raft.server.log.segment.size.max = 1048576 (custom)
2019-09-26 10:51:01,928 [pool-297-thread-1] INFO  server.RaftServerConfigKeys (ConfUtils.java:logGet(43)) - raft.server.log.preallocated.size = 16384 (custom)
2019-09-26 10:51:01,928 [pool-297-thread-1] INFO  server.RaftServerConfigKeys (ConfUtils.java:logGet(43)) - raft.server.log.write.buffer.size = 33554432 (custom)
2019-09-26 10:51:01,929 [pool-297-thread-1] INFO  server.RaftServerConfigKeys (ConfUtils.java:logGet(43)) - raft.server.log.force.sync.num = 128 (default)
2019-09-26 10:51:01,929 [pool-297-thread-1] INFO  server.RaftServerConfigKeys (ConfUtils.java:logGet(43)) - raft.server.log.statemachine.data.sync = true (default)
2019-09-26 10:51:01,929 [pool-297-thread-1] INFO  server.RaftServerConfigKeys (ConfUtils.java:logGet(43)) - raft.server.log.statemachine.data.sync.timeout = 10s (default)
2019-09-26 10:51:01,929 [pool-297-thread-1] INFO  server.RaftServerConfigKeys (ConfUtils.java:logGet(43)) - raft.server.log.statemachine.data.sync.timeout.retry = -1 (default)
2019-09-26 10:51:01,929 [pool-297-thread-1] INFO  server.RaftServerConfigKeys (ConfUtils.java:logGet(43)) - raft.server.log.statemachine.data.caching.enabled = true (custom)
2019-09-26 10:51:01,929 [pool-297-thread-1] INFO  segmented.SegmentedRaftLogWorker (SegmentedRaftLogWorker.java:lambda$new$0(132)) - d33bbd08-3e3e-438b-a99c-6b25309199ef@group-6B85637FEBF0-SegmentedRaftLogWorker: flushIndex: setUnconditionally 0 -> -1
2019-09-26 10:51:01,930 [pool-297-thread-1] INFO  server.RaftServerConfigKeys (ConfUtils.java:logGet(43)) - raft.server.snapshot.auto.trigger.enabled = true (custom)
2019-09-26 10:51:01,930 [pool-297-thread-1] INFO  server.RaftServerConfigKeys (ConfUtils.java:logGet(43)) - raft.server.snapshot.auto.trigger.threshold = 10000 (custom)
2019-09-26 10:51:01,930 [pool-297-thread-1] INFO  server.RaftServerConfigKeys (ConfUtils.java:logGet(43)) - raft.server.snapshot.retention.num.files = 5 (custom)
2019-09-26 10:51:01,930 [pool-297-thread-1] INFO  server.RaftServerConfigKeys (ConfUtils.java:logGet(43)) - raft.server.retrycache.expirytime = 600000ms (custom)
2019-09-26 10:51:01,932 [pool-297-thread-1] INFO  impl.RaftServerImpl (RaftServerImpl.java:start(185)) - d33bbd08-3e3e-438b-a99c-6b25309199ef@group-6B85637FEBF0: start as a follower, conf=-1: [d33bbd08-3e3e-438b-a99c-6b25309199ef:192.168.30.13:44451], old=null
2019-09-26 10:51:01,932 [pool-297-thread-1] INFO  impl.RaftServerImpl (RaftServerImpl.java:setRole(174)) - d33bbd08-3e3e-438b-a99c-6b25309199ef@group-6B85637FEBF0: changes role from      null to FOLLOWER at term 0 for startAsFollower
2019-09-26 10:51:01,932 [pool-297-thread-1] INFO  impl.RoleInfo (RoleInfo.java:updateAndGet(143)) - d33bbd08-3e3e-438b-a99c-6b25309199ef: start FollowerState
2019-09-26 10:51:01,932 [pool-297-thread-1] INFO  util.JmxRegister (JmxRegister.java:tryRegister(44)) - Successfully registered JMX Bean with object name Ratis:service=RaftServer,group=group-6B85637FEBF0,id=d33bbd08-3e3e-438b-a99c-6b25309199ef
2019-09-26 10:51:01,935 [RatisPipelineUtilsThread] INFO  pipeline.PipelineStateManager (PipelineStateManager.java:addPipeline(56)) - Created pipeline Pipeline[ Id: 5cd18843-9b2d-4da0-bc42-6b85637febf0, Nodes: d33bbd08-3e3e-438b-a99c-6b25309199ef{ip: 192.168.30.13, host: pr-hdds-1569-wvzgm-824869521, networkLocation: /default-rack, certSerialId: null}, Type:RATIS, Factor:ONE, State:OPEN]
2019-09-26 10:51:01,936 [RatisPipelineUtilsThread] INFO  pipeline.PipelinePlacementPolicy (PipelinePlacementPolicy.java:meetCriteria(91)) - Pipeline Placement: can't place more pipeline on heavy datanode： b00632ed-38e6-4e51-aa6e-3ec570305033 Heaviness: 6 limit: 5
2019-09-26 10:51:01,936 [RatisPipelineUtilsThread] INFO  pipeline.PipelinePlacementPolicy (PipelinePlacementPolicy.java:meetCriteria(91)) - Pipeline Placement: can't place more pipeline on heavy datanode： 9a37ccb8-a0a5-45c8-9c33-1ff15e0d8b0a Heaviness: 6 limit: 5
2019-09-26 10:51:01,941 [grpc-default-executor-0] INFO  impl.RaftServerProxy (RaftServerProxy.java:addNew(89)) - d33bbd08-3e3e-438b-a99c-6b25309199ef: addNew group-FF1DE32C4019:[d33bbd08-3e3e-438b-a99c-6b25309199ef:192.168.30.13:44451] returns group-FF1DE32C4019:java.util.concurrent.CompletableFuture@1a660548[Not completed]
2019-09-26 10:51:01,942 [pool-297-thread-1] INFO  impl.RaftServerImpl (RaftServerImpl.java:<init>(95)) - d33bbd08-3e3e-438b-a99c-6b25309199ef: new RaftServerImpl for group-FF1DE32C4019:[d33bbd08-3e3e-438b-a99c-6b25309199ef:192.168.30.13:44451] with ContainerStateMachine:uninitialized
2019-09-26 10:51:01,942 [pool-297-thread-1] INFO  server.RaftServerConfigKeys (ConfUtils.java:logGet(43)) - raft.server.rpc.timeout.min = 5s (custom)
2019-09-26 10:51:01,942 [pool-297-thread-1] INFO  server.RaftServerConfigKeys (ConfUtils.java:logGet(43)) - raft.server.rpc.timeout.max = 5200ms (custom)
2019-09-26 10:51:01,942 [pool-297-thread-1] INFO  server.RaftServerConfigKeys (ConfUtils.java:logGet(43)) - raft.server.rpcslowness.timeout = 120s (custom)
2019-09-26 10:51:01,942 [pool-297-thread-1] INFO  server.RaftServerConfigKeys (ConfUtils.java:logGet(43)) - raft.server.sleep.deviation.threshold = 300 (default)
2019-09-26 10:51:01,943 [pool-297-thread-1] INFO  server.RaftServerConfigKeys (ConfUtils.java:logGet(43)) - raft.server.log.appender.install.snapshot.enabled = false (custom)
2019-09-26 10:51:01,943 [pool-297-thread-1] INFO  impl.RaftServerImpl (ServerState.java:<init>(103)) - d33bbd08-3e3e-438b-a99c-6b25309199ef@group-FF1DE32C4019: ConfigurationManager, init=-1: [d33bbd08-3e3e-438b-a99c-6b25309199ef:192.168.30.13:44451], old=null, confs=<EMPTY_MAP>
2019-09-26 10:51:01,943 [pool-297-thread-1] INFO  server.RaftServerConfigKeys (ConfUtils.java:logGet(43)) - raft.server.storage.dir = [/workdir/hadoop-ozone/ozonefs/target/test-dir/MiniOzoneClusterImpl-e5a1f7e9-60e0-4040-8834-ccfdca6954e1/datanode-2/data/ratis] (custom)
2019-09-26 10:51:01,943 [pool-297-thread-1] INFO  storage.RaftStorageDirectory (RaftStorageDirectory.java:analyzeStorage(246)) - The storage directory /workdir/hadoop-ozone/ozonefs/target/test-dir/MiniOzoneClusterImpl-e5a1f7e9-60e0-4040-8834-ccfdca6954e1/datanode-2/data/ratis/cf51c7a1-26e6-4f7a-8514-ff1de32c4019 does not exist. Creating ...
2019-09-26 10:51:01,956 [pool-297-thread-1] INFO  storage.RaftStorageDirectory (RaftStorageDirectory.java:tryLock(328)) - Lock on /workdir/hadoop-ozone/ozonefs/target/test-dir/MiniOzoneClusterImpl-e5a1f7e9-60e0-4040-8834-ccfdca6954e1/datanode-2/data/ratis/cf51c7a1-26e6-4f7a-8514-ff1de32c4019/in_use.lock acquired by nodename 25633@pr-hdds-1569-wvzgm-824869521
2019-09-26 10:51:01,969 [pool-297-thread-1] INFO  storage.RaftStorage (RaftStorage.java:format(72)) - Storage directory /workdir/hadoop-ozone/ozonefs/target/test-dir/MiniOzoneClusterImpl-e5a1f7e9-60e0-4040-8834-ccfdca6954e1/datanode-2/data/ratis/cf51c7a1-26e6-4f7a-8514-ff1de32c4019 has been successfully formatted.
2019-09-26 10:51:01,970 [pool-297-thread-1] INFO  ratis.ContainerStateMachine (ContainerStateMachine.java:loadSnapshot(230)) - group-FF1DE32C4019: The snapshot info is null. Setting the last applied indexto:(t:0, i:~)
2019-09-26 10:51:01,970 [pool-297-thread-1] INFO  server.RaftServerConfigKeys (ConfUtils.java:logGet(43)) - raft.server.notification.no-leader.timeout = 120s (custom)
2019-09-26 10:51:01,970 [pool-297-thread-1] INFO  server.RaftServerConfigKeys (ConfUtils.java:logGet(43)) - raft.server.log.use.memory = false (default)
2019-09-26 10:51:01,970 [pool-297-thread-1] INFO  server.RaftServerConfigKeys (ConfUtils.java:logGet(43)) - raft.server.log.purge.gap = 1000000 (custom)
2019-09-26 10:51:01,970 [pool-297-thread-1] INFO  server.RaftServerConfigKeys (ConfUtils.java:logGet(43)) - raft.server.log.appender.buffer.byte-limit = 33554432 (custom)
2019-09-26 10:51:01,970 [pool-297-thread-1] INFO  server.RaftServerConfigKeys (ConfUtils.java:logGet(43)) - raft.server.log.segment.size.max = 1048576 (custom)
2019-09-26 10:51:01,970 [pool-297-thread-1] INFO  server.RaftServerConfigKeys (ConfUtils.java:logGet(43)) - raft.server.log.segment.cache.num.max = 2 (custom)
2019-09-26 10:51:01,971 [pool-297-thread-1] INFO  segmented.SegmentedRaftLogWorker (SegmentedRaftLogWorker.java:<init>(172)) - new d33bbd08-3e3e-438b-a99c-6b25309199ef@group-FF1DE32C4019-SegmentedRaftLogWorker for RaftStorage:Storage Directory /workdir/hadoop-ozone/ozonefs/target/test-dir/MiniOzoneClusterImpl-e5a1f7e9-60e0-4040-8834-ccfdca6954e1/datanode-2/data/ratis/cf51c7a1-26e6-4f7a-8514-ff1de32c4019
2019-09-26 10:51:01,971 [pool-297-thread-1] INFO  server.RaftServerConfigKeys (ConfUtils.java:logGet(43)) - raft.server.log.queue.byte-limit = 2147483647 (custom)
2019-09-26 10:51:01,971 [pool-297-thread-1] INFO  server.RaftServerConfigKeys (ConfUtils.java:logGet(43)) - raft.server.log.queue.element-limit = 1024 (custom)
2019-09-26 10:51:01,971 [pool-297-thread-1] INFO  server.RaftServerConfigKeys (ConfUtils.java:logGet(43)) - raft.server.log.segment.size.max = 1048576 (custom)
2019-09-26 10:51:01,971 [pool-297-thread-1] INFO  server.RaftServerConfigKeys (ConfUtils.java:logGet(43)) - raft.server.log.preallocated.size = 16384 (custom)
2019-09-26 10:51:01,971 [pool-297-thread-1] INFO  server.RaftServerConfigKeys (ConfUtils.java:logGet(43)) - raft.server.log.write.buffer.size = 33554432 (custom)
2019-09-26 10:51:01,971 [pool-297-thread-1] INFO  server.RaftServerConfigKeys (ConfUtils.java:logGet(43)) - raft.server.log.force.sync.num = 128 (default)
2019-09-26 10:51:01,972 [pool-297-thread-1] INFO  server.RaftServerConfigKeys (ConfUtils.java:logGet(43)) - raft.server.log.statemachine.data.sync = true (default)
2019-09-26 10:51:01,972 [pool-297-thread-1] INFO  server.RaftServerConfigKeys (ConfUtils.java:logGet(43)) - raft.server.log.statemachine.data.sync.timeout = 10s (default)
2019-09-26 10:51:01,972 [pool-297-thread-1] INFO  server.RaftServerConfigKeys (ConfUtils.java:logGet(43)) - raft.server.log.statemachine.data.sync.timeout.retry = -1 (default)
2019-09-26 10:51:01,972 [pool-297-thread-1] INFO  server.RaftServerConfigKeys (ConfUtils.java:logGet(43)) - raft.server.log.statemachine.data.caching.enabled = true (custom)
2019-09-26 10:51:01,972 [pool-297-thread-1] INFO  segmented.SegmentedRaftLogWorker (SegmentedRaftLogWorker.java:lambda$new$0(132)) - d33bbd08-3e3e-438b-a99c-6b25309199ef@group-FF1DE32C4019-SegmentedRaftLogWorker: flushIndex: setUnconditionally 0 -> -1
2019-09-26 10:51:01,973 [pool-297-thread-1] INFO  server.RaftServerConfigKeys (ConfUtils.java:logGet(43)) - raft.server.snapshot.auto.trigger.enabled = true (custom)
2019-09-26 10:51:01,973 [pool-297-thread-1] INFO  server.RaftServerConfigKeys (ConfUtils.java:logGet(43)) - raft.server.snapshot.auto.trigger.threshold = 10000 (custom)
2019-09-26 10:51:01,973 [pool-297-thread-1] INFO  server.RaftServerConfigKeys (ConfUtils.java:logGet(43)) - raft.server.snapshot.retention.num.files = 5 (custom)
2019-09-26 10:51:01,973 [pool-297-thread-1] INFO  server.RaftServerConfigKeys (ConfUtils.java:logGet(43)) - raft.server.retrycache.expirytime = 600000ms (custom)
2019-09-26 10:51:01,975 [pool-297-thread-1] INFO  impl.RaftServerImpl (RaftServerImpl.java:start(185)) - d33bbd08-3e3e-438b-a99c-6b25309199ef@group-FF1DE32C4019: start as a follower, conf=-1: [d33bbd08-3e3e-438b-a99c-6b25309199ef:192.168.30.13:44451], old=null
2019-09-26 10:51:01,975 [pool-297-thread-1] INFO  impl.RaftServerImpl (RaftServerImpl.java:setRole(174)) - d33bbd08-3e3e-438b-a99c-6b25309199ef@group-FF1DE32C4019: changes role from      null to FOLLOWER at term 0 for startAsFollower
2019-09-26 10:51:01,975 [pool-297-thread-1] INFO  impl.RoleInfo (RoleInfo.java:updateAndGet(143)) - d33bbd08-3e3e-438b-a99c-6b25309199ef: start FollowerState
2019-09-26 10:51:01,975 [pool-297-thread-1] INFO  util.JmxRegister (JmxRegister.java:tryRegister(44)) - Successfully registered JMX Bean with object name Ratis:service=RaftServer,group=group-FF1DE32C4019,id=d33bbd08-3e3e-438b-a99c-6b25309199ef
2019-09-26 10:51:01,978 [RatisPipelineUtilsThread] INFO  pipeline.PipelineStateManager (PipelineStateManager.java:addPipeline(56)) - Created pipeline Pipeline[ Id: cf51c7a1-26e6-4f7a-8514-ff1de32c4019, Nodes: d33bbd08-3e3e-438b-a99c-6b25309199ef{ip: 192.168.30.13, host: pr-hdds-1569-wvzgm-824869521, networkLocation: /default-rack, certSerialId: null}, Type:RATIS, Factor:ONE, State:OPEN]
2019-09-26 10:51:01,978 [RatisPipelineUtilsThread] INFO  pipeline.PipelinePlacementPolicy (PipelinePlacementPolicy.java:meetCriteria(91)) - Pipeline Placement: can't place more pipeline on heavy datanode： d33bbd08-3e3e-438b-a99c-6b25309199ef Heaviness: 6 limit: 5
2019-09-26 10:51:01,978 [RatisPipelineUtilsThread] INFO  pipeline.PipelinePlacementPolicy (PipelinePlacementPolicy.java:meetCriteria(91)) - Pipeline Placement: can't place more pipeline on heavy datanode： b00632ed-38e6-4e51-aa6e-3ec570305033 Heaviness: 6 limit: 5
2019-09-26 10:51:01,978 [RatisPipelineUtilsThread] INFO  pipeline.PipelinePlacementPolicy (PipelinePlacementPolicy.java:meetCriteria(91)) - Pipeline Placement: can't place more pipeline on heavy datanode： 9a37ccb8-a0a5-45c8-9c33-1ff15e0d8b0a Heaviness: 6 limit: 5
2019-09-26 10:51:01,979 [RatisPipelineUtilsThread] ERROR pipeline.PipelinePlacementPolicy (PipelinePlacementPolicy.java:filterViableNodes(148)) - Unable to find enough nodes that meet the criteria that cannot engage in more than 5 pipelines. Nodes required: 1 Found: 0, healthy nodes count inNodeManager: 3.
2019-09-26 10:51:01,979 [RatisPipelineUtilsThread] ERROR pipeline.SCMPipelineManager (SCMPipelineManager.java:createPipeline(167)) - Pipeline creation failed.
org.apache.hadoop.hdds.scm.exceptions.SCMException: Unable to find enough nodes that meet the criteria that cannot engage in more than 5 pipelines. Nodes required: 1 Found: 0, healthy nodes count inNodeManager: 3.
	at org.apache.hadoop.hdds.scm.pipeline.PipelinePlacementPolicy.filterViableNodes(PipelinePlacementPolicy.java:149)
	at org.apache.hadoop.hdds.scm.pipeline.PipelinePlacementPolicy.chooseDatanodes(PipelinePlacementPolicy.java:172)
	at org.apache.hadoop.hdds.scm.pipeline.RatisPipelineProvider.create(RatisPipelineProvider.java:93)
	at org.apache.hadoop.hdds.scm.pipeline.PipelineFactory.create(PipelineFactory.java:58)
	at org.apache.hadoop.hdds.scm.pipeline.SCMPipelineManager.createPipeline(SCMPipelineManager.java:155)
	at org.apache.hadoop.hdds.scm.pipeline.BackgroundPipelineCreator.createPipelines(BackgroundPipelineCreator.java:99)
	at java.util.concurrent.Executors$RunnableAdapter.call(Executors.java:511)
	at java.util.concurrent.FutureTask.run(FutureTask.java:266)
	at java.util.concurrent.ScheduledThreadPoolExecutor$ScheduledFutureTask.access$201(ScheduledThreadPoolExecutor.java:180)
	at java.util.concurrent.ScheduledThreadPoolExecutor$ScheduledFutureTask.run(ScheduledThreadPoolExecutor.java:293)
	at java.util.concurrent.ThreadPoolExecutor.runWorker(ThreadPoolExecutor.java:1149)
	at java.util.concurrent.ThreadPoolExecutor$Worker.run(ThreadPoolExecutor.java:624)
	at java.lang.Thread.run(Thread.java:748)
2019-09-26 10:51:01,979 [RatisPipelineUtilsThread] INFO  pipeline.PipelinePlacementPolicy (PipelinePlacementPolicy.java:meetCriteria(91)) - Pipeline Placement: can't place more pipeline on heavy datanode： d33bbd08-3e3e-438b-a99c-6b25309199ef Heaviness: 6 limit: 5
2019-09-26 10:51:01,980 [RatisPipelineUtilsThread] INFO  pipeline.PipelinePlacementPolicy (PipelinePlacementPolicy.java:meetCriteria(91)) - Pipeline Placement: can't place more pipeline on heavy datanode： b00632ed-38e6-4e51-aa6e-3ec570305033 Heaviness: 6 limit: 5
2019-09-26 10:51:01,980 [RatisPipelineUtilsThread] INFO  pipeline.PipelinePlacementPolicy (PipelinePlacementPolicy.java:meetCriteria(91)) - Pipeline Placement: can't place more pipeline on heavy datanode： 9a37ccb8-a0a5-45c8-9c33-1ff15e0d8b0a Heaviness: 6 limit: 5
2019-09-26 10:51:01,980 [RatisPipelineUtilsThread] ERROR pipeline.PipelinePlacementPolicy (PipelinePlacementPolicy.java:filterViableNodes(148)) - Unable to find enough nodes that meet the criteria that cannot engage in more than 5 pipelines. Nodes required: 3 Found: 0, healthy nodes count inNodeManager: 3.
2019-09-26 10:51:01,980 [RatisPipelineUtilsThread] ERROR pipeline.SCMPipelineManager (SCMPipelineManager.java:createPipeline(167)) - Pipeline creation failed.
org.apache.hadoop.hdds.scm.exceptions.SCMException: Unable to find enough nodes that meet the criteria that cannot engage in more than 5 pipelines. Nodes required: 3 Found: 0, healthy nodes count inNodeManager: 3.
	at org.apache.hadoop.hdds.scm.pipeline.PipelinePlacementPolicy.filterViableNodes(PipelinePlacementPolicy.java:149)
	at org.apache.hadoop.hdds.scm.pipeline.PipelinePlacementPolicy.chooseDatanodes(PipelinePlacementPolicy.java:172)
	at org.apache.hadoop.hdds.scm.pipeline.RatisPipelineProvider.create(RatisPipelineProvider.java:93)
	at org.apache.hadoop.hdds.scm.pipeline.PipelineFactory.create(PipelineFactory.java:58)
	at org.apache.hadoop.hdds.scm.pipeline.SCMPipelineManager.createPipeline(SCMPipelineManager.java:155)
	at org.apache.hadoop.hdds.scm.pipeline.BackgroundPipelineCreator.createPipelines(BackgroundPipelineCreator.java:99)
	at java.util.concurrent.Executors$RunnableAdapter.call(Executors.java:511)
	at java.util.concurrent.FutureTask.run(FutureTask.java:266)
	at java.util.concurrent.ScheduledThreadPoolExecutor$ScheduledFutureTask.access$201(ScheduledThreadPoolExecutor.java:180)
	at java.util.concurrent.ScheduledThreadPoolExecutor$ScheduledFutureTask.run(ScheduledThreadPoolExecutor.java:293)
	at java.util.concurrent.ThreadPoolExecutor.runWorker(ThreadPoolExecutor.java:1149)
	at java.util.concurrent.ThreadPoolExecutor$Worker.run(ThreadPoolExecutor.java:624)
	at java.lang.Thread.run(Thread.java:748)
2019-09-26 10:51:01,981 [RatisPipelineUtilsThread] INFO  pipeline.PipelinePlacementPolicy (PipelinePlacementPolicy.java:meetCriteria(91)) - Pipeline Placement: can't place more pipeline on heavy datanode： d33bbd08-3e3e-438b-a99c-6b25309199ef Heaviness: 6 limit: 5
2019-09-26 10:51:01,981 [RatisPipelineUtilsThread] INFO  pipeline.PipelinePlacementPolicy (PipelinePlacementPolicy.java:meetCriteria(91)) - Pipeline Placement: can't place more pipeline on heavy datanode： b00632ed-38e6-4e51-aa6e-3ec570305033 Heaviness: 6 limit: 5
2019-09-26 10:51:01,981 [RatisPipelineUtilsThread] INFO  pipeline.PipelinePlacementPolicy (PipelinePlacementPolicy.java:meetCriteria(91)) - Pipeline Placement: can't place more pipeline on heavy datanode： 9a37ccb8-a0a5-45c8-9c33-1ff15e0d8b0a Heaviness: 6 limit: 5
2019-09-26 10:51:01,981 [RatisPipelineUtilsThread] ERROR pipeline.PipelinePlacementPolicy (PipelinePlacementPolicy.java:filterViableNodes(148)) - Unable to find enough nodes that meet the criteria that cannot engage in more than 5 pipelines. Nodes required: 1 Found: 0, healthy nodes count inNodeManager: 3.
2019-09-26 10:51:01,982 [RatisPipelineUtilsThread] ERROR pipeline.SCMPipelineManager (SCMPipelineManager.java:createPipeline(167)) - Pipeline creation failed.
org.apache.hadoop.hdds.scm.exceptions.SCMException: Unable to find enough nodes that meet the criteria that cannot engage in more than 5 pipelines. Nodes required: 1 Found: 0, healthy nodes count inNodeManager: 3.
	at org.apache.hadoop.hdds.scm.pipeline.PipelinePlacementPolicy.filterViableNodes(PipelinePlacementPolicy.java:149)
	at org.apache.hadoop.hdds.scm.pipeline.PipelinePlacementPolicy.chooseDatanodes(PipelinePlacementPolicy.java:172)
	at org.apache.hadoop.hdds.scm.pipeline.RatisPipelineProvider.create(RatisPipelineProvider.java:93)
	at org.apache.hadoop.hdds.scm.pipeline.PipelineFactory.create(PipelineFactory.java:58)
	at org.apache.hadoop.hdds.scm.pipeline.SCMPipelineManager.createPipeline(SCMPipelineManager.java:155)
	at org.apache.hadoop.hdds.scm.pipeline.BackgroundPipelineCreator.createPipelines(BackgroundPipelineCreator.java:99)
	at org.apache.hadoop.hdds.scm.pipeline.BackgroundPipelineCreator.lambda$startFixedIntervalPipelineCreator$0(BackgroundPipelineCreator.java:70)
	at java.util.concurrent.Executors$RunnableAdapter.call(Executors.java:511)
	at java.util.concurrent.FutureTask.runAndReset(FutureTask.java:308)
	at java.util.concurrent.ScheduledThreadPoolExecutor$ScheduledFutureTask.access$301(ScheduledThreadPoolExecutor.java:180)
	at java.util.concurrent.ScheduledThreadPoolExecutor$ScheduledFutureTask.run(ScheduledThreadPoolExecutor.java:294)
	at java.util.concurrent.ThreadPoolExecutor.runWorker(ThreadPoolExecutor.java:1149)
	at java.util.concurrent.ThreadPoolExecutor$Worker.run(ThreadPoolExecutor.java:624)
	at java.lang.Thread.run(Thread.java:748)
2019-09-26 10:51:01,982 [RatisPipelineUtilsThread] INFO  pipeline.PipelinePlacementPolicy (PipelinePlacementPolicy.java:meetCriteria(91)) - Pipeline Placement: can't place more pipeline on heavy datanode： d33bbd08-3e3e-438b-a99c-6b25309199ef Heaviness: 6 limit: 5
2019-09-26 10:51:01,982 [RatisPipelineUtilsThread] INFO  pipeline.PipelinePlacementPolicy (PipelinePlacementPolicy.java:meetCriteria(91)) - Pipeline Placement: can't place more pipeline on heavy datanode： b00632ed-38e6-4e51-aa6e-3ec570305033 Heaviness: 6 limit: 5
2019-09-26 10:51:01,983 [RatisPipelineUtilsThread] INFO  pipeline.PipelinePlacementPolicy (PipelinePlacementPolicy.java:meetCriteria(91)) - Pipeline Placement: can't place more pipeline on heavy datanode： 9a37ccb8-a0a5-45c8-9c33-1ff15e0d8b0a Heaviness: 6 limit: 5
2019-09-26 10:51:01,983 [RatisPipelineUtilsThread] ERROR pipeline.PipelinePlacementPolicy (PipelinePlacementPolicy.java:filterViableNodes(148)) - Unable to find enough nodes that meet the criteria that cannot engage in more than 5 pipelines. Nodes required: 3 Found: 0, healthy nodes count inNodeManager: 3.
2019-09-26 10:51:01,983 [RatisPipelineUtilsThread] ERROR pipeline.SCMPipelineManager (SCMPipelineManager.java:createPipeline(167)) - Pipeline creation failed.
org.apache.hadoop.hdds.scm.exceptions.SCMException: Unable to find enough nodes that meet the criteria that cannot engage in more than 5 pipelines. Nodes required: 3 Found: 0, healthy nodes count inNodeManager: 3.
	at org.apache.hadoop.hdds.scm.pipeline.PipelinePlacementPolicy.filterViableNodes(PipelinePlacementPolicy.java:149)
	at org.apache.hadoop.hdds.scm.pipeline.PipelinePlacementPolicy.chooseDatanodes(PipelinePlacementPolicy.java:172)
	at org.apache.hadoop.hdds.scm.pipeline.RatisPipelineProvider.create(RatisPipelineProvider.java:93)
	at org.apache.hadoop.hdds.scm.pipeline.PipelineFactory.create(PipelineFactory.java:58)
	at org.apache.hadoop.hdds.scm.pipeline.SCMPipelineManager.createPipeline(SCMPipelineManager.java:155)
	at org.apache.hadoop.hdds.scm.pipeline.BackgroundPipelineCreator.createPipelines(BackgroundPipelineCreator.java:99)
	at org.apache.hadoop.hdds.scm.pipeline.BackgroundPipelineCreator.lambda$startFixedIntervalPipelineCreator$0(BackgroundPipelineCreator.java:70)
	at java.util.concurrent.Executors$RunnableAdapter.call(Executors.java:511)
	at java.util.concurrent.FutureTask.runAndReset(FutureTask.java:308)
	at java.util.concurrent.ScheduledThreadPoolExecutor$ScheduledFutureTask.access$301(ScheduledThreadPoolExecutor.java:180)
	at java.util.concurrent.ScheduledThreadPoolExecutor$ScheduledFutureTask.run(ScheduledThreadPoolExecutor.java:294)
	at java.util.concurrent.ThreadPoolExecutor.runWorker(ThreadPoolExecutor.java:1149)
	at java.util.concurrent.ThreadPoolExecutor$Worker.run(ThreadPoolExecutor.java:624)
	at java.lang.Thread.run(Thread.java:748)
2019-09-26 10:51:02,439 [Thread-1344] INFO  ozone.MiniOzoneClusterImpl (MiniOzoneClusterImpl.java:lambda$waitForClusterToBeReady$0(147)) - Cluster is ready. Got 3 of 3 DN Heartbeats.
2019-09-26 10:51:02,490 [Thread-1344] INFO  rpc.RpcClient (RpcClient.java:createVolume(276)) - Creating Volume: volume66884, with user11410 as owner.
2019-09-26 10:51:02,493 [IPC Server handler 1 on 42843] INFO  volume.OMVolumeCreateRequest (OMVolumeCreateRequest.java:validateAndUpdateCache(189)) - created volume:volume66884 for user:user11410
2019-09-26 10:51:02,505 [Thread-1344] INFO  rpc.RpcClient (RpcClient.java:createBucket(415)) - Creating Bucket: volume66884/bucket46499, with Versioning false and Storage Type set to DISK and Encryption set to false 
2019-09-26 10:51:02,545 [IPC Server handler 0 on 38990] INFO  pipeline.PipelinePlacementPolicy (PipelinePlacementPolicy.java:meetCriteria(91)) - Pipeline Placement: can't place more pipeline on heavy datanode： d33bbd08-3e3e-438b-a99c-6b25309199ef Heaviness: 6 limit: 5
2019-09-26 10:51:02,545 [IPC Server handler 0 on 38990] INFO  pipeline.PipelinePlacementPolicy (PipelinePlacementPolicy.java:meetCriteria(91)) - Pipeline Placement: can't place more pipeline on heavy datanode： b00632ed-38e6-4e51-aa6e-3ec570305033 Heaviness: 6 limit: 5
2019-09-26 10:51:02,545 [IPC Server handler 0 on 38990] INFO  pipeline.PipelinePlacementPolicy (PipelinePlacementPolicy.java:meetCriteria(91)) - Pipeline Placement: can't place more pipeline on heavy datanode： 9a37ccb8-a0a5-45c8-9c33-1ff15e0d8b0a Heaviness: 6 limit: 5
2019-09-26 10:51:02,545 [IPC Server handler 0 on 38990] ERROR pipeline.PipelinePlacementPolicy (PipelinePlacementPolicy.java:filterViableNodes(148)) - Unable to find enough nodes that meet the criteria that cannot engage in more than 5 pipelines. Nodes required: 3 Found: 0, healthy nodes count inNodeManager: 3.
2019-09-26 10:51:02,545 [IPC Server handler 0 on 38990] ERROR pipeline.SCMPipelineManager (SCMPipelineManager.java:createPipeline(167)) - Pipeline creation failed.
org.apache.hadoop.hdds.scm.exceptions.SCMException: Unable to find enough nodes that meet the criteria that cannot engage in more than 5 pipelines. Nodes required: 3 Found: 0, healthy nodes count inNodeManager: 3.
	at org.apache.hadoop.hdds.scm.pipeline.PipelinePlacementPolicy.filterViableNodes(PipelinePlacementPolicy.java:149)
	at org.apache.hadoop.hdds.scm.pipeline.PipelinePlacementPolicy.chooseDatanodes(PipelinePlacementPolicy.java:172)
	at org.apache.hadoop.hdds.scm.pipeline.RatisPipelineProvider.create(RatisPipelineProvider.java:93)
	at org.apache.hadoop.hdds.scm.pipeline.PipelineFactory.create(PipelineFactory.java:58)
	at org.apache.hadoop.hdds.scm.pipeline.SCMPipelineManager.createPipeline(SCMPipelineManager.java:155)
	at org.apache.hadoop.hdds.scm.block.BlockManagerImpl.allocateBlock(BlockManagerImpl.java:190)
	at org.apache.hadoop.hdds.scm.server.SCMBlockProtocolServer.allocateBlock(SCMBlockProtocolServer.java:182)
	at org.apache.hadoop.ozone.protocolPB.ScmBlockLocationProtocolServerSideTranslatorPB.allocateScmBlock(ScmBlockLocationProtocolServerSideTranslatorPB.java:183)
	at org.apache.hadoop.ozone.protocolPB.ScmBlockLocationProtocolServerSideTranslatorPB.processMessage(ScmBlockLocationProtocolServerSideTranslatorPB.java:141)
	at org.apache.hadoop.ozone.protocolPB.ScmBlockLocationProtocolServerSideTranslatorPB.send(ScmBlockLocationProtocolServerSideTranslatorPB.java:116)
	at org.apache.hadoop.hdds.protocol.proto.ScmBlockLocationProtocolProtos$ScmBlockLocationProtocolService$2.callBlockingMethod(ScmBlockLocationProtocolProtos.java:13157)
	at org.apache.hadoop.ipc.ProtobufRpcEngine$Server$ProtoBufRpcInvoker.call(ProtobufRpcEngine.java:524)
	at org.apache.hadoop.ipc.RPC$Server.call(RPC.java:1025)
	at org.apache.hadoop.ipc.Server$RpcCall.run(Server.java:876)
	at org.apache.hadoop.ipc.Server$RpcCall.run(Server.java:822)
	at java.security.AccessController.doPrivileged(Native Method)
	at javax.security.auth.Subject.doAs(Subject.java:422)
	at org.apache.hadoop.security.UserGroupInformation.doAs(UserGroupInformation.java:1730)
	at org.apache.hadoop.ipc.Server$Handler.run(Server.java:2682)
2019-09-26 10:51:02,546 [IPC Server handler 0 on 38990] WARN  block.BlockManagerImpl (BlockManagerImpl.java:allocateBlock(192)) - Pipeline creation failed for type:RATIS factor:THREE. Retrying get pipelines call once.
org.apache.hadoop.hdds.scm.exceptions.SCMException: Unable to find enough nodes that meet the criteria that cannot engage in more than 5 pipelines. Nodes required: 3 Found: 0, healthy nodes count inNodeManager: 3.
	at org.apache.hadoop.hdds.scm.pipeline.PipelinePlacementPolicy.filterViableNodes(PipelinePlacementPolicy.java:149)
	at org.apache.hadoop.hdds.scm.pipeline.PipelinePlacementPolicy.chooseDatanodes(PipelinePlacementPolicy.java:172)
	at org.apache.hadoop.hdds.scm.pipeline.RatisPipelineProvider.create(RatisPipelineProvider.java:93)
	at org.apache.hadoop.hdds.scm.pipeline.PipelineFactory.create(PipelineFactory.java:58)
	at org.apache.hadoop.hdds.scm.pipeline.SCMPipelineManager.createPipeline(SCMPipelineManager.java:155)
	at org.apache.hadoop.hdds.scm.block.BlockManagerImpl.allocateBlock(BlockManagerImpl.java:190)
	at org.apache.hadoop.hdds.scm.server.SCMBlockProtocolServer.allocateBlock(SCMBlockProtocolServer.java:182)
	at org.apache.hadoop.ozone.protocolPB.ScmBlockLocationProtocolServerSideTranslatorPB.allocateScmBlock(ScmBlockLocationProtocolServerSideTranslatorPB.java:183)
	at org.apache.hadoop.ozone.protocolPB.ScmBlockLocationProtocolServerSideTranslatorPB.processMessage(ScmBlockLocationProtocolServerSideTranslatorPB.java:141)
	at org.apache.hadoop.ozone.protocolPB.ScmBlockLocationProtocolServerSideTranslatorPB.send(ScmBlockLocationProtocolServerSideTranslatorPB.java:116)
	at org.apache.hadoop.hdds.protocol.proto.ScmBlockLocationProtocolProtos$ScmBlockLocationProtocolService$2.callBlockingMethod(ScmBlockLocationProtocolProtos.java:13157)
	at org.apache.hadoop.ipc.ProtobufRpcEngine$Server$ProtoBufRpcInvoker.call(ProtobufRpcEngine.java:524)
	at org.apache.hadoop.ipc.RPC$Server.call(RPC.java:1025)
	at org.apache.hadoop.ipc.Server$RpcCall.run(Server.java:876)
	at org.apache.hadoop.ipc.Server$RpcCall.run(Server.java:822)
	at java.security.AccessController.doPrivileged(Native Method)
	at javax.security.auth.Subject.doAs(Subject.java:422)
	at org.apache.hadoop.security.UserGroupInformation.doAs(UserGroupInformation.java:1730)
	at org.apache.hadoop.ipc.Server$Handler.run(Server.java:2682)
2019-09-26 10:51:02,547 [IPC Server handler 0 on 38990] INFO  block.BlockManagerImpl (BlockManagerImpl.java:allocateBlock(198)) - Could not find available pipeline of type:RATIS and factor:THREE even after retrying
2019-09-26 10:51:02,547 [IPC Server handler 0 on 38990] ERROR block.BlockManagerImpl (BlockManagerImpl.java:allocateBlock(222)) - Unable to allocate a block for the size: 4194304, type: RATIS, factor: THREE
2019-09-26 10:51:02,548 [Thread-1344] INFO  ozone.MiniOzoneClusterImpl (MiniOzoneClusterImpl.java:shutdown(314)) - Shutting down the Mini Ozone Cluster
2019-09-26 10:51:02,548 [Thread-1344] INFO  ozone.MiniOzoneClusterImpl (MiniOzoneClusterImpl.java:stop(330)) - Stopping the Mini Ozone Cluster
2019-09-26 10:51:02,548 [Thread-1344] INFO  ozone.MiniOzoneClusterImpl (MiniOzoneClusterImpl.java:stopOM(400)) - Stopping the OzoneManager
2019-09-26 10:51:02,548 [Thread-1344] INFO  ipc.Server (Server.java:stop(3082)) - Stopping server on 42843
2019-09-26 10:51:02,553 [IPC Server listener on 42843] INFO  ipc.Server (Server.java:run(1185)) - Stopping IPC Server listener on 42843
2019-09-26 10:51:02,553 [IPC Server Responder] INFO  ipc.Server (Server.java:run(1319)) - Stopping IPC Server Responder
2019-09-26 10:51:02,553 [Thread-1344] INFO  ratis.OzoneManagerDoubleBuffer (OzoneManagerDoubleBuffer.java:stop(248)) - Stopping OMDoubleBuffer flush thread
2019-09-26 10:51:02,556 [OMDoubleBufferFlushThread] INFO  ratis.OzoneManagerDoubleBuffer (OzoneManagerDoubleBuffer.java:flushTransactions(191)) - OMDoubleBuffer flush thread OMDoubleBufferFlushThread is interrupted and will exit. OMDoubleBufferFlushThread
2019-09-26 10:51:02,556 [Thread-1344] INFO  utils.BackgroundService (BackgroundService.java:shutdown(148)) - Shutting down service KeyDeletingService
2019-09-26 10:51:02,557 [Thread-1344] INFO  handler.ContextHandler (ContextHandler.java:doStop(910)) - Stopped o.e.j.w.WebAppContext@2962901d{/,null,UNAVAILABLE}{/ozoneManager}
2019-09-26 10:51:02,558 [Thread-1344] INFO  server.AbstractConnector (AbstractConnector.java:doStop(318)) - Stopped ServerConnector@77971dd1{HTTP/1.1,[http/1.1]}{0.0.0.0:0}
2019-09-26 10:51:02,558 [Thread-1344] INFO  handler.ContextHandler (ContextHandler.java:doStop(910)) - Stopped o.e.j.s.ServletContextHandler@49e36d31{/static,jar:file:/home/user/.m2/repository/org/apache/hadoop/hadoop-ozone-ozone-manager/0.5.0-SNAPSHOT/hadoop-ozone-ozone-manager-0.5.0-SNAPSHOT.jar!/webapps/static,UNAVAILABLE}
2019-09-26 10:51:02,558 [Thread-1344] INFO  handler.ContextHandler (ContextHandler.java:doStop(910)) - Stopped o.e.j.s.ServletContextHandler@6c408f8e{/logs,file:///workdir/hadoop-ozone/ozonefs/target/log,UNAVAILABLE}
2019-09-26 10:51:02,560 [Thread-1344] INFO  ozone.MiniOzoneClusterImpl (MiniOzoneClusterImpl.java:stopDatanodes(377)) - Stopping the HddsDatanodes
2019-09-26 10:51:03,272 [Datanode State Machine Thread - 0] INFO  statemachine.DatanodeStateMachine (DatanodeStateMachine.java:lambda$startDaemon$0(350)) - Ozone container server started.
2019-09-26 10:51:03,348 [Datanode State Machine Thread - 0] INFO  statemachine.DatanodeStateMachine (DatanodeStateMachine.java:lambda$startDaemon$0(350)) - Ozone container server started.
2019-09-26 10:51:04,284 [Thread-1516] INFO  container.ReplicationManager (ReplicationManager.java:start(163)) - Starting Replication Monitor Thread.
2019-09-26 10:51:04,287 [ReplicationMonitor] INFO  container.ReplicationManager (ReplicationManager.java:run(226)) - Replication Monitor Thread took 0 milliseconds for processing 0 containers.
2019-09-26 10:51:06,379 [Thread-1518] INFO  impl.FollowerState (FollowerState.java:run(106)) - b00632ed-38e6-4e51-aa6e-3ec570305033:group-03C97F8A8244 changes to CANDIDATE, lastRpcTime:5051, electionTimeout:5051ms
2019-09-26 10:51:06,380 [Thread-1518] INFO  impl.RoleInfo (RoleInfo.java:shutdownFollowerState(121)) - b00632ed-38e6-4e51-aa6e-3ec570305033: shutdown FollowerState
2019-09-26 10:51:06,380 [Thread-1518] INFO  impl.RaftServerImpl (RaftServerImpl.java:setRole(174)) - b00632ed-38e6-4e51-aa6e-3ec570305033@group-03C97F8A8244: changes role from  FOLLOWER to CANDIDATE at term 0 for changeToCandidate
2019-09-26 10:51:06,380 [Thread-1518] INFO  impl.RoleInfo (RoleInfo.java:updateAndGet(143)) - b00632ed-38e6-4e51-aa6e-3ec570305033: start LeaderElection
2019-09-26 10:51:06,398 [b00632ed-38e6-4e51-aa6e-3ec570305033@group-03C97F8A8244:LeaderElection91] INFO  impl.LeaderElection (LeaderElection.java:askForVotes(182)) - b00632ed-38e6-4e51-aa6e-3ec570305033@group-03C97F8A8244:LeaderElection91: begin an election at term 1 for -1: [b00632ed-38e6-4e51-aa6e-3ec570305033:192.168.30.13:40930], old=null
2019-09-26 10:51:06,399 [b00632ed-38e6-4e51-aa6e-3ec570305033@group-03C97F8A8244:LeaderElection91] INFO  impl.RoleInfo (RoleInfo.java:shutdownLeaderElection(134)) - b00632ed-38e6-4e51-aa6e-3ec570305033: shutdown LeaderElection
2019-09-26 10:51:06,399 [b00632ed-38e6-4e51-aa6e-3ec570305033@group-03C97F8A8244:LeaderElection91] INFO  impl.RaftServerImpl (RaftServerImpl.java:setRole(174)) - b00632ed-38e6-4e51-aa6e-3ec570305033@group-03C97F8A8244: changes role from CANDIDATE to LEADER at term 1 for changeToLeader
2019-09-26 10:51:06,399 [b00632ed-38e6-4e51-aa6e-3ec570305033@group-03C97F8A8244:LeaderElection91] INFO  impl.RaftServerImpl (ServerState.java:setLeader(253)) - b00632ed-38e6-4e51-aa6e-3ec570305033@group-03C97F8A8244: change Leader from null to b00632ed-38e6-4e51-aa6e-3ec570305033 at term 1 for becomeLeader, leader elected after 5077ms
2019-09-26 10:51:06,399 [b00632ed-38e6-4e51-aa6e-3ec570305033@group-03C97F8A8244:LeaderElection91] INFO  server.RaftServerConfigKeys (ConfUtils.java:logGet(43)) - raft.server.staging.catchup.gap = 1000 (default)
2019-09-26 10:51:06,399 [b00632ed-38e6-4e51-aa6e-3ec570305033@group-03C97F8A8244:LeaderElection91] INFO  server.RaftServerConfigKeys (ConfUtils.java:logGet(43)) - raft.server.rpc.sleep.time = 25ms (default)
2019-09-26 10:51:06,399 [b00632ed-38e6-4e51-aa6e-3ec570305033@group-03C97F8A8244:LeaderElection91] INFO  server.RaftServerConfigKeys (ConfUtils.java:logGet(43)) - raft.server.write.element-limit = 4096 (default)
2019-09-26 10:51:06,399 [b00632ed-38e6-4e51-aa6e-3ec570305033@group-03C97F8A8244:LeaderElection91] INFO  server.RaftServerConfigKeys (ConfUtils.java:logGet(43)) - raft.server.watch.timeout = 10s (default)
2019-09-26 10:51:06,400 [b00632ed-38e6-4e51-aa6e-3ec570305033@group-03C97F8A8244:LeaderElection91] INFO  server.RaftServerConfigKeys (ConfUtils.java:logGet(43)) - raft.server.watch.timeout.denomination = 1s (default)
2019-09-26 10:51:06,400 [b00632ed-38e6-4e51-aa6e-3ec570305033@group-03C97F8A8244:LeaderElection91] INFO  server.RaftServerConfigKeys (ConfUtils.java:logGet(43)) - raft.server.watch.element-limit = 65536 (default)
2019-09-26 10:51:06,402 [b00632ed-38e6-4e51-aa6e-3ec570305033@group-03C97F8A8244:LeaderElection91] INFO  impl.RoleInfo (RoleInfo.java:updateAndGet(143)) - b00632ed-38e6-4e51-aa6e-3ec570305033: start LeaderState
2019-09-26 10:51:06,402 [b00632ed-38e6-4e51-aa6e-3ec570305033@group-03C97F8A8244:LeaderElection91] INFO  segmented.SegmentedRaftLogWorker (SegmentedRaftLogWorker.java:startLogSegment(380)) - b00632ed-38e6-4e51-aa6e-3ec570305033@group-03C97F8A8244-SegmentedRaftLogWorker: Starting segment from index:0
2019-09-26 10:51:06,403 [b00632ed-38e6-4e51-aa6e-3ec570305033@group-03C97F8A8244:LeaderElection91] INFO  impl.RaftServerImpl (ServerState.java:setRaftConf(354)) - b00632ed-38e6-4e51-aa6e-3ec570305033@group-03C97F8A8244: set configuration 0: [b00632ed-38e6-4e51-aa6e-3ec570305033:192.168.30.13:40930], old=null at 0
2019-09-26 10:51:06,452 [b00632ed-38e6-4e51-aa6e-3ec570305033@group-03C97F8A8244-SegmentedRaftLogWorker] INFO  segmented.SegmentedRaftLogWorker (SegmentedRaftLogWorker.java:execute(569)) - b00632ed-38e6-4e51-aa6e-3ec570305033@group-03C97F8A8244-SegmentedRaftLogWorker: created new log segment /workdir/hadoop-ozone/ozonefs/target/test-dir/MiniOzoneClusterImpl-e5a1f7e9-60e0-4040-8834-ccfdca6954e1/datanode-0/data/ratis/5499d16f-6472-448b-98a6-03c97f8a8244/current/log_inprogress_0
2019-09-26 10:51:06,464 [Thread-1524] INFO  impl.FollowerState (FollowerState.java:run(106)) - b00632ed-38e6-4e51-aa6e-3ec570305033:group-7E8D26F43ED7 changes to CANDIDATE, lastRpcTime:5052, electionTimeout:5052ms
2019-09-26 10:51:06,464 [Thread-1524] INFO  impl.RoleInfo (RoleInfo.java:shutdownFollowerState(121)) - b00632ed-38e6-4e51-aa6e-3ec570305033: shutdown FollowerState
2019-09-26 10:51:06,464 [Thread-1524] INFO  impl.RaftServerImpl (RaftServerImpl.java:setRole(174)) - b00632ed-38e6-4e51-aa6e-3ec570305033@group-7E8D26F43ED7: changes role from  FOLLOWER to CANDIDATE at term 0 for changeToCandidate
2019-09-26 10:51:06,465 [Thread-1524] INFO  impl.RoleInfo (RoleInfo.java:updateAndGet(143)) - b00632ed-38e6-4e51-aa6e-3ec570305033: start LeaderElection
2019-09-26 10:51:06,482 [b00632ed-38e6-4e51-aa6e-3ec570305033@group-7E8D26F43ED7:LeaderElection92] INFO  impl.LeaderElection (LeaderElection.java:askForVotes(182)) - b00632ed-38e6-4e51-aa6e-3ec570305033@group-7E8D26F43ED7:LeaderElection92: begin an election at term 1 for -1: [b00632ed-38e6-4e51-aa6e-3ec570305033:192.168.30.13:40930], old=null
2019-09-26 10:51:06,482 [b00632ed-38e6-4e51-aa6e-3ec570305033@group-7E8D26F43ED7:LeaderElection92] INFO  impl.RoleInfo (RoleInfo.java:shutdownLeaderElection(134)) - b00632ed-38e6-4e51-aa6e-3ec570305033: shutdown LeaderElection
2019-09-26 10:51:06,482 [b00632ed-38e6-4e51-aa6e-3ec570305033@group-7E8D26F43ED7:LeaderElection92] INFO  impl.RaftServerImpl (RaftServerImpl.java:setRole(174)) - b00632ed-38e6-4e51-aa6e-3ec570305033@group-7E8D26F43ED7: changes role from CANDIDATE to LEADER at term 1 for changeToLeader
2019-09-26 10:51:06,482 [b00632ed-38e6-4e51-aa6e-3ec570305033@group-7E8D26F43ED7:LeaderElection92] INFO  impl.RaftServerImpl (ServerState.java:setLeader(253)) - b00632ed-38e6-4e51-aa6e-3ec570305033@group-7E8D26F43ED7: change Leader from null to b00632ed-38e6-4e51-aa6e-3ec570305033 at term 1 for becomeLeader, leader elected after 5075ms
2019-09-26 10:51:06,482 [b00632ed-38e6-4e51-aa6e-3ec570305033@group-7E8D26F43ED7:LeaderElection92] INFO  server.RaftServerConfigKeys (ConfUtils.java:logGet(43)) - raft.server.staging.catchup.gap = 1000 (default)
2019-09-26 10:51:06,482 [b00632ed-38e6-4e51-aa6e-3ec570305033@group-7E8D26F43ED7:LeaderElection92] INFO  server.RaftServerConfigKeys (ConfUtils.java:logGet(43)) - raft.server.rpc.sleep.time = 25ms (default)
2019-09-26 10:51:06,483 [b00632ed-38e6-4e51-aa6e-3ec570305033@group-7E8D26F43ED7:LeaderElection92] INFO  server.RaftServerConfigKeys (ConfUtils.java:logGet(43)) - raft.server.write.element-limit = 4096 (default)
2019-09-26 10:51:06,483 [b00632ed-38e6-4e51-aa6e-3ec570305033@group-7E8D26F43ED7:LeaderElection92] INFO  server.RaftServerConfigKeys (ConfUtils.java:logGet(43)) - raft.server.watch.timeout = 10s (default)
2019-09-26 10:51:06,483 [b00632ed-38e6-4e51-aa6e-3ec570305033@group-7E8D26F43ED7:LeaderElection92] INFO  server.RaftServerConfigKeys (ConfUtils.java:logGet(43)) - raft.server.watch.timeout.denomination = 1s (default)
2019-09-26 10:51:06,483 [b00632ed-38e6-4e51-aa6e-3ec570305033@group-7E8D26F43ED7:LeaderElection92] INFO  server.RaftServerConfigKeys (ConfUtils.java:logGet(43)) - raft.server.watch.element-limit = 65536 (default)
2019-09-26 10:51:06,485 [b00632ed-38e6-4e51-aa6e-3ec570305033@group-7E8D26F43ED7:LeaderElection92] INFO  impl.RoleInfo (RoleInfo.java:updateAndGet(143)) - b00632ed-38e6-4e51-aa6e-3ec570305033: start LeaderState
2019-09-26 10:51:06,485 [b00632ed-38e6-4e51-aa6e-3ec570305033@group-7E8D26F43ED7:LeaderElection92] INFO  segmented.SegmentedRaftLogWorker (SegmentedRaftLogWorker.java:startLogSegment(380)) - b00632ed-38e6-4e51-aa6e-3ec570305033@group-7E8D26F43ED7-SegmentedRaftLogWorker: Starting segment from index:0
2019-09-26 10:51:06,486 [b00632ed-38e6-4e51-aa6e-3ec570305033@group-7E8D26F43ED7:LeaderElection92] INFO  impl.RaftServerImpl (ServerState.java:setRaftConf(354)) - b00632ed-38e6-4e51-aa6e-3ec570305033@group-7E8D26F43ED7: set configuration 0: [b00632ed-38e6-4e51-aa6e-3ec570305033:192.168.30.13:40930], old=null at 0
2019-09-26 10:51:06,506 [Thread-1527] INFO  impl.FollowerState (FollowerState.java:run(106)) - b00632ed-38e6-4e51-aa6e-3ec570305033:group-910060D7CD19 changes to CANDIDATE, lastRpcTime:5056, electionTimeout:5056ms
2019-09-26 10:51:06,506 [Thread-1527] INFO  impl.RoleInfo (RoleInfo.java:shutdownFollowerState(121)) - b00632ed-38e6-4e51-aa6e-3ec570305033: shutdown FollowerState
2019-09-26 10:51:06,506 [Thread-1527] INFO  impl.RaftServerImpl (RaftServerImpl.java:setRole(174)) - b00632ed-38e6-4e51-aa6e-3ec570305033@group-910060D7CD19: changes role from  FOLLOWER to CANDIDATE at term 0 for changeToCandidate
2019-09-26 10:51:06,506 [Thread-1527] INFO  impl.RoleInfo (RoleInfo.java:updateAndGet(143)) - b00632ed-38e6-4e51-aa6e-3ec570305033: start LeaderElection
2019-09-26 10:51:06,533 [b00632ed-38e6-4e51-aa6e-3ec570305033@group-7E8D26F43ED7-SegmentedRaftLogWorker] INFO  segmented.SegmentedRaftLogWorker (SegmentedRaftLogWorker.java:execute(569)) - b00632ed-38e6-4e51-aa6e-3ec570305033@group-7E8D26F43ED7-SegmentedRaftLogWorker: created new log segment /workdir/hadoop-ozone/ozonefs/target/test-dir/MiniOzoneClusterImpl-e5a1f7e9-60e0-4040-8834-ccfdca6954e1/datanode-0/data/ratis/23ddd2f1-2516-44ea-834b-7e8d26f43ed7/current/log_inprogress_0
2019-09-26 10:51:06,534 [b00632ed-38e6-4e51-aa6e-3ec570305033@group-910060D7CD19:LeaderElection93] INFO  impl.LeaderElection (LeaderElection.java:askForVotes(182)) - b00632ed-38e6-4e51-aa6e-3ec570305033@group-910060D7CD19:LeaderElection93: begin an election at term 1 for -1: [b00632ed-38e6-4e51-aa6e-3ec570305033:192.168.30.13:40930], old=null
2019-09-26 10:51:06,534 [b00632ed-38e6-4e51-aa6e-3ec570305033@group-910060D7CD19:LeaderElection93] INFO  impl.RoleInfo (RoleInfo.java:shutdownLeaderElection(134)) - b00632ed-38e6-4e51-aa6e-3ec570305033: shutdown LeaderElection
2019-09-26 10:51:06,534 [b00632ed-38e6-4e51-aa6e-3ec570305033@group-910060D7CD19:LeaderElection93] INFO  impl.RaftServerImpl (RaftServerImpl.java:setRole(174)) - b00632ed-38e6-4e51-aa6e-3ec570305033@group-910060D7CD19: changes role from CANDIDATE to LEADER at term 1 for changeToLeader
2019-09-26 10:51:06,534 [b00632ed-38e6-4e51-aa6e-3ec570305033@group-910060D7CD19:LeaderElection93] INFO  impl.RaftServerImpl (ServerState.java:setLeader(253)) - b00632ed-38e6-4e51-aa6e-3ec570305033@group-910060D7CD19: change Leader from null to b00632ed-38e6-4e51-aa6e-3ec570305033 at term 1 for becomeLeader, leader elected after 5088ms
2019-09-26 10:51:06,534 [b00632ed-38e6-4e51-aa6e-3ec570305033@group-910060D7CD19:LeaderElection93] INFO  server.RaftServerConfigKeys (ConfUtils.java:logGet(43)) - raft.server.staging.catchup.gap = 1000 (default)
2019-09-26 10:51:06,534 [b00632ed-38e6-4e51-aa6e-3ec570305033@group-910060D7CD19:LeaderElection93] INFO  server.RaftServerConfigKeys (ConfUtils.java:logGet(43)) - raft.server.rpc.sleep.time = 25ms (default)
2019-09-26 10:51:06,535 [b00632ed-38e6-4e51-aa6e-3ec570305033@group-910060D7CD19:LeaderElection93] INFO  server.RaftServerConfigKeys (ConfUtils.java:logGet(43)) - raft.server.write.element-limit = 4096 (default)
2019-09-26 10:51:06,535 [b00632ed-38e6-4e51-aa6e-3ec570305033@group-910060D7CD19:LeaderElection93] INFO  server.RaftServerConfigKeys (ConfUtils.java:logGet(43)) - raft.server.watch.timeout = 10s (default)
2019-09-26 10:51:06,535 [b00632ed-38e6-4e51-aa6e-3ec570305033@group-910060D7CD19:LeaderElection93] INFO  server.RaftServerConfigKeys (ConfUtils.java:logGet(43)) - raft.server.watch.timeout.denomination = 1s (default)
2019-09-26 10:51:06,535 [b00632ed-38e6-4e51-aa6e-3ec570305033@group-910060D7CD19:LeaderElection93] INFO  server.RaftServerConfigKeys (ConfUtils.java:logGet(43)) - raft.server.watch.element-limit = 65536 (default)
2019-09-26 10:51:06,535 [Thread-1521] INFO  impl.FollowerState (FollowerState.java:run(106)) - b00632ed-38e6-4e51-aa6e-3ec570305033:group-3D6998F73D2D changes to CANDIDATE, lastRpcTime:5164, electionTimeout:5164ms
2019-09-26 10:51:06,535 [Thread-1521] INFO  impl.RoleInfo (RoleInfo.java:shutdownFollowerState(121)) - b00632ed-38e6-4e51-aa6e-3ec570305033: shutdown FollowerState
2019-09-26 10:51:06,535 [Thread-1521] INFO  impl.RaftServerImpl (RaftServerImpl.java:setRole(174)) - b00632ed-38e6-4e51-aa6e-3ec570305033@group-3D6998F73D2D: changes role from  FOLLOWER to CANDIDATE at term 0 for changeToCandidate
2019-09-26 10:51:06,536 [Thread-1521] INFO  impl.RoleInfo (RoleInfo.java:updateAndGet(143)) - b00632ed-38e6-4e51-aa6e-3ec570305033: start LeaderElection
2019-09-26 10:51:06,539 [b00632ed-38e6-4e51-aa6e-3ec570305033@group-910060D7CD19:LeaderElection93] INFO  impl.RoleInfo (RoleInfo.java:updateAndGet(143)) - b00632ed-38e6-4e51-aa6e-3ec570305033: start LeaderState
2019-09-26 10:51:06,539 [b00632ed-38e6-4e51-aa6e-3ec570305033@group-910060D7CD19:LeaderElection93] INFO  segmented.SegmentedRaftLogWorker (SegmentedRaftLogWorker.java:startLogSegment(380)) - b00632ed-38e6-4e51-aa6e-3ec570305033@group-910060D7CD19-SegmentedRaftLogWorker: Starting segment from index:0
2019-09-26 10:51:06,540 [b00632ed-38e6-4e51-aa6e-3ec570305033@group-910060D7CD19:LeaderElection93] INFO  impl.RaftServerImpl (ServerState.java:setRaftConf(354)) - b00632ed-38e6-4e51-aa6e-3ec570305033@group-910060D7CD19: set configuration 0: [b00632ed-38e6-4e51-aa6e-3ec570305033:192.168.30.13:40930], old=null at 0
2019-09-26 10:51:06,547 [b00632ed-38e6-4e51-aa6e-3ec570305033@group-3D6998F73D2D:LeaderElection94] INFO  impl.LeaderElection (LeaderElection.java:askForVotes(182)) - b00632ed-38e6-4e51-aa6e-3ec570305033@group-3D6998F73D2D:LeaderElection94: begin an election at term 1 for -1: [b00632ed-38e6-4e51-aa6e-3ec570305033:192.168.30.13:40930], old=null
2019-09-26 10:51:06,547 [b00632ed-38e6-4e51-aa6e-3ec570305033@group-3D6998F73D2D:LeaderElection94] INFO  impl.RoleInfo (RoleInfo.java:shutdownLeaderElection(134)) - b00632ed-38e6-4e51-aa6e-3ec570305033: shutdown LeaderElection
2019-09-26 10:51:06,547 [b00632ed-38e6-4e51-aa6e-3ec570305033@group-3D6998F73D2D:LeaderElection94] INFO  impl.RaftServerImpl (RaftServerImpl.java:setRole(174)) - b00632ed-38e6-4e51-aa6e-3ec570305033@group-3D6998F73D2D: changes role from CANDIDATE to LEADER at term 1 for changeToLeader
2019-09-26 10:51:06,547 [b00632ed-38e6-4e51-aa6e-3ec570305033@group-3D6998F73D2D:LeaderElection94] INFO  impl.RaftServerImpl (ServerState.java:setLeader(253)) - b00632ed-38e6-4e51-aa6e-3ec570305033@group-3D6998F73D2D: change Leader from null to b00632ed-38e6-4e51-aa6e-3ec570305033 at term 1 for becomeLeader, leader elected after 5182ms
2019-09-26 10:51:06,547 [b00632ed-38e6-4e51-aa6e-3ec570305033@group-3D6998F73D2D:LeaderElection94] INFO  server.RaftServerConfigKeys (ConfUtils.java:logGet(43)) - raft.server.staging.catchup.gap = 1000 (default)
2019-09-26 10:51:06,547 [b00632ed-38e6-4e51-aa6e-3ec570305033@group-3D6998F73D2D:LeaderElection94] INFO  server.RaftServerConfigKeys (ConfUtils.java:logGet(43)) - raft.server.rpc.sleep.time = 25ms (default)
2019-09-26 10:51:06,548 [b00632ed-38e6-4e51-aa6e-3ec570305033@group-3D6998F73D2D:LeaderElection94] INFO  server.RaftServerConfigKeys (ConfUtils.java:logGet(43)) - raft.server.write.element-limit = 4096 (default)
2019-09-26 10:51:06,548 [b00632ed-38e6-4e51-aa6e-3ec570305033@group-3D6998F73D2D:LeaderElection94] INFO  server.RaftServerConfigKeys (ConfUtils.java:logGet(43)) - raft.server.watch.timeout = 10s (default)
2019-09-26 10:51:06,548 [b00632ed-38e6-4e51-aa6e-3ec570305033@group-3D6998F73D2D:LeaderElection94] INFO  server.RaftServerConfigKeys (ConfUtils.java:logGet(43)) - raft.server.watch.timeout.denomination = 1s (default)
2019-09-26 10:51:06,548 [b00632ed-38e6-4e51-aa6e-3ec570305033@group-3D6998F73D2D:LeaderElection94] INFO  server.RaftServerConfigKeys (ConfUtils.java:logGet(43)) - raft.server.watch.element-limit = 65536 (default)
2019-09-26 10:51:06,550 [b00632ed-38e6-4e51-aa6e-3ec570305033@group-3D6998F73D2D:LeaderElection94] INFO  impl.RoleInfo (RoleInfo.java:updateAndGet(143)) - b00632ed-38e6-4e51-aa6e-3ec570305033: start LeaderState
2019-09-26 10:51:06,550 [b00632ed-38e6-4e51-aa6e-3ec570305033@group-3D6998F73D2D:LeaderElection94] INFO  segmented.SegmentedRaftLogWorker (SegmentedRaftLogWorker.java:startLogSegment(380)) - b00632ed-38e6-4e51-aa6e-3ec570305033@group-3D6998F73D2D-SegmentedRaftLogWorker: Starting segment from index:0
2019-09-26 10:51:06,551 [b00632ed-38e6-4e51-aa6e-3ec570305033@group-3D6998F73D2D:LeaderElection94] INFO  impl.RaftServerImpl (ServerState.java:setRaftConf(354)) - b00632ed-38e6-4e51-aa6e-3ec570305033@group-3D6998F73D2D: set configuration 0: [b00632ed-38e6-4e51-aa6e-3ec570305033:192.168.30.13:40930], old=null at 0
2019-09-26 10:51:06,589 [Thread-1530] INFO  impl.FollowerState (FollowerState.java:run(106)) - b00632ed-38e6-4e51-aa6e-3ec570305033:group-3F4D1C9F8268 changes to CANDIDATE, lastRpcTime:5112, electionTimeout:5112ms
2019-09-26 10:51:06,590 [b00632ed-38e6-4e51-aa6e-3ec570305033@group-3D6998F73D2D-SegmentedRaftLogWorker] INFO  segmented.SegmentedRaftLogWorker (SegmentedRaftLogWorker.java:execute(569)) - b00632ed-38e6-4e51-aa6e-3ec570305033@group-3D6998F73D2D-SegmentedRaftLogWorker: created new log segment /workdir/hadoop-ozone/ozonefs/target/test-dir/MiniOzoneClusterImpl-e5a1f7e9-60e0-4040-8834-ccfdca6954e1/datanode-0/data/ratis/34de2189-4ccb-4848-bc2d-3d6998f73d2d/current/log_inprogress_0
2019-09-26 10:51:06,590 [Thread-1530] INFO  impl.RoleInfo (RoleInfo.java:shutdownFollowerState(121)) - b00632ed-38e6-4e51-aa6e-3ec570305033: shutdown FollowerState
2019-09-26 10:51:06,590 [b00632ed-38e6-4e51-aa6e-3ec570305033@group-910060D7CD19-SegmentedRaftLogWorker] INFO  segmented.SegmentedRaftLogWorker (SegmentedRaftLogWorker.java:execute(569)) - b00632ed-38e6-4e51-aa6e-3ec570305033@group-910060D7CD19-SegmentedRaftLogWorker: created new log segment /workdir/hadoop-ozone/ozonefs/target/test-dir/MiniOzoneClusterImpl-e5a1f7e9-60e0-4040-8834-ccfdca6954e1/datanode-0/data/ratis/e86406de-2aba-448f-9296-910060d7cd19/current/log_inprogress_0
2019-09-26 10:51:06,590 [Thread-1530] INFO  impl.RaftServerImpl (RaftServerImpl.java:setRole(174)) - b00632ed-38e6-4e51-aa6e-3ec570305033@group-3F4D1C9F8268: changes role from  FOLLOWER to CANDIDATE at term 0 for changeToCandidate
2019-09-26 10:51:06,590 [Thread-1530] INFO  impl.RoleInfo (RoleInfo.java:updateAndGet(143)) - b00632ed-38e6-4e51-aa6e-3ec570305033: start LeaderElection
2019-09-26 10:51:06,603 [b00632ed-38e6-4e51-aa6e-3ec570305033@group-3F4D1C9F8268:LeaderElection95] INFO  impl.LeaderElection (LeaderElection.java:askForVotes(182)) - b00632ed-38e6-4e51-aa6e-3ec570305033@group-3F4D1C9F8268:LeaderElection95: begin an election at term 1 for -1: [b00632ed-38e6-4e51-aa6e-3ec570305033:192.168.30.13:40930], old=null
2019-09-26 10:51:06,603 [b00632ed-38e6-4e51-aa6e-3ec570305033@group-3F4D1C9F8268:LeaderElection95] INFO  impl.RoleInfo (RoleInfo.java:shutdownLeaderElection(134)) - b00632ed-38e6-4e51-aa6e-3ec570305033: shutdown LeaderElection
2019-09-26 10:51:06,603 [b00632ed-38e6-4e51-aa6e-3ec570305033@group-3F4D1C9F8268:LeaderElection95] INFO  impl.RaftServerImpl (RaftServerImpl.java:setRole(174)) - b00632ed-38e6-4e51-aa6e-3ec570305033@group-3F4D1C9F8268: changes role from CANDIDATE to LEADER at term 1 for changeToLeader
2019-09-26 10:51:06,604 [b00632ed-38e6-4e51-aa6e-3ec570305033@group-3F4D1C9F8268:LeaderElection95] INFO  impl.RaftServerImpl (ServerState.java:setLeader(253)) - b00632ed-38e6-4e51-aa6e-3ec570305033@group-3F4D1C9F8268: change Leader from null to b00632ed-38e6-4e51-aa6e-3ec570305033 at term 1 for becomeLeader, leader elected after 5129ms
2019-09-26 10:51:06,604 [b00632ed-38e6-4e51-aa6e-3ec570305033@group-3F4D1C9F8268:LeaderElection95] INFO  server.RaftServerConfigKeys (ConfUtils.java:logGet(43)) - raft.server.staging.catchup.gap = 1000 (default)
2019-09-26 10:51:06,604 [b00632ed-38e6-4e51-aa6e-3ec570305033@group-3F4D1C9F8268:LeaderElection95] INFO  server.RaftServerConfigKeys (ConfUtils.java:logGet(43)) - raft.server.rpc.sleep.time = 25ms (default)
2019-09-26 10:51:06,604 [b00632ed-38e6-4e51-aa6e-3ec570305033@group-3F4D1C9F8268:LeaderElection95] INFO  server.RaftServerConfigKeys (ConfUtils.java:logGet(43)) - raft.server.write.element-limit = 4096 (default)
2019-09-26 10:51:06,604 [b00632ed-38e6-4e51-aa6e-3ec570305033@group-3F4D1C9F8268:LeaderElection95] INFO  server.RaftServerConfigKeys (ConfUtils.java:logGet(43)) - raft.server.watch.timeout = 10s (default)
2019-09-26 10:51:06,605 [b00632ed-38e6-4e51-aa6e-3ec570305033@group-3F4D1C9F8268:LeaderElection95] INFO  server.RaftServerConfigKeys (ConfUtils.java:logGet(43)) - raft.server.watch.timeout.denomination = 1s (default)
2019-09-26 10:51:06,605 [b00632ed-38e6-4e51-aa6e-3ec570305033@group-3F4D1C9F8268:LeaderElection95] INFO  server.RaftServerConfigKeys (ConfUtils.java:logGet(43)) - raft.server.watch.element-limit = 65536 (default)
2019-09-26 10:51:06,607 [b00632ed-38e6-4e51-aa6e-3ec570305033@group-3F4D1C9F8268:LeaderElection95] INFO  impl.RoleInfo (RoleInfo.java:updateAndGet(143)) - b00632ed-38e6-4e51-aa6e-3ec570305033: start LeaderState
2019-09-26 10:51:06,607 [b00632ed-38e6-4e51-aa6e-3ec570305033@group-3F4D1C9F8268:LeaderElection95] INFO  segmented.SegmentedRaftLogWorker (SegmentedRaftLogWorker.java:startLogSegment(380)) - b00632ed-38e6-4e51-aa6e-3ec570305033@group-3F4D1C9F8268-SegmentedRaftLogWorker: Starting segment from index:0
2019-09-26 10:51:06,608 [b00632ed-38e6-4e51-aa6e-3ec570305033@group-3F4D1C9F8268:LeaderElection95] INFO  impl.RaftServerImpl (ServerState.java:setRaftConf(354)) - b00632ed-38e6-4e51-aa6e-3ec570305033@group-3F4D1C9F8268: set configuration 0: [b00632ed-38e6-4e51-aa6e-3ec570305033:192.168.30.13:40930], old=null at 0
2019-09-26 10:51:06,657 [b00632ed-38e6-4e51-aa6e-3ec570305033@group-3F4D1C9F8268-SegmentedRaftLogWorker] INFO  segmented.SegmentedRaftLogWorker (SegmentedRaftLogWorker.java:execute(569)) - b00632ed-38e6-4e51-aa6e-3ec570305033@group-3F4D1C9F8268-SegmentedRaftLogWorker: created new log segment /workdir/hadoop-ozone/ozonefs/target/test-dir/MiniOzoneClusterImpl-e5a1f7e9-60e0-4040-8834-ccfdca6954e1/datanode-0/data/ratis/953cc782-f2a2-4ef1-834f-3f4d1c9f8268/current/log_inprogress_0
2019-09-26 10:51:06,665 [Thread-1539] INFO  impl.FollowerState (FollowerState.java:run(106)) - d33bbd08-3e3e-438b-a99c-6b25309199ef:group-1A277D4CA7C8 changes to CANDIDATE, lastRpcTime:5104, electionTimeout:5104ms
2019-09-26 10:51:06,666 [Thread-1539] INFO  impl.RoleInfo (RoleInfo.java:shutdownFollowerState(121)) - d33bbd08-3e3e-438b-a99c-6b25309199ef: shutdown FollowerState
2019-09-26 10:51:06,666 [Thread-1539] INFO  impl.RaftServerImpl (RaftServerImpl.java:setRole(174)) - d33bbd08-3e3e-438b-a99c-6b25309199ef@group-1A277D4CA7C8: changes role from  FOLLOWER to CANDIDATE at term 0 for changeToCandidate
2019-09-26 10:51:06,666 [Thread-1539] INFO  impl.RoleInfo (RoleInfo.java:updateAndGet(143)) - d33bbd08-3e3e-438b-a99c-6b25309199ef: start LeaderElection
2019-09-26 10:51:06,679 [Thread-1542] INFO  impl.FollowerState (FollowerState.java:run(106)) - d33bbd08-3e3e-438b-a99c-6b25309199ef:group-0AD02296BB55 changes to CANDIDATE, lastRpcTime:5073, electionTimeout:5073ms
2019-09-26 10:51:06,679 [Thread-1542] INFO  impl.RoleInfo (RoleInfo.java:shutdownFollowerState(121)) - d33bbd08-3e3e-438b-a99c-6b25309199ef: shutdown FollowerState
2019-09-26 10:51:06,679 [Thread-1542] INFO  impl.RaftServerImpl (RaftServerImpl.java:setRole(174)) - d33bbd08-3e3e-438b-a99c-6b25309199ef@group-0AD02296BB55: changes role from  FOLLOWER to CANDIDATE at term 0 for changeToCandidate
2019-09-26 10:51:06,679 [Thread-1542] INFO  impl.RoleInfo (RoleInfo.java:updateAndGet(143)) - d33bbd08-3e3e-438b-a99c-6b25309199ef: start LeaderElection
2019-09-26 10:51:06,685 [d33bbd08-3e3e-438b-a99c-6b25309199ef@group-1A277D4CA7C8:LeaderElection96] INFO  impl.LeaderElection (LeaderElection.java:askForVotes(182)) - d33bbd08-3e3e-438b-a99c-6b25309199ef@group-1A277D4CA7C8:LeaderElection96: begin an election at term 1 for -1: [d33bbd08-3e3e-438b-a99c-6b25309199ef:192.168.30.13:44451], old=null
2019-09-26 10:51:06,685 [d33bbd08-3e3e-438b-a99c-6b25309199ef@group-0AD02296BB55:LeaderElection97] INFO  impl.LeaderElection (LeaderElection.java:askForVotes(182)) - d33bbd08-3e3e-438b-a99c-6b25309199ef@group-0AD02296BB55:LeaderElection97: begin an election at term 1 for -1: [d33bbd08-3e3e-438b-a99c-6b25309199ef:192.168.30.13:44451], old=null
2019-09-26 10:51:06,686 [d33bbd08-3e3e-438b-a99c-6b25309199ef@group-1A277D4CA7C8:LeaderElection96] INFO  impl.RoleInfo (RoleInfo.java:shutdownLeaderElection(134)) - d33bbd08-3e3e-438b-a99c-6b25309199ef: shutdown LeaderElection
2019-09-26 10:51:06,686 [d33bbd08-3e3e-438b-a99c-6b25309199ef@group-0AD02296BB55:LeaderElection97] INFO  impl.RoleInfo (RoleInfo.java:shutdownLeaderElection(134)) - d33bbd08-3e3e-438b-a99c-6b25309199ef: shutdown LeaderElection
2019-09-26 10:51:06,686 [d33bbd08-3e3e-438b-a99c-6b25309199ef@group-1A277D4CA7C8:LeaderElection96] INFO  impl.RaftServerImpl (RaftServerImpl.java:setRole(174)) - d33bbd08-3e3e-438b-a99c-6b25309199ef@group-1A277D4CA7C8: changes role from CANDIDATE to LEADER at term 1 for changeToLeader
2019-09-26 10:51:06,686 [d33bbd08-3e3e-438b-a99c-6b25309199ef@group-0AD02296BB55:LeaderElection97] INFO  impl.RaftServerImpl (RaftServerImpl.java:setRole(174)) - d33bbd08-3e3e-438b-a99c-6b25309199ef@group-0AD02296BB55: changes role from CANDIDATE to LEADER at term 1 for changeToLeader
2019-09-26 10:51:06,686 [d33bbd08-3e3e-438b-a99c-6b25309199ef@group-1A277D4CA7C8:LeaderElection96] INFO  impl.RaftServerImpl (ServerState.java:setLeader(253)) - d33bbd08-3e3e-438b-a99c-6b25309199ef@group-1A277D4CA7C8: change Leader from null to d33bbd08-3e3e-438b-a99c-6b25309199ef at term 1 for becomeLeader, leader elected after 5132ms
2019-09-26 10:51:06,686 [d33bbd08-3e3e-438b-a99c-6b25309199ef@group-0AD02296BB55:LeaderElection97] INFO  impl.RaftServerImpl (ServerState.java:setLeader(253)) - d33bbd08-3e3e-438b-a99c-6b25309199ef@group-0AD02296BB55: change Leader from null to d33bbd08-3e3e-438b-a99c-6b25309199ef at term 1 for becomeLeader, leader elected after 5085ms
2019-09-26 10:51:06,687 [d33bbd08-3e3e-438b-a99c-6b25309199ef@group-1A277D4CA7C8:LeaderElection96] INFO  server.RaftServerConfigKeys (ConfUtils.java:logGet(43)) - raft.server.staging.catchup.gap = 1000 (default)
2019-09-26 10:51:06,687 [d33bbd08-3e3e-438b-a99c-6b25309199ef@group-0AD02296BB55:LeaderElection97] INFO  server.RaftServerConfigKeys (ConfUtils.java:logGet(43)) - raft.server.staging.catchup.gap = 1000 (default)
2019-09-26 10:51:06,687 [d33bbd08-3e3e-438b-a99c-6b25309199ef@group-1A277D4CA7C8:LeaderElection96] INFO  server.RaftServerConfigKeys (ConfUtils.java:logGet(43)) - raft.server.rpc.sleep.time = 25ms (default)
2019-09-26 10:51:06,687 [d33bbd08-3e3e-438b-a99c-6b25309199ef@group-0AD02296BB55:LeaderElection97] INFO  server.RaftServerConfigKeys (ConfUtils.java:logGet(43)) - raft.server.rpc.sleep.time = 25ms (default)
2019-09-26 10:51:06,687 [d33bbd08-3e3e-438b-a99c-6b25309199ef@group-1A277D4CA7C8:LeaderElection96] INFO  server.RaftServerConfigKeys (ConfUtils.java:logGet(43)) - raft.server.write.element-limit = 4096 (default)
2019-09-26 10:51:06,687 [d33bbd08-3e3e-438b-a99c-6b25309199ef@group-0AD02296BB55:LeaderElection97] INFO  server.RaftServerConfigKeys (ConfUtils.java:logGet(43)) - raft.server.write.element-limit = 4096 (default)
2019-09-26 10:51:06,687 [d33bbd08-3e3e-438b-a99c-6b25309199ef@group-1A277D4CA7C8:LeaderElection96] INFO  server.RaftServerConfigKeys (ConfUtils.java:logGet(43)) - raft.server.watch.timeout = 10s (default)
2019-09-26 10:51:06,688 [d33bbd08-3e3e-438b-a99c-6b25309199ef@group-0AD02296BB55:LeaderElection97] INFO  server.RaftServerConfigKeys (ConfUtils.java:logGet(43)) - raft.server.watch.timeout = 10s (default)
2019-09-26 10:51:06,688 [d33bbd08-3e3e-438b-a99c-6b25309199ef@group-1A277D4CA7C8:LeaderElection96] INFO  server.RaftServerConfigKeys (ConfUtils.java:logGet(43)) - raft.server.watch.timeout.denomination = 1s (default)
2019-09-26 10:51:06,688 [d33bbd08-3e3e-438b-a99c-6b25309199ef@group-0AD02296BB55:LeaderElection97] INFO  server.RaftServerConfigKeys (ConfUtils.java:logGet(43)) - raft.server.watch.timeout.denomination = 1s (default)
2019-09-26 10:51:06,688 [d33bbd08-3e3e-438b-a99c-6b25309199ef@group-1A277D4CA7C8:LeaderElection96] INFO  server.RaftServerConfigKeys (ConfUtils.java:logGet(43)) - raft.server.watch.element-limit = 65536 (default)
2019-09-26 10:51:06,688 [d33bbd08-3e3e-438b-a99c-6b25309199ef@group-0AD02296BB55:LeaderElection97] INFO  server.RaftServerConfigKeys (ConfUtils.java:logGet(43)) - raft.server.watch.element-limit = 65536 (default)
2019-09-26 10:51:06,692 [d33bbd08-3e3e-438b-a99c-6b25309199ef@group-1A277D4CA7C8:LeaderElection96] INFO  impl.RoleInfo (RoleInfo.java:updateAndGet(143)) - d33bbd08-3e3e-438b-a99c-6b25309199ef: start LeaderState
2019-09-26 10:51:06,692 [d33bbd08-3e3e-438b-a99c-6b25309199ef@group-0AD02296BB55:LeaderElection97] INFO  impl.RoleInfo (RoleInfo.java:updateAndGet(143)) - d33bbd08-3e3e-438b-a99c-6b25309199ef: start LeaderState
2019-09-26 10:51:06,692 [d33bbd08-3e3e-438b-a99c-6b25309199ef@group-1A277D4CA7C8:LeaderElection96] INFO  segmented.SegmentedRaftLogWorker (SegmentedRaftLogWorker.java:startLogSegment(380)) - d33bbd08-3e3e-438b-a99c-6b25309199ef@group-1A277D4CA7C8-SegmentedRaftLogWorker: Starting segment from index:0
2019-09-26 10:51:06,693 [d33bbd08-3e3e-438b-a99c-6b25309199ef@group-0AD02296BB55:LeaderElection97] INFO  segmented.SegmentedRaftLogWorker (SegmentedRaftLogWorker.java:startLogSegment(380)) - d33bbd08-3e3e-438b-a99c-6b25309199ef@group-0AD02296BB55-SegmentedRaftLogWorker: Starting segment from index:0
2019-09-26 10:51:06,693 [d33bbd08-3e3e-438b-a99c-6b25309199ef@group-1A277D4CA7C8:LeaderElection96] INFO  impl.RaftServerImpl (ServerState.java:setRaftConf(354)) - d33bbd08-3e3e-438b-a99c-6b25309199ef@group-1A277D4CA7C8: set configuration 0: [d33bbd08-3e3e-438b-a99c-6b25309199ef:192.168.30.13:44451], old=null at 0
2019-09-26 10:51:06,694 [d33bbd08-3e3e-438b-a99c-6b25309199ef@group-0AD02296BB55:LeaderElection97] INFO  impl.RaftServerImpl (ServerState.java:setRaftConf(354)) - d33bbd08-3e3e-438b-a99c-6b25309199ef@group-0AD02296BB55: set configuration 0: [d33bbd08-3e3e-438b-a99c-6b25309199ef:192.168.30.13:44451], old=null at 0
2019-09-26 10:51:06,705 [Thread-1533] INFO  impl.FollowerState (FollowerState.java:run(106)) - 9a37ccb8-a0a5-45c8-9c33-1ff15e0d8b0a:group-E0E0E283B455 changes to CANDIDATE, lastRpcTime:5192, electionTimeout:5192ms
2019-09-26 10:51:06,705 [Thread-1533] INFO  impl.RoleInfo (RoleInfo.java:shutdownFollowerState(121)) - 9a37ccb8-a0a5-45c8-9c33-1ff15e0d8b0a: shutdown FollowerState
2019-09-26 10:51:06,705 [Thread-1533] INFO  impl.RaftServerImpl (RaftServerImpl.java:setRole(174)) - 9a37ccb8-a0a5-45c8-9c33-1ff15e0d8b0a@group-E0E0E283B455: changes role from  FOLLOWER to CANDIDATE at term 0 for changeToCandidate
2019-09-26 10:51:06,705 [Thread-1533] INFO  impl.RoleInfo (RoleInfo.java:updateAndGet(143)) - 9a37ccb8-a0a5-45c8-9c33-1ff15e0d8b0a: start LeaderElection
2019-09-26 10:51:06,738 [Thread-1536] INFO  impl.FollowerState (FollowerState.java:run(106)) - b00632ed-38e6-4e51-aa6e-3ec570305033:group-D33A09EF1509 changes to CANDIDATE, lastRpcTime:5203, electionTimeout:5186ms
2019-09-26 10:51:06,739 [Thread-1536] INFO  impl.RoleInfo (RoleInfo.java:shutdownFollowerState(121)) - b00632ed-38e6-4e51-aa6e-3ec570305033: shutdown FollowerState
2019-09-26 10:51:06,739 [Thread-1536] INFO  impl.RaftServerImpl (RaftServerImpl.java:setRole(174)) - b00632ed-38e6-4e51-aa6e-3ec570305033@group-D33A09EF1509: changes role from  FOLLOWER to CANDIDATE at term 0 for changeToCandidate
2019-09-26 10:51:06,739 [Thread-1536] INFO  impl.RoleInfo (RoleInfo.java:updateAndGet(143)) - b00632ed-38e6-4e51-aa6e-3ec570305033: start LeaderElection
2019-09-26 10:51:06,752 [d33bbd08-3e3e-438b-a99c-6b25309199ef@group-1A277D4CA7C8-SegmentedRaftLogWorker] INFO  segmented.SegmentedRaftLogWorker (SegmentedRaftLogWorker.java:execute(569)) - d33bbd08-3e3e-438b-a99c-6b25309199ef@group-1A277D4CA7C8-SegmentedRaftLogWorker: created new log segment /workdir/hadoop-ozone/ozonefs/target/test-dir/MiniOzoneClusterImpl-e5a1f7e9-60e0-4040-8834-ccfdca6954e1/datanode-2/data/ratis/771f7ce1-6876-4193-824b-1a277d4ca7c8/current/log_inprogress_0
2019-09-26 10:51:06,752 [9a37ccb8-a0a5-45c8-9c33-1ff15e0d8b0a@group-E0E0E283B455:LeaderElection98] INFO  impl.LeaderElection (LeaderElection.java:askForVotes(182)) - 9a37ccb8-a0a5-45c8-9c33-1ff15e0d8b0a@group-E0E0E283B455:LeaderElection98: begin an election at term 1 for -1: [9a37ccb8-a0a5-45c8-9c33-1ff15e0d8b0a:192.168.30.13:34216], old=null
2019-09-26 10:51:06,752 [b00632ed-38e6-4e51-aa6e-3ec570305033@group-D33A09EF1509:LeaderElection99] INFO  impl.LeaderElection (LeaderElection.java:askForVotes(182)) - b00632ed-38e6-4e51-aa6e-3ec570305033@group-D33A09EF1509:LeaderElection99: begin an election at term 1 for -1: [b00632ed-38e6-4e51-aa6e-3ec570305033:192.168.30.13:40930], old=null
2019-09-26 10:51:06,752 [b00632ed-38e6-4e51-aa6e-3ec570305033@group-D33A09EF1509:LeaderElection99] INFO  impl.RoleInfo (RoleInfo.java:shutdownLeaderElection(134)) - b00632ed-38e6-4e51-aa6e-3ec570305033: shutdown LeaderElection
2019-09-26 10:51:06,752 [d33bbd08-3e3e-438b-a99c-6b25309199ef@group-0AD02296BB55-SegmentedRaftLogWorker] INFO  segmented.SegmentedRaftLogWorker (SegmentedRaftLogWorker.java:execute(569)) - d33bbd08-3e3e-438b-a99c-6b25309199ef@group-0AD02296BB55-SegmentedRaftLogWorker: created new log segment /workdir/hadoop-ozone/ozonefs/target/test-dir/MiniOzoneClusterImpl-e5a1f7e9-60e0-4040-8834-ccfdca6954e1/datanode-2/data/ratis/d570fdbc-61db-43d6-a231-0ad02296bb55/current/log_inprogress_0
2019-09-26 10:51:06,752 [b00632ed-38e6-4e51-aa6e-3ec570305033@group-D33A09EF1509:LeaderElection99] INFO  impl.RaftServerImpl (RaftServerImpl.java:setRole(174)) - b00632ed-38e6-4e51-aa6e-3ec570305033@group-D33A09EF1509: changes role from CANDIDATE to LEADER at term 1 for changeToLeader
2019-09-26 10:51:06,752 [9a37ccb8-a0a5-45c8-9c33-1ff15e0d8b0a@group-E0E0E283B455:LeaderElection98] INFO  impl.RoleInfo (RoleInfo.java:shutdownLeaderElection(134)) - 9a37ccb8-a0a5-45c8-9c33-1ff15e0d8b0a: shutdown LeaderElection
2019-09-26 10:51:06,753 [b00632ed-38e6-4e51-aa6e-3ec570305033@group-D33A09EF1509:LeaderElection99] INFO  impl.RaftServerImpl (ServerState.java:setLeader(253)) - b00632ed-38e6-4e51-aa6e-3ec570305033@group-D33A09EF1509: change Leader from null to b00632ed-38e6-4e51-aa6e-3ec570305033 at term 1 for becomeLeader, leader elected after 5222ms
2019-09-26 10:51:06,753 [9a37ccb8-a0a5-45c8-9c33-1ff15e0d8b0a@group-E0E0E283B455:LeaderElection98] INFO  impl.RaftServerImpl (RaftServerImpl.java:setRole(174)) - 9a37ccb8-a0a5-45c8-9c33-1ff15e0d8b0a@group-E0E0E283B455: changes role from CANDIDATE to LEADER at term 1 for changeToLeader
2019-09-26 10:51:06,753 [b00632ed-38e6-4e51-aa6e-3ec570305033@group-D33A09EF1509:LeaderElection99] INFO  server.RaftServerConfigKeys (ConfUtils.java:logGet(43)) - raft.server.staging.catchup.gap = 1000 (default)
2019-09-26 10:51:06,753 [9a37ccb8-a0a5-45c8-9c33-1ff15e0d8b0a@group-E0E0E283B455:LeaderElection98] INFO  impl.RaftServerImpl (ServerState.java:setLeader(253)) - 9a37ccb8-a0a5-45c8-9c33-1ff15e0d8b0a@group-E0E0E283B455: change Leader from null to 9a37ccb8-a0a5-45c8-9c33-1ff15e0d8b0a at term 1 for becomeLeader, leader elected after 5247ms
2019-09-26 10:51:06,753 [b00632ed-38e6-4e51-aa6e-3ec570305033@group-D33A09EF1509:LeaderElection99] INFO  server.RaftServerConfigKeys (ConfUtils.java:logGet(43)) - raft.server.rpc.sleep.time = 25ms (default)
2019-09-26 10:51:06,753 [9a37ccb8-a0a5-45c8-9c33-1ff15e0d8b0a@group-E0E0E283B455:LeaderElection98] INFO  server.RaftServerConfigKeys (ConfUtils.java:logGet(43)) - raft.server.staging.catchup.gap = 1000 (default)
2019-09-26 10:51:06,753 [b00632ed-38e6-4e51-aa6e-3ec570305033@group-D33A09EF1509:LeaderElection99] INFO  server.RaftServerConfigKeys (ConfUtils.java:logGet(43)) - raft.server.write.element-limit = 4096 (default)
2019-09-26 10:51:06,753 [9a37ccb8-a0a5-45c8-9c33-1ff15e0d8b0a@group-E0E0E283B455:LeaderElection98] INFO  server.RaftServerConfigKeys (ConfUtils.java:logGet(43)) - raft.server.rpc.sleep.time = 25ms (default)
2019-09-26 10:51:06,754 [b00632ed-38e6-4e51-aa6e-3ec570305033@group-D33A09EF1509:LeaderElection99] INFO  server.RaftServerConfigKeys (ConfUtils.java:logGet(43)) - raft.server.watch.timeout = 10s (default)
2019-09-26 10:51:06,754 [9a37ccb8-a0a5-45c8-9c33-1ff15e0d8b0a@group-E0E0E283B455:LeaderElection98] INFO  server.RaftServerConfigKeys (ConfUtils.java:logGet(43)) - raft.server.write.element-limit = 4096 (default)
2019-09-26 10:51:06,754 [b00632ed-38e6-4e51-aa6e-3ec570305033@group-D33A09EF1509:LeaderElection99] INFO  server.RaftServerConfigKeys (ConfUtils.java:logGet(43)) - raft.server.watch.timeout.denomination = 1s (default)
2019-09-26 10:51:06,754 [9a37ccb8-a0a5-45c8-9c33-1ff15e0d8b0a@group-E0E0E283B455:LeaderElection98] INFO  server.RaftServerConfigKeys (ConfUtils.java:logGet(43)) - raft.server.watch.timeout = 10s (default)
2019-09-26 10:51:06,754 [b00632ed-38e6-4e51-aa6e-3ec570305033@group-D33A09EF1509:LeaderElection99] INFO  server.RaftServerConfigKeys (ConfUtils.java:logGet(43)) - raft.server.watch.element-limit = 65536 (default)
2019-09-26 10:51:06,754 [9a37ccb8-a0a5-45c8-9c33-1ff15e0d8b0a@group-E0E0E283B455:LeaderElection98] INFO  server.RaftServerConfigKeys (ConfUtils.java:logGet(43)) - raft.server.watch.timeout.denomination = 1s (default)
2019-09-26 10:51:06,754 [9a37ccb8-a0a5-45c8-9c33-1ff15e0d8b0a@group-E0E0E283B455:LeaderElection98] INFO  server.RaftServerConfigKeys (ConfUtils.java:logGet(43)) - raft.server.watch.element-limit = 65536 (default)
2019-09-26 10:51:06,757 [b00632ed-38e6-4e51-aa6e-3ec570305033@group-D33A09EF1509:LeaderElection99] INFO  impl.RoleInfo (RoleInfo.java:updateAndGet(143)) - b00632ed-38e6-4e51-aa6e-3ec570305033: start LeaderState
2019-09-26 10:51:06,757 [9a37ccb8-a0a5-45c8-9c33-1ff15e0d8b0a@group-E0E0E283B455:LeaderElection98] INFO  impl.RoleInfo (RoleInfo.java:updateAndGet(143)) - 9a37ccb8-a0a5-45c8-9c33-1ff15e0d8b0a: start LeaderState
2019-09-26 10:51:06,757 [b00632ed-38e6-4e51-aa6e-3ec570305033@group-D33A09EF1509:LeaderElection99] INFO  segmented.SegmentedRaftLogWorker (SegmentedRaftLogWorker.java:startLogSegment(380)) - b00632ed-38e6-4e51-aa6e-3ec570305033@group-D33A09EF1509-SegmentedRaftLogWorker: Starting segment from index:0
2019-09-26 10:51:06,758 [9a37ccb8-a0a5-45c8-9c33-1ff15e0d8b0a@group-E0E0E283B455:LeaderElection98] INFO  segmented.SegmentedRaftLogWorker (SegmentedRaftLogWorker.java:startLogSegment(380)) - 9a37ccb8-a0a5-45c8-9c33-1ff15e0d8b0a@group-E0E0E283B455-SegmentedRaftLogWorker: Starting segment from index:0
2019-09-26 10:51:06,757 [Thread-1551] INFO  impl.FollowerState (FollowerState.java:run(106)) - 9a37ccb8-a0a5-45c8-9c33-1ff15e0d8b0a:group-C870643F72DB changes to CANDIDATE, lastRpcTime:5042, electionTimeout:5042ms
2019-09-26 10:51:06,758 [Thread-1551] INFO  impl.RoleInfo (RoleInfo.java:shutdownFollowerState(121)) - 9a37ccb8-a0a5-45c8-9c33-1ff15e0d8b0a: shutdown FollowerState
2019-09-26 10:51:06,758 [Thread-1551] INFO  impl.RaftServerImpl (RaftServerImpl.java:setRole(174)) - 9a37ccb8-a0a5-45c8-9c33-1ff15e0d8b0a@group-C870643F72DB: changes role from  FOLLOWER to CANDIDATE at term 0 for changeToCandidate
2019-09-26 10:51:06,758 [Thread-1551] INFO  impl.RoleInfo (RoleInfo.java:updateAndGet(143)) - 9a37ccb8-a0a5-45c8-9c33-1ff15e0d8b0a: start LeaderElection
2019-09-26 10:51:06,758 [b00632ed-38e6-4e51-aa6e-3ec570305033@group-D33A09EF1509:LeaderElection99] INFO  impl.RaftServerImpl (ServerState.java:setRaftConf(354)) - b00632ed-38e6-4e51-aa6e-3ec570305033@group-D33A09EF1509: set configuration 0: [b00632ed-38e6-4e51-aa6e-3ec570305033:192.168.30.13:40930], old=null at 0
2019-09-26 10:51:06,759 [9a37ccb8-a0a5-45c8-9c33-1ff15e0d8b0a@group-E0E0E283B455:LeaderElection98] INFO  impl.RaftServerImpl (ServerState.java:setRaftConf(354)) - 9a37ccb8-a0a5-45c8-9c33-1ff15e0d8b0a@group-E0E0E283B455: set configuration 0: [9a37ccb8-a0a5-45c8-9c33-1ff15e0d8b0a:192.168.30.13:34216], old=null at 0
2019-09-26 10:51:06,797 [Thread-1548] INFO  impl.FollowerState (FollowerState.java:run(106)) - 9a37ccb8-a0a5-45c8-9c33-1ff15e0d8b0a:group-87AB039DB8A3 changes to CANDIDATE, lastRpcTime:5121, electionTimeout:5106ms
2019-09-26 10:51:06,797 [Thread-1545] INFO  impl.FollowerState (FollowerState.java:run(106)) - 9a37ccb8-a0a5-45c8-9c33-1ff15e0d8b0a:group-0BDAA6282708 changes to CANDIDATE, lastRpcTime:5160, electionTimeout:5142ms
2019-09-26 10:51:06,797 [Thread-1548] INFO  impl.RoleInfo (RoleInfo.java:shutdownFollowerState(121)) - 9a37ccb8-a0a5-45c8-9c33-1ff15e0d8b0a: shutdown FollowerState
2019-09-26 10:51:06,797 [Thread-1545] INFO  impl.RoleInfo (RoleInfo.java:shutdownFollowerState(121)) - 9a37ccb8-a0a5-45c8-9c33-1ff15e0d8b0a: shutdown FollowerState
2019-09-26 10:51:06,797 [Thread-1548] INFO  impl.RaftServerImpl (RaftServerImpl.java:setRole(174)) - 9a37ccb8-a0a5-45c8-9c33-1ff15e0d8b0a@group-87AB039DB8A3: changes role from  FOLLOWER to CANDIDATE at term 0 for changeToCandidate
2019-09-26 10:51:06,798 [Thread-1545] INFO  impl.RaftServerImpl (RaftServerImpl.java:setRole(174)) - 9a37ccb8-a0a5-45c8-9c33-1ff15e0d8b0a@group-0BDAA6282708: changes role from  FOLLOWER to CANDIDATE at term 0 for changeToCandidate
2019-09-26 10:51:06,798 [Thread-1548] INFO  impl.RoleInfo (RoleInfo.java:updateAndGet(143)) - 9a37ccb8-a0a5-45c8-9c33-1ff15e0d8b0a: start LeaderElection
2019-09-26 10:51:06,798 [Thread-1545] INFO  impl.RoleInfo (RoleInfo.java:updateAndGet(143)) - 9a37ccb8-a0a5-45c8-9c33-1ff15e0d8b0a: start LeaderElection
2019-09-26 10:51:06,810 [b00632ed-38e6-4e51-aa6e-3ec570305033@group-D33A09EF1509-SegmentedRaftLogWorker] INFO  segmented.SegmentedRaftLogWorker (SegmentedRaftLogWorker.java:execute(569)) - b00632ed-38e6-4e51-aa6e-3ec570305033@group-D33A09EF1509-SegmentedRaftLogWorker: created new log segment /workdir/hadoop-ozone/ozonefs/target/test-dir/MiniOzoneClusterImpl-e5a1f7e9-60e0-4040-8834-ccfdca6954e1/datanode-0/data/ratis/c126d903-3f09-40da-b377-d33a09ef1509/current/log_inprogress_0
2019-09-26 10:51:06,810 [9a37ccb8-a0a5-45c8-9c33-1ff15e0d8b0a@group-E0E0E283B455-SegmentedRaftLogWorker] INFO  segmented.SegmentedRaftLogWorker (SegmentedRaftLogWorker.java:execute(569)) - 9a37ccb8-a0a5-45c8-9c33-1ff15e0d8b0a@group-E0E0E283B455-SegmentedRaftLogWorker: created new log segment /workdir/hadoop-ozone/ozonefs/target/test-dir/MiniOzoneClusterImpl-e5a1f7e9-60e0-4040-8834-ccfdca6954e1/datanode-1/data/ratis/4c5b4713-75f0-44ab-b86f-e0e0e283b455/current/log_inprogress_0
2019-09-26 10:51:06,810 [9a37ccb8-a0a5-45c8-9c33-1ff15e0d8b0a@group-0BDAA6282708:LeaderElection102] INFO  impl.LeaderElection (LeaderElection.java:askForVotes(182)) - 9a37ccb8-a0a5-45c8-9c33-1ff15e0d8b0a@group-0BDAA6282708:LeaderElection102: begin an election at term 1 for -1: [9a37ccb8-a0a5-45c8-9c33-1ff15e0d8b0a:192.168.30.13:34216], old=null
2019-09-26 10:51:06,810 [9a37ccb8-a0a5-45c8-9c33-1ff15e0d8b0a@group-C870643F72DB:LeaderElection100] INFO  impl.LeaderElection (LeaderElection.java:askForVotes(182)) - 9a37ccb8-a0a5-45c8-9c33-1ff15e0d8b0a@group-C870643F72DB:LeaderElection100: begin an election at term 1 for -1: [9a37ccb8-a0a5-45c8-9c33-1ff15e0d8b0a:192.168.30.13:34216], old=null
2019-09-26 10:51:06,810 [9a37ccb8-a0a5-45c8-9c33-1ff15e0d8b0a@group-87AB039DB8A3:LeaderElection101] INFO  impl.LeaderElection (LeaderElection.java:askForVotes(182)) - 9a37ccb8-a0a5-45c8-9c33-1ff15e0d8b0a@group-87AB039DB8A3:LeaderElection101: begin an election at term 1 for -1: [9a37ccb8-a0a5-45c8-9c33-1ff15e0d8b0a:192.168.30.13:34216], old=null
2019-09-26 10:51:06,811 [9a37ccb8-a0a5-45c8-9c33-1ff15e0d8b0a@group-C870643F72DB:LeaderElection100] INFO  impl.RoleInfo (RoleInfo.java:shutdownLeaderElection(134)) - 9a37ccb8-a0a5-45c8-9c33-1ff15e0d8b0a: shutdown LeaderElection
2019-09-26 10:51:06,811 [9a37ccb8-a0a5-45c8-9c33-1ff15e0d8b0a@group-0BDAA6282708:LeaderElection102] INFO  impl.RoleInfo (RoleInfo.java:shutdownLeaderElection(134)) - 9a37ccb8-a0a5-45c8-9c33-1ff15e0d8b0a: shutdown LeaderElection
2019-09-26 10:51:06,811 [9a37ccb8-a0a5-45c8-9c33-1ff15e0d8b0a@group-C870643F72DB:LeaderElection100] INFO  impl.RaftServerImpl (RaftServerImpl.java:setRole(174)) - 9a37ccb8-a0a5-45c8-9c33-1ff15e0d8b0a@group-C870643F72DB: changes role from CANDIDATE to LEADER at term 1 for changeToLeader
2019-09-26 10:51:06,811 [9a37ccb8-a0a5-45c8-9c33-1ff15e0d8b0a@group-C870643F72DB:LeaderElection100] INFO  impl.RaftServerImpl (ServerState.java:setLeader(253)) - 9a37ccb8-a0a5-45c8-9c33-1ff15e0d8b0a@group-C870643F72DB: change Leader from null to 9a37ccb8-a0a5-45c8-9c33-1ff15e0d8b0a at term 1 for becomeLeader, leader elected after 5100ms
2019-09-26 10:51:06,811 [9a37ccb8-a0a5-45c8-9c33-1ff15e0d8b0a@group-87AB039DB8A3:LeaderElection101] INFO  impl.RoleInfo (RoleInfo.java:shutdownLeaderElection(134)) - 9a37ccb8-a0a5-45c8-9c33-1ff15e0d8b0a: shutdown LeaderElection
2019-09-26 10:51:06,811 [9a37ccb8-a0a5-45c8-9c33-1ff15e0d8b0a@group-C870643F72DB:LeaderElection100] INFO  server.RaftServerConfigKeys (ConfUtils.java:logGet(43)) - raft.server.staging.catchup.gap = 1000 (default)
2019-09-26 10:51:06,811 [9a37ccb8-a0a5-45c8-9c33-1ff15e0d8b0a@group-0BDAA6282708:LeaderElection102] INFO  impl.RaftServerImpl (RaftServerImpl.java:setRole(174)) - 9a37ccb8-a0a5-45c8-9c33-1ff15e0d8b0a@group-0BDAA6282708: changes role from CANDIDATE to LEADER at term 1 for changeToLeader
2019-09-26 10:51:06,812 [9a37ccb8-a0a5-45c8-9c33-1ff15e0d8b0a@group-C870643F72DB:LeaderElection100] INFO  server.RaftServerConfigKeys (ConfUtils.java:logGet(43)) - raft.server.rpc.sleep.time = 25ms (default)
2019-09-26 10:51:06,811 [9a37ccb8-a0a5-45c8-9c33-1ff15e0d8b0a@group-87AB039DB8A3:LeaderElection101] INFO  impl.RaftServerImpl (RaftServerImpl.java:setRole(174)) - 9a37ccb8-a0a5-45c8-9c33-1ff15e0d8b0a@group-87AB039DB8A3: changes role from CANDIDATE to LEADER at term 1 for changeToLeader
2019-09-26 10:51:06,812 [9a37ccb8-a0a5-45c8-9c33-1ff15e0d8b0a@group-C870643F72DB:LeaderElection100] INFO  server.RaftServerConfigKeys (ConfUtils.java:logGet(43)) - raft.server.write.element-limit = 4096 (default)
2019-09-26 10:51:06,812 [9a37ccb8-a0a5-45c8-9c33-1ff15e0d8b0a@group-0BDAA6282708:LeaderElection102] INFO  impl.RaftServerImpl (ServerState.java:setLeader(253)) - 9a37ccb8-a0a5-45c8-9c33-1ff15e0d8b0a@group-0BDAA6282708: change Leader from null to 9a37ccb8-a0a5-45c8-9c33-1ff15e0d8b0a at term 1 for becomeLeader, leader elected after 5179ms
2019-09-26 10:51:06,812 [9a37ccb8-a0a5-45c8-9c33-1ff15e0d8b0a@group-C870643F72DB:LeaderElection100] INFO  server.RaftServerConfigKeys (ConfUtils.java:logGet(43)) - raft.server.watch.timeout = 10s (default)
2019-09-26 10:51:06,812 [9a37ccb8-a0a5-45c8-9c33-1ff15e0d8b0a@group-87AB039DB8A3:LeaderElection101] INFO  impl.RaftServerImpl (ServerState.java:setLeader(253)) - 9a37ccb8-a0a5-45c8-9c33-1ff15e0d8b0a@group-87AB039DB8A3: change Leader from null to 9a37ccb8-a0a5-45c8-9c33-1ff15e0d8b0a at term 1 for becomeLeader, leader elected after 5141ms
2019-09-26 10:51:06,813 [9a37ccb8-a0a5-45c8-9c33-1ff15e0d8b0a@group-0BDAA6282708:LeaderElection102] INFO  server.RaftServerConfigKeys (ConfUtils.java:logGet(43)) - raft.server.staging.catchup.gap = 1000 (default)
2019-09-26 10:51:06,813 [9a37ccb8-a0a5-45c8-9c33-1ff15e0d8b0a@group-C870643F72DB:LeaderElection100] INFO  server.RaftServerConfigKeys (ConfUtils.java:logGet(43)) - raft.server.watch.timeout.denomination = 1s (default)
2019-09-26 10:51:06,813 [9a37ccb8-a0a5-45c8-9c33-1ff15e0d8b0a@group-0BDAA6282708:LeaderElection102] INFO  server.RaftServerConfigKeys (ConfUtils.java:logGet(43)) - raft.server.rpc.sleep.time = 25ms (default)
2019-09-26 10:51:06,813 [9a37ccb8-a0a5-45c8-9c33-1ff15e0d8b0a@group-87AB039DB8A3:LeaderElection101] INFO  server.RaftServerConfigKeys (ConfUtils.java:logGet(43)) - raft.server.staging.catchup.gap = 1000 (default)
2019-09-26 10:51:06,813 [9a37ccb8-a0a5-45c8-9c33-1ff15e0d8b0a@group-0BDAA6282708:LeaderElection102] INFO  server.RaftServerConfigKeys (ConfUtils.java:logGet(43)) - raft.server.write.element-limit = 4096 (default)
2019-09-26 10:51:06,813 [9a37ccb8-a0a5-45c8-9c33-1ff15e0d8b0a@group-C870643F72DB:LeaderElection100] INFO  server.RaftServerConfigKeys (ConfUtils.java:logGet(43)) - raft.server.watch.element-limit = 65536 (default)
2019-09-26 10:51:06,814 [9a37ccb8-a0a5-45c8-9c33-1ff15e0d8b0a@group-0BDAA6282708:LeaderElection102] INFO  server.RaftServerConfigKeys (ConfUtils.java:logGet(43)) - raft.server.watch.timeout = 10s (default)
2019-09-26 10:51:06,814 [9a37ccb8-a0a5-45c8-9c33-1ff15e0d8b0a@group-0BDAA6282708:LeaderElection102] INFO  server.RaftServerConfigKeys (ConfUtils.java:logGet(43)) - raft.server.watch.timeout.denomination = 1s (default)
2019-09-26 10:51:06,813 [9a37ccb8-a0a5-45c8-9c33-1ff15e0d8b0a@group-87AB039DB8A3:LeaderElection101] INFO  server.RaftServerConfigKeys (ConfUtils.java:logGet(43)) - raft.server.rpc.sleep.time = 25ms (default)
2019-09-26 10:51:06,814 [9a37ccb8-a0a5-45c8-9c33-1ff15e0d8b0a@group-0BDAA6282708:LeaderElection102] INFO  server.RaftServerConfigKeys (ConfUtils.java:logGet(43)) - raft.server.watch.element-limit = 65536 (default)
2019-09-26 10:51:06,814 [9a37ccb8-a0a5-45c8-9c33-1ff15e0d8b0a@group-87AB039DB8A3:LeaderElection101] INFO  server.RaftServerConfigKeys (ConfUtils.java:logGet(43)) - raft.server.write.element-limit = 4096 (default)
2019-09-26 10:51:06,814 [9a37ccb8-a0a5-45c8-9c33-1ff15e0d8b0a@group-87AB039DB8A3:LeaderElection101] INFO  server.RaftServerConfigKeys (ConfUtils.java:logGet(43)) - raft.server.watch.timeout = 10s (default)
2019-09-26 10:51:06,815 [9a37ccb8-a0a5-45c8-9c33-1ff15e0d8b0a@group-87AB039DB8A3:LeaderElection101] INFO  server.RaftServerConfigKeys (ConfUtils.java:logGet(43)) - raft.server.watch.timeout.denomination = 1s (default)
2019-09-26 10:51:06,815 [9a37ccb8-a0a5-45c8-9c33-1ff15e0d8b0a@group-87AB039DB8A3:LeaderElection101] INFO  server.RaftServerConfigKeys (ConfUtils.java:logGet(43)) - raft.server.watch.element-limit = 65536 (default)
2019-09-26 10:51:06,817 [9a37ccb8-a0a5-45c8-9c33-1ff15e0d8b0a@group-C870643F72DB:LeaderElection100] INFO  impl.RoleInfo (RoleInfo.java:updateAndGet(143)) - 9a37ccb8-a0a5-45c8-9c33-1ff15e0d8b0a: start LeaderState
2019-09-26 10:51:06,818 [9a37ccb8-a0a5-45c8-9c33-1ff15e0d8b0a@group-C870643F72DB:LeaderElection100] INFO  segmented.SegmentedRaftLogWorker (SegmentedRaftLogWorker.java:startLogSegment(380)) - 9a37ccb8-a0a5-45c8-9c33-1ff15e0d8b0a@group-C870643F72DB-SegmentedRaftLogWorker: Starting segment from index:0
2019-09-26 10:51:06,818 [9a37ccb8-a0a5-45c8-9c33-1ff15e0d8b0a@group-C870643F72DB:LeaderElection100] INFO  impl.RaftServerImpl (ServerState.java:setRaftConf(354)) - 9a37ccb8-a0a5-45c8-9c33-1ff15e0d8b0a@group-C870643F72DB: set configuration 0: [9a37ccb8-a0a5-45c8-9c33-1ff15e0d8b0a:192.168.30.13:34216], old=null at 0
2019-09-26 10:51:06,819 [9a37ccb8-a0a5-45c8-9c33-1ff15e0d8b0a@group-0BDAA6282708:LeaderElection102] INFO  impl.RoleInfo (RoleInfo.java:updateAndGet(143)) - 9a37ccb8-a0a5-45c8-9c33-1ff15e0d8b0a: start LeaderState
2019-09-26 10:51:06,819 [9a37ccb8-a0a5-45c8-9c33-1ff15e0d8b0a@group-87AB039DB8A3:LeaderElection101] INFO  impl.RoleInfo (RoleInfo.java:updateAndGet(143)) - 9a37ccb8-a0a5-45c8-9c33-1ff15e0d8b0a: start LeaderState
2019-09-26 10:51:06,819 [9a37ccb8-a0a5-45c8-9c33-1ff15e0d8b0a@group-0BDAA6282708:LeaderElection102] INFO  segmented.SegmentedRaftLogWorker (SegmentedRaftLogWorker.java:startLogSegment(380)) - 9a37ccb8-a0a5-45c8-9c33-1ff15e0d8b0a@group-0BDAA6282708-SegmentedRaftLogWorker: Starting segment from index:0
2019-09-26 10:51:06,820 [9a37ccb8-a0a5-45c8-9c33-1ff15e0d8b0a@group-87AB039DB8A3:LeaderElection101] INFO  segmented.SegmentedRaftLogWorker (SegmentedRaftLogWorker.java:startLogSegment(380)) - 9a37ccb8-a0a5-45c8-9c33-1ff15e0d8b0a@group-87AB039DB8A3-SegmentedRaftLogWorker: Starting segment from index:0
2019-09-26 10:51:06,820 [9a37ccb8-a0a5-45c8-9c33-1ff15e0d8b0a@group-0BDAA6282708:LeaderElection102] INFO  impl.RaftServerImpl (ServerState.java:setRaftConf(354)) - 9a37ccb8-a0a5-45c8-9c33-1ff15e0d8b0a@group-0BDAA6282708: set configuration 0: [9a37ccb8-a0a5-45c8-9c33-1ff15e0d8b0a:192.168.30.13:34216], old=null at 0
2019-09-26 10:51:06,820 [9a37ccb8-a0a5-45c8-9c33-1ff15e0d8b0a@group-87AB039DB8A3:LeaderElection101] INFO  impl.RaftServerImpl (ServerState.java:setRaftConf(354)) - 9a37ccb8-a0a5-45c8-9c33-1ff15e0d8b0a@group-87AB039DB8A3: set configuration 0: [9a37ccb8-a0a5-45c8-9c33-1ff15e0d8b0a:192.168.30.13:34216], old=null at 0
2019-09-26 10:51:06,826 [Thread-1557] INFO  impl.FollowerState (FollowerState.java:run(106)) - 9a37ccb8-a0a5-45c8-9c33-1ff15e0d8b0a:group-7A0536DE3121 changes to CANDIDATE, lastRpcTime:5031, electionTimeout:5031ms
2019-09-26 10:51:06,826 [Thread-1557] INFO  impl.RoleInfo (RoleInfo.java:shutdownFollowerState(121)) - 9a37ccb8-a0a5-45c8-9c33-1ff15e0d8b0a: shutdown FollowerState
2019-09-26 10:51:06,826 [Thread-1557] INFO  impl.RaftServerImpl (RaftServerImpl.java:setRole(174)) - 9a37ccb8-a0a5-45c8-9c33-1ff15e0d8b0a@group-7A0536DE3121: changes role from  FOLLOWER to CANDIDATE at term 0 for changeToCandidate
2019-09-26 10:51:06,826 [Thread-1557] INFO  impl.RoleInfo (RoleInfo.java:updateAndGet(143)) - 9a37ccb8-a0a5-45c8-9c33-1ff15e0d8b0a: start LeaderElection
2019-09-26 10:51:06,864 [Thread-1554] INFO  impl.FollowerState (FollowerState.java:run(106)) - 9a37ccb8-a0a5-45c8-9c33-1ff15e0d8b0a:group-04ACAFB3C640 changes to CANDIDATE, lastRpcTime:5110, electionTimeout:5073ms
2019-09-26 10:51:06,865 [Thread-1554] INFO  impl.RoleInfo (RoleInfo.java:shutdownFollowerState(121)) - 9a37ccb8-a0a5-45c8-9c33-1ff15e0d8b0a: shutdown FollowerState
2019-09-26 10:51:06,865 [Thread-1554] INFO  impl.RaftServerImpl (RaftServerImpl.java:setRole(174)) - 9a37ccb8-a0a5-45c8-9c33-1ff15e0d8b0a@group-04ACAFB3C640: changes role from  FOLLOWER to CANDIDATE at term 0 for changeToCandidate
2019-09-26 10:51:06,865 [Thread-1554] INFO  impl.RoleInfo (RoleInfo.java:updateAndGet(143)) - 9a37ccb8-a0a5-45c8-9c33-1ff15e0d8b0a: start LeaderElection
2019-09-26 10:51:06,877 [9a37ccb8-a0a5-45c8-9c33-1ff15e0d8b0a@group-87AB039DB8A3-SegmentedRaftLogWorker] INFO  segmented.SegmentedRaftLogWorker (SegmentedRaftLogWorker.java:execute(569)) - 9a37ccb8-a0a5-45c8-9c33-1ff15e0d8b0a@group-87AB039DB8A3-SegmentedRaftLogWorker: created new log segment /workdir/hadoop-ozone/ozonefs/target/test-dir/MiniOzoneClusterImpl-e5a1f7e9-60e0-4040-8834-ccfdca6954e1/datanode-1/data/ratis/319961ea-ebc8-492d-bfc1-87ab039db8a3/current/log_inprogress_0
2019-09-26 10:51:06,877 [9a37ccb8-a0a5-45c8-9c33-1ff15e0d8b0a@group-0BDAA6282708-SegmentedRaftLogWorker] INFO  segmented.SegmentedRaftLogWorker (SegmentedRaftLogWorker.java:execute(569)) - 9a37ccb8-a0a5-45c8-9c33-1ff15e0d8b0a@group-0BDAA6282708-SegmentedRaftLogWorker: created new log segment /workdir/hadoop-ozone/ozonefs/target/test-dir/MiniOzoneClusterImpl-e5a1f7e9-60e0-4040-8834-ccfdca6954e1/datanode-1/data/ratis/0e44f084-d6aa-4692-84e4-0bdaa6282708/current/log_inprogress_0
2019-09-26 10:51:06,877 [9a37ccb8-a0a5-45c8-9c33-1ff15e0d8b0a@group-7A0536DE3121:LeaderElection103] INFO  impl.LeaderElection (LeaderElection.java:askForVotes(182)) - 9a37ccb8-a0a5-45c8-9c33-1ff15e0d8b0a@group-7A0536DE3121:LeaderElection103: begin an election at term 1 for -1: [9a37ccb8-a0a5-45c8-9c33-1ff15e0d8b0a:192.168.30.13:34216], old=null
2019-09-26 10:51:06,877 [9a37ccb8-a0a5-45c8-9c33-1ff15e0d8b0a@group-04ACAFB3C640:LeaderElection104] INFO  impl.LeaderElection (LeaderElection.java:askForVotes(182)) - 9a37ccb8-a0a5-45c8-9c33-1ff15e0d8b0a@group-04ACAFB3C640:LeaderElection104: begin an election at term 1 for -1: [9a37ccb8-a0a5-45c8-9c33-1ff15e0d8b0a:192.168.30.13:34216], old=null
2019-09-26 10:51:06,877 [9a37ccb8-a0a5-45c8-9c33-1ff15e0d8b0a@group-C870643F72DB-SegmentedRaftLogWorker] INFO  segmented.SegmentedRaftLogWorker (SegmentedRaftLogWorker.java:execute(569)) - 9a37ccb8-a0a5-45c8-9c33-1ff15e0d8b0a@group-C870643F72DB-SegmentedRaftLogWorker: created new log segment /workdir/hadoop-ozone/ozonefs/target/test-dir/MiniOzoneClusterImpl-e5a1f7e9-60e0-4040-8834-ccfdca6954e1/datanode-1/data/ratis/7c5b3b16-41bc-48aa-a6b5-c870643f72db/current/log_inprogress_0
2019-09-26 10:51:06,877 [9a37ccb8-a0a5-45c8-9c33-1ff15e0d8b0a@group-04ACAFB3C640:LeaderElection104] INFO  impl.RoleInfo (RoleInfo.java:shutdownLeaderElection(134)) - 9a37ccb8-a0a5-45c8-9c33-1ff15e0d8b0a: shutdown LeaderElection
2019-09-26 10:51:06,877 [9a37ccb8-a0a5-45c8-9c33-1ff15e0d8b0a@group-7A0536DE3121:LeaderElection103] INFO  impl.RoleInfo (RoleInfo.java:shutdownLeaderElection(134)) - 9a37ccb8-a0a5-45c8-9c33-1ff15e0d8b0a: shutdown LeaderElection
2019-09-26 10:51:06,878 [9a37ccb8-a0a5-45c8-9c33-1ff15e0d8b0a@group-04ACAFB3C640:LeaderElection104] INFO  impl.RaftServerImpl (RaftServerImpl.java:setRole(174)) - 9a37ccb8-a0a5-45c8-9c33-1ff15e0d8b0a@group-04ACAFB3C640: changes role from CANDIDATE to LEADER at term 1 for changeToLeader
2019-09-26 10:51:06,878 [9a37ccb8-a0a5-45c8-9c33-1ff15e0d8b0a@group-7A0536DE3121:LeaderElection103] INFO  impl.RaftServerImpl (RaftServerImpl.java:setRole(174)) - 9a37ccb8-a0a5-45c8-9c33-1ff15e0d8b0a@group-7A0536DE3121: changes role from CANDIDATE to LEADER at term 1 for changeToLeader
2019-09-26 10:51:06,878 [9a37ccb8-a0a5-45c8-9c33-1ff15e0d8b0a@group-04ACAFB3C640:LeaderElection104] INFO  impl.RaftServerImpl (ServerState.java:setLeader(253)) - 9a37ccb8-a0a5-45c8-9c33-1ff15e0d8b0a@group-04ACAFB3C640: change Leader from null to 9a37ccb8-a0a5-45c8-9c33-1ff15e0d8b0a at term 1 for becomeLeader, leader elected after 5127ms
2019-09-26 10:51:06,878 [9a37ccb8-a0a5-45c8-9c33-1ff15e0d8b0a@group-7A0536DE3121:LeaderElection103] INFO  impl.RaftServerImpl (ServerState.java:setLeader(253)) - 9a37ccb8-a0a5-45c8-9c33-1ff15e0d8b0a@group-7A0536DE3121: change Leader from null to 9a37ccb8-a0a5-45c8-9c33-1ff15e0d8b0a at term 1 for becomeLeader, leader elected after 5087ms
2019-09-26 10:51:06,878 [9a37ccb8-a0a5-45c8-9c33-1ff15e0d8b0a@group-04ACAFB3C640:LeaderElection104] INFO  server.RaftServerConfigKeys (ConfUtils.java:logGet(43)) - raft.server.staging.catchup.gap = 1000 (default)
2019-09-26 10:51:06,878 [9a37ccb8-a0a5-45c8-9c33-1ff15e0d8b0a@group-7A0536DE3121:LeaderElection103] INFO  server.RaftServerConfigKeys (ConfUtils.java:logGet(43)) - raft.server.staging.catchup.gap = 1000 (default)
2019-09-26 10:51:06,879 [9a37ccb8-a0a5-45c8-9c33-1ff15e0d8b0a@group-04ACAFB3C640:LeaderElection104] INFO  server.RaftServerConfigKeys (ConfUtils.java:logGet(43)) - raft.server.rpc.sleep.time = 25ms (default)
2019-09-26 10:51:06,879 [9a37ccb8-a0a5-45c8-9c33-1ff15e0d8b0a@group-7A0536DE3121:LeaderElection103] INFO  server.RaftServerConfigKeys (ConfUtils.java:logGet(43)) - raft.server.rpc.sleep.time = 25ms (default)
2019-09-26 10:51:06,879 [9a37ccb8-a0a5-45c8-9c33-1ff15e0d8b0a@group-04ACAFB3C640:LeaderElection104] INFO  server.RaftServerConfigKeys (ConfUtils.java:logGet(43)) - raft.server.write.element-limit = 4096 (default)
2019-09-26 10:51:06,879 [9a37ccb8-a0a5-45c8-9c33-1ff15e0d8b0a@group-7A0536DE3121:LeaderElection103] INFO  server.RaftServerConfigKeys (ConfUtils.java:logGet(43)) - raft.server.write.element-limit = 4096 (default)
2019-09-26 10:51:06,879 [9a37ccb8-a0a5-45c8-9c33-1ff15e0d8b0a@group-04ACAFB3C640:LeaderElection104] INFO  server.RaftServerConfigKeys (ConfUtils.java:logGet(43)) - raft.server.watch.timeout = 10s (default)
2019-09-26 10:51:06,879 [9a37ccb8-a0a5-45c8-9c33-1ff15e0d8b0a@group-7A0536DE3121:LeaderElection103] INFO  server.RaftServerConfigKeys (ConfUtils.java:logGet(43)) - raft.server.watch.timeout = 10s (default)
2019-09-26 10:51:06,879 [9a37ccb8-a0a5-45c8-9c33-1ff15e0d8b0a@group-04ACAFB3C640:LeaderElection104] INFO  server.RaftServerConfigKeys (ConfUtils.java:logGet(43)) - raft.server.watch.timeout.denomination = 1s (default)
2019-09-26 10:51:06,880 [9a37ccb8-a0a5-45c8-9c33-1ff15e0d8b0a@group-7A0536DE3121:LeaderElection103] INFO  server.RaftServerConfigKeys (ConfUtils.java:logGet(43)) - raft.server.watch.timeout.denomination = 1s (default)
2019-09-26 10:51:06,880 [9a37ccb8-a0a5-45c8-9c33-1ff15e0d8b0a@group-04ACAFB3C640:LeaderElection104] INFO  server.RaftServerConfigKeys (ConfUtils.java:logGet(43)) - raft.server.watch.element-limit = 65536 (default)
2019-09-26 10:51:06,880 [9a37ccb8-a0a5-45c8-9c33-1ff15e0d8b0a@group-7A0536DE3121:LeaderElection103] INFO  server.RaftServerConfigKeys (ConfUtils.java:logGet(43)) - raft.server.watch.element-limit = 65536 (default)
2019-09-26 10:51:06,883 [9a37ccb8-a0a5-45c8-9c33-1ff15e0d8b0a@group-04ACAFB3C640:LeaderElection104] INFO  impl.RoleInfo (RoleInfo.java:updateAndGet(143)) - 9a37ccb8-a0a5-45c8-9c33-1ff15e0d8b0a: start LeaderState
2019-09-26 10:51:06,884 [9a37ccb8-a0a5-45c8-9c33-1ff15e0d8b0a@group-04ACAFB3C640:LeaderElection104] INFO  segmented.SegmentedRaftLogWorker (SegmentedRaftLogWorker.java:startLogSegment(380)) - 9a37ccb8-a0a5-45c8-9c33-1ff15e0d8b0a@group-04ACAFB3C640-SegmentedRaftLogWorker: Starting segment from index:0
2019-09-26 10:51:06,884 [9a37ccb8-a0a5-45c8-9c33-1ff15e0d8b0a@group-7A0536DE3121:LeaderElection103] INFO  impl.RoleInfo (RoleInfo.java:updateAndGet(143)) - 9a37ccb8-a0a5-45c8-9c33-1ff15e0d8b0a: start LeaderState
2019-09-26 10:51:06,884 [9a37ccb8-a0a5-45c8-9c33-1ff15e0d8b0a@group-04ACAFB3C640:LeaderElection104] INFO  impl.RaftServerImpl (ServerState.java:setRaftConf(354)) - 9a37ccb8-a0a5-45c8-9c33-1ff15e0d8b0a@group-04ACAFB3C640: set configuration 0: [9a37ccb8-a0a5-45c8-9c33-1ff15e0d8b0a:192.168.30.13:34216], old=null at 0
2019-09-26 10:51:06,884 [9a37ccb8-a0a5-45c8-9c33-1ff15e0d8b0a@group-7A0536DE3121:LeaderElection103] INFO  segmented.SegmentedRaftLogWorker (SegmentedRaftLogWorker.java:startLogSegment(380)) - 9a37ccb8-a0a5-45c8-9c33-1ff15e0d8b0a@group-7A0536DE3121-SegmentedRaftLogWorker: Starting segment from index:0
2019-09-26 10:51:06,885 [9a37ccb8-a0a5-45c8-9c33-1ff15e0d8b0a@group-7A0536DE3121:LeaderElection103] INFO  impl.RaftServerImpl (ServerState.java:setRaftConf(354)) - 9a37ccb8-a0a5-45c8-9c33-1ff15e0d8b0a@group-7A0536DE3121: set configuration 0: [9a37ccb8-a0a5-45c8-9c33-1ff15e0d8b0a:192.168.30.13:34216], old=null at 0
2019-09-26 10:51:06,936 [9a37ccb8-a0a5-45c8-9c33-1ff15e0d8b0a@group-7A0536DE3121-SegmentedRaftLogWorker] INFO  segmented.SegmentedRaftLogWorker (SegmentedRaftLogWorker.java:execute(569)) - 9a37ccb8-a0a5-45c8-9c33-1ff15e0d8b0a@group-7A0536DE3121-SegmentedRaftLogWorker: created new log segment /workdir/hadoop-ozone/ozonefs/target/test-dir/MiniOzoneClusterImpl-e5a1f7e9-60e0-4040-8834-ccfdca6954e1/datanode-1/data/ratis/73f5b59e-c024-4329-925d-7a0536de3121/current/log_inprogress_0
2019-09-26 10:51:06,936 [9a37ccb8-a0a5-45c8-9c33-1ff15e0d8b0a@group-04ACAFB3C640-SegmentedRaftLogWorker] INFO  segmented.SegmentedRaftLogWorker (SegmentedRaftLogWorker.java:execute(569)) - 9a37ccb8-a0a5-45c8-9c33-1ff15e0d8b0a@group-04ACAFB3C640-SegmentedRaftLogWorker: created new log segment /workdir/hadoop-ozone/ozonefs/target/test-dir/MiniOzoneClusterImpl-e5a1f7e9-60e0-4040-8834-ccfdca6954e1/datanode-1/data/ratis/826d5337-d633-47a5-8328-04acafb3c640/current/log_inprogress_0
2019-09-26 10:51:07,008 [Thread-1560] INFO  impl.FollowerState (FollowerState.java:run(106)) - d33bbd08-3e3e-438b-a99c-6b25309199ef:group-CF7049202100 changes to CANDIDATE, lastRpcTime:5162, electionTimeout:5162ms
2019-09-26 10:51:07,008 [Thread-1560] INFO  impl.RoleInfo (RoleInfo.java:shutdownFollowerState(121)) - d33bbd08-3e3e-438b-a99c-6b25309199ef: shutdown FollowerState
2019-09-26 10:51:07,009 [Thread-1560] INFO  impl.RaftServerImpl (RaftServerImpl.java:setRole(174)) - d33bbd08-3e3e-438b-a99c-6b25309199ef@group-CF7049202100: changes role from  FOLLOWER to CANDIDATE at term 0 for changeToCandidate
2019-09-26 10:51:07,009 [Thread-1560] INFO  impl.RoleInfo (RoleInfo.java:updateAndGet(143)) - d33bbd08-3e3e-438b-a99c-6b25309199ef: start LeaderElection
2019-09-26 10:51:07,013 [Thread-1563] INFO  impl.FollowerState (FollowerState.java:run(106)) - d33bbd08-3e3e-438b-a99c-6b25309199ef:group-041689B13E18 changes to CANDIDATE, lastRpcTime:5123, electionTimeout:5120ms
2019-09-26 10:51:07,013 [Thread-1563] INFO  impl.RoleInfo (RoleInfo.java:shutdownFollowerState(121)) - d33bbd08-3e3e-438b-a99c-6b25309199ef: shutdown FollowerState
2019-09-26 10:51:07,013 [Thread-1563] INFO  impl.RaftServerImpl (RaftServerImpl.java:setRole(174)) - d33bbd08-3e3e-438b-a99c-6b25309199ef@group-041689B13E18: changes role from  FOLLOWER to CANDIDATE at term 0 for changeToCandidate
2019-09-26 10:51:07,013 [Thread-1563] INFO  impl.RoleInfo (RoleInfo.java:updateAndGet(143)) - d33bbd08-3e3e-438b-a99c-6b25309199ef: start LeaderElection
2019-09-26 10:51:07,026 [d33bbd08-3e3e-438b-a99c-6b25309199ef@group-041689B13E18:LeaderElection106] INFO  impl.LeaderElection (LeaderElection.java:askForVotes(182)) - d33bbd08-3e3e-438b-a99c-6b25309199ef@group-041689B13E18:LeaderElection106: begin an election at term 1 for -1: [d33bbd08-3e3e-438b-a99c-6b25309199ef:192.168.30.13:44451], old=null
2019-09-26 10:51:07,026 [d33bbd08-3e3e-438b-a99c-6b25309199ef@group-CF7049202100:LeaderElection105] INFO  impl.LeaderElection (LeaderElection.java:askForVotes(182)) - d33bbd08-3e3e-438b-a99c-6b25309199ef@group-CF7049202100:LeaderElection105: begin an election at term 1 for -1: [d33bbd08-3e3e-438b-a99c-6b25309199ef:192.168.30.13:44451], old=null
2019-09-26 10:51:07,027 [d33bbd08-3e3e-438b-a99c-6b25309199ef@group-041689B13E18:LeaderElection106] INFO  impl.RoleInfo (RoleInfo.java:shutdownLeaderElection(134)) - d33bbd08-3e3e-438b-a99c-6b25309199ef: shutdown LeaderElection
2019-09-26 10:51:07,027 [d33bbd08-3e3e-438b-a99c-6b25309199ef@group-CF7049202100:LeaderElection105] INFO  impl.RoleInfo (RoleInfo.java:shutdownLeaderElection(134)) - d33bbd08-3e3e-438b-a99c-6b25309199ef: shutdown LeaderElection
2019-09-26 10:51:07,027 [d33bbd08-3e3e-438b-a99c-6b25309199ef@group-041689B13E18:LeaderElection106] INFO  impl.RaftServerImpl (RaftServerImpl.java:setRole(174)) - d33bbd08-3e3e-438b-a99c-6b25309199ef@group-041689B13E18: changes role from CANDIDATE to LEADER at term 1 for changeToLeader
2019-09-26 10:51:07,027 [d33bbd08-3e3e-438b-a99c-6b25309199ef@group-CF7049202100:LeaderElection105] INFO  impl.RaftServerImpl (RaftServerImpl.java:setRole(174)) - d33bbd08-3e3e-438b-a99c-6b25309199ef@group-CF7049202100: changes role from CANDIDATE to LEADER at term 1 for changeToLeader
2019-09-26 10:51:07,027 [d33bbd08-3e3e-438b-a99c-6b25309199ef@group-041689B13E18:LeaderElection106] INFO  impl.RaftServerImpl (ServerState.java:setLeader(253)) - d33bbd08-3e3e-438b-a99c-6b25309199ef@group-041689B13E18: change Leader from null to d33bbd08-3e3e-438b-a99c-6b25309199ef at term 1 for becomeLeader, leader elected after 5143ms
2019-09-26 10:51:07,027 [d33bbd08-3e3e-438b-a99c-6b25309199ef@group-CF7049202100:LeaderElection105] INFO  impl.RaftServerImpl (ServerState.java:setLeader(253)) - d33bbd08-3e3e-438b-a99c-6b25309199ef@group-CF7049202100: change Leader from null to d33bbd08-3e3e-438b-a99c-6b25309199ef at term 1 for becomeLeader, leader elected after 5187ms
2019-09-26 10:51:07,027 [d33bbd08-3e3e-438b-a99c-6b25309199ef@group-041689B13E18:LeaderElection106] INFO  server.RaftServerConfigKeys (ConfUtils.java:logGet(43)) - raft.server.staging.catchup.gap = 1000 (default)
2019-09-26 10:51:07,028 [d33bbd08-3e3e-438b-a99c-6b25309199ef@group-CF7049202100:LeaderElection105] INFO  server.RaftServerConfigKeys (ConfUtils.java:logGet(43)) - raft.server.staging.catchup.gap = 1000 (default)
2019-09-26 10:51:07,028 [d33bbd08-3e3e-438b-a99c-6b25309199ef@group-041689B13E18:LeaderElection106] INFO  server.RaftServerConfigKeys (ConfUtils.java:logGet(43)) - raft.server.rpc.sleep.time = 25ms (default)
2019-09-26 10:51:07,028 [d33bbd08-3e3e-438b-a99c-6b25309199ef@group-CF7049202100:LeaderElection105] INFO  server.RaftServerConfigKeys (ConfUtils.java:logGet(43)) - raft.server.rpc.sleep.time = 25ms (default)
2019-09-26 10:51:07,028 [d33bbd08-3e3e-438b-a99c-6b25309199ef@group-041689B13E18:LeaderElection106] INFO  server.RaftServerConfigKeys (ConfUtils.java:logGet(43)) - raft.server.write.element-limit = 4096 (default)
2019-09-26 10:51:07,028 [d33bbd08-3e3e-438b-a99c-6b25309199ef@group-CF7049202100:LeaderElection105] INFO  server.RaftServerConfigKeys (ConfUtils.java:logGet(43)) - raft.server.write.element-limit = 4096 (default)
2019-09-26 10:51:07,028 [d33bbd08-3e3e-438b-a99c-6b25309199ef@group-041689B13E18:LeaderElection106] INFO  server.RaftServerConfigKeys (ConfUtils.java:logGet(43)) - raft.server.watch.timeout = 10s (default)
2019-09-26 10:51:07,028 [d33bbd08-3e3e-438b-a99c-6b25309199ef@group-CF7049202100:LeaderElection105] INFO  server.RaftServerConfigKeys (ConfUtils.java:logGet(43)) - raft.server.watch.timeout = 10s (default)
2019-09-26 10:51:07,029 [d33bbd08-3e3e-438b-a99c-6b25309199ef@group-041689B13E18:LeaderElection106] INFO  server.RaftServerConfigKeys (ConfUtils.java:logGet(43)) - raft.server.watch.timeout.denomination = 1s (default)
2019-09-26 10:51:07,029 [d33bbd08-3e3e-438b-a99c-6b25309199ef@group-CF7049202100:LeaderElection105] INFO  server.RaftServerConfigKeys (ConfUtils.java:logGet(43)) - raft.server.watch.timeout.denomination = 1s (default)
2019-09-26 10:51:07,029 [d33bbd08-3e3e-438b-a99c-6b25309199ef@group-041689B13E18:LeaderElection106] INFO  server.RaftServerConfigKeys (ConfUtils.java:logGet(43)) - raft.server.watch.element-limit = 65536 (default)
2019-09-26 10:51:07,029 [d33bbd08-3e3e-438b-a99c-6b25309199ef@group-CF7049202100:LeaderElection105] INFO  server.RaftServerConfigKeys (ConfUtils.java:logGet(43)) - raft.server.watch.element-limit = 65536 (default)
2019-09-26 10:51:07,032 [d33bbd08-3e3e-438b-a99c-6b25309199ef@group-041689B13E18:LeaderElection106] INFO  impl.RoleInfo (RoleInfo.java:updateAndGet(143)) - d33bbd08-3e3e-438b-a99c-6b25309199ef: start LeaderState
2019-09-26 10:51:07,033 [d33bbd08-3e3e-438b-a99c-6b25309199ef@group-041689B13E18:LeaderElection106] INFO  segmented.SegmentedRaftLogWorker (SegmentedRaftLogWorker.java:startLogSegment(380)) - d33bbd08-3e3e-438b-a99c-6b25309199ef@group-041689B13E18-SegmentedRaftLogWorker: Starting segment from index:0
2019-09-26 10:51:07,033 [d33bbd08-3e3e-438b-a99c-6b25309199ef@group-CF7049202100:LeaderElection105] INFO  impl.RoleInfo (RoleInfo.java:updateAndGet(143)) - d33bbd08-3e3e-438b-a99c-6b25309199ef: start LeaderState
2019-09-26 10:51:07,033 [d33bbd08-3e3e-438b-a99c-6b25309199ef@group-CF7049202100:LeaderElection105] INFO  segmented.SegmentedRaftLogWorker (SegmentedRaftLogWorker.java:startLogSegment(380)) - d33bbd08-3e3e-438b-a99c-6b25309199ef@group-CF7049202100-SegmentedRaftLogWorker: Starting segment from index:0
2019-09-26 10:51:07,033 [d33bbd08-3e3e-438b-a99c-6b25309199ef@group-041689B13E18:LeaderElection106] INFO  impl.RaftServerImpl (ServerState.java:setRaftConf(354)) - d33bbd08-3e3e-438b-a99c-6b25309199ef@group-041689B13E18: set configuration 0: [d33bbd08-3e3e-438b-a99c-6b25309199ef:192.168.30.13:44451], old=null at 0
2019-09-26 10:51:07,034 [d33bbd08-3e3e-438b-a99c-6b25309199ef@group-CF7049202100:LeaderElection105] INFO  impl.RaftServerImpl (ServerState.java:setRaftConf(354)) - d33bbd08-3e3e-438b-a99c-6b25309199ef@group-CF7049202100: set configuration 0: [d33bbd08-3e3e-438b-a99c-6b25309199ef:192.168.30.13:44451], old=null at 0
2019-09-26 10:51:07,080 [Thread-1566] INFO  impl.FollowerState (FollowerState.java:run(106)) - d33bbd08-3e3e-438b-a99c-6b25309199ef:group-6B85637FEBF0 changes to CANDIDATE, lastRpcTime:5147, electionTimeout:5147ms
2019-09-26 10:51:07,080 [Thread-1566] INFO  impl.RoleInfo (RoleInfo.java:shutdownFollowerState(121)) - d33bbd08-3e3e-438b-a99c-6b25309199ef: shutdown FollowerState
2019-09-26 10:51:07,080 [Thread-1566] INFO  impl.RaftServerImpl (RaftServerImpl.java:setRole(174)) - d33bbd08-3e3e-438b-a99c-6b25309199ef@group-6B85637FEBF0: changes role from  FOLLOWER to CANDIDATE at term 0 for changeToCandidate
2019-09-26 10:51:07,080 [Thread-1566] INFO  impl.RoleInfo (RoleInfo.java:updateAndGet(143)) - d33bbd08-3e3e-438b-a99c-6b25309199ef: start LeaderElection
2019-09-26 10:51:07,089 [d33bbd08-3e3e-438b-a99c-6b25309199ef@group-CF7049202100-SegmentedRaftLogWorker] INFO  segmented.SegmentedRaftLogWorker (SegmentedRaftLogWorker.java:execute(569)) - d33bbd08-3e3e-438b-a99c-6b25309199ef@group-CF7049202100-SegmentedRaftLogWorker: created new log segment /workdir/hadoop-ozone/ozonefs/target/test-dir/MiniOzoneClusterImpl-e5a1f7e9-60e0-4040-8834-ccfdca6954e1/datanode-2/data/ratis/dc18767a-e086-4720-90b9-cf7049202100/current/log_inprogress_0
2019-09-26 10:51:07,089 [d33bbd08-3e3e-438b-a99c-6b25309199ef@group-041689B13E18-SegmentedRaftLogWorker] INFO  segmented.SegmentedRaftLogWorker (SegmentedRaftLogWorker.java:execute(569)) - d33bbd08-3e3e-438b-a99c-6b25309199ef@group-041689B13E18-SegmentedRaftLogWorker: created new log segment /workdir/hadoop-ozone/ozonefs/target/test-dir/MiniOzoneClusterImpl-e5a1f7e9-60e0-4040-8834-ccfdca6954e1/datanode-2/data/ratis/dd33c92d-c382-4870-b9fd-041689b13e18/current/log_inprogress_0
2019-09-26 10:51:07,102 [d33bbd08-3e3e-438b-a99c-6b25309199ef@group-6B85637FEBF0:LeaderElection107] INFO  impl.LeaderElection (LeaderElection.java:askForVotes(182)) - d33bbd08-3e3e-438b-a99c-6b25309199ef@group-6B85637FEBF0:LeaderElection107: begin an election at term 1 for -1: [d33bbd08-3e3e-438b-a99c-6b25309199ef:192.168.30.13:44451], old=null
2019-09-26 10:51:07,102 [d33bbd08-3e3e-438b-a99c-6b25309199ef@group-6B85637FEBF0:LeaderElection107] INFO  impl.RoleInfo (RoleInfo.java:shutdownLeaderElection(134)) - d33bbd08-3e3e-438b-a99c-6b25309199ef: shutdown LeaderElection
2019-09-26 10:51:07,102 [d33bbd08-3e3e-438b-a99c-6b25309199ef@group-6B85637FEBF0:LeaderElection107] INFO  impl.RaftServerImpl (RaftServerImpl.java:setRole(174)) - d33bbd08-3e3e-438b-a99c-6b25309199ef@group-6B85637FEBF0: changes role from CANDIDATE to LEADER at term 1 for changeToLeader
2019-09-26 10:51:07,103 [d33bbd08-3e3e-438b-a99c-6b25309199ef@group-6B85637FEBF0:LeaderElection107] INFO  impl.RaftServerImpl (ServerState.java:setLeader(253)) - d33bbd08-3e3e-438b-a99c-6b25309199ef@group-6B85637FEBF0: change Leader from null to d33bbd08-3e3e-438b-a99c-6b25309199ef at term 1 for becomeLeader, leader elected after 5175ms
2019-09-26 10:51:07,103 [d33bbd08-3e3e-438b-a99c-6b25309199ef@group-6B85637FEBF0:LeaderElection107] INFO  server.RaftServerConfigKeys (ConfUtils.java:logGet(43)) - raft.server.staging.catchup.gap = 1000 (default)
2019-09-26 10:51:07,103 [d33bbd08-3e3e-438b-a99c-6b25309199ef@group-6B85637FEBF0:LeaderElection107] INFO  server.RaftServerConfigKeys (ConfUtils.java:logGet(43)) - raft.server.rpc.sleep.time = 25ms (default)
2019-09-26 10:51:07,103 [d33bbd08-3e3e-438b-a99c-6b25309199ef@group-6B85637FEBF0:LeaderElection107] INFO  server.RaftServerConfigKeys (ConfUtils.java:logGet(43)) - raft.server.write.element-limit = 4096 (default)
2019-09-26 10:51:07,103 [d33bbd08-3e3e-438b-a99c-6b25309199ef@group-6B85637FEBF0:LeaderElection107] INFO  server.RaftServerConfigKeys (ConfUtils.java:logGet(43)) - raft.server.watch.timeout = 10s (default)
2019-09-26 10:51:07,103 [d33bbd08-3e3e-438b-a99c-6b25309199ef@group-6B85637FEBF0:LeaderElection107] INFO  server.RaftServerConfigKeys (ConfUtils.java:logGet(43)) - raft.server.watch.timeout.denomination = 1s (default)
2019-09-26 10:51:07,104 [d33bbd08-3e3e-438b-a99c-6b25309199ef@group-6B85637FEBF0:LeaderElection107] INFO  server.RaftServerConfigKeys (ConfUtils.java:logGet(43)) - raft.server.watch.element-limit = 65536 (default)
2019-09-26 10:51:07,106 [d33bbd08-3e3e-438b-a99c-6b25309199ef@group-6B85637FEBF0:LeaderElection107] INFO  impl.RoleInfo (RoleInfo.java:updateAndGet(143)) - d33bbd08-3e3e-438b-a99c-6b25309199ef: start LeaderState
2019-09-26 10:51:07,106 [d33bbd08-3e3e-438b-a99c-6b25309199ef@group-6B85637FEBF0:LeaderElection107] INFO  segmented.SegmentedRaftLogWorker (SegmentedRaftLogWorker.java:startLogSegment(380)) - d33bbd08-3e3e-438b-a99c-6b25309199ef@group-6B85637FEBF0-SegmentedRaftLogWorker: Starting segment from index:0
2019-09-26 10:51:07,107 [d33bbd08-3e3e-438b-a99c-6b25309199ef@group-6B85637FEBF0:LeaderElection107] INFO  impl.RaftServerImpl (ServerState.java:setRaftConf(354)) - d33bbd08-3e3e-438b-a99c-6b25309199ef@group-6B85637FEBF0: set configuration 0: [d33bbd08-3e3e-438b-a99c-6b25309199ef:192.168.30.13:44451], old=null at 0
2019-09-26 10:51:07,119 [Thread-1569] INFO  impl.FollowerState (FollowerState.java:run(106)) - d33bbd08-3e3e-438b-a99c-6b25309199ef:group-FF1DE32C4019 changes to CANDIDATE, lastRpcTime:5144, electionTimeout:5144ms
2019-09-26 10:51:07,120 [Thread-1569] INFO  impl.RoleInfo (RoleInfo.java:shutdownFollowerState(121)) - d33bbd08-3e3e-438b-a99c-6b25309199ef: shutdown FollowerState
2019-09-26 10:51:07,120 [Thread-1569] INFO  impl.RaftServerImpl (RaftServerImpl.java:setRole(174)) - d33bbd08-3e3e-438b-a99c-6b25309199ef@group-FF1DE32C4019: changes role from  FOLLOWER to CANDIDATE at term 0 for changeToCandidate
2019-09-26 10:51:07,120 [Thread-1569] INFO  impl.RoleInfo (RoleInfo.java:updateAndGet(143)) - d33bbd08-3e3e-438b-a99c-6b25309199ef: start LeaderElection
2019-09-26 10:51:07,161 [d33bbd08-3e3e-438b-a99c-6b25309199ef@group-6B85637FEBF0-SegmentedRaftLogWorker] INFO  segmented.SegmentedRaftLogWorker (SegmentedRaftLogWorker.java:execute(569)) - d33bbd08-3e3e-438b-a99c-6b25309199ef@group-6B85637FEBF0-SegmentedRaftLogWorker: created new log segment /workdir/hadoop-ozone/ozonefs/target/test-dir/MiniOzoneClusterImpl-e5a1f7e9-60e0-4040-8834-ccfdca6954e1/datanode-2/data/ratis/5cd18843-9b2d-4da0-bc42-6b85637febf0/current/log_inprogress_0
2019-09-26 10:51:07,161 [d33bbd08-3e3e-438b-a99c-6b25309199ef@group-FF1DE32C4019:LeaderElection108] INFO  impl.LeaderElection (LeaderElection.java:askForVotes(182)) - d33bbd08-3e3e-438b-a99c-6b25309199ef@group-FF1DE32C4019:LeaderElection108: begin an election at term 1 for -1: [d33bbd08-3e3e-438b-a99c-6b25309199ef:192.168.30.13:44451], old=null
2019-09-26 10:51:07,162 [d33bbd08-3e3e-438b-a99c-6b25309199ef@group-FF1DE32C4019:LeaderElection108] INFO  impl.RoleInfo (RoleInfo.java:shutdownLeaderElection(134)) - d33bbd08-3e3e-438b-a99c-6b25309199ef: shutdown LeaderElection
2019-09-26 10:51:07,162 [d33bbd08-3e3e-438b-a99c-6b25309199ef@group-FF1DE32C4019:LeaderElection108] INFO  impl.RaftServerImpl (RaftServerImpl.java:setRole(174)) - d33bbd08-3e3e-438b-a99c-6b25309199ef@group-FF1DE32C4019: changes role from CANDIDATE to LEADER at term 1 for changeToLeader
2019-09-26 10:51:07,162 [d33bbd08-3e3e-438b-a99c-6b25309199ef@group-FF1DE32C4019:LeaderElection108] INFO  impl.RaftServerImpl (ServerState.java:setLeader(253)) - d33bbd08-3e3e-438b-a99c-6b25309199ef@group-FF1DE32C4019: change Leader from null to d33bbd08-3e3e-438b-a99c-6b25309199ef at term 1 for becomeLeader, leader elected after 5192ms
2019-09-26 10:51:07,162 [d33bbd08-3e3e-438b-a99c-6b25309199ef@group-FF1DE32C4019:LeaderElection108] INFO  server.RaftServerConfigKeys (ConfUtils.java:logGet(43)) - raft.server.staging.catchup.gap = 1000 (default)
2019-09-26 10:51:07,162 [d33bbd08-3e3e-438b-a99c-6b25309199ef@group-FF1DE32C4019:LeaderElection108] INFO  server.RaftServerConfigKeys (ConfUtils.java:logGet(43)) - raft.server.rpc.sleep.time = 25ms (default)
2019-09-26 10:51:07,162 [d33bbd08-3e3e-438b-a99c-6b25309199ef@group-FF1DE32C4019:LeaderElection108] INFO  server.RaftServerConfigKeys (ConfUtils.java:logGet(43)) - raft.server.write.element-limit = 4096 (default)
2019-09-26 10:51:07,163 [d33bbd08-3e3e-438b-a99c-6b25309199ef@group-FF1DE32C4019:LeaderElection108] INFO  server.RaftServerConfigKeys (ConfUtils.java:logGet(43)) - raft.server.watch.timeout = 10s (default)
2019-09-26 10:51:07,163 [d33bbd08-3e3e-438b-a99c-6b25309199ef@group-FF1DE32C4019:LeaderElection108] INFO  server.RaftServerConfigKeys (ConfUtils.java:logGet(43)) - raft.server.watch.timeout.denomination = 1s (default)
2019-09-26 10:51:07,163 [d33bbd08-3e3e-438b-a99c-6b25309199ef@group-FF1DE32C4019:LeaderElection108] INFO  server.RaftServerConfigKeys (ConfUtils.java:logGet(43)) - raft.server.watch.element-limit = 65536 (default)
2019-09-26 10:51:07,165 [d33bbd08-3e3e-438b-a99c-6b25309199ef@group-FF1DE32C4019:LeaderElection108] INFO  impl.RoleInfo (RoleInfo.java:updateAndGet(143)) - d33bbd08-3e3e-438b-a99c-6b25309199ef: start LeaderState
2019-09-26 10:51:07,165 [d33bbd08-3e3e-438b-a99c-6b25309199ef@group-FF1DE32C4019:LeaderElection108] INFO  segmented.SegmentedRaftLogWorker (SegmentedRaftLogWorker.java:startLogSegment(380)) - d33bbd08-3e3e-438b-a99c-6b25309199ef@group-FF1DE32C4019-SegmentedRaftLogWorker: Starting segment from index:0
2019-09-26 10:51:07,165 [d33bbd08-3e3e-438b-a99c-6b25309199ef@group-FF1DE32C4019:LeaderElection108] INFO  impl.RaftServerImpl (ServerState.java:setRaftConf(354)) - d33bbd08-3e3e-438b-a99c-6b25309199ef@group-FF1DE32C4019: set configuration 0: [d33bbd08-3e3e-438b-a99c-6b25309199ef:192.168.30.13:44451], old=null at 0
2019-09-26 10:51:07,220 [d33bbd08-3e3e-438b-a99c-6b25309199ef@group-FF1DE32C4019-SegmentedRaftLogWorker] INFO  segmented.SegmentedRaftLogWorker (SegmentedRaftLogWorker.java:execute(569)) - d33bbd08-3e3e-438b-a99c-6b25309199ef@group-FF1DE32C4019-SegmentedRaftLogWorker: created new log segment /workdir/hadoop-ozone/ozonefs/target/test-dir/MiniOzoneClusterImpl-e5a1f7e9-60e0-4040-8834-ccfdca6954e1/datanode-2/data/ratis/cf51c7a1-26e6-4f7a-8514-ff1de32c4019/current/log_inprogress_0
2019-09-26 10:51:07,561 [Thread-1344] INFO  ozoneimpl.OzoneContainer (OzoneContainer.java:stop(231)) - Attempting to stop container services.
2019-09-26 10:51:07,561 [ForkJoinPool.commonPool-worker-1] INFO  ozoneimpl.OzoneContainer (OzoneContainer.java:stop(231)) - Attempting to stop container services.
2019-09-26 10:51:07,561 [Thread-1344] INFO  impl.RaftServerProxy (RaftServerProxy.java:lambda$close$4(314)) - 9a37ccb8-a0a5-45c8-9c33-1ff15e0d8b0a: close
2019-09-26 10:51:07,562 [ForkJoinPool.commonPool-worker-1] INFO  impl.RaftServerProxy (RaftServerProxy.java:lambda$close$4(314)) - b00632ed-38e6-4e51-aa6e-3ec570305033: close
2019-09-26 10:51:07,562 [Thread-1344] INFO  impl.RaftServerImpl (RaftServerImpl.java:lambda$shutdown$3(251)) - 9a37ccb8-a0a5-45c8-9c33-1ff15e0d8b0a@group-0BDAA6282708: shutdown
2019-09-26 10:51:07,562 [ForkJoinPool.commonPool-worker-1] INFO  impl.RaftServerImpl (RaftServerImpl.java:lambda$shutdown$3(251)) - b00632ed-38e6-4e51-aa6e-3ec570305033@group-7E8D26F43ED7: shutdown
2019-09-26 10:51:07,563 [Thread-1344] INFO  util.JmxRegister (JmxRegister.java:unregister(73)) - Successfully un-registered JMX Bean with object name Ratis:service=RaftServer,group=group-0BDAA6282708,id=9a37ccb8-a0a5-45c8-9c33-1ff15e0d8b0a
2019-09-26 10:51:07,563 [ForkJoinPool.commonPool-worker-1] INFO  util.JmxRegister (JmxRegister.java:unregister(73)) - Successfully un-registered JMX Bean with object name Ratis:service=RaftServer,group=group-7E8D26F43ED7,id=b00632ed-38e6-4e51-aa6e-3ec570305033
2019-09-26 10:51:07,563 [Thread-1344] INFO  impl.RoleInfo (RoleInfo.java:shutdownLeaderState(104)) - 9a37ccb8-a0a5-45c8-9c33-1ff15e0d8b0a: shutdown LeaderState
2019-09-26 10:51:07,563 [ForkJoinPool.commonPool-worker-1] INFO  impl.RoleInfo (RoleInfo.java:shutdownLeaderState(104)) - b00632ed-38e6-4e51-aa6e-3ec570305033: shutdown LeaderState
2019-09-26 10:51:07,564 [Thread-1344] INFO  impl.PendingRequests (PendingRequests.java:sendNotLeaderResponses(202)) - 9a37ccb8-a0a5-45c8-9c33-1ff15e0d8b0a-PendingRequests: sendNotLeaderResponses
2019-09-26 10:51:07,564 [ForkJoinPool.commonPool-worker-1] INFO  impl.PendingRequests (PendingRequests.java:sendNotLeaderResponses(202)) - b00632ed-38e6-4e51-aa6e-3ec570305033-PendingRequests: sendNotLeaderResponses
2019-09-26 10:51:07,564 [Thread-1344] INFO  impl.StateMachineUpdater (StateMachineUpdater.java:stopAndJoin(125)) - 9a37ccb8-a0a5-45c8-9c33-1ff15e0d8b0a@group-0BDAA6282708-StateMachineUpdater: set stopIndex = 0
2019-09-26 10:51:07,565 [ForkJoinPool.commonPool-worker-1] INFO  impl.StateMachineUpdater (StateMachineUpdater.java:stopAndJoin(125)) - b00632ed-38e6-4e51-aa6e-3ec570305033@group-7E8D26F43ED7-StateMachineUpdater: set stopIndex = 0
2019-09-26 10:51:07,565 [Thread-1344] INFO  impl.RaftServerImpl (ServerState.java:close(385)) - 9a37ccb8-a0a5-45c8-9c33-1ff15e0d8b0a@group-0BDAA6282708: closes. applyIndex: 0
2019-09-26 10:51:07,565 [ForkJoinPool.commonPool-worker-1] INFO  impl.RaftServerImpl (ServerState.java:close(385)) - b00632ed-38e6-4e51-aa6e-3ec570305033@group-7E8D26F43ED7: closes. applyIndex: 0
2019-09-26 10:51:07,566 [9a37ccb8-a0a5-45c8-9c33-1ff15e0d8b0a@group-0BDAA6282708-SegmentedRaftLogWorker] INFO  segmented.SegmentedRaftLogWorker (SegmentedRaftLogWorker.java:run(313)) - 9a37ccb8-a0a5-45c8-9c33-1ff15e0d8b0a@group-0BDAA6282708-SegmentedRaftLogWorker was interrupted, exiting. There are 0 tasks remaining in the queue.
2019-09-26 10:51:07,566 [b00632ed-38e6-4e51-aa6e-3ec570305033@group-7E8D26F43ED7-SegmentedRaftLogWorker] INFO  segmented.SegmentedRaftLogWorker (SegmentedRaftLogWorker.java:run(313)) - b00632ed-38e6-4e51-aa6e-3ec570305033@group-7E8D26F43ED7-SegmentedRaftLogWorker was interrupted, exiting. There are 0 tasks remaining in the queue.
2019-09-26 10:51:07,566 [Thread-1344] INFO  segmented.SegmentedRaftLogWorker (SegmentedRaftLogWorker.java:close(228)) - 9a37ccb8-a0a5-45c8-9c33-1ff15e0d8b0a@group-0BDAA6282708-SegmentedRaftLogWorker close()
2019-09-26 10:51:07,567 [ForkJoinPool.commonPool-worker-1] INFO  segmented.SegmentedRaftLogWorker (SegmentedRaftLogWorker.java:close(228)) - b00632ed-38e6-4e51-aa6e-3ec570305033@group-7E8D26F43ED7-SegmentedRaftLogWorker close()
2019-09-26 10:51:07,570 [Thread-1344] INFO  impl.RaftServerImpl (RaftServerImpl.java:lambda$shutdown$3(251)) - 9a37ccb8-a0a5-45c8-9c33-1ff15e0d8b0a@group-7A0536DE3121: shutdown
2019-09-26 10:51:07,572 [ForkJoinPool.commonPool-worker-1] INFO  impl.RaftServerImpl (RaftServerImpl.java:lambda$shutdown$3(251)) - b00632ed-38e6-4e51-aa6e-3ec570305033@group-910060D7CD19: shutdown
2019-09-26 10:51:07,573 [Thread-1344] INFO  util.JmxRegister (JmxRegister.java:unregister(73)) - Successfully un-registered JMX Bean with object name Ratis:service=RaftServer,group=group-7A0536DE3121,id=9a37ccb8-a0a5-45c8-9c33-1ff15e0d8b0a
2019-09-26 10:51:07,573 [ForkJoinPool.commonPool-worker-1] INFO  util.JmxRegister (JmxRegister.java:unregister(73)) - Successfully un-registered JMX Bean with object name Ratis:service=RaftServer,group=group-910060D7CD19,id=b00632ed-38e6-4e51-aa6e-3ec570305033
2019-09-26 10:51:07,573 [Thread-1344] INFO  impl.RoleInfo (RoleInfo.java:shutdownLeaderState(104)) - 9a37ccb8-a0a5-45c8-9c33-1ff15e0d8b0a: shutdown LeaderState
2019-09-26 10:51:07,573 [ForkJoinPool.commonPool-worker-1] INFO  impl.RoleInfo (RoleInfo.java:shutdownLeaderState(104)) - b00632ed-38e6-4e51-aa6e-3ec570305033: shutdown LeaderState
2019-09-26 10:51:07,574 [Thread-1344] INFO  impl.PendingRequests (PendingRequests.java:sendNotLeaderResponses(202)) - 9a37ccb8-a0a5-45c8-9c33-1ff15e0d8b0a-PendingRequests: sendNotLeaderResponses
2019-09-26 10:51:07,574 [ForkJoinPool.commonPool-worker-1] INFO  impl.PendingRequests (PendingRequests.java:sendNotLeaderResponses(202)) - b00632ed-38e6-4e51-aa6e-3ec570305033-PendingRequests: sendNotLeaderResponses
2019-09-26 10:51:07,574 [Thread-1344] INFO  impl.StateMachineUpdater (StateMachineUpdater.java:stopAndJoin(125)) - 9a37ccb8-a0a5-45c8-9c33-1ff15e0d8b0a@group-7A0536DE3121-StateMachineUpdater: set stopIndex = 0
2019-09-26 10:51:07,575 [ForkJoinPool.commonPool-worker-1] INFO  impl.StateMachineUpdater (StateMachineUpdater.java:stopAndJoin(125)) - b00632ed-38e6-4e51-aa6e-3ec570305033@group-910060D7CD19-StateMachineUpdater: set stopIndex = 0
2019-09-26 10:51:07,575 [Thread-1344] INFO  impl.RaftServerImpl (ServerState.java:close(385)) - 9a37ccb8-a0a5-45c8-9c33-1ff15e0d8b0a@group-7A0536DE3121: closes. applyIndex: 0
2019-09-26 10:51:07,575 [ForkJoinPool.commonPool-worker-1] INFO  impl.RaftServerImpl (ServerState.java:close(385)) - b00632ed-38e6-4e51-aa6e-3ec570305033@group-910060D7CD19: closes. applyIndex: 0
2019-09-26 10:51:07,576 [9a37ccb8-a0a5-45c8-9c33-1ff15e0d8b0a@group-7A0536DE3121-SegmentedRaftLogWorker] INFO  segmented.SegmentedRaftLogWorker (SegmentedRaftLogWorker.java:run(313)) - 9a37ccb8-a0a5-45c8-9c33-1ff15e0d8b0a@group-7A0536DE3121-SegmentedRaftLogWorker was interrupted, exiting. There are 0 tasks remaining in the queue.
2019-09-26 10:51:07,576 [b00632ed-38e6-4e51-aa6e-3ec570305033@group-910060D7CD19-SegmentedRaftLogWorker] INFO  segmented.SegmentedRaftLogWorker (SegmentedRaftLogWorker.java:run(313)) - b00632ed-38e6-4e51-aa6e-3ec570305033@group-910060D7CD19-SegmentedRaftLogWorker was interrupted, exiting. There are 0 tasks remaining in the queue.
2019-09-26 10:51:07,576 [Thread-1344] INFO  segmented.SegmentedRaftLogWorker (SegmentedRaftLogWorker.java:close(228)) - 9a37ccb8-a0a5-45c8-9c33-1ff15e0d8b0a@group-7A0536DE3121-SegmentedRaftLogWorker close()
2019-09-26 10:51:07,577 [ForkJoinPool.commonPool-worker-1] INFO  segmented.SegmentedRaftLogWorker (SegmentedRaftLogWorker.java:close(228)) - b00632ed-38e6-4e51-aa6e-3ec570305033@group-910060D7CD19-SegmentedRaftLogWorker close()
2019-09-26 10:51:07,579 [Thread-1344] INFO  impl.RaftServerImpl (RaftServerImpl.java:lambda$shutdown$3(251)) - 9a37ccb8-a0a5-45c8-9c33-1ff15e0d8b0a@group-87AB039DB8A3: shutdown
2019-09-26 10:51:07,581 [ForkJoinPool.commonPool-worker-1] INFO  impl.RaftServerImpl (RaftServerImpl.java:lambda$shutdown$3(251)) - b00632ed-38e6-4e51-aa6e-3ec570305033@group-3F4D1C9F8268: shutdown
2019-09-26 10:51:07,581 [Thread-1344] INFO  util.JmxRegister (JmxRegister.java:unregister(73)) - Successfully un-registered JMX Bean with object name Ratis:service=RaftServer,group=group-87AB039DB8A3,id=9a37ccb8-a0a5-45c8-9c33-1ff15e0d8b0a
2019-09-26 10:51:07,582 [ForkJoinPool.commonPool-worker-1] INFO  util.JmxRegister (JmxRegister.java:unregister(73)) - Successfully un-registered JMX Bean with object name Ratis:service=RaftServer,group=group-3F4D1C9F8268,id=b00632ed-38e6-4e51-aa6e-3ec570305033
2019-09-26 10:51:07,582 [Thread-1344] INFO  impl.RoleInfo (RoleInfo.java:shutdownLeaderState(104)) - 9a37ccb8-a0a5-45c8-9c33-1ff15e0d8b0a: shutdown LeaderState
2019-09-26 10:51:07,582 [ForkJoinPool.commonPool-worker-1] INFO  impl.RoleInfo (RoleInfo.java:shutdownLeaderState(104)) - b00632ed-38e6-4e51-aa6e-3ec570305033: shutdown LeaderState
2019-09-26 10:51:07,582 [Thread-1344] INFO  impl.PendingRequests (PendingRequests.java:sendNotLeaderResponses(202)) - 9a37ccb8-a0a5-45c8-9c33-1ff15e0d8b0a-PendingRequests: sendNotLeaderResponses
2019-09-26 10:51:07,583 [ForkJoinPool.commonPool-worker-1] INFO  impl.PendingRequests (PendingRequests.java:sendNotLeaderResponses(202)) - b00632ed-38e6-4e51-aa6e-3ec570305033-PendingRequests: sendNotLeaderResponses
2019-09-26 10:51:07,583 [Thread-1344] INFO  impl.StateMachineUpdater (StateMachineUpdater.java:stopAndJoin(125)) - 9a37ccb8-a0a5-45c8-9c33-1ff15e0d8b0a@group-87AB039DB8A3-StateMachineUpdater: set stopIndex = 0
2019-09-26 10:51:07,583 [ForkJoinPool.commonPool-worker-1] INFO  impl.StateMachineUpdater (StateMachineUpdater.java:stopAndJoin(125)) - b00632ed-38e6-4e51-aa6e-3ec570305033@group-3F4D1C9F8268-StateMachineUpdater: set stopIndex = 0
2019-09-26 10:51:07,584 [Thread-1344] INFO  impl.RaftServerImpl (ServerState.java:close(385)) - 9a37ccb8-a0a5-45c8-9c33-1ff15e0d8b0a@group-87AB039DB8A3: closes. applyIndex: 0
2019-09-26 10:51:07,584 [ForkJoinPool.commonPool-worker-1] INFO  impl.RaftServerImpl (ServerState.java:close(385)) - b00632ed-38e6-4e51-aa6e-3ec570305033@group-3F4D1C9F8268: closes. applyIndex: 0
2019-09-26 10:51:07,584 [9a37ccb8-a0a5-45c8-9c33-1ff15e0d8b0a@group-87AB039DB8A3-SegmentedRaftLogWorker] INFO  segmented.SegmentedRaftLogWorker (SegmentedRaftLogWorker.java:run(313)) - 9a37ccb8-a0a5-45c8-9c33-1ff15e0d8b0a@group-87AB039DB8A3-SegmentedRaftLogWorker was interrupted, exiting. There are 0 tasks remaining in the queue.
2019-09-26 10:51:07,585 [b00632ed-38e6-4e51-aa6e-3ec570305033@group-3F4D1C9F8268-SegmentedRaftLogWorker] INFO  segmented.SegmentedRaftLogWorker (SegmentedRaftLogWorker.java:run(313)) - b00632ed-38e6-4e51-aa6e-3ec570305033@group-3F4D1C9F8268-SegmentedRaftLogWorker was interrupted, exiting. There are 0 tasks remaining in the queue.
2019-09-26 10:51:07,585 [Thread-1344] INFO  segmented.SegmentedRaftLogWorker (SegmentedRaftLogWorker.java:close(228)) - 9a37ccb8-a0a5-45c8-9c33-1ff15e0d8b0a@group-87AB039DB8A3-SegmentedRaftLogWorker close()
2019-09-26 10:51:07,585 [ForkJoinPool.commonPool-worker-1] INFO  segmented.SegmentedRaftLogWorker (SegmentedRaftLogWorker.java:close(228)) - b00632ed-38e6-4e51-aa6e-3ec570305033@group-3F4D1C9F8268-SegmentedRaftLogWorker close()
2019-09-26 10:51:07,587 [Thread-1344] INFO  impl.RaftServerImpl (RaftServerImpl.java:lambda$shutdown$3(251)) - 9a37ccb8-a0a5-45c8-9c33-1ff15e0d8b0a@group-E0E0E283B455: shutdown
2019-09-26 10:51:07,589 [ForkJoinPool.commonPool-worker-1] INFO  impl.RaftServerImpl (RaftServerImpl.java:lambda$shutdown$3(251)) - b00632ed-38e6-4e51-aa6e-3ec570305033@group-3D6998F73D2D: shutdown
2019-09-26 10:51:07,590 [Thread-1344] INFO  util.JmxRegister (JmxRegister.java:unregister(73)) - Successfully un-registered JMX Bean with object name Ratis:service=RaftServer,group=group-E0E0E283B455,id=9a37ccb8-a0a5-45c8-9c33-1ff15e0d8b0a
2019-09-26 10:51:07,590 [Thread-1344] INFO  impl.RoleInfo (RoleInfo.java:shutdownLeaderState(104)) - 9a37ccb8-a0a5-45c8-9c33-1ff15e0d8b0a: shutdown LeaderState
2019-09-26 10:51:07,590 [ForkJoinPool.commonPool-worker-1] INFO  util.JmxRegister (JmxRegister.java:unregister(73)) - Successfully un-registered JMX Bean with object name Ratis:service=RaftServer,group=group-3D6998F73D2D,id=b00632ed-38e6-4e51-aa6e-3ec570305033
2019-09-26 10:51:07,591 [Thread-1344] INFO  impl.PendingRequests (PendingRequests.java:sendNotLeaderResponses(202)) - 9a37ccb8-a0a5-45c8-9c33-1ff15e0d8b0a-PendingRequests: sendNotLeaderResponses
2019-09-26 10:51:07,591 [ForkJoinPool.commonPool-worker-1] INFO  impl.RoleInfo (RoleInfo.java:shutdownLeaderState(104)) - b00632ed-38e6-4e51-aa6e-3ec570305033: shutdown LeaderState
2019-09-26 10:51:07,591 [Thread-1344] INFO  impl.StateMachineUpdater (StateMachineUpdater.java:stopAndJoin(125)) - 9a37ccb8-a0a5-45c8-9c33-1ff15e0d8b0a@group-E0E0E283B455-StateMachineUpdater: set stopIndex = 0
2019-09-26 10:51:07,592 [ForkJoinPool.commonPool-worker-1] INFO  impl.PendingRequests (PendingRequests.java:sendNotLeaderResponses(202)) - b00632ed-38e6-4e51-aa6e-3ec570305033-PendingRequests: sendNotLeaderResponses
2019-09-26 10:51:07,592 [Thread-1344] INFO  impl.RaftServerImpl (ServerState.java:close(385)) - 9a37ccb8-a0a5-45c8-9c33-1ff15e0d8b0a@group-E0E0E283B455: closes. applyIndex: 0
2019-09-26 10:51:07,592 [ForkJoinPool.commonPool-worker-1] INFO  impl.StateMachineUpdater (StateMachineUpdater.java:stopAndJoin(125)) - b00632ed-38e6-4e51-aa6e-3ec570305033@group-3D6998F73D2D-StateMachineUpdater: set stopIndex = 0
2019-09-26 10:51:07,593 [ForkJoinPool.commonPool-worker-1] INFO  impl.RaftServerImpl (ServerState.java:close(385)) - b00632ed-38e6-4e51-aa6e-3ec570305033@group-3D6998F73D2D: closes. applyIndex: 0
2019-09-26 10:51:07,593 [9a37ccb8-a0a5-45c8-9c33-1ff15e0d8b0a@group-E0E0E283B455-SegmentedRaftLogWorker] INFO  segmented.SegmentedRaftLogWorker (SegmentedRaftLogWorker.java:run(313)) - 9a37ccb8-a0a5-45c8-9c33-1ff15e0d8b0a@group-E0E0E283B455-SegmentedRaftLogWorker was interrupted, exiting. There are 0 tasks remaining in the queue.
2019-09-26 10:51:07,593 [b00632ed-38e6-4e51-aa6e-3ec570305033@group-3D6998F73D2D-SegmentedRaftLogWorker] INFO  segmented.SegmentedRaftLogWorker (SegmentedRaftLogWorker.java:run(313)) - b00632ed-38e6-4e51-aa6e-3ec570305033@group-3D6998F73D2D-SegmentedRaftLogWorker was interrupted, exiting. There are 0 tasks remaining in the queue.
2019-09-26 10:51:07,593 [Thread-1344] INFO  segmented.SegmentedRaftLogWorker (SegmentedRaftLogWorker.java:close(228)) - 9a37ccb8-a0a5-45c8-9c33-1ff15e0d8b0a@group-E0E0E283B455-SegmentedRaftLogWorker close()
2019-09-26 10:51:07,594 [ForkJoinPool.commonPool-worker-1] INFO  segmented.SegmentedRaftLogWorker (SegmentedRaftLogWorker.java:close(228)) - b00632ed-38e6-4e51-aa6e-3ec570305033@group-3D6998F73D2D-SegmentedRaftLogWorker close()
2019-09-26 10:51:07,596 [Thread-1344] INFO  impl.RaftServerImpl (RaftServerImpl.java:lambda$shutdown$3(251)) - 9a37ccb8-a0a5-45c8-9c33-1ff15e0d8b0a@group-C870643F72DB: shutdown
2019-09-26 10:51:07,598 [ForkJoinPool.commonPool-worker-1] INFO  impl.RaftServerImpl (RaftServerImpl.java:lambda$shutdown$3(251)) - b00632ed-38e6-4e51-aa6e-3ec570305033@group-D33A09EF1509: shutdown
2019-09-26 10:51:07,598 [Thread-1344] INFO  util.JmxRegister (JmxRegister.java:unregister(73)) - Successfully un-registered JMX Bean with object name Ratis:service=RaftServer,group=group-C870643F72DB,id=9a37ccb8-a0a5-45c8-9c33-1ff15e0d8b0a
2019-09-26 10:51:07,598 [ForkJoinPool.commonPool-worker-1] INFO  util.JmxRegister (JmxRegister.java:unregister(73)) - Successfully un-registered JMX Bean with object name Ratis:service=RaftServer,group=group-D33A09EF1509,id=b00632ed-38e6-4e51-aa6e-3ec570305033
2019-09-26 10:51:07,599 [Thread-1344] INFO  impl.RoleInfo (RoleInfo.java:shutdownLeaderState(104)) - 9a37ccb8-a0a5-45c8-9c33-1ff15e0d8b0a: shutdown LeaderState
2019-09-26 10:51:07,599 [ForkJoinPool.commonPool-worker-1] INFO  impl.RoleInfo (RoleInfo.java:shutdownLeaderState(104)) - b00632ed-38e6-4e51-aa6e-3ec570305033: shutdown LeaderState
2019-09-26 10:51:07,599 [Thread-1344] INFO  impl.PendingRequests (PendingRequests.java:sendNotLeaderResponses(202)) - 9a37ccb8-a0a5-45c8-9c33-1ff15e0d8b0a-PendingRequests: sendNotLeaderResponses
2019-09-26 10:51:07,600 [ForkJoinPool.commonPool-worker-1] INFO  impl.PendingRequests (PendingRequests.java:sendNotLeaderResponses(202)) - b00632ed-38e6-4e51-aa6e-3ec570305033-PendingRequests: sendNotLeaderResponses
2019-09-26 10:51:07,600 [Thread-1344] INFO  impl.StateMachineUpdater (StateMachineUpdater.java:stopAndJoin(125)) - 9a37ccb8-a0a5-45c8-9c33-1ff15e0d8b0a@group-C870643F72DB-StateMachineUpdater: set stopIndex = 0
2019-09-26 10:51:07,600 [ForkJoinPool.commonPool-worker-1] INFO  impl.StateMachineUpdater (StateMachineUpdater.java:stopAndJoin(125)) - b00632ed-38e6-4e51-aa6e-3ec570305033@group-D33A09EF1509-StateMachineUpdater: set stopIndex = 0
2019-09-26 10:51:07,601 [Thread-1344] INFO  impl.RaftServerImpl (ServerState.java:close(385)) - 9a37ccb8-a0a5-45c8-9c33-1ff15e0d8b0a@group-C870643F72DB: closes. applyIndex: 0
2019-09-26 10:51:07,601 [ForkJoinPool.commonPool-worker-1] INFO  impl.RaftServerImpl (ServerState.java:close(385)) - b00632ed-38e6-4e51-aa6e-3ec570305033@group-D33A09EF1509: closes. applyIndex: 0
2019-09-26 10:51:07,601 [9a37ccb8-a0a5-45c8-9c33-1ff15e0d8b0a@group-C870643F72DB-SegmentedRaftLogWorker] INFO  segmented.SegmentedRaftLogWorker (SegmentedRaftLogWorker.java:run(313)) - 9a37ccb8-a0a5-45c8-9c33-1ff15e0d8b0a@group-C870643F72DB-SegmentedRaftLogWorker was interrupted, exiting. There are 0 tasks remaining in the queue.
2019-09-26 10:51:07,602 [b00632ed-38e6-4e51-aa6e-3ec570305033@group-D33A09EF1509-SegmentedRaftLogWorker] INFO  segmented.SegmentedRaftLogWorker (SegmentedRaftLogWorker.java:run(313)) - b00632ed-38e6-4e51-aa6e-3ec570305033@group-D33A09EF1509-SegmentedRaftLogWorker was interrupted, exiting. There are 0 tasks remaining in the queue.
2019-09-26 10:51:07,602 [Thread-1344] INFO  segmented.SegmentedRaftLogWorker (SegmentedRaftLogWorker.java:close(228)) - 9a37ccb8-a0a5-45c8-9c33-1ff15e0d8b0a@group-C870643F72DB-SegmentedRaftLogWorker close()
2019-09-26 10:51:07,602 [ForkJoinPool.commonPool-worker-1] INFO  segmented.SegmentedRaftLogWorker (SegmentedRaftLogWorker.java:close(228)) - b00632ed-38e6-4e51-aa6e-3ec570305033@group-D33A09EF1509-SegmentedRaftLogWorker close()
2019-09-26 10:51:07,604 [Thread-1344] INFO  impl.RaftServerImpl (RaftServerImpl.java:lambda$shutdown$3(251)) - 9a37ccb8-a0a5-45c8-9c33-1ff15e0d8b0a@group-04ACAFB3C640: shutdown
2019-09-26 10:51:07,607 [ForkJoinPool.commonPool-worker-1] INFO  impl.RaftServerImpl (RaftServerImpl.java:lambda$shutdown$3(251)) - b00632ed-38e6-4e51-aa6e-3ec570305033@group-03C97F8A8244: shutdown
2019-09-26 10:51:07,607 [Thread-1344] INFO  util.JmxRegister (JmxRegister.java:unregister(73)) - Successfully un-registered JMX Bean with object name Ratis:service=RaftServer,group=group-04ACAFB3C640,id=9a37ccb8-a0a5-45c8-9c33-1ff15e0d8b0a
2019-09-26 10:51:07,607 [ForkJoinPool.commonPool-worker-1] INFO  util.JmxRegister (JmxRegister.java:unregister(73)) - Successfully un-registered JMX Bean with object name Ratis:service=RaftServer,group=group-03C97F8A8244,id=b00632ed-38e6-4e51-aa6e-3ec570305033
2019-09-26 10:51:07,608 [Thread-1344] INFO  impl.RoleInfo (RoleInfo.java:shutdownLeaderState(104)) - 9a37ccb8-a0a5-45c8-9c33-1ff15e0d8b0a: shutdown LeaderState
2019-09-26 10:51:07,608 [ForkJoinPool.commonPool-worker-1] INFO  impl.RoleInfo (RoleInfo.java:shutdownLeaderState(104)) - b00632ed-38e6-4e51-aa6e-3ec570305033: shutdown LeaderState
2019-09-26 10:51:07,608 [Thread-1344] INFO  impl.PendingRequests (PendingRequests.java:sendNotLeaderResponses(202)) - 9a37ccb8-a0a5-45c8-9c33-1ff15e0d8b0a-PendingRequests: sendNotLeaderResponses
2019-09-26 10:51:07,609 [ForkJoinPool.commonPool-worker-1] INFO  impl.PendingRequests (PendingRequests.java:sendNotLeaderResponses(202)) - b00632ed-38e6-4e51-aa6e-3ec570305033-PendingRequests: sendNotLeaderResponses
2019-09-26 10:51:07,609 [Thread-1344] INFO  impl.StateMachineUpdater (StateMachineUpdater.java:stopAndJoin(125)) - 9a37ccb8-a0a5-45c8-9c33-1ff15e0d8b0a@group-04ACAFB3C640-StateMachineUpdater: set stopIndex = 0
2019-09-26 10:51:07,609 [ForkJoinPool.commonPool-worker-1] INFO  impl.StateMachineUpdater (StateMachineUpdater.java:stopAndJoin(125)) - b00632ed-38e6-4e51-aa6e-3ec570305033@group-03C97F8A8244-StateMachineUpdater: set stopIndex = 0
2019-09-26 10:51:07,609 [Thread-1344] INFO  impl.RaftServerImpl (ServerState.java:close(385)) - 9a37ccb8-a0a5-45c8-9c33-1ff15e0d8b0a@group-04ACAFB3C640: closes. applyIndex: 0
2019-09-26 10:51:07,610 [ForkJoinPool.commonPool-worker-1] INFO  impl.RaftServerImpl (ServerState.java:close(385)) - b00632ed-38e6-4e51-aa6e-3ec570305033@group-03C97F8A8244: closes. applyIndex: 0
2019-09-26 10:51:07,610 [9a37ccb8-a0a5-45c8-9c33-1ff15e0d8b0a@group-04ACAFB3C640-SegmentedRaftLogWorker] INFO  segmented.SegmentedRaftLogWorker (SegmentedRaftLogWorker.java:run(313)) - 9a37ccb8-a0a5-45c8-9c33-1ff15e0d8b0a@group-04ACAFB3C640-SegmentedRaftLogWorker was interrupted, exiting. There are 0 tasks remaining in the queue.
2019-09-26 10:51:07,611 [b00632ed-38e6-4e51-aa6e-3ec570305033@group-03C97F8A8244-SegmentedRaftLogWorker] INFO  segmented.SegmentedRaftLogWorker (SegmentedRaftLogWorker.java:run(313)) - b00632ed-38e6-4e51-aa6e-3ec570305033@group-03C97F8A8244-SegmentedRaftLogWorker was interrupted, exiting. There are 0 tasks remaining in the queue.
2019-09-26 10:51:07,611 [Thread-1344] INFO  segmented.SegmentedRaftLogWorker (SegmentedRaftLogWorker.java:close(228)) - 9a37ccb8-a0a5-45c8-9c33-1ff15e0d8b0a@group-04ACAFB3C640-SegmentedRaftLogWorker close()
2019-09-26 10:51:07,611 [ForkJoinPool.commonPool-worker-1] INFO  segmented.SegmentedRaftLogWorker (SegmentedRaftLogWorker.java:close(228)) - b00632ed-38e6-4e51-aa6e-3ec570305033@group-03C97F8A8244-SegmentedRaftLogWorker close()
2019-09-26 10:51:07,613 [Thread-1344] INFO  server.GrpcService (GrpcService.java:closeImpl(164)) - 9a37ccb8-a0a5-45c8-9c33-1ff15e0d8b0a: shutdown server with port 34216 now
2019-09-26 10:51:07,615 [ForkJoinPool.commonPool-worker-1] INFO  server.GrpcService (GrpcService.java:closeImpl(164)) - b00632ed-38e6-4e51-aa6e-3ec570305033: shutdown server with port 40930 now
2019-09-26 10:51:07,617 [Thread-1344] INFO  server.GrpcService (GrpcService.java:closeImpl(172)) - 9a37ccb8-a0a5-45c8-9c33-1ff15e0d8b0a: shutdown server with port 34216 successfully
2019-09-26 10:51:07,619 [ForkJoinPool.commonPool-worker-1] INFO  server.GrpcService (GrpcService.java:closeImpl(172)) - b00632ed-38e6-4e51-aa6e-3ec570305033: shutdown server with port 40930 successfully
2019-09-26 10:51:07,622 [refreshUsed-/workdir/hadoop-ozone/ozonefs/target/test-dir/MiniOzoneClusterImpl-e5a1f7e9-60e0-4040-8834-ccfdca6954e1/datanode-1/data/containers] WARN  fs.CachingGetSpaceUsed (CachingGetSpaceUsed.java:run(183)) - Thread Interrupted waiting to refresh disk information: sleep interrupted
2019-09-26 10:51:07,622 [refreshUsed-/workdir/hadoop-ozone/ozonefs/target/test-dir/MiniOzoneClusterImpl-e5a1f7e9-60e0-4040-8834-ccfdca6954e1/datanode-0/data/containers] WARN  fs.CachingGetSpaceUsed (CachingGetSpaceUsed.java:run(183)) - Thread Interrupted waiting to refresh disk information: sleep interrupted
2019-09-26 10:51:07,652 [ForkJoinPool.commonPool-worker-1] INFO  utils.BackgroundService (BackgroundService.java:shutdown(148)) - Shutting down service BlockDeletingService
2019-09-26 10:51:07,664 [ForkJoinPool.commonPool-worker-1] INFO  statemachine.DatanodeStateMachine (DatanodeStateMachine.java:stopDaemon(395)) - Ozone container server stopped.
2019-09-26 10:51:07,670 [ForkJoinPool.commonPool-worker-1] INFO  handler.ContextHandler (ContextHandler.java:doStop(910)) - Stopped o.e.j.w.WebAppContext@3da744dd{/,null,UNAVAILABLE}{/hddsDatanode}
2019-09-26 10:51:07,671 [ForkJoinPool.commonPool-worker-1] INFO  server.AbstractConnector (AbstractConnector.java:doStop(318)) - Stopped ServerConnector@534b3546{HTTP/1.1,[http/1.1]}{0.0.0.0:0}
2019-09-26 10:51:07,672 [ForkJoinPool.commonPool-worker-1] INFO  handler.ContextHandler (ContextHandler.java:doStop(910)) - Stopped o.e.j.s.ServletContextHandler@840658f{/static,jar:file:/home/user/.m2/repository/org/apache/hadoop/hadoop-hdds-container-service/0.5.0-SNAPSHOT/hadoop-hdds-container-service-0.5.0-SNAPSHOT.jar!/webapps/static,UNAVAILABLE}
2019-09-26 10:51:07,674 [ForkJoinPool.commonPool-worker-1] INFO  handler.ContextHandler (ContextHandler.java:doStop(910)) - Stopped o.e.j.s.ServletContextHandler@16bf0a09{/logs,file:///workdir/hadoop-ozone/ozonefs/target/log,UNAVAILABLE}
2019-09-26 10:51:07,675 [Thread-1344] INFO  utils.BackgroundService (BackgroundService.java:shutdown(148)) - Shutting down service BlockDeletingService
2019-09-26 10:51:07,679 [Thread-1344] INFO  statemachine.DatanodeStateMachine (DatanodeStateMachine.java:stopDaemon(395)) - Ozone container server stopped.
2019-09-26 10:51:07,680 [Thread-1344] INFO  handler.ContextHandler (ContextHandler.java:doStop(910)) - Stopped o.e.j.w.WebAppContext@6827e605{/,null,UNAVAILABLE}{/hddsDatanode}
2019-09-26 10:51:07,680 [Thread-1344] INFO  server.AbstractConnector (AbstractConnector.java:doStop(318)) - Stopped ServerConnector@30ed4d7b{HTTP/1.1,[http/1.1]}{0.0.0.0:0}
2019-09-26 10:51:07,681 [Thread-1344] INFO  handler.ContextHandler (ContextHandler.java:doStop(910)) - Stopped o.e.j.s.ServletContextHandler@295a3480{/static,jar:file:/home/user/.m2/repository/org/apache/hadoop/hadoop-hdds-container-service/0.5.0-SNAPSHOT/hadoop-hdds-container-service-0.5.0-SNAPSHOT.jar!/webapps/static,UNAVAILABLE}
2019-09-26 10:51:07,681 [Thread-1344] INFO  handler.ContextHandler (ContextHandler.java:doStop(910)) - Stopped o.e.j.s.ServletContextHandler@643f552c{/logs,file:///workdir/hadoop-ozone/ozonefs/target/log,UNAVAILABLE}
2019-09-26 10:51:08,441 [Datanode State Machine Thread - 0] INFO  statemachine.DatanodeStateMachine (DatanodeStateMachine.java:lambda$startDaemon$0(350)) - Ozone container server started.
2019-09-26 10:51:12,675 [ForkJoinPool.commonPool-worker-1] INFO  ozoneimpl.OzoneContainer (OzoneContainer.java:stop(231)) - Attempting to stop container services.
2019-09-26 10:51:12,676 [ForkJoinPool.commonPool-worker-1] INFO  impl.RaftServerProxy (RaftServerProxy.java:lambda$close$4(314)) - d33bbd08-3e3e-438b-a99c-6b25309199ef: close
2019-09-26 10:51:12,676 [ForkJoinPool.commonPool-worker-1] INFO  impl.RaftServerImpl (RaftServerImpl.java:lambda$shutdown$3(251)) - d33bbd08-3e3e-438b-a99c-6b25309199ef@group-6B85637FEBF0: shutdown
2019-09-26 10:51:12,677 [ForkJoinPool.commonPool-worker-1] INFO  util.JmxRegister (JmxRegister.java:unregister(73)) - Successfully un-registered JMX Bean with object name Ratis:service=RaftServer,group=group-6B85637FEBF0,id=d33bbd08-3e3e-438b-a99c-6b25309199ef
2019-09-26 10:51:12,677 [ForkJoinPool.commonPool-worker-1] INFO  impl.RoleInfo (RoleInfo.java:shutdownLeaderState(104)) - d33bbd08-3e3e-438b-a99c-6b25309199ef: shutdown LeaderState
2019-09-26 10:51:12,677 [ForkJoinPool.commonPool-worker-1] INFO  impl.PendingRequests (PendingRequests.java:sendNotLeaderResponses(202)) - d33bbd08-3e3e-438b-a99c-6b25309199ef-PendingRequests: sendNotLeaderResponses
2019-09-26 10:51:12,678 [ForkJoinPool.commonPool-worker-1] INFO  impl.StateMachineUpdater (StateMachineUpdater.java:stopAndJoin(125)) - d33bbd08-3e3e-438b-a99c-6b25309199ef@group-6B85637FEBF0-StateMachineUpdater: set stopIndex = 0
2019-09-26 10:51:12,678 [ForkJoinPool.commonPool-worker-1] INFO  impl.RaftServerImpl (ServerState.java:close(385)) - d33bbd08-3e3e-438b-a99c-6b25309199ef@group-6B85637FEBF0: closes. applyIndex: 0
2019-09-26 10:51:12,678 [d33bbd08-3e3e-438b-a99c-6b25309199ef@group-6B85637FEBF0-SegmentedRaftLogWorker] INFO  segmented.SegmentedRaftLogWorker (SegmentedRaftLogWorker.java:run(313)) - d33bbd08-3e3e-438b-a99c-6b25309199ef@group-6B85637FEBF0-SegmentedRaftLogWorker was interrupted, exiting. There are 0 tasks remaining in the queue.
2019-09-26 10:51:12,679 [ForkJoinPool.commonPool-worker-1] INFO  segmented.SegmentedRaftLogWorker (SegmentedRaftLogWorker.java:close(228)) - d33bbd08-3e3e-438b-a99c-6b25309199ef@group-6B85637FEBF0-SegmentedRaftLogWorker close()
2019-09-26 10:51:12,681 [ForkJoinPool.commonPool-worker-1] INFO  impl.RaftServerImpl (RaftServerImpl.java:lambda$shutdown$3(251)) - d33bbd08-3e3e-438b-a99c-6b25309199ef@group-FF1DE32C4019: shutdown
2019-09-26 10:51:12,681 [ForkJoinPool.commonPool-worker-1] INFO  util.JmxRegister (JmxRegister.java:unregister(73)) - Successfully un-registered JMX Bean with object name Ratis:service=RaftServer,group=group-FF1DE32C4019,id=d33bbd08-3e3e-438b-a99c-6b25309199ef
2019-09-26 10:51:12,682 [ForkJoinPool.commonPool-worker-1] INFO  impl.RoleInfo (RoleInfo.java:shutdownLeaderState(104)) - d33bbd08-3e3e-438b-a99c-6b25309199ef: shutdown LeaderState
2019-09-26 10:51:12,682 [ForkJoinPool.commonPool-worker-1] INFO  impl.PendingRequests (PendingRequests.java:sendNotLeaderResponses(202)) - d33bbd08-3e3e-438b-a99c-6b25309199ef-PendingRequests: sendNotLeaderResponses
2019-09-26 10:51:12,682 [ForkJoinPool.commonPool-worker-1] INFO  impl.StateMachineUpdater (StateMachineUpdater.java:stopAndJoin(125)) - d33bbd08-3e3e-438b-a99c-6b25309199ef@group-FF1DE32C4019-StateMachineUpdater: set stopIndex = 0
2019-09-26 10:51:12,683 [ForkJoinPool.commonPool-worker-1] INFO  impl.RaftServerImpl (ServerState.java:close(385)) - d33bbd08-3e3e-438b-a99c-6b25309199ef@group-FF1DE32C4019: closes. applyIndex: 0
2019-09-26 10:51:12,683 [d33bbd08-3e3e-438b-a99c-6b25309199ef@group-FF1DE32C4019-SegmentedRaftLogWorker] INFO  segmented.SegmentedRaftLogWorker (SegmentedRaftLogWorker.java:run(313)) - d33bbd08-3e3e-438b-a99c-6b25309199ef@group-FF1DE32C4019-SegmentedRaftLogWorker was interrupted, exiting. There are 0 tasks remaining in the queue.
2019-09-26 10:51:12,683 [ForkJoinPool.commonPool-worker-1] INFO  segmented.SegmentedRaftLogWorker (SegmentedRaftLogWorker.java:close(228)) - d33bbd08-3e3e-438b-a99c-6b25309199ef@group-FF1DE32C4019-SegmentedRaftLogWorker close()
2019-09-26 10:51:12,685 [ForkJoinPool.commonPool-worker-1] INFO  impl.RaftServerImpl (RaftServerImpl.java:lambda$shutdown$3(251)) - d33bbd08-3e3e-438b-a99c-6b25309199ef@group-1A277D4CA7C8: shutdown
2019-09-26 10:51:12,686 [ForkJoinPool.commonPool-worker-1] INFO  util.JmxRegister (JmxRegister.java:unregister(73)) - Successfully un-registered JMX Bean with object name Ratis:service=RaftServer,group=group-1A277D4CA7C8,id=d33bbd08-3e3e-438b-a99c-6b25309199ef
2019-09-26 10:51:12,686 [ForkJoinPool.commonPool-worker-1] INFO  impl.RoleInfo (RoleInfo.java:shutdownLeaderState(104)) - d33bbd08-3e3e-438b-a99c-6b25309199ef: shutdown LeaderState
2019-09-26 10:51:12,686 [ForkJoinPool.commonPool-worker-1] INFO  impl.PendingRequests (PendingRequests.java:sendNotLeaderResponses(202)) - d33bbd08-3e3e-438b-a99c-6b25309199ef-PendingRequests: sendNotLeaderResponses
2019-09-26 10:51:12,687 [ForkJoinPool.commonPool-worker-1] INFO  impl.StateMachineUpdater (StateMachineUpdater.java:stopAndJoin(125)) - d33bbd08-3e3e-438b-a99c-6b25309199ef@group-1A277D4CA7C8-StateMachineUpdater: set stopIndex = 0
2019-09-26 10:51:12,687 [ForkJoinPool.commonPool-worker-1] INFO  impl.RaftServerImpl (ServerState.java:close(385)) - d33bbd08-3e3e-438b-a99c-6b25309199ef@group-1A277D4CA7C8: closes. applyIndex: 0
2019-09-26 10:51:12,687 [d33bbd08-3e3e-438b-a99c-6b25309199ef@group-1A277D4CA7C8-SegmentedRaftLogWorker] INFO  segmented.SegmentedRaftLogWorker (SegmentedRaftLogWorker.java:run(313)) - d33bbd08-3e3e-438b-a99c-6b25309199ef@group-1A277D4CA7C8-SegmentedRaftLogWorker was interrupted, exiting. There are 0 tasks remaining in the queue.
2019-09-26 10:51:12,688 [ForkJoinPool.commonPool-worker-1] INFO  segmented.SegmentedRaftLogWorker (SegmentedRaftLogWorker.java:close(228)) - d33bbd08-3e3e-438b-a99c-6b25309199ef@group-1A277D4CA7C8-SegmentedRaftLogWorker close()
2019-09-26 10:51:12,689 [ForkJoinPool.commonPool-worker-1] INFO  impl.RaftServerImpl (RaftServerImpl.java:lambda$shutdown$3(251)) - d33bbd08-3e3e-438b-a99c-6b25309199ef@group-0AD02296BB55: shutdown
2019-09-26 10:51:12,690 [ForkJoinPool.commonPool-worker-1] INFO  util.JmxRegister (JmxRegister.java:unregister(73)) - Successfully un-registered JMX Bean with object name Ratis:service=RaftServer,group=group-0AD02296BB55,id=d33bbd08-3e3e-438b-a99c-6b25309199ef
2019-09-26 10:51:12,690 [ForkJoinPool.commonPool-worker-1] INFO  impl.RoleInfo (RoleInfo.java:shutdownLeaderState(104)) - d33bbd08-3e3e-438b-a99c-6b25309199ef: shutdown LeaderState
2019-09-26 10:51:12,690 [ForkJoinPool.commonPool-worker-1] INFO  impl.PendingRequests (PendingRequests.java:sendNotLeaderResponses(202)) - d33bbd08-3e3e-438b-a99c-6b25309199ef-PendingRequests: sendNotLeaderResponses
2019-09-26 10:51:12,691 [ForkJoinPool.commonPool-worker-1] INFO  impl.StateMachineUpdater (StateMachineUpdater.java:stopAndJoin(125)) - d33bbd08-3e3e-438b-a99c-6b25309199ef@group-0AD02296BB55-StateMachineUpdater: set stopIndex = 0
2019-09-26 10:51:12,691 [ForkJoinPool.commonPool-worker-1] INFO  impl.RaftServerImpl (ServerState.java:close(385)) - d33bbd08-3e3e-438b-a99c-6b25309199ef@group-0AD02296BB55: closes. applyIndex: 0
2019-09-26 10:51:12,691 [d33bbd08-3e3e-438b-a99c-6b25309199ef@group-0AD02296BB55-SegmentedRaftLogWorker] INFO  segmented.SegmentedRaftLogWorker (SegmentedRaftLogWorker.java:run(313)) - d33bbd08-3e3e-438b-a99c-6b25309199ef@group-0AD02296BB55-SegmentedRaftLogWorker was interrupted, exiting. There are 0 tasks remaining in the queue.
2019-09-26 10:51:12,692 [ForkJoinPool.commonPool-worker-1] INFO  segmented.SegmentedRaftLogWorker (SegmentedRaftLogWorker.java:close(228)) - d33bbd08-3e3e-438b-a99c-6b25309199ef@group-0AD02296BB55-SegmentedRaftLogWorker close()
2019-09-26 10:51:12,694 [ForkJoinPool.commonPool-worker-1] INFO  impl.RaftServerImpl (RaftServerImpl.java:lambda$shutdown$3(251)) - d33bbd08-3e3e-438b-a99c-6b25309199ef@group-CF7049202100: shutdown
2019-09-26 10:51:12,694 [ForkJoinPool.commonPool-worker-1] INFO  util.JmxRegister (JmxRegister.java:unregister(73)) - Successfully un-registered JMX Bean with object name Ratis:service=RaftServer,group=group-CF7049202100,id=d33bbd08-3e3e-438b-a99c-6b25309199ef
2019-09-26 10:51:12,694 [ForkJoinPool.commonPool-worker-1] INFO  impl.RoleInfo (RoleInfo.java:shutdownLeaderState(104)) - d33bbd08-3e3e-438b-a99c-6b25309199ef: shutdown LeaderState
2019-09-26 10:51:12,694 [ForkJoinPool.commonPool-worker-1] INFO  impl.PendingRequests (PendingRequests.java:sendNotLeaderResponses(202)) - d33bbd08-3e3e-438b-a99c-6b25309199ef-PendingRequests: sendNotLeaderResponses
2019-09-26 10:51:12,695 [ForkJoinPool.commonPool-worker-1] INFO  impl.StateMachineUpdater (StateMachineUpdater.java:stopAndJoin(125)) - d33bbd08-3e3e-438b-a99c-6b25309199ef@group-CF7049202100-StateMachineUpdater: set stopIndex = 0
2019-09-26 10:51:12,695 [ForkJoinPool.commonPool-worker-1] INFO  impl.RaftServerImpl (ServerState.java:close(385)) - d33bbd08-3e3e-438b-a99c-6b25309199ef@group-CF7049202100: closes. applyIndex: 0
2019-09-26 10:51:12,696 [d33bbd08-3e3e-438b-a99c-6b25309199ef@group-CF7049202100-SegmentedRaftLogWorker] INFO  segmented.SegmentedRaftLogWorker (SegmentedRaftLogWorker.java:run(313)) - d33bbd08-3e3e-438b-a99c-6b25309199ef@group-CF7049202100-SegmentedRaftLogWorker was interrupted, exiting. There are 0 tasks remaining in the queue.
2019-09-26 10:51:12,696 [ForkJoinPool.commonPool-worker-1] INFO  segmented.SegmentedRaftLogWorker (SegmentedRaftLogWorker.java:close(228)) - d33bbd08-3e3e-438b-a99c-6b25309199ef@group-CF7049202100-SegmentedRaftLogWorker close()
2019-09-26 10:51:12,698 [ForkJoinPool.commonPool-worker-1] INFO  impl.RaftServerImpl (RaftServerImpl.java:lambda$shutdown$3(251)) - d33bbd08-3e3e-438b-a99c-6b25309199ef@group-041689B13E18: shutdown
2019-09-26 10:51:12,698 [ForkJoinPool.commonPool-worker-1] INFO  util.JmxRegister (JmxRegister.java:unregister(73)) - Successfully un-registered JMX Bean with object name Ratis:service=RaftServer,group=group-041689B13E18,id=d33bbd08-3e3e-438b-a99c-6b25309199ef
2019-09-26 10:51:12,698 [ForkJoinPool.commonPool-worker-1] INFO  impl.RoleInfo (RoleInfo.java:shutdownLeaderState(104)) - d33bbd08-3e3e-438b-a99c-6b25309199ef: shutdown LeaderState
2019-09-26 10:51:12,699 [ForkJoinPool.commonPool-worker-1] INFO  impl.PendingRequests (PendingRequests.java:sendNotLeaderResponses(202)) - d33bbd08-3e3e-438b-a99c-6b25309199ef-PendingRequests: sendNotLeaderResponses
2019-09-26 10:51:12,699 [ForkJoinPool.commonPool-worker-1] INFO  impl.StateMachineUpdater (StateMachineUpdater.java:stopAndJoin(125)) - d33bbd08-3e3e-438b-a99c-6b25309199ef@group-041689B13E18-StateMachineUpdater: set stopIndex = 0
2019-09-26 10:51:12,699 [ForkJoinPool.commonPool-worker-1] INFO  impl.RaftServerImpl (ServerState.java:close(385)) - d33bbd08-3e3e-438b-a99c-6b25309199ef@group-041689B13E18: closes. applyIndex: 0
2019-09-26 10:51:12,700 [d33bbd08-3e3e-438b-a99c-6b25309199ef@group-041689B13E18-SegmentedRaftLogWorker] INFO  segmented.SegmentedRaftLogWorker (SegmentedRaftLogWorker.java:run(313)) - d33bbd08-3e3e-438b-a99c-6b25309199ef@group-041689B13E18-SegmentedRaftLogWorker was interrupted, exiting. There are 0 tasks remaining in the queue.
2019-09-26 10:51:12,700 [ForkJoinPool.commonPool-worker-1] INFO  segmented.SegmentedRaftLogWorker (SegmentedRaftLogWorker.java:close(228)) - d33bbd08-3e3e-438b-a99c-6b25309199ef@group-041689B13E18-SegmentedRaftLogWorker close()
2019-09-26 10:51:12,702 [ForkJoinPool.commonPool-worker-1] INFO  server.GrpcService (GrpcService.java:closeImpl(164)) - d33bbd08-3e3e-438b-a99c-6b25309199ef: shutdown server with port 44451 now
2019-09-26 10:51:12,704 [ForkJoinPool.commonPool-worker-1] INFO  server.GrpcService (GrpcService.java:closeImpl(172)) - d33bbd08-3e3e-438b-a99c-6b25309199ef: shutdown server with port 44451 successfully
2019-09-26 10:51:12,706 [refreshUsed-/workdir/hadoop-ozone/ozonefs/target/test-dir/MiniOzoneClusterImpl-e5a1f7e9-60e0-4040-8834-ccfdca6954e1/datanode-2/data/containers] WARN  fs.CachingGetSpaceUsed (CachingGetSpaceUsed.java:run(183)) - Thread Interrupted waiting to refresh disk information: sleep interrupted
2019-09-26 10:51:12,738 [ForkJoinPool.commonPool-worker-1] INFO  utils.BackgroundService (BackgroundService.java:shutdown(148)) - Shutting down service BlockDeletingService
2019-09-26 10:51:12,742 [ForkJoinPool.commonPool-worker-1] INFO  statemachine.DatanodeStateMachine (DatanodeStateMachine.java:stopDaemon(395)) - Ozone container server stopped.
2019-09-26 10:51:12,748 [ForkJoinPool.commonPool-worker-1] INFO  handler.ContextHandler (ContextHandler.java:doStop(910)) - Stopped o.e.j.w.WebAppContext@4bd372ee{/,null,UNAVAILABLE}{/hddsDatanode}
2019-09-26 10:51:12,748 [ForkJoinPool.commonPool-worker-1] INFO  server.AbstractConnector (AbstractConnector.java:doStop(318)) - Stopped ServerConnector@1f2bee3e{HTTP/1.1,[http/1.1]}{0.0.0.0:0}
2019-09-26 10:51:12,750 [ForkJoinPool.commonPool-worker-1] INFO  handler.ContextHandler (ContextHandler.java:doStop(910)) - Stopped o.e.j.s.ServletContextHandler@6782354{/static,jar:file:/home/user/.m2/repository/org/apache/hadoop/hadoop-hdds-container-service/0.5.0-SNAPSHOT/hadoop-hdds-container-service-0.5.0-SNAPSHOT.jar!/webapps/static,UNAVAILABLE}
2019-09-26 10:51:12,752 [ForkJoinPool.commonPool-worker-1] INFO  handler.ContextHandler (ContextHandler.java:doStop(910)) - Stopped o.e.j.s.ServletContextHandler@2cee000{/logs,file:///workdir/hadoop-ozone/ozonefs/target/log,UNAVAILABLE}
2019-09-26 10:51:12,753 [Thread-1344] INFO  ozone.MiniOzoneClusterImpl (MiniOzoneClusterImpl.java:stopSCM(392)) - Stopping the StorageContainerManager
2019-09-26 10:51:12,753 [Thread-1344] INFO  server.StorageContainerManager (StorageContainerManager.java:stop(808)) - Stopping Replication Manager Service.
2019-09-26 10:51:12,753 [Thread-1344] INFO  container.ReplicationManager (ReplicationManager.java:stop(204)) - Stopping Replication Monitor Thread.
2019-09-26 10:51:12,753 [Thread-1344] INFO  server.StorageContainerManager (StorageContainerManager.java:stop(815)) - Stopping Lease Manager of the command watchers
2019-09-26 10:51:12,754 [Thread-1344] INFO  server.StorageContainerManager (StorageContainerManager.java:stop(822)) - Stopping datanode service RPC server
2019-09-26 10:51:12,754 [Thread-1344] INFO  server.SCMDatanodeProtocolServer (SCMDatanodeProtocolServer.java:stop(367)) - Stopping the RPC server for DataNodes
2019-09-26 10:51:12,754 [Thread-1344] INFO  ipc.Server (Server.java:stop(3082)) - Stopping server on 46570
2019-09-26 10:51:12,758 [IPC Server listener on 46570] INFO  ipc.Server (Server.java:run(1185)) - Stopping IPC Server listener on 46570
2019-09-26 10:51:12,758 [IPC Server Responder] INFO  ipc.Server (Server.java:run(1319)) - Stopping IPC Server Responder
2019-09-26 10:51:12,773 [SCM Heartbeat Processing Thread - 0] WARN  node.NodeStateManager (NodeStateManager.java:scheduleNextHealthCheck(655)) - Current Thread is interrupted, shutting down HB processing thread for Node Manager.
2019-09-26 10:51:12,773 [Thread-1344] INFO  server.StorageContainerManager (StorageContainerManager.java:stop(830)) - Stopping block service RPC server
2019-09-26 10:51:12,773 [Thread-1344] INFO  server.SCMBlockProtocolServer (SCMBlockProtocolServer.java:stop(155)) - Stopping the RPC server for Block Protocol
2019-09-26 10:51:12,774 [Thread-1344] INFO  ipc.Server (Server.java:stop(3082)) - Stopping server on 38990
2019-09-26 10:51:12,776 [IPC Server listener on 38990] INFO  ipc.Server (Server.java:run(1185)) - Stopping IPC Server listener on 38990
2019-09-26 10:51:12,781 [Thread-1344] INFO  server.StorageContainerManager (StorageContainerManager.java:stop(837)) - Stopping the StorageContainerLocationProtocol RPC server
2019-09-26 10:51:12,783 [IPC Server Responder] INFO  ipc.Server (Server.java:run(1319)) - Stopping IPC Server Responder
2019-09-26 10:51:12,783 [Thread-1344] INFO  server.SCMClientProtocolServer (SCMClientProtocolServer.java:stop(159)) - Stopping the RPC server for Client Protocol
2019-09-26 10:51:12,783 [Thread-1344] INFO  ipc.Server (Server.java:stop(3082)) - Stopping server on 43849
2019-09-26 10:51:12,787 [IPC Server listener on 43849] INFO  ipc.Server (Server.java:run(1185)) - Stopping IPC Server listener on 43849
2019-09-26 10:51:12,788 [Thread-1344] INFO  server.StorageContainerManager (StorageContainerManager.java:stop(844)) - Stopping Storage Container Manager HTTP server.
2019-09-26 10:51:12,788 [IPC Server Responder] INFO  ipc.Server (Server.java:run(1319)) - Stopping IPC Server Responder
2019-09-26 10:51:12,790 [Thread-1344] INFO  handler.ContextHandler (ContextHandler.java:doStop(910)) - Stopped o.e.j.w.WebAppContext@14627c70{/,null,UNAVAILABLE}{/scm}
2019-09-26 10:51:12,791 [Thread-1344] INFO  server.AbstractConnector (AbstractConnector.java:doStop(318)) - Stopped ServerConnector@6660e407{HTTP/1.1,[http/1.1]}{0.0.0.0:0}
2019-09-26 10:51:12,791 [Thread-1344] INFO  handler.ContextHandler (ContextHandler.java:doStop(910)) - Stopped o.e.j.s.ServletContextHandler@2fc521cc{/static,jar:file:/home/user/.m2/repository/org/apache/hadoop/hadoop-hdds-server-scm/0.5.0-SNAPSHOT/hadoop-hdds-server-scm-0.5.0-SNAPSHOT.jar!/webapps/static,UNAVAILABLE}
2019-09-26 10:51:12,792 [Thread-1344] INFO  handler.ContextHandler (ContextHandler.java:doStop(910)) - Stopped o.e.j.s.ServletContextHandler@61f3e54c{/logs,file:///workdir/hadoop-ozone/ozonefs/target/log,UNAVAILABLE}
2019-09-26 10:51:12,793 [Thread-1344] INFO  server.StorageContainerManager (StorageContainerManager.java:stop(855)) - Stopping Block Manager Service.
2019-09-26 10:51:12,793 [Thread-1344] INFO  utils.BackgroundService (BackgroundService.java:shutdown(148)) - Shutting down service SCMBlockDeletingService
2019-09-26 10:51:12,793 [Thread-1344] INFO  utils.BackgroundService (BackgroundService.java:shutdown(148)) - Shutting down service SCMBlockDeletingService
2019-09-26 10:51:12,794 [Thread-1344] INFO  server.StorageContainerManager (StorageContainerManager.java:stop(877)) - Stopping SCM Event Queue.
2019-09-26 10:51:12,797 [Thread-1344] INFO  impl.MetricsSystemImpl (MetricsSystemImpl.java:stop(210)) - Stopping HddsDatanode metrics system...
2019-09-26 10:51:12,812 [Thread-1344] INFO  impl.MetricsSystemImpl (MetricsSystemImpl.java:stop(216)) - HddsDatanode metrics system stopped.
]]></system-out>
  </testcase>
  <testcase name="testNonExplicitlyCreatedPathExistsAfterItsLeafsWereRemoved" classname="org.apache.hadoop.fs.ozone.TestOzoneFileSystem" time="17.473"/>
  <testcase name="testListStatusOnLargeDirectory" classname="org.apache.hadoop.fs.ozone.TestOzoneFileSystem" time="20.455"/>
</testsuite>