<?xml version="1.0" encoding="UTF-8"?>
<testsuite xmlns:xsi="http://www.w3.org/2001/XMLSchema-instance" xsi:noNamespaceSchemaLocation="https://maven.apache.org/surefire/maven-surefire-plugin/xsd/surefire-test-report.xsd" name="org.apache.hadoop.fs.ozone.TestOzoneFSInputStream" time="48.893" tests="1" errors="1" skipped="0" failures="0">
  <properties>
    <property name="awt.toolkit" value="sun.awt.X11.XToolkit"/>
    <property name="file.encoding.pkg" value="sun.io"/>
    <property name="java.specification.version" value="1.8"/>
    <property name="sun.cpu.isalist" value=""/>
    <property name="sun.jnu.encoding" value="UTF-8"/>
    <property name="java.class.path" value="/workdir/hadoop-ozone/ozonefs/target/test-classes:/workdir/hadoop-ozone/ozonefs/target/classes:/home/user/.m2/repository/org/apache/hadoop/hadoop-common/3.2.0/hadoop-common-3.2.0.jar:/home/user/.m2/repository/org/apache/hadoop/hadoop-annotations/3.2.0/hadoop-annotations-3.2.0.jar:/usr/lib/jvm/java-1.8-openjdk/jre/../lib/tools.jar:/home/user/.m2/repository/com/google/guava/guava/11.0.2/guava-11.0.2.jar:/home/user/.m2/repository/commons-cli/commons-cli/1.2/commons-cli-1.2.jar:/home/user/.m2/repository/org/apache/commons/commons-math3/3.1.1/commons-math3-3.1.1.jar:/home/user/.m2/repository/org/apache/httpcomponents/httpclient/4.5.2/httpclient-4.5.2.jar:/home/user/.m2/repository/org/apache/httpcomponents/httpcore/4.4.4/httpcore-4.4.4.jar:/home/user/.m2/repository/commons-codec/commons-codec/1.11/commons-codec-1.11.jar:/home/user/.m2/repository/commons-io/commons-io/2.5/commons-io-2.5.jar:/home/user/.m2/repository/commons-net/commons-net/3.6/commons-net-3.6.jar:/home/user/.m2/repository/commons-collections/commons-collections/3.2.2/commons-collections-3.2.2.jar:/home/user/.m2/repository/javax/servlet/javax.servlet-api/3.1.0/javax.servlet-api-3.1.0.jar:/home/user/.m2/repository/org/eclipse/jetty/jetty-server/9.3.25.v20180904/jetty-server-9.3.25.v20180904.jar:/home/user/.m2/repository/org/eclipse/jetty/jetty-http/9.3.25.v20180904/jetty-http-9.3.25.v20180904.jar:/home/user/.m2/repository/org/eclipse/jetty/jetty-io/9.3.25.v20180904/jetty-io-9.3.25.v20180904.jar:/home/user/.m2/repository/org/eclipse/jetty/jetty-util/9.3.25.v20180904/jetty-util-9.3.25.v20180904.jar:/home/user/.m2/repository/org/eclipse/jetty/jetty-servlet/9.3.25.v20180904/jetty-servlet-9.3.25.v20180904.jar:/home/user/.m2/repository/org/eclipse/jetty/jetty-security/9.3.25.v20180904/jetty-security-9.3.25.v20180904.jar:/home/user/.m2/repository/org/eclipse/jetty/jetty-webapp/9.3.25.v20180904/jetty-webapp-9.3.25.v20180904.jar:/home/user/.m2/repository/org/eclipse/jetty/jetty-xml/9.3.25.v20180904/jetty-xml-9.3.25.v20180904.jar:/home/user/.m2/repository/javax/servlet/jsp/jsp-api/2.1/jsp-api-2.1.jar:/home/user/.m2/repository/com/sun/jersey/jersey-core/1.19/jersey-core-1.19.jar:/home/user/.m2/repository/javax/ws/rs/jsr311-api/1.1.1/jsr311-api-1.1.1.jar:/home/user/.m2/repository/com/sun/jersey/jersey-servlet/1.19/jersey-servlet-1.19.jar:/home/user/.m2/repository/com/sun/jersey/jersey-json/1.19/jersey-json-1.19.jar:/home/user/.m2/repository/org/codehaus/jettison/jettison/1.1/jettison-1.1.jar:/home/user/.m2/repository/com/sun/xml/bind/jaxb-impl/2.3.0.1/jaxb-impl-2.3.0.1.jar:/home/user/.m2/repository/org/codehaus/jackson/jackson-core-asl/1.9.13/jackson-core-asl-1.9.13.jar:/home/user/.m2/repository/org/codehaus/jackson/jackson-mapper-asl/1.9.13/jackson-mapper-asl-1.9.13.jar:/home/user/.m2/repository/org/codehaus/jackson/jackson-jaxrs/1.9.13/jackson-jaxrs-1.9.13.jar:/home/user/.m2/repository/org/codehaus/jackson/jackson-xc/1.9.13/jackson-xc-1.9.13.jar:/home/user/.m2/repository/com/sun/jersey/jersey-server/1.19/jersey-server-1.19.jar:/home/user/.m2/repository/commons-logging/commons-logging/1.1.3/commons-logging-1.1.3.jar:/home/user/.m2/repository/log4j/log4j/1.2.17/log4j-1.2.17.jar:/home/user/.m2/repository/commons-beanutils/commons-beanutils/1.9.4/commons-beanutils-1.9.4.jar:/home/user/.m2/repository/org/apache/commons/commons-configuration2/2.1.1/commons-configuration2-2.1.1.jar:/home/user/.m2/repository/org/apache/commons/commons-lang3/3.7/commons-lang3-3.7.jar:/home/user/.m2/repository/org/apache/commons/commons-text/1.4/commons-text-1.4.jar:/home/user/.m2/repository/org/slf4j/slf4j-api/1.7.25/slf4j-api-1.7.25.jar:/home/user/.m2/repository/org/slf4j/slf4j-log4j12/1.7.25/slf4j-log4j12-1.7.25.jar:/home/user/.m2/repository/org/apache/avro/avro/1.7.7/avro-1.7.7.jar:/home/user/.m2/repository/com/thoughtworks/paranamer/paranamer/2.3/paranamer-2.3.jar:/home/user/.m2/repository/org/xerial/snappy/snappy-java/1.0.5/snappy-java-1.0.5.jar:/home/user/.m2/repository/com/google/re2j/re2j/1.1/re2j-1.1.jar:/home/user/.m2/repository/com/google/protobuf/protobuf-java/2.5.0/protobuf-java-2.5.0.jar:/home/user/.m2/repository/com/google/code/gson/gson/2.2.4/gson-2.2.4.jar:/home/user/.m2/repository/org/apache/hadoop/hadoop-auth/3.2.0/hadoop-auth-3.2.0.jar:/home/user/.m2/repository/com/nimbusds/nimbus-jose-jwt/4.41.1/nimbus-jose-jwt-4.41.1.jar:/home/user/.m2/repository/com/github/stephenc/jcip/jcip-annotations/1.0-1/jcip-annotations-1.0-1.jar:/home/user/.m2/repository/net/minidev/json-smart/2.3/json-smart-2.3.jar:/home/user/.m2/repository/net/minidev/accessors-smart/1.2/accessors-smart-1.2.jar:/home/user/.m2/repository/org/apache/curator/curator-framework/2.12.0/curator-framework-2.12.0.jar:/home/user/.m2/repository/com/jcraft/jsch/0.1.54/jsch-0.1.54.jar:/home/user/.m2/repository/org/apache/curator/curator-client/2.12.0/curator-client-2.12.0.jar:/home/user/.m2/repository/org/apache/curator/curator-recipes/2.12.0/curator-recipes-2.12.0.jar:/home/user/.m2/repository/com/google/code/findbugs/jsr305/3.0.0/jsr305-3.0.0.jar:/home/user/.m2/repository/org/apache/htrace/htrace-core4/4.1.0-incubating/htrace-core4-4.1.0-incubating.jar:/home/user/.m2/repository/org/apache/zookeeper/zookeeper/3.4.13/zookeeper-3.4.13.jar:/home/user/.m2/repository/jline/jline/0.9.94/jline-0.9.94.jar:/home/user/.m2/repository/org/apache/yetus/audience-annotations/0.5.0/audience-annotations-0.5.0.jar:/home/user/.m2/repository/org/apache/commons/commons-compress/1.4.1/commons-compress-1.4.1.jar:/home/user/.m2/repository/org/tukaani/xz/1.0/xz-1.0.jar:/home/user/.m2/repository/org/apache/kerby/kerb-simplekdc/1.0.1/kerb-simplekdc-1.0.1.jar:/home/user/.m2/repository/org/apache/kerby/kerb-client/1.0.1/kerb-client-1.0.1.jar:/home/user/.m2/repository/org/apache/kerby/kerby-config/1.0.1/kerby-config-1.0.1.jar:/home/user/.m2/repository/org/apache/kerby/kerb-core/1.0.1/kerb-core-1.0.1.jar:/home/user/.m2/repository/org/apache/kerby/kerby-pkix/1.0.1/kerby-pkix-1.0.1.jar:/home/user/.m2/repository/org/apache/kerby/kerby-asn1/1.0.1/kerby-asn1-1.0.1.jar:/home/user/.m2/repository/org/apache/kerby/kerby-util/1.0.1/kerby-util-1.0.1.jar:/home/user/.m2/repository/org/apache/kerby/kerb-common/1.0.1/kerb-common-1.0.1.jar:/home/user/.m2/repository/org/apache/kerby/kerb-crypto/1.0.1/kerb-crypto-1.0.1.jar:/home/user/.m2/repository/org/apache/kerby/kerb-util/1.0.1/kerb-util-1.0.1.jar:/home/user/.m2/repository/org/apache/kerby/token-provider/1.0.1/token-provider-1.0.1.jar:/home/user/.m2/repository/org/apache/kerby/kerb-admin/1.0.1/kerb-admin-1.0.1.jar:/home/user/.m2/repository/org/apache/kerby/kerb-server/1.0.1/kerb-server-1.0.1.jar:/home/user/.m2/repository/org/apache/kerby/kerb-identity/1.0.1/kerb-identity-1.0.1.jar:/home/user/.m2/repository/org/apache/kerby/kerby-xdr/1.0.1/kerby-xdr-1.0.1.jar:/home/user/.m2/repository/com/fasterxml/jackson/core/jackson-databind/2.9.9/jackson-databind-2.9.9.jar:/home/user/.m2/repository/com/fasterxml/jackson/core/jackson-annotations/2.9.9/jackson-annotations-2.9.9.jar:/home/user/.m2/repository/com/fasterxml/jackson/core/jackson-core/2.9.9/jackson-core-2.9.9.jar:/home/user/.m2/repository/org/codehaus/woodstox/stax2-api/3.1.4/stax2-api-3.1.4.jar:/home/user/.m2/repository/com/fasterxml/woodstox/woodstox-core/5.0.3/woodstox-core-5.0.3.jar:/home/user/.m2/repository/dnsjava/dnsjava/2.1.7/dnsjava-2.1.7.jar:/home/user/.m2/repository/org/apache/hadoop/hadoop-hdfs/3.2.0/hadoop-hdfs-3.2.0.jar:/home/user/.m2/repository/org/eclipse/jetty/jetty-util-ajax/9.3.25.v20180904/jetty-util-ajax-9.3.25.v20180904.jar:/home/user/.m2/repository/commons-daemon/commons-daemon/1.0.13/commons-daemon-1.0.13.jar:/home/user/.m2/repository/io/netty/netty/3.10.5.Final/netty-3.10.5.Final.jar:/home/user/.m2/repository/io/netty/netty-all/4.0.52.Final/netty-all-4.0.52.Final.jar:/home/user/.m2/repository/org/fusesource/leveldbjni/leveldbjni-all/1.8/leveldbjni-all-1.8.jar:/home/user/.m2/repository/org/apache/hadoop/hadoop-hdds-common/0.5.0-SNAPSHOT/hadoop-hdds-common-0.5.0-SNAPSHOT.jar:/home/user/.m2/repository/org/apache/hadoop/hadoop-hdds-config/0.5.0-SNAPSHOT/hadoop-hdds-config-0.5.0-SNAPSHOT.jar:/home/user/.m2/repository/javax/annotation/javax.annotation-api/1.2/javax.annotation-api-1.2.jar:/home/user/.m2/repository/org/apache/ratis/ratis-server/0.4.0/ratis-server-0.4.0.jar:/home/user/.m2/repository/org/apache/ratis/ratis-thirdparty-misc/0.2.0/ratis-thirdparty-misc-0.2.0.jar:/home/user/.m2/repository/org/apache/ratis/ratis-proto/0.4.0/ratis-proto-0.4.0.jar:/home/user/.m2/repository/org/apache/ratis/ratis-common/0.4.0/ratis-common-0.4.0.jar:/home/user/.m2/repository/org/apache/ratis/ratis-client/0.4.0/ratis-client-0.4.0.jar:/home/user/.m2/repository/org/apache/ratis/ratis-metrics/0.4.0/ratis-metrics-0.4.0.jar:/home/user/.m2/repository/com/github/joshelser/dropwizard-metrics-hadoop-metrics2-reporter/0.1.2/dropwizard-metrics-hadoop-metrics2-reporter-0.1.2.jar:/home/user/.m2/repository/io/dropwizard/metrics/metrics-jvm/3.2.5/metrics-jvm-3.2.5.jar:/home/user/.m2/repository/io/dropwizard/metrics/metrics-ganglia/3.2.5/metrics-ganglia-3.2.5.jar:/home/user/.m2/repository/info/ganglia/gmetric4j/gmetric4j/1.0.7/gmetric4j-1.0.7.jar:/home/user/.m2/repository/org/apache/ratis/ratis-netty/0.4.0/ratis-netty-0.4.0.jar:/home/user/.m2/repository/org/apache/ratis/ratis-grpc/0.4.0/ratis-grpc-0.4.0.jar:/home/user/.m2/repository/org/rocksdb/rocksdbjni/6.0.1/rocksdbjni-6.0.1.jar:/home/user/.m2/repository/org/apache/logging/log4j/log4j-api/2.11.0/log4j-api-2.11.0.jar:/home/user/.m2/repository/org/apache/logging/log4j/log4j-core/2.11.0/log4j-core-2.11.0.jar:/home/user/.m2/repository/com/lmax/disruptor/3.4.2/disruptor-3.4.2.jar:/home/user/.m2/repository/org/apache/commons/commons-pool2/2.6.0/commons-pool2-2.6.0.jar:/home/user/.m2/repository/org/bouncycastle/bcpkix-jdk15on/1.60/bcpkix-jdk15on-1.60.jar:/home/user/.m2/repository/commons-validator/commons-validator/1.6/commons-validator-1.6.jar:/home/user/.m2/repository/commons-digester/commons-digester/1.8.1/commons-digester-1.8.1.jar:/home/user/.m2/repository/io/jaegertracing/jaeger-client/0.34.0/jaeger-client-0.34.0.jar:/home/user/.m2/repository/io/jaegertracing/jaeger-thrift/0.34.0/jaeger-thrift-0.34.0.jar:/home/user/.m2/repository/org/apache/thrift/libthrift/0.12.0/libthrift-0.12.0.jar:/home/user/.m2/repository/com/squareup/okhttp3/okhttp/3.9.0/okhttp-3.9.0.jar:/home/user/.m2/repository/com/squareup/okio/okio/1.13.0/okio-1.13.0.jar:/home/user/.m2/repository/io/jaegertracing/jaeger-core/0.34.0/jaeger-core-0.34.0.jar:/home/user/.m2/repository/io/jaegertracing/jaeger-tracerresolver/0.34.0/jaeger-tracerresolver-0.34.0.jar:/home/user/.m2/repository/io/opentracing/contrib/opentracing-tracerresolver/0.1.5/opentracing-tracerresolver-0.1.5.jar:/home/user/.m2/repository/io/opentracing/opentracing-util/0.31.0/opentracing-util-0.31.0.jar:/home/user/.m2/repository/io/opentracing/opentracing-api/0.31.0/opentracing-api-0.31.0.jar:/home/user/.m2/repository/io/opentracing/opentracing-noop/0.31.0/opentracing-noop-0.31.0.jar:/home/user/.m2/repository/org/yaml/snakeyaml/1.16/snakeyaml-1.16.jar:/home/user/.m2/repository/org/apache/hadoop/hadoop-hdfs-client/3.2.0/hadoop-hdfs-client-3.2.0.jar:/home/user/.m2/repository/info/picocli/picocli/3.9.6/picocli-3.9.6.jar:/home/user/.m2/repository/org/apache/hadoop/hadoop-hdds-server-scm/0.5.0-SNAPSHOT/hadoop-hdds-server-scm-0.5.0-SNAPSHOT.jar:/home/user/.m2/repository/org/apache/hadoop/hadoop-hdds-docs/0.5.0-SNAPSHOT/hadoop-hdds-docs-0.5.0-SNAPSHOT.jar:/home/user/.m2/repository/io/dropwizard/metrics/metrics-core/3.2.4/metrics-core-3.2.4.jar:/home/user/.m2/repository/org/hamcrest/hamcrest-all/1.3/hamcrest-all-1.3.jar:/home/user/.m2/repository/org/bouncycastle/bcprov-jdk15on/1.60/bcprov-jdk15on-1.60.jar:/home/user/.m2/repository/org/apache/hadoop/hadoop-hdds-server-framework/0.5.0-SNAPSHOT/hadoop-hdds-server-framework-0.5.0-SNAPSHOT.jar:/home/user/.m2/repository/org/apache/hadoop/hadoop-ozone-ozone-manager/0.5.0-SNAPSHOT/hadoop-ozone-ozone-manager-0.5.0-SNAPSHOT.jar:/home/user/.m2/repository/org/apache/hadoop/hadoop-hdds-container-service/0.5.0-SNAPSHOT/hadoop-hdds-container-service-0.5.0-SNAPSHOT.jar:/home/user/.m2/repository/org/apache/hadoop/hadoop-hdds-client/0.5.0-SNAPSHOT/hadoop-hdds-client-0.5.0-SNAPSHOT.jar:/home/user/.m2/repository/org/apache/hadoop/hadoop-ozone-common/0.5.0-SNAPSHOT/hadoop-ozone-common-0.5.0-SNAPSHOT.jar:/home/user/.m2/repository/org/apache/hadoop/hadoop-hdds-tools/0.5.0-SNAPSHOT/hadoop-hdds-tools-0.5.0-SNAPSHOT.jar:/home/user/.m2/repository/org/xerial/sqlite-jdbc/3.25.2/sqlite-jdbc-3.25.2.jar:/home/user/.m2/repository/com/google/code/findbugs/findbugs/3.0.1/findbugs-3.0.1.jar:/home/user/.m2/repository/net/jcip/jcip-annotations/1.0/jcip-annotations-1.0.jar:/home/user/.m2/repository/com/google/code/findbugs/bcel-findbugs/6.0/bcel-findbugs-6.0.jar:/home/user/.m2/repository/com/google/code/findbugs/jFormatString/2.0.1/jFormatString-2.0.1.jar:/home/user/.m2/repository/dom4j/dom4j/1.6.1/dom4j-1.6.1.jar:/home/user/.m2/repository/xml-apis/xml-apis/1.0.b2/xml-apis-1.0.b2.jar:/home/user/.m2/repository/org/ow2/asm/asm-debug-all/5.0.2/asm-debug-all-5.0.2.jar:/home/user/.m2/repository/org/ow2/asm/asm-commons/5.0.2/asm-commons-5.0.2.jar:/home/user/.m2/repository/org/ow2/asm/asm-tree/5.0.2/asm-tree-5.0.2.jar:/home/user/.m2/repository/org/ow2/asm/asm/5.0.4/asm-5.0.4.jar:/home/user/.m2/repository/commons-lang/commons-lang/2.6/commons-lang-2.6.jar:/home/user/.m2/repository/com/apple/AppleJavaExtensions/1.4/AppleJavaExtensions-1.4.jar:/home/user/.m2/repository/jaxen/jaxen/1.1.6/jaxen-1.1.6.jar:/home/user/.m2/repository/org/apache/hadoop/hadoop-common/3.2.0/hadoop-common-3.2.0-tests.jar:/home/user/.m2/repository/org/apache/hadoop/hadoop-ozone-client/0.5.0-SNAPSHOT/hadoop-ozone-client-0.5.0-SNAPSHOT.jar:/home/user/.m2/repository/org/apache/hadoop/hadoop-hdfs/3.2.0/hadoop-hdfs-3.2.0-tests.jar:/workdir/hadoop-ozone/integration-test/target/test-classes:/home/user/.m2/repository/org/apache/hadoop/hadoop-ozone-s3gateway/0.5.0-SNAPSHOT/hadoop-ozone-s3gateway-0.5.0-SNAPSHOT.jar:/home/user/.m2/repository/org/jboss/weld/servlet/weld-servlet/2.4.7.Final/weld-servlet-2.4.7.Final.jar:/home/user/.m2/repository/org/glassfish/jersey/containers/jersey-container-servlet-core/2.27/jersey-container-servlet-core-2.27.jar:/home/user/.m2/repository/org/glassfish/hk2/external/javax.inject/2.5.0-b42/javax.inject-2.5.0-b42.jar:/home/user/.m2/repository/org/glassfish/jersey/core/jersey-common/2.27/jersey-common-2.27.jar:/home/user/.m2/repository/org/glassfish/hk2/osgi-resource-locator/1.0.1/osgi-resource-locator-1.0.1.jar:/home/user/.m2/repository/javax/ws/rs/javax.ws.rs-api/2.1/javax.ws.rs-api-2.1.jar:/home/user/.m2/repository/org/glassfish/jersey/ext/cdi/jersey-cdi1x/2.27/jersey-cdi1x-2.27.jar:/home/user/.m2/repository/org/glassfish/jersey/inject/jersey-hk2/2.27/jersey-hk2-2.27.jar:/home/user/.m2/repository/org/glassfish/hk2/hk2-locator/2.5.0-b42/hk2-locator-2.5.0-b42.jar:/home/user/.m2/repository/org/javassist/javassist/3.22.0-CR2/javassist-3.22.0-CR2.jar:/home/user/.m2/repository/org/glassfish/hk2/hk2-api/2.5.0/hk2-api-2.5.0.jar:/home/user/.m2/repository/org/glassfish/hk2/external/jakarta.inject/2.5.0/jakarta.inject-2.5.0.jar:/home/user/.m2/repository/org/glassfish/hk2/hk2-utils/2.5.0/hk2-utils-2.5.0.jar:/home/user/.m2/repository/jakarta/annotation/jakarta.annotation-api/1.3.4/jakarta.annotation-api-1.3.4.jar:/home/user/.m2/repository/org/glassfish/hk2/external/aopalliance-repackaged/2.5.0/aopalliance-repackaged-2.5.0.jar:/home/user/.m2/repository/com/fasterxml/jackson/dataformat/jackson-dataformat-xml/2.9.0/jackson-dataformat-xml-2.9.0.jar:/home/user/.m2/repository/com/fasterxml/jackson/module/jackson-module-jaxb-annotations/2.9.9/jackson-module-jaxb-annotations-2.9.9.jar:/home/user/.m2/repository/javax/enterprise/cdi-api/1.2/cdi-api-1.2.jar:/home/user/.m2/repository/javax/el/javax.el-api/3.0.0/javax.el-api-3.0.0.jar:/home/user/.m2/repository/javax/interceptor/javax.interceptor-api/1.2/javax.interceptor-api-1.2.jar:/home/user/.m2/repository/javax/inject/javax.inject/1/javax.inject-1.jar:/home/user/.m2/repository/com/sun/xml/bind/jaxb-core/2.3.0.1/jaxb-core-2.3.0.1.jar:/home/user/.m2/repository/javax/xml/bind/jaxb-api/2.3.0/jaxb-api-2.3.0.jar:/home/user/.m2/repository/javax/activation/activation/1.1.1/activation-1.1.1.jar:/home/user/.m2/repository/org/apache/hadoop/hadoop-ozone-csi/0.5.0-SNAPSHOT/hadoop-ozone-csi-0.5.0-SNAPSHOT.jar:/home/user/.m2/repository/com/google/protobuf/protobuf-java-util/3.5.1/protobuf-java-util-3.5.1.jar:/home/user/.m2/repository/io/grpc/grpc-netty/1.17.1/grpc-netty-1.17.1.jar:/home/user/.m2/repository/io/grpc/grpc-core/1.17.1/grpc-core-1.17.1.jar:/home/user/.m2/repository/io/grpc/grpc-context/1.17.1/grpc-context-1.17.1.jar:/home/user/.m2/repository/com/google/errorprone/error_prone_annotations/2.2.0/error_prone_annotations-2.2.0.jar:/home/user/.m2/repository/org/codehaus/mojo/animal-sniffer-annotations/1.17/animal-sniffer-annotations-1.17.jar:/home/user/.m2/repository/io/opencensus/opencensus-api/0.17.0/opencensus-api-0.17.0.jar:/home/user/.m2/repository/io/opencensus/opencensus-contrib-grpc-metrics/0.17.0/opencensus-contrib-grpc-metrics-0.17.0.jar:/home/user/.m2/repository/io/netty/netty-codec-http2/4.1.30.Final/netty-codec-http2-4.1.30.Final.jar:/home/user/.m2/repository/io/netty/netty-codec-http/4.1.30.Final/netty-codec-http-4.1.30.Final.jar:/home/user/.m2/repository/io/netty/netty-codec/4.1.30.Final/netty-codec-4.1.30.Final.jar:/home/user/.m2/repository/io/netty/netty-handler/4.1.30.Final/netty-handler-4.1.30.Final.jar:/home/user/.m2/repository/io/netty/netty-handler-proxy/4.1.30.Final/netty-handler-proxy-4.1.30.Final.jar:/home/user/.m2/repository/io/netty/netty-codec-socks/4.1.30.Final/netty-codec-socks-4.1.30.Final.jar:/home/user/.m2/repository/io/netty/netty-transport-native-epoll/4.1.30.Final/netty-transport-native-epoll-4.1.30.Final.jar:/home/user/.m2/repository/io/netty/netty-common/4.1.30.Final/netty-common-4.1.30.Final.jar:/home/user/.m2/repository/io/netty/netty-buffer/4.1.30.Final/netty-buffer-4.1.30.Final.jar:/home/user/.m2/repository/io/netty/netty-transport/4.1.30.Final/netty-transport-4.1.30.Final.jar:/home/user/.m2/repository/io/netty/netty-resolver/4.1.30.Final/netty-resolver-4.1.30.Final.jar:/home/user/.m2/repository/io/netty/netty-transport-native-unix-common/4.1.30.Final/netty-transport-native-unix-common-4.1.30.Final.jar:/home/user/.m2/repository/io/grpc/grpc-protobuf/1.17.1/grpc-protobuf-1.17.1.jar:/home/user/.m2/repository/com/google/api/grpc/proto-google-common-protos/1.0.0/proto-google-common-protos-1.0.0.jar:/home/user/.m2/repository/io/grpc/grpc-protobuf-lite/1.17.1/grpc-protobuf-lite-1.17.1.jar:/home/user/.m2/repository/io/grpc/grpc-stub/1.17.1/grpc-stub-1.17.1.jar:/home/user/.m2/repository/org/apache/hadoop/hadoop-ozone-recon/0.5.0-SNAPSHOT/hadoop-ozone-recon-0.5.0-SNAPSHOT.jar:/home/user/.m2/repository/org/apache/hadoop/hadoop-ozone-reconcodegen/0.5.0-SNAPSHOT/hadoop-ozone-reconcodegen-0.5.0-SNAPSHOT.jar:/home/user/.m2/repository/com/google/inject/extensions/guice-multibindings/4.0/guice-multibindings-4.0.jar:/home/user/.m2/repository/com/google/inject/guice/4.0/guice-4.0.jar:/home/user/.m2/repository/aopalliance/aopalliance/1.0/aopalliance-1.0.jar:/home/user/.m2/repository/org/glassfish/jersey/containers/jersey-container-servlet/2.27/jersey-container-servlet-2.27.jar:/home/user/.m2/repository/org/glassfish/hk2/guice-bridge/2.5.0/guice-bridge-2.5.0.jar:/home/user/.m2/repository/org/glassfish/jersey/core/jersey-server/2.27/jersey-server-2.27.jar:/home/user/.m2/repository/org/glassfish/jersey/core/jersey-client/2.27/jersey-client-2.27.jar:/home/user/.m2/repository/org/glassfish/jersey/media/jersey-media-jaxb/2.27/jersey-media-jaxb-2.27.jar:/home/user/.m2/repository/javax/validation/validation-api/1.1.0.Final/validation-api-1.1.0.Final.jar:/home/user/.m2/repository/org/glassfish/jersey/media/jersey-media-json-jackson/2.27/jersey-media-json-jackson-2.27.jar:/home/user/.m2/repository/org/glassfish/jersey/ext/jersey-entity-filtering/2.27/jersey-entity-filtering-2.27.jar:/home/user/.m2/repository/com/google/inject/extensions/guice-assistedinject/4.0/guice-assistedinject-4.0.jar:/home/user/.m2/repository/org/jooq/jooq/3.11.10/jooq-3.11.10.jar:/home/user/.m2/repository/org/jooq/jooq-meta/3.11.10/jooq-meta-3.11.10.jar:/home/user/.m2/repository/org/jooq/jooq-codegen/3.11.10/jooq-codegen-3.11.10.jar:/home/user/.m2/repository/com/jolbox/bonecp/0.8.0.RELEASE/bonecp-0.8.0.RELEASE.jar:/home/user/.m2/repository/org/springframework/spring-jdbc/5.1.3.RELEASE/spring-jdbc-5.1.3.RELEASE.jar:/home/user/.m2/repository/org/springframework/spring-beans/5.1.3.RELEASE/spring-beans-5.1.3.RELEASE.jar:/home/user/.m2/repository/org/springframework/spring-core/5.1.3.RELEASE/spring-core-5.1.3.RELEASE.jar:/home/user/.m2/repository/org/springframework/spring-jcl/5.1.3.RELEASE/spring-jcl-5.1.3.RELEASE.jar:/home/user/.m2/repository/org/springframework/spring-tx/5.1.3.RELEASE/spring-tx-5.1.3.RELEASE.jar:/home/user/.m2/repository/org/mockito/mockito-all/1.10.19/mockito-all-1.10.19.jar:/home/user/.m2/repository/junit/junit/4.11/junit-4.11.jar:/home/user/.m2/repository/org/hamcrest/hamcrest-core/1.3/hamcrest-core-1.3.jar:/home/user/.m2/repository/org/apache/hadoop/hadoop-distcp/3.2.0/hadoop-distcp-3.2.0.jar:/home/user/.m2/repository/org/apache/hadoop/hadoop-distcp/3.2.0/hadoop-distcp-3.2.0-tests.jar:/home/user/.m2/repository/org/apache/hadoop/hadoop-mapreduce-client-jobclient/3.2.0/hadoop-mapreduce-client-jobclient-3.2.0.jar:/home/user/.m2/repository/org/apache/hadoop/hadoop-mapreduce-client-common/3.2.0/hadoop-mapreduce-client-common-3.2.0.jar:/home/user/.m2/repository/org/apache/hadoop/hadoop-yarn-common/3.2.0/hadoop-yarn-common-3.2.0.jar:/home/user/.m2/repository/org/apache/hadoop/hadoop-yarn-api/3.2.0/hadoop-yarn-api-3.2.0.jar:/home/user/.m2/repository/com/sun/jersey/jersey-client/1.19/jersey-client-1.19.jar:/home/user/.m2/repository/com/sun/jersey/contribs/jersey-guice/1.19/jersey-guice-1.19.jar:/home/user/.m2/repository/com/fasterxml/jackson/jaxrs/jackson-jaxrs-json-provider/2.9.9/jackson-jaxrs-json-provider-2.9.9.jar:/home/user/.m2/repository/com/fasterxml/jackson/jaxrs/jackson-jaxrs-base/2.9.9/jackson-jaxrs-base-2.9.9.jar:/home/user/.m2/repository/org/apache/hadoop/hadoop-yarn-client/3.2.0/hadoop-yarn-client-3.2.0.jar:/home/user/.m2/repository/org/apache/hadoop/hadoop-mapreduce-client-core/3.2.0/hadoop-mapreduce-client-core-3.2.0.jar:/home/user/.m2/repository/com/google/inject/extensions/guice-servlet/4.0/guice-servlet-4.0.jar:/home/user/.m2/repository/org/powermock/powermock-module-junit4/1.6.5/powermock-module-junit4-1.6.5.jar:/home/user/.m2/repository/org/powermock/powermock-module-junit4-common/1.6.5/powermock-module-junit4-common-1.6.5.jar:/home/user/.m2/repository/org/powermock/powermock-core/1.6.5/powermock-core-1.6.5.jar:/home/user/.m2/repository/org/powermock/powermock-reflect/1.6.5/powermock-reflect-1.6.5.jar:/home/user/.m2/repository/org/powermock/powermock-api-mockito/1.6.5/powermock-api-mockito-1.6.5.jar:/home/user/.m2/repository/org/mockito/mockito-core/1.10.19/mockito-core-1.10.19.jar:/home/user/.m2/repository/org/objenesis/objenesis/1.0/objenesis-1.0.jar:/home/user/.m2/repository/org/powermock/powermock-api-mockito-common/1.6.5/powermock-api-mockito-common-1.6.5.jar:/home/user/.m2/repository/org/powermock/powermock-api-support/1.6.5/powermock-api-support-1.6.5.jar:"/>
    <property name="java.vm.vendor" value="IcedTea"/>
    <property name="sun.arch.data.model" value="64"/>
    <property name="test.build.dir" value="/workdir/hadoop-ozone/ozonefs/target/test-dir"/>
    <property name="test.cache.data" value=""/>
    <property name="java.vendor.url" value="https://icedtea.classpath.org"/>
    <property name="user.timezone" value=""/>
    <property name="java.vm.specification.version" value="1.8"/>
    <property name="os.name" value="Linux"/>
    <property name="test.build.data" value="/workdir/hadoop-ozone/ozonefs/target/test-dir"/>
    <property name="user.country" value="US"/>
    <property name="sun.java.launcher" value="SUN_STANDARD"/>
    <property name="sun.boot.library.path" value="/usr/lib/jvm/java-1.8-openjdk/jre/lib/amd64"/>
    <property name="sun.java.command" value="/workdir/hadoop-ozone/ozonefs/target/surefire/surefirebooter8617492359943252344.jar /workdir/hadoop-ozone/ozonefs/target/surefire 2019-09-26T09-15-41_457-jvmRun1 surefire6912615621860760716tmp surefire_965456007607805631116tmp"/>
    <property name="test" value="!TestMiniChaosOzoneCluster"/>
    <property name="surefire.test.class.path" value="/workdir/hadoop-ozone/ozonefs/target/test-classes:/workdir/hadoop-ozone/ozonefs/target/classes:/home/user/.m2/repository/org/apache/hadoop/hadoop-common/3.2.0/hadoop-common-3.2.0.jar:/home/user/.m2/repository/org/apache/hadoop/hadoop-annotations/3.2.0/hadoop-annotations-3.2.0.jar:/usr/lib/jvm/java-1.8-openjdk/jre/../lib/tools.jar:/home/user/.m2/repository/com/google/guava/guava/11.0.2/guava-11.0.2.jar:/home/user/.m2/repository/commons-cli/commons-cli/1.2/commons-cli-1.2.jar:/home/user/.m2/repository/org/apache/commons/commons-math3/3.1.1/commons-math3-3.1.1.jar:/home/user/.m2/repository/org/apache/httpcomponents/httpclient/4.5.2/httpclient-4.5.2.jar:/home/user/.m2/repository/org/apache/httpcomponents/httpcore/4.4.4/httpcore-4.4.4.jar:/home/user/.m2/repository/commons-codec/commons-codec/1.11/commons-codec-1.11.jar:/home/user/.m2/repository/commons-io/commons-io/2.5/commons-io-2.5.jar:/home/user/.m2/repository/commons-net/commons-net/3.6/commons-net-3.6.jar:/home/user/.m2/repository/commons-collections/commons-collections/3.2.2/commons-collections-3.2.2.jar:/home/user/.m2/repository/javax/servlet/javax.servlet-api/3.1.0/javax.servlet-api-3.1.0.jar:/home/user/.m2/repository/org/eclipse/jetty/jetty-server/9.3.25.v20180904/jetty-server-9.3.25.v20180904.jar:/home/user/.m2/repository/org/eclipse/jetty/jetty-http/9.3.25.v20180904/jetty-http-9.3.25.v20180904.jar:/home/user/.m2/repository/org/eclipse/jetty/jetty-io/9.3.25.v20180904/jetty-io-9.3.25.v20180904.jar:/home/user/.m2/repository/org/eclipse/jetty/jetty-util/9.3.25.v20180904/jetty-util-9.3.25.v20180904.jar:/home/user/.m2/repository/org/eclipse/jetty/jetty-servlet/9.3.25.v20180904/jetty-servlet-9.3.25.v20180904.jar:/home/user/.m2/repository/org/eclipse/jetty/jetty-security/9.3.25.v20180904/jetty-security-9.3.25.v20180904.jar:/home/user/.m2/repository/org/eclipse/jetty/jetty-webapp/9.3.25.v20180904/jetty-webapp-9.3.25.v20180904.jar:/home/user/.m2/repository/org/eclipse/jetty/jetty-xml/9.3.25.v20180904/jetty-xml-9.3.25.v20180904.jar:/home/user/.m2/repository/javax/servlet/jsp/jsp-api/2.1/jsp-api-2.1.jar:/home/user/.m2/repository/com/sun/jersey/jersey-core/1.19/jersey-core-1.19.jar:/home/user/.m2/repository/javax/ws/rs/jsr311-api/1.1.1/jsr311-api-1.1.1.jar:/home/user/.m2/repository/com/sun/jersey/jersey-servlet/1.19/jersey-servlet-1.19.jar:/home/user/.m2/repository/com/sun/jersey/jersey-json/1.19/jersey-json-1.19.jar:/home/user/.m2/repository/org/codehaus/jettison/jettison/1.1/jettison-1.1.jar:/home/user/.m2/repository/com/sun/xml/bind/jaxb-impl/2.3.0.1/jaxb-impl-2.3.0.1.jar:/home/user/.m2/repository/org/codehaus/jackson/jackson-core-asl/1.9.13/jackson-core-asl-1.9.13.jar:/home/user/.m2/repository/org/codehaus/jackson/jackson-mapper-asl/1.9.13/jackson-mapper-asl-1.9.13.jar:/home/user/.m2/repository/org/codehaus/jackson/jackson-jaxrs/1.9.13/jackson-jaxrs-1.9.13.jar:/home/user/.m2/repository/org/codehaus/jackson/jackson-xc/1.9.13/jackson-xc-1.9.13.jar:/home/user/.m2/repository/com/sun/jersey/jersey-server/1.19/jersey-server-1.19.jar:/home/user/.m2/repository/commons-logging/commons-logging/1.1.3/commons-logging-1.1.3.jar:/home/user/.m2/repository/log4j/log4j/1.2.17/log4j-1.2.17.jar:/home/user/.m2/repository/commons-beanutils/commons-beanutils/1.9.4/commons-beanutils-1.9.4.jar:/home/user/.m2/repository/org/apache/commons/commons-configuration2/2.1.1/commons-configuration2-2.1.1.jar:/home/user/.m2/repository/org/apache/commons/commons-lang3/3.7/commons-lang3-3.7.jar:/home/user/.m2/repository/org/apache/commons/commons-text/1.4/commons-text-1.4.jar:/home/user/.m2/repository/org/slf4j/slf4j-api/1.7.25/slf4j-api-1.7.25.jar:/home/user/.m2/repository/org/slf4j/slf4j-log4j12/1.7.25/slf4j-log4j12-1.7.25.jar:/home/user/.m2/repository/org/apache/avro/avro/1.7.7/avro-1.7.7.jar:/home/user/.m2/repository/com/thoughtworks/paranamer/paranamer/2.3/paranamer-2.3.jar:/home/user/.m2/repository/org/xerial/snappy/snappy-java/1.0.5/snappy-java-1.0.5.jar:/home/user/.m2/repository/com/google/re2j/re2j/1.1/re2j-1.1.jar:/home/user/.m2/repository/com/google/protobuf/protobuf-java/2.5.0/protobuf-java-2.5.0.jar:/home/user/.m2/repository/com/google/code/gson/gson/2.2.4/gson-2.2.4.jar:/home/user/.m2/repository/org/apache/hadoop/hadoop-auth/3.2.0/hadoop-auth-3.2.0.jar:/home/user/.m2/repository/com/nimbusds/nimbus-jose-jwt/4.41.1/nimbus-jose-jwt-4.41.1.jar:/home/user/.m2/repository/com/github/stephenc/jcip/jcip-annotations/1.0-1/jcip-annotations-1.0-1.jar:/home/user/.m2/repository/net/minidev/json-smart/2.3/json-smart-2.3.jar:/home/user/.m2/repository/net/minidev/accessors-smart/1.2/accessors-smart-1.2.jar:/home/user/.m2/repository/org/apache/curator/curator-framework/2.12.0/curator-framework-2.12.0.jar:/home/user/.m2/repository/com/jcraft/jsch/0.1.54/jsch-0.1.54.jar:/home/user/.m2/repository/org/apache/curator/curator-client/2.12.0/curator-client-2.12.0.jar:/home/user/.m2/repository/org/apache/curator/curator-recipes/2.12.0/curator-recipes-2.12.0.jar:/home/user/.m2/repository/com/google/code/findbugs/jsr305/3.0.0/jsr305-3.0.0.jar:/home/user/.m2/repository/org/apache/htrace/htrace-core4/4.1.0-incubating/htrace-core4-4.1.0-incubating.jar:/home/user/.m2/repository/org/apache/zookeeper/zookeeper/3.4.13/zookeeper-3.4.13.jar:/home/user/.m2/repository/jline/jline/0.9.94/jline-0.9.94.jar:/home/user/.m2/repository/org/apache/yetus/audience-annotations/0.5.0/audience-annotations-0.5.0.jar:/home/user/.m2/repository/org/apache/commons/commons-compress/1.4.1/commons-compress-1.4.1.jar:/home/user/.m2/repository/org/tukaani/xz/1.0/xz-1.0.jar:/home/user/.m2/repository/org/apache/kerby/kerb-simplekdc/1.0.1/kerb-simplekdc-1.0.1.jar:/home/user/.m2/repository/org/apache/kerby/kerb-client/1.0.1/kerb-client-1.0.1.jar:/home/user/.m2/repository/org/apache/kerby/kerby-config/1.0.1/kerby-config-1.0.1.jar:/home/user/.m2/repository/org/apache/kerby/kerb-core/1.0.1/kerb-core-1.0.1.jar:/home/user/.m2/repository/org/apache/kerby/kerby-pkix/1.0.1/kerby-pkix-1.0.1.jar:/home/user/.m2/repository/org/apache/kerby/kerby-asn1/1.0.1/kerby-asn1-1.0.1.jar:/home/user/.m2/repository/org/apache/kerby/kerby-util/1.0.1/kerby-util-1.0.1.jar:/home/user/.m2/repository/org/apache/kerby/kerb-common/1.0.1/kerb-common-1.0.1.jar:/home/user/.m2/repository/org/apache/kerby/kerb-crypto/1.0.1/kerb-crypto-1.0.1.jar:/home/user/.m2/repository/org/apache/kerby/kerb-util/1.0.1/kerb-util-1.0.1.jar:/home/user/.m2/repository/org/apache/kerby/token-provider/1.0.1/token-provider-1.0.1.jar:/home/user/.m2/repository/org/apache/kerby/kerb-admin/1.0.1/kerb-admin-1.0.1.jar:/home/user/.m2/repository/org/apache/kerby/kerb-server/1.0.1/kerb-server-1.0.1.jar:/home/user/.m2/repository/org/apache/kerby/kerb-identity/1.0.1/kerb-identity-1.0.1.jar:/home/user/.m2/repository/org/apache/kerby/kerby-xdr/1.0.1/kerby-xdr-1.0.1.jar:/home/user/.m2/repository/com/fasterxml/jackson/core/jackson-databind/2.9.9/jackson-databind-2.9.9.jar:/home/user/.m2/repository/com/fasterxml/jackson/core/jackson-annotations/2.9.9/jackson-annotations-2.9.9.jar:/home/user/.m2/repository/com/fasterxml/jackson/core/jackson-core/2.9.9/jackson-core-2.9.9.jar:/home/user/.m2/repository/org/codehaus/woodstox/stax2-api/3.1.4/stax2-api-3.1.4.jar:/home/user/.m2/repository/com/fasterxml/woodstox/woodstox-core/5.0.3/woodstox-core-5.0.3.jar:/home/user/.m2/repository/dnsjava/dnsjava/2.1.7/dnsjava-2.1.7.jar:/home/user/.m2/repository/org/apache/hadoop/hadoop-hdfs/3.2.0/hadoop-hdfs-3.2.0.jar:/home/user/.m2/repository/org/eclipse/jetty/jetty-util-ajax/9.3.25.v20180904/jetty-util-ajax-9.3.25.v20180904.jar:/home/user/.m2/repository/commons-daemon/commons-daemon/1.0.13/commons-daemon-1.0.13.jar:/home/user/.m2/repository/io/netty/netty/3.10.5.Final/netty-3.10.5.Final.jar:/home/user/.m2/repository/io/netty/netty-all/4.0.52.Final/netty-all-4.0.52.Final.jar:/home/user/.m2/repository/org/fusesource/leveldbjni/leveldbjni-all/1.8/leveldbjni-all-1.8.jar:/home/user/.m2/repository/org/apache/hadoop/hadoop-hdds-common/0.5.0-SNAPSHOT/hadoop-hdds-common-0.5.0-SNAPSHOT.jar:/home/user/.m2/repository/org/apache/hadoop/hadoop-hdds-config/0.5.0-SNAPSHOT/hadoop-hdds-config-0.5.0-SNAPSHOT.jar:/home/user/.m2/repository/javax/annotation/javax.annotation-api/1.2/javax.annotation-api-1.2.jar:/home/user/.m2/repository/org/apache/ratis/ratis-server/0.4.0/ratis-server-0.4.0.jar:/home/user/.m2/repository/org/apache/ratis/ratis-thirdparty-misc/0.2.0/ratis-thirdparty-misc-0.2.0.jar:/home/user/.m2/repository/org/apache/ratis/ratis-proto/0.4.0/ratis-proto-0.4.0.jar:/home/user/.m2/repository/org/apache/ratis/ratis-common/0.4.0/ratis-common-0.4.0.jar:/home/user/.m2/repository/org/apache/ratis/ratis-client/0.4.0/ratis-client-0.4.0.jar:/home/user/.m2/repository/org/apache/ratis/ratis-metrics/0.4.0/ratis-metrics-0.4.0.jar:/home/user/.m2/repository/com/github/joshelser/dropwizard-metrics-hadoop-metrics2-reporter/0.1.2/dropwizard-metrics-hadoop-metrics2-reporter-0.1.2.jar:/home/user/.m2/repository/io/dropwizard/metrics/metrics-jvm/3.2.5/metrics-jvm-3.2.5.jar:/home/user/.m2/repository/io/dropwizard/metrics/metrics-ganglia/3.2.5/metrics-ganglia-3.2.5.jar:/home/user/.m2/repository/info/ganglia/gmetric4j/gmetric4j/1.0.7/gmetric4j-1.0.7.jar:/home/user/.m2/repository/org/apache/ratis/ratis-netty/0.4.0/ratis-netty-0.4.0.jar:/home/user/.m2/repository/org/apache/ratis/ratis-grpc/0.4.0/ratis-grpc-0.4.0.jar:/home/user/.m2/repository/org/rocksdb/rocksdbjni/6.0.1/rocksdbjni-6.0.1.jar:/home/user/.m2/repository/org/apache/logging/log4j/log4j-api/2.11.0/log4j-api-2.11.0.jar:/home/user/.m2/repository/org/apache/logging/log4j/log4j-core/2.11.0/log4j-core-2.11.0.jar:/home/user/.m2/repository/com/lmax/disruptor/3.4.2/disruptor-3.4.2.jar:/home/user/.m2/repository/org/apache/commons/commons-pool2/2.6.0/commons-pool2-2.6.0.jar:/home/user/.m2/repository/org/bouncycastle/bcpkix-jdk15on/1.60/bcpkix-jdk15on-1.60.jar:/home/user/.m2/repository/commons-validator/commons-validator/1.6/commons-validator-1.6.jar:/home/user/.m2/repository/commons-digester/commons-digester/1.8.1/commons-digester-1.8.1.jar:/home/user/.m2/repository/io/jaegertracing/jaeger-client/0.34.0/jaeger-client-0.34.0.jar:/home/user/.m2/repository/io/jaegertracing/jaeger-thrift/0.34.0/jaeger-thrift-0.34.0.jar:/home/user/.m2/repository/org/apache/thrift/libthrift/0.12.0/libthrift-0.12.0.jar:/home/user/.m2/repository/com/squareup/okhttp3/okhttp/3.9.0/okhttp-3.9.0.jar:/home/user/.m2/repository/com/squareup/okio/okio/1.13.0/okio-1.13.0.jar:/home/user/.m2/repository/io/jaegertracing/jaeger-core/0.34.0/jaeger-core-0.34.0.jar:/home/user/.m2/repository/io/jaegertracing/jaeger-tracerresolver/0.34.0/jaeger-tracerresolver-0.34.0.jar:/home/user/.m2/repository/io/opentracing/contrib/opentracing-tracerresolver/0.1.5/opentracing-tracerresolver-0.1.5.jar:/home/user/.m2/repository/io/opentracing/opentracing-util/0.31.0/opentracing-util-0.31.0.jar:/home/user/.m2/repository/io/opentracing/opentracing-api/0.31.0/opentracing-api-0.31.0.jar:/home/user/.m2/repository/io/opentracing/opentracing-noop/0.31.0/opentracing-noop-0.31.0.jar:/home/user/.m2/repository/org/yaml/snakeyaml/1.16/snakeyaml-1.16.jar:/home/user/.m2/repository/org/apache/hadoop/hadoop-hdfs-client/3.2.0/hadoop-hdfs-client-3.2.0.jar:/home/user/.m2/repository/info/picocli/picocli/3.9.6/picocli-3.9.6.jar:/home/user/.m2/repository/org/apache/hadoop/hadoop-hdds-server-scm/0.5.0-SNAPSHOT/hadoop-hdds-server-scm-0.5.0-SNAPSHOT.jar:/home/user/.m2/repository/org/apache/hadoop/hadoop-hdds-docs/0.5.0-SNAPSHOT/hadoop-hdds-docs-0.5.0-SNAPSHOT.jar:/home/user/.m2/repository/io/dropwizard/metrics/metrics-core/3.2.4/metrics-core-3.2.4.jar:/home/user/.m2/repository/org/hamcrest/hamcrest-all/1.3/hamcrest-all-1.3.jar:/home/user/.m2/repository/org/bouncycastle/bcprov-jdk15on/1.60/bcprov-jdk15on-1.60.jar:/home/user/.m2/repository/org/apache/hadoop/hadoop-hdds-server-framework/0.5.0-SNAPSHOT/hadoop-hdds-server-framework-0.5.0-SNAPSHOT.jar:/home/user/.m2/repository/org/apache/hadoop/hadoop-ozone-ozone-manager/0.5.0-SNAPSHOT/hadoop-ozone-ozone-manager-0.5.0-SNAPSHOT.jar:/home/user/.m2/repository/org/apache/hadoop/hadoop-hdds-container-service/0.5.0-SNAPSHOT/hadoop-hdds-container-service-0.5.0-SNAPSHOT.jar:/home/user/.m2/repository/org/apache/hadoop/hadoop-hdds-client/0.5.0-SNAPSHOT/hadoop-hdds-client-0.5.0-SNAPSHOT.jar:/home/user/.m2/repository/org/apache/hadoop/hadoop-ozone-common/0.5.0-SNAPSHOT/hadoop-ozone-common-0.5.0-SNAPSHOT.jar:/home/user/.m2/repository/org/apache/hadoop/hadoop-hdds-tools/0.5.0-SNAPSHOT/hadoop-hdds-tools-0.5.0-SNAPSHOT.jar:/home/user/.m2/repository/org/xerial/sqlite-jdbc/3.25.2/sqlite-jdbc-3.25.2.jar:/home/user/.m2/repository/com/google/code/findbugs/findbugs/3.0.1/findbugs-3.0.1.jar:/home/user/.m2/repository/net/jcip/jcip-annotations/1.0/jcip-annotations-1.0.jar:/home/user/.m2/repository/com/google/code/findbugs/bcel-findbugs/6.0/bcel-findbugs-6.0.jar:/home/user/.m2/repository/com/google/code/findbugs/jFormatString/2.0.1/jFormatString-2.0.1.jar:/home/user/.m2/repository/dom4j/dom4j/1.6.1/dom4j-1.6.1.jar:/home/user/.m2/repository/xml-apis/xml-apis/1.0.b2/xml-apis-1.0.b2.jar:/home/user/.m2/repository/org/ow2/asm/asm-debug-all/5.0.2/asm-debug-all-5.0.2.jar:/home/user/.m2/repository/org/ow2/asm/asm-commons/5.0.2/asm-commons-5.0.2.jar:/home/user/.m2/repository/org/ow2/asm/asm-tree/5.0.2/asm-tree-5.0.2.jar:/home/user/.m2/repository/org/ow2/asm/asm/5.0.4/asm-5.0.4.jar:/home/user/.m2/repository/commons-lang/commons-lang/2.6/commons-lang-2.6.jar:/home/user/.m2/repository/com/apple/AppleJavaExtensions/1.4/AppleJavaExtensions-1.4.jar:/home/user/.m2/repository/jaxen/jaxen/1.1.6/jaxen-1.1.6.jar:/home/user/.m2/repository/org/apache/hadoop/hadoop-common/3.2.0/hadoop-common-3.2.0-tests.jar:/home/user/.m2/repository/org/apache/hadoop/hadoop-ozone-client/0.5.0-SNAPSHOT/hadoop-ozone-client-0.5.0-SNAPSHOT.jar:/home/user/.m2/repository/org/apache/hadoop/hadoop-hdfs/3.2.0/hadoop-hdfs-3.2.0-tests.jar:/workdir/hadoop-ozone/integration-test/target/test-classes:/home/user/.m2/repository/org/apache/hadoop/hadoop-ozone-s3gateway/0.5.0-SNAPSHOT/hadoop-ozone-s3gateway-0.5.0-SNAPSHOT.jar:/home/user/.m2/repository/org/jboss/weld/servlet/weld-servlet/2.4.7.Final/weld-servlet-2.4.7.Final.jar:/home/user/.m2/repository/org/glassfish/jersey/containers/jersey-container-servlet-core/2.27/jersey-container-servlet-core-2.27.jar:/home/user/.m2/repository/org/glassfish/hk2/external/javax.inject/2.5.0-b42/javax.inject-2.5.0-b42.jar:/home/user/.m2/repository/org/glassfish/jersey/core/jersey-common/2.27/jersey-common-2.27.jar:/home/user/.m2/repository/org/glassfish/hk2/osgi-resource-locator/1.0.1/osgi-resource-locator-1.0.1.jar:/home/user/.m2/repository/javax/ws/rs/javax.ws.rs-api/2.1/javax.ws.rs-api-2.1.jar:/home/user/.m2/repository/org/glassfish/jersey/ext/cdi/jersey-cdi1x/2.27/jersey-cdi1x-2.27.jar:/home/user/.m2/repository/org/glassfish/jersey/inject/jersey-hk2/2.27/jersey-hk2-2.27.jar:/home/user/.m2/repository/org/glassfish/hk2/hk2-locator/2.5.0-b42/hk2-locator-2.5.0-b42.jar:/home/user/.m2/repository/org/javassist/javassist/3.22.0-CR2/javassist-3.22.0-CR2.jar:/home/user/.m2/repository/org/glassfish/hk2/hk2-api/2.5.0/hk2-api-2.5.0.jar:/home/user/.m2/repository/org/glassfish/hk2/external/jakarta.inject/2.5.0/jakarta.inject-2.5.0.jar:/home/user/.m2/repository/org/glassfish/hk2/hk2-utils/2.5.0/hk2-utils-2.5.0.jar:/home/user/.m2/repository/jakarta/annotation/jakarta.annotation-api/1.3.4/jakarta.annotation-api-1.3.4.jar:/home/user/.m2/repository/org/glassfish/hk2/external/aopalliance-repackaged/2.5.0/aopalliance-repackaged-2.5.0.jar:/home/user/.m2/repository/com/fasterxml/jackson/dataformat/jackson-dataformat-xml/2.9.0/jackson-dataformat-xml-2.9.0.jar:/home/user/.m2/repository/com/fasterxml/jackson/module/jackson-module-jaxb-annotations/2.9.9/jackson-module-jaxb-annotations-2.9.9.jar:/home/user/.m2/repository/javax/enterprise/cdi-api/1.2/cdi-api-1.2.jar:/home/user/.m2/repository/javax/el/javax.el-api/3.0.0/javax.el-api-3.0.0.jar:/home/user/.m2/repository/javax/interceptor/javax.interceptor-api/1.2/javax.interceptor-api-1.2.jar:/home/user/.m2/repository/javax/inject/javax.inject/1/javax.inject-1.jar:/home/user/.m2/repository/com/sun/xml/bind/jaxb-core/2.3.0.1/jaxb-core-2.3.0.1.jar:/home/user/.m2/repository/javax/xml/bind/jaxb-api/2.3.0/jaxb-api-2.3.0.jar:/home/user/.m2/repository/javax/activation/activation/1.1.1/activation-1.1.1.jar:/home/user/.m2/repository/org/apache/hadoop/hadoop-ozone-csi/0.5.0-SNAPSHOT/hadoop-ozone-csi-0.5.0-SNAPSHOT.jar:/home/user/.m2/repository/com/google/protobuf/protobuf-java-util/3.5.1/protobuf-java-util-3.5.1.jar:/home/user/.m2/repository/io/grpc/grpc-netty/1.17.1/grpc-netty-1.17.1.jar:/home/user/.m2/repository/io/grpc/grpc-core/1.17.1/grpc-core-1.17.1.jar:/home/user/.m2/repository/io/grpc/grpc-context/1.17.1/grpc-context-1.17.1.jar:/home/user/.m2/repository/com/google/errorprone/error_prone_annotations/2.2.0/error_prone_annotations-2.2.0.jar:/home/user/.m2/repository/org/codehaus/mojo/animal-sniffer-annotations/1.17/animal-sniffer-annotations-1.17.jar:/home/user/.m2/repository/io/opencensus/opencensus-api/0.17.0/opencensus-api-0.17.0.jar:/home/user/.m2/repository/io/opencensus/opencensus-contrib-grpc-metrics/0.17.0/opencensus-contrib-grpc-metrics-0.17.0.jar:/home/user/.m2/repository/io/netty/netty-codec-http2/4.1.30.Final/netty-codec-http2-4.1.30.Final.jar:/home/user/.m2/repository/io/netty/netty-codec-http/4.1.30.Final/netty-codec-http-4.1.30.Final.jar:/home/user/.m2/repository/io/netty/netty-codec/4.1.30.Final/netty-codec-4.1.30.Final.jar:/home/user/.m2/repository/io/netty/netty-handler/4.1.30.Final/netty-handler-4.1.30.Final.jar:/home/user/.m2/repository/io/netty/netty-handler-proxy/4.1.30.Final/netty-handler-proxy-4.1.30.Final.jar:/home/user/.m2/repository/io/netty/netty-codec-socks/4.1.30.Final/netty-codec-socks-4.1.30.Final.jar:/home/user/.m2/repository/io/netty/netty-transport-native-epoll/4.1.30.Final/netty-transport-native-epoll-4.1.30.Final.jar:/home/user/.m2/repository/io/netty/netty-common/4.1.30.Final/netty-common-4.1.30.Final.jar:/home/user/.m2/repository/io/netty/netty-buffer/4.1.30.Final/netty-buffer-4.1.30.Final.jar:/home/user/.m2/repository/io/netty/netty-transport/4.1.30.Final/netty-transport-4.1.30.Final.jar:/home/user/.m2/repository/io/netty/netty-resolver/4.1.30.Final/netty-resolver-4.1.30.Final.jar:/home/user/.m2/repository/io/netty/netty-transport-native-unix-common/4.1.30.Final/netty-transport-native-unix-common-4.1.30.Final.jar:/home/user/.m2/repository/io/grpc/grpc-protobuf/1.17.1/grpc-protobuf-1.17.1.jar:/home/user/.m2/repository/com/google/api/grpc/proto-google-common-protos/1.0.0/proto-google-common-protos-1.0.0.jar:/home/user/.m2/repository/io/grpc/grpc-protobuf-lite/1.17.1/grpc-protobuf-lite-1.17.1.jar:/home/user/.m2/repository/io/grpc/grpc-stub/1.17.1/grpc-stub-1.17.1.jar:/home/user/.m2/repository/org/apache/hadoop/hadoop-ozone-recon/0.5.0-SNAPSHOT/hadoop-ozone-recon-0.5.0-SNAPSHOT.jar:/home/user/.m2/repository/org/apache/hadoop/hadoop-ozone-reconcodegen/0.5.0-SNAPSHOT/hadoop-ozone-reconcodegen-0.5.0-SNAPSHOT.jar:/home/user/.m2/repository/com/google/inject/extensions/guice-multibindings/4.0/guice-multibindings-4.0.jar:/home/user/.m2/repository/com/google/inject/guice/4.0/guice-4.0.jar:/home/user/.m2/repository/aopalliance/aopalliance/1.0/aopalliance-1.0.jar:/home/user/.m2/repository/org/glassfish/jersey/containers/jersey-container-servlet/2.27/jersey-container-servlet-2.27.jar:/home/user/.m2/repository/org/glassfish/hk2/guice-bridge/2.5.0/guice-bridge-2.5.0.jar:/home/user/.m2/repository/org/glassfish/jersey/core/jersey-server/2.27/jersey-server-2.27.jar:/home/user/.m2/repository/org/glassfish/jersey/core/jersey-client/2.27/jersey-client-2.27.jar:/home/user/.m2/repository/org/glassfish/jersey/media/jersey-media-jaxb/2.27/jersey-media-jaxb-2.27.jar:/home/user/.m2/repository/javax/validation/validation-api/1.1.0.Final/validation-api-1.1.0.Final.jar:/home/user/.m2/repository/org/glassfish/jersey/media/jersey-media-json-jackson/2.27/jersey-media-json-jackson-2.27.jar:/home/user/.m2/repository/org/glassfish/jersey/ext/jersey-entity-filtering/2.27/jersey-entity-filtering-2.27.jar:/home/user/.m2/repository/com/google/inject/extensions/guice-assistedinject/4.0/guice-assistedinject-4.0.jar:/home/user/.m2/repository/org/jooq/jooq/3.11.10/jooq-3.11.10.jar:/home/user/.m2/repository/org/jooq/jooq-meta/3.11.10/jooq-meta-3.11.10.jar:/home/user/.m2/repository/org/jooq/jooq-codegen/3.11.10/jooq-codegen-3.11.10.jar:/home/user/.m2/repository/com/jolbox/bonecp/0.8.0.RELEASE/bonecp-0.8.0.RELEASE.jar:/home/user/.m2/repository/org/springframework/spring-jdbc/5.1.3.RELEASE/spring-jdbc-5.1.3.RELEASE.jar:/home/user/.m2/repository/org/springframework/spring-beans/5.1.3.RELEASE/spring-beans-5.1.3.RELEASE.jar:/home/user/.m2/repository/org/springframework/spring-core/5.1.3.RELEASE/spring-core-5.1.3.RELEASE.jar:/home/user/.m2/repository/org/springframework/spring-jcl/5.1.3.RELEASE/spring-jcl-5.1.3.RELEASE.jar:/home/user/.m2/repository/org/springframework/spring-tx/5.1.3.RELEASE/spring-tx-5.1.3.RELEASE.jar:/home/user/.m2/repository/org/mockito/mockito-all/1.10.19/mockito-all-1.10.19.jar:/home/user/.m2/repository/junit/junit/4.11/junit-4.11.jar:/home/user/.m2/repository/org/hamcrest/hamcrest-core/1.3/hamcrest-core-1.3.jar:/home/user/.m2/repository/org/apache/hadoop/hadoop-distcp/3.2.0/hadoop-distcp-3.2.0.jar:/home/user/.m2/repository/org/apache/hadoop/hadoop-distcp/3.2.0/hadoop-distcp-3.2.0-tests.jar:/home/user/.m2/repository/org/apache/hadoop/hadoop-mapreduce-client-jobclient/3.2.0/hadoop-mapreduce-client-jobclient-3.2.0.jar:/home/user/.m2/repository/org/apache/hadoop/hadoop-mapreduce-client-common/3.2.0/hadoop-mapreduce-client-common-3.2.0.jar:/home/user/.m2/repository/org/apache/hadoop/hadoop-yarn-common/3.2.0/hadoop-yarn-common-3.2.0.jar:/home/user/.m2/repository/org/apache/hadoop/hadoop-yarn-api/3.2.0/hadoop-yarn-api-3.2.0.jar:/home/user/.m2/repository/com/sun/jersey/jersey-client/1.19/jersey-client-1.19.jar:/home/user/.m2/repository/com/sun/jersey/contribs/jersey-guice/1.19/jersey-guice-1.19.jar:/home/user/.m2/repository/com/fasterxml/jackson/jaxrs/jackson-jaxrs-json-provider/2.9.9/jackson-jaxrs-json-provider-2.9.9.jar:/home/user/.m2/repository/com/fasterxml/jackson/jaxrs/jackson-jaxrs-base/2.9.9/jackson-jaxrs-base-2.9.9.jar:/home/user/.m2/repository/org/apache/hadoop/hadoop-yarn-client/3.2.0/hadoop-yarn-client-3.2.0.jar:/home/user/.m2/repository/org/apache/hadoop/hadoop-mapreduce-client-core/3.2.0/hadoop-mapreduce-client-core-3.2.0.jar:/home/user/.m2/repository/com/google/inject/extensions/guice-servlet/4.0/guice-servlet-4.0.jar:/home/user/.m2/repository/org/powermock/powermock-module-junit4/1.6.5/powermock-module-junit4-1.6.5.jar:/home/user/.m2/repository/org/powermock/powermock-module-junit4-common/1.6.5/powermock-module-junit4-common-1.6.5.jar:/home/user/.m2/repository/org/powermock/powermock-core/1.6.5/powermock-core-1.6.5.jar:/home/user/.m2/repository/org/powermock/powermock-reflect/1.6.5/powermock-reflect-1.6.5.jar:/home/user/.m2/repository/org/powermock/powermock-api-mockito/1.6.5/powermock-api-mockito-1.6.5.jar:/home/user/.m2/repository/org/mockito/mockito-core/1.10.19/mockito-core-1.10.19.jar:/home/user/.m2/repository/org/objenesis/objenesis/1.0/objenesis-1.0.jar:/home/user/.m2/repository/org/powermock/powermock-api-mockito-common/1.6.5/powermock-api-mockito-common-1.6.5.jar:/home/user/.m2/repository/org/powermock/powermock-api-support/1.6.5/powermock-api-support-1.6.5.jar:"/>
    <property name="sun.cpu.endian" value="little"/>
    <property name="user.home" value="/home/user"/>
    <property name="user.language" value="en"/>
    <property name="java.specification.vendor" value="Oracle Corporation"/>
    <property name="java.home" value="/usr/lib/jvm/java-1.8-openjdk/jre"/>
    <property name="java.security.krb5.conf" value="/workdir/hadoop-ozone/ozonefs/target/test-classes/krb5.conf"/>
    <property name="basedir" value="/workdir/hadoop-ozone/ozonefs"/>
    <property name="file.separator" value="/"/>
    <property name="line.separator" value="&#10;"/>
    <property name="java.vm.specification.vendor" value="Oracle Corporation"/>
    <property name="java.specification.name" value="Java Platform API Specification"/>
    <property name="java.awt.graphicsenv" value="sun.awt.X11GraphicsEnvironment"/>
    <property name="surefire.real.class.path" value="/workdir/hadoop-ozone/ozonefs/target/surefire/surefirebooter8617492359943252344.jar"/>
    <property name="hadoop.log.dir" value="/workdir/hadoop-ozone/ozonefs/target/log"/>
    <property name="sun.boot.class.path" value="/usr/lib/jvm/java-1.8-openjdk/jre/lib/resources.jar:/usr/lib/jvm/java-1.8-openjdk/jre/lib/rt.jar:/usr/lib/jvm/java-1.8-openjdk/jre/lib/sunrsasign.jar:/usr/lib/jvm/java-1.8-openjdk/jre/lib/jsse.jar:/usr/lib/jvm/java-1.8-openjdk/jre/lib/jce.jar:/usr/lib/jvm/java-1.8-openjdk/jre/lib/charsets.jar:/usr/lib/jvm/java-1.8-openjdk/jre/lib/jfr.jar:/usr/lib/jvm/java-1.8-openjdk/jre/classes"/>
    <property name="sun.management.compiler" value="HotSpot 64-Bit Tiered Compilers"/>
    <property name="java.runtime.version" value="1.8.0_212-b04"/>
    <property name="java.net.preferIPv4Stack" value="true"/>
    <property name="user.name" value="jenkins1000"/>
    <property name="path.separator" value=":"/>
    <property name="java.security.egd" value="file:///dev/urandom"/>
    <property name="os.version" value="3.10.0-957.12.2.el7.x86_64"/>
    <property name="java.endorsed.dirs" value="/usr/lib/jvm/java-1.8-openjdk/jre/lib/endorsed"/>
    <property name="java.runtime.name" value="OpenJDK Runtime Environment"/>
    <property name="file.encoding" value="UTF-8"/>
    <property name="java.vm.name" value="OpenJDK 64-Bit Server VM"/>
    <property name="test.build.webapps" value=""/>
    <property name="localRepository" value="/home/user/.m2/repository"/>
    <property name="java.vendor.url.bug" value="https://icedtea.classpath.org/bugzilla"/>
    <property name="java.io.tmpdir" value="/tmp"/>
    <property name="require.test.libhadoop" value=""/>
    <property name="java.version" value="1.8.0_212"/>
    <property name="user.dir" value="/workdir/hadoop-ozone/ozonefs"/>
    <property name="os.arch" value="amd64"/>
    <property name="java.vm.specification.name" value="Java Virtual Machine Specification"/>
    <property name="test.build.classes" value="/workdir/hadoop-ozone/ozonefs/target/test-classes"/>
    <property name="java.awt.printerjob" value="sun.print.PSPrinterJob"/>
    <property name="sun.os.patch.level" value="unknown"/>
    <property name="hadoop.tmp.dir" value="/workdir/hadoop-ozone/ozonefs/target/tmp"/>
    <property name="java.library.path" value="/usr/lib/jvm/java-1.8-openjdk/jre/lib/amd64/server:/usr/lib/jvm/java-1.8-openjdk/jre/lib/amd64:/usr/lib/jvm/java-1.8-openjdk/jre/../lib/amd64:/workdir/hadoop-ozone/ozonefs/target/native/target/usr/local/lib:/workdir/hadoop-ozone/ozonefs/../../hadoop-common-project/hadoop-common/target/native/target/usr/local/lib:/usr/java/packages/lib/amd64:/usr/lib64:/lib64:/lib:/usr/lib"/>
    <property name="java.vm.info" value="mixed mode"/>
    <property name="java.vendor" value="IcedTea"/>
    <property name="java.vm.version" value="25.212-b04"/>
    <property name="java.ext.dirs" value="/usr/lib/jvm/java-1.8-openjdk/jre/lib/ext:/usr/java/packages/lib/ext"/>
    <property name="sun.io.unicode.encoding" value="UnicodeLittle"/>
    <property name="java.class.version" value="52.0"/>
  </properties>
  <testcase name="org.apache.hadoop.fs.ozone.TestOzoneFSInputStream" classname="org.apache.hadoop.fs.ozone.TestOzoneFSInputStream" time="48.893">
    <error message="Allocated 0 blocks. Requested 1 blocks" type="INTERNAL_ERROR org.apache.hadoop.ozone.om.exceptions.OMException">INTERNAL_ERROR org.apache.hadoop.ozone.om.exceptions.OMException: Allocated 0 blocks. Requested 1 blocks
	at org.apache.hadoop.ozone.om.protocolPB.OzoneManagerProtocolClientSideTranslatorPB.handleError(OzoneManagerProtocolClientSideTranslatorPB.java:732)
	at org.apache.hadoop.ozone.om.protocolPB.OzoneManagerProtocolClientSideTranslatorPB.createFile(OzoneManagerProtocolClientSideTranslatorPB.java:1536)
	at sun.reflect.NativeMethodAccessorImpl.invoke0(Native Method)
	at sun.reflect.NativeMethodAccessorImpl.invoke(NativeMethodAccessorImpl.java:62)
	at sun.reflect.DelegatingMethodAccessorImpl.invoke(DelegatingMethodAccessorImpl.java:43)
	at java.lang.reflect.Method.invoke(Method.java:498)
	at org.apache.hadoop.hdds.tracing.TraceAllMethod.invoke(TraceAllMethod.java:66)
	at com.sun.proxy.$Proxy37.createFile(Unknown Source)
	at org.apache.hadoop.ozone.client.rpc.RpcClient.createFile(RpcClient.java:1006)
	at org.apache.hadoop.ozone.client.OzoneBucket.createFile(OzoneBucket.java:537)
	at org.apache.hadoop.fs.ozone.BasicOzoneClientAdapterImpl.createFile(BasicOzoneClientAdapterImpl.java:205)
	at org.apache.hadoop.fs.ozone.BasicOzoneFileSystem.createOutputStream(BasicOzoneFileSystem.java:250)
	at org.apache.hadoop.fs.ozone.BasicOzoneFileSystem.create(BasicOzoneFileSystem.java:231)
	at org.apache.hadoop.fs.FileSystem.create(FileSystem.java:1118)
	at org.apache.hadoop.fs.FileSystem.create(FileSystem.java:1098)
	at org.apache.hadoop.fs.FileSystem.create(FileSystem.java:987)
	at org.apache.hadoop.fs.FileSystem.create(FileSystem.java:975)
	at org.apache.hadoop.fs.ozone.TestOzoneFSInputStream.init(TestOzoneFSInputStream.java:86)
	at sun.reflect.NativeMethodAccessorImpl.invoke0(Native Method)
	at sun.reflect.NativeMethodAccessorImpl.invoke(NativeMethodAccessorImpl.java:62)
	at sun.reflect.DelegatingMethodAccessorImpl.invoke(DelegatingMethodAccessorImpl.java:43)
	at java.lang.reflect.Method.invoke(Method.java:498)
	at org.junit.runners.model.FrameworkMethod$1.runReflectiveCall(FrameworkMethod.java:47)
	at org.junit.internal.runners.model.ReflectiveCallable.run(ReflectiveCallable.java:12)
	at org.junit.runners.model.FrameworkMethod.invokeExplosively(FrameworkMethod.java:44)
	at org.junit.internal.runners.statements.RunBefores.evaluate(RunBefores.java:24)
	at org.junit.internal.runners.statements.RunAfters.evaluate(RunAfters.java:27)
	at org.junit.runners.ParentRunner.run(ParentRunner.java:309)
	at org.apache.maven.surefire.junit4.JUnit4Provider.execute(JUnit4Provider.java:365)
	at org.apache.maven.surefire.junit4.JUnit4Provider.executeWithRerun(JUnit4Provider.java:273)
	at org.apache.maven.surefire.junit4.JUnit4Provider.executeTestSet(JUnit4Provider.java:238)
	at org.apache.maven.surefire.junit4.JUnit4Provider.invoke(JUnit4Provider.java:159)
	at org.apache.maven.surefire.booter.ForkedBooter.invokeProviderInSameClassLoader(ForkedBooter.java:384)
	at org.apache.maven.surefire.booter.ForkedBooter.runSuitesInProcess(ForkedBooter.java:345)
	at org.apache.maven.surefire.booter.ForkedBooter.execute(ForkedBooter.java:126)
	at org.apache.maven.surefire.booter.ForkedBooter.main(ForkedBooter.java:418)
</error>
    <system-out><![CDATA[2019-09-26 10:51:52,171 [main] WARN  server.ServerUtils (ServerUtils.java:getScmDbDir(145)) - ozone.scm.db.dirs is not configured. We recommend adding this setting. Falling back to ozone.metadata.dirs instead.
2019-09-26 10:51:52,255 [main] WARN  server.ServerUtils (ServerUtils.java:getScmDbDir(145)) - ozone.scm.db.dirs is not configured. We recommend adding this setting. Falling back to ozone.metadata.dirs instead.
2019-09-26 10:51:52,257 [main] WARN  server.ServerUtils (ServerUtils.java:getScmDbDir(145)) - ozone.scm.db.dirs is not configured. We recommend adding this setting. Falling back to ozone.metadata.dirs instead.
2019-09-26 10:51:52,271 [main] INFO  util.log (Log.java:initialized(192)) - Logging initialized @823ms
2019-09-26 10:51:52,351 [main] INFO  db.DBStoreBuilder (DBStoreBuilder.java:addTable(110)) - using custom profile for table: deletedBlocks
2019-09-26 10:51:52,351 [main] INFO  db.DBStoreBuilder (DBStoreBuilder.java:processTables(161)) - Using default column profile:DBProfile.DISK for Table:deletedBlocks
2019-09-26 10:51:52,351 [main] INFO  db.DBStoreBuilder (DBStoreBuilder.java:addTable(110)) - using custom profile for table: validCerts
2019-09-26 10:51:52,351 [main] INFO  db.DBStoreBuilder (DBStoreBuilder.java:processTables(161)) - Using default column profile:DBProfile.DISK for Table:validCerts
2019-09-26 10:51:52,352 [main] INFO  db.DBStoreBuilder (DBStoreBuilder.java:addTable(110)) - using custom profile for table: revokedCerts
2019-09-26 10:51:52,352 [main] INFO  db.DBStoreBuilder (DBStoreBuilder.java:processTables(161)) - Using default column profile:DBProfile.DISK for Table:revokedCerts
2019-09-26 10:51:52,361 [main] INFO  db.DBStoreBuilder (DBStoreBuilder.java:addTable(110)) - using custom profile for table: default
2019-09-26 10:51:52,361 [main] INFO  db.DBStoreBuilder (DBStoreBuilder.java:processTables(167)) - Using default column profile:DBProfile.DISK for Table:default
2019-09-26 10:51:52,362 [main] INFO  db.DBStoreBuilder (DBStoreBuilder.java:getDbProfile(198)) - Using default options. DBProfile.DISK
2019-09-26 10:51:52,602 [main] INFO  net.NodeSchemaLoader (NodeSchemaLoader.java:loadSchemaFromFile(125)) - Loading file from sun.misc.CompoundEnumeration@5e0e82ae
2019-09-26 10:51:52,605 [main] INFO  net.NodeSchemaLoader (NodeSchemaLoader.java:loadSchema(171)) - Loading network topology layer schema file
2019-09-26 10:51:52,703 [main] WARN  server.ServerUtils (ServerUtils.java:sanitizeUserArgs(70)) - ozone.scm.stale.node.interval value = 300000 is larger than max = 100000 based on the key value of ozone.scm.heartbeat.thread.interval, reset to the max value 100000.
2019-09-26 10:51:52,705 [main] WARN  server.ServerUtils (ServerUtils.java:sanitizeUserArgs(70)) - ozone.scm.stale.node.interval value = 300000 is larger than max = 100000 based on the key value of ozone.scm.heartbeat.thread.interval, reset to the max value 100000.
2019-09-26 10:51:52,708 [main] INFO  node.SCMNodeManager (SCMNodeManager.java:<init>(114)) - Entering startup safe mode.
2019-09-26 10:51:52,844 [main] INFO  algorithms.ContainerPlacementPolicyFactory (ContainerPlacementPolicyFactory.java:getPolicy(59)) - Create container placement policy of type org.apache.hadoop.hdds.scm.container.placement.algorithms.SCMContainerPlacementRandom
2019-09-26 10:51:52,861 [main] WARN  server.ServerUtils (ServerUtils.java:getScmDbDir(145)) - ozone.scm.db.dirs is not configured. We recommend adding this setting. Falling back to ozone.metadata.dirs instead.
2019-09-26 10:51:52,924 [main] INFO  pipeline.SCMPipelineManager (SCMPipelineManager.java:initializePipelineState(132)) - No pipeline exists in current db
2019-09-26 10:51:52,928 [main] WARN  server.ServerUtils (ServerUtils.java:getScmDbDir(145)) - ozone.scm.db.dirs is not configured. We recommend adding this setting. Falling back to ozone.metadata.dirs instead.
2019-09-26 10:51:53,044 [main] WARN  events.EventQueue (EventQueue.java:fireEvent(183)) - No event handler registered for event TypedEvent{payloadType=SafeModeStatus, name='SafeModeStatus'}
2019-09-26 10:51:53,432 [main] INFO  ipc.CallQueueManager (CallQueueManager.java:<init>(84)) - Using callQueue: class java.util.concurrent.LinkedBlockingQueue, queueCapacity: 2000, scheduler: class org.apache.hadoop.ipc.DefaultRpcScheduler, ipcBackoff: false.
2019-09-26 10:51:53,590 [Socket Reader #1 for port 41973] INFO  ipc.Server (Server.java:run(1074)) - Starting Socket Reader #1 for port 41973
2019-09-26 10:51:53,622 [main] INFO  ipc.CallQueueManager (CallQueueManager.java:<init>(84)) - Using callQueue: class java.util.concurrent.LinkedBlockingQueue, queueCapacity: 2000, scheduler: class org.apache.hadoop.ipc.DefaultRpcScheduler, ipcBackoff: false.
2019-09-26 10:51:53,624 [Socket Reader #1 for port 35185] INFO  ipc.Server (Server.java:run(1074)) - Starting Socket Reader #1 for port 35185
2019-09-26 10:51:53,632 [main] INFO  ipc.CallQueueManager (CallQueueManager.java:<init>(84)) - Using callQueue: class java.util.concurrent.LinkedBlockingQueue, queueCapacity: 2000, scheduler: class org.apache.hadoop.ipc.DefaultRpcScheduler, ipcBackoff: false.
2019-09-26 10:51:53,633 [Socket Reader #1 for port 33977] INFO  ipc.Server (Server.java:run(1074)) - Starting Socket Reader #1 for port 33977
2019-09-26 10:51:53,656 [main] INFO  hdfs.DFSUtil (DFSUtil.java:httpServerTemplateForNNAndJN(1641)) - Starting Web-server for scm at: http://0.0.0.0:0
2019-09-26 10:51:53,783 [main] INFO  server.AuthenticationFilter (AuthenticationFilter.java:constructSecretProvider(240)) - Unable to initialize FileSignerSecretProvider, falling back to use random secrets.
2019-09-26 10:51:53,797 [main] WARN  http.HttpRequestLog (HttpRequestLog.java:getRequestLog(97)) - Jetty request log can only be enabled using Log4j
2019-09-26 10:51:53,807 [main] INFO  http.HttpServer2 (HttpServer2.java:addGlobalFilter(975)) - Added global filter 'safety' (class=org.apache.hadoop.http.HttpServer2$QuotingInputFilter)
2019-09-26 10:51:53,809 [main] INFO  http.HttpServer2 (HttpServer2.java:addFilter(948)) - Added filter static_user_filter (class=org.apache.hadoop.http.lib.StaticUserWebFilter$StaticUserFilter) to context scm
2019-09-26 10:51:53,810 [main] INFO  http.HttpServer2 (HttpServer2.java:addFilter(958)) - Added filter static_user_filter (class=org.apache.hadoop.http.lib.StaticUserWebFilter$StaticUserFilter) to context logs
2019-09-26 10:51:53,810 [main] INFO  http.HttpServer2 (HttpServer2.java:addFilter(958)) - Added filter static_user_filter (class=org.apache.hadoop.http.lib.StaticUserWebFilter$StaticUserFilter) to context static
2019-09-26 10:51:53,838 [main] INFO  server.StorageContainerManager (StorageContainerManager.java:start(770)) - StorageContainerLocationProtocol RPC server is listening at /0.0.0.0:33977
2019-09-26 10:51:53,914 [main] WARN  impl.MetricsConfig (MetricsConfig.java:loadFirst(134)) - Cannot locate configuration: tried hadoop-metrics2-storagecontainermanager.properties,hadoop-metrics2.properties
2019-09-26 10:51:53,930 [main] INFO  impl.MetricsSystemImpl (MetricsSystemImpl.java:startTimer(374)) - Scheduled Metric snapshot period at 10 second(s).
2019-09-26 10:51:53,930 [main] INFO  impl.MetricsSystemImpl (MetricsSystemImpl.java:start(191)) - StorageContainerManager metrics system started
2019-09-26 10:51:54,168 [main] INFO  server.SCMClientProtocolServer (SCMClientProtocolServer.java:start(151)) - RPC server for Client  is listening at /0.0.0.0:33977
2019-09-26 10:51:54,168 [IPC Server Responder] INFO  ipc.Server (Server.java:run(1314)) - IPC Server Responder: starting
2019-09-26 10:51:54,168 [IPC Server listener on 33977] INFO  ipc.Server (Server.java:run(1153)) - IPC Server listener on 33977: starting
2019-09-26 10:51:54,171 [main] INFO  server.StorageContainerManager (StorageContainerManager.java:start(780)) - ScmBlockLocationProtocol RPC server is listening at /0.0.0.0:35185
2019-09-26 10:51:54,173 [main] INFO  server.SCMBlockProtocolServer (SCMBlockProtocolServer.java:start(146)) - RPC server for Block Protocol is listening at /0.0.0.0:35185
2019-09-26 10:51:54,173 [IPC Server Responder] INFO  ipc.Server (Server.java:run(1314)) - IPC Server Responder: starting
2019-09-26 10:51:54,174 [IPC Server listener on 35185] INFO  ipc.Server (Server.java:run(1153)) - IPC Server listener on 35185: starting
2019-09-26 10:51:54,176 [main] INFO  server.StorageContainerManager (StorageContainerManager.java:start(784)) - ScmDatanodeProtocl RPC server is listening at /0.0.0.0:41973
2019-09-26 10:51:54,177 [main] INFO  server.SCMDatanodeProtocolServer (SCMDatanodeProtocolServer.java:start(191)) - RPC server for DataNodes is listening at /0.0.0.0:41973
2019-09-26 10:51:54,177 [IPC Server Responder] INFO  ipc.Server (Server.java:run(1314)) - IPC Server Responder: starting
2019-09-26 10:51:54,177 [IPC Server listener on 41973] INFO  ipc.Server (Server.java:run(1153)) - IPC Server listener on 41973: starting
2019-09-26 10:51:54,181 [main] INFO  http.HttpServer2 (HttpServer2.java:bindListener(1191)) - Jetty bound to port 46237
2019-09-26 10:51:54,183 [main] INFO  server.Server (Server.java:doStart(351)) - jetty-9.3.25.v20180904, build timestamp: 2018-09-04T21:11:46Z, git hash: 3ce520221d0240229c862b122d2b06c12a625732
2019-09-26 10:51:54,218 [main] INFO  handler.ContextHandler (ContextHandler.java:doStart(781)) - Started o.e.j.s.ServletContextHandler@315f43d5{/logs,file:///workdir/hadoop-ozone/ozonefs/target/log,AVAILABLE}
2019-09-26 10:51:54,218 [main] INFO  handler.ContextHandler (ContextHandler.java:doStart(781)) - Started o.e.j.s.ServletContextHandler@640f11a1{/static,jar:file:/home/user/.m2/repository/org/apache/hadoop/hadoop-hdds-server-scm/0.5.0-SNAPSHOT/hadoop-hdds-server-scm-0.5.0-SNAPSHOT.jar!/webapps/static,AVAILABLE}
2019-09-26 10:51:54,287 [main] INFO  handler.ContextHandler (ContextHandler.java:doStart(781)) - Started o.e.j.w.WebAppContext@2ca47471{/,file:///tmp/jetty-0.0.0.0-46237-scm-_-any-1293019026737955391.dir/webapp/,AVAILABLE}{/scm}
2019-09-26 10:51:54,292 [main] INFO  server.AbstractConnector (AbstractConnector.java:doStart(278)) - Started ServerConnector@26b894bd{HTTP/1.1,[http/1.1]}{0.0.0.0:46237}
2019-09-26 10:51:54,292 [main] INFO  server.Server (Server.java:doStart(419)) - Started @2845ms
2019-09-26 10:51:54,294 [main] INFO  impl.MetricsSinkAdapter (MetricsSinkAdapter.java:start(204)) - Sink prometheus started
2019-09-26 10:51:54,294 [main] INFO  impl.MetricsSystemImpl (MetricsSystemImpl.java:registerSink(301)) - Registered sink prometheus
2019-09-26 10:51:54,296 [main] INFO  server.BaseHttpServer (BaseHttpServer.java:updateConnectorAddress(215)) - HTTP server of SCM is listening at http://0.0.0.0:46237
2019-09-26 10:51:54,307 [org.apache.hadoop.util.JvmPauseMonitor$Monitor@6bc28a83] INFO  util.JvmPauseMonitor (JvmPauseMonitor.java:run(188)) - Starting JVM pause monitor
2019-09-26 10:51:54,315 [main] WARN  server.ServerUtils (ServerUtils.java:getDBPath(222)) - ozone.om.db.dirs is not configured. We recommend adding this setting. Falling back to ozone.metadata.dirs instead.
2019-09-26 10:51:54,436 [main] WARN  server.ServerUtils (ServerUtils.java:getDBPath(222)) - ozone.om.db.dirs is not configured. We recommend adding this setting. Falling back to ozone.metadata.dirs instead.
2019-09-26 10:51:54,436 [main] WARN  server.ServerUtils (ServerUtils.java:getDBPath(222)) - ozone.om.db.dirs is not configured. We recommend adding this setting. Falling back to ozone.metadata.dirs instead.
2019-09-26 10:51:54,437 [main] INFO  om.OzoneManager (OzoneManager.java:setOMNodeDetails(652)) - OM Service ID is not set. Setting it to the default ID: omServiceIdDefault
2019-09-26 10:51:54,438 [main] INFO  om.OzoneManager (OzoneManager.java:setOMNodeDetails(658)) - OM Node ID is not set. Setting it to the OmStorage's OmID: 8412ad05-ba00-4bea-a664-1594d8b855bd
2019-09-26 10:51:54,439 [main] INFO  om.OzoneManager (OzoneManager.java:loadOMHAConfigs(609)) - Found matching OM address with OMServiceId: null, OMNodeId: null, RPC Address: localhost:0 and Ratis port: 9872
2019-09-26 10:51:55,312 [main] WARN  server.ServerUtils (ServerUtils.java:getDBPath(222)) - ozone.om.db.dirs is not configured. We recommend adding this setting. Falling back to ozone.metadata.dirs instead.
2019-09-26 10:51:55,322 [main] INFO  db.DBStoreBuilder (DBStoreBuilder.java:addTable(110)) - using custom profile for table: userTable
2019-09-26 10:51:55,323 [main] INFO  db.DBStoreBuilder (DBStoreBuilder.java:processTables(161)) - Using default column profile:DBProfile.DISK for Table:userTable
2019-09-26 10:51:55,323 [main] INFO  db.DBStoreBuilder (DBStoreBuilder.java:addTable(110)) - using custom profile for table: volumeTable
2019-09-26 10:51:55,323 [main] INFO  db.DBStoreBuilder (DBStoreBuilder.java:processTables(161)) - Using default column profile:DBProfile.DISK for Table:volumeTable
2019-09-26 10:51:55,323 [main] INFO  db.DBStoreBuilder (DBStoreBuilder.java:addTable(110)) - using custom profile for table: bucketTable
2019-09-26 10:51:55,324 [main] INFO  db.DBStoreBuilder (DBStoreBuilder.java:processTables(161)) - Using default column profile:DBProfile.DISK for Table:bucketTable
2019-09-26 10:51:55,324 [main] INFO  db.DBStoreBuilder (DBStoreBuilder.java:addTable(110)) - using custom profile for table: keyTable
2019-09-26 10:51:55,324 [main] INFO  db.DBStoreBuilder (DBStoreBuilder.java:processTables(161)) - Using default column profile:DBProfile.DISK for Table:keyTable
2019-09-26 10:51:55,324 [main] INFO  db.DBStoreBuilder (DBStoreBuilder.java:addTable(110)) - using custom profile for table: deletedTable
2019-09-26 10:51:55,324 [main] INFO  db.DBStoreBuilder (DBStoreBuilder.java:processTables(161)) - Using default column profile:DBProfile.DISK for Table:deletedTable
2019-09-26 10:51:55,325 [main] INFO  db.DBStoreBuilder (DBStoreBuilder.java:addTable(110)) - using custom profile for table: openKeyTable
2019-09-26 10:51:55,325 [main] INFO  db.DBStoreBuilder (DBStoreBuilder.java:processTables(161)) - Using default column profile:DBProfile.DISK for Table:openKeyTable
2019-09-26 10:51:55,325 [main] INFO  db.DBStoreBuilder (DBStoreBuilder.java:addTable(110)) - using custom profile for table: s3Table
2019-09-26 10:51:55,325 [main] INFO  db.DBStoreBuilder (DBStoreBuilder.java:processTables(161)) - Using default column profile:DBProfile.DISK for Table:s3Table
2019-09-26 10:51:55,326 [main] INFO  db.DBStoreBuilder (DBStoreBuilder.java:addTable(110)) - using custom profile for table: multipartInfoTable
2019-09-26 10:51:55,326 [main] INFO  db.DBStoreBuilder (DBStoreBuilder.java:processTables(161)) - Using default column profile:DBProfile.DISK for Table:multipartInfoTable
2019-09-26 10:51:55,326 [main] INFO  db.DBStoreBuilder (DBStoreBuilder.java:addTable(110)) - using custom profile for table: dTokenTable
2019-09-26 10:51:55,326 [main] INFO  db.DBStoreBuilder (DBStoreBuilder.java:processTables(161)) - Using default column profile:DBProfile.DISK for Table:dTokenTable
2019-09-26 10:51:55,327 [main] INFO  db.DBStoreBuilder (DBStoreBuilder.java:addTable(110)) - using custom profile for table: s3SecretTable
2019-09-26 10:51:55,327 [main] INFO  db.DBStoreBuilder (DBStoreBuilder.java:processTables(161)) - Using default column profile:DBProfile.DISK for Table:s3SecretTable
2019-09-26 10:51:55,327 [main] INFO  db.DBStoreBuilder (DBStoreBuilder.java:addTable(110)) - using custom profile for table: prefixTable
2019-09-26 10:51:55,327 [main] INFO  db.DBStoreBuilder (DBStoreBuilder.java:processTables(161)) - Using default column profile:DBProfile.DISK for Table:prefixTable
2019-09-26 10:51:55,328 [main] INFO  db.DBStoreBuilder (DBStoreBuilder.java:addTable(110)) - using custom profile for table: default
2019-09-26 10:51:55,328 [main] INFO  db.DBStoreBuilder (DBStoreBuilder.java:processTables(167)) - Using default column profile:DBProfile.DISK for Table:default
2019-09-26 10:51:55,328 [main] INFO  db.DBStoreBuilder (DBStoreBuilder.java:getDbProfile(198)) - Using default options. DBProfile.DISK
2019-09-26 10:51:55,928 [main] INFO  ipc.CallQueueManager (CallQueueManager.java:<init>(84)) - Using callQueue: class java.util.concurrent.LinkedBlockingQueue, queueCapacity: 2000, scheduler: class org.apache.hadoop.ipc.DefaultRpcScheduler, ipcBackoff: false.
2019-09-26 10:51:55,929 [Socket Reader #1 for port 45150] INFO  ipc.Server (Server.java:run(1074)) - Starting Socket Reader #1 for port 45150
2019-09-26 10:51:55,957 [main] INFO  om.OzoneManager (OzoneManager.java:start(1243)) - OzoneManager RPC server is listening at localhost/127.0.0.1:45150
2019-09-26 10:51:55,957 [main] INFO  impl.MetricsSystemImpl (MetricsSystemImpl.java:init(158)) - OzoneManager metrics system started (again)
2019-09-26 10:51:55,958 [IPC Server Responder] INFO  ipc.Server (Server.java:run(1314)) - IPC Server Responder: starting
2019-09-26 10:51:55,959 [IPC Server listener on 45150] INFO  ipc.Server (Server.java:run(1153)) - IPC Server listener on 45150: starting
2019-09-26 10:51:55,965 [main] INFO  hdfs.DFSUtil (DFSUtil.java:httpServerTemplateForNNAndJN(1641)) - Starting Web-server for ozoneManager at: http://0.0.0.0:0
2019-09-26 10:51:55,967 [main] INFO  server.AuthenticationFilter (AuthenticationFilter.java:constructSecretProvider(240)) - Unable to initialize FileSignerSecretProvider, falling back to use random secrets.
2019-09-26 10:51:55,968 [main] WARN  http.HttpRequestLog (HttpRequestLog.java:getRequestLog(97)) - Jetty request log can only be enabled using Log4j
2019-09-26 10:51:55,971 [main] INFO  http.HttpServer2 (HttpServer2.java:addGlobalFilter(975)) - Added global filter 'safety' (class=org.apache.hadoop.http.HttpServer2$QuotingInputFilter)
2019-09-26 10:51:55,972 [main] INFO  http.HttpServer2 (HttpServer2.java:addFilter(948)) - Added filter static_user_filter (class=org.apache.hadoop.http.lib.StaticUserWebFilter$StaticUserFilter) to context ozoneManager
2019-09-26 10:51:55,972 [main] INFO  http.HttpServer2 (HttpServer2.java:addFilter(958)) - Added filter static_user_filter (class=org.apache.hadoop.http.lib.StaticUserWebFilter$StaticUserFilter) to context logs
2019-09-26 10:51:55,972 [main] INFO  http.HttpServer2 (HttpServer2.java:addFilter(958)) - Added filter static_user_filter (class=org.apache.hadoop.http.lib.StaticUserWebFilter$StaticUserFilter) to context static
2019-09-26 10:51:55,974 [main] INFO  http.HttpServer2 (HttpServer2.java:bindListener(1191)) - Jetty bound to port 35207
2019-09-26 10:51:55,975 [main] INFO  server.Server (Server.java:doStart(351)) - jetty-9.3.25.v20180904, build timestamp: 2018-09-04T21:11:46Z, git hash: 3ce520221d0240229c862b122d2b06c12a625732
2019-09-26 10:51:55,977 [main] INFO  handler.ContextHandler (ContextHandler.java:doStart(781)) - Started o.e.j.s.ServletContextHandler@675ffd1d{/logs,file:///workdir/hadoop-ozone/ozonefs/target/log,AVAILABLE}
2019-09-26 10:51:55,977 [main] INFO  handler.ContextHandler (ContextHandler.java:doStart(781)) - Started o.e.j.s.ServletContextHandler@30506c0d{/static,jar:file:/home/user/.m2/repository/org/apache/hadoop/hadoop-ozone-ozone-manager/0.5.0-SNAPSHOT/hadoop-ozone-ozone-manager-0.5.0-SNAPSHOT.jar!/webapps/static,AVAILABLE}
2019-09-26 10:51:56,038 [main] INFO  handler.ContextHandler (ContextHandler.java:doStart(781)) - Started o.e.j.w.WebAppContext@6bd16207{/,file:///tmp/jetty-0.0.0.0-35207-ozoneManager-_-any-1446723042755202067.dir/webapp/,AVAILABLE}{/ozoneManager}
2019-09-26 10:51:56,039 [main] INFO  server.AbstractConnector (AbstractConnector.java:doStart(278)) - Started ServerConnector@298d9a05{HTTP/1.1,[http/1.1]}{0.0.0.0:35207}
2019-09-26 10:51:56,040 [main] INFO  server.Server (Server.java:doStart(419)) - Started @4593ms
2019-09-26 10:51:56,041 [main] WARN  impl.MetricsSystemImpl (MetricsSystemImpl.java:register(276)) - Sink prometheus already exists!
2019-09-26 10:51:56,042 [main] INFO  server.BaseHttpServer (BaseHttpServer.java:updateConnectorAddress(215)) - HTTP server of OZONEMANAGER is listening at http://0.0.0.0:35207
2019-09-26 10:51:56,450 [main] INFO  impl.MetricsSystemImpl (MetricsSystemImpl.java:init(158)) - HddsDatanode metrics system started (again)
2019-09-26 10:51:56,514 [main] INFO  ozone.HddsDatanodeService (HddsDatanodeService.java:start(184)) - HddsDatanodeService host:pr-hdds-1569-wvzgm-824869521 ip:192.168.30.13
2019-09-26 10:51:56,554 [main] INFO  volume.HddsVolume (HddsVolume.java:<init>(176)) - Creating Volume: /workdir/hadoop-ozone/ozonefs/target/test-dir/MiniOzoneClusterImpl-b00a5744-6e73-4fa1-a928-c24f0d5ffca4/datanode-0/data/containers/hdds of  storage type : DISK and capacity : 1482555576320
2019-09-26 10:51:56,556 [main] INFO  volume.VolumeSet (VolumeSet.java:initializeVolumeSet(170)) - Added Volume : /workdir/hadoop-ozone/ozonefs/target/test-dir/MiniOzoneClusterImpl-b00a5744-6e73-4fa1-a928-c24f0d5ffca4/datanode-0/data/containers/hdds to VolumeSet
2019-09-26 10:51:56,559 [main] INFO  volume.ThrottledAsyncChecker (ThrottledAsyncChecker.java:schedule(139)) - Scheduling a check for org.apache.hadoop.ozone.container.common.volume.HddsVolume@73ad7e90
2019-09-26 10:51:56,577 [main] INFO  volume.HddsVolumeChecker (HddsVolumeChecker.java:checkAllVolumes(202)) - Scheduled health check for volume org.apache.hadoop.ozone.container.common.volume.HddsVolume@73ad7e90
2019-09-26 10:51:56,707 [main] INFO  impl.RaftServerProxy (ConfUtils.java:logGet(43)) - raft.rpc.type = GRPC (default)
2019-09-26 10:51:56,780 [main] INFO  grpc.GrpcFactory (GrpcFactory.java:checkPooledByteBufAllocatorUseCacheForAllThreads(45)) - PERFORMANCE WARNING: useCacheForAllThreads is true that may cause Netty to create a lot garbage objects and, as a result, trigger GC.
	It is recommended to disable useCacheForAllThreads by setting -Dorg.apache.ratis.thirdparty.io.netty.allocator.useCacheForAllThreads=false in command line.
2019-09-26 10:51:56,785 [main] INFO  grpc.GrpcConfigKeys$Server (ConfUtils.java:logGet(43)) - raft.grpc.server.port = 0 (default)
2019-09-26 10:51:56,786 [main] INFO  server.GrpcService (ConfUtils.java:logGet(43)) - raft.grpc.message.size.max = 33570816 (custom)
2019-09-26 10:51:56,788 [main] INFO  server.RaftServerConfigKeys (ConfUtils.java:logGet(43)) - raft.server.log.appender.buffer.byte-limit = 33554432 (custom)
2019-09-26 10:51:56,789 [main] INFO  server.GrpcService (ConfUtils.java:logGet(43)) - raft.grpc.flow.control.window = 1MB (=1048576) (default)
2019-09-26 10:51:56,790 [main] INFO  server.RaftServerConfigKeys (ConfUtils.java:logGet(43)) - raft.server.rpc.request.timeout = 3000ms (default)
2019-09-26 10:51:56,976 [main] INFO  server.RaftServerConfigKeys (ConfUtils.java:logGet(43)) - raft.server.storage.dir = [/workdir/hadoop-ozone/ozonefs/target/test-dir/MiniOzoneClusterImpl-b00a5744-6e73-4fa1-a928-c24f0d5ffca4/datanode-0/data/ratis] (custom)
2019-09-26 10:51:57,038 [main] INFO  hdfs.DFSUtil (DFSUtil.java:httpServerTemplateForNNAndJN(1641)) - Starting Web-server for hddsDatanode at: http://0.0.0.0:0
2019-09-26 10:51:57,040 [main] INFO  server.AuthenticationFilter (AuthenticationFilter.java:constructSecretProvider(240)) - Unable to initialize FileSignerSecretProvider, falling back to use random secrets.
2019-09-26 10:51:57,041 [main] WARN  http.HttpRequestLog (HttpRequestLog.java:getRequestLog(97)) - Jetty request log can only be enabled using Log4j
2019-09-26 10:51:57,043 [main] INFO  http.HttpServer2 (HttpServer2.java:addGlobalFilter(975)) - Added global filter 'safety' (class=org.apache.hadoop.http.HttpServer2$QuotingInputFilter)
2019-09-26 10:51:57,044 [main] INFO  http.HttpServer2 (HttpServer2.java:addFilter(948)) - Added filter static_user_filter (class=org.apache.hadoop.http.lib.StaticUserWebFilter$StaticUserFilter) to context hddsDatanode
2019-09-26 10:51:57,044 [main] INFO  http.HttpServer2 (HttpServer2.java:addFilter(958)) - Added filter static_user_filter (class=org.apache.hadoop.http.lib.StaticUserWebFilter$StaticUserFilter) to context logs
2019-09-26 10:51:57,044 [main] INFO  http.HttpServer2 (HttpServer2.java:addFilter(958)) - Added filter static_user_filter (class=org.apache.hadoop.http.lib.StaticUserWebFilter$StaticUserFilter) to context static
2019-09-26 10:51:57,045 [main] INFO  http.HttpServer2 (HttpServer2.java:bindListener(1191)) - Jetty bound to port 34307
2019-09-26 10:51:57,046 [main] INFO  server.Server (Server.java:doStart(351)) - jetty-9.3.25.v20180904, build timestamp: 2018-09-04T21:11:46Z, git hash: 3ce520221d0240229c862b122d2b06c12a625732
2019-09-26 10:51:57,048 [main] INFO  handler.ContextHandler (ContextHandler.java:doStart(781)) - Started o.e.j.s.ServletContextHandler@5a6fa56e{/logs,file:///workdir/hadoop-ozone/ozonefs/target/log,AVAILABLE}
2019-09-26 10:51:57,048 [main] INFO  handler.ContextHandler (ContextHandler.java:doStart(781)) - Started o.e.j.s.ServletContextHandler@118ffcfd{/static,jar:file:/home/user/.m2/repository/org/apache/hadoop/hadoop-hdds-container-service/0.5.0-SNAPSHOT/hadoop-hdds-container-service-0.5.0-SNAPSHOT.jar!/webapps/static,AVAILABLE}
2019-09-26 10:51:57,077 [main] INFO  handler.ContextHandler (ContextHandler.java:doStart(781)) - Started o.e.j.w.WebAppContext@97d0c06{/,file:///tmp/jetty-0.0.0.0-34307-hddsDatanode-_-any-453322944452683118.dir/webapp/,AVAILABLE}{/hddsDatanode}
2019-09-26 10:51:57,078 [main] INFO  server.AbstractConnector (AbstractConnector.java:doStart(278)) - Started ServerConnector@5e7c141d{HTTP/1.1,[http/1.1]}{0.0.0.0:34307}
2019-09-26 10:51:57,079 [main] INFO  server.Server (Server.java:doStart(419)) - Started @5632ms
2019-09-26 10:51:57,079 [main] WARN  impl.MetricsSystemImpl (MetricsSystemImpl.java:register(276)) - Sink prometheus already exists!
2019-09-26 10:51:57,080 [main] INFO  server.BaseHttpServer (BaseHttpServer.java:updateConnectorAddress(215)) - HTTP server of HDDSDATANODE is listening at http://0.0.0.0:34307
2019-09-26 10:51:57,081 [main] INFO  impl.MetricsSystemImpl (MetricsSystemImpl.java:init(158)) - HddsDatanode metrics system started (again)
2019-09-26 10:51:57,084 [main] INFO  ozone.HddsDatanodeService (HddsDatanodeService.java:start(184)) - HddsDatanodeService host:pr-hdds-1569-wvzgm-824869521 ip:192.168.30.13
2019-09-26 10:51:57,088 [org.apache.hadoop.util.JvmPauseMonitor$Monitor@20bb9a25] INFO  util.JvmPauseMonitor (JvmPauseMonitor.java:run(188)) - Starting JVM pause monitor
2019-09-26 10:51:57,092 [main] INFO  volume.HddsVolume (HddsVolume.java:<init>(176)) - Creating Volume: /workdir/hadoop-ozone/ozonefs/target/test-dir/MiniOzoneClusterImpl-b00a5744-6e73-4fa1-a928-c24f0d5ffca4/datanode-1/data/containers/hdds of  storage type : DISK and capacity : 1482555576320
2019-09-26 10:51:57,093 [main] INFO  volume.VolumeSet (VolumeSet.java:initializeVolumeSet(170)) - Added Volume : /workdir/hadoop-ozone/ozonefs/target/test-dir/MiniOzoneClusterImpl-b00a5744-6e73-4fa1-a928-c24f0d5ffca4/datanode-1/data/containers/hdds to VolumeSet
2019-09-26 10:51:57,093 [main] INFO  volume.ThrottledAsyncChecker (ThrottledAsyncChecker.java:schedule(139)) - Scheduling a check for org.apache.hadoop.ozone.container.common.volume.HddsVolume@6caf7803
2019-09-26 10:51:57,094 [main] INFO  volume.HddsVolumeChecker (HddsVolumeChecker.java:checkAllVolumes(202)) - Scheduled health check for volume org.apache.hadoop.ozone.container.common.volume.HddsVolume@6caf7803
2019-09-26 10:51:57,115 [main] INFO  impl.RaftServerProxy (ConfUtils.java:logGet(43)) - raft.rpc.type = GRPC (default)
2019-09-26 10:51:57,116 [main] INFO  grpc.GrpcFactory (GrpcFactory.java:checkPooledByteBufAllocatorUseCacheForAllThreads(45)) - PERFORMANCE WARNING: useCacheForAllThreads is true that may cause Netty to create a lot garbage objects and, as a result, trigger GC.
	It is recommended to disable useCacheForAllThreads by setting -Dorg.apache.ratis.thirdparty.io.netty.allocator.useCacheForAllThreads=false in command line.
2019-09-26 10:51:57,116 [main] INFO  grpc.GrpcConfigKeys$Server (ConfUtils.java:logGet(43)) - raft.grpc.server.port = 0 (default)
2019-09-26 10:51:57,116 [main] INFO  server.GrpcService (ConfUtils.java:logGet(43)) - raft.grpc.message.size.max = 33570816 (custom)
2019-09-26 10:51:57,116 [main] INFO  server.RaftServerConfigKeys (ConfUtils.java:logGet(43)) - raft.server.log.appender.buffer.byte-limit = 33554432 (custom)
2019-09-26 10:51:57,117 [main] INFO  server.GrpcService (ConfUtils.java:logGet(43)) - raft.grpc.flow.control.window = 1MB (=1048576) (default)
2019-09-26 10:51:57,117 [main] INFO  server.RaftServerConfigKeys (ConfUtils.java:logGet(43)) - raft.server.rpc.request.timeout = 3000ms (default)
2019-09-26 10:51:57,117 [main] INFO  server.RaftServerConfigKeys (ConfUtils.java:logGet(43)) - raft.server.storage.dir = [/workdir/hadoop-ozone/ozonefs/target/test-dir/MiniOzoneClusterImpl-b00a5744-6e73-4fa1-a928-c24f0d5ffca4/datanode-1/data/ratis] (custom)
2019-09-26 10:51:57,119 [main] INFO  hdfs.DFSUtil (DFSUtil.java:httpServerTemplateForNNAndJN(1641)) - Starting Web-server for hddsDatanode at: http://0.0.0.0:0
2019-09-26 10:51:57,120 [main] INFO  server.AuthenticationFilter (AuthenticationFilter.java:constructSecretProvider(240)) - Unable to initialize FileSignerSecretProvider, falling back to use random secrets.
2019-09-26 10:51:57,121 [main] WARN  http.HttpRequestLog (HttpRequestLog.java:getRequestLog(97)) - Jetty request log can only be enabled using Log4j
2019-09-26 10:51:57,123 [main] INFO  http.HttpServer2 (HttpServer2.java:addGlobalFilter(975)) - Added global filter 'safety' (class=org.apache.hadoop.http.HttpServer2$QuotingInputFilter)
2019-09-26 10:51:57,124 [main] INFO  http.HttpServer2 (HttpServer2.java:addFilter(948)) - Added filter static_user_filter (class=org.apache.hadoop.http.lib.StaticUserWebFilter$StaticUserFilter) to context hddsDatanode
2019-09-26 10:51:57,124 [main] INFO  http.HttpServer2 (HttpServer2.java:addFilter(958)) - Added filter static_user_filter (class=org.apache.hadoop.http.lib.StaticUserWebFilter$StaticUserFilter) to context static
2019-09-26 10:51:57,124 [main] INFO  http.HttpServer2 (HttpServer2.java:addFilter(958)) - Added filter static_user_filter (class=org.apache.hadoop.http.lib.StaticUserWebFilter$StaticUserFilter) to context logs
2019-09-26 10:51:57,125 [main] INFO  http.HttpServer2 (HttpServer2.java:bindListener(1191)) - Jetty bound to port 34036
2019-09-26 10:51:57,125 [main] INFO  server.Server (Server.java:doStart(351)) - jetty-9.3.25.v20180904, build timestamp: 2018-09-04T21:11:46Z, git hash: 3ce520221d0240229c862b122d2b06c12a625732
2019-09-26 10:51:57,129 [main] INFO  handler.ContextHandler (ContextHandler.java:doStart(781)) - Started o.e.j.s.ServletContextHandler@1687eb01{/logs,file:///workdir/hadoop-ozone/ozonefs/target/log,AVAILABLE}
2019-09-26 10:51:57,130 [main] INFO  handler.ContextHandler (ContextHandler.java:doStart(781)) - Started o.e.j.s.ServletContextHandler@2f897dab{/static,jar:file:/home/user/.m2/repository/org/apache/hadoop/hadoop-hdds-container-service/0.5.0-SNAPSHOT/hadoop-hdds-container-service-0.5.0-SNAPSHOT.jar!/webapps/static,AVAILABLE}
2019-09-26 10:51:57,163 [main] INFO  handler.ContextHandler (ContextHandler.java:doStart(781)) - Started o.e.j.w.WebAppContext@60c8a093{/,file:///tmp/jetty-0.0.0.0-34036-hddsDatanode-_-any-4221225847375269737.dir/webapp/,AVAILABLE}{/hddsDatanode}
2019-09-26 10:51:57,165 [main] INFO  server.AbstractConnector (AbstractConnector.java:doStart(278)) - Started ServerConnector@44cffc25{HTTP/1.1,[http/1.1]}{0.0.0.0:34036}
2019-09-26 10:51:57,165 [main] INFO  server.Server (Server.java:doStart(419)) - Started @5718ms
2019-09-26 10:51:57,166 [main] WARN  impl.MetricsSystemImpl (MetricsSystemImpl.java:register(276)) - Sink prometheus already exists!
2019-09-26 10:51:57,167 [main] INFO  server.BaseHttpServer (BaseHttpServer.java:updateConnectorAddress(215)) - HTTP server of HDDSDATANODE is listening at http://0.0.0.0:34036
2019-09-26 10:51:57,167 [main] INFO  impl.MetricsSystemImpl (MetricsSystemImpl.java:init(158)) - HddsDatanode metrics system started (again)
2019-09-26 10:51:57,171 [org.apache.hadoop.util.JvmPauseMonitor$Monitor@379afd87] INFO  util.JvmPauseMonitor (JvmPauseMonitor.java:run(188)) - Starting JVM pause monitor
2019-09-26 10:51:57,171 [main] INFO  ozone.HddsDatanodeService (HddsDatanodeService.java:start(184)) - HddsDatanodeService host:pr-hdds-1569-wvzgm-824869521 ip:192.168.30.13
2019-09-26 10:51:57,182 [main] INFO  volume.HddsVolume (HddsVolume.java:<init>(176)) - Creating Volume: /workdir/hadoop-ozone/ozonefs/target/test-dir/MiniOzoneClusterImpl-b00a5744-6e73-4fa1-a928-c24f0d5ffca4/datanode-2/data/containers/hdds of  storage type : DISK and capacity : 1482555576320
2019-09-26 10:51:57,182 [main] INFO  volume.VolumeSet (VolumeSet.java:initializeVolumeSet(170)) - Added Volume : /workdir/hadoop-ozone/ozonefs/target/test-dir/MiniOzoneClusterImpl-b00a5744-6e73-4fa1-a928-c24f0d5ffca4/datanode-2/data/containers/hdds to VolumeSet
2019-09-26 10:51:57,182 [main] INFO  volume.ThrottledAsyncChecker (ThrottledAsyncChecker.java:schedule(139)) - Scheduling a check for org.apache.hadoop.ozone.container.common.volume.HddsVolume@4dba773d
2019-09-26 10:51:57,183 [main] INFO  volume.HddsVolumeChecker (HddsVolumeChecker.java:checkAllVolumes(202)) - Scheduled health check for volume org.apache.hadoop.ozone.container.common.volume.HddsVolume@4dba773d
2019-09-26 10:51:57,208 [main] INFO  impl.RaftServerProxy (ConfUtils.java:logGet(43)) - raft.rpc.type = GRPC (default)
2019-09-26 10:51:57,209 [main] INFO  grpc.GrpcFactory (GrpcFactory.java:checkPooledByteBufAllocatorUseCacheForAllThreads(45)) - PERFORMANCE WARNING: useCacheForAllThreads is true that may cause Netty to create a lot garbage objects and, as a result, trigger GC.
	It is recommended to disable useCacheForAllThreads by setting -Dorg.apache.ratis.thirdparty.io.netty.allocator.useCacheForAllThreads=false in command line.
2019-09-26 10:51:57,209 [main] INFO  grpc.GrpcConfigKeys$Server (ConfUtils.java:logGet(43)) - raft.grpc.server.port = 0 (default)
2019-09-26 10:51:57,209 [main] INFO  server.GrpcService (ConfUtils.java:logGet(43)) - raft.grpc.message.size.max = 33570816 (custom)
2019-09-26 10:51:57,209 [main] INFO  server.RaftServerConfigKeys (ConfUtils.java:logGet(43)) - raft.server.log.appender.buffer.byte-limit = 33554432 (custom)
2019-09-26 10:51:57,210 [main] INFO  server.GrpcService (ConfUtils.java:logGet(43)) - raft.grpc.flow.control.window = 1MB (=1048576) (default)
2019-09-26 10:51:57,210 [main] INFO  server.RaftServerConfigKeys (ConfUtils.java:logGet(43)) - raft.server.rpc.request.timeout = 3000ms (default)
2019-09-26 10:51:57,211 [main] INFO  server.RaftServerConfigKeys (ConfUtils.java:logGet(43)) - raft.server.storage.dir = [/workdir/hadoop-ozone/ozonefs/target/test-dir/MiniOzoneClusterImpl-b00a5744-6e73-4fa1-a928-c24f0d5ffca4/datanode-2/data/ratis] (custom)
2019-09-26 10:51:57,213 [main] INFO  hdfs.DFSUtil (DFSUtil.java:httpServerTemplateForNNAndJN(1641)) - Starting Web-server for hddsDatanode at: http://0.0.0.0:0
2019-09-26 10:51:57,214 [main] INFO  server.AuthenticationFilter (AuthenticationFilter.java:constructSecretProvider(240)) - Unable to initialize FileSignerSecretProvider, falling back to use random secrets.
2019-09-26 10:51:57,215 [main] WARN  http.HttpRequestLog (HttpRequestLog.java:getRequestLog(97)) - Jetty request log can only be enabled using Log4j
2019-09-26 10:51:57,217 [main] INFO  http.HttpServer2 (HttpServer2.java:addGlobalFilter(975)) - Added global filter 'safety' (class=org.apache.hadoop.http.HttpServer2$QuotingInputFilter)
2019-09-26 10:51:57,218 [main] INFO  http.HttpServer2 (HttpServer2.java:addFilter(948)) - Added filter static_user_filter (class=org.apache.hadoop.http.lib.StaticUserWebFilter$StaticUserFilter) to context hddsDatanode
2019-09-26 10:51:57,218 [main] INFO  http.HttpServer2 (HttpServer2.java:addFilter(958)) - Added filter static_user_filter (class=org.apache.hadoop.http.lib.StaticUserWebFilter$StaticUserFilter) to context static
2019-09-26 10:51:57,218 [main] INFO  http.HttpServer2 (HttpServer2.java:addFilter(958)) - Added filter static_user_filter (class=org.apache.hadoop.http.lib.StaticUserWebFilter$StaticUserFilter) to context logs
2019-09-26 10:51:57,219 [main] INFO  http.HttpServer2 (HttpServer2.java:bindListener(1191)) - Jetty bound to port 42941
2019-09-26 10:51:57,219 [main] INFO  server.Server (Server.java:doStart(351)) - jetty-9.3.25.v20180904, build timestamp: 2018-09-04T21:11:46Z, git hash: 3ce520221d0240229c862b122d2b06c12a625732
2019-09-26 10:51:57,221 [main] INFO  handler.ContextHandler (ContextHandler.java:doStart(781)) - Started o.e.j.s.ServletContextHandler@5f481b73{/logs,file:///workdir/hadoop-ozone/ozonefs/target/log,AVAILABLE}
2019-09-26 10:51:57,222 [main] INFO  handler.ContextHandler (ContextHandler.java:doStart(781)) - Started o.e.j.s.ServletContextHandler@41294371{/static,jar:file:/home/user/.m2/repository/org/apache/hadoop/hadoop-hdds-container-service/0.5.0-SNAPSHOT/hadoop-hdds-container-service-0.5.0-SNAPSHOT.jar!/webapps/static,AVAILABLE}
2019-09-26 10:51:57,238 [Datanode State Machine Thread - 0] INFO  datanode.InitDatanodeState (InitDatanodeState.java:persistContainerDatanodeDetails(140)) - DatanodeDetails is persisted to /workdir/hadoop-ozone/ozonefs/target/test-dir/MiniOzoneClusterImpl-b00a5744-6e73-4fa1-a928-c24f0d5ffca4/datanode-0/meta/datanode.id
2019-09-26 10:51:57,243 [Datanode State Machine Thread - 0] INFO  datanode.InitDatanodeState (InitDatanodeState.java:persistContainerDatanodeDetails(140)) - DatanodeDetails is persisted to /workdir/hadoop-ozone/ozonefs/target/test-dir/MiniOzoneClusterImpl-b00a5744-6e73-4fa1-a928-c24f0d5ffca4/datanode-1/meta/datanode.id
2019-09-26 10:51:57,258 [main] INFO  handler.ContextHandler (ContextHandler.java:doStart(781)) - Started o.e.j.w.WebAppContext@b887730{/,file:///tmp/jetty-0.0.0.0-42941-hddsDatanode-_-any-6170664581543113870.dir/webapp/,AVAILABLE}{/hddsDatanode}
2019-09-26 10:51:57,259 [main] INFO  server.AbstractConnector (AbstractConnector.java:doStart(278)) - Started ServerConnector@26586b74{HTTP/1.1,[http/1.1]}{0.0.0.0:42941}
2019-09-26 10:51:57,259 [main] INFO  server.Server (Server.java:doStart(419)) - Started @5812ms
2019-09-26 10:51:57,260 [main] WARN  impl.MetricsSystemImpl (MetricsSystemImpl.java:register(276)) - Sink prometheus already exists!
2019-09-26 10:51:57,260 [main] INFO  server.BaseHttpServer (BaseHttpServer.java:updateConnectorAddress(215)) - HTTP server of HDDSDATANODE is listening at http://0.0.0.0:42941
2019-09-26 10:51:57,261 [main] INFO  impl.MetricsSystemImpl (MetricsSystemImpl.java:init(158)) - HddsDatanode metrics system started (again)
2019-09-26 10:51:57,264 [main] INFO  ozone.HddsDatanodeService (HddsDatanodeService.java:start(184)) - HddsDatanodeService host:pr-hdds-1569-wvzgm-824869521 ip:192.168.30.13
2019-09-26 10:51:57,264 [org.apache.hadoop.util.JvmPauseMonitor$Monitor@f883273] INFO  util.JvmPauseMonitor (JvmPauseMonitor.java:run(188)) - Starting JVM pause monitor
2019-09-26 10:51:57,267 [Datanode State Machine Thread - 0] INFO  datanode.InitDatanodeState (InitDatanodeState.java:persistContainerDatanodeDetails(140)) - DatanodeDetails is persisted to /workdir/hadoop-ozone/ozonefs/target/test-dir/MiniOzoneClusterImpl-b00a5744-6e73-4fa1-a928-c24f0d5ffca4/datanode-2/meta/datanode.id
2019-09-26 10:51:57,272 [main] INFO  volume.HddsVolume (HddsVolume.java:<init>(176)) - Creating Volume: /workdir/hadoop-ozone/ozonefs/target/test-dir/MiniOzoneClusterImpl-b00a5744-6e73-4fa1-a928-c24f0d5ffca4/datanode-3/data/containers/hdds of  storage type : DISK and capacity : 1482555576320
2019-09-26 10:51:57,273 [main] INFO  volume.VolumeSet (VolumeSet.java:initializeVolumeSet(170)) - Added Volume : /workdir/hadoop-ozone/ozonefs/target/test-dir/MiniOzoneClusterImpl-b00a5744-6e73-4fa1-a928-c24f0d5ffca4/datanode-3/data/containers/hdds to VolumeSet
2019-09-26 10:51:57,273 [main] INFO  volume.ThrottledAsyncChecker (ThrottledAsyncChecker.java:schedule(139)) - Scheduling a check for org.apache.hadoop.ozone.container.common.volume.HddsVolume@2bc378f7
2019-09-26 10:51:57,273 [main] INFO  volume.HddsVolumeChecker (HddsVolumeChecker.java:checkAllVolumes(202)) - Scheduled health check for volume org.apache.hadoop.ozone.container.common.volume.HddsVolume@2bc378f7
2019-09-26 10:51:57,294 [main] INFO  impl.RaftServerProxy (ConfUtils.java:logGet(43)) - raft.rpc.type = GRPC (default)
2019-09-26 10:51:57,295 [main] INFO  grpc.GrpcFactory (GrpcFactory.java:checkPooledByteBufAllocatorUseCacheForAllThreads(45)) - PERFORMANCE WARNING: useCacheForAllThreads is true that may cause Netty to create a lot garbage objects and, as a result, trigger GC.
	It is recommended to disable useCacheForAllThreads by setting -Dorg.apache.ratis.thirdparty.io.netty.allocator.useCacheForAllThreads=false in command line.
2019-09-26 10:51:57,295 [main] INFO  grpc.GrpcConfigKeys$Server (ConfUtils.java:logGet(43)) - raft.grpc.server.port = 0 (default)
2019-09-26 10:51:57,295 [main] INFO  server.GrpcService (ConfUtils.java:logGet(43)) - raft.grpc.message.size.max = 33570816 (custom)
2019-09-26 10:51:57,295 [main] INFO  server.RaftServerConfigKeys (ConfUtils.java:logGet(43)) - raft.server.log.appender.buffer.byte-limit = 33554432 (custom)
2019-09-26 10:51:57,295 [main] INFO  server.GrpcService (ConfUtils.java:logGet(43)) - raft.grpc.flow.control.window = 1MB (=1048576) (default)
2019-09-26 10:51:57,296 [main] INFO  server.RaftServerConfigKeys (ConfUtils.java:logGet(43)) - raft.server.rpc.request.timeout = 3000ms (default)
2019-09-26 10:51:57,296 [main] INFO  server.RaftServerConfigKeys (ConfUtils.java:logGet(43)) - raft.server.storage.dir = [/workdir/hadoop-ozone/ozonefs/target/test-dir/MiniOzoneClusterImpl-b00a5744-6e73-4fa1-a928-c24f0d5ffca4/datanode-3/data/ratis] (custom)
2019-09-26 10:51:57,298 [main] INFO  hdfs.DFSUtil (DFSUtil.java:httpServerTemplateForNNAndJN(1641)) - Starting Web-server for hddsDatanode at: http://0.0.0.0:0
2019-09-26 10:51:57,299 [main] INFO  server.AuthenticationFilter (AuthenticationFilter.java:constructSecretProvider(240)) - Unable to initialize FileSignerSecretProvider, falling back to use random secrets.
2019-09-26 10:51:57,300 [main] WARN  http.HttpRequestLog (HttpRequestLog.java:getRequestLog(97)) - Jetty request log can only be enabled using Log4j
2019-09-26 10:51:57,302 [main] INFO  http.HttpServer2 (HttpServer2.java:addGlobalFilter(975)) - Added global filter 'safety' (class=org.apache.hadoop.http.HttpServer2$QuotingInputFilter)
2019-09-26 10:51:57,303 [main] INFO  http.HttpServer2 (HttpServer2.java:addFilter(948)) - Added filter static_user_filter (class=org.apache.hadoop.http.lib.StaticUserWebFilter$StaticUserFilter) to context hddsDatanode
2019-09-26 10:51:57,303 [main] INFO  http.HttpServer2 (HttpServer2.java:addFilter(958)) - Added filter static_user_filter (class=org.apache.hadoop.http.lib.StaticUserWebFilter$StaticUserFilter) to context static
2019-09-26 10:51:57,303 [main] INFO  http.HttpServer2 (HttpServer2.java:addFilter(958)) - Added filter static_user_filter (class=org.apache.hadoop.http.lib.StaticUserWebFilter$StaticUserFilter) to context logs
2019-09-26 10:51:57,304 [main] INFO  http.HttpServer2 (HttpServer2.java:bindListener(1191)) - Jetty bound to port 41357
2019-09-26 10:51:57,304 [main] INFO  server.Server (Server.java:doStart(351)) - jetty-9.3.25.v20180904, build timestamp: 2018-09-04T21:11:46Z, git hash: 3ce520221d0240229c862b122d2b06c12a625732
2019-09-26 10:51:57,308 [main] INFO  handler.ContextHandler (ContextHandler.java:doStart(781)) - Started o.e.j.s.ServletContextHandler@68868328{/logs,file:///workdir/hadoop-ozone/ozonefs/target/log,AVAILABLE}
2019-09-26 10:51:57,308 [main] INFO  handler.ContextHandler (ContextHandler.java:doStart(781)) - Started o.e.j.s.ServletContextHandler@1a22e0ef{/static,jar:file:/home/user/.m2/repository/org/apache/hadoop/hadoop-hdds-container-service/0.5.0-SNAPSHOT/hadoop-hdds-container-service-0.5.0-SNAPSHOT.jar!/webapps/static,AVAILABLE}
2019-09-26 10:51:57,337 [main] INFO  handler.ContextHandler (ContextHandler.java:doStart(781)) - Started o.e.j.w.WebAppContext@2d3ef181{/,file:///tmp/jetty-0.0.0.0-41357-hddsDatanode-_-any-7391224536265529429.dir/webapp/,AVAILABLE}{/hddsDatanode}
2019-09-26 10:51:57,337 [main] INFO  server.AbstractConnector (AbstractConnector.java:doStart(278)) - Started ServerConnector@a2341c6{HTTP/1.1,[http/1.1]}{0.0.0.0:41357}
2019-09-26 10:51:57,338 [main] INFO  server.Server (Server.java:doStart(419)) - Started @5891ms
2019-09-26 10:51:57,338 [main] WARN  impl.MetricsSystemImpl (MetricsSystemImpl.java:register(276)) - Sink prometheus already exists!
2019-09-26 10:51:57,339 [main] INFO  server.BaseHttpServer (BaseHttpServer.java:updateConnectorAddress(215)) - HTTP server of HDDSDATANODE is listening at http://0.0.0.0:41357
2019-09-26 10:51:57,339 [main] INFO  impl.MetricsSystemImpl (MetricsSystemImpl.java:init(158)) - HddsDatanode metrics system started (again)
2019-09-26 10:51:57,343 [main] INFO  ozone.HddsDatanodeService (HddsDatanodeService.java:start(184)) - HddsDatanodeService host:pr-hdds-1569-wvzgm-824869521 ip:192.168.30.13
2019-09-26 10:51:57,343 [org.apache.hadoop.util.JvmPauseMonitor$Monitor@d1bcc09] INFO  util.JvmPauseMonitor (JvmPauseMonitor.java:run(188)) - Starting JVM pause monitor
2019-09-26 10:51:57,348 [Datanode State Machine Thread - 0] INFO  datanode.InitDatanodeState (InitDatanodeState.java:persistContainerDatanodeDetails(140)) - DatanodeDetails is persisted to /workdir/hadoop-ozone/ozonefs/target/test-dir/MiniOzoneClusterImpl-b00a5744-6e73-4fa1-a928-c24f0d5ffca4/datanode-3/meta/datanode.id
2019-09-26 10:51:57,353 [main] INFO  volume.HddsVolume (HddsVolume.java:<init>(176)) - Creating Volume: /workdir/hadoop-ozone/ozonefs/target/test-dir/MiniOzoneClusterImpl-b00a5744-6e73-4fa1-a928-c24f0d5ffca4/datanode-4/data/containers/hdds of  storage type : DISK and capacity : 1482555576320
2019-09-26 10:51:57,353 [main] INFO  volume.VolumeSet (VolumeSet.java:initializeVolumeSet(170)) - Added Volume : /workdir/hadoop-ozone/ozonefs/target/test-dir/MiniOzoneClusterImpl-b00a5744-6e73-4fa1-a928-c24f0d5ffca4/datanode-4/data/containers/hdds to VolumeSet
2019-09-26 10:51:57,354 [main] INFO  volume.ThrottledAsyncChecker (ThrottledAsyncChecker.java:schedule(139)) - Scheduling a check for org.apache.hadoop.ozone.container.common.volume.HddsVolume@984169e
2019-09-26 10:51:57,354 [main] INFO  volume.HddsVolumeChecker (HddsVolumeChecker.java:checkAllVolumes(202)) - Scheduled health check for volume org.apache.hadoop.ozone.container.common.volume.HddsVolume@984169e
2019-09-26 10:51:57,378 [main] INFO  impl.RaftServerProxy (ConfUtils.java:logGet(43)) - raft.rpc.type = GRPC (default)
2019-09-26 10:51:57,378 [main] INFO  grpc.GrpcFactory (GrpcFactory.java:checkPooledByteBufAllocatorUseCacheForAllThreads(45)) - PERFORMANCE WARNING: useCacheForAllThreads is true that may cause Netty to create a lot garbage objects and, as a result, trigger GC.
	It is recommended to disable useCacheForAllThreads by setting -Dorg.apache.ratis.thirdparty.io.netty.allocator.useCacheForAllThreads=false in command line.
2019-09-26 10:51:57,379 [main] INFO  grpc.GrpcConfigKeys$Server (ConfUtils.java:logGet(43)) - raft.grpc.server.port = 0 (default)
2019-09-26 10:51:57,379 [main] INFO  server.GrpcService (ConfUtils.java:logGet(43)) - raft.grpc.message.size.max = 33570816 (custom)
2019-09-26 10:51:57,380 [main] INFO  server.RaftServerConfigKeys (ConfUtils.java:logGet(43)) - raft.server.log.appender.buffer.byte-limit = 33554432 (custom)
2019-09-26 10:51:57,380 [main] INFO  server.GrpcService (ConfUtils.java:logGet(43)) - raft.grpc.flow.control.window = 1MB (=1048576) (default)
2019-09-26 10:51:57,381 [main] INFO  server.RaftServerConfigKeys (ConfUtils.java:logGet(43)) - raft.server.rpc.request.timeout = 3000ms (default)
2019-09-26 10:51:57,382 [main] INFO  server.RaftServerConfigKeys (ConfUtils.java:logGet(43)) - raft.server.storage.dir = [/workdir/hadoop-ozone/ozonefs/target/test-dir/MiniOzoneClusterImpl-b00a5744-6e73-4fa1-a928-c24f0d5ffca4/datanode-4/data/ratis] (custom)
2019-09-26 10:51:57,384 [main] INFO  hdfs.DFSUtil (DFSUtil.java:httpServerTemplateForNNAndJN(1641)) - Starting Web-server for hddsDatanode at: http://0.0.0.0:0
2019-09-26 10:51:57,387 [main] INFO  server.AuthenticationFilter (AuthenticationFilter.java:constructSecretProvider(240)) - Unable to initialize FileSignerSecretProvider, falling back to use random secrets.
2019-09-26 10:51:57,388 [main] WARN  http.HttpRequestLog (HttpRequestLog.java:getRequestLog(97)) - Jetty request log can only be enabled using Log4j
2019-09-26 10:51:57,391 [main] INFO  http.HttpServer2 (HttpServer2.java:addGlobalFilter(975)) - Added global filter 'safety' (class=org.apache.hadoop.http.HttpServer2$QuotingInputFilter)
2019-09-26 10:51:57,393 [main] INFO  http.HttpServer2 (HttpServer2.java:addFilter(948)) - Added filter static_user_filter (class=org.apache.hadoop.http.lib.StaticUserWebFilter$StaticUserFilter) to context hddsDatanode
2019-09-26 10:51:57,393 [main] INFO  http.HttpServer2 (HttpServer2.java:addFilter(958)) - Added filter static_user_filter (class=org.apache.hadoop.http.lib.StaticUserWebFilter$StaticUserFilter) to context logs
2019-09-26 10:51:57,393 [main] INFO  http.HttpServer2 (HttpServer2.java:addFilter(958)) - Added filter static_user_filter (class=org.apache.hadoop.http.lib.StaticUserWebFilter$StaticUserFilter) to context static
2019-09-26 10:51:57,395 [main] INFO  http.HttpServer2 (HttpServer2.java:bindListener(1191)) - Jetty bound to port 33043
2019-09-26 10:51:57,395 [main] INFO  server.Server (Server.java:doStart(351)) - jetty-9.3.25.v20180904, build timestamp: 2018-09-04T21:11:46Z, git hash: 3ce520221d0240229c862b122d2b06c12a625732
2019-09-26 10:51:57,398 [main] INFO  handler.ContextHandler (ContextHandler.java:doStart(781)) - Started o.e.j.s.ServletContextHandler@2eeb0f9b{/logs,file:///workdir/hadoop-ozone/ozonefs/target/log,AVAILABLE}
2019-09-26 10:51:57,399 [main] INFO  handler.ContextHandler (ContextHandler.java:doStart(781)) - Started o.e.j.s.ServletContextHandler@1645f294{/static,jar:file:/home/user/.m2/repository/org/apache/hadoop/hadoop-hdds-container-service/0.5.0-SNAPSHOT/hadoop-hdds-container-service-0.5.0-SNAPSHOT.jar!/webapps/static,AVAILABLE}
2019-09-26 10:51:57,443 [main] INFO  handler.ContextHandler (ContextHandler.java:doStart(781)) - Started o.e.j.w.WebAppContext@aaa0f76{/,file:///tmp/jetty-0.0.0.0-33043-hddsDatanode-_-any-6438267498819384740.dir/webapp/,AVAILABLE}{/hddsDatanode}
2019-09-26 10:51:57,445 [main] INFO  server.AbstractConnector (AbstractConnector.java:doStart(278)) - Started ServerConnector@340a8894{HTTP/1.1,[http/1.1]}{0.0.0.0:33043}
2019-09-26 10:51:57,445 [main] INFO  server.Server (Server.java:doStart(419)) - Started @5998ms
2019-09-26 10:51:57,445 [main] WARN  impl.MetricsSystemImpl (MetricsSystemImpl.java:register(276)) - Sink prometheus already exists!
2019-09-26 10:51:57,446 [main] INFO  server.BaseHttpServer (BaseHttpServer.java:updateConnectorAddress(215)) - HTTP server of HDDSDATANODE is listening at http://0.0.0.0:33043
2019-09-26 10:51:57,446 [main] INFO  impl.MetricsSystemImpl (MetricsSystemImpl.java:init(158)) - HddsDatanode metrics system started (again)
2019-09-26 10:51:57,450 [org.apache.hadoop.util.JvmPauseMonitor$Monitor@7d41adef] INFO  util.JvmPauseMonitor (JvmPauseMonitor.java:run(188)) - Starting JVM pause monitor
2019-09-26 10:51:57,450 [main] INFO  ozone.HddsDatanodeService (HddsDatanodeService.java:start(184)) - HddsDatanodeService host:pr-hdds-1569-wvzgm-824869521 ip:192.168.30.13
2019-09-26 10:51:57,454 [Datanode State Machine Thread - 0] INFO  datanode.InitDatanodeState (InitDatanodeState.java:persistContainerDatanodeDetails(140)) - DatanodeDetails is persisted to /workdir/hadoop-ozone/ozonefs/target/test-dir/MiniOzoneClusterImpl-b00a5744-6e73-4fa1-a928-c24f0d5ffca4/datanode-4/meta/datanode.id
2019-09-26 10:51:57,459 [main] INFO  volume.HddsVolume (HddsVolume.java:<init>(176)) - Creating Volume: /workdir/hadoop-ozone/ozonefs/target/test-dir/MiniOzoneClusterImpl-b00a5744-6e73-4fa1-a928-c24f0d5ffca4/datanode-5/data/containers/hdds of  storage type : DISK and capacity : 1482555576320
2019-09-26 10:51:57,460 [main] INFO  volume.VolumeSet (VolumeSet.java:initializeVolumeSet(170)) - Added Volume : /workdir/hadoop-ozone/ozonefs/target/test-dir/MiniOzoneClusterImpl-b00a5744-6e73-4fa1-a928-c24f0d5ffca4/datanode-5/data/containers/hdds to VolumeSet
2019-09-26 10:51:57,460 [main] INFO  volume.ThrottledAsyncChecker (ThrottledAsyncChecker.java:schedule(139)) - Scheduling a check for org.apache.hadoop.ozone.container.common.volume.HddsVolume@23f86d8a
2019-09-26 10:51:57,461 [main] INFO  volume.HddsVolumeChecker (HddsVolumeChecker.java:checkAllVolumes(202)) - Scheduled health check for volume org.apache.hadoop.ozone.container.common.volume.HddsVolume@23f86d8a
2019-09-26 10:51:57,485 [main] INFO  impl.RaftServerProxy (ConfUtils.java:logGet(43)) - raft.rpc.type = GRPC (default)
2019-09-26 10:51:57,486 [main] INFO  grpc.GrpcFactory (GrpcFactory.java:checkPooledByteBufAllocatorUseCacheForAllThreads(45)) - PERFORMANCE WARNING: useCacheForAllThreads is true that may cause Netty to create a lot garbage objects and, as a result, trigger GC.
	It is recommended to disable useCacheForAllThreads by setting -Dorg.apache.ratis.thirdparty.io.netty.allocator.useCacheForAllThreads=false in command line.
2019-09-26 10:51:57,486 [main] INFO  grpc.GrpcConfigKeys$Server (ConfUtils.java:logGet(43)) - raft.grpc.server.port = 0 (default)
2019-09-26 10:51:57,486 [main] INFO  server.GrpcService (ConfUtils.java:logGet(43)) - raft.grpc.message.size.max = 33570816 (custom)
2019-09-26 10:51:57,486 [main] INFO  server.RaftServerConfigKeys (ConfUtils.java:logGet(43)) - raft.server.log.appender.buffer.byte-limit = 33554432 (custom)
2019-09-26 10:51:57,487 [main] INFO  server.GrpcService (ConfUtils.java:logGet(43)) - raft.grpc.flow.control.window = 1MB (=1048576) (default)
2019-09-26 10:51:57,487 [main] INFO  server.RaftServerConfigKeys (ConfUtils.java:logGet(43)) - raft.server.rpc.request.timeout = 3000ms (default)
2019-09-26 10:51:57,488 [main] INFO  server.RaftServerConfigKeys (ConfUtils.java:logGet(43)) - raft.server.storage.dir = [/workdir/hadoop-ozone/ozonefs/target/test-dir/MiniOzoneClusterImpl-b00a5744-6e73-4fa1-a928-c24f0d5ffca4/datanode-5/data/ratis] (custom)
2019-09-26 10:51:57,489 [main] INFO  hdfs.DFSUtil (DFSUtil.java:httpServerTemplateForNNAndJN(1641)) - Starting Web-server for hddsDatanode at: http://0.0.0.0:0
2019-09-26 10:51:57,491 [main] INFO  server.AuthenticationFilter (AuthenticationFilter.java:constructSecretProvider(240)) - Unable to initialize FileSignerSecretProvider, falling back to use random secrets.
2019-09-26 10:51:57,492 [main] WARN  http.HttpRequestLog (HttpRequestLog.java:getRequestLog(97)) - Jetty request log can only be enabled using Log4j
2019-09-26 10:51:57,493 [main] INFO  http.HttpServer2 (HttpServer2.java:addGlobalFilter(975)) - Added global filter 'safety' (class=org.apache.hadoop.http.HttpServer2$QuotingInputFilter)
2019-09-26 10:51:57,494 [main] INFO  http.HttpServer2 (HttpServer2.java:addFilter(948)) - Added filter static_user_filter (class=org.apache.hadoop.http.lib.StaticUserWebFilter$StaticUserFilter) to context hddsDatanode
2019-09-26 10:51:57,494 [main] INFO  http.HttpServer2 (HttpServer2.java:addFilter(958)) - Added filter static_user_filter (class=org.apache.hadoop.http.lib.StaticUserWebFilter$StaticUserFilter) to context static
2019-09-26 10:51:57,494 [main] INFO  http.HttpServer2 (HttpServer2.java:addFilter(958)) - Added filter static_user_filter (class=org.apache.hadoop.http.lib.StaticUserWebFilter$StaticUserFilter) to context logs
2019-09-26 10:51:57,495 [main] INFO  http.HttpServer2 (HttpServer2.java:bindListener(1191)) - Jetty bound to port 40545
2019-09-26 10:51:57,495 [main] INFO  server.Server (Server.java:doStart(351)) - jetty-9.3.25.v20180904, build timestamp: 2018-09-04T21:11:46Z, git hash: 3ce520221d0240229c862b122d2b06c12a625732
2019-09-26 10:51:57,498 [main] INFO  handler.ContextHandler (ContextHandler.java:doStart(781)) - Started o.e.j.s.ServletContextHandler@6fa0450e{/logs,file:///workdir/hadoop-ozone/ozonefs/target/log,AVAILABLE}
2019-09-26 10:51:57,499 [main] INFO  handler.ContextHandler (ContextHandler.java:doStart(781)) - Started o.e.j.s.ServletContextHandler@51ec2856{/static,jar:file:/home/user/.m2/repository/org/apache/hadoop/hadoop-hdds-container-service/0.5.0-SNAPSHOT/hadoop-hdds-container-service-0.5.0-SNAPSHOT.jar!/webapps/static,AVAILABLE}
2019-09-26 10:51:57,527 [main] INFO  handler.ContextHandler (ContextHandler.java:doStart(781)) - Started o.e.j.w.WebAppContext@6192a5d5{/,file:///tmp/jetty-0.0.0.0-40545-hddsDatanode-_-any-2387945058266222439.dir/webapp/,AVAILABLE}{/hddsDatanode}
2019-09-26 10:51:57,527 [main] INFO  server.AbstractConnector (AbstractConnector.java:doStart(278)) - Started ServerConnector@3722c145{HTTP/1.1,[http/1.1]}{0.0.0.0:40545}
2019-09-26 10:51:57,528 [main] INFO  server.Server (Server.java:doStart(419)) - Started @6081ms
2019-09-26 10:51:57,528 [main] WARN  impl.MetricsSystemImpl (MetricsSystemImpl.java:register(276)) - Sink prometheus already exists!
2019-09-26 10:51:57,529 [main] INFO  server.BaseHttpServer (BaseHttpServer.java:updateConnectorAddress(215)) - HTTP server of HDDSDATANODE is listening at http://0.0.0.0:40545
2019-09-26 10:51:57,529 [main] INFO  impl.MetricsSystemImpl (MetricsSystemImpl.java:init(158)) - HddsDatanode metrics system started (again)
2019-09-26 10:51:57,533 [main] INFO  ozone.HddsDatanodeService (HddsDatanodeService.java:start(184)) - HddsDatanodeService host:pr-hdds-1569-wvzgm-824869521 ip:192.168.30.13
2019-09-26 10:51:57,534 [org.apache.hadoop.util.JvmPauseMonitor$Monitor@373ba6f2] INFO  util.JvmPauseMonitor (JvmPauseMonitor.java:run(188)) - Starting JVM pause monitor
2019-09-26 10:51:57,537 [Datanode State Machine Thread - 0] INFO  datanode.InitDatanodeState (InitDatanodeState.java:persistContainerDatanodeDetails(140)) - DatanodeDetails is persisted to /workdir/hadoop-ozone/ozonefs/target/test-dir/MiniOzoneClusterImpl-b00a5744-6e73-4fa1-a928-c24f0d5ffca4/datanode-5/meta/datanode.id
2019-09-26 10:51:57,543 [main] INFO  volume.HddsVolume (HddsVolume.java:<init>(176)) - Creating Volume: /workdir/hadoop-ozone/ozonefs/target/test-dir/MiniOzoneClusterImpl-b00a5744-6e73-4fa1-a928-c24f0d5ffca4/datanode-6/data/containers/hdds of  storage type : DISK and capacity : 1482555576320
2019-09-26 10:51:57,543 [main] INFO  volume.VolumeSet (VolumeSet.java:initializeVolumeSet(170)) - Added Volume : /workdir/hadoop-ozone/ozonefs/target/test-dir/MiniOzoneClusterImpl-b00a5744-6e73-4fa1-a928-c24f0d5ffca4/datanode-6/data/containers/hdds to VolumeSet
2019-09-26 10:51:57,543 [main] INFO  volume.ThrottledAsyncChecker (ThrottledAsyncChecker.java:schedule(139)) - Scheduling a check for org.apache.hadoop.ozone.container.common.volume.HddsVolume@77865933
2019-09-26 10:51:57,544 [main] INFO  volume.HddsVolumeChecker (HddsVolumeChecker.java:checkAllVolumes(202)) - Scheduled health check for volume org.apache.hadoop.ozone.container.common.volume.HddsVolume@77865933
2019-09-26 10:51:57,565 [main] INFO  impl.RaftServerProxy (ConfUtils.java:logGet(43)) - raft.rpc.type = GRPC (default)
2019-09-26 10:51:57,565 [main] INFO  grpc.GrpcFactory (GrpcFactory.java:checkPooledByteBufAllocatorUseCacheForAllThreads(45)) - PERFORMANCE WARNING: useCacheForAllThreads is true that may cause Netty to create a lot garbage objects and, as a result, trigger GC.
	It is recommended to disable useCacheForAllThreads by setting -Dorg.apache.ratis.thirdparty.io.netty.allocator.useCacheForAllThreads=false in command line.
2019-09-26 10:51:57,565 [main] INFO  grpc.GrpcConfigKeys$Server (ConfUtils.java:logGet(43)) - raft.grpc.server.port = 0 (default)
2019-09-26 10:51:57,565 [main] INFO  server.GrpcService (ConfUtils.java:logGet(43)) - raft.grpc.message.size.max = 33570816 (custom)
2019-09-26 10:51:57,566 [main] INFO  server.RaftServerConfigKeys (ConfUtils.java:logGet(43)) - raft.server.log.appender.buffer.byte-limit = 33554432 (custom)
2019-09-26 10:51:57,566 [main] INFO  server.GrpcService (ConfUtils.java:logGet(43)) - raft.grpc.flow.control.window = 1MB (=1048576) (default)
2019-09-26 10:51:57,566 [main] INFO  server.RaftServerConfigKeys (ConfUtils.java:logGet(43)) - raft.server.rpc.request.timeout = 3000ms (default)
2019-09-26 10:51:57,566 [main] INFO  server.RaftServerConfigKeys (ConfUtils.java:logGet(43)) - raft.server.storage.dir = [/workdir/hadoop-ozone/ozonefs/target/test-dir/MiniOzoneClusterImpl-b00a5744-6e73-4fa1-a928-c24f0d5ffca4/datanode-6/data/ratis] (custom)
2019-09-26 10:51:57,568 [main] INFO  hdfs.DFSUtil (DFSUtil.java:httpServerTemplateForNNAndJN(1641)) - Starting Web-server for hddsDatanode at: http://0.0.0.0:0
2019-09-26 10:51:57,569 [main] INFO  server.AuthenticationFilter (AuthenticationFilter.java:constructSecretProvider(240)) - Unable to initialize FileSignerSecretProvider, falling back to use random secrets.
2019-09-26 10:51:57,570 [main] WARN  http.HttpRequestLog (HttpRequestLog.java:getRequestLog(97)) - Jetty request log can only be enabled using Log4j
2019-09-26 10:51:57,571 [main] INFO  http.HttpServer2 (HttpServer2.java:addGlobalFilter(975)) - Added global filter 'safety' (class=org.apache.hadoop.http.HttpServer2$QuotingInputFilter)
2019-09-26 10:51:57,572 [main] INFO  http.HttpServer2 (HttpServer2.java:addFilter(948)) - Added filter static_user_filter (class=org.apache.hadoop.http.lib.StaticUserWebFilter$StaticUserFilter) to context hddsDatanode
2019-09-26 10:51:57,572 [main] INFO  http.HttpServer2 (HttpServer2.java:addFilter(958)) - Added filter static_user_filter (class=org.apache.hadoop.http.lib.StaticUserWebFilter$StaticUserFilter) to context logs
2019-09-26 10:51:57,572 [main] INFO  http.HttpServer2 (HttpServer2.java:addFilter(958)) - Added filter static_user_filter (class=org.apache.hadoop.http.lib.StaticUserWebFilter$StaticUserFilter) to context static
2019-09-26 10:51:57,573 [main] INFO  http.HttpServer2 (HttpServer2.java:bindListener(1191)) - Jetty bound to port 34059
2019-09-26 10:51:57,573 [main] INFO  server.Server (Server.java:doStart(351)) - jetty-9.3.25.v20180904, build timestamp: 2018-09-04T21:11:46Z, git hash: 3ce520221d0240229c862b122d2b06c12a625732
2019-09-26 10:51:57,575 [main] INFO  handler.ContextHandler (ContextHandler.java:doStart(781)) - Started o.e.j.s.ServletContextHandler@59bbe88a{/logs,file:///workdir/hadoop-ozone/ozonefs/target/log,AVAILABLE}
2019-09-26 10:51:57,575 [main] INFO  handler.ContextHandler (ContextHandler.java:doStart(781)) - Started o.e.j.s.ServletContextHandler@ed91d8d{/static,jar:file:/home/user/.m2/repository/org/apache/hadoop/hadoop-hdds-container-service/0.5.0-SNAPSHOT/hadoop-hdds-container-service-0.5.0-SNAPSHOT.jar!/webapps/static,AVAILABLE}
2019-09-26 10:51:57,603 [main] INFO  handler.ContextHandler (ContextHandler.java:doStart(781)) - Started o.e.j.w.WebAppContext@440e3ce6{/,file:///tmp/jetty-0.0.0.0-34059-hddsDatanode-_-any-1289687989857952590.dir/webapp/,AVAILABLE}{/hddsDatanode}
2019-09-26 10:51:57,603 [main] INFO  server.AbstractConnector (AbstractConnector.java:doStart(278)) - Started ServerConnector@3e67f5f2{HTTP/1.1,[http/1.1]}{0.0.0.0:34059}
2019-09-26 10:51:57,604 [main] INFO  server.Server (Server.java:doStart(419)) - Started @6157ms
2019-09-26 10:51:57,605 [main] WARN  impl.MetricsSystemImpl (MetricsSystemImpl.java:register(276)) - Sink prometheus already exists!
2019-09-26 10:51:57,605 [main] INFO  server.BaseHttpServer (BaseHttpServer.java:updateConnectorAddress(215)) - HTTP server of HDDSDATANODE is listening at http://0.0.0.0:34059
2019-09-26 10:51:57,605 [main] INFO  impl.MetricsSystemImpl (MetricsSystemImpl.java:init(158)) - HddsDatanode metrics system started (again)
2019-09-26 10:51:57,609 [main] INFO  ozone.HddsDatanodeService (HddsDatanodeService.java:start(184)) - HddsDatanodeService host:pr-hdds-1569-wvzgm-824869521 ip:192.168.30.13
2019-09-26 10:51:57,610 [org.apache.hadoop.util.JvmPauseMonitor$Monitor@57fdf962] INFO  util.JvmPauseMonitor (JvmPauseMonitor.java:run(188)) - Starting JVM pause monitor
2019-09-26 10:51:57,613 [Datanode State Machine Thread - 0] INFO  datanode.InitDatanodeState (InitDatanodeState.java:persistContainerDatanodeDetails(140)) - DatanodeDetails is persisted to /workdir/hadoop-ozone/ozonefs/target/test-dir/MiniOzoneClusterImpl-b00a5744-6e73-4fa1-a928-c24f0d5ffca4/datanode-6/meta/datanode.id
2019-09-26 10:51:57,618 [main] INFO  volume.HddsVolume (HddsVolume.java:<init>(176)) - Creating Volume: /workdir/hadoop-ozone/ozonefs/target/test-dir/MiniOzoneClusterImpl-b00a5744-6e73-4fa1-a928-c24f0d5ffca4/datanode-7/data/containers/hdds of  storage type : DISK and capacity : 1482555576320
2019-09-26 10:51:57,618 [main] INFO  volume.VolumeSet (VolumeSet.java:initializeVolumeSet(170)) - Added Volume : /workdir/hadoop-ozone/ozonefs/target/test-dir/MiniOzoneClusterImpl-b00a5744-6e73-4fa1-a928-c24f0d5ffca4/datanode-7/data/containers/hdds to VolumeSet
2019-09-26 10:51:57,618 [main] INFO  volume.ThrottledAsyncChecker (ThrottledAsyncChecker.java:schedule(139)) - Scheduling a check for org.apache.hadoop.ozone.container.common.volume.HddsVolume@2d7a9786
2019-09-26 10:51:57,619 [main] INFO  volume.HddsVolumeChecker (HddsVolumeChecker.java:checkAllVolumes(202)) - Scheduled health check for volume org.apache.hadoop.ozone.container.common.volume.HddsVolume@2d7a9786
2019-09-26 10:51:57,637 [main] INFO  impl.RaftServerProxy (ConfUtils.java:logGet(43)) - raft.rpc.type = GRPC (default)
2019-09-26 10:51:57,637 [main] INFO  grpc.GrpcFactory (GrpcFactory.java:checkPooledByteBufAllocatorUseCacheForAllThreads(45)) - PERFORMANCE WARNING: useCacheForAllThreads is true that may cause Netty to create a lot garbage objects and, as a result, trigger GC.
	It is recommended to disable useCacheForAllThreads by setting -Dorg.apache.ratis.thirdparty.io.netty.allocator.useCacheForAllThreads=false in command line.
2019-09-26 10:51:57,637 [main] INFO  grpc.GrpcConfigKeys$Server (ConfUtils.java:logGet(43)) - raft.grpc.server.port = 0 (default)
2019-09-26 10:51:57,637 [main] INFO  server.GrpcService (ConfUtils.java:logGet(43)) - raft.grpc.message.size.max = 33570816 (custom)
2019-09-26 10:51:57,638 [main] INFO  server.RaftServerConfigKeys (ConfUtils.java:logGet(43)) - raft.server.log.appender.buffer.byte-limit = 33554432 (custom)
2019-09-26 10:51:57,638 [main] INFO  server.GrpcService (ConfUtils.java:logGet(43)) - raft.grpc.flow.control.window = 1MB (=1048576) (default)
2019-09-26 10:51:57,638 [main] INFO  server.RaftServerConfigKeys (ConfUtils.java:logGet(43)) - raft.server.rpc.request.timeout = 3000ms (default)
2019-09-26 10:51:57,639 [main] INFO  server.RaftServerConfigKeys (ConfUtils.java:logGet(43)) - raft.server.storage.dir = [/workdir/hadoop-ozone/ozonefs/target/test-dir/MiniOzoneClusterImpl-b00a5744-6e73-4fa1-a928-c24f0d5ffca4/datanode-7/data/ratis] (custom)
2019-09-26 10:51:57,640 [main] INFO  hdfs.DFSUtil (DFSUtil.java:httpServerTemplateForNNAndJN(1641)) - Starting Web-server for hddsDatanode at: http://0.0.0.0:0
2019-09-26 10:51:57,641 [main] INFO  server.AuthenticationFilter (AuthenticationFilter.java:constructSecretProvider(240)) - Unable to initialize FileSignerSecretProvider, falling back to use random secrets.
2019-09-26 10:51:57,641 [main] WARN  http.HttpRequestLog (HttpRequestLog.java:getRequestLog(97)) - Jetty request log can only be enabled using Log4j
2019-09-26 10:51:57,643 [main] INFO  http.HttpServer2 (HttpServer2.java:addGlobalFilter(975)) - Added global filter 'safety' (class=org.apache.hadoop.http.HttpServer2$QuotingInputFilter)
2019-09-26 10:51:57,644 [main] INFO  http.HttpServer2 (HttpServer2.java:addFilter(948)) - Added filter static_user_filter (class=org.apache.hadoop.http.lib.StaticUserWebFilter$StaticUserFilter) to context hddsDatanode
2019-09-26 10:51:57,644 [main] INFO  http.HttpServer2 (HttpServer2.java:addFilter(958)) - Added filter static_user_filter (class=org.apache.hadoop.http.lib.StaticUserWebFilter$StaticUserFilter) to context logs
2019-09-26 10:51:57,644 [main] INFO  http.HttpServer2 (HttpServer2.java:addFilter(958)) - Added filter static_user_filter (class=org.apache.hadoop.http.lib.StaticUserWebFilter$StaticUserFilter) to context static
2019-09-26 10:51:57,645 [main] INFO  http.HttpServer2 (HttpServer2.java:bindListener(1191)) - Jetty bound to port 35990
2019-09-26 10:51:57,645 [main] INFO  server.Server (Server.java:doStart(351)) - jetty-9.3.25.v20180904, build timestamp: 2018-09-04T21:11:46Z, git hash: 3ce520221d0240229c862b122d2b06c12a625732
2019-09-26 10:51:57,647 [main] INFO  handler.ContextHandler (ContextHandler.java:doStart(781)) - Started o.e.j.s.ServletContextHandler@3c78e551{/logs,file:///workdir/hadoop-ozone/ozonefs/target/log,AVAILABLE}
2019-09-26 10:51:57,648 [main] INFO  handler.ContextHandler (ContextHandler.java:doStart(781)) - Started o.e.j.s.ServletContextHandler@1886991b{/static,jar:file:/home/user/.m2/repository/org/apache/hadoop/hadoop-hdds-container-service/0.5.0-SNAPSHOT/hadoop-hdds-container-service-0.5.0-SNAPSHOT.jar!/webapps/static,AVAILABLE}
2019-09-26 10:51:57,691 [main] INFO  handler.ContextHandler (ContextHandler.java:doStart(781)) - Started o.e.j.w.WebAppContext@4277127c{/,file:///tmp/jetty-0.0.0.0-35990-hddsDatanode-_-any-3426470162360445860.dir/webapp/,AVAILABLE}{/hddsDatanode}
2019-09-26 10:51:57,693 [main] INFO  server.AbstractConnector (AbstractConnector.java:doStart(278)) - Started ServerConnector@4c7e978c{HTTP/1.1,[http/1.1]}{0.0.0.0:35990}
2019-09-26 10:51:57,693 [main] INFO  server.Server (Server.java:doStart(419)) - Started @6246ms
2019-09-26 10:51:57,694 [main] WARN  impl.MetricsSystemImpl (MetricsSystemImpl.java:register(276)) - Sink prometheus already exists!
2019-09-26 10:51:57,694 [main] INFO  server.BaseHttpServer (BaseHttpServer.java:updateConnectorAddress(215)) - HTTP server of HDDSDATANODE is listening at http://0.0.0.0:35990
2019-09-26 10:51:57,695 [main] INFO  impl.MetricsSystemImpl (MetricsSystemImpl.java:init(158)) - HddsDatanode metrics system started (again)
2019-09-26 10:51:57,700 [org.apache.hadoop.util.JvmPauseMonitor$Monitor@34bebe4e] INFO  util.JvmPauseMonitor (JvmPauseMonitor.java:run(188)) - Starting JVM pause monitor
2019-09-26 10:51:57,700 [main] INFO  ozone.HddsDatanodeService (HddsDatanodeService.java:start(184)) - HddsDatanodeService host:pr-hdds-1569-wvzgm-824869521 ip:192.168.30.13
2019-09-26 10:51:57,703 [Datanode State Machine Thread - 0] INFO  datanode.InitDatanodeState (InitDatanodeState.java:persistContainerDatanodeDetails(140)) - DatanodeDetails is persisted to /workdir/hadoop-ozone/ozonefs/target/test-dir/MiniOzoneClusterImpl-b00a5744-6e73-4fa1-a928-c24f0d5ffca4/datanode-7/meta/datanode.id
2019-09-26 10:51:57,712 [main] INFO  volume.HddsVolume (HddsVolume.java:<init>(176)) - Creating Volume: /workdir/hadoop-ozone/ozonefs/target/test-dir/MiniOzoneClusterImpl-b00a5744-6e73-4fa1-a928-c24f0d5ffca4/datanode-8/data/containers/hdds of  storage type : DISK and capacity : 1482555576320
2019-09-26 10:51:57,713 [main] INFO  volume.VolumeSet (VolumeSet.java:initializeVolumeSet(170)) - Added Volume : /workdir/hadoop-ozone/ozonefs/target/test-dir/MiniOzoneClusterImpl-b00a5744-6e73-4fa1-a928-c24f0d5ffca4/datanode-8/data/containers/hdds to VolumeSet
2019-09-26 10:51:57,713 [main] INFO  volume.ThrottledAsyncChecker (ThrottledAsyncChecker.java:schedule(139)) - Scheduling a check for org.apache.hadoop.ozone.container.common.volume.HddsVolume@5981f4a6
2019-09-26 10:51:57,714 [main] INFO  volume.HddsVolumeChecker (HddsVolumeChecker.java:checkAllVolumes(202)) - Scheduled health check for volume org.apache.hadoop.ozone.container.common.volume.HddsVolume@5981f4a6
2019-09-26 10:51:57,745 [main] INFO  impl.RaftServerProxy (ConfUtils.java:logGet(43)) - raft.rpc.type = GRPC (default)
2019-09-26 10:51:57,745 [main] INFO  grpc.GrpcFactory (GrpcFactory.java:checkPooledByteBufAllocatorUseCacheForAllThreads(45)) - PERFORMANCE WARNING: useCacheForAllThreads is true that may cause Netty to create a lot garbage objects and, as a result, trigger GC.
	It is recommended to disable useCacheForAllThreads by setting -Dorg.apache.ratis.thirdparty.io.netty.allocator.useCacheForAllThreads=false in command line.
2019-09-26 10:51:57,746 [main] INFO  grpc.GrpcConfigKeys$Server (ConfUtils.java:logGet(43)) - raft.grpc.server.port = 0 (default)
2019-09-26 10:51:57,746 [main] INFO  server.GrpcService (ConfUtils.java:logGet(43)) - raft.grpc.message.size.max = 33570816 (custom)
2019-09-26 10:51:57,746 [main] INFO  server.RaftServerConfigKeys (ConfUtils.java:logGet(43)) - raft.server.log.appender.buffer.byte-limit = 33554432 (custom)
2019-09-26 10:51:57,747 [main] INFO  server.GrpcService (ConfUtils.java:logGet(43)) - raft.grpc.flow.control.window = 1MB (=1048576) (default)
2019-09-26 10:51:57,747 [main] INFO  server.RaftServerConfigKeys (ConfUtils.java:logGet(43)) - raft.server.rpc.request.timeout = 3000ms (default)
2019-09-26 10:51:57,748 [main] INFO  server.RaftServerConfigKeys (ConfUtils.java:logGet(43)) - raft.server.storage.dir = [/workdir/hadoop-ozone/ozonefs/target/test-dir/MiniOzoneClusterImpl-b00a5744-6e73-4fa1-a928-c24f0d5ffca4/datanode-8/data/ratis] (custom)
2019-09-26 10:51:57,750 [main] INFO  hdfs.DFSUtil (DFSUtil.java:httpServerTemplateForNNAndJN(1641)) - Starting Web-server for hddsDatanode at: http://0.0.0.0:0
2019-09-26 10:51:57,753 [main] INFO  server.AuthenticationFilter (AuthenticationFilter.java:constructSecretProvider(240)) - Unable to initialize FileSignerSecretProvider, falling back to use random secrets.
2019-09-26 10:51:57,753 [main] WARN  http.HttpRequestLog (HttpRequestLog.java:getRequestLog(97)) - Jetty request log can only be enabled using Log4j
2019-09-26 10:51:57,756 [main] INFO  http.HttpServer2 (HttpServer2.java:addGlobalFilter(975)) - Added global filter 'safety' (class=org.apache.hadoop.http.HttpServer2$QuotingInputFilter)
2019-09-26 10:51:57,757 [main] INFO  http.HttpServer2 (HttpServer2.java:addFilter(948)) - Added filter static_user_filter (class=org.apache.hadoop.http.lib.StaticUserWebFilter$StaticUserFilter) to context hddsDatanode
2019-09-26 10:51:57,758 [main] INFO  http.HttpServer2 (HttpServer2.java:addFilter(958)) - Added filter static_user_filter (class=org.apache.hadoop.http.lib.StaticUserWebFilter$StaticUserFilter) to context logs
2019-09-26 10:51:57,758 [main] INFO  http.HttpServer2 (HttpServer2.java:addFilter(958)) - Added filter static_user_filter (class=org.apache.hadoop.http.lib.StaticUserWebFilter$StaticUserFilter) to context static
2019-09-26 10:51:57,759 [main] INFO  http.HttpServer2 (HttpServer2.java:bindListener(1191)) - Jetty bound to port 39821
2019-09-26 10:51:57,759 [main] INFO  server.Server (Server.java:doStart(351)) - jetty-9.3.25.v20180904, build timestamp: 2018-09-04T21:11:46Z, git hash: 3ce520221d0240229c862b122d2b06c12a625732
2019-09-26 10:51:57,762 [main] INFO  handler.ContextHandler (ContextHandler.java:doStart(781)) - Started o.e.j.s.ServletContextHandler@3c3820bb{/logs,file:///workdir/hadoop-ozone/ozonefs/target/log,AVAILABLE}
2019-09-26 10:51:57,763 [main] INFO  handler.ContextHandler (ContextHandler.java:doStart(781)) - Started o.e.j.s.ServletContextHandler@4784efd9{/static,jar:file:/home/user/.m2/repository/org/apache/hadoop/hadoop-hdds-container-service/0.5.0-SNAPSHOT/hadoop-hdds-container-service-0.5.0-SNAPSHOT.jar!/webapps/static,AVAILABLE}
2019-09-26 10:51:57,798 [main] INFO  handler.ContextHandler (ContextHandler.java:doStart(781)) - Started o.e.j.w.WebAppContext@5d97caa4{/,file:///tmp/jetty-0.0.0.0-39821-hddsDatanode-_-any-3661695352281718315.dir/webapp/,AVAILABLE}{/hddsDatanode}
2019-09-26 10:51:57,799 [main] INFO  server.AbstractConnector (AbstractConnector.java:doStart(278)) - Started ServerConnector@6732726{HTTP/1.1,[http/1.1]}{0.0.0.0:39821}
2019-09-26 10:51:57,800 [main] INFO  server.Server (Server.java:doStart(419)) - Started @6353ms
2019-09-26 10:51:57,800 [main] WARN  impl.MetricsSystemImpl (MetricsSystemImpl.java:register(276)) - Sink prometheus already exists!
2019-09-26 10:51:57,801 [main] INFO  server.BaseHttpServer (BaseHttpServer.java:updateConnectorAddress(215)) - HTTP server of HDDSDATANODE is listening at http://0.0.0.0:39821
2019-09-26 10:51:57,802 [main] INFO  impl.MetricsSystemImpl (MetricsSystemImpl.java:init(158)) - HddsDatanode metrics system started (again)
2019-09-26 10:51:57,807 [org.apache.hadoop.util.JvmPauseMonitor$Monitor@b6fff79] INFO  util.JvmPauseMonitor (JvmPauseMonitor.java:run(188)) - Starting JVM pause monitor
2019-09-26 10:51:57,809 [main] INFO  ozone.HddsDatanodeService (HddsDatanodeService.java:start(184)) - HddsDatanodeService host:pr-hdds-1569-wvzgm-824869521 ip:192.168.30.13
2019-09-26 10:51:57,811 [Datanode State Machine Thread - 0] INFO  datanode.InitDatanodeState (InitDatanodeState.java:persistContainerDatanodeDetails(140)) - DatanodeDetails is persisted to /workdir/hadoop-ozone/ozonefs/target/test-dir/MiniOzoneClusterImpl-b00a5744-6e73-4fa1-a928-c24f0d5ffca4/datanode-8/meta/datanode.id
2019-09-26 10:51:57,820 [main] INFO  volume.HddsVolume (HddsVolume.java:<init>(176)) - Creating Volume: /workdir/hadoop-ozone/ozonefs/target/test-dir/MiniOzoneClusterImpl-b00a5744-6e73-4fa1-a928-c24f0d5ffca4/datanode-9/data/containers/hdds of  storage type : DISK and capacity : 1482555576320
2019-09-26 10:51:57,820 [main] INFO  volume.VolumeSet (VolumeSet.java:initializeVolumeSet(170)) - Added Volume : /workdir/hadoop-ozone/ozonefs/target/test-dir/MiniOzoneClusterImpl-b00a5744-6e73-4fa1-a928-c24f0d5ffca4/datanode-9/data/containers/hdds to VolumeSet
2019-09-26 10:51:57,820 [main] INFO  volume.ThrottledAsyncChecker (ThrottledAsyncChecker.java:schedule(139)) - Scheduling a check for org.apache.hadoop.ozone.container.common.volume.HddsVolume@4f94e148
2019-09-26 10:51:57,821 [main] INFO  volume.HddsVolumeChecker (HddsVolumeChecker.java:checkAllVolumes(202)) - Scheduled health check for volume org.apache.hadoop.ozone.container.common.volume.HddsVolume@4f94e148
2019-09-26 10:51:57,845 [main] INFO  impl.RaftServerProxy (ConfUtils.java:logGet(43)) - raft.rpc.type = GRPC (default)
2019-09-26 10:51:57,845 [main] INFO  grpc.GrpcFactory (GrpcFactory.java:checkPooledByteBufAllocatorUseCacheForAllThreads(45)) - PERFORMANCE WARNING: useCacheForAllThreads is true that may cause Netty to create a lot garbage objects and, as a result, trigger GC.
	It is recommended to disable useCacheForAllThreads by setting -Dorg.apache.ratis.thirdparty.io.netty.allocator.useCacheForAllThreads=false in command line.
2019-09-26 10:51:57,845 [main] INFO  grpc.GrpcConfigKeys$Server (ConfUtils.java:logGet(43)) - raft.grpc.server.port = 0 (default)
2019-09-26 10:51:57,846 [main] INFO  server.GrpcService (ConfUtils.java:logGet(43)) - raft.grpc.message.size.max = 33570816 (custom)
2019-09-26 10:51:57,846 [main] INFO  server.RaftServerConfigKeys (ConfUtils.java:logGet(43)) - raft.server.log.appender.buffer.byte-limit = 33554432 (custom)
2019-09-26 10:51:57,846 [main] INFO  server.GrpcService (ConfUtils.java:logGet(43)) - raft.grpc.flow.control.window = 1MB (=1048576) (default)
2019-09-26 10:51:57,846 [main] INFO  server.RaftServerConfigKeys (ConfUtils.java:logGet(43)) - raft.server.rpc.request.timeout = 3000ms (default)
2019-09-26 10:51:57,847 [main] INFO  server.RaftServerConfigKeys (ConfUtils.java:logGet(43)) - raft.server.storage.dir = [/workdir/hadoop-ozone/ozonefs/target/test-dir/MiniOzoneClusterImpl-b00a5744-6e73-4fa1-a928-c24f0d5ffca4/datanode-9/data/ratis] (custom)
2019-09-26 10:51:57,849 [main] INFO  hdfs.DFSUtil (DFSUtil.java:httpServerTemplateForNNAndJN(1641)) - Starting Web-server for hddsDatanode at: http://0.0.0.0:0
2019-09-26 10:51:57,851 [main] INFO  server.AuthenticationFilter (AuthenticationFilter.java:constructSecretProvider(240)) - Unable to initialize FileSignerSecretProvider, falling back to use random secrets.
2019-09-26 10:51:57,852 [main] WARN  http.HttpRequestLog (HttpRequestLog.java:getRequestLog(97)) - Jetty request log can only be enabled using Log4j
2019-09-26 10:51:57,855 [main] INFO  http.HttpServer2 (HttpServer2.java:addGlobalFilter(975)) - Added global filter 'safety' (class=org.apache.hadoop.http.HttpServer2$QuotingInputFilter)
2019-09-26 10:51:57,856 [main] INFO  http.HttpServer2 (HttpServer2.java:addFilter(948)) - Added filter static_user_filter (class=org.apache.hadoop.http.lib.StaticUserWebFilter$StaticUserFilter) to context hddsDatanode
2019-09-26 10:51:57,856 [main] INFO  http.HttpServer2 (HttpServer2.java:addFilter(958)) - Added filter static_user_filter (class=org.apache.hadoop.http.lib.StaticUserWebFilter$StaticUserFilter) to context static
2019-09-26 10:51:57,857 [main] INFO  http.HttpServer2 (HttpServer2.java:addFilter(958)) - Added filter static_user_filter (class=org.apache.hadoop.http.lib.StaticUserWebFilter$StaticUserFilter) to context logs
2019-09-26 10:51:57,858 [main] INFO  http.HttpServer2 (HttpServer2.java:bindListener(1191)) - Jetty bound to port 45025
2019-09-26 10:51:57,858 [main] INFO  server.Server (Server.java:doStart(351)) - jetty-9.3.25.v20180904, build timestamp: 2018-09-04T21:11:46Z, git hash: 3ce520221d0240229c862b122d2b06c12a625732
2019-09-26 10:51:57,861 [main] INFO  handler.ContextHandler (ContextHandler.java:doStart(781)) - Started o.e.j.s.ServletContextHandler@41dc0598{/logs,file:///workdir/hadoop-ozone/ozonefs/target/log,AVAILABLE}
2019-09-26 10:51:57,861 [main] INFO  handler.ContextHandler (ContextHandler.java:doStart(781)) - Started o.e.j.s.ServletContextHandler@6a2c717f{/static,jar:file:/home/user/.m2/repository/org/apache/hadoop/hadoop-hdds-container-service/0.5.0-SNAPSHOT/hadoop-hdds-container-service-0.5.0-SNAPSHOT.jar!/webapps/static,AVAILABLE}
2019-09-26 10:51:57,911 [main] INFO  handler.ContextHandler (ContextHandler.java:doStart(781)) - Started o.e.j.w.WebAppContext@7e7f3cfd{/,file:///tmp/jetty-0.0.0.0-45025-hddsDatanode-_-any-9213725208010194913.dir/webapp/,AVAILABLE}{/hddsDatanode}
2019-09-26 10:51:57,911 [main] INFO  server.AbstractConnector (AbstractConnector.java:doStart(278)) - Started ServerConnector@3ae126d1{HTTP/1.1,[http/1.1]}{0.0.0.0:45025}
2019-09-26 10:51:57,913 [main] INFO  server.Server (Server.java:doStart(419)) - Started @6466ms
2019-09-26 10:51:57,913 [main] WARN  impl.MetricsSystemImpl (MetricsSystemImpl.java:register(276)) - Sink prometheus already exists!
2019-09-26 10:51:57,914 [main] INFO  server.BaseHttpServer (BaseHttpServer.java:updateConnectorAddress(215)) - HTTP server of HDDSDATANODE is listening at http://0.0.0.0:45025
2019-09-26 10:51:57,921 [main] INFO  ozone.MiniOzoneClusterImpl (MiniOzoneClusterImpl.java:lambda$waitForClusterToBeReady$0(147)) - Waiting for cluster to be ready. Got 0 of 10 DN Heartbeats.
2019-09-26 10:51:57,921 [org.apache.hadoop.util.JvmPauseMonitor$Monitor@55bc54a1] INFO  util.JvmPauseMonitor (JvmPauseMonitor.java:run(188)) - Starting JVM pause monitor
2019-09-26 10:51:57,926 [Datanode State Machine Thread - 0] INFO  datanode.InitDatanodeState (InitDatanodeState.java:persistContainerDatanodeDetails(140)) - DatanodeDetails is persisted to /workdir/hadoop-ozone/ozonefs/target/test-dir/MiniOzoneClusterImpl-b00a5744-6e73-4fa1-a928-c24f0d5ffca4/datanode-9/meta/datanode.id
2019-09-26 10:51:58,922 [main] INFO  ozone.MiniOzoneClusterImpl (MiniOzoneClusterImpl.java:lambda$waitForClusterToBeReady$0(147)) - Waiting for cluster to be ready. Got 0 of 10 DN Heartbeats.
2019-09-26 10:51:59,175 [Datanode State Machine Thread - 0] INFO  ozoneimpl.OzoneContainer (OzoneContainer.java:start(217)) - Attempting to start container services.
2019-09-26 10:51:59,177 [Datanode State Machine Thread - 0] INFO  ozoneimpl.OzoneContainer (OzoneContainer.java:startContainerScrub(179)) - Background container scanner has been disabled.
2019-09-26 10:51:59,177 [Datanode State Machine Thread - 0] INFO  ratis.XceiverServerRatis (XceiverServerRatis.java:start(411)) - Starting XceiverServerRatis 0c06663d-3a07-4175-8dd2-9d41b1b53b1e at port 0
2019-09-26 10:51:59,189 [Datanode State Machine Thread - 0] INFO  ozoneimpl.OzoneContainer (OzoneContainer.java:start(217)) - Attempting to start container services.
2019-09-26 10:51:59,199 [Datanode State Machine Thread - 0] INFO  ozoneimpl.OzoneContainer (OzoneContainer.java:startContainerScrub(179)) - Background container scanner has been disabled.
2019-09-26 10:51:59,199 [Datanode State Machine Thread - 0] INFO  ratis.XceiverServerRatis (XceiverServerRatis.java:start(411)) - Starting XceiverServerRatis 87e84624-1b40-4389-b682-d98fe76436d1 at port 0
2019-09-26 10:51:59,223 [Datanode State Machine Thread - 0] INFO  impl.RaftServerProxy (RaftServerProxy.java:lambda$start$3(299)) - 87e84624-1b40-4389-b682-d98fe76436d1: start RPC server
2019-09-26 10:51:59,223 [Datanode State Machine Thread - 0] INFO  impl.RaftServerProxy (RaftServerProxy.java:lambda$start$3(299)) - 0c06663d-3a07-4175-8dd2-9d41b1b53b1e: start RPC server
2019-09-26 10:51:59,281 [Datanode State Machine Thread - 0] INFO  ozoneimpl.OzoneContainer (OzoneContainer.java:start(217)) - Attempting to start container services.
2019-09-26 10:51:59,282 [Datanode State Machine Thread - 0] INFO  ozoneimpl.OzoneContainer (OzoneContainer.java:startContainerScrub(179)) - Background container scanner has been disabled.
2019-09-26 10:51:59,282 [Datanode State Machine Thread - 0] INFO  ratis.XceiverServerRatis (XceiverServerRatis.java:start(411)) - Starting XceiverServerRatis 474bca52-b9cd-4602-ad06-63718c1fead5 at port 0
2019-09-26 10:51:59,293 [Datanode State Machine Thread - 0] INFO  impl.RaftServerProxy (RaftServerProxy.java:lambda$start$3(299)) - 474bca52-b9cd-4602-ad06-63718c1fead5: start RPC server
2019-09-26 10:51:59,360 [Datanode State Machine Thread - 0] INFO  ozoneimpl.OzoneContainer (OzoneContainer.java:start(217)) - Attempting to start container services.
2019-09-26 10:51:59,360 [Datanode State Machine Thread - 0] INFO  ozoneimpl.OzoneContainer (OzoneContainer.java:startContainerScrub(179)) - Background container scanner has been disabled.
2019-09-26 10:51:59,360 [Datanode State Machine Thread - 0] INFO  ratis.XceiverServerRatis (XceiverServerRatis.java:start(411)) - Starting XceiverServerRatis 2253380d-6ddc-421c-86f6-26acdb90a8c4 at port 0
2019-09-26 10:51:59,372 [Datanode State Machine Thread - 0] INFO  impl.RaftServerProxy (RaftServerProxy.java:lambda$start$3(299)) - 2253380d-6ddc-421c-86f6-26acdb90a8c4: start RPC server
2019-09-26 10:51:59,465 [Datanode State Machine Thread - 0] INFO  server.GrpcService (GrpcService.java:startImpl(158)) - 474bca52-b9cd-4602-ad06-63718c1fead5: GrpcService started, listening on 0.0.0.0/0.0.0.0:39280
2019-09-26 10:51:59,465 [Datanode State Machine Thread - 0] INFO  server.GrpcService (GrpcService.java:startImpl(158)) - 87e84624-1b40-4389-b682-d98fe76436d1: GrpcService started, listening on 0.0.0.0/0.0.0.0:32768
2019-09-26 10:51:59,465 [Datanode State Machine Thread - 0] INFO  server.GrpcService (GrpcService.java:startImpl(158)) - 2253380d-6ddc-421c-86f6-26acdb90a8c4: GrpcService started, listening on 0.0.0.0/0.0.0.0:39629
2019-09-26 10:51:59,465 [Datanode State Machine Thread - 0] INFO  server.GrpcService (GrpcService.java:startImpl(158)) - 0c06663d-3a07-4175-8dd2-9d41b1b53b1e: GrpcService started, listening on 0.0.0.0/0.0.0.0:42265
2019-09-26 10:51:59,467 [Datanode State Machine Thread - 0] INFO  ratis.XceiverServerRatis (XceiverServerRatis.java:start(421)) - XceiverServerRatis 2253380d-6ddc-421c-86f6-26acdb90a8c4 is started using port 39629
2019-09-26 10:51:59,467 [Datanode State Machine Thread - 0] INFO  ratis.XceiverServerRatis (XceiverServerRatis.java:start(421)) - XceiverServerRatis 87e84624-1b40-4389-b682-d98fe76436d1 is started using port 32768
2019-09-26 10:51:59,466 [Datanode State Machine Thread - 0] INFO  ratis.XceiverServerRatis (XceiverServerRatis.java:start(421)) - XceiverServerRatis 474bca52-b9cd-4602-ad06-63718c1fead5 is started using port 39280
2019-09-26 10:51:59,467 [Datanode State Machine Thread - 0] INFO  ratis.XceiverServerRatis (XceiverServerRatis.java:start(421)) - XceiverServerRatis 0c06663d-3a07-4175-8dd2-9d41b1b53b1e is started using port 42265
2019-09-26 10:51:59,473 [Datanode State Machine Thread - 0] INFO  ozoneimpl.OzoneContainer (OzoneContainer.java:start(217)) - Attempting to start container services.
2019-09-26 10:51:59,476 [Datanode State Machine Thread - 0] INFO  ozoneimpl.OzoneContainer (OzoneContainer.java:startContainerScrub(179)) - Background container scanner has been disabled.
2019-09-26 10:51:59,477 [Datanode State Machine Thread - 0] INFO  ratis.XceiverServerRatis (XceiverServerRatis.java:start(411)) - Starting XceiverServerRatis c0d2ea87-aa22-42eb-bba4-0246f89d2958 at port 0
2019-09-26 10:51:59,478 [Datanode State Machine Thread - 0] INFO  server.XceiverServerGrpc (XceiverServerGrpc.java:start(149)) - XceiverServerGrpc 0c06663d-3a07-4175-8dd2-9d41b1b53b1e is started using port 45709
2019-09-26 10:51:59,478 [Datanode State Machine Thread - 0] INFO  server.XceiverServerGrpc (XceiverServerGrpc.java:start(149)) - XceiverServerGrpc 474bca52-b9cd-4602-ad06-63718c1fead5 is started using port 34848
2019-09-26 10:51:59,478 [Datanode State Machine Thread - 0] INFO  server.XceiverServerGrpc (XceiverServerGrpc.java:start(149)) - XceiverServerGrpc 2253380d-6ddc-421c-86f6-26acdb90a8c4 is started using port 41129
2019-09-26 10:51:59,480 [Datanode State Machine Thread - 0] INFO  server.XceiverServerGrpc (XceiverServerGrpc.java:start(149)) - XceiverServerGrpc 87e84624-1b40-4389-b682-d98fe76436d1 is started using port 37963
2019-09-26 10:51:59,492 [Datanode State Machine Thread - 0] INFO  impl.RaftServerProxy (RaftServerProxy.java:lambda$start$3(299)) - c0d2ea87-aa22-42eb-bba4-0246f89d2958: start RPC server
2019-09-26 10:51:59,496 [Datanode State Machine Thread - 0] INFO  server.GrpcService (GrpcService.java:startImpl(158)) - c0d2ea87-aa22-42eb-bba4-0246f89d2958: GrpcService started, listening on 0.0.0.0/0.0.0.0:46118
2019-09-26 10:51:59,496 [Datanode State Machine Thread - 0] INFO  ratis.XceiverServerRatis (XceiverServerRatis.java:start(421)) - XceiverServerRatis c0d2ea87-aa22-42eb-bba4-0246f89d2958 is started using port 46118
2019-09-26 10:51:59,499 [Datanode State Machine Thread - 0] INFO  server.XceiverServerGrpc (XceiverServerGrpc.java:start(149)) - XceiverServerGrpc c0d2ea87-aa22-42eb-bba4-0246f89d2958 is started using port 44897
2019-09-26 10:51:59,550 [Datanode State Machine Thread - 0] INFO  ozoneimpl.OzoneContainer (OzoneContainer.java:start(217)) - Attempting to start container services.
2019-09-26 10:51:59,550 [Datanode State Machine Thread - 0] INFO  ozoneimpl.OzoneContainer (OzoneContainer.java:startContainerScrub(179)) - Background container scanner has been disabled.
2019-09-26 10:51:59,550 [Datanode State Machine Thread - 0] INFO  ratis.XceiverServerRatis (XceiverServerRatis.java:start(411)) - Starting XceiverServerRatis dd9d2e05-3ffa-4f1c-8a80-938e5f4f3192 at port 0
2019-09-26 10:51:59,559 [Datanode State Machine Thread - 0] INFO  impl.RaftServerProxy (RaftServerProxy.java:lambda$start$3(299)) - dd9d2e05-3ffa-4f1c-8a80-938e5f4f3192: start RPC server
2019-09-26 10:51:59,563 [Datanode State Machine Thread - 0] INFO  server.GrpcService (GrpcService.java:startImpl(158)) - dd9d2e05-3ffa-4f1c-8a80-938e5f4f3192: GrpcService started, listening on 0.0.0.0/0.0.0.0:46596
2019-09-26 10:51:59,563 [Datanode State Machine Thread - 0] INFO  ratis.XceiverServerRatis (XceiverServerRatis.java:start(421)) - XceiverServerRatis dd9d2e05-3ffa-4f1c-8a80-938e5f4f3192 is started using port 46596
2019-09-26 10:51:59,567 [Datanode State Machine Thread - 0] INFO  server.XceiverServerGrpc (XceiverServerGrpc.java:start(149)) - XceiverServerGrpc dd9d2e05-3ffa-4f1c-8a80-938e5f4f3192 is started using port 44841
2019-09-26 10:51:59,626 [Datanode State Machine Thread - 0] INFO  ozoneimpl.OzoneContainer (OzoneContainer.java:start(217)) - Attempting to start container services.
2019-09-26 10:51:59,626 [Datanode State Machine Thread - 0] INFO  ozoneimpl.OzoneContainer (OzoneContainer.java:startContainerScrub(179)) - Background container scanner has been disabled.
2019-09-26 10:51:59,626 [Datanode State Machine Thread - 0] INFO  ratis.XceiverServerRatis (XceiverServerRatis.java:start(411)) - Starting XceiverServerRatis 74579fe5-f222-4a32-8361-e642639fe135 at port 0
2019-09-26 10:51:59,634 [Datanode State Machine Thread - 0] INFO  impl.RaftServerProxy (RaftServerProxy.java:lambda$start$3(299)) - 74579fe5-f222-4a32-8361-e642639fe135: start RPC server
2019-09-26 10:51:59,638 [Datanode State Machine Thread - 0] INFO  server.GrpcService (GrpcService.java:startImpl(158)) - 74579fe5-f222-4a32-8361-e642639fe135: GrpcService started, listening on 0.0.0.0/0.0.0.0:36553
2019-09-26 10:51:59,638 [Datanode State Machine Thread - 0] INFO  ratis.XceiverServerRatis (XceiverServerRatis.java:start(421)) - XceiverServerRatis 74579fe5-f222-4a32-8361-e642639fe135 is started using port 36553
2019-09-26 10:51:59,641 [Datanode State Machine Thread - 0] INFO  server.XceiverServerGrpc (XceiverServerGrpc.java:start(149)) - XceiverServerGrpc 74579fe5-f222-4a32-8361-e642639fe135 is started using port 46272
2019-09-26 10:51:59,717 [Datanode State Machine Thread - 0] INFO  ozoneimpl.OzoneContainer (OzoneContainer.java:start(217)) - Attempting to start container services.
2019-09-26 10:51:59,718 [Datanode State Machine Thread - 0] INFO  ozoneimpl.OzoneContainer (OzoneContainer.java:startContainerScrub(179)) - Background container scanner has been disabled.
2019-09-26 10:51:59,718 [Datanode State Machine Thread - 0] INFO  ratis.XceiverServerRatis (XceiverServerRatis.java:start(411)) - Starting XceiverServerRatis be8031e7-e5bc-4989-a875-174452875862 at port 0
2019-09-26 10:51:59,727 [Datanode State Machine Thread - 0] INFO  impl.RaftServerProxy (RaftServerProxy.java:lambda$start$3(299)) - be8031e7-e5bc-4989-a875-174452875862: start RPC server
2019-09-26 10:51:59,732 [Datanode State Machine Thread - 0] INFO  server.GrpcService (GrpcService.java:startImpl(158)) - be8031e7-e5bc-4989-a875-174452875862: GrpcService started, listening on 0.0.0.0/0.0.0.0:42793
2019-09-26 10:51:59,732 [Datanode State Machine Thread - 0] INFO  ratis.XceiverServerRatis (XceiverServerRatis.java:start(421)) - XceiverServerRatis be8031e7-e5bc-4989-a875-174452875862 is started using port 42793
2019-09-26 10:51:59,737 [Datanode State Machine Thread - 0] INFO  server.XceiverServerGrpc (XceiverServerGrpc.java:start(149)) - XceiverServerGrpc be8031e7-e5bc-4989-a875-174452875862 is started using port 44197
2019-09-26 10:51:59,860 [Datanode State Machine Thread - 0] INFO  ozoneimpl.OzoneContainer (OzoneContainer.java:start(217)) - Attempting to start container services.
2019-09-26 10:51:59,860 [Datanode State Machine Thread - 0] INFO  ozoneimpl.OzoneContainer (OzoneContainer.java:startContainerScrub(179)) - Background container scanner has been disabled.
2019-09-26 10:51:59,860 [Datanode State Machine Thread - 0] INFO  ratis.XceiverServerRatis (XceiverServerRatis.java:start(411)) - Starting XceiverServerRatis 557f9f1f-13f1-4e9a-b9bb-f7fbe560edab at port 0
2019-09-26 10:51:59,870 [Datanode State Machine Thread - 0] INFO  impl.RaftServerProxy (RaftServerProxy.java:lambda$start$3(299)) - 557f9f1f-13f1-4e9a-b9bb-f7fbe560edab: start RPC server
2019-09-26 10:51:59,876 [Datanode State Machine Thread - 0] INFO  server.GrpcService (GrpcService.java:startImpl(158)) - 557f9f1f-13f1-4e9a-b9bb-f7fbe560edab: GrpcService started, listening on 0.0.0.0/0.0.0.0:38394
2019-09-26 10:51:59,876 [Datanode State Machine Thread - 0] INFO  ratis.XceiverServerRatis (XceiverServerRatis.java:start(421)) - XceiverServerRatis 557f9f1f-13f1-4e9a-b9bb-f7fbe560edab is started using port 38394
2019-09-26 10:51:59,882 [Datanode State Machine Thread - 0] INFO  server.XceiverServerGrpc (XceiverServerGrpc.java:start(149)) - XceiverServerGrpc 557f9f1f-13f1-4e9a-b9bb-f7fbe560edab is started using port 38893
2019-09-26 10:51:59,922 [main] INFO  ozone.MiniOzoneClusterImpl (MiniOzoneClusterImpl.java:lambda$waitForClusterToBeReady$0(147)) - Waiting for cluster to be ready. Got 0 of 10 DN Heartbeats.
2019-09-26 10:51:59,931 [Datanode State Machine Thread - 0] INFO  ozoneimpl.OzoneContainer (OzoneContainer.java:start(217)) - Attempting to start container services.
2019-09-26 10:51:59,931 [Datanode State Machine Thread - 0] INFO  ozoneimpl.OzoneContainer (OzoneContainer.java:startContainerScrub(179)) - Background container scanner has been disabled.
2019-09-26 10:51:59,931 [Datanode State Machine Thread - 0] INFO  ratis.XceiverServerRatis (XceiverServerRatis.java:start(411)) - Starting XceiverServerRatis c90ec3f3-d421-4e55-9ed5-50760aadc6ca at port 0
2019-09-26 10:51:59,992 [Datanode State Machine Thread - 0] INFO  impl.RaftServerProxy (RaftServerProxy.java:lambda$start$3(299)) - c90ec3f3-d421-4e55-9ed5-50760aadc6ca: start RPC server
2019-09-26 10:52:00,011 [Datanode State Machine Thread - 0] INFO  server.GrpcService (GrpcService.java:startImpl(158)) - c90ec3f3-d421-4e55-9ed5-50760aadc6ca: GrpcService started, listening on 0.0.0.0/0.0.0.0:32863
2019-09-26 10:52:00,011 [Datanode State Machine Thread - 0] INFO  ratis.XceiverServerRatis (XceiverServerRatis.java:start(421)) - XceiverServerRatis c90ec3f3-d421-4e55-9ed5-50760aadc6ca is started using port 32863
2019-09-26 10:52:00,034 [Datanode State Machine Thread - 0] INFO  server.XceiverServerGrpc (XceiverServerGrpc.java:start(149)) - XceiverServerGrpc c90ec3f3-d421-4e55-9ed5-50760aadc6ca is started using port 41788
2019-09-26 10:52:00,925 [main] INFO  ozone.MiniOzoneClusterImpl (MiniOzoneClusterImpl.java:lambda$waitForClusterToBeReady$0(147)) - Waiting for cluster to be ready. Got 0 of 10 DN Heartbeats.
2019-09-26 10:52:01,142 [IPC Server handler 6 on 41973] INFO  net.NetworkTopology (NetworkTopologyImpl.java:add(111)) - Added a new node: /default-rack/0c06663d-3a07-4175-8dd2-9d41b1b53b1e
2019-09-26 10:52:01,143 [IPC Server handler 6 on 41973] INFO  node.SCMNodeManager (SCMNodeManager.java:register(266)) - Registered Data node : 0c06663d-3a07-4175-8dd2-9d41b1b53b1e{ip: 192.168.30.13, host: pr-hdds-1569-wvzgm-824869521, networkLocation: /default-rack, certSerialId: null}
2019-09-26 10:52:01,150 [EventQueue-NodeRegistrationContainerReportForDataNodeSafeModeRule] INFO  safemode.SCMSafeModeManager (DataNodeSafeModeRule.java:process(71)) - SCM in safe mode. 1 DataNodes registered, 1 required.
2019-09-26 10:52:01,151 [EventQueue-NodeRegistrationContainerReportForDataNodeSafeModeRule] INFO  safemode.SCMSafeModeManager (SCMSafeModeManager.java:validateSafeModeExitRules(177)) - ScmSafeModeManager, all rules are successfully validated
2019-09-26 10:52:01,151 [EventQueue-NodeRegistrationContainerReportForDataNodeSafeModeRule] INFO  safemode.SCMSafeModeManager (SCMSafeModeManager.java:exitSafeMode(193)) - SCM exiting safe mode.
2019-09-26 10:52:01,175 [IPC Server handler 8 on 41973] INFO  net.NetworkTopology (NetworkTopologyImpl.java:add(111)) - Added a new node: /default-rack/87e84624-1b40-4389-b682-d98fe76436d1
2019-09-26 10:52:01,178 [IPC Server handler 8 on 41973] INFO  node.SCMNodeManager (SCMNodeManager.java:register(266)) - Registered Data node : 87e84624-1b40-4389-b682-d98fe76436d1{ip: 192.168.30.13, host: pr-hdds-1569-wvzgm-824869521, networkLocation: /default-rack, certSerialId: null}
2019-09-26 10:52:01,268 [IPC Server handler 18 on 41973] INFO  net.NetworkTopology (NetworkTopologyImpl.java:add(111)) - Added a new node: /default-rack/474bca52-b9cd-4602-ad06-63718c1fead5
2019-09-26 10:52:01,268 [IPC Server handler 18 on 41973] INFO  node.SCMNodeManager (SCMNodeManager.java:register(266)) - Registered Data node : 474bca52-b9cd-4602-ad06-63718c1fead5{ip: 192.168.30.13, host: pr-hdds-1569-wvzgm-824869521, networkLocation: /default-rack, certSerialId: null}
2019-09-26 10:52:01,348 [IPC Server handler 13 on 41973] INFO  net.NetworkTopology (NetworkTopologyImpl.java:add(111)) - Added a new node: /default-rack/2253380d-6ddc-421c-86f6-26acdb90a8c4
2019-09-26 10:52:01,349 [IPC Server handler 13 on 41973] INFO  node.SCMNodeManager (SCMNodeManager.java:register(266)) - Registered Data node : 2253380d-6ddc-421c-86f6-26acdb90a8c4{ip: 192.168.30.13, host: pr-hdds-1569-wvzgm-824869521, networkLocation: /default-rack, certSerialId: null}
2019-09-26 10:52:01,456 [IPC Server handler 12 on 41973] INFO  net.NetworkTopology (NetworkTopologyImpl.java:add(111)) - Added a new node: /default-rack/c0d2ea87-aa22-42eb-bba4-0246f89d2958
2019-09-26 10:52:01,456 [IPC Server handler 12 on 41973] INFO  node.SCMNodeManager (SCMNodeManager.java:register(266)) - Registered Data node : c0d2ea87-aa22-42eb-bba4-0246f89d2958{ip: 192.168.30.13, host: pr-hdds-1569-wvzgm-824869521, networkLocation: /default-rack, certSerialId: null}
2019-09-26 10:52:01,540 [IPC Server handler 14 on 41973] INFO  net.NetworkTopology (NetworkTopologyImpl.java:add(111)) - Added a new node: /default-rack/dd9d2e05-3ffa-4f1c-8a80-938e5f4f3192
2019-09-26 10:52:01,541 [IPC Server handler 14 on 41973] INFO  node.SCMNodeManager (SCMNodeManager.java:register(266)) - Registered Data node : dd9d2e05-3ffa-4f1c-8a80-938e5f4f3192{ip: 192.168.30.13, host: pr-hdds-1569-wvzgm-824869521, networkLocation: /default-rack, certSerialId: null}
2019-09-26 10:52:01,614 [IPC Server handler 19 on 41973] INFO  net.NetworkTopology (NetworkTopologyImpl.java:add(111)) - Added a new node: /default-rack/74579fe5-f222-4a32-8361-e642639fe135
2019-09-26 10:52:01,614 [IPC Server handler 19 on 41973] INFO  node.SCMNodeManager (SCMNodeManager.java:register(266)) - Registered Data node : 74579fe5-f222-4a32-8361-e642639fe135{ip: 192.168.30.13, host: pr-hdds-1569-wvzgm-824869521, networkLocation: /default-rack, certSerialId: null}
2019-09-26 10:52:01,705 [IPC Server handler 9 on 41973] INFO  net.NetworkTopology (NetworkTopologyImpl.java:add(111)) - Added a new node: /default-rack/be8031e7-e5bc-4989-a875-174452875862
2019-09-26 10:52:01,705 [IPC Server handler 9 on 41973] INFO  node.SCMNodeManager (SCMNodeManager.java:register(266)) - Registered Data node : be8031e7-e5bc-4989-a875-174452875862{ip: 192.168.30.13, host: pr-hdds-1569-wvzgm-824869521, networkLocation: /default-rack, certSerialId: null}
2019-09-26 10:52:01,786 [grpc-default-executor-0] INFO  impl.RaftServerProxy (RaftServerProxy.java:addNew(89)) - 0c06663d-3a07-4175-8dd2-9d41b1b53b1e: addNew group-DEFD407AFBBD:[0c06663d-3a07-4175-8dd2-9d41b1b53b1e:192.168.30.13:42265] returns group-DEFD407AFBBD:java.util.concurrent.CompletableFuture@3a1abb12[Not completed]
2019-09-26 10:52:01,820 [IPC Server handler 10 on 41973] INFO  net.NetworkTopology (NetworkTopologyImpl.java:add(111)) - Added a new node: /default-rack/557f9f1f-13f1-4e9a-b9bb-f7fbe560edab
2019-09-26 10:52:01,820 [IPC Server handler 10 on 41973] INFO  node.SCMNodeManager (SCMNodeManager.java:register(266)) - Registered Data node : 557f9f1f-13f1-4e9a-b9bb-f7fbe560edab{ip: 192.168.30.13, host: pr-hdds-1569-wvzgm-824869521, networkLocation: /default-rack, certSerialId: null}
2019-09-26 10:52:01,830 [pool-27-thread-1] INFO  impl.RaftServerImpl (RaftServerImpl.java:<init>(95)) - 0c06663d-3a07-4175-8dd2-9d41b1b53b1e: new RaftServerImpl for group-DEFD407AFBBD:[0c06663d-3a07-4175-8dd2-9d41b1b53b1e:192.168.30.13:42265] with ContainerStateMachine:uninitialized
2019-09-26 10:52:01,832 [pool-27-thread-1] INFO  server.RaftServerConfigKeys (ConfUtils.java:logGet(43)) - raft.server.rpc.timeout.min = 5s (custom)
2019-09-26 10:52:01,834 [pool-27-thread-1] INFO  server.RaftServerConfigKeys (ConfUtils.java:logGet(43)) - raft.server.rpc.timeout.max = 5200ms (custom)
2019-09-26 10:52:01,834 [pool-27-thread-1] INFO  server.RaftServerConfigKeys (ConfUtils.java:logGet(43)) - raft.server.rpcslowness.timeout = 120s (custom)
2019-09-26 10:52:01,835 [pool-27-thread-1] INFO  server.RaftServerConfigKeys (ConfUtils.java:logGet(43)) - raft.server.sleep.deviation.threshold = 300 (default)
2019-09-26 10:52:01,836 [pool-27-thread-1] INFO  server.RaftServerConfigKeys (ConfUtils.java:logGet(43)) - raft.server.log.appender.install.snapshot.enabled = false (custom)
2019-09-26 10:52:01,846 [pool-27-thread-1] INFO  impl.RaftServerImpl (ServerState.java:<init>(103)) - 0c06663d-3a07-4175-8dd2-9d41b1b53b1e@group-DEFD407AFBBD: ConfigurationManager, init=-1: [0c06663d-3a07-4175-8dd2-9d41b1b53b1e:192.168.30.13:42265], old=null, confs=<EMPTY_MAP>
2019-09-26 10:52:01,847 [pool-27-thread-1] INFO  server.RaftServerConfigKeys (ConfUtils.java:logGet(43)) - raft.server.storage.dir = [/workdir/hadoop-ozone/ozonefs/target/test-dir/MiniOzoneClusterImpl-b00a5744-6e73-4fa1-a928-c24f0d5ffca4/datanode-0/data/ratis] (custom)
2019-09-26 10:52:01,857 [pool-27-thread-1] INFO  storage.RaftStorageDirectory (RaftStorageDirectory.java:analyzeStorage(246)) - The storage directory /workdir/hadoop-ozone/ozonefs/target/test-dir/MiniOzoneClusterImpl-b00a5744-6e73-4fa1-a928-c24f0d5ffca4/datanode-0/data/ratis/127a1392-7d10-4a45-af4e-defd407afbbd does not exist. Creating ...
2019-09-26 10:52:01,877 [pool-27-thread-1] INFO  storage.RaftStorageDirectory (RaftStorageDirectory.java:tryLock(328)) - Lock on /workdir/hadoop-ozone/ozonefs/target/test-dir/MiniOzoneClusterImpl-b00a5744-6e73-4fa1-a928-c24f0d5ffca4/datanode-0/data/ratis/127a1392-7d10-4a45-af4e-defd407afbbd/in_use.lock acquired by nodename 31132@pr-hdds-1569-wvzgm-824869521
2019-09-26 10:52:01,893 [pool-27-thread-1] INFO  storage.RaftStorage (RaftStorage.java:format(72)) - Storage directory /workdir/hadoop-ozone/ozonefs/target/test-dir/MiniOzoneClusterImpl-b00a5744-6e73-4fa1-a928-c24f0d5ffca4/datanode-0/data/ratis/127a1392-7d10-4a45-af4e-defd407afbbd has been successfully formatted.
2019-09-26 10:52:01,897 [pool-27-thread-1] INFO  ratis.ContainerStateMachine (ContainerStateMachine.java:loadSnapshot(230)) - group-DEFD407AFBBD: The snapshot info is null. Setting the last applied indexto:(t:0, i:~)
2019-09-26 10:52:01,897 [pool-27-thread-1] INFO  server.RaftServerConfigKeys (ConfUtils.java:logGet(43)) - raft.server.notification.no-leader.timeout = 120s (custom)
2019-09-26 10:52:01,900 [pool-27-thread-1] INFO  server.RaftServerConfigKeys (ConfUtils.java:logGet(43)) - raft.server.log.use.memory = false (default)
2019-09-26 10:52:01,908 [pool-27-thread-1] INFO  server.RaftServerConfigKeys (ConfUtils.java:logGet(43)) - raft.server.log.purge.gap = 1000000 (custom)
2019-09-26 10:52:01,909 [pool-27-thread-1] INFO  server.RaftServerConfigKeys (ConfUtils.java:logGet(43)) - raft.server.log.appender.buffer.byte-limit = 33554432 (custom)
2019-09-26 10:52:01,912 [pool-27-thread-1] INFO  server.RaftServerConfigKeys (ConfUtils.java:logGet(43)) - raft.server.log.segment.size.max = 1048576 (custom)
2019-09-26 10:52:01,918 [pool-27-thread-1] INFO  server.RaftServerConfigKeys (ConfUtils.java:logGet(43)) - raft.server.log.segment.cache.num.max = 2 (custom)
2019-09-26 10:52:01,935 [main] INFO  ozone.MiniOzoneClusterImpl (MiniOzoneClusterImpl.java:lambda$waitForClusterToBeReady$0(147)) - Waiting for cluster to be ready. Got 9 of 10 DN Heartbeats.
2019-09-26 10:52:01,946 [IPC Server handler 6 on 41973] INFO  net.NetworkTopology (NetworkTopologyImpl.java:add(111)) - Added a new node: /default-rack/c90ec3f3-d421-4e55-9ed5-50760aadc6ca
2019-09-26 10:52:01,946 [IPC Server handler 6 on 41973] INFO  node.SCMNodeManager (SCMNodeManager.java:register(266)) - Registered Data node : c90ec3f3-d421-4e55-9ed5-50760aadc6ca{ip: 192.168.30.13, host: pr-hdds-1569-wvzgm-824869521, networkLocation: /default-rack, certSerialId: null}
2019-09-26 10:52:01,948 [pool-27-thread-1] INFO  segmented.SegmentedRaftLogWorker (SegmentedRaftLogWorker.java:<init>(172)) - new 0c06663d-3a07-4175-8dd2-9d41b1b53b1e@group-DEFD407AFBBD-SegmentedRaftLogWorker for RaftStorage:Storage Directory /workdir/hadoop-ozone/ozonefs/target/test-dir/MiniOzoneClusterImpl-b00a5744-6e73-4fa1-a928-c24f0d5ffca4/datanode-0/data/ratis/127a1392-7d10-4a45-af4e-defd407afbbd
2019-09-26 10:52:01,950 [pool-27-thread-1] INFO  impl.MetricsSystemImpl (MetricsSystemImpl.java:init(158)) - ratis metrics system started (again)
2019-09-26 10:52:01,967 [pool-27-thread-1] INFO  metrics.MetricRegistries (MetricRegistriesLoader.java:load(64)) - Loaded MetricRegistries class org.apache.ratis.metrics.impl.MetricRegistriesImpl
2019-09-26 10:52:02,006 [pool-27-thread-1] INFO  server.RaftServerConfigKeys (ConfUtils.java:logGet(43)) - raft.server.log.queue.byte-limit = 2147483647 (custom)
2019-09-26 10:52:02,007 [pool-27-thread-1] INFO  server.RaftServerConfigKeys (ConfUtils.java:logGet(43)) - raft.server.log.queue.element-limit = 1024 (custom)
2019-09-26 10:52:02,011 [pool-27-thread-1] INFO  server.RaftServerConfigKeys (ConfUtils.java:logGet(43)) - raft.server.log.segment.size.max = 1048576 (custom)
2019-09-26 10:52:02,011 [pool-27-thread-1] INFO  server.RaftServerConfigKeys (ConfUtils.java:logGet(43)) - raft.server.log.preallocated.size = 16384 (custom)
2019-09-26 10:52:02,012 [pool-27-thread-1] INFO  server.RaftServerConfigKeys (ConfUtils.java:logGet(43)) - raft.server.log.write.buffer.size = 33554432 (custom)
2019-09-26 10:52:02,012 [pool-27-thread-1] INFO  server.RaftServerConfigKeys (ConfUtils.java:logGet(43)) - raft.server.log.force.sync.num = 128 (default)
2019-09-26 10:52:02,014 [pool-27-thread-1] INFO  server.RaftServerConfigKeys (ConfUtils.java:logGet(43)) - raft.server.log.statemachine.data.sync = true (default)
2019-09-26 10:52:02,014 [pool-27-thread-1] INFO  server.RaftServerConfigKeys (ConfUtils.java:logGet(43)) - raft.server.log.statemachine.data.sync.timeout = 10s (default)
2019-09-26 10:52:02,014 [pool-27-thread-1] INFO  server.RaftServerConfigKeys (ConfUtils.java:logGet(43)) - raft.server.log.statemachine.data.sync.timeout.retry = -1 (default)
2019-09-26 10:52:02,025 [pool-27-thread-1] INFO  server.RaftServerConfigKeys (ConfUtils.java:logGet(43)) - raft.server.log.statemachine.data.caching.enabled = true (custom)
2019-09-26 10:52:02,030 [pool-27-thread-1] INFO  segmented.SegmentedRaftLogWorker (SegmentedRaftLogWorker.java:lambda$new$0(132)) - 0c06663d-3a07-4175-8dd2-9d41b1b53b1e@group-DEFD407AFBBD-SegmentedRaftLogWorker: flushIndex: setUnconditionally 0 -> -1
2019-09-26 10:52:02,034 [pool-27-thread-1] INFO  server.RaftServerConfigKeys (ConfUtils.java:logGet(43)) - raft.server.snapshot.auto.trigger.enabled = true (custom)
2019-09-26 10:52:02,035 [pool-27-thread-1] INFO  server.RaftServerConfigKeys (ConfUtils.java:logGet(43)) - raft.server.snapshot.auto.trigger.threshold = 10000 (custom)
2019-09-26 10:52:02,036 [pool-27-thread-1] INFO  server.RaftServerConfigKeys (ConfUtils.java:logGet(43)) - raft.server.snapshot.retention.num.files = 5 (custom)
2019-09-26 10:52:02,036 [pool-27-thread-1] INFO  server.RaftServerConfigKeys (ConfUtils.java:logGet(43)) - raft.server.retrycache.expirytime = 600000ms (custom)
2019-09-26 10:52:02,067 [pool-27-thread-1] INFO  impl.RaftServerImpl (RaftServerImpl.java:start(185)) - 0c06663d-3a07-4175-8dd2-9d41b1b53b1e@group-DEFD407AFBBD: start as a follower, conf=-1: [0c06663d-3a07-4175-8dd2-9d41b1b53b1e:192.168.30.13:42265], old=null
2019-09-26 10:52:02,068 [pool-27-thread-1] INFO  impl.RaftServerImpl (RaftServerImpl.java:setRole(174)) - 0c06663d-3a07-4175-8dd2-9d41b1b53b1e@group-DEFD407AFBBD: changes role from      null to FOLLOWER at term 0 for startAsFollower
2019-09-26 10:52:02,069 [pool-27-thread-1] INFO  impl.RoleInfo (RoleInfo.java:updateAndGet(143)) - 0c06663d-3a07-4175-8dd2-9d41b1b53b1e: start FollowerState
2019-09-26 10:52:02,071 [pool-27-thread-1] INFO  util.JmxRegister (JmxRegister.java:tryRegister(44)) - Successfully registered JMX Bean with object name Ratis:service=RaftServer,group=group-DEFD407AFBBD,id=0c06663d-3a07-4175-8dd2-9d41b1b53b1e
2019-09-26 10:52:02,153 [RatisPipelineUtilsThread] INFO  pipeline.PipelineStateManager (PipelineStateManager.java:addPipeline(56)) - Created pipeline Pipeline[ Id: 127a1392-7d10-4a45-af4e-defd407afbbd, Nodes: 0c06663d-3a07-4175-8dd2-9d41b1b53b1e{ip: 192.168.30.13, host: pr-hdds-1569-wvzgm-824869521, networkLocation: /default-rack, certSerialId: null}, Type:RATIS, Factor:ONE, State:OPEN]
2019-09-26 10:52:02,186 [grpc-default-executor-0] INFO  impl.RaftServerProxy (RaftServerProxy.java:addNew(89)) - be8031e7-e5bc-4989-a875-174452875862: addNew group-C8BB06CFCCC8:[be8031e7-e5bc-4989-a875-174452875862:192.168.30.13:42793] returns group-C8BB06CFCCC8:java.util.concurrent.CompletableFuture@66c36d39[Not completed]
2019-09-26 10:52:02,265 [pool-97-thread-1] INFO  impl.RaftServerImpl (RaftServerImpl.java:<init>(95)) - be8031e7-e5bc-4989-a875-174452875862: new RaftServerImpl for group-C8BB06CFCCC8:[be8031e7-e5bc-4989-a875-174452875862:192.168.30.13:42793] with ContainerStateMachine:uninitialized
2019-09-26 10:52:02,267 [pool-97-thread-1] INFO  server.RaftServerConfigKeys (ConfUtils.java:logGet(43)) - raft.server.rpc.timeout.min = 5s (custom)
2019-09-26 10:52:02,267 [pool-97-thread-1] INFO  server.RaftServerConfigKeys (ConfUtils.java:logGet(43)) - raft.server.rpc.timeout.max = 5200ms (custom)
2019-09-26 10:52:02,267 [pool-97-thread-1] INFO  server.RaftServerConfigKeys (ConfUtils.java:logGet(43)) - raft.server.rpcslowness.timeout = 120s (custom)
2019-09-26 10:52:02,267 [pool-97-thread-1] INFO  server.RaftServerConfigKeys (ConfUtils.java:logGet(43)) - raft.server.sleep.deviation.threshold = 300 (default)
2019-09-26 10:52:02,267 [pool-97-thread-1] INFO  server.RaftServerConfigKeys (ConfUtils.java:logGet(43)) - raft.server.log.appender.install.snapshot.enabled = false (custom)
2019-09-26 10:52:02,268 [pool-97-thread-1] INFO  impl.RaftServerImpl (ServerState.java:<init>(103)) - be8031e7-e5bc-4989-a875-174452875862@group-C8BB06CFCCC8: ConfigurationManager, init=-1: [be8031e7-e5bc-4989-a875-174452875862:192.168.30.13:42793], old=null, confs=<EMPTY_MAP>
2019-09-26 10:52:02,268 [pool-97-thread-1] INFO  server.RaftServerConfigKeys (ConfUtils.java:logGet(43)) - raft.server.storage.dir = [/workdir/hadoop-ozone/ozonefs/target/test-dir/MiniOzoneClusterImpl-b00a5744-6e73-4fa1-a928-c24f0d5ffca4/datanode-7/data/ratis] (custom)
2019-09-26 10:52:02,269 [pool-97-thread-1] INFO  storage.RaftStorageDirectory (RaftStorageDirectory.java:analyzeStorage(246)) - The storage directory /workdir/hadoop-ozone/ozonefs/target/test-dir/MiniOzoneClusterImpl-b00a5744-6e73-4fa1-a928-c24f0d5ffca4/datanode-7/data/ratis/5c29b12a-c98e-4ce1-b518-c8bb06cfccc8 does not exist. Creating ...
2019-09-26 10:52:02,285 [pool-97-thread-1] INFO  storage.RaftStorageDirectory (RaftStorageDirectory.java:tryLock(328)) - Lock on /workdir/hadoop-ozone/ozonefs/target/test-dir/MiniOzoneClusterImpl-b00a5744-6e73-4fa1-a928-c24f0d5ffca4/datanode-7/data/ratis/5c29b12a-c98e-4ce1-b518-c8bb06cfccc8/in_use.lock acquired by nodename 31132@pr-hdds-1569-wvzgm-824869521
2019-09-26 10:52:02,298 [pool-97-thread-1] INFO  storage.RaftStorage (RaftStorage.java:format(72)) - Storage directory /workdir/hadoop-ozone/ozonefs/target/test-dir/MiniOzoneClusterImpl-b00a5744-6e73-4fa1-a928-c24f0d5ffca4/datanode-7/data/ratis/5c29b12a-c98e-4ce1-b518-c8bb06cfccc8 has been successfully formatted.
2019-09-26 10:52:02,301 [pool-97-thread-1] INFO  ratis.ContainerStateMachine (ContainerStateMachine.java:loadSnapshot(230)) - group-C8BB06CFCCC8: The snapshot info is null. Setting the last applied indexto:(t:0, i:~)
2019-09-26 10:52:02,303 [pool-97-thread-1] INFO  server.RaftServerConfigKeys (ConfUtils.java:logGet(43)) - raft.server.notification.no-leader.timeout = 120s (custom)
2019-09-26 10:52:02,304 [pool-97-thread-1] INFO  server.RaftServerConfigKeys (ConfUtils.java:logGet(43)) - raft.server.log.use.memory = false (default)
2019-09-26 10:52:02,304 [pool-97-thread-1] INFO  server.RaftServerConfigKeys (ConfUtils.java:logGet(43)) - raft.server.log.purge.gap = 1000000 (custom)
2019-09-26 10:52:02,304 [pool-97-thread-1] INFO  server.RaftServerConfigKeys (ConfUtils.java:logGet(43)) - raft.server.log.appender.buffer.byte-limit = 33554432 (custom)
2019-09-26 10:52:02,305 [pool-97-thread-1] INFO  server.RaftServerConfigKeys (ConfUtils.java:logGet(43)) - raft.server.log.segment.size.max = 1048576 (custom)
2019-09-26 10:52:02,305 [pool-97-thread-1] INFO  server.RaftServerConfigKeys (ConfUtils.java:logGet(43)) - raft.server.log.segment.cache.num.max = 2 (custom)
2019-09-26 10:52:02,305 [pool-97-thread-1] INFO  segmented.SegmentedRaftLogWorker (SegmentedRaftLogWorker.java:<init>(172)) - new be8031e7-e5bc-4989-a875-174452875862@group-C8BB06CFCCC8-SegmentedRaftLogWorker for RaftStorage:Storage Directory /workdir/hadoop-ozone/ozonefs/target/test-dir/MiniOzoneClusterImpl-b00a5744-6e73-4fa1-a928-c24f0d5ffca4/datanode-7/data/ratis/5c29b12a-c98e-4ce1-b518-c8bb06cfccc8
2019-09-26 10:52:02,314 [pool-97-thread-1] INFO  server.RaftServerConfigKeys (ConfUtils.java:logGet(43)) - raft.server.log.queue.byte-limit = 2147483647 (custom)
2019-09-26 10:52:02,314 [pool-97-thread-1] INFO  server.RaftServerConfigKeys (ConfUtils.java:logGet(43)) - raft.server.log.queue.element-limit = 1024 (custom)
2019-09-26 10:52:02,314 [pool-97-thread-1] INFO  server.RaftServerConfigKeys (ConfUtils.java:logGet(43)) - raft.server.log.segment.size.max = 1048576 (custom)
2019-09-26 10:52:02,314 [pool-97-thread-1] INFO  server.RaftServerConfigKeys (ConfUtils.java:logGet(43)) - raft.server.log.preallocated.size = 16384 (custom)
2019-09-26 10:52:02,315 [pool-97-thread-1] INFO  server.RaftServerConfigKeys (ConfUtils.java:logGet(43)) - raft.server.log.write.buffer.size = 33554432 (custom)
2019-09-26 10:52:02,315 [pool-97-thread-1] INFO  server.RaftServerConfigKeys (ConfUtils.java:logGet(43)) - raft.server.log.force.sync.num = 128 (default)
2019-09-26 10:52:02,315 [pool-97-thread-1] INFO  server.RaftServerConfigKeys (ConfUtils.java:logGet(43)) - raft.server.log.statemachine.data.sync = true (default)
2019-09-26 10:52:02,315 [pool-97-thread-1] INFO  server.RaftServerConfigKeys (ConfUtils.java:logGet(43)) - raft.server.log.statemachine.data.sync.timeout = 10s (default)
2019-09-26 10:52:02,315 [pool-97-thread-1] INFO  server.RaftServerConfigKeys (ConfUtils.java:logGet(43)) - raft.server.log.statemachine.data.sync.timeout.retry = -1 (default)
2019-09-26 10:52:02,316 [pool-97-thread-1] INFO  server.RaftServerConfigKeys (ConfUtils.java:logGet(43)) - raft.server.log.statemachine.data.caching.enabled = true (custom)
2019-09-26 10:52:02,316 [pool-97-thread-1] INFO  segmented.SegmentedRaftLogWorker (SegmentedRaftLogWorker.java:lambda$new$0(132)) - be8031e7-e5bc-4989-a875-174452875862@group-C8BB06CFCCC8-SegmentedRaftLogWorker: flushIndex: setUnconditionally 0 -> -1
2019-09-26 10:52:02,317 [pool-97-thread-1] INFO  server.RaftServerConfigKeys (ConfUtils.java:logGet(43)) - raft.server.snapshot.auto.trigger.enabled = true (custom)
2019-09-26 10:52:02,317 [pool-97-thread-1] INFO  server.RaftServerConfigKeys (ConfUtils.java:logGet(43)) - raft.server.snapshot.auto.trigger.threshold = 10000 (custom)
2019-09-26 10:52:02,317 [pool-97-thread-1] INFO  server.RaftServerConfigKeys (ConfUtils.java:logGet(43)) - raft.server.snapshot.retention.num.files = 5 (custom)
2019-09-26 10:52:02,317 [pool-97-thread-1] INFO  server.RaftServerConfigKeys (ConfUtils.java:logGet(43)) - raft.server.retrycache.expirytime = 600000ms (custom)
2019-09-26 10:52:02,322 [pool-97-thread-1] INFO  impl.RaftServerImpl (RaftServerImpl.java:start(185)) - be8031e7-e5bc-4989-a875-174452875862@group-C8BB06CFCCC8: start as a follower, conf=-1: [be8031e7-e5bc-4989-a875-174452875862:192.168.30.13:42793], old=null
2019-09-26 10:52:02,323 [pool-97-thread-1] INFO  impl.RaftServerImpl (RaftServerImpl.java:setRole(174)) - be8031e7-e5bc-4989-a875-174452875862@group-C8BB06CFCCC8: changes role from      null to FOLLOWER at term 0 for startAsFollower
2019-09-26 10:52:02,323 [pool-97-thread-1] INFO  impl.RoleInfo (RoleInfo.java:updateAndGet(143)) - be8031e7-e5bc-4989-a875-174452875862: start FollowerState
2019-09-26 10:52:02,326 [pool-97-thread-1] INFO  util.JmxRegister (JmxRegister.java:tryRegister(44)) - Successfully registered JMX Bean with object name Ratis:service=RaftServer,group=group-C8BB06CFCCC8,id=be8031e7-e5bc-4989-a875-174452875862
2019-09-26 10:52:02,348 [RatisPipelineUtilsThread] INFO  pipeline.PipelineStateManager (PipelineStateManager.java:addPipeline(56)) - Created pipeline Pipeline[ Id: 5c29b12a-c98e-4ce1-b518-c8bb06cfccc8, Nodes: be8031e7-e5bc-4989-a875-174452875862{ip: 192.168.30.13, host: pr-hdds-1569-wvzgm-824869521, networkLocation: /default-rack, certSerialId: null}, Type:RATIS, Factor:ONE, State:OPEN]
2019-09-26 10:52:02,386 [grpc-default-executor-0] INFO  impl.RaftServerProxy (RaftServerProxy.java:addNew(89)) - 474bca52-b9cd-4602-ad06-63718c1fead5: addNew group-22CB0531F6F1:[474bca52-b9cd-4602-ad06-63718c1fead5:192.168.30.13:39280] returns group-22CB0531F6F1:java.util.concurrent.CompletableFuture@192001b2[Not completed]
2019-09-26 10:52:02,430 [pool-47-thread-1] INFO  impl.RaftServerImpl (RaftServerImpl.java:<init>(95)) - 474bca52-b9cd-4602-ad06-63718c1fead5: new RaftServerImpl for group-22CB0531F6F1:[474bca52-b9cd-4602-ad06-63718c1fead5:192.168.30.13:39280] with ContainerStateMachine:uninitialized
2019-09-26 10:52:02,431 [pool-47-thread-1] INFO  server.RaftServerConfigKeys (ConfUtils.java:logGet(43)) - raft.server.rpc.timeout.min = 5s (custom)
2019-09-26 10:52:02,431 [pool-47-thread-1] INFO  server.RaftServerConfigKeys (ConfUtils.java:logGet(43)) - raft.server.rpc.timeout.max = 5200ms (custom)
2019-09-26 10:52:02,431 [pool-47-thread-1] INFO  server.RaftServerConfigKeys (ConfUtils.java:logGet(43)) - raft.server.rpcslowness.timeout = 120s (custom)
2019-09-26 10:52:02,431 [pool-47-thread-1] INFO  server.RaftServerConfigKeys (ConfUtils.java:logGet(43)) - raft.server.sleep.deviation.threshold = 300 (default)
2019-09-26 10:52:02,432 [pool-47-thread-1] INFO  server.RaftServerConfigKeys (ConfUtils.java:logGet(43)) - raft.server.log.appender.install.snapshot.enabled = false (custom)
2019-09-26 10:52:02,432 [pool-47-thread-1] INFO  impl.RaftServerImpl (ServerState.java:<init>(103)) - 474bca52-b9cd-4602-ad06-63718c1fead5@group-22CB0531F6F1: ConfigurationManager, init=-1: [474bca52-b9cd-4602-ad06-63718c1fead5:192.168.30.13:39280], old=null, confs=<EMPTY_MAP>
2019-09-26 10:52:02,433 [pool-47-thread-1] INFO  server.RaftServerConfigKeys (ConfUtils.java:logGet(43)) - raft.server.storage.dir = [/workdir/hadoop-ozone/ozonefs/target/test-dir/MiniOzoneClusterImpl-b00a5744-6e73-4fa1-a928-c24f0d5ffca4/datanode-2/data/ratis] (custom)
2019-09-26 10:52:02,433 [pool-47-thread-1] INFO  storage.RaftStorageDirectory (RaftStorageDirectory.java:analyzeStorage(246)) - The storage directory /workdir/hadoop-ozone/ozonefs/target/test-dir/MiniOzoneClusterImpl-b00a5744-6e73-4fa1-a928-c24f0d5ffca4/datanode-2/data/ratis/1b8a6be8-53ee-4058-afc8-22cb0531f6f1 does not exist. Creating ...
2019-09-26 10:52:02,447 [pool-47-thread-1] INFO  storage.RaftStorageDirectory (RaftStorageDirectory.java:tryLock(328)) - Lock on /workdir/hadoop-ozone/ozonefs/target/test-dir/MiniOzoneClusterImpl-b00a5744-6e73-4fa1-a928-c24f0d5ffca4/datanode-2/data/ratis/1b8a6be8-53ee-4058-afc8-22cb0531f6f1/in_use.lock acquired by nodename 31132@pr-hdds-1569-wvzgm-824869521
2019-09-26 10:52:02,460 [pool-47-thread-1] INFO  storage.RaftStorage (RaftStorage.java:format(72)) - Storage directory /workdir/hadoop-ozone/ozonefs/target/test-dir/MiniOzoneClusterImpl-b00a5744-6e73-4fa1-a928-c24f0d5ffca4/datanode-2/data/ratis/1b8a6be8-53ee-4058-afc8-22cb0531f6f1 has been successfully formatted.
2019-09-26 10:52:02,461 [pool-47-thread-1] INFO  ratis.ContainerStateMachine (ContainerStateMachine.java:loadSnapshot(230)) - group-22CB0531F6F1: The snapshot info is null. Setting the last applied indexto:(t:0, i:~)
2019-09-26 10:52:02,461 [pool-47-thread-1] INFO  server.RaftServerConfigKeys (ConfUtils.java:logGet(43)) - raft.server.notification.no-leader.timeout = 120s (custom)
2019-09-26 10:52:02,461 [pool-47-thread-1] INFO  server.RaftServerConfigKeys (ConfUtils.java:logGet(43)) - raft.server.log.use.memory = false (default)
2019-09-26 10:52:02,462 [pool-47-thread-1] INFO  server.RaftServerConfigKeys (ConfUtils.java:logGet(43)) - raft.server.log.purge.gap = 1000000 (custom)
2019-09-26 10:52:02,462 [pool-47-thread-1] INFO  server.RaftServerConfigKeys (ConfUtils.java:logGet(43)) - raft.server.log.appender.buffer.byte-limit = 33554432 (custom)
2019-09-26 10:52:02,462 [pool-47-thread-1] INFO  server.RaftServerConfigKeys (ConfUtils.java:logGet(43)) - raft.server.log.segment.size.max = 1048576 (custom)
2019-09-26 10:52:02,462 [pool-47-thread-1] INFO  server.RaftServerConfigKeys (ConfUtils.java:logGet(43)) - raft.server.log.segment.cache.num.max = 2 (custom)
2019-09-26 10:52:02,462 [pool-47-thread-1] INFO  segmented.SegmentedRaftLogWorker (SegmentedRaftLogWorker.java:<init>(172)) - new 474bca52-b9cd-4602-ad06-63718c1fead5@group-22CB0531F6F1-SegmentedRaftLogWorker for RaftStorage:Storage Directory /workdir/hadoop-ozone/ozonefs/target/test-dir/MiniOzoneClusterImpl-b00a5744-6e73-4fa1-a928-c24f0d5ffca4/datanode-2/data/ratis/1b8a6be8-53ee-4058-afc8-22cb0531f6f1
2019-09-26 10:52:02,527 [pool-47-thread-1] INFO  server.RaftServerConfigKeys (ConfUtils.java:logGet(43)) - raft.server.log.queue.byte-limit = 2147483647 (custom)
2019-09-26 10:52:02,528 [pool-47-thread-1] INFO  server.RaftServerConfigKeys (ConfUtils.java:logGet(43)) - raft.server.log.queue.element-limit = 1024 (custom)
2019-09-26 10:52:02,528 [pool-47-thread-1] INFO  server.RaftServerConfigKeys (ConfUtils.java:logGet(43)) - raft.server.log.segment.size.max = 1048576 (custom)
2019-09-26 10:52:02,528 [pool-47-thread-1] INFO  server.RaftServerConfigKeys (ConfUtils.java:logGet(43)) - raft.server.log.preallocated.size = 16384 (custom)
2019-09-26 10:52:02,528 [pool-47-thread-1] INFO  server.RaftServerConfigKeys (ConfUtils.java:logGet(43)) - raft.server.log.write.buffer.size = 33554432 (custom)
2019-09-26 10:52:02,529 [pool-47-thread-1] INFO  server.RaftServerConfigKeys (ConfUtils.java:logGet(43)) - raft.server.log.force.sync.num = 128 (default)
2019-09-26 10:52:02,529 [pool-47-thread-1] INFO  server.RaftServerConfigKeys (ConfUtils.java:logGet(43)) - raft.server.log.statemachine.data.sync = true (default)
2019-09-26 10:52:02,529 [pool-47-thread-1] INFO  server.RaftServerConfigKeys (ConfUtils.java:logGet(43)) - raft.server.log.statemachine.data.sync.timeout = 10s (default)
2019-09-26 10:52:02,529 [pool-47-thread-1] INFO  server.RaftServerConfigKeys (ConfUtils.java:logGet(43)) - raft.server.log.statemachine.data.sync.timeout.retry = -1 (default)
2019-09-26 10:52:02,530 [pool-47-thread-1] INFO  server.RaftServerConfigKeys (ConfUtils.java:logGet(43)) - raft.server.log.statemachine.data.caching.enabled = true (custom)
2019-09-26 10:52:02,530 [pool-47-thread-1] INFO  segmented.SegmentedRaftLogWorker (SegmentedRaftLogWorker.java:lambda$new$0(132)) - 474bca52-b9cd-4602-ad06-63718c1fead5@group-22CB0531F6F1-SegmentedRaftLogWorker: flushIndex: setUnconditionally 0 -> -1
2019-09-26 10:52:02,531 [pool-47-thread-1] INFO  server.RaftServerConfigKeys (ConfUtils.java:logGet(43)) - raft.server.snapshot.auto.trigger.enabled = true (custom)
2019-09-26 10:52:02,531 [pool-47-thread-1] INFO  server.RaftServerConfigKeys (ConfUtils.java:logGet(43)) - raft.server.snapshot.auto.trigger.threshold = 10000 (custom)
2019-09-26 10:52:02,531 [pool-47-thread-1] INFO  server.RaftServerConfigKeys (ConfUtils.java:logGet(43)) - raft.server.snapshot.retention.num.files = 5 (custom)
2019-09-26 10:52:02,531 [pool-47-thread-1] INFO  server.RaftServerConfigKeys (ConfUtils.java:logGet(43)) - raft.server.retrycache.expirytime = 600000ms (custom)
2019-09-26 10:52:02,537 [pool-47-thread-1] INFO  impl.RaftServerImpl (RaftServerImpl.java:start(185)) - 474bca52-b9cd-4602-ad06-63718c1fead5@group-22CB0531F6F1: start as a follower, conf=-1: [474bca52-b9cd-4602-ad06-63718c1fead5:192.168.30.13:39280], old=null
2019-09-26 10:52:02,537 [pool-47-thread-1] INFO  impl.RaftServerImpl (RaftServerImpl.java:setRole(174)) - 474bca52-b9cd-4602-ad06-63718c1fead5@group-22CB0531F6F1: changes role from      null to FOLLOWER at term 0 for startAsFollower
2019-09-26 10:52:02,538 [pool-47-thread-1] INFO  impl.RoleInfo (RoleInfo.java:updateAndGet(143)) - 474bca52-b9cd-4602-ad06-63718c1fead5: start FollowerState
2019-09-26 10:52:02,538 [pool-47-thread-1] INFO  util.JmxRegister (JmxRegister.java:tryRegister(44)) - Successfully registered JMX Bean with object name Ratis:service=RaftServer,group=group-22CB0531F6F1,id=474bca52-b9cd-4602-ad06-63718c1fead5
2019-09-26 10:52:02,558 [RatisPipelineUtilsThread] INFO  pipeline.PipelineStateManager (PipelineStateManager.java:addPipeline(56)) - Created pipeline Pipeline[ Id: 1b8a6be8-53ee-4058-afc8-22cb0531f6f1, Nodes: 474bca52-b9cd-4602-ad06-63718c1fead5{ip: 192.168.30.13, host: pr-hdds-1569-wvzgm-824869521, networkLocation: /default-rack, certSerialId: null}, Type:RATIS, Factor:ONE, State:OPEN]
2019-09-26 10:52:02,590 [grpc-default-executor-0] INFO  impl.RaftServerProxy (RaftServerProxy.java:addNew(89)) - 87e84624-1b40-4389-b682-d98fe76436d1: addNew group-D6408D1A4BB3:[87e84624-1b40-4389-b682-d98fe76436d1:192.168.30.13:32768] returns group-D6408D1A4BB3:java.util.concurrent.CompletableFuture@36787be0[Not completed]
2019-09-26 10:52:02,597 [pool-37-thread-1] INFO  impl.RaftServerImpl (RaftServerImpl.java:<init>(95)) - 87e84624-1b40-4389-b682-d98fe76436d1: new RaftServerImpl for group-D6408D1A4BB3:[87e84624-1b40-4389-b682-d98fe76436d1:192.168.30.13:32768] with ContainerStateMachine:uninitialized
2019-09-26 10:52:02,597 [pool-37-thread-1] INFO  server.RaftServerConfigKeys (ConfUtils.java:logGet(43)) - raft.server.rpc.timeout.min = 5s (custom)
2019-09-26 10:52:02,597 [pool-37-thread-1] INFO  server.RaftServerConfigKeys (ConfUtils.java:logGet(43)) - raft.server.rpc.timeout.max = 5200ms (custom)
2019-09-26 10:52:02,598 [pool-37-thread-1] INFO  server.RaftServerConfigKeys (ConfUtils.java:logGet(43)) - raft.server.rpcslowness.timeout = 120s (custom)
2019-09-26 10:52:02,598 [pool-37-thread-1] INFO  server.RaftServerConfigKeys (ConfUtils.java:logGet(43)) - raft.server.sleep.deviation.threshold = 300 (default)
2019-09-26 10:52:02,598 [pool-37-thread-1] INFO  server.RaftServerConfigKeys (ConfUtils.java:logGet(43)) - raft.server.log.appender.install.snapshot.enabled = false (custom)
2019-09-26 10:52:02,598 [pool-37-thread-1] INFO  impl.RaftServerImpl (ServerState.java:<init>(103)) - 87e84624-1b40-4389-b682-d98fe76436d1@group-D6408D1A4BB3: ConfigurationManager, init=-1: [87e84624-1b40-4389-b682-d98fe76436d1:192.168.30.13:32768], old=null, confs=<EMPTY_MAP>
2019-09-26 10:52:02,598 [pool-37-thread-1] INFO  server.RaftServerConfigKeys (ConfUtils.java:logGet(43)) - raft.server.storage.dir = [/workdir/hadoop-ozone/ozonefs/target/test-dir/MiniOzoneClusterImpl-b00a5744-6e73-4fa1-a928-c24f0d5ffca4/datanode-1/data/ratis] (custom)
2019-09-26 10:52:02,599 [pool-37-thread-1] INFO  storage.RaftStorageDirectory (RaftStorageDirectory.java:analyzeStorage(246)) - The storage directory /workdir/hadoop-ozone/ozonefs/target/test-dir/MiniOzoneClusterImpl-b00a5744-6e73-4fa1-a928-c24f0d5ffca4/datanode-1/data/ratis/54af4321-d613-41f1-be84-d6408d1a4bb3 does not exist. Creating ...
2019-09-26 10:52:02,612 [pool-37-thread-1] INFO  storage.RaftStorageDirectory (RaftStorageDirectory.java:tryLock(328)) - Lock on /workdir/hadoop-ozone/ozonefs/target/test-dir/MiniOzoneClusterImpl-b00a5744-6e73-4fa1-a928-c24f0d5ffca4/datanode-1/data/ratis/54af4321-d613-41f1-be84-d6408d1a4bb3/in_use.lock acquired by nodename 31132@pr-hdds-1569-wvzgm-824869521
2019-09-26 10:52:02,626 [pool-37-thread-1] INFO  storage.RaftStorage (RaftStorage.java:format(72)) - Storage directory /workdir/hadoop-ozone/ozonefs/target/test-dir/MiniOzoneClusterImpl-b00a5744-6e73-4fa1-a928-c24f0d5ffca4/datanode-1/data/ratis/54af4321-d613-41f1-be84-d6408d1a4bb3 has been successfully formatted.
2019-09-26 10:52:02,627 [pool-37-thread-1] INFO  ratis.ContainerStateMachine (ContainerStateMachine.java:loadSnapshot(230)) - group-D6408D1A4BB3: The snapshot info is null. Setting the last applied indexto:(t:0, i:~)
2019-09-26 10:52:02,627 [pool-37-thread-1] INFO  server.RaftServerConfigKeys (ConfUtils.java:logGet(43)) - raft.server.notification.no-leader.timeout = 120s (custom)
2019-09-26 10:52:02,627 [pool-37-thread-1] INFO  server.RaftServerConfigKeys (ConfUtils.java:logGet(43)) - raft.server.log.use.memory = false (default)
2019-09-26 10:52:02,627 [pool-37-thread-1] INFO  server.RaftServerConfigKeys (ConfUtils.java:logGet(43)) - raft.server.log.purge.gap = 1000000 (custom)
2019-09-26 10:52:02,627 [pool-37-thread-1] INFO  server.RaftServerConfigKeys (ConfUtils.java:logGet(43)) - raft.server.log.appender.buffer.byte-limit = 33554432 (custom)
2019-09-26 10:52:02,628 [pool-37-thread-1] INFO  server.RaftServerConfigKeys (ConfUtils.java:logGet(43)) - raft.server.log.segment.size.max = 1048576 (custom)
2019-09-26 10:52:02,628 [pool-37-thread-1] INFO  server.RaftServerConfigKeys (ConfUtils.java:logGet(43)) - raft.server.log.segment.cache.num.max = 2 (custom)
2019-09-26 10:52:02,628 [pool-37-thread-1] INFO  segmented.SegmentedRaftLogWorker (SegmentedRaftLogWorker.java:<init>(172)) - new 87e84624-1b40-4389-b682-d98fe76436d1@group-D6408D1A4BB3-SegmentedRaftLogWorker for RaftStorage:Storage Directory /workdir/hadoop-ozone/ozonefs/target/test-dir/MiniOzoneClusterImpl-b00a5744-6e73-4fa1-a928-c24f0d5ffca4/datanode-1/data/ratis/54af4321-d613-41f1-be84-d6408d1a4bb3
2019-09-26 10:52:02,634 [pool-37-thread-1] INFO  server.RaftServerConfigKeys (ConfUtils.java:logGet(43)) - raft.server.log.queue.byte-limit = 2147483647 (custom)
2019-09-26 10:52:02,634 [pool-37-thread-1] INFO  server.RaftServerConfigKeys (ConfUtils.java:logGet(43)) - raft.server.log.queue.element-limit = 1024 (custom)
2019-09-26 10:52:02,634 [pool-37-thread-1] INFO  server.RaftServerConfigKeys (ConfUtils.java:logGet(43)) - raft.server.log.segment.size.max = 1048576 (custom)
2019-09-26 10:52:02,635 [pool-37-thread-1] INFO  server.RaftServerConfigKeys (ConfUtils.java:logGet(43)) - raft.server.log.preallocated.size = 16384 (custom)
2019-09-26 10:52:02,635 [pool-37-thread-1] INFO  server.RaftServerConfigKeys (ConfUtils.java:logGet(43)) - raft.server.log.write.buffer.size = 33554432 (custom)
2019-09-26 10:52:02,635 [pool-37-thread-1] INFO  server.RaftServerConfigKeys (ConfUtils.java:logGet(43)) - raft.server.log.force.sync.num = 128 (default)
2019-09-26 10:52:02,635 [pool-37-thread-1] INFO  server.RaftServerConfigKeys (ConfUtils.java:logGet(43)) - raft.server.log.statemachine.data.sync = true (default)
2019-09-26 10:52:02,635 [pool-37-thread-1] INFO  server.RaftServerConfigKeys (ConfUtils.java:logGet(43)) - raft.server.log.statemachine.data.sync.timeout = 10s (default)
2019-09-26 10:52:02,635 [pool-37-thread-1] INFO  server.RaftServerConfigKeys (ConfUtils.java:logGet(43)) - raft.server.log.statemachine.data.sync.timeout.retry = -1 (default)
2019-09-26 10:52:02,636 [pool-37-thread-1] INFO  server.RaftServerConfigKeys (ConfUtils.java:logGet(43)) - raft.server.log.statemachine.data.caching.enabled = true (custom)
2019-09-26 10:52:02,636 [pool-37-thread-1] INFO  segmented.SegmentedRaftLogWorker (SegmentedRaftLogWorker.java:lambda$new$0(132)) - 87e84624-1b40-4389-b682-d98fe76436d1@group-D6408D1A4BB3-SegmentedRaftLogWorker: flushIndex: setUnconditionally 0 -> -1
2019-09-26 10:52:02,637 [pool-37-thread-1] INFO  server.RaftServerConfigKeys (ConfUtils.java:logGet(43)) - raft.server.snapshot.auto.trigger.enabled = true (custom)
2019-09-26 10:52:02,637 [pool-37-thread-1] INFO  server.RaftServerConfigKeys (ConfUtils.java:logGet(43)) - raft.server.snapshot.auto.trigger.threshold = 10000 (custom)
2019-09-26 10:52:02,637 [pool-37-thread-1] INFO  server.RaftServerConfigKeys (ConfUtils.java:logGet(43)) - raft.server.snapshot.retention.num.files = 5 (custom)
2019-09-26 10:52:02,637 [pool-37-thread-1] INFO  server.RaftServerConfigKeys (ConfUtils.java:logGet(43)) - raft.server.retrycache.expirytime = 600000ms (custom)
2019-09-26 10:52:02,643 [pool-37-thread-1] INFO  impl.RaftServerImpl (RaftServerImpl.java:start(185)) - 87e84624-1b40-4389-b682-d98fe76436d1@group-D6408D1A4BB3: start as a follower, conf=-1: [87e84624-1b40-4389-b682-d98fe76436d1:192.168.30.13:32768], old=null
2019-09-26 10:52:02,644 [pool-37-thread-1] INFO  impl.RaftServerImpl (RaftServerImpl.java:setRole(174)) - 87e84624-1b40-4389-b682-d98fe76436d1@group-D6408D1A4BB3: changes role from      null to FOLLOWER at term 0 for startAsFollower
2019-09-26 10:52:02,644 [pool-37-thread-1] INFO  impl.RoleInfo (RoleInfo.java:updateAndGet(143)) - 87e84624-1b40-4389-b682-d98fe76436d1: start FollowerState
2019-09-26 10:52:02,644 [pool-37-thread-1] INFO  util.JmxRegister (JmxRegister.java:tryRegister(44)) - Successfully registered JMX Bean with object name Ratis:service=RaftServer,group=group-D6408D1A4BB3,id=87e84624-1b40-4389-b682-d98fe76436d1
2019-09-26 10:52:02,674 [RatisPipelineUtilsThread] INFO  pipeline.PipelineStateManager (PipelineStateManager.java:addPipeline(56)) - Created pipeline Pipeline[ Id: 54af4321-d613-41f1-be84-d6408d1a4bb3, Nodes: 87e84624-1b40-4389-b682-d98fe76436d1{ip: 192.168.30.13, host: pr-hdds-1569-wvzgm-824869521, networkLocation: /default-rack, certSerialId: null}, Type:RATIS, Factor:ONE, State:OPEN]
2019-09-26 10:52:02,694 [grpc-default-executor-0] INFO  impl.RaftServerProxy (RaftServerProxy.java:addNew(89)) - 74579fe5-f222-4a32-8361-e642639fe135: addNew group-791B5A785122:[74579fe5-f222-4a32-8361-e642639fe135:192.168.30.13:36553] returns group-791B5A785122:java.util.concurrent.CompletableFuture@6effc589[Not completed]
2019-09-26 10:52:02,701 [pool-87-thread-1] INFO  impl.RaftServerImpl (RaftServerImpl.java:<init>(95)) - 74579fe5-f222-4a32-8361-e642639fe135: new RaftServerImpl for group-791B5A785122:[74579fe5-f222-4a32-8361-e642639fe135:192.168.30.13:36553] with ContainerStateMachine:uninitialized
2019-09-26 10:52:02,701 [pool-87-thread-1] INFO  server.RaftServerConfigKeys (ConfUtils.java:logGet(43)) - raft.server.rpc.timeout.min = 5s (custom)
2019-09-26 10:52:02,701 [pool-87-thread-1] INFO  server.RaftServerConfigKeys (ConfUtils.java:logGet(43)) - raft.server.rpc.timeout.max = 5200ms (custom)
2019-09-26 10:52:02,701 [pool-87-thread-1] INFO  server.RaftServerConfigKeys (ConfUtils.java:logGet(43)) - raft.server.rpcslowness.timeout = 120s (custom)
2019-09-26 10:52:02,701 [pool-87-thread-1] INFO  server.RaftServerConfigKeys (ConfUtils.java:logGet(43)) - raft.server.sleep.deviation.threshold = 300 (default)
2019-09-26 10:52:02,702 [pool-87-thread-1] INFO  server.RaftServerConfigKeys (ConfUtils.java:logGet(43)) - raft.server.log.appender.install.snapshot.enabled = false (custom)
2019-09-26 10:52:02,702 [pool-87-thread-1] INFO  impl.RaftServerImpl (ServerState.java:<init>(103)) - 74579fe5-f222-4a32-8361-e642639fe135@group-791B5A785122: ConfigurationManager, init=-1: [74579fe5-f222-4a32-8361-e642639fe135:192.168.30.13:36553], old=null, confs=<EMPTY_MAP>
2019-09-26 10:52:02,702 [pool-87-thread-1] INFO  server.RaftServerConfigKeys (ConfUtils.java:logGet(43)) - raft.server.storage.dir = [/workdir/hadoop-ozone/ozonefs/target/test-dir/MiniOzoneClusterImpl-b00a5744-6e73-4fa1-a928-c24f0d5ffca4/datanode-6/data/ratis] (custom)
2019-09-26 10:52:02,703 [pool-87-thread-1] INFO  storage.RaftStorageDirectory (RaftStorageDirectory.java:analyzeStorage(246)) - The storage directory /workdir/hadoop-ozone/ozonefs/target/test-dir/MiniOzoneClusterImpl-b00a5744-6e73-4fa1-a928-c24f0d5ffca4/datanode-6/data/ratis/6d5188c0-f463-41b4-9bfb-791b5a785122 does not exist. Creating ...
2019-09-26 10:52:02,716 [pool-87-thread-1] INFO  storage.RaftStorageDirectory (RaftStorageDirectory.java:tryLock(328)) - Lock on /workdir/hadoop-ozone/ozonefs/target/test-dir/MiniOzoneClusterImpl-b00a5744-6e73-4fa1-a928-c24f0d5ffca4/datanode-6/data/ratis/6d5188c0-f463-41b4-9bfb-791b5a785122/in_use.lock acquired by nodename 31132@pr-hdds-1569-wvzgm-824869521
2019-09-26 10:52:02,729 [pool-87-thread-1] INFO  storage.RaftStorage (RaftStorage.java:format(72)) - Storage directory /workdir/hadoop-ozone/ozonefs/target/test-dir/MiniOzoneClusterImpl-b00a5744-6e73-4fa1-a928-c24f0d5ffca4/datanode-6/data/ratis/6d5188c0-f463-41b4-9bfb-791b5a785122 has been successfully formatted.
2019-09-26 10:52:02,729 [pool-87-thread-1] INFO  ratis.ContainerStateMachine (ContainerStateMachine.java:loadSnapshot(230)) - group-791B5A785122: The snapshot info is null. Setting the last applied indexto:(t:0, i:~)
2019-09-26 10:52:02,729 [pool-87-thread-1] INFO  server.RaftServerConfigKeys (ConfUtils.java:logGet(43)) - raft.server.notification.no-leader.timeout = 120s (custom)
2019-09-26 10:52:02,730 [pool-87-thread-1] INFO  server.RaftServerConfigKeys (ConfUtils.java:logGet(43)) - raft.server.log.use.memory = false (default)
2019-09-26 10:52:02,730 [pool-87-thread-1] INFO  server.RaftServerConfigKeys (ConfUtils.java:logGet(43)) - raft.server.log.purge.gap = 1000000 (custom)
2019-09-26 10:52:02,730 [pool-87-thread-1] INFO  server.RaftServerConfigKeys (ConfUtils.java:logGet(43)) - raft.server.log.appender.buffer.byte-limit = 33554432 (custom)
2019-09-26 10:52:02,730 [pool-87-thread-1] INFO  server.RaftServerConfigKeys (ConfUtils.java:logGet(43)) - raft.server.log.segment.size.max = 1048576 (custom)
2019-09-26 10:52:02,730 [pool-87-thread-1] INFO  server.RaftServerConfigKeys (ConfUtils.java:logGet(43)) - raft.server.log.segment.cache.num.max = 2 (custom)
2019-09-26 10:52:02,730 [pool-87-thread-1] INFO  segmented.SegmentedRaftLogWorker (SegmentedRaftLogWorker.java:<init>(172)) - new 74579fe5-f222-4a32-8361-e642639fe135@group-791B5A785122-SegmentedRaftLogWorker for RaftStorage:Storage Directory /workdir/hadoop-ozone/ozonefs/target/test-dir/MiniOzoneClusterImpl-b00a5744-6e73-4fa1-a928-c24f0d5ffca4/datanode-6/data/ratis/6d5188c0-f463-41b4-9bfb-791b5a785122
2019-09-26 10:52:02,735 [pool-87-thread-1] INFO  server.RaftServerConfigKeys (ConfUtils.java:logGet(43)) - raft.server.log.queue.byte-limit = 2147483647 (custom)
2019-09-26 10:52:02,735 [pool-87-thread-1] INFO  server.RaftServerConfigKeys (ConfUtils.java:logGet(43)) - raft.server.log.queue.element-limit = 1024 (custom)
2019-09-26 10:52:02,735 [pool-87-thread-1] INFO  server.RaftServerConfigKeys (ConfUtils.java:logGet(43)) - raft.server.log.segment.size.max = 1048576 (custom)
2019-09-26 10:52:02,735 [pool-87-thread-1] INFO  server.RaftServerConfigKeys (ConfUtils.java:logGet(43)) - raft.server.log.preallocated.size = 16384 (custom)
2019-09-26 10:52:02,735 [pool-87-thread-1] INFO  server.RaftServerConfigKeys (ConfUtils.java:logGet(43)) - raft.server.log.write.buffer.size = 33554432 (custom)
2019-09-26 10:52:02,736 [pool-87-thread-1] INFO  server.RaftServerConfigKeys (ConfUtils.java:logGet(43)) - raft.server.log.force.sync.num = 128 (default)
2019-09-26 10:52:02,736 [pool-87-thread-1] INFO  server.RaftServerConfigKeys (ConfUtils.java:logGet(43)) - raft.server.log.statemachine.data.sync = true (default)
2019-09-26 10:52:02,736 [pool-87-thread-1] INFO  server.RaftServerConfigKeys (ConfUtils.java:logGet(43)) - raft.server.log.statemachine.data.sync.timeout = 10s (default)
2019-09-26 10:52:02,736 [pool-87-thread-1] INFO  server.RaftServerConfigKeys (ConfUtils.java:logGet(43)) - raft.server.log.statemachine.data.sync.timeout.retry = -1 (default)
2019-09-26 10:52:02,736 [pool-87-thread-1] INFO  server.RaftServerConfigKeys (ConfUtils.java:logGet(43)) - raft.server.log.statemachine.data.caching.enabled = true (custom)
2019-09-26 10:52:02,737 [pool-87-thread-1] INFO  segmented.SegmentedRaftLogWorker (SegmentedRaftLogWorker.java:lambda$new$0(132)) - 74579fe5-f222-4a32-8361-e642639fe135@group-791B5A785122-SegmentedRaftLogWorker: flushIndex: setUnconditionally 0 -> -1
2019-09-26 10:52:02,737 [pool-87-thread-1] INFO  server.RaftServerConfigKeys (ConfUtils.java:logGet(43)) - raft.server.snapshot.auto.trigger.enabled = true (custom)
2019-09-26 10:52:02,737 [pool-87-thread-1] INFO  server.RaftServerConfigKeys (ConfUtils.java:logGet(43)) - raft.server.snapshot.auto.trigger.threshold = 10000 (custom)
2019-09-26 10:52:02,737 [pool-87-thread-1] INFO  server.RaftServerConfigKeys (ConfUtils.java:logGet(43)) - raft.server.snapshot.retention.num.files = 5 (custom)
2019-09-26 10:52:02,738 [pool-87-thread-1] INFO  server.RaftServerConfigKeys (ConfUtils.java:logGet(43)) - raft.server.retrycache.expirytime = 600000ms (custom)
2019-09-26 10:52:02,742 [pool-87-thread-1] INFO  impl.RaftServerImpl (RaftServerImpl.java:start(185)) - 74579fe5-f222-4a32-8361-e642639fe135@group-791B5A785122: start as a follower, conf=-1: [74579fe5-f222-4a32-8361-e642639fe135:192.168.30.13:36553], old=null
2019-09-26 10:52:02,742 [pool-87-thread-1] INFO  impl.RaftServerImpl (RaftServerImpl.java:setRole(174)) - 74579fe5-f222-4a32-8361-e642639fe135@group-791B5A785122: changes role from      null to FOLLOWER at term 0 for startAsFollower
2019-09-26 10:52:02,742 [pool-87-thread-1] INFO  impl.RoleInfo (RoleInfo.java:updateAndGet(143)) - 74579fe5-f222-4a32-8361-e642639fe135: start FollowerState
2019-09-26 10:52:02,743 [pool-87-thread-1] INFO  util.JmxRegister (JmxRegister.java:tryRegister(44)) - Successfully registered JMX Bean with object name Ratis:service=RaftServer,group=group-791B5A785122,id=74579fe5-f222-4a32-8361-e642639fe135
2019-09-26 10:52:02,759 [RatisPipelineUtilsThread] INFO  pipeline.PipelineStateManager (PipelineStateManager.java:addPipeline(56)) - Created pipeline Pipeline[ Id: 6d5188c0-f463-41b4-9bfb-791b5a785122, Nodes: 74579fe5-f222-4a32-8361-e642639fe135{ip: 192.168.30.13, host: pr-hdds-1569-wvzgm-824869521, networkLocation: /default-rack, certSerialId: null}, Type:RATIS, Factor:ONE, State:OPEN]
2019-09-26 10:52:02,780 [grpc-default-executor-0] INFO  impl.RaftServerProxy (RaftServerProxy.java:addNew(89)) - dd9d2e05-3ffa-4f1c-8a80-938e5f4f3192: addNew group-F29D1FF8D895:[dd9d2e05-3ffa-4f1c-8a80-938e5f4f3192:192.168.30.13:46596] returns group-F29D1FF8D895:java.util.concurrent.CompletableFuture@59114465[Not completed]
2019-09-26 10:52:02,786 [pool-77-thread-1] INFO  impl.RaftServerImpl (RaftServerImpl.java:<init>(95)) - dd9d2e05-3ffa-4f1c-8a80-938e5f4f3192: new RaftServerImpl for group-F29D1FF8D895:[dd9d2e05-3ffa-4f1c-8a80-938e5f4f3192:192.168.30.13:46596] with ContainerStateMachine:uninitialized
2019-09-26 10:52:02,787 [pool-77-thread-1] INFO  server.RaftServerConfigKeys (ConfUtils.java:logGet(43)) - raft.server.rpc.timeout.min = 5s (custom)
2019-09-26 10:52:02,787 [pool-77-thread-1] INFO  server.RaftServerConfigKeys (ConfUtils.java:logGet(43)) - raft.server.rpc.timeout.max = 5200ms (custom)
2019-09-26 10:52:02,787 [pool-77-thread-1] INFO  server.RaftServerConfigKeys (ConfUtils.java:logGet(43)) - raft.server.rpcslowness.timeout = 120s (custom)
2019-09-26 10:52:02,787 [pool-77-thread-1] INFO  server.RaftServerConfigKeys (ConfUtils.java:logGet(43)) - raft.server.sleep.deviation.threshold = 300 (default)
2019-09-26 10:52:02,787 [pool-77-thread-1] INFO  server.RaftServerConfigKeys (ConfUtils.java:logGet(43)) - raft.server.log.appender.install.snapshot.enabled = false (custom)
2019-09-26 10:52:02,788 [pool-77-thread-1] INFO  impl.RaftServerImpl (ServerState.java:<init>(103)) - dd9d2e05-3ffa-4f1c-8a80-938e5f4f3192@group-F29D1FF8D895: ConfigurationManager, init=-1: [dd9d2e05-3ffa-4f1c-8a80-938e5f4f3192:192.168.30.13:46596], old=null, confs=<EMPTY_MAP>
2019-09-26 10:52:02,788 [pool-77-thread-1] INFO  server.RaftServerConfigKeys (ConfUtils.java:logGet(43)) - raft.server.storage.dir = [/workdir/hadoop-ozone/ozonefs/target/test-dir/MiniOzoneClusterImpl-b00a5744-6e73-4fa1-a928-c24f0d5ffca4/datanode-5/data/ratis] (custom)
2019-09-26 10:52:02,788 [pool-77-thread-1] INFO  storage.RaftStorageDirectory (RaftStorageDirectory.java:analyzeStorage(246)) - The storage directory /workdir/hadoop-ozone/ozonefs/target/test-dir/MiniOzoneClusterImpl-b00a5744-6e73-4fa1-a928-c24f0d5ffca4/datanode-5/data/ratis/b8e11273-70fa-4e3d-8fe7-f29d1ff8d895 does not exist. Creating ...
2019-09-26 10:52:02,801 [pool-77-thread-1] INFO  storage.RaftStorageDirectory (RaftStorageDirectory.java:tryLock(328)) - Lock on /workdir/hadoop-ozone/ozonefs/target/test-dir/MiniOzoneClusterImpl-b00a5744-6e73-4fa1-a928-c24f0d5ffca4/datanode-5/data/ratis/b8e11273-70fa-4e3d-8fe7-f29d1ff8d895/in_use.lock acquired by nodename 31132@pr-hdds-1569-wvzgm-824869521
2019-09-26 10:52:02,814 [pool-77-thread-1] INFO  storage.RaftStorage (RaftStorage.java:format(72)) - Storage directory /workdir/hadoop-ozone/ozonefs/target/test-dir/MiniOzoneClusterImpl-b00a5744-6e73-4fa1-a928-c24f0d5ffca4/datanode-5/data/ratis/b8e11273-70fa-4e3d-8fe7-f29d1ff8d895 has been successfully formatted.
2019-09-26 10:52:02,814 [pool-77-thread-1] INFO  ratis.ContainerStateMachine (ContainerStateMachine.java:loadSnapshot(230)) - group-F29D1FF8D895: The snapshot info is null. Setting the last applied indexto:(t:0, i:~)
2019-09-26 10:52:02,815 [pool-77-thread-1] INFO  server.RaftServerConfigKeys (ConfUtils.java:logGet(43)) - raft.server.notification.no-leader.timeout = 120s (custom)
2019-09-26 10:52:02,815 [pool-77-thread-1] INFO  server.RaftServerConfigKeys (ConfUtils.java:logGet(43)) - raft.server.log.use.memory = false (default)
2019-09-26 10:52:02,815 [pool-77-thread-1] INFO  server.RaftServerConfigKeys (ConfUtils.java:logGet(43)) - raft.server.log.purge.gap = 1000000 (custom)
2019-09-26 10:52:02,815 [pool-77-thread-1] INFO  server.RaftServerConfigKeys (ConfUtils.java:logGet(43)) - raft.server.log.appender.buffer.byte-limit = 33554432 (custom)
2019-09-26 10:52:02,815 [pool-77-thread-1] INFO  server.RaftServerConfigKeys (ConfUtils.java:logGet(43)) - raft.server.log.segment.size.max = 1048576 (custom)
2019-09-26 10:52:02,815 [pool-77-thread-1] INFO  server.RaftServerConfigKeys (ConfUtils.java:logGet(43)) - raft.server.log.segment.cache.num.max = 2 (custom)
2019-09-26 10:52:02,816 [pool-77-thread-1] INFO  segmented.SegmentedRaftLogWorker (SegmentedRaftLogWorker.java:<init>(172)) - new dd9d2e05-3ffa-4f1c-8a80-938e5f4f3192@group-F29D1FF8D895-SegmentedRaftLogWorker for RaftStorage:Storage Directory /workdir/hadoop-ozone/ozonefs/target/test-dir/MiniOzoneClusterImpl-b00a5744-6e73-4fa1-a928-c24f0d5ffca4/datanode-5/data/ratis/b8e11273-70fa-4e3d-8fe7-f29d1ff8d895
2019-09-26 10:52:02,822 [pool-77-thread-1] INFO  server.RaftServerConfigKeys (ConfUtils.java:logGet(43)) - raft.server.log.queue.byte-limit = 2147483647 (custom)
2019-09-26 10:52:02,822 [pool-77-thread-1] INFO  server.RaftServerConfigKeys (ConfUtils.java:logGet(43)) - raft.server.log.queue.element-limit = 1024 (custom)
2019-09-26 10:52:02,823 [pool-77-thread-1] INFO  server.RaftServerConfigKeys (ConfUtils.java:logGet(43)) - raft.server.log.segment.size.max = 1048576 (custom)
2019-09-26 10:52:02,823 [pool-77-thread-1] INFO  server.RaftServerConfigKeys (ConfUtils.java:logGet(43)) - raft.server.log.preallocated.size = 16384 (custom)
2019-09-26 10:52:02,823 [pool-77-thread-1] INFO  server.RaftServerConfigKeys (ConfUtils.java:logGet(43)) - raft.server.log.write.buffer.size = 33554432 (custom)
2019-09-26 10:52:02,823 [pool-77-thread-1] INFO  server.RaftServerConfigKeys (ConfUtils.java:logGet(43)) - raft.server.log.force.sync.num = 128 (default)
2019-09-26 10:52:02,823 [pool-77-thread-1] INFO  server.RaftServerConfigKeys (ConfUtils.java:logGet(43)) - raft.server.log.statemachine.data.sync = true (default)
2019-09-26 10:52:02,823 [pool-77-thread-1] INFO  server.RaftServerConfigKeys (ConfUtils.java:logGet(43)) - raft.server.log.statemachine.data.sync.timeout = 10s (default)
2019-09-26 10:52:02,824 [pool-77-thread-1] INFO  server.RaftServerConfigKeys (ConfUtils.java:logGet(43)) - raft.server.log.statemachine.data.sync.timeout.retry = -1 (default)
2019-09-26 10:52:02,824 [pool-77-thread-1] INFO  server.RaftServerConfigKeys (ConfUtils.java:logGet(43)) - raft.server.log.statemachine.data.caching.enabled = true (custom)
2019-09-26 10:52:02,824 [pool-77-thread-1] INFO  segmented.SegmentedRaftLogWorker (SegmentedRaftLogWorker.java:lambda$new$0(132)) - dd9d2e05-3ffa-4f1c-8a80-938e5f4f3192@group-F29D1FF8D895-SegmentedRaftLogWorker: flushIndex: setUnconditionally 0 -> -1
2019-09-26 10:52:02,825 [pool-77-thread-1] INFO  server.RaftServerConfigKeys (ConfUtils.java:logGet(43)) - raft.server.snapshot.auto.trigger.enabled = true (custom)
2019-09-26 10:52:02,825 [pool-77-thread-1] INFO  server.RaftServerConfigKeys (ConfUtils.java:logGet(43)) - raft.server.snapshot.auto.trigger.threshold = 10000 (custom)
2019-09-26 10:52:02,825 [pool-77-thread-1] INFO  server.RaftServerConfigKeys (ConfUtils.java:logGet(43)) - raft.server.snapshot.retention.num.files = 5 (custom)
2019-09-26 10:52:02,825 [pool-77-thread-1] INFO  server.RaftServerConfigKeys (ConfUtils.java:logGet(43)) - raft.server.retrycache.expirytime = 600000ms (custom)
2019-09-26 10:52:02,830 [pool-77-thread-1] INFO  impl.RaftServerImpl (RaftServerImpl.java:start(185)) - dd9d2e05-3ffa-4f1c-8a80-938e5f4f3192@group-F29D1FF8D895: start as a follower, conf=-1: [dd9d2e05-3ffa-4f1c-8a80-938e5f4f3192:192.168.30.13:46596], old=null
2019-09-26 10:52:02,830 [pool-77-thread-1] INFO  impl.RaftServerImpl (RaftServerImpl.java:setRole(174)) - dd9d2e05-3ffa-4f1c-8a80-938e5f4f3192@group-F29D1FF8D895: changes role from      null to FOLLOWER at term 0 for startAsFollower
2019-09-26 10:52:02,830 [pool-77-thread-1] INFO  impl.RoleInfo (RoleInfo.java:updateAndGet(143)) - dd9d2e05-3ffa-4f1c-8a80-938e5f4f3192: start FollowerState
2019-09-26 10:52:02,831 [pool-77-thread-1] INFO  util.JmxRegister (JmxRegister.java:tryRegister(44)) - Successfully registered JMX Bean with object name Ratis:service=RaftServer,group=group-F29D1FF8D895,id=dd9d2e05-3ffa-4f1c-8a80-938e5f4f3192
2019-09-26 10:52:02,846 [RatisPipelineUtilsThread] INFO  pipeline.PipelineStateManager (PipelineStateManager.java:addPipeline(56)) - Created pipeline Pipeline[ Id: b8e11273-70fa-4e3d-8fe7-f29d1ff8d895, Nodes: dd9d2e05-3ffa-4f1c-8a80-938e5f4f3192{ip: 192.168.30.13, host: pr-hdds-1569-wvzgm-824869521, networkLocation: /default-rack, certSerialId: null}, Type:RATIS, Factor:ONE, State:OPEN]
2019-09-26 10:52:02,862 [grpc-default-executor-0] INFO  impl.RaftServerProxy (RaftServerProxy.java:addNew(89)) - 0c06663d-3a07-4175-8dd2-9d41b1b53b1e: addNew group-4B509FC09A05:[0c06663d-3a07-4175-8dd2-9d41b1b53b1e:192.168.30.13:42265] returns group-4B509FC09A05:java.util.concurrent.CompletableFuture@3aaa7fd8[Not completed]
2019-09-26 10:52:02,865 [pool-27-thread-1] INFO  impl.RaftServerImpl (RaftServerImpl.java:<init>(95)) - 0c06663d-3a07-4175-8dd2-9d41b1b53b1e: new RaftServerImpl for group-4B509FC09A05:[0c06663d-3a07-4175-8dd2-9d41b1b53b1e:192.168.30.13:42265] with ContainerStateMachine:uninitialized
2019-09-26 10:52:02,865 [pool-27-thread-1] INFO  server.RaftServerConfigKeys (ConfUtils.java:logGet(43)) - raft.server.rpc.timeout.min = 5s (custom)
2019-09-26 10:52:02,865 [pool-27-thread-1] INFO  server.RaftServerConfigKeys (ConfUtils.java:logGet(43)) - raft.server.rpc.timeout.max = 5200ms (custom)
2019-09-26 10:52:02,865 [pool-27-thread-1] INFO  server.RaftServerConfigKeys (ConfUtils.java:logGet(43)) - raft.server.rpcslowness.timeout = 120s (custom)
2019-09-26 10:52:02,865 [pool-27-thread-1] INFO  server.RaftServerConfigKeys (ConfUtils.java:logGet(43)) - raft.server.sleep.deviation.threshold = 300 (default)
2019-09-26 10:52:02,866 [pool-27-thread-1] INFO  server.RaftServerConfigKeys (ConfUtils.java:logGet(43)) - raft.server.log.appender.install.snapshot.enabled = false (custom)
2019-09-26 10:52:02,866 [pool-27-thread-1] INFO  impl.RaftServerImpl (ServerState.java:<init>(103)) - 0c06663d-3a07-4175-8dd2-9d41b1b53b1e@group-4B509FC09A05: ConfigurationManager, init=-1: [0c06663d-3a07-4175-8dd2-9d41b1b53b1e:192.168.30.13:42265], old=null, confs=<EMPTY_MAP>
2019-09-26 10:52:02,866 [pool-27-thread-1] INFO  server.RaftServerConfigKeys (ConfUtils.java:logGet(43)) - raft.server.storage.dir = [/workdir/hadoop-ozone/ozonefs/target/test-dir/MiniOzoneClusterImpl-b00a5744-6e73-4fa1-a928-c24f0d5ffca4/datanode-0/data/ratis] (custom)
2019-09-26 10:52:02,867 [pool-27-thread-1] INFO  storage.RaftStorageDirectory (RaftStorageDirectory.java:analyzeStorage(246)) - The storage directory /workdir/hadoop-ozone/ozonefs/target/test-dir/MiniOzoneClusterImpl-b00a5744-6e73-4fa1-a928-c24f0d5ffca4/datanode-0/data/ratis/2f7de1c2-4746-4585-a537-4b509fc09a05 does not exist. Creating ...
2019-09-26 10:52:02,880 [pool-27-thread-1] INFO  storage.RaftStorageDirectory (RaftStorageDirectory.java:tryLock(328)) - Lock on /workdir/hadoop-ozone/ozonefs/target/test-dir/MiniOzoneClusterImpl-b00a5744-6e73-4fa1-a928-c24f0d5ffca4/datanode-0/data/ratis/2f7de1c2-4746-4585-a537-4b509fc09a05/in_use.lock acquired by nodename 31132@pr-hdds-1569-wvzgm-824869521
2019-09-26 10:52:02,902 [pool-27-thread-1] INFO  storage.RaftStorage (RaftStorage.java:format(72)) - Storage directory /workdir/hadoop-ozone/ozonefs/target/test-dir/MiniOzoneClusterImpl-b00a5744-6e73-4fa1-a928-c24f0d5ffca4/datanode-0/data/ratis/2f7de1c2-4746-4585-a537-4b509fc09a05 has been successfully formatted.
2019-09-26 10:52:02,902 [pool-27-thread-1] INFO  ratis.ContainerStateMachine (ContainerStateMachine.java:loadSnapshot(230)) - group-4B509FC09A05: The snapshot info is null. Setting the last applied indexto:(t:0, i:~)
2019-09-26 10:52:02,902 [pool-27-thread-1] INFO  server.RaftServerConfigKeys (ConfUtils.java:logGet(43)) - raft.server.notification.no-leader.timeout = 120s (custom)
2019-09-26 10:52:02,902 [pool-27-thread-1] INFO  server.RaftServerConfigKeys (ConfUtils.java:logGet(43)) - raft.server.log.use.memory = false (default)
2019-09-26 10:52:02,903 [pool-27-thread-1] INFO  server.RaftServerConfigKeys (ConfUtils.java:logGet(43)) - raft.server.log.purge.gap = 1000000 (custom)
2019-09-26 10:52:02,903 [pool-27-thread-1] INFO  server.RaftServerConfigKeys (ConfUtils.java:logGet(43)) - raft.server.log.appender.buffer.byte-limit = 33554432 (custom)
2019-09-26 10:52:02,903 [pool-27-thread-1] INFO  server.RaftServerConfigKeys (ConfUtils.java:logGet(43)) - raft.server.log.segment.size.max = 1048576 (custom)
2019-09-26 10:52:02,903 [pool-27-thread-1] INFO  server.RaftServerConfigKeys (ConfUtils.java:logGet(43)) - raft.server.log.segment.cache.num.max = 2 (custom)
2019-09-26 10:52:02,903 [pool-27-thread-1] INFO  segmented.SegmentedRaftLogWorker (SegmentedRaftLogWorker.java:<init>(172)) - new 0c06663d-3a07-4175-8dd2-9d41b1b53b1e@group-4B509FC09A05-SegmentedRaftLogWorker for RaftStorage:Storage Directory /workdir/hadoop-ozone/ozonefs/target/test-dir/MiniOzoneClusterImpl-b00a5744-6e73-4fa1-a928-c24f0d5ffca4/datanode-0/data/ratis/2f7de1c2-4746-4585-a537-4b509fc09a05
2019-09-26 10:52:02,904 [pool-27-thread-1] INFO  server.RaftServerConfigKeys (ConfUtils.java:logGet(43)) - raft.server.log.queue.byte-limit = 2147483647 (custom)
2019-09-26 10:52:02,904 [pool-27-thread-1] INFO  server.RaftServerConfigKeys (ConfUtils.java:logGet(43)) - raft.server.log.queue.element-limit = 1024 (custom)
2019-09-26 10:52:02,904 [pool-27-thread-1] INFO  server.RaftServerConfigKeys (ConfUtils.java:logGet(43)) - raft.server.log.segment.size.max = 1048576 (custom)
2019-09-26 10:52:02,904 [pool-27-thread-1] INFO  server.RaftServerConfigKeys (ConfUtils.java:logGet(43)) - raft.server.log.preallocated.size = 16384 (custom)
2019-09-26 10:52:02,905 [pool-27-thread-1] INFO  server.RaftServerConfigKeys (ConfUtils.java:logGet(43)) - raft.server.log.write.buffer.size = 33554432 (custom)
2019-09-26 10:52:02,905 [pool-27-thread-1] INFO  server.RaftServerConfigKeys (ConfUtils.java:logGet(43)) - raft.server.log.force.sync.num = 128 (default)
2019-09-26 10:52:02,905 [pool-27-thread-1] INFO  server.RaftServerConfigKeys (ConfUtils.java:logGet(43)) - raft.server.log.statemachine.data.sync = true (default)
2019-09-26 10:52:02,905 [pool-27-thread-1] INFO  server.RaftServerConfigKeys (ConfUtils.java:logGet(43)) - raft.server.log.statemachine.data.sync.timeout = 10s (default)
2019-09-26 10:52:02,905 [pool-27-thread-1] INFO  server.RaftServerConfigKeys (ConfUtils.java:logGet(43)) - raft.server.log.statemachine.data.sync.timeout.retry = -1 (default)
2019-09-26 10:52:02,906 [pool-27-thread-1] INFO  server.RaftServerConfigKeys (ConfUtils.java:logGet(43)) - raft.server.log.statemachine.data.caching.enabled = true (custom)
2019-09-26 10:52:02,906 [pool-27-thread-1] INFO  segmented.SegmentedRaftLogWorker (SegmentedRaftLogWorker.java:lambda$new$0(132)) - 0c06663d-3a07-4175-8dd2-9d41b1b53b1e@group-4B509FC09A05-SegmentedRaftLogWorker: flushIndex: setUnconditionally 0 -> -1
2019-09-26 10:52:02,906 [pool-27-thread-1] INFO  server.RaftServerConfigKeys (ConfUtils.java:logGet(43)) - raft.server.snapshot.auto.trigger.enabled = true (custom)
2019-09-26 10:52:02,907 [pool-27-thread-1] INFO  server.RaftServerConfigKeys (ConfUtils.java:logGet(43)) - raft.server.snapshot.auto.trigger.threshold = 10000 (custom)
2019-09-26 10:52:02,907 [pool-27-thread-1] INFO  server.RaftServerConfigKeys (ConfUtils.java:logGet(43)) - raft.server.snapshot.retention.num.files = 5 (custom)
2019-09-26 10:52:02,907 [pool-27-thread-1] INFO  server.RaftServerConfigKeys (ConfUtils.java:logGet(43)) - raft.server.retrycache.expirytime = 600000ms (custom)
2019-09-26 10:52:02,911 [pool-27-thread-1] INFO  impl.RaftServerImpl (RaftServerImpl.java:start(185)) - 0c06663d-3a07-4175-8dd2-9d41b1b53b1e@group-4B509FC09A05: start as a follower, conf=-1: [0c06663d-3a07-4175-8dd2-9d41b1b53b1e:192.168.30.13:42265], old=null
2019-09-26 10:52:02,911 [pool-27-thread-1] INFO  impl.RaftServerImpl (RaftServerImpl.java:setRole(174)) - 0c06663d-3a07-4175-8dd2-9d41b1b53b1e@group-4B509FC09A05: changes role from      null to FOLLOWER at term 0 for startAsFollower
2019-09-26 10:52:02,911 [pool-27-thread-1] INFO  impl.RoleInfo (RoleInfo.java:updateAndGet(143)) - 0c06663d-3a07-4175-8dd2-9d41b1b53b1e: start FollowerState
2019-09-26 10:52:02,912 [pool-27-thread-1] INFO  util.JmxRegister (JmxRegister.java:tryRegister(44)) - Successfully registered JMX Bean with object name Ratis:service=RaftServer,group=group-4B509FC09A05,id=0c06663d-3a07-4175-8dd2-9d41b1b53b1e
2019-09-26 10:52:02,937 [RatisPipelineUtilsThread] INFO  pipeline.PipelineStateManager (PipelineStateManager.java:addPipeline(56)) - Created pipeline Pipeline[ Id: 2f7de1c2-4746-4585-a537-4b509fc09a05, Nodes: 0c06663d-3a07-4175-8dd2-9d41b1b53b1e{ip: 192.168.30.13, host: pr-hdds-1569-wvzgm-824869521, networkLocation: /default-rack, certSerialId: null}, Type:RATIS, Factor:ONE, State:OPEN]
2019-09-26 10:52:02,945 [main] INFO  ozone.MiniOzoneClusterImpl (MiniOzoneClusterImpl.java:lambda$waitForClusterToBeReady$0(147)) - Cluster is ready. Got 10 of 10 DN Heartbeats.
2019-09-26 10:52:02,956 [grpc-default-executor-0] INFO  impl.RaftServerProxy (RaftServerProxy.java:addNew(89)) - 0c06663d-3a07-4175-8dd2-9d41b1b53b1e: addNew group-96463729E733:[0c06663d-3a07-4175-8dd2-9d41b1b53b1e:192.168.30.13:42265] returns group-96463729E733:java.util.concurrent.CompletableFuture@38aa5132[Not completed]
2019-09-26 10:52:02,958 [pool-27-thread-1] INFO  impl.RaftServerImpl (RaftServerImpl.java:<init>(95)) - 0c06663d-3a07-4175-8dd2-9d41b1b53b1e: new RaftServerImpl for group-96463729E733:[0c06663d-3a07-4175-8dd2-9d41b1b53b1e:192.168.30.13:42265] with ContainerStateMachine:uninitialized
2019-09-26 10:52:02,958 [pool-27-thread-1] INFO  server.RaftServerConfigKeys (ConfUtils.java:logGet(43)) - raft.server.rpc.timeout.min = 5s (custom)
2019-09-26 10:52:02,958 [pool-27-thread-1] INFO  server.RaftServerConfigKeys (ConfUtils.java:logGet(43)) - raft.server.rpc.timeout.max = 5200ms (custom)
2019-09-26 10:52:02,958 [pool-27-thread-1] INFO  server.RaftServerConfigKeys (ConfUtils.java:logGet(43)) - raft.server.rpcslowness.timeout = 120s (custom)
2019-09-26 10:52:02,959 [pool-27-thread-1] INFO  server.RaftServerConfigKeys (ConfUtils.java:logGet(43)) - raft.server.sleep.deviation.threshold = 300 (default)
2019-09-26 10:52:02,959 [pool-27-thread-1] INFO  server.RaftServerConfigKeys (ConfUtils.java:logGet(43)) - raft.server.log.appender.install.snapshot.enabled = false (custom)
2019-09-26 10:52:02,959 [pool-27-thread-1] INFO  impl.RaftServerImpl (ServerState.java:<init>(103)) - 0c06663d-3a07-4175-8dd2-9d41b1b53b1e@group-96463729E733: ConfigurationManager, init=-1: [0c06663d-3a07-4175-8dd2-9d41b1b53b1e:192.168.30.13:42265], old=null, confs=<EMPTY_MAP>
2019-09-26 10:52:02,959 [pool-27-thread-1] INFO  server.RaftServerConfigKeys (ConfUtils.java:logGet(43)) - raft.server.storage.dir = [/workdir/hadoop-ozone/ozonefs/target/test-dir/MiniOzoneClusterImpl-b00a5744-6e73-4fa1-a928-c24f0d5ffca4/datanode-0/data/ratis] (custom)
2019-09-26 10:52:02,960 [pool-27-thread-1] INFO  storage.RaftStorageDirectory (RaftStorageDirectory.java:analyzeStorage(246)) - The storage directory /workdir/hadoop-ozone/ozonefs/target/test-dir/MiniOzoneClusterImpl-b00a5744-6e73-4fa1-a928-c24f0d5ffca4/datanode-0/data/ratis/93652ccc-8e48-4b8e-964b-96463729e733 does not exist. Creating ...
2019-09-26 10:52:02,975 [pool-27-thread-1] INFO  storage.RaftStorageDirectory (RaftStorageDirectory.java:tryLock(328)) - Lock on /workdir/hadoop-ozone/ozonefs/target/test-dir/MiniOzoneClusterImpl-b00a5744-6e73-4fa1-a928-c24f0d5ffca4/datanode-0/data/ratis/93652ccc-8e48-4b8e-964b-96463729e733/in_use.lock acquired by nodename 31132@pr-hdds-1569-wvzgm-824869521
2019-09-26 10:52:02,992 [pool-27-thread-1] INFO  storage.RaftStorage (RaftStorage.java:format(72)) - Storage directory /workdir/hadoop-ozone/ozonefs/target/test-dir/MiniOzoneClusterImpl-b00a5744-6e73-4fa1-a928-c24f0d5ffca4/datanode-0/data/ratis/93652ccc-8e48-4b8e-964b-96463729e733 has been successfully formatted.
2019-09-26 10:52:02,992 [pool-27-thread-1] INFO  ratis.ContainerStateMachine (ContainerStateMachine.java:loadSnapshot(230)) - group-96463729E733: The snapshot info is null. Setting the last applied indexto:(t:0, i:~)
2019-09-26 10:52:02,992 [pool-27-thread-1] INFO  server.RaftServerConfigKeys (ConfUtils.java:logGet(43)) - raft.server.notification.no-leader.timeout = 120s (custom)
2019-09-26 10:52:02,992 [pool-27-thread-1] INFO  server.RaftServerConfigKeys (ConfUtils.java:logGet(43)) - raft.server.log.use.memory = false (default)
2019-09-26 10:52:02,993 [pool-27-thread-1] INFO  server.RaftServerConfigKeys (ConfUtils.java:logGet(43)) - raft.server.log.purge.gap = 1000000 (custom)
2019-09-26 10:52:02,993 [pool-27-thread-1] INFO  server.RaftServerConfigKeys (ConfUtils.java:logGet(43)) - raft.server.log.appender.buffer.byte-limit = 33554432 (custom)
2019-09-26 10:52:02,993 [pool-27-thread-1] INFO  server.RaftServerConfigKeys (ConfUtils.java:logGet(43)) - raft.server.log.segment.size.max = 1048576 (custom)
2019-09-26 10:52:02,993 [pool-27-thread-1] INFO  server.RaftServerConfigKeys (ConfUtils.java:logGet(43)) - raft.server.log.segment.cache.num.max = 2 (custom)
2019-09-26 10:52:02,993 [pool-27-thread-1] INFO  segmented.SegmentedRaftLogWorker (SegmentedRaftLogWorker.java:<init>(172)) - new 0c06663d-3a07-4175-8dd2-9d41b1b53b1e@group-96463729E733-SegmentedRaftLogWorker for RaftStorage:Storage Directory /workdir/hadoop-ozone/ozonefs/target/test-dir/MiniOzoneClusterImpl-b00a5744-6e73-4fa1-a928-c24f0d5ffca4/datanode-0/data/ratis/93652ccc-8e48-4b8e-964b-96463729e733
2019-09-26 10:52:02,994 [pool-27-thread-1] INFO  server.RaftServerConfigKeys (ConfUtils.java:logGet(43)) - raft.server.log.queue.byte-limit = 2147483647 (custom)
2019-09-26 10:52:02,994 [pool-27-thread-1] INFO  server.RaftServerConfigKeys (ConfUtils.java:logGet(43)) - raft.server.log.queue.element-limit = 1024 (custom)
2019-09-26 10:52:02,994 [pool-27-thread-1] INFO  server.RaftServerConfigKeys (ConfUtils.java:logGet(43)) - raft.server.log.segment.size.max = 1048576 (custom)
2019-09-26 10:52:02,994 [pool-27-thread-1] INFO  server.RaftServerConfigKeys (ConfUtils.java:logGet(43)) - raft.server.log.preallocated.size = 16384 (custom)
2019-09-26 10:52:02,994 [pool-27-thread-1] INFO  server.RaftServerConfigKeys (ConfUtils.java:logGet(43)) - raft.server.log.write.buffer.size = 33554432 (custom)
2019-09-26 10:52:02,995 [pool-27-thread-1] INFO  server.RaftServerConfigKeys (ConfUtils.java:logGet(43)) - raft.server.log.force.sync.num = 128 (default)
2019-09-26 10:52:02,995 [pool-27-thread-1] INFO  server.RaftServerConfigKeys (ConfUtils.java:logGet(43)) - raft.server.log.statemachine.data.sync = true (default)
2019-09-26 10:52:02,995 [pool-27-thread-1] INFO  server.RaftServerConfigKeys (ConfUtils.java:logGet(43)) - raft.server.log.statemachine.data.sync.timeout = 10s (default)
2019-09-26 10:52:02,995 [pool-27-thread-1] INFO  server.RaftServerConfigKeys (ConfUtils.java:logGet(43)) - raft.server.log.statemachine.data.sync.timeout.retry = -1 (default)
2019-09-26 10:52:02,995 [pool-27-thread-1] INFO  server.RaftServerConfigKeys (ConfUtils.java:logGet(43)) - raft.server.log.statemachine.data.caching.enabled = true (custom)
2019-09-26 10:52:02,996 [pool-27-thread-1] INFO  segmented.SegmentedRaftLogWorker (SegmentedRaftLogWorker.java:lambda$new$0(132)) - 0c06663d-3a07-4175-8dd2-9d41b1b53b1e@group-96463729E733-SegmentedRaftLogWorker: flushIndex: setUnconditionally 0 -> -1
2019-09-26 10:52:02,996 [pool-27-thread-1] INFO  server.RaftServerConfigKeys (ConfUtils.java:logGet(43)) - raft.server.snapshot.auto.trigger.enabled = true (custom)
2019-09-26 10:52:02,997 [pool-27-thread-1] INFO  server.RaftServerConfigKeys (ConfUtils.java:logGet(43)) - raft.server.snapshot.auto.trigger.threshold = 10000 (custom)
2019-09-26 10:52:02,997 [pool-27-thread-1] INFO  server.RaftServerConfigKeys (ConfUtils.java:logGet(43)) - raft.server.snapshot.retention.num.files = 5 (custom)
2019-09-26 10:52:02,997 [pool-27-thread-1] INFO  server.RaftServerConfigKeys (ConfUtils.java:logGet(43)) - raft.server.retrycache.expirytime = 600000ms (custom)
2019-09-26 10:52:03,000 [pool-27-thread-1] INFO  impl.RaftServerImpl (RaftServerImpl.java:start(185)) - 0c06663d-3a07-4175-8dd2-9d41b1b53b1e@group-96463729E733: start as a follower, conf=-1: [0c06663d-3a07-4175-8dd2-9d41b1b53b1e:192.168.30.13:42265], old=null
2019-09-26 10:52:03,001 [pool-27-thread-1] INFO  impl.RaftServerImpl (RaftServerImpl.java:setRole(174)) - 0c06663d-3a07-4175-8dd2-9d41b1b53b1e@group-96463729E733: changes role from      null to FOLLOWER at term 0 for startAsFollower
2019-09-26 10:52:03,001 [pool-27-thread-1] INFO  impl.RoleInfo (RoleInfo.java:updateAndGet(143)) - 0c06663d-3a07-4175-8dd2-9d41b1b53b1e: start FollowerState
2019-09-26 10:52:03,001 [pool-27-thread-1] INFO  util.JmxRegister (JmxRegister.java:tryRegister(44)) - Successfully registered JMX Bean with object name Ratis:service=RaftServer,group=group-96463729E733,id=0c06663d-3a07-4175-8dd2-9d41b1b53b1e
2019-09-26 10:52:03,019 [RatisPipelineUtilsThread] INFO  pipeline.PipelineStateManager (PipelineStateManager.java:addPipeline(56)) - Created pipeline Pipeline[ Id: 93652ccc-8e48-4b8e-964b-96463729e733, Nodes: 0c06663d-3a07-4175-8dd2-9d41b1b53b1e{ip: 192.168.30.13, host: pr-hdds-1569-wvzgm-824869521, networkLocation: /default-rack, certSerialId: null}, Type:RATIS, Factor:ONE, State:OPEN]
2019-09-26 10:52:03,044 [grpc-default-executor-0] INFO  impl.RaftServerProxy (RaftServerProxy.java:addNew(89)) - c0d2ea87-aa22-42eb-bba4-0246f89d2958: addNew group-9D6BBF258A56:[c0d2ea87-aa22-42eb-bba4-0246f89d2958:192.168.30.13:46118] returns group-9D6BBF258A56:java.util.concurrent.CompletableFuture@3b7cbaed[Not completed]
2019-09-26 10:52:03,051 [pool-67-thread-1] INFO  impl.RaftServerImpl (RaftServerImpl.java:<init>(95)) - c0d2ea87-aa22-42eb-bba4-0246f89d2958: new RaftServerImpl for group-9D6BBF258A56:[c0d2ea87-aa22-42eb-bba4-0246f89d2958:192.168.30.13:46118] with ContainerStateMachine:uninitialized
2019-09-26 10:52:03,051 [pool-67-thread-1] INFO  server.RaftServerConfigKeys (ConfUtils.java:logGet(43)) - raft.server.rpc.timeout.min = 5s (custom)
2019-09-26 10:52:03,051 [pool-67-thread-1] INFO  server.RaftServerConfigKeys (ConfUtils.java:logGet(43)) - raft.server.rpc.timeout.max = 5200ms (custom)
2019-09-26 10:52:03,052 [pool-67-thread-1] INFO  server.RaftServerConfigKeys (ConfUtils.java:logGet(43)) - raft.server.rpcslowness.timeout = 120s (custom)
2019-09-26 10:52:03,052 [pool-67-thread-1] INFO  server.RaftServerConfigKeys (ConfUtils.java:logGet(43)) - raft.server.sleep.deviation.threshold = 300 (default)
2019-09-26 10:52:03,052 [pool-67-thread-1] INFO  server.RaftServerConfigKeys (ConfUtils.java:logGet(43)) - raft.server.log.appender.install.snapshot.enabled = false (custom)
2019-09-26 10:52:03,052 [pool-67-thread-1] INFO  impl.RaftServerImpl (ServerState.java:<init>(103)) - c0d2ea87-aa22-42eb-bba4-0246f89d2958@group-9D6BBF258A56: ConfigurationManager, init=-1: [c0d2ea87-aa22-42eb-bba4-0246f89d2958:192.168.30.13:46118], old=null, confs=<EMPTY_MAP>
2019-09-26 10:52:03,052 [pool-67-thread-1] INFO  server.RaftServerConfigKeys (ConfUtils.java:logGet(43)) - raft.server.storage.dir = [/workdir/hadoop-ozone/ozonefs/target/test-dir/MiniOzoneClusterImpl-b00a5744-6e73-4fa1-a928-c24f0d5ffca4/datanode-4/data/ratis] (custom)
2019-09-26 10:52:03,053 [pool-67-thread-1] INFO  storage.RaftStorageDirectory (RaftStorageDirectory.java:analyzeStorage(246)) - The storage directory /workdir/hadoop-ozone/ozonefs/target/test-dir/MiniOzoneClusterImpl-b00a5744-6e73-4fa1-a928-c24f0d5ffca4/datanode-4/data/ratis/5d0869a5-5253-4fec-9efc-9d6bbf258a56 does not exist. Creating ...
2019-09-26 10:52:03,066 [pool-67-thread-1] INFO  storage.RaftStorageDirectory (RaftStorageDirectory.java:tryLock(328)) - Lock on /workdir/hadoop-ozone/ozonefs/target/test-dir/MiniOzoneClusterImpl-b00a5744-6e73-4fa1-a928-c24f0d5ffca4/datanode-4/data/ratis/5d0869a5-5253-4fec-9efc-9d6bbf258a56/in_use.lock acquired by nodename 31132@pr-hdds-1569-wvzgm-824869521
2019-09-26 10:52:03,079 [pool-67-thread-1] INFO  storage.RaftStorage (RaftStorage.java:format(72)) - Storage directory /workdir/hadoop-ozone/ozonefs/target/test-dir/MiniOzoneClusterImpl-b00a5744-6e73-4fa1-a928-c24f0d5ffca4/datanode-4/data/ratis/5d0869a5-5253-4fec-9efc-9d6bbf258a56 has been successfully formatted.
2019-09-26 10:52:03,080 [pool-67-thread-1] INFO  ratis.ContainerStateMachine (ContainerStateMachine.java:loadSnapshot(230)) - group-9D6BBF258A56: The snapshot info is null. Setting the last applied indexto:(t:0, i:~)
2019-09-26 10:52:03,080 [pool-67-thread-1] INFO  server.RaftServerConfigKeys (ConfUtils.java:logGet(43)) - raft.server.notification.no-leader.timeout = 120s (custom)
2019-09-26 10:52:03,080 [pool-67-thread-1] INFO  server.RaftServerConfigKeys (ConfUtils.java:logGet(43)) - raft.server.log.use.memory = false (default)
2019-09-26 10:52:03,080 [pool-67-thread-1] INFO  server.RaftServerConfigKeys (ConfUtils.java:logGet(43)) - raft.server.log.purge.gap = 1000000 (custom)
2019-09-26 10:52:03,080 [pool-67-thread-1] INFO  server.RaftServerConfigKeys (ConfUtils.java:logGet(43)) - raft.server.log.appender.buffer.byte-limit = 33554432 (custom)
2019-09-26 10:52:03,081 [pool-67-thread-1] INFO  server.RaftServerConfigKeys (ConfUtils.java:logGet(43)) - raft.server.log.segment.size.max = 1048576 (custom)
2019-09-26 10:52:03,081 [pool-67-thread-1] INFO  server.RaftServerConfigKeys (ConfUtils.java:logGet(43)) - raft.server.log.segment.cache.num.max = 2 (custom)
2019-09-26 10:52:03,081 [pool-67-thread-1] INFO  segmented.SegmentedRaftLogWorker (SegmentedRaftLogWorker.java:<init>(172)) - new c0d2ea87-aa22-42eb-bba4-0246f89d2958@group-9D6BBF258A56-SegmentedRaftLogWorker for RaftStorage:Storage Directory /workdir/hadoop-ozone/ozonefs/target/test-dir/MiniOzoneClusterImpl-b00a5744-6e73-4fa1-a928-c24f0d5ffca4/datanode-4/data/ratis/5d0869a5-5253-4fec-9efc-9d6bbf258a56
2019-09-26 10:52:03,084 [pool-67-thread-1] INFO  server.RaftServerConfigKeys (ConfUtils.java:logGet(43)) - raft.server.log.queue.byte-limit = 2147483647 (custom)
2019-09-26 10:52:03,084 [pool-67-thread-1] INFO  server.RaftServerConfigKeys (ConfUtils.java:logGet(43)) - raft.server.log.queue.element-limit = 1024 (custom)
2019-09-26 10:52:03,085 [pool-67-thread-1] INFO  server.RaftServerConfigKeys (ConfUtils.java:logGet(43)) - raft.server.log.segment.size.max = 1048576 (custom)
2019-09-26 10:52:03,085 [pool-67-thread-1] INFO  server.RaftServerConfigKeys (ConfUtils.java:logGet(43)) - raft.server.log.preallocated.size = 16384 (custom)
2019-09-26 10:52:03,085 [pool-67-thread-1] INFO  server.RaftServerConfigKeys (ConfUtils.java:logGet(43)) - raft.server.log.write.buffer.size = 33554432 (custom)
2019-09-26 10:52:03,085 [pool-67-thread-1] INFO  server.RaftServerConfigKeys (ConfUtils.java:logGet(43)) - raft.server.log.force.sync.num = 128 (default)
2019-09-26 10:52:03,085 [pool-67-thread-1] INFO  server.RaftServerConfigKeys (ConfUtils.java:logGet(43)) - raft.server.log.statemachine.data.sync = true (default)
2019-09-26 10:52:03,085 [pool-67-thread-1] INFO  server.RaftServerConfigKeys (ConfUtils.java:logGet(43)) - raft.server.log.statemachine.data.sync.timeout = 10s (default)
2019-09-26 10:52:03,086 [pool-67-thread-1] INFO  server.RaftServerConfigKeys (ConfUtils.java:logGet(43)) - raft.server.log.statemachine.data.sync.timeout.retry = -1 (default)
2019-09-26 10:52:03,086 [pool-67-thread-1] INFO  server.RaftServerConfigKeys (ConfUtils.java:logGet(43)) - raft.server.log.statemachine.data.caching.enabled = true (custom)
2019-09-26 10:52:03,086 [pool-67-thread-1] INFO  segmented.SegmentedRaftLogWorker (SegmentedRaftLogWorker.java:lambda$new$0(132)) - c0d2ea87-aa22-42eb-bba4-0246f89d2958@group-9D6BBF258A56-SegmentedRaftLogWorker: flushIndex: setUnconditionally 0 -> -1
2019-09-26 10:52:03,087 [pool-67-thread-1] INFO  server.RaftServerConfigKeys (ConfUtils.java:logGet(43)) - raft.server.snapshot.auto.trigger.enabled = true (custom)
2019-09-26 10:52:03,087 [pool-67-thread-1] INFO  server.RaftServerConfigKeys (ConfUtils.java:logGet(43)) - raft.server.snapshot.auto.trigger.threshold = 10000 (custom)
2019-09-26 10:52:03,087 [pool-67-thread-1] INFO  server.RaftServerConfigKeys (ConfUtils.java:logGet(43)) - raft.server.snapshot.retention.num.files = 5 (custom)
2019-09-26 10:52:03,087 [pool-67-thread-1] INFO  server.RaftServerConfigKeys (ConfUtils.java:logGet(43)) - raft.server.retrycache.expirytime = 600000ms (custom)
2019-09-26 10:52:03,090 [pool-67-thread-1] INFO  impl.RaftServerImpl (RaftServerImpl.java:start(185)) - c0d2ea87-aa22-42eb-bba4-0246f89d2958@group-9D6BBF258A56: start as a follower, conf=-1: [c0d2ea87-aa22-42eb-bba4-0246f89d2958:192.168.30.13:46118], old=null
2019-09-26 10:52:03,090 [pool-67-thread-1] INFO  impl.RaftServerImpl (RaftServerImpl.java:setRole(174)) - c0d2ea87-aa22-42eb-bba4-0246f89d2958@group-9D6BBF258A56: changes role from      null to FOLLOWER at term 0 for startAsFollower
2019-09-26 10:52:03,090 [pool-67-thread-1] INFO  impl.RoleInfo (RoleInfo.java:updateAndGet(143)) - c0d2ea87-aa22-42eb-bba4-0246f89d2958: start FollowerState
2019-09-26 10:52:03,091 [pool-67-thread-1] INFO  util.JmxRegister (JmxRegister.java:tryRegister(44)) - Successfully registered JMX Bean with object name Ratis:service=RaftServer,group=group-9D6BBF258A56,id=c0d2ea87-aa22-42eb-bba4-0246f89d2958
2019-09-26 10:52:03,113 [RatisPipelineUtilsThread] INFO  pipeline.PipelineStateManager (PipelineStateManager.java:addPipeline(56)) - Created pipeline Pipeline[ Id: 5d0869a5-5253-4fec-9efc-9d6bbf258a56, Nodes: c0d2ea87-aa22-42eb-bba4-0246f89d2958{ip: 192.168.30.13, host: pr-hdds-1569-wvzgm-824869521, networkLocation: /default-rack, certSerialId: null}, Type:RATIS, Factor:ONE, State:OPEN]
2019-09-26 10:52:03,143 [grpc-default-executor-0] INFO  impl.RaftServerProxy (RaftServerProxy.java:addNew(89)) - 74579fe5-f222-4a32-8361-e642639fe135: addNew group-C8A3C92F65D4:[74579fe5-f222-4a32-8361-e642639fe135:192.168.30.13:36553] returns group-C8A3C92F65D4:java.util.concurrent.CompletableFuture@6c982ad5[Not completed]
2019-09-26 10:52:03,145 [pool-87-thread-1] INFO  impl.RaftServerImpl (RaftServerImpl.java:<init>(95)) - 74579fe5-f222-4a32-8361-e642639fe135: new RaftServerImpl for group-C8A3C92F65D4:[74579fe5-f222-4a32-8361-e642639fe135:192.168.30.13:36553] with ContainerStateMachine:uninitialized
2019-09-26 10:52:03,145 [pool-87-thread-1] INFO  server.RaftServerConfigKeys (ConfUtils.java:logGet(43)) - raft.server.rpc.timeout.min = 5s (custom)
2019-09-26 10:52:03,145 [pool-87-thread-1] INFO  server.RaftServerConfigKeys (ConfUtils.java:logGet(43)) - raft.server.rpc.timeout.max = 5200ms (custom)
2019-09-26 10:52:03,146 [pool-87-thread-1] INFO  server.RaftServerConfigKeys (ConfUtils.java:logGet(43)) - raft.server.rpcslowness.timeout = 120s (custom)
2019-09-26 10:52:03,146 [pool-87-thread-1] INFO  server.RaftServerConfigKeys (ConfUtils.java:logGet(43)) - raft.server.sleep.deviation.threshold = 300 (default)
2019-09-26 10:52:03,146 [pool-87-thread-1] INFO  server.RaftServerConfigKeys (ConfUtils.java:logGet(43)) - raft.server.log.appender.install.snapshot.enabled = false (custom)
2019-09-26 10:52:03,146 [pool-87-thread-1] INFO  impl.RaftServerImpl (ServerState.java:<init>(103)) - 74579fe5-f222-4a32-8361-e642639fe135@group-C8A3C92F65D4: ConfigurationManager, init=-1: [74579fe5-f222-4a32-8361-e642639fe135:192.168.30.13:36553], old=null, confs=<EMPTY_MAP>
2019-09-26 10:52:03,146 [pool-87-thread-1] INFO  server.RaftServerConfigKeys (ConfUtils.java:logGet(43)) - raft.server.storage.dir = [/workdir/hadoop-ozone/ozonefs/target/test-dir/MiniOzoneClusterImpl-b00a5744-6e73-4fa1-a928-c24f0d5ffca4/datanode-6/data/ratis] (custom)
2019-09-26 10:52:03,147 [pool-87-thread-1] INFO  storage.RaftStorageDirectory (RaftStorageDirectory.java:analyzeStorage(246)) - The storage directory /workdir/hadoop-ozone/ozonefs/target/test-dir/MiniOzoneClusterImpl-b00a5744-6e73-4fa1-a928-c24f0d5ffca4/datanode-6/data/ratis/526ae4b2-2572-4e6f-91ac-c8a3c92f65d4 does not exist. Creating ...
2019-09-26 10:52:03,160 [pool-87-thread-1] INFO  storage.RaftStorageDirectory (RaftStorageDirectory.java:tryLock(328)) - Lock on /workdir/hadoop-ozone/ozonefs/target/test-dir/MiniOzoneClusterImpl-b00a5744-6e73-4fa1-a928-c24f0d5ffca4/datanode-6/data/ratis/526ae4b2-2572-4e6f-91ac-c8a3c92f65d4/in_use.lock acquired by nodename 31132@pr-hdds-1569-wvzgm-824869521
2019-09-26 10:52:03,179 [pool-87-thread-1] INFO  storage.RaftStorage (RaftStorage.java:format(72)) - Storage directory /workdir/hadoop-ozone/ozonefs/target/test-dir/MiniOzoneClusterImpl-b00a5744-6e73-4fa1-a928-c24f0d5ffca4/datanode-6/data/ratis/526ae4b2-2572-4e6f-91ac-c8a3c92f65d4 has been successfully formatted.
2019-09-26 10:52:03,179 [pool-87-thread-1] INFO  ratis.ContainerStateMachine (ContainerStateMachine.java:loadSnapshot(230)) - group-C8A3C92F65D4: The snapshot info is null. Setting the last applied indexto:(t:0, i:~)
2019-09-26 10:52:03,179 [pool-87-thread-1] INFO  server.RaftServerConfigKeys (ConfUtils.java:logGet(43)) - raft.server.notification.no-leader.timeout = 120s (custom)
2019-09-26 10:52:03,179 [pool-87-thread-1] INFO  server.RaftServerConfigKeys (ConfUtils.java:logGet(43)) - raft.server.log.use.memory = false (default)
2019-09-26 10:52:03,180 [pool-87-thread-1] INFO  server.RaftServerConfigKeys (ConfUtils.java:logGet(43)) - raft.server.log.purge.gap = 1000000 (custom)
2019-09-26 10:52:03,180 [pool-87-thread-1] INFO  server.RaftServerConfigKeys (ConfUtils.java:logGet(43)) - raft.server.log.appender.buffer.byte-limit = 33554432 (custom)
2019-09-26 10:52:03,180 [pool-87-thread-1] INFO  server.RaftServerConfigKeys (ConfUtils.java:logGet(43)) - raft.server.log.segment.size.max = 1048576 (custom)
2019-09-26 10:52:03,180 [pool-87-thread-1] INFO  server.RaftServerConfigKeys (ConfUtils.java:logGet(43)) - raft.server.log.segment.cache.num.max = 2 (custom)
2019-09-26 10:52:03,180 [pool-87-thread-1] INFO  segmented.SegmentedRaftLogWorker (SegmentedRaftLogWorker.java:<init>(172)) - new 74579fe5-f222-4a32-8361-e642639fe135@group-C8A3C92F65D4-SegmentedRaftLogWorker for RaftStorage:Storage Directory /workdir/hadoop-ozone/ozonefs/target/test-dir/MiniOzoneClusterImpl-b00a5744-6e73-4fa1-a928-c24f0d5ffca4/datanode-6/data/ratis/526ae4b2-2572-4e6f-91ac-c8a3c92f65d4
2019-09-26 10:52:03,180 [pool-87-thread-1] INFO  server.RaftServerConfigKeys (ConfUtils.java:logGet(43)) - raft.server.log.queue.byte-limit = 2147483647 (custom)
2019-09-26 10:52:03,181 [pool-87-thread-1] INFO  server.RaftServerConfigKeys (ConfUtils.java:logGet(43)) - raft.server.log.queue.element-limit = 1024 (custom)
2019-09-26 10:52:03,181 [pool-87-thread-1] INFO  server.RaftServerConfigKeys (ConfUtils.java:logGet(43)) - raft.server.log.segment.size.max = 1048576 (custom)
2019-09-26 10:52:03,181 [pool-87-thread-1] INFO  server.RaftServerConfigKeys (ConfUtils.java:logGet(43)) - raft.server.log.preallocated.size = 16384 (custom)
2019-09-26 10:52:03,181 [pool-87-thread-1] INFO  server.RaftServerConfigKeys (ConfUtils.java:logGet(43)) - raft.server.log.write.buffer.size = 33554432 (custom)
2019-09-26 10:52:03,181 [pool-87-thread-1] INFO  server.RaftServerConfigKeys (ConfUtils.java:logGet(43)) - raft.server.log.force.sync.num = 128 (default)
2019-09-26 10:52:03,181 [pool-87-thread-1] INFO  server.RaftServerConfigKeys (ConfUtils.java:logGet(43)) - raft.server.log.statemachine.data.sync = true (default)
2019-09-26 10:52:03,182 [pool-87-thread-1] INFO  server.RaftServerConfigKeys (ConfUtils.java:logGet(43)) - raft.server.log.statemachine.data.sync.timeout = 10s (default)
2019-09-26 10:52:03,182 [pool-87-thread-1] INFO  server.RaftServerConfigKeys (ConfUtils.java:logGet(43)) - raft.server.log.statemachine.data.sync.timeout.retry = -1 (default)
2019-09-26 10:52:03,182 [pool-87-thread-1] INFO  server.RaftServerConfigKeys (ConfUtils.java:logGet(43)) - raft.server.log.statemachine.data.caching.enabled = true (custom)
2019-09-26 10:52:03,182 [pool-87-thread-1] INFO  segmented.SegmentedRaftLogWorker (SegmentedRaftLogWorker.java:lambda$new$0(132)) - 74579fe5-f222-4a32-8361-e642639fe135@group-C8A3C92F65D4-SegmentedRaftLogWorker: flushIndex: setUnconditionally 0 -> -1
2019-09-26 10:52:03,183 [pool-87-thread-1] INFO  server.RaftServerConfigKeys (ConfUtils.java:logGet(43)) - raft.server.snapshot.auto.trigger.enabled = true (custom)
2019-09-26 10:52:03,183 [pool-87-thread-1] INFO  server.RaftServerConfigKeys (ConfUtils.java:logGet(43)) - raft.server.snapshot.auto.trigger.threshold = 10000 (custom)
2019-09-26 10:52:03,183 [pool-87-thread-1] INFO  server.RaftServerConfigKeys (ConfUtils.java:logGet(43)) - raft.server.snapshot.retention.num.files = 5 (custom)
2019-09-26 10:52:03,183 [pool-87-thread-1] INFO  server.RaftServerConfigKeys (ConfUtils.java:logGet(43)) - raft.server.retrycache.expirytime = 600000ms (custom)
2019-09-26 10:52:03,187 [pool-87-thread-1] INFO  impl.RaftServerImpl (RaftServerImpl.java:start(185)) - 74579fe5-f222-4a32-8361-e642639fe135@group-C8A3C92F65D4: start as a follower, conf=-1: [74579fe5-f222-4a32-8361-e642639fe135:192.168.30.13:36553], old=null
2019-09-26 10:52:03,187 [pool-87-thread-1] INFO  impl.RaftServerImpl (RaftServerImpl.java:setRole(174)) - 74579fe5-f222-4a32-8361-e642639fe135@group-C8A3C92F65D4: changes role from      null to FOLLOWER at term 0 for startAsFollower
2019-09-26 10:52:03,187 [pool-87-thread-1] INFO  impl.RoleInfo (RoleInfo.java:updateAndGet(143)) - 74579fe5-f222-4a32-8361-e642639fe135: start FollowerState
2019-09-26 10:52:03,188 [pool-87-thread-1] INFO  util.JmxRegister (JmxRegister.java:tryRegister(44)) - Successfully registered JMX Bean with object name Ratis:service=RaftServer,group=group-C8A3C92F65D4,id=74579fe5-f222-4a32-8361-e642639fe135
2019-09-26 10:52:03,198 [RatisPipelineUtilsThread] INFO  pipeline.PipelineStateManager (PipelineStateManager.java:addPipeline(56)) - Created pipeline Pipeline[ Id: 526ae4b2-2572-4e6f-91ac-c8a3c92f65d4, Nodes: 74579fe5-f222-4a32-8361-e642639fe135{ip: 192.168.30.13, host: pr-hdds-1569-wvzgm-824869521, networkLocation: /default-rack, certSerialId: null}, Type:RATIS, Factor:ONE, State:OPEN]
2019-09-26 10:52:03,212 [grpc-default-executor-0] INFO  impl.RaftServerProxy (RaftServerProxy.java:addNew(89)) - 2253380d-6ddc-421c-86f6-26acdb90a8c4: addNew group-01D6DDB0B5C3:[2253380d-6ddc-421c-86f6-26acdb90a8c4:192.168.30.13:39629] returns group-01D6DDB0B5C3:java.util.concurrent.CompletableFuture@72744326[Not completed]
2019-09-26 10:52:03,217 [pool-57-thread-1] INFO  impl.RaftServerImpl (RaftServerImpl.java:<init>(95)) - 2253380d-6ddc-421c-86f6-26acdb90a8c4: new RaftServerImpl for group-01D6DDB0B5C3:[2253380d-6ddc-421c-86f6-26acdb90a8c4:192.168.30.13:39629] with ContainerStateMachine:uninitialized
2019-09-26 10:52:03,217 [pool-57-thread-1] INFO  server.RaftServerConfigKeys (ConfUtils.java:logGet(43)) - raft.server.rpc.timeout.min = 5s (custom)
2019-09-26 10:52:03,217 [pool-57-thread-1] INFO  server.RaftServerConfigKeys (ConfUtils.java:logGet(43)) - raft.server.rpc.timeout.max = 5200ms (custom)
2019-09-26 10:52:03,218 [pool-57-thread-1] INFO  server.RaftServerConfigKeys (ConfUtils.java:logGet(43)) - raft.server.rpcslowness.timeout = 120s (custom)
2019-09-26 10:52:03,218 [pool-57-thread-1] INFO  server.RaftServerConfigKeys (ConfUtils.java:logGet(43)) - raft.server.sleep.deviation.threshold = 300 (default)
2019-09-26 10:52:03,218 [pool-57-thread-1] INFO  server.RaftServerConfigKeys (ConfUtils.java:logGet(43)) - raft.server.log.appender.install.snapshot.enabled = false (custom)
2019-09-26 10:52:03,218 [pool-57-thread-1] INFO  impl.RaftServerImpl (ServerState.java:<init>(103)) - 2253380d-6ddc-421c-86f6-26acdb90a8c4@group-01D6DDB0B5C3: ConfigurationManager, init=-1: [2253380d-6ddc-421c-86f6-26acdb90a8c4:192.168.30.13:39629], old=null, confs=<EMPTY_MAP>
2019-09-26 10:52:03,218 [pool-57-thread-1] INFO  server.RaftServerConfigKeys (ConfUtils.java:logGet(43)) - raft.server.storage.dir = [/workdir/hadoop-ozone/ozonefs/target/test-dir/MiniOzoneClusterImpl-b00a5744-6e73-4fa1-a928-c24f0d5ffca4/datanode-3/data/ratis] (custom)
2019-09-26 10:52:03,218 [pool-57-thread-1] INFO  storage.RaftStorageDirectory (RaftStorageDirectory.java:analyzeStorage(246)) - The storage directory /workdir/hadoop-ozone/ozonefs/target/test-dir/MiniOzoneClusterImpl-b00a5744-6e73-4fa1-a928-c24f0d5ffca4/datanode-3/data/ratis/b6b4148f-c6a1-485a-b7d3-01d6ddb0b5c3 does not exist. Creating ...
2019-09-26 10:52:03,233 [pool-57-thread-1] INFO  storage.RaftStorageDirectory (RaftStorageDirectory.java:tryLock(328)) - Lock on /workdir/hadoop-ozone/ozonefs/target/test-dir/MiniOzoneClusterImpl-b00a5744-6e73-4fa1-a928-c24f0d5ffca4/datanode-3/data/ratis/b6b4148f-c6a1-485a-b7d3-01d6ddb0b5c3/in_use.lock acquired by nodename 31132@pr-hdds-1569-wvzgm-824869521
2019-09-26 10:52:03,247 [pool-57-thread-1] INFO  storage.RaftStorage (RaftStorage.java:format(72)) - Storage directory /workdir/hadoop-ozone/ozonefs/target/test-dir/MiniOzoneClusterImpl-b00a5744-6e73-4fa1-a928-c24f0d5ffca4/datanode-3/data/ratis/b6b4148f-c6a1-485a-b7d3-01d6ddb0b5c3 has been successfully formatted.
2019-09-26 10:52:03,247 [pool-57-thread-1] INFO  ratis.ContainerStateMachine (ContainerStateMachine.java:loadSnapshot(230)) - group-01D6DDB0B5C3: The snapshot info is null. Setting the last applied indexto:(t:0, i:~)
2019-09-26 10:52:03,247 [pool-57-thread-1] INFO  server.RaftServerConfigKeys (ConfUtils.java:logGet(43)) - raft.server.notification.no-leader.timeout = 120s (custom)
2019-09-26 10:52:03,247 [pool-57-thread-1] INFO  server.RaftServerConfigKeys (ConfUtils.java:logGet(43)) - raft.server.log.use.memory = false (default)
2019-09-26 10:52:03,248 [pool-57-thread-1] INFO  server.RaftServerConfigKeys (ConfUtils.java:logGet(43)) - raft.server.log.purge.gap = 1000000 (custom)
2019-09-26 10:52:03,248 [pool-57-thread-1] INFO  server.RaftServerConfigKeys (ConfUtils.java:logGet(43)) - raft.server.log.appender.buffer.byte-limit = 33554432 (custom)
2019-09-26 10:52:03,248 [pool-57-thread-1] INFO  server.RaftServerConfigKeys (ConfUtils.java:logGet(43)) - raft.server.log.segment.size.max = 1048576 (custom)
2019-09-26 10:52:03,248 [pool-57-thread-1] INFO  server.RaftServerConfigKeys (ConfUtils.java:logGet(43)) - raft.server.log.segment.cache.num.max = 2 (custom)
2019-09-26 10:52:03,248 [pool-57-thread-1] INFO  segmented.SegmentedRaftLogWorker (SegmentedRaftLogWorker.java:<init>(172)) - new 2253380d-6ddc-421c-86f6-26acdb90a8c4@group-01D6DDB0B5C3-SegmentedRaftLogWorker for RaftStorage:Storage Directory /workdir/hadoop-ozone/ozonefs/target/test-dir/MiniOzoneClusterImpl-b00a5744-6e73-4fa1-a928-c24f0d5ffca4/datanode-3/data/ratis/b6b4148f-c6a1-485a-b7d3-01d6ddb0b5c3
2019-09-26 10:52:03,251 [pool-57-thread-1] INFO  server.RaftServerConfigKeys (ConfUtils.java:logGet(43)) - raft.server.log.queue.byte-limit = 2147483647 (custom)
2019-09-26 10:52:03,251 [pool-57-thread-1] INFO  server.RaftServerConfigKeys (ConfUtils.java:logGet(43)) - raft.server.log.queue.element-limit = 1024 (custom)
2019-09-26 10:52:03,251 [pool-57-thread-1] INFO  server.RaftServerConfigKeys (ConfUtils.java:logGet(43)) - raft.server.log.segment.size.max = 1048576 (custom)
2019-09-26 10:52:03,251 [pool-57-thread-1] INFO  server.RaftServerConfigKeys (ConfUtils.java:logGet(43)) - raft.server.log.preallocated.size = 16384 (custom)
2019-09-26 10:52:03,251 [pool-57-thread-1] INFO  server.RaftServerConfigKeys (ConfUtils.java:logGet(43)) - raft.server.log.write.buffer.size = 33554432 (custom)
2019-09-26 10:52:03,251 [pool-57-thread-1] INFO  server.RaftServerConfigKeys (ConfUtils.java:logGet(43)) - raft.server.log.force.sync.num = 128 (default)
2019-09-26 10:52:03,252 [pool-57-thread-1] INFO  server.RaftServerConfigKeys (ConfUtils.java:logGet(43)) - raft.server.log.statemachine.data.sync = true (default)
2019-09-26 10:52:03,252 [pool-57-thread-1] INFO  server.RaftServerConfigKeys (ConfUtils.java:logGet(43)) - raft.server.log.statemachine.data.sync.timeout = 10s (default)
2019-09-26 10:52:03,252 [pool-57-thread-1] INFO  server.RaftServerConfigKeys (ConfUtils.java:logGet(43)) - raft.server.log.statemachine.data.sync.timeout.retry = -1 (default)
2019-09-26 10:52:03,252 [pool-57-thread-1] INFO  server.RaftServerConfigKeys (ConfUtils.java:logGet(43)) - raft.server.log.statemachine.data.caching.enabled = true (custom)
2019-09-26 10:52:03,252 [pool-57-thread-1] INFO  segmented.SegmentedRaftLogWorker (SegmentedRaftLogWorker.java:lambda$new$0(132)) - 2253380d-6ddc-421c-86f6-26acdb90a8c4@group-01D6DDB0B5C3-SegmentedRaftLogWorker: flushIndex: setUnconditionally 0 -> -1
2019-09-26 10:52:03,253 [pool-57-thread-1] INFO  server.RaftServerConfigKeys (ConfUtils.java:logGet(43)) - raft.server.snapshot.auto.trigger.enabled = true (custom)
2019-09-26 10:52:03,253 [pool-57-thread-1] INFO  server.RaftServerConfigKeys (ConfUtils.java:logGet(43)) - raft.server.snapshot.auto.trigger.threshold = 10000 (custom)
2019-09-26 10:52:03,253 [pool-57-thread-1] INFO  server.RaftServerConfigKeys (ConfUtils.java:logGet(43)) - raft.server.snapshot.retention.num.files = 5 (custom)
2019-09-26 10:52:03,253 [pool-57-thread-1] INFO  server.RaftServerConfigKeys (ConfUtils.java:logGet(43)) - raft.server.retrycache.expirytime = 600000ms (custom)
2019-09-26 10:52:03,255 [pool-57-thread-1] INFO  impl.RaftServerImpl (RaftServerImpl.java:start(185)) - 2253380d-6ddc-421c-86f6-26acdb90a8c4@group-01D6DDB0B5C3: start as a follower, conf=-1: [2253380d-6ddc-421c-86f6-26acdb90a8c4:192.168.30.13:39629], old=null
2019-09-26 10:52:03,255 [pool-57-thread-1] INFO  impl.RaftServerImpl (RaftServerImpl.java:setRole(174)) - 2253380d-6ddc-421c-86f6-26acdb90a8c4@group-01D6DDB0B5C3: changes role from      null to FOLLOWER at term 0 for startAsFollower
2019-09-26 10:52:03,255 [pool-57-thread-1] INFO  impl.RoleInfo (RoleInfo.java:updateAndGet(143)) - 2253380d-6ddc-421c-86f6-26acdb90a8c4: start FollowerState
2019-09-26 10:52:03,256 [pool-57-thread-1] INFO  util.JmxRegister (JmxRegister.java:tryRegister(44)) - Successfully registered JMX Bean with object name Ratis:service=RaftServer,group=group-01D6DDB0B5C3,id=2253380d-6ddc-421c-86f6-26acdb90a8c4
2019-09-26 10:52:03,270 [RatisPipelineUtilsThread] INFO  pipeline.PipelineStateManager (PipelineStateManager.java:addPipeline(56)) - Created pipeline Pipeline[ Id: b6b4148f-c6a1-485a-b7d3-01d6ddb0b5c3, Nodes: 2253380d-6ddc-421c-86f6-26acdb90a8c4{ip: 192.168.30.13, host: pr-hdds-1569-wvzgm-824869521, networkLocation: /default-rack, certSerialId: null}, Type:RATIS, Factor:ONE, State:OPEN]
2019-09-26 10:52:03,282 [grpc-default-executor-0] INFO  impl.RaftServerProxy (RaftServerProxy.java:addNew(89)) - 474bca52-b9cd-4602-ad06-63718c1fead5: addNew group-053758EF1758:[474bca52-b9cd-4602-ad06-63718c1fead5:192.168.30.13:39280] returns group-053758EF1758:java.util.concurrent.CompletableFuture@2996cd0c[Not completed]
2019-09-26 10:52:03,284 [pool-47-thread-1] INFO  impl.RaftServerImpl (RaftServerImpl.java:<init>(95)) - 474bca52-b9cd-4602-ad06-63718c1fead5: new RaftServerImpl for group-053758EF1758:[474bca52-b9cd-4602-ad06-63718c1fead5:192.168.30.13:39280] with ContainerStateMachine:uninitialized
2019-09-26 10:52:03,284 [pool-47-thread-1] INFO  server.RaftServerConfigKeys (ConfUtils.java:logGet(43)) - raft.server.rpc.timeout.min = 5s (custom)
2019-09-26 10:52:03,284 [pool-47-thread-1] INFO  server.RaftServerConfigKeys (ConfUtils.java:logGet(43)) - raft.server.rpc.timeout.max = 5200ms (custom)
2019-09-26 10:52:03,284 [pool-47-thread-1] INFO  server.RaftServerConfigKeys (ConfUtils.java:logGet(43)) - raft.server.rpcslowness.timeout = 120s (custom)
2019-09-26 10:52:03,285 [pool-47-thread-1] INFO  server.RaftServerConfigKeys (ConfUtils.java:logGet(43)) - raft.server.sleep.deviation.threshold = 300 (default)
2019-09-26 10:52:03,285 [pool-47-thread-1] INFO  server.RaftServerConfigKeys (ConfUtils.java:logGet(43)) - raft.server.log.appender.install.snapshot.enabled = false (custom)
2019-09-26 10:52:03,285 [pool-47-thread-1] INFO  impl.RaftServerImpl (ServerState.java:<init>(103)) - 474bca52-b9cd-4602-ad06-63718c1fead5@group-053758EF1758: ConfigurationManager, init=-1: [474bca52-b9cd-4602-ad06-63718c1fead5:192.168.30.13:39280], old=null, confs=<EMPTY_MAP>
2019-09-26 10:52:03,285 [pool-47-thread-1] INFO  server.RaftServerConfigKeys (ConfUtils.java:logGet(43)) - raft.server.storage.dir = [/workdir/hadoop-ozone/ozonefs/target/test-dir/MiniOzoneClusterImpl-b00a5744-6e73-4fa1-a928-c24f0d5ffca4/datanode-2/data/ratis] (custom)
2019-09-26 10:52:03,286 [pool-47-thread-1] INFO  storage.RaftStorageDirectory (RaftStorageDirectory.java:analyzeStorage(246)) - The storage directory /workdir/hadoop-ozone/ozonefs/target/test-dir/MiniOzoneClusterImpl-b00a5744-6e73-4fa1-a928-c24f0d5ffca4/datanode-2/data/ratis/5b5ea074-b6b9-4d39-8827-053758ef1758 does not exist. Creating ...
2019-09-26 10:52:03,298 [pool-47-thread-1] INFO  storage.RaftStorageDirectory (RaftStorageDirectory.java:tryLock(328)) - Lock on /workdir/hadoop-ozone/ozonefs/target/test-dir/MiniOzoneClusterImpl-b00a5744-6e73-4fa1-a928-c24f0d5ffca4/datanode-2/data/ratis/5b5ea074-b6b9-4d39-8827-053758ef1758/in_use.lock acquired by nodename 31132@pr-hdds-1569-wvzgm-824869521
2019-09-26 10:52:03,311 [pool-47-thread-1] INFO  storage.RaftStorage (RaftStorage.java:format(72)) - Storage directory /workdir/hadoop-ozone/ozonefs/target/test-dir/MiniOzoneClusterImpl-b00a5744-6e73-4fa1-a928-c24f0d5ffca4/datanode-2/data/ratis/5b5ea074-b6b9-4d39-8827-053758ef1758 has been successfully formatted.
2019-09-26 10:52:03,311 [pool-47-thread-1] INFO  ratis.ContainerStateMachine (ContainerStateMachine.java:loadSnapshot(230)) - group-053758EF1758: The snapshot info is null. Setting the last applied indexto:(t:0, i:~)
2019-09-26 10:52:03,311 [pool-47-thread-1] INFO  server.RaftServerConfigKeys (ConfUtils.java:logGet(43)) - raft.server.notification.no-leader.timeout = 120s (custom)
2019-09-26 10:52:03,312 [pool-47-thread-1] INFO  server.RaftServerConfigKeys (ConfUtils.java:logGet(43)) - raft.server.log.use.memory = false (default)
2019-09-26 10:52:03,312 [pool-47-thread-1] INFO  server.RaftServerConfigKeys (ConfUtils.java:logGet(43)) - raft.server.log.purge.gap = 1000000 (custom)
2019-09-26 10:52:03,312 [pool-47-thread-1] INFO  server.RaftServerConfigKeys (ConfUtils.java:logGet(43)) - raft.server.log.appender.buffer.byte-limit = 33554432 (custom)
2019-09-26 10:52:03,312 [pool-47-thread-1] INFO  server.RaftServerConfigKeys (ConfUtils.java:logGet(43)) - raft.server.log.segment.size.max = 1048576 (custom)
2019-09-26 10:52:03,312 [pool-47-thread-1] INFO  server.RaftServerConfigKeys (ConfUtils.java:logGet(43)) - raft.server.log.segment.cache.num.max = 2 (custom)
2019-09-26 10:52:03,312 [pool-47-thread-1] INFO  segmented.SegmentedRaftLogWorker (SegmentedRaftLogWorker.java:<init>(172)) - new 474bca52-b9cd-4602-ad06-63718c1fead5@group-053758EF1758-SegmentedRaftLogWorker for RaftStorage:Storage Directory /workdir/hadoop-ozone/ozonefs/target/test-dir/MiniOzoneClusterImpl-b00a5744-6e73-4fa1-a928-c24f0d5ffca4/datanode-2/data/ratis/5b5ea074-b6b9-4d39-8827-053758ef1758
2019-09-26 10:52:03,312 [pool-47-thread-1] INFO  server.RaftServerConfigKeys (ConfUtils.java:logGet(43)) - raft.server.log.queue.byte-limit = 2147483647 (custom)
2019-09-26 10:52:03,313 [pool-47-thread-1] INFO  server.RaftServerConfigKeys (ConfUtils.java:logGet(43)) - raft.server.log.queue.element-limit = 1024 (custom)
2019-09-26 10:52:03,313 [pool-47-thread-1] INFO  server.RaftServerConfigKeys (ConfUtils.java:logGet(43)) - raft.server.log.segment.size.max = 1048576 (custom)
2019-09-26 10:52:03,313 [pool-47-thread-1] INFO  server.RaftServerConfigKeys (ConfUtils.java:logGet(43)) - raft.server.log.preallocated.size = 16384 (custom)
2019-09-26 10:52:03,313 [pool-47-thread-1] INFO  server.RaftServerConfigKeys (ConfUtils.java:logGet(43)) - raft.server.log.write.buffer.size = 33554432 (custom)
2019-09-26 10:52:03,313 [pool-47-thread-1] INFO  server.RaftServerConfigKeys (ConfUtils.java:logGet(43)) - raft.server.log.force.sync.num = 128 (default)
2019-09-26 10:52:03,313 [pool-47-thread-1] INFO  server.RaftServerConfigKeys (ConfUtils.java:logGet(43)) - raft.server.log.statemachine.data.sync = true (default)
2019-09-26 10:52:03,314 [pool-47-thread-1] INFO  server.RaftServerConfigKeys (ConfUtils.java:logGet(43)) - raft.server.log.statemachine.data.sync.timeout = 10s (default)
2019-09-26 10:52:03,314 [pool-47-thread-1] INFO  server.RaftServerConfigKeys (ConfUtils.java:logGet(43)) - raft.server.log.statemachine.data.sync.timeout.retry = -1 (default)
2019-09-26 10:52:03,314 [pool-47-thread-1] INFO  server.RaftServerConfigKeys (ConfUtils.java:logGet(43)) - raft.server.log.statemachine.data.caching.enabled = true (custom)
2019-09-26 10:52:03,314 [pool-47-thread-1] INFO  segmented.SegmentedRaftLogWorker (SegmentedRaftLogWorker.java:lambda$new$0(132)) - 474bca52-b9cd-4602-ad06-63718c1fead5@group-053758EF1758-SegmentedRaftLogWorker: flushIndex: setUnconditionally 0 -> -1
2019-09-26 10:52:03,315 [pool-47-thread-1] INFO  server.RaftServerConfigKeys (ConfUtils.java:logGet(43)) - raft.server.snapshot.auto.trigger.enabled = true (custom)
2019-09-26 10:52:03,315 [pool-47-thread-1] INFO  server.RaftServerConfigKeys (ConfUtils.java:logGet(43)) - raft.server.snapshot.auto.trigger.threshold = 10000 (custom)
2019-09-26 10:52:03,315 [pool-47-thread-1] INFO  server.RaftServerConfigKeys (ConfUtils.java:logGet(43)) - raft.server.snapshot.retention.num.files = 5 (custom)
2019-09-26 10:52:03,315 [pool-47-thread-1] INFO  server.RaftServerConfigKeys (ConfUtils.java:logGet(43)) - raft.server.retrycache.expirytime = 600000ms (custom)
2019-09-26 10:52:03,319 [pool-47-thread-1] INFO  impl.RaftServerImpl (RaftServerImpl.java:start(185)) - 474bca52-b9cd-4602-ad06-63718c1fead5@group-053758EF1758: start as a follower, conf=-1: [474bca52-b9cd-4602-ad06-63718c1fead5:192.168.30.13:39280], old=null
2019-09-26 10:52:03,319 [pool-47-thread-1] INFO  impl.RaftServerImpl (RaftServerImpl.java:setRole(174)) - 474bca52-b9cd-4602-ad06-63718c1fead5@group-053758EF1758: changes role from      null to FOLLOWER at term 0 for startAsFollower
2019-09-26 10:52:03,320 [pool-47-thread-1] INFO  impl.RoleInfo (RoleInfo.java:updateAndGet(143)) - 474bca52-b9cd-4602-ad06-63718c1fead5: start FollowerState
2019-09-26 10:52:03,320 [pool-47-thread-1] INFO  util.JmxRegister (JmxRegister.java:tryRegister(44)) - Successfully registered JMX Bean with object name Ratis:service=RaftServer,group=group-053758EF1758,id=474bca52-b9cd-4602-ad06-63718c1fead5
2019-09-26 10:52:03,336 [RatisPipelineUtilsThread] INFO  pipeline.PipelineStateManager (PipelineStateManager.java:addPipeline(56)) - Created pipeline Pipeline[ Id: 5b5ea074-b6b9-4d39-8827-053758ef1758, Nodes: 474bca52-b9cd-4602-ad06-63718c1fead5{ip: 192.168.30.13, host: pr-hdds-1569-wvzgm-824869521, networkLocation: /default-rack, certSerialId: null}, Type:RATIS, Factor:ONE, State:OPEN]
2019-09-26 10:52:03,352 [grpc-default-executor-0] INFO  impl.RaftServerProxy (RaftServerProxy.java:addNew(89)) - be8031e7-e5bc-4989-a875-174452875862: addNew group-ECC5E4C0B21B:[be8031e7-e5bc-4989-a875-174452875862:192.168.30.13:42793] returns group-ECC5E4C0B21B:java.util.concurrent.CompletableFuture@7a34c419[Not completed]
2019-09-26 10:52:03,353 [pool-97-thread-1] INFO  impl.RaftServerImpl (RaftServerImpl.java:<init>(95)) - be8031e7-e5bc-4989-a875-174452875862: new RaftServerImpl for group-ECC5E4C0B21B:[be8031e7-e5bc-4989-a875-174452875862:192.168.30.13:42793] with ContainerStateMachine:uninitialized
2019-09-26 10:52:03,354 [pool-97-thread-1] INFO  server.RaftServerConfigKeys (ConfUtils.java:logGet(43)) - raft.server.rpc.timeout.min = 5s (custom)
2019-09-26 10:52:03,354 [pool-97-thread-1] INFO  server.RaftServerConfigKeys (ConfUtils.java:logGet(43)) - raft.server.rpc.timeout.max = 5200ms (custom)
2019-09-26 10:52:03,354 [pool-97-thread-1] INFO  server.RaftServerConfigKeys (ConfUtils.java:logGet(43)) - raft.server.rpcslowness.timeout = 120s (custom)
2019-09-26 10:52:03,354 [pool-97-thread-1] INFO  server.RaftServerConfigKeys (ConfUtils.java:logGet(43)) - raft.server.sleep.deviation.threshold = 300 (default)
2019-09-26 10:52:03,354 [pool-97-thread-1] INFO  server.RaftServerConfigKeys (ConfUtils.java:logGet(43)) - raft.server.log.appender.install.snapshot.enabled = false (custom)
2019-09-26 10:52:03,354 [pool-97-thread-1] INFO  impl.RaftServerImpl (ServerState.java:<init>(103)) - be8031e7-e5bc-4989-a875-174452875862@group-ECC5E4C0B21B: ConfigurationManager, init=-1: [be8031e7-e5bc-4989-a875-174452875862:192.168.30.13:42793], old=null, confs=<EMPTY_MAP>
2019-09-26 10:52:03,354 [pool-97-thread-1] INFO  server.RaftServerConfigKeys (ConfUtils.java:logGet(43)) - raft.server.storage.dir = [/workdir/hadoop-ozone/ozonefs/target/test-dir/MiniOzoneClusterImpl-b00a5744-6e73-4fa1-a928-c24f0d5ffca4/datanode-7/data/ratis] (custom)
2019-09-26 10:52:03,355 [pool-97-thread-1] INFO  storage.RaftStorageDirectory (RaftStorageDirectory.java:analyzeStorage(246)) - The storage directory /workdir/hadoop-ozone/ozonefs/target/test-dir/MiniOzoneClusterImpl-b00a5744-6e73-4fa1-a928-c24f0d5ffca4/datanode-7/data/ratis/b1fd162b-d13d-4fa9-b590-ecc5e4c0b21b does not exist. Creating ...
2019-09-26 10:52:03,367 [pool-97-thread-1] INFO  storage.RaftStorageDirectory (RaftStorageDirectory.java:tryLock(328)) - Lock on /workdir/hadoop-ozone/ozonefs/target/test-dir/MiniOzoneClusterImpl-b00a5744-6e73-4fa1-a928-c24f0d5ffca4/datanode-7/data/ratis/b1fd162b-d13d-4fa9-b590-ecc5e4c0b21b/in_use.lock acquired by nodename 31132@pr-hdds-1569-wvzgm-824869521
2019-09-26 10:52:03,380 [pool-97-thread-1] INFO  storage.RaftStorage (RaftStorage.java:format(72)) - Storage directory /workdir/hadoop-ozone/ozonefs/target/test-dir/MiniOzoneClusterImpl-b00a5744-6e73-4fa1-a928-c24f0d5ffca4/datanode-7/data/ratis/b1fd162b-d13d-4fa9-b590-ecc5e4c0b21b has been successfully formatted.
2019-09-26 10:52:03,380 [pool-97-thread-1] INFO  ratis.ContainerStateMachine (ContainerStateMachine.java:loadSnapshot(230)) - group-ECC5E4C0B21B: The snapshot info is null. Setting the last applied indexto:(t:0, i:~)
2019-09-26 10:52:03,380 [pool-97-thread-1] INFO  server.RaftServerConfigKeys (ConfUtils.java:logGet(43)) - raft.server.notification.no-leader.timeout = 120s (custom)
2019-09-26 10:52:03,380 [pool-97-thread-1] INFO  server.RaftServerConfigKeys (ConfUtils.java:logGet(43)) - raft.server.log.use.memory = false (default)
2019-09-26 10:52:03,380 [pool-97-thread-1] INFO  server.RaftServerConfigKeys (ConfUtils.java:logGet(43)) - raft.server.log.purge.gap = 1000000 (custom)
2019-09-26 10:52:03,381 [pool-97-thread-1] INFO  server.RaftServerConfigKeys (ConfUtils.java:logGet(43)) - raft.server.log.appender.buffer.byte-limit = 33554432 (custom)
2019-09-26 10:52:03,381 [pool-97-thread-1] INFO  server.RaftServerConfigKeys (ConfUtils.java:logGet(43)) - raft.server.log.segment.size.max = 1048576 (custom)
2019-09-26 10:52:03,381 [pool-97-thread-1] INFO  server.RaftServerConfigKeys (ConfUtils.java:logGet(43)) - raft.server.log.segment.cache.num.max = 2 (custom)
2019-09-26 10:52:03,381 [pool-97-thread-1] INFO  segmented.SegmentedRaftLogWorker (SegmentedRaftLogWorker.java:<init>(172)) - new be8031e7-e5bc-4989-a875-174452875862@group-ECC5E4C0B21B-SegmentedRaftLogWorker for RaftStorage:Storage Directory /workdir/hadoop-ozone/ozonefs/target/test-dir/MiniOzoneClusterImpl-b00a5744-6e73-4fa1-a928-c24f0d5ffca4/datanode-7/data/ratis/b1fd162b-d13d-4fa9-b590-ecc5e4c0b21b
2019-09-26 10:52:03,381 [pool-97-thread-1] INFO  server.RaftServerConfigKeys (ConfUtils.java:logGet(43)) - raft.server.log.queue.byte-limit = 2147483647 (custom)
2019-09-26 10:52:03,381 [pool-97-thread-1] INFO  server.RaftServerConfigKeys (ConfUtils.java:logGet(43)) - raft.server.log.queue.element-limit = 1024 (custom)
2019-09-26 10:52:03,381 [pool-97-thread-1] INFO  server.RaftServerConfigKeys (ConfUtils.java:logGet(43)) - raft.server.log.segment.size.max = 1048576 (custom)
2019-09-26 10:52:03,381 [pool-97-thread-1] INFO  server.RaftServerConfigKeys (ConfUtils.java:logGet(43)) - raft.server.log.preallocated.size = 16384 (custom)
2019-09-26 10:52:03,382 [pool-97-thread-1] INFO  server.RaftServerConfigKeys (ConfUtils.java:logGet(43)) - raft.server.log.write.buffer.size = 33554432 (custom)
2019-09-26 10:52:03,382 [pool-97-thread-1] INFO  server.RaftServerConfigKeys (ConfUtils.java:logGet(43)) - raft.server.log.force.sync.num = 128 (default)
2019-09-26 10:52:03,382 [pool-97-thread-1] INFO  server.RaftServerConfigKeys (ConfUtils.java:logGet(43)) - raft.server.log.statemachine.data.sync = true (default)
2019-09-26 10:52:03,382 [pool-97-thread-1] INFO  server.RaftServerConfigKeys (ConfUtils.java:logGet(43)) - raft.server.log.statemachine.data.sync.timeout = 10s (default)
2019-09-26 10:52:03,382 [pool-97-thread-1] INFO  server.RaftServerConfigKeys (ConfUtils.java:logGet(43)) - raft.server.log.statemachine.data.sync.timeout.retry = -1 (default)
2019-09-26 10:52:03,382 [pool-97-thread-1] INFO  server.RaftServerConfigKeys (ConfUtils.java:logGet(43)) - raft.server.log.statemachine.data.caching.enabled = true (custom)
2019-09-26 10:52:03,382 [pool-97-thread-1] INFO  segmented.SegmentedRaftLogWorker (SegmentedRaftLogWorker.java:lambda$new$0(132)) - be8031e7-e5bc-4989-a875-174452875862@group-ECC5E4C0B21B-SegmentedRaftLogWorker: flushIndex: setUnconditionally 0 -> -1
2019-09-26 10:52:03,383 [pool-97-thread-1] INFO  server.RaftServerConfigKeys (ConfUtils.java:logGet(43)) - raft.server.snapshot.auto.trigger.enabled = true (custom)
2019-09-26 10:52:03,383 [pool-97-thread-1] INFO  server.RaftServerConfigKeys (ConfUtils.java:logGet(43)) - raft.server.snapshot.auto.trigger.threshold = 10000 (custom)
2019-09-26 10:52:03,383 [pool-97-thread-1] INFO  server.RaftServerConfigKeys (ConfUtils.java:logGet(43)) - raft.server.snapshot.retention.num.files = 5 (custom)
2019-09-26 10:52:03,383 [pool-97-thread-1] INFO  server.RaftServerConfigKeys (ConfUtils.java:logGet(43)) - raft.server.retrycache.expirytime = 600000ms (custom)
2019-09-26 10:52:03,386 [pool-97-thread-1] INFO  impl.RaftServerImpl (RaftServerImpl.java:start(185)) - be8031e7-e5bc-4989-a875-174452875862@group-ECC5E4C0B21B: start as a follower, conf=-1: [be8031e7-e5bc-4989-a875-174452875862:192.168.30.13:42793], old=null
2019-09-26 10:52:03,386 [pool-97-thread-1] INFO  impl.RaftServerImpl (RaftServerImpl.java:setRole(174)) - be8031e7-e5bc-4989-a875-174452875862@group-ECC5E4C0B21B: changes role from      null to FOLLOWER at term 0 for startAsFollower
2019-09-26 10:52:03,386 [pool-97-thread-1] INFO  impl.RoleInfo (RoleInfo.java:updateAndGet(143)) - be8031e7-e5bc-4989-a875-174452875862: start FollowerState
2019-09-26 10:52:03,386 [pool-97-thread-1] INFO  util.JmxRegister (JmxRegister.java:tryRegister(44)) - Successfully registered JMX Bean with object name Ratis:service=RaftServer,group=group-ECC5E4C0B21B,id=be8031e7-e5bc-4989-a875-174452875862
2019-09-26 10:52:03,400 [RatisPipelineUtilsThread] INFO  pipeline.PipelineStateManager (PipelineStateManager.java:addPipeline(56)) - Created pipeline Pipeline[ Id: b1fd162b-d13d-4fa9-b590-ecc5e4c0b21b, Nodes: be8031e7-e5bc-4989-a875-174452875862{ip: 192.168.30.13, host: pr-hdds-1569-wvzgm-824869521, networkLocation: /default-rack, certSerialId: null}, Type:RATIS, Factor:ONE, State:OPEN]
2019-09-26 10:52:03,417 [grpc-default-executor-0] INFO  impl.RaftServerProxy (RaftServerProxy.java:addNew(89)) - 87e84624-1b40-4389-b682-d98fe76436d1: addNew group-542A0A59D91D:[87e84624-1b40-4389-b682-d98fe76436d1:192.168.30.13:32768] returns group-542A0A59D91D:java.util.concurrent.CompletableFuture@22cec91[Not completed]
2019-09-26 10:52:03,419 [pool-37-thread-1] INFO  impl.RaftServerImpl (RaftServerImpl.java:<init>(95)) - 87e84624-1b40-4389-b682-d98fe76436d1: new RaftServerImpl for group-542A0A59D91D:[87e84624-1b40-4389-b682-d98fe76436d1:192.168.30.13:32768] with ContainerStateMachine:uninitialized
2019-09-26 10:52:03,420 [pool-37-thread-1] INFO  server.RaftServerConfigKeys (ConfUtils.java:logGet(43)) - raft.server.rpc.timeout.min = 5s (custom)
2019-09-26 10:52:03,420 [pool-37-thread-1] INFO  server.RaftServerConfigKeys (ConfUtils.java:logGet(43)) - raft.server.rpc.timeout.max = 5200ms (custom)
2019-09-26 10:52:03,420 [pool-37-thread-1] INFO  server.RaftServerConfigKeys (ConfUtils.java:logGet(43)) - raft.server.rpcslowness.timeout = 120s (custom)
2019-09-26 10:52:03,420 [pool-37-thread-1] INFO  server.RaftServerConfigKeys (ConfUtils.java:logGet(43)) - raft.server.sleep.deviation.threshold = 300 (default)
2019-09-26 10:52:03,420 [pool-37-thread-1] INFO  server.RaftServerConfigKeys (ConfUtils.java:logGet(43)) - raft.server.log.appender.install.snapshot.enabled = false (custom)
2019-09-26 10:52:03,420 [pool-37-thread-1] INFO  impl.RaftServerImpl (ServerState.java:<init>(103)) - 87e84624-1b40-4389-b682-d98fe76436d1@group-542A0A59D91D: ConfigurationManager, init=-1: [87e84624-1b40-4389-b682-d98fe76436d1:192.168.30.13:32768], old=null, confs=<EMPTY_MAP>
2019-09-26 10:52:03,421 [pool-37-thread-1] INFO  server.RaftServerConfigKeys (ConfUtils.java:logGet(43)) - raft.server.storage.dir = [/workdir/hadoop-ozone/ozonefs/target/test-dir/MiniOzoneClusterImpl-b00a5744-6e73-4fa1-a928-c24f0d5ffca4/datanode-1/data/ratis] (custom)
2019-09-26 10:52:03,421 [pool-37-thread-1] INFO  storage.RaftStorageDirectory (RaftStorageDirectory.java:analyzeStorage(246)) - The storage directory /workdir/hadoop-ozone/ozonefs/target/test-dir/MiniOzoneClusterImpl-b00a5744-6e73-4fa1-a928-c24f0d5ffca4/datanode-1/data/ratis/df8ab649-31df-4f3a-af32-542a0a59d91d does not exist. Creating ...
2019-09-26 10:52:03,436 [pool-37-thread-1] INFO  storage.RaftStorageDirectory (RaftStorageDirectory.java:tryLock(328)) - Lock on /workdir/hadoop-ozone/ozonefs/target/test-dir/MiniOzoneClusterImpl-b00a5744-6e73-4fa1-a928-c24f0d5ffca4/datanode-1/data/ratis/df8ab649-31df-4f3a-af32-542a0a59d91d/in_use.lock acquired by nodename 31132@pr-hdds-1569-wvzgm-824869521
2019-09-26 10:52:03,449 [pool-37-thread-1] INFO  storage.RaftStorage (RaftStorage.java:format(72)) - Storage directory /workdir/hadoop-ozone/ozonefs/target/test-dir/MiniOzoneClusterImpl-b00a5744-6e73-4fa1-a928-c24f0d5ffca4/datanode-1/data/ratis/df8ab649-31df-4f3a-af32-542a0a59d91d has been successfully formatted.
2019-09-26 10:52:03,449 [pool-37-thread-1] INFO  ratis.ContainerStateMachine (ContainerStateMachine.java:loadSnapshot(230)) - group-542A0A59D91D: The snapshot info is null. Setting the last applied indexto:(t:0, i:~)
2019-09-26 10:52:03,449 [pool-37-thread-1] INFO  server.RaftServerConfigKeys (ConfUtils.java:logGet(43)) - raft.server.notification.no-leader.timeout = 120s (custom)
2019-09-26 10:52:03,449 [pool-37-thread-1] INFO  server.RaftServerConfigKeys (ConfUtils.java:logGet(43)) - raft.server.log.use.memory = false (default)
2019-09-26 10:52:03,450 [pool-37-thread-1] INFO  server.RaftServerConfigKeys (ConfUtils.java:logGet(43)) - raft.server.log.purge.gap = 1000000 (custom)
2019-09-26 10:52:03,450 [pool-37-thread-1] INFO  server.RaftServerConfigKeys (ConfUtils.java:logGet(43)) - raft.server.log.appender.buffer.byte-limit = 33554432 (custom)
2019-09-26 10:52:03,450 [pool-37-thread-1] INFO  server.RaftServerConfigKeys (ConfUtils.java:logGet(43)) - raft.server.log.segment.size.max = 1048576 (custom)
2019-09-26 10:52:03,450 [pool-37-thread-1] INFO  server.RaftServerConfigKeys (ConfUtils.java:logGet(43)) - raft.server.log.segment.cache.num.max = 2 (custom)
2019-09-26 10:52:03,450 [pool-37-thread-1] INFO  segmented.SegmentedRaftLogWorker (SegmentedRaftLogWorker.java:<init>(172)) - new 87e84624-1b40-4389-b682-d98fe76436d1@group-542A0A59D91D-SegmentedRaftLogWorker for RaftStorage:Storage Directory /workdir/hadoop-ozone/ozonefs/target/test-dir/MiniOzoneClusterImpl-b00a5744-6e73-4fa1-a928-c24f0d5ffca4/datanode-1/data/ratis/df8ab649-31df-4f3a-af32-542a0a59d91d
2019-09-26 10:52:03,450 [pool-37-thread-1] INFO  server.RaftServerConfigKeys (ConfUtils.java:logGet(43)) - raft.server.log.queue.byte-limit = 2147483647 (custom)
2019-09-26 10:52:03,451 [pool-37-thread-1] INFO  server.RaftServerConfigKeys (ConfUtils.java:logGet(43)) - raft.server.log.queue.element-limit = 1024 (custom)
2019-09-26 10:52:03,451 [pool-37-thread-1] INFO  server.RaftServerConfigKeys (ConfUtils.java:logGet(43)) - raft.server.log.segment.size.max = 1048576 (custom)
2019-09-26 10:52:03,451 [pool-37-thread-1] INFO  server.RaftServerConfigKeys (ConfUtils.java:logGet(43)) - raft.server.log.preallocated.size = 16384 (custom)
2019-09-26 10:52:03,451 [pool-37-thread-1] INFO  server.RaftServerConfigKeys (ConfUtils.java:logGet(43)) - raft.server.log.write.buffer.size = 33554432 (custom)
2019-09-26 10:52:03,451 [pool-37-thread-1] INFO  server.RaftServerConfigKeys (ConfUtils.java:logGet(43)) - raft.server.log.force.sync.num = 128 (default)
2019-09-26 10:52:03,451 [pool-37-thread-1] INFO  server.RaftServerConfigKeys (ConfUtils.java:logGet(43)) - raft.server.log.statemachine.data.sync = true (default)
2019-09-26 10:52:03,454 [pool-37-thread-1] INFO  server.RaftServerConfigKeys (ConfUtils.java:logGet(43)) - raft.server.log.statemachine.data.sync.timeout = 10s (default)
2019-09-26 10:52:03,454 [pool-37-thread-1] INFO  server.RaftServerConfigKeys (ConfUtils.java:logGet(43)) - raft.server.log.statemachine.data.sync.timeout.retry = -1 (default)
2019-09-26 10:52:03,455 [pool-37-thread-1] INFO  server.RaftServerConfigKeys (ConfUtils.java:logGet(43)) - raft.server.log.statemachine.data.caching.enabled = true (custom)
2019-09-26 10:52:03,455 [pool-37-thread-1] INFO  segmented.SegmentedRaftLogWorker (SegmentedRaftLogWorker.java:lambda$new$0(132)) - 87e84624-1b40-4389-b682-d98fe76436d1@group-542A0A59D91D-SegmentedRaftLogWorker: flushIndex: setUnconditionally 0 -> -1
2019-09-26 10:52:03,455 [pool-37-thread-1] INFO  server.RaftServerConfigKeys (ConfUtils.java:logGet(43)) - raft.server.snapshot.auto.trigger.enabled = true (custom)
2019-09-26 10:52:03,455 [pool-37-thread-1] INFO  server.RaftServerConfigKeys (ConfUtils.java:logGet(43)) - raft.server.snapshot.auto.trigger.threshold = 10000 (custom)
2019-09-26 10:52:03,456 [pool-37-thread-1] INFO  server.RaftServerConfigKeys (ConfUtils.java:logGet(43)) - raft.server.snapshot.retention.num.files = 5 (custom)
2019-09-26 10:52:03,456 [pool-37-thread-1] INFO  server.RaftServerConfigKeys (ConfUtils.java:logGet(43)) - raft.server.retrycache.expirytime = 600000ms (custom)
2019-09-26 10:52:03,459 [pool-37-thread-1] INFO  impl.RaftServerImpl (RaftServerImpl.java:start(185)) - 87e84624-1b40-4389-b682-d98fe76436d1@group-542A0A59D91D: start as a follower, conf=-1: [87e84624-1b40-4389-b682-d98fe76436d1:192.168.30.13:32768], old=null
2019-09-26 10:52:03,459 [pool-37-thread-1] INFO  impl.RaftServerImpl (RaftServerImpl.java:setRole(174)) - 87e84624-1b40-4389-b682-d98fe76436d1@group-542A0A59D91D: changes role from      null to FOLLOWER at term 0 for startAsFollower
2019-09-26 10:52:03,459 [pool-37-thread-1] INFO  impl.RoleInfo (RoleInfo.java:updateAndGet(143)) - 87e84624-1b40-4389-b682-d98fe76436d1: start FollowerState
2019-09-26 10:52:03,460 [pool-37-thread-1] INFO  util.JmxRegister (JmxRegister.java:tryRegister(44)) - Successfully registered JMX Bean with object name Ratis:service=RaftServer,group=group-542A0A59D91D,id=87e84624-1b40-4389-b682-d98fe76436d1
2019-09-26 10:52:03,476 [RatisPipelineUtilsThread] INFO  pipeline.PipelineStateManager (PipelineStateManager.java:addPipeline(56)) - Created pipeline Pipeline[ Id: df8ab649-31df-4f3a-af32-542a0a59d91d, Nodes: 87e84624-1b40-4389-b682-d98fe76436d1{ip: 192.168.30.13, host: pr-hdds-1569-wvzgm-824869521, networkLocation: /default-rack, certSerialId: null}, Type:RATIS, Factor:ONE, State:OPEN]
2019-09-26 10:52:03,490 [grpc-default-executor-0] INFO  impl.RaftServerProxy (RaftServerProxy.java:addNew(89)) - 474bca52-b9cd-4602-ad06-63718c1fead5: addNew group-C16E29AD95E7:[474bca52-b9cd-4602-ad06-63718c1fead5:192.168.30.13:39280] returns group-C16E29AD95E7:java.util.concurrent.CompletableFuture@3af13e3c[Not completed]
2019-09-26 10:52:03,492 [pool-47-thread-1] INFO  impl.RaftServerImpl (RaftServerImpl.java:<init>(95)) - 474bca52-b9cd-4602-ad06-63718c1fead5: new RaftServerImpl for group-C16E29AD95E7:[474bca52-b9cd-4602-ad06-63718c1fead5:192.168.30.13:39280] with ContainerStateMachine:uninitialized
2019-09-26 10:52:03,492 [pool-47-thread-1] INFO  server.RaftServerConfigKeys (ConfUtils.java:logGet(43)) - raft.server.rpc.timeout.min = 5s (custom)
2019-09-26 10:52:03,492 [pool-47-thread-1] INFO  server.RaftServerConfigKeys (ConfUtils.java:logGet(43)) - raft.server.rpc.timeout.max = 5200ms (custom)
2019-09-26 10:52:03,493 [pool-47-thread-1] INFO  server.RaftServerConfigKeys (ConfUtils.java:logGet(43)) - raft.server.rpcslowness.timeout = 120s (custom)
2019-09-26 10:52:03,493 [pool-47-thread-1] INFO  server.RaftServerConfigKeys (ConfUtils.java:logGet(43)) - raft.server.sleep.deviation.threshold = 300 (default)
2019-09-26 10:52:03,493 [pool-47-thread-1] INFO  server.RaftServerConfigKeys (ConfUtils.java:logGet(43)) - raft.server.log.appender.install.snapshot.enabled = false (custom)
2019-09-26 10:52:03,493 [pool-47-thread-1] INFO  impl.RaftServerImpl (ServerState.java:<init>(103)) - 474bca52-b9cd-4602-ad06-63718c1fead5@group-C16E29AD95E7: ConfigurationManager, init=-1: [474bca52-b9cd-4602-ad06-63718c1fead5:192.168.30.13:39280], old=null, confs=<EMPTY_MAP>
2019-09-26 10:52:03,493 [pool-47-thread-1] INFO  server.RaftServerConfigKeys (ConfUtils.java:logGet(43)) - raft.server.storage.dir = [/workdir/hadoop-ozone/ozonefs/target/test-dir/MiniOzoneClusterImpl-b00a5744-6e73-4fa1-a928-c24f0d5ffca4/datanode-2/data/ratis] (custom)
2019-09-26 10:52:03,494 [pool-47-thread-1] INFO  storage.RaftStorageDirectory (RaftStorageDirectory.java:analyzeStorage(246)) - The storage directory /workdir/hadoop-ozone/ozonefs/target/test-dir/MiniOzoneClusterImpl-b00a5744-6e73-4fa1-a928-c24f0d5ffca4/datanode-2/data/ratis/f6a62ced-0aed-4d72-b193-c16e29ad95e7 does not exist. Creating ...
2019-09-26 10:52:03,506 [pool-47-thread-1] INFO  storage.RaftStorageDirectory (RaftStorageDirectory.java:tryLock(328)) - Lock on /workdir/hadoop-ozone/ozonefs/target/test-dir/MiniOzoneClusterImpl-b00a5744-6e73-4fa1-a928-c24f0d5ffca4/datanode-2/data/ratis/f6a62ced-0aed-4d72-b193-c16e29ad95e7/in_use.lock acquired by nodename 31132@pr-hdds-1569-wvzgm-824869521
2019-09-26 10:52:03,520 [pool-47-thread-1] INFO  storage.RaftStorage (RaftStorage.java:format(72)) - Storage directory /workdir/hadoop-ozone/ozonefs/target/test-dir/MiniOzoneClusterImpl-b00a5744-6e73-4fa1-a928-c24f0d5ffca4/datanode-2/data/ratis/f6a62ced-0aed-4d72-b193-c16e29ad95e7 has been successfully formatted.
2019-09-26 10:52:03,520 [pool-47-thread-1] INFO  ratis.ContainerStateMachine (ContainerStateMachine.java:loadSnapshot(230)) - group-C16E29AD95E7: The snapshot info is null. Setting the last applied indexto:(t:0, i:~)
2019-09-26 10:52:03,520 [pool-47-thread-1] INFO  server.RaftServerConfigKeys (ConfUtils.java:logGet(43)) - raft.server.notification.no-leader.timeout = 120s (custom)
2019-09-26 10:52:03,520 [pool-47-thread-1] INFO  server.RaftServerConfigKeys (ConfUtils.java:logGet(43)) - raft.server.log.use.memory = false (default)
2019-09-26 10:52:03,520 [pool-47-thread-1] INFO  server.RaftServerConfigKeys (ConfUtils.java:logGet(43)) - raft.server.log.purge.gap = 1000000 (custom)
2019-09-26 10:52:03,520 [pool-47-thread-1] INFO  server.RaftServerConfigKeys (ConfUtils.java:logGet(43)) - raft.server.log.appender.buffer.byte-limit = 33554432 (custom)
2019-09-26 10:52:03,521 [pool-47-thread-1] INFO  server.RaftServerConfigKeys (ConfUtils.java:logGet(43)) - raft.server.log.segment.size.max = 1048576 (custom)
2019-09-26 10:52:03,521 [pool-47-thread-1] INFO  server.RaftServerConfigKeys (ConfUtils.java:logGet(43)) - raft.server.log.segment.cache.num.max = 2 (custom)
2019-09-26 10:52:03,521 [pool-47-thread-1] INFO  segmented.SegmentedRaftLogWorker (SegmentedRaftLogWorker.java:<init>(172)) - new 474bca52-b9cd-4602-ad06-63718c1fead5@group-C16E29AD95E7-SegmentedRaftLogWorker for RaftStorage:Storage Directory /workdir/hadoop-ozone/ozonefs/target/test-dir/MiniOzoneClusterImpl-b00a5744-6e73-4fa1-a928-c24f0d5ffca4/datanode-2/data/ratis/f6a62ced-0aed-4d72-b193-c16e29ad95e7
2019-09-26 10:52:03,521 [pool-47-thread-1] INFO  server.RaftServerConfigKeys (ConfUtils.java:logGet(43)) - raft.server.log.queue.byte-limit = 2147483647 (custom)
2019-09-26 10:52:03,521 [pool-47-thread-1] INFO  server.RaftServerConfigKeys (ConfUtils.java:logGet(43)) - raft.server.log.queue.element-limit = 1024 (custom)
2019-09-26 10:52:03,521 [pool-47-thread-1] INFO  server.RaftServerConfigKeys (ConfUtils.java:logGet(43)) - raft.server.log.segment.size.max = 1048576 (custom)
2019-09-26 10:52:03,521 [pool-47-thread-1] INFO  server.RaftServerConfigKeys (ConfUtils.java:logGet(43)) - raft.server.log.preallocated.size = 16384 (custom)
2019-09-26 10:52:03,521 [pool-47-thread-1] INFO  server.RaftServerConfigKeys (ConfUtils.java:logGet(43)) - raft.server.log.write.buffer.size = 33554432 (custom)
2019-09-26 10:52:03,521 [pool-47-thread-1] INFO  server.RaftServerConfigKeys (ConfUtils.java:logGet(43)) - raft.server.log.force.sync.num = 128 (default)
2019-09-26 10:52:03,522 [pool-47-thread-1] INFO  server.RaftServerConfigKeys (ConfUtils.java:logGet(43)) - raft.server.log.statemachine.data.sync = true (default)
2019-09-26 10:52:03,522 [pool-47-thread-1] INFO  server.RaftServerConfigKeys (ConfUtils.java:logGet(43)) - raft.server.log.statemachine.data.sync.timeout = 10s (default)
2019-09-26 10:52:03,522 [pool-47-thread-1] INFO  server.RaftServerConfigKeys (ConfUtils.java:logGet(43)) - raft.server.log.statemachine.data.sync.timeout.retry = -1 (default)
2019-09-26 10:52:03,522 [pool-47-thread-1] INFO  server.RaftServerConfigKeys (ConfUtils.java:logGet(43)) - raft.server.log.statemachine.data.caching.enabled = true (custom)
2019-09-26 10:52:03,522 [pool-47-thread-1] INFO  segmented.SegmentedRaftLogWorker (SegmentedRaftLogWorker.java:lambda$new$0(132)) - 474bca52-b9cd-4602-ad06-63718c1fead5@group-C16E29AD95E7-SegmentedRaftLogWorker: flushIndex: setUnconditionally 0 -> -1
2019-09-26 10:52:03,523 [pool-47-thread-1] INFO  server.RaftServerConfigKeys (ConfUtils.java:logGet(43)) - raft.server.snapshot.auto.trigger.enabled = true (custom)
2019-09-26 10:52:03,523 [pool-47-thread-1] INFO  server.RaftServerConfigKeys (ConfUtils.java:logGet(43)) - raft.server.snapshot.auto.trigger.threshold = 10000 (custom)
2019-09-26 10:52:03,523 [pool-47-thread-1] INFO  server.RaftServerConfigKeys (ConfUtils.java:logGet(43)) - raft.server.snapshot.retention.num.files = 5 (custom)
2019-09-26 10:52:03,523 [pool-47-thread-1] INFO  server.RaftServerConfigKeys (ConfUtils.java:logGet(43)) - raft.server.retrycache.expirytime = 600000ms (custom)
2019-09-26 10:52:03,525 [pool-47-thread-1] INFO  impl.RaftServerImpl (RaftServerImpl.java:start(185)) - 474bca52-b9cd-4602-ad06-63718c1fead5@group-C16E29AD95E7: start as a follower, conf=-1: [474bca52-b9cd-4602-ad06-63718c1fead5:192.168.30.13:39280], old=null
2019-09-26 10:52:03,525 [pool-47-thread-1] INFO  impl.RaftServerImpl (RaftServerImpl.java:setRole(174)) - 474bca52-b9cd-4602-ad06-63718c1fead5@group-C16E29AD95E7: changes role from      null to FOLLOWER at term 0 for startAsFollower
2019-09-26 10:52:03,526 [pool-47-thread-1] INFO  impl.RoleInfo (RoleInfo.java:updateAndGet(143)) - 474bca52-b9cd-4602-ad06-63718c1fead5: start FollowerState
2019-09-26 10:52:03,526 [pool-47-thread-1] INFO  util.JmxRegister (JmxRegister.java:tryRegister(44)) - Successfully registered JMX Bean with object name Ratis:service=RaftServer,group=group-C16E29AD95E7,id=474bca52-b9cd-4602-ad06-63718c1fead5
2019-09-26 10:52:03,532 [RatisPipelineUtilsThread] INFO  pipeline.PipelineStateManager (PipelineStateManager.java:addPipeline(56)) - Created pipeline Pipeline[ Id: f6a62ced-0aed-4d72-b193-c16e29ad95e7, Nodes: 474bca52-b9cd-4602-ad06-63718c1fead5{ip: 192.168.30.13, host: pr-hdds-1569-wvzgm-824869521, networkLocation: /default-rack, certSerialId: null}, Type:RATIS, Factor:ONE, State:OPEN]
2019-09-26 10:52:03,557 [grpc-default-executor-0] INFO  impl.RaftServerProxy (RaftServerProxy.java:addNew(89)) - be8031e7-e5bc-4989-a875-174452875862: addNew group-662C70A47425:[be8031e7-e5bc-4989-a875-174452875862:192.168.30.13:42793] returns group-662C70A47425:java.util.concurrent.CompletableFuture@33773e91[Not completed]
2019-09-26 10:52:03,560 [pool-97-thread-1] INFO  impl.RaftServerImpl (RaftServerImpl.java:<init>(95)) - be8031e7-e5bc-4989-a875-174452875862: new RaftServerImpl for group-662C70A47425:[be8031e7-e5bc-4989-a875-174452875862:192.168.30.13:42793] with ContainerStateMachine:uninitialized
2019-09-26 10:52:03,560 [pool-97-thread-1] INFO  server.RaftServerConfigKeys (ConfUtils.java:logGet(43)) - raft.server.rpc.timeout.min = 5s (custom)
2019-09-26 10:52:03,561 [pool-97-thread-1] INFO  server.RaftServerConfigKeys (ConfUtils.java:logGet(43)) - raft.server.rpc.timeout.max = 5200ms (custom)
2019-09-26 10:52:03,561 [pool-97-thread-1] INFO  server.RaftServerConfigKeys (ConfUtils.java:logGet(43)) - raft.server.rpcslowness.timeout = 120s (custom)
2019-09-26 10:52:03,561 [pool-97-thread-1] INFO  server.RaftServerConfigKeys (ConfUtils.java:logGet(43)) - raft.server.sleep.deviation.threshold = 300 (default)
2019-09-26 10:52:03,561 [pool-97-thread-1] INFO  server.RaftServerConfigKeys (ConfUtils.java:logGet(43)) - raft.server.log.appender.install.snapshot.enabled = false (custom)
2019-09-26 10:52:03,561 [pool-97-thread-1] INFO  impl.RaftServerImpl (ServerState.java:<init>(103)) - be8031e7-e5bc-4989-a875-174452875862@group-662C70A47425: ConfigurationManager, init=-1: [be8031e7-e5bc-4989-a875-174452875862:192.168.30.13:42793], old=null, confs=<EMPTY_MAP>
2019-09-26 10:52:03,562 [pool-97-thread-1] INFO  server.RaftServerConfigKeys (ConfUtils.java:logGet(43)) - raft.server.storage.dir = [/workdir/hadoop-ozone/ozonefs/target/test-dir/MiniOzoneClusterImpl-b00a5744-6e73-4fa1-a928-c24f0d5ffca4/datanode-7/data/ratis] (custom)
2019-09-26 10:52:03,562 [pool-97-thread-1] INFO  storage.RaftStorageDirectory (RaftStorageDirectory.java:analyzeStorage(246)) - The storage directory /workdir/hadoop-ozone/ozonefs/target/test-dir/MiniOzoneClusterImpl-b00a5744-6e73-4fa1-a928-c24f0d5ffca4/datanode-7/data/ratis/ce18228c-1bec-4548-b9d2-662c70a47425 does not exist. Creating ...
2019-09-26 10:52:03,577 [pool-97-thread-1] INFO  storage.RaftStorageDirectory (RaftStorageDirectory.java:tryLock(328)) - Lock on /workdir/hadoop-ozone/ozonefs/target/test-dir/MiniOzoneClusterImpl-b00a5744-6e73-4fa1-a928-c24f0d5ffca4/datanode-7/data/ratis/ce18228c-1bec-4548-b9d2-662c70a47425/in_use.lock acquired by nodename 31132@pr-hdds-1569-wvzgm-824869521
2019-09-26 10:52:03,590 [pool-97-thread-1] INFO  storage.RaftStorage (RaftStorage.java:format(72)) - Storage directory /workdir/hadoop-ozone/ozonefs/target/test-dir/MiniOzoneClusterImpl-b00a5744-6e73-4fa1-a928-c24f0d5ffca4/datanode-7/data/ratis/ce18228c-1bec-4548-b9d2-662c70a47425 has been successfully formatted.
2019-09-26 10:52:03,591 [pool-97-thread-1] INFO  ratis.ContainerStateMachine (ContainerStateMachine.java:loadSnapshot(230)) - group-662C70A47425: The snapshot info is null. Setting the last applied indexto:(t:0, i:~)
2019-09-26 10:52:03,591 [pool-97-thread-1] INFO  server.RaftServerConfigKeys (ConfUtils.java:logGet(43)) - raft.server.notification.no-leader.timeout = 120s (custom)
2019-09-26 10:52:03,591 [pool-97-thread-1] INFO  server.RaftServerConfigKeys (ConfUtils.java:logGet(43)) - raft.server.log.use.memory = false (default)
2019-09-26 10:52:03,591 [pool-97-thread-1] INFO  server.RaftServerConfigKeys (ConfUtils.java:logGet(43)) - raft.server.log.purge.gap = 1000000 (custom)
2019-09-26 10:52:03,591 [pool-97-thread-1] INFO  server.RaftServerConfigKeys (ConfUtils.java:logGet(43)) - raft.server.log.appender.buffer.byte-limit = 33554432 (custom)
2019-09-26 10:52:03,592 [pool-97-thread-1] INFO  server.RaftServerConfigKeys (ConfUtils.java:logGet(43)) - raft.server.log.segment.size.max = 1048576 (custom)
2019-09-26 10:52:03,592 [pool-97-thread-1] INFO  server.RaftServerConfigKeys (ConfUtils.java:logGet(43)) - raft.server.log.segment.cache.num.max = 2 (custom)
2019-09-26 10:52:03,592 [pool-97-thread-1] INFO  segmented.SegmentedRaftLogWorker (SegmentedRaftLogWorker.java:<init>(172)) - new be8031e7-e5bc-4989-a875-174452875862@group-662C70A47425-SegmentedRaftLogWorker for RaftStorage:Storage Directory /workdir/hadoop-ozone/ozonefs/target/test-dir/MiniOzoneClusterImpl-b00a5744-6e73-4fa1-a928-c24f0d5ffca4/datanode-7/data/ratis/ce18228c-1bec-4548-b9d2-662c70a47425
2019-09-26 10:52:03,592 [pool-97-thread-1] INFO  server.RaftServerConfigKeys (ConfUtils.java:logGet(43)) - raft.server.log.queue.byte-limit = 2147483647 (custom)
2019-09-26 10:52:03,592 [pool-97-thread-1] INFO  server.RaftServerConfigKeys (ConfUtils.java:logGet(43)) - raft.server.log.queue.element-limit = 1024 (custom)
2019-09-26 10:52:03,593 [pool-97-thread-1] INFO  server.RaftServerConfigKeys (ConfUtils.java:logGet(43)) - raft.server.log.segment.size.max = 1048576 (custom)
2019-09-26 10:52:03,593 [pool-97-thread-1] INFO  server.RaftServerConfigKeys (ConfUtils.java:logGet(43)) - raft.server.log.preallocated.size = 16384 (custom)
2019-09-26 10:52:03,593 [pool-97-thread-1] INFO  server.RaftServerConfigKeys (ConfUtils.java:logGet(43)) - raft.server.log.write.buffer.size = 33554432 (custom)
2019-09-26 10:52:03,593 [pool-97-thread-1] INFO  server.RaftServerConfigKeys (ConfUtils.java:logGet(43)) - raft.server.log.force.sync.num = 128 (default)
2019-09-26 10:52:03,593 [pool-97-thread-1] INFO  server.RaftServerConfigKeys (ConfUtils.java:logGet(43)) - raft.server.log.statemachine.data.sync = true (default)
2019-09-26 10:52:03,593 [pool-97-thread-1] INFO  server.RaftServerConfigKeys (ConfUtils.java:logGet(43)) - raft.server.log.statemachine.data.sync.timeout = 10s (default)
2019-09-26 10:52:03,594 [pool-97-thread-1] INFO  server.RaftServerConfigKeys (ConfUtils.java:logGet(43)) - raft.server.log.statemachine.data.sync.timeout.retry = -1 (default)
2019-09-26 10:52:03,594 [pool-97-thread-1] INFO  server.RaftServerConfigKeys (ConfUtils.java:logGet(43)) - raft.server.log.statemachine.data.caching.enabled = true (custom)
2019-09-26 10:52:03,594 [pool-97-thread-1] INFO  segmented.SegmentedRaftLogWorker (SegmentedRaftLogWorker.java:lambda$new$0(132)) - be8031e7-e5bc-4989-a875-174452875862@group-662C70A47425-SegmentedRaftLogWorker: flushIndex: setUnconditionally 0 -> -1
2019-09-26 10:52:03,594 [pool-97-thread-1] INFO  server.RaftServerConfigKeys (ConfUtils.java:logGet(43)) - raft.server.snapshot.auto.trigger.enabled = true (custom)
2019-09-26 10:52:03,595 [pool-97-thread-1] INFO  server.RaftServerConfigKeys (ConfUtils.java:logGet(43)) - raft.server.snapshot.auto.trigger.threshold = 10000 (custom)
2019-09-26 10:52:03,595 [pool-97-thread-1] INFO  server.RaftServerConfigKeys (ConfUtils.java:logGet(43)) - raft.server.snapshot.retention.num.files = 5 (custom)
2019-09-26 10:52:03,595 [pool-97-thread-1] INFO  server.RaftServerConfigKeys (ConfUtils.java:logGet(43)) - raft.server.retrycache.expirytime = 600000ms (custom)
2019-09-26 10:52:03,598 [pool-97-thread-1] INFO  impl.RaftServerImpl (RaftServerImpl.java:start(185)) - be8031e7-e5bc-4989-a875-174452875862@group-662C70A47425: start as a follower, conf=-1: [be8031e7-e5bc-4989-a875-174452875862:192.168.30.13:42793], old=null
2019-09-26 10:52:03,598 [pool-97-thread-1] INFO  impl.RaftServerImpl (RaftServerImpl.java:setRole(174)) - be8031e7-e5bc-4989-a875-174452875862@group-662C70A47425: changes role from      null to FOLLOWER at term 0 for startAsFollower
2019-09-26 10:52:03,599 [pool-97-thread-1] INFO  impl.RoleInfo (RoleInfo.java:updateAndGet(143)) - be8031e7-e5bc-4989-a875-174452875862: start FollowerState
2019-09-26 10:52:03,599 [pool-97-thread-1] INFO  util.JmxRegister (JmxRegister.java:tryRegister(44)) - Successfully registered JMX Bean with object name Ratis:service=RaftServer,group=group-662C70A47425,id=be8031e7-e5bc-4989-a875-174452875862
2019-09-26 10:52:03,631 [RatisPipelineUtilsThread] INFO  pipeline.PipelineStateManager (PipelineStateManager.java:addPipeline(56)) - Created pipeline Pipeline[ Id: ce18228c-1bec-4548-b9d2-662c70a47425, Nodes: be8031e7-e5bc-4989-a875-174452875862{ip: 192.168.30.13, host: pr-hdds-1569-wvzgm-824869521, networkLocation: /default-rack, certSerialId: null}, Type:RATIS, Factor:ONE, State:OPEN]
2019-09-26 10:52:03,644 [grpc-default-executor-0] INFO  impl.RaftServerProxy (RaftServerProxy.java:addNew(89)) - dd9d2e05-3ffa-4f1c-8a80-938e5f4f3192: addNew group-E327E8683BFB:[dd9d2e05-3ffa-4f1c-8a80-938e5f4f3192:192.168.30.13:46596] returns group-E327E8683BFB:java.util.concurrent.CompletableFuture@3ffb1ab4[Not completed]
2019-09-26 10:52:03,646 [pool-77-thread-1] INFO  impl.RaftServerImpl (RaftServerImpl.java:<init>(95)) - dd9d2e05-3ffa-4f1c-8a80-938e5f4f3192: new RaftServerImpl for group-E327E8683BFB:[dd9d2e05-3ffa-4f1c-8a80-938e5f4f3192:192.168.30.13:46596] with ContainerStateMachine:uninitialized
2019-09-26 10:52:03,646 [pool-77-thread-1] INFO  server.RaftServerConfigKeys (ConfUtils.java:logGet(43)) - raft.server.rpc.timeout.min = 5s (custom)
2019-09-26 10:52:03,646 [pool-77-thread-1] INFO  server.RaftServerConfigKeys (ConfUtils.java:logGet(43)) - raft.server.rpc.timeout.max = 5200ms (custom)
2019-09-26 10:52:03,646 [pool-77-thread-1] INFO  server.RaftServerConfigKeys (ConfUtils.java:logGet(43)) - raft.server.rpcslowness.timeout = 120s (custom)
2019-09-26 10:52:03,646 [pool-77-thread-1] INFO  server.RaftServerConfigKeys (ConfUtils.java:logGet(43)) - raft.server.sleep.deviation.threshold = 300 (default)
2019-09-26 10:52:03,646 [pool-77-thread-1] INFO  server.RaftServerConfigKeys (ConfUtils.java:logGet(43)) - raft.server.log.appender.install.snapshot.enabled = false (custom)
2019-09-26 10:52:03,647 [pool-77-thread-1] INFO  impl.RaftServerImpl (ServerState.java:<init>(103)) - dd9d2e05-3ffa-4f1c-8a80-938e5f4f3192@group-E327E8683BFB: ConfigurationManager, init=-1: [dd9d2e05-3ffa-4f1c-8a80-938e5f4f3192:192.168.30.13:46596], old=null, confs=<EMPTY_MAP>
2019-09-26 10:52:03,647 [pool-77-thread-1] INFO  server.RaftServerConfigKeys (ConfUtils.java:logGet(43)) - raft.server.storage.dir = [/workdir/hadoop-ozone/ozonefs/target/test-dir/MiniOzoneClusterImpl-b00a5744-6e73-4fa1-a928-c24f0d5ffca4/datanode-5/data/ratis] (custom)
2019-09-26 10:52:03,647 [pool-77-thread-1] INFO  storage.RaftStorageDirectory (RaftStorageDirectory.java:analyzeStorage(246)) - The storage directory /workdir/hadoop-ozone/ozonefs/target/test-dir/MiniOzoneClusterImpl-b00a5744-6e73-4fa1-a928-c24f0d5ffca4/datanode-5/data/ratis/d179e83a-8f52-4b8f-8d11-e327e8683bfb does not exist. Creating ...
2019-09-26 10:52:03,660 [pool-77-thread-1] INFO  storage.RaftStorageDirectory (RaftStorageDirectory.java:tryLock(328)) - Lock on /workdir/hadoop-ozone/ozonefs/target/test-dir/MiniOzoneClusterImpl-b00a5744-6e73-4fa1-a928-c24f0d5ffca4/datanode-5/data/ratis/d179e83a-8f52-4b8f-8d11-e327e8683bfb/in_use.lock acquired by nodename 31132@pr-hdds-1569-wvzgm-824869521
2019-09-26 10:52:03,675 [pool-77-thread-1] INFO  storage.RaftStorage (RaftStorage.java:format(72)) - Storage directory /workdir/hadoop-ozone/ozonefs/target/test-dir/MiniOzoneClusterImpl-b00a5744-6e73-4fa1-a928-c24f0d5ffca4/datanode-5/data/ratis/d179e83a-8f52-4b8f-8d11-e327e8683bfb has been successfully formatted.
2019-09-26 10:52:03,675 [pool-77-thread-1] INFO  ratis.ContainerStateMachine (ContainerStateMachine.java:loadSnapshot(230)) - group-E327E8683BFB: The snapshot info is null. Setting the last applied indexto:(t:0, i:~)
2019-09-26 10:52:03,675 [pool-77-thread-1] INFO  server.RaftServerConfigKeys (ConfUtils.java:logGet(43)) - raft.server.notification.no-leader.timeout = 120s (custom)
2019-09-26 10:52:03,675 [pool-77-thread-1] INFO  server.RaftServerConfigKeys (ConfUtils.java:logGet(43)) - raft.server.log.use.memory = false (default)
2019-09-26 10:52:03,676 [pool-77-thread-1] INFO  server.RaftServerConfigKeys (ConfUtils.java:logGet(43)) - raft.server.log.purge.gap = 1000000 (custom)
2019-09-26 10:52:03,676 [pool-77-thread-1] INFO  server.RaftServerConfigKeys (ConfUtils.java:logGet(43)) - raft.server.log.appender.buffer.byte-limit = 33554432 (custom)
2019-09-26 10:52:03,676 [pool-77-thread-1] INFO  server.RaftServerConfigKeys (ConfUtils.java:logGet(43)) - raft.server.log.segment.size.max = 1048576 (custom)
2019-09-26 10:52:03,676 [pool-77-thread-1] INFO  server.RaftServerConfigKeys (ConfUtils.java:logGet(43)) - raft.server.log.segment.cache.num.max = 2 (custom)
2019-09-26 10:52:03,676 [pool-77-thread-1] INFO  segmented.SegmentedRaftLogWorker (SegmentedRaftLogWorker.java:<init>(172)) - new dd9d2e05-3ffa-4f1c-8a80-938e5f4f3192@group-E327E8683BFB-SegmentedRaftLogWorker for RaftStorage:Storage Directory /workdir/hadoop-ozone/ozonefs/target/test-dir/MiniOzoneClusterImpl-b00a5744-6e73-4fa1-a928-c24f0d5ffca4/datanode-5/data/ratis/d179e83a-8f52-4b8f-8d11-e327e8683bfb
2019-09-26 10:52:03,677 [pool-77-thread-1] INFO  server.RaftServerConfigKeys (ConfUtils.java:logGet(43)) - raft.server.log.queue.byte-limit = 2147483647 (custom)
2019-09-26 10:52:03,677 [pool-77-thread-1] INFO  server.RaftServerConfigKeys (ConfUtils.java:logGet(43)) - raft.server.log.queue.element-limit = 1024 (custom)
2019-09-26 10:52:03,677 [pool-77-thread-1] INFO  server.RaftServerConfigKeys (ConfUtils.java:logGet(43)) - raft.server.log.segment.size.max = 1048576 (custom)
2019-09-26 10:52:03,677 [pool-77-thread-1] INFO  server.RaftServerConfigKeys (ConfUtils.java:logGet(43)) - raft.server.log.preallocated.size = 16384 (custom)
2019-09-26 10:52:03,678 [pool-77-thread-1] INFO  server.RaftServerConfigKeys (ConfUtils.java:logGet(43)) - raft.server.log.write.buffer.size = 33554432 (custom)
2019-09-26 10:52:03,678 [pool-77-thread-1] INFO  server.RaftServerConfigKeys (ConfUtils.java:logGet(43)) - raft.server.log.force.sync.num = 128 (default)
2019-09-26 10:52:03,678 [pool-77-thread-1] INFO  server.RaftServerConfigKeys (ConfUtils.java:logGet(43)) - raft.server.log.statemachine.data.sync = true (default)
2019-09-26 10:52:03,680 [pool-77-thread-1] INFO  server.RaftServerConfigKeys (ConfUtils.java:logGet(43)) - raft.server.log.statemachine.data.sync.timeout = 10s (default)
2019-09-26 10:52:03,681 [pool-77-thread-1] INFO  server.RaftServerConfigKeys (ConfUtils.java:logGet(43)) - raft.server.log.statemachine.data.sync.timeout.retry = -1 (default)
2019-09-26 10:52:03,681 [pool-77-thread-1] INFO  server.RaftServerConfigKeys (ConfUtils.java:logGet(43)) - raft.server.log.statemachine.data.caching.enabled = true (custom)
2019-09-26 10:52:03,681 [pool-77-thread-1] INFO  segmented.SegmentedRaftLogWorker (SegmentedRaftLogWorker.java:lambda$new$0(132)) - dd9d2e05-3ffa-4f1c-8a80-938e5f4f3192@group-E327E8683BFB-SegmentedRaftLogWorker: flushIndex: setUnconditionally 0 -> -1
2019-09-26 10:52:03,682 [pool-77-thread-1] INFO  server.RaftServerConfigKeys (ConfUtils.java:logGet(43)) - raft.server.snapshot.auto.trigger.enabled = true (custom)
2019-09-26 10:52:03,682 [pool-77-thread-1] INFO  server.RaftServerConfigKeys (ConfUtils.java:logGet(43)) - raft.server.snapshot.auto.trigger.threshold = 10000 (custom)
2019-09-26 10:52:03,682 [pool-77-thread-1] INFO  server.RaftServerConfigKeys (ConfUtils.java:logGet(43)) - raft.server.snapshot.retention.num.files = 5 (custom)
2019-09-26 10:52:03,682 [pool-77-thread-1] INFO  server.RaftServerConfigKeys (ConfUtils.java:logGet(43)) - raft.server.retrycache.expirytime = 600000ms (custom)
2019-09-26 10:52:03,689 [pool-77-thread-1] INFO  impl.RaftServerImpl (RaftServerImpl.java:start(185)) - dd9d2e05-3ffa-4f1c-8a80-938e5f4f3192@group-E327E8683BFB: start as a follower, conf=-1: [dd9d2e05-3ffa-4f1c-8a80-938e5f4f3192:192.168.30.13:46596], old=null
2019-09-26 10:52:03,689 [pool-77-thread-1] INFO  impl.RaftServerImpl (RaftServerImpl.java:setRole(174)) - dd9d2e05-3ffa-4f1c-8a80-938e5f4f3192@group-E327E8683BFB: changes role from      null to FOLLOWER at term 0 for startAsFollower
2019-09-26 10:52:03,689 [pool-77-thread-1] INFO  impl.RoleInfo (RoleInfo.java:updateAndGet(143)) - dd9d2e05-3ffa-4f1c-8a80-938e5f4f3192: start FollowerState
2019-09-26 10:52:03,690 [pool-77-thread-1] INFO  util.JmxRegister (JmxRegister.java:tryRegister(44)) - Successfully registered JMX Bean with object name Ratis:service=RaftServer,group=group-E327E8683BFB,id=dd9d2e05-3ffa-4f1c-8a80-938e5f4f3192
2019-09-26 10:52:03,695 [RatisPipelineUtilsThread] INFO  pipeline.PipelineStateManager (PipelineStateManager.java:addPipeline(56)) - Created pipeline Pipeline[ Id: d179e83a-8f52-4b8f-8d11-e327e8683bfb, Nodes: dd9d2e05-3ffa-4f1c-8a80-938e5f4f3192{ip: 192.168.30.13, host: pr-hdds-1569-wvzgm-824869521, networkLocation: /default-rack, certSerialId: null}, Type:RATIS, Factor:ONE, State:OPEN]
2019-09-26 10:52:03,710 [grpc-default-executor-0] INFO  impl.RaftServerProxy (RaftServerProxy.java:addNew(89)) - dd9d2e05-3ffa-4f1c-8a80-938e5f4f3192: addNew group-E5D4FD95D687:[dd9d2e05-3ffa-4f1c-8a80-938e5f4f3192:192.168.30.13:46596] returns group-E5D4FD95D687:java.util.concurrent.CompletableFuture@1212d4ac[Not completed]
2019-09-26 10:52:03,711 [pool-77-thread-1] INFO  impl.RaftServerImpl (RaftServerImpl.java:<init>(95)) - dd9d2e05-3ffa-4f1c-8a80-938e5f4f3192: new RaftServerImpl for group-E5D4FD95D687:[dd9d2e05-3ffa-4f1c-8a80-938e5f4f3192:192.168.30.13:46596] with ContainerStateMachine:uninitialized
2019-09-26 10:52:03,712 [pool-77-thread-1] INFO  server.RaftServerConfigKeys (ConfUtils.java:logGet(43)) - raft.server.rpc.timeout.min = 5s (custom)
2019-09-26 10:52:03,712 [pool-77-thread-1] INFO  server.RaftServerConfigKeys (ConfUtils.java:logGet(43)) - raft.server.rpc.timeout.max = 5200ms (custom)
2019-09-26 10:52:03,712 [pool-77-thread-1] INFO  server.RaftServerConfigKeys (ConfUtils.java:logGet(43)) - raft.server.rpcslowness.timeout = 120s (custom)
2019-09-26 10:52:03,712 [pool-77-thread-1] INFO  server.RaftServerConfigKeys (ConfUtils.java:logGet(43)) - raft.server.sleep.deviation.threshold = 300 (default)
2019-09-26 10:52:03,712 [pool-77-thread-1] INFO  server.RaftServerConfigKeys (ConfUtils.java:logGet(43)) - raft.server.log.appender.install.snapshot.enabled = false (custom)
2019-09-26 10:52:03,712 [pool-77-thread-1] INFO  impl.RaftServerImpl (ServerState.java:<init>(103)) - dd9d2e05-3ffa-4f1c-8a80-938e5f4f3192@group-E5D4FD95D687: ConfigurationManager, init=-1: [dd9d2e05-3ffa-4f1c-8a80-938e5f4f3192:192.168.30.13:46596], old=null, confs=<EMPTY_MAP>
2019-09-26 10:52:03,713 [pool-77-thread-1] INFO  server.RaftServerConfigKeys (ConfUtils.java:logGet(43)) - raft.server.storage.dir = [/workdir/hadoop-ozone/ozonefs/target/test-dir/MiniOzoneClusterImpl-b00a5744-6e73-4fa1-a928-c24f0d5ffca4/datanode-5/data/ratis] (custom)
2019-09-26 10:52:03,713 [pool-77-thread-1] INFO  storage.RaftStorageDirectory (RaftStorageDirectory.java:analyzeStorage(246)) - The storage directory /workdir/hadoop-ozone/ozonefs/target/test-dir/MiniOzoneClusterImpl-b00a5744-6e73-4fa1-a928-c24f0d5ffca4/datanode-5/data/ratis/41e1a4cf-2af4-48eb-8469-e5d4fd95d687 does not exist. Creating ...
2019-09-26 10:52:03,728 [pool-77-thread-1] INFO  storage.RaftStorageDirectory (RaftStorageDirectory.java:tryLock(328)) - Lock on /workdir/hadoop-ozone/ozonefs/target/test-dir/MiniOzoneClusterImpl-b00a5744-6e73-4fa1-a928-c24f0d5ffca4/datanode-5/data/ratis/41e1a4cf-2af4-48eb-8469-e5d4fd95d687/in_use.lock acquired by nodename 31132@pr-hdds-1569-wvzgm-824869521
2019-09-26 10:52:03,758 [pool-77-thread-1] INFO  storage.RaftStorage (RaftStorage.java:format(72)) - Storage directory /workdir/hadoop-ozone/ozonefs/target/test-dir/MiniOzoneClusterImpl-b00a5744-6e73-4fa1-a928-c24f0d5ffca4/datanode-5/data/ratis/41e1a4cf-2af4-48eb-8469-e5d4fd95d687 has been successfully formatted.
2019-09-26 10:52:03,758 [pool-77-thread-1] INFO  ratis.ContainerStateMachine (ContainerStateMachine.java:loadSnapshot(230)) - group-E5D4FD95D687: The snapshot info is null. Setting the last applied indexto:(t:0, i:~)
2019-09-26 10:52:03,758 [pool-77-thread-1] INFO  server.RaftServerConfigKeys (ConfUtils.java:logGet(43)) - raft.server.notification.no-leader.timeout = 120s (custom)
2019-09-26 10:52:03,759 [pool-77-thread-1] INFO  server.RaftServerConfigKeys (ConfUtils.java:logGet(43)) - raft.server.log.use.memory = false (default)
2019-09-26 10:52:03,759 [main] INFO  rpc.RpcClient (RpcClient.java:createVolume(276)) - Creating Volume: volume01289, with user52890 as owner.
2019-09-26 10:52:03,759 [pool-77-thread-1] INFO  server.RaftServerConfigKeys (ConfUtils.java:logGet(43)) - raft.server.log.purge.gap = 1000000 (custom)
2019-09-26 10:52:03,759 [pool-77-thread-1] INFO  server.RaftServerConfigKeys (ConfUtils.java:logGet(43)) - raft.server.log.appender.buffer.byte-limit = 33554432 (custom)
2019-09-26 10:52:03,759 [pool-77-thread-1] INFO  server.RaftServerConfigKeys (ConfUtils.java:logGet(43)) - raft.server.log.segment.size.max = 1048576 (custom)
2019-09-26 10:52:03,759 [pool-77-thread-1] INFO  server.RaftServerConfigKeys (ConfUtils.java:logGet(43)) - raft.server.log.segment.cache.num.max = 2 (custom)
2019-09-26 10:52:03,760 [pool-77-thread-1] INFO  segmented.SegmentedRaftLogWorker (SegmentedRaftLogWorker.java:<init>(172)) - new dd9d2e05-3ffa-4f1c-8a80-938e5f4f3192@group-E5D4FD95D687-SegmentedRaftLogWorker for RaftStorage:Storage Directory /workdir/hadoop-ozone/ozonefs/target/test-dir/MiniOzoneClusterImpl-b00a5744-6e73-4fa1-a928-c24f0d5ffca4/datanode-5/data/ratis/41e1a4cf-2af4-48eb-8469-e5d4fd95d687
2019-09-26 10:52:03,760 [pool-77-thread-1] INFO  server.RaftServerConfigKeys (ConfUtils.java:logGet(43)) - raft.server.log.queue.byte-limit = 2147483647 (custom)
2019-09-26 10:52:03,760 [pool-77-thread-1] INFO  server.RaftServerConfigKeys (ConfUtils.java:logGet(43)) - raft.server.log.queue.element-limit = 1024 (custom)
2019-09-26 10:52:03,760 [pool-77-thread-1] INFO  server.RaftServerConfigKeys (ConfUtils.java:logGet(43)) - raft.server.log.segment.size.max = 1048576 (custom)
2019-09-26 10:52:03,760 [pool-77-thread-1] INFO  server.RaftServerConfigKeys (ConfUtils.java:logGet(43)) - raft.server.log.preallocated.size = 16384 (custom)
2019-09-26 10:52:03,760 [pool-77-thread-1] INFO  server.RaftServerConfigKeys (ConfUtils.java:logGet(43)) - raft.server.log.write.buffer.size = 33554432 (custom)
2019-09-26 10:52:03,760 [pool-77-thread-1] INFO  server.RaftServerConfigKeys (ConfUtils.java:logGet(43)) - raft.server.log.force.sync.num = 128 (default)
2019-09-26 10:52:03,761 [pool-77-thread-1] INFO  server.RaftServerConfigKeys (ConfUtils.java:logGet(43)) - raft.server.log.statemachine.data.sync = true (default)
2019-09-26 10:52:03,761 [pool-77-thread-1] INFO  server.RaftServerConfigKeys (ConfUtils.java:logGet(43)) - raft.server.log.statemachine.data.sync.timeout = 10s (default)
2019-09-26 10:52:03,761 [pool-77-thread-1] INFO  server.RaftServerConfigKeys (ConfUtils.java:logGet(43)) - raft.server.log.statemachine.data.sync.timeout.retry = -1 (default)
2019-09-26 10:52:03,761 [pool-77-thread-1] INFO  server.RaftServerConfigKeys (ConfUtils.java:logGet(43)) - raft.server.log.statemachine.data.caching.enabled = true (custom)
2019-09-26 10:52:03,761 [pool-77-thread-1] INFO  segmented.SegmentedRaftLogWorker (SegmentedRaftLogWorker.java:lambda$new$0(132)) - dd9d2e05-3ffa-4f1c-8a80-938e5f4f3192@group-E5D4FD95D687-SegmentedRaftLogWorker: flushIndex: setUnconditionally 0 -> -1
2019-09-26 10:52:03,762 [pool-77-thread-1] INFO  server.RaftServerConfigKeys (ConfUtils.java:logGet(43)) - raft.server.snapshot.auto.trigger.enabled = true (custom)
2019-09-26 10:52:03,762 [pool-77-thread-1] INFO  server.RaftServerConfigKeys (ConfUtils.java:logGet(43)) - raft.server.snapshot.auto.trigger.threshold = 10000 (custom)
2019-09-26 10:52:03,762 [pool-77-thread-1] INFO  server.RaftServerConfigKeys (ConfUtils.java:logGet(43)) - raft.server.snapshot.retention.num.files = 5 (custom)
2019-09-26 10:52:03,762 [pool-77-thread-1] INFO  server.RaftServerConfigKeys (ConfUtils.java:logGet(43)) - raft.server.retrycache.expirytime = 600000ms (custom)
2019-09-26 10:52:03,767 [pool-77-thread-1] INFO  impl.RaftServerImpl (RaftServerImpl.java:start(185)) - dd9d2e05-3ffa-4f1c-8a80-938e5f4f3192@group-E5D4FD95D687: start as a follower, conf=-1: [dd9d2e05-3ffa-4f1c-8a80-938e5f4f3192:192.168.30.13:46596], old=null
2019-09-26 10:52:03,767 [pool-77-thread-1] INFO  impl.RaftServerImpl (RaftServerImpl.java:setRole(174)) - dd9d2e05-3ffa-4f1c-8a80-938e5f4f3192@group-E5D4FD95D687: changes role from      null to FOLLOWER at term 0 for startAsFollower
2019-09-26 10:52:03,768 [pool-77-thread-1] INFO  impl.RoleInfo (RoleInfo.java:updateAndGet(143)) - dd9d2e05-3ffa-4f1c-8a80-938e5f4f3192: start FollowerState
2019-09-26 10:52:03,768 [pool-77-thread-1] INFO  util.JmxRegister (JmxRegister.java:tryRegister(44)) - Successfully registered JMX Bean with object name Ratis:service=RaftServer,group=group-E5D4FD95D687,id=dd9d2e05-3ffa-4f1c-8a80-938e5f4f3192
2019-09-26 10:52:03,774 [RatisPipelineUtilsThread] INFO  pipeline.PipelineStateManager (PipelineStateManager.java:addPipeline(56)) - Created pipeline Pipeline[ Id: 41e1a4cf-2af4-48eb-8469-e5d4fd95d687, Nodes: dd9d2e05-3ffa-4f1c-8a80-938e5f4f3192{ip: 192.168.30.13, host: pr-hdds-1569-wvzgm-824869521, networkLocation: /default-rack, certSerialId: null}, Type:RATIS, Factor:ONE, State:OPEN]
2019-09-26 10:52:03,787 [grpc-default-executor-0] INFO  impl.RaftServerProxy (RaftServerProxy.java:addNew(89)) - c0d2ea87-aa22-42eb-bba4-0246f89d2958: addNew group-D5E790582447:[c0d2ea87-aa22-42eb-bba4-0246f89d2958:192.168.30.13:46118] returns group-D5E790582447:java.util.concurrent.CompletableFuture@5e45a865[Not completed]
2019-09-26 10:52:03,789 [pool-67-thread-1] INFO  impl.RaftServerImpl (RaftServerImpl.java:<init>(95)) - c0d2ea87-aa22-42eb-bba4-0246f89d2958: new RaftServerImpl for group-D5E790582447:[c0d2ea87-aa22-42eb-bba4-0246f89d2958:192.168.30.13:46118] with ContainerStateMachine:uninitialized
2019-09-26 10:52:03,790 [pool-67-thread-1] INFO  server.RaftServerConfigKeys (ConfUtils.java:logGet(43)) - raft.server.rpc.timeout.min = 5s (custom)
2019-09-26 10:52:03,790 [pool-67-thread-1] INFO  server.RaftServerConfigKeys (ConfUtils.java:logGet(43)) - raft.server.rpc.timeout.max = 5200ms (custom)
2019-09-26 10:52:03,790 [pool-67-thread-1] INFO  server.RaftServerConfigKeys (ConfUtils.java:logGet(43)) - raft.server.rpcslowness.timeout = 120s (custom)
2019-09-26 10:52:03,790 [pool-67-thread-1] INFO  server.RaftServerConfigKeys (ConfUtils.java:logGet(43)) - raft.server.sleep.deviation.threshold = 300 (default)
2019-09-26 10:52:03,790 [pool-67-thread-1] INFO  server.RaftServerConfigKeys (ConfUtils.java:logGet(43)) - raft.server.log.appender.install.snapshot.enabled = false (custom)
2019-09-26 10:52:03,791 [pool-67-thread-1] INFO  impl.RaftServerImpl (ServerState.java:<init>(103)) - c0d2ea87-aa22-42eb-bba4-0246f89d2958@group-D5E790582447: ConfigurationManager, init=-1: [c0d2ea87-aa22-42eb-bba4-0246f89d2958:192.168.30.13:46118], old=null, confs=<EMPTY_MAP>
2019-09-26 10:52:03,791 [pool-67-thread-1] INFO  server.RaftServerConfigKeys (ConfUtils.java:logGet(43)) - raft.server.storage.dir = [/workdir/hadoop-ozone/ozonefs/target/test-dir/MiniOzoneClusterImpl-b00a5744-6e73-4fa1-a928-c24f0d5ffca4/datanode-4/data/ratis] (custom)
2019-09-26 10:52:03,791 [pool-67-thread-1] INFO  storage.RaftStorageDirectory (RaftStorageDirectory.java:analyzeStorage(246)) - The storage directory /workdir/hadoop-ozone/ozonefs/target/test-dir/MiniOzoneClusterImpl-b00a5744-6e73-4fa1-a928-c24f0d5ffca4/datanode-4/data/ratis/300cbb83-5066-4c08-b8f7-d5e790582447 does not exist. Creating ...
2019-09-26 10:52:03,804 [pool-67-thread-1] INFO  storage.RaftStorageDirectory (RaftStorageDirectory.java:tryLock(328)) - Lock on /workdir/hadoop-ozone/ozonefs/target/test-dir/MiniOzoneClusterImpl-b00a5744-6e73-4fa1-a928-c24f0d5ffca4/datanode-4/data/ratis/300cbb83-5066-4c08-b8f7-d5e790582447/in_use.lock acquired by nodename 31132@pr-hdds-1569-wvzgm-824869521
2019-09-26 10:52:03,828 [pool-67-thread-1] INFO  storage.RaftStorage (RaftStorage.java:format(72)) - Storage directory /workdir/hadoop-ozone/ozonefs/target/test-dir/MiniOzoneClusterImpl-b00a5744-6e73-4fa1-a928-c24f0d5ffca4/datanode-4/data/ratis/300cbb83-5066-4c08-b8f7-d5e790582447 has been successfully formatted.
2019-09-26 10:52:03,838 [pool-67-thread-1] INFO  ratis.ContainerStateMachine (ContainerStateMachine.java:loadSnapshot(230)) - group-D5E790582447: The snapshot info is null. Setting the last applied indexto:(t:0, i:~)
2019-09-26 10:52:03,839 [pool-67-thread-1] INFO  server.RaftServerConfigKeys (ConfUtils.java:logGet(43)) - raft.server.notification.no-leader.timeout = 120s (custom)
2019-09-26 10:52:03,839 [pool-67-thread-1] INFO  server.RaftServerConfigKeys (ConfUtils.java:logGet(43)) - raft.server.log.use.memory = false (default)
2019-09-26 10:52:03,839 [pool-67-thread-1] INFO  server.RaftServerConfigKeys (ConfUtils.java:logGet(43)) - raft.server.log.purge.gap = 1000000 (custom)
2019-09-26 10:52:03,840 [pool-67-thread-1] INFO  server.RaftServerConfigKeys (ConfUtils.java:logGet(43)) - raft.server.log.appender.buffer.byte-limit = 33554432 (custom)
2019-09-26 10:52:03,840 [pool-67-thread-1] INFO  server.RaftServerConfigKeys (ConfUtils.java:logGet(43)) - raft.server.log.segment.size.max = 1048576 (custom)
2019-09-26 10:52:03,840 [pool-67-thread-1] INFO  server.RaftServerConfigKeys (ConfUtils.java:logGet(43)) - raft.server.log.segment.cache.num.max = 2 (custom)
2019-09-26 10:52:03,840 [pool-67-thread-1] INFO  segmented.SegmentedRaftLogWorker (SegmentedRaftLogWorker.java:<init>(172)) - new c0d2ea87-aa22-42eb-bba4-0246f89d2958@group-D5E790582447-SegmentedRaftLogWorker for RaftStorage:Storage Directory /workdir/hadoop-ozone/ozonefs/target/test-dir/MiniOzoneClusterImpl-b00a5744-6e73-4fa1-a928-c24f0d5ffca4/datanode-4/data/ratis/300cbb83-5066-4c08-b8f7-d5e790582447
2019-09-26 10:52:03,841 [pool-67-thread-1] INFO  server.RaftServerConfigKeys (ConfUtils.java:logGet(43)) - raft.server.log.queue.byte-limit = 2147483647 (custom)
2019-09-26 10:52:03,841 [pool-67-thread-1] INFO  server.RaftServerConfigKeys (ConfUtils.java:logGet(43)) - raft.server.log.queue.element-limit = 1024 (custom)
2019-09-26 10:52:03,841 [pool-67-thread-1] INFO  server.RaftServerConfigKeys (ConfUtils.java:logGet(43)) - raft.server.log.segment.size.max = 1048576 (custom)
2019-09-26 10:52:03,841 [pool-67-thread-1] INFO  server.RaftServerConfigKeys (ConfUtils.java:logGet(43)) - raft.server.log.preallocated.size = 16384 (custom)
2019-09-26 10:52:03,842 [pool-67-thread-1] INFO  server.RaftServerConfigKeys (ConfUtils.java:logGet(43)) - raft.server.log.write.buffer.size = 33554432 (custom)
2019-09-26 10:52:03,842 [pool-67-thread-1] INFO  server.RaftServerConfigKeys (ConfUtils.java:logGet(43)) - raft.server.log.force.sync.num = 128 (default)
2019-09-26 10:52:03,842 [pool-67-thread-1] INFO  server.RaftServerConfigKeys (ConfUtils.java:logGet(43)) - raft.server.log.statemachine.data.sync = true (default)
2019-09-26 10:52:03,842 [pool-67-thread-1] INFO  server.RaftServerConfigKeys (ConfUtils.java:logGet(43)) - raft.server.log.statemachine.data.sync.timeout = 10s (default)
2019-09-26 10:52:03,843 [pool-67-thread-1] INFO  server.RaftServerConfigKeys (ConfUtils.java:logGet(43)) - raft.server.log.statemachine.data.sync.timeout.retry = -1 (default)
2019-09-26 10:52:03,843 [pool-67-thread-1] INFO  server.RaftServerConfigKeys (ConfUtils.java:logGet(43)) - raft.server.log.statemachine.data.caching.enabled = true (custom)
2019-09-26 10:52:03,843 [pool-67-thread-1] INFO  segmented.SegmentedRaftLogWorker (SegmentedRaftLogWorker.java:lambda$new$0(132)) - c0d2ea87-aa22-42eb-bba4-0246f89d2958@group-D5E790582447-SegmentedRaftLogWorker: flushIndex: setUnconditionally 0 -> -1
2019-09-26 10:52:03,844 [pool-67-thread-1] INFO  server.RaftServerConfigKeys (ConfUtils.java:logGet(43)) - raft.server.snapshot.auto.trigger.enabled = true (custom)
2019-09-26 10:52:03,844 [pool-67-thread-1] INFO  server.RaftServerConfigKeys (ConfUtils.java:logGet(43)) - raft.server.snapshot.auto.trigger.threshold = 10000 (custom)
2019-09-26 10:52:03,844 [pool-67-thread-1] INFO  server.RaftServerConfigKeys (ConfUtils.java:logGet(43)) - raft.server.snapshot.retention.num.files = 5 (custom)
2019-09-26 10:52:03,845 [pool-67-thread-1] INFO  server.RaftServerConfigKeys (ConfUtils.java:logGet(43)) - raft.server.retrycache.expirytime = 600000ms (custom)
2019-09-26 10:52:03,849 [pool-67-thread-1] INFO  impl.RaftServerImpl (RaftServerImpl.java:start(185)) - c0d2ea87-aa22-42eb-bba4-0246f89d2958@group-D5E790582447: start as a follower, conf=-1: [c0d2ea87-aa22-42eb-bba4-0246f89d2958:192.168.30.13:46118], old=null
2019-09-26 10:52:03,850 [pool-67-thread-1] INFO  impl.RaftServerImpl (RaftServerImpl.java:setRole(174)) - c0d2ea87-aa22-42eb-bba4-0246f89d2958@group-D5E790582447: changes role from      null to FOLLOWER at term 0 for startAsFollower
2019-09-26 10:52:03,850 [pool-67-thread-1] INFO  impl.RoleInfo (RoleInfo.java:updateAndGet(143)) - c0d2ea87-aa22-42eb-bba4-0246f89d2958: start FollowerState
2019-09-26 10:52:03,851 [pool-67-thread-1] INFO  util.JmxRegister (JmxRegister.java:tryRegister(44)) - Successfully registered JMX Bean with object name Ratis:service=RaftServer,group=group-D5E790582447,id=c0d2ea87-aa22-42eb-bba4-0246f89d2958
2019-09-26 10:52:03,857 [RatisPipelineUtilsThread] INFO  pipeline.PipelineStateManager (PipelineStateManager.java:addPipeline(56)) - Created pipeline Pipeline[ Id: 300cbb83-5066-4c08-b8f7-d5e790582447, Nodes: c0d2ea87-aa22-42eb-bba4-0246f89d2958{ip: 192.168.30.13, host: pr-hdds-1569-wvzgm-824869521, networkLocation: /default-rack, certSerialId: null}, Type:RATIS, Factor:ONE, State:OPEN]
2019-09-26 10:52:03,893 [grpc-default-executor-0] INFO  impl.RaftServerProxy (RaftServerProxy.java:addNew(89)) - 2253380d-6ddc-421c-86f6-26acdb90a8c4: addNew group-49BB5AFF5A72:[2253380d-6ddc-421c-86f6-26acdb90a8c4:192.168.30.13:39629] returns group-49BB5AFF5A72:java.util.concurrent.CompletableFuture@1dbe9ebe[Not completed]
2019-09-26 10:52:03,895 [pool-57-thread-1] INFO  impl.RaftServerImpl (RaftServerImpl.java:<init>(95)) - 2253380d-6ddc-421c-86f6-26acdb90a8c4: new RaftServerImpl for group-49BB5AFF5A72:[2253380d-6ddc-421c-86f6-26acdb90a8c4:192.168.30.13:39629] with ContainerStateMachine:uninitialized
2019-09-26 10:52:03,895 [pool-57-thread-1] INFO  server.RaftServerConfigKeys (ConfUtils.java:logGet(43)) - raft.server.rpc.timeout.min = 5s (custom)
2019-09-26 10:52:03,895 [pool-57-thread-1] INFO  server.RaftServerConfigKeys (ConfUtils.java:logGet(43)) - raft.server.rpc.timeout.max = 5200ms (custom)
2019-09-26 10:52:03,896 [pool-57-thread-1] INFO  server.RaftServerConfigKeys (ConfUtils.java:logGet(43)) - raft.server.rpcslowness.timeout = 120s (custom)
2019-09-26 10:52:03,896 [pool-57-thread-1] INFO  server.RaftServerConfigKeys (ConfUtils.java:logGet(43)) - raft.server.sleep.deviation.threshold = 300 (default)
2019-09-26 10:52:03,896 [pool-57-thread-1] INFO  server.RaftServerConfigKeys (ConfUtils.java:logGet(43)) - raft.server.log.appender.install.snapshot.enabled = false (custom)
2019-09-26 10:52:03,896 [pool-57-thread-1] INFO  impl.RaftServerImpl (ServerState.java:<init>(103)) - 2253380d-6ddc-421c-86f6-26acdb90a8c4@group-49BB5AFF5A72: ConfigurationManager, init=-1: [2253380d-6ddc-421c-86f6-26acdb90a8c4:192.168.30.13:39629], old=null, confs=<EMPTY_MAP>
2019-09-26 10:52:03,896 [pool-57-thread-1] INFO  server.RaftServerConfigKeys (ConfUtils.java:logGet(43)) - raft.server.storage.dir = [/workdir/hadoop-ozone/ozonefs/target/test-dir/MiniOzoneClusterImpl-b00a5744-6e73-4fa1-a928-c24f0d5ffca4/datanode-3/data/ratis] (custom)
2019-09-26 10:52:03,897 [pool-57-thread-1] INFO  storage.RaftStorageDirectory (RaftStorageDirectory.java:analyzeStorage(246)) - The storage directory /workdir/hadoop-ozone/ozonefs/target/test-dir/MiniOzoneClusterImpl-b00a5744-6e73-4fa1-a928-c24f0d5ffca4/datanode-3/data/ratis/ac58335d-98e5-4a63-918a-49bb5aff5a72 does not exist. Creating ...
2019-09-26 10:52:03,910 [pool-57-thread-1] INFO  storage.RaftStorageDirectory (RaftStorageDirectory.java:tryLock(328)) - Lock on /workdir/hadoop-ozone/ozonefs/target/test-dir/MiniOzoneClusterImpl-b00a5744-6e73-4fa1-a928-c24f0d5ffca4/datanode-3/data/ratis/ac58335d-98e5-4a63-918a-49bb5aff5a72/in_use.lock acquired by nodename 31132@pr-hdds-1569-wvzgm-824869521
2019-09-26 10:52:03,926 [pool-57-thread-1] INFO  storage.RaftStorage (RaftStorage.java:format(72)) - Storage directory /workdir/hadoop-ozone/ozonefs/target/test-dir/MiniOzoneClusterImpl-b00a5744-6e73-4fa1-a928-c24f0d5ffca4/datanode-3/data/ratis/ac58335d-98e5-4a63-918a-49bb5aff5a72 has been successfully formatted.
2019-09-26 10:52:03,926 [pool-57-thread-1] INFO  ratis.ContainerStateMachine (ContainerStateMachine.java:loadSnapshot(230)) - group-49BB5AFF5A72: The snapshot info is null. Setting the last applied indexto:(t:0, i:~)
2019-09-26 10:52:03,927 [pool-57-thread-1] INFO  server.RaftServerConfigKeys (ConfUtils.java:logGet(43)) - raft.server.notification.no-leader.timeout = 120s (custom)
2019-09-26 10:52:03,927 [pool-57-thread-1] INFO  server.RaftServerConfigKeys (ConfUtils.java:logGet(43)) - raft.server.log.use.memory = false (default)
2019-09-26 10:52:03,927 [pool-57-thread-1] INFO  server.RaftServerConfigKeys (ConfUtils.java:logGet(43)) - raft.server.log.purge.gap = 1000000 (custom)
2019-09-26 10:52:03,927 [pool-57-thread-1] INFO  server.RaftServerConfigKeys (ConfUtils.java:logGet(43)) - raft.server.log.appender.buffer.byte-limit = 33554432 (custom)
2019-09-26 10:52:03,927 [pool-57-thread-1] INFO  server.RaftServerConfigKeys (ConfUtils.java:logGet(43)) - raft.server.log.segment.size.max = 1048576 (custom)
2019-09-26 10:52:03,928 [pool-57-thread-1] INFO  server.RaftServerConfigKeys (ConfUtils.java:logGet(43)) - raft.server.log.segment.cache.num.max = 2 (custom)
2019-09-26 10:52:03,928 [pool-57-thread-1] INFO  segmented.SegmentedRaftLogWorker (SegmentedRaftLogWorker.java:<init>(172)) - new 2253380d-6ddc-421c-86f6-26acdb90a8c4@group-49BB5AFF5A72-SegmentedRaftLogWorker for RaftStorage:Storage Directory /workdir/hadoop-ozone/ozonefs/target/test-dir/MiniOzoneClusterImpl-b00a5744-6e73-4fa1-a928-c24f0d5ffca4/datanode-3/data/ratis/ac58335d-98e5-4a63-918a-49bb5aff5a72
2019-09-26 10:52:03,928 [pool-57-thread-1] INFO  server.RaftServerConfigKeys (ConfUtils.java:logGet(43)) - raft.server.log.queue.byte-limit = 2147483647 (custom)
2019-09-26 10:52:03,928 [pool-57-thread-1] INFO  server.RaftServerConfigKeys (ConfUtils.java:logGet(43)) - raft.server.log.queue.element-limit = 1024 (custom)
2019-09-26 10:52:03,928 [pool-57-thread-1] INFO  server.RaftServerConfigKeys (ConfUtils.java:logGet(43)) - raft.server.log.segment.size.max = 1048576 (custom)
2019-09-26 10:52:03,929 [pool-57-thread-1] INFO  server.RaftServerConfigKeys (ConfUtils.java:logGet(43)) - raft.server.log.preallocated.size = 16384 (custom)
2019-09-26 10:52:03,929 [pool-57-thread-1] INFO  server.RaftServerConfigKeys (ConfUtils.java:logGet(43)) - raft.server.log.write.buffer.size = 33554432 (custom)
2019-09-26 10:52:03,929 [pool-57-thread-1] INFO  server.RaftServerConfigKeys (ConfUtils.java:logGet(43)) - raft.server.log.force.sync.num = 128 (default)
2019-09-26 10:52:03,929 [pool-57-thread-1] INFO  server.RaftServerConfigKeys (ConfUtils.java:logGet(43)) - raft.server.log.statemachine.data.sync = true (default)
2019-09-26 10:52:03,929 [pool-57-thread-1] INFO  server.RaftServerConfigKeys (ConfUtils.java:logGet(43)) - raft.server.log.statemachine.data.sync.timeout = 10s (default)
2019-09-26 10:52:03,929 [pool-57-thread-1] INFO  server.RaftServerConfigKeys (ConfUtils.java:logGet(43)) - raft.server.log.statemachine.data.sync.timeout.retry = -1 (default)
2019-09-26 10:52:03,930 [pool-57-thread-1] INFO  server.RaftServerConfigKeys (ConfUtils.java:logGet(43)) - raft.server.log.statemachine.data.caching.enabled = true (custom)
2019-09-26 10:52:03,930 [pool-57-thread-1] INFO  segmented.SegmentedRaftLogWorker (SegmentedRaftLogWorker.java:lambda$new$0(132)) - 2253380d-6ddc-421c-86f6-26acdb90a8c4@group-49BB5AFF5A72-SegmentedRaftLogWorker: flushIndex: setUnconditionally 0 -> -1
2019-09-26 10:52:03,931 [pool-57-thread-1] INFO  server.RaftServerConfigKeys (ConfUtils.java:logGet(43)) - raft.server.snapshot.auto.trigger.enabled = true (custom)
2019-09-26 10:52:03,931 [pool-57-thread-1] INFO  server.RaftServerConfigKeys (ConfUtils.java:logGet(43)) - raft.server.snapshot.auto.trigger.threshold = 10000 (custom)
2019-09-26 10:52:03,931 [pool-57-thread-1] INFO  server.RaftServerConfigKeys (ConfUtils.java:logGet(43)) - raft.server.snapshot.retention.num.files = 5 (custom)
2019-09-26 10:52:03,931 [pool-57-thread-1] INFO  server.RaftServerConfigKeys (ConfUtils.java:logGet(43)) - raft.server.retrycache.expirytime = 600000ms (custom)
2019-09-26 10:52:04,076 [IPC Server handler 19 on 45150] INFO  volume.OMVolumeCreateRequest (OMVolumeCreateRequest.java:validateAndUpdateCache(189)) - created volume:volume01289 for user:user52890
2019-09-26 10:52:04,304 [main] INFO  rpc.RpcClient (RpcClient.java:createBucket(415)) - Creating Bucket: volume01289/bucket35835, with Versioning false and Storage Type set to DISK and Encryption set to false 
2019-09-26 10:52:04,995 [Thread-283] INFO  container.ReplicationManager (ReplicationManager.java:start(163)) - Starting Replication Monitor Thread.
2019-09-26 10:52:04,998 [ReplicationMonitor] INFO  container.ReplicationManager (ReplicationManager.java:run(226)) - Replication Monitor Thread took 0 milliseconds for processing 0 containers.
2019-09-26 10:52:04,999 [pool-57-thread-1] INFO  impl.RaftServerImpl (RaftServerImpl.java:start(185)) - 2253380d-6ddc-421c-86f6-26acdb90a8c4@group-49BB5AFF5A72: start as a follower, conf=-1: [2253380d-6ddc-421c-86f6-26acdb90a8c4:192.168.30.13:39629], old=null
2019-09-26 10:52:05,000 [pool-57-thread-1] INFO  impl.RaftServerImpl (RaftServerImpl.java:setRole(174)) - 2253380d-6ddc-421c-86f6-26acdb90a8c4@group-49BB5AFF5A72: changes role from      null to FOLLOWER at term 0 for startAsFollower
2019-09-26 10:52:05,000 [pool-57-thread-1] INFO  impl.RoleInfo (RoleInfo.java:updateAndGet(143)) - 2253380d-6ddc-421c-86f6-26acdb90a8c4: start FollowerState
2019-09-26 10:52:05,011 [pool-57-thread-1] INFO  util.JmxRegister (JmxRegister.java:tryRegister(44)) - Successfully registered JMX Bean with object name Ratis:service=RaftServer,group=group-49BB5AFF5A72,id=2253380d-6ddc-421c-86f6-26acdb90a8c4
2019-09-26 10:52:05,047 [RatisPipelineUtilsThread] INFO  pipeline.PipelineStateManager (PipelineStateManager.java:addPipeline(56)) - Created pipeline Pipeline[ Id: ac58335d-98e5-4a63-918a-49bb5aff5a72, Nodes: 2253380d-6ddc-421c-86f6-26acdb90a8c4{ip: 192.168.30.13, host: pr-hdds-1569-wvzgm-824869521, networkLocation: /default-rack, certSerialId: null}, Type:RATIS, Factor:ONE, State:OPEN]
2019-09-26 10:52:05,066 [grpc-default-executor-0] INFO  impl.RaftServerProxy (RaftServerProxy.java:addNew(89)) - 557f9f1f-13f1-4e9a-b9bb-f7fbe560edab: addNew group-281DB5813A67:[557f9f1f-13f1-4e9a-b9bb-f7fbe560edab:192.168.30.13:38394] returns group-281DB5813A67:java.util.concurrent.CompletableFuture@43497782[Not completed]
2019-09-26 10:52:05,071 [pool-107-thread-1] INFO  impl.RaftServerImpl (RaftServerImpl.java:<init>(95)) - 557f9f1f-13f1-4e9a-b9bb-f7fbe560edab: new RaftServerImpl for group-281DB5813A67:[557f9f1f-13f1-4e9a-b9bb-f7fbe560edab:192.168.30.13:38394] with ContainerStateMachine:uninitialized
2019-09-26 10:52:05,072 [pool-107-thread-1] INFO  server.RaftServerConfigKeys (ConfUtils.java:logGet(43)) - raft.server.rpc.timeout.min = 5s (custom)
2019-09-26 10:52:05,072 [pool-107-thread-1] INFO  server.RaftServerConfigKeys (ConfUtils.java:logGet(43)) - raft.server.rpc.timeout.max = 5200ms (custom)
2019-09-26 10:52:05,072 [pool-107-thread-1] INFO  server.RaftServerConfigKeys (ConfUtils.java:logGet(43)) - raft.server.rpcslowness.timeout = 120s (custom)
2019-09-26 10:52:05,072 [pool-107-thread-1] INFO  server.RaftServerConfigKeys (ConfUtils.java:logGet(43)) - raft.server.sleep.deviation.threshold = 300 (default)
2019-09-26 10:52:05,072 [pool-107-thread-1] INFO  server.RaftServerConfigKeys (ConfUtils.java:logGet(43)) - raft.server.log.appender.install.snapshot.enabled = false (custom)
2019-09-26 10:52:05,073 [pool-107-thread-1] INFO  impl.RaftServerImpl (ServerState.java:<init>(103)) - 557f9f1f-13f1-4e9a-b9bb-f7fbe560edab@group-281DB5813A67: ConfigurationManager, init=-1: [557f9f1f-13f1-4e9a-b9bb-f7fbe560edab:192.168.30.13:38394], old=null, confs=<EMPTY_MAP>
2019-09-26 10:52:05,073 [pool-107-thread-1] INFO  server.RaftServerConfigKeys (ConfUtils.java:logGet(43)) - raft.server.storage.dir = [/workdir/hadoop-ozone/ozonefs/target/test-dir/MiniOzoneClusterImpl-b00a5744-6e73-4fa1-a928-c24f0d5ffca4/datanode-8/data/ratis] (custom)
2019-09-26 10:52:05,073 [pool-107-thread-1] INFO  storage.RaftStorageDirectory (RaftStorageDirectory.java:analyzeStorage(246)) - The storage directory /workdir/hadoop-ozone/ozonefs/target/test-dir/MiniOzoneClusterImpl-b00a5744-6e73-4fa1-a928-c24f0d5ffca4/datanode-8/data/ratis/c7f83634-6d8c-479f-9131-281db5813a67 does not exist. Creating ...
2019-09-26 10:52:05,087 [pool-107-thread-1] INFO  storage.RaftStorageDirectory (RaftStorageDirectory.java:tryLock(328)) - Lock on /workdir/hadoop-ozone/ozonefs/target/test-dir/MiniOzoneClusterImpl-b00a5744-6e73-4fa1-a928-c24f0d5ffca4/datanode-8/data/ratis/c7f83634-6d8c-479f-9131-281db5813a67/in_use.lock acquired by nodename 31132@pr-hdds-1569-wvzgm-824869521
2019-09-26 10:52:05,100 [pool-107-thread-1] INFO  storage.RaftStorage (RaftStorage.java:format(72)) - Storage directory /workdir/hadoop-ozone/ozonefs/target/test-dir/MiniOzoneClusterImpl-b00a5744-6e73-4fa1-a928-c24f0d5ffca4/datanode-8/data/ratis/c7f83634-6d8c-479f-9131-281db5813a67 has been successfully formatted.
2019-09-26 10:52:05,100 [pool-107-thread-1] INFO  ratis.ContainerStateMachine (ContainerStateMachine.java:loadSnapshot(230)) - group-281DB5813A67: The snapshot info is null. Setting the last applied indexto:(t:0, i:~)
2019-09-26 10:52:05,101 [pool-107-thread-1] INFO  server.RaftServerConfigKeys (ConfUtils.java:logGet(43)) - raft.server.notification.no-leader.timeout = 120s (custom)
2019-09-26 10:52:05,101 [pool-107-thread-1] INFO  server.RaftServerConfigKeys (ConfUtils.java:logGet(43)) - raft.server.log.use.memory = false (default)
2019-09-26 10:52:05,101 [pool-107-thread-1] INFO  server.RaftServerConfigKeys (ConfUtils.java:logGet(43)) - raft.server.log.purge.gap = 1000000 (custom)
2019-09-26 10:52:05,101 [pool-107-thread-1] INFO  server.RaftServerConfigKeys (ConfUtils.java:logGet(43)) - raft.server.log.appender.buffer.byte-limit = 33554432 (custom)
2019-09-26 10:52:05,101 [pool-107-thread-1] INFO  server.RaftServerConfigKeys (ConfUtils.java:logGet(43)) - raft.server.log.segment.size.max = 1048576 (custom)
2019-09-26 10:52:05,102 [pool-107-thread-1] INFO  server.RaftServerConfigKeys (ConfUtils.java:logGet(43)) - raft.server.log.segment.cache.num.max = 2 (custom)
2019-09-26 10:52:05,102 [pool-107-thread-1] INFO  segmented.SegmentedRaftLogWorker (SegmentedRaftLogWorker.java:<init>(172)) - new 557f9f1f-13f1-4e9a-b9bb-f7fbe560edab@group-281DB5813A67-SegmentedRaftLogWorker for RaftStorage:Storage Directory /workdir/hadoop-ozone/ozonefs/target/test-dir/MiniOzoneClusterImpl-b00a5744-6e73-4fa1-a928-c24f0d5ffca4/datanode-8/data/ratis/c7f83634-6d8c-479f-9131-281db5813a67
2019-09-26 10:52:05,105 [pool-107-thread-1] INFO  server.RaftServerConfigKeys (ConfUtils.java:logGet(43)) - raft.server.log.queue.byte-limit = 2147483647 (custom)
2019-09-26 10:52:05,105 [pool-107-thread-1] INFO  server.RaftServerConfigKeys (ConfUtils.java:logGet(43)) - raft.server.log.queue.element-limit = 1024 (custom)
2019-09-26 10:52:05,105 [pool-107-thread-1] INFO  server.RaftServerConfigKeys (ConfUtils.java:logGet(43)) - raft.server.log.segment.size.max = 1048576 (custom)
2019-09-26 10:52:05,105 [pool-107-thread-1] INFO  server.RaftServerConfigKeys (ConfUtils.java:logGet(43)) - raft.server.log.preallocated.size = 16384 (custom)
2019-09-26 10:52:05,105 [pool-107-thread-1] INFO  server.RaftServerConfigKeys (ConfUtils.java:logGet(43)) - raft.server.log.write.buffer.size = 33554432 (custom)
2019-09-26 10:52:05,106 [pool-107-thread-1] INFO  server.RaftServerConfigKeys (ConfUtils.java:logGet(43)) - raft.server.log.force.sync.num = 128 (default)
2019-09-26 10:52:05,106 [pool-107-thread-1] INFO  server.RaftServerConfigKeys (ConfUtils.java:logGet(43)) - raft.server.log.statemachine.data.sync = true (default)
2019-09-26 10:52:05,106 [pool-107-thread-1] INFO  server.RaftServerConfigKeys (ConfUtils.java:logGet(43)) - raft.server.log.statemachine.data.sync.timeout = 10s (default)
2019-09-26 10:52:05,106 [pool-107-thread-1] INFO  server.RaftServerConfigKeys (ConfUtils.java:logGet(43)) - raft.server.log.statemachine.data.sync.timeout.retry = -1 (default)
2019-09-26 10:52:05,106 [pool-107-thread-1] INFO  server.RaftServerConfigKeys (ConfUtils.java:logGet(43)) - raft.server.log.statemachine.data.caching.enabled = true (custom)
2019-09-26 10:52:05,107 [pool-107-thread-1] INFO  segmented.SegmentedRaftLogWorker (SegmentedRaftLogWorker.java:lambda$new$0(132)) - 557f9f1f-13f1-4e9a-b9bb-f7fbe560edab@group-281DB5813A67-SegmentedRaftLogWorker: flushIndex: setUnconditionally 0 -> -1
2019-09-26 10:52:05,107 [pool-107-thread-1] INFO  server.RaftServerConfigKeys (ConfUtils.java:logGet(43)) - raft.server.snapshot.auto.trigger.enabled = true (custom)
2019-09-26 10:52:05,107 [pool-107-thread-1] INFO  server.RaftServerConfigKeys (ConfUtils.java:logGet(43)) - raft.server.snapshot.auto.trigger.threshold = 10000 (custom)
2019-09-26 10:52:05,107 [pool-107-thread-1] INFO  server.RaftServerConfigKeys (ConfUtils.java:logGet(43)) - raft.server.snapshot.retention.num.files = 5 (custom)
2019-09-26 10:52:05,108 [pool-107-thread-1] INFO  server.RaftServerConfigKeys (ConfUtils.java:logGet(43)) - raft.server.retrycache.expirytime = 600000ms (custom)
2019-09-26 10:52:05,110 [pool-107-thread-1] INFO  impl.RaftServerImpl (RaftServerImpl.java:start(185)) - 557f9f1f-13f1-4e9a-b9bb-f7fbe560edab@group-281DB5813A67: start as a follower, conf=-1: [557f9f1f-13f1-4e9a-b9bb-f7fbe560edab:192.168.30.13:38394], old=null
2019-09-26 10:52:05,110 [pool-107-thread-1] INFO  impl.RaftServerImpl (RaftServerImpl.java:setRole(174)) - 557f9f1f-13f1-4e9a-b9bb-f7fbe560edab@group-281DB5813A67: changes role from      null to FOLLOWER at term 0 for startAsFollower
2019-09-26 10:52:05,110 [pool-107-thread-1] INFO  impl.RoleInfo (RoleInfo.java:updateAndGet(143)) - 557f9f1f-13f1-4e9a-b9bb-f7fbe560edab: start FollowerState
2019-09-26 10:52:05,111 [pool-107-thread-1] INFO  util.JmxRegister (JmxRegister.java:tryRegister(44)) - Successfully registered JMX Bean with object name Ratis:service=RaftServer,group=group-281DB5813A67,id=557f9f1f-13f1-4e9a-b9bb-f7fbe560edab
2019-09-26 10:52:05,157 [RatisPipelineUtilsThread] INFO  pipeline.PipelineStateManager (PipelineStateManager.java:addPipeline(56)) - Created pipeline Pipeline[ Id: c7f83634-6d8c-479f-9131-281db5813a67, Nodes: 557f9f1f-13f1-4e9a-b9bb-f7fbe560edab{ip: 192.168.30.13, host: pr-hdds-1569-wvzgm-824869521, networkLocation: /default-rack, certSerialId: null}, Type:RATIS, Factor:ONE, State:OPEN]
2019-09-26 10:52:05,171 [grpc-default-executor-0] INFO  impl.RaftServerProxy (RaftServerProxy.java:addNew(89)) - 0c06663d-3a07-4175-8dd2-9d41b1b53b1e: addNew group-AFBF31E49344:[0c06663d-3a07-4175-8dd2-9d41b1b53b1e:192.168.30.13:42265] returns group-AFBF31E49344:java.util.concurrent.CompletableFuture@6e9a1a3e[Not completed]
2019-09-26 10:52:05,172 [pool-27-thread-1] INFO  impl.RaftServerImpl (RaftServerImpl.java:<init>(95)) - 0c06663d-3a07-4175-8dd2-9d41b1b53b1e: new RaftServerImpl for group-AFBF31E49344:[0c06663d-3a07-4175-8dd2-9d41b1b53b1e:192.168.30.13:42265] with ContainerStateMachine:uninitialized
2019-09-26 10:52:05,172 [pool-27-thread-1] INFO  server.RaftServerConfigKeys (ConfUtils.java:logGet(43)) - raft.server.rpc.timeout.min = 5s (custom)
2019-09-26 10:52:05,172 [pool-27-thread-1] INFO  server.RaftServerConfigKeys (ConfUtils.java:logGet(43)) - raft.server.rpc.timeout.max = 5200ms (custom)
2019-09-26 10:52:05,172 [pool-27-thread-1] INFO  server.RaftServerConfigKeys (ConfUtils.java:logGet(43)) - raft.server.rpcslowness.timeout = 120s (custom)
2019-09-26 10:52:05,173 [pool-27-thread-1] INFO  server.RaftServerConfigKeys (ConfUtils.java:logGet(43)) - raft.server.sleep.deviation.threshold = 300 (default)
2019-09-26 10:52:05,173 [pool-27-thread-1] INFO  server.RaftServerConfigKeys (ConfUtils.java:logGet(43)) - raft.server.log.appender.install.snapshot.enabled = false (custom)
2019-09-26 10:52:05,173 [pool-27-thread-1] INFO  impl.RaftServerImpl (ServerState.java:<init>(103)) - 0c06663d-3a07-4175-8dd2-9d41b1b53b1e@group-AFBF31E49344: ConfigurationManager, init=-1: [0c06663d-3a07-4175-8dd2-9d41b1b53b1e:192.168.30.13:42265], old=null, confs=<EMPTY_MAP>
2019-09-26 10:52:05,173 [pool-27-thread-1] INFO  server.RaftServerConfigKeys (ConfUtils.java:logGet(43)) - raft.server.storage.dir = [/workdir/hadoop-ozone/ozonefs/target/test-dir/MiniOzoneClusterImpl-b00a5744-6e73-4fa1-a928-c24f0d5ffca4/datanode-0/data/ratis] (custom)
2019-09-26 10:52:05,174 [pool-27-thread-1] INFO  storage.RaftStorageDirectory (RaftStorageDirectory.java:analyzeStorage(246)) - The storage directory /workdir/hadoop-ozone/ozonefs/target/test-dir/MiniOzoneClusterImpl-b00a5744-6e73-4fa1-a928-c24f0d5ffca4/datanode-0/data/ratis/fd0e0807-8e04-4c66-96c0-afbf31e49344 does not exist. Creating ...
2019-09-26 10:52:05,187 [pool-27-thread-1] INFO  storage.RaftStorageDirectory (RaftStorageDirectory.java:tryLock(328)) - Lock on /workdir/hadoop-ozone/ozonefs/target/test-dir/MiniOzoneClusterImpl-b00a5744-6e73-4fa1-a928-c24f0d5ffca4/datanode-0/data/ratis/fd0e0807-8e04-4c66-96c0-afbf31e49344/in_use.lock acquired by nodename 31132@pr-hdds-1569-wvzgm-824869521
2019-09-26 10:52:05,199 [pool-27-thread-1] INFO  storage.RaftStorage (RaftStorage.java:format(72)) - Storage directory /workdir/hadoop-ozone/ozonefs/target/test-dir/MiniOzoneClusterImpl-b00a5744-6e73-4fa1-a928-c24f0d5ffca4/datanode-0/data/ratis/fd0e0807-8e04-4c66-96c0-afbf31e49344 has been successfully formatted.
2019-09-26 10:52:05,200 [pool-27-thread-1] INFO  ratis.ContainerStateMachine (ContainerStateMachine.java:loadSnapshot(230)) - group-AFBF31E49344: The snapshot info is null. Setting the last applied indexto:(t:0, i:~)
2019-09-26 10:52:05,200 [pool-27-thread-1] INFO  server.RaftServerConfigKeys (ConfUtils.java:logGet(43)) - raft.server.notification.no-leader.timeout = 120s (custom)
2019-09-26 10:52:05,200 [pool-27-thread-1] INFO  server.RaftServerConfigKeys (ConfUtils.java:logGet(43)) - raft.server.log.use.memory = false (default)
2019-09-26 10:52:05,200 [pool-27-thread-1] INFO  server.RaftServerConfigKeys (ConfUtils.java:logGet(43)) - raft.server.log.purge.gap = 1000000 (custom)
2019-09-26 10:52:05,201 [pool-27-thread-1] INFO  server.RaftServerConfigKeys (ConfUtils.java:logGet(43)) - raft.server.log.appender.buffer.byte-limit = 33554432 (custom)
2019-09-26 10:52:05,201 [pool-27-thread-1] INFO  server.RaftServerConfigKeys (ConfUtils.java:logGet(43)) - raft.server.log.segment.size.max = 1048576 (custom)
2019-09-26 10:52:05,201 [pool-27-thread-1] INFO  server.RaftServerConfigKeys (ConfUtils.java:logGet(43)) - raft.server.log.segment.cache.num.max = 2 (custom)
2019-09-26 10:52:05,201 [pool-27-thread-1] INFO  segmented.SegmentedRaftLogWorker (SegmentedRaftLogWorker.java:<init>(172)) - new 0c06663d-3a07-4175-8dd2-9d41b1b53b1e@group-AFBF31E49344-SegmentedRaftLogWorker for RaftStorage:Storage Directory /workdir/hadoop-ozone/ozonefs/target/test-dir/MiniOzoneClusterImpl-b00a5744-6e73-4fa1-a928-c24f0d5ffca4/datanode-0/data/ratis/fd0e0807-8e04-4c66-96c0-afbf31e49344
2019-09-26 10:52:05,201 [pool-27-thread-1] INFO  server.RaftServerConfigKeys (ConfUtils.java:logGet(43)) - raft.server.log.queue.byte-limit = 2147483647 (custom)
2019-09-26 10:52:05,202 [pool-27-thread-1] INFO  server.RaftServerConfigKeys (ConfUtils.java:logGet(43)) - raft.server.log.queue.element-limit = 1024 (custom)
2019-09-26 10:52:05,202 [pool-27-thread-1] INFO  server.RaftServerConfigKeys (ConfUtils.java:logGet(43)) - raft.server.log.segment.size.max = 1048576 (custom)
2019-09-26 10:52:05,202 [pool-27-thread-1] INFO  server.RaftServerConfigKeys (ConfUtils.java:logGet(43)) - raft.server.log.preallocated.size = 16384 (custom)
2019-09-26 10:52:05,202 [pool-27-thread-1] INFO  server.RaftServerConfigKeys (ConfUtils.java:logGet(43)) - raft.server.log.write.buffer.size = 33554432 (custom)
2019-09-26 10:52:05,202 [pool-27-thread-1] INFO  server.RaftServerConfigKeys (ConfUtils.java:logGet(43)) - raft.server.log.force.sync.num = 128 (default)
2019-09-26 10:52:05,202 [pool-27-thread-1] INFO  server.RaftServerConfigKeys (ConfUtils.java:logGet(43)) - raft.server.log.statemachine.data.sync = true (default)
2019-09-26 10:52:05,203 [pool-27-thread-1] INFO  server.RaftServerConfigKeys (ConfUtils.java:logGet(43)) - raft.server.log.statemachine.data.sync.timeout = 10s (default)
2019-09-26 10:52:05,203 [pool-27-thread-1] INFO  server.RaftServerConfigKeys (ConfUtils.java:logGet(43)) - raft.server.log.statemachine.data.sync.timeout.retry = -1 (default)
2019-09-26 10:52:05,203 [pool-27-thread-1] INFO  server.RaftServerConfigKeys (ConfUtils.java:logGet(43)) - raft.server.log.statemachine.data.caching.enabled = true (custom)
2019-09-26 10:52:05,203 [pool-27-thread-1] INFO  segmented.SegmentedRaftLogWorker (SegmentedRaftLogWorker.java:lambda$new$0(132)) - 0c06663d-3a07-4175-8dd2-9d41b1b53b1e@group-AFBF31E49344-SegmentedRaftLogWorker: flushIndex: setUnconditionally 0 -> -1
2019-09-26 10:52:05,204 [pool-27-thread-1] INFO  server.RaftServerConfigKeys (ConfUtils.java:logGet(43)) - raft.server.snapshot.auto.trigger.enabled = true (custom)
2019-09-26 10:52:05,204 [pool-27-thread-1] INFO  server.RaftServerConfigKeys (ConfUtils.java:logGet(43)) - raft.server.snapshot.auto.trigger.threshold = 10000 (custom)
2019-09-26 10:52:05,204 [pool-27-thread-1] INFO  server.RaftServerConfigKeys (ConfUtils.java:logGet(43)) - raft.server.snapshot.retention.num.files = 5 (custom)
2019-09-26 10:52:05,204 [pool-27-thread-1] INFO  server.RaftServerConfigKeys (ConfUtils.java:logGet(43)) - raft.server.retrycache.expirytime = 600000ms (custom)
2019-09-26 10:52:05,208 [pool-27-thread-1] INFO  impl.RaftServerImpl (RaftServerImpl.java:start(185)) - 0c06663d-3a07-4175-8dd2-9d41b1b53b1e@group-AFBF31E49344: start as a follower, conf=-1: [0c06663d-3a07-4175-8dd2-9d41b1b53b1e:192.168.30.13:42265], old=null
2019-09-26 10:52:05,208 [pool-27-thread-1] INFO  impl.RaftServerImpl (RaftServerImpl.java:setRole(174)) - 0c06663d-3a07-4175-8dd2-9d41b1b53b1e@group-AFBF31E49344: changes role from      null to FOLLOWER at term 0 for startAsFollower
2019-09-26 10:52:05,208 [pool-27-thread-1] INFO  impl.RoleInfo (RoleInfo.java:updateAndGet(143)) - 0c06663d-3a07-4175-8dd2-9d41b1b53b1e: start FollowerState
2019-09-26 10:52:05,208 [pool-27-thread-1] INFO  util.JmxRegister (JmxRegister.java:tryRegister(44)) - Successfully registered JMX Bean with object name Ratis:service=RaftServer,group=group-AFBF31E49344,id=0c06663d-3a07-4175-8dd2-9d41b1b53b1e
2019-09-26 10:52:05,214 [RatisPipelineUtilsThread] INFO  pipeline.PipelineStateManager (PipelineStateManager.java:addPipeline(56)) - Created pipeline Pipeline[ Id: fd0e0807-8e04-4c66-96c0-afbf31e49344, Nodes: 0c06663d-3a07-4175-8dd2-9d41b1b53b1e{ip: 192.168.30.13, host: pr-hdds-1569-wvzgm-824869521, networkLocation: /default-rack, certSerialId: null}, Type:RATIS, Factor:ONE, State:OPEN]
2019-09-26 10:52:05,227 [grpc-default-executor-0] INFO  impl.RaftServerProxy (RaftServerProxy.java:addNew(89)) - 557f9f1f-13f1-4e9a-b9bb-f7fbe560edab: addNew group-F2A7AF8E309A:[557f9f1f-13f1-4e9a-b9bb-f7fbe560edab:192.168.30.13:38394] returns group-F2A7AF8E309A:java.util.concurrent.CompletableFuture@7dce5fb3[Not completed]
2019-09-26 10:52:05,229 [pool-107-thread-1] INFO  impl.RaftServerImpl (RaftServerImpl.java:<init>(95)) - 557f9f1f-13f1-4e9a-b9bb-f7fbe560edab: new RaftServerImpl for group-F2A7AF8E309A:[557f9f1f-13f1-4e9a-b9bb-f7fbe560edab:192.168.30.13:38394] with ContainerStateMachine:uninitialized
2019-09-26 10:52:05,229 [pool-107-thread-1] INFO  server.RaftServerConfigKeys (ConfUtils.java:logGet(43)) - raft.server.rpc.timeout.min = 5s (custom)
2019-09-26 10:52:05,230 [pool-107-thread-1] INFO  server.RaftServerConfigKeys (ConfUtils.java:logGet(43)) - raft.server.rpc.timeout.max = 5200ms (custom)
2019-09-26 10:52:05,230 [pool-107-thread-1] INFO  server.RaftServerConfigKeys (ConfUtils.java:logGet(43)) - raft.server.rpcslowness.timeout = 120s (custom)
2019-09-26 10:52:05,230 [pool-107-thread-1] INFO  server.RaftServerConfigKeys (ConfUtils.java:logGet(43)) - raft.server.sleep.deviation.threshold = 300 (default)
2019-09-26 10:52:05,230 [pool-107-thread-1] INFO  server.RaftServerConfigKeys (ConfUtils.java:logGet(43)) - raft.server.log.appender.install.snapshot.enabled = false (custom)
2019-09-26 10:52:05,231 [pool-107-thread-1] INFO  impl.RaftServerImpl (ServerState.java:<init>(103)) - 557f9f1f-13f1-4e9a-b9bb-f7fbe560edab@group-F2A7AF8E309A: ConfigurationManager, init=-1: [557f9f1f-13f1-4e9a-b9bb-f7fbe560edab:192.168.30.13:38394], old=null, confs=<EMPTY_MAP>
2019-09-26 10:52:05,231 [pool-107-thread-1] INFO  server.RaftServerConfigKeys (ConfUtils.java:logGet(43)) - raft.server.storage.dir = [/workdir/hadoop-ozone/ozonefs/target/test-dir/MiniOzoneClusterImpl-b00a5744-6e73-4fa1-a928-c24f0d5ffca4/datanode-8/data/ratis] (custom)
2019-09-26 10:52:05,231 [pool-107-thread-1] INFO  storage.RaftStorageDirectory (RaftStorageDirectory.java:analyzeStorage(246)) - The storage directory /workdir/hadoop-ozone/ozonefs/target/test-dir/MiniOzoneClusterImpl-b00a5744-6e73-4fa1-a928-c24f0d5ffca4/datanode-8/data/ratis/a8a242f4-70c5-4c8e-8c0e-f2a7af8e309a does not exist. Creating ...
2019-09-26 10:52:05,246 [pool-107-thread-1] INFO  storage.RaftStorageDirectory (RaftStorageDirectory.java:tryLock(328)) - Lock on /workdir/hadoop-ozone/ozonefs/target/test-dir/MiniOzoneClusterImpl-b00a5744-6e73-4fa1-a928-c24f0d5ffca4/datanode-8/data/ratis/a8a242f4-70c5-4c8e-8c0e-f2a7af8e309a/in_use.lock acquired by nodename 31132@pr-hdds-1569-wvzgm-824869521
2019-09-26 10:52:05,258 [pool-107-thread-1] INFO  storage.RaftStorage (RaftStorage.java:format(72)) - Storage directory /workdir/hadoop-ozone/ozonefs/target/test-dir/MiniOzoneClusterImpl-b00a5744-6e73-4fa1-a928-c24f0d5ffca4/datanode-8/data/ratis/a8a242f4-70c5-4c8e-8c0e-f2a7af8e309a has been successfully formatted.
2019-09-26 10:52:05,259 [pool-107-thread-1] INFO  ratis.ContainerStateMachine (ContainerStateMachine.java:loadSnapshot(230)) - group-F2A7AF8E309A: The snapshot info is null. Setting the last applied indexto:(t:0, i:~)
2019-09-26 10:52:05,259 [pool-107-thread-1] INFO  server.RaftServerConfigKeys (ConfUtils.java:logGet(43)) - raft.server.notification.no-leader.timeout = 120s (custom)
2019-09-26 10:52:05,259 [pool-107-thread-1] INFO  server.RaftServerConfigKeys (ConfUtils.java:logGet(43)) - raft.server.log.use.memory = false (default)
2019-09-26 10:52:05,259 [pool-107-thread-1] INFO  server.RaftServerConfigKeys (ConfUtils.java:logGet(43)) - raft.server.log.purge.gap = 1000000 (custom)
2019-09-26 10:52:05,259 [pool-107-thread-1] INFO  server.RaftServerConfigKeys (ConfUtils.java:logGet(43)) - raft.server.log.appender.buffer.byte-limit = 33554432 (custom)
2019-09-26 10:52:05,260 [pool-107-thread-1] INFO  server.RaftServerConfigKeys (ConfUtils.java:logGet(43)) - raft.server.log.segment.size.max = 1048576 (custom)
2019-09-26 10:52:05,260 [pool-107-thread-1] INFO  server.RaftServerConfigKeys (ConfUtils.java:logGet(43)) - raft.server.log.segment.cache.num.max = 2 (custom)
2019-09-26 10:52:05,260 [pool-107-thread-1] INFO  segmented.SegmentedRaftLogWorker (SegmentedRaftLogWorker.java:<init>(172)) - new 557f9f1f-13f1-4e9a-b9bb-f7fbe560edab@group-F2A7AF8E309A-SegmentedRaftLogWorker for RaftStorage:Storage Directory /workdir/hadoop-ozone/ozonefs/target/test-dir/MiniOzoneClusterImpl-b00a5744-6e73-4fa1-a928-c24f0d5ffca4/datanode-8/data/ratis/a8a242f4-70c5-4c8e-8c0e-f2a7af8e309a
2019-09-26 10:52:05,260 [pool-107-thread-1] INFO  server.RaftServerConfigKeys (ConfUtils.java:logGet(43)) - raft.server.log.queue.byte-limit = 2147483647 (custom)
2019-09-26 10:52:05,260 [pool-107-thread-1] INFO  server.RaftServerConfigKeys (ConfUtils.java:logGet(43)) - raft.server.log.queue.element-limit = 1024 (custom)
2019-09-26 10:52:05,260 [pool-107-thread-1] INFO  server.RaftServerConfigKeys (ConfUtils.java:logGet(43)) - raft.server.log.segment.size.max = 1048576 (custom)
2019-09-26 10:52:05,261 [pool-107-thread-1] INFO  server.RaftServerConfigKeys (ConfUtils.java:logGet(43)) - raft.server.log.preallocated.size = 16384 (custom)
2019-09-26 10:52:05,261 [pool-107-thread-1] INFO  server.RaftServerConfigKeys (ConfUtils.java:logGet(43)) - raft.server.log.write.buffer.size = 33554432 (custom)
2019-09-26 10:52:05,261 [pool-107-thread-1] INFO  server.RaftServerConfigKeys (ConfUtils.java:logGet(43)) - raft.server.log.force.sync.num = 128 (default)
2019-09-26 10:52:05,261 [pool-107-thread-1] INFO  server.RaftServerConfigKeys (ConfUtils.java:logGet(43)) - raft.server.log.statemachine.data.sync = true (default)
2019-09-26 10:52:05,261 [pool-107-thread-1] INFO  server.RaftServerConfigKeys (ConfUtils.java:logGet(43)) - raft.server.log.statemachine.data.sync.timeout = 10s (default)
2019-09-26 10:52:05,261 [pool-107-thread-1] INFO  server.RaftServerConfigKeys (ConfUtils.java:logGet(43)) - raft.server.log.statemachine.data.sync.timeout.retry = -1 (default)
2019-09-26 10:52:05,262 [pool-107-thread-1] INFO  server.RaftServerConfigKeys (ConfUtils.java:logGet(43)) - raft.server.log.statemachine.data.caching.enabled = true (custom)
2019-09-26 10:52:05,262 [pool-107-thread-1] INFO  segmented.SegmentedRaftLogWorker (SegmentedRaftLogWorker.java:lambda$new$0(132)) - 557f9f1f-13f1-4e9a-b9bb-f7fbe560edab@group-F2A7AF8E309A-SegmentedRaftLogWorker: flushIndex: setUnconditionally 0 -> -1
2019-09-26 10:52:05,262 [pool-107-thread-1] INFO  server.RaftServerConfigKeys (ConfUtils.java:logGet(43)) - raft.server.snapshot.auto.trigger.enabled = true (custom)
2019-09-26 10:52:05,262 [pool-107-thread-1] INFO  server.RaftServerConfigKeys (ConfUtils.java:logGet(43)) - raft.server.snapshot.auto.trigger.threshold = 10000 (custom)
2019-09-26 10:52:05,263 [pool-107-thread-1] INFO  server.RaftServerConfigKeys (ConfUtils.java:logGet(43)) - raft.server.snapshot.retention.num.files = 5 (custom)
2019-09-26 10:52:05,263 [pool-107-thread-1] INFO  server.RaftServerConfigKeys (ConfUtils.java:logGet(43)) - raft.server.retrycache.expirytime = 600000ms (custom)
2019-09-26 10:52:05,266 [pool-107-thread-1] INFO  impl.RaftServerImpl (RaftServerImpl.java:start(185)) - 557f9f1f-13f1-4e9a-b9bb-f7fbe560edab@group-F2A7AF8E309A: start as a follower, conf=-1: [557f9f1f-13f1-4e9a-b9bb-f7fbe560edab:192.168.30.13:38394], old=null
2019-09-26 10:52:05,266 [pool-107-thread-1] INFO  impl.RaftServerImpl (RaftServerImpl.java:setRole(174)) - 557f9f1f-13f1-4e9a-b9bb-f7fbe560edab@group-F2A7AF8E309A: changes role from      null to FOLLOWER at term 0 for startAsFollower
2019-09-26 10:52:05,266 [pool-107-thread-1] INFO  impl.RoleInfo (RoleInfo.java:updateAndGet(143)) - 557f9f1f-13f1-4e9a-b9bb-f7fbe560edab: start FollowerState
2019-09-26 10:52:05,267 [pool-107-thread-1] INFO  util.JmxRegister (JmxRegister.java:tryRegister(44)) - Successfully registered JMX Bean with object name Ratis:service=RaftServer,group=group-F2A7AF8E309A,id=557f9f1f-13f1-4e9a-b9bb-f7fbe560edab
2019-09-26 10:52:05,274 [RatisPipelineUtilsThread] INFO  pipeline.PipelineStateManager (PipelineStateManager.java:addPipeline(56)) - Created pipeline Pipeline[ Id: a8a242f4-70c5-4c8e-8c0e-f2a7af8e309a, Nodes: 557f9f1f-13f1-4e9a-b9bb-f7fbe560edab{ip: 192.168.30.13, host: pr-hdds-1569-wvzgm-824869521, networkLocation: /default-rack, certSerialId: null}, Type:RATIS, Factor:ONE, State:OPEN]
2019-09-26 10:52:05,287 [grpc-default-executor-0] INFO  impl.RaftServerProxy (RaftServerProxy.java:addNew(89)) - dd9d2e05-3ffa-4f1c-8a80-938e5f4f3192: addNew group-74BB72D0174F:[dd9d2e05-3ffa-4f1c-8a80-938e5f4f3192:192.168.30.13:46596] returns group-74BB72D0174F:java.util.concurrent.CompletableFuture@33f158c7[Not completed]
2019-09-26 10:52:05,288 [pool-77-thread-1] INFO  impl.RaftServerImpl (RaftServerImpl.java:<init>(95)) - dd9d2e05-3ffa-4f1c-8a80-938e5f4f3192: new RaftServerImpl for group-74BB72D0174F:[dd9d2e05-3ffa-4f1c-8a80-938e5f4f3192:192.168.30.13:46596] with ContainerStateMachine:uninitialized
2019-09-26 10:52:05,289 [pool-77-thread-1] INFO  server.RaftServerConfigKeys (ConfUtils.java:logGet(43)) - raft.server.rpc.timeout.min = 5s (custom)
2019-09-26 10:52:05,289 [pool-77-thread-1] INFO  server.RaftServerConfigKeys (ConfUtils.java:logGet(43)) - raft.server.rpc.timeout.max = 5200ms (custom)
2019-09-26 10:52:05,289 [pool-77-thread-1] INFO  server.RaftServerConfigKeys (ConfUtils.java:logGet(43)) - raft.server.rpcslowness.timeout = 120s (custom)
2019-09-26 10:52:05,289 [pool-77-thread-1] INFO  server.RaftServerConfigKeys (ConfUtils.java:logGet(43)) - raft.server.sleep.deviation.threshold = 300 (default)
2019-09-26 10:52:05,289 [pool-77-thread-1] INFO  server.RaftServerConfigKeys (ConfUtils.java:logGet(43)) - raft.server.log.appender.install.snapshot.enabled = false (custom)
2019-09-26 10:52:05,289 [pool-77-thread-1] INFO  impl.RaftServerImpl (ServerState.java:<init>(103)) - dd9d2e05-3ffa-4f1c-8a80-938e5f4f3192@group-74BB72D0174F: ConfigurationManager, init=-1: [dd9d2e05-3ffa-4f1c-8a80-938e5f4f3192:192.168.30.13:46596], old=null, confs=<EMPTY_MAP>
2019-09-26 10:52:05,290 [pool-77-thread-1] INFO  server.RaftServerConfigKeys (ConfUtils.java:logGet(43)) - raft.server.storage.dir = [/workdir/hadoop-ozone/ozonefs/target/test-dir/MiniOzoneClusterImpl-b00a5744-6e73-4fa1-a928-c24f0d5ffca4/datanode-5/data/ratis] (custom)
2019-09-26 10:52:05,290 [pool-77-thread-1] INFO  storage.RaftStorageDirectory (RaftStorageDirectory.java:analyzeStorage(246)) - The storage directory /workdir/hadoop-ozone/ozonefs/target/test-dir/MiniOzoneClusterImpl-b00a5744-6e73-4fa1-a928-c24f0d5ffca4/datanode-5/data/ratis/a224b7ff-a238-4326-b87f-74bb72d0174f does not exist. Creating ...
2019-09-26 10:52:05,304 [pool-77-thread-1] INFO  storage.RaftStorageDirectory (RaftStorageDirectory.java:tryLock(328)) - Lock on /workdir/hadoop-ozone/ozonefs/target/test-dir/MiniOzoneClusterImpl-b00a5744-6e73-4fa1-a928-c24f0d5ffca4/datanode-5/data/ratis/a224b7ff-a238-4326-b87f-74bb72d0174f/in_use.lock acquired by nodename 31132@pr-hdds-1569-wvzgm-824869521
2019-09-26 10:52:05,317 [pool-77-thread-1] INFO  storage.RaftStorage (RaftStorage.java:format(72)) - Storage directory /workdir/hadoop-ozone/ozonefs/target/test-dir/MiniOzoneClusterImpl-b00a5744-6e73-4fa1-a928-c24f0d5ffca4/datanode-5/data/ratis/a224b7ff-a238-4326-b87f-74bb72d0174f has been successfully formatted.
2019-09-26 10:52:05,317 [pool-77-thread-1] INFO  ratis.ContainerStateMachine (ContainerStateMachine.java:loadSnapshot(230)) - group-74BB72D0174F: The snapshot info is null. Setting the last applied indexto:(t:0, i:~)
2019-09-26 10:52:05,317 [pool-77-thread-1] INFO  server.RaftServerConfigKeys (ConfUtils.java:logGet(43)) - raft.server.notification.no-leader.timeout = 120s (custom)
2019-09-26 10:52:05,317 [pool-77-thread-1] INFO  server.RaftServerConfigKeys (ConfUtils.java:logGet(43)) - raft.server.log.use.memory = false (default)
2019-09-26 10:52:05,318 [pool-77-thread-1] INFO  server.RaftServerConfigKeys (ConfUtils.java:logGet(43)) - raft.server.log.purge.gap = 1000000 (custom)
2019-09-26 10:52:05,318 [pool-77-thread-1] INFO  server.RaftServerConfigKeys (ConfUtils.java:logGet(43)) - raft.server.log.appender.buffer.byte-limit = 33554432 (custom)
2019-09-26 10:52:05,318 [pool-77-thread-1] INFO  server.RaftServerConfigKeys (ConfUtils.java:logGet(43)) - raft.server.log.segment.size.max = 1048576 (custom)
2019-09-26 10:52:05,318 [pool-77-thread-1] INFO  server.RaftServerConfigKeys (ConfUtils.java:logGet(43)) - raft.server.log.segment.cache.num.max = 2 (custom)
2019-09-26 10:52:05,318 [pool-77-thread-1] INFO  segmented.SegmentedRaftLogWorker (SegmentedRaftLogWorker.java:<init>(172)) - new dd9d2e05-3ffa-4f1c-8a80-938e5f4f3192@group-74BB72D0174F-SegmentedRaftLogWorker for RaftStorage:Storage Directory /workdir/hadoop-ozone/ozonefs/target/test-dir/MiniOzoneClusterImpl-b00a5744-6e73-4fa1-a928-c24f0d5ffca4/datanode-5/data/ratis/a224b7ff-a238-4326-b87f-74bb72d0174f
2019-09-26 10:52:05,318 [pool-77-thread-1] INFO  server.RaftServerConfigKeys (ConfUtils.java:logGet(43)) - raft.server.log.queue.byte-limit = 2147483647 (custom)
2019-09-26 10:52:05,319 [pool-77-thread-1] INFO  server.RaftServerConfigKeys (ConfUtils.java:logGet(43)) - raft.server.log.queue.element-limit = 1024 (custom)
2019-09-26 10:52:05,319 [pool-77-thread-1] INFO  server.RaftServerConfigKeys (ConfUtils.java:logGet(43)) - raft.server.log.segment.size.max = 1048576 (custom)
2019-09-26 10:52:05,319 [pool-77-thread-1] INFO  server.RaftServerConfigKeys (ConfUtils.java:logGet(43)) - raft.server.log.preallocated.size = 16384 (custom)
2019-09-26 10:52:05,319 [pool-77-thread-1] INFO  server.RaftServerConfigKeys (ConfUtils.java:logGet(43)) - raft.server.log.write.buffer.size = 33554432 (custom)
2019-09-26 10:52:05,319 [pool-77-thread-1] INFO  server.RaftServerConfigKeys (ConfUtils.java:logGet(43)) - raft.server.log.force.sync.num = 128 (default)
2019-09-26 10:52:05,319 [pool-77-thread-1] INFO  server.RaftServerConfigKeys (ConfUtils.java:logGet(43)) - raft.server.log.statemachine.data.sync = true (default)
2019-09-26 10:52:05,320 [pool-77-thread-1] INFO  server.RaftServerConfigKeys (ConfUtils.java:logGet(43)) - raft.server.log.statemachine.data.sync.timeout = 10s (default)
2019-09-26 10:52:05,320 [pool-77-thread-1] INFO  server.RaftServerConfigKeys (ConfUtils.java:logGet(43)) - raft.server.log.statemachine.data.sync.timeout.retry = -1 (default)
2019-09-26 10:52:05,320 [pool-77-thread-1] INFO  server.RaftServerConfigKeys (ConfUtils.java:logGet(43)) - raft.server.log.statemachine.data.caching.enabled = true (custom)
2019-09-26 10:52:05,320 [pool-77-thread-1] INFO  segmented.SegmentedRaftLogWorker (SegmentedRaftLogWorker.java:lambda$new$0(132)) - dd9d2e05-3ffa-4f1c-8a80-938e5f4f3192@group-74BB72D0174F-SegmentedRaftLogWorker: flushIndex: setUnconditionally 0 -> -1
2019-09-26 10:52:05,321 [pool-77-thread-1] INFO  server.RaftServerConfigKeys (ConfUtils.java:logGet(43)) - raft.server.snapshot.auto.trigger.enabled = true (custom)
2019-09-26 10:52:05,321 [pool-77-thread-1] INFO  server.RaftServerConfigKeys (ConfUtils.java:logGet(43)) - raft.server.snapshot.auto.trigger.threshold = 10000 (custom)
2019-09-26 10:52:05,321 [pool-77-thread-1] INFO  server.RaftServerConfigKeys (ConfUtils.java:logGet(43)) - raft.server.snapshot.retention.num.files = 5 (custom)
2019-09-26 10:52:05,321 [pool-77-thread-1] INFO  server.RaftServerConfigKeys (ConfUtils.java:logGet(43)) - raft.server.retrycache.expirytime = 600000ms (custom)
2019-09-26 10:52:05,324 [pool-77-thread-1] INFO  impl.RaftServerImpl (RaftServerImpl.java:start(185)) - dd9d2e05-3ffa-4f1c-8a80-938e5f4f3192@group-74BB72D0174F: start as a follower, conf=-1: [dd9d2e05-3ffa-4f1c-8a80-938e5f4f3192:192.168.30.13:46596], old=null
2019-09-26 10:52:05,324 [pool-77-thread-1] INFO  impl.RaftServerImpl (RaftServerImpl.java:setRole(174)) - dd9d2e05-3ffa-4f1c-8a80-938e5f4f3192@group-74BB72D0174F: changes role from      null to FOLLOWER at term 0 for startAsFollower
2019-09-26 10:52:05,324 [pool-77-thread-1] INFO  impl.RoleInfo (RoleInfo.java:updateAndGet(143)) - dd9d2e05-3ffa-4f1c-8a80-938e5f4f3192: start FollowerState
2019-09-26 10:52:05,325 [pool-77-thread-1] INFO  util.JmxRegister (JmxRegister.java:tryRegister(44)) - Successfully registered JMX Bean with object name Ratis:service=RaftServer,group=group-74BB72D0174F,id=dd9d2e05-3ffa-4f1c-8a80-938e5f4f3192
2019-09-26 10:52:05,331 [RatisPipelineUtilsThread] INFO  pipeline.PipelineStateManager (PipelineStateManager.java:addPipeline(56)) - Created pipeline Pipeline[ Id: a224b7ff-a238-4326-b87f-74bb72d0174f, Nodes: dd9d2e05-3ffa-4f1c-8a80-938e5f4f3192{ip: 192.168.30.13, host: pr-hdds-1569-wvzgm-824869521, networkLocation: /default-rack, certSerialId: null}, Type:RATIS, Factor:ONE, State:OPEN]
2019-09-26 10:52:05,343 [grpc-default-executor-0] INFO  impl.RaftServerProxy (RaftServerProxy.java:addNew(89)) - dd9d2e05-3ffa-4f1c-8a80-938e5f4f3192: addNew group-9527766B34C3:[dd9d2e05-3ffa-4f1c-8a80-938e5f4f3192:192.168.30.13:46596] returns group-9527766B34C3:java.util.concurrent.CompletableFuture@578a5e68[Not completed]
2019-09-26 10:52:05,344 [pool-77-thread-1] INFO  impl.RaftServerImpl (RaftServerImpl.java:<init>(95)) - dd9d2e05-3ffa-4f1c-8a80-938e5f4f3192: new RaftServerImpl for group-9527766B34C3:[dd9d2e05-3ffa-4f1c-8a80-938e5f4f3192:192.168.30.13:46596] with ContainerStateMachine:uninitialized
2019-09-26 10:52:05,344 [pool-77-thread-1] INFO  server.RaftServerConfigKeys (ConfUtils.java:logGet(43)) - raft.server.rpc.timeout.min = 5s (custom)
2019-09-26 10:52:05,344 [pool-77-thread-1] INFO  server.RaftServerConfigKeys (ConfUtils.java:logGet(43)) - raft.server.rpc.timeout.max = 5200ms (custom)
2019-09-26 10:52:05,344 [pool-77-thread-1] INFO  server.RaftServerConfigKeys (ConfUtils.java:logGet(43)) - raft.server.rpcslowness.timeout = 120s (custom)
2019-09-26 10:52:05,344 [pool-77-thread-1] INFO  server.RaftServerConfigKeys (ConfUtils.java:logGet(43)) - raft.server.sleep.deviation.threshold = 300 (default)
2019-09-26 10:52:05,345 [pool-77-thread-1] INFO  server.RaftServerConfigKeys (ConfUtils.java:logGet(43)) - raft.server.log.appender.install.snapshot.enabled = false (custom)
2019-09-26 10:52:05,345 [pool-77-thread-1] INFO  impl.RaftServerImpl (ServerState.java:<init>(103)) - dd9d2e05-3ffa-4f1c-8a80-938e5f4f3192@group-9527766B34C3: ConfigurationManager, init=-1: [dd9d2e05-3ffa-4f1c-8a80-938e5f4f3192:192.168.30.13:46596], old=null, confs=<EMPTY_MAP>
2019-09-26 10:52:05,345 [pool-77-thread-1] INFO  server.RaftServerConfigKeys (ConfUtils.java:logGet(43)) - raft.server.storage.dir = [/workdir/hadoop-ozone/ozonefs/target/test-dir/MiniOzoneClusterImpl-b00a5744-6e73-4fa1-a928-c24f0d5ffca4/datanode-5/data/ratis] (custom)
2019-09-26 10:52:05,345 [pool-77-thread-1] INFO  storage.RaftStorageDirectory (RaftStorageDirectory.java:analyzeStorage(246)) - The storage directory /workdir/hadoop-ozone/ozonefs/target/test-dir/MiniOzoneClusterImpl-b00a5744-6e73-4fa1-a928-c24f0d5ffca4/datanode-5/data/ratis/d3af12b3-8297-478d-b8d1-9527766b34c3 does not exist. Creating ...
2019-09-26 10:52:05,358 [pool-77-thread-1] INFO  storage.RaftStorageDirectory (RaftStorageDirectory.java:tryLock(328)) - Lock on /workdir/hadoop-ozone/ozonefs/target/test-dir/MiniOzoneClusterImpl-b00a5744-6e73-4fa1-a928-c24f0d5ffca4/datanode-5/data/ratis/d3af12b3-8297-478d-b8d1-9527766b34c3/in_use.lock acquired by nodename 31132@pr-hdds-1569-wvzgm-824869521
2019-09-26 10:52:05,381 [pool-77-thread-1] INFO  storage.RaftStorage (RaftStorage.java:format(72)) - Storage directory /workdir/hadoop-ozone/ozonefs/target/test-dir/MiniOzoneClusterImpl-b00a5744-6e73-4fa1-a928-c24f0d5ffca4/datanode-5/data/ratis/d3af12b3-8297-478d-b8d1-9527766b34c3 has been successfully formatted.
2019-09-26 10:52:05,381 [pool-77-thread-1] INFO  ratis.ContainerStateMachine (ContainerStateMachine.java:loadSnapshot(230)) - group-9527766B34C3: The snapshot info is null. Setting the last applied indexto:(t:0, i:~)
2019-09-26 10:52:05,381 [pool-77-thread-1] INFO  server.RaftServerConfigKeys (ConfUtils.java:logGet(43)) - raft.server.notification.no-leader.timeout = 120s (custom)
2019-09-26 10:52:05,381 [pool-77-thread-1] INFO  server.RaftServerConfigKeys (ConfUtils.java:logGet(43)) - raft.server.log.use.memory = false (default)
2019-09-26 10:52:05,381 [pool-77-thread-1] INFO  server.RaftServerConfigKeys (ConfUtils.java:logGet(43)) - raft.server.log.purge.gap = 1000000 (custom)
2019-09-26 10:52:05,381 [pool-77-thread-1] INFO  server.RaftServerConfigKeys (ConfUtils.java:logGet(43)) - raft.server.log.appender.buffer.byte-limit = 33554432 (custom)
2019-09-26 10:52:05,382 [pool-77-thread-1] INFO  server.RaftServerConfigKeys (ConfUtils.java:logGet(43)) - raft.server.log.segment.size.max = 1048576 (custom)
2019-09-26 10:52:05,382 [pool-77-thread-1] INFO  server.RaftServerConfigKeys (ConfUtils.java:logGet(43)) - raft.server.log.segment.cache.num.max = 2 (custom)
2019-09-26 10:52:05,382 [pool-77-thread-1] INFO  segmented.SegmentedRaftLogWorker (SegmentedRaftLogWorker.java:<init>(172)) - new dd9d2e05-3ffa-4f1c-8a80-938e5f4f3192@group-9527766B34C3-SegmentedRaftLogWorker for RaftStorage:Storage Directory /workdir/hadoop-ozone/ozonefs/target/test-dir/MiniOzoneClusterImpl-b00a5744-6e73-4fa1-a928-c24f0d5ffca4/datanode-5/data/ratis/d3af12b3-8297-478d-b8d1-9527766b34c3
2019-09-26 10:52:05,382 [pool-77-thread-1] INFO  server.RaftServerConfigKeys (ConfUtils.java:logGet(43)) - raft.server.log.queue.byte-limit = 2147483647 (custom)
2019-09-26 10:52:05,382 [pool-77-thread-1] INFO  server.RaftServerConfigKeys (ConfUtils.java:logGet(43)) - raft.server.log.queue.element-limit = 1024 (custom)
2019-09-26 10:52:05,382 [pool-77-thread-1] INFO  server.RaftServerConfigKeys (ConfUtils.java:logGet(43)) - raft.server.log.segment.size.max = 1048576 (custom)
2019-09-26 10:52:05,382 [pool-77-thread-1] INFO  server.RaftServerConfigKeys (ConfUtils.java:logGet(43)) - raft.server.log.preallocated.size = 16384 (custom)
2019-09-26 10:52:05,383 [pool-77-thread-1] INFO  server.RaftServerConfigKeys (ConfUtils.java:logGet(43)) - raft.server.log.write.buffer.size = 33554432 (custom)
2019-09-26 10:52:05,383 [pool-77-thread-1] INFO  server.RaftServerConfigKeys (ConfUtils.java:logGet(43)) - raft.server.log.force.sync.num = 128 (default)
2019-09-26 10:52:05,383 [pool-77-thread-1] INFO  server.RaftServerConfigKeys (ConfUtils.java:logGet(43)) - raft.server.log.statemachine.data.sync = true (default)
2019-09-26 10:52:05,383 [pool-77-thread-1] INFO  server.RaftServerConfigKeys (ConfUtils.java:logGet(43)) - raft.server.log.statemachine.data.sync.timeout = 10s (default)
2019-09-26 10:52:05,383 [pool-77-thread-1] INFO  server.RaftServerConfigKeys (ConfUtils.java:logGet(43)) - raft.server.log.statemachine.data.sync.timeout.retry = -1 (default)
2019-09-26 10:52:05,383 [pool-77-thread-1] INFO  server.RaftServerConfigKeys (ConfUtils.java:logGet(43)) - raft.server.log.statemachine.data.caching.enabled = true (custom)
2019-09-26 10:52:05,384 [pool-77-thread-1] INFO  segmented.SegmentedRaftLogWorker (SegmentedRaftLogWorker.java:lambda$new$0(132)) - dd9d2e05-3ffa-4f1c-8a80-938e5f4f3192@group-9527766B34C3-SegmentedRaftLogWorker: flushIndex: setUnconditionally 0 -> -1
2019-09-26 10:52:05,384 [pool-77-thread-1] INFO  server.RaftServerConfigKeys (ConfUtils.java:logGet(43)) - raft.server.snapshot.auto.trigger.enabled = true (custom)
2019-09-26 10:52:05,384 [pool-77-thread-1] INFO  server.RaftServerConfigKeys (ConfUtils.java:logGet(43)) - raft.server.snapshot.auto.trigger.threshold = 10000 (custom)
2019-09-26 10:52:05,384 [pool-77-thread-1] INFO  server.RaftServerConfigKeys (ConfUtils.java:logGet(43)) - raft.server.snapshot.retention.num.files = 5 (custom)
2019-09-26 10:52:05,384 [pool-77-thread-1] INFO  server.RaftServerConfigKeys (ConfUtils.java:logGet(43)) - raft.server.retrycache.expirytime = 600000ms (custom)
2019-09-26 10:52:05,387 [pool-77-thread-1] INFO  impl.RaftServerImpl (RaftServerImpl.java:start(185)) - dd9d2e05-3ffa-4f1c-8a80-938e5f4f3192@group-9527766B34C3: start as a follower, conf=-1: [dd9d2e05-3ffa-4f1c-8a80-938e5f4f3192:192.168.30.13:46596], old=null
2019-09-26 10:52:05,387 [pool-77-thread-1] INFO  impl.RaftServerImpl (RaftServerImpl.java:setRole(174)) - dd9d2e05-3ffa-4f1c-8a80-938e5f4f3192@group-9527766B34C3: changes role from      null to FOLLOWER at term 0 for startAsFollower
2019-09-26 10:52:05,387 [pool-77-thread-1] INFO  impl.RoleInfo (RoleInfo.java:updateAndGet(143)) - dd9d2e05-3ffa-4f1c-8a80-938e5f4f3192: start FollowerState
2019-09-26 10:52:05,387 [pool-77-thread-1] INFO  util.JmxRegister (JmxRegister.java:tryRegister(44)) - Successfully registered JMX Bean with object name Ratis:service=RaftServer,group=group-9527766B34C3,id=dd9d2e05-3ffa-4f1c-8a80-938e5f4f3192
2019-09-26 10:52:05,393 [RatisPipelineUtilsThread] INFO  pipeline.PipelineStateManager (PipelineStateManager.java:addPipeline(56)) - Created pipeline Pipeline[ Id: d3af12b3-8297-478d-b8d1-9527766b34c3, Nodes: dd9d2e05-3ffa-4f1c-8a80-938e5f4f3192{ip: 192.168.30.13, host: pr-hdds-1569-wvzgm-824869521, networkLocation: /default-rack, certSerialId: null}, Type:RATIS, Factor:ONE, State:OPEN]
2019-09-26 10:52:05,405 [grpc-default-executor-0] INFO  impl.RaftServerProxy (RaftServerProxy.java:addNew(89)) - 0c06663d-3a07-4175-8dd2-9d41b1b53b1e: addNew group-C0070F59A967:[0c06663d-3a07-4175-8dd2-9d41b1b53b1e:192.168.30.13:42265] returns group-C0070F59A967:java.util.concurrent.CompletableFuture@446fad41[Not completed]
2019-09-26 10:52:05,406 [pool-27-thread-1] INFO  impl.RaftServerImpl (RaftServerImpl.java:<init>(95)) - 0c06663d-3a07-4175-8dd2-9d41b1b53b1e: new RaftServerImpl for group-C0070F59A967:[0c06663d-3a07-4175-8dd2-9d41b1b53b1e:192.168.30.13:42265] with ContainerStateMachine:uninitialized
2019-09-26 10:52:05,407 [pool-27-thread-1] INFO  server.RaftServerConfigKeys (ConfUtils.java:logGet(43)) - raft.server.rpc.timeout.min = 5s (custom)
2019-09-26 10:52:05,407 [pool-27-thread-1] INFO  server.RaftServerConfigKeys (ConfUtils.java:logGet(43)) - raft.server.rpc.timeout.max = 5200ms (custom)
2019-09-26 10:52:05,407 [pool-27-thread-1] INFO  server.RaftServerConfigKeys (ConfUtils.java:logGet(43)) - raft.server.rpcslowness.timeout = 120s (custom)
2019-09-26 10:52:05,407 [pool-27-thread-1] INFO  server.RaftServerConfigKeys (ConfUtils.java:logGet(43)) - raft.server.sleep.deviation.threshold = 300 (default)
2019-09-26 10:52:05,407 [pool-27-thread-1] INFO  server.RaftServerConfigKeys (ConfUtils.java:logGet(43)) - raft.server.log.appender.install.snapshot.enabled = false (custom)
2019-09-26 10:52:05,407 [pool-27-thread-1] INFO  impl.RaftServerImpl (ServerState.java:<init>(103)) - 0c06663d-3a07-4175-8dd2-9d41b1b53b1e@group-C0070F59A967: ConfigurationManager, init=-1: [0c06663d-3a07-4175-8dd2-9d41b1b53b1e:192.168.30.13:42265], old=null, confs=<EMPTY_MAP>
2019-09-26 10:52:05,408 [pool-27-thread-1] INFO  server.RaftServerConfigKeys (ConfUtils.java:logGet(43)) - raft.server.storage.dir = [/workdir/hadoop-ozone/ozonefs/target/test-dir/MiniOzoneClusterImpl-b00a5744-6e73-4fa1-a928-c24f0d5ffca4/datanode-0/data/ratis] (custom)
2019-09-26 10:52:05,408 [pool-27-thread-1] INFO  storage.RaftStorageDirectory (RaftStorageDirectory.java:analyzeStorage(246)) - The storage directory /workdir/hadoop-ozone/ozonefs/target/test-dir/MiniOzoneClusterImpl-b00a5744-6e73-4fa1-a928-c24f0d5ffca4/datanode-0/data/ratis/14b872af-2ec5-41af-8f95-c0070f59a967 does not exist. Creating ...
2019-09-26 10:52:05,421 [pool-27-thread-1] INFO  storage.RaftStorageDirectory (RaftStorageDirectory.java:tryLock(328)) - Lock on /workdir/hadoop-ozone/ozonefs/target/test-dir/MiniOzoneClusterImpl-b00a5744-6e73-4fa1-a928-c24f0d5ffca4/datanode-0/data/ratis/14b872af-2ec5-41af-8f95-c0070f59a967/in_use.lock acquired by nodename 31132@pr-hdds-1569-wvzgm-824869521
2019-09-26 10:52:05,435 [pool-27-thread-1] INFO  storage.RaftStorage (RaftStorage.java:format(72)) - Storage directory /workdir/hadoop-ozone/ozonefs/target/test-dir/MiniOzoneClusterImpl-b00a5744-6e73-4fa1-a928-c24f0d5ffca4/datanode-0/data/ratis/14b872af-2ec5-41af-8f95-c0070f59a967 has been successfully formatted.
2019-09-26 10:52:05,435 [pool-27-thread-1] INFO  ratis.ContainerStateMachine (ContainerStateMachine.java:loadSnapshot(230)) - group-C0070F59A967: The snapshot info is null. Setting the last applied indexto:(t:0, i:~)
2019-09-26 10:52:05,435 [pool-27-thread-1] INFO  server.RaftServerConfigKeys (ConfUtils.java:logGet(43)) - raft.server.notification.no-leader.timeout = 120s (custom)
2019-09-26 10:52:05,435 [pool-27-thread-1] INFO  server.RaftServerConfigKeys (ConfUtils.java:logGet(43)) - raft.server.log.use.memory = false (default)
2019-09-26 10:52:05,436 [pool-27-thread-1] INFO  server.RaftServerConfigKeys (ConfUtils.java:logGet(43)) - raft.server.log.purge.gap = 1000000 (custom)
2019-09-26 10:52:05,436 [pool-27-thread-1] INFO  server.RaftServerConfigKeys (ConfUtils.java:logGet(43)) - raft.server.log.appender.buffer.byte-limit = 33554432 (custom)
2019-09-26 10:52:05,436 [pool-27-thread-1] INFO  server.RaftServerConfigKeys (ConfUtils.java:logGet(43)) - raft.server.log.segment.size.max = 1048576 (custom)
2019-09-26 10:52:05,436 [pool-27-thread-1] INFO  server.RaftServerConfigKeys (ConfUtils.java:logGet(43)) - raft.server.log.segment.cache.num.max = 2 (custom)
2019-09-26 10:52:05,436 [pool-27-thread-1] INFO  segmented.SegmentedRaftLogWorker (SegmentedRaftLogWorker.java:<init>(172)) - new 0c06663d-3a07-4175-8dd2-9d41b1b53b1e@group-C0070F59A967-SegmentedRaftLogWorker for RaftStorage:Storage Directory /workdir/hadoop-ozone/ozonefs/target/test-dir/MiniOzoneClusterImpl-b00a5744-6e73-4fa1-a928-c24f0d5ffca4/datanode-0/data/ratis/14b872af-2ec5-41af-8f95-c0070f59a967
2019-09-26 10:52:05,436 [pool-27-thread-1] INFO  server.RaftServerConfigKeys (ConfUtils.java:logGet(43)) - raft.server.log.queue.byte-limit = 2147483647 (custom)
2019-09-26 10:52:05,437 [pool-27-thread-1] INFO  server.RaftServerConfigKeys (ConfUtils.java:logGet(43)) - raft.server.log.queue.element-limit = 1024 (custom)
2019-09-26 10:52:05,437 [pool-27-thread-1] INFO  server.RaftServerConfigKeys (ConfUtils.java:logGet(43)) - raft.server.log.segment.size.max = 1048576 (custom)
2019-09-26 10:52:05,437 [pool-27-thread-1] INFO  server.RaftServerConfigKeys (ConfUtils.java:logGet(43)) - raft.server.log.preallocated.size = 16384 (custom)
2019-09-26 10:52:05,437 [pool-27-thread-1] INFO  server.RaftServerConfigKeys (ConfUtils.java:logGet(43)) - raft.server.log.write.buffer.size = 33554432 (custom)
2019-09-26 10:52:05,437 [pool-27-thread-1] INFO  server.RaftServerConfigKeys (ConfUtils.java:logGet(43)) - raft.server.log.force.sync.num = 128 (default)
2019-09-26 10:52:05,437 [pool-27-thread-1] INFO  server.RaftServerConfigKeys (ConfUtils.java:logGet(43)) - raft.server.log.statemachine.data.sync = true (default)
2019-09-26 10:52:05,438 [pool-27-thread-1] INFO  server.RaftServerConfigKeys (ConfUtils.java:logGet(43)) - raft.server.log.statemachine.data.sync.timeout = 10s (default)
2019-09-26 10:52:05,438 [pool-27-thread-1] INFO  server.RaftServerConfigKeys (ConfUtils.java:logGet(43)) - raft.server.log.statemachine.data.sync.timeout.retry = -1 (default)
2019-09-26 10:52:05,438 [pool-27-thread-1] INFO  server.RaftServerConfigKeys (ConfUtils.java:logGet(43)) - raft.server.log.statemachine.data.caching.enabled = true (custom)
2019-09-26 10:52:05,438 [pool-27-thread-1] INFO  segmented.SegmentedRaftLogWorker (SegmentedRaftLogWorker.java:lambda$new$0(132)) - 0c06663d-3a07-4175-8dd2-9d41b1b53b1e@group-C0070F59A967-SegmentedRaftLogWorker: flushIndex: setUnconditionally 0 -> -1
2019-09-26 10:52:05,439 [pool-27-thread-1] INFO  server.RaftServerConfigKeys (ConfUtils.java:logGet(43)) - raft.server.snapshot.auto.trigger.enabled = true (custom)
2019-09-26 10:52:05,439 [pool-27-thread-1] INFO  server.RaftServerConfigKeys (ConfUtils.java:logGet(43)) - raft.server.snapshot.auto.trigger.threshold = 10000 (custom)
2019-09-26 10:52:05,439 [pool-27-thread-1] INFO  server.RaftServerConfigKeys (ConfUtils.java:logGet(43)) - raft.server.snapshot.retention.num.files = 5 (custom)
2019-09-26 10:52:05,439 [pool-27-thread-1] INFO  server.RaftServerConfigKeys (ConfUtils.java:logGet(43)) - raft.server.retrycache.expirytime = 600000ms (custom)
2019-09-26 10:52:05,442 [pool-27-thread-1] INFO  impl.RaftServerImpl (RaftServerImpl.java:start(185)) - 0c06663d-3a07-4175-8dd2-9d41b1b53b1e@group-C0070F59A967: start as a follower, conf=-1: [0c06663d-3a07-4175-8dd2-9d41b1b53b1e:192.168.30.13:42265], old=null
2019-09-26 10:52:05,442 [pool-27-thread-1] INFO  impl.RaftServerImpl (RaftServerImpl.java:setRole(174)) - 0c06663d-3a07-4175-8dd2-9d41b1b53b1e@group-C0070F59A967: changes role from      null to FOLLOWER at term 0 for startAsFollower
2019-09-26 10:52:05,443 [pool-27-thread-1] INFO  impl.RoleInfo (RoleInfo.java:updateAndGet(143)) - 0c06663d-3a07-4175-8dd2-9d41b1b53b1e: start FollowerState
2019-09-26 10:52:05,443 [pool-27-thread-1] INFO  util.JmxRegister (JmxRegister.java:tryRegister(44)) - Successfully registered JMX Bean with object name Ratis:service=RaftServer,group=group-C0070F59A967,id=0c06663d-3a07-4175-8dd2-9d41b1b53b1e
2019-09-26 10:52:05,449 [RatisPipelineUtilsThread] INFO  pipeline.PipelineStateManager (PipelineStateManager.java:addPipeline(56)) - Created pipeline Pipeline[ Id: 14b872af-2ec5-41af-8f95-c0070f59a967, Nodes: 0c06663d-3a07-4175-8dd2-9d41b1b53b1e{ip: 192.168.30.13, host: pr-hdds-1569-wvzgm-824869521, networkLocation: /default-rack, certSerialId: null}, Type:RATIS, Factor:ONE, State:OPEN]
2019-09-26 10:52:05,461 [grpc-default-executor-0] INFO  impl.RaftServerProxy (RaftServerProxy.java:addNew(89)) - c0d2ea87-aa22-42eb-bba4-0246f89d2958: addNew group-16CC8EC40316:[c0d2ea87-aa22-42eb-bba4-0246f89d2958:192.168.30.13:46118] returns group-16CC8EC40316:java.util.concurrent.CompletableFuture@2cc018f6[Not completed]
2019-09-26 10:52:05,462 [pool-67-thread-1] INFO  impl.RaftServerImpl (RaftServerImpl.java:<init>(95)) - c0d2ea87-aa22-42eb-bba4-0246f89d2958: new RaftServerImpl for group-16CC8EC40316:[c0d2ea87-aa22-42eb-bba4-0246f89d2958:192.168.30.13:46118] with ContainerStateMachine:uninitialized
2019-09-26 10:52:05,462 [pool-67-thread-1] INFO  server.RaftServerConfigKeys (ConfUtils.java:logGet(43)) - raft.server.rpc.timeout.min = 5s (custom)
2019-09-26 10:52:05,462 [pool-67-thread-1] INFO  server.RaftServerConfigKeys (ConfUtils.java:logGet(43)) - raft.server.rpc.timeout.max = 5200ms (custom)
2019-09-26 10:52:05,462 [pool-67-thread-1] INFO  server.RaftServerConfigKeys (ConfUtils.java:logGet(43)) - raft.server.rpcslowness.timeout = 120s (custom)
2019-09-26 10:52:05,463 [pool-67-thread-1] INFO  server.RaftServerConfigKeys (ConfUtils.java:logGet(43)) - raft.server.sleep.deviation.threshold = 300 (default)
2019-09-26 10:52:05,463 [pool-67-thread-1] INFO  server.RaftServerConfigKeys (ConfUtils.java:logGet(43)) - raft.server.log.appender.install.snapshot.enabled = false (custom)
2019-09-26 10:52:05,463 [pool-67-thread-1] INFO  impl.RaftServerImpl (ServerState.java:<init>(103)) - c0d2ea87-aa22-42eb-bba4-0246f89d2958@group-16CC8EC40316: ConfigurationManager, init=-1: [c0d2ea87-aa22-42eb-bba4-0246f89d2958:192.168.30.13:46118], old=null, confs=<EMPTY_MAP>
2019-09-26 10:52:05,463 [pool-67-thread-1] INFO  server.RaftServerConfigKeys (ConfUtils.java:logGet(43)) - raft.server.storage.dir = [/workdir/hadoop-ozone/ozonefs/target/test-dir/MiniOzoneClusterImpl-b00a5744-6e73-4fa1-a928-c24f0d5ffca4/datanode-4/data/ratis] (custom)
2019-09-26 10:52:05,463 [pool-67-thread-1] INFO  storage.RaftStorageDirectory (RaftStorageDirectory.java:analyzeStorage(246)) - The storage directory /workdir/hadoop-ozone/ozonefs/target/test-dir/MiniOzoneClusterImpl-b00a5744-6e73-4fa1-a928-c24f0d5ffca4/datanode-4/data/ratis/0a6b535f-958b-4ed4-9050-16cc8ec40316 does not exist. Creating ...
2019-09-26 10:52:05,477 [pool-67-thread-1] INFO  storage.RaftStorageDirectory (RaftStorageDirectory.java:tryLock(328)) - Lock on /workdir/hadoop-ozone/ozonefs/target/test-dir/MiniOzoneClusterImpl-b00a5744-6e73-4fa1-a928-c24f0d5ffca4/datanode-4/data/ratis/0a6b535f-958b-4ed4-9050-16cc8ec40316/in_use.lock acquired by nodename 31132@pr-hdds-1569-wvzgm-824869521
2019-09-26 10:52:05,490 [pool-67-thread-1] INFO  storage.RaftStorage (RaftStorage.java:format(72)) - Storage directory /workdir/hadoop-ozone/ozonefs/target/test-dir/MiniOzoneClusterImpl-b00a5744-6e73-4fa1-a928-c24f0d5ffca4/datanode-4/data/ratis/0a6b535f-958b-4ed4-9050-16cc8ec40316 has been successfully formatted.
2019-09-26 10:52:05,491 [pool-67-thread-1] INFO  ratis.ContainerStateMachine (ContainerStateMachine.java:loadSnapshot(230)) - group-16CC8EC40316: The snapshot info is null. Setting the last applied indexto:(t:0, i:~)
2019-09-26 10:52:05,491 [pool-67-thread-1] INFO  server.RaftServerConfigKeys (ConfUtils.java:logGet(43)) - raft.server.notification.no-leader.timeout = 120s (custom)
2019-09-26 10:52:05,491 [pool-67-thread-1] INFO  server.RaftServerConfigKeys (ConfUtils.java:logGet(43)) - raft.server.log.use.memory = false (default)
2019-09-26 10:52:05,491 [pool-67-thread-1] INFO  server.RaftServerConfigKeys (ConfUtils.java:logGet(43)) - raft.server.log.purge.gap = 1000000 (custom)
2019-09-26 10:52:05,491 [pool-67-thread-1] INFO  server.RaftServerConfigKeys (ConfUtils.java:logGet(43)) - raft.server.log.appender.buffer.byte-limit = 33554432 (custom)
2019-09-26 10:52:05,492 [pool-67-thread-1] INFO  server.RaftServerConfigKeys (ConfUtils.java:logGet(43)) - raft.server.log.segment.size.max = 1048576 (custom)
2019-09-26 10:52:05,492 [pool-67-thread-1] INFO  server.RaftServerConfigKeys (ConfUtils.java:logGet(43)) - raft.server.log.segment.cache.num.max = 2 (custom)
2019-09-26 10:52:05,492 [pool-67-thread-1] INFO  segmented.SegmentedRaftLogWorker (SegmentedRaftLogWorker.java:<init>(172)) - new c0d2ea87-aa22-42eb-bba4-0246f89d2958@group-16CC8EC40316-SegmentedRaftLogWorker for RaftStorage:Storage Directory /workdir/hadoop-ozone/ozonefs/target/test-dir/MiniOzoneClusterImpl-b00a5744-6e73-4fa1-a928-c24f0d5ffca4/datanode-4/data/ratis/0a6b535f-958b-4ed4-9050-16cc8ec40316
2019-09-26 10:52:05,492 [pool-67-thread-1] INFO  server.RaftServerConfigKeys (ConfUtils.java:logGet(43)) - raft.server.log.queue.byte-limit = 2147483647 (custom)
2019-09-26 10:52:05,492 [pool-67-thread-1] INFO  server.RaftServerConfigKeys (ConfUtils.java:logGet(43)) - raft.server.log.queue.element-limit = 1024 (custom)
2019-09-26 10:52:05,492 [pool-67-thread-1] INFO  server.RaftServerConfigKeys (ConfUtils.java:logGet(43)) - raft.server.log.segment.size.max = 1048576 (custom)
2019-09-26 10:52:05,493 [pool-67-thread-1] INFO  server.RaftServerConfigKeys (ConfUtils.java:logGet(43)) - raft.server.log.preallocated.size = 16384 (custom)
2019-09-26 10:52:05,493 [pool-67-thread-1] INFO  server.RaftServerConfigKeys (ConfUtils.java:logGet(43)) - raft.server.log.write.buffer.size = 33554432 (custom)
2019-09-26 10:52:05,493 [pool-67-thread-1] INFO  server.RaftServerConfigKeys (ConfUtils.java:logGet(43)) - raft.server.log.force.sync.num = 128 (default)
2019-09-26 10:52:05,493 [pool-67-thread-1] INFO  server.RaftServerConfigKeys (ConfUtils.java:logGet(43)) - raft.server.log.statemachine.data.sync = true (default)
2019-09-26 10:52:05,493 [pool-67-thread-1] INFO  server.RaftServerConfigKeys (ConfUtils.java:logGet(43)) - raft.server.log.statemachine.data.sync.timeout = 10s (default)
2019-09-26 10:52:05,493 [pool-67-thread-1] INFO  server.RaftServerConfigKeys (ConfUtils.java:logGet(43)) - raft.server.log.statemachine.data.sync.timeout.retry = -1 (default)
2019-09-26 10:52:05,494 [pool-67-thread-1] INFO  server.RaftServerConfigKeys (ConfUtils.java:logGet(43)) - raft.server.log.statemachine.data.caching.enabled = true (custom)
2019-09-26 10:52:05,494 [pool-67-thread-1] INFO  segmented.SegmentedRaftLogWorker (SegmentedRaftLogWorker.java:lambda$new$0(132)) - c0d2ea87-aa22-42eb-bba4-0246f89d2958@group-16CC8EC40316-SegmentedRaftLogWorker: flushIndex: setUnconditionally 0 -> -1
2019-09-26 10:52:05,494 [pool-67-thread-1] INFO  server.RaftServerConfigKeys (ConfUtils.java:logGet(43)) - raft.server.snapshot.auto.trigger.enabled = true (custom)
2019-09-26 10:52:05,495 [pool-67-thread-1] INFO  server.RaftServerConfigKeys (ConfUtils.java:logGet(43)) - raft.server.snapshot.auto.trigger.threshold = 10000 (custom)
2019-09-26 10:52:05,495 [pool-67-thread-1] INFO  server.RaftServerConfigKeys (ConfUtils.java:logGet(43)) - raft.server.snapshot.retention.num.files = 5 (custom)
2019-09-26 10:52:05,495 [pool-67-thread-1] INFO  server.RaftServerConfigKeys (ConfUtils.java:logGet(43)) - raft.server.retrycache.expirytime = 600000ms (custom)
2019-09-26 10:52:05,500 [pool-67-thread-1] INFO  impl.RaftServerImpl (RaftServerImpl.java:start(185)) - c0d2ea87-aa22-42eb-bba4-0246f89d2958@group-16CC8EC40316: start as a follower, conf=-1: [c0d2ea87-aa22-42eb-bba4-0246f89d2958:192.168.30.13:46118], old=null
2019-09-26 10:52:05,501 [pool-67-thread-1] INFO  impl.RaftServerImpl (RaftServerImpl.java:setRole(174)) - c0d2ea87-aa22-42eb-bba4-0246f89d2958@group-16CC8EC40316: changes role from      null to FOLLOWER at term 0 for startAsFollower
2019-09-26 10:52:05,501 [pool-67-thread-1] INFO  impl.RoleInfo (RoleInfo.java:updateAndGet(143)) - c0d2ea87-aa22-42eb-bba4-0246f89d2958: start FollowerState
2019-09-26 10:52:05,501 [pool-67-thread-1] INFO  util.JmxRegister (JmxRegister.java:tryRegister(44)) - Successfully registered JMX Bean with object name Ratis:service=RaftServer,group=group-16CC8EC40316,id=c0d2ea87-aa22-42eb-bba4-0246f89d2958
2019-09-26 10:52:05,507 [RatisPipelineUtilsThread] INFO  pipeline.PipelineStateManager (PipelineStateManager.java:addPipeline(56)) - Created pipeline Pipeline[ Id: 0a6b535f-958b-4ed4-9050-16cc8ec40316, Nodes: c0d2ea87-aa22-42eb-bba4-0246f89d2958{ip: 192.168.30.13, host: pr-hdds-1569-wvzgm-824869521, networkLocation: /default-rack, certSerialId: null}, Type:RATIS, Factor:ONE, State:OPEN]
2019-09-26 10:52:05,519 [grpc-default-executor-0] INFO  impl.RaftServerProxy (RaftServerProxy.java:addNew(89)) - 0c06663d-3a07-4175-8dd2-9d41b1b53b1e: addNew group-ACA0A93DFC28:[0c06663d-3a07-4175-8dd2-9d41b1b53b1e:192.168.30.13:42265] returns group-ACA0A93DFC28:java.util.concurrent.CompletableFuture@6745d8aa[Not completed]
2019-09-26 10:52:05,520 [pool-27-thread-1] INFO  impl.RaftServerImpl (RaftServerImpl.java:<init>(95)) - 0c06663d-3a07-4175-8dd2-9d41b1b53b1e: new RaftServerImpl for group-ACA0A93DFC28:[0c06663d-3a07-4175-8dd2-9d41b1b53b1e:192.168.30.13:42265] with ContainerStateMachine:uninitialized
2019-09-26 10:52:05,521 [pool-27-thread-1] INFO  server.RaftServerConfigKeys (ConfUtils.java:logGet(43)) - raft.server.rpc.timeout.min = 5s (custom)
2019-09-26 10:52:05,521 [pool-27-thread-1] INFO  server.RaftServerConfigKeys (ConfUtils.java:logGet(43)) - raft.server.rpc.timeout.max = 5200ms (custom)
2019-09-26 10:52:05,521 [pool-27-thread-1] INFO  server.RaftServerConfigKeys (ConfUtils.java:logGet(43)) - raft.server.rpcslowness.timeout = 120s (custom)
2019-09-26 10:52:05,521 [pool-27-thread-1] INFO  server.RaftServerConfigKeys (ConfUtils.java:logGet(43)) - raft.server.sleep.deviation.threshold = 300 (default)
2019-09-26 10:52:05,521 [pool-27-thread-1] INFO  server.RaftServerConfigKeys (ConfUtils.java:logGet(43)) - raft.server.log.appender.install.snapshot.enabled = false (custom)
2019-09-26 10:52:05,521 [pool-27-thread-1] INFO  impl.RaftServerImpl (ServerState.java:<init>(103)) - 0c06663d-3a07-4175-8dd2-9d41b1b53b1e@group-ACA0A93DFC28: ConfigurationManager, init=-1: [0c06663d-3a07-4175-8dd2-9d41b1b53b1e:192.168.30.13:42265], old=null, confs=<EMPTY_MAP>
2019-09-26 10:52:05,522 [pool-27-thread-1] INFO  server.RaftServerConfigKeys (ConfUtils.java:logGet(43)) - raft.server.storage.dir = [/workdir/hadoop-ozone/ozonefs/target/test-dir/MiniOzoneClusterImpl-b00a5744-6e73-4fa1-a928-c24f0d5ffca4/datanode-0/data/ratis] (custom)
2019-09-26 10:52:05,522 [pool-27-thread-1] INFO  storage.RaftStorageDirectory (RaftStorageDirectory.java:analyzeStorage(246)) - The storage directory /workdir/hadoop-ozone/ozonefs/target/test-dir/MiniOzoneClusterImpl-b00a5744-6e73-4fa1-a928-c24f0d5ffca4/datanode-0/data/ratis/a1d6fe3f-ff50-41b0-b265-aca0a93dfc28 does not exist. Creating ...
2019-09-26 10:52:05,535 [pool-27-thread-1] INFO  storage.RaftStorageDirectory (RaftStorageDirectory.java:tryLock(328)) - Lock on /workdir/hadoop-ozone/ozonefs/target/test-dir/MiniOzoneClusterImpl-b00a5744-6e73-4fa1-a928-c24f0d5ffca4/datanode-0/data/ratis/a1d6fe3f-ff50-41b0-b265-aca0a93dfc28/in_use.lock acquired by nodename 31132@pr-hdds-1569-wvzgm-824869521
2019-09-26 10:52:05,548 [pool-27-thread-1] INFO  storage.RaftStorage (RaftStorage.java:format(72)) - Storage directory /workdir/hadoop-ozone/ozonefs/target/test-dir/MiniOzoneClusterImpl-b00a5744-6e73-4fa1-a928-c24f0d5ffca4/datanode-0/data/ratis/a1d6fe3f-ff50-41b0-b265-aca0a93dfc28 has been successfully formatted.
2019-09-26 10:52:05,548 [pool-27-thread-1] INFO  ratis.ContainerStateMachine (ContainerStateMachine.java:loadSnapshot(230)) - group-ACA0A93DFC28: The snapshot info is null. Setting the last applied indexto:(t:0, i:~)
2019-09-26 10:52:05,548 [pool-27-thread-1] INFO  server.RaftServerConfigKeys (ConfUtils.java:logGet(43)) - raft.server.notification.no-leader.timeout = 120s (custom)
2019-09-26 10:52:05,548 [pool-27-thread-1] INFO  server.RaftServerConfigKeys (ConfUtils.java:logGet(43)) - raft.server.log.use.memory = false (default)
2019-09-26 10:52:05,549 [pool-27-thread-1] INFO  server.RaftServerConfigKeys (ConfUtils.java:logGet(43)) - raft.server.log.purge.gap = 1000000 (custom)
2019-09-26 10:52:05,549 [pool-27-thread-1] INFO  server.RaftServerConfigKeys (ConfUtils.java:logGet(43)) - raft.server.log.appender.buffer.byte-limit = 33554432 (custom)
2019-09-26 10:52:05,549 [pool-27-thread-1] INFO  server.RaftServerConfigKeys (ConfUtils.java:logGet(43)) - raft.server.log.segment.size.max = 1048576 (custom)
2019-09-26 10:52:05,549 [pool-27-thread-1] INFO  server.RaftServerConfigKeys (ConfUtils.java:logGet(43)) - raft.server.log.segment.cache.num.max = 2 (custom)
2019-09-26 10:52:05,549 [pool-27-thread-1] INFO  segmented.SegmentedRaftLogWorker (SegmentedRaftLogWorker.java:<init>(172)) - new 0c06663d-3a07-4175-8dd2-9d41b1b53b1e@group-ACA0A93DFC28-SegmentedRaftLogWorker for RaftStorage:Storage Directory /workdir/hadoop-ozone/ozonefs/target/test-dir/MiniOzoneClusterImpl-b00a5744-6e73-4fa1-a928-c24f0d5ffca4/datanode-0/data/ratis/a1d6fe3f-ff50-41b0-b265-aca0a93dfc28
2019-09-26 10:52:05,549 [pool-27-thread-1] INFO  server.RaftServerConfigKeys (ConfUtils.java:logGet(43)) - raft.server.log.queue.byte-limit = 2147483647 (custom)
2019-09-26 10:52:05,550 [pool-27-thread-1] INFO  server.RaftServerConfigKeys (ConfUtils.java:logGet(43)) - raft.server.log.queue.element-limit = 1024 (custom)
2019-09-26 10:52:05,550 [pool-27-thread-1] INFO  server.RaftServerConfigKeys (ConfUtils.java:logGet(43)) - raft.server.log.segment.size.max = 1048576 (custom)
2019-09-26 10:52:05,550 [pool-27-thread-1] INFO  server.RaftServerConfigKeys (ConfUtils.java:logGet(43)) - raft.server.log.preallocated.size = 16384 (custom)
2019-09-26 10:52:05,550 [pool-27-thread-1] INFO  server.RaftServerConfigKeys (ConfUtils.java:logGet(43)) - raft.server.log.write.buffer.size = 33554432 (custom)
2019-09-26 10:52:05,550 [pool-27-thread-1] INFO  server.RaftServerConfigKeys (ConfUtils.java:logGet(43)) - raft.server.log.force.sync.num = 128 (default)
2019-09-26 10:52:05,550 [pool-27-thread-1] INFO  server.RaftServerConfigKeys (ConfUtils.java:logGet(43)) - raft.server.log.statemachine.data.sync = true (default)
2019-09-26 10:52:05,551 [pool-27-thread-1] INFO  server.RaftServerConfigKeys (ConfUtils.java:logGet(43)) - raft.server.log.statemachine.data.sync.timeout = 10s (default)
2019-09-26 10:52:05,551 [pool-27-thread-1] INFO  server.RaftServerConfigKeys (ConfUtils.java:logGet(43)) - raft.server.log.statemachine.data.sync.timeout.retry = -1 (default)
2019-09-26 10:52:05,551 [pool-27-thread-1] INFO  server.RaftServerConfigKeys (ConfUtils.java:logGet(43)) - raft.server.log.statemachine.data.caching.enabled = true (custom)
2019-09-26 10:52:05,551 [pool-27-thread-1] INFO  segmented.SegmentedRaftLogWorker (SegmentedRaftLogWorker.java:lambda$new$0(132)) - 0c06663d-3a07-4175-8dd2-9d41b1b53b1e@group-ACA0A93DFC28-SegmentedRaftLogWorker: flushIndex: setUnconditionally 0 -> -1
2019-09-26 10:52:05,552 [pool-27-thread-1] INFO  server.RaftServerConfigKeys (ConfUtils.java:logGet(43)) - raft.server.snapshot.auto.trigger.enabled = true (custom)
2019-09-26 10:52:05,552 [pool-27-thread-1] INFO  server.RaftServerConfigKeys (ConfUtils.java:logGet(43)) - raft.server.snapshot.auto.trigger.threshold = 10000 (custom)
2019-09-26 10:52:05,552 [pool-27-thread-1] INFO  server.RaftServerConfigKeys (ConfUtils.java:logGet(43)) - raft.server.snapshot.retention.num.files = 5 (custom)
2019-09-26 10:52:05,552 [pool-27-thread-1] INFO  server.RaftServerConfigKeys (ConfUtils.java:logGet(43)) - raft.server.retrycache.expirytime = 600000ms (custom)
2019-09-26 10:52:05,555 [pool-27-thread-1] INFO  impl.RaftServerImpl (RaftServerImpl.java:start(185)) - 0c06663d-3a07-4175-8dd2-9d41b1b53b1e@group-ACA0A93DFC28: start as a follower, conf=-1: [0c06663d-3a07-4175-8dd2-9d41b1b53b1e:192.168.30.13:42265], old=null
2019-09-26 10:52:05,555 [pool-27-thread-1] INFO  impl.RaftServerImpl (RaftServerImpl.java:setRole(174)) - 0c06663d-3a07-4175-8dd2-9d41b1b53b1e@group-ACA0A93DFC28: changes role from      null to FOLLOWER at term 0 for startAsFollower
2019-09-26 10:52:05,555 [pool-27-thread-1] INFO  impl.RoleInfo (RoleInfo.java:updateAndGet(143)) - 0c06663d-3a07-4175-8dd2-9d41b1b53b1e: start FollowerState
2019-09-26 10:52:05,556 [pool-27-thread-1] INFO  util.JmxRegister (JmxRegister.java:tryRegister(44)) - Successfully registered JMX Bean with object name Ratis:service=RaftServer,group=group-ACA0A93DFC28,id=0c06663d-3a07-4175-8dd2-9d41b1b53b1e
2019-09-26 10:52:05,562 [RatisPipelineUtilsThread] INFO  pipeline.PipelineStateManager (PipelineStateManager.java:addPipeline(56)) - Created pipeline Pipeline[ Id: a1d6fe3f-ff50-41b0-b265-aca0a93dfc28, Nodes: 0c06663d-3a07-4175-8dd2-9d41b1b53b1e{ip: 192.168.30.13, host: pr-hdds-1569-wvzgm-824869521, networkLocation: /default-rack, certSerialId: null}, Type:RATIS, Factor:ONE, State:OPEN]
2019-09-26 10:52:05,562 [RatisPipelineUtilsThread] INFO  pipeline.PipelinePlacementPolicy (PipelinePlacementPolicy.java:meetCriteria(91)) - Pipeline Placement: can't place more pipeline on heavy datanode： 0c06663d-3a07-4175-8dd2-9d41b1b53b1e Heaviness: 6 limit: 5
2019-09-26 10:52:05,574 [grpc-default-executor-1] INFO  impl.RaftServerProxy (RaftServerProxy.java:addNew(89)) - 557f9f1f-13f1-4e9a-b9bb-f7fbe560edab: addNew group-45F28B6522CF:[557f9f1f-13f1-4e9a-b9bb-f7fbe560edab:192.168.30.13:38394] returns group-45F28B6522CF:java.util.concurrent.CompletableFuture@72994f2b[Not completed]
2019-09-26 10:52:05,575 [pool-107-thread-1] INFO  impl.RaftServerImpl (RaftServerImpl.java:<init>(95)) - 557f9f1f-13f1-4e9a-b9bb-f7fbe560edab: new RaftServerImpl for group-45F28B6522CF:[557f9f1f-13f1-4e9a-b9bb-f7fbe560edab:192.168.30.13:38394] with ContainerStateMachine:uninitialized
2019-09-26 10:52:05,576 [pool-107-thread-1] INFO  server.RaftServerConfigKeys (ConfUtils.java:logGet(43)) - raft.server.rpc.timeout.min = 5s (custom)
2019-09-26 10:52:05,576 [pool-107-thread-1] INFO  server.RaftServerConfigKeys (ConfUtils.java:logGet(43)) - raft.server.rpc.timeout.max = 5200ms (custom)
2019-09-26 10:52:05,576 [pool-107-thread-1] INFO  server.RaftServerConfigKeys (ConfUtils.java:logGet(43)) - raft.server.rpcslowness.timeout = 120s (custom)
2019-09-26 10:52:05,576 [pool-107-thread-1] INFO  server.RaftServerConfigKeys (ConfUtils.java:logGet(43)) - raft.server.sleep.deviation.threshold = 300 (default)
2019-09-26 10:52:05,576 [pool-107-thread-1] INFO  server.RaftServerConfigKeys (ConfUtils.java:logGet(43)) - raft.server.log.appender.install.snapshot.enabled = false (custom)
2019-09-26 10:52:05,577 [pool-107-thread-1] INFO  impl.RaftServerImpl (ServerState.java:<init>(103)) - 557f9f1f-13f1-4e9a-b9bb-f7fbe560edab@group-45F28B6522CF: ConfigurationManager, init=-1: [557f9f1f-13f1-4e9a-b9bb-f7fbe560edab:192.168.30.13:38394], old=null, confs=<EMPTY_MAP>
2019-09-26 10:52:05,577 [pool-107-thread-1] INFO  server.RaftServerConfigKeys (ConfUtils.java:logGet(43)) - raft.server.storage.dir = [/workdir/hadoop-ozone/ozonefs/target/test-dir/MiniOzoneClusterImpl-b00a5744-6e73-4fa1-a928-c24f0d5ffca4/datanode-8/data/ratis] (custom)
2019-09-26 10:52:05,577 [pool-107-thread-1] INFO  storage.RaftStorageDirectory (RaftStorageDirectory.java:analyzeStorage(246)) - The storage directory /workdir/hadoop-ozone/ozonefs/target/test-dir/MiniOzoneClusterImpl-b00a5744-6e73-4fa1-a928-c24f0d5ffca4/datanode-8/data/ratis/d1e72b36-51ba-4ae5-898d-45f28b6522cf does not exist. Creating ...
2019-09-26 10:52:05,590 [pool-107-thread-1] INFO  storage.RaftStorageDirectory (RaftStorageDirectory.java:tryLock(328)) - Lock on /workdir/hadoop-ozone/ozonefs/target/test-dir/MiniOzoneClusterImpl-b00a5744-6e73-4fa1-a928-c24f0d5ffca4/datanode-8/data/ratis/d1e72b36-51ba-4ae5-898d-45f28b6522cf/in_use.lock acquired by nodename 31132@pr-hdds-1569-wvzgm-824869521
2019-09-26 10:52:05,606 [pool-107-thread-1] INFO  storage.RaftStorage (RaftStorage.java:format(72)) - Storage directory /workdir/hadoop-ozone/ozonefs/target/test-dir/MiniOzoneClusterImpl-b00a5744-6e73-4fa1-a928-c24f0d5ffca4/datanode-8/data/ratis/d1e72b36-51ba-4ae5-898d-45f28b6522cf has been successfully formatted.
2019-09-26 10:52:05,606 [pool-107-thread-1] INFO  ratis.ContainerStateMachine (ContainerStateMachine.java:loadSnapshot(230)) - group-45F28B6522CF: The snapshot info is null. Setting the last applied indexto:(t:0, i:~)
2019-09-26 10:52:05,606 [pool-107-thread-1] INFO  server.RaftServerConfigKeys (ConfUtils.java:logGet(43)) - raft.server.notification.no-leader.timeout = 120s (custom)
2019-09-26 10:52:05,606 [pool-107-thread-1] INFO  server.RaftServerConfigKeys (ConfUtils.java:logGet(43)) - raft.server.log.use.memory = false (default)
2019-09-26 10:52:05,606 [pool-107-thread-1] INFO  server.RaftServerConfigKeys (ConfUtils.java:logGet(43)) - raft.server.log.purge.gap = 1000000 (custom)
2019-09-26 10:52:05,607 [pool-107-thread-1] INFO  server.RaftServerConfigKeys (ConfUtils.java:logGet(43)) - raft.server.log.appender.buffer.byte-limit = 33554432 (custom)
2019-09-26 10:52:05,607 [pool-107-thread-1] INFO  server.RaftServerConfigKeys (ConfUtils.java:logGet(43)) - raft.server.log.segment.size.max = 1048576 (custom)
2019-09-26 10:52:05,607 [pool-107-thread-1] INFO  server.RaftServerConfigKeys (ConfUtils.java:logGet(43)) - raft.server.log.segment.cache.num.max = 2 (custom)
2019-09-26 10:52:05,607 [pool-107-thread-1] INFO  segmented.SegmentedRaftLogWorker (SegmentedRaftLogWorker.java:<init>(172)) - new 557f9f1f-13f1-4e9a-b9bb-f7fbe560edab@group-45F28B6522CF-SegmentedRaftLogWorker for RaftStorage:Storage Directory /workdir/hadoop-ozone/ozonefs/target/test-dir/MiniOzoneClusterImpl-b00a5744-6e73-4fa1-a928-c24f0d5ffca4/datanode-8/data/ratis/d1e72b36-51ba-4ae5-898d-45f28b6522cf
2019-09-26 10:52:05,607 [pool-107-thread-1] INFO  server.RaftServerConfigKeys (ConfUtils.java:logGet(43)) - raft.server.log.queue.byte-limit = 2147483647 (custom)
2019-09-26 10:52:05,607 [pool-107-thread-1] INFO  server.RaftServerConfigKeys (ConfUtils.java:logGet(43)) - raft.server.log.queue.element-limit = 1024 (custom)
2019-09-26 10:52:05,607 [pool-107-thread-1] INFO  server.RaftServerConfigKeys (ConfUtils.java:logGet(43)) - raft.server.log.segment.size.max = 1048576 (custom)
2019-09-26 10:52:05,608 [pool-107-thread-1] INFO  server.RaftServerConfigKeys (ConfUtils.java:logGet(43)) - raft.server.log.preallocated.size = 16384 (custom)
2019-09-26 10:52:05,608 [pool-107-thread-1] INFO  server.RaftServerConfigKeys (ConfUtils.java:logGet(43)) - raft.server.log.write.buffer.size = 33554432 (custom)
2019-09-26 10:52:05,608 [pool-107-thread-1] INFO  server.RaftServerConfigKeys (ConfUtils.java:logGet(43)) - raft.server.log.force.sync.num = 128 (default)
2019-09-26 10:52:05,608 [pool-107-thread-1] INFO  server.RaftServerConfigKeys (ConfUtils.java:logGet(43)) - raft.server.log.statemachine.data.sync = true (default)
2019-09-26 10:52:05,608 [pool-107-thread-1] INFO  server.RaftServerConfigKeys (ConfUtils.java:logGet(43)) - raft.server.log.statemachine.data.sync.timeout = 10s (default)
2019-09-26 10:52:05,608 [pool-107-thread-1] INFO  server.RaftServerConfigKeys (ConfUtils.java:logGet(43)) - raft.server.log.statemachine.data.sync.timeout.retry = -1 (default)
2019-09-26 10:52:05,611 [pool-107-thread-1] INFO  server.RaftServerConfigKeys (ConfUtils.java:logGet(43)) - raft.server.log.statemachine.data.caching.enabled = true (custom)
2019-09-26 10:52:05,612 [pool-107-thread-1] INFO  segmented.SegmentedRaftLogWorker (SegmentedRaftLogWorker.java:lambda$new$0(132)) - 557f9f1f-13f1-4e9a-b9bb-f7fbe560edab@group-45F28B6522CF-SegmentedRaftLogWorker: flushIndex: setUnconditionally 0 -> -1
2019-09-26 10:52:05,612 [pool-107-thread-1] INFO  server.RaftServerConfigKeys (ConfUtils.java:logGet(43)) - raft.server.snapshot.auto.trigger.enabled = true (custom)
2019-09-26 10:52:05,612 [pool-107-thread-1] INFO  server.RaftServerConfigKeys (ConfUtils.java:logGet(43)) - raft.server.snapshot.auto.trigger.threshold = 10000 (custom)
2019-09-26 10:52:05,612 [pool-107-thread-1] INFO  server.RaftServerConfigKeys (ConfUtils.java:logGet(43)) - raft.server.snapshot.retention.num.files = 5 (custom)
2019-09-26 10:52:05,613 [pool-107-thread-1] INFO  server.RaftServerConfigKeys (ConfUtils.java:logGet(43)) - raft.server.retrycache.expirytime = 600000ms (custom)
2019-09-26 10:52:05,615 [pool-107-thread-1] INFO  impl.RaftServerImpl (RaftServerImpl.java:start(185)) - 557f9f1f-13f1-4e9a-b9bb-f7fbe560edab@group-45F28B6522CF: start as a follower, conf=-1: [557f9f1f-13f1-4e9a-b9bb-f7fbe560edab:192.168.30.13:38394], old=null
2019-09-26 10:52:05,615 [pool-107-thread-1] INFO  impl.RaftServerImpl (RaftServerImpl.java:setRole(174)) - 557f9f1f-13f1-4e9a-b9bb-f7fbe560edab@group-45F28B6522CF: changes role from      null to FOLLOWER at term 0 for startAsFollower
2019-09-26 10:52:05,615 [pool-107-thread-1] INFO  impl.RoleInfo (RoleInfo.java:updateAndGet(143)) - 557f9f1f-13f1-4e9a-b9bb-f7fbe560edab: start FollowerState
2019-09-26 10:52:05,616 [pool-107-thread-1] INFO  util.JmxRegister (JmxRegister.java:tryRegister(44)) - Successfully registered JMX Bean with object name Ratis:service=RaftServer,group=group-45F28B6522CF,id=557f9f1f-13f1-4e9a-b9bb-f7fbe560edab
2019-09-26 10:52:05,622 [RatisPipelineUtilsThread] INFO  pipeline.PipelineStateManager (PipelineStateManager.java:addPipeline(56)) - Created pipeline Pipeline[ Id: d1e72b36-51ba-4ae5-898d-45f28b6522cf, Nodes: 557f9f1f-13f1-4e9a-b9bb-f7fbe560edab{ip: 192.168.30.13, host: pr-hdds-1569-wvzgm-824869521, networkLocation: /default-rack, certSerialId: null}, Type:RATIS, Factor:ONE, State:OPEN]
2019-09-26 10:52:05,622 [RatisPipelineUtilsThread] INFO  pipeline.PipelinePlacementPolicy (PipelinePlacementPolicy.java:meetCriteria(91)) - Pipeline Placement: can't place more pipeline on heavy datanode： 0c06663d-3a07-4175-8dd2-9d41b1b53b1e Heaviness: 6 limit: 5
2019-09-26 10:52:05,644 [grpc-default-executor-1] INFO  impl.RaftServerProxy (RaftServerProxy.java:addNew(89)) - 87e84624-1b40-4389-b682-d98fe76436d1: addNew group-20135ADEBC33:[87e84624-1b40-4389-b682-d98fe76436d1:192.168.30.13:32768] returns group-20135ADEBC33:java.util.concurrent.CompletableFuture@7861245b[Not completed]
2019-09-26 10:52:05,646 [pool-37-thread-1] INFO  impl.RaftServerImpl (RaftServerImpl.java:<init>(95)) - 87e84624-1b40-4389-b682-d98fe76436d1: new RaftServerImpl for group-20135ADEBC33:[87e84624-1b40-4389-b682-d98fe76436d1:192.168.30.13:32768] with ContainerStateMachine:uninitialized
2019-09-26 10:52:05,646 [pool-37-thread-1] INFO  server.RaftServerConfigKeys (ConfUtils.java:logGet(43)) - raft.server.rpc.timeout.min = 5s (custom)
2019-09-26 10:52:05,646 [pool-37-thread-1] INFO  server.RaftServerConfigKeys (ConfUtils.java:logGet(43)) - raft.server.rpc.timeout.max = 5200ms (custom)
2019-09-26 10:52:05,646 [pool-37-thread-1] INFO  server.RaftServerConfigKeys (ConfUtils.java:logGet(43)) - raft.server.rpcslowness.timeout = 120s (custom)
2019-09-26 10:52:05,646 [pool-37-thread-1] INFO  server.RaftServerConfigKeys (ConfUtils.java:logGet(43)) - raft.server.sleep.deviation.threshold = 300 (default)
2019-09-26 10:52:05,647 [pool-37-thread-1] INFO  server.RaftServerConfigKeys (ConfUtils.java:logGet(43)) - raft.server.log.appender.install.snapshot.enabled = false (custom)
2019-09-26 10:52:05,647 [pool-37-thread-1] INFO  impl.RaftServerImpl (ServerState.java:<init>(103)) - 87e84624-1b40-4389-b682-d98fe76436d1@group-20135ADEBC33: ConfigurationManager, init=-1: [87e84624-1b40-4389-b682-d98fe76436d1:192.168.30.13:32768], old=null, confs=<EMPTY_MAP>
2019-09-26 10:52:05,647 [pool-37-thread-1] INFO  server.RaftServerConfigKeys (ConfUtils.java:logGet(43)) - raft.server.storage.dir = [/workdir/hadoop-ozone/ozonefs/target/test-dir/MiniOzoneClusterImpl-b00a5744-6e73-4fa1-a928-c24f0d5ffca4/datanode-1/data/ratis] (custom)
2019-09-26 10:52:05,647 [pool-37-thread-1] INFO  storage.RaftStorageDirectory (RaftStorageDirectory.java:analyzeStorage(246)) - The storage directory /workdir/hadoop-ozone/ozonefs/target/test-dir/MiniOzoneClusterImpl-b00a5744-6e73-4fa1-a928-c24f0d5ffca4/datanode-1/data/ratis/18b8eb9f-905a-4b6a-8763-20135adebc33 does not exist. Creating ...
2019-09-26 10:52:05,660 [pool-37-thread-1] INFO  storage.RaftStorageDirectory (RaftStorageDirectory.java:tryLock(328)) - Lock on /workdir/hadoop-ozone/ozonefs/target/test-dir/MiniOzoneClusterImpl-b00a5744-6e73-4fa1-a928-c24f0d5ffca4/datanode-1/data/ratis/18b8eb9f-905a-4b6a-8763-20135adebc33/in_use.lock acquired by nodename 31132@pr-hdds-1569-wvzgm-824869521
2019-09-26 10:52:05,674 [pool-37-thread-1] INFO  storage.RaftStorage (RaftStorage.java:format(72)) - Storage directory /workdir/hadoop-ozone/ozonefs/target/test-dir/MiniOzoneClusterImpl-b00a5744-6e73-4fa1-a928-c24f0d5ffca4/datanode-1/data/ratis/18b8eb9f-905a-4b6a-8763-20135adebc33 has been successfully formatted.
2019-09-26 10:52:05,674 [pool-37-thread-1] INFO  ratis.ContainerStateMachine (ContainerStateMachine.java:loadSnapshot(230)) - group-20135ADEBC33: The snapshot info is null. Setting the last applied indexto:(t:0, i:~)
2019-09-26 10:52:05,674 [pool-37-thread-1] INFO  server.RaftServerConfigKeys (ConfUtils.java:logGet(43)) - raft.server.notification.no-leader.timeout = 120s (custom)
2019-09-26 10:52:05,674 [pool-37-thread-1] INFO  server.RaftServerConfigKeys (ConfUtils.java:logGet(43)) - raft.server.log.use.memory = false (default)
2019-09-26 10:52:05,675 [pool-37-thread-1] INFO  server.RaftServerConfigKeys (ConfUtils.java:logGet(43)) - raft.server.log.purge.gap = 1000000 (custom)
2019-09-26 10:52:05,675 [pool-37-thread-1] INFO  server.RaftServerConfigKeys (ConfUtils.java:logGet(43)) - raft.server.log.appender.buffer.byte-limit = 33554432 (custom)
2019-09-26 10:52:05,675 [pool-37-thread-1] INFO  server.RaftServerConfigKeys (ConfUtils.java:logGet(43)) - raft.server.log.segment.size.max = 1048576 (custom)
2019-09-26 10:52:05,675 [pool-37-thread-1] INFO  server.RaftServerConfigKeys (ConfUtils.java:logGet(43)) - raft.server.log.segment.cache.num.max = 2 (custom)
2019-09-26 10:52:05,675 [pool-37-thread-1] INFO  segmented.SegmentedRaftLogWorker (SegmentedRaftLogWorker.java:<init>(172)) - new 87e84624-1b40-4389-b682-d98fe76436d1@group-20135ADEBC33-SegmentedRaftLogWorker for RaftStorage:Storage Directory /workdir/hadoop-ozone/ozonefs/target/test-dir/MiniOzoneClusterImpl-b00a5744-6e73-4fa1-a928-c24f0d5ffca4/datanode-1/data/ratis/18b8eb9f-905a-4b6a-8763-20135adebc33
2019-09-26 10:52:05,675 [pool-37-thread-1] INFO  server.RaftServerConfigKeys (ConfUtils.java:logGet(43)) - raft.server.log.queue.byte-limit = 2147483647 (custom)
2019-09-26 10:52:05,675 [pool-37-thread-1] INFO  server.RaftServerConfigKeys (ConfUtils.java:logGet(43)) - raft.server.log.queue.element-limit = 1024 (custom)
2019-09-26 10:52:05,676 [pool-37-thread-1] INFO  server.RaftServerConfigKeys (ConfUtils.java:logGet(43)) - raft.server.log.segment.size.max = 1048576 (custom)
2019-09-26 10:52:05,676 [pool-37-thread-1] INFO  server.RaftServerConfigKeys (ConfUtils.java:logGet(43)) - raft.server.log.preallocated.size = 16384 (custom)
2019-09-26 10:52:05,676 [pool-37-thread-1] INFO  server.RaftServerConfigKeys (ConfUtils.java:logGet(43)) - raft.server.log.write.buffer.size = 33554432 (custom)
2019-09-26 10:52:05,676 [pool-37-thread-1] INFO  server.RaftServerConfigKeys (ConfUtils.java:logGet(43)) - raft.server.log.force.sync.num = 128 (default)
2019-09-26 10:52:05,676 [pool-37-thread-1] INFO  server.RaftServerConfigKeys (ConfUtils.java:logGet(43)) - raft.server.log.statemachine.data.sync = true (default)
2019-09-26 10:52:05,676 [pool-37-thread-1] INFO  server.RaftServerConfigKeys (ConfUtils.java:logGet(43)) - raft.server.log.statemachine.data.sync.timeout = 10s (default)
2019-09-26 10:52:05,676 [pool-37-thread-1] INFO  server.RaftServerConfigKeys (ConfUtils.java:logGet(43)) - raft.server.log.statemachine.data.sync.timeout.retry = -1 (default)
2019-09-26 10:52:05,677 [pool-37-thread-1] INFO  server.RaftServerConfigKeys (ConfUtils.java:logGet(43)) - raft.server.log.statemachine.data.caching.enabled = true (custom)
2019-09-26 10:52:05,677 [pool-37-thread-1] INFO  segmented.SegmentedRaftLogWorker (SegmentedRaftLogWorker.java:lambda$new$0(132)) - 87e84624-1b40-4389-b682-d98fe76436d1@group-20135ADEBC33-SegmentedRaftLogWorker: flushIndex: setUnconditionally 0 -> -1
2019-09-26 10:52:05,677 [pool-37-thread-1] INFO  server.RaftServerConfigKeys (ConfUtils.java:logGet(43)) - raft.server.snapshot.auto.trigger.enabled = true (custom)
2019-09-26 10:52:05,678 [pool-37-thread-1] INFO  server.RaftServerConfigKeys (ConfUtils.java:logGet(43)) - raft.server.snapshot.auto.trigger.threshold = 10000 (custom)
2019-09-26 10:52:05,678 [pool-37-thread-1] INFO  server.RaftServerConfigKeys (ConfUtils.java:logGet(43)) - raft.server.snapshot.retention.num.files = 5 (custom)
2019-09-26 10:52:05,678 [pool-37-thread-1] INFO  server.RaftServerConfigKeys (ConfUtils.java:logGet(43)) - raft.server.retrycache.expirytime = 600000ms (custom)
2019-09-26 10:52:05,680 [pool-37-thread-1] INFO  impl.RaftServerImpl (RaftServerImpl.java:start(185)) - 87e84624-1b40-4389-b682-d98fe76436d1@group-20135ADEBC33: start as a follower, conf=-1: [87e84624-1b40-4389-b682-d98fe76436d1:192.168.30.13:32768], old=null
2019-09-26 10:52:05,681 [pool-37-thread-1] INFO  impl.RaftServerImpl (RaftServerImpl.java:setRole(174)) - 87e84624-1b40-4389-b682-d98fe76436d1@group-20135ADEBC33: changes role from      null to FOLLOWER at term 0 for startAsFollower
2019-09-26 10:52:05,681 [pool-37-thread-1] INFO  impl.RoleInfo (RoleInfo.java:updateAndGet(143)) - 87e84624-1b40-4389-b682-d98fe76436d1: start FollowerState
2019-09-26 10:52:05,681 [pool-37-thread-1] INFO  util.JmxRegister (JmxRegister.java:tryRegister(44)) - Successfully registered JMX Bean with object name Ratis:service=RaftServer,group=group-20135ADEBC33,id=87e84624-1b40-4389-b682-d98fe76436d1
2019-09-26 10:52:05,687 [RatisPipelineUtilsThread] INFO  pipeline.PipelineStateManager (PipelineStateManager.java:addPipeline(56)) - Created pipeline Pipeline[ Id: 18b8eb9f-905a-4b6a-8763-20135adebc33, Nodes: 87e84624-1b40-4389-b682-d98fe76436d1{ip: 192.168.30.13, host: pr-hdds-1569-wvzgm-824869521, networkLocation: /default-rack, certSerialId: null}, Type:RATIS, Factor:ONE, State:OPEN]
2019-09-26 10:52:05,687 [RatisPipelineUtilsThread] INFO  pipeline.PipelinePlacementPolicy (PipelinePlacementPolicy.java:meetCriteria(91)) - Pipeline Placement: can't place more pipeline on heavy datanode： 0c06663d-3a07-4175-8dd2-9d41b1b53b1e Heaviness: 6 limit: 5
2019-09-26 10:52:05,699 [grpc-default-executor-1] INFO  impl.RaftServerProxy (RaftServerProxy.java:addNew(89)) - 2253380d-6ddc-421c-86f6-26acdb90a8c4: addNew group-0173DCD625A6:[2253380d-6ddc-421c-86f6-26acdb90a8c4:192.168.30.13:39629] returns group-0173DCD625A6:java.util.concurrent.CompletableFuture@5bb55a3[Not completed]
2019-09-26 10:52:05,701 [pool-57-thread-1] INFO  impl.RaftServerImpl (RaftServerImpl.java:<init>(95)) - 2253380d-6ddc-421c-86f6-26acdb90a8c4: new RaftServerImpl for group-0173DCD625A6:[2253380d-6ddc-421c-86f6-26acdb90a8c4:192.168.30.13:39629] with ContainerStateMachine:uninitialized
2019-09-26 10:52:05,701 [pool-57-thread-1] INFO  server.RaftServerConfigKeys (ConfUtils.java:logGet(43)) - raft.server.rpc.timeout.min = 5s (custom)
2019-09-26 10:52:05,701 [pool-57-thread-1] INFO  server.RaftServerConfigKeys (ConfUtils.java:logGet(43)) - raft.server.rpc.timeout.max = 5200ms (custom)
2019-09-26 10:52:05,701 [pool-57-thread-1] INFO  server.RaftServerConfigKeys (ConfUtils.java:logGet(43)) - raft.server.rpcslowness.timeout = 120s (custom)
2019-09-26 10:52:05,701 [pool-57-thread-1] INFO  server.RaftServerConfigKeys (ConfUtils.java:logGet(43)) - raft.server.sleep.deviation.threshold = 300 (default)
2019-09-26 10:52:05,701 [pool-57-thread-1] INFO  server.RaftServerConfigKeys (ConfUtils.java:logGet(43)) - raft.server.log.appender.install.snapshot.enabled = false (custom)
2019-09-26 10:52:05,702 [pool-57-thread-1] INFO  impl.RaftServerImpl (ServerState.java:<init>(103)) - 2253380d-6ddc-421c-86f6-26acdb90a8c4@group-0173DCD625A6: ConfigurationManager, init=-1: [2253380d-6ddc-421c-86f6-26acdb90a8c4:192.168.30.13:39629], old=null, confs=<EMPTY_MAP>
2019-09-26 10:52:05,702 [pool-57-thread-1] INFO  server.RaftServerConfigKeys (ConfUtils.java:logGet(43)) - raft.server.storage.dir = [/workdir/hadoop-ozone/ozonefs/target/test-dir/MiniOzoneClusterImpl-b00a5744-6e73-4fa1-a928-c24f0d5ffca4/datanode-3/data/ratis] (custom)
2019-09-26 10:52:05,702 [pool-57-thread-1] INFO  storage.RaftStorageDirectory (RaftStorageDirectory.java:analyzeStorage(246)) - The storage directory /workdir/hadoop-ozone/ozonefs/target/test-dir/MiniOzoneClusterImpl-b00a5744-6e73-4fa1-a928-c24f0d5ffca4/datanode-3/data/ratis/782a77ec-23da-4036-ab2e-0173dcd625a6 does not exist. Creating ...
2019-09-26 10:52:05,715 [pool-57-thread-1] INFO  storage.RaftStorageDirectory (RaftStorageDirectory.java:tryLock(328)) - Lock on /workdir/hadoop-ozone/ozonefs/target/test-dir/MiniOzoneClusterImpl-b00a5744-6e73-4fa1-a928-c24f0d5ffca4/datanode-3/data/ratis/782a77ec-23da-4036-ab2e-0173dcd625a6/in_use.lock acquired by nodename 31132@pr-hdds-1569-wvzgm-824869521
2019-09-26 10:52:05,728 [pool-57-thread-1] INFO  storage.RaftStorage (RaftStorage.java:format(72)) - Storage directory /workdir/hadoop-ozone/ozonefs/target/test-dir/MiniOzoneClusterImpl-b00a5744-6e73-4fa1-a928-c24f0d5ffca4/datanode-3/data/ratis/782a77ec-23da-4036-ab2e-0173dcd625a6 has been successfully formatted.
2019-09-26 10:52:05,728 [pool-57-thread-1] INFO  ratis.ContainerStateMachine (ContainerStateMachine.java:loadSnapshot(230)) - group-0173DCD625A6: The snapshot info is null. Setting the last applied indexto:(t:0, i:~)
2019-09-26 10:52:05,728 [pool-57-thread-1] INFO  server.RaftServerConfigKeys (ConfUtils.java:logGet(43)) - raft.server.notification.no-leader.timeout = 120s (custom)
2019-09-26 10:52:05,728 [pool-57-thread-1] INFO  server.RaftServerConfigKeys (ConfUtils.java:logGet(43)) - raft.server.log.use.memory = false (default)
2019-09-26 10:52:05,728 [pool-57-thread-1] INFO  server.RaftServerConfigKeys (ConfUtils.java:logGet(43)) - raft.server.log.purge.gap = 1000000 (custom)
2019-09-26 10:52:05,728 [pool-57-thread-1] INFO  server.RaftServerConfigKeys (ConfUtils.java:logGet(43)) - raft.server.log.appender.buffer.byte-limit = 33554432 (custom)
2019-09-26 10:52:05,728 [pool-57-thread-1] INFO  server.RaftServerConfigKeys (ConfUtils.java:logGet(43)) - raft.server.log.segment.size.max = 1048576 (custom)
2019-09-26 10:52:05,729 [pool-57-thread-1] INFO  server.RaftServerConfigKeys (ConfUtils.java:logGet(43)) - raft.server.log.segment.cache.num.max = 2 (custom)
2019-09-26 10:52:05,729 [pool-57-thread-1] INFO  segmented.SegmentedRaftLogWorker (SegmentedRaftLogWorker.java:<init>(172)) - new 2253380d-6ddc-421c-86f6-26acdb90a8c4@group-0173DCD625A6-SegmentedRaftLogWorker for RaftStorage:Storage Directory /workdir/hadoop-ozone/ozonefs/target/test-dir/MiniOzoneClusterImpl-b00a5744-6e73-4fa1-a928-c24f0d5ffca4/datanode-3/data/ratis/782a77ec-23da-4036-ab2e-0173dcd625a6
2019-09-26 10:52:05,729 [pool-57-thread-1] INFO  server.RaftServerConfigKeys (ConfUtils.java:logGet(43)) - raft.server.log.queue.byte-limit = 2147483647 (custom)
2019-09-26 10:52:05,729 [pool-57-thread-1] INFO  server.RaftServerConfigKeys (ConfUtils.java:logGet(43)) - raft.server.log.queue.element-limit = 1024 (custom)
2019-09-26 10:52:05,729 [pool-57-thread-1] INFO  server.RaftServerConfigKeys (ConfUtils.java:logGet(43)) - raft.server.log.segment.size.max = 1048576 (custom)
2019-09-26 10:52:05,729 [pool-57-thread-1] INFO  server.RaftServerConfigKeys (ConfUtils.java:logGet(43)) - raft.server.log.preallocated.size = 16384 (custom)
2019-09-26 10:52:05,729 [pool-57-thread-1] INFO  server.RaftServerConfigKeys (ConfUtils.java:logGet(43)) - raft.server.log.write.buffer.size = 33554432 (custom)
2019-09-26 10:52:05,729 [pool-57-thread-1] INFO  server.RaftServerConfigKeys (ConfUtils.java:logGet(43)) - raft.server.log.force.sync.num = 128 (default)
2019-09-26 10:52:05,729 [pool-57-thread-1] INFO  server.RaftServerConfigKeys (ConfUtils.java:logGet(43)) - raft.server.log.statemachine.data.sync = true (default)
2019-09-26 10:52:05,730 [pool-57-thread-1] INFO  server.RaftServerConfigKeys (ConfUtils.java:logGet(43)) - raft.server.log.statemachine.data.sync.timeout = 10s (default)
2019-09-26 10:52:05,730 [pool-57-thread-1] INFO  server.RaftServerConfigKeys (ConfUtils.java:logGet(43)) - raft.server.log.statemachine.data.sync.timeout.retry = -1 (default)
2019-09-26 10:52:05,730 [pool-57-thread-1] INFO  server.RaftServerConfigKeys (ConfUtils.java:logGet(43)) - raft.server.log.statemachine.data.caching.enabled = true (custom)
2019-09-26 10:52:05,730 [pool-57-thread-1] INFO  segmented.SegmentedRaftLogWorker (SegmentedRaftLogWorker.java:lambda$new$0(132)) - 2253380d-6ddc-421c-86f6-26acdb90a8c4@group-0173DCD625A6-SegmentedRaftLogWorker: flushIndex: setUnconditionally 0 -> -1
2019-09-26 10:52:05,730 [pool-57-thread-1] INFO  server.RaftServerConfigKeys (ConfUtils.java:logGet(43)) - raft.server.snapshot.auto.trigger.enabled = true (custom)
2019-09-26 10:52:05,730 [pool-57-thread-1] INFO  server.RaftServerConfigKeys (ConfUtils.java:logGet(43)) - raft.server.snapshot.auto.trigger.threshold = 10000 (custom)
2019-09-26 10:52:05,730 [pool-57-thread-1] INFO  server.RaftServerConfigKeys (ConfUtils.java:logGet(43)) - raft.server.snapshot.retention.num.files = 5 (custom)
2019-09-26 10:52:05,731 [pool-57-thread-1] INFO  server.RaftServerConfigKeys (ConfUtils.java:logGet(43)) - raft.server.retrycache.expirytime = 600000ms (custom)
2019-09-26 10:52:05,733 [pool-57-thread-1] INFO  impl.RaftServerImpl (RaftServerImpl.java:start(185)) - 2253380d-6ddc-421c-86f6-26acdb90a8c4@group-0173DCD625A6: start as a follower, conf=-1: [2253380d-6ddc-421c-86f6-26acdb90a8c4:192.168.30.13:39629], old=null
2019-09-26 10:52:05,733 [pool-57-thread-1] INFO  impl.RaftServerImpl (RaftServerImpl.java:setRole(174)) - 2253380d-6ddc-421c-86f6-26acdb90a8c4@group-0173DCD625A6: changes role from      null to FOLLOWER at term 0 for startAsFollower
2019-09-26 10:52:05,733 [pool-57-thread-1] INFO  impl.RoleInfo (RoleInfo.java:updateAndGet(143)) - 2253380d-6ddc-421c-86f6-26acdb90a8c4: start FollowerState
2019-09-26 10:52:05,733 [pool-57-thread-1] INFO  util.JmxRegister (JmxRegister.java:tryRegister(44)) - Successfully registered JMX Bean with object name Ratis:service=RaftServer,group=group-0173DCD625A6,id=2253380d-6ddc-421c-86f6-26acdb90a8c4
2019-09-26 10:52:05,739 [RatisPipelineUtilsThread] INFO  pipeline.PipelineStateManager (PipelineStateManager.java:addPipeline(56)) - Created pipeline Pipeline[ Id: 782a77ec-23da-4036-ab2e-0173dcd625a6, Nodes: 2253380d-6ddc-421c-86f6-26acdb90a8c4{ip: 192.168.30.13, host: pr-hdds-1569-wvzgm-824869521, networkLocation: /default-rack, certSerialId: null}, Type:RATIS, Factor:ONE, State:OPEN]
2019-09-26 10:52:05,739 [RatisPipelineUtilsThread] INFO  pipeline.PipelinePlacementPolicy (PipelinePlacementPolicy.java:meetCriteria(91)) - Pipeline Placement: can't place more pipeline on heavy datanode： 0c06663d-3a07-4175-8dd2-9d41b1b53b1e Heaviness: 6 limit: 5
2019-09-26 10:52:05,752 [grpc-default-executor-1] INFO  impl.RaftServerProxy (RaftServerProxy.java:addNew(89)) - c0d2ea87-aa22-42eb-bba4-0246f89d2958: addNew group-9AE3FBFBDFD5:[c0d2ea87-aa22-42eb-bba4-0246f89d2958:192.168.30.13:46118] returns group-9AE3FBFBDFD5:java.util.concurrent.CompletableFuture@7d2632d6[Not completed]
2019-09-26 10:52:05,753 [pool-67-thread-1] INFO  impl.RaftServerImpl (RaftServerImpl.java:<init>(95)) - c0d2ea87-aa22-42eb-bba4-0246f89d2958: new RaftServerImpl for group-9AE3FBFBDFD5:[c0d2ea87-aa22-42eb-bba4-0246f89d2958:192.168.30.13:46118] with ContainerStateMachine:uninitialized
2019-09-26 10:52:05,753 [pool-67-thread-1] INFO  server.RaftServerConfigKeys (ConfUtils.java:logGet(43)) - raft.server.rpc.timeout.min = 5s (custom)
2019-09-26 10:52:05,754 [pool-67-thread-1] INFO  server.RaftServerConfigKeys (ConfUtils.java:logGet(43)) - raft.server.rpc.timeout.max = 5200ms (custom)
2019-09-26 10:52:05,754 [pool-67-thread-1] INFO  server.RaftServerConfigKeys (ConfUtils.java:logGet(43)) - raft.server.rpcslowness.timeout = 120s (custom)
2019-09-26 10:52:05,754 [pool-67-thread-1] INFO  server.RaftServerConfigKeys (ConfUtils.java:logGet(43)) - raft.server.sleep.deviation.threshold = 300 (default)
2019-09-26 10:52:05,754 [pool-67-thread-1] INFO  server.RaftServerConfigKeys (ConfUtils.java:logGet(43)) - raft.server.log.appender.install.snapshot.enabled = false (custom)
2019-09-26 10:52:05,754 [pool-67-thread-1] INFO  impl.RaftServerImpl (ServerState.java:<init>(103)) - c0d2ea87-aa22-42eb-bba4-0246f89d2958@group-9AE3FBFBDFD5: ConfigurationManager, init=-1: [c0d2ea87-aa22-42eb-bba4-0246f89d2958:192.168.30.13:46118], old=null, confs=<EMPTY_MAP>
2019-09-26 10:52:05,754 [pool-67-thread-1] INFO  server.RaftServerConfigKeys (ConfUtils.java:logGet(43)) - raft.server.storage.dir = [/workdir/hadoop-ozone/ozonefs/target/test-dir/MiniOzoneClusterImpl-b00a5744-6e73-4fa1-a928-c24f0d5ffca4/datanode-4/data/ratis] (custom)
2019-09-26 10:52:05,755 [pool-67-thread-1] INFO  storage.RaftStorageDirectory (RaftStorageDirectory.java:analyzeStorage(246)) - The storage directory /workdir/hadoop-ozone/ozonefs/target/test-dir/MiniOzoneClusterImpl-b00a5744-6e73-4fa1-a928-c24f0d5ffca4/datanode-4/data/ratis/db7bd01e-e116-40fe-9464-9ae3fbfbdfd5 does not exist. Creating ...
2019-09-26 10:52:05,768 [pool-67-thread-1] INFO  storage.RaftStorageDirectory (RaftStorageDirectory.java:tryLock(328)) - Lock on /workdir/hadoop-ozone/ozonefs/target/test-dir/MiniOzoneClusterImpl-b00a5744-6e73-4fa1-a928-c24f0d5ffca4/datanode-4/data/ratis/db7bd01e-e116-40fe-9464-9ae3fbfbdfd5/in_use.lock acquired by nodename 31132@pr-hdds-1569-wvzgm-824869521
2019-09-26 10:52:05,781 [pool-67-thread-1] INFO  storage.RaftStorage (RaftStorage.java:format(72)) - Storage directory /workdir/hadoop-ozone/ozonefs/target/test-dir/MiniOzoneClusterImpl-b00a5744-6e73-4fa1-a928-c24f0d5ffca4/datanode-4/data/ratis/db7bd01e-e116-40fe-9464-9ae3fbfbdfd5 has been successfully formatted.
2019-09-26 10:52:05,781 [pool-67-thread-1] INFO  ratis.ContainerStateMachine (ContainerStateMachine.java:loadSnapshot(230)) - group-9AE3FBFBDFD5: The snapshot info is null. Setting the last applied indexto:(t:0, i:~)
2019-09-26 10:52:05,781 [pool-67-thread-1] INFO  server.RaftServerConfigKeys (ConfUtils.java:logGet(43)) - raft.server.notification.no-leader.timeout = 120s (custom)
2019-09-26 10:52:05,781 [pool-67-thread-1] INFO  server.RaftServerConfigKeys (ConfUtils.java:logGet(43)) - raft.server.log.use.memory = false (default)
2019-09-26 10:52:05,781 [pool-67-thread-1] INFO  server.RaftServerConfigKeys (ConfUtils.java:logGet(43)) - raft.server.log.purge.gap = 1000000 (custom)
2019-09-26 10:52:05,782 [pool-67-thread-1] INFO  server.RaftServerConfigKeys (ConfUtils.java:logGet(43)) - raft.server.log.appender.buffer.byte-limit = 33554432 (custom)
2019-09-26 10:52:05,782 [pool-67-thread-1] INFO  server.RaftServerConfigKeys (ConfUtils.java:logGet(43)) - raft.server.log.segment.size.max = 1048576 (custom)
2019-09-26 10:52:05,782 [pool-67-thread-1] INFO  server.RaftServerConfigKeys (ConfUtils.java:logGet(43)) - raft.server.log.segment.cache.num.max = 2 (custom)
2019-09-26 10:52:05,782 [pool-67-thread-1] INFO  segmented.SegmentedRaftLogWorker (SegmentedRaftLogWorker.java:<init>(172)) - new c0d2ea87-aa22-42eb-bba4-0246f89d2958@group-9AE3FBFBDFD5-SegmentedRaftLogWorker for RaftStorage:Storage Directory /workdir/hadoop-ozone/ozonefs/target/test-dir/MiniOzoneClusterImpl-b00a5744-6e73-4fa1-a928-c24f0d5ffca4/datanode-4/data/ratis/db7bd01e-e116-40fe-9464-9ae3fbfbdfd5
2019-09-26 10:52:05,782 [pool-67-thread-1] INFO  server.RaftServerConfigKeys (ConfUtils.java:logGet(43)) - raft.server.log.queue.byte-limit = 2147483647 (custom)
2019-09-26 10:52:05,782 [pool-67-thread-1] INFO  server.RaftServerConfigKeys (ConfUtils.java:logGet(43)) - raft.server.log.queue.element-limit = 1024 (custom)
2019-09-26 10:52:05,783 [pool-67-thread-1] INFO  server.RaftServerConfigKeys (ConfUtils.java:logGet(43)) - raft.server.log.segment.size.max = 1048576 (custom)
2019-09-26 10:52:05,783 [pool-67-thread-1] INFO  server.RaftServerConfigKeys (ConfUtils.java:logGet(43)) - raft.server.log.preallocated.size = 16384 (custom)
2019-09-26 10:52:05,783 [pool-67-thread-1] INFO  server.RaftServerConfigKeys (ConfUtils.java:logGet(43)) - raft.server.log.write.buffer.size = 33554432 (custom)
2019-09-26 10:52:05,783 [pool-67-thread-1] INFO  server.RaftServerConfigKeys (ConfUtils.java:logGet(43)) - raft.server.log.force.sync.num = 128 (default)
2019-09-26 10:52:05,783 [pool-67-thread-1] INFO  server.RaftServerConfigKeys (ConfUtils.java:logGet(43)) - raft.server.log.statemachine.data.sync = true (default)
2019-09-26 10:52:05,783 [pool-67-thread-1] INFO  server.RaftServerConfigKeys (ConfUtils.java:logGet(43)) - raft.server.log.statemachine.data.sync.timeout = 10s (default)
2019-09-26 10:52:05,783 [pool-67-thread-1] INFO  server.RaftServerConfigKeys (ConfUtils.java:logGet(43)) - raft.server.log.statemachine.data.sync.timeout.retry = -1 (default)
2019-09-26 10:52:05,784 [pool-67-thread-1] INFO  server.RaftServerConfigKeys (ConfUtils.java:logGet(43)) - raft.server.log.statemachine.data.caching.enabled = true (custom)
2019-09-26 10:52:05,784 [pool-67-thread-1] INFO  segmented.SegmentedRaftLogWorker (SegmentedRaftLogWorker.java:lambda$new$0(132)) - c0d2ea87-aa22-42eb-bba4-0246f89d2958@group-9AE3FBFBDFD5-SegmentedRaftLogWorker: flushIndex: setUnconditionally 0 -> -1
2019-09-26 10:52:05,784 [pool-67-thread-1] INFO  server.RaftServerConfigKeys (ConfUtils.java:logGet(43)) - raft.server.snapshot.auto.trigger.enabled = true (custom)
2019-09-26 10:52:05,784 [pool-67-thread-1] INFO  server.RaftServerConfigKeys (ConfUtils.java:logGet(43)) - raft.server.snapshot.auto.trigger.threshold = 10000 (custom)
2019-09-26 10:52:05,785 [pool-67-thread-1] INFO  server.RaftServerConfigKeys (ConfUtils.java:logGet(43)) - raft.server.snapshot.retention.num.files = 5 (custom)
2019-09-26 10:52:05,785 [pool-67-thread-1] INFO  server.RaftServerConfigKeys (ConfUtils.java:logGet(43)) - raft.server.retrycache.expirytime = 600000ms (custom)
2019-09-26 10:52:05,787 [pool-67-thread-1] INFO  impl.RaftServerImpl (RaftServerImpl.java:start(185)) - c0d2ea87-aa22-42eb-bba4-0246f89d2958@group-9AE3FBFBDFD5: start as a follower, conf=-1: [c0d2ea87-aa22-42eb-bba4-0246f89d2958:192.168.30.13:46118], old=null
2019-09-26 10:52:05,787 [pool-67-thread-1] INFO  impl.RaftServerImpl (RaftServerImpl.java:setRole(174)) - c0d2ea87-aa22-42eb-bba4-0246f89d2958@group-9AE3FBFBDFD5: changes role from      null to FOLLOWER at term 0 for startAsFollower
2019-09-26 10:52:05,787 [pool-67-thread-1] INFO  impl.RoleInfo (RoleInfo.java:updateAndGet(143)) - c0d2ea87-aa22-42eb-bba4-0246f89d2958: start FollowerState
2019-09-26 10:52:05,788 [pool-67-thread-1] INFO  util.JmxRegister (JmxRegister.java:tryRegister(44)) - Successfully registered JMX Bean with object name Ratis:service=RaftServer,group=group-9AE3FBFBDFD5,id=c0d2ea87-aa22-42eb-bba4-0246f89d2958
2019-09-26 10:52:05,793 [RatisPipelineUtilsThread] INFO  pipeline.PipelineStateManager (PipelineStateManager.java:addPipeline(56)) - Created pipeline Pipeline[ Id: db7bd01e-e116-40fe-9464-9ae3fbfbdfd5, Nodes: c0d2ea87-aa22-42eb-bba4-0246f89d2958{ip: 192.168.30.13, host: pr-hdds-1569-wvzgm-824869521, networkLocation: /default-rack, certSerialId: null}, Type:RATIS, Factor:ONE, State:OPEN]
2019-09-26 10:52:05,794 [RatisPipelineUtilsThread] INFO  pipeline.PipelinePlacementPolicy (PipelinePlacementPolicy.java:meetCriteria(91)) - Pipeline Placement: can't place more pipeline on heavy datanode： 0c06663d-3a07-4175-8dd2-9d41b1b53b1e Heaviness: 6 limit: 5
2019-09-26 10:52:05,805 [grpc-default-executor-1] INFO  impl.RaftServerProxy (RaftServerProxy.java:addNew(89)) - c0d2ea87-aa22-42eb-bba4-0246f89d2958: addNew group-23AD51FD0A40:[c0d2ea87-aa22-42eb-bba4-0246f89d2958:192.168.30.13:46118] returns group-23AD51FD0A40:java.util.concurrent.CompletableFuture@2851a3b[Not completed]
2019-09-26 10:52:05,805 [pool-67-thread-1] INFO  impl.RaftServerImpl (RaftServerImpl.java:<init>(95)) - c0d2ea87-aa22-42eb-bba4-0246f89d2958: new RaftServerImpl for group-23AD51FD0A40:[c0d2ea87-aa22-42eb-bba4-0246f89d2958:192.168.30.13:46118] with ContainerStateMachine:uninitialized
2019-09-26 10:52:05,806 [pool-67-thread-1] INFO  server.RaftServerConfigKeys (ConfUtils.java:logGet(43)) - raft.server.rpc.timeout.min = 5s (custom)
2019-09-26 10:52:05,806 [pool-67-thread-1] INFO  server.RaftServerConfigKeys (ConfUtils.java:logGet(43)) - raft.server.rpc.timeout.max = 5200ms (custom)
2019-09-26 10:52:05,806 [pool-67-thread-1] INFO  server.RaftServerConfigKeys (ConfUtils.java:logGet(43)) - raft.server.rpcslowness.timeout = 120s (custom)
2019-09-26 10:52:05,806 [pool-67-thread-1] INFO  server.RaftServerConfigKeys (ConfUtils.java:logGet(43)) - raft.server.sleep.deviation.threshold = 300 (default)
2019-09-26 10:52:05,806 [pool-67-thread-1] INFO  server.RaftServerConfigKeys (ConfUtils.java:logGet(43)) - raft.server.log.appender.install.snapshot.enabled = false (custom)
2019-09-26 10:52:05,806 [pool-67-thread-1] INFO  impl.RaftServerImpl (ServerState.java:<init>(103)) - c0d2ea87-aa22-42eb-bba4-0246f89d2958@group-23AD51FD0A40: ConfigurationManager, init=-1: [c0d2ea87-aa22-42eb-bba4-0246f89d2958:192.168.30.13:46118], old=null, confs=<EMPTY_MAP>
2019-09-26 10:52:05,806 [pool-67-thread-1] INFO  server.RaftServerConfigKeys (ConfUtils.java:logGet(43)) - raft.server.storage.dir = [/workdir/hadoop-ozone/ozonefs/target/test-dir/MiniOzoneClusterImpl-b00a5744-6e73-4fa1-a928-c24f0d5ffca4/datanode-4/data/ratis] (custom)
2019-09-26 10:52:05,807 [pool-67-thread-1] INFO  storage.RaftStorageDirectory (RaftStorageDirectory.java:analyzeStorage(246)) - The storage directory /workdir/hadoop-ozone/ozonefs/target/test-dir/MiniOzoneClusterImpl-b00a5744-6e73-4fa1-a928-c24f0d5ffca4/datanode-4/data/ratis/badd9937-e595-482d-a78f-23ad51fd0a40 does not exist. Creating ...
2019-09-26 10:52:05,820 [pool-67-thread-1] INFO  storage.RaftStorageDirectory (RaftStorageDirectory.java:tryLock(328)) - Lock on /workdir/hadoop-ozone/ozonefs/target/test-dir/MiniOzoneClusterImpl-b00a5744-6e73-4fa1-a928-c24f0d5ffca4/datanode-4/data/ratis/badd9937-e595-482d-a78f-23ad51fd0a40/in_use.lock acquired by nodename 31132@pr-hdds-1569-wvzgm-824869521
2019-09-26 10:52:05,833 [pool-67-thread-1] INFO  storage.RaftStorage (RaftStorage.java:format(72)) - Storage directory /workdir/hadoop-ozone/ozonefs/target/test-dir/MiniOzoneClusterImpl-b00a5744-6e73-4fa1-a928-c24f0d5ffca4/datanode-4/data/ratis/badd9937-e595-482d-a78f-23ad51fd0a40 has been successfully formatted.
2019-09-26 10:52:05,833 [pool-67-thread-1] INFO  ratis.ContainerStateMachine (ContainerStateMachine.java:loadSnapshot(230)) - group-23AD51FD0A40: The snapshot info is null. Setting the last applied indexto:(t:0, i:~)
2019-09-26 10:52:05,833 [pool-67-thread-1] INFO  server.RaftServerConfigKeys (ConfUtils.java:logGet(43)) - raft.server.notification.no-leader.timeout = 120s (custom)
2019-09-26 10:52:05,833 [pool-67-thread-1] INFO  server.RaftServerConfigKeys (ConfUtils.java:logGet(43)) - raft.server.log.use.memory = false (default)
2019-09-26 10:52:05,833 [pool-67-thread-1] INFO  server.RaftServerConfigKeys (ConfUtils.java:logGet(43)) - raft.server.log.purge.gap = 1000000 (custom)
2019-09-26 10:52:05,833 [pool-67-thread-1] INFO  server.RaftServerConfigKeys (ConfUtils.java:logGet(43)) - raft.server.log.appender.buffer.byte-limit = 33554432 (custom)
2019-09-26 10:52:05,834 [pool-67-thread-1] INFO  server.RaftServerConfigKeys (ConfUtils.java:logGet(43)) - raft.server.log.segment.size.max = 1048576 (custom)
2019-09-26 10:52:05,834 [pool-67-thread-1] INFO  server.RaftServerConfigKeys (ConfUtils.java:logGet(43)) - raft.server.log.segment.cache.num.max = 2 (custom)
2019-09-26 10:52:05,834 [pool-67-thread-1] INFO  segmented.SegmentedRaftLogWorker (SegmentedRaftLogWorker.java:<init>(172)) - new c0d2ea87-aa22-42eb-bba4-0246f89d2958@group-23AD51FD0A40-SegmentedRaftLogWorker for RaftStorage:Storage Directory /workdir/hadoop-ozone/ozonefs/target/test-dir/MiniOzoneClusterImpl-b00a5744-6e73-4fa1-a928-c24f0d5ffca4/datanode-4/data/ratis/badd9937-e595-482d-a78f-23ad51fd0a40
2019-09-26 10:52:05,834 [pool-67-thread-1] INFO  server.RaftServerConfigKeys (ConfUtils.java:logGet(43)) - raft.server.log.queue.byte-limit = 2147483647 (custom)
2019-09-26 10:52:05,834 [pool-67-thread-1] INFO  server.RaftServerConfigKeys (ConfUtils.java:logGet(43)) - raft.server.log.queue.element-limit = 1024 (custom)
2019-09-26 10:52:05,834 [pool-67-thread-1] INFO  server.RaftServerConfigKeys (ConfUtils.java:logGet(43)) - raft.server.log.segment.size.max = 1048576 (custom)
2019-09-26 10:52:05,834 [pool-67-thread-1] INFO  server.RaftServerConfigKeys (ConfUtils.java:logGet(43)) - raft.server.log.preallocated.size = 16384 (custom)
2019-09-26 10:52:05,834 [pool-67-thread-1] INFO  server.RaftServerConfigKeys (ConfUtils.java:logGet(43)) - raft.server.log.write.buffer.size = 33554432 (custom)
2019-09-26 10:52:05,834 [pool-67-thread-1] INFO  server.RaftServerConfigKeys (ConfUtils.java:logGet(43)) - raft.server.log.force.sync.num = 128 (default)
2019-09-26 10:52:05,835 [pool-67-thread-1] INFO  server.RaftServerConfigKeys (ConfUtils.java:logGet(43)) - raft.server.log.statemachine.data.sync = true (default)
2019-09-26 10:52:05,835 [pool-67-thread-1] INFO  server.RaftServerConfigKeys (ConfUtils.java:logGet(43)) - raft.server.log.statemachine.data.sync.timeout = 10s (default)
2019-09-26 10:52:05,835 [pool-67-thread-1] INFO  server.RaftServerConfigKeys (ConfUtils.java:logGet(43)) - raft.server.log.statemachine.data.sync.timeout.retry = -1 (default)
2019-09-26 10:52:05,835 [pool-67-thread-1] INFO  server.RaftServerConfigKeys (ConfUtils.java:logGet(43)) - raft.server.log.statemachine.data.caching.enabled = true (custom)
2019-09-26 10:52:05,835 [pool-67-thread-1] INFO  segmented.SegmentedRaftLogWorker (SegmentedRaftLogWorker.java:lambda$new$0(132)) - c0d2ea87-aa22-42eb-bba4-0246f89d2958@group-23AD51FD0A40-SegmentedRaftLogWorker: flushIndex: setUnconditionally 0 -> -1
2019-09-26 10:52:05,835 [pool-67-thread-1] INFO  server.RaftServerConfigKeys (ConfUtils.java:logGet(43)) - raft.server.snapshot.auto.trigger.enabled = true (custom)
2019-09-26 10:52:05,836 [pool-67-thread-1] INFO  server.RaftServerConfigKeys (ConfUtils.java:logGet(43)) - raft.server.snapshot.auto.trigger.threshold = 10000 (custom)
2019-09-26 10:52:05,836 [pool-67-thread-1] INFO  server.RaftServerConfigKeys (ConfUtils.java:logGet(43)) - raft.server.snapshot.retention.num.files = 5 (custom)
2019-09-26 10:52:05,836 [pool-67-thread-1] INFO  server.RaftServerConfigKeys (ConfUtils.java:logGet(43)) - raft.server.retrycache.expirytime = 600000ms (custom)
2019-09-26 10:52:05,837 [pool-67-thread-1] INFO  impl.RaftServerImpl (RaftServerImpl.java:start(185)) - c0d2ea87-aa22-42eb-bba4-0246f89d2958@group-23AD51FD0A40: start as a follower, conf=-1: [c0d2ea87-aa22-42eb-bba4-0246f89d2958:192.168.30.13:46118], old=null
2019-09-26 10:52:05,838 [pool-67-thread-1] INFO  impl.RaftServerImpl (RaftServerImpl.java:setRole(174)) - c0d2ea87-aa22-42eb-bba4-0246f89d2958@group-23AD51FD0A40: changes role from      null to FOLLOWER at term 0 for startAsFollower
2019-09-26 10:52:05,838 [pool-67-thread-1] INFO  impl.RoleInfo (RoleInfo.java:updateAndGet(143)) - c0d2ea87-aa22-42eb-bba4-0246f89d2958: start FollowerState
2019-09-26 10:52:05,838 [pool-67-thread-1] INFO  util.JmxRegister (JmxRegister.java:tryRegister(44)) - Successfully registered JMX Bean with object name Ratis:service=RaftServer,group=group-23AD51FD0A40,id=c0d2ea87-aa22-42eb-bba4-0246f89d2958
2019-09-26 10:52:05,843 [RatisPipelineUtilsThread] INFO  pipeline.PipelineStateManager (PipelineStateManager.java:addPipeline(56)) - Created pipeline Pipeline[ Id: badd9937-e595-482d-a78f-23ad51fd0a40, Nodes: c0d2ea87-aa22-42eb-bba4-0246f89d2958{ip: 192.168.30.13, host: pr-hdds-1569-wvzgm-824869521, networkLocation: /default-rack, certSerialId: null}, Type:RATIS, Factor:ONE, State:OPEN]
2019-09-26 10:52:05,844 [RatisPipelineUtilsThread] INFO  pipeline.PipelinePlacementPolicy (PipelinePlacementPolicy.java:meetCriteria(91)) - Pipeline Placement: can't place more pipeline on heavy datanode： 0c06663d-3a07-4175-8dd2-9d41b1b53b1e Heaviness: 6 limit: 5
2019-09-26 10:52:05,854 [grpc-default-executor-1] INFO  impl.RaftServerProxy (RaftServerProxy.java:addNew(89)) - 87e84624-1b40-4389-b682-d98fe76436d1: addNew group-F931531AD9AF:[87e84624-1b40-4389-b682-d98fe76436d1:192.168.30.13:32768] returns group-F931531AD9AF:java.util.concurrent.CompletableFuture@6622da83[Not completed]
2019-09-26 10:52:05,855 [pool-37-thread-1] INFO  impl.RaftServerImpl (RaftServerImpl.java:<init>(95)) - 87e84624-1b40-4389-b682-d98fe76436d1: new RaftServerImpl for group-F931531AD9AF:[87e84624-1b40-4389-b682-d98fe76436d1:192.168.30.13:32768] with ContainerStateMachine:uninitialized
2019-09-26 10:52:05,855 [pool-37-thread-1] INFO  server.RaftServerConfigKeys (ConfUtils.java:logGet(43)) - raft.server.rpc.timeout.min = 5s (custom)
2019-09-26 10:52:05,856 [pool-37-thread-1] INFO  server.RaftServerConfigKeys (ConfUtils.java:logGet(43)) - raft.server.rpc.timeout.max = 5200ms (custom)
2019-09-26 10:52:05,856 [pool-37-thread-1] INFO  server.RaftServerConfigKeys (ConfUtils.java:logGet(43)) - raft.server.rpcslowness.timeout = 120s (custom)
2019-09-26 10:52:05,856 [pool-37-thread-1] INFO  server.RaftServerConfigKeys (ConfUtils.java:logGet(43)) - raft.server.sleep.deviation.threshold = 300 (default)
2019-09-26 10:52:05,856 [pool-37-thread-1] INFO  server.RaftServerConfigKeys (ConfUtils.java:logGet(43)) - raft.server.log.appender.install.snapshot.enabled = false (custom)
2019-09-26 10:52:05,856 [pool-37-thread-1] INFO  impl.RaftServerImpl (ServerState.java:<init>(103)) - 87e84624-1b40-4389-b682-d98fe76436d1@group-F931531AD9AF: ConfigurationManager, init=-1: [87e84624-1b40-4389-b682-d98fe76436d1:192.168.30.13:32768], old=null, confs=<EMPTY_MAP>
2019-09-26 10:52:05,856 [pool-37-thread-1] INFO  server.RaftServerConfigKeys (ConfUtils.java:logGet(43)) - raft.server.storage.dir = [/workdir/hadoop-ozone/ozonefs/target/test-dir/MiniOzoneClusterImpl-b00a5744-6e73-4fa1-a928-c24f0d5ffca4/datanode-1/data/ratis] (custom)
2019-09-26 10:52:05,857 [pool-37-thread-1] INFO  storage.RaftStorageDirectory (RaftStorageDirectory.java:analyzeStorage(246)) - The storage directory /workdir/hadoop-ozone/ozonefs/target/test-dir/MiniOzoneClusterImpl-b00a5744-6e73-4fa1-a928-c24f0d5ffca4/datanode-1/data/ratis/98f2b881-aa46-41a9-ac0b-f931531ad9af does not exist. Creating ...
2019-09-26 10:52:05,869 [pool-37-thread-1] INFO  storage.RaftStorageDirectory (RaftStorageDirectory.java:tryLock(328)) - Lock on /workdir/hadoop-ozone/ozonefs/target/test-dir/MiniOzoneClusterImpl-b00a5744-6e73-4fa1-a928-c24f0d5ffca4/datanode-1/data/ratis/98f2b881-aa46-41a9-ac0b-f931531ad9af/in_use.lock acquired by nodename 31132@pr-hdds-1569-wvzgm-824869521
2019-09-26 10:52:05,883 [pool-37-thread-1] INFO  storage.RaftStorage (RaftStorage.java:format(72)) - Storage directory /workdir/hadoop-ozone/ozonefs/target/test-dir/MiniOzoneClusterImpl-b00a5744-6e73-4fa1-a928-c24f0d5ffca4/datanode-1/data/ratis/98f2b881-aa46-41a9-ac0b-f931531ad9af has been successfully formatted.
2019-09-26 10:52:05,883 [pool-37-thread-1] INFO  ratis.ContainerStateMachine (ContainerStateMachine.java:loadSnapshot(230)) - group-F931531AD9AF: The snapshot info is null. Setting the last applied indexto:(t:0, i:~)
2019-09-26 10:52:05,883 [pool-37-thread-1] INFO  server.RaftServerConfigKeys (ConfUtils.java:logGet(43)) - raft.server.notification.no-leader.timeout = 120s (custom)
2019-09-26 10:52:05,883 [pool-37-thread-1] INFO  server.RaftServerConfigKeys (ConfUtils.java:logGet(43)) - raft.server.log.use.memory = false (default)
2019-09-26 10:52:05,883 [pool-37-thread-1] INFO  server.RaftServerConfigKeys (ConfUtils.java:logGet(43)) - raft.server.log.purge.gap = 1000000 (custom)
2019-09-26 10:52:05,883 [pool-37-thread-1] INFO  server.RaftServerConfigKeys (ConfUtils.java:logGet(43)) - raft.server.log.appender.buffer.byte-limit = 33554432 (custom)
2019-09-26 10:52:05,884 [pool-37-thread-1] INFO  server.RaftServerConfigKeys (ConfUtils.java:logGet(43)) - raft.server.log.segment.size.max = 1048576 (custom)
2019-09-26 10:52:05,884 [pool-37-thread-1] INFO  server.RaftServerConfigKeys (ConfUtils.java:logGet(43)) - raft.server.log.segment.cache.num.max = 2 (custom)
2019-09-26 10:52:05,884 [pool-37-thread-1] INFO  segmented.SegmentedRaftLogWorker (SegmentedRaftLogWorker.java:<init>(172)) - new 87e84624-1b40-4389-b682-d98fe76436d1@group-F931531AD9AF-SegmentedRaftLogWorker for RaftStorage:Storage Directory /workdir/hadoop-ozone/ozonefs/target/test-dir/MiniOzoneClusterImpl-b00a5744-6e73-4fa1-a928-c24f0d5ffca4/datanode-1/data/ratis/98f2b881-aa46-41a9-ac0b-f931531ad9af
2019-09-26 10:52:05,884 [pool-37-thread-1] INFO  server.RaftServerConfigKeys (ConfUtils.java:logGet(43)) - raft.server.log.queue.byte-limit = 2147483647 (custom)
2019-09-26 10:52:05,884 [pool-37-thread-1] INFO  server.RaftServerConfigKeys (ConfUtils.java:logGet(43)) - raft.server.log.queue.element-limit = 1024 (custom)
2019-09-26 10:52:05,884 [pool-37-thread-1] INFO  server.RaftServerConfigKeys (ConfUtils.java:logGet(43)) - raft.server.log.segment.size.max = 1048576 (custom)
2019-09-26 10:52:05,884 [pool-37-thread-1] INFO  server.RaftServerConfigKeys (ConfUtils.java:logGet(43)) - raft.server.log.preallocated.size = 16384 (custom)
2019-09-26 10:52:05,884 [pool-37-thread-1] INFO  server.RaftServerConfigKeys (ConfUtils.java:logGet(43)) - raft.server.log.write.buffer.size = 33554432 (custom)
2019-09-26 10:52:05,885 [pool-37-thread-1] INFO  server.RaftServerConfigKeys (ConfUtils.java:logGet(43)) - raft.server.log.force.sync.num = 128 (default)
2019-09-26 10:52:05,885 [pool-37-thread-1] INFO  server.RaftServerConfigKeys (ConfUtils.java:logGet(43)) - raft.server.log.statemachine.data.sync = true (default)
2019-09-26 10:52:05,885 [pool-37-thread-1] INFO  server.RaftServerConfigKeys (ConfUtils.java:logGet(43)) - raft.server.log.statemachine.data.sync.timeout = 10s (default)
2019-09-26 10:52:05,885 [pool-37-thread-1] INFO  server.RaftServerConfigKeys (ConfUtils.java:logGet(43)) - raft.server.log.statemachine.data.sync.timeout.retry = -1 (default)
2019-09-26 10:52:05,885 [pool-37-thread-1] INFO  server.RaftServerConfigKeys (ConfUtils.java:logGet(43)) - raft.server.log.statemachine.data.caching.enabled = true (custom)
2019-09-26 10:52:05,888 [pool-37-thread-1] INFO  segmented.SegmentedRaftLogWorker (SegmentedRaftLogWorker.java:lambda$new$0(132)) - 87e84624-1b40-4389-b682-d98fe76436d1@group-F931531AD9AF-SegmentedRaftLogWorker: flushIndex: setUnconditionally 0 -> -1
2019-09-26 10:52:05,889 [pool-37-thread-1] INFO  server.RaftServerConfigKeys (ConfUtils.java:logGet(43)) - raft.server.snapshot.auto.trigger.enabled = true (custom)
2019-09-26 10:52:05,889 [pool-37-thread-1] INFO  server.RaftServerConfigKeys (ConfUtils.java:logGet(43)) - raft.server.snapshot.auto.trigger.threshold = 10000 (custom)
2019-09-26 10:52:05,889 [pool-37-thread-1] INFO  server.RaftServerConfigKeys (ConfUtils.java:logGet(43)) - raft.server.snapshot.retention.num.files = 5 (custom)
2019-09-26 10:52:05,889 [pool-37-thread-1] INFO  server.RaftServerConfigKeys (ConfUtils.java:logGet(43)) - raft.server.retrycache.expirytime = 600000ms (custom)
2019-09-26 10:52:05,891 [pool-37-thread-1] INFO  impl.RaftServerImpl (RaftServerImpl.java:start(185)) - 87e84624-1b40-4389-b682-d98fe76436d1@group-F931531AD9AF: start as a follower, conf=-1: [87e84624-1b40-4389-b682-d98fe76436d1:192.168.30.13:32768], old=null
2019-09-26 10:52:05,891 [pool-37-thread-1] INFO  impl.RaftServerImpl (RaftServerImpl.java:setRole(174)) - 87e84624-1b40-4389-b682-d98fe76436d1@group-F931531AD9AF: changes role from      null to FOLLOWER at term 0 for startAsFollower
2019-09-26 10:52:05,892 [pool-37-thread-1] INFO  impl.RoleInfo (RoleInfo.java:updateAndGet(143)) - 87e84624-1b40-4389-b682-d98fe76436d1: start FollowerState
2019-09-26 10:52:05,892 [pool-37-thread-1] INFO  util.JmxRegister (JmxRegister.java:tryRegister(44)) - Successfully registered JMX Bean with object name Ratis:service=RaftServer,group=group-F931531AD9AF,id=87e84624-1b40-4389-b682-d98fe76436d1
2019-09-26 10:52:05,897 [RatisPipelineUtilsThread] INFO  pipeline.PipelineStateManager (PipelineStateManager.java:addPipeline(56)) - Created pipeline Pipeline[ Id: 98f2b881-aa46-41a9-ac0b-f931531ad9af, Nodes: 87e84624-1b40-4389-b682-d98fe76436d1{ip: 192.168.30.13, host: pr-hdds-1569-wvzgm-824869521, networkLocation: /default-rack, certSerialId: null}, Type:RATIS, Factor:ONE, State:OPEN]
2019-09-26 10:52:05,898 [RatisPipelineUtilsThread] INFO  pipeline.PipelinePlacementPolicy (PipelinePlacementPolicy.java:meetCriteria(91)) - Pipeline Placement: can't place more pipeline on heavy datanode： 0c06663d-3a07-4175-8dd2-9d41b1b53b1e Heaviness: 6 limit: 5
2019-09-26 10:52:05,909 [grpc-default-executor-1] INFO  impl.RaftServerProxy (RaftServerProxy.java:addNew(89)) - 2253380d-6ddc-421c-86f6-26acdb90a8c4: addNew group-1A44D88486D0:[2253380d-6ddc-421c-86f6-26acdb90a8c4:192.168.30.13:39629] returns group-1A44D88486D0:java.util.concurrent.CompletableFuture@737c7e58[Not completed]
2019-09-26 10:52:05,910 [pool-57-thread-1] INFO  impl.RaftServerImpl (RaftServerImpl.java:<init>(95)) - 2253380d-6ddc-421c-86f6-26acdb90a8c4: new RaftServerImpl for group-1A44D88486D0:[2253380d-6ddc-421c-86f6-26acdb90a8c4:192.168.30.13:39629] with ContainerStateMachine:uninitialized
2019-09-26 10:52:05,911 [pool-57-thread-1] INFO  server.RaftServerConfigKeys (ConfUtils.java:logGet(43)) - raft.server.rpc.timeout.min = 5s (custom)
2019-09-26 10:52:05,911 [pool-57-thread-1] INFO  server.RaftServerConfigKeys (ConfUtils.java:logGet(43)) - raft.server.rpc.timeout.max = 5200ms (custom)
2019-09-26 10:52:05,911 [pool-57-thread-1] INFO  server.RaftServerConfigKeys (ConfUtils.java:logGet(43)) - raft.server.rpcslowness.timeout = 120s (custom)
2019-09-26 10:52:05,911 [pool-57-thread-1] INFO  server.RaftServerConfigKeys (ConfUtils.java:logGet(43)) - raft.server.sleep.deviation.threshold = 300 (default)
2019-09-26 10:52:05,911 [pool-57-thread-1] INFO  server.RaftServerConfigKeys (ConfUtils.java:logGet(43)) - raft.server.log.appender.install.snapshot.enabled = false (custom)
2019-09-26 10:52:05,911 [pool-57-thread-1] INFO  impl.RaftServerImpl (ServerState.java:<init>(103)) - 2253380d-6ddc-421c-86f6-26acdb90a8c4@group-1A44D88486D0: ConfigurationManager, init=-1: [2253380d-6ddc-421c-86f6-26acdb90a8c4:192.168.30.13:39629], old=null, confs=<EMPTY_MAP>
2019-09-26 10:52:05,911 [pool-57-thread-1] INFO  server.RaftServerConfigKeys (ConfUtils.java:logGet(43)) - raft.server.storage.dir = [/workdir/hadoop-ozone/ozonefs/target/test-dir/MiniOzoneClusterImpl-b00a5744-6e73-4fa1-a928-c24f0d5ffca4/datanode-3/data/ratis] (custom)
2019-09-26 10:52:05,959 [pool-57-thread-1] INFO  storage.RaftStorageDirectory (RaftStorageDirectory.java:analyzeStorage(246)) - The storage directory /workdir/hadoop-ozone/ozonefs/target/test-dir/MiniOzoneClusterImpl-b00a5744-6e73-4fa1-a928-c24f0d5ffca4/datanode-3/data/ratis/ec475595-7829-4e2b-b61f-1a44d88486d0 does not exist. Creating ...
2019-09-26 10:52:05,999 [pool-57-thread-1] INFO  storage.RaftStorageDirectory (RaftStorageDirectory.java:tryLock(328)) - Lock on /workdir/hadoop-ozone/ozonefs/target/test-dir/MiniOzoneClusterImpl-b00a5744-6e73-4fa1-a928-c24f0d5ffca4/datanode-3/data/ratis/ec475595-7829-4e2b-b61f-1a44d88486d0/in_use.lock acquired by nodename 31132@pr-hdds-1569-wvzgm-824869521
2019-09-26 10:52:06,008 [pool-57-thread-1] INFO  storage.RaftStorage (RaftStorage.java:format(72)) - Storage directory /workdir/hadoop-ozone/ozonefs/target/test-dir/MiniOzoneClusterImpl-b00a5744-6e73-4fa1-a928-c24f0d5ffca4/datanode-3/data/ratis/ec475595-7829-4e2b-b61f-1a44d88486d0 has been successfully formatted.
2019-09-26 10:52:06,009 [pool-57-thread-1] INFO  ratis.ContainerStateMachine (ContainerStateMachine.java:loadSnapshot(230)) - group-1A44D88486D0: The snapshot info is null. Setting the last applied indexto:(t:0, i:~)
2019-09-26 10:52:06,009 [pool-57-thread-1] INFO  server.RaftServerConfigKeys (ConfUtils.java:logGet(43)) - raft.server.notification.no-leader.timeout = 120s (custom)
2019-09-26 10:52:06,009 [pool-57-thread-1] INFO  server.RaftServerConfigKeys (ConfUtils.java:logGet(43)) - raft.server.log.use.memory = false (default)
2019-09-26 10:52:06,009 [pool-57-thread-1] INFO  server.RaftServerConfigKeys (ConfUtils.java:logGet(43)) - raft.server.log.purge.gap = 1000000 (custom)
2019-09-26 10:52:06,009 [pool-57-thread-1] INFO  server.RaftServerConfigKeys (ConfUtils.java:logGet(43)) - raft.server.log.appender.buffer.byte-limit = 33554432 (custom)
2019-09-26 10:52:06,010 [pool-57-thread-1] INFO  server.RaftServerConfigKeys (ConfUtils.java:logGet(43)) - raft.server.log.segment.size.max = 1048576 (custom)
2019-09-26 10:52:06,010 [pool-57-thread-1] INFO  server.RaftServerConfigKeys (ConfUtils.java:logGet(43)) - raft.server.log.segment.cache.num.max = 2 (custom)
2019-09-26 10:52:06,010 [pool-57-thread-1] INFO  segmented.SegmentedRaftLogWorker (SegmentedRaftLogWorker.java:<init>(172)) - new 2253380d-6ddc-421c-86f6-26acdb90a8c4@group-1A44D88486D0-SegmentedRaftLogWorker for RaftStorage:Storage Directory /workdir/hadoop-ozone/ozonefs/target/test-dir/MiniOzoneClusterImpl-b00a5744-6e73-4fa1-a928-c24f0d5ffca4/datanode-3/data/ratis/ec475595-7829-4e2b-b61f-1a44d88486d0
2019-09-26 10:52:06,010 [pool-57-thread-1] INFO  server.RaftServerConfigKeys (ConfUtils.java:logGet(43)) - raft.server.log.queue.byte-limit = 2147483647 (custom)
2019-09-26 10:52:06,010 [pool-57-thread-1] INFO  server.RaftServerConfigKeys (ConfUtils.java:logGet(43)) - raft.server.log.queue.element-limit = 1024 (custom)
2019-09-26 10:52:06,010 [pool-57-thread-1] INFO  server.RaftServerConfigKeys (ConfUtils.java:logGet(43)) - raft.server.log.segment.size.max = 1048576 (custom)
2019-09-26 10:52:06,011 [pool-57-thread-1] INFO  server.RaftServerConfigKeys (ConfUtils.java:logGet(43)) - raft.server.log.preallocated.size = 16384 (custom)
2019-09-26 10:52:06,011 [pool-57-thread-1] INFO  server.RaftServerConfigKeys (ConfUtils.java:logGet(43)) - raft.server.log.write.buffer.size = 33554432 (custom)
2019-09-26 10:52:06,011 [pool-57-thread-1] INFO  server.RaftServerConfigKeys (ConfUtils.java:logGet(43)) - raft.server.log.force.sync.num = 128 (default)
2019-09-26 10:52:06,011 [pool-57-thread-1] INFO  server.RaftServerConfigKeys (ConfUtils.java:logGet(43)) - raft.server.log.statemachine.data.sync = true (default)
2019-09-26 10:52:06,011 [pool-57-thread-1] INFO  server.RaftServerConfigKeys (ConfUtils.java:logGet(43)) - raft.server.log.statemachine.data.sync.timeout = 10s (default)
2019-09-26 10:52:06,011 [pool-57-thread-1] INFO  server.RaftServerConfigKeys (ConfUtils.java:logGet(43)) - raft.server.log.statemachine.data.sync.timeout.retry = -1 (default)
2019-09-26 10:52:06,012 [pool-57-thread-1] INFO  server.RaftServerConfigKeys (ConfUtils.java:logGet(43)) - raft.server.log.statemachine.data.caching.enabled = true (custom)
2019-09-26 10:52:06,012 [pool-57-thread-1] INFO  segmented.SegmentedRaftLogWorker (SegmentedRaftLogWorker.java:lambda$new$0(132)) - 2253380d-6ddc-421c-86f6-26acdb90a8c4@group-1A44D88486D0-SegmentedRaftLogWorker: flushIndex: setUnconditionally 0 -> -1
2019-09-26 10:52:06,012 [pool-57-thread-1] INFO  server.RaftServerConfigKeys (ConfUtils.java:logGet(43)) - raft.server.snapshot.auto.trigger.enabled = true (custom)
2019-09-26 10:52:06,013 [pool-57-thread-1] INFO  server.RaftServerConfigKeys (ConfUtils.java:logGet(43)) - raft.server.snapshot.auto.trigger.threshold = 10000 (custom)
2019-09-26 10:52:06,013 [pool-57-thread-1] INFO  server.RaftServerConfigKeys (ConfUtils.java:logGet(43)) - raft.server.snapshot.retention.num.files = 5 (custom)
2019-09-26 10:52:06,013 [pool-57-thread-1] INFO  server.RaftServerConfigKeys (ConfUtils.java:logGet(43)) - raft.server.retrycache.expirytime = 600000ms (custom)
2019-09-26 10:52:06,016 [pool-57-thread-1] INFO  impl.RaftServerImpl (RaftServerImpl.java:start(185)) - 2253380d-6ddc-421c-86f6-26acdb90a8c4@group-1A44D88486D0: start as a follower, conf=-1: [2253380d-6ddc-421c-86f6-26acdb90a8c4:192.168.30.13:39629], old=null
2019-09-26 10:52:06,016 [pool-57-thread-1] INFO  impl.RaftServerImpl (RaftServerImpl.java:setRole(174)) - 2253380d-6ddc-421c-86f6-26acdb90a8c4@group-1A44D88486D0: changes role from      null to FOLLOWER at term 0 for startAsFollower
2019-09-26 10:52:06,016 [pool-57-thread-1] INFO  impl.RoleInfo (RoleInfo.java:updateAndGet(143)) - 2253380d-6ddc-421c-86f6-26acdb90a8c4: start FollowerState
2019-09-26 10:52:06,016 [pool-57-thread-1] INFO  util.JmxRegister (JmxRegister.java:tryRegister(44)) - Successfully registered JMX Bean with object name Ratis:service=RaftServer,group=group-1A44D88486D0,id=2253380d-6ddc-421c-86f6-26acdb90a8c4
2019-09-26 10:52:06,022 [RatisPipelineUtilsThread] INFO  pipeline.PipelineStateManager (PipelineStateManager.java:addPipeline(56)) - Created pipeline Pipeline[ Id: ec475595-7829-4e2b-b61f-1a44d88486d0, Nodes: 2253380d-6ddc-421c-86f6-26acdb90a8c4{ip: 192.168.30.13, host: pr-hdds-1569-wvzgm-824869521, networkLocation: /default-rack, certSerialId: null}, Type:RATIS, Factor:ONE, State:OPEN]
2019-09-26 10:52:06,023 [RatisPipelineUtilsThread] INFO  pipeline.PipelinePlacementPolicy (PipelinePlacementPolicy.java:meetCriteria(91)) - Pipeline Placement: can't place more pipeline on heavy datanode： 0c06663d-3a07-4175-8dd2-9d41b1b53b1e Heaviness: 6 limit: 5
2019-09-26 10:52:06,034 [grpc-default-executor-1] INFO  impl.RaftServerProxy (RaftServerProxy.java:addNew(89)) - dd9d2e05-3ffa-4f1c-8a80-938e5f4f3192: addNew group-9EB75662DDC9:[dd9d2e05-3ffa-4f1c-8a80-938e5f4f3192:192.168.30.13:46596] returns group-9EB75662DDC9:java.util.concurrent.CompletableFuture@5e956e35[Not completed]
2019-09-26 10:52:06,035 [pool-77-thread-1] INFO  impl.RaftServerImpl (RaftServerImpl.java:<init>(95)) - dd9d2e05-3ffa-4f1c-8a80-938e5f4f3192: new RaftServerImpl for group-9EB75662DDC9:[dd9d2e05-3ffa-4f1c-8a80-938e5f4f3192:192.168.30.13:46596] with ContainerStateMachine:uninitialized
2019-09-26 10:52:06,035 [pool-77-thread-1] INFO  server.RaftServerConfigKeys (ConfUtils.java:logGet(43)) - raft.server.rpc.timeout.min = 5s (custom)
2019-09-26 10:52:06,035 [pool-77-thread-1] INFO  server.RaftServerConfigKeys (ConfUtils.java:logGet(43)) - raft.server.rpc.timeout.max = 5200ms (custom)
2019-09-26 10:52:06,035 [pool-77-thread-1] INFO  server.RaftServerConfigKeys (ConfUtils.java:logGet(43)) - raft.server.rpcslowness.timeout = 120s (custom)
2019-09-26 10:52:06,036 [pool-77-thread-1] INFO  server.RaftServerConfigKeys (ConfUtils.java:logGet(43)) - raft.server.sleep.deviation.threshold = 300 (default)
2019-09-26 10:52:06,036 [pool-77-thread-1] INFO  server.RaftServerConfigKeys (ConfUtils.java:logGet(43)) - raft.server.log.appender.install.snapshot.enabled = false (custom)
2019-09-26 10:52:06,036 [pool-77-thread-1] INFO  impl.RaftServerImpl (ServerState.java:<init>(103)) - dd9d2e05-3ffa-4f1c-8a80-938e5f4f3192@group-9EB75662DDC9: ConfigurationManager, init=-1: [dd9d2e05-3ffa-4f1c-8a80-938e5f4f3192:192.168.30.13:46596], old=null, confs=<EMPTY_MAP>
2019-09-26 10:52:06,036 [pool-77-thread-1] INFO  server.RaftServerConfigKeys (ConfUtils.java:logGet(43)) - raft.server.storage.dir = [/workdir/hadoop-ozone/ozonefs/target/test-dir/MiniOzoneClusterImpl-b00a5744-6e73-4fa1-a928-c24f0d5ffca4/datanode-5/data/ratis] (custom)
2019-09-26 10:52:06,037 [pool-77-thread-1] INFO  storage.RaftStorageDirectory (RaftStorageDirectory.java:analyzeStorage(246)) - The storage directory /workdir/hadoop-ozone/ozonefs/target/test-dir/MiniOzoneClusterImpl-b00a5744-6e73-4fa1-a928-c24f0d5ffca4/datanode-5/data/ratis/5d597396-6d38-46fb-a549-9eb75662ddc9 does not exist. Creating ...
2019-09-26 10:52:06,050 [pool-77-thread-1] INFO  storage.RaftStorageDirectory (RaftStorageDirectory.java:tryLock(328)) - Lock on /workdir/hadoop-ozone/ozonefs/target/test-dir/MiniOzoneClusterImpl-b00a5744-6e73-4fa1-a928-c24f0d5ffca4/datanode-5/data/ratis/5d597396-6d38-46fb-a549-9eb75662ddc9/in_use.lock acquired by nodename 31132@pr-hdds-1569-wvzgm-824869521
2019-09-26 10:52:06,061 [pool-77-thread-1] INFO  storage.RaftStorage (RaftStorage.java:format(72)) - Storage directory /workdir/hadoop-ozone/ozonefs/target/test-dir/MiniOzoneClusterImpl-b00a5744-6e73-4fa1-a928-c24f0d5ffca4/datanode-5/data/ratis/5d597396-6d38-46fb-a549-9eb75662ddc9 has been successfully formatted.
2019-09-26 10:52:06,067 [pool-77-thread-1] INFO  ratis.ContainerStateMachine (ContainerStateMachine.java:loadSnapshot(230)) - group-9EB75662DDC9: The snapshot info is null. Setting the last applied indexto:(t:0, i:~)
2019-09-26 10:52:06,067 [pool-77-thread-1] INFO  server.RaftServerConfigKeys (ConfUtils.java:logGet(43)) - raft.server.notification.no-leader.timeout = 120s (custom)
2019-09-26 10:52:06,067 [pool-77-thread-1] INFO  server.RaftServerConfigKeys (ConfUtils.java:logGet(43)) - raft.server.log.use.memory = false (default)
2019-09-26 10:52:06,067 [pool-77-thread-1] INFO  server.RaftServerConfigKeys (ConfUtils.java:logGet(43)) - raft.server.log.purge.gap = 1000000 (custom)
2019-09-26 10:52:06,067 [pool-77-thread-1] INFO  server.RaftServerConfigKeys (ConfUtils.java:logGet(43)) - raft.server.log.appender.buffer.byte-limit = 33554432 (custom)
2019-09-26 10:52:06,068 [pool-77-thread-1] INFO  server.RaftServerConfigKeys (ConfUtils.java:logGet(43)) - raft.server.log.segment.size.max = 1048576 (custom)
2019-09-26 10:52:06,068 [pool-77-thread-1] INFO  server.RaftServerConfigKeys (ConfUtils.java:logGet(43)) - raft.server.log.segment.cache.num.max = 2 (custom)
2019-09-26 10:52:06,068 [pool-77-thread-1] INFO  segmented.SegmentedRaftLogWorker (SegmentedRaftLogWorker.java:<init>(172)) - new dd9d2e05-3ffa-4f1c-8a80-938e5f4f3192@group-9EB75662DDC9-SegmentedRaftLogWorker for RaftStorage:Storage Directory /workdir/hadoop-ozone/ozonefs/target/test-dir/MiniOzoneClusterImpl-b00a5744-6e73-4fa1-a928-c24f0d5ffca4/datanode-5/data/ratis/5d597396-6d38-46fb-a549-9eb75662ddc9
2019-09-26 10:52:06,068 [pool-77-thread-1] INFO  server.RaftServerConfigKeys (ConfUtils.java:logGet(43)) - raft.server.log.queue.byte-limit = 2147483647 (custom)
2019-09-26 10:52:06,068 [pool-77-thread-1] INFO  server.RaftServerConfigKeys (ConfUtils.java:logGet(43)) - raft.server.log.queue.element-limit = 1024 (custom)
2019-09-26 10:52:06,068 [pool-77-thread-1] INFO  server.RaftServerConfigKeys (ConfUtils.java:logGet(43)) - raft.server.log.segment.size.max = 1048576 (custom)
2019-09-26 10:52:06,069 [pool-77-thread-1] INFO  server.RaftServerConfigKeys (ConfUtils.java:logGet(43)) - raft.server.log.preallocated.size = 16384 (custom)
2019-09-26 10:52:06,069 [pool-77-thread-1] INFO  server.RaftServerConfigKeys (ConfUtils.java:logGet(43)) - raft.server.log.write.buffer.size = 33554432 (custom)
2019-09-26 10:52:06,069 [pool-77-thread-1] INFO  server.RaftServerConfigKeys (ConfUtils.java:logGet(43)) - raft.server.log.force.sync.num = 128 (default)
2019-09-26 10:52:06,069 [pool-77-thread-1] INFO  server.RaftServerConfigKeys (ConfUtils.java:logGet(43)) - raft.server.log.statemachine.data.sync = true (default)
2019-09-26 10:52:06,069 [pool-77-thread-1] INFO  server.RaftServerConfigKeys (ConfUtils.java:logGet(43)) - raft.server.log.statemachine.data.sync.timeout = 10s (default)
2019-09-26 10:52:06,069 [pool-77-thread-1] INFO  server.RaftServerConfigKeys (ConfUtils.java:logGet(43)) - raft.server.log.statemachine.data.sync.timeout.retry = -1 (default)
2019-09-26 10:52:06,069 [pool-77-thread-1] INFO  server.RaftServerConfigKeys (ConfUtils.java:logGet(43)) - raft.server.log.statemachine.data.caching.enabled = true (custom)
2019-09-26 10:52:06,070 [pool-77-thread-1] INFO  segmented.SegmentedRaftLogWorker (SegmentedRaftLogWorker.java:lambda$new$0(132)) - dd9d2e05-3ffa-4f1c-8a80-938e5f4f3192@group-9EB75662DDC9-SegmentedRaftLogWorker: flushIndex: setUnconditionally 0 -> -1
2019-09-26 10:52:06,070 [pool-77-thread-1] INFO  server.RaftServerConfigKeys (ConfUtils.java:logGet(43)) - raft.server.snapshot.auto.trigger.enabled = true (custom)
2019-09-26 10:52:06,070 [pool-77-thread-1] INFO  server.RaftServerConfigKeys (ConfUtils.java:logGet(43)) - raft.server.snapshot.auto.trigger.threshold = 10000 (custom)
2019-09-26 10:52:06,070 [pool-77-thread-1] INFO  server.RaftServerConfigKeys (ConfUtils.java:logGet(43)) - raft.server.snapshot.retention.num.files = 5 (custom)
2019-09-26 10:52:06,071 [pool-77-thread-1] INFO  server.RaftServerConfigKeys (ConfUtils.java:logGet(43)) - raft.server.retrycache.expirytime = 600000ms (custom)
2019-09-26 10:52:06,073 [pool-77-thread-1] INFO  impl.RaftServerImpl (RaftServerImpl.java:start(185)) - dd9d2e05-3ffa-4f1c-8a80-938e5f4f3192@group-9EB75662DDC9: start as a follower, conf=-1: [dd9d2e05-3ffa-4f1c-8a80-938e5f4f3192:192.168.30.13:46596], old=null
2019-09-26 10:52:06,073 [pool-77-thread-1] INFO  impl.RaftServerImpl (RaftServerImpl.java:setRole(174)) - dd9d2e05-3ffa-4f1c-8a80-938e5f4f3192@group-9EB75662DDC9: changes role from      null to FOLLOWER at term 0 for startAsFollower
2019-09-26 10:52:06,074 [pool-77-thread-1] INFO  impl.RoleInfo (RoleInfo.java:updateAndGet(143)) - dd9d2e05-3ffa-4f1c-8a80-938e5f4f3192: start FollowerState
2019-09-26 10:52:06,074 [pool-77-thread-1] INFO  util.JmxRegister (JmxRegister.java:tryRegister(44)) - Successfully registered JMX Bean with object name Ratis:service=RaftServer,group=group-9EB75662DDC9,id=dd9d2e05-3ffa-4f1c-8a80-938e5f4f3192
2019-09-26 10:52:06,079 [RatisPipelineUtilsThread] INFO  pipeline.PipelineStateManager (PipelineStateManager.java:addPipeline(56)) - Created pipeline Pipeline[ Id: 5d597396-6d38-46fb-a549-9eb75662ddc9, Nodes: dd9d2e05-3ffa-4f1c-8a80-938e5f4f3192{ip: 192.168.30.13, host: pr-hdds-1569-wvzgm-824869521, networkLocation: /default-rack, certSerialId: null}, Type:RATIS, Factor:ONE, State:OPEN]
2019-09-26 10:52:06,079 [RatisPipelineUtilsThread] INFO  pipeline.PipelinePlacementPolicy (PipelinePlacementPolicy.java:meetCriteria(91)) - Pipeline Placement: can't place more pipeline on heavy datanode： 0c06663d-3a07-4175-8dd2-9d41b1b53b1e Heaviness: 6 limit: 5
2019-09-26 10:52:06,080 [RatisPipelineUtilsThread] INFO  pipeline.PipelinePlacementPolicy (PipelinePlacementPolicy.java:meetCriteria(91)) - Pipeline Placement: can't place more pipeline on heavy datanode： dd9d2e05-3ffa-4f1c-8a80-938e5f4f3192 Heaviness: 6 limit: 5
2019-09-26 10:52:06,090 [grpc-default-executor-1] INFO  impl.RaftServerProxy (RaftServerProxy.java:addNew(89)) - 474bca52-b9cd-4602-ad06-63718c1fead5: addNew group-E8BDBDC92291:[474bca52-b9cd-4602-ad06-63718c1fead5:192.168.30.13:39280] returns group-E8BDBDC92291:java.util.concurrent.CompletableFuture@dba273[Not completed]
2019-09-26 10:52:06,091 [pool-47-thread-1] INFO  impl.RaftServerImpl (RaftServerImpl.java:<init>(95)) - 474bca52-b9cd-4602-ad06-63718c1fead5: new RaftServerImpl for group-E8BDBDC92291:[474bca52-b9cd-4602-ad06-63718c1fead5:192.168.30.13:39280] with ContainerStateMachine:uninitialized
2019-09-26 10:52:06,091 [pool-47-thread-1] INFO  server.RaftServerConfigKeys (ConfUtils.java:logGet(43)) - raft.server.rpc.timeout.min = 5s (custom)
2019-09-26 10:52:06,091 [pool-47-thread-1] INFO  server.RaftServerConfigKeys (ConfUtils.java:logGet(43)) - raft.server.rpc.timeout.max = 5200ms (custom)
2019-09-26 10:52:06,092 [pool-47-thread-1] INFO  server.RaftServerConfigKeys (ConfUtils.java:logGet(43)) - raft.server.rpcslowness.timeout = 120s (custom)
2019-09-26 10:52:06,092 [pool-47-thread-1] INFO  server.RaftServerConfigKeys (ConfUtils.java:logGet(43)) - raft.server.sleep.deviation.threshold = 300 (default)
2019-09-26 10:52:06,092 [pool-47-thread-1] INFO  server.RaftServerConfigKeys (ConfUtils.java:logGet(43)) - raft.server.log.appender.install.snapshot.enabled = false (custom)
2019-09-26 10:52:06,092 [pool-47-thread-1] INFO  impl.RaftServerImpl (ServerState.java:<init>(103)) - 474bca52-b9cd-4602-ad06-63718c1fead5@group-E8BDBDC92291: ConfigurationManager, init=-1: [474bca52-b9cd-4602-ad06-63718c1fead5:192.168.30.13:39280], old=null, confs=<EMPTY_MAP>
2019-09-26 10:52:06,092 [pool-47-thread-1] INFO  server.RaftServerConfigKeys (ConfUtils.java:logGet(43)) - raft.server.storage.dir = [/workdir/hadoop-ozone/ozonefs/target/test-dir/MiniOzoneClusterImpl-b00a5744-6e73-4fa1-a928-c24f0d5ffca4/datanode-2/data/ratis] (custom)
2019-09-26 10:52:06,093 [pool-47-thread-1] INFO  storage.RaftStorageDirectory (RaftStorageDirectory.java:analyzeStorage(246)) - The storage directory /workdir/hadoop-ozone/ozonefs/target/test-dir/MiniOzoneClusterImpl-b00a5744-6e73-4fa1-a928-c24f0d5ffca4/datanode-2/data/ratis/24d3040b-8f07-45be-8e40-e8bdbdc92291 does not exist. Creating ...
2019-09-26 10:52:06,100 [pool-47-thread-1] INFO  storage.RaftStorageDirectory (RaftStorageDirectory.java:tryLock(328)) - Lock on /workdir/hadoop-ozone/ozonefs/target/test-dir/MiniOzoneClusterImpl-b00a5744-6e73-4fa1-a928-c24f0d5ffca4/datanode-2/data/ratis/24d3040b-8f07-45be-8e40-e8bdbdc92291/in_use.lock acquired by nodename 31132@pr-hdds-1569-wvzgm-824869521
2019-09-26 10:52:06,121 [pool-47-thread-1] INFO  storage.RaftStorage (RaftStorage.java:format(72)) - Storage directory /workdir/hadoop-ozone/ozonefs/target/test-dir/MiniOzoneClusterImpl-b00a5744-6e73-4fa1-a928-c24f0d5ffca4/datanode-2/data/ratis/24d3040b-8f07-45be-8e40-e8bdbdc92291 has been successfully formatted.
2019-09-26 10:52:06,122 [pool-47-thread-1] INFO  ratis.ContainerStateMachine (ContainerStateMachine.java:loadSnapshot(230)) - group-E8BDBDC92291: The snapshot info is null. Setting the last applied indexto:(t:0, i:~)
2019-09-26 10:52:06,122 [pool-47-thread-1] INFO  server.RaftServerConfigKeys (ConfUtils.java:logGet(43)) - raft.server.notification.no-leader.timeout = 120s (custom)
2019-09-26 10:52:06,122 [pool-47-thread-1] INFO  server.RaftServerConfigKeys (ConfUtils.java:logGet(43)) - raft.server.log.use.memory = false (default)
2019-09-26 10:52:06,122 [pool-47-thread-1] INFO  server.RaftServerConfigKeys (ConfUtils.java:logGet(43)) - raft.server.log.purge.gap = 1000000 (custom)
2019-09-26 10:52:06,122 [pool-47-thread-1] INFO  server.RaftServerConfigKeys (ConfUtils.java:logGet(43)) - raft.server.log.appender.buffer.byte-limit = 33554432 (custom)
2019-09-26 10:52:06,122 [pool-47-thread-1] INFO  server.RaftServerConfigKeys (ConfUtils.java:logGet(43)) - raft.server.log.segment.size.max = 1048576 (custom)
2019-09-26 10:52:06,123 [pool-47-thread-1] INFO  server.RaftServerConfigKeys (ConfUtils.java:logGet(43)) - raft.server.log.segment.cache.num.max = 2 (custom)
2019-09-26 10:52:06,123 [pool-47-thread-1] INFO  segmented.SegmentedRaftLogWorker (SegmentedRaftLogWorker.java:<init>(172)) - new 474bca52-b9cd-4602-ad06-63718c1fead5@group-E8BDBDC92291-SegmentedRaftLogWorker for RaftStorage:Storage Directory /workdir/hadoop-ozone/ozonefs/target/test-dir/MiniOzoneClusterImpl-b00a5744-6e73-4fa1-a928-c24f0d5ffca4/datanode-2/data/ratis/24d3040b-8f07-45be-8e40-e8bdbdc92291
2019-09-26 10:52:06,123 [pool-47-thread-1] INFO  server.RaftServerConfigKeys (ConfUtils.java:logGet(43)) - raft.server.log.queue.byte-limit = 2147483647 (custom)
2019-09-26 10:52:06,123 [pool-47-thread-1] INFO  server.RaftServerConfigKeys (ConfUtils.java:logGet(43)) - raft.server.log.queue.element-limit = 1024 (custom)
2019-09-26 10:52:06,123 [pool-47-thread-1] INFO  server.RaftServerConfigKeys (ConfUtils.java:logGet(43)) - raft.server.log.segment.size.max = 1048576 (custom)
2019-09-26 10:52:06,123 [pool-47-thread-1] INFO  server.RaftServerConfigKeys (ConfUtils.java:logGet(43)) - raft.server.log.preallocated.size = 16384 (custom)
2019-09-26 10:52:06,124 [pool-47-thread-1] INFO  server.RaftServerConfigKeys (ConfUtils.java:logGet(43)) - raft.server.log.write.buffer.size = 33554432 (custom)
2019-09-26 10:52:06,124 [pool-47-thread-1] INFO  server.RaftServerConfigKeys (ConfUtils.java:logGet(43)) - raft.server.log.force.sync.num = 128 (default)
2019-09-26 10:52:06,124 [pool-47-thread-1] INFO  server.RaftServerConfigKeys (ConfUtils.java:logGet(43)) - raft.server.log.statemachine.data.sync = true (default)
2019-09-26 10:52:06,124 [pool-47-thread-1] INFO  server.RaftServerConfigKeys (ConfUtils.java:logGet(43)) - raft.server.log.statemachine.data.sync.timeout = 10s (default)
2019-09-26 10:52:06,124 [pool-47-thread-1] INFO  server.RaftServerConfigKeys (ConfUtils.java:logGet(43)) - raft.server.log.statemachine.data.sync.timeout.retry = -1 (default)
2019-09-26 10:52:06,124 [pool-47-thread-1] INFO  server.RaftServerConfigKeys (ConfUtils.java:logGet(43)) - raft.server.log.statemachine.data.caching.enabled = true (custom)
2019-09-26 10:52:06,125 [pool-47-thread-1] INFO  segmented.SegmentedRaftLogWorker (SegmentedRaftLogWorker.java:lambda$new$0(132)) - 474bca52-b9cd-4602-ad06-63718c1fead5@group-E8BDBDC92291-SegmentedRaftLogWorker: flushIndex: setUnconditionally 0 -> -1
2019-09-26 10:52:06,125 [pool-47-thread-1] INFO  server.RaftServerConfigKeys (ConfUtils.java:logGet(43)) - raft.server.snapshot.auto.trigger.enabled = true (custom)
2019-09-26 10:52:06,125 [pool-47-thread-1] INFO  server.RaftServerConfigKeys (ConfUtils.java:logGet(43)) - raft.server.snapshot.auto.trigger.threshold = 10000 (custom)
2019-09-26 10:52:06,126 [pool-47-thread-1] INFO  server.RaftServerConfigKeys (ConfUtils.java:logGet(43)) - raft.server.snapshot.retention.num.files = 5 (custom)
2019-09-26 10:52:06,126 [pool-47-thread-1] INFO  server.RaftServerConfigKeys (ConfUtils.java:logGet(43)) - raft.server.retrycache.expirytime = 600000ms (custom)
2019-09-26 10:52:06,129 [pool-47-thread-1] INFO  impl.RaftServerImpl (RaftServerImpl.java:start(185)) - 474bca52-b9cd-4602-ad06-63718c1fead5@group-E8BDBDC92291: start as a follower, conf=-1: [474bca52-b9cd-4602-ad06-63718c1fead5:192.168.30.13:39280], old=null
2019-09-26 10:52:06,129 [pool-47-thread-1] INFO  impl.RaftServerImpl (RaftServerImpl.java:setRole(174)) - 474bca52-b9cd-4602-ad06-63718c1fead5@group-E8BDBDC92291: changes role from      null to FOLLOWER at term 0 for startAsFollower
2019-09-26 10:52:06,129 [pool-47-thread-1] INFO  impl.RoleInfo (RoleInfo.java:updateAndGet(143)) - 474bca52-b9cd-4602-ad06-63718c1fead5: start FollowerState
2019-09-26 10:52:06,129 [pool-47-thread-1] INFO  util.JmxRegister (JmxRegister.java:tryRegister(44)) - Successfully registered JMX Bean with object name Ratis:service=RaftServer,group=group-E8BDBDC92291,id=474bca52-b9cd-4602-ad06-63718c1fead5
2019-09-26 10:52:06,135 [RatisPipelineUtilsThread] INFO  pipeline.PipelineStateManager (PipelineStateManager.java:addPipeline(56)) - Created pipeline Pipeline[ Id: 24d3040b-8f07-45be-8e40-e8bdbdc92291, Nodes: 474bca52-b9cd-4602-ad06-63718c1fead5{ip: 192.168.30.13, host: pr-hdds-1569-wvzgm-824869521, networkLocation: /default-rack, certSerialId: null}, Type:RATIS, Factor:ONE, State:OPEN]
2019-09-26 10:52:06,135 [RatisPipelineUtilsThread] INFO  pipeline.PipelinePlacementPolicy (PipelinePlacementPolicy.java:meetCriteria(91)) - Pipeline Placement: can't place more pipeline on heavy datanode： 0c06663d-3a07-4175-8dd2-9d41b1b53b1e Heaviness: 6 limit: 5
2019-09-26 10:52:06,135 [RatisPipelineUtilsThread] INFO  pipeline.PipelinePlacementPolicy (PipelinePlacementPolicy.java:meetCriteria(91)) - Pipeline Placement: can't place more pipeline on heavy datanode： dd9d2e05-3ffa-4f1c-8a80-938e5f4f3192 Heaviness: 6 limit: 5
2019-09-26 10:52:06,146 [grpc-default-executor-1] INFO  impl.RaftServerProxy (RaftServerProxy.java:addNew(89)) - 74579fe5-f222-4a32-8361-e642639fe135: addNew group-45BFA078BFBC:[74579fe5-f222-4a32-8361-e642639fe135:192.168.30.13:36553] returns group-45BFA078BFBC:java.util.concurrent.CompletableFuture@411017c2[Not completed]
2019-09-26 10:52:06,146 [pool-87-thread-1] INFO  impl.RaftServerImpl (RaftServerImpl.java:<init>(95)) - 74579fe5-f222-4a32-8361-e642639fe135: new RaftServerImpl for group-45BFA078BFBC:[74579fe5-f222-4a32-8361-e642639fe135:192.168.30.13:36553] with ContainerStateMachine:uninitialized
2019-09-26 10:52:06,147 [pool-87-thread-1] INFO  server.RaftServerConfigKeys (ConfUtils.java:logGet(43)) - raft.server.rpc.timeout.min = 5s (custom)
2019-09-26 10:52:06,147 [pool-87-thread-1] INFO  server.RaftServerConfigKeys (ConfUtils.java:logGet(43)) - raft.server.rpc.timeout.max = 5200ms (custom)
2019-09-26 10:52:06,147 [pool-87-thread-1] INFO  server.RaftServerConfigKeys (ConfUtils.java:logGet(43)) - raft.server.rpcslowness.timeout = 120s (custom)
2019-09-26 10:52:06,147 [pool-87-thread-1] INFO  server.RaftServerConfigKeys (ConfUtils.java:logGet(43)) - raft.server.sleep.deviation.threshold = 300 (default)
2019-09-26 10:52:06,147 [pool-87-thread-1] INFO  server.RaftServerConfigKeys (ConfUtils.java:logGet(43)) - raft.server.log.appender.install.snapshot.enabled = false (custom)
2019-09-26 10:52:06,147 [pool-87-thread-1] INFO  impl.RaftServerImpl (ServerState.java:<init>(103)) - 74579fe5-f222-4a32-8361-e642639fe135@group-45BFA078BFBC: ConfigurationManager, init=-1: [74579fe5-f222-4a32-8361-e642639fe135:192.168.30.13:36553], old=null, confs=<EMPTY_MAP>
2019-09-26 10:52:06,147 [pool-87-thread-1] INFO  server.RaftServerConfigKeys (ConfUtils.java:logGet(43)) - raft.server.storage.dir = [/workdir/hadoop-ozone/ozonefs/target/test-dir/MiniOzoneClusterImpl-b00a5744-6e73-4fa1-a928-c24f0d5ffca4/datanode-6/data/ratis] (custom)
2019-09-26 10:52:06,147 [pool-87-thread-1] INFO  storage.RaftStorageDirectory (RaftStorageDirectory.java:analyzeStorage(246)) - The storage directory /workdir/hadoop-ozone/ozonefs/target/test-dir/MiniOzoneClusterImpl-b00a5744-6e73-4fa1-a928-c24f0d5ffca4/datanode-6/data/ratis/081c3d81-aa50-41ae-ac5b-45bfa078bfbc does not exist. Creating ...
2019-09-26 10:52:06,152 [pool-87-thread-1] INFO  storage.RaftStorageDirectory (RaftStorageDirectory.java:tryLock(328)) - Lock on /workdir/hadoop-ozone/ozonefs/target/test-dir/MiniOzoneClusterImpl-b00a5744-6e73-4fa1-a928-c24f0d5ffca4/datanode-6/data/ratis/081c3d81-aa50-41ae-ac5b-45bfa078bfbc/in_use.lock acquired by nodename 31132@pr-hdds-1569-wvzgm-824869521
2019-09-26 10:52:06,163 [pool-87-thread-1] INFO  storage.RaftStorage (RaftStorage.java:format(72)) - Storage directory /workdir/hadoop-ozone/ozonefs/target/test-dir/MiniOzoneClusterImpl-b00a5744-6e73-4fa1-a928-c24f0d5ffca4/datanode-6/data/ratis/081c3d81-aa50-41ae-ac5b-45bfa078bfbc has been successfully formatted.
2019-09-26 10:52:06,164 [pool-87-thread-1] INFO  ratis.ContainerStateMachine (ContainerStateMachine.java:loadSnapshot(230)) - group-45BFA078BFBC: The snapshot info is null. Setting the last applied indexto:(t:0, i:~)
2019-09-26 10:52:06,164 [pool-87-thread-1] INFO  server.RaftServerConfigKeys (ConfUtils.java:logGet(43)) - raft.server.notification.no-leader.timeout = 120s (custom)
2019-09-26 10:52:06,164 [pool-87-thread-1] INFO  server.RaftServerConfigKeys (ConfUtils.java:logGet(43)) - raft.server.log.use.memory = false (default)
2019-09-26 10:52:06,164 [pool-87-thread-1] INFO  server.RaftServerConfigKeys (ConfUtils.java:logGet(43)) - raft.server.log.purge.gap = 1000000 (custom)
2019-09-26 10:52:06,164 [pool-87-thread-1] INFO  server.RaftServerConfigKeys (ConfUtils.java:logGet(43)) - raft.server.log.appender.buffer.byte-limit = 33554432 (custom)
2019-09-26 10:52:06,164 [pool-87-thread-1] INFO  server.RaftServerConfigKeys (ConfUtils.java:logGet(43)) - raft.server.log.segment.size.max = 1048576 (custom)
2019-09-26 10:52:06,164 [pool-87-thread-1] INFO  server.RaftServerConfigKeys (ConfUtils.java:logGet(43)) - raft.server.log.segment.cache.num.max = 2 (custom)
2019-09-26 10:52:06,164 [pool-87-thread-1] INFO  segmented.SegmentedRaftLogWorker (SegmentedRaftLogWorker.java:<init>(172)) - new 74579fe5-f222-4a32-8361-e642639fe135@group-45BFA078BFBC-SegmentedRaftLogWorker for RaftStorage:Storage Directory /workdir/hadoop-ozone/ozonefs/target/test-dir/MiniOzoneClusterImpl-b00a5744-6e73-4fa1-a928-c24f0d5ffca4/datanode-6/data/ratis/081c3d81-aa50-41ae-ac5b-45bfa078bfbc
2019-09-26 10:52:06,164 [pool-87-thread-1] INFO  server.RaftServerConfigKeys (ConfUtils.java:logGet(43)) - raft.server.log.queue.byte-limit = 2147483647 (custom)
2019-09-26 10:52:06,165 [pool-87-thread-1] INFO  server.RaftServerConfigKeys (ConfUtils.java:logGet(43)) - raft.server.log.queue.element-limit = 1024 (custom)
2019-09-26 10:52:06,165 [pool-87-thread-1] INFO  server.RaftServerConfigKeys (ConfUtils.java:logGet(43)) - raft.server.log.segment.size.max = 1048576 (custom)
2019-09-26 10:52:06,165 [pool-87-thread-1] INFO  server.RaftServerConfigKeys (ConfUtils.java:logGet(43)) - raft.server.log.preallocated.size = 16384 (custom)
2019-09-26 10:52:06,165 [pool-87-thread-1] INFO  server.RaftServerConfigKeys (ConfUtils.java:logGet(43)) - raft.server.log.write.buffer.size = 33554432 (custom)
2019-09-26 10:52:06,165 [pool-87-thread-1] INFO  server.RaftServerConfigKeys (ConfUtils.java:logGet(43)) - raft.server.log.force.sync.num = 128 (default)
2019-09-26 10:52:06,165 [pool-87-thread-1] INFO  server.RaftServerConfigKeys (ConfUtils.java:logGet(43)) - raft.server.log.statemachine.data.sync = true (default)
2019-09-26 10:52:06,165 [pool-87-thread-1] INFO  server.RaftServerConfigKeys (ConfUtils.java:logGet(43)) - raft.server.log.statemachine.data.sync.timeout = 10s (default)
2019-09-26 10:52:06,165 [pool-87-thread-1] INFO  server.RaftServerConfigKeys (ConfUtils.java:logGet(43)) - raft.server.log.statemachine.data.sync.timeout.retry = -1 (default)
2019-09-26 10:52:06,165 [pool-87-thread-1] INFO  server.RaftServerConfigKeys (ConfUtils.java:logGet(43)) - raft.server.log.statemachine.data.caching.enabled = true (custom)
2019-09-26 10:52:06,166 [pool-87-thread-1] INFO  segmented.SegmentedRaftLogWorker (SegmentedRaftLogWorker.java:lambda$new$0(132)) - 74579fe5-f222-4a32-8361-e642639fe135@group-45BFA078BFBC-SegmentedRaftLogWorker: flushIndex: setUnconditionally 0 -> -1
2019-09-26 10:52:06,166 [pool-87-thread-1] INFO  server.RaftServerConfigKeys (ConfUtils.java:logGet(43)) - raft.server.snapshot.auto.trigger.enabled = true (custom)
2019-09-26 10:52:06,166 [pool-87-thread-1] INFO  server.RaftServerConfigKeys (ConfUtils.java:logGet(43)) - raft.server.snapshot.auto.trigger.threshold = 10000 (custom)
2019-09-26 10:52:06,166 [pool-87-thread-1] INFO  server.RaftServerConfigKeys (ConfUtils.java:logGet(43)) - raft.server.snapshot.retention.num.files = 5 (custom)
2019-09-26 10:52:06,166 [pool-87-thread-1] INFO  server.RaftServerConfigKeys (ConfUtils.java:logGet(43)) - raft.server.retrycache.expirytime = 600000ms (custom)
2019-09-26 10:52:06,168 [pool-87-thread-1] INFO  impl.RaftServerImpl (RaftServerImpl.java:start(185)) - 74579fe5-f222-4a32-8361-e642639fe135@group-45BFA078BFBC: start as a follower, conf=-1: [74579fe5-f222-4a32-8361-e642639fe135:192.168.30.13:36553], old=null
2019-09-26 10:52:06,168 [pool-87-thread-1] INFO  impl.RaftServerImpl (RaftServerImpl.java:setRole(174)) - 74579fe5-f222-4a32-8361-e642639fe135@group-45BFA078BFBC: changes role from      null to FOLLOWER at term 0 for startAsFollower
2019-09-26 10:52:06,168 [pool-87-thread-1] INFO  impl.RoleInfo (RoleInfo.java:updateAndGet(143)) - 74579fe5-f222-4a32-8361-e642639fe135: start FollowerState
2019-09-26 10:52:06,169 [pool-87-thread-1] INFO  util.JmxRegister (JmxRegister.java:tryRegister(44)) - Successfully registered JMX Bean with object name Ratis:service=RaftServer,group=group-45BFA078BFBC,id=74579fe5-f222-4a32-8361-e642639fe135
2019-09-26 10:52:06,174 [RatisPipelineUtilsThread] INFO  pipeline.PipelineStateManager (PipelineStateManager.java:addPipeline(56)) - Created pipeline Pipeline[ Id: 081c3d81-aa50-41ae-ac5b-45bfa078bfbc, Nodes: 74579fe5-f222-4a32-8361-e642639fe135{ip: 192.168.30.13, host: pr-hdds-1569-wvzgm-824869521, networkLocation: /default-rack, certSerialId: null}, Type:RATIS, Factor:ONE, State:OPEN]
2019-09-26 10:52:06,174 [RatisPipelineUtilsThread] INFO  pipeline.PipelinePlacementPolicy (PipelinePlacementPolicy.java:meetCriteria(91)) - Pipeline Placement: can't place more pipeline on heavy datanode： 0c06663d-3a07-4175-8dd2-9d41b1b53b1e Heaviness: 6 limit: 5
2019-09-26 10:52:06,175 [RatisPipelineUtilsThread] INFO  pipeline.PipelinePlacementPolicy (PipelinePlacementPolicy.java:meetCriteria(91)) - Pipeline Placement: can't place more pipeline on heavy datanode： dd9d2e05-3ffa-4f1c-8a80-938e5f4f3192 Heaviness: 6 limit: 5
2019-09-26 10:52:06,204 [grpc-default-executor-1] INFO  impl.RaftServerProxy (RaftServerProxy.java:addNew(89)) - 2253380d-6ddc-421c-86f6-26acdb90a8c4: addNew group-2ED60F0F3857:[2253380d-6ddc-421c-86f6-26acdb90a8c4:192.168.30.13:39629] returns group-2ED60F0F3857:java.util.concurrent.CompletableFuture@20f85b71[Not completed]
2019-09-26 10:52:06,206 [pool-57-thread-1] INFO  impl.RaftServerImpl (RaftServerImpl.java:<init>(95)) - 2253380d-6ddc-421c-86f6-26acdb90a8c4: new RaftServerImpl for group-2ED60F0F3857:[2253380d-6ddc-421c-86f6-26acdb90a8c4:192.168.30.13:39629] with ContainerStateMachine:uninitialized
2019-09-26 10:52:06,206 [pool-57-thread-1] INFO  server.RaftServerConfigKeys (ConfUtils.java:logGet(43)) - raft.server.rpc.timeout.min = 5s (custom)
2019-09-26 10:52:06,206 [pool-57-thread-1] INFO  server.RaftServerConfigKeys (ConfUtils.java:logGet(43)) - raft.server.rpc.timeout.max = 5200ms (custom)
2019-09-26 10:52:06,207 [pool-57-thread-1] INFO  server.RaftServerConfigKeys (ConfUtils.java:logGet(43)) - raft.server.rpcslowness.timeout = 120s (custom)
2019-09-26 10:52:06,207 [pool-57-thread-1] INFO  server.RaftServerConfigKeys (ConfUtils.java:logGet(43)) - raft.server.sleep.deviation.threshold = 300 (default)
2019-09-26 10:52:06,207 [pool-57-thread-1] INFO  server.RaftServerConfigKeys (ConfUtils.java:logGet(43)) - raft.server.log.appender.install.snapshot.enabled = false (custom)
2019-09-26 10:52:06,207 [pool-57-thread-1] INFO  impl.RaftServerImpl (ServerState.java:<init>(103)) - 2253380d-6ddc-421c-86f6-26acdb90a8c4@group-2ED60F0F3857: ConfigurationManager, init=-1: [2253380d-6ddc-421c-86f6-26acdb90a8c4:192.168.30.13:39629], old=null, confs=<EMPTY_MAP>
2019-09-26 10:52:06,207 [pool-57-thread-1] INFO  server.RaftServerConfigKeys (ConfUtils.java:logGet(43)) - raft.server.storage.dir = [/workdir/hadoop-ozone/ozonefs/target/test-dir/MiniOzoneClusterImpl-b00a5744-6e73-4fa1-a928-c24f0d5ffca4/datanode-3/data/ratis] (custom)
2019-09-26 10:52:06,208 [pool-57-thread-1] INFO  storage.RaftStorageDirectory (RaftStorageDirectory.java:analyzeStorage(246)) - The storage directory /workdir/hadoop-ozone/ozonefs/target/test-dir/MiniOzoneClusterImpl-b00a5744-6e73-4fa1-a928-c24f0d5ffca4/datanode-3/data/ratis/dff2e784-ae46-4a01-b2b5-2ed60f0f3857 does not exist. Creating ...
2019-09-26 10:52:06,221 [pool-57-thread-1] INFO  storage.RaftStorageDirectory (RaftStorageDirectory.java:tryLock(328)) - Lock on /workdir/hadoop-ozone/ozonefs/target/test-dir/MiniOzoneClusterImpl-b00a5744-6e73-4fa1-a928-c24f0d5ffca4/datanode-3/data/ratis/dff2e784-ae46-4a01-b2b5-2ed60f0f3857/in_use.lock acquired by nodename 31132@pr-hdds-1569-wvzgm-824869521
2019-09-26 10:52:06,235 [pool-57-thread-1] INFO  storage.RaftStorage (RaftStorage.java:format(72)) - Storage directory /workdir/hadoop-ozone/ozonefs/target/test-dir/MiniOzoneClusterImpl-b00a5744-6e73-4fa1-a928-c24f0d5ffca4/datanode-3/data/ratis/dff2e784-ae46-4a01-b2b5-2ed60f0f3857 has been successfully formatted.
2019-09-26 10:52:06,235 [pool-57-thread-1] INFO  ratis.ContainerStateMachine (ContainerStateMachine.java:loadSnapshot(230)) - group-2ED60F0F3857: The snapshot info is null. Setting the last applied indexto:(t:0, i:~)
2019-09-26 10:52:06,235 [pool-57-thread-1] INFO  server.RaftServerConfigKeys (ConfUtils.java:logGet(43)) - raft.server.notification.no-leader.timeout = 120s (custom)
2019-09-26 10:52:06,236 [pool-57-thread-1] INFO  server.RaftServerConfigKeys (ConfUtils.java:logGet(43)) - raft.server.log.use.memory = false (default)
2019-09-26 10:52:06,236 [pool-57-thread-1] INFO  server.RaftServerConfigKeys (ConfUtils.java:logGet(43)) - raft.server.log.purge.gap = 1000000 (custom)
2019-09-26 10:52:06,236 [pool-57-thread-1] INFO  server.RaftServerConfigKeys (ConfUtils.java:logGet(43)) - raft.server.log.appender.buffer.byte-limit = 33554432 (custom)
2019-09-26 10:52:06,236 [pool-57-thread-1] INFO  server.RaftServerConfigKeys (ConfUtils.java:logGet(43)) - raft.server.log.segment.size.max = 1048576 (custom)
2019-09-26 10:52:06,236 [pool-57-thread-1] INFO  server.RaftServerConfigKeys (ConfUtils.java:logGet(43)) - raft.server.log.segment.cache.num.max = 2 (custom)
2019-09-26 10:52:06,237 [pool-57-thread-1] INFO  segmented.SegmentedRaftLogWorker (SegmentedRaftLogWorker.java:<init>(172)) - new 2253380d-6ddc-421c-86f6-26acdb90a8c4@group-2ED60F0F3857-SegmentedRaftLogWorker for RaftStorage:Storage Directory /workdir/hadoop-ozone/ozonefs/target/test-dir/MiniOzoneClusterImpl-b00a5744-6e73-4fa1-a928-c24f0d5ffca4/datanode-3/data/ratis/dff2e784-ae46-4a01-b2b5-2ed60f0f3857
2019-09-26 10:52:06,237 [pool-57-thread-1] INFO  server.RaftServerConfigKeys (ConfUtils.java:logGet(43)) - raft.server.log.queue.byte-limit = 2147483647 (custom)
2019-09-26 10:52:06,237 [pool-57-thread-1] INFO  server.RaftServerConfigKeys (ConfUtils.java:logGet(43)) - raft.server.log.queue.element-limit = 1024 (custom)
2019-09-26 10:52:06,237 [pool-57-thread-1] INFO  server.RaftServerConfigKeys (ConfUtils.java:logGet(43)) - raft.server.log.segment.size.max = 1048576 (custom)
2019-09-26 10:52:06,237 [pool-57-thread-1] INFO  server.RaftServerConfigKeys (ConfUtils.java:logGet(43)) - raft.server.log.preallocated.size = 16384 (custom)
2019-09-26 10:52:06,237 [pool-57-thread-1] INFO  server.RaftServerConfigKeys (ConfUtils.java:logGet(43)) - raft.server.log.write.buffer.size = 33554432 (custom)
2019-09-26 10:52:06,237 [pool-57-thread-1] INFO  server.RaftServerConfigKeys (ConfUtils.java:logGet(43)) - raft.server.log.force.sync.num = 128 (default)
2019-09-26 10:52:06,238 [pool-57-thread-1] INFO  server.RaftServerConfigKeys (ConfUtils.java:logGet(43)) - raft.server.log.statemachine.data.sync = true (default)
2019-09-26 10:52:06,238 [pool-57-thread-1] INFO  server.RaftServerConfigKeys (ConfUtils.java:logGet(43)) - raft.server.log.statemachine.data.sync.timeout = 10s (default)
2019-09-26 10:52:06,238 [pool-57-thread-1] INFO  server.RaftServerConfigKeys (ConfUtils.java:logGet(43)) - raft.server.log.statemachine.data.sync.timeout.retry = -1 (default)
2019-09-26 10:52:06,238 [pool-57-thread-1] INFO  server.RaftServerConfigKeys (ConfUtils.java:logGet(43)) - raft.server.log.statemachine.data.caching.enabled = true (custom)
2019-09-26 10:52:06,239 [pool-57-thread-1] INFO  segmented.SegmentedRaftLogWorker (SegmentedRaftLogWorker.java:lambda$new$0(132)) - 2253380d-6ddc-421c-86f6-26acdb90a8c4@group-2ED60F0F3857-SegmentedRaftLogWorker: flushIndex: setUnconditionally 0 -> -1
2019-09-26 10:52:06,239 [pool-57-thread-1] INFO  server.RaftServerConfigKeys (ConfUtils.java:logGet(43)) - raft.server.snapshot.auto.trigger.enabled = true (custom)
2019-09-26 10:52:06,239 [pool-57-thread-1] INFO  server.RaftServerConfigKeys (ConfUtils.java:logGet(43)) - raft.server.snapshot.auto.trigger.threshold = 10000 (custom)
2019-09-26 10:52:06,239 [pool-57-thread-1] INFO  server.RaftServerConfigKeys (ConfUtils.java:logGet(43)) - raft.server.snapshot.retention.num.files = 5 (custom)
2019-09-26 10:52:06,239 [pool-57-thread-1] INFO  server.RaftServerConfigKeys (ConfUtils.java:logGet(43)) - raft.server.retrycache.expirytime = 600000ms (custom)
2019-09-26 10:52:06,242 [pool-57-thread-1] INFO  impl.RaftServerImpl (RaftServerImpl.java:start(185)) - 2253380d-6ddc-421c-86f6-26acdb90a8c4@group-2ED60F0F3857: start as a follower, conf=-1: [2253380d-6ddc-421c-86f6-26acdb90a8c4:192.168.30.13:39629], old=null
2019-09-26 10:52:06,242 [pool-57-thread-1] INFO  impl.RaftServerImpl (RaftServerImpl.java:setRole(174)) - 2253380d-6ddc-421c-86f6-26acdb90a8c4@group-2ED60F0F3857: changes role from      null to FOLLOWER at term 0 for startAsFollower
2019-09-26 10:52:06,242 [pool-57-thread-1] INFO  impl.RoleInfo (RoleInfo.java:updateAndGet(143)) - 2253380d-6ddc-421c-86f6-26acdb90a8c4: start FollowerState
2019-09-26 10:52:06,243 [pool-57-thread-1] INFO  util.JmxRegister (JmxRegister.java:tryRegister(44)) - Successfully registered JMX Bean with object name Ratis:service=RaftServer,group=group-2ED60F0F3857,id=2253380d-6ddc-421c-86f6-26acdb90a8c4
2019-09-26 10:52:06,250 [RatisPipelineUtilsThread] INFO  pipeline.PipelineStateManager (PipelineStateManager.java:addPipeline(56)) - Created pipeline Pipeline[ Id: dff2e784-ae46-4a01-b2b5-2ed60f0f3857, Nodes: 2253380d-6ddc-421c-86f6-26acdb90a8c4{ip: 192.168.30.13, host: pr-hdds-1569-wvzgm-824869521, networkLocation: /default-rack, certSerialId: null}, Type:RATIS, Factor:ONE, State:OPEN]
2019-09-26 10:52:06,250 [RatisPipelineUtilsThread] INFO  pipeline.PipelinePlacementPolicy (PipelinePlacementPolicy.java:meetCriteria(91)) - Pipeline Placement: can't place more pipeline on heavy datanode： 0c06663d-3a07-4175-8dd2-9d41b1b53b1e Heaviness: 6 limit: 5
2019-09-26 10:52:06,250 [RatisPipelineUtilsThread] INFO  pipeline.PipelinePlacementPolicy (PipelinePlacementPolicy.java:meetCriteria(91)) - Pipeline Placement: can't place more pipeline on heavy datanode： dd9d2e05-3ffa-4f1c-8a80-938e5f4f3192 Heaviness: 6 limit: 5
2019-09-26 10:52:06,279 [grpc-default-executor-1] INFO  impl.RaftServerProxy (RaftServerProxy.java:addNew(89)) - 74579fe5-f222-4a32-8361-e642639fe135: addNew group-13C1126AD8E2:[74579fe5-f222-4a32-8361-e642639fe135:192.168.30.13:36553] returns group-13C1126AD8E2:java.util.concurrent.CompletableFuture@5c36521a[Not completed]
2019-09-26 10:52:06,280 [pool-87-thread-1] INFO  impl.RaftServerImpl (RaftServerImpl.java:<init>(95)) - 74579fe5-f222-4a32-8361-e642639fe135: new RaftServerImpl for group-13C1126AD8E2:[74579fe5-f222-4a32-8361-e642639fe135:192.168.30.13:36553] with ContainerStateMachine:uninitialized
2019-09-26 10:52:06,281 [pool-87-thread-1] INFO  server.RaftServerConfigKeys (ConfUtils.java:logGet(43)) - raft.server.rpc.timeout.min = 5s (custom)
2019-09-26 10:52:06,281 [pool-87-thread-1] INFO  server.RaftServerConfigKeys (ConfUtils.java:logGet(43)) - raft.server.rpc.timeout.max = 5200ms (custom)
2019-09-26 10:52:06,281 [pool-87-thread-1] INFO  server.RaftServerConfigKeys (ConfUtils.java:logGet(43)) - raft.server.rpcslowness.timeout = 120s (custom)
2019-09-26 10:52:06,281 [pool-87-thread-1] INFO  server.RaftServerConfigKeys (ConfUtils.java:logGet(43)) - raft.server.sleep.deviation.threshold = 300 (default)
2019-09-26 10:52:06,281 [pool-87-thread-1] INFO  server.RaftServerConfigKeys (ConfUtils.java:logGet(43)) - raft.server.log.appender.install.snapshot.enabled = false (custom)
2019-09-26 10:52:06,281 [pool-87-thread-1] INFO  impl.RaftServerImpl (ServerState.java:<init>(103)) - 74579fe5-f222-4a32-8361-e642639fe135@group-13C1126AD8E2: ConfigurationManager, init=-1: [74579fe5-f222-4a32-8361-e642639fe135:192.168.30.13:36553], old=null, confs=<EMPTY_MAP>
2019-09-26 10:52:06,282 [pool-87-thread-1] INFO  server.RaftServerConfigKeys (ConfUtils.java:logGet(43)) - raft.server.storage.dir = [/workdir/hadoop-ozone/ozonefs/target/test-dir/MiniOzoneClusterImpl-b00a5744-6e73-4fa1-a928-c24f0d5ffca4/datanode-6/data/ratis] (custom)
2019-09-26 10:52:06,282 [pool-87-thread-1] INFO  storage.RaftStorageDirectory (RaftStorageDirectory.java:analyzeStorage(246)) - The storage directory /workdir/hadoop-ozone/ozonefs/target/test-dir/MiniOzoneClusterImpl-b00a5744-6e73-4fa1-a928-c24f0d5ffca4/datanode-6/data/ratis/4a7cca93-9de3-4ef7-89cf-13c1126ad8e2 does not exist. Creating ...
2019-09-26 10:52:06,295 [pool-87-thread-1] INFO  storage.RaftStorageDirectory (RaftStorageDirectory.java:tryLock(328)) - Lock on /workdir/hadoop-ozone/ozonefs/target/test-dir/MiniOzoneClusterImpl-b00a5744-6e73-4fa1-a928-c24f0d5ffca4/datanode-6/data/ratis/4a7cca93-9de3-4ef7-89cf-13c1126ad8e2/in_use.lock acquired by nodename 31132@pr-hdds-1569-wvzgm-824869521
2019-09-26 10:52:06,308 [pool-87-thread-1] INFO  storage.RaftStorage (RaftStorage.java:format(72)) - Storage directory /workdir/hadoop-ozone/ozonefs/target/test-dir/MiniOzoneClusterImpl-b00a5744-6e73-4fa1-a928-c24f0d5ffca4/datanode-6/data/ratis/4a7cca93-9de3-4ef7-89cf-13c1126ad8e2 has been successfully formatted.
2019-09-26 10:52:06,308 [pool-87-thread-1] INFO  ratis.ContainerStateMachine (ContainerStateMachine.java:loadSnapshot(230)) - group-13C1126AD8E2: The snapshot info is null. Setting the last applied indexto:(t:0, i:~)
2019-09-26 10:52:06,308 [pool-87-thread-1] INFO  server.RaftServerConfigKeys (ConfUtils.java:logGet(43)) - raft.server.notification.no-leader.timeout = 120s (custom)
2019-09-26 10:52:06,309 [pool-87-thread-1] INFO  server.RaftServerConfigKeys (ConfUtils.java:logGet(43)) - raft.server.log.use.memory = false (default)
2019-09-26 10:52:06,309 [pool-87-thread-1] INFO  server.RaftServerConfigKeys (ConfUtils.java:logGet(43)) - raft.server.log.purge.gap = 1000000 (custom)
2019-09-26 10:52:06,309 [pool-87-thread-1] INFO  server.RaftServerConfigKeys (ConfUtils.java:logGet(43)) - raft.server.log.appender.buffer.byte-limit = 33554432 (custom)
2019-09-26 10:52:06,309 [pool-87-thread-1] INFO  server.RaftServerConfigKeys (ConfUtils.java:logGet(43)) - raft.server.log.segment.size.max = 1048576 (custom)
2019-09-26 10:52:06,309 [pool-87-thread-1] INFO  server.RaftServerConfigKeys (ConfUtils.java:logGet(43)) - raft.server.log.segment.cache.num.max = 2 (custom)
2019-09-26 10:52:06,310 [pool-87-thread-1] INFO  segmented.SegmentedRaftLogWorker (SegmentedRaftLogWorker.java:<init>(172)) - new 74579fe5-f222-4a32-8361-e642639fe135@group-13C1126AD8E2-SegmentedRaftLogWorker for RaftStorage:Storage Directory /workdir/hadoop-ozone/ozonefs/target/test-dir/MiniOzoneClusterImpl-b00a5744-6e73-4fa1-a928-c24f0d5ffca4/datanode-6/data/ratis/4a7cca93-9de3-4ef7-89cf-13c1126ad8e2
2019-09-26 10:52:06,310 [pool-87-thread-1] INFO  server.RaftServerConfigKeys (ConfUtils.java:logGet(43)) - raft.server.log.queue.byte-limit = 2147483647 (custom)
2019-09-26 10:52:06,310 [pool-87-thread-1] INFO  server.RaftServerConfigKeys (ConfUtils.java:logGet(43)) - raft.server.log.queue.element-limit = 1024 (custom)
2019-09-26 10:52:06,310 [pool-87-thread-1] INFO  server.RaftServerConfigKeys (ConfUtils.java:logGet(43)) - raft.server.log.segment.size.max = 1048576 (custom)
2019-09-26 10:52:06,310 [pool-87-thread-1] INFO  server.RaftServerConfigKeys (ConfUtils.java:logGet(43)) - raft.server.log.preallocated.size = 16384 (custom)
2019-09-26 10:52:06,310 [pool-87-thread-1] INFO  server.RaftServerConfigKeys (ConfUtils.java:logGet(43)) - raft.server.log.write.buffer.size = 33554432 (custom)
2019-09-26 10:52:06,311 [pool-87-thread-1] INFO  server.RaftServerConfigKeys (ConfUtils.java:logGet(43)) - raft.server.log.force.sync.num = 128 (default)
2019-09-26 10:52:06,311 [pool-87-thread-1] INFO  server.RaftServerConfigKeys (ConfUtils.java:logGet(43)) - raft.server.log.statemachine.data.sync = true (default)
2019-09-26 10:52:06,311 [pool-87-thread-1] INFO  server.RaftServerConfigKeys (ConfUtils.java:logGet(43)) - raft.server.log.statemachine.data.sync.timeout = 10s (default)
2019-09-26 10:52:06,311 [pool-87-thread-1] INFO  server.RaftServerConfigKeys (ConfUtils.java:logGet(43)) - raft.server.log.statemachine.data.sync.timeout.retry = -1 (default)
2019-09-26 10:52:06,311 [pool-87-thread-1] INFO  server.RaftServerConfigKeys (ConfUtils.java:logGet(43)) - raft.server.log.statemachine.data.caching.enabled = true (custom)
2019-09-26 10:52:06,312 [pool-87-thread-1] INFO  segmented.SegmentedRaftLogWorker (SegmentedRaftLogWorker.java:lambda$new$0(132)) - 74579fe5-f222-4a32-8361-e642639fe135@group-13C1126AD8E2-SegmentedRaftLogWorker: flushIndex: setUnconditionally 0 -> -1
2019-09-26 10:52:06,312 [pool-87-thread-1] INFO  server.RaftServerConfigKeys (ConfUtils.java:logGet(43)) - raft.server.snapshot.auto.trigger.enabled = true (custom)
2019-09-26 10:52:06,312 [pool-87-thread-1] INFO  server.RaftServerConfigKeys (ConfUtils.java:logGet(43)) - raft.server.snapshot.auto.trigger.threshold = 10000 (custom)
2019-09-26 10:52:06,313 [pool-87-thread-1] INFO  server.RaftServerConfigKeys (ConfUtils.java:logGet(43)) - raft.server.snapshot.retention.num.files = 5 (custom)
2019-09-26 10:52:06,313 [pool-87-thread-1] INFO  server.RaftServerConfigKeys (ConfUtils.java:logGet(43)) - raft.server.retrycache.expirytime = 600000ms (custom)
2019-09-26 10:52:06,316 [pool-87-thread-1] INFO  impl.RaftServerImpl (RaftServerImpl.java:start(185)) - 74579fe5-f222-4a32-8361-e642639fe135@group-13C1126AD8E2: start as a follower, conf=-1: [74579fe5-f222-4a32-8361-e642639fe135:192.168.30.13:36553], old=null
2019-09-26 10:52:06,316 [pool-87-thread-1] INFO  impl.RaftServerImpl (RaftServerImpl.java:setRole(174)) - 74579fe5-f222-4a32-8361-e642639fe135@group-13C1126AD8E2: changes role from      null to FOLLOWER at term 0 for startAsFollower
2019-09-26 10:52:06,316 [pool-87-thread-1] INFO  impl.RoleInfo (RoleInfo.java:updateAndGet(143)) - 74579fe5-f222-4a32-8361-e642639fe135: start FollowerState
2019-09-26 10:52:06,328 [pool-87-thread-1] INFO  util.JmxRegister (JmxRegister.java:tryRegister(44)) - Successfully registered JMX Bean with object name Ratis:service=RaftServer,group=group-13C1126AD8E2,id=74579fe5-f222-4a32-8361-e642639fe135
2019-09-26 10:52:06,352 [RatisPipelineUtilsThread] INFO  pipeline.PipelineStateManager (PipelineStateManager.java:addPipeline(56)) - Created pipeline Pipeline[ Id: 4a7cca93-9de3-4ef7-89cf-13c1126ad8e2, Nodes: 74579fe5-f222-4a32-8361-e642639fe135{ip: 192.168.30.13, host: pr-hdds-1569-wvzgm-824869521, networkLocation: /default-rack, certSerialId: null}, Type:RATIS, Factor:ONE, State:OPEN]
2019-09-26 10:52:06,353 [RatisPipelineUtilsThread] INFO  pipeline.PipelinePlacementPolicy (PipelinePlacementPolicy.java:meetCriteria(91)) - Pipeline Placement: can't place more pipeline on heavy datanode： 0c06663d-3a07-4175-8dd2-9d41b1b53b1e Heaviness: 6 limit: 5
2019-09-26 10:52:06,353 [RatisPipelineUtilsThread] INFO  pipeline.PipelinePlacementPolicy (PipelinePlacementPolicy.java:meetCriteria(91)) - Pipeline Placement: can't place more pipeline on heavy datanode： dd9d2e05-3ffa-4f1c-8a80-938e5f4f3192 Heaviness: 6 limit: 5
2019-09-26 10:52:06,360 [grpc-default-executor-1] INFO  impl.RaftServerProxy (RaftServerProxy.java:addNew(89)) - 74579fe5-f222-4a32-8361-e642639fe135: addNew group-7FBAF6468B15:[74579fe5-f222-4a32-8361-e642639fe135:192.168.30.13:36553] returns group-7FBAF6468B15:java.util.concurrent.CompletableFuture@2ebef72a[Not completed]
2019-09-26 10:52:06,361 [pool-87-thread-1] INFO  impl.RaftServerImpl (RaftServerImpl.java:<init>(95)) - 74579fe5-f222-4a32-8361-e642639fe135: new RaftServerImpl for group-7FBAF6468B15:[74579fe5-f222-4a32-8361-e642639fe135:192.168.30.13:36553] with ContainerStateMachine:uninitialized
2019-09-26 10:52:06,362 [pool-87-thread-1] INFO  server.RaftServerConfigKeys (ConfUtils.java:logGet(43)) - raft.server.rpc.timeout.min = 5s (custom)
2019-09-26 10:52:06,362 [pool-87-thread-1] INFO  server.RaftServerConfigKeys (ConfUtils.java:logGet(43)) - raft.server.rpc.timeout.max = 5200ms (custom)
2019-09-26 10:52:06,362 [pool-87-thread-1] INFO  server.RaftServerConfigKeys (ConfUtils.java:logGet(43)) - raft.server.rpcslowness.timeout = 120s (custom)
2019-09-26 10:52:06,362 [pool-87-thread-1] INFO  server.RaftServerConfigKeys (ConfUtils.java:logGet(43)) - raft.server.sleep.deviation.threshold = 300 (default)
2019-09-26 10:52:06,362 [pool-87-thread-1] INFO  server.RaftServerConfigKeys (ConfUtils.java:logGet(43)) - raft.server.log.appender.install.snapshot.enabled = false (custom)
2019-09-26 10:52:06,362 [pool-87-thread-1] INFO  impl.RaftServerImpl (ServerState.java:<init>(103)) - 74579fe5-f222-4a32-8361-e642639fe135@group-7FBAF6468B15: ConfigurationManager, init=-1: [74579fe5-f222-4a32-8361-e642639fe135:192.168.30.13:36553], old=null, confs=<EMPTY_MAP>
2019-09-26 10:52:06,363 [pool-87-thread-1] INFO  server.RaftServerConfigKeys (ConfUtils.java:logGet(43)) - raft.server.storage.dir = [/workdir/hadoop-ozone/ozonefs/target/test-dir/MiniOzoneClusterImpl-b00a5744-6e73-4fa1-a928-c24f0d5ffca4/datanode-6/data/ratis] (custom)
2019-09-26 10:52:06,363 [pool-87-thread-1] INFO  storage.RaftStorageDirectory (RaftStorageDirectory.java:analyzeStorage(246)) - The storage directory /workdir/hadoop-ozone/ozonefs/target/test-dir/MiniOzoneClusterImpl-b00a5744-6e73-4fa1-a928-c24f0d5ffca4/datanode-6/data/ratis/4b5f0bb8-c9a8-445f-8621-7fbaf6468b15 does not exist. Creating ...
2019-09-26 10:52:06,406 [pool-87-thread-1] INFO  storage.RaftStorageDirectory (RaftStorageDirectory.java:tryLock(328)) - Lock on /workdir/hadoop-ozone/ozonefs/target/test-dir/MiniOzoneClusterImpl-b00a5744-6e73-4fa1-a928-c24f0d5ffca4/datanode-6/data/ratis/4b5f0bb8-c9a8-445f-8621-7fbaf6468b15/in_use.lock acquired by nodename 31132@pr-hdds-1569-wvzgm-824869521
2019-09-26 10:52:06,419 [pool-87-thread-1] INFO  storage.RaftStorage (RaftStorage.java:format(72)) - Storage directory /workdir/hadoop-ozone/ozonefs/target/test-dir/MiniOzoneClusterImpl-b00a5744-6e73-4fa1-a928-c24f0d5ffca4/datanode-6/data/ratis/4b5f0bb8-c9a8-445f-8621-7fbaf6468b15 has been successfully formatted.
2019-09-26 10:52:06,420 [pool-87-thread-1] INFO  ratis.ContainerStateMachine (ContainerStateMachine.java:loadSnapshot(230)) - group-7FBAF6468B15: The snapshot info is null. Setting the last applied indexto:(t:0, i:~)
2019-09-26 10:52:06,420 [pool-87-thread-1] INFO  server.RaftServerConfigKeys (ConfUtils.java:logGet(43)) - raft.server.notification.no-leader.timeout = 120s (custom)
2019-09-26 10:52:06,420 [pool-87-thread-1] INFO  server.RaftServerConfigKeys (ConfUtils.java:logGet(43)) - raft.server.log.use.memory = false (default)
2019-09-26 10:52:06,420 [pool-87-thread-1] INFO  server.RaftServerConfigKeys (ConfUtils.java:logGet(43)) - raft.server.log.purge.gap = 1000000 (custom)
2019-09-26 10:52:06,420 [pool-87-thread-1] INFO  server.RaftServerConfigKeys (ConfUtils.java:logGet(43)) - raft.server.log.appender.buffer.byte-limit = 33554432 (custom)
2019-09-26 10:52:06,421 [pool-87-thread-1] INFO  server.RaftServerConfigKeys (ConfUtils.java:logGet(43)) - raft.server.log.segment.size.max = 1048576 (custom)
2019-09-26 10:52:06,421 [pool-87-thread-1] INFO  server.RaftServerConfigKeys (ConfUtils.java:logGet(43)) - raft.server.log.segment.cache.num.max = 2 (custom)
2019-09-26 10:52:06,421 [pool-87-thread-1] INFO  segmented.SegmentedRaftLogWorker (SegmentedRaftLogWorker.java:<init>(172)) - new 74579fe5-f222-4a32-8361-e642639fe135@group-7FBAF6468B15-SegmentedRaftLogWorker for RaftStorage:Storage Directory /workdir/hadoop-ozone/ozonefs/target/test-dir/MiniOzoneClusterImpl-b00a5744-6e73-4fa1-a928-c24f0d5ffca4/datanode-6/data/ratis/4b5f0bb8-c9a8-445f-8621-7fbaf6468b15
2019-09-26 10:52:06,421 [pool-87-thread-1] INFO  server.RaftServerConfigKeys (ConfUtils.java:logGet(43)) - raft.server.log.queue.byte-limit = 2147483647 (custom)
2019-09-26 10:52:06,421 [pool-87-thread-1] INFO  server.RaftServerConfigKeys (ConfUtils.java:logGet(43)) - raft.server.log.queue.element-limit = 1024 (custom)
2019-09-26 10:52:06,421 [pool-87-thread-1] INFO  server.RaftServerConfigKeys (ConfUtils.java:logGet(43)) - raft.server.log.segment.size.max = 1048576 (custom)
2019-09-26 10:52:06,422 [pool-87-thread-1] INFO  server.RaftServerConfigKeys (ConfUtils.java:logGet(43)) - raft.server.log.preallocated.size = 16384 (custom)
2019-09-26 10:52:06,422 [pool-87-thread-1] INFO  server.RaftServerConfigKeys (ConfUtils.java:logGet(43)) - raft.server.log.write.buffer.size = 33554432 (custom)
2019-09-26 10:52:06,422 [pool-87-thread-1] INFO  server.RaftServerConfigKeys (ConfUtils.java:logGet(43)) - raft.server.log.force.sync.num = 128 (default)
2019-09-26 10:52:06,422 [pool-87-thread-1] INFO  server.RaftServerConfigKeys (ConfUtils.java:logGet(43)) - raft.server.log.statemachine.data.sync = true (default)
2019-09-26 10:52:06,422 [pool-87-thread-1] INFO  server.RaftServerConfigKeys (ConfUtils.java:logGet(43)) - raft.server.log.statemachine.data.sync.timeout = 10s (default)
2019-09-26 10:52:06,422 [pool-87-thread-1] INFO  server.RaftServerConfigKeys (ConfUtils.java:logGet(43)) - raft.server.log.statemachine.data.sync.timeout.retry = -1 (default)
2019-09-26 10:52:06,423 [pool-87-thread-1] INFO  server.RaftServerConfigKeys (ConfUtils.java:logGet(43)) - raft.server.log.statemachine.data.caching.enabled = true (custom)
2019-09-26 10:52:06,423 [pool-87-thread-1] INFO  segmented.SegmentedRaftLogWorker (SegmentedRaftLogWorker.java:lambda$new$0(132)) - 74579fe5-f222-4a32-8361-e642639fe135@group-7FBAF6468B15-SegmentedRaftLogWorker: flushIndex: setUnconditionally 0 -> -1
2019-09-26 10:52:06,423 [pool-87-thread-1] INFO  server.RaftServerConfigKeys (ConfUtils.java:logGet(43)) - raft.server.snapshot.auto.trigger.enabled = true (custom)
2019-09-26 10:52:06,424 [pool-87-thread-1] INFO  server.RaftServerConfigKeys (ConfUtils.java:logGet(43)) - raft.server.snapshot.auto.trigger.threshold = 10000 (custom)
2019-09-26 10:52:06,424 [pool-87-thread-1] INFO  server.RaftServerConfigKeys (ConfUtils.java:logGet(43)) - raft.server.snapshot.retention.num.files = 5 (custom)
2019-09-26 10:52:06,424 [pool-87-thread-1] INFO  server.RaftServerConfigKeys (ConfUtils.java:logGet(43)) - raft.server.retrycache.expirytime = 600000ms (custom)
2019-09-26 10:52:06,428 [pool-87-thread-1] INFO  impl.RaftServerImpl (RaftServerImpl.java:start(185)) - 74579fe5-f222-4a32-8361-e642639fe135@group-7FBAF6468B15: start as a follower, conf=-1: [74579fe5-f222-4a32-8361-e642639fe135:192.168.30.13:36553], old=null
2019-09-26 10:52:06,428 [pool-87-thread-1] INFO  impl.RaftServerImpl (RaftServerImpl.java:setRole(174)) - 74579fe5-f222-4a32-8361-e642639fe135@group-7FBAF6468B15: changes role from      null to FOLLOWER at term 0 for startAsFollower
2019-09-26 10:52:06,428 [pool-87-thread-1] INFO  impl.RoleInfo (RoleInfo.java:updateAndGet(143)) - 74579fe5-f222-4a32-8361-e642639fe135: start FollowerState
2019-09-26 10:52:06,428 [pool-87-thread-1] INFO  util.JmxRegister (JmxRegister.java:tryRegister(44)) - Successfully registered JMX Bean with object name Ratis:service=RaftServer,group=group-7FBAF6468B15,id=74579fe5-f222-4a32-8361-e642639fe135
2019-09-26 10:52:06,432 [RatisPipelineUtilsThread] INFO  pipeline.PipelineStateManager (PipelineStateManager.java:addPipeline(56)) - Created pipeline Pipeline[ Id: 4b5f0bb8-c9a8-445f-8621-7fbaf6468b15, Nodes: 74579fe5-f222-4a32-8361-e642639fe135{ip: 192.168.30.13, host: pr-hdds-1569-wvzgm-824869521, networkLocation: /default-rack, certSerialId: null}, Type:RATIS, Factor:ONE, State:OPEN]
2019-09-26 10:52:06,432 [RatisPipelineUtilsThread] INFO  pipeline.PipelinePlacementPolicy (PipelinePlacementPolicy.java:meetCriteria(91)) - Pipeline Placement: can't place more pipeline on heavy datanode： 0c06663d-3a07-4175-8dd2-9d41b1b53b1e Heaviness: 6 limit: 5
2019-09-26 10:52:06,432 [RatisPipelineUtilsThread] INFO  pipeline.PipelinePlacementPolicy (PipelinePlacementPolicy.java:meetCriteria(91)) - Pipeline Placement: can't place more pipeline on heavy datanode： dd9d2e05-3ffa-4f1c-8a80-938e5f4f3192 Heaviness: 6 limit: 5
2019-09-26 10:52:06,438 [grpc-default-executor-1] INFO  impl.RaftServerProxy (RaftServerProxy.java:addNew(89)) - be8031e7-e5bc-4989-a875-174452875862: addNew group-2606CC27D260:[be8031e7-e5bc-4989-a875-174452875862:192.168.30.13:42793] returns group-2606CC27D260:java.util.concurrent.CompletableFuture@12be8bc7[Not completed]
2019-09-26 10:52:06,440 [pool-97-thread-1] INFO  impl.RaftServerImpl (RaftServerImpl.java:<init>(95)) - be8031e7-e5bc-4989-a875-174452875862: new RaftServerImpl for group-2606CC27D260:[be8031e7-e5bc-4989-a875-174452875862:192.168.30.13:42793] with ContainerStateMachine:uninitialized
2019-09-26 10:52:06,440 [pool-97-thread-1] INFO  server.RaftServerConfigKeys (ConfUtils.java:logGet(43)) - raft.server.rpc.timeout.min = 5s (custom)
2019-09-26 10:52:06,440 [pool-97-thread-1] INFO  server.RaftServerConfigKeys (ConfUtils.java:logGet(43)) - raft.server.rpc.timeout.max = 5200ms (custom)
2019-09-26 10:52:06,440 [pool-97-thread-1] INFO  server.RaftServerConfigKeys (ConfUtils.java:logGet(43)) - raft.server.rpcslowness.timeout = 120s (custom)
2019-09-26 10:52:06,440 [pool-97-thread-1] INFO  server.RaftServerConfigKeys (ConfUtils.java:logGet(43)) - raft.server.sleep.deviation.threshold = 300 (default)
2019-09-26 10:52:06,441 [pool-97-thread-1] INFO  server.RaftServerConfigKeys (ConfUtils.java:logGet(43)) - raft.server.log.appender.install.snapshot.enabled = false (custom)
2019-09-26 10:52:06,441 [pool-97-thread-1] INFO  impl.RaftServerImpl (ServerState.java:<init>(103)) - be8031e7-e5bc-4989-a875-174452875862@group-2606CC27D260: ConfigurationManager, init=-1: [be8031e7-e5bc-4989-a875-174452875862:192.168.30.13:42793], old=null, confs=<EMPTY_MAP>
2019-09-26 10:52:06,441 [pool-97-thread-1] INFO  server.RaftServerConfigKeys (ConfUtils.java:logGet(43)) - raft.server.storage.dir = [/workdir/hadoop-ozone/ozonefs/target/test-dir/MiniOzoneClusterImpl-b00a5744-6e73-4fa1-a928-c24f0d5ffca4/datanode-7/data/ratis] (custom)
2019-09-26 10:52:06,441 [pool-97-thread-1] INFO  storage.RaftStorageDirectory (RaftStorageDirectory.java:analyzeStorage(246)) - The storage directory /workdir/hadoop-ozone/ozonefs/target/test-dir/MiniOzoneClusterImpl-b00a5744-6e73-4fa1-a928-c24f0d5ffca4/datanode-7/data/ratis/8e6c0cd8-0abf-4e64-94a7-2606cc27d260 does not exist. Creating ...
2019-09-26 10:52:06,454 [pool-97-thread-1] INFO  storage.RaftStorageDirectory (RaftStorageDirectory.java:tryLock(328)) - Lock on /workdir/hadoop-ozone/ozonefs/target/test-dir/MiniOzoneClusterImpl-b00a5744-6e73-4fa1-a928-c24f0d5ffca4/datanode-7/data/ratis/8e6c0cd8-0abf-4e64-94a7-2606cc27d260/in_use.lock acquired by nodename 31132@pr-hdds-1569-wvzgm-824869521
2019-09-26 10:52:06,467 [pool-97-thread-1] INFO  storage.RaftStorage (RaftStorage.java:format(72)) - Storage directory /workdir/hadoop-ozone/ozonefs/target/test-dir/MiniOzoneClusterImpl-b00a5744-6e73-4fa1-a928-c24f0d5ffca4/datanode-7/data/ratis/8e6c0cd8-0abf-4e64-94a7-2606cc27d260 has been successfully formatted.
2019-09-26 10:52:06,467 [pool-97-thread-1] INFO  ratis.ContainerStateMachine (ContainerStateMachine.java:loadSnapshot(230)) - group-2606CC27D260: The snapshot info is null. Setting the last applied indexto:(t:0, i:~)
2019-09-26 10:52:06,467 [pool-97-thread-1] INFO  server.RaftServerConfigKeys (ConfUtils.java:logGet(43)) - raft.server.notification.no-leader.timeout = 120s (custom)
2019-09-26 10:52:06,467 [pool-97-thread-1] INFO  server.RaftServerConfigKeys (ConfUtils.java:logGet(43)) - raft.server.log.use.memory = false (default)
2019-09-26 10:52:06,467 [pool-97-thread-1] INFO  server.RaftServerConfigKeys (ConfUtils.java:logGet(43)) - raft.server.log.purge.gap = 1000000 (custom)
2019-09-26 10:52:06,468 [pool-97-thread-1] INFO  server.RaftServerConfigKeys (ConfUtils.java:logGet(43)) - raft.server.log.appender.buffer.byte-limit = 33554432 (custom)
2019-09-26 10:52:06,468 [pool-97-thread-1] INFO  server.RaftServerConfigKeys (ConfUtils.java:logGet(43)) - raft.server.log.segment.size.max = 1048576 (custom)
2019-09-26 10:52:06,468 [pool-97-thread-1] INFO  server.RaftServerConfigKeys (ConfUtils.java:logGet(43)) - raft.server.log.segment.cache.num.max = 2 (custom)
2019-09-26 10:52:06,468 [pool-97-thread-1] INFO  segmented.SegmentedRaftLogWorker (SegmentedRaftLogWorker.java:<init>(172)) - new be8031e7-e5bc-4989-a875-174452875862@group-2606CC27D260-SegmentedRaftLogWorker for RaftStorage:Storage Directory /workdir/hadoop-ozone/ozonefs/target/test-dir/MiniOzoneClusterImpl-b00a5744-6e73-4fa1-a928-c24f0d5ffca4/datanode-7/data/ratis/8e6c0cd8-0abf-4e64-94a7-2606cc27d260
2019-09-26 10:52:06,468 [pool-97-thread-1] INFO  server.RaftServerConfigKeys (ConfUtils.java:logGet(43)) - raft.server.log.queue.byte-limit = 2147483647 (custom)
2019-09-26 10:52:06,468 [pool-97-thread-1] INFO  server.RaftServerConfigKeys (ConfUtils.java:logGet(43)) - raft.server.log.queue.element-limit = 1024 (custom)
2019-09-26 10:52:06,469 [pool-97-thread-1] INFO  server.RaftServerConfigKeys (ConfUtils.java:logGet(43)) - raft.server.log.segment.size.max = 1048576 (custom)
2019-09-26 10:52:06,469 [pool-97-thread-1] INFO  server.RaftServerConfigKeys (ConfUtils.java:logGet(43)) - raft.server.log.preallocated.size = 16384 (custom)
2019-09-26 10:52:06,469 [pool-97-thread-1] INFO  server.RaftServerConfigKeys (ConfUtils.java:logGet(43)) - raft.server.log.write.buffer.size = 33554432 (custom)
2019-09-26 10:52:06,469 [pool-97-thread-1] INFO  server.RaftServerConfigKeys (ConfUtils.java:logGet(43)) - raft.server.log.force.sync.num = 128 (default)
2019-09-26 10:52:06,469 [pool-97-thread-1] INFO  server.RaftServerConfigKeys (ConfUtils.java:logGet(43)) - raft.server.log.statemachine.data.sync = true (default)
2019-09-26 10:52:06,469 [pool-97-thread-1] INFO  server.RaftServerConfigKeys (ConfUtils.java:logGet(43)) - raft.server.log.statemachine.data.sync.timeout = 10s (default)
2019-09-26 10:52:06,470 [pool-97-thread-1] INFO  server.RaftServerConfigKeys (ConfUtils.java:logGet(43)) - raft.server.log.statemachine.data.sync.timeout.retry = -1 (default)
2019-09-26 10:52:06,470 [pool-97-thread-1] INFO  server.RaftServerConfigKeys (ConfUtils.java:logGet(43)) - raft.server.log.statemachine.data.caching.enabled = true (custom)
2019-09-26 10:52:06,470 [pool-97-thread-1] INFO  segmented.SegmentedRaftLogWorker (SegmentedRaftLogWorker.java:lambda$new$0(132)) - be8031e7-e5bc-4989-a875-174452875862@group-2606CC27D260-SegmentedRaftLogWorker: flushIndex: setUnconditionally 0 -> -1
2019-09-26 10:52:06,470 [pool-97-thread-1] INFO  server.RaftServerConfigKeys (ConfUtils.java:logGet(43)) - raft.server.snapshot.auto.trigger.enabled = true (custom)
2019-09-26 10:52:06,471 [pool-97-thread-1] INFO  server.RaftServerConfigKeys (ConfUtils.java:logGet(43)) - raft.server.snapshot.auto.trigger.threshold = 10000 (custom)
2019-09-26 10:52:06,471 [pool-97-thread-1] INFO  server.RaftServerConfigKeys (ConfUtils.java:logGet(43)) - raft.server.snapshot.retention.num.files = 5 (custom)
2019-09-26 10:52:06,471 [pool-97-thread-1] INFO  server.RaftServerConfigKeys (ConfUtils.java:logGet(43)) - raft.server.retrycache.expirytime = 600000ms (custom)
2019-09-26 10:52:06,473 [pool-97-thread-1] INFO  impl.RaftServerImpl (RaftServerImpl.java:start(185)) - be8031e7-e5bc-4989-a875-174452875862@group-2606CC27D260: start as a follower, conf=-1: [be8031e7-e5bc-4989-a875-174452875862:192.168.30.13:42793], old=null
2019-09-26 10:52:06,473 [pool-97-thread-1] INFO  impl.RaftServerImpl (RaftServerImpl.java:setRole(174)) - be8031e7-e5bc-4989-a875-174452875862@group-2606CC27D260: changes role from      null to FOLLOWER at term 0 for startAsFollower
2019-09-26 10:52:06,474 [pool-97-thread-1] INFO  impl.RoleInfo (RoleInfo.java:updateAndGet(143)) - be8031e7-e5bc-4989-a875-174452875862: start FollowerState
2019-09-26 10:52:06,474 [pool-97-thread-1] INFO  util.JmxRegister (JmxRegister.java:tryRegister(44)) - Successfully registered JMX Bean with object name Ratis:service=RaftServer,group=group-2606CC27D260,id=be8031e7-e5bc-4989-a875-174452875862
2019-09-26 10:52:06,477 [RatisPipelineUtilsThread] INFO  pipeline.PipelineStateManager (PipelineStateManager.java:addPipeline(56)) - Created pipeline Pipeline[ Id: 8e6c0cd8-0abf-4e64-94a7-2606cc27d260, Nodes: be8031e7-e5bc-4989-a875-174452875862{ip: 192.168.30.13, host: pr-hdds-1569-wvzgm-824869521, networkLocation: /default-rack, certSerialId: null}, Type:RATIS, Factor:ONE, State:OPEN]
2019-09-26 10:52:06,477 [RatisPipelineUtilsThread] INFO  pipeline.PipelinePlacementPolicy (PipelinePlacementPolicy.java:meetCriteria(91)) - Pipeline Placement: can't place more pipeline on heavy datanode： 0c06663d-3a07-4175-8dd2-9d41b1b53b1e Heaviness: 6 limit: 5
2019-09-26 10:52:06,478 [RatisPipelineUtilsThread] INFO  pipeline.PipelinePlacementPolicy (PipelinePlacementPolicy.java:meetCriteria(91)) - Pipeline Placement: can't place more pipeline on heavy datanode： dd9d2e05-3ffa-4f1c-8a80-938e5f4f3192 Heaviness: 6 limit: 5
2019-09-26 10:52:06,484 [grpc-default-executor-1] INFO  impl.RaftServerProxy (RaftServerProxy.java:addNew(89)) - c0d2ea87-aa22-42eb-bba4-0246f89d2958: addNew group-6DE500C0FC5E:[c0d2ea87-aa22-42eb-bba4-0246f89d2958:192.168.30.13:46118] returns group-6DE500C0FC5E:java.util.concurrent.CompletableFuture@7f5b04ec[Not completed]
2019-09-26 10:52:06,486 [pool-67-thread-1] INFO  impl.RaftServerImpl (RaftServerImpl.java:<init>(95)) - c0d2ea87-aa22-42eb-bba4-0246f89d2958: new RaftServerImpl for group-6DE500C0FC5E:[c0d2ea87-aa22-42eb-bba4-0246f89d2958:192.168.30.13:46118] with ContainerStateMachine:uninitialized
2019-09-26 10:52:06,486 [pool-67-thread-1] INFO  server.RaftServerConfigKeys (ConfUtils.java:logGet(43)) - raft.server.rpc.timeout.min = 5s (custom)
2019-09-26 10:52:06,486 [pool-67-thread-1] INFO  server.RaftServerConfigKeys (ConfUtils.java:logGet(43)) - raft.server.rpc.timeout.max = 5200ms (custom)
2019-09-26 10:52:06,486 [pool-67-thread-1] INFO  server.RaftServerConfigKeys (ConfUtils.java:logGet(43)) - raft.server.rpcslowness.timeout = 120s (custom)
2019-09-26 10:52:06,486 [pool-67-thread-1] INFO  server.RaftServerConfigKeys (ConfUtils.java:logGet(43)) - raft.server.sleep.deviation.threshold = 300 (default)
2019-09-26 10:52:06,486 [pool-67-thread-1] INFO  server.RaftServerConfigKeys (ConfUtils.java:logGet(43)) - raft.server.log.appender.install.snapshot.enabled = false (custom)
2019-09-26 10:52:06,487 [pool-67-thread-1] INFO  impl.RaftServerImpl (ServerState.java:<init>(103)) - c0d2ea87-aa22-42eb-bba4-0246f89d2958@group-6DE500C0FC5E: ConfigurationManager, init=-1: [c0d2ea87-aa22-42eb-bba4-0246f89d2958:192.168.30.13:46118], old=null, confs=<EMPTY_MAP>
2019-09-26 10:52:06,487 [pool-67-thread-1] INFO  server.RaftServerConfigKeys (ConfUtils.java:logGet(43)) - raft.server.storage.dir = [/workdir/hadoop-ozone/ozonefs/target/test-dir/MiniOzoneClusterImpl-b00a5744-6e73-4fa1-a928-c24f0d5ffca4/datanode-4/data/ratis] (custom)
2019-09-26 10:52:06,487 [pool-67-thread-1] INFO  storage.RaftStorageDirectory (RaftStorageDirectory.java:analyzeStorage(246)) - The storage directory /workdir/hadoop-ozone/ozonefs/target/test-dir/MiniOzoneClusterImpl-b00a5744-6e73-4fa1-a928-c24f0d5ffca4/datanode-4/data/ratis/239e0b37-65e5-47b3-a587-6de500c0fc5e does not exist. Creating ...
2019-09-26 10:52:06,501 [pool-67-thread-1] INFO  storage.RaftStorageDirectory (RaftStorageDirectory.java:tryLock(328)) - Lock on /workdir/hadoop-ozone/ozonefs/target/test-dir/MiniOzoneClusterImpl-b00a5744-6e73-4fa1-a928-c24f0d5ffca4/datanode-4/data/ratis/239e0b37-65e5-47b3-a587-6de500c0fc5e/in_use.lock acquired by nodename 31132@pr-hdds-1569-wvzgm-824869521
2019-09-26 10:52:06,514 [pool-67-thread-1] INFO  storage.RaftStorage (RaftStorage.java:format(72)) - Storage directory /workdir/hadoop-ozone/ozonefs/target/test-dir/MiniOzoneClusterImpl-b00a5744-6e73-4fa1-a928-c24f0d5ffca4/datanode-4/data/ratis/239e0b37-65e5-47b3-a587-6de500c0fc5e has been successfully formatted.
2019-09-26 10:52:06,514 [pool-67-thread-1] INFO  ratis.ContainerStateMachine (ContainerStateMachine.java:loadSnapshot(230)) - group-6DE500C0FC5E: The snapshot info is null. Setting the last applied indexto:(t:0, i:~)
2019-09-26 10:52:06,514 [pool-67-thread-1] INFO  server.RaftServerConfigKeys (ConfUtils.java:logGet(43)) - raft.server.notification.no-leader.timeout = 120s (custom)
2019-09-26 10:52:06,515 [pool-67-thread-1] INFO  server.RaftServerConfigKeys (ConfUtils.java:logGet(43)) - raft.server.log.use.memory = false (default)
2019-09-26 10:52:06,515 [pool-67-thread-1] INFO  server.RaftServerConfigKeys (ConfUtils.java:logGet(43)) - raft.server.log.purge.gap = 1000000 (custom)
2019-09-26 10:52:06,515 [pool-67-thread-1] INFO  server.RaftServerConfigKeys (ConfUtils.java:logGet(43)) - raft.server.log.appender.buffer.byte-limit = 33554432 (custom)
2019-09-26 10:52:06,515 [pool-67-thread-1] INFO  server.RaftServerConfigKeys (ConfUtils.java:logGet(43)) - raft.server.log.segment.size.max = 1048576 (custom)
2019-09-26 10:52:06,515 [pool-67-thread-1] INFO  server.RaftServerConfigKeys (ConfUtils.java:logGet(43)) - raft.server.log.segment.cache.num.max = 2 (custom)
2019-09-26 10:52:06,515 [pool-67-thread-1] INFO  segmented.SegmentedRaftLogWorker (SegmentedRaftLogWorker.java:<init>(172)) - new c0d2ea87-aa22-42eb-bba4-0246f89d2958@group-6DE500C0FC5E-SegmentedRaftLogWorker for RaftStorage:Storage Directory /workdir/hadoop-ozone/ozonefs/target/test-dir/MiniOzoneClusterImpl-b00a5744-6e73-4fa1-a928-c24f0d5ffca4/datanode-4/data/ratis/239e0b37-65e5-47b3-a587-6de500c0fc5e
2019-09-26 10:52:06,516 [pool-67-thread-1] INFO  server.RaftServerConfigKeys (ConfUtils.java:logGet(43)) - raft.server.log.queue.byte-limit = 2147483647 (custom)
2019-09-26 10:52:06,516 [pool-67-thread-1] INFO  server.RaftServerConfigKeys (ConfUtils.java:logGet(43)) - raft.server.log.queue.element-limit = 1024 (custom)
2019-09-26 10:52:06,516 [pool-67-thread-1] INFO  server.RaftServerConfigKeys (ConfUtils.java:logGet(43)) - raft.server.log.segment.size.max = 1048576 (custom)
2019-09-26 10:52:06,516 [pool-67-thread-1] INFO  server.RaftServerConfigKeys (ConfUtils.java:logGet(43)) - raft.server.log.preallocated.size = 16384 (custom)
2019-09-26 10:52:06,516 [pool-67-thread-1] INFO  server.RaftServerConfigKeys (ConfUtils.java:logGet(43)) - raft.server.log.write.buffer.size = 33554432 (custom)
2019-09-26 10:52:06,516 [pool-67-thread-1] INFO  server.RaftServerConfigKeys (ConfUtils.java:logGet(43)) - raft.server.log.force.sync.num = 128 (default)
2019-09-26 10:52:06,516 [pool-67-thread-1] INFO  server.RaftServerConfigKeys (ConfUtils.java:logGet(43)) - raft.server.log.statemachine.data.sync = true (default)
2019-09-26 10:52:06,517 [pool-67-thread-1] INFO  server.RaftServerConfigKeys (ConfUtils.java:logGet(43)) - raft.server.log.statemachine.data.sync.timeout = 10s (default)
2019-09-26 10:52:06,517 [pool-67-thread-1] INFO  server.RaftServerConfigKeys (ConfUtils.java:logGet(43)) - raft.server.log.statemachine.data.sync.timeout.retry = -1 (default)
2019-09-26 10:52:06,517 [pool-67-thread-1] INFO  server.RaftServerConfigKeys (ConfUtils.java:logGet(43)) - raft.server.log.statemachine.data.caching.enabled = true (custom)
2019-09-26 10:52:06,517 [pool-67-thread-1] INFO  segmented.SegmentedRaftLogWorker (SegmentedRaftLogWorker.java:lambda$new$0(132)) - c0d2ea87-aa22-42eb-bba4-0246f89d2958@group-6DE500C0FC5E-SegmentedRaftLogWorker: flushIndex: setUnconditionally 0 -> -1
2019-09-26 10:52:06,518 [pool-67-thread-1] INFO  server.RaftServerConfigKeys (ConfUtils.java:logGet(43)) - raft.server.snapshot.auto.trigger.enabled = true (custom)
2019-09-26 10:52:06,518 [pool-67-thread-1] INFO  server.RaftServerConfigKeys (ConfUtils.java:logGet(43)) - raft.server.snapshot.auto.trigger.threshold = 10000 (custom)
2019-09-26 10:52:06,518 [pool-67-thread-1] INFO  server.RaftServerConfigKeys (ConfUtils.java:logGet(43)) - raft.server.snapshot.retention.num.files = 5 (custom)
2019-09-26 10:52:06,518 [pool-67-thread-1] INFO  server.RaftServerConfigKeys (ConfUtils.java:logGet(43)) - raft.server.retrycache.expirytime = 600000ms (custom)
2019-09-26 10:52:06,521 [pool-67-thread-1] INFO  impl.RaftServerImpl (RaftServerImpl.java:start(185)) - c0d2ea87-aa22-42eb-bba4-0246f89d2958@group-6DE500C0FC5E: start as a follower, conf=-1: [c0d2ea87-aa22-42eb-bba4-0246f89d2958:192.168.30.13:46118], old=null
2019-09-26 10:52:06,521 [pool-67-thread-1] INFO  impl.RaftServerImpl (RaftServerImpl.java:setRole(174)) - c0d2ea87-aa22-42eb-bba4-0246f89d2958@group-6DE500C0FC5E: changes role from      null to FOLLOWER at term 0 for startAsFollower
2019-09-26 10:52:06,521 [pool-67-thread-1] INFO  impl.RoleInfo (RoleInfo.java:updateAndGet(143)) - c0d2ea87-aa22-42eb-bba4-0246f89d2958: start FollowerState
2019-09-26 10:52:06,522 [pool-67-thread-1] INFO  util.JmxRegister (JmxRegister.java:tryRegister(44)) - Successfully registered JMX Bean with object name Ratis:service=RaftServer,group=group-6DE500C0FC5E,id=c0d2ea87-aa22-42eb-bba4-0246f89d2958
2019-09-26 10:52:06,525 [RatisPipelineUtilsThread] INFO  pipeline.PipelineStateManager (PipelineStateManager.java:addPipeline(56)) - Created pipeline Pipeline[ Id: 239e0b37-65e5-47b3-a587-6de500c0fc5e, Nodes: c0d2ea87-aa22-42eb-bba4-0246f89d2958{ip: 192.168.30.13, host: pr-hdds-1569-wvzgm-824869521, networkLocation: /default-rack, certSerialId: null}, Type:RATIS, Factor:ONE, State:OPEN]
2019-09-26 10:52:06,525 [RatisPipelineUtilsThread] INFO  pipeline.PipelinePlacementPolicy (PipelinePlacementPolicy.java:meetCriteria(91)) - Pipeline Placement: can't place more pipeline on heavy datanode： 0c06663d-3a07-4175-8dd2-9d41b1b53b1e Heaviness: 6 limit: 5
2019-09-26 10:52:06,526 [RatisPipelineUtilsThread] INFO  pipeline.PipelinePlacementPolicy (PipelinePlacementPolicy.java:meetCriteria(91)) - Pipeline Placement: can't place more pipeline on heavy datanode： c0d2ea87-aa22-42eb-bba4-0246f89d2958 Heaviness: 6 limit: 5
2019-09-26 10:52:06,526 [RatisPipelineUtilsThread] INFO  pipeline.PipelinePlacementPolicy (PipelinePlacementPolicy.java:meetCriteria(91)) - Pipeline Placement: can't place more pipeline on heavy datanode： dd9d2e05-3ffa-4f1c-8a80-938e5f4f3192 Heaviness: 6 limit: 5
2019-09-26 10:52:06,531 [grpc-default-executor-1] INFO  impl.RaftServerProxy (RaftServerProxy.java:addNew(89)) - 474bca52-b9cd-4602-ad06-63718c1fead5: addNew group-B8899513A954:[474bca52-b9cd-4602-ad06-63718c1fead5:192.168.30.13:39280] returns group-B8899513A954:java.util.concurrent.CompletableFuture@506496c6[Not completed]
2019-09-26 10:52:06,533 [pool-47-thread-1] INFO  impl.RaftServerImpl (RaftServerImpl.java:<init>(95)) - 474bca52-b9cd-4602-ad06-63718c1fead5: new RaftServerImpl for group-B8899513A954:[474bca52-b9cd-4602-ad06-63718c1fead5:192.168.30.13:39280] with ContainerStateMachine:uninitialized
2019-09-26 10:52:06,533 [pool-47-thread-1] INFO  server.RaftServerConfigKeys (ConfUtils.java:logGet(43)) - raft.server.rpc.timeout.min = 5s (custom)
2019-09-26 10:52:06,533 [pool-47-thread-1] INFO  server.RaftServerConfigKeys (ConfUtils.java:logGet(43)) - raft.server.rpc.timeout.max = 5200ms (custom)
2019-09-26 10:52:06,533 [pool-47-thread-1] INFO  server.RaftServerConfigKeys (ConfUtils.java:logGet(43)) - raft.server.rpcslowness.timeout = 120s (custom)
2019-09-26 10:52:06,533 [pool-47-thread-1] INFO  server.RaftServerConfigKeys (ConfUtils.java:logGet(43)) - raft.server.sleep.deviation.threshold = 300 (default)
2019-09-26 10:52:06,534 [pool-47-thread-1] INFO  server.RaftServerConfigKeys (ConfUtils.java:logGet(43)) - raft.server.log.appender.install.snapshot.enabled = false (custom)
2019-09-26 10:52:06,534 [pool-47-thread-1] INFO  impl.RaftServerImpl (ServerState.java:<init>(103)) - 474bca52-b9cd-4602-ad06-63718c1fead5@group-B8899513A954: ConfigurationManager, init=-1: [474bca52-b9cd-4602-ad06-63718c1fead5:192.168.30.13:39280], old=null, confs=<EMPTY_MAP>
2019-09-26 10:52:06,534 [pool-47-thread-1] INFO  server.RaftServerConfigKeys (ConfUtils.java:logGet(43)) - raft.server.storage.dir = [/workdir/hadoop-ozone/ozonefs/target/test-dir/MiniOzoneClusterImpl-b00a5744-6e73-4fa1-a928-c24f0d5ffca4/datanode-2/data/ratis] (custom)
2019-09-26 10:52:06,534 [pool-47-thread-1] INFO  storage.RaftStorageDirectory (RaftStorageDirectory.java:analyzeStorage(246)) - The storage directory /workdir/hadoop-ozone/ozonefs/target/test-dir/MiniOzoneClusterImpl-b00a5744-6e73-4fa1-a928-c24f0d5ffca4/datanode-2/data/ratis/0e308e5c-88e5-4041-8309-b8899513a954 does not exist. Creating ...
2019-09-26 10:52:06,547 [pool-47-thread-1] INFO  storage.RaftStorageDirectory (RaftStorageDirectory.java:tryLock(328)) - Lock on /workdir/hadoop-ozone/ozonefs/target/test-dir/MiniOzoneClusterImpl-b00a5744-6e73-4fa1-a928-c24f0d5ffca4/datanode-2/data/ratis/0e308e5c-88e5-4041-8309-b8899513a954/in_use.lock acquired by nodename 31132@pr-hdds-1569-wvzgm-824869521
2019-09-26 10:52:06,560 [pool-47-thread-1] INFO  storage.RaftStorage (RaftStorage.java:format(72)) - Storage directory /workdir/hadoop-ozone/ozonefs/target/test-dir/MiniOzoneClusterImpl-b00a5744-6e73-4fa1-a928-c24f0d5ffca4/datanode-2/data/ratis/0e308e5c-88e5-4041-8309-b8899513a954 has been successfully formatted.
2019-09-26 10:52:06,561 [pool-47-thread-1] INFO  ratis.ContainerStateMachine (ContainerStateMachine.java:loadSnapshot(230)) - group-B8899513A954: The snapshot info is null. Setting the last applied indexto:(t:0, i:~)
2019-09-26 10:52:06,561 [pool-47-thread-1] INFO  server.RaftServerConfigKeys (ConfUtils.java:logGet(43)) - raft.server.notification.no-leader.timeout = 120s (custom)
2019-09-26 10:52:06,561 [pool-47-thread-1] INFO  server.RaftServerConfigKeys (ConfUtils.java:logGet(43)) - raft.server.log.use.memory = false (default)
2019-09-26 10:52:06,561 [pool-47-thread-1] INFO  server.RaftServerConfigKeys (ConfUtils.java:logGet(43)) - raft.server.log.purge.gap = 1000000 (custom)
2019-09-26 10:52:06,561 [pool-47-thread-1] INFO  server.RaftServerConfigKeys (ConfUtils.java:logGet(43)) - raft.server.log.appender.buffer.byte-limit = 33554432 (custom)
2019-09-26 10:52:06,561 [pool-47-thread-1] INFO  server.RaftServerConfigKeys (ConfUtils.java:logGet(43)) - raft.server.log.segment.size.max = 1048576 (custom)
2019-09-26 10:52:06,561 [pool-47-thread-1] INFO  server.RaftServerConfigKeys (ConfUtils.java:logGet(43)) - raft.server.log.segment.cache.num.max = 2 (custom)
2019-09-26 10:52:06,562 [pool-47-thread-1] INFO  segmented.SegmentedRaftLogWorker (SegmentedRaftLogWorker.java:<init>(172)) - new 474bca52-b9cd-4602-ad06-63718c1fead5@group-B8899513A954-SegmentedRaftLogWorker for RaftStorage:Storage Directory /workdir/hadoop-ozone/ozonefs/target/test-dir/MiniOzoneClusterImpl-b00a5744-6e73-4fa1-a928-c24f0d5ffca4/datanode-2/data/ratis/0e308e5c-88e5-4041-8309-b8899513a954
2019-09-26 10:52:06,562 [pool-47-thread-1] INFO  server.RaftServerConfigKeys (ConfUtils.java:logGet(43)) - raft.server.log.queue.byte-limit = 2147483647 (custom)
2019-09-26 10:52:06,562 [pool-47-thread-1] INFO  server.RaftServerConfigKeys (ConfUtils.java:logGet(43)) - raft.server.log.queue.element-limit = 1024 (custom)
2019-09-26 10:52:06,562 [pool-47-thread-1] INFO  server.RaftServerConfigKeys (ConfUtils.java:logGet(43)) - raft.server.log.segment.size.max = 1048576 (custom)
2019-09-26 10:52:06,562 [pool-47-thread-1] INFO  server.RaftServerConfigKeys (ConfUtils.java:logGet(43)) - raft.server.log.preallocated.size = 16384 (custom)
2019-09-26 10:52:06,562 [pool-47-thread-1] INFO  server.RaftServerConfigKeys (ConfUtils.java:logGet(43)) - raft.server.log.write.buffer.size = 33554432 (custom)
2019-09-26 10:52:06,563 [pool-47-thread-1] INFO  server.RaftServerConfigKeys (ConfUtils.java:logGet(43)) - raft.server.log.force.sync.num = 128 (default)
2019-09-26 10:52:06,563 [pool-47-thread-1] INFO  server.RaftServerConfigKeys (ConfUtils.java:logGet(43)) - raft.server.log.statemachine.data.sync = true (default)
2019-09-26 10:52:06,563 [pool-47-thread-1] INFO  server.RaftServerConfigKeys (ConfUtils.java:logGet(43)) - raft.server.log.statemachine.data.sync.timeout = 10s (default)
2019-09-26 10:52:06,563 [pool-47-thread-1] INFO  server.RaftServerConfigKeys (ConfUtils.java:logGet(43)) - raft.server.log.statemachine.data.sync.timeout.retry = -1 (default)
2019-09-26 10:52:06,563 [pool-47-thread-1] INFO  server.RaftServerConfigKeys (ConfUtils.java:logGet(43)) - raft.server.log.statemachine.data.caching.enabled = true (custom)
2019-09-26 10:52:06,564 [pool-47-thread-1] INFO  segmented.SegmentedRaftLogWorker (SegmentedRaftLogWorker.java:lambda$new$0(132)) - 474bca52-b9cd-4602-ad06-63718c1fead5@group-B8899513A954-SegmentedRaftLogWorker: flushIndex: setUnconditionally 0 -> -1
2019-09-26 10:52:06,564 [pool-47-thread-1] INFO  server.RaftServerConfigKeys (ConfUtils.java:logGet(43)) - raft.server.snapshot.auto.trigger.enabled = true (custom)
2019-09-26 10:52:06,564 [pool-47-thread-1] INFO  server.RaftServerConfigKeys (ConfUtils.java:logGet(43)) - raft.server.snapshot.auto.trigger.threshold = 10000 (custom)
2019-09-26 10:52:06,564 [pool-47-thread-1] INFO  server.RaftServerConfigKeys (ConfUtils.java:logGet(43)) - raft.server.snapshot.retention.num.files = 5 (custom)
2019-09-26 10:52:06,564 [pool-47-thread-1] INFO  server.RaftServerConfigKeys (ConfUtils.java:logGet(43)) - raft.server.retrycache.expirytime = 600000ms (custom)
2019-09-26 10:52:06,567 [pool-47-thread-1] INFO  impl.RaftServerImpl (RaftServerImpl.java:start(185)) - 474bca52-b9cd-4602-ad06-63718c1fead5@group-B8899513A954: start as a follower, conf=-1: [474bca52-b9cd-4602-ad06-63718c1fead5:192.168.30.13:39280], old=null
2019-09-26 10:52:06,567 [pool-47-thread-1] INFO  impl.RaftServerImpl (RaftServerImpl.java:setRole(174)) - 474bca52-b9cd-4602-ad06-63718c1fead5@group-B8899513A954: changes role from      null to FOLLOWER at term 0 for startAsFollower
2019-09-26 10:52:06,567 [pool-47-thread-1] INFO  impl.RoleInfo (RoleInfo.java:updateAndGet(143)) - 474bca52-b9cd-4602-ad06-63718c1fead5: start FollowerState
2019-09-26 10:52:06,568 [pool-47-thread-1] INFO  util.JmxRegister (JmxRegister.java:tryRegister(44)) - Successfully registered JMX Bean with object name Ratis:service=RaftServer,group=group-B8899513A954,id=474bca52-b9cd-4602-ad06-63718c1fead5
2019-09-26 10:52:06,571 [RatisPipelineUtilsThread] INFO  pipeline.PipelineStateManager (PipelineStateManager.java:addPipeline(56)) - Created pipeline Pipeline[ Id: 0e308e5c-88e5-4041-8309-b8899513a954, Nodes: 474bca52-b9cd-4602-ad06-63718c1fead5{ip: 192.168.30.13, host: pr-hdds-1569-wvzgm-824869521, networkLocation: /default-rack, certSerialId: null}, Type:RATIS, Factor:ONE, State:OPEN]
2019-09-26 10:52:06,571 [RatisPipelineUtilsThread] INFO  pipeline.PipelinePlacementPolicy (PipelinePlacementPolicy.java:meetCriteria(91)) - Pipeline Placement: can't place more pipeline on heavy datanode： 0c06663d-3a07-4175-8dd2-9d41b1b53b1e Heaviness: 6 limit: 5
2019-09-26 10:52:06,571 [RatisPipelineUtilsThread] INFO  pipeline.PipelinePlacementPolicy (PipelinePlacementPolicy.java:meetCriteria(91)) - Pipeline Placement: can't place more pipeline on heavy datanode： c0d2ea87-aa22-42eb-bba4-0246f89d2958 Heaviness: 6 limit: 5
2019-09-26 10:52:06,572 [RatisPipelineUtilsThread] INFO  pipeline.PipelinePlacementPolicy (PipelinePlacementPolicy.java:meetCriteria(91)) - Pipeline Placement: can't place more pipeline on heavy datanode： dd9d2e05-3ffa-4f1c-8a80-938e5f4f3192 Heaviness: 6 limit: 5
2019-09-26 10:52:06,577 [grpc-default-executor-1] INFO  impl.RaftServerProxy (RaftServerProxy.java:addNew(89)) - 474bca52-b9cd-4602-ad06-63718c1fead5: addNew group-81B265E33DC2:[474bca52-b9cd-4602-ad06-63718c1fead5:192.168.30.13:39280] returns group-81B265E33DC2:java.util.concurrent.CompletableFuture@7c34a736[Not completed]
2019-09-26 10:52:06,578 [pool-47-thread-1] INFO  impl.RaftServerImpl (RaftServerImpl.java:<init>(95)) - 474bca52-b9cd-4602-ad06-63718c1fead5: new RaftServerImpl for group-81B265E33DC2:[474bca52-b9cd-4602-ad06-63718c1fead5:192.168.30.13:39280] with ContainerStateMachine:uninitialized
2019-09-26 10:52:06,578 [pool-47-thread-1] INFO  server.RaftServerConfigKeys (ConfUtils.java:logGet(43)) - raft.server.rpc.timeout.min = 5s (custom)
2019-09-26 10:52:06,578 [pool-47-thread-1] INFO  server.RaftServerConfigKeys (ConfUtils.java:logGet(43)) - raft.server.rpc.timeout.max = 5200ms (custom)
2019-09-26 10:52:06,578 [pool-47-thread-1] INFO  server.RaftServerConfigKeys (ConfUtils.java:logGet(43)) - raft.server.rpcslowness.timeout = 120s (custom)
2019-09-26 10:52:06,579 [pool-47-thread-1] INFO  server.RaftServerConfigKeys (ConfUtils.java:logGet(43)) - raft.server.sleep.deviation.threshold = 300 (default)
2019-09-26 10:52:06,579 [pool-47-thread-1] INFO  server.RaftServerConfigKeys (ConfUtils.java:logGet(43)) - raft.server.log.appender.install.snapshot.enabled = false (custom)
2019-09-26 10:52:06,579 [pool-47-thread-1] INFO  impl.RaftServerImpl (ServerState.java:<init>(103)) - 474bca52-b9cd-4602-ad06-63718c1fead5@group-81B265E33DC2: ConfigurationManager, init=-1: [474bca52-b9cd-4602-ad06-63718c1fead5:192.168.30.13:39280], old=null, confs=<EMPTY_MAP>
2019-09-26 10:52:06,579 [pool-47-thread-1] INFO  server.RaftServerConfigKeys (ConfUtils.java:logGet(43)) - raft.server.storage.dir = [/workdir/hadoop-ozone/ozonefs/target/test-dir/MiniOzoneClusterImpl-b00a5744-6e73-4fa1-a928-c24f0d5ffca4/datanode-2/data/ratis] (custom)
2019-09-26 10:52:06,579 [pool-47-thread-1] INFO  storage.RaftStorageDirectory (RaftStorageDirectory.java:analyzeStorage(246)) - The storage directory /workdir/hadoop-ozone/ozonefs/target/test-dir/MiniOzoneClusterImpl-b00a5744-6e73-4fa1-a928-c24f0d5ffca4/datanode-2/data/ratis/0a4f4d3b-180b-4daa-bc2d-81b265e33dc2 does not exist. Creating ...
2019-09-26 10:52:06,592 [pool-47-thread-1] INFO  storage.RaftStorageDirectory (RaftStorageDirectory.java:tryLock(328)) - Lock on /workdir/hadoop-ozone/ozonefs/target/test-dir/MiniOzoneClusterImpl-b00a5744-6e73-4fa1-a928-c24f0d5ffca4/datanode-2/data/ratis/0a4f4d3b-180b-4daa-bc2d-81b265e33dc2/in_use.lock acquired by nodename 31132@pr-hdds-1569-wvzgm-824869521
2019-09-26 10:52:06,605 [pool-47-thread-1] INFO  storage.RaftStorage (RaftStorage.java:format(72)) - Storage directory /workdir/hadoop-ozone/ozonefs/target/test-dir/MiniOzoneClusterImpl-b00a5744-6e73-4fa1-a928-c24f0d5ffca4/datanode-2/data/ratis/0a4f4d3b-180b-4daa-bc2d-81b265e33dc2 has been successfully formatted.
2019-09-26 10:52:06,606 [pool-47-thread-1] INFO  ratis.ContainerStateMachine (ContainerStateMachine.java:loadSnapshot(230)) - group-81B265E33DC2: The snapshot info is null. Setting the last applied indexto:(t:0, i:~)
2019-09-26 10:52:06,606 [pool-47-thread-1] INFO  server.RaftServerConfigKeys (ConfUtils.java:logGet(43)) - raft.server.notification.no-leader.timeout = 120s (custom)
2019-09-26 10:52:06,606 [pool-47-thread-1] INFO  server.RaftServerConfigKeys (ConfUtils.java:logGet(43)) - raft.server.log.use.memory = false (default)
2019-09-26 10:52:06,606 [pool-47-thread-1] INFO  server.RaftServerConfigKeys (ConfUtils.java:logGet(43)) - raft.server.log.purge.gap = 1000000 (custom)
2019-09-26 10:52:06,606 [pool-47-thread-1] INFO  server.RaftServerConfigKeys (ConfUtils.java:logGet(43)) - raft.server.log.appender.buffer.byte-limit = 33554432 (custom)
2019-09-26 10:52:06,606 [pool-47-thread-1] INFO  server.RaftServerConfigKeys (ConfUtils.java:logGet(43)) - raft.server.log.segment.size.max = 1048576 (custom)
2019-09-26 10:52:06,606 [pool-47-thread-1] INFO  server.RaftServerConfigKeys (ConfUtils.java:logGet(43)) - raft.server.log.segment.cache.num.max = 2 (custom)
2019-09-26 10:52:06,607 [pool-47-thread-1] INFO  segmented.SegmentedRaftLogWorker (SegmentedRaftLogWorker.java:<init>(172)) - new 474bca52-b9cd-4602-ad06-63718c1fead5@group-81B265E33DC2-SegmentedRaftLogWorker for RaftStorage:Storage Directory /workdir/hadoop-ozone/ozonefs/target/test-dir/MiniOzoneClusterImpl-b00a5744-6e73-4fa1-a928-c24f0d5ffca4/datanode-2/data/ratis/0a4f4d3b-180b-4daa-bc2d-81b265e33dc2
2019-09-26 10:52:06,607 [pool-47-thread-1] INFO  server.RaftServerConfigKeys (ConfUtils.java:logGet(43)) - raft.server.log.queue.byte-limit = 2147483647 (custom)
2019-09-26 10:52:06,607 [pool-47-thread-1] INFO  server.RaftServerConfigKeys (ConfUtils.java:logGet(43)) - raft.server.log.queue.element-limit = 1024 (custom)
2019-09-26 10:52:06,607 [pool-47-thread-1] INFO  server.RaftServerConfigKeys (ConfUtils.java:logGet(43)) - raft.server.log.segment.size.max = 1048576 (custom)
2019-09-26 10:52:06,607 [pool-47-thread-1] INFO  server.RaftServerConfigKeys (ConfUtils.java:logGet(43)) - raft.server.log.preallocated.size = 16384 (custom)
2019-09-26 10:52:06,607 [pool-47-thread-1] INFO  server.RaftServerConfigKeys (ConfUtils.java:logGet(43)) - raft.server.log.write.buffer.size = 33554432 (custom)
2019-09-26 10:52:06,607 [pool-47-thread-1] INFO  server.RaftServerConfigKeys (ConfUtils.java:logGet(43)) - raft.server.log.force.sync.num = 128 (default)
2019-09-26 10:52:06,607 [pool-47-thread-1] INFO  server.RaftServerConfigKeys (ConfUtils.java:logGet(43)) - raft.server.log.statemachine.data.sync = true (default)
2019-09-26 10:52:06,607 [pool-47-thread-1] INFO  server.RaftServerConfigKeys (ConfUtils.java:logGet(43)) - raft.server.log.statemachine.data.sync.timeout = 10s (default)
2019-09-26 10:52:06,608 [pool-47-thread-1] INFO  server.RaftServerConfigKeys (ConfUtils.java:logGet(43)) - raft.server.log.statemachine.data.sync.timeout.retry = -1 (default)
2019-09-26 10:52:06,608 [pool-47-thread-1] INFO  server.RaftServerConfigKeys (ConfUtils.java:logGet(43)) - raft.server.log.statemachine.data.caching.enabled = true (custom)
2019-09-26 10:52:06,608 [pool-47-thread-1] INFO  segmented.SegmentedRaftLogWorker (SegmentedRaftLogWorker.java:lambda$new$0(132)) - 474bca52-b9cd-4602-ad06-63718c1fead5@group-81B265E33DC2-SegmentedRaftLogWorker: flushIndex: setUnconditionally 0 -> -1
2019-09-26 10:52:06,608 [pool-47-thread-1] INFO  server.RaftServerConfigKeys (ConfUtils.java:logGet(43)) - raft.server.snapshot.auto.trigger.enabled = true (custom)
2019-09-26 10:52:06,608 [pool-47-thread-1] INFO  server.RaftServerConfigKeys (ConfUtils.java:logGet(43)) - raft.server.snapshot.auto.trigger.threshold = 10000 (custom)
2019-09-26 10:52:06,608 [pool-47-thread-1] INFO  server.RaftServerConfigKeys (ConfUtils.java:logGet(43)) - raft.server.snapshot.retention.num.files = 5 (custom)
2019-09-26 10:52:06,609 [pool-47-thread-1] INFO  server.RaftServerConfigKeys (ConfUtils.java:logGet(43)) - raft.server.retrycache.expirytime = 600000ms (custom)
2019-09-26 10:52:06,611 [pool-47-thread-1] INFO  impl.RaftServerImpl (RaftServerImpl.java:start(185)) - 474bca52-b9cd-4602-ad06-63718c1fead5@group-81B265E33DC2: start as a follower, conf=-1: [474bca52-b9cd-4602-ad06-63718c1fead5:192.168.30.13:39280], old=null
2019-09-26 10:52:06,611 [pool-47-thread-1] INFO  impl.RaftServerImpl (RaftServerImpl.java:setRole(174)) - 474bca52-b9cd-4602-ad06-63718c1fead5@group-81B265E33DC2: changes role from      null to FOLLOWER at term 0 for startAsFollower
2019-09-26 10:52:06,611 [pool-47-thread-1] INFO  impl.RoleInfo (RoleInfo.java:updateAndGet(143)) - 474bca52-b9cd-4602-ad06-63718c1fead5: start FollowerState
2019-09-26 10:52:06,611 [pool-47-thread-1] INFO  util.JmxRegister (JmxRegister.java:tryRegister(44)) - Successfully registered JMX Bean with object name Ratis:service=RaftServer,group=group-81B265E33DC2,id=474bca52-b9cd-4602-ad06-63718c1fead5
2019-09-26 10:52:06,614 [RatisPipelineUtilsThread] INFO  pipeline.PipelineStateManager (PipelineStateManager.java:addPipeline(56)) - Created pipeline Pipeline[ Id: 0a4f4d3b-180b-4daa-bc2d-81b265e33dc2, Nodes: 474bca52-b9cd-4602-ad06-63718c1fead5{ip: 192.168.30.13, host: pr-hdds-1569-wvzgm-824869521, networkLocation: /default-rack, certSerialId: null}, Type:RATIS, Factor:ONE, State:OPEN]
2019-09-26 10:52:06,614 [RatisPipelineUtilsThread] INFO  pipeline.PipelinePlacementPolicy (PipelinePlacementPolicy.java:meetCriteria(91)) - Pipeline Placement: can't place more pipeline on heavy datanode： 0c06663d-3a07-4175-8dd2-9d41b1b53b1e Heaviness: 6 limit: 5
2019-09-26 10:52:06,614 [RatisPipelineUtilsThread] INFO  pipeline.PipelinePlacementPolicy (PipelinePlacementPolicy.java:meetCriteria(91)) - Pipeline Placement: can't place more pipeline on heavy datanode： 474bca52-b9cd-4602-ad06-63718c1fead5 Heaviness: 6 limit: 5
2019-09-26 10:52:06,615 [RatisPipelineUtilsThread] INFO  pipeline.PipelinePlacementPolicy (PipelinePlacementPolicy.java:meetCriteria(91)) - Pipeline Placement: can't place more pipeline on heavy datanode： c0d2ea87-aa22-42eb-bba4-0246f89d2958 Heaviness: 6 limit: 5
2019-09-26 10:52:06,615 [RatisPipelineUtilsThread] INFO  pipeline.PipelinePlacementPolicy (PipelinePlacementPolicy.java:meetCriteria(91)) - Pipeline Placement: can't place more pipeline on heavy datanode： dd9d2e05-3ffa-4f1c-8a80-938e5f4f3192 Heaviness: 6 limit: 5
2019-09-26 10:52:06,620 [grpc-default-executor-1] INFO  impl.RaftServerProxy (RaftServerProxy.java:addNew(89)) - be8031e7-e5bc-4989-a875-174452875862: addNew group-18E581FB8468:[be8031e7-e5bc-4989-a875-174452875862:192.168.30.13:42793] returns group-18E581FB8468:java.util.concurrent.CompletableFuture@28cb1d00[Not completed]
2019-09-26 10:52:06,621 [pool-97-thread-1] INFO  impl.RaftServerImpl (RaftServerImpl.java:<init>(95)) - be8031e7-e5bc-4989-a875-174452875862: new RaftServerImpl for group-18E581FB8468:[be8031e7-e5bc-4989-a875-174452875862:192.168.30.13:42793] with ContainerStateMachine:uninitialized
2019-09-26 10:52:06,621 [pool-97-thread-1] INFO  server.RaftServerConfigKeys (ConfUtils.java:logGet(43)) - raft.server.rpc.timeout.min = 5s (custom)
2019-09-26 10:52:06,621 [pool-97-thread-1] INFO  server.RaftServerConfigKeys (ConfUtils.java:logGet(43)) - raft.server.rpc.timeout.max = 5200ms (custom)
2019-09-26 10:52:06,621 [pool-97-thread-1] INFO  server.RaftServerConfigKeys (ConfUtils.java:logGet(43)) - raft.server.rpcslowness.timeout = 120s (custom)
2019-09-26 10:52:06,621 [pool-97-thread-1] INFO  server.RaftServerConfigKeys (ConfUtils.java:logGet(43)) - raft.server.sleep.deviation.threshold = 300 (default)
2019-09-26 10:52:06,621 [pool-97-thread-1] INFO  server.RaftServerConfigKeys (ConfUtils.java:logGet(43)) - raft.server.log.appender.install.snapshot.enabled = false (custom)
2019-09-26 10:52:06,622 [pool-97-thread-1] INFO  impl.RaftServerImpl (ServerState.java:<init>(103)) - be8031e7-e5bc-4989-a875-174452875862@group-18E581FB8468: ConfigurationManager, init=-1: [be8031e7-e5bc-4989-a875-174452875862:192.168.30.13:42793], old=null, confs=<EMPTY_MAP>
2019-09-26 10:52:06,622 [pool-97-thread-1] INFO  server.RaftServerConfigKeys (ConfUtils.java:logGet(43)) - raft.server.storage.dir = [/workdir/hadoop-ozone/ozonefs/target/test-dir/MiniOzoneClusterImpl-b00a5744-6e73-4fa1-a928-c24f0d5ffca4/datanode-7/data/ratis] (custom)
2019-09-26 10:52:06,622 [pool-97-thread-1] INFO  storage.RaftStorageDirectory (RaftStorageDirectory.java:analyzeStorage(246)) - The storage directory /workdir/hadoop-ozone/ozonefs/target/test-dir/MiniOzoneClusterImpl-b00a5744-6e73-4fa1-a928-c24f0d5ffca4/datanode-7/data/ratis/602f14b5-3fe4-49cd-bde0-18e581fb8468 does not exist. Creating ...
2019-09-26 10:52:06,635 [pool-97-thread-1] INFO  storage.RaftStorageDirectory (RaftStorageDirectory.java:tryLock(328)) - Lock on /workdir/hadoop-ozone/ozonefs/target/test-dir/MiniOzoneClusterImpl-b00a5744-6e73-4fa1-a928-c24f0d5ffca4/datanode-7/data/ratis/602f14b5-3fe4-49cd-bde0-18e581fb8468/in_use.lock acquired by nodename 31132@pr-hdds-1569-wvzgm-824869521
2019-09-26 10:52:06,647 [pool-97-thread-1] INFO  storage.RaftStorage (RaftStorage.java:format(72)) - Storage directory /workdir/hadoop-ozone/ozonefs/target/test-dir/MiniOzoneClusterImpl-b00a5744-6e73-4fa1-a928-c24f0d5ffca4/datanode-7/data/ratis/602f14b5-3fe4-49cd-bde0-18e581fb8468 has been successfully formatted.
2019-09-26 10:52:06,647 [pool-97-thread-1] INFO  ratis.ContainerStateMachine (ContainerStateMachine.java:loadSnapshot(230)) - group-18E581FB8468: The snapshot info is null. Setting the last applied indexto:(t:0, i:~)
2019-09-26 10:52:06,647 [pool-97-thread-1] INFO  server.RaftServerConfigKeys (ConfUtils.java:logGet(43)) - raft.server.notification.no-leader.timeout = 120s (custom)
2019-09-26 10:52:06,647 [pool-97-thread-1] INFO  server.RaftServerConfigKeys (ConfUtils.java:logGet(43)) - raft.server.log.use.memory = false (default)
2019-09-26 10:52:06,647 [pool-97-thread-1] INFO  server.RaftServerConfigKeys (ConfUtils.java:logGet(43)) - raft.server.log.purge.gap = 1000000 (custom)
2019-09-26 10:52:06,647 [pool-97-thread-1] INFO  server.RaftServerConfigKeys (ConfUtils.java:logGet(43)) - raft.server.log.appender.buffer.byte-limit = 33554432 (custom)
2019-09-26 10:52:06,648 [pool-97-thread-1] INFO  server.RaftServerConfigKeys (ConfUtils.java:logGet(43)) - raft.server.log.segment.size.max = 1048576 (custom)
2019-09-26 10:52:06,648 [pool-97-thread-1] INFO  server.RaftServerConfigKeys (ConfUtils.java:logGet(43)) - raft.server.log.segment.cache.num.max = 2 (custom)
2019-09-26 10:52:06,648 [pool-97-thread-1] INFO  segmented.SegmentedRaftLogWorker (SegmentedRaftLogWorker.java:<init>(172)) - new be8031e7-e5bc-4989-a875-174452875862@group-18E581FB8468-SegmentedRaftLogWorker for RaftStorage:Storage Directory /workdir/hadoop-ozone/ozonefs/target/test-dir/MiniOzoneClusterImpl-b00a5744-6e73-4fa1-a928-c24f0d5ffca4/datanode-7/data/ratis/602f14b5-3fe4-49cd-bde0-18e581fb8468
2019-09-26 10:52:06,648 [pool-97-thread-1] INFO  server.RaftServerConfigKeys (ConfUtils.java:logGet(43)) - raft.server.log.queue.byte-limit = 2147483647 (custom)
2019-09-26 10:52:06,648 [pool-97-thread-1] INFO  server.RaftServerConfigKeys (ConfUtils.java:logGet(43)) - raft.server.log.queue.element-limit = 1024 (custom)
2019-09-26 10:52:06,648 [pool-97-thread-1] INFO  server.RaftServerConfigKeys (ConfUtils.java:logGet(43)) - raft.server.log.segment.size.max = 1048576 (custom)
2019-09-26 10:52:06,648 [pool-97-thread-1] INFO  server.RaftServerConfigKeys (ConfUtils.java:logGet(43)) - raft.server.log.preallocated.size = 16384 (custom)
2019-09-26 10:52:06,648 [pool-97-thread-1] INFO  server.RaftServerConfigKeys (ConfUtils.java:logGet(43)) - raft.server.log.write.buffer.size = 33554432 (custom)
2019-09-26 10:52:06,648 [pool-97-thread-1] INFO  server.RaftServerConfigKeys (ConfUtils.java:logGet(43)) - raft.server.log.force.sync.num = 128 (default)
2019-09-26 10:52:06,649 [pool-97-thread-1] INFO  server.RaftServerConfigKeys (ConfUtils.java:logGet(43)) - raft.server.log.statemachine.data.sync = true (default)
2019-09-26 10:52:06,649 [pool-97-thread-1] INFO  server.RaftServerConfigKeys (ConfUtils.java:logGet(43)) - raft.server.log.statemachine.data.sync.timeout = 10s (default)
2019-09-26 10:52:06,649 [pool-97-thread-1] INFO  server.RaftServerConfigKeys (ConfUtils.java:logGet(43)) - raft.server.log.statemachine.data.sync.timeout.retry = -1 (default)
2019-09-26 10:52:06,649 [pool-97-thread-1] INFO  server.RaftServerConfigKeys (ConfUtils.java:logGet(43)) - raft.server.log.statemachine.data.caching.enabled = true (custom)
2019-09-26 10:52:06,649 [pool-97-thread-1] INFO  segmented.SegmentedRaftLogWorker (SegmentedRaftLogWorker.java:lambda$new$0(132)) - be8031e7-e5bc-4989-a875-174452875862@group-18E581FB8468-SegmentedRaftLogWorker: flushIndex: setUnconditionally 0 -> -1
2019-09-26 10:52:06,649 [pool-97-thread-1] INFO  server.RaftServerConfigKeys (ConfUtils.java:logGet(43)) - raft.server.snapshot.auto.trigger.enabled = true (custom)
2019-09-26 10:52:06,650 [pool-97-thread-1] INFO  server.RaftServerConfigKeys (ConfUtils.java:logGet(43)) - raft.server.snapshot.auto.trigger.threshold = 10000 (custom)
2019-09-26 10:52:06,650 [pool-97-thread-1] INFO  server.RaftServerConfigKeys (ConfUtils.java:logGet(43)) - raft.server.snapshot.retention.num.files = 5 (custom)
2019-09-26 10:52:06,650 [pool-97-thread-1] INFO  server.RaftServerConfigKeys (ConfUtils.java:logGet(43)) - raft.server.retrycache.expirytime = 600000ms (custom)
2019-09-26 10:52:06,652 [pool-97-thread-1] INFO  impl.RaftServerImpl (RaftServerImpl.java:start(185)) - be8031e7-e5bc-4989-a875-174452875862@group-18E581FB8468: start as a follower, conf=-1: [be8031e7-e5bc-4989-a875-174452875862:192.168.30.13:42793], old=null
2019-09-26 10:52:06,652 [pool-97-thread-1] INFO  impl.RaftServerImpl (RaftServerImpl.java:setRole(174)) - be8031e7-e5bc-4989-a875-174452875862@group-18E581FB8468: changes role from      null to FOLLOWER at term 0 for startAsFollower
2019-09-26 10:52:06,652 [pool-97-thread-1] INFO  impl.RoleInfo (RoleInfo.java:updateAndGet(143)) - be8031e7-e5bc-4989-a875-174452875862: start FollowerState
2019-09-26 10:52:06,652 [pool-97-thread-1] INFO  util.JmxRegister (JmxRegister.java:tryRegister(44)) - Successfully registered JMX Bean with object name Ratis:service=RaftServer,group=group-18E581FB8468,id=be8031e7-e5bc-4989-a875-174452875862
2019-09-26 10:52:06,654 [RatisPipelineUtilsThread] INFO  pipeline.PipelineStateManager (PipelineStateManager.java:addPipeline(56)) - Created pipeline Pipeline[ Id: 602f14b5-3fe4-49cd-bde0-18e581fb8468, Nodes: be8031e7-e5bc-4989-a875-174452875862{ip: 192.168.30.13, host: pr-hdds-1569-wvzgm-824869521, networkLocation: /default-rack, certSerialId: null}, Type:RATIS, Factor:ONE, State:OPEN]
2019-09-26 10:52:06,655 [RatisPipelineUtilsThread] INFO  pipeline.PipelinePlacementPolicy (PipelinePlacementPolicy.java:meetCriteria(91)) - Pipeline Placement: can't place more pipeline on heavy datanode： 0c06663d-3a07-4175-8dd2-9d41b1b53b1e Heaviness: 6 limit: 5
2019-09-26 10:52:06,655 [RatisPipelineUtilsThread] INFO  pipeline.PipelinePlacementPolicy (PipelinePlacementPolicy.java:meetCriteria(91)) - Pipeline Placement: can't place more pipeline on heavy datanode： 474bca52-b9cd-4602-ad06-63718c1fead5 Heaviness: 6 limit: 5
2019-09-26 10:52:06,655 [RatisPipelineUtilsThread] INFO  pipeline.PipelinePlacementPolicy (PipelinePlacementPolicy.java:meetCriteria(91)) - Pipeline Placement: can't place more pipeline on heavy datanode： c0d2ea87-aa22-42eb-bba4-0246f89d2958 Heaviness: 6 limit: 5
2019-09-26 10:52:06,655 [RatisPipelineUtilsThread] INFO  pipeline.PipelinePlacementPolicy (PipelinePlacementPolicy.java:meetCriteria(91)) - Pipeline Placement: can't place more pipeline on heavy datanode： dd9d2e05-3ffa-4f1c-8a80-938e5f4f3192 Heaviness: 6 limit: 5
2019-09-26 10:52:06,661 [grpc-default-executor-1] INFO  impl.RaftServerProxy (RaftServerProxy.java:addNew(89)) - be8031e7-e5bc-4989-a875-174452875862: addNew group-F77A4408916B:[be8031e7-e5bc-4989-a875-174452875862:192.168.30.13:42793] returns group-F77A4408916B:java.util.concurrent.CompletableFuture@57706613[Not completed]
2019-09-26 10:52:06,661 [pool-97-thread-1] INFO  impl.RaftServerImpl (RaftServerImpl.java:<init>(95)) - be8031e7-e5bc-4989-a875-174452875862: new RaftServerImpl for group-F77A4408916B:[be8031e7-e5bc-4989-a875-174452875862:192.168.30.13:42793] with ContainerStateMachine:uninitialized
2019-09-26 10:52:06,661 [pool-97-thread-1] INFO  server.RaftServerConfigKeys (ConfUtils.java:logGet(43)) - raft.server.rpc.timeout.min = 5s (custom)
2019-09-26 10:52:06,662 [pool-97-thread-1] INFO  server.RaftServerConfigKeys (ConfUtils.java:logGet(43)) - raft.server.rpc.timeout.max = 5200ms (custom)
2019-09-26 10:52:06,662 [pool-97-thread-1] INFO  server.RaftServerConfigKeys (ConfUtils.java:logGet(43)) - raft.server.rpcslowness.timeout = 120s (custom)
2019-09-26 10:52:06,662 [pool-97-thread-1] INFO  server.RaftServerConfigKeys (ConfUtils.java:logGet(43)) - raft.server.sleep.deviation.threshold = 300 (default)
2019-09-26 10:52:06,662 [pool-97-thread-1] INFO  server.RaftServerConfigKeys (ConfUtils.java:logGet(43)) - raft.server.log.appender.install.snapshot.enabled = false (custom)
2019-09-26 10:52:06,662 [pool-97-thread-1] INFO  impl.RaftServerImpl (ServerState.java:<init>(103)) - be8031e7-e5bc-4989-a875-174452875862@group-F77A4408916B: ConfigurationManager, init=-1: [be8031e7-e5bc-4989-a875-174452875862:192.168.30.13:42793], old=null, confs=<EMPTY_MAP>
2019-09-26 10:52:06,662 [pool-97-thread-1] INFO  server.RaftServerConfigKeys (ConfUtils.java:logGet(43)) - raft.server.storage.dir = [/workdir/hadoop-ozone/ozonefs/target/test-dir/MiniOzoneClusterImpl-b00a5744-6e73-4fa1-a928-c24f0d5ffca4/datanode-7/data/ratis] (custom)
2019-09-26 10:52:06,662 [pool-97-thread-1] INFO  storage.RaftStorageDirectory (RaftStorageDirectory.java:analyzeStorage(246)) - The storage directory /workdir/hadoop-ozone/ozonefs/target/test-dir/MiniOzoneClusterImpl-b00a5744-6e73-4fa1-a928-c24f0d5ffca4/datanode-7/data/ratis/b67655d3-c805-4d7c-838c-f77a4408916b does not exist. Creating ...
2019-09-26 10:52:06,670 [pool-97-thread-1] INFO  storage.RaftStorageDirectory (RaftStorageDirectory.java:tryLock(328)) - Lock on /workdir/hadoop-ozone/ozonefs/target/test-dir/MiniOzoneClusterImpl-b00a5744-6e73-4fa1-a928-c24f0d5ffca4/datanode-7/data/ratis/b67655d3-c805-4d7c-838c-f77a4408916b/in_use.lock acquired by nodename 31132@pr-hdds-1569-wvzgm-824869521
2019-09-26 10:52:06,683 [pool-97-thread-1] INFO  storage.RaftStorage (RaftStorage.java:format(72)) - Storage directory /workdir/hadoop-ozone/ozonefs/target/test-dir/MiniOzoneClusterImpl-b00a5744-6e73-4fa1-a928-c24f0d5ffca4/datanode-7/data/ratis/b67655d3-c805-4d7c-838c-f77a4408916b has been successfully formatted.
2019-09-26 10:52:06,683 [pool-97-thread-1] INFO  ratis.ContainerStateMachine (ContainerStateMachine.java:loadSnapshot(230)) - group-F77A4408916B: The snapshot info is null. Setting the last applied indexto:(t:0, i:~)
2019-09-26 10:52:06,683 [pool-97-thread-1] INFO  server.RaftServerConfigKeys (ConfUtils.java:logGet(43)) - raft.server.notification.no-leader.timeout = 120s (custom)
2019-09-26 10:52:06,683 [pool-97-thread-1] INFO  server.RaftServerConfigKeys (ConfUtils.java:logGet(43)) - raft.server.log.use.memory = false (default)
2019-09-26 10:52:06,683 [pool-97-thread-1] INFO  server.RaftServerConfigKeys (ConfUtils.java:logGet(43)) - raft.server.log.purge.gap = 1000000 (custom)
2019-09-26 10:52:06,683 [pool-97-thread-1] INFO  server.RaftServerConfigKeys (ConfUtils.java:logGet(43)) - raft.server.log.appender.buffer.byte-limit = 33554432 (custom)
2019-09-26 10:52:06,683 [pool-97-thread-1] INFO  server.RaftServerConfigKeys (ConfUtils.java:logGet(43)) - raft.server.log.segment.size.max = 1048576 (custom)
2019-09-26 10:52:06,683 [pool-97-thread-1] INFO  server.RaftServerConfigKeys (ConfUtils.java:logGet(43)) - raft.server.log.segment.cache.num.max = 2 (custom)
2019-09-26 10:52:06,684 [pool-97-thread-1] INFO  segmented.SegmentedRaftLogWorker (SegmentedRaftLogWorker.java:<init>(172)) - new be8031e7-e5bc-4989-a875-174452875862@group-F77A4408916B-SegmentedRaftLogWorker for RaftStorage:Storage Directory /workdir/hadoop-ozone/ozonefs/target/test-dir/MiniOzoneClusterImpl-b00a5744-6e73-4fa1-a928-c24f0d5ffca4/datanode-7/data/ratis/b67655d3-c805-4d7c-838c-f77a4408916b
2019-09-26 10:52:06,684 [pool-97-thread-1] INFO  server.RaftServerConfigKeys (ConfUtils.java:logGet(43)) - raft.server.log.queue.byte-limit = 2147483647 (custom)
2019-09-26 10:52:06,684 [pool-97-thread-1] INFO  server.RaftServerConfigKeys (ConfUtils.java:logGet(43)) - raft.server.log.queue.element-limit = 1024 (custom)
2019-09-26 10:52:06,684 [pool-97-thread-1] INFO  server.RaftServerConfigKeys (ConfUtils.java:logGet(43)) - raft.server.log.segment.size.max = 1048576 (custom)
2019-09-26 10:52:06,684 [pool-97-thread-1] INFO  server.RaftServerConfigKeys (ConfUtils.java:logGet(43)) - raft.server.log.preallocated.size = 16384 (custom)
2019-09-26 10:52:06,684 [pool-97-thread-1] INFO  server.RaftServerConfigKeys (ConfUtils.java:logGet(43)) - raft.server.log.write.buffer.size = 33554432 (custom)
2019-09-26 10:52:06,684 [pool-97-thread-1] INFO  server.RaftServerConfigKeys (ConfUtils.java:logGet(43)) - raft.server.log.force.sync.num = 128 (default)
2019-09-26 10:52:06,684 [pool-97-thread-1] INFO  server.RaftServerConfigKeys (ConfUtils.java:logGet(43)) - raft.server.log.statemachine.data.sync = true (default)
2019-09-26 10:52:06,684 [pool-97-thread-1] INFO  server.RaftServerConfigKeys (ConfUtils.java:logGet(43)) - raft.server.log.statemachine.data.sync.timeout = 10s (default)
2019-09-26 10:52:06,685 [pool-97-thread-1] INFO  server.RaftServerConfigKeys (ConfUtils.java:logGet(43)) - raft.server.log.statemachine.data.sync.timeout.retry = -1 (default)
2019-09-26 10:52:06,685 [pool-97-thread-1] INFO  server.RaftServerConfigKeys (ConfUtils.java:logGet(43)) - raft.server.log.statemachine.data.caching.enabled = true (custom)
2019-09-26 10:52:06,685 [pool-97-thread-1] INFO  segmented.SegmentedRaftLogWorker (SegmentedRaftLogWorker.java:lambda$new$0(132)) - be8031e7-e5bc-4989-a875-174452875862@group-F77A4408916B-SegmentedRaftLogWorker: flushIndex: setUnconditionally 0 -> -1
2019-09-26 10:52:06,685 [pool-97-thread-1] INFO  server.RaftServerConfigKeys (ConfUtils.java:logGet(43)) - raft.server.snapshot.auto.trigger.enabled = true (custom)
2019-09-26 10:52:06,685 [pool-97-thread-1] INFO  server.RaftServerConfigKeys (ConfUtils.java:logGet(43)) - raft.server.snapshot.auto.trigger.threshold = 10000 (custom)
2019-09-26 10:52:06,685 [pool-97-thread-1] INFO  server.RaftServerConfigKeys (ConfUtils.java:logGet(43)) - raft.server.snapshot.retention.num.files = 5 (custom)
2019-09-26 10:52:06,685 [pool-97-thread-1] INFO  server.RaftServerConfigKeys (ConfUtils.java:logGet(43)) - raft.server.retrycache.expirytime = 600000ms (custom)
2019-09-26 10:52:06,687 [pool-97-thread-1] INFO  impl.RaftServerImpl (RaftServerImpl.java:start(185)) - be8031e7-e5bc-4989-a875-174452875862@group-F77A4408916B: start as a follower, conf=-1: [be8031e7-e5bc-4989-a875-174452875862:192.168.30.13:42793], old=null
2019-09-26 10:52:06,687 [pool-97-thread-1] INFO  impl.RaftServerImpl (RaftServerImpl.java:setRole(174)) - be8031e7-e5bc-4989-a875-174452875862@group-F77A4408916B: changes role from      null to FOLLOWER at term 0 for startAsFollower
2019-09-26 10:52:06,688 [pool-97-thread-1] INFO  impl.RoleInfo (RoleInfo.java:updateAndGet(143)) - be8031e7-e5bc-4989-a875-174452875862: start FollowerState
2019-09-26 10:52:06,688 [pool-97-thread-1] INFO  util.JmxRegister (JmxRegister.java:tryRegister(44)) - Successfully registered JMX Bean with object name Ratis:service=RaftServer,group=group-F77A4408916B,id=be8031e7-e5bc-4989-a875-174452875862
2019-09-26 10:52:06,691 [RatisPipelineUtilsThread] INFO  pipeline.PipelineStateManager (PipelineStateManager.java:addPipeline(56)) - Created pipeline Pipeline[ Id: b67655d3-c805-4d7c-838c-f77a4408916b, Nodes: be8031e7-e5bc-4989-a875-174452875862{ip: 192.168.30.13, host: pr-hdds-1569-wvzgm-824869521, networkLocation: /default-rack, certSerialId: null}, Type:RATIS, Factor:ONE, State:OPEN]
2019-09-26 10:52:06,691 [RatisPipelineUtilsThread] INFO  pipeline.PipelinePlacementPolicy (PipelinePlacementPolicy.java:meetCriteria(91)) - Pipeline Placement: can't place more pipeline on heavy datanode： 0c06663d-3a07-4175-8dd2-9d41b1b53b1e Heaviness: 6 limit: 5
2019-09-26 10:52:06,691 [RatisPipelineUtilsThread] INFO  pipeline.PipelinePlacementPolicy (PipelinePlacementPolicy.java:meetCriteria(91)) - Pipeline Placement: can't place more pipeline on heavy datanode： be8031e7-e5bc-4989-a875-174452875862 Heaviness: 6 limit: 5
2019-09-26 10:52:06,692 [RatisPipelineUtilsThread] INFO  pipeline.PipelinePlacementPolicy (PipelinePlacementPolicy.java:meetCriteria(91)) - Pipeline Placement: can't place more pipeline on heavy datanode： 474bca52-b9cd-4602-ad06-63718c1fead5 Heaviness: 6 limit: 5
2019-09-26 10:52:06,692 [RatisPipelineUtilsThread] INFO  pipeline.PipelinePlacementPolicy (PipelinePlacementPolicy.java:meetCriteria(91)) - Pipeline Placement: can't place more pipeline on heavy datanode： c0d2ea87-aa22-42eb-bba4-0246f89d2958 Heaviness: 6 limit: 5
2019-09-26 10:52:06,692 [RatisPipelineUtilsThread] INFO  pipeline.PipelinePlacementPolicy (PipelinePlacementPolicy.java:meetCriteria(91)) - Pipeline Placement: can't place more pipeline on heavy datanode： dd9d2e05-3ffa-4f1c-8a80-938e5f4f3192 Heaviness: 6 limit: 5
2019-09-26 10:52:06,697 [grpc-default-executor-1] INFO  impl.RaftServerProxy (RaftServerProxy.java:addNew(89)) - 557f9f1f-13f1-4e9a-b9bb-f7fbe560edab: addNew group-9DFECB84D1F0:[557f9f1f-13f1-4e9a-b9bb-f7fbe560edab:192.168.30.13:38394] returns group-9DFECB84D1F0:java.util.concurrent.CompletableFuture@106e2e00[Not completed]
2019-09-26 10:52:06,698 [pool-107-thread-1] INFO  impl.RaftServerImpl (RaftServerImpl.java:<init>(95)) - 557f9f1f-13f1-4e9a-b9bb-f7fbe560edab: new RaftServerImpl for group-9DFECB84D1F0:[557f9f1f-13f1-4e9a-b9bb-f7fbe560edab:192.168.30.13:38394] with ContainerStateMachine:uninitialized
2019-09-26 10:52:06,698 [pool-107-thread-1] INFO  server.RaftServerConfigKeys (ConfUtils.java:logGet(43)) - raft.server.rpc.timeout.min = 5s (custom)
2019-09-26 10:52:06,698 [pool-107-thread-1] INFO  server.RaftServerConfigKeys (ConfUtils.java:logGet(43)) - raft.server.rpc.timeout.max = 5200ms (custom)
2019-09-26 10:52:06,698 [pool-107-thread-1] INFO  server.RaftServerConfigKeys (ConfUtils.java:logGet(43)) - raft.server.rpcslowness.timeout = 120s (custom)
2019-09-26 10:52:06,698 [pool-107-thread-1] INFO  server.RaftServerConfigKeys (ConfUtils.java:logGet(43)) - raft.server.sleep.deviation.threshold = 300 (default)
2019-09-26 10:52:06,698 [pool-107-thread-1] INFO  server.RaftServerConfigKeys (ConfUtils.java:logGet(43)) - raft.server.log.appender.install.snapshot.enabled = false (custom)
2019-09-26 10:52:06,699 [pool-107-thread-1] INFO  impl.RaftServerImpl (ServerState.java:<init>(103)) - 557f9f1f-13f1-4e9a-b9bb-f7fbe560edab@group-9DFECB84D1F0: ConfigurationManager, init=-1: [557f9f1f-13f1-4e9a-b9bb-f7fbe560edab:192.168.30.13:38394], old=null, confs=<EMPTY_MAP>
2019-09-26 10:52:06,699 [pool-107-thread-1] INFO  server.RaftServerConfigKeys (ConfUtils.java:logGet(43)) - raft.server.storage.dir = [/workdir/hadoop-ozone/ozonefs/target/test-dir/MiniOzoneClusterImpl-b00a5744-6e73-4fa1-a928-c24f0d5ffca4/datanode-8/data/ratis] (custom)
2019-09-26 10:52:06,699 [pool-107-thread-1] INFO  storage.RaftStorageDirectory (RaftStorageDirectory.java:analyzeStorage(246)) - The storage directory /workdir/hadoop-ozone/ozonefs/target/test-dir/MiniOzoneClusterImpl-b00a5744-6e73-4fa1-a928-c24f0d5ffca4/datanode-8/data/ratis/85a0a59a-1dc5-4ddb-83dc-9dfecb84d1f0 does not exist. Creating ...
2019-09-26 10:52:06,712 [pool-107-thread-1] INFO  storage.RaftStorageDirectory (RaftStorageDirectory.java:tryLock(328)) - Lock on /workdir/hadoop-ozone/ozonefs/target/test-dir/MiniOzoneClusterImpl-b00a5744-6e73-4fa1-a928-c24f0d5ffca4/datanode-8/data/ratis/85a0a59a-1dc5-4ddb-83dc-9dfecb84d1f0/in_use.lock acquired by nodename 31132@pr-hdds-1569-wvzgm-824869521
2019-09-26 10:52:06,724 [pool-107-thread-1] INFO  storage.RaftStorage (RaftStorage.java:format(72)) - Storage directory /workdir/hadoop-ozone/ozonefs/target/test-dir/MiniOzoneClusterImpl-b00a5744-6e73-4fa1-a928-c24f0d5ffca4/datanode-8/data/ratis/85a0a59a-1dc5-4ddb-83dc-9dfecb84d1f0 has been successfully formatted.
2019-09-26 10:52:06,725 [pool-107-thread-1] INFO  ratis.ContainerStateMachine (ContainerStateMachine.java:loadSnapshot(230)) - group-9DFECB84D1F0: The snapshot info is null. Setting the last applied indexto:(t:0, i:~)
2019-09-26 10:52:06,725 [pool-107-thread-1] INFO  server.RaftServerConfigKeys (ConfUtils.java:logGet(43)) - raft.server.notification.no-leader.timeout = 120s (custom)
2019-09-26 10:52:06,725 [pool-107-thread-1] INFO  server.RaftServerConfigKeys (ConfUtils.java:logGet(43)) - raft.server.log.use.memory = false (default)
2019-09-26 10:52:06,725 [pool-107-thread-1] INFO  server.RaftServerConfigKeys (ConfUtils.java:logGet(43)) - raft.server.log.purge.gap = 1000000 (custom)
2019-09-26 10:52:06,725 [pool-107-thread-1] INFO  server.RaftServerConfigKeys (ConfUtils.java:logGet(43)) - raft.server.log.appender.buffer.byte-limit = 33554432 (custom)
2019-09-26 10:52:06,725 [pool-107-thread-1] INFO  server.RaftServerConfigKeys (ConfUtils.java:logGet(43)) - raft.server.log.segment.size.max = 1048576 (custom)
2019-09-26 10:52:06,725 [pool-107-thread-1] INFO  server.RaftServerConfigKeys (ConfUtils.java:logGet(43)) - raft.server.log.segment.cache.num.max = 2 (custom)
2019-09-26 10:52:06,725 [pool-107-thread-1] INFO  segmented.SegmentedRaftLogWorker (SegmentedRaftLogWorker.java:<init>(172)) - new 557f9f1f-13f1-4e9a-b9bb-f7fbe560edab@group-9DFECB84D1F0-SegmentedRaftLogWorker for RaftStorage:Storage Directory /workdir/hadoop-ozone/ozonefs/target/test-dir/MiniOzoneClusterImpl-b00a5744-6e73-4fa1-a928-c24f0d5ffca4/datanode-8/data/ratis/85a0a59a-1dc5-4ddb-83dc-9dfecb84d1f0
2019-09-26 10:52:06,725 [pool-107-thread-1] INFO  server.RaftServerConfigKeys (ConfUtils.java:logGet(43)) - raft.server.log.queue.byte-limit = 2147483647 (custom)
2019-09-26 10:52:06,725 [pool-107-thread-1] INFO  server.RaftServerConfigKeys (ConfUtils.java:logGet(43)) - raft.server.log.queue.element-limit = 1024 (custom)
2019-09-26 10:52:06,726 [pool-107-thread-1] INFO  server.RaftServerConfigKeys (ConfUtils.java:logGet(43)) - raft.server.log.segment.size.max = 1048576 (custom)
2019-09-26 10:52:06,726 [pool-107-thread-1] INFO  server.RaftServerConfigKeys (ConfUtils.java:logGet(43)) - raft.server.log.preallocated.size = 16384 (custom)
2019-09-26 10:52:06,726 [pool-107-thread-1] INFO  server.RaftServerConfigKeys (ConfUtils.java:logGet(43)) - raft.server.log.write.buffer.size = 33554432 (custom)
2019-09-26 10:52:06,726 [pool-107-thread-1] INFO  server.RaftServerConfigKeys (ConfUtils.java:logGet(43)) - raft.server.log.force.sync.num = 128 (default)
2019-09-26 10:52:06,726 [pool-107-thread-1] INFO  server.RaftServerConfigKeys (ConfUtils.java:logGet(43)) - raft.server.log.statemachine.data.sync = true (default)
2019-09-26 10:52:06,726 [pool-107-thread-1] INFO  server.RaftServerConfigKeys (ConfUtils.java:logGet(43)) - raft.server.log.statemachine.data.sync.timeout = 10s (default)
2019-09-26 10:52:06,726 [pool-107-thread-1] INFO  server.RaftServerConfigKeys (ConfUtils.java:logGet(43)) - raft.server.log.statemachine.data.sync.timeout.retry = -1 (default)
2019-09-26 10:52:06,726 [pool-107-thread-1] INFO  server.RaftServerConfigKeys (ConfUtils.java:logGet(43)) - raft.server.log.statemachine.data.caching.enabled = true (custom)
2019-09-26 10:52:06,726 [pool-107-thread-1] INFO  segmented.SegmentedRaftLogWorker (SegmentedRaftLogWorker.java:lambda$new$0(132)) - 557f9f1f-13f1-4e9a-b9bb-f7fbe560edab@group-9DFECB84D1F0-SegmentedRaftLogWorker: flushIndex: setUnconditionally 0 -> -1
2019-09-26 10:52:06,727 [pool-107-thread-1] INFO  server.RaftServerConfigKeys (ConfUtils.java:logGet(43)) - raft.server.snapshot.auto.trigger.enabled = true (custom)
2019-09-26 10:52:06,727 [pool-107-thread-1] INFO  server.RaftServerConfigKeys (ConfUtils.java:logGet(43)) - raft.server.snapshot.auto.trigger.threshold = 10000 (custom)
2019-09-26 10:52:06,727 [pool-107-thread-1] INFO  server.RaftServerConfigKeys (ConfUtils.java:logGet(43)) - raft.server.snapshot.retention.num.files = 5 (custom)
2019-09-26 10:52:06,727 [pool-107-thread-1] INFO  server.RaftServerConfigKeys (ConfUtils.java:logGet(43)) - raft.server.retrycache.expirytime = 600000ms (custom)
2019-09-26 10:52:06,729 [pool-107-thread-1] INFO  impl.RaftServerImpl (RaftServerImpl.java:start(185)) - 557f9f1f-13f1-4e9a-b9bb-f7fbe560edab@group-9DFECB84D1F0: start as a follower, conf=-1: [557f9f1f-13f1-4e9a-b9bb-f7fbe560edab:192.168.30.13:38394], old=null
2019-09-26 10:52:06,729 [pool-107-thread-1] INFO  impl.RaftServerImpl (RaftServerImpl.java:setRole(174)) - 557f9f1f-13f1-4e9a-b9bb-f7fbe560edab@group-9DFECB84D1F0: changes role from      null to FOLLOWER at term 0 for startAsFollower
2019-09-26 10:52:06,729 [pool-107-thread-1] INFO  impl.RoleInfo (RoleInfo.java:updateAndGet(143)) - 557f9f1f-13f1-4e9a-b9bb-f7fbe560edab: start FollowerState
2019-09-26 10:52:06,729 [pool-107-thread-1] INFO  util.JmxRegister (JmxRegister.java:tryRegister(44)) - Successfully registered JMX Bean with object name Ratis:service=RaftServer,group=group-9DFECB84D1F0,id=557f9f1f-13f1-4e9a-b9bb-f7fbe560edab
2019-09-26 10:52:06,732 [RatisPipelineUtilsThread] INFO  pipeline.PipelineStateManager (PipelineStateManager.java:addPipeline(56)) - Created pipeline Pipeline[ Id: 85a0a59a-1dc5-4ddb-83dc-9dfecb84d1f0, Nodes: 557f9f1f-13f1-4e9a-b9bb-f7fbe560edab{ip: 192.168.30.13, host: pr-hdds-1569-wvzgm-824869521, networkLocation: /default-rack, certSerialId: null}, Type:RATIS, Factor:ONE, State:OPEN]
2019-09-26 10:52:06,732 [RatisPipelineUtilsThread] INFO  pipeline.PipelinePlacementPolicy (PipelinePlacementPolicy.java:meetCriteria(91)) - Pipeline Placement: can't place more pipeline on heavy datanode： 0c06663d-3a07-4175-8dd2-9d41b1b53b1e Heaviness: 6 limit: 5
2019-09-26 10:52:06,732 [RatisPipelineUtilsThread] INFO  pipeline.PipelinePlacementPolicy (PipelinePlacementPolicy.java:meetCriteria(91)) - Pipeline Placement: can't place more pipeline on heavy datanode： be8031e7-e5bc-4989-a875-174452875862 Heaviness: 6 limit: 5
2019-09-26 10:52:06,733 [RatisPipelineUtilsThread] INFO  pipeline.PipelinePlacementPolicy (PipelinePlacementPolicy.java:meetCriteria(91)) - Pipeline Placement: can't place more pipeline on heavy datanode： 474bca52-b9cd-4602-ad06-63718c1fead5 Heaviness: 6 limit: 5
2019-09-26 10:52:06,733 [RatisPipelineUtilsThread] INFO  pipeline.PipelinePlacementPolicy (PipelinePlacementPolicy.java:meetCriteria(91)) - Pipeline Placement: can't place more pipeline on heavy datanode： c0d2ea87-aa22-42eb-bba4-0246f89d2958 Heaviness: 6 limit: 5
2019-09-26 10:52:06,733 [RatisPipelineUtilsThread] INFO  pipeline.PipelinePlacementPolicy (PipelinePlacementPolicy.java:meetCriteria(91)) - Pipeline Placement: can't place more pipeline on heavy datanode： dd9d2e05-3ffa-4f1c-8a80-938e5f4f3192 Heaviness: 6 limit: 5
2019-09-26 10:52:06,738 [grpc-default-executor-1] INFO  impl.RaftServerProxy (RaftServerProxy.java:addNew(89)) - 557f9f1f-13f1-4e9a-b9bb-f7fbe560edab: addNew group-4BBCFE22D06D:[557f9f1f-13f1-4e9a-b9bb-f7fbe560edab:192.168.30.13:38394] returns group-4BBCFE22D06D:java.util.concurrent.CompletableFuture@699c137a[Not completed]
2019-09-26 10:52:06,739 [pool-107-thread-1] INFO  impl.RaftServerImpl (RaftServerImpl.java:<init>(95)) - 557f9f1f-13f1-4e9a-b9bb-f7fbe560edab: new RaftServerImpl for group-4BBCFE22D06D:[557f9f1f-13f1-4e9a-b9bb-f7fbe560edab:192.168.30.13:38394] with ContainerStateMachine:uninitialized
2019-09-26 10:52:06,739 [pool-107-thread-1] INFO  server.RaftServerConfigKeys (ConfUtils.java:logGet(43)) - raft.server.rpc.timeout.min = 5s (custom)
2019-09-26 10:52:06,739 [pool-107-thread-1] INFO  server.RaftServerConfigKeys (ConfUtils.java:logGet(43)) - raft.server.rpc.timeout.max = 5200ms (custom)
2019-09-26 10:52:06,739 [pool-107-thread-1] INFO  server.RaftServerConfigKeys (ConfUtils.java:logGet(43)) - raft.server.rpcslowness.timeout = 120s (custom)
2019-09-26 10:52:06,739 [pool-107-thread-1] INFO  server.RaftServerConfigKeys (ConfUtils.java:logGet(43)) - raft.server.sleep.deviation.threshold = 300 (default)
2019-09-26 10:52:06,739 [pool-107-thread-1] INFO  server.RaftServerConfigKeys (ConfUtils.java:logGet(43)) - raft.server.log.appender.install.snapshot.enabled = false (custom)
2019-09-26 10:52:06,739 [pool-107-thread-1] INFO  impl.RaftServerImpl (ServerState.java:<init>(103)) - 557f9f1f-13f1-4e9a-b9bb-f7fbe560edab@group-4BBCFE22D06D: ConfigurationManager, init=-1: [557f9f1f-13f1-4e9a-b9bb-f7fbe560edab:192.168.30.13:38394], old=null, confs=<EMPTY_MAP>
2019-09-26 10:52:06,739 [pool-107-thread-1] INFO  server.RaftServerConfigKeys (ConfUtils.java:logGet(43)) - raft.server.storage.dir = [/workdir/hadoop-ozone/ozonefs/target/test-dir/MiniOzoneClusterImpl-b00a5744-6e73-4fa1-a928-c24f0d5ffca4/datanode-8/data/ratis] (custom)
2019-09-26 10:52:06,740 [pool-107-thread-1] INFO  storage.RaftStorageDirectory (RaftStorageDirectory.java:analyzeStorage(246)) - The storage directory /workdir/hadoop-ozone/ozonefs/target/test-dir/MiniOzoneClusterImpl-b00a5744-6e73-4fa1-a928-c24f0d5ffca4/datanode-8/data/ratis/a8082353-6123-473b-b2f6-4bbcfe22d06d does not exist. Creating ...
2019-09-26 10:52:06,753 [pool-107-thread-1] INFO  storage.RaftStorageDirectory (RaftStorageDirectory.java:tryLock(328)) - Lock on /workdir/hadoop-ozone/ozonefs/target/test-dir/MiniOzoneClusterImpl-b00a5744-6e73-4fa1-a928-c24f0d5ffca4/datanode-8/data/ratis/a8082353-6123-473b-b2f6-4bbcfe22d06d/in_use.lock acquired by nodename 31132@pr-hdds-1569-wvzgm-824869521
2019-09-26 10:52:06,765 [pool-107-thread-1] INFO  storage.RaftStorage (RaftStorage.java:format(72)) - Storage directory /workdir/hadoop-ozone/ozonefs/target/test-dir/MiniOzoneClusterImpl-b00a5744-6e73-4fa1-a928-c24f0d5ffca4/datanode-8/data/ratis/a8082353-6123-473b-b2f6-4bbcfe22d06d has been successfully formatted.
2019-09-26 10:52:06,765 [pool-107-thread-1] INFO  ratis.ContainerStateMachine (ContainerStateMachine.java:loadSnapshot(230)) - group-4BBCFE22D06D: The snapshot info is null. Setting the last applied indexto:(t:0, i:~)
2019-09-26 10:52:06,765 [pool-107-thread-1] INFO  server.RaftServerConfigKeys (ConfUtils.java:logGet(43)) - raft.server.notification.no-leader.timeout = 120s (custom)
2019-09-26 10:52:06,765 [pool-107-thread-1] INFO  server.RaftServerConfigKeys (ConfUtils.java:logGet(43)) - raft.server.log.use.memory = false (default)
2019-09-26 10:52:06,766 [pool-107-thread-1] INFO  server.RaftServerConfigKeys (ConfUtils.java:logGet(43)) - raft.server.log.purge.gap = 1000000 (custom)
2019-09-26 10:52:06,766 [pool-107-thread-1] INFO  server.RaftServerConfigKeys (ConfUtils.java:logGet(43)) - raft.server.log.appender.buffer.byte-limit = 33554432 (custom)
2019-09-26 10:52:06,766 [pool-107-thread-1] INFO  server.RaftServerConfigKeys (ConfUtils.java:logGet(43)) - raft.server.log.segment.size.max = 1048576 (custom)
2019-09-26 10:52:06,766 [pool-107-thread-1] INFO  server.RaftServerConfigKeys (ConfUtils.java:logGet(43)) - raft.server.log.segment.cache.num.max = 2 (custom)
2019-09-26 10:52:06,766 [pool-107-thread-1] INFO  segmented.SegmentedRaftLogWorker (SegmentedRaftLogWorker.java:<init>(172)) - new 557f9f1f-13f1-4e9a-b9bb-f7fbe560edab@group-4BBCFE22D06D-SegmentedRaftLogWorker for RaftStorage:Storage Directory /workdir/hadoop-ozone/ozonefs/target/test-dir/MiniOzoneClusterImpl-b00a5744-6e73-4fa1-a928-c24f0d5ffca4/datanode-8/data/ratis/a8082353-6123-473b-b2f6-4bbcfe22d06d
2019-09-26 10:52:06,766 [pool-107-thread-1] INFO  server.RaftServerConfigKeys (ConfUtils.java:logGet(43)) - raft.server.log.queue.byte-limit = 2147483647 (custom)
2019-09-26 10:52:06,766 [pool-107-thread-1] INFO  server.RaftServerConfigKeys (ConfUtils.java:logGet(43)) - raft.server.log.queue.element-limit = 1024 (custom)
2019-09-26 10:52:06,766 [pool-107-thread-1] INFO  server.RaftServerConfigKeys (ConfUtils.java:logGet(43)) - raft.server.log.segment.size.max = 1048576 (custom)
2019-09-26 10:52:06,766 [pool-107-thread-1] INFO  server.RaftServerConfigKeys (ConfUtils.java:logGet(43)) - raft.server.log.preallocated.size = 16384 (custom)
2019-09-26 10:52:06,766 [pool-107-thread-1] INFO  server.RaftServerConfigKeys (ConfUtils.java:logGet(43)) - raft.server.log.write.buffer.size = 33554432 (custom)
2019-09-26 10:52:06,767 [pool-107-thread-1] INFO  server.RaftServerConfigKeys (ConfUtils.java:logGet(43)) - raft.server.log.force.sync.num = 128 (default)
2019-09-26 10:52:06,767 [pool-107-thread-1] INFO  server.RaftServerConfigKeys (ConfUtils.java:logGet(43)) - raft.server.log.statemachine.data.sync = true (default)
2019-09-26 10:52:06,767 [pool-107-thread-1] INFO  server.RaftServerConfigKeys (ConfUtils.java:logGet(43)) - raft.server.log.statemachine.data.sync.timeout = 10s (default)
2019-09-26 10:52:06,767 [pool-107-thread-1] INFO  server.RaftServerConfigKeys (ConfUtils.java:logGet(43)) - raft.server.log.statemachine.data.sync.timeout.retry = -1 (default)
2019-09-26 10:52:06,767 [pool-107-thread-1] INFO  server.RaftServerConfigKeys (ConfUtils.java:logGet(43)) - raft.server.log.statemachine.data.caching.enabled = true (custom)
2019-09-26 10:52:06,767 [pool-107-thread-1] INFO  segmented.SegmentedRaftLogWorker (SegmentedRaftLogWorker.java:lambda$new$0(132)) - 557f9f1f-13f1-4e9a-b9bb-f7fbe560edab@group-4BBCFE22D06D-SegmentedRaftLogWorker: flushIndex: setUnconditionally 0 -> -1
2019-09-26 10:52:06,767 [pool-107-thread-1] INFO  server.RaftServerConfigKeys (ConfUtils.java:logGet(43)) - raft.server.snapshot.auto.trigger.enabled = true (custom)
2019-09-26 10:52:06,767 [pool-107-thread-1] INFO  server.RaftServerConfigKeys (ConfUtils.java:logGet(43)) - raft.server.snapshot.auto.trigger.threshold = 10000 (custom)
2019-09-26 10:52:06,768 [pool-107-thread-1] INFO  server.RaftServerConfigKeys (ConfUtils.java:logGet(43)) - raft.server.snapshot.retention.num.files = 5 (custom)
2019-09-26 10:52:06,768 [pool-107-thread-1] INFO  server.RaftServerConfigKeys (ConfUtils.java:logGet(43)) - raft.server.retrycache.expirytime = 600000ms (custom)
2019-09-26 10:52:06,769 [pool-107-thread-1] INFO  impl.RaftServerImpl (RaftServerImpl.java:start(185)) - 557f9f1f-13f1-4e9a-b9bb-f7fbe560edab@group-4BBCFE22D06D: start as a follower, conf=-1: [557f9f1f-13f1-4e9a-b9bb-f7fbe560edab:192.168.30.13:38394], old=null
2019-09-26 10:52:06,769 [pool-107-thread-1] INFO  impl.RaftServerImpl (RaftServerImpl.java:setRole(174)) - 557f9f1f-13f1-4e9a-b9bb-f7fbe560edab@group-4BBCFE22D06D: changes role from      null to FOLLOWER at term 0 for startAsFollower
2019-09-26 10:52:06,769 [pool-107-thread-1] INFO  impl.RoleInfo (RoleInfo.java:updateAndGet(143)) - 557f9f1f-13f1-4e9a-b9bb-f7fbe560edab: start FollowerState
2019-09-26 10:52:06,770 [pool-107-thread-1] INFO  util.JmxRegister (JmxRegister.java:tryRegister(44)) - Successfully registered JMX Bean with object name Ratis:service=RaftServer,group=group-4BBCFE22D06D,id=557f9f1f-13f1-4e9a-b9bb-f7fbe560edab
2019-09-26 10:52:06,772 [RatisPipelineUtilsThread] INFO  pipeline.PipelineStateManager (PipelineStateManager.java:addPipeline(56)) - Created pipeline Pipeline[ Id: a8082353-6123-473b-b2f6-4bbcfe22d06d, Nodes: 557f9f1f-13f1-4e9a-b9bb-f7fbe560edab{ip: 192.168.30.13, host: pr-hdds-1569-wvzgm-824869521, networkLocation: /default-rack, certSerialId: null}, Type:RATIS, Factor:ONE, State:OPEN]
2019-09-26 10:52:06,772 [RatisPipelineUtilsThread] INFO  pipeline.PipelinePlacementPolicy (PipelinePlacementPolicy.java:meetCriteria(91)) - Pipeline Placement: can't place more pipeline on heavy datanode： 0c06663d-3a07-4175-8dd2-9d41b1b53b1e Heaviness: 6 limit: 5
2019-09-26 10:52:06,773 [RatisPipelineUtilsThread] INFO  pipeline.PipelinePlacementPolicy (PipelinePlacementPolicy.java:meetCriteria(91)) - Pipeline Placement: can't place more pipeline on heavy datanode： be8031e7-e5bc-4989-a875-174452875862 Heaviness: 6 limit: 5
2019-09-26 10:52:06,773 [RatisPipelineUtilsThread] INFO  pipeline.PipelinePlacementPolicy (PipelinePlacementPolicy.java:meetCriteria(91)) - Pipeline Placement: can't place more pipeline on heavy datanode： 474bca52-b9cd-4602-ad06-63718c1fead5 Heaviness: 6 limit: 5
2019-09-26 10:52:06,773 [RatisPipelineUtilsThread] INFO  pipeline.PipelinePlacementPolicy (PipelinePlacementPolicy.java:meetCriteria(91)) - Pipeline Placement: can't place more pipeline on heavy datanode： c0d2ea87-aa22-42eb-bba4-0246f89d2958 Heaviness: 6 limit: 5
2019-09-26 10:52:06,773 [RatisPipelineUtilsThread] INFO  pipeline.PipelinePlacementPolicy (PipelinePlacementPolicy.java:meetCriteria(91)) - Pipeline Placement: can't place more pipeline on heavy datanode： dd9d2e05-3ffa-4f1c-8a80-938e5f4f3192 Heaviness: 6 limit: 5
2019-09-26 10:52:06,778 [grpc-default-executor-1] INFO  impl.RaftServerProxy (RaftServerProxy.java:addNew(89)) - 557f9f1f-13f1-4e9a-b9bb-f7fbe560edab: addNew group-ECCB59BD8BF7:[557f9f1f-13f1-4e9a-b9bb-f7fbe560edab:192.168.30.13:38394] returns group-ECCB59BD8BF7:java.util.concurrent.CompletableFuture@36a398[Not completed]
2019-09-26 10:52:06,779 [pool-107-thread-1] INFO  impl.RaftServerImpl (RaftServerImpl.java:<init>(95)) - 557f9f1f-13f1-4e9a-b9bb-f7fbe560edab: new RaftServerImpl for group-ECCB59BD8BF7:[557f9f1f-13f1-4e9a-b9bb-f7fbe560edab:192.168.30.13:38394] with ContainerStateMachine:uninitialized
2019-09-26 10:52:06,779 [pool-107-thread-1] INFO  server.RaftServerConfigKeys (ConfUtils.java:logGet(43)) - raft.server.rpc.timeout.min = 5s (custom)
2019-09-26 10:52:06,779 [pool-107-thread-1] INFO  server.RaftServerConfigKeys (ConfUtils.java:logGet(43)) - raft.server.rpc.timeout.max = 5200ms (custom)
2019-09-26 10:52:06,779 [pool-107-thread-1] INFO  server.RaftServerConfigKeys (ConfUtils.java:logGet(43)) - raft.server.rpcslowness.timeout = 120s (custom)
2019-09-26 10:52:06,779 [pool-107-thread-1] INFO  server.RaftServerConfigKeys (ConfUtils.java:logGet(43)) - raft.server.sleep.deviation.threshold = 300 (default)
2019-09-26 10:52:06,779 [pool-107-thread-1] INFO  server.RaftServerConfigKeys (ConfUtils.java:logGet(43)) - raft.server.log.appender.install.snapshot.enabled = false (custom)
2019-09-26 10:52:06,779 [pool-107-thread-1] INFO  impl.RaftServerImpl (ServerState.java:<init>(103)) - 557f9f1f-13f1-4e9a-b9bb-f7fbe560edab@group-ECCB59BD8BF7: ConfigurationManager, init=-1: [557f9f1f-13f1-4e9a-b9bb-f7fbe560edab:192.168.30.13:38394], old=null, confs=<EMPTY_MAP>
2019-09-26 10:52:06,779 [pool-107-thread-1] INFO  server.RaftServerConfigKeys (ConfUtils.java:logGet(43)) - raft.server.storage.dir = [/workdir/hadoop-ozone/ozonefs/target/test-dir/MiniOzoneClusterImpl-b00a5744-6e73-4fa1-a928-c24f0d5ffca4/datanode-8/data/ratis] (custom)
2019-09-26 10:52:06,780 [pool-107-thread-1] INFO  storage.RaftStorageDirectory (RaftStorageDirectory.java:analyzeStorage(246)) - The storage directory /workdir/hadoop-ozone/ozonefs/target/test-dir/MiniOzoneClusterImpl-b00a5744-6e73-4fa1-a928-c24f0d5ffca4/datanode-8/data/ratis/35bb0ce3-7c07-49f7-9b74-eccb59bd8bf7 does not exist. Creating ...
2019-09-26 10:52:06,793 [pool-107-thread-1] INFO  storage.RaftStorageDirectory (RaftStorageDirectory.java:tryLock(328)) - Lock on /workdir/hadoop-ozone/ozonefs/target/test-dir/MiniOzoneClusterImpl-b00a5744-6e73-4fa1-a928-c24f0d5ffca4/datanode-8/data/ratis/35bb0ce3-7c07-49f7-9b74-eccb59bd8bf7/in_use.lock acquired by nodename 31132@pr-hdds-1569-wvzgm-824869521
2019-09-26 10:52:06,806 [pool-107-thread-1] INFO  storage.RaftStorage (RaftStorage.java:format(72)) - Storage directory /workdir/hadoop-ozone/ozonefs/target/test-dir/MiniOzoneClusterImpl-b00a5744-6e73-4fa1-a928-c24f0d5ffca4/datanode-8/data/ratis/35bb0ce3-7c07-49f7-9b74-eccb59bd8bf7 has been successfully formatted.
2019-09-26 10:52:06,806 [pool-107-thread-1] INFO  ratis.ContainerStateMachine (ContainerStateMachine.java:loadSnapshot(230)) - group-ECCB59BD8BF7: The snapshot info is null. Setting the last applied indexto:(t:0, i:~)
2019-09-26 10:52:06,806 [pool-107-thread-1] INFO  server.RaftServerConfigKeys (ConfUtils.java:logGet(43)) - raft.server.notification.no-leader.timeout = 120s (custom)
2019-09-26 10:52:06,806 [pool-107-thread-1] INFO  server.RaftServerConfigKeys (ConfUtils.java:logGet(43)) - raft.server.log.use.memory = false (default)
2019-09-26 10:52:06,806 [pool-107-thread-1] INFO  server.RaftServerConfigKeys (ConfUtils.java:logGet(43)) - raft.server.log.purge.gap = 1000000 (custom)
2019-09-26 10:52:06,807 [pool-107-thread-1] INFO  server.RaftServerConfigKeys (ConfUtils.java:logGet(43)) - raft.server.log.appender.buffer.byte-limit = 33554432 (custom)
2019-09-26 10:52:06,807 [pool-107-thread-1] INFO  server.RaftServerConfigKeys (ConfUtils.java:logGet(43)) - raft.server.log.segment.size.max = 1048576 (custom)
2019-09-26 10:52:06,807 [pool-107-thread-1] INFO  server.RaftServerConfigKeys (ConfUtils.java:logGet(43)) - raft.server.log.segment.cache.num.max = 2 (custom)
2019-09-26 10:52:06,807 [pool-107-thread-1] INFO  segmented.SegmentedRaftLogWorker (SegmentedRaftLogWorker.java:<init>(172)) - new 557f9f1f-13f1-4e9a-b9bb-f7fbe560edab@group-ECCB59BD8BF7-SegmentedRaftLogWorker for RaftStorage:Storage Directory /workdir/hadoop-ozone/ozonefs/target/test-dir/MiniOzoneClusterImpl-b00a5744-6e73-4fa1-a928-c24f0d5ffca4/datanode-8/data/ratis/35bb0ce3-7c07-49f7-9b74-eccb59bd8bf7
2019-09-26 10:52:06,807 [pool-107-thread-1] INFO  server.RaftServerConfigKeys (ConfUtils.java:logGet(43)) - raft.server.log.queue.byte-limit = 2147483647 (custom)
2019-09-26 10:52:06,807 [pool-107-thread-1] INFO  server.RaftServerConfigKeys (ConfUtils.java:logGet(43)) - raft.server.log.queue.element-limit = 1024 (custom)
2019-09-26 10:52:06,807 [pool-107-thread-1] INFO  server.RaftServerConfigKeys (ConfUtils.java:logGet(43)) - raft.server.log.segment.size.max = 1048576 (custom)
2019-09-26 10:52:06,807 [pool-107-thread-1] INFO  server.RaftServerConfigKeys (ConfUtils.java:logGet(43)) - raft.server.log.preallocated.size = 16384 (custom)
2019-09-26 10:52:06,807 [pool-107-thread-1] INFO  server.RaftServerConfigKeys (ConfUtils.java:logGet(43)) - raft.server.log.write.buffer.size = 33554432 (custom)
2019-09-26 10:52:06,808 [pool-107-thread-1] INFO  server.RaftServerConfigKeys (ConfUtils.java:logGet(43)) - raft.server.log.force.sync.num = 128 (default)
2019-09-26 10:52:06,808 [pool-107-thread-1] INFO  server.RaftServerConfigKeys (ConfUtils.java:logGet(43)) - raft.server.log.statemachine.data.sync = true (default)
2019-09-26 10:52:06,808 [pool-107-thread-1] INFO  server.RaftServerConfigKeys (ConfUtils.java:logGet(43)) - raft.server.log.statemachine.data.sync.timeout = 10s (default)
2019-09-26 10:52:06,808 [pool-107-thread-1] INFO  server.RaftServerConfigKeys (ConfUtils.java:logGet(43)) - raft.server.log.statemachine.data.sync.timeout.retry = -1 (default)
2019-09-26 10:52:06,808 [pool-107-thread-1] INFO  server.RaftServerConfigKeys (ConfUtils.java:logGet(43)) - raft.server.log.statemachine.data.caching.enabled = true (custom)
2019-09-26 10:52:06,808 [pool-107-thread-1] INFO  segmented.SegmentedRaftLogWorker (SegmentedRaftLogWorker.java:lambda$new$0(132)) - 557f9f1f-13f1-4e9a-b9bb-f7fbe560edab@group-ECCB59BD8BF7-SegmentedRaftLogWorker: flushIndex: setUnconditionally 0 -> -1
2019-09-26 10:52:06,808 [pool-107-thread-1] INFO  server.RaftServerConfigKeys (ConfUtils.java:logGet(43)) - raft.server.snapshot.auto.trigger.enabled = true (custom)
2019-09-26 10:52:06,809 [pool-107-thread-1] INFO  server.RaftServerConfigKeys (ConfUtils.java:logGet(43)) - raft.server.snapshot.auto.trigger.threshold = 10000 (custom)
2019-09-26 10:52:06,809 [pool-107-thread-1] INFO  server.RaftServerConfigKeys (ConfUtils.java:logGet(43)) - raft.server.snapshot.retention.num.files = 5 (custom)
2019-09-26 10:52:06,809 [pool-107-thread-1] INFO  server.RaftServerConfigKeys (ConfUtils.java:logGet(43)) - raft.server.retrycache.expirytime = 600000ms (custom)
2019-09-26 10:52:06,810 [pool-107-thread-1] INFO  impl.RaftServerImpl (RaftServerImpl.java:start(185)) - 557f9f1f-13f1-4e9a-b9bb-f7fbe560edab@group-ECCB59BD8BF7: start as a follower, conf=-1: [557f9f1f-13f1-4e9a-b9bb-f7fbe560edab:192.168.30.13:38394], old=null
2019-09-26 10:52:06,810 [pool-107-thread-1] INFO  impl.RaftServerImpl (RaftServerImpl.java:setRole(174)) - 557f9f1f-13f1-4e9a-b9bb-f7fbe560edab@group-ECCB59BD8BF7: changes role from      null to FOLLOWER at term 0 for startAsFollower
2019-09-26 10:52:06,810 [pool-107-thread-1] INFO  impl.RoleInfo (RoleInfo.java:updateAndGet(143)) - 557f9f1f-13f1-4e9a-b9bb-f7fbe560edab: start FollowerState
2019-09-26 10:52:06,811 [pool-107-thread-1] INFO  util.JmxRegister (JmxRegister.java:tryRegister(44)) - Successfully registered JMX Bean with object name Ratis:service=RaftServer,group=group-ECCB59BD8BF7,id=557f9f1f-13f1-4e9a-b9bb-f7fbe560edab
2019-09-26 10:52:06,813 [RatisPipelineUtilsThread] INFO  pipeline.PipelineStateManager (PipelineStateManager.java:addPipeline(56)) - Created pipeline Pipeline[ Id: 35bb0ce3-7c07-49f7-9b74-eccb59bd8bf7, Nodes: 557f9f1f-13f1-4e9a-b9bb-f7fbe560edab{ip: 192.168.30.13, host: pr-hdds-1569-wvzgm-824869521, networkLocation: /default-rack, certSerialId: null}, Type:RATIS, Factor:ONE, State:OPEN]
2019-09-26 10:52:06,814 [RatisPipelineUtilsThread] INFO  pipeline.PipelinePlacementPolicy (PipelinePlacementPolicy.java:meetCriteria(91)) - Pipeline Placement: can't place more pipeline on heavy datanode： 557f9f1f-13f1-4e9a-b9bb-f7fbe560edab Heaviness: 6 limit: 5
2019-09-26 10:52:06,814 [RatisPipelineUtilsThread] INFO  pipeline.PipelinePlacementPolicy (PipelinePlacementPolicy.java:meetCriteria(91)) - Pipeline Placement: can't place more pipeline on heavy datanode： 0c06663d-3a07-4175-8dd2-9d41b1b53b1e Heaviness: 6 limit: 5
2019-09-26 10:52:06,814 [RatisPipelineUtilsThread] INFO  pipeline.PipelinePlacementPolicy (PipelinePlacementPolicy.java:meetCriteria(91)) - Pipeline Placement: can't place more pipeline on heavy datanode： be8031e7-e5bc-4989-a875-174452875862 Heaviness: 6 limit: 5
2019-09-26 10:52:06,814 [RatisPipelineUtilsThread] INFO  pipeline.PipelinePlacementPolicy (PipelinePlacementPolicy.java:meetCriteria(91)) - Pipeline Placement: can't place more pipeline on heavy datanode： 474bca52-b9cd-4602-ad06-63718c1fead5 Heaviness: 6 limit: 5
2019-09-26 10:52:06,814 [RatisPipelineUtilsThread] INFO  pipeline.PipelinePlacementPolicy (PipelinePlacementPolicy.java:meetCriteria(91)) - Pipeline Placement: can't place more pipeline on heavy datanode： c0d2ea87-aa22-42eb-bba4-0246f89d2958 Heaviness: 6 limit: 5
2019-09-26 10:52:06,814 [RatisPipelineUtilsThread] INFO  pipeline.PipelinePlacementPolicy (PipelinePlacementPolicy.java:meetCriteria(91)) - Pipeline Placement: can't place more pipeline on heavy datanode： dd9d2e05-3ffa-4f1c-8a80-938e5f4f3192 Heaviness: 6 limit: 5
2019-09-26 10:52:06,820 [grpc-default-executor-1] INFO  impl.RaftServerProxy (RaftServerProxy.java:addNew(89)) - 87e84624-1b40-4389-b682-d98fe76436d1: addNew group-7B55C082E555:[87e84624-1b40-4389-b682-d98fe76436d1:192.168.30.13:32768] returns group-7B55C082E555:java.util.concurrent.CompletableFuture@71192b89[Not completed]
2019-09-26 10:52:06,820 [pool-37-thread-1] INFO  impl.RaftServerImpl (RaftServerImpl.java:<init>(95)) - 87e84624-1b40-4389-b682-d98fe76436d1: new RaftServerImpl for group-7B55C082E555:[87e84624-1b40-4389-b682-d98fe76436d1:192.168.30.13:32768] with ContainerStateMachine:uninitialized
2019-09-26 10:52:06,821 [pool-37-thread-1] INFO  server.RaftServerConfigKeys (ConfUtils.java:logGet(43)) - raft.server.rpc.timeout.min = 5s (custom)
2019-09-26 10:52:06,821 [pool-37-thread-1] INFO  server.RaftServerConfigKeys (ConfUtils.java:logGet(43)) - raft.server.rpc.timeout.max = 5200ms (custom)
2019-09-26 10:52:06,821 [pool-37-thread-1] INFO  server.RaftServerConfigKeys (ConfUtils.java:logGet(43)) - raft.server.rpcslowness.timeout = 120s (custom)
2019-09-26 10:52:06,821 [pool-37-thread-1] INFO  server.RaftServerConfigKeys (ConfUtils.java:logGet(43)) - raft.server.sleep.deviation.threshold = 300 (default)
2019-09-26 10:52:06,821 [pool-37-thread-1] INFO  server.RaftServerConfigKeys (ConfUtils.java:logGet(43)) - raft.server.log.appender.install.snapshot.enabled = false (custom)
2019-09-26 10:52:06,821 [pool-37-thread-1] INFO  impl.RaftServerImpl (ServerState.java:<init>(103)) - 87e84624-1b40-4389-b682-d98fe76436d1@group-7B55C082E555: ConfigurationManager, init=-1: [87e84624-1b40-4389-b682-d98fe76436d1:192.168.30.13:32768], old=null, confs=<EMPTY_MAP>
2019-09-26 10:52:06,821 [pool-37-thread-1] INFO  server.RaftServerConfigKeys (ConfUtils.java:logGet(43)) - raft.server.storage.dir = [/workdir/hadoop-ozone/ozonefs/target/test-dir/MiniOzoneClusterImpl-b00a5744-6e73-4fa1-a928-c24f0d5ffca4/datanode-1/data/ratis] (custom)
2019-09-26 10:52:06,822 [pool-37-thread-1] INFO  storage.RaftStorageDirectory (RaftStorageDirectory.java:analyzeStorage(246)) - The storage directory /workdir/hadoop-ozone/ozonefs/target/test-dir/MiniOzoneClusterImpl-b00a5744-6e73-4fa1-a928-c24f0d5ffca4/datanode-1/data/ratis/2e4a309e-2c64-456a-857a-7b55c082e555 does not exist. Creating ...
2019-09-26 10:52:06,835 [pool-37-thread-1] INFO  storage.RaftStorageDirectory (RaftStorageDirectory.java:tryLock(328)) - Lock on /workdir/hadoop-ozone/ozonefs/target/test-dir/MiniOzoneClusterImpl-b00a5744-6e73-4fa1-a928-c24f0d5ffca4/datanode-1/data/ratis/2e4a309e-2c64-456a-857a-7b55c082e555/in_use.lock acquired by nodename 31132@pr-hdds-1569-wvzgm-824869521
2019-09-26 10:52:06,848 [pool-37-thread-1] INFO  storage.RaftStorage (RaftStorage.java:format(72)) - Storage directory /workdir/hadoop-ozone/ozonefs/target/test-dir/MiniOzoneClusterImpl-b00a5744-6e73-4fa1-a928-c24f0d5ffca4/datanode-1/data/ratis/2e4a309e-2c64-456a-857a-7b55c082e555 has been successfully formatted.
2019-09-26 10:52:06,848 [pool-37-thread-1] INFO  ratis.ContainerStateMachine (ContainerStateMachine.java:loadSnapshot(230)) - group-7B55C082E555: The snapshot info is null. Setting the last applied indexto:(t:0, i:~)
2019-09-26 10:52:06,848 [pool-37-thread-1] INFO  server.RaftServerConfigKeys (ConfUtils.java:logGet(43)) - raft.server.notification.no-leader.timeout = 120s (custom)
2019-09-26 10:52:06,848 [pool-37-thread-1] INFO  server.RaftServerConfigKeys (ConfUtils.java:logGet(43)) - raft.server.log.use.memory = false (default)
2019-09-26 10:52:06,848 [pool-37-thread-1] INFO  server.RaftServerConfigKeys (ConfUtils.java:logGet(43)) - raft.server.log.purge.gap = 1000000 (custom)
2019-09-26 10:52:06,849 [pool-37-thread-1] INFO  server.RaftServerConfigKeys (ConfUtils.java:logGet(43)) - raft.server.log.appender.buffer.byte-limit = 33554432 (custom)
2019-09-26 10:52:06,849 [pool-37-thread-1] INFO  server.RaftServerConfigKeys (ConfUtils.java:logGet(43)) - raft.server.log.segment.size.max = 1048576 (custom)
2019-09-26 10:52:06,849 [pool-37-thread-1] INFO  server.RaftServerConfigKeys (ConfUtils.java:logGet(43)) - raft.server.log.segment.cache.num.max = 2 (custom)
2019-09-26 10:52:06,849 [pool-37-thread-1] INFO  segmented.SegmentedRaftLogWorker (SegmentedRaftLogWorker.java:<init>(172)) - new 87e84624-1b40-4389-b682-d98fe76436d1@group-7B55C082E555-SegmentedRaftLogWorker for RaftStorage:Storage Directory /workdir/hadoop-ozone/ozonefs/target/test-dir/MiniOzoneClusterImpl-b00a5744-6e73-4fa1-a928-c24f0d5ffca4/datanode-1/data/ratis/2e4a309e-2c64-456a-857a-7b55c082e555
2019-09-26 10:52:06,849 [pool-37-thread-1] INFO  server.RaftServerConfigKeys (ConfUtils.java:logGet(43)) - raft.server.log.queue.byte-limit = 2147483647 (custom)
2019-09-26 10:52:06,849 [pool-37-thread-1] INFO  server.RaftServerConfigKeys (ConfUtils.java:logGet(43)) - raft.server.log.queue.element-limit = 1024 (custom)
2019-09-26 10:52:06,849 [pool-37-thread-1] INFO  server.RaftServerConfigKeys (ConfUtils.java:logGet(43)) - raft.server.log.segment.size.max = 1048576 (custom)
2019-09-26 10:52:06,849 [pool-37-thread-1] INFO  server.RaftServerConfigKeys (ConfUtils.java:logGet(43)) - raft.server.log.preallocated.size = 16384 (custom)
2019-09-26 10:52:06,850 [pool-37-thread-1] INFO  server.RaftServerConfigKeys (ConfUtils.java:logGet(43)) - raft.server.log.write.buffer.size = 33554432 (custom)
2019-09-26 10:52:06,850 [pool-37-thread-1] INFO  server.RaftServerConfigKeys (ConfUtils.java:logGet(43)) - raft.server.log.force.sync.num = 128 (default)
2019-09-26 10:52:06,850 [pool-37-thread-1] INFO  server.RaftServerConfigKeys (ConfUtils.java:logGet(43)) - raft.server.log.statemachine.data.sync = true (default)
2019-09-26 10:52:06,850 [pool-37-thread-1] INFO  server.RaftServerConfigKeys (ConfUtils.java:logGet(43)) - raft.server.log.statemachine.data.sync.timeout = 10s (default)
2019-09-26 10:52:06,850 [pool-37-thread-1] INFO  server.RaftServerConfigKeys (ConfUtils.java:logGet(43)) - raft.server.log.statemachine.data.sync.timeout.retry = -1 (default)
2019-09-26 10:52:06,850 [pool-37-thread-1] INFO  server.RaftServerConfigKeys (ConfUtils.java:logGet(43)) - raft.server.log.statemachine.data.caching.enabled = true (custom)
2019-09-26 10:52:06,850 [pool-37-thread-1] INFO  segmented.SegmentedRaftLogWorker (SegmentedRaftLogWorker.java:lambda$new$0(132)) - 87e84624-1b40-4389-b682-d98fe76436d1@group-7B55C082E555-SegmentedRaftLogWorker: flushIndex: setUnconditionally 0 -> -1
2019-09-26 10:52:06,851 [pool-37-thread-1] INFO  server.RaftServerConfigKeys (ConfUtils.java:logGet(43)) - raft.server.snapshot.auto.trigger.enabled = true (custom)
2019-09-26 10:52:06,851 [pool-37-thread-1] INFO  server.RaftServerConfigKeys (ConfUtils.java:logGet(43)) - raft.server.snapshot.auto.trigger.threshold = 10000 (custom)
2019-09-26 10:52:06,851 [pool-37-thread-1] INFO  server.RaftServerConfigKeys (ConfUtils.java:logGet(43)) - raft.server.snapshot.retention.num.files = 5 (custom)
2019-09-26 10:52:06,851 [pool-37-thread-1] INFO  server.RaftServerConfigKeys (ConfUtils.java:logGet(43)) - raft.server.retrycache.expirytime = 600000ms (custom)
2019-09-26 10:52:06,853 [pool-37-thread-1] INFO  impl.RaftServerImpl (RaftServerImpl.java:start(185)) - 87e84624-1b40-4389-b682-d98fe76436d1@group-7B55C082E555: start as a follower, conf=-1: [87e84624-1b40-4389-b682-d98fe76436d1:192.168.30.13:32768], old=null
2019-09-26 10:52:06,853 [pool-37-thread-1] INFO  impl.RaftServerImpl (RaftServerImpl.java:setRole(174)) - 87e84624-1b40-4389-b682-d98fe76436d1@group-7B55C082E555: changes role from      null to FOLLOWER at term 0 for startAsFollower
2019-09-26 10:52:06,853 [pool-37-thread-1] INFO  impl.RoleInfo (RoleInfo.java:updateAndGet(143)) - 87e84624-1b40-4389-b682-d98fe76436d1: start FollowerState
2019-09-26 10:52:06,853 [pool-37-thread-1] INFO  util.JmxRegister (JmxRegister.java:tryRegister(44)) - Successfully registered JMX Bean with object name Ratis:service=RaftServer,group=group-7B55C082E555,id=87e84624-1b40-4389-b682-d98fe76436d1
2019-09-26 10:52:06,856 [RatisPipelineUtilsThread] INFO  pipeline.PipelineStateManager (PipelineStateManager.java:addPipeline(56)) - Created pipeline Pipeline[ Id: 2e4a309e-2c64-456a-857a-7b55c082e555, Nodes: 87e84624-1b40-4389-b682-d98fe76436d1{ip: 192.168.30.13, host: pr-hdds-1569-wvzgm-824869521, networkLocation: /default-rack, certSerialId: null}, Type:RATIS, Factor:ONE, State:OPEN]
2019-09-26 10:52:06,856 [RatisPipelineUtilsThread] INFO  pipeline.PipelinePlacementPolicy (PipelinePlacementPolicy.java:meetCriteria(91)) - Pipeline Placement: can't place more pipeline on heavy datanode： 557f9f1f-13f1-4e9a-b9bb-f7fbe560edab Heaviness: 6 limit: 5
2019-09-26 10:52:06,857 [RatisPipelineUtilsThread] INFO  pipeline.PipelinePlacementPolicy (PipelinePlacementPolicy.java:meetCriteria(91)) - Pipeline Placement: can't place more pipeline on heavy datanode： 0c06663d-3a07-4175-8dd2-9d41b1b53b1e Heaviness: 6 limit: 5
2019-09-26 10:52:06,857 [RatisPipelineUtilsThread] INFO  pipeline.PipelinePlacementPolicy (PipelinePlacementPolicy.java:meetCriteria(91)) - Pipeline Placement: can't place more pipeline on heavy datanode： be8031e7-e5bc-4989-a875-174452875862 Heaviness: 6 limit: 5
2019-09-26 10:52:06,857 [RatisPipelineUtilsThread] INFO  pipeline.PipelinePlacementPolicy (PipelinePlacementPolicy.java:meetCriteria(91)) - Pipeline Placement: can't place more pipeline on heavy datanode： 474bca52-b9cd-4602-ad06-63718c1fead5 Heaviness: 6 limit: 5
2019-09-26 10:52:06,857 [RatisPipelineUtilsThread] INFO  pipeline.PipelinePlacementPolicy (PipelinePlacementPolicy.java:meetCriteria(91)) - Pipeline Placement: can't place more pipeline on heavy datanode： c0d2ea87-aa22-42eb-bba4-0246f89d2958 Heaviness: 6 limit: 5
2019-09-26 10:52:06,857 [RatisPipelineUtilsThread] INFO  pipeline.PipelinePlacementPolicy (PipelinePlacementPolicy.java:meetCriteria(91)) - Pipeline Placement: can't place more pipeline on heavy datanode： dd9d2e05-3ffa-4f1c-8a80-938e5f4f3192 Heaviness: 6 limit: 5
2019-09-26 10:52:06,863 [grpc-default-executor-1] INFO  impl.RaftServerProxy (RaftServerProxy.java:addNew(89)) - 74579fe5-f222-4a32-8361-e642639fe135: addNew group-2133CA8B1F8F:[74579fe5-f222-4a32-8361-e642639fe135:192.168.30.13:36553] returns group-2133CA8B1F8F:java.util.concurrent.CompletableFuture@691eb5b9[Not completed]
2019-09-26 10:52:06,864 [pool-87-thread-1] INFO  impl.RaftServerImpl (RaftServerImpl.java:<init>(95)) - 74579fe5-f222-4a32-8361-e642639fe135: new RaftServerImpl for group-2133CA8B1F8F:[74579fe5-f222-4a32-8361-e642639fe135:192.168.30.13:36553] with ContainerStateMachine:uninitialized
2019-09-26 10:52:06,864 [pool-87-thread-1] INFO  server.RaftServerConfigKeys (ConfUtils.java:logGet(43)) - raft.server.rpc.timeout.min = 5s (custom)
2019-09-26 10:52:06,864 [pool-87-thread-1] INFO  server.RaftServerConfigKeys (ConfUtils.java:logGet(43)) - raft.server.rpc.timeout.max = 5200ms (custom)
2019-09-26 10:52:06,865 [pool-87-thread-1] INFO  server.RaftServerConfigKeys (ConfUtils.java:logGet(43)) - raft.server.rpcslowness.timeout = 120s (custom)
2019-09-26 10:52:06,865 [pool-87-thread-1] INFO  server.RaftServerConfigKeys (ConfUtils.java:logGet(43)) - raft.server.sleep.deviation.threshold = 300 (default)
2019-09-26 10:52:06,865 [pool-87-thread-1] INFO  server.RaftServerConfigKeys (ConfUtils.java:logGet(43)) - raft.server.log.appender.install.snapshot.enabled = false (custom)
2019-09-26 10:52:06,865 [pool-87-thread-1] INFO  impl.RaftServerImpl (ServerState.java:<init>(103)) - 74579fe5-f222-4a32-8361-e642639fe135@group-2133CA8B1F8F: ConfigurationManager, init=-1: [74579fe5-f222-4a32-8361-e642639fe135:192.168.30.13:36553], old=null, confs=<EMPTY_MAP>
2019-09-26 10:52:06,865 [pool-87-thread-1] INFO  server.RaftServerConfigKeys (ConfUtils.java:logGet(43)) - raft.server.storage.dir = [/workdir/hadoop-ozone/ozonefs/target/test-dir/MiniOzoneClusterImpl-b00a5744-6e73-4fa1-a928-c24f0d5ffca4/datanode-6/data/ratis] (custom)
2019-09-26 10:52:06,866 [pool-87-thread-1] INFO  storage.RaftStorageDirectory (RaftStorageDirectory.java:analyzeStorage(246)) - The storage directory /workdir/hadoop-ozone/ozonefs/target/test-dir/MiniOzoneClusterImpl-b00a5744-6e73-4fa1-a928-c24f0d5ffca4/datanode-6/data/ratis/168736be-dc7c-4462-9dbe-2133ca8b1f8f does not exist. Creating ...
2019-09-26 10:52:06,879 [pool-87-thread-1] INFO  storage.RaftStorageDirectory (RaftStorageDirectory.java:tryLock(328)) - Lock on /workdir/hadoop-ozone/ozonefs/target/test-dir/MiniOzoneClusterImpl-b00a5744-6e73-4fa1-a928-c24f0d5ffca4/datanode-6/data/ratis/168736be-dc7c-4462-9dbe-2133ca8b1f8f/in_use.lock acquired by nodename 31132@pr-hdds-1569-wvzgm-824869521
2019-09-26 10:52:06,911 [pool-87-thread-1] INFO  storage.RaftStorage (RaftStorage.java:format(72)) - Storage directory /workdir/hadoop-ozone/ozonefs/target/test-dir/MiniOzoneClusterImpl-b00a5744-6e73-4fa1-a928-c24f0d5ffca4/datanode-6/data/ratis/168736be-dc7c-4462-9dbe-2133ca8b1f8f has been successfully formatted.
2019-09-26 10:52:06,912 [pool-87-thread-1] INFO  ratis.ContainerStateMachine (ContainerStateMachine.java:loadSnapshot(230)) - group-2133CA8B1F8F: The snapshot info is null. Setting the last applied indexto:(t:0, i:~)
2019-09-26 10:52:06,912 [pool-87-thread-1] INFO  server.RaftServerConfigKeys (ConfUtils.java:logGet(43)) - raft.server.notification.no-leader.timeout = 120s (custom)
2019-09-26 10:52:06,912 [pool-87-thread-1] INFO  server.RaftServerConfigKeys (ConfUtils.java:logGet(43)) - raft.server.log.use.memory = false (default)
2019-09-26 10:52:06,912 [pool-87-thread-1] INFO  server.RaftServerConfigKeys (ConfUtils.java:logGet(43)) - raft.server.log.purge.gap = 1000000 (custom)
2019-09-26 10:52:06,912 [pool-87-thread-1] INFO  server.RaftServerConfigKeys (ConfUtils.java:logGet(43)) - raft.server.log.appender.buffer.byte-limit = 33554432 (custom)
2019-09-26 10:52:06,912 [pool-87-thread-1] INFO  server.RaftServerConfigKeys (ConfUtils.java:logGet(43)) - raft.server.log.segment.size.max = 1048576 (custom)
2019-09-26 10:52:06,912 [pool-87-thread-1] INFO  server.RaftServerConfigKeys (ConfUtils.java:logGet(43)) - raft.server.log.segment.cache.num.max = 2 (custom)
2019-09-26 10:52:06,913 [pool-87-thread-1] INFO  segmented.SegmentedRaftLogWorker (SegmentedRaftLogWorker.java:<init>(172)) - new 74579fe5-f222-4a32-8361-e642639fe135@group-2133CA8B1F8F-SegmentedRaftLogWorker for RaftStorage:Storage Directory /workdir/hadoop-ozone/ozonefs/target/test-dir/MiniOzoneClusterImpl-b00a5744-6e73-4fa1-a928-c24f0d5ffca4/datanode-6/data/ratis/168736be-dc7c-4462-9dbe-2133ca8b1f8f
2019-09-26 10:52:06,913 [pool-87-thread-1] INFO  server.RaftServerConfigKeys (ConfUtils.java:logGet(43)) - raft.server.log.queue.byte-limit = 2147483647 (custom)
2019-09-26 10:52:06,913 [pool-87-thread-1] INFO  server.RaftServerConfigKeys (ConfUtils.java:logGet(43)) - raft.server.log.queue.element-limit = 1024 (custom)
2019-09-26 10:52:06,913 [pool-87-thread-1] INFO  server.RaftServerConfigKeys (ConfUtils.java:logGet(43)) - raft.server.log.segment.size.max = 1048576 (custom)
2019-09-26 10:52:06,913 [pool-87-thread-1] INFO  server.RaftServerConfigKeys (ConfUtils.java:logGet(43)) - raft.server.log.preallocated.size = 16384 (custom)
2019-09-26 10:52:06,913 [pool-87-thread-1] INFO  server.RaftServerConfigKeys (ConfUtils.java:logGet(43)) - raft.server.log.write.buffer.size = 33554432 (custom)
2019-09-26 10:52:06,913 [pool-87-thread-1] INFO  server.RaftServerConfigKeys (ConfUtils.java:logGet(43)) - raft.server.log.force.sync.num = 128 (default)
2019-09-26 10:52:06,913 [pool-87-thread-1] INFO  server.RaftServerConfigKeys (ConfUtils.java:logGet(43)) - raft.server.log.statemachine.data.sync = true (default)
2019-09-26 10:52:06,913 [pool-87-thread-1] INFO  server.RaftServerConfigKeys (ConfUtils.java:logGet(43)) - raft.server.log.statemachine.data.sync.timeout = 10s (default)
2019-09-26 10:52:06,913 [pool-87-thread-1] INFO  server.RaftServerConfigKeys (ConfUtils.java:logGet(43)) - raft.server.log.statemachine.data.sync.timeout.retry = -1 (default)
2019-09-26 10:52:06,914 [pool-87-thread-1] INFO  server.RaftServerConfigKeys (ConfUtils.java:logGet(43)) - raft.server.log.statemachine.data.caching.enabled = true (custom)
2019-09-26 10:52:06,914 [pool-87-thread-1] INFO  segmented.SegmentedRaftLogWorker (SegmentedRaftLogWorker.java:lambda$new$0(132)) - 74579fe5-f222-4a32-8361-e642639fe135@group-2133CA8B1F8F-SegmentedRaftLogWorker: flushIndex: setUnconditionally 0 -> -1
2019-09-26 10:52:06,914 [pool-87-thread-1] INFO  server.RaftServerConfigKeys (ConfUtils.java:logGet(43)) - raft.server.snapshot.auto.trigger.enabled = true (custom)
2019-09-26 10:52:06,914 [pool-87-thread-1] INFO  server.RaftServerConfigKeys (ConfUtils.java:logGet(43)) - raft.server.snapshot.auto.trigger.threshold = 10000 (custom)
2019-09-26 10:52:06,914 [pool-87-thread-1] INFO  server.RaftServerConfigKeys (ConfUtils.java:logGet(43)) - raft.server.snapshot.retention.num.files = 5 (custom)
2019-09-26 10:52:06,915 [pool-87-thread-1] INFO  server.RaftServerConfigKeys (ConfUtils.java:logGet(43)) - raft.server.retrycache.expirytime = 600000ms (custom)
2019-09-26 10:52:06,917 [pool-87-thread-1] INFO  impl.RaftServerImpl (RaftServerImpl.java:start(185)) - 74579fe5-f222-4a32-8361-e642639fe135@group-2133CA8B1F8F: start as a follower, conf=-1: [74579fe5-f222-4a32-8361-e642639fe135:192.168.30.13:36553], old=null
2019-09-26 10:52:06,917 [pool-87-thread-1] INFO  impl.RaftServerImpl (RaftServerImpl.java:setRole(174)) - 74579fe5-f222-4a32-8361-e642639fe135@group-2133CA8B1F8F: changes role from      null to FOLLOWER at term 0 for startAsFollower
2019-09-26 10:52:06,917 [pool-87-thread-1] INFO  impl.RoleInfo (RoleInfo.java:updateAndGet(143)) - 74579fe5-f222-4a32-8361-e642639fe135: start FollowerState
2019-09-26 10:52:06,917 [pool-87-thread-1] INFO  util.JmxRegister (JmxRegister.java:tryRegister(44)) - Successfully registered JMX Bean with object name Ratis:service=RaftServer,group=group-2133CA8B1F8F,id=74579fe5-f222-4a32-8361-e642639fe135
2019-09-26 10:52:06,920 [RatisPipelineUtilsThread] INFO  pipeline.PipelineStateManager (PipelineStateManager.java:addPipeline(56)) - Created pipeline Pipeline[ Id: 168736be-dc7c-4462-9dbe-2133ca8b1f8f, Nodes: 74579fe5-f222-4a32-8361-e642639fe135{ip: 192.168.30.13, host: pr-hdds-1569-wvzgm-824869521, networkLocation: /default-rack, certSerialId: null}, Type:RATIS, Factor:ONE, State:OPEN]
2019-09-26 10:52:06,920 [RatisPipelineUtilsThread] INFO  pipeline.PipelinePlacementPolicy (PipelinePlacementPolicy.java:meetCriteria(91)) - Pipeline Placement: can't place more pipeline on heavy datanode： 557f9f1f-13f1-4e9a-b9bb-f7fbe560edab Heaviness: 6 limit: 5
2019-09-26 10:52:06,921 [RatisPipelineUtilsThread] INFO  pipeline.PipelinePlacementPolicy (PipelinePlacementPolicy.java:meetCriteria(91)) - Pipeline Placement: can't place more pipeline on heavy datanode： 0c06663d-3a07-4175-8dd2-9d41b1b53b1e Heaviness: 6 limit: 5
2019-09-26 10:52:06,921 [RatisPipelineUtilsThread] INFO  pipeline.PipelinePlacementPolicy (PipelinePlacementPolicy.java:meetCriteria(91)) - Pipeline Placement: can't place more pipeline on heavy datanode： be8031e7-e5bc-4989-a875-174452875862 Heaviness: 6 limit: 5
2019-09-26 10:52:06,921 [RatisPipelineUtilsThread] INFO  pipeline.PipelinePlacementPolicy (PipelinePlacementPolicy.java:meetCriteria(91)) - Pipeline Placement: can't place more pipeline on heavy datanode： 474bca52-b9cd-4602-ad06-63718c1fead5 Heaviness: 6 limit: 5
2019-09-26 10:52:06,921 [RatisPipelineUtilsThread] INFO  pipeline.PipelinePlacementPolicy (PipelinePlacementPolicy.java:meetCriteria(91)) - Pipeline Placement: can't place more pipeline on heavy datanode： c0d2ea87-aa22-42eb-bba4-0246f89d2958 Heaviness: 6 limit: 5
2019-09-26 10:52:06,921 [RatisPipelineUtilsThread] INFO  pipeline.PipelinePlacementPolicy (PipelinePlacementPolicy.java:meetCriteria(91)) - Pipeline Placement: can't place more pipeline on heavy datanode： 74579fe5-f222-4a32-8361-e642639fe135 Heaviness: 6 limit: 5
2019-09-26 10:52:06,921 [RatisPipelineUtilsThread] INFO  pipeline.PipelinePlacementPolicy (PipelinePlacementPolicy.java:meetCriteria(91)) - Pipeline Placement: can't place more pipeline on heavy datanode： dd9d2e05-3ffa-4f1c-8a80-938e5f4f3192 Heaviness: 6 limit: 5
2019-09-26 10:52:06,927 [grpc-default-executor-1] INFO  impl.RaftServerProxy (RaftServerProxy.java:addNew(89)) - 87e84624-1b40-4389-b682-d98fe76436d1: addNew group-567E5BAAB519:[87e84624-1b40-4389-b682-d98fe76436d1:192.168.30.13:32768] returns group-567E5BAAB519:java.util.concurrent.CompletableFuture@16b26d7b[Not completed]
2019-09-26 10:52:06,928 [pool-37-thread-1] INFO  impl.RaftServerImpl (RaftServerImpl.java:<init>(95)) - 87e84624-1b40-4389-b682-d98fe76436d1: new RaftServerImpl for group-567E5BAAB519:[87e84624-1b40-4389-b682-d98fe76436d1:192.168.30.13:32768] with ContainerStateMachine:uninitialized
2019-09-26 10:52:06,928 [pool-37-thread-1] INFO  server.RaftServerConfigKeys (ConfUtils.java:logGet(43)) - raft.server.rpc.timeout.min = 5s (custom)
2019-09-26 10:52:06,928 [pool-37-thread-1] INFO  server.RaftServerConfigKeys (ConfUtils.java:logGet(43)) - raft.server.rpc.timeout.max = 5200ms (custom)
2019-09-26 10:52:06,928 [pool-37-thread-1] INFO  server.RaftServerConfigKeys (ConfUtils.java:logGet(43)) - raft.server.rpcslowness.timeout = 120s (custom)
2019-09-26 10:52:06,928 [pool-37-thread-1] INFO  server.RaftServerConfigKeys (ConfUtils.java:logGet(43)) - raft.server.sleep.deviation.threshold = 300 (default)
2019-09-26 10:52:06,928 [pool-37-thread-1] INFO  server.RaftServerConfigKeys (ConfUtils.java:logGet(43)) - raft.server.log.appender.install.snapshot.enabled = false (custom)
2019-09-26 10:52:06,928 [pool-37-thread-1] INFO  impl.RaftServerImpl (ServerState.java:<init>(103)) - 87e84624-1b40-4389-b682-d98fe76436d1@group-567E5BAAB519: ConfigurationManager, init=-1: [87e84624-1b40-4389-b682-d98fe76436d1:192.168.30.13:32768], old=null, confs=<EMPTY_MAP>
2019-09-26 10:52:06,929 [pool-37-thread-1] INFO  server.RaftServerConfigKeys (ConfUtils.java:logGet(43)) - raft.server.storage.dir = [/workdir/hadoop-ozone/ozonefs/target/test-dir/MiniOzoneClusterImpl-b00a5744-6e73-4fa1-a928-c24f0d5ffca4/datanode-1/data/ratis] (custom)
2019-09-26 10:52:06,929 [pool-37-thread-1] INFO  storage.RaftStorageDirectory (RaftStorageDirectory.java:analyzeStorage(246)) - The storage directory /workdir/hadoop-ozone/ozonefs/target/test-dir/MiniOzoneClusterImpl-b00a5744-6e73-4fa1-a928-c24f0d5ffca4/datanode-1/data/ratis/4357faa1-e09d-495b-bc0d-567e5baab519 does not exist. Creating ...
2019-09-26 10:52:06,942 [pool-37-thread-1] INFO  storage.RaftStorageDirectory (RaftStorageDirectory.java:tryLock(328)) - Lock on /workdir/hadoop-ozone/ozonefs/target/test-dir/MiniOzoneClusterImpl-b00a5744-6e73-4fa1-a928-c24f0d5ffca4/datanode-1/data/ratis/4357faa1-e09d-495b-bc0d-567e5baab519/in_use.lock acquired by nodename 31132@pr-hdds-1569-wvzgm-824869521
2019-09-26 10:52:06,955 [pool-37-thread-1] INFO  storage.RaftStorage (RaftStorage.java:format(72)) - Storage directory /workdir/hadoop-ozone/ozonefs/target/test-dir/MiniOzoneClusterImpl-b00a5744-6e73-4fa1-a928-c24f0d5ffca4/datanode-1/data/ratis/4357faa1-e09d-495b-bc0d-567e5baab519 has been successfully formatted.
2019-09-26 10:52:06,955 [pool-37-thread-1] INFO  ratis.ContainerStateMachine (ContainerStateMachine.java:loadSnapshot(230)) - group-567E5BAAB519: The snapshot info is null. Setting the last applied indexto:(t:0, i:~)
2019-09-26 10:52:06,955 [pool-37-thread-1] INFO  server.RaftServerConfigKeys (ConfUtils.java:logGet(43)) - raft.server.notification.no-leader.timeout = 120s (custom)
2019-09-26 10:52:06,955 [pool-37-thread-1] INFO  server.RaftServerConfigKeys (ConfUtils.java:logGet(43)) - raft.server.log.use.memory = false (default)
2019-09-26 10:52:06,956 [pool-37-thread-1] INFO  server.RaftServerConfigKeys (ConfUtils.java:logGet(43)) - raft.server.log.purge.gap = 1000000 (custom)
2019-09-26 10:52:06,956 [pool-37-thread-1] INFO  server.RaftServerConfigKeys (ConfUtils.java:logGet(43)) - raft.server.log.appender.buffer.byte-limit = 33554432 (custom)
2019-09-26 10:52:06,956 [pool-37-thread-1] INFO  server.RaftServerConfigKeys (ConfUtils.java:logGet(43)) - raft.server.log.segment.size.max = 1048576 (custom)
2019-09-26 10:52:06,956 [pool-37-thread-1] INFO  server.RaftServerConfigKeys (ConfUtils.java:logGet(43)) - raft.server.log.segment.cache.num.max = 2 (custom)
2019-09-26 10:52:06,956 [pool-37-thread-1] INFO  segmented.SegmentedRaftLogWorker (SegmentedRaftLogWorker.java:<init>(172)) - new 87e84624-1b40-4389-b682-d98fe76436d1@group-567E5BAAB519-SegmentedRaftLogWorker for RaftStorage:Storage Directory /workdir/hadoop-ozone/ozonefs/target/test-dir/MiniOzoneClusterImpl-b00a5744-6e73-4fa1-a928-c24f0d5ffca4/datanode-1/data/ratis/4357faa1-e09d-495b-bc0d-567e5baab519
2019-09-26 10:52:06,956 [pool-37-thread-1] INFO  server.RaftServerConfigKeys (ConfUtils.java:logGet(43)) - raft.server.log.queue.byte-limit = 2147483647 (custom)
2019-09-26 10:52:06,956 [pool-37-thread-1] INFO  server.RaftServerConfigKeys (ConfUtils.java:logGet(43)) - raft.server.log.queue.element-limit = 1024 (custom)
2019-09-26 10:52:06,957 [pool-37-thread-1] INFO  server.RaftServerConfigKeys (ConfUtils.java:logGet(43)) - raft.server.log.segment.size.max = 1048576 (custom)
2019-09-26 10:52:06,957 [pool-37-thread-1] INFO  server.RaftServerConfigKeys (ConfUtils.java:logGet(43)) - raft.server.log.preallocated.size = 16384 (custom)
2019-09-26 10:52:06,957 [pool-37-thread-1] INFO  server.RaftServerConfigKeys (ConfUtils.java:logGet(43)) - raft.server.log.write.buffer.size = 33554432 (custom)
2019-09-26 10:52:06,957 [pool-37-thread-1] INFO  server.RaftServerConfigKeys (ConfUtils.java:logGet(43)) - raft.server.log.force.sync.num = 128 (default)
2019-09-26 10:52:06,957 [pool-37-thread-1] INFO  server.RaftServerConfigKeys (ConfUtils.java:logGet(43)) - raft.server.log.statemachine.data.sync = true (default)
2019-09-26 10:52:06,957 [pool-37-thread-1] INFO  server.RaftServerConfigKeys (ConfUtils.java:logGet(43)) - raft.server.log.statemachine.data.sync.timeout = 10s (default)
2019-09-26 10:52:06,957 [pool-37-thread-1] INFO  server.RaftServerConfigKeys (ConfUtils.java:logGet(43)) - raft.server.log.statemachine.data.sync.timeout.retry = -1 (default)
2019-09-26 10:52:06,958 [pool-37-thread-1] INFO  server.RaftServerConfigKeys (ConfUtils.java:logGet(43)) - raft.server.log.statemachine.data.caching.enabled = true (custom)
2019-09-26 10:52:06,958 [pool-37-thread-1] INFO  segmented.SegmentedRaftLogWorker (SegmentedRaftLogWorker.java:lambda$new$0(132)) - 87e84624-1b40-4389-b682-d98fe76436d1@group-567E5BAAB519-SegmentedRaftLogWorker: flushIndex: setUnconditionally 0 -> -1
2019-09-26 10:52:06,958 [pool-37-thread-1] INFO  server.RaftServerConfigKeys (ConfUtils.java:logGet(43)) - raft.server.snapshot.auto.trigger.enabled = true (custom)
2019-09-26 10:52:06,958 [pool-37-thread-1] INFO  server.RaftServerConfigKeys (ConfUtils.java:logGet(43)) - raft.server.snapshot.auto.trigger.threshold = 10000 (custom)
2019-09-26 10:52:06,959 [pool-37-thread-1] INFO  server.RaftServerConfigKeys (ConfUtils.java:logGet(43)) - raft.server.snapshot.retention.num.files = 5 (custom)
2019-09-26 10:52:06,959 [pool-37-thread-1] INFO  server.RaftServerConfigKeys (ConfUtils.java:logGet(43)) - raft.server.retrycache.expirytime = 600000ms (custom)
2019-09-26 10:52:06,961 [pool-37-thread-1] INFO  impl.RaftServerImpl (RaftServerImpl.java:start(185)) - 87e84624-1b40-4389-b682-d98fe76436d1@group-567E5BAAB519: start as a follower, conf=-1: [87e84624-1b40-4389-b682-d98fe76436d1:192.168.30.13:32768], old=null
2019-09-26 10:52:06,961 [pool-37-thread-1] INFO  impl.RaftServerImpl (RaftServerImpl.java:setRole(174)) - 87e84624-1b40-4389-b682-d98fe76436d1@group-567E5BAAB519: changes role from      null to FOLLOWER at term 0 for startAsFollower
2019-09-26 10:52:06,961 [pool-37-thread-1] INFO  impl.RoleInfo (RoleInfo.java:updateAndGet(143)) - 87e84624-1b40-4389-b682-d98fe76436d1: start FollowerState
2019-09-26 10:52:06,962 [pool-37-thread-1] INFO  util.JmxRegister (JmxRegister.java:tryRegister(44)) - Successfully registered JMX Bean with object name Ratis:service=RaftServer,group=group-567E5BAAB519,id=87e84624-1b40-4389-b682-d98fe76436d1
2019-09-26 10:52:06,965 [RatisPipelineUtilsThread] INFO  pipeline.PipelineStateManager (PipelineStateManager.java:addPipeline(56)) - Created pipeline Pipeline[ Id: 4357faa1-e09d-495b-bc0d-567e5baab519, Nodes: 87e84624-1b40-4389-b682-d98fe76436d1{ip: 192.168.30.13, host: pr-hdds-1569-wvzgm-824869521, networkLocation: /default-rack, certSerialId: null}, Type:RATIS, Factor:ONE, State:OPEN]
2019-09-26 10:52:06,965 [RatisPipelineUtilsThread] INFO  pipeline.PipelinePlacementPolicy (PipelinePlacementPolicy.java:meetCriteria(91)) - Pipeline Placement: can't place more pipeline on heavy datanode： 557f9f1f-13f1-4e9a-b9bb-f7fbe560edab Heaviness: 6 limit: 5
2019-09-26 10:52:06,965 [RatisPipelineUtilsThread] INFO  pipeline.PipelinePlacementPolicy (PipelinePlacementPolicy.java:meetCriteria(91)) - Pipeline Placement: can't place more pipeline on heavy datanode： 0c06663d-3a07-4175-8dd2-9d41b1b53b1e Heaviness: 6 limit: 5
2019-09-26 10:52:06,965 [RatisPipelineUtilsThread] INFO  pipeline.PipelinePlacementPolicy (PipelinePlacementPolicy.java:meetCriteria(91)) - Pipeline Placement: can't place more pipeline on heavy datanode： be8031e7-e5bc-4989-a875-174452875862 Heaviness: 6 limit: 5
2019-09-26 10:52:06,966 [RatisPipelineUtilsThread] INFO  pipeline.PipelinePlacementPolicy (PipelinePlacementPolicy.java:meetCriteria(91)) - Pipeline Placement: can't place more pipeline on heavy datanode： 474bca52-b9cd-4602-ad06-63718c1fead5 Heaviness: 6 limit: 5
2019-09-26 10:52:06,966 [RatisPipelineUtilsThread] INFO  pipeline.PipelinePlacementPolicy (PipelinePlacementPolicy.java:meetCriteria(91)) - Pipeline Placement: can't place more pipeline on heavy datanode： c0d2ea87-aa22-42eb-bba4-0246f89d2958 Heaviness: 6 limit: 5
2019-09-26 10:52:06,966 [RatisPipelineUtilsThread] INFO  pipeline.PipelinePlacementPolicy (PipelinePlacementPolicy.java:meetCriteria(91)) - Pipeline Placement: can't place more pipeline on heavy datanode： 74579fe5-f222-4a32-8361-e642639fe135 Heaviness: 6 limit: 5
2019-09-26 10:52:06,966 [RatisPipelineUtilsThread] INFO  pipeline.PipelinePlacementPolicy (PipelinePlacementPolicy.java:meetCriteria(91)) - Pipeline Placement: can't place more pipeline on heavy datanode： 87e84624-1b40-4389-b682-d98fe76436d1 Heaviness: 6 limit: 5
2019-09-26 10:52:06,966 [RatisPipelineUtilsThread] INFO  pipeline.PipelinePlacementPolicy (PipelinePlacementPolicy.java:meetCriteria(91)) - Pipeline Placement: can't place more pipeline on heavy datanode： dd9d2e05-3ffa-4f1c-8a80-938e5f4f3192 Heaviness: 6 limit: 5
2019-09-26 10:52:06,972 [grpc-default-executor-1] INFO  impl.RaftServerProxy (RaftServerProxy.java:addNew(89)) - 2253380d-6ddc-421c-86f6-26acdb90a8c4: addNew group-8DC672539119:[2253380d-6ddc-421c-86f6-26acdb90a8c4:192.168.30.13:39629] returns group-8DC672539119:java.util.concurrent.CompletableFuture@5971f1e7[Not completed]
2019-09-26 10:52:06,973 [pool-57-thread-1] INFO  impl.RaftServerImpl (RaftServerImpl.java:<init>(95)) - 2253380d-6ddc-421c-86f6-26acdb90a8c4: new RaftServerImpl for group-8DC672539119:[2253380d-6ddc-421c-86f6-26acdb90a8c4:192.168.30.13:39629] with ContainerStateMachine:uninitialized
2019-09-26 10:52:06,974 [pool-57-thread-1] INFO  server.RaftServerConfigKeys (ConfUtils.java:logGet(43)) - raft.server.rpc.timeout.min = 5s (custom)
2019-09-26 10:52:06,974 [pool-57-thread-1] INFO  server.RaftServerConfigKeys (ConfUtils.java:logGet(43)) - raft.server.rpc.timeout.max = 5200ms (custom)
2019-09-26 10:52:06,974 [pool-57-thread-1] INFO  server.RaftServerConfigKeys (ConfUtils.java:logGet(43)) - raft.server.rpcslowness.timeout = 120s (custom)
2019-09-26 10:52:06,974 [pool-57-thread-1] INFO  server.RaftServerConfigKeys (ConfUtils.java:logGet(43)) - raft.server.sleep.deviation.threshold = 300 (default)
2019-09-26 10:52:06,974 [pool-57-thread-1] INFO  server.RaftServerConfigKeys (ConfUtils.java:logGet(43)) - raft.server.log.appender.install.snapshot.enabled = false (custom)
2019-09-26 10:52:06,974 [pool-57-thread-1] INFO  impl.RaftServerImpl (ServerState.java:<init>(103)) - 2253380d-6ddc-421c-86f6-26acdb90a8c4@group-8DC672539119: ConfigurationManager, init=-1: [2253380d-6ddc-421c-86f6-26acdb90a8c4:192.168.30.13:39629], old=null, confs=<EMPTY_MAP>
2019-09-26 10:52:06,975 [pool-57-thread-1] INFO  server.RaftServerConfigKeys (ConfUtils.java:logGet(43)) - raft.server.storage.dir = [/workdir/hadoop-ozone/ozonefs/target/test-dir/MiniOzoneClusterImpl-b00a5744-6e73-4fa1-a928-c24f0d5ffca4/datanode-3/data/ratis] (custom)
2019-09-26 10:52:06,975 [pool-57-thread-1] INFO  storage.RaftStorageDirectory (RaftStorageDirectory.java:analyzeStorage(246)) - The storage directory /workdir/hadoop-ozone/ozonefs/target/test-dir/MiniOzoneClusterImpl-b00a5744-6e73-4fa1-a928-c24f0d5ffca4/datanode-3/data/ratis/50955735-f38c-4cac-a254-8dc672539119 does not exist. Creating ...
2019-09-26 10:52:06,989 [pool-57-thread-1] INFO  storage.RaftStorageDirectory (RaftStorageDirectory.java:tryLock(328)) - Lock on /workdir/hadoop-ozone/ozonefs/target/test-dir/MiniOzoneClusterImpl-b00a5744-6e73-4fa1-a928-c24f0d5ffca4/datanode-3/data/ratis/50955735-f38c-4cac-a254-8dc672539119/in_use.lock acquired by nodename 31132@pr-hdds-1569-wvzgm-824869521
2019-09-26 10:52:07,002 [pool-57-thread-1] INFO  storage.RaftStorage (RaftStorage.java:format(72)) - Storage directory /workdir/hadoop-ozone/ozonefs/target/test-dir/MiniOzoneClusterImpl-b00a5744-6e73-4fa1-a928-c24f0d5ffca4/datanode-3/data/ratis/50955735-f38c-4cac-a254-8dc672539119 has been successfully formatted.
2019-09-26 10:52:07,003 [pool-57-thread-1] INFO  ratis.ContainerStateMachine (ContainerStateMachine.java:loadSnapshot(230)) - group-8DC672539119: The snapshot info is null. Setting the last applied indexto:(t:0, i:~)
2019-09-26 10:52:07,003 [pool-57-thread-1] INFO  server.RaftServerConfigKeys (ConfUtils.java:logGet(43)) - raft.server.notification.no-leader.timeout = 120s (custom)
2019-09-26 10:52:07,003 [pool-57-thread-1] INFO  server.RaftServerConfigKeys (ConfUtils.java:logGet(43)) - raft.server.log.use.memory = false (default)
2019-09-26 10:52:07,003 [pool-57-thread-1] INFO  server.RaftServerConfigKeys (ConfUtils.java:logGet(43)) - raft.server.log.purge.gap = 1000000 (custom)
2019-09-26 10:52:07,003 [pool-57-thread-1] INFO  server.RaftServerConfigKeys (ConfUtils.java:logGet(43)) - raft.server.log.appender.buffer.byte-limit = 33554432 (custom)
2019-09-26 10:52:07,003 [pool-57-thread-1] INFO  server.RaftServerConfigKeys (ConfUtils.java:logGet(43)) - raft.server.log.segment.size.max = 1048576 (custom)
2019-09-26 10:52:07,004 [pool-57-thread-1] INFO  server.RaftServerConfigKeys (ConfUtils.java:logGet(43)) - raft.server.log.segment.cache.num.max = 2 (custom)
2019-09-26 10:52:07,004 [pool-57-thread-1] INFO  segmented.SegmentedRaftLogWorker (SegmentedRaftLogWorker.java:<init>(172)) - new 2253380d-6ddc-421c-86f6-26acdb90a8c4@group-8DC672539119-SegmentedRaftLogWorker for RaftStorage:Storage Directory /workdir/hadoop-ozone/ozonefs/target/test-dir/MiniOzoneClusterImpl-b00a5744-6e73-4fa1-a928-c24f0d5ffca4/datanode-3/data/ratis/50955735-f38c-4cac-a254-8dc672539119
2019-09-26 10:52:07,004 [pool-57-thread-1] INFO  server.RaftServerConfigKeys (ConfUtils.java:logGet(43)) - raft.server.log.queue.byte-limit = 2147483647 (custom)
2019-09-26 10:52:07,004 [pool-57-thread-1] INFO  server.RaftServerConfigKeys (ConfUtils.java:logGet(43)) - raft.server.log.queue.element-limit = 1024 (custom)
2019-09-26 10:52:07,004 [pool-57-thread-1] INFO  server.RaftServerConfigKeys (ConfUtils.java:logGet(43)) - raft.server.log.segment.size.max = 1048576 (custom)
2019-09-26 10:52:07,004 [pool-57-thread-1] INFO  server.RaftServerConfigKeys (ConfUtils.java:logGet(43)) - raft.server.log.preallocated.size = 16384 (custom)
2019-09-26 10:52:07,005 [pool-57-thread-1] INFO  server.RaftServerConfigKeys (ConfUtils.java:logGet(43)) - raft.server.log.write.buffer.size = 33554432 (custom)
2019-09-26 10:52:07,005 [pool-57-thread-1] INFO  server.RaftServerConfigKeys (ConfUtils.java:logGet(43)) - raft.server.log.force.sync.num = 128 (default)
2019-09-26 10:52:07,005 [pool-57-thread-1] INFO  server.RaftServerConfigKeys (ConfUtils.java:logGet(43)) - raft.server.log.statemachine.data.sync = true (default)
2019-09-26 10:52:07,005 [pool-57-thread-1] INFO  server.RaftServerConfigKeys (ConfUtils.java:logGet(43)) - raft.server.log.statemachine.data.sync.timeout = 10s (default)
2019-09-26 10:52:07,005 [pool-57-thread-1] INFO  server.RaftServerConfigKeys (ConfUtils.java:logGet(43)) - raft.server.log.statemachine.data.sync.timeout.retry = -1 (default)
2019-09-26 10:52:07,005 [pool-57-thread-1] INFO  server.RaftServerConfigKeys (ConfUtils.java:logGet(43)) - raft.server.log.statemachine.data.caching.enabled = true (custom)
2019-09-26 10:52:07,006 [pool-57-thread-1] INFO  segmented.SegmentedRaftLogWorker (SegmentedRaftLogWorker.java:lambda$new$0(132)) - 2253380d-6ddc-421c-86f6-26acdb90a8c4@group-8DC672539119-SegmentedRaftLogWorker: flushIndex: setUnconditionally 0 -> -1
2019-09-26 10:52:07,006 [pool-57-thread-1] INFO  server.RaftServerConfigKeys (ConfUtils.java:logGet(43)) - raft.server.snapshot.auto.trigger.enabled = true (custom)
2019-09-26 10:52:07,006 [pool-57-thread-1] INFO  server.RaftServerConfigKeys (ConfUtils.java:logGet(43)) - raft.server.snapshot.auto.trigger.threshold = 10000 (custom)
2019-09-26 10:52:07,006 [pool-57-thread-1] INFO  server.RaftServerConfigKeys (ConfUtils.java:logGet(43)) - raft.server.snapshot.retention.num.files = 5 (custom)
2019-09-26 10:52:07,007 [pool-57-thread-1] INFO  server.RaftServerConfigKeys (ConfUtils.java:logGet(43)) - raft.server.retrycache.expirytime = 600000ms (custom)
2019-09-26 10:52:07,010 [pool-57-thread-1] INFO  impl.RaftServerImpl (RaftServerImpl.java:start(185)) - 2253380d-6ddc-421c-86f6-26acdb90a8c4@group-8DC672539119: start as a follower, conf=-1: [2253380d-6ddc-421c-86f6-26acdb90a8c4:192.168.30.13:39629], old=null
2019-09-26 10:52:07,010 [pool-57-thread-1] INFO  impl.RaftServerImpl (RaftServerImpl.java:setRole(174)) - 2253380d-6ddc-421c-86f6-26acdb90a8c4@group-8DC672539119: changes role from      null to FOLLOWER at term 0 for startAsFollower
2019-09-26 10:52:07,010 [pool-57-thread-1] INFO  impl.RoleInfo (RoleInfo.java:updateAndGet(143)) - 2253380d-6ddc-421c-86f6-26acdb90a8c4: start FollowerState
2019-09-26 10:52:07,010 [pool-57-thread-1] INFO  util.JmxRegister (JmxRegister.java:tryRegister(44)) - Successfully registered JMX Bean with object name Ratis:service=RaftServer,group=group-8DC672539119,id=2253380d-6ddc-421c-86f6-26acdb90a8c4
2019-09-26 10:52:07,013 [RatisPipelineUtilsThread] INFO  pipeline.PipelineStateManager (PipelineStateManager.java:addPipeline(56)) - Created pipeline Pipeline[ Id: 50955735-f38c-4cac-a254-8dc672539119, Nodes: 2253380d-6ddc-421c-86f6-26acdb90a8c4{ip: 192.168.30.13, host: pr-hdds-1569-wvzgm-824869521, networkLocation: /default-rack, certSerialId: null}, Type:RATIS, Factor:ONE, State:OPEN]
2019-09-26 10:52:07,014 [RatisPipelineUtilsThread] INFO  pipeline.PipelinePlacementPolicy (PipelinePlacementPolicy.java:meetCriteria(91)) - Pipeline Placement: can't place more pipeline on heavy datanode： 2253380d-6ddc-421c-86f6-26acdb90a8c4 Heaviness: 6 limit: 5
2019-09-26 10:52:07,014 [RatisPipelineUtilsThread] INFO  pipeline.PipelinePlacementPolicy (PipelinePlacementPolicy.java:meetCriteria(91)) - Pipeline Placement: can't place more pipeline on heavy datanode： 557f9f1f-13f1-4e9a-b9bb-f7fbe560edab Heaviness: 6 limit: 5
2019-09-26 10:52:07,014 [RatisPipelineUtilsThread] INFO  pipeline.PipelinePlacementPolicy (PipelinePlacementPolicy.java:meetCriteria(91)) - Pipeline Placement: can't place more pipeline on heavy datanode： 0c06663d-3a07-4175-8dd2-9d41b1b53b1e Heaviness: 6 limit: 5
2019-09-26 10:52:07,014 [RatisPipelineUtilsThread] INFO  pipeline.PipelinePlacementPolicy (PipelinePlacementPolicy.java:meetCriteria(91)) - Pipeline Placement: can't place more pipeline on heavy datanode： be8031e7-e5bc-4989-a875-174452875862 Heaviness: 6 limit: 5
2019-09-26 10:52:07,014 [RatisPipelineUtilsThread] INFO  pipeline.PipelinePlacementPolicy (PipelinePlacementPolicy.java:meetCriteria(91)) - Pipeline Placement: can't place more pipeline on heavy datanode： 474bca52-b9cd-4602-ad06-63718c1fead5 Heaviness: 6 limit: 5
2019-09-26 10:52:07,014 [RatisPipelineUtilsThread] INFO  pipeline.PipelinePlacementPolicy (PipelinePlacementPolicy.java:meetCriteria(91)) - Pipeline Placement: can't place more pipeline on heavy datanode： c0d2ea87-aa22-42eb-bba4-0246f89d2958 Heaviness: 6 limit: 5
2019-09-26 10:52:07,015 [RatisPipelineUtilsThread] INFO  pipeline.PipelinePlacementPolicy (PipelinePlacementPolicy.java:meetCriteria(91)) - Pipeline Placement: can't place more pipeline on heavy datanode： 74579fe5-f222-4a32-8361-e642639fe135 Heaviness: 6 limit: 5
2019-09-26 10:52:07,015 [RatisPipelineUtilsThread] INFO  pipeline.PipelinePlacementPolicy (PipelinePlacementPolicy.java:meetCriteria(91)) - Pipeline Placement: can't place more pipeline on heavy datanode： 87e84624-1b40-4389-b682-d98fe76436d1 Heaviness: 6 limit: 5
2019-09-26 10:52:07,015 [RatisPipelineUtilsThread] INFO  pipeline.PipelinePlacementPolicy (PipelinePlacementPolicy.java:meetCriteria(91)) - Pipeline Placement: can't place more pipeline on heavy datanode： dd9d2e05-3ffa-4f1c-8a80-938e5f4f3192 Heaviness: 6 limit: 5
2019-09-26 10:52:07,025 [grpc-default-executor-1] INFO  impl.RaftServerProxy (RaftServerProxy.java:addNew(89)) - c90ec3f3-d421-4e55-9ed5-50760aadc6ca: addNew group-207741480554:[c90ec3f3-d421-4e55-9ed5-50760aadc6ca:192.168.30.13:32863] returns group-207741480554:java.util.concurrent.CompletableFuture@3c922085[Not completed]
2019-09-26 10:52:07,026 [pool-117-thread-1] INFO  impl.RaftServerImpl (RaftServerImpl.java:<init>(95)) - c90ec3f3-d421-4e55-9ed5-50760aadc6ca: new RaftServerImpl for group-207741480554:[c90ec3f3-d421-4e55-9ed5-50760aadc6ca:192.168.30.13:32863] with ContainerStateMachine:uninitialized
2019-09-26 10:52:07,027 [pool-117-thread-1] INFO  server.RaftServerConfigKeys (ConfUtils.java:logGet(43)) - raft.server.rpc.timeout.min = 5s (custom)
2019-09-26 10:52:07,027 [pool-117-thread-1] INFO  server.RaftServerConfigKeys (ConfUtils.java:logGet(43)) - raft.server.rpc.timeout.max = 5200ms (custom)
2019-09-26 10:52:07,027 [pool-117-thread-1] INFO  server.RaftServerConfigKeys (ConfUtils.java:logGet(43)) - raft.server.rpcslowness.timeout = 120s (custom)
2019-09-26 10:52:07,027 [pool-117-thread-1] INFO  server.RaftServerConfigKeys (ConfUtils.java:logGet(43)) - raft.server.sleep.deviation.threshold = 300 (default)
2019-09-26 10:52:07,027 [pool-117-thread-1] INFO  server.RaftServerConfigKeys (ConfUtils.java:logGet(43)) - raft.server.log.appender.install.snapshot.enabled = false (custom)
2019-09-26 10:52:07,027 [pool-117-thread-1] INFO  impl.RaftServerImpl (ServerState.java:<init>(103)) - c90ec3f3-d421-4e55-9ed5-50760aadc6ca@group-207741480554: ConfigurationManager, init=-1: [c90ec3f3-d421-4e55-9ed5-50760aadc6ca:192.168.30.13:32863], old=null, confs=<EMPTY_MAP>
2019-09-26 10:52:07,027 [pool-117-thread-1] INFO  server.RaftServerConfigKeys (ConfUtils.java:logGet(43)) - raft.server.storage.dir = [/workdir/hadoop-ozone/ozonefs/target/test-dir/MiniOzoneClusterImpl-b00a5744-6e73-4fa1-a928-c24f0d5ffca4/datanode-9/data/ratis] (custom)
2019-09-26 10:52:07,028 [pool-117-thread-1] INFO  storage.RaftStorageDirectory (RaftStorageDirectory.java:analyzeStorage(246)) - The storage directory /workdir/hadoop-ozone/ozonefs/target/test-dir/MiniOzoneClusterImpl-b00a5744-6e73-4fa1-a928-c24f0d5ffca4/datanode-9/data/ratis/a880a0fe-a0c5-4819-af00-207741480554 does not exist. Creating ...
2019-09-26 10:52:07,040 [pool-117-thread-1] INFO  storage.RaftStorageDirectory (RaftStorageDirectory.java:tryLock(328)) - Lock on /workdir/hadoop-ozone/ozonefs/target/test-dir/MiniOzoneClusterImpl-b00a5744-6e73-4fa1-a928-c24f0d5ffca4/datanode-9/data/ratis/a880a0fe-a0c5-4819-af00-207741480554/in_use.lock acquired by nodename 31132@pr-hdds-1569-wvzgm-824869521
2019-09-26 10:52:07,053 [pool-117-thread-1] INFO  storage.RaftStorage (RaftStorage.java:format(72)) - Storage directory /workdir/hadoop-ozone/ozonefs/target/test-dir/MiniOzoneClusterImpl-b00a5744-6e73-4fa1-a928-c24f0d5ffca4/datanode-9/data/ratis/a880a0fe-a0c5-4819-af00-207741480554 has been successfully formatted.
2019-09-26 10:52:07,054 [pool-117-thread-1] INFO  ratis.ContainerStateMachine (ContainerStateMachine.java:loadSnapshot(230)) - group-207741480554: The snapshot info is null. Setting the last applied indexto:(t:0, i:~)
2019-09-26 10:52:07,054 [pool-117-thread-1] INFO  server.RaftServerConfigKeys (ConfUtils.java:logGet(43)) - raft.server.notification.no-leader.timeout = 120s (custom)
2019-09-26 10:52:07,054 [pool-117-thread-1] INFO  server.RaftServerConfigKeys (ConfUtils.java:logGet(43)) - raft.server.log.use.memory = false (default)
2019-09-26 10:52:07,054 [pool-117-thread-1] INFO  server.RaftServerConfigKeys (ConfUtils.java:logGet(43)) - raft.server.log.purge.gap = 1000000 (custom)
2019-09-26 10:52:07,054 [pool-117-thread-1] INFO  server.RaftServerConfigKeys (ConfUtils.java:logGet(43)) - raft.server.log.appender.buffer.byte-limit = 33554432 (custom)
2019-09-26 10:52:07,054 [pool-117-thread-1] INFO  server.RaftServerConfigKeys (ConfUtils.java:logGet(43)) - raft.server.log.segment.size.max = 1048576 (custom)
2019-09-26 10:52:07,054 [pool-117-thread-1] INFO  server.RaftServerConfigKeys (ConfUtils.java:logGet(43)) - raft.server.log.segment.cache.num.max = 2 (custom)
2019-09-26 10:52:07,055 [pool-117-thread-1] INFO  segmented.SegmentedRaftLogWorker (SegmentedRaftLogWorker.java:<init>(172)) - new c90ec3f3-d421-4e55-9ed5-50760aadc6ca@group-207741480554-SegmentedRaftLogWorker for RaftStorage:Storage Directory /workdir/hadoop-ozone/ozonefs/target/test-dir/MiniOzoneClusterImpl-b00a5744-6e73-4fa1-a928-c24f0d5ffca4/datanode-9/data/ratis/a880a0fe-a0c5-4819-af00-207741480554
2019-09-26 10:52:07,057 [pool-117-thread-1] INFO  server.RaftServerConfigKeys (ConfUtils.java:logGet(43)) - raft.server.log.queue.byte-limit = 2147483647 (custom)
2019-09-26 10:52:07,057 [pool-117-thread-1] INFO  server.RaftServerConfigKeys (ConfUtils.java:logGet(43)) - raft.server.log.queue.element-limit = 1024 (custom)
2019-09-26 10:52:07,057 [pool-117-thread-1] INFO  server.RaftServerConfigKeys (ConfUtils.java:logGet(43)) - raft.server.log.segment.size.max = 1048576 (custom)
2019-09-26 10:52:07,057 [pool-117-thread-1] INFO  server.RaftServerConfigKeys (ConfUtils.java:logGet(43)) - raft.server.log.preallocated.size = 16384 (custom)
2019-09-26 10:52:07,058 [pool-117-thread-1] INFO  server.RaftServerConfigKeys (ConfUtils.java:logGet(43)) - raft.server.log.write.buffer.size = 33554432 (custom)
2019-09-26 10:52:07,058 [pool-117-thread-1] INFO  server.RaftServerConfigKeys (ConfUtils.java:logGet(43)) - raft.server.log.force.sync.num = 128 (default)
2019-09-26 10:52:07,058 [pool-117-thread-1] INFO  server.RaftServerConfigKeys (ConfUtils.java:logGet(43)) - raft.server.log.statemachine.data.sync = true (default)
2019-09-26 10:52:07,058 [pool-117-thread-1] INFO  server.RaftServerConfigKeys (ConfUtils.java:logGet(43)) - raft.server.log.statemachine.data.sync.timeout = 10s (default)
2019-09-26 10:52:07,058 [pool-117-thread-1] INFO  server.RaftServerConfigKeys (ConfUtils.java:logGet(43)) - raft.server.log.statemachine.data.sync.timeout.retry = -1 (default)
2019-09-26 10:52:07,058 [pool-117-thread-1] INFO  server.RaftServerConfigKeys (ConfUtils.java:logGet(43)) - raft.server.log.statemachine.data.caching.enabled = true (custom)
2019-09-26 10:52:07,059 [pool-117-thread-1] INFO  segmented.SegmentedRaftLogWorker (SegmentedRaftLogWorker.java:lambda$new$0(132)) - c90ec3f3-d421-4e55-9ed5-50760aadc6ca@group-207741480554-SegmentedRaftLogWorker: flushIndex: setUnconditionally 0 -> -1
2019-09-26 10:52:07,059 [pool-117-thread-1] INFO  server.RaftServerConfigKeys (ConfUtils.java:logGet(43)) - raft.server.snapshot.auto.trigger.enabled = true (custom)
2019-09-26 10:52:07,059 [pool-117-thread-1] INFO  server.RaftServerConfigKeys (ConfUtils.java:logGet(43)) - raft.server.snapshot.auto.trigger.threshold = 10000 (custom)
2019-09-26 10:52:07,059 [pool-117-thread-1] INFO  server.RaftServerConfigKeys (ConfUtils.java:logGet(43)) - raft.server.snapshot.retention.num.files = 5 (custom)
2019-09-26 10:52:07,059 [pool-117-thread-1] INFO  server.RaftServerConfigKeys (ConfUtils.java:logGet(43)) - raft.server.retrycache.expirytime = 600000ms (custom)
2019-09-26 10:52:07,062 [pool-117-thread-1] INFO  impl.RaftServerImpl (RaftServerImpl.java:start(185)) - c90ec3f3-d421-4e55-9ed5-50760aadc6ca@group-207741480554: start as a follower, conf=-1: [c90ec3f3-d421-4e55-9ed5-50760aadc6ca:192.168.30.13:32863], old=null
2019-09-26 10:52:07,062 [pool-117-thread-1] INFO  impl.RaftServerImpl (RaftServerImpl.java:setRole(174)) - c90ec3f3-d421-4e55-9ed5-50760aadc6ca@group-207741480554: changes role from      null to FOLLOWER at term 0 for startAsFollower
2019-09-26 10:52:07,062 [pool-117-thread-1] INFO  impl.RoleInfo (RoleInfo.java:updateAndGet(143)) - c90ec3f3-d421-4e55-9ed5-50760aadc6ca: start FollowerState
2019-09-26 10:52:07,062 [pool-117-thread-1] INFO  util.JmxRegister (JmxRegister.java:tryRegister(44)) - Successfully registered JMX Bean with object name Ratis:service=RaftServer,group=group-207741480554,id=c90ec3f3-d421-4e55-9ed5-50760aadc6ca
2019-09-26 10:52:07,065 [RatisPipelineUtilsThread] INFO  pipeline.PipelineStateManager (PipelineStateManager.java:addPipeline(56)) - Created pipeline Pipeline[ Id: a880a0fe-a0c5-4819-af00-207741480554, Nodes: c90ec3f3-d421-4e55-9ed5-50760aadc6ca{ip: 192.168.30.13, host: pr-hdds-1569-wvzgm-824869521, networkLocation: /default-rack, certSerialId: null}, Type:RATIS, Factor:ONE, State:OPEN]
2019-09-26 10:52:07,065 [RatisPipelineUtilsThread] INFO  pipeline.PipelinePlacementPolicy (PipelinePlacementPolicy.java:meetCriteria(91)) - Pipeline Placement: can't place more pipeline on heavy datanode： 2253380d-6ddc-421c-86f6-26acdb90a8c4 Heaviness: 6 limit: 5
2019-09-26 10:52:07,065 [RatisPipelineUtilsThread] INFO  pipeline.PipelinePlacementPolicy (PipelinePlacementPolicy.java:meetCriteria(91)) - Pipeline Placement: can't place more pipeline on heavy datanode： 557f9f1f-13f1-4e9a-b9bb-f7fbe560edab Heaviness: 6 limit: 5
2019-09-26 10:52:07,066 [RatisPipelineUtilsThread] INFO  pipeline.PipelinePlacementPolicy (PipelinePlacementPolicy.java:meetCriteria(91)) - Pipeline Placement: can't place more pipeline on heavy datanode： 0c06663d-3a07-4175-8dd2-9d41b1b53b1e Heaviness: 6 limit: 5
2019-09-26 10:52:07,066 [RatisPipelineUtilsThread] INFO  pipeline.PipelinePlacementPolicy (PipelinePlacementPolicy.java:meetCriteria(91)) - Pipeline Placement: can't place more pipeline on heavy datanode： be8031e7-e5bc-4989-a875-174452875862 Heaviness: 6 limit: 5
2019-09-26 10:52:07,066 [RatisPipelineUtilsThread] INFO  pipeline.PipelinePlacementPolicy (PipelinePlacementPolicy.java:meetCriteria(91)) - Pipeline Placement: can't place more pipeline on heavy datanode： 474bca52-b9cd-4602-ad06-63718c1fead5 Heaviness: 6 limit: 5
2019-09-26 10:52:07,066 [RatisPipelineUtilsThread] INFO  pipeline.PipelinePlacementPolicy (PipelinePlacementPolicy.java:meetCriteria(91)) - Pipeline Placement: can't place more pipeline on heavy datanode： c0d2ea87-aa22-42eb-bba4-0246f89d2958 Heaviness: 6 limit: 5
2019-09-26 10:52:07,066 [RatisPipelineUtilsThread] INFO  pipeline.PipelinePlacementPolicy (PipelinePlacementPolicy.java:meetCriteria(91)) - Pipeline Placement: can't place more pipeline on heavy datanode： 74579fe5-f222-4a32-8361-e642639fe135 Heaviness: 6 limit: 5
2019-09-26 10:52:07,066 [RatisPipelineUtilsThread] INFO  pipeline.PipelinePlacementPolicy (PipelinePlacementPolicy.java:meetCriteria(91)) - Pipeline Placement: can't place more pipeline on heavy datanode： 87e84624-1b40-4389-b682-d98fe76436d1 Heaviness: 6 limit: 5
2019-09-26 10:52:07,067 [RatisPipelineUtilsThread] INFO  pipeline.PipelinePlacementPolicy (PipelinePlacementPolicy.java:meetCriteria(91)) - Pipeline Placement: can't place more pipeline on heavy datanode： dd9d2e05-3ffa-4f1c-8a80-938e5f4f3192 Heaviness: 6 limit: 5
2019-09-26 10:52:07,100 [grpc-default-executor-1] INFO  impl.RaftServerProxy (RaftServerProxy.java:addNew(89)) - c90ec3f3-d421-4e55-9ed5-50760aadc6ca: addNew group-B5A4BEE907BA:[c90ec3f3-d421-4e55-9ed5-50760aadc6ca:192.168.30.13:32863] returns group-B5A4BEE907BA:java.util.concurrent.CompletableFuture@2525ecc0[Not completed]
2019-09-26 10:52:07,102 [pool-117-thread-1] INFO  impl.RaftServerImpl (RaftServerImpl.java:<init>(95)) - c90ec3f3-d421-4e55-9ed5-50760aadc6ca: new RaftServerImpl for group-B5A4BEE907BA:[c90ec3f3-d421-4e55-9ed5-50760aadc6ca:192.168.30.13:32863] with ContainerStateMachine:uninitialized
2019-09-26 10:52:07,102 [pool-117-thread-1] INFO  server.RaftServerConfigKeys (ConfUtils.java:logGet(43)) - raft.server.rpc.timeout.min = 5s (custom)
2019-09-26 10:52:07,102 [pool-117-thread-1] INFO  server.RaftServerConfigKeys (ConfUtils.java:logGet(43)) - raft.server.rpc.timeout.max = 5200ms (custom)
2019-09-26 10:52:07,102 [pool-117-thread-1] INFO  server.RaftServerConfigKeys (ConfUtils.java:logGet(43)) - raft.server.rpcslowness.timeout = 120s (custom)
2019-09-26 10:52:07,102 [pool-117-thread-1] INFO  server.RaftServerConfigKeys (ConfUtils.java:logGet(43)) - raft.server.sleep.deviation.threshold = 300 (default)
2019-09-26 10:52:07,103 [pool-117-thread-1] INFO  server.RaftServerConfigKeys (ConfUtils.java:logGet(43)) - raft.server.log.appender.install.snapshot.enabled = false (custom)
2019-09-26 10:52:07,103 [pool-117-thread-1] INFO  impl.RaftServerImpl (ServerState.java:<init>(103)) - c90ec3f3-d421-4e55-9ed5-50760aadc6ca@group-B5A4BEE907BA: ConfigurationManager, init=-1: [c90ec3f3-d421-4e55-9ed5-50760aadc6ca:192.168.30.13:32863], old=null, confs=<EMPTY_MAP>
2019-09-26 10:52:07,103 [pool-117-thread-1] INFO  server.RaftServerConfigKeys (ConfUtils.java:logGet(43)) - raft.server.storage.dir = [/workdir/hadoop-ozone/ozonefs/target/test-dir/MiniOzoneClusterImpl-b00a5744-6e73-4fa1-a928-c24f0d5ffca4/datanode-9/data/ratis] (custom)
2019-09-26 10:52:07,104 [pool-117-thread-1] INFO  storage.RaftStorageDirectory (RaftStorageDirectory.java:analyzeStorage(246)) - The storage directory /workdir/hadoop-ozone/ozonefs/target/test-dir/MiniOzoneClusterImpl-b00a5744-6e73-4fa1-a928-c24f0d5ffca4/datanode-9/data/ratis/5c38305e-2d79-40fd-8ea0-b5a4bee907ba does not exist. Creating ...
2019-09-26 10:52:07,116 [pool-117-thread-1] INFO  storage.RaftStorageDirectory (RaftStorageDirectory.java:tryLock(328)) - Lock on /workdir/hadoop-ozone/ozonefs/target/test-dir/MiniOzoneClusterImpl-b00a5744-6e73-4fa1-a928-c24f0d5ffca4/datanode-9/data/ratis/5c38305e-2d79-40fd-8ea0-b5a4bee907ba/in_use.lock acquired by nodename 31132@pr-hdds-1569-wvzgm-824869521
2019-09-26 10:52:07,129 [pool-117-thread-1] INFO  storage.RaftStorage (RaftStorage.java:format(72)) - Storage directory /workdir/hadoop-ozone/ozonefs/target/test-dir/MiniOzoneClusterImpl-b00a5744-6e73-4fa1-a928-c24f0d5ffca4/datanode-9/data/ratis/5c38305e-2d79-40fd-8ea0-b5a4bee907ba has been successfully formatted.
2019-09-26 10:52:07,129 [pool-117-thread-1] INFO  ratis.ContainerStateMachine (ContainerStateMachine.java:loadSnapshot(230)) - group-B5A4BEE907BA: The snapshot info is null. Setting the last applied indexto:(t:0, i:~)
2019-09-26 10:52:07,130 [pool-117-thread-1] INFO  server.RaftServerConfigKeys (ConfUtils.java:logGet(43)) - raft.server.notification.no-leader.timeout = 120s (custom)
2019-09-26 10:52:07,130 [pool-117-thread-1] INFO  server.RaftServerConfigKeys (ConfUtils.java:logGet(43)) - raft.server.log.use.memory = false (default)
2019-09-26 10:52:07,130 [pool-117-thread-1] INFO  server.RaftServerConfigKeys (ConfUtils.java:logGet(43)) - raft.server.log.purge.gap = 1000000 (custom)
2019-09-26 10:52:07,130 [pool-117-thread-1] INFO  server.RaftServerConfigKeys (ConfUtils.java:logGet(43)) - raft.server.log.appender.buffer.byte-limit = 33554432 (custom)
2019-09-26 10:52:07,130 [pool-117-thread-1] INFO  server.RaftServerConfigKeys (ConfUtils.java:logGet(43)) - raft.server.log.segment.size.max = 1048576 (custom)
2019-09-26 10:52:07,130 [pool-117-thread-1] INFO  server.RaftServerConfigKeys (ConfUtils.java:logGet(43)) - raft.server.log.segment.cache.num.max = 2 (custom)
2019-09-26 10:52:07,131 [pool-117-thread-1] INFO  segmented.SegmentedRaftLogWorker (SegmentedRaftLogWorker.java:<init>(172)) - new c90ec3f3-d421-4e55-9ed5-50760aadc6ca@group-B5A4BEE907BA-SegmentedRaftLogWorker for RaftStorage:Storage Directory /workdir/hadoop-ozone/ozonefs/target/test-dir/MiniOzoneClusterImpl-b00a5744-6e73-4fa1-a928-c24f0d5ffca4/datanode-9/data/ratis/5c38305e-2d79-40fd-8ea0-b5a4bee907ba
2019-09-26 10:52:07,131 [pool-117-thread-1] INFO  server.RaftServerConfigKeys (ConfUtils.java:logGet(43)) - raft.server.log.queue.byte-limit = 2147483647 (custom)
2019-09-26 10:52:07,131 [pool-117-thread-1] INFO  server.RaftServerConfigKeys (ConfUtils.java:logGet(43)) - raft.server.log.queue.element-limit = 1024 (custom)
2019-09-26 10:52:07,131 [pool-117-thread-1] INFO  server.RaftServerConfigKeys (ConfUtils.java:logGet(43)) - raft.server.log.segment.size.max = 1048576 (custom)
2019-09-26 10:52:07,131 [pool-117-thread-1] INFO  server.RaftServerConfigKeys (ConfUtils.java:logGet(43)) - raft.server.log.preallocated.size = 16384 (custom)
2019-09-26 10:52:07,131 [pool-117-thread-1] INFO  server.RaftServerConfigKeys (ConfUtils.java:logGet(43)) - raft.server.log.write.buffer.size = 33554432 (custom)
2019-09-26 10:52:07,132 [pool-117-thread-1] INFO  server.RaftServerConfigKeys (ConfUtils.java:logGet(43)) - raft.server.log.force.sync.num = 128 (default)
2019-09-26 10:52:07,132 [pool-117-thread-1] INFO  server.RaftServerConfigKeys (ConfUtils.java:logGet(43)) - raft.server.log.statemachine.data.sync = true (default)
2019-09-26 10:52:07,132 [pool-117-thread-1] INFO  server.RaftServerConfigKeys (ConfUtils.java:logGet(43)) - raft.server.log.statemachine.data.sync.timeout = 10s (default)
2019-09-26 10:52:07,132 [pool-117-thread-1] INFO  server.RaftServerConfigKeys (ConfUtils.java:logGet(43)) - raft.server.log.statemachine.data.sync.timeout.retry = -1 (default)
2019-09-26 10:52:07,132 [pool-117-thread-1] INFO  server.RaftServerConfigKeys (ConfUtils.java:logGet(43)) - raft.server.log.statemachine.data.caching.enabled = true (custom)
2019-09-26 10:52:07,133 [pool-117-thread-1] INFO  segmented.SegmentedRaftLogWorker (SegmentedRaftLogWorker.java:lambda$new$0(132)) - c90ec3f3-d421-4e55-9ed5-50760aadc6ca@group-B5A4BEE907BA-SegmentedRaftLogWorker: flushIndex: setUnconditionally 0 -> -1
2019-09-26 10:52:07,133 [pool-117-thread-1] INFO  server.RaftServerConfigKeys (ConfUtils.java:logGet(43)) - raft.server.snapshot.auto.trigger.enabled = true (custom)
2019-09-26 10:52:07,133 [pool-117-thread-1] INFO  server.RaftServerConfigKeys (ConfUtils.java:logGet(43)) - raft.server.snapshot.auto.trigger.threshold = 10000 (custom)
2019-09-26 10:52:07,134 [pool-117-thread-1] INFO  server.RaftServerConfigKeys (ConfUtils.java:logGet(43)) - raft.server.snapshot.retention.num.files = 5 (custom)
2019-09-26 10:52:07,134 [pool-117-thread-1] INFO  server.RaftServerConfigKeys (ConfUtils.java:logGet(43)) - raft.server.retrycache.expirytime = 600000ms (custom)
2019-09-26 10:52:07,136 [pool-117-thread-1] INFO  impl.RaftServerImpl (RaftServerImpl.java:start(185)) - c90ec3f3-d421-4e55-9ed5-50760aadc6ca@group-B5A4BEE907BA: start as a follower, conf=-1: [c90ec3f3-d421-4e55-9ed5-50760aadc6ca:192.168.30.13:32863], old=null
2019-09-26 10:52:07,137 [pool-117-thread-1] INFO  impl.RaftServerImpl (RaftServerImpl.java:setRole(174)) - c90ec3f3-d421-4e55-9ed5-50760aadc6ca@group-B5A4BEE907BA: changes role from      null to FOLLOWER at term 0 for startAsFollower
2019-09-26 10:52:07,137 [pool-117-thread-1] INFO  impl.RoleInfo (RoleInfo.java:updateAndGet(143)) - c90ec3f3-d421-4e55-9ed5-50760aadc6ca: start FollowerState
2019-09-26 10:52:07,137 [pool-117-thread-1] INFO  util.JmxRegister (JmxRegister.java:tryRegister(44)) - Successfully registered JMX Bean with object name Ratis:service=RaftServer,group=group-B5A4BEE907BA,id=c90ec3f3-d421-4e55-9ed5-50760aadc6ca
2019-09-26 10:52:07,140 [RatisPipelineUtilsThread] INFO  pipeline.PipelineStateManager (PipelineStateManager.java:addPipeline(56)) - Created pipeline Pipeline[ Id: 5c38305e-2d79-40fd-8ea0-b5a4bee907ba, Nodes: c90ec3f3-d421-4e55-9ed5-50760aadc6ca{ip: 192.168.30.13, host: pr-hdds-1569-wvzgm-824869521, networkLocation: /default-rack, certSerialId: null}, Type:RATIS, Factor:ONE, State:OPEN]
2019-09-26 10:52:07,140 [RatisPipelineUtilsThread] INFO  pipeline.PipelinePlacementPolicy (PipelinePlacementPolicy.java:meetCriteria(91)) - Pipeline Placement: can't place more pipeline on heavy datanode： 2253380d-6ddc-421c-86f6-26acdb90a8c4 Heaviness: 6 limit: 5
2019-09-26 10:52:07,140 [RatisPipelineUtilsThread] INFO  pipeline.PipelinePlacementPolicy (PipelinePlacementPolicy.java:meetCriteria(91)) - Pipeline Placement: can't place more pipeline on heavy datanode： 557f9f1f-13f1-4e9a-b9bb-f7fbe560edab Heaviness: 6 limit: 5
2019-09-26 10:52:07,140 [RatisPipelineUtilsThread] INFO  pipeline.PipelinePlacementPolicy (PipelinePlacementPolicy.java:meetCriteria(91)) - Pipeline Placement: can't place more pipeline on heavy datanode： 0c06663d-3a07-4175-8dd2-9d41b1b53b1e Heaviness: 6 limit: 5
2019-09-26 10:52:07,140 [RatisPipelineUtilsThread] INFO  pipeline.PipelinePlacementPolicy (PipelinePlacementPolicy.java:meetCriteria(91)) - Pipeline Placement: can't place more pipeline on heavy datanode： be8031e7-e5bc-4989-a875-174452875862 Heaviness: 6 limit: 5
2019-09-26 10:52:07,141 [RatisPipelineUtilsThread] INFO  pipeline.PipelinePlacementPolicy (PipelinePlacementPolicy.java:meetCriteria(91)) - Pipeline Placement: can't place more pipeline on heavy datanode： 474bca52-b9cd-4602-ad06-63718c1fead5 Heaviness: 6 limit: 5
2019-09-26 10:52:07,141 [RatisPipelineUtilsThread] INFO  pipeline.PipelinePlacementPolicy (PipelinePlacementPolicy.java:meetCriteria(91)) - Pipeline Placement: can't place more pipeline on heavy datanode： c0d2ea87-aa22-42eb-bba4-0246f89d2958 Heaviness: 6 limit: 5
2019-09-26 10:52:07,141 [RatisPipelineUtilsThread] INFO  pipeline.PipelinePlacementPolicy (PipelinePlacementPolicy.java:meetCriteria(91)) - Pipeline Placement: can't place more pipeline on heavy datanode： 74579fe5-f222-4a32-8361-e642639fe135 Heaviness: 6 limit: 5
2019-09-26 10:52:07,141 [RatisPipelineUtilsThread] INFO  pipeline.PipelinePlacementPolicy (PipelinePlacementPolicy.java:meetCriteria(91)) - Pipeline Placement: can't place more pipeline on heavy datanode： 87e84624-1b40-4389-b682-d98fe76436d1 Heaviness: 6 limit: 5
2019-09-26 10:52:07,141 [RatisPipelineUtilsThread] INFO  pipeline.PipelinePlacementPolicy (PipelinePlacementPolicy.java:meetCriteria(91)) - Pipeline Placement: can't place more pipeline on heavy datanode： dd9d2e05-3ffa-4f1c-8a80-938e5f4f3192 Heaviness: 6 limit: 5
2019-09-26 10:52:07,146 [grpc-default-executor-1] INFO  impl.RaftServerProxy (RaftServerProxy.java:addNew(89)) - c90ec3f3-d421-4e55-9ed5-50760aadc6ca: addNew group-4D7C0B4A0232:[c90ec3f3-d421-4e55-9ed5-50760aadc6ca:192.168.30.13:32863] returns group-4D7C0B4A0232:java.util.concurrent.CompletableFuture@21d024b2[Not completed]
2019-09-26 10:52:07,147 [pool-117-thread-1] INFO  impl.RaftServerImpl (RaftServerImpl.java:<init>(95)) - c90ec3f3-d421-4e55-9ed5-50760aadc6ca: new RaftServerImpl for group-4D7C0B4A0232:[c90ec3f3-d421-4e55-9ed5-50760aadc6ca:192.168.30.13:32863] with ContainerStateMachine:uninitialized
2019-09-26 10:52:07,148 [pool-117-thread-1] INFO  server.RaftServerConfigKeys (ConfUtils.java:logGet(43)) - raft.server.rpc.timeout.min = 5s (custom)
2019-09-26 10:52:07,148 [pool-117-thread-1] INFO  server.RaftServerConfigKeys (ConfUtils.java:logGet(43)) - raft.server.rpc.timeout.max = 5200ms (custom)
2019-09-26 10:52:07,148 [pool-117-thread-1] INFO  server.RaftServerConfigKeys (ConfUtils.java:logGet(43)) - raft.server.rpcslowness.timeout = 120s (custom)
2019-09-26 10:52:07,148 [pool-117-thread-1] INFO  server.RaftServerConfigKeys (ConfUtils.java:logGet(43)) - raft.server.sleep.deviation.threshold = 300 (default)
2019-09-26 10:52:07,148 [pool-117-thread-1] INFO  server.RaftServerConfigKeys (ConfUtils.java:logGet(43)) - raft.server.log.appender.install.snapshot.enabled = false (custom)
2019-09-26 10:52:07,148 [pool-117-thread-1] INFO  impl.RaftServerImpl (ServerState.java:<init>(103)) - c90ec3f3-d421-4e55-9ed5-50760aadc6ca@group-4D7C0B4A0232: ConfigurationManager, init=-1: [c90ec3f3-d421-4e55-9ed5-50760aadc6ca:192.168.30.13:32863], old=null, confs=<EMPTY_MAP>
2019-09-26 10:52:07,149 [pool-117-thread-1] INFO  server.RaftServerConfigKeys (ConfUtils.java:logGet(43)) - raft.server.storage.dir = [/workdir/hadoop-ozone/ozonefs/target/test-dir/MiniOzoneClusterImpl-b00a5744-6e73-4fa1-a928-c24f0d5ffca4/datanode-9/data/ratis] (custom)
2019-09-26 10:52:07,149 [pool-117-thread-1] INFO  storage.RaftStorageDirectory (RaftStorageDirectory.java:analyzeStorage(246)) - The storage directory /workdir/hadoop-ozone/ozonefs/target/test-dir/MiniOzoneClusterImpl-b00a5744-6e73-4fa1-a928-c24f0d5ffca4/datanode-9/data/ratis/df46de36-572d-42fe-a5de-4d7c0b4a0232 does not exist. Creating ...
2019-09-26 10:52:07,159 [pool-117-thread-1] INFO  storage.RaftStorageDirectory (RaftStorageDirectory.java:tryLock(328)) - Lock on /workdir/hadoop-ozone/ozonefs/target/test-dir/MiniOzoneClusterImpl-b00a5744-6e73-4fa1-a928-c24f0d5ffca4/datanode-9/data/ratis/df46de36-572d-42fe-a5de-4d7c0b4a0232/in_use.lock acquired by nodename 31132@pr-hdds-1569-wvzgm-824869521
2019-09-26 10:52:07,159 [Thread-285] INFO  impl.FollowerState (FollowerState.java:run(106)) - 0c06663d-3a07-4175-8dd2-9d41b1b53b1e:group-DEFD407AFBBD changes to CANDIDATE, lastRpcTime:5090, electionTimeout:5089ms
2019-09-26 10:52:07,162 [Thread-285] INFO  impl.RoleInfo (RoleInfo.java:shutdownFollowerState(121)) - 0c06663d-3a07-4175-8dd2-9d41b1b53b1e: shutdown FollowerState
2019-09-26 10:52:07,162 [Thread-285] INFO  impl.RaftServerImpl (RaftServerImpl.java:setRole(174)) - 0c06663d-3a07-4175-8dd2-9d41b1b53b1e@group-DEFD407AFBBD: changes role from  FOLLOWER to CANDIDATE at term 0 for changeToCandidate
2019-09-26 10:52:07,166 [Thread-285] INFO  impl.RoleInfo (RoleInfo.java:updateAndGet(143)) - 0c06663d-3a07-4175-8dd2-9d41b1b53b1e: start LeaderElection
2019-09-26 10:52:07,176 [pool-117-thread-1] INFO  storage.RaftStorage (RaftStorage.java:format(72)) - Storage directory /workdir/hadoop-ozone/ozonefs/target/test-dir/MiniOzoneClusterImpl-b00a5744-6e73-4fa1-a928-c24f0d5ffca4/datanode-9/data/ratis/df46de36-572d-42fe-a5de-4d7c0b4a0232 has been successfully formatted.
2019-09-26 10:52:07,177 [pool-117-thread-1] INFO  ratis.ContainerStateMachine (ContainerStateMachine.java:loadSnapshot(230)) - group-4D7C0B4A0232: The snapshot info is null. Setting the last applied indexto:(t:0, i:~)
2019-09-26 10:52:07,177 [pool-117-thread-1] INFO  server.RaftServerConfigKeys (ConfUtils.java:logGet(43)) - raft.server.notification.no-leader.timeout = 120s (custom)
2019-09-26 10:52:07,177 [pool-117-thread-1] INFO  server.RaftServerConfigKeys (ConfUtils.java:logGet(43)) - raft.server.log.use.memory = false (default)
2019-09-26 10:52:07,177 [pool-117-thread-1] INFO  server.RaftServerConfigKeys (ConfUtils.java:logGet(43)) - raft.server.log.purge.gap = 1000000 (custom)
2019-09-26 10:52:07,177 [pool-117-thread-1] INFO  server.RaftServerConfigKeys (ConfUtils.java:logGet(43)) - raft.server.log.appender.buffer.byte-limit = 33554432 (custom)
2019-09-26 10:52:07,178 [pool-117-thread-1] INFO  server.RaftServerConfigKeys (ConfUtils.java:logGet(43)) - raft.server.log.segment.size.max = 1048576 (custom)
2019-09-26 10:52:07,178 [pool-117-thread-1] INFO  server.RaftServerConfigKeys (ConfUtils.java:logGet(43)) - raft.server.log.segment.cache.num.max = 2 (custom)
2019-09-26 10:52:07,178 [pool-117-thread-1] INFO  segmented.SegmentedRaftLogWorker (SegmentedRaftLogWorker.java:<init>(172)) - new c90ec3f3-d421-4e55-9ed5-50760aadc6ca@group-4D7C0B4A0232-SegmentedRaftLogWorker for RaftStorage:Storage Directory /workdir/hadoop-ozone/ozonefs/target/test-dir/MiniOzoneClusterImpl-b00a5744-6e73-4fa1-a928-c24f0d5ffca4/datanode-9/data/ratis/df46de36-572d-42fe-a5de-4d7c0b4a0232
2019-09-26 10:52:07,178 [pool-117-thread-1] INFO  server.RaftServerConfigKeys (ConfUtils.java:logGet(43)) - raft.server.log.queue.byte-limit = 2147483647 (custom)
2019-09-26 10:52:07,178 [pool-117-thread-1] INFO  server.RaftServerConfigKeys (ConfUtils.java:logGet(43)) - raft.server.log.queue.element-limit = 1024 (custom)
2019-09-26 10:52:07,178 [pool-117-thread-1] INFO  server.RaftServerConfigKeys (ConfUtils.java:logGet(43)) - raft.server.log.segment.size.max = 1048576 (custom)
2019-09-26 10:52:07,178 [pool-117-thread-1] INFO  server.RaftServerConfigKeys (ConfUtils.java:logGet(43)) - raft.server.log.preallocated.size = 16384 (custom)
2019-09-26 10:52:07,179 [pool-117-thread-1] INFO  server.RaftServerConfigKeys (ConfUtils.java:logGet(43)) - raft.server.log.write.buffer.size = 33554432 (custom)
2019-09-26 10:52:07,179 [pool-117-thread-1] INFO  server.RaftServerConfigKeys (ConfUtils.java:logGet(43)) - raft.server.log.force.sync.num = 128 (default)
2019-09-26 10:52:07,179 [pool-117-thread-1] INFO  server.RaftServerConfigKeys (ConfUtils.java:logGet(43)) - raft.server.log.statemachine.data.sync = true (default)
2019-09-26 10:52:07,179 [pool-117-thread-1] INFO  server.RaftServerConfigKeys (ConfUtils.java:logGet(43)) - raft.server.log.statemachine.data.sync.timeout = 10s (default)
2019-09-26 10:52:07,179 [pool-117-thread-1] INFO  server.RaftServerConfigKeys (ConfUtils.java:logGet(43)) - raft.server.log.statemachine.data.sync.timeout.retry = -1 (default)
2019-09-26 10:52:07,179 [pool-117-thread-1] INFO  server.RaftServerConfigKeys (ConfUtils.java:logGet(43)) - raft.server.log.statemachine.data.caching.enabled = true (custom)
2019-09-26 10:52:07,180 [pool-117-thread-1] INFO  segmented.SegmentedRaftLogWorker (SegmentedRaftLogWorker.java:lambda$new$0(132)) - c90ec3f3-d421-4e55-9ed5-50760aadc6ca@group-4D7C0B4A0232-SegmentedRaftLogWorker: flushIndex: setUnconditionally 0 -> -1
2019-09-26 10:52:07,180 [pool-117-thread-1] INFO  server.RaftServerConfigKeys (ConfUtils.java:logGet(43)) - raft.server.snapshot.auto.trigger.enabled = true (custom)
2019-09-26 10:52:07,180 [pool-117-thread-1] INFO  server.RaftServerConfigKeys (ConfUtils.java:logGet(43)) - raft.server.snapshot.auto.trigger.threshold = 10000 (custom)
2019-09-26 10:52:07,180 [pool-117-thread-1] INFO  server.RaftServerConfigKeys (ConfUtils.java:logGet(43)) - raft.server.snapshot.retention.num.files = 5 (custom)
2019-09-26 10:52:07,180 [pool-117-thread-1] INFO  server.RaftServerConfigKeys (ConfUtils.java:logGet(43)) - raft.server.retrycache.expirytime = 600000ms (custom)
2019-09-26 10:52:07,183 [pool-117-thread-1] INFO  impl.RaftServerImpl (RaftServerImpl.java:start(185)) - c90ec3f3-d421-4e55-9ed5-50760aadc6ca@group-4D7C0B4A0232: start as a follower, conf=-1: [c90ec3f3-d421-4e55-9ed5-50760aadc6ca:192.168.30.13:32863], old=null
2019-09-26 10:52:07,183 [pool-117-thread-1] INFO  impl.RaftServerImpl (RaftServerImpl.java:setRole(174)) - c90ec3f3-d421-4e55-9ed5-50760aadc6ca@group-4D7C0B4A0232: changes role from      null to FOLLOWER at term 0 for startAsFollower
2019-09-26 10:52:07,183 [pool-117-thread-1] INFO  impl.RoleInfo (RoleInfo.java:updateAndGet(143)) - c90ec3f3-d421-4e55-9ed5-50760aadc6ca: start FollowerState
2019-09-26 10:52:07,183 [pool-117-thread-1] INFO  util.JmxRegister (JmxRegister.java:tryRegister(44)) - Successfully registered JMX Bean with object name Ratis:service=RaftServer,group=group-4D7C0B4A0232,id=c90ec3f3-d421-4e55-9ed5-50760aadc6ca
2019-09-26 10:52:07,186 [RatisPipelineUtilsThread] INFO  pipeline.PipelineStateManager (PipelineStateManager.java:addPipeline(56)) - Created pipeline Pipeline[ Id: df46de36-572d-42fe-a5de-4d7c0b4a0232, Nodes: c90ec3f3-d421-4e55-9ed5-50760aadc6ca{ip: 192.168.30.13, host: pr-hdds-1569-wvzgm-824869521, networkLocation: /default-rack, certSerialId: null}, Type:RATIS, Factor:ONE, State:OPEN]
2019-09-26 10:52:07,186 [RatisPipelineUtilsThread] INFO  pipeline.PipelinePlacementPolicy (PipelinePlacementPolicy.java:meetCriteria(91)) - Pipeline Placement: can't place more pipeline on heavy datanode： 2253380d-6ddc-421c-86f6-26acdb90a8c4 Heaviness: 6 limit: 5
2019-09-26 10:52:07,187 [RatisPipelineUtilsThread] INFO  pipeline.PipelinePlacementPolicy (PipelinePlacementPolicy.java:meetCriteria(91)) - Pipeline Placement: can't place more pipeline on heavy datanode： 557f9f1f-13f1-4e9a-b9bb-f7fbe560edab Heaviness: 6 limit: 5
2019-09-26 10:52:07,187 [RatisPipelineUtilsThread] INFO  pipeline.PipelinePlacementPolicy (PipelinePlacementPolicy.java:meetCriteria(91)) - Pipeline Placement: can't place more pipeline on heavy datanode： 0c06663d-3a07-4175-8dd2-9d41b1b53b1e Heaviness: 6 limit: 5
2019-09-26 10:52:07,187 [RatisPipelineUtilsThread] INFO  pipeline.PipelinePlacementPolicy (PipelinePlacementPolicy.java:meetCriteria(91)) - Pipeline Placement: can't place more pipeline on heavy datanode： be8031e7-e5bc-4989-a875-174452875862 Heaviness: 6 limit: 5
2019-09-26 10:52:07,187 [RatisPipelineUtilsThread] INFO  pipeline.PipelinePlacementPolicy (PipelinePlacementPolicy.java:meetCriteria(91)) - Pipeline Placement: can't place more pipeline on heavy datanode： 474bca52-b9cd-4602-ad06-63718c1fead5 Heaviness: 6 limit: 5
2019-09-26 10:52:07,187 [RatisPipelineUtilsThread] INFO  pipeline.PipelinePlacementPolicy (PipelinePlacementPolicy.java:meetCriteria(91)) - Pipeline Placement: can't place more pipeline on heavy datanode： c0d2ea87-aa22-42eb-bba4-0246f89d2958 Heaviness: 6 limit: 5
2019-09-26 10:52:07,187 [RatisPipelineUtilsThread] INFO  pipeline.PipelinePlacementPolicy (PipelinePlacementPolicy.java:meetCriteria(91)) - Pipeline Placement: can't place more pipeline on heavy datanode： 74579fe5-f222-4a32-8361-e642639fe135 Heaviness: 6 limit: 5
2019-09-26 10:52:07,188 [RatisPipelineUtilsThread] INFO  pipeline.PipelinePlacementPolicy (PipelinePlacementPolicy.java:meetCriteria(91)) - Pipeline Placement: can't place more pipeline on heavy datanode： 87e84624-1b40-4389-b682-d98fe76436d1 Heaviness: 6 limit: 5
2019-09-26 10:52:07,188 [RatisPipelineUtilsThread] INFO  pipeline.PipelinePlacementPolicy (PipelinePlacementPolicy.java:meetCriteria(91)) - Pipeline Placement: can't place more pipeline on heavy datanode： dd9d2e05-3ffa-4f1c-8a80-938e5f4f3192 Heaviness: 6 limit: 5
2019-09-26 10:52:07,189 [0c06663d-3a07-4175-8dd2-9d41b1b53b1e@group-DEFD407AFBBD:LeaderElection1] INFO  impl.LeaderElection (LeaderElection.java:askForVotes(182)) - 0c06663d-3a07-4175-8dd2-9d41b1b53b1e@group-DEFD407AFBBD:LeaderElection1: begin an election at term 1 for -1: [0c06663d-3a07-4175-8dd2-9d41b1b53b1e:192.168.30.13:42265], old=null
2019-09-26 10:52:07,191 [0c06663d-3a07-4175-8dd2-9d41b1b53b1e@group-DEFD407AFBBD:LeaderElection1] INFO  impl.RoleInfo (RoleInfo.java:shutdownLeaderElection(134)) - 0c06663d-3a07-4175-8dd2-9d41b1b53b1e: shutdown LeaderElection
2019-09-26 10:52:07,192 [0c06663d-3a07-4175-8dd2-9d41b1b53b1e@group-DEFD407AFBBD:LeaderElection1] INFO  impl.RaftServerImpl (RaftServerImpl.java:setRole(174)) - 0c06663d-3a07-4175-8dd2-9d41b1b53b1e@group-DEFD407AFBBD: changes role from CANDIDATE to LEADER at term 1 for changeToLeader
2019-09-26 10:52:07,192 [0c06663d-3a07-4175-8dd2-9d41b1b53b1e@group-DEFD407AFBBD:LeaderElection1] INFO  impl.RaftServerImpl (ServerState.java:setLeader(253)) - 0c06663d-3a07-4175-8dd2-9d41b1b53b1e@group-DEFD407AFBBD: change Leader from null to 0c06663d-3a07-4175-8dd2-9d41b1b53b1e at term 1 for becomeLeader, leader elected after 5295ms
2019-09-26 10:52:07,193 [grpc-default-executor-1] INFO  impl.RaftServerProxy (RaftServerProxy.java:addNew(89)) - c90ec3f3-d421-4e55-9ed5-50760aadc6ca: addNew group-288065B98035:[c90ec3f3-d421-4e55-9ed5-50760aadc6ca:192.168.30.13:32863] returns group-288065B98035:java.util.concurrent.CompletableFuture@11986f3f[Not completed]
2019-09-26 10:52:07,194 [pool-117-thread-1] INFO  impl.RaftServerImpl (RaftServerImpl.java:<init>(95)) - c90ec3f3-d421-4e55-9ed5-50760aadc6ca: new RaftServerImpl for group-288065B98035:[c90ec3f3-d421-4e55-9ed5-50760aadc6ca:192.168.30.13:32863] with ContainerStateMachine:uninitialized
2019-09-26 10:52:07,194 [pool-117-thread-1] INFO  server.RaftServerConfigKeys (ConfUtils.java:logGet(43)) - raft.server.rpc.timeout.min = 5s (custom)
2019-09-26 10:52:07,194 [pool-117-thread-1] INFO  server.RaftServerConfigKeys (ConfUtils.java:logGet(43)) - raft.server.rpc.timeout.max = 5200ms (custom)
2019-09-26 10:52:07,194 [pool-117-thread-1] INFO  server.RaftServerConfigKeys (ConfUtils.java:logGet(43)) - raft.server.rpcslowness.timeout = 120s (custom)
2019-09-26 10:52:07,195 [pool-117-thread-1] INFO  server.RaftServerConfigKeys (ConfUtils.java:logGet(43)) - raft.server.sleep.deviation.threshold = 300 (default)
2019-09-26 10:52:07,195 [pool-117-thread-1] INFO  server.RaftServerConfigKeys (ConfUtils.java:logGet(43)) - raft.server.log.appender.install.snapshot.enabled = false (custom)
2019-09-26 10:52:07,195 [pool-117-thread-1] INFO  impl.RaftServerImpl (ServerState.java:<init>(103)) - c90ec3f3-d421-4e55-9ed5-50760aadc6ca@group-288065B98035: ConfigurationManager, init=-1: [c90ec3f3-d421-4e55-9ed5-50760aadc6ca:192.168.30.13:32863], old=null, confs=<EMPTY_MAP>
2019-09-26 10:52:07,195 [pool-117-thread-1] INFO  server.RaftServerConfigKeys (ConfUtils.java:logGet(43)) - raft.server.storage.dir = [/workdir/hadoop-ozone/ozonefs/target/test-dir/MiniOzoneClusterImpl-b00a5744-6e73-4fa1-a928-c24f0d5ffca4/datanode-9/data/ratis] (custom)
2019-09-26 10:52:07,195 [pool-117-thread-1] INFO  storage.RaftStorageDirectory (RaftStorageDirectory.java:analyzeStorage(246)) - The storage directory /workdir/hadoop-ozone/ozonefs/target/test-dir/MiniOzoneClusterImpl-b00a5744-6e73-4fa1-a928-c24f0d5ffca4/datanode-9/data/ratis/2126b6bb-5d5e-4b29-a4f2-288065b98035 does not exist. Creating ...
2019-09-26 10:52:07,199 [0c06663d-3a07-4175-8dd2-9d41b1b53b1e@group-DEFD407AFBBD:LeaderElection1] INFO  server.RaftServerConfigKeys (ConfUtils.java:logGet(43)) - raft.server.staging.catchup.gap = 1000 (default)
2019-09-26 10:52:07,199 [0c06663d-3a07-4175-8dd2-9d41b1b53b1e@group-DEFD407AFBBD:LeaderElection1] INFO  server.RaftServerConfigKeys (ConfUtils.java:logGet(43)) - raft.server.rpc.sleep.time = 25ms (default)
2019-09-26 10:52:07,202 [0c06663d-3a07-4175-8dd2-9d41b1b53b1e@group-DEFD407AFBBD:LeaderElection1] INFO  server.RaftServerConfigKeys (ConfUtils.java:logGet(43)) - raft.server.write.element-limit = 4096 (default)
2019-09-26 10:52:07,205 [0c06663d-3a07-4175-8dd2-9d41b1b53b1e@group-DEFD407AFBBD:LeaderElection1] INFO  server.RaftServerConfigKeys (ConfUtils.java:logGet(43)) - raft.server.watch.timeout = 10s (default)
2019-09-26 10:52:07,205 [0c06663d-3a07-4175-8dd2-9d41b1b53b1e@group-DEFD407AFBBD:LeaderElection1] INFO  server.RaftServerConfigKeys (ConfUtils.java:logGet(43)) - raft.server.watch.timeout.denomination = 1s (default)
2019-09-26 10:52:07,206 [0c06663d-3a07-4175-8dd2-9d41b1b53b1e@group-DEFD407AFBBD:LeaderElection1] INFO  server.RaftServerConfigKeys (ConfUtils.java:logGet(43)) - raft.server.watch.element-limit = 65536 (default)
2019-09-26 10:52:07,208 [pool-117-thread-1] INFO  storage.RaftStorageDirectory (RaftStorageDirectory.java:tryLock(328)) - Lock on /workdir/hadoop-ozone/ozonefs/target/test-dir/MiniOzoneClusterImpl-b00a5744-6e73-4fa1-a928-c24f0d5ffca4/datanode-9/data/ratis/2126b6bb-5d5e-4b29-a4f2-288065b98035/in_use.lock acquired by nodename 31132@pr-hdds-1569-wvzgm-824869521
2019-09-26 10:52:07,217 [0c06663d-3a07-4175-8dd2-9d41b1b53b1e@group-DEFD407AFBBD:LeaderElection1] INFO  impl.RoleInfo (RoleInfo.java:updateAndGet(143)) - 0c06663d-3a07-4175-8dd2-9d41b1b53b1e: start LeaderState
2019-09-26 10:52:07,221 [pool-117-thread-1] INFO  storage.RaftStorage (RaftStorage.java:format(72)) - Storage directory /workdir/hadoop-ozone/ozonefs/target/test-dir/MiniOzoneClusterImpl-b00a5744-6e73-4fa1-a928-c24f0d5ffca4/datanode-9/data/ratis/2126b6bb-5d5e-4b29-a4f2-288065b98035 has been successfully formatted.
2019-09-26 10:52:07,221 [pool-117-thread-1] INFO  ratis.ContainerStateMachine (ContainerStateMachine.java:loadSnapshot(230)) - group-288065B98035: The snapshot info is null. Setting the last applied indexto:(t:0, i:~)
2019-09-26 10:52:07,221 [pool-117-thread-1] INFO  server.RaftServerConfigKeys (ConfUtils.java:logGet(43)) - raft.server.notification.no-leader.timeout = 120s (custom)
2019-09-26 10:52:07,222 [pool-117-thread-1] INFO  server.RaftServerConfigKeys (ConfUtils.java:logGet(43)) - raft.server.log.use.memory = false (default)
2019-09-26 10:52:07,222 [pool-117-thread-1] INFO  server.RaftServerConfigKeys (ConfUtils.java:logGet(43)) - raft.server.log.purge.gap = 1000000 (custom)
2019-09-26 10:52:07,222 [pool-117-thread-1] INFO  server.RaftServerConfigKeys (ConfUtils.java:logGet(43)) - raft.server.log.appender.buffer.byte-limit = 33554432 (custom)
2019-09-26 10:52:07,222 [pool-117-thread-1] INFO  server.RaftServerConfigKeys (ConfUtils.java:logGet(43)) - raft.server.log.segment.size.max = 1048576 (custom)
2019-09-26 10:52:07,222 [pool-117-thread-1] INFO  server.RaftServerConfigKeys (ConfUtils.java:logGet(43)) - raft.server.log.segment.cache.num.max = 2 (custom)
2019-09-26 10:52:07,222 [pool-117-thread-1] INFO  segmented.SegmentedRaftLogWorker (SegmentedRaftLogWorker.java:<init>(172)) - new c90ec3f3-d421-4e55-9ed5-50760aadc6ca@group-288065B98035-SegmentedRaftLogWorker for RaftStorage:Storage Directory /workdir/hadoop-ozone/ozonefs/target/test-dir/MiniOzoneClusterImpl-b00a5744-6e73-4fa1-a928-c24f0d5ffca4/datanode-9/data/ratis/2126b6bb-5d5e-4b29-a4f2-288065b98035
2019-09-26 10:52:07,222 [pool-117-thread-1] INFO  server.RaftServerConfigKeys (ConfUtils.java:logGet(43)) - raft.server.log.queue.byte-limit = 2147483647 (custom)
2019-09-26 10:52:07,222 [pool-117-thread-1] INFO  server.RaftServerConfigKeys (ConfUtils.java:logGet(43)) - raft.server.log.queue.element-limit = 1024 (custom)
2019-09-26 10:52:07,223 [pool-117-thread-1] INFO  server.RaftServerConfigKeys (ConfUtils.java:logGet(43)) - raft.server.log.segment.size.max = 1048576 (custom)
2019-09-26 10:52:07,223 [pool-117-thread-1] INFO  server.RaftServerConfigKeys (ConfUtils.java:logGet(43)) - raft.server.log.preallocated.size = 16384 (custom)
2019-09-26 10:52:07,223 [pool-117-thread-1] INFO  server.RaftServerConfigKeys (ConfUtils.java:logGet(43)) - raft.server.log.write.buffer.size = 33554432 (custom)
2019-09-26 10:52:07,223 [pool-117-thread-1] INFO  server.RaftServerConfigKeys (ConfUtils.java:logGet(43)) - raft.server.log.force.sync.num = 128 (default)
2019-09-26 10:52:07,223 [pool-117-thread-1] INFO  server.RaftServerConfigKeys (ConfUtils.java:logGet(43)) - raft.server.log.statemachine.data.sync = true (default)
2019-09-26 10:52:07,223 [pool-117-thread-1] INFO  server.RaftServerConfigKeys (ConfUtils.java:logGet(43)) - raft.server.log.statemachine.data.sync.timeout = 10s (default)
2019-09-26 10:52:07,223 [pool-117-thread-1] INFO  server.RaftServerConfigKeys (ConfUtils.java:logGet(43)) - raft.server.log.statemachine.data.sync.timeout.retry = -1 (default)
2019-09-26 10:52:07,223 [pool-117-thread-1] INFO  server.RaftServerConfigKeys (ConfUtils.java:logGet(43)) - raft.server.log.statemachine.data.caching.enabled = true (custom)
2019-09-26 10:52:07,224 [pool-117-thread-1] INFO  segmented.SegmentedRaftLogWorker (SegmentedRaftLogWorker.java:lambda$new$0(132)) - c90ec3f3-d421-4e55-9ed5-50760aadc6ca@group-288065B98035-SegmentedRaftLogWorker: flushIndex: setUnconditionally 0 -> -1
2019-09-26 10:52:07,224 [pool-117-thread-1] INFO  server.RaftServerConfigKeys (ConfUtils.java:logGet(43)) - raft.server.snapshot.auto.trigger.enabled = true (custom)
2019-09-26 10:52:07,224 [pool-117-thread-1] INFO  server.RaftServerConfigKeys (ConfUtils.java:logGet(43)) - raft.server.snapshot.auto.trigger.threshold = 10000 (custom)
2019-09-26 10:52:07,224 [pool-117-thread-1] INFO  server.RaftServerConfigKeys (ConfUtils.java:logGet(43)) - raft.server.snapshot.retention.num.files = 5 (custom)
2019-09-26 10:52:07,225 [pool-117-thread-1] INFO  server.RaftServerConfigKeys (ConfUtils.java:logGet(43)) - raft.server.retrycache.expirytime = 600000ms (custom)
2019-09-26 10:52:07,227 [pool-117-thread-1] INFO  impl.RaftServerImpl (RaftServerImpl.java:start(185)) - c90ec3f3-d421-4e55-9ed5-50760aadc6ca@group-288065B98035: start as a follower, conf=-1: [c90ec3f3-d421-4e55-9ed5-50760aadc6ca:192.168.30.13:32863], old=null
2019-09-26 10:52:07,227 [pool-117-thread-1] INFO  impl.RaftServerImpl (RaftServerImpl.java:setRole(174)) - c90ec3f3-d421-4e55-9ed5-50760aadc6ca@group-288065B98035: changes role from      null to FOLLOWER at term 0 for startAsFollower
2019-09-26 10:52:07,227 [pool-117-thread-1] INFO  impl.RoleInfo (RoleInfo.java:updateAndGet(143)) - c90ec3f3-d421-4e55-9ed5-50760aadc6ca: start FollowerState
2019-09-26 10:52:07,227 [pool-117-thread-1] INFO  util.JmxRegister (JmxRegister.java:tryRegister(44)) - Successfully registered JMX Bean with object name Ratis:service=RaftServer,group=group-288065B98035,id=c90ec3f3-d421-4e55-9ed5-50760aadc6ca
2019-09-26 10:52:07,230 [RatisPipelineUtilsThread] INFO  pipeline.PipelineStateManager (PipelineStateManager.java:addPipeline(56)) - Created pipeline Pipeline[ Id: 2126b6bb-5d5e-4b29-a4f2-288065b98035, Nodes: c90ec3f3-d421-4e55-9ed5-50760aadc6ca{ip: 192.168.30.13, host: pr-hdds-1569-wvzgm-824869521, networkLocation: /default-rack, certSerialId: null}, Type:RATIS, Factor:ONE, State:OPEN]
2019-09-26 10:52:07,230 [RatisPipelineUtilsThread] INFO  pipeline.PipelinePlacementPolicy (PipelinePlacementPolicy.java:meetCriteria(91)) - Pipeline Placement: can't place more pipeline on heavy datanode： 2253380d-6ddc-421c-86f6-26acdb90a8c4 Heaviness: 6 limit: 5
2019-09-26 10:52:07,230 [RatisPipelineUtilsThread] INFO  pipeline.PipelinePlacementPolicy (PipelinePlacementPolicy.java:meetCriteria(91)) - Pipeline Placement: can't place more pipeline on heavy datanode： 557f9f1f-13f1-4e9a-b9bb-f7fbe560edab Heaviness: 6 limit: 5
2019-09-26 10:52:07,230 [RatisPipelineUtilsThread] INFO  pipeline.PipelinePlacementPolicy (PipelinePlacementPolicy.java:meetCriteria(91)) - Pipeline Placement: can't place more pipeline on heavy datanode： 0c06663d-3a07-4175-8dd2-9d41b1b53b1e Heaviness: 6 limit: 5
2019-09-26 10:52:07,230 [RatisPipelineUtilsThread] INFO  pipeline.PipelinePlacementPolicy (PipelinePlacementPolicy.java:meetCriteria(91)) - Pipeline Placement: can't place more pipeline on heavy datanode： be8031e7-e5bc-4989-a875-174452875862 Heaviness: 6 limit: 5
2019-09-26 10:52:07,231 [RatisPipelineUtilsThread] INFO  pipeline.PipelinePlacementPolicy (PipelinePlacementPolicy.java:meetCriteria(91)) - Pipeline Placement: can't place more pipeline on heavy datanode： 474bca52-b9cd-4602-ad06-63718c1fead5 Heaviness: 6 limit: 5
2019-09-26 10:52:07,231 [RatisPipelineUtilsThread] INFO  pipeline.PipelinePlacementPolicy (PipelinePlacementPolicy.java:meetCriteria(91)) - Pipeline Placement: can't place more pipeline on heavy datanode： c0d2ea87-aa22-42eb-bba4-0246f89d2958 Heaviness: 6 limit: 5
2019-09-26 10:52:07,231 [RatisPipelineUtilsThread] INFO  pipeline.PipelinePlacementPolicy (PipelinePlacementPolicy.java:meetCriteria(91)) - Pipeline Placement: can't place more pipeline on heavy datanode： 74579fe5-f222-4a32-8361-e642639fe135 Heaviness: 6 limit: 5
2019-09-26 10:52:07,231 [RatisPipelineUtilsThread] INFO  pipeline.PipelinePlacementPolicy (PipelinePlacementPolicy.java:meetCriteria(91)) - Pipeline Placement: can't place more pipeline on heavy datanode： 87e84624-1b40-4389-b682-d98fe76436d1 Heaviness: 6 limit: 5
2019-09-26 10:52:07,231 [RatisPipelineUtilsThread] INFO  pipeline.PipelinePlacementPolicy (PipelinePlacementPolicy.java:meetCriteria(91)) - Pipeline Placement: can't place more pipeline on heavy datanode： dd9d2e05-3ffa-4f1c-8a80-938e5f4f3192 Heaviness: 6 limit: 5
2019-09-26 10:52:07,244 [grpc-default-executor-1] INFO  impl.RaftServerProxy (RaftServerProxy.java:addNew(89)) - c90ec3f3-d421-4e55-9ed5-50760aadc6ca: addNew group-0965524EA7E4:[c90ec3f3-d421-4e55-9ed5-50760aadc6ca:192.168.30.13:32863] returns group-0965524EA7E4:java.util.concurrent.CompletableFuture@602ab91c[Not completed]
2019-09-26 10:52:07,245 [pool-117-thread-1] INFO  impl.RaftServerImpl (RaftServerImpl.java:<init>(95)) - c90ec3f3-d421-4e55-9ed5-50760aadc6ca: new RaftServerImpl for group-0965524EA7E4:[c90ec3f3-d421-4e55-9ed5-50760aadc6ca:192.168.30.13:32863] with ContainerStateMachine:uninitialized
2019-09-26 10:52:07,245 [pool-117-thread-1] INFO  server.RaftServerConfigKeys (ConfUtils.java:logGet(43)) - raft.server.rpc.timeout.min = 5s (custom)
2019-09-26 10:52:07,245 [pool-117-thread-1] INFO  server.RaftServerConfigKeys (ConfUtils.java:logGet(43)) - raft.server.rpc.timeout.max = 5200ms (custom)
2019-09-26 10:52:07,245 [pool-117-thread-1] INFO  server.RaftServerConfigKeys (ConfUtils.java:logGet(43)) - raft.server.rpcslowness.timeout = 120s (custom)
2019-09-26 10:52:07,245 [pool-117-thread-1] INFO  server.RaftServerConfigKeys (ConfUtils.java:logGet(43)) - raft.server.sleep.deviation.threshold = 300 (default)
2019-09-26 10:52:07,245 [pool-117-thread-1] INFO  server.RaftServerConfigKeys (ConfUtils.java:logGet(43)) - raft.server.log.appender.install.snapshot.enabled = false (custom)
2019-09-26 10:52:07,246 [pool-117-thread-1] INFO  impl.RaftServerImpl (ServerState.java:<init>(103)) - c90ec3f3-d421-4e55-9ed5-50760aadc6ca@group-0965524EA7E4: ConfigurationManager, init=-1: [c90ec3f3-d421-4e55-9ed5-50760aadc6ca:192.168.30.13:32863], old=null, confs=<EMPTY_MAP>
2019-09-26 10:52:07,246 [pool-117-thread-1] INFO  server.RaftServerConfigKeys (ConfUtils.java:logGet(43)) - raft.server.storage.dir = [/workdir/hadoop-ozone/ozonefs/target/test-dir/MiniOzoneClusterImpl-b00a5744-6e73-4fa1-a928-c24f0d5ffca4/datanode-9/data/ratis] (custom)
2019-09-26 10:52:07,246 [0c06663d-3a07-4175-8dd2-9d41b1b53b1e@group-DEFD407AFBBD:LeaderElection1] INFO  segmented.SegmentedRaftLogWorker (SegmentedRaftLogWorker.java:startLogSegment(380)) - 0c06663d-3a07-4175-8dd2-9d41b1b53b1e@group-DEFD407AFBBD-SegmentedRaftLogWorker: Starting segment from index:0
2019-09-26 10:52:07,246 [pool-117-thread-1] INFO  storage.RaftStorageDirectory (RaftStorageDirectory.java:analyzeStorage(246)) - The storage directory /workdir/hadoop-ozone/ozonefs/target/test-dir/MiniOzoneClusterImpl-b00a5744-6e73-4fa1-a928-c24f0d5ffca4/datanode-9/data/ratis/11669679-3204-49ef-bb21-0965524ea7e4 does not exist. Creating ...
2019-09-26 10:52:07,254 [0c06663d-3a07-4175-8dd2-9d41b1b53b1e@group-DEFD407AFBBD:LeaderElection1] INFO  impl.RaftServerImpl (ServerState.java:setRaftConf(354)) - 0c06663d-3a07-4175-8dd2-9d41b1b53b1e@group-DEFD407AFBBD: set configuration 0: [0c06663d-3a07-4175-8dd2-9d41b1b53b1e:192.168.30.13:42265], old=null at 0
2019-09-26 10:52:07,260 [pool-117-thread-1] INFO  storage.RaftStorageDirectory (RaftStorageDirectory.java:tryLock(328)) - Lock on /workdir/hadoop-ozone/ozonefs/target/test-dir/MiniOzoneClusterImpl-b00a5744-6e73-4fa1-a928-c24f0d5ffca4/datanode-9/data/ratis/11669679-3204-49ef-bb21-0965524ea7e4/in_use.lock acquired by nodename 31132@pr-hdds-1569-wvzgm-824869521
2019-09-26 10:52:07,273 [pool-117-thread-1] INFO  storage.RaftStorage (RaftStorage.java:format(72)) - Storage directory /workdir/hadoop-ozone/ozonefs/target/test-dir/MiniOzoneClusterImpl-b00a5744-6e73-4fa1-a928-c24f0d5ffca4/datanode-9/data/ratis/11669679-3204-49ef-bb21-0965524ea7e4 has been successfully formatted.
2019-09-26 10:52:07,273 [pool-117-thread-1] INFO  ratis.ContainerStateMachine (ContainerStateMachine.java:loadSnapshot(230)) - group-0965524EA7E4: The snapshot info is null. Setting the last applied indexto:(t:0, i:~)
2019-09-26 10:52:07,273 [pool-117-thread-1] INFO  server.RaftServerConfigKeys (ConfUtils.java:logGet(43)) - raft.server.notification.no-leader.timeout = 120s (custom)
2019-09-26 10:52:07,273 [pool-117-thread-1] INFO  server.RaftServerConfigKeys (ConfUtils.java:logGet(43)) - raft.server.log.use.memory = false (default)
2019-09-26 10:52:07,274 [pool-117-thread-1] INFO  server.RaftServerConfigKeys (ConfUtils.java:logGet(43)) - raft.server.log.purge.gap = 1000000 (custom)
2019-09-26 10:52:07,274 [pool-117-thread-1] INFO  server.RaftServerConfigKeys (ConfUtils.java:logGet(43)) - raft.server.log.appender.buffer.byte-limit = 33554432 (custom)
2019-09-26 10:52:07,274 [pool-117-thread-1] INFO  server.RaftServerConfigKeys (ConfUtils.java:logGet(43)) - raft.server.log.segment.size.max = 1048576 (custom)
2019-09-26 10:52:07,274 [pool-117-thread-1] INFO  server.RaftServerConfigKeys (ConfUtils.java:logGet(43)) - raft.server.log.segment.cache.num.max = 2 (custom)
2019-09-26 10:52:07,274 [pool-117-thread-1] INFO  segmented.SegmentedRaftLogWorker (SegmentedRaftLogWorker.java:<init>(172)) - new c90ec3f3-d421-4e55-9ed5-50760aadc6ca@group-0965524EA7E4-SegmentedRaftLogWorker for RaftStorage:Storage Directory /workdir/hadoop-ozone/ozonefs/target/test-dir/MiniOzoneClusterImpl-b00a5744-6e73-4fa1-a928-c24f0d5ffca4/datanode-9/data/ratis/11669679-3204-49ef-bb21-0965524ea7e4
2019-09-26 10:52:07,274 [pool-117-thread-1] INFO  server.RaftServerConfigKeys (ConfUtils.java:logGet(43)) - raft.server.log.queue.byte-limit = 2147483647 (custom)
2019-09-26 10:52:07,275 [pool-117-thread-1] INFO  server.RaftServerConfigKeys (ConfUtils.java:logGet(43)) - raft.server.log.queue.element-limit = 1024 (custom)
2019-09-26 10:52:07,275 [pool-117-thread-1] INFO  server.RaftServerConfigKeys (ConfUtils.java:logGet(43)) - raft.server.log.segment.size.max = 1048576 (custom)
2019-09-26 10:52:07,275 [pool-117-thread-1] INFO  server.RaftServerConfigKeys (ConfUtils.java:logGet(43)) - raft.server.log.preallocated.size = 16384 (custom)
2019-09-26 10:52:07,275 [pool-117-thread-1] INFO  server.RaftServerConfigKeys (ConfUtils.java:logGet(43)) - raft.server.log.write.buffer.size = 33554432 (custom)
2019-09-26 10:52:07,275 [pool-117-thread-1] INFO  server.RaftServerConfigKeys (ConfUtils.java:logGet(43)) - raft.server.log.force.sync.num = 128 (default)
2019-09-26 10:52:07,275 [pool-117-thread-1] INFO  server.RaftServerConfigKeys (ConfUtils.java:logGet(43)) - raft.server.log.statemachine.data.sync = true (default)
2019-09-26 10:52:07,275 [pool-117-thread-1] INFO  server.RaftServerConfigKeys (ConfUtils.java:logGet(43)) - raft.server.log.statemachine.data.sync.timeout = 10s (default)
2019-09-26 10:52:07,276 [pool-117-thread-1] INFO  server.RaftServerConfigKeys (ConfUtils.java:logGet(43)) - raft.server.log.statemachine.data.sync.timeout.retry = -1 (default)
2019-09-26 10:52:07,276 [pool-117-thread-1] INFO  server.RaftServerConfigKeys (ConfUtils.java:logGet(43)) - raft.server.log.statemachine.data.caching.enabled = true (custom)
2019-09-26 10:52:07,276 [pool-117-thread-1] INFO  segmented.SegmentedRaftLogWorker (SegmentedRaftLogWorker.java:lambda$new$0(132)) - c90ec3f3-d421-4e55-9ed5-50760aadc6ca@group-0965524EA7E4-SegmentedRaftLogWorker: flushIndex: setUnconditionally 0 -> -1
2019-09-26 10:52:07,276 [pool-117-thread-1] INFO  server.RaftServerConfigKeys (ConfUtils.java:logGet(43)) - raft.server.snapshot.auto.trigger.enabled = true (custom)
2019-09-26 10:52:07,277 [pool-117-thread-1] INFO  server.RaftServerConfigKeys (ConfUtils.java:logGet(43)) - raft.server.snapshot.auto.trigger.threshold = 10000 (custom)
2019-09-26 10:52:07,277 [pool-117-thread-1] INFO  server.RaftServerConfigKeys (ConfUtils.java:logGet(43)) - raft.server.snapshot.retention.num.files = 5 (custom)
2019-09-26 10:52:07,277 [pool-117-thread-1] INFO  server.RaftServerConfigKeys (ConfUtils.java:logGet(43)) - raft.server.retrycache.expirytime = 600000ms (custom)
2019-09-26 10:52:07,279 [pool-117-thread-1] INFO  impl.RaftServerImpl (RaftServerImpl.java:start(185)) - c90ec3f3-d421-4e55-9ed5-50760aadc6ca@group-0965524EA7E4: start as a follower, conf=-1: [c90ec3f3-d421-4e55-9ed5-50760aadc6ca:192.168.30.13:32863], old=null
2019-09-26 10:52:07,280 [pool-117-thread-1] INFO  impl.RaftServerImpl (RaftServerImpl.java:setRole(174)) - c90ec3f3-d421-4e55-9ed5-50760aadc6ca@group-0965524EA7E4: changes role from      null to FOLLOWER at term 0 for startAsFollower
2019-09-26 10:52:07,280 [pool-117-thread-1] INFO  impl.RoleInfo (RoleInfo.java:updateAndGet(143)) - c90ec3f3-d421-4e55-9ed5-50760aadc6ca: start FollowerState
2019-09-26 10:52:07,280 [pool-117-thread-1] INFO  util.JmxRegister (JmxRegister.java:tryRegister(44)) - Successfully registered JMX Bean with object name Ratis:service=RaftServer,group=group-0965524EA7E4,id=c90ec3f3-d421-4e55-9ed5-50760aadc6ca
2019-09-26 10:52:07,283 [RatisPipelineUtilsThread] INFO  pipeline.PipelineStateManager (PipelineStateManager.java:addPipeline(56)) - Created pipeline Pipeline[ Id: 11669679-3204-49ef-bb21-0965524ea7e4, Nodes: c90ec3f3-d421-4e55-9ed5-50760aadc6ca{ip: 192.168.30.13, host: pr-hdds-1569-wvzgm-824869521, networkLocation: /default-rack, certSerialId: null}, Type:RATIS, Factor:ONE, State:OPEN]
2019-09-26 10:52:07,283 [RatisPipelineUtilsThread] INFO  pipeline.PipelinePlacementPolicy (PipelinePlacementPolicy.java:meetCriteria(91)) - Pipeline Placement: can't place more pipeline on heavy datanode： 2253380d-6ddc-421c-86f6-26acdb90a8c4 Heaviness: 6 limit: 5
2019-09-26 10:52:07,283 [RatisPipelineUtilsThread] INFO  pipeline.PipelinePlacementPolicy (PipelinePlacementPolicy.java:meetCriteria(91)) - Pipeline Placement: can't place more pipeline on heavy datanode： 557f9f1f-13f1-4e9a-b9bb-f7fbe560edab Heaviness: 6 limit: 5
2019-09-26 10:52:07,283 [RatisPipelineUtilsThread] INFO  pipeline.PipelinePlacementPolicy (PipelinePlacementPolicy.java:meetCriteria(91)) - Pipeline Placement: can't place more pipeline on heavy datanode： 0c06663d-3a07-4175-8dd2-9d41b1b53b1e Heaviness: 6 limit: 5
2019-09-26 10:52:07,283 [RatisPipelineUtilsThread] INFO  pipeline.PipelinePlacementPolicy (PipelinePlacementPolicy.java:meetCriteria(91)) - Pipeline Placement: can't place more pipeline on heavy datanode： be8031e7-e5bc-4989-a875-174452875862 Heaviness: 6 limit: 5
2019-09-26 10:52:07,283 [RatisPipelineUtilsThread] INFO  pipeline.PipelinePlacementPolicy (PipelinePlacementPolicy.java:meetCriteria(91)) - Pipeline Placement: can't place more pipeline on heavy datanode： 474bca52-b9cd-4602-ad06-63718c1fead5 Heaviness: 6 limit: 5
2019-09-26 10:52:07,283 [RatisPipelineUtilsThread] INFO  pipeline.PipelinePlacementPolicy (PipelinePlacementPolicy.java:meetCriteria(91)) - Pipeline Placement: can't place more pipeline on heavy datanode： c0d2ea87-aa22-42eb-bba4-0246f89d2958 Heaviness: 6 limit: 5
2019-09-26 10:52:07,283 [RatisPipelineUtilsThread] INFO  pipeline.PipelinePlacementPolicy (PipelinePlacementPolicy.java:meetCriteria(91)) - Pipeline Placement: can't place more pipeline on heavy datanode： 74579fe5-f222-4a32-8361-e642639fe135 Heaviness: 6 limit: 5
2019-09-26 10:52:07,284 [RatisPipelineUtilsThread] INFO  pipeline.PipelinePlacementPolicy (PipelinePlacementPolicy.java:meetCriteria(91)) - Pipeline Placement: can't place more pipeline on heavy datanode： 87e84624-1b40-4389-b682-d98fe76436d1 Heaviness: 6 limit: 5
2019-09-26 10:52:07,284 [RatisPipelineUtilsThread] INFO  pipeline.PipelinePlacementPolicy (PipelinePlacementPolicy.java:meetCriteria(91)) - Pipeline Placement: can't place more pipeline on heavy datanode： dd9d2e05-3ffa-4f1c-8a80-938e5f4f3192 Heaviness: 6 limit: 5
2019-09-26 10:52:07,288 [grpc-default-executor-1] INFO  impl.RaftServerProxy (RaftServerProxy.java:addNew(89)) - c90ec3f3-d421-4e55-9ed5-50760aadc6ca: addNew group-B4FB09DB6EFC:[c90ec3f3-d421-4e55-9ed5-50760aadc6ca:192.168.30.13:32863] returns group-B4FB09DB6EFC:java.util.concurrent.CompletableFuture@27c61ced[Not completed]
2019-09-26 10:52:07,290 [pool-117-thread-1] INFO  impl.RaftServerImpl (RaftServerImpl.java:<init>(95)) - c90ec3f3-d421-4e55-9ed5-50760aadc6ca: new RaftServerImpl for group-B4FB09DB6EFC:[c90ec3f3-d421-4e55-9ed5-50760aadc6ca:192.168.30.13:32863] with ContainerStateMachine:uninitialized
2019-09-26 10:52:07,290 [pool-117-thread-1] INFO  server.RaftServerConfigKeys (ConfUtils.java:logGet(43)) - raft.server.rpc.timeout.min = 5s (custom)
2019-09-26 10:52:07,290 [pool-117-thread-1] INFO  server.RaftServerConfigKeys (ConfUtils.java:logGet(43)) - raft.server.rpc.timeout.max = 5200ms (custom)
2019-09-26 10:52:07,290 [pool-117-thread-1] INFO  server.RaftServerConfigKeys (ConfUtils.java:logGet(43)) - raft.server.rpcslowness.timeout = 120s (custom)
2019-09-26 10:52:07,290 [pool-117-thread-1] INFO  server.RaftServerConfigKeys (ConfUtils.java:logGet(43)) - raft.server.sleep.deviation.threshold = 300 (default)
2019-09-26 10:52:07,290 [pool-117-thread-1] INFO  server.RaftServerConfigKeys (ConfUtils.java:logGet(43)) - raft.server.log.appender.install.snapshot.enabled = false (custom)
2019-09-26 10:52:07,290 [pool-117-thread-1] INFO  impl.RaftServerImpl (ServerState.java:<init>(103)) - c90ec3f3-d421-4e55-9ed5-50760aadc6ca@group-B4FB09DB6EFC: ConfigurationManager, init=-1: [c90ec3f3-d421-4e55-9ed5-50760aadc6ca:192.168.30.13:32863], old=null, confs=<EMPTY_MAP>
2019-09-26 10:52:07,290 [pool-117-thread-1] INFO  server.RaftServerConfigKeys (ConfUtils.java:logGet(43)) - raft.server.storage.dir = [/workdir/hadoop-ozone/ozonefs/target/test-dir/MiniOzoneClusterImpl-b00a5744-6e73-4fa1-a928-c24f0d5ffca4/datanode-9/data/ratis] (custom)
2019-09-26 10:52:07,291 [pool-117-thread-1] INFO  storage.RaftStorageDirectory (RaftStorageDirectory.java:analyzeStorage(246)) - The storage directory /workdir/hadoop-ozone/ozonefs/target/test-dir/MiniOzoneClusterImpl-b00a5744-6e73-4fa1-a928-c24f0d5ffca4/datanode-9/data/ratis/b7836407-91b6-4f97-beb8-b4fb09db6efc does not exist. Creating ...
2019-09-26 10:52:07,304 [pool-117-thread-1] INFO  storage.RaftStorageDirectory (RaftStorageDirectory.java:tryLock(328)) - Lock on /workdir/hadoop-ozone/ozonefs/target/test-dir/MiniOzoneClusterImpl-b00a5744-6e73-4fa1-a928-c24f0d5ffca4/datanode-9/data/ratis/b7836407-91b6-4f97-beb8-b4fb09db6efc/in_use.lock acquired by nodename 31132@pr-hdds-1569-wvzgm-824869521
2019-09-26 10:52:07,317 [pool-117-thread-1] INFO  storage.RaftStorage (RaftStorage.java:format(72)) - Storage directory /workdir/hadoop-ozone/ozonefs/target/test-dir/MiniOzoneClusterImpl-b00a5744-6e73-4fa1-a928-c24f0d5ffca4/datanode-9/data/ratis/b7836407-91b6-4f97-beb8-b4fb09db6efc has been successfully formatted.
2019-09-26 10:52:07,317 [pool-117-thread-1] INFO  ratis.ContainerStateMachine (ContainerStateMachine.java:loadSnapshot(230)) - group-B4FB09DB6EFC: The snapshot info is null. Setting the last applied indexto:(t:0, i:~)
2019-09-26 10:52:07,317 [pool-117-thread-1] INFO  server.RaftServerConfigKeys (ConfUtils.java:logGet(43)) - raft.server.notification.no-leader.timeout = 120s (custom)
2019-09-26 10:52:07,317 [pool-117-thread-1] INFO  server.RaftServerConfigKeys (ConfUtils.java:logGet(43)) - raft.server.log.use.memory = false (default)
2019-09-26 10:52:07,317 [pool-117-thread-1] INFO  server.RaftServerConfigKeys (ConfUtils.java:logGet(43)) - raft.server.log.purge.gap = 1000000 (custom)
2019-09-26 10:52:07,318 [pool-117-thread-1] INFO  server.RaftServerConfigKeys (ConfUtils.java:logGet(43)) - raft.server.log.appender.buffer.byte-limit = 33554432 (custom)
2019-09-26 10:52:07,318 [pool-117-thread-1] INFO  server.RaftServerConfigKeys (ConfUtils.java:logGet(43)) - raft.server.log.segment.size.max = 1048576 (custom)
2019-09-26 10:52:07,318 [pool-117-thread-1] INFO  server.RaftServerConfigKeys (ConfUtils.java:logGet(43)) - raft.server.log.segment.cache.num.max = 2 (custom)
2019-09-26 10:52:07,318 [pool-117-thread-1] INFO  segmented.SegmentedRaftLogWorker (SegmentedRaftLogWorker.java:<init>(172)) - new c90ec3f3-d421-4e55-9ed5-50760aadc6ca@group-B4FB09DB6EFC-SegmentedRaftLogWorker for RaftStorage:Storage Directory /workdir/hadoop-ozone/ozonefs/target/test-dir/MiniOzoneClusterImpl-b00a5744-6e73-4fa1-a928-c24f0d5ffca4/datanode-9/data/ratis/b7836407-91b6-4f97-beb8-b4fb09db6efc
2019-09-26 10:52:07,318 [pool-117-thread-1] INFO  server.RaftServerConfigKeys (ConfUtils.java:logGet(43)) - raft.server.log.queue.byte-limit = 2147483647 (custom)
2019-09-26 10:52:07,318 [pool-117-thread-1] INFO  server.RaftServerConfigKeys (ConfUtils.java:logGet(43)) - raft.server.log.queue.element-limit = 1024 (custom)
2019-09-26 10:52:07,318 [pool-117-thread-1] INFO  server.RaftServerConfigKeys (ConfUtils.java:logGet(43)) - raft.server.log.segment.size.max = 1048576 (custom)
2019-09-26 10:52:07,318 [pool-117-thread-1] INFO  server.RaftServerConfigKeys (ConfUtils.java:logGet(43)) - raft.server.log.preallocated.size = 16384 (custom)
2019-09-26 10:52:07,319 [pool-117-thread-1] INFO  server.RaftServerConfigKeys (ConfUtils.java:logGet(43)) - raft.server.log.write.buffer.size = 33554432 (custom)
2019-09-26 10:52:07,319 [pool-117-thread-1] INFO  server.RaftServerConfigKeys (ConfUtils.java:logGet(43)) - raft.server.log.force.sync.num = 128 (default)
2019-09-26 10:52:07,319 [pool-117-thread-1] INFO  server.RaftServerConfigKeys (ConfUtils.java:logGet(43)) - raft.server.log.statemachine.data.sync = true (default)
2019-09-26 10:52:07,319 [pool-117-thread-1] INFO  server.RaftServerConfigKeys (ConfUtils.java:logGet(43)) - raft.server.log.statemachine.data.sync.timeout = 10s (default)
2019-09-26 10:52:07,319 [pool-117-thread-1] INFO  server.RaftServerConfigKeys (ConfUtils.java:logGet(43)) - raft.server.log.statemachine.data.sync.timeout.retry = -1 (default)
2019-09-26 10:52:07,319 [pool-117-thread-1] INFO  server.RaftServerConfigKeys (ConfUtils.java:logGet(43)) - raft.server.log.statemachine.data.caching.enabled = true (custom)
2019-09-26 10:52:07,320 [pool-117-thread-1] INFO  segmented.SegmentedRaftLogWorker (SegmentedRaftLogWorker.java:lambda$new$0(132)) - c90ec3f3-d421-4e55-9ed5-50760aadc6ca@group-B4FB09DB6EFC-SegmentedRaftLogWorker: flushIndex: setUnconditionally 0 -> -1
2019-09-26 10:52:07,320 [pool-117-thread-1] INFO  server.RaftServerConfigKeys (ConfUtils.java:logGet(43)) - raft.server.snapshot.auto.trigger.enabled = true (custom)
2019-09-26 10:52:07,320 [pool-117-thread-1] INFO  server.RaftServerConfigKeys (ConfUtils.java:logGet(43)) - raft.server.snapshot.auto.trigger.threshold = 10000 (custom)
2019-09-26 10:52:07,320 [pool-117-thread-1] INFO  server.RaftServerConfigKeys (ConfUtils.java:logGet(43)) - raft.server.snapshot.retention.num.files = 5 (custom)
2019-09-26 10:52:07,320 [pool-117-thread-1] INFO  server.RaftServerConfigKeys (ConfUtils.java:logGet(43)) - raft.server.retrycache.expirytime = 600000ms (custom)
2019-09-26 10:52:07,323 [pool-117-thread-1] INFO  impl.RaftServerImpl (RaftServerImpl.java:start(185)) - c90ec3f3-d421-4e55-9ed5-50760aadc6ca@group-B4FB09DB6EFC: start as a follower, conf=-1: [c90ec3f3-d421-4e55-9ed5-50760aadc6ca:192.168.30.13:32863], old=null
2019-09-26 10:52:07,323 [pool-117-thread-1] INFO  impl.RaftServerImpl (RaftServerImpl.java:setRole(174)) - c90ec3f3-d421-4e55-9ed5-50760aadc6ca@group-B4FB09DB6EFC: changes role from      null to FOLLOWER at term 0 for startAsFollower
2019-09-26 10:52:07,323 [pool-117-thread-1] INFO  impl.RoleInfo (RoleInfo.java:updateAndGet(143)) - c90ec3f3-d421-4e55-9ed5-50760aadc6ca: start FollowerState
2019-09-26 10:52:07,323 [pool-117-thread-1] INFO  util.JmxRegister (JmxRegister.java:tryRegister(44)) - Successfully registered JMX Bean with object name Ratis:service=RaftServer,group=group-B4FB09DB6EFC,id=c90ec3f3-d421-4e55-9ed5-50760aadc6ca
2019-09-26 10:52:07,326 [RatisPipelineUtilsThread] INFO  pipeline.PipelineStateManager (PipelineStateManager.java:addPipeline(56)) - Created pipeline Pipeline[ Id: b7836407-91b6-4f97-beb8-b4fb09db6efc, Nodes: c90ec3f3-d421-4e55-9ed5-50760aadc6ca{ip: 192.168.30.13, host: pr-hdds-1569-wvzgm-824869521, networkLocation: /default-rack, certSerialId: null}, Type:RATIS, Factor:ONE, State:OPEN]
2019-09-26 10:52:07,326 [RatisPipelineUtilsThread] INFO  pipeline.PipelinePlacementPolicy (PipelinePlacementPolicy.java:meetCriteria(91)) - Pipeline Placement: can't place more pipeline on heavy datanode： 2253380d-6ddc-421c-86f6-26acdb90a8c4 Heaviness: 6 limit: 5
2019-09-26 10:52:07,326 [RatisPipelineUtilsThread] INFO  pipeline.PipelinePlacementPolicy (PipelinePlacementPolicy.java:meetCriteria(91)) - Pipeline Placement: can't place more pipeline on heavy datanode： 557f9f1f-13f1-4e9a-b9bb-f7fbe560edab Heaviness: 6 limit: 5
2019-09-26 10:52:07,326 [RatisPipelineUtilsThread] INFO  pipeline.PipelinePlacementPolicy (PipelinePlacementPolicy.java:meetCriteria(91)) - Pipeline Placement: can't place more pipeline on heavy datanode： 0c06663d-3a07-4175-8dd2-9d41b1b53b1e Heaviness: 6 limit: 5
2019-09-26 10:52:07,326 [RatisPipelineUtilsThread] INFO  pipeline.PipelinePlacementPolicy (PipelinePlacementPolicy.java:meetCriteria(91)) - Pipeline Placement: can't place more pipeline on heavy datanode： be8031e7-e5bc-4989-a875-174452875862 Heaviness: 6 limit: 5
2019-09-26 10:52:07,326 [RatisPipelineUtilsThread] INFO  pipeline.PipelinePlacementPolicy (PipelinePlacementPolicy.java:meetCriteria(91)) - Pipeline Placement: can't place more pipeline on heavy datanode： 474bca52-b9cd-4602-ad06-63718c1fead5 Heaviness: 6 limit: 5
2019-09-26 10:52:07,326 [RatisPipelineUtilsThread] INFO  pipeline.PipelinePlacementPolicy (PipelinePlacementPolicy.java:meetCriteria(91)) - Pipeline Placement: can't place more pipeline on heavy datanode： c0d2ea87-aa22-42eb-bba4-0246f89d2958 Heaviness: 6 limit: 5
2019-09-26 10:52:07,326 [RatisPipelineUtilsThread] INFO  pipeline.PipelinePlacementPolicy (PipelinePlacementPolicy.java:meetCriteria(91)) - Pipeline Placement: can't place more pipeline on heavy datanode： 74579fe5-f222-4a32-8361-e642639fe135 Heaviness: 6 limit: 5
2019-09-26 10:52:07,326 [RatisPipelineUtilsThread] INFO  pipeline.PipelinePlacementPolicy (PipelinePlacementPolicy.java:meetCriteria(91)) - Pipeline Placement: can't place more pipeline on heavy datanode： 87e84624-1b40-4389-b682-d98fe76436d1 Heaviness: 6 limit: 5
2019-09-26 10:52:07,326 [RatisPipelineUtilsThread] INFO  pipeline.PipelinePlacementPolicy (PipelinePlacementPolicy.java:meetCriteria(91)) - Pipeline Placement: can't place more pipeline on heavy datanode： dd9d2e05-3ffa-4f1c-8a80-938e5f4f3192 Heaviness: 6 limit: 5
2019-09-26 10:52:07,327 [RatisPipelineUtilsThread] INFO  pipeline.PipelinePlacementPolicy (PipelinePlacementPolicy.java:meetCriteria(91)) - Pipeline Placement: can't place more pipeline on heavy datanode： c90ec3f3-d421-4e55-9ed5-50760aadc6ca Heaviness: 6 limit: 5
2019-09-26 10:52:07,327 [RatisPipelineUtilsThread] ERROR pipeline.PipelinePlacementPolicy (PipelinePlacementPolicy.java:filterViableNodes(148)) - Unable to find enough nodes that meet the criteria that cannot engage in more than 5 pipelines. Nodes required: 1 Found: 0, healthy nodes count inNodeManager: 10.
2019-09-26 10:52:07,328 [RatisPipelineUtilsThread] ERROR pipeline.SCMPipelineManager (SCMPipelineManager.java:createPipeline(167)) - Pipeline creation failed.
org.apache.hadoop.hdds.scm.exceptions.SCMException: Unable to find enough nodes that meet the criteria that cannot engage in more than 5 pipelines. Nodes required: 1 Found: 0, healthy nodes count inNodeManager: 10.
	at org.apache.hadoop.hdds.scm.pipeline.PipelinePlacementPolicy.filterViableNodes(PipelinePlacementPolicy.java:149)
	at org.apache.hadoop.hdds.scm.pipeline.PipelinePlacementPolicy.chooseDatanodes(PipelinePlacementPolicy.java:172)
	at org.apache.hadoop.hdds.scm.pipeline.RatisPipelineProvider.create(RatisPipelineProvider.java:93)
	at org.apache.hadoop.hdds.scm.pipeline.PipelineFactory.create(PipelineFactory.java:58)
	at org.apache.hadoop.hdds.scm.pipeline.SCMPipelineManager.createPipeline(SCMPipelineManager.java:155)
	at org.apache.hadoop.hdds.scm.pipeline.BackgroundPipelineCreator.createPipelines(BackgroundPipelineCreator.java:99)
	at java.util.concurrent.Executors$RunnableAdapter.call(Executors.java:511)
	at java.util.concurrent.FutureTask.run(FutureTask.java:266)
	at java.util.concurrent.ScheduledThreadPoolExecutor$ScheduledFutureTask.access$201(ScheduledThreadPoolExecutor.java:180)
	at java.util.concurrent.ScheduledThreadPoolExecutor$ScheduledFutureTask.run(ScheduledThreadPoolExecutor.java:293)
	at java.util.concurrent.ThreadPoolExecutor.runWorker(ThreadPoolExecutor.java:1149)
	at java.util.concurrent.ThreadPoolExecutor$Worker.run(ThreadPoolExecutor.java:624)
	at java.lang.Thread.run(Thread.java:748)
2019-09-26 10:52:07,330 [RatisPipelineUtilsThread] INFO  pipeline.PipelinePlacementPolicy (PipelinePlacementPolicy.java:meetCriteria(91)) - Pipeline Placement: can't place more pipeline on heavy datanode： 2253380d-6ddc-421c-86f6-26acdb90a8c4 Heaviness: 6 limit: 5
2019-09-26 10:52:07,330 [RatisPipelineUtilsThread] INFO  pipeline.PipelinePlacementPolicy (PipelinePlacementPolicy.java:meetCriteria(91)) - Pipeline Placement: can't place more pipeline on heavy datanode： 557f9f1f-13f1-4e9a-b9bb-f7fbe560edab Heaviness: 6 limit: 5
2019-09-26 10:52:07,330 [RatisPipelineUtilsThread] INFO  pipeline.PipelinePlacementPolicy (PipelinePlacementPolicy.java:meetCriteria(91)) - Pipeline Placement: can't place more pipeline on heavy datanode： 0c06663d-3a07-4175-8dd2-9d41b1b53b1e Heaviness: 6 limit: 5
2019-09-26 10:52:07,330 [RatisPipelineUtilsThread] INFO  pipeline.PipelinePlacementPolicy (PipelinePlacementPolicy.java:meetCriteria(91)) - Pipeline Placement: can't place more pipeline on heavy datanode： be8031e7-e5bc-4989-a875-174452875862 Heaviness: 6 limit: 5
2019-09-26 10:52:07,330 [RatisPipelineUtilsThread] INFO  pipeline.PipelinePlacementPolicy (PipelinePlacementPolicy.java:meetCriteria(91)) - Pipeline Placement: can't place more pipeline on heavy datanode： 474bca52-b9cd-4602-ad06-63718c1fead5 Heaviness: 6 limit: 5
2019-09-26 10:52:07,330 [RatisPipelineUtilsThread] INFO  pipeline.PipelinePlacementPolicy (PipelinePlacementPolicy.java:meetCriteria(91)) - Pipeline Placement: can't place more pipeline on heavy datanode： c0d2ea87-aa22-42eb-bba4-0246f89d2958 Heaviness: 6 limit: 5
2019-09-26 10:52:07,330 [RatisPipelineUtilsThread] INFO  pipeline.PipelinePlacementPolicy (PipelinePlacementPolicy.java:meetCriteria(91)) - Pipeline Placement: can't place more pipeline on heavy datanode： 74579fe5-f222-4a32-8361-e642639fe135 Heaviness: 6 limit: 5
2019-09-26 10:52:07,330 [RatisPipelineUtilsThread] INFO  pipeline.PipelinePlacementPolicy (PipelinePlacementPolicy.java:meetCriteria(91)) - Pipeline Placement: can't place more pipeline on heavy datanode： 87e84624-1b40-4389-b682-d98fe76436d1 Heaviness: 6 limit: 5
2019-09-26 10:52:07,331 [RatisPipelineUtilsThread] INFO  pipeline.PipelinePlacementPolicy (PipelinePlacementPolicy.java:meetCriteria(91)) - Pipeline Placement: can't place more pipeline on heavy datanode： dd9d2e05-3ffa-4f1c-8a80-938e5f4f3192 Heaviness: 6 limit: 5
2019-09-26 10:52:07,331 [RatisPipelineUtilsThread] INFO  pipeline.PipelinePlacementPolicy (PipelinePlacementPolicy.java:meetCriteria(91)) - Pipeline Placement: can't place more pipeline on heavy datanode： c90ec3f3-d421-4e55-9ed5-50760aadc6ca Heaviness: 6 limit: 5
2019-09-26 10:52:07,331 [RatisPipelineUtilsThread] ERROR pipeline.PipelinePlacementPolicy (PipelinePlacementPolicy.java:filterViableNodes(148)) - Unable to find enough nodes that meet the criteria that cannot engage in more than 5 pipelines. Nodes required: 3 Found: 0, healthy nodes count inNodeManager: 10.
2019-09-26 10:52:07,331 [RatisPipelineUtilsThread] ERROR pipeline.SCMPipelineManager (SCMPipelineManager.java:createPipeline(167)) - Pipeline creation failed.
org.apache.hadoop.hdds.scm.exceptions.SCMException: Unable to find enough nodes that meet the criteria that cannot engage in more than 5 pipelines. Nodes required: 3 Found: 0, healthy nodes count inNodeManager: 10.
	at org.apache.hadoop.hdds.scm.pipeline.PipelinePlacementPolicy.filterViableNodes(PipelinePlacementPolicy.java:149)
	at org.apache.hadoop.hdds.scm.pipeline.PipelinePlacementPolicy.chooseDatanodes(PipelinePlacementPolicy.java:172)
	at org.apache.hadoop.hdds.scm.pipeline.RatisPipelineProvider.create(RatisPipelineProvider.java:93)
	at org.apache.hadoop.hdds.scm.pipeline.PipelineFactory.create(PipelineFactory.java:58)
	at org.apache.hadoop.hdds.scm.pipeline.SCMPipelineManager.createPipeline(SCMPipelineManager.java:155)
	at org.apache.hadoop.hdds.scm.pipeline.BackgroundPipelineCreator.createPipelines(BackgroundPipelineCreator.java:99)
	at java.util.concurrent.Executors$RunnableAdapter.call(Executors.java:511)
	at java.util.concurrent.FutureTask.run(FutureTask.java:266)
	at java.util.concurrent.ScheduledThreadPoolExecutor$ScheduledFutureTask.access$201(ScheduledThreadPoolExecutor.java:180)
	at java.util.concurrent.ScheduledThreadPoolExecutor$ScheduledFutureTask.run(ScheduledThreadPoolExecutor.java:293)
	at java.util.concurrent.ThreadPoolExecutor.runWorker(ThreadPoolExecutor.java:1149)
	at java.util.concurrent.ThreadPoolExecutor$Worker.run(ThreadPoolExecutor.java:624)
	at java.lang.Thread.run(Thread.java:748)
2019-09-26 10:52:07,331 [RatisPipelineUtilsThread] INFO  pipeline.PipelinePlacementPolicy (PipelinePlacementPolicy.java:meetCriteria(91)) - Pipeline Placement: can't place more pipeline on heavy datanode： 2253380d-6ddc-421c-86f6-26acdb90a8c4 Heaviness: 6 limit: 5
2019-09-26 10:52:07,331 [RatisPipelineUtilsThread] INFO  pipeline.PipelinePlacementPolicy (PipelinePlacementPolicy.java:meetCriteria(91)) - Pipeline Placement: can't place more pipeline on heavy datanode： 557f9f1f-13f1-4e9a-b9bb-f7fbe560edab Heaviness: 6 limit: 5
2019-09-26 10:52:07,332 [RatisPipelineUtilsThread] INFO  pipeline.PipelinePlacementPolicy (PipelinePlacementPolicy.java:meetCriteria(91)) - Pipeline Placement: can't place more pipeline on heavy datanode： 0c06663d-3a07-4175-8dd2-9d41b1b53b1e Heaviness: 6 limit: 5
2019-09-26 10:52:07,332 [RatisPipelineUtilsThread] INFO  pipeline.PipelinePlacementPolicy (PipelinePlacementPolicy.java:meetCriteria(91)) - Pipeline Placement: can't place more pipeline on heavy datanode： be8031e7-e5bc-4989-a875-174452875862 Heaviness: 6 limit: 5
2019-09-26 10:52:07,332 [RatisPipelineUtilsThread] INFO  pipeline.PipelinePlacementPolicy (PipelinePlacementPolicy.java:meetCriteria(91)) - Pipeline Placement: can't place more pipeline on heavy datanode： 474bca52-b9cd-4602-ad06-63718c1fead5 Heaviness: 6 limit: 5
2019-09-26 10:52:07,332 [RatisPipelineUtilsThread] INFO  pipeline.PipelinePlacementPolicy (PipelinePlacementPolicy.java:meetCriteria(91)) - Pipeline Placement: can't place more pipeline on heavy datanode： c0d2ea87-aa22-42eb-bba4-0246f89d2958 Heaviness: 6 limit: 5
2019-09-26 10:52:07,332 [RatisPipelineUtilsThread] INFO  pipeline.PipelinePlacementPolicy (PipelinePlacementPolicy.java:meetCriteria(91)) - Pipeline Placement: can't place more pipeline on heavy datanode： 74579fe5-f222-4a32-8361-e642639fe135 Heaviness: 6 limit: 5
2019-09-26 10:52:07,332 [RatisPipelineUtilsThread] INFO  pipeline.PipelinePlacementPolicy (PipelinePlacementPolicy.java:meetCriteria(91)) - Pipeline Placement: can't place more pipeline on heavy datanode： 87e84624-1b40-4389-b682-d98fe76436d1 Heaviness: 6 limit: 5
2019-09-26 10:52:07,332 [RatisPipelineUtilsThread] INFO  pipeline.PipelinePlacementPolicy (PipelinePlacementPolicy.java:meetCriteria(91)) - Pipeline Placement: can't place more pipeline on heavy datanode： dd9d2e05-3ffa-4f1c-8a80-938e5f4f3192 Heaviness: 6 limit: 5
2019-09-26 10:52:07,332 [RatisPipelineUtilsThread] INFO  pipeline.PipelinePlacementPolicy (PipelinePlacementPolicy.java:meetCriteria(91)) - Pipeline Placement: can't place more pipeline on heavy datanode： c90ec3f3-d421-4e55-9ed5-50760aadc6ca Heaviness: 6 limit: 5
2019-09-26 10:52:07,332 [RatisPipelineUtilsThread] ERROR pipeline.PipelinePlacementPolicy (PipelinePlacementPolicy.java:filterViableNodes(148)) - Unable to find enough nodes that meet the criteria that cannot engage in more than 5 pipelines. Nodes required: 1 Found: 0, healthy nodes count inNodeManager: 10.
2019-09-26 10:52:07,333 [RatisPipelineUtilsThread] ERROR pipeline.SCMPipelineManager (SCMPipelineManager.java:createPipeline(167)) - Pipeline creation failed.
org.apache.hadoop.hdds.scm.exceptions.SCMException: Unable to find enough nodes that meet the criteria that cannot engage in more than 5 pipelines. Nodes required: 1 Found: 0, healthy nodes count inNodeManager: 10.
	at org.apache.hadoop.hdds.scm.pipeline.PipelinePlacementPolicy.filterViableNodes(PipelinePlacementPolicy.java:149)
	at org.apache.hadoop.hdds.scm.pipeline.PipelinePlacementPolicy.chooseDatanodes(PipelinePlacementPolicy.java:172)
	at org.apache.hadoop.hdds.scm.pipeline.RatisPipelineProvider.create(RatisPipelineProvider.java:93)
	at org.apache.hadoop.hdds.scm.pipeline.PipelineFactory.create(PipelineFactory.java:58)
	at org.apache.hadoop.hdds.scm.pipeline.SCMPipelineManager.createPipeline(SCMPipelineManager.java:155)
	at org.apache.hadoop.hdds.scm.pipeline.BackgroundPipelineCreator.createPipelines(BackgroundPipelineCreator.java:99)
	at org.apache.hadoop.hdds.scm.pipeline.BackgroundPipelineCreator.lambda$startFixedIntervalPipelineCreator$0(BackgroundPipelineCreator.java:70)
	at java.util.concurrent.Executors$RunnableAdapter.call(Executors.java:511)
	at java.util.concurrent.FutureTask.runAndReset(FutureTask.java:308)
	at java.util.concurrent.ScheduledThreadPoolExecutor$ScheduledFutureTask.access$301(ScheduledThreadPoolExecutor.java:180)
	at java.util.concurrent.ScheduledThreadPoolExecutor$ScheduledFutureTask.run(ScheduledThreadPoolExecutor.java:294)
	at java.util.concurrent.ThreadPoolExecutor.runWorker(ThreadPoolExecutor.java:1149)
	at java.util.concurrent.ThreadPoolExecutor$Worker.run(ThreadPoolExecutor.java:624)
	at java.lang.Thread.run(Thread.java:748)
2019-09-26 10:52:07,333 [RatisPipelineUtilsThread] INFO  pipeline.PipelinePlacementPolicy (PipelinePlacementPolicy.java:meetCriteria(91)) - Pipeline Placement: can't place more pipeline on heavy datanode： 2253380d-6ddc-421c-86f6-26acdb90a8c4 Heaviness: 6 limit: 5
2019-09-26 10:52:07,333 [RatisPipelineUtilsThread] INFO  pipeline.PipelinePlacementPolicy (PipelinePlacementPolicy.java:meetCriteria(91)) - Pipeline Placement: can't place more pipeline on heavy datanode： 557f9f1f-13f1-4e9a-b9bb-f7fbe560edab Heaviness: 6 limit: 5
2019-09-26 10:52:07,333 [RatisPipelineUtilsThread] INFO  pipeline.PipelinePlacementPolicy (PipelinePlacementPolicy.java:meetCriteria(91)) - Pipeline Placement: can't place more pipeline on heavy datanode： 0c06663d-3a07-4175-8dd2-9d41b1b53b1e Heaviness: 6 limit: 5
2019-09-26 10:52:07,333 [RatisPipelineUtilsThread] INFO  pipeline.PipelinePlacementPolicy (PipelinePlacementPolicy.java:meetCriteria(91)) - Pipeline Placement: can't place more pipeline on heavy datanode： be8031e7-e5bc-4989-a875-174452875862 Heaviness: 6 limit: 5
2019-09-26 10:52:07,333 [RatisPipelineUtilsThread] INFO  pipeline.PipelinePlacementPolicy (PipelinePlacementPolicy.java:meetCriteria(91)) - Pipeline Placement: can't place more pipeline on heavy datanode： 474bca52-b9cd-4602-ad06-63718c1fead5 Heaviness: 6 limit: 5
2019-09-26 10:52:07,333 [RatisPipelineUtilsThread] INFO  pipeline.PipelinePlacementPolicy (PipelinePlacementPolicy.java:meetCriteria(91)) - Pipeline Placement: can't place more pipeline on heavy datanode： c0d2ea87-aa22-42eb-bba4-0246f89d2958 Heaviness: 6 limit: 5
2019-09-26 10:52:07,333 [RatisPipelineUtilsThread] INFO  pipeline.PipelinePlacementPolicy (PipelinePlacementPolicy.java:meetCriteria(91)) - Pipeline Placement: can't place more pipeline on heavy datanode： 74579fe5-f222-4a32-8361-e642639fe135 Heaviness: 6 limit: 5
2019-09-26 10:52:07,334 [RatisPipelineUtilsThread] INFO  pipeline.PipelinePlacementPolicy (PipelinePlacementPolicy.java:meetCriteria(91)) - Pipeline Placement: can't place more pipeline on heavy datanode： 87e84624-1b40-4389-b682-d98fe76436d1 Heaviness: 6 limit: 5
2019-09-26 10:52:07,334 [RatisPipelineUtilsThread] INFO  pipeline.PipelinePlacementPolicy (PipelinePlacementPolicy.java:meetCriteria(91)) - Pipeline Placement: can't place more pipeline on heavy datanode： dd9d2e05-3ffa-4f1c-8a80-938e5f4f3192 Heaviness: 6 limit: 5
2019-09-26 10:52:07,334 [RatisPipelineUtilsThread] INFO  pipeline.PipelinePlacementPolicy (PipelinePlacementPolicy.java:meetCriteria(91)) - Pipeline Placement: can't place more pipeline on heavy datanode： c90ec3f3-d421-4e55-9ed5-50760aadc6ca Heaviness: 6 limit: 5
2019-09-26 10:52:07,334 [RatisPipelineUtilsThread] ERROR pipeline.PipelinePlacementPolicy (PipelinePlacementPolicy.java:filterViableNodes(148)) - Unable to find enough nodes that meet the criteria that cannot engage in more than 5 pipelines. Nodes required: 3 Found: 0, healthy nodes count inNodeManager: 10.
2019-09-26 10:52:07,334 [RatisPipelineUtilsThread] ERROR pipeline.SCMPipelineManager (SCMPipelineManager.java:createPipeline(167)) - Pipeline creation failed.
org.apache.hadoop.hdds.scm.exceptions.SCMException: Unable to find enough nodes that meet the criteria that cannot engage in more than 5 pipelines. Nodes required: 3 Found: 0, healthy nodes count inNodeManager: 10.
	at org.apache.hadoop.hdds.scm.pipeline.PipelinePlacementPolicy.filterViableNodes(PipelinePlacementPolicy.java:149)
	at org.apache.hadoop.hdds.scm.pipeline.PipelinePlacementPolicy.chooseDatanodes(PipelinePlacementPolicy.java:172)
	at org.apache.hadoop.hdds.scm.pipeline.RatisPipelineProvider.create(RatisPipelineProvider.java:93)
	at org.apache.hadoop.hdds.scm.pipeline.PipelineFactory.create(PipelineFactory.java:58)
	at org.apache.hadoop.hdds.scm.pipeline.SCMPipelineManager.createPipeline(SCMPipelineManager.java:155)
	at org.apache.hadoop.hdds.scm.pipeline.BackgroundPipelineCreator.createPipelines(BackgroundPipelineCreator.java:99)
	at org.apache.hadoop.hdds.scm.pipeline.BackgroundPipelineCreator.lambda$startFixedIntervalPipelineCreator$0(BackgroundPipelineCreator.java:70)
	at java.util.concurrent.Executors$RunnableAdapter.call(Executors.java:511)
	at java.util.concurrent.FutureTask.runAndReset(FutureTask.java:308)
	at java.util.concurrent.ScheduledThreadPoolExecutor$ScheduledFutureTask.access$301(ScheduledThreadPoolExecutor.java:180)
	at java.util.concurrent.ScheduledThreadPoolExecutor$ScheduledFutureTask.run(ScheduledThreadPoolExecutor.java:294)
	at java.util.concurrent.ThreadPoolExecutor.runWorker(ThreadPoolExecutor.java:1149)
	at java.util.concurrent.ThreadPoolExecutor$Worker.run(ThreadPoolExecutor.java:624)
	at java.lang.Thread.run(Thread.java:748)
2019-09-26 10:52:07,420 [0c06663d-3a07-4175-8dd2-9d41b1b53b1e@group-DEFD407AFBBD-SegmentedRaftLogWorker] INFO  segmented.SegmentedRaftLogWorker (SegmentedRaftLogWorker.java:execute(569)) - 0c06663d-3a07-4175-8dd2-9d41b1b53b1e@group-DEFD407AFBBD-SegmentedRaftLogWorker: created new log segment /workdir/hadoop-ozone/ozonefs/target/test-dir/MiniOzoneClusterImpl-b00a5744-6e73-4fa1-a928-c24f0d5ffca4/datanode-0/data/ratis/127a1392-7d10-4a45-af4e-defd407afbbd/current/log_inprogress_0
2019-09-26 10:52:07,497 [Thread-288] INFO  impl.FollowerState (FollowerState.java:run(106)) - be8031e7-e5bc-4989-a875-174452875862:group-C8BB06CFCCC8 changes to CANDIDATE, lastRpcTime:5173, electionTimeout:5171ms
2019-09-26 10:52:07,511 [Thread-288] INFO  impl.RoleInfo (RoleInfo.java:shutdownFollowerState(121)) - be8031e7-e5bc-4989-a875-174452875862: shutdown FollowerState
2019-09-26 10:52:07,511 [Thread-288] INFO  impl.RaftServerImpl (RaftServerImpl.java:setRole(174)) - be8031e7-e5bc-4989-a875-174452875862@group-C8BB06CFCCC8: changes role from  FOLLOWER to CANDIDATE at term 0 for changeToCandidate
2019-09-26 10:52:07,511 [Thread-288] INFO  impl.RoleInfo (RoleInfo.java:updateAndGet(143)) - be8031e7-e5bc-4989-a875-174452875862: start LeaderElection
2019-09-26 10:52:07,534 [be8031e7-e5bc-4989-a875-174452875862@group-C8BB06CFCCC8:LeaderElection2] INFO  impl.LeaderElection (LeaderElection.java:askForVotes(182)) - be8031e7-e5bc-4989-a875-174452875862@group-C8BB06CFCCC8:LeaderElection2: begin an election at term 1 for -1: [be8031e7-e5bc-4989-a875-174452875862:192.168.30.13:42793], old=null
2019-09-26 10:52:07,534 [be8031e7-e5bc-4989-a875-174452875862@group-C8BB06CFCCC8:LeaderElection2] INFO  impl.RoleInfo (RoleInfo.java:shutdownLeaderElection(134)) - be8031e7-e5bc-4989-a875-174452875862: shutdown LeaderElection
2019-09-26 10:52:07,534 [be8031e7-e5bc-4989-a875-174452875862@group-C8BB06CFCCC8:LeaderElection2] INFO  impl.RaftServerImpl (RaftServerImpl.java:setRole(174)) - be8031e7-e5bc-4989-a875-174452875862@group-C8BB06CFCCC8: changes role from CANDIDATE to LEADER at term 1 for changeToLeader
2019-09-26 10:52:07,535 [be8031e7-e5bc-4989-a875-174452875862@group-C8BB06CFCCC8:LeaderElection2] INFO  impl.RaftServerImpl (ServerState.java:setLeader(253)) - be8031e7-e5bc-4989-a875-174452875862@group-C8BB06CFCCC8: change Leader from null to be8031e7-e5bc-4989-a875-174452875862 at term 1 for becomeLeader, leader elected after 5231ms
2019-09-26 10:52:07,535 [be8031e7-e5bc-4989-a875-174452875862@group-C8BB06CFCCC8:LeaderElection2] INFO  server.RaftServerConfigKeys (ConfUtils.java:logGet(43)) - raft.server.staging.catchup.gap = 1000 (default)
2019-09-26 10:52:07,535 [be8031e7-e5bc-4989-a875-174452875862@group-C8BB06CFCCC8:LeaderElection2] INFO  server.RaftServerConfigKeys (ConfUtils.java:logGet(43)) - raft.server.rpc.sleep.time = 25ms (default)
2019-09-26 10:52:07,535 [be8031e7-e5bc-4989-a875-174452875862@group-C8BB06CFCCC8:LeaderElection2] INFO  server.RaftServerConfigKeys (ConfUtils.java:logGet(43)) - raft.server.write.element-limit = 4096 (default)
2019-09-26 10:52:07,535 [be8031e7-e5bc-4989-a875-174452875862@group-C8BB06CFCCC8:LeaderElection2] INFO  server.RaftServerConfigKeys (ConfUtils.java:logGet(43)) - raft.server.watch.timeout = 10s (default)
2019-09-26 10:52:07,535 [be8031e7-e5bc-4989-a875-174452875862@group-C8BB06CFCCC8:LeaderElection2] INFO  server.RaftServerConfigKeys (ConfUtils.java:logGet(43)) - raft.server.watch.timeout.denomination = 1s (default)
2019-09-26 10:52:07,536 [be8031e7-e5bc-4989-a875-174452875862@group-C8BB06CFCCC8:LeaderElection2] INFO  server.RaftServerConfigKeys (ConfUtils.java:logGet(43)) - raft.server.watch.element-limit = 65536 (default)
2019-09-26 10:52:07,538 [be8031e7-e5bc-4989-a875-174452875862@group-C8BB06CFCCC8:LeaderElection2] INFO  impl.RoleInfo (RoleInfo.java:updateAndGet(143)) - be8031e7-e5bc-4989-a875-174452875862: start LeaderState
2019-09-26 10:52:07,539 [be8031e7-e5bc-4989-a875-174452875862@group-C8BB06CFCCC8:LeaderElection2] INFO  segmented.SegmentedRaftLogWorker (SegmentedRaftLogWorker.java:startLogSegment(380)) - be8031e7-e5bc-4989-a875-174452875862@group-C8BB06CFCCC8-SegmentedRaftLogWorker: Starting segment from index:0
2019-09-26 10:52:07,539 [be8031e7-e5bc-4989-a875-174452875862@group-C8BB06CFCCC8:LeaderElection2] INFO  impl.RaftServerImpl (ServerState.java:setRaftConf(354)) - be8031e7-e5bc-4989-a875-174452875862@group-C8BB06CFCCC8: set configuration 0: [be8031e7-e5bc-4989-a875-174452875862:192.168.30.13:42793], old=null at 0
2019-09-26 10:52:07,591 [be8031e7-e5bc-4989-a875-174452875862@group-C8BB06CFCCC8-SegmentedRaftLogWorker] INFO  segmented.SegmentedRaftLogWorker (SegmentedRaftLogWorker.java:execute(569)) - be8031e7-e5bc-4989-a875-174452875862@group-C8BB06CFCCC8-SegmentedRaftLogWorker: created new log segment /workdir/hadoop-ozone/ozonefs/target/test-dir/MiniOzoneClusterImpl-b00a5744-6e73-4fa1-a928-c24f0d5ffca4/datanode-7/data/ratis/5c29b12a-c98e-4ce1-b518-c8bb06cfccc8/current/log_inprogress_0
2019-09-26 10:52:07,706 [Thread-294] INFO  impl.FollowerState (FollowerState.java:run(106)) - 87e84624-1b40-4389-b682-d98fe76436d1:group-D6408D1A4BB3 changes to CANDIDATE, lastRpcTime:5062, electionTimeout:5062ms
2019-09-26 10:52:07,710 [Thread-294] INFO  impl.RoleInfo (RoleInfo.java:shutdownFollowerState(121)) - 87e84624-1b40-4389-b682-d98fe76436d1: shutdown FollowerState
2019-09-26 10:52:07,710 [Thread-294] INFO  impl.RaftServerImpl (RaftServerImpl.java:setRole(174)) - 87e84624-1b40-4389-b682-d98fe76436d1@group-D6408D1A4BB3: changes role from  FOLLOWER to CANDIDATE at term 0 for changeToCandidate
2019-09-26 10:52:07,710 [Thread-294] INFO  impl.RoleInfo (RoleInfo.java:updateAndGet(143)) - 87e84624-1b40-4389-b682-d98fe76436d1: start LeaderElection
2019-09-26 10:52:07,714 [Thread-291] INFO  impl.FollowerState (FollowerState.java:run(106)) - 474bca52-b9cd-4602-ad06-63718c1fead5:group-22CB0531F6F1 changes to CANDIDATE, lastRpcTime:5175, electionTimeout:5174ms
2019-09-26 10:52:07,714 [Thread-291] INFO  impl.RoleInfo (RoleInfo.java:shutdownFollowerState(121)) - 474bca52-b9cd-4602-ad06-63718c1fead5: shutdown FollowerState
2019-09-26 10:52:07,717 [Thread-291] INFO  impl.RaftServerImpl (RaftServerImpl.java:setRole(174)) - 474bca52-b9cd-4602-ad06-63718c1fead5@group-22CB0531F6F1: changes role from  FOLLOWER to CANDIDATE at term 0 for changeToCandidate
2019-09-26 10:52:07,717 [Thread-291] INFO  impl.RoleInfo (RoleInfo.java:updateAndGet(143)) - 474bca52-b9cd-4602-ad06-63718c1fead5: start LeaderElection
2019-09-26 10:52:07,731 [87e84624-1b40-4389-b682-d98fe76436d1@group-D6408D1A4BB3:LeaderElection3] INFO  impl.LeaderElection (LeaderElection.java:askForVotes(182)) - 87e84624-1b40-4389-b682-d98fe76436d1@group-D6408D1A4BB3:LeaderElection3: begin an election at term 1 for -1: [87e84624-1b40-4389-b682-d98fe76436d1:192.168.30.13:32768], old=null
2019-09-26 10:52:07,731 [474bca52-b9cd-4602-ad06-63718c1fead5@group-22CB0531F6F1:LeaderElection4] INFO  impl.LeaderElection (LeaderElection.java:askForVotes(182)) - 474bca52-b9cd-4602-ad06-63718c1fead5@group-22CB0531F6F1:LeaderElection4: begin an election at term 1 for -1: [474bca52-b9cd-4602-ad06-63718c1fead5:192.168.30.13:39280], old=null
2019-09-26 10:52:07,734 [87e84624-1b40-4389-b682-d98fe76436d1@group-D6408D1A4BB3:LeaderElection3] INFO  impl.RoleInfo (RoleInfo.java:shutdownLeaderElection(134)) - 87e84624-1b40-4389-b682-d98fe76436d1: shutdown LeaderElection
2019-09-26 10:52:07,734 [474bca52-b9cd-4602-ad06-63718c1fead5@group-22CB0531F6F1:LeaderElection4] INFO  impl.RoleInfo (RoleInfo.java:shutdownLeaderElection(134)) - 474bca52-b9cd-4602-ad06-63718c1fead5: shutdown LeaderElection
2019-09-26 10:52:07,734 [87e84624-1b40-4389-b682-d98fe76436d1@group-D6408D1A4BB3:LeaderElection3] INFO  impl.RaftServerImpl (RaftServerImpl.java:setRole(174)) - 87e84624-1b40-4389-b682-d98fe76436d1@group-D6408D1A4BB3: changes role from CANDIDATE to LEADER at term 1 for changeToLeader
2019-09-26 10:52:07,735 [474bca52-b9cd-4602-ad06-63718c1fead5@group-22CB0531F6F1:LeaderElection4] INFO  impl.RaftServerImpl (RaftServerImpl.java:setRole(174)) - 474bca52-b9cd-4602-ad06-63718c1fead5@group-22CB0531F6F1: changes role from CANDIDATE to LEADER at term 1 for changeToLeader
2019-09-26 10:52:07,735 [87e84624-1b40-4389-b682-d98fe76436d1@group-D6408D1A4BB3:LeaderElection3] INFO  impl.RaftServerImpl (ServerState.java:setLeader(253)) - 87e84624-1b40-4389-b682-d98fe76436d1@group-D6408D1A4BB3: change Leader from null to 87e84624-1b40-4389-b682-d98fe76436d1 at term 1 for becomeLeader, leader elected after 5107ms
2019-09-26 10:52:07,735 [474bca52-b9cd-4602-ad06-63718c1fead5@group-22CB0531F6F1:LeaderElection4] INFO  impl.RaftServerImpl (ServerState.java:setLeader(253)) - 474bca52-b9cd-4602-ad06-63718c1fead5@group-22CB0531F6F1: change Leader from null to 474bca52-b9cd-4602-ad06-63718c1fead5 at term 1 for becomeLeader, leader elected after 5273ms
2019-09-26 10:52:07,735 [87e84624-1b40-4389-b682-d98fe76436d1@group-D6408D1A4BB3:LeaderElection3] INFO  server.RaftServerConfigKeys (ConfUtils.java:logGet(43)) - raft.server.staging.catchup.gap = 1000 (default)
2019-09-26 10:52:07,735 [474bca52-b9cd-4602-ad06-63718c1fead5@group-22CB0531F6F1:LeaderElection4] INFO  server.RaftServerConfigKeys (ConfUtils.java:logGet(43)) - raft.server.staging.catchup.gap = 1000 (default)
2019-09-26 10:52:07,735 [87e84624-1b40-4389-b682-d98fe76436d1@group-D6408D1A4BB3:LeaderElection3] INFO  server.RaftServerConfigKeys (ConfUtils.java:logGet(43)) - raft.server.rpc.sleep.time = 25ms (default)
2019-09-26 10:52:07,735 [474bca52-b9cd-4602-ad06-63718c1fead5@group-22CB0531F6F1:LeaderElection4] INFO  server.RaftServerConfigKeys (ConfUtils.java:logGet(43)) - raft.server.rpc.sleep.time = 25ms (default)
2019-09-26 10:52:07,736 [87e84624-1b40-4389-b682-d98fe76436d1@group-D6408D1A4BB3:LeaderElection3] INFO  server.RaftServerConfigKeys (ConfUtils.java:logGet(43)) - raft.server.write.element-limit = 4096 (default)
2019-09-26 10:52:07,736 [474bca52-b9cd-4602-ad06-63718c1fead5@group-22CB0531F6F1:LeaderElection4] INFO  server.RaftServerConfigKeys (ConfUtils.java:logGet(43)) - raft.server.write.element-limit = 4096 (default)
2019-09-26 10:52:07,736 [87e84624-1b40-4389-b682-d98fe76436d1@group-D6408D1A4BB3:LeaderElection3] INFO  server.RaftServerConfigKeys (ConfUtils.java:logGet(43)) - raft.server.watch.timeout = 10s (default)
2019-09-26 10:52:07,736 [474bca52-b9cd-4602-ad06-63718c1fead5@group-22CB0531F6F1:LeaderElection4] INFO  server.RaftServerConfigKeys (ConfUtils.java:logGet(43)) - raft.server.watch.timeout = 10s (default)
2019-09-26 10:52:07,736 [87e84624-1b40-4389-b682-d98fe76436d1@group-D6408D1A4BB3:LeaderElection3] INFO  server.RaftServerConfigKeys (ConfUtils.java:logGet(43)) - raft.server.watch.timeout.denomination = 1s (default)
2019-09-26 10:52:07,736 [474bca52-b9cd-4602-ad06-63718c1fead5@group-22CB0531F6F1:LeaderElection4] INFO  server.RaftServerConfigKeys (ConfUtils.java:logGet(43)) - raft.server.watch.timeout.denomination = 1s (default)
2019-09-26 10:52:07,736 [87e84624-1b40-4389-b682-d98fe76436d1@group-D6408D1A4BB3:LeaderElection3] INFO  server.RaftServerConfigKeys (ConfUtils.java:logGet(43)) - raft.server.watch.element-limit = 65536 (default)
2019-09-26 10:52:07,736 [474bca52-b9cd-4602-ad06-63718c1fead5@group-22CB0531F6F1:LeaderElection4] INFO  server.RaftServerConfigKeys (ConfUtils.java:logGet(43)) - raft.server.watch.element-limit = 65536 (default)
2019-09-26 10:52:07,740 [87e84624-1b40-4389-b682-d98fe76436d1@group-D6408D1A4BB3:LeaderElection3] INFO  impl.RoleInfo (RoleInfo.java:updateAndGet(143)) - 87e84624-1b40-4389-b682-d98fe76436d1: start LeaderState
2019-09-26 10:52:07,740 [87e84624-1b40-4389-b682-d98fe76436d1@group-D6408D1A4BB3:LeaderElection3] INFO  segmented.SegmentedRaftLogWorker (SegmentedRaftLogWorker.java:startLogSegment(380)) - 87e84624-1b40-4389-b682-d98fe76436d1@group-D6408D1A4BB3-SegmentedRaftLogWorker: Starting segment from index:0
2019-09-26 10:52:07,740 [474bca52-b9cd-4602-ad06-63718c1fead5@group-22CB0531F6F1:LeaderElection4] INFO  impl.RoleInfo (RoleInfo.java:updateAndGet(143)) - 474bca52-b9cd-4602-ad06-63718c1fead5: start LeaderState
2019-09-26 10:52:07,740 [474bca52-b9cd-4602-ad06-63718c1fead5@group-22CB0531F6F1:LeaderElection4] INFO  segmented.SegmentedRaftLogWorker (SegmentedRaftLogWorker.java:startLogSegment(380)) - 474bca52-b9cd-4602-ad06-63718c1fead5@group-22CB0531F6F1-SegmentedRaftLogWorker: Starting segment from index:0
2019-09-26 10:52:07,740 [87e84624-1b40-4389-b682-d98fe76436d1@group-D6408D1A4BB3:LeaderElection3] INFO  impl.RaftServerImpl (ServerState.java:setRaftConf(354)) - 87e84624-1b40-4389-b682-d98fe76436d1@group-D6408D1A4BB3: set configuration 0: [87e84624-1b40-4389-b682-d98fe76436d1:192.168.30.13:32768], old=null at 0
2019-09-26 10:52:07,780 [474bca52-b9cd-4602-ad06-63718c1fead5@group-22CB0531F6F1:LeaderElection4] INFO  impl.RaftServerImpl (ServerState.java:setRaftConf(354)) - 474bca52-b9cd-4602-ad06-63718c1fead5@group-22CB0531F6F1: set configuration 0: [474bca52-b9cd-4602-ad06-63718c1fead5:192.168.30.13:39280], old=null at 0
2019-09-26 10:52:07,825 [87e84624-1b40-4389-b682-d98fe76436d1@group-D6408D1A4BB3-SegmentedRaftLogWorker] INFO  segmented.SegmentedRaftLogWorker (SegmentedRaftLogWorker.java:execute(569)) - 87e84624-1b40-4389-b682-d98fe76436d1@group-D6408D1A4BB3-SegmentedRaftLogWorker: created new log segment /workdir/hadoop-ozone/ozonefs/target/test-dir/MiniOzoneClusterImpl-b00a5744-6e73-4fa1-a928-c24f0d5ffca4/datanode-1/data/ratis/54af4321-d613-41f1-be84-d6408d1a4bb3/current/log_inprogress_0
2019-09-26 10:52:07,838 [474bca52-b9cd-4602-ad06-63718c1fead5@group-22CB0531F6F1-SegmentedRaftLogWorker] INFO  segmented.SegmentedRaftLogWorker (SegmentedRaftLogWorker.java:execute(569)) - 474bca52-b9cd-4602-ad06-63718c1fead5@group-22CB0531F6F1-SegmentedRaftLogWorker: created new log segment /workdir/hadoop-ozone/ozonefs/target/test-dir/MiniOzoneClusterImpl-b00a5744-6e73-4fa1-a928-c24f0d5ffca4/datanode-2/data/ratis/1b8a6be8-53ee-4058-afc8-22cb0531f6f1/current/log_inprogress_0
2019-09-26 10:52:07,909 [Thread-297] INFO  impl.FollowerState (FollowerState.java:run(106)) - 74579fe5-f222-4a32-8361-e642639fe135:group-791B5A785122 changes to CANDIDATE, lastRpcTime:5166, electionTimeout:5166ms
2019-09-26 10:52:07,909 [Thread-297] INFO  impl.RoleInfo (RoleInfo.java:shutdownFollowerState(121)) - 74579fe5-f222-4a32-8361-e642639fe135: shutdown FollowerState
2019-09-26 10:52:07,909 [Thread-297] INFO  impl.RaftServerImpl (RaftServerImpl.java:setRole(174)) - 74579fe5-f222-4a32-8361-e642639fe135@group-791B5A785122: changes role from  FOLLOWER to CANDIDATE at term 0 for changeToCandidate
2019-09-26 10:52:07,909 [Thread-297] INFO  impl.RoleInfo (RoleInfo.java:updateAndGet(143)) - 74579fe5-f222-4a32-8361-e642639fe135: start LeaderElection
2019-09-26 10:52:07,933 [74579fe5-f222-4a32-8361-e642639fe135@group-791B5A785122:LeaderElection5] INFO  impl.LeaderElection (LeaderElection.java:askForVotes(182)) - 74579fe5-f222-4a32-8361-e642639fe135@group-791B5A785122:LeaderElection5: begin an election at term 1 for -1: [74579fe5-f222-4a32-8361-e642639fe135:192.168.30.13:36553], old=null
2019-09-26 10:52:07,933 [74579fe5-f222-4a32-8361-e642639fe135@group-791B5A785122:LeaderElection5] INFO  impl.RoleInfo (RoleInfo.java:shutdownLeaderElection(134)) - 74579fe5-f222-4a32-8361-e642639fe135: shutdown LeaderElection
2019-09-26 10:52:07,933 [74579fe5-f222-4a32-8361-e642639fe135@group-791B5A785122:LeaderElection5] INFO  impl.RaftServerImpl (RaftServerImpl.java:setRole(174)) - 74579fe5-f222-4a32-8361-e642639fe135@group-791B5A785122: changes role from CANDIDATE to LEADER at term 1 for changeToLeader
2019-09-26 10:52:07,934 [74579fe5-f222-4a32-8361-e642639fe135@group-791B5A785122:LeaderElection5] INFO  impl.RaftServerImpl (ServerState.java:setLeader(253)) - 74579fe5-f222-4a32-8361-e642639fe135@group-791B5A785122: change Leader from null to 74579fe5-f222-4a32-8361-e642639fe135 at term 1 for becomeLeader, leader elected after 5204ms
2019-09-26 10:52:07,934 [74579fe5-f222-4a32-8361-e642639fe135@group-791B5A785122:LeaderElection5] INFO  server.RaftServerConfigKeys (ConfUtils.java:logGet(43)) - raft.server.staging.catchup.gap = 1000 (default)
2019-09-26 10:52:07,934 [74579fe5-f222-4a32-8361-e642639fe135@group-791B5A785122:LeaderElection5] INFO  server.RaftServerConfigKeys (ConfUtils.java:logGet(43)) - raft.server.rpc.sleep.time = 25ms (default)
2019-09-26 10:52:07,934 [74579fe5-f222-4a32-8361-e642639fe135@group-791B5A785122:LeaderElection5] INFO  server.RaftServerConfigKeys (ConfUtils.java:logGet(43)) - raft.server.write.element-limit = 4096 (default)
2019-09-26 10:52:07,934 [74579fe5-f222-4a32-8361-e642639fe135@group-791B5A785122:LeaderElection5] INFO  server.RaftServerConfigKeys (ConfUtils.java:logGet(43)) - raft.server.watch.timeout = 10s (default)
2019-09-26 10:52:07,934 [74579fe5-f222-4a32-8361-e642639fe135@group-791B5A785122:LeaderElection5] INFO  server.RaftServerConfigKeys (ConfUtils.java:logGet(43)) - raft.server.watch.timeout.denomination = 1s (default)
2019-09-26 10:52:07,935 [74579fe5-f222-4a32-8361-e642639fe135@group-791B5A785122:LeaderElection5] INFO  server.RaftServerConfigKeys (ConfUtils.java:logGet(43)) - raft.server.watch.element-limit = 65536 (default)
2019-09-26 10:52:07,937 [Thread-300] INFO  impl.FollowerState (FollowerState.java:run(106)) - dd9d2e05-3ffa-4f1c-8a80-938e5f4f3192:group-F29D1FF8D895 changes to CANDIDATE, lastRpcTime:5106, electionTimeout:5106ms
2019-09-26 10:52:07,937 [Thread-300] INFO  impl.RoleInfo (RoleInfo.java:shutdownFollowerState(121)) - dd9d2e05-3ffa-4f1c-8a80-938e5f4f3192: shutdown FollowerState
2019-09-26 10:52:07,937 [Thread-300] INFO  impl.RaftServerImpl (RaftServerImpl.java:setRole(174)) - dd9d2e05-3ffa-4f1c-8a80-938e5f4f3192@group-F29D1FF8D895: changes role from  FOLLOWER to CANDIDATE at term 0 for changeToCandidate
2019-09-26 10:52:07,937 [Thread-300] INFO  impl.RoleInfo (RoleInfo.java:updateAndGet(143)) - dd9d2e05-3ffa-4f1c-8a80-938e5f4f3192: start LeaderElection
2019-09-26 10:52:07,944 [74579fe5-f222-4a32-8361-e642639fe135@group-791B5A785122:LeaderElection5] INFO  impl.RoleInfo (RoleInfo.java:updateAndGet(143)) - 74579fe5-f222-4a32-8361-e642639fe135: start LeaderState
2019-09-26 10:52:07,944 [74579fe5-f222-4a32-8361-e642639fe135@group-791B5A785122:LeaderElection5] INFO  segmented.SegmentedRaftLogWorker (SegmentedRaftLogWorker.java:startLogSegment(380)) - 74579fe5-f222-4a32-8361-e642639fe135@group-791B5A785122-SegmentedRaftLogWorker: Starting segment from index:0
2019-09-26 10:52:07,945 [74579fe5-f222-4a32-8361-e642639fe135@group-791B5A785122:LeaderElection5] INFO  impl.RaftServerImpl (ServerState.java:setRaftConf(354)) - 74579fe5-f222-4a32-8361-e642639fe135@group-791B5A785122: set configuration 0: [74579fe5-f222-4a32-8361-e642639fe135:192.168.30.13:36553], old=null at 0
2019-09-26 10:52:07,985 [dd9d2e05-3ffa-4f1c-8a80-938e5f4f3192@group-F29D1FF8D895:LeaderElection6] INFO  impl.LeaderElection (LeaderElection.java:askForVotes(182)) - dd9d2e05-3ffa-4f1c-8a80-938e5f4f3192@group-F29D1FF8D895:LeaderElection6: begin an election at term 1 for -1: [dd9d2e05-3ffa-4f1c-8a80-938e5f4f3192:192.168.30.13:46596], old=null
2019-09-26 10:52:07,985 [dd9d2e05-3ffa-4f1c-8a80-938e5f4f3192@group-F29D1FF8D895:LeaderElection6] INFO  impl.RoleInfo (RoleInfo.java:shutdownLeaderElection(134)) - dd9d2e05-3ffa-4f1c-8a80-938e5f4f3192: shutdown LeaderElection
2019-09-26 10:52:07,985 [dd9d2e05-3ffa-4f1c-8a80-938e5f4f3192@group-F29D1FF8D895:LeaderElection6] INFO  impl.RaftServerImpl (RaftServerImpl.java:setRole(174)) - dd9d2e05-3ffa-4f1c-8a80-938e5f4f3192@group-F29D1FF8D895: changes role from CANDIDATE to LEADER at term 1 for changeToLeader
2019-09-26 10:52:07,985 [dd9d2e05-3ffa-4f1c-8a80-938e5f4f3192@group-F29D1FF8D895:LeaderElection6] INFO  impl.RaftServerImpl (ServerState.java:setLeader(253)) - dd9d2e05-3ffa-4f1c-8a80-938e5f4f3192@group-F29D1FF8D895: change Leader from null to dd9d2e05-3ffa-4f1c-8a80-938e5f4f3192 at term 1 for becomeLeader, leader elected after 5170ms
2019-09-26 10:52:07,986 [dd9d2e05-3ffa-4f1c-8a80-938e5f4f3192@group-F29D1FF8D895:LeaderElection6] INFO  server.RaftServerConfigKeys (ConfUtils.java:logGet(43)) - raft.server.staging.catchup.gap = 1000 (default)
2019-09-26 10:52:07,986 [dd9d2e05-3ffa-4f1c-8a80-938e5f4f3192@group-F29D1FF8D895:LeaderElection6] INFO  server.RaftServerConfigKeys (ConfUtils.java:logGet(43)) - raft.server.rpc.sleep.time = 25ms (default)
2019-09-26 10:52:07,986 [dd9d2e05-3ffa-4f1c-8a80-938e5f4f3192@group-F29D1FF8D895:LeaderElection6] INFO  server.RaftServerConfigKeys (ConfUtils.java:logGet(43)) - raft.server.write.element-limit = 4096 (default)
2019-09-26 10:52:07,986 [dd9d2e05-3ffa-4f1c-8a80-938e5f4f3192@group-F29D1FF8D895:LeaderElection6] INFO  server.RaftServerConfigKeys (ConfUtils.java:logGet(43)) - raft.server.watch.timeout = 10s (default)
2019-09-26 10:52:07,986 [dd9d2e05-3ffa-4f1c-8a80-938e5f4f3192@group-F29D1FF8D895:LeaderElection6] INFO  server.RaftServerConfigKeys (ConfUtils.java:logGet(43)) - raft.server.watch.timeout.denomination = 1s (default)
2019-09-26 10:52:07,986 [dd9d2e05-3ffa-4f1c-8a80-938e5f4f3192@group-F29D1FF8D895:LeaderElection6] INFO  server.RaftServerConfigKeys (ConfUtils.java:logGet(43)) - raft.server.watch.element-limit = 65536 (default)
2019-09-26 10:52:07,990 [dd9d2e05-3ffa-4f1c-8a80-938e5f4f3192@group-F29D1FF8D895:LeaderElection6] INFO  impl.RoleInfo (RoleInfo.java:updateAndGet(143)) - dd9d2e05-3ffa-4f1c-8a80-938e5f4f3192: start LeaderState
2019-09-26 10:52:07,990 [dd9d2e05-3ffa-4f1c-8a80-938e5f4f3192@group-F29D1FF8D895:LeaderElection6] INFO  segmented.SegmentedRaftLogWorker (SegmentedRaftLogWorker.java:startLogSegment(380)) - dd9d2e05-3ffa-4f1c-8a80-938e5f4f3192@group-F29D1FF8D895-SegmentedRaftLogWorker: Starting segment from index:0
2019-09-26 10:52:07,991 [dd9d2e05-3ffa-4f1c-8a80-938e5f4f3192@group-F29D1FF8D895:LeaderElection6] INFO  impl.RaftServerImpl (ServerState.java:setRaftConf(354)) - dd9d2e05-3ffa-4f1c-8a80-938e5f4f3192@group-F29D1FF8D895: set configuration 0: [dd9d2e05-3ffa-4f1c-8a80-938e5f4f3192:192.168.30.13:46596], old=null at 0
2019-09-26 10:52:08,036 [Thread-303] INFO  impl.FollowerState (FollowerState.java:run(106)) - 0c06663d-3a07-4175-8dd2-9d41b1b53b1e:group-4B509FC09A05 changes to CANDIDATE, lastRpcTime:5124, electionTimeout:5088ms
2019-09-26 10:52:08,036 [74579fe5-f222-4a32-8361-e642639fe135@group-791B5A785122-SegmentedRaftLogWorker] INFO  segmented.SegmentedRaftLogWorker (SegmentedRaftLogWorker.java:execute(569)) - 74579fe5-f222-4a32-8361-e642639fe135@group-791B5A785122-SegmentedRaftLogWorker: created new log segment /workdir/hadoop-ozone/ozonefs/target/test-dir/MiniOzoneClusterImpl-b00a5744-6e73-4fa1-a928-c24f0d5ffca4/datanode-6/data/ratis/6d5188c0-f463-41b4-9bfb-791b5a785122/current/log_inprogress_0
2019-09-26 10:52:08,036 [Thread-303] INFO  impl.RoleInfo (RoleInfo.java:shutdownFollowerState(121)) - 0c06663d-3a07-4175-8dd2-9d41b1b53b1e: shutdown FollowerState
2019-09-26 10:52:08,037 [Thread-303] INFO  impl.RaftServerImpl (RaftServerImpl.java:setRole(174)) - 0c06663d-3a07-4175-8dd2-9d41b1b53b1e@group-4B509FC09A05: changes role from  FOLLOWER to CANDIDATE at term 0 for changeToCandidate
2019-09-26 10:52:08,037 [Thread-303] INFO  impl.RoleInfo (RoleInfo.java:updateAndGet(143)) - 0c06663d-3a07-4175-8dd2-9d41b1b53b1e: start LeaderElection
2019-09-26 10:52:08,049 [dd9d2e05-3ffa-4f1c-8a80-938e5f4f3192@group-F29D1FF8D895-SegmentedRaftLogWorker] INFO  segmented.SegmentedRaftLogWorker (SegmentedRaftLogWorker.java:execute(569)) - dd9d2e05-3ffa-4f1c-8a80-938e5f4f3192@group-F29D1FF8D895-SegmentedRaftLogWorker: created new log segment /workdir/hadoop-ozone/ozonefs/target/test-dir/MiniOzoneClusterImpl-b00a5744-6e73-4fa1-a928-c24f0d5ffca4/datanode-5/data/ratis/b8e11273-70fa-4e3d-8fe7-f29d1ff8d895/current/log_inprogress_0
2019-09-26 10:52:08,049 [0c06663d-3a07-4175-8dd2-9d41b1b53b1e@group-4B509FC09A05:LeaderElection7] INFO  impl.LeaderElection (LeaderElection.java:askForVotes(182)) - 0c06663d-3a07-4175-8dd2-9d41b1b53b1e@group-4B509FC09A05:LeaderElection7: begin an election at term 1 for -1: [0c06663d-3a07-4175-8dd2-9d41b1b53b1e:192.168.30.13:42265], old=null
2019-09-26 10:52:08,050 [0c06663d-3a07-4175-8dd2-9d41b1b53b1e@group-4B509FC09A05:LeaderElection7] INFO  impl.RoleInfo (RoleInfo.java:shutdownLeaderElection(134)) - 0c06663d-3a07-4175-8dd2-9d41b1b53b1e: shutdown LeaderElection
2019-09-26 10:52:08,050 [0c06663d-3a07-4175-8dd2-9d41b1b53b1e@group-4B509FC09A05:LeaderElection7] INFO  impl.RaftServerImpl (RaftServerImpl.java:setRole(174)) - 0c06663d-3a07-4175-8dd2-9d41b1b53b1e@group-4B509FC09A05: changes role from CANDIDATE to LEADER at term 1 for changeToLeader
2019-09-26 10:52:08,050 [0c06663d-3a07-4175-8dd2-9d41b1b53b1e@group-4B509FC09A05:LeaderElection7] INFO  impl.RaftServerImpl (ServerState.java:setLeader(253)) - 0c06663d-3a07-4175-8dd2-9d41b1b53b1e@group-4B509FC09A05: change Leader from null to 0c06663d-3a07-4175-8dd2-9d41b1b53b1e at term 1 for becomeLeader, leader elected after 5147ms
2019-09-26 10:52:08,050 [0c06663d-3a07-4175-8dd2-9d41b1b53b1e@group-4B509FC09A05:LeaderElection7] INFO  server.RaftServerConfigKeys (ConfUtils.java:logGet(43)) - raft.server.staging.catchup.gap = 1000 (default)
2019-09-26 10:52:08,050 [0c06663d-3a07-4175-8dd2-9d41b1b53b1e@group-4B509FC09A05:LeaderElection7] INFO  server.RaftServerConfigKeys (ConfUtils.java:logGet(43)) - raft.server.rpc.sleep.time = 25ms (default)
2019-09-26 10:52:08,051 [0c06663d-3a07-4175-8dd2-9d41b1b53b1e@group-4B509FC09A05:LeaderElection7] INFO  server.RaftServerConfigKeys (ConfUtils.java:logGet(43)) - raft.server.write.element-limit = 4096 (default)
2019-09-26 10:52:08,051 [0c06663d-3a07-4175-8dd2-9d41b1b53b1e@group-4B509FC09A05:LeaderElection7] INFO  server.RaftServerConfigKeys (ConfUtils.java:logGet(43)) - raft.server.watch.timeout = 10s (default)
2019-09-26 10:52:08,051 [0c06663d-3a07-4175-8dd2-9d41b1b53b1e@group-4B509FC09A05:LeaderElection7] INFO  server.RaftServerConfigKeys (ConfUtils.java:logGet(43)) - raft.server.watch.timeout.denomination = 1s (default)
2019-09-26 10:52:08,051 [0c06663d-3a07-4175-8dd2-9d41b1b53b1e@group-4B509FC09A05:LeaderElection7] INFO  server.RaftServerConfigKeys (ConfUtils.java:logGet(43)) - raft.server.watch.element-limit = 65536 (default)
2019-09-26 10:52:08,054 [0c06663d-3a07-4175-8dd2-9d41b1b53b1e@group-4B509FC09A05:LeaderElection7] INFO  impl.RoleInfo (RoleInfo.java:updateAndGet(143)) - 0c06663d-3a07-4175-8dd2-9d41b1b53b1e: start LeaderState
2019-09-26 10:52:08,054 [0c06663d-3a07-4175-8dd2-9d41b1b53b1e@group-4B509FC09A05:LeaderElection7] INFO  segmented.SegmentedRaftLogWorker (SegmentedRaftLogWorker.java:startLogSegment(380)) - 0c06663d-3a07-4175-8dd2-9d41b1b53b1e@group-4B509FC09A05-SegmentedRaftLogWorker: Starting segment from index:0
2019-09-26 10:52:08,055 [0c06663d-3a07-4175-8dd2-9d41b1b53b1e@group-4B509FC09A05:LeaderElection7] INFO  impl.RaftServerImpl (ServerState.java:setRaftConf(354)) - 0c06663d-3a07-4175-8dd2-9d41b1b53b1e@group-4B509FC09A05: set configuration 0: [0c06663d-3a07-4175-8dd2-9d41b1b53b1e:192.168.30.13:42265], old=null at 0
2019-09-26 10:52:08,090 [Thread-306] INFO  impl.FollowerState (FollowerState.java:run(106)) - 0c06663d-3a07-4175-8dd2-9d41b1b53b1e:group-96463729E733 changes to CANDIDATE, lastRpcTime:5088, electionTimeout:5071ms
2019-09-26 10:52:08,090 [Thread-306] INFO  impl.RoleInfo (RoleInfo.java:shutdownFollowerState(121)) - 0c06663d-3a07-4175-8dd2-9d41b1b53b1e: shutdown FollowerState
2019-09-26 10:52:08,090 [Thread-306] INFO  impl.RaftServerImpl (RaftServerImpl.java:setRole(174)) - 0c06663d-3a07-4175-8dd2-9d41b1b53b1e@group-96463729E733: changes role from  FOLLOWER to CANDIDATE at term 0 for changeToCandidate
2019-09-26 10:52:08,090 [Thread-306] INFO  impl.RoleInfo (RoleInfo.java:updateAndGet(143)) - 0c06663d-3a07-4175-8dd2-9d41b1b53b1e: start LeaderElection
2019-09-26 10:52:08,102 [0c06663d-3a07-4175-8dd2-9d41b1b53b1e@group-4B509FC09A05-SegmentedRaftLogWorker] INFO  segmented.SegmentedRaftLogWorker (SegmentedRaftLogWorker.java:execute(569)) - 0c06663d-3a07-4175-8dd2-9d41b1b53b1e@group-4B509FC09A05-SegmentedRaftLogWorker: created new log segment /workdir/hadoop-ozone/ozonefs/target/test-dir/MiniOzoneClusterImpl-b00a5744-6e73-4fa1-a928-c24f0d5ffca4/datanode-0/data/ratis/2f7de1c2-4746-4585-a537-4b509fc09a05/current/log_inprogress_0
2019-09-26 10:52:08,103 [0c06663d-3a07-4175-8dd2-9d41b1b53b1e@group-96463729E733:LeaderElection8] INFO  impl.LeaderElection (LeaderElection.java:askForVotes(182)) - 0c06663d-3a07-4175-8dd2-9d41b1b53b1e@group-96463729E733:LeaderElection8: begin an election at term 1 for -1: [0c06663d-3a07-4175-8dd2-9d41b1b53b1e:192.168.30.13:42265], old=null
2019-09-26 10:52:08,103 [0c06663d-3a07-4175-8dd2-9d41b1b53b1e@group-96463729E733:LeaderElection8] INFO  impl.RoleInfo (RoleInfo.java:shutdownLeaderElection(134)) - 0c06663d-3a07-4175-8dd2-9d41b1b53b1e: shutdown LeaderElection
2019-09-26 10:52:08,103 [0c06663d-3a07-4175-8dd2-9d41b1b53b1e@group-96463729E733:LeaderElection8] INFO  impl.RaftServerImpl (RaftServerImpl.java:setRole(174)) - 0c06663d-3a07-4175-8dd2-9d41b1b53b1e@group-96463729E733: changes role from CANDIDATE to LEADER at term 1 for changeToLeader
2019-09-26 10:52:08,103 [0c06663d-3a07-4175-8dd2-9d41b1b53b1e@group-96463729E733:LeaderElection8] INFO  impl.RaftServerImpl (ServerState.java:setLeader(253)) - 0c06663d-3a07-4175-8dd2-9d41b1b53b1e@group-96463729E733: change Leader from null to 0c06663d-3a07-4175-8dd2-9d41b1b53b1e at term 1 for becomeLeader, leader elected after 5110ms
2019-09-26 10:52:08,103 [0c06663d-3a07-4175-8dd2-9d41b1b53b1e@group-96463729E733:LeaderElection8] INFO  server.RaftServerConfigKeys (ConfUtils.java:logGet(43)) - raft.server.staging.catchup.gap = 1000 (default)
2019-09-26 10:52:08,103 [0c06663d-3a07-4175-8dd2-9d41b1b53b1e@group-96463729E733:LeaderElection8] INFO  server.RaftServerConfigKeys (ConfUtils.java:logGet(43)) - raft.server.rpc.sleep.time = 25ms (default)
2019-09-26 10:52:08,104 [0c06663d-3a07-4175-8dd2-9d41b1b53b1e@group-96463729E733:LeaderElection8] INFO  server.RaftServerConfigKeys (ConfUtils.java:logGet(43)) - raft.server.write.element-limit = 4096 (default)
2019-09-26 10:52:08,104 [0c06663d-3a07-4175-8dd2-9d41b1b53b1e@group-96463729E733:LeaderElection8] INFO  server.RaftServerConfigKeys (ConfUtils.java:logGet(43)) - raft.server.watch.timeout = 10s (default)
2019-09-26 10:52:08,104 [0c06663d-3a07-4175-8dd2-9d41b1b53b1e@group-96463729E733:LeaderElection8] INFO  server.RaftServerConfigKeys (ConfUtils.java:logGet(43)) - raft.server.watch.timeout.denomination = 1s (default)
2019-09-26 10:52:08,104 [0c06663d-3a07-4175-8dd2-9d41b1b53b1e@group-96463729E733:LeaderElection8] INFO  server.RaftServerConfigKeys (ConfUtils.java:logGet(43)) - raft.server.watch.element-limit = 65536 (default)
2019-09-26 10:52:08,111 [0c06663d-3a07-4175-8dd2-9d41b1b53b1e@group-96463729E733:LeaderElection8] INFO  impl.RoleInfo (RoleInfo.java:updateAndGet(143)) - 0c06663d-3a07-4175-8dd2-9d41b1b53b1e: start LeaderState
2019-09-26 10:52:08,112 [0c06663d-3a07-4175-8dd2-9d41b1b53b1e@group-96463729E733:LeaderElection8] INFO  segmented.SegmentedRaftLogWorker (SegmentedRaftLogWorker.java:startLogSegment(380)) - 0c06663d-3a07-4175-8dd2-9d41b1b53b1e@group-96463729E733-SegmentedRaftLogWorker: Starting segment from index:0
2019-09-26 10:52:08,112 [0c06663d-3a07-4175-8dd2-9d41b1b53b1e@group-96463729E733:LeaderElection8] INFO  impl.RaftServerImpl (ServerState.java:setRaftConf(354)) - 0c06663d-3a07-4175-8dd2-9d41b1b53b1e@group-96463729E733: set configuration 0: [0c06663d-3a07-4175-8dd2-9d41b1b53b1e:192.168.30.13:42265], old=null at 0
2019-09-26 10:52:08,154 [0c06663d-3a07-4175-8dd2-9d41b1b53b1e@group-96463729E733-SegmentedRaftLogWorker] INFO  segmented.SegmentedRaftLogWorker (SegmentedRaftLogWorker.java:execute(569)) - 0c06663d-3a07-4175-8dd2-9d41b1b53b1e@group-96463729E733-SegmentedRaftLogWorker: created new log segment /workdir/hadoop-ozone/ozonefs/target/test-dir/MiniOzoneClusterImpl-b00a5744-6e73-4fa1-a928-c24f0d5ffca4/datanode-0/data/ratis/93652ccc-8e48-4b8e-964b-96463729e733/current/log_inprogress_0
2019-09-26 10:52:08,243 [Thread-309] INFO  impl.FollowerState (FollowerState.java:run(106)) - c0d2ea87-aa22-42eb-bba4-0246f89d2958:group-9D6BBF258A56 changes to CANDIDATE, lastRpcTime:5152, electionTimeout:5152ms
2019-09-26 10:52:08,243 [Thread-309] INFO  impl.RoleInfo (RoleInfo.java:shutdownFollowerState(121)) - c0d2ea87-aa22-42eb-bba4-0246f89d2958: shutdown FollowerState
2019-09-26 10:52:08,243 [Thread-309] INFO  impl.RaftServerImpl (RaftServerImpl.java:setRole(174)) - c0d2ea87-aa22-42eb-bba4-0246f89d2958@group-9D6BBF258A56: changes role from  FOLLOWER to CANDIDATE at term 0 for changeToCandidate
2019-09-26 10:52:08,243 [Thread-309] INFO  impl.RoleInfo (RoleInfo.java:updateAndGet(143)) - c0d2ea87-aa22-42eb-bba4-0246f89d2958: start LeaderElection
2019-09-26 10:52:08,257 [Thread-312] INFO  impl.FollowerState (FollowerState.java:run(106)) - 74579fe5-f222-4a32-8361-e642639fe135:group-C8A3C92F65D4 changes to CANDIDATE, lastRpcTime:5069, electionTimeout:5069ms
2019-09-26 10:52:08,257 [Thread-312] INFO  impl.RoleInfo (RoleInfo.java:shutdownFollowerState(121)) - 74579fe5-f222-4a32-8361-e642639fe135: shutdown FollowerState
2019-09-26 10:52:08,257 [Thread-312] INFO  impl.RaftServerImpl (RaftServerImpl.java:setRole(174)) - 74579fe5-f222-4a32-8361-e642639fe135@group-C8A3C92F65D4: changes role from  FOLLOWER to CANDIDATE at term 0 for changeToCandidate
2019-09-26 10:52:08,257 [Thread-312] INFO  impl.RoleInfo (RoleInfo.java:updateAndGet(143)) - 74579fe5-f222-4a32-8361-e642639fe135: start LeaderElection
2019-09-26 10:52:08,266 [c0d2ea87-aa22-42eb-bba4-0246f89d2958@group-9D6BBF258A56:LeaderElection9] INFO  impl.LeaderElection (LeaderElection.java:askForVotes(182)) - c0d2ea87-aa22-42eb-bba4-0246f89d2958@group-9D6BBF258A56:LeaderElection9: begin an election at term 1 for -1: [c0d2ea87-aa22-42eb-bba4-0246f89d2958:192.168.30.13:46118], old=null
2019-09-26 10:52:08,266 [c0d2ea87-aa22-42eb-bba4-0246f89d2958@group-9D6BBF258A56:LeaderElection9] INFO  impl.RoleInfo (RoleInfo.java:shutdownLeaderElection(134)) - c0d2ea87-aa22-42eb-bba4-0246f89d2958: shutdown LeaderElection
2019-09-26 10:52:08,267 [c0d2ea87-aa22-42eb-bba4-0246f89d2958@group-9D6BBF258A56:LeaderElection9] INFO  impl.RaftServerImpl (RaftServerImpl.java:setRole(174)) - c0d2ea87-aa22-42eb-bba4-0246f89d2958@group-9D6BBF258A56: changes role from CANDIDATE to LEADER at term 1 for changeToLeader
2019-09-26 10:52:08,267 [c0d2ea87-aa22-42eb-bba4-0246f89d2958@group-9D6BBF258A56:LeaderElection9] INFO  impl.RaftServerImpl (ServerState.java:setLeader(253)) - c0d2ea87-aa22-42eb-bba4-0246f89d2958@group-9D6BBF258A56: change Leader from null to c0d2ea87-aa22-42eb-bba4-0246f89d2958 at term 1 for becomeLeader, leader elected after 5186ms
2019-09-26 10:52:08,267 [c0d2ea87-aa22-42eb-bba4-0246f89d2958@group-9D6BBF258A56:LeaderElection9] INFO  server.RaftServerConfigKeys (ConfUtils.java:logGet(43)) - raft.server.staging.catchup.gap = 1000 (default)
2019-09-26 10:52:08,267 [c0d2ea87-aa22-42eb-bba4-0246f89d2958@group-9D6BBF258A56:LeaderElection9] INFO  server.RaftServerConfigKeys (ConfUtils.java:logGet(43)) - raft.server.rpc.sleep.time = 25ms (default)
2019-09-26 10:52:08,267 [c0d2ea87-aa22-42eb-bba4-0246f89d2958@group-9D6BBF258A56:LeaderElection9] INFO  server.RaftServerConfigKeys (ConfUtils.java:logGet(43)) - raft.server.write.element-limit = 4096 (default)
2019-09-26 10:52:08,267 [c0d2ea87-aa22-42eb-bba4-0246f89d2958@group-9D6BBF258A56:LeaderElection9] INFO  server.RaftServerConfigKeys (ConfUtils.java:logGet(43)) - raft.server.watch.timeout = 10s (default)
2019-09-26 10:52:08,268 [c0d2ea87-aa22-42eb-bba4-0246f89d2958@group-9D6BBF258A56:LeaderElection9] INFO  server.RaftServerConfigKeys (ConfUtils.java:logGet(43)) - raft.server.watch.timeout.denomination = 1s (default)
2019-09-26 10:52:08,268 [c0d2ea87-aa22-42eb-bba4-0246f89d2958@group-9D6BBF258A56:LeaderElection9] INFO  server.RaftServerConfigKeys (ConfUtils.java:logGet(43)) - raft.server.watch.element-limit = 65536 (default)
2019-09-26 10:52:08,269 [74579fe5-f222-4a32-8361-e642639fe135@group-C8A3C92F65D4:LeaderElection10] INFO  impl.LeaderElection (LeaderElection.java:askForVotes(182)) - 74579fe5-f222-4a32-8361-e642639fe135@group-C8A3C92F65D4:LeaderElection10: begin an election at term 1 for -1: [74579fe5-f222-4a32-8361-e642639fe135:192.168.30.13:36553], old=null
2019-09-26 10:52:08,269 [74579fe5-f222-4a32-8361-e642639fe135@group-C8A3C92F65D4:LeaderElection10] INFO  impl.RoleInfo (RoleInfo.java:shutdownLeaderElection(134)) - 74579fe5-f222-4a32-8361-e642639fe135: shutdown LeaderElection
2019-09-26 10:52:08,269 [74579fe5-f222-4a32-8361-e642639fe135@group-C8A3C92F65D4:LeaderElection10] INFO  impl.RaftServerImpl (RaftServerImpl.java:setRole(174)) - 74579fe5-f222-4a32-8361-e642639fe135@group-C8A3C92F65D4: changes role from CANDIDATE to LEADER at term 1 for changeToLeader
2019-09-26 10:52:08,270 [74579fe5-f222-4a32-8361-e642639fe135@group-C8A3C92F65D4:LeaderElection10] INFO  impl.RaftServerImpl (ServerState.java:setLeader(253)) - 74579fe5-f222-4a32-8361-e642639fe135@group-C8A3C92F65D4: change Leader from null to 74579fe5-f222-4a32-8361-e642639fe135 at term 1 for becomeLeader, leader elected after 5090ms
2019-09-26 10:52:08,270 [74579fe5-f222-4a32-8361-e642639fe135@group-C8A3C92F65D4:LeaderElection10] INFO  server.RaftServerConfigKeys (ConfUtils.java:logGet(43)) - raft.server.staging.catchup.gap = 1000 (default)
2019-09-26 10:52:08,270 [74579fe5-f222-4a32-8361-e642639fe135@group-C8A3C92F65D4:LeaderElection10] INFO  server.RaftServerConfigKeys (ConfUtils.java:logGet(43)) - raft.server.rpc.sleep.time = 25ms (default)
2019-09-26 10:52:08,270 [74579fe5-f222-4a32-8361-e642639fe135@group-C8A3C92F65D4:LeaderElection10] INFO  server.RaftServerConfigKeys (ConfUtils.java:logGet(43)) - raft.server.write.element-limit = 4096 (default)
2019-09-26 10:52:08,270 [74579fe5-f222-4a32-8361-e642639fe135@group-C8A3C92F65D4:LeaderElection10] INFO  server.RaftServerConfigKeys (ConfUtils.java:logGet(43)) - raft.server.watch.timeout = 10s (default)
2019-09-26 10:52:08,270 [74579fe5-f222-4a32-8361-e642639fe135@group-C8A3C92F65D4:LeaderElection10] INFO  server.RaftServerConfigKeys (ConfUtils.java:logGet(43)) - raft.server.watch.timeout.denomination = 1s (default)
2019-09-26 10:52:08,270 [c0d2ea87-aa22-42eb-bba4-0246f89d2958@group-9D6BBF258A56:LeaderElection9] INFO  impl.RoleInfo (RoleInfo.java:updateAndGet(143)) - c0d2ea87-aa22-42eb-bba4-0246f89d2958: start LeaderState
2019-09-26 10:52:08,270 [74579fe5-f222-4a32-8361-e642639fe135@group-C8A3C92F65D4:LeaderElection10] INFO  server.RaftServerConfigKeys (ConfUtils.java:logGet(43)) - raft.server.watch.element-limit = 65536 (default)
2019-09-26 10:52:08,271 [c0d2ea87-aa22-42eb-bba4-0246f89d2958@group-9D6BBF258A56:LeaderElection9] INFO  segmented.SegmentedRaftLogWorker (SegmentedRaftLogWorker.java:startLogSegment(380)) - c0d2ea87-aa22-42eb-bba4-0246f89d2958@group-9D6BBF258A56-SegmentedRaftLogWorker: Starting segment from index:0
2019-09-26 10:52:08,272 [c0d2ea87-aa22-42eb-bba4-0246f89d2958@group-9D6BBF258A56:LeaderElection9] INFO  impl.RaftServerImpl (ServerState.java:setRaftConf(354)) - c0d2ea87-aa22-42eb-bba4-0246f89d2958@group-9D6BBF258A56: set configuration 0: [c0d2ea87-aa22-42eb-bba4-0246f89d2958:192.168.30.13:46118], old=null at 0
2019-09-26 10:52:08,316 [74579fe5-f222-4a32-8361-e642639fe135@group-C8A3C92F65D4:LeaderElection10] INFO  impl.RoleInfo (RoleInfo.java:updateAndGet(143)) - 74579fe5-f222-4a32-8361-e642639fe135: start LeaderState
2019-09-26 10:52:08,316 [74579fe5-f222-4a32-8361-e642639fe135@group-C8A3C92F65D4:LeaderElection10] INFO  segmented.SegmentedRaftLogWorker (SegmentedRaftLogWorker.java:startLogSegment(380)) - 74579fe5-f222-4a32-8361-e642639fe135@group-C8A3C92F65D4-SegmentedRaftLogWorker: Starting segment from index:0
2019-09-26 10:52:08,317 [74579fe5-f222-4a32-8361-e642639fe135@group-C8A3C92F65D4:LeaderElection10] INFO  impl.RaftServerImpl (ServerState.java:setRaftConf(354)) - 74579fe5-f222-4a32-8361-e642639fe135@group-C8A3C92F65D4: set configuration 0: [74579fe5-f222-4a32-8361-e642639fe135:192.168.30.13:36553], old=null at 0
2019-09-26 10:52:08,354 [c0d2ea87-aa22-42eb-bba4-0246f89d2958@group-9D6BBF258A56-SegmentedRaftLogWorker] INFO  segmented.SegmentedRaftLogWorker (SegmentedRaftLogWorker.java:execute(569)) - c0d2ea87-aa22-42eb-bba4-0246f89d2958@group-9D6BBF258A56-SegmentedRaftLogWorker: created new log segment /workdir/hadoop-ozone/ozonefs/target/test-dir/MiniOzoneClusterImpl-b00a5744-6e73-4fa1-a928-c24f0d5ffca4/datanode-4/data/ratis/5d0869a5-5253-4fec-9efc-9d6bbf258a56/current/log_inprogress_0
2019-09-26 10:52:08,361 [Thread-315] INFO  impl.FollowerState (FollowerState.java:run(106)) - 2253380d-6ddc-421c-86f6-26acdb90a8c4:group-01D6DDB0B5C3 changes to CANDIDATE, lastRpcTime:5105, electionTimeout:5105ms
2019-09-26 10:52:08,361 [Thread-315] INFO  impl.RoleInfo (RoleInfo.java:shutdownFollowerState(121)) - 2253380d-6ddc-421c-86f6-26acdb90a8c4: shutdown FollowerState
2019-09-26 10:52:08,361 [Thread-315] INFO  impl.RaftServerImpl (RaftServerImpl.java:setRole(174)) - 2253380d-6ddc-421c-86f6-26acdb90a8c4@group-01D6DDB0B5C3: changes role from  FOLLOWER to CANDIDATE at term 0 for changeToCandidate
2019-09-26 10:52:08,362 [Thread-315] INFO  impl.RoleInfo (RoleInfo.java:updateAndGet(143)) - 2253380d-6ddc-421c-86f6-26acdb90a8c4: start LeaderElection
2019-09-26 10:52:08,371 [74579fe5-f222-4a32-8361-e642639fe135@group-C8A3C92F65D4-SegmentedRaftLogWorker] INFO  segmented.SegmentedRaftLogWorker (SegmentedRaftLogWorker.java:execute(569)) - 74579fe5-f222-4a32-8361-e642639fe135@group-C8A3C92F65D4-SegmentedRaftLogWorker: created new log segment /workdir/hadoop-ozone/ozonefs/target/test-dir/MiniOzoneClusterImpl-b00a5744-6e73-4fa1-a928-c24f0d5ffca4/datanode-6/data/ratis/526ae4b2-2572-4e6f-91ac-c8a3c92f65d4/current/log_inprogress_0
2019-09-26 10:52:08,384 [2253380d-6ddc-421c-86f6-26acdb90a8c4@group-01D6DDB0B5C3:LeaderElection11] INFO  impl.LeaderElection (LeaderElection.java:askForVotes(182)) - 2253380d-6ddc-421c-86f6-26acdb90a8c4@group-01D6DDB0B5C3:LeaderElection11: begin an election at term 1 for -1: [2253380d-6ddc-421c-86f6-26acdb90a8c4:192.168.30.13:39629], old=null
2019-09-26 10:52:08,384 [2253380d-6ddc-421c-86f6-26acdb90a8c4@group-01D6DDB0B5C3:LeaderElection11] INFO  impl.RoleInfo (RoleInfo.java:shutdownLeaderElection(134)) - 2253380d-6ddc-421c-86f6-26acdb90a8c4: shutdown LeaderElection
2019-09-26 10:52:08,384 [2253380d-6ddc-421c-86f6-26acdb90a8c4@group-01D6DDB0B5C3:LeaderElection11] INFO  impl.RaftServerImpl (RaftServerImpl.java:setRole(174)) - 2253380d-6ddc-421c-86f6-26acdb90a8c4@group-01D6DDB0B5C3: changes role from CANDIDATE to LEADER at term 1 for changeToLeader
2019-09-26 10:52:08,385 [2253380d-6ddc-421c-86f6-26acdb90a8c4@group-01D6DDB0B5C3:LeaderElection11] INFO  impl.RaftServerImpl (ServerState.java:setLeader(253)) - 2253380d-6ddc-421c-86f6-26acdb90a8c4@group-01D6DDB0B5C3: change Leader from null to 2253380d-6ddc-421c-86f6-26acdb90a8c4 at term 1 for becomeLeader, leader elected after 5137ms
2019-09-26 10:52:08,385 [2253380d-6ddc-421c-86f6-26acdb90a8c4@group-01D6DDB0B5C3:LeaderElection11] INFO  server.RaftServerConfigKeys (ConfUtils.java:logGet(43)) - raft.server.staging.catchup.gap = 1000 (default)
2019-09-26 10:52:08,385 [2253380d-6ddc-421c-86f6-26acdb90a8c4@group-01D6DDB0B5C3:LeaderElection11] INFO  server.RaftServerConfigKeys (ConfUtils.java:logGet(43)) - raft.server.rpc.sleep.time = 25ms (default)
2019-09-26 10:52:08,385 [2253380d-6ddc-421c-86f6-26acdb90a8c4@group-01D6DDB0B5C3:LeaderElection11] INFO  server.RaftServerConfigKeys (ConfUtils.java:logGet(43)) - raft.server.write.element-limit = 4096 (default)
2019-09-26 10:52:08,385 [2253380d-6ddc-421c-86f6-26acdb90a8c4@group-01D6DDB0B5C3:LeaderElection11] INFO  server.RaftServerConfigKeys (ConfUtils.java:logGet(43)) - raft.server.watch.timeout = 10s (default)
2019-09-26 10:52:08,386 [2253380d-6ddc-421c-86f6-26acdb90a8c4@group-01D6DDB0B5C3:LeaderElection11] INFO  server.RaftServerConfigKeys (ConfUtils.java:logGet(43)) - raft.server.watch.timeout.denomination = 1s (default)
2019-09-26 10:52:08,386 [2253380d-6ddc-421c-86f6-26acdb90a8c4@group-01D6DDB0B5C3:LeaderElection11] INFO  server.RaftServerConfigKeys (ConfUtils.java:logGet(43)) - raft.server.watch.element-limit = 65536 (default)
2019-09-26 10:52:08,388 [2253380d-6ddc-421c-86f6-26acdb90a8c4@group-01D6DDB0B5C3:LeaderElection11] INFO  impl.RoleInfo (RoleInfo.java:updateAndGet(143)) - 2253380d-6ddc-421c-86f6-26acdb90a8c4: start LeaderState
2019-09-26 10:52:08,388 [2253380d-6ddc-421c-86f6-26acdb90a8c4@group-01D6DDB0B5C3:LeaderElection11] INFO  segmented.SegmentedRaftLogWorker (SegmentedRaftLogWorker.java:startLogSegment(380)) - 2253380d-6ddc-421c-86f6-26acdb90a8c4@group-01D6DDB0B5C3-SegmentedRaftLogWorker: Starting segment from index:0
2019-09-26 10:52:08,389 [2253380d-6ddc-421c-86f6-26acdb90a8c4@group-01D6DDB0B5C3:LeaderElection11] INFO  impl.RaftServerImpl (ServerState.java:setRaftConf(354)) - 2253380d-6ddc-421c-86f6-26acdb90a8c4@group-01D6DDB0B5C3: set configuration 0: [2253380d-6ddc-421c-86f6-26acdb90a8c4:192.168.30.13:39629], old=null at 0
2019-09-26 10:52:08,442 [2253380d-6ddc-421c-86f6-26acdb90a8c4@group-01D6DDB0B5C3-SegmentedRaftLogWorker] INFO  segmented.SegmentedRaftLogWorker (SegmentedRaftLogWorker.java:execute(569)) - 2253380d-6ddc-421c-86f6-26acdb90a8c4@group-01D6DDB0B5C3-SegmentedRaftLogWorker: created new log segment /workdir/hadoop-ozone/ozonefs/target/test-dir/MiniOzoneClusterImpl-b00a5744-6e73-4fa1-a928-c24f0d5ffca4/datanode-3/data/ratis/b6b4148f-c6a1-485a-b7d3-01d6ddb0b5c3/current/log_inprogress_0
2019-09-26 10:52:08,510 [Thread-318] INFO  impl.FollowerState (FollowerState.java:run(106)) - 474bca52-b9cd-4602-ad06-63718c1fead5:group-053758EF1758 changes to CANDIDATE, lastRpcTime:5190, electionTimeout:5190ms
2019-09-26 10:52:08,510 [Thread-318] INFO  impl.RoleInfo (RoleInfo.java:shutdownFollowerState(121)) - 474bca52-b9cd-4602-ad06-63718c1fead5: shutdown FollowerState
2019-09-26 10:52:08,511 [Thread-318] INFO  impl.RaftServerImpl (RaftServerImpl.java:setRole(174)) - 474bca52-b9cd-4602-ad06-63718c1fead5@group-053758EF1758: changes role from  FOLLOWER to CANDIDATE at term 0 for changeToCandidate
2019-09-26 10:52:08,511 [Thread-318] INFO  impl.RoleInfo (RoleInfo.java:updateAndGet(143)) - 474bca52-b9cd-4602-ad06-63718c1fead5: start LeaderElection
2019-09-26 10:52:08,547 [Thread-322] INFO  impl.FollowerState (FollowerState.java:run(106)) - be8031e7-e5bc-4989-a875-174452875862:group-ECC5E4C0B21B changes to CANDIDATE, lastRpcTime:5161, electionTimeout:5161ms
2019-09-26 10:52:08,548 [Thread-322] INFO  impl.RoleInfo (RoleInfo.java:shutdownFollowerState(121)) - be8031e7-e5bc-4989-a875-174452875862: shutdown FollowerState
2019-09-26 10:52:08,548 [Thread-322] INFO  impl.RaftServerImpl (RaftServerImpl.java:setRole(174)) - be8031e7-e5bc-4989-a875-174452875862@group-ECC5E4C0B21B: changes role from  FOLLOWER to CANDIDATE at term 0 for changeToCandidate
2019-09-26 10:52:08,548 [Thread-322] INFO  impl.RoleInfo (RoleInfo.java:updateAndGet(143)) - be8031e7-e5bc-4989-a875-174452875862: start LeaderElection
2019-09-26 10:52:08,555 [474bca52-b9cd-4602-ad06-63718c1fead5@group-053758EF1758:LeaderElection12] INFO  impl.LeaderElection (LeaderElection.java:askForVotes(182)) - 474bca52-b9cd-4602-ad06-63718c1fead5@group-053758EF1758:LeaderElection12: begin an election at term 1 for -1: [474bca52-b9cd-4602-ad06-63718c1fead5:192.168.30.13:39280], old=null
2019-09-26 10:52:08,555 [474bca52-b9cd-4602-ad06-63718c1fead5@group-053758EF1758:LeaderElection12] INFO  impl.RoleInfo (RoleInfo.java:shutdownLeaderElection(134)) - 474bca52-b9cd-4602-ad06-63718c1fead5: shutdown LeaderElection
2019-09-26 10:52:08,555 [474bca52-b9cd-4602-ad06-63718c1fead5@group-053758EF1758:LeaderElection12] INFO  impl.RaftServerImpl (RaftServerImpl.java:setRole(174)) - 474bca52-b9cd-4602-ad06-63718c1fead5@group-053758EF1758: changes role from CANDIDATE to LEADER at term 1 for changeToLeader
2019-09-26 10:52:08,555 [474bca52-b9cd-4602-ad06-63718c1fead5@group-053758EF1758:LeaderElection12] INFO  impl.RaftServerImpl (ServerState.java:setLeader(253)) - 474bca52-b9cd-4602-ad06-63718c1fead5@group-053758EF1758: change Leader from null to 474bca52-b9cd-4602-ad06-63718c1fead5 at term 1 for becomeLeader, leader elected after 5243ms
2019-09-26 10:52:08,555 [474bca52-b9cd-4602-ad06-63718c1fead5@group-053758EF1758:LeaderElection12] INFO  server.RaftServerConfigKeys (ConfUtils.java:logGet(43)) - raft.server.staging.catchup.gap = 1000 (default)
2019-09-26 10:52:08,556 [474bca52-b9cd-4602-ad06-63718c1fead5@group-053758EF1758:LeaderElection12] INFO  server.RaftServerConfigKeys (ConfUtils.java:logGet(43)) - raft.server.rpc.sleep.time = 25ms (default)
2019-09-26 10:52:08,556 [474bca52-b9cd-4602-ad06-63718c1fead5@group-053758EF1758:LeaderElection12] INFO  server.RaftServerConfigKeys (ConfUtils.java:logGet(43)) - raft.server.write.element-limit = 4096 (default)
2019-09-26 10:52:08,556 [474bca52-b9cd-4602-ad06-63718c1fead5@group-053758EF1758:LeaderElection12] INFO  server.RaftServerConfigKeys (ConfUtils.java:logGet(43)) - raft.server.watch.timeout = 10s (default)
2019-09-26 10:52:08,556 [474bca52-b9cd-4602-ad06-63718c1fead5@group-053758EF1758:LeaderElection12] INFO  server.RaftServerConfigKeys (ConfUtils.java:logGet(43)) - raft.server.watch.timeout.denomination = 1s (default)
2019-09-26 10:52:08,556 [474bca52-b9cd-4602-ad06-63718c1fead5@group-053758EF1758:LeaderElection12] INFO  server.RaftServerConfigKeys (ConfUtils.java:logGet(43)) - raft.server.watch.element-limit = 65536 (default)
2019-09-26 10:52:08,559 [474bca52-b9cd-4602-ad06-63718c1fead5@group-053758EF1758:LeaderElection12] INFO  impl.RoleInfo (RoleInfo.java:updateAndGet(143)) - 474bca52-b9cd-4602-ad06-63718c1fead5: start LeaderState
2019-09-26 10:52:08,559 [474bca52-b9cd-4602-ad06-63718c1fead5@group-053758EF1758:LeaderElection12] INFO  segmented.SegmentedRaftLogWorker (SegmentedRaftLogWorker.java:startLogSegment(380)) - 474bca52-b9cd-4602-ad06-63718c1fead5@group-053758EF1758-SegmentedRaftLogWorker: Starting segment from index:0
2019-09-26 10:52:08,560 [474bca52-b9cd-4602-ad06-63718c1fead5@group-053758EF1758:LeaderElection12] INFO  impl.RaftServerImpl (ServerState.java:setRaftConf(354)) - 474bca52-b9cd-4602-ad06-63718c1fead5@group-053758EF1758: set configuration 0: [474bca52-b9cd-4602-ad06-63718c1fead5:192.168.30.13:39280], old=null at 0
2019-09-26 10:52:08,599 [Thread-328] INFO  impl.FollowerState (FollowerState.java:run(106)) - 474bca52-b9cd-4602-ad06-63718c1fead5:group-C16E29AD95E7 changes to CANDIDATE, lastRpcTime:5073, electionTimeout:5034ms
2019-09-26 10:52:08,599 [be8031e7-e5bc-4989-a875-174452875862@group-ECC5E4C0B21B:LeaderElection13] INFO  impl.LeaderElection (LeaderElection.java:askForVotes(182)) - be8031e7-e5bc-4989-a875-174452875862@group-ECC5E4C0B21B:LeaderElection13: begin an election at term 1 for -1: [be8031e7-e5bc-4989-a875-174452875862:192.168.30.13:42793], old=null
2019-09-26 10:52:08,599 [Thread-328] INFO  impl.RoleInfo (RoleInfo.java:shutdownFollowerState(121)) - 474bca52-b9cd-4602-ad06-63718c1fead5: shutdown FollowerState
2019-09-26 10:52:08,599 [be8031e7-e5bc-4989-a875-174452875862@group-ECC5E4C0B21B:LeaderElection13] INFO  impl.RoleInfo (RoleInfo.java:shutdownLeaderElection(134)) - be8031e7-e5bc-4989-a875-174452875862: shutdown LeaderElection
2019-09-26 10:52:08,600 [Thread-328] INFO  impl.RaftServerImpl (RaftServerImpl.java:setRole(174)) - 474bca52-b9cd-4602-ad06-63718c1fead5@group-C16E29AD95E7: changes role from  FOLLOWER to CANDIDATE at term 0 for changeToCandidate
2019-09-26 10:52:08,600 [be8031e7-e5bc-4989-a875-174452875862@group-ECC5E4C0B21B:LeaderElection13] INFO  impl.RaftServerImpl (RaftServerImpl.java:setRole(174)) - be8031e7-e5bc-4989-a875-174452875862@group-ECC5E4C0B21B: changes role from CANDIDATE to LEADER at term 1 for changeToLeader
2019-09-26 10:52:08,600 [be8031e7-e5bc-4989-a875-174452875862@group-ECC5E4C0B21B:LeaderElection13] INFO  impl.RaftServerImpl (ServerState.java:setLeader(253)) - be8031e7-e5bc-4989-a875-174452875862@group-ECC5E4C0B21B: change Leader from null to be8031e7-e5bc-4989-a875-174452875862 at term 1 for becomeLeader, leader elected after 5219ms
2019-09-26 10:52:08,600 [Thread-328] INFO  impl.RoleInfo (RoleInfo.java:updateAndGet(143)) - 474bca52-b9cd-4602-ad06-63718c1fead5: start LeaderElection
2019-09-26 10:52:08,600 [be8031e7-e5bc-4989-a875-174452875862@group-ECC5E4C0B21B:LeaderElection13] INFO  server.RaftServerConfigKeys (ConfUtils.java:logGet(43)) - raft.server.staging.catchup.gap = 1000 (default)
2019-09-26 10:52:08,600 [be8031e7-e5bc-4989-a875-174452875862@group-ECC5E4C0B21B:LeaderElection13] INFO  server.RaftServerConfigKeys (ConfUtils.java:logGet(43)) - raft.server.rpc.sleep.time = 25ms (default)
2019-09-26 10:52:08,609 [be8031e7-e5bc-4989-a875-174452875862@group-ECC5E4C0B21B:LeaderElection13] INFO  server.RaftServerConfigKeys (ConfUtils.java:logGet(43)) - raft.server.write.element-limit = 4096 (default)
2019-09-26 10:52:08,609 [Thread-325] INFO  impl.FollowerState (FollowerState.java:run(106)) - 87e84624-1b40-4389-b682-d98fe76436d1:group-542A0A59D91D changes to CANDIDATE, lastRpcTime:5149, electionTimeout:5149ms
2019-09-26 10:52:08,609 [be8031e7-e5bc-4989-a875-174452875862@group-ECC5E4C0B21B:LeaderElection13] INFO  server.RaftServerConfigKeys (ConfUtils.java:logGet(43)) - raft.server.watch.timeout = 10s (default)
2019-09-26 10:52:08,610 [Thread-325] INFO  impl.RoleInfo (RoleInfo.java:shutdownFollowerState(121)) - 87e84624-1b40-4389-b682-d98fe76436d1: shutdown FollowerState
2019-09-26 10:52:08,610 [be8031e7-e5bc-4989-a875-174452875862@group-ECC5E4C0B21B:LeaderElection13] INFO  server.RaftServerConfigKeys (ConfUtils.java:logGet(43)) - raft.server.watch.timeout.denomination = 1s (default)
2019-09-26 10:52:08,610 [Thread-325] INFO  impl.RaftServerImpl (RaftServerImpl.java:setRole(174)) - 87e84624-1b40-4389-b682-d98fe76436d1@group-542A0A59D91D: changes role from  FOLLOWER to CANDIDATE at term 0 for changeToCandidate
2019-09-26 10:52:08,610 [be8031e7-e5bc-4989-a875-174452875862@group-ECC5E4C0B21B:LeaderElection13] INFO  server.RaftServerConfigKeys (ConfUtils.java:logGet(43)) - raft.server.watch.element-limit = 65536 (default)
2019-09-26 10:52:08,610 [Thread-325] INFO  impl.RoleInfo (RoleInfo.java:updateAndGet(143)) - 87e84624-1b40-4389-b682-d98fe76436d1: start LeaderElection
2019-09-26 10:52:08,613 [474bca52-b9cd-4602-ad06-63718c1fead5@group-053758EF1758-SegmentedRaftLogWorker] INFO  segmented.SegmentedRaftLogWorker (SegmentedRaftLogWorker.java:execute(569)) - 474bca52-b9cd-4602-ad06-63718c1fead5@group-053758EF1758-SegmentedRaftLogWorker: created new log segment /workdir/hadoop-ozone/ozonefs/target/test-dir/MiniOzoneClusterImpl-b00a5744-6e73-4fa1-a928-c24f0d5ffca4/datanode-2/data/ratis/5b5ea074-b6b9-4d39-8827-053758ef1758/current/log_inprogress_0
2019-09-26 10:52:08,619 [474bca52-b9cd-4602-ad06-63718c1fead5@group-C16E29AD95E7:LeaderElection14] INFO  impl.LeaderElection (LeaderElection.java:askForVotes(182)) - 474bca52-b9cd-4602-ad06-63718c1fead5@group-C16E29AD95E7:LeaderElection14: begin an election at term 1 for -1: [474bca52-b9cd-4602-ad06-63718c1fead5:192.168.30.13:39280], old=null
2019-09-26 10:52:08,619 [474bca52-b9cd-4602-ad06-63718c1fead5@group-C16E29AD95E7:LeaderElection14] INFO  impl.RoleInfo (RoleInfo.java:shutdownLeaderElection(134)) - 474bca52-b9cd-4602-ad06-63718c1fead5: shutdown LeaderElection
2019-09-26 10:52:08,619 [474bca52-b9cd-4602-ad06-63718c1fead5@group-C16E29AD95E7:LeaderElection14] INFO  impl.RaftServerImpl (RaftServerImpl.java:setRole(174)) - 474bca52-b9cd-4602-ad06-63718c1fead5@group-C16E29AD95E7: changes role from CANDIDATE to LEADER at term 1 for changeToLeader
2019-09-26 10:52:08,619 [474bca52-b9cd-4602-ad06-63718c1fead5@group-C16E29AD95E7:LeaderElection14] INFO  impl.RaftServerImpl (ServerState.java:setLeader(253)) - 474bca52-b9cd-4602-ad06-63718c1fead5@group-C16E29AD95E7: change Leader from null to 474bca52-b9cd-4602-ad06-63718c1fead5 at term 1 for becomeLeader, leader elected after 5099ms
2019-09-26 10:52:08,619 [474bca52-b9cd-4602-ad06-63718c1fead5@group-C16E29AD95E7:LeaderElection14] INFO  server.RaftServerConfigKeys (ConfUtils.java:logGet(43)) - raft.server.staging.catchup.gap = 1000 (default)
2019-09-26 10:52:08,620 [474bca52-b9cd-4602-ad06-63718c1fead5@group-C16E29AD95E7:LeaderElection14] INFO  server.RaftServerConfigKeys (ConfUtils.java:logGet(43)) - raft.server.rpc.sleep.time = 25ms (default)
2019-09-26 10:52:08,620 [474bca52-b9cd-4602-ad06-63718c1fead5@group-C16E29AD95E7:LeaderElection14] INFO  server.RaftServerConfigKeys (ConfUtils.java:logGet(43)) - raft.server.write.element-limit = 4096 (default)
2019-09-26 10:52:08,620 [474bca52-b9cd-4602-ad06-63718c1fead5@group-C16E29AD95E7:LeaderElection14] INFO  server.RaftServerConfigKeys (ConfUtils.java:logGet(43)) - raft.server.watch.timeout = 10s (default)
2019-09-26 10:52:08,620 [474bca52-b9cd-4602-ad06-63718c1fead5@group-C16E29AD95E7:LeaderElection14] INFO  server.RaftServerConfigKeys (ConfUtils.java:logGet(43)) - raft.server.watch.timeout.denomination = 1s (default)
2019-09-26 10:52:08,620 [474bca52-b9cd-4602-ad06-63718c1fead5@group-C16E29AD95E7:LeaderElection14] INFO  server.RaftServerConfigKeys (ConfUtils.java:logGet(43)) - raft.server.watch.element-limit = 65536 (default)
2019-09-26 10:52:08,621 [be8031e7-e5bc-4989-a875-174452875862@group-ECC5E4C0B21B:LeaderElection13] INFO  impl.RoleInfo (RoleInfo.java:updateAndGet(143)) - be8031e7-e5bc-4989-a875-174452875862: start LeaderState
2019-09-26 10:52:08,621 [be8031e7-e5bc-4989-a875-174452875862@group-ECC5E4C0B21B:LeaderElection13] INFO  segmented.SegmentedRaftLogWorker (SegmentedRaftLogWorker.java:startLogSegment(380)) - be8031e7-e5bc-4989-a875-174452875862@group-ECC5E4C0B21B-SegmentedRaftLogWorker: Starting segment from index:0
2019-09-26 10:52:08,622 [be8031e7-e5bc-4989-a875-174452875862@group-ECC5E4C0B21B:LeaderElection13] INFO  impl.RaftServerImpl (ServerState.java:setRaftConf(354)) - be8031e7-e5bc-4989-a875-174452875862@group-ECC5E4C0B21B: set configuration 0: [be8031e7-e5bc-4989-a875-174452875862:192.168.30.13:42793], old=null at 0
2019-09-26 10:52:08,659 [87e84624-1b40-4389-b682-d98fe76436d1@group-542A0A59D91D:LeaderElection15] INFO  impl.LeaderElection (LeaderElection.java:askForVotes(182)) - 87e84624-1b40-4389-b682-d98fe76436d1@group-542A0A59D91D:LeaderElection15: begin an election at term 1 for -1: [87e84624-1b40-4389-b682-d98fe76436d1:192.168.30.13:32768], old=null
2019-09-26 10:52:08,660 [87e84624-1b40-4389-b682-d98fe76436d1@group-542A0A59D91D:LeaderElection15] INFO  impl.RoleInfo (RoleInfo.java:shutdownLeaderElection(134)) - 87e84624-1b40-4389-b682-d98fe76436d1: shutdown LeaderElection
2019-09-26 10:52:08,660 [87e84624-1b40-4389-b682-d98fe76436d1@group-542A0A59D91D:LeaderElection15] INFO  impl.RaftServerImpl (RaftServerImpl.java:setRole(174)) - 87e84624-1b40-4389-b682-d98fe76436d1@group-542A0A59D91D: changes role from CANDIDATE to LEADER at term 1 for changeToLeader
2019-09-26 10:52:08,660 [87e84624-1b40-4389-b682-d98fe76436d1@group-542A0A59D91D:LeaderElection15] INFO  impl.RaftServerImpl (ServerState.java:setLeader(253)) - 87e84624-1b40-4389-b682-d98fe76436d1@group-542A0A59D91D: change Leader from null to 87e84624-1b40-4389-b682-d98fe76436d1 at term 1 for becomeLeader, leader elected after 5210ms
2019-09-26 10:52:08,660 [87e84624-1b40-4389-b682-d98fe76436d1@group-542A0A59D91D:LeaderElection15] INFO  server.RaftServerConfigKeys (ConfUtils.java:logGet(43)) - raft.server.staging.catchup.gap = 1000 (default)
2019-09-26 10:52:08,660 [87e84624-1b40-4389-b682-d98fe76436d1@group-542A0A59D91D:LeaderElection15] INFO  server.RaftServerConfigKeys (ConfUtils.java:logGet(43)) - raft.server.rpc.sleep.time = 25ms (default)
2019-09-26 10:52:08,660 [474bca52-b9cd-4602-ad06-63718c1fead5@group-C16E29AD95E7:LeaderElection14] INFO  impl.RoleInfo (RoleInfo.java:updateAndGet(143)) - 474bca52-b9cd-4602-ad06-63718c1fead5: start LeaderState
2019-09-26 10:52:08,661 [87e84624-1b40-4389-b682-d98fe76436d1@group-542A0A59D91D:LeaderElection15] INFO  server.RaftServerConfigKeys (ConfUtils.java:logGet(43)) - raft.server.write.element-limit = 4096 (default)
2019-09-26 10:52:08,661 [474bca52-b9cd-4602-ad06-63718c1fead5@group-C16E29AD95E7:LeaderElection14] INFO  segmented.SegmentedRaftLogWorker (SegmentedRaftLogWorker.java:startLogSegment(380)) - 474bca52-b9cd-4602-ad06-63718c1fead5@group-C16E29AD95E7-SegmentedRaftLogWorker: Starting segment from index:0
2019-09-26 10:52:08,661 [87e84624-1b40-4389-b682-d98fe76436d1@group-542A0A59D91D:LeaderElection15] INFO  server.RaftServerConfigKeys (ConfUtils.java:logGet(43)) - raft.server.watch.timeout = 10s (default)
2019-09-26 10:52:08,661 [87e84624-1b40-4389-b682-d98fe76436d1@group-542A0A59D91D:LeaderElection15] INFO  server.RaftServerConfigKeys (ConfUtils.java:logGet(43)) - raft.server.watch.timeout.denomination = 1s (default)
2019-09-26 10:52:08,661 [87e84624-1b40-4389-b682-d98fe76436d1@group-542A0A59D91D:LeaderElection15] INFO  server.RaftServerConfigKeys (ConfUtils.java:logGet(43)) - raft.server.watch.element-limit = 65536 (default)
2019-09-26 10:52:08,661 [474bca52-b9cd-4602-ad06-63718c1fead5@group-C16E29AD95E7:LeaderElection14] INFO  impl.RaftServerImpl (ServerState.java:setRaftConf(354)) - 474bca52-b9cd-4602-ad06-63718c1fead5@group-C16E29AD95E7: set configuration 0: [474bca52-b9cd-4602-ad06-63718c1fead5:192.168.30.13:39280], old=null at 0
2019-09-26 10:52:08,697 [Thread-331] INFO  impl.FollowerState (FollowerState.java:run(106)) - be8031e7-e5bc-4989-a875-174452875862:group-662C70A47425 changes to CANDIDATE, lastRpcTime:5098, electionTimeout:5094ms
2019-09-26 10:52:08,698 [be8031e7-e5bc-4989-a875-174452875862@group-ECC5E4C0B21B-SegmentedRaftLogWorker] INFO  segmented.SegmentedRaftLogWorker (SegmentedRaftLogWorker.java:execute(569)) - be8031e7-e5bc-4989-a875-174452875862@group-ECC5E4C0B21B-SegmentedRaftLogWorker: created new log segment /workdir/hadoop-ozone/ozonefs/target/test-dir/MiniOzoneClusterImpl-b00a5744-6e73-4fa1-a928-c24f0d5ffca4/datanode-7/data/ratis/b1fd162b-d13d-4fa9-b590-ecc5e4c0b21b/current/log_inprogress_0
2019-09-26 10:52:08,698 [Thread-331] INFO  impl.RoleInfo (RoleInfo.java:shutdownFollowerState(121)) - be8031e7-e5bc-4989-a875-174452875862: shutdown FollowerState
2019-09-26 10:52:08,698 [Thread-331] INFO  impl.RaftServerImpl (RaftServerImpl.java:setRole(174)) - be8031e7-e5bc-4989-a875-174452875862@group-662C70A47425: changes role from  FOLLOWER to CANDIDATE at term 0 for changeToCandidate
2019-09-26 10:52:08,698 [Thread-331] INFO  impl.RoleInfo (RoleInfo.java:updateAndGet(143)) - be8031e7-e5bc-4989-a875-174452875862: start LeaderElection
2019-09-26 10:52:08,706 [87e84624-1b40-4389-b682-d98fe76436d1@group-542A0A59D91D:LeaderElection15] INFO  impl.RoleInfo (RoleInfo.java:updateAndGet(143)) - 87e84624-1b40-4389-b682-d98fe76436d1: start LeaderState
2019-09-26 10:52:08,706 [87e84624-1b40-4389-b682-d98fe76436d1@group-542A0A59D91D:LeaderElection15] INFO  segmented.SegmentedRaftLogWorker (SegmentedRaftLogWorker.java:startLogSegment(380)) - 87e84624-1b40-4389-b682-d98fe76436d1@group-542A0A59D91D-SegmentedRaftLogWorker: Starting segment from index:0
2019-09-26 10:52:08,707 [87e84624-1b40-4389-b682-d98fe76436d1@group-542A0A59D91D:LeaderElection15] INFO  impl.RaftServerImpl (ServerState.java:setRaftConf(354)) - 87e84624-1b40-4389-b682-d98fe76436d1@group-542A0A59D91D: set configuration 0: [87e84624-1b40-4389-b682-d98fe76436d1:192.168.30.13:32768], old=null at 0
2019-09-26 10:52:08,746 [Thread-335] INFO  impl.FollowerState (FollowerState.java:run(106)) - dd9d2e05-3ffa-4f1c-8a80-938e5f4f3192:group-E327E8683BFB changes to CANDIDATE, lastRpcTime:5057, electionTimeout:5044ms
2019-09-26 10:52:08,746 [Thread-335] INFO  impl.RoleInfo (RoleInfo.java:shutdownFollowerState(121)) - dd9d2e05-3ffa-4f1c-8a80-938e5f4f3192: shutdown FollowerState
2019-09-26 10:52:08,747 [474bca52-b9cd-4602-ad06-63718c1fead5@group-C16E29AD95E7-SegmentedRaftLogWorker] INFO  segmented.SegmentedRaftLogWorker (SegmentedRaftLogWorker.java:execute(569)) - 474bca52-b9cd-4602-ad06-63718c1fead5@group-C16E29AD95E7-SegmentedRaftLogWorker: created new log segment /workdir/hadoop-ozone/ozonefs/target/test-dir/MiniOzoneClusterImpl-b00a5744-6e73-4fa1-a928-c24f0d5ffca4/datanode-2/data/ratis/f6a62ced-0aed-4d72-b193-c16e29ad95e7/current/log_inprogress_0
2019-09-26 10:52:08,747 [Thread-335] INFO  impl.RaftServerImpl (RaftServerImpl.java:setRole(174)) - dd9d2e05-3ffa-4f1c-8a80-938e5f4f3192@group-E327E8683BFB: changes role from  FOLLOWER to CANDIDATE at term 0 for changeToCandidate
2019-09-26 10:52:08,747 [be8031e7-e5bc-4989-a875-174452875862@group-662C70A47425:LeaderElection16] INFO  impl.LeaderElection (LeaderElection.java:askForVotes(182)) - be8031e7-e5bc-4989-a875-174452875862@group-662C70A47425:LeaderElection16: begin an election at term 1 for -1: [be8031e7-e5bc-4989-a875-174452875862:192.168.30.13:42793], old=null
2019-09-26 10:52:08,747 [Thread-335] INFO  impl.RoleInfo (RoleInfo.java:updateAndGet(143)) - dd9d2e05-3ffa-4f1c-8a80-938e5f4f3192: start LeaderElection
2019-09-26 10:52:08,747 [be8031e7-e5bc-4989-a875-174452875862@group-662C70A47425:LeaderElection16] INFO  impl.RoleInfo (RoleInfo.java:shutdownLeaderElection(134)) - be8031e7-e5bc-4989-a875-174452875862: shutdown LeaderElection
2019-09-26 10:52:08,747 [be8031e7-e5bc-4989-a875-174452875862@group-662C70A47425:LeaderElection16] INFO  impl.RaftServerImpl (RaftServerImpl.java:setRole(174)) - be8031e7-e5bc-4989-a875-174452875862@group-662C70A47425: changes role from CANDIDATE to LEADER at term 1 for changeToLeader
2019-09-26 10:52:08,751 [be8031e7-e5bc-4989-a875-174452875862@group-662C70A47425:LeaderElection16] INFO  impl.RaftServerImpl (ServerState.java:setLeader(253)) - be8031e7-e5bc-4989-a875-174452875862@group-662C70A47425: change Leader from null to be8031e7-e5bc-4989-a875-174452875862 at term 1 for becomeLeader, leader elected after 5159ms
2019-09-26 10:52:08,757 [be8031e7-e5bc-4989-a875-174452875862@group-662C70A47425:LeaderElection16] INFO  server.RaftServerConfigKeys (ConfUtils.java:logGet(43)) - raft.server.staging.catchup.gap = 1000 (default)
2019-09-26 10:52:08,757 [be8031e7-e5bc-4989-a875-174452875862@group-662C70A47425:LeaderElection16] INFO  server.RaftServerConfigKeys (ConfUtils.java:logGet(43)) - raft.server.rpc.sleep.time = 25ms (default)
2019-09-26 10:52:08,757 [be8031e7-e5bc-4989-a875-174452875862@group-662C70A47425:LeaderElection16] INFO  server.RaftServerConfigKeys (ConfUtils.java:logGet(43)) - raft.server.write.element-limit = 4096 (default)
2019-09-26 10:52:08,757 [be8031e7-e5bc-4989-a875-174452875862@group-662C70A47425:LeaderElection16] INFO  server.RaftServerConfigKeys (ConfUtils.java:logGet(43)) - raft.server.watch.timeout = 10s (default)
2019-09-26 10:52:08,757 [be8031e7-e5bc-4989-a875-174452875862@group-662C70A47425:LeaderElection16] INFO  server.RaftServerConfigKeys (ConfUtils.java:logGet(43)) - raft.server.watch.timeout.denomination = 1s (default)
2019-09-26 10:52:08,758 [be8031e7-e5bc-4989-a875-174452875862@group-662C70A47425:LeaderElection16] INFO  server.RaftServerConfigKeys (ConfUtils.java:logGet(43)) - raft.server.watch.element-limit = 65536 (default)
2019-09-26 10:52:08,759 [87e84624-1b40-4389-b682-d98fe76436d1@group-542A0A59D91D-SegmentedRaftLogWorker] INFO  segmented.SegmentedRaftLogWorker (SegmentedRaftLogWorker.java:execute(569)) - 87e84624-1b40-4389-b682-d98fe76436d1@group-542A0A59D91D-SegmentedRaftLogWorker: created new log segment /workdir/hadoop-ozone/ozonefs/target/test-dir/MiniOzoneClusterImpl-b00a5744-6e73-4fa1-a928-c24f0d5ffca4/datanode-1/data/ratis/df8ab649-31df-4f3a-af32-542a0a59d91d/current/log_inprogress_0
2019-09-26 10:52:08,760 [be8031e7-e5bc-4989-a875-174452875862@group-662C70A47425:LeaderElection16] INFO  impl.RoleInfo (RoleInfo.java:updateAndGet(143)) - be8031e7-e5bc-4989-a875-174452875862: start LeaderState
2019-09-26 10:52:08,761 [be8031e7-e5bc-4989-a875-174452875862@group-662C70A47425:LeaderElection16] INFO  segmented.SegmentedRaftLogWorker (SegmentedRaftLogWorker.java:startLogSegment(380)) - be8031e7-e5bc-4989-a875-174452875862@group-662C70A47425-SegmentedRaftLogWorker: Starting segment from index:0
2019-09-26 10:52:08,761 [be8031e7-e5bc-4989-a875-174452875862@group-662C70A47425:LeaderElection16] INFO  impl.RaftServerImpl (ServerState.java:setRaftConf(354)) - be8031e7-e5bc-4989-a875-174452875862@group-662C70A47425: set configuration 0: [be8031e7-e5bc-4989-a875-174452875862:192.168.30.13:42793], old=null at 0
2019-09-26 10:52:08,772 [dd9d2e05-3ffa-4f1c-8a80-938e5f4f3192@group-E327E8683BFB:LeaderElection17] INFO  impl.LeaderElection (LeaderElection.java:askForVotes(182)) - dd9d2e05-3ffa-4f1c-8a80-938e5f4f3192@group-E327E8683BFB:LeaderElection17: begin an election at term 1 for -1: [dd9d2e05-3ffa-4f1c-8a80-938e5f4f3192:192.168.30.13:46596], old=null
2019-09-26 10:52:08,772 [dd9d2e05-3ffa-4f1c-8a80-938e5f4f3192@group-E327E8683BFB:LeaderElection17] INFO  impl.RoleInfo (RoleInfo.java:shutdownLeaderElection(134)) - dd9d2e05-3ffa-4f1c-8a80-938e5f4f3192: shutdown LeaderElection
2019-09-26 10:52:08,772 [dd9d2e05-3ffa-4f1c-8a80-938e5f4f3192@group-E327E8683BFB:LeaderElection17] INFO  impl.RaftServerImpl (RaftServerImpl.java:setRole(174)) - dd9d2e05-3ffa-4f1c-8a80-938e5f4f3192@group-E327E8683BFB: changes role from CANDIDATE to LEADER at term 1 for changeToLeader
2019-09-26 10:52:08,772 [dd9d2e05-3ffa-4f1c-8a80-938e5f4f3192@group-E327E8683BFB:LeaderElection17] INFO  impl.RaftServerImpl (ServerState.java:setLeader(253)) - dd9d2e05-3ffa-4f1c-8a80-938e5f4f3192@group-E327E8683BFB: change Leader from null to dd9d2e05-3ffa-4f1c-8a80-938e5f4f3192 at term 1 for becomeLeader, leader elected after 5097ms
2019-09-26 10:52:08,773 [dd9d2e05-3ffa-4f1c-8a80-938e5f4f3192@group-E327E8683BFB:LeaderElection17] INFO  server.RaftServerConfigKeys (ConfUtils.java:logGet(43)) - raft.server.staging.catchup.gap = 1000 (default)
2019-09-26 10:52:08,773 [dd9d2e05-3ffa-4f1c-8a80-938e5f4f3192@group-E327E8683BFB:LeaderElection17] INFO  server.RaftServerConfigKeys (ConfUtils.java:logGet(43)) - raft.server.rpc.sleep.time = 25ms (default)
2019-09-26 10:52:08,773 [dd9d2e05-3ffa-4f1c-8a80-938e5f4f3192@group-E327E8683BFB:LeaderElection17] INFO  server.RaftServerConfigKeys (ConfUtils.java:logGet(43)) - raft.server.write.element-limit = 4096 (default)
2019-09-26 10:52:08,773 [dd9d2e05-3ffa-4f1c-8a80-938e5f4f3192@group-E327E8683BFB:LeaderElection17] INFO  server.RaftServerConfigKeys (ConfUtils.java:logGet(43)) - raft.server.watch.timeout = 10s (default)
2019-09-26 10:52:08,773 [dd9d2e05-3ffa-4f1c-8a80-938e5f4f3192@group-E327E8683BFB:LeaderElection17] INFO  server.RaftServerConfigKeys (ConfUtils.java:logGet(43)) - raft.server.watch.timeout.denomination = 1s (default)
2019-09-26 10:52:08,773 [dd9d2e05-3ffa-4f1c-8a80-938e5f4f3192@group-E327E8683BFB:LeaderElection17] INFO  server.RaftServerConfigKeys (ConfUtils.java:logGet(43)) - raft.server.watch.element-limit = 65536 (default)
2019-09-26 10:52:08,776 [dd9d2e05-3ffa-4f1c-8a80-938e5f4f3192@group-E327E8683BFB:LeaderElection17] INFO  impl.RoleInfo (RoleInfo.java:updateAndGet(143)) - dd9d2e05-3ffa-4f1c-8a80-938e5f4f3192: start LeaderState
2019-09-26 10:52:08,777 [dd9d2e05-3ffa-4f1c-8a80-938e5f4f3192@group-E327E8683BFB:LeaderElection17] INFO  segmented.SegmentedRaftLogWorker (SegmentedRaftLogWorker.java:startLogSegment(380)) - dd9d2e05-3ffa-4f1c-8a80-938e5f4f3192@group-E327E8683BFB-SegmentedRaftLogWorker: Starting segment from index:0
2019-09-26 10:52:08,777 [dd9d2e05-3ffa-4f1c-8a80-938e5f4f3192@group-E327E8683BFB:LeaderElection17] INFO  impl.RaftServerImpl (ServerState.java:setRaftConf(354)) - dd9d2e05-3ffa-4f1c-8a80-938e5f4f3192@group-E327E8683BFB: set configuration 0: [dd9d2e05-3ffa-4f1c-8a80-938e5f4f3192:192.168.30.13:46596], old=null at 0
2019-09-26 10:52:08,819 [Thread-339] INFO  impl.FollowerState (FollowerState.java:run(106)) - dd9d2e05-3ffa-4f1c-8a80-938e5f4f3192:group-E5D4FD95D687 changes to CANDIDATE, lastRpcTime:5051, electionTimeout:5018ms
2019-09-26 10:52:08,820 [Thread-339] INFO  impl.RoleInfo (RoleInfo.java:shutdownFollowerState(121)) - dd9d2e05-3ffa-4f1c-8a80-938e5f4f3192: shutdown FollowerState
2019-09-26 10:52:08,820 [Thread-339] INFO  impl.RaftServerImpl (RaftServerImpl.java:setRole(174)) - dd9d2e05-3ffa-4f1c-8a80-938e5f4f3192@group-E5D4FD95D687: changes role from  FOLLOWER to CANDIDATE at term 0 for changeToCandidate
2019-09-26 10:52:08,820 [Thread-339] INFO  impl.RoleInfo (RoleInfo.java:updateAndGet(143)) - dd9d2e05-3ffa-4f1c-8a80-938e5f4f3192: start LeaderElection
2019-09-26 10:52:08,832 [dd9d2e05-3ffa-4f1c-8a80-938e5f4f3192@group-E327E8683BFB-SegmentedRaftLogWorker] INFO  segmented.SegmentedRaftLogWorker (SegmentedRaftLogWorker.java:execute(569)) - dd9d2e05-3ffa-4f1c-8a80-938e5f4f3192@group-E327E8683BFB-SegmentedRaftLogWorker: created new log segment /workdir/hadoop-ozone/ozonefs/target/test-dir/MiniOzoneClusterImpl-b00a5744-6e73-4fa1-a928-c24f0d5ffca4/datanode-5/data/ratis/d179e83a-8f52-4b8f-8d11-e327e8683bfb/current/log_inprogress_0
2019-09-26 10:52:08,832 [be8031e7-e5bc-4989-a875-174452875862@group-662C70A47425-SegmentedRaftLogWorker] INFO  segmented.SegmentedRaftLogWorker (SegmentedRaftLogWorker.java:execute(569)) - be8031e7-e5bc-4989-a875-174452875862@group-662C70A47425-SegmentedRaftLogWorker: created new log segment /workdir/hadoop-ozone/ozonefs/target/test-dir/MiniOzoneClusterImpl-b00a5744-6e73-4fa1-a928-c24f0d5ffca4/datanode-7/data/ratis/ce18228c-1bec-4548-b9d2-662c70a47425/current/log_inprogress_0
2019-09-26 10:52:08,835 [dd9d2e05-3ffa-4f1c-8a80-938e5f4f3192@group-E5D4FD95D687:LeaderElection18] INFO  impl.LeaderElection (LeaderElection.java:askForVotes(182)) - dd9d2e05-3ffa-4f1c-8a80-938e5f4f3192@group-E5D4FD95D687:LeaderElection18: begin an election at term 1 for -1: [dd9d2e05-3ffa-4f1c-8a80-938e5f4f3192:192.168.30.13:46596], old=null
2019-09-26 10:52:08,835 [dd9d2e05-3ffa-4f1c-8a80-938e5f4f3192@group-E5D4FD95D687:LeaderElection18] INFO  impl.RoleInfo (RoleInfo.java:shutdownLeaderElection(134)) - dd9d2e05-3ffa-4f1c-8a80-938e5f4f3192: shutdown LeaderElection
2019-09-26 10:52:08,835 [dd9d2e05-3ffa-4f1c-8a80-938e5f4f3192@group-E5D4FD95D687:LeaderElection18] INFO  impl.RaftServerImpl (RaftServerImpl.java:setRole(174)) - dd9d2e05-3ffa-4f1c-8a80-938e5f4f3192@group-E5D4FD95D687: changes role from CANDIDATE to LEADER at term 1 for changeToLeader
2019-09-26 10:52:08,835 [dd9d2e05-3ffa-4f1c-8a80-938e5f4f3192@group-E5D4FD95D687:LeaderElection18] INFO  impl.RaftServerImpl (ServerState.java:setLeader(253)) - dd9d2e05-3ffa-4f1c-8a80-938e5f4f3192@group-E5D4FD95D687: change Leader from null to dd9d2e05-3ffa-4f1c-8a80-938e5f4f3192 at term 1 for becomeLeader, leader elected after 5076ms
2019-09-26 10:52:08,835 [dd9d2e05-3ffa-4f1c-8a80-938e5f4f3192@group-E5D4FD95D687:LeaderElection18] INFO  server.RaftServerConfigKeys (ConfUtils.java:logGet(43)) - raft.server.staging.catchup.gap = 1000 (default)
2019-09-26 10:52:08,835 [dd9d2e05-3ffa-4f1c-8a80-938e5f4f3192@group-E5D4FD95D687:LeaderElection18] INFO  server.RaftServerConfigKeys (ConfUtils.java:logGet(43)) - raft.server.rpc.sleep.time = 25ms (default)
2019-09-26 10:52:08,836 [dd9d2e05-3ffa-4f1c-8a80-938e5f4f3192@group-E5D4FD95D687:LeaderElection18] INFO  server.RaftServerConfigKeys (ConfUtils.java:logGet(43)) - raft.server.write.element-limit = 4096 (default)
2019-09-26 10:52:08,836 [dd9d2e05-3ffa-4f1c-8a80-938e5f4f3192@group-E5D4FD95D687:LeaderElection18] INFO  server.RaftServerConfigKeys (ConfUtils.java:logGet(43)) - raft.server.watch.timeout = 10s (default)
2019-09-26 10:52:08,836 [dd9d2e05-3ffa-4f1c-8a80-938e5f4f3192@group-E5D4FD95D687:LeaderElection18] INFO  server.RaftServerConfigKeys (ConfUtils.java:logGet(43)) - raft.server.watch.timeout.denomination = 1s (default)
2019-09-26 10:52:08,836 [dd9d2e05-3ffa-4f1c-8a80-938e5f4f3192@group-E5D4FD95D687:LeaderElection18] INFO  server.RaftServerConfigKeys (ConfUtils.java:logGet(43)) - raft.server.watch.element-limit = 65536 (default)
2019-09-26 10:52:08,838 [dd9d2e05-3ffa-4f1c-8a80-938e5f4f3192@group-E5D4FD95D687:LeaderElection18] INFO  impl.RoleInfo (RoleInfo.java:updateAndGet(143)) - dd9d2e05-3ffa-4f1c-8a80-938e5f4f3192: start LeaderState
2019-09-26 10:52:08,838 [dd9d2e05-3ffa-4f1c-8a80-938e5f4f3192@group-E5D4FD95D687:LeaderElection18] INFO  segmented.SegmentedRaftLogWorker (SegmentedRaftLogWorker.java:startLogSegment(380)) - dd9d2e05-3ffa-4f1c-8a80-938e5f4f3192@group-E5D4FD95D687-SegmentedRaftLogWorker: Starting segment from index:0
2019-09-26 10:52:08,839 [dd9d2e05-3ffa-4f1c-8a80-938e5f4f3192@group-E5D4FD95D687:LeaderElection18] INFO  impl.RaftServerImpl (ServerState.java:setRaftConf(354)) - dd9d2e05-3ffa-4f1c-8a80-938e5f4f3192@group-E5D4FD95D687: set configuration 0: [dd9d2e05-3ffa-4f1c-8a80-938e5f4f3192:192.168.30.13:46596], old=null at 0
2019-09-26 10:52:08,881 [Thread-342] INFO  impl.FollowerState (FollowerState.java:run(106)) - c0d2ea87-aa22-42eb-bba4-0246f89d2958:group-D5E790582447 changes to CANDIDATE, lastRpcTime:5031, electionTimeout:5012ms
2019-09-26 10:52:08,882 [Thread-342] INFO  impl.RoleInfo (RoleInfo.java:shutdownFollowerState(121)) - c0d2ea87-aa22-42eb-bba4-0246f89d2958: shutdown FollowerState
2019-09-26 10:52:08,882 [Thread-342] INFO  impl.RaftServerImpl (RaftServerImpl.java:setRole(174)) - c0d2ea87-aa22-42eb-bba4-0246f89d2958@group-D5E790582447: changes role from  FOLLOWER to CANDIDATE at term 0 for changeToCandidate
2019-09-26 10:52:08,882 [Thread-342] INFO  impl.RoleInfo (RoleInfo.java:updateAndGet(143)) - c0d2ea87-aa22-42eb-bba4-0246f89d2958: start LeaderElection
2019-09-26 10:52:08,895 [dd9d2e05-3ffa-4f1c-8a80-938e5f4f3192@group-E5D4FD95D687-SegmentedRaftLogWorker] INFO  segmented.SegmentedRaftLogWorker (SegmentedRaftLogWorker.java:execute(569)) - dd9d2e05-3ffa-4f1c-8a80-938e5f4f3192@group-E5D4FD95D687-SegmentedRaftLogWorker: created new log segment /workdir/hadoop-ozone/ozonefs/target/test-dir/MiniOzoneClusterImpl-b00a5744-6e73-4fa1-a928-c24f0d5ffca4/datanode-5/data/ratis/41e1a4cf-2af4-48eb-8469-e5d4fd95d687/current/log_inprogress_0
2019-09-26 10:52:08,895 [c0d2ea87-aa22-42eb-bba4-0246f89d2958@group-D5E790582447:LeaderElection19] INFO  impl.LeaderElection (LeaderElection.java:askForVotes(182)) - c0d2ea87-aa22-42eb-bba4-0246f89d2958@group-D5E790582447:LeaderElection19: begin an election at term 1 for -1: [c0d2ea87-aa22-42eb-bba4-0246f89d2958:192.168.30.13:46118], old=null
2019-09-26 10:52:08,895 [c0d2ea87-aa22-42eb-bba4-0246f89d2958@group-D5E790582447:LeaderElection19] INFO  impl.RoleInfo (RoleInfo.java:shutdownLeaderElection(134)) - c0d2ea87-aa22-42eb-bba4-0246f89d2958: shutdown LeaderElection
2019-09-26 10:52:08,895 [c0d2ea87-aa22-42eb-bba4-0246f89d2958@group-D5E790582447:LeaderElection19] INFO  impl.RaftServerImpl (RaftServerImpl.java:setRole(174)) - c0d2ea87-aa22-42eb-bba4-0246f89d2958@group-D5E790582447: changes role from CANDIDATE to LEADER at term 1 for changeToLeader
2019-09-26 10:52:08,895 [c0d2ea87-aa22-42eb-bba4-0246f89d2958@group-D5E790582447:LeaderElection19] INFO  impl.RaftServerImpl (ServerState.java:setLeader(253)) - c0d2ea87-aa22-42eb-bba4-0246f89d2958@group-D5E790582447: change Leader from null to c0d2ea87-aa22-42eb-bba4-0246f89d2958 at term 1 for becomeLeader, leader elected after 5056ms
2019-09-26 10:52:08,895 [c0d2ea87-aa22-42eb-bba4-0246f89d2958@group-D5E790582447:LeaderElection19] INFO  server.RaftServerConfigKeys (ConfUtils.java:logGet(43)) - raft.server.staging.catchup.gap = 1000 (default)
2019-09-26 10:52:08,896 [c0d2ea87-aa22-42eb-bba4-0246f89d2958@group-D5E790582447:LeaderElection19] INFO  server.RaftServerConfigKeys (ConfUtils.java:logGet(43)) - raft.server.rpc.sleep.time = 25ms (default)
2019-09-26 10:52:08,896 [c0d2ea87-aa22-42eb-bba4-0246f89d2958@group-D5E790582447:LeaderElection19] INFO  server.RaftServerConfigKeys (ConfUtils.java:logGet(43)) - raft.server.write.element-limit = 4096 (default)
2019-09-26 10:52:08,896 [c0d2ea87-aa22-42eb-bba4-0246f89d2958@group-D5E790582447:LeaderElection19] INFO  server.RaftServerConfigKeys (ConfUtils.java:logGet(43)) - raft.server.watch.timeout = 10s (default)
2019-09-26 10:52:08,896 [c0d2ea87-aa22-42eb-bba4-0246f89d2958@group-D5E790582447:LeaderElection19] INFO  server.RaftServerConfigKeys (ConfUtils.java:logGet(43)) - raft.server.watch.timeout.denomination = 1s (default)
2019-09-26 10:52:08,896 [c0d2ea87-aa22-42eb-bba4-0246f89d2958@group-D5E790582447:LeaderElection19] INFO  server.RaftServerConfigKeys (ConfUtils.java:logGet(43)) - raft.server.watch.element-limit = 65536 (default)
2019-09-26 10:52:08,899 [c0d2ea87-aa22-42eb-bba4-0246f89d2958@group-D5E790582447:LeaderElection19] INFO  impl.RoleInfo (RoleInfo.java:updateAndGet(143)) - c0d2ea87-aa22-42eb-bba4-0246f89d2958: start LeaderState
2019-09-26 10:52:08,899 [c0d2ea87-aa22-42eb-bba4-0246f89d2958@group-D5E790582447:LeaderElection19] INFO  segmented.SegmentedRaftLogWorker (SegmentedRaftLogWorker.java:startLogSegment(380)) - c0d2ea87-aa22-42eb-bba4-0246f89d2958@group-D5E790582447-SegmentedRaftLogWorker: Starting segment from index:0
2019-09-26 10:52:08,899 [c0d2ea87-aa22-42eb-bba4-0246f89d2958@group-D5E790582447:LeaderElection19] INFO  impl.RaftServerImpl (ServerState.java:setRaftConf(354)) - c0d2ea87-aa22-42eb-bba4-0246f89d2958@group-D5E790582447: set configuration 0: [c0d2ea87-aa22-42eb-bba4-0246f89d2958:192.168.30.13:46118], old=null at 0
2019-09-26 10:52:08,972 [c0d2ea87-aa22-42eb-bba4-0246f89d2958@group-D5E790582447-SegmentedRaftLogWorker] INFO  segmented.SegmentedRaftLogWorker (SegmentedRaftLogWorker.java:execute(569)) - c0d2ea87-aa22-42eb-bba4-0246f89d2958@group-D5E790582447-SegmentedRaftLogWorker: created new log segment /workdir/hadoop-ozone/ozonefs/target/test-dir/MiniOzoneClusterImpl-b00a5744-6e73-4fa1-a928-c24f0d5ffca4/datanode-4/data/ratis/300cbb83-5066-4c08-b8f7-d5e790582447/current/log_inprogress_0
2019-09-26 10:52:10,029 [Thread-347] INFO  impl.FollowerState (FollowerState.java:run(106)) - 2253380d-6ddc-421c-86f6-26acdb90a8c4:group-49BB5AFF5A72 changes to CANDIDATE, lastRpcTime:5028, electionTimeout:5028ms
2019-09-26 10:52:10,029 [Thread-347] INFO  impl.RoleInfo (RoleInfo.java:shutdownFollowerState(121)) - 2253380d-6ddc-421c-86f6-26acdb90a8c4: shutdown FollowerState
2019-09-26 10:52:10,029 [Thread-347] INFO  impl.RaftServerImpl (RaftServerImpl.java:setRole(174)) - 2253380d-6ddc-421c-86f6-26acdb90a8c4@group-49BB5AFF5A72: changes role from  FOLLOWER to CANDIDATE at term 0 for changeToCandidate
2019-09-26 10:52:10,029 [Thread-347] INFO  impl.RoleInfo (RoleInfo.java:updateAndGet(143)) - 2253380d-6ddc-421c-86f6-26acdb90a8c4: start LeaderElection
2019-09-26 10:52:10,074 [2253380d-6ddc-421c-86f6-26acdb90a8c4@group-49BB5AFF5A72:LeaderElection20] INFO  impl.LeaderElection (LeaderElection.java:askForVotes(182)) - 2253380d-6ddc-421c-86f6-26acdb90a8c4@group-49BB5AFF5A72:LeaderElection20: begin an election at term 1 for -1: [2253380d-6ddc-421c-86f6-26acdb90a8c4:192.168.30.13:39629], old=null
2019-09-26 10:52:10,075 [2253380d-6ddc-421c-86f6-26acdb90a8c4@group-49BB5AFF5A72:LeaderElection20] INFO  impl.RoleInfo (RoleInfo.java:shutdownLeaderElection(134)) - 2253380d-6ddc-421c-86f6-26acdb90a8c4: shutdown LeaderElection
2019-09-26 10:52:10,075 [2253380d-6ddc-421c-86f6-26acdb90a8c4@group-49BB5AFF5A72:LeaderElection20] INFO  impl.RaftServerImpl (RaftServerImpl.java:setRole(174)) - 2253380d-6ddc-421c-86f6-26acdb90a8c4@group-49BB5AFF5A72: changes role from CANDIDATE to LEADER at term 1 for changeToLeader
2019-09-26 10:52:10,075 [2253380d-6ddc-421c-86f6-26acdb90a8c4@group-49BB5AFF5A72:LeaderElection20] INFO  impl.RaftServerImpl (ServerState.java:setLeader(253)) - 2253380d-6ddc-421c-86f6-26acdb90a8c4@group-49BB5AFF5A72: change Leader from null to 2253380d-6ddc-421c-86f6-26acdb90a8c4 at term 1 for becomeLeader, leader elected after 6148ms
2019-09-26 10:52:10,075 [2253380d-6ddc-421c-86f6-26acdb90a8c4@group-49BB5AFF5A72:LeaderElection20] INFO  server.RaftServerConfigKeys (ConfUtils.java:logGet(43)) - raft.server.staging.catchup.gap = 1000 (default)
2019-09-26 10:52:10,075 [2253380d-6ddc-421c-86f6-26acdb90a8c4@group-49BB5AFF5A72:LeaderElection20] INFO  server.RaftServerConfigKeys (ConfUtils.java:logGet(43)) - raft.server.rpc.sleep.time = 25ms (default)
2019-09-26 10:52:10,075 [2253380d-6ddc-421c-86f6-26acdb90a8c4@group-49BB5AFF5A72:LeaderElection20] INFO  server.RaftServerConfigKeys (ConfUtils.java:logGet(43)) - raft.server.write.element-limit = 4096 (default)
2019-09-26 10:52:10,076 [2253380d-6ddc-421c-86f6-26acdb90a8c4@group-49BB5AFF5A72:LeaderElection20] INFO  server.RaftServerConfigKeys (ConfUtils.java:logGet(43)) - raft.server.watch.timeout = 10s (default)
2019-09-26 10:52:10,076 [2253380d-6ddc-421c-86f6-26acdb90a8c4@group-49BB5AFF5A72:LeaderElection20] INFO  server.RaftServerConfigKeys (ConfUtils.java:logGet(43)) - raft.server.watch.timeout.denomination = 1s (default)
2019-09-26 10:52:10,076 [2253380d-6ddc-421c-86f6-26acdb90a8c4@group-49BB5AFF5A72:LeaderElection20] INFO  server.RaftServerConfigKeys (ConfUtils.java:logGet(43)) - raft.server.watch.element-limit = 65536 (default)
2019-09-26 10:52:10,079 [2253380d-6ddc-421c-86f6-26acdb90a8c4@group-49BB5AFF5A72:LeaderElection20] INFO  impl.RoleInfo (RoleInfo.java:updateAndGet(143)) - 2253380d-6ddc-421c-86f6-26acdb90a8c4: start LeaderState
2019-09-26 10:52:10,080 [2253380d-6ddc-421c-86f6-26acdb90a8c4@group-49BB5AFF5A72:LeaderElection20] INFO  segmented.SegmentedRaftLogWorker (SegmentedRaftLogWorker.java:startLogSegment(380)) - 2253380d-6ddc-421c-86f6-26acdb90a8c4@group-49BB5AFF5A72-SegmentedRaftLogWorker: Starting segment from index:0
2019-09-26 10:52:10,080 [2253380d-6ddc-421c-86f6-26acdb90a8c4@group-49BB5AFF5A72:LeaderElection20] INFO  impl.RaftServerImpl (ServerState.java:setRaftConf(354)) - 2253380d-6ddc-421c-86f6-26acdb90a8c4@group-49BB5AFF5A72: set configuration 0: [2253380d-6ddc-421c-86f6-26acdb90a8c4:192.168.30.13:39629], old=null at 0
2019-09-26 10:52:10,137 [Thread-351] INFO  impl.FollowerState (FollowerState.java:run(106)) - 557f9f1f-13f1-4e9a-b9bb-f7fbe560edab:group-281DB5813A67 changes to CANDIDATE, lastRpcTime:5026, electionTimeout:5010ms
2019-09-26 10:52:10,138 [Thread-351] INFO  impl.RoleInfo (RoleInfo.java:shutdownFollowerState(121)) - 557f9f1f-13f1-4e9a-b9bb-f7fbe560edab: shutdown FollowerState
2019-09-26 10:52:10,138 [Thread-351] INFO  impl.RaftServerImpl (RaftServerImpl.java:setRole(174)) - 557f9f1f-13f1-4e9a-b9bb-f7fbe560edab@group-281DB5813A67: changes role from  FOLLOWER to CANDIDATE at term 0 for changeToCandidate
2019-09-26 10:52:10,138 [Thread-351] INFO  impl.RoleInfo (RoleInfo.java:updateAndGet(143)) - 557f9f1f-13f1-4e9a-b9bb-f7fbe560edab: start LeaderElection
2019-09-26 10:52:10,153 [2253380d-6ddc-421c-86f6-26acdb90a8c4@group-49BB5AFF5A72-SegmentedRaftLogWorker] INFO  segmented.SegmentedRaftLogWorker (SegmentedRaftLogWorker.java:execute(569)) - 2253380d-6ddc-421c-86f6-26acdb90a8c4@group-49BB5AFF5A72-SegmentedRaftLogWorker: created new log segment /workdir/hadoop-ozone/ozonefs/target/test-dir/MiniOzoneClusterImpl-b00a5744-6e73-4fa1-a928-c24f0d5ffca4/datanode-3/data/ratis/ac58335d-98e5-4a63-918a-49bb5aff5a72/current/log_inprogress_0
2019-09-26 10:52:10,153 [557f9f1f-13f1-4e9a-b9bb-f7fbe560edab@group-281DB5813A67:LeaderElection21] INFO  impl.LeaderElection (LeaderElection.java:askForVotes(182)) - 557f9f1f-13f1-4e9a-b9bb-f7fbe560edab@group-281DB5813A67:LeaderElection21: begin an election at term 1 for -1: [557f9f1f-13f1-4e9a-b9bb-f7fbe560edab:192.168.30.13:38394], old=null
2019-09-26 10:52:10,154 [557f9f1f-13f1-4e9a-b9bb-f7fbe560edab@group-281DB5813A67:LeaderElection21] INFO  impl.RoleInfo (RoleInfo.java:shutdownLeaderElection(134)) - 557f9f1f-13f1-4e9a-b9bb-f7fbe560edab: shutdown LeaderElection
2019-09-26 10:52:10,154 [557f9f1f-13f1-4e9a-b9bb-f7fbe560edab@group-281DB5813A67:LeaderElection21] INFO  impl.RaftServerImpl (RaftServerImpl.java:setRole(174)) - 557f9f1f-13f1-4e9a-b9bb-f7fbe560edab@group-281DB5813A67: changes role from CANDIDATE to LEADER at term 1 for changeToLeader
2019-09-26 10:52:10,154 [557f9f1f-13f1-4e9a-b9bb-f7fbe560edab@group-281DB5813A67:LeaderElection21] INFO  impl.RaftServerImpl (ServerState.java:setLeader(253)) - 557f9f1f-13f1-4e9a-b9bb-f7fbe560edab@group-281DB5813A67: change Leader from null to 557f9f1f-13f1-4e9a-b9bb-f7fbe560edab at term 1 for becomeLeader, leader elected after 5053ms
2019-09-26 10:52:10,154 [557f9f1f-13f1-4e9a-b9bb-f7fbe560edab@group-281DB5813A67:LeaderElection21] INFO  server.RaftServerConfigKeys (ConfUtils.java:logGet(43)) - raft.server.staging.catchup.gap = 1000 (default)
2019-09-26 10:52:10,154 [557f9f1f-13f1-4e9a-b9bb-f7fbe560edab@group-281DB5813A67:LeaderElection21] INFO  server.RaftServerConfigKeys (ConfUtils.java:logGet(43)) - raft.server.rpc.sleep.time = 25ms (default)
2019-09-26 10:52:10,154 [557f9f1f-13f1-4e9a-b9bb-f7fbe560edab@group-281DB5813A67:LeaderElection21] INFO  server.RaftServerConfigKeys (ConfUtils.java:logGet(43)) - raft.server.write.element-limit = 4096 (default)
2019-09-26 10:52:10,155 [557f9f1f-13f1-4e9a-b9bb-f7fbe560edab@group-281DB5813A67:LeaderElection21] INFO  server.RaftServerConfigKeys (ConfUtils.java:logGet(43)) - raft.server.watch.timeout = 10s (default)
2019-09-26 10:52:10,155 [557f9f1f-13f1-4e9a-b9bb-f7fbe560edab@group-281DB5813A67:LeaderElection21] INFO  server.RaftServerConfigKeys (ConfUtils.java:logGet(43)) - raft.server.watch.timeout.denomination = 1s (default)
2019-09-26 10:52:10,155 [557f9f1f-13f1-4e9a-b9bb-f7fbe560edab@group-281DB5813A67:LeaderElection21] INFO  server.RaftServerConfigKeys (ConfUtils.java:logGet(43)) - raft.server.watch.element-limit = 65536 (default)
2019-09-26 10:52:10,157 [557f9f1f-13f1-4e9a-b9bb-f7fbe560edab@group-281DB5813A67:LeaderElection21] INFO  impl.RoleInfo (RoleInfo.java:updateAndGet(143)) - 557f9f1f-13f1-4e9a-b9bb-f7fbe560edab: start LeaderState
2019-09-26 10:52:10,157 [557f9f1f-13f1-4e9a-b9bb-f7fbe560edab@group-281DB5813A67:LeaderElection21] INFO  segmented.SegmentedRaftLogWorker (SegmentedRaftLogWorker.java:startLogSegment(380)) - 557f9f1f-13f1-4e9a-b9bb-f7fbe560edab@group-281DB5813A67-SegmentedRaftLogWorker: Starting segment from index:0
2019-09-26 10:52:10,158 [557f9f1f-13f1-4e9a-b9bb-f7fbe560edab@group-281DB5813A67:LeaderElection21] INFO  impl.RaftServerImpl (ServerState.java:setRaftConf(354)) - 557f9f1f-13f1-4e9a-b9bb-f7fbe560edab@group-281DB5813A67: set configuration 0: [557f9f1f-13f1-4e9a-b9bb-f7fbe560edab:192.168.30.13:38394], old=null at 0
2019-09-26 10:52:10,215 [557f9f1f-13f1-4e9a-b9bb-f7fbe560edab@group-281DB5813A67-SegmentedRaftLogWorker] INFO  segmented.SegmentedRaftLogWorker (SegmentedRaftLogWorker.java:execute(569)) - 557f9f1f-13f1-4e9a-b9bb-f7fbe560edab@group-281DB5813A67-SegmentedRaftLogWorker: created new log segment /workdir/hadoop-ozone/ozonefs/target/test-dir/MiniOzoneClusterImpl-b00a5744-6e73-4fa1-a928-c24f0d5ffca4/datanode-8/data/ratis/c7f83634-6d8c-479f-9131-281db5813a67/current/log_inprogress_0
2019-09-26 10:52:10,404 [Thread-354] INFO  impl.FollowerState (FollowerState.java:run(106)) - 0c06663d-3a07-4175-8dd2-9d41b1b53b1e:group-AFBF31E49344 changes to CANDIDATE, lastRpcTime:5195, electionTimeout:5195ms
2019-09-26 10:52:10,404 [Thread-354] INFO  impl.RoleInfo (RoleInfo.java:shutdownFollowerState(121)) - 0c06663d-3a07-4175-8dd2-9d41b1b53b1e: shutdown FollowerState
2019-09-26 10:52:10,404 [Thread-354] INFO  impl.RaftServerImpl (RaftServerImpl.java:setRole(174)) - 0c06663d-3a07-4175-8dd2-9d41b1b53b1e@group-AFBF31E49344: changes role from  FOLLOWER to CANDIDATE at term 0 for changeToCandidate
2019-09-26 10:52:10,404 [Thread-354] INFO  impl.RoleInfo (RoleInfo.java:updateAndGet(143)) - 0c06663d-3a07-4175-8dd2-9d41b1b53b1e: start LeaderElection
2019-09-26 10:52:10,421 [0c06663d-3a07-4175-8dd2-9d41b1b53b1e@group-AFBF31E49344:LeaderElection22] INFO  impl.LeaderElection (LeaderElection.java:askForVotes(182)) - 0c06663d-3a07-4175-8dd2-9d41b1b53b1e@group-AFBF31E49344:LeaderElection22: begin an election at term 1 for -1: [0c06663d-3a07-4175-8dd2-9d41b1b53b1e:192.168.30.13:42265], old=null
2019-09-26 10:52:10,422 [0c06663d-3a07-4175-8dd2-9d41b1b53b1e@group-AFBF31E49344:LeaderElection22] INFO  impl.RoleInfo (RoleInfo.java:shutdownLeaderElection(134)) - 0c06663d-3a07-4175-8dd2-9d41b1b53b1e: shutdown LeaderElection
2019-09-26 10:52:10,422 [0c06663d-3a07-4175-8dd2-9d41b1b53b1e@group-AFBF31E49344:LeaderElection22] INFO  impl.RaftServerImpl (RaftServerImpl.java:setRole(174)) - 0c06663d-3a07-4175-8dd2-9d41b1b53b1e@group-AFBF31E49344: changes role from CANDIDATE to LEADER at term 1 for changeToLeader
2019-09-26 10:52:10,422 [0c06663d-3a07-4175-8dd2-9d41b1b53b1e@group-AFBF31E49344:LeaderElection22] INFO  impl.RaftServerImpl (ServerState.java:setLeader(253)) - 0c06663d-3a07-4175-8dd2-9d41b1b53b1e@group-AFBF31E49344: change Leader from null to 0c06663d-3a07-4175-8dd2-9d41b1b53b1e at term 1 for becomeLeader, leader elected after 5221ms
2019-09-26 10:52:10,422 [0c06663d-3a07-4175-8dd2-9d41b1b53b1e@group-AFBF31E49344:LeaderElection22] INFO  server.RaftServerConfigKeys (ConfUtils.java:logGet(43)) - raft.server.staging.catchup.gap = 1000 (default)
2019-09-26 10:52:10,422 [0c06663d-3a07-4175-8dd2-9d41b1b53b1e@group-AFBF31E49344:LeaderElection22] INFO  server.RaftServerConfigKeys (ConfUtils.java:logGet(43)) - raft.server.rpc.sleep.time = 25ms (default)
2019-09-26 10:52:10,422 [0c06663d-3a07-4175-8dd2-9d41b1b53b1e@group-AFBF31E49344:LeaderElection22] INFO  server.RaftServerConfigKeys (ConfUtils.java:logGet(43)) - raft.server.write.element-limit = 4096 (default)
2019-09-26 10:52:10,423 [0c06663d-3a07-4175-8dd2-9d41b1b53b1e@group-AFBF31E49344:LeaderElection22] INFO  server.RaftServerConfigKeys (ConfUtils.java:logGet(43)) - raft.server.watch.timeout = 10s (default)
2019-09-26 10:52:10,423 [0c06663d-3a07-4175-8dd2-9d41b1b53b1e@group-AFBF31E49344:LeaderElection22] INFO  server.RaftServerConfigKeys (ConfUtils.java:logGet(43)) - raft.server.watch.timeout.denomination = 1s (default)
2019-09-26 10:52:10,423 [0c06663d-3a07-4175-8dd2-9d41b1b53b1e@group-AFBF31E49344:LeaderElection22] INFO  server.RaftServerConfigKeys (ConfUtils.java:logGet(43)) - raft.server.watch.element-limit = 65536 (default)
2019-09-26 10:52:10,425 [0c06663d-3a07-4175-8dd2-9d41b1b53b1e@group-AFBF31E49344:LeaderElection22] INFO  impl.RoleInfo (RoleInfo.java:updateAndGet(143)) - 0c06663d-3a07-4175-8dd2-9d41b1b53b1e: start LeaderState
2019-09-26 10:52:10,425 [0c06663d-3a07-4175-8dd2-9d41b1b53b1e@group-AFBF31E49344:LeaderElection22] INFO  segmented.SegmentedRaftLogWorker (SegmentedRaftLogWorker.java:startLogSegment(380)) - 0c06663d-3a07-4175-8dd2-9d41b1b53b1e@group-AFBF31E49344-SegmentedRaftLogWorker: Starting segment from index:0
2019-09-26 10:52:10,426 [0c06663d-3a07-4175-8dd2-9d41b1b53b1e@group-AFBF31E49344:LeaderElection22] INFO  impl.RaftServerImpl (ServerState.java:setRaftConf(354)) - 0c06663d-3a07-4175-8dd2-9d41b1b53b1e@group-AFBF31E49344: set configuration 0: [0c06663d-3a07-4175-8dd2-9d41b1b53b1e:192.168.30.13:42265], old=null at 0
2019-09-26 10:52:10,465 [Thread-357] INFO  impl.FollowerState (FollowerState.java:run(106)) - 557f9f1f-13f1-4e9a-b9bb-f7fbe560edab:group-F2A7AF8E309A changes to CANDIDATE, lastRpcTime:5198, electionTimeout:5190ms
2019-09-26 10:52:10,465 [Thread-357] INFO  impl.RoleInfo (RoleInfo.java:shutdownFollowerState(121)) - 557f9f1f-13f1-4e9a-b9bb-f7fbe560edab: shutdown FollowerState
2019-09-26 10:52:10,465 [Thread-357] INFO  impl.RaftServerImpl (RaftServerImpl.java:setRole(174)) - 557f9f1f-13f1-4e9a-b9bb-f7fbe560edab@group-F2A7AF8E309A: changes role from  FOLLOWER to CANDIDATE at term 0 for changeToCandidate
2019-09-26 10:52:10,465 [Thread-357] INFO  impl.RoleInfo (RoleInfo.java:updateAndGet(143)) - 557f9f1f-13f1-4e9a-b9bb-f7fbe560edab: start LeaderElection
2019-09-26 10:52:10,478 [0c06663d-3a07-4175-8dd2-9d41b1b53b1e@group-AFBF31E49344-SegmentedRaftLogWorker] INFO  segmented.SegmentedRaftLogWorker (SegmentedRaftLogWorker.java:execute(569)) - 0c06663d-3a07-4175-8dd2-9d41b1b53b1e@group-AFBF31E49344-SegmentedRaftLogWorker: created new log segment /workdir/hadoop-ozone/ozonefs/target/test-dir/MiniOzoneClusterImpl-b00a5744-6e73-4fa1-a928-c24f0d5ffca4/datanode-0/data/ratis/fd0e0807-8e04-4c66-96c0-afbf31e49344/current/log_inprogress_0
2019-09-26 10:52:10,478 [557f9f1f-13f1-4e9a-b9bb-f7fbe560edab@group-F2A7AF8E309A:LeaderElection23] INFO  impl.LeaderElection (LeaderElection.java:askForVotes(182)) - 557f9f1f-13f1-4e9a-b9bb-f7fbe560edab@group-F2A7AF8E309A:LeaderElection23: begin an election at term 1 for -1: [557f9f1f-13f1-4e9a-b9bb-f7fbe560edab:192.168.30.13:38394], old=null
2019-09-26 10:52:10,478 [557f9f1f-13f1-4e9a-b9bb-f7fbe560edab@group-F2A7AF8E309A:LeaderElection23] INFO  impl.RoleInfo (RoleInfo.java:shutdownLeaderElection(134)) - 557f9f1f-13f1-4e9a-b9bb-f7fbe560edab: shutdown LeaderElection
2019-09-26 10:52:10,478 [557f9f1f-13f1-4e9a-b9bb-f7fbe560edab@group-F2A7AF8E309A:LeaderElection23] INFO  impl.RaftServerImpl (RaftServerImpl.java:setRole(174)) - 557f9f1f-13f1-4e9a-b9bb-f7fbe560edab@group-F2A7AF8E309A: changes role from CANDIDATE to LEADER at term 1 for changeToLeader
2019-09-26 10:52:10,478 [557f9f1f-13f1-4e9a-b9bb-f7fbe560edab@group-F2A7AF8E309A:LeaderElection23] INFO  impl.RaftServerImpl (ServerState.java:setLeader(253)) - 557f9f1f-13f1-4e9a-b9bb-f7fbe560edab@group-F2A7AF8E309A: change Leader from null to 557f9f1f-13f1-4e9a-b9bb-f7fbe560edab at term 1 for becomeLeader, leader elected after 5219ms
2019-09-26 10:52:10,478 [557f9f1f-13f1-4e9a-b9bb-f7fbe560edab@group-F2A7AF8E309A:LeaderElection23] INFO  server.RaftServerConfigKeys (ConfUtils.java:logGet(43)) - raft.server.staging.catchup.gap = 1000 (default)
2019-09-26 10:52:10,479 [557f9f1f-13f1-4e9a-b9bb-f7fbe560edab@group-F2A7AF8E309A:LeaderElection23] INFO  server.RaftServerConfigKeys (ConfUtils.java:logGet(43)) - raft.server.rpc.sleep.time = 25ms (default)
2019-09-26 10:52:10,479 [557f9f1f-13f1-4e9a-b9bb-f7fbe560edab@group-F2A7AF8E309A:LeaderElection23] INFO  server.RaftServerConfigKeys (ConfUtils.java:logGet(43)) - raft.server.write.element-limit = 4096 (default)
2019-09-26 10:52:10,479 [557f9f1f-13f1-4e9a-b9bb-f7fbe560edab@group-F2A7AF8E309A:LeaderElection23] INFO  server.RaftServerConfigKeys (ConfUtils.java:logGet(43)) - raft.server.watch.timeout = 10s (default)
2019-09-26 10:52:10,479 [557f9f1f-13f1-4e9a-b9bb-f7fbe560edab@group-F2A7AF8E309A:LeaderElection23] INFO  server.RaftServerConfigKeys (ConfUtils.java:logGet(43)) - raft.server.watch.timeout.denomination = 1s (default)
2019-09-26 10:52:10,479 [557f9f1f-13f1-4e9a-b9bb-f7fbe560edab@group-F2A7AF8E309A:LeaderElection23] INFO  server.RaftServerConfigKeys (ConfUtils.java:logGet(43)) - raft.server.watch.element-limit = 65536 (default)
2019-09-26 10:52:10,482 [557f9f1f-13f1-4e9a-b9bb-f7fbe560edab@group-F2A7AF8E309A:LeaderElection23] INFO  impl.RoleInfo (RoleInfo.java:updateAndGet(143)) - 557f9f1f-13f1-4e9a-b9bb-f7fbe560edab: start LeaderState
2019-09-26 10:52:10,482 [557f9f1f-13f1-4e9a-b9bb-f7fbe560edab@group-F2A7AF8E309A:LeaderElection23] INFO  segmented.SegmentedRaftLogWorker (SegmentedRaftLogWorker.java:startLogSegment(380)) - 557f9f1f-13f1-4e9a-b9bb-f7fbe560edab@group-F2A7AF8E309A-SegmentedRaftLogWorker: Starting segment from index:0
2019-09-26 10:52:10,482 [557f9f1f-13f1-4e9a-b9bb-f7fbe560edab@group-F2A7AF8E309A:LeaderElection23] INFO  impl.RaftServerImpl (ServerState.java:setRaftConf(354)) - 557f9f1f-13f1-4e9a-b9bb-f7fbe560edab@group-F2A7AF8E309A: set configuration 0: [557f9f1f-13f1-4e9a-b9bb-f7fbe560edab:192.168.30.13:38394], old=null at 0
2019-09-26 10:52:10,522 [Thread-360] INFO  impl.FollowerState (FollowerState.java:run(106)) - dd9d2e05-3ffa-4f1c-8a80-938e5f4f3192:group-74BB72D0174F changes to CANDIDATE, lastRpcTime:5197, electionTimeout:5180ms
2019-09-26 10:52:10,522 [Thread-363] INFO  impl.FollowerState (FollowerState.java:run(106)) - dd9d2e05-3ffa-4f1c-8a80-938e5f4f3192:group-9527766B34C3 changes to CANDIDATE, lastRpcTime:5135, electionTimeout:5096ms
2019-09-26 10:52:10,522 [Thread-360] INFO  impl.RoleInfo (RoleInfo.java:shutdownFollowerState(121)) - dd9d2e05-3ffa-4f1c-8a80-938e5f4f3192: shutdown FollowerState
2019-09-26 10:52:10,522 [Thread-363] INFO  impl.RoleInfo (RoleInfo.java:shutdownFollowerState(121)) - dd9d2e05-3ffa-4f1c-8a80-938e5f4f3192: shutdown FollowerState
2019-09-26 10:52:10,523 [Thread-360] INFO  impl.RaftServerImpl (RaftServerImpl.java:setRole(174)) - dd9d2e05-3ffa-4f1c-8a80-938e5f4f3192@group-74BB72D0174F: changes role from  FOLLOWER to CANDIDATE at term 0 for changeToCandidate
2019-09-26 10:52:10,523 [Thread-363] INFO  impl.RaftServerImpl (RaftServerImpl.java:setRole(174)) - dd9d2e05-3ffa-4f1c-8a80-938e5f4f3192@group-9527766B34C3: changes role from  FOLLOWER to CANDIDATE at term 0 for changeToCandidate
2019-09-26 10:52:10,523 [Thread-360] INFO  impl.RoleInfo (RoleInfo.java:updateAndGet(143)) - dd9d2e05-3ffa-4f1c-8a80-938e5f4f3192: start LeaderElection
2019-09-26 10:52:10,523 [Thread-363] INFO  impl.RoleInfo (RoleInfo.java:updateAndGet(143)) - dd9d2e05-3ffa-4f1c-8a80-938e5f4f3192: start LeaderElection
2019-09-26 10:52:10,547 [557f9f1f-13f1-4e9a-b9bb-f7fbe560edab@group-F2A7AF8E309A-SegmentedRaftLogWorker] INFO  segmented.SegmentedRaftLogWorker (SegmentedRaftLogWorker.java:execute(569)) - 557f9f1f-13f1-4e9a-b9bb-f7fbe560edab@group-F2A7AF8E309A-SegmentedRaftLogWorker: created new log segment /workdir/hadoop-ozone/ozonefs/target/test-dir/MiniOzoneClusterImpl-b00a5744-6e73-4fa1-a928-c24f0d5ffca4/datanode-8/data/ratis/a8a242f4-70c5-4c8e-8c0e-f2a7af8e309a/current/log_inprogress_0
2019-09-26 10:52:10,547 [dd9d2e05-3ffa-4f1c-8a80-938e5f4f3192@group-9527766B34C3:LeaderElection25] INFO  impl.LeaderElection (LeaderElection.java:askForVotes(182)) - dd9d2e05-3ffa-4f1c-8a80-938e5f4f3192@group-9527766B34C3:LeaderElection25: begin an election at term 1 for -1: [dd9d2e05-3ffa-4f1c-8a80-938e5f4f3192:192.168.30.13:46596], old=null
2019-09-26 10:52:10,547 [dd9d2e05-3ffa-4f1c-8a80-938e5f4f3192@group-74BB72D0174F:LeaderElection24] INFO  impl.LeaderElection (LeaderElection.java:askForVotes(182)) - dd9d2e05-3ffa-4f1c-8a80-938e5f4f3192@group-74BB72D0174F:LeaderElection24: begin an election at term 1 for -1: [dd9d2e05-3ffa-4f1c-8a80-938e5f4f3192:192.168.30.13:46596], old=null
2019-09-26 10:52:10,548 [dd9d2e05-3ffa-4f1c-8a80-938e5f4f3192@group-9527766B34C3:LeaderElection25] INFO  impl.RoleInfo (RoleInfo.java:shutdownLeaderElection(134)) - dd9d2e05-3ffa-4f1c-8a80-938e5f4f3192: shutdown LeaderElection
2019-09-26 10:52:10,548 [dd9d2e05-3ffa-4f1c-8a80-938e5f4f3192@group-74BB72D0174F:LeaderElection24] INFO  impl.RoleInfo (RoleInfo.java:shutdownLeaderElection(134)) - dd9d2e05-3ffa-4f1c-8a80-938e5f4f3192: shutdown LeaderElection
2019-09-26 10:52:10,548 [dd9d2e05-3ffa-4f1c-8a80-938e5f4f3192@group-9527766B34C3:LeaderElection25] INFO  impl.RaftServerImpl (RaftServerImpl.java:setRole(174)) - dd9d2e05-3ffa-4f1c-8a80-938e5f4f3192@group-9527766B34C3: changes role from CANDIDATE to LEADER at term 1 for changeToLeader
2019-09-26 10:52:10,548 [dd9d2e05-3ffa-4f1c-8a80-938e5f4f3192@group-74BB72D0174F:LeaderElection24] INFO  impl.RaftServerImpl (RaftServerImpl.java:setRole(174)) - dd9d2e05-3ffa-4f1c-8a80-938e5f4f3192@group-74BB72D0174F: changes role from CANDIDATE to LEADER at term 1 for changeToLeader
2019-09-26 10:52:10,548 [dd9d2e05-3ffa-4f1c-8a80-938e5f4f3192@group-9527766B34C3:LeaderElection25] INFO  impl.RaftServerImpl (ServerState.java:setLeader(253)) - dd9d2e05-3ffa-4f1c-8a80-938e5f4f3192@group-9527766B34C3: change Leader from null to dd9d2e05-3ffa-4f1c-8a80-938e5f4f3192 at term 1 for becomeLeader, leader elected after 5167ms
2019-09-26 10:52:10,548 [dd9d2e05-3ffa-4f1c-8a80-938e5f4f3192@group-74BB72D0174F:LeaderElection24] INFO  impl.RaftServerImpl (ServerState.java:setLeader(253)) - dd9d2e05-3ffa-4f1c-8a80-938e5f4f3192@group-74BB72D0174F: change Leader from null to dd9d2e05-3ffa-4f1c-8a80-938e5f4f3192 at term 1 for becomeLeader, leader elected after 5231ms
2019-09-26 10:52:10,549 [dd9d2e05-3ffa-4f1c-8a80-938e5f4f3192@group-9527766B34C3:LeaderElection25] INFO  server.RaftServerConfigKeys (ConfUtils.java:logGet(43)) - raft.server.staging.catchup.gap = 1000 (default)
2019-09-26 10:52:10,549 [dd9d2e05-3ffa-4f1c-8a80-938e5f4f3192@group-74BB72D0174F:LeaderElection24] INFO  server.RaftServerConfigKeys (ConfUtils.java:logGet(43)) - raft.server.staging.catchup.gap = 1000 (default)
2019-09-26 10:52:10,549 [dd9d2e05-3ffa-4f1c-8a80-938e5f4f3192@group-9527766B34C3:LeaderElection25] INFO  server.RaftServerConfigKeys (ConfUtils.java:logGet(43)) - raft.server.rpc.sleep.time = 25ms (default)
2019-09-26 10:52:10,549 [dd9d2e05-3ffa-4f1c-8a80-938e5f4f3192@group-74BB72D0174F:LeaderElection24] INFO  server.RaftServerConfigKeys (ConfUtils.java:logGet(43)) - raft.server.rpc.sleep.time = 25ms (default)
2019-09-26 10:52:10,549 [dd9d2e05-3ffa-4f1c-8a80-938e5f4f3192@group-9527766B34C3:LeaderElection25] INFO  server.RaftServerConfigKeys (ConfUtils.java:logGet(43)) - raft.server.write.element-limit = 4096 (default)
2019-09-26 10:52:10,549 [dd9d2e05-3ffa-4f1c-8a80-938e5f4f3192@group-74BB72D0174F:LeaderElection24] INFO  server.RaftServerConfigKeys (ConfUtils.java:logGet(43)) - raft.server.write.element-limit = 4096 (default)
2019-09-26 10:52:10,550 [dd9d2e05-3ffa-4f1c-8a80-938e5f4f3192@group-9527766B34C3:LeaderElection25] INFO  server.RaftServerConfigKeys (ConfUtils.java:logGet(43)) - raft.server.watch.timeout = 10s (default)
2019-09-26 10:52:10,550 [dd9d2e05-3ffa-4f1c-8a80-938e5f4f3192@group-74BB72D0174F:LeaderElection24] INFO  server.RaftServerConfigKeys (ConfUtils.java:logGet(43)) - raft.server.watch.timeout = 10s (default)
2019-09-26 10:52:10,550 [dd9d2e05-3ffa-4f1c-8a80-938e5f4f3192@group-9527766B34C3:LeaderElection25] INFO  server.RaftServerConfigKeys (ConfUtils.java:logGet(43)) - raft.server.watch.timeout.denomination = 1s (default)
2019-09-26 10:52:10,550 [dd9d2e05-3ffa-4f1c-8a80-938e5f4f3192@group-74BB72D0174F:LeaderElection24] INFO  server.RaftServerConfigKeys (ConfUtils.java:logGet(43)) - raft.server.watch.timeout.denomination = 1s (default)
2019-09-26 10:52:10,550 [dd9d2e05-3ffa-4f1c-8a80-938e5f4f3192@group-9527766B34C3:LeaderElection25] INFO  server.RaftServerConfigKeys (ConfUtils.java:logGet(43)) - raft.server.watch.element-limit = 65536 (default)
2019-09-26 10:52:10,550 [dd9d2e05-3ffa-4f1c-8a80-938e5f4f3192@group-74BB72D0174F:LeaderElection24] INFO  server.RaftServerConfigKeys (ConfUtils.java:logGet(43)) - raft.server.watch.element-limit = 65536 (default)
2019-09-26 10:52:10,553 [dd9d2e05-3ffa-4f1c-8a80-938e5f4f3192@group-9527766B34C3:LeaderElection25] INFO  impl.RoleInfo (RoleInfo.java:updateAndGet(143)) - dd9d2e05-3ffa-4f1c-8a80-938e5f4f3192: start LeaderState
2019-09-26 10:52:10,554 [dd9d2e05-3ffa-4f1c-8a80-938e5f4f3192@group-74BB72D0174F:LeaderElection24] INFO  impl.RoleInfo (RoleInfo.java:updateAndGet(143)) - dd9d2e05-3ffa-4f1c-8a80-938e5f4f3192: start LeaderState
2019-09-26 10:52:10,554 [dd9d2e05-3ffa-4f1c-8a80-938e5f4f3192@group-9527766B34C3:LeaderElection25] INFO  segmented.SegmentedRaftLogWorker (SegmentedRaftLogWorker.java:startLogSegment(380)) - dd9d2e05-3ffa-4f1c-8a80-938e5f4f3192@group-9527766B34C3-SegmentedRaftLogWorker: Starting segment from index:0
2019-09-26 10:52:10,554 [dd9d2e05-3ffa-4f1c-8a80-938e5f4f3192@group-74BB72D0174F:LeaderElection24] INFO  segmented.SegmentedRaftLogWorker (SegmentedRaftLogWorker.java:startLogSegment(380)) - dd9d2e05-3ffa-4f1c-8a80-938e5f4f3192@group-74BB72D0174F-SegmentedRaftLogWorker: Starting segment from index:0
2019-09-26 10:52:10,554 [dd9d2e05-3ffa-4f1c-8a80-938e5f4f3192@group-9527766B34C3:LeaderElection25] INFO  impl.RaftServerImpl (ServerState.java:setRaftConf(354)) - dd9d2e05-3ffa-4f1c-8a80-938e5f4f3192@group-9527766B34C3: set configuration 0: [dd9d2e05-3ffa-4f1c-8a80-938e5f4f3192:192.168.30.13:46596], old=null at 0
2019-09-26 10:52:10,593 [dd9d2e05-3ffa-4f1c-8a80-938e5f4f3192@group-74BB72D0174F:LeaderElection24] INFO  impl.RaftServerImpl (ServerState.java:setRaftConf(354)) - dd9d2e05-3ffa-4f1c-8a80-938e5f4f3192@group-74BB72D0174F: set configuration 0: [dd9d2e05-3ffa-4f1c-8a80-938e5f4f3192:192.168.30.13:46596], old=null at 0
2019-09-26 10:52:10,635 [Thread-366] INFO  impl.FollowerState (FollowerState.java:run(106)) - 0c06663d-3a07-4175-8dd2-9d41b1b53b1e:group-C0070F59A967 changes to CANDIDATE, lastRpcTime:5192, electionTimeout:5166ms
2019-09-26 10:52:10,635 [Thread-369] INFO  impl.FollowerState (FollowerState.java:run(106)) - c0d2ea87-aa22-42eb-bba4-0246f89d2958:group-16CC8EC40316 changes to CANDIDATE, lastRpcTime:5134, electionTimeout:5134ms
2019-09-26 10:52:10,635 [dd9d2e05-3ffa-4f1c-8a80-938e5f4f3192@group-9527766B34C3-SegmentedRaftLogWorker] INFO  segmented.SegmentedRaftLogWorker (SegmentedRaftLogWorker.java:execute(569)) - dd9d2e05-3ffa-4f1c-8a80-938e5f4f3192@group-9527766B34C3-SegmentedRaftLogWorker: created new log segment /workdir/hadoop-ozone/ozonefs/target/test-dir/MiniOzoneClusterImpl-b00a5744-6e73-4fa1-a928-c24f0d5ffca4/datanode-5/data/ratis/d3af12b3-8297-478d-b8d1-9527766b34c3/current/log_inprogress_0
2019-09-26 10:52:10,636 [Thread-369] INFO  impl.RoleInfo (RoleInfo.java:shutdownFollowerState(121)) - c0d2ea87-aa22-42eb-bba4-0246f89d2958: shutdown FollowerState
2019-09-26 10:52:10,636 [Thread-366] INFO  impl.RoleInfo (RoleInfo.java:shutdownFollowerState(121)) - 0c06663d-3a07-4175-8dd2-9d41b1b53b1e: shutdown FollowerState
2019-09-26 10:52:10,636 [Thread-369] INFO  impl.RaftServerImpl (RaftServerImpl.java:setRole(174)) - c0d2ea87-aa22-42eb-bba4-0246f89d2958@group-16CC8EC40316: changes role from  FOLLOWER to CANDIDATE at term 0 for changeToCandidate
2019-09-26 10:52:10,636 [Thread-366] INFO  impl.RaftServerImpl (RaftServerImpl.java:setRole(174)) - 0c06663d-3a07-4175-8dd2-9d41b1b53b1e@group-C0070F59A967: changes role from  FOLLOWER to CANDIDATE at term 0 for changeToCandidate
2019-09-26 10:52:10,636 [Thread-369] INFO  impl.RoleInfo (RoleInfo.java:updateAndGet(143)) - c0d2ea87-aa22-42eb-bba4-0246f89d2958: start LeaderElection
2019-09-26 10:52:10,636 [Thread-366] INFO  impl.RoleInfo (RoleInfo.java:updateAndGet(143)) - 0c06663d-3a07-4175-8dd2-9d41b1b53b1e: start LeaderElection
2019-09-26 10:52:10,651 [Thread-375] INFO  impl.FollowerState (FollowerState.java:run(106)) - 557f9f1f-13f1-4e9a-b9bb-f7fbe560edab:group-45F28B6522CF changes to CANDIDATE, lastRpcTime:5035, electionTimeout:5035ms
2019-09-26 10:52:10,651 [Thread-375] INFO  impl.RoleInfo (RoleInfo.java:shutdownFollowerState(121)) - 557f9f1f-13f1-4e9a-b9bb-f7fbe560edab: shutdown FollowerState
2019-09-26 10:52:10,651 [Thread-375] INFO  impl.RaftServerImpl (RaftServerImpl.java:setRole(174)) - 557f9f1f-13f1-4e9a-b9bb-f7fbe560edab@group-45F28B6522CF: changes role from  FOLLOWER to CANDIDATE at term 0 for changeToCandidate
2019-09-26 10:52:10,651 [Thread-375] INFO  impl.RoleInfo (RoleInfo.java:updateAndGet(143)) - 557f9f1f-13f1-4e9a-b9bb-f7fbe560edab: start LeaderElection
2019-09-26 10:52:10,656 [dd9d2e05-3ffa-4f1c-8a80-938e5f4f3192@group-74BB72D0174F-SegmentedRaftLogWorker] INFO  segmented.SegmentedRaftLogWorker (SegmentedRaftLogWorker.java:execute(569)) - dd9d2e05-3ffa-4f1c-8a80-938e5f4f3192@group-74BB72D0174F-SegmentedRaftLogWorker: created new log segment /workdir/hadoop-ozone/ozonefs/target/test-dir/MiniOzoneClusterImpl-b00a5744-6e73-4fa1-a928-c24f0d5ffca4/datanode-5/data/ratis/a224b7ff-a238-4326-b87f-74bb72d0174f/current/log_inprogress_0
2019-09-26 10:52:10,656 [0c06663d-3a07-4175-8dd2-9d41b1b53b1e@group-C0070F59A967:LeaderElection27] INFO  impl.LeaderElection (LeaderElection.java:askForVotes(182)) - 0c06663d-3a07-4175-8dd2-9d41b1b53b1e@group-C0070F59A967:LeaderElection27: begin an election at term 1 for -1: [0c06663d-3a07-4175-8dd2-9d41b1b53b1e:192.168.30.13:42265], old=null
2019-09-26 10:52:10,656 [c0d2ea87-aa22-42eb-bba4-0246f89d2958@group-16CC8EC40316:LeaderElection26] INFO  impl.LeaderElection (LeaderElection.java:askForVotes(182)) - c0d2ea87-aa22-42eb-bba4-0246f89d2958@group-16CC8EC40316:LeaderElection26: begin an election at term 1 for -1: [c0d2ea87-aa22-42eb-bba4-0246f89d2958:192.168.30.13:46118], old=null
2019-09-26 10:52:10,656 [0c06663d-3a07-4175-8dd2-9d41b1b53b1e@group-C0070F59A967:LeaderElection27] INFO  impl.RoleInfo (RoleInfo.java:shutdownLeaderElection(134)) - 0c06663d-3a07-4175-8dd2-9d41b1b53b1e: shutdown LeaderElection
2019-09-26 10:52:10,656 [c0d2ea87-aa22-42eb-bba4-0246f89d2958@group-16CC8EC40316:LeaderElection26] INFO  impl.RoleInfo (RoleInfo.java:shutdownLeaderElection(134)) - c0d2ea87-aa22-42eb-bba4-0246f89d2958: shutdown LeaderElection
2019-09-26 10:52:10,656 [0c06663d-3a07-4175-8dd2-9d41b1b53b1e@group-C0070F59A967:LeaderElection27] INFO  impl.RaftServerImpl (RaftServerImpl.java:setRole(174)) - 0c06663d-3a07-4175-8dd2-9d41b1b53b1e@group-C0070F59A967: changes role from CANDIDATE to LEADER at term 1 for changeToLeader
2019-09-26 10:52:10,657 [c0d2ea87-aa22-42eb-bba4-0246f89d2958@group-16CC8EC40316:LeaderElection26] INFO  impl.RaftServerImpl (RaftServerImpl.java:setRole(174)) - c0d2ea87-aa22-42eb-bba4-0246f89d2958@group-16CC8EC40316: changes role from CANDIDATE to LEADER at term 1 for changeToLeader
2019-09-26 10:52:10,657 [0c06663d-3a07-4175-8dd2-9d41b1b53b1e@group-C0070F59A967:LeaderElection27] INFO  impl.RaftServerImpl (ServerState.java:setLeader(253)) - 0c06663d-3a07-4175-8dd2-9d41b1b53b1e@group-C0070F59A967: change Leader from null to 0c06663d-3a07-4175-8dd2-9d41b1b53b1e at term 1 for becomeLeader, leader elected after 5221ms
2019-09-26 10:52:10,657 [c0d2ea87-aa22-42eb-bba4-0246f89d2958@group-16CC8EC40316:LeaderElection26] INFO  impl.RaftServerImpl (ServerState.java:setLeader(253)) - c0d2ea87-aa22-42eb-bba4-0246f89d2958@group-16CC8EC40316: change Leader from null to c0d2ea87-aa22-42eb-bba4-0246f89d2958 at term 1 for becomeLeader, leader elected after 5165ms
2019-09-26 10:52:10,657 [0c06663d-3a07-4175-8dd2-9d41b1b53b1e@group-C0070F59A967:LeaderElection27] INFO  server.RaftServerConfigKeys (ConfUtils.java:logGet(43)) - raft.server.staging.catchup.gap = 1000 (default)
2019-09-26 10:52:10,657 [c0d2ea87-aa22-42eb-bba4-0246f89d2958@group-16CC8EC40316:LeaderElection26] INFO  server.RaftServerConfigKeys (ConfUtils.java:logGet(43)) - raft.server.staging.catchup.gap = 1000 (default)
2019-09-26 10:52:10,657 [0c06663d-3a07-4175-8dd2-9d41b1b53b1e@group-C0070F59A967:LeaderElection27] INFO  server.RaftServerConfigKeys (ConfUtils.java:logGet(43)) - raft.server.rpc.sleep.time = 25ms (default)
2019-09-26 10:52:10,657 [c0d2ea87-aa22-42eb-bba4-0246f89d2958@group-16CC8EC40316:LeaderElection26] INFO  server.RaftServerConfigKeys (ConfUtils.java:logGet(43)) - raft.server.rpc.sleep.time = 25ms (default)
2019-09-26 10:52:10,657 [0c06663d-3a07-4175-8dd2-9d41b1b53b1e@group-C0070F59A967:LeaderElection27] INFO  server.RaftServerConfigKeys (ConfUtils.java:logGet(43)) - raft.server.write.element-limit = 4096 (default)
2019-09-26 10:52:10,658 [c0d2ea87-aa22-42eb-bba4-0246f89d2958@group-16CC8EC40316:LeaderElection26] INFO  server.RaftServerConfigKeys (ConfUtils.java:logGet(43)) - raft.server.write.element-limit = 4096 (default)
2019-09-26 10:52:10,658 [0c06663d-3a07-4175-8dd2-9d41b1b53b1e@group-C0070F59A967:LeaderElection27] INFO  server.RaftServerConfigKeys (ConfUtils.java:logGet(43)) - raft.server.watch.timeout = 10s (default)
2019-09-26 10:52:10,658 [c0d2ea87-aa22-42eb-bba4-0246f89d2958@group-16CC8EC40316:LeaderElection26] INFO  server.RaftServerConfigKeys (ConfUtils.java:logGet(43)) - raft.server.watch.timeout = 10s (default)
2019-09-26 10:52:10,658 [0c06663d-3a07-4175-8dd2-9d41b1b53b1e@group-C0070F59A967:LeaderElection27] INFO  server.RaftServerConfigKeys (ConfUtils.java:logGet(43)) - raft.server.watch.timeout.denomination = 1s (default)
2019-09-26 10:52:10,658 [c0d2ea87-aa22-42eb-bba4-0246f89d2958@group-16CC8EC40316:LeaderElection26] INFO  server.RaftServerConfigKeys (ConfUtils.java:logGet(43)) - raft.server.watch.timeout.denomination = 1s (default)
2019-09-26 10:52:10,658 [0c06663d-3a07-4175-8dd2-9d41b1b53b1e@group-C0070F59A967:LeaderElection27] INFO  server.RaftServerConfigKeys (ConfUtils.java:logGet(43)) - raft.server.watch.element-limit = 65536 (default)
2019-09-26 10:52:10,658 [c0d2ea87-aa22-42eb-bba4-0246f89d2958@group-16CC8EC40316:LeaderElection26] INFO  server.RaftServerConfigKeys (ConfUtils.java:logGet(43)) - raft.server.watch.element-limit = 65536 (default)
2019-09-26 10:52:10,659 [557f9f1f-13f1-4e9a-b9bb-f7fbe560edab@group-45F28B6522CF:LeaderElection28] INFO  impl.LeaderElection (LeaderElection.java:askForVotes(182)) - 557f9f1f-13f1-4e9a-b9bb-f7fbe560edab@group-45F28B6522CF:LeaderElection28: begin an election at term 1 for -1: [557f9f1f-13f1-4e9a-b9bb-f7fbe560edab:192.168.30.13:38394], old=null
2019-09-26 10:52:10,660 [557f9f1f-13f1-4e9a-b9bb-f7fbe560edab@group-45F28B6522CF:LeaderElection28] INFO  impl.RoleInfo (RoleInfo.java:shutdownLeaderElection(134)) - 557f9f1f-13f1-4e9a-b9bb-f7fbe560edab: shutdown LeaderElection
2019-09-26 10:52:10,660 [557f9f1f-13f1-4e9a-b9bb-f7fbe560edab@group-45F28B6522CF:LeaderElection28] INFO  impl.RaftServerImpl (RaftServerImpl.java:setRole(174)) - 557f9f1f-13f1-4e9a-b9bb-f7fbe560edab@group-45F28B6522CF: changes role from CANDIDATE to LEADER at term 1 for changeToLeader
2019-09-26 10:52:10,660 [557f9f1f-13f1-4e9a-b9bb-f7fbe560edab@group-45F28B6522CF:LeaderElection28] INFO  impl.RaftServerImpl (ServerState.java:setLeader(253)) - 557f9f1f-13f1-4e9a-b9bb-f7fbe560edab@group-45F28B6522CF: change Leader from null to 557f9f1f-13f1-4e9a-b9bb-f7fbe560edab at term 1 for becomeLeader, leader elected after 5053ms
2019-09-26 10:52:10,660 [557f9f1f-13f1-4e9a-b9bb-f7fbe560edab@group-45F28B6522CF:LeaderElection28] INFO  server.RaftServerConfigKeys (ConfUtils.java:logGet(43)) - raft.server.staging.catchup.gap = 1000 (default)
2019-09-26 10:52:10,660 [557f9f1f-13f1-4e9a-b9bb-f7fbe560edab@group-45F28B6522CF:LeaderElection28] INFO  server.RaftServerConfigKeys (ConfUtils.java:logGet(43)) - raft.server.rpc.sleep.time = 25ms (default)
2019-09-26 10:52:10,661 [557f9f1f-13f1-4e9a-b9bb-f7fbe560edab@group-45F28B6522CF:LeaderElection28] INFO  server.RaftServerConfigKeys (ConfUtils.java:logGet(43)) - raft.server.write.element-limit = 4096 (default)
2019-09-26 10:52:10,661 [557f9f1f-13f1-4e9a-b9bb-f7fbe560edab@group-45F28B6522CF:LeaderElection28] INFO  server.RaftServerConfigKeys (ConfUtils.java:logGet(43)) - raft.server.watch.timeout = 10s (default)
2019-09-26 10:52:10,661 [557f9f1f-13f1-4e9a-b9bb-f7fbe560edab@group-45F28B6522CF:LeaderElection28] INFO  server.RaftServerConfigKeys (ConfUtils.java:logGet(43)) - raft.server.watch.timeout.denomination = 1s (default)
2019-09-26 10:52:10,662 [557f9f1f-13f1-4e9a-b9bb-f7fbe560edab@group-45F28B6522CF:LeaderElection28] INFO  server.RaftServerConfigKeys (ConfUtils.java:logGet(43)) - raft.server.watch.element-limit = 65536 (default)
2019-09-26 10:52:10,663 [0c06663d-3a07-4175-8dd2-9d41b1b53b1e@group-C0070F59A967:LeaderElection27] INFO  impl.RoleInfo (RoleInfo.java:updateAndGet(143)) - 0c06663d-3a07-4175-8dd2-9d41b1b53b1e: start LeaderState
2019-09-26 10:52:10,663 [c0d2ea87-aa22-42eb-bba4-0246f89d2958@group-16CC8EC40316:LeaderElection26] INFO  impl.RoleInfo (RoleInfo.java:updateAndGet(143)) - c0d2ea87-aa22-42eb-bba4-0246f89d2958: start LeaderState
2019-09-26 10:52:10,663 [0c06663d-3a07-4175-8dd2-9d41b1b53b1e@group-C0070F59A967:LeaderElection27] INFO  segmented.SegmentedRaftLogWorker (SegmentedRaftLogWorker.java:startLogSegment(380)) - 0c06663d-3a07-4175-8dd2-9d41b1b53b1e@group-C0070F59A967-SegmentedRaftLogWorker: Starting segment from index:0
2019-09-26 10:52:10,664 [c0d2ea87-aa22-42eb-bba4-0246f89d2958@group-16CC8EC40316:LeaderElection26] INFO  segmented.SegmentedRaftLogWorker (SegmentedRaftLogWorker.java:startLogSegment(380)) - c0d2ea87-aa22-42eb-bba4-0246f89d2958@group-16CC8EC40316-SegmentedRaftLogWorker: Starting segment from index:0
2019-09-26 10:52:10,664 [0c06663d-3a07-4175-8dd2-9d41b1b53b1e@group-C0070F59A967:LeaderElection27] INFO  impl.RaftServerImpl (ServerState.java:setRaftConf(354)) - 0c06663d-3a07-4175-8dd2-9d41b1b53b1e@group-C0070F59A967: set configuration 0: [0c06663d-3a07-4175-8dd2-9d41b1b53b1e:192.168.30.13:42265], old=null at 0
2019-09-26 10:52:10,664 [c0d2ea87-aa22-42eb-bba4-0246f89d2958@group-16CC8EC40316:LeaderElection26] INFO  impl.RaftServerImpl (ServerState.java:setRaftConf(354)) - c0d2ea87-aa22-42eb-bba4-0246f89d2958@group-16CC8EC40316: set configuration 0: [c0d2ea87-aa22-42eb-bba4-0246f89d2958:192.168.30.13:46118], old=null at 0
2019-09-26 10:52:10,711 [Thread-372] INFO  impl.FollowerState (FollowerState.java:run(106)) - 0c06663d-3a07-4175-8dd2-9d41b1b53b1e:group-ACA0A93DFC28 changes to CANDIDATE, lastRpcTime:5155, electionTimeout:5153ms
2019-09-26 10:52:10,711 [Thread-372] INFO  impl.RoleInfo (RoleInfo.java:shutdownFollowerState(121)) - 0c06663d-3a07-4175-8dd2-9d41b1b53b1e: shutdown FollowerState
2019-09-26 10:52:10,711 [Thread-372] INFO  impl.RaftServerImpl (RaftServerImpl.java:setRole(174)) - 0c06663d-3a07-4175-8dd2-9d41b1b53b1e@group-ACA0A93DFC28: changes role from  FOLLOWER to CANDIDATE at term 0 for changeToCandidate
2019-09-26 10:52:10,712 [Thread-372] INFO  impl.RoleInfo (RoleInfo.java:updateAndGet(143)) - 0c06663d-3a07-4175-8dd2-9d41b1b53b1e: start LeaderElection
2019-09-26 10:52:10,714 [557f9f1f-13f1-4e9a-b9bb-f7fbe560edab@group-45F28B6522CF:LeaderElection28] INFO  impl.RoleInfo (RoleInfo.java:updateAndGet(143)) - 557f9f1f-13f1-4e9a-b9bb-f7fbe560edab: start LeaderState
2019-09-26 10:52:10,715 [557f9f1f-13f1-4e9a-b9bb-f7fbe560edab@group-45F28B6522CF:LeaderElection28] INFO  segmented.SegmentedRaftLogWorker (SegmentedRaftLogWorker.java:startLogSegment(380)) - 557f9f1f-13f1-4e9a-b9bb-f7fbe560edab@group-45F28B6522CF-SegmentedRaftLogWorker: Starting segment from index:0
2019-09-26 10:52:10,716 [557f9f1f-13f1-4e9a-b9bb-f7fbe560edab@group-45F28B6522CF:LeaderElection28] INFO  impl.RaftServerImpl (ServerState.java:setRaftConf(354)) - 557f9f1f-13f1-4e9a-b9bb-f7fbe560edab@group-45F28B6522CF: set configuration 0: [557f9f1f-13f1-4e9a-b9bb-f7fbe560edab:192.168.30.13:38394], old=null at 0
2019-09-26 10:52:10,747 [c0d2ea87-aa22-42eb-bba4-0246f89d2958@group-16CC8EC40316-SegmentedRaftLogWorker] INFO  segmented.SegmentedRaftLogWorker (SegmentedRaftLogWorker.java:execute(569)) - c0d2ea87-aa22-42eb-bba4-0246f89d2958@group-16CC8EC40316-SegmentedRaftLogWorker: created new log segment /workdir/hadoop-ozone/ozonefs/target/test-dir/MiniOzoneClusterImpl-b00a5744-6e73-4fa1-a928-c24f0d5ffca4/datanode-4/data/ratis/0a6b535f-958b-4ed4-9050-16cc8ec40316/current/log_inprogress_0
2019-09-26 10:52:10,747 [0c06663d-3a07-4175-8dd2-9d41b1b53b1e@group-ACA0A93DFC28:LeaderElection29] INFO  impl.LeaderElection (LeaderElection.java:askForVotes(182)) - 0c06663d-3a07-4175-8dd2-9d41b1b53b1e@group-ACA0A93DFC28:LeaderElection29: begin an election at term 1 for -1: [0c06663d-3a07-4175-8dd2-9d41b1b53b1e:192.168.30.13:42265], old=null
2019-09-26 10:52:10,747 [0c06663d-3a07-4175-8dd2-9d41b1b53b1e@group-C0070F59A967-SegmentedRaftLogWorker] INFO  segmented.SegmentedRaftLogWorker (SegmentedRaftLogWorker.java:execute(569)) - 0c06663d-3a07-4175-8dd2-9d41b1b53b1e@group-C0070F59A967-SegmentedRaftLogWorker: created new log segment /workdir/hadoop-ozone/ozonefs/target/test-dir/MiniOzoneClusterImpl-b00a5744-6e73-4fa1-a928-c24f0d5ffca4/datanode-0/data/ratis/14b872af-2ec5-41af-8f95-c0070f59a967/current/log_inprogress_0
2019-09-26 10:52:10,747 [0c06663d-3a07-4175-8dd2-9d41b1b53b1e@group-ACA0A93DFC28:LeaderElection29] INFO  impl.RoleInfo (RoleInfo.java:shutdownLeaderElection(134)) - 0c06663d-3a07-4175-8dd2-9d41b1b53b1e: shutdown LeaderElection
2019-09-26 10:52:10,748 [0c06663d-3a07-4175-8dd2-9d41b1b53b1e@group-ACA0A93DFC28:LeaderElection29] INFO  impl.RaftServerImpl (RaftServerImpl.java:setRole(174)) - 0c06663d-3a07-4175-8dd2-9d41b1b53b1e@group-ACA0A93DFC28: changes role from CANDIDATE to LEADER at term 1 for changeToLeader
2019-09-26 10:52:10,748 [0c06663d-3a07-4175-8dd2-9d41b1b53b1e@group-ACA0A93DFC28:LeaderElection29] INFO  impl.RaftServerImpl (ServerState.java:setLeader(253)) - 0c06663d-3a07-4175-8dd2-9d41b1b53b1e@group-ACA0A93DFC28: change Leader from null to 0c06663d-3a07-4175-8dd2-9d41b1b53b1e at term 1 for becomeLeader, leader elected after 5199ms
2019-09-26 10:52:10,748 [0c06663d-3a07-4175-8dd2-9d41b1b53b1e@group-ACA0A93DFC28:LeaderElection29] INFO  server.RaftServerConfigKeys (ConfUtils.java:logGet(43)) - raft.server.staging.catchup.gap = 1000 (default)
2019-09-26 10:52:10,748 [0c06663d-3a07-4175-8dd2-9d41b1b53b1e@group-ACA0A93DFC28:LeaderElection29] INFO  server.RaftServerConfigKeys (ConfUtils.java:logGet(43)) - raft.server.rpc.sleep.time = 25ms (default)
2019-09-26 10:52:10,748 [0c06663d-3a07-4175-8dd2-9d41b1b53b1e@group-ACA0A93DFC28:LeaderElection29] INFO  server.RaftServerConfigKeys (ConfUtils.java:logGet(43)) - raft.server.write.element-limit = 4096 (default)
2019-09-26 10:52:10,749 [0c06663d-3a07-4175-8dd2-9d41b1b53b1e@group-ACA0A93DFC28:LeaderElection29] INFO  server.RaftServerConfigKeys (ConfUtils.java:logGet(43)) - raft.server.watch.timeout = 10s (default)
2019-09-26 10:52:10,749 [0c06663d-3a07-4175-8dd2-9d41b1b53b1e@group-ACA0A93DFC28:LeaderElection29] INFO  server.RaftServerConfigKeys (ConfUtils.java:logGet(43)) - raft.server.watch.timeout.denomination = 1s (default)
2019-09-26 10:52:10,749 [0c06663d-3a07-4175-8dd2-9d41b1b53b1e@group-ACA0A93DFC28:LeaderElection29] INFO  server.RaftServerConfigKeys (ConfUtils.java:logGet(43)) - raft.server.watch.element-limit = 65536 (default)
2019-09-26 10:52:10,751 [0c06663d-3a07-4175-8dd2-9d41b1b53b1e@group-ACA0A93DFC28:LeaderElection29] INFO  impl.RoleInfo (RoleInfo.java:updateAndGet(143)) - 0c06663d-3a07-4175-8dd2-9d41b1b53b1e: start LeaderState
2019-09-26 10:52:10,752 [0c06663d-3a07-4175-8dd2-9d41b1b53b1e@group-ACA0A93DFC28:LeaderElection29] INFO  segmented.SegmentedRaftLogWorker (SegmentedRaftLogWorker.java:startLogSegment(380)) - 0c06663d-3a07-4175-8dd2-9d41b1b53b1e@group-ACA0A93DFC28-SegmentedRaftLogWorker: Starting segment from index:0
2019-09-26 10:52:10,752 [0c06663d-3a07-4175-8dd2-9d41b1b53b1e@group-ACA0A93DFC28:LeaderElection29] INFO  impl.RaftServerImpl (ServerState.java:setRaftConf(354)) - 0c06663d-3a07-4175-8dd2-9d41b1b53b1e@group-ACA0A93DFC28: set configuration 0: [0c06663d-3a07-4175-8dd2-9d41b1b53b1e:192.168.30.13:42265], old=null at 0
2019-09-26 10:52:10,793 [557f9f1f-13f1-4e9a-b9bb-f7fbe560edab@group-45F28B6522CF-SegmentedRaftLogWorker] INFO  segmented.SegmentedRaftLogWorker (SegmentedRaftLogWorker.java:execute(569)) - 557f9f1f-13f1-4e9a-b9bb-f7fbe560edab@group-45F28B6522CF-SegmentedRaftLogWorker: created new log segment /workdir/hadoop-ozone/ozonefs/target/test-dir/MiniOzoneClusterImpl-b00a5744-6e73-4fa1-a928-c24f0d5ffca4/datanode-8/data/ratis/d1e72b36-51ba-4ae5-898d-45f28b6522cf/current/log_inprogress_0
2019-09-26 10:52:10,808 [0c06663d-3a07-4175-8dd2-9d41b1b53b1e@group-ACA0A93DFC28-SegmentedRaftLogWorker] INFO  segmented.SegmentedRaftLogWorker (SegmentedRaftLogWorker.java:execute(569)) - 0c06663d-3a07-4175-8dd2-9d41b1b53b1e@group-ACA0A93DFC28-SegmentedRaftLogWorker: created new log segment /workdir/hadoop-ozone/ozonefs/target/test-dir/MiniOzoneClusterImpl-b00a5744-6e73-4fa1-a928-c24f0d5ffca4/datanode-0/data/ratis/a1d6fe3f-ff50-41b0-b265-aca0a93dfc28/current/log_inprogress_0
2019-09-26 10:52:10,842 [Thread-381] INFO  impl.FollowerState (FollowerState.java:run(106)) - 2253380d-6ddc-421c-86f6-26acdb90a8c4:group-0173DCD625A6 changes to CANDIDATE, lastRpcTime:5109, electionTimeout:5109ms
2019-09-26 10:52:10,843 [Thread-381] INFO  impl.RoleInfo (RoleInfo.java:shutdownFollowerState(121)) - 2253380d-6ddc-421c-86f6-26acdb90a8c4: shutdown FollowerState
2019-09-26 10:52:10,843 [Thread-381] INFO  impl.RaftServerImpl (RaftServerImpl.java:setRole(174)) - 2253380d-6ddc-421c-86f6-26acdb90a8c4@group-0173DCD625A6: changes role from  FOLLOWER to CANDIDATE at term 0 for changeToCandidate
2019-09-26 10:52:10,843 [Thread-381] INFO  impl.RoleInfo (RoleInfo.java:updateAndGet(143)) - 2253380d-6ddc-421c-86f6-26acdb90a8c4: start LeaderElection
2019-09-26 10:52:10,861 [2253380d-6ddc-421c-86f6-26acdb90a8c4@group-0173DCD625A6:LeaderElection30] INFO  impl.LeaderElection (LeaderElection.java:askForVotes(182)) - 2253380d-6ddc-421c-86f6-26acdb90a8c4@group-0173DCD625A6:LeaderElection30: begin an election at term 1 for -1: [2253380d-6ddc-421c-86f6-26acdb90a8c4:192.168.30.13:39629], old=null
2019-09-26 10:52:10,861 [2253380d-6ddc-421c-86f6-26acdb90a8c4@group-0173DCD625A6:LeaderElection30] INFO  impl.RoleInfo (RoleInfo.java:shutdownLeaderElection(134)) - 2253380d-6ddc-421c-86f6-26acdb90a8c4: shutdown LeaderElection
2019-09-26 10:52:10,861 [2253380d-6ddc-421c-86f6-26acdb90a8c4@group-0173DCD625A6:LeaderElection30] INFO  impl.RaftServerImpl (RaftServerImpl.java:setRole(174)) - 2253380d-6ddc-421c-86f6-26acdb90a8c4@group-0173DCD625A6: changes role from CANDIDATE to LEADER at term 1 for changeToLeader
2019-09-26 10:52:10,861 [2253380d-6ddc-421c-86f6-26acdb90a8c4@group-0173DCD625A6:LeaderElection30] INFO  impl.RaftServerImpl (ServerState.java:setLeader(253)) - 2253380d-6ddc-421c-86f6-26acdb90a8c4@group-0173DCD625A6: change Leader from null to 2253380d-6ddc-421c-86f6-26acdb90a8c4 at term 1 for becomeLeader, leader elected after 5133ms
2019-09-26 10:52:10,862 [2253380d-6ddc-421c-86f6-26acdb90a8c4@group-0173DCD625A6:LeaderElection30] INFO  server.RaftServerConfigKeys (ConfUtils.java:logGet(43)) - raft.server.staging.catchup.gap = 1000 (default)
2019-09-26 10:52:10,862 [2253380d-6ddc-421c-86f6-26acdb90a8c4@group-0173DCD625A6:LeaderElection30] INFO  server.RaftServerConfigKeys (ConfUtils.java:logGet(43)) - raft.server.rpc.sleep.time = 25ms (default)
2019-09-26 10:52:10,862 [2253380d-6ddc-421c-86f6-26acdb90a8c4@group-0173DCD625A6:LeaderElection30] INFO  server.RaftServerConfigKeys (ConfUtils.java:logGet(43)) - raft.server.write.element-limit = 4096 (default)
2019-09-26 10:52:10,862 [2253380d-6ddc-421c-86f6-26acdb90a8c4@group-0173DCD625A6:LeaderElection30] INFO  server.RaftServerConfigKeys (ConfUtils.java:logGet(43)) - raft.server.watch.timeout = 10s (default)
2019-09-26 10:52:10,862 [2253380d-6ddc-421c-86f6-26acdb90a8c4@group-0173DCD625A6:LeaderElection30] INFO  server.RaftServerConfigKeys (ConfUtils.java:logGet(43)) - raft.server.watch.timeout.denomination = 1s (default)
2019-09-26 10:52:10,862 [2253380d-6ddc-421c-86f6-26acdb90a8c4@group-0173DCD625A6:LeaderElection30] INFO  server.RaftServerConfigKeys (ConfUtils.java:logGet(43)) - raft.server.watch.element-limit = 65536 (default)
2019-09-26 10:52:10,864 [2253380d-6ddc-421c-86f6-26acdb90a8c4@group-0173DCD625A6:LeaderElection30] INFO  impl.RoleInfo (RoleInfo.java:updateAndGet(143)) - 2253380d-6ddc-421c-86f6-26acdb90a8c4: start LeaderState
2019-09-26 10:52:10,865 [2253380d-6ddc-421c-86f6-26acdb90a8c4@group-0173DCD625A6:LeaderElection30] INFO  segmented.SegmentedRaftLogWorker (SegmentedRaftLogWorker.java:startLogSegment(380)) - 2253380d-6ddc-421c-86f6-26acdb90a8c4@group-0173DCD625A6-SegmentedRaftLogWorker: Starting segment from index:0
2019-09-26 10:52:10,865 [2253380d-6ddc-421c-86f6-26acdb90a8c4@group-0173DCD625A6:LeaderElection30] INFO  impl.RaftServerImpl (ServerState.java:setRaftConf(354)) - 2253380d-6ddc-421c-86f6-26acdb90a8c4@group-0173DCD625A6: set configuration 0: [2253380d-6ddc-421c-86f6-26acdb90a8c4:192.168.30.13:39629], old=null at 0
2019-09-26 10:52:10,870 [Thread-387] INFO  impl.FollowerState (FollowerState.java:run(106)) - c0d2ea87-aa22-42eb-bba4-0246f89d2958:group-23AD51FD0A40 changes to CANDIDATE, lastRpcTime:5032, electionTimeout:5032ms
2019-09-26 10:52:10,870 [Thread-387] INFO  impl.RoleInfo (RoleInfo.java:shutdownFollowerState(121)) - c0d2ea87-aa22-42eb-bba4-0246f89d2958: shutdown FollowerState
2019-09-26 10:52:10,871 [Thread-387] INFO  impl.RaftServerImpl (RaftServerImpl.java:setRole(174)) - c0d2ea87-aa22-42eb-bba4-0246f89d2958@group-23AD51FD0A40: changes role from  FOLLOWER to CANDIDATE at term 0 for changeToCandidate
2019-09-26 10:52:10,871 [Thread-387] INFO  impl.RoleInfo (RoleInfo.java:updateAndGet(143)) - c0d2ea87-aa22-42eb-bba4-0246f89d2958: start LeaderElection
2019-09-26 10:52:10,912 [Thread-378] INFO  impl.FollowerState (FollowerState.java:run(106)) - 87e84624-1b40-4389-b682-d98fe76436d1:group-20135ADEBC33 changes to CANDIDATE, lastRpcTime:5231, electionTimeout:5190ms
2019-09-26 10:52:10,912 [Thread-378] INFO  impl.RoleInfo (RoleInfo.java:shutdownFollowerState(121)) - 87e84624-1b40-4389-b682-d98fe76436d1: shutdown FollowerState
2019-09-26 10:52:10,912 [Thread-378] INFO  impl.RaftServerImpl (RaftServerImpl.java:setRole(174)) - 87e84624-1b40-4389-b682-d98fe76436d1@group-20135ADEBC33: changes role from  FOLLOWER to CANDIDATE at term 0 for changeToCandidate
2019-09-26 10:52:10,913 [Thread-378] INFO  impl.RoleInfo (RoleInfo.java:updateAndGet(143)) - 87e84624-1b40-4389-b682-d98fe76436d1: start LeaderElection
2019-09-26 10:52:10,925 [2253380d-6ddc-421c-86f6-26acdb90a8c4@group-0173DCD625A6-SegmentedRaftLogWorker] INFO  segmented.SegmentedRaftLogWorker (SegmentedRaftLogWorker.java:execute(569)) - 2253380d-6ddc-421c-86f6-26acdb90a8c4@group-0173DCD625A6-SegmentedRaftLogWorker: created new log segment /workdir/hadoop-ozone/ozonefs/target/test-dir/MiniOzoneClusterImpl-b00a5744-6e73-4fa1-a928-c24f0d5ffca4/datanode-3/data/ratis/782a77ec-23da-4036-ab2e-0173dcd625a6/current/log_inprogress_0
2019-09-26 10:52:10,925 [87e84624-1b40-4389-b682-d98fe76436d1@group-20135ADEBC33:LeaderElection32] INFO  impl.LeaderElection (LeaderElection.java:askForVotes(182)) - 87e84624-1b40-4389-b682-d98fe76436d1@group-20135ADEBC33:LeaderElection32: begin an election at term 1 for -1: [87e84624-1b40-4389-b682-d98fe76436d1:192.168.30.13:32768], old=null
2019-09-26 10:52:10,925 [c0d2ea87-aa22-42eb-bba4-0246f89d2958@group-23AD51FD0A40:LeaderElection31] INFO  impl.LeaderElection (LeaderElection.java:askForVotes(182)) - c0d2ea87-aa22-42eb-bba4-0246f89d2958@group-23AD51FD0A40:LeaderElection31: begin an election at term 1 for -1: [c0d2ea87-aa22-42eb-bba4-0246f89d2958:192.168.30.13:46118], old=null
2019-09-26 10:52:10,926 [87e84624-1b40-4389-b682-d98fe76436d1@group-20135ADEBC33:LeaderElection32] INFO  impl.RoleInfo (RoleInfo.java:shutdownLeaderElection(134)) - 87e84624-1b40-4389-b682-d98fe76436d1: shutdown LeaderElection
2019-09-26 10:52:10,926 [c0d2ea87-aa22-42eb-bba4-0246f89d2958@group-23AD51FD0A40:LeaderElection31] INFO  impl.RoleInfo (RoleInfo.java:shutdownLeaderElection(134)) - c0d2ea87-aa22-42eb-bba4-0246f89d2958: shutdown LeaderElection
2019-09-26 10:52:10,926 [87e84624-1b40-4389-b682-d98fe76436d1@group-20135ADEBC33:LeaderElection32] INFO  impl.RaftServerImpl (RaftServerImpl.java:setRole(174)) - 87e84624-1b40-4389-b682-d98fe76436d1@group-20135ADEBC33: changes role from CANDIDATE to LEADER at term 1 for changeToLeader
2019-09-26 10:52:10,926 [c0d2ea87-aa22-42eb-bba4-0246f89d2958@group-23AD51FD0A40:LeaderElection31] INFO  impl.RaftServerImpl (RaftServerImpl.java:setRole(174)) - c0d2ea87-aa22-42eb-bba4-0246f89d2958@group-23AD51FD0A40: changes role from CANDIDATE to LEADER at term 1 for changeToLeader
2019-09-26 10:52:10,926 [87e84624-1b40-4389-b682-d98fe76436d1@group-20135ADEBC33:LeaderElection32] INFO  impl.RaftServerImpl (ServerState.java:setLeader(253)) - 87e84624-1b40-4389-b682-d98fe76436d1@group-20135ADEBC33: change Leader from null to 87e84624-1b40-4389-b682-d98fe76436d1 at term 1 for becomeLeader, leader elected after 5252ms
2019-09-26 10:52:10,926 [c0d2ea87-aa22-42eb-bba4-0246f89d2958@group-23AD51FD0A40:LeaderElection31] INFO  impl.RaftServerImpl (ServerState.java:setLeader(253)) - c0d2ea87-aa22-42eb-bba4-0246f89d2958@group-23AD51FD0A40: change Leader from null to c0d2ea87-aa22-42eb-bba4-0246f89d2958 at term 1 for becomeLeader, leader elected after 5093ms
2019-09-26 10:52:10,926 [87e84624-1b40-4389-b682-d98fe76436d1@group-20135ADEBC33:LeaderElection32] INFO  server.RaftServerConfigKeys (ConfUtils.java:logGet(43)) - raft.server.staging.catchup.gap = 1000 (default)
2019-09-26 10:52:10,926 [c0d2ea87-aa22-42eb-bba4-0246f89d2958@group-23AD51FD0A40:LeaderElection31] INFO  server.RaftServerConfigKeys (ConfUtils.java:logGet(43)) - raft.server.staging.catchup.gap = 1000 (default)
2019-09-26 10:52:10,927 [87e84624-1b40-4389-b682-d98fe76436d1@group-20135ADEBC33:LeaderElection32] INFO  server.RaftServerConfigKeys (ConfUtils.java:logGet(43)) - raft.server.rpc.sleep.time = 25ms (default)
2019-09-26 10:52:10,927 [c0d2ea87-aa22-42eb-bba4-0246f89d2958@group-23AD51FD0A40:LeaderElection31] INFO  server.RaftServerConfigKeys (ConfUtils.java:logGet(43)) - raft.server.rpc.sleep.time = 25ms (default)
2019-09-26 10:52:10,927 [87e84624-1b40-4389-b682-d98fe76436d1@group-20135ADEBC33:LeaderElection32] INFO  server.RaftServerConfigKeys (ConfUtils.java:logGet(43)) - raft.server.write.element-limit = 4096 (default)
2019-09-26 10:52:10,927 [c0d2ea87-aa22-42eb-bba4-0246f89d2958@group-23AD51FD0A40:LeaderElection31] INFO  server.RaftServerConfigKeys (ConfUtils.java:logGet(43)) - raft.server.write.element-limit = 4096 (default)
2019-09-26 10:52:10,927 [87e84624-1b40-4389-b682-d98fe76436d1@group-20135ADEBC33:LeaderElection32] INFO  server.RaftServerConfigKeys (ConfUtils.java:logGet(43)) - raft.server.watch.timeout = 10s (default)
2019-09-26 10:52:10,927 [c0d2ea87-aa22-42eb-bba4-0246f89d2958@group-23AD51FD0A40:LeaderElection31] INFO  server.RaftServerConfigKeys (ConfUtils.java:logGet(43)) - raft.server.watch.timeout = 10s (default)
2019-09-26 10:52:10,927 [87e84624-1b40-4389-b682-d98fe76436d1@group-20135ADEBC33:LeaderElection32] INFO  server.RaftServerConfigKeys (ConfUtils.java:logGet(43)) - raft.server.watch.timeout.denomination = 1s (default)
2019-09-26 10:52:10,928 [c0d2ea87-aa22-42eb-bba4-0246f89d2958@group-23AD51FD0A40:LeaderElection31] INFO  server.RaftServerConfigKeys (ConfUtils.java:logGet(43)) - raft.server.watch.timeout.denomination = 1s (default)
2019-09-26 10:52:10,928 [87e84624-1b40-4389-b682-d98fe76436d1@group-20135ADEBC33:LeaderElection32] INFO  server.RaftServerConfigKeys (ConfUtils.java:logGet(43)) - raft.server.watch.element-limit = 65536 (default)
2019-09-26 10:52:10,928 [c0d2ea87-aa22-42eb-bba4-0246f89d2958@group-23AD51FD0A40:LeaderElection31] INFO  server.RaftServerConfigKeys (ConfUtils.java:logGet(43)) - raft.server.watch.element-limit = 65536 (default)
2019-09-26 10:52:10,931 [87e84624-1b40-4389-b682-d98fe76436d1@group-20135ADEBC33:LeaderElection32] INFO  impl.RoleInfo (RoleInfo.java:updateAndGet(143)) - 87e84624-1b40-4389-b682-d98fe76436d1: start LeaderState
2019-09-26 10:52:10,931 [c0d2ea87-aa22-42eb-bba4-0246f89d2958@group-23AD51FD0A40:LeaderElection31] INFO  impl.RoleInfo (RoleInfo.java:updateAndGet(143)) - c0d2ea87-aa22-42eb-bba4-0246f89d2958: start LeaderState
2019-09-26 10:52:10,931 [87e84624-1b40-4389-b682-d98fe76436d1@group-20135ADEBC33:LeaderElection32] INFO  segmented.SegmentedRaftLogWorker (SegmentedRaftLogWorker.java:startLogSegment(380)) - 87e84624-1b40-4389-b682-d98fe76436d1@group-20135ADEBC33-SegmentedRaftLogWorker: Starting segment from index:0
2019-09-26 10:52:10,931 [c0d2ea87-aa22-42eb-bba4-0246f89d2958@group-23AD51FD0A40:LeaderElection31] INFO  segmented.SegmentedRaftLogWorker (SegmentedRaftLogWorker.java:startLogSegment(380)) - c0d2ea87-aa22-42eb-bba4-0246f89d2958@group-23AD51FD0A40-SegmentedRaftLogWorker: Starting segment from index:0
2019-09-26 10:52:10,932 [87e84624-1b40-4389-b682-d98fe76436d1@group-20135ADEBC33:LeaderElection32] INFO  impl.RaftServerImpl (ServerState.java:setRaftConf(354)) - 87e84624-1b40-4389-b682-d98fe76436d1@group-20135ADEBC33: set configuration 0: [87e84624-1b40-4389-b682-d98fe76436d1:192.168.30.13:32768], old=null at 0
2019-09-26 10:52:10,932 [c0d2ea87-aa22-42eb-bba4-0246f89d2958@group-23AD51FD0A40:LeaderElection31] INFO  impl.RaftServerImpl (ServerState.java:setRaftConf(354)) - c0d2ea87-aa22-42eb-bba4-0246f89d2958@group-23AD51FD0A40: set configuration 0: [c0d2ea87-aa22-42eb-bba4-0246f89d2958:192.168.30.13:46118], old=null at 0
2019-09-26 10:52:10,972 [Thread-390] INFO  impl.FollowerState (FollowerState.java:run(106)) - 87e84624-1b40-4389-b682-d98fe76436d1:group-F931531AD9AF changes to CANDIDATE, lastRpcTime:5080, electionTimeout:5049ms
2019-09-26 10:52:10,972 [Thread-384] INFO  impl.FollowerState (FollowerState.java:run(106)) - c0d2ea87-aa22-42eb-bba4-0246f89d2958:group-9AE3FBFBDFD5 changes to CANDIDATE, lastRpcTime:5184, electionTimeout:5184ms
2019-09-26 10:52:10,977 [Thread-390] INFO  impl.RoleInfo (RoleInfo.java:shutdownFollowerState(121)) - 87e84624-1b40-4389-b682-d98fe76436d1: shutdown FollowerState
2019-09-26 10:52:10,977 [Thread-384] INFO  impl.RoleInfo (RoleInfo.java:shutdownFollowerState(121)) - c0d2ea87-aa22-42eb-bba4-0246f89d2958: shutdown FollowerState
2019-09-26 10:52:10,977 [Thread-390] INFO  impl.RaftServerImpl (RaftServerImpl.java:setRole(174)) - 87e84624-1b40-4389-b682-d98fe76436d1@group-F931531AD9AF: changes role from  FOLLOWER to CANDIDATE at term 0 for changeToCandidate
2019-09-26 10:52:10,977 [Thread-384] INFO  impl.RaftServerImpl (RaftServerImpl.java:setRole(174)) - c0d2ea87-aa22-42eb-bba4-0246f89d2958@group-9AE3FBFBDFD5: changes role from  FOLLOWER to CANDIDATE at term 0 for changeToCandidate
2019-09-26 10:52:10,978 [Thread-390] INFO  impl.RoleInfo (RoleInfo.java:updateAndGet(143)) - 87e84624-1b40-4389-b682-d98fe76436d1: start LeaderElection
2019-09-26 10:52:10,978 [Thread-384] INFO  impl.RoleInfo (RoleInfo.java:updateAndGet(143)) - c0d2ea87-aa22-42eb-bba4-0246f89d2958: start LeaderElection
2019-09-26 10:52:10,985 [c0d2ea87-aa22-42eb-bba4-0246f89d2958@group-23AD51FD0A40-SegmentedRaftLogWorker] INFO  segmented.SegmentedRaftLogWorker (SegmentedRaftLogWorker.java:execute(569)) - c0d2ea87-aa22-42eb-bba4-0246f89d2958@group-23AD51FD0A40-SegmentedRaftLogWorker: created new log segment /workdir/hadoop-ozone/ozonefs/target/test-dir/MiniOzoneClusterImpl-b00a5744-6e73-4fa1-a928-c24f0d5ffca4/datanode-4/data/ratis/badd9937-e595-482d-a78f-23ad51fd0a40/current/log_inprogress_0
2019-09-26 10:52:10,985 [87e84624-1b40-4389-b682-d98fe76436d1@group-20135ADEBC33-SegmentedRaftLogWorker] INFO  segmented.SegmentedRaftLogWorker (SegmentedRaftLogWorker.java:execute(569)) - 87e84624-1b40-4389-b682-d98fe76436d1@group-20135ADEBC33-SegmentedRaftLogWorker: created new log segment /workdir/hadoop-ozone/ozonefs/target/test-dir/MiniOzoneClusterImpl-b00a5744-6e73-4fa1-a928-c24f0d5ffca4/datanode-1/data/ratis/18b8eb9f-905a-4b6a-8763-20135adebc33/current/log_inprogress_0
2019-09-26 10:52:10,985 [c0d2ea87-aa22-42eb-bba4-0246f89d2958@group-9AE3FBFBDFD5:LeaderElection34] INFO  impl.LeaderElection (LeaderElection.java:askForVotes(182)) - c0d2ea87-aa22-42eb-bba4-0246f89d2958@group-9AE3FBFBDFD5:LeaderElection34: begin an election at term 1 for -1: [c0d2ea87-aa22-42eb-bba4-0246f89d2958:192.168.30.13:46118], old=null
2019-09-26 10:52:10,985 [87e84624-1b40-4389-b682-d98fe76436d1@group-F931531AD9AF:LeaderElection33] INFO  impl.LeaderElection (LeaderElection.java:askForVotes(182)) - 87e84624-1b40-4389-b682-d98fe76436d1@group-F931531AD9AF:LeaderElection33: begin an election at term 1 for -1: [87e84624-1b40-4389-b682-d98fe76436d1:192.168.30.13:32768], old=null
2019-09-26 10:52:10,986 [c0d2ea87-aa22-42eb-bba4-0246f89d2958@group-9AE3FBFBDFD5:LeaderElection34] INFO  impl.RoleInfo (RoleInfo.java:shutdownLeaderElection(134)) - c0d2ea87-aa22-42eb-bba4-0246f89d2958: shutdown LeaderElection
2019-09-26 10:52:10,986 [87e84624-1b40-4389-b682-d98fe76436d1@group-F931531AD9AF:LeaderElection33] INFO  impl.RoleInfo (RoleInfo.java:shutdownLeaderElection(134)) - 87e84624-1b40-4389-b682-d98fe76436d1: shutdown LeaderElection
2019-09-26 10:52:10,986 [c0d2ea87-aa22-42eb-bba4-0246f89d2958@group-9AE3FBFBDFD5:LeaderElection34] INFO  impl.RaftServerImpl (RaftServerImpl.java:setRole(174)) - c0d2ea87-aa22-42eb-bba4-0246f89d2958@group-9AE3FBFBDFD5: changes role from CANDIDATE to LEADER at term 1 for changeToLeader
2019-09-26 10:52:10,986 [87e84624-1b40-4389-b682-d98fe76436d1@group-F931531AD9AF:LeaderElection33] INFO  impl.RaftServerImpl (RaftServerImpl.java:setRole(174)) - 87e84624-1b40-4389-b682-d98fe76436d1@group-F931531AD9AF: changes role from CANDIDATE to LEADER at term 1 for changeToLeader
2019-09-26 10:52:10,986 [c0d2ea87-aa22-42eb-bba4-0246f89d2958@group-9AE3FBFBDFD5:LeaderElection34] INFO  impl.RaftServerImpl (ServerState.java:setLeader(253)) - c0d2ea87-aa22-42eb-bba4-0246f89d2958@group-9AE3FBFBDFD5: change Leader from null to c0d2ea87-aa22-42eb-bba4-0246f89d2958 at term 1 for becomeLeader, leader elected after 5205ms
2019-09-26 10:52:10,986 [87e84624-1b40-4389-b682-d98fe76436d1@group-F931531AD9AF:LeaderElection33] INFO  impl.RaftServerImpl (ServerState.java:setLeader(253)) - 87e84624-1b40-4389-b682-d98fe76436d1@group-F931531AD9AF: change Leader from null to 87e84624-1b40-4389-b682-d98fe76436d1 at term 1 for becomeLeader, leader elected after 5103ms
2019-09-26 10:52:10,986 [c0d2ea87-aa22-42eb-bba4-0246f89d2958@group-9AE3FBFBDFD5:LeaderElection34] INFO  server.RaftServerConfigKeys (ConfUtils.java:logGet(43)) - raft.server.staging.catchup.gap = 1000 (default)
2019-09-26 10:52:10,986 [87e84624-1b40-4389-b682-d98fe76436d1@group-F931531AD9AF:LeaderElection33] INFO  server.RaftServerConfigKeys (ConfUtils.java:logGet(43)) - raft.server.staging.catchup.gap = 1000 (default)
2019-09-26 10:52:10,987 [c0d2ea87-aa22-42eb-bba4-0246f89d2958@group-9AE3FBFBDFD5:LeaderElection34] INFO  server.RaftServerConfigKeys (ConfUtils.java:logGet(43)) - raft.server.rpc.sleep.time = 25ms (default)
2019-09-26 10:52:10,987 [87e84624-1b40-4389-b682-d98fe76436d1@group-F931531AD9AF:LeaderElection33] INFO  server.RaftServerConfigKeys (ConfUtils.java:logGet(43)) - raft.server.rpc.sleep.time = 25ms (default)
2019-09-26 10:52:10,987 [c0d2ea87-aa22-42eb-bba4-0246f89d2958@group-9AE3FBFBDFD5:LeaderElection34] INFO  server.RaftServerConfigKeys (ConfUtils.java:logGet(43)) - raft.server.write.element-limit = 4096 (default)
2019-09-26 10:52:10,987 [87e84624-1b40-4389-b682-d98fe76436d1@group-F931531AD9AF:LeaderElection33] INFO  server.RaftServerConfigKeys (ConfUtils.java:logGet(43)) - raft.server.write.element-limit = 4096 (default)
2019-09-26 10:52:10,987 [c0d2ea87-aa22-42eb-bba4-0246f89d2958@group-9AE3FBFBDFD5:LeaderElection34] INFO  server.RaftServerConfigKeys (ConfUtils.java:logGet(43)) - raft.server.watch.timeout = 10s (default)
2019-09-26 10:52:10,987 [87e84624-1b40-4389-b682-d98fe76436d1@group-F931531AD9AF:LeaderElection33] INFO  server.RaftServerConfigKeys (ConfUtils.java:logGet(43)) - raft.server.watch.timeout = 10s (default)
2019-09-26 10:52:10,987 [c0d2ea87-aa22-42eb-bba4-0246f89d2958@group-9AE3FBFBDFD5:LeaderElection34] INFO  server.RaftServerConfigKeys (ConfUtils.java:logGet(43)) - raft.server.watch.timeout.denomination = 1s (default)
2019-09-26 10:52:10,987 [87e84624-1b40-4389-b682-d98fe76436d1@group-F931531AD9AF:LeaderElection33] INFO  server.RaftServerConfigKeys (ConfUtils.java:logGet(43)) - raft.server.watch.timeout.denomination = 1s (default)
2019-09-26 10:52:10,988 [c0d2ea87-aa22-42eb-bba4-0246f89d2958@group-9AE3FBFBDFD5:LeaderElection34] INFO  server.RaftServerConfigKeys (ConfUtils.java:logGet(43)) - raft.server.watch.element-limit = 65536 (default)
2019-09-26 10:52:10,988 [87e84624-1b40-4389-b682-d98fe76436d1@group-F931531AD9AF:LeaderElection33] INFO  server.RaftServerConfigKeys (ConfUtils.java:logGet(43)) - raft.server.watch.element-limit = 65536 (default)
2019-09-26 10:52:10,990 [87e84624-1b40-4389-b682-d98fe76436d1@group-F931531AD9AF:LeaderElection33] INFO  impl.RoleInfo (RoleInfo.java:updateAndGet(143)) - 87e84624-1b40-4389-b682-d98fe76436d1: start LeaderState
2019-09-26 10:52:10,990 [87e84624-1b40-4389-b682-d98fe76436d1@group-F931531AD9AF:LeaderElection33] INFO  segmented.SegmentedRaftLogWorker (SegmentedRaftLogWorker.java:startLogSegment(380)) - 87e84624-1b40-4389-b682-d98fe76436d1@group-F931531AD9AF-SegmentedRaftLogWorker: Starting segment from index:0
2019-09-26 10:52:10,991 [87e84624-1b40-4389-b682-d98fe76436d1@group-F931531AD9AF:LeaderElection33] INFO  impl.RaftServerImpl (ServerState.java:setRaftConf(354)) - 87e84624-1b40-4389-b682-d98fe76436d1@group-F931531AD9AF: set configuration 0: [87e84624-1b40-4389-b682-d98fe76436d1:192.168.30.13:32768], old=null at 0
2019-09-26 10:52:10,991 [c0d2ea87-aa22-42eb-bba4-0246f89d2958@group-9AE3FBFBDFD5:LeaderElection34] INFO  impl.RoleInfo (RoleInfo.java:updateAndGet(143)) - c0d2ea87-aa22-42eb-bba4-0246f89d2958: start LeaderState
2019-09-26 10:52:11,030 [c0d2ea87-aa22-42eb-bba4-0246f89d2958@group-9AE3FBFBDFD5:LeaderElection34] INFO  segmented.SegmentedRaftLogWorker (SegmentedRaftLogWorker.java:startLogSegment(380)) - c0d2ea87-aa22-42eb-bba4-0246f89d2958@group-9AE3FBFBDFD5-SegmentedRaftLogWorker: Starting segment from index:0
2019-09-26 10:52:11,031 [c0d2ea87-aa22-42eb-bba4-0246f89d2958@group-9AE3FBFBDFD5:LeaderElection34] INFO  impl.RaftServerImpl (ServerState.java:setRaftConf(354)) - c0d2ea87-aa22-42eb-bba4-0246f89d2958@group-9AE3FBFBDFD5: set configuration 0: [c0d2ea87-aa22-42eb-bba4-0246f89d2958:192.168.30.13:46118], old=null at 0
2019-09-26 10:52:11,069 [87e84624-1b40-4389-b682-d98fe76436d1@group-F931531AD9AF-SegmentedRaftLogWorker] INFO  segmented.SegmentedRaftLogWorker (SegmentedRaftLogWorker.java:execute(569)) - 87e84624-1b40-4389-b682-d98fe76436d1@group-F931531AD9AF-SegmentedRaftLogWorker: created new log segment /workdir/hadoop-ozone/ozonefs/target/test-dir/MiniOzoneClusterImpl-b00a5744-6e73-4fa1-a928-c24f0d5ffca4/datanode-1/data/ratis/98f2b881-aa46-41a9-ac0b-f931531ad9af/current/log_inprogress_0
2019-09-26 10:52:11,083 [c0d2ea87-aa22-42eb-bba4-0246f89d2958@group-9AE3FBFBDFD5-SegmentedRaftLogWorker] INFO  segmented.SegmentedRaftLogWorker (SegmentedRaftLogWorker.java:execute(569)) - c0d2ea87-aa22-42eb-bba4-0246f89d2958@group-9AE3FBFBDFD5-SegmentedRaftLogWorker: created new log segment /workdir/hadoop-ozone/ozonefs/target/test-dir/MiniOzoneClusterImpl-b00a5744-6e73-4fa1-a928-c24f0d5ffca4/datanode-4/data/ratis/db7bd01e-e116-40fe-9464-9ae3fbfbdfd5/current/log_inprogress_0
2019-09-26 10:52:11,170 [Thread-402] INFO  impl.FollowerState (FollowerState.java:run(106)) - 74579fe5-f222-4a32-8361-e642639fe135:group-45BFA078BFBC changes to CANDIDATE, lastRpcTime:5002, electionTimeout:5001ms
2019-09-26 10:52:11,173 [Thread-393] INFO  impl.FollowerState (FollowerState.java:run(106)) - 2253380d-6ddc-421c-86f6-26acdb90a8c4:group-1A44D88486D0 changes to CANDIDATE, lastRpcTime:5157, electionTimeout:5141ms
2019-09-26 10:52:11,174 [Thread-402] INFO  impl.RoleInfo (RoleInfo.java:shutdownFollowerState(121)) - 74579fe5-f222-4a32-8361-e642639fe135: shutdown FollowerState
2019-09-26 10:52:11,174 [Thread-393] INFO  impl.RoleInfo (RoleInfo.java:shutdownFollowerState(121)) - 2253380d-6ddc-421c-86f6-26acdb90a8c4: shutdown FollowerState
2019-09-26 10:52:11,174 [Thread-402] INFO  impl.RaftServerImpl (RaftServerImpl.java:setRole(174)) - 74579fe5-f222-4a32-8361-e642639fe135@group-45BFA078BFBC: changes role from  FOLLOWER to CANDIDATE at term 0 for changeToCandidate
2019-09-26 10:52:11,174 [Thread-393] INFO  impl.RaftServerImpl (RaftServerImpl.java:setRole(174)) - 2253380d-6ddc-421c-86f6-26acdb90a8c4@group-1A44D88486D0: changes role from  FOLLOWER to CANDIDATE at term 0 for changeToCandidate
2019-09-26 10:52:11,174 [Thread-402] INFO  impl.RoleInfo (RoleInfo.java:updateAndGet(143)) - 74579fe5-f222-4a32-8361-e642639fe135: start LeaderElection
2019-09-26 10:52:11,174 [Thread-393] INFO  impl.RoleInfo (RoleInfo.java:updateAndGet(143)) - 2253380d-6ddc-421c-86f6-26acdb90a8c4: start LeaderElection
2019-09-26 10:52:11,192 [Thread-396] INFO  impl.FollowerState (FollowerState.java:run(106)) - dd9d2e05-3ffa-4f1c-8a80-938e5f4f3192:group-9EB75662DDC9 changes to CANDIDATE, lastRpcTime:5118, electionTimeout:5118ms
2019-09-26 10:52:11,192 [Thread-396] INFO  impl.RoleInfo (RoleInfo.java:shutdownFollowerState(121)) - dd9d2e05-3ffa-4f1c-8a80-938e5f4f3192: shutdown FollowerState
2019-09-26 10:52:11,192 [Thread-396] INFO  impl.RaftServerImpl (RaftServerImpl.java:setRole(174)) - dd9d2e05-3ffa-4f1c-8a80-938e5f4f3192@group-9EB75662DDC9: changes role from  FOLLOWER to CANDIDATE at term 0 for changeToCandidate
2019-09-26 10:52:11,193 [Thread-396] INFO  impl.RoleInfo (RoleInfo.java:updateAndGet(143)) - dd9d2e05-3ffa-4f1c-8a80-938e5f4f3192: start LeaderElection
2019-09-26 10:52:11,199 [2253380d-6ddc-421c-86f6-26acdb90a8c4@group-1A44D88486D0:LeaderElection36] INFO  impl.LeaderElection (LeaderElection.java:askForVotes(182)) - 2253380d-6ddc-421c-86f6-26acdb90a8c4@group-1A44D88486D0:LeaderElection36: begin an election at term 1 for -1: [2253380d-6ddc-421c-86f6-26acdb90a8c4:192.168.30.13:39629], old=null
2019-09-26 10:52:11,199 [74579fe5-f222-4a32-8361-e642639fe135@group-45BFA078BFBC:LeaderElection35] INFO  impl.LeaderElection (LeaderElection.java:askForVotes(182)) - 74579fe5-f222-4a32-8361-e642639fe135@group-45BFA078BFBC:LeaderElection35: begin an election at term 1 for -1: [74579fe5-f222-4a32-8361-e642639fe135:192.168.30.13:36553], old=null
2019-09-26 10:52:11,199 [2253380d-6ddc-421c-86f6-26acdb90a8c4@group-1A44D88486D0:LeaderElection36] INFO  impl.RoleInfo (RoleInfo.java:shutdownLeaderElection(134)) - 2253380d-6ddc-421c-86f6-26acdb90a8c4: shutdown LeaderElection
2019-09-26 10:52:11,199 [74579fe5-f222-4a32-8361-e642639fe135@group-45BFA078BFBC:LeaderElection35] INFO  impl.RoleInfo (RoleInfo.java:shutdownLeaderElection(134)) - 74579fe5-f222-4a32-8361-e642639fe135: shutdown LeaderElection
2019-09-26 10:52:11,199 [2253380d-6ddc-421c-86f6-26acdb90a8c4@group-1A44D88486D0:LeaderElection36] INFO  impl.RaftServerImpl (RaftServerImpl.java:setRole(174)) - 2253380d-6ddc-421c-86f6-26acdb90a8c4@group-1A44D88486D0: changes role from CANDIDATE to LEADER at term 1 for changeToLeader
2019-09-26 10:52:11,199 [74579fe5-f222-4a32-8361-e642639fe135@group-45BFA078BFBC:LeaderElection35] INFO  impl.RaftServerImpl (RaftServerImpl.java:setRole(174)) - 74579fe5-f222-4a32-8361-e642639fe135@group-45BFA078BFBC: changes role from CANDIDATE to LEADER at term 1 for changeToLeader
2019-09-26 10:52:11,200 [2253380d-6ddc-421c-86f6-26acdb90a8c4@group-1A44D88486D0:LeaderElection36] INFO  impl.RaftServerImpl (ServerState.java:setLeader(253)) - 2253380d-6ddc-421c-86f6-26acdb90a8c4@group-1A44D88486D0: change Leader from null to 2253380d-6ddc-421c-86f6-26acdb90a8c4 at term 1 for becomeLeader, leader elected after 5190ms
2019-09-26 10:52:11,200 [74579fe5-f222-4a32-8361-e642639fe135@group-45BFA078BFBC:LeaderElection35] INFO  impl.RaftServerImpl (ServerState.java:setLeader(253)) - 74579fe5-f222-4a32-8361-e642639fe135@group-45BFA078BFBC: change Leader from null to 74579fe5-f222-4a32-8361-e642639fe135 at term 1 for becomeLeader, leader elected after 5035ms
2019-09-26 10:52:11,200 [2253380d-6ddc-421c-86f6-26acdb90a8c4@group-1A44D88486D0:LeaderElection36] INFO  server.RaftServerConfigKeys (ConfUtils.java:logGet(43)) - raft.server.staging.catchup.gap = 1000 (default)
2019-09-26 10:52:11,200 [74579fe5-f222-4a32-8361-e642639fe135@group-45BFA078BFBC:LeaderElection35] INFO  server.RaftServerConfigKeys (ConfUtils.java:logGet(43)) - raft.server.staging.catchup.gap = 1000 (default)
2019-09-26 10:52:11,200 [2253380d-6ddc-421c-86f6-26acdb90a8c4@group-1A44D88486D0:LeaderElection36] INFO  server.RaftServerConfigKeys (ConfUtils.java:logGet(43)) - raft.server.rpc.sleep.time = 25ms (default)
2019-09-26 10:52:11,200 [74579fe5-f222-4a32-8361-e642639fe135@group-45BFA078BFBC:LeaderElection35] INFO  server.RaftServerConfigKeys (ConfUtils.java:logGet(43)) - raft.server.rpc.sleep.time = 25ms (default)
2019-09-26 10:52:11,200 [2253380d-6ddc-421c-86f6-26acdb90a8c4@group-1A44D88486D0:LeaderElection36] INFO  server.RaftServerConfigKeys (ConfUtils.java:logGet(43)) - raft.server.write.element-limit = 4096 (default)
2019-09-26 10:52:11,200 [74579fe5-f222-4a32-8361-e642639fe135@group-45BFA078BFBC:LeaderElection35] INFO  server.RaftServerConfigKeys (ConfUtils.java:logGet(43)) - raft.server.write.element-limit = 4096 (default)
2019-09-26 10:52:11,200 [2253380d-6ddc-421c-86f6-26acdb90a8c4@group-1A44D88486D0:LeaderElection36] INFO  server.RaftServerConfigKeys (ConfUtils.java:logGet(43)) - raft.server.watch.timeout = 10s (default)
2019-09-26 10:52:11,200 [74579fe5-f222-4a32-8361-e642639fe135@group-45BFA078BFBC:LeaderElection35] INFO  server.RaftServerConfigKeys (ConfUtils.java:logGet(43)) - raft.server.watch.timeout = 10s (default)
2019-09-26 10:52:11,200 [2253380d-6ddc-421c-86f6-26acdb90a8c4@group-1A44D88486D0:LeaderElection36] INFO  server.RaftServerConfigKeys (ConfUtils.java:logGet(43)) - raft.server.watch.timeout.denomination = 1s (default)
2019-09-26 10:52:11,201 [74579fe5-f222-4a32-8361-e642639fe135@group-45BFA078BFBC:LeaderElection35] INFO  server.RaftServerConfigKeys (ConfUtils.java:logGet(43)) - raft.server.watch.timeout.denomination = 1s (default)
2019-09-26 10:52:11,201 [2253380d-6ddc-421c-86f6-26acdb90a8c4@group-1A44D88486D0:LeaderElection36] INFO  server.RaftServerConfigKeys (ConfUtils.java:logGet(43)) - raft.server.watch.element-limit = 65536 (default)
2019-09-26 10:52:11,201 [74579fe5-f222-4a32-8361-e642639fe135@group-45BFA078BFBC:LeaderElection35] INFO  server.RaftServerConfigKeys (ConfUtils.java:logGet(43)) - raft.server.watch.element-limit = 65536 (default)
2019-09-26 10:52:11,201 [dd9d2e05-3ffa-4f1c-8a80-938e5f4f3192@group-9EB75662DDC9:LeaderElection37] INFO  impl.LeaderElection (LeaderElection.java:askForVotes(182)) - dd9d2e05-3ffa-4f1c-8a80-938e5f4f3192@group-9EB75662DDC9:LeaderElection37: begin an election at term 1 for -1: [dd9d2e05-3ffa-4f1c-8a80-938e5f4f3192:192.168.30.13:46596], old=null
2019-09-26 10:52:11,201 [dd9d2e05-3ffa-4f1c-8a80-938e5f4f3192@group-9EB75662DDC9:LeaderElection37] INFO  impl.RoleInfo (RoleInfo.java:shutdownLeaderElection(134)) - dd9d2e05-3ffa-4f1c-8a80-938e5f4f3192: shutdown LeaderElection
2019-09-26 10:52:11,201 [dd9d2e05-3ffa-4f1c-8a80-938e5f4f3192@group-9EB75662DDC9:LeaderElection37] INFO  impl.RaftServerImpl (RaftServerImpl.java:setRole(174)) - dd9d2e05-3ffa-4f1c-8a80-938e5f4f3192@group-9EB75662DDC9: changes role from CANDIDATE to LEADER at term 1 for changeToLeader
2019-09-26 10:52:11,202 [dd9d2e05-3ffa-4f1c-8a80-938e5f4f3192@group-9EB75662DDC9:LeaderElection37] INFO  impl.RaftServerImpl (ServerState.java:setLeader(253)) - dd9d2e05-3ffa-4f1c-8a80-938e5f4f3192@group-9EB75662DDC9: change Leader from null to dd9d2e05-3ffa-4f1c-8a80-938e5f4f3192 at term 1 for becomeLeader, leader elected after 5134ms
2019-09-26 10:52:11,202 [dd9d2e05-3ffa-4f1c-8a80-938e5f4f3192@group-9EB75662DDC9:LeaderElection37] INFO  server.RaftServerConfigKeys (ConfUtils.java:logGet(43)) - raft.server.staging.catchup.gap = 1000 (default)
2019-09-26 10:52:11,202 [dd9d2e05-3ffa-4f1c-8a80-938e5f4f3192@group-9EB75662DDC9:LeaderElection37] INFO  server.RaftServerConfigKeys (ConfUtils.java:logGet(43)) - raft.server.rpc.sleep.time = 25ms (default)
2019-09-26 10:52:11,202 [dd9d2e05-3ffa-4f1c-8a80-938e5f4f3192@group-9EB75662DDC9:LeaderElection37] INFO  server.RaftServerConfigKeys (ConfUtils.java:logGet(43)) - raft.server.write.element-limit = 4096 (default)
2019-09-26 10:52:11,202 [dd9d2e05-3ffa-4f1c-8a80-938e5f4f3192@group-9EB75662DDC9:LeaderElection37] INFO  server.RaftServerConfigKeys (ConfUtils.java:logGet(43)) - raft.server.watch.timeout = 10s (default)
2019-09-26 10:52:11,202 [dd9d2e05-3ffa-4f1c-8a80-938e5f4f3192@group-9EB75662DDC9:LeaderElection37] INFO  server.RaftServerConfigKeys (ConfUtils.java:logGet(43)) - raft.server.watch.timeout.denomination = 1s (default)
2019-09-26 10:52:11,203 [dd9d2e05-3ffa-4f1c-8a80-938e5f4f3192@group-9EB75662DDC9:LeaderElection37] INFO  server.RaftServerConfigKeys (ConfUtils.java:logGet(43)) - raft.server.watch.element-limit = 65536 (default)
2019-09-26 10:52:11,203 [2253380d-6ddc-421c-86f6-26acdb90a8c4@group-1A44D88486D0:LeaderElection36] INFO  impl.RoleInfo (RoleInfo.java:updateAndGet(143)) - 2253380d-6ddc-421c-86f6-26acdb90a8c4: start LeaderState
2019-09-26 10:52:11,203 [2253380d-6ddc-421c-86f6-26acdb90a8c4@group-1A44D88486D0:LeaderElection36] INFO  segmented.SegmentedRaftLogWorker (SegmentedRaftLogWorker.java:startLogSegment(380)) - 2253380d-6ddc-421c-86f6-26acdb90a8c4@group-1A44D88486D0-SegmentedRaftLogWorker: Starting segment from index:0
2019-09-26 10:52:11,203 [74579fe5-f222-4a32-8361-e642639fe135@group-45BFA078BFBC:LeaderElection35] INFO  impl.RoleInfo (RoleInfo.java:updateAndGet(143)) - 74579fe5-f222-4a32-8361-e642639fe135: start LeaderState
2019-09-26 10:52:11,204 [74579fe5-f222-4a32-8361-e642639fe135@group-45BFA078BFBC:LeaderElection35] INFO  segmented.SegmentedRaftLogWorker (SegmentedRaftLogWorker.java:startLogSegment(380)) - 74579fe5-f222-4a32-8361-e642639fe135@group-45BFA078BFBC-SegmentedRaftLogWorker: Starting segment from index:0
2019-09-26 10:52:11,204 [2253380d-6ddc-421c-86f6-26acdb90a8c4@group-1A44D88486D0:LeaderElection36] INFO  impl.RaftServerImpl (ServerState.java:setRaftConf(354)) - 2253380d-6ddc-421c-86f6-26acdb90a8c4@group-1A44D88486D0: set configuration 0: [2253380d-6ddc-421c-86f6-26acdb90a8c4:192.168.30.13:39629], old=null at 0
2019-09-26 10:52:11,246 [74579fe5-f222-4a32-8361-e642639fe135@group-45BFA078BFBC:LeaderElection35] INFO  impl.RaftServerImpl (ServerState.java:setRaftConf(354)) - 74579fe5-f222-4a32-8361-e642639fe135@group-45BFA078BFBC: set configuration 0: [74579fe5-f222-4a32-8361-e642639fe135:192.168.30.13:36553], old=null at 0
2019-09-26 10:52:11,282 [Thread-405] INFO  impl.FollowerState (FollowerState.java:run(106)) - 2253380d-6ddc-421c-86f6-26acdb90a8c4:group-2ED60F0F3857 changes to CANDIDATE, lastRpcTime:5039, electionTimeout:5027ms
2019-09-26 10:52:11,283 [2253380d-6ddc-421c-86f6-26acdb90a8c4@group-1A44D88486D0-SegmentedRaftLogWorker] INFO  segmented.SegmentedRaftLogWorker (SegmentedRaftLogWorker.java:execute(569)) - 2253380d-6ddc-421c-86f6-26acdb90a8c4@group-1A44D88486D0-SegmentedRaftLogWorker: created new log segment /workdir/hadoop-ozone/ozonefs/target/test-dir/MiniOzoneClusterImpl-b00a5744-6e73-4fa1-a928-c24f0d5ffca4/datanode-3/data/ratis/ec475595-7829-4e2b-b61f-1a44d88486d0/current/log_inprogress_0
2019-09-26 10:52:11,283 [Thread-399] INFO  impl.FollowerState (FollowerState.java:run(106)) - 474bca52-b9cd-4602-ad06-63718c1fead5:group-E8BDBDC92291 changes to CANDIDATE, lastRpcTime:5153, electionTimeout:5122ms
2019-09-26 10:52:11,283 [Thread-405] INFO  impl.RoleInfo (RoleInfo.java:shutdownFollowerState(121)) - 2253380d-6ddc-421c-86f6-26acdb90a8c4: shutdown FollowerState
2019-09-26 10:52:11,283 [Thread-399] INFO  impl.RoleInfo (RoleInfo.java:shutdownFollowerState(121)) - 474bca52-b9cd-4602-ad06-63718c1fead5: shutdown FollowerState
2019-09-26 10:52:11,283 [Thread-405] INFO  impl.RaftServerImpl (RaftServerImpl.java:setRole(174)) - 2253380d-6ddc-421c-86f6-26acdb90a8c4@group-2ED60F0F3857: changes role from  FOLLOWER to CANDIDATE at term 0 for changeToCandidate
2019-09-26 10:52:11,283 [Thread-399] INFO  impl.RaftServerImpl (RaftServerImpl.java:setRole(174)) - 474bca52-b9cd-4602-ad06-63718c1fead5@group-E8BDBDC92291: changes role from  FOLLOWER to CANDIDATE at term 0 for changeToCandidate
2019-09-26 10:52:11,284 [Thread-405] INFO  impl.RoleInfo (RoleInfo.java:updateAndGet(143)) - 2253380d-6ddc-421c-86f6-26acdb90a8c4: start LeaderElection
2019-09-26 10:52:11,284 [Thread-399] INFO  impl.RoleInfo (RoleInfo.java:updateAndGet(143)) - 474bca52-b9cd-4602-ad06-63718c1fead5: start LeaderElection
2019-09-26 10:52:11,284 [dd9d2e05-3ffa-4f1c-8a80-938e5f4f3192@group-9EB75662DDC9:LeaderElection37] INFO  impl.RoleInfo (RoleInfo.java:updateAndGet(143)) - dd9d2e05-3ffa-4f1c-8a80-938e5f4f3192: start LeaderState
2019-09-26 10:52:11,287 [74579fe5-f222-4a32-8361-e642639fe135@group-45BFA078BFBC-SegmentedRaftLogWorker] INFO  segmented.SegmentedRaftLogWorker (SegmentedRaftLogWorker.java:execute(569)) - 74579fe5-f222-4a32-8361-e642639fe135@group-45BFA078BFBC-SegmentedRaftLogWorker: created new log segment /workdir/hadoop-ozone/ozonefs/target/test-dir/MiniOzoneClusterImpl-b00a5744-6e73-4fa1-a928-c24f0d5ffca4/datanode-6/data/ratis/081c3d81-aa50-41ae-ac5b-45bfa078bfbc/current/log_inprogress_0
2019-09-26 10:52:11,288 [dd9d2e05-3ffa-4f1c-8a80-938e5f4f3192@group-9EB75662DDC9:LeaderElection37] INFO  segmented.SegmentedRaftLogWorker (SegmentedRaftLogWorker.java:startLogSegment(380)) - dd9d2e05-3ffa-4f1c-8a80-938e5f4f3192@group-9EB75662DDC9-SegmentedRaftLogWorker: Starting segment from index:0
2019-09-26 10:52:11,300 [dd9d2e05-3ffa-4f1c-8a80-938e5f4f3192@group-9EB75662DDC9:LeaderElection37] INFO  impl.RaftServerImpl (ServerState.java:setRaftConf(354)) - dd9d2e05-3ffa-4f1c-8a80-938e5f4f3192@group-9EB75662DDC9: set configuration 0: [dd9d2e05-3ffa-4f1c-8a80-938e5f4f3192:192.168.30.13:46596], old=null at 0
2019-09-26 10:52:11,333 [2253380d-6ddc-421c-86f6-26acdb90a8c4@group-2ED60F0F3857:LeaderElection38] INFO  impl.LeaderElection (LeaderElection.java:askForVotes(182)) - 2253380d-6ddc-421c-86f6-26acdb90a8c4@group-2ED60F0F3857:LeaderElection38: begin an election at term 1 for -1: [2253380d-6ddc-421c-86f6-26acdb90a8c4:192.168.30.13:39629], old=null
2019-09-26 10:52:11,333 [474bca52-b9cd-4602-ad06-63718c1fead5@group-E8BDBDC92291:LeaderElection39] INFO  impl.LeaderElection (LeaderElection.java:askForVotes(182)) - 474bca52-b9cd-4602-ad06-63718c1fead5@group-E8BDBDC92291:LeaderElection39: begin an election at term 1 for -1: [474bca52-b9cd-4602-ad06-63718c1fead5:192.168.30.13:39280], old=null
2019-09-26 10:52:11,333 [2253380d-6ddc-421c-86f6-26acdb90a8c4@group-2ED60F0F3857:LeaderElection38] INFO  impl.RoleInfo (RoleInfo.java:shutdownLeaderElection(134)) - 2253380d-6ddc-421c-86f6-26acdb90a8c4: shutdown LeaderElection
2019-09-26 10:52:11,333 [474bca52-b9cd-4602-ad06-63718c1fead5@group-E8BDBDC92291:LeaderElection39] INFO  impl.RoleInfo (RoleInfo.java:shutdownLeaderElection(134)) - 474bca52-b9cd-4602-ad06-63718c1fead5: shutdown LeaderElection
2019-09-26 10:52:11,333 [2253380d-6ddc-421c-86f6-26acdb90a8c4@group-2ED60F0F3857:LeaderElection38] INFO  impl.RaftServerImpl (RaftServerImpl.java:setRole(174)) - 2253380d-6ddc-421c-86f6-26acdb90a8c4@group-2ED60F0F3857: changes role from CANDIDATE to LEADER at term 1 for changeToLeader
2019-09-26 10:52:11,333 [474bca52-b9cd-4602-ad06-63718c1fead5@group-E8BDBDC92291:LeaderElection39] INFO  impl.RaftServerImpl (RaftServerImpl.java:setRole(174)) - 474bca52-b9cd-4602-ad06-63718c1fead5@group-E8BDBDC92291: changes role from CANDIDATE to LEADER at term 1 for changeToLeader
2019-09-26 10:52:11,333 [2253380d-6ddc-421c-86f6-26acdb90a8c4@group-2ED60F0F3857:LeaderElection38] INFO  impl.RaftServerImpl (ServerState.java:setLeader(253)) - 2253380d-6ddc-421c-86f6-26acdb90a8c4@group-2ED60F0F3857: change Leader from null to 2253380d-6ddc-421c-86f6-26acdb90a8c4 at term 1 for becomeLeader, leader elected after 5097ms
2019-09-26 10:52:11,333 [474bca52-b9cd-4602-ad06-63718c1fead5@group-E8BDBDC92291:LeaderElection39] INFO  impl.RaftServerImpl (ServerState.java:setLeader(253)) - 474bca52-b9cd-4602-ad06-63718c1fead5@group-E8BDBDC92291: change Leader from null to 474bca52-b9cd-4602-ad06-63718c1fead5 at term 1 for becomeLeader, leader elected after 5211ms
2019-09-26 10:52:11,334 [2253380d-6ddc-421c-86f6-26acdb90a8c4@group-2ED60F0F3857:LeaderElection38] INFO  server.RaftServerConfigKeys (ConfUtils.java:logGet(43)) - raft.server.staging.catchup.gap = 1000 (default)
2019-09-26 10:52:11,334 [474bca52-b9cd-4602-ad06-63718c1fead5@group-E8BDBDC92291:LeaderElection39] INFO  server.RaftServerConfigKeys (ConfUtils.java:logGet(43)) - raft.server.staging.catchup.gap = 1000 (default)
2019-09-26 10:52:11,334 [2253380d-6ddc-421c-86f6-26acdb90a8c4@group-2ED60F0F3857:LeaderElection38] INFO  server.RaftServerConfigKeys (ConfUtils.java:logGet(43)) - raft.server.rpc.sleep.time = 25ms (default)
2019-09-26 10:52:11,334 [474bca52-b9cd-4602-ad06-63718c1fead5@group-E8BDBDC92291:LeaderElection39] INFO  server.RaftServerConfigKeys (ConfUtils.java:logGet(43)) - raft.server.rpc.sleep.time = 25ms (default)
2019-09-26 10:52:11,334 [2253380d-6ddc-421c-86f6-26acdb90a8c4@group-2ED60F0F3857:LeaderElection38] INFO  server.RaftServerConfigKeys (ConfUtils.java:logGet(43)) - raft.server.write.element-limit = 4096 (default)
2019-09-26 10:52:11,334 [474bca52-b9cd-4602-ad06-63718c1fead5@group-E8BDBDC92291:LeaderElection39] INFO  server.RaftServerConfigKeys (ConfUtils.java:logGet(43)) - raft.server.write.element-limit = 4096 (default)
2019-09-26 10:52:11,334 [2253380d-6ddc-421c-86f6-26acdb90a8c4@group-2ED60F0F3857:LeaderElection38] INFO  server.RaftServerConfigKeys (ConfUtils.java:logGet(43)) - raft.server.watch.timeout = 10s (default)
2019-09-26 10:52:11,334 [474bca52-b9cd-4602-ad06-63718c1fead5@group-E8BDBDC92291:LeaderElection39] INFO  server.RaftServerConfigKeys (ConfUtils.java:logGet(43)) - raft.server.watch.timeout = 10s (default)
2019-09-26 10:52:11,334 [2253380d-6ddc-421c-86f6-26acdb90a8c4@group-2ED60F0F3857:LeaderElection38] INFO  server.RaftServerConfigKeys (ConfUtils.java:logGet(43)) - raft.server.watch.timeout.denomination = 1s (default)
2019-09-26 10:52:11,334 [474bca52-b9cd-4602-ad06-63718c1fead5@group-E8BDBDC92291:LeaderElection39] INFO  server.RaftServerConfigKeys (ConfUtils.java:logGet(43)) - raft.server.watch.timeout.denomination = 1s (default)
2019-09-26 10:52:11,335 [2253380d-6ddc-421c-86f6-26acdb90a8c4@group-2ED60F0F3857:LeaderElection38] INFO  server.RaftServerConfigKeys (ConfUtils.java:logGet(43)) - raft.server.watch.element-limit = 65536 (default)
2019-09-26 10:52:11,335 [474bca52-b9cd-4602-ad06-63718c1fead5@group-E8BDBDC92291:LeaderElection39] INFO  server.RaftServerConfigKeys (ConfUtils.java:logGet(43)) - raft.server.watch.element-limit = 65536 (default)
2019-09-26 10:52:11,337 [2253380d-6ddc-421c-86f6-26acdb90a8c4@group-2ED60F0F3857:LeaderElection38] INFO  impl.RoleInfo (RoleInfo.java:updateAndGet(143)) - 2253380d-6ddc-421c-86f6-26acdb90a8c4: start LeaderState
2019-09-26 10:52:11,337 [2253380d-6ddc-421c-86f6-26acdb90a8c4@group-2ED60F0F3857:LeaderElection38] INFO  segmented.SegmentedRaftLogWorker (SegmentedRaftLogWorker.java:startLogSegment(380)) - 2253380d-6ddc-421c-86f6-26acdb90a8c4@group-2ED60F0F3857-SegmentedRaftLogWorker: Starting segment from index:0
2019-09-26 10:52:11,337 [474bca52-b9cd-4602-ad06-63718c1fead5@group-E8BDBDC92291:LeaderElection39] INFO  impl.RoleInfo (RoleInfo.java:updateAndGet(143)) - 474bca52-b9cd-4602-ad06-63718c1fead5: start LeaderState
2019-09-26 10:52:11,338 [474bca52-b9cd-4602-ad06-63718c1fead5@group-E8BDBDC92291:LeaderElection39] INFO  segmented.SegmentedRaftLogWorker (SegmentedRaftLogWorker.java:startLogSegment(380)) - 474bca52-b9cd-4602-ad06-63718c1fead5@group-E8BDBDC92291-SegmentedRaftLogWorker: Starting segment from index:0
2019-09-26 10:52:11,338 [2253380d-6ddc-421c-86f6-26acdb90a8c4@group-2ED60F0F3857:LeaderElection38] INFO  impl.RaftServerImpl (ServerState.java:setRaftConf(354)) - 2253380d-6ddc-421c-86f6-26acdb90a8c4@group-2ED60F0F3857: set configuration 0: [2253380d-6ddc-421c-86f6-26acdb90a8c4:192.168.30.13:39629], old=null at 0
2019-09-26 10:52:11,381 [dd9d2e05-3ffa-4f1c-8a80-938e5f4f3192@group-9EB75662DDC9-SegmentedRaftLogWorker] INFO  segmented.SegmentedRaftLogWorker (SegmentedRaftLogWorker.java:execute(569)) - dd9d2e05-3ffa-4f1c-8a80-938e5f4f3192@group-9EB75662DDC9-SegmentedRaftLogWorker: created new log segment /workdir/hadoop-ozone/ozonefs/target/test-dir/MiniOzoneClusterImpl-b00a5744-6e73-4fa1-a928-c24f0d5ffca4/datanode-5/data/ratis/5d597396-6d38-46fb-a549-9eb75662ddc9/current/log_inprogress_0
2019-09-26 10:52:11,381 [474bca52-b9cd-4602-ad06-63718c1fead5@group-E8BDBDC92291:LeaderElection39] INFO  impl.RaftServerImpl (ServerState.java:setRaftConf(354)) - 474bca52-b9cd-4602-ad06-63718c1fead5@group-E8BDBDC92291: set configuration 0: [474bca52-b9cd-4602-ad06-63718c1fead5:192.168.30.13:39280], old=null at 0
2019-09-26 10:52:11,438 [Thread-408] INFO  impl.FollowerState (FollowerState.java:run(106)) - 74579fe5-f222-4a32-8361-e642639fe135:group-13C1126AD8E2 changes to CANDIDATE, lastRpcTime:5121, electionTimeout:5093ms
2019-09-26 10:52:11,438 [2253380d-6ddc-421c-86f6-26acdb90a8c4@group-2ED60F0F3857-SegmentedRaftLogWorker] INFO  segmented.SegmentedRaftLogWorker (SegmentedRaftLogWorker.java:execute(569)) - 2253380d-6ddc-421c-86f6-26acdb90a8c4@group-2ED60F0F3857-SegmentedRaftLogWorker: created new log segment /workdir/hadoop-ozone/ozonefs/target/test-dir/MiniOzoneClusterImpl-b00a5744-6e73-4fa1-a928-c24f0d5ffca4/datanode-3/data/ratis/dff2e784-ae46-4a01-b2b5-2ed60f0f3857/current/log_inprogress_0
2019-09-26 10:52:11,438 [Thread-408] INFO  impl.RoleInfo (RoleInfo.java:shutdownFollowerState(121)) - 74579fe5-f222-4a32-8361-e642639fe135: shutdown FollowerState
2019-09-26 10:52:11,439 [Thread-408] INFO  impl.RaftServerImpl (RaftServerImpl.java:setRole(174)) - 74579fe5-f222-4a32-8361-e642639fe135@group-13C1126AD8E2: changes role from  FOLLOWER to CANDIDATE at term 0 for changeToCandidate
2019-09-26 10:52:11,439 [Thread-408] INFO  impl.RoleInfo (RoleInfo.java:updateAndGet(143)) - 74579fe5-f222-4a32-8361-e642639fe135: start LeaderElection
2019-09-26 10:52:11,450 [474bca52-b9cd-4602-ad06-63718c1fead5@group-E8BDBDC92291-SegmentedRaftLogWorker] INFO  segmented.SegmentedRaftLogWorker (SegmentedRaftLogWorker.java:execute(569)) - 474bca52-b9cd-4602-ad06-63718c1fead5@group-E8BDBDC92291-SegmentedRaftLogWorker: created new log segment /workdir/hadoop-ozone/ozonefs/target/test-dir/MiniOzoneClusterImpl-b00a5744-6e73-4fa1-a928-c24f0d5ffca4/datanode-2/data/ratis/24d3040b-8f07-45be-8e40-e8bdbdc92291/current/log_inprogress_0
2019-09-26 10:52:11,451 [74579fe5-f222-4a32-8361-e642639fe135@group-13C1126AD8E2:LeaderElection40] INFO  impl.LeaderElection (LeaderElection.java:askForVotes(182)) - 74579fe5-f222-4a32-8361-e642639fe135@group-13C1126AD8E2:LeaderElection40: begin an election at term 1 for -1: [74579fe5-f222-4a32-8361-e642639fe135:192.168.30.13:36553], old=null
2019-09-26 10:52:11,451 [74579fe5-f222-4a32-8361-e642639fe135@group-13C1126AD8E2:LeaderElection40] INFO  impl.RoleInfo (RoleInfo.java:shutdownLeaderElection(134)) - 74579fe5-f222-4a32-8361-e642639fe135: shutdown LeaderElection
2019-09-26 10:52:11,451 [74579fe5-f222-4a32-8361-e642639fe135@group-13C1126AD8E2:LeaderElection40] INFO  impl.RaftServerImpl (RaftServerImpl.java:setRole(174)) - 74579fe5-f222-4a32-8361-e642639fe135@group-13C1126AD8E2: changes role from CANDIDATE to LEADER at term 1 for changeToLeader
2019-09-26 10:52:11,451 [74579fe5-f222-4a32-8361-e642639fe135@group-13C1126AD8E2:LeaderElection40] INFO  impl.RaftServerImpl (ServerState.java:setLeader(253)) - 74579fe5-f222-4a32-8361-e642639fe135@group-13C1126AD8E2: change Leader from null to 74579fe5-f222-4a32-8361-e642639fe135 at term 1 for becomeLeader, leader elected after 5142ms
2019-09-26 10:52:11,451 [74579fe5-f222-4a32-8361-e642639fe135@group-13C1126AD8E2:LeaderElection40] INFO  server.RaftServerConfigKeys (ConfUtils.java:logGet(43)) - raft.server.staging.catchup.gap = 1000 (default)
2019-09-26 10:52:11,452 [74579fe5-f222-4a32-8361-e642639fe135@group-13C1126AD8E2:LeaderElection40] INFO  server.RaftServerConfigKeys (ConfUtils.java:logGet(43)) - raft.server.rpc.sleep.time = 25ms (default)
2019-09-26 10:52:11,452 [74579fe5-f222-4a32-8361-e642639fe135@group-13C1126AD8E2:LeaderElection40] INFO  server.RaftServerConfigKeys (ConfUtils.java:logGet(43)) - raft.server.write.element-limit = 4096 (default)
2019-09-26 10:52:11,452 [74579fe5-f222-4a32-8361-e642639fe135@group-13C1126AD8E2:LeaderElection40] INFO  server.RaftServerConfigKeys (ConfUtils.java:logGet(43)) - raft.server.watch.timeout = 10s (default)
2019-09-26 10:52:11,452 [74579fe5-f222-4a32-8361-e642639fe135@group-13C1126AD8E2:LeaderElection40] INFO  server.RaftServerConfigKeys (ConfUtils.java:logGet(43)) - raft.server.watch.timeout.denomination = 1s (default)
2019-09-26 10:52:11,452 [74579fe5-f222-4a32-8361-e642639fe135@group-13C1126AD8E2:LeaderElection40] INFO  server.RaftServerConfigKeys (ConfUtils.java:logGet(43)) - raft.server.watch.element-limit = 65536 (default)
2019-09-26 10:52:11,455 [74579fe5-f222-4a32-8361-e642639fe135@group-13C1126AD8E2:LeaderElection40] INFO  impl.RoleInfo (RoleInfo.java:updateAndGet(143)) - 74579fe5-f222-4a32-8361-e642639fe135: start LeaderState
2019-09-26 10:52:11,455 [74579fe5-f222-4a32-8361-e642639fe135@group-13C1126AD8E2:LeaderElection40] INFO  segmented.SegmentedRaftLogWorker (SegmentedRaftLogWorker.java:startLogSegment(380)) - 74579fe5-f222-4a32-8361-e642639fe135@group-13C1126AD8E2-SegmentedRaftLogWorker: Starting segment from index:0
2019-09-26 10:52:11,456 [74579fe5-f222-4a32-8361-e642639fe135@group-13C1126AD8E2:LeaderElection40] INFO  impl.RaftServerImpl (ServerState.java:setRaftConf(354)) - 74579fe5-f222-4a32-8361-e642639fe135@group-13C1126AD8E2: set configuration 0: [74579fe5-f222-4a32-8361-e642639fe135:192.168.30.13:36553], old=null at 0
2019-09-26 10:52:11,522 [74579fe5-f222-4a32-8361-e642639fe135@group-13C1126AD8E2-SegmentedRaftLogWorker] INFO  segmented.SegmentedRaftLogWorker (SegmentedRaftLogWorker.java:execute(569)) - 74579fe5-f222-4a32-8361-e642639fe135@group-13C1126AD8E2-SegmentedRaftLogWorker: created new log segment /workdir/hadoop-ozone/ozonefs/target/test-dir/MiniOzoneClusterImpl-b00a5744-6e73-4fa1-a928-c24f0d5ffca4/datanode-6/data/ratis/4a7cca93-9de3-4ef7-89cf-13c1126ad8e2/current/log_inprogress_0
2019-09-26 10:52:11,545 [Thread-411] INFO  impl.FollowerState (FollowerState.java:run(106)) - 74579fe5-f222-4a32-8361-e642639fe135:group-7FBAF6468B15 changes to CANDIDATE, lastRpcTime:5116, electionTimeout:5116ms
2019-09-26 10:52:11,545 [Thread-411] INFO  impl.RoleInfo (RoleInfo.java:shutdownFollowerState(121)) - 74579fe5-f222-4a32-8361-e642639fe135: shutdown FollowerState
2019-09-26 10:52:11,545 [Thread-411] INFO  impl.RaftServerImpl (RaftServerImpl.java:setRole(174)) - 74579fe5-f222-4a32-8361-e642639fe135@group-7FBAF6468B15: changes role from  FOLLOWER to CANDIDATE at term 0 for changeToCandidate
2019-09-26 10:52:11,545 [Thread-411] INFO  impl.RoleInfo (RoleInfo.java:updateAndGet(143)) - 74579fe5-f222-4a32-8361-e642639fe135: start LeaderElection
2019-09-26 10:52:11,565 [74579fe5-f222-4a32-8361-e642639fe135@group-7FBAF6468B15:LeaderElection41] INFO  impl.LeaderElection (LeaderElection.java:askForVotes(182)) - 74579fe5-f222-4a32-8361-e642639fe135@group-7FBAF6468B15:LeaderElection41: begin an election at term 1 for -1: [74579fe5-f222-4a32-8361-e642639fe135:192.168.30.13:36553], old=null
2019-09-26 10:52:11,565 [74579fe5-f222-4a32-8361-e642639fe135@group-7FBAF6468B15:LeaderElection41] INFO  impl.RoleInfo (RoleInfo.java:shutdownLeaderElection(134)) - 74579fe5-f222-4a32-8361-e642639fe135: shutdown LeaderElection
2019-09-26 10:52:11,565 [74579fe5-f222-4a32-8361-e642639fe135@group-7FBAF6468B15:LeaderElection41] INFO  impl.RaftServerImpl (RaftServerImpl.java:setRole(174)) - 74579fe5-f222-4a32-8361-e642639fe135@group-7FBAF6468B15: changes role from CANDIDATE to LEADER at term 1 for changeToLeader
2019-09-26 10:52:11,565 [74579fe5-f222-4a32-8361-e642639fe135@group-7FBAF6468B15:LeaderElection41] INFO  impl.RaftServerImpl (ServerState.java:setLeader(253)) - 74579fe5-f222-4a32-8361-e642639fe135@group-7FBAF6468B15: change Leader from null to 74579fe5-f222-4a32-8361-e642639fe135 at term 1 for becomeLeader, leader elected after 5145ms
2019-09-26 10:52:11,565 [74579fe5-f222-4a32-8361-e642639fe135@group-7FBAF6468B15:LeaderElection41] INFO  server.RaftServerConfigKeys (ConfUtils.java:logGet(43)) - raft.server.staging.catchup.gap = 1000 (default)
2019-09-26 10:52:11,565 [74579fe5-f222-4a32-8361-e642639fe135@group-7FBAF6468B15:LeaderElection41] INFO  server.RaftServerConfigKeys (ConfUtils.java:logGet(43)) - raft.server.rpc.sleep.time = 25ms (default)
2019-09-26 10:52:11,566 [74579fe5-f222-4a32-8361-e642639fe135@group-7FBAF6468B15:LeaderElection41] INFO  server.RaftServerConfigKeys (ConfUtils.java:logGet(43)) - raft.server.write.element-limit = 4096 (default)
2019-09-26 10:52:11,566 [74579fe5-f222-4a32-8361-e642639fe135@group-7FBAF6468B15:LeaderElection41] INFO  server.RaftServerConfigKeys (ConfUtils.java:logGet(43)) - raft.server.watch.timeout = 10s (default)
2019-09-26 10:52:11,566 [74579fe5-f222-4a32-8361-e642639fe135@group-7FBAF6468B15:LeaderElection41] INFO  server.RaftServerConfigKeys (ConfUtils.java:logGet(43)) - raft.server.watch.timeout.denomination = 1s (default)
2019-09-26 10:52:11,566 [74579fe5-f222-4a32-8361-e642639fe135@group-7FBAF6468B15:LeaderElection41] INFO  server.RaftServerConfigKeys (ConfUtils.java:logGet(43)) - raft.server.watch.element-limit = 65536 (default)
2019-09-26 10:52:11,569 [74579fe5-f222-4a32-8361-e642639fe135@group-7FBAF6468B15:LeaderElection41] INFO  impl.RoleInfo (RoleInfo.java:updateAndGet(143)) - 74579fe5-f222-4a32-8361-e642639fe135: start LeaderState
2019-09-26 10:52:11,570 [74579fe5-f222-4a32-8361-e642639fe135@group-7FBAF6468B15:LeaderElection41] INFO  segmented.SegmentedRaftLogWorker (SegmentedRaftLogWorker.java:startLogSegment(380)) - 74579fe5-f222-4a32-8361-e642639fe135@group-7FBAF6468B15-SegmentedRaftLogWorker: Starting segment from index:0
2019-09-26 10:52:11,570 [74579fe5-f222-4a32-8361-e642639fe135@group-7FBAF6468B15:LeaderElection41] INFO  impl.RaftServerImpl (ServerState.java:setRaftConf(354)) - 74579fe5-f222-4a32-8361-e642639fe135@group-7FBAF6468B15: set configuration 0: [74579fe5-f222-4a32-8361-e642639fe135:192.168.30.13:36553], old=null at 0
2019-09-26 10:52:11,598 [Thread-414] INFO  impl.FollowerState (FollowerState.java:run(106)) - be8031e7-e5bc-4989-a875-174452875862:group-2606CC27D260 changes to CANDIDATE, lastRpcTime:5124, electionTimeout:5124ms
2019-09-26 10:52:11,599 [Thread-414] INFO  impl.RoleInfo (RoleInfo.java:shutdownFollowerState(121)) - be8031e7-e5bc-4989-a875-174452875862: shutdown FollowerState
2019-09-26 10:52:11,599 [Thread-414] INFO  impl.RaftServerImpl (RaftServerImpl.java:setRole(174)) - be8031e7-e5bc-4989-a875-174452875862@group-2606CC27D260: changes role from  FOLLOWER to CANDIDATE at term 0 for changeToCandidate
2019-09-26 10:52:11,599 [Thread-414] INFO  impl.RoleInfo (RoleInfo.java:updateAndGet(143)) - be8031e7-e5bc-4989-a875-174452875862: start LeaderElection
2019-09-26 10:52:11,613 [74579fe5-f222-4a32-8361-e642639fe135@group-7FBAF6468B15-SegmentedRaftLogWorker] INFO  segmented.SegmentedRaftLogWorker (SegmentedRaftLogWorker.java:execute(569)) - 74579fe5-f222-4a32-8361-e642639fe135@group-7FBAF6468B15-SegmentedRaftLogWorker: created new log segment /workdir/hadoop-ozone/ozonefs/target/test-dir/MiniOzoneClusterImpl-b00a5744-6e73-4fa1-a928-c24f0d5ffca4/datanode-6/data/ratis/4b5f0bb8-c9a8-445f-8621-7fbaf6468b15/current/log_inprogress_0
2019-09-26 10:52:11,613 [be8031e7-e5bc-4989-a875-174452875862@group-2606CC27D260:LeaderElection42] INFO  impl.LeaderElection (LeaderElection.java:askForVotes(182)) - be8031e7-e5bc-4989-a875-174452875862@group-2606CC27D260:LeaderElection42: begin an election at term 1 for -1: [be8031e7-e5bc-4989-a875-174452875862:192.168.30.13:42793], old=null
2019-09-26 10:52:11,613 [be8031e7-e5bc-4989-a875-174452875862@group-2606CC27D260:LeaderElection42] INFO  impl.RoleInfo (RoleInfo.java:shutdownLeaderElection(134)) - be8031e7-e5bc-4989-a875-174452875862: shutdown LeaderElection
2019-09-26 10:52:11,613 [Thread-423] INFO  impl.FollowerState (FollowerState.java:run(106)) - 474bca52-b9cd-4602-ad06-63718c1fead5:group-81B265E33DC2 changes to CANDIDATE, lastRpcTime:5002, electionTimeout:5002ms
2019-09-26 10:52:11,614 [be8031e7-e5bc-4989-a875-174452875862@group-2606CC27D260:LeaderElection42] INFO  impl.RaftServerImpl (RaftServerImpl.java:setRole(174)) - be8031e7-e5bc-4989-a875-174452875862@group-2606CC27D260: changes role from CANDIDATE to LEADER at term 1 for changeToLeader
2019-09-26 10:52:11,614 [Thread-423] INFO  impl.RoleInfo (RoleInfo.java:shutdownFollowerState(121)) - 474bca52-b9cd-4602-ad06-63718c1fead5: shutdown FollowerState
2019-09-26 10:52:11,614 [Thread-417] INFO  impl.FollowerState (FollowerState.java:run(106)) - c0d2ea87-aa22-42eb-bba4-0246f89d2958:group-6DE500C0FC5E changes to CANDIDATE, lastRpcTime:5092, electionTimeout:5092ms
2019-09-26 10:52:11,614 [be8031e7-e5bc-4989-a875-174452875862@group-2606CC27D260:LeaderElection42] INFO  impl.RaftServerImpl (ServerState.java:setLeader(253)) - be8031e7-e5bc-4989-a875-174452875862@group-2606CC27D260: change Leader from null to be8031e7-e5bc-4989-a875-174452875862 at term 1 for becomeLeader, leader elected after 5146ms
2019-09-26 10:52:11,614 [Thread-417] INFO  impl.RoleInfo (RoleInfo.java:shutdownFollowerState(121)) - c0d2ea87-aa22-42eb-bba4-0246f89d2958: shutdown FollowerState
2019-09-26 10:52:11,614 [Thread-417] INFO  impl.RaftServerImpl (RaftServerImpl.java:setRole(174)) - c0d2ea87-aa22-42eb-bba4-0246f89d2958@group-6DE500C0FC5E: changes role from  FOLLOWER to CANDIDATE at term 0 for changeToCandidate
2019-09-26 10:52:11,614 [Thread-423] INFO  impl.RaftServerImpl (RaftServerImpl.java:setRole(174)) - 474bca52-b9cd-4602-ad06-63718c1fead5@group-81B265E33DC2: changes role from  FOLLOWER to CANDIDATE at term 0 for changeToCandidate
2019-09-26 10:52:11,615 [Thread-417] INFO  impl.RoleInfo (RoleInfo.java:updateAndGet(143)) - c0d2ea87-aa22-42eb-bba4-0246f89d2958: start LeaderElection
2019-09-26 10:52:11,614 [be8031e7-e5bc-4989-a875-174452875862@group-2606CC27D260:LeaderElection42] INFO  server.RaftServerConfigKeys (ConfUtils.java:logGet(43)) - raft.server.staging.catchup.gap = 1000 (default)
2019-09-26 10:52:11,615 [Thread-423] INFO  impl.RoleInfo (RoleInfo.java:updateAndGet(143)) - 474bca52-b9cd-4602-ad06-63718c1fead5: start LeaderElection
2019-09-26 10:52:11,615 [be8031e7-e5bc-4989-a875-174452875862@group-2606CC27D260:LeaderElection42] INFO  server.RaftServerConfigKeys (ConfUtils.java:logGet(43)) - raft.server.rpc.sleep.time = 25ms (default)
2019-09-26 10:52:11,615 [be8031e7-e5bc-4989-a875-174452875862@group-2606CC27D260:LeaderElection42] INFO  server.RaftServerConfigKeys (ConfUtils.java:logGet(43)) - raft.server.write.element-limit = 4096 (default)
2019-09-26 10:52:11,615 [be8031e7-e5bc-4989-a875-174452875862@group-2606CC27D260:LeaderElection42] INFO  server.RaftServerConfigKeys (ConfUtils.java:logGet(43)) - raft.server.watch.timeout = 10s (default)
2019-09-26 10:52:11,616 [be8031e7-e5bc-4989-a875-174452875862@group-2606CC27D260:LeaderElection42] INFO  server.RaftServerConfigKeys (ConfUtils.java:logGet(43)) - raft.server.watch.timeout.denomination = 1s (default)
2019-09-26 10:52:11,616 [be8031e7-e5bc-4989-a875-174452875862@group-2606CC27D260:LeaderElection42] INFO  server.RaftServerConfigKeys (ConfUtils.java:logGet(43)) - raft.server.watch.element-limit = 65536 (default)
2019-09-26 10:52:11,618 [be8031e7-e5bc-4989-a875-174452875862@group-2606CC27D260:LeaderElection42] INFO  impl.RoleInfo (RoleInfo.java:updateAndGet(143)) - be8031e7-e5bc-4989-a875-174452875862: start LeaderState
2019-09-26 10:52:11,618 [be8031e7-e5bc-4989-a875-174452875862@group-2606CC27D260:LeaderElection42] INFO  segmented.SegmentedRaftLogWorker (SegmentedRaftLogWorker.java:startLogSegment(380)) - be8031e7-e5bc-4989-a875-174452875862@group-2606CC27D260-SegmentedRaftLogWorker: Starting segment from index:0
2019-09-26 10:52:11,619 [be8031e7-e5bc-4989-a875-174452875862@group-2606CC27D260:LeaderElection42] INFO  impl.RaftServerImpl (ServerState.java:setRaftConf(354)) - be8031e7-e5bc-4989-a875-174452875862@group-2606CC27D260: set configuration 0: [be8031e7-e5bc-4989-a875-174452875862:192.168.30.13:42793], old=null at 0
2019-09-26 10:52:11,626 [474bca52-b9cd-4602-ad06-63718c1fead5@group-81B265E33DC2:LeaderElection44] INFO  impl.LeaderElection (LeaderElection.java:askForVotes(182)) - 474bca52-b9cd-4602-ad06-63718c1fead5@group-81B265E33DC2:LeaderElection44: begin an election at term 1 for -1: [474bca52-b9cd-4602-ad06-63718c1fead5:192.168.30.13:39280], old=null
2019-09-26 10:52:11,626 [c0d2ea87-aa22-42eb-bba4-0246f89d2958@group-6DE500C0FC5E:LeaderElection43] INFO  impl.LeaderElection (LeaderElection.java:askForVotes(182)) - c0d2ea87-aa22-42eb-bba4-0246f89d2958@group-6DE500C0FC5E:LeaderElection43: begin an election at term 1 for -1: [c0d2ea87-aa22-42eb-bba4-0246f89d2958:192.168.30.13:46118], old=null
2019-09-26 10:52:11,627 [474bca52-b9cd-4602-ad06-63718c1fead5@group-81B265E33DC2:LeaderElection44] INFO  impl.RoleInfo (RoleInfo.java:shutdownLeaderElection(134)) - 474bca52-b9cd-4602-ad06-63718c1fead5: shutdown LeaderElection
2019-09-26 10:52:11,627 [c0d2ea87-aa22-42eb-bba4-0246f89d2958@group-6DE500C0FC5E:LeaderElection43] INFO  impl.RoleInfo (RoleInfo.java:shutdownLeaderElection(134)) - c0d2ea87-aa22-42eb-bba4-0246f89d2958: shutdown LeaderElection
2019-09-26 10:52:11,627 [474bca52-b9cd-4602-ad06-63718c1fead5@group-81B265E33DC2:LeaderElection44] INFO  impl.RaftServerImpl (RaftServerImpl.java:setRole(174)) - 474bca52-b9cd-4602-ad06-63718c1fead5@group-81B265E33DC2: changes role from CANDIDATE to LEADER at term 1 for changeToLeader
2019-09-26 10:52:11,627 [c0d2ea87-aa22-42eb-bba4-0246f89d2958@group-6DE500C0FC5E:LeaderElection43] INFO  impl.RaftServerImpl (RaftServerImpl.java:setRole(174)) - c0d2ea87-aa22-42eb-bba4-0246f89d2958@group-6DE500C0FC5E: changes role from CANDIDATE to LEADER at term 1 for changeToLeader
2019-09-26 10:52:11,627 [474bca52-b9cd-4602-ad06-63718c1fead5@group-81B265E33DC2:LeaderElection44] INFO  impl.RaftServerImpl (ServerState.java:setLeader(253)) - 474bca52-b9cd-4602-ad06-63718c1fead5@group-81B265E33DC2: change Leader from null to 474bca52-b9cd-4602-ad06-63718c1fead5 at term 1 for becomeLeader, leader elected after 5021ms
2019-09-26 10:52:11,627 [c0d2ea87-aa22-42eb-bba4-0246f89d2958@group-6DE500C0FC5E:LeaderElection43] INFO  impl.RaftServerImpl (ServerState.java:setLeader(253)) - c0d2ea87-aa22-42eb-bba4-0246f89d2958@group-6DE500C0FC5E: change Leader from null to c0d2ea87-aa22-42eb-bba4-0246f89d2958 at term 1 for becomeLeader, leader elected after 5112ms
2019-09-26 10:52:11,627 [474bca52-b9cd-4602-ad06-63718c1fead5@group-81B265E33DC2:LeaderElection44] INFO  server.RaftServerConfigKeys (ConfUtils.java:logGet(43)) - raft.server.staging.catchup.gap = 1000 (default)
2019-09-26 10:52:11,627 [c0d2ea87-aa22-42eb-bba4-0246f89d2958@group-6DE500C0FC5E:LeaderElection43] INFO  server.RaftServerConfigKeys (ConfUtils.java:logGet(43)) - raft.server.staging.catchup.gap = 1000 (default)
2019-09-26 10:52:11,627 [474bca52-b9cd-4602-ad06-63718c1fead5@group-81B265E33DC2:LeaderElection44] INFO  server.RaftServerConfigKeys (ConfUtils.java:logGet(43)) - raft.server.rpc.sleep.time = 25ms (default)
2019-09-26 10:52:11,628 [c0d2ea87-aa22-42eb-bba4-0246f89d2958@group-6DE500C0FC5E:LeaderElection43] INFO  server.RaftServerConfigKeys (ConfUtils.java:logGet(43)) - raft.server.rpc.sleep.time = 25ms (default)
2019-09-26 10:52:11,628 [474bca52-b9cd-4602-ad06-63718c1fead5@group-81B265E33DC2:LeaderElection44] INFO  server.RaftServerConfigKeys (ConfUtils.java:logGet(43)) - raft.server.write.element-limit = 4096 (default)
2019-09-26 10:52:11,628 [c0d2ea87-aa22-42eb-bba4-0246f89d2958@group-6DE500C0FC5E:LeaderElection43] INFO  server.RaftServerConfigKeys (ConfUtils.java:logGet(43)) - raft.server.write.element-limit = 4096 (default)
2019-09-26 10:52:11,628 [474bca52-b9cd-4602-ad06-63718c1fead5@group-81B265E33DC2:LeaderElection44] INFO  server.RaftServerConfigKeys (ConfUtils.java:logGet(43)) - raft.server.watch.timeout = 10s (default)
2019-09-26 10:52:11,628 [c0d2ea87-aa22-42eb-bba4-0246f89d2958@group-6DE500C0FC5E:LeaderElection43] INFO  server.RaftServerConfigKeys (ConfUtils.java:logGet(43)) - raft.server.watch.timeout = 10s (default)
2019-09-26 10:52:11,628 [474bca52-b9cd-4602-ad06-63718c1fead5@group-81B265E33DC2:LeaderElection44] INFO  server.RaftServerConfigKeys (ConfUtils.java:logGet(43)) - raft.server.watch.timeout.denomination = 1s (default)
2019-09-26 10:52:11,628 [c0d2ea87-aa22-42eb-bba4-0246f89d2958@group-6DE500C0FC5E:LeaderElection43] INFO  server.RaftServerConfigKeys (ConfUtils.java:logGet(43)) - raft.server.watch.timeout.denomination = 1s (default)
2019-09-26 10:52:11,628 [474bca52-b9cd-4602-ad06-63718c1fead5@group-81B265E33DC2:LeaderElection44] INFO  server.RaftServerConfigKeys (ConfUtils.java:logGet(43)) - raft.server.watch.element-limit = 65536 (default)
2019-09-26 10:52:11,629 [c0d2ea87-aa22-42eb-bba4-0246f89d2958@group-6DE500C0FC5E:LeaderElection43] INFO  server.RaftServerConfigKeys (ConfUtils.java:logGet(43)) - raft.server.watch.element-limit = 65536 (default)
2019-09-26 10:52:11,631 [474bca52-b9cd-4602-ad06-63718c1fead5@group-81B265E33DC2:LeaderElection44] INFO  impl.RoleInfo (RoleInfo.java:updateAndGet(143)) - 474bca52-b9cd-4602-ad06-63718c1fead5: start LeaderState
2019-09-26 10:52:11,631 [474bca52-b9cd-4602-ad06-63718c1fead5@group-81B265E33DC2:LeaderElection44] INFO  segmented.SegmentedRaftLogWorker (SegmentedRaftLogWorker.java:startLogSegment(380)) - 474bca52-b9cd-4602-ad06-63718c1fead5@group-81B265E33DC2-SegmentedRaftLogWorker: Starting segment from index:0
2019-09-26 10:52:11,631 [c0d2ea87-aa22-42eb-bba4-0246f89d2958@group-6DE500C0FC5E:LeaderElection43] INFO  impl.RoleInfo (RoleInfo.java:updateAndGet(143)) - c0d2ea87-aa22-42eb-bba4-0246f89d2958: start LeaderState
2019-09-26 10:52:11,632 [474bca52-b9cd-4602-ad06-63718c1fead5@group-81B265E33DC2:LeaderElection44] INFO  impl.RaftServerImpl (ServerState.java:setRaftConf(354)) - 474bca52-b9cd-4602-ad06-63718c1fead5@group-81B265E33DC2: set configuration 0: [474bca52-b9cd-4602-ad06-63718c1fead5:192.168.30.13:39280], old=null at 0
2019-09-26 10:52:11,632 [c0d2ea87-aa22-42eb-bba4-0246f89d2958@group-6DE500C0FC5E:LeaderElection43] INFO  segmented.SegmentedRaftLogWorker (SegmentedRaftLogWorker.java:startLogSegment(380)) - c0d2ea87-aa22-42eb-bba4-0246f89d2958@group-6DE500C0FC5E-SegmentedRaftLogWorker: Starting segment from index:0
2019-09-26 10:52:11,632 [Thread-420] INFO  impl.FollowerState (FollowerState.java:run(106)) - 474bca52-b9cd-4602-ad06-63718c1fead5:group-B8899513A954 changes to CANDIDATE, lastRpcTime:5064, electionTimeout:5064ms
2019-09-26 10:52:11,632 [Thread-420] INFO  impl.RoleInfo (RoleInfo.java:shutdownFollowerState(121)) - 474bca52-b9cd-4602-ad06-63718c1fead5: shutdown FollowerState
2019-09-26 10:52:11,632 [c0d2ea87-aa22-42eb-bba4-0246f89d2958@group-6DE500C0FC5E:LeaderElection43] INFO  impl.RaftServerImpl (ServerState.java:setRaftConf(354)) - c0d2ea87-aa22-42eb-bba4-0246f89d2958@group-6DE500C0FC5E: set configuration 0: [c0d2ea87-aa22-42eb-bba4-0246f89d2958:192.168.30.13:46118], old=null at 0
2019-09-26 10:52:11,632 [Thread-420] INFO  impl.RaftServerImpl (RaftServerImpl.java:setRole(174)) - 474bca52-b9cd-4602-ad06-63718c1fead5@group-B8899513A954: changes role from  FOLLOWER to CANDIDATE at term 0 for changeToCandidate
2019-09-26 10:52:11,633 [Thread-420] INFO  impl.RoleInfo (RoleInfo.java:updateAndGet(143)) - 474bca52-b9cd-4602-ad06-63718c1fead5: start LeaderElection
2019-09-26 10:52:11,646 [474bca52-b9cd-4602-ad06-63718c1fead5@group-B8899513A954:LeaderElection45] INFO  impl.LeaderElection (LeaderElection.java:askForVotes(182)) - 474bca52-b9cd-4602-ad06-63718c1fead5@group-B8899513A954:LeaderElection45: begin an election at term 1 for -1: [474bca52-b9cd-4602-ad06-63718c1fead5:192.168.30.13:39280], old=null
2019-09-26 10:52:11,646 [474bca52-b9cd-4602-ad06-63718c1fead5@group-B8899513A954:LeaderElection45] INFO  impl.RoleInfo (RoleInfo.java:shutdownLeaderElection(134)) - 474bca52-b9cd-4602-ad06-63718c1fead5: shutdown LeaderElection
2019-09-26 10:52:11,646 [474bca52-b9cd-4602-ad06-63718c1fead5@group-B8899513A954:LeaderElection45] INFO  impl.RaftServerImpl (RaftServerImpl.java:setRole(174)) - 474bca52-b9cd-4602-ad06-63718c1fead5@group-B8899513A954: changes role from CANDIDATE to LEADER at term 1 for changeToLeader
2019-09-26 10:52:11,647 [474bca52-b9cd-4602-ad06-63718c1fead5@group-B8899513A954:LeaderElection45] INFO  impl.RaftServerImpl (ServerState.java:setLeader(253)) - 474bca52-b9cd-4602-ad06-63718c1fead5@group-B8899513A954: change Leader from null to 474bca52-b9cd-4602-ad06-63718c1fead5 at term 1 for becomeLeader, leader elected after 5085ms
2019-09-26 10:52:11,647 [474bca52-b9cd-4602-ad06-63718c1fead5@group-B8899513A954:LeaderElection45] INFO  server.RaftServerConfigKeys (ConfUtils.java:logGet(43)) - raft.server.staging.catchup.gap = 1000 (default)
2019-09-26 10:52:11,647 [474bca52-b9cd-4602-ad06-63718c1fead5@group-B8899513A954:LeaderElection45] INFO  server.RaftServerConfigKeys (ConfUtils.java:logGet(43)) - raft.server.rpc.sleep.time = 25ms (default)
2019-09-26 10:52:11,647 [474bca52-b9cd-4602-ad06-63718c1fead5@group-B8899513A954:LeaderElection45] INFO  server.RaftServerConfigKeys (ConfUtils.java:logGet(43)) - raft.server.write.element-limit = 4096 (default)
2019-09-26 10:52:11,647 [474bca52-b9cd-4602-ad06-63718c1fead5@group-B8899513A954:LeaderElection45] INFO  server.RaftServerConfigKeys (ConfUtils.java:logGet(43)) - raft.server.watch.timeout = 10s (default)
2019-09-26 10:52:11,647 [474bca52-b9cd-4602-ad06-63718c1fead5@group-B8899513A954:LeaderElection45] INFO  server.RaftServerConfigKeys (ConfUtils.java:logGet(43)) - raft.server.watch.timeout.denomination = 1s (default)
2019-09-26 10:52:11,647 [474bca52-b9cd-4602-ad06-63718c1fead5@group-B8899513A954:LeaderElection45] INFO  server.RaftServerConfigKeys (ConfUtils.java:logGet(43)) - raft.server.watch.element-limit = 65536 (default)
2019-09-26 10:52:11,650 [474bca52-b9cd-4602-ad06-63718c1fead5@group-B8899513A954:LeaderElection45] INFO  impl.RoleInfo (RoleInfo.java:updateAndGet(143)) - 474bca52-b9cd-4602-ad06-63718c1fead5: start LeaderState
2019-09-26 10:52:11,650 [474bca52-b9cd-4602-ad06-63718c1fead5@group-B8899513A954:LeaderElection45] INFO  segmented.SegmentedRaftLogWorker (SegmentedRaftLogWorker.java:startLogSegment(380)) - 474bca52-b9cd-4602-ad06-63718c1fead5@group-B8899513A954-SegmentedRaftLogWorker: Starting segment from index:0
2019-09-26 10:52:11,651 [474bca52-b9cd-4602-ad06-63718c1fead5@group-B8899513A954:LeaderElection45] INFO  impl.RaftServerImpl (ServerState.java:setRaftConf(354)) - 474bca52-b9cd-4602-ad06-63718c1fead5@group-B8899513A954: set configuration 0: [474bca52-b9cd-4602-ad06-63718c1fead5:192.168.30.13:39280], old=null at 0
2019-09-26 10:52:11,674 [be8031e7-e5bc-4989-a875-174452875862@group-2606CC27D260-SegmentedRaftLogWorker] INFO  segmented.SegmentedRaftLogWorker (SegmentedRaftLogWorker.java:execute(569)) - be8031e7-e5bc-4989-a875-174452875862@group-2606CC27D260-SegmentedRaftLogWorker: created new log segment /workdir/hadoop-ozone/ozonefs/target/test-dir/MiniOzoneClusterImpl-b00a5744-6e73-4fa1-a928-c24f0d5ffca4/datanode-7/data/ratis/8e6c0cd8-0abf-4e64-94a7-2606cc27d260/current/log_inprogress_0
2019-09-26 10:52:11,674 [c0d2ea87-aa22-42eb-bba4-0246f89d2958@group-6DE500C0FC5E-SegmentedRaftLogWorker] INFO  segmented.SegmentedRaftLogWorker (SegmentedRaftLogWorker.java:execute(569)) - c0d2ea87-aa22-42eb-bba4-0246f89d2958@group-6DE500C0FC5E-SegmentedRaftLogWorker: created new log segment /workdir/hadoop-ozone/ozonefs/target/test-dir/MiniOzoneClusterImpl-b00a5744-6e73-4fa1-a928-c24f0d5ffca4/datanode-4/data/ratis/239e0b37-65e5-47b3-a587-6de500c0fc5e/current/log_inprogress_0
2019-09-26 10:52:11,676 [474bca52-b9cd-4602-ad06-63718c1fead5@group-81B265E33DC2-SegmentedRaftLogWorker] INFO  segmented.SegmentedRaftLogWorker (SegmentedRaftLogWorker.java:execute(569)) - 474bca52-b9cd-4602-ad06-63718c1fead5@group-81B265E33DC2-SegmentedRaftLogWorker: created new log segment /workdir/hadoop-ozone/ozonefs/target/test-dir/MiniOzoneClusterImpl-b00a5744-6e73-4fa1-a928-c24f0d5ffca4/datanode-2/data/ratis/0a4f4d3b-180b-4daa-bc2d-81b265e33dc2/current/log_inprogress_0
2019-09-26 10:52:11,691 [474bca52-b9cd-4602-ad06-63718c1fead5@group-B8899513A954-SegmentedRaftLogWorker] INFO  segmented.SegmentedRaftLogWorker (SegmentedRaftLogWorker.java:execute(569)) - 474bca52-b9cd-4602-ad06-63718c1fead5@group-B8899513A954-SegmentedRaftLogWorker: created new log segment /workdir/hadoop-ozone/ozonefs/target/test-dir/MiniOzoneClusterImpl-b00a5744-6e73-4fa1-a928-c24f0d5ffca4/datanode-2/data/ratis/0e308e5c-88e5-4041-8309-b8899513a954/current/log_inprogress_0
2019-09-26 10:52:11,699 [Thread-426] INFO  impl.FollowerState (FollowerState.java:run(106)) - be8031e7-e5bc-4989-a875-174452875862:group-18E581FB8468 changes to CANDIDATE, lastRpcTime:5047, electionTimeout:5047ms
2019-09-26 10:52:11,700 [Thread-426] INFO  impl.RoleInfo (RoleInfo.java:shutdownFollowerState(121)) - be8031e7-e5bc-4989-a875-174452875862: shutdown FollowerState
2019-09-26 10:52:11,700 [Thread-426] INFO  impl.RaftServerImpl (RaftServerImpl.java:setRole(174)) - be8031e7-e5bc-4989-a875-174452875862@group-18E581FB8468: changes role from  FOLLOWER to CANDIDATE at term 0 for changeToCandidate
2019-09-26 10:52:11,700 [Thread-426] INFO  impl.RoleInfo (RoleInfo.java:updateAndGet(143)) - be8031e7-e5bc-4989-a875-174452875862: start LeaderElection
2019-09-26 10:52:11,713 [be8031e7-e5bc-4989-a875-174452875862@group-18E581FB8468:LeaderElection46] INFO  impl.LeaderElection (LeaderElection.java:askForVotes(182)) - be8031e7-e5bc-4989-a875-174452875862@group-18E581FB8468:LeaderElection46: begin an election at term 1 for -1: [be8031e7-e5bc-4989-a875-174452875862:192.168.30.13:42793], old=null
2019-09-26 10:52:11,713 [be8031e7-e5bc-4989-a875-174452875862@group-18E581FB8468:LeaderElection46] INFO  impl.RoleInfo (RoleInfo.java:shutdownLeaderElection(134)) - be8031e7-e5bc-4989-a875-174452875862: shutdown LeaderElection
2019-09-26 10:52:11,714 [be8031e7-e5bc-4989-a875-174452875862@group-18E581FB8468:LeaderElection46] INFO  impl.RaftServerImpl (RaftServerImpl.java:setRole(174)) - be8031e7-e5bc-4989-a875-174452875862@group-18E581FB8468: changes role from CANDIDATE to LEADER at term 1 for changeToLeader
2019-09-26 10:52:11,714 [be8031e7-e5bc-4989-a875-174452875862@group-18E581FB8468:LeaderElection46] INFO  impl.RaftServerImpl (ServerState.java:setLeader(253)) - be8031e7-e5bc-4989-a875-174452875862@group-18E581FB8468: change Leader from null to be8031e7-e5bc-4989-a875-174452875862 at term 1 for becomeLeader, leader elected after 5066ms
2019-09-26 10:52:11,714 [be8031e7-e5bc-4989-a875-174452875862@group-18E581FB8468:LeaderElection46] INFO  server.RaftServerConfigKeys (ConfUtils.java:logGet(43)) - raft.server.staging.catchup.gap = 1000 (default)
2019-09-26 10:52:11,714 [be8031e7-e5bc-4989-a875-174452875862@group-18E581FB8468:LeaderElection46] INFO  server.RaftServerConfigKeys (ConfUtils.java:logGet(43)) - raft.server.rpc.sleep.time = 25ms (default)
2019-09-26 10:52:11,714 [be8031e7-e5bc-4989-a875-174452875862@group-18E581FB8468:LeaderElection46] INFO  server.RaftServerConfigKeys (ConfUtils.java:logGet(43)) - raft.server.write.element-limit = 4096 (default)
2019-09-26 10:52:11,714 [be8031e7-e5bc-4989-a875-174452875862@group-18E581FB8468:LeaderElection46] INFO  server.RaftServerConfigKeys (ConfUtils.java:logGet(43)) - raft.server.watch.timeout = 10s (default)
2019-09-26 10:52:11,714 [be8031e7-e5bc-4989-a875-174452875862@group-18E581FB8468:LeaderElection46] INFO  server.RaftServerConfigKeys (ConfUtils.java:logGet(43)) - raft.server.watch.timeout.denomination = 1s (default)
2019-09-26 10:52:11,715 [be8031e7-e5bc-4989-a875-174452875862@group-18E581FB8468:LeaderElection46] INFO  server.RaftServerConfigKeys (ConfUtils.java:logGet(43)) - raft.server.watch.element-limit = 65536 (default)
2019-09-26 10:52:11,717 [be8031e7-e5bc-4989-a875-174452875862@group-18E581FB8468:LeaderElection46] INFO  impl.RoleInfo (RoleInfo.java:updateAndGet(143)) - be8031e7-e5bc-4989-a875-174452875862: start LeaderState
2019-09-26 10:52:11,717 [be8031e7-e5bc-4989-a875-174452875862@group-18E581FB8468:LeaderElection46] INFO  segmented.SegmentedRaftLogWorker (SegmentedRaftLogWorker.java:startLogSegment(380)) - be8031e7-e5bc-4989-a875-174452875862@group-18E581FB8468-SegmentedRaftLogWorker: Starting segment from index:0
2019-09-26 10:52:11,717 [be8031e7-e5bc-4989-a875-174452875862@group-18E581FB8468:LeaderElection46] INFO  impl.RaftServerImpl (ServerState.java:setRaftConf(354)) - be8031e7-e5bc-4989-a875-174452875862@group-18E581FB8468: set configuration 0: [be8031e7-e5bc-4989-a875-174452875862:192.168.30.13:42793], old=null at 0
2019-09-26 10:52:11,764 [be8031e7-e5bc-4989-a875-174452875862@group-18E581FB8468-SegmentedRaftLogWorker] INFO  segmented.SegmentedRaftLogWorker (SegmentedRaftLogWorker.java:execute(569)) - be8031e7-e5bc-4989-a875-174452875862@group-18E581FB8468-SegmentedRaftLogWorker: created new log segment /workdir/hadoop-ozone/ozonefs/target/test-dir/MiniOzoneClusterImpl-b00a5744-6e73-4fa1-a928-c24f0d5ffca4/datanode-7/data/ratis/602f14b5-3fe4-49cd-bde0-18e581fb8468/current/log_inprogress_0
2019-09-26 10:52:11,790 [Thread-435] INFO  impl.FollowerState (FollowerState.java:run(106)) - 557f9f1f-13f1-4e9a-b9bb-f7fbe560edab:group-4BBCFE22D06D changes to CANDIDATE, lastRpcTime:5020, electionTimeout:5020ms
2019-09-26 10:52:11,790 [Thread-435] INFO  impl.RoleInfo (RoleInfo.java:shutdownFollowerState(121)) - 557f9f1f-13f1-4e9a-b9bb-f7fbe560edab: shutdown FollowerState
2019-09-26 10:52:11,790 [Thread-435] INFO  impl.RaftServerImpl (RaftServerImpl.java:setRole(174)) - 557f9f1f-13f1-4e9a-b9bb-f7fbe560edab@group-4BBCFE22D06D: changes role from  FOLLOWER to CANDIDATE at term 0 for changeToCandidate
2019-09-26 10:52:11,791 [Thread-435] INFO  impl.RoleInfo (RoleInfo.java:updateAndGet(143)) - 557f9f1f-13f1-4e9a-b9bb-f7fbe560edab: start LeaderElection
2019-09-26 10:52:11,796 [Thread-429] INFO  impl.FollowerState (FollowerState.java:run(106)) - be8031e7-e5bc-4989-a875-174452875862:group-F77A4408916B changes to CANDIDATE, lastRpcTime:5108, electionTimeout:5108ms
2019-09-26 10:52:11,796 [Thread-429] INFO  impl.RoleInfo (RoleInfo.java:shutdownFollowerState(121)) - be8031e7-e5bc-4989-a875-174452875862: shutdown FollowerState
2019-09-26 10:52:11,796 [Thread-429] INFO  impl.RaftServerImpl (RaftServerImpl.java:setRole(174)) - be8031e7-e5bc-4989-a875-174452875862@group-F77A4408916B: changes role from  FOLLOWER to CANDIDATE at term 0 for changeToCandidate
2019-09-26 10:52:11,796 [Thread-429] INFO  impl.RoleInfo (RoleInfo.java:updateAndGet(143)) - be8031e7-e5bc-4989-a875-174452875862: start LeaderElection
2019-09-26 10:52:11,801 [557f9f1f-13f1-4e9a-b9bb-f7fbe560edab@group-4BBCFE22D06D:LeaderElection47] INFO  impl.LeaderElection (LeaderElection.java:askForVotes(182)) - 557f9f1f-13f1-4e9a-b9bb-f7fbe560edab@group-4BBCFE22D06D:LeaderElection47: begin an election at term 1 for -1: [557f9f1f-13f1-4e9a-b9bb-f7fbe560edab:192.168.30.13:38394], old=null
2019-09-26 10:52:11,801 [be8031e7-e5bc-4989-a875-174452875862@group-F77A4408916B:LeaderElection48] INFO  impl.LeaderElection (LeaderElection.java:askForVotes(182)) - be8031e7-e5bc-4989-a875-174452875862@group-F77A4408916B:LeaderElection48: begin an election at term 1 for -1: [be8031e7-e5bc-4989-a875-174452875862:192.168.30.13:42793], old=null
2019-09-26 10:52:11,801 [557f9f1f-13f1-4e9a-b9bb-f7fbe560edab@group-4BBCFE22D06D:LeaderElection47] INFO  impl.RoleInfo (RoleInfo.java:shutdownLeaderElection(134)) - 557f9f1f-13f1-4e9a-b9bb-f7fbe560edab: shutdown LeaderElection
2019-09-26 10:52:11,801 [be8031e7-e5bc-4989-a875-174452875862@group-F77A4408916B:LeaderElection48] INFO  impl.RoleInfo (RoleInfo.java:shutdownLeaderElection(134)) - be8031e7-e5bc-4989-a875-174452875862: shutdown LeaderElection
2019-09-26 10:52:11,801 [557f9f1f-13f1-4e9a-b9bb-f7fbe560edab@group-4BBCFE22D06D:LeaderElection47] INFO  impl.RaftServerImpl (RaftServerImpl.java:setRole(174)) - 557f9f1f-13f1-4e9a-b9bb-f7fbe560edab@group-4BBCFE22D06D: changes role from CANDIDATE to LEADER at term 1 for changeToLeader
2019-09-26 10:52:11,802 [be8031e7-e5bc-4989-a875-174452875862@group-F77A4408916B:LeaderElection48] INFO  impl.RaftServerImpl (RaftServerImpl.java:setRole(174)) - be8031e7-e5bc-4989-a875-174452875862@group-F77A4408916B: changes role from CANDIDATE to LEADER at term 1 for changeToLeader
2019-09-26 10:52:11,802 [557f9f1f-13f1-4e9a-b9bb-f7fbe560edab@group-4BBCFE22D06D:LeaderElection47] INFO  impl.RaftServerImpl (ServerState.java:setLeader(253)) - 557f9f1f-13f1-4e9a-b9bb-f7fbe560edab@group-4BBCFE22D06D: change Leader from null to 557f9f1f-13f1-4e9a-b9bb-f7fbe560edab at term 1 for becomeLeader, leader elected after 5036ms
2019-09-26 10:52:11,802 [be8031e7-e5bc-4989-a875-174452875862@group-F77A4408916B:LeaderElection48] INFO  impl.RaftServerImpl (ServerState.java:setLeader(253)) - be8031e7-e5bc-4989-a875-174452875862@group-F77A4408916B: change Leader from null to be8031e7-e5bc-4989-a875-174452875862 at term 1 for becomeLeader, leader elected after 5118ms
2019-09-26 10:52:11,802 [557f9f1f-13f1-4e9a-b9bb-f7fbe560edab@group-4BBCFE22D06D:LeaderElection47] INFO  server.RaftServerConfigKeys (ConfUtils.java:logGet(43)) - raft.server.staging.catchup.gap = 1000 (default)
2019-09-26 10:52:11,802 [be8031e7-e5bc-4989-a875-174452875862@group-F77A4408916B:LeaderElection48] INFO  server.RaftServerConfigKeys (ConfUtils.java:logGet(43)) - raft.server.staging.catchup.gap = 1000 (default)
2019-09-26 10:52:11,802 [557f9f1f-13f1-4e9a-b9bb-f7fbe560edab@group-4BBCFE22D06D:LeaderElection47] INFO  server.RaftServerConfigKeys (ConfUtils.java:logGet(43)) - raft.server.rpc.sleep.time = 25ms (default)
2019-09-26 10:52:11,803 [be8031e7-e5bc-4989-a875-174452875862@group-F77A4408916B:LeaderElection48] INFO  server.RaftServerConfigKeys (ConfUtils.java:logGet(43)) - raft.server.rpc.sleep.time = 25ms (default)
2019-09-26 10:52:11,803 [557f9f1f-13f1-4e9a-b9bb-f7fbe560edab@group-4BBCFE22D06D:LeaderElection47] INFO  server.RaftServerConfigKeys (ConfUtils.java:logGet(43)) - raft.server.write.element-limit = 4096 (default)
2019-09-26 10:52:11,803 [be8031e7-e5bc-4989-a875-174452875862@group-F77A4408916B:LeaderElection48] INFO  server.RaftServerConfigKeys (ConfUtils.java:logGet(43)) - raft.server.write.element-limit = 4096 (default)
2019-09-26 10:52:11,803 [557f9f1f-13f1-4e9a-b9bb-f7fbe560edab@group-4BBCFE22D06D:LeaderElection47] INFO  server.RaftServerConfigKeys (ConfUtils.java:logGet(43)) - raft.server.watch.timeout = 10s (default)
2019-09-26 10:52:11,803 [be8031e7-e5bc-4989-a875-174452875862@group-F77A4408916B:LeaderElection48] INFO  server.RaftServerConfigKeys (ConfUtils.java:logGet(43)) - raft.server.watch.timeout = 10s (default)
2019-09-26 10:52:11,803 [557f9f1f-13f1-4e9a-b9bb-f7fbe560edab@group-4BBCFE22D06D:LeaderElection47] INFO  server.RaftServerConfigKeys (ConfUtils.java:logGet(43)) - raft.server.watch.timeout.denomination = 1s (default)
2019-09-26 10:52:11,803 [be8031e7-e5bc-4989-a875-174452875862@group-F77A4408916B:LeaderElection48] INFO  server.RaftServerConfigKeys (ConfUtils.java:logGet(43)) - raft.server.watch.timeout.denomination = 1s (default)
2019-09-26 10:52:11,804 [557f9f1f-13f1-4e9a-b9bb-f7fbe560edab@group-4BBCFE22D06D:LeaderElection47] INFO  server.RaftServerConfigKeys (ConfUtils.java:logGet(43)) - raft.server.watch.element-limit = 65536 (default)
2019-09-26 10:52:11,804 [be8031e7-e5bc-4989-a875-174452875862@group-F77A4408916B:LeaderElection48] INFO  server.RaftServerConfigKeys (ConfUtils.java:logGet(43)) - raft.server.watch.element-limit = 65536 (default)
2019-09-26 10:52:11,807 [557f9f1f-13f1-4e9a-b9bb-f7fbe560edab@group-4BBCFE22D06D:LeaderElection47] INFO  impl.RoleInfo (RoleInfo.java:updateAndGet(143)) - 557f9f1f-13f1-4e9a-b9bb-f7fbe560edab: start LeaderState
2019-09-26 10:52:11,808 [557f9f1f-13f1-4e9a-b9bb-f7fbe560edab@group-4BBCFE22D06D:LeaderElection47] INFO  segmented.SegmentedRaftLogWorker (SegmentedRaftLogWorker.java:startLogSegment(380)) - 557f9f1f-13f1-4e9a-b9bb-f7fbe560edab@group-4BBCFE22D06D-SegmentedRaftLogWorker: Starting segment from index:0
2019-09-26 10:52:11,808 [be8031e7-e5bc-4989-a875-174452875862@group-F77A4408916B:LeaderElection48] INFO  impl.RoleInfo (RoleInfo.java:updateAndGet(143)) - be8031e7-e5bc-4989-a875-174452875862: start LeaderState
2019-09-26 10:52:11,808 [be8031e7-e5bc-4989-a875-174452875862@group-F77A4408916B:LeaderElection48] INFO  segmented.SegmentedRaftLogWorker (SegmentedRaftLogWorker.java:startLogSegment(380)) - be8031e7-e5bc-4989-a875-174452875862@group-F77A4408916B-SegmentedRaftLogWorker: Starting segment from index:0
2019-09-26 10:52:11,808 [557f9f1f-13f1-4e9a-b9bb-f7fbe560edab@group-4BBCFE22D06D:LeaderElection47] INFO  impl.RaftServerImpl (ServerState.java:setRaftConf(354)) - 557f9f1f-13f1-4e9a-b9bb-f7fbe560edab@group-4BBCFE22D06D: set configuration 0: [557f9f1f-13f1-4e9a-b9bb-f7fbe560edab:192.168.30.13:38394], old=null at 0
2019-09-26 10:52:11,809 [be8031e7-e5bc-4989-a875-174452875862@group-F77A4408916B:LeaderElection48] INFO  impl.RaftServerImpl (ServerState.java:setRaftConf(354)) - be8031e7-e5bc-4989-a875-174452875862@group-F77A4408916B: set configuration 0: [be8031e7-e5bc-4989-a875-174452875862:192.168.30.13:42793], old=null at 0
2019-09-26 10:52:11,851 [Thread-432] INFO  impl.FollowerState (FollowerState.java:run(106)) - 557f9f1f-13f1-4e9a-b9bb-f7fbe560edab:group-9DFECB84D1F0 changes to CANDIDATE, lastRpcTime:5121, electionTimeout:5121ms
2019-09-26 10:52:11,851 [Thread-432] INFO  impl.RoleInfo (RoleInfo.java:shutdownFollowerState(121)) - 557f9f1f-13f1-4e9a-b9bb-f7fbe560edab: shutdown FollowerState
2019-09-26 10:52:11,851 [Thread-432] INFO  impl.RaftServerImpl (RaftServerImpl.java:setRole(174)) - 557f9f1f-13f1-4e9a-b9bb-f7fbe560edab@group-9DFECB84D1F0: changes role from  FOLLOWER to CANDIDATE at term 0 for changeToCandidate
2019-09-26 10:52:11,851 [Thread-432] INFO  impl.RoleInfo (RoleInfo.java:updateAndGet(143)) - 557f9f1f-13f1-4e9a-b9bb-f7fbe560edab: start LeaderElection
2019-09-26 10:52:11,852 [be8031e7-e5bc-4989-a875-174452875862@group-F77A4408916B-SegmentedRaftLogWorker] INFO  segmented.SegmentedRaftLogWorker (SegmentedRaftLogWorker.java:execute(569)) - be8031e7-e5bc-4989-a875-174452875862@group-F77A4408916B-SegmentedRaftLogWorker: created new log segment /workdir/hadoop-ozone/ozonefs/target/test-dir/MiniOzoneClusterImpl-b00a5744-6e73-4fa1-a928-c24f0d5ffca4/datanode-7/data/ratis/b67655d3-c805-4d7c-838c-f77a4408916b/current/log_inprogress_0
2019-09-26 10:52:11,852 [557f9f1f-13f1-4e9a-b9bb-f7fbe560edab@group-4BBCFE22D06D-SegmentedRaftLogWorker] INFO  segmented.SegmentedRaftLogWorker (SegmentedRaftLogWorker.java:execute(569)) - 557f9f1f-13f1-4e9a-b9bb-f7fbe560edab@group-4BBCFE22D06D-SegmentedRaftLogWorker: created new log segment /workdir/hadoop-ozone/ozonefs/target/test-dir/MiniOzoneClusterImpl-b00a5744-6e73-4fa1-a928-c24f0d5ffca4/datanode-8/data/ratis/a8082353-6123-473b-b2f6-4bbcfe22d06d/current/log_inprogress_0
2019-09-26 10:52:11,855 [557f9f1f-13f1-4e9a-b9bb-f7fbe560edab@group-9DFECB84D1F0:LeaderElection49] INFO  impl.LeaderElection (LeaderElection.java:askForVotes(182)) - 557f9f1f-13f1-4e9a-b9bb-f7fbe560edab@group-9DFECB84D1F0:LeaderElection49: begin an election at term 1 for -1: [557f9f1f-13f1-4e9a-b9bb-f7fbe560edab:192.168.30.13:38394], old=null
2019-09-26 10:52:11,855 [557f9f1f-13f1-4e9a-b9bb-f7fbe560edab@group-9DFECB84D1F0:LeaderElection49] INFO  impl.RoleInfo (RoleInfo.java:shutdownLeaderElection(134)) - 557f9f1f-13f1-4e9a-b9bb-f7fbe560edab: shutdown LeaderElection
2019-09-26 10:52:11,855 [557f9f1f-13f1-4e9a-b9bb-f7fbe560edab@group-9DFECB84D1F0:LeaderElection49] INFO  impl.RaftServerImpl (RaftServerImpl.java:setRole(174)) - 557f9f1f-13f1-4e9a-b9bb-f7fbe560edab@group-9DFECB84D1F0: changes role from CANDIDATE to LEADER at term 1 for changeToLeader
2019-09-26 10:52:11,856 [557f9f1f-13f1-4e9a-b9bb-f7fbe560edab@group-9DFECB84D1F0:LeaderElection49] INFO  impl.RaftServerImpl (ServerState.java:setLeader(253)) - 557f9f1f-13f1-4e9a-b9bb-f7fbe560edab@group-9DFECB84D1F0: change Leader from null to 557f9f1f-13f1-4e9a-b9bb-f7fbe560edab at term 1 for becomeLeader, leader elected after 5130ms
2019-09-26 10:52:11,856 [557f9f1f-13f1-4e9a-b9bb-f7fbe560edab@group-9DFECB84D1F0:LeaderElection49] INFO  server.RaftServerConfigKeys (ConfUtils.java:logGet(43)) - raft.server.staging.catchup.gap = 1000 (default)
2019-09-26 10:52:11,856 [557f9f1f-13f1-4e9a-b9bb-f7fbe560edab@group-9DFECB84D1F0:LeaderElection49] INFO  server.RaftServerConfigKeys (ConfUtils.java:logGet(43)) - raft.server.rpc.sleep.time = 25ms (default)
2019-09-26 10:52:11,856 [557f9f1f-13f1-4e9a-b9bb-f7fbe560edab@group-9DFECB84D1F0:LeaderElection49] INFO  server.RaftServerConfigKeys (ConfUtils.java:logGet(43)) - raft.server.write.element-limit = 4096 (default)
2019-09-26 10:52:11,856 [557f9f1f-13f1-4e9a-b9bb-f7fbe560edab@group-9DFECB84D1F0:LeaderElection49] INFO  server.RaftServerConfigKeys (ConfUtils.java:logGet(43)) - raft.server.watch.timeout = 10s (default)
2019-09-26 10:52:11,857 [557f9f1f-13f1-4e9a-b9bb-f7fbe560edab@group-9DFECB84D1F0:LeaderElection49] INFO  server.RaftServerConfigKeys (ConfUtils.java:logGet(43)) - raft.server.watch.timeout.denomination = 1s (default)
2019-09-26 10:52:11,857 [557f9f1f-13f1-4e9a-b9bb-f7fbe560edab@group-9DFECB84D1F0:LeaderElection49] INFO  server.RaftServerConfigKeys (ConfUtils.java:logGet(43)) - raft.server.watch.element-limit = 65536 (default)
2019-09-26 10:52:11,859 [557f9f1f-13f1-4e9a-b9bb-f7fbe560edab@group-9DFECB84D1F0:LeaderElection49] INFO  impl.RoleInfo (RoleInfo.java:updateAndGet(143)) - 557f9f1f-13f1-4e9a-b9bb-f7fbe560edab: start LeaderState
2019-09-26 10:52:11,859 [557f9f1f-13f1-4e9a-b9bb-f7fbe560edab@group-9DFECB84D1F0:LeaderElection49] INFO  segmented.SegmentedRaftLogWorker (SegmentedRaftLogWorker.java:startLogSegment(380)) - 557f9f1f-13f1-4e9a-b9bb-f7fbe560edab@group-9DFECB84D1F0-SegmentedRaftLogWorker: Starting segment from index:0
2019-09-26 10:52:11,860 [557f9f1f-13f1-4e9a-b9bb-f7fbe560edab@group-9DFECB84D1F0:LeaderElection49] INFO  impl.RaftServerImpl (ServerState.java:setRaftConf(354)) - 557f9f1f-13f1-4e9a-b9bb-f7fbe560edab@group-9DFECB84D1F0: set configuration 0: [557f9f1f-13f1-4e9a-b9bb-f7fbe560edab:192.168.30.13:38394], old=null at 0
2019-09-26 10:52:11,902 [557f9f1f-13f1-4e9a-b9bb-f7fbe560edab@group-9DFECB84D1F0-SegmentedRaftLogWorker] INFO  segmented.SegmentedRaftLogWorker (SegmentedRaftLogWorker.java:execute(569)) - 557f9f1f-13f1-4e9a-b9bb-f7fbe560edab@group-9DFECB84D1F0-SegmentedRaftLogWorker: created new log segment /workdir/hadoop-ozone/ozonefs/target/test-dir/MiniOzoneClusterImpl-b00a5744-6e73-4fa1-a928-c24f0d5ffca4/datanode-8/data/ratis/85a0a59a-1dc5-4ddb-83dc-9dfecb84d1f0/current/log_inprogress_0
2019-09-26 10:52:11,947 [Thread-441] INFO  impl.FollowerState (FollowerState.java:run(106)) - 87e84624-1b40-4389-b682-d98fe76436d1:group-7B55C082E555 changes to CANDIDATE, lastRpcTime:5093, electionTimeout:5093ms
2019-09-26 10:52:11,947 [Thread-441] INFO  impl.RoleInfo (RoleInfo.java:shutdownFollowerState(121)) - 87e84624-1b40-4389-b682-d98fe76436d1: shutdown FollowerState
2019-09-26 10:52:11,947 [Thread-441] INFO  impl.RaftServerImpl (RaftServerImpl.java:setRole(174)) - 87e84624-1b40-4389-b682-d98fe76436d1@group-7B55C082E555: changes role from  FOLLOWER to CANDIDATE at term 0 for changeToCandidate
2019-09-26 10:52:11,947 [Thread-441] INFO  impl.RoleInfo (RoleInfo.java:updateAndGet(143)) - 87e84624-1b40-4389-b682-d98fe76436d1: start LeaderElection
2019-09-26 10:52:11,961 [87e84624-1b40-4389-b682-d98fe76436d1@group-7B55C082E555:LeaderElection50] INFO  impl.LeaderElection (LeaderElection.java:askForVotes(182)) - 87e84624-1b40-4389-b682-d98fe76436d1@group-7B55C082E555:LeaderElection50: begin an election at term 1 for -1: [87e84624-1b40-4389-b682-d98fe76436d1:192.168.30.13:32768], old=null
2019-09-26 10:52:11,962 [87e84624-1b40-4389-b682-d98fe76436d1@group-7B55C082E555:LeaderElection50] INFO  impl.RoleInfo (RoleInfo.java:shutdownLeaderElection(134)) - 87e84624-1b40-4389-b682-d98fe76436d1: shutdown LeaderElection
2019-09-26 10:52:11,962 [87e84624-1b40-4389-b682-d98fe76436d1@group-7B55C082E555:LeaderElection50] INFO  impl.RaftServerImpl (RaftServerImpl.java:setRole(174)) - 87e84624-1b40-4389-b682-d98fe76436d1@group-7B55C082E555: changes role from CANDIDATE to LEADER at term 1 for changeToLeader
2019-09-26 10:52:11,962 [87e84624-1b40-4389-b682-d98fe76436d1@group-7B55C082E555:LeaderElection50] INFO  impl.RaftServerImpl (ServerState.java:setLeader(253)) - 87e84624-1b40-4389-b682-d98fe76436d1@group-7B55C082E555: change Leader from null to 87e84624-1b40-4389-b682-d98fe76436d1 at term 1 for becomeLeader, leader elected after 5113ms
2019-09-26 10:52:11,962 [87e84624-1b40-4389-b682-d98fe76436d1@group-7B55C082E555:LeaderElection50] INFO  server.RaftServerConfigKeys (ConfUtils.java:logGet(43)) - raft.server.staging.catchup.gap = 1000 (default)
2019-09-26 10:52:11,962 [87e84624-1b40-4389-b682-d98fe76436d1@group-7B55C082E555:LeaderElection50] INFO  server.RaftServerConfigKeys (ConfUtils.java:logGet(43)) - raft.server.rpc.sleep.time = 25ms (default)
2019-09-26 10:52:11,962 [87e84624-1b40-4389-b682-d98fe76436d1@group-7B55C082E555:LeaderElection50] INFO  server.RaftServerConfigKeys (ConfUtils.java:logGet(43)) - raft.server.write.element-limit = 4096 (default)
2019-09-26 10:52:11,963 [87e84624-1b40-4389-b682-d98fe76436d1@group-7B55C082E555:LeaderElection50] INFO  server.RaftServerConfigKeys (ConfUtils.java:logGet(43)) - raft.server.watch.timeout = 10s (default)
2019-09-26 10:52:11,963 [87e84624-1b40-4389-b682-d98fe76436d1@group-7B55C082E555:LeaderElection50] INFO  server.RaftServerConfigKeys (ConfUtils.java:logGet(43)) - raft.server.watch.timeout.denomination = 1s (default)
2019-09-26 10:52:11,963 [87e84624-1b40-4389-b682-d98fe76436d1@group-7B55C082E555:LeaderElection50] INFO  server.RaftServerConfigKeys (ConfUtils.java:logGet(43)) - raft.server.watch.element-limit = 65536 (default)
2019-09-26 10:52:11,966 [87e84624-1b40-4389-b682-d98fe76436d1@group-7B55C082E555:LeaderElection50] INFO  impl.RoleInfo (RoleInfo.java:updateAndGet(143)) - 87e84624-1b40-4389-b682-d98fe76436d1: start LeaderState
2019-09-26 10:52:11,966 [87e84624-1b40-4389-b682-d98fe76436d1@group-7B55C082E555:LeaderElection50] INFO  segmented.SegmentedRaftLogWorker (SegmentedRaftLogWorker.java:startLogSegment(380)) - 87e84624-1b40-4389-b682-d98fe76436d1@group-7B55C082E555-SegmentedRaftLogWorker: Starting segment from index:0
2019-09-26 10:52:11,967 [87e84624-1b40-4389-b682-d98fe76436d1@group-7B55C082E555:LeaderElection50] INFO  impl.RaftServerImpl (ServerState.java:setRaftConf(354)) - 87e84624-1b40-4389-b682-d98fe76436d1@group-7B55C082E555: set configuration 0: [87e84624-1b40-4389-b682-d98fe76436d1:192.168.30.13:32768], old=null at 0
2019-09-26 10:52:11,980 [Thread-438] INFO  impl.FollowerState (FollowerState.java:run(106)) - 557f9f1f-13f1-4e9a-b9bb-f7fbe560edab:group-ECCB59BD8BF7 changes to CANDIDATE, lastRpcTime:5169, electionTimeout:5169ms
2019-09-26 10:52:11,980 [Thread-438] INFO  impl.RoleInfo (RoleInfo.java:shutdownFollowerState(121)) - 557f9f1f-13f1-4e9a-b9bb-f7fbe560edab: shutdown FollowerState
2019-09-26 10:52:11,980 [Thread-438] INFO  impl.RaftServerImpl (RaftServerImpl.java:setRole(174)) - 557f9f1f-13f1-4e9a-b9bb-f7fbe560edab@group-ECCB59BD8BF7: changes role from  FOLLOWER to CANDIDATE at term 0 for changeToCandidate
2019-09-26 10:52:11,980 [Thread-438] INFO  impl.RoleInfo (RoleInfo.java:updateAndGet(143)) - 557f9f1f-13f1-4e9a-b9bb-f7fbe560edab: start LeaderElection
2019-09-26 10:52:11,994 [557f9f1f-13f1-4e9a-b9bb-f7fbe560edab@group-ECCB59BD8BF7:LeaderElection51] INFO  impl.LeaderElection (LeaderElection.java:askForVotes(182)) - 557f9f1f-13f1-4e9a-b9bb-f7fbe560edab@group-ECCB59BD8BF7:LeaderElection51: begin an election at term 1 for -1: [557f9f1f-13f1-4e9a-b9bb-f7fbe560edab:192.168.30.13:38394], old=null
2019-09-26 10:52:11,994 [557f9f1f-13f1-4e9a-b9bb-f7fbe560edab@group-ECCB59BD8BF7:LeaderElection51] INFO  impl.RoleInfo (RoleInfo.java:shutdownLeaderElection(134)) - 557f9f1f-13f1-4e9a-b9bb-f7fbe560edab: shutdown LeaderElection
2019-09-26 10:52:11,994 [557f9f1f-13f1-4e9a-b9bb-f7fbe560edab@group-ECCB59BD8BF7:LeaderElection51] INFO  impl.RaftServerImpl (RaftServerImpl.java:setRole(174)) - 557f9f1f-13f1-4e9a-b9bb-f7fbe560edab@group-ECCB59BD8BF7: changes role from CANDIDATE to LEADER at term 1 for changeToLeader
2019-09-26 10:52:11,994 [557f9f1f-13f1-4e9a-b9bb-f7fbe560edab@group-ECCB59BD8BF7:LeaderElection51] INFO  impl.RaftServerImpl (ServerState.java:setLeader(253)) - 557f9f1f-13f1-4e9a-b9bb-f7fbe560edab@group-ECCB59BD8BF7: change Leader from null to 557f9f1f-13f1-4e9a-b9bb-f7fbe560edab at term 1 for becomeLeader, leader elected after 5188ms
2019-09-26 10:52:11,994 [557f9f1f-13f1-4e9a-b9bb-f7fbe560edab@group-ECCB59BD8BF7:LeaderElection51] INFO  server.RaftServerConfigKeys (ConfUtils.java:logGet(43)) - raft.server.staging.catchup.gap = 1000 (default)
2019-09-26 10:52:11,995 [557f9f1f-13f1-4e9a-b9bb-f7fbe560edab@group-ECCB59BD8BF7:LeaderElection51] INFO  server.RaftServerConfigKeys (ConfUtils.java:logGet(43)) - raft.server.rpc.sleep.time = 25ms (default)
2019-09-26 10:52:11,995 [557f9f1f-13f1-4e9a-b9bb-f7fbe560edab@group-ECCB59BD8BF7:LeaderElection51] INFO  server.RaftServerConfigKeys (ConfUtils.java:logGet(43)) - raft.server.write.element-limit = 4096 (default)
2019-09-26 10:52:11,995 [557f9f1f-13f1-4e9a-b9bb-f7fbe560edab@group-ECCB59BD8BF7:LeaderElection51] INFO  server.RaftServerConfigKeys (ConfUtils.java:logGet(43)) - raft.server.watch.timeout = 10s (default)
2019-09-26 10:52:11,995 [557f9f1f-13f1-4e9a-b9bb-f7fbe560edab@group-ECCB59BD8BF7:LeaderElection51] INFO  server.RaftServerConfigKeys (ConfUtils.java:logGet(43)) - raft.server.watch.timeout.denomination = 1s (default)
2019-09-26 10:52:11,995 [557f9f1f-13f1-4e9a-b9bb-f7fbe560edab@group-ECCB59BD8BF7:LeaderElection51] INFO  server.RaftServerConfigKeys (ConfUtils.java:logGet(43)) - raft.server.watch.element-limit = 65536 (default)
2019-09-26 10:52:11,997 [557f9f1f-13f1-4e9a-b9bb-f7fbe560edab@group-ECCB59BD8BF7:LeaderElection51] INFO  impl.RoleInfo (RoleInfo.java:updateAndGet(143)) - 557f9f1f-13f1-4e9a-b9bb-f7fbe560edab: start LeaderState
2019-09-26 10:52:11,998 [557f9f1f-13f1-4e9a-b9bb-f7fbe560edab@group-ECCB59BD8BF7:LeaderElection51] INFO  segmented.SegmentedRaftLogWorker (SegmentedRaftLogWorker.java:startLogSegment(380)) - 557f9f1f-13f1-4e9a-b9bb-f7fbe560edab@group-ECCB59BD8BF7-SegmentedRaftLogWorker: Starting segment from index:0
2019-09-26 10:52:11,998 [557f9f1f-13f1-4e9a-b9bb-f7fbe560edab@group-ECCB59BD8BF7:LeaderElection51] INFO  impl.RaftServerImpl (ServerState.java:setRaftConf(354)) - 557f9f1f-13f1-4e9a-b9bb-f7fbe560edab@group-ECCB59BD8BF7: set configuration 0: [557f9f1f-13f1-4e9a-b9bb-f7fbe560edab:192.168.30.13:38394], old=null at 0
2019-09-26 10:52:12,020 [87e84624-1b40-4389-b682-d98fe76436d1@group-7B55C082E555-SegmentedRaftLogWorker] INFO  segmented.SegmentedRaftLogWorker (SegmentedRaftLogWorker.java:execute(569)) - 87e84624-1b40-4389-b682-d98fe76436d1@group-7B55C082E555-SegmentedRaftLogWorker: created new log segment /workdir/hadoop-ozone/ozonefs/target/test-dir/MiniOzoneClusterImpl-b00a5744-6e73-4fa1-a928-c24f0d5ffca4/datanode-1/data/ratis/2e4a309e-2c64-456a-857a-7b55c082e555/current/log_inprogress_0
2019-09-26 10:52:12,051 [557f9f1f-13f1-4e9a-b9bb-f7fbe560edab@group-ECCB59BD8BF7-SegmentedRaftLogWorker] INFO  segmented.SegmentedRaftLogWorker (SegmentedRaftLogWorker.java:execute(569)) - 557f9f1f-13f1-4e9a-b9bb-f7fbe560edab@group-ECCB59BD8BF7-SegmentedRaftLogWorker: created new log segment /workdir/hadoop-ozone/ozonefs/target/test-dir/MiniOzoneClusterImpl-b00a5744-6e73-4fa1-a928-c24f0d5ffca4/datanode-8/data/ratis/35bb0ce3-7c07-49f7-9b74-eccb59bd8bf7/current/log_inprogress_0
2019-09-26 10:52:12,071 [Thread-453] INFO  impl.FollowerState (FollowerState.java:run(106)) - c90ec3f3-d421-4e55-9ed5-50760aadc6ca:group-207741480554 changes to CANDIDATE, lastRpcTime:5008, electionTimeout:5008ms
2019-09-26 10:52:12,071 [Thread-453] INFO  impl.RoleInfo (RoleInfo.java:shutdownFollowerState(121)) - c90ec3f3-d421-4e55-9ed5-50760aadc6ca: shutdown FollowerState
2019-09-26 10:52:12,071 [Thread-453] INFO  impl.RaftServerImpl (RaftServerImpl.java:setRole(174)) - c90ec3f3-d421-4e55-9ed5-50760aadc6ca@group-207741480554: changes role from  FOLLOWER to CANDIDATE at term 0 for changeToCandidate
2019-09-26 10:52:12,071 [Thread-453] INFO  impl.RoleInfo (RoleInfo.java:updateAndGet(143)) - c90ec3f3-d421-4e55-9ed5-50760aadc6ca: start LeaderElection
2019-09-26 10:52:12,085 [Thread-444] INFO  impl.FollowerState (FollowerState.java:run(106)) - 74579fe5-f222-4a32-8361-e642639fe135:group-2133CA8B1F8F changes to CANDIDATE, lastRpcTime:5168, electionTimeout:5168ms
2019-09-26 10:52:12,086 [Thread-444] INFO  impl.RoleInfo (RoleInfo.java:shutdownFollowerState(121)) - 74579fe5-f222-4a32-8361-e642639fe135: shutdown FollowerState
2019-09-26 10:52:12,086 [Thread-444] INFO  impl.RaftServerImpl (RaftServerImpl.java:setRole(174)) - 74579fe5-f222-4a32-8361-e642639fe135@group-2133CA8B1F8F: changes role from  FOLLOWER to CANDIDATE at term 0 for changeToCandidate
2019-09-26 10:52:12,086 [Thread-444] INFO  impl.RoleInfo (RoleInfo.java:updateAndGet(143)) - 74579fe5-f222-4a32-8361-e642639fe135: start LeaderElection
2019-09-26 10:52:12,086 [c90ec3f3-d421-4e55-9ed5-50760aadc6ca@group-207741480554:LeaderElection52] INFO  impl.LeaderElection (LeaderElection.java:askForVotes(182)) - c90ec3f3-d421-4e55-9ed5-50760aadc6ca@group-207741480554:LeaderElection52: begin an election at term 1 for -1: [c90ec3f3-d421-4e55-9ed5-50760aadc6ca:192.168.30.13:32863], old=null
2019-09-26 10:52:12,087 [c90ec3f3-d421-4e55-9ed5-50760aadc6ca@group-207741480554:LeaderElection52] INFO  impl.RoleInfo (RoleInfo.java:shutdownLeaderElection(134)) - c90ec3f3-d421-4e55-9ed5-50760aadc6ca: shutdown LeaderElection
2019-09-26 10:52:12,087 [c90ec3f3-d421-4e55-9ed5-50760aadc6ca@group-207741480554:LeaderElection52] INFO  impl.RaftServerImpl (RaftServerImpl.java:setRole(174)) - c90ec3f3-d421-4e55-9ed5-50760aadc6ca@group-207741480554: changes role from CANDIDATE to LEADER at term 1 for changeToLeader
2019-09-26 10:52:12,087 [c90ec3f3-d421-4e55-9ed5-50760aadc6ca@group-207741480554:LeaderElection52] INFO  impl.RaftServerImpl (ServerState.java:setLeader(253)) - c90ec3f3-d421-4e55-9ed5-50760aadc6ca@group-207741480554: change Leader from null to c90ec3f3-d421-4e55-9ed5-50760aadc6ca at term 1 for becomeLeader, leader elected after 5033ms
2019-09-26 10:52:12,087 [c90ec3f3-d421-4e55-9ed5-50760aadc6ca@group-207741480554:LeaderElection52] INFO  server.RaftServerConfigKeys (ConfUtils.java:logGet(43)) - raft.server.staging.catchup.gap = 1000 (default)
2019-09-26 10:52:12,087 [c90ec3f3-d421-4e55-9ed5-50760aadc6ca@group-207741480554:LeaderElection52] INFO  server.RaftServerConfigKeys (ConfUtils.java:logGet(43)) - raft.server.rpc.sleep.time = 25ms (default)
2019-09-26 10:52:12,087 [c90ec3f3-d421-4e55-9ed5-50760aadc6ca@group-207741480554:LeaderElection52] INFO  server.RaftServerConfigKeys (ConfUtils.java:logGet(43)) - raft.server.write.element-limit = 4096 (default)
2019-09-26 10:52:12,088 [c90ec3f3-d421-4e55-9ed5-50760aadc6ca@group-207741480554:LeaderElection52] INFO  server.RaftServerConfigKeys (ConfUtils.java:logGet(43)) - raft.server.watch.timeout = 10s (default)
2019-09-26 10:52:12,088 [c90ec3f3-d421-4e55-9ed5-50760aadc6ca@group-207741480554:LeaderElection52] INFO  server.RaftServerConfigKeys (ConfUtils.java:logGet(43)) - raft.server.watch.timeout.denomination = 1s (default)
2019-09-26 10:52:12,088 [c90ec3f3-d421-4e55-9ed5-50760aadc6ca@group-207741480554:LeaderElection52] INFO  server.RaftServerConfigKeys (ConfUtils.java:logGet(43)) - raft.server.watch.element-limit = 65536 (default)
2019-09-26 10:52:12,090 [c90ec3f3-d421-4e55-9ed5-50760aadc6ca@group-207741480554:LeaderElection52] INFO  impl.RoleInfo (RoleInfo.java:updateAndGet(143)) - c90ec3f3-d421-4e55-9ed5-50760aadc6ca: start LeaderState
2019-09-26 10:52:12,091 [c90ec3f3-d421-4e55-9ed5-50760aadc6ca@group-207741480554:LeaderElection52] INFO  segmented.SegmentedRaftLogWorker (SegmentedRaftLogWorker.java:startLogSegment(380)) - c90ec3f3-d421-4e55-9ed5-50760aadc6ca@group-207741480554-SegmentedRaftLogWorker: Starting segment from index:0
2019-09-26 10:52:12,091 [c90ec3f3-d421-4e55-9ed5-50760aadc6ca@group-207741480554:LeaderElection52] INFO  impl.RaftServerImpl (ServerState.java:setRaftConf(354)) - c90ec3f3-d421-4e55-9ed5-50760aadc6ca@group-207741480554: set configuration 0: [c90ec3f3-d421-4e55-9ed5-50760aadc6ca:192.168.30.13:32863], old=null at 0
2019-09-26 10:52:12,100 [74579fe5-f222-4a32-8361-e642639fe135@group-2133CA8B1F8F:LeaderElection53] INFO  impl.LeaderElection (LeaderElection.java:askForVotes(182)) - 74579fe5-f222-4a32-8361-e642639fe135@group-2133CA8B1F8F:LeaderElection53: begin an election at term 1 for -1: [74579fe5-f222-4a32-8361-e642639fe135:192.168.30.13:36553], old=null
2019-09-26 10:52:12,100 [74579fe5-f222-4a32-8361-e642639fe135@group-2133CA8B1F8F:LeaderElection53] INFO  impl.RoleInfo (RoleInfo.java:shutdownLeaderElection(134)) - 74579fe5-f222-4a32-8361-e642639fe135: shutdown LeaderElection
2019-09-26 10:52:12,101 [74579fe5-f222-4a32-8361-e642639fe135@group-2133CA8B1F8F:LeaderElection53] INFO  impl.RaftServerImpl (RaftServerImpl.java:setRole(174)) - 74579fe5-f222-4a32-8361-e642639fe135@group-2133CA8B1F8F: changes role from CANDIDATE to LEADER at term 1 for changeToLeader
2019-09-26 10:52:12,101 [74579fe5-f222-4a32-8361-e642639fe135@group-2133CA8B1F8F:LeaderElection53] INFO  impl.RaftServerImpl (ServerState.java:setLeader(253)) - 74579fe5-f222-4a32-8361-e642639fe135@group-2133CA8B1F8F: change Leader from null to 74579fe5-f222-4a32-8361-e642639fe135 at term 1 for becomeLeader, leader elected after 5188ms
2019-09-26 10:52:12,101 [74579fe5-f222-4a32-8361-e642639fe135@group-2133CA8B1F8F:LeaderElection53] INFO  server.RaftServerConfigKeys (ConfUtils.java:logGet(43)) - raft.server.staging.catchup.gap = 1000 (default)
2019-09-26 10:52:12,101 [74579fe5-f222-4a32-8361-e642639fe135@group-2133CA8B1F8F:LeaderElection53] INFO  server.RaftServerConfigKeys (ConfUtils.java:logGet(43)) - raft.server.rpc.sleep.time = 25ms (default)
2019-09-26 10:52:12,101 [74579fe5-f222-4a32-8361-e642639fe135@group-2133CA8B1F8F:LeaderElection53] INFO  server.RaftServerConfigKeys (ConfUtils.java:logGet(43)) - raft.server.write.element-limit = 4096 (default)
2019-09-26 10:52:12,102 [74579fe5-f222-4a32-8361-e642639fe135@group-2133CA8B1F8F:LeaderElection53] INFO  server.RaftServerConfigKeys (ConfUtils.java:logGet(43)) - raft.server.watch.timeout = 10s (default)
2019-09-26 10:52:12,102 [74579fe5-f222-4a32-8361-e642639fe135@group-2133CA8B1F8F:LeaderElection53] INFO  server.RaftServerConfigKeys (ConfUtils.java:logGet(43)) - raft.server.watch.timeout.denomination = 1s (default)
2019-09-26 10:52:12,102 [74579fe5-f222-4a32-8361-e642639fe135@group-2133CA8B1F8F:LeaderElection53] INFO  server.RaftServerConfigKeys (ConfUtils.java:logGet(43)) - raft.server.watch.element-limit = 65536 (default)
2019-09-26 10:52:12,105 [74579fe5-f222-4a32-8361-e642639fe135@group-2133CA8B1F8F:LeaderElection53] INFO  impl.RoleInfo (RoleInfo.java:updateAndGet(143)) - 74579fe5-f222-4a32-8361-e642639fe135: start LeaderState
2019-09-26 10:52:12,105 [Thread-447] INFO  impl.FollowerState (FollowerState.java:run(106)) - 87e84624-1b40-4389-b682-d98fe76436d1:group-567E5BAAB519 changes to CANDIDATE, lastRpcTime:5143, electionTimeout:5143ms
2019-09-26 10:52:12,105 [74579fe5-f222-4a32-8361-e642639fe135@group-2133CA8B1F8F:LeaderElection53] INFO  segmented.SegmentedRaftLogWorker (SegmentedRaftLogWorker.java:startLogSegment(380)) - 74579fe5-f222-4a32-8361-e642639fe135@group-2133CA8B1F8F-SegmentedRaftLogWorker: Starting segment from index:0
2019-09-26 10:52:12,105 [Thread-447] INFO  impl.RoleInfo (RoleInfo.java:shutdownFollowerState(121)) - 87e84624-1b40-4389-b682-d98fe76436d1: shutdown FollowerState
2019-09-26 10:52:12,106 [Thread-447] INFO  impl.RaftServerImpl (RaftServerImpl.java:setRole(174)) - 87e84624-1b40-4389-b682-d98fe76436d1@group-567E5BAAB519: changes role from  FOLLOWER to CANDIDATE at term 0 for changeToCandidate
2019-09-26 10:52:12,106 [Thread-447] INFO  impl.RoleInfo (RoleInfo.java:updateAndGet(143)) - 87e84624-1b40-4389-b682-d98fe76436d1: start LeaderElection
2019-09-26 10:52:12,106 [74579fe5-f222-4a32-8361-e642639fe135@group-2133CA8B1F8F:LeaderElection53] INFO  impl.RaftServerImpl (ServerState.java:setRaftConf(354)) - 74579fe5-f222-4a32-8361-e642639fe135@group-2133CA8B1F8F: set configuration 0: [74579fe5-f222-4a32-8361-e642639fe135:192.168.30.13:36553], old=null at 0
2019-09-26 10:52:12,120 [87e84624-1b40-4389-b682-d98fe76436d1@group-567E5BAAB519:LeaderElection54] INFO  impl.LeaderElection (LeaderElection.java:askForVotes(182)) - 87e84624-1b40-4389-b682-d98fe76436d1@group-567E5BAAB519:LeaderElection54: begin an election at term 1 for -1: [87e84624-1b40-4389-b682-d98fe76436d1:192.168.30.13:32768], old=null
2019-09-26 10:52:12,121 [87e84624-1b40-4389-b682-d98fe76436d1@group-567E5BAAB519:LeaderElection54] INFO  impl.RoleInfo (RoleInfo.java:shutdownLeaderElection(134)) - 87e84624-1b40-4389-b682-d98fe76436d1: shutdown LeaderElection
2019-09-26 10:52:12,121 [87e84624-1b40-4389-b682-d98fe76436d1@group-567E5BAAB519:LeaderElection54] INFO  impl.RaftServerImpl (RaftServerImpl.java:setRole(174)) - 87e84624-1b40-4389-b682-d98fe76436d1@group-567E5BAAB519: changes role from CANDIDATE to LEADER at term 1 for changeToLeader
2019-09-26 10:52:12,121 [87e84624-1b40-4389-b682-d98fe76436d1@group-567E5BAAB519:LeaderElection54] INFO  impl.RaftServerImpl (ServerState.java:setLeader(253)) - 87e84624-1b40-4389-b682-d98fe76436d1@group-567E5BAAB519: change Leader from null to 87e84624-1b40-4389-b682-d98fe76436d1 at term 1 for becomeLeader, leader elected after 5165ms
2019-09-26 10:52:12,121 [87e84624-1b40-4389-b682-d98fe76436d1@group-567E5BAAB519:LeaderElection54] INFO  server.RaftServerConfigKeys (ConfUtils.java:logGet(43)) - raft.server.staging.catchup.gap = 1000 (default)
2019-09-26 10:52:12,121 [87e84624-1b40-4389-b682-d98fe76436d1@group-567E5BAAB519:LeaderElection54] INFO  server.RaftServerConfigKeys (ConfUtils.java:logGet(43)) - raft.server.rpc.sleep.time = 25ms (default)
2019-09-26 10:52:12,121 [87e84624-1b40-4389-b682-d98fe76436d1@group-567E5BAAB519:LeaderElection54] INFO  server.RaftServerConfigKeys (ConfUtils.java:logGet(43)) - raft.server.write.element-limit = 4096 (default)
2019-09-26 10:52:12,122 [87e84624-1b40-4389-b682-d98fe76436d1@group-567E5BAAB519:LeaderElection54] INFO  server.RaftServerConfigKeys (ConfUtils.java:logGet(43)) - raft.server.watch.timeout = 10s (default)
2019-09-26 10:52:12,122 [87e84624-1b40-4389-b682-d98fe76436d1@group-567E5BAAB519:LeaderElection54] INFO  server.RaftServerConfigKeys (ConfUtils.java:logGet(43)) - raft.server.watch.timeout.denomination = 1s (default)
2019-09-26 10:52:12,122 [87e84624-1b40-4389-b682-d98fe76436d1@group-567E5BAAB519:LeaderElection54] INFO  server.RaftServerConfigKeys (ConfUtils.java:logGet(43)) - raft.server.watch.element-limit = 65536 (default)
2019-09-26 10:52:12,124 [87e84624-1b40-4389-b682-d98fe76436d1@group-567E5BAAB519:LeaderElection54] INFO  impl.RoleInfo (RoleInfo.java:updateAndGet(143)) - 87e84624-1b40-4389-b682-d98fe76436d1: start LeaderState
2019-09-26 10:52:12,124 [87e84624-1b40-4389-b682-d98fe76436d1@group-567E5BAAB519:LeaderElection54] INFO  segmented.SegmentedRaftLogWorker (SegmentedRaftLogWorker.java:startLogSegment(380)) - 87e84624-1b40-4389-b682-d98fe76436d1@group-567E5BAAB519-SegmentedRaftLogWorker: Starting segment from index:0
2019-09-26 10:52:12,125 [87e84624-1b40-4389-b682-d98fe76436d1@group-567E5BAAB519:LeaderElection54] INFO  impl.RaftServerImpl (ServerState.java:setRaftConf(354)) - 87e84624-1b40-4389-b682-d98fe76436d1@group-567E5BAAB519: set configuration 0: [87e84624-1b40-4389-b682-d98fe76436d1:192.168.30.13:32768], old=null at 0
2019-09-26 10:52:12,146 [c90ec3f3-d421-4e55-9ed5-50760aadc6ca@group-207741480554-SegmentedRaftLogWorker] INFO  segmented.SegmentedRaftLogWorker (SegmentedRaftLogWorker.java:execute(569)) - c90ec3f3-d421-4e55-9ed5-50760aadc6ca@group-207741480554-SegmentedRaftLogWorker: created new log segment /workdir/hadoop-ozone/ozonefs/target/test-dir/MiniOzoneClusterImpl-b00a5744-6e73-4fa1-a928-c24f0d5ffca4/datanode-9/data/ratis/a880a0fe-a0c5-4819-af00-207741480554/current/log_inprogress_0
2019-09-26 10:52:12,159 [74579fe5-f222-4a32-8361-e642639fe135@group-2133CA8B1F8F-SegmentedRaftLogWorker] INFO  segmented.SegmentedRaftLogWorker (SegmentedRaftLogWorker.java:execute(569)) - 74579fe5-f222-4a32-8361-e642639fe135@group-2133CA8B1F8F-SegmentedRaftLogWorker: created new log segment /workdir/hadoop-ozone/ozonefs/target/test-dir/MiniOzoneClusterImpl-b00a5744-6e73-4fa1-a928-c24f0d5ffca4/datanode-6/data/ratis/168736be-dc7c-4462-9dbe-2133ca8b1f8f/current/log_inprogress_0
2019-09-26 10:52:12,173 [87e84624-1b40-4389-b682-d98fe76436d1@group-567E5BAAB519-SegmentedRaftLogWorker] INFO  segmented.SegmentedRaftLogWorker (SegmentedRaftLogWorker.java:execute(569)) - 87e84624-1b40-4389-b682-d98fe76436d1@group-567E5BAAB519-SegmentedRaftLogWorker: created new log segment /workdir/hadoop-ozone/ozonefs/target/test-dir/MiniOzoneClusterImpl-b00a5744-6e73-4fa1-a928-c24f0d5ffca4/datanode-1/data/ratis/4357faa1-e09d-495b-bc0d-567e5baab519/current/log_inprogress_0
2019-09-26 10:52:12,191 [Thread-450] INFO  impl.FollowerState (FollowerState.java:run(106)) - 2253380d-6ddc-421c-86f6-26acdb90a8c4:group-8DC672539119 changes to CANDIDATE, lastRpcTime:5181, electionTimeout:5178ms
2019-09-26 10:52:12,191 [Thread-460] INFO  impl.FollowerState (FollowerState.java:run(106)) - c90ec3f3-d421-4e55-9ed5-50760aadc6ca:group-4D7C0B4A0232 changes to CANDIDATE, lastRpcTime:5008, electionTimeout:5001ms
2019-09-26 10:52:12,191 [Thread-450] INFO  impl.RoleInfo (RoleInfo.java:shutdownFollowerState(121)) - 2253380d-6ddc-421c-86f6-26acdb90a8c4: shutdown FollowerState
2019-09-26 10:52:12,192 [Thread-460] INFO  impl.RoleInfo (RoleInfo.java:shutdownFollowerState(121)) - c90ec3f3-d421-4e55-9ed5-50760aadc6ca: shutdown FollowerState
2019-09-26 10:52:12,192 [Thread-450] INFO  impl.RaftServerImpl (RaftServerImpl.java:setRole(174)) - 2253380d-6ddc-421c-86f6-26acdb90a8c4@group-8DC672539119: changes role from  FOLLOWER to CANDIDATE at term 0 for changeToCandidate
2019-09-26 10:52:12,192 [Thread-460] INFO  impl.RaftServerImpl (RaftServerImpl.java:setRole(174)) - c90ec3f3-d421-4e55-9ed5-50760aadc6ca@group-4D7C0B4A0232: changes role from  FOLLOWER to CANDIDATE at term 0 for changeToCandidate
2019-09-26 10:52:12,192 [Thread-450] INFO  impl.RoleInfo (RoleInfo.java:updateAndGet(143)) - 2253380d-6ddc-421c-86f6-26acdb90a8c4: start LeaderElection
2019-09-26 10:52:12,192 [Thread-460] INFO  impl.RoleInfo (RoleInfo.java:updateAndGet(143)) - c90ec3f3-d421-4e55-9ed5-50760aadc6ca: start LeaderElection
2019-09-26 10:52:12,194 [Thread-456] INFO  impl.FollowerState (FollowerState.java:run(106)) - c90ec3f3-d421-4e55-9ed5-50760aadc6ca:group-B5A4BEE907BA changes to CANDIDATE, lastRpcTime:5057, electionTimeout:5057ms
2019-09-26 10:52:12,194 [Thread-456] INFO  impl.RoleInfo (RoleInfo.java:shutdownFollowerState(121)) - c90ec3f3-d421-4e55-9ed5-50760aadc6ca: shutdown FollowerState
2019-09-26 10:52:12,195 [Thread-456] INFO  impl.RaftServerImpl (RaftServerImpl.java:setRole(174)) - c90ec3f3-d421-4e55-9ed5-50760aadc6ca@group-B5A4BEE907BA: changes role from  FOLLOWER to CANDIDATE at term 0 for changeToCandidate
2019-09-26 10:52:12,195 [Thread-456] INFO  impl.RoleInfo (RoleInfo.java:updateAndGet(143)) - c90ec3f3-d421-4e55-9ed5-50760aadc6ca: start LeaderElection
2019-09-26 10:52:12,207 [2253380d-6ddc-421c-86f6-26acdb90a8c4@group-8DC672539119:LeaderElection55] INFO  impl.LeaderElection (LeaderElection.java:askForVotes(182)) - 2253380d-6ddc-421c-86f6-26acdb90a8c4@group-8DC672539119:LeaderElection55: begin an election at term 1 for -1: [2253380d-6ddc-421c-86f6-26acdb90a8c4:192.168.30.13:39629], old=null
2019-09-26 10:52:12,207 [c90ec3f3-d421-4e55-9ed5-50760aadc6ca@group-B5A4BEE907BA:LeaderElection57] INFO  impl.LeaderElection (LeaderElection.java:askForVotes(182)) - c90ec3f3-d421-4e55-9ed5-50760aadc6ca@group-B5A4BEE907BA:LeaderElection57: begin an election at term 1 for -1: [c90ec3f3-d421-4e55-9ed5-50760aadc6ca:192.168.30.13:32863], old=null
2019-09-26 10:52:12,207 [c90ec3f3-d421-4e55-9ed5-50760aadc6ca@group-4D7C0B4A0232:LeaderElection56] INFO  impl.LeaderElection (LeaderElection.java:askForVotes(182)) - c90ec3f3-d421-4e55-9ed5-50760aadc6ca@group-4D7C0B4A0232:LeaderElection56: begin an election at term 1 for -1: [c90ec3f3-d421-4e55-9ed5-50760aadc6ca:192.168.30.13:32863], old=null
2019-09-26 10:52:12,207 [c90ec3f3-d421-4e55-9ed5-50760aadc6ca@group-B5A4BEE907BA:LeaderElection57] INFO  impl.RoleInfo (RoleInfo.java:shutdownLeaderElection(134)) - c90ec3f3-d421-4e55-9ed5-50760aadc6ca: shutdown LeaderElection
2019-09-26 10:52:12,207 [2253380d-6ddc-421c-86f6-26acdb90a8c4@group-8DC672539119:LeaderElection55] INFO  impl.RoleInfo (RoleInfo.java:shutdownLeaderElection(134)) - 2253380d-6ddc-421c-86f6-26acdb90a8c4: shutdown LeaderElection
2019-09-26 10:52:12,207 [c90ec3f3-d421-4e55-9ed5-50760aadc6ca@group-B5A4BEE907BA:LeaderElection57] INFO  impl.RaftServerImpl (RaftServerImpl.java:setRole(174)) - c90ec3f3-d421-4e55-9ed5-50760aadc6ca@group-B5A4BEE907BA: changes role from CANDIDATE to LEADER at term 1 for changeToLeader
2019-09-26 10:52:12,207 [c90ec3f3-d421-4e55-9ed5-50760aadc6ca@group-4D7C0B4A0232:LeaderElection56] INFO  impl.RoleInfo (RoleInfo.java:shutdownLeaderElection(134)) - c90ec3f3-d421-4e55-9ed5-50760aadc6ca: shutdown LeaderElection
2019-09-26 10:52:12,208 [c90ec3f3-d421-4e55-9ed5-50760aadc6ca@group-B5A4BEE907BA:LeaderElection57] INFO  impl.RaftServerImpl (ServerState.java:setLeader(253)) - c90ec3f3-d421-4e55-9ed5-50760aadc6ca@group-B5A4BEE907BA: change Leader from null to c90ec3f3-d421-4e55-9ed5-50760aadc6ca at term 1 for becomeLeader, leader elected after 5078ms
2019-09-26 10:52:12,208 [2253380d-6ddc-421c-86f6-26acdb90a8c4@group-8DC672539119:LeaderElection55] INFO  impl.RaftServerImpl (RaftServerImpl.java:setRole(174)) - 2253380d-6ddc-421c-86f6-26acdb90a8c4@group-8DC672539119: changes role from CANDIDATE to LEADER at term 1 for changeToLeader
2019-09-26 10:52:12,208 [c90ec3f3-d421-4e55-9ed5-50760aadc6ca@group-B5A4BEE907BA:LeaderElection57] INFO  server.RaftServerConfigKeys (ConfUtils.java:logGet(43)) - raft.server.staging.catchup.gap = 1000 (default)
2019-09-26 10:52:12,208 [c90ec3f3-d421-4e55-9ed5-50760aadc6ca@group-B5A4BEE907BA:LeaderElection57] INFO  server.RaftServerConfigKeys (ConfUtils.java:logGet(43)) - raft.server.rpc.sleep.time = 25ms (default)
2019-09-26 10:52:12,208 [c90ec3f3-d421-4e55-9ed5-50760aadc6ca@group-4D7C0B4A0232:LeaderElection56] INFO  impl.RaftServerImpl (RaftServerImpl.java:setRole(174)) - c90ec3f3-d421-4e55-9ed5-50760aadc6ca@group-4D7C0B4A0232: changes role from CANDIDATE to LEADER at term 1 for changeToLeader
2019-09-26 10:52:12,208 [c90ec3f3-d421-4e55-9ed5-50760aadc6ca@group-B5A4BEE907BA:LeaderElection57] INFO  server.RaftServerConfigKeys (ConfUtils.java:logGet(43)) - raft.server.write.element-limit = 4096 (default)
2019-09-26 10:52:12,208 [2253380d-6ddc-421c-86f6-26acdb90a8c4@group-8DC672539119:LeaderElection55] INFO  impl.RaftServerImpl (ServerState.java:setLeader(253)) - 2253380d-6ddc-421c-86f6-26acdb90a8c4@group-8DC672539119: change Leader from null to 2253380d-6ddc-421c-86f6-26acdb90a8c4 at term 1 for becomeLeader, leader elected after 5205ms
2019-09-26 10:52:12,209 [c90ec3f3-d421-4e55-9ed5-50760aadc6ca@group-B5A4BEE907BA:LeaderElection57] INFO  server.RaftServerConfigKeys (ConfUtils.java:logGet(43)) - raft.server.watch.timeout = 10s (default)
2019-09-26 10:52:12,208 [c90ec3f3-d421-4e55-9ed5-50760aadc6ca@group-4D7C0B4A0232:LeaderElection56] INFO  impl.RaftServerImpl (ServerState.java:setLeader(253)) - c90ec3f3-d421-4e55-9ed5-50760aadc6ca@group-4D7C0B4A0232: change Leader from null to c90ec3f3-d421-4e55-9ed5-50760aadc6ca at term 1 for becomeLeader, leader elected after 5031ms
2019-09-26 10:52:12,209 [c90ec3f3-d421-4e55-9ed5-50760aadc6ca@group-B5A4BEE907BA:LeaderElection57] INFO  server.RaftServerConfigKeys (ConfUtils.java:logGet(43)) - raft.server.watch.timeout.denomination = 1s (default)
2019-09-26 10:52:12,209 [2253380d-6ddc-421c-86f6-26acdb90a8c4@group-8DC672539119:LeaderElection55] INFO  server.RaftServerConfigKeys (ConfUtils.java:logGet(43)) - raft.server.staging.catchup.gap = 1000 (default)
2019-09-26 10:52:12,209 [c90ec3f3-d421-4e55-9ed5-50760aadc6ca@group-B5A4BEE907BA:LeaderElection57] INFO  server.RaftServerConfigKeys (ConfUtils.java:logGet(43)) - raft.server.watch.element-limit = 65536 (default)
2019-09-26 10:52:12,209 [c90ec3f3-d421-4e55-9ed5-50760aadc6ca@group-4D7C0B4A0232:LeaderElection56] INFO  server.RaftServerConfigKeys (ConfUtils.java:logGet(43)) - raft.server.staging.catchup.gap = 1000 (default)
2019-09-26 10:52:12,209 [2253380d-6ddc-421c-86f6-26acdb90a8c4@group-8DC672539119:LeaderElection55] INFO  server.RaftServerConfigKeys (ConfUtils.java:logGet(43)) - raft.server.rpc.sleep.time = 25ms (default)
2019-09-26 10:52:12,210 [c90ec3f3-d421-4e55-9ed5-50760aadc6ca@group-4D7C0B4A0232:LeaderElection56] INFO  server.RaftServerConfigKeys (ConfUtils.java:logGet(43)) - raft.server.rpc.sleep.time = 25ms (default)
2019-09-26 10:52:12,210 [2253380d-6ddc-421c-86f6-26acdb90a8c4@group-8DC672539119:LeaderElection55] INFO  server.RaftServerConfigKeys (ConfUtils.java:logGet(43)) - raft.server.write.element-limit = 4096 (default)
2019-09-26 10:52:12,210 [c90ec3f3-d421-4e55-9ed5-50760aadc6ca@group-4D7C0B4A0232:LeaderElection56] INFO  server.RaftServerConfigKeys (ConfUtils.java:logGet(43)) - raft.server.write.element-limit = 4096 (default)
2019-09-26 10:52:12,210 [2253380d-6ddc-421c-86f6-26acdb90a8c4@group-8DC672539119:LeaderElection55] INFO  server.RaftServerConfigKeys (ConfUtils.java:logGet(43)) - raft.server.watch.timeout = 10s (default)
2019-09-26 10:52:12,210 [c90ec3f3-d421-4e55-9ed5-50760aadc6ca@group-4D7C0B4A0232:LeaderElection56] INFO  server.RaftServerConfigKeys (ConfUtils.java:logGet(43)) - raft.server.watch.timeout = 10s (default)
2019-09-26 10:52:12,210 [2253380d-6ddc-421c-86f6-26acdb90a8c4@group-8DC672539119:LeaderElection55] INFO  server.RaftServerConfigKeys (ConfUtils.java:logGet(43)) - raft.server.watch.timeout.denomination = 1s (default)
2019-09-26 10:52:12,210 [c90ec3f3-d421-4e55-9ed5-50760aadc6ca@group-4D7C0B4A0232:LeaderElection56] INFO  server.RaftServerConfigKeys (ConfUtils.java:logGet(43)) - raft.server.watch.timeout.denomination = 1s (default)
2019-09-26 10:52:12,211 [2253380d-6ddc-421c-86f6-26acdb90a8c4@group-8DC672539119:LeaderElection55] INFO  server.RaftServerConfigKeys (ConfUtils.java:logGet(43)) - raft.server.watch.element-limit = 65536 (default)
2019-09-26 10:52:12,211 [c90ec3f3-d421-4e55-9ed5-50760aadc6ca@group-4D7C0B4A0232:LeaderElection56] INFO  server.RaftServerConfigKeys (ConfUtils.java:logGet(43)) - raft.server.watch.element-limit = 65536 (default)
2019-09-26 10:52:12,212 [c90ec3f3-d421-4e55-9ed5-50760aadc6ca@group-B5A4BEE907BA:LeaderElection57] INFO  impl.RoleInfo (RoleInfo.java:updateAndGet(143)) - c90ec3f3-d421-4e55-9ed5-50760aadc6ca: start LeaderState
2019-09-26 10:52:12,212 [c90ec3f3-d421-4e55-9ed5-50760aadc6ca@group-B5A4BEE907BA:LeaderElection57] INFO  segmented.SegmentedRaftLogWorker (SegmentedRaftLogWorker.java:startLogSegment(380)) - c90ec3f3-d421-4e55-9ed5-50760aadc6ca@group-B5A4BEE907BA-SegmentedRaftLogWorker: Starting segment from index:0
2019-09-26 10:52:12,213 [c90ec3f3-d421-4e55-9ed5-50760aadc6ca@group-B5A4BEE907BA:LeaderElection57] INFO  impl.RaftServerImpl (ServerState.java:setRaftConf(354)) - c90ec3f3-d421-4e55-9ed5-50760aadc6ca@group-B5A4BEE907BA: set configuration 0: [c90ec3f3-d421-4e55-9ed5-50760aadc6ca:192.168.30.13:32863], old=null at 0
2019-09-26 10:52:12,214 [2253380d-6ddc-421c-86f6-26acdb90a8c4@group-8DC672539119:LeaderElection55] INFO  impl.RoleInfo (RoleInfo.java:updateAndGet(143)) - 2253380d-6ddc-421c-86f6-26acdb90a8c4: start LeaderState
2019-09-26 10:52:12,214 [c90ec3f3-d421-4e55-9ed5-50760aadc6ca@group-4D7C0B4A0232:LeaderElection56] INFO  impl.RoleInfo (RoleInfo.java:updateAndGet(143)) - c90ec3f3-d421-4e55-9ed5-50760aadc6ca: start LeaderState
2019-09-26 10:52:12,214 [2253380d-6ddc-421c-86f6-26acdb90a8c4@group-8DC672539119:LeaderElection55] INFO  segmented.SegmentedRaftLogWorker (SegmentedRaftLogWorker.java:startLogSegment(380)) - 2253380d-6ddc-421c-86f6-26acdb90a8c4@group-8DC672539119-SegmentedRaftLogWorker: Starting segment from index:0
2019-09-26 10:52:12,214 [c90ec3f3-d421-4e55-9ed5-50760aadc6ca@group-4D7C0B4A0232:LeaderElection56] INFO  segmented.SegmentedRaftLogWorker (SegmentedRaftLogWorker.java:startLogSegment(380)) - c90ec3f3-d421-4e55-9ed5-50760aadc6ca@group-4D7C0B4A0232-SegmentedRaftLogWorker: Starting segment from index:0
2019-09-26 10:52:12,215 [2253380d-6ddc-421c-86f6-26acdb90a8c4@group-8DC672539119:LeaderElection55] INFO  impl.RaftServerImpl (ServerState.java:setRaftConf(354)) - 2253380d-6ddc-421c-86f6-26acdb90a8c4@group-8DC672539119: set configuration 0: [2253380d-6ddc-421c-86f6-26acdb90a8c4:192.168.30.13:39629], old=null at 0
2019-09-26 10:52:12,215 [c90ec3f3-d421-4e55-9ed5-50760aadc6ca@group-4D7C0B4A0232:LeaderElection56] INFO  impl.RaftServerImpl (ServerState.java:setRaftConf(354)) - c90ec3f3-d421-4e55-9ed5-50760aadc6ca@group-4D7C0B4A0232: set configuration 0: [c90ec3f3-d421-4e55-9ed5-50760aadc6ca:192.168.30.13:32863], old=null at 0
2019-09-26 10:52:12,252 [Thread-464] INFO  impl.FollowerState (FollowerState.java:run(106)) - c90ec3f3-d421-4e55-9ed5-50760aadc6ca:group-288065B98035 changes to CANDIDATE, lastRpcTime:5025, electionTimeout:5025ms
2019-09-26 10:52:12,253 [Thread-464] INFO  impl.RoleInfo (RoleInfo.java:shutdownFollowerState(121)) - c90ec3f3-d421-4e55-9ed5-50760aadc6ca: shutdown FollowerState
2019-09-26 10:52:12,253 [Thread-464] INFO  impl.RaftServerImpl (RaftServerImpl.java:setRole(174)) - c90ec3f3-d421-4e55-9ed5-50760aadc6ca@group-288065B98035: changes role from  FOLLOWER to CANDIDATE at term 0 for changeToCandidate
2019-09-26 10:52:12,253 [Thread-464] INFO  impl.RoleInfo (RoleInfo.java:updateAndGet(143)) - c90ec3f3-d421-4e55-9ed5-50760aadc6ca: start LeaderElection
2019-09-26 10:52:12,267 [2253380d-6ddc-421c-86f6-26acdb90a8c4@group-8DC672539119-SegmentedRaftLogWorker] INFO  segmented.SegmentedRaftLogWorker (SegmentedRaftLogWorker.java:execute(569)) - 2253380d-6ddc-421c-86f6-26acdb90a8c4@group-8DC672539119-SegmentedRaftLogWorker: created new log segment /workdir/hadoop-ozone/ozonefs/target/test-dir/MiniOzoneClusterImpl-b00a5744-6e73-4fa1-a928-c24f0d5ffca4/datanode-3/data/ratis/50955735-f38c-4cac-a254-8dc672539119/current/log_inprogress_0
2019-09-26 10:52:12,267 [c90ec3f3-d421-4e55-9ed5-50760aadc6ca@group-288065B98035:LeaderElection58] INFO  impl.LeaderElection (LeaderElection.java:askForVotes(182)) - c90ec3f3-d421-4e55-9ed5-50760aadc6ca@group-288065B98035:LeaderElection58: begin an election at term 1 for -1: [c90ec3f3-d421-4e55-9ed5-50760aadc6ca:192.168.30.13:32863], old=null
2019-09-26 10:52:12,267 [c90ec3f3-d421-4e55-9ed5-50760aadc6ca@group-B5A4BEE907BA-SegmentedRaftLogWorker] INFO  segmented.SegmentedRaftLogWorker (SegmentedRaftLogWorker.java:execute(569)) - c90ec3f3-d421-4e55-9ed5-50760aadc6ca@group-B5A4BEE907BA-SegmentedRaftLogWorker: created new log segment /workdir/hadoop-ozone/ozonefs/target/test-dir/MiniOzoneClusterImpl-b00a5744-6e73-4fa1-a928-c24f0d5ffca4/datanode-9/data/ratis/5c38305e-2d79-40fd-8ea0-b5a4bee907ba/current/log_inprogress_0
2019-09-26 10:52:12,267 [c90ec3f3-d421-4e55-9ed5-50760aadc6ca@group-288065B98035:LeaderElection58] INFO  impl.RoleInfo (RoleInfo.java:shutdownLeaderElection(134)) - c90ec3f3-d421-4e55-9ed5-50760aadc6ca: shutdown LeaderElection
2019-09-26 10:52:12,267 [c90ec3f3-d421-4e55-9ed5-50760aadc6ca@group-288065B98035:LeaderElection58] INFO  impl.RaftServerImpl (RaftServerImpl.java:setRole(174)) - c90ec3f3-d421-4e55-9ed5-50760aadc6ca@group-288065B98035: changes role from CANDIDATE to LEADER at term 1 for changeToLeader
2019-09-26 10:52:12,267 [c90ec3f3-d421-4e55-9ed5-50760aadc6ca@group-288065B98035:LeaderElection58] INFO  impl.RaftServerImpl (ServerState.java:setLeader(253)) - c90ec3f3-d421-4e55-9ed5-50760aadc6ca@group-288065B98035: change Leader from null to c90ec3f3-d421-4e55-9ed5-50760aadc6ca at term 1 for becomeLeader, leader elected after 5045ms
2019-09-26 10:52:12,268 [c90ec3f3-d421-4e55-9ed5-50760aadc6ca@group-288065B98035:LeaderElection58] INFO  server.RaftServerConfigKeys (ConfUtils.java:logGet(43)) - raft.server.staging.catchup.gap = 1000 (default)
2019-09-26 10:52:12,268 [c90ec3f3-d421-4e55-9ed5-50760aadc6ca@group-288065B98035:LeaderElection58] INFO  server.RaftServerConfigKeys (ConfUtils.java:logGet(43)) - raft.server.rpc.sleep.time = 25ms (default)
2019-09-26 10:52:12,268 [c90ec3f3-d421-4e55-9ed5-50760aadc6ca@group-288065B98035:LeaderElection58] INFO  server.RaftServerConfigKeys (ConfUtils.java:logGet(43)) - raft.server.write.element-limit = 4096 (default)
2019-09-26 10:52:12,268 [c90ec3f3-d421-4e55-9ed5-50760aadc6ca@group-288065B98035:LeaderElection58] INFO  server.RaftServerConfigKeys (ConfUtils.java:logGet(43)) - raft.server.watch.timeout = 10s (default)
2019-09-26 10:52:12,268 [c90ec3f3-d421-4e55-9ed5-50760aadc6ca@group-288065B98035:LeaderElection58] INFO  server.RaftServerConfigKeys (ConfUtils.java:logGet(43)) - raft.server.watch.timeout.denomination = 1s (default)
2019-09-26 10:52:12,268 [c90ec3f3-d421-4e55-9ed5-50760aadc6ca@group-288065B98035:LeaderElection58] INFO  server.RaftServerConfigKeys (ConfUtils.java:logGet(43)) - raft.server.watch.element-limit = 65536 (default)
2019-09-26 10:52:12,269 [c90ec3f3-d421-4e55-9ed5-50760aadc6ca@group-4D7C0B4A0232-SegmentedRaftLogWorker] INFO  segmented.SegmentedRaftLogWorker (SegmentedRaftLogWorker.java:execute(569)) - c90ec3f3-d421-4e55-9ed5-50760aadc6ca@group-4D7C0B4A0232-SegmentedRaftLogWorker: created new log segment /workdir/hadoop-ozone/ozonefs/target/test-dir/MiniOzoneClusterImpl-b00a5744-6e73-4fa1-a928-c24f0d5ffca4/datanode-9/data/ratis/df46de36-572d-42fe-a5de-4d7c0b4a0232/current/log_inprogress_0
2019-09-26 10:52:12,271 [c90ec3f3-d421-4e55-9ed5-50760aadc6ca@group-288065B98035:LeaderElection58] INFO  impl.RoleInfo (RoleInfo.java:updateAndGet(143)) - c90ec3f3-d421-4e55-9ed5-50760aadc6ca: start LeaderState
2019-09-26 10:52:12,271 [c90ec3f3-d421-4e55-9ed5-50760aadc6ca@group-288065B98035:LeaderElection58] INFO  segmented.SegmentedRaftLogWorker (SegmentedRaftLogWorker.java:startLogSegment(380)) - c90ec3f3-d421-4e55-9ed5-50760aadc6ca@group-288065B98035-SegmentedRaftLogWorker: Starting segment from index:0
2019-09-26 10:52:12,271 [c90ec3f3-d421-4e55-9ed5-50760aadc6ca@group-288065B98035:LeaderElection58] INFO  impl.RaftServerImpl (ServerState.java:setRaftConf(354)) - c90ec3f3-d421-4e55-9ed5-50760aadc6ca@group-288065B98035: set configuration 0: [c90ec3f3-d421-4e55-9ed5-50760aadc6ca:192.168.30.13:32863], old=null at 0
2019-09-26 10:52:12,323 [c90ec3f3-d421-4e55-9ed5-50760aadc6ca@group-288065B98035-SegmentedRaftLogWorker] INFO  segmented.SegmentedRaftLogWorker (SegmentedRaftLogWorker.java:execute(569)) - c90ec3f3-d421-4e55-9ed5-50760aadc6ca@group-288065B98035-SegmentedRaftLogWorker: created new log segment /workdir/hadoop-ozone/ozonefs/target/test-dir/MiniOzoneClusterImpl-b00a5744-6e73-4fa1-a928-c24f0d5ffca4/datanode-9/data/ratis/2126b6bb-5d5e-4b29-a4f2-288065b98035/current/log_inprogress_0
2019-09-26 10:52:12,391 [Thread-470] INFO  impl.FollowerState (FollowerState.java:run(106)) - c90ec3f3-d421-4e55-9ed5-50760aadc6ca:group-B4FB09DB6EFC changes to CANDIDATE, lastRpcTime:5068, electionTimeout:5068ms
2019-09-26 10:52:12,392 [Thread-470] INFO  impl.RoleInfo (RoleInfo.java:shutdownFollowerState(121)) - c90ec3f3-d421-4e55-9ed5-50760aadc6ca: shutdown FollowerState
2019-09-26 10:52:12,392 [Thread-470] INFO  impl.RaftServerImpl (RaftServerImpl.java:setRole(174)) - c90ec3f3-d421-4e55-9ed5-50760aadc6ca@group-B4FB09DB6EFC: changes role from  FOLLOWER to CANDIDATE at term 0 for changeToCandidate
2019-09-26 10:52:12,392 [Thread-470] INFO  impl.RoleInfo (RoleInfo.java:updateAndGet(143)) - c90ec3f3-d421-4e55-9ed5-50760aadc6ca: start LeaderElection
2019-09-26 10:52:12,406 [c90ec3f3-d421-4e55-9ed5-50760aadc6ca@group-B4FB09DB6EFC:LeaderElection59] INFO  impl.LeaderElection (LeaderElection.java:askForVotes(182)) - c90ec3f3-d421-4e55-9ed5-50760aadc6ca@group-B4FB09DB6EFC:LeaderElection59: begin an election at term 1 for -1: [c90ec3f3-d421-4e55-9ed5-50760aadc6ca:192.168.30.13:32863], old=null
2019-09-26 10:52:12,406 [c90ec3f3-d421-4e55-9ed5-50760aadc6ca@group-B4FB09DB6EFC:LeaderElection59] INFO  impl.RoleInfo (RoleInfo.java:shutdownLeaderElection(134)) - c90ec3f3-d421-4e55-9ed5-50760aadc6ca: shutdown LeaderElection
2019-09-26 10:52:12,407 [c90ec3f3-d421-4e55-9ed5-50760aadc6ca@group-B4FB09DB6EFC:LeaderElection59] INFO  impl.RaftServerImpl (RaftServerImpl.java:setRole(174)) - c90ec3f3-d421-4e55-9ed5-50760aadc6ca@group-B4FB09DB6EFC: changes role from CANDIDATE to LEADER at term 1 for changeToLeader
2019-09-26 10:52:12,407 [c90ec3f3-d421-4e55-9ed5-50760aadc6ca@group-B4FB09DB6EFC:LeaderElection59] INFO  impl.RaftServerImpl (ServerState.java:setLeader(253)) - c90ec3f3-d421-4e55-9ed5-50760aadc6ca@group-B4FB09DB6EFC: change Leader from null to c90ec3f3-d421-4e55-9ed5-50760aadc6ca at term 1 for becomeLeader, leader elected after 5089ms
2019-09-26 10:52:12,407 [c90ec3f3-d421-4e55-9ed5-50760aadc6ca@group-B4FB09DB6EFC:LeaderElection59] INFO  server.RaftServerConfigKeys (ConfUtils.java:logGet(43)) - raft.server.staging.catchup.gap = 1000 (default)
2019-09-26 10:52:12,407 [c90ec3f3-d421-4e55-9ed5-50760aadc6ca@group-B4FB09DB6EFC:LeaderElection59] INFO  server.RaftServerConfigKeys (ConfUtils.java:logGet(43)) - raft.server.rpc.sleep.time = 25ms (default)
2019-09-26 10:52:12,407 [c90ec3f3-d421-4e55-9ed5-50760aadc6ca@group-B4FB09DB6EFC:LeaderElection59] INFO  server.RaftServerConfigKeys (ConfUtils.java:logGet(43)) - raft.server.write.element-limit = 4096 (default)
2019-09-26 10:52:12,407 [c90ec3f3-d421-4e55-9ed5-50760aadc6ca@group-B4FB09DB6EFC:LeaderElection59] INFO  server.RaftServerConfigKeys (ConfUtils.java:logGet(43)) - raft.server.watch.timeout = 10s (default)
2019-09-26 10:52:12,408 [c90ec3f3-d421-4e55-9ed5-50760aadc6ca@group-B4FB09DB6EFC:LeaderElection59] INFO  server.RaftServerConfigKeys (ConfUtils.java:logGet(43)) - raft.server.watch.timeout.denomination = 1s (default)
2019-09-26 10:52:12,408 [c90ec3f3-d421-4e55-9ed5-50760aadc6ca@group-B4FB09DB6EFC:LeaderElection59] INFO  server.RaftServerConfigKeys (ConfUtils.java:logGet(43)) - raft.server.watch.element-limit = 65536 (default)
2019-09-26 10:52:12,410 [c90ec3f3-d421-4e55-9ed5-50760aadc6ca@group-B4FB09DB6EFC:LeaderElection59] INFO  impl.RoleInfo (RoleInfo.java:updateAndGet(143)) - c90ec3f3-d421-4e55-9ed5-50760aadc6ca: start LeaderState
2019-09-26 10:52:12,410 [c90ec3f3-d421-4e55-9ed5-50760aadc6ca@group-B4FB09DB6EFC:LeaderElection59] INFO  segmented.SegmentedRaftLogWorker (SegmentedRaftLogWorker.java:startLogSegment(380)) - c90ec3f3-d421-4e55-9ed5-50760aadc6ca@group-B4FB09DB6EFC-SegmentedRaftLogWorker: Starting segment from index:0
2019-09-26 10:52:12,411 [c90ec3f3-d421-4e55-9ed5-50760aadc6ca@group-B4FB09DB6EFC:LeaderElection59] INFO  impl.RaftServerImpl (ServerState.java:setRaftConf(354)) - c90ec3f3-d421-4e55-9ed5-50760aadc6ca@group-B4FB09DB6EFC: set configuration 0: [c90ec3f3-d421-4e55-9ed5-50760aadc6ca:192.168.30.13:32863], old=null at 0
2019-09-26 10:52:12,460 [c90ec3f3-d421-4e55-9ed5-50760aadc6ca@group-B4FB09DB6EFC-SegmentedRaftLogWorker] INFO  segmented.SegmentedRaftLogWorker (SegmentedRaftLogWorker.java:execute(569)) - c90ec3f3-d421-4e55-9ed5-50760aadc6ca@group-B4FB09DB6EFC-SegmentedRaftLogWorker: created new log segment /workdir/hadoop-ozone/ozonefs/target/test-dir/MiniOzoneClusterImpl-b00a5744-6e73-4fa1-a928-c24f0d5ffca4/datanode-9/data/ratis/b7836407-91b6-4f97-beb8-b4fb09db6efc/current/log_inprogress_0
2019-09-26 10:52:12,461 [Thread-467] INFO  impl.FollowerState (FollowerState.java:run(106)) - c90ec3f3-d421-4e55-9ed5-50760aadc6ca:group-0965524EA7E4 changes to CANDIDATE, lastRpcTime:5181, electionTimeout:5181ms
2019-09-26 10:52:12,462 [Thread-467] INFO  impl.RoleInfo (RoleInfo.java:shutdownFollowerState(121)) - c90ec3f3-d421-4e55-9ed5-50760aadc6ca: shutdown FollowerState
2019-09-26 10:52:12,462 [Thread-467] INFO  impl.RaftServerImpl (RaftServerImpl.java:setRole(174)) - c90ec3f3-d421-4e55-9ed5-50760aadc6ca@group-0965524EA7E4: changes role from  FOLLOWER to CANDIDATE at term 0 for changeToCandidate
2019-09-26 10:52:12,462 [Thread-467] INFO  impl.RoleInfo (RoleInfo.java:updateAndGet(143)) - c90ec3f3-d421-4e55-9ed5-50760aadc6ca: start LeaderElection
2019-09-26 10:52:12,472 [c90ec3f3-d421-4e55-9ed5-50760aadc6ca@group-0965524EA7E4:LeaderElection60] INFO  impl.LeaderElection (LeaderElection.java:askForVotes(182)) - c90ec3f3-d421-4e55-9ed5-50760aadc6ca@group-0965524EA7E4:LeaderElection60: begin an election at term 1 for -1: [c90ec3f3-d421-4e55-9ed5-50760aadc6ca:192.168.30.13:32863], old=null
2019-09-26 10:52:12,472 [c90ec3f3-d421-4e55-9ed5-50760aadc6ca@group-0965524EA7E4:LeaderElection60] INFO  impl.RoleInfo (RoleInfo.java:shutdownLeaderElection(134)) - c90ec3f3-d421-4e55-9ed5-50760aadc6ca: shutdown LeaderElection
2019-09-26 10:52:12,473 [c90ec3f3-d421-4e55-9ed5-50760aadc6ca@group-0965524EA7E4:LeaderElection60] INFO  impl.RaftServerImpl (RaftServerImpl.java:setRole(174)) - c90ec3f3-d421-4e55-9ed5-50760aadc6ca@group-0965524EA7E4: changes role from CANDIDATE to LEADER at term 1 for changeToLeader
2019-09-26 10:52:12,473 [c90ec3f3-d421-4e55-9ed5-50760aadc6ca@group-0965524EA7E4:LeaderElection60] INFO  impl.RaftServerImpl (ServerState.java:setLeader(253)) - c90ec3f3-d421-4e55-9ed5-50760aadc6ca@group-0965524EA7E4: change Leader from null to c90ec3f3-d421-4e55-9ed5-50760aadc6ca at term 1 for becomeLeader, leader elected after 5199ms
2019-09-26 10:52:12,473 [c90ec3f3-d421-4e55-9ed5-50760aadc6ca@group-0965524EA7E4:LeaderElection60] INFO  server.RaftServerConfigKeys (ConfUtils.java:logGet(43)) - raft.server.staging.catchup.gap = 1000 (default)
2019-09-26 10:52:12,473 [c90ec3f3-d421-4e55-9ed5-50760aadc6ca@group-0965524EA7E4:LeaderElection60] INFO  server.RaftServerConfigKeys (ConfUtils.java:logGet(43)) - raft.server.rpc.sleep.time = 25ms (default)
2019-09-26 10:52:12,473 [c90ec3f3-d421-4e55-9ed5-50760aadc6ca@group-0965524EA7E4:LeaderElection60] INFO  server.RaftServerConfigKeys (ConfUtils.java:logGet(43)) - raft.server.write.element-limit = 4096 (default)
2019-09-26 10:52:12,473 [c90ec3f3-d421-4e55-9ed5-50760aadc6ca@group-0965524EA7E4:LeaderElection60] INFO  server.RaftServerConfigKeys (ConfUtils.java:logGet(43)) - raft.server.watch.timeout = 10s (default)
2019-09-26 10:52:12,474 [c90ec3f3-d421-4e55-9ed5-50760aadc6ca@group-0965524EA7E4:LeaderElection60] INFO  server.RaftServerConfigKeys (ConfUtils.java:logGet(43)) - raft.server.watch.timeout.denomination = 1s (default)
2019-09-26 10:52:12,474 [c90ec3f3-d421-4e55-9ed5-50760aadc6ca@group-0965524EA7E4:LeaderElection60] INFO  server.RaftServerConfigKeys (ConfUtils.java:logGet(43)) - raft.server.watch.element-limit = 65536 (default)
2019-09-26 10:52:12,476 [c90ec3f3-d421-4e55-9ed5-50760aadc6ca@group-0965524EA7E4:LeaderElection60] INFO  impl.RoleInfo (RoleInfo.java:updateAndGet(143)) - c90ec3f3-d421-4e55-9ed5-50760aadc6ca: start LeaderState
2019-09-26 10:52:12,476 [c90ec3f3-d421-4e55-9ed5-50760aadc6ca@group-0965524EA7E4:LeaderElection60] INFO  segmented.SegmentedRaftLogWorker (SegmentedRaftLogWorker.java:startLogSegment(380)) - c90ec3f3-d421-4e55-9ed5-50760aadc6ca@group-0965524EA7E4-SegmentedRaftLogWorker: Starting segment from index:0
2019-09-26 10:52:12,477 [c90ec3f3-d421-4e55-9ed5-50760aadc6ca@group-0965524EA7E4:LeaderElection60] INFO  impl.RaftServerImpl (ServerState.java:setRaftConf(354)) - c90ec3f3-d421-4e55-9ed5-50760aadc6ca@group-0965524EA7E4: set configuration 0: [c90ec3f3-d421-4e55-9ed5-50760aadc6ca:192.168.30.13:32863], old=null at 0
2019-09-26 10:52:12,525 [c90ec3f3-d421-4e55-9ed5-50760aadc6ca@group-0965524EA7E4-SegmentedRaftLogWorker] INFO  segmented.SegmentedRaftLogWorker (SegmentedRaftLogWorker.java:execute(569)) - c90ec3f3-d421-4e55-9ed5-50760aadc6ca@group-0965524EA7E4-SegmentedRaftLogWorker: created new log segment /workdir/hadoop-ozone/ozonefs/target/test-dir/MiniOzoneClusterImpl-b00a5744-6e73-4fa1-a928-c24f0d5ffca4/datanode-9/data/ratis/11669679-3204-49ef-bb21-0965524ea7e4/current/log_inprogress_0
2019-09-26 10:52:14,057 [IPC Server handler 14 on 35185] INFO  pipeline.PipelinePlacementPolicy (PipelinePlacementPolicy.java:meetCriteria(91)) - Pipeline Placement: can't place more pipeline on heavy datanode： 2253380d-6ddc-421c-86f6-26acdb90a8c4 Heaviness: 6 limit: 5
2019-09-26 10:52:14,057 [IPC Server handler 14 on 35185] INFO  pipeline.PipelinePlacementPolicy (PipelinePlacementPolicy.java:meetCriteria(91)) - Pipeline Placement: can't place more pipeline on heavy datanode： 557f9f1f-13f1-4e9a-b9bb-f7fbe560edab Heaviness: 6 limit: 5
2019-09-26 10:52:14,057 [IPC Server handler 14 on 35185] INFO  pipeline.PipelinePlacementPolicy (PipelinePlacementPolicy.java:meetCriteria(91)) - Pipeline Placement: can't place more pipeline on heavy datanode： 0c06663d-3a07-4175-8dd2-9d41b1b53b1e Heaviness: 6 limit: 5
2019-09-26 10:52:14,057 [IPC Server handler 14 on 35185] INFO  pipeline.PipelinePlacementPolicy (PipelinePlacementPolicy.java:meetCriteria(91)) - Pipeline Placement: can't place more pipeline on heavy datanode： be8031e7-e5bc-4989-a875-174452875862 Heaviness: 6 limit: 5
2019-09-26 10:52:14,058 [IPC Server handler 14 on 35185] INFO  pipeline.PipelinePlacementPolicy (PipelinePlacementPolicy.java:meetCriteria(91)) - Pipeline Placement: can't place more pipeline on heavy datanode： 474bca52-b9cd-4602-ad06-63718c1fead5 Heaviness: 6 limit: 5
2019-09-26 10:52:14,058 [IPC Server handler 14 on 35185] INFO  pipeline.PipelinePlacementPolicy (PipelinePlacementPolicy.java:meetCriteria(91)) - Pipeline Placement: can't place more pipeline on heavy datanode： c0d2ea87-aa22-42eb-bba4-0246f89d2958 Heaviness: 6 limit: 5
2019-09-26 10:52:14,058 [IPC Server handler 14 on 35185] INFO  pipeline.PipelinePlacementPolicy (PipelinePlacementPolicy.java:meetCriteria(91)) - Pipeline Placement: can't place more pipeline on heavy datanode： 74579fe5-f222-4a32-8361-e642639fe135 Heaviness: 6 limit: 5
2019-09-26 10:52:14,058 [IPC Server handler 14 on 35185] INFO  pipeline.PipelinePlacementPolicy (PipelinePlacementPolicy.java:meetCriteria(91)) - Pipeline Placement: can't place more pipeline on heavy datanode： 87e84624-1b40-4389-b682-d98fe76436d1 Heaviness: 6 limit: 5
2019-09-26 10:52:14,058 [IPC Server handler 14 on 35185] INFO  pipeline.PipelinePlacementPolicy (PipelinePlacementPolicy.java:meetCriteria(91)) - Pipeline Placement: can't place more pipeline on heavy datanode： dd9d2e05-3ffa-4f1c-8a80-938e5f4f3192 Heaviness: 6 limit: 5
2019-09-26 10:52:14,058 [IPC Server handler 14 on 35185] INFO  pipeline.PipelinePlacementPolicy (PipelinePlacementPolicy.java:meetCriteria(91)) - Pipeline Placement: can't place more pipeline on heavy datanode： c90ec3f3-d421-4e55-9ed5-50760aadc6ca Heaviness: 6 limit: 5
2019-09-26 10:52:14,059 [IPC Server handler 14 on 35185] ERROR pipeline.PipelinePlacementPolicy (PipelinePlacementPolicy.java:filterViableNodes(148)) - Unable to find enough nodes that meet the criteria that cannot engage in more than 5 pipelines. Nodes required: 3 Found: 0, healthy nodes count inNodeManager: 10.
2019-09-26 10:52:14,059 [IPC Server handler 14 on 35185] ERROR pipeline.SCMPipelineManager (SCMPipelineManager.java:createPipeline(167)) - Pipeline creation failed.
org.apache.hadoop.hdds.scm.exceptions.SCMException: Unable to find enough nodes that meet the criteria that cannot engage in more than 5 pipelines. Nodes required: 3 Found: 0, healthy nodes count inNodeManager: 10.
	at org.apache.hadoop.hdds.scm.pipeline.PipelinePlacementPolicy.filterViableNodes(PipelinePlacementPolicy.java:149)
	at org.apache.hadoop.hdds.scm.pipeline.PipelinePlacementPolicy.chooseDatanodes(PipelinePlacementPolicy.java:172)
	at org.apache.hadoop.hdds.scm.pipeline.RatisPipelineProvider.create(RatisPipelineProvider.java:93)
	at org.apache.hadoop.hdds.scm.pipeline.PipelineFactory.create(PipelineFactory.java:58)
	at org.apache.hadoop.hdds.scm.pipeline.SCMPipelineManager.createPipeline(SCMPipelineManager.java:155)
	at org.apache.hadoop.hdds.scm.block.BlockManagerImpl.allocateBlock(BlockManagerImpl.java:190)
	at org.apache.hadoop.hdds.scm.server.SCMBlockProtocolServer.allocateBlock(SCMBlockProtocolServer.java:182)
	at org.apache.hadoop.ozone.protocolPB.ScmBlockLocationProtocolServerSideTranslatorPB.allocateScmBlock(ScmBlockLocationProtocolServerSideTranslatorPB.java:183)
	at org.apache.hadoop.ozone.protocolPB.ScmBlockLocationProtocolServerSideTranslatorPB.processMessage(ScmBlockLocationProtocolServerSideTranslatorPB.java:141)
	at org.apache.hadoop.ozone.protocolPB.ScmBlockLocationProtocolServerSideTranslatorPB.send(ScmBlockLocationProtocolServerSideTranslatorPB.java:116)
	at org.apache.hadoop.hdds.protocol.proto.ScmBlockLocationProtocolProtos$ScmBlockLocationProtocolService$2.callBlockingMethod(ScmBlockLocationProtocolProtos.java:13157)
	at org.apache.hadoop.ipc.ProtobufRpcEngine$Server$ProtoBufRpcInvoker.call(ProtobufRpcEngine.java:524)
	at org.apache.hadoop.ipc.RPC$Server.call(RPC.java:1025)
	at org.apache.hadoop.ipc.Server$RpcCall.run(Server.java:876)
	at org.apache.hadoop.ipc.Server$RpcCall.run(Server.java:822)
	at java.security.AccessController.doPrivileged(Native Method)
	at javax.security.auth.Subject.doAs(Subject.java:422)
	at org.apache.hadoop.security.UserGroupInformation.doAs(UserGroupInformation.java:1730)
	at org.apache.hadoop.ipc.Server$Handler.run(Server.java:2682)
2019-09-26 10:52:14,060 [IPC Server handler 14 on 35185] WARN  block.BlockManagerImpl (BlockManagerImpl.java:allocateBlock(192)) - Pipeline creation failed for type:RATIS factor:THREE. Retrying get pipelines call once.
org.apache.hadoop.hdds.scm.exceptions.SCMException: Unable to find enough nodes that meet the criteria that cannot engage in more than 5 pipelines. Nodes required: 3 Found: 0, healthy nodes count inNodeManager: 10.
	at org.apache.hadoop.hdds.scm.pipeline.PipelinePlacementPolicy.filterViableNodes(PipelinePlacementPolicy.java:149)
	at org.apache.hadoop.hdds.scm.pipeline.PipelinePlacementPolicy.chooseDatanodes(PipelinePlacementPolicy.java:172)
	at org.apache.hadoop.hdds.scm.pipeline.RatisPipelineProvider.create(RatisPipelineProvider.java:93)
	at org.apache.hadoop.hdds.scm.pipeline.PipelineFactory.create(PipelineFactory.java:58)
	at org.apache.hadoop.hdds.scm.pipeline.SCMPipelineManager.createPipeline(SCMPipelineManager.java:155)
	at org.apache.hadoop.hdds.scm.block.BlockManagerImpl.allocateBlock(BlockManagerImpl.java:190)
	at org.apache.hadoop.hdds.scm.server.SCMBlockProtocolServer.allocateBlock(SCMBlockProtocolServer.java:182)
	at org.apache.hadoop.ozone.protocolPB.ScmBlockLocationProtocolServerSideTranslatorPB.allocateScmBlock(ScmBlockLocationProtocolServerSideTranslatorPB.java:183)
	at org.apache.hadoop.ozone.protocolPB.ScmBlockLocationProtocolServerSideTranslatorPB.processMessage(ScmBlockLocationProtocolServerSideTranslatorPB.java:141)
	at org.apache.hadoop.ozone.protocolPB.ScmBlockLocationProtocolServerSideTranslatorPB.send(ScmBlockLocationProtocolServerSideTranslatorPB.java:116)
	at org.apache.hadoop.hdds.protocol.proto.ScmBlockLocationProtocolProtos$ScmBlockLocationProtocolService$2.callBlockingMethod(ScmBlockLocationProtocolProtos.java:13157)
	at org.apache.hadoop.ipc.ProtobufRpcEngine$Server$ProtoBufRpcInvoker.call(ProtobufRpcEngine.java:524)
	at org.apache.hadoop.ipc.RPC$Server.call(RPC.java:1025)
	at org.apache.hadoop.ipc.Server$RpcCall.run(Server.java:876)
	at org.apache.hadoop.ipc.Server$RpcCall.run(Server.java:822)
	at java.security.AccessController.doPrivileged(Native Method)
	at javax.security.auth.Subject.doAs(Subject.java:422)
	at org.apache.hadoop.security.UserGroupInformation.doAs(UserGroupInformation.java:1730)
	at org.apache.hadoop.ipc.Server$Handler.run(Server.java:2682)
2019-09-26 10:52:14,061 [IPC Server handler 14 on 35185] INFO  block.BlockManagerImpl (BlockManagerImpl.java:allocateBlock(198)) - Could not find available pipeline of type:RATIS and factor:THREE even after retrying
2019-09-26 10:52:14,061 [IPC Server handler 14 on 35185] ERROR block.BlockManagerImpl (BlockManagerImpl.java:allocateBlock(222)) - Unable to allocate a block for the size: 4194304, type: RATIS, factor: THREE
2019-09-26 10:52:14,069 [main] INFO  ozone.MiniOzoneClusterImpl (MiniOzoneClusterImpl.java:shutdown(314)) - Shutting down the Mini Ozone Cluster
2019-09-26 10:52:14,069 [main] INFO  ozone.MiniOzoneClusterImpl (MiniOzoneClusterImpl.java:stop(330)) - Stopping the Mini Ozone Cluster
2019-09-26 10:52:14,070 [main] INFO  ozone.MiniOzoneClusterImpl (MiniOzoneClusterImpl.java:stopOM(400)) - Stopping the OzoneManager
2019-09-26 10:52:14,070 [main] INFO  ipc.Server (Server.java:stop(3082)) - Stopping server on 45150
2019-09-26 10:52:14,128 [IPC Server listener on 45150] INFO  ipc.Server (Server.java:run(1185)) - Stopping IPC Server listener on 45150
2019-09-26 10:52:14,129 [main] INFO  ratis.OzoneManagerDoubleBuffer (OzoneManagerDoubleBuffer.java:stop(248)) - Stopping OMDoubleBuffer flush thread
2019-09-26 10:52:14,129 [IPC Server Responder] INFO  ipc.Server (Server.java:run(1319)) - Stopping IPC Server Responder
2019-09-26 10:52:14,132 [OMDoubleBufferFlushThread] INFO  ratis.OzoneManagerDoubleBuffer (OzoneManagerDoubleBuffer.java:flushTransactions(191)) - OMDoubleBuffer flush thread OMDoubleBufferFlushThread is interrupted and will exit. OMDoubleBufferFlushThread
2019-09-26 10:52:14,531 [main] INFO  utils.BackgroundService (BackgroundService.java:shutdown(148)) - Shutting down service KeyDeletingService
2019-09-26 10:52:14,536 [main] INFO  handler.ContextHandler (ContextHandler.java:doStop(910)) - Stopped o.e.j.w.WebAppContext@6bd16207{/,null,UNAVAILABLE}{/ozoneManager}
2019-09-26 10:52:14,541 [main] INFO  server.AbstractConnector (AbstractConnector.java:doStop(318)) - Stopped ServerConnector@298d9a05{HTTP/1.1,[http/1.1]}{0.0.0.0:0}
2019-09-26 10:52:14,541 [main] INFO  handler.ContextHandler (ContextHandler.java:doStop(910)) - Stopped o.e.j.s.ServletContextHandler@30506c0d{/static,jar:file:/home/user/.m2/repository/org/apache/hadoop/hadoop-ozone-ozone-manager/0.5.0-SNAPSHOT/hadoop-ozone-ozone-manager-0.5.0-SNAPSHOT.jar!/webapps/static,UNAVAILABLE}
2019-09-26 10:52:14,542 [main] INFO  handler.ContextHandler (ContextHandler.java:doStop(910)) - Stopped o.e.j.s.ServletContextHandler@675ffd1d{/logs,file:///workdir/hadoop-ozone/ozonefs/target/log,UNAVAILABLE}
2019-09-26 10:52:14,548 [main] INFO  ozone.MiniOzoneClusterImpl (MiniOzoneClusterImpl.java:stopDatanodes(377)) - Stopping the HddsDatanodes
2019-09-26 10:52:14,863 [Datanode State Machine Thread - 0] INFO  statemachine.DatanodeStateMachine (DatanodeStateMachine.java:lambda$startDaemon$0(350)) - Ozone container server started.
2019-09-26 10:52:15,530 [Datanode State Machine Thread - 0] INFO  statemachine.DatanodeStateMachine (DatanodeStateMachine.java:lambda$startDaemon$0(350)) - Ozone container server started.
2019-09-26 10:52:19,551 [ForkJoinPool.commonPool-worker-1] INFO  ozoneimpl.OzoneContainer (OzoneContainer.java:stop(231)) - Attempting to stop container services.
2019-09-26 10:52:19,551 [main] INFO  ozoneimpl.OzoneContainer (OzoneContainer.java:stop(231)) - Attempting to stop container services.
2019-09-26 10:52:19,552 [main] INFO  impl.RaftServerProxy (RaftServerProxy.java:lambda$close$4(314)) - dd9d2e05-3ffa-4f1c-8a80-938e5f4f3192: close
2019-09-26 10:52:19,552 [ForkJoinPool.commonPool-worker-1] INFO  impl.RaftServerProxy (RaftServerProxy.java:lambda$close$4(314)) - 474bca52-b9cd-4602-ad06-63718c1fead5: close
2019-09-26 10:52:19,556 [main] INFO  impl.RaftServerImpl (RaftServerImpl.java:lambda$shutdown$3(251)) - dd9d2e05-3ffa-4f1c-8a80-938e5f4f3192@group-F29D1FF8D895: shutdown
2019-09-26 10:52:19,556 [ForkJoinPool.commonPool-worker-1] INFO  impl.RaftServerImpl (RaftServerImpl.java:lambda$shutdown$3(251)) - 474bca52-b9cd-4602-ad06-63718c1fead5@group-E8BDBDC92291: shutdown
2019-09-26 10:52:19,556 [main] INFO  util.JmxRegister (JmxRegister.java:unregister(73)) - Successfully un-registered JMX Bean with object name Ratis:service=RaftServer,group=group-F29D1FF8D895,id=dd9d2e05-3ffa-4f1c-8a80-938e5f4f3192
2019-09-26 10:52:19,557 [ForkJoinPool.commonPool-worker-1] INFO  util.JmxRegister (JmxRegister.java:unregister(73)) - Successfully un-registered JMX Bean with object name Ratis:service=RaftServer,group=group-E8BDBDC92291,id=474bca52-b9cd-4602-ad06-63718c1fead5
2019-09-26 10:52:19,557 [main] INFO  impl.RoleInfo (RoleInfo.java:shutdownLeaderState(104)) - dd9d2e05-3ffa-4f1c-8a80-938e5f4f3192: shutdown LeaderState
2019-09-26 10:52:19,557 [ForkJoinPool.commonPool-worker-1] INFO  impl.RoleInfo (RoleInfo.java:shutdownLeaderState(104)) - 474bca52-b9cd-4602-ad06-63718c1fead5: shutdown LeaderState
2019-09-26 10:52:19,559 [main] INFO  impl.PendingRequests (PendingRequests.java:sendNotLeaderResponses(202)) - dd9d2e05-3ffa-4f1c-8a80-938e5f4f3192-PendingRequests: sendNotLeaderResponses
2019-09-26 10:52:19,559 [ForkJoinPool.commonPool-worker-1] INFO  impl.PendingRequests (PendingRequests.java:sendNotLeaderResponses(202)) - 474bca52-b9cd-4602-ad06-63718c1fead5-PendingRequests: sendNotLeaderResponses
2019-09-26 10:52:19,566 [ForkJoinPool.commonPool-worker-1] INFO  impl.StateMachineUpdater (StateMachineUpdater.java:stopAndJoin(125)) - 474bca52-b9cd-4602-ad06-63718c1fead5@group-E8BDBDC92291-StateMachineUpdater: set stopIndex = 0
2019-09-26 10:52:19,566 [main] INFO  impl.StateMachineUpdater (StateMachineUpdater.java:stopAndJoin(125)) - dd9d2e05-3ffa-4f1c-8a80-938e5f4f3192@group-F29D1FF8D895-StateMachineUpdater: set stopIndex = 0
2019-09-26 10:52:19,573 [main] INFO  impl.RaftServerImpl (ServerState.java:close(385)) - dd9d2e05-3ffa-4f1c-8a80-938e5f4f3192@group-F29D1FF8D895: closes. applyIndex: 0
2019-09-26 10:52:19,573 [ForkJoinPool.commonPool-worker-1] INFO  impl.RaftServerImpl (ServerState.java:close(385)) - 474bca52-b9cd-4602-ad06-63718c1fead5@group-E8BDBDC92291: closes. applyIndex: 0
2019-09-26 10:52:19,576 [dd9d2e05-3ffa-4f1c-8a80-938e5f4f3192@group-F29D1FF8D895-SegmentedRaftLogWorker] INFO  segmented.SegmentedRaftLogWorker (SegmentedRaftLogWorker.java:run(313)) - dd9d2e05-3ffa-4f1c-8a80-938e5f4f3192@group-F29D1FF8D895-SegmentedRaftLogWorker was interrupted, exiting. There are 0 tasks remaining in the queue.
2019-09-26 10:52:19,576 [474bca52-b9cd-4602-ad06-63718c1fead5@group-E8BDBDC92291-SegmentedRaftLogWorker] INFO  segmented.SegmentedRaftLogWorker (SegmentedRaftLogWorker.java:run(313)) - 474bca52-b9cd-4602-ad06-63718c1fead5@group-E8BDBDC92291-SegmentedRaftLogWorker was interrupted, exiting. There are 0 tasks remaining in the queue.
2019-09-26 10:52:19,583 [ForkJoinPool.commonPool-worker-1] INFO  segmented.SegmentedRaftLogWorker (SegmentedRaftLogWorker.java:close(228)) - 474bca52-b9cd-4602-ad06-63718c1fead5@group-E8BDBDC92291-SegmentedRaftLogWorker close()
2019-09-26 10:52:19,583 [main] INFO  segmented.SegmentedRaftLogWorker (SegmentedRaftLogWorker.java:close(228)) - dd9d2e05-3ffa-4f1c-8a80-938e5f4f3192@group-F29D1FF8D895-SegmentedRaftLogWorker close()
2019-09-26 10:52:19,590 [ForkJoinPool.commonPool-worker-1] INFO  impl.RaftServerImpl (RaftServerImpl.java:lambda$shutdown$3(251)) - 474bca52-b9cd-4602-ad06-63718c1fead5@group-22CB0531F6F1: shutdown
2019-09-26 10:52:19,596 [main] INFO  impl.RaftServerImpl (RaftServerImpl.java:lambda$shutdown$3(251)) - dd9d2e05-3ffa-4f1c-8a80-938e5f4f3192@group-9527766B34C3: shutdown
2019-09-26 10:52:19,596 [ForkJoinPool.commonPool-worker-1] INFO  util.JmxRegister (JmxRegister.java:unregister(73)) - Successfully un-registered JMX Bean with object name Ratis:service=RaftServer,group=group-22CB0531F6F1,id=474bca52-b9cd-4602-ad06-63718c1fead5
2019-09-26 10:52:19,597 [main] INFO  util.JmxRegister (JmxRegister.java:unregister(73)) - Successfully un-registered JMX Bean with object name Ratis:service=RaftServer,group=group-9527766B34C3,id=dd9d2e05-3ffa-4f1c-8a80-938e5f4f3192
2019-09-26 10:52:19,597 [main] INFO  impl.RoleInfo (RoleInfo.java:shutdownLeaderState(104)) - dd9d2e05-3ffa-4f1c-8a80-938e5f4f3192: shutdown LeaderState
2019-09-26 10:52:19,597 [ForkJoinPool.commonPool-worker-1] INFO  impl.RoleInfo (RoleInfo.java:shutdownLeaderState(104)) - 474bca52-b9cd-4602-ad06-63718c1fead5: shutdown LeaderState
2019-09-26 10:52:19,598 [main] INFO  impl.PendingRequests (PendingRequests.java:sendNotLeaderResponses(202)) - dd9d2e05-3ffa-4f1c-8a80-938e5f4f3192-PendingRequests: sendNotLeaderResponses
2019-09-26 10:52:19,598 [ForkJoinPool.commonPool-worker-1] INFO  impl.PendingRequests (PendingRequests.java:sendNotLeaderResponses(202)) - 474bca52-b9cd-4602-ad06-63718c1fead5-PendingRequests: sendNotLeaderResponses
2019-09-26 10:52:19,599 [main] INFO  impl.StateMachineUpdater (StateMachineUpdater.java:stopAndJoin(125)) - dd9d2e05-3ffa-4f1c-8a80-938e5f4f3192@group-9527766B34C3-StateMachineUpdater: set stopIndex = 0
2019-09-26 10:52:19,599 [main] INFO  impl.RaftServerImpl (ServerState.java:close(385)) - dd9d2e05-3ffa-4f1c-8a80-938e5f4f3192@group-9527766B34C3: closes. applyIndex: 0
2019-09-26 10:52:19,599 [ForkJoinPool.commonPool-worker-1] INFO  impl.StateMachineUpdater (StateMachineUpdater.java:stopAndJoin(125)) - 474bca52-b9cd-4602-ad06-63718c1fead5@group-22CB0531F6F1-StateMachineUpdater: set stopIndex = 0
2019-09-26 10:52:19,600 [dd9d2e05-3ffa-4f1c-8a80-938e5f4f3192@group-9527766B34C3-SegmentedRaftLogWorker] INFO  segmented.SegmentedRaftLogWorker (SegmentedRaftLogWorker.java:run(313)) - dd9d2e05-3ffa-4f1c-8a80-938e5f4f3192@group-9527766B34C3-SegmentedRaftLogWorker was interrupted, exiting. There are 0 tasks remaining in the queue.
2019-09-26 10:52:19,600 [ForkJoinPool.commonPool-worker-1] INFO  impl.RaftServerImpl (ServerState.java:close(385)) - 474bca52-b9cd-4602-ad06-63718c1fead5@group-22CB0531F6F1: closes. applyIndex: 0
2019-09-26 10:52:19,603 [main] INFO  segmented.SegmentedRaftLogWorker (SegmentedRaftLogWorker.java:close(228)) - dd9d2e05-3ffa-4f1c-8a80-938e5f4f3192@group-9527766B34C3-SegmentedRaftLogWorker close()
2019-09-26 10:52:19,604 [474bca52-b9cd-4602-ad06-63718c1fead5@group-22CB0531F6F1-SegmentedRaftLogWorker] INFO  segmented.SegmentedRaftLogWorker (SegmentedRaftLogWorker.java:run(313)) - 474bca52-b9cd-4602-ad06-63718c1fead5@group-22CB0531F6F1-SegmentedRaftLogWorker was interrupted, exiting. There are 0 tasks remaining in the queue.
2019-09-26 10:52:19,609 [main] INFO  impl.RaftServerImpl (RaftServerImpl.java:lambda$shutdown$3(251)) - dd9d2e05-3ffa-4f1c-8a80-938e5f4f3192@group-9EB75662DDC9: shutdown
2019-09-26 10:52:19,612 [ForkJoinPool.commonPool-worker-1] INFO  segmented.SegmentedRaftLogWorker (SegmentedRaftLogWorker.java:close(228)) - 474bca52-b9cd-4602-ad06-63718c1fead5@group-22CB0531F6F1-SegmentedRaftLogWorker close()
2019-09-26 10:52:19,613 [main] INFO  util.JmxRegister (JmxRegister.java:unregister(73)) - Successfully un-registered JMX Bean with object name Ratis:service=RaftServer,group=group-9EB75662DDC9,id=dd9d2e05-3ffa-4f1c-8a80-938e5f4f3192
2019-09-26 10:52:19,618 [ForkJoinPool.commonPool-worker-1] INFO  impl.RaftServerImpl (RaftServerImpl.java:lambda$shutdown$3(251)) - 474bca52-b9cd-4602-ad06-63718c1fead5@group-C16E29AD95E7: shutdown
2019-09-26 10:52:19,619 [main] INFO  impl.RoleInfo (RoleInfo.java:shutdownLeaderState(104)) - dd9d2e05-3ffa-4f1c-8a80-938e5f4f3192: shutdown LeaderState
2019-09-26 10:52:19,619 [ForkJoinPool.commonPool-worker-1] INFO  util.JmxRegister (JmxRegister.java:unregister(73)) - Successfully un-registered JMX Bean with object name Ratis:service=RaftServer,group=group-C16E29AD95E7,id=474bca52-b9cd-4602-ad06-63718c1fead5
2019-09-26 10:52:19,619 [main] INFO  impl.PendingRequests (PendingRequests.java:sendNotLeaderResponses(202)) - dd9d2e05-3ffa-4f1c-8a80-938e5f4f3192-PendingRequests: sendNotLeaderResponses
2019-09-26 10:52:19,620 [ForkJoinPool.commonPool-worker-1] INFO  impl.RoleInfo (RoleInfo.java:shutdownLeaderState(104)) - 474bca52-b9cd-4602-ad06-63718c1fead5: shutdown LeaderState
2019-09-26 10:52:19,620 [main] INFO  impl.StateMachineUpdater (StateMachineUpdater.java:stopAndJoin(125)) - dd9d2e05-3ffa-4f1c-8a80-938e5f4f3192@group-9EB75662DDC9-StateMachineUpdater: set stopIndex = 0
2019-09-26 10:52:19,620 [ForkJoinPool.commonPool-worker-1] INFO  impl.PendingRequests (PendingRequests.java:sendNotLeaderResponses(202)) - 474bca52-b9cd-4602-ad06-63718c1fead5-PendingRequests: sendNotLeaderResponses
2019-09-26 10:52:19,621 [main] INFO  impl.RaftServerImpl (ServerState.java:close(385)) - dd9d2e05-3ffa-4f1c-8a80-938e5f4f3192@group-9EB75662DDC9: closes. applyIndex: 0
2019-09-26 10:52:19,621 [ForkJoinPool.commonPool-worker-1] INFO  impl.StateMachineUpdater (StateMachineUpdater.java:stopAndJoin(125)) - 474bca52-b9cd-4602-ad06-63718c1fead5@group-C16E29AD95E7-StateMachineUpdater: set stopIndex = 0
2019-09-26 10:52:19,622 [dd9d2e05-3ffa-4f1c-8a80-938e5f4f3192@group-9EB75662DDC9-SegmentedRaftLogWorker] INFO  segmented.SegmentedRaftLogWorker (SegmentedRaftLogWorker.java:run(313)) - dd9d2e05-3ffa-4f1c-8a80-938e5f4f3192@group-9EB75662DDC9-SegmentedRaftLogWorker was interrupted, exiting. There are 0 tasks remaining in the queue.
2019-09-26 10:52:19,622 [ForkJoinPool.commonPool-worker-1] INFO  impl.RaftServerImpl (ServerState.java:close(385)) - 474bca52-b9cd-4602-ad06-63718c1fead5@group-C16E29AD95E7: closes. applyIndex: 0
2019-09-26 10:52:19,625 [main] INFO  segmented.SegmentedRaftLogWorker (SegmentedRaftLogWorker.java:close(228)) - dd9d2e05-3ffa-4f1c-8a80-938e5f4f3192@group-9EB75662DDC9-SegmentedRaftLogWorker close()
2019-09-26 10:52:19,625 [474bca52-b9cd-4602-ad06-63718c1fead5@group-C16E29AD95E7-SegmentedRaftLogWorker] INFO  segmented.SegmentedRaftLogWorker (SegmentedRaftLogWorker.java:run(313)) - 474bca52-b9cd-4602-ad06-63718c1fead5@group-C16E29AD95E7-SegmentedRaftLogWorker was interrupted, exiting. There are 0 tasks remaining in the queue.
2019-09-26 10:52:19,630 [main] INFO  impl.RaftServerImpl (RaftServerImpl.java:lambda$shutdown$3(251)) - dd9d2e05-3ffa-4f1c-8a80-938e5f4f3192@group-E327E8683BFB: shutdown
2019-09-26 10:52:19,634 [ForkJoinPool.commonPool-worker-1] INFO  segmented.SegmentedRaftLogWorker (SegmentedRaftLogWorker.java:close(228)) - 474bca52-b9cd-4602-ad06-63718c1fead5@group-C16E29AD95E7-SegmentedRaftLogWorker close()
2019-09-26 10:52:19,634 [main] INFO  util.JmxRegister (JmxRegister.java:unregister(73)) - Successfully un-registered JMX Bean with object name Ratis:service=RaftServer,group=group-E327E8683BFB,id=dd9d2e05-3ffa-4f1c-8a80-938e5f4f3192
2019-09-26 10:52:19,639 [ForkJoinPool.commonPool-worker-1] INFO  impl.RaftServerImpl (RaftServerImpl.java:lambda$shutdown$3(251)) - 474bca52-b9cd-4602-ad06-63718c1fead5@group-81B265E33DC2: shutdown
2019-09-26 10:52:19,639 [main] INFO  impl.RoleInfo (RoleInfo.java:shutdownLeaderState(104)) - dd9d2e05-3ffa-4f1c-8a80-938e5f4f3192: shutdown LeaderState
2019-09-26 10:52:19,640 [ForkJoinPool.commonPool-worker-1] INFO  util.JmxRegister (JmxRegister.java:unregister(73)) - Successfully un-registered JMX Bean with object name Ratis:service=RaftServer,group=group-81B265E33DC2,id=474bca52-b9cd-4602-ad06-63718c1fead5
2019-09-26 10:52:19,640 [main] INFO  impl.PendingRequests (PendingRequests.java:sendNotLeaderResponses(202)) - dd9d2e05-3ffa-4f1c-8a80-938e5f4f3192-PendingRequests: sendNotLeaderResponses
2019-09-26 10:52:19,640 [ForkJoinPool.commonPool-worker-1] INFO  impl.RoleInfo (RoleInfo.java:shutdownLeaderState(104)) - 474bca52-b9cd-4602-ad06-63718c1fead5: shutdown LeaderState
2019-09-26 10:52:19,641 [main] INFO  impl.StateMachineUpdater (StateMachineUpdater.java:stopAndJoin(125)) - dd9d2e05-3ffa-4f1c-8a80-938e5f4f3192@group-E327E8683BFB-StateMachineUpdater: set stopIndex = 0
2019-09-26 10:52:19,641 [ForkJoinPool.commonPool-worker-1] INFO  impl.PendingRequests (PendingRequests.java:sendNotLeaderResponses(202)) - 474bca52-b9cd-4602-ad06-63718c1fead5-PendingRequests: sendNotLeaderResponses
2019-09-26 10:52:19,642 [main] INFO  impl.RaftServerImpl (ServerState.java:close(385)) - dd9d2e05-3ffa-4f1c-8a80-938e5f4f3192@group-E327E8683BFB: closes. applyIndex: 0
2019-09-26 10:52:19,642 [ForkJoinPool.commonPool-worker-1] INFO  impl.StateMachineUpdater (StateMachineUpdater.java:stopAndJoin(125)) - 474bca52-b9cd-4602-ad06-63718c1fead5@group-81B265E33DC2-StateMachineUpdater: set stopIndex = 0
2019-09-26 10:52:19,642 [dd9d2e05-3ffa-4f1c-8a80-938e5f4f3192@group-E327E8683BFB-SegmentedRaftLogWorker] INFO  segmented.SegmentedRaftLogWorker (SegmentedRaftLogWorker.java:run(313)) - dd9d2e05-3ffa-4f1c-8a80-938e5f4f3192@group-E327E8683BFB-SegmentedRaftLogWorker was interrupted, exiting. There are 0 tasks remaining in the queue.
2019-09-26 10:52:19,643 [ForkJoinPool.commonPool-worker-1] INFO  impl.RaftServerImpl (ServerState.java:close(385)) - 474bca52-b9cd-4602-ad06-63718c1fead5@group-81B265E33DC2: closes. applyIndex: 0
2019-09-26 10:52:19,646 [main] INFO  segmented.SegmentedRaftLogWorker (SegmentedRaftLogWorker.java:close(228)) - dd9d2e05-3ffa-4f1c-8a80-938e5f4f3192@group-E327E8683BFB-SegmentedRaftLogWorker close()
2019-09-26 10:52:19,646 [474bca52-b9cd-4602-ad06-63718c1fead5@group-81B265E33DC2-SegmentedRaftLogWorker] INFO  segmented.SegmentedRaftLogWorker (SegmentedRaftLogWorker.java:run(313)) - 474bca52-b9cd-4602-ad06-63718c1fead5@group-81B265E33DC2-SegmentedRaftLogWorker was interrupted, exiting. There are 0 tasks remaining in the queue.
2019-09-26 10:52:19,651 [main] INFO  impl.RaftServerImpl (RaftServerImpl.java:lambda$shutdown$3(251)) - dd9d2e05-3ffa-4f1c-8a80-938e5f4f3192@group-E5D4FD95D687: shutdown
2019-09-26 10:52:19,654 [ForkJoinPool.commonPool-worker-1] INFO  segmented.SegmentedRaftLogWorker (SegmentedRaftLogWorker.java:close(228)) - 474bca52-b9cd-4602-ad06-63718c1fead5@group-81B265E33DC2-SegmentedRaftLogWorker close()
2019-09-26 10:52:19,654 [main] INFO  util.JmxRegister (JmxRegister.java:unregister(73)) - Successfully un-registered JMX Bean with object name Ratis:service=RaftServer,group=group-E5D4FD95D687,id=dd9d2e05-3ffa-4f1c-8a80-938e5f4f3192
2019-09-26 10:52:19,660 [ForkJoinPool.commonPool-worker-1] INFO  impl.RaftServerImpl (RaftServerImpl.java:lambda$shutdown$3(251)) - 474bca52-b9cd-4602-ad06-63718c1fead5@group-053758EF1758: shutdown
2019-09-26 10:52:19,660 [main] INFO  impl.RoleInfo (RoleInfo.java:shutdownLeaderState(104)) - dd9d2e05-3ffa-4f1c-8a80-938e5f4f3192: shutdown LeaderState
2019-09-26 10:52:19,660 [ForkJoinPool.commonPool-worker-1] INFO  util.JmxRegister (JmxRegister.java:unregister(73)) - Successfully un-registered JMX Bean with object name Ratis:service=RaftServer,group=group-053758EF1758,id=474bca52-b9cd-4602-ad06-63718c1fead5
2019-09-26 10:52:19,661 [main] INFO  impl.PendingRequests (PendingRequests.java:sendNotLeaderResponses(202)) - dd9d2e05-3ffa-4f1c-8a80-938e5f4f3192-PendingRequests: sendNotLeaderResponses
2019-09-26 10:52:19,661 [ForkJoinPool.commonPool-worker-1] INFO  impl.RoleInfo (RoleInfo.java:shutdownLeaderState(104)) - 474bca52-b9cd-4602-ad06-63718c1fead5: shutdown LeaderState
2019-09-26 10:52:19,661 [main] INFO  impl.StateMachineUpdater (StateMachineUpdater.java:stopAndJoin(125)) - dd9d2e05-3ffa-4f1c-8a80-938e5f4f3192@group-E5D4FD95D687-StateMachineUpdater: set stopIndex = 0
2019-09-26 10:52:19,662 [ForkJoinPool.commonPool-worker-1] INFO  impl.PendingRequests (PendingRequests.java:sendNotLeaderResponses(202)) - 474bca52-b9cd-4602-ad06-63718c1fead5-PendingRequests: sendNotLeaderResponses
2019-09-26 10:52:19,662 [main] INFO  impl.RaftServerImpl (ServerState.java:close(385)) - dd9d2e05-3ffa-4f1c-8a80-938e5f4f3192@group-E5D4FD95D687: closes. applyIndex: 0
2019-09-26 10:52:19,662 [ForkJoinPool.commonPool-worker-1] INFO  impl.StateMachineUpdater (StateMachineUpdater.java:stopAndJoin(125)) - 474bca52-b9cd-4602-ad06-63718c1fead5@group-053758EF1758-StateMachineUpdater: set stopIndex = 0
2019-09-26 10:52:19,663 [dd9d2e05-3ffa-4f1c-8a80-938e5f4f3192@group-E5D4FD95D687-SegmentedRaftLogWorker] INFO  segmented.SegmentedRaftLogWorker (SegmentedRaftLogWorker.java:run(313)) - dd9d2e05-3ffa-4f1c-8a80-938e5f4f3192@group-E5D4FD95D687-SegmentedRaftLogWorker was interrupted, exiting. There are 0 tasks remaining in the queue.
2019-09-26 10:52:19,663 [ForkJoinPool.commonPool-worker-1] INFO  impl.RaftServerImpl (ServerState.java:close(385)) - 474bca52-b9cd-4602-ad06-63718c1fead5@group-053758EF1758: closes. applyIndex: 0
2019-09-26 10:52:19,669 [main] INFO  segmented.SegmentedRaftLogWorker (SegmentedRaftLogWorker.java:close(228)) - dd9d2e05-3ffa-4f1c-8a80-938e5f4f3192@group-E5D4FD95D687-SegmentedRaftLogWorker close()
2019-09-26 10:52:19,669 [474bca52-b9cd-4602-ad06-63718c1fead5@group-053758EF1758-SegmentedRaftLogWorker] INFO  segmented.SegmentedRaftLogWorker (SegmentedRaftLogWorker.java:run(313)) - 474bca52-b9cd-4602-ad06-63718c1fead5@group-053758EF1758-SegmentedRaftLogWorker was interrupted, exiting. There are 0 tasks remaining in the queue.
2019-09-26 10:52:19,676 [main] INFO  impl.RaftServerImpl (RaftServerImpl.java:lambda$shutdown$3(251)) - dd9d2e05-3ffa-4f1c-8a80-938e5f4f3192@group-74BB72D0174F: shutdown
2019-09-26 10:52:19,679 [ForkJoinPool.commonPool-worker-1] INFO  segmented.SegmentedRaftLogWorker (SegmentedRaftLogWorker.java:close(228)) - 474bca52-b9cd-4602-ad06-63718c1fead5@group-053758EF1758-SegmentedRaftLogWorker close()
2019-09-26 10:52:19,679 [main] INFO  util.JmxRegister (JmxRegister.java:unregister(73)) - Successfully un-registered JMX Bean with object name Ratis:service=RaftServer,group=group-74BB72D0174F,id=dd9d2e05-3ffa-4f1c-8a80-938e5f4f3192
2019-09-26 10:52:19,704 [ForkJoinPool.commonPool-worker-1] INFO  impl.RaftServerImpl (RaftServerImpl.java:lambda$shutdown$3(251)) - 474bca52-b9cd-4602-ad06-63718c1fead5@group-B8899513A954: shutdown
2019-09-26 10:52:19,704 [main] INFO  impl.RoleInfo (RoleInfo.java:shutdownLeaderState(104)) - dd9d2e05-3ffa-4f1c-8a80-938e5f4f3192: shutdown LeaderState
2019-09-26 10:52:19,704 [ForkJoinPool.commonPool-worker-1] INFO  util.JmxRegister (JmxRegister.java:unregister(73)) - Successfully un-registered JMX Bean with object name Ratis:service=RaftServer,group=group-B8899513A954,id=474bca52-b9cd-4602-ad06-63718c1fead5
2019-09-26 10:52:19,705 [main] INFO  impl.PendingRequests (PendingRequests.java:sendNotLeaderResponses(202)) - dd9d2e05-3ffa-4f1c-8a80-938e5f4f3192-PendingRequests: sendNotLeaderResponses
2019-09-26 10:52:19,705 [ForkJoinPool.commonPool-worker-1] INFO  impl.RoleInfo (RoleInfo.java:shutdownLeaderState(104)) - 474bca52-b9cd-4602-ad06-63718c1fead5: shutdown LeaderState
2019-09-26 10:52:19,706 [main] INFO  impl.StateMachineUpdater (StateMachineUpdater.java:stopAndJoin(125)) - dd9d2e05-3ffa-4f1c-8a80-938e5f4f3192@group-74BB72D0174F-StateMachineUpdater: set stopIndex = 0
2019-09-26 10:52:19,706 [ForkJoinPool.commonPool-worker-1] INFO  impl.PendingRequests (PendingRequests.java:sendNotLeaderResponses(202)) - 474bca52-b9cd-4602-ad06-63718c1fead5-PendingRequests: sendNotLeaderResponses
2019-09-26 10:52:19,706 [main] INFO  impl.RaftServerImpl (ServerState.java:close(385)) - dd9d2e05-3ffa-4f1c-8a80-938e5f4f3192@group-74BB72D0174F: closes. applyIndex: 0
2019-09-26 10:52:19,706 [ForkJoinPool.commonPool-worker-1] INFO  impl.StateMachineUpdater (StateMachineUpdater.java:stopAndJoin(125)) - 474bca52-b9cd-4602-ad06-63718c1fead5@group-B8899513A954-StateMachineUpdater: set stopIndex = 0
2019-09-26 10:52:19,707 [dd9d2e05-3ffa-4f1c-8a80-938e5f4f3192@group-74BB72D0174F-SegmentedRaftLogWorker] INFO  segmented.SegmentedRaftLogWorker (SegmentedRaftLogWorker.java:run(313)) - dd9d2e05-3ffa-4f1c-8a80-938e5f4f3192@group-74BB72D0174F-SegmentedRaftLogWorker was interrupted, exiting. There are 0 tasks remaining in the queue.
2019-09-26 10:52:19,707 [ForkJoinPool.commonPool-worker-1] INFO  impl.RaftServerImpl (ServerState.java:close(385)) - 474bca52-b9cd-4602-ad06-63718c1fead5@group-B8899513A954: closes. applyIndex: 0
2019-09-26 10:52:19,707 [main] INFO  segmented.SegmentedRaftLogWorker (SegmentedRaftLogWorker.java:close(228)) - dd9d2e05-3ffa-4f1c-8a80-938e5f4f3192@group-74BB72D0174F-SegmentedRaftLogWorker close()
2019-09-26 10:52:19,708 [474bca52-b9cd-4602-ad06-63718c1fead5@group-B8899513A954-SegmentedRaftLogWorker] INFO  segmented.SegmentedRaftLogWorker (SegmentedRaftLogWorker.java:run(313)) - 474bca52-b9cd-4602-ad06-63718c1fead5@group-B8899513A954-SegmentedRaftLogWorker was interrupted, exiting. There are 0 tasks remaining in the queue.
2019-09-26 10:52:19,711 [ForkJoinPool.commonPool-worker-1] INFO  segmented.SegmentedRaftLogWorker (SegmentedRaftLogWorker.java:close(228)) - 474bca52-b9cd-4602-ad06-63718c1fead5@group-B8899513A954-SegmentedRaftLogWorker close()
2019-09-26 10:52:19,714 [ForkJoinPool.commonPool-worker-1] INFO  server.GrpcService (GrpcService.java:closeImpl(164)) - 474bca52-b9cd-4602-ad06-63718c1fead5: shutdown server with port 39280 now
2019-09-26 10:52:19,714 [main] INFO  server.GrpcService (GrpcService.java:closeImpl(164)) - dd9d2e05-3ffa-4f1c-8a80-938e5f4f3192: shutdown server with port 46596 now
2019-09-26 10:52:19,719 [ForkJoinPool.commonPool-worker-1] INFO  server.GrpcService (GrpcService.java:closeImpl(172)) - 474bca52-b9cd-4602-ad06-63718c1fead5: shutdown server with port 39280 successfully
2019-09-26 10:52:19,722 [main] INFO  server.GrpcService (GrpcService.java:closeImpl(172)) - dd9d2e05-3ffa-4f1c-8a80-938e5f4f3192: shutdown server with port 46596 successfully
2019-09-26 10:52:19,733 [refreshUsed-/workdir/hadoop-ozone/ozonefs/target/test-dir/MiniOzoneClusterImpl-b00a5744-6e73-4fa1-a928-c24f0d5ffca4/datanode-5/data/containers] WARN  fs.CachingGetSpaceUsed (CachingGetSpaceUsed.java:run(183)) - Thread Interrupted waiting to refresh disk information: sleep interrupted
2019-09-26 10:52:19,733 [refreshUsed-/workdir/hadoop-ozone/ozonefs/target/test-dir/MiniOzoneClusterImpl-b00a5744-6e73-4fa1-a928-c24f0d5ffca4/datanode-2/data/containers] WARN  fs.CachingGetSpaceUsed (CachingGetSpaceUsed.java:run(183)) - Thread Interrupted waiting to refresh disk information: sleep interrupted
2019-09-26 10:52:19,764 [ForkJoinPool.commonPool-worker-1] INFO  utils.BackgroundService (BackgroundService.java:shutdown(148)) - Shutting down service BlockDeletingService
2019-09-26 10:52:19,774 [ForkJoinPool.commonPool-worker-1] INFO  statemachine.DatanodeStateMachine (DatanodeStateMachine.java:stopDaemon(395)) - Ozone container server stopped.
2019-09-26 10:52:19,781 [ForkJoinPool.commonPool-worker-1] INFO  handler.ContextHandler (ContextHandler.java:doStop(910)) - Stopped o.e.j.w.WebAppContext@b887730{/,null,UNAVAILABLE}{/hddsDatanode}
2019-09-26 10:52:19,781 [main] INFO  utils.BackgroundService (BackgroundService.java:shutdown(148)) - Shutting down service BlockDeletingService
2019-09-26 10:52:19,782 [ForkJoinPool.commonPool-worker-1] INFO  server.AbstractConnector (AbstractConnector.java:doStop(318)) - Stopped ServerConnector@26586b74{HTTP/1.1,[http/1.1]}{0.0.0.0:0}
2019-09-26 10:52:19,784 [ForkJoinPool.commonPool-worker-1] INFO  handler.ContextHandler (ContextHandler.java:doStop(910)) - Stopped o.e.j.s.ServletContextHandler@41294371{/static,jar:file:/home/user/.m2/repository/org/apache/hadoop/hadoop-hdds-container-service/0.5.0-SNAPSHOT/hadoop-hdds-container-service-0.5.0-SNAPSHOT.jar!/webapps/static,UNAVAILABLE}
2019-09-26 10:52:19,791 [main] INFO  statemachine.DatanodeStateMachine (DatanodeStateMachine.java:stopDaemon(395)) - Ozone container server stopped.
2019-09-26 10:52:19,791 [ForkJoinPool.commonPool-worker-1] INFO  handler.ContextHandler (ContextHandler.java:doStop(910)) - Stopped o.e.j.s.ServletContextHandler@5f481b73{/logs,file:///workdir/hadoop-ozone/ozonefs/target/log,UNAVAILABLE}
2019-09-26 10:52:19,793 [main] INFO  handler.ContextHandler (ContextHandler.java:doStop(910)) - Stopped o.e.j.w.WebAppContext@6192a5d5{/,null,UNAVAILABLE}{/hddsDatanode}
2019-09-26 10:52:19,793 [main] INFO  server.AbstractConnector (AbstractConnector.java:doStop(318)) - Stopped ServerConnector@3722c145{HTTP/1.1,[http/1.1]}{0.0.0.0:0}
2019-09-26 10:52:19,794 [main] INFO  handler.ContextHandler (ContextHandler.java:doStop(910)) - Stopped o.e.j.s.ServletContextHandler@51ec2856{/static,jar:file:/home/user/.m2/repository/org/apache/hadoop/hadoop-hdds-container-service/0.5.0-SNAPSHOT/hadoop-hdds-container-service-0.5.0-SNAPSHOT.jar!/webapps/static,UNAVAILABLE}
2019-09-26 10:52:19,794 [main] INFO  handler.ContextHandler (ContextHandler.java:doStop(910)) - Stopped o.e.j.s.ServletContextHandler@6fa0450e{/logs,file:///workdir/hadoop-ozone/ozonefs/target/log,UNAVAILABLE}
2019-09-26 10:52:19,863 [Datanode State Machine Thread - 0] INFO  statemachine.DatanodeStateMachine (DatanodeStateMachine.java:lambda$startDaemon$0(350)) - Ozone container server started.
2019-09-26 10:52:19,863 [Datanode State Machine Thread - 0] INFO  statemachine.DatanodeStateMachine (DatanodeStateMachine.java:lambda$startDaemon$0(350)) - Ozone container server started.
2019-09-26 10:52:24,793 [ForkJoinPool.commonPool-worker-1] INFO  ozoneimpl.OzoneContainer (OzoneContainer.java:stop(231)) - Attempting to stop container services.
2019-09-26 10:52:24,794 [ForkJoinPool.commonPool-worker-1] INFO  impl.RaftServerProxy (RaftServerProxy.java:lambda$close$4(314)) - 2253380d-6ddc-421c-86f6-26acdb90a8c4: close
2019-09-26 10:52:24,794 [ForkJoinPool.commonPool-worker-1] INFO  impl.RaftServerImpl (RaftServerImpl.java:lambda$shutdown$3(251)) - 2253380d-6ddc-421c-86f6-26acdb90a8c4@group-01D6DDB0B5C3: shutdown
2019-09-26 10:52:24,794 [ForkJoinPool.commonPool-worker-1] INFO  util.JmxRegister (JmxRegister.java:unregister(73)) - Successfully un-registered JMX Bean with object name Ratis:service=RaftServer,group=group-01D6DDB0B5C3,id=2253380d-6ddc-421c-86f6-26acdb90a8c4
2019-09-26 10:52:24,795 [ForkJoinPool.commonPool-worker-1] INFO  impl.RoleInfo (RoleInfo.java:shutdownLeaderState(104)) - 2253380d-6ddc-421c-86f6-26acdb90a8c4: shutdown LeaderState
2019-09-26 10:52:24,795 [ForkJoinPool.commonPool-worker-1] INFO  impl.PendingRequests (PendingRequests.java:sendNotLeaderResponses(202)) - 2253380d-6ddc-421c-86f6-26acdb90a8c4-PendingRequests: sendNotLeaderResponses
2019-09-26 10:52:24,796 [ForkJoinPool.commonPool-worker-1] INFO  impl.StateMachineUpdater (StateMachineUpdater.java:stopAndJoin(125)) - 2253380d-6ddc-421c-86f6-26acdb90a8c4@group-01D6DDB0B5C3-StateMachineUpdater: set stopIndex = 0
2019-09-26 10:52:24,796 [main] INFO  ozoneimpl.OzoneContainer (OzoneContainer.java:stop(231)) - Attempting to stop container services.
2019-09-26 10:52:24,796 [ForkJoinPool.commonPool-worker-1] INFO  impl.RaftServerImpl (ServerState.java:close(385)) - 2253380d-6ddc-421c-86f6-26acdb90a8c4@group-01D6DDB0B5C3: closes. applyIndex: 0
2019-09-26 10:52:24,797 [main] INFO  impl.RaftServerProxy (RaftServerProxy.java:lambda$close$4(314)) - 74579fe5-f222-4a32-8361-e642639fe135: close
2019-09-26 10:52:24,797 [2253380d-6ddc-421c-86f6-26acdb90a8c4@group-01D6DDB0B5C3-SegmentedRaftLogWorker] INFO  segmented.SegmentedRaftLogWorker (SegmentedRaftLogWorker.java:run(313)) - 2253380d-6ddc-421c-86f6-26acdb90a8c4@group-01D6DDB0B5C3-SegmentedRaftLogWorker was interrupted, exiting. There are 0 tasks remaining in the queue.
2019-09-26 10:52:24,797 [main] INFO  impl.RaftServerImpl (RaftServerImpl.java:lambda$shutdown$3(251)) - 74579fe5-f222-4a32-8361-e642639fe135@group-C8A3C92F65D4: shutdown
2019-09-26 10:52:24,797 [ForkJoinPool.commonPool-worker-1] INFO  segmented.SegmentedRaftLogWorker (SegmentedRaftLogWorker.java:close(228)) - 2253380d-6ddc-421c-86f6-26acdb90a8c4@group-01D6DDB0B5C3-SegmentedRaftLogWorker close()
2019-09-26 10:52:24,798 [main] INFO  util.JmxRegister (JmxRegister.java:unregister(73)) - Successfully un-registered JMX Bean with object name Ratis:service=RaftServer,group=group-C8A3C92F65D4,id=74579fe5-f222-4a32-8361-e642639fe135
2019-09-26 10:52:24,801 [ForkJoinPool.commonPool-worker-1] INFO  impl.RaftServerImpl (RaftServerImpl.java:lambda$shutdown$3(251)) - 2253380d-6ddc-421c-86f6-26acdb90a8c4@group-0173DCD625A6: shutdown
2019-09-26 10:52:24,801 [main] INFO  impl.RoleInfo (RoleInfo.java:shutdownLeaderState(104)) - 74579fe5-f222-4a32-8361-e642639fe135: shutdown LeaderState
2019-09-26 10:52:24,802 [ForkJoinPool.commonPool-worker-1] INFO  util.JmxRegister (JmxRegister.java:unregister(73)) - Successfully un-registered JMX Bean with object name Ratis:service=RaftServer,group=group-0173DCD625A6,id=2253380d-6ddc-421c-86f6-26acdb90a8c4
2019-09-26 10:52:24,802 [main] INFO  impl.PendingRequests (PendingRequests.java:sendNotLeaderResponses(202)) - 74579fe5-f222-4a32-8361-e642639fe135-PendingRequests: sendNotLeaderResponses
2019-09-26 10:52:24,803 [ForkJoinPool.commonPool-worker-1] INFO  impl.RoleInfo (RoleInfo.java:shutdownLeaderState(104)) - 2253380d-6ddc-421c-86f6-26acdb90a8c4: shutdown LeaderState
2019-09-26 10:52:24,803 [main] INFO  impl.StateMachineUpdater (StateMachineUpdater.java:stopAndJoin(125)) - 74579fe5-f222-4a32-8361-e642639fe135@group-C8A3C92F65D4-StateMachineUpdater: set stopIndex = 0
2019-09-26 10:52:24,804 [main] INFO  impl.RaftServerImpl (ServerState.java:close(385)) - 74579fe5-f222-4a32-8361-e642639fe135@group-C8A3C92F65D4: closes. applyIndex: 0
2019-09-26 10:52:24,803 [ForkJoinPool.commonPool-worker-1] INFO  impl.PendingRequests (PendingRequests.java:sendNotLeaderResponses(202)) - 2253380d-6ddc-421c-86f6-26acdb90a8c4-PendingRequests: sendNotLeaderResponses
2019-09-26 10:52:24,804 [74579fe5-f222-4a32-8361-e642639fe135@group-C8A3C92F65D4-SegmentedRaftLogWorker] INFO  segmented.SegmentedRaftLogWorker (SegmentedRaftLogWorker.java:run(313)) - 74579fe5-f222-4a32-8361-e642639fe135@group-C8A3C92F65D4-SegmentedRaftLogWorker was interrupted, exiting. There are 0 tasks remaining in the queue.
2019-09-26 10:52:24,805 [ForkJoinPool.commonPool-worker-1] INFO  impl.StateMachineUpdater (StateMachineUpdater.java:stopAndJoin(125)) - 2253380d-6ddc-421c-86f6-26acdb90a8c4@group-0173DCD625A6-StateMachineUpdater: set stopIndex = 0
2019-09-26 10:52:24,805 [ForkJoinPool.commonPool-worker-1] INFO  impl.RaftServerImpl (ServerState.java:close(385)) - 2253380d-6ddc-421c-86f6-26acdb90a8c4@group-0173DCD625A6: closes. applyIndex: 0
2019-09-26 10:52:24,805 [2253380d-6ddc-421c-86f6-26acdb90a8c4@group-0173DCD625A6-SegmentedRaftLogWorker] INFO  segmented.SegmentedRaftLogWorker (SegmentedRaftLogWorker.java:run(313)) - 2253380d-6ddc-421c-86f6-26acdb90a8c4@group-0173DCD625A6-SegmentedRaftLogWorker was interrupted, exiting. There are 0 tasks remaining in the queue.
2019-09-26 10:52:24,810 [main] INFO  segmented.SegmentedRaftLogWorker (SegmentedRaftLogWorker.java:close(228)) - 74579fe5-f222-4a32-8361-e642639fe135@group-C8A3C92F65D4-SegmentedRaftLogWorker close()
2019-09-26 10:52:24,810 [ForkJoinPool.commonPool-worker-1] INFO  segmented.SegmentedRaftLogWorker (SegmentedRaftLogWorker.java:close(228)) - 2253380d-6ddc-421c-86f6-26acdb90a8c4@group-0173DCD625A6-SegmentedRaftLogWorker close()
2019-09-26 10:52:24,813 [main] INFO  impl.RaftServerImpl (RaftServerImpl.java:lambda$shutdown$3(251)) - 74579fe5-f222-4a32-8361-e642639fe135@group-45BFA078BFBC: shutdown
2019-09-26 10:52:24,816 [ForkJoinPool.commonPool-worker-1] INFO  impl.RaftServerImpl (RaftServerImpl.java:lambda$shutdown$3(251)) - 2253380d-6ddc-421c-86f6-26acdb90a8c4@group-8DC672539119: shutdown
2019-09-26 10:52:24,816 [main] INFO  util.JmxRegister (JmxRegister.java:unregister(73)) - Successfully un-registered JMX Bean with object name Ratis:service=RaftServer,group=group-45BFA078BFBC,id=74579fe5-f222-4a32-8361-e642639fe135
2019-09-26 10:52:24,817 [ForkJoinPool.commonPool-worker-1] INFO  util.JmxRegister (JmxRegister.java:unregister(73)) - Successfully un-registered JMX Bean with object name Ratis:service=RaftServer,group=group-8DC672539119,id=2253380d-6ddc-421c-86f6-26acdb90a8c4
2019-09-26 10:52:24,817 [main] INFO  impl.RoleInfo (RoleInfo.java:shutdownLeaderState(104)) - 74579fe5-f222-4a32-8361-e642639fe135: shutdown LeaderState
2019-09-26 10:52:24,817 [ForkJoinPool.commonPool-worker-1] INFO  impl.RoleInfo (RoleInfo.java:shutdownLeaderState(104)) - 2253380d-6ddc-421c-86f6-26acdb90a8c4: shutdown LeaderState
2019-09-26 10:52:24,818 [main] INFO  impl.PendingRequests (PendingRequests.java:sendNotLeaderResponses(202)) - 74579fe5-f222-4a32-8361-e642639fe135-PendingRequests: sendNotLeaderResponses
2019-09-26 10:52:24,818 [ForkJoinPool.commonPool-worker-1] INFO  impl.PendingRequests (PendingRequests.java:sendNotLeaderResponses(202)) - 2253380d-6ddc-421c-86f6-26acdb90a8c4-PendingRequests: sendNotLeaderResponses
2019-09-26 10:52:24,819 [main] INFO  impl.StateMachineUpdater (StateMachineUpdater.java:stopAndJoin(125)) - 74579fe5-f222-4a32-8361-e642639fe135@group-45BFA078BFBC-StateMachineUpdater: set stopIndex = 0
2019-09-26 10:52:24,819 [ForkJoinPool.commonPool-worker-1] INFO  impl.StateMachineUpdater (StateMachineUpdater.java:stopAndJoin(125)) - 2253380d-6ddc-421c-86f6-26acdb90a8c4@group-8DC672539119-StateMachineUpdater: set stopIndex = 0
2019-09-26 10:52:24,819 [main] INFO  impl.RaftServerImpl (ServerState.java:close(385)) - 74579fe5-f222-4a32-8361-e642639fe135@group-45BFA078BFBC: closes. applyIndex: 0
2019-09-26 10:52:24,820 [ForkJoinPool.commonPool-worker-1] INFO  impl.RaftServerImpl (ServerState.java:close(385)) - 2253380d-6ddc-421c-86f6-26acdb90a8c4@group-8DC672539119: closes. applyIndex: 0
2019-09-26 10:52:24,820 [74579fe5-f222-4a32-8361-e642639fe135@group-45BFA078BFBC-SegmentedRaftLogWorker] INFO  segmented.SegmentedRaftLogWorker (SegmentedRaftLogWorker.java:run(313)) - 74579fe5-f222-4a32-8361-e642639fe135@group-45BFA078BFBC-SegmentedRaftLogWorker was interrupted, exiting. There are 0 tasks remaining in the queue.
2019-09-26 10:52:24,820 [2253380d-6ddc-421c-86f6-26acdb90a8c4@group-8DC672539119-SegmentedRaftLogWorker] INFO  segmented.SegmentedRaftLogWorker (SegmentedRaftLogWorker.java:run(313)) - 2253380d-6ddc-421c-86f6-26acdb90a8c4@group-8DC672539119-SegmentedRaftLogWorker was interrupted, exiting. There are 0 tasks remaining in the queue.
2019-09-26 10:52:24,821 [ForkJoinPool.commonPool-worker-1] INFO  segmented.SegmentedRaftLogWorker (SegmentedRaftLogWorker.java:close(228)) - 2253380d-6ddc-421c-86f6-26acdb90a8c4@group-8DC672539119-SegmentedRaftLogWorker close()
2019-09-26 10:52:24,821 [main] INFO  segmented.SegmentedRaftLogWorker (SegmentedRaftLogWorker.java:close(228)) - 74579fe5-f222-4a32-8361-e642639fe135@group-45BFA078BFBC-SegmentedRaftLogWorker close()
2019-09-26 10:52:24,824 [ForkJoinPool.commonPool-worker-1] INFO  impl.RaftServerImpl (RaftServerImpl.java:lambda$shutdown$3(251)) - 2253380d-6ddc-421c-86f6-26acdb90a8c4@group-2ED60F0F3857: shutdown
2019-09-26 10:52:24,827 [main] INFO  impl.RaftServerImpl (RaftServerImpl.java:lambda$shutdown$3(251)) - 74579fe5-f222-4a32-8361-e642639fe135@group-7FBAF6468B15: shutdown
2019-09-26 10:52:24,827 [ForkJoinPool.commonPool-worker-1] INFO  util.JmxRegister (JmxRegister.java:unregister(73)) - Successfully un-registered JMX Bean with object name Ratis:service=RaftServer,group=group-2ED60F0F3857,id=2253380d-6ddc-421c-86f6-26acdb90a8c4
2019-09-26 10:52:24,828 [main] INFO  util.JmxRegister (JmxRegister.java:unregister(73)) - Successfully un-registered JMX Bean with object name Ratis:service=RaftServer,group=group-7FBAF6468B15,id=74579fe5-f222-4a32-8361-e642639fe135
2019-09-26 10:52:24,828 [ForkJoinPool.commonPool-worker-1] INFO  impl.RoleInfo (RoleInfo.java:shutdownLeaderState(104)) - 2253380d-6ddc-421c-86f6-26acdb90a8c4: shutdown LeaderState
2019-09-26 10:52:24,828 [main] INFO  impl.RoleInfo (RoleInfo.java:shutdownLeaderState(104)) - 74579fe5-f222-4a32-8361-e642639fe135: shutdown LeaderState
2019-09-26 10:52:24,829 [ForkJoinPool.commonPool-worker-1] INFO  impl.PendingRequests (PendingRequests.java:sendNotLeaderResponses(202)) - 2253380d-6ddc-421c-86f6-26acdb90a8c4-PendingRequests: sendNotLeaderResponses
2019-09-26 10:52:24,829 [main] INFO  impl.PendingRequests (PendingRequests.java:sendNotLeaderResponses(202)) - 74579fe5-f222-4a32-8361-e642639fe135-PendingRequests: sendNotLeaderResponses
2019-09-26 10:52:24,829 [ForkJoinPool.commonPool-worker-1] INFO  impl.StateMachineUpdater (StateMachineUpdater.java:stopAndJoin(125)) - 2253380d-6ddc-421c-86f6-26acdb90a8c4@group-2ED60F0F3857-StateMachineUpdater: set stopIndex = 0
2019-09-26 10:52:24,830 [main] INFO  impl.StateMachineUpdater (StateMachineUpdater.java:stopAndJoin(125)) - 74579fe5-f222-4a32-8361-e642639fe135@group-7FBAF6468B15-StateMachineUpdater: set stopIndex = 0
2019-09-26 10:52:24,830 [main] INFO  impl.RaftServerImpl (ServerState.java:close(385)) - 74579fe5-f222-4a32-8361-e642639fe135@group-7FBAF6468B15: closes. applyIndex: 0
2019-09-26 10:52:24,830 [ForkJoinPool.commonPool-worker-1] INFO  impl.RaftServerImpl (ServerState.java:close(385)) - 2253380d-6ddc-421c-86f6-26acdb90a8c4@group-2ED60F0F3857: closes. applyIndex: 0
2019-09-26 10:52:24,831 [74579fe5-f222-4a32-8361-e642639fe135@group-7FBAF6468B15-SegmentedRaftLogWorker] INFO  segmented.SegmentedRaftLogWorker (SegmentedRaftLogWorker.java:run(313)) - 74579fe5-f222-4a32-8361-e642639fe135@group-7FBAF6468B15-SegmentedRaftLogWorker was interrupted, exiting. There are 0 tasks remaining in the queue.
2019-09-26 10:52:24,831 [2253380d-6ddc-421c-86f6-26acdb90a8c4@group-2ED60F0F3857-SegmentedRaftLogWorker] INFO  segmented.SegmentedRaftLogWorker (SegmentedRaftLogWorker.java:run(313)) - 2253380d-6ddc-421c-86f6-26acdb90a8c4@group-2ED60F0F3857-SegmentedRaftLogWorker was interrupted, exiting. There are 0 tasks remaining in the queue.
2019-09-26 10:52:24,831 [main] INFO  segmented.SegmentedRaftLogWorker (SegmentedRaftLogWorker.java:close(228)) - 74579fe5-f222-4a32-8361-e642639fe135@group-7FBAF6468B15-SegmentedRaftLogWorker close()
2019-09-26 10:52:24,831 [ForkJoinPool.commonPool-worker-1] INFO  segmented.SegmentedRaftLogWorker (SegmentedRaftLogWorker.java:close(228)) - 2253380d-6ddc-421c-86f6-26acdb90a8c4@group-2ED60F0F3857-SegmentedRaftLogWorker close()
2019-09-26 10:52:24,834 [main] INFO  impl.RaftServerImpl (RaftServerImpl.java:lambda$shutdown$3(251)) - 74579fe5-f222-4a32-8361-e642639fe135@group-791B5A785122: shutdown
2019-09-26 10:52:24,837 [ForkJoinPool.commonPool-worker-1] INFO  impl.RaftServerImpl (RaftServerImpl.java:lambda$shutdown$3(251)) - 2253380d-6ddc-421c-86f6-26acdb90a8c4@group-49BB5AFF5A72: shutdown
2019-09-26 10:52:24,838 [main] INFO  util.JmxRegister (JmxRegister.java:unregister(73)) - Successfully un-registered JMX Bean with object name Ratis:service=RaftServer,group=group-791B5A785122,id=74579fe5-f222-4a32-8361-e642639fe135
2019-09-26 10:52:24,838 [ForkJoinPool.commonPool-worker-1] INFO  util.JmxRegister (JmxRegister.java:unregister(73)) - Successfully un-registered JMX Bean with object name Ratis:service=RaftServer,group=group-49BB5AFF5A72,id=2253380d-6ddc-421c-86f6-26acdb90a8c4
2019-09-26 10:52:24,838 [main] INFO  impl.RoleInfo (RoleInfo.java:shutdownLeaderState(104)) - 74579fe5-f222-4a32-8361-e642639fe135: shutdown LeaderState
2019-09-26 10:52:24,839 [ForkJoinPool.commonPool-worker-1] INFO  impl.RoleInfo (RoleInfo.java:shutdownLeaderState(104)) - 2253380d-6ddc-421c-86f6-26acdb90a8c4: shutdown LeaderState
2019-09-26 10:52:24,839 [main] INFO  impl.PendingRequests (PendingRequests.java:sendNotLeaderResponses(202)) - 74579fe5-f222-4a32-8361-e642639fe135-PendingRequests: sendNotLeaderResponses
2019-09-26 10:52:24,839 [ForkJoinPool.commonPool-worker-1] INFO  impl.PendingRequests (PendingRequests.java:sendNotLeaderResponses(202)) - 2253380d-6ddc-421c-86f6-26acdb90a8c4-PendingRequests: sendNotLeaderResponses
2019-09-26 10:52:24,840 [main] INFO  impl.StateMachineUpdater (StateMachineUpdater.java:stopAndJoin(125)) - 74579fe5-f222-4a32-8361-e642639fe135@group-791B5A785122-StateMachineUpdater: set stopIndex = 0
2019-09-26 10:52:24,840 [ForkJoinPool.commonPool-worker-1] INFO  impl.StateMachineUpdater (StateMachineUpdater.java:stopAndJoin(125)) - 2253380d-6ddc-421c-86f6-26acdb90a8c4@group-49BB5AFF5A72-StateMachineUpdater: set stopIndex = 0
2019-09-26 10:52:24,840 [main] INFO  impl.RaftServerImpl (ServerState.java:close(385)) - 74579fe5-f222-4a32-8361-e642639fe135@group-791B5A785122: closes. applyIndex: 0
2019-09-26 10:52:24,841 [ForkJoinPool.commonPool-worker-1] INFO  impl.RaftServerImpl (ServerState.java:close(385)) - 2253380d-6ddc-421c-86f6-26acdb90a8c4@group-49BB5AFF5A72: closes. applyIndex: 0
2019-09-26 10:52:24,841 [74579fe5-f222-4a32-8361-e642639fe135@group-791B5A785122-SegmentedRaftLogWorker] INFO  segmented.SegmentedRaftLogWorker (SegmentedRaftLogWorker.java:run(313)) - 74579fe5-f222-4a32-8361-e642639fe135@group-791B5A785122-SegmentedRaftLogWorker was interrupted, exiting. There are 0 tasks remaining in the queue.
2019-09-26 10:52:24,841 [2253380d-6ddc-421c-86f6-26acdb90a8c4@group-49BB5AFF5A72-SegmentedRaftLogWorker] INFO  segmented.SegmentedRaftLogWorker (SegmentedRaftLogWorker.java:run(313)) - 2253380d-6ddc-421c-86f6-26acdb90a8c4@group-49BB5AFF5A72-SegmentedRaftLogWorker was interrupted, exiting. There are 0 tasks remaining in the queue.
2019-09-26 10:52:24,842 [main] INFO  segmented.SegmentedRaftLogWorker (SegmentedRaftLogWorker.java:close(228)) - 74579fe5-f222-4a32-8361-e642639fe135@group-791B5A785122-SegmentedRaftLogWorker close()
2019-09-26 10:52:24,842 [ForkJoinPool.commonPool-worker-1] INFO  segmented.SegmentedRaftLogWorker (SegmentedRaftLogWorker.java:close(228)) - 2253380d-6ddc-421c-86f6-26acdb90a8c4@group-49BB5AFF5A72-SegmentedRaftLogWorker close()
2019-09-26 10:52:24,853 [main] INFO  impl.RaftServerImpl (RaftServerImpl.java:lambda$shutdown$3(251)) - 74579fe5-f222-4a32-8361-e642639fe135@group-13C1126AD8E2: shutdown
2019-09-26 10:52:24,854 [ForkJoinPool.commonPool-worker-1] INFO  impl.RaftServerImpl (RaftServerImpl.java:lambda$shutdown$3(251)) - 2253380d-6ddc-421c-86f6-26acdb90a8c4@group-1A44D88486D0: shutdown
2019-09-26 10:52:24,854 [main] INFO  util.JmxRegister (JmxRegister.java:unregister(73)) - Successfully un-registered JMX Bean with object name Ratis:service=RaftServer,group=group-13C1126AD8E2,id=74579fe5-f222-4a32-8361-e642639fe135
2019-09-26 10:52:24,854 [ForkJoinPool.commonPool-worker-1] INFO  util.JmxRegister (JmxRegister.java:unregister(73)) - Successfully un-registered JMX Bean with object name Ratis:service=RaftServer,group=group-1A44D88486D0,id=2253380d-6ddc-421c-86f6-26acdb90a8c4
2019-09-26 10:52:24,855 [main] INFO  impl.RoleInfo (RoleInfo.java:shutdownLeaderState(104)) - 74579fe5-f222-4a32-8361-e642639fe135: shutdown LeaderState
2019-09-26 10:52:24,855 [ForkJoinPool.commonPool-worker-1] INFO  impl.RoleInfo (RoleInfo.java:shutdownLeaderState(104)) - 2253380d-6ddc-421c-86f6-26acdb90a8c4: shutdown LeaderState
2019-09-26 10:52:24,855 [main] INFO  impl.PendingRequests (PendingRequests.java:sendNotLeaderResponses(202)) - 74579fe5-f222-4a32-8361-e642639fe135-PendingRequests: sendNotLeaderResponses
2019-09-26 10:52:24,856 [ForkJoinPool.commonPool-worker-1] INFO  impl.PendingRequests (PendingRequests.java:sendNotLeaderResponses(202)) - 2253380d-6ddc-421c-86f6-26acdb90a8c4-PendingRequests: sendNotLeaderResponses
2019-09-26 10:52:24,856 [main] INFO  impl.StateMachineUpdater (StateMachineUpdater.java:stopAndJoin(125)) - 74579fe5-f222-4a32-8361-e642639fe135@group-13C1126AD8E2-StateMachineUpdater: set stopIndex = 0
2019-09-26 10:52:24,856 [ForkJoinPool.commonPool-worker-1] INFO  impl.StateMachineUpdater (StateMachineUpdater.java:stopAndJoin(125)) - 2253380d-6ddc-421c-86f6-26acdb90a8c4@group-1A44D88486D0-StateMachineUpdater: set stopIndex = 0
2019-09-26 10:52:24,857 [main] INFO  impl.RaftServerImpl (ServerState.java:close(385)) - 74579fe5-f222-4a32-8361-e642639fe135@group-13C1126AD8E2: closes. applyIndex: 0
2019-09-26 10:52:24,857 [ForkJoinPool.commonPool-worker-1] INFO  impl.RaftServerImpl (ServerState.java:close(385)) - 2253380d-6ddc-421c-86f6-26acdb90a8c4@group-1A44D88486D0: closes. applyIndex: 0
2019-09-26 10:52:24,857 [74579fe5-f222-4a32-8361-e642639fe135@group-13C1126AD8E2-SegmentedRaftLogWorker] INFO  segmented.SegmentedRaftLogWorker (SegmentedRaftLogWorker.java:run(313)) - 74579fe5-f222-4a32-8361-e642639fe135@group-13C1126AD8E2-SegmentedRaftLogWorker was interrupted, exiting. There are 0 tasks remaining in the queue.
2019-09-26 10:52:24,858 [2253380d-6ddc-421c-86f6-26acdb90a8c4@group-1A44D88486D0-SegmentedRaftLogWorker] INFO  segmented.SegmentedRaftLogWorker (SegmentedRaftLogWorker.java:run(313)) - 2253380d-6ddc-421c-86f6-26acdb90a8c4@group-1A44D88486D0-SegmentedRaftLogWorker was interrupted, exiting. There are 0 tasks remaining in the queue.
2019-09-26 10:52:24,858 [main] INFO  segmented.SegmentedRaftLogWorker (SegmentedRaftLogWorker.java:close(228)) - 74579fe5-f222-4a32-8361-e642639fe135@group-13C1126AD8E2-SegmentedRaftLogWorker close()
2019-09-26 10:52:24,858 [ForkJoinPool.commonPool-worker-1] INFO  segmented.SegmentedRaftLogWorker (SegmentedRaftLogWorker.java:close(228)) - 2253380d-6ddc-421c-86f6-26acdb90a8c4@group-1A44D88486D0-SegmentedRaftLogWorker close()
2019-09-26 10:52:24,858 [main] INFO  impl.RaftServerImpl (RaftServerImpl.java:lambda$shutdown$3(251)) - 74579fe5-f222-4a32-8361-e642639fe135@group-2133CA8B1F8F: shutdown
2019-09-26 10:52:24,859 [ForkJoinPool.commonPool-worker-1] INFO  server.GrpcService (GrpcService.java:closeImpl(164)) - 2253380d-6ddc-421c-86f6-26acdb90a8c4: shutdown server with port 39629 now
2019-09-26 10:52:24,859 [main] INFO  util.JmxRegister (JmxRegister.java:unregister(73)) - Successfully un-registered JMX Bean with object name Ratis:service=RaftServer,group=group-2133CA8B1F8F,id=74579fe5-f222-4a32-8361-e642639fe135
2019-09-26 10:52:24,859 [main] INFO  impl.RoleInfo (RoleInfo.java:shutdownLeaderState(104)) - 74579fe5-f222-4a32-8361-e642639fe135: shutdown LeaderState
2019-09-26 10:52:24,862 [ForkJoinPool.commonPool-worker-1] INFO  server.GrpcService (GrpcService.java:closeImpl(172)) - 2253380d-6ddc-421c-86f6-26acdb90a8c4: shutdown server with port 39629 successfully
2019-09-26 10:52:24,863 [main] INFO  impl.PendingRequests (PendingRequests.java:sendNotLeaderResponses(202)) - 74579fe5-f222-4a32-8361-e642639fe135-PendingRequests: sendNotLeaderResponses
2019-09-26 10:52:24,863 [main] INFO  impl.StateMachineUpdater (StateMachineUpdater.java:stopAndJoin(125)) - 74579fe5-f222-4a32-8361-e642639fe135@group-2133CA8B1F8F-StateMachineUpdater: set stopIndex = 0
2019-09-26 10:52:24,863 [main] INFO  impl.RaftServerImpl (ServerState.java:close(385)) - 74579fe5-f222-4a32-8361-e642639fe135@group-2133CA8B1F8F: closes. applyIndex: 0
2019-09-26 10:52:24,864 [74579fe5-f222-4a32-8361-e642639fe135@group-2133CA8B1F8F-SegmentedRaftLogWorker] INFO  segmented.SegmentedRaftLogWorker (SegmentedRaftLogWorker.java:run(313)) - 74579fe5-f222-4a32-8361-e642639fe135@group-2133CA8B1F8F-SegmentedRaftLogWorker was interrupted, exiting. There are 0 tasks remaining in the queue.
2019-09-26 10:52:24,864 [main] INFO  segmented.SegmentedRaftLogWorker (SegmentedRaftLogWorker.java:close(228)) - 74579fe5-f222-4a32-8361-e642639fe135@group-2133CA8B1F8F-SegmentedRaftLogWorker close()
2019-09-26 10:52:24,865 [main] INFO  server.GrpcService (GrpcService.java:closeImpl(164)) - 74579fe5-f222-4a32-8361-e642639fe135: shutdown server with port 36553 now
2019-09-26 10:52:24,869 [main] INFO  server.GrpcService (GrpcService.java:closeImpl(172)) - 74579fe5-f222-4a32-8361-e642639fe135: shutdown server with port 36553 successfully
2019-09-26 10:52:24,874 [refreshUsed-/workdir/hadoop-ozone/ozonefs/target/test-dir/MiniOzoneClusterImpl-b00a5744-6e73-4fa1-a928-c24f0d5ffca4/datanode-3/data/containers] WARN  fs.CachingGetSpaceUsed (CachingGetSpaceUsed.java:run(183)) - Thread Interrupted waiting to refresh disk information: sleep interrupted
2019-09-26 10:52:24,881 [refreshUsed-/workdir/hadoop-ozone/ozonefs/target/test-dir/MiniOzoneClusterImpl-b00a5744-6e73-4fa1-a928-c24f0d5ffca4/datanode-6/data/containers] WARN  fs.CachingGetSpaceUsed (CachingGetSpaceUsed.java:run(183)) - Thread Interrupted waiting to refresh disk information: sleep interrupted
2019-09-26 10:52:24,906 [main] INFO  utils.BackgroundService (BackgroundService.java:shutdown(148)) - Shutting down service BlockDeletingService
2019-09-26 10:52:24,914 [main] INFO  statemachine.DatanodeStateMachine (DatanodeStateMachine.java:stopDaemon(395)) - Ozone container server stopped.
2019-09-26 10:52:24,915 [main] INFO  handler.ContextHandler (ContextHandler.java:doStop(910)) - Stopped o.e.j.w.WebAppContext@440e3ce6{/,null,UNAVAILABLE}{/hddsDatanode}
2019-09-26 10:52:24,916 [main] INFO  server.AbstractConnector (AbstractConnector.java:doStop(318)) - Stopped ServerConnector@3e67f5f2{HTTP/1.1,[http/1.1]}{0.0.0.0:0}
2019-09-26 10:52:24,916 [main] INFO  handler.ContextHandler (ContextHandler.java:doStop(910)) - Stopped o.e.j.s.ServletContextHandler@ed91d8d{/static,jar:file:/home/user/.m2/repository/org/apache/hadoop/hadoop-hdds-container-service/0.5.0-SNAPSHOT/hadoop-hdds-container-service-0.5.0-SNAPSHOT.jar!/webapps/static,UNAVAILABLE}
2019-09-26 10:52:24,917 [main] INFO  handler.ContextHandler (ContextHandler.java:doStop(910)) - Stopped o.e.j.s.ServletContextHandler@59bbe88a{/logs,file:///workdir/hadoop-ozone/ozonefs/target/log,UNAVAILABLE}
2019-09-26 10:52:24,918 [ForkJoinPool.commonPool-worker-1] INFO  utils.BackgroundService (BackgroundService.java:shutdown(148)) - Shutting down service BlockDeletingService
2019-09-26 10:52:24,925 [ForkJoinPool.commonPool-worker-1] INFO  statemachine.DatanodeStateMachine (DatanodeStateMachine.java:stopDaemon(395)) - Ozone container server stopped.
2019-09-26 10:52:24,932 [ForkJoinPool.commonPool-worker-1] INFO  handler.ContextHandler (ContextHandler.java:doStop(910)) - Stopped o.e.j.w.WebAppContext@2d3ef181{/,null,UNAVAILABLE}{/hddsDatanode}
2019-09-26 10:52:24,933 [ForkJoinPool.commonPool-worker-1] INFO  server.AbstractConnector (AbstractConnector.java:doStop(318)) - Stopped ServerConnector@a2341c6{HTTP/1.1,[http/1.1]}{0.0.0.0:0}
2019-09-26 10:52:24,935 [ForkJoinPool.commonPool-worker-1] INFO  handler.ContextHandler (ContextHandler.java:doStop(910)) - Stopped o.e.j.s.ServletContextHandler@1a22e0ef{/static,jar:file:/home/user/.m2/repository/org/apache/hadoop/hadoop-hdds-container-service/0.5.0-SNAPSHOT/hadoop-hdds-container-service-0.5.0-SNAPSHOT.jar!/webapps/static,UNAVAILABLE}
2019-09-26 10:52:24,938 [ForkJoinPool.commonPool-worker-1] INFO  handler.ContextHandler (ContextHandler.java:doStop(910)) - Stopped o.e.j.s.ServletContextHandler@68868328{/logs,file:///workdir/hadoop-ozone/ozonefs/target/log,UNAVAILABLE}
2019-09-26 10:52:25,863 [Datanode State Machine Thread - 0] INFO  statemachine.DatanodeStateMachine (DatanodeStateMachine.java:lambda$startDaemon$0(350)) - Ozone container server started.
2019-09-26 10:52:25,863 [Datanode State Machine Thread - 0] INFO  statemachine.DatanodeStateMachine (DatanodeStateMachine.java:lambda$startDaemon$0(350)) - Ozone container server started.
2019-09-26 10:52:29,919 [main] INFO  ozoneimpl.OzoneContainer (OzoneContainer.java:stop(231)) - Attempting to stop container services.
2019-09-26 10:52:29,919 [main] INFO  impl.RaftServerProxy (RaftServerProxy.java:lambda$close$4(314)) - 557f9f1f-13f1-4e9a-b9bb-f7fbe560edab: close
2019-09-26 10:52:29,920 [main] INFO  impl.RaftServerImpl (RaftServerImpl.java:lambda$shutdown$3(251)) - 557f9f1f-13f1-4e9a-b9bb-f7fbe560edab@group-281DB5813A67: shutdown
2019-09-26 10:52:29,920 [main] INFO  util.JmxRegister (JmxRegister.java:unregister(73)) - Successfully un-registered JMX Bean with object name Ratis:service=RaftServer,group=group-281DB5813A67,id=557f9f1f-13f1-4e9a-b9bb-f7fbe560edab
2019-09-26 10:52:29,921 [main] INFO  impl.RoleInfo (RoleInfo.java:shutdownLeaderState(104)) - 557f9f1f-13f1-4e9a-b9bb-f7fbe560edab: shutdown LeaderState
2019-09-26 10:52:29,921 [main] INFO  impl.PendingRequests (PendingRequests.java:sendNotLeaderResponses(202)) - 557f9f1f-13f1-4e9a-b9bb-f7fbe560edab-PendingRequests: sendNotLeaderResponses
2019-09-26 10:52:29,922 [main] INFO  impl.StateMachineUpdater (StateMachineUpdater.java:stopAndJoin(125)) - 557f9f1f-13f1-4e9a-b9bb-f7fbe560edab@group-281DB5813A67-StateMachineUpdater: set stopIndex = 0
2019-09-26 10:52:29,922 [main] INFO  impl.RaftServerImpl (ServerState.java:close(385)) - 557f9f1f-13f1-4e9a-b9bb-f7fbe560edab@group-281DB5813A67: closes. applyIndex: 0
2019-09-26 10:52:29,923 [557f9f1f-13f1-4e9a-b9bb-f7fbe560edab@group-281DB5813A67-SegmentedRaftLogWorker] INFO  segmented.SegmentedRaftLogWorker (SegmentedRaftLogWorker.java:run(313)) - 557f9f1f-13f1-4e9a-b9bb-f7fbe560edab@group-281DB5813A67-SegmentedRaftLogWorker was interrupted, exiting. There are 0 tasks remaining in the queue.
2019-09-26 10:52:29,923 [main] INFO  segmented.SegmentedRaftLogWorker (SegmentedRaftLogWorker.java:close(228)) - 557f9f1f-13f1-4e9a-b9bb-f7fbe560edab@group-281DB5813A67-SegmentedRaftLogWorker close()
2019-09-26 10:52:29,924 [main] INFO  impl.RaftServerImpl (RaftServerImpl.java:lambda$shutdown$3(251)) - 557f9f1f-13f1-4e9a-b9bb-f7fbe560edab@group-4BBCFE22D06D: shutdown
2019-09-26 10:52:29,924 [main] INFO  util.JmxRegister (JmxRegister.java:unregister(73)) - Successfully un-registered JMX Bean with object name Ratis:service=RaftServer,group=group-4BBCFE22D06D,id=557f9f1f-13f1-4e9a-b9bb-f7fbe560edab
2019-09-26 10:52:29,925 [main] INFO  impl.RoleInfo (RoleInfo.java:shutdownLeaderState(104)) - 557f9f1f-13f1-4e9a-b9bb-f7fbe560edab: shutdown LeaderState
2019-09-26 10:52:29,925 [main] INFO  impl.PendingRequests (PendingRequests.java:sendNotLeaderResponses(202)) - 557f9f1f-13f1-4e9a-b9bb-f7fbe560edab-PendingRequests: sendNotLeaderResponses
2019-09-26 10:52:29,926 [main] INFO  impl.StateMachineUpdater (StateMachineUpdater.java:stopAndJoin(125)) - 557f9f1f-13f1-4e9a-b9bb-f7fbe560edab@group-4BBCFE22D06D-StateMachineUpdater: set stopIndex = 0
2019-09-26 10:52:29,926 [main] INFO  impl.RaftServerImpl (ServerState.java:close(385)) - 557f9f1f-13f1-4e9a-b9bb-f7fbe560edab@group-4BBCFE22D06D: closes. applyIndex: 0
2019-09-26 10:52:29,927 [557f9f1f-13f1-4e9a-b9bb-f7fbe560edab@group-4BBCFE22D06D-SegmentedRaftLogWorker] INFO  segmented.SegmentedRaftLogWorker (SegmentedRaftLogWorker.java:run(313)) - 557f9f1f-13f1-4e9a-b9bb-f7fbe560edab@group-4BBCFE22D06D-SegmentedRaftLogWorker was interrupted, exiting. There are 0 tasks remaining in the queue.
2019-09-26 10:52:29,940 [ForkJoinPool.commonPool-worker-1] INFO  ozoneimpl.OzoneContainer (OzoneContainer.java:stop(231)) - Attempting to stop container services.
2019-09-26 10:52:29,941 [ForkJoinPool.commonPool-worker-1] INFO  impl.RaftServerProxy (RaftServerProxy.java:lambda$close$4(314)) - c0d2ea87-aa22-42eb-bba4-0246f89d2958: close
2019-09-26 10:52:29,941 [ForkJoinPool.commonPool-worker-1] INFO  impl.RaftServerImpl (RaftServerImpl.java:lambda$shutdown$3(251)) - c0d2ea87-aa22-42eb-bba4-0246f89d2958@group-9AE3FBFBDFD5: shutdown
2019-09-26 10:52:29,941 [ForkJoinPool.commonPool-worker-1] INFO  util.JmxRegister (JmxRegister.java:unregister(73)) - Successfully un-registered JMX Bean with object name Ratis:service=RaftServer,group=group-9AE3FBFBDFD5,id=c0d2ea87-aa22-42eb-bba4-0246f89d2958
2019-09-26 10:52:29,942 [ForkJoinPool.commonPool-worker-1] INFO  impl.RoleInfo (RoleInfo.java:shutdownLeaderState(104)) - c0d2ea87-aa22-42eb-bba4-0246f89d2958: shutdown LeaderState
2019-09-26 10:52:29,942 [ForkJoinPool.commonPool-worker-1] INFO  impl.PendingRequests (PendingRequests.java:sendNotLeaderResponses(202)) - c0d2ea87-aa22-42eb-bba4-0246f89d2958-PendingRequests: sendNotLeaderResponses
2019-09-26 10:52:29,942 [ForkJoinPool.commonPool-worker-1] INFO  impl.StateMachineUpdater (StateMachineUpdater.java:stopAndJoin(125)) - c0d2ea87-aa22-42eb-bba4-0246f89d2958@group-9AE3FBFBDFD5-StateMachineUpdater: set stopIndex = 0
2019-09-26 10:52:29,943 [ForkJoinPool.commonPool-worker-1] INFO  impl.RaftServerImpl (ServerState.java:close(385)) - c0d2ea87-aa22-42eb-bba4-0246f89d2958@group-9AE3FBFBDFD5: closes. applyIndex: 0
2019-09-26 10:52:29,943 [c0d2ea87-aa22-42eb-bba4-0246f89d2958@group-9AE3FBFBDFD5-SegmentedRaftLogWorker] INFO  segmented.SegmentedRaftLogWorker (SegmentedRaftLogWorker.java:run(313)) - c0d2ea87-aa22-42eb-bba4-0246f89d2958@group-9AE3FBFBDFD5-SegmentedRaftLogWorker was interrupted, exiting. There are 0 tasks remaining in the queue.
2019-09-26 10:52:29,943 [main] INFO  segmented.SegmentedRaftLogWorker (SegmentedRaftLogWorker.java:close(228)) - 557f9f1f-13f1-4e9a-b9bb-f7fbe560edab@group-4BBCFE22D06D-SegmentedRaftLogWorker close()
2019-09-26 10:52:29,943 [ForkJoinPool.commonPool-worker-1] INFO  segmented.SegmentedRaftLogWorker (SegmentedRaftLogWorker.java:close(228)) - c0d2ea87-aa22-42eb-bba4-0246f89d2958@group-9AE3FBFBDFD5-SegmentedRaftLogWorker close()
2019-09-26 10:52:29,944 [main] INFO  impl.RaftServerImpl (RaftServerImpl.java:lambda$shutdown$3(251)) - 557f9f1f-13f1-4e9a-b9bb-f7fbe560edab@group-F2A7AF8E309A: shutdown
2019-09-26 10:52:29,944 [ForkJoinPool.commonPool-worker-1] INFO  impl.RaftServerImpl (RaftServerImpl.java:lambda$shutdown$3(251)) - c0d2ea87-aa22-42eb-bba4-0246f89d2958@group-16CC8EC40316: shutdown
2019-09-26 10:52:29,944 [main] INFO  util.JmxRegister (JmxRegister.java:unregister(73)) - Successfully un-registered JMX Bean with object name Ratis:service=RaftServer,group=group-F2A7AF8E309A,id=557f9f1f-13f1-4e9a-b9bb-f7fbe560edab
2019-09-26 10:52:29,945 [ForkJoinPool.commonPool-worker-1] INFO  util.JmxRegister (JmxRegister.java:unregister(73)) - Successfully un-registered JMX Bean with object name Ratis:service=RaftServer,group=group-16CC8EC40316,id=c0d2ea87-aa22-42eb-bba4-0246f89d2958
2019-09-26 10:52:29,945 [main] INFO  impl.RoleInfo (RoleInfo.java:shutdownLeaderState(104)) - 557f9f1f-13f1-4e9a-b9bb-f7fbe560edab: shutdown LeaderState
2019-09-26 10:52:29,945 [ForkJoinPool.commonPool-worker-1] INFO  impl.RoleInfo (RoleInfo.java:shutdownLeaderState(104)) - c0d2ea87-aa22-42eb-bba4-0246f89d2958: shutdown LeaderState
2019-09-26 10:52:29,946 [main] INFO  impl.PendingRequests (PendingRequests.java:sendNotLeaderResponses(202)) - 557f9f1f-13f1-4e9a-b9bb-f7fbe560edab-PendingRequests: sendNotLeaderResponses
2019-09-26 10:52:29,946 [ForkJoinPool.commonPool-worker-1] INFO  impl.PendingRequests (PendingRequests.java:sendNotLeaderResponses(202)) - c0d2ea87-aa22-42eb-bba4-0246f89d2958-PendingRequests: sendNotLeaderResponses
2019-09-26 10:52:29,947 [main] INFO  impl.StateMachineUpdater (StateMachineUpdater.java:stopAndJoin(125)) - 557f9f1f-13f1-4e9a-b9bb-f7fbe560edab@group-F2A7AF8E309A-StateMachineUpdater: set stopIndex = 0
2019-09-26 10:52:29,947 [ForkJoinPool.commonPool-worker-1] INFO  impl.StateMachineUpdater (StateMachineUpdater.java:stopAndJoin(125)) - c0d2ea87-aa22-42eb-bba4-0246f89d2958@group-16CC8EC40316-StateMachineUpdater: set stopIndex = 0
2019-09-26 10:52:29,947 [main] INFO  impl.RaftServerImpl (ServerState.java:close(385)) - 557f9f1f-13f1-4e9a-b9bb-f7fbe560edab@group-F2A7AF8E309A: closes. applyIndex: 0
2019-09-26 10:52:29,947 [ForkJoinPool.commonPool-worker-1] INFO  impl.RaftServerImpl (ServerState.java:close(385)) - c0d2ea87-aa22-42eb-bba4-0246f89d2958@group-16CC8EC40316: closes. applyIndex: 0
2019-09-26 10:52:29,948 [557f9f1f-13f1-4e9a-b9bb-f7fbe560edab@group-F2A7AF8E309A-SegmentedRaftLogWorker] INFO  segmented.SegmentedRaftLogWorker (SegmentedRaftLogWorker.java:run(313)) - 557f9f1f-13f1-4e9a-b9bb-f7fbe560edab@group-F2A7AF8E309A-SegmentedRaftLogWorker was interrupted, exiting. There are 0 tasks remaining in the queue.
2019-09-26 10:52:29,948 [c0d2ea87-aa22-42eb-bba4-0246f89d2958@group-16CC8EC40316-SegmentedRaftLogWorker] INFO  segmented.SegmentedRaftLogWorker (SegmentedRaftLogWorker.java:run(313)) - c0d2ea87-aa22-42eb-bba4-0246f89d2958@group-16CC8EC40316-SegmentedRaftLogWorker was interrupted, exiting. There are 0 tasks remaining in the queue.
2019-09-26 10:52:29,948 [main] INFO  segmented.SegmentedRaftLogWorker (SegmentedRaftLogWorker.java:close(228)) - 557f9f1f-13f1-4e9a-b9bb-f7fbe560edab@group-F2A7AF8E309A-SegmentedRaftLogWorker close()
2019-09-26 10:52:29,949 [ForkJoinPool.commonPool-worker-1] INFO  segmented.SegmentedRaftLogWorker (SegmentedRaftLogWorker.java:close(228)) - c0d2ea87-aa22-42eb-bba4-0246f89d2958@group-16CC8EC40316-SegmentedRaftLogWorker close()
2019-09-26 10:52:29,949 [main] INFO  impl.RaftServerImpl (RaftServerImpl.java:lambda$shutdown$3(251)) - 557f9f1f-13f1-4e9a-b9bb-f7fbe560edab@group-9DFECB84D1F0: shutdown
2019-09-26 10:52:29,949 [ForkJoinPool.commonPool-worker-1] INFO  impl.RaftServerImpl (RaftServerImpl.java:lambda$shutdown$3(251)) - c0d2ea87-aa22-42eb-bba4-0246f89d2958@group-9D6BBF258A56: shutdown
2019-09-26 10:52:29,950 [main] INFO  util.JmxRegister (JmxRegister.java:unregister(73)) - Successfully un-registered JMX Bean with object name Ratis:service=RaftServer,group=group-9DFECB84D1F0,id=557f9f1f-13f1-4e9a-b9bb-f7fbe560edab
2019-09-26 10:52:29,950 [main] INFO  impl.RoleInfo (RoleInfo.java:shutdownLeaderState(104)) - 557f9f1f-13f1-4e9a-b9bb-f7fbe560edab: shutdown LeaderState
2019-09-26 10:52:29,950 [ForkJoinPool.commonPool-worker-1] INFO  util.JmxRegister (JmxRegister.java:unregister(73)) - Successfully un-registered JMX Bean with object name Ratis:service=RaftServer,group=group-9D6BBF258A56,id=c0d2ea87-aa22-42eb-bba4-0246f89d2958
2019-09-26 10:52:30,093 [ForkJoinPool.commonPool-worker-1] INFO  impl.RoleInfo (RoleInfo.java:shutdownLeaderState(104)) - c0d2ea87-aa22-42eb-bba4-0246f89d2958: shutdown LeaderState
2019-09-26 10:52:29,951 [main] INFO  impl.PendingRequests (PendingRequests.java:sendNotLeaderResponses(202)) - 557f9f1f-13f1-4e9a-b9bb-f7fbe560edab-PendingRequests: sendNotLeaderResponses
2019-09-26 10:52:30,094 [ForkJoinPool.commonPool-worker-1] INFO  impl.PendingRequests (PendingRequests.java:sendNotLeaderResponses(202)) - c0d2ea87-aa22-42eb-bba4-0246f89d2958-PendingRequests: sendNotLeaderResponses
2019-09-26 10:52:30,095 [main] INFO  impl.StateMachineUpdater (StateMachineUpdater.java:stopAndJoin(125)) - 557f9f1f-13f1-4e9a-b9bb-f7fbe560edab@group-9DFECB84D1F0-StateMachineUpdater: set stopIndex = 0
2019-09-26 10:52:30,095 [main] INFO  impl.RaftServerImpl (ServerState.java:close(385)) - 557f9f1f-13f1-4e9a-b9bb-f7fbe560edab@group-9DFECB84D1F0: closes. applyIndex: 0
2019-09-26 10:52:30,095 [ForkJoinPool.commonPool-worker-1] INFO  impl.StateMachineUpdater (StateMachineUpdater.java:stopAndJoin(125)) - c0d2ea87-aa22-42eb-bba4-0246f89d2958@group-9D6BBF258A56-StateMachineUpdater: set stopIndex = 0
2019-09-26 10:52:30,096 [557f9f1f-13f1-4e9a-b9bb-f7fbe560edab@group-9DFECB84D1F0-SegmentedRaftLogWorker] INFO  segmented.SegmentedRaftLogWorker (SegmentedRaftLogWorker.java:run(313)) - 557f9f1f-13f1-4e9a-b9bb-f7fbe560edab@group-9DFECB84D1F0-SegmentedRaftLogWorker was interrupted, exiting. There are 0 tasks remaining in the queue.
2019-09-26 10:52:30,096 [ForkJoinPool.commonPool-worker-1] INFO  impl.RaftServerImpl (ServerState.java:close(385)) - c0d2ea87-aa22-42eb-bba4-0246f89d2958@group-9D6BBF258A56: closes. applyIndex: 0
2019-09-26 10:52:30,097 [main] INFO  segmented.SegmentedRaftLogWorker (SegmentedRaftLogWorker.java:close(228)) - 557f9f1f-13f1-4e9a-b9bb-f7fbe560edab@group-9DFECB84D1F0-SegmentedRaftLogWorker close()
2019-09-26 10:52:30,097 [c0d2ea87-aa22-42eb-bba4-0246f89d2958@group-9D6BBF258A56-SegmentedRaftLogWorker] INFO  segmented.SegmentedRaftLogWorker (SegmentedRaftLogWorker.java:run(313)) - c0d2ea87-aa22-42eb-bba4-0246f89d2958@group-9D6BBF258A56-SegmentedRaftLogWorker was interrupted, exiting. There are 0 tasks remaining in the queue.
2019-09-26 10:52:30,097 [main] INFO  impl.RaftServerImpl (RaftServerImpl.java:lambda$shutdown$3(251)) - 557f9f1f-13f1-4e9a-b9bb-f7fbe560edab@group-45F28B6522CF: shutdown
2019-09-26 10:52:30,097 [ForkJoinPool.commonPool-worker-1] INFO  segmented.SegmentedRaftLogWorker (SegmentedRaftLogWorker.java:close(228)) - c0d2ea87-aa22-42eb-bba4-0246f89d2958@group-9D6BBF258A56-SegmentedRaftLogWorker close()
2019-09-26 10:52:30,098 [main] INFO  util.JmxRegister (JmxRegister.java:unregister(73)) - Successfully un-registered JMX Bean with object name Ratis:service=RaftServer,group=group-45F28B6522CF,id=557f9f1f-13f1-4e9a-b9bb-f7fbe560edab
2019-09-26 10:52:30,098 [ForkJoinPool.commonPool-worker-1] INFO  impl.RaftServerImpl (RaftServerImpl.java:lambda$shutdown$3(251)) - c0d2ea87-aa22-42eb-bba4-0246f89d2958@group-6DE500C0FC5E: shutdown
2019-09-26 10:52:30,099 [main] INFO  impl.RoleInfo (RoleInfo.java:shutdownLeaderState(104)) - 557f9f1f-13f1-4e9a-b9bb-f7fbe560edab: shutdown LeaderState
2019-09-26 10:52:30,099 [ForkJoinPool.commonPool-worker-1] INFO  util.JmxRegister (JmxRegister.java:unregister(73)) - Successfully un-registered JMX Bean with object name Ratis:service=RaftServer,group=group-6DE500C0FC5E,id=c0d2ea87-aa22-42eb-bba4-0246f89d2958
2019-09-26 10:52:30,100 [main] INFO  impl.PendingRequests (PendingRequests.java:sendNotLeaderResponses(202)) - 557f9f1f-13f1-4e9a-b9bb-f7fbe560edab-PendingRequests: sendNotLeaderResponses
2019-09-26 10:52:30,100 [ForkJoinPool.commonPool-worker-1] INFO  impl.RoleInfo (RoleInfo.java:shutdownLeaderState(104)) - c0d2ea87-aa22-42eb-bba4-0246f89d2958: shutdown LeaderState
2019-09-26 10:52:30,100 [main] INFO  impl.StateMachineUpdater (StateMachineUpdater.java:stopAndJoin(125)) - 557f9f1f-13f1-4e9a-b9bb-f7fbe560edab@group-45F28B6522CF-StateMachineUpdater: set stopIndex = 0
2019-09-26 10:52:30,101 [ForkJoinPool.commonPool-worker-1] INFO  impl.PendingRequests (PendingRequests.java:sendNotLeaderResponses(202)) - c0d2ea87-aa22-42eb-bba4-0246f89d2958-PendingRequests: sendNotLeaderResponses
2019-09-26 10:52:30,101 [ForkJoinPool.commonPool-worker-1] INFO  impl.StateMachineUpdater (StateMachineUpdater.java:stopAndJoin(125)) - c0d2ea87-aa22-42eb-bba4-0246f89d2958@group-6DE500C0FC5E-StateMachineUpdater: set stopIndex = 0
2019-09-26 10:52:30,120 [ForkJoinPool.commonPool-worker-1] INFO  impl.RaftServerImpl (ServerState.java:close(385)) - c0d2ea87-aa22-42eb-bba4-0246f89d2958@group-6DE500C0FC5E: closes. applyIndex: 0
2019-09-26 10:52:30,120 [main] INFO  impl.RaftServerImpl (ServerState.java:close(385)) - 557f9f1f-13f1-4e9a-b9bb-f7fbe560edab@group-45F28B6522CF: closes. applyIndex: 0
2019-09-26 10:52:30,120 [c0d2ea87-aa22-42eb-bba4-0246f89d2958@group-6DE500C0FC5E-SegmentedRaftLogWorker] INFO  segmented.SegmentedRaftLogWorker (SegmentedRaftLogWorker.java:run(313)) - c0d2ea87-aa22-42eb-bba4-0246f89d2958@group-6DE500C0FC5E-SegmentedRaftLogWorker was interrupted, exiting. There are 0 tasks remaining in the queue.
2019-09-26 10:52:30,121 [557f9f1f-13f1-4e9a-b9bb-f7fbe560edab@group-45F28B6522CF-SegmentedRaftLogWorker] INFO  segmented.SegmentedRaftLogWorker (SegmentedRaftLogWorker.java:run(313)) - 557f9f1f-13f1-4e9a-b9bb-f7fbe560edab@group-45F28B6522CF-SegmentedRaftLogWorker was interrupted, exiting. There are 0 tasks remaining in the queue.
2019-09-26 10:52:30,121 [ForkJoinPool.commonPool-worker-1] INFO  segmented.SegmentedRaftLogWorker (SegmentedRaftLogWorker.java:close(228)) - c0d2ea87-aa22-42eb-bba4-0246f89d2958@group-6DE500C0FC5E-SegmentedRaftLogWorker close()
2019-09-26 10:52:30,121 [main] INFO  segmented.SegmentedRaftLogWorker (SegmentedRaftLogWorker.java:close(228)) - 557f9f1f-13f1-4e9a-b9bb-f7fbe560edab@group-45F28B6522CF-SegmentedRaftLogWorker close()
2019-09-26 10:52:30,121 [ForkJoinPool.commonPool-worker-1] INFO  impl.RaftServerImpl (RaftServerImpl.java:lambda$shutdown$3(251)) - c0d2ea87-aa22-42eb-bba4-0246f89d2958@group-23AD51FD0A40: shutdown
2019-09-26 10:52:30,122 [main] INFO  impl.RaftServerImpl (RaftServerImpl.java:lambda$shutdown$3(251)) - 557f9f1f-13f1-4e9a-b9bb-f7fbe560edab@group-ECCB59BD8BF7: shutdown
2019-09-26 10:52:30,122 [ForkJoinPool.commonPool-worker-1] INFO  util.JmxRegister (JmxRegister.java:unregister(73)) - Successfully un-registered JMX Bean with object name Ratis:service=RaftServer,group=group-23AD51FD0A40,id=c0d2ea87-aa22-42eb-bba4-0246f89d2958
2019-09-26 10:52:30,122 [main] INFO  util.JmxRegister (JmxRegister.java:unregister(73)) - Successfully un-registered JMX Bean with object name Ratis:service=RaftServer,group=group-ECCB59BD8BF7,id=557f9f1f-13f1-4e9a-b9bb-f7fbe560edab
2019-09-26 10:52:30,123 [ForkJoinPool.commonPool-worker-1] INFO  impl.RoleInfo (RoleInfo.java:shutdownLeaderState(104)) - c0d2ea87-aa22-42eb-bba4-0246f89d2958: shutdown LeaderState
2019-09-26 10:52:30,123 [main] INFO  impl.RoleInfo (RoleInfo.java:shutdownLeaderState(104)) - 557f9f1f-13f1-4e9a-b9bb-f7fbe560edab: shutdown LeaderState
2019-09-26 10:52:30,123 [ForkJoinPool.commonPool-worker-1] INFO  impl.PendingRequests (PendingRequests.java:sendNotLeaderResponses(202)) - c0d2ea87-aa22-42eb-bba4-0246f89d2958-PendingRequests: sendNotLeaderResponses
2019-09-26 10:52:30,123 [main] INFO  impl.PendingRequests (PendingRequests.java:sendNotLeaderResponses(202)) - 557f9f1f-13f1-4e9a-b9bb-f7fbe560edab-PendingRequests: sendNotLeaderResponses
2019-09-26 10:52:30,123 [ForkJoinPool.commonPool-worker-1] INFO  impl.StateMachineUpdater (StateMachineUpdater.java:stopAndJoin(125)) - c0d2ea87-aa22-42eb-bba4-0246f89d2958@group-23AD51FD0A40-StateMachineUpdater: set stopIndex = 0
2019-09-26 10:52:30,124 [main] INFO  impl.StateMachineUpdater (StateMachineUpdater.java:stopAndJoin(125)) - 557f9f1f-13f1-4e9a-b9bb-f7fbe560edab@group-ECCB59BD8BF7-StateMachineUpdater: set stopIndex = 0
2019-09-26 10:52:30,124 [ForkJoinPool.commonPool-worker-1] INFO  impl.RaftServerImpl (ServerState.java:close(385)) - c0d2ea87-aa22-42eb-bba4-0246f89d2958@group-23AD51FD0A40: closes. applyIndex: 0
2019-09-26 10:52:30,124 [main] INFO  impl.RaftServerImpl (ServerState.java:close(385)) - 557f9f1f-13f1-4e9a-b9bb-f7fbe560edab@group-ECCB59BD8BF7: closes. applyIndex: 0
2019-09-26 10:52:30,124 [c0d2ea87-aa22-42eb-bba4-0246f89d2958@group-23AD51FD0A40-SegmentedRaftLogWorker] INFO  segmented.SegmentedRaftLogWorker (SegmentedRaftLogWorker.java:run(313)) - c0d2ea87-aa22-42eb-bba4-0246f89d2958@group-23AD51FD0A40-SegmentedRaftLogWorker was interrupted, exiting. There are 0 tasks remaining in the queue.
2019-09-26 10:52:30,125 [557f9f1f-13f1-4e9a-b9bb-f7fbe560edab@group-ECCB59BD8BF7-SegmentedRaftLogWorker] INFO  segmented.SegmentedRaftLogWorker (SegmentedRaftLogWorker.java:run(313)) - 557f9f1f-13f1-4e9a-b9bb-f7fbe560edab@group-ECCB59BD8BF7-SegmentedRaftLogWorker was interrupted, exiting. There are 0 tasks remaining in the queue.
2019-09-26 10:52:30,125 [ForkJoinPool.commonPool-worker-1] INFO  segmented.SegmentedRaftLogWorker (SegmentedRaftLogWorker.java:close(228)) - c0d2ea87-aa22-42eb-bba4-0246f89d2958@group-23AD51FD0A40-SegmentedRaftLogWorker close()
2019-09-26 10:52:30,125 [main] INFO  segmented.SegmentedRaftLogWorker (SegmentedRaftLogWorker.java:close(228)) - 557f9f1f-13f1-4e9a-b9bb-f7fbe560edab@group-ECCB59BD8BF7-SegmentedRaftLogWorker close()
2019-09-26 10:52:30,125 [ForkJoinPool.commonPool-worker-1] INFO  impl.RaftServerImpl (RaftServerImpl.java:lambda$shutdown$3(251)) - c0d2ea87-aa22-42eb-bba4-0246f89d2958@group-D5E790582447: shutdown
2019-09-26 10:52:30,125 [main] INFO  server.GrpcService (GrpcService.java:closeImpl(164)) - 557f9f1f-13f1-4e9a-b9bb-f7fbe560edab: shutdown server with port 38394 now
2019-09-26 10:52:30,126 [ForkJoinPool.commonPool-worker-1] INFO  util.JmxRegister (JmxRegister.java:unregister(73)) - Successfully un-registered JMX Bean with object name Ratis:service=RaftServer,group=group-D5E790582447,id=c0d2ea87-aa22-42eb-bba4-0246f89d2958
2019-09-26 10:52:30,126 [ForkJoinPool.commonPool-worker-1] INFO  impl.RoleInfo (RoleInfo.java:shutdownLeaderState(104)) - c0d2ea87-aa22-42eb-bba4-0246f89d2958: shutdown LeaderState
2019-09-26 10:52:30,136 [main] INFO  server.GrpcService (GrpcService.java:closeImpl(172)) - 557f9f1f-13f1-4e9a-b9bb-f7fbe560edab: shutdown server with port 38394 successfully
2019-09-26 10:52:30,136 [ForkJoinPool.commonPool-worker-1] INFO  impl.PendingRequests (PendingRequests.java:sendNotLeaderResponses(202)) - c0d2ea87-aa22-42eb-bba4-0246f89d2958-PendingRequests: sendNotLeaderResponses
2019-09-26 10:52:30,136 [ForkJoinPool.commonPool-worker-1] INFO  impl.StateMachineUpdater (StateMachineUpdater.java:stopAndJoin(125)) - c0d2ea87-aa22-42eb-bba4-0246f89d2958@group-D5E790582447-StateMachineUpdater: set stopIndex = 0
2019-09-26 10:52:30,137 [ForkJoinPool.commonPool-worker-1] INFO  impl.RaftServerImpl (ServerState.java:close(385)) - c0d2ea87-aa22-42eb-bba4-0246f89d2958@group-D5E790582447: closes. applyIndex: 0
2019-09-26 10:52:30,141 [c0d2ea87-aa22-42eb-bba4-0246f89d2958@group-D5E790582447-SegmentedRaftLogWorker] INFO  segmented.SegmentedRaftLogWorker (SegmentedRaftLogWorker.java:run(313)) - c0d2ea87-aa22-42eb-bba4-0246f89d2958@group-D5E790582447-SegmentedRaftLogWorker was interrupted, exiting. There are 0 tasks remaining in the queue.
2019-09-26 10:52:30,141 [refreshUsed-/workdir/hadoop-ozone/ozonefs/target/test-dir/MiniOzoneClusterImpl-b00a5744-6e73-4fa1-a928-c24f0d5ffca4/datanode-8/data/containers] WARN  fs.CachingGetSpaceUsed (CachingGetSpaceUsed.java:run(183)) - Thread Interrupted waiting to refresh disk information: sleep interrupted
2019-09-26 10:52:30,141 [ForkJoinPool.commonPool-worker-1] INFO  segmented.SegmentedRaftLogWorker (SegmentedRaftLogWorker.java:close(228)) - c0d2ea87-aa22-42eb-bba4-0246f89d2958@group-D5E790582447-SegmentedRaftLogWorker close()
2019-09-26 10:52:30,142 [ForkJoinPool.commonPool-worker-1] INFO  server.GrpcService (GrpcService.java:closeImpl(164)) - c0d2ea87-aa22-42eb-bba4-0246f89d2958: shutdown server with port 46118 now
2019-09-26 10:52:30,150 [ForkJoinPool.commonPool-worker-1] INFO  server.GrpcService (GrpcService.java:closeImpl(172)) - c0d2ea87-aa22-42eb-bba4-0246f89d2958: shutdown server with port 46118 successfully
2019-09-26 10:52:30,158 [refreshUsed-/workdir/hadoop-ozone/ozonefs/target/test-dir/MiniOzoneClusterImpl-b00a5744-6e73-4fa1-a928-c24f0d5ffca4/datanode-4/data/containers] WARN  fs.CachingGetSpaceUsed (CachingGetSpaceUsed.java:run(183)) - Thread Interrupted waiting to refresh disk information: sleep interrupted
2019-09-26 10:52:30,174 [main] INFO  utils.BackgroundService (BackgroundService.java:shutdown(148)) - Shutting down service BlockDeletingService
2019-09-26 10:52:30,188 [main] INFO  statemachine.DatanodeStateMachine (DatanodeStateMachine.java:stopDaemon(395)) - Ozone container server stopped.
2019-09-26 10:52:30,236 [ForkJoinPool.commonPool-worker-1] INFO  utils.BackgroundService (BackgroundService.java:shutdown(148)) - Shutting down service BlockDeletingService
2019-09-26 10:52:30,254 [main] INFO  handler.ContextHandler (ContextHandler.java:doStop(910)) - Stopped o.e.j.w.WebAppContext@5d97caa4{/,null,UNAVAILABLE}{/hddsDatanode}
2019-09-26 10:52:30,275 [ForkJoinPool.commonPool-worker-1] INFO  statemachine.DatanodeStateMachine (DatanodeStateMachine.java:stopDaemon(395)) - Ozone container server stopped.
2019-09-26 10:52:30,332 [main] INFO  server.AbstractConnector (AbstractConnector.java:doStop(318)) - Stopped ServerConnector@6732726{HTTP/1.1,[http/1.1]}{0.0.0.0:0}
2019-09-26 10:52:30,333 [main] INFO  handler.ContextHandler (ContextHandler.java:doStop(910)) - Stopped o.e.j.s.ServletContextHandler@4784efd9{/static,jar:file:/home/user/.m2/repository/org/apache/hadoop/hadoop-hdds-container-service/0.5.0-SNAPSHOT/hadoop-hdds-container-service-0.5.0-SNAPSHOT.jar!/webapps/static,UNAVAILABLE}
2019-09-26 10:52:30,333 [ForkJoinPool.commonPool-worker-1] INFO  handler.ContextHandler (ContextHandler.java:doStop(910)) - Stopped o.e.j.w.WebAppContext@aaa0f76{/,null,UNAVAILABLE}{/hddsDatanode}
2019-09-26 10:52:30,334 [main] INFO  handler.ContextHandler (ContextHandler.java:doStop(910)) - Stopped o.e.j.s.ServletContextHandler@3c3820bb{/logs,file:///workdir/hadoop-ozone/ozonefs/target/log,UNAVAILABLE}
2019-09-26 10:52:30,334 [ForkJoinPool.commonPool-worker-1] INFO  server.AbstractConnector (AbstractConnector.java:doStop(318)) - Stopped ServerConnector@340a8894{HTTP/1.1,[http/1.1]}{0.0.0.0:0}
2019-09-26 10:52:30,336 [ForkJoinPool.commonPool-worker-1] INFO  handler.ContextHandler (ContextHandler.java:doStop(910)) - Stopped o.e.j.s.ServletContextHandler@1645f294{/static,jar:file:/home/user/.m2/repository/org/apache/hadoop/hadoop-hdds-container-service/0.5.0-SNAPSHOT/hadoop-hdds-container-service-0.5.0-SNAPSHOT.jar!/webapps/static,UNAVAILABLE}
2019-09-26 10:52:30,338 [ForkJoinPool.commonPool-worker-1] INFO  handler.ContextHandler (ContextHandler.java:doStop(910)) - Stopped o.e.j.s.ServletContextHandler@2eeb0f9b{/logs,file:///workdir/hadoop-ozone/ozonefs/target/log,UNAVAILABLE}
2019-09-26 10:52:30,530 [Datanode State Machine Thread - 0] INFO  statemachine.DatanodeStateMachine (DatanodeStateMachine.java:lambda$startDaemon$0(350)) - Ozone container server started.
2019-09-26 10:52:31,095 [Datanode State Machine Thread - 0] INFO  statemachine.DatanodeStateMachine (DatanodeStateMachine.java:lambda$startDaemon$0(350)) - Ozone container server started.
2019-09-26 10:52:35,338 [main] INFO  ozoneimpl.OzoneContainer (OzoneContainer.java:stop(231)) - Attempting to stop container services.
2019-09-26 10:52:35,340 [ForkJoinPool.commonPool-worker-1] INFO  ozoneimpl.OzoneContainer (OzoneContainer.java:stop(231)) - Attempting to stop container services.
2019-09-26 10:52:35,340 [main] INFO  impl.RaftServerProxy (RaftServerProxy.java:lambda$close$4(314)) - c90ec3f3-d421-4e55-9ed5-50760aadc6ca: close
2019-09-26 10:52:35,341 [ForkJoinPool.commonPool-worker-1] INFO  impl.RaftServerProxy (RaftServerProxy.java:lambda$close$4(314)) - 0c06663d-3a07-4175-8dd2-9d41b1b53b1e: close
2019-09-26 10:52:35,342 [main] INFO  impl.RaftServerImpl (RaftServerImpl.java:lambda$shutdown$3(251)) - c90ec3f3-d421-4e55-9ed5-50760aadc6ca@group-288065B98035: shutdown
2019-09-26 10:52:35,342 [ForkJoinPool.commonPool-worker-1] INFO  impl.RaftServerImpl (RaftServerImpl.java:lambda$shutdown$3(251)) - 0c06663d-3a07-4175-8dd2-9d41b1b53b1e@group-AFBF31E49344: shutdown
2019-09-26 10:52:35,342 [main] INFO  util.JmxRegister (JmxRegister.java:unregister(73)) - Successfully un-registered JMX Bean with object name Ratis:service=RaftServer,group=group-288065B98035,id=c90ec3f3-d421-4e55-9ed5-50760aadc6ca
2019-09-26 10:52:35,342 [ForkJoinPool.commonPool-worker-1] INFO  util.JmxRegister (JmxRegister.java:unregister(73)) - Successfully un-registered JMX Bean with object name Ratis:service=RaftServer,group=group-AFBF31E49344,id=0c06663d-3a07-4175-8dd2-9d41b1b53b1e
2019-09-26 10:52:35,343 [main] INFO  impl.RoleInfo (RoleInfo.java:shutdownLeaderState(104)) - c90ec3f3-d421-4e55-9ed5-50760aadc6ca: shutdown LeaderState
2019-09-26 10:52:35,343 [ForkJoinPool.commonPool-worker-1] INFO  impl.RoleInfo (RoleInfo.java:shutdownLeaderState(104)) - 0c06663d-3a07-4175-8dd2-9d41b1b53b1e: shutdown LeaderState
2019-09-26 10:52:35,344 [main] INFO  impl.PendingRequests (PendingRequests.java:sendNotLeaderResponses(202)) - c90ec3f3-d421-4e55-9ed5-50760aadc6ca-PendingRequests: sendNotLeaderResponses
2019-09-26 10:52:35,344 [ForkJoinPool.commonPool-worker-1] INFO  impl.PendingRequests (PendingRequests.java:sendNotLeaderResponses(202)) - 0c06663d-3a07-4175-8dd2-9d41b1b53b1e-PendingRequests: sendNotLeaderResponses
2019-09-26 10:52:35,345 [main] INFO  impl.StateMachineUpdater (StateMachineUpdater.java:stopAndJoin(125)) - c90ec3f3-d421-4e55-9ed5-50760aadc6ca@group-288065B98035-StateMachineUpdater: set stopIndex = 0
2019-09-26 10:52:35,345 [ForkJoinPool.commonPool-worker-1] INFO  impl.StateMachineUpdater (StateMachineUpdater.java:stopAndJoin(125)) - 0c06663d-3a07-4175-8dd2-9d41b1b53b1e@group-AFBF31E49344-StateMachineUpdater: set stopIndex = 0
2019-09-26 10:52:35,346 [main] INFO  impl.RaftServerImpl (ServerState.java:close(385)) - c90ec3f3-d421-4e55-9ed5-50760aadc6ca@group-288065B98035: closes. applyIndex: 0
2019-09-26 10:52:35,346 [ForkJoinPool.commonPool-worker-1] INFO  impl.RaftServerImpl (ServerState.java:close(385)) - 0c06663d-3a07-4175-8dd2-9d41b1b53b1e@group-AFBF31E49344: closes. applyIndex: 0
2019-09-26 10:52:35,347 [c90ec3f3-d421-4e55-9ed5-50760aadc6ca@group-288065B98035-SegmentedRaftLogWorker] INFO  segmented.SegmentedRaftLogWorker (SegmentedRaftLogWorker.java:run(313)) - c90ec3f3-d421-4e55-9ed5-50760aadc6ca@group-288065B98035-SegmentedRaftLogWorker was interrupted, exiting. There are 0 tasks remaining in the queue.
2019-09-26 10:52:35,347 [main] INFO  segmented.SegmentedRaftLogWorker (SegmentedRaftLogWorker.java:close(228)) - c90ec3f3-d421-4e55-9ed5-50760aadc6ca@group-288065B98035-SegmentedRaftLogWorker close()
2019-09-26 10:52:35,347 [0c06663d-3a07-4175-8dd2-9d41b1b53b1e@group-AFBF31E49344-SegmentedRaftLogWorker] INFO  segmented.SegmentedRaftLogWorker (SegmentedRaftLogWorker.java:run(313)) - 0c06663d-3a07-4175-8dd2-9d41b1b53b1e@group-AFBF31E49344-SegmentedRaftLogWorker was interrupted, exiting. There are 0 tasks remaining in the queue.
2019-09-26 10:52:35,348 [main] INFO  impl.RaftServerImpl (RaftServerImpl.java:lambda$shutdown$3(251)) - c90ec3f3-d421-4e55-9ed5-50760aadc6ca@group-B5A4BEE907BA: shutdown
2019-09-26 10:52:35,348 [ForkJoinPool.commonPool-worker-1] INFO  segmented.SegmentedRaftLogWorker (SegmentedRaftLogWorker.java:close(228)) - 0c06663d-3a07-4175-8dd2-9d41b1b53b1e@group-AFBF31E49344-SegmentedRaftLogWorker close()
2019-09-26 10:52:35,348 [main] INFO  util.JmxRegister (JmxRegister.java:unregister(73)) - Successfully un-registered JMX Bean with object name Ratis:service=RaftServer,group=group-B5A4BEE907BA,id=c90ec3f3-d421-4e55-9ed5-50760aadc6ca
2019-09-26 10:52:35,349 [ForkJoinPool.commonPool-worker-1] INFO  impl.RaftServerImpl (RaftServerImpl.java:lambda$shutdown$3(251)) - 0c06663d-3a07-4175-8dd2-9d41b1b53b1e@group-C0070F59A967: shutdown
2019-09-26 10:52:35,349 [main] INFO  impl.RoleInfo (RoleInfo.java:shutdownLeaderState(104)) - c90ec3f3-d421-4e55-9ed5-50760aadc6ca: shutdown LeaderState
2019-09-26 10:52:35,349 [ForkJoinPool.commonPool-worker-1] INFO  util.JmxRegister (JmxRegister.java:unregister(73)) - Successfully un-registered JMX Bean with object name Ratis:service=RaftServer,group=group-C0070F59A967,id=0c06663d-3a07-4175-8dd2-9d41b1b53b1e
2019-09-26 10:52:35,350 [main] INFO  impl.PendingRequests (PendingRequests.java:sendNotLeaderResponses(202)) - c90ec3f3-d421-4e55-9ed5-50760aadc6ca-PendingRequests: sendNotLeaderResponses
2019-09-26 10:52:35,350 [ForkJoinPool.commonPool-worker-1] INFO  impl.RoleInfo (RoleInfo.java:shutdownLeaderState(104)) - 0c06663d-3a07-4175-8dd2-9d41b1b53b1e: shutdown LeaderState
2019-09-26 10:52:35,351 [main] INFO  impl.StateMachineUpdater (StateMachineUpdater.java:stopAndJoin(125)) - c90ec3f3-d421-4e55-9ed5-50760aadc6ca@group-B5A4BEE907BA-StateMachineUpdater: set stopIndex = 0
2019-09-26 10:52:35,351 [main] INFO  impl.RaftServerImpl (ServerState.java:close(385)) - c90ec3f3-d421-4e55-9ed5-50760aadc6ca@group-B5A4BEE907BA: closes. applyIndex: 0
2019-09-26 10:52:35,351 [ForkJoinPool.commonPool-worker-1] INFO  impl.PendingRequests (PendingRequests.java:sendNotLeaderResponses(202)) - 0c06663d-3a07-4175-8dd2-9d41b1b53b1e-PendingRequests: sendNotLeaderResponses
2019-09-26 10:52:35,352 [c90ec3f3-d421-4e55-9ed5-50760aadc6ca@group-B5A4BEE907BA-SegmentedRaftLogWorker] INFO  segmented.SegmentedRaftLogWorker (SegmentedRaftLogWorker.java:run(313)) - c90ec3f3-d421-4e55-9ed5-50760aadc6ca@group-B5A4BEE907BA-SegmentedRaftLogWorker was interrupted, exiting. There are 0 tasks remaining in the queue.
2019-09-26 10:52:35,352 [ForkJoinPool.commonPool-worker-1] INFO  impl.StateMachineUpdater (StateMachineUpdater.java:stopAndJoin(125)) - 0c06663d-3a07-4175-8dd2-9d41b1b53b1e@group-C0070F59A967-StateMachineUpdater: set stopIndex = 0
2019-09-26 10:52:35,352 [main] INFO  segmented.SegmentedRaftLogWorker (SegmentedRaftLogWorker.java:close(228)) - c90ec3f3-d421-4e55-9ed5-50760aadc6ca@group-B5A4BEE907BA-SegmentedRaftLogWorker close()
2019-09-26 10:52:35,353 [ForkJoinPool.commonPool-worker-1] INFO  impl.RaftServerImpl (ServerState.java:close(385)) - 0c06663d-3a07-4175-8dd2-9d41b1b53b1e@group-C0070F59A967: closes. applyIndex: 0
2019-09-26 10:52:35,353 [main] INFO  impl.RaftServerImpl (RaftServerImpl.java:lambda$shutdown$3(251)) - c90ec3f3-d421-4e55-9ed5-50760aadc6ca@group-B4FB09DB6EFC: shutdown
2019-09-26 10:52:35,354 [0c06663d-3a07-4175-8dd2-9d41b1b53b1e@group-C0070F59A967-SegmentedRaftLogWorker] INFO  segmented.SegmentedRaftLogWorker (SegmentedRaftLogWorker.java:run(313)) - 0c06663d-3a07-4175-8dd2-9d41b1b53b1e@group-C0070F59A967-SegmentedRaftLogWorker was interrupted, exiting. There are 0 tasks remaining in the queue.
2019-09-26 10:52:35,354 [main] INFO  util.JmxRegister (JmxRegister.java:unregister(73)) - Successfully un-registered JMX Bean with object name Ratis:service=RaftServer,group=group-B4FB09DB6EFC,id=c90ec3f3-d421-4e55-9ed5-50760aadc6ca
2019-09-26 10:52:35,359 [main] INFO  impl.RoleInfo (RoleInfo.java:shutdownLeaderState(104)) - c90ec3f3-d421-4e55-9ed5-50760aadc6ca: shutdown LeaderState
2019-09-26 10:52:35,358 [ForkJoinPool.commonPool-worker-1] INFO  segmented.SegmentedRaftLogWorker (SegmentedRaftLogWorker.java:close(228)) - 0c06663d-3a07-4175-8dd2-9d41b1b53b1e@group-C0070F59A967-SegmentedRaftLogWorker close()
2019-09-26 10:52:35,359 [main] INFO  impl.PendingRequests (PendingRequests.java:sendNotLeaderResponses(202)) - c90ec3f3-d421-4e55-9ed5-50760aadc6ca-PendingRequests: sendNotLeaderResponses
2019-09-26 10:52:35,360 [ForkJoinPool.commonPool-worker-1] INFO  impl.RaftServerImpl (RaftServerImpl.java:lambda$shutdown$3(251)) - 0c06663d-3a07-4175-8dd2-9d41b1b53b1e@group-96463729E733: shutdown
2019-09-26 10:52:35,360 [main] INFO  impl.StateMachineUpdater (StateMachineUpdater.java:stopAndJoin(125)) - c90ec3f3-d421-4e55-9ed5-50760aadc6ca@group-B4FB09DB6EFC-StateMachineUpdater: set stopIndex = 0
2019-09-26 10:52:35,360 [ForkJoinPool.commonPool-worker-1] INFO  util.JmxRegister (JmxRegister.java:unregister(73)) - Successfully un-registered JMX Bean with object name Ratis:service=RaftServer,group=group-96463729E733,id=0c06663d-3a07-4175-8dd2-9d41b1b53b1e
2019-09-26 10:52:35,361 [main] INFO  impl.RaftServerImpl (ServerState.java:close(385)) - c90ec3f3-d421-4e55-9ed5-50760aadc6ca@group-B4FB09DB6EFC: closes. applyIndex: 0
2019-09-26 10:52:35,361 [ForkJoinPool.commonPool-worker-1] INFO  impl.RoleInfo (RoleInfo.java:shutdownLeaderState(104)) - 0c06663d-3a07-4175-8dd2-9d41b1b53b1e: shutdown LeaderState
2019-09-26 10:52:35,361 [c90ec3f3-d421-4e55-9ed5-50760aadc6ca@group-B4FB09DB6EFC-SegmentedRaftLogWorker] INFO  segmented.SegmentedRaftLogWorker (SegmentedRaftLogWorker.java:run(313)) - c90ec3f3-d421-4e55-9ed5-50760aadc6ca@group-B4FB09DB6EFC-SegmentedRaftLogWorker was interrupted, exiting. There are 0 tasks remaining in the queue.
2019-09-26 10:52:35,362 [ForkJoinPool.commonPool-worker-1] INFO  impl.PendingRequests (PendingRequests.java:sendNotLeaderResponses(202)) - 0c06663d-3a07-4175-8dd2-9d41b1b53b1e-PendingRequests: sendNotLeaderResponses
2019-09-26 10:52:35,362 [main] INFO  segmented.SegmentedRaftLogWorker (SegmentedRaftLogWorker.java:close(228)) - c90ec3f3-d421-4e55-9ed5-50760aadc6ca@group-B4FB09DB6EFC-SegmentedRaftLogWorker close()
2019-09-26 10:52:35,362 [ForkJoinPool.commonPool-worker-1] INFO  impl.StateMachineUpdater (StateMachineUpdater.java:stopAndJoin(125)) - 0c06663d-3a07-4175-8dd2-9d41b1b53b1e@group-96463729E733-StateMachineUpdater: set stopIndex = 0
2019-09-26 10:52:35,363 [main] INFO  impl.RaftServerImpl (RaftServerImpl.java:lambda$shutdown$3(251)) - c90ec3f3-d421-4e55-9ed5-50760aadc6ca@group-207741480554: shutdown
2019-09-26 10:52:35,363 [ForkJoinPool.commonPool-worker-1] INFO  impl.RaftServerImpl (ServerState.java:close(385)) - 0c06663d-3a07-4175-8dd2-9d41b1b53b1e@group-96463729E733: closes. applyIndex: 0
2019-09-26 10:52:35,363 [main] INFO  util.JmxRegister (JmxRegister.java:unregister(73)) - Successfully un-registered JMX Bean with object name Ratis:service=RaftServer,group=group-207741480554,id=c90ec3f3-d421-4e55-9ed5-50760aadc6ca
2019-09-26 10:52:35,364 [0c06663d-3a07-4175-8dd2-9d41b1b53b1e@group-96463729E733-SegmentedRaftLogWorker] INFO  segmented.SegmentedRaftLogWorker (SegmentedRaftLogWorker.java:run(313)) - 0c06663d-3a07-4175-8dd2-9d41b1b53b1e@group-96463729E733-SegmentedRaftLogWorker was interrupted, exiting. There are 0 tasks remaining in the queue.
2019-09-26 10:52:35,364 [main] INFO  impl.RoleInfo (RoleInfo.java:shutdownLeaderState(104)) - c90ec3f3-d421-4e55-9ed5-50760aadc6ca: shutdown LeaderState
2019-09-26 10:52:35,364 [ForkJoinPool.commonPool-worker-1] INFO  segmented.SegmentedRaftLogWorker (SegmentedRaftLogWorker.java:close(228)) - 0c06663d-3a07-4175-8dd2-9d41b1b53b1e@group-96463729E733-SegmentedRaftLogWorker close()
2019-09-26 10:52:35,364 [main] INFO  impl.PendingRequests (PendingRequests.java:sendNotLeaderResponses(202)) - c90ec3f3-d421-4e55-9ed5-50760aadc6ca-PendingRequests: sendNotLeaderResponses
2019-09-26 10:52:35,365 [ForkJoinPool.commonPool-worker-1] INFO  impl.RaftServerImpl (RaftServerImpl.java:lambda$shutdown$3(251)) - 0c06663d-3a07-4175-8dd2-9d41b1b53b1e@group-DEFD407AFBBD: shutdown
2019-09-26 10:52:35,365 [main] INFO  impl.StateMachineUpdater (StateMachineUpdater.java:stopAndJoin(125)) - c90ec3f3-d421-4e55-9ed5-50760aadc6ca@group-207741480554-StateMachineUpdater: set stopIndex = 0
2019-09-26 10:52:35,365 [ForkJoinPool.commonPool-worker-1] INFO  util.JmxRegister (JmxRegister.java:unregister(73)) - Successfully un-registered JMX Bean with object name Ratis:service=RaftServer,group=group-DEFD407AFBBD,id=0c06663d-3a07-4175-8dd2-9d41b1b53b1e
2019-09-26 10:52:35,366 [main] INFO  impl.RaftServerImpl (ServerState.java:close(385)) - c90ec3f3-d421-4e55-9ed5-50760aadc6ca@group-207741480554: closes. applyIndex: 0
2019-09-26 10:52:35,366 [ForkJoinPool.commonPool-worker-1] INFO  impl.RoleInfo (RoleInfo.java:shutdownLeaderState(104)) - 0c06663d-3a07-4175-8dd2-9d41b1b53b1e: shutdown LeaderState
2019-09-26 10:52:35,367 [ForkJoinPool.commonPool-worker-1] INFO  impl.PendingRequests (PendingRequests.java:sendNotLeaderResponses(202)) - 0c06663d-3a07-4175-8dd2-9d41b1b53b1e-PendingRequests: sendNotLeaderResponses
2019-09-26 10:52:35,367 [c90ec3f3-d421-4e55-9ed5-50760aadc6ca@group-207741480554-SegmentedRaftLogWorker] INFO  segmented.SegmentedRaftLogWorker (SegmentedRaftLogWorker.java:run(313)) - c90ec3f3-d421-4e55-9ed5-50760aadc6ca@group-207741480554-SegmentedRaftLogWorker was interrupted, exiting. There are 0 tasks remaining in the queue.
2019-09-26 10:52:35,367 [ForkJoinPool.commonPool-worker-1] INFO  impl.StateMachineUpdater (StateMachineUpdater.java:stopAndJoin(125)) - 0c06663d-3a07-4175-8dd2-9d41b1b53b1e@group-DEFD407AFBBD-StateMachineUpdater: set stopIndex = 0
2019-09-26 10:52:35,367 [main] INFO  segmented.SegmentedRaftLogWorker (SegmentedRaftLogWorker.java:close(228)) - c90ec3f3-d421-4e55-9ed5-50760aadc6ca@group-207741480554-SegmentedRaftLogWorker close()
2019-09-26 10:52:35,368 [ForkJoinPool.commonPool-worker-1] INFO  impl.RaftServerImpl (ServerState.java:close(385)) - 0c06663d-3a07-4175-8dd2-9d41b1b53b1e@group-DEFD407AFBBD: closes. applyIndex: 0
2019-09-26 10:52:35,368 [main] INFO  impl.RaftServerImpl (RaftServerImpl.java:lambda$shutdown$3(251)) - c90ec3f3-d421-4e55-9ed5-50760aadc6ca@group-4D7C0B4A0232: shutdown
2019-09-26 10:52:35,369 [0c06663d-3a07-4175-8dd2-9d41b1b53b1e@group-DEFD407AFBBD-SegmentedRaftLogWorker] INFO  segmented.SegmentedRaftLogWorker (SegmentedRaftLogWorker.java:run(313)) - 0c06663d-3a07-4175-8dd2-9d41b1b53b1e@group-DEFD407AFBBD-SegmentedRaftLogWorker was interrupted, exiting. There are 0 tasks remaining in the queue.
2019-09-26 10:52:35,369 [main] INFO  util.JmxRegister (JmxRegister.java:unregister(73)) - Successfully un-registered JMX Bean with object name Ratis:service=RaftServer,group=group-4D7C0B4A0232,id=c90ec3f3-d421-4e55-9ed5-50760aadc6ca
2019-09-26 10:52:35,369 [ForkJoinPool.commonPool-worker-1] INFO  segmented.SegmentedRaftLogWorker (SegmentedRaftLogWorker.java:close(228)) - 0c06663d-3a07-4175-8dd2-9d41b1b53b1e@group-DEFD407AFBBD-SegmentedRaftLogWorker close()
2019-09-26 10:52:35,369 [main] INFO  impl.RoleInfo (RoleInfo.java:shutdownLeaderState(104)) - c90ec3f3-d421-4e55-9ed5-50760aadc6ca: shutdown LeaderState
2019-09-26 10:52:35,370 [ForkJoinPool.commonPool-worker-1] INFO  impl.RaftServerImpl (RaftServerImpl.java:lambda$shutdown$3(251)) - 0c06663d-3a07-4175-8dd2-9d41b1b53b1e@group-ACA0A93DFC28: shutdown
2019-09-26 10:52:35,370 [main] INFO  impl.PendingRequests (PendingRequests.java:sendNotLeaderResponses(202)) - c90ec3f3-d421-4e55-9ed5-50760aadc6ca-PendingRequests: sendNotLeaderResponses
2019-09-26 10:52:35,370 [ForkJoinPool.commonPool-worker-1] INFO  util.JmxRegister (JmxRegister.java:unregister(73)) - Successfully un-registered JMX Bean with object name Ratis:service=RaftServer,group=group-ACA0A93DFC28,id=0c06663d-3a07-4175-8dd2-9d41b1b53b1e
2019-09-26 10:52:35,371 [main] INFO  impl.StateMachineUpdater (StateMachineUpdater.java:stopAndJoin(125)) - c90ec3f3-d421-4e55-9ed5-50760aadc6ca@group-4D7C0B4A0232-StateMachineUpdater: set stopIndex = 0
2019-09-26 10:52:35,371 [ForkJoinPool.commonPool-worker-1] INFO  impl.RoleInfo (RoleInfo.java:shutdownLeaderState(104)) - 0c06663d-3a07-4175-8dd2-9d41b1b53b1e: shutdown LeaderState
2019-09-26 10:52:35,371 [main] INFO  impl.RaftServerImpl (ServerState.java:close(385)) - c90ec3f3-d421-4e55-9ed5-50760aadc6ca@group-4D7C0B4A0232: closes. applyIndex: 0
2019-09-26 10:52:35,372 [ForkJoinPool.commonPool-worker-1] INFO  impl.PendingRequests (PendingRequests.java:sendNotLeaderResponses(202)) - 0c06663d-3a07-4175-8dd2-9d41b1b53b1e-PendingRequests: sendNotLeaderResponses
2019-09-26 10:52:35,372 [ForkJoinPool.commonPool-worker-1] INFO  impl.StateMachineUpdater (StateMachineUpdater.java:stopAndJoin(125)) - 0c06663d-3a07-4175-8dd2-9d41b1b53b1e@group-ACA0A93DFC28-StateMachineUpdater: set stopIndex = 0
2019-09-26 10:52:35,372 [c90ec3f3-d421-4e55-9ed5-50760aadc6ca@group-4D7C0B4A0232-SegmentedRaftLogWorker] INFO  segmented.SegmentedRaftLogWorker (SegmentedRaftLogWorker.java:run(313)) - c90ec3f3-d421-4e55-9ed5-50760aadc6ca@group-4D7C0B4A0232-SegmentedRaftLogWorker was interrupted, exiting. There are 0 tasks remaining in the queue.
2019-09-26 10:52:35,373 [ForkJoinPool.commonPool-worker-1] INFO  impl.RaftServerImpl (ServerState.java:close(385)) - 0c06663d-3a07-4175-8dd2-9d41b1b53b1e@group-ACA0A93DFC28: closes. applyIndex: 0
2019-09-26 10:52:35,373 [main] INFO  segmented.SegmentedRaftLogWorker (SegmentedRaftLogWorker.java:close(228)) - c90ec3f3-d421-4e55-9ed5-50760aadc6ca@group-4D7C0B4A0232-SegmentedRaftLogWorker close()
2019-09-26 10:52:35,373 [0c06663d-3a07-4175-8dd2-9d41b1b53b1e@group-ACA0A93DFC28-SegmentedRaftLogWorker] INFO  segmented.SegmentedRaftLogWorker (SegmentedRaftLogWorker.java:run(313)) - 0c06663d-3a07-4175-8dd2-9d41b1b53b1e@group-ACA0A93DFC28-SegmentedRaftLogWorker was interrupted, exiting. There are 0 tasks remaining in the queue.
2019-09-26 10:52:35,373 [main] INFO  impl.RaftServerImpl (RaftServerImpl.java:lambda$shutdown$3(251)) - c90ec3f3-d421-4e55-9ed5-50760aadc6ca@group-0965524EA7E4: shutdown
2019-09-26 10:52:35,374 [ForkJoinPool.commonPool-worker-1] INFO  segmented.SegmentedRaftLogWorker (SegmentedRaftLogWorker.java:close(228)) - 0c06663d-3a07-4175-8dd2-9d41b1b53b1e@group-ACA0A93DFC28-SegmentedRaftLogWorker close()
2019-09-26 10:52:35,374 [main] INFO  util.JmxRegister (JmxRegister.java:unregister(73)) - Successfully un-registered JMX Bean with object name Ratis:service=RaftServer,group=group-0965524EA7E4,id=c90ec3f3-d421-4e55-9ed5-50760aadc6ca
2019-09-26 10:52:35,374 [ForkJoinPool.commonPool-worker-1] INFO  impl.RaftServerImpl (RaftServerImpl.java:lambda$shutdown$3(251)) - 0c06663d-3a07-4175-8dd2-9d41b1b53b1e@group-4B509FC09A05: shutdown
2019-09-26 10:52:35,375 [main] INFO  impl.RoleInfo (RoleInfo.java:shutdownLeaderState(104)) - c90ec3f3-d421-4e55-9ed5-50760aadc6ca: shutdown LeaderState
2019-09-26 10:52:35,375 [ForkJoinPool.commonPool-worker-1] INFO  util.JmxRegister (JmxRegister.java:unregister(73)) - Successfully un-registered JMX Bean with object name Ratis:service=RaftServer,group=group-4B509FC09A05,id=0c06663d-3a07-4175-8dd2-9d41b1b53b1e
2019-09-26 10:52:35,375 [main] INFO  impl.PendingRequests (PendingRequests.java:sendNotLeaderResponses(202)) - c90ec3f3-d421-4e55-9ed5-50760aadc6ca-PendingRequests: sendNotLeaderResponses
2019-09-26 10:52:35,375 [ForkJoinPool.commonPool-worker-1] INFO  impl.RoleInfo (RoleInfo.java:shutdownLeaderState(104)) - 0c06663d-3a07-4175-8dd2-9d41b1b53b1e: shutdown LeaderState
2019-09-26 10:52:35,376 [main] INFO  impl.StateMachineUpdater (StateMachineUpdater.java:stopAndJoin(125)) - c90ec3f3-d421-4e55-9ed5-50760aadc6ca@group-0965524EA7E4-StateMachineUpdater: set stopIndex = 0
2019-09-26 10:52:35,376 [main] INFO  impl.RaftServerImpl (ServerState.java:close(385)) - c90ec3f3-d421-4e55-9ed5-50760aadc6ca@group-0965524EA7E4: closes. applyIndex: 0
2019-09-26 10:52:35,376 [ForkJoinPool.commonPool-worker-1] INFO  impl.PendingRequests (PendingRequests.java:sendNotLeaderResponses(202)) - 0c06663d-3a07-4175-8dd2-9d41b1b53b1e-PendingRequests: sendNotLeaderResponses
2019-09-26 10:52:35,377 [c90ec3f3-d421-4e55-9ed5-50760aadc6ca@group-0965524EA7E4-SegmentedRaftLogWorker] INFO  segmented.SegmentedRaftLogWorker (SegmentedRaftLogWorker.java:run(313)) - c90ec3f3-d421-4e55-9ed5-50760aadc6ca@group-0965524EA7E4-SegmentedRaftLogWorker was interrupted, exiting. There are 0 tasks remaining in the queue.
2019-09-26 10:52:35,377 [main] INFO  segmented.SegmentedRaftLogWorker (SegmentedRaftLogWorker.java:close(228)) - c90ec3f3-d421-4e55-9ed5-50760aadc6ca@group-0965524EA7E4-SegmentedRaftLogWorker close()
2019-09-26 10:52:35,377 [ForkJoinPool.commonPool-worker-1] INFO  impl.StateMachineUpdater (StateMachineUpdater.java:stopAndJoin(125)) - 0c06663d-3a07-4175-8dd2-9d41b1b53b1e@group-4B509FC09A05-StateMachineUpdater: set stopIndex = 0
2019-09-26 10:52:35,378 [main] INFO  server.GrpcService (GrpcService.java:closeImpl(164)) - c90ec3f3-d421-4e55-9ed5-50760aadc6ca: shutdown server with port 32863 now
2019-09-26 10:52:35,378 [ForkJoinPool.commonPool-worker-1] INFO  impl.RaftServerImpl (ServerState.java:close(385)) - 0c06663d-3a07-4175-8dd2-9d41b1b53b1e@group-4B509FC09A05: closes. applyIndex: 0
2019-09-26 10:52:35,379 [0c06663d-3a07-4175-8dd2-9d41b1b53b1e@group-4B509FC09A05-SegmentedRaftLogWorker] INFO  segmented.SegmentedRaftLogWorker (SegmentedRaftLogWorker.java:run(313)) - 0c06663d-3a07-4175-8dd2-9d41b1b53b1e@group-4B509FC09A05-SegmentedRaftLogWorker was interrupted, exiting. There are 0 tasks remaining in the queue.
2019-09-26 10:52:35,379 [ForkJoinPool.commonPool-worker-1] INFO  segmented.SegmentedRaftLogWorker (SegmentedRaftLogWorker.java:close(228)) - 0c06663d-3a07-4175-8dd2-9d41b1b53b1e@group-4B509FC09A05-SegmentedRaftLogWorker close()
2019-09-26 10:52:35,381 [ForkJoinPool.commonPool-worker-1] INFO  server.GrpcService (GrpcService.java:closeImpl(164)) - 0c06663d-3a07-4175-8dd2-9d41b1b53b1e: shutdown server with port 42265 now
2019-09-26 10:52:35,381 [main] INFO  server.GrpcService (GrpcService.java:closeImpl(172)) - c90ec3f3-d421-4e55-9ed5-50760aadc6ca: shutdown server with port 32863 successfully
2019-09-26 10:52:35,383 [ForkJoinPool.commonPool-worker-1] INFO  server.GrpcService (GrpcService.java:closeImpl(172)) - 0c06663d-3a07-4175-8dd2-9d41b1b53b1e: shutdown server with port 42265 successfully
2019-09-26 10:52:35,386 [refreshUsed-/workdir/hadoop-ozone/ozonefs/target/test-dir/MiniOzoneClusterImpl-b00a5744-6e73-4fa1-a928-c24f0d5ffca4/datanode-0/data/containers] WARN  fs.CachingGetSpaceUsed (CachingGetSpaceUsed.java:run(183)) - Thread Interrupted waiting to refresh disk information: sleep interrupted
2019-09-26 10:52:35,386 [refreshUsed-/workdir/hadoop-ozone/ozonefs/target/test-dir/MiniOzoneClusterImpl-b00a5744-6e73-4fa1-a928-c24f0d5ffca4/datanode-9/data/containers] WARN  fs.CachingGetSpaceUsed (CachingGetSpaceUsed.java:run(183)) - Thread Interrupted waiting to refresh disk information: sleep interrupted
2019-09-26 10:52:35,416 [main] INFO  utils.BackgroundService (BackgroundService.java:shutdown(148)) - Shutting down service BlockDeletingService
2019-09-26 10:52:35,417 [ForkJoinPool.commonPool-worker-1] INFO  utils.BackgroundService (BackgroundService.java:shutdown(148)) - Shutting down service BlockDeletingService
2019-09-26 10:52:35,422 [main] INFO  statemachine.DatanodeStateMachine (DatanodeStateMachine.java:stopDaemon(395)) - Ozone container server stopped.
2019-09-26 10:52:35,426 [ForkJoinPool.commonPool-worker-1] INFO  statemachine.DatanodeStateMachine (DatanodeStateMachine.java:stopDaemon(395)) - Ozone container server stopped.
2019-09-26 10:52:35,431 [ForkJoinPool.commonPool-worker-1] INFO  handler.ContextHandler (ContextHandler.java:doStop(910)) - Stopped o.e.j.w.WebAppContext@97d0c06{/,null,UNAVAILABLE}{/hddsDatanode}
2019-09-26 10:52:35,431 [main] INFO  handler.ContextHandler (ContextHandler.java:doStop(910)) - Stopped o.e.j.w.WebAppContext@7e7f3cfd{/,null,UNAVAILABLE}{/hddsDatanode}
2019-09-26 10:52:35,432 [main] INFO  server.AbstractConnector (AbstractConnector.java:doStop(318)) - Stopped ServerConnector@3ae126d1{HTTP/1.1,[http/1.1]}{0.0.0.0:0}
2019-09-26 10:52:35,432 [ForkJoinPool.commonPool-worker-1] INFO  server.AbstractConnector (AbstractConnector.java:doStop(318)) - Stopped ServerConnector@5e7c141d{HTTP/1.1,[http/1.1]}{0.0.0.0:0}
2019-09-26 10:52:35,432 [main] INFO  handler.ContextHandler (ContextHandler.java:doStop(910)) - Stopped o.e.j.s.ServletContextHandler@6a2c717f{/static,jar:file:/home/user/.m2/repository/org/apache/hadoop/hadoop-hdds-container-service/0.5.0-SNAPSHOT/hadoop-hdds-container-service-0.5.0-SNAPSHOT.jar!/webapps/static,UNAVAILABLE}
2019-09-26 10:52:35,434 [ForkJoinPool.commonPool-worker-1] INFO  handler.ContextHandler (ContextHandler.java:doStop(910)) - Stopped o.e.j.s.ServletContextHandler@118ffcfd{/static,jar:file:/home/user/.m2/repository/org/apache/hadoop/hadoop-hdds-container-service/0.5.0-SNAPSHOT/hadoop-hdds-container-service-0.5.0-SNAPSHOT.jar!/webapps/static,UNAVAILABLE}
2019-09-26 10:52:35,434 [main] INFO  handler.ContextHandler (ContextHandler.java:doStop(910)) - Stopped o.e.j.s.ServletContextHandler@41dc0598{/logs,file:///workdir/hadoop-ozone/ozonefs/target/log,UNAVAILABLE}
2019-09-26 10:52:35,436 [ForkJoinPool.commonPool-worker-1] INFO  handler.ContextHandler (ContextHandler.java:doStop(910)) - Stopped o.e.j.s.ServletContextHandler@5a6fa56e{/logs,file:///workdir/hadoop-ozone/ozonefs/target/log,UNAVAILABLE}
2019-09-26 10:52:35,531 [Datanode State Machine Thread - 0] INFO  statemachine.DatanodeStateMachine (DatanodeStateMachine.java:lambda$startDaemon$0(350)) - Ozone container server started.
2019-09-26 10:52:35,865 [Datanode State Machine Thread - 0] INFO  statemachine.DatanodeStateMachine (DatanodeStateMachine.java:lambda$startDaemon$0(350)) - Ozone container server started.
2019-09-26 10:52:40,440 [main] INFO  ozoneimpl.OzoneContainer (OzoneContainer.java:stop(231)) - Attempting to stop container services.
2019-09-26 10:52:40,440 [ForkJoinPool.commonPool-worker-1] INFO  ozoneimpl.OzoneContainer (OzoneContainer.java:stop(231)) - Attempting to stop container services.
2019-09-26 10:52:40,441 [main] INFO  impl.RaftServerProxy (RaftServerProxy.java:lambda$close$4(314)) - be8031e7-e5bc-4989-a875-174452875862: close
2019-09-26 10:52:40,441 [main] INFO  impl.RaftServerImpl (RaftServerImpl.java:lambda$shutdown$3(251)) - be8031e7-e5bc-4989-a875-174452875862@group-18E581FB8468: shutdown
2019-09-26 10:52:40,441 [ForkJoinPool.commonPool-worker-1] INFO  impl.RaftServerProxy (RaftServerProxy.java:lambda$close$4(314)) - 87e84624-1b40-4389-b682-d98fe76436d1: close
2019-09-26 10:52:40,442 [main] INFO  util.JmxRegister (JmxRegister.java:unregister(73)) - Successfully un-registered JMX Bean with object name Ratis:service=RaftServer,group=group-18E581FB8468,id=be8031e7-e5bc-4989-a875-174452875862
2019-09-26 10:52:40,442 [ForkJoinPool.commonPool-worker-1] INFO  impl.RaftServerImpl (RaftServerImpl.java:lambda$shutdown$3(251)) - 87e84624-1b40-4389-b682-d98fe76436d1@group-567E5BAAB519: shutdown
2019-09-26 10:52:40,442 [main] INFO  impl.RoleInfo (RoleInfo.java:shutdownLeaderState(104)) - be8031e7-e5bc-4989-a875-174452875862: shutdown LeaderState
2019-09-26 10:52:40,443 [ForkJoinPool.commonPool-worker-1] INFO  util.JmxRegister (JmxRegister.java:unregister(73)) - Successfully un-registered JMX Bean with object name Ratis:service=RaftServer,group=group-567E5BAAB519,id=87e84624-1b40-4389-b682-d98fe76436d1
2019-09-26 10:52:40,443 [main] INFO  impl.PendingRequests (PendingRequests.java:sendNotLeaderResponses(202)) - be8031e7-e5bc-4989-a875-174452875862-PendingRequests: sendNotLeaderResponses
2019-09-26 10:52:40,443 [ForkJoinPool.commonPool-worker-1] INFO  impl.RoleInfo (RoleInfo.java:shutdownLeaderState(104)) - 87e84624-1b40-4389-b682-d98fe76436d1: shutdown LeaderState
2019-09-26 10:52:40,444 [main] INFO  impl.StateMachineUpdater (StateMachineUpdater.java:stopAndJoin(125)) - be8031e7-e5bc-4989-a875-174452875862@group-18E581FB8468-StateMachineUpdater: set stopIndex = 0
2019-09-26 10:52:40,444 [ForkJoinPool.commonPool-worker-1] INFO  impl.PendingRequests (PendingRequests.java:sendNotLeaderResponses(202)) - 87e84624-1b40-4389-b682-d98fe76436d1-PendingRequests: sendNotLeaderResponses
2019-09-26 10:52:40,444 [main] INFO  impl.RaftServerImpl (ServerState.java:close(385)) - be8031e7-e5bc-4989-a875-174452875862@group-18E581FB8468: closes. applyIndex: 0
2019-09-26 10:52:40,445 [ForkJoinPool.commonPool-worker-1] INFO  impl.StateMachineUpdater (StateMachineUpdater.java:stopAndJoin(125)) - 87e84624-1b40-4389-b682-d98fe76436d1@group-567E5BAAB519-StateMachineUpdater: set stopIndex = 0
2019-09-26 10:52:40,445 [be8031e7-e5bc-4989-a875-174452875862@group-18E581FB8468-SegmentedRaftLogWorker] INFO  segmented.SegmentedRaftLogWorker (SegmentedRaftLogWorker.java:run(313)) - be8031e7-e5bc-4989-a875-174452875862@group-18E581FB8468-SegmentedRaftLogWorker was interrupted, exiting. There are 0 tasks remaining in the queue.
2019-09-26 10:52:40,445 [ForkJoinPool.commonPool-worker-1] INFO  impl.RaftServerImpl (ServerState.java:close(385)) - 87e84624-1b40-4389-b682-d98fe76436d1@group-567E5BAAB519: closes. applyIndex: 0
2019-09-26 10:52:40,446 [main] INFO  segmented.SegmentedRaftLogWorker (SegmentedRaftLogWorker.java:close(228)) - be8031e7-e5bc-4989-a875-174452875862@group-18E581FB8468-SegmentedRaftLogWorker close()
2019-09-26 10:52:40,446 [87e84624-1b40-4389-b682-d98fe76436d1@group-567E5BAAB519-SegmentedRaftLogWorker] INFO  segmented.SegmentedRaftLogWorker (SegmentedRaftLogWorker.java:run(313)) - 87e84624-1b40-4389-b682-d98fe76436d1@group-567E5BAAB519-SegmentedRaftLogWorker was interrupted, exiting. There are 0 tasks remaining in the queue.
2019-09-26 10:52:40,446 [main] INFO  impl.RaftServerImpl (RaftServerImpl.java:lambda$shutdown$3(251)) - be8031e7-e5bc-4989-a875-174452875862@group-C8BB06CFCCC8: shutdown
2019-09-26 10:52:40,447 [main] INFO  util.JmxRegister (JmxRegister.java:unregister(73)) - Successfully un-registered JMX Bean with object name Ratis:service=RaftServer,group=group-C8BB06CFCCC8,id=be8031e7-e5bc-4989-a875-174452875862
2019-09-26 10:52:40,447 [main] INFO  impl.RoleInfo (RoleInfo.java:shutdownLeaderState(104)) - be8031e7-e5bc-4989-a875-174452875862: shutdown LeaderState
2019-09-26 10:52:40,448 [main] INFO  impl.PendingRequests (PendingRequests.java:sendNotLeaderResponses(202)) - be8031e7-e5bc-4989-a875-174452875862-PendingRequests: sendNotLeaderResponses
2019-09-26 10:52:40,448 [main] INFO  impl.StateMachineUpdater (StateMachineUpdater.java:stopAndJoin(125)) - be8031e7-e5bc-4989-a875-174452875862@group-C8BB06CFCCC8-StateMachineUpdater: set stopIndex = 0
2019-09-26 10:52:40,448 [main] INFO  impl.RaftServerImpl (ServerState.java:close(385)) - be8031e7-e5bc-4989-a875-174452875862@group-C8BB06CFCCC8: closes. applyIndex: 0
2019-09-26 10:52:40,449 [be8031e7-e5bc-4989-a875-174452875862@group-C8BB06CFCCC8-SegmentedRaftLogWorker] INFO  segmented.SegmentedRaftLogWorker (SegmentedRaftLogWorker.java:run(313)) - be8031e7-e5bc-4989-a875-174452875862@group-C8BB06CFCCC8-SegmentedRaftLogWorker was interrupted, exiting. There are 0 tasks remaining in the queue.
2019-09-26 10:52:40,459 [main] INFO  segmented.SegmentedRaftLogWorker (SegmentedRaftLogWorker.java:close(228)) - be8031e7-e5bc-4989-a875-174452875862@group-C8BB06CFCCC8-SegmentedRaftLogWorker close()
2019-09-26 10:52:40,459 [ForkJoinPool.commonPool-worker-1] INFO  segmented.SegmentedRaftLogWorker (SegmentedRaftLogWorker.java:close(228)) - 87e84624-1b40-4389-b682-d98fe76436d1@group-567E5BAAB519-SegmentedRaftLogWorker close()
2019-09-26 10:52:40,459 [main] INFO  impl.RaftServerImpl (RaftServerImpl.java:lambda$shutdown$3(251)) - be8031e7-e5bc-4989-a875-174452875862@group-2606CC27D260: shutdown
2019-09-26 10:52:40,460 [ForkJoinPool.commonPool-worker-1] INFO  impl.RaftServerImpl (RaftServerImpl.java:lambda$shutdown$3(251)) - 87e84624-1b40-4389-b682-d98fe76436d1@group-D6408D1A4BB3: shutdown
2019-09-26 10:52:40,460 [main] INFO  util.JmxRegister (JmxRegister.java:unregister(73)) - Successfully un-registered JMX Bean with object name Ratis:service=RaftServer,group=group-2606CC27D260,id=be8031e7-e5bc-4989-a875-174452875862
2019-09-26 10:52:40,461 [main] INFO  impl.RoleInfo (RoleInfo.java:shutdownLeaderState(104)) - be8031e7-e5bc-4989-a875-174452875862: shutdown LeaderState
2019-09-26 10:52:40,460 [ForkJoinPool.commonPool-worker-1] INFO  util.JmxRegister (JmxRegister.java:unregister(73)) - Successfully un-registered JMX Bean with object name Ratis:service=RaftServer,group=group-D6408D1A4BB3,id=87e84624-1b40-4389-b682-d98fe76436d1
2019-09-26 10:52:40,461 [main] INFO  impl.PendingRequests (PendingRequests.java:sendNotLeaderResponses(202)) - be8031e7-e5bc-4989-a875-174452875862-PendingRequests: sendNotLeaderResponses
2019-09-26 10:52:40,461 [ForkJoinPool.commonPool-worker-1] INFO  impl.RoleInfo (RoleInfo.java:shutdownLeaderState(104)) - 87e84624-1b40-4389-b682-d98fe76436d1: shutdown LeaderState
2019-09-26 10:52:40,462 [main] INFO  impl.StateMachineUpdater (StateMachineUpdater.java:stopAndJoin(125)) - be8031e7-e5bc-4989-a875-174452875862@group-2606CC27D260-StateMachineUpdater: set stopIndex = 0
2019-09-26 10:52:40,462 [ForkJoinPool.commonPool-worker-1] INFO  impl.PendingRequests (PendingRequests.java:sendNotLeaderResponses(202)) - 87e84624-1b40-4389-b682-d98fe76436d1-PendingRequests: sendNotLeaderResponses
2019-09-26 10:52:40,462 [main] INFO  impl.RaftServerImpl (ServerState.java:close(385)) - be8031e7-e5bc-4989-a875-174452875862@group-2606CC27D260: closes. applyIndex: 0
2019-09-26 10:52:40,463 [ForkJoinPool.commonPool-worker-1] INFO  impl.StateMachineUpdater (StateMachineUpdater.java:stopAndJoin(125)) - 87e84624-1b40-4389-b682-d98fe76436d1@group-D6408D1A4BB3-StateMachineUpdater: set stopIndex = 0
2019-09-26 10:52:40,463 [be8031e7-e5bc-4989-a875-174452875862@group-2606CC27D260-SegmentedRaftLogWorker] INFO  segmented.SegmentedRaftLogWorker (SegmentedRaftLogWorker.java:run(313)) - be8031e7-e5bc-4989-a875-174452875862@group-2606CC27D260-SegmentedRaftLogWorker was interrupted, exiting. There are 0 tasks remaining in the queue.
2019-09-26 10:52:40,464 [ForkJoinPool.commonPool-worker-1] INFO  impl.RaftServerImpl (ServerState.java:close(385)) - 87e84624-1b40-4389-b682-d98fe76436d1@group-D6408D1A4BB3: closes. applyIndex: 0
2019-09-26 10:52:40,464 [main] INFO  segmented.SegmentedRaftLogWorker (SegmentedRaftLogWorker.java:close(228)) - be8031e7-e5bc-4989-a875-174452875862@group-2606CC27D260-SegmentedRaftLogWorker close()
2019-09-26 10:52:40,464 [87e84624-1b40-4389-b682-d98fe76436d1@group-D6408D1A4BB3-SegmentedRaftLogWorker] INFO  segmented.SegmentedRaftLogWorker (SegmentedRaftLogWorker.java:run(313)) - 87e84624-1b40-4389-b682-d98fe76436d1@group-D6408D1A4BB3-SegmentedRaftLogWorker was interrupted, exiting. There are 0 tasks remaining in the queue.
2019-09-26 10:52:40,464 [main] INFO  impl.RaftServerImpl (RaftServerImpl.java:lambda$shutdown$3(251)) - be8031e7-e5bc-4989-a875-174452875862@group-F77A4408916B: shutdown
2019-09-26 10:52:40,465 [ForkJoinPool.commonPool-worker-1] INFO  segmented.SegmentedRaftLogWorker (SegmentedRaftLogWorker.java:close(228)) - 87e84624-1b40-4389-b682-d98fe76436d1@group-D6408D1A4BB3-SegmentedRaftLogWorker close()
2019-09-26 10:52:40,465 [main] INFO  util.JmxRegister (JmxRegister.java:unregister(73)) - Successfully un-registered JMX Bean with object name Ratis:service=RaftServer,group=group-F77A4408916B,id=be8031e7-e5bc-4989-a875-174452875862
2019-09-26 10:52:40,465 [ForkJoinPool.commonPool-worker-1] INFO  impl.RaftServerImpl (RaftServerImpl.java:lambda$shutdown$3(251)) - 87e84624-1b40-4389-b682-d98fe76436d1@group-7B55C082E555: shutdown
2019-09-26 10:52:40,466 [main] INFO  impl.RoleInfo (RoleInfo.java:shutdownLeaderState(104)) - be8031e7-e5bc-4989-a875-174452875862: shutdown LeaderState
2019-09-26 10:52:40,466 [ForkJoinPool.commonPool-worker-1] INFO  util.JmxRegister (JmxRegister.java:unregister(73)) - Successfully un-registered JMX Bean with object name Ratis:service=RaftServer,group=group-7B55C082E555,id=87e84624-1b40-4389-b682-d98fe76436d1
2019-09-26 10:52:40,466 [main] INFO  impl.PendingRequests (PendingRequests.java:sendNotLeaderResponses(202)) - be8031e7-e5bc-4989-a875-174452875862-PendingRequests: sendNotLeaderResponses
2019-09-26 10:52:40,467 [ForkJoinPool.commonPool-worker-1] INFO  impl.RoleInfo (RoleInfo.java:shutdownLeaderState(104)) - 87e84624-1b40-4389-b682-d98fe76436d1: shutdown LeaderState
2019-09-26 10:52:40,467 [main] INFO  impl.StateMachineUpdater (StateMachineUpdater.java:stopAndJoin(125)) - be8031e7-e5bc-4989-a875-174452875862@group-F77A4408916B-StateMachineUpdater: set stopIndex = 0
2019-09-26 10:52:40,467 [ForkJoinPool.commonPool-worker-1] INFO  impl.PendingRequests (PendingRequests.java:sendNotLeaderResponses(202)) - 87e84624-1b40-4389-b682-d98fe76436d1-PendingRequests: sendNotLeaderResponses
2019-09-26 10:52:40,468 [main] INFO  impl.RaftServerImpl (ServerState.java:close(385)) - be8031e7-e5bc-4989-a875-174452875862@group-F77A4408916B: closes. applyIndex: 0
2019-09-26 10:52:40,468 [ForkJoinPool.commonPool-worker-1] INFO  impl.StateMachineUpdater (StateMachineUpdater.java:stopAndJoin(125)) - 87e84624-1b40-4389-b682-d98fe76436d1@group-7B55C082E555-StateMachineUpdater: set stopIndex = 0
2019-09-26 10:52:40,468 [be8031e7-e5bc-4989-a875-174452875862@group-F77A4408916B-SegmentedRaftLogWorker] INFO  segmented.SegmentedRaftLogWorker (SegmentedRaftLogWorker.java:run(313)) - be8031e7-e5bc-4989-a875-174452875862@group-F77A4408916B-SegmentedRaftLogWorker was interrupted, exiting. There are 0 tasks remaining in the queue.
2019-09-26 10:52:40,469 [ForkJoinPool.commonPool-worker-1] INFO  impl.RaftServerImpl (ServerState.java:close(385)) - 87e84624-1b40-4389-b682-d98fe76436d1@group-7B55C082E555: closes. applyIndex: 0
2019-09-26 10:52:40,469 [main] INFO  segmented.SegmentedRaftLogWorker (SegmentedRaftLogWorker.java:close(228)) - be8031e7-e5bc-4989-a875-174452875862@group-F77A4408916B-SegmentedRaftLogWorker close()
2019-09-26 10:52:40,469 [87e84624-1b40-4389-b682-d98fe76436d1@group-7B55C082E555-SegmentedRaftLogWorker] INFO  segmented.SegmentedRaftLogWorker (SegmentedRaftLogWorker.java:run(313)) - 87e84624-1b40-4389-b682-d98fe76436d1@group-7B55C082E555-SegmentedRaftLogWorker was interrupted, exiting. There are 0 tasks remaining in the queue.
2019-09-26 10:52:40,469 [main] INFO  impl.RaftServerImpl (RaftServerImpl.java:lambda$shutdown$3(251)) - be8031e7-e5bc-4989-a875-174452875862@group-ECC5E4C0B21B: shutdown
2019-09-26 10:52:40,470 [ForkJoinPool.commonPool-worker-1] INFO  segmented.SegmentedRaftLogWorker (SegmentedRaftLogWorker.java:close(228)) - 87e84624-1b40-4389-b682-d98fe76436d1@group-7B55C082E555-SegmentedRaftLogWorker close()
2019-09-26 10:52:40,470 [main] INFO  util.JmxRegister (JmxRegister.java:unregister(73)) - Successfully un-registered JMX Bean with object name Ratis:service=RaftServer,group=group-ECC5E4C0B21B,id=be8031e7-e5bc-4989-a875-174452875862
2019-09-26 10:52:40,470 [ForkJoinPool.commonPool-worker-1] INFO  impl.RaftServerImpl (RaftServerImpl.java:lambda$shutdown$3(251)) - 87e84624-1b40-4389-b682-d98fe76436d1@group-F931531AD9AF: shutdown
2019-09-26 10:52:40,471 [main] INFO  impl.RoleInfo (RoleInfo.java:shutdownLeaderState(104)) - be8031e7-e5bc-4989-a875-174452875862: shutdown LeaderState
2019-09-26 10:52:40,471 [ForkJoinPool.commonPool-worker-1] INFO  util.JmxRegister (JmxRegister.java:unregister(73)) - Successfully un-registered JMX Bean with object name Ratis:service=RaftServer,group=group-F931531AD9AF,id=87e84624-1b40-4389-b682-d98fe76436d1
2019-09-26 10:52:40,471 [main] INFO  impl.PendingRequests (PendingRequests.java:sendNotLeaderResponses(202)) - be8031e7-e5bc-4989-a875-174452875862-PendingRequests: sendNotLeaderResponses
2019-09-26 10:52:40,471 [ForkJoinPool.commonPool-worker-1] INFO  impl.RoleInfo (RoleInfo.java:shutdownLeaderState(104)) - 87e84624-1b40-4389-b682-d98fe76436d1: shutdown LeaderState
2019-09-26 10:52:40,472 [main] INFO  impl.StateMachineUpdater (StateMachineUpdater.java:stopAndJoin(125)) - be8031e7-e5bc-4989-a875-174452875862@group-ECC5E4C0B21B-StateMachineUpdater: set stopIndex = 0
2019-09-26 10:52:40,472 [main] INFO  impl.RaftServerImpl (ServerState.java:close(385)) - be8031e7-e5bc-4989-a875-174452875862@group-ECC5E4C0B21B: closes. applyIndex: 0
2019-09-26 10:52:40,472 [ForkJoinPool.commonPool-worker-1] INFO  impl.PendingRequests (PendingRequests.java:sendNotLeaderResponses(202)) - 87e84624-1b40-4389-b682-d98fe76436d1-PendingRequests: sendNotLeaderResponses
2019-09-26 10:52:40,473 [be8031e7-e5bc-4989-a875-174452875862@group-ECC5E4C0B21B-SegmentedRaftLogWorker] INFO  segmented.SegmentedRaftLogWorker (SegmentedRaftLogWorker.java:run(313)) - be8031e7-e5bc-4989-a875-174452875862@group-ECC5E4C0B21B-SegmentedRaftLogWorker was interrupted, exiting. There are 0 tasks remaining in the queue.
2019-09-26 10:52:40,473 [ForkJoinPool.commonPool-worker-1] INFO  impl.StateMachineUpdater (StateMachineUpdater.java:stopAndJoin(125)) - 87e84624-1b40-4389-b682-d98fe76436d1@group-F931531AD9AF-StateMachineUpdater: set stopIndex = 0
2019-09-26 10:52:40,473 [main] INFO  segmented.SegmentedRaftLogWorker (SegmentedRaftLogWorker.java:close(228)) - be8031e7-e5bc-4989-a875-174452875862@group-ECC5E4C0B21B-SegmentedRaftLogWorker close()
2019-09-26 10:52:40,474 [ForkJoinPool.commonPool-worker-1] INFO  impl.RaftServerImpl (ServerState.java:close(385)) - 87e84624-1b40-4389-b682-d98fe76436d1@group-F931531AD9AF: closes. applyIndex: 0
2019-09-26 10:52:40,474 [main] INFO  impl.RaftServerImpl (RaftServerImpl.java:lambda$shutdown$3(251)) - be8031e7-e5bc-4989-a875-174452875862@group-662C70A47425: shutdown
2019-09-26 10:52:40,475 [87e84624-1b40-4389-b682-d98fe76436d1@group-F931531AD9AF-SegmentedRaftLogWorker] INFO  segmented.SegmentedRaftLogWorker (SegmentedRaftLogWorker.java:run(313)) - 87e84624-1b40-4389-b682-d98fe76436d1@group-F931531AD9AF-SegmentedRaftLogWorker was interrupted, exiting. There are 0 tasks remaining in the queue.
2019-09-26 10:52:40,475 [main] INFO  util.JmxRegister (JmxRegister.java:unregister(73)) - Successfully un-registered JMX Bean with object name Ratis:service=RaftServer,group=group-662C70A47425,id=be8031e7-e5bc-4989-a875-174452875862
2019-09-26 10:52:40,475 [ForkJoinPool.commonPool-worker-1] INFO  segmented.SegmentedRaftLogWorker (SegmentedRaftLogWorker.java:close(228)) - 87e84624-1b40-4389-b682-d98fe76436d1@group-F931531AD9AF-SegmentedRaftLogWorker close()
2019-09-26 10:52:40,475 [main] INFO  impl.RoleInfo (RoleInfo.java:shutdownLeaderState(104)) - be8031e7-e5bc-4989-a875-174452875862: shutdown LeaderState
2019-09-26 10:52:40,475 [ForkJoinPool.commonPool-worker-1] INFO  impl.RaftServerImpl (RaftServerImpl.java:lambda$shutdown$3(251)) - 87e84624-1b40-4389-b682-d98fe76436d1@group-542A0A59D91D: shutdown
2019-09-26 10:52:40,476 [main] INFO  impl.PendingRequests (PendingRequests.java:sendNotLeaderResponses(202)) - be8031e7-e5bc-4989-a875-174452875862-PendingRequests: sendNotLeaderResponses
2019-09-26 10:52:40,476 [ForkJoinPool.commonPool-worker-1] INFO  util.JmxRegister (JmxRegister.java:unregister(73)) - Successfully un-registered JMX Bean with object name Ratis:service=RaftServer,group=group-542A0A59D91D,id=87e84624-1b40-4389-b682-d98fe76436d1
2019-09-26 10:52:40,476 [main] INFO  impl.StateMachineUpdater (StateMachineUpdater.java:stopAndJoin(125)) - be8031e7-e5bc-4989-a875-174452875862@group-662C70A47425-StateMachineUpdater: set stopIndex = 0
2019-09-26 10:52:40,477 [ForkJoinPool.commonPool-worker-1] INFO  impl.RoleInfo (RoleInfo.java:shutdownLeaderState(104)) - 87e84624-1b40-4389-b682-d98fe76436d1: shutdown LeaderState
2019-09-26 10:52:40,477 [main] INFO  impl.RaftServerImpl (ServerState.java:close(385)) - be8031e7-e5bc-4989-a875-174452875862@group-662C70A47425: closes. applyIndex: 0
2019-09-26 10:52:40,477 [ForkJoinPool.commonPool-worker-1] INFO  impl.PendingRequests (PendingRequests.java:sendNotLeaderResponses(202)) - 87e84624-1b40-4389-b682-d98fe76436d1-PendingRequests: sendNotLeaderResponses
2019-09-26 10:52:40,478 [be8031e7-e5bc-4989-a875-174452875862@group-662C70A47425-SegmentedRaftLogWorker] INFO  segmented.SegmentedRaftLogWorker (SegmentedRaftLogWorker.java:run(313)) - be8031e7-e5bc-4989-a875-174452875862@group-662C70A47425-SegmentedRaftLogWorker was interrupted, exiting. There are 0 tasks remaining in the queue.
2019-09-26 10:52:40,478 [ForkJoinPool.commonPool-worker-1] INFO  impl.StateMachineUpdater (StateMachineUpdater.java:stopAndJoin(125)) - 87e84624-1b40-4389-b682-d98fe76436d1@group-542A0A59D91D-StateMachineUpdater: set stopIndex = 0
2019-09-26 10:52:40,478 [main] INFO  segmented.SegmentedRaftLogWorker (SegmentedRaftLogWorker.java:close(228)) - be8031e7-e5bc-4989-a875-174452875862@group-662C70A47425-SegmentedRaftLogWorker close()
2019-09-26 10:52:40,478 [ForkJoinPool.commonPool-worker-1] INFO  impl.RaftServerImpl (ServerState.java:close(385)) - 87e84624-1b40-4389-b682-d98fe76436d1@group-542A0A59D91D: closes. applyIndex: 0
2019-09-26 10:52:40,479 [main] INFO  server.GrpcService (GrpcService.java:closeImpl(164)) - be8031e7-e5bc-4989-a875-174452875862: shutdown server with port 42793 now
2019-09-26 10:52:40,479 [87e84624-1b40-4389-b682-d98fe76436d1@group-542A0A59D91D-SegmentedRaftLogWorker] INFO  segmented.SegmentedRaftLogWorker (SegmentedRaftLogWorker.java:run(313)) - 87e84624-1b40-4389-b682-d98fe76436d1@group-542A0A59D91D-SegmentedRaftLogWorker was interrupted, exiting. There are 0 tasks remaining in the queue.
2019-09-26 10:52:40,482 [main] INFO  server.GrpcService (GrpcService.java:closeImpl(172)) - be8031e7-e5bc-4989-a875-174452875862: shutdown server with port 42793 successfully
2019-09-26 10:52:40,482 [ForkJoinPool.commonPool-worker-1] INFO  segmented.SegmentedRaftLogWorker (SegmentedRaftLogWorker.java:close(228)) - 87e84624-1b40-4389-b682-d98fe76436d1@group-542A0A59D91D-SegmentedRaftLogWorker close()
2019-09-26 10:52:40,482 [ForkJoinPool.commonPool-worker-1] INFO  impl.RaftServerImpl (RaftServerImpl.java:lambda$shutdown$3(251)) - 87e84624-1b40-4389-b682-d98fe76436d1@group-20135ADEBC33: shutdown
2019-09-26 10:52:40,483 [ForkJoinPool.commonPool-worker-1] INFO  util.JmxRegister (JmxRegister.java:unregister(73)) - Successfully un-registered JMX Bean with object name Ratis:service=RaftServer,group=group-20135ADEBC33,id=87e84624-1b40-4389-b682-d98fe76436d1
2019-09-26 10:52:40,483 [ForkJoinPool.commonPool-worker-1] INFO  impl.RoleInfo (RoleInfo.java:shutdownLeaderState(104)) - 87e84624-1b40-4389-b682-d98fe76436d1: shutdown LeaderState
2019-09-26 10:52:40,483 [ForkJoinPool.commonPool-worker-1] INFO  impl.PendingRequests (PendingRequests.java:sendNotLeaderResponses(202)) - 87e84624-1b40-4389-b682-d98fe76436d1-PendingRequests: sendNotLeaderResponses
2019-09-26 10:52:40,484 [ForkJoinPool.commonPool-worker-1] INFO  impl.StateMachineUpdater (StateMachineUpdater.java:stopAndJoin(125)) - 87e84624-1b40-4389-b682-d98fe76436d1@group-20135ADEBC33-StateMachineUpdater: set stopIndex = 0
2019-09-26 10:52:40,484 [ForkJoinPool.commonPool-worker-1] INFO  impl.RaftServerImpl (ServerState.java:close(385)) - 87e84624-1b40-4389-b682-d98fe76436d1@group-20135ADEBC33: closes. applyIndex: 0
2019-09-26 10:52:40,485 [87e84624-1b40-4389-b682-d98fe76436d1@group-20135ADEBC33-SegmentedRaftLogWorker] INFO  segmented.SegmentedRaftLogWorker (SegmentedRaftLogWorker.java:run(313)) - 87e84624-1b40-4389-b682-d98fe76436d1@group-20135ADEBC33-SegmentedRaftLogWorker was interrupted, exiting. There are 0 tasks remaining in the queue.
2019-09-26 10:52:40,485 [ForkJoinPool.commonPool-worker-1] INFO  segmented.SegmentedRaftLogWorker (SegmentedRaftLogWorker.java:close(228)) - 87e84624-1b40-4389-b682-d98fe76436d1@group-20135ADEBC33-SegmentedRaftLogWorker close()
2019-09-26 10:52:40,486 [ForkJoinPool.commonPool-worker-1] INFO  server.GrpcService (GrpcService.java:closeImpl(164)) - 87e84624-1b40-4389-b682-d98fe76436d1: shutdown server with port 32768 now
2019-09-26 10:52:40,487 [ForkJoinPool.commonPool-worker-1] INFO  server.GrpcService (GrpcService.java:closeImpl(172)) - 87e84624-1b40-4389-b682-d98fe76436d1: shutdown server with port 32768 successfully
2019-09-26 10:52:40,490 [refreshUsed-/workdir/hadoop-ozone/ozonefs/target/test-dir/MiniOzoneClusterImpl-b00a5744-6e73-4fa1-a928-c24f0d5ffca4/datanode-7/data/containers] WARN  fs.CachingGetSpaceUsed (CachingGetSpaceUsed.java:run(183)) - Thread Interrupted waiting to refresh disk information: sleep interrupted
2019-09-26 10:52:40,497 [refreshUsed-/workdir/hadoop-ozone/ozonefs/target/test-dir/MiniOzoneClusterImpl-b00a5744-6e73-4fa1-a928-c24f0d5ffca4/datanode-1/data/containers] WARN  fs.CachingGetSpaceUsed (CachingGetSpaceUsed.java:run(183)) - Thread Interrupted waiting to refresh disk information: sleep interrupted
2019-09-26 10:52:40,514 [main] INFO  utils.BackgroundService (BackgroundService.java:shutdown(148)) - Shutting down service BlockDeletingService
2019-09-26 10:52:40,519 [main] INFO  statemachine.DatanodeStateMachine (DatanodeStateMachine.java:stopDaemon(395)) - Ozone container server stopped.
2019-09-26 10:52:40,520 [main] INFO  handler.ContextHandler (ContextHandler.java:doStop(910)) - Stopped o.e.j.w.WebAppContext@4277127c{/,null,UNAVAILABLE}{/hddsDatanode}
2019-09-26 10:52:40,521 [main] INFO  server.AbstractConnector (AbstractConnector.java:doStop(318)) - Stopped ServerConnector@4c7e978c{HTTP/1.1,[http/1.1]}{0.0.0.0:0}
2019-09-26 10:52:40,521 [main] INFO  handler.ContextHandler (ContextHandler.java:doStop(910)) - Stopped o.e.j.s.ServletContextHandler@1886991b{/static,jar:file:/home/user/.m2/repository/org/apache/hadoop/hadoop-hdds-container-service/0.5.0-SNAPSHOT/hadoop-hdds-container-service-0.5.0-SNAPSHOT.jar!/webapps/static,UNAVAILABLE}
2019-09-26 10:52:40,521 [main] INFO  handler.ContextHandler (ContextHandler.java:doStop(910)) - Stopped o.e.j.s.ServletContextHandler@3c78e551{/logs,file:///workdir/hadoop-ozone/ozonefs/target/log,UNAVAILABLE}
2019-09-26 10:52:40,525 [ForkJoinPool.commonPool-worker-1] INFO  utils.BackgroundService (BackgroundService.java:shutdown(148)) - Shutting down service BlockDeletingService
2019-09-26 10:52:40,529 [ForkJoinPool.commonPool-worker-1] INFO  statemachine.DatanodeStateMachine (DatanodeStateMachine.java:stopDaemon(395)) - Ozone container server stopped.
2019-09-26 10:52:40,533 [ForkJoinPool.commonPool-worker-1] INFO  handler.ContextHandler (ContextHandler.java:doStop(910)) - Stopped o.e.j.w.WebAppContext@60c8a093{/,null,UNAVAILABLE}{/hddsDatanode}
2019-09-26 10:52:40,533 [ForkJoinPool.commonPool-worker-1] INFO  server.AbstractConnector (AbstractConnector.java:doStop(318)) - Stopped ServerConnector@44cffc25{HTTP/1.1,[http/1.1]}{0.0.0.0:0}
2019-09-26 10:52:40,534 [ForkJoinPool.commonPool-worker-1] INFO  handler.ContextHandler (ContextHandler.java:doStop(910)) - Stopped o.e.j.s.ServletContextHandler@2f897dab{/static,jar:file:/home/user/.m2/repository/org/apache/hadoop/hadoop-hdds-container-service/0.5.0-SNAPSHOT/hadoop-hdds-container-service-0.5.0-SNAPSHOT.jar!/webapps/static,UNAVAILABLE}
2019-09-26 10:52:40,536 [ForkJoinPool.commonPool-worker-1] INFO  handler.ContextHandler (ContextHandler.java:doStop(910)) - Stopped o.e.j.s.ServletContextHandler@1687eb01{/logs,file:///workdir/hadoop-ozone/ozonefs/target/log,UNAVAILABLE}
2019-09-26 10:52:40,538 [main] INFO  ozone.MiniOzoneClusterImpl (MiniOzoneClusterImpl.java:stopSCM(392)) - Stopping the StorageContainerManager
2019-09-26 10:52:40,538 [main] INFO  server.StorageContainerManager (StorageContainerManager.java:stop(808)) - Stopping Replication Manager Service.
2019-09-26 10:52:40,538 [main] INFO  container.ReplicationManager (ReplicationManager.java:stop(204)) - Stopping Replication Monitor Thread.
2019-09-26 10:52:40,538 [main] INFO  server.StorageContainerManager (StorageContainerManager.java:stop(815)) - Stopping Lease Manager of the command watchers
2019-09-26 10:52:40,538 [main] INFO  server.StorageContainerManager (StorageContainerManager.java:stop(822)) - Stopping datanode service RPC server
2019-09-26 10:52:40,539 [main] INFO  server.SCMDatanodeProtocolServer (SCMDatanodeProtocolServer.java:stop(367)) - Stopping the RPC server for DataNodes
2019-09-26 10:52:40,539 [main] INFO  ipc.Server (Server.java:stop(3082)) - Stopping server on 41973
2019-09-26 10:52:40,540 [IPC Server listener on 41973] INFO  ipc.Server (Server.java:run(1185)) - Stopping IPC Server listener on 41973
2019-09-26 10:52:40,541 [IPC Server Responder] INFO  ipc.Server (Server.java:run(1319)) - Stopping IPC Server Responder
2019-09-26 10:52:40,566 [SCM Heartbeat Processing Thread - 0] WARN  node.NodeStateManager (NodeStateManager.java:scheduleNextHealthCheck(655)) - Current Thread is interrupted, shutting down HB processing thread for Node Manager.
2019-09-26 10:52:40,566 [main] INFO  server.StorageContainerManager (StorageContainerManager.java:stop(830)) - Stopping block service RPC server
2019-09-26 10:52:40,567 [main] INFO  server.SCMBlockProtocolServer (SCMBlockProtocolServer.java:stop(155)) - Stopping the RPC server for Block Protocol
2019-09-26 10:52:40,567 [main] INFO  ipc.Server (Server.java:stop(3082)) - Stopping server on 35185
2019-09-26 10:52:40,568 [IPC Server listener on 35185] INFO  ipc.Server (Server.java:run(1185)) - Stopping IPC Server listener on 35185
2019-09-26 10:52:40,568 [main] INFO  server.StorageContainerManager (StorageContainerManager.java:stop(837)) - Stopping the StorageContainerLocationProtocol RPC server
2019-09-26 10:52:40,569 [main] INFO  server.SCMClientProtocolServer (SCMClientProtocolServer.java:stop(159)) - Stopping the RPC server for Client Protocol
2019-09-26 10:52:40,569 [main] INFO  ipc.Server (Server.java:stop(3082)) - Stopping server on 33977
2019-09-26 10:52:40,569 [IPC Server Responder] INFO  ipc.Server (Server.java:run(1319)) - Stopping IPC Server Responder
2019-09-26 10:52:40,571 [IPC Server listener on 33977] INFO  ipc.Server (Server.java:run(1185)) - Stopping IPC Server listener on 33977
2019-09-26 10:52:40,571 [main] INFO  server.StorageContainerManager (StorageContainerManager.java:stop(844)) - Stopping Storage Container Manager HTTP server.
2019-09-26 10:52:40,572 [IPC Server Responder] INFO  ipc.Server (Server.java:run(1319)) - Stopping IPC Server Responder
2019-09-26 10:52:40,579 [main] INFO  handler.ContextHandler (ContextHandler.java:doStop(910)) - Stopped o.e.j.w.WebAppContext@2ca47471{/,null,UNAVAILABLE}{/scm}
2019-09-26 10:52:40,580 [main] INFO  server.AbstractConnector (AbstractConnector.java:doStop(318)) - Stopped ServerConnector@26b894bd{HTTP/1.1,[http/1.1]}{0.0.0.0:0}
2019-09-26 10:52:40,580 [main] INFO  handler.ContextHandler (ContextHandler.java:doStop(910)) - Stopped o.e.j.s.ServletContextHandler@640f11a1{/static,jar:file:/home/user/.m2/repository/org/apache/hadoop/hadoop-hdds-server-scm/0.5.0-SNAPSHOT/hadoop-hdds-server-scm-0.5.0-SNAPSHOT.jar!/webapps/static,UNAVAILABLE}
2019-09-26 10:52:40,581 [main] INFO  handler.ContextHandler (ContextHandler.java:doStop(910)) - Stopped o.e.j.s.ServletContextHandler@315f43d5{/logs,file:///workdir/hadoop-ozone/ozonefs/target/log,UNAVAILABLE}
2019-09-26 10:52:40,582 [main] INFO  server.StorageContainerManager (StorageContainerManager.java:stop(855)) - Stopping Block Manager Service.
2019-09-26 10:52:40,583 [main] INFO  utils.BackgroundService (BackgroundService.java:shutdown(148)) - Shutting down service SCMBlockDeletingService
2019-09-26 10:52:40,583 [main] INFO  utils.BackgroundService (BackgroundService.java:shutdown(148)) - Shutting down service SCMBlockDeletingService
2019-09-26 10:52:40,584 [main] INFO  server.StorageContainerManager (StorageContainerManager.java:stop(877)) - Stopping SCM Event Queue.
2019-09-26 10:52:40,591 [main] INFO  impl.MetricsSystemImpl (MetricsSystemImpl.java:stop(210)) - Stopping ratis metrics system...
2019-09-26 10:52:40,612 [prometheus] INFO  impl.MetricsSinkAdapter (MetricsSinkAdapter.java:publishMetricsFromQueue(141)) - prometheus thread interrupted.
2019-09-26 10:52:40,613 [main] INFO  impl.MetricsSystemImpl (MetricsSystemImpl.java:stop(216)) - ratis metrics system stopped.
]]></system-out>
    <system-err><![CDATA[ERROR StatusLogger No Log4j 2 configuration file found. Using default configuration (logging only errors to the console), or user programmatically provided configurations. Set system property 'log4j2.debug' to show Log4j 2 internal initialization logging. See https://logging.apache.org/log4j/2.x/manual/configuration.html for instructions on how to configure Log4j 2
]]></system-err>
  </testcase>
</testsuite>