<?xml version="1.0" encoding="UTF-8"?>
<testsuite xmlns:xsi="http://www.w3.org/2001/XMLSchema-instance" xsi:noNamespaceSchemaLocation="https://maven.apache.org/surefire/maven-surefire-plugin/xsd/surefire-test-report.xsd" name="org.apache.hadoop.fs.ozone.TestOzoneFileInterfaces" time="210.362" tests="12" errors="2" skipped="0" failures="0">
  <properties>
    <property name="awt.toolkit" value="sun.awt.X11.XToolkit"/>
    <property name="file.encoding.pkg" value="sun.io"/>
    <property name="java.specification.version" value="1.8"/>
    <property name="sun.cpu.isalist" value=""/>
    <property name="sun.jnu.encoding" value="UTF-8"/>
    <property name="java.class.path" value="/workdir/hadoop-ozone/ozonefs/target/test-classes:/workdir/hadoop-ozone/ozonefs/target/classes:/home/user/.m2/repository/org/apache/hadoop/hadoop-common/3.2.0/hadoop-common-3.2.0.jar:/home/user/.m2/repository/org/apache/hadoop/hadoop-annotations/3.2.0/hadoop-annotations-3.2.0.jar:/usr/lib/jvm/java-1.8-openjdk/jre/../lib/tools.jar:/home/user/.m2/repository/com/google/guava/guava/11.0.2/guava-11.0.2.jar:/home/user/.m2/repository/commons-cli/commons-cli/1.2/commons-cli-1.2.jar:/home/user/.m2/repository/org/apache/commons/commons-math3/3.1.1/commons-math3-3.1.1.jar:/home/user/.m2/repository/org/apache/httpcomponents/httpclient/4.5.2/httpclient-4.5.2.jar:/home/user/.m2/repository/org/apache/httpcomponents/httpcore/4.4.4/httpcore-4.4.4.jar:/home/user/.m2/repository/commons-codec/commons-codec/1.11/commons-codec-1.11.jar:/home/user/.m2/repository/commons-io/commons-io/2.5/commons-io-2.5.jar:/home/user/.m2/repository/commons-net/commons-net/3.6/commons-net-3.6.jar:/home/user/.m2/repository/commons-collections/commons-collections/3.2.2/commons-collections-3.2.2.jar:/home/user/.m2/repository/javax/servlet/javax.servlet-api/3.1.0/javax.servlet-api-3.1.0.jar:/home/user/.m2/repository/org/eclipse/jetty/jetty-server/9.3.25.v20180904/jetty-server-9.3.25.v20180904.jar:/home/user/.m2/repository/org/eclipse/jetty/jetty-http/9.3.25.v20180904/jetty-http-9.3.25.v20180904.jar:/home/user/.m2/repository/org/eclipse/jetty/jetty-io/9.3.25.v20180904/jetty-io-9.3.25.v20180904.jar:/home/user/.m2/repository/org/eclipse/jetty/jetty-util/9.3.25.v20180904/jetty-util-9.3.25.v20180904.jar:/home/user/.m2/repository/org/eclipse/jetty/jetty-servlet/9.3.25.v20180904/jetty-servlet-9.3.25.v20180904.jar:/home/user/.m2/repository/org/eclipse/jetty/jetty-security/9.3.25.v20180904/jetty-security-9.3.25.v20180904.jar:/home/user/.m2/repository/org/eclipse/jetty/jetty-webapp/9.3.25.v20180904/jetty-webapp-9.3.25.v20180904.jar:/home/user/.m2/repository/org/eclipse/jetty/jetty-xml/9.3.25.v20180904/jetty-xml-9.3.25.v20180904.jar:/home/user/.m2/repository/javax/servlet/jsp/jsp-api/2.1/jsp-api-2.1.jar:/home/user/.m2/repository/com/sun/jersey/jersey-core/1.19/jersey-core-1.19.jar:/home/user/.m2/repository/javax/ws/rs/jsr311-api/1.1.1/jsr311-api-1.1.1.jar:/home/user/.m2/repository/com/sun/jersey/jersey-servlet/1.19/jersey-servlet-1.19.jar:/home/user/.m2/repository/com/sun/jersey/jersey-json/1.19/jersey-json-1.19.jar:/home/user/.m2/repository/org/codehaus/jettison/jettison/1.1/jettison-1.1.jar:/home/user/.m2/repository/com/sun/xml/bind/jaxb-impl/2.3.0.1/jaxb-impl-2.3.0.1.jar:/home/user/.m2/repository/org/codehaus/jackson/jackson-core-asl/1.9.13/jackson-core-asl-1.9.13.jar:/home/user/.m2/repository/org/codehaus/jackson/jackson-mapper-asl/1.9.13/jackson-mapper-asl-1.9.13.jar:/home/user/.m2/repository/org/codehaus/jackson/jackson-jaxrs/1.9.13/jackson-jaxrs-1.9.13.jar:/home/user/.m2/repository/org/codehaus/jackson/jackson-xc/1.9.13/jackson-xc-1.9.13.jar:/home/user/.m2/repository/com/sun/jersey/jersey-server/1.19/jersey-server-1.19.jar:/home/user/.m2/repository/commons-logging/commons-logging/1.1.3/commons-logging-1.1.3.jar:/home/user/.m2/repository/log4j/log4j/1.2.17/log4j-1.2.17.jar:/home/user/.m2/repository/commons-beanutils/commons-beanutils/1.9.4/commons-beanutils-1.9.4.jar:/home/user/.m2/repository/org/apache/commons/commons-configuration2/2.1.1/commons-configuration2-2.1.1.jar:/home/user/.m2/repository/org/apache/commons/commons-lang3/3.7/commons-lang3-3.7.jar:/home/user/.m2/repository/org/apache/commons/commons-text/1.4/commons-text-1.4.jar:/home/user/.m2/repository/org/slf4j/slf4j-api/1.7.25/slf4j-api-1.7.25.jar:/home/user/.m2/repository/org/slf4j/slf4j-log4j12/1.7.25/slf4j-log4j12-1.7.25.jar:/home/user/.m2/repository/org/apache/avro/avro/1.7.7/avro-1.7.7.jar:/home/user/.m2/repository/com/thoughtworks/paranamer/paranamer/2.3/paranamer-2.3.jar:/home/user/.m2/repository/org/xerial/snappy/snappy-java/1.0.5/snappy-java-1.0.5.jar:/home/user/.m2/repository/com/google/re2j/re2j/1.1/re2j-1.1.jar:/home/user/.m2/repository/com/google/protobuf/protobuf-java/2.5.0/protobuf-java-2.5.0.jar:/home/user/.m2/repository/com/google/code/gson/gson/2.2.4/gson-2.2.4.jar:/home/user/.m2/repository/org/apache/hadoop/hadoop-auth/3.2.0/hadoop-auth-3.2.0.jar:/home/user/.m2/repository/com/nimbusds/nimbus-jose-jwt/4.41.1/nimbus-jose-jwt-4.41.1.jar:/home/user/.m2/repository/com/github/stephenc/jcip/jcip-annotations/1.0-1/jcip-annotations-1.0-1.jar:/home/user/.m2/repository/net/minidev/json-smart/2.3/json-smart-2.3.jar:/home/user/.m2/repository/net/minidev/accessors-smart/1.2/accessors-smart-1.2.jar:/home/user/.m2/repository/org/apache/curator/curator-framework/2.12.0/curator-framework-2.12.0.jar:/home/user/.m2/repository/com/jcraft/jsch/0.1.54/jsch-0.1.54.jar:/home/user/.m2/repository/org/apache/curator/curator-client/2.12.0/curator-client-2.12.0.jar:/home/user/.m2/repository/org/apache/curator/curator-recipes/2.12.0/curator-recipes-2.12.0.jar:/home/user/.m2/repository/com/google/code/findbugs/jsr305/3.0.0/jsr305-3.0.0.jar:/home/user/.m2/repository/org/apache/htrace/htrace-core4/4.1.0-incubating/htrace-core4-4.1.0-incubating.jar:/home/user/.m2/repository/org/apache/zookeeper/zookeeper/3.4.13/zookeeper-3.4.13.jar:/home/user/.m2/repository/jline/jline/0.9.94/jline-0.9.94.jar:/home/user/.m2/repository/org/apache/yetus/audience-annotations/0.5.0/audience-annotations-0.5.0.jar:/home/user/.m2/repository/org/apache/commons/commons-compress/1.4.1/commons-compress-1.4.1.jar:/home/user/.m2/repository/org/tukaani/xz/1.0/xz-1.0.jar:/home/user/.m2/repository/org/apache/kerby/kerb-simplekdc/1.0.1/kerb-simplekdc-1.0.1.jar:/home/user/.m2/repository/org/apache/kerby/kerb-client/1.0.1/kerb-client-1.0.1.jar:/home/user/.m2/repository/org/apache/kerby/kerby-config/1.0.1/kerby-config-1.0.1.jar:/home/user/.m2/repository/org/apache/kerby/kerb-core/1.0.1/kerb-core-1.0.1.jar:/home/user/.m2/repository/org/apache/kerby/kerby-pkix/1.0.1/kerby-pkix-1.0.1.jar:/home/user/.m2/repository/org/apache/kerby/kerby-asn1/1.0.1/kerby-asn1-1.0.1.jar:/home/user/.m2/repository/org/apache/kerby/kerby-util/1.0.1/kerby-util-1.0.1.jar:/home/user/.m2/repository/org/apache/kerby/kerb-common/1.0.1/kerb-common-1.0.1.jar:/home/user/.m2/repository/org/apache/kerby/kerb-crypto/1.0.1/kerb-crypto-1.0.1.jar:/home/user/.m2/repository/org/apache/kerby/kerb-util/1.0.1/kerb-util-1.0.1.jar:/home/user/.m2/repository/org/apache/kerby/token-provider/1.0.1/token-provider-1.0.1.jar:/home/user/.m2/repository/org/apache/kerby/kerb-admin/1.0.1/kerb-admin-1.0.1.jar:/home/user/.m2/repository/org/apache/kerby/kerb-server/1.0.1/kerb-server-1.0.1.jar:/home/user/.m2/repository/org/apache/kerby/kerb-identity/1.0.1/kerb-identity-1.0.1.jar:/home/user/.m2/repository/org/apache/kerby/kerby-xdr/1.0.1/kerby-xdr-1.0.1.jar:/home/user/.m2/repository/com/fasterxml/jackson/core/jackson-databind/2.9.9/jackson-databind-2.9.9.jar:/home/user/.m2/repository/com/fasterxml/jackson/core/jackson-annotations/2.9.9/jackson-annotations-2.9.9.jar:/home/user/.m2/repository/com/fasterxml/jackson/core/jackson-core/2.9.9/jackson-core-2.9.9.jar:/home/user/.m2/repository/org/codehaus/woodstox/stax2-api/3.1.4/stax2-api-3.1.4.jar:/home/user/.m2/repository/com/fasterxml/woodstox/woodstox-core/5.0.3/woodstox-core-5.0.3.jar:/home/user/.m2/repository/dnsjava/dnsjava/2.1.7/dnsjava-2.1.7.jar:/home/user/.m2/repository/org/apache/hadoop/hadoop-hdfs/3.2.0/hadoop-hdfs-3.2.0.jar:/home/user/.m2/repository/org/eclipse/jetty/jetty-util-ajax/9.3.25.v20180904/jetty-util-ajax-9.3.25.v20180904.jar:/home/user/.m2/repository/commons-daemon/commons-daemon/1.0.13/commons-daemon-1.0.13.jar:/home/user/.m2/repository/io/netty/netty/3.10.5.Final/netty-3.10.5.Final.jar:/home/user/.m2/repository/io/netty/netty-all/4.0.52.Final/netty-all-4.0.52.Final.jar:/home/user/.m2/repository/org/fusesource/leveldbjni/leveldbjni-all/1.8/leveldbjni-all-1.8.jar:/home/user/.m2/repository/org/apache/hadoop/hadoop-hdds-common/0.5.0-SNAPSHOT/hadoop-hdds-common-0.5.0-SNAPSHOT.jar:/home/user/.m2/repository/org/apache/hadoop/hadoop-hdds-config/0.5.0-SNAPSHOT/hadoop-hdds-config-0.5.0-SNAPSHOT.jar:/home/user/.m2/repository/javax/annotation/javax.annotation-api/1.2/javax.annotation-api-1.2.jar:/home/user/.m2/repository/org/apache/ratis/ratis-server/0.4.0/ratis-server-0.4.0.jar:/home/user/.m2/repository/org/apache/ratis/ratis-thirdparty-misc/0.2.0/ratis-thirdparty-misc-0.2.0.jar:/home/user/.m2/repository/org/apache/ratis/ratis-proto/0.4.0/ratis-proto-0.4.0.jar:/home/user/.m2/repository/org/apache/ratis/ratis-common/0.4.0/ratis-common-0.4.0.jar:/home/user/.m2/repository/org/apache/ratis/ratis-client/0.4.0/ratis-client-0.4.0.jar:/home/user/.m2/repository/org/apache/ratis/ratis-metrics/0.4.0/ratis-metrics-0.4.0.jar:/home/user/.m2/repository/com/github/joshelser/dropwizard-metrics-hadoop-metrics2-reporter/0.1.2/dropwizard-metrics-hadoop-metrics2-reporter-0.1.2.jar:/home/user/.m2/repository/io/dropwizard/metrics/metrics-jvm/3.2.5/metrics-jvm-3.2.5.jar:/home/user/.m2/repository/io/dropwizard/metrics/metrics-ganglia/3.2.5/metrics-ganglia-3.2.5.jar:/home/user/.m2/repository/info/ganglia/gmetric4j/gmetric4j/1.0.7/gmetric4j-1.0.7.jar:/home/user/.m2/repository/org/apache/ratis/ratis-netty/0.4.0/ratis-netty-0.4.0.jar:/home/user/.m2/repository/org/apache/ratis/ratis-grpc/0.4.0/ratis-grpc-0.4.0.jar:/home/user/.m2/repository/org/rocksdb/rocksdbjni/6.0.1/rocksdbjni-6.0.1.jar:/home/user/.m2/repository/org/apache/logging/log4j/log4j-api/2.11.0/log4j-api-2.11.0.jar:/home/user/.m2/repository/org/apache/logging/log4j/log4j-core/2.11.0/log4j-core-2.11.0.jar:/home/user/.m2/repository/com/lmax/disruptor/3.4.2/disruptor-3.4.2.jar:/home/user/.m2/repository/org/apache/commons/commons-pool2/2.6.0/commons-pool2-2.6.0.jar:/home/user/.m2/repository/org/bouncycastle/bcpkix-jdk15on/1.60/bcpkix-jdk15on-1.60.jar:/home/user/.m2/repository/commons-validator/commons-validator/1.6/commons-validator-1.6.jar:/home/user/.m2/repository/commons-digester/commons-digester/1.8.1/commons-digester-1.8.1.jar:/home/user/.m2/repository/io/jaegertracing/jaeger-client/0.34.0/jaeger-client-0.34.0.jar:/home/user/.m2/repository/io/jaegertracing/jaeger-thrift/0.34.0/jaeger-thrift-0.34.0.jar:/home/user/.m2/repository/org/apache/thrift/libthrift/0.12.0/libthrift-0.12.0.jar:/home/user/.m2/repository/com/squareup/okhttp3/okhttp/3.9.0/okhttp-3.9.0.jar:/home/user/.m2/repository/com/squareup/okio/okio/1.13.0/okio-1.13.0.jar:/home/user/.m2/repository/io/jaegertracing/jaeger-core/0.34.0/jaeger-core-0.34.0.jar:/home/user/.m2/repository/io/jaegertracing/jaeger-tracerresolver/0.34.0/jaeger-tracerresolver-0.34.0.jar:/home/user/.m2/repository/io/opentracing/contrib/opentracing-tracerresolver/0.1.5/opentracing-tracerresolver-0.1.5.jar:/home/user/.m2/repository/io/opentracing/opentracing-util/0.31.0/opentracing-util-0.31.0.jar:/home/user/.m2/repository/io/opentracing/opentracing-api/0.31.0/opentracing-api-0.31.0.jar:/home/user/.m2/repository/io/opentracing/opentracing-noop/0.31.0/opentracing-noop-0.31.0.jar:/home/user/.m2/repository/org/yaml/snakeyaml/1.16/snakeyaml-1.16.jar:/home/user/.m2/repository/org/apache/hadoop/hadoop-hdfs-client/3.2.0/hadoop-hdfs-client-3.2.0.jar:/home/user/.m2/repository/info/picocli/picocli/3.9.6/picocli-3.9.6.jar:/home/user/.m2/repository/org/apache/hadoop/hadoop-hdds-server-scm/0.5.0-SNAPSHOT/hadoop-hdds-server-scm-0.5.0-SNAPSHOT.jar:/home/user/.m2/repository/org/apache/hadoop/hadoop-hdds-docs/0.5.0-SNAPSHOT/hadoop-hdds-docs-0.5.0-SNAPSHOT.jar:/home/user/.m2/repository/io/dropwizard/metrics/metrics-core/3.2.4/metrics-core-3.2.4.jar:/home/user/.m2/repository/org/hamcrest/hamcrest-all/1.3/hamcrest-all-1.3.jar:/home/user/.m2/repository/org/bouncycastle/bcprov-jdk15on/1.60/bcprov-jdk15on-1.60.jar:/home/user/.m2/repository/org/apache/hadoop/hadoop-hdds-server-framework/0.5.0-SNAPSHOT/hadoop-hdds-server-framework-0.5.0-SNAPSHOT.jar:/home/user/.m2/repository/org/apache/hadoop/hadoop-ozone-ozone-manager/0.5.0-SNAPSHOT/hadoop-ozone-ozone-manager-0.5.0-SNAPSHOT.jar:/home/user/.m2/repository/org/apache/hadoop/hadoop-hdds-container-service/0.5.0-SNAPSHOT/hadoop-hdds-container-service-0.5.0-SNAPSHOT.jar:/home/user/.m2/repository/org/apache/hadoop/hadoop-hdds-client/0.5.0-SNAPSHOT/hadoop-hdds-client-0.5.0-SNAPSHOT.jar:/home/user/.m2/repository/org/apache/hadoop/hadoop-ozone-common/0.5.0-SNAPSHOT/hadoop-ozone-common-0.5.0-SNAPSHOT.jar:/home/user/.m2/repository/org/apache/hadoop/hadoop-hdds-tools/0.5.0-SNAPSHOT/hadoop-hdds-tools-0.5.0-SNAPSHOT.jar:/home/user/.m2/repository/org/xerial/sqlite-jdbc/3.25.2/sqlite-jdbc-3.25.2.jar:/home/user/.m2/repository/com/google/code/findbugs/findbugs/3.0.1/findbugs-3.0.1.jar:/home/user/.m2/repository/net/jcip/jcip-annotations/1.0/jcip-annotations-1.0.jar:/home/user/.m2/repository/com/google/code/findbugs/bcel-findbugs/6.0/bcel-findbugs-6.0.jar:/home/user/.m2/repository/com/google/code/findbugs/jFormatString/2.0.1/jFormatString-2.0.1.jar:/home/user/.m2/repository/dom4j/dom4j/1.6.1/dom4j-1.6.1.jar:/home/user/.m2/repository/xml-apis/xml-apis/1.0.b2/xml-apis-1.0.b2.jar:/home/user/.m2/repository/org/ow2/asm/asm-debug-all/5.0.2/asm-debug-all-5.0.2.jar:/home/user/.m2/repository/org/ow2/asm/asm-commons/5.0.2/asm-commons-5.0.2.jar:/home/user/.m2/repository/org/ow2/asm/asm-tree/5.0.2/asm-tree-5.0.2.jar:/home/user/.m2/repository/org/ow2/asm/asm/5.0.4/asm-5.0.4.jar:/home/user/.m2/repository/commons-lang/commons-lang/2.6/commons-lang-2.6.jar:/home/user/.m2/repository/com/apple/AppleJavaExtensions/1.4/AppleJavaExtensions-1.4.jar:/home/user/.m2/repository/jaxen/jaxen/1.1.6/jaxen-1.1.6.jar:/home/user/.m2/repository/org/apache/hadoop/hadoop-common/3.2.0/hadoop-common-3.2.0-tests.jar:/home/user/.m2/repository/org/apache/hadoop/hadoop-ozone-client/0.5.0-SNAPSHOT/hadoop-ozone-client-0.5.0-SNAPSHOT.jar:/home/user/.m2/repository/org/apache/hadoop/hadoop-hdfs/3.2.0/hadoop-hdfs-3.2.0-tests.jar:/workdir/hadoop-ozone/integration-test/target/test-classes:/home/user/.m2/repository/org/apache/hadoop/hadoop-ozone-s3gateway/0.5.0-SNAPSHOT/hadoop-ozone-s3gateway-0.5.0-SNAPSHOT.jar:/home/user/.m2/repository/org/jboss/weld/servlet/weld-servlet/2.4.7.Final/weld-servlet-2.4.7.Final.jar:/home/user/.m2/repository/org/glassfish/jersey/containers/jersey-container-servlet-core/2.27/jersey-container-servlet-core-2.27.jar:/home/user/.m2/repository/org/glassfish/hk2/external/javax.inject/2.5.0-b42/javax.inject-2.5.0-b42.jar:/home/user/.m2/repository/org/glassfish/jersey/core/jersey-common/2.27/jersey-common-2.27.jar:/home/user/.m2/repository/org/glassfish/hk2/osgi-resource-locator/1.0.1/osgi-resource-locator-1.0.1.jar:/home/user/.m2/repository/javax/ws/rs/javax.ws.rs-api/2.1/javax.ws.rs-api-2.1.jar:/home/user/.m2/repository/org/glassfish/jersey/ext/cdi/jersey-cdi1x/2.27/jersey-cdi1x-2.27.jar:/home/user/.m2/repository/org/glassfish/jersey/inject/jersey-hk2/2.27/jersey-hk2-2.27.jar:/home/user/.m2/repository/org/glassfish/hk2/hk2-locator/2.5.0-b42/hk2-locator-2.5.0-b42.jar:/home/user/.m2/repository/org/javassist/javassist/3.22.0-CR2/javassist-3.22.0-CR2.jar:/home/user/.m2/repository/org/glassfish/hk2/hk2-api/2.5.0/hk2-api-2.5.0.jar:/home/user/.m2/repository/org/glassfish/hk2/external/jakarta.inject/2.5.0/jakarta.inject-2.5.0.jar:/home/user/.m2/repository/org/glassfish/hk2/hk2-utils/2.5.0/hk2-utils-2.5.0.jar:/home/user/.m2/repository/jakarta/annotation/jakarta.annotation-api/1.3.4/jakarta.annotation-api-1.3.4.jar:/home/user/.m2/repository/org/glassfish/hk2/external/aopalliance-repackaged/2.5.0/aopalliance-repackaged-2.5.0.jar:/home/user/.m2/repository/com/fasterxml/jackson/dataformat/jackson-dataformat-xml/2.9.0/jackson-dataformat-xml-2.9.0.jar:/home/user/.m2/repository/com/fasterxml/jackson/module/jackson-module-jaxb-annotations/2.9.9/jackson-module-jaxb-annotations-2.9.9.jar:/home/user/.m2/repository/javax/enterprise/cdi-api/1.2/cdi-api-1.2.jar:/home/user/.m2/repository/javax/el/javax.el-api/3.0.0/javax.el-api-3.0.0.jar:/home/user/.m2/repository/javax/interceptor/javax.interceptor-api/1.2/javax.interceptor-api-1.2.jar:/home/user/.m2/repository/javax/inject/javax.inject/1/javax.inject-1.jar:/home/user/.m2/repository/com/sun/xml/bind/jaxb-core/2.3.0.1/jaxb-core-2.3.0.1.jar:/home/user/.m2/repository/javax/xml/bind/jaxb-api/2.3.0/jaxb-api-2.3.0.jar:/home/user/.m2/repository/javax/activation/activation/1.1.1/activation-1.1.1.jar:/home/user/.m2/repository/org/apache/hadoop/hadoop-ozone-csi/0.5.0-SNAPSHOT/hadoop-ozone-csi-0.5.0-SNAPSHOT.jar:/home/user/.m2/repository/com/google/protobuf/protobuf-java-util/3.5.1/protobuf-java-util-3.5.1.jar:/home/user/.m2/repository/io/grpc/grpc-netty/1.17.1/grpc-netty-1.17.1.jar:/home/user/.m2/repository/io/grpc/grpc-core/1.17.1/grpc-core-1.17.1.jar:/home/user/.m2/repository/io/grpc/grpc-context/1.17.1/grpc-context-1.17.1.jar:/home/user/.m2/repository/com/google/errorprone/error_prone_annotations/2.2.0/error_prone_annotations-2.2.0.jar:/home/user/.m2/repository/org/codehaus/mojo/animal-sniffer-annotations/1.17/animal-sniffer-annotations-1.17.jar:/home/user/.m2/repository/io/opencensus/opencensus-api/0.17.0/opencensus-api-0.17.0.jar:/home/user/.m2/repository/io/opencensus/opencensus-contrib-grpc-metrics/0.17.0/opencensus-contrib-grpc-metrics-0.17.0.jar:/home/user/.m2/repository/io/netty/netty-codec-http2/4.1.30.Final/netty-codec-http2-4.1.30.Final.jar:/home/user/.m2/repository/io/netty/netty-codec-http/4.1.30.Final/netty-codec-http-4.1.30.Final.jar:/home/user/.m2/repository/io/netty/netty-codec/4.1.30.Final/netty-codec-4.1.30.Final.jar:/home/user/.m2/repository/io/netty/netty-handler/4.1.30.Final/netty-handler-4.1.30.Final.jar:/home/user/.m2/repository/io/netty/netty-handler-proxy/4.1.30.Final/netty-handler-proxy-4.1.30.Final.jar:/home/user/.m2/repository/io/netty/netty-codec-socks/4.1.30.Final/netty-codec-socks-4.1.30.Final.jar:/home/user/.m2/repository/io/netty/netty-transport-native-epoll/4.1.30.Final/netty-transport-native-epoll-4.1.30.Final.jar:/home/user/.m2/repository/io/netty/netty-common/4.1.30.Final/netty-common-4.1.30.Final.jar:/home/user/.m2/repository/io/netty/netty-buffer/4.1.30.Final/netty-buffer-4.1.30.Final.jar:/home/user/.m2/repository/io/netty/netty-transport/4.1.30.Final/netty-transport-4.1.30.Final.jar:/home/user/.m2/repository/io/netty/netty-resolver/4.1.30.Final/netty-resolver-4.1.30.Final.jar:/home/user/.m2/repository/io/netty/netty-transport-native-unix-common/4.1.30.Final/netty-transport-native-unix-common-4.1.30.Final.jar:/home/user/.m2/repository/io/grpc/grpc-protobuf/1.17.1/grpc-protobuf-1.17.1.jar:/home/user/.m2/repository/com/google/api/grpc/proto-google-common-protos/1.0.0/proto-google-common-protos-1.0.0.jar:/home/user/.m2/repository/io/grpc/grpc-protobuf-lite/1.17.1/grpc-protobuf-lite-1.17.1.jar:/home/user/.m2/repository/io/grpc/grpc-stub/1.17.1/grpc-stub-1.17.1.jar:/home/user/.m2/repository/org/apache/hadoop/hadoop-ozone-recon/0.5.0-SNAPSHOT/hadoop-ozone-recon-0.5.0-SNAPSHOT.jar:/home/user/.m2/repository/org/apache/hadoop/hadoop-ozone-reconcodegen/0.5.0-SNAPSHOT/hadoop-ozone-reconcodegen-0.5.0-SNAPSHOT.jar:/home/user/.m2/repository/com/google/inject/extensions/guice-multibindings/4.0/guice-multibindings-4.0.jar:/home/user/.m2/repository/com/google/inject/guice/4.0/guice-4.0.jar:/home/user/.m2/repository/aopalliance/aopalliance/1.0/aopalliance-1.0.jar:/home/user/.m2/repository/org/glassfish/jersey/containers/jersey-container-servlet/2.27/jersey-container-servlet-2.27.jar:/home/user/.m2/repository/org/glassfish/hk2/guice-bridge/2.5.0/guice-bridge-2.5.0.jar:/home/user/.m2/repository/org/glassfish/jersey/core/jersey-server/2.27/jersey-server-2.27.jar:/home/user/.m2/repository/org/glassfish/jersey/core/jersey-client/2.27/jersey-client-2.27.jar:/home/user/.m2/repository/org/glassfish/jersey/media/jersey-media-jaxb/2.27/jersey-media-jaxb-2.27.jar:/home/user/.m2/repository/javax/validation/validation-api/1.1.0.Final/validation-api-1.1.0.Final.jar:/home/user/.m2/repository/org/glassfish/jersey/media/jersey-media-json-jackson/2.27/jersey-media-json-jackson-2.27.jar:/home/user/.m2/repository/org/glassfish/jersey/ext/jersey-entity-filtering/2.27/jersey-entity-filtering-2.27.jar:/home/user/.m2/repository/com/google/inject/extensions/guice-assistedinject/4.0/guice-assistedinject-4.0.jar:/home/user/.m2/repository/org/jooq/jooq/3.11.10/jooq-3.11.10.jar:/home/user/.m2/repository/org/jooq/jooq-meta/3.11.10/jooq-meta-3.11.10.jar:/home/user/.m2/repository/org/jooq/jooq-codegen/3.11.10/jooq-codegen-3.11.10.jar:/home/user/.m2/repository/com/jolbox/bonecp/0.8.0.RELEASE/bonecp-0.8.0.RELEASE.jar:/home/user/.m2/repository/org/springframework/spring-jdbc/5.1.3.RELEASE/spring-jdbc-5.1.3.RELEASE.jar:/home/user/.m2/repository/org/springframework/spring-beans/5.1.3.RELEASE/spring-beans-5.1.3.RELEASE.jar:/home/user/.m2/repository/org/springframework/spring-core/5.1.3.RELEASE/spring-core-5.1.3.RELEASE.jar:/home/user/.m2/repository/org/springframework/spring-jcl/5.1.3.RELEASE/spring-jcl-5.1.3.RELEASE.jar:/home/user/.m2/repository/org/springframework/spring-tx/5.1.3.RELEASE/spring-tx-5.1.3.RELEASE.jar:/home/user/.m2/repository/org/mockito/mockito-all/1.10.19/mockito-all-1.10.19.jar:/home/user/.m2/repository/junit/junit/4.11/junit-4.11.jar:/home/user/.m2/repository/org/hamcrest/hamcrest-core/1.3/hamcrest-core-1.3.jar:/home/user/.m2/repository/org/apache/hadoop/hadoop-distcp/3.2.0/hadoop-distcp-3.2.0.jar:/home/user/.m2/repository/org/apache/hadoop/hadoop-distcp/3.2.0/hadoop-distcp-3.2.0-tests.jar:/home/user/.m2/repository/org/apache/hadoop/hadoop-mapreduce-client-jobclient/3.2.0/hadoop-mapreduce-client-jobclient-3.2.0.jar:/home/user/.m2/repository/org/apache/hadoop/hadoop-mapreduce-client-common/3.2.0/hadoop-mapreduce-client-common-3.2.0.jar:/home/user/.m2/repository/org/apache/hadoop/hadoop-yarn-common/3.2.0/hadoop-yarn-common-3.2.0.jar:/home/user/.m2/repository/org/apache/hadoop/hadoop-yarn-api/3.2.0/hadoop-yarn-api-3.2.0.jar:/home/user/.m2/repository/com/sun/jersey/jersey-client/1.19/jersey-client-1.19.jar:/home/user/.m2/repository/com/sun/jersey/contribs/jersey-guice/1.19/jersey-guice-1.19.jar:/home/user/.m2/repository/com/fasterxml/jackson/jaxrs/jackson-jaxrs-json-provider/2.9.9/jackson-jaxrs-json-provider-2.9.9.jar:/home/user/.m2/repository/com/fasterxml/jackson/jaxrs/jackson-jaxrs-base/2.9.9/jackson-jaxrs-base-2.9.9.jar:/home/user/.m2/repository/org/apache/hadoop/hadoop-yarn-client/3.2.0/hadoop-yarn-client-3.2.0.jar:/home/user/.m2/repository/org/apache/hadoop/hadoop-mapreduce-client-core/3.2.0/hadoop-mapreduce-client-core-3.2.0.jar:/home/user/.m2/repository/com/google/inject/extensions/guice-servlet/4.0/guice-servlet-4.0.jar:/home/user/.m2/repository/org/powermock/powermock-module-junit4/1.6.5/powermock-module-junit4-1.6.5.jar:/home/user/.m2/repository/org/powermock/powermock-module-junit4-common/1.6.5/powermock-module-junit4-common-1.6.5.jar:/home/user/.m2/repository/org/powermock/powermock-core/1.6.5/powermock-core-1.6.5.jar:/home/user/.m2/repository/org/powermock/powermock-reflect/1.6.5/powermock-reflect-1.6.5.jar:/home/user/.m2/repository/org/powermock/powermock-api-mockito/1.6.5/powermock-api-mockito-1.6.5.jar:/home/user/.m2/repository/org/mockito/mockito-core/1.10.19/mockito-core-1.10.19.jar:/home/user/.m2/repository/org/objenesis/objenesis/1.0/objenesis-1.0.jar:/home/user/.m2/repository/org/powermock/powermock-api-mockito-common/1.6.5/powermock-api-mockito-common-1.6.5.jar:/home/user/.m2/repository/org/powermock/powermock-api-support/1.6.5/powermock-api-support-1.6.5.jar:"/>
    <property name="java.vm.vendor" value="IcedTea"/>
    <property name="sun.arch.data.model" value="64"/>
    <property name="test.build.dir" value="/workdir/hadoop-ozone/ozonefs/target/test-dir"/>
    <property name="test.cache.data" value=""/>
    <property name="java.vendor.url" value="https://icedtea.classpath.org"/>
    <property name="user.timezone" value=""/>
    <property name="java.vm.specification.version" value="1.8"/>
    <property name="os.name" value="Linux"/>
    <property name="test.build.data" value="/workdir/hadoop-ozone/ozonefs/target/test-dir"/>
    <property name="user.country" value="US"/>
    <property name="sun.java.launcher" value="SUN_STANDARD"/>
    <property name="sun.boot.library.path" value="/usr/lib/jvm/java-1.8-openjdk/jre/lib/amd64"/>
    <property name="sun.java.command" value="/workdir/hadoop-ozone/ozonefs/target/surefire/surefirebooter1324490809959289195.jar /workdir/hadoop-ozone/ozonefs/target/surefire 2019-09-26T09-15-41_457-jvmRun1 surefire7240290725451461650tmp surefire_938106226943808511211tmp"/>
    <property name="test" value="!TestMiniChaosOzoneCluster"/>
    <property name="surefire.test.class.path" value="/workdir/hadoop-ozone/ozonefs/target/test-classes:/workdir/hadoop-ozone/ozonefs/target/classes:/home/user/.m2/repository/org/apache/hadoop/hadoop-common/3.2.0/hadoop-common-3.2.0.jar:/home/user/.m2/repository/org/apache/hadoop/hadoop-annotations/3.2.0/hadoop-annotations-3.2.0.jar:/usr/lib/jvm/java-1.8-openjdk/jre/../lib/tools.jar:/home/user/.m2/repository/com/google/guava/guava/11.0.2/guava-11.0.2.jar:/home/user/.m2/repository/commons-cli/commons-cli/1.2/commons-cli-1.2.jar:/home/user/.m2/repository/org/apache/commons/commons-math3/3.1.1/commons-math3-3.1.1.jar:/home/user/.m2/repository/org/apache/httpcomponents/httpclient/4.5.2/httpclient-4.5.2.jar:/home/user/.m2/repository/org/apache/httpcomponents/httpcore/4.4.4/httpcore-4.4.4.jar:/home/user/.m2/repository/commons-codec/commons-codec/1.11/commons-codec-1.11.jar:/home/user/.m2/repository/commons-io/commons-io/2.5/commons-io-2.5.jar:/home/user/.m2/repository/commons-net/commons-net/3.6/commons-net-3.6.jar:/home/user/.m2/repository/commons-collections/commons-collections/3.2.2/commons-collections-3.2.2.jar:/home/user/.m2/repository/javax/servlet/javax.servlet-api/3.1.0/javax.servlet-api-3.1.0.jar:/home/user/.m2/repository/org/eclipse/jetty/jetty-server/9.3.25.v20180904/jetty-server-9.3.25.v20180904.jar:/home/user/.m2/repository/org/eclipse/jetty/jetty-http/9.3.25.v20180904/jetty-http-9.3.25.v20180904.jar:/home/user/.m2/repository/org/eclipse/jetty/jetty-io/9.3.25.v20180904/jetty-io-9.3.25.v20180904.jar:/home/user/.m2/repository/org/eclipse/jetty/jetty-util/9.3.25.v20180904/jetty-util-9.3.25.v20180904.jar:/home/user/.m2/repository/org/eclipse/jetty/jetty-servlet/9.3.25.v20180904/jetty-servlet-9.3.25.v20180904.jar:/home/user/.m2/repository/org/eclipse/jetty/jetty-security/9.3.25.v20180904/jetty-security-9.3.25.v20180904.jar:/home/user/.m2/repository/org/eclipse/jetty/jetty-webapp/9.3.25.v20180904/jetty-webapp-9.3.25.v20180904.jar:/home/user/.m2/repository/org/eclipse/jetty/jetty-xml/9.3.25.v20180904/jetty-xml-9.3.25.v20180904.jar:/home/user/.m2/repository/javax/servlet/jsp/jsp-api/2.1/jsp-api-2.1.jar:/home/user/.m2/repository/com/sun/jersey/jersey-core/1.19/jersey-core-1.19.jar:/home/user/.m2/repository/javax/ws/rs/jsr311-api/1.1.1/jsr311-api-1.1.1.jar:/home/user/.m2/repository/com/sun/jersey/jersey-servlet/1.19/jersey-servlet-1.19.jar:/home/user/.m2/repository/com/sun/jersey/jersey-json/1.19/jersey-json-1.19.jar:/home/user/.m2/repository/org/codehaus/jettison/jettison/1.1/jettison-1.1.jar:/home/user/.m2/repository/com/sun/xml/bind/jaxb-impl/2.3.0.1/jaxb-impl-2.3.0.1.jar:/home/user/.m2/repository/org/codehaus/jackson/jackson-core-asl/1.9.13/jackson-core-asl-1.9.13.jar:/home/user/.m2/repository/org/codehaus/jackson/jackson-mapper-asl/1.9.13/jackson-mapper-asl-1.9.13.jar:/home/user/.m2/repository/org/codehaus/jackson/jackson-jaxrs/1.9.13/jackson-jaxrs-1.9.13.jar:/home/user/.m2/repository/org/codehaus/jackson/jackson-xc/1.9.13/jackson-xc-1.9.13.jar:/home/user/.m2/repository/com/sun/jersey/jersey-server/1.19/jersey-server-1.19.jar:/home/user/.m2/repository/commons-logging/commons-logging/1.1.3/commons-logging-1.1.3.jar:/home/user/.m2/repository/log4j/log4j/1.2.17/log4j-1.2.17.jar:/home/user/.m2/repository/commons-beanutils/commons-beanutils/1.9.4/commons-beanutils-1.9.4.jar:/home/user/.m2/repository/org/apache/commons/commons-configuration2/2.1.1/commons-configuration2-2.1.1.jar:/home/user/.m2/repository/org/apache/commons/commons-lang3/3.7/commons-lang3-3.7.jar:/home/user/.m2/repository/org/apache/commons/commons-text/1.4/commons-text-1.4.jar:/home/user/.m2/repository/org/slf4j/slf4j-api/1.7.25/slf4j-api-1.7.25.jar:/home/user/.m2/repository/org/slf4j/slf4j-log4j12/1.7.25/slf4j-log4j12-1.7.25.jar:/home/user/.m2/repository/org/apache/avro/avro/1.7.7/avro-1.7.7.jar:/home/user/.m2/repository/com/thoughtworks/paranamer/paranamer/2.3/paranamer-2.3.jar:/home/user/.m2/repository/org/xerial/snappy/snappy-java/1.0.5/snappy-java-1.0.5.jar:/home/user/.m2/repository/com/google/re2j/re2j/1.1/re2j-1.1.jar:/home/user/.m2/repository/com/google/protobuf/protobuf-java/2.5.0/protobuf-java-2.5.0.jar:/home/user/.m2/repository/com/google/code/gson/gson/2.2.4/gson-2.2.4.jar:/home/user/.m2/repository/org/apache/hadoop/hadoop-auth/3.2.0/hadoop-auth-3.2.0.jar:/home/user/.m2/repository/com/nimbusds/nimbus-jose-jwt/4.41.1/nimbus-jose-jwt-4.41.1.jar:/home/user/.m2/repository/com/github/stephenc/jcip/jcip-annotations/1.0-1/jcip-annotations-1.0-1.jar:/home/user/.m2/repository/net/minidev/json-smart/2.3/json-smart-2.3.jar:/home/user/.m2/repository/net/minidev/accessors-smart/1.2/accessors-smart-1.2.jar:/home/user/.m2/repository/org/apache/curator/curator-framework/2.12.0/curator-framework-2.12.0.jar:/home/user/.m2/repository/com/jcraft/jsch/0.1.54/jsch-0.1.54.jar:/home/user/.m2/repository/org/apache/curator/curator-client/2.12.0/curator-client-2.12.0.jar:/home/user/.m2/repository/org/apache/curator/curator-recipes/2.12.0/curator-recipes-2.12.0.jar:/home/user/.m2/repository/com/google/code/findbugs/jsr305/3.0.0/jsr305-3.0.0.jar:/home/user/.m2/repository/org/apache/htrace/htrace-core4/4.1.0-incubating/htrace-core4-4.1.0-incubating.jar:/home/user/.m2/repository/org/apache/zookeeper/zookeeper/3.4.13/zookeeper-3.4.13.jar:/home/user/.m2/repository/jline/jline/0.9.94/jline-0.9.94.jar:/home/user/.m2/repository/org/apache/yetus/audience-annotations/0.5.0/audience-annotations-0.5.0.jar:/home/user/.m2/repository/org/apache/commons/commons-compress/1.4.1/commons-compress-1.4.1.jar:/home/user/.m2/repository/org/tukaani/xz/1.0/xz-1.0.jar:/home/user/.m2/repository/org/apache/kerby/kerb-simplekdc/1.0.1/kerb-simplekdc-1.0.1.jar:/home/user/.m2/repository/org/apache/kerby/kerb-client/1.0.1/kerb-client-1.0.1.jar:/home/user/.m2/repository/org/apache/kerby/kerby-config/1.0.1/kerby-config-1.0.1.jar:/home/user/.m2/repository/org/apache/kerby/kerb-core/1.0.1/kerb-core-1.0.1.jar:/home/user/.m2/repository/org/apache/kerby/kerby-pkix/1.0.1/kerby-pkix-1.0.1.jar:/home/user/.m2/repository/org/apache/kerby/kerby-asn1/1.0.1/kerby-asn1-1.0.1.jar:/home/user/.m2/repository/org/apache/kerby/kerby-util/1.0.1/kerby-util-1.0.1.jar:/home/user/.m2/repository/org/apache/kerby/kerb-common/1.0.1/kerb-common-1.0.1.jar:/home/user/.m2/repository/org/apache/kerby/kerb-crypto/1.0.1/kerb-crypto-1.0.1.jar:/home/user/.m2/repository/org/apache/kerby/kerb-util/1.0.1/kerb-util-1.0.1.jar:/home/user/.m2/repository/org/apache/kerby/token-provider/1.0.1/token-provider-1.0.1.jar:/home/user/.m2/repository/org/apache/kerby/kerb-admin/1.0.1/kerb-admin-1.0.1.jar:/home/user/.m2/repository/org/apache/kerby/kerb-server/1.0.1/kerb-server-1.0.1.jar:/home/user/.m2/repository/org/apache/kerby/kerb-identity/1.0.1/kerb-identity-1.0.1.jar:/home/user/.m2/repository/org/apache/kerby/kerby-xdr/1.0.1/kerby-xdr-1.0.1.jar:/home/user/.m2/repository/com/fasterxml/jackson/core/jackson-databind/2.9.9/jackson-databind-2.9.9.jar:/home/user/.m2/repository/com/fasterxml/jackson/core/jackson-annotations/2.9.9/jackson-annotations-2.9.9.jar:/home/user/.m2/repository/com/fasterxml/jackson/core/jackson-core/2.9.9/jackson-core-2.9.9.jar:/home/user/.m2/repository/org/codehaus/woodstox/stax2-api/3.1.4/stax2-api-3.1.4.jar:/home/user/.m2/repository/com/fasterxml/woodstox/woodstox-core/5.0.3/woodstox-core-5.0.3.jar:/home/user/.m2/repository/dnsjava/dnsjava/2.1.7/dnsjava-2.1.7.jar:/home/user/.m2/repository/org/apache/hadoop/hadoop-hdfs/3.2.0/hadoop-hdfs-3.2.0.jar:/home/user/.m2/repository/org/eclipse/jetty/jetty-util-ajax/9.3.25.v20180904/jetty-util-ajax-9.3.25.v20180904.jar:/home/user/.m2/repository/commons-daemon/commons-daemon/1.0.13/commons-daemon-1.0.13.jar:/home/user/.m2/repository/io/netty/netty/3.10.5.Final/netty-3.10.5.Final.jar:/home/user/.m2/repository/io/netty/netty-all/4.0.52.Final/netty-all-4.0.52.Final.jar:/home/user/.m2/repository/org/fusesource/leveldbjni/leveldbjni-all/1.8/leveldbjni-all-1.8.jar:/home/user/.m2/repository/org/apache/hadoop/hadoop-hdds-common/0.5.0-SNAPSHOT/hadoop-hdds-common-0.5.0-SNAPSHOT.jar:/home/user/.m2/repository/org/apache/hadoop/hadoop-hdds-config/0.5.0-SNAPSHOT/hadoop-hdds-config-0.5.0-SNAPSHOT.jar:/home/user/.m2/repository/javax/annotation/javax.annotation-api/1.2/javax.annotation-api-1.2.jar:/home/user/.m2/repository/org/apache/ratis/ratis-server/0.4.0/ratis-server-0.4.0.jar:/home/user/.m2/repository/org/apache/ratis/ratis-thirdparty-misc/0.2.0/ratis-thirdparty-misc-0.2.0.jar:/home/user/.m2/repository/org/apache/ratis/ratis-proto/0.4.0/ratis-proto-0.4.0.jar:/home/user/.m2/repository/org/apache/ratis/ratis-common/0.4.0/ratis-common-0.4.0.jar:/home/user/.m2/repository/org/apache/ratis/ratis-client/0.4.0/ratis-client-0.4.0.jar:/home/user/.m2/repository/org/apache/ratis/ratis-metrics/0.4.0/ratis-metrics-0.4.0.jar:/home/user/.m2/repository/com/github/joshelser/dropwizard-metrics-hadoop-metrics2-reporter/0.1.2/dropwizard-metrics-hadoop-metrics2-reporter-0.1.2.jar:/home/user/.m2/repository/io/dropwizard/metrics/metrics-jvm/3.2.5/metrics-jvm-3.2.5.jar:/home/user/.m2/repository/io/dropwizard/metrics/metrics-ganglia/3.2.5/metrics-ganglia-3.2.5.jar:/home/user/.m2/repository/info/ganglia/gmetric4j/gmetric4j/1.0.7/gmetric4j-1.0.7.jar:/home/user/.m2/repository/org/apache/ratis/ratis-netty/0.4.0/ratis-netty-0.4.0.jar:/home/user/.m2/repository/org/apache/ratis/ratis-grpc/0.4.0/ratis-grpc-0.4.0.jar:/home/user/.m2/repository/org/rocksdb/rocksdbjni/6.0.1/rocksdbjni-6.0.1.jar:/home/user/.m2/repository/org/apache/logging/log4j/log4j-api/2.11.0/log4j-api-2.11.0.jar:/home/user/.m2/repository/org/apache/logging/log4j/log4j-core/2.11.0/log4j-core-2.11.0.jar:/home/user/.m2/repository/com/lmax/disruptor/3.4.2/disruptor-3.4.2.jar:/home/user/.m2/repository/org/apache/commons/commons-pool2/2.6.0/commons-pool2-2.6.0.jar:/home/user/.m2/repository/org/bouncycastle/bcpkix-jdk15on/1.60/bcpkix-jdk15on-1.60.jar:/home/user/.m2/repository/commons-validator/commons-validator/1.6/commons-validator-1.6.jar:/home/user/.m2/repository/commons-digester/commons-digester/1.8.1/commons-digester-1.8.1.jar:/home/user/.m2/repository/io/jaegertracing/jaeger-client/0.34.0/jaeger-client-0.34.0.jar:/home/user/.m2/repository/io/jaegertracing/jaeger-thrift/0.34.0/jaeger-thrift-0.34.0.jar:/home/user/.m2/repository/org/apache/thrift/libthrift/0.12.0/libthrift-0.12.0.jar:/home/user/.m2/repository/com/squareup/okhttp3/okhttp/3.9.0/okhttp-3.9.0.jar:/home/user/.m2/repository/com/squareup/okio/okio/1.13.0/okio-1.13.0.jar:/home/user/.m2/repository/io/jaegertracing/jaeger-core/0.34.0/jaeger-core-0.34.0.jar:/home/user/.m2/repository/io/jaegertracing/jaeger-tracerresolver/0.34.0/jaeger-tracerresolver-0.34.0.jar:/home/user/.m2/repository/io/opentracing/contrib/opentracing-tracerresolver/0.1.5/opentracing-tracerresolver-0.1.5.jar:/home/user/.m2/repository/io/opentracing/opentracing-util/0.31.0/opentracing-util-0.31.0.jar:/home/user/.m2/repository/io/opentracing/opentracing-api/0.31.0/opentracing-api-0.31.0.jar:/home/user/.m2/repository/io/opentracing/opentracing-noop/0.31.0/opentracing-noop-0.31.0.jar:/home/user/.m2/repository/org/yaml/snakeyaml/1.16/snakeyaml-1.16.jar:/home/user/.m2/repository/org/apache/hadoop/hadoop-hdfs-client/3.2.0/hadoop-hdfs-client-3.2.0.jar:/home/user/.m2/repository/info/picocli/picocli/3.9.6/picocli-3.9.6.jar:/home/user/.m2/repository/org/apache/hadoop/hadoop-hdds-server-scm/0.5.0-SNAPSHOT/hadoop-hdds-server-scm-0.5.0-SNAPSHOT.jar:/home/user/.m2/repository/org/apache/hadoop/hadoop-hdds-docs/0.5.0-SNAPSHOT/hadoop-hdds-docs-0.5.0-SNAPSHOT.jar:/home/user/.m2/repository/io/dropwizard/metrics/metrics-core/3.2.4/metrics-core-3.2.4.jar:/home/user/.m2/repository/org/hamcrest/hamcrest-all/1.3/hamcrest-all-1.3.jar:/home/user/.m2/repository/org/bouncycastle/bcprov-jdk15on/1.60/bcprov-jdk15on-1.60.jar:/home/user/.m2/repository/org/apache/hadoop/hadoop-hdds-server-framework/0.5.0-SNAPSHOT/hadoop-hdds-server-framework-0.5.0-SNAPSHOT.jar:/home/user/.m2/repository/org/apache/hadoop/hadoop-ozone-ozone-manager/0.5.0-SNAPSHOT/hadoop-ozone-ozone-manager-0.5.0-SNAPSHOT.jar:/home/user/.m2/repository/org/apache/hadoop/hadoop-hdds-container-service/0.5.0-SNAPSHOT/hadoop-hdds-container-service-0.5.0-SNAPSHOT.jar:/home/user/.m2/repository/org/apache/hadoop/hadoop-hdds-client/0.5.0-SNAPSHOT/hadoop-hdds-client-0.5.0-SNAPSHOT.jar:/home/user/.m2/repository/org/apache/hadoop/hadoop-ozone-common/0.5.0-SNAPSHOT/hadoop-ozone-common-0.5.0-SNAPSHOT.jar:/home/user/.m2/repository/org/apache/hadoop/hadoop-hdds-tools/0.5.0-SNAPSHOT/hadoop-hdds-tools-0.5.0-SNAPSHOT.jar:/home/user/.m2/repository/org/xerial/sqlite-jdbc/3.25.2/sqlite-jdbc-3.25.2.jar:/home/user/.m2/repository/com/google/code/findbugs/findbugs/3.0.1/findbugs-3.0.1.jar:/home/user/.m2/repository/net/jcip/jcip-annotations/1.0/jcip-annotations-1.0.jar:/home/user/.m2/repository/com/google/code/findbugs/bcel-findbugs/6.0/bcel-findbugs-6.0.jar:/home/user/.m2/repository/com/google/code/findbugs/jFormatString/2.0.1/jFormatString-2.0.1.jar:/home/user/.m2/repository/dom4j/dom4j/1.6.1/dom4j-1.6.1.jar:/home/user/.m2/repository/xml-apis/xml-apis/1.0.b2/xml-apis-1.0.b2.jar:/home/user/.m2/repository/org/ow2/asm/asm-debug-all/5.0.2/asm-debug-all-5.0.2.jar:/home/user/.m2/repository/org/ow2/asm/asm-commons/5.0.2/asm-commons-5.0.2.jar:/home/user/.m2/repository/org/ow2/asm/asm-tree/5.0.2/asm-tree-5.0.2.jar:/home/user/.m2/repository/org/ow2/asm/asm/5.0.4/asm-5.0.4.jar:/home/user/.m2/repository/commons-lang/commons-lang/2.6/commons-lang-2.6.jar:/home/user/.m2/repository/com/apple/AppleJavaExtensions/1.4/AppleJavaExtensions-1.4.jar:/home/user/.m2/repository/jaxen/jaxen/1.1.6/jaxen-1.1.6.jar:/home/user/.m2/repository/org/apache/hadoop/hadoop-common/3.2.0/hadoop-common-3.2.0-tests.jar:/home/user/.m2/repository/org/apache/hadoop/hadoop-ozone-client/0.5.0-SNAPSHOT/hadoop-ozone-client-0.5.0-SNAPSHOT.jar:/home/user/.m2/repository/org/apache/hadoop/hadoop-hdfs/3.2.0/hadoop-hdfs-3.2.0-tests.jar:/workdir/hadoop-ozone/integration-test/target/test-classes:/home/user/.m2/repository/org/apache/hadoop/hadoop-ozone-s3gateway/0.5.0-SNAPSHOT/hadoop-ozone-s3gateway-0.5.0-SNAPSHOT.jar:/home/user/.m2/repository/org/jboss/weld/servlet/weld-servlet/2.4.7.Final/weld-servlet-2.4.7.Final.jar:/home/user/.m2/repository/org/glassfish/jersey/containers/jersey-container-servlet-core/2.27/jersey-container-servlet-core-2.27.jar:/home/user/.m2/repository/org/glassfish/hk2/external/javax.inject/2.5.0-b42/javax.inject-2.5.0-b42.jar:/home/user/.m2/repository/org/glassfish/jersey/core/jersey-common/2.27/jersey-common-2.27.jar:/home/user/.m2/repository/org/glassfish/hk2/osgi-resource-locator/1.0.1/osgi-resource-locator-1.0.1.jar:/home/user/.m2/repository/javax/ws/rs/javax.ws.rs-api/2.1/javax.ws.rs-api-2.1.jar:/home/user/.m2/repository/org/glassfish/jersey/ext/cdi/jersey-cdi1x/2.27/jersey-cdi1x-2.27.jar:/home/user/.m2/repository/org/glassfish/jersey/inject/jersey-hk2/2.27/jersey-hk2-2.27.jar:/home/user/.m2/repository/org/glassfish/hk2/hk2-locator/2.5.0-b42/hk2-locator-2.5.0-b42.jar:/home/user/.m2/repository/org/javassist/javassist/3.22.0-CR2/javassist-3.22.0-CR2.jar:/home/user/.m2/repository/org/glassfish/hk2/hk2-api/2.5.0/hk2-api-2.5.0.jar:/home/user/.m2/repository/org/glassfish/hk2/external/jakarta.inject/2.5.0/jakarta.inject-2.5.0.jar:/home/user/.m2/repository/org/glassfish/hk2/hk2-utils/2.5.0/hk2-utils-2.5.0.jar:/home/user/.m2/repository/jakarta/annotation/jakarta.annotation-api/1.3.4/jakarta.annotation-api-1.3.4.jar:/home/user/.m2/repository/org/glassfish/hk2/external/aopalliance-repackaged/2.5.0/aopalliance-repackaged-2.5.0.jar:/home/user/.m2/repository/com/fasterxml/jackson/dataformat/jackson-dataformat-xml/2.9.0/jackson-dataformat-xml-2.9.0.jar:/home/user/.m2/repository/com/fasterxml/jackson/module/jackson-module-jaxb-annotations/2.9.9/jackson-module-jaxb-annotations-2.9.9.jar:/home/user/.m2/repository/javax/enterprise/cdi-api/1.2/cdi-api-1.2.jar:/home/user/.m2/repository/javax/el/javax.el-api/3.0.0/javax.el-api-3.0.0.jar:/home/user/.m2/repository/javax/interceptor/javax.interceptor-api/1.2/javax.interceptor-api-1.2.jar:/home/user/.m2/repository/javax/inject/javax.inject/1/javax.inject-1.jar:/home/user/.m2/repository/com/sun/xml/bind/jaxb-core/2.3.0.1/jaxb-core-2.3.0.1.jar:/home/user/.m2/repository/javax/xml/bind/jaxb-api/2.3.0/jaxb-api-2.3.0.jar:/home/user/.m2/repository/javax/activation/activation/1.1.1/activation-1.1.1.jar:/home/user/.m2/repository/org/apache/hadoop/hadoop-ozone-csi/0.5.0-SNAPSHOT/hadoop-ozone-csi-0.5.0-SNAPSHOT.jar:/home/user/.m2/repository/com/google/protobuf/protobuf-java-util/3.5.1/protobuf-java-util-3.5.1.jar:/home/user/.m2/repository/io/grpc/grpc-netty/1.17.1/grpc-netty-1.17.1.jar:/home/user/.m2/repository/io/grpc/grpc-core/1.17.1/grpc-core-1.17.1.jar:/home/user/.m2/repository/io/grpc/grpc-context/1.17.1/grpc-context-1.17.1.jar:/home/user/.m2/repository/com/google/errorprone/error_prone_annotations/2.2.0/error_prone_annotations-2.2.0.jar:/home/user/.m2/repository/org/codehaus/mojo/animal-sniffer-annotations/1.17/animal-sniffer-annotations-1.17.jar:/home/user/.m2/repository/io/opencensus/opencensus-api/0.17.0/opencensus-api-0.17.0.jar:/home/user/.m2/repository/io/opencensus/opencensus-contrib-grpc-metrics/0.17.0/opencensus-contrib-grpc-metrics-0.17.0.jar:/home/user/.m2/repository/io/netty/netty-codec-http2/4.1.30.Final/netty-codec-http2-4.1.30.Final.jar:/home/user/.m2/repository/io/netty/netty-codec-http/4.1.30.Final/netty-codec-http-4.1.30.Final.jar:/home/user/.m2/repository/io/netty/netty-codec/4.1.30.Final/netty-codec-4.1.30.Final.jar:/home/user/.m2/repository/io/netty/netty-handler/4.1.30.Final/netty-handler-4.1.30.Final.jar:/home/user/.m2/repository/io/netty/netty-handler-proxy/4.1.30.Final/netty-handler-proxy-4.1.30.Final.jar:/home/user/.m2/repository/io/netty/netty-codec-socks/4.1.30.Final/netty-codec-socks-4.1.30.Final.jar:/home/user/.m2/repository/io/netty/netty-transport-native-epoll/4.1.30.Final/netty-transport-native-epoll-4.1.30.Final.jar:/home/user/.m2/repository/io/netty/netty-common/4.1.30.Final/netty-common-4.1.30.Final.jar:/home/user/.m2/repository/io/netty/netty-buffer/4.1.30.Final/netty-buffer-4.1.30.Final.jar:/home/user/.m2/repository/io/netty/netty-transport/4.1.30.Final/netty-transport-4.1.30.Final.jar:/home/user/.m2/repository/io/netty/netty-resolver/4.1.30.Final/netty-resolver-4.1.30.Final.jar:/home/user/.m2/repository/io/netty/netty-transport-native-unix-common/4.1.30.Final/netty-transport-native-unix-common-4.1.30.Final.jar:/home/user/.m2/repository/io/grpc/grpc-protobuf/1.17.1/grpc-protobuf-1.17.1.jar:/home/user/.m2/repository/com/google/api/grpc/proto-google-common-protos/1.0.0/proto-google-common-protos-1.0.0.jar:/home/user/.m2/repository/io/grpc/grpc-protobuf-lite/1.17.1/grpc-protobuf-lite-1.17.1.jar:/home/user/.m2/repository/io/grpc/grpc-stub/1.17.1/grpc-stub-1.17.1.jar:/home/user/.m2/repository/org/apache/hadoop/hadoop-ozone-recon/0.5.0-SNAPSHOT/hadoop-ozone-recon-0.5.0-SNAPSHOT.jar:/home/user/.m2/repository/org/apache/hadoop/hadoop-ozone-reconcodegen/0.5.0-SNAPSHOT/hadoop-ozone-reconcodegen-0.5.0-SNAPSHOT.jar:/home/user/.m2/repository/com/google/inject/extensions/guice-multibindings/4.0/guice-multibindings-4.0.jar:/home/user/.m2/repository/com/google/inject/guice/4.0/guice-4.0.jar:/home/user/.m2/repository/aopalliance/aopalliance/1.0/aopalliance-1.0.jar:/home/user/.m2/repository/org/glassfish/jersey/containers/jersey-container-servlet/2.27/jersey-container-servlet-2.27.jar:/home/user/.m2/repository/org/glassfish/hk2/guice-bridge/2.5.0/guice-bridge-2.5.0.jar:/home/user/.m2/repository/org/glassfish/jersey/core/jersey-server/2.27/jersey-server-2.27.jar:/home/user/.m2/repository/org/glassfish/jersey/core/jersey-client/2.27/jersey-client-2.27.jar:/home/user/.m2/repository/org/glassfish/jersey/media/jersey-media-jaxb/2.27/jersey-media-jaxb-2.27.jar:/home/user/.m2/repository/javax/validation/validation-api/1.1.0.Final/validation-api-1.1.0.Final.jar:/home/user/.m2/repository/org/glassfish/jersey/media/jersey-media-json-jackson/2.27/jersey-media-json-jackson-2.27.jar:/home/user/.m2/repository/org/glassfish/jersey/ext/jersey-entity-filtering/2.27/jersey-entity-filtering-2.27.jar:/home/user/.m2/repository/com/google/inject/extensions/guice-assistedinject/4.0/guice-assistedinject-4.0.jar:/home/user/.m2/repository/org/jooq/jooq/3.11.10/jooq-3.11.10.jar:/home/user/.m2/repository/org/jooq/jooq-meta/3.11.10/jooq-meta-3.11.10.jar:/home/user/.m2/repository/org/jooq/jooq-codegen/3.11.10/jooq-codegen-3.11.10.jar:/home/user/.m2/repository/com/jolbox/bonecp/0.8.0.RELEASE/bonecp-0.8.0.RELEASE.jar:/home/user/.m2/repository/org/springframework/spring-jdbc/5.1.3.RELEASE/spring-jdbc-5.1.3.RELEASE.jar:/home/user/.m2/repository/org/springframework/spring-beans/5.1.3.RELEASE/spring-beans-5.1.3.RELEASE.jar:/home/user/.m2/repository/org/springframework/spring-core/5.1.3.RELEASE/spring-core-5.1.3.RELEASE.jar:/home/user/.m2/repository/org/springframework/spring-jcl/5.1.3.RELEASE/spring-jcl-5.1.3.RELEASE.jar:/home/user/.m2/repository/org/springframework/spring-tx/5.1.3.RELEASE/spring-tx-5.1.3.RELEASE.jar:/home/user/.m2/repository/org/mockito/mockito-all/1.10.19/mockito-all-1.10.19.jar:/home/user/.m2/repository/junit/junit/4.11/junit-4.11.jar:/home/user/.m2/repository/org/hamcrest/hamcrest-core/1.3/hamcrest-core-1.3.jar:/home/user/.m2/repository/org/apache/hadoop/hadoop-distcp/3.2.0/hadoop-distcp-3.2.0.jar:/home/user/.m2/repository/org/apache/hadoop/hadoop-distcp/3.2.0/hadoop-distcp-3.2.0-tests.jar:/home/user/.m2/repository/org/apache/hadoop/hadoop-mapreduce-client-jobclient/3.2.0/hadoop-mapreduce-client-jobclient-3.2.0.jar:/home/user/.m2/repository/org/apache/hadoop/hadoop-mapreduce-client-common/3.2.0/hadoop-mapreduce-client-common-3.2.0.jar:/home/user/.m2/repository/org/apache/hadoop/hadoop-yarn-common/3.2.0/hadoop-yarn-common-3.2.0.jar:/home/user/.m2/repository/org/apache/hadoop/hadoop-yarn-api/3.2.0/hadoop-yarn-api-3.2.0.jar:/home/user/.m2/repository/com/sun/jersey/jersey-client/1.19/jersey-client-1.19.jar:/home/user/.m2/repository/com/sun/jersey/contribs/jersey-guice/1.19/jersey-guice-1.19.jar:/home/user/.m2/repository/com/fasterxml/jackson/jaxrs/jackson-jaxrs-json-provider/2.9.9/jackson-jaxrs-json-provider-2.9.9.jar:/home/user/.m2/repository/com/fasterxml/jackson/jaxrs/jackson-jaxrs-base/2.9.9/jackson-jaxrs-base-2.9.9.jar:/home/user/.m2/repository/org/apache/hadoop/hadoop-yarn-client/3.2.0/hadoop-yarn-client-3.2.0.jar:/home/user/.m2/repository/org/apache/hadoop/hadoop-mapreduce-client-core/3.2.0/hadoop-mapreduce-client-core-3.2.0.jar:/home/user/.m2/repository/com/google/inject/extensions/guice-servlet/4.0/guice-servlet-4.0.jar:/home/user/.m2/repository/org/powermock/powermock-module-junit4/1.6.5/powermock-module-junit4-1.6.5.jar:/home/user/.m2/repository/org/powermock/powermock-module-junit4-common/1.6.5/powermock-module-junit4-common-1.6.5.jar:/home/user/.m2/repository/org/powermock/powermock-core/1.6.5/powermock-core-1.6.5.jar:/home/user/.m2/repository/org/powermock/powermock-reflect/1.6.5/powermock-reflect-1.6.5.jar:/home/user/.m2/repository/org/powermock/powermock-api-mockito/1.6.5/powermock-api-mockito-1.6.5.jar:/home/user/.m2/repository/org/mockito/mockito-core/1.10.19/mockito-core-1.10.19.jar:/home/user/.m2/repository/org/objenesis/objenesis/1.0/objenesis-1.0.jar:/home/user/.m2/repository/org/powermock/powermock-api-mockito-common/1.6.5/powermock-api-mockito-common-1.6.5.jar:/home/user/.m2/repository/org/powermock/powermock-api-support/1.6.5/powermock-api-support-1.6.5.jar:"/>
    <property name="sun.cpu.endian" value="little"/>
    <property name="user.home" value="/home/user"/>
    <property name="user.language" value="en"/>
    <property name="java.specification.vendor" value="Oracle Corporation"/>
    <property name="java.home" value="/usr/lib/jvm/java-1.8-openjdk/jre"/>
    <property name="java.security.krb5.conf" value="/workdir/hadoop-ozone/ozonefs/target/test-classes/krb5.conf"/>
    <property name="basedir" value="/workdir/hadoop-ozone/ozonefs"/>
    <property name="file.separator" value="/"/>
    <property name="line.separator" value="&#10;"/>
    <property name="java.vm.specification.vendor" value="Oracle Corporation"/>
    <property name="java.specification.name" value="Java Platform API Specification"/>
    <property name="java.awt.graphicsenv" value="sun.awt.X11GraphicsEnvironment"/>
    <property name="surefire.real.class.path" value="/workdir/hadoop-ozone/ozonefs/target/surefire/surefirebooter1324490809959289195.jar"/>
    <property name="hadoop.log.dir" value="/workdir/hadoop-ozone/ozonefs/target/log"/>
    <property name="sun.boot.class.path" value="/usr/lib/jvm/java-1.8-openjdk/jre/lib/resources.jar:/usr/lib/jvm/java-1.8-openjdk/jre/lib/rt.jar:/usr/lib/jvm/java-1.8-openjdk/jre/lib/sunrsasign.jar:/usr/lib/jvm/java-1.8-openjdk/jre/lib/jsse.jar:/usr/lib/jvm/java-1.8-openjdk/jre/lib/jce.jar:/usr/lib/jvm/java-1.8-openjdk/jre/lib/charsets.jar:/usr/lib/jvm/java-1.8-openjdk/jre/lib/jfr.jar:/usr/lib/jvm/java-1.8-openjdk/jre/classes"/>
    <property name="sun.management.compiler" value="HotSpot 64-Bit Tiered Compilers"/>
    <property name="java.runtime.version" value="1.8.0_212-b04"/>
    <property name="java.net.preferIPv4Stack" value="true"/>
    <property name="user.name" value="jenkins1000"/>
    <property name="path.separator" value=":"/>
    <property name="java.security.egd" value="file:///dev/urandom"/>
    <property name="os.version" value="3.10.0-957.12.2.el7.x86_64"/>
    <property name="java.endorsed.dirs" value="/usr/lib/jvm/java-1.8-openjdk/jre/lib/endorsed"/>
    <property name="java.runtime.name" value="OpenJDK Runtime Environment"/>
    <property name="file.encoding" value="UTF-8"/>
    <property name="java.vm.name" value="OpenJDK 64-Bit Server VM"/>
    <property name="test.build.webapps" value=""/>
    <property name="localRepository" value="/home/user/.m2/repository"/>
    <property name="java.vendor.url.bug" value="https://icedtea.classpath.org/bugzilla"/>
    <property name="java.io.tmpdir" value="/tmp"/>
    <property name="require.test.libhadoop" value=""/>
    <property name="java.version" value="1.8.0_212"/>
    <property name="user.dir" value="/workdir/hadoop-ozone/ozonefs"/>
    <property name="os.arch" value="amd64"/>
    <property name="java.vm.specification.name" value="Java Virtual Machine Specification"/>
    <property name="test.build.classes" value="/workdir/hadoop-ozone/ozonefs/target/test-classes"/>
    <property name="java.awt.printerjob" value="sun.print.PSPrinterJob"/>
    <property name="sun.os.patch.level" value="unknown"/>
    <property name="hadoop.tmp.dir" value="/workdir/hadoop-ozone/ozonefs/target/tmp"/>
    <property name="java.library.path" value="/usr/lib/jvm/java-1.8-openjdk/jre/lib/amd64/server:/usr/lib/jvm/java-1.8-openjdk/jre/lib/amd64:/usr/lib/jvm/java-1.8-openjdk/jre/../lib/amd64:/workdir/hadoop-ozone/ozonefs/target/native/target/usr/local/lib:/workdir/hadoop-ozone/ozonefs/../../hadoop-common-project/hadoop-common/target/native/target/usr/local/lib:/usr/java/packages/lib/amd64:/usr/lib64:/lib64:/lib:/usr/lib"/>
    <property name="java.vm.info" value="mixed mode"/>
    <property name="java.vendor" value="IcedTea"/>
    <property name="java.vm.version" value="25.212-b04"/>
    <property name="java.ext.dirs" value="/usr/lib/jvm/java-1.8-openjdk/jre/lib/ext:/usr/java/packages/lib/ext"/>
    <property name="sun.io.unicode.encoding" value="UnicodeLittle"/>
    <property name="java.class.version" value="52.0"/>
  </properties>
  <testcase name="testOzoneManagerFileSystemInterface[0]" classname="org.apache.hadoop.fs.ozone.TestOzoneFileInterfaces" time="22.436"/>
  <testcase name="testListStatus[0]" classname="org.apache.hadoop.fs.ozone.TestOzoneFileInterfaces" time="16.98"/>
  <testcase name="testDirectory[0]" classname="org.apache.hadoop.fs.ozone.TestOzoneFileInterfaces" time="16.808"/>
  <testcase name="testPathToKey[0]" classname="org.apache.hadoop.fs.ozone.TestOzoneFileInterfaces" time="17.03"/>
  <testcase name="testFileSystemInit[0]" classname="org.apache.hadoop.fs.ozone.TestOzoneFileInterfaces" time="16.928"/>
  <testcase name="testOzFsReadWrite[0]" classname="org.apache.hadoop.fs.ozone.TestOzoneFileInterfaces" time="17.219">
    <error message="Allocated 0 blocks. Requested 1 blocks" type="INTERNAL_ERROR org.apache.hadoop.ozone.om.exceptions.OMException">INTERNAL_ERROR org.apache.hadoop.ozone.om.exceptions.OMException: Allocated 0 blocks. Requested 1 blocks
	at org.apache.hadoop.ozone.om.protocolPB.OzoneManagerProtocolClientSideTranslatorPB.handleError(OzoneManagerProtocolClientSideTranslatorPB.java:732)
	at org.apache.hadoop.ozone.om.protocolPB.OzoneManagerProtocolClientSideTranslatorPB.createFile(OzoneManagerProtocolClientSideTranslatorPB.java:1536)
	at sun.reflect.NativeMethodAccessorImpl.invoke0(Native Method)
	at sun.reflect.NativeMethodAccessorImpl.invoke(NativeMethodAccessorImpl.java:62)
	at sun.reflect.DelegatingMethodAccessorImpl.invoke(DelegatingMethodAccessorImpl.java:43)
	at java.lang.reflect.Method.invoke(Method.java:498)
	at org.apache.hadoop.hdds.tracing.TraceAllMethod.invoke(TraceAllMethod.java:66)
	at com.sun.proxy.$Proxy39.createFile(Unknown Source)
	at org.apache.hadoop.ozone.client.rpc.RpcClient.createFile(RpcClient.java:1006)
	at org.apache.hadoop.ozone.client.OzoneBucket.createFile(OzoneBucket.java:537)
	at org.apache.hadoop.fs.ozone.BasicOzoneClientAdapterImpl.createFile(BasicOzoneClientAdapterImpl.java:205)
	at org.apache.hadoop.fs.ozone.BasicOzoneFileSystem.createOutputStream(BasicOzoneFileSystem.java:250)
	at org.apache.hadoop.fs.ozone.BasicOzoneFileSystem.create(BasicOzoneFileSystem.java:231)
	at org.apache.hadoop.fs.FileSystem.create(FileSystem.java:1118)
	at org.apache.hadoop.fs.FileSystem.create(FileSystem.java:1098)
	at org.apache.hadoop.fs.FileSystem.create(FileSystem.java:987)
	at org.apache.hadoop.fs.FileSystem.create(FileSystem.java:975)
	at org.apache.hadoop.fs.ozone.TestOzoneFileInterfaces.testOzFsReadWrite(TestOzoneFileInterfaces.java:169)
	at sun.reflect.NativeMethodAccessorImpl.invoke0(Native Method)
	at sun.reflect.NativeMethodAccessorImpl.invoke(NativeMethodAccessorImpl.java:62)
	at sun.reflect.DelegatingMethodAccessorImpl.invoke(DelegatingMethodAccessorImpl.java:43)
	at java.lang.reflect.Method.invoke(Method.java:498)
	at org.junit.runners.model.FrameworkMethod$1.runReflectiveCall(FrameworkMethod.java:47)
	at org.junit.internal.runners.model.ReflectiveCallable.run(ReflectiveCallable.java:12)
	at org.junit.runners.model.FrameworkMethod.invokeExplosively(FrameworkMethod.java:44)
	at org.junit.internal.runners.statements.InvokeMethod.evaluate(InvokeMethod.java:17)
	at org.junit.internal.runners.statements.RunBefores.evaluate(RunBefores.java:26)
	at org.junit.internal.runners.statements.RunAfters.evaluate(RunAfters.java:27)
	at org.junit.runners.ParentRunner.runLeaf(ParentRunner.java:271)
	at org.junit.runners.BlockJUnit4ClassRunner.runChild(BlockJUnit4ClassRunner.java:70)
	at org.junit.runners.BlockJUnit4ClassRunner.runChild(BlockJUnit4ClassRunner.java:50)
	at org.junit.runners.ParentRunner$3.run(ParentRunner.java:238)
	at org.junit.runners.ParentRunner$1.schedule(ParentRunner.java:63)
	at org.junit.runners.ParentRunner.runChildren(ParentRunner.java:236)
	at org.junit.runners.ParentRunner.access$000(ParentRunner.java:53)
	at org.junit.runners.ParentRunner$2.evaluate(ParentRunner.java:229)
	at org.junit.runners.ParentRunner.run(ParentRunner.java:309)
	at org.junit.runners.Suite.runChild(Suite.java:127)
	at org.junit.runners.Suite.runChild(Suite.java:26)
	at org.junit.runners.ParentRunner$3.run(ParentRunner.java:238)
	at org.junit.runners.ParentRunner$1.schedule(ParentRunner.java:63)
	at org.junit.runners.ParentRunner.runChildren(ParentRunner.java:236)
	at org.junit.runners.ParentRunner.access$000(ParentRunner.java:53)
	at org.junit.runners.ParentRunner$2.evaluate(ParentRunner.java:229)
	at org.junit.runners.ParentRunner.run(ParentRunner.java:309)
	at org.apache.maven.surefire.junit4.JUnit4Provider.execute(JUnit4Provider.java:365)
	at org.apache.maven.surefire.junit4.JUnit4Provider.executeWithRerun(JUnit4Provider.java:273)
	at org.apache.maven.surefire.junit4.JUnit4Provider.executeTestSet(JUnit4Provider.java:238)
	at org.apache.maven.surefire.junit4.JUnit4Provider.invoke(JUnit4Provider.java:159)
	at org.apache.maven.surefire.booter.ForkedBooter.invokeProviderInSameClassLoader(ForkedBooter.java:384)
	at org.apache.maven.surefire.booter.ForkedBooter.runSuitesInProcess(ForkedBooter.java:345)
	at org.apache.maven.surefire.booter.ForkedBooter.execute(ForkedBooter.java:126)
	at org.apache.maven.surefire.booter.ForkedBooter.main(ForkedBooter.java:418)
</error>
    <system-out><![CDATA[2019-09-26 10:47:07,033 [main] WARN  server.ServerUtils (ServerUtils.java:getScmDbDir(145)) - ozone.scm.db.dirs is not configured. We recommend adding this setting. Falling back to ozone.metadata.dirs instead.
2019-09-26 10:47:07,056 [main] WARN  server.ServerUtils (ServerUtils.java:getScmDbDir(145)) - ozone.scm.db.dirs is not configured. We recommend adding this setting. Falling back to ozone.metadata.dirs instead.
2019-09-26 10:47:07,056 [main] WARN  server.ServerUtils (ServerUtils.java:getScmDbDir(145)) - ozone.scm.db.dirs is not configured. We recommend adding this setting. Falling back to ozone.metadata.dirs instead.
2019-09-26 10:47:07,057 [main] INFO  db.DBStoreBuilder (DBStoreBuilder.java:addTable(110)) - using custom profile for table: deletedBlocks
2019-09-26 10:47:07,057 [main] INFO  db.DBStoreBuilder (DBStoreBuilder.java:processTables(161)) - Using default column profile:DBProfile.DISK for Table:deletedBlocks
2019-09-26 10:47:07,057 [main] INFO  db.DBStoreBuilder (DBStoreBuilder.java:addTable(110)) - using custom profile for table: validCerts
2019-09-26 10:47:07,057 [main] INFO  db.DBStoreBuilder (DBStoreBuilder.java:processTables(161)) - Using default column profile:DBProfile.DISK for Table:validCerts
2019-09-26 10:47:07,058 [main] INFO  db.DBStoreBuilder (DBStoreBuilder.java:addTable(110)) - using custom profile for table: revokedCerts
2019-09-26 10:47:07,058 [main] INFO  db.DBStoreBuilder (DBStoreBuilder.java:processTables(161)) - Using default column profile:DBProfile.DISK for Table:revokedCerts
2019-09-26 10:47:07,058 [main] INFO  db.DBStoreBuilder (DBStoreBuilder.java:addTable(110)) - using custom profile for table: default
2019-09-26 10:47:07,058 [main] INFO  db.DBStoreBuilder (DBStoreBuilder.java:processTables(167)) - Using default column profile:DBProfile.DISK for Table:default
2019-09-26 10:47:07,059 [main] INFO  db.DBStoreBuilder (DBStoreBuilder.java:getDbProfile(198)) - Using default options. DBProfile.DISK
2019-09-26 10:47:07,268 [main] INFO  net.NodeSchemaLoader (NodeSchemaLoader.java:loadSchemaFromFile(125)) - Loading file from sun.misc.CompoundEnumeration@7971c2a9
2019-09-26 10:47:07,268 [main] INFO  net.NodeSchemaLoader (NodeSchemaLoader.java:loadSchema(171)) - Loading network topology layer schema file
2019-09-26 10:47:07,274 [main] WARN  server.ServerUtils (ServerUtils.java:sanitizeUserArgs(70)) - ozone.scm.stale.node.interval value = 300000 is larger than max = 100000 based on the key value of ozone.scm.heartbeat.thread.interval, reset to the max value 100000.
2019-09-26 10:47:07,274 [main] WARN  server.ServerUtils (ServerUtils.java:sanitizeUserArgs(70)) - ozone.scm.stale.node.interval value = 300000 is larger than max = 100000 based on the key value of ozone.scm.heartbeat.thread.interval, reset to the max value 100000.
2019-09-26 10:47:07,275 [main] INFO  node.SCMNodeManager (SCMNodeManager.java:<init>(114)) - Entering startup safe mode.
2019-09-26 10:47:07,276 [main] INFO  algorithms.ContainerPlacementPolicyFactory (ContainerPlacementPolicyFactory.java:getPolicy(59)) - Create container placement policy of type org.apache.hadoop.hdds.scm.container.placement.algorithms.SCMContainerPlacementRandom
2019-09-26 10:47:07,276 [main] WARN  server.ServerUtils (ServerUtils.java:getScmDbDir(145)) - ozone.scm.db.dirs is not configured. We recommend adding this setting. Falling back to ozone.metadata.dirs instead.
2019-09-26 10:47:07,340 [main] INFO  pipeline.SCMPipelineManager (SCMPipelineManager.java:initializePipelineState(132)) - No pipeline exists in current db
2019-09-26 10:47:07,341 [main] WARN  server.ServerUtils (ServerUtils.java:getScmDbDir(145)) - ozone.scm.db.dirs is not configured. We recommend adding this setting. Falling back to ozone.metadata.dirs instead.
2019-09-26 10:47:07,368 [main] WARN  events.EventQueue (EventQueue.java:fireEvent(183)) - No event handler registered for event TypedEvent{payloadType=SafeModeStatus, name='SafeModeStatus'}
2019-09-26 10:47:07,370 [main] INFO  ipc.CallQueueManager (CallQueueManager.java:<init>(84)) - Using callQueue: class java.util.concurrent.LinkedBlockingQueue, queueCapacity: 2000, scheduler: class org.apache.hadoop.ipc.DefaultRpcScheduler, ipcBackoff: false.
2019-09-26 10:47:07,371 [Socket Reader #1 for port 44288] INFO  ipc.Server (Server.java:run(1074)) - Starting Socket Reader #1 for port 44288
2019-09-26 10:47:07,375 [main] INFO  ipc.CallQueueManager (CallQueueManager.java:<init>(84)) - Using callQueue: class java.util.concurrent.LinkedBlockingQueue, queueCapacity: 2000, scheduler: class org.apache.hadoop.ipc.DefaultRpcScheduler, ipcBackoff: false.
2019-09-26 10:47:07,376 [Socket Reader #1 for port 43778] INFO  ipc.Server (Server.java:run(1074)) - Starting Socket Reader #1 for port 43778
2019-09-26 10:47:07,378 [main] INFO  ipc.CallQueueManager (CallQueueManager.java:<init>(84)) - Using callQueue: class java.util.concurrent.LinkedBlockingQueue, queueCapacity: 2000, scheduler: class org.apache.hadoop.ipc.DefaultRpcScheduler, ipcBackoff: false.
2019-09-26 10:47:07,379 [Socket Reader #1 for port 36902] INFO  ipc.Server (Server.java:run(1074)) - Starting Socket Reader #1 for port 36902
2019-09-26 10:47:07,386 [main] INFO  hdfs.DFSUtil (DFSUtil.java:httpServerTemplateForNNAndJN(1641)) - Starting Web-server for scm at: http://0.0.0.0:0
2019-09-26 10:47:07,390 [main] INFO  server.AuthenticationFilter (AuthenticationFilter.java:constructSecretProvider(240)) - Unable to initialize FileSignerSecretProvider, falling back to use random secrets.
2019-09-26 10:47:07,390 [main] WARN  http.HttpRequestLog (HttpRequestLog.java:getRequestLog(97)) - Jetty request log can only be enabled using Log4j
2019-09-26 10:47:07,393 [main] INFO  http.HttpServer2 (HttpServer2.java:addGlobalFilter(975)) - Added global filter 'safety' (class=org.apache.hadoop.http.HttpServer2$QuotingInputFilter)
2019-09-26 10:47:07,394 [main] INFO  http.HttpServer2 (HttpServer2.java:addFilter(948)) - Added filter static_user_filter (class=org.apache.hadoop.http.lib.StaticUserWebFilter$StaticUserFilter) to context scm
2019-09-26 10:47:07,395 [main] INFO  http.HttpServer2 (HttpServer2.java:addFilter(958)) - Added filter static_user_filter (class=org.apache.hadoop.http.lib.StaticUserWebFilter$StaticUserFilter) to context logs
2019-09-26 10:47:07,395 [main] INFO  http.HttpServer2 (HttpServer2.java:addFilter(958)) - Added filter static_user_filter (class=org.apache.hadoop.http.lib.StaticUserWebFilter$StaticUserFilter) to context static
2019-09-26 10:47:07,397 [main] INFO  server.StorageContainerManager (StorageContainerManager.java:start(770)) - StorageContainerLocationProtocol RPC server is listening at /0.0.0.0:36902
2019-09-26 10:47:07,400 [main] WARN  impl.MetricsConfig (MetricsConfig.java:loadFirst(134)) - Cannot locate configuration: tried hadoop-metrics2-storagecontainermanager.properties,hadoop-metrics2.properties
2019-09-26 10:47:07,401 [main] INFO  impl.MetricsSystemImpl (MetricsSystemImpl.java:startTimer(374)) - Scheduled Metric snapshot period at 10 second(s).
2019-09-26 10:47:07,402 [main] INFO  impl.MetricsSystemImpl (MetricsSystemImpl.java:start(191)) - StorageContainerManager metrics system started
2019-09-26 10:47:07,480 [main] WARN  impl.MetricsSystemImpl (MetricsSystemImpl.java:register(276)) - Sink prometheus already exists!
2019-09-26 10:47:07,516 [main] INFO  server.SCMClientProtocolServer (SCMClientProtocolServer.java:start(151)) - RPC server for Client  is listening at /0.0.0.0:36902
2019-09-26 10:47:07,517 [IPC Server Responder] INFO  ipc.Server (Server.java:run(1314)) - IPC Server Responder: starting
2019-09-26 10:47:07,517 [IPC Server listener on 36902] INFO  ipc.Server (Server.java:run(1153)) - IPC Server listener on 36902: starting
2019-09-26 10:47:07,522 [main] INFO  server.StorageContainerManager (StorageContainerManager.java:start(780)) - ScmBlockLocationProtocol RPC server is listening at /0.0.0.0:43778
2019-09-26 10:47:07,523 [main] INFO  server.SCMBlockProtocolServer (SCMBlockProtocolServer.java:start(146)) - RPC server for Block Protocol is listening at /0.0.0.0:43778
2019-09-26 10:47:07,523 [IPC Server Responder] INFO  ipc.Server (Server.java:run(1314)) - IPC Server Responder: starting
2019-09-26 10:47:07,523 [IPC Server listener on 43778] INFO  ipc.Server (Server.java:run(1153)) - IPC Server listener on 43778: starting
2019-09-26 10:47:07,528 [main] INFO  server.StorageContainerManager (StorageContainerManager.java:start(784)) - ScmDatanodeProtocl RPC server is listening at /0.0.0.0:44288
2019-09-26 10:47:07,528 [main] INFO  server.SCMDatanodeProtocolServer (SCMDatanodeProtocolServer.java:start(191)) - RPC server for DataNodes is listening at /0.0.0.0:44288
2019-09-26 10:47:07,529 [IPC Server Responder] INFO  ipc.Server (Server.java:run(1314)) - IPC Server Responder: starting
2019-09-26 10:47:07,529 [IPC Server listener on 44288] INFO  ipc.Server (Server.java:run(1153)) - IPC Server listener on 44288: starting
2019-09-26 10:47:07,541 [main] INFO  http.HttpServer2 (HttpServer2.java:bindListener(1191)) - Jetty bound to port 33141
2019-09-26 10:47:07,541 [main] INFO  server.Server (Server.java:doStart(351)) - jetty-9.3.25.v20180904, build timestamp: 2018-09-04T21:11:46Z, git hash: 3ce520221d0240229c862b122d2b06c12a625732
2019-09-26 10:47:07,543 [main] INFO  handler.ContextHandler (ContextHandler.java:doStart(781)) - Started o.e.j.s.ServletContextHandler@4fb64e14{/logs,file:///workdir/hadoop-ozone/ozonefs/target/log,AVAILABLE}
2019-09-26 10:47:07,543 [main] INFO  handler.ContextHandler (ContextHandler.java:doStart(781)) - Started o.e.j.s.ServletContextHandler@a2b54e3{/static,jar:file:/home/user/.m2/repository/org/apache/hadoop/hadoop-hdds-server-scm/0.5.0-SNAPSHOT/hadoop-hdds-server-scm-0.5.0-SNAPSHOT.jar!/webapps/static,AVAILABLE}
2019-09-26 10:47:07,583 [main] INFO  handler.ContextHandler (ContextHandler.java:doStart(781)) - Started o.e.j.w.WebAppContext@1ee5632d{/,file:///tmp/jetty-0.0.0.0-33141-scm-_-any-3669746037561716963.dir/webapp/,AVAILABLE}{/scm}
2019-09-26 10:47:07,583 [main] INFO  server.AbstractConnector (AbstractConnector.java:doStart(278)) - Started ServerConnector@52a7928a{HTTP/1.1,[http/1.1]}{0.0.0.0:33141}
2019-09-26 10:47:07,585 [main] INFO  server.Server (Server.java:doStart(419)) - Started @91176ms
2019-09-26 10:47:07,585 [main] WARN  impl.MetricsSystemImpl (MetricsSystemImpl.java:register(276)) - Sink prometheus already exists!
2019-09-26 10:47:07,586 [main] INFO  server.BaseHttpServer (BaseHttpServer.java:updateConnectorAddress(215)) - HTTP server of SCM is listening at http://0.0.0.0:33141
2019-09-26 10:47:07,587 [main] WARN  server.ServerUtils (ServerUtils.java:getDBPath(222)) - ozone.om.db.dirs is not configured. We recommend adding this setting. Falling back to ozone.metadata.dirs instead.
2019-09-26 10:47:07,588 [org.apache.hadoop.util.JvmPauseMonitor$Monitor@72465eb2] INFO  util.JvmPauseMonitor (JvmPauseMonitor.java:run(188)) - Starting JVM pause monitor
2019-09-26 10:47:07,602 [main] WARN  server.ServerUtils (ServerUtils.java:getDBPath(222)) - ozone.om.db.dirs is not configured. We recommend adding this setting. Falling back to ozone.metadata.dirs instead.
2019-09-26 10:47:07,603 [main] WARN  server.ServerUtils (ServerUtils.java:getDBPath(222)) - ozone.om.db.dirs is not configured. We recommend adding this setting. Falling back to ozone.metadata.dirs instead.
2019-09-26 10:47:07,603 [main] INFO  om.OzoneManager (OzoneManager.java:setOMNodeDetails(652)) - OM Service ID is not set. Setting it to the default ID: omServiceIdDefault
2019-09-26 10:47:07,604 [main] INFO  om.OzoneManager (OzoneManager.java:setOMNodeDetails(658)) - OM Node ID is not set. Setting it to the OmStorage's OmID: 058fca47-f16e-4c25-a91d-6c2dc4ef316b
2019-09-26 10:47:07,604 [main] INFO  om.OzoneManager (OzoneManager.java:loadOMHAConfigs(609)) - Found matching OM address with OMServiceId: null, OMNodeId: null, RPC Address: localhost:0 and Ratis port: 9872
2019-09-26 10:47:07,619 [main] WARN  server.ServerUtils (ServerUtils.java:getDBPath(222)) - ozone.om.db.dirs is not configured. We recommend adding this setting. Falling back to ozone.metadata.dirs instead.
2019-09-26 10:47:07,620 [main] INFO  db.DBStoreBuilder (DBStoreBuilder.java:addTable(110)) - using custom profile for table: userTable
2019-09-26 10:47:07,620 [main] INFO  db.DBStoreBuilder (DBStoreBuilder.java:processTables(161)) - Using default column profile:DBProfile.DISK for Table:userTable
2019-09-26 10:47:07,621 [main] INFO  db.DBStoreBuilder (DBStoreBuilder.java:addTable(110)) - using custom profile for table: volumeTable
2019-09-26 10:47:07,621 [main] INFO  db.DBStoreBuilder (DBStoreBuilder.java:processTables(161)) - Using default column profile:DBProfile.DISK for Table:volumeTable
2019-09-26 10:47:07,621 [main] INFO  db.DBStoreBuilder (DBStoreBuilder.java:addTable(110)) - using custom profile for table: bucketTable
2019-09-26 10:47:07,621 [main] INFO  db.DBStoreBuilder (DBStoreBuilder.java:processTables(161)) - Using default column profile:DBProfile.DISK for Table:bucketTable
2019-09-26 10:47:07,622 [main] INFO  db.DBStoreBuilder (DBStoreBuilder.java:addTable(110)) - using custom profile for table: keyTable
2019-09-26 10:47:07,622 [main] INFO  db.DBStoreBuilder (DBStoreBuilder.java:processTables(161)) - Using default column profile:DBProfile.DISK for Table:keyTable
2019-09-26 10:47:07,622 [main] INFO  db.DBStoreBuilder (DBStoreBuilder.java:addTable(110)) - using custom profile for table: deletedTable
2019-09-26 10:47:07,622 [main] INFO  db.DBStoreBuilder (DBStoreBuilder.java:processTables(161)) - Using default column profile:DBProfile.DISK for Table:deletedTable
2019-09-26 10:47:07,623 [main] INFO  db.DBStoreBuilder (DBStoreBuilder.java:addTable(110)) - using custom profile for table: openKeyTable
2019-09-26 10:47:07,623 [main] INFO  db.DBStoreBuilder (DBStoreBuilder.java:processTables(161)) - Using default column profile:DBProfile.DISK for Table:openKeyTable
2019-09-26 10:47:07,623 [main] INFO  db.DBStoreBuilder (DBStoreBuilder.java:addTable(110)) - using custom profile for table: s3Table
2019-09-26 10:47:07,624 [main] INFO  db.DBStoreBuilder (DBStoreBuilder.java:processTables(161)) - Using default column profile:DBProfile.DISK for Table:s3Table
2019-09-26 10:47:07,624 [main] INFO  db.DBStoreBuilder (DBStoreBuilder.java:addTable(110)) - using custom profile for table: multipartInfoTable
2019-09-26 10:47:07,624 [main] INFO  db.DBStoreBuilder (DBStoreBuilder.java:processTables(161)) - Using default column profile:DBProfile.DISK for Table:multipartInfoTable
2019-09-26 10:47:07,625 [main] INFO  db.DBStoreBuilder (DBStoreBuilder.java:addTable(110)) - using custom profile for table: dTokenTable
2019-09-26 10:47:07,625 [main] INFO  db.DBStoreBuilder (DBStoreBuilder.java:processTables(161)) - Using default column profile:DBProfile.DISK for Table:dTokenTable
2019-09-26 10:47:07,625 [main] INFO  db.DBStoreBuilder (DBStoreBuilder.java:addTable(110)) - using custom profile for table: s3SecretTable
2019-09-26 10:47:07,625 [main] INFO  db.DBStoreBuilder (DBStoreBuilder.java:processTables(161)) - Using default column profile:DBProfile.DISK for Table:s3SecretTable
2019-09-26 10:47:07,626 [main] INFO  db.DBStoreBuilder (DBStoreBuilder.java:addTable(110)) - using custom profile for table: prefixTable
2019-09-26 10:47:07,626 [main] INFO  db.DBStoreBuilder (DBStoreBuilder.java:processTables(161)) - Using default column profile:DBProfile.DISK for Table:prefixTable
2019-09-26 10:47:07,626 [main] INFO  db.DBStoreBuilder (DBStoreBuilder.java:addTable(110)) - using custom profile for table: default
2019-09-26 10:47:07,627 [main] INFO  db.DBStoreBuilder (DBStoreBuilder.java:processTables(167)) - Using default column profile:DBProfile.DISK for Table:default
2019-09-26 10:47:07,627 [main] INFO  db.DBStoreBuilder (DBStoreBuilder.java:getDbProfile(198)) - Using default options. DBProfile.DISK
2019-09-26 10:47:08,182 [main] INFO  ipc.CallQueueManager (CallQueueManager.java:<init>(84)) - Using callQueue: class java.util.concurrent.LinkedBlockingQueue, queueCapacity: 2000, scheduler: class org.apache.hadoop.ipc.DefaultRpcScheduler, ipcBackoff: false.
2019-09-26 10:47:08,183 [Socket Reader #1 for port 45521] INFO  ipc.Server (Server.java:run(1074)) - Starting Socket Reader #1 for port 45521
2019-09-26 10:47:08,215 [main] INFO  om.OzoneManager (OzoneManager.java:start(1243)) - OzoneManager RPC server is listening at localhost/127.0.0.1:45521
2019-09-26 10:47:08,216 [main] INFO  impl.MetricsSystemImpl (MetricsSystemImpl.java:init(158)) - OzoneManager metrics system started (again)
2019-09-26 10:47:08,218 [IPC Server Responder] INFO  ipc.Server (Server.java:run(1314)) - IPC Server Responder: starting
2019-09-26 10:47:08,218 [IPC Server listener on 45521] INFO  ipc.Server (Server.java:run(1153)) - IPC Server listener on 45521: starting
2019-09-26 10:47:08,226 [main] INFO  hdfs.DFSUtil (DFSUtil.java:httpServerTemplateForNNAndJN(1641)) - Starting Web-server for ozoneManager at: http://0.0.0.0:0
2019-09-26 10:47:08,230 [main] INFO  server.AuthenticationFilter (AuthenticationFilter.java:constructSecretProvider(240)) - Unable to initialize FileSignerSecretProvider, falling back to use random secrets.
2019-09-26 10:47:08,231 [main] WARN  http.HttpRequestLog (HttpRequestLog.java:getRequestLog(97)) - Jetty request log can only be enabled using Log4j
2019-09-26 10:47:08,234 [main] INFO  http.HttpServer2 (HttpServer2.java:addGlobalFilter(975)) - Added global filter 'safety' (class=org.apache.hadoop.http.HttpServer2$QuotingInputFilter)
2019-09-26 10:47:08,235 [main] INFO  http.HttpServer2 (HttpServer2.java:addFilter(948)) - Added filter static_user_filter (class=org.apache.hadoop.http.lib.StaticUserWebFilter$StaticUserFilter) to context ozoneManager
2019-09-26 10:47:08,235 [main] INFO  http.HttpServer2 (HttpServer2.java:addFilter(958)) - Added filter static_user_filter (class=org.apache.hadoop.http.lib.StaticUserWebFilter$StaticUserFilter) to context static
2019-09-26 10:47:08,236 [main] INFO  http.HttpServer2 (HttpServer2.java:addFilter(958)) - Added filter static_user_filter (class=org.apache.hadoop.http.lib.StaticUserWebFilter$StaticUserFilter) to context logs
2019-09-26 10:47:08,237 [main] INFO  http.HttpServer2 (HttpServer2.java:bindListener(1191)) - Jetty bound to port 46339
2019-09-26 10:47:08,238 [main] INFO  server.Server (Server.java:doStart(351)) - jetty-9.3.25.v20180904, build timestamp: 2018-09-04T21:11:46Z, git hash: 3ce520221d0240229c862b122d2b06c12a625732
2019-09-26 10:47:08,240 [main] INFO  handler.ContextHandler (ContextHandler.java:doStart(781)) - Started o.e.j.s.ServletContextHandler@7c8874ef{/logs,file:///workdir/hadoop-ozone/ozonefs/target/log,AVAILABLE}
2019-09-26 10:47:08,241 [main] INFO  handler.ContextHandler (ContextHandler.java:doStart(781)) - Started o.e.j.s.ServletContextHandler@77a0dd63{/static,jar:file:/home/user/.m2/repository/org/apache/hadoop/hadoop-ozone-ozone-manager/0.5.0-SNAPSHOT/hadoop-ozone-ozone-manager-0.5.0-SNAPSHOT.jar!/webapps/static,AVAILABLE}
2019-09-26 10:47:08,302 [main] INFO  handler.ContextHandler (ContextHandler.java:doStart(781)) - Started o.e.j.w.WebAppContext@34a20f16{/,file:///tmp/jetty-0.0.0.0-46339-ozoneManager-_-any-214430865566680546.dir/webapp/,AVAILABLE}{/ozoneManager}
2019-09-26 10:47:08,303 [main] INFO  server.AbstractConnector (AbstractConnector.java:doStart(278)) - Started ServerConnector@496cc217{HTTP/1.1,[http/1.1]}{0.0.0.0:46339}
2019-09-26 10:47:08,305 [main] INFO  server.Server (Server.java:doStart(419)) - Started @91896ms
2019-09-26 10:47:08,305 [main] WARN  impl.MetricsSystemImpl (MetricsSystemImpl.java:register(276)) - Sink prometheus already exists!
2019-09-26 10:47:08,305 [main] INFO  server.BaseHttpServer (BaseHttpServer.java:updateConnectorAddress(215)) - HTTP server of OZONEMANAGER is listening at http://0.0.0.0:46339
2019-09-26 10:47:08,315 [main] INFO  impl.MetricsSystemImpl (MetricsSystemImpl.java:init(158)) - HddsDatanode metrics system started (again)
2019-09-26 10:47:08,320 [main] INFO  ozone.HddsDatanodeService (HddsDatanodeService.java:start(184)) - HddsDatanodeService host:pr-hdds-1569-wvzgm-824869521 ip:192.168.30.13
2019-09-26 10:47:08,329 [main] INFO  volume.HddsVolume (HddsVolume.java:<init>(176)) - Creating Volume: /workdir/hadoop-ozone/ozonefs/target/test-dir/MiniOzoneClusterImpl-23841092-02d4-48e3-9aa2-56bb3a45a661/datanode-0/data/containers/hdds of  storage type : DISK and capacity : 1482555576320
2019-09-26 10:47:08,329 [main] INFO  volume.VolumeSet (VolumeSet.java:initializeVolumeSet(170)) - Added Volume : /workdir/hadoop-ozone/ozonefs/target/test-dir/MiniOzoneClusterImpl-23841092-02d4-48e3-9aa2-56bb3a45a661/datanode-0/data/containers/hdds to VolumeSet
2019-09-26 10:47:08,330 [main] INFO  volume.ThrottledAsyncChecker (ThrottledAsyncChecker.java:schedule(139)) - Scheduling a check for org.apache.hadoop.ozone.container.common.volume.HddsVolume@1788cb61
2019-09-26 10:47:08,331 [main] INFO  volume.HddsVolumeChecker (HddsVolumeChecker.java:checkAllVolumes(202)) - Scheduled health check for volume org.apache.hadoop.ozone.container.common.volume.HddsVolume@1788cb61
2019-09-26 10:47:08,368 [main] INFO  impl.RaftServerProxy (ConfUtils.java:logGet(43)) - raft.rpc.type = GRPC (default)
2019-09-26 10:47:08,369 [main] INFO  grpc.GrpcFactory (GrpcFactory.java:checkPooledByteBufAllocatorUseCacheForAllThreads(45)) - PERFORMANCE WARNING: useCacheForAllThreads is true that may cause Netty to create a lot garbage objects and, as a result, trigger GC.
	It is recommended to disable useCacheForAllThreads by setting -Dorg.apache.ratis.thirdparty.io.netty.allocator.useCacheForAllThreads=false in command line.
2019-09-26 10:47:08,369 [main] INFO  grpc.GrpcConfigKeys$Server (ConfUtils.java:logGet(43)) - raft.grpc.server.port = 0 (default)
2019-09-26 10:47:08,370 [main] INFO  server.GrpcService (ConfUtils.java:logGet(43)) - raft.grpc.message.size.max = 33570816 (custom)
2019-09-26 10:47:08,370 [main] INFO  server.RaftServerConfigKeys (ConfUtils.java:logGet(43)) - raft.server.log.appender.buffer.byte-limit = 33554432 (custom)
2019-09-26 10:47:08,371 [main] INFO  server.GrpcService (ConfUtils.java:logGet(43)) - raft.grpc.flow.control.window = 1MB (=1048576) (default)
2019-09-26 10:47:08,371 [main] INFO  server.RaftServerConfigKeys (ConfUtils.java:logGet(43)) - raft.server.rpc.request.timeout = 3000ms (default)
2019-09-26 10:47:08,373 [main] INFO  server.RaftServerConfigKeys (ConfUtils.java:logGet(43)) - raft.server.storage.dir = [/workdir/hadoop-ozone/ozonefs/target/test-dir/MiniOzoneClusterImpl-23841092-02d4-48e3-9aa2-56bb3a45a661/datanode-0/data/ratis] (custom)
2019-09-26 10:47:08,377 [main] INFO  hdfs.DFSUtil (DFSUtil.java:httpServerTemplateForNNAndJN(1641)) - Starting Web-server for hddsDatanode at: http://0.0.0.0:0
2019-09-26 10:47:08,380 [main] INFO  server.AuthenticationFilter (AuthenticationFilter.java:constructSecretProvider(240)) - Unable to initialize FileSignerSecretProvider, falling back to use random secrets.
2019-09-26 10:47:08,381 [main] WARN  http.HttpRequestLog (HttpRequestLog.java:getRequestLog(97)) - Jetty request log can only be enabled using Log4j
2019-09-26 10:47:08,385 [main] INFO  http.HttpServer2 (HttpServer2.java:addGlobalFilter(975)) - Added global filter 'safety' (class=org.apache.hadoop.http.HttpServer2$QuotingInputFilter)
2019-09-26 10:47:08,386 [main] INFO  http.HttpServer2 (HttpServer2.java:addFilter(948)) - Added filter static_user_filter (class=org.apache.hadoop.http.lib.StaticUserWebFilter$StaticUserFilter) to context hddsDatanode
2019-09-26 10:47:08,386 [main] INFO  http.HttpServer2 (HttpServer2.java:addFilter(958)) - Added filter static_user_filter (class=org.apache.hadoop.http.lib.StaticUserWebFilter$StaticUserFilter) to context logs
2019-09-26 10:47:08,387 [main] INFO  http.HttpServer2 (HttpServer2.java:addFilter(958)) - Added filter static_user_filter (class=org.apache.hadoop.http.lib.StaticUserWebFilter$StaticUserFilter) to context static
2019-09-26 10:47:08,388 [main] INFO  http.HttpServer2 (HttpServer2.java:bindListener(1191)) - Jetty bound to port 40265
2019-09-26 10:47:08,388 [main] INFO  server.Server (Server.java:doStart(351)) - jetty-9.3.25.v20180904, build timestamp: 2018-09-04T21:11:46Z, git hash: 3ce520221d0240229c862b122d2b06c12a625732
2019-09-26 10:47:08,391 [main] INFO  handler.ContextHandler (ContextHandler.java:doStart(781)) - Started o.e.j.s.ServletContextHandler@51e7589f{/logs,file:///workdir/hadoop-ozone/ozonefs/target/log,AVAILABLE}
2019-09-26 10:47:08,392 [main] INFO  handler.ContextHandler (ContextHandler.java:doStart(781)) - Started o.e.j.s.ServletContextHandler@42c12b3e{/static,jar:file:/home/user/.m2/repository/org/apache/hadoop/hadoop-hdds-container-service/0.5.0-SNAPSHOT/hadoop-hdds-container-service-0.5.0-SNAPSHOT.jar!/webapps/static,AVAILABLE}
2019-09-26 10:47:08,435 [main] INFO  handler.ContextHandler (ContextHandler.java:doStart(781)) - Started o.e.j.w.WebAppContext@69a40b3c{/,file:///tmp/jetty-0.0.0.0-40265-hddsDatanode-_-any-2129461411308004953.dir/webapp/,AVAILABLE}{/hddsDatanode}
2019-09-26 10:47:08,435 [main] INFO  server.AbstractConnector (AbstractConnector.java:doStart(278)) - Started ServerConnector@251c90f{HTTP/1.1,[http/1.1]}{0.0.0.0:40265}
2019-09-26 10:47:08,438 [main] INFO  server.Server (Server.java:doStart(419)) - Started @92029ms
2019-09-26 10:47:08,438 [main] WARN  impl.MetricsSystemImpl (MetricsSystemImpl.java:register(276)) - Sink prometheus already exists!
2019-09-26 10:47:08,439 [main] INFO  server.BaseHttpServer (BaseHttpServer.java:updateConnectorAddress(215)) - HTTP server of HDDSDATANODE is listening at http://0.0.0.0:40265
2019-09-26 10:47:08,439 [main] INFO  impl.MetricsSystemImpl (MetricsSystemImpl.java:init(158)) - HddsDatanode metrics system started (again)
2019-09-26 10:47:08,447 [org.apache.hadoop.util.JvmPauseMonitor$Monitor@497ab719] INFO  util.JvmPauseMonitor (JvmPauseMonitor.java:run(188)) - Starting JVM pause monitor
2019-09-26 10:47:08,448 [main] INFO  ozone.HddsDatanodeService (HddsDatanodeService.java:start(184)) - HddsDatanodeService host:pr-hdds-1569-wvzgm-824869521 ip:192.168.30.13
2019-09-26 10:47:08,458 [main] INFO  volume.HddsVolume (HddsVolume.java:<init>(176)) - Creating Volume: /workdir/hadoop-ozone/ozonefs/target/test-dir/MiniOzoneClusterImpl-23841092-02d4-48e3-9aa2-56bb3a45a661/datanode-1/data/containers/hdds of  storage type : DISK and capacity : 1482555576320
2019-09-26 10:47:08,459 [main] INFO  volume.VolumeSet (VolumeSet.java:initializeVolumeSet(170)) - Added Volume : /workdir/hadoop-ozone/ozonefs/target/test-dir/MiniOzoneClusterImpl-23841092-02d4-48e3-9aa2-56bb3a45a661/datanode-1/data/containers/hdds to VolumeSet
2019-09-26 10:47:08,459 [main] INFO  volume.ThrottledAsyncChecker (ThrottledAsyncChecker.java:schedule(139)) - Scheduling a check for org.apache.hadoop.ozone.container.common.volume.HddsVolume@50bc3219
2019-09-26 10:47:08,460 [Datanode State Machine Thread - 0] INFO  datanode.InitDatanodeState (InitDatanodeState.java:persistContainerDatanodeDetails(140)) - DatanodeDetails is persisted to /workdir/hadoop-ozone/ozonefs/target/test-dir/MiniOzoneClusterImpl-23841092-02d4-48e3-9aa2-56bb3a45a661/datanode-0/meta/datanode.id
2019-09-26 10:47:08,460 [main] INFO  volume.HddsVolumeChecker (HddsVolumeChecker.java:checkAllVolumes(202)) - Scheduled health check for volume org.apache.hadoop.ozone.container.common.volume.HddsVolume@50bc3219
2019-09-26 10:47:08,488 [main] INFO  impl.RaftServerProxy (ConfUtils.java:logGet(43)) - raft.rpc.type = GRPC (default)
2019-09-26 10:47:08,488 [main] INFO  grpc.GrpcFactory (GrpcFactory.java:checkPooledByteBufAllocatorUseCacheForAllThreads(45)) - PERFORMANCE WARNING: useCacheForAllThreads is true that may cause Netty to create a lot garbage objects and, as a result, trigger GC.
	It is recommended to disable useCacheForAllThreads by setting -Dorg.apache.ratis.thirdparty.io.netty.allocator.useCacheForAllThreads=false in command line.
2019-09-26 10:47:08,488 [main] INFO  grpc.GrpcConfigKeys$Server (ConfUtils.java:logGet(43)) - raft.grpc.server.port = 0 (default)
2019-09-26 10:47:08,488 [main] INFO  server.GrpcService (ConfUtils.java:logGet(43)) - raft.grpc.message.size.max = 33570816 (custom)
2019-09-26 10:47:08,489 [main] INFO  server.RaftServerConfigKeys (ConfUtils.java:logGet(43)) - raft.server.log.appender.buffer.byte-limit = 33554432 (custom)
2019-09-26 10:47:08,489 [main] INFO  server.GrpcService (ConfUtils.java:logGet(43)) - raft.grpc.flow.control.window = 1MB (=1048576) (default)
2019-09-26 10:47:08,489 [main] INFO  server.RaftServerConfigKeys (ConfUtils.java:logGet(43)) - raft.server.rpc.request.timeout = 3000ms (default)
2019-09-26 10:47:08,490 [main] INFO  server.RaftServerConfigKeys (ConfUtils.java:logGet(43)) - raft.server.storage.dir = [/workdir/hadoop-ozone/ozonefs/target/test-dir/MiniOzoneClusterImpl-23841092-02d4-48e3-9aa2-56bb3a45a661/datanode-1/data/ratis] (custom)
2019-09-26 10:47:08,492 [main] INFO  hdfs.DFSUtil (DFSUtil.java:httpServerTemplateForNNAndJN(1641)) - Starting Web-server for hddsDatanode at: http://0.0.0.0:0
2019-09-26 10:47:08,494 [main] INFO  server.AuthenticationFilter (AuthenticationFilter.java:constructSecretProvider(240)) - Unable to initialize FileSignerSecretProvider, falling back to use random secrets.
2019-09-26 10:47:08,495 [main] WARN  http.HttpRequestLog (HttpRequestLog.java:getRequestLog(97)) - Jetty request log can only be enabled using Log4j
2019-09-26 10:47:08,498 [main] INFO  http.HttpServer2 (HttpServer2.java:addGlobalFilter(975)) - Added global filter 'safety' (class=org.apache.hadoop.http.HttpServer2$QuotingInputFilter)
2019-09-26 10:47:08,499 [main] INFO  http.HttpServer2 (HttpServer2.java:addFilter(948)) - Added filter static_user_filter (class=org.apache.hadoop.http.lib.StaticUserWebFilter$StaticUserFilter) to context hddsDatanode
2019-09-26 10:47:08,499 [main] INFO  http.HttpServer2 (HttpServer2.java:addFilter(958)) - Added filter static_user_filter (class=org.apache.hadoop.http.lib.StaticUserWebFilter$StaticUserFilter) to context logs
2019-09-26 10:47:08,499 [main] INFO  http.HttpServer2 (HttpServer2.java:addFilter(958)) - Added filter static_user_filter (class=org.apache.hadoop.http.lib.StaticUserWebFilter$StaticUserFilter) to context static
2019-09-26 10:47:08,500 [main] INFO  http.HttpServer2 (HttpServer2.java:bindListener(1191)) - Jetty bound to port 33322
2019-09-26 10:47:08,501 [main] INFO  server.Server (Server.java:doStart(351)) - jetty-9.3.25.v20180904, build timestamp: 2018-09-04T21:11:46Z, git hash: 3ce520221d0240229c862b122d2b06c12a625732
2019-09-26 10:47:08,503 [main] INFO  handler.ContextHandler (ContextHandler.java:doStart(781)) - Started o.e.j.s.ServletContextHandler@740b9a50{/logs,file:///workdir/hadoop-ozone/ozonefs/target/log,AVAILABLE}
2019-09-26 10:47:08,504 [main] INFO  handler.ContextHandler (ContextHandler.java:doStart(781)) - Started o.e.j.s.ServletContextHandler@5111de7c{/static,jar:file:/home/user/.m2/repository/org/apache/hadoop/hadoop-hdds-container-service/0.5.0-SNAPSHOT/hadoop-hdds-container-service-0.5.0-SNAPSHOT.jar!/webapps/static,AVAILABLE}
2019-09-26 10:47:08,550 [main] INFO  handler.ContextHandler (ContextHandler.java:doStart(781)) - Started o.e.j.w.WebAppContext@448462f0{/,file:///tmp/jetty-0.0.0.0-33322-hddsDatanode-_-any-8094756659630386841.dir/webapp/,AVAILABLE}{/hddsDatanode}
2019-09-26 10:47:08,551 [main] INFO  server.AbstractConnector (AbstractConnector.java:doStart(278)) - Started ServerConnector@787988f4{HTTP/1.1,[http/1.1]}{0.0.0.0:33322}
2019-09-26 10:47:08,553 [main] INFO  server.Server (Server.java:doStart(419)) - Started @92145ms
2019-09-26 10:47:08,554 [main] WARN  impl.MetricsSystemImpl (MetricsSystemImpl.java:register(276)) - Sink prometheus already exists!
2019-09-26 10:47:08,555 [main] INFO  server.BaseHttpServer (BaseHttpServer.java:updateConnectorAddress(215)) - HTTP server of HDDSDATANODE is listening at http://0.0.0.0:33322
2019-09-26 10:47:08,555 [main] INFO  impl.MetricsSystemImpl (MetricsSystemImpl.java:init(158)) - HddsDatanode metrics system started (again)
2019-09-26 10:47:08,563 [org.apache.hadoop.util.JvmPauseMonitor$Monitor@ceeb9ee] INFO  util.JvmPauseMonitor (JvmPauseMonitor.java:run(188)) - Starting JVM pause monitor
2019-09-26 10:47:08,565 [main] INFO  ozone.HddsDatanodeService (HddsDatanodeService.java:start(184)) - HddsDatanodeService host:pr-hdds-1569-wvzgm-824869521 ip:192.168.30.13
2019-09-26 10:47:08,565 [Datanode State Machine Thread - 0] INFO  datanode.InitDatanodeState (InitDatanodeState.java:persistContainerDatanodeDetails(140)) - DatanodeDetails is persisted to /workdir/hadoop-ozone/ozonefs/target/test-dir/MiniOzoneClusterImpl-23841092-02d4-48e3-9aa2-56bb3a45a661/datanode-1/meta/datanode.id
2019-09-26 10:47:08,574 [main] INFO  volume.HddsVolume (HddsVolume.java:<init>(176)) - Creating Volume: /workdir/hadoop-ozone/ozonefs/target/test-dir/MiniOzoneClusterImpl-23841092-02d4-48e3-9aa2-56bb3a45a661/datanode-2/data/containers/hdds of  storage type : DISK and capacity : 1482555576320
2019-09-26 10:47:08,574 [main] INFO  volume.VolumeSet (VolumeSet.java:initializeVolumeSet(170)) - Added Volume : /workdir/hadoop-ozone/ozonefs/target/test-dir/MiniOzoneClusterImpl-23841092-02d4-48e3-9aa2-56bb3a45a661/datanode-2/data/containers/hdds to VolumeSet
2019-09-26 10:47:08,574 [main] INFO  volume.ThrottledAsyncChecker (ThrottledAsyncChecker.java:schedule(139)) - Scheduling a check for org.apache.hadoop.ozone.container.common.volume.HddsVolume@4aaecabd
2019-09-26 10:47:08,575 [main] INFO  volume.HddsVolumeChecker (HddsVolumeChecker.java:checkAllVolumes(202)) - Scheduled health check for volume org.apache.hadoop.ozone.container.common.volume.HddsVolume@4aaecabd
2019-09-26 10:47:08,608 [main] INFO  impl.RaftServerProxy (ConfUtils.java:logGet(43)) - raft.rpc.type = GRPC (default)
2019-09-26 10:47:08,608 [main] INFO  grpc.GrpcFactory (GrpcFactory.java:checkPooledByteBufAllocatorUseCacheForAllThreads(45)) - PERFORMANCE WARNING: useCacheForAllThreads is true that may cause Netty to create a lot garbage objects and, as a result, trigger GC.
	It is recommended to disable useCacheForAllThreads by setting -Dorg.apache.ratis.thirdparty.io.netty.allocator.useCacheForAllThreads=false in command line.
2019-09-26 10:47:08,608 [main] INFO  grpc.GrpcConfigKeys$Server (ConfUtils.java:logGet(43)) - raft.grpc.server.port = 0 (default)
2019-09-26 10:47:08,609 [main] INFO  server.GrpcService (ConfUtils.java:logGet(43)) - raft.grpc.message.size.max = 33570816 (custom)
2019-09-26 10:47:08,609 [main] INFO  server.RaftServerConfigKeys (ConfUtils.java:logGet(43)) - raft.server.log.appender.buffer.byte-limit = 33554432 (custom)
2019-09-26 10:47:08,609 [main] INFO  server.GrpcService (ConfUtils.java:logGet(43)) - raft.grpc.flow.control.window = 1MB (=1048576) (default)
2019-09-26 10:47:08,610 [main] INFO  server.RaftServerConfigKeys (ConfUtils.java:logGet(43)) - raft.server.rpc.request.timeout = 3000ms (default)
2019-09-26 10:47:08,610 [main] INFO  server.RaftServerConfigKeys (ConfUtils.java:logGet(43)) - raft.server.storage.dir = [/workdir/hadoop-ozone/ozonefs/target/test-dir/MiniOzoneClusterImpl-23841092-02d4-48e3-9aa2-56bb3a45a661/datanode-2/data/ratis] (custom)
2019-09-26 10:47:08,612 [main] INFO  hdfs.DFSUtil (DFSUtil.java:httpServerTemplateForNNAndJN(1641)) - Starting Web-server for hddsDatanode at: http://0.0.0.0:0
2019-09-26 10:47:08,615 [main] INFO  server.AuthenticationFilter (AuthenticationFilter.java:constructSecretProvider(240)) - Unable to initialize FileSignerSecretProvider, falling back to use random secrets.
2019-09-26 10:47:08,616 [main] WARN  http.HttpRequestLog (HttpRequestLog.java:getRequestLog(97)) - Jetty request log can only be enabled using Log4j
2019-09-26 10:47:08,619 [main] INFO  http.HttpServer2 (HttpServer2.java:addGlobalFilter(975)) - Added global filter 'safety' (class=org.apache.hadoop.http.HttpServer2$QuotingInputFilter)
2019-09-26 10:47:08,620 [main] INFO  http.HttpServer2 (HttpServer2.java:addFilter(948)) - Added filter static_user_filter (class=org.apache.hadoop.http.lib.StaticUserWebFilter$StaticUserFilter) to context hddsDatanode
2019-09-26 10:47:08,620 [main] INFO  http.HttpServer2 (HttpServer2.java:addFilter(958)) - Added filter static_user_filter (class=org.apache.hadoop.http.lib.StaticUserWebFilter$StaticUserFilter) to context static
2019-09-26 10:47:08,621 [main] INFO  http.HttpServer2 (HttpServer2.java:addFilter(958)) - Added filter static_user_filter (class=org.apache.hadoop.http.lib.StaticUserWebFilter$StaticUserFilter) to context logs
2019-09-26 10:47:08,622 [main] INFO  http.HttpServer2 (HttpServer2.java:bindListener(1191)) - Jetty bound to port 35465
2019-09-26 10:47:08,622 [main] INFO  server.Server (Server.java:doStart(351)) - jetty-9.3.25.v20180904, build timestamp: 2018-09-04T21:11:46Z, git hash: 3ce520221d0240229c862b122d2b06c12a625732
2019-09-26 10:47:08,625 [main] INFO  handler.ContextHandler (ContextHandler.java:doStart(781)) - Started o.e.j.s.ServletContextHandler@3e14d390{/logs,file:///workdir/hadoop-ozone/ozonefs/target/log,AVAILABLE}
2019-09-26 10:47:08,626 [main] INFO  handler.ContextHandler (ContextHandler.java:doStart(781)) - Started o.e.j.s.ServletContextHandler@2b999ee8{/static,jar:file:/home/user/.m2/repository/org/apache/hadoop/hadoop-hdds-container-service/0.5.0-SNAPSHOT/hadoop-hdds-container-service-0.5.0-SNAPSHOT.jar!/webapps/static,AVAILABLE}
2019-09-26 10:47:08,668 [main] INFO  handler.ContextHandler (ContextHandler.java:doStart(781)) - Started o.e.j.w.WebAppContext@682e422c{/,file:///tmp/jetty-0.0.0.0-35465-hddsDatanode-_-any-7464634505844887576.dir/webapp/,AVAILABLE}{/hddsDatanode}
2019-09-26 10:47:08,669 [main] INFO  server.AbstractConnector (AbstractConnector.java:doStart(278)) - Started ServerConnector@5bb8e6fc{HTTP/1.1,[http/1.1]}{0.0.0.0:35465}
2019-09-26 10:47:08,670 [main] INFO  server.Server (Server.java:doStart(419)) - Started @92262ms
2019-09-26 10:47:08,671 [main] WARN  impl.MetricsSystemImpl (MetricsSystemImpl.java:register(276)) - Sink prometheus already exists!
2019-09-26 10:47:08,672 [main] INFO  server.BaseHttpServer (BaseHttpServer.java:updateConnectorAddress(215)) - HTTP server of HDDSDATANODE is listening at http://0.0.0.0:35465
2019-09-26 10:47:08,672 [main] INFO  ozone.MiniOzoneClusterImpl (MiniOzoneClusterImpl.java:lambda$waitForClusterToBeReady$0(147)) - Waiting for cluster to be ready. Got 0 of 3 DN Heartbeats.
2019-09-26 10:47:08,674 [org.apache.hadoop.util.JvmPauseMonitor$Monitor@39b7b149] INFO  util.JvmPauseMonitor (JvmPauseMonitor.java:run(188)) - Starting JVM pause monitor
2019-09-26 10:47:08,676 [Datanode State Machine Thread - 0] INFO  datanode.InitDatanodeState (InitDatanodeState.java:persistContainerDatanodeDetails(140)) - DatanodeDetails is persisted to /workdir/hadoop-ozone/ozonefs/target/test-dir/MiniOzoneClusterImpl-23841092-02d4-48e3-9aa2-56bb3a45a661/datanode-2/meta/datanode.id
2019-09-26 10:47:09,673 [main] INFO  ozone.MiniOzoneClusterImpl (MiniOzoneClusterImpl.java:lambda$waitForClusterToBeReady$0(147)) - Waiting for cluster to be ready. Got 0 of 3 DN Heartbeats.
2019-09-26 10:47:10,472 [Datanode State Machine Thread - 0] INFO  ozoneimpl.OzoneContainer (OzoneContainer.java:start(217)) - Attempting to start container services.
2019-09-26 10:47:10,474 [Datanode State Machine Thread - 0] INFO  ozoneimpl.OzoneContainer (OzoneContainer.java:startContainerScrub(179)) - Background container scanner has been disabled.
2019-09-26 10:47:10,474 [Datanode State Machine Thread - 0] INFO  ratis.XceiverServerRatis (XceiverServerRatis.java:start(411)) - Starting XceiverServerRatis 44cef61c-6e91-4f77-a22d-f8f1d1e33555 at port 0
2019-09-26 10:47:10,483 [Datanode State Machine Thread - 0] INFO  impl.RaftServerProxy (RaftServerProxy.java:lambda$start$3(299)) - 44cef61c-6e91-4f77-a22d-f8f1d1e33555: start RPC server
2019-09-26 10:47:10,487 [Datanode State Machine Thread - 0] INFO  server.GrpcService (GrpcService.java:startImpl(158)) - 44cef61c-6e91-4f77-a22d-f8f1d1e33555: GrpcService started, listening on 0.0.0.0/0.0.0.0:44120
2019-09-26 10:47:10,487 [Datanode State Machine Thread - 0] INFO  ratis.XceiverServerRatis (XceiverServerRatis.java:start(421)) - XceiverServerRatis 44cef61c-6e91-4f77-a22d-f8f1d1e33555 is started using port 44120
2019-09-26 10:47:10,488 [Datanode State Machine Thread - 0] INFO  server.XceiverServerGrpc (XceiverServerGrpc.java:start(149)) - XceiverServerGrpc 44cef61c-6e91-4f77-a22d-f8f1d1e33555 is started using port 34375
2019-09-26 10:47:10,577 [Datanode State Machine Thread - 0] INFO  ozoneimpl.OzoneContainer (OzoneContainer.java:start(217)) - Attempting to start container services.
2019-09-26 10:47:10,578 [Datanode State Machine Thread - 0] INFO  ozoneimpl.OzoneContainer (OzoneContainer.java:startContainerScrub(179)) - Background container scanner has been disabled.
2019-09-26 10:47:10,578 [Datanode State Machine Thread - 0] INFO  ratis.XceiverServerRatis (XceiverServerRatis.java:start(411)) - Starting XceiverServerRatis cd1fcbfa-944d-480b-9151-445d9a18536b at port 0
2019-09-26 10:47:10,585 [Datanode State Machine Thread - 0] INFO  impl.RaftServerProxy (RaftServerProxy.java:lambda$start$3(299)) - cd1fcbfa-944d-480b-9151-445d9a18536b: start RPC server
2019-09-26 10:47:10,586 [Datanode State Machine Thread - 0] INFO  server.GrpcService (GrpcService.java:startImpl(158)) - cd1fcbfa-944d-480b-9151-445d9a18536b: GrpcService started, listening on 0.0.0.0/0.0.0.0:42343
2019-09-26 10:47:10,586 [Datanode State Machine Thread - 0] INFO  ratis.XceiverServerRatis (XceiverServerRatis.java:start(421)) - XceiverServerRatis cd1fcbfa-944d-480b-9151-445d9a18536b is started using port 42343
2019-09-26 10:47:10,587 [Datanode State Machine Thread - 0] INFO  server.XceiverServerGrpc (XceiverServerGrpc.java:start(149)) - XceiverServerGrpc cd1fcbfa-944d-480b-9151-445d9a18536b is started using port 34753
2019-09-26 10:47:10,674 [main] INFO  ozone.MiniOzoneClusterImpl (MiniOzoneClusterImpl.java:lambda$waitForClusterToBeReady$0(147)) - Waiting for cluster to be ready. Got 0 of 3 DN Heartbeats.
2019-09-26 10:47:10,702 [Datanode State Machine Thread - 0] INFO  ozoneimpl.OzoneContainer (OzoneContainer.java:start(217)) - Attempting to start container services.
2019-09-26 10:47:10,702 [Datanode State Machine Thread - 0] INFO  ozoneimpl.OzoneContainer (OzoneContainer.java:startContainerScrub(179)) - Background container scanner has been disabled.
2019-09-26 10:47:10,702 [Datanode State Machine Thread - 0] INFO  ratis.XceiverServerRatis (XceiverServerRatis.java:start(411)) - Starting XceiverServerRatis 07700029-8fba-42bd-b1f5-1a847d21eaf0 at port 0
2019-09-26 10:47:10,711 [Datanode State Machine Thread - 0] INFO  impl.RaftServerProxy (RaftServerProxy.java:lambda$start$3(299)) - 07700029-8fba-42bd-b1f5-1a847d21eaf0: start RPC server
2019-09-26 10:47:10,714 [Datanode State Machine Thread - 0] INFO  server.GrpcService (GrpcService.java:startImpl(158)) - 07700029-8fba-42bd-b1f5-1a847d21eaf0: GrpcService started, listening on 0.0.0.0/0.0.0.0:37310
2019-09-26 10:47:10,715 [Datanode State Machine Thread - 0] INFO  ratis.XceiverServerRatis (XceiverServerRatis.java:start(421)) - XceiverServerRatis 07700029-8fba-42bd-b1f5-1a847d21eaf0 is started using port 37310
2019-09-26 10:47:10,715 [Datanode State Machine Thread - 0] INFO  server.XceiverServerGrpc (XceiverServerGrpc.java:start(149)) - XceiverServerGrpc 07700029-8fba-42bd-b1f5-1a847d21eaf0 is started using port 40135
2019-09-26 10:47:11,674 [main] INFO  ozone.MiniOzoneClusterImpl (MiniOzoneClusterImpl.java:lambda$waitForClusterToBeReady$0(147)) - Waiting for cluster to be ready. Got 0 of 3 DN Heartbeats.
2019-09-26 10:47:12,452 [IPC Server handler 3 on 44288] INFO  net.NetworkTopology (NetworkTopologyImpl.java:add(111)) - Added a new node: /default-rack/44cef61c-6e91-4f77-a22d-f8f1d1e33555
2019-09-26 10:47:12,454 [IPC Server handler 3 on 44288] INFO  node.SCMNodeManager (SCMNodeManager.java:register(266)) - Registered Data node : 44cef61c-6e91-4f77-a22d-f8f1d1e33555{ip: 192.168.30.13, host: pr-hdds-1569-wvzgm-824869521, networkLocation: /default-rack, certSerialId: null}
2019-09-26 10:47:12,456 [EventQueue-NodeRegistrationContainerReportForDataNodeSafeModeRule] INFO  safemode.SCMSafeModeManager (DataNodeSafeModeRule.java:process(71)) - SCM in safe mode. 1 DataNodes registered, 1 required.
2019-09-26 10:47:12,458 [EventQueue-NodeRegistrationContainerReportForDataNodeSafeModeRule] INFO  safemode.SCMSafeModeManager (SCMSafeModeManager.java:validateSafeModeExitRules(177)) - ScmSafeModeManager, all rules are successfully validated
2019-09-26 10:47:12,458 [EventQueue-NodeRegistrationContainerReportForDataNodeSafeModeRule] INFO  safemode.SCMSafeModeManager (SCMSafeModeManager.java:exitSafeMode(193)) - SCM exiting safe mode.
2019-09-26 10:47:12,474 [grpc-default-executor-0] INFO  impl.RaftServerProxy (RaftServerProxy.java:addNew(89)) - 44cef61c-6e91-4f77-a22d-f8f1d1e33555: addNew group-77EA6954728A:[44cef61c-6e91-4f77-a22d-f8f1d1e33555:192.168.30.13:44120] returns group-77EA6954728A:java.util.concurrent.CompletableFuture@4d745363[Not completed]
2019-09-26 10:47:12,476 [pool-277-thread-1] INFO  impl.RaftServerImpl (RaftServerImpl.java:<init>(95)) - 44cef61c-6e91-4f77-a22d-f8f1d1e33555: new RaftServerImpl for group-77EA6954728A:[44cef61c-6e91-4f77-a22d-f8f1d1e33555:192.168.30.13:44120] with ContainerStateMachine:uninitialized
2019-09-26 10:47:12,476 [pool-277-thread-1] INFO  server.RaftServerConfigKeys (ConfUtils.java:logGet(43)) - raft.server.rpc.timeout.min = 5s (custom)
2019-09-26 10:47:12,476 [pool-277-thread-1] INFO  server.RaftServerConfigKeys (ConfUtils.java:logGet(43)) - raft.server.rpc.timeout.max = 5200ms (custom)
2019-09-26 10:47:12,476 [pool-277-thread-1] INFO  server.RaftServerConfigKeys (ConfUtils.java:logGet(43)) - raft.server.rpcslowness.timeout = 120s (custom)
2019-09-26 10:47:12,476 [pool-277-thread-1] INFO  server.RaftServerConfigKeys (ConfUtils.java:logGet(43)) - raft.server.sleep.deviation.threshold = 300 (default)
2019-09-26 10:47:12,477 [pool-277-thread-1] INFO  server.RaftServerConfigKeys (ConfUtils.java:logGet(43)) - raft.server.log.appender.install.snapshot.enabled = false (custom)
2019-09-26 10:47:12,477 [pool-277-thread-1] INFO  impl.RaftServerImpl (ServerState.java:<init>(103)) - 44cef61c-6e91-4f77-a22d-f8f1d1e33555@group-77EA6954728A: ConfigurationManager, init=-1: [44cef61c-6e91-4f77-a22d-f8f1d1e33555:192.168.30.13:44120], old=null, confs=<EMPTY_MAP>
2019-09-26 10:47:12,477 [pool-277-thread-1] INFO  server.RaftServerConfigKeys (ConfUtils.java:logGet(43)) - raft.server.storage.dir = [/workdir/hadoop-ozone/ozonefs/target/test-dir/MiniOzoneClusterImpl-23841092-02d4-48e3-9aa2-56bb3a45a661/datanode-0/data/ratis] (custom)
2019-09-26 10:47:12,478 [pool-277-thread-1] INFO  storage.RaftStorageDirectory (RaftStorageDirectory.java:analyzeStorage(246)) - The storage directory /workdir/hadoop-ozone/ozonefs/target/test-dir/MiniOzoneClusterImpl-23841092-02d4-48e3-9aa2-56bb3a45a661/datanode-0/data/ratis/90c085aa-c977-48a1-b3b3-77ea6954728a does not exist. Creating ...
2019-09-26 10:47:12,499 [pool-277-thread-1] INFO  storage.RaftStorageDirectory (RaftStorageDirectory.java:tryLock(328)) - Lock on /workdir/hadoop-ozone/ozonefs/target/test-dir/MiniOzoneClusterImpl-23841092-02d4-48e3-9aa2-56bb3a45a661/datanode-0/data/ratis/90c085aa-c977-48a1-b3b3-77ea6954728a/in_use.lock acquired by nodename 17018@pr-hdds-1569-wvzgm-824869521
2019-09-26 10:47:12,512 [pool-277-thread-1] INFO  storage.RaftStorage (RaftStorage.java:format(72)) - Storage directory /workdir/hadoop-ozone/ozonefs/target/test-dir/MiniOzoneClusterImpl-23841092-02d4-48e3-9aa2-56bb3a45a661/datanode-0/data/ratis/90c085aa-c977-48a1-b3b3-77ea6954728a has been successfully formatted.
2019-09-26 10:47:12,513 [pool-277-thread-1] INFO  ratis.ContainerStateMachine (ContainerStateMachine.java:loadSnapshot(230)) - group-77EA6954728A: The snapshot info is null. Setting the last applied indexto:(t:0, i:~)
2019-09-26 10:47:12,513 [pool-277-thread-1] INFO  server.RaftServerConfigKeys (ConfUtils.java:logGet(43)) - raft.server.notification.no-leader.timeout = 120s (custom)
2019-09-26 10:47:12,513 [pool-277-thread-1] INFO  server.RaftServerConfigKeys (ConfUtils.java:logGet(43)) - raft.server.log.use.memory = false (default)
2019-09-26 10:47:12,513 [pool-277-thread-1] INFO  server.RaftServerConfigKeys (ConfUtils.java:logGet(43)) - raft.server.log.purge.gap = 1000000 (custom)
2019-09-26 10:47:12,513 [pool-277-thread-1] INFO  server.RaftServerConfigKeys (ConfUtils.java:logGet(43)) - raft.server.log.appender.buffer.byte-limit = 33554432 (custom)
2019-09-26 10:47:12,514 [pool-277-thread-1] INFO  server.RaftServerConfigKeys (ConfUtils.java:logGet(43)) - raft.server.log.segment.size.max = 1048576 (custom)
2019-09-26 10:47:12,514 [pool-277-thread-1] INFO  server.RaftServerConfigKeys (ConfUtils.java:logGet(43)) - raft.server.log.segment.cache.num.max = 2 (custom)
2019-09-26 10:47:12,514 [pool-277-thread-1] INFO  segmented.SegmentedRaftLogWorker (SegmentedRaftLogWorker.java:<init>(172)) - new 44cef61c-6e91-4f77-a22d-f8f1d1e33555@group-77EA6954728A-SegmentedRaftLogWorker for RaftStorage:Storage Directory /workdir/hadoop-ozone/ozonefs/target/test-dir/MiniOzoneClusterImpl-23841092-02d4-48e3-9aa2-56bb3a45a661/datanode-0/data/ratis/90c085aa-c977-48a1-b3b3-77ea6954728a
2019-09-26 10:47:12,516 [pool-277-thread-1] INFO  server.RaftServerConfigKeys (ConfUtils.java:logGet(43)) - raft.server.log.queue.byte-limit = 2147483647 (custom)
2019-09-26 10:47:12,516 [pool-277-thread-1] INFO  server.RaftServerConfigKeys (ConfUtils.java:logGet(43)) - raft.server.log.queue.element-limit = 1024 (custom)
2019-09-26 10:47:12,516 [pool-277-thread-1] INFO  server.RaftServerConfigKeys (ConfUtils.java:logGet(43)) - raft.server.log.segment.size.max = 1048576 (custom)
2019-09-26 10:47:12,516 [pool-277-thread-1] INFO  server.RaftServerConfigKeys (ConfUtils.java:logGet(43)) - raft.server.log.preallocated.size = 16384 (custom)
2019-09-26 10:47:12,517 [pool-277-thread-1] INFO  server.RaftServerConfigKeys (ConfUtils.java:logGet(43)) - raft.server.log.write.buffer.size = 33554432 (custom)
2019-09-26 10:47:12,517 [pool-277-thread-1] INFO  server.RaftServerConfigKeys (ConfUtils.java:logGet(43)) - raft.server.log.force.sync.num = 128 (default)
2019-09-26 10:47:12,517 [pool-277-thread-1] INFO  server.RaftServerConfigKeys (ConfUtils.java:logGet(43)) - raft.server.log.statemachine.data.sync = true (default)
2019-09-26 10:47:12,517 [pool-277-thread-1] INFO  server.RaftServerConfigKeys (ConfUtils.java:logGet(43)) - raft.server.log.statemachine.data.sync.timeout = 10s (default)
2019-09-26 10:47:12,517 [pool-277-thread-1] INFO  server.RaftServerConfigKeys (ConfUtils.java:logGet(43)) - raft.server.log.statemachine.data.sync.timeout.retry = -1 (default)
2019-09-26 10:47:12,518 [pool-277-thread-1] INFO  server.RaftServerConfigKeys (ConfUtils.java:logGet(43)) - raft.server.log.statemachine.data.caching.enabled = true (custom)
2019-09-26 10:47:12,518 [pool-277-thread-1] INFO  segmented.SegmentedRaftLogWorker (SegmentedRaftLogWorker.java:lambda$new$0(132)) - 44cef61c-6e91-4f77-a22d-f8f1d1e33555@group-77EA6954728A-SegmentedRaftLogWorker: flushIndex: setUnconditionally 0 -> -1
2019-09-26 10:47:12,518 [pool-277-thread-1] INFO  server.RaftServerConfigKeys (ConfUtils.java:logGet(43)) - raft.server.snapshot.auto.trigger.enabled = true (custom)
2019-09-26 10:47:12,518 [pool-277-thread-1] INFO  server.RaftServerConfigKeys (ConfUtils.java:logGet(43)) - raft.server.snapshot.auto.trigger.threshold = 10000 (custom)
2019-09-26 10:47:12,519 [pool-277-thread-1] INFO  server.RaftServerConfigKeys (ConfUtils.java:logGet(43)) - raft.server.snapshot.retention.num.files = 5 (custom)
2019-09-26 10:47:12,519 [pool-277-thread-1] INFO  server.RaftServerConfigKeys (ConfUtils.java:logGet(43)) - raft.server.retrycache.expirytime = 600000ms (custom)
2019-09-26 10:47:12,521 [pool-277-thread-1] INFO  impl.RaftServerImpl (RaftServerImpl.java:start(185)) - 44cef61c-6e91-4f77-a22d-f8f1d1e33555@group-77EA6954728A: start as a follower, conf=-1: [44cef61c-6e91-4f77-a22d-f8f1d1e33555:192.168.30.13:44120], old=null
2019-09-26 10:47:12,521 [pool-277-thread-1] INFO  impl.RaftServerImpl (RaftServerImpl.java:setRole(174)) - 44cef61c-6e91-4f77-a22d-f8f1d1e33555@group-77EA6954728A: changes role from      null to FOLLOWER at term 0 for startAsFollower
2019-09-26 10:47:12,521 [pool-277-thread-1] INFO  impl.RoleInfo (RoleInfo.java:updateAndGet(143)) - 44cef61c-6e91-4f77-a22d-f8f1d1e33555: start FollowerState
2019-09-26 10:47:12,521 [pool-277-thread-1] INFO  util.JmxRegister (JmxRegister.java:tryRegister(44)) - Successfully registered JMX Bean with object name Ratis:service=RaftServer,group=group-77EA6954728A,id=44cef61c-6e91-4f77-a22d-f8f1d1e33555
2019-09-26 10:47:12,525 [RatisPipelineUtilsThread] INFO  pipeline.PipelineStateManager (PipelineStateManager.java:addPipeline(56)) - Created pipeline Pipeline[ Id: 90c085aa-c977-48a1-b3b3-77ea6954728a, Nodes: 44cef61c-6e91-4f77-a22d-f8f1d1e33555{ip: 192.168.30.13, host: pr-hdds-1569-wvzgm-824869521, networkLocation: /default-rack, certSerialId: null}, Type:RATIS, Factor:ONE, State:OPEN]
2019-09-26 10:47:12,531 [grpc-default-executor-0] INFO  impl.RaftServerProxy (RaftServerProxy.java:addNew(89)) - 44cef61c-6e91-4f77-a22d-f8f1d1e33555: addNew group-825D037CFCAC:[44cef61c-6e91-4f77-a22d-f8f1d1e33555:192.168.30.13:44120] returns group-825D037CFCAC:java.util.concurrent.CompletableFuture@7cf39d4c[Not completed]
2019-09-26 10:47:12,532 [pool-277-thread-1] INFO  impl.RaftServerImpl (RaftServerImpl.java:<init>(95)) - 44cef61c-6e91-4f77-a22d-f8f1d1e33555: new RaftServerImpl for group-825D037CFCAC:[44cef61c-6e91-4f77-a22d-f8f1d1e33555:192.168.30.13:44120] with ContainerStateMachine:uninitialized
2019-09-26 10:47:12,532 [pool-277-thread-1] INFO  server.RaftServerConfigKeys (ConfUtils.java:logGet(43)) - raft.server.rpc.timeout.min = 5s (custom)
2019-09-26 10:47:12,532 [pool-277-thread-1] INFO  server.RaftServerConfigKeys (ConfUtils.java:logGet(43)) - raft.server.rpc.timeout.max = 5200ms (custom)
2019-09-26 10:47:12,533 [pool-277-thread-1] INFO  server.RaftServerConfigKeys (ConfUtils.java:logGet(43)) - raft.server.rpcslowness.timeout = 120s (custom)
2019-09-26 10:47:12,533 [pool-277-thread-1] INFO  server.RaftServerConfigKeys (ConfUtils.java:logGet(43)) - raft.server.sleep.deviation.threshold = 300 (default)
2019-09-26 10:47:12,533 [pool-277-thread-1] INFO  server.RaftServerConfigKeys (ConfUtils.java:logGet(43)) - raft.server.log.appender.install.snapshot.enabled = false (custom)
2019-09-26 10:47:12,533 [pool-277-thread-1] INFO  impl.RaftServerImpl (ServerState.java:<init>(103)) - 44cef61c-6e91-4f77-a22d-f8f1d1e33555@group-825D037CFCAC: ConfigurationManager, init=-1: [44cef61c-6e91-4f77-a22d-f8f1d1e33555:192.168.30.13:44120], old=null, confs=<EMPTY_MAP>
2019-09-26 10:47:12,533 [pool-277-thread-1] INFO  server.RaftServerConfigKeys (ConfUtils.java:logGet(43)) - raft.server.storage.dir = [/workdir/hadoop-ozone/ozonefs/target/test-dir/MiniOzoneClusterImpl-23841092-02d4-48e3-9aa2-56bb3a45a661/datanode-0/data/ratis] (custom)
2019-09-26 10:47:12,533 [pool-277-thread-1] INFO  storage.RaftStorageDirectory (RaftStorageDirectory.java:analyzeStorage(246)) - The storage directory /workdir/hadoop-ozone/ozonefs/target/test-dir/MiniOzoneClusterImpl-23841092-02d4-48e3-9aa2-56bb3a45a661/datanode-0/data/ratis/11787fc2-cd64-4b22-b3ad-825d037cfcac does not exist. Creating ...
2019-09-26 10:47:12,546 [pool-277-thread-1] INFO  storage.RaftStorageDirectory (RaftStorageDirectory.java:tryLock(328)) - Lock on /workdir/hadoop-ozone/ozonefs/target/test-dir/MiniOzoneClusterImpl-23841092-02d4-48e3-9aa2-56bb3a45a661/datanode-0/data/ratis/11787fc2-cd64-4b22-b3ad-825d037cfcac/in_use.lock acquired by nodename 17018@pr-hdds-1569-wvzgm-824869521
2019-09-26 10:47:12,558 [pool-277-thread-1] INFO  storage.RaftStorage (RaftStorage.java:format(72)) - Storage directory /workdir/hadoop-ozone/ozonefs/target/test-dir/MiniOzoneClusterImpl-23841092-02d4-48e3-9aa2-56bb3a45a661/datanode-0/data/ratis/11787fc2-cd64-4b22-b3ad-825d037cfcac has been successfully formatted.
2019-09-26 10:47:12,559 [pool-277-thread-1] INFO  ratis.ContainerStateMachine (ContainerStateMachine.java:loadSnapshot(230)) - group-825D037CFCAC: The snapshot info is null. Setting the last applied indexto:(t:0, i:~)
2019-09-26 10:47:12,559 [pool-277-thread-1] INFO  server.RaftServerConfigKeys (ConfUtils.java:logGet(43)) - raft.server.notification.no-leader.timeout = 120s (custom)
2019-09-26 10:47:12,559 [pool-277-thread-1] INFO  server.RaftServerConfigKeys (ConfUtils.java:logGet(43)) - raft.server.log.use.memory = false (default)
2019-09-26 10:47:12,559 [pool-277-thread-1] INFO  server.RaftServerConfigKeys (ConfUtils.java:logGet(43)) - raft.server.log.purge.gap = 1000000 (custom)
2019-09-26 10:47:12,559 [pool-277-thread-1] INFO  server.RaftServerConfigKeys (ConfUtils.java:logGet(43)) - raft.server.log.appender.buffer.byte-limit = 33554432 (custom)
2019-09-26 10:47:12,559 [pool-277-thread-1] INFO  server.RaftServerConfigKeys (ConfUtils.java:logGet(43)) - raft.server.log.segment.size.max = 1048576 (custom)
2019-09-26 10:47:12,559 [pool-277-thread-1] INFO  server.RaftServerConfigKeys (ConfUtils.java:logGet(43)) - raft.server.log.segment.cache.num.max = 2 (custom)
2019-09-26 10:47:12,560 [pool-277-thread-1] INFO  segmented.SegmentedRaftLogWorker (SegmentedRaftLogWorker.java:<init>(172)) - new 44cef61c-6e91-4f77-a22d-f8f1d1e33555@group-825D037CFCAC-SegmentedRaftLogWorker for RaftStorage:Storage Directory /workdir/hadoop-ozone/ozonefs/target/test-dir/MiniOzoneClusterImpl-23841092-02d4-48e3-9aa2-56bb3a45a661/datanode-0/data/ratis/11787fc2-cd64-4b22-b3ad-825d037cfcac
2019-09-26 10:47:12,560 [pool-277-thread-1] INFO  server.RaftServerConfigKeys (ConfUtils.java:logGet(43)) - raft.server.log.queue.byte-limit = 2147483647 (custom)
2019-09-26 10:47:12,560 [pool-277-thread-1] INFO  server.RaftServerConfigKeys (ConfUtils.java:logGet(43)) - raft.server.log.queue.element-limit = 1024 (custom)
2019-09-26 10:47:12,560 [pool-277-thread-1] INFO  server.RaftServerConfigKeys (ConfUtils.java:logGet(43)) - raft.server.log.segment.size.max = 1048576 (custom)
2019-09-26 10:47:12,560 [pool-277-thread-1] INFO  server.RaftServerConfigKeys (ConfUtils.java:logGet(43)) - raft.server.log.preallocated.size = 16384 (custom)
2019-09-26 10:47:12,560 [pool-277-thread-1] INFO  server.RaftServerConfigKeys (ConfUtils.java:logGet(43)) - raft.server.log.write.buffer.size = 33554432 (custom)
2019-09-26 10:47:12,560 [pool-277-thread-1] INFO  server.RaftServerConfigKeys (ConfUtils.java:logGet(43)) - raft.server.log.force.sync.num = 128 (default)
2019-09-26 10:47:12,560 [pool-277-thread-1] INFO  server.RaftServerConfigKeys (ConfUtils.java:logGet(43)) - raft.server.log.statemachine.data.sync = true (default)
2019-09-26 10:47:12,561 [pool-277-thread-1] INFO  server.RaftServerConfigKeys (ConfUtils.java:logGet(43)) - raft.server.log.statemachine.data.sync.timeout = 10s (default)
2019-09-26 10:47:12,561 [pool-277-thread-1] INFO  server.RaftServerConfigKeys (ConfUtils.java:logGet(43)) - raft.server.log.statemachine.data.sync.timeout.retry = -1 (default)
2019-09-26 10:47:12,561 [pool-277-thread-1] INFO  server.RaftServerConfigKeys (ConfUtils.java:logGet(43)) - raft.server.log.statemachine.data.caching.enabled = true (custom)
2019-09-26 10:47:12,561 [pool-277-thread-1] INFO  segmented.SegmentedRaftLogWorker (SegmentedRaftLogWorker.java:lambda$new$0(132)) - 44cef61c-6e91-4f77-a22d-f8f1d1e33555@group-825D037CFCAC-SegmentedRaftLogWorker: flushIndex: setUnconditionally 0 -> -1
2019-09-26 10:47:12,562 [pool-277-thread-1] INFO  server.RaftServerConfigKeys (ConfUtils.java:logGet(43)) - raft.server.snapshot.auto.trigger.enabled = true (custom)
2019-09-26 10:47:12,562 [pool-277-thread-1] INFO  server.RaftServerConfigKeys (ConfUtils.java:logGet(43)) - raft.server.snapshot.auto.trigger.threshold = 10000 (custom)
2019-09-26 10:47:12,562 [pool-277-thread-1] INFO  server.RaftServerConfigKeys (ConfUtils.java:logGet(43)) - raft.server.snapshot.retention.num.files = 5 (custom)
2019-09-26 10:47:12,562 [pool-277-thread-1] INFO  server.RaftServerConfigKeys (ConfUtils.java:logGet(43)) - raft.server.retrycache.expirytime = 600000ms (custom)
2019-09-26 10:47:12,563 [pool-277-thread-1] INFO  impl.RaftServerImpl (RaftServerImpl.java:start(185)) - 44cef61c-6e91-4f77-a22d-f8f1d1e33555@group-825D037CFCAC: start as a follower, conf=-1: [44cef61c-6e91-4f77-a22d-f8f1d1e33555:192.168.30.13:44120], old=null
2019-09-26 10:47:12,563 [pool-277-thread-1] INFO  impl.RaftServerImpl (RaftServerImpl.java:setRole(174)) - 44cef61c-6e91-4f77-a22d-f8f1d1e33555@group-825D037CFCAC: changes role from      null to FOLLOWER at term 0 for startAsFollower
2019-09-26 10:47:12,564 [pool-277-thread-1] INFO  impl.RoleInfo (RoleInfo.java:updateAndGet(143)) - 44cef61c-6e91-4f77-a22d-f8f1d1e33555: start FollowerState
2019-09-26 10:47:12,564 [pool-277-thread-1] INFO  util.JmxRegister (JmxRegister.java:tryRegister(44)) - Successfully registered JMX Bean with object name Ratis:service=RaftServer,group=group-825D037CFCAC,id=44cef61c-6e91-4f77-a22d-f8f1d1e33555
2019-09-26 10:47:12,566 [IPC Server handler 1 on 44288] INFO  net.NetworkTopology (NetworkTopologyImpl.java:add(111)) - Added a new node: /default-rack/cd1fcbfa-944d-480b-9151-445d9a18536b
2019-09-26 10:47:12,566 [IPC Server handler 1 on 44288] INFO  node.SCMNodeManager (SCMNodeManager.java:register(266)) - Registered Data node : cd1fcbfa-944d-480b-9151-445d9a18536b{ip: 192.168.30.13, host: pr-hdds-1569-wvzgm-824869521, networkLocation: /default-rack, certSerialId: null}
2019-09-26 10:47:12,567 [RatisPipelineUtilsThread] INFO  pipeline.PipelineStateManager (PipelineStateManager.java:addPipeline(56)) - Created pipeline Pipeline[ Id: 11787fc2-cd64-4b22-b3ad-825d037cfcac, Nodes: 44cef61c-6e91-4f77-a22d-f8f1d1e33555{ip: 192.168.30.13, host: pr-hdds-1569-wvzgm-824869521, networkLocation: /default-rack, certSerialId: null}, Type:RATIS, Factor:ONE, State:OPEN]
2019-09-26 10:47:12,574 [grpc-default-executor-0] INFO  impl.RaftServerProxy (RaftServerProxy.java:addNew(89)) - cd1fcbfa-944d-480b-9151-445d9a18536b: addNew group-ADB5CFC3154D:[cd1fcbfa-944d-480b-9151-445d9a18536b:192.168.30.13:42343] returns group-ADB5CFC3154D:java.util.concurrent.CompletableFuture@2365d114[Not completed]
2019-09-26 10:47:12,575 [pool-287-thread-1] INFO  impl.RaftServerImpl (RaftServerImpl.java:<init>(95)) - cd1fcbfa-944d-480b-9151-445d9a18536b: new RaftServerImpl for group-ADB5CFC3154D:[cd1fcbfa-944d-480b-9151-445d9a18536b:192.168.30.13:42343] with ContainerStateMachine:uninitialized
2019-09-26 10:47:12,576 [pool-287-thread-1] INFO  server.RaftServerConfigKeys (ConfUtils.java:logGet(43)) - raft.server.rpc.timeout.min = 5s (custom)
2019-09-26 10:47:12,576 [pool-287-thread-1] INFO  server.RaftServerConfigKeys (ConfUtils.java:logGet(43)) - raft.server.rpc.timeout.max = 5200ms (custom)
2019-09-26 10:47:12,576 [pool-287-thread-1] INFO  server.RaftServerConfigKeys (ConfUtils.java:logGet(43)) - raft.server.rpcslowness.timeout = 120s (custom)
2019-09-26 10:47:12,576 [pool-287-thread-1] INFO  server.RaftServerConfigKeys (ConfUtils.java:logGet(43)) - raft.server.sleep.deviation.threshold = 300 (default)
2019-09-26 10:47:12,576 [pool-287-thread-1] INFO  server.RaftServerConfigKeys (ConfUtils.java:logGet(43)) - raft.server.log.appender.install.snapshot.enabled = false (custom)
2019-09-26 10:47:12,576 [pool-287-thread-1] INFO  impl.RaftServerImpl (ServerState.java:<init>(103)) - cd1fcbfa-944d-480b-9151-445d9a18536b@group-ADB5CFC3154D: ConfigurationManager, init=-1: [cd1fcbfa-944d-480b-9151-445d9a18536b:192.168.30.13:42343], old=null, confs=<EMPTY_MAP>
2019-09-26 10:47:12,576 [pool-287-thread-1] INFO  server.RaftServerConfigKeys (ConfUtils.java:logGet(43)) - raft.server.storage.dir = [/workdir/hadoop-ozone/ozonefs/target/test-dir/MiniOzoneClusterImpl-23841092-02d4-48e3-9aa2-56bb3a45a661/datanode-1/data/ratis] (custom)
2019-09-26 10:47:12,577 [pool-287-thread-1] INFO  storage.RaftStorageDirectory (RaftStorageDirectory.java:analyzeStorage(246)) - The storage directory /workdir/hadoop-ozone/ozonefs/target/test-dir/MiniOzoneClusterImpl-23841092-02d4-48e3-9aa2-56bb3a45a661/datanode-1/data/ratis/0de9db4d-c181-4f42-bc29-adb5cfc3154d does not exist. Creating ...
2019-09-26 10:47:12,590 [pool-287-thread-1] INFO  storage.RaftStorageDirectory (RaftStorageDirectory.java:tryLock(328)) - Lock on /workdir/hadoop-ozone/ozonefs/target/test-dir/MiniOzoneClusterImpl-23841092-02d4-48e3-9aa2-56bb3a45a661/datanode-1/data/ratis/0de9db4d-c181-4f42-bc29-adb5cfc3154d/in_use.lock acquired by nodename 17018@pr-hdds-1569-wvzgm-824869521
2019-09-26 10:47:12,605 [pool-287-thread-1] INFO  storage.RaftStorage (RaftStorage.java:format(72)) - Storage directory /workdir/hadoop-ozone/ozonefs/target/test-dir/MiniOzoneClusterImpl-23841092-02d4-48e3-9aa2-56bb3a45a661/datanode-1/data/ratis/0de9db4d-c181-4f42-bc29-adb5cfc3154d has been successfully formatted.
2019-09-26 10:47:12,605 [pool-287-thread-1] INFO  ratis.ContainerStateMachine (ContainerStateMachine.java:loadSnapshot(230)) - group-ADB5CFC3154D: The snapshot info is null. Setting the last applied indexto:(t:0, i:~)
2019-09-26 10:47:12,605 [pool-287-thread-1] INFO  server.RaftServerConfigKeys (ConfUtils.java:logGet(43)) - raft.server.notification.no-leader.timeout = 120s (custom)
2019-09-26 10:47:12,605 [pool-287-thread-1] INFO  server.RaftServerConfigKeys (ConfUtils.java:logGet(43)) - raft.server.log.use.memory = false (default)
2019-09-26 10:47:12,605 [pool-287-thread-1] INFO  server.RaftServerConfigKeys (ConfUtils.java:logGet(43)) - raft.server.log.purge.gap = 1000000 (custom)
2019-09-26 10:47:12,605 [pool-287-thread-1] INFO  server.RaftServerConfigKeys (ConfUtils.java:logGet(43)) - raft.server.log.appender.buffer.byte-limit = 33554432 (custom)
2019-09-26 10:47:12,605 [pool-287-thread-1] INFO  server.RaftServerConfigKeys (ConfUtils.java:logGet(43)) - raft.server.log.segment.size.max = 1048576 (custom)
2019-09-26 10:47:12,606 [pool-287-thread-1] INFO  server.RaftServerConfigKeys (ConfUtils.java:logGet(43)) - raft.server.log.segment.cache.num.max = 2 (custom)
2019-09-26 10:47:12,606 [pool-287-thread-1] INFO  segmented.SegmentedRaftLogWorker (SegmentedRaftLogWorker.java:<init>(172)) - new cd1fcbfa-944d-480b-9151-445d9a18536b@group-ADB5CFC3154D-SegmentedRaftLogWorker for RaftStorage:Storage Directory /workdir/hadoop-ozone/ozonefs/target/test-dir/MiniOzoneClusterImpl-23841092-02d4-48e3-9aa2-56bb3a45a661/datanode-1/data/ratis/0de9db4d-c181-4f42-bc29-adb5cfc3154d
2019-09-26 10:47:12,607 [pool-287-thread-1] INFO  server.RaftServerConfigKeys (ConfUtils.java:logGet(43)) - raft.server.log.queue.byte-limit = 2147483647 (custom)
2019-09-26 10:47:12,607 [pool-287-thread-1] INFO  server.RaftServerConfigKeys (ConfUtils.java:logGet(43)) - raft.server.log.queue.element-limit = 1024 (custom)
2019-09-26 10:47:12,607 [pool-287-thread-1] INFO  server.RaftServerConfigKeys (ConfUtils.java:logGet(43)) - raft.server.log.segment.size.max = 1048576 (custom)
2019-09-26 10:47:12,608 [pool-287-thread-1] INFO  server.RaftServerConfigKeys (ConfUtils.java:logGet(43)) - raft.server.log.preallocated.size = 16384 (custom)
2019-09-26 10:47:12,608 [pool-287-thread-1] INFO  server.RaftServerConfigKeys (ConfUtils.java:logGet(43)) - raft.server.log.write.buffer.size = 33554432 (custom)
2019-09-26 10:47:12,608 [pool-287-thread-1] INFO  server.RaftServerConfigKeys (ConfUtils.java:logGet(43)) - raft.server.log.force.sync.num = 128 (default)
2019-09-26 10:47:12,608 [pool-287-thread-1] INFO  server.RaftServerConfigKeys (ConfUtils.java:logGet(43)) - raft.server.log.statemachine.data.sync = true (default)
2019-09-26 10:47:12,608 [pool-287-thread-1] INFO  server.RaftServerConfigKeys (ConfUtils.java:logGet(43)) - raft.server.log.statemachine.data.sync.timeout = 10s (default)
2019-09-26 10:47:12,608 [pool-287-thread-1] INFO  server.RaftServerConfigKeys (ConfUtils.java:logGet(43)) - raft.server.log.statemachine.data.sync.timeout.retry = -1 (default)
2019-09-26 10:47:12,608 [pool-287-thread-1] INFO  server.RaftServerConfigKeys (ConfUtils.java:logGet(43)) - raft.server.log.statemachine.data.caching.enabled = true (custom)
2019-09-26 10:47:12,609 [pool-287-thread-1] INFO  segmented.SegmentedRaftLogWorker (SegmentedRaftLogWorker.java:lambda$new$0(132)) - cd1fcbfa-944d-480b-9151-445d9a18536b@group-ADB5CFC3154D-SegmentedRaftLogWorker: flushIndex: setUnconditionally 0 -> -1
2019-09-26 10:47:12,609 [pool-287-thread-1] INFO  server.RaftServerConfigKeys (ConfUtils.java:logGet(43)) - raft.server.snapshot.auto.trigger.enabled = true (custom)
2019-09-26 10:47:12,609 [pool-287-thread-1] INFO  server.RaftServerConfigKeys (ConfUtils.java:logGet(43)) - raft.server.snapshot.auto.trigger.threshold = 10000 (custom)
2019-09-26 10:47:12,609 [pool-287-thread-1] INFO  server.RaftServerConfigKeys (ConfUtils.java:logGet(43)) - raft.server.snapshot.retention.num.files = 5 (custom)
2019-09-26 10:47:12,609 [pool-287-thread-1] INFO  server.RaftServerConfigKeys (ConfUtils.java:logGet(43)) - raft.server.retrycache.expirytime = 600000ms (custom)
2019-09-26 10:47:12,611 [pool-287-thread-1] INFO  impl.RaftServerImpl (RaftServerImpl.java:start(185)) - cd1fcbfa-944d-480b-9151-445d9a18536b@group-ADB5CFC3154D: start as a follower, conf=-1: [cd1fcbfa-944d-480b-9151-445d9a18536b:192.168.30.13:42343], old=null
2019-09-26 10:47:12,611 [pool-287-thread-1] INFO  impl.RaftServerImpl (RaftServerImpl.java:setRole(174)) - cd1fcbfa-944d-480b-9151-445d9a18536b@group-ADB5CFC3154D: changes role from      null to FOLLOWER at term 0 for startAsFollower
2019-09-26 10:47:12,611 [pool-287-thread-1] INFO  impl.RoleInfo (RoleInfo.java:updateAndGet(143)) - cd1fcbfa-944d-480b-9151-445d9a18536b: start FollowerState
2019-09-26 10:47:12,611 [pool-287-thread-1] INFO  util.JmxRegister (JmxRegister.java:tryRegister(44)) - Successfully registered JMX Bean with object name Ratis:service=RaftServer,group=group-ADB5CFC3154D,id=cd1fcbfa-944d-480b-9151-445d9a18536b
2019-09-26 10:47:12,614 [RatisPipelineUtilsThread] INFO  pipeline.PipelineStateManager (PipelineStateManager.java:addPipeline(56)) - Created pipeline Pipeline[ Id: 0de9db4d-c181-4f42-bc29-adb5cfc3154d, Nodes: cd1fcbfa-944d-480b-9151-445d9a18536b{ip: 192.168.30.13, host: pr-hdds-1569-wvzgm-824869521, networkLocation: /default-rack, certSerialId: null}, Type:RATIS, Factor:ONE, State:OPEN]
2019-09-26 10:47:12,619 [grpc-default-executor-0] INFO  impl.RaftServerProxy (RaftServerProxy.java:addNew(89)) - 44cef61c-6e91-4f77-a22d-f8f1d1e33555: addNew group-33A717BC8D44:[44cef61c-6e91-4f77-a22d-f8f1d1e33555:192.168.30.13:44120] returns group-33A717BC8D44:java.util.concurrent.CompletableFuture@59df081d[Not completed]
2019-09-26 10:47:12,620 [pool-277-thread-1] INFO  impl.RaftServerImpl (RaftServerImpl.java:<init>(95)) - 44cef61c-6e91-4f77-a22d-f8f1d1e33555: new RaftServerImpl for group-33A717BC8D44:[44cef61c-6e91-4f77-a22d-f8f1d1e33555:192.168.30.13:44120] with ContainerStateMachine:uninitialized
2019-09-26 10:47:12,620 [pool-277-thread-1] INFO  server.RaftServerConfigKeys (ConfUtils.java:logGet(43)) - raft.server.rpc.timeout.min = 5s (custom)
2019-09-26 10:47:12,620 [pool-277-thread-1] INFO  server.RaftServerConfigKeys (ConfUtils.java:logGet(43)) - raft.server.rpc.timeout.max = 5200ms (custom)
2019-09-26 10:47:12,620 [pool-277-thread-1] INFO  server.RaftServerConfigKeys (ConfUtils.java:logGet(43)) - raft.server.rpcslowness.timeout = 120s (custom)
2019-09-26 10:47:12,621 [pool-277-thread-1] INFO  server.RaftServerConfigKeys (ConfUtils.java:logGet(43)) - raft.server.sleep.deviation.threshold = 300 (default)
2019-09-26 10:47:12,621 [pool-277-thread-1] INFO  server.RaftServerConfigKeys (ConfUtils.java:logGet(43)) - raft.server.log.appender.install.snapshot.enabled = false (custom)
2019-09-26 10:47:12,621 [pool-277-thread-1] INFO  impl.RaftServerImpl (ServerState.java:<init>(103)) - 44cef61c-6e91-4f77-a22d-f8f1d1e33555@group-33A717BC8D44: ConfigurationManager, init=-1: [44cef61c-6e91-4f77-a22d-f8f1d1e33555:192.168.30.13:44120], old=null, confs=<EMPTY_MAP>
2019-09-26 10:47:12,621 [pool-277-thread-1] INFO  server.RaftServerConfigKeys (ConfUtils.java:logGet(43)) - raft.server.storage.dir = [/workdir/hadoop-ozone/ozonefs/target/test-dir/MiniOzoneClusterImpl-23841092-02d4-48e3-9aa2-56bb3a45a661/datanode-0/data/ratis] (custom)
2019-09-26 10:47:12,621 [pool-277-thread-1] INFO  storage.RaftStorageDirectory (RaftStorageDirectory.java:analyzeStorage(246)) - The storage directory /workdir/hadoop-ozone/ozonefs/target/test-dir/MiniOzoneClusterImpl-23841092-02d4-48e3-9aa2-56bb3a45a661/datanode-0/data/ratis/fcbdd4fd-3080-4985-be9a-33a717bc8d44 does not exist. Creating ...
2019-09-26 10:47:12,635 [pool-277-thread-1] INFO  storage.RaftStorageDirectory (RaftStorageDirectory.java:tryLock(328)) - Lock on /workdir/hadoop-ozone/ozonefs/target/test-dir/MiniOzoneClusterImpl-23841092-02d4-48e3-9aa2-56bb3a45a661/datanode-0/data/ratis/fcbdd4fd-3080-4985-be9a-33a717bc8d44/in_use.lock acquired by nodename 17018@pr-hdds-1569-wvzgm-824869521
2019-09-26 10:47:12,648 [pool-277-thread-1] INFO  storage.RaftStorage (RaftStorage.java:format(72)) - Storage directory /workdir/hadoop-ozone/ozonefs/target/test-dir/MiniOzoneClusterImpl-23841092-02d4-48e3-9aa2-56bb3a45a661/datanode-0/data/ratis/fcbdd4fd-3080-4985-be9a-33a717bc8d44 has been successfully formatted.
2019-09-26 10:47:12,648 [pool-277-thread-1] INFO  ratis.ContainerStateMachine (ContainerStateMachine.java:loadSnapshot(230)) - group-33A717BC8D44: The snapshot info is null. Setting the last applied indexto:(t:0, i:~)
2019-09-26 10:47:12,648 [pool-277-thread-1] INFO  server.RaftServerConfigKeys (ConfUtils.java:logGet(43)) - raft.server.notification.no-leader.timeout = 120s (custom)
2019-09-26 10:47:12,648 [pool-277-thread-1] INFO  server.RaftServerConfigKeys (ConfUtils.java:logGet(43)) - raft.server.log.use.memory = false (default)
2019-09-26 10:47:12,648 [pool-277-thread-1] INFO  server.RaftServerConfigKeys (ConfUtils.java:logGet(43)) - raft.server.log.purge.gap = 1000000 (custom)
2019-09-26 10:47:12,648 [pool-277-thread-1] INFO  server.RaftServerConfigKeys (ConfUtils.java:logGet(43)) - raft.server.log.appender.buffer.byte-limit = 33554432 (custom)
2019-09-26 10:47:12,649 [pool-277-thread-1] INFO  server.RaftServerConfigKeys (ConfUtils.java:logGet(43)) - raft.server.log.segment.size.max = 1048576 (custom)
2019-09-26 10:47:12,649 [pool-277-thread-1] INFO  server.RaftServerConfigKeys (ConfUtils.java:logGet(43)) - raft.server.log.segment.cache.num.max = 2 (custom)
2019-09-26 10:47:12,649 [pool-277-thread-1] INFO  segmented.SegmentedRaftLogWorker (SegmentedRaftLogWorker.java:<init>(172)) - new 44cef61c-6e91-4f77-a22d-f8f1d1e33555@group-33A717BC8D44-SegmentedRaftLogWorker for RaftStorage:Storage Directory /workdir/hadoop-ozone/ozonefs/target/test-dir/MiniOzoneClusterImpl-23841092-02d4-48e3-9aa2-56bb3a45a661/datanode-0/data/ratis/fcbdd4fd-3080-4985-be9a-33a717bc8d44
2019-09-26 10:47:12,649 [pool-277-thread-1] INFO  server.RaftServerConfigKeys (ConfUtils.java:logGet(43)) - raft.server.log.queue.byte-limit = 2147483647 (custom)
2019-09-26 10:47:12,649 [pool-277-thread-1] INFO  server.RaftServerConfigKeys (ConfUtils.java:logGet(43)) - raft.server.log.queue.element-limit = 1024 (custom)
2019-09-26 10:47:12,649 [pool-277-thread-1] INFO  server.RaftServerConfigKeys (ConfUtils.java:logGet(43)) - raft.server.log.segment.size.max = 1048576 (custom)
2019-09-26 10:47:12,649 [pool-277-thread-1] INFO  server.RaftServerConfigKeys (ConfUtils.java:logGet(43)) - raft.server.log.preallocated.size = 16384 (custom)
2019-09-26 10:47:12,649 [pool-277-thread-1] INFO  server.RaftServerConfigKeys (ConfUtils.java:logGet(43)) - raft.server.log.write.buffer.size = 33554432 (custom)
2019-09-26 10:47:12,650 [pool-277-thread-1] INFO  server.RaftServerConfigKeys (ConfUtils.java:logGet(43)) - raft.server.log.force.sync.num = 128 (default)
2019-09-26 10:47:12,650 [pool-277-thread-1] INFO  server.RaftServerConfigKeys (ConfUtils.java:logGet(43)) - raft.server.log.statemachine.data.sync = true (default)
2019-09-26 10:47:12,650 [pool-277-thread-1] INFO  server.RaftServerConfigKeys (ConfUtils.java:logGet(43)) - raft.server.log.statemachine.data.sync.timeout = 10s (default)
2019-09-26 10:47:12,650 [pool-277-thread-1] INFO  server.RaftServerConfigKeys (ConfUtils.java:logGet(43)) - raft.server.log.statemachine.data.sync.timeout.retry = -1 (default)
2019-09-26 10:47:12,650 [pool-277-thread-1] INFO  server.RaftServerConfigKeys (ConfUtils.java:logGet(43)) - raft.server.log.statemachine.data.caching.enabled = true (custom)
2019-09-26 10:47:12,650 [pool-277-thread-1] INFO  segmented.SegmentedRaftLogWorker (SegmentedRaftLogWorker.java:lambda$new$0(132)) - 44cef61c-6e91-4f77-a22d-f8f1d1e33555@group-33A717BC8D44-SegmentedRaftLogWorker: flushIndex: setUnconditionally 0 -> -1
2019-09-26 10:47:12,651 [pool-277-thread-1] INFO  server.RaftServerConfigKeys (ConfUtils.java:logGet(43)) - raft.server.snapshot.auto.trigger.enabled = true (custom)
2019-09-26 10:47:12,651 [pool-277-thread-1] INFO  server.RaftServerConfigKeys (ConfUtils.java:logGet(43)) - raft.server.snapshot.auto.trigger.threshold = 10000 (custom)
2019-09-26 10:47:12,651 [pool-277-thread-1] INFO  server.RaftServerConfigKeys (ConfUtils.java:logGet(43)) - raft.server.snapshot.retention.num.files = 5 (custom)
2019-09-26 10:47:12,651 [pool-277-thread-1] INFO  server.RaftServerConfigKeys (ConfUtils.java:logGet(43)) - raft.server.retrycache.expirytime = 600000ms (custom)
2019-09-26 10:47:12,653 [pool-277-thread-1] INFO  impl.RaftServerImpl (RaftServerImpl.java:start(185)) - 44cef61c-6e91-4f77-a22d-f8f1d1e33555@group-33A717BC8D44: start as a follower, conf=-1: [44cef61c-6e91-4f77-a22d-f8f1d1e33555:192.168.30.13:44120], old=null
2019-09-26 10:47:12,653 [pool-277-thread-1] INFO  impl.RaftServerImpl (RaftServerImpl.java:setRole(174)) - 44cef61c-6e91-4f77-a22d-f8f1d1e33555@group-33A717BC8D44: changes role from      null to FOLLOWER at term 0 for startAsFollower
2019-09-26 10:47:12,653 [pool-277-thread-1] INFO  impl.RoleInfo (RoleInfo.java:updateAndGet(143)) - 44cef61c-6e91-4f77-a22d-f8f1d1e33555: start FollowerState
2019-09-26 10:47:12,653 [pool-277-thread-1] INFO  util.JmxRegister (JmxRegister.java:tryRegister(44)) - Successfully registered JMX Bean with object name Ratis:service=RaftServer,group=group-33A717BC8D44,id=44cef61c-6e91-4f77-a22d-f8f1d1e33555
2019-09-26 10:47:12,657 [RatisPipelineUtilsThread] INFO  pipeline.PipelineStateManager (PipelineStateManager.java:addPipeline(56)) - Created pipeline Pipeline[ Id: fcbdd4fd-3080-4985-be9a-33a717bc8d44, Nodes: 44cef61c-6e91-4f77-a22d-f8f1d1e33555{ip: 192.168.30.13, host: pr-hdds-1569-wvzgm-824869521, networkLocation: /default-rack, certSerialId: null}, Type:RATIS, Factor:ONE, State:OPEN]
2019-09-26 10:47:12,662 [grpc-default-executor-0] INFO  impl.RaftServerProxy (RaftServerProxy.java:addNew(89)) - cd1fcbfa-944d-480b-9151-445d9a18536b: addNew group-4751FAEA57E2:[cd1fcbfa-944d-480b-9151-445d9a18536b:192.168.30.13:42343] returns group-4751FAEA57E2:java.util.concurrent.CompletableFuture@24f57c81[Not completed]
2019-09-26 10:47:12,663 [pool-287-thread-1] INFO  impl.RaftServerImpl (RaftServerImpl.java:<init>(95)) - cd1fcbfa-944d-480b-9151-445d9a18536b: new RaftServerImpl for group-4751FAEA57E2:[cd1fcbfa-944d-480b-9151-445d9a18536b:192.168.30.13:42343] with ContainerStateMachine:uninitialized
2019-09-26 10:47:12,663 [pool-287-thread-1] INFO  server.RaftServerConfigKeys (ConfUtils.java:logGet(43)) - raft.server.rpc.timeout.min = 5s (custom)
2019-09-26 10:47:12,663 [pool-287-thread-1] INFO  server.RaftServerConfigKeys (ConfUtils.java:logGet(43)) - raft.server.rpc.timeout.max = 5200ms (custom)
2019-09-26 10:47:12,664 [pool-287-thread-1] INFO  server.RaftServerConfigKeys (ConfUtils.java:logGet(43)) - raft.server.rpcslowness.timeout = 120s (custom)
2019-09-26 10:47:12,664 [pool-287-thread-1] INFO  server.RaftServerConfigKeys (ConfUtils.java:logGet(43)) - raft.server.sleep.deviation.threshold = 300 (default)
2019-09-26 10:47:12,664 [pool-287-thread-1] INFO  server.RaftServerConfigKeys (ConfUtils.java:logGet(43)) - raft.server.log.appender.install.snapshot.enabled = false (custom)
2019-09-26 10:47:12,664 [pool-287-thread-1] INFO  impl.RaftServerImpl (ServerState.java:<init>(103)) - cd1fcbfa-944d-480b-9151-445d9a18536b@group-4751FAEA57E2: ConfigurationManager, init=-1: [cd1fcbfa-944d-480b-9151-445d9a18536b:192.168.30.13:42343], old=null, confs=<EMPTY_MAP>
2019-09-26 10:47:12,664 [pool-287-thread-1] INFO  server.RaftServerConfigKeys (ConfUtils.java:logGet(43)) - raft.server.storage.dir = [/workdir/hadoop-ozone/ozonefs/target/test-dir/MiniOzoneClusterImpl-23841092-02d4-48e3-9aa2-56bb3a45a661/datanode-1/data/ratis] (custom)
2019-09-26 10:47:12,664 [pool-287-thread-1] INFO  storage.RaftStorageDirectory (RaftStorageDirectory.java:analyzeStorage(246)) - The storage directory /workdir/hadoop-ozone/ozonefs/target/test-dir/MiniOzoneClusterImpl-23841092-02d4-48e3-9aa2-56bb3a45a661/datanode-1/data/ratis/1b2ba97d-6bda-401a-adce-4751faea57e2 does not exist. Creating ...
2019-09-26 10:47:12,675 [main] INFO  ozone.MiniOzoneClusterImpl (MiniOzoneClusterImpl.java:lambda$waitForClusterToBeReady$0(147)) - Waiting for cluster to be ready. Got 2 of 3 DN Heartbeats.
2019-09-26 10:47:12,675 [IPC Server handler 3 on 44288] INFO  net.NetworkTopology (NetworkTopologyImpl.java:add(111)) - Added a new node: /default-rack/07700029-8fba-42bd-b1f5-1a847d21eaf0
2019-09-26 10:47:12,676 [IPC Server handler 3 on 44288] INFO  node.SCMNodeManager (SCMNodeManager.java:register(266)) - Registered Data node : 07700029-8fba-42bd-b1f5-1a847d21eaf0{ip: 192.168.30.13, host: pr-hdds-1569-wvzgm-824869521, networkLocation: /default-rack, certSerialId: null}
2019-09-26 10:47:12,677 [pool-287-thread-1] INFO  storage.RaftStorageDirectory (RaftStorageDirectory.java:tryLock(328)) - Lock on /workdir/hadoop-ozone/ozonefs/target/test-dir/MiniOzoneClusterImpl-23841092-02d4-48e3-9aa2-56bb3a45a661/datanode-1/data/ratis/1b2ba97d-6bda-401a-adce-4751faea57e2/in_use.lock acquired by nodename 17018@pr-hdds-1569-wvzgm-824869521
2019-09-26 10:47:12,690 [pool-287-thread-1] INFO  storage.RaftStorage (RaftStorage.java:format(72)) - Storage directory /workdir/hadoop-ozone/ozonefs/target/test-dir/MiniOzoneClusterImpl-23841092-02d4-48e3-9aa2-56bb3a45a661/datanode-1/data/ratis/1b2ba97d-6bda-401a-adce-4751faea57e2 has been successfully formatted.
2019-09-26 10:47:12,690 [pool-287-thread-1] INFO  ratis.ContainerStateMachine (ContainerStateMachine.java:loadSnapshot(230)) - group-4751FAEA57E2: The snapshot info is null. Setting the last applied indexto:(t:0, i:~)
2019-09-26 10:47:12,690 [pool-287-thread-1] INFO  server.RaftServerConfigKeys (ConfUtils.java:logGet(43)) - raft.server.notification.no-leader.timeout = 120s (custom)
2019-09-26 10:47:12,690 [pool-287-thread-1] INFO  server.RaftServerConfigKeys (ConfUtils.java:logGet(43)) - raft.server.log.use.memory = false (default)
2019-09-26 10:47:12,690 [pool-287-thread-1] INFO  server.RaftServerConfigKeys (ConfUtils.java:logGet(43)) - raft.server.log.purge.gap = 1000000 (custom)
2019-09-26 10:47:12,691 [pool-287-thread-1] INFO  server.RaftServerConfigKeys (ConfUtils.java:logGet(43)) - raft.server.log.appender.buffer.byte-limit = 33554432 (custom)
2019-09-26 10:47:12,691 [pool-287-thread-1] INFO  server.RaftServerConfigKeys (ConfUtils.java:logGet(43)) - raft.server.log.segment.size.max = 1048576 (custom)
2019-09-26 10:47:12,691 [pool-287-thread-1] INFO  server.RaftServerConfigKeys (ConfUtils.java:logGet(43)) - raft.server.log.segment.cache.num.max = 2 (custom)
2019-09-26 10:47:12,691 [pool-287-thread-1] INFO  segmented.SegmentedRaftLogWorker (SegmentedRaftLogWorker.java:<init>(172)) - new cd1fcbfa-944d-480b-9151-445d9a18536b@group-4751FAEA57E2-SegmentedRaftLogWorker for RaftStorage:Storage Directory /workdir/hadoop-ozone/ozonefs/target/test-dir/MiniOzoneClusterImpl-23841092-02d4-48e3-9aa2-56bb3a45a661/datanode-1/data/ratis/1b2ba97d-6bda-401a-adce-4751faea57e2
2019-09-26 10:47:12,691 [pool-287-thread-1] INFO  server.RaftServerConfigKeys (ConfUtils.java:logGet(43)) - raft.server.log.queue.byte-limit = 2147483647 (custom)
2019-09-26 10:47:12,691 [pool-287-thread-1] INFO  server.RaftServerConfigKeys (ConfUtils.java:logGet(43)) - raft.server.log.queue.element-limit = 1024 (custom)
2019-09-26 10:47:12,691 [pool-287-thread-1] INFO  server.RaftServerConfigKeys (ConfUtils.java:logGet(43)) - raft.server.log.segment.size.max = 1048576 (custom)
2019-09-26 10:47:12,691 [pool-287-thread-1] INFO  server.RaftServerConfigKeys (ConfUtils.java:logGet(43)) - raft.server.log.preallocated.size = 16384 (custom)
2019-09-26 10:47:12,692 [pool-287-thread-1] INFO  server.RaftServerConfigKeys (ConfUtils.java:logGet(43)) - raft.server.log.write.buffer.size = 33554432 (custom)
2019-09-26 10:47:12,692 [pool-287-thread-1] INFO  server.RaftServerConfigKeys (ConfUtils.java:logGet(43)) - raft.server.log.force.sync.num = 128 (default)
2019-09-26 10:47:12,692 [pool-287-thread-1] INFO  server.RaftServerConfigKeys (ConfUtils.java:logGet(43)) - raft.server.log.statemachine.data.sync = true (default)
2019-09-26 10:47:12,692 [pool-287-thread-1] INFO  server.RaftServerConfigKeys (ConfUtils.java:logGet(43)) - raft.server.log.statemachine.data.sync.timeout = 10s (default)
2019-09-26 10:47:12,692 [pool-287-thread-1] INFO  server.RaftServerConfigKeys (ConfUtils.java:logGet(43)) - raft.server.log.statemachine.data.sync.timeout.retry = -1 (default)
2019-09-26 10:47:12,692 [pool-287-thread-1] INFO  server.RaftServerConfigKeys (ConfUtils.java:logGet(43)) - raft.server.log.statemachine.data.caching.enabled = true (custom)
2019-09-26 10:47:12,692 [pool-287-thread-1] INFO  segmented.SegmentedRaftLogWorker (SegmentedRaftLogWorker.java:lambda$new$0(132)) - cd1fcbfa-944d-480b-9151-445d9a18536b@group-4751FAEA57E2-SegmentedRaftLogWorker: flushIndex: setUnconditionally 0 -> -1
2019-09-26 10:47:12,693 [pool-287-thread-1] INFO  server.RaftServerConfigKeys (ConfUtils.java:logGet(43)) - raft.server.snapshot.auto.trigger.enabled = true (custom)
2019-09-26 10:47:12,693 [pool-287-thread-1] INFO  server.RaftServerConfigKeys (ConfUtils.java:logGet(43)) - raft.server.snapshot.auto.trigger.threshold = 10000 (custom)
2019-09-26 10:47:12,693 [pool-287-thread-1] INFO  server.RaftServerConfigKeys (ConfUtils.java:logGet(43)) - raft.server.snapshot.retention.num.files = 5 (custom)
2019-09-26 10:47:12,693 [pool-287-thread-1] INFO  server.RaftServerConfigKeys (ConfUtils.java:logGet(43)) - raft.server.retrycache.expirytime = 600000ms (custom)
2019-09-26 10:47:12,695 [pool-287-thread-1] INFO  impl.RaftServerImpl (RaftServerImpl.java:start(185)) - cd1fcbfa-944d-480b-9151-445d9a18536b@group-4751FAEA57E2: start as a follower, conf=-1: [cd1fcbfa-944d-480b-9151-445d9a18536b:192.168.30.13:42343], old=null
2019-09-26 10:47:12,695 [pool-287-thread-1] INFO  impl.RaftServerImpl (RaftServerImpl.java:setRole(174)) - cd1fcbfa-944d-480b-9151-445d9a18536b@group-4751FAEA57E2: changes role from      null to FOLLOWER at term 0 for startAsFollower
2019-09-26 10:47:12,695 [pool-287-thread-1] INFO  impl.RoleInfo (RoleInfo.java:updateAndGet(143)) - cd1fcbfa-944d-480b-9151-445d9a18536b: start FollowerState
2019-09-26 10:47:12,695 [pool-287-thread-1] INFO  util.JmxRegister (JmxRegister.java:tryRegister(44)) - Successfully registered JMX Bean with object name Ratis:service=RaftServer,group=group-4751FAEA57E2,id=cd1fcbfa-944d-480b-9151-445d9a18536b
2019-09-26 10:47:12,698 [RatisPipelineUtilsThread] INFO  pipeline.PipelineStateManager (PipelineStateManager.java:addPipeline(56)) - Created pipeline Pipeline[ Id: 1b2ba97d-6bda-401a-adce-4751faea57e2, Nodes: cd1fcbfa-944d-480b-9151-445d9a18536b{ip: 192.168.30.13, host: pr-hdds-1569-wvzgm-824869521, networkLocation: /default-rack, certSerialId: null}, Type:RATIS, Factor:ONE, State:OPEN]
2019-09-26 10:47:12,703 [grpc-default-executor-0] INFO  impl.RaftServerProxy (RaftServerProxy.java:addNew(89)) - cd1fcbfa-944d-480b-9151-445d9a18536b: addNew group-DD137697DCBD:[cd1fcbfa-944d-480b-9151-445d9a18536b:192.168.30.13:42343] returns group-DD137697DCBD:java.util.concurrent.CompletableFuture@27fb6c8a[Not completed]
2019-09-26 10:47:12,705 [pool-287-thread-1] INFO  impl.RaftServerImpl (RaftServerImpl.java:<init>(95)) - cd1fcbfa-944d-480b-9151-445d9a18536b: new RaftServerImpl for group-DD137697DCBD:[cd1fcbfa-944d-480b-9151-445d9a18536b:192.168.30.13:42343] with ContainerStateMachine:uninitialized
2019-09-26 10:47:12,705 [pool-287-thread-1] INFO  server.RaftServerConfigKeys (ConfUtils.java:logGet(43)) - raft.server.rpc.timeout.min = 5s (custom)
2019-09-26 10:47:12,705 [pool-287-thread-1] INFO  server.RaftServerConfigKeys (ConfUtils.java:logGet(43)) - raft.server.rpc.timeout.max = 5200ms (custom)
2019-09-26 10:47:12,705 [pool-287-thread-1] INFO  server.RaftServerConfigKeys (ConfUtils.java:logGet(43)) - raft.server.rpcslowness.timeout = 120s (custom)
2019-09-26 10:47:12,706 [pool-287-thread-1] INFO  server.RaftServerConfigKeys (ConfUtils.java:logGet(43)) - raft.server.sleep.deviation.threshold = 300 (default)
2019-09-26 10:47:12,706 [pool-287-thread-1] INFO  server.RaftServerConfigKeys (ConfUtils.java:logGet(43)) - raft.server.log.appender.install.snapshot.enabled = false (custom)
2019-09-26 10:47:12,706 [pool-287-thread-1] INFO  impl.RaftServerImpl (ServerState.java:<init>(103)) - cd1fcbfa-944d-480b-9151-445d9a18536b@group-DD137697DCBD: ConfigurationManager, init=-1: [cd1fcbfa-944d-480b-9151-445d9a18536b:192.168.30.13:42343], old=null, confs=<EMPTY_MAP>
2019-09-26 10:47:12,706 [pool-287-thread-1] INFO  server.RaftServerConfigKeys (ConfUtils.java:logGet(43)) - raft.server.storage.dir = [/workdir/hadoop-ozone/ozonefs/target/test-dir/MiniOzoneClusterImpl-23841092-02d4-48e3-9aa2-56bb3a45a661/datanode-1/data/ratis] (custom)
2019-09-26 10:47:12,706 [pool-287-thread-1] INFO  storage.RaftStorageDirectory (RaftStorageDirectory.java:analyzeStorage(246)) - The storage directory /workdir/hadoop-ozone/ozonefs/target/test-dir/MiniOzoneClusterImpl-23841092-02d4-48e3-9aa2-56bb3a45a661/datanode-1/data/ratis/8be1d893-85e5-4202-8079-dd137697dcbd does not exist. Creating ...
2019-09-26 10:47:12,718 [pool-287-thread-1] INFO  storage.RaftStorageDirectory (RaftStorageDirectory.java:tryLock(328)) - Lock on /workdir/hadoop-ozone/ozonefs/target/test-dir/MiniOzoneClusterImpl-23841092-02d4-48e3-9aa2-56bb3a45a661/datanode-1/data/ratis/8be1d893-85e5-4202-8079-dd137697dcbd/in_use.lock acquired by nodename 17018@pr-hdds-1569-wvzgm-824869521
2019-09-26 10:47:12,722 [pool-287-thread-1] INFO  storage.RaftStorage (RaftStorage.java:format(72)) - Storage directory /workdir/hadoop-ozone/ozonefs/target/test-dir/MiniOzoneClusterImpl-23841092-02d4-48e3-9aa2-56bb3a45a661/datanode-1/data/ratis/8be1d893-85e5-4202-8079-dd137697dcbd has been successfully formatted.
2019-09-26 10:47:12,722 [pool-287-thread-1] INFO  ratis.ContainerStateMachine (ContainerStateMachine.java:loadSnapshot(230)) - group-DD137697DCBD: The snapshot info is null. Setting the last applied indexto:(t:0, i:~)
2019-09-26 10:47:12,722 [pool-287-thread-1] INFO  server.RaftServerConfigKeys (ConfUtils.java:logGet(43)) - raft.server.notification.no-leader.timeout = 120s (custom)
2019-09-26 10:47:12,722 [pool-287-thread-1] INFO  server.RaftServerConfigKeys (ConfUtils.java:logGet(43)) - raft.server.log.use.memory = false (default)
2019-09-26 10:47:12,722 [pool-287-thread-1] INFO  server.RaftServerConfigKeys (ConfUtils.java:logGet(43)) - raft.server.log.purge.gap = 1000000 (custom)
2019-09-26 10:47:12,722 [pool-287-thread-1] INFO  server.RaftServerConfigKeys (ConfUtils.java:logGet(43)) - raft.server.log.appender.buffer.byte-limit = 33554432 (custom)
2019-09-26 10:47:12,722 [pool-287-thread-1] INFO  server.RaftServerConfigKeys (ConfUtils.java:logGet(43)) - raft.server.log.segment.size.max = 1048576 (custom)
2019-09-26 10:47:12,723 [pool-287-thread-1] INFO  server.RaftServerConfigKeys (ConfUtils.java:logGet(43)) - raft.server.log.segment.cache.num.max = 2 (custom)
2019-09-26 10:47:12,723 [pool-287-thread-1] INFO  segmented.SegmentedRaftLogWorker (SegmentedRaftLogWorker.java:<init>(172)) - new cd1fcbfa-944d-480b-9151-445d9a18536b@group-DD137697DCBD-SegmentedRaftLogWorker for RaftStorage:Storage Directory /workdir/hadoop-ozone/ozonefs/target/test-dir/MiniOzoneClusterImpl-23841092-02d4-48e3-9aa2-56bb3a45a661/datanode-1/data/ratis/8be1d893-85e5-4202-8079-dd137697dcbd
2019-09-26 10:47:12,723 [pool-287-thread-1] INFO  server.RaftServerConfigKeys (ConfUtils.java:logGet(43)) - raft.server.log.queue.byte-limit = 2147483647 (custom)
2019-09-26 10:47:12,723 [pool-287-thread-1] INFO  server.RaftServerConfigKeys (ConfUtils.java:logGet(43)) - raft.server.log.queue.element-limit = 1024 (custom)
2019-09-26 10:47:12,723 [pool-287-thread-1] INFO  server.RaftServerConfigKeys (ConfUtils.java:logGet(43)) - raft.server.log.segment.size.max = 1048576 (custom)
2019-09-26 10:47:12,723 [pool-287-thread-1] INFO  server.RaftServerConfigKeys (ConfUtils.java:logGet(43)) - raft.server.log.preallocated.size = 16384 (custom)
2019-09-26 10:47:12,723 [pool-287-thread-1] INFO  server.RaftServerConfigKeys (ConfUtils.java:logGet(43)) - raft.server.log.write.buffer.size = 33554432 (custom)
2019-09-26 10:47:12,724 [pool-287-thread-1] INFO  server.RaftServerConfigKeys (ConfUtils.java:logGet(43)) - raft.server.log.force.sync.num = 128 (default)
2019-09-26 10:47:12,724 [pool-287-thread-1] INFO  server.RaftServerConfigKeys (ConfUtils.java:logGet(43)) - raft.server.log.statemachine.data.sync = true (default)
2019-09-26 10:47:12,724 [pool-287-thread-1] INFO  server.RaftServerConfigKeys (ConfUtils.java:logGet(43)) - raft.server.log.statemachine.data.sync.timeout = 10s (default)
2019-09-26 10:47:12,724 [pool-287-thread-1] INFO  server.RaftServerConfigKeys (ConfUtils.java:logGet(43)) - raft.server.log.statemachine.data.sync.timeout.retry = -1 (default)
2019-09-26 10:47:12,724 [pool-287-thread-1] INFO  server.RaftServerConfigKeys (ConfUtils.java:logGet(43)) - raft.server.log.statemachine.data.caching.enabled = true (custom)
2019-09-26 10:47:12,725 [pool-287-thread-1] INFO  segmented.SegmentedRaftLogWorker (SegmentedRaftLogWorker.java:lambda$new$0(132)) - cd1fcbfa-944d-480b-9151-445d9a18536b@group-DD137697DCBD-SegmentedRaftLogWorker: flushIndex: setUnconditionally 0 -> -1
2019-09-26 10:47:12,725 [pool-287-thread-1] INFO  server.RaftServerConfigKeys (ConfUtils.java:logGet(43)) - raft.server.snapshot.auto.trigger.enabled = true (custom)
2019-09-26 10:47:12,725 [pool-287-thread-1] INFO  server.RaftServerConfigKeys (ConfUtils.java:logGet(43)) - raft.server.snapshot.auto.trigger.threshold = 10000 (custom)
2019-09-26 10:47:12,725 [pool-287-thread-1] INFO  server.RaftServerConfigKeys (ConfUtils.java:logGet(43)) - raft.server.snapshot.retention.num.files = 5 (custom)
2019-09-26 10:47:12,725 [pool-287-thread-1] INFO  server.RaftServerConfigKeys (ConfUtils.java:logGet(43)) - raft.server.retrycache.expirytime = 600000ms (custom)
2019-09-26 10:47:12,727 [pool-287-thread-1] INFO  impl.RaftServerImpl (RaftServerImpl.java:start(185)) - cd1fcbfa-944d-480b-9151-445d9a18536b@group-DD137697DCBD: start as a follower, conf=-1: [cd1fcbfa-944d-480b-9151-445d9a18536b:192.168.30.13:42343], old=null
2019-09-26 10:47:12,727 [pool-287-thread-1] INFO  impl.RaftServerImpl (RaftServerImpl.java:setRole(174)) - cd1fcbfa-944d-480b-9151-445d9a18536b@group-DD137697DCBD: changes role from      null to FOLLOWER at term 0 for startAsFollower
2019-09-26 10:47:12,728 [pool-287-thread-1] INFO  impl.RoleInfo (RoleInfo.java:updateAndGet(143)) - cd1fcbfa-944d-480b-9151-445d9a18536b: start FollowerState
2019-09-26 10:47:12,728 [pool-287-thread-1] INFO  util.JmxRegister (JmxRegister.java:tryRegister(44)) - Successfully registered JMX Bean with object name Ratis:service=RaftServer,group=group-DD137697DCBD,id=cd1fcbfa-944d-480b-9151-445d9a18536b
2019-09-26 10:47:12,731 [RatisPipelineUtilsThread] INFO  pipeline.PipelineStateManager (PipelineStateManager.java:addPipeline(56)) - Created pipeline Pipeline[ Id: 8be1d893-85e5-4202-8079-dd137697dcbd, Nodes: cd1fcbfa-944d-480b-9151-445d9a18536b{ip: 192.168.30.13, host: pr-hdds-1569-wvzgm-824869521, networkLocation: /default-rack, certSerialId: null}, Type:RATIS, Factor:ONE, State:OPEN]
2019-09-26 10:47:12,736 [grpc-default-executor-0] INFO  impl.RaftServerProxy (RaftServerProxy.java:addNew(89)) - 44cef61c-6e91-4f77-a22d-f8f1d1e33555: addNew group-11FA1B457505:[44cef61c-6e91-4f77-a22d-f8f1d1e33555:192.168.30.13:44120] returns group-11FA1B457505:java.util.concurrent.CompletableFuture@2e5877ab[Not completed]
2019-09-26 10:47:12,738 [pool-277-thread-1] INFO  impl.RaftServerImpl (RaftServerImpl.java:<init>(95)) - 44cef61c-6e91-4f77-a22d-f8f1d1e33555: new RaftServerImpl for group-11FA1B457505:[44cef61c-6e91-4f77-a22d-f8f1d1e33555:192.168.30.13:44120] with ContainerStateMachine:uninitialized
2019-09-26 10:47:12,738 [pool-277-thread-1] INFO  server.RaftServerConfigKeys (ConfUtils.java:logGet(43)) - raft.server.rpc.timeout.min = 5s (custom)
2019-09-26 10:47:12,738 [pool-277-thread-1] INFO  server.RaftServerConfigKeys (ConfUtils.java:logGet(43)) - raft.server.rpc.timeout.max = 5200ms (custom)
2019-09-26 10:47:12,738 [pool-277-thread-1] INFO  server.RaftServerConfigKeys (ConfUtils.java:logGet(43)) - raft.server.rpcslowness.timeout = 120s (custom)
2019-09-26 10:47:12,738 [pool-277-thread-1] INFO  server.RaftServerConfigKeys (ConfUtils.java:logGet(43)) - raft.server.sleep.deviation.threshold = 300 (default)
2019-09-26 10:47:12,738 [pool-277-thread-1] INFO  server.RaftServerConfigKeys (ConfUtils.java:logGet(43)) - raft.server.log.appender.install.snapshot.enabled = false (custom)
2019-09-26 10:47:12,739 [pool-277-thread-1] INFO  impl.RaftServerImpl (ServerState.java:<init>(103)) - 44cef61c-6e91-4f77-a22d-f8f1d1e33555@group-11FA1B457505: ConfigurationManager, init=-1: [44cef61c-6e91-4f77-a22d-f8f1d1e33555:192.168.30.13:44120], old=null, confs=<EMPTY_MAP>
2019-09-26 10:47:12,739 [pool-277-thread-1] INFO  server.RaftServerConfigKeys (ConfUtils.java:logGet(43)) - raft.server.storage.dir = [/workdir/hadoop-ozone/ozonefs/target/test-dir/MiniOzoneClusterImpl-23841092-02d4-48e3-9aa2-56bb3a45a661/datanode-0/data/ratis] (custom)
2019-09-26 10:47:12,739 [pool-277-thread-1] INFO  storage.RaftStorageDirectory (RaftStorageDirectory.java:analyzeStorage(246)) - The storage directory /workdir/hadoop-ozone/ozonefs/target/test-dir/MiniOzoneClusterImpl-23841092-02d4-48e3-9aa2-56bb3a45a661/datanode-0/data/ratis/35756b3b-9439-4825-990d-11fa1b457505 does not exist. Creating ...
2019-09-26 10:47:12,742 [pool-277-thread-1] INFO  storage.RaftStorageDirectory (RaftStorageDirectory.java:tryLock(328)) - Lock on /workdir/hadoop-ozone/ozonefs/target/test-dir/MiniOzoneClusterImpl-23841092-02d4-48e3-9aa2-56bb3a45a661/datanode-0/data/ratis/35756b3b-9439-4825-990d-11fa1b457505/in_use.lock acquired by nodename 17018@pr-hdds-1569-wvzgm-824869521
2019-09-26 10:47:12,746 [pool-277-thread-1] INFO  storage.RaftStorage (RaftStorage.java:format(72)) - Storage directory /workdir/hadoop-ozone/ozonefs/target/test-dir/MiniOzoneClusterImpl-23841092-02d4-48e3-9aa2-56bb3a45a661/datanode-0/data/ratis/35756b3b-9439-4825-990d-11fa1b457505 has been successfully formatted.
2019-09-26 10:47:12,746 [pool-277-thread-1] INFO  ratis.ContainerStateMachine (ContainerStateMachine.java:loadSnapshot(230)) - group-11FA1B457505: The snapshot info is null. Setting the last applied indexto:(t:0, i:~)
2019-09-26 10:47:12,746 [pool-277-thread-1] INFO  server.RaftServerConfigKeys (ConfUtils.java:logGet(43)) - raft.server.notification.no-leader.timeout = 120s (custom)
2019-09-26 10:47:12,746 [pool-277-thread-1] INFO  server.RaftServerConfigKeys (ConfUtils.java:logGet(43)) - raft.server.log.use.memory = false (default)
2019-09-26 10:47:12,746 [pool-277-thread-1] INFO  server.RaftServerConfigKeys (ConfUtils.java:logGet(43)) - raft.server.log.purge.gap = 1000000 (custom)
2019-09-26 10:47:12,746 [pool-277-thread-1] INFO  server.RaftServerConfigKeys (ConfUtils.java:logGet(43)) - raft.server.log.appender.buffer.byte-limit = 33554432 (custom)
2019-09-26 10:47:12,747 [pool-277-thread-1] INFO  server.RaftServerConfigKeys (ConfUtils.java:logGet(43)) - raft.server.log.segment.size.max = 1048576 (custom)
2019-09-26 10:47:12,747 [pool-277-thread-1] INFO  server.RaftServerConfigKeys (ConfUtils.java:logGet(43)) - raft.server.log.segment.cache.num.max = 2 (custom)
2019-09-26 10:47:12,747 [pool-277-thread-1] INFO  segmented.SegmentedRaftLogWorker (SegmentedRaftLogWorker.java:<init>(172)) - new 44cef61c-6e91-4f77-a22d-f8f1d1e33555@group-11FA1B457505-SegmentedRaftLogWorker for RaftStorage:Storage Directory /workdir/hadoop-ozone/ozonefs/target/test-dir/MiniOzoneClusterImpl-23841092-02d4-48e3-9aa2-56bb3a45a661/datanode-0/data/ratis/35756b3b-9439-4825-990d-11fa1b457505
2019-09-26 10:47:12,747 [pool-277-thread-1] INFO  server.RaftServerConfigKeys (ConfUtils.java:logGet(43)) - raft.server.log.queue.byte-limit = 2147483647 (custom)
2019-09-26 10:47:12,747 [pool-277-thread-1] INFO  server.RaftServerConfigKeys (ConfUtils.java:logGet(43)) - raft.server.log.queue.element-limit = 1024 (custom)
2019-09-26 10:47:12,747 [pool-277-thread-1] INFO  server.RaftServerConfigKeys (ConfUtils.java:logGet(43)) - raft.server.log.segment.size.max = 1048576 (custom)
2019-09-26 10:47:12,747 [pool-277-thread-1] INFO  server.RaftServerConfigKeys (ConfUtils.java:logGet(43)) - raft.server.log.preallocated.size = 16384 (custom)
2019-09-26 10:47:12,747 [pool-277-thread-1] INFO  server.RaftServerConfigKeys (ConfUtils.java:logGet(43)) - raft.server.log.write.buffer.size = 33554432 (custom)
2019-09-26 10:47:12,748 [pool-277-thread-1] INFO  server.RaftServerConfigKeys (ConfUtils.java:logGet(43)) - raft.server.log.force.sync.num = 128 (default)
2019-09-26 10:47:12,748 [pool-277-thread-1] INFO  server.RaftServerConfigKeys (ConfUtils.java:logGet(43)) - raft.server.log.statemachine.data.sync = true (default)
2019-09-26 10:47:12,748 [pool-277-thread-1] INFO  server.RaftServerConfigKeys (ConfUtils.java:logGet(43)) - raft.server.log.statemachine.data.sync.timeout = 10s (default)
2019-09-26 10:47:12,748 [pool-277-thread-1] INFO  server.RaftServerConfigKeys (ConfUtils.java:logGet(43)) - raft.server.log.statemachine.data.sync.timeout.retry = -1 (default)
2019-09-26 10:47:12,748 [pool-277-thread-1] INFO  server.RaftServerConfigKeys (ConfUtils.java:logGet(43)) - raft.server.log.statemachine.data.caching.enabled = true (custom)
2019-09-26 10:47:12,748 [pool-277-thread-1] INFO  segmented.SegmentedRaftLogWorker (SegmentedRaftLogWorker.java:lambda$new$0(132)) - 44cef61c-6e91-4f77-a22d-f8f1d1e33555@group-11FA1B457505-SegmentedRaftLogWorker: flushIndex: setUnconditionally 0 -> -1
2019-09-26 10:47:12,749 [pool-277-thread-1] INFO  server.RaftServerConfigKeys (ConfUtils.java:logGet(43)) - raft.server.snapshot.auto.trigger.enabled = true (custom)
2019-09-26 10:47:12,749 [pool-277-thread-1] INFO  server.RaftServerConfigKeys (ConfUtils.java:logGet(43)) - raft.server.snapshot.auto.trigger.threshold = 10000 (custom)
2019-09-26 10:47:12,749 [pool-277-thread-1] INFO  server.RaftServerConfigKeys (ConfUtils.java:logGet(43)) - raft.server.snapshot.retention.num.files = 5 (custom)
2019-09-26 10:47:12,749 [pool-277-thread-1] INFO  server.RaftServerConfigKeys (ConfUtils.java:logGet(43)) - raft.server.retrycache.expirytime = 600000ms (custom)
2019-09-26 10:47:12,751 [pool-277-thread-1] INFO  impl.RaftServerImpl (RaftServerImpl.java:start(185)) - 44cef61c-6e91-4f77-a22d-f8f1d1e33555@group-11FA1B457505: start as a follower, conf=-1: [44cef61c-6e91-4f77-a22d-f8f1d1e33555:192.168.30.13:44120], old=null
2019-09-26 10:47:12,751 [pool-277-thread-1] INFO  impl.RaftServerImpl (RaftServerImpl.java:setRole(174)) - 44cef61c-6e91-4f77-a22d-f8f1d1e33555@group-11FA1B457505: changes role from      null to FOLLOWER at term 0 for startAsFollower
2019-09-26 10:47:12,751 [pool-277-thread-1] INFO  impl.RoleInfo (RoleInfo.java:updateAndGet(143)) - 44cef61c-6e91-4f77-a22d-f8f1d1e33555: start FollowerState
2019-09-26 10:47:12,751 [pool-277-thread-1] INFO  util.JmxRegister (JmxRegister.java:tryRegister(44)) - Successfully registered JMX Bean with object name Ratis:service=RaftServer,group=group-11FA1B457505,id=44cef61c-6e91-4f77-a22d-f8f1d1e33555
2019-09-26 10:47:12,754 [RatisPipelineUtilsThread] INFO  pipeline.PipelineStateManager (PipelineStateManager.java:addPipeline(56)) - Created pipeline Pipeline[ Id: 35756b3b-9439-4825-990d-11fa1b457505, Nodes: 44cef61c-6e91-4f77-a22d-f8f1d1e33555{ip: 192.168.30.13, host: pr-hdds-1569-wvzgm-824869521, networkLocation: /default-rack, certSerialId: null}, Type:RATIS, Factor:ONE, State:OPEN]
2019-09-26 10:47:12,759 [grpc-default-executor-0] INFO  impl.RaftServerProxy (RaftServerProxy.java:addNew(89)) - 44cef61c-6e91-4f77-a22d-f8f1d1e33555: addNew group-F39CDA603457:[44cef61c-6e91-4f77-a22d-f8f1d1e33555:192.168.30.13:44120] returns group-F39CDA603457:java.util.concurrent.CompletableFuture@7c4d6207[Not completed]
2019-09-26 10:47:12,761 [pool-277-thread-1] INFO  impl.RaftServerImpl (RaftServerImpl.java:<init>(95)) - 44cef61c-6e91-4f77-a22d-f8f1d1e33555: new RaftServerImpl for group-F39CDA603457:[44cef61c-6e91-4f77-a22d-f8f1d1e33555:192.168.30.13:44120] with ContainerStateMachine:uninitialized
2019-09-26 10:47:12,761 [pool-277-thread-1] INFO  server.RaftServerConfigKeys (ConfUtils.java:logGet(43)) - raft.server.rpc.timeout.min = 5s (custom)
2019-09-26 10:47:12,761 [pool-277-thread-1] INFO  server.RaftServerConfigKeys (ConfUtils.java:logGet(43)) - raft.server.rpc.timeout.max = 5200ms (custom)
2019-09-26 10:47:12,761 [pool-277-thread-1] INFO  server.RaftServerConfigKeys (ConfUtils.java:logGet(43)) - raft.server.rpcslowness.timeout = 120s (custom)
2019-09-26 10:47:12,761 [pool-277-thread-1] INFO  server.RaftServerConfigKeys (ConfUtils.java:logGet(43)) - raft.server.sleep.deviation.threshold = 300 (default)
2019-09-26 10:47:12,761 [pool-277-thread-1] INFO  server.RaftServerConfigKeys (ConfUtils.java:logGet(43)) - raft.server.log.appender.install.snapshot.enabled = false (custom)
2019-09-26 10:47:12,761 [pool-277-thread-1] INFO  impl.RaftServerImpl (ServerState.java:<init>(103)) - 44cef61c-6e91-4f77-a22d-f8f1d1e33555@group-F39CDA603457: ConfigurationManager, init=-1: [44cef61c-6e91-4f77-a22d-f8f1d1e33555:192.168.30.13:44120], old=null, confs=<EMPTY_MAP>
2019-09-26 10:47:12,762 [pool-277-thread-1] INFO  server.RaftServerConfigKeys (ConfUtils.java:logGet(43)) - raft.server.storage.dir = [/workdir/hadoop-ozone/ozonefs/target/test-dir/MiniOzoneClusterImpl-23841092-02d4-48e3-9aa2-56bb3a45a661/datanode-0/data/ratis] (custom)
2019-09-26 10:47:12,762 [pool-277-thread-1] INFO  storage.RaftStorageDirectory (RaftStorageDirectory.java:analyzeStorage(246)) - The storage directory /workdir/hadoop-ozone/ozonefs/target/test-dir/MiniOzoneClusterImpl-23841092-02d4-48e3-9aa2-56bb3a45a661/datanode-0/data/ratis/db3a0bf3-de2c-41f0-a4cb-f39cda603457 does not exist. Creating ...
2019-09-26 10:47:12,811 [pool-277-thread-1] INFO  storage.RaftStorageDirectory (RaftStorageDirectory.java:tryLock(328)) - Lock on /workdir/hadoop-ozone/ozonefs/target/test-dir/MiniOzoneClusterImpl-23841092-02d4-48e3-9aa2-56bb3a45a661/datanode-0/data/ratis/db3a0bf3-de2c-41f0-a4cb-f39cda603457/in_use.lock acquired by nodename 17018@pr-hdds-1569-wvzgm-824869521
2019-09-26 10:47:12,844 [pool-277-thread-1] INFO  storage.RaftStorage (RaftStorage.java:format(72)) - Storage directory /workdir/hadoop-ozone/ozonefs/target/test-dir/MiniOzoneClusterImpl-23841092-02d4-48e3-9aa2-56bb3a45a661/datanode-0/data/ratis/db3a0bf3-de2c-41f0-a4cb-f39cda603457 has been successfully formatted.
2019-09-26 10:47:12,845 [pool-277-thread-1] INFO  ratis.ContainerStateMachine (ContainerStateMachine.java:loadSnapshot(230)) - group-F39CDA603457: The snapshot info is null. Setting the last applied indexto:(t:0, i:~)
2019-09-26 10:47:12,845 [pool-277-thread-1] INFO  server.RaftServerConfigKeys (ConfUtils.java:logGet(43)) - raft.server.notification.no-leader.timeout = 120s (custom)
2019-09-26 10:47:12,845 [pool-277-thread-1] INFO  server.RaftServerConfigKeys (ConfUtils.java:logGet(43)) - raft.server.log.use.memory = false (default)
2019-09-26 10:47:12,845 [pool-277-thread-1] INFO  server.RaftServerConfigKeys (ConfUtils.java:logGet(43)) - raft.server.log.purge.gap = 1000000 (custom)
2019-09-26 10:47:12,845 [pool-277-thread-1] INFO  server.RaftServerConfigKeys (ConfUtils.java:logGet(43)) - raft.server.log.appender.buffer.byte-limit = 33554432 (custom)
2019-09-26 10:47:12,846 [pool-277-thread-1] INFO  server.RaftServerConfigKeys (ConfUtils.java:logGet(43)) - raft.server.log.segment.size.max = 1048576 (custom)
2019-09-26 10:47:12,846 [pool-277-thread-1] INFO  server.RaftServerConfigKeys (ConfUtils.java:logGet(43)) - raft.server.log.segment.cache.num.max = 2 (custom)
2019-09-26 10:47:12,846 [pool-277-thread-1] INFO  segmented.SegmentedRaftLogWorker (SegmentedRaftLogWorker.java:<init>(172)) - new 44cef61c-6e91-4f77-a22d-f8f1d1e33555@group-F39CDA603457-SegmentedRaftLogWorker for RaftStorage:Storage Directory /workdir/hadoop-ozone/ozonefs/target/test-dir/MiniOzoneClusterImpl-23841092-02d4-48e3-9aa2-56bb3a45a661/datanode-0/data/ratis/db3a0bf3-de2c-41f0-a4cb-f39cda603457
2019-09-26 10:47:12,846 [pool-277-thread-1] INFO  server.RaftServerConfigKeys (ConfUtils.java:logGet(43)) - raft.server.log.queue.byte-limit = 2147483647 (custom)
2019-09-26 10:47:12,846 [pool-277-thread-1] INFO  server.RaftServerConfigKeys (ConfUtils.java:logGet(43)) - raft.server.log.queue.element-limit = 1024 (custom)
2019-09-26 10:47:12,846 [pool-277-thread-1] INFO  server.RaftServerConfigKeys (ConfUtils.java:logGet(43)) - raft.server.log.segment.size.max = 1048576 (custom)
2019-09-26 10:47:12,846 [pool-277-thread-1] INFO  server.RaftServerConfigKeys (ConfUtils.java:logGet(43)) - raft.server.log.preallocated.size = 16384 (custom)
2019-09-26 10:47:12,847 [pool-277-thread-1] INFO  server.RaftServerConfigKeys (ConfUtils.java:logGet(43)) - raft.server.log.write.buffer.size = 33554432 (custom)
2019-09-26 10:47:12,847 [pool-277-thread-1] INFO  server.RaftServerConfigKeys (ConfUtils.java:logGet(43)) - raft.server.log.force.sync.num = 128 (default)
2019-09-26 10:47:12,847 [pool-277-thread-1] INFO  server.RaftServerConfigKeys (ConfUtils.java:logGet(43)) - raft.server.log.statemachine.data.sync = true (default)
2019-09-26 10:47:12,847 [pool-277-thread-1] INFO  server.RaftServerConfigKeys (ConfUtils.java:logGet(43)) - raft.server.log.statemachine.data.sync.timeout = 10s (default)
2019-09-26 10:47:12,847 [pool-277-thread-1] INFO  server.RaftServerConfigKeys (ConfUtils.java:logGet(43)) - raft.server.log.statemachine.data.sync.timeout.retry = -1 (default)
2019-09-26 10:47:12,847 [pool-277-thread-1] INFO  server.RaftServerConfigKeys (ConfUtils.java:logGet(43)) - raft.server.log.statemachine.data.caching.enabled = true (custom)
2019-09-26 10:47:12,848 [pool-277-thread-1] INFO  segmented.SegmentedRaftLogWorker (SegmentedRaftLogWorker.java:lambda$new$0(132)) - 44cef61c-6e91-4f77-a22d-f8f1d1e33555@group-F39CDA603457-SegmentedRaftLogWorker: flushIndex: setUnconditionally 0 -> -1
2019-09-26 10:47:12,848 [pool-277-thread-1] INFO  server.RaftServerConfigKeys (ConfUtils.java:logGet(43)) - raft.server.snapshot.auto.trigger.enabled = true (custom)
2019-09-26 10:47:12,848 [pool-277-thread-1] INFO  server.RaftServerConfigKeys (ConfUtils.java:logGet(43)) - raft.server.snapshot.auto.trigger.threshold = 10000 (custom)
2019-09-26 10:47:12,848 [pool-277-thread-1] INFO  server.RaftServerConfigKeys (ConfUtils.java:logGet(43)) - raft.server.snapshot.retention.num.files = 5 (custom)
2019-09-26 10:47:12,848 [pool-277-thread-1] INFO  server.RaftServerConfigKeys (ConfUtils.java:logGet(43)) - raft.server.retrycache.expirytime = 600000ms (custom)
2019-09-26 10:47:12,850 [pool-277-thread-1] INFO  impl.RaftServerImpl (RaftServerImpl.java:start(185)) - 44cef61c-6e91-4f77-a22d-f8f1d1e33555@group-F39CDA603457: start as a follower, conf=-1: [44cef61c-6e91-4f77-a22d-f8f1d1e33555:192.168.30.13:44120], old=null
2019-09-26 10:47:12,850 [pool-277-thread-1] INFO  impl.RaftServerImpl (RaftServerImpl.java:setRole(174)) - 44cef61c-6e91-4f77-a22d-f8f1d1e33555@group-F39CDA603457: changes role from      null to FOLLOWER at term 0 for startAsFollower
2019-09-26 10:47:12,850 [pool-277-thread-1] INFO  impl.RoleInfo (RoleInfo.java:updateAndGet(143)) - 44cef61c-6e91-4f77-a22d-f8f1d1e33555: start FollowerState
2019-09-26 10:47:12,851 [pool-277-thread-1] INFO  util.JmxRegister (JmxRegister.java:tryRegister(44)) - Successfully registered JMX Bean with object name Ratis:service=RaftServer,group=group-F39CDA603457,id=44cef61c-6e91-4f77-a22d-f8f1d1e33555
2019-09-26 10:47:12,853 [RatisPipelineUtilsThread] INFO  pipeline.PipelineStateManager (PipelineStateManager.java:addPipeline(56)) - Created pipeline Pipeline[ Id: db3a0bf3-de2c-41f0-a4cb-f39cda603457, Nodes: 44cef61c-6e91-4f77-a22d-f8f1d1e33555{ip: 192.168.30.13, host: pr-hdds-1569-wvzgm-824869521, networkLocation: /default-rack, certSerialId: null}, Type:RATIS, Factor:ONE, State:OPEN]
2019-09-26 10:47:12,859 [grpc-default-executor-0] INFO  impl.RaftServerProxy (RaftServerProxy.java:addNew(89)) - 44cef61c-6e91-4f77-a22d-f8f1d1e33555: addNew group-7A5B73C7803E:[44cef61c-6e91-4f77-a22d-f8f1d1e33555:192.168.30.13:44120] returns group-7A5B73C7803E:java.util.concurrent.CompletableFuture@a1f96f[Not completed]
2019-09-26 10:47:12,860 [pool-277-thread-1] INFO  impl.RaftServerImpl (RaftServerImpl.java:<init>(95)) - 44cef61c-6e91-4f77-a22d-f8f1d1e33555: new RaftServerImpl for group-7A5B73C7803E:[44cef61c-6e91-4f77-a22d-f8f1d1e33555:192.168.30.13:44120] with ContainerStateMachine:uninitialized
2019-09-26 10:47:12,860 [pool-277-thread-1] INFO  server.RaftServerConfigKeys (ConfUtils.java:logGet(43)) - raft.server.rpc.timeout.min = 5s (custom)
2019-09-26 10:47:12,861 [pool-277-thread-1] INFO  server.RaftServerConfigKeys (ConfUtils.java:logGet(43)) - raft.server.rpc.timeout.max = 5200ms (custom)
2019-09-26 10:47:12,861 [pool-277-thread-1] INFO  server.RaftServerConfigKeys (ConfUtils.java:logGet(43)) - raft.server.rpcslowness.timeout = 120s (custom)
2019-09-26 10:47:12,861 [pool-277-thread-1] INFO  server.RaftServerConfigKeys (ConfUtils.java:logGet(43)) - raft.server.sleep.deviation.threshold = 300 (default)
2019-09-26 10:47:12,861 [pool-277-thread-1] INFO  server.RaftServerConfigKeys (ConfUtils.java:logGet(43)) - raft.server.log.appender.install.snapshot.enabled = false (custom)
2019-09-26 10:47:12,861 [pool-277-thread-1] INFO  impl.RaftServerImpl (ServerState.java:<init>(103)) - 44cef61c-6e91-4f77-a22d-f8f1d1e33555@group-7A5B73C7803E: ConfigurationManager, init=-1: [44cef61c-6e91-4f77-a22d-f8f1d1e33555:192.168.30.13:44120], old=null, confs=<EMPTY_MAP>
2019-09-26 10:47:12,861 [pool-277-thread-1] INFO  server.RaftServerConfigKeys (ConfUtils.java:logGet(43)) - raft.server.storage.dir = [/workdir/hadoop-ozone/ozonefs/target/test-dir/MiniOzoneClusterImpl-23841092-02d4-48e3-9aa2-56bb3a45a661/datanode-0/data/ratis] (custom)
2019-09-26 10:47:12,862 [pool-277-thread-1] INFO  storage.RaftStorageDirectory (RaftStorageDirectory.java:analyzeStorage(246)) - The storage directory /workdir/hadoop-ozone/ozonefs/target/test-dir/MiniOzoneClusterImpl-23841092-02d4-48e3-9aa2-56bb3a45a661/datanode-0/data/ratis/b4af5bc7-1b1e-454b-96e8-7a5b73c7803e does not exist. Creating ...
2019-09-26 10:47:12,876 [pool-277-thread-1] INFO  storage.RaftStorageDirectory (RaftStorageDirectory.java:tryLock(328)) - Lock on /workdir/hadoop-ozone/ozonefs/target/test-dir/MiniOzoneClusterImpl-23841092-02d4-48e3-9aa2-56bb3a45a661/datanode-0/data/ratis/b4af5bc7-1b1e-454b-96e8-7a5b73c7803e/in_use.lock acquired by nodename 17018@pr-hdds-1569-wvzgm-824869521
2019-09-26 10:47:12,888 [pool-277-thread-1] INFO  storage.RaftStorage (RaftStorage.java:format(72)) - Storage directory /workdir/hadoop-ozone/ozonefs/target/test-dir/MiniOzoneClusterImpl-23841092-02d4-48e3-9aa2-56bb3a45a661/datanode-0/data/ratis/b4af5bc7-1b1e-454b-96e8-7a5b73c7803e has been successfully formatted.
2019-09-26 10:47:12,888 [pool-277-thread-1] INFO  ratis.ContainerStateMachine (ContainerStateMachine.java:loadSnapshot(230)) - group-7A5B73C7803E: The snapshot info is null. Setting the last applied indexto:(t:0, i:~)
2019-09-26 10:47:12,889 [pool-277-thread-1] INFO  server.RaftServerConfigKeys (ConfUtils.java:logGet(43)) - raft.server.notification.no-leader.timeout = 120s (custom)
2019-09-26 10:47:12,889 [pool-277-thread-1] INFO  server.RaftServerConfigKeys (ConfUtils.java:logGet(43)) - raft.server.log.use.memory = false (default)
2019-09-26 10:47:12,889 [pool-277-thread-1] INFO  server.RaftServerConfigKeys (ConfUtils.java:logGet(43)) - raft.server.log.purge.gap = 1000000 (custom)
2019-09-26 10:47:12,889 [pool-277-thread-1] INFO  server.RaftServerConfigKeys (ConfUtils.java:logGet(43)) - raft.server.log.appender.buffer.byte-limit = 33554432 (custom)
2019-09-26 10:47:12,889 [pool-277-thread-1] INFO  server.RaftServerConfigKeys (ConfUtils.java:logGet(43)) - raft.server.log.segment.size.max = 1048576 (custom)
2019-09-26 10:47:12,889 [pool-277-thread-1] INFO  server.RaftServerConfigKeys (ConfUtils.java:logGet(43)) - raft.server.log.segment.cache.num.max = 2 (custom)
2019-09-26 10:47:12,889 [pool-277-thread-1] INFO  segmented.SegmentedRaftLogWorker (SegmentedRaftLogWorker.java:<init>(172)) - new 44cef61c-6e91-4f77-a22d-f8f1d1e33555@group-7A5B73C7803E-SegmentedRaftLogWorker for RaftStorage:Storage Directory /workdir/hadoop-ozone/ozonefs/target/test-dir/MiniOzoneClusterImpl-23841092-02d4-48e3-9aa2-56bb3a45a661/datanode-0/data/ratis/b4af5bc7-1b1e-454b-96e8-7a5b73c7803e
2019-09-26 10:47:12,889 [pool-277-thread-1] INFO  server.RaftServerConfigKeys (ConfUtils.java:logGet(43)) - raft.server.log.queue.byte-limit = 2147483647 (custom)
2019-09-26 10:47:12,890 [pool-277-thread-1] INFO  server.RaftServerConfigKeys (ConfUtils.java:logGet(43)) - raft.server.log.queue.element-limit = 1024 (custom)
2019-09-26 10:47:12,890 [pool-277-thread-1] INFO  server.RaftServerConfigKeys (ConfUtils.java:logGet(43)) - raft.server.log.segment.size.max = 1048576 (custom)
2019-09-26 10:47:12,890 [pool-277-thread-1] INFO  server.RaftServerConfigKeys (ConfUtils.java:logGet(43)) - raft.server.log.preallocated.size = 16384 (custom)
2019-09-26 10:47:12,890 [pool-277-thread-1] INFO  server.RaftServerConfigKeys (ConfUtils.java:logGet(43)) - raft.server.log.write.buffer.size = 33554432 (custom)
2019-09-26 10:47:12,890 [pool-277-thread-1] INFO  server.RaftServerConfigKeys (ConfUtils.java:logGet(43)) - raft.server.log.force.sync.num = 128 (default)
2019-09-26 10:47:12,890 [pool-277-thread-1] INFO  server.RaftServerConfigKeys (ConfUtils.java:logGet(43)) - raft.server.log.statemachine.data.sync = true (default)
2019-09-26 10:47:12,890 [pool-277-thread-1] INFO  server.RaftServerConfigKeys (ConfUtils.java:logGet(43)) - raft.server.log.statemachine.data.sync.timeout = 10s (default)
2019-09-26 10:47:12,891 [pool-277-thread-1] INFO  server.RaftServerConfigKeys (ConfUtils.java:logGet(43)) - raft.server.log.statemachine.data.sync.timeout.retry = -1 (default)
2019-09-26 10:47:12,891 [pool-277-thread-1] INFO  server.RaftServerConfigKeys (ConfUtils.java:logGet(43)) - raft.server.log.statemachine.data.caching.enabled = true (custom)
2019-09-26 10:47:12,891 [pool-277-thread-1] INFO  segmented.SegmentedRaftLogWorker (SegmentedRaftLogWorker.java:lambda$new$0(132)) - 44cef61c-6e91-4f77-a22d-f8f1d1e33555@group-7A5B73C7803E-SegmentedRaftLogWorker: flushIndex: setUnconditionally 0 -> -1
2019-09-26 10:47:12,891 [pool-277-thread-1] INFO  server.RaftServerConfigKeys (ConfUtils.java:logGet(43)) - raft.server.snapshot.auto.trigger.enabled = true (custom)
2019-09-26 10:47:12,891 [pool-277-thread-1] INFO  server.RaftServerConfigKeys (ConfUtils.java:logGet(43)) - raft.server.snapshot.auto.trigger.threshold = 10000 (custom)
2019-09-26 10:47:12,891 [pool-277-thread-1] INFO  server.RaftServerConfigKeys (ConfUtils.java:logGet(43)) - raft.server.snapshot.retention.num.files = 5 (custom)
2019-09-26 10:47:12,892 [pool-277-thread-1] INFO  server.RaftServerConfigKeys (ConfUtils.java:logGet(43)) - raft.server.retrycache.expirytime = 600000ms (custom)
2019-09-26 10:47:12,893 [pool-277-thread-1] INFO  impl.RaftServerImpl (RaftServerImpl.java:start(185)) - 44cef61c-6e91-4f77-a22d-f8f1d1e33555@group-7A5B73C7803E: start as a follower, conf=-1: [44cef61c-6e91-4f77-a22d-f8f1d1e33555:192.168.30.13:44120], old=null
2019-09-26 10:47:12,893 [pool-277-thread-1] INFO  impl.RaftServerImpl (RaftServerImpl.java:setRole(174)) - 44cef61c-6e91-4f77-a22d-f8f1d1e33555@group-7A5B73C7803E: changes role from      null to FOLLOWER at term 0 for startAsFollower
2019-09-26 10:47:12,893 [pool-277-thread-1] INFO  impl.RoleInfo (RoleInfo.java:updateAndGet(143)) - 44cef61c-6e91-4f77-a22d-f8f1d1e33555: start FollowerState
2019-09-26 10:47:12,894 [pool-277-thread-1] INFO  util.JmxRegister (JmxRegister.java:tryRegister(44)) - Successfully registered JMX Bean with object name Ratis:service=RaftServer,group=group-7A5B73C7803E,id=44cef61c-6e91-4f77-a22d-f8f1d1e33555
2019-09-26 10:47:12,896 [RatisPipelineUtilsThread] INFO  pipeline.PipelineStateManager (PipelineStateManager.java:addPipeline(56)) - Created pipeline Pipeline[ Id: b4af5bc7-1b1e-454b-96e8-7a5b73c7803e, Nodes: 44cef61c-6e91-4f77-a22d-f8f1d1e33555{ip: 192.168.30.13, host: pr-hdds-1569-wvzgm-824869521, networkLocation: /default-rack, certSerialId: null}, Type:RATIS, Factor:ONE, State:OPEN]
2019-09-26 10:47:12,897 [RatisPipelineUtilsThread] INFO  pipeline.PipelinePlacementPolicy (PipelinePlacementPolicy.java:meetCriteria(91)) - Pipeline Placement: can't place more pipeline on heavy datanode： 44cef61c-6e91-4f77-a22d-f8f1d1e33555 Heaviness: 6 limit: 5
2019-09-26 10:47:12,905 [grpc-default-executor-0] INFO  impl.RaftServerProxy (RaftServerProxy.java:addNew(89)) - 07700029-8fba-42bd-b1f5-1a847d21eaf0: addNew group-5FD772D061E4:[07700029-8fba-42bd-b1f5-1a847d21eaf0:192.168.30.13:37310] returns group-5FD772D061E4:java.util.concurrent.CompletableFuture@45c1ab9a[Not completed]
2019-09-26 10:47:12,907 [pool-297-thread-1] INFO  impl.RaftServerImpl (RaftServerImpl.java:<init>(95)) - 07700029-8fba-42bd-b1f5-1a847d21eaf0: new RaftServerImpl for group-5FD772D061E4:[07700029-8fba-42bd-b1f5-1a847d21eaf0:192.168.30.13:37310] with ContainerStateMachine:uninitialized
2019-09-26 10:47:12,907 [pool-297-thread-1] INFO  server.RaftServerConfigKeys (ConfUtils.java:logGet(43)) - raft.server.rpc.timeout.min = 5s (custom)
2019-09-26 10:47:12,907 [pool-297-thread-1] INFO  server.RaftServerConfigKeys (ConfUtils.java:logGet(43)) - raft.server.rpc.timeout.max = 5200ms (custom)
2019-09-26 10:47:12,907 [pool-297-thread-1] INFO  server.RaftServerConfigKeys (ConfUtils.java:logGet(43)) - raft.server.rpcslowness.timeout = 120s (custom)
2019-09-26 10:47:12,907 [pool-297-thread-1] INFO  server.RaftServerConfigKeys (ConfUtils.java:logGet(43)) - raft.server.sleep.deviation.threshold = 300 (default)
2019-09-26 10:47:12,907 [pool-297-thread-1] INFO  server.RaftServerConfigKeys (ConfUtils.java:logGet(43)) - raft.server.log.appender.install.snapshot.enabled = false (custom)
2019-09-26 10:47:12,908 [pool-297-thread-1] INFO  impl.RaftServerImpl (ServerState.java:<init>(103)) - 07700029-8fba-42bd-b1f5-1a847d21eaf0@group-5FD772D061E4: ConfigurationManager, init=-1: [07700029-8fba-42bd-b1f5-1a847d21eaf0:192.168.30.13:37310], old=null, confs=<EMPTY_MAP>
2019-09-26 10:47:12,908 [pool-297-thread-1] INFO  server.RaftServerConfigKeys (ConfUtils.java:logGet(43)) - raft.server.storage.dir = [/workdir/hadoop-ozone/ozonefs/target/test-dir/MiniOzoneClusterImpl-23841092-02d4-48e3-9aa2-56bb3a45a661/datanode-2/data/ratis] (custom)
2019-09-26 10:47:12,908 [pool-297-thread-1] INFO  storage.RaftStorageDirectory (RaftStorageDirectory.java:analyzeStorage(246)) - The storage directory /workdir/hadoop-ozone/ozonefs/target/test-dir/MiniOzoneClusterImpl-23841092-02d4-48e3-9aa2-56bb3a45a661/datanode-2/data/ratis/cfc37a2d-a684-42a7-82a9-5fd772d061e4 does not exist. Creating ...
2019-09-26 10:47:12,922 [pool-297-thread-1] INFO  storage.RaftStorageDirectory (RaftStorageDirectory.java:tryLock(328)) - Lock on /workdir/hadoop-ozone/ozonefs/target/test-dir/MiniOzoneClusterImpl-23841092-02d4-48e3-9aa2-56bb3a45a661/datanode-2/data/ratis/cfc37a2d-a684-42a7-82a9-5fd772d061e4/in_use.lock acquired by nodename 17018@pr-hdds-1569-wvzgm-824869521
2019-09-26 10:47:12,935 [pool-297-thread-1] INFO  storage.RaftStorage (RaftStorage.java:format(72)) - Storage directory /workdir/hadoop-ozone/ozonefs/target/test-dir/MiniOzoneClusterImpl-23841092-02d4-48e3-9aa2-56bb3a45a661/datanode-2/data/ratis/cfc37a2d-a684-42a7-82a9-5fd772d061e4 has been successfully formatted.
2019-09-26 10:47:12,935 [pool-297-thread-1] INFO  ratis.ContainerStateMachine (ContainerStateMachine.java:loadSnapshot(230)) - group-5FD772D061E4: The snapshot info is null. Setting the last applied indexto:(t:0, i:~)
2019-09-26 10:47:12,935 [pool-297-thread-1] INFO  server.RaftServerConfigKeys (ConfUtils.java:logGet(43)) - raft.server.notification.no-leader.timeout = 120s (custom)
2019-09-26 10:47:12,935 [pool-297-thread-1] INFO  server.RaftServerConfigKeys (ConfUtils.java:logGet(43)) - raft.server.log.use.memory = false (default)
2019-09-26 10:47:12,935 [pool-297-thread-1] INFO  server.RaftServerConfigKeys (ConfUtils.java:logGet(43)) - raft.server.log.purge.gap = 1000000 (custom)
2019-09-26 10:47:12,935 [pool-297-thread-1] INFO  server.RaftServerConfigKeys (ConfUtils.java:logGet(43)) - raft.server.log.appender.buffer.byte-limit = 33554432 (custom)
2019-09-26 10:47:12,935 [pool-297-thread-1] INFO  server.RaftServerConfigKeys (ConfUtils.java:logGet(43)) - raft.server.log.segment.size.max = 1048576 (custom)
2019-09-26 10:47:12,936 [pool-297-thread-1] INFO  server.RaftServerConfigKeys (ConfUtils.java:logGet(43)) - raft.server.log.segment.cache.num.max = 2 (custom)
2019-09-26 10:47:12,936 [pool-297-thread-1] INFO  segmented.SegmentedRaftLogWorker (SegmentedRaftLogWorker.java:<init>(172)) - new 07700029-8fba-42bd-b1f5-1a847d21eaf0@group-5FD772D061E4-SegmentedRaftLogWorker for RaftStorage:Storage Directory /workdir/hadoop-ozone/ozonefs/target/test-dir/MiniOzoneClusterImpl-23841092-02d4-48e3-9aa2-56bb3a45a661/datanode-2/data/ratis/cfc37a2d-a684-42a7-82a9-5fd772d061e4
2019-09-26 10:47:12,937 [pool-297-thread-1] INFO  server.RaftServerConfigKeys (ConfUtils.java:logGet(43)) - raft.server.log.queue.byte-limit = 2147483647 (custom)
2019-09-26 10:47:12,937 [pool-297-thread-1] INFO  server.RaftServerConfigKeys (ConfUtils.java:logGet(43)) - raft.server.log.queue.element-limit = 1024 (custom)
2019-09-26 10:47:12,938 [pool-297-thread-1] INFO  server.RaftServerConfigKeys (ConfUtils.java:logGet(43)) - raft.server.log.segment.size.max = 1048576 (custom)
2019-09-26 10:47:12,938 [pool-297-thread-1] INFO  server.RaftServerConfigKeys (ConfUtils.java:logGet(43)) - raft.server.log.preallocated.size = 16384 (custom)
2019-09-26 10:47:12,938 [pool-297-thread-1] INFO  server.RaftServerConfigKeys (ConfUtils.java:logGet(43)) - raft.server.log.write.buffer.size = 33554432 (custom)
2019-09-26 10:47:12,938 [pool-297-thread-1] INFO  server.RaftServerConfigKeys (ConfUtils.java:logGet(43)) - raft.server.log.force.sync.num = 128 (default)
2019-09-26 10:47:12,938 [pool-297-thread-1] INFO  server.RaftServerConfigKeys (ConfUtils.java:logGet(43)) - raft.server.log.statemachine.data.sync = true (default)
2019-09-26 10:47:12,938 [pool-297-thread-1] INFO  server.RaftServerConfigKeys (ConfUtils.java:logGet(43)) - raft.server.log.statemachine.data.sync.timeout = 10s (default)
2019-09-26 10:47:12,938 [pool-297-thread-1] INFO  server.RaftServerConfigKeys (ConfUtils.java:logGet(43)) - raft.server.log.statemachine.data.sync.timeout.retry = -1 (default)
2019-09-26 10:47:12,939 [pool-297-thread-1] INFO  server.RaftServerConfigKeys (ConfUtils.java:logGet(43)) - raft.server.log.statemachine.data.caching.enabled = true (custom)
2019-09-26 10:47:12,939 [pool-297-thread-1] INFO  segmented.SegmentedRaftLogWorker (SegmentedRaftLogWorker.java:lambda$new$0(132)) - 07700029-8fba-42bd-b1f5-1a847d21eaf0@group-5FD772D061E4-SegmentedRaftLogWorker: flushIndex: setUnconditionally 0 -> -1
2019-09-26 10:47:12,939 [pool-297-thread-1] INFO  server.RaftServerConfigKeys (ConfUtils.java:logGet(43)) - raft.server.snapshot.auto.trigger.enabled = true (custom)
2019-09-26 10:47:12,939 [pool-297-thread-1] INFO  server.RaftServerConfigKeys (ConfUtils.java:logGet(43)) - raft.server.snapshot.auto.trigger.threshold = 10000 (custom)
2019-09-26 10:47:12,939 [pool-297-thread-1] INFO  server.RaftServerConfigKeys (ConfUtils.java:logGet(43)) - raft.server.snapshot.retention.num.files = 5 (custom)
2019-09-26 10:47:12,940 [pool-297-thread-1] INFO  server.RaftServerConfigKeys (ConfUtils.java:logGet(43)) - raft.server.retrycache.expirytime = 600000ms (custom)
2019-09-26 10:47:12,941 [pool-297-thread-1] INFO  impl.RaftServerImpl (RaftServerImpl.java:start(185)) - 07700029-8fba-42bd-b1f5-1a847d21eaf0@group-5FD772D061E4: start as a follower, conf=-1: [07700029-8fba-42bd-b1f5-1a847d21eaf0:192.168.30.13:37310], old=null
2019-09-26 10:47:12,941 [pool-297-thread-1] INFO  impl.RaftServerImpl (RaftServerImpl.java:setRole(174)) - 07700029-8fba-42bd-b1f5-1a847d21eaf0@group-5FD772D061E4: changes role from      null to FOLLOWER at term 0 for startAsFollower
2019-09-26 10:47:12,941 [pool-297-thread-1] INFO  impl.RoleInfo (RoleInfo.java:updateAndGet(143)) - 07700029-8fba-42bd-b1f5-1a847d21eaf0: start FollowerState
2019-09-26 10:47:12,942 [pool-297-thread-1] INFO  util.JmxRegister (JmxRegister.java:tryRegister(44)) - Successfully registered JMX Bean with object name Ratis:service=RaftServer,group=group-5FD772D061E4,id=07700029-8fba-42bd-b1f5-1a847d21eaf0
2019-09-26 10:47:12,944 [RatisPipelineUtilsThread] INFO  pipeline.PipelineStateManager (PipelineStateManager.java:addPipeline(56)) - Created pipeline Pipeline[ Id: cfc37a2d-a684-42a7-82a9-5fd772d061e4, Nodes: 07700029-8fba-42bd-b1f5-1a847d21eaf0{ip: 192.168.30.13, host: pr-hdds-1569-wvzgm-824869521, networkLocation: /default-rack, certSerialId: null}, Type:RATIS, Factor:ONE, State:OPEN]
2019-09-26 10:47:12,945 [RatisPipelineUtilsThread] INFO  pipeline.PipelinePlacementPolicy (PipelinePlacementPolicy.java:meetCriteria(91)) - Pipeline Placement: can't place more pipeline on heavy datanode： 44cef61c-6e91-4f77-a22d-f8f1d1e33555 Heaviness: 6 limit: 5
2019-09-26 10:47:12,950 [grpc-default-executor-0] INFO  impl.RaftServerProxy (RaftServerProxy.java:addNew(89)) - 07700029-8fba-42bd-b1f5-1a847d21eaf0: addNew group-B677AB257141:[07700029-8fba-42bd-b1f5-1a847d21eaf0:192.168.30.13:37310] returns group-B677AB257141:java.util.concurrent.CompletableFuture@1ddab3fd[Not completed]
2019-09-26 10:47:12,950 [pool-297-thread-1] INFO  impl.RaftServerImpl (RaftServerImpl.java:<init>(95)) - 07700029-8fba-42bd-b1f5-1a847d21eaf0: new RaftServerImpl for group-B677AB257141:[07700029-8fba-42bd-b1f5-1a847d21eaf0:192.168.30.13:37310] with ContainerStateMachine:uninitialized
2019-09-26 10:47:12,951 [pool-297-thread-1] INFO  server.RaftServerConfigKeys (ConfUtils.java:logGet(43)) - raft.server.rpc.timeout.min = 5s (custom)
2019-09-26 10:47:12,951 [pool-297-thread-1] INFO  server.RaftServerConfigKeys (ConfUtils.java:logGet(43)) - raft.server.rpc.timeout.max = 5200ms (custom)
2019-09-26 10:47:12,951 [pool-297-thread-1] INFO  server.RaftServerConfigKeys (ConfUtils.java:logGet(43)) - raft.server.rpcslowness.timeout = 120s (custom)
2019-09-26 10:47:12,951 [pool-297-thread-1] INFO  server.RaftServerConfigKeys (ConfUtils.java:logGet(43)) - raft.server.sleep.deviation.threshold = 300 (default)
2019-09-26 10:47:12,951 [pool-297-thread-1] INFO  server.RaftServerConfigKeys (ConfUtils.java:logGet(43)) - raft.server.log.appender.install.snapshot.enabled = false (custom)
2019-09-26 10:47:12,951 [pool-297-thread-1] INFO  impl.RaftServerImpl (ServerState.java:<init>(103)) - 07700029-8fba-42bd-b1f5-1a847d21eaf0@group-B677AB257141: ConfigurationManager, init=-1: [07700029-8fba-42bd-b1f5-1a847d21eaf0:192.168.30.13:37310], old=null, confs=<EMPTY_MAP>
2019-09-26 10:47:12,951 [pool-297-thread-1] INFO  server.RaftServerConfigKeys (ConfUtils.java:logGet(43)) - raft.server.storage.dir = [/workdir/hadoop-ozone/ozonefs/target/test-dir/MiniOzoneClusterImpl-23841092-02d4-48e3-9aa2-56bb3a45a661/datanode-2/data/ratis] (custom)
2019-09-26 10:47:12,952 [pool-297-thread-1] INFO  storage.RaftStorageDirectory (RaftStorageDirectory.java:analyzeStorage(246)) - The storage directory /workdir/hadoop-ozone/ozonefs/target/test-dir/MiniOzoneClusterImpl-23841092-02d4-48e3-9aa2-56bb3a45a661/datanode-2/data/ratis/cde67ada-00d1-4225-b4df-b677ab257141 does not exist. Creating ...
2019-09-26 10:47:12,964 [pool-297-thread-1] INFO  storage.RaftStorageDirectory (RaftStorageDirectory.java:tryLock(328)) - Lock on /workdir/hadoop-ozone/ozonefs/target/test-dir/MiniOzoneClusterImpl-23841092-02d4-48e3-9aa2-56bb3a45a661/datanode-2/data/ratis/cde67ada-00d1-4225-b4df-b677ab257141/in_use.lock acquired by nodename 17018@pr-hdds-1569-wvzgm-824869521
2019-09-26 10:47:12,976 [pool-297-thread-1] INFO  storage.RaftStorage (RaftStorage.java:format(72)) - Storage directory /workdir/hadoop-ozone/ozonefs/target/test-dir/MiniOzoneClusterImpl-23841092-02d4-48e3-9aa2-56bb3a45a661/datanode-2/data/ratis/cde67ada-00d1-4225-b4df-b677ab257141 has been successfully formatted.
2019-09-26 10:47:12,977 [pool-297-thread-1] INFO  ratis.ContainerStateMachine (ContainerStateMachine.java:loadSnapshot(230)) - group-B677AB257141: The snapshot info is null. Setting the last applied indexto:(t:0, i:~)
2019-09-26 10:47:12,977 [pool-297-thread-1] INFO  server.RaftServerConfigKeys (ConfUtils.java:logGet(43)) - raft.server.notification.no-leader.timeout = 120s (custom)
2019-09-26 10:47:12,977 [pool-297-thread-1] INFO  server.RaftServerConfigKeys (ConfUtils.java:logGet(43)) - raft.server.log.use.memory = false (default)
2019-09-26 10:47:12,977 [pool-297-thread-1] INFO  server.RaftServerConfigKeys (ConfUtils.java:logGet(43)) - raft.server.log.purge.gap = 1000000 (custom)
2019-09-26 10:47:12,977 [pool-297-thread-1] INFO  server.RaftServerConfigKeys (ConfUtils.java:logGet(43)) - raft.server.log.appender.buffer.byte-limit = 33554432 (custom)
2019-09-26 10:47:12,977 [pool-297-thread-1] INFO  server.RaftServerConfigKeys (ConfUtils.java:logGet(43)) - raft.server.log.segment.size.max = 1048576 (custom)
2019-09-26 10:47:12,978 [pool-297-thread-1] INFO  server.RaftServerConfigKeys (ConfUtils.java:logGet(43)) - raft.server.log.segment.cache.num.max = 2 (custom)
2019-09-26 10:47:12,978 [pool-297-thread-1] INFO  segmented.SegmentedRaftLogWorker (SegmentedRaftLogWorker.java:<init>(172)) - new 07700029-8fba-42bd-b1f5-1a847d21eaf0@group-B677AB257141-SegmentedRaftLogWorker for RaftStorage:Storage Directory /workdir/hadoop-ozone/ozonefs/target/test-dir/MiniOzoneClusterImpl-23841092-02d4-48e3-9aa2-56bb3a45a661/datanode-2/data/ratis/cde67ada-00d1-4225-b4df-b677ab257141
2019-09-26 10:47:12,978 [pool-297-thread-1] INFO  server.RaftServerConfigKeys (ConfUtils.java:logGet(43)) - raft.server.log.queue.byte-limit = 2147483647 (custom)
2019-09-26 10:47:12,978 [pool-297-thread-1] INFO  server.RaftServerConfigKeys (ConfUtils.java:logGet(43)) - raft.server.log.queue.element-limit = 1024 (custom)
2019-09-26 10:47:12,978 [pool-297-thread-1] INFO  server.RaftServerConfigKeys (ConfUtils.java:logGet(43)) - raft.server.log.segment.size.max = 1048576 (custom)
2019-09-26 10:47:12,978 [pool-297-thread-1] INFO  server.RaftServerConfigKeys (ConfUtils.java:logGet(43)) - raft.server.log.preallocated.size = 16384 (custom)
2019-09-26 10:47:12,978 [pool-297-thread-1] INFO  server.RaftServerConfigKeys (ConfUtils.java:logGet(43)) - raft.server.log.write.buffer.size = 33554432 (custom)
2019-09-26 10:47:12,978 [pool-297-thread-1] INFO  server.RaftServerConfigKeys (ConfUtils.java:logGet(43)) - raft.server.log.force.sync.num = 128 (default)
2019-09-26 10:47:12,979 [pool-297-thread-1] INFO  server.RaftServerConfigKeys (ConfUtils.java:logGet(43)) - raft.server.log.statemachine.data.sync = true (default)
2019-09-26 10:47:12,979 [pool-297-thread-1] INFO  server.RaftServerConfigKeys (ConfUtils.java:logGet(43)) - raft.server.log.statemachine.data.sync.timeout = 10s (default)
2019-09-26 10:47:12,979 [pool-297-thread-1] INFO  server.RaftServerConfigKeys (ConfUtils.java:logGet(43)) - raft.server.log.statemachine.data.sync.timeout.retry = -1 (default)
2019-09-26 10:47:12,979 [pool-297-thread-1] INFO  server.RaftServerConfigKeys (ConfUtils.java:logGet(43)) - raft.server.log.statemachine.data.caching.enabled = true (custom)
2019-09-26 10:47:12,979 [pool-297-thread-1] INFO  segmented.SegmentedRaftLogWorker (SegmentedRaftLogWorker.java:lambda$new$0(132)) - 07700029-8fba-42bd-b1f5-1a847d21eaf0@group-B677AB257141-SegmentedRaftLogWorker: flushIndex: setUnconditionally 0 -> -1
2019-09-26 10:47:12,980 [pool-297-thread-1] INFO  server.RaftServerConfigKeys (ConfUtils.java:logGet(43)) - raft.server.snapshot.auto.trigger.enabled = true (custom)
2019-09-26 10:47:12,980 [pool-297-thread-1] INFO  server.RaftServerConfigKeys (ConfUtils.java:logGet(43)) - raft.server.snapshot.auto.trigger.threshold = 10000 (custom)
2019-09-26 10:47:12,980 [pool-297-thread-1] INFO  server.RaftServerConfigKeys (ConfUtils.java:logGet(43)) - raft.server.snapshot.retention.num.files = 5 (custom)
2019-09-26 10:47:12,980 [pool-297-thread-1] INFO  server.RaftServerConfigKeys (ConfUtils.java:logGet(43)) - raft.server.retrycache.expirytime = 600000ms (custom)
2019-09-26 10:47:12,982 [pool-297-thread-1] INFO  impl.RaftServerImpl (RaftServerImpl.java:start(185)) - 07700029-8fba-42bd-b1f5-1a847d21eaf0@group-B677AB257141: start as a follower, conf=-1: [07700029-8fba-42bd-b1f5-1a847d21eaf0:192.168.30.13:37310], old=null
2019-09-26 10:47:12,982 [pool-297-thread-1] INFO  impl.RaftServerImpl (RaftServerImpl.java:setRole(174)) - 07700029-8fba-42bd-b1f5-1a847d21eaf0@group-B677AB257141: changes role from      null to FOLLOWER at term 0 for startAsFollower
2019-09-26 10:47:12,982 [pool-297-thread-1] INFO  impl.RoleInfo (RoleInfo.java:updateAndGet(143)) - 07700029-8fba-42bd-b1f5-1a847d21eaf0: start FollowerState
2019-09-26 10:47:12,982 [pool-297-thread-1] INFO  util.JmxRegister (JmxRegister.java:tryRegister(44)) - Successfully registered JMX Bean with object name Ratis:service=RaftServer,group=group-B677AB257141,id=07700029-8fba-42bd-b1f5-1a847d21eaf0
2019-09-26 10:47:12,985 [RatisPipelineUtilsThread] INFO  pipeline.PipelineStateManager (PipelineStateManager.java:addPipeline(56)) - Created pipeline Pipeline[ Id: cde67ada-00d1-4225-b4df-b677ab257141, Nodes: 07700029-8fba-42bd-b1f5-1a847d21eaf0{ip: 192.168.30.13, host: pr-hdds-1569-wvzgm-824869521, networkLocation: /default-rack, certSerialId: null}, Type:RATIS, Factor:ONE, State:OPEN]
2019-09-26 10:47:12,986 [RatisPipelineUtilsThread] INFO  pipeline.PipelinePlacementPolicy (PipelinePlacementPolicy.java:meetCriteria(91)) - Pipeline Placement: can't place more pipeline on heavy datanode： 44cef61c-6e91-4f77-a22d-f8f1d1e33555 Heaviness: 6 limit: 5
2019-09-26 10:47:12,991 [grpc-default-executor-0] INFO  impl.RaftServerProxy (RaftServerProxy.java:addNew(89)) - 07700029-8fba-42bd-b1f5-1a847d21eaf0: addNew group-F5520A7A3233:[07700029-8fba-42bd-b1f5-1a847d21eaf0:192.168.30.13:37310] returns group-F5520A7A3233:java.util.concurrent.CompletableFuture@45b0b2ec[Not completed]
2019-09-26 10:47:12,992 [pool-297-thread-1] INFO  impl.RaftServerImpl (RaftServerImpl.java:<init>(95)) - 07700029-8fba-42bd-b1f5-1a847d21eaf0: new RaftServerImpl for group-F5520A7A3233:[07700029-8fba-42bd-b1f5-1a847d21eaf0:192.168.30.13:37310] with ContainerStateMachine:uninitialized
2019-09-26 10:47:12,992 [pool-297-thread-1] INFO  server.RaftServerConfigKeys (ConfUtils.java:logGet(43)) - raft.server.rpc.timeout.min = 5s (custom)
2019-09-26 10:47:12,992 [pool-297-thread-1] INFO  server.RaftServerConfigKeys (ConfUtils.java:logGet(43)) - raft.server.rpc.timeout.max = 5200ms (custom)
2019-09-26 10:47:12,992 [pool-297-thread-1] INFO  server.RaftServerConfigKeys (ConfUtils.java:logGet(43)) - raft.server.rpcslowness.timeout = 120s (custom)
2019-09-26 10:47:12,992 [pool-297-thread-1] INFO  server.RaftServerConfigKeys (ConfUtils.java:logGet(43)) - raft.server.sleep.deviation.threshold = 300 (default)
2019-09-26 10:47:12,992 [pool-297-thread-1] INFO  server.RaftServerConfigKeys (ConfUtils.java:logGet(43)) - raft.server.log.appender.install.snapshot.enabled = false (custom)
2019-09-26 10:47:12,993 [pool-297-thread-1] INFO  impl.RaftServerImpl (ServerState.java:<init>(103)) - 07700029-8fba-42bd-b1f5-1a847d21eaf0@group-F5520A7A3233: ConfigurationManager, init=-1: [07700029-8fba-42bd-b1f5-1a847d21eaf0:192.168.30.13:37310], old=null, confs=<EMPTY_MAP>
2019-09-26 10:47:12,993 [pool-297-thread-1] INFO  server.RaftServerConfigKeys (ConfUtils.java:logGet(43)) - raft.server.storage.dir = [/workdir/hadoop-ozone/ozonefs/target/test-dir/MiniOzoneClusterImpl-23841092-02d4-48e3-9aa2-56bb3a45a661/datanode-2/data/ratis] (custom)
2019-09-26 10:47:12,993 [pool-297-thread-1] INFO  storage.RaftStorageDirectory (RaftStorageDirectory.java:analyzeStorage(246)) - The storage directory /workdir/hadoop-ozone/ozonefs/target/test-dir/MiniOzoneClusterImpl-23841092-02d4-48e3-9aa2-56bb3a45a661/datanode-2/data/ratis/c1af0d89-7e4c-4e7c-ad1e-f5520a7a3233 does not exist. Creating ...
2019-09-26 10:47:13,006 [pool-297-thread-1] INFO  storage.RaftStorageDirectory (RaftStorageDirectory.java:tryLock(328)) - Lock on /workdir/hadoop-ozone/ozonefs/target/test-dir/MiniOzoneClusterImpl-23841092-02d4-48e3-9aa2-56bb3a45a661/datanode-2/data/ratis/c1af0d89-7e4c-4e7c-ad1e-f5520a7a3233/in_use.lock acquired by nodename 17018@pr-hdds-1569-wvzgm-824869521
2019-09-26 10:47:13,018 [pool-297-thread-1] INFO  storage.RaftStorage (RaftStorage.java:format(72)) - Storage directory /workdir/hadoop-ozone/ozonefs/target/test-dir/MiniOzoneClusterImpl-23841092-02d4-48e3-9aa2-56bb3a45a661/datanode-2/data/ratis/c1af0d89-7e4c-4e7c-ad1e-f5520a7a3233 has been successfully formatted.
2019-09-26 10:47:13,019 [pool-297-thread-1] INFO  ratis.ContainerStateMachine (ContainerStateMachine.java:loadSnapshot(230)) - group-F5520A7A3233: The snapshot info is null. Setting the last applied indexto:(t:0, i:~)
2019-09-26 10:47:13,020 [pool-297-thread-1] INFO  server.RaftServerConfigKeys (ConfUtils.java:logGet(43)) - raft.server.notification.no-leader.timeout = 120s (custom)
2019-09-26 10:47:13,020 [pool-297-thread-1] INFO  server.RaftServerConfigKeys (ConfUtils.java:logGet(43)) - raft.server.log.use.memory = false (default)
2019-09-26 10:47:13,020 [pool-297-thread-1] INFO  server.RaftServerConfigKeys (ConfUtils.java:logGet(43)) - raft.server.log.purge.gap = 1000000 (custom)
2019-09-26 10:47:13,020 [pool-297-thread-1] INFO  server.RaftServerConfigKeys (ConfUtils.java:logGet(43)) - raft.server.log.appender.buffer.byte-limit = 33554432 (custom)
2019-09-26 10:47:13,020 [pool-297-thread-1] INFO  server.RaftServerConfigKeys (ConfUtils.java:logGet(43)) - raft.server.log.segment.size.max = 1048576 (custom)
2019-09-26 10:47:13,021 [pool-297-thread-1] INFO  server.RaftServerConfigKeys (ConfUtils.java:logGet(43)) - raft.server.log.segment.cache.num.max = 2 (custom)
2019-09-26 10:47:13,021 [pool-297-thread-1] INFO  segmented.SegmentedRaftLogWorker (SegmentedRaftLogWorker.java:<init>(172)) - new 07700029-8fba-42bd-b1f5-1a847d21eaf0@group-F5520A7A3233-SegmentedRaftLogWorker for RaftStorage:Storage Directory /workdir/hadoop-ozone/ozonefs/target/test-dir/MiniOzoneClusterImpl-23841092-02d4-48e3-9aa2-56bb3a45a661/datanode-2/data/ratis/c1af0d89-7e4c-4e7c-ad1e-f5520a7a3233
2019-09-26 10:47:13,021 [pool-297-thread-1] INFO  server.RaftServerConfigKeys (ConfUtils.java:logGet(43)) - raft.server.log.queue.byte-limit = 2147483647 (custom)
2019-09-26 10:47:13,021 [pool-297-thread-1] INFO  server.RaftServerConfigKeys (ConfUtils.java:logGet(43)) - raft.server.log.queue.element-limit = 1024 (custom)
2019-09-26 10:47:13,021 [pool-297-thread-1] INFO  server.RaftServerConfigKeys (ConfUtils.java:logGet(43)) - raft.server.log.segment.size.max = 1048576 (custom)
2019-09-26 10:47:13,021 [pool-297-thread-1] INFO  server.RaftServerConfigKeys (ConfUtils.java:logGet(43)) - raft.server.log.preallocated.size = 16384 (custom)
2019-09-26 10:47:13,022 [pool-297-thread-1] INFO  server.RaftServerConfigKeys (ConfUtils.java:logGet(43)) - raft.server.log.write.buffer.size = 33554432 (custom)
2019-09-26 10:47:13,022 [pool-297-thread-1] INFO  server.RaftServerConfigKeys (ConfUtils.java:logGet(43)) - raft.server.log.force.sync.num = 128 (default)
2019-09-26 10:47:13,022 [pool-297-thread-1] INFO  server.RaftServerConfigKeys (ConfUtils.java:logGet(43)) - raft.server.log.statemachine.data.sync = true (default)
2019-09-26 10:47:13,022 [pool-297-thread-1] INFO  server.RaftServerConfigKeys (ConfUtils.java:logGet(43)) - raft.server.log.statemachine.data.sync.timeout = 10s (default)
2019-09-26 10:47:13,022 [pool-297-thread-1] INFO  server.RaftServerConfigKeys (ConfUtils.java:logGet(43)) - raft.server.log.statemachine.data.sync.timeout.retry = -1 (default)
2019-09-26 10:47:13,022 [pool-297-thread-1] INFO  server.RaftServerConfigKeys (ConfUtils.java:logGet(43)) - raft.server.log.statemachine.data.caching.enabled = true (custom)
2019-09-26 10:47:13,023 [pool-297-thread-1] INFO  segmented.SegmentedRaftLogWorker (SegmentedRaftLogWorker.java:lambda$new$0(132)) - 07700029-8fba-42bd-b1f5-1a847d21eaf0@group-F5520A7A3233-SegmentedRaftLogWorker: flushIndex: setUnconditionally 0 -> -1
2019-09-26 10:47:13,023 [pool-297-thread-1] INFO  server.RaftServerConfigKeys (ConfUtils.java:logGet(43)) - raft.server.snapshot.auto.trigger.enabled = true (custom)
2019-09-26 10:47:13,023 [pool-297-thread-1] INFO  server.RaftServerConfigKeys (ConfUtils.java:logGet(43)) - raft.server.snapshot.auto.trigger.threshold = 10000 (custom)
2019-09-26 10:47:13,023 [pool-297-thread-1] INFO  server.RaftServerConfigKeys (ConfUtils.java:logGet(43)) - raft.server.snapshot.retention.num.files = 5 (custom)
2019-09-26 10:47:13,023 [pool-297-thread-1] INFO  server.RaftServerConfigKeys (ConfUtils.java:logGet(43)) - raft.server.retrycache.expirytime = 600000ms (custom)
2019-09-26 10:47:13,025 [pool-297-thread-1] INFO  impl.RaftServerImpl (RaftServerImpl.java:start(185)) - 07700029-8fba-42bd-b1f5-1a847d21eaf0@group-F5520A7A3233: start as a follower, conf=-1: [07700029-8fba-42bd-b1f5-1a847d21eaf0:192.168.30.13:37310], old=null
2019-09-26 10:47:13,026 [pool-297-thread-1] INFO  impl.RaftServerImpl (RaftServerImpl.java:setRole(174)) - 07700029-8fba-42bd-b1f5-1a847d21eaf0@group-F5520A7A3233: changes role from      null to FOLLOWER at term 0 for startAsFollower
2019-09-26 10:47:13,026 [pool-297-thread-1] INFO  impl.RoleInfo (RoleInfo.java:updateAndGet(143)) - 07700029-8fba-42bd-b1f5-1a847d21eaf0: start FollowerState
2019-09-26 10:47:13,026 [pool-297-thread-1] INFO  util.JmxRegister (JmxRegister.java:tryRegister(44)) - Successfully registered JMX Bean with object name Ratis:service=RaftServer,group=group-F5520A7A3233,id=07700029-8fba-42bd-b1f5-1a847d21eaf0
2019-09-26 10:47:13,029 [RatisPipelineUtilsThread] INFO  pipeline.PipelineStateManager (PipelineStateManager.java:addPipeline(56)) - Created pipeline Pipeline[ Id: c1af0d89-7e4c-4e7c-ad1e-f5520a7a3233, Nodes: 07700029-8fba-42bd-b1f5-1a847d21eaf0{ip: 192.168.30.13, host: pr-hdds-1569-wvzgm-824869521, networkLocation: /default-rack, certSerialId: null}, Type:RATIS, Factor:ONE, State:OPEN]
2019-09-26 10:47:13,029 [RatisPipelineUtilsThread] INFO  pipeline.PipelinePlacementPolicy (PipelinePlacementPolicy.java:meetCriteria(91)) - Pipeline Placement: can't place more pipeline on heavy datanode： 44cef61c-6e91-4f77-a22d-f8f1d1e33555 Heaviness: 6 limit: 5
2019-09-26 10:47:13,035 [grpc-default-executor-0] INFO  impl.RaftServerProxy (RaftServerProxy.java:addNew(89)) - cd1fcbfa-944d-480b-9151-445d9a18536b: addNew group-FE92F4B5F550:[cd1fcbfa-944d-480b-9151-445d9a18536b:192.168.30.13:42343] returns group-FE92F4B5F550:java.util.concurrent.CompletableFuture@65b7fbbf[Not completed]
2019-09-26 10:47:13,037 [pool-287-thread-1] INFO  impl.RaftServerImpl (RaftServerImpl.java:<init>(95)) - cd1fcbfa-944d-480b-9151-445d9a18536b: new RaftServerImpl for group-FE92F4B5F550:[cd1fcbfa-944d-480b-9151-445d9a18536b:192.168.30.13:42343] with ContainerStateMachine:uninitialized
2019-09-26 10:47:13,037 [pool-287-thread-1] INFO  server.RaftServerConfigKeys (ConfUtils.java:logGet(43)) - raft.server.rpc.timeout.min = 5s (custom)
2019-09-26 10:47:13,037 [pool-287-thread-1] INFO  server.RaftServerConfigKeys (ConfUtils.java:logGet(43)) - raft.server.rpc.timeout.max = 5200ms (custom)
2019-09-26 10:47:13,037 [pool-287-thread-1] INFO  server.RaftServerConfigKeys (ConfUtils.java:logGet(43)) - raft.server.rpcslowness.timeout = 120s (custom)
2019-09-26 10:47:13,037 [pool-287-thread-1] INFO  server.RaftServerConfigKeys (ConfUtils.java:logGet(43)) - raft.server.sleep.deviation.threshold = 300 (default)
2019-09-26 10:47:13,037 [pool-287-thread-1] INFO  server.RaftServerConfigKeys (ConfUtils.java:logGet(43)) - raft.server.log.appender.install.snapshot.enabled = false (custom)
2019-09-26 10:47:13,037 [pool-287-thread-1] INFO  impl.RaftServerImpl (ServerState.java:<init>(103)) - cd1fcbfa-944d-480b-9151-445d9a18536b@group-FE92F4B5F550: ConfigurationManager, init=-1: [cd1fcbfa-944d-480b-9151-445d9a18536b:192.168.30.13:42343], old=null, confs=<EMPTY_MAP>
2019-09-26 10:47:13,038 [pool-287-thread-1] INFO  server.RaftServerConfigKeys (ConfUtils.java:logGet(43)) - raft.server.storage.dir = [/workdir/hadoop-ozone/ozonefs/target/test-dir/MiniOzoneClusterImpl-23841092-02d4-48e3-9aa2-56bb3a45a661/datanode-1/data/ratis] (custom)
2019-09-26 10:47:13,038 [pool-287-thread-1] INFO  storage.RaftStorageDirectory (RaftStorageDirectory.java:analyzeStorage(246)) - The storage directory /workdir/hadoop-ozone/ozonefs/target/test-dir/MiniOzoneClusterImpl-23841092-02d4-48e3-9aa2-56bb3a45a661/datanode-1/data/ratis/72dc28ed-4205-4008-8f6e-fe92f4b5f550 does not exist. Creating ...
2019-09-26 10:47:13,050 [pool-287-thread-1] INFO  storage.RaftStorageDirectory (RaftStorageDirectory.java:tryLock(328)) - Lock on /workdir/hadoop-ozone/ozonefs/target/test-dir/MiniOzoneClusterImpl-23841092-02d4-48e3-9aa2-56bb3a45a661/datanode-1/data/ratis/72dc28ed-4205-4008-8f6e-fe92f4b5f550/in_use.lock acquired by nodename 17018@pr-hdds-1569-wvzgm-824869521
2019-09-26 10:47:13,077 [pool-287-thread-1] INFO  storage.RaftStorage (RaftStorage.java:format(72)) - Storage directory /workdir/hadoop-ozone/ozonefs/target/test-dir/MiniOzoneClusterImpl-23841092-02d4-48e3-9aa2-56bb3a45a661/datanode-1/data/ratis/72dc28ed-4205-4008-8f6e-fe92f4b5f550 has been successfully formatted.
2019-09-26 10:47:13,078 [pool-287-thread-1] INFO  ratis.ContainerStateMachine (ContainerStateMachine.java:loadSnapshot(230)) - group-FE92F4B5F550: The snapshot info is null. Setting the last applied indexto:(t:0, i:~)
2019-09-26 10:47:13,078 [pool-287-thread-1] INFO  server.RaftServerConfigKeys (ConfUtils.java:logGet(43)) - raft.server.notification.no-leader.timeout = 120s (custom)
2019-09-26 10:47:13,078 [pool-287-thread-1] INFO  server.RaftServerConfigKeys (ConfUtils.java:logGet(43)) - raft.server.log.use.memory = false (default)
2019-09-26 10:47:13,078 [pool-287-thread-1] INFO  server.RaftServerConfigKeys (ConfUtils.java:logGet(43)) - raft.server.log.purge.gap = 1000000 (custom)
2019-09-26 10:47:13,078 [pool-287-thread-1] INFO  server.RaftServerConfigKeys (ConfUtils.java:logGet(43)) - raft.server.log.appender.buffer.byte-limit = 33554432 (custom)
2019-09-26 10:47:13,079 [pool-287-thread-1] INFO  server.RaftServerConfigKeys (ConfUtils.java:logGet(43)) - raft.server.log.segment.size.max = 1048576 (custom)
2019-09-26 10:47:13,079 [pool-287-thread-1] INFO  server.RaftServerConfigKeys (ConfUtils.java:logGet(43)) - raft.server.log.segment.cache.num.max = 2 (custom)
2019-09-26 10:47:13,079 [pool-287-thread-1] INFO  segmented.SegmentedRaftLogWorker (SegmentedRaftLogWorker.java:<init>(172)) - new cd1fcbfa-944d-480b-9151-445d9a18536b@group-FE92F4B5F550-SegmentedRaftLogWorker for RaftStorage:Storage Directory /workdir/hadoop-ozone/ozonefs/target/test-dir/MiniOzoneClusterImpl-23841092-02d4-48e3-9aa2-56bb3a45a661/datanode-1/data/ratis/72dc28ed-4205-4008-8f6e-fe92f4b5f550
2019-09-26 10:47:13,079 [pool-287-thread-1] INFO  server.RaftServerConfigKeys (ConfUtils.java:logGet(43)) - raft.server.log.queue.byte-limit = 2147483647 (custom)
2019-09-26 10:47:13,079 [pool-287-thread-1] INFO  server.RaftServerConfigKeys (ConfUtils.java:logGet(43)) - raft.server.log.queue.element-limit = 1024 (custom)
2019-09-26 10:47:13,079 [pool-287-thread-1] INFO  server.RaftServerConfigKeys (ConfUtils.java:logGet(43)) - raft.server.log.segment.size.max = 1048576 (custom)
2019-09-26 10:47:13,080 [pool-287-thread-1] INFO  server.RaftServerConfigKeys (ConfUtils.java:logGet(43)) - raft.server.log.preallocated.size = 16384 (custom)
2019-09-26 10:47:13,080 [pool-287-thread-1] INFO  server.RaftServerConfigKeys (ConfUtils.java:logGet(43)) - raft.server.log.write.buffer.size = 33554432 (custom)
2019-09-26 10:47:13,080 [pool-287-thread-1] INFO  server.RaftServerConfigKeys (ConfUtils.java:logGet(43)) - raft.server.log.force.sync.num = 128 (default)
2019-09-26 10:47:13,080 [pool-287-thread-1] INFO  server.RaftServerConfigKeys (ConfUtils.java:logGet(43)) - raft.server.log.statemachine.data.sync = true (default)
2019-09-26 10:47:13,080 [pool-287-thread-1] INFO  server.RaftServerConfigKeys (ConfUtils.java:logGet(43)) - raft.server.log.statemachine.data.sync.timeout = 10s (default)
2019-09-26 10:47:13,080 [pool-287-thread-1] INFO  server.RaftServerConfigKeys (ConfUtils.java:logGet(43)) - raft.server.log.statemachine.data.sync.timeout.retry = -1 (default)
2019-09-26 10:47:13,081 [pool-287-thread-1] INFO  server.RaftServerConfigKeys (ConfUtils.java:logGet(43)) - raft.server.log.statemachine.data.caching.enabled = true (custom)
2019-09-26 10:47:13,081 [pool-287-thread-1] INFO  segmented.SegmentedRaftLogWorker (SegmentedRaftLogWorker.java:lambda$new$0(132)) - cd1fcbfa-944d-480b-9151-445d9a18536b@group-FE92F4B5F550-SegmentedRaftLogWorker: flushIndex: setUnconditionally 0 -> -1
2019-09-26 10:47:13,081 [pool-287-thread-1] INFO  server.RaftServerConfigKeys (ConfUtils.java:logGet(43)) - raft.server.snapshot.auto.trigger.enabled = true (custom)
2019-09-26 10:47:13,081 [pool-287-thread-1] INFO  server.RaftServerConfigKeys (ConfUtils.java:logGet(43)) - raft.server.snapshot.auto.trigger.threshold = 10000 (custom)
2019-09-26 10:47:13,082 [pool-287-thread-1] INFO  server.RaftServerConfigKeys (ConfUtils.java:logGet(43)) - raft.server.snapshot.retention.num.files = 5 (custom)
2019-09-26 10:47:13,082 [pool-287-thread-1] INFO  server.RaftServerConfigKeys (ConfUtils.java:logGet(43)) - raft.server.retrycache.expirytime = 600000ms (custom)
2019-09-26 10:47:13,084 [pool-287-thread-1] INFO  impl.RaftServerImpl (RaftServerImpl.java:start(185)) - cd1fcbfa-944d-480b-9151-445d9a18536b@group-FE92F4B5F550: start as a follower, conf=-1: [cd1fcbfa-944d-480b-9151-445d9a18536b:192.168.30.13:42343], old=null
2019-09-26 10:47:13,084 [pool-287-thread-1] INFO  impl.RaftServerImpl (RaftServerImpl.java:setRole(174)) - cd1fcbfa-944d-480b-9151-445d9a18536b@group-FE92F4B5F550: changes role from      null to FOLLOWER at term 0 for startAsFollower
2019-09-26 10:47:13,084 [pool-287-thread-1] INFO  impl.RoleInfo (RoleInfo.java:updateAndGet(143)) - cd1fcbfa-944d-480b-9151-445d9a18536b: start FollowerState
2019-09-26 10:47:13,085 [pool-287-thread-1] INFO  util.JmxRegister (JmxRegister.java:tryRegister(44)) - Successfully registered JMX Bean with object name Ratis:service=RaftServer,group=group-FE92F4B5F550,id=cd1fcbfa-944d-480b-9151-445d9a18536b
2019-09-26 10:47:13,088 [RatisPipelineUtilsThread] INFO  pipeline.PipelineStateManager (PipelineStateManager.java:addPipeline(56)) - Created pipeline Pipeline[ Id: 72dc28ed-4205-4008-8f6e-fe92f4b5f550, Nodes: cd1fcbfa-944d-480b-9151-445d9a18536b{ip: 192.168.30.13, host: pr-hdds-1569-wvzgm-824869521, networkLocation: /default-rack, certSerialId: null}, Type:RATIS, Factor:ONE, State:OPEN]
2019-09-26 10:47:13,089 [RatisPipelineUtilsThread] INFO  pipeline.PipelinePlacementPolicy (PipelinePlacementPolicy.java:meetCriteria(91)) - Pipeline Placement: can't place more pipeline on heavy datanode： 44cef61c-6e91-4f77-a22d-f8f1d1e33555 Heaviness: 6 limit: 5
2019-09-26 10:47:13,094 [grpc-default-executor-0] INFO  impl.RaftServerProxy (RaftServerProxy.java:addNew(89)) - 07700029-8fba-42bd-b1f5-1a847d21eaf0: addNew group-0A6E5A3CAB1F:[07700029-8fba-42bd-b1f5-1a847d21eaf0:192.168.30.13:37310] returns group-0A6E5A3CAB1F:java.util.concurrent.CompletableFuture@23f1f90[Not completed]
2019-09-26 10:47:13,096 [pool-297-thread-1] INFO  impl.RaftServerImpl (RaftServerImpl.java:<init>(95)) - 07700029-8fba-42bd-b1f5-1a847d21eaf0: new RaftServerImpl for group-0A6E5A3CAB1F:[07700029-8fba-42bd-b1f5-1a847d21eaf0:192.168.30.13:37310] with ContainerStateMachine:uninitialized
2019-09-26 10:47:13,096 [pool-297-thread-1] INFO  server.RaftServerConfigKeys (ConfUtils.java:logGet(43)) - raft.server.rpc.timeout.min = 5s (custom)
2019-09-26 10:47:13,096 [pool-297-thread-1] INFO  server.RaftServerConfigKeys (ConfUtils.java:logGet(43)) - raft.server.rpc.timeout.max = 5200ms (custom)
2019-09-26 10:47:13,096 [pool-297-thread-1] INFO  server.RaftServerConfigKeys (ConfUtils.java:logGet(43)) - raft.server.rpcslowness.timeout = 120s (custom)
2019-09-26 10:47:13,096 [pool-297-thread-1] INFO  server.RaftServerConfigKeys (ConfUtils.java:logGet(43)) - raft.server.sleep.deviation.threshold = 300 (default)
2019-09-26 10:47:13,096 [pool-297-thread-1] INFO  server.RaftServerConfigKeys (ConfUtils.java:logGet(43)) - raft.server.log.appender.install.snapshot.enabled = false (custom)
2019-09-26 10:47:13,097 [pool-297-thread-1] INFO  impl.RaftServerImpl (ServerState.java:<init>(103)) - 07700029-8fba-42bd-b1f5-1a847d21eaf0@group-0A6E5A3CAB1F: ConfigurationManager, init=-1: [07700029-8fba-42bd-b1f5-1a847d21eaf0:192.168.30.13:37310], old=null, confs=<EMPTY_MAP>
2019-09-26 10:47:13,097 [pool-297-thread-1] INFO  server.RaftServerConfigKeys (ConfUtils.java:logGet(43)) - raft.server.storage.dir = [/workdir/hadoop-ozone/ozonefs/target/test-dir/MiniOzoneClusterImpl-23841092-02d4-48e3-9aa2-56bb3a45a661/datanode-2/data/ratis] (custom)
2019-09-26 10:47:13,097 [pool-297-thread-1] INFO  storage.RaftStorageDirectory (RaftStorageDirectory.java:analyzeStorage(246)) - The storage directory /workdir/hadoop-ozone/ozonefs/target/test-dir/MiniOzoneClusterImpl-23841092-02d4-48e3-9aa2-56bb3a45a661/datanode-2/data/ratis/941d4d6c-1618-4d53-8b20-0a6e5a3cab1f does not exist. Creating ...
2019-09-26 10:47:13,122 [pool-297-thread-1] INFO  storage.RaftStorageDirectory (RaftStorageDirectory.java:tryLock(328)) - Lock on /workdir/hadoop-ozone/ozonefs/target/test-dir/MiniOzoneClusterImpl-23841092-02d4-48e3-9aa2-56bb3a45a661/datanode-2/data/ratis/941d4d6c-1618-4d53-8b20-0a6e5a3cab1f/in_use.lock acquired by nodename 17018@pr-hdds-1569-wvzgm-824869521
2019-09-26 10:47:13,135 [pool-297-thread-1] INFO  storage.RaftStorage (RaftStorage.java:format(72)) - Storage directory /workdir/hadoop-ozone/ozonefs/target/test-dir/MiniOzoneClusterImpl-23841092-02d4-48e3-9aa2-56bb3a45a661/datanode-2/data/ratis/941d4d6c-1618-4d53-8b20-0a6e5a3cab1f has been successfully formatted.
2019-09-26 10:47:13,135 [pool-297-thread-1] INFO  ratis.ContainerStateMachine (ContainerStateMachine.java:loadSnapshot(230)) - group-0A6E5A3CAB1F: The snapshot info is null. Setting the last applied indexto:(t:0, i:~)
2019-09-26 10:47:13,135 [pool-297-thread-1] INFO  server.RaftServerConfigKeys (ConfUtils.java:logGet(43)) - raft.server.notification.no-leader.timeout = 120s (custom)
2019-09-26 10:47:13,135 [pool-297-thread-1] INFO  server.RaftServerConfigKeys (ConfUtils.java:logGet(43)) - raft.server.log.use.memory = false (default)
2019-09-26 10:47:13,136 [pool-297-thread-1] INFO  server.RaftServerConfigKeys (ConfUtils.java:logGet(43)) - raft.server.log.purge.gap = 1000000 (custom)
2019-09-26 10:47:13,136 [pool-297-thread-1] INFO  server.RaftServerConfigKeys (ConfUtils.java:logGet(43)) - raft.server.log.appender.buffer.byte-limit = 33554432 (custom)
2019-09-26 10:47:13,136 [pool-297-thread-1] INFO  server.RaftServerConfigKeys (ConfUtils.java:logGet(43)) - raft.server.log.segment.size.max = 1048576 (custom)
2019-09-26 10:47:13,136 [pool-297-thread-1] INFO  server.RaftServerConfigKeys (ConfUtils.java:logGet(43)) - raft.server.log.segment.cache.num.max = 2 (custom)
2019-09-26 10:47:13,136 [pool-297-thread-1] INFO  segmented.SegmentedRaftLogWorker (SegmentedRaftLogWorker.java:<init>(172)) - new 07700029-8fba-42bd-b1f5-1a847d21eaf0@group-0A6E5A3CAB1F-SegmentedRaftLogWorker for RaftStorage:Storage Directory /workdir/hadoop-ozone/ozonefs/target/test-dir/MiniOzoneClusterImpl-23841092-02d4-48e3-9aa2-56bb3a45a661/datanode-2/data/ratis/941d4d6c-1618-4d53-8b20-0a6e5a3cab1f
2019-09-26 10:47:13,136 [pool-297-thread-1] INFO  server.RaftServerConfigKeys (ConfUtils.java:logGet(43)) - raft.server.log.queue.byte-limit = 2147483647 (custom)
2019-09-26 10:47:13,136 [pool-297-thread-1] INFO  server.RaftServerConfigKeys (ConfUtils.java:logGet(43)) - raft.server.log.queue.element-limit = 1024 (custom)
2019-09-26 10:47:13,136 [pool-297-thread-1] INFO  server.RaftServerConfigKeys (ConfUtils.java:logGet(43)) - raft.server.log.segment.size.max = 1048576 (custom)
2019-09-26 10:47:13,137 [pool-297-thread-1] INFO  server.RaftServerConfigKeys (ConfUtils.java:logGet(43)) - raft.server.log.preallocated.size = 16384 (custom)
2019-09-26 10:47:13,137 [pool-297-thread-1] INFO  server.RaftServerConfigKeys (ConfUtils.java:logGet(43)) - raft.server.log.write.buffer.size = 33554432 (custom)
2019-09-26 10:47:13,137 [pool-297-thread-1] INFO  server.RaftServerConfigKeys (ConfUtils.java:logGet(43)) - raft.server.log.force.sync.num = 128 (default)
2019-09-26 10:47:13,137 [pool-297-thread-1] INFO  server.RaftServerConfigKeys (ConfUtils.java:logGet(43)) - raft.server.log.statemachine.data.sync = true (default)
2019-09-26 10:47:13,137 [pool-297-thread-1] INFO  server.RaftServerConfigKeys (ConfUtils.java:logGet(43)) - raft.server.log.statemachine.data.sync.timeout = 10s (default)
2019-09-26 10:47:13,137 [pool-297-thread-1] INFO  server.RaftServerConfigKeys (ConfUtils.java:logGet(43)) - raft.server.log.statemachine.data.sync.timeout.retry = -1 (default)
2019-09-26 10:47:13,137 [pool-297-thread-1] INFO  server.RaftServerConfigKeys (ConfUtils.java:logGet(43)) - raft.server.log.statemachine.data.caching.enabled = true (custom)
2019-09-26 10:47:13,138 [pool-297-thread-1] INFO  segmented.SegmentedRaftLogWorker (SegmentedRaftLogWorker.java:lambda$new$0(132)) - 07700029-8fba-42bd-b1f5-1a847d21eaf0@group-0A6E5A3CAB1F-SegmentedRaftLogWorker: flushIndex: setUnconditionally 0 -> -1
2019-09-26 10:47:13,138 [pool-297-thread-1] INFO  server.RaftServerConfigKeys (ConfUtils.java:logGet(43)) - raft.server.snapshot.auto.trigger.enabled = true (custom)
2019-09-26 10:47:13,138 [pool-297-thread-1] INFO  server.RaftServerConfigKeys (ConfUtils.java:logGet(43)) - raft.server.snapshot.auto.trigger.threshold = 10000 (custom)
2019-09-26 10:47:13,138 [pool-297-thread-1] INFO  server.RaftServerConfigKeys (ConfUtils.java:logGet(43)) - raft.server.snapshot.retention.num.files = 5 (custom)
2019-09-26 10:47:13,139 [pool-297-thread-1] INFO  server.RaftServerConfigKeys (ConfUtils.java:logGet(43)) - raft.server.retrycache.expirytime = 600000ms (custom)
2019-09-26 10:47:13,140 [pool-297-thread-1] INFO  impl.RaftServerImpl (RaftServerImpl.java:start(185)) - 07700029-8fba-42bd-b1f5-1a847d21eaf0@group-0A6E5A3CAB1F: start as a follower, conf=-1: [07700029-8fba-42bd-b1f5-1a847d21eaf0:192.168.30.13:37310], old=null
2019-09-26 10:47:13,140 [pool-297-thread-1] INFO  impl.RaftServerImpl (RaftServerImpl.java:setRole(174)) - 07700029-8fba-42bd-b1f5-1a847d21eaf0@group-0A6E5A3CAB1F: changes role from      null to FOLLOWER at term 0 for startAsFollower
2019-09-26 10:47:13,141 [pool-297-thread-1] INFO  impl.RoleInfo (RoleInfo.java:updateAndGet(143)) - 07700029-8fba-42bd-b1f5-1a847d21eaf0: start FollowerState
2019-09-26 10:47:13,141 [pool-297-thread-1] INFO  util.JmxRegister (JmxRegister.java:tryRegister(44)) - Successfully registered JMX Bean with object name Ratis:service=RaftServer,group=group-0A6E5A3CAB1F,id=07700029-8fba-42bd-b1f5-1a847d21eaf0
2019-09-26 10:47:13,144 [RatisPipelineUtilsThread] INFO  pipeline.PipelineStateManager (PipelineStateManager.java:addPipeline(56)) - Created pipeline Pipeline[ Id: 941d4d6c-1618-4d53-8b20-0a6e5a3cab1f, Nodes: 07700029-8fba-42bd-b1f5-1a847d21eaf0{ip: 192.168.30.13, host: pr-hdds-1569-wvzgm-824869521, networkLocation: /default-rack, certSerialId: null}, Type:RATIS, Factor:ONE, State:OPEN]
2019-09-26 10:47:13,144 [RatisPipelineUtilsThread] INFO  pipeline.PipelinePlacementPolicy (PipelinePlacementPolicy.java:meetCriteria(91)) - Pipeline Placement: can't place more pipeline on heavy datanode： 44cef61c-6e91-4f77-a22d-f8f1d1e33555 Heaviness: 6 limit: 5
2019-09-26 10:47:13,150 [grpc-default-executor-0] INFO  impl.RaftServerProxy (RaftServerProxy.java:addNew(89)) - cd1fcbfa-944d-480b-9151-445d9a18536b: addNew group-4AEA003E24F4:[cd1fcbfa-944d-480b-9151-445d9a18536b:192.168.30.13:42343] returns group-4AEA003E24F4:java.util.concurrent.CompletableFuture@22ca46da[Not completed]
2019-09-26 10:47:13,151 [pool-287-thread-1] INFO  impl.RaftServerImpl (RaftServerImpl.java:<init>(95)) - cd1fcbfa-944d-480b-9151-445d9a18536b: new RaftServerImpl for group-4AEA003E24F4:[cd1fcbfa-944d-480b-9151-445d9a18536b:192.168.30.13:42343] with ContainerStateMachine:uninitialized
2019-09-26 10:47:13,151 [pool-287-thread-1] INFO  server.RaftServerConfigKeys (ConfUtils.java:logGet(43)) - raft.server.rpc.timeout.min = 5s (custom)
2019-09-26 10:47:13,151 [pool-287-thread-1] INFO  server.RaftServerConfigKeys (ConfUtils.java:logGet(43)) - raft.server.rpc.timeout.max = 5200ms (custom)
2019-09-26 10:47:13,151 [pool-287-thread-1] INFO  server.RaftServerConfigKeys (ConfUtils.java:logGet(43)) - raft.server.rpcslowness.timeout = 120s (custom)
2019-09-26 10:47:13,151 [pool-287-thread-1] INFO  server.RaftServerConfigKeys (ConfUtils.java:logGet(43)) - raft.server.sleep.deviation.threshold = 300 (default)
2019-09-26 10:47:13,152 [pool-287-thread-1] INFO  server.RaftServerConfigKeys (ConfUtils.java:logGet(43)) - raft.server.log.appender.install.snapshot.enabled = false (custom)
2019-09-26 10:47:13,152 [pool-287-thread-1] INFO  impl.RaftServerImpl (ServerState.java:<init>(103)) - cd1fcbfa-944d-480b-9151-445d9a18536b@group-4AEA003E24F4: ConfigurationManager, init=-1: [cd1fcbfa-944d-480b-9151-445d9a18536b:192.168.30.13:42343], old=null, confs=<EMPTY_MAP>
2019-09-26 10:47:13,152 [pool-287-thread-1] INFO  server.RaftServerConfigKeys (ConfUtils.java:logGet(43)) - raft.server.storage.dir = [/workdir/hadoop-ozone/ozonefs/target/test-dir/MiniOzoneClusterImpl-23841092-02d4-48e3-9aa2-56bb3a45a661/datanode-1/data/ratis] (custom)
2019-09-26 10:47:13,152 [pool-287-thread-1] INFO  storage.RaftStorageDirectory (RaftStorageDirectory.java:analyzeStorage(246)) - The storage directory /workdir/hadoop-ozone/ozonefs/target/test-dir/MiniOzoneClusterImpl-23841092-02d4-48e3-9aa2-56bb3a45a661/datanode-1/data/ratis/7b8fc051-fae2-47c6-bcdb-4aea003e24f4 does not exist. Creating ...
2019-09-26 10:47:13,166 [pool-287-thread-1] INFO  storage.RaftStorageDirectory (RaftStorageDirectory.java:tryLock(328)) - Lock on /workdir/hadoop-ozone/ozonefs/target/test-dir/MiniOzoneClusterImpl-23841092-02d4-48e3-9aa2-56bb3a45a661/datanode-1/data/ratis/7b8fc051-fae2-47c6-bcdb-4aea003e24f4/in_use.lock acquired by nodename 17018@pr-hdds-1569-wvzgm-824869521
2019-09-26 10:47:13,179 [pool-287-thread-1] INFO  storage.RaftStorage (RaftStorage.java:format(72)) - Storage directory /workdir/hadoop-ozone/ozonefs/target/test-dir/MiniOzoneClusterImpl-23841092-02d4-48e3-9aa2-56bb3a45a661/datanode-1/data/ratis/7b8fc051-fae2-47c6-bcdb-4aea003e24f4 has been successfully formatted.
2019-09-26 10:47:13,179 [pool-287-thread-1] INFO  ratis.ContainerStateMachine (ContainerStateMachine.java:loadSnapshot(230)) - group-4AEA003E24F4: The snapshot info is null. Setting the last applied indexto:(t:0, i:~)
2019-09-26 10:47:13,179 [pool-287-thread-1] INFO  server.RaftServerConfigKeys (ConfUtils.java:logGet(43)) - raft.server.notification.no-leader.timeout = 120s (custom)
2019-09-26 10:47:13,179 [pool-287-thread-1] INFO  server.RaftServerConfigKeys (ConfUtils.java:logGet(43)) - raft.server.log.use.memory = false (default)
2019-09-26 10:47:13,180 [pool-287-thread-1] INFO  server.RaftServerConfigKeys (ConfUtils.java:logGet(43)) - raft.server.log.purge.gap = 1000000 (custom)
2019-09-26 10:47:13,180 [pool-287-thread-1] INFO  server.RaftServerConfigKeys (ConfUtils.java:logGet(43)) - raft.server.log.appender.buffer.byte-limit = 33554432 (custom)
2019-09-26 10:47:13,180 [pool-287-thread-1] INFO  server.RaftServerConfigKeys (ConfUtils.java:logGet(43)) - raft.server.log.segment.size.max = 1048576 (custom)
2019-09-26 10:47:13,180 [pool-287-thread-1] INFO  server.RaftServerConfigKeys (ConfUtils.java:logGet(43)) - raft.server.log.segment.cache.num.max = 2 (custom)
2019-09-26 10:47:13,180 [pool-287-thread-1] INFO  segmented.SegmentedRaftLogWorker (SegmentedRaftLogWorker.java:<init>(172)) - new cd1fcbfa-944d-480b-9151-445d9a18536b@group-4AEA003E24F4-SegmentedRaftLogWorker for RaftStorage:Storage Directory /workdir/hadoop-ozone/ozonefs/target/test-dir/MiniOzoneClusterImpl-23841092-02d4-48e3-9aa2-56bb3a45a661/datanode-1/data/ratis/7b8fc051-fae2-47c6-bcdb-4aea003e24f4
2019-09-26 10:47:13,180 [pool-287-thread-1] INFO  server.RaftServerConfigKeys (ConfUtils.java:logGet(43)) - raft.server.log.queue.byte-limit = 2147483647 (custom)
2019-09-26 10:47:13,180 [pool-287-thread-1] INFO  server.RaftServerConfigKeys (ConfUtils.java:logGet(43)) - raft.server.log.queue.element-limit = 1024 (custom)
2019-09-26 10:47:13,180 [pool-287-thread-1] INFO  server.RaftServerConfigKeys (ConfUtils.java:logGet(43)) - raft.server.log.segment.size.max = 1048576 (custom)
2019-09-26 10:47:13,181 [pool-287-thread-1] INFO  server.RaftServerConfigKeys (ConfUtils.java:logGet(43)) - raft.server.log.preallocated.size = 16384 (custom)
2019-09-26 10:47:13,181 [pool-287-thread-1] INFO  server.RaftServerConfigKeys (ConfUtils.java:logGet(43)) - raft.server.log.write.buffer.size = 33554432 (custom)
2019-09-26 10:47:13,181 [pool-287-thread-1] INFO  server.RaftServerConfigKeys (ConfUtils.java:logGet(43)) - raft.server.log.force.sync.num = 128 (default)
2019-09-26 10:47:13,181 [pool-287-thread-1] INFO  server.RaftServerConfigKeys (ConfUtils.java:logGet(43)) - raft.server.log.statemachine.data.sync = true (default)
2019-09-26 10:47:13,181 [pool-287-thread-1] INFO  server.RaftServerConfigKeys (ConfUtils.java:logGet(43)) - raft.server.log.statemachine.data.sync.timeout = 10s (default)
2019-09-26 10:47:13,181 [pool-287-thread-1] INFO  server.RaftServerConfigKeys (ConfUtils.java:logGet(43)) - raft.server.log.statemachine.data.sync.timeout.retry = -1 (default)
2019-09-26 10:47:13,181 [pool-287-thread-1] INFO  server.RaftServerConfigKeys (ConfUtils.java:logGet(43)) - raft.server.log.statemachine.data.caching.enabled = true (custom)
2019-09-26 10:47:13,182 [pool-287-thread-1] INFO  segmented.SegmentedRaftLogWorker (SegmentedRaftLogWorker.java:lambda$new$0(132)) - cd1fcbfa-944d-480b-9151-445d9a18536b@group-4AEA003E24F4-SegmentedRaftLogWorker: flushIndex: setUnconditionally 0 -> -1
2019-09-26 10:47:13,182 [pool-287-thread-1] INFO  server.RaftServerConfigKeys (ConfUtils.java:logGet(43)) - raft.server.snapshot.auto.trigger.enabled = true (custom)
2019-09-26 10:47:13,182 [pool-287-thread-1] INFO  server.RaftServerConfigKeys (ConfUtils.java:logGet(43)) - raft.server.snapshot.auto.trigger.threshold = 10000 (custom)
2019-09-26 10:47:13,182 [pool-287-thread-1] INFO  server.RaftServerConfigKeys (ConfUtils.java:logGet(43)) - raft.server.snapshot.retention.num.files = 5 (custom)
2019-09-26 10:47:13,182 [pool-287-thread-1] INFO  server.RaftServerConfigKeys (ConfUtils.java:logGet(43)) - raft.server.retrycache.expirytime = 600000ms (custom)
2019-09-26 10:47:13,184 [pool-287-thread-1] INFO  impl.RaftServerImpl (RaftServerImpl.java:start(185)) - cd1fcbfa-944d-480b-9151-445d9a18536b@group-4AEA003E24F4: start as a follower, conf=-1: [cd1fcbfa-944d-480b-9151-445d9a18536b:192.168.30.13:42343], old=null
2019-09-26 10:47:13,184 [pool-287-thread-1] INFO  impl.RaftServerImpl (RaftServerImpl.java:setRole(174)) - cd1fcbfa-944d-480b-9151-445d9a18536b@group-4AEA003E24F4: changes role from      null to FOLLOWER at term 0 for startAsFollower
2019-09-26 10:47:13,184 [pool-287-thread-1] INFO  impl.RoleInfo (RoleInfo.java:updateAndGet(143)) - cd1fcbfa-944d-480b-9151-445d9a18536b: start FollowerState
2019-09-26 10:47:13,185 [pool-287-thread-1] INFO  util.JmxRegister (JmxRegister.java:tryRegister(44)) - Successfully registered JMX Bean with object name Ratis:service=RaftServer,group=group-4AEA003E24F4,id=cd1fcbfa-944d-480b-9151-445d9a18536b
2019-09-26 10:47:13,188 [RatisPipelineUtilsThread] INFO  pipeline.PipelineStateManager (PipelineStateManager.java:addPipeline(56)) - Created pipeline Pipeline[ Id: 7b8fc051-fae2-47c6-bcdb-4aea003e24f4, Nodes: cd1fcbfa-944d-480b-9151-445d9a18536b{ip: 192.168.30.13, host: pr-hdds-1569-wvzgm-824869521, networkLocation: /default-rack, certSerialId: null}, Type:RATIS, Factor:ONE, State:OPEN]
2019-09-26 10:47:13,188 [RatisPipelineUtilsThread] INFO  pipeline.PipelinePlacementPolicy (PipelinePlacementPolicy.java:meetCriteria(91)) - Pipeline Placement: can't place more pipeline on heavy datanode： 44cef61c-6e91-4f77-a22d-f8f1d1e33555 Heaviness: 6 limit: 5
2019-09-26 10:47:13,193 [grpc-default-executor-0] INFO  impl.RaftServerProxy (RaftServerProxy.java:addNew(89)) - cd1fcbfa-944d-480b-9151-445d9a18536b: addNew group-AA9D9AAC53B7:[cd1fcbfa-944d-480b-9151-445d9a18536b:192.168.30.13:42343] returns group-AA9D9AAC53B7:java.util.concurrent.CompletableFuture@5d398f43[Not completed]
2019-09-26 10:47:13,194 [pool-287-thread-1] INFO  impl.RaftServerImpl (RaftServerImpl.java:<init>(95)) - cd1fcbfa-944d-480b-9151-445d9a18536b: new RaftServerImpl for group-AA9D9AAC53B7:[cd1fcbfa-944d-480b-9151-445d9a18536b:192.168.30.13:42343] with ContainerStateMachine:uninitialized
2019-09-26 10:47:13,194 [pool-287-thread-1] INFO  server.RaftServerConfigKeys (ConfUtils.java:logGet(43)) - raft.server.rpc.timeout.min = 5s (custom)
2019-09-26 10:47:13,194 [pool-287-thread-1] INFO  server.RaftServerConfigKeys (ConfUtils.java:logGet(43)) - raft.server.rpc.timeout.max = 5200ms (custom)
2019-09-26 10:47:13,194 [pool-287-thread-1] INFO  server.RaftServerConfigKeys (ConfUtils.java:logGet(43)) - raft.server.rpcslowness.timeout = 120s (custom)
2019-09-26 10:47:13,195 [pool-287-thread-1] INFO  server.RaftServerConfigKeys (ConfUtils.java:logGet(43)) - raft.server.sleep.deviation.threshold = 300 (default)
2019-09-26 10:47:13,195 [pool-287-thread-1] INFO  server.RaftServerConfigKeys (ConfUtils.java:logGet(43)) - raft.server.log.appender.install.snapshot.enabled = false (custom)
2019-09-26 10:47:13,195 [pool-287-thread-1] INFO  impl.RaftServerImpl (ServerState.java:<init>(103)) - cd1fcbfa-944d-480b-9151-445d9a18536b@group-AA9D9AAC53B7: ConfigurationManager, init=-1: [cd1fcbfa-944d-480b-9151-445d9a18536b:192.168.30.13:42343], old=null, confs=<EMPTY_MAP>
2019-09-26 10:47:13,195 [pool-287-thread-1] INFO  server.RaftServerConfigKeys (ConfUtils.java:logGet(43)) - raft.server.storage.dir = [/workdir/hadoop-ozone/ozonefs/target/test-dir/MiniOzoneClusterImpl-23841092-02d4-48e3-9aa2-56bb3a45a661/datanode-1/data/ratis] (custom)
2019-09-26 10:47:13,195 [pool-287-thread-1] INFO  storage.RaftStorageDirectory (RaftStorageDirectory.java:analyzeStorage(246)) - The storage directory /workdir/hadoop-ozone/ozonefs/target/test-dir/MiniOzoneClusterImpl-23841092-02d4-48e3-9aa2-56bb3a45a661/datanode-1/data/ratis/c81de51c-3766-4047-b709-aa9d9aac53b7 does not exist. Creating ...
2019-09-26 10:47:13,208 [pool-287-thread-1] INFO  storage.RaftStorageDirectory (RaftStorageDirectory.java:tryLock(328)) - Lock on /workdir/hadoop-ozone/ozonefs/target/test-dir/MiniOzoneClusterImpl-23841092-02d4-48e3-9aa2-56bb3a45a661/datanode-1/data/ratis/c81de51c-3766-4047-b709-aa9d9aac53b7/in_use.lock acquired by nodename 17018@pr-hdds-1569-wvzgm-824869521
2019-09-26 10:47:13,225 [pool-287-thread-1] INFO  storage.RaftStorage (RaftStorage.java:format(72)) - Storage directory /workdir/hadoop-ozone/ozonefs/target/test-dir/MiniOzoneClusterImpl-23841092-02d4-48e3-9aa2-56bb3a45a661/datanode-1/data/ratis/c81de51c-3766-4047-b709-aa9d9aac53b7 has been successfully formatted.
2019-09-26 10:47:13,225 [pool-287-thread-1] INFO  ratis.ContainerStateMachine (ContainerStateMachine.java:loadSnapshot(230)) - group-AA9D9AAC53B7: The snapshot info is null. Setting the last applied indexto:(t:0, i:~)
2019-09-26 10:47:13,225 [pool-287-thread-1] INFO  server.RaftServerConfigKeys (ConfUtils.java:logGet(43)) - raft.server.notification.no-leader.timeout = 120s (custom)
2019-09-26 10:47:13,225 [pool-287-thread-1] INFO  server.RaftServerConfigKeys (ConfUtils.java:logGet(43)) - raft.server.log.use.memory = false (default)
2019-09-26 10:47:13,226 [pool-287-thread-1] INFO  server.RaftServerConfigKeys (ConfUtils.java:logGet(43)) - raft.server.log.purge.gap = 1000000 (custom)
2019-09-26 10:47:13,226 [pool-287-thread-1] INFO  server.RaftServerConfigKeys (ConfUtils.java:logGet(43)) - raft.server.log.appender.buffer.byte-limit = 33554432 (custom)
2019-09-26 10:47:13,226 [pool-287-thread-1] INFO  server.RaftServerConfigKeys (ConfUtils.java:logGet(43)) - raft.server.log.segment.size.max = 1048576 (custom)
2019-09-26 10:47:13,226 [pool-287-thread-1] INFO  server.RaftServerConfigKeys (ConfUtils.java:logGet(43)) - raft.server.log.segment.cache.num.max = 2 (custom)
2019-09-26 10:47:13,226 [pool-287-thread-1] INFO  segmented.SegmentedRaftLogWorker (SegmentedRaftLogWorker.java:<init>(172)) - new cd1fcbfa-944d-480b-9151-445d9a18536b@group-AA9D9AAC53B7-SegmentedRaftLogWorker for RaftStorage:Storage Directory /workdir/hadoop-ozone/ozonefs/target/test-dir/MiniOzoneClusterImpl-23841092-02d4-48e3-9aa2-56bb3a45a661/datanode-1/data/ratis/c81de51c-3766-4047-b709-aa9d9aac53b7
2019-09-26 10:47:13,226 [pool-287-thread-1] INFO  server.RaftServerConfigKeys (ConfUtils.java:logGet(43)) - raft.server.log.queue.byte-limit = 2147483647 (custom)
2019-09-26 10:47:13,227 [pool-287-thread-1] INFO  server.RaftServerConfigKeys (ConfUtils.java:logGet(43)) - raft.server.log.queue.element-limit = 1024 (custom)
2019-09-26 10:47:13,227 [pool-287-thread-1] INFO  server.RaftServerConfigKeys (ConfUtils.java:logGet(43)) - raft.server.log.segment.size.max = 1048576 (custom)
2019-09-26 10:47:13,227 [pool-287-thread-1] INFO  server.RaftServerConfigKeys (ConfUtils.java:logGet(43)) - raft.server.log.preallocated.size = 16384 (custom)
2019-09-26 10:47:13,227 [pool-287-thread-1] INFO  server.RaftServerConfigKeys (ConfUtils.java:logGet(43)) - raft.server.log.write.buffer.size = 33554432 (custom)
2019-09-26 10:47:13,227 [pool-287-thread-1] INFO  server.RaftServerConfigKeys (ConfUtils.java:logGet(43)) - raft.server.log.force.sync.num = 128 (default)
2019-09-26 10:47:13,227 [pool-287-thread-1] INFO  server.RaftServerConfigKeys (ConfUtils.java:logGet(43)) - raft.server.log.statemachine.data.sync = true (default)
2019-09-26 10:47:13,228 [pool-287-thread-1] INFO  server.RaftServerConfigKeys (ConfUtils.java:logGet(43)) - raft.server.log.statemachine.data.sync.timeout = 10s (default)
2019-09-26 10:47:13,228 [pool-287-thread-1] INFO  server.RaftServerConfigKeys (ConfUtils.java:logGet(43)) - raft.server.log.statemachine.data.sync.timeout.retry = -1 (default)
2019-09-26 10:47:13,228 [pool-287-thread-1] INFO  server.RaftServerConfigKeys (ConfUtils.java:logGet(43)) - raft.server.log.statemachine.data.caching.enabled = true (custom)
2019-09-26 10:47:13,228 [pool-287-thread-1] INFO  segmented.SegmentedRaftLogWorker (SegmentedRaftLogWorker.java:lambda$new$0(132)) - cd1fcbfa-944d-480b-9151-445d9a18536b@group-AA9D9AAC53B7-SegmentedRaftLogWorker: flushIndex: setUnconditionally 0 -> -1
2019-09-26 10:47:13,228 [pool-287-thread-1] INFO  server.RaftServerConfigKeys (ConfUtils.java:logGet(43)) - raft.server.snapshot.auto.trigger.enabled = true (custom)
2019-09-26 10:47:13,229 [pool-287-thread-1] INFO  server.RaftServerConfigKeys (ConfUtils.java:logGet(43)) - raft.server.snapshot.auto.trigger.threshold = 10000 (custom)
2019-09-26 10:47:13,229 [pool-287-thread-1] INFO  server.RaftServerConfigKeys (ConfUtils.java:logGet(43)) - raft.server.snapshot.retention.num.files = 5 (custom)
2019-09-26 10:47:13,229 [pool-287-thread-1] INFO  server.RaftServerConfigKeys (ConfUtils.java:logGet(43)) - raft.server.retrycache.expirytime = 600000ms (custom)
2019-09-26 10:47:13,231 [pool-287-thread-1] INFO  impl.RaftServerImpl (RaftServerImpl.java:start(185)) - cd1fcbfa-944d-480b-9151-445d9a18536b@group-AA9D9AAC53B7: start as a follower, conf=-1: [cd1fcbfa-944d-480b-9151-445d9a18536b:192.168.30.13:42343], old=null
2019-09-26 10:47:13,231 [pool-287-thread-1] INFO  impl.RaftServerImpl (RaftServerImpl.java:setRole(174)) - cd1fcbfa-944d-480b-9151-445d9a18536b@group-AA9D9AAC53B7: changes role from      null to FOLLOWER at term 0 for startAsFollower
2019-09-26 10:47:13,231 [pool-287-thread-1] INFO  impl.RoleInfo (RoleInfo.java:updateAndGet(143)) - cd1fcbfa-944d-480b-9151-445d9a18536b: start FollowerState
2019-09-26 10:47:13,231 [pool-287-thread-1] INFO  util.JmxRegister (JmxRegister.java:tryRegister(44)) - Successfully registered JMX Bean with object name Ratis:service=RaftServer,group=group-AA9D9AAC53B7,id=cd1fcbfa-944d-480b-9151-445d9a18536b
2019-09-26 10:47:13,234 [RatisPipelineUtilsThread] INFO  pipeline.PipelineStateManager (PipelineStateManager.java:addPipeline(56)) - Created pipeline Pipeline[ Id: c81de51c-3766-4047-b709-aa9d9aac53b7, Nodes: cd1fcbfa-944d-480b-9151-445d9a18536b{ip: 192.168.30.13, host: pr-hdds-1569-wvzgm-824869521, networkLocation: /default-rack, certSerialId: null}, Type:RATIS, Factor:ONE, State:OPEN]
2019-09-26 10:47:13,234 [RatisPipelineUtilsThread] INFO  pipeline.PipelinePlacementPolicy (PipelinePlacementPolicy.java:meetCriteria(91)) - Pipeline Placement: can't place more pipeline on heavy datanode： cd1fcbfa-944d-480b-9151-445d9a18536b Heaviness: 6 limit: 5
2019-09-26 10:47:13,234 [RatisPipelineUtilsThread] INFO  pipeline.PipelinePlacementPolicy (PipelinePlacementPolicy.java:meetCriteria(91)) - Pipeline Placement: can't place more pipeline on heavy datanode： 44cef61c-6e91-4f77-a22d-f8f1d1e33555 Heaviness: 6 limit: 5
2019-09-26 10:47:13,239 [grpc-default-executor-0] INFO  impl.RaftServerProxy (RaftServerProxy.java:addNew(89)) - 07700029-8fba-42bd-b1f5-1a847d21eaf0: addNew group-FD67E40E9680:[07700029-8fba-42bd-b1f5-1a847d21eaf0:192.168.30.13:37310] returns group-FD67E40E9680:java.util.concurrent.CompletableFuture@46561a4[Not completed]
2019-09-26 10:47:13,241 [pool-297-thread-1] INFO  impl.RaftServerImpl (RaftServerImpl.java:<init>(95)) - 07700029-8fba-42bd-b1f5-1a847d21eaf0: new RaftServerImpl for group-FD67E40E9680:[07700029-8fba-42bd-b1f5-1a847d21eaf0:192.168.30.13:37310] with ContainerStateMachine:uninitialized
2019-09-26 10:47:13,241 [pool-297-thread-1] INFO  server.RaftServerConfigKeys (ConfUtils.java:logGet(43)) - raft.server.rpc.timeout.min = 5s (custom)
2019-09-26 10:47:13,241 [pool-297-thread-1] INFO  server.RaftServerConfigKeys (ConfUtils.java:logGet(43)) - raft.server.rpc.timeout.max = 5200ms (custom)
2019-09-26 10:47:13,241 [pool-297-thread-1] INFO  server.RaftServerConfigKeys (ConfUtils.java:logGet(43)) - raft.server.rpcslowness.timeout = 120s (custom)
2019-09-26 10:47:13,241 [pool-297-thread-1] INFO  server.RaftServerConfigKeys (ConfUtils.java:logGet(43)) - raft.server.sleep.deviation.threshold = 300 (default)
2019-09-26 10:47:13,241 [pool-297-thread-1] INFO  server.RaftServerConfigKeys (ConfUtils.java:logGet(43)) - raft.server.log.appender.install.snapshot.enabled = false (custom)
2019-09-26 10:47:13,241 [pool-297-thread-1] INFO  impl.RaftServerImpl (ServerState.java:<init>(103)) - 07700029-8fba-42bd-b1f5-1a847d21eaf0@group-FD67E40E9680: ConfigurationManager, init=-1: [07700029-8fba-42bd-b1f5-1a847d21eaf0:192.168.30.13:37310], old=null, confs=<EMPTY_MAP>
2019-09-26 10:47:13,242 [pool-297-thread-1] INFO  server.RaftServerConfigKeys (ConfUtils.java:logGet(43)) - raft.server.storage.dir = [/workdir/hadoop-ozone/ozonefs/target/test-dir/MiniOzoneClusterImpl-23841092-02d4-48e3-9aa2-56bb3a45a661/datanode-2/data/ratis] (custom)
2019-09-26 10:47:13,242 [pool-297-thread-1] INFO  storage.RaftStorageDirectory (RaftStorageDirectory.java:analyzeStorage(246)) - The storage directory /workdir/hadoop-ozone/ozonefs/target/test-dir/MiniOzoneClusterImpl-23841092-02d4-48e3-9aa2-56bb3a45a661/datanode-2/data/ratis/be1ea9a3-6928-4c88-bd83-fd67e40e9680 does not exist. Creating ...
2019-09-26 10:47:13,255 [pool-297-thread-1] INFO  storage.RaftStorageDirectory (RaftStorageDirectory.java:tryLock(328)) - Lock on /workdir/hadoop-ozone/ozonefs/target/test-dir/MiniOzoneClusterImpl-23841092-02d4-48e3-9aa2-56bb3a45a661/datanode-2/data/ratis/be1ea9a3-6928-4c88-bd83-fd67e40e9680/in_use.lock acquired by nodename 17018@pr-hdds-1569-wvzgm-824869521
2019-09-26 10:47:13,267 [pool-297-thread-1] INFO  storage.RaftStorage (RaftStorage.java:format(72)) - Storage directory /workdir/hadoop-ozone/ozonefs/target/test-dir/MiniOzoneClusterImpl-23841092-02d4-48e3-9aa2-56bb3a45a661/datanode-2/data/ratis/be1ea9a3-6928-4c88-bd83-fd67e40e9680 has been successfully formatted.
2019-09-26 10:47:13,267 [pool-297-thread-1] INFO  ratis.ContainerStateMachine (ContainerStateMachine.java:loadSnapshot(230)) - group-FD67E40E9680: The snapshot info is null. Setting the last applied indexto:(t:0, i:~)
2019-09-26 10:47:13,267 [pool-297-thread-1] INFO  server.RaftServerConfigKeys (ConfUtils.java:logGet(43)) - raft.server.notification.no-leader.timeout = 120s (custom)
2019-09-26 10:47:13,268 [pool-297-thread-1] INFO  server.RaftServerConfigKeys (ConfUtils.java:logGet(43)) - raft.server.log.use.memory = false (default)
2019-09-26 10:47:13,268 [pool-297-thread-1] INFO  server.RaftServerConfigKeys (ConfUtils.java:logGet(43)) - raft.server.log.purge.gap = 1000000 (custom)
2019-09-26 10:47:13,268 [pool-297-thread-1] INFO  server.RaftServerConfigKeys (ConfUtils.java:logGet(43)) - raft.server.log.appender.buffer.byte-limit = 33554432 (custom)
2019-09-26 10:47:13,268 [pool-297-thread-1] INFO  server.RaftServerConfigKeys (ConfUtils.java:logGet(43)) - raft.server.log.segment.size.max = 1048576 (custom)
2019-09-26 10:47:13,268 [pool-297-thread-1] INFO  server.RaftServerConfigKeys (ConfUtils.java:logGet(43)) - raft.server.log.segment.cache.num.max = 2 (custom)
2019-09-26 10:47:13,268 [pool-297-thread-1] INFO  segmented.SegmentedRaftLogWorker (SegmentedRaftLogWorker.java:<init>(172)) - new 07700029-8fba-42bd-b1f5-1a847d21eaf0@group-FD67E40E9680-SegmentedRaftLogWorker for RaftStorage:Storage Directory /workdir/hadoop-ozone/ozonefs/target/test-dir/MiniOzoneClusterImpl-23841092-02d4-48e3-9aa2-56bb3a45a661/datanode-2/data/ratis/be1ea9a3-6928-4c88-bd83-fd67e40e9680
2019-09-26 10:47:13,268 [pool-297-thread-1] INFO  server.RaftServerConfigKeys (ConfUtils.java:logGet(43)) - raft.server.log.queue.byte-limit = 2147483647 (custom)
2019-09-26 10:47:13,268 [pool-297-thread-1] INFO  server.RaftServerConfigKeys (ConfUtils.java:logGet(43)) - raft.server.log.queue.element-limit = 1024 (custom)
2019-09-26 10:47:13,268 [pool-297-thread-1] INFO  server.RaftServerConfigKeys (ConfUtils.java:logGet(43)) - raft.server.log.segment.size.max = 1048576 (custom)
2019-09-26 10:47:13,268 [pool-297-thread-1] INFO  server.RaftServerConfigKeys (ConfUtils.java:logGet(43)) - raft.server.log.preallocated.size = 16384 (custom)
2019-09-26 10:47:13,269 [pool-297-thread-1] INFO  server.RaftServerConfigKeys (ConfUtils.java:logGet(43)) - raft.server.log.write.buffer.size = 33554432 (custom)
2019-09-26 10:47:13,269 [pool-297-thread-1] INFO  server.RaftServerConfigKeys (ConfUtils.java:logGet(43)) - raft.server.log.force.sync.num = 128 (default)
2019-09-26 10:47:13,269 [pool-297-thread-1] INFO  server.RaftServerConfigKeys (ConfUtils.java:logGet(43)) - raft.server.log.statemachine.data.sync = true (default)
2019-09-26 10:47:13,269 [pool-297-thread-1] INFO  server.RaftServerConfigKeys (ConfUtils.java:logGet(43)) - raft.server.log.statemachine.data.sync.timeout = 10s (default)
2019-09-26 10:47:13,269 [pool-297-thread-1] INFO  server.RaftServerConfigKeys (ConfUtils.java:logGet(43)) - raft.server.log.statemachine.data.sync.timeout.retry = -1 (default)
2019-09-26 10:47:13,269 [pool-297-thread-1] INFO  server.RaftServerConfigKeys (ConfUtils.java:logGet(43)) - raft.server.log.statemachine.data.caching.enabled = true (custom)
2019-09-26 10:47:13,269 [pool-297-thread-1] INFO  segmented.SegmentedRaftLogWorker (SegmentedRaftLogWorker.java:lambda$new$0(132)) - 07700029-8fba-42bd-b1f5-1a847d21eaf0@group-FD67E40E9680-SegmentedRaftLogWorker: flushIndex: setUnconditionally 0 -> -1
2019-09-26 10:47:13,270 [pool-297-thread-1] INFO  server.RaftServerConfigKeys (ConfUtils.java:logGet(43)) - raft.server.snapshot.auto.trigger.enabled = true (custom)
2019-09-26 10:47:13,270 [pool-297-thread-1] INFO  server.RaftServerConfigKeys (ConfUtils.java:logGet(43)) - raft.server.snapshot.auto.trigger.threshold = 10000 (custom)
2019-09-26 10:47:13,270 [pool-297-thread-1] INFO  server.RaftServerConfigKeys (ConfUtils.java:logGet(43)) - raft.server.snapshot.retention.num.files = 5 (custom)
2019-09-26 10:47:13,270 [pool-297-thread-1] INFO  server.RaftServerConfigKeys (ConfUtils.java:logGet(43)) - raft.server.retrycache.expirytime = 600000ms (custom)
2019-09-26 10:47:13,272 [pool-297-thread-1] INFO  impl.RaftServerImpl (RaftServerImpl.java:start(185)) - 07700029-8fba-42bd-b1f5-1a847d21eaf0@group-FD67E40E9680: start as a follower, conf=-1: [07700029-8fba-42bd-b1f5-1a847d21eaf0:192.168.30.13:37310], old=null
2019-09-26 10:47:13,272 [pool-297-thread-1] INFO  impl.RaftServerImpl (RaftServerImpl.java:setRole(174)) - 07700029-8fba-42bd-b1f5-1a847d21eaf0@group-FD67E40E9680: changes role from      null to FOLLOWER at term 0 for startAsFollower
2019-09-26 10:47:13,272 [pool-297-thread-1] INFO  impl.RoleInfo (RoleInfo.java:updateAndGet(143)) - 07700029-8fba-42bd-b1f5-1a847d21eaf0: start FollowerState
2019-09-26 10:47:13,272 [pool-297-thread-1] INFO  util.JmxRegister (JmxRegister.java:tryRegister(44)) - Successfully registered JMX Bean with object name Ratis:service=RaftServer,group=group-FD67E40E9680,id=07700029-8fba-42bd-b1f5-1a847d21eaf0
2019-09-26 10:47:13,275 [RatisPipelineUtilsThread] INFO  pipeline.PipelineStateManager (PipelineStateManager.java:addPipeline(56)) - Created pipeline Pipeline[ Id: be1ea9a3-6928-4c88-bd83-fd67e40e9680, Nodes: 07700029-8fba-42bd-b1f5-1a847d21eaf0{ip: 192.168.30.13, host: pr-hdds-1569-wvzgm-824869521, networkLocation: /default-rack, certSerialId: null}, Type:RATIS, Factor:ONE, State:OPEN]
2019-09-26 10:47:13,276 [RatisPipelineUtilsThread] INFO  pipeline.PipelinePlacementPolicy (PipelinePlacementPolicy.java:meetCriteria(91)) - Pipeline Placement: can't place more pipeline on heavy datanode： cd1fcbfa-944d-480b-9151-445d9a18536b Heaviness: 6 limit: 5
2019-09-26 10:47:13,276 [RatisPipelineUtilsThread] INFO  pipeline.PipelinePlacementPolicy (PipelinePlacementPolicy.java:meetCriteria(91)) - Pipeline Placement: can't place more pipeline on heavy datanode： 44cef61c-6e91-4f77-a22d-f8f1d1e33555 Heaviness: 6 limit: 5
2019-09-26 10:47:13,281 [grpc-default-executor-0] INFO  impl.RaftServerProxy (RaftServerProxy.java:addNew(89)) - 07700029-8fba-42bd-b1f5-1a847d21eaf0: addNew group-17CD087E6000:[07700029-8fba-42bd-b1f5-1a847d21eaf0:192.168.30.13:37310] returns group-17CD087E6000:java.util.concurrent.CompletableFuture@34abbb58[Not completed]
2019-09-26 10:47:13,282 [pool-297-thread-1] INFO  impl.RaftServerImpl (RaftServerImpl.java:<init>(95)) - 07700029-8fba-42bd-b1f5-1a847d21eaf0: new RaftServerImpl for group-17CD087E6000:[07700029-8fba-42bd-b1f5-1a847d21eaf0:192.168.30.13:37310] with ContainerStateMachine:uninitialized
2019-09-26 10:47:13,282 [pool-297-thread-1] INFO  server.RaftServerConfigKeys (ConfUtils.java:logGet(43)) - raft.server.rpc.timeout.min = 5s (custom)
2019-09-26 10:47:13,282 [pool-297-thread-1] INFO  server.RaftServerConfigKeys (ConfUtils.java:logGet(43)) - raft.server.rpc.timeout.max = 5200ms (custom)
2019-09-26 10:47:13,282 [pool-297-thread-1] INFO  server.RaftServerConfigKeys (ConfUtils.java:logGet(43)) - raft.server.rpcslowness.timeout = 120s (custom)
2019-09-26 10:47:13,282 [pool-297-thread-1] INFO  server.RaftServerConfigKeys (ConfUtils.java:logGet(43)) - raft.server.sleep.deviation.threshold = 300 (default)
2019-09-26 10:47:13,282 [pool-297-thread-1] INFO  server.RaftServerConfigKeys (ConfUtils.java:logGet(43)) - raft.server.log.appender.install.snapshot.enabled = false (custom)
2019-09-26 10:47:13,283 [pool-297-thread-1] INFO  impl.RaftServerImpl (ServerState.java:<init>(103)) - 07700029-8fba-42bd-b1f5-1a847d21eaf0@group-17CD087E6000: ConfigurationManager, init=-1: [07700029-8fba-42bd-b1f5-1a847d21eaf0:192.168.30.13:37310], old=null, confs=<EMPTY_MAP>
2019-09-26 10:47:13,283 [pool-297-thread-1] INFO  server.RaftServerConfigKeys (ConfUtils.java:logGet(43)) - raft.server.storage.dir = [/workdir/hadoop-ozone/ozonefs/target/test-dir/MiniOzoneClusterImpl-23841092-02d4-48e3-9aa2-56bb3a45a661/datanode-2/data/ratis] (custom)
2019-09-26 10:47:13,283 [pool-297-thread-1] INFO  storage.RaftStorageDirectory (RaftStorageDirectory.java:analyzeStorage(246)) - The storage directory /workdir/hadoop-ozone/ozonefs/target/test-dir/MiniOzoneClusterImpl-23841092-02d4-48e3-9aa2-56bb3a45a661/datanode-2/data/ratis/a2e96c86-9839-4603-98b7-17cd087e6000 does not exist. Creating ...
2019-09-26 10:47:13,295 [pool-297-thread-1] INFO  storage.RaftStorageDirectory (RaftStorageDirectory.java:tryLock(328)) - Lock on /workdir/hadoop-ozone/ozonefs/target/test-dir/MiniOzoneClusterImpl-23841092-02d4-48e3-9aa2-56bb3a45a661/datanode-2/data/ratis/a2e96c86-9839-4603-98b7-17cd087e6000/in_use.lock acquired by nodename 17018@pr-hdds-1569-wvzgm-824869521
2019-09-26 10:47:13,308 [pool-297-thread-1] INFO  storage.RaftStorage (RaftStorage.java:format(72)) - Storage directory /workdir/hadoop-ozone/ozonefs/target/test-dir/MiniOzoneClusterImpl-23841092-02d4-48e3-9aa2-56bb3a45a661/datanode-2/data/ratis/a2e96c86-9839-4603-98b7-17cd087e6000 has been successfully formatted.
2019-09-26 10:47:13,308 [pool-297-thread-1] INFO  ratis.ContainerStateMachine (ContainerStateMachine.java:loadSnapshot(230)) - group-17CD087E6000: The snapshot info is null. Setting the last applied indexto:(t:0, i:~)
2019-09-26 10:47:13,308 [pool-297-thread-1] INFO  server.RaftServerConfigKeys (ConfUtils.java:logGet(43)) - raft.server.notification.no-leader.timeout = 120s (custom)
2019-09-26 10:47:13,308 [pool-297-thread-1] INFO  server.RaftServerConfigKeys (ConfUtils.java:logGet(43)) - raft.server.log.use.memory = false (default)
2019-09-26 10:47:13,309 [pool-297-thread-1] INFO  server.RaftServerConfigKeys (ConfUtils.java:logGet(43)) - raft.server.log.purge.gap = 1000000 (custom)
2019-09-26 10:47:13,309 [pool-297-thread-1] INFO  server.RaftServerConfigKeys (ConfUtils.java:logGet(43)) - raft.server.log.appender.buffer.byte-limit = 33554432 (custom)
2019-09-26 10:47:13,309 [pool-297-thread-1] INFO  server.RaftServerConfigKeys (ConfUtils.java:logGet(43)) - raft.server.log.segment.size.max = 1048576 (custom)
2019-09-26 10:47:13,309 [pool-297-thread-1] INFO  server.RaftServerConfigKeys (ConfUtils.java:logGet(43)) - raft.server.log.segment.cache.num.max = 2 (custom)
2019-09-26 10:47:13,309 [pool-297-thread-1] INFO  segmented.SegmentedRaftLogWorker (SegmentedRaftLogWorker.java:<init>(172)) - new 07700029-8fba-42bd-b1f5-1a847d21eaf0@group-17CD087E6000-SegmentedRaftLogWorker for RaftStorage:Storage Directory /workdir/hadoop-ozone/ozonefs/target/test-dir/MiniOzoneClusterImpl-23841092-02d4-48e3-9aa2-56bb3a45a661/datanode-2/data/ratis/a2e96c86-9839-4603-98b7-17cd087e6000
2019-09-26 10:47:13,309 [pool-297-thread-1] INFO  server.RaftServerConfigKeys (ConfUtils.java:logGet(43)) - raft.server.log.queue.byte-limit = 2147483647 (custom)
2019-09-26 10:47:13,309 [pool-297-thread-1] INFO  server.RaftServerConfigKeys (ConfUtils.java:logGet(43)) - raft.server.log.queue.element-limit = 1024 (custom)
2019-09-26 10:47:13,309 [pool-297-thread-1] INFO  server.RaftServerConfigKeys (ConfUtils.java:logGet(43)) - raft.server.log.segment.size.max = 1048576 (custom)
2019-09-26 10:47:13,309 [pool-297-thread-1] INFO  server.RaftServerConfigKeys (ConfUtils.java:logGet(43)) - raft.server.log.preallocated.size = 16384 (custom)
2019-09-26 10:47:13,310 [pool-297-thread-1] INFO  server.RaftServerConfigKeys (ConfUtils.java:logGet(43)) - raft.server.log.write.buffer.size = 33554432 (custom)
2019-09-26 10:47:13,310 [pool-297-thread-1] INFO  server.RaftServerConfigKeys (ConfUtils.java:logGet(43)) - raft.server.log.force.sync.num = 128 (default)
2019-09-26 10:47:13,310 [pool-297-thread-1] INFO  server.RaftServerConfigKeys (ConfUtils.java:logGet(43)) - raft.server.log.statemachine.data.sync = true (default)
2019-09-26 10:47:13,310 [pool-297-thread-1] INFO  server.RaftServerConfigKeys (ConfUtils.java:logGet(43)) - raft.server.log.statemachine.data.sync.timeout = 10s (default)
2019-09-26 10:47:13,310 [pool-297-thread-1] INFO  server.RaftServerConfigKeys (ConfUtils.java:logGet(43)) - raft.server.log.statemachine.data.sync.timeout.retry = -1 (default)
2019-09-26 10:47:13,310 [pool-297-thread-1] INFO  server.RaftServerConfigKeys (ConfUtils.java:logGet(43)) - raft.server.log.statemachine.data.caching.enabled = true (custom)
2019-09-26 10:47:13,310 [pool-297-thread-1] INFO  segmented.SegmentedRaftLogWorker (SegmentedRaftLogWorker.java:lambda$new$0(132)) - 07700029-8fba-42bd-b1f5-1a847d21eaf0@group-17CD087E6000-SegmentedRaftLogWorker: flushIndex: setUnconditionally 0 -> -1
2019-09-26 10:47:13,311 [pool-297-thread-1] INFO  server.RaftServerConfigKeys (ConfUtils.java:logGet(43)) - raft.server.snapshot.auto.trigger.enabled = true (custom)
2019-09-26 10:47:13,311 [pool-297-thread-1] INFO  server.RaftServerConfigKeys (ConfUtils.java:logGet(43)) - raft.server.snapshot.auto.trigger.threshold = 10000 (custom)
2019-09-26 10:47:13,311 [pool-297-thread-1] INFO  server.RaftServerConfigKeys (ConfUtils.java:logGet(43)) - raft.server.snapshot.retention.num.files = 5 (custom)
2019-09-26 10:47:13,311 [pool-297-thread-1] INFO  server.RaftServerConfigKeys (ConfUtils.java:logGet(43)) - raft.server.retrycache.expirytime = 600000ms (custom)
2019-09-26 10:47:13,312 [pool-297-thread-1] INFO  impl.RaftServerImpl (RaftServerImpl.java:start(185)) - 07700029-8fba-42bd-b1f5-1a847d21eaf0@group-17CD087E6000: start as a follower, conf=-1: [07700029-8fba-42bd-b1f5-1a847d21eaf0:192.168.30.13:37310], old=null
2019-09-26 10:47:13,312 [pool-297-thread-1] INFO  impl.RaftServerImpl (RaftServerImpl.java:setRole(174)) - 07700029-8fba-42bd-b1f5-1a847d21eaf0@group-17CD087E6000: changes role from      null to FOLLOWER at term 0 for startAsFollower
2019-09-26 10:47:13,312 [pool-297-thread-1] INFO  impl.RoleInfo (RoleInfo.java:updateAndGet(143)) - 07700029-8fba-42bd-b1f5-1a847d21eaf0: start FollowerState
2019-09-26 10:47:13,313 [pool-297-thread-1] INFO  util.JmxRegister (JmxRegister.java:tryRegister(44)) - Successfully registered JMX Bean with object name Ratis:service=RaftServer,group=group-17CD087E6000,id=07700029-8fba-42bd-b1f5-1a847d21eaf0
2019-09-26 10:47:13,315 [RatisPipelineUtilsThread] INFO  pipeline.PipelineStateManager (PipelineStateManager.java:addPipeline(56)) - Created pipeline Pipeline[ Id: a2e96c86-9839-4603-98b7-17cd087e6000, Nodes: 07700029-8fba-42bd-b1f5-1a847d21eaf0{ip: 192.168.30.13, host: pr-hdds-1569-wvzgm-824869521, networkLocation: /default-rack, certSerialId: null}, Type:RATIS, Factor:ONE, State:OPEN]
2019-09-26 10:47:13,315 [RatisPipelineUtilsThread] INFO  pipeline.PipelinePlacementPolicy (PipelinePlacementPolicy.java:meetCriteria(91)) - Pipeline Placement: can't place more pipeline on heavy datanode： cd1fcbfa-944d-480b-9151-445d9a18536b Heaviness: 6 limit: 5
2019-09-26 10:47:13,316 [RatisPipelineUtilsThread] INFO  pipeline.PipelinePlacementPolicy (PipelinePlacementPolicy.java:meetCriteria(91)) - Pipeline Placement: can't place more pipeline on heavy datanode： 44cef61c-6e91-4f77-a22d-f8f1d1e33555 Heaviness: 6 limit: 5
2019-09-26 10:47:13,316 [RatisPipelineUtilsThread] INFO  pipeline.PipelinePlacementPolicy (PipelinePlacementPolicy.java:meetCriteria(91)) - Pipeline Placement: can't place more pipeline on heavy datanode： 07700029-8fba-42bd-b1f5-1a847d21eaf0 Heaviness: 6 limit: 5
2019-09-26 10:47:13,316 [RatisPipelineUtilsThread] ERROR pipeline.PipelinePlacementPolicy (PipelinePlacementPolicy.java:filterViableNodes(148)) - Unable to find enough nodes that meet the criteria that cannot engage in more than 5 pipelines. Nodes required: 1 Found: 0, healthy nodes count inNodeManager: 3.
2019-09-26 10:47:13,316 [RatisPipelineUtilsThread] ERROR pipeline.SCMPipelineManager (SCMPipelineManager.java:createPipeline(167)) - Pipeline creation failed.
org.apache.hadoop.hdds.scm.exceptions.SCMException: Unable to find enough nodes that meet the criteria that cannot engage in more than 5 pipelines. Nodes required: 1 Found: 0, healthy nodes count inNodeManager: 3.
	at org.apache.hadoop.hdds.scm.pipeline.PipelinePlacementPolicy.filterViableNodes(PipelinePlacementPolicy.java:149)
	at org.apache.hadoop.hdds.scm.pipeline.PipelinePlacementPolicy.chooseDatanodes(PipelinePlacementPolicy.java:172)
	at org.apache.hadoop.hdds.scm.pipeline.RatisPipelineProvider.create(RatisPipelineProvider.java:93)
	at org.apache.hadoop.hdds.scm.pipeline.PipelineFactory.create(PipelineFactory.java:58)
	at org.apache.hadoop.hdds.scm.pipeline.SCMPipelineManager.createPipeline(SCMPipelineManager.java:155)
	at org.apache.hadoop.hdds.scm.pipeline.BackgroundPipelineCreator.createPipelines(BackgroundPipelineCreator.java:99)
	at java.util.concurrent.Executors$RunnableAdapter.call(Executors.java:511)
	at java.util.concurrent.FutureTask.run(FutureTask.java:266)
	at java.util.concurrent.ScheduledThreadPoolExecutor$ScheduledFutureTask.access$201(ScheduledThreadPoolExecutor.java:180)
	at java.util.concurrent.ScheduledThreadPoolExecutor$ScheduledFutureTask.run(ScheduledThreadPoolExecutor.java:293)
	at java.util.concurrent.ThreadPoolExecutor.runWorker(ThreadPoolExecutor.java:1149)
	at java.util.concurrent.ThreadPoolExecutor$Worker.run(ThreadPoolExecutor.java:624)
	at java.lang.Thread.run(Thread.java:748)
2019-09-26 10:47:13,317 [RatisPipelineUtilsThread] INFO  pipeline.PipelinePlacementPolicy (PipelinePlacementPolicy.java:meetCriteria(91)) - Pipeline Placement: can't place more pipeline on heavy datanode： cd1fcbfa-944d-480b-9151-445d9a18536b Heaviness: 6 limit: 5
2019-09-26 10:47:13,317 [RatisPipelineUtilsThread] INFO  pipeline.PipelinePlacementPolicy (PipelinePlacementPolicy.java:meetCriteria(91)) - Pipeline Placement: can't place more pipeline on heavy datanode： 44cef61c-6e91-4f77-a22d-f8f1d1e33555 Heaviness: 6 limit: 5
2019-09-26 10:47:13,317 [RatisPipelineUtilsThread] INFO  pipeline.PipelinePlacementPolicy (PipelinePlacementPolicy.java:meetCriteria(91)) - Pipeline Placement: can't place more pipeline on heavy datanode： 07700029-8fba-42bd-b1f5-1a847d21eaf0 Heaviness: 6 limit: 5
2019-09-26 10:47:13,317 [RatisPipelineUtilsThread] ERROR pipeline.PipelinePlacementPolicy (PipelinePlacementPolicy.java:filterViableNodes(148)) - Unable to find enough nodes that meet the criteria that cannot engage in more than 5 pipelines. Nodes required: 3 Found: 0, healthy nodes count inNodeManager: 3.
2019-09-26 10:47:13,317 [RatisPipelineUtilsThread] ERROR pipeline.SCMPipelineManager (SCMPipelineManager.java:createPipeline(167)) - Pipeline creation failed.
org.apache.hadoop.hdds.scm.exceptions.SCMException: Unable to find enough nodes that meet the criteria that cannot engage in more than 5 pipelines. Nodes required: 3 Found: 0, healthy nodes count inNodeManager: 3.
	at org.apache.hadoop.hdds.scm.pipeline.PipelinePlacementPolicy.filterViableNodes(PipelinePlacementPolicy.java:149)
	at org.apache.hadoop.hdds.scm.pipeline.PipelinePlacementPolicy.chooseDatanodes(PipelinePlacementPolicy.java:172)
	at org.apache.hadoop.hdds.scm.pipeline.RatisPipelineProvider.create(RatisPipelineProvider.java:93)
	at org.apache.hadoop.hdds.scm.pipeline.PipelineFactory.create(PipelineFactory.java:58)
	at org.apache.hadoop.hdds.scm.pipeline.SCMPipelineManager.createPipeline(SCMPipelineManager.java:155)
	at org.apache.hadoop.hdds.scm.pipeline.BackgroundPipelineCreator.createPipelines(BackgroundPipelineCreator.java:99)
	at java.util.concurrent.Executors$RunnableAdapter.call(Executors.java:511)
	at java.util.concurrent.FutureTask.run(FutureTask.java:266)
	at java.util.concurrent.ScheduledThreadPoolExecutor$ScheduledFutureTask.access$201(ScheduledThreadPoolExecutor.java:180)
	at java.util.concurrent.ScheduledThreadPoolExecutor$ScheduledFutureTask.run(ScheduledThreadPoolExecutor.java:293)
	at java.util.concurrent.ThreadPoolExecutor.runWorker(ThreadPoolExecutor.java:1149)
	at java.util.concurrent.ThreadPoolExecutor$Worker.run(ThreadPoolExecutor.java:624)
	at java.lang.Thread.run(Thread.java:748)
2019-09-26 10:47:13,318 [RatisPipelineUtilsThread] INFO  pipeline.PipelinePlacementPolicy (PipelinePlacementPolicy.java:meetCriteria(91)) - Pipeline Placement: can't place more pipeline on heavy datanode： cd1fcbfa-944d-480b-9151-445d9a18536b Heaviness: 6 limit: 5
2019-09-26 10:47:13,318 [RatisPipelineUtilsThread] INFO  pipeline.PipelinePlacementPolicy (PipelinePlacementPolicy.java:meetCriteria(91)) - Pipeline Placement: can't place more pipeline on heavy datanode： 44cef61c-6e91-4f77-a22d-f8f1d1e33555 Heaviness: 6 limit: 5
2019-09-26 10:47:13,318 [RatisPipelineUtilsThread] INFO  pipeline.PipelinePlacementPolicy (PipelinePlacementPolicy.java:meetCriteria(91)) - Pipeline Placement: can't place more pipeline on heavy datanode： 07700029-8fba-42bd-b1f5-1a847d21eaf0 Heaviness: 6 limit: 5
2019-09-26 10:47:13,318 [RatisPipelineUtilsThread] ERROR pipeline.PipelinePlacementPolicy (PipelinePlacementPolicy.java:filterViableNodes(148)) - Unable to find enough nodes that meet the criteria that cannot engage in more than 5 pipelines. Nodes required: 1 Found: 0, healthy nodes count inNodeManager: 3.
2019-09-26 10:47:13,318 [RatisPipelineUtilsThread] ERROR pipeline.SCMPipelineManager (SCMPipelineManager.java:createPipeline(167)) - Pipeline creation failed.
org.apache.hadoop.hdds.scm.exceptions.SCMException: Unable to find enough nodes that meet the criteria that cannot engage in more than 5 pipelines. Nodes required: 1 Found: 0, healthy nodes count inNodeManager: 3.
	at org.apache.hadoop.hdds.scm.pipeline.PipelinePlacementPolicy.filterViableNodes(PipelinePlacementPolicy.java:149)
	at org.apache.hadoop.hdds.scm.pipeline.PipelinePlacementPolicy.chooseDatanodes(PipelinePlacementPolicy.java:172)
	at org.apache.hadoop.hdds.scm.pipeline.RatisPipelineProvider.create(RatisPipelineProvider.java:93)
	at org.apache.hadoop.hdds.scm.pipeline.PipelineFactory.create(PipelineFactory.java:58)
	at org.apache.hadoop.hdds.scm.pipeline.SCMPipelineManager.createPipeline(SCMPipelineManager.java:155)
	at org.apache.hadoop.hdds.scm.pipeline.BackgroundPipelineCreator.createPipelines(BackgroundPipelineCreator.java:99)
	at org.apache.hadoop.hdds.scm.pipeline.BackgroundPipelineCreator.lambda$startFixedIntervalPipelineCreator$0(BackgroundPipelineCreator.java:70)
	at java.util.concurrent.Executors$RunnableAdapter.call(Executors.java:511)
	at java.util.concurrent.FutureTask.runAndReset(FutureTask.java:308)
	at java.util.concurrent.ScheduledThreadPoolExecutor$ScheduledFutureTask.access$301(ScheduledThreadPoolExecutor.java:180)
	at java.util.concurrent.ScheduledThreadPoolExecutor$ScheduledFutureTask.run(ScheduledThreadPoolExecutor.java:294)
	at java.util.concurrent.ThreadPoolExecutor.runWorker(ThreadPoolExecutor.java:1149)
	at java.util.concurrent.ThreadPoolExecutor$Worker.run(ThreadPoolExecutor.java:624)
	at java.lang.Thread.run(Thread.java:748)
2019-09-26 10:47:13,319 [RatisPipelineUtilsThread] INFO  pipeline.PipelinePlacementPolicy (PipelinePlacementPolicy.java:meetCriteria(91)) - Pipeline Placement: can't place more pipeline on heavy datanode： cd1fcbfa-944d-480b-9151-445d9a18536b Heaviness: 6 limit: 5
2019-09-26 10:47:13,319 [RatisPipelineUtilsThread] INFO  pipeline.PipelinePlacementPolicy (PipelinePlacementPolicy.java:meetCriteria(91)) - Pipeline Placement: can't place more pipeline on heavy datanode： 44cef61c-6e91-4f77-a22d-f8f1d1e33555 Heaviness: 6 limit: 5
2019-09-26 10:47:13,319 [RatisPipelineUtilsThread] INFO  pipeline.PipelinePlacementPolicy (PipelinePlacementPolicy.java:meetCriteria(91)) - Pipeline Placement: can't place more pipeline on heavy datanode： 07700029-8fba-42bd-b1f5-1a847d21eaf0 Heaviness: 6 limit: 5
2019-09-26 10:47:13,319 [RatisPipelineUtilsThread] ERROR pipeline.PipelinePlacementPolicy (PipelinePlacementPolicy.java:filterViableNodes(148)) - Unable to find enough nodes that meet the criteria that cannot engage in more than 5 pipelines. Nodes required: 3 Found: 0, healthy nodes count inNodeManager: 3.
2019-09-26 10:47:13,319 [RatisPipelineUtilsThread] ERROR pipeline.SCMPipelineManager (SCMPipelineManager.java:createPipeline(167)) - Pipeline creation failed.
org.apache.hadoop.hdds.scm.exceptions.SCMException: Unable to find enough nodes that meet the criteria that cannot engage in more than 5 pipelines. Nodes required: 3 Found: 0, healthy nodes count inNodeManager: 3.
	at org.apache.hadoop.hdds.scm.pipeline.PipelinePlacementPolicy.filterViableNodes(PipelinePlacementPolicy.java:149)
	at org.apache.hadoop.hdds.scm.pipeline.PipelinePlacementPolicy.chooseDatanodes(PipelinePlacementPolicy.java:172)
	at org.apache.hadoop.hdds.scm.pipeline.RatisPipelineProvider.create(RatisPipelineProvider.java:93)
	at org.apache.hadoop.hdds.scm.pipeline.PipelineFactory.create(PipelineFactory.java:58)
	at org.apache.hadoop.hdds.scm.pipeline.SCMPipelineManager.createPipeline(SCMPipelineManager.java:155)
	at org.apache.hadoop.hdds.scm.pipeline.BackgroundPipelineCreator.createPipelines(BackgroundPipelineCreator.java:99)
	at org.apache.hadoop.hdds.scm.pipeline.BackgroundPipelineCreator.lambda$startFixedIntervalPipelineCreator$0(BackgroundPipelineCreator.java:70)
	at java.util.concurrent.Executors$RunnableAdapter.call(Executors.java:511)
	at java.util.concurrent.FutureTask.runAndReset(FutureTask.java:308)
	at java.util.concurrent.ScheduledThreadPoolExecutor$ScheduledFutureTask.access$301(ScheduledThreadPoolExecutor.java:180)
	at java.util.concurrent.ScheduledThreadPoolExecutor$ScheduledFutureTask.run(ScheduledThreadPoolExecutor.java:294)
	at java.util.concurrent.ThreadPoolExecutor.runWorker(ThreadPoolExecutor.java:1149)
	at java.util.concurrent.ThreadPoolExecutor$Worker.run(ThreadPoolExecutor.java:624)
	at java.lang.Thread.run(Thread.java:748)
2019-09-26 10:47:13,675 [main] INFO  ozone.MiniOzoneClusterImpl (MiniOzoneClusterImpl.java:lambda$waitForClusterToBeReady$0(147)) - Cluster is ready. Got 3 of 3 DN Heartbeats.
2019-09-26 10:47:13,732 [main] INFO  rpc.RpcClient (RpcClient.java:createVolume(276)) - Creating Volume: eoohtaglyn, with user36726 as owner.
2019-09-26 10:47:13,735 [IPC Server handler 2 on 45521] INFO  volume.OMVolumeCreateRequest (OMVolumeCreateRequest.java:validateAndUpdateCache(189)) - created volume:eoohtaglyn for user:user36726
2019-09-26 10:47:13,748 [main] INFO  rpc.RpcClient (RpcClient.java:createBucket(415)) - Creating Bucket: eoohtaglyn/braxgmwckm, with Versioning false and Storage Type set to DISK and Encryption set to false 
2019-09-26 10:47:13,849 [IPC Server handler 1 on 43778] INFO  pipeline.PipelinePlacementPolicy (PipelinePlacementPolicy.java:meetCriteria(91)) - Pipeline Placement: can't place more pipeline on heavy datanode： cd1fcbfa-944d-480b-9151-445d9a18536b Heaviness: 6 limit: 5
2019-09-26 10:47:13,849 [IPC Server handler 1 on 43778] INFO  pipeline.PipelinePlacementPolicy (PipelinePlacementPolicy.java:meetCriteria(91)) - Pipeline Placement: can't place more pipeline on heavy datanode： 44cef61c-6e91-4f77-a22d-f8f1d1e33555 Heaviness: 6 limit: 5
2019-09-26 10:47:13,850 [IPC Server handler 1 on 43778] INFO  pipeline.PipelinePlacementPolicy (PipelinePlacementPolicy.java:meetCriteria(91)) - Pipeline Placement: can't place more pipeline on heavy datanode： 07700029-8fba-42bd-b1f5-1a847d21eaf0 Heaviness: 6 limit: 5
2019-09-26 10:47:13,850 [IPC Server handler 1 on 43778] ERROR pipeline.PipelinePlacementPolicy (PipelinePlacementPolicy.java:filterViableNodes(148)) - Unable to find enough nodes that meet the criteria that cannot engage in more than 5 pipelines. Nodes required: 3 Found: 0, healthy nodes count inNodeManager: 3.
2019-09-26 10:47:13,850 [IPC Server handler 1 on 43778] ERROR pipeline.SCMPipelineManager (SCMPipelineManager.java:createPipeline(167)) - Pipeline creation failed.
org.apache.hadoop.hdds.scm.exceptions.SCMException: Unable to find enough nodes that meet the criteria that cannot engage in more than 5 pipelines. Nodes required: 3 Found: 0, healthy nodes count inNodeManager: 3.
	at org.apache.hadoop.hdds.scm.pipeline.PipelinePlacementPolicy.filterViableNodes(PipelinePlacementPolicy.java:149)
	at org.apache.hadoop.hdds.scm.pipeline.PipelinePlacementPolicy.chooseDatanodes(PipelinePlacementPolicy.java:172)
	at org.apache.hadoop.hdds.scm.pipeline.RatisPipelineProvider.create(RatisPipelineProvider.java:93)
	at org.apache.hadoop.hdds.scm.pipeline.PipelineFactory.create(PipelineFactory.java:58)
	at org.apache.hadoop.hdds.scm.pipeline.SCMPipelineManager.createPipeline(SCMPipelineManager.java:155)
	at org.apache.hadoop.hdds.scm.block.BlockManagerImpl.allocateBlock(BlockManagerImpl.java:190)
	at org.apache.hadoop.hdds.scm.server.SCMBlockProtocolServer.allocateBlock(SCMBlockProtocolServer.java:182)
	at org.apache.hadoop.ozone.protocolPB.ScmBlockLocationProtocolServerSideTranslatorPB.allocateScmBlock(ScmBlockLocationProtocolServerSideTranslatorPB.java:183)
	at org.apache.hadoop.ozone.protocolPB.ScmBlockLocationProtocolServerSideTranslatorPB.processMessage(ScmBlockLocationProtocolServerSideTranslatorPB.java:141)
	at org.apache.hadoop.ozone.protocolPB.ScmBlockLocationProtocolServerSideTranslatorPB.send(ScmBlockLocationProtocolServerSideTranslatorPB.java:116)
	at org.apache.hadoop.hdds.protocol.proto.ScmBlockLocationProtocolProtos$ScmBlockLocationProtocolService$2.callBlockingMethod(ScmBlockLocationProtocolProtos.java:13157)
	at org.apache.hadoop.ipc.ProtobufRpcEngine$Server$ProtoBufRpcInvoker.call(ProtobufRpcEngine.java:524)
	at org.apache.hadoop.ipc.RPC$Server.call(RPC.java:1025)
	at org.apache.hadoop.ipc.Server$RpcCall.run(Server.java:876)
	at org.apache.hadoop.ipc.Server$RpcCall.run(Server.java:822)
	at java.security.AccessController.doPrivileged(Native Method)
	at javax.security.auth.Subject.doAs(Subject.java:422)
	at org.apache.hadoop.security.UserGroupInformation.doAs(UserGroupInformation.java:1730)
	at org.apache.hadoop.ipc.Server$Handler.run(Server.java:2682)
2019-09-26 10:47:13,853 [IPC Server handler 1 on 43778] WARN  block.BlockManagerImpl (BlockManagerImpl.java:allocateBlock(192)) - Pipeline creation failed for type:RATIS factor:THREE. Retrying get pipelines call once.
org.apache.hadoop.hdds.scm.exceptions.SCMException: Unable to find enough nodes that meet the criteria that cannot engage in more than 5 pipelines. Nodes required: 3 Found: 0, healthy nodes count inNodeManager: 3.
	at org.apache.hadoop.hdds.scm.pipeline.PipelinePlacementPolicy.filterViableNodes(PipelinePlacementPolicy.java:149)
	at org.apache.hadoop.hdds.scm.pipeline.PipelinePlacementPolicy.chooseDatanodes(PipelinePlacementPolicy.java:172)
	at org.apache.hadoop.hdds.scm.pipeline.RatisPipelineProvider.create(RatisPipelineProvider.java:93)
	at org.apache.hadoop.hdds.scm.pipeline.PipelineFactory.create(PipelineFactory.java:58)
	at org.apache.hadoop.hdds.scm.pipeline.SCMPipelineManager.createPipeline(SCMPipelineManager.java:155)
	at org.apache.hadoop.hdds.scm.block.BlockManagerImpl.allocateBlock(BlockManagerImpl.java:190)
	at org.apache.hadoop.hdds.scm.server.SCMBlockProtocolServer.allocateBlock(SCMBlockProtocolServer.java:182)
	at org.apache.hadoop.ozone.protocolPB.ScmBlockLocationProtocolServerSideTranslatorPB.allocateScmBlock(ScmBlockLocationProtocolServerSideTranslatorPB.java:183)
	at org.apache.hadoop.ozone.protocolPB.ScmBlockLocationProtocolServerSideTranslatorPB.processMessage(ScmBlockLocationProtocolServerSideTranslatorPB.java:141)
	at org.apache.hadoop.ozone.protocolPB.ScmBlockLocationProtocolServerSideTranslatorPB.send(ScmBlockLocationProtocolServerSideTranslatorPB.java:116)
	at org.apache.hadoop.hdds.protocol.proto.ScmBlockLocationProtocolProtos$ScmBlockLocationProtocolService$2.callBlockingMethod(ScmBlockLocationProtocolProtos.java:13157)
	at org.apache.hadoop.ipc.ProtobufRpcEngine$Server$ProtoBufRpcInvoker.call(ProtobufRpcEngine.java:524)
	at org.apache.hadoop.ipc.RPC$Server.call(RPC.java:1025)
	at org.apache.hadoop.ipc.Server$RpcCall.run(Server.java:876)
	at org.apache.hadoop.ipc.Server$RpcCall.run(Server.java:822)
	at java.security.AccessController.doPrivileged(Native Method)
	at javax.security.auth.Subject.doAs(Subject.java:422)
	at org.apache.hadoop.security.UserGroupInformation.doAs(UserGroupInformation.java:1730)
	at org.apache.hadoop.ipc.Server$Handler.run(Server.java:2682)
2019-09-26 10:47:13,854 [IPC Server handler 1 on 43778] INFO  block.BlockManagerImpl (BlockManagerImpl.java:allocateBlock(198)) - Could not find available pipeline of type:RATIS and factor:THREE even after retrying
2019-09-26 10:47:13,854 [IPC Server handler 1 on 43778] ERROR block.BlockManagerImpl (BlockManagerImpl.java:allocateBlock(222)) - Unable to allocate a block for the size: 4194304, type: RATIS, factor: THREE
2019-09-26 10:47:13,865 [main] INFO  ozone.MiniOzoneClusterImpl (MiniOzoneClusterImpl.java:shutdown(314)) - Shutting down the Mini Ozone Cluster
2019-09-26 10:47:13,866 [main] INFO  ozone.MiniOzoneClusterImpl (MiniOzoneClusterImpl.java:stop(330)) - Stopping the Mini Ozone Cluster
2019-09-26 10:47:13,866 [main] INFO  ozone.MiniOzoneClusterImpl (MiniOzoneClusterImpl.java:stopOM(400)) - Stopping the OzoneManager
2019-09-26 10:47:13,866 [main] INFO  ipc.Server (Server.java:stop(3082)) - Stopping server on 45521
2019-09-26 10:47:13,872 [IPC Server listener on 45521] INFO  ipc.Server (Server.java:run(1185)) - Stopping IPC Server listener on 45521
2019-09-26 10:47:13,875 [main] INFO  ratis.OzoneManagerDoubleBuffer (OzoneManagerDoubleBuffer.java:stop(248)) - Stopping OMDoubleBuffer flush thread
2019-09-26 10:47:13,875 [IPC Server Responder] INFO  ipc.Server (Server.java:run(1319)) - Stopping IPC Server Responder
2019-09-26 10:47:13,876 [OMDoubleBufferFlushThread] INFO  ratis.OzoneManagerDoubleBuffer (OzoneManagerDoubleBuffer.java:flushTransactions(191)) - OMDoubleBuffer flush thread OMDoubleBufferFlushThread is interrupted and will exit. OMDoubleBufferFlushThread
2019-09-26 10:47:13,876 [main] INFO  utils.BackgroundService (BackgroundService.java:shutdown(148)) - Shutting down service KeyDeletingService
2019-09-26 10:47:13,878 [main] INFO  handler.ContextHandler (ContextHandler.java:doStop(910)) - Stopped o.e.j.w.WebAppContext@34a20f16{/,null,UNAVAILABLE}{/ozoneManager}
2019-09-26 10:47:13,879 [main] INFO  server.AbstractConnector (AbstractConnector.java:doStop(318)) - Stopped ServerConnector@496cc217{HTTP/1.1,[http/1.1]}{0.0.0.0:0}
2019-09-26 10:47:13,880 [main] INFO  handler.ContextHandler (ContextHandler.java:doStop(910)) - Stopped o.e.j.s.ServletContextHandler@77a0dd63{/static,jar:file:/home/user/.m2/repository/org/apache/hadoop/hadoop-ozone-ozone-manager/0.5.0-SNAPSHOT/hadoop-ozone-ozone-manager-0.5.0-SNAPSHOT.jar!/webapps/static,UNAVAILABLE}
2019-09-26 10:47:13,880 [main] INFO  handler.ContextHandler (ContextHandler.java:doStop(910)) - Stopped o.e.j.s.ServletContextHandler@7c8874ef{/logs,file:///workdir/hadoop-ozone/ozonefs/target/log,UNAVAILABLE}
2019-09-26 10:47:13,882 [main] INFO  ozone.MiniOzoneClusterImpl (MiniOzoneClusterImpl.java:stopDatanodes(377)) - Stopping the HddsDatanodes
2019-09-26 10:47:14,446 [Datanode State Machine Thread - 0] INFO  statemachine.DatanodeStateMachine (DatanodeStateMachine.java:lambda$startDaemon$0(350)) - Ozone container server started.
2019-09-26 10:47:14,565 [Datanode State Machine Thread - 0] INFO  statemachine.DatanodeStateMachine (DatanodeStateMachine.java:lambda$startDaemon$0(350)) - Ozone container server started.
2019-09-26 10:47:15,460 [Thread-1510] INFO  container.ReplicationManager (ReplicationManager.java:start(163)) - Starting Replication Monitor Thread.
2019-09-26 10:47:15,464 [ReplicationMonitor] INFO  container.ReplicationManager (ReplicationManager.java:run(226)) - Replication Monitor Thread took 0 milliseconds for processing 0 containers.
2019-09-26 10:47:17,548 [Thread-1512] INFO  impl.FollowerState (FollowerState.java:run(106)) - 44cef61c-6e91-4f77-a22d-f8f1d1e33555:group-77EA6954728A changes to CANDIDATE, lastRpcTime:5027, electionTimeout:5027ms
2019-09-26 10:47:17,549 [Thread-1512] INFO  impl.RoleInfo (RoleInfo.java:shutdownFollowerState(121)) - 44cef61c-6e91-4f77-a22d-f8f1d1e33555: shutdown FollowerState
2019-09-26 10:47:17,549 [Thread-1512] INFO  impl.RaftServerImpl (RaftServerImpl.java:setRole(174)) - 44cef61c-6e91-4f77-a22d-f8f1d1e33555@group-77EA6954728A: changes role from  FOLLOWER to CANDIDATE at term 0 for changeToCandidate
2019-09-26 10:47:17,549 [Thread-1512] INFO  impl.RoleInfo (RoleInfo.java:updateAndGet(143)) - 44cef61c-6e91-4f77-a22d-f8f1d1e33555: start LeaderElection
2019-09-26 10:47:17,570 [44cef61c-6e91-4f77-a22d-f8f1d1e33555@group-77EA6954728A:LeaderElection91] INFO  impl.LeaderElection (LeaderElection.java:askForVotes(182)) - 44cef61c-6e91-4f77-a22d-f8f1d1e33555@group-77EA6954728A:LeaderElection91: begin an election at term 1 for -1: [44cef61c-6e91-4f77-a22d-f8f1d1e33555:192.168.30.13:44120], old=null
2019-09-26 10:47:17,570 [44cef61c-6e91-4f77-a22d-f8f1d1e33555@group-77EA6954728A:LeaderElection91] INFO  impl.RoleInfo (RoleInfo.java:shutdownLeaderElection(134)) - 44cef61c-6e91-4f77-a22d-f8f1d1e33555: shutdown LeaderElection
2019-09-26 10:47:17,570 [44cef61c-6e91-4f77-a22d-f8f1d1e33555@group-77EA6954728A:LeaderElection91] INFO  impl.RaftServerImpl (RaftServerImpl.java:setRole(174)) - 44cef61c-6e91-4f77-a22d-f8f1d1e33555@group-77EA6954728A: changes role from CANDIDATE to LEADER at term 1 for changeToLeader
2019-09-26 10:47:17,570 [44cef61c-6e91-4f77-a22d-f8f1d1e33555@group-77EA6954728A:LeaderElection91] INFO  impl.RaftServerImpl (ServerState.java:setLeader(253)) - 44cef61c-6e91-4f77-a22d-f8f1d1e33555@group-77EA6954728A: change Leader from null to 44cef61c-6e91-4f77-a22d-f8f1d1e33555 at term 1 for becomeLeader, leader elected after 5057ms
2019-09-26 10:47:17,570 [44cef61c-6e91-4f77-a22d-f8f1d1e33555@group-77EA6954728A:LeaderElection91] INFO  server.RaftServerConfigKeys (ConfUtils.java:logGet(43)) - raft.server.staging.catchup.gap = 1000 (default)
2019-09-26 10:47:17,570 [44cef61c-6e91-4f77-a22d-f8f1d1e33555@group-77EA6954728A:LeaderElection91] INFO  server.RaftServerConfigKeys (ConfUtils.java:logGet(43)) - raft.server.rpc.sleep.time = 25ms (default)
2019-09-26 10:47:17,571 [44cef61c-6e91-4f77-a22d-f8f1d1e33555@group-77EA6954728A:LeaderElection91] INFO  server.RaftServerConfigKeys (ConfUtils.java:logGet(43)) - raft.server.write.element-limit = 4096 (default)
2019-09-26 10:47:17,571 [44cef61c-6e91-4f77-a22d-f8f1d1e33555@group-77EA6954728A:LeaderElection91] INFO  server.RaftServerConfigKeys (ConfUtils.java:logGet(43)) - raft.server.watch.timeout = 10s (default)
2019-09-26 10:47:17,571 [44cef61c-6e91-4f77-a22d-f8f1d1e33555@group-77EA6954728A:LeaderElection91] INFO  server.RaftServerConfigKeys (ConfUtils.java:logGet(43)) - raft.server.watch.timeout.denomination = 1s (default)
2019-09-26 10:47:17,571 [44cef61c-6e91-4f77-a22d-f8f1d1e33555@group-77EA6954728A:LeaderElection91] INFO  server.RaftServerConfigKeys (ConfUtils.java:logGet(43)) - raft.server.watch.element-limit = 65536 (default)
2019-09-26 10:47:17,573 [44cef61c-6e91-4f77-a22d-f8f1d1e33555@group-77EA6954728A:LeaderElection91] INFO  impl.RoleInfo (RoleInfo.java:updateAndGet(143)) - 44cef61c-6e91-4f77-a22d-f8f1d1e33555: start LeaderState
2019-09-26 10:47:17,574 [44cef61c-6e91-4f77-a22d-f8f1d1e33555@group-77EA6954728A:LeaderElection91] INFO  segmented.SegmentedRaftLogWorker (SegmentedRaftLogWorker.java:startLogSegment(380)) - 44cef61c-6e91-4f77-a22d-f8f1d1e33555@group-77EA6954728A-SegmentedRaftLogWorker: Starting segment from index:0
2019-09-26 10:47:17,574 [44cef61c-6e91-4f77-a22d-f8f1d1e33555@group-77EA6954728A:LeaderElection91] INFO  impl.RaftServerImpl (ServerState.java:setRaftConf(354)) - 44cef61c-6e91-4f77-a22d-f8f1d1e33555@group-77EA6954728A: set configuration 0: [44cef61c-6e91-4f77-a22d-f8f1d1e33555:192.168.30.13:44120], old=null at 0
2019-09-26 10:47:17,621 [44cef61c-6e91-4f77-a22d-f8f1d1e33555@group-77EA6954728A-SegmentedRaftLogWorker] INFO  segmented.SegmentedRaftLogWorker (SegmentedRaftLogWorker.java:execute(569)) - 44cef61c-6e91-4f77-a22d-f8f1d1e33555@group-77EA6954728A-SegmentedRaftLogWorker: created new log segment /workdir/hadoop-ozone/ozonefs/target/test-dir/MiniOzoneClusterImpl-23841092-02d4-48e3-9aa2-56bb3a45a661/datanode-0/data/ratis/90c085aa-c977-48a1-b3b3-77ea6954728a/current/log_inprogress_0
2019-09-26 10:47:17,668 [Thread-1518] INFO  impl.FollowerState (FollowerState.java:run(106)) - cd1fcbfa-944d-480b-9151-445d9a18536b:group-ADB5CFC3154D changes to CANDIDATE, lastRpcTime:5056, electionTimeout:5056ms
2019-09-26 10:47:17,668 [Thread-1518] INFO  impl.RoleInfo (RoleInfo.java:shutdownFollowerState(121)) - cd1fcbfa-944d-480b-9151-445d9a18536b: shutdown FollowerState
2019-09-26 10:47:17,668 [Thread-1518] INFO  impl.RaftServerImpl (RaftServerImpl.java:setRole(174)) - cd1fcbfa-944d-480b-9151-445d9a18536b@group-ADB5CFC3154D: changes role from  FOLLOWER to CANDIDATE at term 0 for changeToCandidate
2019-09-26 10:47:17,668 [Thread-1518] INFO  impl.RoleInfo (RoleInfo.java:updateAndGet(143)) - cd1fcbfa-944d-480b-9151-445d9a18536b: start LeaderElection
2019-09-26 10:47:17,684 [cd1fcbfa-944d-480b-9151-445d9a18536b@group-ADB5CFC3154D:LeaderElection92] INFO  impl.LeaderElection (LeaderElection.java:askForVotes(182)) - cd1fcbfa-944d-480b-9151-445d9a18536b@group-ADB5CFC3154D:LeaderElection92: begin an election at term 1 for -1: [cd1fcbfa-944d-480b-9151-445d9a18536b:192.168.30.13:42343], old=null
2019-09-26 10:47:17,684 [cd1fcbfa-944d-480b-9151-445d9a18536b@group-ADB5CFC3154D:LeaderElection92] INFO  impl.RoleInfo (RoleInfo.java:shutdownLeaderElection(134)) - cd1fcbfa-944d-480b-9151-445d9a18536b: shutdown LeaderElection
2019-09-26 10:47:17,684 [cd1fcbfa-944d-480b-9151-445d9a18536b@group-ADB5CFC3154D:LeaderElection92] INFO  impl.RaftServerImpl (RaftServerImpl.java:setRole(174)) - cd1fcbfa-944d-480b-9151-445d9a18536b@group-ADB5CFC3154D: changes role from CANDIDATE to LEADER at term 1 for changeToLeader
2019-09-26 10:47:17,685 [cd1fcbfa-944d-480b-9151-445d9a18536b@group-ADB5CFC3154D:LeaderElection92] INFO  impl.RaftServerImpl (ServerState.java:setLeader(253)) - cd1fcbfa-944d-480b-9151-445d9a18536b@group-ADB5CFC3154D: change Leader from null to cd1fcbfa-944d-480b-9151-445d9a18536b at term 1 for becomeLeader, leader elected after 5079ms
2019-09-26 10:47:17,685 [cd1fcbfa-944d-480b-9151-445d9a18536b@group-ADB5CFC3154D:LeaderElection92] INFO  server.RaftServerConfigKeys (ConfUtils.java:logGet(43)) - raft.server.staging.catchup.gap = 1000 (default)
2019-09-26 10:47:17,685 [cd1fcbfa-944d-480b-9151-445d9a18536b@group-ADB5CFC3154D:LeaderElection92] INFO  server.RaftServerConfigKeys (ConfUtils.java:logGet(43)) - raft.server.rpc.sleep.time = 25ms (default)
2019-09-26 10:47:17,685 [cd1fcbfa-944d-480b-9151-445d9a18536b@group-ADB5CFC3154D:LeaderElection92] INFO  server.RaftServerConfigKeys (ConfUtils.java:logGet(43)) - raft.server.write.element-limit = 4096 (default)
2019-09-26 10:47:17,685 [cd1fcbfa-944d-480b-9151-445d9a18536b@group-ADB5CFC3154D:LeaderElection92] INFO  server.RaftServerConfigKeys (ConfUtils.java:logGet(43)) - raft.server.watch.timeout = 10s (default)
2019-09-26 10:47:17,685 [cd1fcbfa-944d-480b-9151-445d9a18536b@group-ADB5CFC3154D:LeaderElection92] INFO  server.RaftServerConfigKeys (ConfUtils.java:logGet(43)) - raft.server.watch.timeout.denomination = 1s (default)
2019-09-26 10:47:17,685 [cd1fcbfa-944d-480b-9151-445d9a18536b@group-ADB5CFC3154D:LeaderElection92] INFO  server.RaftServerConfigKeys (ConfUtils.java:logGet(43)) - raft.server.watch.element-limit = 65536 (default)
2019-09-26 10:47:17,687 [cd1fcbfa-944d-480b-9151-445d9a18536b@group-ADB5CFC3154D:LeaderElection92] INFO  impl.RoleInfo (RoleInfo.java:updateAndGet(143)) - cd1fcbfa-944d-480b-9151-445d9a18536b: start LeaderState
2019-09-26 10:47:17,687 [cd1fcbfa-944d-480b-9151-445d9a18536b@group-ADB5CFC3154D:LeaderElection92] INFO  segmented.SegmentedRaftLogWorker (SegmentedRaftLogWorker.java:startLogSegment(380)) - cd1fcbfa-944d-480b-9151-445d9a18536b@group-ADB5CFC3154D-SegmentedRaftLogWorker: Starting segment from index:0
2019-09-26 10:47:17,688 [cd1fcbfa-944d-480b-9151-445d9a18536b@group-ADB5CFC3154D:LeaderElection92] INFO  impl.RaftServerImpl (ServerState.java:setRaftConf(354)) - cd1fcbfa-944d-480b-9151-445d9a18536b@group-ADB5CFC3154D: set configuration 0: [cd1fcbfa-944d-480b-9151-445d9a18536b:192.168.30.13:42343], old=null at 0
2019-09-26 10:47:17,739 [Thread-1515] INFO  impl.FollowerState (FollowerState.java:run(106)) - 44cef61c-6e91-4f77-a22d-f8f1d1e33555:group-825D037CFCAC changes to CANDIDATE, lastRpcTime:5175, electionTimeout:5175ms
2019-09-26 10:47:17,740 [Thread-1515] INFO  impl.RoleInfo (RoleInfo.java:shutdownFollowerState(121)) - 44cef61c-6e91-4f77-a22d-f8f1d1e33555: shutdown FollowerState
2019-09-26 10:47:17,740 [Thread-1515] INFO  impl.RaftServerImpl (RaftServerImpl.java:setRole(174)) - 44cef61c-6e91-4f77-a22d-f8f1d1e33555@group-825D037CFCAC: changes role from  FOLLOWER to CANDIDATE at term 0 for changeToCandidate
2019-09-26 10:47:17,740 [Thread-1515] INFO  impl.RoleInfo (RoleInfo.java:updateAndGet(143)) - 44cef61c-6e91-4f77-a22d-f8f1d1e33555: start LeaderElection
2019-09-26 10:47:17,746 [cd1fcbfa-944d-480b-9151-445d9a18536b@group-ADB5CFC3154D-SegmentedRaftLogWorker] INFO  segmented.SegmentedRaftLogWorker (SegmentedRaftLogWorker.java:execute(569)) - cd1fcbfa-944d-480b-9151-445d9a18536b@group-ADB5CFC3154D-SegmentedRaftLogWorker: created new log segment /workdir/hadoop-ozone/ozonefs/target/test-dir/MiniOzoneClusterImpl-23841092-02d4-48e3-9aa2-56bb3a45a661/datanode-1/data/ratis/0de9db4d-c181-4f42-bc29-adb5cfc3154d/current/log_inprogress_0
2019-09-26 10:47:17,747 [Thread-1527] INFO  impl.FollowerState (FollowerState.java:run(106)) - cd1fcbfa-944d-480b-9151-445d9a18536b:group-DD137697DCBD changes to CANDIDATE, lastRpcTime:5019, electionTimeout:5019ms
2019-09-26 10:47:17,747 [Thread-1527] INFO  impl.RoleInfo (RoleInfo.java:shutdownFollowerState(121)) - cd1fcbfa-944d-480b-9151-445d9a18536b: shutdown FollowerState
2019-09-26 10:47:17,747 [Thread-1527] INFO  impl.RaftServerImpl (RaftServerImpl.java:setRole(174)) - cd1fcbfa-944d-480b-9151-445d9a18536b@group-DD137697DCBD: changes role from  FOLLOWER to CANDIDATE at term 0 for changeToCandidate
2019-09-26 10:47:17,748 [Thread-1527] INFO  impl.RoleInfo (RoleInfo.java:updateAndGet(143)) - cd1fcbfa-944d-480b-9151-445d9a18536b: start LeaderElection
2019-09-26 10:47:17,748 [44cef61c-6e91-4f77-a22d-f8f1d1e33555@group-825D037CFCAC:LeaderElection93] INFO  impl.LeaderElection (LeaderElection.java:askForVotes(182)) - 44cef61c-6e91-4f77-a22d-f8f1d1e33555@group-825D037CFCAC:LeaderElection93: begin an election at term 1 for -1: [44cef61c-6e91-4f77-a22d-f8f1d1e33555:192.168.30.13:44120], old=null
2019-09-26 10:47:17,750 [44cef61c-6e91-4f77-a22d-f8f1d1e33555@group-825D037CFCAC:LeaderElection93] INFO  impl.RoleInfo (RoleInfo.java:shutdownLeaderElection(134)) - 44cef61c-6e91-4f77-a22d-f8f1d1e33555: shutdown LeaderElection
2019-09-26 10:47:17,750 [44cef61c-6e91-4f77-a22d-f8f1d1e33555@group-825D037CFCAC:LeaderElection93] INFO  impl.RaftServerImpl (RaftServerImpl.java:setRole(174)) - 44cef61c-6e91-4f77-a22d-f8f1d1e33555@group-825D037CFCAC: changes role from CANDIDATE to LEADER at term 1 for changeToLeader
2019-09-26 10:47:17,750 [44cef61c-6e91-4f77-a22d-f8f1d1e33555@group-825D037CFCAC:LeaderElection93] INFO  impl.RaftServerImpl (ServerState.java:setLeader(253)) - 44cef61c-6e91-4f77-a22d-f8f1d1e33555@group-825D037CFCAC: change Leader from null to 44cef61c-6e91-4f77-a22d-f8f1d1e33555 at term 1 for becomeLeader, leader elected after 5191ms
2019-09-26 10:47:17,750 [44cef61c-6e91-4f77-a22d-f8f1d1e33555@group-825D037CFCAC:LeaderElection93] INFO  server.RaftServerConfigKeys (ConfUtils.java:logGet(43)) - raft.server.staging.catchup.gap = 1000 (default)
2019-09-26 10:47:17,751 [44cef61c-6e91-4f77-a22d-f8f1d1e33555@group-825D037CFCAC:LeaderElection93] INFO  server.RaftServerConfigKeys (ConfUtils.java:logGet(43)) - raft.server.rpc.sleep.time = 25ms (default)
2019-09-26 10:47:17,751 [44cef61c-6e91-4f77-a22d-f8f1d1e33555@group-825D037CFCAC:LeaderElection93] INFO  server.RaftServerConfigKeys (ConfUtils.java:logGet(43)) - raft.server.write.element-limit = 4096 (default)
2019-09-26 10:47:17,751 [44cef61c-6e91-4f77-a22d-f8f1d1e33555@group-825D037CFCAC:LeaderElection93] INFO  server.RaftServerConfigKeys (ConfUtils.java:logGet(43)) - raft.server.watch.timeout = 10s (default)
2019-09-26 10:47:17,751 [44cef61c-6e91-4f77-a22d-f8f1d1e33555@group-825D037CFCAC:LeaderElection93] INFO  server.RaftServerConfigKeys (ConfUtils.java:logGet(43)) - raft.server.watch.timeout.denomination = 1s (default)
2019-09-26 10:47:17,752 [44cef61c-6e91-4f77-a22d-f8f1d1e33555@group-825D037CFCAC:LeaderElection93] INFO  server.RaftServerConfigKeys (ConfUtils.java:logGet(43)) - raft.server.watch.element-limit = 65536 (default)
2019-09-26 10:47:17,755 [44cef61c-6e91-4f77-a22d-f8f1d1e33555@group-825D037CFCAC:LeaderElection93] INFO  impl.RoleInfo (RoleInfo.java:updateAndGet(143)) - 44cef61c-6e91-4f77-a22d-f8f1d1e33555: start LeaderState
2019-09-26 10:47:17,755 [44cef61c-6e91-4f77-a22d-f8f1d1e33555@group-825D037CFCAC:LeaderElection93] INFO  segmented.SegmentedRaftLogWorker (SegmentedRaftLogWorker.java:startLogSegment(380)) - 44cef61c-6e91-4f77-a22d-f8f1d1e33555@group-825D037CFCAC-SegmentedRaftLogWorker: Starting segment from index:0
2019-09-26 10:47:17,756 [44cef61c-6e91-4f77-a22d-f8f1d1e33555@group-825D037CFCAC:LeaderElection93] INFO  impl.RaftServerImpl (ServerState.java:setRaftConf(354)) - 44cef61c-6e91-4f77-a22d-f8f1d1e33555@group-825D037CFCAC: set configuration 0: [44cef61c-6e91-4f77-a22d-f8f1d1e33555:192.168.30.13:44120], old=null at 0
2019-09-26 10:47:17,763 [cd1fcbfa-944d-480b-9151-445d9a18536b@group-DD137697DCBD:LeaderElection94] INFO  impl.LeaderElection (LeaderElection.java:askForVotes(182)) - cd1fcbfa-944d-480b-9151-445d9a18536b@group-DD137697DCBD:LeaderElection94: begin an election at term 1 for -1: [cd1fcbfa-944d-480b-9151-445d9a18536b:192.168.30.13:42343], old=null
2019-09-26 10:47:17,763 [cd1fcbfa-944d-480b-9151-445d9a18536b@group-DD137697DCBD:LeaderElection94] INFO  impl.RoleInfo (RoleInfo.java:shutdownLeaderElection(134)) - cd1fcbfa-944d-480b-9151-445d9a18536b: shutdown LeaderElection
2019-09-26 10:47:17,763 [cd1fcbfa-944d-480b-9151-445d9a18536b@group-DD137697DCBD:LeaderElection94] INFO  impl.RaftServerImpl (RaftServerImpl.java:setRole(174)) - cd1fcbfa-944d-480b-9151-445d9a18536b@group-DD137697DCBD: changes role from CANDIDATE to LEADER at term 1 for changeToLeader
2019-09-26 10:47:17,763 [cd1fcbfa-944d-480b-9151-445d9a18536b@group-DD137697DCBD:LeaderElection94] INFO  impl.RaftServerImpl (ServerState.java:setLeader(253)) - cd1fcbfa-944d-480b-9151-445d9a18536b@group-DD137697DCBD: change Leader from null to cd1fcbfa-944d-480b-9151-445d9a18536b at term 1 for becomeLeader, leader elected after 5041ms
2019-09-26 10:47:17,763 [cd1fcbfa-944d-480b-9151-445d9a18536b@group-DD137697DCBD:LeaderElection94] INFO  server.RaftServerConfigKeys (ConfUtils.java:logGet(43)) - raft.server.staging.catchup.gap = 1000 (default)
2019-09-26 10:47:17,764 [cd1fcbfa-944d-480b-9151-445d9a18536b@group-DD137697DCBD:LeaderElection94] INFO  server.RaftServerConfigKeys (ConfUtils.java:logGet(43)) - raft.server.rpc.sleep.time = 25ms (default)
2019-09-26 10:47:17,764 [cd1fcbfa-944d-480b-9151-445d9a18536b@group-DD137697DCBD:LeaderElection94] INFO  server.RaftServerConfigKeys (ConfUtils.java:logGet(43)) - raft.server.write.element-limit = 4096 (default)
2019-09-26 10:47:17,764 [cd1fcbfa-944d-480b-9151-445d9a18536b@group-DD137697DCBD:LeaderElection94] INFO  server.RaftServerConfigKeys (ConfUtils.java:logGet(43)) - raft.server.watch.timeout = 10s (default)
2019-09-26 10:47:17,764 [cd1fcbfa-944d-480b-9151-445d9a18536b@group-DD137697DCBD:LeaderElection94] INFO  server.RaftServerConfigKeys (ConfUtils.java:logGet(43)) - raft.server.watch.timeout.denomination = 1s (default)
2019-09-26 10:47:17,764 [cd1fcbfa-944d-480b-9151-445d9a18536b@group-DD137697DCBD:LeaderElection94] INFO  server.RaftServerConfigKeys (ConfUtils.java:logGet(43)) - raft.server.watch.element-limit = 65536 (default)
2019-09-26 10:47:17,766 [cd1fcbfa-944d-480b-9151-445d9a18536b@group-DD137697DCBD:LeaderElection94] INFO  impl.RoleInfo (RoleInfo.java:updateAndGet(143)) - cd1fcbfa-944d-480b-9151-445d9a18536b: start LeaderState
2019-09-26 10:47:17,767 [cd1fcbfa-944d-480b-9151-445d9a18536b@group-DD137697DCBD:LeaderElection94] INFO  segmented.SegmentedRaftLogWorker (SegmentedRaftLogWorker.java:startLogSegment(380)) - cd1fcbfa-944d-480b-9151-445d9a18536b@group-DD137697DCBD-SegmentedRaftLogWorker: Starting segment from index:0
2019-09-26 10:47:17,767 [cd1fcbfa-944d-480b-9151-445d9a18536b@group-DD137697DCBD:LeaderElection94] INFO  impl.RaftServerImpl (ServerState.java:setRaftConf(354)) - cd1fcbfa-944d-480b-9151-445d9a18536b@group-DD137697DCBD: set configuration 0: [cd1fcbfa-944d-480b-9151-445d9a18536b:192.168.30.13:42343], old=null at 0
2019-09-26 10:47:17,776 [Thread-1530] INFO  impl.FollowerState (FollowerState.java:run(106)) - 44cef61c-6e91-4f77-a22d-f8f1d1e33555:group-11FA1B457505 changes to CANDIDATE, lastRpcTime:5025, electionTimeout:5025ms
2019-09-26 10:47:17,777 [Thread-1530] INFO  impl.RoleInfo (RoleInfo.java:shutdownFollowerState(121)) - 44cef61c-6e91-4f77-a22d-f8f1d1e33555: shutdown FollowerState
2019-09-26 10:47:17,777 [Thread-1530] INFO  impl.RaftServerImpl (RaftServerImpl.java:setRole(174)) - 44cef61c-6e91-4f77-a22d-f8f1d1e33555@group-11FA1B457505: changes role from  FOLLOWER to CANDIDATE at term 0 for changeToCandidate
2019-09-26 10:47:17,777 [Thread-1530] INFO  impl.RoleInfo (RoleInfo.java:updateAndGet(143)) - 44cef61c-6e91-4f77-a22d-f8f1d1e33555: start LeaderElection
2019-09-26 10:47:17,800 [Thread-1524] INFO  impl.FollowerState (FollowerState.java:run(106)) - cd1fcbfa-944d-480b-9151-445d9a18536b:group-4751FAEA57E2 changes to CANDIDATE, lastRpcTime:5104, electionTimeout:5092ms
2019-09-26 10:47:17,800 [Thread-1521] INFO  impl.FollowerState (FollowerState.java:run(106)) - 44cef61c-6e91-4f77-a22d-f8f1d1e33555:group-33A717BC8D44 changes to CANDIDATE, lastRpcTime:5146, electionTimeout:5146ms
2019-09-26 10:47:17,800 [Thread-1524] INFO  impl.RoleInfo (RoleInfo.java:shutdownFollowerState(121)) - cd1fcbfa-944d-480b-9151-445d9a18536b: shutdown FollowerState
2019-09-26 10:47:17,800 [Thread-1521] INFO  impl.RoleInfo (RoleInfo.java:shutdownFollowerState(121)) - 44cef61c-6e91-4f77-a22d-f8f1d1e33555: shutdown FollowerState
2019-09-26 10:47:17,800 [Thread-1524] INFO  impl.RaftServerImpl (RaftServerImpl.java:setRole(174)) - cd1fcbfa-944d-480b-9151-445d9a18536b@group-4751FAEA57E2: changes role from  FOLLOWER to CANDIDATE at term 0 for changeToCandidate
2019-09-26 10:47:17,800 [Thread-1521] INFO  impl.RaftServerImpl (RaftServerImpl.java:setRole(174)) - 44cef61c-6e91-4f77-a22d-f8f1d1e33555@group-33A717BC8D44: changes role from  FOLLOWER to CANDIDATE at term 0 for changeToCandidate
2019-09-26 10:47:17,800 [Thread-1524] INFO  impl.RoleInfo (RoleInfo.java:updateAndGet(143)) - cd1fcbfa-944d-480b-9151-445d9a18536b: start LeaderElection
2019-09-26 10:47:17,800 [Thread-1521] INFO  impl.RoleInfo (RoleInfo.java:updateAndGet(143)) - 44cef61c-6e91-4f77-a22d-f8f1d1e33555: start LeaderElection
2019-09-26 10:47:17,812 [44cef61c-6e91-4f77-a22d-f8f1d1e33555@group-825D037CFCAC-SegmentedRaftLogWorker] INFO  segmented.SegmentedRaftLogWorker (SegmentedRaftLogWorker.java:execute(569)) - 44cef61c-6e91-4f77-a22d-f8f1d1e33555@group-825D037CFCAC-SegmentedRaftLogWorker: created new log segment /workdir/hadoop-ozone/ozonefs/target/test-dir/MiniOzoneClusterImpl-23841092-02d4-48e3-9aa2-56bb3a45a661/datanode-0/data/ratis/11787fc2-cd64-4b22-b3ad-825d037cfcac/current/log_inprogress_0
2019-09-26 10:47:17,812 [cd1fcbfa-944d-480b-9151-445d9a18536b@group-DD137697DCBD-SegmentedRaftLogWorker] INFO  segmented.SegmentedRaftLogWorker (SegmentedRaftLogWorker.java:execute(569)) - cd1fcbfa-944d-480b-9151-445d9a18536b@group-DD137697DCBD-SegmentedRaftLogWorker: created new log segment /workdir/hadoop-ozone/ozonefs/target/test-dir/MiniOzoneClusterImpl-23841092-02d4-48e3-9aa2-56bb3a45a661/datanode-1/data/ratis/8be1d893-85e5-4202-8079-dd137697dcbd/current/log_inprogress_0
2019-09-26 10:47:17,812 [cd1fcbfa-944d-480b-9151-445d9a18536b@group-4751FAEA57E2:LeaderElection96] INFO  impl.LeaderElection (LeaderElection.java:askForVotes(182)) - cd1fcbfa-944d-480b-9151-445d9a18536b@group-4751FAEA57E2:LeaderElection96: begin an election at term 1 for -1: [cd1fcbfa-944d-480b-9151-445d9a18536b:192.168.30.13:42343], old=null
2019-09-26 10:47:17,812 [44cef61c-6e91-4f77-a22d-f8f1d1e33555@group-11FA1B457505:LeaderElection95] INFO  impl.LeaderElection (LeaderElection.java:askForVotes(182)) - 44cef61c-6e91-4f77-a22d-f8f1d1e33555@group-11FA1B457505:LeaderElection95: begin an election at term 1 for -1: [44cef61c-6e91-4f77-a22d-f8f1d1e33555:192.168.30.13:44120], old=null
2019-09-26 10:47:17,812 [44cef61c-6e91-4f77-a22d-f8f1d1e33555@group-33A717BC8D44:LeaderElection97] INFO  impl.LeaderElection (LeaderElection.java:askForVotes(182)) - 44cef61c-6e91-4f77-a22d-f8f1d1e33555@group-33A717BC8D44:LeaderElection97: begin an election at term 1 for -1: [44cef61c-6e91-4f77-a22d-f8f1d1e33555:192.168.30.13:44120], old=null
2019-09-26 10:47:17,813 [44cef61c-6e91-4f77-a22d-f8f1d1e33555@group-11FA1B457505:LeaderElection95] INFO  impl.RoleInfo (RoleInfo.java:shutdownLeaderElection(134)) - 44cef61c-6e91-4f77-a22d-f8f1d1e33555: shutdown LeaderElection
2019-09-26 10:47:17,813 [cd1fcbfa-944d-480b-9151-445d9a18536b@group-4751FAEA57E2:LeaderElection96] INFO  impl.RoleInfo (RoleInfo.java:shutdownLeaderElection(134)) - cd1fcbfa-944d-480b-9151-445d9a18536b: shutdown LeaderElection
2019-09-26 10:47:17,813 [44cef61c-6e91-4f77-a22d-f8f1d1e33555@group-11FA1B457505:LeaderElection95] INFO  impl.RaftServerImpl (RaftServerImpl.java:setRole(174)) - 44cef61c-6e91-4f77-a22d-f8f1d1e33555@group-11FA1B457505: changes role from CANDIDATE to LEADER at term 1 for changeToLeader
2019-09-26 10:47:17,813 [44cef61c-6e91-4f77-a22d-f8f1d1e33555@group-11FA1B457505:LeaderElection95] INFO  impl.RaftServerImpl (ServerState.java:setLeader(253)) - 44cef61c-6e91-4f77-a22d-f8f1d1e33555@group-11FA1B457505: change Leader from null to 44cef61c-6e91-4f77-a22d-f8f1d1e33555 at term 1 for becomeLeader, leader elected after 5067ms
2019-09-26 10:47:17,813 [44cef61c-6e91-4f77-a22d-f8f1d1e33555@group-33A717BC8D44:LeaderElection97] INFO  impl.RoleInfo (RoleInfo.java:shutdownLeaderElection(134)) - 44cef61c-6e91-4f77-a22d-f8f1d1e33555: shutdown LeaderElection
2019-09-26 10:47:17,814 [44cef61c-6e91-4f77-a22d-f8f1d1e33555@group-11FA1B457505:LeaderElection95] INFO  server.RaftServerConfigKeys (ConfUtils.java:logGet(43)) - raft.server.staging.catchup.gap = 1000 (default)
2019-09-26 10:47:17,814 [44cef61c-6e91-4f77-a22d-f8f1d1e33555@group-11FA1B457505:LeaderElection95] INFO  server.RaftServerConfigKeys (ConfUtils.java:logGet(43)) - raft.server.rpc.sleep.time = 25ms (default)
2019-09-26 10:47:17,813 [cd1fcbfa-944d-480b-9151-445d9a18536b@group-4751FAEA57E2:LeaderElection96] INFO  impl.RaftServerImpl (RaftServerImpl.java:setRole(174)) - cd1fcbfa-944d-480b-9151-445d9a18536b@group-4751FAEA57E2: changes role from CANDIDATE to LEADER at term 1 for changeToLeader
2019-09-26 10:47:17,814 [44cef61c-6e91-4f77-a22d-f8f1d1e33555@group-11FA1B457505:LeaderElection95] INFO  server.RaftServerConfigKeys (ConfUtils.java:logGet(43)) - raft.server.write.element-limit = 4096 (default)
2019-09-26 10:47:17,814 [44cef61c-6e91-4f77-a22d-f8f1d1e33555@group-11FA1B457505:LeaderElection95] INFO  server.RaftServerConfigKeys (ConfUtils.java:logGet(43)) - raft.server.watch.timeout = 10s (default)
2019-09-26 10:47:17,814 [44cef61c-6e91-4f77-a22d-f8f1d1e33555@group-33A717BC8D44:LeaderElection97] INFO  impl.RaftServerImpl (RaftServerImpl.java:setRole(174)) - 44cef61c-6e91-4f77-a22d-f8f1d1e33555@group-33A717BC8D44: changes role from CANDIDATE to LEADER at term 1 for changeToLeader
2019-09-26 10:47:17,814 [44cef61c-6e91-4f77-a22d-f8f1d1e33555@group-11FA1B457505:LeaderElection95] INFO  server.RaftServerConfigKeys (ConfUtils.java:logGet(43)) - raft.server.watch.timeout.denomination = 1s (default)
2019-09-26 10:47:17,814 [cd1fcbfa-944d-480b-9151-445d9a18536b@group-4751FAEA57E2:LeaderElection96] INFO  impl.RaftServerImpl (ServerState.java:setLeader(253)) - cd1fcbfa-944d-480b-9151-445d9a18536b@group-4751FAEA57E2: change Leader from null to cd1fcbfa-944d-480b-9151-445d9a18536b at term 1 for becomeLeader, leader elected after 5123ms
2019-09-26 10:47:17,815 [44cef61c-6e91-4f77-a22d-f8f1d1e33555@group-11FA1B457505:LeaderElection95] INFO  server.RaftServerConfigKeys (ConfUtils.java:logGet(43)) - raft.server.watch.element-limit = 65536 (default)
2019-09-26 10:47:17,815 [44cef61c-6e91-4f77-a22d-f8f1d1e33555@group-33A717BC8D44:LeaderElection97] INFO  impl.RaftServerImpl (ServerState.java:setLeader(253)) - 44cef61c-6e91-4f77-a22d-f8f1d1e33555@group-33A717BC8D44: change Leader from null to 44cef61c-6e91-4f77-a22d-f8f1d1e33555 at term 1 for becomeLeader, leader elected after 5166ms
2019-09-26 10:47:17,815 [cd1fcbfa-944d-480b-9151-445d9a18536b@group-4751FAEA57E2:LeaderElection96] INFO  server.RaftServerConfigKeys (ConfUtils.java:logGet(43)) - raft.server.staging.catchup.gap = 1000 (default)
2019-09-26 10:47:17,815 [44cef61c-6e91-4f77-a22d-f8f1d1e33555@group-33A717BC8D44:LeaderElection97] INFO  server.RaftServerConfigKeys (ConfUtils.java:logGet(43)) - raft.server.staging.catchup.gap = 1000 (default)
2019-09-26 10:47:17,815 [cd1fcbfa-944d-480b-9151-445d9a18536b@group-4751FAEA57E2:LeaderElection96] INFO  server.RaftServerConfigKeys (ConfUtils.java:logGet(43)) - raft.server.rpc.sleep.time = 25ms (default)
2019-09-26 10:47:17,815 [44cef61c-6e91-4f77-a22d-f8f1d1e33555@group-33A717BC8D44:LeaderElection97] INFO  server.RaftServerConfigKeys (ConfUtils.java:logGet(43)) - raft.server.rpc.sleep.time = 25ms (default)
2019-09-26 10:47:17,815 [cd1fcbfa-944d-480b-9151-445d9a18536b@group-4751FAEA57E2:LeaderElection96] INFO  server.RaftServerConfigKeys (ConfUtils.java:logGet(43)) - raft.server.write.element-limit = 4096 (default)
2019-09-26 10:47:17,816 [44cef61c-6e91-4f77-a22d-f8f1d1e33555@group-33A717BC8D44:LeaderElection97] INFO  server.RaftServerConfigKeys (ConfUtils.java:logGet(43)) - raft.server.write.element-limit = 4096 (default)
2019-09-26 10:47:17,816 [cd1fcbfa-944d-480b-9151-445d9a18536b@group-4751FAEA57E2:LeaderElection96] INFO  server.RaftServerConfigKeys (ConfUtils.java:logGet(43)) - raft.server.watch.timeout = 10s (default)
2019-09-26 10:47:17,816 [44cef61c-6e91-4f77-a22d-f8f1d1e33555@group-33A717BC8D44:LeaderElection97] INFO  server.RaftServerConfigKeys (ConfUtils.java:logGet(43)) - raft.server.watch.timeout = 10s (default)
2019-09-26 10:47:17,816 [cd1fcbfa-944d-480b-9151-445d9a18536b@group-4751FAEA57E2:LeaderElection96] INFO  server.RaftServerConfigKeys (ConfUtils.java:logGet(43)) - raft.server.watch.timeout.denomination = 1s (default)
2019-09-26 10:47:17,816 [44cef61c-6e91-4f77-a22d-f8f1d1e33555@group-33A717BC8D44:LeaderElection97] INFO  server.RaftServerConfigKeys (ConfUtils.java:logGet(43)) - raft.server.watch.timeout.denomination = 1s (default)
2019-09-26 10:47:17,816 [cd1fcbfa-944d-480b-9151-445d9a18536b@group-4751FAEA57E2:LeaderElection96] INFO  server.RaftServerConfigKeys (ConfUtils.java:logGet(43)) - raft.server.watch.element-limit = 65536 (default)
2019-09-26 10:47:17,816 [44cef61c-6e91-4f77-a22d-f8f1d1e33555@group-33A717BC8D44:LeaderElection97] INFO  server.RaftServerConfigKeys (ConfUtils.java:logGet(43)) - raft.server.watch.element-limit = 65536 (default)
2019-09-26 10:47:17,817 [44cef61c-6e91-4f77-a22d-f8f1d1e33555@group-11FA1B457505:LeaderElection95] INFO  impl.RoleInfo (RoleInfo.java:updateAndGet(143)) - 44cef61c-6e91-4f77-a22d-f8f1d1e33555: start LeaderState
2019-09-26 10:47:17,817 [44cef61c-6e91-4f77-a22d-f8f1d1e33555@group-11FA1B457505:LeaderElection95] INFO  segmented.SegmentedRaftLogWorker (SegmentedRaftLogWorker.java:startLogSegment(380)) - 44cef61c-6e91-4f77-a22d-f8f1d1e33555@group-11FA1B457505-SegmentedRaftLogWorker: Starting segment from index:0
2019-09-26 10:47:17,818 [44cef61c-6e91-4f77-a22d-f8f1d1e33555@group-11FA1B457505:LeaderElection95] INFO  impl.RaftServerImpl (ServerState.java:setRaftConf(354)) - 44cef61c-6e91-4f77-a22d-f8f1d1e33555@group-11FA1B457505: set configuration 0: [44cef61c-6e91-4f77-a22d-f8f1d1e33555:192.168.30.13:44120], old=null at 0
2019-09-26 10:47:17,819 [cd1fcbfa-944d-480b-9151-445d9a18536b@group-4751FAEA57E2:LeaderElection96] INFO  impl.RoleInfo (RoleInfo.java:updateAndGet(143)) - cd1fcbfa-944d-480b-9151-445d9a18536b: start LeaderState
2019-09-26 10:47:17,819 [44cef61c-6e91-4f77-a22d-f8f1d1e33555@group-33A717BC8D44:LeaderElection97] INFO  impl.RoleInfo (RoleInfo.java:updateAndGet(143)) - 44cef61c-6e91-4f77-a22d-f8f1d1e33555: start LeaderState
2019-09-26 10:47:17,819 [cd1fcbfa-944d-480b-9151-445d9a18536b@group-4751FAEA57E2:LeaderElection96] INFO  segmented.SegmentedRaftLogWorker (SegmentedRaftLogWorker.java:startLogSegment(380)) - cd1fcbfa-944d-480b-9151-445d9a18536b@group-4751FAEA57E2-SegmentedRaftLogWorker: Starting segment from index:0
2019-09-26 10:47:17,819 [44cef61c-6e91-4f77-a22d-f8f1d1e33555@group-33A717BC8D44:LeaderElection97] INFO  segmented.SegmentedRaftLogWorker (SegmentedRaftLogWorker.java:startLogSegment(380)) - 44cef61c-6e91-4f77-a22d-f8f1d1e33555@group-33A717BC8D44-SegmentedRaftLogWorker: Starting segment from index:0
2019-09-26 10:47:17,820 [cd1fcbfa-944d-480b-9151-445d9a18536b@group-4751FAEA57E2:LeaderElection96] INFO  impl.RaftServerImpl (ServerState.java:setRaftConf(354)) - cd1fcbfa-944d-480b-9151-445d9a18536b@group-4751FAEA57E2: set configuration 0: [cd1fcbfa-944d-480b-9151-445d9a18536b:192.168.30.13:42343], old=null at 0
2019-09-26 10:47:17,820 [44cef61c-6e91-4f77-a22d-f8f1d1e33555@group-33A717BC8D44:LeaderElection97] INFO  impl.RaftServerImpl (ServerState.java:setRaftConf(354)) - 44cef61c-6e91-4f77-a22d-f8f1d1e33555@group-33A717BC8D44: set configuration 0: [44cef61c-6e91-4f77-a22d-f8f1d1e33555:192.168.30.13:44120], old=null at 0
2019-09-26 10:47:17,881 [44cef61c-6e91-4f77-a22d-f8f1d1e33555@group-33A717BC8D44-SegmentedRaftLogWorker] INFO  segmented.SegmentedRaftLogWorker (SegmentedRaftLogWorker.java:execute(569)) - 44cef61c-6e91-4f77-a22d-f8f1d1e33555@group-33A717BC8D44-SegmentedRaftLogWorker: created new log segment /workdir/hadoop-ozone/ozonefs/target/test-dir/MiniOzoneClusterImpl-23841092-02d4-48e3-9aa2-56bb3a45a661/datanode-0/data/ratis/fcbdd4fd-3080-4985-be9a-33a717bc8d44/current/log_inprogress_0
2019-09-26 10:47:17,881 [cd1fcbfa-944d-480b-9151-445d9a18536b@group-4751FAEA57E2-SegmentedRaftLogWorker] INFO  segmented.SegmentedRaftLogWorker (SegmentedRaftLogWorker.java:execute(569)) - cd1fcbfa-944d-480b-9151-445d9a18536b@group-4751FAEA57E2-SegmentedRaftLogWorker: created new log segment /workdir/hadoop-ozone/ozonefs/target/test-dir/MiniOzoneClusterImpl-23841092-02d4-48e3-9aa2-56bb3a45a661/datanode-1/data/ratis/1b2ba97d-6bda-401a-adce-4751faea57e2/current/log_inprogress_0
2019-09-26 10:47:17,881 [44cef61c-6e91-4f77-a22d-f8f1d1e33555@group-11FA1B457505-SegmentedRaftLogWorker] INFO  segmented.SegmentedRaftLogWorker (SegmentedRaftLogWorker.java:execute(569)) - 44cef61c-6e91-4f77-a22d-f8f1d1e33555@group-11FA1B457505-SegmentedRaftLogWorker: created new log segment /workdir/hadoop-ozone/ozonefs/target/test-dir/MiniOzoneClusterImpl-23841092-02d4-48e3-9aa2-56bb3a45a661/datanode-0/data/ratis/35756b3b-9439-4825-990d-11fa1b457505/current/log_inprogress_0
2019-09-26 10:47:17,913 [Thread-1533] INFO  impl.FollowerState (FollowerState.java:run(106)) - 44cef61c-6e91-4f77-a22d-f8f1d1e33555:group-F39CDA603457 changes to CANDIDATE, lastRpcTime:5062, electionTimeout:5062ms
2019-09-26 10:47:17,913 [Thread-1533] INFO  impl.RoleInfo (RoleInfo.java:shutdownFollowerState(121)) - 44cef61c-6e91-4f77-a22d-f8f1d1e33555: shutdown FollowerState
2019-09-26 10:47:17,913 [Thread-1533] INFO  impl.RaftServerImpl (RaftServerImpl.java:setRole(174)) - 44cef61c-6e91-4f77-a22d-f8f1d1e33555@group-F39CDA603457: changes role from  FOLLOWER to CANDIDATE at term 0 for changeToCandidate
2019-09-26 10:47:17,913 [Thread-1533] INFO  impl.RoleInfo (RoleInfo.java:updateAndGet(143)) - 44cef61c-6e91-4f77-a22d-f8f1d1e33555: start LeaderElection
2019-09-26 10:47:17,930 [44cef61c-6e91-4f77-a22d-f8f1d1e33555@group-F39CDA603457:LeaderElection98] INFO  impl.LeaderElection (LeaderElection.java:askForVotes(182)) - 44cef61c-6e91-4f77-a22d-f8f1d1e33555@group-F39CDA603457:LeaderElection98: begin an election at term 1 for -1: [44cef61c-6e91-4f77-a22d-f8f1d1e33555:192.168.30.13:44120], old=null
2019-09-26 10:47:17,930 [44cef61c-6e91-4f77-a22d-f8f1d1e33555@group-F39CDA603457:LeaderElection98] INFO  impl.RoleInfo (RoleInfo.java:shutdownLeaderElection(134)) - 44cef61c-6e91-4f77-a22d-f8f1d1e33555: shutdown LeaderElection
2019-09-26 10:47:17,930 [44cef61c-6e91-4f77-a22d-f8f1d1e33555@group-F39CDA603457:LeaderElection98] INFO  impl.RaftServerImpl (RaftServerImpl.java:setRole(174)) - 44cef61c-6e91-4f77-a22d-f8f1d1e33555@group-F39CDA603457: changes role from CANDIDATE to LEADER at term 1 for changeToLeader
2019-09-26 10:47:17,930 [44cef61c-6e91-4f77-a22d-f8f1d1e33555@group-F39CDA603457:LeaderElection98] INFO  impl.RaftServerImpl (ServerState.java:setLeader(253)) - 44cef61c-6e91-4f77-a22d-f8f1d1e33555@group-F39CDA603457: change Leader from null to 44cef61c-6e91-4f77-a22d-f8f1d1e33555 at term 1 for becomeLeader, leader elected after 5085ms
2019-09-26 10:47:17,931 [44cef61c-6e91-4f77-a22d-f8f1d1e33555@group-F39CDA603457:LeaderElection98] INFO  server.RaftServerConfigKeys (ConfUtils.java:logGet(43)) - raft.server.staging.catchup.gap = 1000 (default)
2019-09-26 10:47:17,931 [44cef61c-6e91-4f77-a22d-f8f1d1e33555@group-F39CDA603457:LeaderElection98] INFO  server.RaftServerConfigKeys (ConfUtils.java:logGet(43)) - raft.server.rpc.sleep.time = 25ms (default)
2019-09-26 10:47:17,931 [44cef61c-6e91-4f77-a22d-f8f1d1e33555@group-F39CDA603457:LeaderElection98] INFO  server.RaftServerConfigKeys (ConfUtils.java:logGet(43)) - raft.server.write.element-limit = 4096 (default)
2019-09-26 10:47:17,931 [44cef61c-6e91-4f77-a22d-f8f1d1e33555@group-F39CDA603457:LeaderElection98] INFO  server.RaftServerConfigKeys (ConfUtils.java:logGet(43)) - raft.server.watch.timeout = 10s (default)
2019-09-26 10:47:17,931 [44cef61c-6e91-4f77-a22d-f8f1d1e33555@group-F39CDA603457:LeaderElection98] INFO  server.RaftServerConfigKeys (ConfUtils.java:logGet(43)) - raft.server.watch.timeout.denomination = 1s (default)
2019-09-26 10:47:17,931 [44cef61c-6e91-4f77-a22d-f8f1d1e33555@group-F39CDA603457:LeaderElection98] INFO  server.RaftServerConfigKeys (ConfUtils.java:logGet(43)) - raft.server.watch.element-limit = 65536 (default)
2019-09-26 10:47:17,933 [44cef61c-6e91-4f77-a22d-f8f1d1e33555@group-F39CDA603457:LeaderElection98] INFO  impl.RoleInfo (RoleInfo.java:updateAndGet(143)) - 44cef61c-6e91-4f77-a22d-f8f1d1e33555: start LeaderState
2019-09-26 10:47:17,933 [44cef61c-6e91-4f77-a22d-f8f1d1e33555@group-F39CDA603457:LeaderElection98] INFO  segmented.SegmentedRaftLogWorker (SegmentedRaftLogWorker.java:startLogSegment(380)) - 44cef61c-6e91-4f77-a22d-f8f1d1e33555@group-F39CDA603457-SegmentedRaftLogWorker: Starting segment from index:0
2019-09-26 10:47:17,934 [44cef61c-6e91-4f77-a22d-f8f1d1e33555@group-F39CDA603457:LeaderElection98] INFO  impl.RaftServerImpl (ServerState.java:setRaftConf(354)) - 44cef61c-6e91-4f77-a22d-f8f1d1e33555@group-F39CDA603457: set configuration 0: [44cef61c-6e91-4f77-a22d-f8f1d1e33555:192.168.30.13:44120], old=null at 0
2019-09-26 10:47:18,533 [Thread-1536] WARN  util.JavaUtils (JavaUtils.java:sleep(250)) - Unexpected long sleep: sleep(5069ms) actually took 5620ms which is over the threshold 300ms
2019-09-26 10:47:18,521 [Thread-1560] INFO  impl.FollowerState (FollowerState.java:run(106)) - 07700029-8fba-42bd-b1f5-1a847d21eaf0:group-FD67E40E9680 changes to CANDIDATE, lastRpcTime:5236, electionTimeout:5030ms
2019-09-26 10:47:18,532 [Thread-1539] WARN  util.JavaUtils (JavaUtils.java:sleep(250)) - Unexpected long sleep: sleep(5041ms) actually took 5572ms which is over the threshold 300ms
2019-09-26 10:47:18,521 [Thread-1542] WARN  util.JavaUtils (JavaUtils.java:sleep(250)) - Unexpected long sleep: sleep(5169ms) actually took 5528ms which is over the threshold 300ms
2019-09-26 10:47:18,521 [Thread-1545] WARN  util.JavaUtils (JavaUtils.java:sleep(250)) - Unexpected long sleep: sleep(5123ms) actually took 5484ms which is over the threshold 300ms
2019-09-26 10:47:18,521 [Thread-1548] WARN  util.JavaUtils (JavaUtils.java:sleep(250)) - Unexpected long sleep: sleep(5053ms) actually took 5426ms which is over the threshold 300ms
2019-09-26 10:47:18,521 [Thread-1557] INFO  impl.FollowerState (FollowerState.java:run(106)) - cd1fcbfa-944d-480b-9151-445d9a18536b:group-AA9D9AAC53B7 changes to CANDIDATE, lastRpcTime:5277, electionTimeout:5084ms
2019-09-26 10:47:18,521 [Thread-1554] INFO  impl.FollowerState (FollowerState.java:run(106)) - cd1fcbfa-944d-480b-9151-445d9a18536b:group-4AEA003E24F4 changes to CANDIDATE, lastRpcTime:5323, electionTimeout:5119ms
2019-09-26 10:47:18,521 [Thread-1551] INFO  impl.FollowerState (FollowerState.java:run(106)) - 07700029-8fba-42bd-b1f5-1a847d21eaf0:group-0A6E5A3CAB1F changes to CANDIDATE, lastRpcTime:5367, electionTimeout:5162ms
2019-09-26 10:47:18,504 [Thread-1563] INFO  impl.FollowerState (FollowerState.java:run(106)) - 07700029-8fba-42bd-b1f5-1a847d21eaf0:group-17CD087E6000 changes to CANDIDATE, lastRpcTime:5191, electionTimeout:5141ms
2019-09-26 10:47:18,535 [Thread-1551] INFO  impl.RoleInfo (RoleInfo.java:shutdownFollowerState(121)) - 07700029-8fba-42bd-b1f5-1a847d21eaf0: shutdown FollowerState
2019-09-26 10:47:18,534 [Thread-1554] INFO  impl.RoleInfo (RoleInfo.java:shutdownFollowerState(121)) - cd1fcbfa-944d-480b-9151-445d9a18536b: shutdown FollowerState
2019-09-26 10:47:18,534 [Thread-1557] INFO  impl.RoleInfo (RoleInfo.java:shutdownFollowerState(121)) - cd1fcbfa-944d-480b-9151-445d9a18536b: shutdown FollowerState
2019-09-26 10:47:18,534 [Thread-1560] INFO  impl.RoleInfo (RoleInfo.java:shutdownFollowerState(121)) - 07700029-8fba-42bd-b1f5-1a847d21eaf0: shutdown FollowerState
2019-09-26 10:47:18,547 [Thread-1563] INFO  impl.RoleInfo (RoleInfo.java:shutdownFollowerState(121)) - 07700029-8fba-42bd-b1f5-1a847d21eaf0: shutdown FollowerState
2019-09-26 10:47:18,565 [Thread-1560] INFO  impl.RaftServerImpl (RaftServerImpl.java:setRole(174)) - 07700029-8fba-42bd-b1f5-1a847d21eaf0@group-FD67E40E9680: changes role from  FOLLOWER to CANDIDATE at term 0 for changeToCandidate
2019-09-26 10:47:18,565 [Thread-1551] INFO  impl.RaftServerImpl (RaftServerImpl.java:setRole(174)) - 07700029-8fba-42bd-b1f5-1a847d21eaf0@group-0A6E5A3CAB1F: changes role from  FOLLOWER to CANDIDATE at term 0 for changeToCandidate
2019-09-26 10:47:18,565 [Thread-1560] INFO  impl.RoleInfo (RoleInfo.java:updateAndGet(143)) - 07700029-8fba-42bd-b1f5-1a847d21eaf0: start LeaderElection
2019-09-26 10:47:18,565 [Thread-1551] INFO  impl.RoleInfo (RoleInfo.java:updateAndGet(143)) - 07700029-8fba-42bd-b1f5-1a847d21eaf0: start LeaderElection
2019-09-26 10:47:18,565 [Thread-1563] INFO  impl.RaftServerImpl (RaftServerImpl.java:setRole(174)) - 07700029-8fba-42bd-b1f5-1a847d21eaf0@group-17CD087E6000: changes role from  FOLLOWER to CANDIDATE at term 0 for changeToCandidate
2019-09-26 10:47:18,565 [Thread-1557] INFO  impl.RaftServerImpl (RaftServerImpl.java:setRole(174)) - cd1fcbfa-944d-480b-9151-445d9a18536b@group-AA9D9AAC53B7: changes role from  FOLLOWER to CANDIDATE at term 0 for changeToCandidate
2019-09-26 10:47:18,565 [Thread-1554] INFO  impl.RaftServerImpl (RaftServerImpl.java:setRole(174)) - cd1fcbfa-944d-480b-9151-445d9a18536b@group-4AEA003E24F4: changes role from  FOLLOWER to CANDIDATE at term 0 for changeToCandidate
2019-09-26 10:47:18,570 [Thread-1554] INFO  impl.RoleInfo (RoleInfo.java:updateAndGet(143)) - cd1fcbfa-944d-480b-9151-445d9a18536b: start LeaderElection
2019-09-26 10:47:18,611 [Thread-1563] INFO  impl.RoleInfo (RoleInfo.java:updateAndGet(143)) - 07700029-8fba-42bd-b1f5-1a847d21eaf0: start LeaderElection
2019-09-26 10:47:18,621 [Thread-1557] INFO  impl.RoleInfo (RoleInfo.java:updateAndGet(143)) - cd1fcbfa-944d-480b-9151-445d9a18536b: start LeaderElection
2019-09-26 10:47:18,626 [44cef61c-6e91-4f77-a22d-f8f1d1e33555@group-F39CDA603457-SegmentedRaftLogWorker] INFO  segmented.SegmentedRaftLogWorker (SegmentedRaftLogWorker.java:execute(569)) - 44cef61c-6e91-4f77-a22d-f8f1d1e33555@group-F39CDA603457-SegmentedRaftLogWorker: created new log segment /workdir/hadoop-ozone/ozonefs/target/test-dir/MiniOzoneClusterImpl-23841092-02d4-48e3-9aa2-56bb3a45a661/datanode-0/data/ratis/db3a0bf3-de2c-41f0-a4cb-f39cda603457/current/log_inprogress_0
2019-09-26 10:47:18,668 [cd1fcbfa-944d-480b-9151-445d9a18536b@group-AA9D9AAC53B7:LeaderElection102] INFO  impl.LeaderElection (LeaderElection.java:askForVotes(182)) - cd1fcbfa-944d-480b-9151-445d9a18536b@group-AA9D9AAC53B7:LeaderElection102: begin an election at term 1 for -1: [cd1fcbfa-944d-480b-9151-445d9a18536b:192.168.30.13:42343], old=null
2019-09-26 10:47:18,668 [07700029-8fba-42bd-b1f5-1a847d21eaf0@group-0A6E5A3CAB1F:LeaderElection100] INFO  impl.LeaderElection (LeaderElection.java:askForVotes(182)) - 07700029-8fba-42bd-b1f5-1a847d21eaf0@group-0A6E5A3CAB1F:LeaderElection100: begin an election at term 1 for -1: [07700029-8fba-42bd-b1f5-1a847d21eaf0:192.168.30.13:37310], old=null
2019-09-26 10:47:18,668 [cd1fcbfa-944d-480b-9151-445d9a18536b@group-AA9D9AAC53B7:LeaderElection102] INFO  impl.RoleInfo (RoleInfo.java:shutdownLeaderElection(134)) - cd1fcbfa-944d-480b-9151-445d9a18536b: shutdown LeaderElection
2019-09-26 10:47:18,668 [cd1fcbfa-944d-480b-9151-445d9a18536b@group-4AEA003E24F4:LeaderElection103] INFO  impl.LeaderElection (LeaderElection.java:askForVotes(182)) - cd1fcbfa-944d-480b-9151-445d9a18536b@group-4AEA003E24F4:LeaderElection103: begin an election at term 1 for -1: [cd1fcbfa-944d-480b-9151-445d9a18536b:192.168.30.13:42343], old=null
2019-09-26 10:47:18,668 [07700029-8fba-42bd-b1f5-1a847d21eaf0@group-FD67E40E9680:LeaderElection99] INFO  impl.LeaderElection (LeaderElection.java:askForVotes(182)) - 07700029-8fba-42bd-b1f5-1a847d21eaf0@group-FD67E40E9680:LeaderElection99: begin an election at term 1 for -1: [07700029-8fba-42bd-b1f5-1a847d21eaf0:192.168.30.13:37310], old=null
2019-09-26 10:47:18,668 [07700029-8fba-42bd-b1f5-1a847d21eaf0@group-17CD087E6000:LeaderElection101] INFO  impl.LeaderElection (LeaderElection.java:askForVotes(182)) - 07700029-8fba-42bd-b1f5-1a847d21eaf0@group-17CD087E6000:LeaderElection101: begin an election at term 1 for -1: [07700029-8fba-42bd-b1f5-1a847d21eaf0:192.168.30.13:37310], old=null
2019-09-26 10:47:18,669 [07700029-8fba-42bd-b1f5-1a847d21eaf0@group-FD67E40E9680:LeaderElection99] INFO  impl.RoleInfo (RoleInfo.java:shutdownLeaderElection(134)) - 07700029-8fba-42bd-b1f5-1a847d21eaf0: shutdown LeaderElection
2019-09-26 10:47:18,669 [07700029-8fba-42bd-b1f5-1a847d21eaf0@group-FD67E40E9680:LeaderElection99] INFO  impl.RaftServerImpl (RaftServerImpl.java:setRole(174)) - 07700029-8fba-42bd-b1f5-1a847d21eaf0@group-FD67E40E9680: changes role from CANDIDATE to LEADER at term 1 for changeToLeader
2019-09-26 10:47:18,669 [cd1fcbfa-944d-480b-9151-445d9a18536b@group-4AEA003E24F4:LeaderElection103] INFO  impl.RoleInfo (RoleInfo.java:shutdownLeaderElection(134)) - cd1fcbfa-944d-480b-9151-445d9a18536b: shutdown LeaderElection
2019-09-26 10:47:18,669 [cd1fcbfa-944d-480b-9151-445d9a18536b@group-AA9D9AAC53B7:LeaderElection102] INFO  impl.RaftServerImpl (RaftServerImpl.java:setRole(174)) - cd1fcbfa-944d-480b-9151-445d9a18536b@group-AA9D9AAC53B7: changes role from CANDIDATE to LEADER at term 1 for changeToLeader
2019-09-26 10:47:18,668 [07700029-8fba-42bd-b1f5-1a847d21eaf0@group-0A6E5A3CAB1F:LeaderElection100] INFO  impl.RoleInfo (RoleInfo.java:shutdownLeaderElection(134)) - 07700029-8fba-42bd-b1f5-1a847d21eaf0: shutdown LeaderElection
2019-09-26 10:47:18,669 [cd1fcbfa-944d-480b-9151-445d9a18536b@group-AA9D9AAC53B7:LeaderElection102] INFO  impl.RaftServerImpl (ServerState.java:setLeader(253)) - cd1fcbfa-944d-480b-9151-445d9a18536b@group-AA9D9AAC53B7: change Leader from null to cd1fcbfa-944d-480b-9151-445d9a18536b at term 1 for becomeLeader, leader elected after 5444ms
2019-09-26 10:47:18,669 [cd1fcbfa-944d-480b-9151-445d9a18536b@group-4AEA003E24F4:LeaderElection103] INFO  impl.RaftServerImpl (RaftServerImpl.java:setRole(174)) - cd1fcbfa-944d-480b-9151-445d9a18536b@group-4AEA003E24F4: changes role from CANDIDATE to LEADER at term 1 for changeToLeader
2019-09-26 10:47:18,670 [cd1fcbfa-944d-480b-9151-445d9a18536b@group-AA9D9AAC53B7:LeaderElection102] INFO  server.RaftServerConfigKeys (ConfUtils.java:logGet(43)) - raft.server.staging.catchup.gap = 1000 (default)
2019-09-26 10:47:18,669 [07700029-8fba-42bd-b1f5-1a847d21eaf0@group-FD67E40E9680:LeaderElection99] INFO  impl.RaftServerImpl (ServerState.java:setLeader(253)) - 07700029-8fba-42bd-b1f5-1a847d21eaf0@group-FD67E40E9680: change Leader from null to 07700029-8fba-42bd-b1f5-1a847d21eaf0 at term 1 for becomeLeader, leader elected after 5401ms
2019-09-26 10:47:18,669 [07700029-8fba-42bd-b1f5-1a847d21eaf0@group-17CD087E6000:LeaderElection101] INFO  impl.RoleInfo (RoleInfo.java:shutdownLeaderElection(134)) - 07700029-8fba-42bd-b1f5-1a847d21eaf0: shutdown LeaderElection
2019-09-26 10:47:18,670 [07700029-8fba-42bd-b1f5-1a847d21eaf0@group-FD67E40E9680:LeaderElection99] INFO  server.RaftServerConfigKeys (ConfUtils.java:logGet(43)) - raft.server.staging.catchup.gap = 1000 (default)
2019-09-26 10:47:18,670 [cd1fcbfa-944d-480b-9151-445d9a18536b@group-AA9D9AAC53B7:LeaderElection102] INFO  server.RaftServerConfigKeys (ConfUtils.java:logGet(43)) - raft.server.rpc.sleep.time = 25ms (default)
2019-09-26 10:47:18,670 [cd1fcbfa-944d-480b-9151-445d9a18536b@group-4AEA003E24F4:LeaderElection103] INFO  impl.RaftServerImpl (ServerState.java:setLeader(253)) - cd1fcbfa-944d-480b-9151-445d9a18536b@group-4AEA003E24F4: change Leader from null to cd1fcbfa-944d-480b-9151-445d9a18536b at term 1 for becomeLeader, leader elected after 5490ms
2019-09-26 10:47:18,670 [07700029-8fba-42bd-b1f5-1a847d21eaf0@group-0A6E5A3CAB1F:LeaderElection100] INFO  impl.RaftServerImpl (RaftServerImpl.java:setRole(174)) - 07700029-8fba-42bd-b1f5-1a847d21eaf0@group-0A6E5A3CAB1F: changes role from CANDIDATE to LEADER at term 1 for changeToLeader
2019-09-26 10:47:18,671 [cd1fcbfa-944d-480b-9151-445d9a18536b@group-4AEA003E24F4:LeaderElection103] INFO  server.RaftServerConfigKeys (ConfUtils.java:logGet(43)) - raft.server.staging.catchup.gap = 1000 (default)
2019-09-26 10:47:18,670 [cd1fcbfa-944d-480b-9151-445d9a18536b@group-AA9D9AAC53B7:LeaderElection102] INFO  server.RaftServerConfigKeys (ConfUtils.java:logGet(43)) - raft.server.write.element-limit = 4096 (default)
2019-09-26 10:47:18,670 [07700029-8fba-42bd-b1f5-1a847d21eaf0@group-FD67E40E9680:LeaderElection99] INFO  server.RaftServerConfigKeys (ConfUtils.java:logGet(43)) - raft.server.rpc.sleep.time = 25ms (default)
2019-09-26 10:47:18,670 [07700029-8fba-42bd-b1f5-1a847d21eaf0@group-17CD087E6000:LeaderElection101] INFO  impl.RaftServerImpl (RaftServerImpl.java:setRole(174)) - 07700029-8fba-42bd-b1f5-1a847d21eaf0@group-17CD087E6000: changes role from CANDIDATE to LEADER at term 1 for changeToLeader
2019-09-26 10:47:18,671 [07700029-8fba-42bd-b1f5-1a847d21eaf0@group-FD67E40E9680:LeaderElection99] INFO  server.RaftServerConfigKeys (ConfUtils.java:logGet(43)) - raft.server.write.element-limit = 4096 (default)
2019-09-26 10:47:18,671 [cd1fcbfa-944d-480b-9151-445d9a18536b@group-AA9D9AAC53B7:LeaderElection102] INFO  server.RaftServerConfigKeys (ConfUtils.java:logGet(43)) - raft.server.watch.timeout = 10s (default)
2019-09-26 10:47:18,671 [cd1fcbfa-944d-480b-9151-445d9a18536b@group-4AEA003E24F4:LeaderElection103] INFO  server.RaftServerConfigKeys (ConfUtils.java:logGet(43)) - raft.server.rpc.sleep.time = 25ms (default)
2019-09-26 10:47:18,671 [07700029-8fba-42bd-b1f5-1a847d21eaf0@group-0A6E5A3CAB1F:LeaderElection100] INFO  impl.RaftServerImpl (ServerState.java:setLeader(253)) - 07700029-8fba-42bd-b1f5-1a847d21eaf0@group-0A6E5A3CAB1F: change Leader from null to 07700029-8fba-42bd-b1f5-1a847d21eaf0 at term 1 for becomeLeader, leader elected after 5535ms
2019-09-26 10:47:18,672 [cd1fcbfa-944d-480b-9151-445d9a18536b@group-4AEA003E24F4:LeaderElection103] INFO  server.RaftServerConfigKeys (ConfUtils.java:logGet(43)) - raft.server.write.element-limit = 4096 (default)
2019-09-26 10:47:18,671 [cd1fcbfa-944d-480b-9151-445d9a18536b@group-AA9D9AAC53B7:LeaderElection102] INFO  server.RaftServerConfigKeys (ConfUtils.java:logGet(43)) - raft.server.watch.timeout.denomination = 1s (default)
2019-09-26 10:47:18,671 [07700029-8fba-42bd-b1f5-1a847d21eaf0@group-FD67E40E9680:LeaderElection99] INFO  server.RaftServerConfigKeys (ConfUtils.java:logGet(43)) - raft.server.watch.timeout = 10s (default)
2019-09-26 10:47:18,672 [07700029-8fba-42bd-b1f5-1a847d21eaf0@group-FD67E40E9680:LeaderElection99] INFO  server.RaftServerConfigKeys (ConfUtils.java:logGet(43)) - raft.server.watch.timeout.denomination = 1s (default)
2019-09-26 10:47:18,671 [07700029-8fba-42bd-b1f5-1a847d21eaf0@group-17CD087E6000:LeaderElection101] INFO  impl.RaftServerImpl (ServerState.java:setLeader(253)) - 07700029-8fba-42bd-b1f5-1a847d21eaf0@group-17CD087E6000: change Leader from null to 07700029-8fba-42bd-b1f5-1a847d21eaf0 at term 1 for becomeLeader, leader elected after 5362ms
2019-09-26 10:47:18,672 [07700029-8fba-42bd-b1f5-1a847d21eaf0@group-FD67E40E9680:LeaderElection99] INFO  server.RaftServerConfigKeys (ConfUtils.java:logGet(43)) - raft.server.watch.element-limit = 65536 (default)
2019-09-26 10:47:18,672 [cd1fcbfa-944d-480b-9151-445d9a18536b@group-AA9D9AAC53B7:LeaderElection102] INFO  server.RaftServerConfigKeys (ConfUtils.java:logGet(43)) - raft.server.watch.element-limit = 65536 (default)
2019-09-26 10:47:18,672 [cd1fcbfa-944d-480b-9151-445d9a18536b@group-4AEA003E24F4:LeaderElection103] INFO  server.RaftServerConfigKeys (ConfUtils.java:logGet(43)) - raft.server.watch.timeout = 10s (default)
2019-09-26 10:47:18,672 [07700029-8fba-42bd-b1f5-1a847d21eaf0@group-0A6E5A3CAB1F:LeaderElection100] INFO  server.RaftServerConfigKeys (ConfUtils.java:logGet(43)) - raft.server.staging.catchup.gap = 1000 (default)
2019-09-26 10:47:18,676 [cd1fcbfa-944d-480b-9151-445d9a18536b@group-4AEA003E24F4:LeaderElection103] INFO  server.RaftServerConfigKeys (ConfUtils.java:logGet(43)) - raft.server.watch.timeout.denomination = 1s (default)
2019-09-26 10:47:18,672 [07700029-8fba-42bd-b1f5-1a847d21eaf0@group-17CD087E6000:LeaderElection101] INFO  server.RaftServerConfigKeys (ConfUtils.java:logGet(43)) - raft.server.staging.catchup.gap = 1000 (default)
2019-09-26 10:47:18,676 [cd1fcbfa-944d-480b-9151-445d9a18536b@group-4AEA003E24F4:LeaderElection103] INFO  server.RaftServerConfigKeys (ConfUtils.java:logGet(43)) - raft.server.watch.element-limit = 65536 (default)
2019-09-26 10:47:18,676 [07700029-8fba-42bd-b1f5-1a847d21eaf0@group-0A6E5A3CAB1F:LeaderElection100] INFO  server.RaftServerConfigKeys (ConfUtils.java:logGet(43)) - raft.server.rpc.sleep.time = 25ms (default)
2019-09-26 10:47:18,677 [07700029-8fba-42bd-b1f5-1a847d21eaf0@group-17CD087E6000:LeaderElection101] INFO  server.RaftServerConfigKeys (ConfUtils.java:logGet(43)) - raft.server.rpc.sleep.time = 25ms (default)
2019-09-26 10:47:18,677 [07700029-8fba-42bd-b1f5-1a847d21eaf0@group-0A6E5A3CAB1F:LeaderElection100] INFO  server.RaftServerConfigKeys (ConfUtils.java:logGet(43)) - raft.server.write.element-limit = 4096 (default)
2019-09-26 10:47:18,677 [07700029-8fba-42bd-b1f5-1a847d21eaf0@group-17CD087E6000:LeaderElection101] INFO  server.RaftServerConfigKeys (ConfUtils.java:logGet(43)) - raft.server.write.element-limit = 4096 (default)
2019-09-26 10:47:18,677 [07700029-8fba-42bd-b1f5-1a847d21eaf0@group-0A6E5A3CAB1F:LeaderElection100] INFO  server.RaftServerConfigKeys (ConfUtils.java:logGet(43)) - raft.server.watch.timeout = 10s (default)
2019-09-26 10:47:18,677 [07700029-8fba-42bd-b1f5-1a847d21eaf0@group-17CD087E6000:LeaderElection101] INFO  server.RaftServerConfigKeys (ConfUtils.java:logGet(43)) - raft.server.watch.timeout = 10s (default)
2019-09-26 10:47:18,677 [07700029-8fba-42bd-b1f5-1a847d21eaf0@group-0A6E5A3CAB1F:LeaderElection100] INFO  server.RaftServerConfigKeys (ConfUtils.java:logGet(43)) - raft.server.watch.timeout.denomination = 1s (default)
2019-09-26 10:47:18,677 [07700029-8fba-42bd-b1f5-1a847d21eaf0@group-17CD087E6000:LeaderElection101] INFO  server.RaftServerConfigKeys (ConfUtils.java:logGet(43)) - raft.server.watch.timeout.denomination = 1s (default)
2019-09-26 10:47:18,678 [07700029-8fba-42bd-b1f5-1a847d21eaf0@group-0A6E5A3CAB1F:LeaderElection100] INFO  server.RaftServerConfigKeys (ConfUtils.java:logGet(43)) - raft.server.watch.element-limit = 65536 (default)
2019-09-26 10:47:18,678 [07700029-8fba-42bd-b1f5-1a847d21eaf0@group-17CD087E6000:LeaderElection101] INFO  server.RaftServerConfigKeys (ConfUtils.java:logGet(43)) - raft.server.watch.element-limit = 65536 (default)
2019-09-26 10:47:18,716 [07700029-8fba-42bd-b1f5-1a847d21eaf0@group-17CD087E6000:LeaderElection101] INFO  impl.RoleInfo (RoleInfo.java:updateAndGet(143)) - 07700029-8fba-42bd-b1f5-1a847d21eaf0: start LeaderState
2019-09-26 10:47:18,716 [07700029-8fba-42bd-b1f5-1a847d21eaf0@group-17CD087E6000:LeaderElection101] INFO  segmented.SegmentedRaftLogWorker (SegmentedRaftLogWorker.java:startLogSegment(380)) - 07700029-8fba-42bd-b1f5-1a847d21eaf0@group-17CD087E6000-SegmentedRaftLogWorker: Starting segment from index:0
2019-09-26 10:47:18,726 [07700029-8fba-42bd-b1f5-1a847d21eaf0@group-FD67E40E9680:LeaderElection99] INFO  impl.RoleInfo (RoleInfo.java:updateAndGet(143)) - 07700029-8fba-42bd-b1f5-1a847d21eaf0: start LeaderState
2019-09-26 10:47:18,726 [07700029-8fba-42bd-b1f5-1a847d21eaf0@group-FD67E40E9680:LeaderElection99] INFO  segmented.SegmentedRaftLogWorker (SegmentedRaftLogWorker.java:startLogSegment(380)) - 07700029-8fba-42bd-b1f5-1a847d21eaf0@group-FD67E40E9680-SegmentedRaftLogWorker: Starting segment from index:0
2019-09-26 10:47:18,731 [cd1fcbfa-944d-480b-9151-445d9a18536b@group-AA9D9AAC53B7:LeaderElection102] INFO  impl.RoleInfo (RoleInfo.java:updateAndGet(143)) - cd1fcbfa-944d-480b-9151-445d9a18536b: start LeaderState
2019-09-26 10:47:18,731 [cd1fcbfa-944d-480b-9151-445d9a18536b@group-AA9D9AAC53B7:LeaderElection102] INFO  segmented.SegmentedRaftLogWorker (SegmentedRaftLogWorker.java:startLogSegment(380)) - cd1fcbfa-944d-480b-9151-445d9a18536b@group-AA9D9AAC53B7-SegmentedRaftLogWorker: Starting segment from index:0
2019-09-26 10:47:18,736 [07700029-8fba-42bd-b1f5-1a847d21eaf0@group-0A6E5A3CAB1F:LeaderElection100] INFO  impl.RoleInfo (RoleInfo.java:updateAndGet(143)) - 07700029-8fba-42bd-b1f5-1a847d21eaf0: start LeaderState
2019-09-26 10:47:18,736 [07700029-8fba-42bd-b1f5-1a847d21eaf0@group-0A6E5A3CAB1F:LeaderElection100] INFO  segmented.SegmentedRaftLogWorker (SegmentedRaftLogWorker.java:startLogSegment(380)) - 07700029-8fba-42bd-b1f5-1a847d21eaf0@group-0A6E5A3CAB1F-SegmentedRaftLogWorker: Starting segment from index:0
2019-09-26 10:47:18,741 [cd1fcbfa-944d-480b-9151-445d9a18536b@group-4AEA003E24F4:LeaderElection103] INFO  impl.RoleInfo (RoleInfo.java:updateAndGet(143)) - cd1fcbfa-944d-480b-9151-445d9a18536b: start LeaderState
2019-09-26 10:47:18,742 [cd1fcbfa-944d-480b-9151-445d9a18536b@group-4AEA003E24F4:LeaderElection103] INFO  segmented.SegmentedRaftLogWorker (SegmentedRaftLogWorker.java:startLogSegment(380)) - cd1fcbfa-944d-480b-9151-445d9a18536b@group-4AEA003E24F4-SegmentedRaftLogWorker: Starting segment from index:0
2019-09-26 10:47:18,750 [07700029-8fba-42bd-b1f5-1a847d21eaf0@group-FD67E40E9680:LeaderElection99] INFO  impl.RaftServerImpl (ServerState.java:setRaftConf(354)) - 07700029-8fba-42bd-b1f5-1a847d21eaf0@group-FD67E40E9680: set configuration 0: [07700029-8fba-42bd-b1f5-1a847d21eaf0:192.168.30.13:37310], old=null at 0
2019-09-26 10:47:18,750 [07700029-8fba-42bd-b1f5-1a847d21eaf0@group-17CD087E6000:LeaderElection101] INFO  impl.RaftServerImpl (ServerState.java:setRaftConf(354)) - 07700029-8fba-42bd-b1f5-1a847d21eaf0@group-17CD087E6000: set configuration 0: [07700029-8fba-42bd-b1f5-1a847d21eaf0:192.168.30.13:37310], old=null at 0
2019-09-26 10:47:18,755 [cd1fcbfa-944d-480b-9151-445d9a18536b@group-AA9D9AAC53B7:LeaderElection102] INFO  impl.RaftServerImpl (ServerState.java:setRaftConf(354)) - cd1fcbfa-944d-480b-9151-445d9a18536b@group-AA9D9AAC53B7: set configuration 0: [cd1fcbfa-944d-480b-9151-445d9a18536b:192.168.30.13:42343], old=null at 0
2019-09-26 10:47:18,759 [07700029-8fba-42bd-b1f5-1a847d21eaf0@group-0A6E5A3CAB1F:LeaderElection100] INFO  impl.RaftServerImpl (ServerState.java:setRaftConf(354)) - 07700029-8fba-42bd-b1f5-1a847d21eaf0@group-0A6E5A3CAB1F: set configuration 0: [07700029-8fba-42bd-b1f5-1a847d21eaf0:192.168.30.13:37310], old=null at 0
2019-09-26 10:47:18,764 [cd1fcbfa-944d-480b-9151-445d9a18536b@group-4AEA003E24F4:LeaderElection103] INFO  impl.RaftServerImpl (ServerState.java:setRaftConf(354)) - cd1fcbfa-944d-480b-9151-445d9a18536b@group-4AEA003E24F4: set configuration 0: [cd1fcbfa-944d-480b-9151-445d9a18536b:192.168.30.13:42343], old=null at 0
2019-09-26 10:47:18,837 [07700029-8fba-42bd-b1f5-1a847d21eaf0@group-17CD087E6000-SegmentedRaftLogWorker] INFO  segmented.SegmentedRaftLogWorker (SegmentedRaftLogWorker.java:execute(569)) - 07700029-8fba-42bd-b1f5-1a847d21eaf0@group-17CD087E6000-SegmentedRaftLogWorker: created new log segment /workdir/hadoop-ozone/ozonefs/target/test-dir/MiniOzoneClusterImpl-23841092-02d4-48e3-9aa2-56bb3a45a661/datanode-2/data/ratis/a2e96c86-9839-4603-98b7-17cd087e6000/current/log_inprogress_0
2019-09-26 10:47:18,837 [07700029-8fba-42bd-b1f5-1a847d21eaf0@group-FD67E40E9680-SegmentedRaftLogWorker] INFO  segmented.SegmentedRaftLogWorker (SegmentedRaftLogWorker.java:execute(569)) - 07700029-8fba-42bd-b1f5-1a847d21eaf0@group-FD67E40E9680-SegmentedRaftLogWorker: created new log segment /workdir/hadoop-ozone/ozonefs/target/test-dir/MiniOzoneClusterImpl-23841092-02d4-48e3-9aa2-56bb3a45a661/datanode-2/data/ratis/be1ea9a3-6928-4c88-bd83-fd67e40e9680/current/log_inprogress_0
2019-09-26 10:47:18,837 [cd1fcbfa-944d-480b-9151-445d9a18536b@group-AA9D9AAC53B7-SegmentedRaftLogWorker] INFO  segmented.SegmentedRaftLogWorker (SegmentedRaftLogWorker.java:execute(569)) - cd1fcbfa-944d-480b-9151-445d9a18536b@group-AA9D9AAC53B7-SegmentedRaftLogWorker: created new log segment /workdir/hadoop-ozone/ozonefs/target/test-dir/MiniOzoneClusterImpl-23841092-02d4-48e3-9aa2-56bb3a45a661/datanode-1/data/ratis/c81de51c-3766-4047-b709-aa9d9aac53b7/current/log_inprogress_0
2019-09-26 10:47:18,837 [07700029-8fba-42bd-b1f5-1a847d21eaf0@group-0A6E5A3CAB1F-SegmentedRaftLogWorker] INFO  segmented.SegmentedRaftLogWorker (SegmentedRaftLogWorker.java:execute(569)) - 07700029-8fba-42bd-b1f5-1a847d21eaf0@group-0A6E5A3CAB1F-SegmentedRaftLogWorker: created new log segment /workdir/hadoop-ozone/ozonefs/target/test-dir/MiniOzoneClusterImpl-23841092-02d4-48e3-9aa2-56bb3a45a661/datanode-2/data/ratis/941d4d6c-1618-4d53-8b20-0a6e5a3cab1f/current/log_inprogress_0
2019-09-26 10:47:18,837 [cd1fcbfa-944d-480b-9151-445d9a18536b@group-4AEA003E24F4-SegmentedRaftLogWorker] INFO  segmented.SegmentedRaftLogWorker (SegmentedRaftLogWorker.java:execute(569)) - cd1fcbfa-944d-480b-9151-445d9a18536b@group-4AEA003E24F4-SegmentedRaftLogWorker: created new log segment /workdir/hadoop-ozone/ozonefs/target/test-dir/MiniOzoneClusterImpl-23841092-02d4-48e3-9aa2-56bb3a45a661/datanode-1/data/ratis/7b8fc051-fae2-47c6-bcdb-4aea003e24f4/current/log_inprogress_0
2019-09-26 10:47:18,884 [main] INFO  ozoneimpl.OzoneContainer (OzoneContainer.java:stop(231)) - Attempting to stop container services.
2019-09-26 10:47:18,884 [ForkJoinPool.commonPool-worker-1] INFO  ozoneimpl.OzoneContainer (OzoneContainer.java:stop(231)) - Attempting to stop container services.
2019-09-26 10:47:18,886 [ForkJoinPool.commonPool-worker-1] INFO  impl.RaftServerProxy (RaftServerProxy.java:lambda$close$4(314)) - 44cef61c-6e91-4f77-a22d-f8f1d1e33555: close
2019-09-26 10:47:18,886 [main] INFO  impl.RaftServerProxy (RaftServerProxy.java:lambda$close$4(314)) - cd1fcbfa-944d-480b-9151-445d9a18536b: close
2019-09-26 10:47:18,887 [main] INFO  impl.RaftServerImpl (RaftServerImpl.java:lambda$shutdown$3(251)) - cd1fcbfa-944d-480b-9151-445d9a18536b@group-ADB5CFC3154D: shutdown
2019-09-26 10:47:18,888 [main] INFO  util.JmxRegister (JmxRegister.java:unregister(73)) - Successfully un-registered JMX Bean with object name Ratis:service=RaftServer,group=group-ADB5CFC3154D,id=cd1fcbfa-944d-480b-9151-445d9a18536b
2019-09-26 10:47:18,888 [main] INFO  impl.RoleInfo (RoleInfo.java:shutdownLeaderState(104)) - cd1fcbfa-944d-480b-9151-445d9a18536b: shutdown LeaderState
2019-09-26 10:47:18,889 [main] INFO  impl.PendingRequests (PendingRequests.java:sendNotLeaderResponses(202)) - cd1fcbfa-944d-480b-9151-445d9a18536b-PendingRequests: sendNotLeaderResponses
2019-09-26 10:47:18,889 [main] INFO  impl.StateMachineUpdater (StateMachineUpdater.java:stopAndJoin(125)) - cd1fcbfa-944d-480b-9151-445d9a18536b@group-ADB5CFC3154D-StateMachineUpdater: set stopIndex = 0
2019-09-26 10:47:18,890 [main] INFO  impl.RaftServerImpl (ServerState.java:close(385)) - cd1fcbfa-944d-480b-9151-445d9a18536b@group-ADB5CFC3154D: closes. applyIndex: 0
2019-09-26 10:47:18,892 [ForkJoinPool.commonPool-worker-1] INFO  impl.RaftServerImpl (RaftServerImpl.java:lambda$shutdown$3(251)) - 44cef61c-6e91-4f77-a22d-f8f1d1e33555@group-11FA1B457505: shutdown
2019-09-26 10:47:18,892 [cd1fcbfa-944d-480b-9151-445d9a18536b@group-ADB5CFC3154D-SegmentedRaftLogWorker] INFO  segmented.SegmentedRaftLogWorker (SegmentedRaftLogWorker.java:run(313)) - cd1fcbfa-944d-480b-9151-445d9a18536b@group-ADB5CFC3154D-SegmentedRaftLogWorker was interrupted, exiting. There are 0 tasks remaining in the queue.
2019-09-26 10:47:18,892 [ForkJoinPool.commonPool-worker-1] INFO  util.JmxRegister (JmxRegister.java:unregister(73)) - Successfully un-registered JMX Bean with object name Ratis:service=RaftServer,group=group-11FA1B457505,id=44cef61c-6e91-4f77-a22d-f8f1d1e33555
2019-09-26 10:47:18,892 [main] INFO  segmented.SegmentedRaftLogWorker (SegmentedRaftLogWorker.java:close(228)) - cd1fcbfa-944d-480b-9151-445d9a18536b@group-ADB5CFC3154D-SegmentedRaftLogWorker close()
2019-09-26 10:47:18,893 [ForkJoinPool.commonPool-worker-1] INFO  impl.RoleInfo (RoleInfo.java:shutdownLeaderState(104)) - 44cef61c-6e91-4f77-a22d-f8f1d1e33555: shutdown LeaderState
2019-09-26 10:47:18,899 [main] INFO  impl.RaftServerImpl (RaftServerImpl.java:lambda$shutdown$3(251)) - cd1fcbfa-944d-480b-9151-445d9a18536b@group-DD137697DCBD: shutdown
2019-09-26 10:47:18,899 [ForkJoinPool.commonPool-worker-1] INFO  impl.PendingRequests (PendingRequests.java:sendNotLeaderResponses(202)) - 44cef61c-6e91-4f77-a22d-f8f1d1e33555-PendingRequests: sendNotLeaderResponses
2019-09-26 10:47:18,912 [main] INFO  util.JmxRegister (JmxRegister.java:unregister(73)) - Successfully un-registered JMX Bean with object name Ratis:service=RaftServer,group=group-DD137697DCBD,id=cd1fcbfa-944d-480b-9151-445d9a18536b
2019-09-26 10:47:18,912 [ForkJoinPool.commonPool-worker-1] INFO  impl.StateMachineUpdater (StateMachineUpdater.java:stopAndJoin(125)) - 44cef61c-6e91-4f77-a22d-f8f1d1e33555@group-11FA1B457505-StateMachineUpdater: set stopIndex = 0
2019-09-26 10:47:18,929 [main] INFO  impl.RoleInfo (RoleInfo.java:shutdownLeaderState(104)) - cd1fcbfa-944d-480b-9151-445d9a18536b: shutdown LeaderState
2019-09-26 10:47:18,953 [ForkJoinPool.commonPool-worker-1] INFO  impl.RaftServerImpl (ServerState.java:close(385)) - 44cef61c-6e91-4f77-a22d-f8f1d1e33555@group-11FA1B457505: closes. applyIndex: 0
2019-09-26 10:47:18,955 [main] INFO  impl.PendingRequests (PendingRequests.java:sendNotLeaderResponses(202)) - cd1fcbfa-944d-480b-9151-445d9a18536b-PendingRequests: sendNotLeaderResponses
2019-09-26 10:47:18,955 [44cef61c-6e91-4f77-a22d-f8f1d1e33555@group-11FA1B457505-SegmentedRaftLogWorker] INFO  segmented.SegmentedRaftLogWorker (SegmentedRaftLogWorker.java:run(313)) - 44cef61c-6e91-4f77-a22d-f8f1d1e33555@group-11FA1B457505-SegmentedRaftLogWorker was interrupted, exiting. There are 0 tasks remaining in the queue.
2019-09-26 10:47:18,955 [main] INFO  impl.StateMachineUpdater (StateMachineUpdater.java:stopAndJoin(125)) - cd1fcbfa-944d-480b-9151-445d9a18536b@group-DD137697DCBD-StateMachineUpdater: set stopIndex = 0
2019-09-26 10:47:18,956 [ForkJoinPool.commonPool-worker-1] INFO  segmented.SegmentedRaftLogWorker (SegmentedRaftLogWorker.java:close(228)) - 44cef61c-6e91-4f77-a22d-f8f1d1e33555@group-11FA1B457505-SegmentedRaftLogWorker close()
2019-09-26 10:47:18,956 [main] INFO  impl.RaftServerImpl (ServerState.java:close(385)) - cd1fcbfa-944d-480b-9151-445d9a18536b@group-DD137697DCBD: closes. applyIndex: 0
2019-09-26 10:47:18,963 [ForkJoinPool.commonPool-worker-1] INFO  impl.RaftServerImpl (RaftServerImpl.java:lambda$shutdown$3(251)) - 44cef61c-6e91-4f77-a22d-f8f1d1e33555@group-F39CDA603457: shutdown
2019-09-26 10:47:18,964 [cd1fcbfa-944d-480b-9151-445d9a18536b@group-DD137697DCBD-SegmentedRaftLogWorker] INFO  segmented.SegmentedRaftLogWorker (SegmentedRaftLogWorker.java:run(313)) - cd1fcbfa-944d-480b-9151-445d9a18536b@group-DD137697DCBD-SegmentedRaftLogWorker was interrupted, exiting. There are 0 tasks remaining in the queue.
2019-09-26 10:47:18,964 [ForkJoinPool.commonPool-worker-1] INFO  util.JmxRegister (JmxRegister.java:unregister(73)) - Successfully un-registered JMX Bean with object name Ratis:service=RaftServer,group=group-F39CDA603457,id=44cef61c-6e91-4f77-a22d-f8f1d1e33555
2019-09-26 10:47:18,964 [main] INFO  segmented.SegmentedRaftLogWorker (SegmentedRaftLogWorker.java:close(228)) - cd1fcbfa-944d-480b-9151-445d9a18536b@group-DD137697DCBD-SegmentedRaftLogWorker close()
2019-09-26 10:47:18,964 [ForkJoinPool.commonPool-worker-1] INFO  impl.RoleInfo (RoleInfo.java:shutdownLeaderState(104)) - 44cef61c-6e91-4f77-a22d-f8f1d1e33555: shutdown LeaderState
2019-09-26 10:47:18,966 [main] INFO  impl.RaftServerImpl (RaftServerImpl.java:lambda$shutdown$3(251)) - cd1fcbfa-944d-480b-9151-445d9a18536b@group-FE92F4B5F550: shutdown
2019-09-26 10:47:18,966 [ForkJoinPool.commonPool-worker-1] INFO  impl.PendingRequests (PendingRequests.java:sendNotLeaderResponses(202)) - 44cef61c-6e91-4f77-a22d-f8f1d1e33555-PendingRequests: sendNotLeaderResponses
2019-09-26 10:47:18,967 [main] INFO  util.JmxRegister (JmxRegister.java:unregister(73)) - Successfully un-registered JMX Bean with object name Ratis:service=RaftServer,group=group-FE92F4B5F550,id=cd1fcbfa-944d-480b-9151-445d9a18536b
2019-09-26 10:47:18,967 [ForkJoinPool.commonPool-worker-1] INFO  impl.StateMachineUpdater (StateMachineUpdater.java:stopAndJoin(125)) - 44cef61c-6e91-4f77-a22d-f8f1d1e33555@group-F39CDA603457-StateMachineUpdater: set stopIndex = 0
2019-09-26 10:47:18,967 [main] INFO  impl.RoleInfo (RoleInfo.java:shutdownFollowerState(121)) - cd1fcbfa-944d-480b-9151-445d9a18536b: shutdown FollowerState
2019-09-26 10:47:18,968 [ForkJoinPool.commonPool-worker-1] INFO  impl.RaftServerImpl (ServerState.java:close(385)) - 44cef61c-6e91-4f77-a22d-f8f1d1e33555@group-F39CDA603457: closes. applyIndex: 0
2019-09-26 10:47:18,968 [main] INFO  impl.StateMachineUpdater (StateMachineUpdater.java:stopAndJoin(125)) - cd1fcbfa-944d-480b-9151-445d9a18536b@group-FE92F4B5F550-StateMachineUpdater: set stopIndex = -1
2019-09-26 10:47:18,969 [main] INFO  impl.RaftServerImpl (ServerState.java:close(385)) - cd1fcbfa-944d-480b-9151-445d9a18536b@group-FE92F4B5F550: closes. applyIndex: -1
2019-09-26 10:47:18,968 [44cef61c-6e91-4f77-a22d-f8f1d1e33555@group-F39CDA603457-SegmentedRaftLogWorker] INFO  segmented.SegmentedRaftLogWorker (SegmentedRaftLogWorker.java:run(313)) - 44cef61c-6e91-4f77-a22d-f8f1d1e33555@group-F39CDA603457-SegmentedRaftLogWorker was interrupted, exiting. There are 0 tasks remaining in the queue.
2019-09-26 10:47:18,968 [Thread-1548] INFO  impl.FollowerState (FollowerState.java:run(115)) - cd1fcbfa-944d-480b-9151-445d9a18536b: FollowerState was interrupted: java.lang.InterruptedException: sleep interrupted
2019-09-26 10:47:18,969 [ForkJoinPool.commonPool-worker-1] INFO  segmented.SegmentedRaftLogWorker (SegmentedRaftLogWorker.java:close(228)) - 44cef61c-6e91-4f77-a22d-f8f1d1e33555@group-F39CDA603457-SegmentedRaftLogWorker close()
2019-09-26 10:47:18,969 [cd1fcbfa-944d-480b-9151-445d9a18536b@group-FE92F4B5F550-SegmentedRaftLogWorker] INFO  segmented.SegmentedRaftLogWorker (SegmentedRaftLogWorker.java:run(313)) - cd1fcbfa-944d-480b-9151-445d9a18536b@group-FE92F4B5F550-SegmentedRaftLogWorker was interrupted, exiting. There are 0 tasks remaining in the queue.
2019-09-26 10:47:18,973 [ForkJoinPool.commonPool-worker-1] INFO  impl.RaftServerImpl (RaftServerImpl.java:lambda$shutdown$3(251)) - 44cef61c-6e91-4f77-a22d-f8f1d1e33555@group-7A5B73C7803E: shutdown
2019-09-26 10:47:18,973 [main] INFO  segmented.SegmentedRaftLogWorker (SegmentedRaftLogWorker.java:close(228)) - cd1fcbfa-944d-480b-9151-445d9a18536b@group-FE92F4B5F550-SegmentedRaftLogWorker close()
2019-09-26 10:47:18,973 [ForkJoinPool.commonPool-worker-1] INFO  util.JmxRegister (JmxRegister.java:unregister(73)) - Successfully un-registered JMX Bean with object name Ratis:service=RaftServer,group=group-7A5B73C7803E,id=44cef61c-6e91-4f77-a22d-f8f1d1e33555
2019-09-26 10:47:18,975 [main] INFO  impl.RaftServerImpl (RaftServerImpl.java:lambda$shutdown$3(251)) - cd1fcbfa-944d-480b-9151-445d9a18536b@group-4751FAEA57E2: shutdown
2019-09-26 10:47:18,975 [ForkJoinPool.commonPool-worker-1] INFO  impl.RoleInfo (RoleInfo.java:shutdownFollowerState(121)) - 44cef61c-6e91-4f77-a22d-f8f1d1e33555: shutdown FollowerState
2019-09-26 10:47:18,975 [main] INFO  util.JmxRegister (JmxRegister.java:unregister(73)) - Successfully un-registered JMX Bean with object name Ratis:service=RaftServer,group=group-4751FAEA57E2,id=cd1fcbfa-944d-480b-9151-445d9a18536b
2019-09-26 10:47:18,976 [main] INFO  impl.RoleInfo (RoleInfo.java:shutdownLeaderState(104)) - cd1fcbfa-944d-480b-9151-445d9a18536b: shutdown LeaderState
2019-09-26 10:47:18,976 [Thread-1536] INFO  impl.FollowerState (FollowerState.java:run(115)) - 44cef61c-6e91-4f77-a22d-f8f1d1e33555: FollowerState was interrupted: java.lang.InterruptedException: sleep interrupted
2019-09-26 10:47:18,976 [ForkJoinPool.commonPool-worker-1] INFO  impl.StateMachineUpdater (StateMachineUpdater.java:stopAndJoin(125)) - 44cef61c-6e91-4f77-a22d-f8f1d1e33555@group-7A5B73C7803E-StateMachineUpdater: set stopIndex = -1
2019-09-26 10:47:18,976 [main] INFO  impl.PendingRequests (PendingRequests.java:sendNotLeaderResponses(202)) - cd1fcbfa-944d-480b-9151-445d9a18536b-PendingRequests: sendNotLeaderResponses
2019-09-26 10:47:18,978 [ForkJoinPool.commonPool-worker-1] INFO  impl.RaftServerImpl (ServerState.java:close(385)) - 44cef61c-6e91-4f77-a22d-f8f1d1e33555@group-7A5B73C7803E: closes. applyIndex: -1
2019-09-26 10:47:18,979 [main] INFO  impl.StateMachineUpdater (StateMachineUpdater.java:stopAndJoin(125)) - cd1fcbfa-944d-480b-9151-445d9a18536b@group-4751FAEA57E2-StateMachineUpdater: set stopIndex = 0
2019-09-26 10:47:18,979 [44cef61c-6e91-4f77-a22d-f8f1d1e33555@group-7A5B73C7803E-SegmentedRaftLogWorker] INFO  segmented.SegmentedRaftLogWorker (SegmentedRaftLogWorker.java:run(313)) - 44cef61c-6e91-4f77-a22d-f8f1d1e33555@group-7A5B73C7803E-SegmentedRaftLogWorker was interrupted, exiting. There are 0 tasks remaining in the queue.
2019-09-26 10:47:18,979 [main] INFO  impl.RaftServerImpl (ServerState.java:close(385)) - cd1fcbfa-944d-480b-9151-445d9a18536b@group-4751FAEA57E2: closes. applyIndex: 0
2019-09-26 10:47:18,979 [ForkJoinPool.commonPool-worker-1] INFO  segmented.SegmentedRaftLogWorker (SegmentedRaftLogWorker.java:close(228)) - 44cef61c-6e91-4f77-a22d-f8f1d1e33555@group-7A5B73C7803E-SegmentedRaftLogWorker close()
2019-09-26 10:47:18,980 [cd1fcbfa-944d-480b-9151-445d9a18536b@group-4751FAEA57E2-SegmentedRaftLogWorker] INFO  segmented.SegmentedRaftLogWorker (SegmentedRaftLogWorker.java:run(313)) - cd1fcbfa-944d-480b-9151-445d9a18536b@group-4751FAEA57E2-SegmentedRaftLogWorker was interrupted, exiting. There are 0 tasks remaining in the queue.
2019-09-26 10:47:18,981 [ForkJoinPool.commonPool-worker-1] INFO  impl.RaftServerImpl (RaftServerImpl.java:lambda$shutdown$3(251)) - 44cef61c-6e91-4f77-a22d-f8f1d1e33555@group-33A717BC8D44: shutdown
2019-09-26 10:47:18,982 [main] INFO  segmented.SegmentedRaftLogWorker (SegmentedRaftLogWorker.java:close(228)) - cd1fcbfa-944d-480b-9151-445d9a18536b@group-4751FAEA57E2-SegmentedRaftLogWorker close()
2019-09-26 10:47:18,982 [ForkJoinPool.commonPool-worker-1] INFO  util.JmxRegister (JmxRegister.java:unregister(73)) - Successfully un-registered JMX Bean with object name Ratis:service=RaftServer,group=group-33A717BC8D44,id=44cef61c-6e91-4f77-a22d-f8f1d1e33555
2019-09-26 10:47:18,984 [main] INFO  impl.RaftServerImpl (RaftServerImpl.java:lambda$shutdown$3(251)) - cd1fcbfa-944d-480b-9151-445d9a18536b@group-4AEA003E24F4: shutdown
2019-09-26 10:47:18,984 [ForkJoinPool.commonPool-worker-1] INFO  impl.RoleInfo (RoleInfo.java:shutdownLeaderState(104)) - 44cef61c-6e91-4f77-a22d-f8f1d1e33555: shutdown LeaderState
2019-09-26 10:47:18,984 [main] INFO  util.JmxRegister (JmxRegister.java:unregister(73)) - Successfully un-registered JMX Bean with object name Ratis:service=RaftServer,group=group-4AEA003E24F4,id=cd1fcbfa-944d-480b-9151-445d9a18536b
2019-09-26 10:47:18,985 [ForkJoinPool.commonPool-worker-1] INFO  impl.PendingRequests (PendingRequests.java:sendNotLeaderResponses(202)) - 44cef61c-6e91-4f77-a22d-f8f1d1e33555-PendingRequests: sendNotLeaderResponses
2019-09-26 10:47:18,985 [main] INFO  impl.RoleInfo (RoleInfo.java:shutdownLeaderState(104)) - cd1fcbfa-944d-480b-9151-445d9a18536b: shutdown LeaderState
2019-09-26 10:47:18,985 [ForkJoinPool.commonPool-worker-1] INFO  impl.StateMachineUpdater (StateMachineUpdater.java:stopAndJoin(125)) - 44cef61c-6e91-4f77-a22d-f8f1d1e33555@group-33A717BC8D44-StateMachineUpdater: set stopIndex = 0
2019-09-26 10:47:18,985 [main] INFO  impl.PendingRequests (PendingRequests.java:sendNotLeaderResponses(202)) - cd1fcbfa-944d-480b-9151-445d9a18536b-PendingRequests: sendNotLeaderResponses
2019-09-26 10:47:18,986 [ForkJoinPool.commonPool-worker-1] INFO  impl.RaftServerImpl (ServerState.java:close(385)) - 44cef61c-6e91-4f77-a22d-f8f1d1e33555@group-33A717BC8D44: closes. applyIndex: 0
2019-09-26 10:47:18,986 [main] INFO  impl.StateMachineUpdater (StateMachineUpdater.java:stopAndJoin(125)) - cd1fcbfa-944d-480b-9151-445d9a18536b@group-4AEA003E24F4-StateMachineUpdater: set stopIndex = 0
2019-09-26 10:47:18,986 [44cef61c-6e91-4f77-a22d-f8f1d1e33555@group-33A717BC8D44-SegmentedRaftLogWorker] INFO  segmented.SegmentedRaftLogWorker (SegmentedRaftLogWorker.java:run(313)) - 44cef61c-6e91-4f77-a22d-f8f1d1e33555@group-33A717BC8D44-SegmentedRaftLogWorker was interrupted, exiting. There are 0 tasks remaining in the queue.
2019-09-26 10:47:18,987 [main] INFO  impl.RaftServerImpl (ServerState.java:close(385)) - cd1fcbfa-944d-480b-9151-445d9a18536b@group-4AEA003E24F4: closes. applyIndex: 0
2019-09-26 10:47:18,987 [ForkJoinPool.commonPool-worker-1] INFO  segmented.SegmentedRaftLogWorker (SegmentedRaftLogWorker.java:close(228)) - 44cef61c-6e91-4f77-a22d-f8f1d1e33555@group-33A717BC8D44-SegmentedRaftLogWorker close()
2019-09-26 10:47:18,987 [cd1fcbfa-944d-480b-9151-445d9a18536b@group-4AEA003E24F4-SegmentedRaftLogWorker] INFO  segmented.SegmentedRaftLogWorker (SegmentedRaftLogWorker.java:run(313)) - cd1fcbfa-944d-480b-9151-445d9a18536b@group-4AEA003E24F4-SegmentedRaftLogWorker was interrupted, exiting. There are 0 tasks remaining in the queue.
2019-09-26 10:47:18,989 [ForkJoinPool.commonPool-worker-1] INFO  impl.RaftServerImpl (RaftServerImpl.java:lambda$shutdown$3(251)) - 44cef61c-6e91-4f77-a22d-f8f1d1e33555@group-77EA6954728A: shutdown
2019-09-26 10:47:18,989 [main] INFO  segmented.SegmentedRaftLogWorker (SegmentedRaftLogWorker.java:close(228)) - cd1fcbfa-944d-480b-9151-445d9a18536b@group-4AEA003E24F4-SegmentedRaftLogWorker close()
2019-09-26 10:47:18,989 [ForkJoinPool.commonPool-worker-1] INFO  util.JmxRegister (JmxRegister.java:unregister(73)) - Successfully un-registered JMX Bean with object name Ratis:service=RaftServer,group=group-77EA6954728A,id=44cef61c-6e91-4f77-a22d-f8f1d1e33555
2019-09-26 10:47:18,991 [main] INFO  impl.RaftServerImpl (RaftServerImpl.java:lambda$shutdown$3(251)) - cd1fcbfa-944d-480b-9151-445d9a18536b@group-AA9D9AAC53B7: shutdown
2019-09-26 10:47:18,991 [ForkJoinPool.commonPool-worker-1] INFO  impl.RoleInfo (RoleInfo.java:shutdownLeaderState(104)) - 44cef61c-6e91-4f77-a22d-f8f1d1e33555: shutdown LeaderState
2019-09-26 10:47:18,992 [main] INFO  util.JmxRegister (JmxRegister.java:unregister(73)) - Successfully un-registered JMX Bean with object name Ratis:service=RaftServer,group=group-AA9D9AAC53B7,id=cd1fcbfa-944d-480b-9151-445d9a18536b
2019-09-26 10:47:18,992 [ForkJoinPool.commonPool-worker-1] INFO  impl.PendingRequests (PendingRequests.java:sendNotLeaderResponses(202)) - 44cef61c-6e91-4f77-a22d-f8f1d1e33555-PendingRequests: sendNotLeaderResponses
2019-09-26 10:47:18,992 [main] INFO  impl.RoleInfo (RoleInfo.java:shutdownLeaderState(104)) - cd1fcbfa-944d-480b-9151-445d9a18536b: shutdown LeaderState
2019-09-26 10:47:18,993 [ForkJoinPool.commonPool-worker-1] INFO  impl.StateMachineUpdater (StateMachineUpdater.java:stopAndJoin(125)) - 44cef61c-6e91-4f77-a22d-f8f1d1e33555@group-77EA6954728A-StateMachineUpdater: set stopIndex = 0
2019-09-26 10:47:18,993 [main] INFO  impl.PendingRequests (PendingRequests.java:sendNotLeaderResponses(202)) - cd1fcbfa-944d-480b-9151-445d9a18536b-PendingRequests: sendNotLeaderResponses
2019-09-26 10:47:18,993 [ForkJoinPool.commonPool-worker-1] INFO  impl.RaftServerImpl (ServerState.java:close(385)) - 44cef61c-6e91-4f77-a22d-f8f1d1e33555@group-77EA6954728A: closes. applyIndex: 0
2019-09-26 10:47:18,994 [main] INFO  impl.StateMachineUpdater (StateMachineUpdater.java:stopAndJoin(125)) - cd1fcbfa-944d-480b-9151-445d9a18536b@group-AA9D9AAC53B7-StateMachineUpdater: set stopIndex = 0
2019-09-26 10:47:18,994 [44cef61c-6e91-4f77-a22d-f8f1d1e33555@group-77EA6954728A-SegmentedRaftLogWorker] INFO  segmented.SegmentedRaftLogWorker (SegmentedRaftLogWorker.java:run(313)) - 44cef61c-6e91-4f77-a22d-f8f1d1e33555@group-77EA6954728A-SegmentedRaftLogWorker was interrupted, exiting. There are 0 tasks remaining in the queue.
2019-09-26 10:47:18,994 [main] INFO  impl.RaftServerImpl (ServerState.java:close(385)) - cd1fcbfa-944d-480b-9151-445d9a18536b@group-AA9D9AAC53B7: closes. applyIndex: 0
2019-09-26 10:47:18,994 [ForkJoinPool.commonPool-worker-1] INFO  segmented.SegmentedRaftLogWorker (SegmentedRaftLogWorker.java:close(228)) - 44cef61c-6e91-4f77-a22d-f8f1d1e33555@group-77EA6954728A-SegmentedRaftLogWorker close()
2019-09-26 10:47:18,995 [cd1fcbfa-944d-480b-9151-445d9a18536b@group-AA9D9AAC53B7-SegmentedRaftLogWorker] INFO  segmented.SegmentedRaftLogWorker (SegmentedRaftLogWorker.java:run(313)) - cd1fcbfa-944d-480b-9151-445d9a18536b@group-AA9D9AAC53B7-SegmentedRaftLogWorker was interrupted, exiting. There are 0 tasks remaining in the queue.
2019-09-26 10:47:18,996 [ForkJoinPool.commonPool-worker-1] INFO  impl.RaftServerImpl (RaftServerImpl.java:lambda$shutdown$3(251)) - 44cef61c-6e91-4f77-a22d-f8f1d1e33555@group-825D037CFCAC: shutdown
2019-09-26 10:47:18,996 [main] INFO  segmented.SegmentedRaftLogWorker (SegmentedRaftLogWorker.java:close(228)) - cd1fcbfa-944d-480b-9151-445d9a18536b@group-AA9D9AAC53B7-SegmentedRaftLogWorker close()
2019-09-26 10:47:18,997 [ForkJoinPool.commonPool-worker-1] INFO  util.JmxRegister (JmxRegister.java:unregister(73)) - Successfully un-registered JMX Bean with object name Ratis:service=RaftServer,group=group-825D037CFCAC,id=44cef61c-6e91-4f77-a22d-f8f1d1e33555
2019-09-26 10:47:18,999 [main] INFO  server.GrpcService (GrpcService.java:closeImpl(164)) - cd1fcbfa-944d-480b-9151-445d9a18536b: shutdown server with port 42343 now
2019-09-26 10:47:18,999 [ForkJoinPool.commonPool-worker-1] INFO  impl.RoleInfo (RoleInfo.java:shutdownLeaderState(104)) - 44cef61c-6e91-4f77-a22d-f8f1d1e33555: shutdown LeaderState
2019-09-26 10:47:19,000 [ForkJoinPool.commonPool-worker-1] INFO  impl.PendingRequests (PendingRequests.java:sendNotLeaderResponses(202)) - 44cef61c-6e91-4f77-a22d-f8f1d1e33555-PendingRequests: sendNotLeaderResponses
2019-09-26 10:47:19,002 [main] INFO  server.GrpcService (GrpcService.java:closeImpl(172)) - cd1fcbfa-944d-480b-9151-445d9a18536b: shutdown server with port 42343 successfully
2019-09-26 10:47:19,002 [ForkJoinPool.commonPool-worker-1] INFO  impl.StateMachineUpdater (StateMachineUpdater.java:stopAndJoin(125)) - 44cef61c-6e91-4f77-a22d-f8f1d1e33555@group-825D037CFCAC-StateMachineUpdater: set stopIndex = 0
2019-09-26 10:47:19,003 [ForkJoinPool.commonPool-worker-1] INFO  impl.RaftServerImpl (ServerState.java:close(385)) - 44cef61c-6e91-4f77-a22d-f8f1d1e33555@group-825D037CFCAC: closes. applyIndex: 0
2019-09-26 10:47:19,003 [44cef61c-6e91-4f77-a22d-f8f1d1e33555@group-825D037CFCAC-SegmentedRaftLogWorker] INFO  segmented.SegmentedRaftLogWorker (SegmentedRaftLogWorker.java:run(313)) - 44cef61c-6e91-4f77-a22d-f8f1d1e33555@group-825D037CFCAC-SegmentedRaftLogWorker was interrupted, exiting. There are 0 tasks remaining in the queue.
2019-09-26 10:47:19,004 [ForkJoinPool.commonPool-worker-1] INFO  segmented.SegmentedRaftLogWorker (SegmentedRaftLogWorker.java:close(228)) - 44cef61c-6e91-4f77-a22d-f8f1d1e33555@group-825D037CFCAC-SegmentedRaftLogWorker close()
2019-09-26 10:47:19,006 [refreshUsed-/workdir/hadoop-ozone/ozonefs/target/test-dir/MiniOzoneClusterImpl-23841092-02d4-48e3-9aa2-56bb3a45a661/datanode-1/data/containers] WARN  fs.CachingGetSpaceUsed (CachingGetSpaceUsed.java:run(183)) - Thread Interrupted waiting to refresh disk information: sleep interrupted
2019-09-26 10:47:19,006 [ForkJoinPool.commonPool-worker-1] INFO  server.GrpcService (GrpcService.java:closeImpl(164)) - 44cef61c-6e91-4f77-a22d-f8f1d1e33555: shutdown server with port 44120 now
2019-09-26 10:47:19,009 [ForkJoinPool.commonPool-worker-1] INFO  server.GrpcService (GrpcService.java:closeImpl(172)) - 44cef61c-6e91-4f77-a22d-f8f1d1e33555: shutdown server with port 44120 successfully
2019-09-26 10:47:19,011 [refreshUsed-/workdir/hadoop-ozone/ozonefs/target/test-dir/MiniOzoneClusterImpl-23841092-02d4-48e3-9aa2-56bb3a45a661/datanode-0/data/containers] WARN  fs.CachingGetSpaceUsed (CachingGetSpaceUsed.java:run(183)) - Thread Interrupted waiting to refresh disk information: sleep interrupted
2019-09-26 10:47:19,031 [main] INFO  utils.BackgroundService (BackgroundService.java:shutdown(148)) - Shutting down service BlockDeletingService
2019-09-26 10:47:19,042 [main] INFO  statemachine.DatanodeStateMachine (DatanodeStateMachine.java:stopDaemon(395)) - Ozone container server stopped.
2019-09-26 10:47:19,043 [main] INFO  handler.ContextHandler (ContextHandler.java:doStop(910)) - Stopped o.e.j.w.WebAppContext@448462f0{/,null,UNAVAILABLE}{/hddsDatanode}
2019-09-26 10:47:19,044 [main] INFO  server.AbstractConnector (AbstractConnector.java:doStop(318)) - Stopped ServerConnector@787988f4{HTTP/1.1,[http/1.1]}{0.0.0.0:0}
2019-09-26 10:47:19,044 [main] INFO  handler.ContextHandler (ContextHandler.java:doStop(910)) - Stopped o.e.j.s.ServletContextHandler@5111de7c{/static,jar:file:/home/user/.m2/repository/org/apache/hadoop/hadoop-hdds-container-service/0.5.0-SNAPSHOT/hadoop-hdds-container-service-0.5.0-SNAPSHOT.jar!/webapps/static,UNAVAILABLE}
2019-09-26 10:47:19,045 [main] INFO  handler.ContextHandler (ContextHandler.java:doStop(910)) - Stopped o.e.j.s.ServletContextHandler@740b9a50{/logs,file:///workdir/hadoop-ozone/ozonefs/target/log,UNAVAILABLE}
2019-09-26 10:47:19,057 [ForkJoinPool.commonPool-worker-1] INFO  utils.BackgroundService (BackgroundService.java:shutdown(148)) - Shutting down service BlockDeletingService
2019-09-26 10:47:19,063 [ForkJoinPool.commonPool-worker-1] INFO  statemachine.DatanodeStateMachine (DatanodeStateMachine.java:stopDaemon(395)) - Ozone container server stopped.
2019-09-26 10:47:19,068 [ForkJoinPool.commonPool-worker-1] INFO  handler.ContextHandler (ContextHandler.java:doStop(910)) - Stopped o.e.j.w.WebAppContext@69a40b3c{/,null,UNAVAILABLE}{/hddsDatanode}
2019-09-26 10:47:19,069 [ForkJoinPool.commonPool-worker-1] INFO  server.AbstractConnector (AbstractConnector.java:doStop(318)) - Stopped ServerConnector@251c90f{HTTP/1.1,[http/1.1]}{0.0.0.0:0}
2019-09-26 10:47:19,071 [ForkJoinPool.commonPool-worker-1] INFO  handler.ContextHandler (ContextHandler.java:doStop(910)) - Stopped o.e.j.s.ServletContextHandler@42c12b3e{/static,jar:file:/home/user/.m2/repository/org/apache/hadoop/hadoop-hdds-container-service/0.5.0-SNAPSHOT/hadoop-hdds-container-service-0.5.0-SNAPSHOT.jar!/webapps/static,UNAVAILABLE}
2019-09-26 10:47:19,073 [ForkJoinPool.commonPool-worker-1] INFO  handler.ContextHandler (ContextHandler.java:doStop(910)) - Stopped o.e.j.s.ServletContextHandler@51e7589f{/logs,file:///workdir/hadoop-ozone/ozonefs/target/log,UNAVAILABLE}
2019-09-26 10:47:19,676 [Datanode State Machine Thread - 0] INFO  statemachine.DatanodeStateMachine (DatanodeStateMachine.java:lambda$startDaemon$0(350)) - Ozone container server started.
2019-09-26 10:47:23,535 [Thread-1539] INFO  impl.FollowerState (FollowerState.java:run(106)) - 07700029-8fba-42bd-b1f5-1a847d21eaf0:group-5FD772D061E4 changes to CANDIDATE, lastRpcTime:10593, electionTimeout:5001ms
2019-09-26 10:47:23,535 [Thread-1539] INFO  impl.RoleInfo (RoleInfo.java:shutdownFollowerState(121)) - 07700029-8fba-42bd-b1f5-1a847d21eaf0: shutdown FollowerState
2019-09-26 10:47:23,536 [Thread-1539] INFO  impl.RaftServerImpl (RaftServerImpl.java:setRole(174)) - 07700029-8fba-42bd-b1f5-1a847d21eaf0@group-5FD772D061E4: changes role from  FOLLOWER to CANDIDATE at term 0 for changeToCandidate
2019-09-26 10:47:23,536 [Thread-1539] INFO  impl.RoleInfo (RoleInfo.java:updateAndGet(143)) - 07700029-8fba-42bd-b1f5-1a847d21eaf0: start LeaderElection
2019-09-26 10:47:23,555 [07700029-8fba-42bd-b1f5-1a847d21eaf0@group-5FD772D061E4:LeaderElection104] INFO  impl.LeaderElection (LeaderElection.java:askForVotes(182)) - 07700029-8fba-42bd-b1f5-1a847d21eaf0@group-5FD772D061E4:LeaderElection104: begin an election at term 1 for -1: [07700029-8fba-42bd-b1f5-1a847d21eaf0:192.168.30.13:37310], old=null
2019-09-26 10:47:23,555 [07700029-8fba-42bd-b1f5-1a847d21eaf0@group-5FD772D061E4:LeaderElection104] INFO  impl.RoleInfo (RoleInfo.java:shutdownLeaderElection(134)) - 07700029-8fba-42bd-b1f5-1a847d21eaf0: shutdown LeaderElection
2019-09-26 10:47:23,556 [07700029-8fba-42bd-b1f5-1a847d21eaf0@group-5FD772D061E4:LeaderElection104] INFO  impl.RaftServerImpl (RaftServerImpl.java:setRole(174)) - 07700029-8fba-42bd-b1f5-1a847d21eaf0@group-5FD772D061E4: changes role from CANDIDATE to LEADER at term 1 for changeToLeader
2019-09-26 10:47:23,556 [07700029-8fba-42bd-b1f5-1a847d21eaf0@group-5FD772D061E4:LeaderElection104] INFO  impl.RaftServerImpl (ServerState.java:setLeader(253)) - 07700029-8fba-42bd-b1f5-1a847d21eaf0@group-5FD772D061E4: change Leader from null to 07700029-8fba-42bd-b1f5-1a847d21eaf0 at term 1 for becomeLeader, leader elected after 10620ms
2019-09-26 10:47:23,556 [07700029-8fba-42bd-b1f5-1a847d21eaf0@group-5FD772D061E4:LeaderElection104] INFO  server.RaftServerConfigKeys (ConfUtils.java:logGet(43)) - raft.server.staging.catchup.gap = 1000 (default)
2019-09-26 10:47:23,556 [07700029-8fba-42bd-b1f5-1a847d21eaf0@group-5FD772D061E4:LeaderElection104] INFO  server.RaftServerConfigKeys (ConfUtils.java:logGet(43)) - raft.server.rpc.sleep.time = 25ms (default)
2019-09-26 10:47:23,556 [07700029-8fba-42bd-b1f5-1a847d21eaf0@group-5FD772D061E4:LeaderElection104] INFO  server.RaftServerConfigKeys (ConfUtils.java:logGet(43)) - raft.server.write.element-limit = 4096 (default)
2019-09-26 10:47:23,556 [07700029-8fba-42bd-b1f5-1a847d21eaf0@group-5FD772D061E4:LeaderElection104] INFO  server.RaftServerConfigKeys (ConfUtils.java:logGet(43)) - raft.server.watch.timeout = 10s (default)
2019-09-26 10:47:23,557 [07700029-8fba-42bd-b1f5-1a847d21eaf0@group-5FD772D061E4:LeaderElection104] INFO  server.RaftServerConfigKeys (ConfUtils.java:logGet(43)) - raft.server.watch.timeout.denomination = 1s (default)
2019-09-26 10:47:23,557 [07700029-8fba-42bd-b1f5-1a847d21eaf0@group-5FD772D061E4:LeaderElection104] INFO  server.RaftServerConfigKeys (ConfUtils.java:logGet(43)) - raft.server.watch.element-limit = 65536 (default)
2019-09-26 10:47:23,559 [07700029-8fba-42bd-b1f5-1a847d21eaf0@group-5FD772D061E4:LeaderElection104] INFO  impl.RoleInfo (RoleInfo.java:updateAndGet(143)) - 07700029-8fba-42bd-b1f5-1a847d21eaf0: start LeaderState
2019-09-26 10:47:23,559 [07700029-8fba-42bd-b1f5-1a847d21eaf0@group-5FD772D061E4:LeaderElection104] INFO  segmented.SegmentedRaftLogWorker (SegmentedRaftLogWorker.java:startLogSegment(380)) - 07700029-8fba-42bd-b1f5-1a847d21eaf0@group-5FD772D061E4-SegmentedRaftLogWorker: Starting segment from index:0
2019-09-26 10:47:23,560 [07700029-8fba-42bd-b1f5-1a847d21eaf0@group-5FD772D061E4:LeaderElection104] INFO  impl.RaftServerImpl (ServerState.java:setRaftConf(354)) - 07700029-8fba-42bd-b1f5-1a847d21eaf0@group-5FD772D061E4: set configuration 0: [07700029-8fba-42bd-b1f5-1a847d21eaf0:192.168.30.13:37310], old=null at 0
2019-09-26 10:47:23,611 [07700029-8fba-42bd-b1f5-1a847d21eaf0@group-5FD772D061E4-SegmentedRaftLogWorker] INFO  segmented.SegmentedRaftLogWorker (SegmentedRaftLogWorker.java:execute(569)) - 07700029-8fba-42bd-b1f5-1a847d21eaf0@group-5FD772D061E4-SegmentedRaftLogWorker: created new log segment /workdir/hadoop-ozone/ozonefs/target/test-dir/MiniOzoneClusterImpl-23841092-02d4-48e3-9aa2-56bb3a45a661/datanode-2/data/ratis/cfc37a2d-a684-42a7-82a9-5fd772d061e4/current/log_inprogress_0
2019-09-26 10:47:23,684 [Thread-1545] INFO  impl.FollowerState (FollowerState.java:run(106)) - 07700029-8fba-42bd-b1f5-1a847d21eaf0:group-F5520A7A3233 changes to CANDIDATE, lastRpcTime:10658, electionTimeout:5150ms
2019-09-26 10:47:23,684 [Thread-1545] INFO  impl.RoleInfo (RoleInfo.java:shutdownFollowerState(121)) - 07700029-8fba-42bd-b1f5-1a847d21eaf0: shutdown FollowerState
2019-09-26 10:47:23,685 [Thread-1545] INFO  impl.RaftServerImpl (RaftServerImpl.java:setRole(174)) - 07700029-8fba-42bd-b1f5-1a847d21eaf0@group-F5520A7A3233: changes role from  FOLLOWER to CANDIDATE at term 0 for changeToCandidate
2019-09-26 10:47:23,685 [Thread-1545] INFO  impl.RoleInfo (RoleInfo.java:updateAndGet(143)) - 07700029-8fba-42bd-b1f5-1a847d21eaf0: start LeaderElection
2019-09-26 10:47:23,700 [Thread-1542] INFO  impl.FollowerState (FollowerState.java:run(106)) - 07700029-8fba-42bd-b1f5-1a847d21eaf0:group-B677AB257141 changes to CANDIDATE, lastRpcTime:10718, electionTimeout:5166ms
2019-09-26 10:47:23,700 [Thread-1542] INFO  impl.RoleInfo (RoleInfo.java:shutdownFollowerState(121)) - 07700029-8fba-42bd-b1f5-1a847d21eaf0: shutdown FollowerState
2019-09-26 10:47:23,700 [07700029-8fba-42bd-b1f5-1a847d21eaf0@group-F5520A7A3233:LeaderElection105] INFO  impl.LeaderElection (LeaderElection.java:askForVotes(182)) - 07700029-8fba-42bd-b1f5-1a847d21eaf0@group-F5520A7A3233:LeaderElection105: begin an election at term 1 for -1: [07700029-8fba-42bd-b1f5-1a847d21eaf0:192.168.30.13:37310], old=null
2019-09-26 10:47:23,700 [Thread-1542] INFO  impl.RaftServerImpl (RaftServerImpl.java:setRole(174)) - 07700029-8fba-42bd-b1f5-1a847d21eaf0@group-B677AB257141: changes role from  FOLLOWER to CANDIDATE at term 0 for changeToCandidate
2019-09-26 10:47:23,701 [07700029-8fba-42bd-b1f5-1a847d21eaf0@group-F5520A7A3233:LeaderElection105] INFO  impl.RoleInfo (RoleInfo.java:shutdownLeaderElection(134)) - 07700029-8fba-42bd-b1f5-1a847d21eaf0: shutdown LeaderElection
2019-09-26 10:47:23,701 [Thread-1542] INFO  impl.RoleInfo (RoleInfo.java:updateAndGet(143)) - 07700029-8fba-42bd-b1f5-1a847d21eaf0: start LeaderElection
2019-09-26 10:47:23,701 [07700029-8fba-42bd-b1f5-1a847d21eaf0@group-F5520A7A3233:LeaderElection105] INFO  impl.RaftServerImpl (RaftServerImpl.java:setRole(174)) - 07700029-8fba-42bd-b1f5-1a847d21eaf0@group-F5520A7A3233: changes role from CANDIDATE to LEADER at term 1 for changeToLeader
2019-09-26 10:47:23,701 [07700029-8fba-42bd-b1f5-1a847d21eaf0@group-F5520A7A3233:LeaderElection105] INFO  impl.RaftServerImpl (ServerState.java:setLeader(253)) - 07700029-8fba-42bd-b1f5-1a847d21eaf0@group-F5520A7A3233: change Leader from null to 07700029-8fba-42bd-b1f5-1a847d21eaf0 at term 1 for becomeLeader, leader elected after 10681ms
2019-09-26 10:47:23,701 [07700029-8fba-42bd-b1f5-1a847d21eaf0@group-F5520A7A3233:LeaderElection105] INFO  server.RaftServerConfigKeys (ConfUtils.java:logGet(43)) - raft.server.staging.catchup.gap = 1000 (default)
2019-09-26 10:47:23,703 [07700029-8fba-42bd-b1f5-1a847d21eaf0@group-F5520A7A3233:LeaderElection105] INFO  server.RaftServerConfigKeys (ConfUtils.java:logGet(43)) - raft.server.rpc.sleep.time = 25ms (default)
2019-09-26 10:47:23,704 [07700029-8fba-42bd-b1f5-1a847d21eaf0@group-F5520A7A3233:LeaderElection105] INFO  server.RaftServerConfigKeys (ConfUtils.java:logGet(43)) - raft.server.write.element-limit = 4096 (default)
2019-09-26 10:47:23,704 [07700029-8fba-42bd-b1f5-1a847d21eaf0@group-F5520A7A3233:LeaderElection105] INFO  server.RaftServerConfigKeys (ConfUtils.java:logGet(43)) - raft.server.watch.timeout = 10s (default)
2019-09-26 10:47:23,704 [07700029-8fba-42bd-b1f5-1a847d21eaf0@group-F5520A7A3233:LeaderElection105] INFO  server.RaftServerConfigKeys (ConfUtils.java:logGet(43)) - raft.server.watch.timeout.denomination = 1s (default)
2019-09-26 10:47:23,704 [07700029-8fba-42bd-b1f5-1a847d21eaf0@group-F5520A7A3233:LeaderElection105] INFO  server.RaftServerConfigKeys (ConfUtils.java:logGet(43)) - raft.server.watch.element-limit = 65536 (default)
2019-09-26 10:47:23,706 [07700029-8fba-42bd-b1f5-1a847d21eaf0@group-F5520A7A3233:LeaderElection105] INFO  impl.RoleInfo (RoleInfo.java:updateAndGet(143)) - 07700029-8fba-42bd-b1f5-1a847d21eaf0: start LeaderState
2019-09-26 10:47:23,707 [07700029-8fba-42bd-b1f5-1a847d21eaf0@group-F5520A7A3233:LeaderElection105] INFO  segmented.SegmentedRaftLogWorker (SegmentedRaftLogWorker.java:startLogSegment(380)) - 07700029-8fba-42bd-b1f5-1a847d21eaf0@group-F5520A7A3233-SegmentedRaftLogWorker: Starting segment from index:0
2019-09-26 10:47:23,707 [07700029-8fba-42bd-b1f5-1a847d21eaf0@group-F5520A7A3233:LeaderElection105] INFO  impl.RaftServerImpl (ServerState.java:setRaftConf(354)) - 07700029-8fba-42bd-b1f5-1a847d21eaf0@group-F5520A7A3233: set configuration 0: [07700029-8fba-42bd-b1f5-1a847d21eaf0:192.168.30.13:37310], old=null at 0
2019-09-26 10:47:23,728 [07700029-8fba-42bd-b1f5-1a847d21eaf0@group-B677AB257141:LeaderElection106] INFO  impl.LeaderElection (LeaderElection.java:askForVotes(182)) - 07700029-8fba-42bd-b1f5-1a847d21eaf0@group-B677AB257141:LeaderElection106: begin an election at term 1 for -1: [07700029-8fba-42bd-b1f5-1a847d21eaf0:192.168.30.13:37310], old=null
2019-09-26 10:47:23,728 [07700029-8fba-42bd-b1f5-1a847d21eaf0@group-B677AB257141:LeaderElection106] INFO  impl.RoleInfo (RoleInfo.java:shutdownLeaderElection(134)) - 07700029-8fba-42bd-b1f5-1a847d21eaf0: shutdown LeaderElection
2019-09-26 10:47:23,729 [07700029-8fba-42bd-b1f5-1a847d21eaf0@group-B677AB257141:LeaderElection106] INFO  impl.RaftServerImpl (RaftServerImpl.java:setRole(174)) - 07700029-8fba-42bd-b1f5-1a847d21eaf0@group-B677AB257141: changes role from CANDIDATE to LEADER at term 1 for changeToLeader
2019-09-26 10:47:23,729 [07700029-8fba-42bd-b1f5-1a847d21eaf0@group-B677AB257141:LeaderElection106] INFO  impl.RaftServerImpl (ServerState.java:setLeader(253)) - 07700029-8fba-42bd-b1f5-1a847d21eaf0@group-B677AB257141: change Leader from null to 07700029-8fba-42bd-b1f5-1a847d21eaf0 at term 1 for becomeLeader, leader elected after 10751ms
2019-09-26 10:47:23,729 [07700029-8fba-42bd-b1f5-1a847d21eaf0@group-B677AB257141:LeaderElection106] INFO  server.RaftServerConfigKeys (ConfUtils.java:logGet(43)) - raft.server.staging.catchup.gap = 1000 (default)
2019-09-26 10:47:23,729 [07700029-8fba-42bd-b1f5-1a847d21eaf0@group-B677AB257141:LeaderElection106] INFO  server.RaftServerConfigKeys (ConfUtils.java:logGet(43)) - raft.server.rpc.sleep.time = 25ms (default)
2019-09-26 10:47:23,729 [07700029-8fba-42bd-b1f5-1a847d21eaf0@group-B677AB257141:LeaderElection106] INFO  server.RaftServerConfigKeys (ConfUtils.java:logGet(43)) - raft.server.write.element-limit = 4096 (default)
2019-09-26 10:47:23,729 [07700029-8fba-42bd-b1f5-1a847d21eaf0@group-B677AB257141:LeaderElection106] INFO  server.RaftServerConfigKeys (ConfUtils.java:logGet(43)) - raft.server.watch.timeout = 10s (default)
2019-09-26 10:47:23,730 [07700029-8fba-42bd-b1f5-1a847d21eaf0@group-B677AB257141:LeaderElection106] INFO  server.RaftServerConfigKeys (ConfUtils.java:logGet(43)) - raft.server.watch.timeout.denomination = 1s (default)
2019-09-26 10:47:23,730 [07700029-8fba-42bd-b1f5-1a847d21eaf0@group-B677AB257141:LeaderElection106] INFO  server.RaftServerConfigKeys (ConfUtils.java:logGet(43)) - raft.server.watch.element-limit = 65536 (default)
2019-09-26 10:47:23,731 [07700029-8fba-42bd-b1f5-1a847d21eaf0@group-B677AB257141:LeaderElection106] INFO  impl.RoleInfo (RoleInfo.java:updateAndGet(143)) - 07700029-8fba-42bd-b1f5-1a847d21eaf0: start LeaderState
2019-09-26 10:47:23,732 [07700029-8fba-42bd-b1f5-1a847d21eaf0@group-B677AB257141:LeaderElection106] INFO  segmented.SegmentedRaftLogWorker (SegmentedRaftLogWorker.java:startLogSegment(380)) - 07700029-8fba-42bd-b1f5-1a847d21eaf0@group-B677AB257141-SegmentedRaftLogWorker: Starting segment from index:0
2019-09-26 10:47:23,732 [07700029-8fba-42bd-b1f5-1a847d21eaf0@group-B677AB257141:LeaderElection106] INFO  impl.RaftServerImpl (ServerState.java:setRaftConf(354)) - 07700029-8fba-42bd-b1f5-1a847d21eaf0@group-B677AB257141: set configuration 0: [07700029-8fba-42bd-b1f5-1a847d21eaf0:192.168.30.13:37310], old=null at 0
2019-09-26 10:47:23,759 [07700029-8fba-42bd-b1f5-1a847d21eaf0@group-F5520A7A3233-SegmentedRaftLogWorker] INFO  segmented.SegmentedRaftLogWorker (SegmentedRaftLogWorker.java:execute(569)) - 07700029-8fba-42bd-b1f5-1a847d21eaf0@group-F5520A7A3233-SegmentedRaftLogWorker: created new log segment /workdir/hadoop-ozone/ozonefs/target/test-dir/MiniOzoneClusterImpl-23841092-02d4-48e3-9aa2-56bb3a45a661/datanode-2/data/ratis/c1af0d89-7e4c-4e7c-ad1e-f5520a7a3233/current/log_inprogress_0
2019-09-26 10:47:23,783 [07700029-8fba-42bd-b1f5-1a847d21eaf0@group-B677AB257141-SegmentedRaftLogWorker] INFO  segmented.SegmentedRaftLogWorker (SegmentedRaftLogWorker.java:execute(569)) - 07700029-8fba-42bd-b1f5-1a847d21eaf0@group-B677AB257141-SegmentedRaftLogWorker: created new log segment /workdir/hadoop-ozone/ozonefs/target/test-dir/MiniOzoneClusterImpl-23841092-02d4-48e3-9aa2-56bb3a45a661/datanode-2/data/ratis/cde67ada-00d1-4225-b4df-b677ab257141/current/log_inprogress_0
2019-09-26 10:47:24,046 [main] INFO  ozoneimpl.OzoneContainer (OzoneContainer.java:stop(231)) - Attempting to stop container services.
2019-09-26 10:47:24,047 [main] INFO  impl.RaftServerProxy (RaftServerProxy.java:lambda$close$4(314)) - 07700029-8fba-42bd-b1f5-1a847d21eaf0: close
2019-09-26 10:47:24,048 [main] INFO  impl.RaftServerImpl (RaftServerImpl.java:lambda$shutdown$3(251)) - 07700029-8fba-42bd-b1f5-1a847d21eaf0@group-B677AB257141: shutdown
2019-09-26 10:47:24,048 [ForkJoinPool.commonPool-worker-0] INFO  impl.RaftServerImpl (RaftServerImpl.java:lambda$shutdown$3(251)) - 07700029-8fba-42bd-b1f5-1a847d21eaf0@group-17CD087E6000: shutdown
2019-09-26 10:47:24,049 [main] INFO  util.JmxRegister (JmxRegister.java:unregister(73)) - Successfully un-registered JMX Bean with object name Ratis:service=RaftServer,group=group-B677AB257141,id=07700029-8fba-42bd-b1f5-1a847d21eaf0
2019-09-26 10:47:24,049 [ForkJoinPool.commonPool-worker-0] INFO  util.JmxRegister (JmxRegister.java:unregister(73)) - Successfully un-registered JMX Bean with object name Ratis:service=RaftServer,group=group-17CD087E6000,id=07700029-8fba-42bd-b1f5-1a847d21eaf0
2019-09-26 10:47:24,053 [ForkJoinPool.commonPool-worker-0] INFO  impl.RoleInfo (RoleInfo.java:shutdownLeaderState(104)) - 07700029-8fba-42bd-b1f5-1a847d21eaf0: shutdown LeaderState
2019-09-26 10:47:24,049 [main] INFO  impl.RoleInfo (RoleInfo.java:shutdownLeaderState(104)) - 07700029-8fba-42bd-b1f5-1a847d21eaf0: shutdown LeaderState
2019-09-26 10:47:24,053 [ForkJoinPool.commonPool-worker-0] INFO  impl.PendingRequests (PendingRequests.java:sendNotLeaderResponses(202)) - 07700029-8fba-42bd-b1f5-1a847d21eaf0-PendingRequests: sendNotLeaderResponses
2019-09-26 10:47:24,054 [main] INFO  impl.PendingRequests (PendingRequests.java:sendNotLeaderResponses(202)) - 07700029-8fba-42bd-b1f5-1a847d21eaf0-PendingRequests: sendNotLeaderResponses
2019-09-26 10:47:24,054 [ForkJoinPool.commonPool-worker-0] INFO  impl.StateMachineUpdater (StateMachineUpdater.java:stopAndJoin(125)) - 07700029-8fba-42bd-b1f5-1a847d21eaf0@group-17CD087E6000-StateMachineUpdater: set stopIndex = 0
2019-09-26 10:47:24,055 [main] INFO  impl.StateMachineUpdater (StateMachineUpdater.java:stopAndJoin(125)) - 07700029-8fba-42bd-b1f5-1a847d21eaf0@group-B677AB257141-StateMachineUpdater: set stopIndex = 0
2019-09-26 10:47:24,055 [main] INFO  impl.RaftServerImpl (ServerState.java:close(385)) - 07700029-8fba-42bd-b1f5-1a847d21eaf0@group-B677AB257141: closes. applyIndex: 0
2019-09-26 10:47:24,055 [ForkJoinPool.commonPool-worker-0] INFO  impl.RaftServerImpl (ServerState.java:close(385)) - 07700029-8fba-42bd-b1f5-1a847d21eaf0@group-17CD087E6000: closes. applyIndex: 0
2019-09-26 10:47:24,056 [07700029-8fba-42bd-b1f5-1a847d21eaf0@group-B677AB257141-SegmentedRaftLogWorker] INFO  segmented.SegmentedRaftLogWorker (SegmentedRaftLogWorker.java:run(313)) - 07700029-8fba-42bd-b1f5-1a847d21eaf0@group-B677AB257141-SegmentedRaftLogWorker was interrupted, exiting. There are 0 tasks remaining in the queue.
2019-09-26 10:47:24,056 [07700029-8fba-42bd-b1f5-1a847d21eaf0@group-17CD087E6000-SegmentedRaftLogWorker] INFO  segmented.SegmentedRaftLogWorker (SegmentedRaftLogWorker.java:run(313)) - 07700029-8fba-42bd-b1f5-1a847d21eaf0@group-17CD087E6000-SegmentedRaftLogWorker was interrupted, exiting. There are 0 tasks remaining in the queue.
2019-09-26 10:47:24,056 [main] INFO  segmented.SegmentedRaftLogWorker (SegmentedRaftLogWorker.java:close(228)) - 07700029-8fba-42bd-b1f5-1a847d21eaf0@group-B677AB257141-SegmentedRaftLogWorker close()
2019-09-26 10:47:24,057 [ForkJoinPool.commonPool-worker-0] INFO  segmented.SegmentedRaftLogWorker (SegmentedRaftLogWorker.java:close(228)) - 07700029-8fba-42bd-b1f5-1a847d21eaf0@group-17CD087E6000-SegmentedRaftLogWorker close()
2019-09-26 10:47:24,059 [main] INFO  impl.RaftServerImpl (RaftServerImpl.java:lambda$shutdown$3(251)) - 07700029-8fba-42bd-b1f5-1a847d21eaf0@group-5FD772D061E4: shutdown
2019-09-26 10:47:24,061 [ForkJoinPool.commonPool-worker-0] INFO  impl.RaftServerImpl (RaftServerImpl.java:lambda$shutdown$3(251)) - 07700029-8fba-42bd-b1f5-1a847d21eaf0@group-F5520A7A3233: shutdown
2019-09-26 10:47:24,061 [main] INFO  util.JmxRegister (JmxRegister.java:unregister(73)) - Successfully un-registered JMX Bean with object name Ratis:service=RaftServer,group=group-5FD772D061E4,id=07700029-8fba-42bd-b1f5-1a847d21eaf0
2019-09-26 10:47:24,062 [main] INFO  impl.RoleInfo (RoleInfo.java:shutdownLeaderState(104)) - 07700029-8fba-42bd-b1f5-1a847d21eaf0: shutdown LeaderState
2019-09-26 10:47:24,061 [ForkJoinPool.commonPool-worker-0] INFO  util.JmxRegister (JmxRegister.java:unregister(73)) - Successfully un-registered JMX Bean with object name Ratis:service=RaftServer,group=group-F5520A7A3233,id=07700029-8fba-42bd-b1f5-1a847d21eaf0
2019-09-26 10:47:24,062 [main] INFO  impl.PendingRequests (PendingRequests.java:sendNotLeaderResponses(202)) - 07700029-8fba-42bd-b1f5-1a847d21eaf0-PendingRequests: sendNotLeaderResponses
2019-09-26 10:47:24,063 [ForkJoinPool.commonPool-worker-0] INFO  impl.RoleInfo (RoleInfo.java:shutdownLeaderState(104)) - 07700029-8fba-42bd-b1f5-1a847d21eaf0: shutdown LeaderState
2019-09-26 10:47:24,063 [main] INFO  impl.StateMachineUpdater (StateMachineUpdater.java:stopAndJoin(125)) - 07700029-8fba-42bd-b1f5-1a847d21eaf0@group-5FD772D061E4-StateMachineUpdater: set stopIndex = 0
2019-09-26 10:47:24,063 [ForkJoinPool.commonPool-worker-0] INFO  impl.PendingRequests (PendingRequests.java:sendNotLeaderResponses(202)) - 07700029-8fba-42bd-b1f5-1a847d21eaf0-PendingRequests: sendNotLeaderResponses
2019-09-26 10:47:24,064 [main] INFO  impl.RaftServerImpl (ServerState.java:close(385)) - 07700029-8fba-42bd-b1f5-1a847d21eaf0@group-5FD772D061E4: closes. applyIndex: 0
2019-09-26 10:47:24,064 [ForkJoinPool.commonPool-worker-0] INFO  impl.StateMachineUpdater (StateMachineUpdater.java:stopAndJoin(125)) - 07700029-8fba-42bd-b1f5-1a847d21eaf0@group-F5520A7A3233-StateMachineUpdater: set stopIndex = 0
2019-09-26 10:47:24,064 [07700029-8fba-42bd-b1f5-1a847d21eaf0@group-5FD772D061E4-SegmentedRaftLogWorker] INFO  segmented.SegmentedRaftLogWorker (SegmentedRaftLogWorker.java:run(313)) - 07700029-8fba-42bd-b1f5-1a847d21eaf0@group-5FD772D061E4-SegmentedRaftLogWorker was interrupted, exiting. There are 0 tasks remaining in the queue.
2019-09-26 10:47:24,064 [ForkJoinPool.commonPool-worker-0] INFO  impl.RaftServerImpl (ServerState.java:close(385)) - 07700029-8fba-42bd-b1f5-1a847d21eaf0@group-F5520A7A3233: closes. applyIndex: 0
2019-09-26 10:47:24,065 [main] INFO  segmented.SegmentedRaftLogWorker (SegmentedRaftLogWorker.java:close(228)) - 07700029-8fba-42bd-b1f5-1a847d21eaf0@group-5FD772D061E4-SegmentedRaftLogWorker close()
2019-09-26 10:47:24,065 [07700029-8fba-42bd-b1f5-1a847d21eaf0@group-F5520A7A3233-SegmentedRaftLogWorker] INFO  segmented.SegmentedRaftLogWorker (SegmentedRaftLogWorker.java:run(313)) - 07700029-8fba-42bd-b1f5-1a847d21eaf0@group-F5520A7A3233-SegmentedRaftLogWorker was interrupted, exiting. There are 0 tasks remaining in the queue.
2019-09-26 10:47:24,067 [main] INFO  impl.RaftServerImpl (RaftServerImpl.java:lambda$shutdown$3(251)) - 07700029-8fba-42bd-b1f5-1a847d21eaf0@group-0A6E5A3CAB1F: shutdown
2019-09-26 10:47:24,067 [ForkJoinPool.commonPool-worker-0] INFO  segmented.SegmentedRaftLogWorker (SegmentedRaftLogWorker.java:close(228)) - 07700029-8fba-42bd-b1f5-1a847d21eaf0@group-F5520A7A3233-SegmentedRaftLogWorker close()
2019-09-26 10:47:24,068 [main] INFO  util.JmxRegister (JmxRegister.java:unregister(73)) - Successfully un-registered JMX Bean with object name Ratis:service=RaftServer,group=group-0A6E5A3CAB1F,id=07700029-8fba-42bd-b1f5-1a847d21eaf0
2019-09-26 10:47:24,070 [main] INFO  impl.RoleInfo (RoleInfo.java:shutdownLeaderState(104)) - 07700029-8fba-42bd-b1f5-1a847d21eaf0: shutdown LeaderState
2019-09-26 10:47:24,070 [main] INFO  impl.PendingRequests (PendingRequests.java:sendNotLeaderResponses(202)) - 07700029-8fba-42bd-b1f5-1a847d21eaf0-PendingRequests: sendNotLeaderResponses
2019-09-26 10:47:24,071 [main] INFO  impl.StateMachineUpdater (StateMachineUpdater.java:stopAndJoin(125)) - 07700029-8fba-42bd-b1f5-1a847d21eaf0@group-0A6E5A3CAB1F-StateMachineUpdater: set stopIndex = 0
2019-09-26 10:47:24,071 [main] INFO  impl.RaftServerImpl (ServerState.java:close(385)) - 07700029-8fba-42bd-b1f5-1a847d21eaf0@group-0A6E5A3CAB1F: closes. applyIndex: 0
2019-09-26 10:47:24,072 [07700029-8fba-42bd-b1f5-1a847d21eaf0@group-0A6E5A3CAB1F-SegmentedRaftLogWorker] INFO  segmented.SegmentedRaftLogWorker (SegmentedRaftLogWorker.java:run(313)) - 07700029-8fba-42bd-b1f5-1a847d21eaf0@group-0A6E5A3CAB1F-SegmentedRaftLogWorker was interrupted, exiting. There are 0 tasks remaining in the queue.
2019-09-26 10:47:24,072 [main] INFO  segmented.SegmentedRaftLogWorker (SegmentedRaftLogWorker.java:close(228)) - 07700029-8fba-42bd-b1f5-1a847d21eaf0@group-0A6E5A3CAB1F-SegmentedRaftLogWorker close()
2019-09-26 10:47:24,074 [main] INFO  impl.RaftServerImpl (RaftServerImpl.java:lambda$shutdown$3(251)) - 07700029-8fba-42bd-b1f5-1a847d21eaf0@group-FD67E40E9680: shutdown
2019-09-26 10:47:24,075 [main] INFO  util.JmxRegister (JmxRegister.java:unregister(73)) - Successfully un-registered JMX Bean with object name Ratis:service=RaftServer,group=group-FD67E40E9680,id=07700029-8fba-42bd-b1f5-1a847d21eaf0
2019-09-26 10:47:24,075 [main] INFO  impl.RoleInfo (RoleInfo.java:shutdownLeaderState(104)) - 07700029-8fba-42bd-b1f5-1a847d21eaf0: shutdown LeaderState
2019-09-26 10:47:24,076 [main] INFO  impl.PendingRequests (PendingRequests.java:sendNotLeaderResponses(202)) - 07700029-8fba-42bd-b1f5-1a847d21eaf0-PendingRequests: sendNotLeaderResponses
2019-09-26 10:47:24,076 [main] INFO  impl.StateMachineUpdater (StateMachineUpdater.java:stopAndJoin(125)) - 07700029-8fba-42bd-b1f5-1a847d21eaf0@group-FD67E40E9680-StateMachineUpdater: set stopIndex = 0
2019-09-26 10:47:24,077 [main] INFO  impl.RaftServerImpl (ServerState.java:close(385)) - 07700029-8fba-42bd-b1f5-1a847d21eaf0@group-FD67E40E9680: closes. applyIndex: 0
2019-09-26 10:47:24,077 [07700029-8fba-42bd-b1f5-1a847d21eaf0@group-FD67E40E9680-SegmentedRaftLogWorker] INFO  segmented.SegmentedRaftLogWorker (SegmentedRaftLogWorker.java:run(313)) - 07700029-8fba-42bd-b1f5-1a847d21eaf0@group-FD67E40E9680-SegmentedRaftLogWorker was interrupted, exiting. There are 0 tasks remaining in the queue.
2019-09-26 10:47:24,078 [main] INFO  segmented.SegmentedRaftLogWorker (SegmentedRaftLogWorker.java:close(228)) - 07700029-8fba-42bd-b1f5-1a847d21eaf0@group-FD67E40E9680-SegmentedRaftLogWorker close()
2019-09-26 10:47:24,080 [main] INFO  server.GrpcService (GrpcService.java:closeImpl(164)) - 07700029-8fba-42bd-b1f5-1a847d21eaf0: shutdown server with port 37310 now
2019-09-26 10:47:24,082 [main] INFO  server.GrpcService (GrpcService.java:closeImpl(172)) - 07700029-8fba-42bd-b1f5-1a847d21eaf0: shutdown server with port 37310 successfully
2019-09-26 10:47:24,085 [refreshUsed-/workdir/hadoop-ozone/ozonefs/target/test-dir/MiniOzoneClusterImpl-23841092-02d4-48e3-9aa2-56bb3a45a661/datanode-2/data/containers] WARN  fs.CachingGetSpaceUsed (CachingGetSpaceUsed.java:run(183)) - Thread Interrupted waiting to refresh disk information: sleep interrupted
2019-09-26 10:47:24,110 [main] INFO  utils.BackgroundService (BackgroundService.java:shutdown(148)) - Shutting down service BlockDeletingService
2019-09-26 10:47:24,115 [main] INFO  statemachine.DatanodeStateMachine (DatanodeStateMachine.java:stopDaemon(395)) - Ozone container server stopped.
2019-09-26 10:47:24,117 [main] INFO  handler.ContextHandler (ContextHandler.java:doStop(910)) - Stopped o.e.j.w.WebAppContext@682e422c{/,null,UNAVAILABLE}{/hddsDatanode}
2019-09-26 10:47:24,117 [main] INFO  server.AbstractConnector (AbstractConnector.java:doStop(318)) - Stopped ServerConnector@5bb8e6fc{HTTP/1.1,[http/1.1]}{0.0.0.0:0}
2019-09-26 10:47:24,118 [main] INFO  handler.ContextHandler (ContextHandler.java:doStop(910)) - Stopped o.e.j.s.ServletContextHandler@2b999ee8{/static,jar:file:/home/user/.m2/repository/org/apache/hadoop/hadoop-hdds-container-service/0.5.0-SNAPSHOT/hadoop-hdds-container-service-0.5.0-SNAPSHOT.jar!/webapps/static,UNAVAILABLE}
2019-09-26 10:47:24,118 [main] INFO  handler.ContextHandler (ContextHandler.java:doStop(910)) - Stopped o.e.j.s.ServletContextHandler@3e14d390{/logs,file:///workdir/hadoop-ozone/ozonefs/target/log,UNAVAILABLE}
2019-09-26 10:47:24,119 [main] INFO  ozone.MiniOzoneClusterImpl (MiniOzoneClusterImpl.java:stopSCM(392)) - Stopping the StorageContainerManager
2019-09-26 10:47:24,119 [main] INFO  server.StorageContainerManager (StorageContainerManager.java:stop(808)) - Stopping Replication Manager Service.
2019-09-26 10:47:24,120 [main] INFO  container.ReplicationManager (ReplicationManager.java:stop(204)) - Stopping Replication Monitor Thread.
2019-09-26 10:47:24,120 [main] INFO  server.StorageContainerManager (StorageContainerManager.java:stop(815)) - Stopping Lease Manager of the command watchers
2019-09-26 10:47:24,120 [main] INFO  server.StorageContainerManager (StorageContainerManager.java:stop(822)) - Stopping datanode service RPC server
2019-09-26 10:47:24,120 [main] INFO  server.SCMDatanodeProtocolServer (SCMDatanodeProtocolServer.java:stop(367)) - Stopping the RPC server for DataNodes
2019-09-26 10:47:24,122 [main] INFO  ipc.Server (Server.java:stop(3082)) - Stopping server on 44288
2019-09-26 10:47:24,127 [IPC Server listener on 44288] INFO  ipc.Server (Server.java:run(1185)) - Stopping IPC Server listener on 44288
2019-09-26 10:47:24,129 [IPC Server Responder] INFO  ipc.Server (Server.java:run(1319)) - Stopping IPC Server Responder
2019-09-26 10:47:24,161 [SCM Heartbeat Processing Thread - 0] WARN  node.NodeStateManager (NodeStateManager.java:scheduleNextHealthCheck(655)) - Current Thread is interrupted, shutting down HB processing thread for Node Manager.
2019-09-26 10:47:24,161 [main] INFO  server.StorageContainerManager (StorageContainerManager.java:stop(830)) - Stopping block service RPC server
2019-09-26 10:47:24,162 [main] INFO  server.SCMBlockProtocolServer (SCMBlockProtocolServer.java:stop(155)) - Stopping the RPC server for Block Protocol
2019-09-26 10:47:24,162 [main] INFO  ipc.Server (Server.java:stop(3082)) - Stopping server on 43778
2019-09-26 10:47:24,171 [main] INFO  server.StorageContainerManager (StorageContainerManager.java:stop(837)) - Stopping the StorageContainerLocationProtocol RPC server
2019-09-26 10:47:24,171 [IPC Server listener on 43778] INFO  ipc.Server (Server.java:run(1185)) - Stopping IPC Server listener on 43778
2019-09-26 10:47:24,171 [main] INFO  server.SCMClientProtocolServer (SCMClientProtocolServer.java:stop(159)) - Stopping the RPC server for Client Protocol
2019-09-26 10:47:24,173 [main] INFO  ipc.Server (Server.java:stop(3082)) - Stopping server on 36902
2019-09-26 10:47:24,171 [IPC Server Responder] INFO  ipc.Server (Server.java:run(1319)) - Stopping IPC Server Responder
2019-09-26 10:47:24,177 [IPC Server listener on 36902] INFO  ipc.Server (Server.java:run(1185)) - Stopping IPC Server listener on 36902
2019-09-26 10:47:24,177 [main] INFO  server.StorageContainerManager (StorageContainerManager.java:stop(844)) - Stopping Storage Container Manager HTTP server.
2019-09-26 10:47:24,178 [IPC Server Responder] INFO  ipc.Server (Server.java:run(1319)) - Stopping IPC Server Responder
2019-09-26 10:47:24,180 [main] INFO  handler.ContextHandler (ContextHandler.java:doStop(910)) - Stopped o.e.j.w.WebAppContext@1ee5632d{/,null,UNAVAILABLE}{/scm}
2019-09-26 10:47:24,181 [main] INFO  server.AbstractConnector (AbstractConnector.java:doStop(318)) - Stopped ServerConnector@52a7928a{HTTP/1.1,[http/1.1]}{0.0.0.0:0}
2019-09-26 10:47:24,182 [main] INFO  handler.ContextHandler (ContextHandler.java:doStop(910)) - Stopped o.e.j.s.ServletContextHandler@a2b54e3{/static,jar:file:/home/user/.m2/repository/org/apache/hadoop/hadoop-hdds-server-scm/0.5.0-SNAPSHOT/hadoop-hdds-server-scm-0.5.0-SNAPSHOT.jar!/webapps/static,UNAVAILABLE}
2019-09-26 10:47:24,182 [main] INFO  handler.ContextHandler (ContextHandler.java:doStop(910)) - Stopped o.e.j.s.ServletContextHandler@4fb64e14{/logs,file:///workdir/hadoop-ozone/ozonefs/target/log,UNAVAILABLE}
2019-09-26 10:47:24,183 [main] INFO  server.StorageContainerManager (StorageContainerManager.java:stop(855)) - Stopping Block Manager Service.
2019-09-26 10:47:24,184 [main] INFO  utils.BackgroundService (BackgroundService.java:shutdown(148)) - Shutting down service SCMBlockDeletingService
2019-09-26 10:47:24,184 [main] INFO  utils.BackgroundService (BackgroundService.java:shutdown(148)) - Shutting down service SCMBlockDeletingService
2019-09-26 10:47:24,185 [main] INFO  server.StorageContainerManager (StorageContainerManager.java:stop(877)) - Stopping SCM Event Queue.
2019-09-26 10:47:24,188 [main] INFO  impl.MetricsSystemImpl (MetricsSystemImpl.java:stop(210)) - Stopping HddsDatanode metrics system...
2019-09-26 10:47:24,196 [main] INFO  impl.MetricsSystemImpl (MetricsSystemImpl.java:stop(216)) - HddsDatanode metrics system stopped.
]]></system-out>
  </testcase>
  <testcase name="testOzoneManagerFileSystemInterface[1]" classname="org.apache.hadoop.fs.ozone.TestOzoneFileInterfaces" time="17.184"/>
  <testcase name="testListStatus[1]" classname="org.apache.hadoop.fs.ozone.TestOzoneFileInterfaces" time="16.101"/>
  <testcase name="testDirectory[1]" classname="org.apache.hadoop.fs.ozone.TestOzoneFileInterfaces" time="17.781"/>
  <testcase name="testPathToKey[1]" classname="org.apache.hadoop.fs.ozone.TestOzoneFileInterfaces" time="17.21"/>
  <testcase name="testFileSystemInit[1]" classname="org.apache.hadoop.fs.ozone.TestOzoneFileInterfaces" time="17.197"/>
  <testcase name="testOzFsReadWrite[1]" classname="org.apache.hadoop.fs.ozone.TestOzoneFileInterfaces" time="17.402">
    <error message="Allocated 0 blocks. Requested 1 blocks" type="INTERNAL_ERROR org.apache.hadoop.ozone.om.exceptions.OMException">INTERNAL_ERROR org.apache.hadoop.ozone.om.exceptions.OMException: Allocated 0 blocks. Requested 1 blocks
	at org.apache.hadoop.ozone.om.protocolPB.OzoneManagerProtocolClientSideTranslatorPB.handleError(OzoneManagerProtocolClientSideTranslatorPB.java:732)
	at org.apache.hadoop.ozone.om.protocolPB.OzoneManagerProtocolClientSideTranslatorPB.createFile(OzoneManagerProtocolClientSideTranslatorPB.java:1536)
	at sun.reflect.NativeMethodAccessorImpl.invoke0(Native Method)
	at sun.reflect.NativeMethodAccessorImpl.invoke(NativeMethodAccessorImpl.java:62)
	at sun.reflect.DelegatingMethodAccessorImpl.invoke(DelegatingMethodAccessorImpl.java:43)
	at java.lang.reflect.Method.invoke(Method.java:498)
	at org.apache.hadoop.hdds.tracing.TraceAllMethod.invoke(TraceAllMethod.java:66)
	at com.sun.proxy.$Proxy39.createFile(Unknown Source)
	at org.apache.hadoop.ozone.client.rpc.RpcClient.createFile(RpcClient.java:1006)
	at org.apache.hadoop.ozone.client.OzoneBucket.createFile(OzoneBucket.java:537)
	at org.apache.hadoop.fs.ozone.BasicOzoneClientAdapterImpl.createFile(BasicOzoneClientAdapterImpl.java:205)
	at org.apache.hadoop.fs.ozone.BasicOzoneFileSystem.createOutputStream(BasicOzoneFileSystem.java:250)
	at org.apache.hadoop.fs.ozone.BasicOzoneFileSystem.create(BasicOzoneFileSystem.java:231)
	at org.apache.hadoop.fs.FileSystem.create(FileSystem.java:1118)
	at org.apache.hadoop.fs.FileSystem.create(FileSystem.java:1098)
	at org.apache.hadoop.fs.FileSystem.create(FileSystem.java:987)
	at org.apache.hadoop.fs.FileSystem.create(FileSystem.java:975)
	at org.apache.hadoop.fs.ozone.TestOzoneFileInterfaces.testOzFsReadWrite(TestOzoneFileInterfaces.java:169)
	at sun.reflect.NativeMethodAccessorImpl.invoke0(Native Method)
	at sun.reflect.NativeMethodAccessorImpl.invoke(NativeMethodAccessorImpl.java:62)
	at sun.reflect.DelegatingMethodAccessorImpl.invoke(DelegatingMethodAccessorImpl.java:43)
	at java.lang.reflect.Method.invoke(Method.java:498)
	at org.junit.runners.model.FrameworkMethod$1.runReflectiveCall(FrameworkMethod.java:47)
	at org.junit.internal.runners.model.ReflectiveCallable.run(ReflectiveCallable.java:12)
	at org.junit.runners.model.FrameworkMethod.invokeExplosively(FrameworkMethod.java:44)
	at org.junit.internal.runners.statements.InvokeMethod.evaluate(InvokeMethod.java:17)
	at org.junit.internal.runners.statements.RunBefores.evaluate(RunBefores.java:26)
	at org.junit.internal.runners.statements.RunAfters.evaluate(RunAfters.java:27)
	at org.junit.runners.ParentRunner.runLeaf(ParentRunner.java:271)
	at org.junit.runners.BlockJUnit4ClassRunner.runChild(BlockJUnit4ClassRunner.java:70)
	at org.junit.runners.BlockJUnit4ClassRunner.runChild(BlockJUnit4ClassRunner.java:50)
	at org.junit.runners.ParentRunner$3.run(ParentRunner.java:238)
	at org.junit.runners.ParentRunner$1.schedule(ParentRunner.java:63)
	at org.junit.runners.ParentRunner.runChildren(ParentRunner.java:236)
	at org.junit.runners.ParentRunner.access$000(ParentRunner.java:53)
	at org.junit.runners.ParentRunner$2.evaluate(ParentRunner.java:229)
	at org.junit.runners.ParentRunner.run(ParentRunner.java:309)
	at org.junit.runners.Suite.runChild(Suite.java:127)
	at org.junit.runners.Suite.runChild(Suite.java:26)
	at org.junit.runners.ParentRunner$3.run(ParentRunner.java:238)
	at org.junit.runners.ParentRunner$1.schedule(ParentRunner.java:63)
	at org.junit.runners.ParentRunner.runChildren(ParentRunner.java:236)
	at org.junit.runners.ParentRunner.access$000(ParentRunner.java:53)
	at org.junit.runners.ParentRunner$2.evaluate(ParentRunner.java:229)
	at org.junit.runners.ParentRunner.run(ParentRunner.java:309)
	at org.apache.maven.surefire.junit4.JUnit4Provider.execute(JUnit4Provider.java:365)
	at org.apache.maven.surefire.junit4.JUnit4Provider.executeWithRerun(JUnit4Provider.java:273)
	at org.apache.maven.surefire.junit4.JUnit4Provider.executeTestSet(JUnit4Provider.java:238)
	at org.apache.maven.surefire.junit4.JUnit4Provider.invoke(JUnit4Provider.java:159)
	at org.apache.maven.surefire.booter.ForkedBooter.invokeProviderInSameClassLoader(ForkedBooter.java:384)
	at org.apache.maven.surefire.booter.ForkedBooter.runSuitesInProcess(ForkedBooter.java:345)
	at org.apache.maven.surefire.booter.ForkedBooter.execute(ForkedBooter.java:126)
	at org.apache.maven.surefire.booter.ForkedBooter.main(ForkedBooter.java:418)
</error>
    <system-out><![CDATA[2019-09-26 10:48:49,724 [main] WARN  server.ServerUtils (ServerUtils.java:getScmDbDir(145)) - ozone.scm.db.dirs is not configured. We recommend adding this setting. Falling back to ozone.metadata.dirs instead.
2019-09-26 10:48:49,738 [main] WARN  server.ServerUtils (ServerUtils.java:getScmDbDir(145)) - ozone.scm.db.dirs is not configured. We recommend adding this setting. Falling back to ozone.metadata.dirs instead.
2019-09-26 10:48:49,739 [main] WARN  server.ServerUtils (ServerUtils.java:getScmDbDir(145)) - ozone.scm.db.dirs is not configured. We recommend adding this setting. Falling back to ozone.metadata.dirs instead.
2019-09-26 10:48:49,739 [main] INFO  db.DBStoreBuilder (DBStoreBuilder.java:addTable(110)) - using custom profile for table: deletedBlocks
2019-09-26 10:48:49,739 [main] INFO  db.DBStoreBuilder (DBStoreBuilder.java:processTables(161)) - Using default column profile:DBProfile.DISK for Table:deletedBlocks
2019-09-26 10:48:49,740 [main] INFO  db.DBStoreBuilder (DBStoreBuilder.java:addTable(110)) - using custom profile for table: validCerts
2019-09-26 10:48:49,740 [main] INFO  db.DBStoreBuilder (DBStoreBuilder.java:processTables(161)) - Using default column profile:DBProfile.DISK for Table:validCerts
2019-09-26 10:48:49,740 [main] INFO  db.DBStoreBuilder (DBStoreBuilder.java:addTable(110)) - using custom profile for table: revokedCerts
2019-09-26 10:48:49,740 [main] INFO  db.DBStoreBuilder (DBStoreBuilder.java:processTables(161)) - Using default column profile:DBProfile.DISK for Table:revokedCerts
2019-09-26 10:48:49,740 [main] INFO  db.DBStoreBuilder (DBStoreBuilder.java:addTable(110)) - using custom profile for table: default
2019-09-26 10:48:49,741 [main] INFO  db.DBStoreBuilder (DBStoreBuilder.java:processTables(167)) - Using default column profile:DBProfile.DISK for Table:default
2019-09-26 10:48:49,741 [main] INFO  db.DBStoreBuilder (DBStoreBuilder.java:getDbProfile(198)) - Using default options. DBProfile.DISK
2019-09-26 10:48:49,884 [main] INFO  net.NodeSchemaLoader (NodeSchemaLoader.java:loadSchemaFromFile(125)) - Loading file from sun.misc.CompoundEnumeration@42d174ad
2019-09-26 10:48:49,884 [main] INFO  net.NodeSchemaLoader (NodeSchemaLoader.java:loadSchema(171)) - Loading network topology layer schema file
2019-09-26 10:48:49,889 [main] WARN  server.ServerUtils (ServerUtils.java:sanitizeUserArgs(70)) - ozone.scm.stale.node.interval value = 300000 is larger than max = 100000 based on the key value of ozone.scm.heartbeat.thread.interval, reset to the max value 100000.
2019-09-26 10:48:49,889 [main] WARN  server.ServerUtils (ServerUtils.java:sanitizeUserArgs(70)) - ozone.scm.stale.node.interval value = 300000 is larger than max = 100000 based on the key value of ozone.scm.heartbeat.thread.interval, reset to the max value 100000.
2019-09-26 10:48:49,889 [main] INFO  node.SCMNodeManager (SCMNodeManager.java:<init>(114)) - Entering startup safe mode.
2019-09-26 10:48:49,890 [main] INFO  algorithms.ContainerPlacementPolicyFactory (ContainerPlacementPolicyFactory.java:getPolicy(59)) - Create container placement policy of type org.apache.hadoop.hdds.scm.container.placement.algorithms.SCMContainerPlacementRandom
2019-09-26 10:48:49,890 [main] WARN  server.ServerUtils (ServerUtils.java:getScmDbDir(145)) - ozone.scm.db.dirs is not configured. We recommend adding this setting. Falling back to ozone.metadata.dirs instead.
2019-09-26 10:48:49,938 [main] INFO  pipeline.SCMPipelineManager (SCMPipelineManager.java:initializePipelineState(132)) - No pipeline exists in current db
2019-09-26 10:48:49,938 [main] WARN  server.ServerUtils (ServerUtils.java:getScmDbDir(145)) - ozone.scm.db.dirs is not configured. We recommend adding this setting. Falling back to ozone.metadata.dirs instead.
2019-09-26 10:48:49,992 [main] WARN  events.EventQueue (EventQueue.java:fireEvent(183)) - No event handler registered for event TypedEvent{payloadType=SafeModeStatus, name='SafeModeStatus'}
2019-09-26 10:48:49,993 [main] INFO  ipc.CallQueueManager (CallQueueManager.java:<init>(84)) - Using callQueue: class java.util.concurrent.LinkedBlockingQueue, queueCapacity: 2000, scheduler: class org.apache.hadoop.ipc.DefaultRpcScheduler, ipcBackoff: false.
2019-09-26 10:48:49,995 [Socket Reader #1 for port 37862] INFO  ipc.Server (Server.java:run(1074)) - Starting Socket Reader #1 for port 37862
2019-09-26 10:48:49,998 [main] INFO  ipc.CallQueueManager (CallQueueManager.java:<init>(84)) - Using callQueue: class java.util.concurrent.LinkedBlockingQueue, queueCapacity: 2000, scheduler: class org.apache.hadoop.ipc.DefaultRpcScheduler, ipcBackoff: false.
2019-09-26 10:48:50,000 [Socket Reader #1 for port 40631] INFO  ipc.Server (Server.java:run(1074)) - Starting Socket Reader #1 for port 40631
2019-09-26 10:48:50,003 [main] INFO  ipc.CallQueueManager (CallQueueManager.java:<init>(84)) - Using callQueue: class java.util.concurrent.LinkedBlockingQueue, queueCapacity: 2000, scheduler: class org.apache.hadoop.ipc.DefaultRpcScheduler, ipcBackoff: false.
2019-09-26 10:48:50,004 [Socket Reader #1 for port 39074] INFO  ipc.Server (Server.java:run(1074)) - Starting Socket Reader #1 for port 39074
2019-09-26 10:48:50,007 [main] INFO  hdfs.DFSUtil (DFSUtil.java:httpServerTemplateForNNAndJN(1641)) - Starting Web-server for scm at: http://0.0.0.0:0
2019-09-26 10:48:50,009 [main] INFO  server.AuthenticationFilter (AuthenticationFilter.java:constructSecretProvider(240)) - Unable to initialize FileSignerSecretProvider, falling back to use random secrets.
2019-09-26 10:48:50,010 [main] WARN  http.HttpRequestLog (HttpRequestLog.java:getRequestLog(97)) - Jetty request log can only be enabled using Log4j
2019-09-26 10:48:50,012 [main] INFO  http.HttpServer2 (HttpServer2.java:addGlobalFilter(975)) - Added global filter 'safety' (class=org.apache.hadoop.http.HttpServer2$QuotingInputFilter)
2019-09-26 10:48:50,012 [main] INFO  http.HttpServer2 (HttpServer2.java:addFilter(948)) - Added filter static_user_filter (class=org.apache.hadoop.http.lib.StaticUserWebFilter$StaticUserFilter) to context scm
2019-09-26 10:48:50,013 [main] INFO  http.HttpServer2 (HttpServer2.java:addFilter(958)) - Added filter static_user_filter (class=org.apache.hadoop.http.lib.StaticUserWebFilter$StaticUserFilter) to context static
2019-09-26 10:48:50,013 [main] INFO  http.HttpServer2 (HttpServer2.java:addFilter(958)) - Added filter static_user_filter (class=org.apache.hadoop.http.lib.StaticUserWebFilter$StaticUserFilter) to context logs
2019-09-26 10:48:50,014 [main] INFO  server.StorageContainerManager (StorageContainerManager.java:start(770)) - StorageContainerLocationProtocol RPC server is listening at /0.0.0.0:39074
2019-09-26 10:48:50,017 [main] WARN  impl.MetricsConfig (MetricsConfig.java:loadFirst(134)) - Cannot locate configuration: tried hadoop-metrics2-storagecontainermanager.properties,hadoop-metrics2.properties
2019-09-26 10:48:50,017 [main] INFO  impl.MetricsSystemImpl (MetricsSystemImpl.java:startTimer(374)) - Scheduled Metric snapshot period at 10 second(s).
2019-09-26 10:48:50,017 [main] INFO  impl.MetricsSystemImpl (MetricsSystemImpl.java:start(191)) - StorageContainerManager metrics system started
2019-09-26 10:48:50,139 [main] WARN  impl.MetricsSystemImpl (MetricsSystemImpl.java:register(276)) - Sink prometheus already exists!
2019-09-26 10:48:50,387 [main] INFO  server.SCMClientProtocolServer (SCMClientProtocolServer.java:start(151)) - RPC server for Client  is listening at /0.0.0.0:39074
2019-09-26 10:48:50,388 [IPC Server Responder] INFO  ipc.Server (Server.java:run(1314)) - IPC Server Responder: starting
2019-09-26 10:48:50,388 [IPC Server listener on 39074] INFO  ipc.Server (Server.java:run(1153)) - IPC Server listener on 39074: starting
2019-09-26 10:48:50,399 [main] INFO  server.StorageContainerManager (StorageContainerManager.java:start(780)) - ScmBlockLocationProtocol RPC server is listening at /0.0.0.0:40631
2019-09-26 10:48:50,400 [main] INFO  server.SCMBlockProtocolServer (SCMBlockProtocolServer.java:start(146)) - RPC server for Block Protocol is listening at /0.0.0.0:40631
2019-09-26 10:48:50,400 [IPC Server Responder] INFO  ipc.Server (Server.java:run(1314)) - IPC Server Responder: starting
2019-09-26 10:48:50,402 [IPC Server listener on 40631] INFO  ipc.Server (Server.java:run(1153)) - IPC Server listener on 40631: starting
2019-09-26 10:48:50,408 [main] INFO  server.StorageContainerManager (StorageContainerManager.java:start(784)) - ScmDatanodeProtocl RPC server is listening at /0.0.0.0:37862
2019-09-26 10:48:50,409 [main] INFO  server.SCMDatanodeProtocolServer (SCMDatanodeProtocolServer.java:start(191)) - RPC server for DataNodes is listening at /0.0.0.0:37862
2019-09-26 10:48:50,409 [IPC Server Responder] INFO  ipc.Server (Server.java:run(1314)) - IPC Server Responder: starting
2019-09-26 10:48:50,409 [IPC Server listener on 37862] INFO  ipc.Server (Server.java:run(1153)) - IPC Server listener on 37862: starting
2019-09-26 10:48:50,417 [main] INFO  http.HttpServer2 (HttpServer2.java:bindListener(1191)) - Jetty bound to port 46066
2019-09-26 10:48:50,418 [main] INFO  server.Server (Server.java:doStart(351)) - jetty-9.3.25.v20180904, build timestamp: 2018-09-04T21:11:46Z, git hash: 3ce520221d0240229c862b122d2b06c12a625732
2019-09-26 10:48:50,420 [main] INFO  handler.ContextHandler (ContextHandler.java:doStart(781)) - Started o.e.j.s.ServletContextHandler@3bcc8f13{/logs,file:///workdir/hadoop-ozone/ozonefs/target/log,AVAILABLE}
2019-09-26 10:48:50,421 [main] INFO  handler.ContextHandler (ContextHandler.java:doStart(781)) - Started o.e.j.s.ServletContextHandler@73d91faf{/static,jar:file:/home/user/.m2/repository/org/apache/hadoop/hadoop-hdds-server-scm/0.5.0-SNAPSHOT/hadoop-hdds-server-scm-0.5.0-SNAPSHOT.jar!/webapps/static,AVAILABLE}
2019-09-26 10:48:50,473 [main] INFO  handler.ContextHandler (ContextHandler.java:doStart(781)) - Started o.e.j.w.WebAppContext@5ad0c70a{/,file:///tmp/jetty-0.0.0.0-46066-scm-_-any-6628100778636715446.dir/webapp/,AVAILABLE}{/scm}
2019-09-26 10:48:50,474 [main] INFO  server.AbstractConnector (AbstractConnector.java:doStart(278)) - Started ServerConnector@2a16d4dc{HTTP/1.1,[http/1.1]}{0.0.0.0:46066}
2019-09-26 10:48:50,481 [main] INFO  server.Server (Server.java:doStart(419)) - Started @194073ms
2019-09-26 10:48:50,482 [main] WARN  impl.MetricsSystemImpl (MetricsSystemImpl.java:register(276)) - Sink prometheus already exists!
2019-09-26 10:48:50,482 [main] INFO  server.BaseHttpServer (BaseHttpServer.java:updateConnectorAddress(215)) - HTTP server of SCM is listening at http://0.0.0.0:46066
2019-09-26 10:48:50,483 [main] WARN  server.ServerUtils (ServerUtils.java:getDBPath(222)) - ozone.om.db.dirs is not configured. We recommend adding this setting. Falling back to ozone.metadata.dirs instead.
2019-09-26 10:48:50,486 [org.apache.hadoop.util.JvmPauseMonitor$Monitor@13d984ee] INFO  util.JvmPauseMonitor (JvmPauseMonitor.java:run(188)) - Starting JVM pause monitor
2019-09-26 10:48:50,499 [main] WARN  server.ServerUtils (ServerUtils.java:getDBPath(222)) - ozone.om.db.dirs is not configured. We recommend adding this setting. Falling back to ozone.metadata.dirs instead.
2019-09-26 10:48:50,500 [main] WARN  server.ServerUtils (ServerUtils.java:getDBPath(222)) - ozone.om.db.dirs is not configured. We recommend adding this setting. Falling back to ozone.metadata.dirs instead.
2019-09-26 10:48:50,500 [main] INFO  om.OzoneManager (OzoneManager.java:setOMNodeDetails(652)) - OM Service ID is not set. Setting it to the default ID: omServiceIdDefault
2019-09-26 10:48:50,500 [main] INFO  om.OzoneManager (OzoneManager.java:setOMNodeDetails(658)) - OM Node ID is not set. Setting it to the OmStorage's OmID: fb0790b0-4acc-4131-af93-c13847c17216
2019-09-26 10:48:50,500 [main] INFO  om.OzoneManager (OzoneManager.java:loadOMHAConfigs(609)) - Found matching OM address with OMServiceId: null, OMNodeId: null, RPC Address: localhost:0 and Ratis port: 9872
2019-09-26 10:48:50,510 [main] WARN  server.ServerUtils (ServerUtils.java:getDBPath(222)) - ozone.om.db.dirs is not configured. We recommend adding this setting. Falling back to ozone.metadata.dirs instead.
2019-09-26 10:48:50,511 [main] INFO  db.DBStoreBuilder (DBStoreBuilder.java:addTable(110)) - using custom profile for table: userTable
2019-09-26 10:48:50,511 [main] INFO  db.DBStoreBuilder (DBStoreBuilder.java:processTables(161)) - Using default column profile:DBProfile.DISK for Table:userTable
2019-09-26 10:48:50,511 [main] INFO  db.DBStoreBuilder (DBStoreBuilder.java:addTable(110)) - using custom profile for table: volumeTable
2019-09-26 10:48:50,511 [main] INFO  db.DBStoreBuilder (DBStoreBuilder.java:processTables(161)) - Using default column profile:DBProfile.DISK for Table:volumeTable
2019-09-26 10:48:50,511 [main] INFO  db.DBStoreBuilder (DBStoreBuilder.java:addTable(110)) - using custom profile for table: bucketTable
2019-09-26 10:48:50,512 [main] INFO  db.DBStoreBuilder (DBStoreBuilder.java:processTables(161)) - Using default column profile:DBProfile.DISK for Table:bucketTable
2019-09-26 10:48:50,512 [main] INFO  db.DBStoreBuilder (DBStoreBuilder.java:addTable(110)) - using custom profile for table: keyTable
2019-09-26 10:48:50,512 [main] INFO  db.DBStoreBuilder (DBStoreBuilder.java:processTables(161)) - Using default column profile:DBProfile.DISK for Table:keyTable
2019-09-26 10:48:50,512 [main] INFO  db.DBStoreBuilder (DBStoreBuilder.java:addTable(110)) - using custom profile for table: deletedTable
2019-09-26 10:48:50,512 [main] INFO  db.DBStoreBuilder (DBStoreBuilder.java:processTables(161)) - Using default column profile:DBProfile.DISK for Table:deletedTable
2019-09-26 10:48:50,513 [main] INFO  db.DBStoreBuilder (DBStoreBuilder.java:addTable(110)) - using custom profile for table: openKeyTable
2019-09-26 10:48:50,513 [main] INFO  db.DBStoreBuilder (DBStoreBuilder.java:processTables(161)) - Using default column profile:DBProfile.DISK for Table:openKeyTable
2019-09-26 10:48:50,513 [main] INFO  db.DBStoreBuilder (DBStoreBuilder.java:addTable(110)) - using custom profile for table: s3Table
2019-09-26 10:48:50,513 [main] INFO  db.DBStoreBuilder (DBStoreBuilder.java:processTables(161)) - Using default column profile:DBProfile.DISK for Table:s3Table
2019-09-26 10:48:50,513 [main] INFO  db.DBStoreBuilder (DBStoreBuilder.java:addTable(110)) - using custom profile for table: multipartInfoTable
2019-09-26 10:48:50,513 [main] INFO  db.DBStoreBuilder (DBStoreBuilder.java:processTables(161)) - Using default column profile:DBProfile.DISK for Table:multipartInfoTable
2019-09-26 10:48:50,514 [main] INFO  db.DBStoreBuilder (DBStoreBuilder.java:addTable(110)) - using custom profile for table: dTokenTable
2019-09-26 10:48:50,514 [main] INFO  db.DBStoreBuilder (DBStoreBuilder.java:processTables(161)) - Using default column profile:DBProfile.DISK for Table:dTokenTable
2019-09-26 10:48:50,514 [main] INFO  db.DBStoreBuilder (DBStoreBuilder.java:addTable(110)) - using custom profile for table: s3SecretTable
2019-09-26 10:48:50,514 [main] INFO  db.DBStoreBuilder (DBStoreBuilder.java:processTables(161)) - Using default column profile:DBProfile.DISK for Table:s3SecretTable
2019-09-26 10:48:50,514 [main] INFO  db.DBStoreBuilder (DBStoreBuilder.java:addTable(110)) - using custom profile for table: prefixTable
2019-09-26 10:48:50,515 [main] INFO  db.DBStoreBuilder (DBStoreBuilder.java:processTables(161)) - Using default column profile:DBProfile.DISK for Table:prefixTable
2019-09-26 10:48:50,515 [main] INFO  db.DBStoreBuilder (DBStoreBuilder.java:addTable(110)) - using custom profile for table: default
2019-09-26 10:48:50,515 [main] INFO  db.DBStoreBuilder (DBStoreBuilder.java:processTables(167)) - Using default column profile:DBProfile.DISK for Table:default
2019-09-26 10:48:50,515 [main] INFO  db.DBStoreBuilder (DBStoreBuilder.java:getDbProfile(198)) - Using default options. DBProfile.DISK
2019-09-26 10:48:50,994 [main] INFO  ipc.CallQueueManager (CallQueueManager.java:<init>(84)) - Using callQueue: class java.util.concurrent.LinkedBlockingQueue, queueCapacity: 2000, scheduler: class org.apache.hadoop.ipc.DefaultRpcScheduler, ipcBackoff: false.
2019-09-26 10:48:50,995 [Socket Reader #1 for port 33228] INFO  ipc.Server (Server.java:run(1074)) - Starting Socket Reader #1 for port 33228
2019-09-26 10:48:51,022 [main] INFO  om.OzoneManager (OzoneManager.java:start(1243)) - OzoneManager RPC server is listening at localhost/127.0.0.1:33228
2019-09-26 10:48:51,022 [main] INFO  impl.MetricsSystemImpl (MetricsSystemImpl.java:init(158)) - OzoneManager metrics system started (again)
2019-09-26 10:48:51,023 [IPC Server Responder] INFO  ipc.Server (Server.java:run(1314)) - IPC Server Responder: starting
2019-09-26 10:48:51,029 [IPC Server listener on 33228] INFO  ipc.Server (Server.java:run(1153)) - IPC Server listener on 33228: starting
2019-09-26 10:48:51,038 [main] INFO  hdfs.DFSUtil (DFSUtil.java:httpServerTemplateForNNAndJN(1641)) - Starting Web-server for ozoneManager at: http://0.0.0.0:0
2019-09-26 10:48:51,039 [main] INFO  server.AuthenticationFilter (AuthenticationFilter.java:constructSecretProvider(240)) - Unable to initialize FileSignerSecretProvider, falling back to use random secrets.
2019-09-26 10:48:51,040 [main] WARN  http.HttpRequestLog (HttpRequestLog.java:getRequestLog(97)) - Jetty request log can only be enabled using Log4j
2019-09-26 10:48:51,041 [main] INFO  http.HttpServer2 (HttpServer2.java:addGlobalFilter(975)) - Added global filter 'safety' (class=org.apache.hadoop.http.HttpServer2$QuotingInputFilter)
2019-09-26 10:48:51,041 [main] INFO  http.HttpServer2 (HttpServer2.java:addFilter(948)) - Added filter static_user_filter (class=org.apache.hadoop.http.lib.StaticUserWebFilter$StaticUserFilter) to context ozoneManager
2019-09-26 10:48:51,042 [main] INFO  http.HttpServer2 (HttpServer2.java:addFilter(958)) - Added filter static_user_filter (class=org.apache.hadoop.http.lib.StaticUserWebFilter$StaticUserFilter) to context logs
2019-09-26 10:48:51,042 [main] INFO  http.HttpServer2 (HttpServer2.java:addFilter(958)) - Added filter static_user_filter (class=org.apache.hadoop.http.lib.StaticUserWebFilter$StaticUserFilter) to context static
2019-09-26 10:48:51,043 [main] INFO  http.HttpServer2 (HttpServer2.java:bindListener(1191)) - Jetty bound to port 40867
2019-09-26 10:48:51,043 [main] INFO  server.Server (Server.java:doStart(351)) - jetty-9.3.25.v20180904, build timestamp: 2018-09-04T21:11:46Z, git hash: 3ce520221d0240229c862b122d2b06c12a625732
2019-09-26 10:48:51,046 [main] INFO  handler.ContextHandler (ContextHandler.java:doStart(781)) - Started o.e.j.s.ServletContextHandler@74830d73{/logs,file:///workdir/hadoop-ozone/ozonefs/target/log,AVAILABLE}
2019-09-26 10:48:51,046 [main] INFO  handler.ContextHandler (ContextHandler.java:doStart(781)) - Started o.e.j.s.ServletContextHandler@4c41a177{/static,jar:file:/home/user/.m2/repository/org/apache/hadoop/hadoop-ozone-ozone-manager/0.5.0-SNAPSHOT/hadoop-ozone-ozone-manager-0.5.0-SNAPSHOT.jar!/webapps/static,AVAILABLE}
2019-09-26 10:48:51,084 [main] INFO  handler.ContextHandler (ContextHandler.java:doStart(781)) - Started o.e.j.w.WebAppContext@be616f0{/,file:///tmp/jetty-0.0.0.0-40867-ozoneManager-_-any-6928662475682758345.dir/webapp/,AVAILABLE}{/ozoneManager}
2019-09-26 10:48:51,085 [main] INFO  server.AbstractConnector (AbstractConnector.java:doStart(278)) - Started ServerConnector@1f5d7fd5{HTTP/1.1,[http/1.1]}{0.0.0.0:40867}
2019-09-26 10:48:51,087 [main] INFO  server.Server (Server.java:doStart(419)) - Started @194678ms
2019-09-26 10:48:51,087 [main] WARN  impl.MetricsSystemImpl (MetricsSystemImpl.java:register(276)) - Sink prometheus already exists!
2019-09-26 10:48:51,088 [main] INFO  server.BaseHttpServer (BaseHttpServer.java:updateConnectorAddress(215)) - HTTP server of OZONEMANAGER is listening at http://0.0.0.0:40867
2019-09-26 10:48:51,095 [main] INFO  impl.MetricsSystemImpl (MetricsSystemImpl.java:init(158)) - HddsDatanode metrics system started (again)
2019-09-26 10:48:51,104 [main] INFO  ozone.HddsDatanodeService (HddsDatanodeService.java:start(184)) - HddsDatanodeService host:pr-hdds-1569-wvzgm-824869521 ip:192.168.30.13
2019-09-26 10:48:51,112 [main] INFO  volume.HddsVolume (HddsVolume.java:<init>(176)) - Creating Volume: /workdir/hadoop-ozone/ozonefs/target/test-dir/MiniOzoneClusterImpl-bf023d99-d452-41c9-bfe9-395987bceec1/datanode-0/data/containers/hdds of  storage type : DISK and capacity : 1482555576320
2019-09-26 10:48:51,112 [main] INFO  volume.VolumeSet (VolumeSet.java:initializeVolumeSet(170)) - Added Volume : /workdir/hadoop-ozone/ozonefs/target/test-dir/MiniOzoneClusterImpl-bf023d99-d452-41c9-bfe9-395987bceec1/datanode-0/data/containers/hdds to VolumeSet
2019-09-26 10:48:51,112 [main] INFO  volume.ThrottledAsyncChecker (ThrottledAsyncChecker.java:schedule(139)) - Scheduling a check for org.apache.hadoop.ozone.container.common.volume.HddsVolume@681d704e
2019-09-26 10:48:51,113 [main] INFO  volume.HddsVolumeChecker (HddsVolumeChecker.java:checkAllVolumes(202)) - Scheduled health check for volume org.apache.hadoop.ozone.container.common.volume.HddsVolume@681d704e
2019-09-26 10:48:51,132 [main] INFO  impl.RaftServerProxy (ConfUtils.java:logGet(43)) - raft.rpc.type = GRPC (default)
2019-09-26 10:48:51,133 [main] INFO  grpc.GrpcFactory (GrpcFactory.java:checkPooledByteBufAllocatorUseCacheForAllThreads(45)) - PERFORMANCE WARNING: useCacheForAllThreads is true that may cause Netty to create a lot garbage objects and, as a result, trigger GC.
	It is recommended to disable useCacheForAllThreads by setting -Dorg.apache.ratis.thirdparty.io.netty.allocator.useCacheForAllThreads=false in command line.
2019-09-26 10:48:51,133 [main] INFO  grpc.GrpcConfigKeys$Server (ConfUtils.java:logGet(43)) - raft.grpc.server.port = 0 (default)
2019-09-26 10:48:51,133 [main] INFO  server.GrpcService (ConfUtils.java:logGet(43)) - raft.grpc.message.size.max = 33570816 (custom)
2019-09-26 10:48:51,133 [main] INFO  server.RaftServerConfigKeys (ConfUtils.java:logGet(43)) - raft.server.log.appender.buffer.byte-limit = 33554432 (custom)
2019-09-26 10:48:51,133 [main] INFO  server.GrpcService (ConfUtils.java:logGet(43)) - raft.grpc.flow.control.window = 1MB (=1048576) (default)
2019-09-26 10:48:51,134 [main] INFO  server.RaftServerConfigKeys (ConfUtils.java:logGet(43)) - raft.server.rpc.request.timeout = 3000ms (default)
2019-09-26 10:48:51,134 [main] INFO  server.RaftServerConfigKeys (ConfUtils.java:logGet(43)) - raft.server.storage.dir = [/workdir/hadoop-ozone/ozonefs/target/test-dir/MiniOzoneClusterImpl-bf023d99-d452-41c9-bfe9-395987bceec1/datanode-0/data/ratis] (custom)
2019-09-26 10:48:51,136 [main] INFO  hdfs.DFSUtil (DFSUtil.java:httpServerTemplateForNNAndJN(1641)) - Starting Web-server for hddsDatanode at: http://0.0.0.0:0
2019-09-26 10:48:51,138 [main] INFO  server.AuthenticationFilter (AuthenticationFilter.java:constructSecretProvider(240)) - Unable to initialize FileSignerSecretProvider, falling back to use random secrets.
2019-09-26 10:48:51,138 [main] WARN  http.HttpRequestLog (HttpRequestLog.java:getRequestLog(97)) - Jetty request log can only be enabled using Log4j
2019-09-26 10:48:51,140 [main] INFO  http.HttpServer2 (HttpServer2.java:addGlobalFilter(975)) - Added global filter 'safety' (class=org.apache.hadoop.http.HttpServer2$QuotingInputFilter)
2019-09-26 10:48:51,141 [main] INFO  http.HttpServer2 (HttpServer2.java:addFilter(948)) - Added filter static_user_filter (class=org.apache.hadoop.http.lib.StaticUserWebFilter$StaticUserFilter) to context hddsDatanode
2019-09-26 10:48:51,141 [main] INFO  http.HttpServer2 (HttpServer2.java:addFilter(958)) - Added filter static_user_filter (class=org.apache.hadoop.http.lib.StaticUserWebFilter$StaticUserFilter) to context logs
2019-09-26 10:48:51,141 [main] INFO  http.HttpServer2 (HttpServer2.java:addFilter(958)) - Added filter static_user_filter (class=org.apache.hadoop.http.lib.StaticUserWebFilter$StaticUserFilter) to context static
2019-09-26 10:48:51,142 [main] INFO  http.HttpServer2 (HttpServer2.java:bindListener(1191)) - Jetty bound to port 36082
2019-09-26 10:48:51,142 [main] INFO  server.Server (Server.java:doStart(351)) - jetty-9.3.25.v20180904, build timestamp: 2018-09-04T21:11:46Z, git hash: 3ce520221d0240229c862b122d2b06c12a625732
2019-09-26 10:48:51,144 [main] INFO  handler.ContextHandler (ContextHandler.java:doStart(781)) - Started o.e.j.s.ServletContextHandler@1b25d695{/logs,file:///workdir/hadoop-ozone/ozonefs/target/log,AVAILABLE}
2019-09-26 10:48:51,145 [main] INFO  handler.ContextHandler (ContextHandler.java:doStart(781)) - Started o.e.j.s.ServletContextHandler@6d31f14{/static,jar:file:/home/user/.m2/repository/org/apache/hadoop/hadoop-hdds-container-service/0.5.0-SNAPSHOT/hadoop-hdds-container-service-0.5.0-SNAPSHOT.jar!/webapps/static,AVAILABLE}
2019-09-26 10:48:51,180 [main] INFO  handler.ContextHandler (ContextHandler.java:doStart(781)) - Started o.e.j.w.WebAppContext@3f45dfec{/,file:///tmp/jetty-0.0.0.0-36082-hddsDatanode-_-any-6597716122305422624.dir/webapp/,AVAILABLE}{/hddsDatanode}
2019-09-26 10:48:51,180 [main] INFO  server.AbstractConnector (AbstractConnector.java:doStart(278)) - Started ServerConnector@7c69e1e1{HTTP/1.1,[http/1.1]}{0.0.0.0:36082}
2019-09-26 10:48:51,183 [main] INFO  server.Server (Server.java:doStart(419)) - Started @194775ms
2019-09-26 10:48:51,183 [main] WARN  impl.MetricsSystemImpl (MetricsSystemImpl.java:register(276)) - Sink prometheus already exists!
2019-09-26 10:48:51,184 [main] INFO  server.BaseHttpServer (BaseHttpServer.java:updateConnectorAddress(215)) - HTTP server of HDDSDATANODE is listening at http://0.0.0.0:36082
2019-09-26 10:48:51,184 [main] INFO  impl.MetricsSystemImpl (MetricsSystemImpl.java:init(158)) - HddsDatanode metrics system started (again)
2019-09-26 10:48:51,195 [org.apache.hadoop.util.JvmPauseMonitor$Monitor@478f1a3b] INFO  util.JvmPauseMonitor (JvmPauseMonitor.java:run(188)) - Starting JVM pause monitor
2019-09-26 10:48:51,196 [main] INFO  ozone.HddsDatanodeService (HddsDatanodeService.java:start(184)) - HddsDatanodeService host:pr-hdds-1569-wvzgm-824869521 ip:192.168.30.13
2019-09-26 10:48:51,198 [Datanode State Machine Thread - 0] INFO  datanode.InitDatanodeState (InitDatanodeState.java:persistContainerDatanodeDetails(140)) - DatanodeDetails is persisted to /workdir/hadoop-ozone/ozonefs/target/test-dir/MiniOzoneClusterImpl-bf023d99-d452-41c9-bfe9-395987bceec1/datanode-0/meta/datanode.id
2019-09-26 10:48:51,208 [main] INFO  volume.HddsVolume (HddsVolume.java:<init>(176)) - Creating Volume: /workdir/hadoop-ozone/ozonefs/target/test-dir/MiniOzoneClusterImpl-bf023d99-d452-41c9-bfe9-395987bceec1/datanode-1/data/containers/hdds of  storage type : DISK and capacity : 1482555576320
2019-09-26 10:48:51,208 [main] INFO  volume.VolumeSet (VolumeSet.java:initializeVolumeSet(170)) - Added Volume : /workdir/hadoop-ozone/ozonefs/target/test-dir/MiniOzoneClusterImpl-bf023d99-d452-41c9-bfe9-395987bceec1/datanode-1/data/containers/hdds to VolumeSet
2019-09-26 10:48:51,208 [main] INFO  volume.ThrottledAsyncChecker (ThrottledAsyncChecker.java:schedule(139)) - Scheduling a check for org.apache.hadoop.ozone.container.common.volume.HddsVolume@714c74eb
2019-09-26 10:48:51,209 [main] INFO  volume.HddsVolumeChecker (HddsVolumeChecker.java:checkAllVolumes(202)) - Scheduled health check for volume org.apache.hadoop.ozone.container.common.volume.HddsVolume@714c74eb
2019-09-26 10:48:51,231 [main] INFO  impl.RaftServerProxy (ConfUtils.java:logGet(43)) - raft.rpc.type = GRPC (default)
2019-09-26 10:48:51,232 [main] INFO  grpc.GrpcFactory (GrpcFactory.java:checkPooledByteBufAllocatorUseCacheForAllThreads(45)) - PERFORMANCE WARNING: useCacheForAllThreads is true that may cause Netty to create a lot garbage objects and, as a result, trigger GC.
	It is recommended to disable useCacheForAllThreads by setting -Dorg.apache.ratis.thirdparty.io.netty.allocator.useCacheForAllThreads=false in command line.
2019-09-26 10:48:51,232 [main] INFO  grpc.GrpcConfigKeys$Server (ConfUtils.java:logGet(43)) - raft.grpc.server.port = 0 (default)
2019-09-26 10:48:51,232 [main] INFO  server.GrpcService (ConfUtils.java:logGet(43)) - raft.grpc.message.size.max = 33570816 (custom)
2019-09-26 10:48:51,232 [main] INFO  server.RaftServerConfigKeys (ConfUtils.java:logGet(43)) - raft.server.log.appender.buffer.byte-limit = 33554432 (custom)
2019-09-26 10:48:51,232 [main] INFO  server.GrpcService (ConfUtils.java:logGet(43)) - raft.grpc.flow.control.window = 1MB (=1048576) (default)
2019-09-26 10:48:51,233 [main] INFO  server.RaftServerConfigKeys (ConfUtils.java:logGet(43)) - raft.server.rpc.request.timeout = 3000ms (default)
2019-09-26 10:48:51,233 [main] INFO  server.RaftServerConfigKeys (ConfUtils.java:logGet(43)) - raft.server.storage.dir = [/workdir/hadoop-ozone/ozonefs/target/test-dir/MiniOzoneClusterImpl-bf023d99-d452-41c9-bfe9-395987bceec1/datanode-1/data/ratis] (custom)
2019-09-26 10:48:51,234 [main] INFO  hdfs.DFSUtil (DFSUtil.java:httpServerTemplateForNNAndJN(1641)) - Starting Web-server for hddsDatanode at: http://0.0.0.0:0
2019-09-26 10:48:51,235 [main] INFO  server.AuthenticationFilter (AuthenticationFilter.java:constructSecretProvider(240)) - Unable to initialize FileSignerSecretProvider, falling back to use random secrets.
2019-09-26 10:48:51,236 [main] WARN  http.HttpRequestLog (HttpRequestLog.java:getRequestLog(97)) - Jetty request log can only be enabled using Log4j
2019-09-26 10:48:51,237 [main] INFO  http.HttpServer2 (HttpServer2.java:addGlobalFilter(975)) - Added global filter 'safety' (class=org.apache.hadoop.http.HttpServer2$QuotingInputFilter)
2019-09-26 10:48:51,238 [main] INFO  http.HttpServer2 (HttpServer2.java:addFilter(948)) - Added filter static_user_filter (class=org.apache.hadoop.http.lib.StaticUserWebFilter$StaticUserFilter) to context hddsDatanode
2019-09-26 10:48:51,238 [main] INFO  http.HttpServer2 (HttpServer2.java:addFilter(958)) - Added filter static_user_filter (class=org.apache.hadoop.http.lib.StaticUserWebFilter$StaticUserFilter) to context static
2019-09-26 10:48:51,238 [main] INFO  http.HttpServer2 (HttpServer2.java:addFilter(958)) - Added filter static_user_filter (class=org.apache.hadoop.http.lib.StaticUserWebFilter$StaticUserFilter) to context logs
2019-09-26 10:48:51,239 [main] INFO  http.HttpServer2 (HttpServer2.java:bindListener(1191)) - Jetty bound to port 35840
2019-09-26 10:48:51,239 [main] INFO  server.Server (Server.java:doStart(351)) - jetty-9.3.25.v20180904, build timestamp: 2018-09-04T21:11:46Z, git hash: 3ce520221d0240229c862b122d2b06c12a625732
2019-09-26 10:48:51,241 [main] INFO  handler.ContextHandler (ContextHandler.java:doStart(781)) - Started o.e.j.s.ServletContextHandler@bfd97fb{/logs,file:///workdir/hadoop-ozone/ozonefs/target/log,AVAILABLE}
2019-09-26 10:48:51,241 [main] INFO  handler.ContextHandler (ContextHandler.java:doStart(781)) - Started o.e.j.s.ServletContextHandler@7e3d168e{/static,jar:file:/home/user/.m2/repository/org/apache/hadoop/hadoop-hdds-container-service/0.5.0-SNAPSHOT/hadoop-hdds-container-service-0.5.0-SNAPSHOT.jar!/webapps/static,AVAILABLE}
2019-09-26 10:48:51,269 [main] INFO  handler.ContextHandler (ContextHandler.java:doStart(781)) - Started o.e.j.w.WebAppContext@51508029{/,file:///tmp/jetty-0.0.0.0-35840-hddsDatanode-_-any-699219576663858542.dir/webapp/,AVAILABLE}{/hddsDatanode}
2019-09-26 10:48:51,270 [main] INFO  server.AbstractConnector (AbstractConnector.java:doStart(278)) - Started ServerConnector@5f20b6fe{HTTP/1.1,[http/1.1]}{0.0.0.0:35840}
2019-09-26 10:48:51,270 [main] INFO  server.Server (Server.java:doStart(419)) - Started @194861ms
2019-09-26 10:48:51,273 [main] WARN  impl.MetricsSystemImpl (MetricsSystemImpl.java:register(276)) - Sink prometheus already exists!
2019-09-26 10:48:51,274 [main] INFO  server.BaseHttpServer (BaseHttpServer.java:updateConnectorAddress(215)) - HTTP server of HDDSDATANODE is listening at http://0.0.0.0:35840
2019-09-26 10:48:51,274 [main] INFO  impl.MetricsSystemImpl (MetricsSystemImpl.java:init(158)) - HddsDatanode metrics system started (again)
2019-09-26 10:48:51,291 [org.apache.hadoop.util.JvmPauseMonitor$Monitor@53bbb858] INFO  util.JvmPauseMonitor (JvmPauseMonitor.java:run(188)) - Starting JVM pause monitor
2019-09-26 10:48:51,292 [main] INFO  ozone.HddsDatanodeService (HddsDatanodeService.java:start(184)) - HddsDatanodeService host:pr-hdds-1569-wvzgm-824869521 ip:192.168.30.13
2019-09-26 10:48:51,293 [Datanode State Machine Thread - 0] INFO  datanode.InitDatanodeState (InitDatanodeState.java:persistContainerDatanodeDetails(140)) - DatanodeDetails is persisted to /workdir/hadoop-ozone/ozonefs/target/test-dir/MiniOzoneClusterImpl-bf023d99-d452-41c9-bfe9-395987bceec1/datanode-1/meta/datanode.id
2019-09-26 10:48:51,303 [main] INFO  volume.HddsVolume (HddsVolume.java:<init>(176)) - Creating Volume: /workdir/hadoop-ozone/ozonefs/target/test-dir/MiniOzoneClusterImpl-bf023d99-d452-41c9-bfe9-395987bceec1/datanode-2/data/containers/hdds of  storage type : DISK and capacity : 1482555576320
2019-09-26 10:48:51,303 [main] INFO  volume.VolumeSet (VolumeSet.java:initializeVolumeSet(170)) - Added Volume : /workdir/hadoop-ozone/ozonefs/target/test-dir/MiniOzoneClusterImpl-bf023d99-d452-41c9-bfe9-395987bceec1/datanode-2/data/containers/hdds to VolumeSet
2019-09-26 10:48:51,303 [main] INFO  volume.ThrottledAsyncChecker (ThrottledAsyncChecker.java:schedule(139)) - Scheduling a check for org.apache.hadoop.ozone.container.common.volume.HddsVolume@b788dc2
2019-09-26 10:48:51,304 [main] INFO  volume.HddsVolumeChecker (HddsVolumeChecker.java:checkAllVolumes(202)) - Scheduled health check for volume org.apache.hadoop.ozone.container.common.volume.HddsVolume@b788dc2
2019-09-26 10:48:51,324 [main] INFO  impl.RaftServerProxy (ConfUtils.java:logGet(43)) - raft.rpc.type = GRPC (default)
2019-09-26 10:48:51,324 [main] INFO  grpc.GrpcFactory (GrpcFactory.java:checkPooledByteBufAllocatorUseCacheForAllThreads(45)) - PERFORMANCE WARNING: useCacheForAllThreads is true that may cause Netty to create a lot garbage objects and, as a result, trigger GC.
	It is recommended to disable useCacheForAllThreads by setting -Dorg.apache.ratis.thirdparty.io.netty.allocator.useCacheForAllThreads=false in command line.
2019-09-26 10:48:51,324 [main] INFO  grpc.GrpcConfigKeys$Server (ConfUtils.java:logGet(43)) - raft.grpc.server.port = 0 (default)
2019-09-26 10:48:51,325 [main] INFO  server.GrpcService (ConfUtils.java:logGet(43)) - raft.grpc.message.size.max = 33570816 (custom)
2019-09-26 10:48:51,325 [main] INFO  server.RaftServerConfigKeys (ConfUtils.java:logGet(43)) - raft.server.log.appender.buffer.byte-limit = 33554432 (custom)
2019-09-26 10:48:51,325 [main] INFO  server.GrpcService (ConfUtils.java:logGet(43)) - raft.grpc.flow.control.window = 1MB (=1048576) (default)
2019-09-26 10:48:51,325 [main] INFO  server.RaftServerConfigKeys (ConfUtils.java:logGet(43)) - raft.server.rpc.request.timeout = 3000ms (default)
2019-09-26 10:48:51,326 [main] INFO  server.RaftServerConfigKeys (ConfUtils.java:logGet(43)) - raft.server.storage.dir = [/workdir/hadoop-ozone/ozonefs/target/test-dir/MiniOzoneClusterImpl-bf023d99-d452-41c9-bfe9-395987bceec1/datanode-2/data/ratis] (custom)
2019-09-26 10:48:51,327 [main] INFO  hdfs.DFSUtil (DFSUtil.java:httpServerTemplateForNNAndJN(1641)) - Starting Web-server for hddsDatanode at: http://0.0.0.0:0
2019-09-26 10:48:51,328 [main] INFO  server.AuthenticationFilter (AuthenticationFilter.java:constructSecretProvider(240)) - Unable to initialize FileSignerSecretProvider, falling back to use random secrets.
2019-09-26 10:48:51,328 [main] WARN  http.HttpRequestLog (HttpRequestLog.java:getRequestLog(97)) - Jetty request log can only be enabled using Log4j
2019-09-26 10:48:51,330 [main] INFO  http.HttpServer2 (HttpServer2.java:addGlobalFilter(975)) - Added global filter 'safety' (class=org.apache.hadoop.http.HttpServer2$QuotingInputFilter)
2019-09-26 10:48:51,330 [main] INFO  http.HttpServer2 (HttpServer2.java:addFilter(948)) - Added filter static_user_filter (class=org.apache.hadoop.http.lib.StaticUserWebFilter$StaticUserFilter) to context hddsDatanode
2019-09-26 10:48:51,331 [main] INFO  http.HttpServer2 (HttpServer2.java:addFilter(958)) - Added filter static_user_filter (class=org.apache.hadoop.http.lib.StaticUserWebFilter$StaticUserFilter) to context logs
2019-09-26 10:48:51,331 [main] INFO  http.HttpServer2 (HttpServer2.java:addFilter(958)) - Added filter static_user_filter (class=org.apache.hadoop.http.lib.StaticUserWebFilter$StaticUserFilter) to context static
2019-09-26 10:48:51,331 [main] INFO  http.HttpServer2 (HttpServer2.java:bindListener(1191)) - Jetty bound to port 39515
2019-09-26 10:48:51,332 [main] INFO  server.Server (Server.java:doStart(351)) - jetty-9.3.25.v20180904, build timestamp: 2018-09-04T21:11:46Z, git hash: 3ce520221d0240229c862b122d2b06c12a625732
2019-09-26 10:48:51,333 [main] INFO  handler.ContextHandler (ContextHandler.java:doStart(781)) - Started o.e.j.s.ServletContextHandler@77ea960f{/logs,file:///workdir/hadoop-ozone/ozonefs/target/log,AVAILABLE}
2019-09-26 10:48:51,334 [main] INFO  handler.ContextHandler (ContextHandler.java:doStart(781)) - Started o.e.j.s.ServletContextHandler@1ef93e01{/static,jar:file:/home/user/.m2/repository/org/apache/hadoop/hadoop-hdds-container-service/0.5.0-SNAPSHOT/hadoop-hdds-container-service-0.5.0-SNAPSHOT.jar!/webapps/static,AVAILABLE}
2019-09-26 10:48:51,360 [main] INFO  handler.ContextHandler (ContextHandler.java:doStart(781)) - Started o.e.j.w.WebAppContext@3578a45b{/,file:///tmp/jetty-0.0.0.0-39515-hddsDatanode-_-any-5626031594869101649.dir/webapp/,AVAILABLE}{/hddsDatanode}
2019-09-26 10:48:51,361 [main] INFO  server.AbstractConnector (AbstractConnector.java:doStart(278)) - Started ServerConnector@24f177f5{HTTP/1.1,[http/1.1]}{0.0.0.0:39515}
2019-09-26 10:48:51,361 [main] INFO  server.Server (Server.java:doStart(419)) - Started @194952ms
2019-09-26 10:48:51,364 [main] WARN  impl.MetricsSystemImpl (MetricsSystemImpl.java:register(276)) - Sink prometheus already exists!
2019-09-26 10:48:51,365 [main] INFO  server.BaseHttpServer (BaseHttpServer.java:updateConnectorAddress(215)) - HTTP server of HDDSDATANODE is listening at http://0.0.0.0:39515
2019-09-26 10:48:51,365 [main] INFO  ozone.MiniOzoneClusterImpl (MiniOzoneClusterImpl.java:lambda$waitForClusterToBeReady$0(147)) - Waiting for cluster to be ready. Got 0 of 3 DN Heartbeats.
2019-09-26 10:48:51,366 [org.apache.hadoop.util.JvmPauseMonitor$Monitor@408cb7dc] INFO  util.JvmPauseMonitor (JvmPauseMonitor.java:run(188)) - Starting JVM pause monitor
2019-09-26 10:48:51,368 [Datanode State Machine Thread - 0] INFO  datanode.InitDatanodeState (InitDatanodeState.java:persistContainerDatanodeDetails(140)) - DatanodeDetails is persisted to /workdir/hadoop-ozone/ozonefs/target/test-dir/MiniOzoneClusterImpl-bf023d99-d452-41c9-bfe9-395987bceec1/datanode-2/meta/datanode.id
2019-09-26 10:48:52,365 [main] INFO  ozone.MiniOzoneClusterImpl (MiniOzoneClusterImpl.java:lambda$waitForClusterToBeReady$0(147)) - Waiting for cluster to be ready. Got 0 of 3 DN Heartbeats.
2019-09-26 10:48:53,219 [Datanode State Machine Thread - 0] INFO  ozoneimpl.OzoneContainer (OzoneContainer.java:start(217)) - Attempting to start container services.
2019-09-26 10:48:53,220 [Datanode State Machine Thread - 0] INFO  ozoneimpl.OzoneContainer (OzoneContainer.java:startContainerScrub(179)) - Background container scanner has been disabled.
2019-09-26 10:48:53,220 [Datanode State Machine Thread - 0] INFO  ratis.XceiverServerRatis (XceiverServerRatis.java:start(411)) - Starting XceiverServerRatis 7c3babc5-8207-4c42-8723-9fc09bd813a2 at port 0
2019-09-26 10:48:53,229 [Datanode State Machine Thread - 0] INFO  impl.RaftServerProxy (RaftServerProxy.java:lambda$start$3(299)) - 7c3babc5-8207-4c42-8723-9fc09bd813a2: start RPC server
2019-09-26 10:48:53,232 [Datanode State Machine Thread - 0] INFO  server.GrpcService (GrpcService.java:startImpl(158)) - 7c3babc5-8207-4c42-8723-9fc09bd813a2: GrpcService started, listening on 0.0.0.0/0.0.0.0:45472
2019-09-26 10:48:53,233 [Datanode State Machine Thread - 0] INFO  ratis.XceiverServerRatis (XceiverServerRatis.java:start(421)) - XceiverServerRatis 7c3babc5-8207-4c42-8723-9fc09bd813a2 is started using port 45472
2019-09-26 10:48:53,233 [Datanode State Machine Thread - 0] INFO  server.XceiverServerGrpc (XceiverServerGrpc.java:start(149)) - XceiverServerGrpc 7c3babc5-8207-4c42-8723-9fc09bd813a2 is started using port 38507
2019-09-26 10:48:53,310 [Datanode State Machine Thread - 0] INFO  ozoneimpl.OzoneContainer (OzoneContainer.java:start(217)) - Attempting to start container services.
2019-09-26 10:48:53,310 [Datanode State Machine Thread - 0] INFO  ozoneimpl.OzoneContainer (OzoneContainer.java:startContainerScrub(179)) - Background container scanner has been disabled.
2019-09-26 10:48:53,310 [Datanode State Machine Thread - 0] INFO  ratis.XceiverServerRatis (XceiverServerRatis.java:start(411)) - Starting XceiverServerRatis de4ca06f-7dd1-4c49-a62e-4321f7c724ce at port 0
2019-09-26 10:48:53,319 [Datanode State Machine Thread - 0] INFO  impl.RaftServerProxy (RaftServerProxy.java:lambda$start$3(299)) - de4ca06f-7dd1-4c49-a62e-4321f7c724ce: start RPC server
2019-09-26 10:48:53,323 [Datanode State Machine Thread - 0] INFO  server.GrpcService (GrpcService.java:startImpl(158)) - de4ca06f-7dd1-4c49-a62e-4321f7c724ce: GrpcService started, listening on 0.0.0.0/0.0.0.0:43778
2019-09-26 10:48:53,323 [Datanode State Machine Thread - 0] INFO  ratis.XceiverServerRatis (XceiverServerRatis.java:start(421)) - XceiverServerRatis de4ca06f-7dd1-4c49-a62e-4321f7c724ce is started using port 43778
2019-09-26 10:48:53,326 [Datanode State Machine Thread - 0] INFO  server.XceiverServerGrpc (XceiverServerGrpc.java:start(149)) - XceiverServerGrpc de4ca06f-7dd1-4c49-a62e-4321f7c724ce is started using port 42636
2019-09-26 10:48:53,366 [main] INFO  ozone.MiniOzoneClusterImpl (MiniOzoneClusterImpl.java:lambda$waitForClusterToBeReady$0(147)) - Waiting for cluster to be ready. Got 0 of 3 DN Heartbeats.
2019-09-26 10:48:53,381 [Datanode State Machine Thread - 0] INFO  ozoneimpl.OzoneContainer (OzoneContainer.java:start(217)) - Attempting to start container services.
2019-09-26 10:48:53,381 [Datanode State Machine Thread - 0] INFO  ozoneimpl.OzoneContainer (OzoneContainer.java:startContainerScrub(179)) - Background container scanner has been disabled.
2019-09-26 10:48:53,381 [Datanode State Machine Thread - 0] INFO  ratis.XceiverServerRatis (XceiverServerRatis.java:start(411)) - Starting XceiverServerRatis d8c8cef8-9a6a-4c7a-82e9-31382e1ae247 at port 0
2019-09-26 10:48:53,389 [Datanode State Machine Thread - 0] INFO  impl.RaftServerProxy (RaftServerProxy.java:lambda$start$3(299)) - d8c8cef8-9a6a-4c7a-82e9-31382e1ae247: start RPC server
2019-09-26 10:48:53,390 [Datanode State Machine Thread - 0] INFO  server.GrpcService (GrpcService.java:startImpl(158)) - d8c8cef8-9a6a-4c7a-82e9-31382e1ae247: GrpcService started, listening on 0.0.0.0/0.0.0.0:45619
2019-09-26 10:48:53,391 [Datanode State Machine Thread - 0] INFO  ratis.XceiverServerRatis (XceiverServerRatis.java:start(421)) - XceiverServerRatis d8c8cef8-9a6a-4c7a-82e9-31382e1ae247 is started using port 45619
2019-09-26 10:48:53,391 [Datanode State Machine Thread - 0] INFO  server.XceiverServerGrpc (XceiverServerGrpc.java:start(149)) - XceiverServerGrpc d8c8cef8-9a6a-4c7a-82e9-31382e1ae247 is started using port 36352
2019-09-26 10:48:54,366 [main] INFO  ozone.MiniOzoneClusterImpl (MiniOzoneClusterImpl.java:lambda$waitForClusterToBeReady$0(147)) - Waiting for cluster to be ready. Got 0 of 3 DN Heartbeats.
2019-09-26 10:48:55,201 [IPC Server handler 1 on 37862] INFO  net.NetworkTopology (NetworkTopologyImpl.java:add(111)) - Added a new node: /default-rack/7c3babc5-8207-4c42-8723-9fc09bd813a2
2019-09-26 10:48:55,204 [IPC Server handler 1 on 37862] INFO  node.SCMNodeManager (SCMNodeManager.java:register(266)) - Registered Data node : 7c3babc5-8207-4c42-8723-9fc09bd813a2{ip: 192.168.30.13, host: pr-hdds-1569-wvzgm-824869521, networkLocation: /default-rack, certSerialId: null}
2019-09-26 10:48:55,206 [EventQueue-NodeRegistrationContainerReportForDataNodeSafeModeRule] INFO  safemode.SCMSafeModeManager (DataNodeSafeModeRule.java:process(71)) - SCM in safe mode. 1 DataNodes registered, 1 required.
2019-09-26 10:48:55,209 [EventQueue-NodeRegistrationContainerReportForDataNodeSafeModeRule] INFO  safemode.SCMSafeModeManager (SCMSafeModeManager.java:validateSafeModeExitRules(177)) - ScmSafeModeManager, all rules are successfully validated
2019-09-26 10:48:55,209 [EventQueue-NodeRegistrationContainerReportForDataNodeSafeModeRule] INFO  safemode.SCMSafeModeManager (SCMSafeModeManager.java:exitSafeMode(193)) - SCM exiting safe mode.
2019-09-26 10:48:55,224 [grpc-default-executor-0] INFO  impl.RaftServerProxy (RaftServerProxy.java:addNew(89)) - 7c3babc5-8207-4c42-8723-9fc09bd813a2: addNew group-DF52B807AFDE:[7c3babc5-8207-4c42-8723-9fc09bd813a2:192.168.30.13:45472] returns group-DF52B807AFDE:java.util.concurrent.CompletableFuture@25dfc84[Not completed]
2019-09-26 10:48:55,226 [pool-577-thread-1] INFO  impl.RaftServerImpl (RaftServerImpl.java:<init>(95)) - 7c3babc5-8207-4c42-8723-9fc09bd813a2: new RaftServerImpl for group-DF52B807AFDE:[7c3babc5-8207-4c42-8723-9fc09bd813a2:192.168.30.13:45472] with ContainerStateMachine:uninitialized
2019-09-26 10:48:55,227 [pool-577-thread-1] INFO  server.RaftServerConfigKeys (ConfUtils.java:logGet(43)) - raft.server.rpc.timeout.min = 5s (custom)
2019-09-26 10:48:55,227 [pool-577-thread-1] INFO  server.RaftServerConfigKeys (ConfUtils.java:logGet(43)) - raft.server.rpc.timeout.max = 5200ms (custom)
2019-09-26 10:48:55,227 [pool-577-thread-1] INFO  server.RaftServerConfigKeys (ConfUtils.java:logGet(43)) - raft.server.rpcslowness.timeout = 120s (custom)
2019-09-26 10:48:55,227 [pool-577-thread-1] INFO  server.RaftServerConfigKeys (ConfUtils.java:logGet(43)) - raft.server.sleep.deviation.threshold = 300 (default)
2019-09-26 10:48:55,227 [pool-577-thread-1] INFO  server.RaftServerConfigKeys (ConfUtils.java:logGet(43)) - raft.server.log.appender.install.snapshot.enabled = false (custom)
2019-09-26 10:48:55,228 [pool-577-thread-1] INFO  impl.RaftServerImpl (ServerState.java:<init>(103)) - 7c3babc5-8207-4c42-8723-9fc09bd813a2@group-DF52B807AFDE: ConfigurationManager, init=-1: [7c3babc5-8207-4c42-8723-9fc09bd813a2:192.168.30.13:45472], old=null, confs=<EMPTY_MAP>
2019-09-26 10:48:55,228 [pool-577-thread-1] INFO  server.RaftServerConfigKeys (ConfUtils.java:logGet(43)) - raft.server.storage.dir = [/workdir/hadoop-ozone/ozonefs/target/test-dir/MiniOzoneClusterImpl-bf023d99-d452-41c9-bfe9-395987bceec1/datanode-0/data/ratis] (custom)
2019-09-26 10:48:55,228 [pool-577-thread-1] INFO  storage.RaftStorageDirectory (RaftStorageDirectory.java:analyzeStorage(246)) - The storage directory /workdir/hadoop-ozone/ozonefs/target/test-dir/MiniOzoneClusterImpl-bf023d99-d452-41c9-bfe9-395987bceec1/datanode-0/data/ratis/f44a5ad6-2b07-4729-b51d-df52b807afde does not exist. Creating ...
2019-09-26 10:48:55,242 [pool-577-thread-1] INFO  storage.RaftStorageDirectory (RaftStorageDirectory.java:tryLock(328)) - Lock on /workdir/hadoop-ozone/ozonefs/target/test-dir/MiniOzoneClusterImpl-bf023d99-d452-41c9-bfe9-395987bceec1/datanode-0/data/ratis/f44a5ad6-2b07-4729-b51d-df52b807afde/in_use.lock acquired by nodename 17018@pr-hdds-1569-wvzgm-824869521
2019-09-26 10:48:55,256 [pool-577-thread-1] INFO  storage.RaftStorage (RaftStorage.java:format(72)) - Storage directory /workdir/hadoop-ozone/ozonefs/target/test-dir/MiniOzoneClusterImpl-bf023d99-d452-41c9-bfe9-395987bceec1/datanode-0/data/ratis/f44a5ad6-2b07-4729-b51d-df52b807afde has been successfully formatted.
2019-09-26 10:48:55,256 [pool-577-thread-1] INFO  ratis.ContainerStateMachine (ContainerStateMachine.java:loadSnapshot(230)) - group-DF52B807AFDE: The snapshot info is null. Setting the last applied indexto:(t:0, i:~)
2019-09-26 10:48:55,256 [pool-577-thread-1] INFO  server.RaftServerConfigKeys (ConfUtils.java:logGet(43)) - raft.server.notification.no-leader.timeout = 120s (custom)
2019-09-26 10:48:55,256 [pool-577-thread-1] INFO  server.RaftServerConfigKeys (ConfUtils.java:logGet(43)) - raft.server.log.use.memory = false (default)
2019-09-26 10:48:55,257 [pool-577-thread-1] INFO  server.RaftServerConfigKeys (ConfUtils.java:logGet(43)) - raft.server.log.purge.gap = 1000000 (custom)
2019-09-26 10:48:55,257 [pool-577-thread-1] INFO  server.RaftServerConfigKeys (ConfUtils.java:logGet(43)) - raft.server.log.appender.buffer.byte-limit = 33554432 (custom)
2019-09-26 10:48:55,257 [pool-577-thread-1] INFO  server.RaftServerConfigKeys (ConfUtils.java:logGet(43)) - raft.server.log.segment.size.max = 1048576 (custom)
2019-09-26 10:48:55,257 [pool-577-thread-1] INFO  server.RaftServerConfigKeys (ConfUtils.java:logGet(43)) - raft.server.log.segment.cache.num.max = 2 (custom)
2019-09-26 10:48:55,257 [pool-577-thread-1] INFO  segmented.SegmentedRaftLogWorker (SegmentedRaftLogWorker.java:<init>(172)) - new 7c3babc5-8207-4c42-8723-9fc09bd813a2@group-DF52B807AFDE-SegmentedRaftLogWorker for RaftStorage:Storage Directory /workdir/hadoop-ozone/ozonefs/target/test-dir/MiniOzoneClusterImpl-bf023d99-d452-41c9-bfe9-395987bceec1/datanode-0/data/ratis/f44a5ad6-2b07-4729-b51d-df52b807afde
2019-09-26 10:48:55,260 [pool-577-thread-1] INFO  server.RaftServerConfigKeys (ConfUtils.java:logGet(43)) - raft.server.log.queue.byte-limit = 2147483647 (custom)
2019-09-26 10:48:55,260 [pool-577-thread-1] INFO  server.RaftServerConfigKeys (ConfUtils.java:logGet(43)) - raft.server.log.queue.element-limit = 1024 (custom)
2019-09-26 10:48:55,260 [pool-577-thread-1] INFO  server.RaftServerConfigKeys (ConfUtils.java:logGet(43)) - raft.server.log.segment.size.max = 1048576 (custom)
2019-09-26 10:48:55,260 [pool-577-thread-1] INFO  server.RaftServerConfigKeys (ConfUtils.java:logGet(43)) - raft.server.log.preallocated.size = 16384 (custom)
2019-09-26 10:48:55,260 [pool-577-thread-1] INFO  server.RaftServerConfigKeys (ConfUtils.java:logGet(43)) - raft.server.log.write.buffer.size = 33554432 (custom)
2019-09-26 10:48:55,260 [pool-577-thread-1] INFO  server.RaftServerConfigKeys (ConfUtils.java:logGet(43)) - raft.server.log.force.sync.num = 128 (default)
2019-09-26 10:48:55,260 [pool-577-thread-1] INFO  server.RaftServerConfigKeys (ConfUtils.java:logGet(43)) - raft.server.log.statemachine.data.sync = true (default)
2019-09-26 10:48:55,261 [pool-577-thread-1] INFO  server.RaftServerConfigKeys (ConfUtils.java:logGet(43)) - raft.server.log.statemachine.data.sync.timeout = 10s (default)
2019-09-26 10:48:55,261 [pool-577-thread-1] INFO  server.RaftServerConfigKeys (ConfUtils.java:logGet(43)) - raft.server.log.statemachine.data.sync.timeout.retry = -1 (default)
2019-09-26 10:48:55,261 [pool-577-thread-1] INFO  server.RaftServerConfigKeys (ConfUtils.java:logGet(43)) - raft.server.log.statemachine.data.caching.enabled = true (custom)
2019-09-26 10:48:55,262 [pool-577-thread-1] INFO  segmented.SegmentedRaftLogWorker (SegmentedRaftLogWorker.java:lambda$new$0(132)) - 7c3babc5-8207-4c42-8723-9fc09bd813a2@group-DF52B807AFDE-SegmentedRaftLogWorker: flushIndex: setUnconditionally 0 -> -1
2019-09-26 10:48:55,262 [pool-577-thread-1] INFO  server.RaftServerConfigKeys (ConfUtils.java:logGet(43)) - raft.server.snapshot.auto.trigger.enabled = true (custom)
2019-09-26 10:48:55,262 [pool-577-thread-1] INFO  server.RaftServerConfigKeys (ConfUtils.java:logGet(43)) - raft.server.snapshot.auto.trigger.threshold = 10000 (custom)
2019-09-26 10:48:55,262 [pool-577-thread-1] INFO  server.RaftServerConfigKeys (ConfUtils.java:logGet(43)) - raft.server.snapshot.retention.num.files = 5 (custom)
2019-09-26 10:48:55,262 [pool-577-thread-1] INFO  server.RaftServerConfigKeys (ConfUtils.java:logGet(43)) - raft.server.retrycache.expirytime = 600000ms (custom)
2019-09-26 10:48:55,265 [pool-577-thread-1] INFO  impl.RaftServerImpl (RaftServerImpl.java:start(185)) - 7c3babc5-8207-4c42-8723-9fc09bd813a2@group-DF52B807AFDE: start as a follower, conf=-1: [7c3babc5-8207-4c42-8723-9fc09bd813a2:192.168.30.13:45472], old=null
2019-09-26 10:48:55,265 [pool-577-thread-1] INFO  impl.RaftServerImpl (RaftServerImpl.java:setRole(174)) - 7c3babc5-8207-4c42-8723-9fc09bd813a2@group-DF52B807AFDE: changes role from      null to FOLLOWER at term 0 for startAsFollower
2019-09-26 10:48:55,265 [pool-577-thread-1] INFO  impl.RoleInfo (RoleInfo.java:updateAndGet(143)) - 7c3babc5-8207-4c42-8723-9fc09bd813a2: start FollowerState
2019-09-26 10:48:55,265 [pool-577-thread-1] INFO  util.JmxRegister (JmxRegister.java:tryRegister(44)) - Successfully registered JMX Bean with object name Ratis:service=RaftServer,group=group-DF52B807AFDE,id=7c3babc5-8207-4c42-8723-9fc09bd813a2
2019-09-26 10:48:55,269 [RatisPipelineUtilsThread] INFO  pipeline.PipelineStateManager (PipelineStateManager.java:addPipeline(56)) - Created pipeline Pipeline[ Id: f44a5ad6-2b07-4729-b51d-df52b807afde, Nodes: 7c3babc5-8207-4c42-8723-9fc09bd813a2{ip: 192.168.30.13, host: pr-hdds-1569-wvzgm-824869521, networkLocation: /default-rack, certSerialId: null}, Type:RATIS, Factor:ONE, State:OPEN]
2019-09-26 10:48:55,275 [grpc-default-executor-0] INFO  impl.RaftServerProxy (RaftServerProxy.java:addNew(89)) - 7c3babc5-8207-4c42-8723-9fc09bd813a2: addNew group-EE1CCC669682:[7c3babc5-8207-4c42-8723-9fc09bd813a2:192.168.30.13:45472] returns group-EE1CCC669682:java.util.concurrent.CompletableFuture@33955c2c[Not completed]
2019-09-26 10:48:55,277 [pool-577-thread-1] INFO  impl.RaftServerImpl (RaftServerImpl.java:<init>(95)) - 7c3babc5-8207-4c42-8723-9fc09bd813a2: new RaftServerImpl for group-EE1CCC669682:[7c3babc5-8207-4c42-8723-9fc09bd813a2:192.168.30.13:45472] with ContainerStateMachine:uninitialized
2019-09-26 10:48:55,277 [pool-577-thread-1] INFO  server.RaftServerConfigKeys (ConfUtils.java:logGet(43)) - raft.server.rpc.timeout.min = 5s (custom)
2019-09-26 10:48:55,278 [pool-577-thread-1] INFO  server.RaftServerConfigKeys (ConfUtils.java:logGet(43)) - raft.server.rpc.timeout.max = 5200ms (custom)
2019-09-26 10:48:55,278 [pool-577-thread-1] INFO  server.RaftServerConfigKeys (ConfUtils.java:logGet(43)) - raft.server.rpcslowness.timeout = 120s (custom)
2019-09-26 10:48:55,278 [pool-577-thread-1] INFO  server.RaftServerConfigKeys (ConfUtils.java:logGet(43)) - raft.server.sleep.deviation.threshold = 300 (default)
2019-09-26 10:48:55,278 [pool-577-thread-1] INFO  server.RaftServerConfigKeys (ConfUtils.java:logGet(43)) - raft.server.log.appender.install.snapshot.enabled = false (custom)
2019-09-26 10:48:55,278 [pool-577-thread-1] INFO  impl.RaftServerImpl (ServerState.java:<init>(103)) - 7c3babc5-8207-4c42-8723-9fc09bd813a2@group-EE1CCC669682: ConfigurationManager, init=-1: [7c3babc5-8207-4c42-8723-9fc09bd813a2:192.168.30.13:45472], old=null, confs=<EMPTY_MAP>
2019-09-26 10:48:55,278 [pool-577-thread-1] INFO  server.RaftServerConfigKeys (ConfUtils.java:logGet(43)) - raft.server.storage.dir = [/workdir/hadoop-ozone/ozonefs/target/test-dir/MiniOzoneClusterImpl-bf023d99-d452-41c9-bfe9-395987bceec1/datanode-0/data/ratis] (custom)
2019-09-26 10:48:55,279 [pool-577-thread-1] INFO  storage.RaftStorageDirectory (RaftStorageDirectory.java:analyzeStorage(246)) - The storage directory /workdir/hadoop-ozone/ozonefs/target/test-dir/MiniOzoneClusterImpl-bf023d99-d452-41c9-bfe9-395987bceec1/datanode-0/data/ratis/ac810266-6ecb-4f1b-964b-ee1ccc669682 does not exist. Creating ...
2019-09-26 10:48:55,292 [pool-577-thread-1] INFO  storage.RaftStorageDirectory (RaftStorageDirectory.java:tryLock(328)) - Lock on /workdir/hadoop-ozone/ozonefs/target/test-dir/MiniOzoneClusterImpl-bf023d99-d452-41c9-bfe9-395987bceec1/datanode-0/data/ratis/ac810266-6ecb-4f1b-964b-ee1ccc669682/in_use.lock acquired by nodename 17018@pr-hdds-1569-wvzgm-824869521
2019-09-26 10:48:55,293 [IPC Server handler 0 on 37862] INFO  net.NetworkTopology (NetworkTopologyImpl.java:add(111)) - Added a new node: /default-rack/de4ca06f-7dd1-4c49-a62e-4321f7c724ce
2019-09-26 10:48:55,293 [IPC Server handler 0 on 37862] INFO  node.SCMNodeManager (SCMNodeManager.java:register(266)) - Registered Data node : de4ca06f-7dd1-4c49-a62e-4321f7c724ce{ip: 192.168.30.13, host: pr-hdds-1569-wvzgm-824869521, networkLocation: /default-rack, certSerialId: null}
2019-09-26 10:48:55,305 [pool-577-thread-1] INFO  storage.RaftStorage (RaftStorage.java:format(72)) - Storage directory /workdir/hadoop-ozone/ozonefs/target/test-dir/MiniOzoneClusterImpl-bf023d99-d452-41c9-bfe9-395987bceec1/datanode-0/data/ratis/ac810266-6ecb-4f1b-964b-ee1ccc669682 has been successfully formatted.
2019-09-26 10:48:55,305 [pool-577-thread-1] INFO  ratis.ContainerStateMachine (ContainerStateMachine.java:loadSnapshot(230)) - group-EE1CCC669682: The snapshot info is null. Setting the last applied indexto:(t:0, i:~)
2019-09-26 10:48:55,305 [pool-577-thread-1] INFO  server.RaftServerConfigKeys (ConfUtils.java:logGet(43)) - raft.server.notification.no-leader.timeout = 120s (custom)
2019-09-26 10:48:55,305 [pool-577-thread-1] INFO  server.RaftServerConfigKeys (ConfUtils.java:logGet(43)) - raft.server.log.use.memory = false (default)
2019-09-26 10:48:55,305 [pool-577-thread-1] INFO  server.RaftServerConfigKeys (ConfUtils.java:logGet(43)) - raft.server.log.purge.gap = 1000000 (custom)
2019-09-26 10:48:55,306 [pool-577-thread-1] INFO  server.RaftServerConfigKeys (ConfUtils.java:logGet(43)) - raft.server.log.appender.buffer.byte-limit = 33554432 (custom)
2019-09-26 10:48:55,306 [pool-577-thread-1] INFO  server.RaftServerConfigKeys (ConfUtils.java:logGet(43)) - raft.server.log.segment.size.max = 1048576 (custom)
2019-09-26 10:48:55,306 [pool-577-thread-1] INFO  server.RaftServerConfigKeys (ConfUtils.java:logGet(43)) - raft.server.log.segment.cache.num.max = 2 (custom)
2019-09-26 10:48:55,306 [pool-577-thread-1] INFO  segmented.SegmentedRaftLogWorker (SegmentedRaftLogWorker.java:<init>(172)) - new 7c3babc5-8207-4c42-8723-9fc09bd813a2@group-EE1CCC669682-SegmentedRaftLogWorker for RaftStorage:Storage Directory /workdir/hadoop-ozone/ozonefs/target/test-dir/MiniOzoneClusterImpl-bf023d99-d452-41c9-bfe9-395987bceec1/datanode-0/data/ratis/ac810266-6ecb-4f1b-964b-ee1ccc669682
2019-09-26 10:48:55,306 [pool-577-thread-1] INFO  server.RaftServerConfigKeys (ConfUtils.java:logGet(43)) - raft.server.log.queue.byte-limit = 2147483647 (custom)
2019-09-26 10:48:55,306 [pool-577-thread-1] INFO  server.RaftServerConfigKeys (ConfUtils.java:logGet(43)) - raft.server.log.queue.element-limit = 1024 (custom)
2019-09-26 10:48:55,306 [pool-577-thread-1] INFO  server.RaftServerConfigKeys (ConfUtils.java:logGet(43)) - raft.server.log.segment.size.max = 1048576 (custom)
2019-09-26 10:48:55,307 [pool-577-thread-1] INFO  server.RaftServerConfigKeys (ConfUtils.java:logGet(43)) - raft.server.log.preallocated.size = 16384 (custom)
2019-09-26 10:48:55,307 [pool-577-thread-1] INFO  server.RaftServerConfigKeys (ConfUtils.java:logGet(43)) - raft.server.log.write.buffer.size = 33554432 (custom)
2019-09-26 10:48:55,307 [pool-577-thread-1] INFO  server.RaftServerConfigKeys (ConfUtils.java:logGet(43)) - raft.server.log.force.sync.num = 128 (default)
2019-09-26 10:48:55,307 [pool-577-thread-1] INFO  server.RaftServerConfigKeys (ConfUtils.java:logGet(43)) - raft.server.log.statemachine.data.sync = true (default)
2019-09-26 10:48:55,307 [pool-577-thread-1] INFO  server.RaftServerConfigKeys (ConfUtils.java:logGet(43)) - raft.server.log.statemachine.data.sync.timeout = 10s (default)
2019-09-26 10:48:55,307 [pool-577-thread-1] INFO  server.RaftServerConfigKeys (ConfUtils.java:logGet(43)) - raft.server.log.statemachine.data.sync.timeout.retry = -1 (default)
2019-09-26 10:48:55,307 [pool-577-thread-1] INFO  server.RaftServerConfigKeys (ConfUtils.java:logGet(43)) - raft.server.log.statemachine.data.caching.enabled = true (custom)
2019-09-26 10:48:55,308 [pool-577-thread-1] INFO  segmented.SegmentedRaftLogWorker (SegmentedRaftLogWorker.java:lambda$new$0(132)) - 7c3babc5-8207-4c42-8723-9fc09bd813a2@group-EE1CCC669682-SegmentedRaftLogWorker: flushIndex: setUnconditionally 0 -> -1
2019-09-26 10:48:55,308 [pool-577-thread-1] INFO  server.RaftServerConfigKeys (ConfUtils.java:logGet(43)) - raft.server.snapshot.auto.trigger.enabled = true (custom)
2019-09-26 10:48:55,308 [pool-577-thread-1] INFO  server.RaftServerConfigKeys (ConfUtils.java:logGet(43)) - raft.server.snapshot.auto.trigger.threshold = 10000 (custom)
2019-09-26 10:48:55,308 [pool-577-thread-1] INFO  server.RaftServerConfigKeys (ConfUtils.java:logGet(43)) - raft.server.snapshot.retention.num.files = 5 (custom)
2019-09-26 10:48:55,308 [pool-577-thread-1] INFO  server.RaftServerConfigKeys (ConfUtils.java:logGet(43)) - raft.server.retrycache.expirytime = 600000ms (custom)
2019-09-26 10:48:55,310 [pool-577-thread-1] INFO  impl.RaftServerImpl (RaftServerImpl.java:start(185)) - 7c3babc5-8207-4c42-8723-9fc09bd813a2@group-EE1CCC669682: start as a follower, conf=-1: [7c3babc5-8207-4c42-8723-9fc09bd813a2:192.168.30.13:45472], old=null
2019-09-26 10:48:55,310 [pool-577-thread-1] INFO  impl.RaftServerImpl (RaftServerImpl.java:setRole(174)) - 7c3babc5-8207-4c42-8723-9fc09bd813a2@group-EE1CCC669682: changes role from      null to FOLLOWER at term 0 for startAsFollower
2019-09-26 10:48:55,311 [pool-577-thread-1] INFO  impl.RoleInfo (RoleInfo.java:updateAndGet(143)) - 7c3babc5-8207-4c42-8723-9fc09bd813a2: start FollowerState
2019-09-26 10:48:55,311 [pool-577-thread-1] INFO  util.JmxRegister (JmxRegister.java:tryRegister(44)) - Successfully registered JMX Bean with object name Ratis:service=RaftServer,group=group-EE1CCC669682,id=7c3babc5-8207-4c42-8723-9fc09bd813a2
2019-09-26 10:48:55,314 [RatisPipelineUtilsThread] INFO  pipeline.PipelineStateManager (PipelineStateManager.java:addPipeline(56)) - Created pipeline Pipeline[ Id: ac810266-6ecb-4f1b-964b-ee1ccc669682, Nodes: 7c3babc5-8207-4c42-8723-9fc09bd813a2{ip: 192.168.30.13, host: pr-hdds-1569-wvzgm-824869521, networkLocation: /default-rack, certSerialId: null}, Type:RATIS, Factor:ONE, State:OPEN]
2019-09-26 10:48:55,318 [grpc-default-executor-0] INFO  impl.RaftServerProxy (RaftServerProxy.java:addNew(89)) - 7c3babc5-8207-4c42-8723-9fc09bd813a2: addNew group-8C205114F935:[7c3babc5-8207-4c42-8723-9fc09bd813a2:192.168.30.13:45472] returns group-8C205114F935:java.util.concurrent.CompletableFuture@627203cb[Not completed]
2019-09-26 10:48:55,319 [pool-577-thread-1] INFO  impl.RaftServerImpl (RaftServerImpl.java:<init>(95)) - 7c3babc5-8207-4c42-8723-9fc09bd813a2: new RaftServerImpl for group-8C205114F935:[7c3babc5-8207-4c42-8723-9fc09bd813a2:192.168.30.13:45472] with ContainerStateMachine:uninitialized
2019-09-26 10:48:55,319 [pool-577-thread-1] INFO  server.RaftServerConfigKeys (ConfUtils.java:logGet(43)) - raft.server.rpc.timeout.min = 5s (custom)
2019-09-26 10:48:55,320 [pool-577-thread-1] INFO  server.RaftServerConfigKeys (ConfUtils.java:logGet(43)) - raft.server.rpc.timeout.max = 5200ms (custom)
2019-09-26 10:48:55,320 [pool-577-thread-1] INFO  server.RaftServerConfigKeys (ConfUtils.java:logGet(43)) - raft.server.rpcslowness.timeout = 120s (custom)
2019-09-26 10:48:55,320 [pool-577-thread-1] INFO  server.RaftServerConfigKeys (ConfUtils.java:logGet(43)) - raft.server.sleep.deviation.threshold = 300 (default)
2019-09-26 10:48:55,320 [pool-577-thread-1] INFO  server.RaftServerConfigKeys (ConfUtils.java:logGet(43)) - raft.server.log.appender.install.snapshot.enabled = false (custom)
2019-09-26 10:48:55,320 [pool-577-thread-1] INFO  impl.RaftServerImpl (ServerState.java:<init>(103)) - 7c3babc5-8207-4c42-8723-9fc09bd813a2@group-8C205114F935: ConfigurationManager, init=-1: [7c3babc5-8207-4c42-8723-9fc09bd813a2:192.168.30.13:45472], old=null, confs=<EMPTY_MAP>
2019-09-26 10:48:55,320 [pool-577-thread-1] INFO  server.RaftServerConfigKeys (ConfUtils.java:logGet(43)) - raft.server.storage.dir = [/workdir/hadoop-ozone/ozonefs/target/test-dir/MiniOzoneClusterImpl-bf023d99-d452-41c9-bfe9-395987bceec1/datanode-0/data/ratis] (custom)
2019-09-26 10:48:55,321 [pool-577-thread-1] INFO  storage.RaftStorageDirectory (RaftStorageDirectory.java:analyzeStorage(246)) - The storage directory /workdir/hadoop-ozone/ozonefs/target/test-dir/MiniOzoneClusterImpl-bf023d99-d452-41c9-bfe9-395987bceec1/datanode-0/data/ratis/bfecf454-d566-44ef-bd1e-8c205114f935 does not exist. Creating ...
2019-09-26 10:48:55,333 [pool-577-thread-1] INFO  storage.RaftStorageDirectory (RaftStorageDirectory.java:tryLock(328)) - Lock on /workdir/hadoop-ozone/ozonefs/target/test-dir/MiniOzoneClusterImpl-bf023d99-d452-41c9-bfe9-395987bceec1/datanode-0/data/ratis/bfecf454-d566-44ef-bd1e-8c205114f935/in_use.lock acquired by nodename 17018@pr-hdds-1569-wvzgm-824869521
2019-09-26 10:48:55,346 [pool-577-thread-1] INFO  storage.RaftStorage (RaftStorage.java:format(72)) - Storage directory /workdir/hadoop-ozone/ozonefs/target/test-dir/MiniOzoneClusterImpl-bf023d99-d452-41c9-bfe9-395987bceec1/datanode-0/data/ratis/bfecf454-d566-44ef-bd1e-8c205114f935 has been successfully formatted.
2019-09-26 10:48:55,346 [pool-577-thread-1] INFO  ratis.ContainerStateMachine (ContainerStateMachine.java:loadSnapshot(230)) - group-8C205114F935: The snapshot info is null. Setting the last applied indexto:(t:0, i:~)
2019-09-26 10:48:55,346 [pool-577-thread-1] INFO  server.RaftServerConfigKeys (ConfUtils.java:logGet(43)) - raft.server.notification.no-leader.timeout = 120s (custom)
2019-09-26 10:48:55,346 [pool-577-thread-1] INFO  server.RaftServerConfigKeys (ConfUtils.java:logGet(43)) - raft.server.log.use.memory = false (default)
2019-09-26 10:48:55,347 [pool-577-thread-1] INFO  server.RaftServerConfigKeys (ConfUtils.java:logGet(43)) - raft.server.log.purge.gap = 1000000 (custom)
2019-09-26 10:48:55,347 [pool-577-thread-1] INFO  server.RaftServerConfigKeys (ConfUtils.java:logGet(43)) - raft.server.log.appender.buffer.byte-limit = 33554432 (custom)
2019-09-26 10:48:55,347 [pool-577-thread-1] INFO  server.RaftServerConfigKeys (ConfUtils.java:logGet(43)) - raft.server.log.segment.size.max = 1048576 (custom)
2019-09-26 10:48:55,347 [pool-577-thread-1] INFO  server.RaftServerConfigKeys (ConfUtils.java:logGet(43)) - raft.server.log.segment.cache.num.max = 2 (custom)
2019-09-26 10:48:55,347 [pool-577-thread-1] INFO  segmented.SegmentedRaftLogWorker (SegmentedRaftLogWorker.java:<init>(172)) - new 7c3babc5-8207-4c42-8723-9fc09bd813a2@group-8C205114F935-SegmentedRaftLogWorker for RaftStorage:Storage Directory /workdir/hadoop-ozone/ozonefs/target/test-dir/MiniOzoneClusterImpl-bf023d99-d452-41c9-bfe9-395987bceec1/datanode-0/data/ratis/bfecf454-d566-44ef-bd1e-8c205114f935
2019-09-26 10:48:55,347 [pool-577-thread-1] INFO  server.RaftServerConfigKeys (ConfUtils.java:logGet(43)) - raft.server.log.queue.byte-limit = 2147483647 (custom)
2019-09-26 10:48:55,347 [pool-577-thread-1] INFO  server.RaftServerConfigKeys (ConfUtils.java:logGet(43)) - raft.server.log.queue.element-limit = 1024 (custom)
2019-09-26 10:48:55,348 [pool-577-thread-1] INFO  server.RaftServerConfigKeys (ConfUtils.java:logGet(43)) - raft.server.log.segment.size.max = 1048576 (custom)
2019-09-26 10:48:55,348 [pool-577-thread-1] INFO  server.RaftServerConfigKeys (ConfUtils.java:logGet(43)) - raft.server.log.preallocated.size = 16384 (custom)
2019-09-26 10:48:55,348 [pool-577-thread-1] INFO  server.RaftServerConfigKeys (ConfUtils.java:logGet(43)) - raft.server.log.write.buffer.size = 33554432 (custom)
2019-09-26 10:48:55,348 [pool-577-thread-1] INFO  server.RaftServerConfigKeys (ConfUtils.java:logGet(43)) - raft.server.log.force.sync.num = 128 (default)
2019-09-26 10:48:55,348 [pool-577-thread-1] INFO  server.RaftServerConfigKeys (ConfUtils.java:logGet(43)) - raft.server.log.statemachine.data.sync = true (default)
2019-09-26 10:48:55,348 [pool-577-thread-1] INFO  server.RaftServerConfigKeys (ConfUtils.java:logGet(43)) - raft.server.log.statemachine.data.sync.timeout = 10s (default)
2019-09-26 10:48:55,348 [pool-577-thread-1] INFO  server.RaftServerConfigKeys (ConfUtils.java:logGet(43)) - raft.server.log.statemachine.data.sync.timeout.retry = -1 (default)
2019-09-26 10:48:55,348 [pool-577-thread-1] INFO  server.RaftServerConfigKeys (ConfUtils.java:logGet(43)) - raft.server.log.statemachine.data.caching.enabled = true (custom)
2019-09-26 10:48:55,349 [pool-577-thread-1] INFO  segmented.SegmentedRaftLogWorker (SegmentedRaftLogWorker.java:lambda$new$0(132)) - 7c3babc5-8207-4c42-8723-9fc09bd813a2@group-8C205114F935-SegmentedRaftLogWorker: flushIndex: setUnconditionally 0 -> -1
2019-09-26 10:48:55,349 [pool-577-thread-1] INFO  server.RaftServerConfigKeys (ConfUtils.java:logGet(43)) - raft.server.snapshot.auto.trigger.enabled = true (custom)
2019-09-26 10:48:55,349 [pool-577-thread-1] INFO  server.RaftServerConfigKeys (ConfUtils.java:logGet(43)) - raft.server.snapshot.auto.trigger.threshold = 10000 (custom)
2019-09-26 10:48:55,349 [pool-577-thread-1] INFO  server.RaftServerConfigKeys (ConfUtils.java:logGet(43)) - raft.server.snapshot.retention.num.files = 5 (custom)
2019-09-26 10:48:55,350 [pool-577-thread-1] INFO  server.RaftServerConfigKeys (ConfUtils.java:logGet(43)) - raft.server.retrycache.expirytime = 600000ms (custom)
2019-09-26 10:48:55,351 [pool-577-thread-1] INFO  impl.RaftServerImpl (RaftServerImpl.java:start(185)) - 7c3babc5-8207-4c42-8723-9fc09bd813a2@group-8C205114F935: start as a follower, conf=-1: [7c3babc5-8207-4c42-8723-9fc09bd813a2:192.168.30.13:45472], old=null
2019-09-26 10:48:55,351 [pool-577-thread-1] INFO  impl.RaftServerImpl (RaftServerImpl.java:setRole(174)) - 7c3babc5-8207-4c42-8723-9fc09bd813a2@group-8C205114F935: changes role from      null to FOLLOWER at term 0 for startAsFollower
2019-09-26 10:48:55,351 [pool-577-thread-1] INFO  impl.RoleInfo (RoleInfo.java:updateAndGet(143)) - 7c3babc5-8207-4c42-8723-9fc09bd813a2: start FollowerState
2019-09-26 10:48:55,352 [pool-577-thread-1] INFO  util.JmxRegister (JmxRegister.java:tryRegister(44)) - Successfully registered JMX Bean with object name Ratis:service=RaftServer,group=group-8C205114F935,id=7c3babc5-8207-4c42-8723-9fc09bd813a2
2019-09-26 10:48:55,354 [RatisPipelineUtilsThread] INFO  pipeline.PipelineStateManager (PipelineStateManager.java:addPipeline(56)) - Created pipeline Pipeline[ Id: bfecf454-d566-44ef-bd1e-8c205114f935, Nodes: 7c3babc5-8207-4c42-8723-9fc09bd813a2{ip: 192.168.30.13, host: pr-hdds-1569-wvzgm-824869521, networkLocation: /default-rack, certSerialId: null}, Type:RATIS, Factor:ONE, State:OPEN]
2019-09-26 10:48:55,359 [grpc-default-executor-0] INFO  impl.RaftServerProxy (RaftServerProxy.java:addNew(89)) - 7c3babc5-8207-4c42-8723-9fc09bd813a2: addNew group-F112721E17AF:[7c3babc5-8207-4c42-8723-9fc09bd813a2:192.168.30.13:45472] returns group-F112721E17AF:java.util.concurrent.CompletableFuture@2803ef34[Not completed]
2019-09-26 10:48:55,360 [pool-577-thread-1] INFO  impl.RaftServerImpl (RaftServerImpl.java:<init>(95)) - 7c3babc5-8207-4c42-8723-9fc09bd813a2: new RaftServerImpl for group-F112721E17AF:[7c3babc5-8207-4c42-8723-9fc09bd813a2:192.168.30.13:45472] with ContainerStateMachine:uninitialized
2019-09-26 10:48:55,360 [pool-577-thread-1] INFO  server.RaftServerConfigKeys (ConfUtils.java:logGet(43)) - raft.server.rpc.timeout.min = 5s (custom)
2019-09-26 10:48:55,360 [pool-577-thread-1] INFO  server.RaftServerConfigKeys (ConfUtils.java:logGet(43)) - raft.server.rpc.timeout.max = 5200ms (custom)
2019-09-26 10:48:55,360 [pool-577-thread-1] INFO  server.RaftServerConfigKeys (ConfUtils.java:logGet(43)) - raft.server.rpcslowness.timeout = 120s (custom)
2019-09-26 10:48:55,361 [pool-577-thread-1] INFO  server.RaftServerConfigKeys (ConfUtils.java:logGet(43)) - raft.server.sleep.deviation.threshold = 300 (default)
2019-09-26 10:48:55,361 [pool-577-thread-1] INFO  server.RaftServerConfigKeys (ConfUtils.java:logGet(43)) - raft.server.log.appender.install.snapshot.enabled = false (custom)
2019-09-26 10:48:55,361 [pool-577-thread-1] INFO  impl.RaftServerImpl (ServerState.java:<init>(103)) - 7c3babc5-8207-4c42-8723-9fc09bd813a2@group-F112721E17AF: ConfigurationManager, init=-1: [7c3babc5-8207-4c42-8723-9fc09bd813a2:192.168.30.13:45472], old=null, confs=<EMPTY_MAP>
2019-09-26 10:48:55,361 [pool-577-thread-1] INFO  server.RaftServerConfigKeys (ConfUtils.java:logGet(43)) - raft.server.storage.dir = [/workdir/hadoop-ozone/ozonefs/target/test-dir/MiniOzoneClusterImpl-bf023d99-d452-41c9-bfe9-395987bceec1/datanode-0/data/ratis] (custom)
2019-09-26 10:48:55,361 [pool-577-thread-1] INFO  storage.RaftStorageDirectory (RaftStorageDirectory.java:analyzeStorage(246)) - The storage directory /workdir/hadoop-ozone/ozonefs/target/test-dir/MiniOzoneClusterImpl-bf023d99-d452-41c9-bfe9-395987bceec1/datanode-0/data/ratis/d0d6c202-6e95-41d0-89f4-f112721e17af does not exist. Creating ...
2019-09-26 10:48:55,367 [main] INFO  ozone.MiniOzoneClusterImpl (MiniOzoneClusterImpl.java:lambda$waitForClusterToBeReady$0(147)) - Waiting for cluster to be ready. Got 2 of 3 DN Heartbeats.
2019-09-26 10:48:55,368 [IPC Server handler 2 on 37862] INFO  net.NetworkTopology (NetworkTopologyImpl.java:add(111)) - Added a new node: /default-rack/d8c8cef8-9a6a-4c7a-82e9-31382e1ae247
2019-09-26 10:48:55,368 [IPC Server handler 2 on 37862] INFO  node.SCMNodeManager (SCMNodeManager.java:register(266)) - Registered Data node : d8c8cef8-9a6a-4c7a-82e9-31382e1ae247{ip: 192.168.30.13, host: pr-hdds-1569-wvzgm-824869521, networkLocation: /default-rack, certSerialId: null}
2019-09-26 10:48:55,374 [pool-577-thread-1] INFO  storage.RaftStorageDirectory (RaftStorageDirectory.java:tryLock(328)) - Lock on /workdir/hadoop-ozone/ozonefs/target/test-dir/MiniOzoneClusterImpl-bf023d99-d452-41c9-bfe9-395987bceec1/datanode-0/data/ratis/d0d6c202-6e95-41d0-89f4-f112721e17af/in_use.lock acquired by nodename 17018@pr-hdds-1569-wvzgm-824869521
2019-09-26 10:48:55,388 [pool-577-thread-1] INFO  storage.RaftStorage (RaftStorage.java:format(72)) - Storage directory /workdir/hadoop-ozone/ozonefs/target/test-dir/MiniOzoneClusterImpl-bf023d99-d452-41c9-bfe9-395987bceec1/datanode-0/data/ratis/d0d6c202-6e95-41d0-89f4-f112721e17af has been successfully formatted.
2019-09-26 10:48:55,388 [pool-577-thread-1] INFO  ratis.ContainerStateMachine (ContainerStateMachine.java:loadSnapshot(230)) - group-F112721E17AF: The snapshot info is null. Setting the last applied indexto:(t:0, i:~)
2019-09-26 10:48:55,388 [pool-577-thread-1] INFO  server.RaftServerConfigKeys (ConfUtils.java:logGet(43)) - raft.server.notification.no-leader.timeout = 120s (custom)
2019-09-26 10:48:55,388 [pool-577-thread-1] INFO  server.RaftServerConfigKeys (ConfUtils.java:logGet(43)) - raft.server.log.use.memory = false (default)
2019-09-26 10:48:55,388 [pool-577-thread-1] INFO  server.RaftServerConfigKeys (ConfUtils.java:logGet(43)) - raft.server.log.purge.gap = 1000000 (custom)
2019-09-26 10:48:55,389 [pool-577-thread-1] INFO  server.RaftServerConfigKeys (ConfUtils.java:logGet(43)) - raft.server.log.appender.buffer.byte-limit = 33554432 (custom)
2019-09-26 10:48:55,389 [pool-577-thread-1] INFO  server.RaftServerConfigKeys (ConfUtils.java:logGet(43)) - raft.server.log.segment.size.max = 1048576 (custom)
2019-09-26 10:48:55,389 [pool-577-thread-1] INFO  server.RaftServerConfigKeys (ConfUtils.java:logGet(43)) - raft.server.log.segment.cache.num.max = 2 (custom)
2019-09-26 10:48:55,389 [pool-577-thread-1] INFO  segmented.SegmentedRaftLogWorker (SegmentedRaftLogWorker.java:<init>(172)) - new 7c3babc5-8207-4c42-8723-9fc09bd813a2@group-F112721E17AF-SegmentedRaftLogWorker for RaftStorage:Storage Directory /workdir/hadoop-ozone/ozonefs/target/test-dir/MiniOzoneClusterImpl-bf023d99-d452-41c9-bfe9-395987bceec1/datanode-0/data/ratis/d0d6c202-6e95-41d0-89f4-f112721e17af
2019-09-26 10:48:55,389 [pool-577-thread-1] INFO  server.RaftServerConfigKeys (ConfUtils.java:logGet(43)) - raft.server.log.queue.byte-limit = 2147483647 (custom)
2019-09-26 10:48:55,389 [pool-577-thread-1] INFO  server.RaftServerConfigKeys (ConfUtils.java:logGet(43)) - raft.server.log.queue.element-limit = 1024 (custom)
2019-09-26 10:48:55,389 [pool-577-thread-1] INFO  server.RaftServerConfigKeys (ConfUtils.java:logGet(43)) - raft.server.log.segment.size.max = 1048576 (custom)
2019-09-26 10:48:55,390 [pool-577-thread-1] INFO  server.RaftServerConfigKeys (ConfUtils.java:logGet(43)) - raft.server.log.preallocated.size = 16384 (custom)
2019-09-26 10:48:55,390 [pool-577-thread-1] INFO  server.RaftServerConfigKeys (ConfUtils.java:logGet(43)) - raft.server.log.write.buffer.size = 33554432 (custom)
2019-09-26 10:48:55,390 [pool-577-thread-1] INFO  server.RaftServerConfigKeys (ConfUtils.java:logGet(43)) - raft.server.log.force.sync.num = 128 (default)
2019-09-26 10:48:55,390 [pool-577-thread-1] INFO  server.RaftServerConfigKeys (ConfUtils.java:logGet(43)) - raft.server.log.statemachine.data.sync = true (default)
2019-09-26 10:48:55,390 [pool-577-thread-1] INFO  server.RaftServerConfigKeys (ConfUtils.java:logGet(43)) - raft.server.log.statemachine.data.sync.timeout = 10s (default)
2019-09-26 10:48:55,390 [pool-577-thread-1] INFO  server.RaftServerConfigKeys (ConfUtils.java:logGet(43)) - raft.server.log.statemachine.data.sync.timeout.retry = -1 (default)
2019-09-26 10:48:55,390 [pool-577-thread-1] INFO  server.RaftServerConfigKeys (ConfUtils.java:logGet(43)) - raft.server.log.statemachine.data.caching.enabled = true (custom)
2019-09-26 10:48:55,391 [pool-577-thread-1] INFO  segmented.SegmentedRaftLogWorker (SegmentedRaftLogWorker.java:lambda$new$0(132)) - 7c3babc5-8207-4c42-8723-9fc09bd813a2@group-F112721E17AF-SegmentedRaftLogWorker: flushIndex: setUnconditionally 0 -> -1
2019-09-26 10:48:55,391 [pool-577-thread-1] INFO  server.RaftServerConfigKeys (ConfUtils.java:logGet(43)) - raft.server.snapshot.auto.trigger.enabled = true (custom)
2019-09-26 10:48:55,391 [pool-577-thread-1] INFO  server.RaftServerConfigKeys (ConfUtils.java:logGet(43)) - raft.server.snapshot.auto.trigger.threshold = 10000 (custom)
2019-09-26 10:48:55,391 [pool-577-thread-1] INFO  server.RaftServerConfigKeys (ConfUtils.java:logGet(43)) - raft.server.snapshot.retention.num.files = 5 (custom)
2019-09-26 10:48:55,391 [pool-577-thread-1] INFO  server.RaftServerConfigKeys (ConfUtils.java:logGet(43)) - raft.server.retrycache.expirytime = 600000ms (custom)
2019-09-26 10:48:55,393 [pool-577-thread-1] INFO  impl.RaftServerImpl (RaftServerImpl.java:start(185)) - 7c3babc5-8207-4c42-8723-9fc09bd813a2@group-F112721E17AF: start as a follower, conf=-1: [7c3babc5-8207-4c42-8723-9fc09bd813a2:192.168.30.13:45472], old=null
2019-09-26 10:48:55,393 [pool-577-thread-1] INFO  impl.RaftServerImpl (RaftServerImpl.java:setRole(174)) - 7c3babc5-8207-4c42-8723-9fc09bd813a2@group-F112721E17AF: changes role from      null to FOLLOWER at term 0 for startAsFollower
2019-09-26 10:48:55,393 [pool-577-thread-1] INFO  impl.RoleInfo (RoleInfo.java:updateAndGet(143)) - 7c3babc5-8207-4c42-8723-9fc09bd813a2: start FollowerState
2019-09-26 10:48:55,393 [pool-577-thread-1] INFO  util.JmxRegister (JmxRegister.java:tryRegister(44)) - Successfully registered JMX Bean with object name Ratis:service=RaftServer,group=group-F112721E17AF,id=7c3babc5-8207-4c42-8723-9fc09bd813a2
2019-09-26 10:48:55,396 [RatisPipelineUtilsThread] INFO  pipeline.PipelineStateManager (PipelineStateManager.java:addPipeline(56)) - Created pipeline Pipeline[ Id: d0d6c202-6e95-41d0-89f4-f112721e17af, Nodes: 7c3babc5-8207-4c42-8723-9fc09bd813a2{ip: 192.168.30.13, host: pr-hdds-1569-wvzgm-824869521, networkLocation: /default-rack, certSerialId: null}, Type:RATIS, Factor:ONE, State:OPEN]
2019-09-26 10:48:55,400 [grpc-default-executor-0] INFO  impl.RaftServerProxy (RaftServerProxy.java:addNew(89)) - 7c3babc5-8207-4c42-8723-9fc09bd813a2: addNew group-D451C565DF3C:[7c3babc5-8207-4c42-8723-9fc09bd813a2:192.168.30.13:45472] returns group-D451C565DF3C:java.util.concurrent.CompletableFuture@663c1d08[Not completed]
2019-09-26 10:48:55,406 [pool-577-thread-1] INFO  impl.RaftServerImpl (RaftServerImpl.java:<init>(95)) - 7c3babc5-8207-4c42-8723-9fc09bd813a2: new RaftServerImpl for group-D451C565DF3C:[7c3babc5-8207-4c42-8723-9fc09bd813a2:192.168.30.13:45472] with ContainerStateMachine:uninitialized
2019-09-26 10:48:55,406 [pool-577-thread-1] INFO  server.RaftServerConfigKeys (ConfUtils.java:logGet(43)) - raft.server.rpc.timeout.min = 5s (custom)
2019-09-26 10:48:55,406 [pool-577-thread-1] INFO  server.RaftServerConfigKeys (ConfUtils.java:logGet(43)) - raft.server.rpc.timeout.max = 5200ms (custom)
2019-09-26 10:48:55,406 [pool-577-thread-1] INFO  server.RaftServerConfigKeys (ConfUtils.java:logGet(43)) - raft.server.rpcslowness.timeout = 120s (custom)
2019-09-26 10:48:55,406 [pool-577-thread-1] INFO  server.RaftServerConfigKeys (ConfUtils.java:logGet(43)) - raft.server.sleep.deviation.threshold = 300 (default)
2019-09-26 10:48:55,407 [pool-577-thread-1] INFO  server.RaftServerConfigKeys (ConfUtils.java:logGet(43)) - raft.server.log.appender.install.snapshot.enabled = false (custom)
2019-09-26 10:48:55,407 [pool-577-thread-1] INFO  impl.RaftServerImpl (ServerState.java:<init>(103)) - 7c3babc5-8207-4c42-8723-9fc09bd813a2@group-D451C565DF3C: ConfigurationManager, init=-1: [7c3babc5-8207-4c42-8723-9fc09bd813a2:192.168.30.13:45472], old=null, confs=<EMPTY_MAP>
2019-09-26 10:48:55,407 [pool-577-thread-1] INFO  server.RaftServerConfigKeys (ConfUtils.java:logGet(43)) - raft.server.storage.dir = [/workdir/hadoop-ozone/ozonefs/target/test-dir/MiniOzoneClusterImpl-bf023d99-d452-41c9-bfe9-395987bceec1/datanode-0/data/ratis] (custom)
2019-09-26 10:48:55,407 [pool-577-thread-1] INFO  storage.RaftStorageDirectory (RaftStorageDirectory.java:analyzeStorage(246)) - The storage directory /workdir/hadoop-ozone/ozonefs/target/test-dir/MiniOzoneClusterImpl-bf023d99-d452-41c9-bfe9-395987bceec1/datanode-0/data/ratis/076b2157-95ae-41d3-a595-d451c565df3c does not exist. Creating ...
2019-09-26 10:48:55,420 [pool-577-thread-1] INFO  storage.RaftStorageDirectory (RaftStorageDirectory.java:tryLock(328)) - Lock on /workdir/hadoop-ozone/ozonefs/target/test-dir/MiniOzoneClusterImpl-bf023d99-d452-41c9-bfe9-395987bceec1/datanode-0/data/ratis/076b2157-95ae-41d3-a595-d451c565df3c/in_use.lock acquired by nodename 17018@pr-hdds-1569-wvzgm-824869521
2019-09-26 10:48:55,433 [pool-577-thread-1] INFO  storage.RaftStorage (RaftStorage.java:format(72)) - Storage directory /workdir/hadoop-ozone/ozonefs/target/test-dir/MiniOzoneClusterImpl-bf023d99-d452-41c9-bfe9-395987bceec1/datanode-0/data/ratis/076b2157-95ae-41d3-a595-d451c565df3c has been successfully formatted.
2019-09-26 10:48:55,434 [pool-577-thread-1] INFO  ratis.ContainerStateMachine (ContainerStateMachine.java:loadSnapshot(230)) - group-D451C565DF3C: The snapshot info is null. Setting the last applied indexto:(t:0, i:~)
2019-09-26 10:48:55,434 [pool-577-thread-1] INFO  server.RaftServerConfigKeys (ConfUtils.java:logGet(43)) - raft.server.notification.no-leader.timeout = 120s (custom)
2019-09-26 10:48:55,434 [pool-577-thread-1] INFO  server.RaftServerConfigKeys (ConfUtils.java:logGet(43)) - raft.server.log.use.memory = false (default)
2019-09-26 10:48:55,434 [pool-577-thread-1] INFO  server.RaftServerConfigKeys (ConfUtils.java:logGet(43)) - raft.server.log.purge.gap = 1000000 (custom)
2019-09-26 10:48:55,434 [pool-577-thread-1] INFO  server.RaftServerConfigKeys (ConfUtils.java:logGet(43)) - raft.server.log.appender.buffer.byte-limit = 33554432 (custom)
2019-09-26 10:48:55,434 [pool-577-thread-1] INFO  server.RaftServerConfigKeys (ConfUtils.java:logGet(43)) - raft.server.log.segment.size.max = 1048576 (custom)
2019-09-26 10:48:55,434 [pool-577-thread-1] INFO  server.RaftServerConfigKeys (ConfUtils.java:logGet(43)) - raft.server.log.segment.cache.num.max = 2 (custom)
2019-09-26 10:48:55,435 [pool-577-thread-1] INFO  segmented.SegmentedRaftLogWorker (SegmentedRaftLogWorker.java:<init>(172)) - new 7c3babc5-8207-4c42-8723-9fc09bd813a2@group-D451C565DF3C-SegmentedRaftLogWorker for RaftStorage:Storage Directory /workdir/hadoop-ozone/ozonefs/target/test-dir/MiniOzoneClusterImpl-bf023d99-d452-41c9-bfe9-395987bceec1/datanode-0/data/ratis/076b2157-95ae-41d3-a595-d451c565df3c
2019-09-26 10:48:55,435 [pool-577-thread-1] INFO  server.RaftServerConfigKeys (ConfUtils.java:logGet(43)) - raft.server.log.queue.byte-limit = 2147483647 (custom)
2019-09-26 10:48:55,435 [pool-577-thread-1] INFO  server.RaftServerConfigKeys (ConfUtils.java:logGet(43)) - raft.server.log.queue.element-limit = 1024 (custom)
2019-09-26 10:48:55,435 [pool-577-thread-1] INFO  server.RaftServerConfigKeys (ConfUtils.java:logGet(43)) - raft.server.log.segment.size.max = 1048576 (custom)
2019-09-26 10:48:55,435 [pool-577-thread-1] INFO  server.RaftServerConfigKeys (ConfUtils.java:logGet(43)) - raft.server.log.preallocated.size = 16384 (custom)
2019-09-26 10:48:55,435 [pool-577-thread-1] INFO  server.RaftServerConfigKeys (ConfUtils.java:logGet(43)) - raft.server.log.write.buffer.size = 33554432 (custom)
2019-09-26 10:48:55,435 [pool-577-thread-1] INFO  server.RaftServerConfigKeys (ConfUtils.java:logGet(43)) - raft.server.log.force.sync.num = 128 (default)
2019-09-26 10:48:55,436 [pool-577-thread-1] INFO  server.RaftServerConfigKeys (ConfUtils.java:logGet(43)) - raft.server.log.statemachine.data.sync = true (default)
2019-09-26 10:48:55,436 [pool-577-thread-1] INFO  server.RaftServerConfigKeys (ConfUtils.java:logGet(43)) - raft.server.log.statemachine.data.sync.timeout = 10s (default)
2019-09-26 10:48:55,436 [pool-577-thread-1] INFO  server.RaftServerConfigKeys (ConfUtils.java:logGet(43)) - raft.server.log.statemachine.data.sync.timeout.retry = -1 (default)
2019-09-26 10:48:55,436 [pool-577-thread-1] INFO  server.RaftServerConfigKeys (ConfUtils.java:logGet(43)) - raft.server.log.statemachine.data.caching.enabled = true (custom)
2019-09-26 10:48:55,436 [pool-577-thread-1] INFO  segmented.SegmentedRaftLogWorker (SegmentedRaftLogWorker.java:lambda$new$0(132)) - 7c3babc5-8207-4c42-8723-9fc09bd813a2@group-D451C565DF3C-SegmentedRaftLogWorker: flushIndex: setUnconditionally 0 -> -1
2019-09-26 10:48:55,437 [pool-577-thread-1] INFO  server.RaftServerConfigKeys (ConfUtils.java:logGet(43)) - raft.server.snapshot.auto.trigger.enabled = true (custom)
2019-09-26 10:48:55,437 [pool-577-thread-1] INFO  server.RaftServerConfigKeys (ConfUtils.java:logGet(43)) - raft.server.snapshot.auto.trigger.threshold = 10000 (custom)
2019-09-26 10:48:55,437 [pool-577-thread-1] INFO  server.RaftServerConfigKeys (ConfUtils.java:logGet(43)) - raft.server.snapshot.retention.num.files = 5 (custom)
2019-09-26 10:48:55,437 [pool-577-thread-1] INFO  server.RaftServerConfigKeys (ConfUtils.java:logGet(43)) - raft.server.retrycache.expirytime = 600000ms (custom)
2019-09-26 10:48:55,439 [pool-577-thread-1] INFO  impl.RaftServerImpl (RaftServerImpl.java:start(185)) - 7c3babc5-8207-4c42-8723-9fc09bd813a2@group-D451C565DF3C: start as a follower, conf=-1: [7c3babc5-8207-4c42-8723-9fc09bd813a2:192.168.30.13:45472], old=null
2019-09-26 10:48:55,439 [pool-577-thread-1] INFO  impl.RaftServerImpl (RaftServerImpl.java:setRole(174)) - 7c3babc5-8207-4c42-8723-9fc09bd813a2@group-D451C565DF3C: changes role from      null to FOLLOWER at term 0 for startAsFollower
2019-09-26 10:48:55,439 [pool-577-thread-1] INFO  impl.RoleInfo (RoleInfo.java:updateAndGet(143)) - 7c3babc5-8207-4c42-8723-9fc09bd813a2: start FollowerState
2019-09-26 10:48:55,439 [pool-577-thread-1] INFO  util.JmxRegister (JmxRegister.java:tryRegister(44)) - Successfully registered JMX Bean with object name Ratis:service=RaftServer,group=group-D451C565DF3C,id=7c3babc5-8207-4c42-8723-9fc09bd813a2
2019-09-26 10:48:55,442 [RatisPipelineUtilsThread] INFO  pipeline.PipelineStateManager (PipelineStateManager.java:addPipeline(56)) - Created pipeline Pipeline[ Id: 076b2157-95ae-41d3-a595-d451c565df3c, Nodes: 7c3babc5-8207-4c42-8723-9fc09bd813a2{ip: 192.168.30.13, host: pr-hdds-1569-wvzgm-824869521, networkLocation: /default-rack, certSerialId: null}, Type:RATIS, Factor:ONE, State:OPEN]
2019-09-26 10:48:55,451 [grpc-default-executor-0] INFO  impl.RaftServerProxy (RaftServerProxy.java:addNew(89)) - de4ca06f-7dd1-4c49-a62e-4321f7c724ce: addNew group-5EF67E5986A5:[de4ca06f-7dd1-4c49-a62e-4321f7c724ce:192.168.30.13:43778] returns group-5EF67E5986A5:java.util.concurrent.CompletableFuture@10348779[Not completed]
2019-09-26 10:48:55,452 [pool-587-thread-1] INFO  impl.RaftServerImpl (RaftServerImpl.java:<init>(95)) - de4ca06f-7dd1-4c49-a62e-4321f7c724ce: new RaftServerImpl for group-5EF67E5986A5:[de4ca06f-7dd1-4c49-a62e-4321f7c724ce:192.168.30.13:43778] with ContainerStateMachine:uninitialized
2019-09-26 10:48:55,452 [pool-587-thread-1] INFO  server.RaftServerConfigKeys (ConfUtils.java:logGet(43)) - raft.server.rpc.timeout.min = 5s (custom)
2019-09-26 10:48:55,452 [pool-587-thread-1] INFO  server.RaftServerConfigKeys (ConfUtils.java:logGet(43)) - raft.server.rpc.timeout.max = 5200ms (custom)
2019-09-26 10:48:55,452 [pool-587-thread-1] INFO  server.RaftServerConfigKeys (ConfUtils.java:logGet(43)) - raft.server.rpcslowness.timeout = 120s (custom)
2019-09-26 10:48:55,452 [pool-587-thread-1] INFO  server.RaftServerConfigKeys (ConfUtils.java:logGet(43)) - raft.server.sleep.deviation.threshold = 300 (default)
2019-09-26 10:48:55,452 [pool-587-thread-1] INFO  server.RaftServerConfigKeys (ConfUtils.java:logGet(43)) - raft.server.log.appender.install.snapshot.enabled = false (custom)
2019-09-26 10:48:55,453 [pool-587-thread-1] INFO  impl.RaftServerImpl (ServerState.java:<init>(103)) - de4ca06f-7dd1-4c49-a62e-4321f7c724ce@group-5EF67E5986A5: ConfigurationManager, init=-1: [de4ca06f-7dd1-4c49-a62e-4321f7c724ce:192.168.30.13:43778], old=null, confs=<EMPTY_MAP>
2019-09-26 10:48:55,453 [pool-587-thread-1] INFO  server.RaftServerConfigKeys (ConfUtils.java:logGet(43)) - raft.server.storage.dir = [/workdir/hadoop-ozone/ozonefs/target/test-dir/MiniOzoneClusterImpl-bf023d99-d452-41c9-bfe9-395987bceec1/datanode-1/data/ratis] (custom)
2019-09-26 10:48:55,453 [pool-587-thread-1] INFO  storage.RaftStorageDirectory (RaftStorageDirectory.java:analyzeStorage(246)) - The storage directory /workdir/hadoop-ozone/ozonefs/target/test-dir/MiniOzoneClusterImpl-bf023d99-d452-41c9-bfe9-395987bceec1/datanode-1/data/ratis/89ba8ee7-97c8-435f-aa97-5ef67e5986a5 does not exist. Creating ...
2019-09-26 10:48:55,466 [pool-587-thread-1] INFO  storage.RaftStorageDirectory (RaftStorageDirectory.java:tryLock(328)) - Lock on /workdir/hadoop-ozone/ozonefs/target/test-dir/MiniOzoneClusterImpl-bf023d99-d452-41c9-bfe9-395987bceec1/datanode-1/data/ratis/89ba8ee7-97c8-435f-aa97-5ef67e5986a5/in_use.lock acquired by nodename 17018@pr-hdds-1569-wvzgm-824869521
2019-09-26 10:48:55,479 [pool-587-thread-1] INFO  storage.RaftStorage (RaftStorage.java:format(72)) - Storage directory /workdir/hadoop-ozone/ozonefs/target/test-dir/MiniOzoneClusterImpl-bf023d99-d452-41c9-bfe9-395987bceec1/datanode-1/data/ratis/89ba8ee7-97c8-435f-aa97-5ef67e5986a5 has been successfully formatted.
2019-09-26 10:48:55,479 [pool-587-thread-1] INFO  ratis.ContainerStateMachine (ContainerStateMachine.java:loadSnapshot(230)) - group-5EF67E5986A5: The snapshot info is null. Setting the last applied indexto:(t:0, i:~)
2019-09-26 10:48:55,479 [pool-587-thread-1] INFO  server.RaftServerConfigKeys (ConfUtils.java:logGet(43)) - raft.server.notification.no-leader.timeout = 120s (custom)
2019-09-26 10:48:55,480 [pool-587-thread-1] INFO  server.RaftServerConfigKeys (ConfUtils.java:logGet(43)) - raft.server.log.use.memory = false (default)
2019-09-26 10:48:55,480 [pool-587-thread-1] INFO  server.RaftServerConfigKeys (ConfUtils.java:logGet(43)) - raft.server.log.purge.gap = 1000000 (custom)
2019-09-26 10:48:55,480 [pool-587-thread-1] INFO  server.RaftServerConfigKeys (ConfUtils.java:logGet(43)) - raft.server.log.appender.buffer.byte-limit = 33554432 (custom)
2019-09-26 10:48:55,480 [pool-587-thread-1] INFO  server.RaftServerConfigKeys (ConfUtils.java:logGet(43)) - raft.server.log.segment.size.max = 1048576 (custom)
2019-09-26 10:48:55,480 [pool-587-thread-1] INFO  server.RaftServerConfigKeys (ConfUtils.java:logGet(43)) - raft.server.log.segment.cache.num.max = 2 (custom)
2019-09-26 10:48:55,480 [pool-587-thread-1] INFO  segmented.SegmentedRaftLogWorker (SegmentedRaftLogWorker.java:<init>(172)) - new de4ca06f-7dd1-4c49-a62e-4321f7c724ce@group-5EF67E5986A5-SegmentedRaftLogWorker for RaftStorage:Storage Directory /workdir/hadoop-ozone/ozonefs/target/test-dir/MiniOzoneClusterImpl-bf023d99-d452-41c9-bfe9-395987bceec1/datanode-1/data/ratis/89ba8ee7-97c8-435f-aa97-5ef67e5986a5
2019-09-26 10:48:55,482 [pool-587-thread-1] INFO  server.RaftServerConfigKeys (ConfUtils.java:logGet(43)) - raft.server.log.queue.byte-limit = 2147483647 (custom)
2019-09-26 10:48:55,482 [pool-587-thread-1] INFO  server.RaftServerConfigKeys (ConfUtils.java:logGet(43)) - raft.server.log.queue.element-limit = 1024 (custom)
2019-09-26 10:48:55,482 [pool-587-thread-1] INFO  server.RaftServerConfigKeys (ConfUtils.java:logGet(43)) - raft.server.log.segment.size.max = 1048576 (custom)
2019-09-26 10:48:55,482 [pool-587-thread-1] INFO  server.RaftServerConfigKeys (ConfUtils.java:logGet(43)) - raft.server.log.preallocated.size = 16384 (custom)
2019-09-26 10:48:55,482 [pool-587-thread-1] INFO  server.RaftServerConfigKeys (ConfUtils.java:logGet(43)) - raft.server.log.write.buffer.size = 33554432 (custom)
2019-09-26 10:48:55,482 [pool-587-thread-1] INFO  server.RaftServerConfigKeys (ConfUtils.java:logGet(43)) - raft.server.log.force.sync.num = 128 (default)
2019-09-26 10:48:55,483 [pool-587-thread-1] INFO  server.RaftServerConfigKeys (ConfUtils.java:logGet(43)) - raft.server.log.statemachine.data.sync = true (default)
2019-09-26 10:48:55,483 [pool-587-thread-1] INFO  server.RaftServerConfigKeys (ConfUtils.java:logGet(43)) - raft.server.log.statemachine.data.sync.timeout = 10s (default)
2019-09-26 10:48:55,483 [pool-587-thread-1] INFO  server.RaftServerConfigKeys (ConfUtils.java:logGet(43)) - raft.server.log.statemachine.data.sync.timeout.retry = -1 (default)
2019-09-26 10:48:55,483 [pool-587-thread-1] INFO  server.RaftServerConfigKeys (ConfUtils.java:logGet(43)) - raft.server.log.statemachine.data.caching.enabled = true (custom)
2019-09-26 10:48:55,483 [pool-587-thread-1] INFO  segmented.SegmentedRaftLogWorker (SegmentedRaftLogWorker.java:lambda$new$0(132)) - de4ca06f-7dd1-4c49-a62e-4321f7c724ce@group-5EF67E5986A5-SegmentedRaftLogWorker: flushIndex: setUnconditionally 0 -> -1
2019-09-26 10:48:55,484 [pool-587-thread-1] INFO  server.RaftServerConfigKeys (ConfUtils.java:logGet(43)) - raft.server.snapshot.auto.trigger.enabled = true (custom)
2019-09-26 10:48:55,484 [pool-587-thread-1] INFO  server.RaftServerConfigKeys (ConfUtils.java:logGet(43)) - raft.server.snapshot.auto.trigger.threshold = 10000 (custom)
2019-09-26 10:48:55,484 [pool-587-thread-1] INFO  server.RaftServerConfigKeys (ConfUtils.java:logGet(43)) - raft.server.snapshot.retention.num.files = 5 (custom)
2019-09-26 10:48:55,484 [pool-587-thread-1] INFO  server.RaftServerConfigKeys (ConfUtils.java:logGet(43)) - raft.server.retrycache.expirytime = 600000ms (custom)
2019-09-26 10:48:55,485 [pool-587-thread-1] INFO  impl.RaftServerImpl (RaftServerImpl.java:start(185)) - de4ca06f-7dd1-4c49-a62e-4321f7c724ce@group-5EF67E5986A5: start as a follower, conf=-1: [de4ca06f-7dd1-4c49-a62e-4321f7c724ce:192.168.30.13:43778], old=null
2019-09-26 10:48:55,486 [pool-587-thread-1] INFO  impl.RaftServerImpl (RaftServerImpl.java:setRole(174)) - de4ca06f-7dd1-4c49-a62e-4321f7c724ce@group-5EF67E5986A5: changes role from      null to FOLLOWER at term 0 for startAsFollower
2019-09-26 10:48:55,486 [pool-587-thread-1] INFO  impl.RoleInfo (RoleInfo.java:updateAndGet(143)) - de4ca06f-7dd1-4c49-a62e-4321f7c724ce: start FollowerState
2019-09-26 10:48:55,486 [pool-587-thread-1] INFO  util.JmxRegister (JmxRegister.java:tryRegister(44)) - Successfully registered JMX Bean with object name Ratis:service=RaftServer,group=group-5EF67E5986A5,id=de4ca06f-7dd1-4c49-a62e-4321f7c724ce
2019-09-26 10:48:55,489 [RatisPipelineUtilsThread] INFO  pipeline.PipelineStateManager (PipelineStateManager.java:addPipeline(56)) - Created pipeline Pipeline[ Id: 89ba8ee7-97c8-435f-aa97-5ef67e5986a5, Nodes: de4ca06f-7dd1-4c49-a62e-4321f7c724ce{ip: 192.168.30.13, host: pr-hdds-1569-wvzgm-824869521, networkLocation: /default-rack, certSerialId: null}, Type:RATIS, Factor:ONE, State:OPEN]
2019-09-26 10:48:55,497 [grpc-default-executor-0] INFO  impl.RaftServerProxy (RaftServerProxy.java:addNew(89)) - d8c8cef8-9a6a-4c7a-82e9-31382e1ae247: addNew group-2291BAC3C2A0:[d8c8cef8-9a6a-4c7a-82e9-31382e1ae247:192.168.30.13:45619] returns group-2291BAC3C2A0:java.util.concurrent.CompletableFuture@487ca324[Not completed]
2019-09-26 10:48:55,498 [pool-597-thread-1] INFO  impl.RaftServerImpl (RaftServerImpl.java:<init>(95)) - d8c8cef8-9a6a-4c7a-82e9-31382e1ae247: new RaftServerImpl for group-2291BAC3C2A0:[d8c8cef8-9a6a-4c7a-82e9-31382e1ae247:192.168.30.13:45619] with ContainerStateMachine:uninitialized
2019-09-26 10:48:55,499 [pool-597-thread-1] INFO  server.RaftServerConfigKeys (ConfUtils.java:logGet(43)) - raft.server.rpc.timeout.min = 5s (custom)
2019-09-26 10:48:55,499 [pool-597-thread-1] INFO  server.RaftServerConfigKeys (ConfUtils.java:logGet(43)) - raft.server.rpc.timeout.max = 5200ms (custom)
2019-09-26 10:48:55,499 [pool-597-thread-1] INFO  server.RaftServerConfigKeys (ConfUtils.java:logGet(43)) - raft.server.rpcslowness.timeout = 120s (custom)
2019-09-26 10:48:55,499 [pool-597-thread-1] INFO  server.RaftServerConfigKeys (ConfUtils.java:logGet(43)) - raft.server.sleep.deviation.threshold = 300 (default)
2019-09-26 10:48:55,499 [pool-597-thread-1] INFO  server.RaftServerConfigKeys (ConfUtils.java:logGet(43)) - raft.server.log.appender.install.snapshot.enabled = false (custom)
2019-09-26 10:48:55,499 [pool-597-thread-1] INFO  impl.RaftServerImpl (ServerState.java:<init>(103)) - d8c8cef8-9a6a-4c7a-82e9-31382e1ae247@group-2291BAC3C2A0: ConfigurationManager, init=-1: [d8c8cef8-9a6a-4c7a-82e9-31382e1ae247:192.168.30.13:45619], old=null, confs=<EMPTY_MAP>
2019-09-26 10:48:55,499 [pool-597-thread-1] INFO  server.RaftServerConfigKeys (ConfUtils.java:logGet(43)) - raft.server.storage.dir = [/workdir/hadoop-ozone/ozonefs/target/test-dir/MiniOzoneClusterImpl-bf023d99-d452-41c9-bfe9-395987bceec1/datanode-2/data/ratis] (custom)
2019-09-26 10:48:55,500 [pool-597-thread-1] INFO  storage.RaftStorageDirectory (RaftStorageDirectory.java:analyzeStorage(246)) - The storage directory /workdir/hadoop-ozone/ozonefs/target/test-dir/MiniOzoneClusterImpl-bf023d99-d452-41c9-bfe9-395987bceec1/datanode-2/data/ratis/0db7f418-0d8f-4883-bb95-2291bac3c2a0 does not exist. Creating ...
2019-09-26 10:48:55,504 [pool-597-thread-1] INFO  storage.RaftStorageDirectory (RaftStorageDirectory.java:tryLock(328)) - Lock on /workdir/hadoop-ozone/ozonefs/target/test-dir/MiniOzoneClusterImpl-bf023d99-d452-41c9-bfe9-395987bceec1/datanode-2/data/ratis/0db7f418-0d8f-4883-bb95-2291bac3c2a0/in_use.lock acquired by nodename 17018@pr-hdds-1569-wvzgm-824869521
2019-09-26 10:48:55,539 [pool-597-thread-1] INFO  storage.RaftStorage (RaftStorage.java:format(72)) - Storage directory /workdir/hadoop-ozone/ozonefs/target/test-dir/MiniOzoneClusterImpl-bf023d99-d452-41c9-bfe9-395987bceec1/datanode-2/data/ratis/0db7f418-0d8f-4883-bb95-2291bac3c2a0 has been successfully formatted.
2019-09-26 10:48:55,540 [pool-597-thread-1] INFO  ratis.ContainerStateMachine (ContainerStateMachine.java:loadSnapshot(230)) - group-2291BAC3C2A0: The snapshot info is null. Setting the last applied indexto:(t:0, i:~)
2019-09-26 10:48:55,540 [pool-597-thread-1] INFO  server.RaftServerConfigKeys (ConfUtils.java:logGet(43)) - raft.server.notification.no-leader.timeout = 120s (custom)
2019-09-26 10:48:55,540 [pool-597-thread-1] INFO  server.RaftServerConfigKeys (ConfUtils.java:logGet(43)) - raft.server.log.use.memory = false (default)
2019-09-26 10:48:55,540 [pool-597-thread-1] INFO  server.RaftServerConfigKeys (ConfUtils.java:logGet(43)) - raft.server.log.purge.gap = 1000000 (custom)
2019-09-26 10:48:55,540 [pool-597-thread-1] INFO  server.RaftServerConfigKeys (ConfUtils.java:logGet(43)) - raft.server.log.appender.buffer.byte-limit = 33554432 (custom)
2019-09-26 10:48:55,540 [pool-597-thread-1] INFO  server.RaftServerConfigKeys (ConfUtils.java:logGet(43)) - raft.server.log.segment.size.max = 1048576 (custom)
2019-09-26 10:48:55,541 [pool-597-thread-1] INFO  server.RaftServerConfigKeys (ConfUtils.java:logGet(43)) - raft.server.log.segment.cache.num.max = 2 (custom)
2019-09-26 10:48:55,541 [pool-597-thread-1] INFO  segmented.SegmentedRaftLogWorker (SegmentedRaftLogWorker.java:<init>(172)) - new d8c8cef8-9a6a-4c7a-82e9-31382e1ae247@group-2291BAC3C2A0-SegmentedRaftLogWorker for RaftStorage:Storage Directory /workdir/hadoop-ozone/ozonefs/target/test-dir/MiniOzoneClusterImpl-bf023d99-d452-41c9-bfe9-395987bceec1/datanode-2/data/ratis/0db7f418-0d8f-4883-bb95-2291bac3c2a0
2019-09-26 10:48:55,543 [pool-597-thread-1] INFO  server.RaftServerConfigKeys (ConfUtils.java:logGet(43)) - raft.server.log.queue.byte-limit = 2147483647 (custom)
2019-09-26 10:48:55,543 [pool-597-thread-1] INFO  server.RaftServerConfigKeys (ConfUtils.java:logGet(43)) - raft.server.log.queue.element-limit = 1024 (custom)
2019-09-26 10:48:55,543 [pool-597-thread-1] INFO  server.RaftServerConfigKeys (ConfUtils.java:logGet(43)) - raft.server.log.segment.size.max = 1048576 (custom)
2019-09-26 10:48:55,543 [pool-597-thread-1] INFO  server.RaftServerConfigKeys (ConfUtils.java:logGet(43)) - raft.server.log.preallocated.size = 16384 (custom)
2019-09-26 10:48:55,543 [pool-597-thread-1] INFO  server.RaftServerConfigKeys (ConfUtils.java:logGet(43)) - raft.server.log.write.buffer.size = 33554432 (custom)
2019-09-26 10:48:55,544 [pool-597-thread-1] INFO  server.RaftServerConfigKeys (ConfUtils.java:logGet(43)) - raft.server.log.force.sync.num = 128 (default)
2019-09-26 10:48:55,544 [pool-597-thread-1] INFO  server.RaftServerConfigKeys (ConfUtils.java:logGet(43)) - raft.server.log.statemachine.data.sync = true (default)
2019-09-26 10:48:55,544 [pool-597-thread-1] INFO  server.RaftServerConfigKeys (ConfUtils.java:logGet(43)) - raft.server.log.statemachine.data.sync.timeout = 10s (default)
2019-09-26 10:48:55,544 [pool-597-thread-1] INFO  server.RaftServerConfigKeys (ConfUtils.java:logGet(43)) - raft.server.log.statemachine.data.sync.timeout.retry = -1 (default)
2019-09-26 10:48:55,544 [pool-597-thread-1] INFO  server.RaftServerConfigKeys (ConfUtils.java:logGet(43)) - raft.server.log.statemachine.data.caching.enabled = true (custom)
2019-09-26 10:48:55,545 [pool-597-thread-1] INFO  segmented.SegmentedRaftLogWorker (SegmentedRaftLogWorker.java:lambda$new$0(132)) - d8c8cef8-9a6a-4c7a-82e9-31382e1ae247@group-2291BAC3C2A0-SegmentedRaftLogWorker: flushIndex: setUnconditionally 0 -> -1
2019-09-26 10:48:55,545 [pool-597-thread-1] INFO  server.RaftServerConfigKeys (ConfUtils.java:logGet(43)) - raft.server.snapshot.auto.trigger.enabled = true (custom)
2019-09-26 10:48:55,545 [pool-597-thread-1] INFO  server.RaftServerConfigKeys (ConfUtils.java:logGet(43)) - raft.server.snapshot.auto.trigger.threshold = 10000 (custom)
2019-09-26 10:48:55,545 [pool-597-thread-1] INFO  server.RaftServerConfigKeys (ConfUtils.java:logGet(43)) - raft.server.snapshot.retention.num.files = 5 (custom)
2019-09-26 10:48:55,546 [pool-597-thread-1] INFO  server.RaftServerConfigKeys (ConfUtils.java:logGet(43)) - raft.server.retrycache.expirytime = 600000ms (custom)
2019-09-26 10:48:55,548 [pool-597-thread-1] INFO  impl.RaftServerImpl (RaftServerImpl.java:start(185)) - d8c8cef8-9a6a-4c7a-82e9-31382e1ae247@group-2291BAC3C2A0: start as a follower, conf=-1: [d8c8cef8-9a6a-4c7a-82e9-31382e1ae247:192.168.30.13:45619], old=null
2019-09-26 10:48:55,548 [pool-597-thread-1] INFO  impl.RaftServerImpl (RaftServerImpl.java:setRole(174)) - d8c8cef8-9a6a-4c7a-82e9-31382e1ae247@group-2291BAC3C2A0: changes role from      null to FOLLOWER at term 0 for startAsFollower
2019-09-26 10:48:55,548 [pool-597-thread-1] INFO  impl.RoleInfo (RoleInfo.java:updateAndGet(143)) - d8c8cef8-9a6a-4c7a-82e9-31382e1ae247: start FollowerState
2019-09-26 10:48:55,548 [pool-597-thread-1] INFO  util.JmxRegister (JmxRegister.java:tryRegister(44)) - Successfully registered JMX Bean with object name Ratis:service=RaftServer,group=group-2291BAC3C2A0,id=d8c8cef8-9a6a-4c7a-82e9-31382e1ae247
2019-09-26 10:48:55,551 [RatisPipelineUtilsThread] INFO  pipeline.PipelineStateManager (PipelineStateManager.java:addPipeline(56)) - Created pipeline Pipeline[ Id: 0db7f418-0d8f-4883-bb95-2291bac3c2a0, Nodes: d8c8cef8-9a6a-4c7a-82e9-31382e1ae247{ip: 192.168.30.13, host: pr-hdds-1569-wvzgm-824869521, networkLocation: /default-rack, certSerialId: null}, Type:RATIS, Factor:ONE, State:OPEN]
2019-09-26 10:48:55,556 [grpc-default-executor-0] INFO  impl.RaftServerProxy (RaftServerProxy.java:addNew(89)) - de4ca06f-7dd1-4c49-a62e-4321f7c724ce: addNew group-8A50825628BE:[de4ca06f-7dd1-4c49-a62e-4321f7c724ce:192.168.30.13:43778] returns group-8A50825628BE:java.util.concurrent.CompletableFuture@5a662ef3[Not completed]
2019-09-26 10:48:55,557 [pool-587-thread-1] INFO  impl.RaftServerImpl (RaftServerImpl.java:<init>(95)) - de4ca06f-7dd1-4c49-a62e-4321f7c724ce: new RaftServerImpl for group-8A50825628BE:[de4ca06f-7dd1-4c49-a62e-4321f7c724ce:192.168.30.13:43778] with ContainerStateMachine:uninitialized
2019-09-26 10:48:55,557 [pool-587-thread-1] INFO  server.RaftServerConfigKeys (ConfUtils.java:logGet(43)) - raft.server.rpc.timeout.min = 5s (custom)
2019-09-26 10:48:55,557 [pool-587-thread-1] INFO  server.RaftServerConfigKeys (ConfUtils.java:logGet(43)) - raft.server.rpc.timeout.max = 5200ms (custom)
2019-09-26 10:48:55,557 [pool-587-thread-1] INFO  server.RaftServerConfigKeys (ConfUtils.java:logGet(43)) - raft.server.rpcslowness.timeout = 120s (custom)
2019-09-26 10:48:55,557 [pool-587-thread-1] INFO  server.RaftServerConfigKeys (ConfUtils.java:logGet(43)) - raft.server.sleep.deviation.threshold = 300 (default)
2019-09-26 10:48:55,558 [pool-587-thread-1] INFO  server.RaftServerConfigKeys (ConfUtils.java:logGet(43)) - raft.server.log.appender.install.snapshot.enabled = false (custom)
2019-09-26 10:48:55,558 [pool-587-thread-1] INFO  impl.RaftServerImpl (ServerState.java:<init>(103)) - de4ca06f-7dd1-4c49-a62e-4321f7c724ce@group-8A50825628BE: ConfigurationManager, init=-1: [de4ca06f-7dd1-4c49-a62e-4321f7c724ce:192.168.30.13:43778], old=null, confs=<EMPTY_MAP>
2019-09-26 10:48:55,558 [pool-587-thread-1] INFO  server.RaftServerConfigKeys (ConfUtils.java:logGet(43)) - raft.server.storage.dir = [/workdir/hadoop-ozone/ozonefs/target/test-dir/MiniOzoneClusterImpl-bf023d99-d452-41c9-bfe9-395987bceec1/datanode-1/data/ratis] (custom)
2019-09-26 10:48:55,558 [pool-587-thread-1] INFO  storage.RaftStorageDirectory (RaftStorageDirectory.java:analyzeStorage(246)) - The storage directory /workdir/hadoop-ozone/ozonefs/target/test-dir/MiniOzoneClusterImpl-bf023d99-d452-41c9-bfe9-395987bceec1/datanode-1/data/ratis/650af352-853f-4c10-83f9-8a50825628be does not exist. Creating ...
2019-09-26 10:48:55,571 [pool-587-thread-1] INFO  storage.RaftStorageDirectory (RaftStorageDirectory.java:tryLock(328)) - Lock on /workdir/hadoop-ozone/ozonefs/target/test-dir/MiniOzoneClusterImpl-bf023d99-d452-41c9-bfe9-395987bceec1/datanode-1/data/ratis/650af352-853f-4c10-83f9-8a50825628be/in_use.lock acquired by nodename 17018@pr-hdds-1569-wvzgm-824869521
2019-09-26 10:48:55,585 [pool-587-thread-1] INFO  storage.RaftStorage (RaftStorage.java:format(72)) - Storage directory /workdir/hadoop-ozone/ozonefs/target/test-dir/MiniOzoneClusterImpl-bf023d99-d452-41c9-bfe9-395987bceec1/datanode-1/data/ratis/650af352-853f-4c10-83f9-8a50825628be has been successfully formatted.
2019-09-26 10:48:55,585 [pool-587-thread-1] INFO  ratis.ContainerStateMachine (ContainerStateMachine.java:loadSnapshot(230)) - group-8A50825628BE: The snapshot info is null. Setting the last applied indexto:(t:0, i:~)
2019-09-26 10:48:55,586 [pool-587-thread-1] INFO  server.RaftServerConfigKeys (ConfUtils.java:logGet(43)) - raft.server.notification.no-leader.timeout = 120s (custom)
2019-09-26 10:48:55,586 [pool-587-thread-1] INFO  server.RaftServerConfigKeys (ConfUtils.java:logGet(43)) - raft.server.log.use.memory = false (default)
2019-09-26 10:48:55,586 [pool-587-thread-1] INFO  server.RaftServerConfigKeys (ConfUtils.java:logGet(43)) - raft.server.log.purge.gap = 1000000 (custom)
2019-09-26 10:48:55,586 [pool-587-thread-1] INFO  server.RaftServerConfigKeys (ConfUtils.java:logGet(43)) - raft.server.log.appender.buffer.byte-limit = 33554432 (custom)
2019-09-26 10:48:55,586 [pool-587-thread-1] INFO  server.RaftServerConfigKeys (ConfUtils.java:logGet(43)) - raft.server.log.segment.size.max = 1048576 (custom)
2019-09-26 10:48:55,586 [pool-587-thread-1] INFO  server.RaftServerConfigKeys (ConfUtils.java:logGet(43)) - raft.server.log.segment.cache.num.max = 2 (custom)
2019-09-26 10:48:55,587 [pool-587-thread-1] INFO  segmented.SegmentedRaftLogWorker (SegmentedRaftLogWorker.java:<init>(172)) - new de4ca06f-7dd1-4c49-a62e-4321f7c724ce@group-8A50825628BE-SegmentedRaftLogWorker for RaftStorage:Storage Directory /workdir/hadoop-ozone/ozonefs/target/test-dir/MiniOzoneClusterImpl-bf023d99-d452-41c9-bfe9-395987bceec1/datanode-1/data/ratis/650af352-853f-4c10-83f9-8a50825628be
2019-09-26 10:48:55,587 [pool-587-thread-1] INFO  server.RaftServerConfigKeys (ConfUtils.java:logGet(43)) - raft.server.log.queue.byte-limit = 2147483647 (custom)
2019-09-26 10:48:55,587 [pool-587-thread-1] INFO  server.RaftServerConfigKeys (ConfUtils.java:logGet(43)) - raft.server.log.queue.element-limit = 1024 (custom)
2019-09-26 10:48:55,587 [pool-587-thread-1] INFO  server.RaftServerConfigKeys (ConfUtils.java:logGet(43)) - raft.server.log.segment.size.max = 1048576 (custom)
2019-09-26 10:48:55,587 [pool-587-thread-1] INFO  server.RaftServerConfigKeys (ConfUtils.java:logGet(43)) - raft.server.log.preallocated.size = 16384 (custom)
2019-09-26 10:48:55,587 [pool-587-thread-1] INFO  server.RaftServerConfigKeys (ConfUtils.java:logGet(43)) - raft.server.log.write.buffer.size = 33554432 (custom)
2019-09-26 10:48:55,587 [pool-587-thread-1] INFO  server.RaftServerConfigKeys (ConfUtils.java:logGet(43)) - raft.server.log.force.sync.num = 128 (default)
2019-09-26 10:48:55,588 [pool-587-thread-1] INFO  server.RaftServerConfigKeys (ConfUtils.java:logGet(43)) - raft.server.log.statemachine.data.sync = true (default)
2019-09-26 10:48:55,588 [pool-587-thread-1] INFO  server.RaftServerConfigKeys (ConfUtils.java:logGet(43)) - raft.server.log.statemachine.data.sync.timeout = 10s (default)
2019-09-26 10:48:55,588 [pool-587-thread-1] INFO  server.RaftServerConfigKeys (ConfUtils.java:logGet(43)) - raft.server.log.statemachine.data.sync.timeout.retry = -1 (default)
2019-09-26 10:48:55,588 [pool-587-thread-1] INFO  server.RaftServerConfigKeys (ConfUtils.java:logGet(43)) - raft.server.log.statemachine.data.caching.enabled = true (custom)
2019-09-26 10:48:55,588 [pool-587-thread-1] INFO  segmented.SegmentedRaftLogWorker (SegmentedRaftLogWorker.java:lambda$new$0(132)) - de4ca06f-7dd1-4c49-a62e-4321f7c724ce@group-8A50825628BE-SegmentedRaftLogWorker: flushIndex: setUnconditionally 0 -> -1
2019-09-26 10:48:55,589 [pool-587-thread-1] INFO  server.RaftServerConfigKeys (ConfUtils.java:logGet(43)) - raft.server.snapshot.auto.trigger.enabled = true (custom)
2019-09-26 10:48:55,589 [pool-587-thread-1] INFO  server.RaftServerConfigKeys (ConfUtils.java:logGet(43)) - raft.server.snapshot.auto.trigger.threshold = 10000 (custom)
2019-09-26 10:48:55,589 [pool-587-thread-1] INFO  server.RaftServerConfigKeys (ConfUtils.java:logGet(43)) - raft.server.snapshot.retention.num.files = 5 (custom)
2019-09-26 10:48:55,589 [pool-587-thread-1] INFO  server.RaftServerConfigKeys (ConfUtils.java:logGet(43)) - raft.server.retrycache.expirytime = 600000ms (custom)
2019-09-26 10:48:55,591 [pool-587-thread-1] INFO  impl.RaftServerImpl (RaftServerImpl.java:start(185)) - de4ca06f-7dd1-4c49-a62e-4321f7c724ce@group-8A50825628BE: start as a follower, conf=-1: [de4ca06f-7dd1-4c49-a62e-4321f7c724ce:192.168.30.13:43778], old=null
2019-09-26 10:48:55,591 [pool-587-thread-1] INFO  impl.RaftServerImpl (RaftServerImpl.java:setRole(174)) - de4ca06f-7dd1-4c49-a62e-4321f7c724ce@group-8A50825628BE: changes role from      null to FOLLOWER at term 0 for startAsFollower
2019-09-26 10:48:55,591 [pool-587-thread-1] INFO  impl.RoleInfo (RoleInfo.java:updateAndGet(143)) - de4ca06f-7dd1-4c49-a62e-4321f7c724ce: start FollowerState
2019-09-26 10:48:55,592 [pool-587-thread-1] INFO  util.JmxRegister (JmxRegister.java:tryRegister(44)) - Successfully registered JMX Bean with object name Ratis:service=RaftServer,group=group-8A50825628BE,id=de4ca06f-7dd1-4c49-a62e-4321f7c724ce
2019-09-26 10:48:55,594 [RatisPipelineUtilsThread] INFO  pipeline.PipelineStateManager (PipelineStateManager.java:addPipeline(56)) - Created pipeline Pipeline[ Id: 650af352-853f-4c10-83f9-8a50825628be, Nodes: de4ca06f-7dd1-4c49-a62e-4321f7c724ce{ip: 192.168.30.13, host: pr-hdds-1569-wvzgm-824869521, networkLocation: /default-rack, certSerialId: null}, Type:RATIS, Factor:ONE, State:OPEN]
2019-09-26 10:48:55,599 [grpc-default-executor-0] INFO  impl.RaftServerProxy (RaftServerProxy.java:addNew(89)) - 7c3babc5-8207-4c42-8723-9fc09bd813a2: addNew group-165458435BED:[7c3babc5-8207-4c42-8723-9fc09bd813a2:192.168.30.13:45472] returns group-165458435BED:java.util.concurrent.CompletableFuture@4bd4721f[Not completed]
2019-09-26 10:48:55,600 [pool-577-thread-1] INFO  impl.RaftServerImpl (RaftServerImpl.java:<init>(95)) - 7c3babc5-8207-4c42-8723-9fc09bd813a2: new RaftServerImpl for group-165458435BED:[7c3babc5-8207-4c42-8723-9fc09bd813a2:192.168.30.13:45472] with ContainerStateMachine:uninitialized
2019-09-26 10:48:55,600 [pool-577-thread-1] INFO  server.RaftServerConfigKeys (ConfUtils.java:logGet(43)) - raft.server.rpc.timeout.min = 5s (custom)
2019-09-26 10:48:55,600 [pool-577-thread-1] INFO  server.RaftServerConfigKeys (ConfUtils.java:logGet(43)) - raft.server.rpc.timeout.max = 5200ms (custom)
2019-09-26 10:48:55,600 [pool-577-thread-1] INFO  server.RaftServerConfigKeys (ConfUtils.java:logGet(43)) - raft.server.rpcslowness.timeout = 120s (custom)
2019-09-26 10:48:55,600 [pool-577-thread-1] INFO  server.RaftServerConfigKeys (ConfUtils.java:logGet(43)) - raft.server.sleep.deviation.threshold = 300 (default)
2019-09-26 10:48:55,600 [pool-577-thread-1] INFO  server.RaftServerConfigKeys (ConfUtils.java:logGet(43)) - raft.server.log.appender.install.snapshot.enabled = false (custom)
2019-09-26 10:48:55,600 [pool-577-thread-1] INFO  impl.RaftServerImpl (ServerState.java:<init>(103)) - 7c3babc5-8207-4c42-8723-9fc09bd813a2@group-165458435BED: ConfigurationManager, init=-1: [7c3babc5-8207-4c42-8723-9fc09bd813a2:192.168.30.13:45472], old=null, confs=<EMPTY_MAP>
2019-09-26 10:48:55,601 [pool-577-thread-1] INFO  server.RaftServerConfigKeys (ConfUtils.java:logGet(43)) - raft.server.storage.dir = [/workdir/hadoop-ozone/ozonefs/target/test-dir/MiniOzoneClusterImpl-bf023d99-d452-41c9-bfe9-395987bceec1/datanode-0/data/ratis] (custom)
2019-09-26 10:48:55,601 [pool-577-thread-1] INFO  storage.RaftStorageDirectory (RaftStorageDirectory.java:analyzeStorage(246)) - The storage directory /workdir/hadoop-ozone/ozonefs/target/test-dir/MiniOzoneClusterImpl-bf023d99-d452-41c9-bfe9-395987bceec1/datanode-0/data/ratis/97b7686d-d0c7-4ec5-b414-165458435bed does not exist. Creating ...
2019-09-26 10:48:55,614 [pool-577-thread-1] INFO  storage.RaftStorageDirectory (RaftStorageDirectory.java:tryLock(328)) - Lock on /workdir/hadoop-ozone/ozonefs/target/test-dir/MiniOzoneClusterImpl-bf023d99-d452-41c9-bfe9-395987bceec1/datanode-0/data/ratis/97b7686d-d0c7-4ec5-b414-165458435bed/in_use.lock acquired by nodename 17018@pr-hdds-1569-wvzgm-824869521
2019-09-26 10:48:55,627 [pool-577-thread-1] INFO  storage.RaftStorage (RaftStorage.java:format(72)) - Storage directory /workdir/hadoop-ozone/ozonefs/target/test-dir/MiniOzoneClusterImpl-bf023d99-d452-41c9-bfe9-395987bceec1/datanode-0/data/ratis/97b7686d-d0c7-4ec5-b414-165458435bed has been successfully formatted.
2019-09-26 10:48:55,627 [pool-577-thread-1] INFO  ratis.ContainerStateMachine (ContainerStateMachine.java:loadSnapshot(230)) - group-165458435BED: The snapshot info is null. Setting the last applied indexto:(t:0, i:~)
2019-09-26 10:48:55,627 [pool-577-thread-1] INFO  server.RaftServerConfigKeys (ConfUtils.java:logGet(43)) - raft.server.notification.no-leader.timeout = 120s (custom)
2019-09-26 10:48:55,627 [pool-577-thread-1] INFO  server.RaftServerConfigKeys (ConfUtils.java:logGet(43)) - raft.server.log.use.memory = false (default)
2019-09-26 10:48:55,628 [pool-577-thread-1] INFO  server.RaftServerConfigKeys (ConfUtils.java:logGet(43)) - raft.server.log.purge.gap = 1000000 (custom)
2019-09-26 10:48:55,628 [pool-577-thread-1] INFO  server.RaftServerConfigKeys (ConfUtils.java:logGet(43)) - raft.server.log.appender.buffer.byte-limit = 33554432 (custom)
2019-09-26 10:48:55,628 [pool-577-thread-1] INFO  server.RaftServerConfigKeys (ConfUtils.java:logGet(43)) - raft.server.log.segment.size.max = 1048576 (custom)
2019-09-26 10:48:55,628 [pool-577-thread-1] INFO  server.RaftServerConfigKeys (ConfUtils.java:logGet(43)) - raft.server.log.segment.cache.num.max = 2 (custom)
2019-09-26 10:48:55,628 [pool-577-thread-1] INFO  segmented.SegmentedRaftLogWorker (SegmentedRaftLogWorker.java:<init>(172)) - new 7c3babc5-8207-4c42-8723-9fc09bd813a2@group-165458435BED-SegmentedRaftLogWorker for RaftStorage:Storage Directory /workdir/hadoop-ozone/ozonefs/target/test-dir/MiniOzoneClusterImpl-bf023d99-d452-41c9-bfe9-395987bceec1/datanode-0/data/ratis/97b7686d-d0c7-4ec5-b414-165458435bed
2019-09-26 10:48:55,628 [pool-577-thread-1] INFO  server.RaftServerConfigKeys (ConfUtils.java:logGet(43)) - raft.server.log.queue.byte-limit = 2147483647 (custom)
2019-09-26 10:48:55,629 [pool-577-thread-1] INFO  server.RaftServerConfigKeys (ConfUtils.java:logGet(43)) - raft.server.log.queue.element-limit = 1024 (custom)
2019-09-26 10:48:55,629 [pool-577-thread-1] INFO  server.RaftServerConfigKeys (ConfUtils.java:logGet(43)) - raft.server.log.segment.size.max = 1048576 (custom)
2019-09-26 10:48:55,629 [pool-577-thread-1] INFO  server.RaftServerConfigKeys (ConfUtils.java:logGet(43)) - raft.server.log.preallocated.size = 16384 (custom)
2019-09-26 10:48:55,629 [pool-577-thread-1] INFO  server.RaftServerConfigKeys (ConfUtils.java:logGet(43)) - raft.server.log.write.buffer.size = 33554432 (custom)
2019-09-26 10:48:55,629 [pool-577-thread-1] INFO  server.RaftServerConfigKeys (ConfUtils.java:logGet(43)) - raft.server.log.force.sync.num = 128 (default)
2019-09-26 10:48:55,629 [pool-577-thread-1] INFO  server.RaftServerConfigKeys (ConfUtils.java:logGet(43)) - raft.server.log.statemachine.data.sync = true (default)
2019-09-26 10:48:55,629 [pool-577-thread-1] INFO  server.RaftServerConfigKeys (ConfUtils.java:logGet(43)) - raft.server.log.statemachine.data.sync.timeout = 10s (default)
2019-09-26 10:48:55,629 [pool-577-thread-1] INFO  server.RaftServerConfigKeys (ConfUtils.java:logGet(43)) - raft.server.log.statemachine.data.sync.timeout.retry = -1 (default)
2019-09-26 10:48:55,630 [pool-577-thread-1] INFO  server.RaftServerConfigKeys (ConfUtils.java:logGet(43)) - raft.server.log.statemachine.data.caching.enabled = true (custom)
2019-09-26 10:48:55,630 [pool-577-thread-1] INFO  segmented.SegmentedRaftLogWorker (SegmentedRaftLogWorker.java:lambda$new$0(132)) - 7c3babc5-8207-4c42-8723-9fc09bd813a2@group-165458435BED-SegmentedRaftLogWorker: flushIndex: setUnconditionally 0 -> -1
2019-09-26 10:48:55,630 [pool-577-thread-1] INFO  server.RaftServerConfigKeys (ConfUtils.java:logGet(43)) - raft.server.snapshot.auto.trigger.enabled = true (custom)
2019-09-26 10:48:55,630 [pool-577-thread-1] INFO  server.RaftServerConfigKeys (ConfUtils.java:logGet(43)) - raft.server.snapshot.auto.trigger.threshold = 10000 (custom)
2019-09-26 10:48:55,631 [pool-577-thread-1] INFO  server.RaftServerConfigKeys (ConfUtils.java:logGet(43)) - raft.server.snapshot.retention.num.files = 5 (custom)
2019-09-26 10:48:55,631 [pool-577-thread-1] INFO  server.RaftServerConfigKeys (ConfUtils.java:logGet(43)) - raft.server.retrycache.expirytime = 600000ms (custom)
2019-09-26 10:48:55,632 [pool-577-thread-1] INFO  impl.RaftServerImpl (RaftServerImpl.java:start(185)) - 7c3babc5-8207-4c42-8723-9fc09bd813a2@group-165458435BED: start as a follower, conf=-1: [7c3babc5-8207-4c42-8723-9fc09bd813a2:192.168.30.13:45472], old=null
2019-09-26 10:48:55,632 [pool-577-thread-1] INFO  impl.RaftServerImpl (RaftServerImpl.java:setRole(174)) - 7c3babc5-8207-4c42-8723-9fc09bd813a2@group-165458435BED: changes role from      null to FOLLOWER at term 0 for startAsFollower
2019-09-26 10:48:55,633 [pool-577-thread-1] INFO  impl.RoleInfo (RoleInfo.java:updateAndGet(143)) - 7c3babc5-8207-4c42-8723-9fc09bd813a2: start FollowerState
2019-09-26 10:48:55,633 [pool-577-thread-1] INFO  util.JmxRegister (JmxRegister.java:tryRegister(44)) - Successfully registered JMX Bean with object name Ratis:service=RaftServer,group=group-165458435BED,id=7c3babc5-8207-4c42-8723-9fc09bd813a2
2019-09-26 10:48:55,636 [RatisPipelineUtilsThread] INFO  pipeline.PipelineStateManager (PipelineStateManager.java:addPipeline(56)) - Created pipeline Pipeline[ Id: 97b7686d-d0c7-4ec5-b414-165458435bed, Nodes: 7c3babc5-8207-4c42-8723-9fc09bd813a2{ip: 192.168.30.13, host: pr-hdds-1569-wvzgm-824869521, networkLocation: /default-rack, certSerialId: null}, Type:RATIS, Factor:ONE, State:OPEN]
2019-09-26 10:48:55,636 [RatisPipelineUtilsThread] INFO  pipeline.PipelinePlacementPolicy (PipelinePlacementPolicy.java:meetCriteria(91)) - Pipeline Placement: can't place more pipeline on heavy datanode： 7c3babc5-8207-4c42-8723-9fc09bd813a2 Heaviness: 6 limit: 5
2019-09-26 10:48:55,641 [grpc-default-executor-0] INFO  impl.RaftServerProxy (RaftServerProxy.java:addNew(89)) - de4ca06f-7dd1-4c49-a62e-4321f7c724ce: addNew group-291D0B20CE08:[de4ca06f-7dd1-4c49-a62e-4321f7c724ce:192.168.30.13:43778] returns group-291D0B20CE08:java.util.concurrent.CompletableFuture@637a582f[Not completed]
2019-09-26 10:48:55,642 [pool-587-thread-1] INFO  impl.RaftServerImpl (RaftServerImpl.java:<init>(95)) - de4ca06f-7dd1-4c49-a62e-4321f7c724ce: new RaftServerImpl for group-291D0B20CE08:[de4ca06f-7dd1-4c49-a62e-4321f7c724ce:192.168.30.13:43778] with ContainerStateMachine:uninitialized
2019-09-26 10:48:55,642 [pool-587-thread-1] INFO  server.RaftServerConfigKeys (ConfUtils.java:logGet(43)) - raft.server.rpc.timeout.min = 5s (custom)
2019-09-26 10:48:55,642 [pool-587-thread-1] INFO  server.RaftServerConfigKeys (ConfUtils.java:logGet(43)) - raft.server.rpc.timeout.max = 5200ms (custom)
2019-09-26 10:48:55,642 [pool-587-thread-1] INFO  server.RaftServerConfigKeys (ConfUtils.java:logGet(43)) - raft.server.rpcslowness.timeout = 120s (custom)
2019-09-26 10:48:55,642 [pool-587-thread-1] INFO  server.RaftServerConfigKeys (ConfUtils.java:logGet(43)) - raft.server.sleep.deviation.threshold = 300 (default)
2019-09-26 10:48:55,642 [pool-587-thread-1] INFO  server.RaftServerConfigKeys (ConfUtils.java:logGet(43)) - raft.server.log.appender.install.snapshot.enabled = false (custom)
2019-09-26 10:48:55,642 [pool-587-thread-1] INFO  impl.RaftServerImpl (ServerState.java:<init>(103)) - de4ca06f-7dd1-4c49-a62e-4321f7c724ce@group-291D0B20CE08: ConfigurationManager, init=-1: [de4ca06f-7dd1-4c49-a62e-4321f7c724ce:192.168.30.13:43778], old=null, confs=<EMPTY_MAP>
2019-09-26 10:48:55,643 [pool-587-thread-1] INFO  server.RaftServerConfigKeys (ConfUtils.java:logGet(43)) - raft.server.storage.dir = [/workdir/hadoop-ozone/ozonefs/target/test-dir/MiniOzoneClusterImpl-bf023d99-d452-41c9-bfe9-395987bceec1/datanode-1/data/ratis] (custom)
2019-09-26 10:48:55,643 [pool-587-thread-1] INFO  storage.RaftStorageDirectory (RaftStorageDirectory.java:analyzeStorage(246)) - The storage directory /workdir/hadoop-ozone/ozonefs/target/test-dir/MiniOzoneClusterImpl-bf023d99-d452-41c9-bfe9-395987bceec1/datanode-1/data/ratis/5ed423ce-939e-48c4-b142-291d0b20ce08 does not exist. Creating ...
2019-09-26 10:48:55,655 [pool-587-thread-1] INFO  storage.RaftStorageDirectory (RaftStorageDirectory.java:tryLock(328)) - Lock on /workdir/hadoop-ozone/ozonefs/target/test-dir/MiniOzoneClusterImpl-bf023d99-d452-41c9-bfe9-395987bceec1/datanode-1/data/ratis/5ed423ce-939e-48c4-b142-291d0b20ce08/in_use.lock acquired by nodename 17018@pr-hdds-1569-wvzgm-824869521
2019-09-26 10:48:55,668 [pool-587-thread-1] INFO  storage.RaftStorage (RaftStorage.java:format(72)) - Storage directory /workdir/hadoop-ozone/ozonefs/target/test-dir/MiniOzoneClusterImpl-bf023d99-d452-41c9-bfe9-395987bceec1/datanode-1/data/ratis/5ed423ce-939e-48c4-b142-291d0b20ce08 has been successfully formatted.
2019-09-26 10:48:55,668 [pool-587-thread-1] INFO  ratis.ContainerStateMachine (ContainerStateMachine.java:loadSnapshot(230)) - group-291D0B20CE08: The snapshot info is null. Setting the last applied indexto:(t:0, i:~)
2019-09-26 10:48:55,669 [pool-587-thread-1] INFO  server.RaftServerConfigKeys (ConfUtils.java:logGet(43)) - raft.server.notification.no-leader.timeout = 120s (custom)
2019-09-26 10:48:55,669 [pool-587-thread-1] INFO  server.RaftServerConfigKeys (ConfUtils.java:logGet(43)) - raft.server.log.use.memory = false (default)
2019-09-26 10:48:55,669 [pool-587-thread-1] INFO  server.RaftServerConfigKeys (ConfUtils.java:logGet(43)) - raft.server.log.purge.gap = 1000000 (custom)
2019-09-26 10:48:55,669 [pool-587-thread-1] INFO  server.RaftServerConfigKeys (ConfUtils.java:logGet(43)) - raft.server.log.appender.buffer.byte-limit = 33554432 (custom)
2019-09-26 10:48:55,669 [pool-587-thread-1] INFO  server.RaftServerConfigKeys (ConfUtils.java:logGet(43)) - raft.server.log.segment.size.max = 1048576 (custom)
2019-09-26 10:48:55,669 [pool-587-thread-1] INFO  server.RaftServerConfigKeys (ConfUtils.java:logGet(43)) - raft.server.log.segment.cache.num.max = 2 (custom)
2019-09-26 10:48:55,669 [pool-587-thread-1] INFO  segmented.SegmentedRaftLogWorker (SegmentedRaftLogWorker.java:<init>(172)) - new de4ca06f-7dd1-4c49-a62e-4321f7c724ce@group-291D0B20CE08-SegmentedRaftLogWorker for RaftStorage:Storage Directory /workdir/hadoop-ozone/ozonefs/target/test-dir/MiniOzoneClusterImpl-bf023d99-d452-41c9-bfe9-395987bceec1/datanode-1/data/ratis/5ed423ce-939e-48c4-b142-291d0b20ce08
2019-09-26 10:48:55,670 [pool-587-thread-1] INFO  server.RaftServerConfigKeys (ConfUtils.java:logGet(43)) - raft.server.log.queue.byte-limit = 2147483647 (custom)
2019-09-26 10:48:55,670 [pool-587-thread-1] INFO  server.RaftServerConfigKeys (ConfUtils.java:logGet(43)) - raft.server.log.queue.element-limit = 1024 (custom)
2019-09-26 10:48:55,670 [pool-587-thread-1] INFO  server.RaftServerConfigKeys (ConfUtils.java:logGet(43)) - raft.server.log.segment.size.max = 1048576 (custom)
2019-09-26 10:48:55,670 [pool-587-thread-1] INFO  server.RaftServerConfigKeys (ConfUtils.java:logGet(43)) - raft.server.log.preallocated.size = 16384 (custom)
2019-09-26 10:48:55,670 [pool-587-thread-1] INFO  server.RaftServerConfigKeys (ConfUtils.java:logGet(43)) - raft.server.log.write.buffer.size = 33554432 (custom)
2019-09-26 10:48:55,670 [pool-587-thread-1] INFO  server.RaftServerConfigKeys (ConfUtils.java:logGet(43)) - raft.server.log.force.sync.num = 128 (default)
2019-09-26 10:48:55,670 [pool-587-thread-1] INFO  server.RaftServerConfigKeys (ConfUtils.java:logGet(43)) - raft.server.log.statemachine.data.sync = true (default)
2019-09-26 10:48:55,670 [pool-587-thread-1] INFO  server.RaftServerConfigKeys (ConfUtils.java:logGet(43)) - raft.server.log.statemachine.data.sync.timeout = 10s (default)
2019-09-26 10:48:55,671 [pool-587-thread-1] INFO  server.RaftServerConfigKeys (ConfUtils.java:logGet(43)) - raft.server.log.statemachine.data.sync.timeout.retry = -1 (default)
2019-09-26 10:48:55,671 [pool-587-thread-1] INFO  server.RaftServerConfigKeys (ConfUtils.java:logGet(43)) - raft.server.log.statemachine.data.caching.enabled = true (custom)
2019-09-26 10:48:55,671 [pool-587-thread-1] INFO  segmented.SegmentedRaftLogWorker (SegmentedRaftLogWorker.java:lambda$new$0(132)) - de4ca06f-7dd1-4c49-a62e-4321f7c724ce@group-291D0B20CE08-SegmentedRaftLogWorker: flushIndex: setUnconditionally 0 -> -1
2019-09-26 10:48:55,671 [pool-587-thread-1] INFO  server.RaftServerConfigKeys (ConfUtils.java:logGet(43)) - raft.server.snapshot.auto.trigger.enabled = true (custom)
2019-09-26 10:48:55,671 [pool-587-thread-1] INFO  server.RaftServerConfigKeys (ConfUtils.java:logGet(43)) - raft.server.snapshot.auto.trigger.threshold = 10000 (custom)
2019-09-26 10:48:55,672 [pool-587-thread-1] INFO  server.RaftServerConfigKeys (ConfUtils.java:logGet(43)) - raft.server.snapshot.retention.num.files = 5 (custom)
2019-09-26 10:48:55,672 [pool-587-thread-1] INFO  server.RaftServerConfigKeys (ConfUtils.java:logGet(43)) - raft.server.retrycache.expirytime = 600000ms (custom)
2019-09-26 10:48:55,673 [pool-587-thread-1] INFO  impl.RaftServerImpl (RaftServerImpl.java:start(185)) - de4ca06f-7dd1-4c49-a62e-4321f7c724ce@group-291D0B20CE08: start as a follower, conf=-1: [de4ca06f-7dd1-4c49-a62e-4321f7c724ce:192.168.30.13:43778], old=null
2019-09-26 10:48:55,673 [pool-587-thread-1] INFO  impl.RaftServerImpl (RaftServerImpl.java:setRole(174)) - de4ca06f-7dd1-4c49-a62e-4321f7c724ce@group-291D0B20CE08: changes role from      null to FOLLOWER at term 0 for startAsFollower
2019-09-26 10:48:55,673 [pool-587-thread-1] INFO  impl.RoleInfo (RoleInfo.java:updateAndGet(143)) - de4ca06f-7dd1-4c49-a62e-4321f7c724ce: start FollowerState
2019-09-26 10:48:55,674 [pool-587-thread-1] INFO  util.JmxRegister (JmxRegister.java:tryRegister(44)) - Successfully registered JMX Bean with object name Ratis:service=RaftServer,group=group-291D0B20CE08,id=de4ca06f-7dd1-4c49-a62e-4321f7c724ce
2019-09-26 10:48:55,676 [RatisPipelineUtilsThread] INFO  pipeline.PipelineStateManager (PipelineStateManager.java:addPipeline(56)) - Created pipeline Pipeline[ Id: 5ed423ce-939e-48c4-b142-291d0b20ce08, Nodes: de4ca06f-7dd1-4c49-a62e-4321f7c724ce{ip: 192.168.30.13, host: pr-hdds-1569-wvzgm-824869521, networkLocation: /default-rack, certSerialId: null}, Type:RATIS, Factor:ONE, State:OPEN]
2019-09-26 10:48:55,676 [RatisPipelineUtilsThread] INFO  pipeline.PipelinePlacementPolicy (PipelinePlacementPolicy.java:meetCriteria(91)) - Pipeline Placement: can't place more pipeline on heavy datanode： 7c3babc5-8207-4c42-8723-9fc09bd813a2 Heaviness: 6 limit: 5
2019-09-26 10:48:55,680 [grpc-default-executor-0] INFO  impl.RaftServerProxy (RaftServerProxy.java:addNew(89)) - d8c8cef8-9a6a-4c7a-82e9-31382e1ae247: addNew group-59F323ECAC81:[d8c8cef8-9a6a-4c7a-82e9-31382e1ae247:192.168.30.13:45619] returns group-59F323ECAC81:java.util.concurrent.CompletableFuture@98b99da[Not completed]
2019-09-26 10:48:55,681 [pool-597-thread-1] INFO  impl.RaftServerImpl (RaftServerImpl.java:<init>(95)) - d8c8cef8-9a6a-4c7a-82e9-31382e1ae247: new RaftServerImpl for group-59F323ECAC81:[d8c8cef8-9a6a-4c7a-82e9-31382e1ae247:192.168.30.13:45619] with ContainerStateMachine:uninitialized
2019-09-26 10:48:55,682 [pool-597-thread-1] INFO  server.RaftServerConfigKeys (ConfUtils.java:logGet(43)) - raft.server.rpc.timeout.min = 5s (custom)
2019-09-26 10:48:55,682 [pool-597-thread-1] INFO  server.RaftServerConfigKeys (ConfUtils.java:logGet(43)) - raft.server.rpc.timeout.max = 5200ms (custom)
2019-09-26 10:48:55,682 [pool-597-thread-1] INFO  server.RaftServerConfigKeys (ConfUtils.java:logGet(43)) - raft.server.rpcslowness.timeout = 120s (custom)
2019-09-26 10:48:55,682 [pool-597-thread-1] INFO  server.RaftServerConfigKeys (ConfUtils.java:logGet(43)) - raft.server.sleep.deviation.threshold = 300 (default)
2019-09-26 10:48:55,682 [pool-597-thread-1] INFO  server.RaftServerConfigKeys (ConfUtils.java:logGet(43)) - raft.server.log.appender.install.snapshot.enabled = false (custom)
2019-09-26 10:48:55,682 [pool-597-thread-1] INFO  impl.RaftServerImpl (ServerState.java:<init>(103)) - d8c8cef8-9a6a-4c7a-82e9-31382e1ae247@group-59F323ECAC81: ConfigurationManager, init=-1: [d8c8cef8-9a6a-4c7a-82e9-31382e1ae247:192.168.30.13:45619], old=null, confs=<EMPTY_MAP>
2019-09-26 10:48:55,683 [pool-597-thread-1] INFO  server.RaftServerConfigKeys (ConfUtils.java:logGet(43)) - raft.server.storage.dir = [/workdir/hadoop-ozone/ozonefs/target/test-dir/MiniOzoneClusterImpl-bf023d99-d452-41c9-bfe9-395987bceec1/datanode-2/data/ratis] (custom)
2019-09-26 10:48:55,683 [pool-597-thread-1] INFO  storage.RaftStorageDirectory (RaftStorageDirectory.java:analyzeStorage(246)) - The storage directory /workdir/hadoop-ozone/ozonefs/target/test-dir/MiniOzoneClusterImpl-bf023d99-d452-41c9-bfe9-395987bceec1/datanode-2/data/ratis/943d34b4-59a7-4135-9498-59f323ecac81 does not exist. Creating ...
2019-09-26 10:48:55,696 [pool-597-thread-1] INFO  storage.RaftStorageDirectory (RaftStorageDirectory.java:tryLock(328)) - Lock on /workdir/hadoop-ozone/ozonefs/target/test-dir/MiniOzoneClusterImpl-bf023d99-d452-41c9-bfe9-395987bceec1/datanode-2/data/ratis/943d34b4-59a7-4135-9498-59f323ecac81/in_use.lock acquired by nodename 17018@pr-hdds-1569-wvzgm-824869521
2019-09-26 10:48:55,709 [pool-597-thread-1] INFO  storage.RaftStorage (RaftStorage.java:format(72)) - Storage directory /workdir/hadoop-ozone/ozonefs/target/test-dir/MiniOzoneClusterImpl-bf023d99-d452-41c9-bfe9-395987bceec1/datanode-2/data/ratis/943d34b4-59a7-4135-9498-59f323ecac81 has been successfully formatted.
2019-09-26 10:48:55,709 [pool-597-thread-1] INFO  ratis.ContainerStateMachine (ContainerStateMachine.java:loadSnapshot(230)) - group-59F323ECAC81: The snapshot info is null. Setting the last applied indexto:(t:0, i:~)
2019-09-26 10:48:55,710 [pool-597-thread-1] INFO  server.RaftServerConfigKeys (ConfUtils.java:logGet(43)) - raft.server.notification.no-leader.timeout = 120s (custom)
2019-09-26 10:48:55,710 [pool-597-thread-1] INFO  server.RaftServerConfigKeys (ConfUtils.java:logGet(43)) - raft.server.log.use.memory = false (default)
2019-09-26 10:48:55,710 [pool-597-thread-1] INFO  server.RaftServerConfigKeys (ConfUtils.java:logGet(43)) - raft.server.log.purge.gap = 1000000 (custom)
2019-09-26 10:48:55,710 [pool-597-thread-1] INFO  server.RaftServerConfigKeys (ConfUtils.java:logGet(43)) - raft.server.log.appender.buffer.byte-limit = 33554432 (custom)
2019-09-26 10:48:55,710 [pool-597-thread-1] INFO  server.RaftServerConfigKeys (ConfUtils.java:logGet(43)) - raft.server.log.segment.size.max = 1048576 (custom)
2019-09-26 10:48:55,710 [pool-597-thread-1] INFO  server.RaftServerConfigKeys (ConfUtils.java:logGet(43)) - raft.server.log.segment.cache.num.max = 2 (custom)
2019-09-26 10:48:55,710 [pool-597-thread-1] INFO  segmented.SegmentedRaftLogWorker (SegmentedRaftLogWorker.java:<init>(172)) - new d8c8cef8-9a6a-4c7a-82e9-31382e1ae247@group-59F323ECAC81-SegmentedRaftLogWorker for RaftStorage:Storage Directory /workdir/hadoop-ozone/ozonefs/target/test-dir/MiniOzoneClusterImpl-bf023d99-d452-41c9-bfe9-395987bceec1/datanode-2/data/ratis/943d34b4-59a7-4135-9498-59f323ecac81
2019-09-26 10:48:55,711 [pool-597-thread-1] INFO  server.RaftServerConfigKeys (ConfUtils.java:logGet(43)) - raft.server.log.queue.byte-limit = 2147483647 (custom)
2019-09-26 10:48:55,711 [pool-597-thread-1] INFO  server.RaftServerConfigKeys (ConfUtils.java:logGet(43)) - raft.server.log.queue.element-limit = 1024 (custom)
2019-09-26 10:48:55,711 [pool-597-thread-1] INFO  server.RaftServerConfigKeys (ConfUtils.java:logGet(43)) - raft.server.log.segment.size.max = 1048576 (custom)
2019-09-26 10:48:55,711 [pool-597-thread-1] INFO  server.RaftServerConfigKeys (ConfUtils.java:logGet(43)) - raft.server.log.preallocated.size = 16384 (custom)
2019-09-26 10:48:55,711 [pool-597-thread-1] INFO  server.RaftServerConfigKeys (ConfUtils.java:logGet(43)) - raft.server.log.write.buffer.size = 33554432 (custom)
2019-09-26 10:48:55,711 [pool-597-thread-1] INFO  server.RaftServerConfigKeys (ConfUtils.java:logGet(43)) - raft.server.log.force.sync.num = 128 (default)
2019-09-26 10:48:55,711 [pool-597-thread-1] INFO  server.RaftServerConfigKeys (ConfUtils.java:logGet(43)) - raft.server.log.statemachine.data.sync = true (default)
2019-09-26 10:48:55,712 [pool-597-thread-1] INFO  server.RaftServerConfigKeys (ConfUtils.java:logGet(43)) - raft.server.log.statemachine.data.sync.timeout = 10s (default)
2019-09-26 10:48:55,712 [pool-597-thread-1] INFO  server.RaftServerConfigKeys (ConfUtils.java:logGet(43)) - raft.server.log.statemachine.data.sync.timeout.retry = -1 (default)
2019-09-26 10:48:55,712 [pool-597-thread-1] INFO  server.RaftServerConfigKeys (ConfUtils.java:logGet(43)) - raft.server.log.statemachine.data.caching.enabled = true (custom)
2019-09-26 10:48:55,712 [pool-597-thread-1] INFO  segmented.SegmentedRaftLogWorker (SegmentedRaftLogWorker.java:lambda$new$0(132)) - d8c8cef8-9a6a-4c7a-82e9-31382e1ae247@group-59F323ECAC81-SegmentedRaftLogWorker: flushIndex: setUnconditionally 0 -> -1
2019-09-26 10:48:55,712 [pool-597-thread-1] INFO  server.RaftServerConfigKeys (ConfUtils.java:logGet(43)) - raft.server.snapshot.auto.trigger.enabled = true (custom)
2019-09-26 10:48:55,713 [pool-597-thread-1] INFO  server.RaftServerConfigKeys (ConfUtils.java:logGet(43)) - raft.server.snapshot.auto.trigger.threshold = 10000 (custom)
2019-09-26 10:48:55,713 [pool-597-thread-1] INFO  server.RaftServerConfigKeys (ConfUtils.java:logGet(43)) - raft.server.snapshot.retention.num.files = 5 (custom)
2019-09-26 10:48:55,713 [pool-597-thread-1] INFO  server.RaftServerConfigKeys (ConfUtils.java:logGet(43)) - raft.server.retrycache.expirytime = 600000ms (custom)
2019-09-26 10:48:55,715 [pool-597-thread-1] INFO  impl.RaftServerImpl (RaftServerImpl.java:start(185)) - d8c8cef8-9a6a-4c7a-82e9-31382e1ae247@group-59F323ECAC81: start as a follower, conf=-1: [d8c8cef8-9a6a-4c7a-82e9-31382e1ae247:192.168.30.13:45619], old=null
2019-09-26 10:48:55,715 [pool-597-thread-1] INFO  impl.RaftServerImpl (RaftServerImpl.java:setRole(174)) - d8c8cef8-9a6a-4c7a-82e9-31382e1ae247@group-59F323ECAC81: changes role from      null to FOLLOWER at term 0 for startAsFollower
2019-09-26 10:48:55,715 [pool-597-thread-1] INFO  impl.RoleInfo (RoleInfo.java:updateAndGet(143)) - d8c8cef8-9a6a-4c7a-82e9-31382e1ae247: start FollowerState
2019-09-26 10:48:55,715 [pool-597-thread-1] INFO  util.JmxRegister (JmxRegister.java:tryRegister(44)) - Successfully registered JMX Bean with object name Ratis:service=RaftServer,group=group-59F323ECAC81,id=d8c8cef8-9a6a-4c7a-82e9-31382e1ae247
2019-09-26 10:48:55,717 [RatisPipelineUtilsThread] INFO  pipeline.PipelineStateManager (PipelineStateManager.java:addPipeline(56)) - Created pipeline Pipeline[ Id: 943d34b4-59a7-4135-9498-59f323ecac81, Nodes: d8c8cef8-9a6a-4c7a-82e9-31382e1ae247{ip: 192.168.30.13, host: pr-hdds-1569-wvzgm-824869521, networkLocation: /default-rack, certSerialId: null}, Type:RATIS, Factor:ONE, State:OPEN]
2019-09-26 10:48:55,718 [RatisPipelineUtilsThread] INFO  pipeline.PipelinePlacementPolicy (PipelinePlacementPolicy.java:meetCriteria(91)) - Pipeline Placement: can't place more pipeline on heavy datanode： 7c3babc5-8207-4c42-8723-9fc09bd813a2 Heaviness: 6 limit: 5
2019-09-26 10:48:55,722 [grpc-default-executor-0] INFO  impl.RaftServerProxy (RaftServerProxy.java:addNew(89)) - de4ca06f-7dd1-4c49-a62e-4321f7c724ce: addNew group-7019D09E3CE4:[de4ca06f-7dd1-4c49-a62e-4321f7c724ce:192.168.30.13:43778] returns group-7019D09E3CE4:java.util.concurrent.CompletableFuture@37fdde7e[Not completed]
2019-09-26 10:48:55,723 [pool-587-thread-1] INFO  impl.RaftServerImpl (RaftServerImpl.java:<init>(95)) - de4ca06f-7dd1-4c49-a62e-4321f7c724ce: new RaftServerImpl for group-7019D09E3CE4:[de4ca06f-7dd1-4c49-a62e-4321f7c724ce:192.168.30.13:43778] with ContainerStateMachine:uninitialized
2019-09-26 10:48:55,723 [pool-587-thread-1] INFO  server.RaftServerConfigKeys (ConfUtils.java:logGet(43)) - raft.server.rpc.timeout.min = 5s (custom)
2019-09-26 10:48:55,724 [pool-587-thread-1] INFO  server.RaftServerConfigKeys (ConfUtils.java:logGet(43)) - raft.server.rpc.timeout.max = 5200ms (custom)
2019-09-26 10:48:55,724 [pool-587-thread-1] INFO  server.RaftServerConfigKeys (ConfUtils.java:logGet(43)) - raft.server.rpcslowness.timeout = 120s (custom)
2019-09-26 10:48:55,724 [pool-587-thread-1] INFO  server.RaftServerConfigKeys (ConfUtils.java:logGet(43)) - raft.server.sleep.deviation.threshold = 300 (default)
2019-09-26 10:48:55,724 [pool-587-thread-1] INFO  server.RaftServerConfigKeys (ConfUtils.java:logGet(43)) - raft.server.log.appender.install.snapshot.enabled = false (custom)
2019-09-26 10:48:55,724 [pool-587-thread-1] INFO  impl.RaftServerImpl (ServerState.java:<init>(103)) - de4ca06f-7dd1-4c49-a62e-4321f7c724ce@group-7019D09E3CE4: ConfigurationManager, init=-1: [de4ca06f-7dd1-4c49-a62e-4321f7c724ce:192.168.30.13:43778], old=null, confs=<EMPTY_MAP>
2019-09-26 10:48:55,724 [pool-587-thread-1] INFO  server.RaftServerConfigKeys (ConfUtils.java:logGet(43)) - raft.server.storage.dir = [/workdir/hadoop-ozone/ozonefs/target/test-dir/MiniOzoneClusterImpl-bf023d99-d452-41c9-bfe9-395987bceec1/datanode-1/data/ratis] (custom)
2019-09-26 10:48:55,725 [pool-587-thread-1] INFO  storage.RaftStorageDirectory (RaftStorageDirectory.java:analyzeStorage(246)) - The storage directory /workdir/hadoop-ozone/ozonefs/target/test-dir/MiniOzoneClusterImpl-bf023d99-d452-41c9-bfe9-395987bceec1/datanode-1/data/ratis/f33ae915-7017-4788-83e8-7019d09e3ce4 does not exist. Creating ...
2019-09-26 10:48:55,738 [pool-587-thread-1] INFO  storage.RaftStorageDirectory (RaftStorageDirectory.java:tryLock(328)) - Lock on /workdir/hadoop-ozone/ozonefs/target/test-dir/MiniOzoneClusterImpl-bf023d99-d452-41c9-bfe9-395987bceec1/datanode-1/data/ratis/f33ae915-7017-4788-83e8-7019d09e3ce4/in_use.lock acquired by nodename 17018@pr-hdds-1569-wvzgm-824869521
2019-09-26 10:48:55,751 [pool-587-thread-1] INFO  storage.RaftStorage (RaftStorage.java:format(72)) - Storage directory /workdir/hadoop-ozone/ozonefs/target/test-dir/MiniOzoneClusterImpl-bf023d99-d452-41c9-bfe9-395987bceec1/datanode-1/data/ratis/f33ae915-7017-4788-83e8-7019d09e3ce4 has been successfully formatted.
2019-09-26 10:48:55,751 [pool-587-thread-1] INFO  ratis.ContainerStateMachine (ContainerStateMachine.java:loadSnapshot(230)) - group-7019D09E3CE4: The snapshot info is null. Setting the last applied indexto:(t:0, i:~)
2019-09-26 10:48:55,751 [pool-587-thread-1] INFO  server.RaftServerConfigKeys (ConfUtils.java:logGet(43)) - raft.server.notification.no-leader.timeout = 120s (custom)
2019-09-26 10:48:55,751 [pool-587-thread-1] INFO  server.RaftServerConfigKeys (ConfUtils.java:logGet(43)) - raft.server.log.use.memory = false (default)
2019-09-26 10:48:55,752 [pool-587-thread-1] INFO  server.RaftServerConfigKeys (ConfUtils.java:logGet(43)) - raft.server.log.purge.gap = 1000000 (custom)
2019-09-26 10:48:55,752 [pool-587-thread-1] INFO  server.RaftServerConfigKeys (ConfUtils.java:logGet(43)) - raft.server.log.appender.buffer.byte-limit = 33554432 (custom)
2019-09-26 10:48:55,752 [pool-587-thread-1] INFO  server.RaftServerConfigKeys (ConfUtils.java:logGet(43)) - raft.server.log.segment.size.max = 1048576 (custom)
2019-09-26 10:48:55,752 [pool-587-thread-1] INFO  server.RaftServerConfigKeys (ConfUtils.java:logGet(43)) - raft.server.log.segment.cache.num.max = 2 (custom)
2019-09-26 10:48:55,752 [pool-587-thread-1] INFO  segmented.SegmentedRaftLogWorker (SegmentedRaftLogWorker.java:<init>(172)) - new de4ca06f-7dd1-4c49-a62e-4321f7c724ce@group-7019D09E3CE4-SegmentedRaftLogWorker for RaftStorage:Storage Directory /workdir/hadoop-ozone/ozonefs/target/test-dir/MiniOzoneClusterImpl-bf023d99-d452-41c9-bfe9-395987bceec1/datanode-1/data/ratis/f33ae915-7017-4788-83e8-7019d09e3ce4
2019-09-26 10:48:55,752 [pool-587-thread-1] INFO  server.RaftServerConfigKeys (ConfUtils.java:logGet(43)) - raft.server.log.queue.byte-limit = 2147483647 (custom)
2019-09-26 10:48:55,752 [pool-587-thread-1] INFO  server.RaftServerConfigKeys (ConfUtils.java:logGet(43)) - raft.server.log.queue.element-limit = 1024 (custom)
2019-09-26 10:48:55,753 [pool-587-thread-1] INFO  server.RaftServerConfigKeys (ConfUtils.java:logGet(43)) - raft.server.log.segment.size.max = 1048576 (custom)
2019-09-26 10:48:55,753 [pool-587-thread-1] INFO  server.RaftServerConfigKeys (ConfUtils.java:logGet(43)) - raft.server.log.preallocated.size = 16384 (custom)
2019-09-26 10:48:55,753 [pool-587-thread-1] INFO  server.RaftServerConfigKeys (ConfUtils.java:logGet(43)) - raft.server.log.write.buffer.size = 33554432 (custom)
2019-09-26 10:48:55,753 [pool-587-thread-1] INFO  server.RaftServerConfigKeys (ConfUtils.java:logGet(43)) - raft.server.log.force.sync.num = 128 (default)
2019-09-26 10:48:55,753 [pool-587-thread-1] INFO  server.RaftServerConfigKeys (ConfUtils.java:logGet(43)) - raft.server.log.statemachine.data.sync = true (default)
2019-09-26 10:48:55,753 [pool-587-thread-1] INFO  server.RaftServerConfigKeys (ConfUtils.java:logGet(43)) - raft.server.log.statemachine.data.sync.timeout = 10s (default)
2019-09-26 10:48:55,753 [pool-587-thread-1] INFO  server.RaftServerConfigKeys (ConfUtils.java:logGet(43)) - raft.server.log.statemachine.data.sync.timeout.retry = -1 (default)
2019-09-26 10:48:55,753 [pool-587-thread-1] INFO  server.RaftServerConfigKeys (ConfUtils.java:logGet(43)) - raft.server.log.statemachine.data.caching.enabled = true (custom)
2019-09-26 10:48:55,754 [pool-587-thread-1] INFO  segmented.SegmentedRaftLogWorker (SegmentedRaftLogWorker.java:lambda$new$0(132)) - de4ca06f-7dd1-4c49-a62e-4321f7c724ce@group-7019D09E3CE4-SegmentedRaftLogWorker: flushIndex: setUnconditionally 0 -> -1
2019-09-26 10:48:55,754 [pool-587-thread-1] INFO  server.RaftServerConfigKeys (ConfUtils.java:logGet(43)) - raft.server.snapshot.auto.trigger.enabled = true (custom)
2019-09-26 10:48:55,754 [pool-587-thread-1] INFO  server.RaftServerConfigKeys (ConfUtils.java:logGet(43)) - raft.server.snapshot.auto.trigger.threshold = 10000 (custom)
2019-09-26 10:48:55,754 [pool-587-thread-1] INFO  server.RaftServerConfigKeys (ConfUtils.java:logGet(43)) - raft.server.snapshot.retention.num.files = 5 (custom)
2019-09-26 10:48:55,755 [pool-587-thread-1] INFO  server.RaftServerConfigKeys (ConfUtils.java:logGet(43)) - raft.server.retrycache.expirytime = 600000ms (custom)
2019-09-26 10:48:55,756 [pool-587-thread-1] INFO  impl.RaftServerImpl (RaftServerImpl.java:start(185)) - de4ca06f-7dd1-4c49-a62e-4321f7c724ce@group-7019D09E3CE4: start as a follower, conf=-1: [de4ca06f-7dd1-4c49-a62e-4321f7c724ce:192.168.30.13:43778], old=null
2019-09-26 10:48:55,756 [pool-587-thread-1] INFO  impl.RaftServerImpl (RaftServerImpl.java:setRole(174)) - de4ca06f-7dd1-4c49-a62e-4321f7c724ce@group-7019D09E3CE4: changes role from      null to FOLLOWER at term 0 for startAsFollower
2019-09-26 10:48:55,756 [pool-587-thread-1] INFO  impl.RoleInfo (RoleInfo.java:updateAndGet(143)) - de4ca06f-7dd1-4c49-a62e-4321f7c724ce: start FollowerState
2019-09-26 10:48:55,757 [pool-587-thread-1] INFO  util.JmxRegister (JmxRegister.java:tryRegister(44)) - Successfully registered JMX Bean with object name Ratis:service=RaftServer,group=group-7019D09E3CE4,id=de4ca06f-7dd1-4c49-a62e-4321f7c724ce
2019-09-26 10:48:55,759 [RatisPipelineUtilsThread] INFO  pipeline.PipelineStateManager (PipelineStateManager.java:addPipeline(56)) - Created pipeline Pipeline[ Id: f33ae915-7017-4788-83e8-7019d09e3ce4, Nodes: de4ca06f-7dd1-4c49-a62e-4321f7c724ce{ip: 192.168.30.13, host: pr-hdds-1569-wvzgm-824869521, networkLocation: /default-rack, certSerialId: null}, Type:RATIS, Factor:ONE, State:OPEN]
2019-09-26 10:48:55,760 [RatisPipelineUtilsThread] INFO  pipeline.PipelinePlacementPolicy (PipelinePlacementPolicy.java:meetCriteria(91)) - Pipeline Placement: can't place more pipeline on heavy datanode： 7c3babc5-8207-4c42-8723-9fc09bd813a2 Heaviness: 6 limit: 5
2019-09-26 10:48:55,764 [grpc-default-executor-0] INFO  impl.RaftServerProxy (RaftServerProxy.java:addNew(89)) - de4ca06f-7dd1-4c49-a62e-4321f7c724ce: addNew group-A3C7421665E7:[de4ca06f-7dd1-4c49-a62e-4321f7c724ce:192.168.30.13:43778] returns group-A3C7421665E7:java.util.concurrent.CompletableFuture@39ca26f1[Not completed]
2019-09-26 10:48:55,765 [pool-587-thread-1] INFO  impl.RaftServerImpl (RaftServerImpl.java:<init>(95)) - de4ca06f-7dd1-4c49-a62e-4321f7c724ce: new RaftServerImpl for group-A3C7421665E7:[de4ca06f-7dd1-4c49-a62e-4321f7c724ce:192.168.30.13:43778] with ContainerStateMachine:uninitialized
2019-09-26 10:48:55,765 [pool-587-thread-1] INFO  server.RaftServerConfigKeys (ConfUtils.java:logGet(43)) - raft.server.rpc.timeout.min = 5s (custom)
2019-09-26 10:48:55,766 [pool-587-thread-1] INFO  server.RaftServerConfigKeys (ConfUtils.java:logGet(43)) - raft.server.rpc.timeout.max = 5200ms (custom)
2019-09-26 10:48:55,766 [pool-587-thread-1] INFO  server.RaftServerConfigKeys (ConfUtils.java:logGet(43)) - raft.server.rpcslowness.timeout = 120s (custom)
2019-09-26 10:48:55,766 [pool-587-thread-1] INFO  server.RaftServerConfigKeys (ConfUtils.java:logGet(43)) - raft.server.sleep.deviation.threshold = 300 (default)
2019-09-26 10:48:55,766 [pool-587-thread-1] INFO  server.RaftServerConfigKeys (ConfUtils.java:logGet(43)) - raft.server.log.appender.install.snapshot.enabled = false (custom)
2019-09-26 10:48:55,766 [pool-587-thread-1] INFO  impl.RaftServerImpl (ServerState.java:<init>(103)) - de4ca06f-7dd1-4c49-a62e-4321f7c724ce@group-A3C7421665E7: ConfigurationManager, init=-1: [de4ca06f-7dd1-4c49-a62e-4321f7c724ce:192.168.30.13:43778], old=null, confs=<EMPTY_MAP>
2019-09-26 10:48:55,766 [pool-587-thread-1] INFO  server.RaftServerConfigKeys (ConfUtils.java:logGet(43)) - raft.server.storage.dir = [/workdir/hadoop-ozone/ozonefs/target/test-dir/MiniOzoneClusterImpl-bf023d99-d452-41c9-bfe9-395987bceec1/datanode-1/data/ratis] (custom)
2019-09-26 10:48:55,767 [pool-587-thread-1] INFO  storage.RaftStorageDirectory (RaftStorageDirectory.java:analyzeStorage(246)) - The storage directory /workdir/hadoop-ozone/ozonefs/target/test-dir/MiniOzoneClusterImpl-bf023d99-d452-41c9-bfe9-395987bceec1/datanode-1/data/ratis/9efe2439-9fb0-4c8a-8355-a3c7421665e7 does not exist. Creating ...
2019-09-26 10:48:55,786 [pool-587-thread-1] INFO  storage.RaftStorageDirectory (RaftStorageDirectory.java:tryLock(328)) - Lock on /workdir/hadoop-ozone/ozonefs/target/test-dir/MiniOzoneClusterImpl-bf023d99-d452-41c9-bfe9-395987bceec1/datanode-1/data/ratis/9efe2439-9fb0-4c8a-8355-a3c7421665e7/in_use.lock acquired by nodename 17018@pr-hdds-1569-wvzgm-824869521
2019-09-26 10:48:55,795 [pool-587-thread-1] INFO  storage.RaftStorage (RaftStorage.java:format(72)) - Storage directory /workdir/hadoop-ozone/ozonefs/target/test-dir/MiniOzoneClusterImpl-bf023d99-d452-41c9-bfe9-395987bceec1/datanode-1/data/ratis/9efe2439-9fb0-4c8a-8355-a3c7421665e7 has been successfully formatted.
2019-09-26 10:48:55,795 [pool-587-thread-1] INFO  ratis.ContainerStateMachine (ContainerStateMachine.java:loadSnapshot(230)) - group-A3C7421665E7: The snapshot info is null. Setting the last applied indexto:(t:0, i:~)
2019-09-26 10:48:55,796 [pool-587-thread-1] INFO  server.RaftServerConfigKeys (ConfUtils.java:logGet(43)) - raft.server.notification.no-leader.timeout = 120s (custom)
2019-09-26 10:48:55,796 [pool-587-thread-1] INFO  server.RaftServerConfigKeys (ConfUtils.java:logGet(43)) - raft.server.log.use.memory = false (default)
2019-09-26 10:48:55,796 [pool-587-thread-1] INFO  server.RaftServerConfigKeys (ConfUtils.java:logGet(43)) - raft.server.log.purge.gap = 1000000 (custom)
2019-09-26 10:48:55,796 [pool-587-thread-1] INFO  server.RaftServerConfigKeys (ConfUtils.java:logGet(43)) - raft.server.log.appender.buffer.byte-limit = 33554432 (custom)
2019-09-26 10:48:55,796 [pool-587-thread-1] INFO  server.RaftServerConfigKeys (ConfUtils.java:logGet(43)) - raft.server.log.segment.size.max = 1048576 (custom)
2019-09-26 10:48:55,796 [pool-587-thread-1] INFO  server.RaftServerConfigKeys (ConfUtils.java:logGet(43)) - raft.server.log.segment.cache.num.max = 2 (custom)
2019-09-26 10:48:55,797 [pool-587-thread-1] INFO  segmented.SegmentedRaftLogWorker (SegmentedRaftLogWorker.java:<init>(172)) - new de4ca06f-7dd1-4c49-a62e-4321f7c724ce@group-A3C7421665E7-SegmentedRaftLogWorker for RaftStorage:Storage Directory /workdir/hadoop-ozone/ozonefs/target/test-dir/MiniOzoneClusterImpl-bf023d99-d452-41c9-bfe9-395987bceec1/datanode-1/data/ratis/9efe2439-9fb0-4c8a-8355-a3c7421665e7
2019-09-26 10:48:55,797 [pool-587-thread-1] INFO  server.RaftServerConfigKeys (ConfUtils.java:logGet(43)) - raft.server.log.queue.byte-limit = 2147483647 (custom)
2019-09-26 10:48:55,797 [pool-587-thread-1] INFO  server.RaftServerConfigKeys (ConfUtils.java:logGet(43)) - raft.server.log.queue.element-limit = 1024 (custom)
2019-09-26 10:48:55,797 [pool-587-thread-1] INFO  server.RaftServerConfigKeys (ConfUtils.java:logGet(43)) - raft.server.log.segment.size.max = 1048576 (custom)
2019-09-26 10:48:55,797 [pool-587-thread-1] INFO  server.RaftServerConfigKeys (ConfUtils.java:logGet(43)) - raft.server.log.preallocated.size = 16384 (custom)
2019-09-26 10:48:55,797 [pool-587-thread-1] INFO  server.RaftServerConfigKeys (ConfUtils.java:logGet(43)) - raft.server.log.write.buffer.size = 33554432 (custom)
2019-09-26 10:48:55,798 [pool-587-thread-1] INFO  server.RaftServerConfigKeys (ConfUtils.java:logGet(43)) - raft.server.log.force.sync.num = 128 (default)
2019-09-26 10:48:55,798 [pool-587-thread-1] INFO  server.RaftServerConfigKeys (ConfUtils.java:logGet(43)) - raft.server.log.statemachine.data.sync = true (default)
2019-09-26 10:48:55,798 [pool-587-thread-1] INFO  server.RaftServerConfigKeys (ConfUtils.java:logGet(43)) - raft.server.log.statemachine.data.sync.timeout = 10s (default)
2019-09-26 10:48:55,798 [pool-587-thread-1] INFO  server.RaftServerConfigKeys (ConfUtils.java:logGet(43)) - raft.server.log.statemachine.data.sync.timeout.retry = -1 (default)
2019-09-26 10:48:55,798 [pool-587-thread-1] INFO  server.RaftServerConfigKeys (ConfUtils.java:logGet(43)) - raft.server.log.statemachine.data.caching.enabled = true (custom)
2019-09-26 10:48:55,798 [pool-587-thread-1] INFO  segmented.SegmentedRaftLogWorker (SegmentedRaftLogWorker.java:lambda$new$0(132)) - de4ca06f-7dd1-4c49-a62e-4321f7c724ce@group-A3C7421665E7-SegmentedRaftLogWorker: flushIndex: setUnconditionally 0 -> -1
2019-09-26 10:48:55,799 [pool-587-thread-1] INFO  server.RaftServerConfigKeys (ConfUtils.java:logGet(43)) - raft.server.snapshot.auto.trigger.enabled = true (custom)
2019-09-26 10:48:55,799 [pool-587-thread-1] INFO  server.RaftServerConfigKeys (ConfUtils.java:logGet(43)) - raft.server.snapshot.auto.trigger.threshold = 10000 (custom)
2019-09-26 10:48:55,799 [pool-587-thread-1] INFO  server.RaftServerConfigKeys (ConfUtils.java:logGet(43)) - raft.server.snapshot.retention.num.files = 5 (custom)
2019-09-26 10:48:55,799 [pool-587-thread-1] INFO  server.RaftServerConfigKeys (ConfUtils.java:logGet(43)) - raft.server.retrycache.expirytime = 600000ms (custom)
2019-09-26 10:48:55,801 [pool-587-thread-1] INFO  impl.RaftServerImpl (RaftServerImpl.java:start(185)) - de4ca06f-7dd1-4c49-a62e-4321f7c724ce@group-A3C7421665E7: start as a follower, conf=-1: [de4ca06f-7dd1-4c49-a62e-4321f7c724ce:192.168.30.13:43778], old=null
2019-09-26 10:48:55,801 [pool-587-thread-1] INFO  impl.RaftServerImpl (RaftServerImpl.java:setRole(174)) - de4ca06f-7dd1-4c49-a62e-4321f7c724ce@group-A3C7421665E7: changes role from      null to FOLLOWER at term 0 for startAsFollower
2019-09-26 10:48:55,801 [pool-587-thread-1] INFO  impl.RoleInfo (RoleInfo.java:updateAndGet(143)) - de4ca06f-7dd1-4c49-a62e-4321f7c724ce: start FollowerState
2019-09-26 10:48:55,802 [pool-587-thread-1] INFO  util.JmxRegister (JmxRegister.java:tryRegister(44)) - Successfully registered JMX Bean with object name Ratis:service=RaftServer,group=group-A3C7421665E7,id=de4ca06f-7dd1-4c49-a62e-4321f7c724ce
2019-09-26 10:48:55,804 [RatisPipelineUtilsThread] INFO  pipeline.PipelineStateManager (PipelineStateManager.java:addPipeline(56)) - Created pipeline Pipeline[ Id: 9efe2439-9fb0-4c8a-8355-a3c7421665e7, Nodes: de4ca06f-7dd1-4c49-a62e-4321f7c724ce{ip: 192.168.30.13, host: pr-hdds-1569-wvzgm-824869521, networkLocation: /default-rack, certSerialId: null}, Type:RATIS, Factor:ONE, State:OPEN]
2019-09-26 10:48:55,805 [RatisPipelineUtilsThread] INFO  pipeline.PipelinePlacementPolicy (PipelinePlacementPolicy.java:meetCriteria(91)) - Pipeline Placement: can't place more pipeline on heavy datanode： 7c3babc5-8207-4c42-8723-9fc09bd813a2 Heaviness: 6 limit: 5
2019-09-26 10:48:55,809 [grpc-default-executor-0] INFO  impl.RaftServerProxy (RaftServerProxy.java:addNew(89)) - de4ca06f-7dd1-4c49-a62e-4321f7c724ce: addNew group-911FBF8D8995:[de4ca06f-7dd1-4c49-a62e-4321f7c724ce:192.168.30.13:43778] returns group-911FBF8D8995:java.util.concurrent.CompletableFuture@5cfbf6bf[Not completed]
2019-09-26 10:48:55,810 [pool-587-thread-1] INFO  impl.RaftServerImpl (RaftServerImpl.java:<init>(95)) - de4ca06f-7dd1-4c49-a62e-4321f7c724ce: new RaftServerImpl for group-911FBF8D8995:[de4ca06f-7dd1-4c49-a62e-4321f7c724ce:192.168.30.13:43778] with ContainerStateMachine:uninitialized
2019-09-26 10:48:55,810 [pool-587-thread-1] INFO  server.RaftServerConfigKeys (ConfUtils.java:logGet(43)) - raft.server.rpc.timeout.min = 5s (custom)
2019-09-26 10:48:55,810 [pool-587-thread-1] INFO  server.RaftServerConfigKeys (ConfUtils.java:logGet(43)) - raft.server.rpc.timeout.max = 5200ms (custom)
2019-09-26 10:48:55,811 [pool-587-thread-1] INFO  server.RaftServerConfigKeys (ConfUtils.java:logGet(43)) - raft.server.rpcslowness.timeout = 120s (custom)
2019-09-26 10:48:55,811 [pool-587-thread-1] INFO  server.RaftServerConfigKeys (ConfUtils.java:logGet(43)) - raft.server.sleep.deviation.threshold = 300 (default)
2019-09-26 10:48:55,811 [pool-587-thread-1] INFO  server.RaftServerConfigKeys (ConfUtils.java:logGet(43)) - raft.server.log.appender.install.snapshot.enabled = false (custom)
2019-09-26 10:48:55,811 [pool-587-thread-1] INFO  impl.RaftServerImpl (ServerState.java:<init>(103)) - de4ca06f-7dd1-4c49-a62e-4321f7c724ce@group-911FBF8D8995: ConfigurationManager, init=-1: [de4ca06f-7dd1-4c49-a62e-4321f7c724ce:192.168.30.13:43778], old=null, confs=<EMPTY_MAP>
2019-09-26 10:48:55,811 [pool-587-thread-1] INFO  server.RaftServerConfigKeys (ConfUtils.java:logGet(43)) - raft.server.storage.dir = [/workdir/hadoop-ozone/ozonefs/target/test-dir/MiniOzoneClusterImpl-bf023d99-d452-41c9-bfe9-395987bceec1/datanode-1/data/ratis] (custom)
2019-09-26 10:48:55,811 [pool-587-thread-1] INFO  storage.RaftStorageDirectory (RaftStorageDirectory.java:analyzeStorage(246)) - The storage directory /workdir/hadoop-ozone/ozonefs/target/test-dir/MiniOzoneClusterImpl-bf023d99-d452-41c9-bfe9-395987bceec1/datanode-1/data/ratis/90556424-45bf-45be-aee4-911fbf8d8995 does not exist. Creating ...
2019-09-26 10:48:55,825 [pool-587-thread-1] INFO  storage.RaftStorageDirectory (RaftStorageDirectory.java:tryLock(328)) - Lock on /workdir/hadoop-ozone/ozonefs/target/test-dir/MiniOzoneClusterImpl-bf023d99-d452-41c9-bfe9-395987bceec1/datanode-1/data/ratis/90556424-45bf-45be-aee4-911fbf8d8995/in_use.lock acquired by nodename 17018@pr-hdds-1569-wvzgm-824869521
2019-09-26 10:48:55,838 [pool-587-thread-1] INFO  storage.RaftStorage (RaftStorage.java:format(72)) - Storage directory /workdir/hadoop-ozone/ozonefs/target/test-dir/MiniOzoneClusterImpl-bf023d99-d452-41c9-bfe9-395987bceec1/datanode-1/data/ratis/90556424-45bf-45be-aee4-911fbf8d8995 has been successfully formatted.
2019-09-26 10:48:55,839 [pool-587-thread-1] INFO  ratis.ContainerStateMachine (ContainerStateMachine.java:loadSnapshot(230)) - group-911FBF8D8995: The snapshot info is null. Setting the last applied indexto:(t:0, i:~)
2019-09-26 10:48:55,839 [pool-587-thread-1] INFO  server.RaftServerConfigKeys (ConfUtils.java:logGet(43)) - raft.server.notification.no-leader.timeout = 120s (custom)
2019-09-26 10:48:55,839 [pool-587-thread-1] INFO  server.RaftServerConfigKeys (ConfUtils.java:logGet(43)) - raft.server.log.use.memory = false (default)
2019-09-26 10:48:55,839 [pool-587-thread-1] INFO  server.RaftServerConfigKeys (ConfUtils.java:logGet(43)) - raft.server.log.purge.gap = 1000000 (custom)
2019-09-26 10:48:55,839 [pool-587-thread-1] INFO  server.RaftServerConfigKeys (ConfUtils.java:logGet(43)) - raft.server.log.appender.buffer.byte-limit = 33554432 (custom)
2019-09-26 10:48:55,839 [pool-587-thread-1] INFO  server.RaftServerConfigKeys (ConfUtils.java:logGet(43)) - raft.server.log.segment.size.max = 1048576 (custom)
2019-09-26 10:48:55,840 [pool-587-thread-1] INFO  server.RaftServerConfigKeys (ConfUtils.java:logGet(43)) - raft.server.log.segment.cache.num.max = 2 (custom)
2019-09-26 10:48:55,840 [pool-587-thread-1] INFO  segmented.SegmentedRaftLogWorker (SegmentedRaftLogWorker.java:<init>(172)) - new de4ca06f-7dd1-4c49-a62e-4321f7c724ce@group-911FBF8D8995-SegmentedRaftLogWorker for RaftStorage:Storage Directory /workdir/hadoop-ozone/ozonefs/target/test-dir/MiniOzoneClusterImpl-bf023d99-d452-41c9-bfe9-395987bceec1/datanode-1/data/ratis/90556424-45bf-45be-aee4-911fbf8d8995
2019-09-26 10:48:55,840 [pool-587-thread-1] INFO  server.RaftServerConfigKeys (ConfUtils.java:logGet(43)) - raft.server.log.queue.byte-limit = 2147483647 (custom)
2019-09-26 10:48:55,840 [pool-587-thread-1] INFO  server.RaftServerConfigKeys (ConfUtils.java:logGet(43)) - raft.server.log.queue.element-limit = 1024 (custom)
2019-09-26 10:48:55,840 [pool-587-thread-1] INFO  server.RaftServerConfigKeys (ConfUtils.java:logGet(43)) - raft.server.log.segment.size.max = 1048576 (custom)
2019-09-26 10:48:55,840 [pool-587-thread-1] INFO  server.RaftServerConfigKeys (ConfUtils.java:logGet(43)) - raft.server.log.preallocated.size = 16384 (custom)
2019-09-26 10:48:55,841 [pool-587-thread-1] INFO  server.RaftServerConfigKeys (ConfUtils.java:logGet(43)) - raft.server.log.write.buffer.size = 33554432 (custom)
2019-09-26 10:48:55,841 [pool-587-thread-1] INFO  server.RaftServerConfigKeys (ConfUtils.java:logGet(43)) - raft.server.log.force.sync.num = 128 (default)
2019-09-26 10:48:55,841 [pool-587-thread-1] INFO  server.RaftServerConfigKeys (ConfUtils.java:logGet(43)) - raft.server.log.statemachine.data.sync = true (default)
2019-09-26 10:48:55,841 [pool-587-thread-1] INFO  server.RaftServerConfigKeys (ConfUtils.java:logGet(43)) - raft.server.log.statemachine.data.sync.timeout = 10s (default)
2019-09-26 10:48:55,841 [pool-587-thread-1] INFO  server.RaftServerConfigKeys (ConfUtils.java:logGet(43)) - raft.server.log.statemachine.data.sync.timeout.retry = -1 (default)
2019-09-26 10:48:55,841 [pool-587-thread-1] INFO  server.RaftServerConfigKeys (ConfUtils.java:logGet(43)) - raft.server.log.statemachine.data.caching.enabled = true (custom)
2019-09-26 10:48:55,842 [pool-587-thread-1] INFO  segmented.SegmentedRaftLogWorker (SegmentedRaftLogWorker.java:lambda$new$0(132)) - de4ca06f-7dd1-4c49-a62e-4321f7c724ce@group-911FBF8D8995-SegmentedRaftLogWorker: flushIndex: setUnconditionally 0 -> -1
2019-09-26 10:48:55,842 [pool-587-thread-1] INFO  server.RaftServerConfigKeys (ConfUtils.java:logGet(43)) - raft.server.snapshot.auto.trigger.enabled = true (custom)
2019-09-26 10:48:55,842 [pool-587-thread-1] INFO  server.RaftServerConfigKeys (ConfUtils.java:logGet(43)) - raft.server.snapshot.auto.trigger.threshold = 10000 (custom)
2019-09-26 10:48:55,842 [pool-587-thread-1] INFO  server.RaftServerConfigKeys (ConfUtils.java:logGet(43)) - raft.server.snapshot.retention.num.files = 5 (custom)
2019-09-26 10:48:55,842 [pool-587-thread-1] INFO  server.RaftServerConfigKeys (ConfUtils.java:logGet(43)) - raft.server.retrycache.expirytime = 600000ms (custom)
2019-09-26 10:48:55,844 [pool-587-thread-1] INFO  impl.RaftServerImpl (RaftServerImpl.java:start(185)) - de4ca06f-7dd1-4c49-a62e-4321f7c724ce@group-911FBF8D8995: start as a follower, conf=-1: [de4ca06f-7dd1-4c49-a62e-4321f7c724ce:192.168.30.13:43778], old=null
2019-09-26 10:48:55,844 [pool-587-thread-1] INFO  impl.RaftServerImpl (RaftServerImpl.java:setRole(174)) - de4ca06f-7dd1-4c49-a62e-4321f7c724ce@group-911FBF8D8995: changes role from      null to FOLLOWER at term 0 for startAsFollower
2019-09-26 10:48:55,845 [pool-587-thread-1] INFO  impl.RoleInfo (RoleInfo.java:updateAndGet(143)) - de4ca06f-7dd1-4c49-a62e-4321f7c724ce: start FollowerState
2019-09-26 10:48:55,845 [pool-587-thread-1] INFO  util.JmxRegister (JmxRegister.java:tryRegister(44)) - Successfully registered JMX Bean with object name Ratis:service=RaftServer,group=group-911FBF8D8995,id=de4ca06f-7dd1-4c49-a62e-4321f7c724ce
2019-09-26 10:48:55,848 [RatisPipelineUtilsThread] INFO  pipeline.PipelineStateManager (PipelineStateManager.java:addPipeline(56)) - Created pipeline Pipeline[ Id: 90556424-45bf-45be-aee4-911fbf8d8995, Nodes: de4ca06f-7dd1-4c49-a62e-4321f7c724ce{ip: 192.168.30.13, host: pr-hdds-1569-wvzgm-824869521, networkLocation: /default-rack, certSerialId: null}, Type:RATIS, Factor:ONE, State:OPEN]
2019-09-26 10:48:55,848 [RatisPipelineUtilsThread] INFO  pipeline.PipelinePlacementPolicy (PipelinePlacementPolicy.java:meetCriteria(91)) - Pipeline Placement: can't place more pipeline on heavy datanode： 7c3babc5-8207-4c42-8723-9fc09bd813a2 Heaviness: 6 limit: 5
2019-09-26 10:48:55,848 [RatisPipelineUtilsThread] INFO  pipeline.PipelinePlacementPolicy (PipelinePlacementPolicy.java:meetCriteria(91)) - Pipeline Placement: can't place more pipeline on heavy datanode： de4ca06f-7dd1-4c49-a62e-4321f7c724ce Heaviness: 6 limit: 5
2019-09-26 10:48:55,853 [grpc-default-executor-0] INFO  impl.RaftServerProxy (RaftServerProxy.java:addNew(89)) - d8c8cef8-9a6a-4c7a-82e9-31382e1ae247: addNew group-2C30205CEAC1:[d8c8cef8-9a6a-4c7a-82e9-31382e1ae247:192.168.30.13:45619] returns group-2C30205CEAC1:java.util.concurrent.CompletableFuture@9b638cd[Not completed]
2019-09-26 10:48:55,854 [pool-597-thread-1] INFO  impl.RaftServerImpl (RaftServerImpl.java:<init>(95)) - d8c8cef8-9a6a-4c7a-82e9-31382e1ae247: new RaftServerImpl for group-2C30205CEAC1:[d8c8cef8-9a6a-4c7a-82e9-31382e1ae247:192.168.30.13:45619] with ContainerStateMachine:uninitialized
2019-09-26 10:48:55,854 [pool-597-thread-1] INFO  server.RaftServerConfigKeys (ConfUtils.java:logGet(43)) - raft.server.rpc.timeout.min = 5s (custom)
2019-09-26 10:48:55,854 [pool-597-thread-1] INFO  server.RaftServerConfigKeys (ConfUtils.java:logGet(43)) - raft.server.rpc.timeout.max = 5200ms (custom)
2019-09-26 10:48:55,854 [pool-597-thread-1] INFO  server.RaftServerConfigKeys (ConfUtils.java:logGet(43)) - raft.server.rpcslowness.timeout = 120s (custom)
2019-09-26 10:48:55,855 [pool-597-thread-1] INFO  server.RaftServerConfigKeys (ConfUtils.java:logGet(43)) - raft.server.sleep.deviation.threshold = 300 (default)
2019-09-26 10:48:55,855 [pool-597-thread-1] INFO  server.RaftServerConfigKeys (ConfUtils.java:logGet(43)) - raft.server.log.appender.install.snapshot.enabled = false (custom)
2019-09-26 10:48:55,855 [pool-597-thread-1] INFO  impl.RaftServerImpl (ServerState.java:<init>(103)) - d8c8cef8-9a6a-4c7a-82e9-31382e1ae247@group-2C30205CEAC1: ConfigurationManager, init=-1: [d8c8cef8-9a6a-4c7a-82e9-31382e1ae247:192.168.30.13:45619], old=null, confs=<EMPTY_MAP>
2019-09-26 10:48:55,855 [pool-597-thread-1] INFO  server.RaftServerConfigKeys (ConfUtils.java:logGet(43)) - raft.server.storage.dir = [/workdir/hadoop-ozone/ozonefs/target/test-dir/MiniOzoneClusterImpl-bf023d99-d452-41c9-bfe9-395987bceec1/datanode-2/data/ratis] (custom)
2019-09-26 10:48:55,855 [pool-597-thread-1] INFO  storage.RaftStorageDirectory (RaftStorageDirectory.java:analyzeStorage(246)) - The storage directory /workdir/hadoop-ozone/ozonefs/target/test-dir/MiniOzoneClusterImpl-bf023d99-d452-41c9-bfe9-395987bceec1/datanode-2/data/ratis/91c78d4e-4867-48ac-be91-2c30205ceac1 does not exist. Creating ...
2019-09-26 10:48:55,868 [pool-597-thread-1] INFO  storage.RaftStorageDirectory (RaftStorageDirectory.java:tryLock(328)) - Lock on /workdir/hadoop-ozone/ozonefs/target/test-dir/MiniOzoneClusterImpl-bf023d99-d452-41c9-bfe9-395987bceec1/datanode-2/data/ratis/91c78d4e-4867-48ac-be91-2c30205ceac1/in_use.lock acquired by nodename 17018@pr-hdds-1569-wvzgm-824869521
2019-09-26 10:48:55,881 [pool-597-thread-1] INFO  storage.RaftStorage (RaftStorage.java:format(72)) - Storage directory /workdir/hadoop-ozone/ozonefs/target/test-dir/MiniOzoneClusterImpl-bf023d99-d452-41c9-bfe9-395987bceec1/datanode-2/data/ratis/91c78d4e-4867-48ac-be91-2c30205ceac1 has been successfully formatted.
2019-09-26 10:48:55,882 [pool-597-thread-1] INFO  ratis.ContainerStateMachine (ContainerStateMachine.java:loadSnapshot(230)) - group-2C30205CEAC1: The snapshot info is null. Setting the last applied indexto:(t:0, i:~)
2019-09-26 10:48:55,882 [pool-597-thread-1] INFO  server.RaftServerConfigKeys (ConfUtils.java:logGet(43)) - raft.server.notification.no-leader.timeout = 120s (custom)
2019-09-26 10:48:55,882 [pool-597-thread-1] INFO  server.RaftServerConfigKeys (ConfUtils.java:logGet(43)) - raft.server.log.use.memory = false (default)
2019-09-26 10:48:55,882 [pool-597-thread-1] INFO  server.RaftServerConfigKeys (ConfUtils.java:logGet(43)) - raft.server.log.purge.gap = 1000000 (custom)
2019-09-26 10:48:55,882 [pool-597-thread-1] INFO  server.RaftServerConfigKeys (ConfUtils.java:logGet(43)) - raft.server.log.appender.buffer.byte-limit = 33554432 (custom)
2019-09-26 10:48:55,882 [pool-597-thread-1] INFO  server.RaftServerConfigKeys (ConfUtils.java:logGet(43)) - raft.server.log.segment.size.max = 1048576 (custom)
2019-09-26 10:48:55,882 [pool-597-thread-1] INFO  server.RaftServerConfigKeys (ConfUtils.java:logGet(43)) - raft.server.log.segment.cache.num.max = 2 (custom)
2019-09-26 10:48:55,883 [pool-597-thread-1] INFO  segmented.SegmentedRaftLogWorker (SegmentedRaftLogWorker.java:<init>(172)) - new d8c8cef8-9a6a-4c7a-82e9-31382e1ae247@group-2C30205CEAC1-SegmentedRaftLogWorker for RaftStorage:Storage Directory /workdir/hadoop-ozone/ozonefs/target/test-dir/MiniOzoneClusterImpl-bf023d99-d452-41c9-bfe9-395987bceec1/datanode-2/data/ratis/91c78d4e-4867-48ac-be91-2c30205ceac1
2019-09-26 10:48:55,883 [pool-597-thread-1] INFO  server.RaftServerConfigKeys (ConfUtils.java:logGet(43)) - raft.server.log.queue.byte-limit = 2147483647 (custom)
2019-09-26 10:48:55,883 [pool-597-thread-1] INFO  server.RaftServerConfigKeys (ConfUtils.java:logGet(43)) - raft.server.log.queue.element-limit = 1024 (custom)
2019-09-26 10:48:55,883 [pool-597-thread-1] INFO  server.RaftServerConfigKeys (ConfUtils.java:logGet(43)) - raft.server.log.segment.size.max = 1048576 (custom)
2019-09-26 10:48:55,883 [pool-597-thread-1] INFO  server.RaftServerConfigKeys (ConfUtils.java:logGet(43)) - raft.server.log.preallocated.size = 16384 (custom)
2019-09-26 10:48:55,883 [pool-597-thread-1] INFO  server.RaftServerConfigKeys (ConfUtils.java:logGet(43)) - raft.server.log.write.buffer.size = 33554432 (custom)
2019-09-26 10:48:55,883 [pool-597-thread-1] INFO  server.RaftServerConfigKeys (ConfUtils.java:logGet(43)) - raft.server.log.force.sync.num = 128 (default)
2019-09-26 10:48:55,884 [pool-597-thread-1] INFO  server.RaftServerConfigKeys (ConfUtils.java:logGet(43)) - raft.server.log.statemachine.data.sync = true (default)
2019-09-26 10:48:55,884 [pool-597-thread-1] INFO  server.RaftServerConfigKeys (ConfUtils.java:logGet(43)) - raft.server.log.statemachine.data.sync.timeout = 10s (default)
2019-09-26 10:48:55,884 [pool-597-thread-1] INFO  server.RaftServerConfigKeys (ConfUtils.java:logGet(43)) - raft.server.log.statemachine.data.sync.timeout.retry = -1 (default)
2019-09-26 10:48:55,884 [pool-597-thread-1] INFO  server.RaftServerConfigKeys (ConfUtils.java:logGet(43)) - raft.server.log.statemachine.data.caching.enabled = true (custom)
2019-09-26 10:48:55,884 [pool-597-thread-1] INFO  segmented.SegmentedRaftLogWorker (SegmentedRaftLogWorker.java:lambda$new$0(132)) - d8c8cef8-9a6a-4c7a-82e9-31382e1ae247@group-2C30205CEAC1-SegmentedRaftLogWorker: flushIndex: setUnconditionally 0 -> -1
2019-09-26 10:48:55,885 [pool-597-thread-1] INFO  server.RaftServerConfigKeys (ConfUtils.java:logGet(43)) - raft.server.snapshot.auto.trigger.enabled = true (custom)
2019-09-26 10:48:55,885 [pool-597-thread-1] INFO  server.RaftServerConfigKeys (ConfUtils.java:logGet(43)) - raft.server.snapshot.auto.trigger.threshold = 10000 (custom)
2019-09-26 10:48:55,885 [pool-597-thread-1] INFO  server.RaftServerConfigKeys (ConfUtils.java:logGet(43)) - raft.server.snapshot.retention.num.files = 5 (custom)
2019-09-26 10:48:55,885 [pool-597-thread-1] INFO  server.RaftServerConfigKeys (ConfUtils.java:logGet(43)) - raft.server.retrycache.expirytime = 600000ms (custom)
2019-09-26 10:48:55,887 [pool-597-thread-1] INFO  impl.RaftServerImpl (RaftServerImpl.java:start(185)) - d8c8cef8-9a6a-4c7a-82e9-31382e1ae247@group-2C30205CEAC1: start as a follower, conf=-1: [d8c8cef8-9a6a-4c7a-82e9-31382e1ae247:192.168.30.13:45619], old=null
2019-09-26 10:48:55,887 [pool-597-thread-1] INFO  impl.RaftServerImpl (RaftServerImpl.java:setRole(174)) - d8c8cef8-9a6a-4c7a-82e9-31382e1ae247@group-2C30205CEAC1: changes role from      null to FOLLOWER at term 0 for startAsFollower
2019-09-26 10:48:55,887 [pool-597-thread-1] INFO  impl.RoleInfo (RoleInfo.java:updateAndGet(143)) - d8c8cef8-9a6a-4c7a-82e9-31382e1ae247: start FollowerState
2019-09-26 10:48:55,887 [pool-597-thread-1] INFO  util.JmxRegister (JmxRegister.java:tryRegister(44)) - Successfully registered JMX Bean with object name Ratis:service=RaftServer,group=group-2C30205CEAC1,id=d8c8cef8-9a6a-4c7a-82e9-31382e1ae247
2019-09-26 10:48:55,890 [RatisPipelineUtilsThread] INFO  pipeline.PipelineStateManager (PipelineStateManager.java:addPipeline(56)) - Created pipeline Pipeline[ Id: 91c78d4e-4867-48ac-be91-2c30205ceac1, Nodes: d8c8cef8-9a6a-4c7a-82e9-31382e1ae247{ip: 192.168.30.13, host: pr-hdds-1569-wvzgm-824869521, networkLocation: /default-rack, certSerialId: null}, Type:RATIS, Factor:ONE, State:OPEN]
2019-09-26 10:48:55,890 [RatisPipelineUtilsThread] INFO  pipeline.PipelinePlacementPolicy (PipelinePlacementPolicy.java:meetCriteria(91)) - Pipeline Placement: can't place more pipeline on heavy datanode： 7c3babc5-8207-4c42-8723-9fc09bd813a2 Heaviness: 6 limit: 5
2019-09-26 10:48:55,891 [RatisPipelineUtilsThread] INFO  pipeline.PipelinePlacementPolicy (PipelinePlacementPolicy.java:meetCriteria(91)) - Pipeline Placement: can't place more pipeline on heavy datanode： de4ca06f-7dd1-4c49-a62e-4321f7c724ce Heaviness: 6 limit: 5
2019-09-26 10:48:55,896 [grpc-default-executor-0] INFO  impl.RaftServerProxy (RaftServerProxy.java:addNew(89)) - d8c8cef8-9a6a-4c7a-82e9-31382e1ae247: addNew group-8020417F5C1D:[d8c8cef8-9a6a-4c7a-82e9-31382e1ae247:192.168.30.13:45619] returns group-8020417F5C1D:java.util.concurrent.CompletableFuture@6986ec5f[Not completed]
2019-09-26 10:48:55,897 [pool-597-thread-1] INFO  impl.RaftServerImpl (RaftServerImpl.java:<init>(95)) - d8c8cef8-9a6a-4c7a-82e9-31382e1ae247: new RaftServerImpl for group-8020417F5C1D:[d8c8cef8-9a6a-4c7a-82e9-31382e1ae247:192.168.30.13:45619] with ContainerStateMachine:uninitialized
2019-09-26 10:48:55,897 [pool-597-thread-1] INFO  server.RaftServerConfigKeys (ConfUtils.java:logGet(43)) - raft.server.rpc.timeout.min = 5s (custom)
2019-09-26 10:48:55,897 [pool-597-thread-1] INFO  server.RaftServerConfigKeys (ConfUtils.java:logGet(43)) - raft.server.rpc.timeout.max = 5200ms (custom)
2019-09-26 10:48:55,897 [pool-597-thread-1] INFO  server.RaftServerConfigKeys (ConfUtils.java:logGet(43)) - raft.server.rpcslowness.timeout = 120s (custom)
2019-09-26 10:48:55,897 [pool-597-thread-1] INFO  server.RaftServerConfigKeys (ConfUtils.java:logGet(43)) - raft.server.sleep.deviation.threshold = 300 (default)
2019-09-26 10:48:55,897 [pool-597-thread-1] INFO  server.RaftServerConfigKeys (ConfUtils.java:logGet(43)) - raft.server.log.appender.install.snapshot.enabled = false (custom)
2019-09-26 10:48:55,897 [pool-597-thread-1] INFO  impl.RaftServerImpl (ServerState.java:<init>(103)) - d8c8cef8-9a6a-4c7a-82e9-31382e1ae247@group-8020417F5C1D: ConfigurationManager, init=-1: [d8c8cef8-9a6a-4c7a-82e9-31382e1ae247:192.168.30.13:45619], old=null, confs=<EMPTY_MAP>
2019-09-26 10:48:55,898 [pool-597-thread-1] INFO  server.RaftServerConfigKeys (ConfUtils.java:logGet(43)) - raft.server.storage.dir = [/workdir/hadoop-ozone/ozonefs/target/test-dir/MiniOzoneClusterImpl-bf023d99-d452-41c9-bfe9-395987bceec1/datanode-2/data/ratis] (custom)
2019-09-26 10:48:55,898 [pool-597-thread-1] INFO  storage.RaftStorageDirectory (RaftStorageDirectory.java:analyzeStorage(246)) - The storage directory /workdir/hadoop-ozone/ozonefs/target/test-dir/MiniOzoneClusterImpl-bf023d99-d452-41c9-bfe9-395987bceec1/datanode-2/data/ratis/5510d64c-2699-4808-8999-8020417f5c1d does not exist. Creating ...
2019-09-26 10:48:55,911 [pool-597-thread-1] INFO  storage.RaftStorageDirectory (RaftStorageDirectory.java:tryLock(328)) - Lock on /workdir/hadoop-ozone/ozonefs/target/test-dir/MiniOzoneClusterImpl-bf023d99-d452-41c9-bfe9-395987bceec1/datanode-2/data/ratis/5510d64c-2699-4808-8999-8020417f5c1d/in_use.lock acquired by nodename 17018@pr-hdds-1569-wvzgm-824869521
2019-09-26 10:48:55,924 [pool-597-thread-1] INFO  storage.RaftStorage (RaftStorage.java:format(72)) - Storage directory /workdir/hadoop-ozone/ozonefs/target/test-dir/MiniOzoneClusterImpl-bf023d99-d452-41c9-bfe9-395987bceec1/datanode-2/data/ratis/5510d64c-2699-4808-8999-8020417f5c1d has been successfully formatted.
2019-09-26 10:48:55,924 [pool-597-thread-1] INFO  ratis.ContainerStateMachine (ContainerStateMachine.java:loadSnapshot(230)) - group-8020417F5C1D: The snapshot info is null. Setting the last applied indexto:(t:0, i:~)
2019-09-26 10:48:55,924 [pool-597-thread-1] INFO  server.RaftServerConfigKeys (ConfUtils.java:logGet(43)) - raft.server.notification.no-leader.timeout = 120s (custom)
2019-09-26 10:48:55,925 [pool-597-thread-1] INFO  server.RaftServerConfigKeys (ConfUtils.java:logGet(43)) - raft.server.log.use.memory = false (default)
2019-09-26 10:48:55,925 [pool-597-thread-1] INFO  server.RaftServerConfigKeys (ConfUtils.java:logGet(43)) - raft.server.log.purge.gap = 1000000 (custom)
2019-09-26 10:48:55,925 [pool-597-thread-1] INFO  server.RaftServerConfigKeys (ConfUtils.java:logGet(43)) - raft.server.log.appender.buffer.byte-limit = 33554432 (custom)
2019-09-26 10:48:55,925 [pool-597-thread-1] INFO  server.RaftServerConfigKeys (ConfUtils.java:logGet(43)) - raft.server.log.segment.size.max = 1048576 (custom)
2019-09-26 10:48:55,925 [pool-597-thread-1] INFO  server.RaftServerConfigKeys (ConfUtils.java:logGet(43)) - raft.server.log.segment.cache.num.max = 2 (custom)
2019-09-26 10:48:55,925 [pool-597-thread-1] INFO  segmented.SegmentedRaftLogWorker (SegmentedRaftLogWorker.java:<init>(172)) - new d8c8cef8-9a6a-4c7a-82e9-31382e1ae247@group-8020417F5C1D-SegmentedRaftLogWorker for RaftStorage:Storage Directory /workdir/hadoop-ozone/ozonefs/target/test-dir/MiniOzoneClusterImpl-bf023d99-d452-41c9-bfe9-395987bceec1/datanode-2/data/ratis/5510d64c-2699-4808-8999-8020417f5c1d
2019-09-26 10:48:55,925 [pool-597-thread-1] INFO  server.RaftServerConfigKeys (ConfUtils.java:logGet(43)) - raft.server.log.queue.byte-limit = 2147483647 (custom)
2019-09-26 10:48:55,926 [pool-597-thread-1] INFO  server.RaftServerConfigKeys (ConfUtils.java:logGet(43)) - raft.server.log.queue.element-limit = 1024 (custom)
2019-09-26 10:48:55,926 [pool-597-thread-1] INFO  server.RaftServerConfigKeys (ConfUtils.java:logGet(43)) - raft.server.log.segment.size.max = 1048576 (custom)
2019-09-26 10:48:55,926 [pool-597-thread-1] INFO  server.RaftServerConfigKeys (ConfUtils.java:logGet(43)) - raft.server.log.preallocated.size = 16384 (custom)
2019-09-26 10:48:55,926 [pool-597-thread-1] INFO  server.RaftServerConfigKeys (ConfUtils.java:logGet(43)) - raft.server.log.write.buffer.size = 33554432 (custom)
2019-09-26 10:48:55,926 [pool-597-thread-1] INFO  server.RaftServerConfigKeys (ConfUtils.java:logGet(43)) - raft.server.log.force.sync.num = 128 (default)
2019-09-26 10:48:55,926 [pool-597-thread-1] INFO  server.RaftServerConfigKeys (ConfUtils.java:logGet(43)) - raft.server.log.statemachine.data.sync = true (default)
2019-09-26 10:48:55,926 [pool-597-thread-1] INFO  server.RaftServerConfigKeys (ConfUtils.java:logGet(43)) - raft.server.log.statemachine.data.sync.timeout = 10s (default)
2019-09-26 10:48:55,927 [pool-597-thread-1] INFO  server.RaftServerConfigKeys (ConfUtils.java:logGet(43)) - raft.server.log.statemachine.data.sync.timeout.retry = -1 (default)
2019-09-26 10:48:55,927 [pool-597-thread-1] INFO  server.RaftServerConfigKeys (ConfUtils.java:logGet(43)) - raft.server.log.statemachine.data.caching.enabled = true (custom)
2019-09-26 10:48:55,927 [pool-597-thread-1] INFO  segmented.SegmentedRaftLogWorker (SegmentedRaftLogWorker.java:lambda$new$0(132)) - d8c8cef8-9a6a-4c7a-82e9-31382e1ae247@group-8020417F5C1D-SegmentedRaftLogWorker: flushIndex: setUnconditionally 0 -> -1
2019-09-26 10:48:55,927 [pool-597-thread-1] INFO  server.RaftServerConfigKeys (ConfUtils.java:logGet(43)) - raft.server.snapshot.auto.trigger.enabled = true (custom)
2019-09-26 10:48:55,927 [pool-597-thread-1] INFO  server.RaftServerConfigKeys (ConfUtils.java:logGet(43)) - raft.server.snapshot.auto.trigger.threshold = 10000 (custom)
2019-09-26 10:48:55,928 [pool-597-thread-1] INFO  server.RaftServerConfigKeys (ConfUtils.java:logGet(43)) - raft.server.snapshot.retention.num.files = 5 (custom)
2019-09-26 10:48:55,928 [pool-597-thread-1] INFO  server.RaftServerConfigKeys (ConfUtils.java:logGet(43)) - raft.server.retrycache.expirytime = 600000ms (custom)
2019-09-26 10:48:55,929 [pool-597-thread-1] INFO  impl.RaftServerImpl (RaftServerImpl.java:start(185)) - d8c8cef8-9a6a-4c7a-82e9-31382e1ae247@group-8020417F5C1D: start as a follower, conf=-1: [d8c8cef8-9a6a-4c7a-82e9-31382e1ae247:192.168.30.13:45619], old=null
2019-09-26 10:48:55,930 [pool-597-thread-1] INFO  impl.RaftServerImpl (RaftServerImpl.java:setRole(174)) - d8c8cef8-9a6a-4c7a-82e9-31382e1ae247@group-8020417F5C1D: changes role from      null to FOLLOWER at term 0 for startAsFollower
2019-09-26 10:48:55,930 [pool-597-thread-1] INFO  impl.RoleInfo (RoleInfo.java:updateAndGet(143)) - d8c8cef8-9a6a-4c7a-82e9-31382e1ae247: start FollowerState
2019-09-26 10:48:55,930 [pool-597-thread-1] INFO  util.JmxRegister (JmxRegister.java:tryRegister(44)) - Successfully registered JMX Bean with object name Ratis:service=RaftServer,group=group-8020417F5C1D,id=d8c8cef8-9a6a-4c7a-82e9-31382e1ae247
2019-09-26 10:48:55,933 [RatisPipelineUtilsThread] INFO  pipeline.PipelineStateManager (PipelineStateManager.java:addPipeline(56)) - Created pipeline Pipeline[ Id: 5510d64c-2699-4808-8999-8020417f5c1d, Nodes: d8c8cef8-9a6a-4c7a-82e9-31382e1ae247{ip: 192.168.30.13, host: pr-hdds-1569-wvzgm-824869521, networkLocation: /default-rack, certSerialId: null}, Type:RATIS, Factor:ONE, State:OPEN]
2019-09-26 10:48:55,933 [RatisPipelineUtilsThread] INFO  pipeline.PipelinePlacementPolicy (PipelinePlacementPolicy.java:meetCriteria(91)) - Pipeline Placement: can't place more pipeline on heavy datanode： 7c3babc5-8207-4c42-8723-9fc09bd813a2 Heaviness: 6 limit: 5
2019-09-26 10:48:55,933 [RatisPipelineUtilsThread] INFO  pipeline.PipelinePlacementPolicy (PipelinePlacementPolicy.java:meetCriteria(91)) - Pipeline Placement: can't place more pipeline on heavy datanode： de4ca06f-7dd1-4c49-a62e-4321f7c724ce Heaviness: 6 limit: 5
2019-09-26 10:48:55,938 [grpc-default-executor-0] INFO  impl.RaftServerProxy (RaftServerProxy.java:addNew(89)) - d8c8cef8-9a6a-4c7a-82e9-31382e1ae247: addNew group-E663F62D040F:[d8c8cef8-9a6a-4c7a-82e9-31382e1ae247:192.168.30.13:45619] returns group-E663F62D040F:java.util.concurrent.CompletableFuture@2baa8aff[Not completed]
2019-09-26 10:48:55,939 [pool-597-thread-1] INFO  impl.RaftServerImpl (RaftServerImpl.java:<init>(95)) - d8c8cef8-9a6a-4c7a-82e9-31382e1ae247: new RaftServerImpl for group-E663F62D040F:[d8c8cef8-9a6a-4c7a-82e9-31382e1ae247:192.168.30.13:45619] with ContainerStateMachine:uninitialized
2019-09-26 10:48:55,939 [pool-597-thread-1] INFO  server.RaftServerConfigKeys (ConfUtils.java:logGet(43)) - raft.server.rpc.timeout.min = 5s (custom)
2019-09-26 10:48:55,939 [pool-597-thread-1] INFO  server.RaftServerConfigKeys (ConfUtils.java:logGet(43)) - raft.server.rpc.timeout.max = 5200ms (custom)
2019-09-26 10:48:55,940 [pool-597-thread-1] INFO  server.RaftServerConfigKeys (ConfUtils.java:logGet(43)) - raft.server.rpcslowness.timeout = 120s (custom)
2019-09-26 10:48:55,940 [pool-597-thread-1] INFO  server.RaftServerConfigKeys (ConfUtils.java:logGet(43)) - raft.server.sleep.deviation.threshold = 300 (default)
2019-09-26 10:48:55,940 [pool-597-thread-1] INFO  server.RaftServerConfigKeys (ConfUtils.java:logGet(43)) - raft.server.log.appender.install.snapshot.enabled = false (custom)
2019-09-26 10:48:55,940 [pool-597-thread-1] INFO  impl.RaftServerImpl (ServerState.java:<init>(103)) - d8c8cef8-9a6a-4c7a-82e9-31382e1ae247@group-E663F62D040F: ConfigurationManager, init=-1: [d8c8cef8-9a6a-4c7a-82e9-31382e1ae247:192.168.30.13:45619], old=null, confs=<EMPTY_MAP>
2019-09-26 10:48:55,940 [pool-597-thread-1] INFO  server.RaftServerConfigKeys (ConfUtils.java:logGet(43)) - raft.server.storage.dir = [/workdir/hadoop-ozone/ozonefs/target/test-dir/MiniOzoneClusterImpl-bf023d99-d452-41c9-bfe9-395987bceec1/datanode-2/data/ratis] (custom)
2019-09-26 10:48:55,940 [pool-597-thread-1] INFO  storage.RaftStorageDirectory (RaftStorageDirectory.java:analyzeStorage(246)) - The storage directory /workdir/hadoop-ozone/ozonefs/target/test-dir/MiniOzoneClusterImpl-bf023d99-d452-41c9-bfe9-395987bceec1/datanode-2/data/ratis/a228f4dd-9637-447b-8b37-e663f62d040f does not exist. Creating ...
2019-09-26 10:48:55,953 [pool-597-thread-1] INFO  storage.RaftStorageDirectory (RaftStorageDirectory.java:tryLock(328)) - Lock on /workdir/hadoop-ozone/ozonefs/target/test-dir/MiniOzoneClusterImpl-bf023d99-d452-41c9-bfe9-395987bceec1/datanode-2/data/ratis/a228f4dd-9637-447b-8b37-e663f62d040f/in_use.lock acquired by nodename 17018@pr-hdds-1569-wvzgm-824869521
2019-09-26 10:48:55,967 [pool-597-thread-1] INFO  storage.RaftStorage (RaftStorage.java:format(72)) - Storage directory /workdir/hadoop-ozone/ozonefs/target/test-dir/MiniOzoneClusterImpl-bf023d99-d452-41c9-bfe9-395987bceec1/datanode-2/data/ratis/a228f4dd-9637-447b-8b37-e663f62d040f has been successfully formatted.
2019-09-26 10:48:55,967 [pool-597-thread-1] INFO  ratis.ContainerStateMachine (ContainerStateMachine.java:loadSnapshot(230)) - group-E663F62D040F: The snapshot info is null. Setting the last applied indexto:(t:0, i:~)
2019-09-26 10:48:55,967 [pool-597-thread-1] INFO  server.RaftServerConfigKeys (ConfUtils.java:logGet(43)) - raft.server.notification.no-leader.timeout = 120s (custom)
2019-09-26 10:48:55,967 [pool-597-thread-1] INFO  server.RaftServerConfigKeys (ConfUtils.java:logGet(43)) - raft.server.log.use.memory = false (default)
2019-09-26 10:48:55,968 [pool-597-thread-1] INFO  server.RaftServerConfigKeys (ConfUtils.java:logGet(43)) - raft.server.log.purge.gap = 1000000 (custom)
2019-09-26 10:48:55,968 [pool-597-thread-1] INFO  server.RaftServerConfigKeys (ConfUtils.java:logGet(43)) - raft.server.log.appender.buffer.byte-limit = 33554432 (custom)
2019-09-26 10:48:55,968 [pool-597-thread-1] INFO  server.RaftServerConfigKeys (ConfUtils.java:logGet(43)) - raft.server.log.segment.size.max = 1048576 (custom)
2019-09-26 10:48:55,968 [pool-597-thread-1] INFO  server.RaftServerConfigKeys (ConfUtils.java:logGet(43)) - raft.server.log.segment.cache.num.max = 2 (custom)
2019-09-26 10:48:55,968 [pool-597-thread-1] INFO  segmented.SegmentedRaftLogWorker (SegmentedRaftLogWorker.java:<init>(172)) - new d8c8cef8-9a6a-4c7a-82e9-31382e1ae247@group-E663F62D040F-SegmentedRaftLogWorker for RaftStorage:Storage Directory /workdir/hadoop-ozone/ozonefs/target/test-dir/MiniOzoneClusterImpl-bf023d99-d452-41c9-bfe9-395987bceec1/datanode-2/data/ratis/a228f4dd-9637-447b-8b37-e663f62d040f
2019-09-26 10:48:55,968 [pool-597-thread-1] INFO  server.RaftServerConfigKeys (ConfUtils.java:logGet(43)) - raft.server.log.queue.byte-limit = 2147483647 (custom)
2019-09-26 10:48:55,969 [pool-597-thread-1] INFO  server.RaftServerConfigKeys (ConfUtils.java:logGet(43)) - raft.server.log.queue.element-limit = 1024 (custom)
2019-09-26 10:48:55,969 [pool-597-thread-1] INFO  server.RaftServerConfigKeys (ConfUtils.java:logGet(43)) - raft.server.log.segment.size.max = 1048576 (custom)
2019-09-26 10:48:55,969 [pool-597-thread-1] INFO  server.RaftServerConfigKeys (ConfUtils.java:logGet(43)) - raft.server.log.preallocated.size = 16384 (custom)
2019-09-26 10:48:55,969 [pool-597-thread-1] INFO  server.RaftServerConfigKeys (ConfUtils.java:logGet(43)) - raft.server.log.write.buffer.size = 33554432 (custom)
2019-09-26 10:48:55,969 [pool-597-thread-1] INFO  server.RaftServerConfigKeys (ConfUtils.java:logGet(43)) - raft.server.log.force.sync.num = 128 (default)
2019-09-26 10:48:55,969 [pool-597-thread-1] INFO  server.RaftServerConfigKeys (ConfUtils.java:logGet(43)) - raft.server.log.statemachine.data.sync = true (default)
2019-09-26 10:48:55,970 [pool-597-thread-1] INFO  server.RaftServerConfigKeys (ConfUtils.java:logGet(43)) - raft.server.log.statemachine.data.sync.timeout = 10s (default)
2019-09-26 10:48:55,970 [pool-597-thread-1] INFO  server.RaftServerConfigKeys (ConfUtils.java:logGet(43)) - raft.server.log.statemachine.data.sync.timeout.retry = -1 (default)
2019-09-26 10:48:55,970 [pool-597-thread-1] INFO  server.RaftServerConfigKeys (ConfUtils.java:logGet(43)) - raft.server.log.statemachine.data.caching.enabled = true (custom)
2019-09-26 10:48:55,970 [pool-597-thread-1] INFO  segmented.SegmentedRaftLogWorker (SegmentedRaftLogWorker.java:lambda$new$0(132)) - d8c8cef8-9a6a-4c7a-82e9-31382e1ae247@group-E663F62D040F-SegmentedRaftLogWorker: flushIndex: setUnconditionally 0 -> -1
2019-09-26 10:48:55,971 [pool-597-thread-1] INFO  server.RaftServerConfigKeys (ConfUtils.java:logGet(43)) - raft.server.snapshot.auto.trigger.enabled = true (custom)
2019-09-26 10:48:55,971 [pool-597-thread-1] INFO  server.RaftServerConfigKeys (ConfUtils.java:logGet(43)) - raft.server.snapshot.auto.trigger.threshold = 10000 (custom)
2019-09-26 10:48:55,971 [pool-597-thread-1] INFO  server.RaftServerConfigKeys (ConfUtils.java:logGet(43)) - raft.server.snapshot.retention.num.files = 5 (custom)
2019-09-26 10:48:55,971 [pool-597-thread-1] INFO  server.RaftServerConfigKeys (ConfUtils.java:logGet(43)) - raft.server.retrycache.expirytime = 600000ms (custom)
2019-09-26 10:48:55,973 [pool-597-thread-1] INFO  impl.RaftServerImpl (RaftServerImpl.java:start(185)) - d8c8cef8-9a6a-4c7a-82e9-31382e1ae247@group-E663F62D040F: start as a follower, conf=-1: [d8c8cef8-9a6a-4c7a-82e9-31382e1ae247:192.168.30.13:45619], old=null
2019-09-26 10:48:55,973 [pool-597-thread-1] INFO  impl.RaftServerImpl (RaftServerImpl.java:setRole(174)) - d8c8cef8-9a6a-4c7a-82e9-31382e1ae247@group-E663F62D040F: changes role from      null to FOLLOWER at term 0 for startAsFollower
2019-09-26 10:48:55,973 [pool-597-thread-1] INFO  impl.RoleInfo (RoleInfo.java:updateAndGet(143)) - d8c8cef8-9a6a-4c7a-82e9-31382e1ae247: start FollowerState
2019-09-26 10:48:55,974 [pool-597-thread-1] INFO  util.JmxRegister (JmxRegister.java:tryRegister(44)) - Successfully registered JMX Bean with object name Ratis:service=RaftServer,group=group-E663F62D040F,id=d8c8cef8-9a6a-4c7a-82e9-31382e1ae247
2019-09-26 10:48:55,977 [RatisPipelineUtilsThread] INFO  pipeline.PipelineStateManager (PipelineStateManager.java:addPipeline(56)) - Created pipeline Pipeline[ Id: a228f4dd-9637-447b-8b37-e663f62d040f, Nodes: d8c8cef8-9a6a-4c7a-82e9-31382e1ae247{ip: 192.168.30.13, host: pr-hdds-1569-wvzgm-824869521, networkLocation: /default-rack, certSerialId: null}, Type:RATIS, Factor:ONE, State:OPEN]
2019-09-26 10:48:55,977 [RatisPipelineUtilsThread] INFO  pipeline.PipelinePlacementPolicy (PipelinePlacementPolicy.java:meetCriteria(91)) - Pipeline Placement: can't place more pipeline on heavy datanode： 7c3babc5-8207-4c42-8723-9fc09bd813a2 Heaviness: 6 limit: 5
2019-09-26 10:48:55,977 [RatisPipelineUtilsThread] INFO  pipeline.PipelinePlacementPolicy (PipelinePlacementPolicy.java:meetCriteria(91)) - Pipeline Placement: can't place more pipeline on heavy datanode： de4ca06f-7dd1-4c49-a62e-4321f7c724ce Heaviness: 6 limit: 5
2019-09-26 10:48:55,982 [grpc-default-executor-0] INFO  impl.RaftServerProxy (RaftServerProxy.java:addNew(89)) - d8c8cef8-9a6a-4c7a-82e9-31382e1ae247: addNew group-893259621B1B:[d8c8cef8-9a6a-4c7a-82e9-31382e1ae247:192.168.30.13:45619] returns group-893259621B1B:java.util.concurrent.CompletableFuture@42e1a3e4[Not completed]
2019-09-26 10:48:55,983 [pool-597-thread-1] INFO  impl.RaftServerImpl (RaftServerImpl.java:<init>(95)) - d8c8cef8-9a6a-4c7a-82e9-31382e1ae247: new RaftServerImpl for group-893259621B1B:[d8c8cef8-9a6a-4c7a-82e9-31382e1ae247:192.168.30.13:45619] with ContainerStateMachine:uninitialized
2019-09-26 10:48:55,983 [pool-597-thread-1] INFO  server.RaftServerConfigKeys (ConfUtils.java:logGet(43)) - raft.server.rpc.timeout.min = 5s (custom)
2019-09-26 10:48:55,983 [pool-597-thread-1] INFO  server.RaftServerConfigKeys (ConfUtils.java:logGet(43)) - raft.server.rpc.timeout.max = 5200ms (custom)
2019-09-26 10:48:55,983 [pool-597-thread-1] INFO  server.RaftServerConfigKeys (ConfUtils.java:logGet(43)) - raft.server.rpcslowness.timeout = 120s (custom)
2019-09-26 10:48:55,983 [pool-597-thread-1] INFO  server.RaftServerConfigKeys (ConfUtils.java:logGet(43)) - raft.server.sleep.deviation.threshold = 300 (default)
2019-09-26 10:48:55,984 [pool-597-thread-1] INFO  server.RaftServerConfigKeys (ConfUtils.java:logGet(43)) - raft.server.log.appender.install.snapshot.enabled = false (custom)
2019-09-26 10:48:55,984 [pool-597-thread-1] INFO  impl.RaftServerImpl (ServerState.java:<init>(103)) - d8c8cef8-9a6a-4c7a-82e9-31382e1ae247@group-893259621B1B: ConfigurationManager, init=-1: [d8c8cef8-9a6a-4c7a-82e9-31382e1ae247:192.168.30.13:45619], old=null, confs=<EMPTY_MAP>
2019-09-26 10:48:55,984 [pool-597-thread-1] INFO  server.RaftServerConfigKeys (ConfUtils.java:logGet(43)) - raft.server.storage.dir = [/workdir/hadoop-ozone/ozonefs/target/test-dir/MiniOzoneClusterImpl-bf023d99-d452-41c9-bfe9-395987bceec1/datanode-2/data/ratis] (custom)
2019-09-26 10:48:55,984 [pool-597-thread-1] INFO  storage.RaftStorageDirectory (RaftStorageDirectory.java:analyzeStorage(246)) - The storage directory /workdir/hadoop-ozone/ozonefs/target/test-dir/MiniOzoneClusterImpl-bf023d99-d452-41c9-bfe9-395987bceec1/datanode-2/data/ratis/67e0666e-b6c0-4bc2-bb58-893259621b1b does not exist. Creating ...
2019-09-26 10:48:55,997 [pool-597-thread-1] INFO  storage.RaftStorageDirectory (RaftStorageDirectory.java:tryLock(328)) - Lock on /workdir/hadoop-ozone/ozonefs/target/test-dir/MiniOzoneClusterImpl-bf023d99-d452-41c9-bfe9-395987bceec1/datanode-2/data/ratis/67e0666e-b6c0-4bc2-bb58-893259621b1b/in_use.lock acquired by nodename 17018@pr-hdds-1569-wvzgm-824869521
2019-09-26 10:48:56,010 [pool-597-thread-1] INFO  storage.RaftStorage (RaftStorage.java:format(72)) - Storage directory /workdir/hadoop-ozone/ozonefs/target/test-dir/MiniOzoneClusterImpl-bf023d99-d452-41c9-bfe9-395987bceec1/datanode-2/data/ratis/67e0666e-b6c0-4bc2-bb58-893259621b1b has been successfully formatted.
2019-09-26 10:48:56,010 [pool-597-thread-1] INFO  ratis.ContainerStateMachine (ContainerStateMachine.java:loadSnapshot(230)) - group-893259621B1B: The snapshot info is null. Setting the last applied indexto:(t:0, i:~)
2019-09-26 10:48:56,010 [pool-597-thread-1] INFO  server.RaftServerConfigKeys (ConfUtils.java:logGet(43)) - raft.server.notification.no-leader.timeout = 120s (custom)
2019-09-26 10:48:56,011 [pool-597-thread-1] INFO  server.RaftServerConfigKeys (ConfUtils.java:logGet(43)) - raft.server.log.use.memory = false (default)
2019-09-26 10:48:56,011 [pool-597-thread-1] INFO  server.RaftServerConfigKeys (ConfUtils.java:logGet(43)) - raft.server.log.purge.gap = 1000000 (custom)
2019-09-26 10:48:56,011 [pool-597-thread-1] INFO  server.RaftServerConfigKeys (ConfUtils.java:logGet(43)) - raft.server.log.appender.buffer.byte-limit = 33554432 (custom)
2019-09-26 10:48:56,011 [pool-597-thread-1] INFO  server.RaftServerConfigKeys (ConfUtils.java:logGet(43)) - raft.server.log.segment.size.max = 1048576 (custom)
2019-09-26 10:48:56,011 [pool-597-thread-1] INFO  server.RaftServerConfigKeys (ConfUtils.java:logGet(43)) - raft.server.log.segment.cache.num.max = 2 (custom)
2019-09-26 10:48:56,011 [pool-597-thread-1] INFO  segmented.SegmentedRaftLogWorker (SegmentedRaftLogWorker.java:<init>(172)) - new d8c8cef8-9a6a-4c7a-82e9-31382e1ae247@group-893259621B1B-SegmentedRaftLogWorker for RaftStorage:Storage Directory /workdir/hadoop-ozone/ozonefs/target/test-dir/MiniOzoneClusterImpl-bf023d99-d452-41c9-bfe9-395987bceec1/datanode-2/data/ratis/67e0666e-b6c0-4bc2-bb58-893259621b1b
2019-09-26 10:48:56,012 [pool-597-thread-1] INFO  server.RaftServerConfigKeys (ConfUtils.java:logGet(43)) - raft.server.log.queue.byte-limit = 2147483647 (custom)
2019-09-26 10:48:56,012 [pool-597-thread-1] INFO  server.RaftServerConfigKeys (ConfUtils.java:logGet(43)) - raft.server.log.queue.element-limit = 1024 (custom)
2019-09-26 10:48:56,012 [pool-597-thread-1] INFO  server.RaftServerConfigKeys (ConfUtils.java:logGet(43)) - raft.server.log.segment.size.max = 1048576 (custom)
2019-09-26 10:48:56,012 [pool-597-thread-1] INFO  server.RaftServerConfigKeys (ConfUtils.java:logGet(43)) - raft.server.log.preallocated.size = 16384 (custom)
2019-09-26 10:48:56,012 [pool-597-thread-1] INFO  server.RaftServerConfigKeys (ConfUtils.java:logGet(43)) - raft.server.log.write.buffer.size = 33554432 (custom)
2019-09-26 10:48:56,012 [pool-597-thread-1] INFO  server.RaftServerConfigKeys (ConfUtils.java:logGet(43)) - raft.server.log.force.sync.num = 128 (default)
2019-09-26 10:48:56,013 [pool-597-thread-1] INFO  server.RaftServerConfigKeys (ConfUtils.java:logGet(43)) - raft.server.log.statemachine.data.sync = true (default)
2019-09-26 10:48:56,013 [pool-597-thread-1] INFO  server.RaftServerConfigKeys (ConfUtils.java:logGet(43)) - raft.server.log.statemachine.data.sync.timeout = 10s (default)
2019-09-26 10:48:56,013 [pool-597-thread-1] INFO  server.RaftServerConfigKeys (ConfUtils.java:logGet(43)) - raft.server.log.statemachine.data.sync.timeout.retry = -1 (default)
2019-09-26 10:48:56,013 [pool-597-thread-1] INFO  server.RaftServerConfigKeys (ConfUtils.java:logGet(43)) - raft.server.log.statemachine.data.caching.enabled = true (custom)
2019-09-26 10:48:56,013 [pool-597-thread-1] INFO  segmented.SegmentedRaftLogWorker (SegmentedRaftLogWorker.java:lambda$new$0(132)) - d8c8cef8-9a6a-4c7a-82e9-31382e1ae247@group-893259621B1B-SegmentedRaftLogWorker: flushIndex: setUnconditionally 0 -> -1
2019-09-26 10:48:56,014 [pool-597-thread-1] INFO  server.RaftServerConfigKeys (ConfUtils.java:logGet(43)) - raft.server.snapshot.auto.trigger.enabled = true (custom)
2019-09-26 10:48:56,014 [pool-597-thread-1] INFO  server.RaftServerConfigKeys (ConfUtils.java:logGet(43)) - raft.server.snapshot.auto.trigger.threshold = 10000 (custom)
2019-09-26 10:48:56,014 [pool-597-thread-1] INFO  server.RaftServerConfigKeys (ConfUtils.java:logGet(43)) - raft.server.snapshot.retention.num.files = 5 (custom)
2019-09-26 10:48:56,014 [pool-597-thread-1] INFO  server.RaftServerConfigKeys (ConfUtils.java:logGet(43)) - raft.server.retrycache.expirytime = 600000ms (custom)
2019-09-26 10:48:56,016 [pool-597-thread-1] INFO  impl.RaftServerImpl (RaftServerImpl.java:start(185)) - d8c8cef8-9a6a-4c7a-82e9-31382e1ae247@group-893259621B1B: start as a follower, conf=-1: [d8c8cef8-9a6a-4c7a-82e9-31382e1ae247:192.168.30.13:45619], old=null
2019-09-26 10:48:56,016 [pool-597-thread-1] INFO  impl.RaftServerImpl (RaftServerImpl.java:setRole(174)) - d8c8cef8-9a6a-4c7a-82e9-31382e1ae247@group-893259621B1B: changes role from      null to FOLLOWER at term 0 for startAsFollower
2019-09-26 10:48:56,017 [pool-597-thread-1] INFO  impl.RoleInfo (RoleInfo.java:updateAndGet(143)) - d8c8cef8-9a6a-4c7a-82e9-31382e1ae247: start FollowerState
2019-09-26 10:48:56,017 [pool-597-thread-1] INFO  util.JmxRegister (JmxRegister.java:tryRegister(44)) - Successfully registered JMX Bean with object name Ratis:service=RaftServer,group=group-893259621B1B,id=d8c8cef8-9a6a-4c7a-82e9-31382e1ae247
2019-09-26 10:48:56,019 [RatisPipelineUtilsThread] INFO  pipeline.PipelineStateManager (PipelineStateManager.java:addPipeline(56)) - Created pipeline Pipeline[ Id: 67e0666e-b6c0-4bc2-bb58-893259621b1b, Nodes: d8c8cef8-9a6a-4c7a-82e9-31382e1ae247{ip: 192.168.30.13, host: pr-hdds-1569-wvzgm-824869521, networkLocation: /default-rack, certSerialId: null}, Type:RATIS, Factor:ONE, State:OPEN]
2019-09-26 10:48:56,020 [RatisPipelineUtilsThread] INFO  pipeline.PipelinePlacementPolicy (PipelinePlacementPolicy.java:meetCriteria(91)) - Pipeline Placement: can't place more pipeline on heavy datanode： 7c3babc5-8207-4c42-8723-9fc09bd813a2 Heaviness: 6 limit: 5
2019-09-26 10:48:56,020 [RatisPipelineUtilsThread] INFO  pipeline.PipelinePlacementPolicy (PipelinePlacementPolicy.java:meetCriteria(91)) - Pipeline Placement: can't place more pipeline on heavy datanode： d8c8cef8-9a6a-4c7a-82e9-31382e1ae247 Heaviness: 6 limit: 5
2019-09-26 10:48:56,020 [RatisPipelineUtilsThread] INFO  pipeline.PipelinePlacementPolicy (PipelinePlacementPolicy.java:meetCriteria(91)) - Pipeline Placement: can't place more pipeline on heavy datanode： de4ca06f-7dd1-4c49-a62e-4321f7c724ce Heaviness: 6 limit: 5
2019-09-26 10:48:56,020 [RatisPipelineUtilsThread] ERROR pipeline.PipelinePlacementPolicy (PipelinePlacementPolicy.java:filterViableNodes(148)) - Unable to find enough nodes that meet the criteria that cannot engage in more than 5 pipelines. Nodes required: 1 Found: 0, healthy nodes count inNodeManager: 3.
2019-09-26 10:48:56,021 [RatisPipelineUtilsThread] ERROR pipeline.SCMPipelineManager (SCMPipelineManager.java:createPipeline(167)) - Pipeline creation failed.
org.apache.hadoop.hdds.scm.exceptions.SCMException: Unable to find enough nodes that meet the criteria that cannot engage in more than 5 pipelines. Nodes required: 1 Found: 0, healthy nodes count inNodeManager: 3.
	at org.apache.hadoop.hdds.scm.pipeline.PipelinePlacementPolicy.filterViableNodes(PipelinePlacementPolicy.java:149)
	at org.apache.hadoop.hdds.scm.pipeline.PipelinePlacementPolicy.chooseDatanodes(PipelinePlacementPolicy.java:172)
	at org.apache.hadoop.hdds.scm.pipeline.RatisPipelineProvider.create(RatisPipelineProvider.java:93)
	at org.apache.hadoop.hdds.scm.pipeline.PipelineFactory.create(PipelineFactory.java:58)
	at org.apache.hadoop.hdds.scm.pipeline.SCMPipelineManager.createPipeline(SCMPipelineManager.java:155)
	at org.apache.hadoop.hdds.scm.pipeline.BackgroundPipelineCreator.createPipelines(BackgroundPipelineCreator.java:99)
	at java.util.concurrent.Executors$RunnableAdapter.call(Executors.java:511)
	at java.util.concurrent.FutureTask.run(FutureTask.java:266)
	at java.util.concurrent.ScheduledThreadPoolExecutor$ScheduledFutureTask.access$201(ScheduledThreadPoolExecutor.java:180)
	at java.util.concurrent.ScheduledThreadPoolExecutor$ScheduledFutureTask.run(ScheduledThreadPoolExecutor.java:293)
	at java.util.concurrent.ThreadPoolExecutor.runWorker(ThreadPoolExecutor.java:1149)
	at java.util.concurrent.ThreadPoolExecutor$Worker.run(ThreadPoolExecutor.java:624)
	at java.lang.Thread.run(Thread.java:748)
2019-09-26 10:48:56,021 [RatisPipelineUtilsThread] INFO  pipeline.PipelinePlacementPolicy (PipelinePlacementPolicy.java:meetCriteria(91)) - Pipeline Placement: can't place more pipeline on heavy datanode： 7c3babc5-8207-4c42-8723-9fc09bd813a2 Heaviness: 6 limit: 5
2019-09-26 10:48:56,021 [RatisPipelineUtilsThread] INFO  pipeline.PipelinePlacementPolicy (PipelinePlacementPolicy.java:meetCriteria(91)) - Pipeline Placement: can't place more pipeline on heavy datanode： d8c8cef8-9a6a-4c7a-82e9-31382e1ae247 Heaviness: 6 limit: 5
2019-09-26 10:48:56,022 [RatisPipelineUtilsThread] INFO  pipeline.PipelinePlacementPolicy (PipelinePlacementPolicy.java:meetCriteria(91)) - Pipeline Placement: can't place more pipeline on heavy datanode： de4ca06f-7dd1-4c49-a62e-4321f7c724ce Heaviness: 6 limit: 5
2019-09-26 10:48:56,022 [RatisPipelineUtilsThread] ERROR pipeline.PipelinePlacementPolicy (PipelinePlacementPolicy.java:filterViableNodes(148)) - Unable to find enough nodes that meet the criteria that cannot engage in more than 5 pipelines. Nodes required: 3 Found: 0, healthy nodes count inNodeManager: 3.
2019-09-26 10:48:56,022 [RatisPipelineUtilsThread] ERROR pipeline.SCMPipelineManager (SCMPipelineManager.java:createPipeline(167)) - Pipeline creation failed.
org.apache.hadoop.hdds.scm.exceptions.SCMException: Unable to find enough nodes that meet the criteria that cannot engage in more than 5 pipelines. Nodes required: 3 Found: 0, healthy nodes count inNodeManager: 3.
	at org.apache.hadoop.hdds.scm.pipeline.PipelinePlacementPolicy.filterViableNodes(PipelinePlacementPolicy.java:149)
	at org.apache.hadoop.hdds.scm.pipeline.PipelinePlacementPolicy.chooseDatanodes(PipelinePlacementPolicy.java:172)
	at org.apache.hadoop.hdds.scm.pipeline.RatisPipelineProvider.create(RatisPipelineProvider.java:93)
	at org.apache.hadoop.hdds.scm.pipeline.PipelineFactory.create(PipelineFactory.java:58)
	at org.apache.hadoop.hdds.scm.pipeline.SCMPipelineManager.createPipeline(SCMPipelineManager.java:155)
	at org.apache.hadoop.hdds.scm.pipeline.BackgroundPipelineCreator.createPipelines(BackgroundPipelineCreator.java:99)
	at java.util.concurrent.Executors$RunnableAdapter.call(Executors.java:511)
	at java.util.concurrent.FutureTask.run(FutureTask.java:266)
	at java.util.concurrent.ScheduledThreadPoolExecutor$ScheduledFutureTask.access$201(ScheduledThreadPoolExecutor.java:180)
	at java.util.concurrent.ScheduledThreadPoolExecutor$ScheduledFutureTask.run(ScheduledThreadPoolExecutor.java:293)
	at java.util.concurrent.ThreadPoolExecutor.runWorker(ThreadPoolExecutor.java:1149)
	at java.util.concurrent.ThreadPoolExecutor$Worker.run(ThreadPoolExecutor.java:624)
	at java.lang.Thread.run(Thread.java:748)
2019-09-26 10:48:56,022 [RatisPipelineUtilsThread] INFO  pipeline.PipelinePlacementPolicy (PipelinePlacementPolicy.java:meetCriteria(91)) - Pipeline Placement: can't place more pipeline on heavy datanode： 7c3babc5-8207-4c42-8723-9fc09bd813a2 Heaviness: 6 limit: 5
2019-09-26 10:48:56,023 [RatisPipelineUtilsThread] INFO  pipeline.PipelinePlacementPolicy (PipelinePlacementPolicy.java:meetCriteria(91)) - Pipeline Placement: can't place more pipeline on heavy datanode： d8c8cef8-9a6a-4c7a-82e9-31382e1ae247 Heaviness: 6 limit: 5
2019-09-26 10:48:56,023 [RatisPipelineUtilsThread] INFO  pipeline.PipelinePlacementPolicy (PipelinePlacementPolicy.java:meetCriteria(91)) - Pipeline Placement: can't place more pipeline on heavy datanode： de4ca06f-7dd1-4c49-a62e-4321f7c724ce Heaviness: 6 limit: 5
2019-09-26 10:48:56,023 [RatisPipelineUtilsThread] ERROR pipeline.PipelinePlacementPolicy (PipelinePlacementPolicy.java:filterViableNodes(148)) - Unable to find enough nodes that meet the criteria that cannot engage in more than 5 pipelines. Nodes required: 1 Found: 0, healthy nodes count inNodeManager: 3.
2019-09-26 10:48:56,023 [RatisPipelineUtilsThread] ERROR pipeline.SCMPipelineManager (SCMPipelineManager.java:createPipeline(167)) - Pipeline creation failed.
org.apache.hadoop.hdds.scm.exceptions.SCMException: Unable to find enough nodes that meet the criteria that cannot engage in more than 5 pipelines. Nodes required: 1 Found: 0, healthy nodes count inNodeManager: 3.
	at org.apache.hadoop.hdds.scm.pipeline.PipelinePlacementPolicy.filterViableNodes(PipelinePlacementPolicy.java:149)
	at org.apache.hadoop.hdds.scm.pipeline.PipelinePlacementPolicy.chooseDatanodes(PipelinePlacementPolicy.java:172)
	at org.apache.hadoop.hdds.scm.pipeline.RatisPipelineProvider.create(RatisPipelineProvider.java:93)
	at org.apache.hadoop.hdds.scm.pipeline.PipelineFactory.create(PipelineFactory.java:58)
	at org.apache.hadoop.hdds.scm.pipeline.SCMPipelineManager.createPipeline(SCMPipelineManager.java:155)
	at org.apache.hadoop.hdds.scm.pipeline.BackgroundPipelineCreator.createPipelines(BackgroundPipelineCreator.java:99)
	at org.apache.hadoop.hdds.scm.pipeline.BackgroundPipelineCreator.lambda$startFixedIntervalPipelineCreator$0(BackgroundPipelineCreator.java:70)
	at java.util.concurrent.Executors$RunnableAdapter.call(Executors.java:511)
	at java.util.concurrent.FutureTask.runAndReset(FutureTask.java:308)
	at java.util.concurrent.ScheduledThreadPoolExecutor$ScheduledFutureTask.access$301(ScheduledThreadPoolExecutor.java:180)
	at java.util.concurrent.ScheduledThreadPoolExecutor$ScheduledFutureTask.run(ScheduledThreadPoolExecutor.java:294)
	at java.util.concurrent.ThreadPoolExecutor.runWorker(ThreadPoolExecutor.java:1149)
	at java.util.concurrent.ThreadPoolExecutor$Worker.run(ThreadPoolExecutor.java:624)
	at java.lang.Thread.run(Thread.java:748)
2019-09-26 10:48:56,024 [RatisPipelineUtilsThread] INFO  pipeline.PipelinePlacementPolicy (PipelinePlacementPolicy.java:meetCriteria(91)) - Pipeline Placement: can't place more pipeline on heavy datanode： 7c3babc5-8207-4c42-8723-9fc09bd813a2 Heaviness: 6 limit: 5
2019-09-26 10:48:56,024 [RatisPipelineUtilsThread] INFO  pipeline.PipelinePlacementPolicy (PipelinePlacementPolicy.java:meetCriteria(91)) - Pipeline Placement: can't place more pipeline on heavy datanode： d8c8cef8-9a6a-4c7a-82e9-31382e1ae247 Heaviness: 6 limit: 5
2019-09-26 10:48:56,024 [RatisPipelineUtilsThread] INFO  pipeline.PipelinePlacementPolicy (PipelinePlacementPolicy.java:meetCriteria(91)) - Pipeline Placement: can't place more pipeline on heavy datanode： de4ca06f-7dd1-4c49-a62e-4321f7c724ce Heaviness: 6 limit: 5
2019-09-26 10:48:56,024 [RatisPipelineUtilsThread] ERROR pipeline.PipelinePlacementPolicy (PipelinePlacementPolicy.java:filterViableNodes(148)) - Unable to find enough nodes that meet the criteria that cannot engage in more than 5 pipelines. Nodes required: 3 Found: 0, healthy nodes count inNodeManager: 3.
2019-09-26 10:48:56,024 [RatisPipelineUtilsThread] ERROR pipeline.SCMPipelineManager (SCMPipelineManager.java:createPipeline(167)) - Pipeline creation failed.
org.apache.hadoop.hdds.scm.exceptions.SCMException: Unable to find enough nodes that meet the criteria that cannot engage in more than 5 pipelines. Nodes required: 3 Found: 0, healthy nodes count inNodeManager: 3.
	at org.apache.hadoop.hdds.scm.pipeline.PipelinePlacementPolicy.filterViableNodes(PipelinePlacementPolicy.java:149)
	at org.apache.hadoop.hdds.scm.pipeline.PipelinePlacementPolicy.chooseDatanodes(PipelinePlacementPolicy.java:172)
	at org.apache.hadoop.hdds.scm.pipeline.RatisPipelineProvider.create(RatisPipelineProvider.java:93)
	at org.apache.hadoop.hdds.scm.pipeline.PipelineFactory.create(PipelineFactory.java:58)
	at org.apache.hadoop.hdds.scm.pipeline.SCMPipelineManager.createPipeline(SCMPipelineManager.java:155)
	at org.apache.hadoop.hdds.scm.pipeline.BackgroundPipelineCreator.createPipelines(BackgroundPipelineCreator.java:99)
	at org.apache.hadoop.hdds.scm.pipeline.BackgroundPipelineCreator.lambda$startFixedIntervalPipelineCreator$0(BackgroundPipelineCreator.java:70)
	at java.util.concurrent.Executors$RunnableAdapter.call(Executors.java:511)
	at java.util.concurrent.FutureTask.runAndReset(FutureTask.java:308)
	at java.util.concurrent.ScheduledThreadPoolExecutor$ScheduledFutureTask.access$301(ScheduledThreadPoolExecutor.java:180)
	at java.util.concurrent.ScheduledThreadPoolExecutor$ScheduledFutureTask.run(ScheduledThreadPoolExecutor.java:294)
	at java.util.concurrent.ThreadPoolExecutor.runWorker(ThreadPoolExecutor.java:1149)
	at java.util.concurrent.ThreadPoolExecutor$Worker.run(ThreadPoolExecutor.java:624)
	at java.lang.Thread.run(Thread.java:748)
2019-09-26 10:48:56,368 [main] INFO  ozone.MiniOzoneClusterImpl (MiniOzoneClusterImpl.java:lambda$waitForClusterToBeReady$0(147)) - Cluster is ready. Got 3 of 3 DN Heartbeats.
2019-09-26 10:48:56,470 [main] INFO  rpc.RpcClient (RpcClient.java:createVolume(276)) - Creating Volume: ccizysniwg, with user14921 as owner.
2019-09-26 10:48:56,476 [IPC Server handler 1 on 33228] INFO  volume.OMVolumeCreateRequest (OMVolumeCreateRequest.java:validateAndUpdateCache(189)) - created volume:ccizysniwg for user:user14921
2019-09-26 10:48:56,492 [main] INFO  rpc.RpcClient (RpcClient.java:createBucket(415)) - Creating Bucket: ccizysniwg/mwtqkjzspk, with Versioning false and Storage Type set to DISK and Encryption set to false 
2019-09-26 10:48:56,534 [IPC Server handler 2 on 40631] INFO  pipeline.PipelinePlacementPolicy (PipelinePlacementPolicy.java:meetCriteria(91)) - Pipeline Placement: can't place more pipeline on heavy datanode： 7c3babc5-8207-4c42-8723-9fc09bd813a2 Heaviness: 6 limit: 5
2019-09-26 10:48:56,535 [IPC Server handler 2 on 40631] INFO  pipeline.PipelinePlacementPolicy (PipelinePlacementPolicy.java:meetCriteria(91)) - Pipeline Placement: can't place more pipeline on heavy datanode： d8c8cef8-9a6a-4c7a-82e9-31382e1ae247 Heaviness: 6 limit: 5
2019-09-26 10:48:56,535 [IPC Server handler 2 on 40631] INFO  pipeline.PipelinePlacementPolicy (PipelinePlacementPolicy.java:meetCriteria(91)) - Pipeline Placement: can't place more pipeline on heavy datanode： de4ca06f-7dd1-4c49-a62e-4321f7c724ce Heaviness: 6 limit: 5
2019-09-26 10:48:56,535 [IPC Server handler 2 on 40631] ERROR pipeline.PipelinePlacementPolicy (PipelinePlacementPolicy.java:filterViableNodes(148)) - Unable to find enough nodes that meet the criteria that cannot engage in more than 5 pipelines. Nodes required: 3 Found: 0, healthy nodes count inNodeManager: 3.
2019-09-26 10:48:56,535 [IPC Server handler 2 on 40631] ERROR pipeline.SCMPipelineManager (SCMPipelineManager.java:createPipeline(167)) - Pipeline creation failed.
org.apache.hadoop.hdds.scm.exceptions.SCMException: Unable to find enough nodes that meet the criteria that cannot engage in more than 5 pipelines. Nodes required: 3 Found: 0, healthy nodes count inNodeManager: 3.
	at org.apache.hadoop.hdds.scm.pipeline.PipelinePlacementPolicy.filterViableNodes(PipelinePlacementPolicy.java:149)
	at org.apache.hadoop.hdds.scm.pipeline.PipelinePlacementPolicy.chooseDatanodes(PipelinePlacementPolicy.java:172)
	at org.apache.hadoop.hdds.scm.pipeline.RatisPipelineProvider.create(RatisPipelineProvider.java:93)
	at org.apache.hadoop.hdds.scm.pipeline.PipelineFactory.create(PipelineFactory.java:58)
	at org.apache.hadoop.hdds.scm.pipeline.SCMPipelineManager.createPipeline(SCMPipelineManager.java:155)
	at org.apache.hadoop.hdds.scm.block.BlockManagerImpl.allocateBlock(BlockManagerImpl.java:190)
	at org.apache.hadoop.hdds.scm.server.SCMBlockProtocolServer.allocateBlock(SCMBlockProtocolServer.java:182)
	at org.apache.hadoop.ozone.protocolPB.ScmBlockLocationProtocolServerSideTranslatorPB.allocateScmBlock(ScmBlockLocationProtocolServerSideTranslatorPB.java:183)
	at org.apache.hadoop.ozone.protocolPB.ScmBlockLocationProtocolServerSideTranslatorPB.processMessage(ScmBlockLocationProtocolServerSideTranslatorPB.java:141)
	at org.apache.hadoop.ozone.protocolPB.ScmBlockLocationProtocolServerSideTranslatorPB.send(ScmBlockLocationProtocolServerSideTranslatorPB.java:116)
	at org.apache.hadoop.hdds.protocol.proto.ScmBlockLocationProtocolProtos$ScmBlockLocationProtocolService$2.callBlockingMethod(ScmBlockLocationProtocolProtos.java:13157)
	at org.apache.hadoop.ipc.ProtobufRpcEngine$Server$ProtoBufRpcInvoker.call(ProtobufRpcEngine.java:524)
	at org.apache.hadoop.ipc.RPC$Server.call(RPC.java:1025)
	at org.apache.hadoop.ipc.Server$RpcCall.run(Server.java:876)
	at org.apache.hadoop.ipc.Server$RpcCall.run(Server.java:822)
	at java.security.AccessController.doPrivileged(Native Method)
	at javax.security.auth.Subject.doAs(Subject.java:422)
	at org.apache.hadoop.security.UserGroupInformation.doAs(UserGroupInformation.java:1730)
	at org.apache.hadoop.ipc.Server$Handler.run(Server.java:2682)
2019-09-26 10:48:56,536 [IPC Server handler 2 on 40631] WARN  block.BlockManagerImpl (BlockManagerImpl.java:allocateBlock(192)) - Pipeline creation failed for type:RATIS factor:THREE. Retrying get pipelines call once.
org.apache.hadoop.hdds.scm.exceptions.SCMException: Unable to find enough nodes that meet the criteria that cannot engage in more than 5 pipelines. Nodes required: 3 Found: 0, healthy nodes count inNodeManager: 3.
	at org.apache.hadoop.hdds.scm.pipeline.PipelinePlacementPolicy.filterViableNodes(PipelinePlacementPolicy.java:149)
	at org.apache.hadoop.hdds.scm.pipeline.PipelinePlacementPolicy.chooseDatanodes(PipelinePlacementPolicy.java:172)
	at org.apache.hadoop.hdds.scm.pipeline.RatisPipelineProvider.create(RatisPipelineProvider.java:93)
	at org.apache.hadoop.hdds.scm.pipeline.PipelineFactory.create(PipelineFactory.java:58)
	at org.apache.hadoop.hdds.scm.pipeline.SCMPipelineManager.createPipeline(SCMPipelineManager.java:155)
	at org.apache.hadoop.hdds.scm.block.BlockManagerImpl.allocateBlock(BlockManagerImpl.java:190)
	at org.apache.hadoop.hdds.scm.server.SCMBlockProtocolServer.allocateBlock(SCMBlockProtocolServer.java:182)
	at org.apache.hadoop.ozone.protocolPB.ScmBlockLocationProtocolServerSideTranslatorPB.allocateScmBlock(ScmBlockLocationProtocolServerSideTranslatorPB.java:183)
	at org.apache.hadoop.ozone.protocolPB.ScmBlockLocationProtocolServerSideTranslatorPB.processMessage(ScmBlockLocationProtocolServerSideTranslatorPB.java:141)
	at org.apache.hadoop.ozone.protocolPB.ScmBlockLocationProtocolServerSideTranslatorPB.send(ScmBlockLocationProtocolServerSideTranslatorPB.java:116)
	at org.apache.hadoop.hdds.protocol.proto.ScmBlockLocationProtocolProtos$ScmBlockLocationProtocolService$2.callBlockingMethod(ScmBlockLocationProtocolProtos.java:13157)
	at org.apache.hadoop.ipc.ProtobufRpcEngine$Server$ProtoBufRpcInvoker.call(ProtobufRpcEngine.java:524)
	at org.apache.hadoop.ipc.RPC$Server.call(RPC.java:1025)
	at org.apache.hadoop.ipc.Server$RpcCall.run(Server.java:876)
	at org.apache.hadoop.ipc.Server$RpcCall.run(Server.java:822)
	at java.security.AccessController.doPrivileged(Native Method)
	at javax.security.auth.Subject.doAs(Subject.java:422)
	at org.apache.hadoop.security.UserGroupInformation.doAs(UserGroupInformation.java:1730)
	at org.apache.hadoop.ipc.Server$Handler.run(Server.java:2682)
2019-09-26 10:48:56,536 [IPC Server handler 2 on 40631] INFO  block.BlockManagerImpl (BlockManagerImpl.java:allocateBlock(198)) - Could not find available pipeline of type:RATIS and factor:THREE even after retrying
2019-09-26 10:48:56,536 [IPC Server handler 2 on 40631] ERROR block.BlockManagerImpl (BlockManagerImpl.java:allocateBlock(222)) - Unable to allocate a block for the size: 4194304, type: RATIS, factor: THREE
2019-09-26 10:48:56,540 [main] INFO  ozone.MiniOzoneClusterImpl (MiniOzoneClusterImpl.java:shutdown(314)) - Shutting down the Mini Ozone Cluster
2019-09-26 10:48:56,540 [main] INFO  ozone.MiniOzoneClusterImpl (MiniOzoneClusterImpl.java:stop(330)) - Stopping the Mini Ozone Cluster
2019-09-26 10:48:56,541 [main] INFO  ozone.MiniOzoneClusterImpl (MiniOzoneClusterImpl.java:stopOM(400)) - Stopping the OzoneManager
2019-09-26 10:48:56,541 [main] INFO  ipc.Server (Server.java:stop(3082)) - Stopping server on 33228
2019-09-26 10:48:56,544 [IPC Server listener on 33228] INFO  ipc.Server (Server.java:run(1185)) - Stopping IPC Server listener on 33228
2019-09-26 10:48:56,554 [main] INFO  ratis.OzoneManagerDoubleBuffer (OzoneManagerDoubleBuffer.java:stop(248)) - Stopping OMDoubleBuffer flush thread
2019-09-26 10:48:56,554 [IPC Server Responder] INFO  ipc.Server (Server.java:run(1319)) - Stopping IPC Server Responder
2019-09-26 10:48:56,557 [OMDoubleBufferFlushThread] INFO  ratis.OzoneManagerDoubleBuffer (OzoneManagerDoubleBuffer.java:flushTransactions(191)) - OMDoubleBuffer flush thread OMDoubleBufferFlushThread is interrupted and will exit. OMDoubleBufferFlushThread
2019-09-26 10:48:56,558 [main] INFO  utils.BackgroundService (BackgroundService.java:shutdown(148)) - Shutting down service KeyDeletingService
2019-09-26 10:48:56,559 [main] INFO  handler.ContextHandler (ContextHandler.java:doStop(910)) - Stopped o.e.j.w.WebAppContext@be616f0{/,null,UNAVAILABLE}{/ozoneManager}
2019-09-26 10:48:56,560 [main] INFO  server.AbstractConnector (AbstractConnector.java:doStop(318)) - Stopped ServerConnector@1f5d7fd5{HTTP/1.1,[http/1.1]}{0.0.0.0:0}
2019-09-26 10:48:56,560 [main] INFO  handler.ContextHandler (ContextHandler.java:doStop(910)) - Stopped o.e.j.s.ServletContextHandler@4c41a177{/static,jar:file:/home/user/.m2/repository/org/apache/hadoop/hadoop-ozone-ozone-manager/0.5.0-SNAPSHOT/hadoop-ozone-ozone-manager-0.5.0-SNAPSHOT.jar!/webapps/static,UNAVAILABLE}
2019-09-26 10:48:56,561 [main] INFO  handler.ContextHandler (ContextHandler.java:doStop(910)) - Stopped o.e.j.s.ServletContextHandler@74830d73{/logs,file:///workdir/hadoop-ozone/ozonefs/target/log,UNAVAILABLE}
2019-09-26 10:48:56,563 [main] INFO  ozone.MiniOzoneClusterImpl (MiniOzoneClusterImpl.java:stopDatanodes(377)) - Stopping the HddsDatanodes
2019-09-26 10:48:57,195 [Datanode State Machine Thread - 0] INFO  statemachine.DatanodeStateMachine (DatanodeStateMachine.java:lambda$startDaemon$0(350)) - Ozone container server started.
2019-09-26 10:48:57,291 [Datanode State Machine Thread - 0] INFO  statemachine.DatanodeStateMachine (DatanodeStateMachine.java:lambda$startDaemon$0(350)) - Ozone container server started.
2019-09-26 10:48:58,211 [Thread-3091] INFO  container.ReplicationManager (ReplicationManager.java:start(163)) - Starting Replication Monitor Thread.
2019-09-26 10:48:58,216 [ReplicationMonitor] INFO  container.ReplicationManager (ReplicationManager.java:run(226)) - Replication Monitor Thread took 0 milliseconds for processing 0 containers.
2019-09-26 10:49:00,297 [Thread-3093] INFO  impl.FollowerState (FollowerState.java:run(106)) - 7c3babc5-8207-4c42-8723-9fc09bd813a2:group-DF52B807AFDE changes to CANDIDATE, lastRpcTime:5032, electionTimeout:5032ms
2019-09-26 10:49:00,298 [Thread-3093] INFO  impl.RoleInfo (RoleInfo.java:shutdownFollowerState(121)) - 7c3babc5-8207-4c42-8723-9fc09bd813a2: shutdown FollowerState
2019-09-26 10:49:00,298 [Thread-3093] INFO  impl.RaftServerImpl (RaftServerImpl.java:setRole(174)) - 7c3babc5-8207-4c42-8723-9fc09bd813a2@group-DF52B807AFDE: changes role from  FOLLOWER to CANDIDATE at term 0 for changeToCandidate
2019-09-26 10:49:00,298 [Thread-3093] INFO  impl.RoleInfo (RoleInfo.java:updateAndGet(143)) - 7c3babc5-8207-4c42-8723-9fc09bd813a2: start LeaderElection
2019-09-26 10:49:00,326 [7c3babc5-8207-4c42-8723-9fc09bd813a2@group-DF52B807AFDE:LeaderElection192] INFO  impl.LeaderElection (LeaderElection.java:askForVotes(182)) - 7c3babc5-8207-4c42-8723-9fc09bd813a2@group-DF52B807AFDE:LeaderElection192: begin an election at term 1 for -1: [7c3babc5-8207-4c42-8723-9fc09bd813a2:192.168.30.13:45472], old=null
2019-09-26 10:49:00,326 [7c3babc5-8207-4c42-8723-9fc09bd813a2@group-DF52B807AFDE:LeaderElection192] INFO  impl.RoleInfo (RoleInfo.java:shutdownLeaderElection(134)) - 7c3babc5-8207-4c42-8723-9fc09bd813a2: shutdown LeaderElection
2019-09-26 10:49:00,327 [7c3babc5-8207-4c42-8723-9fc09bd813a2@group-DF52B807AFDE:LeaderElection192] INFO  impl.RaftServerImpl (RaftServerImpl.java:setRole(174)) - 7c3babc5-8207-4c42-8723-9fc09bd813a2@group-DF52B807AFDE: changes role from CANDIDATE to LEADER at term 1 for changeToLeader
2019-09-26 10:49:00,327 [7c3babc5-8207-4c42-8723-9fc09bd813a2@group-DF52B807AFDE:LeaderElection192] INFO  impl.RaftServerImpl (ServerState.java:setLeader(253)) - 7c3babc5-8207-4c42-8723-9fc09bd813a2@group-DF52B807AFDE: change Leader from null to 7c3babc5-8207-4c42-8723-9fc09bd813a2 at term 1 for becomeLeader, leader elected after 5070ms
2019-09-26 10:49:00,327 [7c3babc5-8207-4c42-8723-9fc09bd813a2@group-DF52B807AFDE:LeaderElection192] INFO  server.RaftServerConfigKeys (ConfUtils.java:logGet(43)) - raft.server.staging.catchup.gap = 1000 (default)
2019-09-26 10:49:00,327 [7c3babc5-8207-4c42-8723-9fc09bd813a2@group-DF52B807AFDE:LeaderElection192] INFO  server.RaftServerConfigKeys (ConfUtils.java:logGet(43)) - raft.server.rpc.sleep.time = 25ms (default)
2019-09-26 10:49:00,327 [7c3babc5-8207-4c42-8723-9fc09bd813a2@group-DF52B807AFDE:LeaderElection192] INFO  server.RaftServerConfigKeys (ConfUtils.java:logGet(43)) - raft.server.write.element-limit = 4096 (default)
2019-09-26 10:49:00,328 [7c3babc5-8207-4c42-8723-9fc09bd813a2@group-DF52B807AFDE:LeaderElection192] INFO  server.RaftServerConfigKeys (ConfUtils.java:logGet(43)) - raft.server.watch.timeout = 10s (default)
2019-09-26 10:49:00,328 [7c3babc5-8207-4c42-8723-9fc09bd813a2@group-DF52B807AFDE:LeaderElection192] INFO  server.RaftServerConfigKeys (ConfUtils.java:logGet(43)) - raft.server.watch.timeout.denomination = 1s (default)
2019-09-26 10:49:00,328 [7c3babc5-8207-4c42-8723-9fc09bd813a2@group-DF52B807AFDE:LeaderElection192] INFO  server.RaftServerConfigKeys (ConfUtils.java:logGet(43)) - raft.server.watch.element-limit = 65536 (default)
2019-09-26 10:49:00,330 [7c3babc5-8207-4c42-8723-9fc09bd813a2@group-DF52B807AFDE:LeaderElection192] INFO  impl.RoleInfo (RoleInfo.java:updateAndGet(143)) - 7c3babc5-8207-4c42-8723-9fc09bd813a2: start LeaderState
2019-09-26 10:49:00,331 [7c3babc5-8207-4c42-8723-9fc09bd813a2@group-DF52B807AFDE:LeaderElection192] INFO  segmented.SegmentedRaftLogWorker (SegmentedRaftLogWorker.java:startLogSegment(380)) - 7c3babc5-8207-4c42-8723-9fc09bd813a2@group-DF52B807AFDE-SegmentedRaftLogWorker: Starting segment from index:0
2019-09-26 10:49:00,331 [7c3babc5-8207-4c42-8723-9fc09bd813a2@group-DF52B807AFDE:LeaderElection192] INFO  impl.RaftServerImpl (ServerState.java:setRaftConf(354)) - 7c3babc5-8207-4c42-8723-9fc09bd813a2@group-DF52B807AFDE: set configuration 0: [7c3babc5-8207-4c42-8723-9fc09bd813a2:192.168.30.13:45472], old=null at 0
2019-09-26 10:49:00,380 [7c3babc5-8207-4c42-8723-9fc09bd813a2@group-DF52B807AFDE-SegmentedRaftLogWorker] INFO  segmented.SegmentedRaftLogWorker (SegmentedRaftLogWorker.java:execute(569)) - 7c3babc5-8207-4c42-8723-9fc09bd813a2@group-DF52B807AFDE-SegmentedRaftLogWorker: created new log segment /workdir/hadoop-ozone/ozonefs/target/test-dir/MiniOzoneClusterImpl-bf023d99-d452-41c9-bfe9-395987bceec1/datanode-0/data/ratis/f44a5ad6-2b07-4729-b51d-df52b807afde/current/log_inprogress_0
2019-09-26 10:49:00,414 [Thread-3099] INFO  impl.FollowerState (FollowerState.java:run(106)) - 7c3babc5-8207-4c42-8723-9fc09bd813a2:group-8C205114F935 changes to CANDIDATE, lastRpcTime:5062, electionTimeout:5062ms
2019-09-26 10:49:00,414 [Thread-3099] INFO  impl.RoleInfo (RoleInfo.java:shutdownFollowerState(121)) - 7c3babc5-8207-4c42-8723-9fc09bd813a2: shutdown FollowerState
2019-09-26 10:49:00,414 [Thread-3099] INFO  impl.RaftServerImpl (RaftServerImpl.java:setRole(174)) - 7c3babc5-8207-4c42-8723-9fc09bd813a2@group-8C205114F935: changes role from  FOLLOWER to CANDIDATE at term 0 for changeToCandidate
2019-09-26 10:49:00,414 [Thread-3099] INFO  impl.RoleInfo (RoleInfo.java:updateAndGet(143)) - 7c3babc5-8207-4c42-8723-9fc09bd813a2: start LeaderElection
2019-09-26 10:49:00,422 [7c3babc5-8207-4c42-8723-9fc09bd813a2@group-8C205114F935:LeaderElection193] INFO  impl.LeaderElection (LeaderElection.java:askForVotes(182)) - 7c3babc5-8207-4c42-8723-9fc09bd813a2@group-8C205114F935:LeaderElection193: begin an election at term 1 for -1: [7c3babc5-8207-4c42-8723-9fc09bd813a2:192.168.30.13:45472], old=null
2019-09-26 10:49:00,422 [7c3babc5-8207-4c42-8723-9fc09bd813a2@group-8C205114F935:LeaderElection193] INFO  impl.RoleInfo (RoleInfo.java:shutdownLeaderElection(134)) - 7c3babc5-8207-4c42-8723-9fc09bd813a2: shutdown LeaderElection
2019-09-26 10:49:00,422 [7c3babc5-8207-4c42-8723-9fc09bd813a2@group-8C205114F935:LeaderElection193] INFO  impl.RaftServerImpl (RaftServerImpl.java:setRole(174)) - 7c3babc5-8207-4c42-8723-9fc09bd813a2@group-8C205114F935: changes role from CANDIDATE to LEADER at term 1 for changeToLeader
2019-09-26 10:49:00,422 [7c3babc5-8207-4c42-8723-9fc09bd813a2@group-8C205114F935:LeaderElection193] INFO  impl.RaftServerImpl (ServerState.java:setLeader(253)) - 7c3babc5-8207-4c42-8723-9fc09bd813a2@group-8C205114F935: change Leader from null to 7c3babc5-8207-4c42-8723-9fc09bd813a2 at term 1 for becomeLeader, leader elected after 5076ms
2019-09-26 10:49:00,423 [7c3babc5-8207-4c42-8723-9fc09bd813a2@group-8C205114F935:LeaderElection193] INFO  server.RaftServerConfigKeys (ConfUtils.java:logGet(43)) - raft.server.staging.catchup.gap = 1000 (default)
2019-09-26 10:49:00,423 [7c3babc5-8207-4c42-8723-9fc09bd813a2@group-8C205114F935:LeaderElection193] INFO  server.RaftServerConfigKeys (ConfUtils.java:logGet(43)) - raft.server.rpc.sleep.time = 25ms (default)
2019-09-26 10:49:00,423 [7c3babc5-8207-4c42-8723-9fc09bd813a2@group-8C205114F935:LeaderElection193] INFO  server.RaftServerConfigKeys (ConfUtils.java:logGet(43)) - raft.server.write.element-limit = 4096 (default)
2019-09-26 10:49:00,423 [7c3babc5-8207-4c42-8723-9fc09bd813a2@group-8C205114F935:LeaderElection193] INFO  server.RaftServerConfigKeys (ConfUtils.java:logGet(43)) - raft.server.watch.timeout = 10s (default)
2019-09-26 10:49:00,423 [7c3babc5-8207-4c42-8723-9fc09bd813a2@group-8C205114F935:LeaderElection193] INFO  server.RaftServerConfigKeys (ConfUtils.java:logGet(43)) - raft.server.watch.timeout.denomination = 1s (default)
2019-09-26 10:49:00,423 [7c3babc5-8207-4c42-8723-9fc09bd813a2@group-8C205114F935:LeaderElection193] INFO  server.RaftServerConfigKeys (ConfUtils.java:logGet(43)) - raft.server.watch.element-limit = 65536 (default)
2019-09-26 10:49:00,426 [7c3babc5-8207-4c42-8723-9fc09bd813a2@group-8C205114F935:LeaderElection193] INFO  impl.RoleInfo (RoleInfo.java:updateAndGet(143)) - 7c3babc5-8207-4c42-8723-9fc09bd813a2: start LeaderState
2019-09-26 10:49:00,426 [7c3babc5-8207-4c42-8723-9fc09bd813a2@group-8C205114F935:LeaderElection193] INFO  segmented.SegmentedRaftLogWorker (SegmentedRaftLogWorker.java:startLogSegment(380)) - 7c3babc5-8207-4c42-8723-9fc09bd813a2@group-8C205114F935-SegmentedRaftLogWorker: Starting segment from index:0
2019-09-26 10:49:00,426 [7c3babc5-8207-4c42-8723-9fc09bd813a2@group-8C205114F935:LeaderElection193] INFO  impl.RaftServerImpl (ServerState.java:setRaftConf(354)) - 7c3babc5-8207-4c42-8723-9fc09bd813a2@group-8C205114F935: set configuration 0: [7c3babc5-8207-4c42-8723-9fc09bd813a2:192.168.30.13:45472], old=null at 0
2019-09-26 10:49:00,465 [7c3babc5-8207-4c42-8723-9fc09bd813a2@group-8C205114F935-SegmentedRaftLogWorker] INFO  segmented.SegmentedRaftLogWorker (SegmentedRaftLogWorker.java:execute(569)) - 7c3babc5-8207-4c42-8723-9fc09bd813a2@group-8C205114F935-SegmentedRaftLogWorker: created new log segment /workdir/hadoop-ozone/ozonefs/target/test-dir/MiniOzoneClusterImpl-bf023d99-d452-41c9-bfe9-395987bceec1/datanode-0/data/ratis/bfecf454-d566-44ef-bd1e-8c205114f935/current/log_inprogress_0
2019-09-26 10:49:00,469 [Thread-3102] INFO  impl.FollowerState (FollowerState.java:run(106)) - 7c3babc5-8207-4c42-8723-9fc09bd813a2:group-F112721E17AF changes to CANDIDATE, lastRpcTime:5075, electionTimeout:5075ms
2019-09-26 10:49:00,469 [Thread-3102] INFO  impl.RoleInfo (RoleInfo.java:shutdownFollowerState(121)) - 7c3babc5-8207-4c42-8723-9fc09bd813a2: shutdown FollowerState
2019-09-26 10:49:00,469 [Thread-3102] INFO  impl.RaftServerImpl (RaftServerImpl.java:setRole(174)) - 7c3babc5-8207-4c42-8723-9fc09bd813a2@group-F112721E17AF: changes role from  FOLLOWER to CANDIDATE at term 0 for changeToCandidate
2019-09-26 10:49:00,469 [Thread-3102] INFO  impl.RoleInfo (RoleInfo.java:updateAndGet(143)) - 7c3babc5-8207-4c42-8723-9fc09bd813a2: start LeaderElection
2019-09-26 10:49:00,475 [Thread-3105] INFO  impl.FollowerState (FollowerState.java:run(106)) - 7c3babc5-8207-4c42-8723-9fc09bd813a2:group-D451C565DF3C changes to CANDIDATE, lastRpcTime:5035, electionTimeout:5035ms
2019-09-26 10:49:00,475 [Thread-3105] INFO  impl.RoleInfo (RoleInfo.java:shutdownFollowerState(121)) - 7c3babc5-8207-4c42-8723-9fc09bd813a2: shutdown FollowerState
2019-09-26 10:49:00,475 [Thread-3105] INFO  impl.RaftServerImpl (RaftServerImpl.java:setRole(174)) - 7c3babc5-8207-4c42-8723-9fc09bd813a2@group-D451C565DF3C: changes role from  FOLLOWER to CANDIDATE at term 0 for changeToCandidate
2019-09-26 10:49:00,475 [Thread-3105] INFO  impl.RoleInfo (RoleInfo.java:updateAndGet(143)) - 7c3babc5-8207-4c42-8723-9fc09bd813a2: start LeaderElection
2019-09-26 10:49:00,478 [7c3babc5-8207-4c42-8723-9fc09bd813a2@group-F112721E17AF:LeaderElection194] INFO  impl.LeaderElection (LeaderElection.java:askForVotes(182)) - 7c3babc5-8207-4c42-8723-9fc09bd813a2@group-F112721E17AF:LeaderElection194: begin an election at term 1 for -1: [7c3babc5-8207-4c42-8723-9fc09bd813a2:192.168.30.13:45472], old=null
2019-09-26 10:49:00,478 [7c3babc5-8207-4c42-8723-9fc09bd813a2@group-F112721E17AF:LeaderElection194] INFO  impl.RoleInfo (RoleInfo.java:shutdownLeaderElection(134)) - 7c3babc5-8207-4c42-8723-9fc09bd813a2: shutdown LeaderElection
2019-09-26 10:49:00,478 [7c3babc5-8207-4c42-8723-9fc09bd813a2@group-F112721E17AF:LeaderElection194] INFO  impl.RaftServerImpl (RaftServerImpl.java:setRole(174)) - 7c3babc5-8207-4c42-8723-9fc09bd813a2@group-F112721E17AF: changes role from CANDIDATE to LEADER at term 1 for changeToLeader
2019-09-26 10:49:00,478 [7c3babc5-8207-4c42-8723-9fc09bd813a2@group-F112721E17AF:LeaderElection194] INFO  impl.RaftServerImpl (ServerState.java:setLeader(253)) - 7c3babc5-8207-4c42-8723-9fc09bd813a2@group-F112721E17AF: change Leader from null to 7c3babc5-8207-4c42-8723-9fc09bd813a2 at term 1 for becomeLeader, leader elected after 5090ms
2019-09-26 10:49:00,478 [7c3babc5-8207-4c42-8723-9fc09bd813a2@group-F112721E17AF:LeaderElection194] INFO  server.RaftServerConfigKeys (ConfUtils.java:logGet(43)) - raft.server.staging.catchup.gap = 1000 (default)
2019-09-26 10:49:00,479 [7c3babc5-8207-4c42-8723-9fc09bd813a2@group-F112721E17AF:LeaderElection194] INFO  server.RaftServerConfigKeys (ConfUtils.java:logGet(43)) - raft.server.rpc.sleep.time = 25ms (default)
2019-09-26 10:49:00,479 [7c3babc5-8207-4c42-8723-9fc09bd813a2@group-F112721E17AF:LeaderElection194] INFO  server.RaftServerConfigKeys (ConfUtils.java:logGet(43)) - raft.server.write.element-limit = 4096 (default)
2019-09-26 10:49:00,479 [7c3babc5-8207-4c42-8723-9fc09bd813a2@group-F112721E17AF:LeaderElection194] INFO  server.RaftServerConfigKeys (ConfUtils.java:logGet(43)) - raft.server.watch.timeout = 10s (default)
2019-09-26 10:49:00,479 [7c3babc5-8207-4c42-8723-9fc09bd813a2@group-F112721E17AF:LeaderElection194] INFO  server.RaftServerConfigKeys (ConfUtils.java:logGet(43)) - raft.server.watch.timeout.denomination = 1s (default)
2019-09-26 10:49:00,479 [7c3babc5-8207-4c42-8723-9fc09bd813a2@group-F112721E17AF:LeaderElection194] INFO  server.RaftServerConfigKeys (ConfUtils.java:logGet(43)) - raft.server.watch.element-limit = 65536 (default)
2019-09-26 10:49:00,480 [7c3babc5-8207-4c42-8723-9fc09bd813a2@group-F112721E17AF:LeaderElection194] INFO  impl.RoleInfo (RoleInfo.java:updateAndGet(143)) - 7c3babc5-8207-4c42-8723-9fc09bd813a2: start LeaderState
2019-09-26 10:49:00,481 [7c3babc5-8207-4c42-8723-9fc09bd813a2@group-F112721E17AF:LeaderElection194] INFO  segmented.SegmentedRaftLogWorker (SegmentedRaftLogWorker.java:startLogSegment(380)) - 7c3babc5-8207-4c42-8723-9fc09bd813a2@group-F112721E17AF-SegmentedRaftLogWorker: Starting segment from index:0
2019-09-26 10:49:00,481 [7c3babc5-8207-4c42-8723-9fc09bd813a2@group-F112721E17AF:LeaderElection194] INFO  impl.RaftServerImpl (ServerState.java:setRaftConf(354)) - 7c3babc5-8207-4c42-8723-9fc09bd813a2@group-F112721E17AF: set configuration 0: [7c3babc5-8207-4c42-8723-9fc09bd813a2:192.168.30.13:45472], old=null at 0
2019-09-26 10:49:00,481 [7c3babc5-8207-4c42-8723-9fc09bd813a2@group-D451C565DF3C:LeaderElection195] INFO  impl.LeaderElection (LeaderElection.java:askForVotes(182)) - 7c3babc5-8207-4c42-8723-9fc09bd813a2@group-D451C565DF3C:LeaderElection195: begin an election at term 1 for -1: [7c3babc5-8207-4c42-8723-9fc09bd813a2:192.168.30.13:45472], old=null
2019-09-26 10:49:00,482 [7c3babc5-8207-4c42-8723-9fc09bd813a2@group-D451C565DF3C:LeaderElection195] INFO  impl.RoleInfo (RoleInfo.java:shutdownLeaderElection(134)) - 7c3babc5-8207-4c42-8723-9fc09bd813a2: shutdown LeaderElection
2019-09-26 10:49:00,482 [7c3babc5-8207-4c42-8723-9fc09bd813a2@group-D451C565DF3C:LeaderElection195] INFO  impl.RaftServerImpl (RaftServerImpl.java:setRole(174)) - 7c3babc5-8207-4c42-8723-9fc09bd813a2@group-D451C565DF3C: changes role from CANDIDATE to LEADER at term 1 for changeToLeader
2019-09-26 10:49:00,482 [7c3babc5-8207-4c42-8723-9fc09bd813a2@group-D451C565DF3C:LeaderElection195] INFO  impl.RaftServerImpl (ServerState.java:setLeader(253)) - 7c3babc5-8207-4c42-8723-9fc09bd813a2@group-D451C565DF3C: change Leader from null to 7c3babc5-8207-4c42-8723-9fc09bd813a2 at term 1 for becomeLeader, leader elected after 5048ms
2019-09-26 10:49:00,482 [7c3babc5-8207-4c42-8723-9fc09bd813a2@group-D451C565DF3C:LeaderElection195] INFO  server.RaftServerConfigKeys (ConfUtils.java:logGet(43)) - raft.server.staging.catchup.gap = 1000 (default)
2019-09-26 10:49:00,482 [7c3babc5-8207-4c42-8723-9fc09bd813a2@group-D451C565DF3C:LeaderElection195] INFO  server.RaftServerConfigKeys (ConfUtils.java:logGet(43)) - raft.server.rpc.sleep.time = 25ms (default)
2019-09-26 10:49:00,482 [7c3babc5-8207-4c42-8723-9fc09bd813a2@group-D451C565DF3C:LeaderElection195] INFO  server.RaftServerConfigKeys (ConfUtils.java:logGet(43)) - raft.server.write.element-limit = 4096 (default)
2019-09-26 10:49:00,483 [7c3babc5-8207-4c42-8723-9fc09bd813a2@group-D451C565DF3C:LeaderElection195] INFO  server.RaftServerConfigKeys (ConfUtils.java:logGet(43)) - raft.server.watch.timeout = 10s (default)
2019-09-26 10:49:00,483 [7c3babc5-8207-4c42-8723-9fc09bd813a2@group-D451C565DF3C:LeaderElection195] INFO  server.RaftServerConfigKeys (ConfUtils.java:logGet(43)) - raft.server.watch.timeout.denomination = 1s (default)
2019-09-26 10:49:00,483 [7c3babc5-8207-4c42-8723-9fc09bd813a2@group-D451C565DF3C:LeaderElection195] INFO  server.RaftServerConfigKeys (ConfUtils.java:logGet(43)) - raft.server.watch.element-limit = 65536 (default)
2019-09-26 10:49:00,485 [7c3babc5-8207-4c42-8723-9fc09bd813a2@group-D451C565DF3C:LeaderElection195] INFO  impl.RoleInfo (RoleInfo.java:updateAndGet(143)) - 7c3babc5-8207-4c42-8723-9fc09bd813a2: start LeaderState
2019-09-26 10:49:00,485 [7c3babc5-8207-4c42-8723-9fc09bd813a2@group-D451C565DF3C:LeaderElection195] INFO  segmented.SegmentedRaftLogWorker (SegmentedRaftLogWorker.java:startLogSegment(380)) - 7c3babc5-8207-4c42-8723-9fc09bd813a2@group-D451C565DF3C-SegmentedRaftLogWorker: Starting segment from index:0
2019-09-26 10:49:00,486 [7c3babc5-8207-4c42-8723-9fc09bd813a2@group-D451C565DF3C:LeaderElection195] INFO  impl.RaftServerImpl (ServerState.java:setRaftConf(354)) - 7c3babc5-8207-4c42-8723-9fc09bd813a2@group-D451C565DF3C: set configuration 0: [7c3babc5-8207-4c42-8723-9fc09bd813a2:192.168.30.13:45472], old=null at 0
2019-09-26 10:49:00,511 [Thread-3096] INFO  impl.FollowerState (FollowerState.java:run(106)) - 7c3babc5-8207-4c42-8723-9fc09bd813a2:group-EE1CCC669682 changes to CANDIDATE, lastRpcTime:5200, electionTimeout:5200ms
2019-09-26 10:49:00,511 [Thread-3096] INFO  impl.RoleInfo (RoleInfo.java:shutdownFollowerState(121)) - 7c3babc5-8207-4c42-8723-9fc09bd813a2: shutdown FollowerState
2019-09-26 10:49:00,512 [Thread-3096] INFO  impl.RaftServerImpl (RaftServerImpl.java:setRole(174)) - 7c3babc5-8207-4c42-8723-9fc09bd813a2@group-EE1CCC669682: changes role from  FOLLOWER to CANDIDATE at term 0 for changeToCandidate
2019-09-26 10:49:00,512 [Thread-3096] INFO  impl.RoleInfo (RoleInfo.java:updateAndGet(143)) - 7c3babc5-8207-4c42-8723-9fc09bd813a2: start LeaderElection
2019-09-26 10:49:00,531 [7c3babc5-8207-4c42-8723-9fc09bd813a2@group-D451C565DF3C-SegmentedRaftLogWorker] INFO  segmented.SegmentedRaftLogWorker (SegmentedRaftLogWorker.java:execute(569)) - 7c3babc5-8207-4c42-8723-9fc09bd813a2@group-D451C565DF3C-SegmentedRaftLogWorker: created new log segment /workdir/hadoop-ozone/ozonefs/target/test-dir/MiniOzoneClusterImpl-bf023d99-d452-41c9-bfe9-395987bceec1/datanode-0/data/ratis/076b2157-95ae-41d3-a595-d451c565df3c/current/log_inprogress_0
2019-09-26 10:49:00,531 [7c3babc5-8207-4c42-8723-9fc09bd813a2@group-EE1CCC669682:LeaderElection196] INFO  impl.LeaderElection (LeaderElection.java:askForVotes(182)) - 7c3babc5-8207-4c42-8723-9fc09bd813a2@group-EE1CCC669682:LeaderElection196: begin an election at term 1 for -1: [7c3babc5-8207-4c42-8723-9fc09bd813a2:192.168.30.13:45472], old=null
2019-09-26 10:49:00,531 [7c3babc5-8207-4c42-8723-9fc09bd813a2@group-F112721E17AF-SegmentedRaftLogWorker] INFO  segmented.SegmentedRaftLogWorker (SegmentedRaftLogWorker.java:execute(569)) - 7c3babc5-8207-4c42-8723-9fc09bd813a2@group-F112721E17AF-SegmentedRaftLogWorker: created new log segment /workdir/hadoop-ozone/ozonefs/target/test-dir/MiniOzoneClusterImpl-bf023d99-d452-41c9-bfe9-395987bceec1/datanode-0/data/ratis/d0d6c202-6e95-41d0-89f4-f112721e17af/current/log_inprogress_0
2019-09-26 10:49:00,531 [7c3babc5-8207-4c42-8723-9fc09bd813a2@group-EE1CCC669682:LeaderElection196] INFO  impl.RoleInfo (RoleInfo.java:shutdownLeaderElection(134)) - 7c3babc5-8207-4c42-8723-9fc09bd813a2: shutdown LeaderElection
2019-09-26 10:49:00,531 [7c3babc5-8207-4c42-8723-9fc09bd813a2@group-EE1CCC669682:LeaderElection196] INFO  impl.RaftServerImpl (RaftServerImpl.java:setRole(174)) - 7c3babc5-8207-4c42-8723-9fc09bd813a2@group-EE1CCC669682: changes role from CANDIDATE to LEADER at term 1 for changeToLeader
2019-09-26 10:49:00,532 [7c3babc5-8207-4c42-8723-9fc09bd813a2@group-EE1CCC669682:LeaderElection196] INFO  impl.RaftServerImpl (ServerState.java:setLeader(253)) - 7c3babc5-8207-4c42-8723-9fc09bd813a2@group-EE1CCC669682: change Leader from null to 7c3babc5-8207-4c42-8723-9fc09bd813a2 at term 1 for becomeLeader, leader elected after 5226ms
2019-09-26 10:49:00,532 [7c3babc5-8207-4c42-8723-9fc09bd813a2@group-EE1CCC669682:LeaderElection196] INFO  server.RaftServerConfigKeys (ConfUtils.java:logGet(43)) - raft.server.staging.catchup.gap = 1000 (default)
2019-09-26 10:49:00,532 [7c3babc5-8207-4c42-8723-9fc09bd813a2@group-EE1CCC669682:LeaderElection196] INFO  server.RaftServerConfigKeys (ConfUtils.java:logGet(43)) - raft.server.rpc.sleep.time = 25ms (default)
2019-09-26 10:49:00,532 [7c3babc5-8207-4c42-8723-9fc09bd813a2@group-EE1CCC669682:LeaderElection196] INFO  server.RaftServerConfigKeys (ConfUtils.java:logGet(43)) - raft.server.write.element-limit = 4096 (default)
2019-09-26 10:49:00,532 [7c3babc5-8207-4c42-8723-9fc09bd813a2@group-EE1CCC669682:LeaderElection196] INFO  server.RaftServerConfigKeys (ConfUtils.java:logGet(43)) - raft.server.watch.timeout = 10s (default)
2019-09-26 10:49:00,532 [7c3babc5-8207-4c42-8723-9fc09bd813a2@group-EE1CCC669682:LeaderElection196] INFO  server.RaftServerConfigKeys (ConfUtils.java:logGet(43)) - raft.server.watch.timeout.denomination = 1s (default)
2019-09-26 10:49:00,533 [7c3babc5-8207-4c42-8723-9fc09bd813a2@group-EE1CCC669682:LeaderElection196] INFO  server.RaftServerConfigKeys (ConfUtils.java:logGet(43)) - raft.server.watch.element-limit = 65536 (default)
2019-09-26 10:49:00,535 [7c3babc5-8207-4c42-8723-9fc09bd813a2@group-EE1CCC669682:LeaderElection196] INFO  impl.RoleInfo (RoleInfo.java:updateAndGet(143)) - 7c3babc5-8207-4c42-8723-9fc09bd813a2: start LeaderState
2019-09-26 10:49:00,535 [7c3babc5-8207-4c42-8723-9fc09bd813a2@group-EE1CCC669682:LeaderElection196] INFO  segmented.SegmentedRaftLogWorker (SegmentedRaftLogWorker.java:startLogSegment(380)) - 7c3babc5-8207-4c42-8723-9fc09bd813a2@group-EE1CCC669682-SegmentedRaftLogWorker: Starting segment from index:0
2019-09-26 10:49:00,536 [7c3babc5-8207-4c42-8723-9fc09bd813a2@group-EE1CCC669682:LeaderElection196] INFO  impl.RaftServerImpl (ServerState.java:setRaftConf(354)) - 7c3babc5-8207-4c42-8723-9fc09bd813a2@group-EE1CCC669682: set configuration 0: [7c3babc5-8207-4c42-8723-9fc09bd813a2:192.168.30.13:45472], old=null at 0
2019-09-26 10:49:00,585 [7c3babc5-8207-4c42-8723-9fc09bd813a2@group-EE1CCC669682-SegmentedRaftLogWorker] INFO  segmented.SegmentedRaftLogWorker (SegmentedRaftLogWorker.java:execute(569)) - 7c3babc5-8207-4c42-8723-9fc09bd813a2@group-EE1CCC669682-SegmentedRaftLogWorker: created new log segment /workdir/hadoop-ozone/ozonefs/target/test-dir/MiniOzoneClusterImpl-bf023d99-d452-41c9-bfe9-395987bceec1/datanode-0/data/ratis/ac810266-6ecb-4f1b-964b-ee1ccc669682/current/log_inprogress_0
2019-09-26 10:49:00,618 [Thread-3108] INFO  impl.FollowerState (FollowerState.java:run(106)) - de4ca06f-7dd1-4c49-a62e-4321f7c724ce:group-5EF67E5986A5 changes to CANDIDATE, lastRpcTime:5132, electionTimeout:5132ms
2019-09-26 10:49:00,619 [Thread-3108] INFO  impl.RoleInfo (RoleInfo.java:shutdownFollowerState(121)) - de4ca06f-7dd1-4c49-a62e-4321f7c724ce: shutdown FollowerState
2019-09-26 10:49:00,619 [Thread-3108] INFO  impl.RaftServerImpl (RaftServerImpl.java:setRole(174)) - de4ca06f-7dd1-4c49-a62e-4321f7c724ce@group-5EF67E5986A5: changes role from  FOLLOWER to CANDIDATE at term 0 for changeToCandidate
2019-09-26 10:49:00,619 [Thread-3108] INFO  impl.RoleInfo (RoleInfo.java:updateAndGet(143)) - de4ca06f-7dd1-4c49-a62e-4321f7c724ce: start LeaderElection
2019-09-26 10:49:00,639 [de4ca06f-7dd1-4c49-a62e-4321f7c724ce@group-5EF67E5986A5:LeaderElection197] INFO  impl.LeaderElection (LeaderElection.java:askForVotes(182)) - de4ca06f-7dd1-4c49-a62e-4321f7c724ce@group-5EF67E5986A5:LeaderElection197: begin an election at term 1 for -1: [de4ca06f-7dd1-4c49-a62e-4321f7c724ce:192.168.30.13:43778], old=null
2019-09-26 10:49:00,639 [de4ca06f-7dd1-4c49-a62e-4321f7c724ce@group-5EF67E5986A5:LeaderElection197] INFO  impl.RoleInfo (RoleInfo.java:shutdownLeaderElection(134)) - de4ca06f-7dd1-4c49-a62e-4321f7c724ce: shutdown LeaderElection
2019-09-26 10:49:00,639 [de4ca06f-7dd1-4c49-a62e-4321f7c724ce@group-5EF67E5986A5:LeaderElection197] INFO  impl.RaftServerImpl (RaftServerImpl.java:setRole(174)) - de4ca06f-7dd1-4c49-a62e-4321f7c724ce@group-5EF67E5986A5: changes role from CANDIDATE to LEADER at term 1 for changeToLeader
2019-09-26 10:49:00,639 [de4ca06f-7dd1-4c49-a62e-4321f7c724ce@group-5EF67E5986A5:LeaderElection197] INFO  impl.RaftServerImpl (ServerState.java:setLeader(253)) - de4ca06f-7dd1-4c49-a62e-4321f7c724ce@group-5EF67E5986A5: change Leader from null to de4ca06f-7dd1-4c49-a62e-4321f7c724ce at term 1 for becomeLeader, leader elected after 5159ms
2019-09-26 10:49:00,639 [de4ca06f-7dd1-4c49-a62e-4321f7c724ce@group-5EF67E5986A5:LeaderElection197] INFO  server.RaftServerConfigKeys (ConfUtils.java:logGet(43)) - raft.server.staging.catchup.gap = 1000 (default)
2019-09-26 10:49:00,640 [de4ca06f-7dd1-4c49-a62e-4321f7c724ce@group-5EF67E5986A5:LeaderElection197] INFO  server.RaftServerConfigKeys (ConfUtils.java:logGet(43)) - raft.server.rpc.sleep.time = 25ms (default)
2019-09-26 10:49:00,640 [de4ca06f-7dd1-4c49-a62e-4321f7c724ce@group-5EF67E5986A5:LeaderElection197] INFO  server.RaftServerConfigKeys (ConfUtils.java:logGet(43)) - raft.server.write.element-limit = 4096 (default)
2019-09-26 10:49:00,640 [de4ca06f-7dd1-4c49-a62e-4321f7c724ce@group-5EF67E5986A5:LeaderElection197] INFO  server.RaftServerConfigKeys (ConfUtils.java:logGet(43)) - raft.server.watch.timeout = 10s (default)
2019-09-26 10:49:00,640 [de4ca06f-7dd1-4c49-a62e-4321f7c724ce@group-5EF67E5986A5:LeaderElection197] INFO  server.RaftServerConfigKeys (ConfUtils.java:logGet(43)) - raft.server.watch.timeout.denomination = 1s (default)
2019-09-26 10:49:00,640 [de4ca06f-7dd1-4c49-a62e-4321f7c724ce@group-5EF67E5986A5:LeaderElection197] INFO  server.RaftServerConfigKeys (ConfUtils.java:logGet(43)) - raft.server.watch.element-limit = 65536 (default)
2019-09-26 10:49:00,643 [de4ca06f-7dd1-4c49-a62e-4321f7c724ce@group-5EF67E5986A5:LeaderElection197] INFO  impl.RoleInfo (RoleInfo.java:updateAndGet(143)) - de4ca06f-7dd1-4c49-a62e-4321f7c724ce: start LeaderState
2019-09-26 10:49:00,643 [de4ca06f-7dd1-4c49-a62e-4321f7c724ce@group-5EF67E5986A5:LeaderElection197] INFO  segmented.SegmentedRaftLogWorker (SegmentedRaftLogWorker.java:startLogSegment(380)) - de4ca06f-7dd1-4c49-a62e-4321f7c724ce@group-5EF67E5986A5-SegmentedRaftLogWorker: Starting segment from index:0
2019-09-26 10:49:00,644 [de4ca06f-7dd1-4c49-a62e-4321f7c724ce@group-5EF67E5986A5:LeaderElection197] INFO  impl.RaftServerImpl (ServerState.java:setRaftConf(354)) - de4ca06f-7dd1-4c49-a62e-4321f7c724ce@group-5EF67E5986A5: set configuration 0: [de4ca06f-7dd1-4c49-a62e-4321f7c724ce:192.168.30.13:43778], old=null at 0
2019-09-26 10:49:00,665 [Thread-3114] INFO  impl.FollowerState (FollowerState.java:run(106)) - de4ca06f-7dd1-4c49-a62e-4321f7c724ce:group-8A50825628BE changes to CANDIDATE, lastRpcTime:5073, electionTimeout:5073ms
2019-09-26 10:49:00,665 [Thread-3114] INFO  impl.RoleInfo (RoleInfo.java:shutdownFollowerState(121)) - de4ca06f-7dd1-4c49-a62e-4321f7c724ce: shutdown FollowerState
2019-09-26 10:49:00,665 [Thread-3114] INFO  impl.RaftServerImpl (RaftServerImpl.java:setRole(174)) - de4ca06f-7dd1-4c49-a62e-4321f7c724ce@group-8A50825628BE: changes role from  FOLLOWER to CANDIDATE at term 0 for changeToCandidate
2019-09-26 10:49:00,665 [Thread-3114] INFO  impl.RoleInfo (RoleInfo.java:updateAndGet(143)) - de4ca06f-7dd1-4c49-a62e-4321f7c724ce: start LeaderElection
2019-09-26 10:49:00,684 [Thread-3117] INFO  impl.FollowerState (FollowerState.java:run(106)) - 7c3babc5-8207-4c42-8723-9fc09bd813a2:group-165458435BED changes to CANDIDATE, lastRpcTime:5051, electionTimeout:5049ms
2019-09-26 10:49:00,685 [Thread-3117] INFO  impl.RoleInfo (RoleInfo.java:shutdownFollowerState(121)) - 7c3babc5-8207-4c42-8723-9fc09bd813a2: shutdown FollowerState
2019-09-26 10:49:00,685 [Thread-3117] INFO  impl.RaftServerImpl (RaftServerImpl.java:setRole(174)) - 7c3babc5-8207-4c42-8723-9fc09bd813a2@group-165458435BED: changes role from  FOLLOWER to CANDIDATE at term 0 for changeToCandidate
2019-09-26 10:49:00,685 [Thread-3117] INFO  impl.RoleInfo (RoleInfo.java:updateAndGet(143)) - 7c3babc5-8207-4c42-8723-9fc09bd813a2: start LeaderElection
2019-09-26 10:49:00,698 [de4ca06f-7dd1-4c49-a62e-4321f7c724ce@group-5EF67E5986A5-SegmentedRaftLogWorker] INFO  segmented.SegmentedRaftLogWorker (SegmentedRaftLogWorker.java:execute(569)) - de4ca06f-7dd1-4c49-a62e-4321f7c724ce@group-5EF67E5986A5-SegmentedRaftLogWorker: created new log segment /workdir/hadoop-ozone/ozonefs/target/test-dir/MiniOzoneClusterImpl-bf023d99-d452-41c9-bfe9-395987bceec1/datanode-1/data/ratis/89ba8ee7-97c8-435f-aa97-5ef67e5986a5/current/log_inprogress_0
2019-09-26 10:49:00,698 [7c3babc5-8207-4c42-8723-9fc09bd813a2@group-165458435BED:LeaderElection199] INFO  impl.LeaderElection (LeaderElection.java:askForVotes(182)) - 7c3babc5-8207-4c42-8723-9fc09bd813a2@group-165458435BED:LeaderElection199: begin an election at term 1 for -1: [7c3babc5-8207-4c42-8723-9fc09bd813a2:192.168.30.13:45472], old=null
2019-09-26 10:49:00,698 [de4ca06f-7dd1-4c49-a62e-4321f7c724ce@group-8A50825628BE:LeaderElection198] INFO  impl.LeaderElection (LeaderElection.java:askForVotes(182)) - de4ca06f-7dd1-4c49-a62e-4321f7c724ce@group-8A50825628BE:LeaderElection198: begin an election at term 1 for -1: [de4ca06f-7dd1-4c49-a62e-4321f7c724ce:192.168.30.13:43778], old=null
2019-09-26 10:49:00,698 [7c3babc5-8207-4c42-8723-9fc09bd813a2@group-165458435BED:LeaderElection199] INFO  impl.RoleInfo (RoleInfo.java:shutdownLeaderElection(134)) - 7c3babc5-8207-4c42-8723-9fc09bd813a2: shutdown LeaderElection
2019-09-26 10:49:00,698 [de4ca06f-7dd1-4c49-a62e-4321f7c724ce@group-8A50825628BE:LeaderElection198] INFO  impl.RoleInfo (RoleInfo.java:shutdownLeaderElection(134)) - de4ca06f-7dd1-4c49-a62e-4321f7c724ce: shutdown LeaderElection
2019-09-26 10:49:00,699 [7c3babc5-8207-4c42-8723-9fc09bd813a2@group-165458435BED:LeaderElection199] INFO  impl.RaftServerImpl (RaftServerImpl.java:setRole(174)) - 7c3babc5-8207-4c42-8723-9fc09bd813a2@group-165458435BED: changes role from CANDIDATE to LEADER at term 1 for changeToLeader
2019-09-26 10:49:00,699 [de4ca06f-7dd1-4c49-a62e-4321f7c724ce@group-8A50825628BE:LeaderElection198] INFO  impl.RaftServerImpl (RaftServerImpl.java:setRole(174)) - de4ca06f-7dd1-4c49-a62e-4321f7c724ce@group-8A50825628BE: changes role from CANDIDATE to LEADER at term 1 for changeToLeader
2019-09-26 10:49:00,699 [7c3babc5-8207-4c42-8723-9fc09bd813a2@group-165458435BED:LeaderElection199] INFO  impl.RaftServerImpl (ServerState.java:setLeader(253)) - 7c3babc5-8207-4c42-8723-9fc09bd813a2@group-165458435BED: change Leader from null to 7c3babc5-8207-4c42-8723-9fc09bd813a2 at term 1 for becomeLeader, leader elected after 5071ms
2019-09-26 10:49:00,699 [de4ca06f-7dd1-4c49-a62e-4321f7c724ce@group-8A50825628BE:LeaderElection198] INFO  impl.RaftServerImpl (ServerState.java:setLeader(253)) - de4ca06f-7dd1-4c49-a62e-4321f7c724ce@group-8A50825628BE: change Leader from null to de4ca06f-7dd1-4c49-a62e-4321f7c724ce at term 1 for becomeLeader, leader elected after 5113ms
2019-09-26 10:49:00,699 [7c3babc5-8207-4c42-8723-9fc09bd813a2@group-165458435BED:LeaderElection199] INFO  server.RaftServerConfigKeys (ConfUtils.java:logGet(43)) - raft.server.staging.catchup.gap = 1000 (default)
2019-09-26 10:49:00,699 [de4ca06f-7dd1-4c49-a62e-4321f7c724ce@group-8A50825628BE:LeaderElection198] INFO  server.RaftServerConfigKeys (ConfUtils.java:logGet(43)) - raft.server.staging.catchup.gap = 1000 (default)
2019-09-26 10:49:00,699 [7c3babc5-8207-4c42-8723-9fc09bd813a2@group-165458435BED:LeaderElection199] INFO  server.RaftServerConfigKeys (ConfUtils.java:logGet(43)) - raft.server.rpc.sleep.time = 25ms (default)
2019-09-26 10:49:00,699 [de4ca06f-7dd1-4c49-a62e-4321f7c724ce@group-8A50825628BE:LeaderElection198] INFO  server.RaftServerConfigKeys (ConfUtils.java:logGet(43)) - raft.server.rpc.sleep.time = 25ms (default)
2019-09-26 10:49:00,699 [7c3babc5-8207-4c42-8723-9fc09bd813a2@group-165458435BED:LeaderElection199] INFO  server.RaftServerConfigKeys (ConfUtils.java:logGet(43)) - raft.server.write.element-limit = 4096 (default)
2019-09-26 10:49:00,700 [de4ca06f-7dd1-4c49-a62e-4321f7c724ce@group-8A50825628BE:LeaderElection198] INFO  server.RaftServerConfigKeys (ConfUtils.java:logGet(43)) - raft.server.write.element-limit = 4096 (default)
2019-09-26 10:49:00,700 [7c3babc5-8207-4c42-8723-9fc09bd813a2@group-165458435BED:LeaderElection199] INFO  server.RaftServerConfigKeys (ConfUtils.java:logGet(43)) - raft.server.watch.timeout = 10s (default)
2019-09-26 10:49:00,700 [de4ca06f-7dd1-4c49-a62e-4321f7c724ce@group-8A50825628BE:LeaderElection198] INFO  server.RaftServerConfigKeys (ConfUtils.java:logGet(43)) - raft.server.watch.timeout = 10s (default)
2019-09-26 10:49:00,700 [7c3babc5-8207-4c42-8723-9fc09bd813a2@group-165458435BED:LeaderElection199] INFO  server.RaftServerConfigKeys (ConfUtils.java:logGet(43)) - raft.server.watch.timeout.denomination = 1s (default)
2019-09-26 10:49:00,700 [de4ca06f-7dd1-4c49-a62e-4321f7c724ce@group-8A50825628BE:LeaderElection198] INFO  server.RaftServerConfigKeys (ConfUtils.java:logGet(43)) - raft.server.watch.timeout.denomination = 1s (default)
2019-09-26 10:49:00,700 [7c3babc5-8207-4c42-8723-9fc09bd813a2@group-165458435BED:LeaderElection199] INFO  server.RaftServerConfigKeys (ConfUtils.java:logGet(43)) - raft.server.watch.element-limit = 65536 (default)
2019-09-26 10:49:00,700 [de4ca06f-7dd1-4c49-a62e-4321f7c724ce@group-8A50825628BE:LeaderElection198] INFO  server.RaftServerConfigKeys (ConfUtils.java:logGet(43)) - raft.server.watch.element-limit = 65536 (default)
2019-09-26 10:49:00,702 [7c3babc5-8207-4c42-8723-9fc09bd813a2@group-165458435BED:LeaderElection199] INFO  impl.RoleInfo (RoleInfo.java:updateAndGet(143)) - 7c3babc5-8207-4c42-8723-9fc09bd813a2: start LeaderState
2019-09-26 10:49:00,703 [7c3babc5-8207-4c42-8723-9fc09bd813a2@group-165458435BED:LeaderElection199] INFO  segmented.SegmentedRaftLogWorker (SegmentedRaftLogWorker.java:startLogSegment(380)) - 7c3babc5-8207-4c42-8723-9fc09bd813a2@group-165458435BED-SegmentedRaftLogWorker: Starting segment from index:0
2019-09-26 10:49:00,703 [de4ca06f-7dd1-4c49-a62e-4321f7c724ce@group-8A50825628BE:LeaderElection198] INFO  impl.RoleInfo (RoleInfo.java:updateAndGet(143)) - de4ca06f-7dd1-4c49-a62e-4321f7c724ce: start LeaderState
2019-09-26 10:49:00,703 [de4ca06f-7dd1-4c49-a62e-4321f7c724ce@group-8A50825628BE:LeaderElection198] INFO  segmented.SegmentedRaftLogWorker (SegmentedRaftLogWorker.java:startLogSegment(380)) - de4ca06f-7dd1-4c49-a62e-4321f7c724ce@group-8A50825628BE-SegmentedRaftLogWorker: Starting segment from index:0
2019-09-26 10:49:00,703 [7c3babc5-8207-4c42-8723-9fc09bd813a2@group-165458435BED:LeaderElection199] INFO  impl.RaftServerImpl (ServerState.java:setRaftConf(354)) - 7c3babc5-8207-4c42-8723-9fc09bd813a2@group-165458435BED: set configuration 0: [7c3babc5-8207-4c42-8723-9fc09bd813a2:192.168.30.13:45472], old=null at 0
2019-09-26 10:49:01,426 [Thread-3120] WARN  util.JavaUtils (JavaUtils.java:sleep(250)) - Unexpected long sleep: sleep(5180ms) actually took 5752ms which is over the threshold 300ms
2019-09-26 10:49:01,426 [Thread-3141] WARN  util.JavaUtils (JavaUtils.java:sleep(250)) - Unexpected long sleep: sleep(5064ms) actually took 5452ms which is over the threshold 300ms
2019-09-26 10:49:01,427 [Thread-3126] WARN  util.JavaUtils (JavaUtils.java:sleep(250)) - Unexpected long sleep: sleep(5140ms) actually took 5669ms which is over the threshold 300ms
2019-09-26 10:49:01,426 [Thread-3138] WARN  util.JavaUtils (JavaUtils.java:sleep(250)) - Unexpected long sleep: sleep(5057ms) actually took 5496ms which is over the threshold 300ms
2019-09-26 10:49:01,426 [Thread-3135] WARN  util.JavaUtils (JavaUtils.java:sleep(250)) - Unexpected long sleep: sleep(5136ms) actually took 5538ms which is over the threshold 300ms
2019-09-26 10:49:01,427 [Thread-3129] WARN  util.JavaUtils (JavaUtils.java:sleep(250)) - Unexpected long sleep: sleep(5063ms) actually took 5623ms which is over the threshold 300ms
2019-09-26 10:49:01,427 [Thread-3144] INFO  impl.FollowerState (FollowerState.java:run(106)) - d8c8cef8-9a6a-4c7a-82e9-31382e1ae247:group-893259621B1B changes to CANDIDATE, lastRpcTime:5410, electionTimeout:5123ms
2019-09-26 10:49:01,427 [Thread-3132] WARN  util.JavaUtils (JavaUtils.java:sleep(250)) - Unexpected long sleep: sleep(5048ms) actually took 5581ms which is over the threshold 300ms
2019-09-26 10:49:01,433 [Thread-3144] INFO  impl.RoleInfo (RoleInfo.java:shutdownFollowerState(121)) - d8c8cef8-9a6a-4c7a-82e9-31382e1ae247: shutdown FollowerState
2019-09-26 10:49:01,433 [Thread-3111] WARN  util.JavaUtils (JavaUtils.java:sleep(250)) - Unexpected long sleep: sleep(5200ms) actually took 5879ms which is over the threshold 300ms
2019-09-26 10:49:01,432 [Thread-3123] WARN  util.JavaUtils (JavaUtils.java:sleep(250)) - Unexpected long sleep: sleep(5075ms) actually took 5712ms which is over the threshold 300ms
2019-09-26 10:49:01,433 [de4ca06f-7dd1-4c49-a62e-4321f7c724ce@group-8A50825628BE:LeaderElection198] INFO  impl.RaftServerImpl (ServerState.java:setRaftConf(354)) - de4ca06f-7dd1-4c49-a62e-4321f7c724ce@group-8A50825628BE: set configuration 0: [de4ca06f-7dd1-4c49-a62e-4321f7c724ce:192.168.30.13:43778], old=null at 0
2019-09-26 10:49:01,433 [Thread-3144] INFO  impl.RaftServerImpl (RaftServerImpl.java:setRole(174)) - d8c8cef8-9a6a-4c7a-82e9-31382e1ae247@group-893259621B1B: changes role from  FOLLOWER to CANDIDATE at term 0 for changeToCandidate
2019-09-26 10:49:01,433 [Thread-3144] INFO  impl.RoleInfo (RoleInfo.java:updateAndGet(143)) - d8c8cef8-9a6a-4c7a-82e9-31382e1ae247: start LeaderElection
2019-09-26 10:49:01,479 [7c3babc5-8207-4c42-8723-9fc09bd813a2@group-165458435BED-SegmentedRaftLogWorker] INFO  segmented.SegmentedRaftLogWorker (SegmentedRaftLogWorker.java:execute(569)) - 7c3babc5-8207-4c42-8723-9fc09bd813a2@group-165458435BED-SegmentedRaftLogWorker: created new log segment /workdir/hadoop-ozone/ozonefs/target/test-dir/MiniOzoneClusterImpl-bf023d99-d452-41c9-bfe9-395987bceec1/datanode-0/data/ratis/97b7686d-d0c7-4ec5-b414-165458435bed/current/log_inprogress_0
2019-09-26 10:49:01,491 [de4ca06f-7dd1-4c49-a62e-4321f7c724ce@group-8A50825628BE-SegmentedRaftLogWorker] INFO  segmented.SegmentedRaftLogWorker (SegmentedRaftLogWorker.java:execute(569)) - de4ca06f-7dd1-4c49-a62e-4321f7c724ce@group-8A50825628BE-SegmentedRaftLogWorker: created new log segment /workdir/hadoop-ozone/ozonefs/target/test-dir/MiniOzoneClusterImpl-bf023d99-d452-41c9-bfe9-395987bceec1/datanode-1/data/ratis/650af352-853f-4c10-83f9-8a50825628be/current/log_inprogress_0
2019-09-26 10:49:01,588 [d8c8cef8-9a6a-4c7a-82e9-31382e1ae247@group-893259621B1B:LeaderElection200] INFO  impl.LeaderElection (LeaderElection.java:askForVotes(182)) - d8c8cef8-9a6a-4c7a-82e9-31382e1ae247@group-893259621B1B:LeaderElection200: begin an election at term 1 for -1: [d8c8cef8-9a6a-4c7a-82e9-31382e1ae247:192.168.30.13:45619], old=null
2019-09-26 10:49:01,588 [d8c8cef8-9a6a-4c7a-82e9-31382e1ae247@group-893259621B1B:LeaderElection200] INFO  impl.RoleInfo (RoleInfo.java:shutdownLeaderElection(134)) - d8c8cef8-9a6a-4c7a-82e9-31382e1ae247: shutdown LeaderElection
2019-09-26 10:49:01,588 [d8c8cef8-9a6a-4c7a-82e9-31382e1ae247@group-893259621B1B:LeaderElection200] INFO  impl.RaftServerImpl (RaftServerImpl.java:setRole(174)) - d8c8cef8-9a6a-4c7a-82e9-31382e1ae247@group-893259621B1B: changes role from CANDIDATE to LEADER at term 1 for changeToLeader
2019-09-26 10:49:01,588 [d8c8cef8-9a6a-4c7a-82e9-31382e1ae247@group-893259621B1B:LeaderElection200] INFO  impl.RaftServerImpl (ServerState.java:setLeader(253)) - d8c8cef8-9a6a-4c7a-82e9-31382e1ae247@group-893259621B1B: change Leader from null to d8c8cef8-9a6a-4c7a-82e9-31382e1ae247 at term 1 for becomeLeader, leader elected after 5577ms
2019-09-26 10:49:01,589 [main] INFO  ozoneimpl.OzoneContainer (OzoneContainer.java:stop(231)) - Attempting to stop container services.
2019-09-26 10:49:01,589 [d8c8cef8-9a6a-4c7a-82e9-31382e1ae247@group-893259621B1B:LeaderElection200] INFO  server.RaftServerConfigKeys (ConfUtils.java:logGet(43)) - raft.server.staging.catchup.gap = 1000 (default)
2019-09-26 10:49:01,595 [d8c8cef8-9a6a-4c7a-82e9-31382e1ae247@group-893259621B1B:LeaderElection200] INFO  server.RaftServerConfigKeys (ConfUtils.java:logGet(43)) - raft.server.rpc.sleep.time = 25ms (default)
2019-09-26 10:49:01,595 [d8c8cef8-9a6a-4c7a-82e9-31382e1ae247@group-893259621B1B:LeaderElection200] INFO  server.RaftServerConfigKeys (ConfUtils.java:logGet(43)) - raft.server.write.element-limit = 4096 (default)
2019-09-26 10:49:01,595 [d8c8cef8-9a6a-4c7a-82e9-31382e1ae247@group-893259621B1B:LeaderElection200] INFO  server.RaftServerConfigKeys (ConfUtils.java:logGet(43)) - raft.server.watch.timeout = 10s (default)
2019-09-26 10:49:01,595 [d8c8cef8-9a6a-4c7a-82e9-31382e1ae247@group-893259621B1B:LeaderElection200] INFO  server.RaftServerConfigKeys (ConfUtils.java:logGet(43)) - raft.server.watch.timeout.denomination = 1s (default)
2019-09-26 10:49:01,595 [d8c8cef8-9a6a-4c7a-82e9-31382e1ae247@group-893259621B1B:LeaderElection200] INFO  server.RaftServerConfigKeys (ConfUtils.java:logGet(43)) - raft.server.watch.element-limit = 65536 (default)
2019-09-26 10:49:01,609 [main] INFO  impl.RaftServerProxy (RaftServerProxy.java:lambda$close$4(314)) - de4ca06f-7dd1-4c49-a62e-4321f7c724ce: close
2019-09-26 10:49:01,623 [main] INFO  impl.RaftServerImpl (RaftServerImpl.java:lambda$shutdown$3(251)) - de4ca06f-7dd1-4c49-a62e-4321f7c724ce@group-8A50825628BE: shutdown
2019-09-26 10:49:01,623 [main] INFO  util.JmxRegister (JmxRegister.java:unregister(73)) - Successfully un-registered JMX Bean with object name Ratis:service=RaftServer,group=group-8A50825628BE,id=de4ca06f-7dd1-4c49-a62e-4321f7c724ce
2019-09-26 10:49:01,623 [main] INFO  impl.RoleInfo (RoleInfo.java:shutdownLeaderState(104)) - de4ca06f-7dd1-4c49-a62e-4321f7c724ce: shutdown LeaderState
2019-09-26 10:49:01,630 [main] INFO  impl.PendingRequests (PendingRequests.java:sendNotLeaderResponses(202)) - de4ca06f-7dd1-4c49-a62e-4321f7c724ce-PendingRequests: sendNotLeaderResponses
2019-09-26 10:49:01,631 [main] INFO  impl.StateMachineUpdater (StateMachineUpdater.java:stopAndJoin(125)) - de4ca06f-7dd1-4c49-a62e-4321f7c724ce@group-8A50825628BE-StateMachineUpdater: set stopIndex = 0
2019-09-26 10:49:01,634 [main] INFO  impl.RaftServerImpl (ServerState.java:close(385)) - de4ca06f-7dd1-4c49-a62e-4321f7c724ce@group-8A50825628BE: closes. applyIndex: 0
2019-09-26 10:49:01,642 [de4ca06f-7dd1-4c49-a62e-4321f7c724ce@group-8A50825628BE-SegmentedRaftLogWorker] INFO  segmented.SegmentedRaftLogWorker (SegmentedRaftLogWorker.java:run(313)) - de4ca06f-7dd1-4c49-a62e-4321f7c724ce@group-8A50825628BE-SegmentedRaftLogWorker was interrupted, exiting. There are 0 tasks remaining in the queue.
2019-09-26 10:49:01,642 [main] INFO  segmented.SegmentedRaftLogWorker (SegmentedRaftLogWorker.java:close(228)) - de4ca06f-7dd1-4c49-a62e-4321f7c724ce@group-8A50825628BE-SegmentedRaftLogWorker close()
2019-09-26 10:49:01,650 [main] INFO  impl.RaftServerImpl (RaftServerImpl.java:lambda$shutdown$3(251)) - de4ca06f-7dd1-4c49-a62e-4321f7c724ce@group-5EF67E5986A5: shutdown
2019-09-26 10:49:01,651 [ForkJoinPool.commonPool-worker-1] INFO  ozoneimpl.OzoneContainer (OzoneContainer.java:stop(231)) - Attempting to stop container services.
2019-09-26 10:49:01,651 [main] INFO  util.JmxRegister (JmxRegister.java:unregister(73)) - Successfully un-registered JMX Bean with object name Ratis:service=RaftServer,group=group-5EF67E5986A5,id=de4ca06f-7dd1-4c49-a62e-4321f7c724ce
2019-09-26 10:49:01,650 [d8c8cef8-9a6a-4c7a-82e9-31382e1ae247@group-893259621B1B:LeaderElection200] INFO  impl.RoleInfo (RoleInfo.java:updateAndGet(143)) - d8c8cef8-9a6a-4c7a-82e9-31382e1ae247: start LeaderState
2019-09-26 10:49:01,651 [main] INFO  impl.RoleInfo (RoleInfo.java:shutdownLeaderState(104)) - de4ca06f-7dd1-4c49-a62e-4321f7c724ce: shutdown LeaderState
2019-09-26 10:49:01,651 [ForkJoinPool.commonPool-worker-1] INFO  impl.RaftServerProxy (RaftServerProxy.java:lambda$close$4(314)) - 7c3babc5-8207-4c42-8723-9fc09bd813a2: close
2019-09-26 10:49:01,652 [main] INFO  impl.PendingRequests (PendingRequests.java:sendNotLeaderResponses(202)) - de4ca06f-7dd1-4c49-a62e-4321f7c724ce-PendingRequests: sendNotLeaderResponses
2019-09-26 10:49:01,651 [d8c8cef8-9a6a-4c7a-82e9-31382e1ae247@group-893259621B1B:LeaderElection200] INFO  segmented.SegmentedRaftLogWorker (SegmentedRaftLogWorker.java:startLogSegment(380)) - d8c8cef8-9a6a-4c7a-82e9-31382e1ae247@group-893259621B1B-SegmentedRaftLogWorker: Starting segment from index:0
2019-09-26 10:49:01,654 [ForkJoinPool.commonPool-worker-1] INFO  impl.RaftServerImpl (RaftServerImpl.java:lambda$shutdown$3(251)) - 7c3babc5-8207-4c42-8723-9fc09bd813a2@group-DF52B807AFDE: shutdown
2019-09-26 10:49:01,652 [main] INFO  impl.StateMachineUpdater (StateMachineUpdater.java:stopAndJoin(125)) - de4ca06f-7dd1-4c49-a62e-4321f7c724ce@group-5EF67E5986A5-StateMachineUpdater: set stopIndex = 0
2019-09-26 10:49:01,655 [ForkJoinPool.commonPool-worker-1] INFO  util.JmxRegister (JmxRegister.java:unregister(73)) - Successfully un-registered JMX Bean with object name Ratis:service=RaftServer,group=group-DF52B807AFDE,id=7c3babc5-8207-4c42-8723-9fc09bd813a2
2019-09-26 10:49:01,655 [main] INFO  impl.RaftServerImpl (ServerState.java:close(385)) - de4ca06f-7dd1-4c49-a62e-4321f7c724ce@group-5EF67E5986A5: closes. applyIndex: 0
2019-09-26 10:49:01,655 [ForkJoinPool.commonPool-worker-1] INFO  impl.RoleInfo (RoleInfo.java:shutdownLeaderState(104)) - 7c3babc5-8207-4c42-8723-9fc09bd813a2: shutdown LeaderState
2019-09-26 10:49:01,656 [ForkJoinPool.commonPool-worker-1] INFO  impl.PendingRequests (PendingRequests.java:sendNotLeaderResponses(202)) - 7c3babc5-8207-4c42-8723-9fc09bd813a2-PendingRequests: sendNotLeaderResponses
2019-09-26 10:49:01,656 [ForkJoinPool.commonPool-worker-1] INFO  impl.StateMachineUpdater (StateMachineUpdater.java:stopAndJoin(125)) - 7c3babc5-8207-4c42-8723-9fc09bd813a2@group-DF52B807AFDE-StateMachineUpdater: set stopIndex = 0
2019-09-26 10:49:01,656 [ForkJoinPool.commonPool-worker-1] INFO  impl.RaftServerImpl (ServerState.java:close(385)) - 7c3babc5-8207-4c42-8723-9fc09bd813a2@group-DF52B807AFDE: closes. applyIndex: 0
2019-09-26 10:49:01,661 [de4ca06f-7dd1-4c49-a62e-4321f7c724ce@group-5EF67E5986A5-SegmentedRaftLogWorker] INFO  segmented.SegmentedRaftLogWorker (SegmentedRaftLogWorker.java:run(313)) - de4ca06f-7dd1-4c49-a62e-4321f7c724ce@group-5EF67E5986A5-SegmentedRaftLogWorker was interrupted, exiting. There are 0 tasks remaining in the queue.
2019-09-26 10:49:01,661 [7c3babc5-8207-4c42-8723-9fc09bd813a2@group-DF52B807AFDE-SegmentedRaftLogWorker] INFO  segmented.SegmentedRaftLogWorker (SegmentedRaftLogWorker.java:run(313)) - 7c3babc5-8207-4c42-8723-9fc09bd813a2@group-DF52B807AFDE-SegmentedRaftLogWorker was interrupted, exiting. There are 0 tasks remaining in the queue.
2019-09-26 10:49:01,661 [d8c8cef8-9a6a-4c7a-82e9-31382e1ae247@group-893259621B1B:LeaderElection200] INFO  impl.RaftServerImpl (ServerState.java:setRaftConf(354)) - d8c8cef8-9a6a-4c7a-82e9-31382e1ae247@group-893259621B1B: set configuration 0: [d8c8cef8-9a6a-4c7a-82e9-31382e1ae247:192.168.30.13:45619], old=null at 0
2019-09-26 10:49:01,661 [main] INFO  segmented.SegmentedRaftLogWorker (SegmentedRaftLogWorker.java:close(228)) - de4ca06f-7dd1-4c49-a62e-4321f7c724ce@group-5EF67E5986A5-SegmentedRaftLogWorker close()
2019-09-26 10:49:01,662 [ForkJoinPool.commonPool-worker-1] INFO  segmented.SegmentedRaftLogWorker (SegmentedRaftLogWorker.java:close(228)) - 7c3babc5-8207-4c42-8723-9fc09bd813a2@group-DF52B807AFDE-SegmentedRaftLogWorker close()
2019-09-26 10:49:01,668 [main] INFO  impl.RaftServerImpl (RaftServerImpl.java:lambda$shutdown$3(251)) - de4ca06f-7dd1-4c49-a62e-4321f7c724ce@group-291D0B20CE08: shutdown
2019-09-26 10:49:01,720 [main] INFO  util.JmxRegister (JmxRegister.java:unregister(73)) - Successfully un-registered JMX Bean with object name Ratis:service=RaftServer,group=group-291D0B20CE08,id=de4ca06f-7dd1-4c49-a62e-4321f7c724ce
2019-09-26 10:49:01,709 [ForkJoinPool.commonPool-worker-1] INFO  impl.RaftServerImpl (RaftServerImpl.java:lambda$shutdown$3(251)) - 7c3babc5-8207-4c42-8723-9fc09bd813a2@group-EE1CCC669682: shutdown
2019-09-26 10:49:01,720 [main] INFO  impl.RoleInfo (RoleInfo.java:shutdownFollowerState(121)) - de4ca06f-7dd1-4c49-a62e-4321f7c724ce: shutdown FollowerState
2019-09-26 10:49:01,720 [ForkJoinPool.commonPool-worker-1] INFO  util.JmxRegister (JmxRegister.java:unregister(73)) - Successfully un-registered JMX Bean with object name Ratis:service=RaftServer,group=group-EE1CCC669682,id=7c3babc5-8207-4c42-8723-9fc09bd813a2
2019-09-26 10:49:01,721 [main] INFO  impl.StateMachineUpdater (StateMachineUpdater.java:stopAndJoin(125)) - de4ca06f-7dd1-4c49-a62e-4321f7c724ce@group-291D0B20CE08-StateMachineUpdater: set stopIndex = -1
2019-09-26 10:49:01,721 [ForkJoinPool.commonPool-worker-1] INFO  impl.RoleInfo (RoleInfo.java:shutdownLeaderState(104)) - 7c3babc5-8207-4c42-8723-9fc09bd813a2: shutdown LeaderState
2019-09-26 10:49:01,721 [ForkJoinPool.commonPool-worker-1] INFO  impl.PendingRequests (PendingRequests.java:sendNotLeaderResponses(202)) - 7c3babc5-8207-4c42-8723-9fc09bd813a2-PendingRequests: sendNotLeaderResponses
2019-09-26 10:49:01,722 [ForkJoinPool.commonPool-worker-1] INFO  impl.StateMachineUpdater (StateMachineUpdater.java:stopAndJoin(125)) - 7c3babc5-8207-4c42-8723-9fc09bd813a2@group-EE1CCC669682-StateMachineUpdater: set stopIndex = 0
2019-09-26 10:49:01,722 [ForkJoinPool.commonPool-worker-1] INFO  impl.RaftServerImpl (ServerState.java:close(385)) - 7c3babc5-8207-4c42-8723-9fc09bd813a2@group-EE1CCC669682: closes. applyIndex: 0
2019-09-26 10:49:01,722 [d8c8cef8-9a6a-4c7a-82e9-31382e1ae247@group-893259621B1B-SegmentedRaftLogWorker] INFO  segmented.SegmentedRaftLogWorker (SegmentedRaftLogWorker.java:execute(569)) - d8c8cef8-9a6a-4c7a-82e9-31382e1ae247@group-893259621B1B-SegmentedRaftLogWorker: created new log segment /workdir/hadoop-ozone/ozonefs/target/test-dir/MiniOzoneClusterImpl-bf023d99-d452-41c9-bfe9-395987bceec1/datanode-2/data/ratis/67e0666e-b6c0-4bc2-bb58-893259621b1b/current/log_inprogress_0
2019-09-26 10:49:01,723 [7c3babc5-8207-4c42-8723-9fc09bd813a2@group-EE1CCC669682-SegmentedRaftLogWorker] INFO  segmented.SegmentedRaftLogWorker (SegmentedRaftLogWorker.java:run(313)) - 7c3babc5-8207-4c42-8723-9fc09bd813a2@group-EE1CCC669682-SegmentedRaftLogWorker was interrupted, exiting. There are 0 tasks remaining in the queue.
2019-09-26 10:49:01,723 [ForkJoinPool.commonPool-worker-1] INFO  segmented.SegmentedRaftLogWorker (SegmentedRaftLogWorker.java:close(228)) - 7c3babc5-8207-4c42-8723-9fc09bd813a2@group-EE1CCC669682-SegmentedRaftLogWorker close()
2019-09-26 10:49:01,728 [ForkJoinPool.commonPool-worker-1] INFO  impl.RaftServerImpl (RaftServerImpl.java:lambda$shutdown$3(251)) - 7c3babc5-8207-4c42-8723-9fc09bd813a2@group-F112721E17AF: shutdown
2019-09-26 10:49:01,728 [main] INFO  impl.RaftServerImpl (ServerState.java:close(385)) - de4ca06f-7dd1-4c49-a62e-4321f7c724ce@group-291D0B20CE08: closes. applyIndex: -1
2019-09-26 10:49:01,728 [ForkJoinPool.commonPool-worker-1] INFO  util.JmxRegister (JmxRegister.java:unregister(73)) - Successfully un-registered JMX Bean with object name Ratis:service=RaftServer,group=group-F112721E17AF,id=7c3babc5-8207-4c42-8723-9fc09bd813a2
2019-09-26 10:49:01,728 [Thread-3120] INFO  impl.FollowerState (FollowerState.java:run(115)) - de4ca06f-7dd1-4c49-a62e-4321f7c724ce: FollowerState was interrupted: java.lang.InterruptedException: sleep interrupted
2019-09-26 10:49:01,729 [ForkJoinPool.commonPool-worker-1] INFO  impl.RoleInfo (RoleInfo.java:shutdownLeaderState(104)) - 7c3babc5-8207-4c42-8723-9fc09bd813a2: shutdown LeaderState
2019-09-26 10:49:01,737 [de4ca06f-7dd1-4c49-a62e-4321f7c724ce@group-291D0B20CE08-SegmentedRaftLogWorker] INFO  segmented.SegmentedRaftLogWorker (SegmentedRaftLogWorker.java:run(313)) - de4ca06f-7dd1-4c49-a62e-4321f7c724ce@group-291D0B20CE08-SegmentedRaftLogWorker was interrupted, exiting. There are 0 tasks remaining in the queue.
2019-09-26 10:49:01,737 [ForkJoinPool.commonPool-worker-1] INFO  impl.PendingRequests (PendingRequests.java:sendNotLeaderResponses(202)) - 7c3babc5-8207-4c42-8723-9fc09bd813a2-PendingRequests: sendNotLeaderResponses
2019-09-26 10:49:01,737 [main] INFO  segmented.SegmentedRaftLogWorker (SegmentedRaftLogWorker.java:close(228)) - de4ca06f-7dd1-4c49-a62e-4321f7c724ce@group-291D0B20CE08-SegmentedRaftLogWorker close()
2019-09-26 10:49:01,737 [ForkJoinPool.commonPool-worker-1] INFO  impl.StateMachineUpdater (StateMachineUpdater.java:stopAndJoin(125)) - 7c3babc5-8207-4c42-8723-9fc09bd813a2@group-F112721E17AF-StateMachineUpdater: set stopIndex = 0
2019-09-26 10:49:01,745 [main] INFO  impl.RaftServerImpl (RaftServerImpl.java:lambda$shutdown$3(251)) - de4ca06f-7dd1-4c49-a62e-4321f7c724ce@group-911FBF8D8995: shutdown
2019-09-26 10:49:01,745 [main] INFO  util.JmxRegister (JmxRegister.java:unregister(73)) - Successfully un-registered JMX Bean with object name Ratis:service=RaftServer,group=group-911FBF8D8995,id=de4ca06f-7dd1-4c49-a62e-4321f7c724ce
2019-09-26 10:49:01,746 [main] INFO  impl.RoleInfo (RoleInfo.java:shutdownFollowerState(121)) - de4ca06f-7dd1-4c49-a62e-4321f7c724ce: shutdown FollowerState
2019-09-26 10:49:01,745 [ForkJoinPool.commonPool-worker-1] INFO  impl.RaftServerImpl (ServerState.java:close(385)) - 7c3babc5-8207-4c42-8723-9fc09bd813a2@group-F112721E17AF: closes. applyIndex: 0
2019-09-26 10:49:01,746 [Thread-3132] INFO  impl.FollowerState (FollowerState.java:run(115)) - de4ca06f-7dd1-4c49-a62e-4321f7c724ce: FollowerState was interrupted: java.lang.InterruptedException: sleep interrupted
2019-09-26 10:49:01,746 [main] INFO  impl.StateMachineUpdater (StateMachineUpdater.java:stopAndJoin(125)) - de4ca06f-7dd1-4c49-a62e-4321f7c724ce@group-911FBF8D8995-StateMachineUpdater: set stopIndex = -1
2019-09-26 10:49:01,747 [7c3babc5-8207-4c42-8723-9fc09bd813a2@group-F112721E17AF-SegmentedRaftLogWorker] INFO  segmented.SegmentedRaftLogWorker (SegmentedRaftLogWorker.java:run(313)) - 7c3babc5-8207-4c42-8723-9fc09bd813a2@group-F112721E17AF-SegmentedRaftLogWorker was interrupted, exiting. There are 0 tasks remaining in the queue.
2019-09-26 10:49:01,753 [main] INFO  impl.RaftServerImpl (ServerState.java:close(385)) - de4ca06f-7dd1-4c49-a62e-4321f7c724ce@group-911FBF8D8995: closes. applyIndex: -1
2019-09-26 10:49:01,753 [ForkJoinPool.commonPool-worker-1] INFO  segmented.SegmentedRaftLogWorker (SegmentedRaftLogWorker.java:close(228)) - 7c3babc5-8207-4c42-8723-9fc09bd813a2@group-F112721E17AF-SegmentedRaftLogWorker close()
2019-09-26 10:49:01,762 [ForkJoinPool.commonPool-worker-1] INFO  impl.RaftServerImpl (RaftServerImpl.java:lambda$shutdown$3(251)) - 7c3babc5-8207-4c42-8723-9fc09bd813a2@group-165458435BED: shutdown
2019-09-26 10:49:01,762 [de4ca06f-7dd1-4c49-a62e-4321f7c724ce@group-911FBF8D8995-SegmentedRaftLogWorker] INFO  segmented.SegmentedRaftLogWorker (SegmentedRaftLogWorker.java:run(313)) - de4ca06f-7dd1-4c49-a62e-4321f7c724ce@group-911FBF8D8995-SegmentedRaftLogWorker was interrupted, exiting. There are 0 tasks remaining in the queue.
2019-09-26 10:49:01,762 [ForkJoinPool.commonPool-worker-1] INFO  util.JmxRegister (JmxRegister.java:unregister(73)) - Successfully un-registered JMX Bean with object name Ratis:service=RaftServer,group=group-165458435BED,id=7c3babc5-8207-4c42-8723-9fc09bd813a2
2019-09-26 10:49:01,763 [main] INFO  segmented.SegmentedRaftLogWorker (SegmentedRaftLogWorker.java:close(228)) - de4ca06f-7dd1-4c49-a62e-4321f7c724ce@group-911FBF8D8995-SegmentedRaftLogWorker close()
2019-09-26 10:49:01,763 [ForkJoinPool.commonPool-worker-1] INFO  impl.RoleInfo (RoleInfo.java:shutdownLeaderState(104)) - 7c3babc5-8207-4c42-8723-9fc09bd813a2: shutdown LeaderState
2019-09-26 10:49:01,772 [main] INFO  impl.RaftServerImpl (RaftServerImpl.java:lambda$shutdown$3(251)) - de4ca06f-7dd1-4c49-a62e-4321f7c724ce@group-7019D09E3CE4: shutdown
2019-09-26 10:49:01,773 [ForkJoinPool.commonPool-worker-1] INFO  impl.PendingRequests (PendingRequests.java:sendNotLeaderResponses(202)) - 7c3babc5-8207-4c42-8723-9fc09bd813a2-PendingRequests: sendNotLeaderResponses
2019-09-26 10:49:01,773 [main] INFO  util.JmxRegister (JmxRegister.java:unregister(73)) - Successfully un-registered JMX Bean with object name Ratis:service=RaftServer,group=group-7019D09E3CE4,id=de4ca06f-7dd1-4c49-a62e-4321f7c724ce
2019-09-26 10:49:01,774 [main] INFO  impl.RoleInfo (RoleInfo.java:shutdownFollowerState(121)) - de4ca06f-7dd1-4c49-a62e-4321f7c724ce: shutdown FollowerState
2019-09-26 10:49:01,774 [main] INFO  impl.StateMachineUpdater (StateMachineUpdater.java:stopAndJoin(125)) - de4ca06f-7dd1-4c49-a62e-4321f7c724ce@group-7019D09E3CE4-StateMachineUpdater: set stopIndex = -1
2019-09-26 10:49:01,773 [ForkJoinPool.commonPool-worker-1] INFO  impl.StateMachineUpdater (StateMachineUpdater.java:stopAndJoin(125)) - 7c3babc5-8207-4c42-8723-9fc09bd813a2@group-165458435BED-StateMachineUpdater: set stopIndex = 0
2019-09-26 10:49:01,774 [Thread-3126] INFO  impl.FollowerState (FollowerState.java:run(115)) - de4ca06f-7dd1-4c49-a62e-4321f7c724ce: FollowerState was interrupted: java.lang.InterruptedException: sleep interrupted
2019-09-26 10:49:01,775 [ForkJoinPool.commonPool-worker-1] INFO  impl.RaftServerImpl (ServerState.java:close(385)) - 7c3babc5-8207-4c42-8723-9fc09bd813a2@group-165458435BED: closes. applyIndex: 0
2019-09-26 10:49:01,779 [main] INFO  impl.RaftServerImpl (ServerState.java:close(385)) - de4ca06f-7dd1-4c49-a62e-4321f7c724ce@group-7019D09E3CE4: closes. applyIndex: -1
2019-09-26 10:49:01,780 [7c3babc5-8207-4c42-8723-9fc09bd813a2@group-165458435BED-SegmentedRaftLogWorker] INFO  segmented.SegmentedRaftLogWorker (SegmentedRaftLogWorker.java:run(313)) - 7c3babc5-8207-4c42-8723-9fc09bd813a2@group-165458435BED-SegmentedRaftLogWorker was interrupted, exiting. There are 0 tasks remaining in the queue.
2019-09-26 10:49:01,780 [ForkJoinPool.commonPool-worker-1] INFO  segmented.SegmentedRaftLogWorker (SegmentedRaftLogWorker.java:close(228)) - 7c3babc5-8207-4c42-8723-9fc09bd813a2@group-165458435BED-SegmentedRaftLogWorker close()
2019-09-26 10:49:01,787 [ForkJoinPool.commonPool-worker-1] INFO  impl.RaftServerImpl (RaftServerImpl.java:lambda$shutdown$3(251)) - 7c3babc5-8207-4c42-8723-9fc09bd813a2@group-D451C565DF3C: shutdown
2019-09-26 10:49:01,788 [de4ca06f-7dd1-4c49-a62e-4321f7c724ce@group-7019D09E3CE4-SegmentedRaftLogWorker] INFO  segmented.SegmentedRaftLogWorker (SegmentedRaftLogWorker.java:run(313)) - de4ca06f-7dd1-4c49-a62e-4321f7c724ce@group-7019D09E3CE4-SegmentedRaftLogWorker was interrupted, exiting. There are 0 tasks remaining in the queue.
2019-09-26 10:49:01,788 [ForkJoinPool.commonPool-worker-1] INFO  util.JmxRegister (JmxRegister.java:unregister(73)) - Successfully un-registered JMX Bean with object name Ratis:service=RaftServer,group=group-D451C565DF3C,id=7c3babc5-8207-4c42-8723-9fc09bd813a2
2019-09-26 10:49:01,788 [main] INFO  segmented.SegmentedRaftLogWorker (SegmentedRaftLogWorker.java:close(228)) - de4ca06f-7dd1-4c49-a62e-4321f7c724ce@group-7019D09E3CE4-SegmentedRaftLogWorker close()
2019-09-26 10:49:01,788 [ForkJoinPool.commonPool-worker-1] INFO  impl.RoleInfo (RoleInfo.java:shutdownLeaderState(104)) - 7c3babc5-8207-4c42-8723-9fc09bd813a2: shutdown LeaderState
2019-09-26 10:49:01,794 [main] INFO  impl.RaftServerImpl (RaftServerImpl.java:lambda$shutdown$3(251)) - de4ca06f-7dd1-4c49-a62e-4321f7c724ce@group-A3C7421665E7: shutdown
2019-09-26 10:49:01,795 [ForkJoinPool.commonPool-worker-1] INFO  impl.PendingRequests (PendingRequests.java:sendNotLeaderResponses(202)) - 7c3babc5-8207-4c42-8723-9fc09bd813a2-PendingRequests: sendNotLeaderResponses
2019-09-26 10:49:01,795 [main] INFO  util.JmxRegister (JmxRegister.java:unregister(73)) - Successfully un-registered JMX Bean with object name Ratis:service=RaftServer,group=group-A3C7421665E7,id=de4ca06f-7dd1-4c49-a62e-4321f7c724ce
2019-09-26 10:49:01,795 [main] INFO  impl.RoleInfo (RoleInfo.java:shutdownFollowerState(121)) - de4ca06f-7dd1-4c49-a62e-4321f7c724ce: shutdown FollowerState
2019-09-26 10:49:01,795 [ForkJoinPool.commonPool-worker-1] INFO  impl.StateMachineUpdater (StateMachineUpdater.java:stopAndJoin(125)) - 7c3babc5-8207-4c42-8723-9fc09bd813a2@group-D451C565DF3C-StateMachineUpdater: set stopIndex = 0
2019-09-26 10:49:01,796 [ForkJoinPool.commonPool-worker-1] INFO  impl.RaftServerImpl (ServerState.java:close(385)) - 7c3babc5-8207-4c42-8723-9fc09bd813a2@group-D451C565DF3C: closes. applyIndex: 0
2019-09-26 10:49:01,796 [Thread-3129] INFO  impl.FollowerState (FollowerState.java:run(115)) - de4ca06f-7dd1-4c49-a62e-4321f7c724ce: FollowerState was interrupted: java.lang.InterruptedException: sleep interrupted
2019-09-26 10:49:01,796 [main] INFO  impl.StateMachineUpdater (StateMachineUpdater.java:stopAndJoin(125)) - de4ca06f-7dd1-4c49-a62e-4321f7c724ce@group-A3C7421665E7-StateMachineUpdater: set stopIndex = -1
2019-09-26 10:49:01,796 [7c3babc5-8207-4c42-8723-9fc09bd813a2@group-D451C565DF3C-SegmentedRaftLogWorker] INFO  segmented.SegmentedRaftLogWorker (SegmentedRaftLogWorker.java:run(313)) - 7c3babc5-8207-4c42-8723-9fc09bd813a2@group-D451C565DF3C-SegmentedRaftLogWorker was interrupted, exiting. There are 0 tasks remaining in the queue.
2019-09-26 10:49:01,802 [main] INFO  impl.RaftServerImpl (ServerState.java:close(385)) - de4ca06f-7dd1-4c49-a62e-4321f7c724ce@group-A3C7421665E7: closes. applyIndex: -1
2019-09-26 10:49:01,802 [ForkJoinPool.commonPool-worker-1] INFO  segmented.SegmentedRaftLogWorker (SegmentedRaftLogWorker.java:close(228)) - 7c3babc5-8207-4c42-8723-9fc09bd813a2@group-D451C565DF3C-SegmentedRaftLogWorker close()
2019-09-26 10:49:01,809 [ForkJoinPool.commonPool-worker-1] INFO  impl.RaftServerImpl (RaftServerImpl.java:lambda$shutdown$3(251)) - 7c3babc5-8207-4c42-8723-9fc09bd813a2@group-8C205114F935: shutdown
2019-09-26 10:49:01,809 [de4ca06f-7dd1-4c49-a62e-4321f7c724ce@group-A3C7421665E7-SegmentedRaftLogWorker] INFO  segmented.SegmentedRaftLogWorker (SegmentedRaftLogWorker.java:run(313)) - de4ca06f-7dd1-4c49-a62e-4321f7c724ce@group-A3C7421665E7-SegmentedRaftLogWorker was interrupted, exiting. There are 0 tasks remaining in the queue.
2019-09-26 10:49:01,809 [ForkJoinPool.commonPool-worker-1] INFO  util.JmxRegister (JmxRegister.java:unregister(73)) - Successfully un-registered JMX Bean with object name Ratis:service=RaftServer,group=group-8C205114F935,id=7c3babc5-8207-4c42-8723-9fc09bd813a2
2019-09-26 10:49:01,809 [main] INFO  segmented.SegmentedRaftLogWorker (SegmentedRaftLogWorker.java:close(228)) - de4ca06f-7dd1-4c49-a62e-4321f7c724ce@group-A3C7421665E7-SegmentedRaftLogWorker close()
2019-09-26 10:49:01,810 [ForkJoinPool.commonPool-worker-1] INFO  impl.RoleInfo (RoleInfo.java:shutdownLeaderState(104)) - 7c3babc5-8207-4c42-8723-9fc09bd813a2: shutdown LeaderState
2019-09-26 10:49:01,816 [main] INFO  server.GrpcService (GrpcService.java:closeImpl(164)) - de4ca06f-7dd1-4c49-a62e-4321f7c724ce: shutdown server with port 43778 now
2019-09-26 10:49:01,816 [ForkJoinPool.commonPool-worker-1] INFO  impl.PendingRequests (PendingRequests.java:sendNotLeaderResponses(202)) - 7c3babc5-8207-4c42-8723-9fc09bd813a2-PendingRequests: sendNotLeaderResponses
2019-09-26 10:49:01,817 [ForkJoinPool.commonPool-worker-1] INFO  impl.StateMachineUpdater (StateMachineUpdater.java:stopAndJoin(125)) - 7c3babc5-8207-4c42-8723-9fc09bd813a2@group-8C205114F935-StateMachineUpdater: set stopIndex = 0
2019-09-26 10:49:01,821 [ForkJoinPool.commonPool-worker-1] INFO  impl.RaftServerImpl (ServerState.java:close(385)) - 7c3babc5-8207-4c42-8723-9fc09bd813a2@group-8C205114F935: closes. applyIndex: 0
2019-09-26 10:49:01,822 [7c3babc5-8207-4c42-8723-9fc09bd813a2@group-8C205114F935-SegmentedRaftLogWorker] INFO  segmented.SegmentedRaftLogWorker (SegmentedRaftLogWorker.java:run(313)) - 7c3babc5-8207-4c42-8723-9fc09bd813a2@group-8C205114F935-SegmentedRaftLogWorker was interrupted, exiting. There are 0 tasks remaining in the queue.
2019-09-26 10:49:01,822 [ForkJoinPool.commonPool-worker-1] INFO  segmented.SegmentedRaftLogWorker (SegmentedRaftLogWorker.java:close(228)) - 7c3babc5-8207-4c42-8723-9fc09bd813a2@group-8C205114F935-SegmentedRaftLogWorker close()
2019-09-26 10:49:01,828 [ForkJoinPool.commonPool-worker-1] INFO  server.GrpcService (GrpcService.java:closeImpl(164)) - 7c3babc5-8207-4c42-8723-9fc09bd813a2: shutdown server with port 45472 now
2019-09-26 10:49:01,834 [main] INFO  server.GrpcService (GrpcService.java:closeImpl(172)) - de4ca06f-7dd1-4c49-a62e-4321f7c724ce: shutdown server with port 43778 successfully
2019-09-26 10:49:01,840 [ForkJoinPool.commonPool-worker-1] INFO  server.GrpcService (GrpcService.java:closeImpl(172)) - 7c3babc5-8207-4c42-8723-9fc09bd813a2: shutdown server with port 45472 successfully
2019-09-26 10:49:01,913 [refreshUsed-/workdir/hadoop-ozone/ozonefs/target/test-dir/MiniOzoneClusterImpl-bf023d99-d452-41c9-bfe9-395987bceec1/datanode-0/data/containers] WARN  fs.CachingGetSpaceUsed (CachingGetSpaceUsed.java:run(183)) - Thread Interrupted waiting to refresh disk information: sleep interrupted
2019-09-26 10:49:01,914 [refreshUsed-/workdir/hadoop-ozone/ozonefs/target/test-dir/MiniOzoneClusterImpl-bf023d99-d452-41c9-bfe9-395987bceec1/datanode-1/data/containers] WARN  fs.CachingGetSpaceUsed (CachingGetSpaceUsed.java:run(183)) - Thread Interrupted waiting to refresh disk information: sleep interrupted
2019-09-26 10:49:01,936 [main] INFO  utils.BackgroundService (BackgroundService.java:shutdown(148)) - Shutting down service BlockDeletingService
2019-09-26 10:49:01,944 [main] INFO  statemachine.DatanodeStateMachine (DatanodeStateMachine.java:stopDaemon(395)) - Ozone container server stopped.
2019-09-26 10:49:01,945 [main] INFO  handler.ContextHandler (ContextHandler.java:doStop(910)) - Stopped o.e.j.w.WebAppContext@51508029{/,null,UNAVAILABLE}{/hddsDatanode}
2019-09-26 10:49:01,946 [main] INFO  server.AbstractConnector (AbstractConnector.java:doStop(318)) - Stopped ServerConnector@5f20b6fe{HTTP/1.1,[http/1.1]}{0.0.0.0:0}
2019-09-26 10:49:01,946 [main] INFO  handler.ContextHandler (ContextHandler.java:doStop(910)) - Stopped o.e.j.s.ServletContextHandler@7e3d168e{/static,jar:file:/home/user/.m2/repository/org/apache/hadoop/hadoop-hdds-container-service/0.5.0-SNAPSHOT/hadoop-hdds-container-service-0.5.0-SNAPSHOT.jar!/webapps/static,UNAVAILABLE}
2019-09-26 10:49:01,946 [ForkJoinPool.commonPool-worker-1] INFO  utils.BackgroundService (BackgroundService.java:shutdown(148)) - Shutting down service BlockDeletingService
2019-09-26 10:49:01,947 [main] INFO  handler.ContextHandler (ContextHandler.java:doStop(910)) - Stopped o.e.j.s.ServletContextHandler@bfd97fb{/logs,file:///workdir/hadoop-ozone/ozonefs/target/log,UNAVAILABLE}
2019-09-26 10:49:01,954 [ForkJoinPool.commonPool-worker-1] INFO  statemachine.DatanodeStateMachine (DatanodeStateMachine.java:stopDaemon(395)) - Ozone container server stopped.
2019-09-26 10:49:01,961 [ForkJoinPool.commonPool-worker-1] INFO  handler.ContextHandler (ContextHandler.java:doStop(910)) - Stopped o.e.j.w.WebAppContext@3f45dfec{/,null,UNAVAILABLE}{/hddsDatanode}
2019-09-26 10:49:01,962 [ForkJoinPool.commonPool-worker-1] INFO  server.AbstractConnector (AbstractConnector.java:doStop(318)) - Stopped ServerConnector@7c69e1e1{HTTP/1.1,[http/1.1]}{0.0.0.0:0}
2019-09-26 10:49:01,964 [ForkJoinPool.commonPool-worker-1] INFO  handler.ContextHandler (ContextHandler.java:doStop(910)) - Stopped o.e.j.s.ServletContextHandler@6d31f14{/static,jar:file:/home/user/.m2/repository/org/apache/hadoop/hadoop-hdds-container-service/0.5.0-SNAPSHOT/hadoop-hdds-container-service-0.5.0-SNAPSHOT.jar!/webapps/static,UNAVAILABLE}
2019-09-26 10:49:01,966 [ForkJoinPool.commonPool-worker-1] INFO  handler.ContextHandler (ContextHandler.java:doStop(910)) - Stopped o.e.j.s.ServletContextHandler@1b25d695{/logs,file:///workdir/hadoop-ozone/ozonefs/target/log,UNAVAILABLE}
2019-09-26 10:49:02,427 [Datanode State Machine Thread - 0] INFO  statemachine.DatanodeStateMachine (DatanodeStateMachine.java:lambda$startDaemon$0(350)) - Ozone container server started.
2019-09-26 10:49:06,468 [Thread-3135] INFO  impl.FollowerState (FollowerState.java:run(106)) - d8c8cef8-9a6a-4c7a-82e9-31382e1ae247:group-2C30205CEAC1 changes to CANDIDATE, lastRpcTime:10581, electionTimeout:5041ms
2019-09-26 10:49:06,468 [Thread-3135] INFO  impl.RoleInfo (RoleInfo.java:shutdownFollowerState(121)) - d8c8cef8-9a6a-4c7a-82e9-31382e1ae247: shutdown FollowerState
2019-09-26 10:49:06,469 [Thread-3135] INFO  impl.RaftServerImpl (RaftServerImpl.java:setRole(174)) - d8c8cef8-9a6a-4c7a-82e9-31382e1ae247@group-2C30205CEAC1: changes role from  FOLLOWER to CANDIDATE at term 0 for changeToCandidate
2019-09-26 10:49:06,469 [Thread-3135] INFO  impl.RoleInfo (RoleInfo.java:updateAndGet(143)) - d8c8cef8-9a6a-4c7a-82e9-31382e1ae247: start LeaderElection
2019-09-26 10:49:06,488 [d8c8cef8-9a6a-4c7a-82e9-31382e1ae247@group-2C30205CEAC1:LeaderElection201] INFO  impl.LeaderElection (LeaderElection.java:askForVotes(182)) - d8c8cef8-9a6a-4c7a-82e9-31382e1ae247@group-2C30205CEAC1:LeaderElection201: begin an election at term 1 for -1: [d8c8cef8-9a6a-4c7a-82e9-31382e1ae247:192.168.30.13:45619], old=null
2019-09-26 10:49:06,488 [d8c8cef8-9a6a-4c7a-82e9-31382e1ae247@group-2C30205CEAC1:LeaderElection201] INFO  impl.RoleInfo (RoleInfo.java:shutdownLeaderElection(134)) - d8c8cef8-9a6a-4c7a-82e9-31382e1ae247: shutdown LeaderElection
2019-09-26 10:49:06,488 [d8c8cef8-9a6a-4c7a-82e9-31382e1ae247@group-2C30205CEAC1:LeaderElection201] INFO  impl.RaftServerImpl (RaftServerImpl.java:setRole(174)) - d8c8cef8-9a6a-4c7a-82e9-31382e1ae247@group-2C30205CEAC1: changes role from CANDIDATE to LEADER at term 1 for changeToLeader
2019-09-26 10:49:06,488 [d8c8cef8-9a6a-4c7a-82e9-31382e1ae247@group-2C30205CEAC1:LeaderElection201] INFO  impl.RaftServerImpl (ServerState.java:setLeader(253)) - d8c8cef8-9a6a-4c7a-82e9-31382e1ae247@group-2C30205CEAC1: change Leader from null to d8c8cef8-9a6a-4c7a-82e9-31382e1ae247 at term 1 for becomeLeader, leader elected after 10606ms
2019-09-26 10:49:06,488 [d8c8cef8-9a6a-4c7a-82e9-31382e1ae247@group-2C30205CEAC1:LeaderElection201] INFO  server.RaftServerConfigKeys (ConfUtils.java:logGet(43)) - raft.server.staging.catchup.gap = 1000 (default)
2019-09-26 10:49:06,488 [d8c8cef8-9a6a-4c7a-82e9-31382e1ae247@group-2C30205CEAC1:LeaderElection201] INFO  server.RaftServerConfigKeys (ConfUtils.java:logGet(43)) - raft.server.rpc.sleep.time = 25ms (default)
2019-09-26 10:49:06,489 [d8c8cef8-9a6a-4c7a-82e9-31382e1ae247@group-2C30205CEAC1:LeaderElection201] INFO  server.RaftServerConfigKeys (ConfUtils.java:logGet(43)) - raft.server.write.element-limit = 4096 (default)
2019-09-26 10:49:06,489 [d8c8cef8-9a6a-4c7a-82e9-31382e1ae247@group-2C30205CEAC1:LeaderElection201] INFO  server.RaftServerConfigKeys (ConfUtils.java:logGet(43)) - raft.server.watch.timeout = 10s (default)
2019-09-26 10:49:06,489 [d8c8cef8-9a6a-4c7a-82e9-31382e1ae247@group-2C30205CEAC1:LeaderElection201] INFO  server.RaftServerConfigKeys (ConfUtils.java:logGet(43)) - raft.server.watch.timeout.denomination = 1s (default)
2019-09-26 10:49:06,489 [d8c8cef8-9a6a-4c7a-82e9-31382e1ae247@group-2C30205CEAC1:LeaderElection201] INFO  server.RaftServerConfigKeys (ConfUtils.java:logGet(43)) - raft.server.watch.element-limit = 65536 (default)
2019-09-26 10:49:06,491 [d8c8cef8-9a6a-4c7a-82e9-31382e1ae247@group-2C30205CEAC1:LeaderElection201] INFO  impl.RoleInfo (RoleInfo.java:updateAndGet(143)) - d8c8cef8-9a6a-4c7a-82e9-31382e1ae247: start LeaderState
2019-09-26 10:49:06,491 [d8c8cef8-9a6a-4c7a-82e9-31382e1ae247@group-2C30205CEAC1:LeaderElection201] INFO  segmented.SegmentedRaftLogWorker (SegmentedRaftLogWorker.java:startLogSegment(380)) - d8c8cef8-9a6a-4c7a-82e9-31382e1ae247@group-2C30205CEAC1-SegmentedRaftLogWorker: Starting segment from index:0
2019-09-26 10:49:06,491 [d8c8cef8-9a6a-4c7a-82e9-31382e1ae247@group-2C30205CEAC1:LeaderElection201] INFO  impl.RaftServerImpl (ServerState.java:setRaftConf(354)) - d8c8cef8-9a6a-4c7a-82e9-31382e1ae247@group-2C30205CEAC1: set configuration 0: [d8c8cef8-9a6a-4c7a-82e9-31382e1ae247:192.168.30.13:45619], old=null at 0
2019-09-26 10:49:06,525 [Thread-3138] INFO  impl.FollowerState (FollowerState.java:run(106)) - d8c8cef8-9a6a-4c7a-82e9-31382e1ae247:group-8020417F5C1D changes to CANDIDATE, lastRpcTime:10595, electionTimeout:5091ms
2019-09-26 10:49:06,526 [Thread-3138] INFO  impl.RoleInfo (RoleInfo.java:shutdownFollowerState(121)) - d8c8cef8-9a6a-4c7a-82e9-31382e1ae247: shutdown FollowerState
2019-09-26 10:49:06,526 [Thread-3138] INFO  impl.RaftServerImpl (RaftServerImpl.java:setRole(174)) - d8c8cef8-9a6a-4c7a-82e9-31382e1ae247@group-8020417F5C1D: changes role from  FOLLOWER to CANDIDATE at term 0 for changeToCandidate
2019-09-26 10:49:06,526 [Thread-3123] INFO  impl.FollowerState (FollowerState.java:run(106)) - d8c8cef8-9a6a-4c7a-82e9-31382e1ae247:group-59F323ECAC81 changes to CANDIDATE, lastRpcTime:10810, electionTimeout:5080ms
2019-09-26 10:49:06,526 [Thread-3138] INFO  impl.RoleInfo (RoleInfo.java:updateAndGet(143)) - d8c8cef8-9a6a-4c7a-82e9-31382e1ae247: start LeaderElection
2019-09-26 10:49:06,526 [Thread-3123] INFO  impl.RoleInfo (RoleInfo.java:shutdownFollowerState(121)) - d8c8cef8-9a6a-4c7a-82e9-31382e1ae247: shutdown FollowerState
2019-09-26 10:49:06,526 [Thread-3123] INFO  impl.RaftServerImpl (RaftServerImpl.java:setRole(174)) - d8c8cef8-9a6a-4c7a-82e9-31382e1ae247@group-59F323ECAC81: changes role from  FOLLOWER to CANDIDATE at term 0 for changeToCandidate
2019-09-26 10:49:06,526 [Thread-3123] INFO  impl.RoleInfo (RoleInfo.java:updateAndGet(143)) - d8c8cef8-9a6a-4c7a-82e9-31382e1ae247: start LeaderElection
2019-09-26 10:49:06,540 [d8c8cef8-9a6a-4c7a-82e9-31382e1ae247@group-2C30205CEAC1-SegmentedRaftLogWorker] INFO  segmented.SegmentedRaftLogWorker (SegmentedRaftLogWorker.java:execute(569)) - d8c8cef8-9a6a-4c7a-82e9-31382e1ae247@group-2C30205CEAC1-SegmentedRaftLogWorker: created new log segment /workdir/hadoop-ozone/ozonefs/target/test-dir/MiniOzoneClusterImpl-bf023d99-d452-41c9-bfe9-395987bceec1/datanode-2/data/ratis/91c78d4e-4867-48ac-be91-2c30205ceac1/current/log_inprogress_0
2019-09-26 10:49:06,540 [d8c8cef8-9a6a-4c7a-82e9-31382e1ae247@group-8020417F5C1D:LeaderElection202] INFO  impl.LeaderElection (LeaderElection.java:askForVotes(182)) - d8c8cef8-9a6a-4c7a-82e9-31382e1ae247@group-8020417F5C1D:LeaderElection202: begin an election at term 1 for -1: [d8c8cef8-9a6a-4c7a-82e9-31382e1ae247:192.168.30.13:45619], old=null
2019-09-26 10:49:06,540 [d8c8cef8-9a6a-4c7a-82e9-31382e1ae247@group-59F323ECAC81:LeaderElection203] INFO  impl.LeaderElection (LeaderElection.java:askForVotes(182)) - d8c8cef8-9a6a-4c7a-82e9-31382e1ae247@group-59F323ECAC81:LeaderElection203: begin an election at term 1 for -1: [d8c8cef8-9a6a-4c7a-82e9-31382e1ae247:192.168.30.13:45619], old=null
2019-09-26 10:49:06,540 [d8c8cef8-9a6a-4c7a-82e9-31382e1ae247@group-8020417F5C1D:LeaderElection202] INFO  impl.RoleInfo (RoleInfo.java:shutdownLeaderElection(134)) - d8c8cef8-9a6a-4c7a-82e9-31382e1ae247: shutdown LeaderElection
2019-09-26 10:49:06,540 [d8c8cef8-9a6a-4c7a-82e9-31382e1ae247@group-59F323ECAC81:LeaderElection203] INFO  impl.RoleInfo (RoleInfo.java:shutdownLeaderElection(134)) - d8c8cef8-9a6a-4c7a-82e9-31382e1ae247: shutdown LeaderElection
2019-09-26 10:49:06,540 [d8c8cef8-9a6a-4c7a-82e9-31382e1ae247@group-8020417F5C1D:LeaderElection202] INFO  impl.RaftServerImpl (RaftServerImpl.java:setRole(174)) - d8c8cef8-9a6a-4c7a-82e9-31382e1ae247@group-8020417F5C1D: changes role from CANDIDATE to LEADER at term 1 for changeToLeader
2019-09-26 10:49:06,540 [d8c8cef8-9a6a-4c7a-82e9-31382e1ae247@group-59F323ECAC81:LeaderElection203] INFO  impl.RaftServerImpl (RaftServerImpl.java:setRole(174)) - d8c8cef8-9a6a-4c7a-82e9-31382e1ae247@group-59F323ECAC81: changes role from CANDIDATE to LEADER at term 1 for changeToLeader
2019-09-26 10:49:06,541 [d8c8cef8-9a6a-4c7a-82e9-31382e1ae247@group-8020417F5C1D:LeaderElection202] INFO  impl.RaftServerImpl (ServerState.java:setLeader(253)) - d8c8cef8-9a6a-4c7a-82e9-31382e1ae247@group-8020417F5C1D: change Leader from null to d8c8cef8-9a6a-4c7a-82e9-31382e1ae247 at term 1 for becomeLeader, leader elected after 10616ms
2019-09-26 10:49:06,541 [d8c8cef8-9a6a-4c7a-82e9-31382e1ae247@group-59F323ECAC81:LeaderElection203] INFO  impl.RaftServerImpl (ServerState.java:setLeader(253)) - d8c8cef8-9a6a-4c7a-82e9-31382e1ae247@group-59F323ECAC81: change Leader from null to d8c8cef8-9a6a-4c7a-82e9-31382e1ae247 at term 1 for becomeLeader, leader elected after 10831ms
2019-09-26 10:49:06,541 [d8c8cef8-9a6a-4c7a-82e9-31382e1ae247@group-8020417F5C1D:LeaderElection202] INFO  server.RaftServerConfigKeys (ConfUtils.java:logGet(43)) - raft.server.staging.catchup.gap = 1000 (default)
2019-09-26 10:49:06,541 [d8c8cef8-9a6a-4c7a-82e9-31382e1ae247@group-59F323ECAC81:LeaderElection203] INFO  server.RaftServerConfigKeys (ConfUtils.java:logGet(43)) - raft.server.staging.catchup.gap = 1000 (default)
2019-09-26 10:49:06,541 [d8c8cef8-9a6a-4c7a-82e9-31382e1ae247@group-8020417F5C1D:LeaderElection202] INFO  server.RaftServerConfigKeys (ConfUtils.java:logGet(43)) - raft.server.rpc.sleep.time = 25ms (default)
2019-09-26 10:49:06,541 [d8c8cef8-9a6a-4c7a-82e9-31382e1ae247@group-59F323ECAC81:LeaderElection203] INFO  server.RaftServerConfigKeys (ConfUtils.java:logGet(43)) - raft.server.rpc.sleep.time = 25ms (default)
2019-09-26 10:49:06,541 [d8c8cef8-9a6a-4c7a-82e9-31382e1ae247@group-8020417F5C1D:LeaderElection202] INFO  server.RaftServerConfigKeys (ConfUtils.java:logGet(43)) - raft.server.write.element-limit = 4096 (default)
2019-09-26 10:49:06,541 [d8c8cef8-9a6a-4c7a-82e9-31382e1ae247@group-59F323ECAC81:LeaderElection203] INFO  server.RaftServerConfigKeys (ConfUtils.java:logGet(43)) - raft.server.write.element-limit = 4096 (default)
2019-09-26 10:49:06,541 [d8c8cef8-9a6a-4c7a-82e9-31382e1ae247@group-8020417F5C1D:LeaderElection202] INFO  server.RaftServerConfigKeys (ConfUtils.java:logGet(43)) - raft.server.watch.timeout = 10s (default)
2019-09-26 10:49:06,542 [d8c8cef8-9a6a-4c7a-82e9-31382e1ae247@group-59F323ECAC81:LeaderElection203] INFO  server.RaftServerConfigKeys (ConfUtils.java:logGet(43)) - raft.server.watch.timeout = 10s (default)
2019-09-26 10:49:06,542 [d8c8cef8-9a6a-4c7a-82e9-31382e1ae247@group-8020417F5C1D:LeaderElection202] INFO  server.RaftServerConfigKeys (ConfUtils.java:logGet(43)) - raft.server.watch.timeout.denomination = 1s (default)
2019-09-26 10:49:06,542 [d8c8cef8-9a6a-4c7a-82e9-31382e1ae247@group-59F323ECAC81:LeaderElection203] INFO  server.RaftServerConfigKeys (ConfUtils.java:logGet(43)) - raft.server.watch.timeout.denomination = 1s (default)
2019-09-26 10:49:06,542 [d8c8cef8-9a6a-4c7a-82e9-31382e1ae247@group-8020417F5C1D:LeaderElection202] INFO  server.RaftServerConfigKeys (ConfUtils.java:logGet(43)) - raft.server.watch.element-limit = 65536 (default)
2019-09-26 10:49:06,542 [d8c8cef8-9a6a-4c7a-82e9-31382e1ae247@group-59F323ECAC81:LeaderElection203] INFO  server.RaftServerConfigKeys (ConfUtils.java:logGet(43)) - raft.server.watch.element-limit = 65536 (default)
2019-09-26 10:49:06,544 [d8c8cef8-9a6a-4c7a-82e9-31382e1ae247@group-8020417F5C1D:LeaderElection202] INFO  impl.RoleInfo (RoleInfo.java:updateAndGet(143)) - d8c8cef8-9a6a-4c7a-82e9-31382e1ae247: start LeaderState
2019-09-26 10:49:06,544 [d8c8cef8-9a6a-4c7a-82e9-31382e1ae247@group-59F323ECAC81:LeaderElection203] INFO  impl.RoleInfo (RoleInfo.java:updateAndGet(143)) - d8c8cef8-9a6a-4c7a-82e9-31382e1ae247: start LeaderState
2019-09-26 10:49:06,544 [d8c8cef8-9a6a-4c7a-82e9-31382e1ae247@group-8020417F5C1D:LeaderElection202] INFO  segmented.SegmentedRaftLogWorker (SegmentedRaftLogWorker.java:startLogSegment(380)) - d8c8cef8-9a6a-4c7a-82e9-31382e1ae247@group-8020417F5C1D-SegmentedRaftLogWorker: Starting segment from index:0
2019-09-26 10:49:06,544 [d8c8cef8-9a6a-4c7a-82e9-31382e1ae247@group-59F323ECAC81:LeaderElection203] INFO  segmented.SegmentedRaftLogWorker (SegmentedRaftLogWorker.java:startLogSegment(380)) - d8c8cef8-9a6a-4c7a-82e9-31382e1ae247@group-59F323ECAC81-SegmentedRaftLogWorker: Starting segment from index:0
2019-09-26 10:49:06,545 [d8c8cef8-9a6a-4c7a-82e9-31382e1ae247@group-8020417F5C1D:LeaderElection202] INFO  impl.RaftServerImpl (ServerState.java:setRaftConf(354)) - d8c8cef8-9a6a-4c7a-82e9-31382e1ae247@group-8020417F5C1D: set configuration 0: [d8c8cef8-9a6a-4c7a-82e9-31382e1ae247:192.168.30.13:45619], old=null at 0
2019-09-26 10:49:06,545 [d8c8cef8-9a6a-4c7a-82e9-31382e1ae247@group-59F323ECAC81:LeaderElection203] INFO  impl.RaftServerImpl (ServerState.java:setRaftConf(354)) - d8c8cef8-9a6a-4c7a-82e9-31382e1ae247@group-59F323ECAC81: set configuration 0: [d8c8cef8-9a6a-4c7a-82e9-31382e1ae247:192.168.30.13:45619], old=null at 0
2019-09-26 10:49:06,580 [Thread-3111] INFO  impl.FollowerState (FollowerState.java:run(106)) - d8c8cef8-9a6a-4c7a-82e9-31382e1ae247:group-2291BAC3C2A0 changes to CANDIDATE, lastRpcTime:11032, electionTimeout:5147ms
2019-09-26 10:49:06,580 [Thread-3111] INFO  impl.RoleInfo (RoleInfo.java:shutdownFollowerState(121)) - d8c8cef8-9a6a-4c7a-82e9-31382e1ae247: shutdown FollowerState
2019-09-26 10:49:06,581 [Thread-3111] INFO  impl.RaftServerImpl (RaftServerImpl.java:setRole(174)) - d8c8cef8-9a6a-4c7a-82e9-31382e1ae247@group-2291BAC3C2A0: changes role from  FOLLOWER to CANDIDATE at term 0 for changeToCandidate
2019-09-26 10:49:06,581 [Thread-3111] INFO  impl.RoleInfo (RoleInfo.java:updateAndGet(143)) - d8c8cef8-9a6a-4c7a-82e9-31382e1ae247: start LeaderElection
2019-09-26 10:49:06,601 [Thread-3141] INFO  impl.FollowerState (FollowerState.java:run(106)) - d8c8cef8-9a6a-4c7a-82e9-31382e1ae247:group-E663F62D040F changes to CANDIDATE, lastRpcTime:10627, electionTimeout:5174ms
2019-09-26 10:49:06,601 [Thread-3141] INFO  impl.RoleInfo (RoleInfo.java:shutdownFollowerState(121)) - d8c8cef8-9a6a-4c7a-82e9-31382e1ae247: shutdown FollowerState
2019-09-26 10:49:06,601 [Thread-3141] INFO  impl.RaftServerImpl (RaftServerImpl.java:setRole(174)) - d8c8cef8-9a6a-4c7a-82e9-31382e1ae247@group-E663F62D040F: changes role from  FOLLOWER to CANDIDATE at term 0 for changeToCandidate
2019-09-26 10:49:06,601 [Thread-3141] INFO  impl.RoleInfo (RoleInfo.java:updateAndGet(143)) - d8c8cef8-9a6a-4c7a-82e9-31382e1ae247: start LeaderElection
2019-09-26 10:49:06,601 [d8c8cef8-9a6a-4c7a-82e9-31382e1ae247@group-59F323ECAC81-SegmentedRaftLogWorker] INFO  segmented.SegmentedRaftLogWorker (SegmentedRaftLogWorker.java:execute(569)) - d8c8cef8-9a6a-4c7a-82e9-31382e1ae247@group-59F323ECAC81-SegmentedRaftLogWorker: created new log segment /workdir/hadoop-ozone/ozonefs/target/test-dir/MiniOzoneClusterImpl-bf023d99-d452-41c9-bfe9-395987bceec1/datanode-2/data/ratis/943d34b4-59a7-4135-9498-59f323ecac81/current/log_inprogress_0
2019-09-26 10:49:06,601 [d8c8cef8-9a6a-4c7a-82e9-31382e1ae247@group-2291BAC3C2A0:LeaderElection204] INFO  impl.LeaderElection (LeaderElection.java:askForVotes(182)) - d8c8cef8-9a6a-4c7a-82e9-31382e1ae247@group-2291BAC3C2A0:LeaderElection204: begin an election at term 1 for -1: [d8c8cef8-9a6a-4c7a-82e9-31382e1ae247:192.168.30.13:45619], old=null
2019-09-26 10:49:06,604 [d8c8cef8-9a6a-4c7a-82e9-31382e1ae247@group-2291BAC3C2A0:LeaderElection204] INFO  impl.RoleInfo (RoleInfo.java:shutdownLeaderElection(134)) - d8c8cef8-9a6a-4c7a-82e9-31382e1ae247: shutdown LeaderElection
2019-09-26 10:49:06,601 [d8c8cef8-9a6a-4c7a-82e9-31382e1ae247@group-8020417F5C1D-SegmentedRaftLogWorker] INFO  segmented.SegmentedRaftLogWorker (SegmentedRaftLogWorker.java:execute(569)) - d8c8cef8-9a6a-4c7a-82e9-31382e1ae247@group-8020417F5C1D-SegmentedRaftLogWorker: created new log segment /workdir/hadoop-ozone/ozonefs/target/test-dir/MiniOzoneClusterImpl-bf023d99-d452-41c9-bfe9-395987bceec1/datanode-2/data/ratis/5510d64c-2699-4808-8999-8020417f5c1d/current/log_inprogress_0
2019-09-26 10:49:06,604 [d8c8cef8-9a6a-4c7a-82e9-31382e1ae247@group-2291BAC3C2A0:LeaderElection204] INFO  impl.RaftServerImpl (RaftServerImpl.java:setRole(174)) - d8c8cef8-9a6a-4c7a-82e9-31382e1ae247@group-2291BAC3C2A0: changes role from CANDIDATE to LEADER at term 1 for changeToLeader
2019-09-26 10:49:06,605 [d8c8cef8-9a6a-4c7a-82e9-31382e1ae247@group-2291BAC3C2A0:LeaderElection204] INFO  impl.RaftServerImpl (ServerState.java:setLeader(253)) - d8c8cef8-9a6a-4c7a-82e9-31382e1ae247@group-2291BAC3C2A0: change Leader from null to d8c8cef8-9a6a-4c7a-82e9-31382e1ae247 at term 1 for becomeLeader, leader elected after 11064ms
2019-09-26 10:49:06,605 [d8c8cef8-9a6a-4c7a-82e9-31382e1ae247@group-2291BAC3C2A0:LeaderElection204] INFO  server.RaftServerConfigKeys (ConfUtils.java:logGet(43)) - raft.server.staging.catchup.gap = 1000 (default)
2019-09-26 10:49:06,605 [d8c8cef8-9a6a-4c7a-82e9-31382e1ae247@group-2291BAC3C2A0:LeaderElection204] INFO  server.RaftServerConfigKeys (ConfUtils.java:logGet(43)) - raft.server.rpc.sleep.time = 25ms (default)
2019-09-26 10:49:06,605 [d8c8cef8-9a6a-4c7a-82e9-31382e1ae247@group-2291BAC3C2A0:LeaderElection204] INFO  server.RaftServerConfigKeys (ConfUtils.java:logGet(43)) - raft.server.write.element-limit = 4096 (default)
2019-09-26 10:49:06,605 [d8c8cef8-9a6a-4c7a-82e9-31382e1ae247@group-2291BAC3C2A0:LeaderElection204] INFO  server.RaftServerConfigKeys (ConfUtils.java:logGet(43)) - raft.server.watch.timeout = 10s (default)
2019-09-26 10:49:06,605 [d8c8cef8-9a6a-4c7a-82e9-31382e1ae247@group-2291BAC3C2A0:LeaderElection204] INFO  server.RaftServerConfigKeys (ConfUtils.java:logGet(43)) - raft.server.watch.timeout.denomination = 1s (default)
2019-09-26 10:49:06,606 [d8c8cef8-9a6a-4c7a-82e9-31382e1ae247@group-2291BAC3C2A0:LeaderElection204] INFO  server.RaftServerConfigKeys (ConfUtils.java:logGet(43)) - raft.server.watch.element-limit = 65536 (default)
2019-09-26 10:49:06,607 [d8c8cef8-9a6a-4c7a-82e9-31382e1ae247@group-2291BAC3C2A0:LeaderElection204] INFO  impl.RoleInfo (RoleInfo.java:updateAndGet(143)) - d8c8cef8-9a6a-4c7a-82e9-31382e1ae247: start LeaderState
2019-09-26 10:49:06,607 [d8c8cef8-9a6a-4c7a-82e9-31382e1ae247@group-2291BAC3C2A0:LeaderElection204] INFO  segmented.SegmentedRaftLogWorker (SegmentedRaftLogWorker.java:startLogSegment(380)) - d8c8cef8-9a6a-4c7a-82e9-31382e1ae247@group-2291BAC3C2A0-SegmentedRaftLogWorker: Starting segment from index:0
2019-09-26 10:49:06,608 [d8c8cef8-9a6a-4c7a-82e9-31382e1ae247@group-2291BAC3C2A0:LeaderElection204] INFO  impl.RaftServerImpl (ServerState.java:setRaftConf(354)) - d8c8cef8-9a6a-4c7a-82e9-31382e1ae247@group-2291BAC3C2A0: set configuration 0: [d8c8cef8-9a6a-4c7a-82e9-31382e1ae247:192.168.30.13:45619], old=null at 0
2019-09-26 10:49:06,617 [d8c8cef8-9a6a-4c7a-82e9-31382e1ae247@group-E663F62D040F:LeaderElection205] INFO  impl.LeaderElection (LeaderElection.java:askForVotes(182)) - d8c8cef8-9a6a-4c7a-82e9-31382e1ae247@group-E663F62D040F:LeaderElection205: begin an election at term 1 for -1: [d8c8cef8-9a6a-4c7a-82e9-31382e1ae247:192.168.30.13:45619], old=null
2019-09-26 10:49:06,617 [d8c8cef8-9a6a-4c7a-82e9-31382e1ae247@group-E663F62D040F:LeaderElection205] INFO  impl.RoleInfo (RoleInfo.java:shutdownLeaderElection(134)) - d8c8cef8-9a6a-4c7a-82e9-31382e1ae247: shutdown LeaderElection
2019-09-26 10:49:06,618 [d8c8cef8-9a6a-4c7a-82e9-31382e1ae247@group-E663F62D040F:LeaderElection205] INFO  impl.RaftServerImpl (RaftServerImpl.java:setRole(174)) - d8c8cef8-9a6a-4c7a-82e9-31382e1ae247@group-E663F62D040F: changes role from CANDIDATE to LEADER at term 1 for changeToLeader
2019-09-26 10:49:06,618 [d8c8cef8-9a6a-4c7a-82e9-31382e1ae247@group-E663F62D040F:LeaderElection205] INFO  impl.RaftServerImpl (ServerState.java:setLeader(253)) - d8c8cef8-9a6a-4c7a-82e9-31382e1ae247@group-E663F62D040F: change Leader from null to d8c8cef8-9a6a-4c7a-82e9-31382e1ae247 at term 1 for becomeLeader, leader elected after 10650ms
2019-09-26 10:49:06,618 [d8c8cef8-9a6a-4c7a-82e9-31382e1ae247@group-E663F62D040F:LeaderElection205] INFO  server.RaftServerConfigKeys (ConfUtils.java:logGet(43)) - raft.server.staging.catchup.gap = 1000 (default)
2019-09-26 10:49:06,618 [d8c8cef8-9a6a-4c7a-82e9-31382e1ae247@group-E663F62D040F:LeaderElection205] INFO  server.RaftServerConfigKeys (ConfUtils.java:logGet(43)) - raft.server.rpc.sleep.time = 25ms (default)
2019-09-26 10:49:06,618 [d8c8cef8-9a6a-4c7a-82e9-31382e1ae247@group-E663F62D040F:LeaderElection205] INFO  server.RaftServerConfigKeys (ConfUtils.java:logGet(43)) - raft.server.write.element-limit = 4096 (default)
2019-09-26 10:49:06,618 [d8c8cef8-9a6a-4c7a-82e9-31382e1ae247@group-E663F62D040F:LeaderElection205] INFO  server.RaftServerConfigKeys (ConfUtils.java:logGet(43)) - raft.server.watch.timeout = 10s (default)
2019-09-26 10:49:06,618 [d8c8cef8-9a6a-4c7a-82e9-31382e1ae247@group-E663F62D040F:LeaderElection205] INFO  server.RaftServerConfigKeys (ConfUtils.java:logGet(43)) - raft.server.watch.timeout.denomination = 1s (default)
2019-09-26 10:49:06,619 [d8c8cef8-9a6a-4c7a-82e9-31382e1ae247@group-E663F62D040F:LeaderElection205] INFO  server.RaftServerConfigKeys (ConfUtils.java:logGet(43)) - raft.server.watch.element-limit = 65536 (default)
2019-09-26 10:49:06,620 [d8c8cef8-9a6a-4c7a-82e9-31382e1ae247@group-E663F62D040F:LeaderElection205] INFO  impl.RoleInfo (RoleInfo.java:updateAndGet(143)) - d8c8cef8-9a6a-4c7a-82e9-31382e1ae247: start LeaderState
2019-09-26 10:49:06,620 [d8c8cef8-9a6a-4c7a-82e9-31382e1ae247@group-E663F62D040F:LeaderElection205] INFO  segmented.SegmentedRaftLogWorker (SegmentedRaftLogWorker.java:startLogSegment(380)) - d8c8cef8-9a6a-4c7a-82e9-31382e1ae247@group-E663F62D040F-SegmentedRaftLogWorker: Starting segment from index:0
2019-09-26 10:49:06,621 [d8c8cef8-9a6a-4c7a-82e9-31382e1ae247@group-E663F62D040F:LeaderElection205] INFO  impl.RaftServerImpl (ServerState.java:setRaftConf(354)) - d8c8cef8-9a6a-4c7a-82e9-31382e1ae247@group-E663F62D040F: set configuration 0: [d8c8cef8-9a6a-4c7a-82e9-31382e1ae247:192.168.30.13:45619], old=null at 0
2019-09-26 10:49:06,659 [d8c8cef8-9a6a-4c7a-82e9-31382e1ae247@group-2291BAC3C2A0-SegmentedRaftLogWorker] INFO  segmented.SegmentedRaftLogWorker (SegmentedRaftLogWorker.java:execute(569)) - d8c8cef8-9a6a-4c7a-82e9-31382e1ae247@group-2291BAC3C2A0-SegmentedRaftLogWorker: created new log segment /workdir/hadoop-ozone/ozonefs/target/test-dir/MiniOzoneClusterImpl-bf023d99-d452-41c9-bfe9-395987bceec1/datanode-2/data/ratis/0db7f418-0d8f-4883-bb95-2291bac3c2a0/current/log_inprogress_0
2019-09-26 10:49:06,677 [d8c8cef8-9a6a-4c7a-82e9-31382e1ae247@group-E663F62D040F-SegmentedRaftLogWorker] INFO  segmented.SegmentedRaftLogWorker (SegmentedRaftLogWorker.java:execute(569)) - d8c8cef8-9a6a-4c7a-82e9-31382e1ae247@group-E663F62D040F-SegmentedRaftLogWorker: created new log segment /workdir/hadoop-ozone/ozonefs/target/test-dir/MiniOzoneClusterImpl-bf023d99-d452-41c9-bfe9-395987bceec1/datanode-2/data/ratis/a228f4dd-9637-447b-8b37-e663f62d040f/current/log_inprogress_0
2019-09-26 10:49:06,962 [main] INFO  ozoneimpl.OzoneContainer (OzoneContainer.java:stop(231)) - Attempting to stop container services.
2019-09-26 10:49:06,962 [main] INFO  impl.RaftServerProxy (RaftServerProxy.java:lambda$close$4(314)) - d8c8cef8-9a6a-4c7a-82e9-31382e1ae247: close
2019-09-26 10:49:06,963 [main] INFO  impl.RaftServerImpl (RaftServerImpl.java:lambda$shutdown$3(251)) - d8c8cef8-9a6a-4c7a-82e9-31382e1ae247@group-2291BAC3C2A0: shutdown
2019-09-26 10:49:06,963 [ForkJoinPool.commonPool-worker-0] INFO  impl.RaftServerImpl (RaftServerImpl.java:lambda$shutdown$3(251)) - d8c8cef8-9a6a-4c7a-82e9-31382e1ae247@group-59F323ECAC81: shutdown
2019-09-26 10:49:06,964 [main] INFO  util.JmxRegister (JmxRegister.java:unregister(73)) - Successfully un-registered JMX Bean with object name Ratis:service=RaftServer,group=group-2291BAC3C2A0,id=d8c8cef8-9a6a-4c7a-82e9-31382e1ae247
2019-09-26 10:49:06,964 [main] INFO  impl.RoleInfo (RoleInfo.java:shutdownLeaderState(104)) - d8c8cef8-9a6a-4c7a-82e9-31382e1ae247: shutdown LeaderState
2019-09-26 10:49:06,964 [ForkJoinPool.commonPool-worker-0] INFO  util.JmxRegister (JmxRegister.java:unregister(73)) - Successfully un-registered JMX Bean with object name Ratis:service=RaftServer,group=group-59F323ECAC81,id=d8c8cef8-9a6a-4c7a-82e9-31382e1ae247
2019-09-26 10:49:06,965 [main] INFO  impl.PendingRequests (PendingRequests.java:sendNotLeaderResponses(202)) - d8c8cef8-9a6a-4c7a-82e9-31382e1ae247-PendingRequests: sendNotLeaderResponses
2019-09-26 10:49:06,965 [ForkJoinPool.commonPool-worker-0] INFO  impl.RoleInfo (RoleInfo.java:shutdownLeaderState(104)) - d8c8cef8-9a6a-4c7a-82e9-31382e1ae247: shutdown LeaderState
2019-09-26 10:49:06,966 [main] INFO  impl.StateMachineUpdater (StateMachineUpdater.java:stopAndJoin(125)) - d8c8cef8-9a6a-4c7a-82e9-31382e1ae247@group-2291BAC3C2A0-StateMachineUpdater: set stopIndex = 0
2019-09-26 10:49:06,966 [main] INFO  impl.RaftServerImpl (ServerState.java:close(385)) - d8c8cef8-9a6a-4c7a-82e9-31382e1ae247@group-2291BAC3C2A0: closes. applyIndex: 0
2019-09-26 10:49:06,966 [ForkJoinPool.commonPool-worker-0] INFO  impl.PendingRequests (PendingRequests.java:sendNotLeaderResponses(202)) - d8c8cef8-9a6a-4c7a-82e9-31382e1ae247-PendingRequests: sendNotLeaderResponses
2019-09-26 10:49:06,967 [d8c8cef8-9a6a-4c7a-82e9-31382e1ae247@group-2291BAC3C2A0-SegmentedRaftLogWorker] INFO  segmented.SegmentedRaftLogWorker (SegmentedRaftLogWorker.java:run(313)) - d8c8cef8-9a6a-4c7a-82e9-31382e1ae247@group-2291BAC3C2A0-SegmentedRaftLogWorker was interrupted, exiting. There are 0 tasks remaining in the queue.
2019-09-26 10:49:06,967 [ForkJoinPool.commonPool-worker-0] INFO  impl.StateMachineUpdater (StateMachineUpdater.java:stopAndJoin(125)) - d8c8cef8-9a6a-4c7a-82e9-31382e1ae247@group-59F323ECAC81-StateMachineUpdater: set stopIndex = 0
2019-09-26 10:49:06,967 [main] INFO  segmented.SegmentedRaftLogWorker (SegmentedRaftLogWorker.java:close(228)) - d8c8cef8-9a6a-4c7a-82e9-31382e1ae247@group-2291BAC3C2A0-SegmentedRaftLogWorker close()
2019-09-26 10:49:06,967 [ForkJoinPool.commonPool-worker-0] INFO  impl.RaftServerImpl (ServerState.java:close(385)) - d8c8cef8-9a6a-4c7a-82e9-31382e1ae247@group-59F323ECAC81: closes. applyIndex: 0
2019-09-26 10:49:06,970 [main] INFO  impl.RaftServerImpl (RaftServerImpl.java:lambda$shutdown$3(251)) - d8c8cef8-9a6a-4c7a-82e9-31382e1ae247@group-8020417F5C1D: shutdown
2019-09-26 10:49:06,971 [d8c8cef8-9a6a-4c7a-82e9-31382e1ae247@group-59F323ECAC81-SegmentedRaftLogWorker] INFO  segmented.SegmentedRaftLogWorker (SegmentedRaftLogWorker.java:run(313)) - d8c8cef8-9a6a-4c7a-82e9-31382e1ae247@group-59F323ECAC81-SegmentedRaftLogWorker was interrupted, exiting. There are 0 tasks remaining in the queue.
2019-09-26 10:49:06,971 [main] INFO  util.JmxRegister (JmxRegister.java:unregister(73)) - Successfully un-registered JMX Bean with object name Ratis:service=RaftServer,group=group-8020417F5C1D,id=d8c8cef8-9a6a-4c7a-82e9-31382e1ae247
2019-09-26 10:49:06,972 [ForkJoinPool.commonPool-worker-0] INFO  segmented.SegmentedRaftLogWorker (SegmentedRaftLogWorker.java:close(228)) - d8c8cef8-9a6a-4c7a-82e9-31382e1ae247@group-59F323ECAC81-SegmentedRaftLogWorker close()
2019-09-26 10:49:06,972 [main] INFO  impl.RoleInfo (RoleInfo.java:shutdownLeaderState(104)) - d8c8cef8-9a6a-4c7a-82e9-31382e1ae247: shutdown LeaderState
2019-09-26 10:49:06,975 [ForkJoinPool.commonPool-worker-0] INFO  impl.RaftServerImpl (RaftServerImpl.java:lambda$shutdown$3(251)) - d8c8cef8-9a6a-4c7a-82e9-31382e1ae247@group-2C30205CEAC1: shutdown
2019-09-26 10:49:06,975 [main] INFO  impl.PendingRequests (PendingRequests.java:sendNotLeaderResponses(202)) - d8c8cef8-9a6a-4c7a-82e9-31382e1ae247-PendingRequests: sendNotLeaderResponses
2019-09-26 10:49:06,975 [ForkJoinPool.commonPool-worker-0] INFO  util.JmxRegister (JmxRegister.java:unregister(73)) - Successfully un-registered JMX Bean with object name Ratis:service=RaftServer,group=group-2C30205CEAC1,id=d8c8cef8-9a6a-4c7a-82e9-31382e1ae247
2019-09-26 10:49:06,976 [main] INFO  impl.StateMachineUpdater (StateMachineUpdater.java:stopAndJoin(125)) - d8c8cef8-9a6a-4c7a-82e9-31382e1ae247@group-8020417F5C1D-StateMachineUpdater: set stopIndex = 0
2019-09-26 10:49:06,976 [main] INFO  impl.RaftServerImpl (ServerState.java:close(385)) - d8c8cef8-9a6a-4c7a-82e9-31382e1ae247@group-8020417F5C1D: closes. applyIndex: 0
2019-09-26 10:49:06,976 [ForkJoinPool.commonPool-worker-0] INFO  impl.RoleInfo (RoleInfo.java:shutdownLeaderState(104)) - d8c8cef8-9a6a-4c7a-82e9-31382e1ae247: shutdown LeaderState
2019-09-26 10:49:06,977 [d8c8cef8-9a6a-4c7a-82e9-31382e1ae247@group-8020417F5C1D-SegmentedRaftLogWorker] INFO  segmented.SegmentedRaftLogWorker (SegmentedRaftLogWorker.java:run(313)) - d8c8cef8-9a6a-4c7a-82e9-31382e1ae247@group-8020417F5C1D-SegmentedRaftLogWorker was interrupted, exiting. There are 0 tasks remaining in the queue.
2019-09-26 10:49:06,977 [ForkJoinPool.commonPool-worker-0] INFO  impl.PendingRequests (PendingRequests.java:sendNotLeaderResponses(202)) - d8c8cef8-9a6a-4c7a-82e9-31382e1ae247-PendingRequests: sendNotLeaderResponses
2019-09-26 10:49:06,977 [main] INFO  segmented.SegmentedRaftLogWorker (SegmentedRaftLogWorker.java:close(228)) - d8c8cef8-9a6a-4c7a-82e9-31382e1ae247@group-8020417F5C1D-SegmentedRaftLogWorker close()
2019-09-26 10:49:06,977 [ForkJoinPool.commonPool-worker-0] INFO  impl.StateMachineUpdater (StateMachineUpdater.java:stopAndJoin(125)) - d8c8cef8-9a6a-4c7a-82e9-31382e1ae247@group-2C30205CEAC1-StateMachineUpdater: set stopIndex = 0
2019-09-26 10:49:06,981 [ForkJoinPool.commonPool-worker-0] INFO  impl.RaftServerImpl (ServerState.java:close(385)) - d8c8cef8-9a6a-4c7a-82e9-31382e1ae247@group-2C30205CEAC1: closes. applyIndex: 0
2019-09-26 10:49:06,981 [d8c8cef8-9a6a-4c7a-82e9-31382e1ae247@group-2C30205CEAC1-SegmentedRaftLogWorker] INFO  segmented.SegmentedRaftLogWorker (SegmentedRaftLogWorker.java:run(313)) - d8c8cef8-9a6a-4c7a-82e9-31382e1ae247@group-2C30205CEAC1-SegmentedRaftLogWorker was interrupted, exiting. There are 0 tasks remaining in the queue.
2019-09-26 10:49:06,981 [ForkJoinPool.commonPool-worker-0] INFO  segmented.SegmentedRaftLogWorker (SegmentedRaftLogWorker.java:close(228)) - d8c8cef8-9a6a-4c7a-82e9-31382e1ae247@group-2C30205CEAC1-SegmentedRaftLogWorker close()
2019-09-26 10:49:06,984 [ForkJoinPool.commonPool-worker-0] INFO  impl.RaftServerImpl (RaftServerImpl.java:lambda$shutdown$3(251)) - d8c8cef8-9a6a-4c7a-82e9-31382e1ae247@group-E663F62D040F: shutdown
2019-09-26 10:49:06,984 [ForkJoinPool.commonPool-worker-0] INFO  util.JmxRegister (JmxRegister.java:unregister(73)) - Successfully un-registered JMX Bean with object name Ratis:service=RaftServer,group=group-E663F62D040F,id=d8c8cef8-9a6a-4c7a-82e9-31382e1ae247
2019-09-26 10:49:06,984 [ForkJoinPool.commonPool-worker-0] INFO  impl.RoleInfo (RoleInfo.java:shutdownLeaderState(104)) - d8c8cef8-9a6a-4c7a-82e9-31382e1ae247: shutdown LeaderState
2019-09-26 10:49:06,984 [ForkJoinPool.commonPool-worker-0] INFO  impl.PendingRequests (PendingRequests.java:sendNotLeaderResponses(202)) - d8c8cef8-9a6a-4c7a-82e9-31382e1ae247-PendingRequests: sendNotLeaderResponses
2019-09-26 10:49:06,985 [ForkJoinPool.commonPool-worker-0] INFO  impl.StateMachineUpdater (StateMachineUpdater.java:stopAndJoin(125)) - d8c8cef8-9a6a-4c7a-82e9-31382e1ae247@group-E663F62D040F-StateMachineUpdater: set stopIndex = 0
2019-09-26 10:49:06,985 [ForkJoinPool.commonPool-worker-0] INFO  impl.RaftServerImpl (ServerState.java:close(385)) - d8c8cef8-9a6a-4c7a-82e9-31382e1ae247@group-E663F62D040F: closes. applyIndex: 0
2019-09-26 10:49:06,985 [d8c8cef8-9a6a-4c7a-82e9-31382e1ae247@group-E663F62D040F-SegmentedRaftLogWorker] INFO  segmented.SegmentedRaftLogWorker (SegmentedRaftLogWorker.java:run(313)) - d8c8cef8-9a6a-4c7a-82e9-31382e1ae247@group-E663F62D040F-SegmentedRaftLogWorker was interrupted, exiting. There are 0 tasks remaining in the queue.
2019-09-26 10:49:06,985 [ForkJoinPool.commonPool-worker-0] INFO  segmented.SegmentedRaftLogWorker (SegmentedRaftLogWorker.java:close(228)) - d8c8cef8-9a6a-4c7a-82e9-31382e1ae247@group-E663F62D040F-SegmentedRaftLogWorker close()
2019-09-26 10:49:06,988 [ForkJoinPool.commonPool-worker-0] INFO  impl.RaftServerImpl (RaftServerImpl.java:lambda$shutdown$3(251)) - d8c8cef8-9a6a-4c7a-82e9-31382e1ae247@group-893259621B1B: shutdown
2019-09-26 10:49:06,988 [ForkJoinPool.commonPool-worker-0] INFO  util.JmxRegister (JmxRegister.java:unregister(73)) - Successfully un-registered JMX Bean with object name Ratis:service=RaftServer,group=group-893259621B1B,id=d8c8cef8-9a6a-4c7a-82e9-31382e1ae247
2019-09-26 10:49:06,988 [ForkJoinPool.commonPool-worker-0] INFO  impl.RoleInfo (RoleInfo.java:shutdownLeaderState(104)) - d8c8cef8-9a6a-4c7a-82e9-31382e1ae247: shutdown LeaderState
2019-09-26 10:49:06,988 [ForkJoinPool.commonPool-worker-0] INFO  impl.PendingRequests (PendingRequests.java:sendNotLeaderResponses(202)) - d8c8cef8-9a6a-4c7a-82e9-31382e1ae247-PendingRequests: sendNotLeaderResponses
2019-09-26 10:49:06,988 [ForkJoinPool.commonPool-worker-0] INFO  impl.StateMachineUpdater (StateMachineUpdater.java:stopAndJoin(125)) - d8c8cef8-9a6a-4c7a-82e9-31382e1ae247@group-893259621B1B-StateMachineUpdater: set stopIndex = 0
2019-09-26 10:49:06,989 [ForkJoinPool.commonPool-worker-0] INFO  impl.RaftServerImpl (ServerState.java:close(385)) - d8c8cef8-9a6a-4c7a-82e9-31382e1ae247@group-893259621B1B: closes. applyIndex: 0
2019-09-26 10:49:06,989 [d8c8cef8-9a6a-4c7a-82e9-31382e1ae247@group-893259621B1B-SegmentedRaftLogWorker] INFO  segmented.SegmentedRaftLogWorker (SegmentedRaftLogWorker.java:run(313)) - d8c8cef8-9a6a-4c7a-82e9-31382e1ae247@group-893259621B1B-SegmentedRaftLogWorker was interrupted, exiting. There are 0 tasks remaining in the queue.
2019-09-26 10:49:06,989 [ForkJoinPool.commonPool-worker-0] INFO  segmented.SegmentedRaftLogWorker (SegmentedRaftLogWorker.java:close(228)) - d8c8cef8-9a6a-4c7a-82e9-31382e1ae247@group-893259621B1B-SegmentedRaftLogWorker close()
2019-09-26 10:49:06,992 [main] INFO  server.GrpcService (GrpcService.java:closeImpl(164)) - d8c8cef8-9a6a-4c7a-82e9-31382e1ae247: shutdown server with port 45619 now
2019-09-26 10:49:06,995 [main] INFO  server.GrpcService (GrpcService.java:closeImpl(172)) - d8c8cef8-9a6a-4c7a-82e9-31382e1ae247: shutdown server with port 45619 successfully
2019-09-26 10:49:06,996 [refreshUsed-/workdir/hadoop-ozone/ozonefs/target/test-dir/MiniOzoneClusterImpl-bf023d99-d452-41c9-bfe9-395987bceec1/datanode-2/data/containers] WARN  fs.CachingGetSpaceUsed (CachingGetSpaceUsed.java:run(183)) - Thread Interrupted waiting to refresh disk information: sleep interrupted
2019-09-26 10:49:07,021 [main] INFO  utils.BackgroundService (BackgroundService.java:shutdown(148)) - Shutting down service BlockDeletingService
2019-09-26 10:49:07,028 [main] INFO  statemachine.DatanodeStateMachine (DatanodeStateMachine.java:stopDaemon(395)) - Ozone container server stopped.
2019-09-26 10:49:07,029 [main] INFO  handler.ContextHandler (ContextHandler.java:doStop(910)) - Stopped o.e.j.w.WebAppContext@3578a45b{/,null,UNAVAILABLE}{/hddsDatanode}
2019-09-26 10:49:07,029 [main] INFO  server.AbstractConnector (AbstractConnector.java:doStop(318)) - Stopped ServerConnector@24f177f5{HTTP/1.1,[http/1.1]}{0.0.0.0:0}
2019-09-26 10:49:07,030 [main] INFO  handler.ContextHandler (ContextHandler.java:doStop(910)) - Stopped o.e.j.s.ServletContextHandler@1ef93e01{/static,jar:file:/home/user/.m2/repository/org/apache/hadoop/hadoop-hdds-container-service/0.5.0-SNAPSHOT/hadoop-hdds-container-service-0.5.0-SNAPSHOT.jar!/webapps/static,UNAVAILABLE}
2019-09-26 10:49:07,030 [main] INFO  handler.ContextHandler (ContextHandler.java:doStop(910)) - Stopped o.e.j.s.ServletContextHandler@77ea960f{/logs,file:///workdir/hadoop-ozone/ozonefs/target/log,UNAVAILABLE}
2019-09-26 10:49:07,031 [main] INFO  ozone.MiniOzoneClusterImpl (MiniOzoneClusterImpl.java:stopSCM(392)) - Stopping the StorageContainerManager
2019-09-26 10:49:07,031 [main] INFO  server.StorageContainerManager (StorageContainerManager.java:stop(808)) - Stopping Replication Manager Service.
2019-09-26 10:49:07,031 [main] INFO  container.ReplicationManager (ReplicationManager.java:stop(204)) - Stopping Replication Monitor Thread.
2019-09-26 10:49:07,032 [main] INFO  server.StorageContainerManager (StorageContainerManager.java:stop(815)) - Stopping Lease Manager of the command watchers
2019-09-26 10:49:07,032 [main] INFO  server.StorageContainerManager (StorageContainerManager.java:stop(822)) - Stopping datanode service RPC server
2019-09-26 10:49:07,032 [main] INFO  server.SCMDatanodeProtocolServer (SCMDatanodeProtocolServer.java:stop(367)) - Stopping the RPC server for DataNodes
2019-09-26 10:49:07,032 [main] INFO  ipc.Server (Server.java:stop(3082)) - Stopping server on 37862
2019-09-26 10:49:07,035 [IPC Server listener on 37862] INFO  ipc.Server (Server.java:run(1185)) - Stopping IPC Server listener on 37862
2019-09-26 10:49:07,036 [IPC Server Responder] INFO  ipc.Server (Server.java:run(1319)) - Stopping IPC Server Responder
2019-09-26 10:49:07,046 [SCM Heartbeat Processing Thread - 0] WARN  node.NodeStateManager (NodeStateManager.java:scheduleNextHealthCheck(655)) - Current Thread is interrupted, shutting down HB processing thread for Node Manager.
2019-09-26 10:49:07,047 [main] INFO  server.StorageContainerManager (StorageContainerManager.java:stop(830)) - Stopping block service RPC server
2019-09-26 10:49:07,047 [main] INFO  server.SCMBlockProtocolServer (SCMBlockProtocolServer.java:stop(155)) - Stopping the RPC server for Block Protocol
2019-09-26 10:49:07,047 [main] INFO  ipc.Server (Server.java:stop(3082)) - Stopping server on 40631
2019-09-26 10:49:07,051 [IPC Server listener on 40631] INFO  ipc.Server (Server.java:run(1185)) - Stopping IPC Server listener on 40631
2019-09-26 10:49:07,051 [IPC Server Responder] INFO  ipc.Server (Server.java:run(1319)) - Stopping IPC Server Responder
2019-09-26 10:49:07,051 [main] INFO  server.StorageContainerManager (StorageContainerManager.java:stop(837)) - Stopping the StorageContainerLocationProtocol RPC server
2019-09-26 10:49:07,052 [main] INFO  server.SCMClientProtocolServer (SCMClientProtocolServer.java:stop(159)) - Stopping the RPC server for Client Protocol
2019-09-26 10:49:07,054 [main] INFO  ipc.Server (Server.java:stop(3082)) - Stopping server on 39074
2019-09-26 10:49:07,056 [IPC Server listener on 39074] INFO  ipc.Server (Server.java:run(1185)) - Stopping IPC Server listener on 39074
2019-09-26 10:49:07,056 [main] INFO  server.StorageContainerManager (StorageContainerManager.java:stop(844)) - Stopping Storage Container Manager HTTP server.
2019-09-26 10:49:07,057 [IPC Server Responder] INFO  ipc.Server (Server.java:run(1319)) - Stopping IPC Server Responder
2019-09-26 10:49:07,061 [main] INFO  handler.ContextHandler (ContextHandler.java:doStop(910)) - Stopped o.e.j.w.WebAppContext@5ad0c70a{/,null,UNAVAILABLE}{/scm}
2019-09-26 10:49:07,061 [main] INFO  server.AbstractConnector (AbstractConnector.java:doStop(318)) - Stopped ServerConnector@2a16d4dc{HTTP/1.1,[http/1.1]}{0.0.0.0:0}
2019-09-26 10:49:07,062 [main] INFO  handler.ContextHandler (ContextHandler.java:doStop(910)) - Stopped o.e.j.s.ServletContextHandler@73d91faf{/static,jar:file:/home/user/.m2/repository/org/apache/hadoop/hadoop-hdds-server-scm/0.5.0-SNAPSHOT/hadoop-hdds-server-scm-0.5.0-SNAPSHOT.jar!/webapps/static,UNAVAILABLE}
2019-09-26 10:49:07,062 [main] INFO  handler.ContextHandler (ContextHandler.java:doStop(910)) - Stopped o.e.j.s.ServletContextHandler@3bcc8f13{/logs,file:///workdir/hadoop-ozone/ozonefs/target/log,UNAVAILABLE}
2019-09-26 10:49:07,063 [main] INFO  server.StorageContainerManager (StorageContainerManager.java:stop(855)) - Stopping Block Manager Service.
2019-09-26 10:49:07,063 [main] INFO  utils.BackgroundService (BackgroundService.java:shutdown(148)) - Shutting down service SCMBlockDeletingService
2019-09-26 10:49:07,064 [main] INFO  utils.BackgroundService (BackgroundService.java:shutdown(148)) - Shutting down service SCMBlockDeletingService
2019-09-26 10:49:07,064 [main] INFO  server.StorageContainerManager (StorageContainerManager.java:stop(877)) - Stopping SCM Event Queue.
2019-09-26 10:49:07,078 [main] INFO  impl.MetricsSystemImpl (MetricsSystemImpl.java:stop(210)) - Stopping HddsDatanode metrics system...
2019-09-26 10:49:07,087 [main] INFO  impl.MetricsSystemImpl (MetricsSystemImpl.java:stop(216)) - HddsDatanode metrics system stopped.
]]></system-out>
  </testcase>
</testsuite>