<?xml version="1.0" encoding="UTF-8"?>
<testsuite xmlns:xsi="http://www.w3.org/2001/XMLSchema-instance" xsi:noNamespaceSchemaLocation="https://maven.apache.org/surefire/maven-surefire-plugin/xsd/surefire-test-report.xsd" name="org.apache.hadoop.ozone.client.rpc.TestWatchForCommit" time="230.353" tests="6" errors="1" skipped="0" failures="0">
  <properties>
    <property name="awt.toolkit" value="sun.awt.X11.XToolkit"/>
    <property name="file.encoding.pkg" value="sun.io"/>
    <property name="java.specification.version" value="1.8"/>
    <property name="sun.cpu.isalist" value=""/>
    <property name="sun.jnu.encoding" value="UTF-8"/>
    <property name="java.class.path" value="/tmp/workdir/hadoop-ozone/integration-test/target/test-classes:/tmp/workdir/hadoop-ozone/integration-test/target/classes:/home/user/.m2/repository/org/apache/hadoop/hadoop-ozone-common/0.5.0-SNAPSHOT/hadoop-ozone-common-0.5.0-SNAPSHOT.jar:/home/user/.m2/repository/org/apache/commons/commons-compress/1.4.1/commons-compress-1.4.1.jar:/home/user/.m2/repository/org/tukaani/xz/1.0/xz-1.0.jar:/home/user/.m2/repository/org/apache/hadoop/hadoop-common/3.2.0/hadoop-common-3.2.0.jar:/home/user/.m2/repository/org/apache/hadoop/hadoop-hdfs/3.2.0/hadoop-hdfs-3.2.0.jar:/home/user/.m2/repository/org/apache/hadoop/hadoop-hdfs-client/3.2.0/hadoop-hdfs-client-3.2.0.jar:/home/user/.m2/repository/com/fasterxml/jackson/core/jackson-annotations/2.9.5/jackson-annotations-2.9.5.jar:/home/user/.m2/repository/org/apache/hadoop/hadoop-hdds-common/0.5.0-SNAPSHOT/hadoop-hdds-common-0.5.0-SNAPSHOT.jar:/home/user/.m2/repository/javax/annotation/javax.annotation-api/1.2/javax.annotation-api-1.2.jar:/home/user/.m2/repository/org/apache/ratis/ratis-server/0.4.0-2337318-SNAPSHOT/ratis-server-0.4.0-2337318-SNAPSHOT.jar:/home/user/.m2/repository/org/apache/ratis/ratis-thirdparty-misc/0.2.0/ratis-thirdparty-misc-0.2.0.jar:/home/user/.m2/repository/org/apache/ratis/ratis-proto/0.4.0-2337318-SNAPSHOT/ratis-proto-0.4.0-2337318-SNAPSHOT.jar:/home/user/.m2/repository/org/apache/ratis/ratis-common/0.4.0-2337318-SNAPSHOT/ratis-common-0.4.0-2337318-SNAPSHOT.jar:/home/user/.m2/repository/org/apache/ratis/ratis-client/0.4.0-2337318-SNAPSHOT/ratis-client-0.4.0-2337318-SNAPSHOT.jar:/home/user/.m2/repository/org/apache/ratis/ratis-metrics/0.4.0-2337318-SNAPSHOT/ratis-metrics-0.4.0-2337318-SNAPSHOT.jar:/home/user/.m2/repository/org/apache/ratis/ratis-netty/0.4.0-2337318-SNAPSHOT/ratis-netty-0.4.0-2337318-SNAPSHOT.jar:/home/user/.m2/repository/org/apache/ratis/ratis-grpc/0.4.0-2337318-SNAPSHOT/ratis-grpc-0.4.0-2337318-SNAPSHOT.jar:/home/user/.m2/repository/org/rocksdb/rocksdbjni/6.0.1/rocksdbjni-6.0.1.jar:/home/user/.m2/repository/org/apache/logging/log4j/log4j-api/2.11.0/log4j-api-2.11.0.jar:/home/user/.m2/repository/org/apache/logging/log4j/log4j-core/2.11.0/log4j-core-2.11.0.jar:/home/user/.m2/repository/com/lmax/disruptor/3.4.2/disruptor-3.4.2.jar:/home/user/.m2/repository/org/apache/commons/commons-pool2/2.6.0/commons-pool2-2.6.0.jar:/home/user/.m2/repository/org/bouncycastle/bcpkix-jdk15on/1.60/bcpkix-jdk15on-1.60.jar:/home/user/.m2/repository/commons-validator/commons-validator/1.6/commons-validator-1.6.jar:/home/user/.m2/repository/commons-digester/commons-digester/1.8.1/commons-digester-1.8.1.jar:/home/user/.m2/repository/io/jaegertracing/jaeger-client/0.33.1/jaeger-client-0.33.1.jar:/home/user/.m2/repository/io/jaegertracing/jaeger-thrift/0.33.1/jaeger-thrift-0.33.1.jar:/home/user/.m2/repository/org/apache/thrift/libthrift/0.11.0/libthrift-0.11.0.jar:/home/user/.m2/repository/com/squareup/okhttp3/okhttp/3.9.0/okhttp-3.9.0.jar:/home/user/.m2/repository/com/squareup/okio/okio/1.13.0/okio-1.13.0.jar:/home/user/.m2/repository/io/jaegertracing/jaeger-core/0.33.1/jaeger-core-0.33.1.jar:/home/user/.m2/repository/io/jaegertracing/jaeger-tracerresolver/0.33.1/jaeger-tracerresolver-0.33.1.jar:/home/user/.m2/repository/io/opentracing/contrib/opentracing-tracerresolver/0.1.5/opentracing-tracerresolver-0.1.5.jar:/home/user/.m2/repository/io/opentracing/opentracing-util/0.31.0/opentracing-util-0.31.0.jar:/home/user/.m2/repository/io/opentracing/opentracing-api/0.31.0/opentracing-api-0.31.0.jar:/home/user/.m2/repository/io/opentracing/opentracing-noop/0.31.0/opentracing-noop-0.31.0.jar:/home/user/.m2/repository/org/apache/hadoop/hadoop-hdds-server-framework/0.5.0-SNAPSHOT/hadoop-hdds-server-framework-0.5.0-SNAPSHOT.jar:/home/user/.m2/repository/org/apache/hadoop/hadoop-hdds-container-service/0.5.0-SNAPSHOT/hadoop-hdds-container-service-0.5.0-SNAPSHOT.jar:/home/user/.m2/repository/org/apache/hadoop/hadoop-hdds-client/0.5.0-SNAPSHOT/hadoop-hdds-client-0.5.0-SNAPSHOT.jar:/home/user/.m2/repository/org/apache/hadoop/hadoop-hdds-tools/0.5.0-SNAPSHOT/hadoop-hdds-tools-0.5.0-SNAPSHOT.jar:/home/user/.m2/repository/org/apache/hadoop/hadoop-hdds-server-scm/0.5.0-SNAPSHOT/hadoop-hdds-server-scm-0.5.0-SNAPSHOT.jar:/home/user/.m2/repository/org/apache/hadoop/hadoop-hdds-docs/0.5.0-SNAPSHOT/hadoop-hdds-docs-0.5.0-SNAPSHOT.jar:/home/user/.m2/repository/io/dropwizard/metrics/metrics-core/3.2.4/metrics-core-3.2.4.jar:/home/user/.m2/repository/org/hamcrest/hamcrest-all/1.3/hamcrest-all-1.3.jar:/home/user/.m2/repository/org/bouncycastle/bcprov-jdk15on/1.60/bcprov-jdk15on-1.60.jar:/home/user/.m2/repository/info/picocli/picocli/3.9.6/picocli-3.9.6.jar:/home/user/.m2/repository/com/google/protobuf/protobuf-java/2.5.0/protobuf-java-2.5.0.jar:/home/user/.m2/repository/com/google/guava/guava/11.0.2/guava-11.0.2.jar:/home/user/.m2/repository/org/apache/hadoop/hadoop-ozone-ozone-manager/0.5.0-SNAPSHOT/hadoop-ozone-ozone-manager-0.5.0-SNAPSHOT.jar:/home/user/.m2/repository/org/apache/hadoop/hadoop-minikdc/3.2.0/hadoop-minikdc-3.2.0.jar:/home/user/.m2/repository/commons-io/commons-io/2.5/commons-io-2.5.jar:/home/user/.m2/repository/org/apache/kerby/kerb-simplekdc/1.0.1/kerb-simplekdc-1.0.1.jar:/home/user/.m2/repository/org/apache/kerby/kerb-client/1.0.1/kerb-client-1.0.1.jar:/home/user/.m2/repository/org/apache/kerby/kerby-config/1.0.1/kerby-config-1.0.1.jar:/home/user/.m2/repository/org/apache/kerby/kerb-core/1.0.1/kerb-core-1.0.1.jar:/home/user/.m2/repository/org/apache/kerby/kerby-pkix/1.0.1/kerby-pkix-1.0.1.jar:/home/user/.m2/repository/org/apache/kerby/kerby-asn1/1.0.1/kerby-asn1-1.0.1.jar:/home/user/.m2/repository/org/apache/kerby/kerby-util/1.0.1/kerby-util-1.0.1.jar:/home/user/.m2/repository/org/apache/kerby/kerb-common/1.0.1/kerb-common-1.0.1.jar:/home/user/.m2/repository/org/apache/kerby/kerb-crypto/1.0.1/kerb-crypto-1.0.1.jar:/home/user/.m2/repository/org/apache/kerby/kerb-util/1.0.1/kerb-util-1.0.1.jar:/home/user/.m2/repository/org/apache/kerby/token-provider/1.0.1/token-provider-1.0.1.jar:/home/user/.m2/repository/org/apache/kerby/kerb-admin/1.0.1/kerb-admin-1.0.1.jar:/home/user/.m2/repository/org/apache/kerby/kerb-server/1.0.1/kerb-server-1.0.1.jar:/home/user/.m2/repository/org/apache/kerby/kerb-identity/1.0.1/kerb-identity-1.0.1.jar:/home/user/.m2/repository/org/apache/kerby/kerby-xdr/1.0.1/kerby-xdr-1.0.1.jar:/home/user/.m2/repository/org/slf4j/slf4j-log4j12/1.7.25/slf4j-log4j12-1.7.25.jar:/home/user/.m2/repository/org/apache/hadoop/hadoop-ozone-objectstore-service/0.5.0-SNAPSHOT/hadoop-ozone-objectstore-service-0.5.0-SNAPSHOT.jar:/home/user/.m2/repository/org/apache/hadoop/hadoop-ozone-s3gateway/0.5.0-SNAPSHOT/hadoop-ozone-s3gateway-0.5.0-SNAPSHOT.jar:/home/user/.m2/repository/org/jboss/weld/servlet/weld-servlet/2.4.7.Final/weld-servlet-2.4.7.Final.jar:/home/user/.m2/repository/org/glassfish/jersey/containers/jersey-container-servlet-core/2.27/jersey-container-servlet-core-2.27.jar:/home/user/.m2/repository/org/glassfish/hk2/external/javax.inject/2.5.0-b42/javax.inject-2.5.0-b42.jar:/home/user/.m2/repository/org/glassfish/jersey/core/jersey-common/2.27/jersey-common-2.27.jar:/home/user/.m2/repository/org/glassfish/hk2/osgi-resource-locator/1.0.1/osgi-resource-locator-1.0.1.jar:/home/user/.m2/repository/javax/ws/rs/javax.ws.rs-api/2.1/javax.ws.rs-api-2.1.jar:/home/user/.m2/repository/org/glassfish/jersey/ext/cdi/jersey-cdi1x/2.27/jersey-cdi1x-2.27.jar:/home/user/.m2/repository/org/glassfish/jersey/inject/jersey-hk2/2.27/jersey-hk2-2.27.jar:/home/user/.m2/repository/org/glassfish/hk2/hk2-locator/2.5.0-b42/hk2-locator-2.5.0-b42.jar:/home/user/.m2/repository/org/javassist/javassist/3.22.0-CR2/javassist-3.22.0-CR2.jar:/home/user/.m2/repository/org/glassfish/hk2/hk2-api/2.5.0/hk2-api-2.5.0.jar:/home/user/.m2/repository/org/glassfish/hk2/external/jakarta.inject/2.5.0/jakarta.inject-2.5.0.jar:/home/user/.m2/repository/org/glassfish/hk2/hk2-utils/2.5.0/hk2-utils-2.5.0.jar:/home/user/.m2/repository/jakarta/annotation/jakarta.annotation-api/1.3.4/jakarta.annotation-api-1.3.4.jar:/home/user/.m2/repository/org/glassfish/hk2/external/aopalliance-repackaged/2.5.0/aopalliance-repackaged-2.5.0.jar:/home/user/.m2/repository/com/fasterxml/jackson/dataformat/jackson-dataformat-xml/2.9.0/jackson-dataformat-xml-2.9.0.jar:/home/user/.m2/repository/com/fasterxml/jackson/core/jackson-core/2.9.5/jackson-core-2.9.5.jar:/home/user/.m2/repository/com/fasterxml/jackson/module/jackson-module-jaxb-annotations/2.9.5/jackson-module-jaxb-annotations-2.9.5.jar:/home/user/.m2/repository/javax/enterprise/cdi-api/1.2/cdi-api-1.2.jar:/home/user/.m2/repository/javax/el/javax.el-api/3.0.0/javax.el-api-3.0.0.jar:/home/user/.m2/repository/javax/interceptor/javax.interceptor-api/1.2/javax.interceptor-api-1.2.jar:/home/user/.m2/repository/javax/inject/javax.inject/1/javax.inject-1.jar:/home/user/.m2/repository/com/sun/xml/bind/jaxb-impl/2.3.0.1/jaxb-impl-2.3.0.1.jar:/home/user/.m2/repository/com/sun/xml/bind/jaxb-core/2.3.0.1/jaxb-core-2.3.0.1.jar:/home/user/.m2/repository/javax/xml/bind/jaxb-api/2.3.0/jaxb-api-2.3.0.jar:/home/user/.m2/repository/javax/activation/activation/1.1.1/activation-1.1.1.jar:/home/user/.m2/repository/org/apache/hadoop/hadoop-ozone-csi/0.5.0-SNAPSHOT/hadoop-ozone-csi-0.5.0-SNAPSHOT.jar:/home/user/.m2/repository/com/google/protobuf/protobuf-java-util/3.5.1/protobuf-java-util-3.5.1.jar:/home/user/.m2/repository/org/apache/hadoop/hadoop-hdds-config/0.5.0-SNAPSHOT/hadoop-hdds-config-0.5.0-SNAPSHOT.jar:/home/user/.m2/repository/io/grpc/grpc-netty/1.17.1/grpc-netty-1.17.1.jar:/home/user/.m2/repository/io/grpc/grpc-core/1.17.1/grpc-core-1.17.1.jar:/home/user/.m2/repository/io/grpc/grpc-context/1.17.1/grpc-context-1.17.1.jar:/home/user/.m2/repository/com/google/errorprone/error_prone_annotations/2.2.0/error_prone_annotations-2.2.0.jar:/home/user/.m2/repository/org/codehaus/mojo/animal-sniffer-annotations/1.17/animal-sniffer-annotations-1.17.jar:/home/user/.m2/repository/io/opencensus/opencensus-api/0.17.0/opencensus-api-0.17.0.jar:/home/user/.m2/repository/io/opencensus/opencensus-contrib-grpc-metrics/0.17.0/opencensus-contrib-grpc-metrics-0.17.0.jar:/home/user/.m2/repository/io/netty/netty-codec-http2/4.1.30.Final/netty-codec-http2-4.1.30.Final.jar:/home/user/.m2/repository/io/netty/netty-codec-http/4.1.30.Final/netty-codec-http-4.1.30.Final.jar:/home/user/.m2/repository/io/netty/netty-codec/4.1.30.Final/netty-codec-4.1.30.Final.jar:/home/user/.m2/repository/io/netty/netty-handler/4.1.30.Final/netty-handler-4.1.30.Final.jar:/home/user/.m2/repository/io/netty/netty-handler-proxy/4.1.30.Final/netty-handler-proxy-4.1.30.Final.jar:/home/user/.m2/repository/io/netty/netty-codec-socks/4.1.30.Final/netty-codec-socks-4.1.30.Final.jar:/home/user/.m2/repository/io/netty/netty-transport-native-epoll/4.1.30.Final/netty-transport-native-epoll-4.1.30.Final.jar:/home/user/.m2/repository/io/netty/netty-common/4.1.30.Final/netty-common-4.1.30.Final.jar:/home/user/.m2/repository/io/netty/netty-buffer/4.1.30.Final/netty-buffer-4.1.30.Final.jar:/home/user/.m2/repository/io/netty/netty-transport/4.1.30.Final/netty-transport-4.1.30.Final.jar:/home/user/.m2/repository/io/netty/netty-resolver/4.1.30.Final/netty-resolver-4.1.30.Final.jar:/home/user/.m2/repository/io/netty/netty-transport-native-unix-common/4.1.30.Final/netty-transport-native-unix-common-4.1.30.Final.jar:/home/user/.m2/repository/io/grpc/grpc-protobuf/1.17.1/grpc-protobuf-1.17.1.jar:/home/user/.m2/repository/com/google/api/grpc/proto-google-common-protos/1.0.0/proto-google-common-protos-1.0.0.jar:/home/user/.m2/repository/io/grpc/grpc-protobuf-lite/1.17.1/grpc-protobuf-lite-1.17.1.jar:/home/user/.m2/repository/io/grpc/grpc-stub/1.17.1/grpc-stub-1.17.1.jar:/home/user/.m2/repository/org/apache/hadoop/hadoop-ozone-recon/0.5.0-SNAPSHOT/hadoop-ozone-recon-0.5.0-SNAPSHOT.jar:/home/user/.m2/repository/org/apache/hadoop/hadoop-ozone-reconcodegen/0.5.0-SNAPSHOT/hadoop-ozone-reconcodegen-0.5.0-SNAPSHOT.jar:/home/user/.m2/repository/com/google/inject/extensions/guice-multibindings/4.0/guice-multibindings-4.0.jar:/home/user/.m2/repository/com/google/inject/guice/4.0/guice-4.0.jar:/home/user/.m2/repository/aopalliance/aopalliance/1.0/aopalliance-1.0.jar:/home/user/.m2/repository/com/google/inject/extensions/guice-servlet/4.0/guice-servlet-4.0.jar:/home/user/.m2/repository/org/glassfish/jersey/containers/jersey-container-servlet/2.27/jersey-container-servlet-2.27.jar:/home/user/.m2/repository/org/glassfish/hk2/guice-bridge/2.5.0/guice-bridge-2.5.0.jar:/home/user/.m2/repository/org/glassfish/jersey/core/jersey-server/2.27/jersey-server-2.27.jar:/home/user/.m2/repository/org/glassfish/jersey/core/jersey-client/2.27/jersey-client-2.27.jar:/home/user/.m2/repository/org/glassfish/jersey/media/jersey-media-jaxb/2.27/jersey-media-jaxb-2.27.jar:/home/user/.m2/repository/javax/validation/validation-api/1.1.0.Final/validation-api-1.1.0.Final.jar:/home/user/.m2/repository/org/glassfish/jersey/media/jersey-media-json-jackson/2.27/jersey-media-json-jackson-2.27.jar:/home/user/.m2/repository/org/glassfish/jersey/ext/jersey-entity-filtering/2.27/jersey-entity-filtering-2.27.jar:/home/user/.m2/repository/com/google/inject/extensions/guice-assistedinject/4.0/guice-assistedinject-4.0.jar:/home/user/.m2/repository/org/jooq/jooq/3.11.10/jooq-3.11.10.jar:/home/user/.m2/repository/org/jooq/jooq-meta/3.11.10/jooq-meta-3.11.10.jar:/home/user/.m2/repository/org/jooq/jooq-codegen/3.11.10/jooq-codegen-3.11.10.jar:/home/user/.m2/repository/com/jolbox/bonecp/0.8.0.RELEASE/bonecp-0.8.0.RELEASE.jar:/home/user/.m2/repository/org/xerial/sqlite-jdbc/3.25.2/sqlite-jdbc-3.25.2.jar:/home/user/.m2/repository/org/springframework/spring-jdbc/5.1.3.RELEASE/spring-jdbc-5.1.3.RELEASE.jar:/home/user/.m2/repository/org/springframework/spring-beans/5.1.3.RELEASE/spring-beans-5.1.3.RELEASE.jar:/home/user/.m2/repository/org/springframework/spring-core/5.1.3.RELEASE/spring-core-5.1.3.RELEASE.jar:/home/user/.m2/repository/org/springframework/spring-jcl/5.1.3.RELEASE/spring-jcl-5.1.3.RELEASE.jar:/home/user/.m2/repository/org/springframework/spring-tx/5.1.3.RELEASE/spring-tx-5.1.3.RELEASE.jar:/home/user/.m2/repository/org/apache/hadoop/hadoop-ozone-client/0.5.0-SNAPSHOT/hadoop-ozone-client-0.5.0-SNAPSHOT.jar:/home/user/.m2/repository/commons-lang/commons-lang/2.6/commons-lang-2.6.jar:/home/user/.m2/repository/org/apache/hadoop/hadoop-ozone-ozone-manager/0.5.0-SNAPSHOT/hadoop-ozone-ozone-manager-0.5.0-SNAPSHOT-tests.jar:/home/user/.m2/repository/junit/junit/4.11/junit-4.11.jar:/home/user/.m2/repository/org/hamcrest/hamcrest-core/1.3/hamcrest-core-1.3.jar:/home/user/.m2/repository/org/openjdk/jmh/jmh-core/1.19/jmh-core-1.19.jar:/home/user/.m2/repository/net/sf/jopt-simple/jopt-simple/4.6/jopt-simple-4.6.jar:/home/user/.m2/repository/org/apache/commons/commons-math3/3.1.1/commons-math3-3.1.1.jar:/home/user/.m2/repository/org/openjdk/jmh/jmh-generator-annprocess/1.19/jmh-generator-annprocess-1.19.jar:/home/user/.m2/repository/org/mockito/mockito-all/1.8.5/mockito-all-1.8.5.jar:/home/user/.m2/repository/org/apache/hadoop/hadoop-kms/3.2.0/hadoop-kms-3.2.0.jar:/home/user/.m2/repository/org/apache/hadoop/hadoop-auth/3.2.0/hadoop-auth-3.2.0.jar:/home/user/.m2/repository/com/nimbusds/nimbus-jose-jwt/4.41.1/nimbus-jose-jwt-4.41.1.jar:/home/user/.m2/repository/com/github/stephenc/jcip/jcip-annotations/1.0-1/jcip-annotations-1.0-1.jar:/home/user/.m2/repository/net/minidev/json-smart/2.3/json-smart-2.3.jar:/home/user/.m2/repository/net/minidev/accessors-smart/1.2/accessors-smart-1.2.jar:/home/user/.m2/repository/org/ow2/asm/asm/5.0.4/asm-5.0.4.jar:/home/user/.m2/repository/org/apache/curator/curator-framework/2.12.0/curator-framework-2.12.0.jar:/home/user/.m2/repository/com/sun/jersey/jersey-core/1.19/jersey-core-1.19.jar:/home/user/.m2/repository/javax/ws/rs/jsr311-api/1.1.1/jsr311-api-1.1.1.jar:/home/user/.m2/repository/com/sun/jersey/jersey-server/1.19/jersey-server-1.19.jar:/home/user/.m2/repository/javax/servlet/javax.servlet-api/3.1.0/javax.servlet-api-3.1.0.jar:/home/user/.m2/repository/org/eclipse/jetty/jetty-server/9.3.24.v20180605/jetty-server-9.3.24.v20180605.jar:/home/user/.m2/repository/org/eclipse/jetty/jetty-http/9.3.24.v20180605/jetty-http-9.3.24.v20180605.jar:/home/user/.m2/repository/org/eclipse/jetty/jetty-io/9.3.24.v20180605/jetty-io-9.3.24.v20180605.jar:/home/user/.m2/repository/org/eclipse/jetty/jetty-webapp/9.3.24.v20180605/jetty-webapp-9.3.24.v20180605.jar:/home/user/.m2/repository/org/eclipse/jetty/jetty-xml/9.3.24.v20180605/jetty-xml-9.3.24.v20180605.jar:/home/user/.m2/repository/log4j/log4j/1.2.17/log4j-1.2.17.jar:/home/user/.m2/repository/org/slf4j/slf4j-api/1.7.25/slf4j-api-1.7.25.jar:/home/user/.m2/repository/org/slf4j/jul-to-slf4j/1.7.25/jul-to-slf4j-1.7.25.jar:/home/user/.m2/repository/org/eclipse/jetty/jetty-util/9.3.24.v20180605/jetty-util-9.3.24.v20180605.jar:/home/user/.m2/repository/com/fasterxml/jackson/core/jackson-databind/2.9.5/jackson-databind-2.9.5.jar:/home/user/.m2/repository/org/apache/hadoop/hadoop-kms/3.2.0/hadoop-kms-3.2.0-tests.jar:/home/user/.m2/repository/org/apache/hadoop/hadoop-hdds-server-scm/0.5.0-SNAPSHOT/hadoop-hdds-server-scm-0.5.0-SNAPSHOT-tests.jar:/home/user/.m2/repository/org/apache/hadoop/hadoop-hdds-container-service/0.5.0-SNAPSHOT/hadoop-hdds-container-service-0.5.0-SNAPSHOT-tests.jar:/home/user/.m2/repository/org/yaml/snakeyaml/1.16/snakeyaml-1.16.jar:/home/user/.m2/repository/org/apache/hadoop/hadoop-common/3.2.0/hadoop-common-3.2.0-tests.jar:/home/user/.m2/repository/org/apache/hadoop/hadoop-annotations/3.2.0/hadoop-annotations-3.2.0.jar:/usr/lib/jvm/java-1.8-openjdk/jre/../lib/tools.jar:/home/user/.m2/repository/commons-cli/commons-cli/1.2/commons-cli-1.2.jar:/home/user/.m2/repository/org/apache/httpcomponents/httpclient/4.5.2/httpclient-4.5.2.jar:/home/user/.m2/repository/org/apache/httpcomponents/httpcore/4.4.4/httpcore-4.4.4.jar:/home/user/.m2/repository/commons-codec/commons-codec/1.11/commons-codec-1.11.jar:/home/user/.m2/repository/commons-net/commons-net/3.6/commons-net-3.6.jar:/home/user/.m2/repository/commons-collections/commons-collections/3.2.2/commons-collections-3.2.2.jar:/home/user/.m2/repository/org/eclipse/jetty/jetty-servlet/9.3.24.v20180605/jetty-servlet-9.3.24.v20180605.jar:/home/user/.m2/repository/org/eclipse/jetty/jetty-security/9.3.24.v20180605/jetty-security-9.3.24.v20180605.jar:/home/user/.m2/repository/javax/servlet/jsp/jsp-api/2.1/jsp-api-2.1.jar:/home/user/.m2/repository/com/sun/jersey/jersey-servlet/1.19/jersey-servlet-1.19.jar:/home/user/.m2/repository/com/sun/jersey/jersey-json/1.19/jersey-json-1.19.jar:/home/user/.m2/repository/org/codehaus/jettison/jettison/1.1/jettison-1.1.jar:/home/user/.m2/repository/org/codehaus/jackson/jackson-core-asl/1.9.13/jackson-core-asl-1.9.13.jar:/home/user/.m2/repository/org/codehaus/jackson/jackson-mapper-asl/1.9.13/jackson-mapper-asl-1.9.13.jar:/home/user/.m2/repository/org/codehaus/jackson/jackson-jaxrs/1.9.13/jackson-jaxrs-1.9.13.jar:/home/user/.m2/repository/org/codehaus/jackson/jackson-xc/1.9.13/jackson-xc-1.9.13.jar:/home/user/.m2/repository/commons-logging/commons-logging/1.1.3/commons-logging-1.1.3.jar:/home/user/.m2/repository/commons-beanutils/commons-beanutils/1.9.3/commons-beanutils-1.9.3.jar:/home/user/.m2/repository/org/apache/commons/commons-configuration2/2.1.1/commons-configuration2-2.1.1.jar:/home/user/.m2/repository/org/apache/commons/commons-lang3/3.7/commons-lang3-3.7.jar:/home/user/.m2/repository/org/apache/commons/commons-text/1.4/commons-text-1.4.jar:/home/user/.m2/repository/org/apache/avro/avro/1.7.7/avro-1.7.7.jar:/home/user/.m2/repository/com/thoughtworks/paranamer/paranamer/2.3/paranamer-2.3.jar:/home/user/.m2/repository/org/xerial/snappy/snappy-java/1.0.5/snappy-java-1.0.5.jar:/home/user/.m2/repository/com/google/re2j/re2j/1.1/re2j-1.1.jar:/home/user/.m2/repository/com/google/code/gson/gson/2.2.4/gson-2.2.4.jar:/home/user/.m2/repository/com/jcraft/jsch/0.1.54/jsch-0.1.54.jar:/home/user/.m2/repository/org/apache/curator/curator-client/2.12.0/curator-client-2.12.0.jar:/home/user/.m2/repository/org/apache/curator/curator-recipes/2.12.0/curator-recipes-2.12.0.jar:/home/user/.m2/repository/com/google/code/findbugs/jsr305/3.0.0/jsr305-3.0.0.jar:/home/user/.m2/repository/org/apache/htrace/htrace-core4/4.1.0-incubating/htrace-core4-4.1.0-incubating.jar:/home/user/.m2/repository/org/apache/zookeeper/zookeeper/3.4.13/zookeeper-3.4.13.jar:/home/user/.m2/repository/org/apache/yetus/audience-annotations/0.5.0/audience-annotations-0.5.0.jar:/home/user/.m2/repository/org/codehaus/woodstox/stax2-api/3.1.4/stax2-api-3.1.4.jar:/home/user/.m2/repository/com/fasterxml/woodstox/woodstox-core/5.0.3/woodstox-core-5.0.3.jar:/home/user/.m2/repository/dnsjava/dnsjava/2.1.7/dnsjava-2.1.7.jar:/home/user/.m2/repository/org/apache/hadoop/hadoop-hdfs/3.2.0/hadoop-hdfs-3.2.0-tests.jar:/home/user/.m2/repository/org/eclipse/jetty/jetty-util-ajax/9.3.24.v20180605/jetty-util-ajax-9.3.24.v20180605.jar:/home/user/.m2/repository/commons-daemon/commons-daemon/1.0.13/commons-daemon-1.0.13.jar:/home/user/.m2/repository/io/netty/netty/3.10.5.Final/netty-3.10.5.Final.jar:/home/user/.m2/repository/io/netty/netty-all/4.0.52.Final/netty-all-4.0.52.Final.jar:/home/user/.m2/repository/org/fusesource/leveldbjni/leveldbjni-all/1.8/leveldbjni-all-1.8.jar:"/>
    <property name="java.vm.vendor" value="IcedTea"/>
    <property name="sun.arch.data.model" value="64"/>
    <property name="test.build.dir" value="/tmp/workdir/hadoop-ozone/integration-test/target/test-dir"/>
    <property name="test.cache.data" value=""/>
    <property name="java.vendor.url" value="https://icedtea.classpath.org"/>
    <property name="user.timezone" value=""/>
    <property name="java.vm.specification.version" value="1.8"/>
    <property name="os.name" value="Linux"/>
    <property name="test.build.data" value="/tmp/workdir/hadoop-ozone/integration-test/target/test-dir"/>
    <property name="user.country" value="US"/>
    <property name="sun.java.launcher" value="SUN_STANDARD"/>
    <property name="sun.boot.library.path" value="/usr/lib/jvm/java-1.8-openjdk/jre/lib/amd64"/>
    <property name="sun.java.command" value="/tmp/workdir/hadoop-ozone/integration-test/target/surefire/surefirebooter7560357000013868077.jar /tmp/workdir/hadoop-ozone/integration-test/target/surefire 2019-07-14T02-11-03_878-jvmRun1 surefire4893488383883785045tmp surefire_473111035462508986007tmp"/>
    <property name="surefire.test.class.path" value="/tmp/workdir/hadoop-ozone/integration-test/target/test-classes:/tmp/workdir/hadoop-ozone/integration-test/target/classes:/home/user/.m2/repository/org/apache/hadoop/hadoop-ozone-common/0.5.0-SNAPSHOT/hadoop-ozone-common-0.5.0-SNAPSHOT.jar:/home/user/.m2/repository/org/apache/commons/commons-compress/1.4.1/commons-compress-1.4.1.jar:/home/user/.m2/repository/org/tukaani/xz/1.0/xz-1.0.jar:/home/user/.m2/repository/org/apache/hadoop/hadoop-common/3.2.0/hadoop-common-3.2.0.jar:/home/user/.m2/repository/org/apache/hadoop/hadoop-hdfs/3.2.0/hadoop-hdfs-3.2.0.jar:/home/user/.m2/repository/org/apache/hadoop/hadoop-hdfs-client/3.2.0/hadoop-hdfs-client-3.2.0.jar:/home/user/.m2/repository/com/fasterxml/jackson/core/jackson-annotations/2.9.5/jackson-annotations-2.9.5.jar:/home/user/.m2/repository/org/apache/hadoop/hadoop-hdds-common/0.5.0-SNAPSHOT/hadoop-hdds-common-0.5.0-SNAPSHOT.jar:/home/user/.m2/repository/javax/annotation/javax.annotation-api/1.2/javax.annotation-api-1.2.jar:/home/user/.m2/repository/org/apache/ratis/ratis-server/0.4.0-2337318-SNAPSHOT/ratis-server-0.4.0-2337318-SNAPSHOT.jar:/home/user/.m2/repository/org/apache/ratis/ratis-thirdparty-misc/0.2.0/ratis-thirdparty-misc-0.2.0.jar:/home/user/.m2/repository/org/apache/ratis/ratis-proto/0.4.0-2337318-SNAPSHOT/ratis-proto-0.4.0-2337318-SNAPSHOT.jar:/home/user/.m2/repository/org/apache/ratis/ratis-common/0.4.0-2337318-SNAPSHOT/ratis-common-0.4.0-2337318-SNAPSHOT.jar:/home/user/.m2/repository/org/apache/ratis/ratis-client/0.4.0-2337318-SNAPSHOT/ratis-client-0.4.0-2337318-SNAPSHOT.jar:/home/user/.m2/repository/org/apache/ratis/ratis-metrics/0.4.0-2337318-SNAPSHOT/ratis-metrics-0.4.0-2337318-SNAPSHOT.jar:/home/user/.m2/repository/org/apache/ratis/ratis-netty/0.4.0-2337318-SNAPSHOT/ratis-netty-0.4.0-2337318-SNAPSHOT.jar:/home/user/.m2/repository/org/apache/ratis/ratis-grpc/0.4.0-2337318-SNAPSHOT/ratis-grpc-0.4.0-2337318-SNAPSHOT.jar:/home/user/.m2/repository/org/rocksdb/rocksdbjni/6.0.1/rocksdbjni-6.0.1.jar:/home/user/.m2/repository/org/apache/logging/log4j/log4j-api/2.11.0/log4j-api-2.11.0.jar:/home/user/.m2/repository/org/apache/logging/log4j/log4j-core/2.11.0/log4j-core-2.11.0.jar:/home/user/.m2/repository/com/lmax/disruptor/3.4.2/disruptor-3.4.2.jar:/home/user/.m2/repository/org/apache/commons/commons-pool2/2.6.0/commons-pool2-2.6.0.jar:/home/user/.m2/repository/org/bouncycastle/bcpkix-jdk15on/1.60/bcpkix-jdk15on-1.60.jar:/home/user/.m2/repository/commons-validator/commons-validator/1.6/commons-validator-1.6.jar:/home/user/.m2/repository/commons-digester/commons-digester/1.8.1/commons-digester-1.8.1.jar:/home/user/.m2/repository/io/jaegertracing/jaeger-client/0.33.1/jaeger-client-0.33.1.jar:/home/user/.m2/repository/io/jaegertracing/jaeger-thrift/0.33.1/jaeger-thrift-0.33.1.jar:/home/user/.m2/repository/org/apache/thrift/libthrift/0.11.0/libthrift-0.11.0.jar:/home/user/.m2/repository/com/squareup/okhttp3/okhttp/3.9.0/okhttp-3.9.0.jar:/home/user/.m2/repository/com/squareup/okio/okio/1.13.0/okio-1.13.0.jar:/home/user/.m2/repository/io/jaegertracing/jaeger-core/0.33.1/jaeger-core-0.33.1.jar:/home/user/.m2/repository/io/jaegertracing/jaeger-tracerresolver/0.33.1/jaeger-tracerresolver-0.33.1.jar:/home/user/.m2/repository/io/opentracing/contrib/opentracing-tracerresolver/0.1.5/opentracing-tracerresolver-0.1.5.jar:/home/user/.m2/repository/io/opentracing/opentracing-util/0.31.0/opentracing-util-0.31.0.jar:/home/user/.m2/repository/io/opentracing/opentracing-api/0.31.0/opentracing-api-0.31.0.jar:/home/user/.m2/repository/io/opentracing/opentracing-noop/0.31.0/opentracing-noop-0.31.0.jar:/home/user/.m2/repository/org/apache/hadoop/hadoop-hdds-server-framework/0.5.0-SNAPSHOT/hadoop-hdds-server-framework-0.5.0-SNAPSHOT.jar:/home/user/.m2/repository/org/apache/hadoop/hadoop-hdds-container-service/0.5.0-SNAPSHOT/hadoop-hdds-container-service-0.5.0-SNAPSHOT.jar:/home/user/.m2/repository/org/apache/hadoop/hadoop-hdds-client/0.5.0-SNAPSHOT/hadoop-hdds-client-0.5.0-SNAPSHOT.jar:/home/user/.m2/repository/org/apache/hadoop/hadoop-hdds-tools/0.5.0-SNAPSHOT/hadoop-hdds-tools-0.5.0-SNAPSHOT.jar:/home/user/.m2/repository/org/apache/hadoop/hadoop-hdds-server-scm/0.5.0-SNAPSHOT/hadoop-hdds-server-scm-0.5.0-SNAPSHOT.jar:/home/user/.m2/repository/org/apache/hadoop/hadoop-hdds-docs/0.5.0-SNAPSHOT/hadoop-hdds-docs-0.5.0-SNAPSHOT.jar:/home/user/.m2/repository/io/dropwizard/metrics/metrics-core/3.2.4/metrics-core-3.2.4.jar:/home/user/.m2/repository/org/hamcrest/hamcrest-all/1.3/hamcrest-all-1.3.jar:/home/user/.m2/repository/org/bouncycastle/bcprov-jdk15on/1.60/bcprov-jdk15on-1.60.jar:/home/user/.m2/repository/info/picocli/picocli/3.9.6/picocli-3.9.6.jar:/home/user/.m2/repository/com/google/protobuf/protobuf-java/2.5.0/protobuf-java-2.5.0.jar:/home/user/.m2/repository/com/google/guava/guava/11.0.2/guava-11.0.2.jar:/home/user/.m2/repository/org/apache/hadoop/hadoop-ozone-ozone-manager/0.5.0-SNAPSHOT/hadoop-ozone-ozone-manager-0.5.0-SNAPSHOT.jar:/home/user/.m2/repository/org/apache/hadoop/hadoop-minikdc/3.2.0/hadoop-minikdc-3.2.0.jar:/home/user/.m2/repository/commons-io/commons-io/2.5/commons-io-2.5.jar:/home/user/.m2/repository/org/apache/kerby/kerb-simplekdc/1.0.1/kerb-simplekdc-1.0.1.jar:/home/user/.m2/repository/org/apache/kerby/kerb-client/1.0.1/kerb-client-1.0.1.jar:/home/user/.m2/repository/org/apache/kerby/kerby-config/1.0.1/kerby-config-1.0.1.jar:/home/user/.m2/repository/org/apache/kerby/kerb-core/1.0.1/kerb-core-1.0.1.jar:/home/user/.m2/repository/org/apache/kerby/kerby-pkix/1.0.1/kerby-pkix-1.0.1.jar:/home/user/.m2/repository/org/apache/kerby/kerby-asn1/1.0.1/kerby-asn1-1.0.1.jar:/home/user/.m2/repository/org/apache/kerby/kerby-util/1.0.1/kerby-util-1.0.1.jar:/home/user/.m2/repository/org/apache/kerby/kerb-common/1.0.1/kerb-common-1.0.1.jar:/home/user/.m2/repository/org/apache/kerby/kerb-crypto/1.0.1/kerb-crypto-1.0.1.jar:/home/user/.m2/repository/org/apache/kerby/kerb-util/1.0.1/kerb-util-1.0.1.jar:/home/user/.m2/repository/org/apache/kerby/token-provider/1.0.1/token-provider-1.0.1.jar:/home/user/.m2/repository/org/apache/kerby/kerb-admin/1.0.1/kerb-admin-1.0.1.jar:/home/user/.m2/repository/org/apache/kerby/kerb-server/1.0.1/kerb-server-1.0.1.jar:/home/user/.m2/repository/org/apache/kerby/kerb-identity/1.0.1/kerb-identity-1.0.1.jar:/home/user/.m2/repository/org/apache/kerby/kerby-xdr/1.0.1/kerby-xdr-1.0.1.jar:/home/user/.m2/repository/org/slf4j/slf4j-log4j12/1.7.25/slf4j-log4j12-1.7.25.jar:/home/user/.m2/repository/org/apache/hadoop/hadoop-ozone-objectstore-service/0.5.0-SNAPSHOT/hadoop-ozone-objectstore-service-0.5.0-SNAPSHOT.jar:/home/user/.m2/repository/org/apache/hadoop/hadoop-ozone-s3gateway/0.5.0-SNAPSHOT/hadoop-ozone-s3gateway-0.5.0-SNAPSHOT.jar:/home/user/.m2/repository/org/jboss/weld/servlet/weld-servlet/2.4.7.Final/weld-servlet-2.4.7.Final.jar:/home/user/.m2/repository/org/glassfish/jersey/containers/jersey-container-servlet-core/2.27/jersey-container-servlet-core-2.27.jar:/home/user/.m2/repository/org/glassfish/hk2/external/javax.inject/2.5.0-b42/javax.inject-2.5.0-b42.jar:/home/user/.m2/repository/org/glassfish/jersey/core/jersey-common/2.27/jersey-common-2.27.jar:/home/user/.m2/repository/org/glassfish/hk2/osgi-resource-locator/1.0.1/osgi-resource-locator-1.0.1.jar:/home/user/.m2/repository/javax/ws/rs/javax.ws.rs-api/2.1/javax.ws.rs-api-2.1.jar:/home/user/.m2/repository/org/glassfish/jersey/ext/cdi/jersey-cdi1x/2.27/jersey-cdi1x-2.27.jar:/home/user/.m2/repository/org/glassfish/jersey/inject/jersey-hk2/2.27/jersey-hk2-2.27.jar:/home/user/.m2/repository/org/glassfish/hk2/hk2-locator/2.5.0-b42/hk2-locator-2.5.0-b42.jar:/home/user/.m2/repository/org/javassist/javassist/3.22.0-CR2/javassist-3.22.0-CR2.jar:/home/user/.m2/repository/org/glassfish/hk2/hk2-api/2.5.0/hk2-api-2.5.0.jar:/home/user/.m2/repository/org/glassfish/hk2/external/jakarta.inject/2.5.0/jakarta.inject-2.5.0.jar:/home/user/.m2/repository/org/glassfish/hk2/hk2-utils/2.5.0/hk2-utils-2.5.0.jar:/home/user/.m2/repository/jakarta/annotation/jakarta.annotation-api/1.3.4/jakarta.annotation-api-1.3.4.jar:/home/user/.m2/repository/org/glassfish/hk2/external/aopalliance-repackaged/2.5.0/aopalliance-repackaged-2.5.0.jar:/home/user/.m2/repository/com/fasterxml/jackson/dataformat/jackson-dataformat-xml/2.9.0/jackson-dataformat-xml-2.9.0.jar:/home/user/.m2/repository/com/fasterxml/jackson/core/jackson-core/2.9.5/jackson-core-2.9.5.jar:/home/user/.m2/repository/com/fasterxml/jackson/module/jackson-module-jaxb-annotations/2.9.5/jackson-module-jaxb-annotations-2.9.5.jar:/home/user/.m2/repository/javax/enterprise/cdi-api/1.2/cdi-api-1.2.jar:/home/user/.m2/repository/javax/el/javax.el-api/3.0.0/javax.el-api-3.0.0.jar:/home/user/.m2/repository/javax/interceptor/javax.interceptor-api/1.2/javax.interceptor-api-1.2.jar:/home/user/.m2/repository/javax/inject/javax.inject/1/javax.inject-1.jar:/home/user/.m2/repository/com/sun/xml/bind/jaxb-impl/2.3.0.1/jaxb-impl-2.3.0.1.jar:/home/user/.m2/repository/com/sun/xml/bind/jaxb-core/2.3.0.1/jaxb-core-2.3.0.1.jar:/home/user/.m2/repository/javax/xml/bind/jaxb-api/2.3.0/jaxb-api-2.3.0.jar:/home/user/.m2/repository/javax/activation/activation/1.1.1/activation-1.1.1.jar:/home/user/.m2/repository/org/apache/hadoop/hadoop-ozone-csi/0.5.0-SNAPSHOT/hadoop-ozone-csi-0.5.0-SNAPSHOT.jar:/home/user/.m2/repository/com/google/protobuf/protobuf-java-util/3.5.1/protobuf-java-util-3.5.1.jar:/home/user/.m2/repository/org/apache/hadoop/hadoop-hdds-config/0.5.0-SNAPSHOT/hadoop-hdds-config-0.5.0-SNAPSHOT.jar:/home/user/.m2/repository/io/grpc/grpc-netty/1.17.1/grpc-netty-1.17.1.jar:/home/user/.m2/repository/io/grpc/grpc-core/1.17.1/grpc-core-1.17.1.jar:/home/user/.m2/repository/io/grpc/grpc-context/1.17.1/grpc-context-1.17.1.jar:/home/user/.m2/repository/com/google/errorprone/error_prone_annotations/2.2.0/error_prone_annotations-2.2.0.jar:/home/user/.m2/repository/org/codehaus/mojo/animal-sniffer-annotations/1.17/animal-sniffer-annotations-1.17.jar:/home/user/.m2/repository/io/opencensus/opencensus-api/0.17.0/opencensus-api-0.17.0.jar:/home/user/.m2/repository/io/opencensus/opencensus-contrib-grpc-metrics/0.17.0/opencensus-contrib-grpc-metrics-0.17.0.jar:/home/user/.m2/repository/io/netty/netty-codec-http2/4.1.30.Final/netty-codec-http2-4.1.30.Final.jar:/home/user/.m2/repository/io/netty/netty-codec-http/4.1.30.Final/netty-codec-http-4.1.30.Final.jar:/home/user/.m2/repository/io/netty/netty-codec/4.1.30.Final/netty-codec-4.1.30.Final.jar:/home/user/.m2/repository/io/netty/netty-handler/4.1.30.Final/netty-handler-4.1.30.Final.jar:/home/user/.m2/repository/io/netty/netty-handler-proxy/4.1.30.Final/netty-handler-proxy-4.1.30.Final.jar:/home/user/.m2/repository/io/netty/netty-codec-socks/4.1.30.Final/netty-codec-socks-4.1.30.Final.jar:/home/user/.m2/repository/io/netty/netty-transport-native-epoll/4.1.30.Final/netty-transport-native-epoll-4.1.30.Final.jar:/home/user/.m2/repository/io/netty/netty-common/4.1.30.Final/netty-common-4.1.30.Final.jar:/home/user/.m2/repository/io/netty/netty-buffer/4.1.30.Final/netty-buffer-4.1.30.Final.jar:/home/user/.m2/repository/io/netty/netty-transport/4.1.30.Final/netty-transport-4.1.30.Final.jar:/home/user/.m2/repository/io/netty/netty-resolver/4.1.30.Final/netty-resolver-4.1.30.Final.jar:/home/user/.m2/repository/io/netty/netty-transport-native-unix-common/4.1.30.Final/netty-transport-native-unix-common-4.1.30.Final.jar:/home/user/.m2/repository/io/grpc/grpc-protobuf/1.17.1/grpc-protobuf-1.17.1.jar:/home/user/.m2/repository/com/google/api/grpc/proto-google-common-protos/1.0.0/proto-google-common-protos-1.0.0.jar:/home/user/.m2/repository/io/grpc/grpc-protobuf-lite/1.17.1/grpc-protobuf-lite-1.17.1.jar:/home/user/.m2/repository/io/grpc/grpc-stub/1.17.1/grpc-stub-1.17.1.jar:/home/user/.m2/repository/org/apache/hadoop/hadoop-ozone-recon/0.5.0-SNAPSHOT/hadoop-ozone-recon-0.5.0-SNAPSHOT.jar:/home/user/.m2/repository/org/apache/hadoop/hadoop-ozone-reconcodegen/0.5.0-SNAPSHOT/hadoop-ozone-reconcodegen-0.5.0-SNAPSHOT.jar:/home/user/.m2/repository/com/google/inject/extensions/guice-multibindings/4.0/guice-multibindings-4.0.jar:/home/user/.m2/repository/com/google/inject/guice/4.0/guice-4.0.jar:/home/user/.m2/repository/aopalliance/aopalliance/1.0/aopalliance-1.0.jar:/home/user/.m2/repository/com/google/inject/extensions/guice-servlet/4.0/guice-servlet-4.0.jar:/home/user/.m2/repository/org/glassfish/jersey/containers/jersey-container-servlet/2.27/jersey-container-servlet-2.27.jar:/home/user/.m2/repository/org/glassfish/hk2/guice-bridge/2.5.0/guice-bridge-2.5.0.jar:/home/user/.m2/repository/org/glassfish/jersey/core/jersey-server/2.27/jersey-server-2.27.jar:/home/user/.m2/repository/org/glassfish/jersey/core/jersey-client/2.27/jersey-client-2.27.jar:/home/user/.m2/repository/org/glassfish/jersey/media/jersey-media-jaxb/2.27/jersey-media-jaxb-2.27.jar:/home/user/.m2/repository/javax/validation/validation-api/1.1.0.Final/validation-api-1.1.0.Final.jar:/home/user/.m2/repository/org/glassfish/jersey/media/jersey-media-json-jackson/2.27/jersey-media-json-jackson-2.27.jar:/home/user/.m2/repository/org/glassfish/jersey/ext/jersey-entity-filtering/2.27/jersey-entity-filtering-2.27.jar:/home/user/.m2/repository/com/google/inject/extensions/guice-assistedinject/4.0/guice-assistedinject-4.0.jar:/home/user/.m2/repository/org/jooq/jooq/3.11.10/jooq-3.11.10.jar:/home/user/.m2/repository/org/jooq/jooq-meta/3.11.10/jooq-meta-3.11.10.jar:/home/user/.m2/repository/org/jooq/jooq-codegen/3.11.10/jooq-codegen-3.11.10.jar:/home/user/.m2/repository/com/jolbox/bonecp/0.8.0.RELEASE/bonecp-0.8.0.RELEASE.jar:/home/user/.m2/repository/org/xerial/sqlite-jdbc/3.25.2/sqlite-jdbc-3.25.2.jar:/home/user/.m2/repository/org/springframework/spring-jdbc/5.1.3.RELEASE/spring-jdbc-5.1.3.RELEASE.jar:/home/user/.m2/repository/org/springframework/spring-beans/5.1.3.RELEASE/spring-beans-5.1.3.RELEASE.jar:/home/user/.m2/repository/org/springframework/spring-core/5.1.3.RELEASE/spring-core-5.1.3.RELEASE.jar:/home/user/.m2/repository/org/springframework/spring-jcl/5.1.3.RELEASE/spring-jcl-5.1.3.RELEASE.jar:/home/user/.m2/repository/org/springframework/spring-tx/5.1.3.RELEASE/spring-tx-5.1.3.RELEASE.jar:/home/user/.m2/repository/org/apache/hadoop/hadoop-ozone-client/0.5.0-SNAPSHOT/hadoop-ozone-client-0.5.0-SNAPSHOT.jar:/home/user/.m2/repository/commons-lang/commons-lang/2.6/commons-lang-2.6.jar:/home/user/.m2/repository/org/apache/hadoop/hadoop-ozone-ozone-manager/0.5.0-SNAPSHOT/hadoop-ozone-ozone-manager-0.5.0-SNAPSHOT-tests.jar:/home/user/.m2/repository/junit/junit/4.11/junit-4.11.jar:/home/user/.m2/repository/org/hamcrest/hamcrest-core/1.3/hamcrest-core-1.3.jar:/home/user/.m2/repository/org/openjdk/jmh/jmh-core/1.19/jmh-core-1.19.jar:/home/user/.m2/repository/net/sf/jopt-simple/jopt-simple/4.6/jopt-simple-4.6.jar:/home/user/.m2/repository/org/apache/commons/commons-math3/3.1.1/commons-math3-3.1.1.jar:/home/user/.m2/repository/org/openjdk/jmh/jmh-generator-annprocess/1.19/jmh-generator-annprocess-1.19.jar:/home/user/.m2/repository/org/mockito/mockito-all/1.8.5/mockito-all-1.8.5.jar:/home/user/.m2/repository/org/apache/hadoop/hadoop-kms/3.2.0/hadoop-kms-3.2.0.jar:/home/user/.m2/repository/org/apache/hadoop/hadoop-auth/3.2.0/hadoop-auth-3.2.0.jar:/home/user/.m2/repository/com/nimbusds/nimbus-jose-jwt/4.41.1/nimbus-jose-jwt-4.41.1.jar:/home/user/.m2/repository/com/github/stephenc/jcip/jcip-annotations/1.0-1/jcip-annotations-1.0-1.jar:/home/user/.m2/repository/net/minidev/json-smart/2.3/json-smart-2.3.jar:/home/user/.m2/repository/net/minidev/accessors-smart/1.2/accessors-smart-1.2.jar:/home/user/.m2/repository/org/ow2/asm/asm/5.0.4/asm-5.0.4.jar:/home/user/.m2/repository/org/apache/curator/curator-framework/2.12.0/curator-framework-2.12.0.jar:/home/user/.m2/repository/com/sun/jersey/jersey-core/1.19/jersey-core-1.19.jar:/home/user/.m2/repository/javax/ws/rs/jsr311-api/1.1.1/jsr311-api-1.1.1.jar:/home/user/.m2/repository/com/sun/jersey/jersey-server/1.19/jersey-server-1.19.jar:/home/user/.m2/repository/javax/servlet/javax.servlet-api/3.1.0/javax.servlet-api-3.1.0.jar:/home/user/.m2/repository/org/eclipse/jetty/jetty-server/9.3.24.v20180605/jetty-server-9.3.24.v20180605.jar:/home/user/.m2/repository/org/eclipse/jetty/jetty-http/9.3.24.v20180605/jetty-http-9.3.24.v20180605.jar:/home/user/.m2/repository/org/eclipse/jetty/jetty-io/9.3.24.v20180605/jetty-io-9.3.24.v20180605.jar:/home/user/.m2/repository/org/eclipse/jetty/jetty-webapp/9.3.24.v20180605/jetty-webapp-9.3.24.v20180605.jar:/home/user/.m2/repository/org/eclipse/jetty/jetty-xml/9.3.24.v20180605/jetty-xml-9.3.24.v20180605.jar:/home/user/.m2/repository/log4j/log4j/1.2.17/log4j-1.2.17.jar:/home/user/.m2/repository/org/slf4j/slf4j-api/1.7.25/slf4j-api-1.7.25.jar:/home/user/.m2/repository/org/slf4j/jul-to-slf4j/1.7.25/jul-to-slf4j-1.7.25.jar:/home/user/.m2/repository/org/eclipse/jetty/jetty-util/9.3.24.v20180605/jetty-util-9.3.24.v20180605.jar:/home/user/.m2/repository/com/fasterxml/jackson/core/jackson-databind/2.9.5/jackson-databind-2.9.5.jar:/home/user/.m2/repository/org/apache/hadoop/hadoop-kms/3.2.0/hadoop-kms-3.2.0-tests.jar:/home/user/.m2/repository/org/apache/hadoop/hadoop-hdds-server-scm/0.5.0-SNAPSHOT/hadoop-hdds-server-scm-0.5.0-SNAPSHOT-tests.jar:/home/user/.m2/repository/org/apache/hadoop/hadoop-hdds-container-service/0.5.0-SNAPSHOT/hadoop-hdds-container-service-0.5.0-SNAPSHOT-tests.jar:/home/user/.m2/repository/org/yaml/snakeyaml/1.16/snakeyaml-1.16.jar:/home/user/.m2/repository/org/apache/hadoop/hadoop-common/3.2.0/hadoop-common-3.2.0-tests.jar:/home/user/.m2/repository/org/apache/hadoop/hadoop-annotations/3.2.0/hadoop-annotations-3.2.0.jar:/usr/lib/jvm/java-1.8-openjdk/jre/../lib/tools.jar:/home/user/.m2/repository/commons-cli/commons-cli/1.2/commons-cli-1.2.jar:/home/user/.m2/repository/org/apache/httpcomponents/httpclient/4.5.2/httpclient-4.5.2.jar:/home/user/.m2/repository/org/apache/httpcomponents/httpcore/4.4.4/httpcore-4.4.4.jar:/home/user/.m2/repository/commons-codec/commons-codec/1.11/commons-codec-1.11.jar:/home/user/.m2/repository/commons-net/commons-net/3.6/commons-net-3.6.jar:/home/user/.m2/repository/commons-collections/commons-collections/3.2.2/commons-collections-3.2.2.jar:/home/user/.m2/repository/org/eclipse/jetty/jetty-servlet/9.3.24.v20180605/jetty-servlet-9.3.24.v20180605.jar:/home/user/.m2/repository/org/eclipse/jetty/jetty-security/9.3.24.v20180605/jetty-security-9.3.24.v20180605.jar:/home/user/.m2/repository/javax/servlet/jsp/jsp-api/2.1/jsp-api-2.1.jar:/home/user/.m2/repository/com/sun/jersey/jersey-servlet/1.19/jersey-servlet-1.19.jar:/home/user/.m2/repository/com/sun/jersey/jersey-json/1.19/jersey-json-1.19.jar:/home/user/.m2/repository/org/codehaus/jettison/jettison/1.1/jettison-1.1.jar:/home/user/.m2/repository/org/codehaus/jackson/jackson-core-asl/1.9.13/jackson-core-asl-1.9.13.jar:/home/user/.m2/repository/org/codehaus/jackson/jackson-mapper-asl/1.9.13/jackson-mapper-asl-1.9.13.jar:/home/user/.m2/repository/org/codehaus/jackson/jackson-jaxrs/1.9.13/jackson-jaxrs-1.9.13.jar:/home/user/.m2/repository/org/codehaus/jackson/jackson-xc/1.9.13/jackson-xc-1.9.13.jar:/home/user/.m2/repository/commons-logging/commons-logging/1.1.3/commons-logging-1.1.3.jar:/home/user/.m2/repository/commons-beanutils/commons-beanutils/1.9.3/commons-beanutils-1.9.3.jar:/home/user/.m2/repository/org/apache/commons/commons-configuration2/2.1.1/commons-configuration2-2.1.1.jar:/home/user/.m2/repository/org/apache/commons/commons-lang3/3.7/commons-lang3-3.7.jar:/home/user/.m2/repository/org/apache/commons/commons-text/1.4/commons-text-1.4.jar:/home/user/.m2/repository/org/apache/avro/avro/1.7.7/avro-1.7.7.jar:/home/user/.m2/repository/com/thoughtworks/paranamer/paranamer/2.3/paranamer-2.3.jar:/home/user/.m2/repository/org/xerial/snappy/snappy-java/1.0.5/snappy-java-1.0.5.jar:/home/user/.m2/repository/com/google/re2j/re2j/1.1/re2j-1.1.jar:/home/user/.m2/repository/com/google/code/gson/gson/2.2.4/gson-2.2.4.jar:/home/user/.m2/repository/com/jcraft/jsch/0.1.54/jsch-0.1.54.jar:/home/user/.m2/repository/org/apache/curator/curator-client/2.12.0/curator-client-2.12.0.jar:/home/user/.m2/repository/org/apache/curator/curator-recipes/2.12.0/curator-recipes-2.12.0.jar:/home/user/.m2/repository/com/google/code/findbugs/jsr305/3.0.0/jsr305-3.0.0.jar:/home/user/.m2/repository/org/apache/htrace/htrace-core4/4.1.0-incubating/htrace-core4-4.1.0-incubating.jar:/home/user/.m2/repository/org/apache/zookeeper/zookeeper/3.4.13/zookeeper-3.4.13.jar:/home/user/.m2/repository/org/apache/yetus/audience-annotations/0.5.0/audience-annotations-0.5.0.jar:/home/user/.m2/repository/org/codehaus/woodstox/stax2-api/3.1.4/stax2-api-3.1.4.jar:/home/user/.m2/repository/com/fasterxml/woodstox/woodstox-core/5.0.3/woodstox-core-5.0.3.jar:/home/user/.m2/repository/dnsjava/dnsjava/2.1.7/dnsjava-2.1.7.jar:/home/user/.m2/repository/org/apache/hadoop/hadoop-hdfs/3.2.0/hadoop-hdfs-3.2.0-tests.jar:/home/user/.m2/repository/org/eclipse/jetty/jetty-util-ajax/9.3.24.v20180605/jetty-util-ajax-9.3.24.v20180605.jar:/home/user/.m2/repository/commons-daemon/commons-daemon/1.0.13/commons-daemon-1.0.13.jar:/home/user/.m2/repository/io/netty/netty/3.10.5.Final/netty-3.10.5.Final.jar:/home/user/.m2/repository/io/netty/netty-all/4.0.52.Final/netty-all-4.0.52.Final.jar:/home/user/.m2/repository/org/fusesource/leveldbjni/leveldbjni-all/1.8/leveldbjni-all-1.8.jar:"/>
    <property name="sun.cpu.endian" value="little"/>
    <property name="user.home" value="/home/user"/>
    <property name="user.language" value="en"/>
    <property name="java.specification.vendor" value="Oracle Corporation"/>
    <property name="java.home" value="/usr/lib/jvm/java-1.8-openjdk/jre"/>
    <property name="java.security.krb5.conf" value="/tmp/workdir/hadoop-ozone/integration-test/target/test-classes/krb5.conf"/>
    <property name="basedir" value="/tmp/workdir/hadoop-ozone/integration-test"/>
    <property name="file.separator" value="/"/>
    <property name="line.separator" value="&#10;"/>
    <property name="java.vm.specification.vendor" value="Oracle Corporation"/>
    <property name="java.specification.name" value="Java Platform API Specification"/>
    <property name="java.awt.graphicsenv" value="sun.awt.X11GraphicsEnvironment"/>
    <property name="surefire.real.class.path" value="/tmp/workdir/hadoop-ozone/integration-test/target/surefire/surefirebooter7560357000013868077.jar"/>
    <property name="hadoop.log.dir" value="/tmp/workdir/hadoop-ozone/integration-test/target/log"/>
    <property name="sun.boot.class.path" value="/usr/lib/jvm/java-1.8-openjdk/jre/lib/resources.jar:/usr/lib/jvm/java-1.8-openjdk/jre/lib/rt.jar:/usr/lib/jvm/java-1.8-openjdk/jre/lib/sunrsasign.jar:/usr/lib/jvm/java-1.8-openjdk/jre/lib/jsse.jar:/usr/lib/jvm/java-1.8-openjdk/jre/lib/jce.jar:/usr/lib/jvm/java-1.8-openjdk/jre/lib/charsets.jar:/usr/lib/jvm/java-1.8-openjdk/jre/lib/jfr.jar:/usr/lib/jvm/java-1.8-openjdk/jre/classes"/>
    <property name="sun.management.compiler" value="HotSpot 64-Bit Tiered Compilers"/>
    <property name="java.runtime.version" value="1.8.0_212-b04"/>
    <property name="java.net.preferIPv4Stack" value="true"/>
    <property name="user.name" value="jenkins1000"/>
    <property name="path.separator" value=":"/>
    <property name="java.security.egd" value="file:///dev/urandom"/>
    <property name="os.version" value="3.10.0-957.12.2.el7.x86_64"/>
    <property name="java.endorsed.dirs" value="/usr/lib/jvm/java-1.8-openjdk/jre/lib/endorsed"/>
    <property name="java.runtime.name" value="OpenJDK Runtime Environment"/>
    <property name="file.encoding" value="UTF-8"/>
    <property name="java.vm.name" value="OpenJDK 64-Bit Server VM"/>
    <property name="test.build.webapps" value=""/>
    <property name="localRepository" value="/home/user/.m2/repository"/>
    <property name="java.vendor.url.bug" value="https://icedtea.classpath.org/bugzilla"/>
    <property name="java.io.tmpdir" value="/tmp"/>
    <property name="require.test.libhadoop" value=""/>
    <property name="java.version" value="1.8.0_212"/>
    <property name="user.dir" value="/tmp/workdir/hadoop-ozone/integration-test"/>
    <property name="os.arch" value="amd64"/>
    <property name="java.vm.specification.name" value="Java Virtual Machine Specification"/>
    <property name="test.build.classes" value="/tmp/workdir/hadoop-ozone/integration-test/target/test-classes"/>
    <property name="java.awt.printerjob" value="sun.print.PSPrinterJob"/>
    <property name="sun.os.patch.level" value="unknown"/>
    <property name="hadoop.tmp.dir" value="/tmp/workdir/hadoop-ozone/integration-test/target/tmp"/>
    <property name="java.library.path" value="/usr/lib/jvm/java-1.8-openjdk/jre/lib/amd64/server:/usr/lib/jvm/java-1.8-openjdk/jre/lib/amd64:/usr/lib/jvm/java-1.8-openjdk/jre/../lib/amd64:/tmp/workdir/hadoop-ozone/integration-test/target/native/target/usr/local/lib:/tmp/workdir/hadoop-ozone/integration-test/../../hadoop-common-project/hadoop-common/target/native/target/usr/local/lib:/usr/java/packages/lib/amd64:/usr/lib64:/lib64:/lib:/usr/lib"/>
    <property name="java.vm.info" value="mixed mode"/>
    <property name="java.vendor" value="IcedTea"/>
    <property name="java.vm.version" value="25.212-b04"/>
    <property name="java.ext.dirs" value="/usr/lib/jvm/java-1.8-openjdk/jre/lib/ext:/usr/java/packages/lib/ext"/>
    <property name="sun.io.unicode.encoding" value="UnicodeLittle"/>
    <property name="java.class.version" value="52.0"/>
  </properties>
  <testcase name="testWatchForCommitWithKeyWrite" classname="org.apache.hadoop.ozone.client.rpc.TestWatchForCommit" time="20.757">
    <error message="Allocated 0 blocks. Requested 1 blocks" type="INTERNAL_ERROR org.apache.hadoop.ozone.om.exceptions.OMException">INTERNAL_ERROR org.apache.hadoop.ozone.om.exceptions.OMException: Allocated 0 blocks. Requested 1 blocks
	at org.apache.hadoop.ozone.om.protocolPB.OzoneManagerProtocolClientSideTranslatorPB.handleError(OzoneManagerProtocolClientSideTranslatorPB.java:720)
	at org.apache.hadoop.ozone.om.protocolPB.OzoneManagerProtocolClientSideTranslatorPB.allocateBlock(OzoneManagerProtocolClientSideTranslatorPB.java:752)
	at org.apache.hadoop.ozone.client.io.BlockOutputStreamEntryPool.allocateNewBlock(BlockOutputStreamEntryPool.java:248)
	at org.apache.hadoop.ozone.client.io.BlockOutputStreamEntryPool.allocateBlockIfNeeded(BlockOutputStreamEntryPool.java:296)
	at org.apache.hadoop.ozone.client.io.KeyOutputStream.handleWrite(KeyOutputStream.java:201)
	at org.apache.hadoop.ozone.client.io.KeyOutputStream.handleRetry(KeyOutputStream.java:376)
	at org.apache.hadoop.ozone.client.io.KeyOutputStream.handleException(KeyOutputStream.java:325)
	at org.apache.hadoop.ozone.client.io.KeyOutputStream.handleWrite(KeyOutputStream.java:231)
	at org.apache.hadoop.ozone.client.io.KeyOutputStream.handleRetry(KeyOutputStream.java:376)
	at org.apache.hadoop.ozone.client.io.KeyOutputStream.handleException(KeyOutputStream.java:325)
	at org.apache.hadoop.ozone.client.io.KeyOutputStream.handleWrite(KeyOutputStream.java:231)
	at org.apache.hadoop.ozone.client.io.KeyOutputStream.write(KeyOutputStream.java:193)
	at org.apache.hadoop.ozone.client.io.OzoneOutputStream.write(OzoneOutputStream.java:49)
	at java.io.OutputStream.write(OutputStream.java:75)
	at org.apache.hadoop.ozone.client.rpc.TestWatchForCommit.testWatchForCommitWithKeyWrite(TestWatchForCommit.java:158)
	at sun.reflect.NativeMethodAccessorImpl.invoke0(Native Method)
	at sun.reflect.NativeMethodAccessorImpl.invoke(NativeMethodAccessorImpl.java:62)
	at sun.reflect.DelegatingMethodAccessorImpl.invoke(DelegatingMethodAccessorImpl.java:43)
	at java.lang.reflect.Method.invoke(Method.java:498)
	at org.junit.runners.model.FrameworkMethod$1.runReflectiveCall(FrameworkMethod.java:47)
	at org.junit.internal.runners.model.ReflectiveCallable.run(ReflectiveCallable.java:12)
	at org.junit.runners.model.FrameworkMethod.invokeExplosively(FrameworkMethod.java:44)
	at org.junit.internal.runners.statements.InvokeMethod.evaluate(InvokeMethod.java:17)
	at org.junit.runners.ParentRunner.runLeaf(ParentRunner.java:271)
	at org.junit.runners.BlockJUnit4ClassRunner.runChild(BlockJUnit4ClassRunner.java:70)
	at org.junit.runners.BlockJUnit4ClassRunner.runChild(BlockJUnit4ClassRunner.java:50)
	at org.junit.runners.ParentRunner$3.run(ParentRunner.java:238)
	at org.junit.runners.ParentRunner$1.schedule(ParentRunner.java:63)
	at org.junit.runners.ParentRunner.runChildren(ParentRunner.java:236)
	at org.junit.runners.ParentRunner.access$000(ParentRunner.java:53)
	at org.junit.runners.ParentRunner$2.evaluate(ParentRunner.java:229)
	at org.junit.runners.ParentRunner.run(ParentRunner.java:309)
	at org.apache.maven.surefire.junit4.JUnit4Provider.execute(JUnit4Provider.java:365)
	at org.apache.maven.surefire.junit4.JUnit4Provider.executeWithRerun(JUnit4Provider.java:273)
	at org.apache.maven.surefire.junit4.JUnit4Provider.executeTestSet(JUnit4Provider.java:238)
	at org.apache.maven.surefire.junit4.JUnit4Provider.invoke(JUnit4Provider.java:159)
	at org.apache.maven.surefire.booter.ForkedBooter.invokeProviderInSameClassLoader(ForkedBooter.java:384)
	at org.apache.maven.surefire.booter.ForkedBooter.runSuitesInProcess(ForkedBooter.java:345)
	at org.apache.maven.surefire.booter.ForkedBooter.execute(ForkedBooter.java:126)
	at org.apache.maven.surefire.booter.ForkedBooter.main(ForkedBooter.java:418)
</error>
    <system-out><![CDATA[2019-07-14 02:54:36,218 WARN  server.ServerUtils (ServerUtils.java:getScmDbDir(145)) - ozone.scm.db.dirs is not configured. We recommend adding this setting. Falling back to ozone.metadata.dirs instead.
2019-07-14 02:54:36,299 WARN  server.ServerUtils (ServerUtils.java:getScmDbDir(145)) - ozone.scm.db.dirs is not configured. We recommend adding this setting. Falling back to ozone.metadata.dirs instead.
2019-07-14 02:54:36,302 WARN  server.ServerUtils (ServerUtils.java:getScmDbDir(145)) - ozone.scm.db.dirs is not configured. We recommend adding this setting. Falling back to ozone.metadata.dirs instead.
2019-07-14 02:54:36,314 INFO  util.log (Log.java:initialized(192)) - Logging initialized @811ms
2019-07-14 02:54:36,391 INFO  db.DBStoreBuilder (DBStoreBuilder.java:addTable(110)) - using custom profile for table: deletedBlocks
2019-07-14 02:54:36,391 INFO  db.DBStoreBuilder (DBStoreBuilder.java:processTables(161)) - Using default column profile:DBProfile.DISK for Table:deletedBlocks
2019-07-14 02:54:36,391 INFO  db.DBStoreBuilder (DBStoreBuilder.java:addTable(110)) - using custom profile for table: validCerts
2019-07-14 02:54:36,392 INFO  db.DBStoreBuilder (DBStoreBuilder.java:processTables(161)) - Using default column profile:DBProfile.DISK for Table:validCerts
2019-07-14 02:54:36,392 INFO  db.DBStoreBuilder (DBStoreBuilder.java:addTable(110)) - using custom profile for table: revokedCerts
2019-07-14 02:54:36,392 INFO  db.DBStoreBuilder (DBStoreBuilder.java:processTables(161)) - Using default column profile:DBProfile.DISK for Table:revokedCerts
2019-07-14 02:54:36,401 INFO  db.DBStoreBuilder (DBStoreBuilder.java:addTable(110)) - using custom profile for table: default
2019-07-14 02:54:36,401 INFO  db.DBStoreBuilder (DBStoreBuilder.java:processTables(167)) - Using default column profile:DBProfile.DISK for Table:default
2019-07-14 02:54:36,402 INFO  db.DBStoreBuilder (DBStoreBuilder.java:getDbProfile(198)) - Using default options. DBProfile.DISK
2019-07-14 02:54:36,582 INFO  net.NodeSchemaLoader (NodeSchemaLoader.java:loadSchemaFromFile(125)) - Loading file from sun.misc.CompoundEnumeration@7714e963
2019-07-14 02:54:36,583 INFO  net.NodeSchemaLoader (NodeSchemaLoader.java:loadSchema(171)) - Loading network topology layer schema file
2019-07-14 02:54:36,635 WARN  server.ServerUtils (ServerUtils.java:sanitizeUserArgs(70)) - ozone.scm.stale.node.interval value = 300000 is larger than max = 100000 based on the key value of ozone.scm.heartbeat.thread.interval, reset to the max value 100000.
2019-07-14 02:54:36,636 WARN  server.ServerUtils (ServerUtils.java:sanitizeUserArgs(70)) - ozone.scm.stale.node.interval value = 300000 is larger than max = 100000 based on the key value of ozone.scm.heartbeat.thread.interval, reset to the max value 100000.
2019-07-14 02:54:36,638 INFO  node.SCMNodeManager (SCMNodeManager.java:<init>(119)) - Entering startup safe mode.
2019-07-14 02:54:36,734 WARN  server.ServerUtils (ServerUtils.java:getScmDbDir(145)) - ozone.scm.db.dirs is not configured. We recommend adding this setting. Falling back to ozone.metadata.dirs instead.
2019-07-14 02:54:36,822 INFO  pipeline.SCMPipelineManager (SCMPipelineManager.java:initializePipelineState(126)) - No pipeline exists in current db
2019-07-14 02:54:36,825 WARN  server.ServerUtils (ServerUtils.java:getScmDbDir(145)) - ozone.scm.db.dirs is not configured. We recommend adding this setting. Falling back to ozone.metadata.dirs instead.
2019-07-14 02:54:36,975 WARN  events.EventQueue (EventQueue.java:fireEvent(175)) - No event handler registered for event TypedEvent{payloadType=SafeModeStatus, name='SafeModeStatus'}
2019-07-14 02:54:37,310 INFO  ipc.CallQueueManager (CallQueueManager.java:<init>(84)) - Using callQueue: class java.util.concurrent.LinkedBlockingQueue, queueCapacity: 2000, scheduler: class org.apache.hadoop.ipc.DefaultRpcScheduler, ipcBackoff: false.
2019-07-14 02:54:37,337 INFO  ipc.Server (Server.java:run(1074)) - Starting Socket Reader #1 for port 38518
2019-07-14 02:54:37,360 INFO  ipc.CallQueueManager (CallQueueManager.java:<init>(84)) - Using callQueue: class java.util.concurrent.LinkedBlockingQueue, queueCapacity: 2000, scheduler: class org.apache.hadoop.ipc.DefaultRpcScheduler, ipcBackoff: false.
2019-07-14 02:54:37,361 INFO  ipc.Server (Server.java:run(1074)) - Starting Socket Reader #1 for port 39137
2019-07-14 02:54:37,367 INFO  ipc.CallQueueManager (CallQueueManager.java:<init>(84)) - Using callQueue: class java.util.concurrent.LinkedBlockingQueue, queueCapacity: 2000, scheduler: class org.apache.hadoop.ipc.DefaultRpcScheduler, ipcBackoff: false.
2019-07-14 02:54:37,368 INFO  ipc.Server (Server.java:run(1074)) - Starting Socket Reader #1 for port 37747
2019-07-14 02:54:37,506 INFO  hdfs.DFSUtil (DFSUtil.java:httpServerTemplateForNNAndJN(1641)) - Starting Web-server for scm at: http://0.0.0.0:0
2019-07-14 02:54:37,650 INFO  server.AuthenticationFilter (AuthenticationFilter.java:constructSecretProvider(240)) - Unable to initialize FileSignerSecretProvider, falling back to use random secrets.
2019-07-14 02:54:37,657 WARN  http.HttpRequestLog (HttpRequestLog.java:getRequestLog(97)) - Jetty request log can only be enabled using Log4j
2019-07-14 02:54:37,665 INFO  http.HttpServer2 (HttpServer2.java:addGlobalFilter(975)) - Added global filter 'safety' (class=org.apache.hadoop.http.HttpServer2$QuotingInputFilter)
2019-07-14 02:54:37,667 INFO  http.HttpServer2 (HttpServer2.java:addFilter(948)) - Added filter static_user_filter (class=org.apache.hadoop.http.lib.StaticUserWebFilter$StaticUserFilter) to context scm
2019-07-14 02:54:37,668 INFO  http.HttpServer2 (HttpServer2.java:addFilter(958)) - Added filter static_user_filter (class=org.apache.hadoop.http.lib.StaticUserWebFilter$StaticUserFilter) to context static
2019-07-14 02:54:37,668 INFO  http.HttpServer2 (HttpServer2.java:addFilter(958)) - Added filter static_user_filter (class=org.apache.hadoop.http.lib.StaticUserWebFilter$StaticUserFilter) to context logs
2019-07-14 02:54:37,694 INFO  server.StorageContainerManager (StorageContainerManager.java:start(759)) - StorageContainerLocationProtocol RPC server is listening at /0.0.0.0:37747
2019-07-14 02:54:37,750 WARN  impl.MetricsConfig (MetricsConfig.java:loadFirst(134)) - Cannot locate configuration: tried hadoop-metrics2-storagecontainermanager.properties,hadoop-metrics2.properties
2019-07-14 02:54:37,762 INFO  impl.MetricsSystemImpl (MetricsSystemImpl.java:startTimer(374)) - Scheduled Metric snapshot period at 10 second(s).
2019-07-14 02:54:37,763 INFO  impl.MetricsSystemImpl (MetricsSystemImpl.java:start(191)) - StorageContainerManager metrics system started
2019-07-14 02:54:37,949 INFO  server.SCMClientProtocolServer (SCMClientProtocolServer.java:start(149)) - RPC server for Client  is listening at /0.0.0.0:37747
2019-07-14 02:54:37,950 INFO  ipc.Server (Server.java:run(1314)) - IPC Server Responder: starting
2019-07-14 02:54:37,950 INFO  ipc.Server (Server.java:run(1153)) - IPC Server listener on 37747: starting
2019-07-14 02:54:37,955 INFO  server.StorageContainerManager (StorageContainerManager.java:start(768)) - ScmBlockLocationProtocol RPC server is listening at /0.0.0.0:39137
2019-07-14 02:54:37,955 INFO  server.SCMBlockProtocolServer (SCMBlockProtocolServer.java:start(140)) - RPC server for Block Protocol is listening at /0.0.0.0:39137
2019-07-14 02:54:37,955 INFO  ipc.Server (Server.java:run(1314)) - IPC Server Responder: starting
2019-07-14 02:54:37,956 INFO  ipc.Server (Server.java:run(1153)) - IPC Server listener on 39137: starting
2019-07-14 02:54:37,963 INFO  server.StorageContainerManager (StorageContainerManager.java:start(772)) - ScmDatanodeProtocl RPC server is listening at /0.0.0.0:38518
2019-07-14 02:54:37,963 INFO  server.SCMDatanodeProtocolServer (SCMDatanodeProtocolServer.java:start(191)) - RPC server for DataNodes is listening at /0.0.0.0:38518
2019-07-14 02:54:37,965 INFO  ipc.Server (Server.java:run(1314)) - IPC Server Responder: starting
2019-07-14 02:54:37,965 INFO  ipc.Server (Server.java:run(1153)) - IPC Server listener on 38518: starting
2019-07-14 02:54:37,975 INFO  http.HttpServer2 (HttpServer2.java:bindListener(1191)) - Jetty bound to port 38882
2019-07-14 02:54:37,977 INFO  server.Server (Server.java:doStart(351)) - jetty-9.3.24.v20180605, build timestamp: 2018-06-05T17:11:56Z, git hash: 84205aa28f11a4f31f2a3b86d1bba2cc8ab69827
2019-07-14 02:54:38,011 INFO  handler.ContextHandler (ContextHandler.java:doStart(781)) - Started o.e.j.s.ServletContextHandler@6bbe2511{/logs,file:///tmp/workdir/hadoop-ozone/integration-test/target/log,AVAILABLE}
2019-07-14 02:54:38,011 INFO  handler.ContextHandler (ContextHandler.java:doStart(781)) - Started o.e.j.s.ServletContextHandler@76012793{/static,file:///tmp/workdir/hadoop-ozone/integration-test/target/test-classes/webapps/static,AVAILABLE}
2019-07-14 02:54:38,038 INFO  handler.ContextHandler (ContextHandler.java:doStart(781)) - Started o.e.j.w.WebAppContext@6a1d204a{/,file:///tmp/workdir/hadoop-ozone/integration-test/target/test-classes/webapps/scm/,AVAILABLE}{/scm}
2019-07-14 02:54:38,043 INFO  server.AbstractConnector (AbstractConnector.java:doStart(278)) - Started ServerConnector@9d157ff{HTTP/1.1,[http/1.1]}{0.0.0.0:38882}
2019-07-14 02:54:38,043 INFO  server.Server (Server.java:doStart(419)) - Started @2540ms
2019-07-14 02:54:38,044 INFO  server.BaseHttpServer (BaseHttpServer.java:updateConnectorAddress(207)) - HTTP server of SCM is listening at http://0.0.0.0:38882
2019-07-14 02:54:38,050 INFO  util.JvmPauseMonitor (JvmPauseMonitor.java:run(188)) - Starting JVM pause monitor
2019-07-14 02:54:38,052 WARN  server.ServerUtils (ServerUtils.java:getDBPath(222)) - ozone.om.db.dirs is not configured. We recommend adding this setting. Falling back to ozone.metadata.dirs instead.
2019-07-14 02:54:38,157 WARN  server.ServerUtils (ServerUtils.java:getDBPath(222)) - ozone.om.db.dirs is not configured. We recommend adding this setting. Falling back to ozone.metadata.dirs instead.
2019-07-14 02:54:38,158 INFO  om.OzoneManager (OzoneManager.java:setOMNodeDetails(630)) - OM Service ID is not set. Setting it to the default ID: omServiceIdDefault
2019-07-14 02:54:38,158 INFO  om.OzoneManager (OzoneManager.java:setOMNodeDetails(636)) - OM Node ID is not set. Setting it to the OmStorage's OmID: 5161ecf8-d84c-4329-b34e-780cbc8a687b
2019-07-14 02:54:38,159 INFO  om.OzoneManager (OzoneManager.java:loadOMHAConfigs(587)) - Found matching OM address with OMServiceId: null, OMNodeId: null, RPC Address: localhost:0 and Ratis port: 9872
2019-07-14 02:54:38,381 WARN  server.ServerUtils (ServerUtils.java:getDBPath(222)) - ozone.om.db.dirs is not configured. We recommend adding this setting. Falling back to ozone.metadata.dirs instead.
2019-07-14 02:54:38,388 INFO  db.DBStoreBuilder (DBStoreBuilder.java:addTable(110)) - using custom profile for table: userTable
2019-07-14 02:54:38,388 INFO  db.DBStoreBuilder (DBStoreBuilder.java:processTables(161)) - Using default column profile:DBProfile.DISK for Table:userTable
2019-07-14 02:54:38,388 INFO  db.DBStoreBuilder (DBStoreBuilder.java:addTable(110)) - using custom profile for table: volumeTable
2019-07-14 02:54:38,388 INFO  db.DBStoreBuilder (DBStoreBuilder.java:processTables(161)) - Using default column profile:DBProfile.DISK for Table:volumeTable
2019-07-14 02:54:38,388 INFO  db.DBStoreBuilder (DBStoreBuilder.java:addTable(110)) - using custom profile for table: bucketTable
2019-07-14 02:54:38,389 INFO  db.DBStoreBuilder (DBStoreBuilder.java:processTables(161)) - Using default column profile:DBProfile.DISK for Table:bucketTable
2019-07-14 02:54:38,389 INFO  db.DBStoreBuilder (DBStoreBuilder.java:addTable(110)) - using custom profile for table: keyTable
2019-07-14 02:54:38,389 INFO  db.DBStoreBuilder (DBStoreBuilder.java:processTables(161)) - Using default column profile:DBProfile.DISK for Table:keyTable
2019-07-14 02:54:38,389 INFO  db.DBStoreBuilder (DBStoreBuilder.java:addTable(110)) - using custom profile for table: deletedTable
2019-07-14 02:54:38,389 INFO  db.DBStoreBuilder (DBStoreBuilder.java:processTables(161)) - Using default column profile:DBProfile.DISK for Table:deletedTable
2019-07-14 02:54:38,390 INFO  db.DBStoreBuilder (DBStoreBuilder.java:addTable(110)) - using custom profile for table: openKeyTable
2019-07-14 02:54:38,390 INFO  db.DBStoreBuilder (DBStoreBuilder.java:processTables(161)) - Using default column profile:DBProfile.DISK for Table:openKeyTable
2019-07-14 02:54:38,390 INFO  db.DBStoreBuilder (DBStoreBuilder.java:addTable(110)) - using custom profile for table: s3Table
2019-07-14 02:54:38,390 INFO  db.DBStoreBuilder (DBStoreBuilder.java:processTables(161)) - Using default column profile:DBProfile.DISK for Table:s3Table
2019-07-14 02:54:38,390 INFO  db.DBStoreBuilder (DBStoreBuilder.java:addTable(110)) - using custom profile for table: multipartInfoTable
2019-07-14 02:54:38,391 INFO  db.DBStoreBuilder (DBStoreBuilder.java:processTables(161)) - Using default column profile:DBProfile.DISK for Table:multipartInfoTable
2019-07-14 02:54:38,391 INFO  db.DBStoreBuilder (DBStoreBuilder.java:addTable(110)) - using custom profile for table: dTokenTable
2019-07-14 02:54:38,391 INFO  db.DBStoreBuilder (DBStoreBuilder.java:processTables(161)) - Using default column profile:DBProfile.DISK for Table:dTokenTable
2019-07-14 02:54:38,391 INFO  db.DBStoreBuilder (DBStoreBuilder.java:addTable(110)) - using custom profile for table: s3SecretTable
2019-07-14 02:54:38,391 INFO  db.DBStoreBuilder (DBStoreBuilder.java:processTables(161)) - Using default column profile:DBProfile.DISK for Table:s3SecretTable
2019-07-14 02:54:38,392 INFO  db.DBStoreBuilder (DBStoreBuilder.java:addTable(110)) - using custom profile for table: prefixTable
2019-07-14 02:54:38,392 INFO  db.DBStoreBuilder (DBStoreBuilder.java:processTables(161)) - Using default column profile:DBProfile.DISK for Table:prefixTable
2019-07-14 02:54:38,392 INFO  db.DBStoreBuilder (DBStoreBuilder.java:addTable(110)) - using custom profile for table: default
2019-07-14 02:54:38,392 INFO  db.DBStoreBuilder (DBStoreBuilder.java:processTables(167)) - Using default column profile:DBProfile.DISK for Table:default
2019-07-14 02:54:38,392 INFO  db.DBStoreBuilder (DBStoreBuilder.java:getDbProfile(198)) - Using default options. DBProfile.DISK
2019-07-14 02:54:39,262 INFO  ipc.CallQueueManager (CallQueueManager.java:<init>(84)) - Using callQueue: class java.util.concurrent.LinkedBlockingQueue, queueCapacity: 2000, scheduler: class org.apache.hadoop.ipc.DefaultRpcScheduler, ipcBackoff: false.
2019-07-14 02:54:39,264 INFO  ipc.Server (Server.java:run(1074)) - Starting Socket Reader #1 for port 33442
2019-07-14 02:54:39,291 WARN  server.ServerUtils (ServerUtils.java:getDBPath(222)) - ozone.om.db.dirs is not configured. We recommend adding this setting. Falling back to ozone.metadata.dirs instead.
2019-07-14 02:54:39,292 INFO  om.OzoneManager (OzoneManager.java:start(1228)) - OzoneManager RPC server is listening at localhost/127.0.0.1:33442
2019-07-14 02:54:39,292 INFO  impl.MetricsSystemImpl (MetricsSystemImpl.java:init(158)) - OzoneManager metrics system started (again)
2019-07-14 02:54:39,294 INFO  ipc.Server (Server.java:run(1314)) - IPC Server Responder: starting
2019-07-14 02:54:39,295 INFO  ipc.Server (Server.java:run(1153)) - IPC Server listener on 33442: starting
2019-07-14 02:54:39,307 INFO  hdfs.DFSUtil (DFSUtil.java:httpServerTemplateForNNAndJN(1641)) - Starting Web-server for ozoneManager at: http://0.0.0.0:0
2019-07-14 02:54:39,310 INFO  server.AuthenticationFilter (AuthenticationFilter.java:constructSecretProvider(240)) - Unable to initialize FileSignerSecretProvider, falling back to use random secrets.
2019-07-14 02:54:39,311 WARN  http.HttpRequestLog (HttpRequestLog.java:getRequestLog(97)) - Jetty request log can only be enabled using Log4j
2019-07-14 02:54:39,314 INFO  http.HttpServer2 (HttpServer2.java:addGlobalFilter(975)) - Added global filter 'safety' (class=org.apache.hadoop.http.HttpServer2$QuotingInputFilter)
2019-07-14 02:54:39,316 INFO  http.HttpServer2 (HttpServer2.java:addFilter(948)) - Added filter static_user_filter (class=org.apache.hadoop.http.lib.StaticUserWebFilter$StaticUserFilter) to context ozoneManager
2019-07-14 02:54:39,316 INFO  http.HttpServer2 (HttpServer2.java:addFilter(958)) - Added filter static_user_filter (class=org.apache.hadoop.http.lib.StaticUserWebFilter$StaticUserFilter) to context logs
2019-07-14 02:54:39,316 INFO  http.HttpServer2 (HttpServer2.java:addFilter(958)) - Added filter static_user_filter (class=org.apache.hadoop.http.lib.StaticUserWebFilter$StaticUserFilter) to context static
2019-07-14 02:54:39,320 INFO  http.HttpServer2 (HttpServer2.java:bindListener(1191)) - Jetty bound to port 39512
2019-07-14 02:54:39,320 INFO  server.Server (Server.java:doStart(351)) - jetty-9.3.24.v20180605, build timestamp: 2018-06-05T17:11:56Z, git hash: 84205aa28f11a4f31f2a3b86d1bba2cc8ab69827
2019-07-14 02:54:39,323 INFO  handler.ContextHandler (ContextHandler.java:doStart(781)) - Started o.e.j.s.ServletContextHandler@3e134896{/logs,file:///tmp/workdir/hadoop-ozone/integration-test/target/log,AVAILABLE}
2019-07-14 02:54:39,323 INFO  handler.ContextHandler (ContextHandler.java:doStart(781)) - Started o.e.j.s.ServletContextHandler@2e3a5237{/static,file:///tmp/workdir/hadoop-ozone/integration-test/target/test-classes/webapps/static,AVAILABLE}
2019-07-14 02:54:39,332 INFO  handler.ContextHandler (ContextHandler.java:doStart(781)) - Started o.e.j.w.WebAppContext@5b78fdb1{/,file:///tmp/workdir/hadoop-ozone/integration-test/target/test-classes/webapps/ozoneManager/,AVAILABLE}{/ozoneManager}
2019-07-14 02:54:39,332 INFO  server.AbstractConnector (AbstractConnector.java:doStart(278)) - Started ServerConnector@48bfb884{HTTP/1.1,[http/1.1]}{0.0.0.0:39512}
2019-07-14 02:54:39,333 INFO  server.Server (Server.java:doStart(419)) - Started @3829ms
2019-07-14 02:54:39,334 INFO  server.BaseHttpServer (BaseHttpServer.java:updateConnectorAddress(207)) - HTTP server of OZONEMANAGER is listening at http://0.0.0.0:39512
2019-07-14 02:54:39,646 INFO  impl.MetricsSystemImpl (MetricsSystemImpl.java:init(158)) - HddsDatanode metrics system started (again)
2019-07-14 02:54:39,732 INFO  ozone.HddsDatanodeService (HddsDatanodeService.java:start(185)) - HddsDatanodeService host:trunk-nightly-k88cw-3644625431 ip:192.168.157.236
2019-07-14 02:54:39,769 INFO  volume.HddsVolume (HddsVolume.java:<init>(176)) - Creating Volume: /tmp/workdir/hadoop-ozone/integration-test/target/test-dir/MiniOzoneClusterImpl-da45e524-b34e-4865-9b65-cd88b92677e8/datanode-0/data/containers/hdds of  storage type : DISK and capacity : 52710309888
2019-07-14 02:54:39,772 INFO  volume.VolumeSet (VolumeSet.java:initializeVolumeSet(170)) - Added Volume : /tmp/workdir/hadoop-ozone/integration-test/target/test-dir/MiniOzoneClusterImpl-da45e524-b34e-4865-9b65-cd88b92677e8/datanode-0/data/containers/hdds to VolumeSet
2019-07-14 02:54:39,776 INFO  volume.ThrottledAsyncChecker (ThrottledAsyncChecker.java:schedule(140)) - Scheduling a check for org.apache.hadoop.ozone.container.common.volume.HddsVolume@1f52eb6f
2019-07-14 02:54:39,797 INFO  volume.HddsVolumeChecker (HddsVolumeChecker.java:checkAllVolumes(203)) - Scheduled health check for volume org.apache.hadoop.ozone.container.common.volume.HddsVolume@1f52eb6f
2019-07-14 02:54:39,915 INFO  impl.RaftServerProxy (ConfUtils.java:logGet(43)) - raft.rpc.type = GRPC (default)
2019-07-14 02:54:39,986 INFO  grpc.GrpcFactory (GrpcFactory.java:checkPooledByteBufAllocatorUseCacheForAllThreads(45)) - PERFORMANCE WARNING: useCacheForAllThreads is true that may cause Netty to create a lot garbage objects and, as a result, trigger GC.
	It is recommended to disable useCacheForAllThreads by setting -Dorg.apache.ratis.thirdparty.io.netty.allocator.useCacheForAllThreads=false in command line.
2019-07-14 02:54:39,991 INFO  grpc.GrpcConfigKeys$Server (ConfUtils.java:logGet(43)) - raft.grpc.server.port = 0 (default)
2019-07-14 02:54:39,992 INFO  server.GrpcService (ConfUtils.java:logGet(43)) - raft.grpc.message.size.max = 33570816 (custom)
2019-07-14 02:54:39,994 INFO  server.RaftServerConfigKeys (ConfUtils.java:logGet(43)) - raft.server.log.appender.buffer.byte-limit = 33554432 (custom)
2019-07-14 02:54:39,995 INFO  server.GrpcService (ConfUtils.java:logGet(43)) - raft.grpc.flow.control.window = 1MB (=1048576) (default)
2019-07-14 02:54:39,996 INFO  server.RaftServerConfigKeys (ConfUtils.java:logGet(43)) - raft.server.rpc.request.timeout = 3000ms (default)
2019-07-14 02:54:40,155 INFO  server.RaftServerConfigKeys (ConfUtils.java:logGet(43)) - raft.server.storage.dir = [/tmp/workdir/hadoop-ozone/integration-test/target/test-dir/MiniOzoneClusterImpl-da45e524-b34e-4865-9b65-cd88b92677e8/datanode-0/data/ratis] (custom)
2019-07-14 02:54:40,190 INFO  replication.SimpleContainerDownloader (SimpleContainerDownloader.java:<init>(72)) - Starting container downloader service to copy containers to replicate.
2019-07-14 02:54:40,203 INFO  hdfs.DFSUtil (DFSUtil.java:httpServerTemplateForNNAndJN(1641)) - Starting Web-server for hddsDatanode at: http://0.0.0.0:0
2019-07-14 02:54:40,205 INFO  server.AuthenticationFilter (AuthenticationFilter.java:constructSecretProvider(240)) - Unable to initialize FileSignerSecretProvider, falling back to use random secrets.
2019-07-14 02:54:40,206 WARN  http.HttpRequestLog (HttpRequestLog.java:getRequestLog(97)) - Jetty request log can only be enabled using Log4j
2019-07-14 02:54:40,209 INFO  http.HttpServer2 (HttpServer2.java:addGlobalFilter(975)) - Added global filter 'safety' (class=org.apache.hadoop.http.HttpServer2$QuotingInputFilter)
2019-07-14 02:54:40,210 INFO  http.HttpServer2 (HttpServer2.java:addFilter(948)) - Added filter static_user_filter (class=org.apache.hadoop.http.lib.StaticUserWebFilter$StaticUserFilter) to context hddsDatanode
2019-07-14 02:54:40,211 INFO  http.HttpServer2 (HttpServer2.java:addFilter(958)) - Added filter static_user_filter (class=org.apache.hadoop.http.lib.StaticUserWebFilter$StaticUserFilter) to context static
2019-07-14 02:54:40,211 INFO  http.HttpServer2 (HttpServer2.java:addFilter(958)) - Added filter static_user_filter (class=org.apache.hadoop.http.lib.StaticUserWebFilter$StaticUserFilter) to context logs
2019-07-14 02:54:40,212 INFO  http.HttpServer2 (HttpServer2.java:bindListener(1191)) - Jetty bound to port 46881
2019-07-14 02:54:40,212 INFO  server.Server (Server.java:doStart(351)) - jetty-9.3.24.v20180605, build timestamp: 2018-06-05T17:11:56Z, git hash: 84205aa28f11a4f31f2a3b86d1bba2cc8ab69827
2019-07-14 02:54:40,215 INFO  handler.ContextHandler (ContextHandler.java:doStart(781)) - Started o.e.j.s.ServletContextHandler@761956ac{/logs,file:///tmp/workdir/hadoop-ozone/integration-test/target/log,AVAILABLE}
2019-07-14 02:54:40,216 INFO  handler.ContextHandler (ContextHandler.java:doStart(781)) - Started o.e.j.s.ServletContextHandler@304d0259{/static,jar:file:/home/user/.m2/repository/org/apache/hadoop/hadoop-hdds-container-service/0.5.0-SNAPSHOT/hadoop-hdds-container-service-0.5.0-SNAPSHOT.jar!/webapps/static,AVAILABLE}
2019-07-14 02:54:40,279 INFO  handler.ContextHandler (ContextHandler.java:doStart(781)) - Started o.e.j.w.WebAppContext@124ac145{/,file:///tmp/jetty-0.0.0.0-46881-hddsDatanode-_-any-4414068206273855272.dir/webapp/,AVAILABLE}{/hddsDatanode}
2019-07-14 02:54:40,281 INFO  server.AbstractConnector (AbstractConnector.java:doStart(278)) - Started ServerConnector@2def7a7a{HTTP/1.1,[http/1.1]}{0.0.0.0:46881}
2019-07-14 02:54:40,283 INFO  server.Server (Server.java:doStart(419)) - Started @4779ms
2019-07-14 02:54:40,284 INFO  server.BaseHttpServer (BaseHttpServer.java:updateConnectorAddress(207)) - HTTP server of HDDSDATANODE is listening at http://0.0.0.0:46881
2019-07-14 02:54:41,302 INFO  ozone.HddsDatanodeService (HddsDatanodeService.java:startPlugins(396)) - Started plug-in org.apache.hadoop.ozone.web.OzoneHddsDatanodeService@69f2cb04
2019-07-14 02:54:41,303 INFO  impl.MetricsSystemImpl (MetricsSystemImpl.java:init(158)) - HddsDatanode metrics system started (again)
2019-07-14 02:54:41,304 INFO  ozone.HddsDatanodeService (HddsDatanodeService.java:start(185)) - HddsDatanodeService host:trunk-nightly-k88cw-3644625431 ip:192.168.157.236
2019-07-14 02:54:41,311 INFO  util.JvmPauseMonitor (JvmPauseMonitor.java:run(188)) - Starting JVM pause monitor
2019-07-14 02:54:41,315 INFO  volume.HddsVolume (HddsVolume.java:<init>(176)) - Creating Volume: /tmp/workdir/hadoop-ozone/integration-test/target/test-dir/MiniOzoneClusterImpl-da45e524-b34e-4865-9b65-cd88b92677e8/datanode-1/data/containers/hdds of  storage type : DISK and capacity : 52710309888
2019-07-14 02:54:41,316 INFO  volume.VolumeSet (VolumeSet.java:initializeVolumeSet(170)) - Added Volume : /tmp/workdir/hadoop-ozone/integration-test/target/test-dir/MiniOzoneClusterImpl-da45e524-b34e-4865-9b65-cd88b92677e8/datanode-1/data/containers/hdds to VolumeSet
2019-07-14 02:54:41,316 INFO  volume.ThrottledAsyncChecker (ThrottledAsyncChecker.java:schedule(140)) - Scheduling a check for org.apache.hadoop.ozone.container.common.volume.HddsVolume@656a3d6b
2019-07-14 02:54:41,318 INFO  volume.HddsVolumeChecker (HddsVolumeChecker.java:checkAllVolumes(203)) - Scheduled health check for volume org.apache.hadoop.ozone.container.common.volume.HddsVolume@656a3d6b
2019-07-14 02:54:41,336 INFO  impl.RaftServerProxy (ConfUtils.java:logGet(43)) - raft.rpc.type = GRPC (default)
2019-07-14 02:54:41,336 INFO  grpc.GrpcFactory (GrpcFactory.java:checkPooledByteBufAllocatorUseCacheForAllThreads(45)) - PERFORMANCE WARNING: useCacheForAllThreads is true that may cause Netty to create a lot garbage objects and, as a result, trigger GC.
	It is recommended to disable useCacheForAllThreads by setting -Dorg.apache.ratis.thirdparty.io.netty.allocator.useCacheForAllThreads=false in command line.
2019-07-14 02:54:41,337 INFO  grpc.GrpcConfigKeys$Server (ConfUtils.java:logGet(43)) - raft.grpc.server.port = 0 (default)
2019-07-14 02:54:41,337 INFO  server.GrpcService (ConfUtils.java:logGet(43)) - raft.grpc.message.size.max = 33570816 (custom)
2019-07-14 02:54:41,337 INFO  server.RaftServerConfigKeys (ConfUtils.java:logGet(43)) - raft.server.log.appender.buffer.byte-limit = 33554432 (custom)
2019-07-14 02:54:41,337 INFO  server.GrpcService (ConfUtils.java:logGet(43)) - raft.grpc.flow.control.window = 1MB (=1048576) (default)
2019-07-14 02:54:41,338 INFO  server.RaftServerConfigKeys (ConfUtils.java:logGet(43)) - raft.server.rpc.request.timeout = 3000ms (default)
2019-07-14 02:54:41,339 INFO  server.RaftServerConfigKeys (ConfUtils.java:logGet(43)) - raft.server.storage.dir = [/tmp/workdir/hadoop-ozone/integration-test/target/test-dir/MiniOzoneClusterImpl-da45e524-b34e-4865-9b65-cd88b92677e8/datanode-1/data/ratis] (custom)
2019-07-14 02:54:41,339 INFO  replication.SimpleContainerDownloader (SimpleContainerDownloader.java:<init>(72)) - Starting container downloader service to copy containers to replicate.
2019-07-14 02:54:41,341 INFO  hdfs.DFSUtil (DFSUtil.java:httpServerTemplateForNNAndJN(1641)) - Starting Web-server for hddsDatanode at: http://0.0.0.0:0
2019-07-14 02:54:41,342 INFO  server.AuthenticationFilter (AuthenticationFilter.java:constructSecretProvider(240)) - Unable to initialize FileSignerSecretProvider, falling back to use random secrets.
2019-07-14 02:54:41,343 WARN  http.HttpRequestLog (HttpRequestLog.java:getRequestLog(97)) - Jetty request log can only be enabled using Log4j
2019-07-14 02:54:41,344 INFO  http.HttpServer2 (HttpServer2.java:addGlobalFilter(975)) - Added global filter 'safety' (class=org.apache.hadoop.http.HttpServer2$QuotingInputFilter)
2019-07-14 02:54:41,345 INFO  http.HttpServer2 (HttpServer2.java:addFilter(948)) - Added filter static_user_filter (class=org.apache.hadoop.http.lib.StaticUserWebFilter$StaticUserFilter) to context hddsDatanode
2019-07-14 02:54:41,345 INFO  http.HttpServer2 (HttpServer2.java:addFilter(958)) - Added filter static_user_filter (class=org.apache.hadoop.http.lib.StaticUserWebFilter$StaticUserFilter) to context static
2019-07-14 02:54:41,345 INFO  http.HttpServer2 (HttpServer2.java:addFilter(958)) - Added filter static_user_filter (class=org.apache.hadoop.http.lib.StaticUserWebFilter$StaticUserFilter) to context logs
2019-07-14 02:54:41,346 INFO  http.HttpServer2 (HttpServer2.java:bindListener(1191)) - Jetty bound to port 39542
2019-07-14 02:54:41,346 INFO  server.Server (Server.java:doStart(351)) - jetty-9.3.24.v20180605, build timestamp: 2018-06-05T17:11:56Z, git hash: 84205aa28f11a4f31f2a3b86d1bba2cc8ab69827
2019-07-14 02:54:41,349 INFO  handler.ContextHandler (ContextHandler.java:doStart(781)) - Started o.e.j.s.ServletContextHandler@733fb462{/logs,file:///tmp/workdir/hadoop-ozone/integration-test/target/log,AVAILABLE}
2019-07-14 02:54:41,350 INFO  handler.ContextHandler (ContextHandler.java:doStart(781)) - Started o.e.j.s.ServletContextHandler@359066bc{/static,jar:file:/home/user/.m2/repository/org/apache/hadoop/hadoop-hdds-container-service/0.5.0-SNAPSHOT/hadoop-hdds-container-service-0.5.0-SNAPSHOT.jar!/webapps/static,AVAILABLE}
2019-07-14 02:54:41,374 INFO  handler.ContextHandler (ContextHandler.java:doStart(781)) - Started o.e.j.w.WebAppContext@2a8b33ba{/,file:///tmp/jetty-0.0.0.0-39542-hddsDatanode-_-any-1647114271756983133.dir/webapp/,AVAILABLE}{/hddsDatanode}
2019-07-14 02:54:41,375 INFO  server.AbstractConnector (AbstractConnector.java:doStart(278)) - Started ServerConnector@4e8b357d{HTTP/1.1,[http/1.1]}{0.0.0.0:39542}
2019-07-14 02:54:41,376 INFO  server.Server (Server.java:doStart(419)) - Started @5872ms
2019-07-14 02:54:41,377 INFO  server.BaseHttpServer (BaseHttpServer.java:updateConnectorAddress(207)) - HTTP server of HDDSDATANODE is listening at http://0.0.0.0:39542
2019-07-14 02:54:41,439 INFO  datanode.InitDatanodeState (InitDatanodeState.java:persistContainerDatanodeDetails(140)) - DatanodeDetails is persisted to /tmp/workdir/hadoop-ozone/integration-test/target/test-dir/MiniOzoneClusterImpl-da45e524-b34e-4865-9b65-cd88b92677e8/datanode-0/meta/datanode.id
2019-07-14 02:54:41,502 INFO  ozone.HddsDatanodeService (HddsDatanodeService.java:startPlugins(396)) - Started plug-in org.apache.hadoop.ozone.web.OzoneHddsDatanodeService@6097fca9
2019-07-14 02:54:41,502 INFO  impl.MetricsSystemImpl (MetricsSystemImpl.java:init(158)) - HddsDatanode metrics system started (again)
2019-07-14 02:54:41,504 INFO  ozone.HddsDatanodeService (HddsDatanodeService.java:start(185)) - HddsDatanodeService host:trunk-nightly-k88cw-3644625431 ip:192.168.157.236
2019-07-14 02:54:41,506 INFO  util.JvmPauseMonitor (JvmPauseMonitor.java:run(188)) - Starting JVM pause monitor
2019-07-14 02:54:41,514 INFO  volume.HddsVolume (HddsVolume.java:<init>(176)) - Creating Volume: /tmp/workdir/hadoop-ozone/integration-test/target/test-dir/MiniOzoneClusterImpl-da45e524-b34e-4865-9b65-cd88b92677e8/datanode-2/data/containers/hdds of  storage type : DISK and capacity : 52710309888
2019-07-14 02:54:41,514 INFO  datanode.InitDatanodeState (InitDatanodeState.java:persistContainerDatanodeDetails(140)) - DatanodeDetails is persisted to /tmp/workdir/hadoop-ozone/integration-test/target/test-dir/MiniOzoneClusterImpl-da45e524-b34e-4865-9b65-cd88b92677e8/datanode-1/meta/datanode.id
2019-07-14 02:54:41,515 INFO  volume.VolumeSet (VolumeSet.java:initializeVolumeSet(170)) - Added Volume : /tmp/workdir/hadoop-ozone/integration-test/target/test-dir/MiniOzoneClusterImpl-da45e524-b34e-4865-9b65-cd88b92677e8/datanode-2/data/containers/hdds to VolumeSet
2019-07-14 02:54:41,515 INFO  volume.ThrottledAsyncChecker (ThrottledAsyncChecker.java:schedule(140)) - Scheduling a check for org.apache.hadoop.ozone.container.common.volume.HddsVolume@6371cf2f
2019-07-14 02:54:41,516 INFO  volume.HddsVolumeChecker (HddsVolumeChecker.java:checkAllVolumes(203)) - Scheduled health check for volume org.apache.hadoop.ozone.container.common.volume.HddsVolume@6371cf2f
2019-07-14 02:54:41,531 INFO  impl.RaftServerProxy (ConfUtils.java:logGet(43)) - raft.rpc.type = GRPC (default)
2019-07-14 02:54:41,531 INFO  grpc.GrpcFactory (GrpcFactory.java:checkPooledByteBufAllocatorUseCacheForAllThreads(45)) - PERFORMANCE WARNING: useCacheForAllThreads is true that may cause Netty to create a lot garbage objects and, as a result, trigger GC.
	It is recommended to disable useCacheForAllThreads by setting -Dorg.apache.ratis.thirdparty.io.netty.allocator.useCacheForAllThreads=false in command line.
2019-07-14 02:54:41,531 INFO  grpc.GrpcConfigKeys$Server (ConfUtils.java:logGet(43)) - raft.grpc.server.port = 0 (default)
2019-07-14 02:54:41,531 INFO  server.GrpcService (ConfUtils.java:logGet(43)) - raft.grpc.message.size.max = 33570816 (custom)
2019-07-14 02:54:41,531 INFO  server.RaftServerConfigKeys (ConfUtils.java:logGet(43)) - raft.server.log.appender.buffer.byte-limit = 33554432 (custom)
2019-07-14 02:54:41,532 INFO  server.GrpcService (ConfUtils.java:logGet(43)) - raft.grpc.flow.control.window = 1MB (=1048576) (default)
2019-07-14 02:54:41,532 INFO  server.RaftServerConfigKeys (ConfUtils.java:logGet(43)) - raft.server.rpc.request.timeout = 3000ms (default)
2019-07-14 02:54:41,532 INFO  server.RaftServerConfigKeys (ConfUtils.java:logGet(43)) - raft.server.storage.dir = [/tmp/workdir/hadoop-ozone/integration-test/target/test-dir/MiniOzoneClusterImpl-da45e524-b34e-4865-9b65-cd88b92677e8/datanode-2/data/ratis] (custom)
2019-07-14 02:54:41,533 INFO  replication.SimpleContainerDownloader (SimpleContainerDownloader.java:<init>(72)) - Starting container downloader service to copy containers to replicate.
2019-07-14 02:54:41,534 INFO  hdfs.DFSUtil (DFSUtil.java:httpServerTemplateForNNAndJN(1641)) - Starting Web-server for hddsDatanode at: http://0.0.0.0:0
2019-07-14 02:54:41,535 INFO  server.AuthenticationFilter (AuthenticationFilter.java:constructSecretProvider(240)) - Unable to initialize FileSignerSecretProvider, falling back to use random secrets.
2019-07-14 02:54:41,536 WARN  http.HttpRequestLog (HttpRequestLog.java:getRequestLog(97)) - Jetty request log can only be enabled using Log4j
2019-07-14 02:54:41,537 INFO  http.HttpServer2 (HttpServer2.java:addGlobalFilter(975)) - Added global filter 'safety' (class=org.apache.hadoop.http.HttpServer2$QuotingInputFilter)
2019-07-14 02:54:41,538 INFO  http.HttpServer2 (HttpServer2.java:addFilter(948)) - Added filter static_user_filter (class=org.apache.hadoop.http.lib.StaticUserWebFilter$StaticUserFilter) to context hddsDatanode
2019-07-14 02:54:41,538 INFO  http.HttpServer2 (HttpServer2.java:addFilter(958)) - Added filter static_user_filter (class=org.apache.hadoop.http.lib.StaticUserWebFilter$StaticUserFilter) to context logs
2019-07-14 02:54:41,538 INFO  http.HttpServer2 (HttpServer2.java:addFilter(958)) - Added filter static_user_filter (class=org.apache.hadoop.http.lib.StaticUserWebFilter$StaticUserFilter) to context static
2019-07-14 02:54:41,539 INFO  http.HttpServer2 (HttpServer2.java:bindListener(1191)) - Jetty bound to port 42991
2019-07-14 02:54:41,539 INFO  server.Server (Server.java:doStart(351)) - jetty-9.3.24.v20180605, build timestamp: 2018-06-05T17:11:56Z, git hash: 84205aa28f11a4f31f2a3b86d1bba2cc8ab69827
2019-07-14 02:54:41,543 INFO  handler.ContextHandler (ContextHandler.java:doStart(781)) - Started o.e.j.s.ServletContextHandler@3b97907c{/logs,file:///tmp/workdir/hadoop-ozone/integration-test/target/log,AVAILABLE}
2019-07-14 02:54:41,543 INFO  handler.ContextHandler (ContextHandler.java:doStart(781)) - Started o.e.j.s.ServletContextHandler@631c6d11{/static,jar:file:/home/user/.m2/repository/org/apache/hadoop/hadoop-hdds-container-service/0.5.0-SNAPSHOT/hadoop-hdds-container-service-0.5.0-SNAPSHOT.jar!/webapps/static,AVAILABLE}
2019-07-14 02:54:41,566 INFO  handler.ContextHandler (ContextHandler.java:doStart(781)) - Started o.e.j.w.WebAppContext@61608e1a{/,file:///tmp/jetty-0.0.0.0-42991-hddsDatanode-_-any-3458683916276073332.dir/webapp/,AVAILABLE}{/hddsDatanode}
2019-07-14 02:54:41,567 INFO  server.AbstractConnector (AbstractConnector.java:doStart(278)) - Started ServerConnector@7c46c9c3{HTTP/1.1,[http/1.1]}{0.0.0.0:42991}
2019-07-14 02:54:41,567 INFO  server.Server (Server.java:doStart(419)) - Started @6064ms
2019-07-14 02:54:41,569 INFO  server.BaseHttpServer (BaseHttpServer.java:updateConnectorAddress(207)) - HTTP server of HDDSDATANODE is listening at http://0.0.0.0:42991
2019-07-14 02:54:41,677 INFO  ozone.HddsDatanodeService (HddsDatanodeService.java:startPlugins(396)) - Started plug-in org.apache.hadoop.ozone.web.OzoneHddsDatanodeService@4026461d
2019-07-14 02:54:41,677 INFO  impl.MetricsSystemImpl (MetricsSystemImpl.java:init(158)) - HddsDatanode metrics system started (again)
2019-07-14 02:54:41,679 INFO  ozone.HddsDatanodeService (HddsDatanodeService.java:start(185)) - HddsDatanodeService host:trunk-nightly-k88cw-3644625431 ip:192.168.157.236
2019-07-14 02:54:41,681 INFO  util.JvmPauseMonitor (JvmPauseMonitor.java:run(188)) - Starting JVM pause monitor
2019-07-14 02:54:41,683 INFO  datanode.InitDatanodeState (InitDatanodeState.java:persistContainerDatanodeDetails(140)) - DatanodeDetails is persisted to /tmp/workdir/hadoop-ozone/integration-test/target/test-dir/MiniOzoneClusterImpl-da45e524-b34e-4865-9b65-cd88b92677e8/datanode-2/meta/datanode.id
2019-07-14 02:54:41,688 INFO  volume.HddsVolume (HddsVolume.java:<init>(176)) - Creating Volume: /tmp/workdir/hadoop-ozone/integration-test/target/test-dir/MiniOzoneClusterImpl-da45e524-b34e-4865-9b65-cd88b92677e8/datanode-3/data/containers/hdds of  storage type : DISK and capacity : 52710309888
2019-07-14 02:54:41,688 INFO  volume.VolumeSet (VolumeSet.java:initializeVolumeSet(170)) - Added Volume : /tmp/workdir/hadoop-ozone/integration-test/target/test-dir/MiniOzoneClusterImpl-da45e524-b34e-4865-9b65-cd88b92677e8/datanode-3/data/containers/hdds to VolumeSet
2019-07-14 02:54:41,689 INFO  volume.ThrottledAsyncChecker (ThrottledAsyncChecker.java:schedule(140)) - Scheduling a check for org.apache.hadoop.ozone.container.common.volume.HddsVolume@57bd6a8f
2019-07-14 02:54:41,689 INFO  volume.HddsVolumeChecker (HddsVolumeChecker.java:checkAllVolumes(203)) - Scheduled health check for volume org.apache.hadoop.ozone.container.common.volume.HddsVolume@57bd6a8f
2019-07-14 02:54:41,702 INFO  impl.RaftServerProxy (ConfUtils.java:logGet(43)) - raft.rpc.type = GRPC (default)
2019-07-14 02:54:41,702 INFO  grpc.GrpcFactory (GrpcFactory.java:checkPooledByteBufAllocatorUseCacheForAllThreads(45)) - PERFORMANCE WARNING: useCacheForAllThreads is true that may cause Netty to create a lot garbage objects and, as a result, trigger GC.
	It is recommended to disable useCacheForAllThreads by setting -Dorg.apache.ratis.thirdparty.io.netty.allocator.useCacheForAllThreads=false in command line.
2019-07-14 02:54:41,702 INFO  grpc.GrpcConfigKeys$Server (ConfUtils.java:logGet(43)) - raft.grpc.server.port = 0 (default)
2019-07-14 02:54:41,702 INFO  server.GrpcService (ConfUtils.java:logGet(43)) - raft.grpc.message.size.max = 33570816 (custom)
2019-07-14 02:54:41,703 INFO  server.RaftServerConfigKeys (ConfUtils.java:logGet(43)) - raft.server.log.appender.buffer.byte-limit = 33554432 (custom)
2019-07-14 02:54:41,703 INFO  server.GrpcService (ConfUtils.java:logGet(43)) - raft.grpc.flow.control.window = 1MB (=1048576) (default)
2019-07-14 02:54:41,703 INFO  server.RaftServerConfigKeys (ConfUtils.java:logGet(43)) - raft.server.rpc.request.timeout = 3000ms (default)
2019-07-14 02:54:41,704 INFO  server.RaftServerConfigKeys (ConfUtils.java:logGet(43)) - raft.server.storage.dir = [/tmp/workdir/hadoop-ozone/integration-test/target/test-dir/MiniOzoneClusterImpl-da45e524-b34e-4865-9b65-cd88b92677e8/datanode-3/data/ratis] (custom)
2019-07-14 02:54:41,704 INFO  replication.SimpleContainerDownloader (SimpleContainerDownloader.java:<init>(72)) - Starting container downloader service to copy containers to replicate.
2019-07-14 02:54:41,705 INFO  hdfs.DFSUtil (DFSUtil.java:httpServerTemplateForNNAndJN(1641)) - Starting Web-server for hddsDatanode at: http://0.0.0.0:0
2019-07-14 02:54:41,706 INFO  server.AuthenticationFilter (AuthenticationFilter.java:constructSecretProvider(240)) - Unable to initialize FileSignerSecretProvider, falling back to use random secrets.
2019-07-14 02:54:41,707 WARN  http.HttpRequestLog (HttpRequestLog.java:getRequestLog(97)) - Jetty request log can only be enabled using Log4j
2019-07-14 02:54:41,708 INFO  http.HttpServer2 (HttpServer2.java:addGlobalFilter(975)) - Added global filter 'safety' (class=org.apache.hadoop.http.HttpServer2$QuotingInputFilter)
2019-07-14 02:54:41,708 INFO  http.HttpServer2 (HttpServer2.java:addFilter(948)) - Added filter static_user_filter (class=org.apache.hadoop.http.lib.StaticUserWebFilter$StaticUserFilter) to context hddsDatanode
2019-07-14 02:54:41,709 INFO  http.HttpServer2 (HttpServer2.java:addFilter(958)) - Added filter static_user_filter (class=org.apache.hadoop.http.lib.StaticUserWebFilter$StaticUserFilter) to context static
2019-07-14 02:54:41,709 INFO  http.HttpServer2 (HttpServer2.java:addFilter(958)) - Added filter static_user_filter (class=org.apache.hadoop.http.lib.StaticUserWebFilter$StaticUserFilter) to context logs
2019-07-14 02:54:41,709 INFO  http.HttpServer2 (HttpServer2.java:bindListener(1191)) - Jetty bound to port 44015
2019-07-14 02:54:41,709 INFO  server.Server (Server.java:doStart(351)) - jetty-9.3.24.v20180605, build timestamp: 2018-06-05T17:11:56Z, git hash: 84205aa28f11a4f31f2a3b86d1bba2cc8ab69827
2019-07-14 02:54:41,712 INFO  handler.ContextHandler (ContextHandler.java:doStart(781)) - Started o.e.j.s.ServletContextHandler@5f395ce1{/logs,file:///tmp/workdir/hadoop-ozone/integration-test/target/log,AVAILABLE}
2019-07-14 02:54:41,712 INFO  handler.ContextHandler (ContextHandler.java:doStart(781)) - Started o.e.j.s.ServletContextHandler@1e30db85{/static,jar:file:/home/user/.m2/repository/org/apache/hadoop/hadoop-hdds-container-service/0.5.0-SNAPSHOT/hadoop-hdds-container-service-0.5.0-SNAPSHOT.jar!/webapps/static,AVAILABLE}
2019-07-14 02:54:41,736 INFO  handler.ContextHandler (ContextHandler.java:doStart(781)) - Started o.e.j.w.WebAppContext@1e00bfe2{/,file:///tmp/jetty-0.0.0.0-44015-hddsDatanode-_-any-1604266388118523888.dir/webapp/,AVAILABLE}{/hddsDatanode}
2019-07-14 02:54:41,737 INFO  server.AbstractConnector (AbstractConnector.java:doStart(278)) - Started ServerConnector@4702e7a5{HTTP/1.1,[http/1.1]}{0.0.0.0:44015}
2019-07-14 02:54:41,737 INFO  server.Server (Server.java:doStart(419)) - Started @6234ms
2019-07-14 02:54:41,739 INFO  server.BaseHttpServer (BaseHttpServer.java:updateConnectorAddress(207)) - HTTP server of HDDSDATANODE is listening at http://0.0.0.0:44015
2019-07-14 02:54:41,850 INFO  ozone.HddsDatanodeService (HddsDatanodeService.java:startPlugins(396)) - Started plug-in org.apache.hadoop.ozone.web.OzoneHddsDatanodeService@1bd8afc8
2019-07-14 02:54:41,851 INFO  impl.MetricsSystemImpl (MetricsSystemImpl.java:init(158)) - HddsDatanode metrics system started (again)
2019-07-14 02:54:41,851 INFO  ozone.HddsDatanodeService (HddsDatanodeService.java:start(185)) - HddsDatanodeService host:trunk-nightly-k88cw-3644625431 ip:192.168.157.236
2019-07-14 02:54:41,854 INFO  util.JvmPauseMonitor (JvmPauseMonitor.java:run(188)) - Starting JVM pause monitor
2019-07-14 02:54:41,863 INFO  volume.HddsVolume (HddsVolume.java:<init>(176)) - Creating Volume: /tmp/workdir/hadoop-ozone/integration-test/target/test-dir/MiniOzoneClusterImpl-da45e524-b34e-4865-9b65-cd88b92677e8/datanode-4/data/containers/hdds of  storage type : DISK and capacity : 52710309888
2019-07-14 02:54:41,863 INFO  datanode.InitDatanodeState (InitDatanodeState.java:persistContainerDatanodeDetails(140)) - DatanodeDetails is persisted to /tmp/workdir/hadoop-ozone/integration-test/target/test-dir/MiniOzoneClusterImpl-da45e524-b34e-4865-9b65-cd88b92677e8/datanode-3/meta/datanode.id
2019-07-14 02:54:41,863 INFO  volume.VolumeSet (VolumeSet.java:initializeVolumeSet(170)) - Added Volume : /tmp/workdir/hadoop-ozone/integration-test/target/test-dir/MiniOzoneClusterImpl-da45e524-b34e-4865-9b65-cd88b92677e8/datanode-4/data/containers/hdds to VolumeSet
2019-07-14 02:54:41,863 INFO  volume.ThrottledAsyncChecker (ThrottledAsyncChecker.java:schedule(140)) - Scheduling a check for org.apache.hadoop.ozone.container.common.volume.HddsVolume@77a0dd63
2019-07-14 02:54:41,864 INFO  volume.HddsVolumeChecker (HddsVolumeChecker.java:checkAllVolumes(203)) - Scheduled health check for volume org.apache.hadoop.ozone.container.common.volume.HddsVolume@77a0dd63
2019-07-14 02:54:41,876 INFO  impl.RaftServerProxy (ConfUtils.java:logGet(43)) - raft.rpc.type = GRPC (default)
2019-07-14 02:54:41,876 INFO  grpc.GrpcFactory (GrpcFactory.java:checkPooledByteBufAllocatorUseCacheForAllThreads(45)) - PERFORMANCE WARNING: useCacheForAllThreads is true that may cause Netty to create a lot garbage objects and, as a result, trigger GC.
	It is recommended to disable useCacheForAllThreads by setting -Dorg.apache.ratis.thirdparty.io.netty.allocator.useCacheForAllThreads=false in command line.
2019-07-14 02:54:41,876 INFO  grpc.GrpcConfigKeys$Server (ConfUtils.java:logGet(43)) - raft.grpc.server.port = 0 (default)
2019-07-14 02:54:41,876 INFO  server.GrpcService (ConfUtils.java:logGet(43)) - raft.grpc.message.size.max = 33570816 (custom)
2019-07-14 02:54:41,876 INFO  server.RaftServerConfigKeys (ConfUtils.java:logGet(43)) - raft.server.log.appender.buffer.byte-limit = 33554432 (custom)
2019-07-14 02:54:41,877 INFO  server.GrpcService (ConfUtils.java:logGet(43)) - raft.grpc.flow.control.window = 1MB (=1048576) (default)
2019-07-14 02:54:41,877 INFO  server.RaftServerConfigKeys (ConfUtils.java:logGet(43)) - raft.server.rpc.request.timeout = 3000ms (default)
2019-07-14 02:54:41,877 INFO  server.RaftServerConfigKeys (ConfUtils.java:logGet(43)) - raft.server.storage.dir = [/tmp/workdir/hadoop-ozone/integration-test/target/test-dir/MiniOzoneClusterImpl-da45e524-b34e-4865-9b65-cd88b92677e8/datanode-4/data/ratis] (custom)
2019-07-14 02:54:41,878 INFO  replication.SimpleContainerDownloader (SimpleContainerDownloader.java:<init>(72)) - Starting container downloader service to copy containers to replicate.
2019-07-14 02:54:41,879 INFO  hdfs.DFSUtil (DFSUtil.java:httpServerTemplateForNNAndJN(1641)) - Starting Web-server for hddsDatanode at: http://0.0.0.0:0
2019-07-14 02:54:41,880 INFO  server.AuthenticationFilter (AuthenticationFilter.java:constructSecretProvider(240)) - Unable to initialize FileSignerSecretProvider, falling back to use random secrets.
2019-07-14 02:54:41,880 WARN  http.HttpRequestLog (HttpRequestLog.java:getRequestLog(97)) - Jetty request log can only be enabled using Log4j
2019-07-14 02:54:41,881 INFO  http.HttpServer2 (HttpServer2.java:addGlobalFilter(975)) - Added global filter 'safety' (class=org.apache.hadoop.http.HttpServer2$QuotingInputFilter)
2019-07-14 02:54:41,882 INFO  http.HttpServer2 (HttpServer2.java:addFilter(948)) - Added filter static_user_filter (class=org.apache.hadoop.http.lib.StaticUserWebFilter$StaticUserFilter) to context hddsDatanode
2019-07-14 02:54:41,882 INFO  http.HttpServer2 (HttpServer2.java:addFilter(958)) - Added filter static_user_filter (class=org.apache.hadoop.http.lib.StaticUserWebFilter$StaticUserFilter) to context static
2019-07-14 02:54:41,882 INFO  http.HttpServer2 (HttpServer2.java:addFilter(958)) - Added filter static_user_filter (class=org.apache.hadoop.http.lib.StaticUserWebFilter$StaticUserFilter) to context logs
2019-07-14 02:54:41,883 INFO  http.HttpServer2 (HttpServer2.java:bindListener(1191)) - Jetty bound to port 40827
2019-07-14 02:54:41,883 INFO  server.Server (Server.java:doStart(351)) - jetty-9.3.24.v20180605, build timestamp: 2018-06-05T17:11:56Z, git hash: 84205aa28f11a4f31f2a3b86d1bba2cc8ab69827
2019-07-14 02:54:41,887 INFO  handler.ContextHandler (ContextHandler.java:doStart(781)) - Started o.e.j.s.ServletContextHandler@7aa01bd9{/logs,file:///tmp/workdir/hadoop-ozone/integration-test/target/log,AVAILABLE}
2019-07-14 02:54:41,888 INFO  handler.ContextHandler (ContextHandler.java:doStart(781)) - Started o.e.j.s.ServletContextHandler@615db358{/static,jar:file:/home/user/.m2/repository/org/apache/hadoop/hadoop-hdds-container-service/0.5.0-SNAPSHOT/hadoop-hdds-container-service-0.5.0-SNAPSHOT.jar!/webapps/static,AVAILABLE}
2019-07-14 02:54:41,912 INFO  handler.ContextHandler (ContextHandler.java:doStart(781)) - Started o.e.j.w.WebAppContext@34136bd1{/,file:///tmp/jetty-0.0.0.0-40827-hddsDatanode-_-any-5282126378967756477.dir/webapp/,AVAILABLE}{/hddsDatanode}
2019-07-14 02:54:41,912 INFO  server.AbstractConnector (AbstractConnector.java:doStart(278)) - Started ServerConnector@6de7778f{HTTP/1.1,[http/1.1]}{0.0.0.0:40827}
2019-07-14 02:54:41,913 INFO  server.Server (Server.java:doStart(419)) - Started @6410ms
2019-07-14 02:54:41,914 INFO  server.BaseHttpServer (BaseHttpServer.java:updateConnectorAddress(207)) - HTTP server of HDDSDATANODE is listening at http://0.0.0.0:40827
2019-07-14 02:54:42,025 INFO  ozone.HddsDatanodeService (HddsDatanodeService.java:startPlugins(396)) - Started plug-in org.apache.hadoop.ozone.web.OzoneHddsDatanodeService@5fdd97c1
2019-07-14 02:54:42,025 INFO  impl.MetricsSystemImpl (MetricsSystemImpl.java:init(158)) - HddsDatanode metrics system started (again)
2019-07-14 02:54:42,027 INFO  ozone.HddsDatanodeService (HddsDatanodeService.java:start(185)) - HddsDatanodeService host:trunk-nightly-k88cw-3644625431 ip:192.168.157.236
2019-07-14 02:54:42,029 INFO  util.JvmPauseMonitor (JvmPauseMonitor.java:run(188)) - Starting JVM pause monitor
2019-07-14 02:54:42,031 INFO  datanode.InitDatanodeState (InitDatanodeState.java:persistContainerDatanodeDetails(140)) - DatanodeDetails is persisted to /tmp/workdir/hadoop-ozone/integration-test/target/test-dir/MiniOzoneClusterImpl-da45e524-b34e-4865-9b65-cd88b92677e8/datanode-4/meta/datanode.id
2019-07-14 02:54:42,035 INFO  volume.HddsVolume (HddsVolume.java:<init>(176)) - Creating Volume: /tmp/workdir/hadoop-ozone/integration-test/target/test-dir/MiniOzoneClusterImpl-da45e524-b34e-4865-9b65-cd88b92677e8/datanode-5/data/containers/hdds of  storage type : DISK and capacity : 52710309888
2019-07-14 02:54:42,035 INFO  volume.VolumeSet (VolumeSet.java:initializeVolumeSet(170)) - Added Volume : /tmp/workdir/hadoop-ozone/integration-test/target/test-dir/MiniOzoneClusterImpl-da45e524-b34e-4865-9b65-cd88b92677e8/datanode-5/data/containers/hdds to VolumeSet
2019-07-14 02:54:42,036 INFO  volume.ThrottledAsyncChecker (ThrottledAsyncChecker.java:schedule(140)) - Scheduling a check for org.apache.hadoop.ozone.container.common.volume.HddsVolume@37d3e140
2019-07-14 02:54:42,036 INFO  volume.HddsVolumeChecker (HddsVolumeChecker.java:checkAllVolumes(203)) - Scheduled health check for volume org.apache.hadoop.ozone.container.common.volume.HddsVolume@37d3e140
2019-07-14 02:54:42,048 INFO  impl.RaftServerProxy (ConfUtils.java:logGet(43)) - raft.rpc.type = GRPC (default)
2019-07-14 02:54:42,048 INFO  grpc.GrpcFactory (GrpcFactory.java:checkPooledByteBufAllocatorUseCacheForAllThreads(45)) - PERFORMANCE WARNING: useCacheForAllThreads is true that may cause Netty to create a lot garbage objects and, as a result, trigger GC.
	It is recommended to disable useCacheForAllThreads by setting -Dorg.apache.ratis.thirdparty.io.netty.allocator.useCacheForAllThreads=false in command line.
2019-07-14 02:54:42,049 INFO  grpc.GrpcConfigKeys$Server (ConfUtils.java:logGet(43)) - raft.grpc.server.port = 0 (default)
2019-07-14 02:54:42,049 INFO  server.GrpcService (ConfUtils.java:logGet(43)) - raft.grpc.message.size.max = 33570816 (custom)
2019-07-14 02:54:42,049 INFO  server.RaftServerConfigKeys (ConfUtils.java:logGet(43)) - raft.server.log.appender.buffer.byte-limit = 33554432 (custom)
2019-07-14 02:54:42,049 INFO  server.GrpcService (ConfUtils.java:logGet(43)) - raft.grpc.flow.control.window = 1MB (=1048576) (default)
2019-07-14 02:54:42,049 INFO  server.RaftServerConfigKeys (ConfUtils.java:logGet(43)) - raft.server.rpc.request.timeout = 3000ms (default)
2019-07-14 02:54:42,050 INFO  server.RaftServerConfigKeys (ConfUtils.java:logGet(43)) - raft.server.storage.dir = [/tmp/workdir/hadoop-ozone/integration-test/target/test-dir/MiniOzoneClusterImpl-da45e524-b34e-4865-9b65-cd88b92677e8/datanode-5/data/ratis] (custom)
2019-07-14 02:54:42,050 INFO  replication.SimpleContainerDownloader (SimpleContainerDownloader.java:<init>(72)) - Starting container downloader service to copy containers to replicate.
2019-07-14 02:54:42,051 INFO  hdfs.DFSUtil (DFSUtil.java:httpServerTemplateForNNAndJN(1641)) - Starting Web-server for hddsDatanode at: http://0.0.0.0:0
2019-07-14 02:54:42,052 INFO  server.AuthenticationFilter (AuthenticationFilter.java:constructSecretProvider(240)) - Unable to initialize FileSignerSecretProvider, falling back to use random secrets.
2019-07-14 02:54:42,053 WARN  http.HttpRequestLog (HttpRequestLog.java:getRequestLog(97)) - Jetty request log can only be enabled using Log4j
2019-07-14 02:54:42,054 INFO  http.HttpServer2 (HttpServer2.java:addGlobalFilter(975)) - Added global filter 'safety' (class=org.apache.hadoop.http.HttpServer2$QuotingInputFilter)
2019-07-14 02:54:42,054 INFO  http.HttpServer2 (HttpServer2.java:addFilter(948)) - Added filter static_user_filter (class=org.apache.hadoop.http.lib.StaticUserWebFilter$StaticUserFilter) to context hddsDatanode
2019-07-14 02:54:42,054 INFO  http.HttpServer2 (HttpServer2.java:addFilter(958)) - Added filter static_user_filter (class=org.apache.hadoop.http.lib.StaticUserWebFilter$StaticUserFilter) to context static
2019-07-14 02:54:42,055 INFO  http.HttpServer2 (HttpServer2.java:addFilter(958)) - Added filter static_user_filter (class=org.apache.hadoop.http.lib.StaticUserWebFilter$StaticUserFilter) to context logs
2019-07-14 02:54:42,055 INFO  http.HttpServer2 (HttpServer2.java:bindListener(1191)) - Jetty bound to port 42661
2019-07-14 02:54:42,055 INFO  server.Server (Server.java:doStart(351)) - jetty-9.3.24.v20180605, build timestamp: 2018-06-05T17:11:56Z, git hash: 84205aa28f11a4f31f2a3b86d1bba2cc8ab69827
2019-07-14 02:54:42,057 INFO  handler.ContextHandler (ContextHandler.java:doStart(781)) - Started o.e.j.s.ServletContextHandler@545d2560{/logs,file:///tmp/workdir/hadoop-ozone/integration-test/target/log,AVAILABLE}
2019-07-14 02:54:42,058 INFO  handler.ContextHandler (ContextHandler.java:doStart(781)) - Started o.e.j.s.ServletContextHandler@6885ed19{/static,jar:file:/home/user/.m2/repository/org/apache/hadoop/hadoop-hdds-container-service/0.5.0-SNAPSHOT/hadoop-hdds-container-service-0.5.0-SNAPSHOT.jar!/webapps/static,AVAILABLE}
2019-07-14 02:54:42,080 INFO  handler.ContextHandler (ContextHandler.java:doStart(781)) - Started o.e.j.w.WebAppContext@40c8067{/,file:///tmp/jetty-0.0.0.0-42661-hddsDatanode-_-any-2532726841776016962.dir/webapp/,AVAILABLE}{/hddsDatanode}
2019-07-14 02:54:42,081 INFO  server.AbstractConnector (AbstractConnector.java:doStart(278)) - Started ServerConnector@46bb0bdf{HTTP/1.1,[http/1.1]}{0.0.0.0:42661}
2019-07-14 02:54:42,082 INFO  server.Server (Server.java:doStart(419)) - Started @6578ms
2019-07-14 02:54:42,082 INFO  server.BaseHttpServer (BaseHttpServer.java:updateConnectorAddress(207)) - HTTP server of HDDSDATANODE is listening at http://0.0.0.0:42661
2019-07-14 02:54:42,197 INFO  ozone.HddsDatanodeService (HddsDatanodeService.java:startPlugins(396)) - Started plug-in org.apache.hadoop.ozone.web.OzoneHddsDatanodeService@7d25913
2019-07-14 02:54:42,198 INFO  impl.MetricsSystemImpl (MetricsSystemImpl.java:init(158)) - HddsDatanode metrics system started (again)
2019-07-14 02:54:42,198 INFO  ozone.HddsDatanodeService (HddsDatanodeService.java:start(185)) - HddsDatanodeService host:trunk-nightly-k88cw-3644625431 ip:192.168.157.236
2019-07-14 02:54:42,202 INFO  util.JvmPauseMonitor (JvmPauseMonitor.java:run(188)) - Starting JVM pause monitor
2019-07-14 02:54:42,206 INFO  datanode.InitDatanodeState (InitDatanodeState.java:persistContainerDatanodeDetails(140)) - DatanodeDetails is persisted to /tmp/workdir/hadoop-ozone/integration-test/target/test-dir/MiniOzoneClusterImpl-da45e524-b34e-4865-9b65-cd88b92677e8/datanode-5/meta/datanode.id
2019-07-14 02:54:42,209 INFO  volume.HddsVolume (HddsVolume.java:<init>(176)) - Creating Volume: /tmp/workdir/hadoop-ozone/integration-test/target/test-dir/MiniOzoneClusterImpl-da45e524-b34e-4865-9b65-cd88b92677e8/datanode-6/data/containers/hdds of  storage type : DISK and capacity : 52710309888
2019-07-14 02:54:42,209 INFO  volume.VolumeSet (VolumeSet.java:initializeVolumeSet(170)) - Added Volume : /tmp/workdir/hadoop-ozone/integration-test/target/test-dir/MiniOzoneClusterImpl-da45e524-b34e-4865-9b65-cd88b92677e8/datanode-6/data/containers/hdds to VolumeSet
2019-07-14 02:54:42,209 INFO  volume.ThrottledAsyncChecker (ThrottledAsyncChecker.java:schedule(140)) - Scheduling a check for org.apache.hadoop.ozone.container.common.volume.HddsVolume@40a1b6d4
2019-07-14 02:54:42,209 INFO  volume.HddsVolumeChecker (HddsVolumeChecker.java:checkAllVolumes(203)) - Scheduled health check for volume org.apache.hadoop.ozone.container.common.volume.HddsVolume@40a1b6d4
2019-07-14 02:54:42,222 INFO  impl.RaftServerProxy (ConfUtils.java:logGet(43)) - raft.rpc.type = GRPC (default)
2019-07-14 02:54:42,223 INFO  grpc.GrpcFactory (GrpcFactory.java:checkPooledByteBufAllocatorUseCacheForAllThreads(45)) - PERFORMANCE WARNING: useCacheForAllThreads is true that may cause Netty to create a lot garbage objects and, as a result, trigger GC.
	It is recommended to disable useCacheForAllThreads by setting -Dorg.apache.ratis.thirdparty.io.netty.allocator.useCacheForAllThreads=false in command line.
2019-07-14 02:54:42,223 INFO  grpc.GrpcConfigKeys$Server (ConfUtils.java:logGet(43)) - raft.grpc.server.port = 0 (default)
2019-07-14 02:54:42,224 INFO  server.GrpcService (ConfUtils.java:logGet(43)) - raft.grpc.message.size.max = 33570816 (custom)
2019-07-14 02:54:42,224 INFO  server.RaftServerConfigKeys (ConfUtils.java:logGet(43)) - raft.server.log.appender.buffer.byte-limit = 33554432 (custom)
2019-07-14 02:54:42,224 INFO  server.GrpcService (ConfUtils.java:logGet(43)) - raft.grpc.flow.control.window = 1MB (=1048576) (default)
2019-07-14 02:54:42,224 INFO  server.RaftServerConfigKeys (ConfUtils.java:logGet(43)) - raft.server.rpc.request.timeout = 3000ms (default)
2019-07-14 02:54:42,225 INFO  server.RaftServerConfigKeys (ConfUtils.java:logGet(43)) - raft.server.storage.dir = [/tmp/workdir/hadoop-ozone/integration-test/target/test-dir/MiniOzoneClusterImpl-da45e524-b34e-4865-9b65-cd88b92677e8/datanode-6/data/ratis] (custom)
2019-07-14 02:54:42,225 INFO  replication.SimpleContainerDownloader (SimpleContainerDownloader.java:<init>(72)) - Starting container downloader service to copy containers to replicate.
2019-07-14 02:54:42,226 INFO  hdfs.DFSUtil (DFSUtil.java:httpServerTemplateForNNAndJN(1641)) - Starting Web-server for hddsDatanode at: http://0.0.0.0:0
2019-07-14 02:54:42,227 INFO  server.AuthenticationFilter (AuthenticationFilter.java:constructSecretProvider(240)) - Unable to initialize FileSignerSecretProvider, falling back to use random secrets.
2019-07-14 02:54:42,227 WARN  http.HttpRequestLog (HttpRequestLog.java:getRequestLog(97)) - Jetty request log can only be enabled using Log4j
2019-07-14 02:54:42,228 INFO  http.HttpServer2 (HttpServer2.java:addGlobalFilter(975)) - Added global filter 'safety' (class=org.apache.hadoop.http.HttpServer2$QuotingInputFilter)
2019-07-14 02:54:42,229 INFO  http.HttpServer2 (HttpServer2.java:addFilter(948)) - Added filter static_user_filter (class=org.apache.hadoop.http.lib.StaticUserWebFilter$StaticUserFilter) to context hddsDatanode
2019-07-14 02:54:42,229 INFO  http.HttpServer2 (HttpServer2.java:addFilter(958)) - Added filter static_user_filter (class=org.apache.hadoop.http.lib.StaticUserWebFilter$StaticUserFilter) to context static
2019-07-14 02:54:42,229 INFO  http.HttpServer2 (HttpServer2.java:addFilter(958)) - Added filter static_user_filter (class=org.apache.hadoop.http.lib.StaticUserWebFilter$StaticUserFilter) to context logs
2019-07-14 02:54:42,229 INFO  http.HttpServer2 (HttpServer2.java:bindListener(1191)) - Jetty bound to port 42838
2019-07-14 02:54:42,230 INFO  server.Server (Server.java:doStart(351)) - jetty-9.3.24.v20180605, build timestamp: 2018-06-05T17:11:56Z, git hash: 84205aa28f11a4f31f2a3b86d1bba2cc8ab69827
2019-07-14 02:54:42,232 INFO  handler.ContextHandler (ContextHandler.java:doStart(781)) - Started o.e.j.s.ServletContextHandler@718989fa{/logs,file:///tmp/workdir/hadoop-ozone/integration-test/target/log,AVAILABLE}
2019-07-14 02:54:42,232 INFO  handler.ContextHandler (ContextHandler.java:doStart(781)) - Started o.e.j.s.ServletContextHandler@6568f998{/static,jar:file:/home/user/.m2/repository/org/apache/hadoop/hadoop-hdds-container-service/0.5.0-SNAPSHOT/hadoop-hdds-container-service-0.5.0-SNAPSHOT.jar!/webapps/static,AVAILABLE}
2019-07-14 02:54:42,254 INFO  handler.ContextHandler (ContextHandler.java:doStart(781)) - Started o.e.j.w.WebAppContext@448ade1{/,file:///tmp/jetty-0.0.0.0-42838-hddsDatanode-_-any-6542400682425279321.dir/webapp/,AVAILABLE}{/hddsDatanode}
2019-07-14 02:54:42,254 INFO  server.AbstractConnector (AbstractConnector.java:doStart(278)) - Started ServerConnector@21f9c6ea{HTTP/1.1,[http/1.1]}{0.0.0.0:42838}
2019-07-14 02:54:42,255 INFO  server.Server (Server.java:doStart(419)) - Started @6752ms
2019-07-14 02:54:42,256 INFO  server.BaseHttpServer (BaseHttpServer.java:updateConnectorAddress(207)) - HTTP server of HDDSDATANODE is listening at http://0.0.0.0:42838
2019-07-14 02:54:42,470 INFO  ozone.HddsDatanodeService (HddsDatanodeService.java:startPlugins(396)) - Started plug-in org.apache.hadoop.ozone.web.OzoneHddsDatanodeService@112c2930
2019-07-14 02:54:42,473 INFO  ozone.MiniOzoneClusterImpl (MiniOzoneClusterImpl.java:lambda$waitForClusterToBeReady$0(142)) - Waiting for cluster to be ready. Got 0 of 7 DN Heartbeats.
2019-07-14 02:54:42,474 INFO  util.JvmPauseMonitor (JvmPauseMonitor.java:run(188)) - Starting JVM pause monitor
2019-07-14 02:54:42,477 INFO  datanode.InitDatanodeState (InitDatanodeState.java:persistContainerDatanodeDetails(140)) - DatanodeDetails is persisted to /tmp/workdir/hadoop-ozone/integration-test/target/test-dir/MiniOzoneClusterImpl-da45e524-b34e-4865-9b65-cd88b92677e8/datanode-6/meta/datanode.id
2019-07-14 02:54:43,372 INFO  ozoneimpl.OzoneContainer (OzoneContainer.java:start(186)) - Attempting to start container services.
2019-07-14 02:54:43,374 INFO  ozoneimpl.OzoneContainer (OzoneContainer.java:startContainerScrub(160)) - Background container scrubber has been disabled by hdds.containerscrub.enabled
2019-07-14 02:54:43,375 INFO  ratis.XceiverServerRatis (XceiverServerRatis.java:start(418)) - Starting XceiverServerRatis 780b4315-a532-44cd-8655-7961763464f0 at port 0
2019-07-14 02:54:43,400 INFO  impl.RaftServerProxy (RaftServerProxy.java:lambda$start$3(299)) - 780b4315-a532-44cd-8655-7961763464f0: start RPC server
2019-07-14 02:54:43,474 INFO  ozone.MiniOzoneClusterImpl (MiniOzoneClusterImpl.java:lambda$waitForClusterToBeReady$0(142)) - Waiting for cluster to be ready. Got 0 of 7 DN Heartbeats.
2019-07-14 02:54:43,526 INFO  ozoneimpl.OzoneContainer (OzoneContainer.java:start(186)) - Attempting to start container services.
2019-07-14 02:54:43,528 INFO  ozoneimpl.OzoneContainer (OzoneContainer.java:startContainerScrub(160)) - Background container scrubber has been disabled by hdds.containerscrub.enabled
2019-07-14 02:54:43,529 INFO  ratis.XceiverServerRatis (XceiverServerRatis.java:start(418)) - Starting XceiverServerRatis 8242f012-6252-4e22-8df1-8449a96853c5 at port 0
2019-07-14 02:54:43,538 INFO  server.GrpcService (GrpcService.java:startImpl(149)) - 780b4315-a532-44cd-8655-7961763464f0: GrpcService started, listening on 0.0.0.0/0.0.0.0:38349
2019-07-14 02:54:43,540 INFO  ratis.XceiverServerRatis (XceiverServerRatis.java:start(428)) - XceiverServerRatis 780b4315-a532-44cd-8655-7961763464f0 is started using port 38349
2019-07-14 02:54:43,542 INFO  impl.RaftServerProxy (RaftServerProxy.java:lambda$start$3(299)) - 8242f012-6252-4e22-8df1-8449a96853c5: start RPC server
2019-07-14 02:54:43,544 INFO  server.XceiverServerGrpc (XceiverServerGrpc.java:start(161)) - XceiverServerGrpc 780b4315-a532-44cd-8655-7961763464f0 is started using port 36939
2019-07-14 02:54:43,547 INFO  server.GrpcService (GrpcService.java:startImpl(149)) - 8242f012-6252-4e22-8df1-8449a96853c5: GrpcService started, listening on 0.0.0.0/0.0.0.0:44121
2019-07-14 02:54:43,547 INFO  ratis.XceiverServerRatis (XceiverServerRatis.java:start(428)) - XceiverServerRatis 8242f012-6252-4e22-8df1-8449a96853c5 is started using port 44121
2019-07-14 02:54:43,550 INFO  server.XceiverServerGrpc (XceiverServerGrpc.java:start(161)) - XceiverServerGrpc 8242f012-6252-4e22-8df1-8449a96853c5 is started using port 41560
2019-07-14 02:54:43,716 INFO  ozoneimpl.OzoneContainer (OzoneContainer.java:start(186)) - Attempting to start container services.
2019-07-14 02:54:43,718 INFO  ozoneimpl.OzoneContainer (OzoneContainer.java:startContainerScrub(160)) - Background container scrubber has been disabled by hdds.containerscrub.enabled
2019-07-14 02:54:43,718 INFO  ratis.XceiverServerRatis (XceiverServerRatis.java:start(418)) - Starting XceiverServerRatis cbe6c1e6-90cd-41b6-90e6-cc6f9192e6a1 at port 0
2019-07-14 02:54:43,728 INFO  impl.RaftServerProxy (RaftServerProxy.java:lambda$start$3(299)) - cbe6c1e6-90cd-41b6-90e6-cc6f9192e6a1: start RPC server
2019-07-14 02:54:43,731 INFO  server.GrpcService (GrpcService.java:startImpl(149)) - cbe6c1e6-90cd-41b6-90e6-cc6f9192e6a1: GrpcService started, listening on 0.0.0.0/0.0.0.0:35147
2019-07-14 02:54:43,732 INFO  ratis.XceiverServerRatis (XceiverServerRatis.java:start(428)) - XceiverServerRatis cbe6c1e6-90cd-41b6-90e6-cc6f9192e6a1 is started using port 35147
2019-07-14 02:54:43,735 INFO  server.XceiverServerGrpc (XceiverServerGrpc.java:start(161)) - XceiverServerGrpc cbe6c1e6-90cd-41b6-90e6-cc6f9192e6a1 is started using port 36046
2019-07-14 02:54:43,872 INFO  ozoneimpl.OzoneContainer (OzoneContainer.java:start(186)) - Attempting to start container services.
2019-07-14 02:54:43,879 INFO  ozoneimpl.OzoneContainer (OzoneContainer.java:startContainerScrub(160)) - Background container scrubber has been disabled by hdds.containerscrub.enabled
2019-07-14 02:54:43,879 INFO  ratis.XceiverServerRatis (XceiverServerRatis.java:start(418)) - Starting XceiverServerRatis e307c2b8-a635-4793-b80e-7c6a1f600b43 at port 0
2019-07-14 02:54:43,888 INFO  impl.RaftServerProxy (RaftServerProxy.java:lambda$start$3(299)) - e307c2b8-a635-4793-b80e-7c6a1f600b43: start RPC server
2019-07-14 02:54:43,892 INFO  server.GrpcService (GrpcService.java:startImpl(149)) - e307c2b8-a635-4793-b80e-7c6a1f600b43: GrpcService started, listening on 0.0.0.0/0.0.0.0:33578
2019-07-14 02:54:43,892 INFO  ratis.XceiverServerRatis (XceiverServerRatis.java:start(428)) - XceiverServerRatis e307c2b8-a635-4793-b80e-7c6a1f600b43 is started using port 33578
2019-07-14 02:54:43,896 INFO  server.XceiverServerGrpc (XceiverServerGrpc.java:start(161)) - XceiverServerGrpc e307c2b8-a635-4793-b80e-7c6a1f600b43 is started using port 40241
2019-07-14 02:54:44,047 INFO  ozoneimpl.OzoneContainer (OzoneContainer.java:start(186)) - Attempting to start container services.
2019-07-14 02:54:44,047 INFO  ozoneimpl.OzoneContainer (OzoneContainer.java:startContainerScrub(160)) - Background container scrubber has been disabled by hdds.containerscrub.enabled
2019-07-14 02:54:44,047 INFO  ratis.XceiverServerRatis (XceiverServerRatis.java:start(418)) - Starting XceiverServerRatis 8edac3e3-437c-4f26-bd8a-97d18536c9cf at port 0
2019-07-14 02:54:44,058 INFO  impl.RaftServerProxy (RaftServerProxy.java:lambda$start$3(299)) - 8edac3e3-437c-4f26-bd8a-97d18536c9cf: start RPC server
2019-07-14 02:54:44,061 INFO  server.GrpcService (GrpcService.java:startImpl(149)) - 8edac3e3-437c-4f26-bd8a-97d18536c9cf: GrpcService started, listening on 0.0.0.0/0.0.0.0:44050
2019-07-14 02:54:44,062 INFO  ratis.XceiverServerRatis (XceiverServerRatis.java:start(428)) - XceiverServerRatis 8edac3e3-437c-4f26-bd8a-97d18536c9cf is started using port 44050
2019-07-14 02:54:44,065 INFO  server.XceiverServerGrpc (XceiverServerGrpc.java:start(161)) - XceiverServerGrpc 8edac3e3-437c-4f26-bd8a-97d18536c9cf is started using port 45728
2019-07-14 02:54:44,220 INFO  ozoneimpl.OzoneContainer (OzoneContainer.java:start(186)) - Attempting to start container services.
2019-07-14 02:54:44,220 INFO  ozoneimpl.OzoneContainer (OzoneContainer.java:startContainerScrub(160)) - Background container scrubber has been disabled by hdds.containerscrub.enabled
2019-07-14 02:54:44,220 INFO  ratis.XceiverServerRatis (XceiverServerRatis.java:start(418)) - Starting XceiverServerRatis 95ae6ec2-8596-4754-8976-7d4bf4a95b53 at port 0
2019-07-14 02:54:44,232 INFO  impl.RaftServerProxy (RaftServerProxy.java:lambda$start$3(299)) - 95ae6ec2-8596-4754-8976-7d4bf4a95b53: start RPC server
2019-07-14 02:54:44,236 INFO  server.GrpcService (GrpcService.java:startImpl(149)) - 95ae6ec2-8596-4754-8976-7d4bf4a95b53: GrpcService started, listening on 0.0.0.0/0.0.0.0:39314
2019-07-14 02:54:44,236 INFO  ratis.XceiverServerRatis (XceiverServerRatis.java:start(428)) - XceiverServerRatis 95ae6ec2-8596-4754-8976-7d4bf4a95b53 is started using port 39314
2019-07-14 02:54:44,240 INFO  server.XceiverServerGrpc (XceiverServerGrpc.java:start(161)) - XceiverServerGrpc 95ae6ec2-8596-4754-8976-7d4bf4a95b53 is started using port 41731
2019-07-14 02:54:44,474 INFO  ozone.MiniOzoneClusterImpl (MiniOzoneClusterImpl.java:lambda$waitForClusterToBeReady$0(142)) - Waiting for cluster to be ready. Got 0 of 7 DN Heartbeats.
2019-07-14 02:54:44,494 INFO  ozoneimpl.OzoneContainer (OzoneContainer.java:start(186)) - Attempting to start container services.
2019-07-14 02:54:44,494 INFO  ozoneimpl.OzoneContainer (OzoneContainer.java:startContainerScrub(160)) - Background container scrubber has been disabled by hdds.containerscrub.enabled
2019-07-14 02:54:44,494 INFO  ratis.XceiverServerRatis (XceiverServerRatis.java:start(418)) - Starting XceiverServerRatis 3b6bb59e-3a86-4ef2-9316-5cf57e18bbf0 at port 0
2019-07-14 02:54:44,506 INFO  impl.RaftServerProxy (RaftServerProxy.java:lambda$start$3(299)) - 3b6bb59e-3a86-4ef2-9316-5cf57e18bbf0: start RPC server
2019-07-14 02:54:44,511 INFO  server.GrpcService (GrpcService.java:startImpl(149)) - 3b6bb59e-3a86-4ef2-9316-5cf57e18bbf0: GrpcService started, listening on 0.0.0.0/0.0.0.0:38899
2019-07-14 02:54:44,511 INFO  ratis.XceiverServerRatis (XceiverServerRatis.java:start(428)) - XceiverServerRatis 3b6bb59e-3a86-4ef2-9316-5cf57e18bbf0 is started using port 38899
2019-07-14 02:54:44,516 INFO  server.XceiverServerGrpc (XceiverServerGrpc.java:start(161)) - XceiverServerGrpc 3b6bb59e-3a86-4ef2-9316-5cf57e18bbf0 is started using port 46520
2019-07-14 02:54:45,357 INFO  net.NetworkTopology (NetworkTopologyImpl.java:add(110)) - Added a new node: /default-rack/192.168.157.236
2019-07-14 02:54:45,358 INFO  node.SCMNodeManager (SCMNodeManager.java:register(269)) - Registered Data node : 780b4315-a532-44cd-8655-7961763464f0{ip: 192.168.157.236, host: trunk-nightly-k88cw-3644625431, networkLocation: /default-rack, certSerialId: null}
2019-07-14 02:54:45,364 INFO  safemode.SCMSafeModeManager (DataNodeSafeModeRule.java:process(71)) - SCM in safe mode. 1 DataNodes registered, 1 required.
2019-07-14 02:54:45,364 INFO  safemode.SCMSafeModeManager (SCMSafeModeManager.java:validateSafeModeExitRules(177)) - ScmSafeModeManager, all rules are successfully validated
2019-07-14 02:54:45,364 INFO  safemode.SCMSafeModeManager (SCMSafeModeManager.java:exitSafeMode(193)) - SCM exiting safe mode.
2019-07-14 02:54:45,475 INFO  ozone.MiniOzoneClusterImpl (MiniOzoneClusterImpl.java:lambda$waitForClusterToBeReady$0(142)) - Waiting for cluster to be ready. Got 1 of 7 DN Heartbeats.
2019-07-14 02:54:45,511 INFO  node.SCMNodeManager (SCMNodeManager.java:register(269)) - Registered Data node : 8242f012-6252-4e22-8df1-8449a96853c5{ip: 192.168.157.236, host: trunk-nightly-k88cw-3644625431, networkLocation: /default-rack, certSerialId: null}
2019-07-14 02:54:45,695 INFO  node.SCMNodeManager (SCMNodeManager.java:register(269)) - Registered Data node : cbe6c1e6-90cd-41b6-90e6-cc6f9192e6a1{ip: 192.168.157.236, host: trunk-nightly-k88cw-3644625431, networkLocation: /default-rack, certSerialId: null}
2019-07-14 02:54:45,858 INFO  node.SCMNodeManager (SCMNodeManager.java:register(269)) - Registered Data node : e307c2b8-a635-4793-b80e-7c6a1f600b43{ip: 192.168.157.236, host: trunk-nightly-k88cw-3644625431, networkLocation: /default-rack, certSerialId: null}
2019-07-14 02:54:46,283 INFO  node.SCMNodeManager (SCMNodeManager.java:register(269)) - Registered Data node : 95ae6ec2-8596-4754-8976-7d4bf4a95b53{ip: 192.168.157.236, host: trunk-nightly-k88cw-3644625431, networkLocation: /default-rack, certSerialId: null}
2019-07-14 02:54:46,283 INFO  node.SCMNodeManager (SCMNodeManager.java:register(269)) - Registered Data node : 8edac3e3-437c-4f26-bd8a-97d18536c9cf{ip: 192.168.157.236, host: trunk-nightly-k88cw-3644625431, networkLocation: /default-rack, certSerialId: null}
2019-07-14 02:54:46,299 INFO  impl.RaftServerProxy (RaftServerProxy.java:addNew(89)) - 780b4315-a532-44cd-8655-7961763464f0: addNew group-BE6F9037BAFD:[780b4315-a532-44cd-8655-7961763464f0:192.168.157.236:38349] returns group-BE6F9037BAFD:java.util.concurrent.CompletableFuture@1901c77f[Not completed]
2019-07-14 02:54:46,326 INFO  impl.RaftServerImpl (RaftServerImpl.java:<init>(93)) - 780b4315-a532-44cd-8655-7961763464f0: new RaftServerImpl for group-BE6F9037BAFD:[780b4315-a532-44cd-8655-7961763464f0:192.168.157.236:38349] with ContainerStateMachine:uninitialized
2019-07-14 02:54:46,328 INFO  server.RaftServerConfigKeys (ConfUtils.java:logGet(43)) - raft.server.rpc.timeout.min = 5s (custom)
2019-07-14 02:54:46,330 INFO  server.RaftServerConfigKeys (ConfUtils.java:logGet(43)) - raft.server.rpc.timeout.max = 5200ms (custom)
2019-07-14 02:54:46,330 INFO  server.RaftServerConfigKeys (ConfUtils.java:logGet(43)) - raft.server.rpcslowness.timeout = 120s (custom)
2019-07-14 02:54:46,330 INFO  server.RaftServerConfigKeys (ConfUtils.java:logGet(43)) - raft.server.sleep.deviation.threshold = 300 (default)
2019-07-14 02:54:46,332 INFO  server.RaftServerConfigKeys (ConfUtils.java:logGet(43)) - raft.server.log.appender.install.snapshot.enabled = false (custom)
2019-07-14 02:54:46,341 INFO  impl.RaftServerImpl (ServerState.java:<init>(105)) - 780b4315-a532-44cd-8655-7961763464f0:group-BE6F9037BAFD ConfigurationManager, init=-1: [780b4315-a532-44cd-8655-7961763464f0:192.168.157.236:38349], old=null, confs=<EMPTY_MAP>
2019-07-14 02:54:46,342 INFO  server.RaftServerConfigKeys (ConfUtils.java:logGet(43)) - raft.server.storage.dir = [/tmp/workdir/hadoop-ozone/integration-test/target/test-dir/MiniOzoneClusterImpl-da45e524-b34e-4865-9b65-cd88b92677e8/datanode-0/data/ratis] (custom)
2019-07-14 02:54:46,351 INFO  storage.RaftStorageDirectory (RaftStorageDirectory.java:analyzeStorage(246)) - The storage directory /tmp/workdir/hadoop-ozone/integration-test/target/test-dir/MiniOzoneClusterImpl-da45e524-b34e-4865-9b65-cd88b92677e8/datanode-0/data/ratis/5ab752d2-c66b-470a-b516-be6f9037bafd does not exist. Creating ...
2019-07-14 02:54:46,382 INFO  storage.RaftStorageDirectory (RaftStorageDirectory.java:tryLock(328)) - Lock on /tmp/workdir/hadoop-ozone/integration-test/target/test-dir/MiniOzoneClusterImpl-da45e524-b34e-4865-9b65-cd88b92677e8/datanode-0/data/ratis/5ab752d2-c66b-470a-b516-be6f9037bafd/in_use.lock acquired by nodename 12206@trunk-nightly-k88cw-3644625431
2019-07-14 02:54:46,397 INFO  storage.RaftStorage (RaftStorage.java:format(72)) - Storage directory /tmp/workdir/hadoop-ozone/integration-test/target/test-dir/MiniOzoneClusterImpl-da45e524-b34e-4865-9b65-cd88b92677e8/datanode-0/data/ratis/5ab752d2-c66b-470a-b516-be6f9037bafd has been successfully formatted.
2019-07-14 02:54:46,400 INFO  ratis.ContainerStateMachine (ContainerStateMachine.java:loadSnapshot(200)) - The snapshot info is null.Setting the last applied index to:(t:0, i:~)
2019-07-14 02:54:46,400 INFO  server.RaftServerConfigKeys (ConfUtils.java:logGet(43)) - raft.server.leader.election.timeout = 120s (custom)
2019-07-14 02:54:46,402 INFO  server.RaftServerConfigKeys (ConfUtils.java:logGet(43)) - raft.server.log.use.memory = false (default)
2019-07-14 02:54:46,409 INFO  server.RaftServerConfigKeys (ConfUtils.java:logGet(43)) - raft.server.log.purge.gap = 1000000000 (custom)
2019-07-14 02:54:46,409 INFO  server.RaftServerConfigKeys (ConfUtils.java:logGet(43)) - raft.server.log.appender.buffer.byte-limit = 33554432 (custom)
2019-07-14 02:54:46,411 INFO  server.RaftServerConfigKeys (ConfUtils.java:logGet(43)) - raft.server.log.segment.size.max = 1048576 (custom)
2019-07-14 02:54:46,416 INFO  server.RaftServerConfigKeys (ConfUtils.java:logGet(43)) - raft.server.log.segment.cache.num.max = 2 (custom)
2019-07-14 02:54:46,423 INFO  segmented.SegmentedRaftLogWorker (SegmentedRaftLogWorker.java:<init>(172)) - new 780b4315-a532-44cd-8655-7961763464f0-SegmentedRaftLogWorker:Storage Directory /tmp/workdir/hadoop-ozone/integration-test/target/test-dir/MiniOzoneClusterImpl-da45e524-b34e-4865-9b65-cd88b92677e8/datanode-0/data/ratis/5ab752d2-c66b-470a-b516-be6f9037bafd for RaftStorage:Storage Directory /tmp/workdir/hadoop-ozone/integration-test/target/test-dir/MiniOzoneClusterImpl-da45e524-b34e-4865-9b65-cd88b92677e8/datanode-0/data/ratis/5ab752d2-c66b-470a-b516-be6f9037bafd
2019-07-14 02:54:46,436 INFO  server.RaftServerConfigKeys (ConfUtils.java:logGet(43)) - raft.server.log.queue.byte-limit = 2147483647 (custom)
2019-07-14 02:54:46,436 INFO  server.RaftServerConfigKeys (ConfUtils.java:logGet(43)) - raft.server.log.queue.element-limit = 1024 (custom)
2019-07-14 02:54:46,441 INFO  server.RaftServerConfigKeys (ConfUtils.java:logGet(43)) - raft.server.log.segment.size.max = 1048576 (custom)
2019-07-14 02:54:46,442 INFO  server.RaftServerConfigKeys (ConfUtils.java:logGet(43)) - raft.server.log.preallocated.size = 16384 (custom)
2019-07-14 02:54:46,442 INFO  server.RaftServerConfigKeys (ConfUtils.java:logGet(43)) - raft.server.log.write.buffer.size = 33554432 (custom)
2019-07-14 02:54:46,443 INFO  server.RaftServerConfigKeys (ConfUtils.java:logGet(43)) - raft.server.log.force.sync.num = 128 (default)
2019-07-14 02:54:46,444 INFO  server.RaftServerConfigKeys (ConfUtils.java:logGet(43)) - raft.server.log.statemachine.data.sync = true (default)
2019-07-14 02:54:46,444 INFO  server.RaftServerConfigKeys (ConfUtils.java:logGet(43)) - raft.server.log.statemachine.data.sync.timeout = 10s (default)
2019-07-14 02:54:46,444 INFO  server.RaftServerConfigKeys (ConfUtils.java:logGet(43)) - raft.server.log.statemachine.data.sync.timeout.retry = -1 (default)
2019-07-14 02:54:46,453 INFO  server.RaftServerConfigKeys (ConfUtils.java:logGet(43)) - raft.server.log.statemachine.data.caching.enabled = true (custom)
2019-07-14 02:54:46,458 INFO  segmented.SegmentedRaftLogWorker (SegmentedRaftLogWorker.java:lambda$new$0(132)) - 780b4315-a532-44cd-8655-7961763464f0-SegmentedRaftLogWorker:Storage Directory /tmp/workdir/hadoop-ozone/integration-test/target/test-dir/MiniOzoneClusterImpl-da45e524-b34e-4865-9b65-cd88b92677e8/datanode-0/data/ratis/5ab752d2-c66b-470a-b516-be6f9037bafd: flushIndex: setUnconditionally 0 -> -1
2019-07-14 02:54:46,462 INFO  server.RaftServerConfigKeys (ConfUtils.java:logGet(43)) - raft.server.snapshot.auto.trigger.enabled = true (custom)
2019-07-14 02:54:46,463 INFO  server.RaftServerConfigKeys (ConfUtils.java:logGet(43)) - raft.server.snapshot.auto.trigger.threshold = 10000 (custom)
2019-07-14 02:54:46,463 INFO  server.RaftServerConfigKeys (ConfUtils.java:logGet(43)) - raft.server.retrycache.expirytime = 600000ms (custom)
2019-07-14 02:54:46,478 INFO  ozone.MiniOzoneClusterImpl (MiniOzoneClusterImpl.java:lambda$waitForClusterToBeReady$0(142)) - Waiting for cluster to be ready. Got 6 of 7 DN Heartbeats.
2019-07-14 02:54:46,480 INFO  node.SCMNodeManager (SCMNodeManager.java:register(269)) - Registered Data node : 3b6bb59e-3a86-4ef2-9316-5cf57e18bbf0{ip: 192.168.157.236, host: trunk-nightly-k88cw-3644625431, networkLocation: /default-rack, certSerialId: null}
2019-07-14 02:54:46,488 INFO  impl.RaftServerImpl (RaftServerImpl.java:start(180)) - 780b4315-a532-44cd-8655-7961763464f0: start group-BE6F9037BAFD
2019-07-14 02:54:46,489 INFO  impl.RaftServerImpl (RaftServerImpl.java:setRole(171)) - 780b4315-a532-44cd-8655-7961763464f0:group-BE6F9037BAFD changes role from null to FOLLOWER at term 0 for startAsFollower
2019-07-14 02:54:46,491 INFO  impl.RoleInfo (RoleInfo.java:updateAndGet(143)) - 780b4315-a532-44cd-8655-7961763464f0: start FollowerState
2019-07-14 02:54:46,492 INFO  util.JmxRegister (JmxRegister.java:tryRegister(44)) - Successfully registered JMX Bean with object name Ratis:service=RaftServer,group=group-BE6F9037BAFD,id=780b4315-a532-44cd-8655-7961763464f0
2019-07-14 02:54:46,555 INFO  pipeline.PipelineStateManager (PipelineStateManager.java:addPipeline(56)) - Created pipeline Pipeline[ Id: 5ab752d2-c66b-470a-b516-be6f9037bafd, Nodes: 780b4315-a532-44cd-8655-7961763464f0{ip: 192.168.157.236, host: trunk-nightly-k88cw-3644625431, networkLocation: /default-rack, certSerialId: null}, Type:RATIS, Factor:ONE, State:OPEN]
2019-07-14 02:54:46,587 INFO  impl.RaftServerProxy (RaftServerProxy.java:addNew(89)) - cbe6c1e6-90cd-41b6-90e6-cc6f9192e6a1: addNew group-1706D4301955:[cbe6c1e6-90cd-41b6-90e6-cc6f9192e6a1:192.168.157.236:35147] returns group-1706D4301955:java.util.concurrent.CompletableFuture@68636a46[Not completed]
2019-07-14 02:54:46,650 INFO  impl.RaftServerImpl (RaftServerImpl.java:<init>(93)) - cbe6c1e6-90cd-41b6-90e6-cc6f9192e6a1: new RaftServerImpl for group-1706D4301955:[cbe6c1e6-90cd-41b6-90e6-cc6f9192e6a1:192.168.157.236:35147] with ContainerStateMachine:uninitialized
2019-07-14 02:54:46,652 INFO  server.RaftServerConfigKeys (ConfUtils.java:logGet(43)) - raft.server.rpc.timeout.min = 5s (custom)
2019-07-14 02:54:46,652 INFO  server.RaftServerConfigKeys (ConfUtils.java:logGet(43)) - raft.server.rpc.timeout.max = 5200ms (custom)
2019-07-14 02:54:46,652 INFO  server.RaftServerConfigKeys (ConfUtils.java:logGet(43)) - raft.server.rpcslowness.timeout = 120s (custom)
2019-07-14 02:54:46,652 INFO  server.RaftServerConfigKeys (ConfUtils.java:logGet(43)) - raft.server.sleep.deviation.threshold = 300 (default)
2019-07-14 02:54:46,652 INFO  server.RaftServerConfigKeys (ConfUtils.java:logGet(43)) - raft.server.log.appender.install.snapshot.enabled = false (custom)
2019-07-14 02:54:46,653 INFO  impl.RaftServerImpl (ServerState.java:<init>(105)) - cbe6c1e6-90cd-41b6-90e6-cc6f9192e6a1:group-1706D4301955 ConfigurationManager, init=-1: [cbe6c1e6-90cd-41b6-90e6-cc6f9192e6a1:192.168.157.236:35147], old=null, confs=<EMPTY_MAP>
2019-07-14 02:54:46,653 INFO  server.RaftServerConfigKeys (ConfUtils.java:logGet(43)) - raft.server.storage.dir = [/tmp/workdir/hadoop-ozone/integration-test/target/test-dir/MiniOzoneClusterImpl-da45e524-b34e-4865-9b65-cd88b92677e8/datanode-2/data/ratis] (custom)
2019-07-14 02:54:46,653 INFO  storage.RaftStorageDirectory (RaftStorageDirectory.java:analyzeStorage(246)) - The storage directory /tmp/workdir/hadoop-ozone/integration-test/target/test-dir/MiniOzoneClusterImpl-da45e524-b34e-4865-9b65-cd88b92677e8/datanode-2/data/ratis/8fdceb6e-a637-422b-8553-1706d4301955 does not exist. Creating ...
2019-07-14 02:54:46,668 INFO  storage.RaftStorageDirectory (RaftStorageDirectory.java:tryLock(328)) - Lock on /tmp/workdir/hadoop-ozone/integration-test/target/test-dir/MiniOzoneClusterImpl-da45e524-b34e-4865-9b65-cd88b92677e8/datanode-2/data/ratis/8fdceb6e-a637-422b-8553-1706d4301955/in_use.lock acquired by nodename 12206@trunk-nightly-k88cw-3644625431
2019-07-14 02:54:46,697 INFO  storage.RaftStorage (RaftStorage.java:format(72)) - Storage directory /tmp/workdir/hadoop-ozone/integration-test/target/test-dir/MiniOzoneClusterImpl-da45e524-b34e-4865-9b65-cd88b92677e8/datanode-2/data/ratis/8fdceb6e-a637-422b-8553-1706d4301955 has been successfully formatted.
2019-07-14 02:54:46,699 INFO  ratis.ContainerStateMachine (ContainerStateMachine.java:loadSnapshot(200)) - The snapshot info is null.Setting the last applied index to:(t:0, i:~)
2019-07-14 02:54:46,701 INFO  server.RaftServerConfigKeys (ConfUtils.java:logGet(43)) - raft.server.leader.election.timeout = 120s (custom)
2019-07-14 02:54:46,701 INFO  server.RaftServerConfigKeys (ConfUtils.java:logGet(43)) - raft.server.log.use.memory = false (default)
2019-07-14 02:54:46,702 INFO  server.RaftServerConfigKeys (ConfUtils.java:logGet(43)) - raft.server.log.purge.gap = 1000000000 (custom)
2019-07-14 02:54:46,702 INFO  server.RaftServerConfigKeys (ConfUtils.java:logGet(43)) - raft.server.log.appender.buffer.byte-limit = 33554432 (custom)
2019-07-14 02:54:46,702 INFO  server.RaftServerConfigKeys (ConfUtils.java:logGet(43)) - raft.server.log.segment.size.max = 1048576 (custom)
2019-07-14 02:54:46,702 INFO  server.RaftServerConfigKeys (ConfUtils.java:logGet(43)) - raft.server.log.segment.cache.num.max = 2 (custom)
2019-07-14 02:54:46,702 INFO  segmented.SegmentedRaftLogWorker (SegmentedRaftLogWorker.java:<init>(172)) - new cbe6c1e6-90cd-41b6-90e6-cc6f9192e6a1-SegmentedRaftLogWorker:Storage Directory /tmp/workdir/hadoop-ozone/integration-test/target/test-dir/MiniOzoneClusterImpl-da45e524-b34e-4865-9b65-cd88b92677e8/datanode-2/data/ratis/8fdceb6e-a637-422b-8553-1706d4301955 for RaftStorage:Storage Directory /tmp/workdir/hadoop-ozone/integration-test/target/test-dir/MiniOzoneClusterImpl-da45e524-b34e-4865-9b65-cd88b92677e8/datanode-2/data/ratis/8fdceb6e-a637-422b-8553-1706d4301955
2019-07-14 02:54:46,704 INFO  server.RaftServerConfigKeys (ConfUtils.java:logGet(43)) - raft.server.log.queue.byte-limit = 2147483647 (custom)
2019-07-14 02:54:46,705 INFO  server.RaftServerConfigKeys (ConfUtils.java:logGet(43)) - raft.server.log.queue.element-limit = 1024 (custom)
2019-07-14 02:54:46,705 INFO  server.RaftServerConfigKeys (ConfUtils.java:logGet(43)) - raft.server.log.segment.size.max = 1048576 (custom)
2019-07-14 02:54:46,705 INFO  server.RaftServerConfigKeys (ConfUtils.java:logGet(43)) - raft.server.log.preallocated.size = 16384 (custom)
2019-07-14 02:54:46,705 INFO  server.RaftServerConfigKeys (ConfUtils.java:logGet(43)) - raft.server.log.write.buffer.size = 33554432 (custom)
2019-07-14 02:54:46,705 INFO  server.RaftServerConfigKeys (ConfUtils.java:logGet(43)) - raft.server.log.force.sync.num = 128 (default)
2019-07-14 02:54:46,706 INFO  server.RaftServerConfigKeys (ConfUtils.java:logGet(43)) - raft.server.log.statemachine.data.sync = true (default)
2019-07-14 02:54:46,706 INFO  server.RaftServerConfigKeys (ConfUtils.java:logGet(43)) - raft.server.log.statemachine.data.sync.timeout = 10s (default)
2019-07-14 02:54:46,706 INFO  server.RaftServerConfigKeys (ConfUtils.java:logGet(43)) - raft.server.log.statemachine.data.sync.timeout.retry = -1 (default)
2019-07-14 02:54:46,706 INFO  server.RaftServerConfigKeys (ConfUtils.java:logGet(43)) - raft.server.log.statemachine.data.caching.enabled = true (custom)
2019-07-14 02:54:46,707 INFO  segmented.SegmentedRaftLogWorker (SegmentedRaftLogWorker.java:lambda$new$0(132)) - cbe6c1e6-90cd-41b6-90e6-cc6f9192e6a1-SegmentedRaftLogWorker:Storage Directory /tmp/workdir/hadoop-ozone/integration-test/target/test-dir/MiniOzoneClusterImpl-da45e524-b34e-4865-9b65-cd88b92677e8/datanode-2/data/ratis/8fdceb6e-a637-422b-8553-1706d4301955: flushIndex: setUnconditionally 0 -> -1
2019-07-14 02:54:46,707 INFO  server.RaftServerConfigKeys (ConfUtils.java:logGet(43)) - raft.server.snapshot.auto.trigger.enabled = true (custom)
2019-07-14 02:54:46,708 INFO  server.RaftServerConfigKeys (ConfUtils.java:logGet(43)) - raft.server.snapshot.auto.trigger.threshold = 10000 (custom)
2019-07-14 02:54:46,708 INFO  server.RaftServerConfigKeys (ConfUtils.java:logGet(43)) - raft.server.retrycache.expirytime = 600000ms (custom)
2019-07-14 02:54:46,708 INFO  impl.RaftServerImpl (RaftServerImpl.java:start(180)) - cbe6c1e6-90cd-41b6-90e6-cc6f9192e6a1: start group-1706D4301955
2019-07-14 02:54:46,708 INFO  impl.RaftServerImpl (RaftServerImpl.java:setRole(171)) - cbe6c1e6-90cd-41b6-90e6-cc6f9192e6a1:group-1706D4301955 changes role from null to FOLLOWER at term 0 for startAsFollower
2019-07-14 02:54:46,708 INFO  impl.RoleInfo (RoleInfo.java:updateAndGet(143)) - cbe6c1e6-90cd-41b6-90e6-cc6f9192e6a1: start FollowerState
2019-07-14 02:54:46,711 INFO  util.JmxRegister (JmxRegister.java:tryRegister(44)) - Successfully registered JMX Bean with object name Ratis:service=RaftServer,group=group-1706D4301955,id=cbe6c1e6-90cd-41b6-90e6-cc6f9192e6a1
2019-07-14 02:54:46,727 INFO  pipeline.PipelineStateManager (PipelineStateManager.java:addPipeline(56)) - Created pipeline Pipeline[ Id: 8fdceb6e-a637-422b-8553-1706d4301955, Nodes: cbe6c1e6-90cd-41b6-90e6-cc6f9192e6a1{ip: 192.168.157.236, host: trunk-nightly-k88cw-3644625431, networkLocation: /default-rack, certSerialId: null}, Type:RATIS, Factor:ONE, State:OPEN]
2019-07-14 02:54:46,757 INFO  impl.RaftServerProxy (RaftServerProxy.java:addNew(89)) - 8edac3e3-437c-4f26-bd8a-97d18536c9cf: addNew group-DE4FAEC2D6DA:[8edac3e3-437c-4f26-bd8a-97d18536c9cf:192.168.157.236:44050] returns group-DE4FAEC2D6DA:java.util.concurrent.CompletableFuture@70f8c460[Not completed]
2019-07-14 02:54:46,767 INFO  impl.RaftServerImpl (RaftServerImpl.java:<init>(93)) - 8edac3e3-437c-4f26-bd8a-97d18536c9cf: new RaftServerImpl for group-DE4FAEC2D6DA:[8edac3e3-437c-4f26-bd8a-97d18536c9cf:192.168.157.236:44050] with ContainerStateMachine:uninitialized
2019-07-14 02:54:46,767 INFO  server.RaftServerConfigKeys (ConfUtils.java:logGet(43)) - raft.server.rpc.timeout.min = 5s (custom)
2019-07-14 02:54:46,767 INFO  server.RaftServerConfigKeys (ConfUtils.java:logGet(43)) - raft.server.rpc.timeout.max = 5200ms (custom)
2019-07-14 02:54:46,768 INFO  server.RaftServerConfigKeys (ConfUtils.java:logGet(43)) - raft.server.rpcslowness.timeout = 120s (custom)
2019-07-14 02:54:46,768 INFO  server.RaftServerConfigKeys (ConfUtils.java:logGet(43)) - raft.server.sleep.deviation.threshold = 300 (default)
2019-07-14 02:54:46,768 INFO  server.RaftServerConfigKeys (ConfUtils.java:logGet(43)) - raft.server.log.appender.install.snapshot.enabled = false (custom)
2019-07-14 02:54:46,768 INFO  impl.RaftServerImpl (ServerState.java:<init>(105)) - 8edac3e3-437c-4f26-bd8a-97d18536c9cf:group-DE4FAEC2D6DA ConfigurationManager, init=-1: [8edac3e3-437c-4f26-bd8a-97d18536c9cf:192.168.157.236:44050], old=null, confs=<EMPTY_MAP>
2019-07-14 02:54:46,768 INFO  server.RaftServerConfigKeys (ConfUtils.java:logGet(43)) - raft.server.storage.dir = [/tmp/workdir/hadoop-ozone/integration-test/target/test-dir/MiniOzoneClusterImpl-da45e524-b34e-4865-9b65-cd88b92677e8/datanode-4/data/ratis] (custom)
2019-07-14 02:54:46,769 INFO  storage.RaftStorageDirectory (RaftStorageDirectory.java:analyzeStorage(246)) - The storage directory /tmp/workdir/hadoop-ozone/integration-test/target/test-dir/MiniOzoneClusterImpl-da45e524-b34e-4865-9b65-cd88b92677e8/datanode-4/data/ratis/f82705d4-61d9-4d3e-bd95-de4faec2d6da does not exist. Creating ...
2019-07-14 02:54:46,782 INFO  storage.RaftStorageDirectory (RaftStorageDirectory.java:tryLock(328)) - Lock on /tmp/workdir/hadoop-ozone/integration-test/target/test-dir/MiniOzoneClusterImpl-da45e524-b34e-4865-9b65-cd88b92677e8/datanode-4/data/ratis/f82705d4-61d9-4d3e-bd95-de4faec2d6da/in_use.lock acquired by nodename 12206@trunk-nightly-k88cw-3644625431
2019-07-14 02:54:46,796 INFO  storage.RaftStorage (RaftStorage.java:format(72)) - Storage directory /tmp/workdir/hadoop-ozone/integration-test/target/test-dir/MiniOzoneClusterImpl-da45e524-b34e-4865-9b65-cd88b92677e8/datanode-4/data/ratis/f82705d4-61d9-4d3e-bd95-de4faec2d6da has been successfully formatted.
2019-07-14 02:54:46,796 INFO  ratis.ContainerStateMachine (ContainerStateMachine.java:loadSnapshot(200)) - The snapshot info is null.Setting the last applied index to:(t:0, i:~)
2019-07-14 02:54:46,797 INFO  server.RaftServerConfigKeys (ConfUtils.java:logGet(43)) - raft.server.leader.election.timeout = 120s (custom)
2019-07-14 02:54:46,797 INFO  server.RaftServerConfigKeys (ConfUtils.java:logGet(43)) - raft.server.log.use.memory = false (default)
2019-07-14 02:54:46,797 INFO  server.RaftServerConfigKeys (ConfUtils.java:logGet(43)) - raft.server.log.purge.gap = 1000000000 (custom)
2019-07-14 02:54:46,797 INFO  server.RaftServerConfigKeys (ConfUtils.java:logGet(43)) - raft.server.log.appender.buffer.byte-limit = 33554432 (custom)
2019-07-14 02:54:46,797 INFO  server.RaftServerConfigKeys (ConfUtils.java:logGet(43)) - raft.server.log.segment.size.max = 1048576 (custom)
2019-07-14 02:54:46,798 INFO  server.RaftServerConfigKeys (ConfUtils.java:logGet(43)) - raft.server.log.segment.cache.num.max = 2 (custom)
2019-07-14 02:54:46,798 INFO  segmented.SegmentedRaftLogWorker (SegmentedRaftLogWorker.java:<init>(172)) - new 8edac3e3-437c-4f26-bd8a-97d18536c9cf-SegmentedRaftLogWorker:Storage Directory /tmp/workdir/hadoop-ozone/integration-test/target/test-dir/MiniOzoneClusterImpl-da45e524-b34e-4865-9b65-cd88b92677e8/datanode-4/data/ratis/f82705d4-61d9-4d3e-bd95-de4faec2d6da for RaftStorage:Storage Directory /tmp/workdir/hadoop-ozone/integration-test/target/test-dir/MiniOzoneClusterImpl-da45e524-b34e-4865-9b65-cd88b92677e8/datanode-4/data/ratis/f82705d4-61d9-4d3e-bd95-de4faec2d6da
2019-07-14 02:54:46,798 INFO  server.RaftServerConfigKeys (ConfUtils.java:logGet(43)) - raft.server.log.queue.byte-limit = 2147483647 (custom)
2019-07-14 02:54:46,798 INFO  server.RaftServerConfigKeys (ConfUtils.java:logGet(43)) - raft.server.log.queue.element-limit = 1024 (custom)
2019-07-14 02:54:46,799 INFO  server.RaftServerConfigKeys (ConfUtils.java:logGet(43)) - raft.server.log.segment.size.max = 1048576 (custom)
2019-07-14 02:54:46,799 INFO  server.RaftServerConfigKeys (ConfUtils.java:logGet(43)) - raft.server.log.preallocated.size = 16384 (custom)
2019-07-14 02:54:46,799 INFO  server.RaftServerConfigKeys (ConfUtils.java:logGet(43)) - raft.server.log.write.buffer.size = 33554432 (custom)
2019-07-14 02:54:46,799 INFO  server.RaftServerConfigKeys (ConfUtils.java:logGet(43)) - raft.server.log.force.sync.num = 128 (default)
2019-07-14 02:54:46,799 INFO  server.RaftServerConfigKeys (ConfUtils.java:logGet(43)) - raft.server.log.statemachine.data.sync = true (default)
2019-07-14 02:54:46,800 INFO  server.RaftServerConfigKeys (ConfUtils.java:logGet(43)) - raft.server.log.statemachine.data.sync.timeout = 10s (default)
2019-07-14 02:54:46,800 INFO  server.RaftServerConfigKeys (ConfUtils.java:logGet(43)) - raft.server.log.statemachine.data.sync.timeout.retry = -1 (default)
2019-07-14 02:54:46,800 INFO  server.RaftServerConfigKeys (ConfUtils.java:logGet(43)) - raft.server.log.statemachine.data.caching.enabled = true (custom)
2019-07-14 02:54:46,801 INFO  segmented.SegmentedRaftLogWorker (SegmentedRaftLogWorker.java:lambda$new$0(132)) - 8edac3e3-437c-4f26-bd8a-97d18536c9cf-SegmentedRaftLogWorker:Storage Directory /tmp/workdir/hadoop-ozone/integration-test/target/test-dir/MiniOzoneClusterImpl-da45e524-b34e-4865-9b65-cd88b92677e8/datanode-4/data/ratis/f82705d4-61d9-4d3e-bd95-de4faec2d6da: flushIndex: setUnconditionally 0 -> -1
2019-07-14 02:54:46,801 INFO  server.RaftServerConfigKeys (ConfUtils.java:logGet(43)) - raft.server.snapshot.auto.trigger.enabled = true (custom)
2019-07-14 02:54:46,801 INFO  server.RaftServerConfigKeys (ConfUtils.java:logGet(43)) - raft.server.snapshot.auto.trigger.threshold = 10000 (custom)
2019-07-14 02:54:46,801 INFO  server.RaftServerConfigKeys (ConfUtils.java:logGet(43)) - raft.server.retrycache.expirytime = 600000ms (custom)
2019-07-14 02:54:46,802 INFO  impl.RaftServerImpl (RaftServerImpl.java:start(180)) - 8edac3e3-437c-4f26-bd8a-97d18536c9cf: start group-DE4FAEC2D6DA
2019-07-14 02:54:46,802 INFO  impl.RaftServerImpl (RaftServerImpl.java:setRole(171)) - 8edac3e3-437c-4f26-bd8a-97d18536c9cf:group-DE4FAEC2D6DA changes role from null to FOLLOWER at term 0 for startAsFollower
2019-07-14 02:54:46,802 INFO  impl.RoleInfo (RoleInfo.java:updateAndGet(143)) - 8edac3e3-437c-4f26-bd8a-97d18536c9cf: start FollowerState
2019-07-14 02:54:46,802 INFO  util.JmxRegister (JmxRegister.java:tryRegister(44)) - Successfully registered JMX Bean with object name Ratis:service=RaftServer,group=group-DE4FAEC2D6DA,id=8edac3e3-437c-4f26-bd8a-97d18536c9cf
2019-07-14 02:54:46,818 INFO  pipeline.PipelineStateManager (PipelineStateManager.java:addPipeline(56)) - Created pipeline Pipeline[ Id: f82705d4-61d9-4d3e-bd95-de4faec2d6da, Nodes: 8edac3e3-437c-4f26-bd8a-97d18536c9cf{ip: 192.168.157.236, host: trunk-nightly-k88cw-3644625431, networkLocation: /default-rack, certSerialId: null}, Type:RATIS, Factor:ONE, State:OPEN]
2019-07-14 02:54:46,843 INFO  impl.RaftServerProxy (RaftServerProxy.java:addNew(89)) - 8242f012-6252-4e22-8df1-8449a96853c5: addNew group-4CA3A08B713A:[8242f012-6252-4e22-8df1-8449a96853c5:192.168.157.236:44121] returns group-4CA3A08B713A:java.util.concurrent.CompletableFuture@426503ed[Not completed]
2019-07-14 02:54:46,845 INFO  impl.RaftServerImpl (RaftServerImpl.java:<init>(93)) - 8242f012-6252-4e22-8df1-8449a96853c5: new RaftServerImpl for group-4CA3A08B713A:[8242f012-6252-4e22-8df1-8449a96853c5:192.168.157.236:44121] with ContainerStateMachine:uninitialized
2019-07-14 02:54:46,845 INFO  server.RaftServerConfigKeys (ConfUtils.java:logGet(43)) - raft.server.rpc.timeout.min = 5s (custom)
2019-07-14 02:54:46,846 INFO  server.RaftServerConfigKeys (ConfUtils.java:logGet(43)) - raft.server.rpc.timeout.max = 5200ms (custom)
2019-07-14 02:54:46,846 INFO  server.RaftServerConfigKeys (ConfUtils.java:logGet(43)) - raft.server.rpcslowness.timeout = 120s (custom)
2019-07-14 02:54:46,846 INFO  server.RaftServerConfigKeys (ConfUtils.java:logGet(43)) - raft.server.sleep.deviation.threshold = 300 (default)
2019-07-14 02:54:46,846 INFO  server.RaftServerConfigKeys (ConfUtils.java:logGet(43)) - raft.server.log.appender.install.snapshot.enabled = false (custom)
2019-07-14 02:54:46,846 INFO  impl.RaftServerImpl (ServerState.java:<init>(105)) - 8242f012-6252-4e22-8df1-8449a96853c5:group-4CA3A08B713A ConfigurationManager, init=-1: [8242f012-6252-4e22-8df1-8449a96853c5:192.168.157.236:44121], old=null, confs=<EMPTY_MAP>
2019-07-14 02:54:46,846 INFO  server.RaftServerConfigKeys (ConfUtils.java:logGet(43)) - raft.server.storage.dir = [/tmp/workdir/hadoop-ozone/integration-test/target/test-dir/MiniOzoneClusterImpl-da45e524-b34e-4865-9b65-cd88b92677e8/datanode-1/data/ratis] (custom)
2019-07-14 02:54:46,847 INFO  storage.RaftStorageDirectory (RaftStorageDirectory.java:analyzeStorage(246)) - The storage directory /tmp/workdir/hadoop-ozone/integration-test/target/test-dir/MiniOzoneClusterImpl-da45e524-b34e-4865-9b65-cd88b92677e8/datanode-1/data/ratis/47c0839f-4465-4df1-a6bc-4ca3a08b713a does not exist. Creating ...
2019-07-14 02:54:46,860 INFO  storage.RaftStorageDirectory (RaftStorageDirectory.java:tryLock(328)) - Lock on /tmp/workdir/hadoop-ozone/integration-test/target/test-dir/MiniOzoneClusterImpl-da45e524-b34e-4865-9b65-cd88b92677e8/datanode-1/data/ratis/47c0839f-4465-4df1-a6bc-4ca3a08b713a/in_use.lock acquired by nodename 12206@trunk-nightly-k88cw-3644625431
2019-07-14 02:54:46,873 INFO  storage.RaftStorage (RaftStorage.java:format(72)) - Storage directory /tmp/workdir/hadoop-ozone/integration-test/target/test-dir/MiniOzoneClusterImpl-da45e524-b34e-4865-9b65-cd88b92677e8/datanode-1/data/ratis/47c0839f-4465-4df1-a6bc-4ca3a08b713a has been successfully formatted.
2019-07-14 02:54:46,874 INFO  ratis.ContainerStateMachine (ContainerStateMachine.java:loadSnapshot(200)) - The snapshot info is null.Setting the last applied index to:(t:0, i:~)
2019-07-14 02:54:46,874 INFO  server.RaftServerConfigKeys (ConfUtils.java:logGet(43)) - raft.server.leader.election.timeout = 120s (custom)
2019-07-14 02:54:46,874 INFO  server.RaftServerConfigKeys (ConfUtils.java:logGet(43)) - raft.server.log.use.memory = false (default)
2019-07-14 02:54:46,874 INFO  server.RaftServerConfigKeys (ConfUtils.java:logGet(43)) - raft.server.log.purge.gap = 1000000000 (custom)
2019-07-14 02:54:46,874 INFO  server.RaftServerConfigKeys (ConfUtils.java:logGet(43)) - raft.server.log.appender.buffer.byte-limit = 33554432 (custom)
2019-07-14 02:54:46,875 INFO  server.RaftServerConfigKeys (ConfUtils.java:logGet(43)) - raft.server.log.segment.size.max = 1048576 (custom)
2019-07-14 02:54:46,875 INFO  server.RaftServerConfigKeys (ConfUtils.java:logGet(43)) - raft.server.log.segment.cache.num.max = 2 (custom)
2019-07-14 02:54:46,875 INFO  segmented.SegmentedRaftLogWorker (SegmentedRaftLogWorker.java:<init>(172)) - new 8242f012-6252-4e22-8df1-8449a96853c5-SegmentedRaftLogWorker:Storage Directory /tmp/workdir/hadoop-ozone/integration-test/target/test-dir/MiniOzoneClusterImpl-da45e524-b34e-4865-9b65-cd88b92677e8/datanode-1/data/ratis/47c0839f-4465-4df1-a6bc-4ca3a08b713a for RaftStorage:Storage Directory /tmp/workdir/hadoop-ozone/integration-test/target/test-dir/MiniOzoneClusterImpl-da45e524-b34e-4865-9b65-cd88b92677e8/datanode-1/data/ratis/47c0839f-4465-4df1-a6bc-4ca3a08b713a
2019-07-14 02:54:46,875 INFO  server.RaftServerConfigKeys (ConfUtils.java:logGet(43)) - raft.server.log.queue.byte-limit = 2147483647 (custom)
2019-07-14 02:54:46,875 INFO  server.RaftServerConfigKeys (ConfUtils.java:logGet(43)) - raft.server.log.queue.element-limit = 1024 (custom)
2019-07-14 02:54:46,876 INFO  server.RaftServerConfigKeys (ConfUtils.java:logGet(43)) - raft.server.log.segment.size.max = 1048576 (custom)
2019-07-14 02:54:46,876 INFO  server.RaftServerConfigKeys (ConfUtils.java:logGet(43)) - raft.server.log.preallocated.size = 16384 (custom)
2019-07-14 02:54:46,876 INFO  server.RaftServerConfigKeys (ConfUtils.java:logGet(43)) - raft.server.log.write.buffer.size = 33554432 (custom)
2019-07-14 02:54:46,876 INFO  server.RaftServerConfigKeys (ConfUtils.java:logGet(43)) - raft.server.log.force.sync.num = 128 (default)
2019-07-14 02:54:46,876 INFO  server.RaftServerConfigKeys (ConfUtils.java:logGet(43)) - raft.server.log.statemachine.data.sync = true (default)
2019-07-14 02:54:46,877 INFO  server.RaftServerConfigKeys (ConfUtils.java:logGet(43)) - raft.server.log.statemachine.data.sync.timeout = 10s (default)
2019-07-14 02:54:46,877 INFO  server.RaftServerConfigKeys (ConfUtils.java:logGet(43)) - raft.server.log.statemachine.data.sync.timeout.retry = -1 (default)
2019-07-14 02:54:46,877 INFO  server.RaftServerConfigKeys (ConfUtils.java:logGet(43)) - raft.server.log.statemachine.data.caching.enabled = true (custom)
2019-07-14 02:54:46,877 INFO  segmented.SegmentedRaftLogWorker (SegmentedRaftLogWorker.java:lambda$new$0(132)) - 8242f012-6252-4e22-8df1-8449a96853c5-SegmentedRaftLogWorker:Storage Directory /tmp/workdir/hadoop-ozone/integration-test/target/test-dir/MiniOzoneClusterImpl-da45e524-b34e-4865-9b65-cd88b92677e8/datanode-1/data/ratis/47c0839f-4465-4df1-a6bc-4ca3a08b713a: flushIndex: setUnconditionally 0 -> -1
2019-07-14 02:54:46,878 INFO  server.RaftServerConfigKeys (ConfUtils.java:logGet(43)) - raft.server.snapshot.auto.trigger.enabled = true (custom)
2019-07-14 02:54:46,878 INFO  server.RaftServerConfigKeys (ConfUtils.java:logGet(43)) - raft.server.snapshot.auto.trigger.threshold = 10000 (custom)
2019-07-14 02:54:46,878 INFO  server.RaftServerConfigKeys (ConfUtils.java:logGet(43)) - raft.server.retrycache.expirytime = 600000ms (custom)
2019-07-14 02:54:46,878 INFO  impl.RaftServerImpl (RaftServerImpl.java:start(180)) - 8242f012-6252-4e22-8df1-8449a96853c5: start group-4CA3A08B713A
2019-07-14 02:54:46,879 INFO  impl.RaftServerImpl (RaftServerImpl.java:setRole(171)) - 8242f012-6252-4e22-8df1-8449a96853c5:group-4CA3A08B713A changes role from null to FOLLOWER at term 0 for startAsFollower
2019-07-14 02:54:46,879 INFO  impl.RoleInfo (RoleInfo.java:updateAndGet(143)) - 8242f012-6252-4e22-8df1-8449a96853c5: start FollowerState
2019-07-14 02:54:46,879 INFO  util.JmxRegister (JmxRegister.java:tryRegister(44)) - Successfully registered JMX Bean with object name Ratis:service=RaftServer,group=group-4CA3A08B713A,id=8242f012-6252-4e22-8df1-8449a96853c5
2019-07-14 02:54:46,894 INFO  pipeline.PipelineStateManager (PipelineStateManager.java:addPipeline(56)) - Created pipeline Pipeline[ Id: 47c0839f-4465-4df1-a6bc-4ca3a08b713a, Nodes: 8242f012-6252-4e22-8df1-8449a96853c5{ip: 192.168.157.236, host: trunk-nightly-k88cw-3644625431, networkLocation: /default-rack, certSerialId: null}, Type:RATIS, Factor:ONE, State:OPEN]
2019-07-14 02:54:46,920 INFO  impl.RaftServerProxy (RaftServerProxy.java:addNew(89)) - 95ae6ec2-8596-4754-8976-7d4bf4a95b53: addNew group-CFAD4CF2B636:[95ae6ec2-8596-4754-8976-7d4bf4a95b53:192.168.157.236:39314] returns group-CFAD4CF2B636:java.util.concurrent.CompletableFuture@77298a29[Not completed]
2019-07-14 02:54:46,922 INFO  impl.RaftServerImpl (RaftServerImpl.java:<init>(93)) - 95ae6ec2-8596-4754-8976-7d4bf4a95b53: new RaftServerImpl for group-CFAD4CF2B636:[95ae6ec2-8596-4754-8976-7d4bf4a95b53:192.168.157.236:39314] with ContainerStateMachine:uninitialized
2019-07-14 02:54:46,922 INFO  server.RaftServerConfigKeys (ConfUtils.java:logGet(43)) - raft.server.rpc.timeout.min = 5s (custom)
2019-07-14 02:54:46,922 INFO  server.RaftServerConfigKeys (ConfUtils.java:logGet(43)) - raft.server.rpc.timeout.max = 5200ms (custom)
2019-07-14 02:54:46,922 INFO  server.RaftServerConfigKeys (ConfUtils.java:logGet(43)) - raft.server.rpcslowness.timeout = 120s (custom)
2019-07-14 02:54:46,922 INFO  server.RaftServerConfigKeys (ConfUtils.java:logGet(43)) - raft.server.sleep.deviation.threshold = 300 (default)
2019-07-14 02:54:46,923 INFO  server.RaftServerConfigKeys (ConfUtils.java:logGet(43)) - raft.server.log.appender.install.snapshot.enabled = false (custom)
2019-07-14 02:54:46,923 INFO  impl.RaftServerImpl (ServerState.java:<init>(105)) - 95ae6ec2-8596-4754-8976-7d4bf4a95b53:group-CFAD4CF2B636 ConfigurationManager, init=-1: [95ae6ec2-8596-4754-8976-7d4bf4a95b53:192.168.157.236:39314], old=null, confs=<EMPTY_MAP>
2019-07-14 02:54:46,923 INFO  server.RaftServerConfigKeys (ConfUtils.java:logGet(43)) - raft.server.storage.dir = [/tmp/workdir/hadoop-ozone/integration-test/target/test-dir/MiniOzoneClusterImpl-da45e524-b34e-4865-9b65-cd88b92677e8/datanode-5/data/ratis] (custom)
2019-07-14 02:54:46,923 INFO  storage.RaftStorageDirectory (RaftStorageDirectory.java:analyzeStorage(246)) - The storage directory /tmp/workdir/hadoop-ozone/integration-test/target/test-dir/MiniOzoneClusterImpl-da45e524-b34e-4865-9b65-cd88b92677e8/datanode-5/data/ratis/884f0f5e-be1f-4136-9938-cfad4cf2b636 does not exist. Creating ...
2019-07-14 02:54:46,936 INFO  storage.RaftStorageDirectory (RaftStorageDirectory.java:tryLock(328)) - Lock on /tmp/workdir/hadoop-ozone/integration-test/target/test-dir/MiniOzoneClusterImpl-da45e524-b34e-4865-9b65-cd88b92677e8/datanode-5/data/ratis/884f0f5e-be1f-4136-9938-cfad4cf2b636/in_use.lock acquired by nodename 12206@trunk-nightly-k88cw-3644625431
2019-07-14 02:54:46,949 INFO  storage.RaftStorage (RaftStorage.java:format(72)) - Storage directory /tmp/workdir/hadoop-ozone/integration-test/target/test-dir/MiniOzoneClusterImpl-da45e524-b34e-4865-9b65-cd88b92677e8/datanode-5/data/ratis/884f0f5e-be1f-4136-9938-cfad4cf2b636 has been successfully formatted.
2019-07-14 02:54:46,949 INFO  ratis.ContainerStateMachine (ContainerStateMachine.java:loadSnapshot(200)) - The snapshot info is null.Setting the last applied index to:(t:0, i:~)
2019-07-14 02:54:46,949 INFO  server.RaftServerConfigKeys (ConfUtils.java:logGet(43)) - raft.server.leader.election.timeout = 120s (custom)
2019-07-14 02:54:46,949 INFO  server.RaftServerConfigKeys (ConfUtils.java:logGet(43)) - raft.server.log.use.memory = false (default)
2019-07-14 02:54:46,949 INFO  server.RaftServerConfigKeys (ConfUtils.java:logGet(43)) - raft.server.log.purge.gap = 1000000000 (custom)
2019-07-14 02:54:46,949 INFO  server.RaftServerConfigKeys (ConfUtils.java:logGet(43)) - raft.server.log.appender.buffer.byte-limit = 33554432 (custom)
2019-07-14 02:54:46,949 INFO  server.RaftServerConfigKeys (ConfUtils.java:logGet(43)) - raft.server.log.segment.size.max = 1048576 (custom)
2019-07-14 02:54:46,950 INFO  server.RaftServerConfigKeys (ConfUtils.java:logGet(43)) - raft.server.log.segment.cache.num.max = 2 (custom)
2019-07-14 02:54:46,950 INFO  segmented.SegmentedRaftLogWorker (SegmentedRaftLogWorker.java:<init>(172)) - new 95ae6ec2-8596-4754-8976-7d4bf4a95b53-SegmentedRaftLogWorker:Storage Directory /tmp/workdir/hadoop-ozone/integration-test/target/test-dir/MiniOzoneClusterImpl-da45e524-b34e-4865-9b65-cd88b92677e8/datanode-5/data/ratis/884f0f5e-be1f-4136-9938-cfad4cf2b636 for RaftStorage:Storage Directory /tmp/workdir/hadoop-ozone/integration-test/target/test-dir/MiniOzoneClusterImpl-da45e524-b34e-4865-9b65-cd88b92677e8/datanode-5/data/ratis/884f0f5e-be1f-4136-9938-cfad4cf2b636
2019-07-14 02:54:46,950 INFO  server.RaftServerConfigKeys (ConfUtils.java:logGet(43)) - raft.server.log.queue.byte-limit = 2147483647 (custom)
2019-07-14 02:54:46,950 INFO  server.RaftServerConfigKeys (ConfUtils.java:logGet(43)) - raft.server.log.queue.element-limit = 1024 (custom)
2019-07-14 02:54:46,950 INFO  server.RaftServerConfigKeys (ConfUtils.java:logGet(43)) - raft.server.log.segment.size.max = 1048576 (custom)
2019-07-14 02:54:46,950 INFO  server.RaftServerConfigKeys (ConfUtils.java:logGet(43)) - raft.server.log.preallocated.size = 16384 (custom)
2019-07-14 02:54:46,950 INFO  server.RaftServerConfigKeys (ConfUtils.java:logGet(43)) - raft.server.log.write.buffer.size = 33554432 (custom)
2019-07-14 02:54:46,951 INFO  server.RaftServerConfigKeys (ConfUtils.java:logGet(43)) - raft.server.log.force.sync.num = 128 (default)
2019-07-14 02:54:46,951 INFO  server.RaftServerConfigKeys (ConfUtils.java:logGet(43)) - raft.server.log.statemachine.data.sync = true (default)
2019-07-14 02:54:46,951 INFO  server.RaftServerConfigKeys (ConfUtils.java:logGet(43)) - raft.server.log.statemachine.data.sync.timeout = 10s (default)
2019-07-14 02:54:46,951 INFO  server.RaftServerConfigKeys (ConfUtils.java:logGet(43)) - raft.server.log.statemachine.data.sync.timeout.retry = -1 (default)
2019-07-14 02:54:46,951 INFO  server.RaftServerConfigKeys (ConfUtils.java:logGet(43)) - raft.server.log.statemachine.data.caching.enabled = true (custom)
2019-07-14 02:54:46,951 INFO  segmented.SegmentedRaftLogWorker (SegmentedRaftLogWorker.java:lambda$new$0(132)) - 95ae6ec2-8596-4754-8976-7d4bf4a95b53-SegmentedRaftLogWorker:Storage Directory /tmp/workdir/hadoop-ozone/integration-test/target/test-dir/MiniOzoneClusterImpl-da45e524-b34e-4865-9b65-cd88b92677e8/datanode-5/data/ratis/884f0f5e-be1f-4136-9938-cfad4cf2b636: flushIndex: setUnconditionally 0 -> -1
2019-07-14 02:54:46,952 INFO  server.RaftServerConfigKeys (ConfUtils.java:logGet(43)) - raft.server.snapshot.auto.trigger.enabled = true (custom)
2019-07-14 02:54:46,952 INFO  server.RaftServerConfigKeys (ConfUtils.java:logGet(43)) - raft.server.snapshot.auto.trigger.threshold = 10000 (custom)
2019-07-14 02:54:46,952 INFO  server.RaftServerConfigKeys (ConfUtils.java:logGet(43)) - raft.server.retrycache.expirytime = 600000ms (custom)
2019-07-14 02:54:46,952 INFO  impl.RaftServerImpl (RaftServerImpl.java:start(180)) - 95ae6ec2-8596-4754-8976-7d4bf4a95b53: start group-CFAD4CF2B636
2019-07-14 02:54:46,952 INFO  impl.RaftServerImpl (RaftServerImpl.java:setRole(171)) - 95ae6ec2-8596-4754-8976-7d4bf4a95b53:group-CFAD4CF2B636 changes role from null to FOLLOWER at term 0 for startAsFollower
2019-07-14 02:54:46,952 INFO  impl.RoleInfo (RoleInfo.java:updateAndGet(143)) - 95ae6ec2-8596-4754-8976-7d4bf4a95b53: start FollowerState
2019-07-14 02:54:46,953 INFO  util.JmxRegister (JmxRegister.java:tryRegister(44)) - Successfully registered JMX Bean with object name Ratis:service=RaftServer,group=group-CFAD4CF2B636,id=95ae6ec2-8596-4754-8976-7d4bf4a95b53
2019-07-14 02:54:46,967 INFO  pipeline.PipelineStateManager (PipelineStateManager.java:addPipeline(56)) - Created pipeline Pipeline[ Id: 884f0f5e-be1f-4136-9938-cfad4cf2b636, Nodes: 95ae6ec2-8596-4754-8976-7d4bf4a95b53{ip: 192.168.157.236, host: trunk-nightly-k88cw-3644625431, networkLocation: /default-rack, certSerialId: null}, Type:RATIS, Factor:ONE, State:OPEN]
2019-07-14 02:54:46,994 INFO  impl.RaftServerProxy (RaftServerProxy.java:addNew(89)) - 3b6bb59e-3a86-4ef2-9316-5cf57e18bbf0: addNew group-675FAED5B4E4:[3b6bb59e-3a86-4ef2-9316-5cf57e18bbf0:192.168.157.236:38899] returns group-675FAED5B4E4:java.util.concurrent.CompletableFuture@7302985c[Not completed]
2019-07-14 02:54:46,995 INFO  impl.RaftServerImpl (RaftServerImpl.java:<init>(93)) - 3b6bb59e-3a86-4ef2-9316-5cf57e18bbf0: new RaftServerImpl for group-675FAED5B4E4:[3b6bb59e-3a86-4ef2-9316-5cf57e18bbf0:192.168.157.236:38899] with ContainerStateMachine:uninitialized
2019-07-14 02:54:46,996 INFO  server.RaftServerConfigKeys (ConfUtils.java:logGet(43)) - raft.server.rpc.timeout.min = 5s (custom)
2019-07-14 02:54:46,996 INFO  server.RaftServerConfigKeys (ConfUtils.java:logGet(43)) - raft.server.rpc.timeout.max = 5200ms (custom)
2019-07-14 02:54:46,996 INFO  server.RaftServerConfigKeys (ConfUtils.java:logGet(43)) - raft.server.rpcslowness.timeout = 120s (custom)
2019-07-14 02:54:46,996 INFO  server.RaftServerConfigKeys (ConfUtils.java:logGet(43)) - raft.server.sleep.deviation.threshold = 300 (default)
2019-07-14 02:54:46,996 INFO  server.RaftServerConfigKeys (ConfUtils.java:logGet(43)) - raft.server.log.appender.install.snapshot.enabled = false (custom)
2019-07-14 02:54:46,996 INFO  impl.RaftServerImpl (ServerState.java:<init>(105)) - 3b6bb59e-3a86-4ef2-9316-5cf57e18bbf0:group-675FAED5B4E4 ConfigurationManager, init=-1: [3b6bb59e-3a86-4ef2-9316-5cf57e18bbf0:192.168.157.236:38899], old=null, confs=<EMPTY_MAP>
2019-07-14 02:54:46,997 INFO  server.RaftServerConfigKeys (ConfUtils.java:logGet(43)) - raft.server.storage.dir = [/tmp/workdir/hadoop-ozone/integration-test/target/test-dir/MiniOzoneClusterImpl-da45e524-b34e-4865-9b65-cd88b92677e8/datanode-6/data/ratis] (custom)
2019-07-14 02:54:46,997 INFO  storage.RaftStorageDirectory (RaftStorageDirectory.java:analyzeStorage(246)) - The storage directory /tmp/workdir/hadoop-ozone/integration-test/target/test-dir/MiniOzoneClusterImpl-da45e524-b34e-4865-9b65-cd88b92677e8/datanode-6/data/ratis/bcc7ad44-4366-4f50-8d1c-675faed5b4e4 does not exist. Creating ...
2019-07-14 02:54:47,010 INFO  storage.RaftStorageDirectory (RaftStorageDirectory.java:tryLock(328)) - Lock on /tmp/workdir/hadoop-ozone/integration-test/target/test-dir/MiniOzoneClusterImpl-da45e524-b34e-4865-9b65-cd88b92677e8/datanode-6/data/ratis/bcc7ad44-4366-4f50-8d1c-675faed5b4e4/in_use.lock acquired by nodename 12206@trunk-nightly-k88cw-3644625431
2019-07-14 02:54:47,024 INFO  storage.RaftStorage (RaftStorage.java:format(72)) - Storage directory /tmp/workdir/hadoop-ozone/integration-test/target/test-dir/MiniOzoneClusterImpl-da45e524-b34e-4865-9b65-cd88b92677e8/datanode-6/data/ratis/bcc7ad44-4366-4f50-8d1c-675faed5b4e4 has been successfully formatted.
2019-07-14 02:54:47,024 INFO  ratis.ContainerStateMachine (ContainerStateMachine.java:loadSnapshot(200)) - The snapshot info is null.Setting the last applied index to:(t:0, i:~)
2019-07-14 02:54:47,024 INFO  server.RaftServerConfigKeys (ConfUtils.java:logGet(43)) - raft.server.leader.election.timeout = 120s (custom)
2019-07-14 02:54:47,024 INFO  server.RaftServerConfigKeys (ConfUtils.java:logGet(43)) - raft.server.log.use.memory = false (default)
2019-07-14 02:54:47,024 INFO  server.RaftServerConfigKeys (ConfUtils.java:logGet(43)) - raft.server.log.purge.gap = 1000000000 (custom)
2019-07-14 02:54:47,025 INFO  server.RaftServerConfigKeys (ConfUtils.java:logGet(43)) - raft.server.log.appender.buffer.byte-limit = 33554432 (custom)
2019-07-14 02:54:47,025 INFO  server.RaftServerConfigKeys (ConfUtils.java:logGet(43)) - raft.server.log.segment.size.max = 1048576 (custom)
2019-07-14 02:54:47,025 INFO  server.RaftServerConfigKeys (ConfUtils.java:logGet(43)) - raft.server.log.segment.cache.num.max = 2 (custom)
2019-07-14 02:54:47,025 INFO  segmented.SegmentedRaftLogWorker (SegmentedRaftLogWorker.java:<init>(172)) - new 3b6bb59e-3a86-4ef2-9316-5cf57e18bbf0-SegmentedRaftLogWorker:Storage Directory /tmp/workdir/hadoop-ozone/integration-test/target/test-dir/MiniOzoneClusterImpl-da45e524-b34e-4865-9b65-cd88b92677e8/datanode-6/data/ratis/bcc7ad44-4366-4f50-8d1c-675faed5b4e4 for RaftStorage:Storage Directory /tmp/workdir/hadoop-ozone/integration-test/target/test-dir/MiniOzoneClusterImpl-da45e524-b34e-4865-9b65-cd88b92677e8/datanode-6/data/ratis/bcc7ad44-4366-4f50-8d1c-675faed5b4e4
2019-07-14 02:54:47,025 INFO  server.RaftServerConfigKeys (ConfUtils.java:logGet(43)) - raft.server.log.queue.byte-limit = 2147483647 (custom)
2019-07-14 02:54:47,026 INFO  server.RaftServerConfigKeys (ConfUtils.java:logGet(43)) - raft.server.log.queue.element-limit = 1024 (custom)
2019-07-14 02:54:47,026 INFO  server.RaftServerConfigKeys (ConfUtils.java:logGet(43)) - raft.server.log.segment.size.max = 1048576 (custom)
2019-07-14 02:54:47,026 INFO  server.RaftServerConfigKeys (ConfUtils.java:logGet(43)) - raft.server.log.preallocated.size = 16384 (custom)
2019-07-14 02:54:47,026 INFO  server.RaftServerConfigKeys (ConfUtils.java:logGet(43)) - raft.server.log.write.buffer.size = 33554432 (custom)
2019-07-14 02:54:47,026 INFO  server.RaftServerConfigKeys (ConfUtils.java:logGet(43)) - raft.server.log.force.sync.num = 128 (default)
2019-07-14 02:54:47,027 INFO  server.RaftServerConfigKeys (ConfUtils.java:logGet(43)) - raft.server.log.statemachine.data.sync = true (default)
2019-07-14 02:54:47,027 INFO  server.RaftServerConfigKeys (ConfUtils.java:logGet(43)) - raft.server.log.statemachine.data.sync.timeout = 10s (default)
2019-07-14 02:54:47,027 INFO  server.RaftServerConfigKeys (ConfUtils.java:logGet(43)) - raft.server.log.statemachine.data.sync.timeout.retry = -1 (default)
2019-07-14 02:54:47,027 INFO  server.RaftServerConfigKeys (ConfUtils.java:logGet(43)) - raft.server.log.statemachine.data.caching.enabled = true (custom)
2019-07-14 02:54:47,028 INFO  segmented.SegmentedRaftLogWorker (SegmentedRaftLogWorker.java:lambda$new$0(132)) - 3b6bb59e-3a86-4ef2-9316-5cf57e18bbf0-SegmentedRaftLogWorker:Storage Directory /tmp/workdir/hadoop-ozone/integration-test/target/test-dir/MiniOzoneClusterImpl-da45e524-b34e-4865-9b65-cd88b92677e8/datanode-6/data/ratis/bcc7ad44-4366-4f50-8d1c-675faed5b4e4: flushIndex: setUnconditionally 0 -> -1
2019-07-14 02:54:47,028 INFO  server.RaftServerConfigKeys (ConfUtils.java:logGet(43)) - raft.server.snapshot.auto.trigger.enabled = true (custom)
2019-07-14 02:54:47,028 INFO  server.RaftServerConfigKeys (ConfUtils.java:logGet(43)) - raft.server.snapshot.auto.trigger.threshold = 10000 (custom)
2019-07-14 02:54:47,029 INFO  server.RaftServerConfigKeys (ConfUtils.java:logGet(43)) - raft.server.retrycache.expirytime = 600000ms (custom)
2019-07-14 02:54:47,029 INFO  impl.RaftServerImpl (RaftServerImpl.java:start(180)) - 3b6bb59e-3a86-4ef2-9316-5cf57e18bbf0: start group-675FAED5B4E4
2019-07-14 02:54:47,029 INFO  impl.RaftServerImpl (RaftServerImpl.java:setRole(171)) - 3b6bb59e-3a86-4ef2-9316-5cf57e18bbf0:group-675FAED5B4E4 changes role from null to FOLLOWER at term 0 for startAsFollower
2019-07-14 02:54:47,029 INFO  impl.RoleInfo (RoleInfo.java:updateAndGet(143)) - 3b6bb59e-3a86-4ef2-9316-5cf57e18bbf0: start FollowerState
2019-07-14 02:54:47,030 INFO  util.JmxRegister (JmxRegister.java:tryRegister(44)) - Successfully registered JMX Bean with object name Ratis:service=RaftServer,group=group-675FAED5B4E4,id=3b6bb59e-3a86-4ef2-9316-5cf57e18bbf0
2019-07-14 02:54:47,043 INFO  pipeline.PipelineStateManager (PipelineStateManager.java:addPipeline(56)) - Created pipeline Pipeline[ Id: bcc7ad44-4366-4f50-8d1c-675faed5b4e4, Nodes: 3b6bb59e-3a86-4ef2-9316-5cf57e18bbf0{ip: 192.168.157.236, host: trunk-nightly-k88cw-3644625431, networkLocation: /default-rack, certSerialId: null}, Type:RATIS, Factor:ONE, State:OPEN]
2019-07-14 02:54:47,061 INFO  impl.RaftServerProxy (RaftServerProxy.java:addNew(89)) - e307c2b8-a635-4793-b80e-7c6a1f600b43: addNew group-537885EEFDEA:[e307c2b8-a635-4793-b80e-7c6a1f600b43:192.168.157.236:33578] returns group-537885EEFDEA:java.util.concurrent.CompletableFuture@1c35f196[Not completed]
2019-07-14 02:54:47,063 INFO  impl.RaftServerImpl (RaftServerImpl.java:<init>(93)) - e307c2b8-a635-4793-b80e-7c6a1f600b43: new RaftServerImpl for group-537885EEFDEA:[e307c2b8-a635-4793-b80e-7c6a1f600b43:192.168.157.236:33578] with ContainerStateMachine:uninitialized
2019-07-14 02:54:47,063 INFO  server.RaftServerConfigKeys (ConfUtils.java:logGet(43)) - raft.server.rpc.timeout.min = 5s (custom)
2019-07-14 02:54:47,063 INFO  server.RaftServerConfigKeys (ConfUtils.java:logGet(43)) - raft.server.rpc.timeout.max = 5200ms (custom)
2019-07-14 02:54:47,064 INFO  server.RaftServerConfigKeys (ConfUtils.java:logGet(43)) - raft.server.rpcslowness.timeout = 120s (custom)
2019-07-14 02:54:47,064 INFO  server.RaftServerConfigKeys (ConfUtils.java:logGet(43)) - raft.server.sleep.deviation.threshold = 300 (default)
2019-07-14 02:54:47,064 INFO  server.RaftServerConfigKeys (ConfUtils.java:logGet(43)) - raft.server.log.appender.install.snapshot.enabled = false (custom)
2019-07-14 02:54:47,064 INFO  impl.RaftServerImpl (ServerState.java:<init>(105)) - e307c2b8-a635-4793-b80e-7c6a1f600b43:group-537885EEFDEA ConfigurationManager, init=-1: [e307c2b8-a635-4793-b80e-7c6a1f600b43:192.168.157.236:33578], old=null, confs=<EMPTY_MAP>
2019-07-14 02:54:47,064 INFO  server.RaftServerConfigKeys (ConfUtils.java:logGet(43)) - raft.server.storage.dir = [/tmp/workdir/hadoop-ozone/integration-test/target/test-dir/MiniOzoneClusterImpl-da45e524-b34e-4865-9b65-cd88b92677e8/datanode-3/data/ratis] (custom)
2019-07-14 02:54:47,065 INFO  storage.RaftStorageDirectory (RaftStorageDirectory.java:analyzeStorage(246)) - The storage directory /tmp/workdir/hadoop-ozone/integration-test/target/test-dir/MiniOzoneClusterImpl-da45e524-b34e-4865-9b65-cd88b92677e8/datanode-3/data/ratis/21b7318f-8367-4dbb-bfe5-537885eefdea does not exist. Creating ...
2019-07-14 02:54:47,078 INFO  storage.RaftStorageDirectory (RaftStorageDirectory.java:tryLock(328)) - Lock on /tmp/workdir/hadoop-ozone/integration-test/target/test-dir/MiniOzoneClusterImpl-da45e524-b34e-4865-9b65-cd88b92677e8/datanode-3/data/ratis/21b7318f-8367-4dbb-bfe5-537885eefdea/in_use.lock acquired by nodename 12206@trunk-nightly-k88cw-3644625431
2019-07-14 02:54:47,091 INFO  storage.RaftStorage (RaftStorage.java:format(72)) - Storage directory /tmp/workdir/hadoop-ozone/integration-test/target/test-dir/MiniOzoneClusterImpl-da45e524-b34e-4865-9b65-cd88b92677e8/datanode-3/data/ratis/21b7318f-8367-4dbb-bfe5-537885eefdea has been successfully formatted.
2019-07-14 02:54:47,091 INFO  ratis.ContainerStateMachine (ContainerStateMachine.java:loadSnapshot(200)) - The snapshot info is null.Setting the last applied index to:(t:0, i:~)
2019-07-14 02:54:47,091 INFO  server.RaftServerConfigKeys (ConfUtils.java:logGet(43)) - raft.server.leader.election.timeout = 120s (custom)
2019-07-14 02:54:47,092 INFO  server.RaftServerConfigKeys (ConfUtils.java:logGet(43)) - raft.server.log.use.memory = false (default)
2019-07-14 02:54:47,092 INFO  server.RaftServerConfigKeys (ConfUtils.java:logGet(43)) - raft.server.log.purge.gap = 1000000000 (custom)
2019-07-14 02:54:47,092 INFO  server.RaftServerConfigKeys (ConfUtils.java:logGet(43)) - raft.server.log.appender.buffer.byte-limit = 33554432 (custom)
2019-07-14 02:54:47,092 INFO  server.RaftServerConfigKeys (ConfUtils.java:logGet(43)) - raft.server.log.segment.size.max = 1048576 (custom)
2019-07-14 02:54:47,092 INFO  server.RaftServerConfigKeys (ConfUtils.java:logGet(43)) - raft.server.log.segment.cache.num.max = 2 (custom)
2019-07-14 02:54:47,092 INFO  segmented.SegmentedRaftLogWorker (SegmentedRaftLogWorker.java:<init>(172)) - new e307c2b8-a635-4793-b80e-7c6a1f600b43-SegmentedRaftLogWorker:Storage Directory /tmp/workdir/hadoop-ozone/integration-test/target/test-dir/MiniOzoneClusterImpl-da45e524-b34e-4865-9b65-cd88b92677e8/datanode-3/data/ratis/21b7318f-8367-4dbb-bfe5-537885eefdea for RaftStorage:Storage Directory /tmp/workdir/hadoop-ozone/integration-test/target/test-dir/MiniOzoneClusterImpl-da45e524-b34e-4865-9b65-cd88b92677e8/datanode-3/data/ratis/21b7318f-8367-4dbb-bfe5-537885eefdea
2019-07-14 02:54:47,093 INFO  server.RaftServerConfigKeys (ConfUtils.java:logGet(43)) - raft.server.log.queue.byte-limit = 2147483647 (custom)
2019-07-14 02:54:47,093 INFO  server.RaftServerConfigKeys (ConfUtils.java:logGet(43)) - raft.server.log.queue.element-limit = 1024 (custom)
2019-07-14 02:54:47,093 INFO  server.RaftServerConfigKeys (ConfUtils.java:logGet(43)) - raft.server.log.segment.size.max = 1048576 (custom)
2019-07-14 02:54:47,093 INFO  server.RaftServerConfigKeys (ConfUtils.java:logGet(43)) - raft.server.log.preallocated.size = 16384 (custom)
2019-07-14 02:54:47,094 INFO  server.RaftServerConfigKeys (ConfUtils.java:logGet(43)) - raft.server.log.write.buffer.size = 33554432 (custom)
2019-07-14 02:54:47,094 INFO  server.RaftServerConfigKeys (ConfUtils.java:logGet(43)) - raft.server.log.force.sync.num = 128 (default)
2019-07-14 02:54:47,094 INFO  server.RaftServerConfigKeys (ConfUtils.java:logGet(43)) - raft.server.log.statemachine.data.sync = true (default)
2019-07-14 02:54:47,094 INFO  server.RaftServerConfigKeys (ConfUtils.java:logGet(43)) - raft.server.log.statemachine.data.sync.timeout = 10s (default)
2019-07-14 02:54:47,094 INFO  server.RaftServerConfigKeys (ConfUtils.java:logGet(43)) - raft.server.log.statemachine.data.sync.timeout.retry = -1 (default)
2019-07-14 02:54:47,095 INFO  server.RaftServerConfigKeys (ConfUtils.java:logGet(43)) - raft.server.log.statemachine.data.caching.enabled = true (custom)
2019-07-14 02:54:47,095 INFO  segmented.SegmentedRaftLogWorker (SegmentedRaftLogWorker.java:lambda$new$0(132)) - e307c2b8-a635-4793-b80e-7c6a1f600b43-SegmentedRaftLogWorker:Storage Directory /tmp/workdir/hadoop-ozone/integration-test/target/test-dir/MiniOzoneClusterImpl-da45e524-b34e-4865-9b65-cd88b92677e8/datanode-3/data/ratis/21b7318f-8367-4dbb-bfe5-537885eefdea: flushIndex: setUnconditionally 0 -> -1
2019-07-14 02:54:47,095 INFO  server.RaftServerConfigKeys (ConfUtils.java:logGet(43)) - raft.server.snapshot.auto.trigger.enabled = true (custom)
2019-07-14 02:54:47,096 INFO  server.RaftServerConfigKeys (ConfUtils.java:logGet(43)) - raft.server.snapshot.auto.trigger.threshold = 10000 (custom)
2019-07-14 02:54:47,096 INFO  server.RaftServerConfigKeys (ConfUtils.java:logGet(43)) - raft.server.retrycache.expirytime = 600000ms (custom)
2019-07-14 02:54:47,096 INFO  impl.RaftServerImpl (RaftServerImpl.java:start(180)) - e307c2b8-a635-4793-b80e-7c6a1f600b43: start group-537885EEFDEA
2019-07-14 02:54:47,097 INFO  impl.RaftServerImpl (RaftServerImpl.java:setRole(171)) - e307c2b8-a635-4793-b80e-7c6a1f600b43:group-537885EEFDEA changes role from null to FOLLOWER at term 0 for startAsFollower
2019-07-14 02:54:47,097 INFO  impl.RoleInfo (RoleInfo.java:updateAndGet(143)) - e307c2b8-a635-4793-b80e-7c6a1f600b43: start FollowerState
2019-07-14 02:54:47,097 INFO  util.JmxRegister (JmxRegister.java:tryRegister(44)) - Successfully registered JMX Bean with object name Ratis:service=RaftServer,group=group-537885EEFDEA,id=e307c2b8-a635-4793-b80e-7c6a1f600b43
2019-07-14 02:54:47,115 INFO  pipeline.PipelineStateManager (PipelineStateManager.java:addPipeline(56)) - Created pipeline Pipeline[ Id: 21b7318f-8367-4dbb-bfe5-537885eefdea, Nodes: e307c2b8-a635-4793-b80e-7c6a1f600b43{ip: 192.168.157.236, host: trunk-nightly-k88cw-3644625431, networkLocation: /default-rack, certSerialId: null}, Type:RATIS, Factor:ONE, State:OPEN]
2019-07-14 02:54:47,150 INFO  impl.RaftServerProxy (RaftServerProxy.java:addNew(89)) - 8edac3e3-437c-4f26-bd8a-97d18536c9cf: addNew group-6CF11F53906A:[8edac3e3-437c-4f26-bd8a-97d18536c9cf:192.168.157.236:44050, cbe6c1e6-90cd-41b6-90e6-cc6f9192e6a1:192.168.157.236:35147, 780b4315-a532-44cd-8655-7961763464f0:192.168.157.236:38349] returns group-6CF11F53906A:java.util.concurrent.CompletableFuture@4b9dbcca[Not completed]
2019-07-14 02:54:47,151 INFO  impl.RaftServerImpl (RaftServerImpl.java:<init>(93)) - 8edac3e3-437c-4f26-bd8a-97d18536c9cf: new RaftServerImpl for group-6CF11F53906A:[8edac3e3-437c-4f26-bd8a-97d18536c9cf:192.168.157.236:44050, cbe6c1e6-90cd-41b6-90e6-cc6f9192e6a1:192.168.157.236:35147, 780b4315-a532-44cd-8655-7961763464f0:192.168.157.236:38349] with ContainerStateMachine:uninitialized
2019-07-14 02:54:47,152 INFO  server.RaftServerConfigKeys (ConfUtils.java:logGet(43)) - raft.server.rpc.timeout.min = 5s (custom)
2019-07-14 02:54:47,152 INFO  server.RaftServerConfigKeys (ConfUtils.java:logGet(43)) - raft.server.rpc.timeout.max = 5200ms (custom)
2019-07-14 02:54:47,152 INFO  server.RaftServerConfigKeys (ConfUtils.java:logGet(43)) - raft.server.rpcslowness.timeout = 120s (custom)
2019-07-14 02:54:47,154 INFO  server.RaftServerConfigKeys (ConfUtils.java:logGet(43)) - raft.server.sleep.deviation.threshold = 300 (default)
2019-07-14 02:54:47,154 INFO  server.RaftServerConfigKeys (ConfUtils.java:logGet(43)) - raft.server.log.appender.install.snapshot.enabled = false (custom)
2019-07-14 02:54:47,154 INFO  impl.RaftServerImpl (ServerState.java:<init>(105)) - 8edac3e3-437c-4f26-bd8a-97d18536c9cf:group-6CF11F53906A ConfigurationManager, init=-1: [8edac3e3-437c-4f26-bd8a-97d18536c9cf:192.168.157.236:44050, cbe6c1e6-90cd-41b6-90e6-cc6f9192e6a1:192.168.157.236:35147, 780b4315-a532-44cd-8655-7961763464f0:192.168.157.236:38349], old=null, confs=<EMPTY_MAP>
2019-07-14 02:54:47,156 INFO  impl.RaftServerProxy (RaftServerProxy.java:addNew(89)) - 780b4315-a532-44cd-8655-7961763464f0: addNew group-6CF11F53906A:[8edac3e3-437c-4f26-bd8a-97d18536c9cf:192.168.157.236:44050, cbe6c1e6-90cd-41b6-90e6-cc6f9192e6a1:192.168.157.236:35147, 780b4315-a532-44cd-8655-7961763464f0:192.168.157.236:38349] returns group-6CF11F53906A:java.util.concurrent.CompletableFuture@6128e5b3[Not completed]
2019-07-14 02:54:47,156 INFO  server.RaftServerConfigKeys (ConfUtils.java:logGet(43)) - raft.server.storage.dir = [/tmp/workdir/hadoop-ozone/integration-test/target/test-dir/MiniOzoneClusterImpl-da45e524-b34e-4865-9b65-cd88b92677e8/datanode-4/data/ratis] (custom)
2019-07-14 02:54:47,156 INFO  impl.RaftServerProxy (RaftServerProxy.java:addNew(89)) - cbe6c1e6-90cd-41b6-90e6-cc6f9192e6a1: addNew group-6CF11F53906A:[8edac3e3-437c-4f26-bd8a-97d18536c9cf:192.168.157.236:44050, cbe6c1e6-90cd-41b6-90e6-cc6f9192e6a1:192.168.157.236:35147, 780b4315-a532-44cd-8655-7961763464f0:192.168.157.236:38349] returns group-6CF11F53906A:java.util.concurrent.CompletableFuture@1d4d80d7[Not completed]
2019-07-14 02:54:47,156 INFO  storage.RaftStorageDirectory (RaftStorageDirectory.java:analyzeStorage(246)) - The storage directory /tmp/workdir/hadoop-ozone/integration-test/target/test-dir/MiniOzoneClusterImpl-da45e524-b34e-4865-9b65-cd88b92677e8/datanode-4/data/ratis/8a75d81e-2afa-42ba-8586-6cf11f53906a does not exist. Creating ...
2019-07-14 02:54:47,157 INFO  impl.RaftServerImpl (RaftServerImpl.java:<init>(93)) - 780b4315-a532-44cd-8655-7961763464f0: new RaftServerImpl for group-6CF11F53906A:[8edac3e3-437c-4f26-bd8a-97d18536c9cf:192.168.157.236:44050, cbe6c1e6-90cd-41b6-90e6-cc6f9192e6a1:192.168.157.236:35147, 780b4315-a532-44cd-8655-7961763464f0:192.168.157.236:38349] with ContainerStateMachine:uninitialized
2019-07-14 02:54:47,157 INFO  server.RaftServerConfigKeys (ConfUtils.java:logGet(43)) - raft.server.rpc.timeout.min = 5s (custom)
2019-07-14 02:54:47,158 INFO  server.RaftServerConfigKeys (ConfUtils.java:logGet(43)) - raft.server.rpc.timeout.max = 5200ms (custom)
2019-07-14 02:54:47,158 INFO  server.RaftServerConfigKeys (ConfUtils.java:logGet(43)) - raft.server.rpcslowness.timeout = 120s (custom)
2019-07-14 02:54:47,158 INFO  server.RaftServerConfigKeys (ConfUtils.java:logGet(43)) - raft.server.sleep.deviation.threshold = 300 (default)
2019-07-14 02:54:47,158 INFO  server.RaftServerConfigKeys (ConfUtils.java:logGet(43)) - raft.server.log.appender.install.snapshot.enabled = false (custom)
2019-07-14 02:54:47,158 INFO  impl.RaftServerImpl (RaftServerImpl.java:<init>(93)) - cbe6c1e6-90cd-41b6-90e6-cc6f9192e6a1: new RaftServerImpl for group-6CF11F53906A:[8edac3e3-437c-4f26-bd8a-97d18536c9cf:192.168.157.236:44050, cbe6c1e6-90cd-41b6-90e6-cc6f9192e6a1:192.168.157.236:35147, 780b4315-a532-44cd-8655-7961763464f0:192.168.157.236:38349] with ContainerStateMachine:uninitialized
2019-07-14 02:54:47,158 INFO  impl.RaftServerImpl (ServerState.java:<init>(105)) - 780b4315-a532-44cd-8655-7961763464f0:group-6CF11F53906A ConfigurationManager, init=-1: [8edac3e3-437c-4f26-bd8a-97d18536c9cf:192.168.157.236:44050, cbe6c1e6-90cd-41b6-90e6-cc6f9192e6a1:192.168.157.236:35147, 780b4315-a532-44cd-8655-7961763464f0:192.168.157.236:38349], old=null, confs=<EMPTY_MAP>
2019-07-14 02:54:47,158 INFO  server.RaftServerConfigKeys (ConfUtils.java:logGet(43)) - raft.server.rpc.timeout.min = 5s (custom)
2019-07-14 02:54:47,159 INFO  server.RaftServerConfigKeys (ConfUtils.java:logGet(43)) - raft.server.storage.dir = [/tmp/workdir/hadoop-ozone/integration-test/target/test-dir/MiniOzoneClusterImpl-da45e524-b34e-4865-9b65-cd88b92677e8/datanode-0/data/ratis] (custom)
2019-07-14 02:54:47,159 INFO  server.RaftServerConfigKeys (ConfUtils.java:logGet(43)) - raft.server.rpc.timeout.max = 5200ms (custom)
2019-07-14 02:54:47,159 INFO  server.RaftServerConfigKeys (ConfUtils.java:logGet(43)) - raft.server.rpcslowness.timeout = 120s (custom)
2019-07-14 02:54:47,159 INFO  storage.RaftStorageDirectory (RaftStorageDirectory.java:analyzeStorage(246)) - The storage directory /tmp/workdir/hadoop-ozone/integration-test/target/test-dir/MiniOzoneClusterImpl-da45e524-b34e-4865-9b65-cd88b92677e8/datanode-0/data/ratis/8a75d81e-2afa-42ba-8586-6cf11f53906a does not exist. Creating ...
2019-07-14 02:54:47,159 INFO  server.RaftServerConfigKeys (ConfUtils.java:logGet(43)) - raft.server.sleep.deviation.threshold = 300 (default)
2019-07-14 02:54:47,159 INFO  server.RaftServerConfigKeys (ConfUtils.java:logGet(43)) - raft.server.log.appender.install.snapshot.enabled = false (custom)
2019-07-14 02:54:47,160 INFO  impl.RaftServerImpl (ServerState.java:<init>(105)) - cbe6c1e6-90cd-41b6-90e6-cc6f9192e6a1:group-6CF11F53906A ConfigurationManager, init=-1: [8edac3e3-437c-4f26-bd8a-97d18536c9cf:192.168.157.236:44050, cbe6c1e6-90cd-41b6-90e6-cc6f9192e6a1:192.168.157.236:35147, 780b4315-a532-44cd-8655-7961763464f0:192.168.157.236:38349], old=null, confs=<EMPTY_MAP>
2019-07-14 02:54:47,160 INFO  server.RaftServerConfigKeys (ConfUtils.java:logGet(43)) - raft.server.storage.dir = [/tmp/workdir/hadoop-ozone/integration-test/target/test-dir/MiniOzoneClusterImpl-da45e524-b34e-4865-9b65-cd88b92677e8/datanode-2/data/ratis] (custom)
2019-07-14 02:54:47,160 INFO  storage.RaftStorageDirectory (RaftStorageDirectory.java:analyzeStorage(246)) - The storage directory /tmp/workdir/hadoop-ozone/integration-test/target/test-dir/MiniOzoneClusterImpl-da45e524-b34e-4865-9b65-cd88b92677e8/datanode-2/data/ratis/8a75d81e-2afa-42ba-8586-6cf11f53906a does not exist. Creating ...
2019-07-14 02:54:47,170 INFO  storage.RaftStorageDirectory (RaftStorageDirectory.java:tryLock(328)) - Lock on /tmp/workdir/hadoop-ozone/integration-test/target/test-dir/MiniOzoneClusterImpl-da45e524-b34e-4865-9b65-cd88b92677e8/datanode-0/data/ratis/8a75d81e-2afa-42ba-8586-6cf11f53906a/in_use.lock acquired by nodename 12206@trunk-nightly-k88cw-3644625431
2019-07-14 02:54:47,170 INFO  storage.RaftStorageDirectory (RaftStorageDirectory.java:tryLock(328)) - Lock on /tmp/workdir/hadoop-ozone/integration-test/target/test-dir/MiniOzoneClusterImpl-da45e524-b34e-4865-9b65-cd88b92677e8/datanode-2/data/ratis/8a75d81e-2afa-42ba-8586-6cf11f53906a/in_use.lock acquired by nodename 12206@trunk-nightly-k88cw-3644625431
2019-07-14 02:54:47,170 INFO  storage.RaftStorageDirectory (RaftStorageDirectory.java:tryLock(328)) - Lock on /tmp/workdir/hadoop-ozone/integration-test/target/test-dir/MiniOzoneClusterImpl-da45e524-b34e-4865-9b65-cd88b92677e8/datanode-4/data/ratis/8a75d81e-2afa-42ba-8586-6cf11f53906a/in_use.lock acquired by nodename 12206@trunk-nightly-k88cw-3644625431
2019-07-14 02:54:47,184 INFO  storage.RaftStorage (RaftStorage.java:format(72)) - Storage directory /tmp/workdir/hadoop-ozone/integration-test/target/test-dir/MiniOzoneClusterImpl-da45e524-b34e-4865-9b65-cd88b92677e8/datanode-4/data/ratis/8a75d81e-2afa-42ba-8586-6cf11f53906a has been successfully formatted.
2019-07-14 02:54:47,184 INFO  storage.RaftStorage (RaftStorage.java:format(72)) - Storage directory /tmp/workdir/hadoop-ozone/integration-test/target/test-dir/MiniOzoneClusterImpl-da45e524-b34e-4865-9b65-cd88b92677e8/datanode-0/data/ratis/8a75d81e-2afa-42ba-8586-6cf11f53906a has been successfully formatted.
2019-07-14 02:54:47,184 INFO  storage.RaftStorage (RaftStorage.java:format(72)) - Storage directory /tmp/workdir/hadoop-ozone/integration-test/target/test-dir/MiniOzoneClusterImpl-da45e524-b34e-4865-9b65-cd88b92677e8/datanode-2/data/ratis/8a75d81e-2afa-42ba-8586-6cf11f53906a has been successfully formatted.
2019-07-14 02:54:47,185 INFO  ratis.ContainerStateMachine (ContainerStateMachine.java:loadSnapshot(200)) - The snapshot info is null.Setting the last applied index to:(t:0, i:~)
2019-07-14 02:54:47,185 INFO  ratis.ContainerStateMachine (ContainerStateMachine.java:loadSnapshot(200)) - The snapshot info is null.Setting the last applied index to:(t:0, i:~)
2019-07-14 02:54:47,185 INFO  server.RaftServerConfigKeys (ConfUtils.java:logGet(43)) - raft.server.leader.election.timeout = 120s (custom)
2019-07-14 02:54:47,185 INFO  ratis.ContainerStateMachine (ContainerStateMachine.java:loadSnapshot(200)) - The snapshot info is null.Setting the last applied index to:(t:0, i:~)
2019-07-14 02:54:47,186 INFO  server.RaftServerConfigKeys (ConfUtils.java:logGet(43)) - raft.server.log.use.memory = false (default)
2019-07-14 02:54:47,185 INFO  server.RaftServerConfigKeys (ConfUtils.java:logGet(43)) - raft.server.leader.election.timeout = 120s (custom)
2019-07-14 02:54:47,186 INFO  server.RaftServerConfigKeys (ConfUtils.java:logGet(43)) - raft.server.log.purge.gap = 1000000000 (custom)
2019-07-14 02:54:47,186 INFO  server.RaftServerConfigKeys (ConfUtils.java:logGet(43)) - raft.server.leader.election.timeout = 120s (custom)
2019-07-14 02:54:47,186 INFO  server.RaftServerConfigKeys (ConfUtils.java:logGet(43)) - raft.server.log.appender.buffer.byte-limit = 33554432 (custom)
2019-07-14 02:54:47,186 INFO  server.RaftServerConfigKeys (ConfUtils.java:logGet(43)) - raft.server.log.use.memory = false (default)
2019-07-14 02:54:47,187 INFO  server.RaftServerConfigKeys (ConfUtils.java:logGet(43)) - raft.server.log.segment.size.max = 1048576 (custom)
2019-07-14 02:54:47,186 INFO  server.RaftServerConfigKeys (ConfUtils.java:logGet(43)) - raft.server.log.use.memory = false (default)
2019-07-14 02:54:47,187 INFO  server.RaftServerConfigKeys (ConfUtils.java:logGet(43)) - raft.server.log.segment.cache.num.max = 2 (custom)
2019-07-14 02:54:47,187 INFO  server.RaftServerConfigKeys (ConfUtils.java:logGet(43)) - raft.server.log.purge.gap = 1000000000 (custom)
2019-07-14 02:54:47,187 INFO  segmented.SegmentedRaftLogWorker (SegmentedRaftLogWorker.java:<init>(172)) - new 780b4315-a532-44cd-8655-7961763464f0-SegmentedRaftLogWorker:Storage Directory /tmp/workdir/hadoop-ozone/integration-test/target/test-dir/MiniOzoneClusterImpl-da45e524-b34e-4865-9b65-cd88b92677e8/datanode-0/data/ratis/8a75d81e-2afa-42ba-8586-6cf11f53906a for RaftStorage:Storage Directory /tmp/workdir/hadoop-ozone/integration-test/target/test-dir/MiniOzoneClusterImpl-da45e524-b34e-4865-9b65-cd88b92677e8/datanode-0/data/ratis/8a75d81e-2afa-42ba-8586-6cf11f53906a
2019-07-14 02:54:47,187 INFO  server.RaftServerConfigKeys (ConfUtils.java:logGet(43)) - raft.server.log.purge.gap = 1000000000 (custom)
2019-07-14 02:54:47,188 INFO  server.RaftServerConfigKeys (ConfUtils.java:logGet(43)) - raft.server.log.queue.byte-limit = 2147483647 (custom)
2019-07-14 02:54:47,187 INFO  server.RaftServerConfigKeys (ConfUtils.java:logGet(43)) - raft.server.log.appender.buffer.byte-limit = 33554432 (custom)
2019-07-14 02:54:47,189 INFO  server.RaftServerConfigKeys (ConfUtils.java:logGet(43)) - raft.server.log.queue.element-limit = 1024 (custom)
2019-07-14 02:54:47,188 INFO  server.RaftServerConfigKeys (ConfUtils.java:logGet(43)) - raft.server.log.appender.buffer.byte-limit = 33554432 (custom)
2019-07-14 02:54:47,190 INFO  server.RaftServerConfigKeys (ConfUtils.java:logGet(43)) - raft.server.log.segment.size.max = 1048576 (custom)
2019-07-14 02:54:47,190 INFO  server.RaftServerConfigKeys (ConfUtils.java:logGet(43)) - raft.server.log.segment.size.max = 1048576 (custom)
2019-07-14 02:54:47,190 INFO  server.RaftServerConfigKeys (ConfUtils.java:logGet(43)) - raft.server.log.preallocated.size = 16384 (custom)
2019-07-14 02:54:47,190 INFO  server.RaftServerConfigKeys (ConfUtils.java:logGet(43)) - raft.server.log.segment.size.max = 1048576 (custom)
2019-07-14 02:54:47,190 INFO  server.RaftServerConfigKeys (ConfUtils.java:logGet(43)) - raft.server.log.write.buffer.size = 33554432 (custom)
2019-07-14 02:54:47,190 INFO  server.RaftServerConfigKeys (ConfUtils.java:logGet(43)) - raft.server.log.segment.cache.num.max = 2 (custom)
2019-07-14 02:54:47,191 INFO  server.RaftServerConfigKeys (ConfUtils.java:logGet(43)) - raft.server.log.segment.cache.num.max = 2 (custom)
2019-07-14 02:54:47,191 INFO  segmented.SegmentedRaftLogWorker (SegmentedRaftLogWorker.java:<init>(172)) - new 8edac3e3-437c-4f26-bd8a-97d18536c9cf-SegmentedRaftLogWorker:Storage Directory /tmp/workdir/hadoop-ozone/integration-test/target/test-dir/MiniOzoneClusterImpl-da45e524-b34e-4865-9b65-cd88b92677e8/datanode-4/data/ratis/8a75d81e-2afa-42ba-8586-6cf11f53906a for RaftStorage:Storage Directory /tmp/workdir/hadoop-ozone/integration-test/target/test-dir/MiniOzoneClusterImpl-da45e524-b34e-4865-9b65-cd88b92677e8/datanode-4/data/ratis/8a75d81e-2afa-42ba-8586-6cf11f53906a
2019-07-14 02:54:47,191 INFO  server.RaftServerConfigKeys (ConfUtils.java:logGet(43)) - raft.server.log.force.sync.num = 128 (default)
2019-07-14 02:54:47,191 INFO  server.RaftServerConfigKeys (ConfUtils.java:logGet(43)) - raft.server.log.queue.byte-limit = 2147483647 (custom)
2019-07-14 02:54:47,191 INFO  segmented.SegmentedRaftLogWorker (SegmentedRaftLogWorker.java:<init>(172)) - new cbe6c1e6-90cd-41b6-90e6-cc6f9192e6a1-SegmentedRaftLogWorker:Storage Directory /tmp/workdir/hadoop-ozone/integration-test/target/test-dir/MiniOzoneClusterImpl-da45e524-b34e-4865-9b65-cd88b92677e8/datanode-2/data/ratis/8a75d81e-2afa-42ba-8586-6cf11f53906a for RaftStorage:Storage Directory /tmp/workdir/hadoop-ozone/integration-test/target/test-dir/MiniOzoneClusterImpl-da45e524-b34e-4865-9b65-cd88b92677e8/datanode-2/data/ratis/8a75d81e-2afa-42ba-8586-6cf11f53906a
2019-07-14 02:54:47,193 INFO  server.RaftServerConfigKeys (ConfUtils.java:logGet(43)) - raft.server.log.queue.element-limit = 1024 (custom)
2019-07-14 02:54:47,191 INFO  server.RaftServerConfigKeys (ConfUtils.java:logGet(43)) - raft.server.log.statemachine.data.sync = true (default)
2019-07-14 02:54:47,193 INFO  server.RaftServerConfigKeys (ConfUtils.java:logGet(43)) - raft.server.log.segment.size.max = 1048576 (custom)
2019-07-14 02:54:47,193 INFO  server.RaftServerConfigKeys (ConfUtils.java:logGet(43)) - raft.server.log.queue.byte-limit = 2147483647 (custom)
2019-07-14 02:54:47,196 INFO  server.RaftServerConfigKeys (ConfUtils.java:logGet(43)) - raft.server.log.preallocated.size = 16384 (custom)
2019-07-14 02:54:47,195 INFO  server.RaftServerConfigKeys (ConfUtils.java:logGet(43)) - raft.server.log.statemachine.data.sync.timeout = 10s (default)
2019-07-14 02:54:47,196 INFO  server.RaftServerConfigKeys (ConfUtils.java:logGet(43)) - raft.server.log.write.buffer.size = 33554432 (custom)
2019-07-14 02:54:47,196 INFO  server.RaftServerConfigKeys (ConfUtils.java:logGet(43)) - raft.server.log.queue.element-limit = 1024 (custom)
2019-07-14 02:54:47,196 INFO  server.RaftServerConfigKeys (ConfUtils.java:logGet(43)) - raft.server.log.force.sync.num = 128 (default)
2019-07-14 02:54:47,196 INFO  server.RaftServerConfigKeys (ConfUtils.java:logGet(43)) - raft.server.log.statemachine.data.sync.timeout.retry = -1 (default)
2019-07-14 02:54:47,197 INFO  server.RaftServerConfigKeys (ConfUtils.java:logGet(43)) - raft.server.log.statemachine.data.sync = true (default)
2019-07-14 02:54:47,197 INFO  server.RaftServerConfigKeys (ConfUtils.java:logGet(43)) - raft.server.log.segment.size.max = 1048576 (custom)
2019-07-14 02:54:47,197 INFO  server.RaftServerConfigKeys (ConfUtils.java:logGet(43)) - raft.server.log.statemachine.data.sync.timeout = 10s (default)
2019-07-14 02:54:47,197 INFO  server.RaftServerConfigKeys (ConfUtils.java:logGet(43)) - raft.server.log.statemachine.data.caching.enabled = true (custom)
2019-07-14 02:54:47,198 INFO  server.RaftServerConfigKeys (ConfUtils.java:logGet(43)) - raft.server.log.statemachine.data.sync.timeout.retry = -1 (default)
2019-07-14 02:54:47,197 INFO  server.RaftServerConfigKeys (ConfUtils.java:logGet(43)) - raft.server.log.preallocated.size = 16384 (custom)
2019-07-14 02:54:47,198 INFO  server.RaftServerConfigKeys (ConfUtils.java:logGet(43)) - raft.server.log.statemachine.data.caching.enabled = true (custom)
2019-07-14 02:54:47,198 INFO  segmented.SegmentedRaftLogWorker (SegmentedRaftLogWorker.java:lambda$new$0(132)) - 780b4315-a532-44cd-8655-7961763464f0-SegmentedRaftLogWorker:Storage Directory /tmp/workdir/hadoop-ozone/integration-test/target/test-dir/MiniOzoneClusterImpl-da45e524-b34e-4865-9b65-cd88b92677e8/datanode-0/data/ratis/8a75d81e-2afa-42ba-8586-6cf11f53906a: flushIndex: setUnconditionally 0 -> -1
2019-07-14 02:54:47,198 INFO  server.RaftServerConfigKeys (ConfUtils.java:logGet(43)) - raft.server.log.write.buffer.size = 33554432 (custom)
2019-07-14 02:54:47,198 INFO  segmented.SegmentedRaftLogWorker (SegmentedRaftLogWorker.java:lambda$new$0(132)) - 8edac3e3-437c-4f26-bd8a-97d18536c9cf-SegmentedRaftLogWorker:Storage Directory /tmp/workdir/hadoop-ozone/integration-test/target/test-dir/MiniOzoneClusterImpl-da45e524-b34e-4865-9b65-cd88b92677e8/datanode-4/data/ratis/8a75d81e-2afa-42ba-8586-6cf11f53906a: flushIndex: setUnconditionally 0 -> -1
2019-07-14 02:54:47,199 INFO  server.RaftServerConfigKeys (ConfUtils.java:logGet(43)) - raft.server.log.force.sync.num = 128 (default)
2019-07-14 02:54:47,199 INFO  server.RaftServerConfigKeys (ConfUtils.java:logGet(43)) - raft.server.snapshot.auto.trigger.enabled = true (custom)
2019-07-14 02:54:47,199 INFO  server.RaftServerConfigKeys (ConfUtils.java:logGet(43)) - raft.server.snapshot.auto.trigger.enabled = true (custom)
2019-07-14 02:54:47,199 INFO  server.RaftServerConfigKeys (ConfUtils.java:logGet(43)) - raft.server.snapshot.auto.trigger.threshold = 10000 (custom)
2019-07-14 02:54:47,199 INFO  server.RaftServerConfigKeys (ConfUtils.java:logGet(43)) - raft.server.log.statemachine.data.sync = true (default)
2019-07-14 02:54:47,200 INFO  server.RaftServerConfigKeys (ConfUtils.java:logGet(43)) - raft.server.retrycache.expirytime = 600000ms (custom)
2019-07-14 02:54:47,199 INFO  server.RaftServerConfigKeys (ConfUtils.java:logGet(43)) - raft.server.snapshot.auto.trigger.threshold = 10000 (custom)
2019-07-14 02:54:47,200 INFO  impl.RaftServerImpl (RaftServerImpl.java:start(180)) - 8edac3e3-437c-4f26-bd8a-97d18536c9cf: start group-6CF11F53906A
2019-07-14 02:54:47,200 INFO  server.RaftServerConfigKeys (ConfUtils.java:logGet(43)) - raft.server.log.statemachine.data.sync.timeout = 10s (default)
2019-07-14 02:54:47,200 INFO  impl.RaftServerImpl (RaftServerImpl.java:setRole(171)) - 8edac3e3-437c-4f26-bd8a-97d18536c9cf:group-6CF11F53906A changes role from null to FOLLOWER at term 0 for startAsFollower
2019-07-14 02:54:47,200 INFO  server.RaftServerConfigKeys (ConfUtils.java:logGet(43)) - raft.server.retrycache.expirytime = 600000ms (custom)
2019-07-14 02:54:47,201 INFO  impl.RoleInfo (RoleInfo.java:updateAndGet(143)) - 8edac3e3-437c-4f26-bd8a-97d18536c9cf: start FollowerState
2019-07-14 02:54:47,200 INFO  server.RaftServerConfigKeys (ConfUtils.java:logGet(43)) - raft.server.log.statemachine.data.sync.timeout.retry = -1 (default)
2019-07-14 02:54:47,201 INFO  impl.RaftServerImpl (RaftServerImpl.java:start(180)) - 780b4315-a532-44cd-8655-7961763464f0: start group-6CF11F53906A
2019-07-14 02:54:47,201 INFO  server.RaftServerConfigKeys (ConfUtils.java:logGet(43)) - raft.server.log.statemachine.data.caching.enabled = true (custom)
2019-07-14 02:54:47,201 INFO  impl.RaftServerImpl (RaftServerImpl.java:setRole(171)) - 780b4315-a532-44cd-8655-7961763464f0:group-6CF11F53906A changes role from null to FOLLOWER at term 0 for startAsFollower
2019-07-14 02:54:47,201 INFO  util.JmxRegister (JmxRegister.java:tryRegister(44)) - Successfully registered JMX Bean with object name Ratis:service=RaftServer,group=group-6CF11F53906A,id=8edac3e3-437c-4f26-bd8a-97d18536c9cf
2019-07-14 02:54:47,202 INFO  segmented.SegmentedRaftLogWorker (SegmentedRaftLogWorker.java:lambda$new$0(132)) - cbe6c1e6-90cd-41b6-90e6-cc6f9192e6a1-SegmentedRaftLogWorker:Storage Directory /tmp/workdir/hadoop-ozone/integration-test/target/test-dir/MiniOzoneClusterImpl-da45e524-b34e-4865-9b65-cd88b92677e8/datanode-2/data/ratis/8a75d81e-2afa-42ba-8586-6cf11f53906a: flushIndex: setUnconditionally 0 -> -1
2019-07-14 02:54:47,202 INFO  impl.RoleInfo (RoleInfo.java:updateAndGet(143)) - 780b4315-a532-44cd-8655-7961763464f0: start FollowerState
2019-07-14 02:54:47,202 INFO  server.RaftServerConfigKeys (ConfUtils.java:logGet(43)) - raft.server.snapshot.auto.trigger.enabled = true (custom)
2019-07-14 02:54:47,202 INFO  server.RaftServerConfigKeys (ConfUtils.java:logGet(43)) - raft.server.snapshot.auto.trigger.threshold = 10000 (custom)
2019-07-14 02:54:47,202 INFO  util.JmxRegister (JmxRegister.java:tryRegister(44)) - Successfully registered JMX Bean with object name Ratis:service=RaftServer,group=group-6CF11F53906A,id=780b4315-a532-44cd-8655-7961763464f0
2019-07-14 02:54:47,202 INFO  server.RaftServerConfigKeys (ConfUtils.java:logGet(43)) - raft.server.retrycache.expirytime = 600000ms (custom)
2019-07-14 02:54:47,203 INFO  impl.RaftServerImpl (RaftServerImpl.java:start(180)) - cbe6c1e6-90cd-41b6-90e6-cc6f9192e6a1: start group-6CF11F53906A
2019-07-14 02:54:47,203 INFO  impl.RaftServerImpl (RaftServerImpl.java:setRole(171)) - cbe6c1e6-90cd-41b6-90e6-cc6f9192e6a1:group-6CF11F53906A changes role from null to FOLLOWER at term 0 for startAsFollower
2019-07-14 02:54:47,203 INFO  impl.RoleInfo (RoleInfo.java:updateAndGet(143)) - cbe6c1e6-90cd-41b6-90e6-cc6f9192e6a1: start FollowerState
2019-07-14 02:54:47,204 INFO  util.JmxRegister (JmxRegister.java:tryRegister(44)) - Successfully registered JMX Bean with object name Ratis:service=RaftServer,group=group-6CF11F53906A,id=cbe6c1e6-90cd-41b6-90e6-cc6f9192e6a1
2019-07-14 02:54:47,227 INFO  pipeline.PipelineStateManager (PipelineStateManager.java:addPipeline(56)) - Created pipeline Pipeline[ Id: 8a75d81e-2afa-42ba-8586-6cf11f53906a, Nodes: 780b4315-a532-44cd-8655-7961763464f0{ip: 192.168.157.236, host: trunk-nightly-k88cw-3644625431, networkLocation: /default-rack, certSerialId: null}cbe6c1e6-90cd-41b6-90e6-cc6f9192e6a1{ip: 192.168.157.236, host: trunk-nightly-k88cw-3644625431, networkLocation: /default-rack, certSerialId: null}8edac3e3-437c-4f26-bd8a-97d18536c9cf{ip: 192.168.157.236, host: trunk-nightly-k88cw-3644625431, networkLocation: /default-rack, certSerialId: null}, Type:RATIS, Factor:THREE, State:OPEN]
2019-07-14 02:54:47,258 INFO  impl.RaftServerProxy (RaftServerProxy.java:addNew(89)) - 95ae6ec2-8596-4754-8976-7d4bf4a95b53: addNew group-199DD20D1CD7:[8242f012-6252-4e22-8df1-8449a96853c5:192.168.157.236:44121, 95ae6ec2-8596-4754-8976-7d4bf4a95b53:192.168.157.236:39314, 3b6bb59e-3a86-4ef2-9316-5cf57e18bbf0:192.168.157.236:38899] returns group-199DD20D1CD7:java.util.concurrent.CompletableFuture@3c6b0b78[Not completed]
2019-07-14 02:54:47,258 INFO  impl.RaftServerProxy (RaftServerProxy.java:addNew(89)) - 8242f012-6252-4e22-8df1-8449a96853c5: addNew group-199DD20D1CD7:[8242f012-6252-4e22-8df1-8449a96853c5:192.168.157.236:44121, 95ae6ec2-8596-4754-8976-7d4bf4a95b53:192.168.157.236:39314, 3b6bb59e-3a86-4ef2-9316-5cf57e18bbf0:192.168.157.236:38899] returns group-199DD20D1CD7:java.util.concurrent.CompletableFuture@5c708aec[Not completed]
2019-07-14 02:54:47,258 INFO  impl.RaftServerProxy (RaftServerProxy.java:addNew(89)) - 3b6bb59e-3a86-4ef2-9316-5cf57e18bbf0: addNew group-199DD20D1CD7:[8242f012-6252-4e22-8df1-8449a96853c5:192.168.157.236:44121, 95ae6ec2-8596-4754-8976-7d4bf4a95b53:192.168.157.236:39314, 3b6bb59e-3a86-4ef2-9316-5cf57e18bbf0:192.168.157.236:38899] returns group-199DD20D1CD7:java.util.concurrent.CompletableFuture@1906d5ac[Not completed]
2019-07-14 02:54:47,261 INFO  impl.RaftServerImpl (RaftServerImpl.java:<init>(93)) - 95ae6ec2-8596-4754-8976-7d4bf4a95b53: new RaftServerImpl for group-199DD20D1CD7:[8242f012-6252-4e22-8df1-8449a96853c5:192.168.157.236:44121, 95ae6ec2-8596-4754-8976-7d4bf4a95b53:192.168.157.236:39314, 3b6bb59e-3a86-4ef2-9316-5cf57e18bbf0:192.168.157.236:38899] with ContainerStateMachine:uninitialized
2019-07-14 02:54:47,261 INFO  server.RaftServerConfigKeys (ConfUtils.java:logGet(43)) - raft.server.rpc.timeout.min = 5s (custom)
2019-07-14 02:54:47,261 INFO  server.RaftServerConfigKeys (ConfUtils.java:logGet(43)) - raft.server.rpc.timeout.max = 5200ms (custom)
2019-07-14 02:54:47,261 INFO  server.RaftServerConfigKeys (ConfUtils.java:logGet(43)) - raft.server.rpcslowness.timeout = 120s (custom)
2019-07-14 02:54:47,262 INFO  server.RaftServerConfigKeys (ConfUtils.java:logGet(43)) - raft.server.sleep.deviation.threshold = 300 (default)
2019-07-14 02:54:47,262 INFO  server.RaftServerConfigKeys (ConfUtils.java:logGet(43)) - raft.server.log.appender.install.snapshot.enabled = false (custom)
2019-07-14 02:54:47,262 INFO  impl.RaftServerImpl (ServerState.java:<init>(105)) - 95ae6ec2-8596-4754-8976-7d4bf4a95b53:group-199DD20D1CD7 ConfigurationManager, init=-1: [8242f012-6252-4e22-8df1-8449a96853c5:192.168.157.236:44121, 95ae6ec2-8596-4754-8976-7d4bf4a95b53:192.168.157.236:39314, 3b6bb59e-3a86-4ef2-9316-5cf57e18bbf0:192.168.157.236:38899], old=null, confs=<EMPTY_MAP>
2019-07-14 02:54:47,262 INFO  server.RaftServerConfigKeys (ConfUtils.java:logGet(43)) - raft.server.storage.dir = [/tmp/workdir/hadoop-ozone/integration-test/target/test-dir/MiniOzoneClusterImpl-da45e524-b34e-4865-9b65-cd88b92677e8/datanode-5/data/ratis] (custom)
2019-07-14 02:54:47,262 INFO  impl.RaftServerImpl (RaftServerImpl.java:<init>(93)) - 8242f012-6252-4e22-8df1-8449a96853c5: new RaftServerImpl for group-199DD20D1CD7:[8242f012-6252-4e22-8df1-8449a96853c5:192.168.157.236:44121, 95ae6ec2-8596-4754-8976-7d4bf4a95b53:192.168.157.236:39314, 3b6bb59e-3a86-4ef2-9316-5cf57e18bbf0:192.168.157.236:38899] with ContainerStateMachine:uninitialized
2019-07-14 02:54:47,262 INFO  server.RaftServerConfigKeys (ConfUtils.java:logGet(43)) - raft.server.rpc.timeout.min = 5s (custom)
2019-07-14 02:54:47,262 INFO  storage.RaftStorageDirectory (RaftStorageDirectory.java:analyzeStorage(246)) - The storage directory /tmp/workdir/hadoop-ozone/integration-test/target/test-dir/MiniOzoneClusterImpl-da45e524-b34e-4865-9b65-cd88b92677e8/datanode-5/data/ratis/cb5ea906-b106-409c-9814-199dd20d1cd7 does not exist. Creating ...
2019-07-14 02:54:47,263 INFO  server.RaftServerConfigKeys (ConfUtils.java:logGet(43)) - raft.server.rpc.timeout.max = 5200ms (custom)
2019-07-14 02:54:47,263 INFO  server.RaftServerConfigKeys (ConfUtils.java:logGet(43)) - raft.server.rpcslowness.timeout = 120s (custom)
2019-07-14 02:54:47,263 INFO  server.RaftServerConfigKeys (ConfUtils.java:logGet(43)) - raft.server.sleep.deviation.threshold = 300 (default)
2019-07-14 02:54:47,263 INFO  impl.RaftServerImpl (RaftServerImpl.java:<init>(93)) - 3b6bb59e-3a86-4ef2-9316-5cf57e18bbf0: new RaftServerImpl for group-199DD20D1CD7:[8242f012-6252-4e22-8df1-8449a96853c5:192.168.157.236:44121, 95ae6ec2-8596-4754-8976-7d4bf4a95b53:192.168.157.236:39314, 3b6bb59e-3a86-4ef2-9316-5cf57e18bbf0:192.168.157.236:38899] with ContainerStateMachine:uninitialized
2019-07-14 02:54:47,263 INFO  server.RaftServerConfigKeys (ConfUtils.java:logGet(43)) - raft.server.log.appender.install.snapshot.enabled = false (custom)
2019-07-14 02:54:47,263 INFO  server.RaftServerConfigKeys (ConfUtils.java:logGet(43)) - raft.server.rpc.timeout.min = 5s (custom)
2019-07-14 02:54:47,264 INFO  impl.RaftServerImpl (ServerState.java:<init>(105)) - 8242f012-6252-4e22-8df1-8449a96853c5:group-199DD20D1CD7 ConfigurationManager, init=-1: [8242f012-6252-4e22-8df1-8449a96853c5:192.168.157.236:44121, 95ae6ec2-8596-4754-8976-7d4bf4a95b53:192.168.157.236:39314, 3b6bb59e-3a86-4ef2-9316-5cf57e18bbf0:192.168.157.236:38899], old=null, confs=<EMPTY_MAP>
2019-07-14 02:54:47,264 INFO  server.RaftServerConfigKeys (ConfUtils.java:logGet(43)) - raft.server.rpc.timeout.max = 5200ms (custom)
2019-07-14 02:54:47,264 INFO  server.RaftServerConfigKeys (ConfUtils.java:logGet(43)) - raft.server.rpcslowness.timeout = 120s (custom)
2019-07-14 02:54:47,264 INFO  server.RaftServerConfigKeys (ConfUtils.java:logGet(43)) - raft.server.storage.dir = [/tmp/workdir/hadoop-ozone/integration-test/target/test-dir/MiniOzoneClusterImpl-da45e524-b34e-4865-9b65-cd88b92677e8/datanode-1/data/ratis] (custom)
2019-07-14 02:54:47,264 INFO  server.RaftServerConfigKeys (ConfUtils.java:logGet(43)) - raft.server.sleep.deviation.threshold = 300 (default)
2019-07-14 02:54:47,264 INFO  server.RaftServerConfigKeys (ConfUtils.java:logGet(43)) - raft.server.log.appender.install.snapshot.enabled = false (custom)
2019-07-14 02:54:47,264 INFO  storage.RaftStorageDirectory (RaftStorageDirectory.java:analyzeStorage(246)) - The storage directory /tmp/workdir/hadoop-ozone/integration-test/target/test-dir/MiniOzoneClusterImpl-da45e524-b34e-4865-9b65-cd88b92677e8/datanode-1/data/ratis/cb5ea906-b106-409c-9814-199dd20d1cd7 does not exist. Creating ...
2019-07-14 02:54:47,264 INFO  impl.RaftServerImpl (ServerState.java:<init>(105)) - 3b6bb59e-3a86-4ef2-9316-5cf57e18bbf0:group-199DD20D1CD7 ConfigurationManager, init=-1: [8242f012-6252-4e22-8df1-8449a96853c5:192.168.157.236:44121, 95ae6ec2-8596-4754-8976-7d4bf4a95b53:192.168.157.236:39314, 3b6bb59e-3a86-4ef2-9316-5cf57e18bbf0:192.168.157.236:38899], old=null, confs=<EMPTY_MAP>
2019-07-14 02:54:47,265 INFO  server.RaftServerConfigKeys (ConfUtils.java:logGet(43)) - raft.server.storage.dir = [/tmp/workdir/hadoop-ozone/integration-test/target/test-dir/MiniOzoneClusterImpl-da45e524-b34e-4865-9b65-cd88b92677e8/datanode-6/data/ratis] (custom)
2019-07-14 02:54:47,265 INFO  storage.RaftStorageDirectory (RaftStorageDirectory.java:analyzeStorage(246)) - The storage directory /tmp/workdir/hadoop-ozone/integration-test/target/test-dir/MiniOzoneClusterImpl-da45e524-b34e-4865-9b65-cd88b92677e8/datanode-6/data/ratis/cb5ea906-b106-409c-9814-199dd20d1cd7 does not exist. Creating ...
2019-07-14 02:54:47,303 INFO  storage.RaftStorageDirectory (RaftStorageDirectory.java:tryLock(328)) - Lock on /tmp/workdir/hadoop-ozone/integration-test/target/test-dir/MiniOzoneClusterImpl-da45e524-b34e-4865-9b65-cd88b92677e8/datanode-6/data/ratis/cb5ea906-b106-409c-9814-199dd20d1cd7/in_use.lock acquired by nodename 12206@trunk-nightly-k88cw-3644625431
2019-07-14 02:54:47,303 INFO  storage.RaftStorageDirectory (RaftStorageDirectory.java:tryLock(328)) - Lock on /tmp/workdir/hadoop-ozone/integration-test/target/test-dir/MiniOzoneClusterImpl-da45e524-b34e-4865-9b65-cd88b92677e8/datanode-1/data/ratis/cb5ea906-b106-409c-9814-199dd20d1cd7/in_use.lock acquired by nodename 12206@trunk-nightly-k88cw-3644625431
2019-07-14 02:54:47,303 INFO  storage.RaftStorageDirectory (RaftStorageDirectory.java:tryLock(328)) - Lock on /tmp/workdir/hadoop-ozone/integration-test/target/test-dir/MiniOzoneClusterImpl-da45e524-b34e-4865-9b65-cd88b92677e8/datanode-5/data/ratis/cb5ea906-b106-409c-9814-199dd20d1cd7/in_use.lock acquired by nodename 12206@trunk-nightly-k88cw-3644625431
2019-07-14 02:54:47,310 INFO  storage.RaftStorage (RaftStorage.java:format(72)) - Storage directory /tmp/workdir/hadoop-ozone/integration-test/target/test-dir/MiniOzoneClusterImpl-da45e524-b34e-4865-9b65-cd88b92677e8/datanode-1/data/ratis/cb5ea906-b106-409c-9814-199dd20d1cd7 has been successfully formatted.
2019-07-14 02:54:47,310 INFO  storage.RaftStorage (RaftStorage.java:format(72)) - Storage directory /tmp/workdir/hadoop-ozone/integration-test/target/test-dir/MiniOzoneClusterImpl-da45e524-b34e-4865-9b65-cd88b92677e8/datanode-5/data/ratis/cb5ea906-b106-409c-9814-199dd20d1cd7 has been successfully formatted.
2019-07-14 02:54:47,310 INFO  storage.RaftStorage (RaftStorage.java:format(72)) - Storage directory /tmp/workdir/hadoop-ozone/integration-test/target/test-dir/MiniOzoneClusterImpl-da45e524-b34e-4865-9b65-cd88b92677e8/datanode-6/data/ratis/cb5ea906-b106-409c-9814-199dd20d1cd7 has been successfully formatted.
2019-07-14 02:54:47,311 INFO  ratis.ContainerStateMachine (ContainerStateMachine.java:loadSnapshot(200)) - The snapshot info is null.Setting the last applied index to:(t:0, i:~)
2019-07-14 02:54:47,310 INFO  ratis.ContainerStateMachine (ContainerStateMachine.java:loadSnapshot(200)) - The snapshot info is null.Setting the last applied index to:(t:0, i:~)
2019-07-14 02:54:47,311 INFO  server.RaftServerConfigKeys (ConfUtils.java:logGet(43)) - raft.server.leader.election.timeout = 120s (custom)
2019-07-14 02:54:47,311 INFO  ratis.ContainerStateMachine (ContainerStateMachine.java:loadSnapshot(200)) - The snapshot info is null.Setting the last applied index to:(t:0, i:~)
2019-07-14 02:54:47,311 INFO  server.RaftServerConfigKeys (ConfUtils.java:logGet(43)) - raft.server.log.use.memory = false (default)
2019-07-14 02:54:47,311 INFO  server.RaftServerConfigKeys (ConfUtils.java:logGet(43)) - raft.server.leader.election.timeout = 120s (custom)
2019-07-14 02:54:47,311 INFO  server.RaftServerConfigKeys (ConfUtils.java:logGet(43)) - raft.server.log.purge.gap = 1000000000 (custom)
2019-07-14 02:54:47,311 INFO  server.RaftServerConfigKeys (ConfUtils.java:logGet(43)) - raft.server.leader.election.timeout = 120s (custom)
2019-07-14 02:54:47,312 INFO  server.RaftServerConfigKeys (ConfUtils.java:logGet(43)) - raft.server.log.appender.buffer.byte-limit = 33554432 (custom)
2019-07-14 02:54:47,312 INFO  server.RaftServerConfigKeys (ConfUtils.java:logGet(43)) - raft.server.log.use.memory = false (default)
2019-07-14 02:54:47,312 INFO  server.RaftServerConfigKeys (ConfUtils.java:logGet(43)) - raft.server.log.segment.size.max = 1048576 (custom)
2019-07-14 02:54:47,312 INFO  server.RaftServerConfigKeys (ConfUtils.java:logGet(43)) - raft.server.log.use.memory = false (default)
2019-07-14 02:54:47,313 INFO  server.RaftServerConfigKeys (ConfUtils.java:logGet(43)) - raft.server.log.segment.cache.num.max = 2 (custom)
2019-07-14 02:54:47,312 INFO  server.RaftServerConfigKeys (ConfUtils.java:logGet(43)) - raft.server.log.purge.gap = 1000000000 (custom)
2019-07-14 02:54:47,313 INFO  segmented.SegmentedRaftLogWorker (SegmentedRaftLogWorker.java:<init>(172)) - new 95ae6ec2-8596-4754-8976-7d4bf4a95b53-SegmentedRaftLogWorker:Storage Directory /tmp/workdir/hadoop-ozone/integration-test/target/test-dir/MiniOzoneClusterImpl-da45e524-b34e-4865-9b65-cd88b92677e8/datanode-5/data/ratis/cb5ea906-b106-409c-9814-199dd20d1cd7 for RaftStorage:Storage Directory /tmp/workdir/hadoop-ozone/integration-test/target/test-dir/MiniOzoneClusterImpl-da45e524-b34e-4865-9b65-cd88b92677e8/datanode-5/data/ratis/cb5ea906-b106-409c-9814-199dd20d1cd7
2019-07-14 02:54:47,313 INFO  server.RaftServerConfigKeys (ConfUtils.java:logGet(43)) - raft.server.log.purge.gap = 1000000000 (custom)
2019-07-14 02:54:47,313 INFO  server.RaftServerConfigKeys (ConfUtils.java:logGet(43)) - raft.server.log.queue.byte-limit = 2147483647 (custom)
2019-07-14 02:54:47,313 INFO  server.RaftServerConfigKeys (ConfUtils.java:logGet(43)) - raft.server.log.appender.buffer.byte-limit = 33554432 (custom)
2019-07-14 02:54:47,315 INFO  server.RaftServerConfigKeys (ConfUtils.java:logGet(43)) - raft.server.log.queue.element-limit = 1024 (custom)
2019-07-14 02:54:47,314 INFO  server.RaftServerConfigKeys (ConfUtils.java:logGet(43)) - raft.server.log.appender.buffer.byte-limit = 33554432 (custom)
2019-07-14 02:54:47,315 INFO  server.RaftServerConfigKeys (ConfUtils.java:logGet(43)) - raft.server.log.segment.size.max = 1048576 (custom)
2019-07-14 02:54:47,315 INFO  server.RaftServerConfigKeys (ConfUtils.java:logGet(43)) - raft.server.log.segment.size.max = 1048576 (custom)
2019-07-14 02:54:47,316 INFO  server.RaftServerConfigKeys (ConfUtils.java:logGet(43)) - raft.server.log.preallocated.size = 16384 (custom)
2019-07-14 02:54:47,316 INFO  server.RaftServerConfigKeys (ConfUtils.java:logGet(43)) - raft.server.log.segment.size.max = 1048576 (custom)
2019-07-14 02:54:47,316 INFO  server.RaftServerConfigKeys (ConfUtils.java:logGet(43)) - raft.server.log.write.buffer.size = 33554432 (custom)
2019-07-14 02:54:47,316 INFO  server.RaftServerConfigKeys (ConfUtils.java:logGet(43)) - raft.server.log.segment.cache.num.max = 2 (custom)
2019-07-14 02:54:47,316 INFO  server.RaftServerConfigKeys (ConfUtils.java:logGet(43)) - raft.server.log.force.sync.num = 128 (default)
2019-07-14 02:54:47,316 INFO  server.RaftServerConfigKeys (ConfUtils.java:logGet(43)) - raft.server.log.segment.cache.num.max = 2 (custom)
2019-07-14 02:54:47,317 INFO  server.RaftServerConfigKeys (ConfUtils.java:logGet(43)) - raft.server.log.statemachine.data.sync = true (default)
2019-07-14 02:54:47,317 INFO  segmented.SegmentedRaftLogWorker (SegmentedRaftLogWorker.java:<init>(172)) - new 8242f012-6252-4e22-8df1-8449a96853c5-SegmentedRaftLogWorker:Storage Directory /tmp/workdir/hadoop-ozone/integration-test/target/test-dir/MiniOzoneClusterImpl-da45e524-b34e-4865-9b65-cd88b92677e8/datanode-1/data/ratis/cb5ea906-b106-409c-9814-199dd20d1cd7 for RaftStorage:Storage Directory /tmp/workdir/hadoop-ozone/integration-test/target/test-dir/MiniOzoneClusterImpl-da45e524-b34e-4865-9b65-cd88b92677e8/datanode-1/data/ratis/cb5ea906-b106-409c-9814-199dd20d1cd7
2019-07-14 02:54:47,317 INFO  server.RaftServerConfigKeys (ConfUtils.java:logGet(43)) - raft.server.log.statemachine.data.sync.timeout = 10s (default)
2019-07-14 02:54:47,317 INFO  segmented.SegmentedRaftLogWorker (SegmentedRaftLogWorker.java:<init>(172)) - new 3b6bb59e-3a86-4ef2-9316-5cf57e18bbf0-SegmentedRaftLogWorker:Storage Directory /tmp/workdir/hadoop-ozone/integration-test/target/test-dir/MiniOzoneClusterImpl-da45e524-b34e-4865-9b65-cd88b92677e8/datanode-6/data/ratis/cb5ea906-b106-409c-9814-199dd20d1cd7 for RaftStorage:Storage Directory /tmp/workdir/hadoop-ozone/integration-test/target/test-dir/MiniOzoneClusterImpl-da45e524-b34e-4865-9b65-cd88b92677e8/datanode-6/data/ratis/cb5ea906-b106-409c-9814-199dd20d1cd7
2019-07-14 02:54:47,318 INFO  server.RaftServerConfigKeys (ConfUtils.java:logGet(43)) - raft.server.log.statemachine.data.sync.timeout.retry = -1 (default)
2019-07-14 02:54:47,317 INFO  server.RaftServerConfigKeys (ConfUtils.java:logGet(43)) - raft.server.log.queue.byte-limit = 2147483647 (custom)
2019-07-14 02:54:47,324 INFO  server.RaftServerConfigKeys (ConfUtils.java:logGet(43)) - raft.server.log.queue.byte-limit = 2147483647 (custom)
2019-07-14 02:54:47,324 INFO  server.RaftServerConfigKeys (ConfUtils.java:logGet(43)) - raft.server.log.queue.element-limit = 1024 (custom)
2019-07-14 02:54:47,324 INFO  server.RaftServerConfigKeys (ConfUtils.java:logGet(43)) - raft.server.log.statemachine.data.caching.enabled = true (custom)
2019-07-14 02:54:47,326 INFO  server.RaftServerConfigKeys (ConfUtils.java:logGet(43)) - raft.server.log.segment.size.max = 1048576 (custom)
2019-07-14 02:54:47,324 INFO  server.RaftServerConfigKeys (ConfUtils.java:logGet(43)) - raft.server.log.queue.element-limit = 1024 (custom)
2019-07-14 02:54:47,326 INFO  segmented.SegmentedRaftLogWorker (SegmentedRaftLogWorker.java:lambda$new$0(132)) - 95ae6ec2-8596-4754-8976-7d4bf4a95b53-SegmentedRaftLogWorker:Storage Directory /tmp/workdir/hadoop-ozone/integration-test/target/test-dir/MiniOzoneClusterImpl-da45e524-b34e-4865-9b65-cd88b92677e8/datanode-5/data/ratis/cb5ea906-b106-409c-9814-199dd20d1cd7: flushIndex: setUnconditionally 0 -> -1
2019-07-14 02:54:47,326 INFO  server.RaftServerConfigKeys (ConfUtils.java:logGet(43)) - raft.server.log.preallocated.size = 16384 (custom)
2019-07-14 02:54:47,326 INFO  server.RaftServerConfigKeys (ConfUtils.java:logGet(43)) - raft.server.log.segment.size.max = 1048576 (custom)
2019-07-14 02:54:47,327 INFO  server.RaftServerConfigKeys (ConfUtils.java:logGet(43)) - raft.server.snapshot.auto.trigger.enabled = true (custom)
2019-07-14 02:54:47,327 INFO  server.RaftServerConfigKeys (ConfUtils.java:logGet(43)) - raft.server.log.write.buffer.size = 33554432 (custom)
2019-07-14 02:54:47,327 INFO  server.RaftServerConfigKeys (ConfUtils.java:logGet(43)) - raft.server.snapshot.auto.trigger.threshold = 10000 (custom)
2019-07-14 02:54:47,327 INFO  server.RaftServerConfigKeys (ConfUtils.java:logGet(43)) - raft.server.log.preallocated.size = 16384 (custom)
2019-07-14 02:54:47,328 INFO  server.RaftServerConfigKeys (ConfUtils.java:logGet(43)) - raft.server.retrycache.expirytime = 600000ms (custom)
2019-07-14 02:54:47,327 INFO  server.RaftServerConfigKeys (ConfUtils.java:logGet(43)) - raft.server.log.force.sync.num = 128 (default)
2019-07-14 02:54:47,328 INFO  impl.RaftServerImpl (RaftServerImpl.java:start(180)) - 95ae6ec2-8596-4754-8976-7d4bf4a95b53: start group-199DD20D1CD7
2019-07-14 02:54:47,328 INFO  impl.RaftServerImpl (RaftServerImpl.java:setRole(171)) - 95ae6ec2-8596-4754-8976-7d4bf4a95b53:group-199DD20D1CD7 changes role from null to FOLLOWER at term 0 for startAsFollower
2019-07-14 02:54:47,328 INFO  server.RaftServerConfigKeys (ConfUtils.java:logGet(43)) - raft.server.log.write.buffer.size = 33554432 (custom)
2019-07-14 02:54:47,329 INFO  impl.RoleInfo (RoleInfo.java:updateAndGet(143)) - 95ae6ec2-8596-4754-8976-7d4bf4a95b53: start FollowerState
2019-07-14 02:54:47,328 INFO  server.RaftServerConfigKeys (ConfUtils.java:logGet(43)) - raft.server.log.statemachine.data.sync = true (default)
2019-07-14 02:54:47,329 INFO  server.RaftServerConfigKeys (ConfUtils.java:logGet(43)) - raft.server.log.force.sync.num = 128 (default)
2019-07-14 02:54:47,329 INFO  util.JmxRegister (JmxRegister.java:tryRegister(44)) - Successfully registered JMX Bean with object name Ratis:service=RaftServer,group=group-199DD20D1CD7,id=95ae6ec2-8596-4754-8976-7d4bf4a95b53
2019-07-14 02:54:47,329 INFO  server.RaftServerConfigKeys (ConfUtils.java:logGet(43)) - raft.server.log.statemachine.data.sync.timeout = 10s (default)
2019-07-14 02:54:47,329 INFO  server.RaftServerConfigKeys (ConfUtils.java:logGet(43)) - raft.server.log.statemachine.data.sync = true (default)
2019-07-14 02:54:47,330 INFO  server.RaftServerConfigKeys (ConfUtils.java:logGet(43)) - raft.server.log.statemachine.data.sync.timeout.retry = -1 (default)
2019-07-14 02:54:47,330 INFO  server.RaftServerConfigKeys (ConfUtils.java:logGet(43)) - raft.server.log.statemachine.data.sync.timeout = 10s (default)
2019-07-14 02:54:47,330 INFO  server.RaftServerConfigKeys (ConfUtils.java:logGet(43)) - raft.server.log.statemachine.data.caching.enabled = true (custom)
2019-07-14 02:54:47,330 INFO  server.RaftServerConfigKeys (ConfUtils.java:logGet(43)) - raft.server.log.statemachine.data.sync.timeout.retry = -1 (default)
2019-07-14 02:54:47,331 INFO  server.RaftServerConfigKeys (ConfUtils.java:logGet(43)) - raft.server.log.statemachine.data.caching.enabled = true (custom)
2019-07-14 02:54:47,331 INFO  segmented.SegmentedRaftLogWorker (SegmentedRaftLogWorker.java:lambda$new$0(132)) - 8242f012-6252-4e22-8df1-8449a96853c5-SegmentedRaftLogWorker:Storage Directory /tmp/workdir/hadoop-ozone/integration-test/target/test-dir/MiniOzoneClusterImpl-da45e524-b34e-4865-9b65-cd88b92677e8/datanode-1/data/ratis/cb5ea906-b106-409c-9814-199dd20d1cd7: flushIndex: setUnconditionally 0 -> -1
2019-07-14 02:54:47,331 INFO  segmented.SegmentedRaftLogWorker (SegmentedRaftLogWorker.java:lambda$new$0(132)) - 3b6bb59e-3a86-4ef2-9316-5cf57e18bbf0-SegmentedRaftLogWorker:Storage Directory /tmp/workdir/hadoop-ozone/integration-test/target/test-dir/MiniOzoneClusterImpl-da45e524-b34e-4865-9b65-cd88b92677e8/datanode-6/data/ratis/cb5ea906-b106-409c-9814-199dd20d1cd7: flushIndex: setUnconditionally 0 -> -1
2019-07-14 02:54:47,332 INFO  server.RaftServerConfigKeys (ConfUtils.java:logGet(43)) - raft.server.snapshot.auto.trigger.enabled = true (custom)
2019-07-14 02:54:47,334 INFO  server.RaftServerConfigKeys (ConfUtils.java:logGet(43)) - raft.server.snapshot.auto.trigger.threshold = 10000 (custom)
2019-07-14 02:54:47,334 INFO  server.RaftServerConfigKeys (ConfUtils.java:logGet(43)) - raft.server.snapshot.auto.trigger.enabled = true (custom)
2019-07-14 02:54:47,334 INFO  server.RaftServerConfigKeys (ConfUtils.java:logGet(43)) - raft.server.retrycache.expirytime = 600000ms (custom)
2019-07-14 02:54:47,334 INFO  server.RaftServerConfigKeys (ConfUtils.java:logGet(43)) - raft.server.snapshot.auto.trigger.threshold = 10000 (custom)
2019-07-14 02:54:47,336 INFO  impl.RaftServerImpl (RaftServerImpl.java:start(180)) - 8242f012-6252-4e22-8df1-8449a96853c5: start group-199DD20D1CD7
2019-07-14 02:54:47,336 INFO  impl.RaftServerImpl (RaftServerImpl.java:setRole(171)) - 8242f012-6252-4e22-8df1-8449a96853c5:group-199DD20D1CD7 changes role from null to FOLLOWER at term 0 for startAsFollower
2019-07-14 02:54:47,336 INFO  server.RaftServerConfigKeys (ConfUtils.java:logGet(43)) - raft.server.retrycache.expirytime = 600000ms (custom)
2019-07-14 02:54:47,336 INFO  impl.RoleInfo (RoleInfo.java:updateAndGet(143)) - 8242f012-6252-4e22-8df1-8449a96853c5: start FollowerState
2019-07-14 02:54:47,338 INFO  impl.RaftServerImpl (RaftServerImpl.java:start(180)) - 3b6bb59e-3a86-4ef2-9316-5cf57e18bbf0: start group-199DD20D1CD7
2019-07-14 02:54:47,340 INFO  impl.RaftServerImpl (RaftServerImpl.java:setRole(171)) - 3b6bb59e-3a86-4ef2-9316-5cf57e18bbf0:group-199DD20D1CD7 changes role from null to FOLLOWER at term 0 for startAsFollower
2019-07-14 02:54:47,340 INFO  util.JmxRegister (JmxRegister.java:tryRegister(44)) - Successfully registered JMX Bean with object name Ratis:service=RaftServer,group=group-199DD20D1CD7,id=8242f012-6252-4e22-8df1-8449a96853c5
2019-07-14 02:54:47,340 INFO  impl.RoleInfo (RoleInfo.java:updateAndGet(143)) - 3b6bb59e-3a86-4ef2-9316-5cf57e18bbf0: start FollowerState
2019-07-14 02:54:47,341 INFO  util.JmxRegister (JmxRegister.java:tryRegister(44)) - Successfully registered JMX Bean with object name Ratis:service=RaftServer,group=group-199DD20D1CD7,id=3b6bb59e-3a86-4ef2-9316-5cf57e18bbf0
2019-07-14 02:54:47,354 INFO  pipeline.PipelineStateManager (PipelineStateManager.java:addPipeline(56)) - Created pipeline Pipeline[ Id: cb5ea906-b106-409c-9814-199dd20d1cd7, Nodes: 8242f012-6252-4e22-8df1-8449a96853c5{ip: 192.168.157.236, host: trunk-nightly-k88cw-3644625431, networkLocation: /default-rack, certSerialId: null}95ae6ec2-8596-4754-8976-7d4bf4a95b53{ip: 192.168.157.236, host: trunk-nightly-k88cw-3644625431, networkLocation: /default-rack, certSerialId: null}3b6bb59e-3a86-4ef2-9316-5cf57e18bbf0{ip: 192.168.157.236, host: trunk-nightly-k88cw-3644625431, networkLocation: /default-rack, certSerialId: null}, Type:RATIS, Factor:THREE, State:OPEN]
2019-07-14 02:54:47,480 INFO  ozone.MiniOzoneClusterImpl (MiniOzoneClusterImpl.java:lambda$waitForClusterToBeReady$0(142)) - Cluster is ready. Got 7 of 7 DN Heartbeats.
2019-07-14 02:54:47,806 INFO  rpc.RpcClient (RpcClient.java:createVolume(287)) - Creating Volume: watchforcommithandlingtest, with jenkins1000 as owner.
2019-07-14 02:54:47,865 INFO  rpc.RpcClient (RpcClient.java:createBucket(424)) - Creating Bucket: watchforcommithandlingtest/watchforcommithandlingtest, with Versioning false and Storage Type set to DISK and Encryption set to false 
2019-07-14 02:54:47,886 INFO  ozone.MiniOzoneClusterImpl (MiniOzoneClusterImpl.java:getStorageContainerLocationClient(241)) - Creating StorageContainerLocationProtocol RPC client with address /0.0.0.0:37747
2019-07-14 02:54:48,146 INFO  client.GrpcClientProtocolClient (GrpcClientProtocolClient.java:onNext(255)) - client-1EE4A56D617A->8242f012-6252-4e22-8df1-8449a96853c5: receive RaftClientReply:client-1EE4A56D617A->8242f012-6252-4e22-8df1-8449a96853c5@group-199DD20D1CD7, cid=13, FAILED org.apache.ratis.protocol.NotLeaderException: Server 8242f012-6252-4e22-8df1-8449a96853c5 is not the leader (null). Request must be sent to leader., logIndex=0, commits[8242f012-6252-4e22-8df1-8449a96853c5:c-1]
2019-07-14 02:54:48,367 INFO  container.ReplicationManager (ReplicationManager.java:start(155)) - Starting Replication Monitor Thread.
2019-07-14 02:54:48,371 INFO  container.ReplicationManager (ReplicationManager.java:run(207)) - Replication Monitor Thread took 4 milliseconds for processing 1 containers.
2019-07-14 02:54:49,195 INFO  client.GrpcClientProtocolClient (GrpcClientProtocolClient.java:onNext(255)) - client-1EE4A56D617A->95ae6ec2-8596-4754-8976-7d4bf4a95b53: receive RaftClientReply:client-1EE4A56D617A->95ae6ec2-8596-4754-8976-7d4bf4a95b53@group-199DD20D1CD7, cid=13, FAILED org.apache.ratis.protocol.NotLeaderException: Server 95ae6ec2-8596-4754-8976-7d4bf4a95b53 is not the leader (null). Request must be sent to leader., logIndex=0, commits[95ae6ec2-8596-4754-8976-7d4bf4a95b53:c-1]
2019-07-14 02:54:50,225 INFO  client.GrpcClientProtocolClient (GrpcClientProtocolClient.java:onNext(255)) - client-1EE4A56D617A->8242f012-6252-4e22-8df1-8449a96853c5: receive RaftClientReply:client-1EE4A56D617A->8242f012-6252-4e22-8df1-8449a96853c5@group-199DD20D1CD7, cid=13, FAILED org.apache.ratis.protocol.NotLeaderException: Server 8242f012-6252-4e22-8df1-8449a96853c5 is not the leader (null). Request must be sent to leader., logIndex=0, commits[8242f012-6252-4e22-8df1-8449a96853c5:c-1]
2019-07-14 02:54:51,249 INFO  client.GrpcClientProtocolClient (GrpcClientProtocolClient.java:onNext(255)) - client-1EE4A56D617A->95ae6ec2-8596-4754-8976-7d4bf4a95b53: receive RaftClientReply:client-1EE4A56D617A->95ae6ec2-8596-4754-8976-7d4bf4a95b53@group-199DD20D1CD7, cid=13, FAILED org.apache.ratis.protocol.NotLeaderException: Server 95ae6ec2-8596-4754-8976-7d4bf4a95b53 is not the leader (null). Request must be sent to leader., logIndex=0, commits[95ae6ec2-8596-4754-8976-7d4bf4a95b53:c-1]
2019-07-14 02:54:51,628 INFO  impl.FollowerState (FollowerState.java:run(106)) - 780b4315-a532-44cd-8655-7961763464f0:group-BE6F9037BAFD changes to CANDIDATE, lastRpcTime:5138, electionTimeout:5137ms
2019-07-14 02:54:51,629 INFO  impl.RoleInfo (RoleInfo.java:shutdownFollowerState(121)) - 780b4315-a532-44cd-8655-7961763464f0: shutdown FollowerState
2019-07-14 02:54:51,629 INFO  impl.RaftServerImpl (RaftServerImpl.java:setRole(171)) - 780b4315-a532-44cd-8655-7961763464f0:group-BE6F9037BAFD changes role from FOLLOWER to CANDIDATE at term 0 for changeToCandidate
2019-07-14 02:54:51,636 INFO  impl.RoleInfo (RoleInfo.java:updateAndGet(143)) - 780b4315-a532-44cd-8655-7961763464f0: start LeaderElection
2019-07-14 02:54:51,657 INFO  impl.LeaderElection (LeaderElection.java:askForVotes(181)) - 780b4315-a532-44cd-8655-7961763464f0:group-BE6F9037BAFD:LeaderElection1: begin an election at term 1 for -1: [780b4315-a532-44cd-8655-7961763464f0:192.168.157.236:38349], old=null
2019-07-14 02:54:51,659 INFO  impl.RoleInfo (RoleInfo.java:shutdownLeaderElection(134)) - 780b4315-a532-44cd-8655-7961763464f0: shutdown LeaderElection
2019-07-14 02:54:51,660 INFO  impl.RaftServerImpl (RaftServerImpl.java:setRole(171)) - 780b4315-a532-44cd-8655-7961763464f0:group-BE6F9037BAFD changes role from CANDIDATE to LEADER at term 1 for changeToLeader
2019-07-14 02:54:51,660 INFO  impl.RaftServerImpl (ServerState.java:setLeader(263)) - 780b4315-a532-44cd-8655-7961763464f0:group-BE6F9037BAFD change Leader from null to 780b4315-a532-44cd-8655-7961763464f0 at term 1 for becomeLeader, leader elected after 5260ms
2019-07-14 02:54:51,671 INFO  server.RaftServerConfigKeys (ConfUtils.java:logGet(43)) - raft.server.staging.catchup.gap = 1000 (default)
2019-07-14 02:54:51,671 INFO  server.RaftServerConfigKeys (ConfUtils.java:logGet(43)) - raft.server.rpc.sleep.time = 25ms (default)
2019-07-14 02:54:51,675 INFO  server.RaftServerConfigKeys (ConfUtils.java:logGet(43)) - raft.server.write.element-limit = 4096 (default)
2019-07-14 02:54:51,678 INFO  server.RaftServerConfigKeys (ConfUtils.java:logGet(43)) - raft.server.watch.timeout = 10s (default)
2019-07-14 02:54:51,678 INFO  server.RaftServerConfigKeys (ConfUtils.java:logGet(43)) - raft.server.watch.timeout.denomination = 1s (default)
2019-07-14 02:54:51,679 INFO  server.RaftServerConfigKeys (ConfUtils.java:logGet(43)) - raft.server.watch.element-limit = 65536 (default)
2019-07-14 02:54:51,690 INFO  impl.RoleInfo (RoleInfo.java:updateAndGet(143)) - 780b4315-a532-44cd-8655-7961763464f0: start LeaderState
2019-07-14 02:54:51,716 INFO  segmented.SegmentedRaftLogWorker (SegmentedRaftLogWorker.java:startLogSegment(380)) - 780b4315-a532-44cd-8655-7961763464f0-SegmentedRaftLogWorker:Storage Directory /tmp/workdir/hadoop-ozone/integration-test/target/test-dir/MiniOzoneClusterImpl-da45e524-b34e-4865-9b65-cd88b92677e8/datanode-0/data/ratis/5ab752d2-c66b-470a-b516-be6f9037bafd: Starting segment from index:0
2019-07-14 02:54:51,726 INFO  impl.RaftServerImpl (ServerState.java:setRaftConf(361)) - 780b4315-a532-44cd-8655-7961763464f0:group-BE6F9037BAFD set configuration 0: [780b4315-a532-44cd-8655-7961763464f0:192.168.157.236:38349], old=null at 0
2019-07-14 02:54:51,848 INFO  impl.FollowerState (FollowerState.java:run(106)) - cbe6c1e6-90cd-41b6-90e6-cc6f9192e6a1:group-1706D4301955 changes to CANDIDATE, lastRpcTime:5139, electionTimeout:5137ms
2019-07-14 02:54:51,850 INFO  impl.RoleInfo (RoleInfo.java:shutdownFollowerState(121)) - cbe6c1e6-90cd-41b6-90e6-cc6f9192e6a1: shutdown FollowerState
2019-07-14 02:54:51,850 INFO  impl.RaftServerImpl (RaftServerImpl.java:setRole(171)) - cbe6c1e6-90cd-41b6-90e6-cc6f9192e6a1:group-1706D4301955 changes role from FOLLOWER to CANDIDATE at term 0 for changeToCandidate
2019-07-14 02:54:51,850 INFO  impl.RoleInfo (RoleInfo.java:updateAndGet(143)) - cbe6c1e6-90cd-41b6-90e6-cc6f9192e6a1: start LeaderElection
2019-07-14 02:54:51,867 INFO  impl.LeaderElection (LeaderElection.java:askForVotes(181)) - cbe6c1e6-90cd-41b6-90e6-cc6f9192e6a1:group-1706D4301955:LeaderElection2: begin an election at term 1 for -1: [cbe6c1e6-90cd-41b6-90e6-cc6f9192e6a1:192.168.157.236:35147], old=null
2019-07-14 02:54:51,867 INFO  impl.RoleInfo (RoleInfo.java:shutdownLeaderElection(134)) - cbe6c1e6-90cd-41b6-90e6-cc6f9192e6a1: shutdown LeaderElection
2019-07-14 02:54:51,867 INFO  impl.RaftServerImpl (RaftServerImpl.java:setRole(171)) - cbe6c1e6-90cd-41b6-90e6-cc6f9192e6a1:group-1706D4301955 changes role from CANDIDATE to LEADER at term 1 for changeToLeader
2019-07-14 02:54:51,868 INFO  impl.RaftServerImpl (ServerState.java:setLeader(263)) - cbe6c1e6-90cd-41b6-90e6-cc6f9192e6a1:group-1706D4301955 change Leader from null to cbe6c1e6-90cd-41b6-90e6-cc6f9192e6a1 at term 1 for becomeLeader, leader elected after 5166ms
2019-07-14 02:54:51,869 INFO  server.RaftServerConfigKeys (ConfUtils.java:logGet(43)) - raft.server.staging.catchup.gap = 1000 (default)
2019-07-14 02:54:51,870 INFO  server.RaftServerConfigKeys (ConfUtils.java:logGet(43)) - raft.server.rpc.sleep.time = 25ms (default)
2019-07-14 02:54:51,870 INFO  server.RaftServerConfigKeys (ConfUtils.java:logGet(43)) - raft.server.write.element-limit = 4096 (default)
2019-07-14 02:54:51,870 INFO  server.RaftServerConfigKeys (ConfUtils.java:logGet(43)) - raft.server.watch.timeout = 10s (default)
2019-07-14 02:54:51,872 INFO  server.RaftServerConfigKeys (ConfUtils.java:logGet(43)) - raft.server.watch.timeout.denomination = 1s (default)
2019-07-14 02:54:51,872 INFO  server.RaftServerConfigKeys (ConfUtils.java:logGet(43)) - raft.server.watch.element-limit = 65536 (default)
2019-07-14 02:54:51,873 INFO  impl.RoleInfo (RoleInfo.java:updateAndGet(143)) - cbe6c1e6-90cd-41b6-90e6-cc6f9192e6a1: start LeaderState
2019-07-14 02:54:51,873 INFO  segmented.SegmentedRaftLogWorker (SegmentedRaftLogWorker.java:startLogSegment(380)) - cbe6c1e6-90cd-41b6-90e6-cc6f9192e6a1-SegmentedRaftLogWorker:Storage Directory /tmp/workdir/hadoop-ozone/integration-test/target/test-dir/MiniOzoneClusterImpl-da45e524-b34e-4865-9b65-cd88b92677e8/datanode-2/data/ratis/8fdceb6e-a637-422b-8553-1706d4301955: Starting segment from index:0
2019-07-14 02:54:51,874 INFO  impl.RaftServerImpl (ServerState.java:setRaftConf(361)) - cbe6c1e6-90cd-41b6-90e6-cc6f9192e6a1:group-1706D4301955 set configuration 0: [cbe6c1e6-90cd-41b6-90e6-cc6f9192e6a1:192.168.157.236:35147], old=null at 0
2019-07-14 02:54:51,911 INFO  segmented.SegmentedRaftLogWorker (SegmentedRaftLogWorker.java:execute(569)) - 780b4315-a532-44cd-8655-7961763464f0-SegmentedRaftLogWorker:Storage Directory /tmp/workdir/hadoop-ozone/integration-test/target/test-dir/MiniOzoneClusterImpl-da45e524-b34e-4865-9b65-cd88b92677e8/datanode-0/data/ratis/5ab752d2-c66b-470a-b516-be6f9037bafd: created new log segment /tmp/workdir/hadoop-ozone/integration-test/target/test-dir/MiniOzoneClusterImpl-da45e524-b34e-4865-9b65-cd88b92677e8/datanode-0/data/ratis/5ab752d2-c66b-470a-b516-be6f9037bafd/current/log_inprogress_0
2019-07-14 02:54:51,911 INFO  segmented.SegmentedRaftLogWorker (SegmentedRaftLogWorker.java:execute(569)) - cbe6c1e6-90cd-41b6-90e6-cc6f9192e6a1-SegmentedRaftLogWorker:Storage Directory /tmp/workdir/hadoop-ozone/integration-test/target/test-dir/MiniOzoneClusterImpl-da45e524-b34e-4865-9b65-cd88b92677e8/datanode-2/data/ratis/8fdceb6e-a637-422b-8553-1706d4301955: created new log segment /tmp/workdir/hadoop-ozone/integration-test/target/test-dir/MiniOzoneClusterImpl-da45e524-b34e-4865-9b65-cd88b92677e8/datanode-2/data/ratis/8fdceb6e-a637-422b-8553-1706d4301955/current/log_inprogress_0
2019-07-14 02:54:51,922 INFO  impl.FollowerState (FollowerState.java:run(106)) - 8edac3e3-437c-4f26-bd8a-97d18536c9cf:group-DE4FAEC2D6DA changes to CANDIDATE, lastRpcTime:5119, electionTimeout:5119ms
2019-07-14 02:54:51,924 INFO  impl.RoleInfo (RoleInfo.java:shutdownFollowerState(121)) - 8edac3e3-437c-4f26-bd8a-97d18536c9cf: shutdown FollowerState
2019-07-14 02:54:51,924 INFO  impl.RaftServerImpl (RaftServerImpl.java:setRole(171)) - 8edac3e3-437c-4f26-bd8a-97d18536c9cf:group-DE4FAEC2D6DA changes role from FOLLOWER to CANDIDATE at term 0 for changeToCandidate
2019-07-14 02:54:51,924 INFO  impl.RoleInfo (RoleInfo.java:updateAndGet(143)) - 8edac3e3-437c-4f26-bd8a-97d18536c9cf: start LeaderElection
2019-07-14 02:54:51,935 INFO  impl.LeaderElection (LeaderElection.java:askForVotes(181)) - 8edac3e3-437c-4f26-bd8a-97d18536c9cf:group-DE4FAEC2D6DA:LeaderElection3: begin an election at term 1 for -1: [8edac3e3-437c-4f26-bd8a-97d18536c9cf:192.168.157.236:44050], old=null
2019-07-14 02:54:51,939 INFO  impl.RoleInfo (RoleInfo.java:shutdownLeaderElection(134)) - 8edac3e3-437c-4f26-bd8a-97d18536c9cf: shutdown LeaderElection
2019-07-14 02:54:51,939 INFO  impl.RaftServerImpl (RaftServerImpl.java:setRole(171)) - 8edac3e3-437c-4f26-bd8a-97d18536c9cf:group-DE4FAEC2D6DA changes role from CANDIDATE to LEADER at term 1 for changeToLeader
2019-07-14 02:54:51,939 INFO  impl.RaftServerImpl (ServerState.java:setLeader(263)) - 8edac3e3-437c-4f26-bd8a-97d18536c9cf:group-DE4FAEC2D6DA change Leader from null to 8edac3e3-437c-4f26-bd8a-97d18536c9cf at term 1 for becomeLeader, leader elected after 5142ms
2019-07-14 02:54:51,942 INFO  server.RaftServerConfigKeys (ConfUtils.java:logGet(43)) - raft.server.staging.catchup.gap = 1000 (default)
2019-07-14 02:54:51,943 INFO  server.RaftServerConfigKeys (ConfUtils.java:logGet(43)) - raft.server.rpc.sleep.time = 25ms (default)
2019-07-14 02:54:51,943 INFO  server.RaftServerConfigKeys (ConfUtils.java:logGet(43)) - raft.server.write.element-limit = 4096 (default)
2019-07-14 02:54:51,943 INFO  server.RaftServerConfigKeys (ConfUtils.java:logGet(43)) - raft.server.watch.timeout = 10s (default)
2019-07-14 02:54:51,943 INFO  server.RaftServerConfigKeys (ConfUtils.java:logGet(43)) - raft.server.watch.timeout.denomination = 1s (default)
2019-07-14 02:54:51,943 INFO  server.RaftServerConfigKeys (ConfUtils.java:logGet(43)) - raft.server.watch.element-limit = 65536 (default)
2019-07-14 02:54:51,944 INFO  impl.RoleInfo (RoleInfo.java:updateAndGet(143)) - 8edac3e3-437c-4f26-bd8a-97d18536c9cf: start LeaderState
2019-07-14 02:54:51,944 INFO  segmented.SegmentedRaftLogWorker (SegmentedRaftLogWorker.java:startLogSegment(380)) - 8edac3e3-437c-4f26-bd8a-97d18536c9cf-SegmentedRaftLogWorker:Storage Directory /tmp/workdir/hadoop-ozone/integration-test/target/test-dir/MiniOzoneClusterImpl-da45e524-b34e-4865-9b65-cd88b92677e8/datanode-4/data/ratis/f82705d4-61d9-4d3e-bd95-de4faec2d6da: Starting segment from index:0
2019-07-14 02:54:51,945 INFO  impl.RaftServerImpl (ServerState.java:setRaftConf(361)) - 8edac3e3-437c-4f26-bd8a-97d18536c9cf:group-DE4FAEC2D6DA set configuration 0: [8edac3e3-437c-4f26-bd8a-97d18536c9cf:192.168.157.236:44050], old=null at 0
2019-07-14 02:54:51,987 INFO  segmented.SegmentedRaftLogWorker (SegmentedRaftLogWorker.java:execute(569)) - 8edac3e3-437c-4f26-bd8a-97d18536c9cf-SegmentedRaftLogWorker:Storage Directory /tmp/workdir/hadoop-ozone/integration-test/target/test-dir/MiniOzoneClusterImpl-da45e524-b34e-4865-9b65-cd88b92677e8/datanode-4/data/ratis/f82705d4-61d9-4d3e-bd95-de4faec2d6da: created new log segment /tmp/workdir/hadoop-ozone/integration-test/target/test-dir/MiniOzoneClusterImpl-da45e524-b34e-4865-9b65-cd88b92677e8/datanode-4/data/ratis/f82705d4-61d9-4d3e-bd95-de4faec2d6da/current/log_inprogress_0
2019-07-14 02:54:52,021 INFO  impl.FollowerState (FollowerState.java:run(106)) - 8242f012-6252-4e22-8df1-8449a96853c5:group-4CA3A08B713A changes to CANDIDATE, lastRpcTime:5142, electionTimeout:5142ms
2019-07-14 02:54:52,022 INFO  impl.RoleInfo (RoleInfo.java:shutdownFollowerState(121)) - 8242f012-6252-4e22-8df1-8449a96853c5: shutdown FollowerState
2019-07-14 02:54:52,022 INFO  impl.RaftServerImpl (RaftServerImpl.java:setRole(171)) - 8242f012-6252-4e22-8df1-8449a96853c5:group-4CA3A08B713A changes role from FOLLOWER to CANDIDATE at term 0 for changeToCandidate
2019-07-14 02:54:52,022 INFO  impl.RoleInfo (RoleInfo.java:updateAndGet(143)) - 8242f012-6252-4e22-8df1-8449a96853c5: start LeaderElection
2019-07-14 02:54:52,041 INFO  impl.LeaderElection (LeaderElection.java:askForVotes(181)) - 8242f012-6252-4e22-8df1-8449a96853c5:group-4CA3A08B713A:LeaderElection4: begin an election at term 1 for -1: [8242f012-6252-4e22-8df1-8449a96853c5:192.168.157.236:44121], old=null
2019-07-14 02:54:52,043 INFO  impl.RoleInfo (RoleInfo.java:shutdownLeaderElection(134)) - 8242f012-6252-4e22-8df1-8449a96853c5: shutdown LeaderElection
2019-07-14 02:54:52,043 INFO  impl.RaftServerImpl (RaftServerImpl.java:setRole(171)) - 8242f012-6252-4e22-8df1-8449a96853c5:group-4CA3A08B713A changes role from CANDIDATE to LEADER at term 1 for changeToLeader
2019-07-14 02:54:52,043 INFO  impl.RaftServerImpl (ServerState.java:setLeader(263)) - 8242f012-6252-4e22-8df1-8449a96853c5:group-4CA3A08B713A change Leader from null to 8242f012-6252-4e22-8df1-8449a96853c5 at term 1 for becomeLeader, leader elected after 5169ms
2019-07-14 02:54:52,045 INFO  server.RaftServerConfigKeys (ConfUtils.java:logGet(43)) - raft.server.staging.catchup.gap = 1000 (default)
2019-07-14 02:54:52,046 INFO  server.RaftServerConfigKeys (ConfUtils.java:logGet(43)) - raft.server.rpc.sleep.time = 25ms (default)
2019-07-14 02:54:52,046 INFO  server.RaftServerConfigKeys (ConfUtils.java:logGet(43)) - raft.server.write.element-limit = 4096 (default)
2019-07-14 02:54:52,046 INFO  server.RaftServerConfigKeys (ConfUtils.java:logGet(43)) - raft.server.watch.timeout = 10s (default)
2019-07-14 02:54:52,046 INFO  server.RaftServerConfigKeys (ConfUtils.java:logGet(43)) - raft.server.watch.timeout.denomination = 1s (default)
2019-07-14 02:54:52,046 INFO  server.RaftServerConfigKeys (ConfUtils.java:logGet(43)) - raft.server.watch.element-limit = 65536 (default)
2019-07-14 02:54:52,047 INFO  impl.RoleInfo (RoleInfo.java:updateAndGet(143)) - 8242f012-6252-4e22-8df1-8449a96853c5: start LeaderState
2019-07-14 02:54:52,047 INFO  segmented.SegmentedRaftLogWorker (SegmentedRaftLogWorker.java:startLogSegment(380)) - 8242f012-6252-4e22-8df1-8449a96853c5-SegmentedRaftLogWorker:Storage Directory /tmp/workdir/hadoop-ozone/integration-test/target/test-dir/MiniOzoneClusterImpl-da45e524-b34e-4865-9b65-cd88b92677e8/datanode-1/data/ratis/47c0839f-4465-4df1-a6bc-4ca3a08b713a: Starting segment from index:0
2019-07-14 02:54:52,048 INFO  impl.RaftServerImpl (ServerState.java:setRaftConf(361)) - 8242f012-6252-4e22-8df1-8449a96853c5:group-4CA3A08B713A set configuration 0: [8242f012-6252-4e22-8df1-8449a96853c5:192.168.157.236:44121], old=null at 0
2019-07-14 02:54:52,081 INFO  segmented.SegmentedRaftLogWorker (SegmentedRaftLogWorker.java:execute(569)) - 8242f012-6252-4e22-8df1-8449a96853c5-SegmentedRaftLogWorker:Storage Directory /tmp/workdir/hadoop-ozone/integration-test/target/test-dir/MiniOzoneClusterImpl-da45e524-b34e-4865-9b65-cd88b92677e8/datanode-1/data/ratis/47c0839f-4465-4df1-a6bc-4ca3a08b713a: created new log segment /tmp/workdir/hadoop-ozone/integration-test/target/test-dir/MiniOzoneClusterImpl-da45e524-b34e-4865-9b65-cd88b92677e8/datanode-1/data/ratis/47c0839f-4465-4df1-a6bc-4ca3a08b713a/current/log_inprogress_0
2019-07-14 02:54:52,148 INFO  impl.FollowerState (FollowerState.java:run(106)) - 95ae6ec2-8596-4754-8976-7d4bf4a95b53:group-CFAD4CF2B636 changes to CANDIDATE, lastRpcTime:5195, electionTimeout:5195ms
2019-07-14 02:54:52,148 INFO  impl.RoleInfo (RoleInfo.java:shutdownFollowerState(121)) - 95ae6ec2-8596-4754-8976-7d4bf4a95b53: shutdown FollowerState
2019-07-14 02:54:52,148 INFO  impl.RaftServerImpl (RaftServerImpl.java:setRole(171)) - 95ae6ec2-8596-4754-8976-7d4bf4a95b53:group-CFAD4CF2B636 changes role from FOLLOWER to CANDIDATE at term 0 for changeToCandidate
2019-07-14 02:54:52,149 INFO  impl.RoleInfo (RoleInfo.java:updateAndGet(143)) - 95ae6ec2-8596-4754-8976-7d4bf4a95b53: start LeaderElection
2019-07-14 02:54:52,166 INFO  impl.LeaderElection (LeaderElection.java:askForVotes(181)) - 95ae6ec2-8596-4754-8976-7d4bf4a95b53:group-CFAD4CF2B636:LeaderElection5: begin an election at term 1 for -1: [95ae6ec2-8596-4754-8976-7d4bf4a95b53:192.168.157.236:39314], old=null
2019-07-14 02:54:52,168 INFO  impl.RoleInfo (RoleInfo.java:shutdownLeaderElection(134)) - 95ae6ec2-8596-4754-8976-7d4bf4a95b53: shutdown LeaderElection
2019-07-14 02:54:52,168 INFO  impl.RaftServerImpl (RaftServerImpl.java:setRole(171)) - 95ae6ec2-8596-4754-8976-7d4bf4a95b53:group-CFAD4CF2B636 changes role from CANDIDATE to LEADER at term 1 for changeToLeader
2019-07-14 02:54:52,168 INFO  impl.RaftServerImpl (ServerState.java:setLeader(263)) - 95ae6ec2-8596-4754-8976-7d4bf4a95b53:group-CFAD4CF2B636 change Leader from null to 95ae6ec2-8596-4754-8976-7d4bf4a95b53 at term 1 for becomeLeader, leader elected after 5219ms
2019-07-14 02:54:52,170 INFO  server.RaftServerConfigKeys (ConfUtils.java:logGet(43)) - raft.server.staging.catchup.gap = 1000 (default)
2019-07-14 02:54:52,170 INFO  server.RaftServerConfigKeys (ConfUtils.java:logGet(43)) - raft.server.rpc.sleep.time = 25ms (default)
2019-07-14 02:54:52,171 INFO  server.RaftServerConfigKeys (ConfUtils.java:logGet(43)) - raft.server.write.element-limit = 4096 (default)
2019-07-14 02:54:52,171 INFO  server.RaftServerConfigKeys (ConfUtils.java:logGet(43)) - raft.server.watch.timeout = 10s (default)
2019-07-14 02:54:52,171 INFO  server.RaftServerConfigKeys (ConfUtils.java:logGet(43)) - raft.server.watch.timeout.denomination = 1s (default)
2019-07-14 02:54:52,171 INFO  server.RaftServerConfigKeys (ConfUtils.java:logGet(43)) - raft.server.watch.element-limit = 65536 (default)
2019-07-14 02:54:52,171 INFO  impl.RoleInfo (RoleInfo.java:updateAndGet(143)) - 95ae6ec2-8596-4754-8976-7d4bf4a95b53: start LeaderState
2019-07-14 02:54:52,172 INFO  segmented.SegmentedRaftLogWorker (SegmentedRaftLogWorker.java:startLogSegment(380)) - 95ae6ec2-8596-4754-8976-7d4bf4a95b53-SegmentedRaftLogWorker:Storage Directory /tmp/workdir/hadoop-ozone/integration-test/target/test-dir/MiniOzoneClusterImpl-da45e524-b34e-4865-9b65-cd88b92677e8/datanode-5/data/ratis/884f0f5e-be1f-4136-9938-cfad4cf2b636: Starting segment from index:0
2019-07-14 02:54:52,172 INFO  impl.RaftServerImpl (ServerState.java:setRaftConf(361)) - 95ae6ec2-8596-4754-8976-7d4bf4a95b53:group-CFAD4CF2B636 set configuration 0: [95ae6ec2-8596-4754-8976-7d4bf4a95b53:192.168.157.236:39314], old=null at 0
2019-07-14 02:54:52,196 INFO  impl.FollowerState (FollowerState.java:run(106)) - e307c2b8-a635-4793-b80e-7c6a1f600b43:group-537885EEFDEA changes to CANDIDATE, lastRpcTime:5099, electionTimeout:5099ms
2019-07-14 02:54:52,197 INFO  impl.RoleInfo (RoleInfo.java:shutdownFollowerState(121)) - e307c2b8-a635-4793-b80e-7c6a1f600b43: shutdown FollowerState
2019-07-14 02:54:52,197 INFO  impl.RaftServerImpl (RaftServerImpl.java:setRole(171)) - e307c2b8-a635-4793-b80e-7c6a1f600b43:group-537885EEFDEA changes role from FOLLOWER to CANDIDATE at term 0 for changeToCandidate
2019-07-14 02:54:52,197 INFO  impl.RoleInfo (RoleInfo.java:updateAndGet(143)) - e307c2b8-a635-4793-b80e-7c6a1f600b43: start LeaderElection
2019-07-14 02:54:52,201 INFO  segmented.SegmentedRaftLogWorker (SegmentedRaftLogWorker.java:execute(569)) - 95ae6ec2-8596-4754-8976-7d4bf4a95b53-SegmentedRaftLogWorker:Storage Directory /tmp/workdir/hadoop-ozone/integration-test/target/test-dir/MiniOzoneClusterImpl-da45e524-b34e-4865-9b65-cd88b92677e8/datanode-5/data/ratis/884f0f5e-be1f-4136-9938-cfad4cf2b636: created new log segment /tmp/workdir/hadoop-ozone/integration-test/target/test-dir/MiniOzoneClusterImpl-da45e524-b34e-4865-9b65-cd88b92677e8/datanode-5/data/ratis/884f0f5e-be1f-4136-9938-cfad4cf2b636/current/log_inprogress_0
2019-07-14 02:54:52,205 INFO  impl.FollowerState (FollowerState.java:run(106)) - 3b6bb59e-3a86-4ef2-9316-5cf57e18bbf0:group-675FAED5B4E4 changes to CANDIDATE, lastRpcTime:5175, electionTimeout:5175ms
2019-07-14 02:54:52,205 INFO  impl.RoleInfo (RoleInfo.java:shutdownFollowerState(121)) - 3b6bb59e-3a86-4ef2-9316-5cf57e18bbf0: shutdown FollowerState
2019-07-14 02:54:52,205 INFO  impl.RaftServerImpl (RaftServerImpl.java:setRole(171)) - 3b6bb59e-3a86-4ef2-9316-5cf57e18bbf0:group-675FAED5B4E4 changes role from FOLLOWER to CANDIDATE at term 0 for changeToCandidate
2019-07-14 02:54:52,205 INFO  impl.RoleInfo (RoleInfo.java:updateAndGet(143)) - 3b6bb59e-3a86-4ef2-9316-5cf57e18bbf0: start LeaderElection
2019-07-14 02:54:52,224 INFO  impl.LeaderElection (LeaderElection.java:askForVotes(181)) - 3b6bb59e-3a86-4ef2-9316-5cf57e18bbf0:group-675FAED5B4E4:LeaderElection7: begin an election at term 1 for -1: [3b6bb59e-3a86-4ef2-9316-5cf57e18bbf0:192.168.157.236:38899], old=null
2019-07-14 02:54:52,233 INFO  impl.LeaderElection (LeaderElection.java:askForVotes(181)) - e307c2b8-a635-4793-b80e-7c6a1f600b43:group-537885EEFDEA:LeaderElection6: begin an election at term 1 for -1: [e307c2b8-a635-4793-b80e-7c6a1f600b43:192.168.157.236:33578], old=null
2019-07-14 02:54:52,235 INFO  impl.RoleInfo (RoleInfo.java:shutdownLeaderElection(134)) - 3b6bb59e-3a86-4ef2-9316-5cf57e18bbf0: shutdown LeaderElection
2019-07-14 02:54:52,235 INFO  impl.RoleInfo (RoleInfo.java:shutdownLeaderElection(134)) - e307c2b8-a635-4793-b80e-7c6a1f600b43: shutdown LeaderElection
2019-07-14 02:54:52,235 INFO  impl.RaftServerImpl (RaftServerImpl.java:setRole(171)) - 3b6bb59e-3a86-4ef2-9316-5cf57e18bbf0:group-675FAED5B4E4 changes role from CANDIDATE to LEADER at term 1 for changeToLeader
2019-07-14 02:54:52,235 INFO  impl.RaftServerImpl (RaftServerImpl.java:setRole(171)) - e307c2b8-a635-4793-b80e-7c6a1f600b43:group-537885EEFDEA changes role from CANDIDATE to LEADER at term 1 for changeToLeader
2019-07-14 02:54:52,235 INFO  impl.RaftServerImpl (ServerState.java:setLeader(263)) - 3b6bb59e-3a86-4ef2-9316-5cf57e18bbf0:group-675FAED5B4E4 change Leader from null to 3b6bb59e-3a86-4ef2-9316-5cf57e18bbf0 at term 1 for becomeLeader, leader elected after 5211ms
2019-07-14 02:54:52,235 INFO  impl.RaftServerImpl (ServerState.java:setLeader(263)) - e307c2b8-a635-4793-b80e-7c6a1f600b43:group-537885EEFDEA change Leader from null to e307c2b8-a635-4793-b80e-7c6a1f600b43 at term 1 for becomeLeader, leader elected after 5144ms
2019-07-14 02:54:52,237 INFO  server.RaftServerConfigKeys (ConfUtils.java:logGet(43)) - raft.server.staging.catchup.gap = 1000 (default)
2019-07-14 02:54:52,239 INFO  server.RaftServerConfigKeys (ConfUtils.java:logGet(43)) - raft.server.staging.catchup.gap = 1000 (default)
2019-07-14 02:54:52,240 INFO  server.RaftServerConfigKeys (ConfUtils.java:logGet(43)) - raft.server.rpc.sleep.time = 25ms (default)
2019-07-14 02:54:52,240 INFO  server.RaftServerConfigKeys (ConfUtils.java:logGet(43)) - raft.server.rpc.sleep.time = 25ms (default)
2019-07-14 02:54:52,240 INFO  server.RaftServerConfigKeys (ConfUtils.java:logGet(43)) - raft.server.write.element-limit = 4096 (default)
2019-07-14 02:54:52,240 INFO  server.RaftServerConfigKeys (ConfUtils.java:logGet(43)) - raft.server.write.element-limit = 4096 (default)
2019-07-14 02:54:52,240 INFO  server.RaftServerConfigKeys (ConfUtils.java:logGet(43)) - raft.server.watch.timeout = 10s (default)
2019-07-14 02:54:52,240 INFO  server.RaftServerConfigKeys (ConfUtils.java:logGet(43)) - raft.server.watch.timeout = 10s (default)
2019-07-14 02:54:52,240 INFO  server.RaftServerConfigKeys (ConfUtils.java:logGet(43)) - raft.server.watch.timeout.denomination = 1s (default)
2019-07-14 02:54:52,241 INFO  server.RaftServerConfigKeys (ConfUtils.java:logGet(43)) - raft.server.watch.timeout.denomination = 1s (default)
2019-07-14 02:54:52,241 INFO  server.RaftServerConfigKeys (ConfUtils.java:logGet(43)) - raft.server.watch.element-limit = 65536 (default)
2019-07-14 02:54:52,241 INFO  server.RaftServerConfigKeys (ConfUtils.java:logGet(43)) - raft.server.watch.element-limit = 65536 (default)
2019-07-14 02:54:52,241 INFO  impl.RoleInfo (RoleInfo.java:updateAndGet(143)) - 3b6bb59e-3a86-4ef2-9316-5cf57e18bbf0: start LeaderState
2019-07-14 02:54:52,241 INFO  impl.RoleInfo (RoleInfo.java:updateAndGet(143)) - e307c2b8-a635-4793-b80e-7c6a1f600b43: start LeaderState
2019-07-14 02:54:52,242 INFO  segmented.SegmentedRaftLogWorker (SegmentedRaftLogWorker.java:startLogSegment(380)) - 3b6bb59e-3a86-4ef2-9316-5cf57e18bbf0-SegmentedRaftLogWorker:Storage Directory /tmp/workdir/hadoop-ozone/integration-test/target/test-dir/MiniOzoneClusterImpl-da45e524-b34e-4865-9b65-cd88b92677e8/datanode-6/data/ratis/bcc7ad44-4366-4f50-8d1c-675faed5b4e4: Starting segment from index:0
2019-07-14 02:54:52,242 INFO  segmented.SegmentedRaftLogWorker (SegmentedRaftLogWorker.java:startLogSegment(380)) - e307c2b8-a635-4793-b80e-7c6a1f600b43-SegmentedRaftLogWorker:Storage Directory /tmp/workdir/hadoop-ozone/integration-test/target/test-dir/MiniOzoneClusterImpl-da45e524-b34e-4865-9b65-cd88b92677e8/datanode-3/data/ratis/21b7318f-8367-4dbb-bfe5-537885eefdea: Starting segment from index:0
2019-07-14 02:54:52,242 INFO  impl.RaftServerImpl (ServerState.java:setRaftConf(361)) - 3b6bb59e-3a86-4ef2-9316-5cf57e18bbf0:group-675FAED5B4E4 set configuration 0: [3b6bb59e-3a86-4ef2-9316-5cf57e18bbf0:192.168.157.236:38899], old=null at 0
2019-07-14 02:54:52,261 INFO  impl.FollowerState (FollowerState.java:run(106)) - 8edac3e3-437c-4f26-bd8a-97d18536c9cf:group-6CF11F53906A changes to CANDIDATE, lastRpcTime:5060, electionTimeout:5052ms
2019-07-14 02:54:52,262 INFO  impl.RoleInfo (RoleInfo.java:shutdownFollowerState(121)) - 8edac3e3-437c-4f26-bd8a-97d18536c9cf: shutdown FollowerState
2019-07-14 02:54:52,262 INFO  impl.RaftServerImpl (ServerState.java:setRaftConf(361)) - e307c2b8-a635-4793-b80e-7c6a1f600b43:group-537885EEFDEA set configuration 0: [e307c2b8-a635-4793-b80e-7c6a1f600b43:192.168.157.236:33578], old=null at 0
2019-07-14 02:54:52,262 INFO  impl.RaftServerImpl (RaftServerImpl.java:setRole(171)) - 8edac3e3-437c-4f26-bd8a-97d18536c9cf:group-6CF11F53906A changes role from FOLLOWER to CANDIDATE at term 0 for changeToCandidate
2019-07-14 02:54:52,282 INFO  impl.FollowerState (FollowerState.java:run(106)) - 780b4315-a532-44cd-8655-7961763464f0:group-6CF11F53906A changes to CANDIDATE, lastRpcTime:5080, electionTimeout:5078ms
2019-07-14 02:54:52,282 INFO  impl.RoleInfo (RoleInfo.java:shutdownFollowerState(121)) - 780b4315-a532-44cd-8655-7961763464f0: shutdown FollowerState
2019-07-14 02:54:52,282 INFO  impl.RaftServerImpl (RaftServerImpl.java:setRole(171)) - 780b4315-a532-44cd-8655-7961763464f0:group-6CF11F53906A changes role from FOLLOWER to CANDIDATE at term 0 for changeToCandidate
2019-07-14 02:54:52,282 INFO  segmented.SegmentedRaftLogWorker (SegmentedRaftLogWorker.java:execute(569)) - 3b6bb59e-3a86-4ef2-9316-5cf57e18bbf0-SegmentedRaftLogWorker:Storage Directory /tmp/workdir/hadoop-ozone/integration-test/target/test-dir/MiniOzoneClusterImpl-da45e524-b34e-4865-9b65-cd88b92677e8/datanode-6/data/ratis/bcc7ad44-4366-4f50-8d1c-675faed5b4e4: created new log segment /tmp/workdir/hadoop-ozone/integration-test/target/test-dir/MiniOzoneClusterImpl-da45e524-b34e-4865-9b65-cd88b92677e8/datanode-6/data/ratis/bcc7ad44-4366-4f50-8d1c-675faed5b4e4/current/log_inprogress_0
2019-07-14 02:54:52,283 INFO  impl.RoleInfo (RoleInfo.java:updateAndGet(143)) - 780b4315-a532-44cd-8655-7961763464f0: start LeaderElection
2019-07-14 02:54:52,286 INFO  impl.RoleInfo (RoleInfo.java:updateAndGet(143)) - 8edac3e3-437c-4f26-bd8a-97d18536c9cf: start LeaderElection
2019-07-14 02:54:52,296 INFO  segmented.SegmentedRaftLogWorker (SegmentedRaftLogWorker.java:execute(569)) - e307c2b8-a635-4793-b80e-7c6a1f600b43-SegmentedRaftLogWorker:Storage Directory /tmp/workdir/hadoop-ozone/integration-test/target/test-dir/MiniOzoneClusterImpl-da45e524-b34e-4865-9b65-cd88b92677e8/datanode-3/data/ratis/21b7318f-8367-4dbb-bfe5-537885eefdea: created new log segment /tmp/workdir/hadoop-ozone/integration-test/target/test-dir/MiniOzoneClusterImpl-da45e524-b34e-4865-9b65-cd88b92677e8/datanode-3/data/ratis/21b7318f-8367-4dbb-bfe5-537885eefdea/current/log_inprogress_0
2019-07-14 02:54:52,310 INFO  client.GrpcClientProtocolClient (GrpcClientProtocolClient.java:onNext(255)) - client-1EE4A56D617A->8242f012-6252-4e22-8df1-8449a96853c5: receive RaftClientReply:client-1EE4A56D617A->8242f012-6252-4e22-8df1-8449a96853c5@group-199DD20D1CD7, cid=13, FAILED org.apache.ratis.protocol.NotLeaderException: Server 8242f012-6252-4e22-8df1-8449a96853c5 is not the leader (null). Request must be sent to leader., logIndex=0, commits[8242f012-6252-4e22-8df1-8449a96853c5:c-1]
2019-07-14 02:54:52,323 INFO  impl.LeaderElection (LeaderElection.java:askForVotes(181)) - 8edac3e3-437c-4f26-bd8a-97d18536c9cf:group-6CF11F53906A:LeaderElection9: begin an election at term 1 for -1: [8edac3e3-437c-4f26-bd8a-97d18536c9cf:192.168.157.236:44050, cbe6c1e6-90cd-41b6-90e6-cc6f9192e6a1:192.168.157.236:35147, 780b4315-a532-44cd-8655-7961763464f0:192.168.157.236:38349], old=null
2019-07-14 02:54:52,323 INFO  impl.LeaderElection (LeaderElection.java:askForVotes(181)) - 780b4315-a532-44cd-8655-7961763464f0:group-6CF11F53906A:LeaderElection8: begin an election at term 1 for -1: [8edac3e3-437c-4f26-bd8a-97d18536c9cf:192.168.157.236:44050, cbe6c1e6-90cd-41b6-90e6-cc6f9192e6a1:192.168.157.236:35147, 780b4315-a532-44cd-8655-7961763464f0:192.168.157.236:38349], old=null
2019-07-14 02:54:52,333 WARN  io.KeyOutputStream (KeyOutputStream.java:handleException(276)) - Encountered exception java.io.IOException: Unexpected Storage Container Exception: java.util.concurrent.CompletionException: java.util.concurrent.CompletionException: org.apache.ratis.protocol.RaftRetryFailureException: Failed RaftClientRequest:client-1EE4A56D617A->8242f012-6252-4e22-8df1-8449a96853c5@group-199DD20D1CD7, cid=13, seq=1*, RW, org.apache.hadoop.hdds.scm.XceiverClientRatis$$Lambda$309/674659751@33d835ad for 5 attempts with RetryLimited(maxAttempts=5, sleepTime=1000ms) on the pipeline Pipeline[ Id: cb5ea906-b106-409c-9814-199dd20d1cd7, Nodes: 8242f012-6252-4e22-8df1-8449a96853c5{ip: 192.168.157.236, host: trunk-nightly-k88cw-3644625431, networkLocation: /default-rack, certSerialId: null}95ae6ec2-8596-4754-8976-7d4bf4a95b53{ip: 192.168.157.236, host: trunk-nightly-k88cw-3644625431, networkLocation: /default-rack, certSerialId: null}3b6bb59e-3a86-4ef2-9316-5cf57e18bbf0{ip: 192.168.157.236, host: trunk-nightly-k88cw-3644625431, networkLocation: /default-rack, certSerialId: null}, Type:RATIS, Factor:THREE, State:OPEN]. The last committed block length is 0, uncommitted data length is 400 retry count 0
2019-07-14 02:54:52,341 INFO  impl.FollowerState (FollowerState.java:run(106)) - cbe6c1e6-90cd-41b6-90e6-cc6f9192e6a1:group-6CF11F53906A changes to CANDIDATE, lastRpcTime:5137, electionTimeout:5135ms
2019-07-14 02:54:52,350 INFO  impl.FollowerState (FollowerState.java:run(106)) - 95ae6ec2-8596-4754-8976-7d4bf4a95b53:group-199DD20D1CD7 changes to CANDIDATE, lastRpcTime:5021, electionTimeout:5018ms
2019-07-14 02:54:52,352 INFO  impl.RoleInfo (RoleInfo.java:shutdownFollowerState(121)) - 95ae6ec2-8596-4754-8976-7d4bf4a95b53: shutdown FollowerState
2019-07-14 02:54:52,352 INFO  impl.RoleInfo (RoleInfo.java:shutdownFollowerState(121)) - cbe6c1e6-90cd-41b6-90e6-cc6f9192e6a1: shutdown FollowerState
2019-07-14 02:54:52,354 INFO  impl.RaftServerImpl (RaftServerImpl.java:setRole(171)) - cbe6c1e6-90cd-41b6-90e6-cc6f9192e6a1:group-6CF11F53906A changes role from FOLLOWER to CANDIDATE at term 0 for changeToCandidate
2019-07-14 02:54:52,354 INFO  impl.RaftServerImpl (RaftServerImpl.java:setRole(171)) - 95ae6ec2-8596-4754-8976-7d4bf4a95b53:group-199DD20D1CD7 changes role from FOLLOWER to CANDIDATE at term 0 for changeToCandidate
2019-07-14 02:54:52,354 INFO  impl.RoleInfo (RoleInfo.java:updateAndGet(143)) - cbe6c1e6-90cd-41b6-90e6-cc6f9192e6a1: start LeaderElection
2019-07-14 02:54:52,354 INFO  impl.RoleInfo (RoleInfo.java:updateAndGet(143)) - 95ae6ec2-8596-4754-8976-7d4bf4a95b53: start LeaderElection
2019-07-14 02:54:52,388 INFO  impl.LeaderElection (LeaderElection.java:askForVotes(181)) - 95ae6ec2-8596-4754-8976-7d4bf4a95b53:group-199DD20D1CD7:LeaderElection11: begin an election at term 1 for -1: [8242f012-6252-4e22-8df1-8449a96853c5:192.168.157.236:44121, 95ae6ec2-8596-4754-8976-7d4bf4a95b53:192.168.157.236:39314, 3b6bb59e-3a86-4ef2-9316-5cf57e18bbf0:192.168.157.236:38899], old=null
2019-07-14 02:54:52,388 INFO  impl.LeaderElection (LeaderElection.java:askForVotes(181)) - cbe6c1e6-90cd-41b6-90e6-cc6f9192e6a1:group-6CF11F53906A:LeaderElection10: begin an election at term 1 for -1: [8edac3e3-437c-4f26-bd8a-97d18536c9cf:192.168.157.236:44050, cbe6c1e6-90cd-41b6-90e6-cc6f9192e6a1:192.168.157.236:35147, 780b4315-a532-44cd-8655-7961763464f0:192.168.157.236:38349], old=null
2019-07-14 02:54:52,414 INFO  impl.FollowerState (FollowerState.java:run(106)) - 3b6bb59e-3a86-4ef2-9316-5cf57e18bbf0:group-199DD20D1CD7 changes to CANDIDATE, lastRpcTime:5073, electionTimeout:5069ms
2019-07-14 02:54:52,414 INFO  impl.RoleInfo (RoleInfo.java:shutdownFollowerState(121)) - 3b6bb59e-3a86-4ef2-9316-5cf57e18bbf0: shutdown FollowerState
2019-07-14 02:54:52,414 INFO  impl.RaftServerImpl (RaftServerImpl.java:setRole(171)) - 3b6bb59e-3a86-4ef2-9316-5cf57e18bbf0:group-199DD20D1CD7 changes role from FOLLOWER to CANDIDATE at term 0 for changeToCandidate
2019-07-14 02:54:52,415 INFO  impl.RoleInfo (RoleInfo.java:updateAndGet(143)) - 3b6bb59e-3a86-4ef2-9316-5cf57e18bbf0: start LeaderElection
2019-07-14 02:54:52,423 INFO  impl.LeaderElection (LeaderElection.java:logAndReturn(56)) - 780b4315-a532-44cd-8655-7961763464f0:group-6CF11F53906A:LeaderElection8: Election REJECTED; received 2 response(s) [780b4315-a532-44cd-8655-7961763464f0<-8edac3e3-437c-4f26-bd8a-97d18536c9cf#0:FAIL-t1, 780b4315-a532-44cd-8655-7961763464f0<-cbe6c1e6-90cd-41b6-90e6-cc6f9192e6a1#0:FAIL-t1] and 0 exception(s); 780b4315-a532-44cd-8655-7961763464f0:t1, leader=null, voted=780b4315-a532-44cd-8655-7961763464f0, raftlog=780b4315-a532-44cd-8655-7961763464f0-SegmentedRaftLog:OPENED:c-1,f-1,i0, conf=-1: [8edac3e3-437c-4f26-bd8a-97d18536c9cf:192.168.157.236:44050, cbe6c1e6-90cd-41b6-90e6-cc6f9192e6a1:192.168.157.236:35147, 780b4315-a532-44cd-8655-7961763464f0:192.168.157.236:38349], old=null
2019-07-14 02:54:52,423 INFO  impl.LeaderElection (LeaderElection.java:logAndReturn(56)) - 8edac3e3-437c-4f26-bd8a-97d18536c9cf:group-6CF11F53906A:LeaderElection9: Election REJECTED; received 2 response(s) [8edac3e3-437c-4f26-bd8a-97d18536c9cf<-cbe6c1e6-90cd-41b6-90e6-cc6f9192e6a1#0:FAIL-t1, 8edac3e3-437c-4f26-bd8a-97d18536c9cf<-780b4315-a532-44cd-8655-7961763464f0#0:FAIL-t1] and 0 exception(s); 8edac3e3-437c-4f26-bd8a-97d18536c9cf:t1, leader=null, voted=8edac3e3-437c-4f26-bd8a-97d18536c9cf, raftlog=8edac3e3-437c-4f26-bd8a-97d18536c9cf-SegmentedRaftLog:OPENED:c-1,f-1,i0, conf=-1: [8edac3e3-437c-4f26-bd8a-97d18536c9cf:192.168.157.236:44050, cbe6c1e6-90cd-41b6-90e6-cc6f9192e6a1:192.168.157.236:35147, 780b4315-a532-44cd-8655-7961763464f0:192.168.157.236:38349], old=null
2019-07-14 02:54:52,432 INFO  impl.RaftServerImpl (RaftServerImpl.java:setRole(171)) - 780b4315-a532-44cd-8655-7961763464f0:group-6CF11F53906A changes role from CANDIDATE to FOLLOWER at term 1 for DISCOVERED_A_NEW_TERM
2019-07-14 02:54:52,432 INFO  impl.LeaderElection (LeaderElection.java:askForVotes(181)) - 3b6bb59e-3a86-4ef2-9316-5cf57e18bbf0:group-199DD20D1CD7:LeaderElection12: begin an election at term 1 for -1: [8242f012-6252-4e22-8df1-8449a96853c5:192.168.157.236:44121, 95ae6ec2-8596-4754-8976-7d4bf4a95b53:192.168.157.236:39314, 3b6bb59e-3a86-4ef2-9316-5cf57e18bbf0:192.168.157.236:38899], old=null
2019-07-14 02:54:52,435 INFO  impl.RaftServerImpl (RaftServerImpl.java:setRole(171)) - 8edac3e3-437c-4f26-bd8a-97d18536c9cf:group-6CF11F53906A changes role from CANDIDATE to FOLLOWER at term 1 for DISCOVERED_A_NEW_TERM
2019-07-14 02:54:52,434 INFO  impl.RoleInfo (RoleInfo.java:shutdownLeaderElection(134)) - 780b4315-a532-44cd-8655-7961763464f0: shutdown LeaderElection
2019-07-14 02:54:52,435 INFO  impl.RoleInfo (RoleInfo.java:shutdownLeaderElection(134)) - 8edac3e3-437c-4f26-bd8a-97d18536c9cf: shutdown LeaderElection
2019-07-14 02:54:52,435 INFO  impl.RaftServerImpl (RaftServerImpl.java:setRole(171)) - 8242f012-6252-4e22-8df1-8449a96853c5:group-199DD20D1CD7 changes role from FOLLOWER to FOLLOWER at term 1 for recognizeCandidate:95ae6ec2-8596-4754-8976-7d4bf4a95b53
2019-07-14 02:54:52,436 INFO  impl.RoleInfo (RoleInfo.java:updateAndGet(143)) - 8edac3e3-437c-4f26-bd8a-97d18536c9cf: start FollowerState
2019-07-14 02:54:52,436 INFO  impl.RoleInfo (RoleInfo.java:updateAndGet(143)) - 780b4315-a532-44cd-8655-7961763464f0: start FollowerState
2019-07-14 02:54:52,436 INFO  impl.RoleInfo (RoleInfo.java:shutdownFollowerState(121)) - 8242f012-6252-4e22-8df1-8449a96853c5: shutdown FollowerState
2019-07-14 02:54:52,443 INFO  impl.FollowerState (FollowerState.java:run(114)) - 8242f012-6252-4e22-8df1-8449a96853c5: FollowerState was interrupted: java.lang.InterruptedException: sleep interrupted
2019-07-14 02:54:52,443 INFO  impl.RoleInfo (RoleInfo.java:updateAndGet(143)) - 8242f012-6252-4e22-8df1-8449a96853c5: start FollowerState
2019-07-14 02:54:52,453 INFO  impl.LeaderElection (LeaderElection.java:logAndReturn(56)) - cbe6c1e6-90cd-41b6-90e6-cc6f9192e6a1:group-6CF11F53906A:LeaderElection10: Election REJECTED; received 2 response(s) [cbe6c1e6-90cd-41b6-90e6-cc6f9192e6a1<-8edac3e3-437c-4f26-bd8a-97d18536c9cf#0:FAIL-t1, cbe6c1e6-90cd-41b6-90e6-cc6f9192e6a1<-780b4315-a532-44cd-8655-7961763464f0#0:FAIL-t1] and 0 exception(s); cbe6c1e6-90cd-41b6-90e6-cc6f9192e6a1:t1, leader=null, voted=cbe6c1e6-90cd-41b6-90e6-cc6f9192e6a1, raftlog=cbe6c1e6-90cd-41b6-90e6-cc6f9192e6a1-SegmentedRaftLog:OPENED:c-1,f-1,i0, conf=-1: [8edac3e3-437c-4f26-bd8a-97d18536c9cf:192.168.157.236:44050, cbe6c1e6-90cd-41b6-90e6-cc6f9192e6a1:192.168.157.236:35147, 780b4315-a532-44cd-8655-7961763464f0:192.168.157.236:38349], old=null
2019-07-14 02:54:52,453 INFO  impl.RaftServerImpl (RaftServerImpl.java:setRole(171)) - cbe6c1e6-90cd-41b6-90e6-cc6f9192e6a1:group-6CF11F53906A changes role from CANDIDATE to FOLLOWER at term 1 for DISCOVERED_A_NEW_TERM
2019-07-14 02:54:52,455 INFO  impl.RoleInfo (RoleInfo.java:shutdownLeaderElection(134)) - cbe6c1e6-90cd-41b6-90e6-cc6f9192e6a1: shutdown LeaderElection
2019-07-14 02:54:52,456 INFO  impl.RoleInfo (RoleInfo.java:updateAndGet(143)) - cbe6c1e6-90cd-41b6-90e6-cc6f9192e6a1: start FollowerState
2019-07-14 02:54:52,471 INFO  impl.LeaderElection (LeaderElection.java:logAndReturn(56)) - 95ae6ec2-8596-4754-8976-7d4bf4a95b53:group-199DD20D1CD7:LeaderElection11: Election PASSED; received 2 response(s) [95ae6ec2-8596-4754-8976-7d4bf4a95b53<-8242f012-6252-4e22-8df1-8449a96853c5#0:OK-t1, 95ae6ec2-8596-4754-8976-7d4bf4a95b53<-3b6bb59e-3a86-4ef2-9316-5cf57e18bbf0#0:FAIL-t1] and 0 exception(s); 95ae6ec2-8596-4754-8976-7d4bf4a95b53:t1, leader=null, voted=95ae6ec2-8596-4754-8976-7d4bf4a95b53, raftlog=95ae6ec2-8596-4754-8976-7d4bf4a95b53-SegmentedRaftLog:OPENED:c-1,f-1,i0, conf=-1: [8242f012-6252-4e22-8df1-8449a96853c5:192.168.157.236:44121, 95ae6ec2-8596-4754-8976-7d4bf4a95b53:192.168.157.236:39314, 3b6bb59e-3a86-4ef2-9316-5cf57e18bbf0:192.168.157.236:38899], old=null
2019-07-14 02:54:52,474 INFO  impl.RoleInfo (RoleInfo.java:shutdownLeaderElection(134)) - 95ae6ec2-8596-4754-8976-7d4bf4a95b53: shutdown LeaderElection
2019-07-14 02:54:52,476 INFO  impl.RaftServerImpl (RaftServerImpl.java:setRole(171)) - 95ae6ec2-8596-4754-8976-7d4bf4a95b53:group-199DD20D1CD7 changes role from CANDIDATE to LEADER at term 1 for changeToLeader
2019-07-14 02:54:52,476 INFO  impl.LeaderElection (LeaderElection.java:logAndReturn(56)) - 3b6bb59e-3a86-4ef2-9316-5cf57e18bbf0:group-199DD20D1CD7:LeaderElection12: Election REJECTED; received 2 response(s) [3b6bb59e-3a86-4ef2-9316-5cf57e18bbf0<-8242f012-6252-4e22-8df1-8449a96853c5#0:FAIL-t1, 3b6bb59e-3a86-4ef2-9316-5cf57e18bbf0<-95ae6ec2-8596-4754-8976-7d4bf4a95b53#0:FAIL-t1] and 0 exception(s); 3b6bb59e-3a86-4ef2-9316-5cf57e18bbf0:t1, leader=null, voted=3b6bb59e-3a86-4ef2-9316-5cf57e18bbf0, raftlog=3b6bb59e-3a86-4ef2-9316-5cf57e18bbf0-SegmentedRaftLog:OPENED:c-1,f-1,i0, conf=-1: [8242f012-6252-4e22-8df1-8449a96853c5:192.168.157.236:44121, 95ae6ec2-8596-4754-8976-7d4bf4a95b53:192.168.157.236:39314, 3b6bb59e-3a86-4ef2-9316-5cf57e18bbf0:192.168.157.236:38899], old=null
2019-07-14 02:54:52,476 INFO  impl.RaftServerImpl (ServerState.java:setLeader(263)) - 95ae6ec2-8596-4754-8976-7d4bf4a95b53:group-199DD20D1CD7 change Leader from null to 95ae6ec2-8596-4754-8976-7d4bf4a95b53 at term 1 for becomeLeader, leader elected after 5165ms
2019-07-14 02:54:52,478 INFO  client.GrpcClientProtocolClient (GrpcClientProtocolClient.java:onNext(255)) - client-F16B52941E76->780b4315-a532-44cd-8655-7961763464f0: receive RaftClientReply:client-F16B52941E76->780b4315-a532-44cd-8655-7961763464f0@group-6CF11F53906A, cid=19, FAILED org.apache.ratis.protocol.NotLeaderException: Server 780b4315-a532-44cd-8655-7961763464f0 is not the leader (null). Request must be sent to leader., logIndex=0, commits[780b4315-a532-44cd-8655-7961763464f0:c-1]
2019-07-14 02:54:52,478 INFO  impl.RaftServerImpl (RaftServerImpl.java:setRole(171)) - 3b6bb59e-3a86-4ef2-9316-5cf57e18bbf0:group-199DD20D1CD7 changes role from CANDIDATE to FOLLOWER at term 1 for DISCOVERED_A_NEW_TERM
2019-07-14 02:54:52,490 INFO  impl.RoleInfo (RoleInfo.java:shutdownLeaderElection(134)) - 3b6bb59e-3a86-4ef2-9316-5cf57e18bbf0: shutdown LeaderElection
2019-07-14 02:54:52,488 INFO  server.RaftServerConfigKeys (ConfUtils.java:logGet(43)) - raft.server.staging.catchup.gap = 1000 (default)
2019-07-14 02:54:52,496 INFO  impl.RoleInfo (RoleInfo.java:updateAndGet(143)) - 3b6bb59e-3a86-4ef2-9316-5cf57e18bbf0: start FollowerState
2019-07-14 02:54:52,496 INFO  server.RaftServerConfigKeys (ConfUtils.java:logGet(43)) - raft.server.rpc.sleep.time = 25ms (default)
2019-07-14 02:54:52,497 INFO  server.RaftServerConfigKeys (ConfUtils.java:logGet(43)) - raft.server.write.element-limit = 4096 (default)
2019-07-14 02:54:52,499 INFO  server.RaftServerConfigKeys (ConfUtils.java:logGet(43)) - raft.server.watch.timeout = 10s (default)
2019-07-14 02:54:52,499 INFO  server.RaftServerConfigKeys (ConfUtils.java:logGet(43)) - raft.server.watch.timeout.denomination = 1s (default)
2019-07-14 02:54:52,499 INFO  server.RaftServerConfigKeys (ConfUtils.java:logGet(43)) - raft.server.watch.element-limit = 65536 (default)
2019-07-14 02:54:52,504 INFO  server.RaftServerConfigKeys (ConfUtils.java:logGet(43)) - raft.server.log.appender.snapshot.chunk.size.max = 16MB (=16777216) (default)
2019-07-14 02:54:52,504 INFO  server.RaftServerConfigKeys (ConfUtils.java:logGet(43)) - raft.server.log.appender.buffer.byte-limit = 33554432 (custom)
2019-07-14 02:54:52,505 INFO  server.RaftServerConfigKeys (ConfUtils.java:logGet(43)) - raft.server.log.appender.buffer.element-limit = 1 (custom)
2019-07-14 02:54:52,508 INFO  grpc.GrpcConfigKeys$Server (ConfUtils.java:logGet(43)) - raft.grpc.server.leader.outstanding.appends.max = 128 (default)
2019-07-14 02:54:52,510 INFO  server.RaftServerConfigKeys (ConfUtils.java:logGet(43)) - raft.server.rpc.request.timeout = 3000ms (default)
2019-07-14 02:54:52,510 INFO  server.RaftServerConfigKeys (ConfUtils.java:logGet(43)) - raft.server.log.appender.install.snapshot.enabled = false (custom)
2019-07-14 02:54:52,511 INFO  server.RaftServerConfigKeys (ConfUtils.java:logGet(43)) - raft.server.log.appender.snapshot.chunk.size.max = 16MB (=16777216) (default)
2019-07-14 02:54:52,511 INFO  server.RaftServerConfigKeys (ConfUtils.java:logGet(43)) - raft.server.log.appender.buffer.byte-limit = 33554432 (custom)
2019-07-14 02:54:52,511 INFO  server.RaftServerConfigKeys (ConfUtils.java:logGet(43)) - raft.server.log.appender.buffer.element-limit = 1 (custom)
2019-07-14 02:54:52,511 INFO  grpc.GrpcConfigKeys$Server (ConfUtils.java:logGet(43)) - raft.grpc.server.leader.outstanding.appends.max = 128 (default)
2019-07-14 02:54:52,511 INFO  server.RaftServerConfigKeys (ConfUtils.java:logGet(43)) - raft.server.rpc.request.timeout = 3000ms (default)
2019-07-14 02:54:52,511 INFO  server.RaftServerConfigKeys (ConfUtils.java:logGet(43)) - raft.server.log.appender.install.snapshot.enabled = false (custom)
2019-07-14 02:54:52,513 INFO  impl.RoleInfo (RoleInfo.java:updateAndGet(143)) - 95ae6ec2-8596-4754-8976-7d4bf4a95b53: start LeaderState
2019-07-14 02:54:52,513 INFO  segmented.SegmentedRaftLogWorker (SegmentedRaftLogWorker.java:startLogSegment(380)) - 95ae6ec2-8596-4754-8976-7d4bf4a95b53-SegmentedRaftLogWorker:Storage Directory /tmp/workdir/hadoop-ozone/integration-test/target/test-dir/MiniOzoneClusterImpl-da45e524-b34e-4865-9b65-cd88b92677e8/datanode-5/data/ratis/cb5ea906-b106-409c-9814-199dd20d1cd7: Starting segment from index:0
2019-07-14 02:54:52,514 INFO  impl.RaftServerImpl (ServerState.java:setRaftConf(361)) - 95ae6ec2-8596-4754-8976-7d4bf4a95b53:group-199DD20D1CD7 set configuration 0: [8242f012-6252-4e22-8df1-8449a96853c5:192.168.157.236:44121, 95ae6ec2-8596-4754-8976-7d4bf4a95b53:192.168.157.236:39314, 3b6bb59e-3a86-4ef2-9316-5cf57e18bbf0:192.168.157.236:38899], old=null at 0
2019-07-14 02:54:52,554 INFO  impl.RaftServerImpl (ServerState.java:setLeader(263)) - 3b6bb59e-3a86-4ef2-9316-5cf57e18bbf0:group-199DD20D1CD7 change Leader from null to 95ae6ec2-8596-4754-8976-7d4bf4a95b53 at term 1 for appendEntries, leader elected after 5242ms
2019-07-14 02:54:52,554 INFO  segmented.SegmentedRaftLogWorker (SegmentedRaftLogWorker.java:execute(569)) - 95ae6ec2-8596-4754-8976-7d4bf4a95b53-SegmentedRaftLogWorker:Storage Directory /tmp/workdir/hadoop-ozone/integration-test/target/test-dir/MiniOzoneClusterImpl-da45e524-b34e-4865-9b65-cd88b92677e8/datanode-5/data/ratis/cb5ea906-b106-409c-9814-199dd20d1cd7: created new log segment /tmp/workdir/hadoop-ozone/integration-test/target/test-dir/MiniOzoneClusterImpl-da45e524-b34e-4865-9b65-cd88b92677e8/datanode-5/data/ratis/cb5ea906-b106-409c-9814-199dd20d1cd7/current/log_inprogress_0
2019-07-14 02:54:52,554 INFO  impl.RaftServerImpl (ServerState.java:setLeader(263)) - 8242f012-6252-4e22-8df1-8449a96853c5:group-199DD20D1CD7 change Leader from null to 95ae6ec2-8596-4754-8976-7d4bf4a95b53 at term 1 for appendEntries, leader elected after 5243ms
2019-07-14 02:54:52,591 INFO  impl.RaftServerImpl (ServerState.java:setRaftConf(361)) - 8242f012-6252-4e22-8df1-8449a96853c5:group-199DD20D1CD7 set configuration 0: [8242f012-6252-4e22-8df1-8449a96853c5:192.168.157.236:44121, 95ae6ec2-8596-4754-8976-7d4bf4a95b53:192.168.157.236:39314, 3b6bb59e-3a86-4ef2-9316-5cf57e18bbf0:192.168.157.236:38899], old=null at 0
2019-07-14 02:54:52,591 INFO  impl.RaftServerImpl (ServerState.java:setRaftConf(361)) - 3b6bb59e-3a86-4ef2-9316-5cf57e18bbf0:group-199DD20D1CD7 set configuration 0: [8242f012-6252-4e22-8df1-8449a96853c5:192.168.157.236:44121, 95ae6ec2-8596-4754-8976-7d4bf4a95b53:192.168.157.236:39314, 3b6bb59e-3a86-4ef2-9316-5cf57e18bbf0:192.168.157.236:38899], old=null at 0
2019-07-14 02:54:52,592 INFO  segmented.SegmentedRaftLogWorker (SegmentedRaftLogWorker.java:startLogSegment(380)) - 8242f012-6252-4e22-8df1-8449a96853c5-SegmentedRaftLogWorker:Storage Directory /tmp/workdir/hadoop-ozone/integration-test/target/test-dir/MiniOzoneClusterImpl-da45e524-b34e-4865-9b65-cd88b92677e8/datanode-1/data/ratis/cb5ea906-b106-409c-9814-199dd20d1cd7: Starting segment from index:0
2019-07-14 02:54:52,593 INFO  segmented.SegmentedRaftLogWorker (SegmentedRaftLogWorker.java:startLogSegment(380)) - 3b6bb59e-3a86-4ef2-9316-5cf57e18bbf0-SegmentedRaftLogWorker:Storage Directory /tmp/workdir/hadoop-ozone/integration-test/target/test-dir/MiniOzoneClusterImpl-da45e524-b34e-4865-9b65-cd88b92677e8/datanode-6/data/ratis/cb5ea906-b106-409c-9814-199dd20d1cd7: Starting segment from index:0
2019-07-14 02:54:52,623 INFO  segmented.SegmentedRaftLogWorker (SegmentedRaftLogWorker.java:execute(569)) - 8242f012-6252-4e22-8df1-8449a96853c5-SegmentedRaftLogWorker:Storage Directory /tmp/workdir/hadoop-ozone/integration-test/target/test-dir/MiniOzoneClusterImpl-da45e524-b34e-4865-9b65-cd88b92677e8/datanode-1/data/ratis/cb5ea906-b106-409c-9814-199dd20d1cd7: created new log segment /tmp/workdir/hadoop-ozone/integration-test/target/test-dir/MiniOzoneClusterImpl-da45e524-b34e-4865-9b65-cd88b92677e8/datanode-1/data/ratis/cb5ea906-b106-409c-9814-199dd20d1cd7/current/log_inprogress_0
2019-07-14 02:54:52,623 INFO  segmented.SegmentedRaftLogWorker (SegmentedRaftLogWorker.java:execute(569)) - 3b6bb59e-3a86-4ef2-9316-5cf57e18bbf0-SegmentedRaftLogWorker:Storage Directory /tmp/workdir/hadoop-ozone/integration-test/target/test-dir/MiniOzoneClusterImpl-da45e524-b34e-4865-9b65-cd88b92677e8/datanode-6/data/ratis/cb5ea906-b106-409c-9814-199dd20d1cd7: created new log segment /tmp/workdir/hadoop-ozone/integration-test/target/test-dir/MiniOzoneClusterImpl-da45e524-b34e-4865-9b65-cd88b92677e8/datanode-6/data/ratis/cb5ea906-b106-409c-9814-199dd20d1cd7/current/log_inprogress_0
2019-07-14 02:54:53,518 INFO  client.GrpcClientProtocolClient (GrpcClientProtocolClient.java:onNext(255)) - client-F16B52941E76->8edac3e3-437c-4f26-bd8a-97d18536c9cf: receive RaftClientReply:client-F16B52941E76->8edac3e3-437c-4f26-bd8a-97d18536c9cf@group-6CF11F53906A, cid=19, FAILED org.apache.ratis.protocol.NotLeaderException: Server 8edac3e3-437c-4f26-bd8a-97d18536c9cf is not the leader (null). Request must be sent to leader., logIndex=0, commits[8edac3e3-437c-4f26-bd8a-97d18536c9cf:c-1]
2019-07-14 02:54:54,545 INFO  client.GrpcClientProtocolClient (GrpcClientProtocolClient.java:onNext(255)) - client-F16B52941E76->780b4315-a532-44cd-8655-7961763464f0: receive RaftClientReply:client-F16B52941E76->780b4315-a532-44cd-8655-7961763464f0@group-6CF11F53906A, cid=19, FAILED org.apache.ratis.protocol.NotLeaderException: Server 780b4315-a532-44cd-8655-7961763464f0 is not the leader (null). Request must be sent to leader., logIndex=0, commits[780b4315-a532-44cd-8655-7961763464f0:c-1]
2019-07-14 02:54:55,570 INFO  client.GrpcClientProtocolClient (GrpcClientProtocolClient.java:onNext(255)) - client-F16B52941E76->cbe6c1e6-90cd-41b6-90e6-cc6f9192e6a1: receive RaftClientReply:client-F16B52941E76->cbe6c1e6-90cd-41b6-90e6-cc6f9192e6a1@group-6CF11F53906A, cid=19, FAILED org.apache.ratis.protocol.NotLeaderException: Server cbe6c1e6-90cd-41b6-90e6-cc6f9192e6a1 is not the leader (null). Request must be sent to leader., logIndex=0, commits[cbe6c1e6-90cd-41b6-90e6-cc6f9192e6a1:c-1]
2019-07-14 02:54:56,593 INFO  client.GrpcClientProtocolClient (GrpcClientProtocolClient.java:onNext(255)) - client-F16B52941E76->780b4315-a532-44cd-8655-7961763464f0: receive RaftClientReply:client-F16B52941E76->780b4315-a532-44cd-8655-7961763464f0@group-6CF11F53906A, cid=19, FAILED org.apache.ratis.protocol.NotLeaderException: Server 780b4315-a532-44cd-8655-7961763464f0 is not the leader (null). Request must be sent to leader., logIndex=0, commits[780b4315-a532-44cd-8655-7961763464f0:c-1]
2019-07-14 02:54:56,604 WARN  io.KeyOutputStream (KeyOutputStream.java:handleException(276)) - Encountered exception java.io.IOException: Unexpected Storage Container Exception: java.util.concurrent.CompletionException: java.util.concurrent.CompletionException: org.apache.ratis.protocol.RaftRetryFailureException: Failed RaftClientRequest:client-F16B52941E76->780b4315-a532-44cd-8655-7961763464f0@group-6CF11F53906A, cid=19, seq=1*, RW, org.apache.hadoop.hdds.scm.XceiverClientRatis$$Lambda$309/674659751@77a271b6 for 5 attempts with RetryLimited(maxAttempts=5, sleepTime=1000ms) on the pipeline Pipeline[ Id: 8a75d81e-2afa-42ba-8586-6cf11f53906a, Nodes: 780b4315-a532-44cd-8655-7961763464f0{ip: 192.168.157.236, host: trunk-nightly-k88cw-3644625431, networkLocation: /default-rack, certSerialId: null}cbe6c1e6-90cd-41b6-90e6-cc6f9192e6a1{ip: 192.168.157.236, host: trunk-nightly-k88cw-3644625431, networkLocation: /default-rack, certSerialId: null}8edac3e3-437c-4f26-bd8a-97d18536c9cf{ip: 192.168.157.236, host: trunk-nightly-k88cw-3644625431, networkLocation: /default-rack, certSerialId: null}, Type:RATIS, Factor:THREE, State:OPEN]. The last committed block length is 0, uncommitted data length is 400 retry count 1
2019-07-14 02:54:56,618 WARN  block.BlockManagerImpl (BlockManagerImpl.java:allocateBlock(192)) - Pipeline creation failed for type:RATIS factor:THREE. Retrying get pipelines call once.
org.apache.hadoop.hdds.scm.pipeline.InsufficientDatanodesException: Cannot create pipeline of factor 3 using 1 nodes.
	at org.apache.hadoop.hdds.scm.pipeline.RatisPipelineProvider.create(RatisPipelineProvider.java:151)
	at org.apache.hadoop.hdds.scm.pipeline.PipelineFactory.create(PipelineFactory.java:57)
	at org.apache.hadoop.hdds.scm.pipeline.SCMPipelineManager.createPipeline(SCMPipelineManager.java:149)
	at org.apache.hadoop.hdds.scm.block.BlockManagerImpl.allocateBlock(BlockManagerImpl.java:190)
	at org.apache.hadoop.hdds.scm.server.SCMBlockProtocolServer.allocateBlock(SCMBlockProtocolServer.java:175)
	at org.apache.hadoop.ozone.protocolPB.ScmBlockLocationProtocolServerSideTranslatorPB.allocateScmBlock(ScmBlockLocationProtocolServerSideTranslatorPB.java:153)
	at org.apache.hadoop.ozone.protocolPB.ScmBlockLocationProtocolServerSideTranslatorPB.send(ScmBlockLocationProtocolServerSideTranslatorPB.java:112)
	at org.apache.hadoop.hdds.protocol.proto.ScmBlockLocationProtocolProtos$ScmBlockLocationProtocolService$2.callBlockingMethod(ScmBlockLocationProtocolProtos.java:13157)
	at org.apache.hadoop.ipc.ProtobufRpcEngine$Server$ProtoBufRpcInvoker.call(ProtobufRpcEngine.java:524)
	at org.apache.hadoop.ipc.RPC$Server.call(RPC.java:1025)
	at org.apache.hadoop.ipc.Server$RpcCall.run(Server.java:876)
	at org.apache.hadoop.ipc.Server$RpcCall.run(Server.java:822)
	at java.security.AccessController.doPrivileged(Native Method)
	at javax.security.auth.Subject.doAs(Subject.java:422)
	at org.apache.hadoop.security.UserGroupInformation.doAs(UserGroupInformation.java:1730)
	at org.apache.hadoop.ipc.Server$Handler.run(Server.java:2682)
2019-07-14 02:54:56,622 INFO  block.BlockManagerImpl (BlockManagerImpl.java:allocateBlock(198)) - Could not find available pipeline of type:RATIS and factor:THREE even after retrying
2019-07-14 02:54:56,623 ERROR block.BlockManagerImpl (BlockManagerImpl.java:allocateBlock(222)) - Unable to allocate a block for the size: 800, type: RATIS, factor: THREE
02:54:56.629 [IPC Server handler 12 on 33442] ERROR OMAudit - user=jenkins1000 | ip=127.0.0.1 | op=ALLOCATE_BLOCK {volume=watchforcommithandlingtest, bucket=watchforcommithandlingtest, key=d57e0799-c122-4be8-a641-3832846a8251, dataSize=0, replicationType=null, replicationFactor=null, keyLocationInfo=null, clientID=102437544782921728} | ret=FAILURE
org.apache.hadoop.hdds.scm.exceptions.SCMException: Allocated 0 blocks. Requested 1 blocks
	at org.apache.hadoop.hdds.scm.protocolPB.ScmBlockLocationProtocolClientSideTranslatorPB.handleError(ScmBlockLocationProtocolClientSideTranslatorPB.java:118) ~[hadoop-hdds-common-0.5.0-SNAPSHOT.jar:?]
	at org.apache.hadoop.hdds.scm.protocolPB.ScmBlockLocationProtocolClientSideTranslatorPB.allocateBlock(ScmBlockLocationProtocolClientSideTranslatorPB.java:156) ~[hadoop-hdds-common-0.5.0-SNAPSHOT.jar:?]
	at sun.reflect.NativeMethodAccessorImpl.invoke0(Native Method) ~[?:1.8.0_212]
	at sun.reflect.NativeMethodAccessorImpl.invoke(NativeMethodAccessorImpl.java:62) ~[?:1.8.0_212]
	at sun.reflect.DelegatingMethodAccessorImpl.invoke(DelegatingMethodAccessorImpl.java:43) ~[?:1.8.0_212]
	at java.lang.reflect.Method.invoke(Method.java:498) ~[?:1.8.0_212]
	at org.apache.hadoop.hdds.tracing.TraceAllMethod.invoke(TraceAllMethod.java:66) ~[hadoop-hdds-common-0.5.0-SNAPSHOT.jar:?]
	at com.sun.proxy.$Proxy25.allocateBlock(Unknown Source) ~[?:?]
	at org.apache.hadoop.ozone.om.KeyManagerImpl.allocateBlock(KeyManagerImpl.java:355) ~[hadoop-ozone-ozone-manager-0.5.0-SNAPSHOT.jar:?]
	at org.apache.hadoop.ozone.om.KeyManagerImpl.allocateBlock(KeyManagerImpl.java:323) ~[hadoop-ozone-ozone-manager-0.5.0-SNAPSHOT.jar:?]
	at org.apache.hadoop.ozone.om.OzoneManager.allocateBlock(OzoneManager.java:2349) [hadoop-ozone-ozone-manager-0.5.0-SNAPSHOT.jar:?]
	at org.apache.hadoop.ozone.protocolPB.OzoneManagerRequestHandler.allocateBlock(OzoneManagerRequestHandler.java:754) [hadoop-ozone-ozone-manager-0.5.0-SNAPSHOT.jar:?]
	at org.apache.hadoop.ozone.protocolPB.OzoneManagerRequestHandler.handle(OzoneManagerRequestHandler.java:249) [hadoop-ozone-ozone-manager-0.5.0-SNAPSHOT.jar:?]
	at org.apache.hadoop.ozone.protocolPB.OzoneManagerProtocolServerSideTranslatorPB.submitRequestDirectlyToOM(OzoneManagerProtocolServerSideTranslatorPB.java:192) [hadoop-ozone-ozone-manager-0.5.0-SNAPSHOT.jar:?]
	at org.apache.hadoop.ozone.protocolPB.OzoneManagerProtocolServerSideTranslatorPB.submitRequest(OzoneManagerProtocolServerSideTranslatorPB.java:110) [hadoop-ozone-ozone-manager-0.5.0-SNAPSHOT.jar:?]
	at org.apache.hadoop.ozone.protocol.proto.OzoneManagerProtocolProtos$OzoneManagerService$2.callBlockingMethod(OzoneManagerProtocolProtos.java) [hadoop-ozone-common-0.5.0-SNAPSHOT.jar:?]
	at org.apache.hadoop.ipc.ProtobufRpcEngine$Server$ProtoBufRpcInvoker.call(ProtobufRpcEngine.java:524) [hadoop-common-3.2.0.jar:?]
	at org.apache.hadoop.ipc.RPC$Server.call(RPC.java:1025) [hadoop-common-3.2.0.jar:?]
	at org.apache.hadoop.ipc.Server$RpcCall.run(Server.java:876) [hadoop-common-3.2.0.jar:?]
	at org.apache.hadoop.ipc.Server$RpcCall.run(Server.java:822) [hadoop-common-3.2.0.jar:?]
	at java.security.AccessController.doPrivileged(Native Method) [?:1.8.0_212]
	at javax.security.auth.Subject.doAs(Subject.java:422) [?:1.8.0_212]
	at org.apache.hadoop.security.UserGroupInformation.doAs(UserGroupInformation.java:1730) [hadoop-common-3.2.0.jar:?]
	at org.apache.hadoop.ipc.Server$Handler.run(Server.java:2682) [hadoop-common-3.2.0.jar:?]
2019-07-14 02:54:56,647 ERROR io.BlockOutputStreamEntryPool (BlockOutputStreamEntryPool.java:allocateBlockIfNeeded(299)) - Try to allocate more blocks for write failed, already allocated 0 blocks for this write.
INTERNAL_ERROR org.apache.hadoop.ozone.om.exceptions.OMException: Allocated 0 blocks. Requested 1 blocks
	at org.apache.hadoop.ozone.om.protocolPB.OzoneManagerProtocolClientSideTranslatorPB.handleError(OzoneManagerProtocolClientSideTranslatorPB.java:720)
	at org.apache.hadoop.ozone.om.protocolPB.OzoneManagerProtocolClientSideTranslatorPB.allocateBlock(OzoneManagerProtocolClientSideTranslatorPB.java:752)
	at org.apache.hadoop.ozone.client.io.BlockOutputStreamEntryPool.allocateNewBlock(BlockOutputStreamEntryPool.java:248)
	at org.apache.hadoop.ozone.client.io.BlockOutputStreamEntryPool.allocateBlockIfNeeded(BlockOutputStreamEntryPool.java:296)
	at org.apache.hadoop.ozone.client.io.KeyOutputStream.handleWrite(KeyOutputStream.java:201)
	at org.apache.hadoop.ozone.client.io.KeyOutputStream.handleRetry(KeyOutputStream.java:376)
	at org.apache.hadoop.ozone.client.io.KeyOutputStream.handleException(KeyOutputStream.java:325)
	at org.apache.hadoop.ozone.client.io.KeyOutputStream.handleWrite(KeyOutputStream.java:231)
	at org.apache.hadoop.ozone.client.io.KeyOutputStream.handleRetry(KeyOutputStream.java:376)
	at org.apache.hadoop.ozone.client.io.KeyOutputStream.handleException(KeyOutputStream.java:325)
	at org.apache.hadoop.ozone.client.io.KeyOutputStream.handleWrite(KeyOutputStream.java:231)
	at org.apache.hadoop.ozone.client.io.KeyOutputStream.write(KeyOutputStream.java:193)
	at org.apache.hadoop.ozone.client.io.OzoneOutputStream.write(OzoneOutputStream.java:49)
	at java.io.OutputStream.write(OutputStream.java:75)
	at org.apache.hadoop.ozone.client.rpc.TestWatchForCommit.testWatchForCommitWithKeyWrite(TestWatchForCommit.java:158)
	at sun.reflect.NativeMethodAccessorImpl.invoke0(Native Method)
	at sun.reflect.NativeMethodAccessorImpl.invoke(NativeMethodAccessorImpl.java:62)
	at sun.reflect.DelegatingMethodAccessorImpl.invoke(DelegatingMethodAccessorImpl.java:43)
	at java.lang.reflect.Method.invoke(Method.java:498)
	at org.junit.runners.model.FrameworkMethod$1.runReflectiveCall(FrameworkMethod.java:47)
	at org.junit.internal.runners.model.ReflectiveCallable.run(ReflectiveCallable.java:12)
	at org.junit.runners.model.FrameworkMethod.invokeExplosively(FrameworkMethod.java:44)
	at org.junit.internal.runners.statements.InvokeMethod.evaluate(InvokeMethod.java:17)
	at org.junit.runners.ParentRunner.runLeaf(ParentRunner.java:271)
	at org.junit.runners.BlockJUnit4ClassRunner.runChild(BlockJUnit4ClassRunner.java:70)
	at org.junit.runners.BlockJUnit4ClassRunner.runChild(BlockJUnit4ClassRunner.java:50)
	at org.junit.runners.ParentRunner$3.run(ParentRunner.java:238)
	at org.junit.runners.ParentRunner$1.schedule(ParentRunner.java:63)
	at org.junit.runners.ParentRunner.runChildren(ParentRunner.java:236)
	at org.junit.runners.ParentRunner.access$000(ParentRunner.java:53)
	at org.junit.runners.ParentRunner$2.evaluate(ParentRunner.java:229)
	at org.junit.runners.ParentRunner.run(ParentRunner.java:309)
	at org.apache.maven.surefire.junit4.JUnit4Provider.execute(JUnit4Provider.java:365)
	at org.apache.maven.surefire.junit4.JUnit4Provider.executeWithRerun(JUnit4Provider.java:273)
	at org.apache.maven.surefire.junit4.JUnit4Provider.executeTestSet(JUnit4Provider.java:238)
	at org.apache.maven.surefire.junit4.JUnit4Provider.invoke(JUnit4Provider.java:159)
	at org.apache.maven.surefire.booter.ForkedBooter.invokeProviderInSameClassLoader(ForkedBooter.java:384)
	at org.apache.maven.surefire.booter.ForkedBooter.runSuitesInProcess(ForkedBooter.java:345)
	at org.apache.maven.surefire.booter.ForkedBooter.execute(ForkedBooter.java:126)
	at org.apache.maven.surefire.booter.ForkedBooter.main(ForkedBooter.java:418)
]]></system-out>
    <system-err><![CDATA[ERROR StatusLogger No Log4j 2 configuration file found. Using default configuration (logging only errors to the console), or user programmatically provided configurations. Set system property 'log4j2.debug' to show Log4j 2 internal initialization logging. See https://logging.apache.org/log4j/2.x/manual/configuration.html for instructions on how to configure Log4j 2
Jul 14, 2019 2:54:40 AM com.sun.jersey.server.impl.application.WebApplicationImpl _initiate
INFO: Initiating Jersey application, version 'Jersey: 1.19 02/11/2015 03:25 AM'
Jul 14, 2019 2:54:41 AM com.sun.jersey.server.impl.application.WebApplicationImpl _initiate
INFO: Initiating Jersey application, version 'Jersey: 1.19 02/11/2015 03:25 AM'
Jul 14, 2019 2:54:41 AM com.sun.jersey.server.impl.application.WebApplicationImpl _initiate
INFO: Initiating Jersey application, version 'Jersey: 1.19 02/11/2015 03:25 AM'
Jul 14, 2019 2:54:41 AM com.sun.jersey.server.impl.application.WebApplicationImpl _initiate
INFO: Initiating Jersey application, version 'Jersey: 1.19 02/11/2015 03:25 AM'
Jul 14, 2019 2:54:41 AM com.sun.jersey.server.impl.application.WebApplicationImpl _initiate
INFO: Initiating Jersey application, version 'Jersey: 1.19 02/11/2015 03:25 AM'
Jul 14, 2019 2:54:42 AM com.sun.jersey.server.impl.application.WebApplicationImpl _initiate
INFO: Initiating Jersey application, version 'Jersey: 1.19 02/11/2015 03:25 AM'
Jul 14, 2019 2:54:42 AM com.sun.jersey.server.impl.application.WebApplicationImpl _initiate
INFO: Initiating Jersey application, version 'Jersey: 1.19 02/11/2015 03:25 AM'
]]></system-err>
  </testcase>
  <testcase name="testWatchForCommitWithSmallerTimeoutValue" classname="org.apache.hadoop.ozone.client.rpc.TestWatchForCommit" time="44.011"/>
  <testcase name="testWatchForCommitForRetryfailure" classname="org.apache.hadoop.ozone.client.rpc.TestWatchForCommit" time="53.348"/>
  <testcase name="testWatchForCommitForGroupMismatchException" classname="org.apache.hadoop.ozone.client.rpc.TestWatchForCommit" time="32.908"/>
  <testcase name="test2WayCommitForTimeoutException" classname="org.apache.hadoop.ozone.client.rpc.TestWatchForCommit" time="35.846"/>
  <testcase name="test2WayCommitForRetryfailure" classname="org.apache.hadoop.ozone.client.rpc.TestWatchForCommit" time="43.418"/>
</testsuite>