<?xml version="1.0" encoding="UTF-8"?>
<testsuite xmlns:xsi="http://www.w3.org/2001/XMLSchema-instance" xsi:noNamespaceSchemaLocation="https://maven.apache.org/surefire/maven-surefire-plugin/xsd/surefire-test-report.xsd" name="org.apache.hadoop.ozone.client.rpc.TestReadRetries" time="49.392" tests="1" errors="1" skipped="0" failures="0">
  <properties>
    <property name="awt.toolkit" value="sun.awt.X11.XToolkit"/>
    <property name="file.encoding.pkg" value="sun.io"/>
    <property name="java.specification.version" value="1.8"/>
    <property name="sun.cpu.isalist" value=""/>
    <property name="sun.jnu.encoding" value="UTF-8"/>
    <property name="java.class.path" value="/tmp/workdir/hadoop-ozone/integration-test/target/test-classes:/tmp/workdir/hadoop-ozone/integration-test/target/classes:/home/user/.m2/repository/org/apache/hadoop/hadoop-ozone-common/0.5.0-SNAPSHOT/hadoop-ozone-common-0.5.0-SNAPSHOT.jar:/home/user/.m2/repository/org/apache/commons/commons-compress/1.4.1/commons-compress-1.4.1.jar:/home/user/.m2/repository/org/tukaani/xz/1.0/xz-1.0.jar:/home/user/.m2/repository/org/apache/hadoop/hadoop-common/3.2.0/hadoop-common-3.2.0.jar:/home/user/.m2/repository/org/apache/hadoop/hadoop-hdfs/3.2.0/hadoop-hdfs-3.2.0.jar:/home/user/.m2/repository/org/apache/hadoop/hadoop-hdfs-client/3.2.0/hadoop-hdfs-client-3.2.0.jar:/home/user/.m2/repository/com/fasterxml/jackson/core/jackson-annotations/2.9.5/jackson-annotations-2.9.5.jar:/home/user/.m2/repository/org/apache/hadoop/hadoop-hdds-common/0.5.0-SNAPSHOT/hadoop-hdds-common-0.5.0-SNAPSHOT.jar:/home/user/.m2/repository/javax/annotation/javax.annotation-api/1.2/javax.annotation-api-1.2.jar:/home/user/.m2/repository/org/apache/ratis/ratis-server/0.4.0-2337318-SNAPSHOT/ratis-server-0.4.0-2337318-SNAPSHOT.jar:/home/user/.m2/repository/org/apache/ratis/ratis-thirdparty-misc/0.2.0/ratis-thirdparty-misc-0.2.0.jar:/home/user/.m2/repository/org/apache/ratis/ratis-proto/0.4.0-2337318-SNAPSHOT/ratis-proto-0.4.0-2337318-SNAPSHOT.jar:/home/user/.m2/repository/org/apache/ratis/ratis-common/0.4.0-2337318-SNAPSHOT/ratis-common-0.4.0-2337318-SNAPSHOT.jar:/home/user/.m2/repository/org/apache/ratis/ratis-client/0.4.0-2337318-SNAPSHOT/ratis-client-0.4.0-2337318-SNAPSHOT.jar:/home/user/.m2/repository/org/apache/ratis/ratis-metrics/0.4.0-2337318-SNAPSHOT/ratis-metrics-0.4.0-2337318-SNAPSHOT.jar:/home/user/.m2/repository/org/apache/ratis/ratis-netty/0.4.0-2337318-SNAPSHOT/ratis-netty-0.4.0-2337318-SNAPSHOT.jar:/home/user/.m2/repository/org/apache/ratis/ratis-grpc/0.4.0-2337318-SNAPSHOT/ratis-grpc-0.4.0-2337318-SNAPSHOT.jar:/home/user/.m2/repository/org/rocksdb/rocksdbjni/6.0.1/rocksdbjni-6.0.1.jar:/home/user/.m2/repository/org/apache/logging/log4j/log4j-api/2.11.0/log4j-api-2.11.0.jar:/home/user/.m2/repository/org/apache/logging/log4j/log4j-core/2.11.0/log4j-core-2.11.0.jar:/home/user/.m2/repository/com/lmax/disruptor/3.4.2/disruptor-3.4.2.jar:/home/user/.m2/repository/org/apache/commons/commons-pool2/2.6.0/commons-pool2-2.6.0.jar:/home/user/.m2/repository/org/bouncycastle/bcpkix-jdk15on/1.60/bcpkix-jdk15on-1.60.jar:/home/user/.m2/repository/commons-validator/commons-validator/1.6/commons-validator-1.6.jar:/home/user/.m2/repository/commons-digester/commons-digester/1.8.1/commons-digester-1.8.1.jar:/home/user/.m2/repository/io/jaegertracing/jaeger-client/0.33.1/jaeger-client-0.33.1.jar:/home/user/.m2/repository/io/jaegertracing/jaeger-thrift/0.33.1/jaeger-thrift-0.33.1.jar:/home/user/.m2/repository/org/apache/thrift/libthrift/0.11.0/libthrift-0.11.0.jar:/home/user/.m2/repository/com/squareup/okhttp3/okhttp/3.9.0/okhttp-3.9.0.jar:/home/user/.m2/repository/com/squareup/okio/okio/1.13.0/okio-1.13.0.jar:/home/user/.m2/repository/io/jaegertracing/jaeger-core/0.33.1/jaeger-core-0.33.1.jar:/home/user/.m2/repository/io/jaegertracing/jaeger-tracerresolver/0.33.1/jaeger-tracerresolver-0.33.1.jar:/home/user/.m2/repository/io/opentracing/contrib/opentracing-tracerresolver/0.1.5/opentracing-tracerresolver-0.1.5.jar:/home/user/.m2/repository/io/opentracing/opentracing-util/0.31.0/opentracing-util-0.31.0.jar:/home/user/.m2/repository/io/opentracing/opentracing-api/0.31.0/opentracing-api-0.31.0.jar:/home/user/.m2/repository/io/opentracing/opentracing-noop/0.31.0/opentracing-noop-0.31.0.jar:/home/user/.m2/repository/org/apache/hadoop/hadoop-hdds-server-framework/0.5.0-SNAPSHOT/hadoop-hdds-server-framework-0.5.0-SNAPSHOT.jar:/home/user/.m2/repository/org/apache/hadoop/hadoop-hdds-container-service/0.5.0-SNAPSHOT/hadoop-hdds-container-service-0.5.0-SNAPSHOT.jar:/home/user/.m2/repository/org/apache/hadoop/hadoop-hdds-client/0.5.0-SNAPSHOT/hadoop-hdds-client-0.5.0-SNAPSHOT.jar:/home/user/.m2/repository/org/apache/hadoop/hadoop-hdds-tools/0.5.0-SNAPSHOT/hadoop-hdds-tools-0.5.0-SNAPSHOT.jar:/home/user/.m2/repository/org/apache/hadoop/hadoop-hdds-server-scm/0.5.0-SNAPSHOT/hadoop-hdds-server-scm-0.5.0-SNAPSHOT.jar:/home/user/.m2/repository/org/apache/hadoop/hadoop-hdds-docs/0.5.0-SNAPSHOT/hadoop-hdds-docs-0.5.0-SNAPSHOT.jar:/home/user/.m2/repository/io/dropwizard/metrics/metrics-core/3.2.4/metrics-core-3.2.4.jar:/home/user/.m2/repository/org/hamcrest/hamcrest-all/1.3/hamcrest-all-1.3.jar:/home/user/.m2/repository/org/bouncycastle/bcprov-jdk15on/1.60/bcprov-jdk15on-1.60.jar:/home/user/.m2/repository/info/picocli/picocli/3.9.6/picocli-3.9.6.jar:/home/user/.m2/repository/com/google/protobuf/protobuf-java/2.5.0/protobuf-java-2.5.0.jar:/home/user/.m2/repository/com/google/guava/guava/11.0.2/guava-11.0.2.jar:/home/user/.m2/repository/org/apache/hadoop/hadoop-ozone-ozone-manager/0.5.0-SNAPSHOT/hadoop-ozone-ozone-manager-0.5.0-SNAPSHOT.jar:/home/user/.m2/repository/org/apache/hadoop/hadoop-minikdc/3.2.0/hadoop-minikdc-3.2.0.jar:/home/user/.m2/repository/commons-io/commons-io/2.5/commons-io-2.5.jar:/home/user/.m2/repository/org/apache/kerby/kerb-simplekdc/1.0.1/kerb-simplekdc-1.0.1.jar:/home/user/.m2/repository/org/apache/kerby/kerb-client/1.0.1/kerb-client-1.0.1.jar:/home/user/.m2/repository/org/apache/kerby/kerby-config/1.0.1/kerby-config-1.0.1.jar:/home/user/.m2/repository/org/apache/kerby/kerb-core/1.0.1/kerb-core-1.0.1.jar:/home/user/.m2/repository/org/apache/kerby/kerby-pkix/1.0.1/kerby-pkix-1.0.1.jar:/home/user/.m2/repository/org/apache/kerby/kerby-asn1/1.0.1/kerby-asn1-1.0.1.jar:/home/user/.m2/repository/org/apache/kerby/kerby-util/1.0.1/kerby-util-1.0.1.jar:/home/user/.m2/repository/org/apache/kerby/kerb-common/1.0.1/kerb-common-1.0.1.jar:/home/user/.m2/repository/org/apache/kerby/kerb-crypto/1.0.1/kerb-crypto-1.0.1.jar:/home/user/.m2/repository/org/apache/kerby/kerb-util/1.0.1/kerb-util-1.0.1.jar:/home/user/.m2/repository/org/apache/kerby/token-provider/1.0.1/token-provider-1.0.1.jar:/home/user/.m2/repository/org/apache/kerby/kerb-admin/1.0.1/kerb-admin-1.0.1.jar:/home/user/.m2/repository/org/apache/kerby/kerb-server/1.0.1/kerb-server-1.0.1.jar:/home/user/.m2/repository/org/apache/kerby/kerb-identity/1.0.1/kerb-identity-1.0.1.jar:/home/user/.m2/repository/org/apache/kerby/kerby-xdr/1.0.1/kerby-xdr-1.0.1.jar:/home/user/.m2/repository/org/slf4j/slf4j-log4j12/1.7.25/slf4j-log4j12-1.7.25.jar:/home/user/.m2/repository/org/apache/hadoop/hadoop-ozone-objectstore-service/0.5.0-SNAPSHOT/hadoop-ozone-objectstore-service-0.5.0-SNAPSHOT.jar:/home/user/.m2/repository/org/apache/hadoop/hadoop-ozone-s3gateway/0.5.0-SNAPSHOT/hadoop-ozone-s3gateway-0.5.0-SNAPSHOT.jar:/home/user/.m2/repository/org/jboss/weld/servlet/weld-servlet/2.4.7.Final/weld-servlet-2.4.7.Final.jar:/home/user/.m2/repository/org/glassfish/jersey/containers/jersey-container-servlet-core/2.27/jersey-container-servlet-core-2.27.jar:/home/user/.m2/repository/org/glassfish/hk2/external/javax.inject/2.5.0-b42/javax.inject-2.5.0-b42.jar:/home/user/.m2/repository/org/glassfish/jersey/core/jersey-common/2.27/jersey-common-2.27.jar:/home/user/.m2/repository/org/glassfish/hk2/osgi-resource-locator/1.0.1/osgi-resource-locator-1.0.1.jar:/home/user/.m2/repository/javax/ws/rs/javax.ws.rs-api/2.1/javax.ws.rs-api-2.1.jar:/home/user/.m2/repository/org/glassfish/jersey/ext/cdi/jersey-cdi1x/2.27/jersey-cdi1x-2.27.jar:/home/user/.m2/repository/org/glassfish/jersey/inject/jersey-hk2/2.27/jersey-hk2-2.27.jar:/home/user/.m2/repository/org/glassfish/hk2/hk2-locator/2.5.0-b42/hk2-locator-2.5.0-b42.jar:/home/user/.m2/repository/org/javassist/javassist/3.22.0-CR2/javassist-3.22.0-CR2.jar:/home/user/.m2/repository/org/glassfish/hk2/hk2-api/2.5.0/hk2-api-2.5.0.jar:/home/user/.m2/repository/org/glassfish/hk2/external/jakarta.inject/2.5.0/jakarta.inject-2.5.0.jar:/home/user/.m2/repository/org/glassfish/hk2/hk2-utils/2.5.0/hk2-utils-2.5.0.jar:/home/user/.m2/repository/jakarta/annotation/jakarta.annotation-api/1.3.4/jakarta.annotation-api-1.3.4.jar:/home/user/.m2/repository/org/glassfish/hk2/external/aopalliance-repackaged/2.5.0/aopalliance-repackaged-2.5.0.jar:/home/user/.m2/repository/com/fasterxml/jackson/dataformat/jackson-dataformat-xml/2.9.0/jackson-dataformat-xml-2.9.0.jar:/home/user/.m2/repository/com/fasterxml/jackson/core/jackson-core/2.9.5/jackson-core-2.9.5.jar:/home/user/.m2/repository/com/fasterxml/jackson/module/jackson-module-jaxb-annotations/2.9.5/jackson-module-jaxb-annotations-2.9.5.jar:/home/user/.m2/repository/javax/enterprise/cdi-api/1.2/cdi-api-1.2.jar:/home/user/.m2/repository/javax/el/javax.el-api/3.0.0/javax.el-api-3.0.0.jar:/home/user/.m2/repository/javax/interceptor/javax.interceptor-api/1.2/javax.interceptor-api-1.2.jar:/home/user/.m2/repository/javax/inject/javax.inject/1/javax.inject-1.jar:/home/user/.m2/repository/com/sun/xml/bind/jaxb-impl/2.3.0.1/jaxb-impl-2.3.0.1.jar:/home/user/.m2/repository/com/sun/xml/bind/jaxb-core/2.3.0.1/jaxb-core-2.3.0.1.jar:/home/user/.m2/repository/javax/xml/bind/jaxb-api/2.3.0/jaxb-api-2.3.0.jar:/home/user/.m2/repository/javax/activation/activation/1.1.1/activation-1.1.1.jar:/home/user/.m2/repository/org/apache/hadoop/hadoop-ozone-csi/0.5.0-SNAPSHOT/hadoop-ozone-csi-0.5.0-SNAPSHOT.jar:/home/user/.m2/repository/com/google/protobuf/protobuf-java-util/3.5.1/protobuf-java-util-3.5.1.jar:/home/user/.m2/repository/org/apache/hadoop/hadoop-hdds-config/0.5.0-SNAPSHOT/hadoop-hdds-config-0.5.0-SNAPSHOT.jar:/home/user/.m2/repository/io/grpc/grpc-netty/1.17.1/grpc-netty-1.17.1.jar:/home/user/.m2/repository/io/grpc/grpc-core/1.17.1/grpc-core-1.17.1.jar:/home/user/.m2/repository/io/grpc/grpc-context/1.17.1/grpc-context-1.17.1.jar:/home/user/.m2/repository/com/google/errorprone/error_prone_annotations/2.2.0/error_prone_annotations-2.2.0.jar:/home/user/.m2/repository/org/codehaus/mojo/animal-sniffer-annotations/1.17/animal-sniffer-annotations-1.17.jar:/home/user/.m2/repository/io/opencensus/opencensus-api/0.17.0/opencensus-api-0.17.0.jar:/home/user/.m2/repository/io/opencensus/opencensus-contrib-grpc-metrics/0.17.0/opencensus-contrib-grpc-metrics-0.17.0.jar:/home/user/.m2/repository/io/netty/netty-codec-http2/4.1.30.Final/netty-codec-http2-4.1.30.Final.jar:/home/user/.m2/repository/io/netty/netty-codec-http/4.1.30.Final/netty-codec-http-4.1.30.Final.jar:/home/user/.m2/repository/io/netty/netty-codec/4.1.30.Final/netty-codec-4.1.30.Final.jar:/home/user/.m2/repository/io/netty/netty-handler/4.1.30.Final/netty-handler-4.1.30.Final.jar:/home/user/.m2/repository/io/netty/netty-handler-proxy/4.1.30.Final/netty-handler-proxy-4.1.30.Final.jar:/home/user/.m2/repository/io/netty/netty-codec-socks/4.1.30.Final/netty-codec-socks-4.1.30.Final.jar:/home/user/.m2/repository/io/netty/netty-transport-native-epoll/4.1.30.Final/netty-transport-native-epoll-4.1.30.Final.jar:/home/user/.m2/repository/io/netty/netty-common/4.1.30.Final/netty-common-4.1.30.Final.jar:/home/user/.m2/repository/io/netty/netty-buffer/4.1.30.Final/netty-buffer-4.1.30.Final.jar:/home/user/.m2/repository/io/netty/netty-transport/4.1.30.Final/netty-transport-4.1.30.Final.jar:/home/user/.m2/repository/io/netty/netty-resolver/4.1.30.Final/netty-resolver-4.1.30.Final.jar:/home/user/.m2/repository/io/netty/netty-transport-native-unix-common/4.1.30.Final/netty-transport-native-unix-common-4.1.30.Final.jar:/home/user/.m2/repository/io/grpc/grpc-protobuf/1.17.1/grpc-protobuf-1.17.1.jar:/home/user/.m2/repository/com/google/api/grpc/proto-google-common-protos/1.0.0/proto-google-common-protos-1.0.0.jar:/home/user/.m2/repository/io/grpc/grpc-protobuf-lite/1.17.1/grpc-protobuf-lite-1.17.1.jar:/home/user/.m2/repository/io/grpc/grpc-stub/1.17.1/grpc-stub-1.17.1.jar:/home/user/.m2/repository/org/apache/hadoop/hadoop-ozone-recon/0.5.0-SNAPSHOT/hadoop-ozone-recon-0.5.0-SNAPSHOT.jar:/home/user/.m2/repository/org/apache/hadoop/hadoop-ozone-reconcodegen/0.5.0-SNAPSHOT/hadoop-ozone-reconcodegen-0.5.0-SNAPSHOT.jar:/home/user/.m2/repository/com/google/inject/extensions/guice-multibindings/4.0/guice-multibindings-4.0.jar:/home/user/.m2/repository/com/google/inject/guice/4.0/guice-4.0.jar:/home/user/.m2/repository/aopalliance/aopalliance/1.0/aopalliance-1.0.jar:/home/user/.m2/repository/com/google/inject/extensions/guice-servlet/4.0/guice-servlet-4.0.jar:/home/user/.m2/repository/org/glassfish/jersey/containers/jersey-container-servlet/2.27/jersey-container-servlet-2.27.jar:/home/user/.m2/repository/org/glassfish/hk2/guice-bridge/2.5.0/guice-bridge-2.5.0.jar:/home/user/.m2/repository/org/glassfish/jersey/core/jersey-server/2.27/jersey-server-2.27.jar:/home/user/.m2/repository/org/glassfish/jersey/core/jersey-client/2.27/jersey-client-2.27.jar:/home/user/.m2/repository/org/glassfish/jersey/media/jersey-media-jaxb/2.27/jersey-media-jaxb-2.27.jar:/home/user/.m2/repository/javax/validation/validation-api/1.1.0.Final/validation-api-1.1.0.Final.jar:/home/user/.m2/repository/org/glassfish/jersey/media/jersey-media-json-jackson/2.27/jersey-media-json-jackson-2.27.jar:/home/user/.m2/repository/org/glassfish/jersey/ext/jersey-entity-filtering/2.27/jersey-entity-filtering-2.27.jar:/home/user/.m2/repository/com/google/inject/extensions/guice-assistedinject/4.0/guice-assistedinject-4.0.jar:/home/user/.m2/repository/org/jooq/jooq/3.11.10/jooq-3.11.10.jar:/home/user/.m2/repository/org/jooq/jooq-meta/3.11.10/jooq-meta-3.11.10.jar:/home/user/.m2/repository/org/jooq/jooq-codegen/3.11.10/jooq-codegen-3.11.10.jar:/home/user/.m2/repository/com/jolbox/bonecp/0.8.0.RELEASE/bonecp-0.8.0.RELEASE.jar:/home/user/.m2/repository/org/xerial/sqlite-jdbc/3.25.2/sqlite-jdbc-3.25.2.jar:/home/user/.m2/repository/org/springframework/spring-jdbc/5.1.3.RELEASE/spring-jdbc-5.1.3.RELEASE.jar:/home/user/.m2/repository/org/springframework/spring-beans/5.1.3.RELEASE/spring-beans-5.1.3.RELEASE.jar:/home/user/.m2/repository/org/springframework/spring-core/5.1.3.RELEASE/spring-core-5.1.3.RELEASE.jar:/home/user/.m2/repository/org/springframework/spring-jcl/5.1.3.RELEASE/spring-jcl-5.1.3.RELEASE.jar:/home/user/.m2/repository/org/springframework/spring-tx/5.1.3.RELEASE/spring-tx-5.1.3.RELEASE.jar:/home/user/.m2/repository/org/apache/hadoop/hadoop-ozone-client/0.5.0-SNAPSHOT/hadoop-ozone-client-0.5.0-SNAPSHOT.jar:/home/user/.m2/repository/commons-lang/commons-lang/2.6/commons-lang-2.6.jar:/home/user/.m2/repository/org/apache/hadoop/hadoop-ozone-ozone-manager/0.5.0-SNAPSHOT/hadoop-ozone-ozone-manager-0.5.0-SNAPSHOT-tests.jar:/home/user/.m2/repository/junit/junit/4.11/junit-4.11.jar:/home/user/.m2/repository/org/hamcrest/hamcrest-core/1.3/hamcrest-core-1.3.jar:/home/user/.m2/repository/org/openjdk/jmh/jmh-core/1.19/jmh-core-1.19.jar:/home/user/.m2/repository/net/sf/jopt-simple/jopt-simple/4.6/jopt-simple-4.6.jar:/home/user/.m2/repository/org/apache/commons/commons-math3/3.1.1/commons-math3-3.1.1.jar:/home/user/.m2/repository/org/openjdk/jmh/jmh-generator-annprocess/1.19/jmh-generator-annprocess-1.19.jar:/home/user/.m2/repository/org/mockito/mockito-all/1.8.5/mockito-all-1.8.5.jar:/home/user/.m2/repository/org/apache/hadoop/hadoop-kms/3.2.0/hadoop-kms-3.2.0.jar:/home/user/.m2/repository/org/apache/hadoop/hadoop-auth/3.2.0/hadoop-auth-3.2.0.jar:/home/user/.m2/repository/com/nimbusds/nimbus-jose-jwt/4.41.1/nimbus-jose-jwt-4.41.1.jar:/home/user/.m2/repository/com/github/stephenc/jcip/jcip-annotations/1.0-1/jcip-annotations-1.0-1.jar:/home/user/.m2/repository/net/minidev/json-smart/2.3/json-smart-2.3.jar:/home/user/.m2/repository/net/minidev/accessors-smart/1.2/accessors-smart-1.2.jar:/home/user/.m2/repository/org/ow2/asm/asm/5.0.4/asm-5.0.4.jar:/home/user/.m2/repository/org/apache/curator/curator-framework/2.12.0/curator-framework-2.12.0.jar:/home/user/.m2/repository/com/sun/jersey/jersey-core/1.19/jersey-core-1.19.jar:/home/user/.m2/repository/javax/ws/rs/jsr311-api/1.1.1/jsr311-api-1.1.1.jar:/home/user/.m2/repository/com/sun/jersey/jersey-server/1.19/jersey-server-1.19.jar:/home/user/.m2/repository/javax/servlet/javax.servlet-api/3.1.0/javax.servlet-api-3.1.0.jar:/home/user/.m2/repository/org/eclipse/jetty/jetty-server/9.3.24.v20180605/jetty-server-9.3.24.v20180605.jar:/home/user/.m2/repository/org/eclipse/jetty/jetty-http/9.3.24.v20180605/jetty-http-9.3.24.v20180605.jar:/home/user/.m2/repository/org/eclipse/jetty/jetty-io/9.3.24.v20180605/jetty-io-9.3.24.v20180605.jar:/home/user/.m2/repository/org/eclipse/jetty/jetty-webapp/9.3.24.v20180605/jetty-webapp-9.3.24.v20180605.jar:/home/user/.m2/repository/org/eclipse/jetty/jetty-xml/9.3.24.v20180605/jetty-xml-9.3.24.v20180605.jar:/home/user/.m2/repository/log4j/log4j/1.2.17/log4j-1.2.17.jar:/home/user/.m2/repository/org/slf4j/slf4j-api/1.7.25/slf4j-api-1.7.25.jar:/home/user/.m2/repository/org/slf4j/jul-to-slf4j/1.7.25/jul-to-slf4j-1.7.25.jar:/home/user/.m2/repository/org/eclipse/jetty/jetty-util/9.3.24.v20180605/jetty-util-9.3.24.v20180605.jar:/home/user/.m2/repository/com/fasterxml/jackson/core/jackson-databind/2.9.5/jackson-databind-2.9.5.jar:/home/user/.m2/repository/org/apache/hadoop/hadoop-kms/3.2.0/hadoop-kms-3.2.0-tests.jar:/home/user/.m2/repository/org/apache/hadoop/hadoop-hdds-server-scm/0.5.0-SNAPSHOT/hadoop-hdds-server-scm-0.5.0-SNAPSHOT-tests.jar:/home/user/.m2/repository/org/apache/hadoop/hadoop-hdds-container-service/0.5.0-SNAPSHOT/hadoop-hdds-container-service-0.5.0-SNAPSHOT-tests.jar:/home/user/.m2/repository/org/yaml/snakeyaml/1.16/snakeyaml-1.16.jar:/home/user/.m2/repository/org/apache/hadoop/hadoop-common/3.2.0/hadoop-common-3.2.0-tests.jar:/home/user/.m2/repository/org/apache/hadoop/hadoop-annotations/3.2.0/hadoop-annotations-3.2.0.jar:/usr/lib/jvm/java-1.8-openjdk/jre/../lib/tools.jar:/home/user/.m2/repository/commons-cli/commons-cli/1.2/commons-cli-1.2.jar:/home/user/.m2/repository/org/apache/httpcomponents/httpclient/4.5.2/httpclient-4.5.2.jar:/home/user/.m2/repository/org/apache/httpcomponents/httpcore/4.4.4/httpcore-4.4.4.jar:/home/user/.m2/repository/commons-codec/commons-codec/1.11/commons-codec-1.11.jar:/home/user/.m2/repository/commons-net/commons-net/3.6/commons-net-3.6.jar:/home/user/.m2/repository/commons-collections/commons-collections/3.2.2/commons-collections-3.2.2.jar:/home/user/.m2/repository/org/eclipse/jetty/jetty-servlet/9.3.24.v20180605/jetty-servlet-9.3.24.v20180605.jar:/home/user/.m2/repository/org/eclipse/jetty/jetty-security/9.3.24.v20180605/jetty-security-9.3.24.v20180605.jar:/home/user/.m2/repository/javax/servlet/jsp/jsp-api/2.1/jsp-api-2.1.jar:/home/user/.m2/repository/com/sun/jersey/jersey-servlet/1.19/jersey-servlet-1.19.jar:/home/user/.m2/repository/com/sun/jersey/jersey-json/1.19/jersey-json-1.19.jar:/home/user/.m2/repository/org/codehaus/jettison/jettison/1.1/jettison-1.1.jar:/home/user/.m2/repository/org/codehaus/jackson/jackson-core-asl/1.9.13/jackson-core-asl-1.9.13.jar:/home/user/.m2/repository/org/codehaus/jackson/jackson-mapper-asl/1.9.13/jackson-mapper-asl-1.9.13.jar:/home/user/.m2/repository/org/codehaus/jackson/jackson-jaxrs/1.9.13/jackson-jaxrs-1.9.13.jar:/home/user/.m2/repository/org/codehaus/jackson/jackson-xc/1.9.13/jackson-xc-1.9.13.jar:/home/user/.m2/repository/commons-logging/commons-logging/1.1.3/commons-logging-1.1.3.jar:/home/user/.m2/repository/commons-beanutils/commons-beanutils/1.9.3/commons-beanutils-1.9.3.jar:/home/user/.m2/repository/org/apache/commons/commons-configuration2/2.1.1/commons-configuration2-2.1.1.jar:/home/user/.m2/repository/org/apache/commons/commons-lang3/3.7/commons-lang3-3.7.jar:/home/user/.m2/repository/org/apache/commons/commons-text/1.4/commons-text-1.4.jar:/home/user/.m2/repository/org/apache/avro/avro/1.7.7/avro-1.7.7.jar:/home/user/.m2/repository/com/thoughtworks/paranamer/paranamer/2.3/paranamer-2.3.jar:/home/user/.m2/repository/org/xerial/snappy/snappy-java/1.0.5/snappy-java-1.0.5.jar:/home/user/.m2/repository/com/google/re2j/re2j/1.1/re2j-1.1.jar:/home/user/.m2/repository/com/google/code/gson/gson/2.2.4/gson-2.2.4.jar:/home/user/.m2/repository/com/jcraft/jsch/0.1.54/jsch-0.1.54.jar:/home/user/.m2/repository/org/apache/curator/curator-client/2.12.0/curator-client-2.12.0.jar:/home/user/.m2/repository/org/apache/curator/curator-recipes/2.12.0/curator-recipes-2.12.0.jar:/home/user/.m2/repository/com/google/code/findbugs/jsr305/3.0.0/jsr305-3.0.0.jar:/home/user/.m2/repository/org/apache/htrace/htrace-core4/4.1.0-incubating/htrace-core4-4.1.0-incubating.jar:/home/user/.m2/repository/org/apache/zookeeper/zookeeper/3.4.13/zookeeper-3.4.13.jar:/home/user/.m2/repository/org/apache/yetus/audience-annotations/0.5.0/audience-annotations-0.5.0.jar:/home/user/.m2/repository/org/codehaus/woodstox/stax2-api/3.1.4/stax2-api-3.1.4.jar:/home/user/.m2/repository/com/fasterxml/woodstox/woodstox-core/5.0.3/woodstox-core-5.0.3.jar:/home/user/.m2/repository/dnsjava/dnsjava/2.1.7/dnsjava-2.1.7.jar:/home/user/.m2/repository/org/apache/hadoop/hadoop-hdfs/3.2.0/hadoop-hdfs-3.2.0-tests.jar:/home/user/.m2/repository/org/eclipse/jetty/jetty-util-ajax/9.3.24.v20180605/jetty-util-ajax-9.3.24.v20180605.jar:/home/user/.m2/repository/commons-daemon/commons-daemon/1.0.13/commons-daemon-1.0.13.jar:/home/user/.m2/repository/io/netty/netty/3.10.5.Final/netty-3.10.5.Final.jar:/home/user/.m2/repository/io/netty/netty-all/4.0.52.Final/netty-all-4.0.52.Final.jar:/home/user/.m2/repository/org/fusesource/leveldbjni/leveldbjni-all/1.8/leveldbjni-all-1.8.jar:"/>
    <property name="java.vm.vendor" value="IcedTea"/>
    <property name="sun.arch.data.model" value="64"/>
    <property name="test.build.dir" value="/tmp/workdir/hadoop-ozone/integration-test/target/test-dir"/>
    <property name="test.cache.data" value=""/>
    <property name="java.vendor.url" value="https://icedtea.classpath.org"/>
    <property name="user.timezone" value=""/>
    <property name="java.vm.specification.version" value="1.8"/>
    <property name="os.name" value="Linux"/>
    <property name="test.build.data" value="/tmp/workdir/hadoop-ozone/integration-test/target/test-dir"/>
    <property name="user.country" value="US"/>
    <property name="sun.java.launcher" value="SUN_STANDARD"/>
    <property name="sun.boot.library.path" value="/usr/lib/jvm/java-1.8-openjdk/jre/lib/amd64"/>
    <property name="sun.java.command" value="/tmp/workdir/hadoop-ozone/integration-test/target/surefire/surefirebooter7658964759838002811.jar /tmp/workdir/hadoop-ozone/integration-test/target/surefire 2019-07-14T02-11-03_878-jvmRun1 surefire4881338668995595594tmp surefire_536263204048346727837tmp"/>
    <property name="surefire.test.class.path" value="/tmp/workdir/hadoop-ozone/integration-test/target/test-classes:/tmp/workdir/hadoop-ozone/integration-test/target/classes:/home/user/.m2/repository/org/apache/hadoop/hadoop-ozone-common/0.5.0-SNAPSHOT/hadoop-ozone-common-0.5.0-SNAPSHOT.jar:/home/user/.m2/repository/org/apache/commons/commons-compress/1.4.1/commons-compress-1.4.1.jar:/home/user/.m2/repository/org/tukaani/xz/1.0/xz-1.0.jar:/home/user/.m2/repository/org/apache/hadoop/hadoop-common/3.2.0/hadoop-common-3.2.0.jar:/home/user/.m2/repository/org/apache/hadoop/hadoop-hdfs/3.2.0/hadoop-hdfs-3.2.0.jar:/home/user/.m2/repository/org/apache/hadoop/hadoop-hdfs-client/3.2.0/hadoop-hdfs-client-3.2.0.jar:/home/user/.m2/repository/com/fasterxml/jackson/core/jackson-annotations/2.9.5/jackson-annotations-2.9.5.jar:/home/user/.m2/repository/org/apache/hadoop/hadoop-hdds-common/0.5.0-SNAPSHOT/hadoop-hdds-common-0.5.0-SNAPSHOT.jar:/home/user/.m2/repository/javax/annotation/javax.annotation-api/1.2/javax.annotation-api-1.2.jar:/home/user/.m2/repository/org/apache/ratis/ratis-server/0.4.0-2337318-SNAPSHOT/ratis-server-0.4.0-2337318-SNAPSHOT.jar:/home/user/.m2/repository/org/apache/ratis/ratis-thirdparty-misc/0.2.0/ratis-thirdparty-misc-0.2.0.jar:/home/user/.m2/repository/org/apache/ratis/ratis-proto/0.4.0-2337318-SNAPSHOT/ratis-proto-0.4.0-2337318-SNAPSHOT.jar:/home/user/.m2/repository/org/apache/ratis/ratis-common/0.4.0-2337318-SNAPSHOT/ratis-common-0.4.0-2337318-SNAPSHOT.jar:/home/user/.m2/repository/org/apache/ratis/ratis-client/0.4.0-2337318-SNAPSHOT/ratis-client-0.4.0-2337318-SNAPSHOT.jar:/home/user/.m2/repository/org/apache/ratis/ratis-metrics/0.4.0-2337318-SNAPSHOT/ratis-metrics-0.4.0-2337318-SNAPSHOT.jar:/home/user/.m2/repository/org/apache/ratis/ratis-netty/0.4.0-2337318-SNAPSHOT/ratis-netty-0.4.0-2337318-SNAPSHOT.jar:/home/user/.m2/repository/org/apache/ratis/ratis-grpc/0.4.0-2337318-SNAPSHOT/ratis-grpc-0.4.0-2337318-SNAPSHOT.jar:/home/user/.m2/repository/org/rocksdb/rocksdbjni/6.0.1/rocksdbjni-6.0.1.jar:/home/user/.m2/repository/org/apache/logging/log4j/log4j-api/2.11.0/log4j-api-2.11.0.jar:/home/user/.m2/repository/org/apache/logging/log4j/log4j-core/2.11.0/log4j-core-2.11.0.jar:/home/user/.m2/repository/com/lmax/disruptor/3.4.2/disruptor-3.4.2.jar:/home/user/.m2/repository/org/apache/commons/commons-pool2/2.6.0/commons-pool2-2.6.0.jar:/home/user/.m2/repository/org/bouncycastle/bcpkix-jdk15on/1.60/bcpkix-jdk15on-1.60.jar:/home/user/.m2/repository/commons-validator/commons-validator/1.6/commons-validator-1.6.jar:/home/user/.m2/repository/commons-digester/commons-digester/1.8.1/commons-digester-1.8.1.jar:/home/user/.m2/repository/io/jaegertracing/jaeger-client/0.33.1/jaeger-client-0.33.1.jar:/home/user/.m2/repository/io/jaegertracing/jaeger-thrift/0.33.1/jaeger-thrift-0.33.1.jar:/home/user/.m2/repository/org/apache/thrift/libthrift/0.11.0/libthrift-0.11.0.jar:/home/user/.m2/repository/com/squareup/okhttp3/okhttp/3.9.0/okhttp-3.9.0.jar:/home/user/.m2/repository/com/squareup/okio/okio/1.13.0/okio-1.13.0.jar:/home/user/.m2/repository/io/jaegertracing/jaeger-core/0.33.1/jaeger-core-0.33.1.jar:/home/user/.m2/repository/io/jaegertracing/jaeger-tracerresolver/0.33.1/jaeger-tracerresolver-0.33.1.jar:/home/user/.m2/repository/io/opentracing/contrib/opentracing-tracerresolver/0.1.5/opentracing-tracerresolver-0.1.5.jar:/home/user/.m2/repository/io/opentracing/opentracing-util/0.31.0/opentracing-util-0.31.0.jar:/home/user/.m2/repository/io/opentracing/opentracing-api/0.31.0/opentracing-api-0.31.0.jar:/home/user/.m2/repository/io/opentracing/opentracing-noop/0.31.0/opentracing-noop-0.31.0.jar:/home/user/.m2/repository/org/apache/hadoop/hadoop-hdds-server-framework/0.5.0-SNAPSHOT/hadoop-hdds-server-framework-0.5.0-SNAPSHOT.jar:/home/user/.m2/repository/org/apache/hadoop/hadoop-hdds-container-service/0.5.0-SNAPSHOT/hadoop-hdds-container-service-0.5.0-SNAPSHOT.jar:/home/user/.m2/repository/org/apache/hadoop/hadoop-hdds-client/0.5.0-SNAPSHOT/hadoop-hdds-client-0.5.0-SNAPSHOT.jar:/home/user/.m2/repository/org/apache/hadoop/hadoop-hdds-tools/0.5.0-SNAPSHOT/hadoop-hdds-tools-0.5.0-SNAPSHOT.jar:/home/user/.m2/repository/org/apache/hadoop/hadoop-hdds-server-scm/0.5.0-SNAPSHOT/hadoop-hdds-server-scm-0.5.0-SNAPSHOT.jar:/home/user/.m2/repository/org/apache/hadoop/hadoop-hdds-docs/0.5.0-SNAPSHOT/hadoop-hdds-docs-0.5.0-SNAPSHOT.jar:/home/user/.m2/repository/io/dropwizard/metrics/metrics-core/3.2.4/metrics-core-3.2.4.jar:/home/user/.m2/repository/org/hamcrest/hamcrest-all/1.3/hamcrest-all-1.3.jar:/home/user/.m2/repository/org/bouncycastle/bcprov-jdk15on/1.60/bcprov-jdk15on-1.60.jar:/home/user/.m2/repository/info/picocli/picocli/3.9.6/picocli-3.9.6.jar:/home/user/.m2/repository/com/google/protobuf/protobuf-java/2.5.0/protobuf-java-2.5.0.jar:/home/user/.m2/repository/com/google/guava/guava/11.0.2/guava-11.0.2.jar:/home/user/.m2/repository/org/apache/hadoop/hadoop-ozone-ozone-manager/0.5.0-SNAPSHOT/hadoop-ozone-ozone-manager-0.5.0-SNAPSHOT.jar:/home/user/.m2/repository/org/apache/hadoop/hadoop-minikdc/3.2.0/hadoop-minikdc-3.2.0.jar:/home/user/.m2/repository/commons-io/commons-io/2.5/commons-io-2.5.jar:/home/user/.m2/repository/org/apache/kerby/kerb-simplekdc/1.0.1/kerb-simplekdc-1.0.1.jar:/home/user/.m2/repository/org/apache/kerby/kerb-client/1.0.1/kerb-client-1.0.1.jar:/home/user/.m2/repository/org/apache/kerby/kerby-config/1.0.1/kerby-config-1.0.1.jar:/home/user/.m2/repository/org/apache/kerby/kerb-core/1.0.1/kerb-core-1.0.1.jar:/home/user/.m2/repository/org/apache/kerby/kerby-pkix/1.0.1/kerby-pkix-1.0.1.jar:/home/user/.m2/repository/org/apache/kerby/kerby-asn1/1.0.1/kerby-asn1-1.0.1.jar:/home/user/.m2/repository/org/apache/kerby/kerby-util/1.0.1/kerby-util-1.0.1.jar:/home/user/.m2/repository/org/apache/kerby/kerb-common/1.0.1/kerb-common-1.0.1.jar:/home/user/.m2/repository/org/apache/kerby/kerb-crypto/1.0.1/kerb-crypto-1.0.1.jar:/home/user/.m2/repository/org/apache/kerby/kerb-util/1.0.1/kerb-util-1.0.1.jar:/home/user/.m2/repository/org/apache/kerby/token-provider/1.0.1/token-provider-1.0.1.jar:/home/user/.m2/repository/org/apache/kerby/kerb-admin/1.0.1/kerb-admin-1.0.1.jar:/home/user/.m2/repository/org/apache/kerby/kerb-server/1.0.1/kerb-server-1.0.1.jar:/home/user/.m2/repository/org/apache/kerby/kerb-identity/1.0.1/kerb-identity-1.0.1.jar:/home/user/.m2/repository/org/apache/kerby/kerby-xdr/1.0.1/kerby-xdr-1.0.1.jar:/home/user/.m2/repository/org/slf4j/slf4j-log4j12/1.7.25/slf4j-log4j12-1.7.25.jar:/home/user/.m2/repository/org/apache/hadoop/hadoop-ozone-objectstore-service/0.5.0-SNAPSHOT/hadoop-ozone-objectstore-service-0.5.0-SNAPSHOT.jar:/home/user/.m2/repository/org/apache/hadoop/hadoop-ozone-s3gateway/0.5.0-SNAPSHOT/hadoop-ozone-s3gateway-0.5.0-SNAPSHOT.jar:/home/user/.m2/repository/org/jboss/weld/servlet/weld-servlet/2.4.7.Final/weld-servlet-2.4.7.Final.jar:/home/user/.m2/repository/org/glassfish/jersey/containers/jersey-container-servlet-core/2.27/jersey-container-servlet-core-2.27.jar:/home/user/.m2/repository/org/glassfish/hk2/external/javax.inject/2.5.0-b42/javax.inject-2.5.0-b42.jar:/home/user/.m2/repository/org/glassfish/jersey/core/jersey-common/2.27/jersey-common-2.27.jar:/home/user/.m2/repository/org/glassfish/hk2/osgi-resource-locator/1.0.1/osgi-resource-locator-1.0.1.jar:/home/user/.m2/repository/javax/ws/rs/javax.ws.rs-api/2.1/javax.ws.rs-api-2.1.jar:/home/user/.m2/repository/org/glassfish/jersey/ext/cdi/jersey-cdi1x/2.27/jersey-cdi1x-2.27.jar:/home/user/.m2/repository/org/glassfish/jersey/inject/jersey-hk2/2.27/jersey-hk2-2.27.jar:/home/user/.m2/repository/org/glassfish/hk2/hk2-locator/2.5.0-b42/hk2-locator-2.5.0-b42.jar:/home/user/.m2/repository/org/javassist/javassist/3.22.0-CR2/javassist-3.22.0-CR2.jar:/home/user/.m2/repository/org/glassfish/hk2/hk2-api/2.5.0/hk2-api-2.5.0.jar:/home/user/.m2/repository/org/glassfish/hk2/external/jakarta.inject/2.5.0/jakarta.inject-2.5.0.jar:/home/user/.m2/repository/org/glassfish/hk2/hk2-utils/2.5.0/hk2-utils-2.5.0.jar:/home/user/.m2/repository/jakarta/annotation/jakarta.annotation-api/1.3.4/jakarta.annotation-api-1.3.4.jar:/home/user/.m2/repository/org/glassfish/hk2/external/aopalliance-repackaged/2.5.0/aopalliance-repackaged-2.5.0.jar:/home/user/.m2/repository/com/fasterxml/jackson/dataformat/jackson-dataformat-xml/2.9.0/jackson-dataformat-xml-2.9.0.jar:/home/user/.m2/repository/com/fasterxml/jackson/core/jackson-core/2.9.5/jackson-core-2.9.5.jar:/home/user/.m2/repository/com/fasterxml/jackson/module/jackson-module-jaxb-annotations/2.9.5/jackson-module-jaxb-annotations-2.9.5.jar:/home/user/.m2/repository/javax/enterprise/cdi-api/1.2/cdi-api-1.2.jar:/home/user/.m2/repository/javax/el/javax.el-api/3.0.0/javax.el-api-3.0.0.jar:/home/user/.m2/repository/javax/interceptor/javax.interceptor-api/1.2/javax.interceptor-api-1.2.jar:/home/user/.m2/repository/javax/inject/javax.inject/1/javax.inject-1.jar:/home/user/.m2/repository/com/sun/xml/bind/jaxb-impl/2.3.0.1/jaxb-impl-2.3.0.1.jar:/home/user/.m2/repository/com/sun/xml/bind/jaxb-core/2.3.0.1/jaxb-core-2.3.0.1.jar:/home/user/.m2/repository/javax/xml/bind/jaxb-api/2.3.0/jaxb-api-2.3.0.jar:/home/user/.m2/repository/javax/activation/activation/1.1.1/activation-1.1.1.jar:/home/user/.m2/repository/org/apache/hadoop/hadoop-ozone-csi/0.5.0-SNAPSHOT/hadoop-ozone-csi-0.5.0-SNAPSHOT.jar:/home/user/.m2/repository/com/google/protobuf/protobuf-java-util/3.5.1/protobuf-java-util-3.5.1.jar:/home/user/.m2/repository/org/apache/hadoop/hadoop-hdds-config/0.5.0-SNAPSHOT/hadoop-hdds-config-0.5.0-SNAPSHOT.jar:/home/user/.m2/repository/io/grpc/grpc-netty/1.17.1/grpc-netty-1.17.1.jar:/home/user/.m2/repository/io/grpc/grpc-core/1.17.1/grpc-core-1.17.1.jar:/home/user/.m2/repository/io/grpc/grpc-context/1.17.1/grpc-context-1.17.1.jar:/home/user/.m2/repository/com/google/errorprone/error_prone_annotations/2.2.0/error_prone_annotations-2.2.0.jar:/home/user/.m2/repository/org/codehaus/mojo/animal-sniffer-annotations/1.17/animal-sniffer-annotations-1.17.jar:/home/user/.m2/repository/io/opencensus/opencensus-api/0.17.0/opencensus-api-0.17.0.jar:/home/user/.m2/repository/io/opencensus/opencensus-contrib-grpc-metrics/0.17.0/opencensus-contrib-grpc-metrics-0.17.0.jar:/home/user/.m2/repository/io/netty/netty-codec-http2/4.1.30.Final/netty-codec-http2-4.1.30.Final.jar:/home/user/.m2/repository/io/netty/netty-codec-http/4.1.30.Final/netty-codec-http-4.1.30.Final.jar:/home/user/.m2/repository/io/netty/netty-codec/4.1.30.Final/netty-codec-4.1.30.Final.jar:/home/user/.m2/repository/io/netty/netty-handler/4.1.30.Final/netty-handler-4.1.30.Final.jar:/home/user/.m2/repository/io/netty/netty-handler-proxy/4.1.30.Final/netty-handler-proxy-4.1.30.Final.jar:/home/user/.m2/repository/io/netty/netty-codec-socks/4.1.30.Final/netty-codec-socks-4.1.30.Final.jar:/home/user/.m2/repository/io/netty/netty-transport-native-epoll/4.1.30.Final/netty-transport-native-epoll-4.1.30.Final.jar:/home/user/.m2/repository/io/netty/netty-common/4.1.30.Final/netty-common-4.1.30.Final.jar:/home/user/.m2/repository/io/netty/netty-buffer/4.1.30.Final/netty-buffer-4.1.30.Final.jar:/home/user/.m2/repository/io/netty/netty-transport/4.1.30.Final/netty-transport-4.1.30.Final.jar:/home/user/.m2/repository/io/netty/netty-resolver/4.1.30.Final/netty-resolver-4.1.30.Final.jar:/home/user/.m2/repository/io/netty/netty-transport-native-unix-common/4.1.30.Final/netty-transport-native-unix-common-4.1.30.Final.jar:/home/user/.m2/repository/io/grpc/grpc-protobuf/1.17.1/grpc-protobuf-1.17.1.jar:/home/user/.m2/repository/com/google/api/grpc/proto-google-common-protos/1.0.0/proto-google-common-protos-1.0.0.jar:/home/user/.m2/repository/io/grpc/grpc-protobuf-lite/1.17.1/grpc-protobuf-lite-1.17.1.jar:/home/user/.m2/repository/io/grpc/grpc-stub/1.17.1/grpc-stub-1.17.1.jar:/home/user/.m2/repository/org/apache/hadoop/hadoop-ozone-recon/0.5.0-SNAPSHOT/hadoop-ozone-recon-0.5.0-SNAPSHOT.jar:/home/user/.m2/repository/org/apache/hadoop/hadoop-ozone-reconcodegen/0.5.0-SNAPSHOT/hadoop-ozone-reconcodegen-0.5.0-SNAPSHOT.jar:/home/user/.m2/repository/com/google/inject/extensions/guice-multibindings/4.0/guice-multibindings-4.0.jar:/home/user/.m2/repository/com/google/inject/guice/4.0/guice-4.0.jar:/home/user/.m2/repository/aopalliance/aopalliance/1.0/aopalliance-1.0.jar:/home/user/.m2/repository/com/google/inject/extensions/guice-servlet/4.0/guice-servlet-4.0.jar:/home/user/.m2/repository/org/glassfish/jersey/containers/jersey-container-servlet/2.27/jersey-container-servlet-2.27.jar:/home/user/.m2/repository/org/glassfish/hk2/guice-bridge/2.5.0/guice-bridge-2.5.0.jar:/home/user/.m2/repository/org/glassfish/jersey/core/jersey-server/2.27/jersey-server-2.27.jar:/home/user/.m2/repository/org/glassfish/jersey/core/jersey-client/2.27/jersey-client-2.27.jar:/home/user/.m2/repository/org/glassfish/jersey/media/jersey-media-jaxb/2.27/jersey-media-jaxb-2.27.jar:/home/user/.m2/repository/javax/validation/validation-api/1.1.0.Final/validation-api-1.1.0.Final.jar:/home/user/.m2/repository/org/glassfish/jersey/media/jersey-media-json-jackson/2.27/jersey-media-json-jackson-2.27.jar:/home/user/.m2/repository/org/glassfish/jersey/ext/jersey-entity-filtering/2.27/jersey-entity-filtering-2.27.jar:/home/user/.m2/repository/com/google/inject/extensions/guice-assistedinject/4.0/guice-assistedinject-4.0.jar:/home/user/.m2/repository/org/jooq/jooq/3.11.10/jooq-3.11.10.jar:/home/user/.m2/repository/org/jooq/jooq-meta/3.11.10/jooq-meta-3.11.10.jar:/home/user/.m2/repository/org/jooq/jooq-codegen/3.11.10/jooq-codegen-3.11.10.jar:/home/user/.m2/repository/com/jolbox/bonecp/0.8.0.RELEASE/bonecp-0.8.0.RELEASE.jar:/home/user/.m2/repository/org/xerial/sqlite-jdbc/3.25.2/sqlite-jdbc-3.25.2.jar:/home/user/.m2/repository/org/springframework/spring-jdbc/5.1.3.RELEASE/spring-jdbc-5.1.3.RELEASE.jar:/home/user/.m2/repository/org/springframework/spring-beans/5.1.3.RELEASE/spring-beans-5.1.3.RELEASE.jar:/home/user/.m2/repository/org/springframework/spring-core/5.1.3.RELEASE/spring-core-5.1.3.RELEASE.jar:/home/user/.m2/repository/org/springframework/spring-jcl/5.1.3.RELEASE/spring-jcl-5.1.3.RELEASE.jar:/home/user/.m2/repository/org/springframework/spring-tx/5.1.3.RELEASE/spring-tx-5.1.3.RELEASE.jar:/home/user/.m2/repository/org/apache/hadoop/hadoop-ozone-client/0.5.0-SNAPSHOT/hadoop-ozone-client-0.5.0-SNAPSHOT.jar:/home/user/.m2/repository/commons-lang/commons-lang/2.6/commons-lang-2.6.jar:/home/user/.m2/repository/org/apache/hadoop/hadoop-ozone-ozone-manager/0.5.0-SNAPSHOT/hadoop-ozone-ozone-manager-0.5.0-SNAPSHOT-tests.jar:/home/user/.m2/repository/junit/junit/4.11/junit-4.11.jar:/home/user/.m2/repository/org/hamcrest/hamcrest-core/1.3/hamcrest-core-1.3.jar:/home/user/.m2/repository/org/openjdk/jmh/jmh-core/1.19/jmh-core-1.19.jar:/home/user/.m2/repository/net/sf/jopt-simple/jopt-simple/4.6/jopt-simple-4.6.jar:/home/user/.m2/repository/org/apache/commons/commons-math3/3.1.1/commons-math3-3.1.1.jar:/home/user/.m2/repository/org/openjdk/jmh/jmh-generator-annprocess/1.19/jmh-generator-annprocess-1.19.jar:/home/user/.m2/repository/org/mockito/mockito-all/1.8.5/mockito-all-1.8.5.jar:/home/user/.m2/repository/org/apache/hadoop/hadoop-kms/3.2.0/hadoop-kms-3.2.0.jar:/home/user/.m2/repository/org/apache/hadoop/hadoop-auth/3.2.0/hadoop-auth-3.2.0.jar:/home/user/.m2/repository/com/nimbusds/nimbus-jose-jwt/4.41.1/nimbus-jose-jwt-4.41.1.jar:/home/user/.m2/repository/com/github/stephenc/jcip/jcip-annotations/1.0-1/jcip-annotations-1.0-1.jar:/home/user/.m2/repository/net/minidev/json-smart/2.3/json-smart-2.3.jar:/home/user/.m2/repository/net/minidev/accessors-smart/1.2/accessors-smart-1.2.jar:/home/user/.m2/repository/org/ow2/asm/asm/5.0.4/asm-5.0.4.jar:/home/user/.m2/repository/org/apache/curator/curator-framework/2.12.0/curator-framework-2.12.0.jar:/home/user/.m2/repository/com/sun/jersey/jersey-core/1.19/jersey-core-1.19.jar:/home/user/.m2/repository/javax/ws/rs/jsr311-api/1.1.1/jsr311-api-1.1.1.jar:/home/user/.m2/repository/com/sun/jersey/jersey-server/1.19/jersey-server-1.19.jar:/home/user/.m2/repository/javax/servlet/javax.servlet-api/3.1.0/javax.servlet-api-3.1.0.jar:/home/user/.m2/repository/org/eclipse/jetty/jetty-server/9.3.24.v20180605/jetty-server-9.3.24.v20180605.jar:/home/user/.m2/repository/org/eclipse/jetty/jetty-http/9.3.24.v20180605/jetty-http-9.3.24.v20180605.jar:/home/user/.m2/repository/org/eclipse/jetty/jetty-io/9.3.24.v20180605/jetty-io-9.3.24.v20180605.jar:/home/user/.m2/repository/org/eclipse/jetty/jetty-webapp/9.3.24.v20180605/jetty-webapp-9.3.24.v20180605.jar:/home/user/.m2/repository/org/eclipse/jetty/jetty-xml/9.3.24.v20180605/jetty-xml-9.3.24.v20180605.jar:/home/user/.m2/repository/log4j/log4j/1.2.17/log4j-1.2.17.jar:/home/user/.m2/repository/org/slf4j/slf4j-api/1.7.25/slf4j-api-1.7.25.jar:/home/user/.m2/repository/org/slf4j/jul-to-slf4j/1.7.25/jul-to-slf4j-1.7.25.jar:/home/user/.m2/repository/org/eclipse/jetty/jetty-util/9.3.24.v20180605/jetty-util-9.3.24.v20180605.jar:/home/user/.m2/repository/com/fasterxml/jackson/core/jackson-databind/2.9.5/jackson-databind-2.9.5.jar:/home/user/.m2/repository/org/apache/hadoop/hadoop-kms/3.2.0/hadoop-kms-3.2.0-tests.jar:/home/user/.m2/repository/org/apache/hadoop/hadoop-hdds-server-scm/0.5.0-SNAPSHOT/hadoop-hdds-server-scm-0.5.0-SNAPSHOT-tests.jar:/home/user/.m2/repository/org/apache/hadoop/hadoop-hdds-container-service/0.5.0-SNAPSHOT/hadoop-hdds-container-service-0.5.0-SNAPSHOT-tests.jar:/home/user/.m2/repository/org/yaml/snakeyaml/1.16/snakeyaml-1.16.jar:/home/user/.m2/repository/org/apache/hadoop/hadoop-common/3.2.0/hadoop-common-3.2.0-tests.jar:/home/user/.m2/repository/org/apache/hadoop/hadoop-annotations/3.2.0/hadoop-annotations-3.2.0.jar:/usr/lib/jvm/java-1.8-openjdk/jre/../lib/tools.jar:/home/user/.m2/repository/commons-cli/commons-cli/1.2/commons-cli-1.2.jar:/home/user/.m2/repository/org/apache/httpcomponents/httpclient/4.5.2/httpclient-4.5.2.jar:/home/user/.m2/repository/org/apache/httpcomponents/httpcore/4.4.4/httpcore-4.4.4.jar:/home/user/.m2/repository/commons-codec/commons-codec/1.11/commons-codec-1.11.jar:/home/user/.m2/repository/commons-net/commons-net/3.6/commons-net-3.6.jar:/home/user/.m2/repository/commons-collections/commons-collections/3.2.2/commons-collections-3.2.2.jar:/home/user/.m2/repository/org/eclipse/jetty/jetty-servlet/9.3.24.v20180605/jetty-servlet-9.3.24.v20180605.jar:/home/user/.m2/repository/org/eclipse/jetty/jetty-security/9.3.24.v20180605/jetty-security-9.3.24.v20180605.jar:/home/user/.m2/repository/javax/servlet/jsp/jsp-api/2.1/jsp-api-2.1.jar:/home/user/.m2/repository/com/sun/jersey/jersey-servlet/1.19/jersey-servlet-1.19.jar:/home/user/.m2/repository/com/sun/jersey/jersey-json/1.19/jersey-json-1.19.jar:/home/user/.m2/repository/org/codehaus/jettison/jettison/1.1/jettison-1.1.jar:/home/user/.m2/repository/org/codehaus/jackson/jackson-core-asl/1.9.13/jackson-core-asl-1.9.13.jar:/home/user/.m2/repository/org/codehaus/jackson/jackson-mapper-asl/1.9.13/jackson-mapper-asl-1.9.13.jar:/home/user/.m2/repository/org/codehaus/jackson/jackson-jaxrs/1.9.13/jackson-jaxrs-1.9.13.jar:/home/user/.m2/repository/org/codehaus/jackson/jackson-xc/1.9.13/jackson-xc-1.9.13.jar:/home/user/.m2/repository/commons-logging/commons-logging/1.1.3/commons-logging-1.1.3.jar:/home/user/.m2/repository/commons-beanutils/commons-beanutils/1.9.3/commons-beanutils-1.9.3.jar:/home/user/.m2/repository/org/apache/commons/commons-configuration2/2.1.1/commons-configuration2-2.1.1.jar:/home/user/.m2/repository/org/apache/commons/commons-lang3/3.7/commons-lang3-3.7.jar:/home/user/.m2/repository/org/apache/commons/commons-text/1.4/commons-text-1.4.jar:/home/user/.m2/repository/org/apache/avro/avro/1.7.7/avro-1.7.7.jar:/home/user/.m2/repository/com/thoughtworks/paranamer/paranamer/2.3/paranamer-2.3.jar:/home/user/.m2/repository/org/xerial/snappy/snappy-java/1.0.5/snappy-java-1.0.5.jar:/home/user/.m2/repository/com/google/re2j/re2j/1.1/re2j-1.1.jar:/home/user/.m2/repository/com/google/code/gson/gson/2.2.4/gson-2.2.4.jar:/home/user/.m2/repository/com/jcraft/jsch/0.1.54/jsch-0.1.54.jar:/home/user/.m2/repository/org/apache/curator/curator-client/2.12.0/curator-client-2.12.0.jar:/home/user/.m2/repository/org/apache/curator/curator-recipes/2.12.0/curator-recipes-2.12.0.jar:/home/user/.m2/repository/com/google/code/findbugs/jsr305/3.0.0/jsr305-3.0.0.jar:/home/user/.m2/repository/org/apache/htrace/htrace-core4/4.1.0-incubating/htrace-core4-4.1.0-incubating.jar:/home/user/.m2/repository/org/apache/zookeeper/zookeeper/3.4.13/zookeeper-3.4.13.jar:/home/user/.m2/repository/org/apache/yetus/audience-annotations/0.5.0/audience-annotations-0.5.0.jar:/home/user/.m2/repository/org/codehaus/woodstox/stax2-api/3.1.4/stax2-api-3.1.4.jar:/home/user/.m2/repository/com/fasterxml/woodstox/woodstox-core/5.0.3/woodstox-core-5.0.3.jar:/home/user/.m2/repository/dnsjava/dnsjava/2.1.7/dnsjava-2.1.7.jar:/home/user/.m2/repository/org/apache/hadoop/hadoop-hdfs/3.2.0/hadoop-hdfs-3.2.0-tests.jar:/home/user/.m2/repository/org/eclipse/jetty/jetty-util-ajax/9.3.24.v20180605/jetty-util-ajax-9.3.24.v20180605.jar:/home/user/.m2/repository/commons-daemon/commons-daemon/1.0.13/commons-daemon-1.0.13.jar:/home/user/.m2/repository/io/netty/netty/3.10.5.Final/netty-3.10.5.Final.jar:/home/user/.m2/repository/io/netty/netty-all/4.0.52.Final/netty-all-4.0.52.Final.jar:/home/user/.m2/repository/org/fusesource/leveldbjni/leveldbjni-all/1.8/leveldbjni-all-1.8.jar:"/>
    <property name="sun.cpu.endian" value="little"/>
    <property name="user.home" value="/home/user"/>
    <property name="user.language" value="en"/>
    <property name="java.specification.vendor" value="Oracle Corporation"/>
    <property name="java.home" value="/usr/lib/jvm/java-1.8-openjdk/jre"/>
    <property name="java.security.krb5.conf" value="/tmp/workdir/hadoop-ozone/integration-test/target/test-classes/krb5.conf"/>
    <property name="basedir" value="/tmp/workdir/hadoop-ozone/integration-test"/>
    <property name="file.separator" value="/"/>
    <property name="line.separator" value="&#10;"/>
    <property name="java.vm.specification.vendor" value="Oracle Corporation"/>
    <property name="java.specification.name" value="Java Platform API Specification"/>
    <property name="java.awt.graphicsenv" value="sun.awt.X11GraphicsEnvironment"/>
    <property name="surefire.real.class.path" value="/tmp/workdir/hadoop-ozone/integration-test/target/surefire/surefirebooter7658964759838002811.jar"/>
    <property name="hadoop.log.dir" value="/tmp/workdir/hadoop-ozone/integration-test/target/log"/>
    <property name="sun.boot.class.path" value="/usr/lib/jvm/java-1.8-openjdk/jre/lib/resources.jar:/usr/lib/jvm/java-1.8-openjdk/jre/lib/rt.jar:/usr/lib/jvm/java-1.8-openjdk/jre/lib/sunrsasign.jar:/usr/lib/jvm/java-1.8-openjdk/jre/lib/jsse.jar:/usr/lib/jvm/java-1.8-openjdk/jre/lib/jce.jar:/usr/lib/jvm/java-1.8-openjdk/jre/lib/charsets.jar:/usr/lib/jvm/java-1.8-openjdk/jre/lib/jfr.jar:/usr/lib/jvm/java-1.8-openjdk/jre/classes"/>
    <property name="sun.management.compiler" value="HotSpot 64-Bit Tiered Compilers"/>
    <property name="java.runtime.version" value="1.8.0_212-b04"/>
    <property name="java.net.preferIPv4Stack" value="true"/>
    <property name="user.name" value="jenkins1000"/>
    <property name="path.separator" value=":"/>
    <property name="java.security.egd" value="file:///dev/urandom"/>
    <property name="os.version" value="3.10.0-957.12.2.el7.x86_64"/>
    <property name="java.endorsed.dirs" value="/usr/lib/jvm/java-1.8-openjdk/jre/lib/endorsed"/>
    <property name="java.runtime.name" value="OpenJDK Runtime Environment"/>
    <property name="file.encoding" value="UTF-8"/>
    <property name="java.vm.name" value="OpenJDK 64-Bit Server VM"/>
    <property name="test.build.webapps" value=""/>
    <property name="localRepository" value="/home/user/.m2/repository"/>
    <property name="java.vendor.url.bug" value="https://icedtea.classpath.org/bugzilla"/>
    <property name="java.io.tmpdir" value="/tmp"/>
    <property name="require.test.libhadoop" value=""/>
    <property name="java.version" value="1.8.0_212"/>
    <property name="user.dir" value="/tmp/workdir/hadoop-ozone/integration-test"/>
    <property name="os.arch" value="amd64"/>
    <property name="java.vm.specification.name" value="Java Virtual Machine Specification"/>
    <property name="test.build.classes" value="/tmp/workdir/hadoop-ozone/integration-test/target/test-classes"/>
    <property name="java.awt.printerjob" value="sun.print.PSPrinterJob"/>
    <property name="sun.os.patch.level" value="unknown"/>
    <property name="hadoop.tmp.dir" value="/tmp/workdir/hadoop-ozone/integration-test/target/tmp"/>
    <property name="java.library.path" value="/usr/lib/jvm/java-1.8-openjdk/jre/lib/amd64/server:/usr/lib/jvm/java-1.8-openjdk/jre/lib/amd64:/usr/lib/jvm/java-1.8-openjdk/jre/../lib/amd64:/tmp/workdir/hadoop-ozone/integration-test/target/native/target/usr/local/lib:/tmp/workdir/hadoop-ozone/integration-test/../../hadoop-common-project/hadoop-common/target/native/target/usr/local/lib:/usr/java/packages/lib/amd64:/usr/lib64:/lib64:/lib:/usr/lib"/>
    <property name="java.vm.info" value="mixed mode"/>
    <property name="java.vendor" value="IcedTea"/>
    <property name="java.vm.version" value="25.212-b04"/>
    <property name="java.ext.dirs" value="/usr/lib/jvm/java-1.8-openjdk/jre/lib/ext:/usr/java/packages/lib/ext"/>
    <property name="sun.io.unicode.encoding" value="UnicodeLittle"/>
    <property name="java.class.version" value="52.0"/>
  </properties>
  <testcase name="testPutKeyAndGetKeyThreeNodes" classname="org.apache.hadoop.ozone.client.rpc.TestReadRetries" time="11.443">
    <error message="Unexpected OzoneException: java.io.IOException: java.util.concurrent.ExecutionException: org.apache.ratis.thirdparty.io.grpc.StatusRuntimeException: UNAVAILABLE: io exception" type="java.io.IOException">java.io.IOException: Unexpected OzoneException: java.io.IOException: java.util.concurrent.ExecutionException: org.apache.ratis.thirdparty.io.grpc.StatusRuntimeException: UNAVAILABLE: io exception
	at org.apache.hadoop.hdds.scm.storage.ChunkInputStream.readChunk(ChunkInputStream.java:342)
	at org.apache.hadoop.hdds.scm.storage.ChunkInputStream.readChunkFromContainer(ChunkInputStream.java:307)
	at org.apache.hadoop.hdds.scm.storage.ChunkInputStream.prepareRead(ChunkInputStream.java:259)
	at org.apache.hadoop.hdds.scm.storage.ChunkInputStream.read(ChunkInputStream.java:144)
	at org.apache.hadoop.hdds.scm.storage.BlockInputStream.read(BlockInputStream.java:239)
	at org.apache.hadoop.ozone.client.io.KeyInputStream.read(KeyInputStream.java:171)
	at org.apache.hadoop.ozone.client.io.OzoneInputStream.read(OzoneInputStream.java:47)
	at java.io.InputStream.read(InputStream.java:101)
	at org.apache.hadoop.ozone.client.rpc.TestReadRetries.readKey(TestReadRetries.java:219)
	at org.apache.hadoop.ozone.client.rpc.TestReadRetries.testPutKeyAndGetKeyThreeNodes(TestReadRetries.java:184)
	at sun.reflect.NativeMethodAccessorImpl.invoke0(Native Method)
	at sun.reflect.NativeMethodAccessorImpl.invoke(NativeMethodAccessorImpl.java:62)
	at sun.reflect.DelegatingMethodAccessorImpl.invoke(DelegatingMethodAccessorImpl.java:43)
	at java.lang.reflect.Method.invoke(Method.java:498)
	at org.junit.runners.model.FrameworkMethod$1.runReflectiveCall(FrameworkMethod.java:47)
	at org.junit.internal.runners.model.ReflectiveCallable.run(ReflectiveCallable.java:12)
	at org.junit.runners.model.FrameworkMethod.invokeExplosively(FrameworkMethod.java:44)
	at org.junit.internal.runners.statements.InvokeMethod.evaluate(InvokeMethod.java:17)
	at org.junit.rules.ExpectedException$ExpectedExceptionStatement.evaluate(ExpectedException.java:168)
	at org.junit.rules.RunRules.evaluate(RunRules.java:20)
	at org.junit.runners.ParentRunner.runLeaf(ParentRunner.java:271)
	at org.junit.runners.BlockJUnit4ClassRunner.runChild(BlockJUnit4ClassRunner.java:70)
	at org.junit.runners.BlockJUnit4ClassRunner.runChild(BlockJUnit4ClassRunner.java:50)
	at org.junit.runners.ParentRunner$3.run(ParentRunner.java:238)
	at org.junit.runners.ParentRunner$1.schedule(ParentRunner.java:63)
	at org.junit.runners.ParentRunner.runChildren(ParentRunner.java:236)
	at org.junit.runners.ParentRunner.access$000(ParentRunner.java:53)
	at org.junit.runners.ParentRunner$2.evaluate(ParentRunner.java:229)
	at org.junit.internal.runners.statements.RunBefores.evaluate(RunBefores.java:26)
	at org.junit.internal.runners.statements.RunAfters.evaluate(RunAfters.java:27)
	at org.junit.runners.ParentRunner.run(ParentRunner.java:309)
	at org.apache.maven.surefire.junit4.JUnit4Provider.execute(JUnit4Provider.java:365)
	at org.apache.maven.surefire.junit4.JUnit4Provider.executeWithRerun(JUnit4Provider.java:273)
	at org.apache.maven.surefire.junit4.JUnit4Provider.executeTestSet(JUnit4Provider.java:238)
	at org.apache.maven.surefire.junit4.JUnit4Provider.invoke(JUnit4Provider.java:159)
	at org.apache.maven.surefire.booter.ForkedBooter.invokeProviderInSameClassLoader(ForkedBooter.java:384)
	at org.apache.maven.surefire.booter.ForkedBooter.runSuitesInProcess(ForkedBooter.java:345)
	at org.apache.maven.surefire.booter.ForkedBooter.execute(ForkedBooter.java:126)
	at org.apache.maven.surefire.booter.ForkedBooter.main(ForkedBooter.java:418)
Caused by: java.io.IOException: java.util.concurrent.ExecutionException: org.apache.ratis.thirdparty.io.grpc.StatusRuntimeException: UNAVAILABLE: io exception
	at org.apache.hadoop.hdds.scm.XceiverClientGrpc.sendCommandWithRetry(XceiverClientGrpc.java:295)
	at org.apache.hadoop.hdds.scm.XceiverClientGrpc.sendCommandWithTraceIDAndRetry(XceiverClientGrpc.java:248)
	at org.apache.hadoop.hdds.scm.XceiverClientGrpc.sendCommand(XceiverClientGrpc.java:231)
	at org.apache.hadoop.hdds.scm.storage.ContainerProtocolCalls.readChunk(ContainerProtocolCalls.java:245)
	at org.apache.hadoop.hdds.scm.storage.ChunkInputStream.readChunk(ChunkInputStream.java:335)
	... 38 more
Caused by: java.util.concurrent.ExecutionException: org.apache.ratis.thirdparty.io.grpc.StatusRuntimeException: UNAVAILABLE: io exception
	at java.util.concurrent.CompletableFuture.reportGet(CompletableFuture.java:357)
	at java.util.concurrent.CompletableFuture.get(CompletableFuture.java:1895)
	at org.apache.hadoop.hdds.scm.XceiverClientGrpc.sendCommandWithRetry(XceiverClientGrpc.java:279)
	... 42 more
Caused by: org.apache.ratis.thirdparty.io.grpc.StatusRuntimeException: UNAVAILABLE: io exception
	at org.apache.ratis.thirdparty.io.grpc.Status.asRuntimeException(Status.java:526)
	at org.apache.ratis.thirdparty.io.grpc.stub.ClientCalls$StreamObserverToCallListenerAdapter.onClose(ClientCalls.java:434)
	at org.apache.ratis.thirdparty.io.grpc.PartialForwardingClientCallListener.onClose(PartialForwardingClientCallListener.java:39)
	at org.apache.ratis.thirdparty.io.grpc.ForwardingClientCallListener.onClose(ForwardingClientCallListener.java:23)
	at org.apache.ratis.thirdparty.io.grpc.ForwardingClientCallListener$SimpleForwardingClientCallListener.onClose(ForwardingClientCallListener.java:40)
	at org.apache.ratis.thirdparty.io.grpc.internal.CensusStatsModule$StatsClientInterceptor$1$1.onClose(CensusStatsModule.java:678)
	at org.apache.ratis.thirdparty.io.grpc.PartialForwardingClientCallListener.onClose(PartialForwardingClientCallListener.java:39)
	at org.apache.ratis.thirdparty.io.grpc.ForwardingClientCallListener.onClose(ForwardingClientCallListener.java:23)
	at org.apache.ratis.thirdparty.io.grpc.ForwardingClientCallListener$SimpleForwardingClientCallListener.onClose(ForwardingClientCallListener.java:40)
	at org.apache.ratis.thirdparty.io.grpc.internal.CensusTracingModule$TracingClientInterceptor$1$1.onClose(CensusTracingModule.java:397)
	at org.apache.ratis.thirdparty.io.grpc.internal.ClientCallImpl.closeObserver(ClientCallImpl.java:459)
	at org.apache.ratis.thirdparty.io.grpc.internal.ClientCallImpl.access$300(ClientCallImpl.java:63)
	at org.apache.ratis.thirdparty.io.grpc.internal.ClientCallImpl$ClientStreamListenerImpl.close(ClientCallImpl.java:546)
	at org.apache.ratis.thirdparty.io.grpc.internal.ClientCallImpl$ClientStreamListenerImpl.access$600(ClientCallImpl.java:467)
	at org.apache.ratis.thirdparty.io.grpc.internal.ClientCallImpl$ClientStreamListenerImpl$1StreamClosed.runInContext(ClientCallImpl.java:584)
	at org.apache.ratis.thirdparty.io.grpc.internal.ContextRunnable.run(ContextRunnable.java:37)
	at org.apache.ratis.thirdparty.io.grpc.internal.SerializingExecutor.run(SerializingExecutor.java:123)
	at java.util.concurrent.ThreadPoolExecutor.runWorker(ThreadPoolExecutor.java:1149)
	at java.util.concurrent.ThreadPoolExecutor$Worker.run(ThreadPoolExecutor.java:624)
	at java.lang.Thread.run(Thread.java:748)
Caused by: org.apache.ratis.thirdparty.io.netty.channel.AbstractChannel$AnnotatedConnectException: Connection refused: /192.168.157.236:38896
	at sun.nio.ch.SocketChannelImpl.checkConnect(Native Method)
	at sun.nio.ch.SocketChannelImpl.finishConnect(SocketChannelImpl.java:717)
	at org.apache.ratis.thirdparty.io.netty.channel.socket.nio.NioSocketChannel.doFinishConnect(NioSocketChannel.java:327)
	at org.apache.ratis.thirdparty.io.netty.channel.nio.AbstractNioChannel$AbstractNioUnsafe.finishConnect(AbstractNioChannel.java:340)
	at org.apache.ratis.thirdparty.io.netty.channel.nio.NioEventLoop.processSelectedKey(NioEventLoop.java:632)
	at org.apache.ratis.thirdparty.io.netty.channel.nio.NioEventLoop.processSelectedKeysOptimized(NioEventLoop.java:579)
	at org.apache.ratis.thirdparty.io.netty.channel.nio.NioEventLoop.processSelectedKeys(NioEventLoop.java:496)
	at org.apache.ratis.thirdparty.io.netty.channel.nio.NioEventLoop.run(NioEventLoop.java:458)
	at org.apache.ratis.thirdparty.io.netty.util.concurrent.SingleThreadEventExecutor$5.run(SingleThreadEventExecutor.java:897)
	at org.apache.ratis.thirdparty.io.netty.util.concurrent.FastThreadLocalRunnable.run(FastThreadLocalRunnable.java:30)
	... 1 more
Caused by: java.net.ConnectException: Connection refused
	... 11 more
</error>
    <system-out><![CDATA[2019-07-14 03:12:51,018 WARN  server.ServerUtils (ServerUtils.java:getScmDbDir(145)) - ozone.scm.db.dirs is not configured. We recommend adding this setting. Falling back to ozone.metadata.dirs instead.
2019-07-14 03:12:51,111 WARN  server.ServerUtils (ServerUtils.java:getScmDbDir(145)) - ozone.scm.db.dirs is not configured. We recommend adding this setting. Falling back to ozone.metadata.dirs instead.
2019-07-14 03:12:51,114 WARN  server.ServerUtils (ServerUtils.java:getScmDbDir(145)) - ozone.scm.db.dirs is not configured. We recommend adding this setting. Falling back to ozone.metadata.dirs instead.
2019-07-14 03:12:51,127 INFO  util.log (Log.java:initialized(192)) - Logging initialized @853ms
2019-07-14 03:12:51,206 INFO  db.DBStoreBuilder (DBStoreBuilder.java:addTable(110)) - using custom profile for table: deletedBlocks
2019-07-14 03:12:51,206 INFO  db.DBStoreBuilder (DBStoreBuilder.java:processTables(161)) - Using default column profile:DBProfile.DISK for Table:deletedBlocks
2019-07-14 03:12:51,207 INFO  db.DBStoreBuilder (DBStoreBuilder.java:addTable(110)) - using custom profile for table: validCerts
2019-07-14 03:12:51,207 INFO  db.DBStoreBuilder (DBStoreBuilder.java:processTables(161)) - Using default column profile:DBProfile.DISK for Table:validCerts
2019-07-14 03:12:51,207 INFO  db.DBStoreBuilder (DBStoreBuilder.java:addTable(110)) - using custom profile for table: revokedCerts
2019-07-14 03:12:51,207 INFO  db.DBStoreBuilder (DBStoreBuilder.java:processTables(161)) - Using default column profile:DBProfile.DISK for Table:revokedCerts
2019-07-14 03:12:51,217 INFO  db.DBStoreBuilder (DBStoreBuilder.java:addTable(110)) - using custom profile for table: default
2019-07-14 03:12:51,217 INFO  db.DBStoreBuilder (DBStoreBuilder.java:processTables(167)) - Using default column profile:DBProfile.DISK for Table:default
2019-07-14 03:12:51,218 INFO  db.DBStoreBuilder (DBStoreBuilder.java:getDbProfile(198)) - Using default options. DBProfile.DISK
2019-07-14 03:12:51,386 INFO  net.NodeSchemaLoader (NodeSchemaLoader.java:loadSchemaFromFile(125)) - Loading file from sun.misc.CompoundEnumeration@59fd97a8
2019-07-14 03:12:51,387 INFO  net.NodeSchemaLoader (NodeSchemaLoader.java:loadSchema(171)) - Loading network topology layer schema file
2019-07-14 03:12:51,441 WARN  server.ServerUtils (ServerUtils.java:sanitizeUserArgs(70)) - ozone.scm.stale.node.interval value = 300000 is larger than max = 100000 based on the key value of ozone.scm.heartbeat.thread.interval, reset to the max value 100000.
2019-07-14 03:12:51,444 WARN  server.ServerUtils (ServerUtils.java:sanitizeUserArgs(70)) - ozone.scm.stale.node.interval value = 300000 is larger than max = 100000 based on the key value of ozone.scm.heartbeat.thread.interval, reset to the max value 100000.
2019-07-14 03:12:51,446 INFO  node.SCMNodeManager (SCMNodeManager.java:<init>(119)) - Entering startup safe mode.
2019-07-14 03:12:51,514 WARN  server.ServerUtils (ServerUtils.java:getScmDbDir(145)) - ozone.scm.db.dirs is not configured. We recommend adding this setting. Falling back to ozone.metadata.dirs instead.
2019-07-14 03:12:51,583 INFO  pipeline.SCMPipelineManager (SCMPipelineManager.java:initializePipelineState(126)) - No pipeline exists in current db
2019-07-14 03:12:51,585 WARN  server.ServerUtils (ServerUtils.java:getScmDbDir(145)) - ozone.scm.db.dirs is not configured. We recommend adding this setting. Falling back to ozone.metadata.dirs instead.
2019-07-14 03:12:51,726 WARN  events.EventQueue (EventQueue.java:fireEvent(175)) - No event handler registered for event TypedEvent{payloadType=SafeModeStatus, name='SafeModeStatus'}
2019-07-14 03:12:52,019 INFO  ipc.CallQueueManager (CallQueueManager.java:<init>(84)) - Using callQueue: class java.util.concurrent.LinkedBlockingQueue, queueCapacity: 2000, scheduler: class org.apache.hadoop.ipc.DefaultRpcScheduler, ipcBackoff: false.
2019-07-14 03:12:52,040 INFO  ipc.Server (Server.java:run(1074)) - Starting Socket Reader #1 for port 35993
2019-07-14 03:12:52,059 INFO  ipc.CallQueueManager (CallQueueManager.java:<init>(84)) - Using callQueue: class java.util.concurrent.LinkedBlockingQueue, queueCapacity: 2000, scheduler: class org.apache.hadoop.ipc.DefaultRpcScheduler, ipcBackoff: false.
2019-07-14 03:12:52,060 INFO  ipc.Server (Server.java:run(1074)) - Starting Socket Reader #1 for port 39864
2019-07-14 03:12:52,065 INFO  ipc.CallQueueManager (CallQueueManager.java:<init>(84)) - Using callQueue: class java.util.concurrent.LinkedBlockingQueue, queueCapacity: 2000, scheduler: class org.apache.hadoop.ipc.DefaultRpcScheduler, ipcBackoff: false.
2019-07-14 03:12:52,066 INFO  ipc.Server (Server.java:run(1074)) - Starting Socket Reader #1 for port 45121
2019-07-14 03:12:52,198 INFO  hdfs.DFSUtil (DFSUtil.java:httpServerTemplateForNNAndJN(1641)) - Starting Web-server for scm at: http://0.0.0.0:0
2019-07-14 03:12:52,358 INFO  server.AuthenticationFilter (AuthenticationFilter.java:constructSecretProvider(240)) - Unable to initialize FileSignerSecretProvider, falling back to use random secrets.
2019-07-14 03:12:52,366 WARN  http.HttpRequestLog (HttpRequestLog.java:getRequestLog(97)) - Jetty request log can only be enabled using Log4j
2019-07-14 03:12:52,373 INFO  http.HttpServer2 (HttpServer2.java:addGlobalFilter(975)) - Added global filter 'safety' (class=org.apache.hadoop.http.HttpServer2$QuotingInputFilter)
2019-07-14 03:12:52,376 INFO  http.HttpServer2 (HttpServer2.java:addFilter(948)) - Added filter static_user_filter (class=org.apache.hadoop.http.lib.StaticUserWebFilter$StaticUserFilter) to context scm
2019-07-14 03:12:52,376 INFO  http.HttpServer2 (HttpServer2.java:addFilter(958)) - Added filter static_user_filter (class=org.apache.hadoop.http.lib.StaticUserWebFilter$StaticUserFilter) to context static
2019-07-14 03:12:52,376 INFO  http.HttpServer2 (HttpServer2.java:addFilter(958)) - Added filter static_user_filter (class=org.apache.hadoop.http.lib.StaticUserWebFilter$StaticUserFilter) to context logs
2019-07-14 03:12:52,402 INFO  server.StorageContainerManager (StorageContainerManager.java:start(759)) - StorageContainerLocationProtocol RPC server is listening at /0.0.0.0:45121
2019-07-14 03:12:52,457 WARN  impl.MetricsConfig (MetricsConfig.java:loadFirst(134)) - Cannot locate configuration: tried hadoop-metrics2-storagecontainermanager.properties,hadoop-metrics2.properties
2019-07-14 03:12:52,470 INFO  impl.MetricsSystemImpl (MetricsSystemImpl.java:startTimer(374)) - Scheduled Metric snapshot period at 10 second(s).
2019-07-14 03:12:52,470 INFO  impl.MetricsSystemImpl (MetricsSystemImpl.java:start(191)) - StorageContainerManager metrics system started
2019-07-14 03:12:52,682 INFO  server.SCMClientProtocolServer (SCMClientProtocolServer.java:start(149)) - RPC server for Client  is listening at /0.0.0.0:45121
2019-07-14 03:12:52,683 INFO  ipc.Server (Server.java:run(1314)) - IPC Server Responder: starting
2019-07-14 03:12:52,683 INFO  ipc.Server (Server.java:run(1153)) - IPC Server listener on 45121: starting
2019-07-14 03:12:52,688 INFO  server.StorageContainerManager (StorageContainerManager.java:start(768)) - ScmBlockLocationProtocol RPC server is listening at /0.0.0.0:39864
2019-07-14 03:12:52,688 INFO  server.SCMBlockProtocolServer (SCMBlockProtocolServer.java:start(140)) - RPC server for Block Protocol is listening at /0.0.0.0:39864
2019-07-14 03:12:52,688 INFO  ipc.Server (Server.java:run(1314)) - IPC Server Responder: starting
2019-07-14 03:12:52,688 INFO  ipc.Server (Server.java:run(1153)) - IPC Server listener on 39864: starting
2019-07-14 03:12:52,696 INFO  server.StorageContainerManager (StorageContainerManager.java:start(772)) - ScmDatanodeProtocl RPC server is listening at /0.0.0.0:35993
2019-07-14 03:12:52,696 INFO  server.SCMDatanodeProtocolServer (SCMDatanodeProtocolServer.java:start(191)) - RPC server for DataNodes is listening at /0.0.0.0:35993
2019-07-14 03:12:52,697 INFO  ipc.Server (Server.java:run(1314)) - IPC Server Responder: starting
2019-07-14 03:12:52,698 INFO  ipc.Server (Server.java:run(1153)) - IPC Server listener on 35993: starting
2019-07-14 03:12:52,709 INFO  http.HttpServer2 (HttpServer2.java:bindListener(1191)) - Jetty bound to port 39528
2019-07-14 03:12:52,711 INFO  server.Server (Server.java:doStart(351)) - jetty-9.3.24.v20180605, build timestamp: 2018-06-05T17:11:56Z, git hash: 84205aa28f11a4f31f2a3b86d1bba2cc8ab69827
2019-07-14 03:12:52,748 INFO  handler.ContextHandler (ContextHandler.java:doStart(781)) - Started o.e.j.s.ServletContextHandler@eda25e5{/logs,file:///tmp/workdir/hadoop-ozone/integration-test/target/log,AVAILABLE}
2019-07-14 03:12:52,749 INFO  handler.ContextHandler (ContextHandler.java:doStart(781)) - Started o.e.j.s.ServletContextHandler@623e088f{/static,file:///tmp/workdir/hadoop-ozone/integration-test/target/test-classes/webapps/static,AVAILABLE}
2019-07-14 03:12:52,780 INFO  handler.ContextHandler (ContextHandler.java:doStart(781)) - Started o.e.j.w.WebAppContext@7c041b41{/,file:///tmp/workdir/hadoop-ozone/integration-test/target/test-classes/webapps/scm/,AVAILABLE}{/scm}
2019-07-14 03:12:52,785 INFO  server.AbstractConnector (AbstractConnector.java:doStart(278)) - Started ServerConnector@664a9613{HTTP/1.1,[http/1.1]}{0.0.0.0:39528}
2019-07-14 03:12:52,785 INFO  server.Server (Server.java:doStart(419)) - Started @2511ms
2019-07-14 03:12:52,786 INFO  server.BaseHttpServer (BaseHttpServer.java:updateConnectorAddress(207)) - HTTP server of SCM is listening at http://0.0.0.0:39528
2019-07-14 03:12:52,792 INFO  util.JvmPauseMonitor (JvmPauseMonitor.java:run(188)) - Starting JVM pause monitor
2019-07-14 03:12:52,794 WARN  server.ServerUtils (ServerUtils.java:getDBPath(222)) - ozone.om.db.dirs is not configured. We recommend adding this setting. Falling back to ozone.metadata.dirs instead.
2019-07-14 03:12:52,886 WARN  server.ServerUtils (ServerUtils.java:getDBPath(222)) - ozone.om.db.dirs is not configured. We recommend adding this setting. Falling back to ozone.metadata.dirs instead.
2019-07-14 03:12:52,887 INFO  om.OzoneManager (OzoneManager.java:setOMNodeDetails(630)) - OM Service ID is not set. Setting it to the default ID: omServiceIdDefault
2019-07-14 03:12:52,887 INFO  om.OzoneManager (OzoneManager.java:setOMNodeDetails(636)) - OM Node ID is not set. Setting it to the OmStorage's OmID: 962b60bf-f0d5-4170-89ae-a805965cb123
2019-07-14 03:12:52,888 INFO  om.OzoneManager (OzoneManager.java:loadOMHAConfigs(587)) - Found matching OM address with OMServiceId: null, OMNodeId: null, RPC Address: localhost:0 and Ratis port: 9872
2019-07-14 03:12:53,147 WARN  server.ServerUtils (ServerUtils.java:getDBPath(222)) - ozone.om.db.dirs is not configured. We recommend adding this setting. Falling back to ozone.metadata.dirs instead.
2019-07-14 03:12:53,159 INFO  db.DBStoreBuilder (DBStoreBuilder.java:addTable(110)) - using custom profile for table: userTable
2019-07-14 03:12:53,159 INFO  db.DBStoreBuilder (DBStoreBuilder.java:processTables(161)) - Using default column profile:DBProfile.DISK for Table:userTable
2019-07-14 03:12:53,159 INFO  db.DBStoreBuilder (DBStoreBuilder.java:addTable(110)) - using custom profile for table: volumeTable
2019-07-14 03:12:53,160 INFO  db.DBStoreBuilder (DBStoreBuilder.java:processTables(161)) - Using default column profile:DBProfile.DISK for Table:volumeTable
2019-07-14 03:12:53,160 INFO  db.DBStoreBuilder (DBStoreBuilder.java:addTable(110)) - using custom profile for table: bucketTable
2019-07-14 03:12:53,161 INFO  db.DBStoreBuilder (DBStoreBuilder.java:processTables(161)) - Using default column profile:DBProfile.DISK for Table:bucketTable
2019-07-14 03:12:53,161 INFO  db.DBStoreBuilder (DBStoreBuilder.java:addTable(110)) - using custom profile for table: keyTable
2019-07-14 03:12:53,161 INFO  db.DBStoreBuilder (DBStoreBuilder.java:processTables(161)) - Using default column profile:DBProfile.DISK for Table:keyTable
2019-07-14 03:12:53,162 INFO  db.DBStoreBuilder (DBStoreBuilder.java:addTable(110)) - using custom profile for table: deletedTable
2019-07-14 03:12:53,162 INFO  db.DBStoreBuilder (DBStoreBuilder.java:processTables(161)) - Using default column profile:DBProfile.DISK for Table:deletedTable
2019-07-14 03:12:53,163 INFO  db.DBStoreBuilder (DBStoreBuilder.java:addTable(110)) - using custom profile for table: openKeyTable
2019-07-14 03:12:53,163 INFO  db.DBStoreBuilder (DBStoreBuilder.java:processTables(161)) - Using default column profile:DBProfile.DISK for Table:openKeyTable
2019-07-14 03:12:53,163 INFO  db.DBStoreBuilder (DBStoreBuilder.java:addTable(110)) - using custom profile for table: s3Table
2019-07-14 03:12:53,164 INFO  db.DBStoreBuilder (DBStoreBuilder.java:processTables(161)) - Using default column profile:DBProfile.DISK for Table:s3Table
2019-07-14 03:12:53,164 INFO  db.DBStoreBuilder (DBStoreBuilder.java:addTable(110)) - using custom profile for table: multipartInfoTable
2019-07-14 03:12:53,164 INFO  db.DBStoreBuilder (DBStoreBuilder.java:processTables(161)) - Using default column profile:DBProfile.DISK for Table:multipartInfoTable
2019-07-14 03:12:53,165 INFO  db.DBStoreBuilder (DBStoreBuilder.java:addTable(110)) - using custom profile for table: dTokenTable
2019-07-14 03:12:53,165 INFO  db.DBStoreBuilder (DBStoreBuilder.java:processTables(161)) - Using default column profile:DBProfile.DISK for Table:dTokenTable
2019-07-14 03:12:53,166 INFO  db.DBStoreBuilder (DBStoreBuilder.java:addTable(110)) - using custom profile for table: s3SecretTable
2019-07-14 03:12:53,166 INFO  db.DBStoreBuilder (DBStoreBuilder.java:processTables(161)) - Using default column profile:DBProfile.DISK for Table:s3SecretTable
2019-07-14 03:12:53,166 INFO  db.DBStoreBuilder (DBStoreBuilder.java:addTable(110)) - using custom profile for table: prefixTable
2019-07-14 03:12:53,167 INFO  db.DBStoreBuilder (DBStoreBuilder.java:processTables(161)) - Using default column profile:DBProfile.DISK for Table:prefixTable
2019-07-14 03:12:53,167 INFO  db.DBStoreBuilder (DBStoreBuilder.java:addTable(110)) - using custom profile for table: default
2019-07-14 03:12:53,167 INFO  db.DBStoreBuilder (DBStoreBuilder.java:processTables(167)) - Using default column profile:DBProfile.DISK for Table:default
2019-07-14 03:12:53,168 INFO  db.DBStoreBuilder (DBStoreBuilder.java:getDbProfile(198)) - Using default options. DBProfile.DISK
2019-07-14 03:12:54,231 INFO  ipc.CallQueueManager (CallQueueManager.java:<init>(84)) - Using callQueue: class java.util.concurrent.LinkedBlockingQueue, queueCapacity: 2000, scheduler: class org.apache.hadoop.ipc.DefaultRpcScheduler, ipcBackoff: false.
2019-07-14 03:12:54,233 INFO  ipc.Server (Server.java:run(1074)) - Starting Socket Reader #1 for port 46332
2019-07-14 03:12:54,265 WARN  server.ServerUtils (ServerUtils.java:getDBPath(222)) - ozone.om.db.dirs is not configured. We recommend adding this setting. Falling back to ozone.metadata.dirs instead.
2019-07-14 03:12:54,265 INFO  om.OzoneManager (OzoneManager.java:start(1228)) - OzoneManager RPC server is listening at localhost/127.0.0.1:46332
2019-07-14 03:12:54,266 INFO  impl.MetricsSystemImpl (MetricsSystemImpl.java:init(158)) - OzoneManager metrics system started (again)
2019-07-14 03:12:54,268 INFO  ipc.Server (Server.java:run(1314)) - IPC Server Responder: starting
2019-07-14 03:12:54,268 INFO  ipc.Server (Server.java:run(1153)) - IPC Server listener on 46332: starting
2019-07-14 03:12:54,285 INFO  hdfs.DFSUtil (DFSUtil.java:httpServerTemplateForNNAndJN(1641)) - Starting Web-server for ozoneManager at: http://0.0.0.0:0
2019-07-14 03:12:54,288 INFO  server.AuthenticationFilter (AuthenticationFilter.java:constructSecretProvider(240)) - Unable to initialize FileSignerSecretProvider, falling back to use random secrets.
2019-07-14 03:12:54,289 WARN  http.HttpRequestLog (HttpRequestLog.java:getRequestLog(97)) - Jetty request log can only be enabled using Log4j
2019-07-14 03:12:54,292 INFO  http.HttpServer2 (HttpServer2.java:addGlobalFilter(975)) - Added global filter 'safety' (class=org.apache.hadoop.http.HttpServer2$QuotingInputFilter)
2019-07-14 03:12:54,295 INFO  http.HttpServer2 (HttpServer2.java:addFilter(948)) - Added filter static_user_filter (class=org.apache.hadoop.http.lib.StaticUserWebFilter$StaticUserFilter) to context ozoneManager
2019-07-14 03:12:54,295 INFO  http.HttpServer2 (HttpServer2.java:addFilter(958)) - Added filter static_user_filter (class=org.apache.hadoop.http.lib.StaticUserWebFilter$StaticUserFilter) to context static
2019-07-14 03:12:54,296 INFO  http.HttpServer2 (HttpServer2.java:addFilter(958)) - Added filter static_user_filter (class=org.apache.hadoop.http.lib.StaticUserWebFilter$StaticUserFilter) to context logs
2019-07-14 03:12:54,299 INFO  http.HttpServer2 (HttpServer2.java:bindListener(1191)) - Jetty bound to port 46730
2019-07-14 03:12:54,300 INFO  server.Server (Server.java:doStart(351)) - jetty-9.3.24.v20180605, build timestamp: 2018-06-05T17:11:56Z, git hash: 84205aa28f11a4f31f2a3b86d1bba2cc8ab69827
2019-07-14 03:12:54,303 INFO  handler.ContextHandler (ContextHandler.java:doStart(781)) - Started o.e.j.s.ServletContextHandler@349d0836{/logs,file:///tmp/workdir/hadoop-ozone/integration-test/target/log,AVAILABLE}
2019-07-14 03:12:54,304 INFO  handler.ContextHandler (ContextHandler.java:doStart(781)) - Started o.e.j.s.ServletContextHandler@3e134896{/static,file:///tmp/workdir/hadoop-ozone/integration-test/target/test-classes/webapps/static,AVAILABLE}
2019-07-14 03:12:54,313 INFO  handler.ContextHandler (ContextHandler.java:doStart(781)) - Started o.e.j.w.WebAppContext@68e62ca4{/,file:///tmp/workdir/hadoop-ozone/integration-test/target/test-classes/webapps/ozoneManager/,AVAILABLE}{/ozoneManager}
2019-07-14 03:12:54,314 INFO  server.AbstractConnector (AbstractConnector.java:doStart(278)) - Started ServerConnector@5328a9c1{HTTP/1.1,[http/1.1]}{0.0.0.0:46730}
2019-07-14 03:12:54,314 INFO  server.Server (Server.java:doStart(419)) - Started @4040ms
2019-07-14 03:12:54,315 INFO  server.BaseHttpServer (BaseHttpServer.java:updateConnectorAddress(207)) - HTTP server of OZONEMANAGER is listening at http://0.0.0.0:46730
2019-07-14 03:12:54,669 INFO  impl.MetricsSystemImpl (MetricsSystemImpl.java:init(158)) - HddsDatanode metrics system started (again)
2019-07-14 03:12:54,760 INFO  ozone.HddsDatanodeService (HddsDatanodeService.java:start(185)) - HddsDatanodeService host:trunk-nightly-k88cw-3644625431 ip:192.168.157.236
2019-07-14 03:12:54,792 INFO  volume.HddsVolume (HddsVolume.java:<init>(176)) - Creating Volume: /tmp/workdir/hadoop-ozone/integration-test/target/test-dir/MiniOzoneClusterImpl-cb60d03d-f57a-4c54-aae4-b882482aac61/datanode-0/data/containers/hdds of  storage type : DISK and capacity : 52710309888
2019-07-14 03:12:54,794 INFO  volume.VolumeSet (VolumeSet.java:initializeVolumeSet(170)) - Added Volume : /tmp/workdir/hadoop-ozone/integration-test/target/test-dir/MiniOzoneClusterImpl-cb60d03d-f57a-4c54-aae4-b882482aac61/datanode-0/data/containers/hdds to VolumeSet
2019-07-14 03:12:54,797 INFO  volume.ThrottledAsyncChecker (ThrottledAsyncChecker.java:schedule(140)) - Scheduling a check for org.apache.hadoop.ozone.container.common.volume.HddsVolume@57d0fc89
2019-07-14 03:12:54,815 INFO  volume.HddsVolumeChecker (HddsVolumeChecker.java:checkAllVolumes(203)) - Scheduled health check for volume org.apache.hadoop.ozone.container.common.volume.HddsVolume@57d0fc89
2019-07-14 03:12:54,935 INFO  impl.RaftServerProxy (ConfUtils.java:logGet(43)) - raft.rpc.type = GRPC (default)
2019-07-14 03:12:55,002 INFO  grpc.GrpcFactory (GrpcFactory.java:checkPooledByteBufAllocatorUseCacheForAllThreads(45)) - PERFORMANCE WARNING: useCacheForAllThreads is true that may cause Netty to create a lot garbage objects and, as a result, trigger GC.
	It is recommended to disable useCacheForAllThreads by setting -Dorg.apache.ratis.thirdparty.io.netty.allocator.useCacheForAllThreads=false in command line.
2019-07-14 03:12:55,006 INFO  grpc.GrpcConfigKeys$Server (ConfUtils.java:logGet(43)) - raft.grpc.server.port = 0 (default)
2019-07-14 03:12:55,007 INFO  server.GrpcService (ConfUtils.java:logGet(43)) - raft.grpc.message.size.max = 33570816 (custom)
2019-07-14 03:12:55,009 INFO  server.RaftServerConfigKeys (ConfUtils.java:logGet(43)) - raft.server.log.appender.buffer.byte-limit = 33554432 (custom)
2019-07-14 03:12:55,010 INFO  server.GrpcService (ConfUtils.java:logGet(43)) - raft.grpc.flow.control.window = 1MB (=1048576) (default)
2019-07-14 03:12:55,011 INFO  server.RaftServerConfigKeys (ConfUtils.java:logGet(43)) - raft.server.rpc.request.timeout = 3000ms (default)
2019-07-14 03:12:55,193 INFO  server.RaftServerConfigKeys (ConfUtils.java:logGet(43)) - raft.server.storage.dir = [/tmp/workdir/hadoop-ozone/integration-test/target/test-dir/MiniOzoneClusterImpl-cb60d03d-f57a-4c54-aae4-b882482aac61/datanode-0/data/ratis] (custom)
2019-07-14 03:12:55,228 INFO  replication.SimpleContainerDownloader (SimpleContainerDownloader.java:<init>(72)) - Starting container downloader service to copy containers to replicate.
2019-07-14 03:12:55,240 INFO  hdfs.DFSUtil (DFSUtil.java:httpServerTemplateForNNAndJN(1641)) - Starting Web-server for hddsDatanode at: http://0.0.0.0:0
2019-07-14 03:12:55,243 INFO  server.AuthenticationFilter (AuthenticationFilter.java:constructSecretProvider(240)) - Unable to initialize FileSignerSecretProvider, falling back to use random secrets.
2019-07-14 03:12:55,243 WARN  http.HttpRequestLog (HttpRequestLog.java:getRequestLog(97)) - Jetty request log can only be enabled using Log4j
2019-07-14 03:12:55,246 INFO  http.HttpServer2 (HttpServer2.java:addGlobalFilter(975)) - Added global filter 'safety' (class=org.apache.hadoop.http.HttpServer2$QuotingInputFilter)
2019-07-14 03:12:55,248 INFO  http.HttpServer2 (HttpServer2.java:addFilter(948)) - Added filter static_user_filter (class=org.apache.hadoop.http.lib.StaticUserWebFilter$StaticUserFilter) to context hddsDatanode
2019-07-14 03:12:55,248 INFO  http.HttpServer2 (HttpServer2.java:addFilter(958)) - Added filter static_user_filter (class=org.apache.hadoop.http.lib.StaticUserWebFilter$StaticUserFilter) to context logs
2019-07-14 03:12:55,248 INFO  http.HttpServer2 (HttpServer2.java:addFilter(958)) - Added filter static_user_filter (class=org.apache.hadoop.http.lib.StaticUserWebFilter$StaticUserFilter) to context static
2019-07-14 03:12:55,250 INFO  http.HttpServer2 (HttpServer2.java:bindListener(1191)) - Jetty bound to port 39147
2019-07-14 03:12:55,250 INFO  server.Server (Server.java:doStart(351)) - jetty-9.3.24.v20180605, build timestamp: 2018-06-05T17:11:56Z, git hash: 84205aa28f11a4f31f2a3b86d1bba2cc8ab69827
2019-07-14 03:12:55,253 INFO  handler.ContextHandler (ContextHandler.java:doStart(781)) - Started o.e.j.s.ServletContextHandler@1d23ff23{/logs,file:///tmp/workdir/hadoop-ozone/integration-test/target/log,AVAILABLE}
2019-07-14 03:12:55,254 INFO  handler.ContextHandler (ContextHandler.java:doStart(781)) - Started o.e.j.s.ServletContextHandler@6c9320c2{/static,jar:file:/home/user/.m2/repository/org/apache/hadoop/hadoop-hdds-container-service/0.5.0-SNAPSHOT/hadoop-hdds-container-service-0.5.0-SNAPSHOT.jar!/webapps/static,AVAILABLE}
2019-07-14 03:12:55,319 INFO  handler.ContextHandler (ContextHandler.java:doStart(781)) - Started o.e.j.w.WebAppContext@5c080ef3{/,file:///tmp/jetty-0.0.0.0-39147-hddsDatanode-_-any-7210952284685568251.dir/webapp/,AVAILABLE}{/hddsDatanode}
2019-07-14 03:12:55,319 INFO  server.AbstractConnector (AbstractConnector.java:doStart(278)) - Started ServerConnector@188cbcde{HTTP/1.1,[http/1.1]}{0.0.0.0:39147}
2019-07-14 03:12:55,320 INFO  server.Server (Server.java:doStart(419)) - Started @5046ms
2019-07-14 03:12:55,322 INFO  server.BaseHttpServer (BaseHttpServer.java:updateConnectorAddress(207)) - HTTP server of HDDSDATANODE is listening at http://0.0.0.0:39147
2019-07-14 03:12:56,371 INFO  ozone.HddsDatanodeService (HddsDatanodeService.java:startPlugins(396)) - Started plug-in org.apache.hadoop.ozone.web.OzoneHddsDatanodeService@28babeca
2019-07-14 03:12:56,373 INFO  impl.MetricsSystemImpl (MetricsSystemImpl.java:init(158)) - HddsDatanode metrics system started (again)
2019-07-14 03:12:56,373 INFO  ozone.HddsDatanodeService (HddsDatanodeService.java:start(185)) - HddsDatanodeService host:trunk-nightly-k88cw-3644625431 ip:192.168.157.236
2019-07-14 03:12:56,381 INFO  util.JvmPauseMonitor (JvmPauseMonitor.java:run(188)) - Starting JVM pause monitor
2019-07-14 03:12:56,384 INFO  volume.HddsVolume (HddsVolume.java:<init>(176)) - Creating Volume: /tmp/workdir/hadoop-ozone/integration-test/target/test-dir/MiniOzoneClusterImpl-cb60d03d-f57a-4c54-aae4-b882482aac61/datanode-1/data/containers/hdds of  storage type : DISK and capacity : 52710309888
2019-07-14 03:12:56,385 INFO  volume.VolumeSet (VolumeSet.java:initializeVolumeSet(170)) - Added Volume : /tmp/workdir/hadoop-ozone/integration-test/target/test-dir/MiniOzoneClusterImpl-cb60d03d-f57a-4c54-aae4-b882482aac61/datanode-1/data/containers/hdds to VolumeSet
2019-07-14 03:12:56,385 INFO  volume.ThrottledAsyncChecker (ThrottledAsyncChecker.java:schedule(140)) - Scheduling a check for org.apache.hadoop.ozone.container.common.volume.HddsVolume@58833798
2019-07-14 03:12:56,386 INFO  volume.HddsVolumeChecker (HddsVolumeChecker.java:checkAllVolumes(203)) - Scheduled health check for volume org.apache.hadoop.ozone.container.common.volume.HddsVolume@58833798
2019-07-14 03:12:56,405 INFO  impl.RaftServerProxy (ConfUtils.java:logGet(43)) - raft.rpc.type = GRPC (default)
2019-07-14 03:12:56,406 INFO  grpc.GrpcFactory (GrpcFactory.java:checkPooledByteBufAllocatorUseCacheForAllThreads(45)) - PERFORMANCE WARNING: useCacheForAllThreads is true that may cause Netty to create a lot garbage objects and, as a result, trigger GC.
	It is recommended to disable useCacheForAllThreads by setting -Dorg.apache.ratis.thirdparty.io.netty.allocator.useCacheForAllThreads=false in command line.
2019-07-14 03:12:56,406 INFO  grpc.GrpcConfigKeys$Server (ConfUtils.java:logGet(43)) - raft.grpc.server.port = 0 (default)
2019-07-14 03:12:56,406 INFO  server.GrpcService (ConfUtils.java:logGet(43)) - raft.grpc.message.size.max = 33570816 (custom)
2019-07-14 03:12:56,407 INFO  server.RaftServerConfigKeys (ConfUtils.java:logGet(43)) - raft.server.log.appender.buffer.byte-limit = 33554432 (custom)
2019-07-14 03:12:56,407 INFO  server.GrpcService (ConfUtils.java:logGet(43)) - raft.grpc.flow.control.window = 1MB (=1048576) (default)
2019-07-14 03:12:56,407 INFO  server.RaftServerConfigKeys (ConfUtils.java:logGet(43)) - raft.server.rpc.request.timeout = 3000ms (default)
2019-07-14 03:12:56,408 INFO  server.RaftServerConfigKeys (ConfUtils.java:logGet(43)) - raft.server.storage.dir = [/tmp/workdir/hadoop-ozone/integration-test/target/test-dir/MiniOzoneClusterImpl-cb60d03d-f57a-4c54-aae4-b882482aac61/datanode-1/data/ratis] (custom)
2019-07-14 03:12:56,409 INFO  replication.SimpleContainerDownloader (SimpleContainerDownloader.java:<init>(72)) - Starting container downloader service to copy containers to replicate.
2019-07-14 03:12:56,410 INFO  hdfs.DFSUtil (DFSUtil.java:httpServerTemplateForNNAndJN(1641)) - Starting Web-server for hddsDatanode at: http://0.0.0.0:0
2019-07-14 03:12:56,411 INFO  server.AuthenticationFilter (AuthenticationFilter.java:constructSecretProvider(240)) - Unable to initialize FileSignerSecretProvider, falling back to use random secrets.
2019-07-14 03:12:56,412 WARN  http.HttpRequestLog (HttpRequestLog.java:getRequestLog(97)) - Jetty request log can only be enabled using Log4j
2019-07-14 03:12:56,413 INFO  http.HttpServer2 (HttpServer2.java:addGlobalFilter(975)) - Added global filter 'safety' (class=org.apache.hadoop.http.HttpServer2$QuotingInputFilter)
2019-07-14 03:12:56,414 INFO  http.HttpServer2 (HttpServer2.java:addFilter(948)) - Added filter static_user_filter (class=org.apache.hadoop.http.lib.StaticUserWebFilter$StaticUserFilter) to context hddsDatanode
2019-07-14 03:12:56,414 INFO  http.HttpServer2 (HttpServer2.java:addFilter(958)) - Added filter static_user_filter (class=org.apache.hadoop.http.lib.StaticUserWebFilter$StaticUserFilter) to context static
2019-07-14 03:12:56,414 INFO  http.HttpServer2 (HttpServer2.java:addFilter(958)) - Added filter static_user_filter (class=org.apache.hadoop.http.lib.StaticUserWebFilter$StaticUserFilter) to context logs
2019-07-14 03:12:56,415 INFO  http.HttpServer2 (HttpServer2.java:bindListener(1191)) - Jetty bound to port 35592
2019-07-14 03:12:56,415 INFO  server.Server (Server.java:doStart(351)) - jetty-9.3.24.v20180605, build timestamp: 2018-06-05T17:11:56Z, git hash: 84205aa28f11a4f31f2a3b86d1bba2cc8ab69827
2019-07-14 03:12:56,417 INFO  handler.ContextHandler (ContextHandler.java:doStart(781)) - Started o.e.j.s.ServletContextHandler@245253d8{/logs,file:///tmp/workdir/hadoop-ozone/integration-test/target/log,AVAILABLE}
2019-07-14 03:12:56,417 INFO  handler.ContextHandler (ContextHandler.java:doStart(781)) - Started o.e.j.s.ServletContextHandler@459003a0{/static,jar:file:/home/user/.m2/repository/org/apache/hadoop/hadoop-hdds-container-service/0.5.0-SNAPSHOT/hadoop-hdds-container-service-0.5.0-SNAPSHOT.jar!/webapps/static,AVAILABLE}
2019-07-14 03:12:56,445 INFO  handler.ContextHandler (ContextHandler.java:doStart(781)) - Started o.e.j.w.WebAppContext@6af5b246{/,file:///tmp/jetty-0.0.0.0-35592-hddsDatanode-_-any-9187577881091034233.dir/webapp/,AVAILABLE}{/hddsDatanode}
2019-07-14 03:12:56,446 INFO  server.AbstractConnector (AbstractConnector.java:doStart(278)) - Started ServerConnector@31723307{HTTP/1.1,[http/1.1]}{0.0.0.0:35592}
2019-07-14 03:12:56,446 INFO  server.Server (Server.java:doStart(419)) - Started @6171ms
2019-07-14 03:12:56,447 INFO  server.BaseHttpServer (BaseHttpServer.java:updateConnectorAddress(207)) - HTTP server of HDDSDATANODE is listening at http://0.0.0.0:35592
2019-07-14 03:12:56,518 INFO  datanode.InitDatanodeState (InitDatanodeState.java:persistContainerDatanodeDetails(140)) - DatanodeDetails is persisted to /tmp/workdir/hadoop-ozone/integration-test/target/test-dir/MiniOzoneClusterImpl-cb60d03d-f57a-4c54-aae4-b882482aac61/datanode-0/meta/datanode.id
2019-07-14 03:12:56,568 INFO  ozone.HddsDatanodeService (HddsDatanodeService.java:startPlugins(396)) - Started plug-in org.apache.hadoop.ozone.web.OzoneHddsDatanodeService@79627d27
2019-07-14 03:12:56,568 INFO  impl.MetricsSystemImpl (MetricsSystemImpl.java:init(158)) - HddsDatanode metrics system started (again)
2019-07-14 03:12:56,569 INFO  ozone.HddsDatanodeService (HddsDatanodeService.java:start(185)) - HddsDatanodeService host:trunk-nightly-k88cw-3644625431 ip:192.168.157.236
2019-07-14 03:12:56,571 INFO  util.JvmPauseMonitor (JvmPauseMonitor.java:run(188)) - Starting JVM pause monitor
2019-07-14 03:12:56,578 INFO  volume.HddsVolume (HddsVolume.java:<init>(176)) - Creating Volume: /tmp/workdir/hadoop-ozone/integration-test/target/test-dir/MiniOzoneClusterImpl-cb60d03d-f57a-4c54-aae4-b882482aac61/datanode-2/data/containers/hdds of  storage type : DISK and capacity : 52710309888
2019-07-14 03:12:56,580 INFO  volume.VolumeSet (VolumeSet.java:initializeVolumeSet(170)) - Added Volume : /tmp/workdir/hadoop-ozone/integration-test/target/test-dir/MiniOzoneClusterImpl-cb60d03d-f57a-4c54-aae4-b882482aac61/datanode-2/data/containers/hdds to VolumeSet
2019-07-14 03:12:56,580 INFO  volume.ThrottledAsyncChecker (ThrottledAsyncChecker.java:schedule(140)) - Scheduling a check for org.apache.hadoop.ozone.container.common.volume.HddsVolume@2a8f6e6
2019-07-14 03:12:56,580 INFO  volume.HddsVolumeChecker (HddsVolumeChecker.java:checkAllVolumes(203)) - Scheduled health check for volume org.apache.hadoop.ozone.container.common.volume.HddsVolume@2a8f6e6
2019-07-14 03:12:56,582 INFO  datanode.InitDatanodeState (InitDatanodeState.java:persistContainerDatanodeDetails(140)) - DatanodeDetails is persisted to /tmp/workdir/hadoop-ozone/integration-test/target/test-dir/MiniOzoneClusterImpl-cb60d03d-f57a-4c54-aae4-b882482aac61/datanode-1/meta/datanode.id
2019-07-14 03:12:56,594 INFO  impl.RaftServerProxy (ConfUtils.java:logGet(43)) - raft.rpc.type = GRPC (default)
2019-07-14 03:12:56,594 INFO  grpc.GrpcFactory (GrpcFactory.java:checkPooledByteBufAllocatorUseCacheForAllThreads(45)) - PERFORMANCE WARNING: useCacheForAllThreads is true that may cause Netty to create a lot garbage objects and, as a result, trigger GC.
	It is recommended to disable useCacheForAllThreads by setting -Dorg.apache.ratis.thirdparty.io.netty.allocator.useCacheForAllThreads=false in command line.
2019-07-14 03:12:56,594 INFO  grpc.GrpcConfigKeys$Server (ConfUtils.java:logGet(43)) - raft.grpc.server.port = 0 (default)
2019-07-14 03:12:56,594 INFO  server.GrpcService (ConfUtils.java:logGet(43)) - raft.grpc.message.size.max = 33570816 (custom)
2019-07-14 03:12:56,594 INFO  server.RaftServerConfigKeys (ConfUtils.java:logGet(43)) - raft.server.log.appender.buffer.byte-limit = 33554432 (custom)
2019-07-14 03:12:56,595 INFO  server.GrpcService (ConfUtils.java:logGet(43)) - raft.grpc.flow.control.window = 1MB (=1048576) (default)
2019-07-14 03:12:56,595 INFO  server.RaftServerConfigKeys (ConfUtils.java:logGet(43)) - raft.server.rpc.request.timeout = 3000ms (default)
2019-07-14 03:12:56,595 INFO  server.RaftServerConfigKeys (ConfUtils.java:logGet(43)) - raft.server.storage.dir = [/tmp/workdir/hadoop-ozone/integration-test/target/test-dir/MiniOzoneClusterImpl-cb60d03d-f57a-4c54-aae4-b882482aac61/datanode-2/data/ratis] (custom)
2019-07-14 03:12:56,596 INFO  replication.SimpleContainerDownloader (SimpleContainerDownloader.java:<init>(72)) - Starting container downloader service to copy containers to replicate.
2019-07-14 03:12:56,597 INFO  hdfs.DFSUtil (DFSUtil.java:httpServerTemplateForNNAndJN(1641)) - Starting Web-server for hddsDatanode at: http://0.0.0.0:0
2019-07-14 03:12:56,598 INFO  server.AuthenticationFilter (AuthenticationFilter.java:constructSecretProvider(240)) - Unable to initialize FileSignerSecretProvider, falling back to use random secrets.
2019-07-14 03:12:56,598 WARN  http.HttpRequestLog (HttpRequestLog.java:getRequestLog(97)) - Jetty request log can only be enabled using Log4j
2019-07-14 03:12:56,599 INFO  http.HttpServer2 (HttpServer2.java:addGlobalFilter(975)) - Added global filter 'safety' (class=org.apache.hadoop.http.HttpServer2$QuotingInputFilter)
2019-07-14 03:12:56,600 INFO  http.HttpServer2 (HttpServer2.java:addFilter(948)) - Added filter static_user_filter (class=org.apache.hadoop.http.lib.StaticUserWebFilter$StaticUserFilter) to context hddsDatanode
2019-07-14 03:12:56,600 INFO  http.HttpServer2 (HttpServer2.java:addFilter(958)) - Added filter static_user_filter (class=org.apache.hadoop.http.lib.StaticUserWebFilter$StaticUserFilter) to context logs
2019-07-14 03:12:56,600 INFO  http.HttpServer2 (HttpServer2.java:addFilter(958)) - Added filter static_user_filter (class=org.apache.hadoop.http.lib.StaticUserWebFilter$StaticUserFilter) to context static
2019-07-14 03:12:56,601 INFO  http.HttpServer2 (HttpServer2.java:bindListener(1191)) - Jetty bound to port 39124
2019-07-14 03:12:56,601 INFO  server.Server (Server.java:doStart(351)) - jetty-9.3.24.v20180605, build timestamp: 2018-06-05T17:11:56Z, git hash: 84205aa28f11a4f31f2a3b86d1bba2cc8ab69827
2019-07-14 03:12:56,604 INFO  handler.ContextHandler (ContextHandler.java:doStart(781)) - Started o.e.j.s.ServletContextHandler@70ede57d{/logs,file:///tmp/workdir/hadoop-ozone/integration-test/target/log,AVAILABLE}
2019-07-14 03:12:56,605 INFO  handler.ContextHandler (ContextHandler.java:doStart(781)) - Started o.e.j.s.ServletContextHandler@61f377d1{/static,jar:file:/home/user/.m2/repository/org/apache/hadoop/hadoop-hdds-container-service/0.5.0-SNAPSHOT/hadoop-hdds-container-service-0.5.0-SNAPSHOT.jar!/webapps/static,AVAILABLE}
2019-07-14 03:12:56,627 INFO  handler.ContextHandler (ContextHandler.java:doStart(781)) - Started o.e.j.w.WebAppContext@30a7653e{/,file:///tmp/jetty-0.0.0.0-39124-hddsDatanode-_-any-4675451237229790320.dir/webapp/,AVAILABLE}{/hddsDatanode}
2019-07-14 03:12:56,628 INFO  server.AbstractConnector (AbstractConnector.java:doStart(278)) - Started ServerConnector@7cff3f1d{HTTP/1.1,[http/1.1]}{0.0.0.0:39124}
2019-07-14 03:12:56,628 INFO  server.Server (Server.java:doStart(419)) - Started @6354ms
2019-07-14 03:12:56,629 INFO  server.BaseHttpServer (BaseHttpServer.java:updateConnectorAddress(207)) - HTTP server of HDDSDATANODE is listening at http://0.0.0.0:39124
2019-07-14 03:12:56,778 INFO  ozone.HddsDatanodeService (HddsDatanodeService.java:startPlugins(396)) - Started plug-in org.apache.hadoop.ozone.web.OzoneHddsDatanodeService@12fcb2c3
2019-07-14 03:12:56,778 INFO  impl.MetricsSystemImpl (MetricsSystemImpl.java:init(158)) - HddsDatanode metrics system started (again)
2019-07-14 03:12:56,780 INFO  ozone.HddsDatanodeService (HddsDatanodeService.java:start(185)) - HddsDatanodeService host:trunk-nightly-k88cw-3644625431 ip:192.168.157.236
2019-07-14 03:12:56,783 INFO  util.JvmPauseMonitor (JvmPauseMonitor.java:run(188)) - Starting JVM pause monitor
2019-07-14 03:12:56,786 INFO  datanode.InitDatanodeState (InitDatanodeState.java:persistContainerDatanodeDetails(140)) - DatanodeDetails is persisted to /tmp/workdir/hadoop-ozone/integration-test/target/test-dir/MiniOzoneClusterImpl-cb60d03d-f57a-4c54-aae4-b882482aac61/datanode-2/meta/datanode.id
2019-07-14 03:12:56,789 INFO  volume.HddsVolume (HddsVolume.java:<init>(176)) - Creating Volume: /tmp/workdir/hadoop-ozone/integration-test/target/test-dir/MiniOzoneClusterImpl-cb60d03d-f57a-4c54-aae4-b882482aac61/datanode-3/data/containers/hdds of  storage type : DISK and capacity : 52710309888
2019-07-14 03:12:56,790 INFO  volume.VolumeSet (VolumeSet.java:initializeVolumeSet(170)) - Added Volume : /tmp/workdir/hadoop-ozone/integration-test/target/test-dir/MiniOzoneClusterImpl-cb60d03d-f57a-4c54-aae4-b882482aac61/datanode-3/data/containers/hdds to VolumeSet
2019-07-14 03:12:56,790 INFO  volume.ThrottledAsyncChecker (ThrottledAsyncChecker.java:schedule(140)) - Scheduling a check for org.apache.hadoop.ozone.container.common.volume.HddsVolume@28a6e171
2019-07-14 03:12:56,790 INFO  volume.HddsVolumeChecker (HddsVolumeChecker.java:checkAllVolumes(203)) - Scheduled health check for volume org.apache.hadoop.ozone.container.common.volume.HddsVolume@28a6e171
2019-07-14 03:12:56,807 INFO  impl.RaftServerProxy (ConfUtils.java:logGet(43)) - raft.rpc.type = GRPC (default)
2019-07-14 03:12:56,808 INFO  grpc.GrpcFactory (GrpcFactory.java:checkPooledByteBufAllocatorUseCacheForAllThreads(45)) - PERFORMANCE WARNING: useCacheForAllThreads is true that may cause Netty to create a lot garbage objects and, as a result, trigger GC.
	It is recommended to disable useCacheForAllThreads by setting -Dorg.apache.ratis.thirdparty.io.netty.allocator.useCacheForAllThreads=false in command line.
2019-07-14 03:12:56,808 INFO  grpc.GrpcConfigKeys$Server (ConfUtils.java:logGet(43)) - raft.grpc.server.port = 0 (default)
2019-07-14 03:12:56,808 INFO  server.GrpcService (ConfUtils.java:logGet(43)) - raft.grpc.message.size.max = 33570816 (custom)
2019-07-14 03:12:56,808 INFO  server.RaftServerConfigKeys (ConfUtils.java:logGet(43)) - raft.server.log.appender.buffer.byte-limit = 33554432 (custom)
2019-07-14 03:12:56,809 INFO  server.GrpcService (ConfUtils.java:logGet(43)) - raft.grpc.flow.control.window = 1MB (=1048576) (default)
2019-07-14 03:12:56,809 INFO  server.RaftServerConfigKeys (ConfUtils.java:logGet(43)) - raft.server.rpc.request.timeout = 3000ms (default)
2019-07-14 03:12:56,809 INFO  server.RaftServerConfigKeys (ConfUtils.java:logGet(43)) - raft.server.storage.dir = [/tmp/workdir/hadoop-ozone/integration-test/target/test-dir/MiniOzoneClusterImpl-cb60d03d-f57a-4c54-aae4-b882482aac61/datanode-3/data/ratis] (custom)
2019-07-14 03:12:56,810 INFO  replication.SimpleContainerDownloader (SimpleContainerDownloader.java:<init>(72)) - Starting container downloader service to copy containers to replicate.
2019-07-14 03:12:56,811 INFO  hdfs.DFSUtil (DFSUtil.java:httpServerTemplateForNNAndJN(1641)) - Starting Web-server for hddsDatanode at: http://0.0.0.0:0
2019-07-14 03:12:56,813 INFO  server.AuthenticationFilter (AuthenticationFilter.java:constructSecretProvider(240)) - Unable to initialize FileSignerSecretProvider, falling back to use random secrets.
2019-07-14 03:12:56,814 WARN  http.HttpRequestLog (HttpRequestLog.java:getRequestLog(97)) - Jetty request log can only be enabled using Log4j
2019-07-14 03:12:56,816 INFO  http.HttpServer2 (HttpServer2.java:addGlobalFilter(975)) - Added global filter 'safety' (class=org.apache.hadoop.http.HttpServer2$QuotingInputFilter)
2019-07-14 03:12:56,817 INFO  http.HttpServer2 (HttpServer2.java:addFilter(948)) - Added filter static_user_filter (class=org.apache.hadoop.http.lib.StaticUserWebFilter$StaticUserFilter) to context hddsDatanode
2019-07-14 03:12:56,817 INFO  http.HttpServer2 (HttpServer2.java:addFilter(958)) - Added filter static_user_filter (class=org.apache.hadoop.http.lib.StaticUserWebFilter$StaticUserFilter) to context logs
2019-07-14 03:12:56,817 INFO  http.HttpServer2 (HttpServer2.java:addFilter(958)) - Added filter static_user_filter (class=org.apache.hadoop.http.lib.StaticUserWebFilter$StaticUserFilter) to context static
2019-07-14 03:12:56,818 INFO  http.HttpServer2 (HttpServer2.java:bindListener(1191)) - Jetty bound to port 38864
2019-07-14 03:12:56,819 INFO  server.Server (Server.java:doStart(351)) - jetty-9.3.24.v20180605, build timestamp: 2018-06-05T17:11:56Z, git hash: 84205aa28f11a4f31f2a3b86d1bba2cc8ab69827
2019-07-14 03:12:56,821 INFO  handler.ContextHandler (ContextHandler.java:doStart(781)) - Started o.e.j.s.ServletContextHandler@14b528b6{/logs,file:///tmp/workdir/hadoop-ozone/integration-test/target/log,AVAILABLE}
2019-07-14 03:12:56,822 INFO  handler.ContextHandler (ContextHandler.java:doStart(781)) - Started o.e.j.s.ServletContextHandler@6f930e0{/static,jar:file:/home/user/.m2/repository/org/apache/hadoop/hadoop-hdds-container-service/0.5.0-SNAPSHOT/hadoop-hdds-container-service-0.5.0-SNAPSHOT.jar!/webapps/static,AVAILABLE}
2019-07-14 03:12:56,863 INFO  handler.ContextHandler (ContextHandler.java:doStart(781)) - Started o.e.j.w.WebAppContext@3830b06c{/,file:///tmp/jetty-0.0.0.0-38864-hddsDatanode-_-any-3872741957049656676.dir/webapp/,AVAILABLE}{/hddsDatanode}
2019-07-14 03:12:56,863 INFO  server.AbstractConnector (AbstractConnector.java:doStart(278)) - Started ServerConnector@3e28d779{HTTP/1.1,[http/1.1]}{0.0.0.0:38864}
2019-07-14 03:12:56,864 INFO  server.Server (Server.java:doStart(419)) - Started @6590ms
2019-07-14 03:12:56,866 INFO  server.BaseHttpServer (BaseHttpServer.java:updateConnectorAddress(207)) - HTTP server of HDDSDATANODE is listening at http://0.0.0.0:38864
2019-07-14 03:12:56,990 INFO  ozone.HddsDatanodeService (HddsDatanodeService.java:startPlugins(396)) - Started plug-in org.apache.hadoop.ozone.web.OzoneHddsDatanodeService@42c0a16e
2019-07-14 03:12:56,990 INFO  impl.MetricsSystemImpl (MetricsSystemImpl.java:init(158)) - HddsDatanode metrics system started (again)
2019-07-14 03:12:56,991 INFO  ozone.HddsDatanodeService (HddsDatanodeService.java:start(185)) - HddsDatanodeService host:trunk-nightly-k88cw-3644625431 ip:192.168.157.236
2019-07-14 03:12:56,994 INFO  util.JvmPauseMonitor (JvmPauseMonitor.java:run(188)) - Starting JVM pause monitor
2019-07-14 03:12:57,000 INFO  datanode.InitDatanodeState (InitDatanodeState.java:persistContainerDatanodeDetails(140)) - DatanodeDetails is persisted to /tmp/workdir/hadoop-ozone/integration-test/target/test-dir/MiniOzoneClusterImpl-cb60d03d-f57a-4c54-aae4-b882482aac61/datanode-3/meta/datanode.id
2019-07-14 03:12:57,000 INFO  volume.HddsVolume (HddsVolume.java:<init>(176)) - Creating Volume: /tmp/workdir/hadoop-ozone/integration-test/target/test-dir/MiniOzoneClusterImpl-cb60d03d-f57a-4c54-aae4-b882482aac61/datanode-4/data/containers/hdds of  storage type : DISK and capacity : 52710309888
2019-07-14 03:12:57,000 INFO  volume.VolumeSet (VolumeSet.java:initializeVolumeSet(170)) - Added Volume : /tmp/workdir/hadoop-ozone/integration-test/target/test-dir/MiniOzoneClusterImpl-cb60d03d-f57a-4c54-aae4-b882482aac61/datanode-4/data/containers/hdds to VolumeSet
2019-07-14 03:12:57,001 INFO  volume.ThrottledAsyncChecker (ThrottledAsyncChecker.java:schedule(140)) - Scheduling a check for org.apache.hadoop.ozone.container.common.volume.HddsVolume@76396509
2019-07-14 03:12:57,001 INFO  volume.HddsVolumeChecker (HddsVolumeChecker.java:checkAllVolumes(203)) - Scheduled health check for volume org.apache.hadoop.ozone.container.common.volume.HddsVolume@76396509
2019-07-14 03:12:57,014 INFO  impl.RaftServerProxy (ConfUtils.java:logGet(43)) - raft.rpc.type = GRPC (default)
2019-07-14 03:12:57,014 INFO  grpc.GrpcFactory (GrpcFactory.java:checkPooledByteBufAllocatorUseCacheForAllThreads(45)) - PERFORMANCE WARNING: useCacheForAllThreads is true that may cause Netty to create a lot garbage objects and, as a result, trigger GC.
	It is recommended to disable useCacheForAllThreads by setting -Dorg.apache.ratis.thirdparty.io.netty.allocator.useCacheForAllThreads=false in command line.
2019-07-14 03:12:57,014 INFO  grpc.GrpcConfigKeys$Server (ConfUtils.java:logGet(43)) - raft.grpc.server.port = 0 (default)
2019-07-14 03:12:57,014 INFO  server.GrpcService (ConfUtils.java:logGet(43)) - raft.grpc.message.size.max = 33570816 (custom)
2019-07-14 03:12:57,014 INFO  server.RaftServerConfigKeys (ConfUtils.java:logGet(43)) - raft.server.log.appender.buffer.byte-limit = 33554432 (custom)
2019-07-14 03:12:57,015 INFO  server.GrpcService (ConfUtils.java:logGet(43)) - raft.grpc.flow.control.window = 1MB (=1048576) (default)
2019-07-14 03:12:57,015 INFO  server.RaftServerConfigKeys (ConfUtils.java:logGet(43)) - raft.server.rpc.request.timeout = 3000ms (default)
2019-07-14 03:12:57,015 INFO  server.RaftServerConfigKeys (ConfUtils.java:logGet(43)) - raft.server.storage.dir = [/tmp/workdir/hadoop-ozone/integration-test/target/test-dir/MiniOzoneClusterImpl-cb60d03d-f57a-4c54-aae4-b882482aac61/datanode-4/data/ratis] (custom)
2019-07-14 03:12:57,016 INFO  replication.SimpleContainerDownloader (SimpleContainerDownloader.java:<init>(72)) - Starting container downloader service to copy containers to replicate.
2019-07-14 03:12:57,016 INFO  hdfs.DFSUtil (DFSUtil.java:httpServerTemplateForNNAndJN(1641)) - Starting Web-server for hddsDatanode at: http://0.0.0.0:0
2019-07-14 03:12:57,017 INFO  server.AuthenticationFilter (AuthenticationFilter.java:constructSecretProvider(240)) - Unable to initialize FileSignerSecretProvider, falling back to use random secrets.
2019-07-14 03:12:57,018 WARN  http.HttpRequestLog (HttpRequestLog.java:getRequestLog(97)) - Jetty request log can only be enabled using Log4j
2019-07-14 03:12:57,019 INFO  http.HttpServer2 (HttpServer2.java:addGlobalFilter(975)) - Added global filter 'safety' (class=org.apache.hadoop.http.HttpServer2$QuotingInputFilter)
2019-07-14 03:12:57,019 INFO  http.HttpServer2 (HttpServer2.java:addFilter(948)) - Added filter static_user_filter (class=org.apache.hadoop.http.lib.StaticUserWebFilter$StaticUserFilter) to context hddsDatanode
2019-07-14 03:12:57,019 INFO  http.HttpServer2 (HttpServer2.java:addFilter(958)) - Added filter static_user_filter (class=org.apache.hadoop.http.lib.StaticUserWebFilter$StaticUserFilter) to context logs
2019-07-14 03:12:57,019 INFO  http.HttpServer2 (HttpServer2.java:addFilter(958)) - Added filter static_user_filter (class=org.apache.hadoop.http.lib.StaticUserWebFilter$StaticUserFilter) to context static
2019-07-14 03:12:57,020 INFO  http.HttpServer2 (HttpServer2.java:bindListener(1191)) - Jetty bound to port 41688
2019-07-14 03:12:57,020 INFO  server.Server (Server.java:doStart(351)) - jetty-9.3.24.v20180605, build timestamp: 2018-06-05T17:11:56Z, git hash: 84205aa28f11a4f31f2a3b86d1bba2cc8ab69827
2019-07-14 03:12:57,024 INFO  handler.ContextHandler (ContextHandler.java:doStart(781)) - Started o.e.j.s.ServletContextHandler@2e6d76ba{/logs,file:///tmp/workdir/hadoop-ozone/integration-test/target/log,AVAILABLE}
2019-07-14 03:12:57,025 INFO  handler.ContextHandler (ContextHandler.java:doStart(781)) - Started o.e.j.s.ServletContextHandler@5a9840f3{/static,jar:file:/home/user/.m2/repository/org/apache/hadoop/hadoop-hdds-container-service/0.5.0-SNAPSHOT/hadoop-hdds-container-service-0.5.0-SNAPSHOT.jar!/webapps/static,AVAILABLE}
2019-07-14 03:12:57,049 INFO  handler.ContextHandler (ContextHandler.java:doStart(781)) - Started o.e.j.w.WebAppContext@350da119{/,file:///tmp/jetty-0.0.0.0-41688-hddsDatanode-_-any-2490791718683660023.dir/webapp/,AVAILABLE}{/hddsDatanode}
2019-07-14 03:12:57,049 INFO  server.AbstractConnector (AbstractConnector.java:doStart(278)) - Started ServerConnector@6a09484c{HTTP/1.1,[http/1.1]}{0.0.0.0:41688}
2019-07-14 03:12:57,050 INFO  server.Server (Server.java:doStart(419)) - Started @6775ms
2019-07-14 03:12:57,051 INFO  server.BaseHttpServer (BaseHttpServer.java:updateConnectorAddress(207)) - HTTP server of HDDSDATANODE is listening at http://0.0.0.0:41688
2019-07-14 03:12:57,159 INFO  ozone.HddsDatanodeService (HddsDatanodeService.java:startPlugins(396)) - Started plug-in org.apache.hadoop.ozone.web.OzoneHddsDatanodeService@33324c05
2019-07-14 03:12:57,159 INFO  impl.MetricsSystemImpl (MetricsSystemImpl.java:init(158)) - HddsDatanode metrics system started (again)
2019-07-14 03:12:57,160 INFO  ozone.HddsDatanodeService (HddsDatanodeService.java:start(185)) - HddsDatanodeService host:trunk-nightly-k88cw-3644625431 ip:192.168.157.236
2019-07-14 03:12:57,169 INFO  volume.HddsVolume (HddsVolume.java:<init>(176)) - Creating Volume: /tmp/workdir/hadoop-ozone/integration-test/target/test-dir/MiniOzoneClusterImpl-cb60d03d-f57a-4c54-aae4-b882482aac61/datanode-5/data/containers/hdds of  storage type : DISK and capacity : 52710309888
2019-07-14 03:12:57,170 INFO  volume.VolumeSet (VolumeSet.java:initializeVolumeSet(170)) - Added Volume : /tmp/workdir/hadoop-ozone/integration-test/target/test-dir/MiniOzoneClusterImpl-cb60d03d-f57a-4c54-aae4-b882482aac61/datanode-5/data/containers/hdds to VolumeSet
2019-07-14 03:12:57,171 INFO  util.JvmPauseMonitor (JvmPauseMonitor.java:run(188)) - Starting JVM pause monitor
2019-07-14 03:12:57,171 INFO  volume.ThrottledAsyncChecker (ThrottledAsyncChecker.java:schedule(140)) - Scheduling a check for org.apache.hadoop.ozone.container.common.volume.HddsVolume@2aea717c
2019-07-14 03:12:57,171 INFO  volume.HddsVolumeChecker (HddsVolumeChecker.java:checkAllVolumes(203)) - Scheduled health check for volume org.apache.hadoop.ozone.container.common.volume.HddsVolume@2aea717c
2019-07-14 03:12:57,174 INFO  datanode.InitDatanodeState (InitDatanodeState.java:persistContainerDatanodeDetails(140)) - DatanodeDetails is persisted to /tmp/workdir/hadoop-ozone/integration-test/target/test-dir/MiniOzoneClusterImpl-cb60d03d-f57a-4c54-aae4-b882482aac61/datanode-4/meta/datanode.id
2019-07-14 03:12:57,184 INFO  impl.RaftServerProxy (ConfUtils.java:logGet(43)) - raft.rpc.type = GRPC (default)
2019-07-14 03:12:57,184 INFO  grpc.GrpcFactory (GrpcFactory.java:checkPooledByteBufAllocatorUseCacheForAllThreads(45)) - PERFORMANCE WARNING: useCacheForAllThreads is true that may cause Netty to create a lot garbage objects and, as a result, trigger GC.
	It is recommended to disable useCacheForAllThreads by setting -Dorg.apache.ratis.thirdparty.io.netty.allocator.useCacheForAllThreads=false in command line.
2019-07-14 03:12:57,184 INFO  grpc.GrpcConfigKeys$Server (ConfUtils.java:logGet(43)) - raft.grpc.server.port = 0 (default)
2019-07-14 03:12:57,185 INFO  server.GrpcService (ConfUtils.java:logGet(43)) - raft.grpc.message.size.max = 33570816 (custom)
2019-07-14 03:12:57,185 INFO  server.RaftServerConfigKeys (ConfUtils.java:logGet(43)) - raft.server.log.appender.buffer.byte-limit = 33554432 (custom)
2019-07-14 03:12:57,185 INFO  server.GrpcService (ConfUtils.java:logGet(43)) - raft.grpc.flow.control.window = 1MB (=1048576) (default)
2019-07-14 03:12:57,185 INFO  server.RaftServerConfigKeys (ConfUtils.java:logGet(43)) - raft.server.rpc.request.timeout = 3000ms (default)
2019-07-14 03:12:57,186 INFO  server.RaftServerConfigKeys (ConfUtils.java:logGet(43)) - raft.server.storage.dir = [/tmp/workdir/hadoop-ozone/integration-test/target/test-dir/MiniOzoneClusterImpl-cb60d03d-f57a-4c54-aae4-b882482aac61/datanode-5/data/ratis] (custom)
2019-07-14 03:12:57,186 INFO  replication.SimpleContainerDownloader (SimpleContainerDownloader.java:<init>(72)) - Starting container downloader service to copy containers to replicate.
2019-07-14 03:12:57,187 INFO  hdfs.DFSUtil (DFSUtil.java:httpServerTemplateForNNAndJN(1641)) - Starting Web-server for hddsDatanode at: http://0.0.0.0:0
2019-07-14 03:12:57,188 INFO  server.AuthenticationFilter (AuthenticationFilter.java:constructSecretProvider(240)) - Unable to initialize FileSignerSecretProvider, falling back to use random secrets.
2019-07-14 03:12:57,188 WARN  http.HttpRequestLog (HttpRequestLog.java:getRequestLog(97)) - Jetty request log can only be enabled using Log4j
2019-07-14 03:12:57,190 INFO  http.HttpServer2 (HttpServer2.java:addGlobalFilter(975)) - Added global filter 'safety' (class=org.apache.hadoop.http.HttpServer2$QuotingInputFilter)
2019-07-14 03:12:57,190 INFO  http.HttpServer2 (HttpServer2.java:addFilter(948)) - Added filter static_user_filter (class=org.apache.hadoop.http.lib.StaticUserWebFilter$StaticUserFilter) to context hddsDatanode
2019-07-14 03:12:57,190 INFO  http.HttpServer2 (HttpServer2.java:addFilter(958)) - Added filter static_user_filter (class=org.apache.hadoop.http.lib.StaticUserWebFilter$StaticUserFilter) to context logs
2019-07-14 03:12:57,190 INFO  http.HttpServer2 (HttpServer2.java:addFilter(958)) - Added filter static_user_filter (class=org.apache.hadoop.http.lib.StaticUserWebFilter$StaticUserFilter) to context static
2019-07-14 03:12:57,191 INFO  http.HttpServer2 (HttpServer2.java:bindListener(1191)) - Jetty bound to port 42352
2019-07-14 03:12:57,191 INFO  server.Server (Server.java:doStart(351)) - jetty-9.3.24.v20180605, build timestamp: 2018-06-05T17:11:56Z, git hash: 84205aa28f11a4f31f2a3b86d1bba2cc8ab69827
2019-07-14 03:12:57,193 INFO  handler.ContextHandler (ContextHandler.java:doStart(781)) - Started o.e.j.s.ServletContextHandler@4a22e4d7{/logs,file:///tmp/workdir/hadoop-ozone/integration-test/target/log,AVAILABLE}
2019-07-14 03:12:57,194 INFO  handler.ContextHandler (ContextHandler.java:doStart(781)) - Started o.e.j.s.ServletContextHandler@16681017{/static,jar:file:/home/user/.m2/repository/org/apache/hadoop/hadoop-hdds-container-service/0.5.0-SNAPSHOT/hadoop-hdds-container-service-0.5.0-SNAPSHOT.jar!/webapps/static,AVAILABLE}
2019-07-14 03:12:57,217 INFO  handler.ContextHandler (ContextHandler.java:doStart(781)) - Started o.e.j.w.WebAppContext@629075f4{/,file:///tmp/jetty-0.0.0.0-42352-hddsDatanode-_-any-8484613823242200571.dir/webapp/,AVAILABLE}{/hddsDatanode}
2019-07-14 03:12:57,217 INFO  server.AbstractConnector (AbstractConnector.java:doStart(278)) - Started ServerConnector@48499739{HTTP/1.1,[http/1.1]}{0.0.0.0:42352}
2019-07-14 03:12:57,218 INFO  server.Server (Server.java:doStart(419)) - Started @6944ms
2019-07-14 03:12:57,219 INFO  server.BaseHttpServer (BaseHttpServer.java:updateConnectorAddress(207)) - HTTP server of HDDSDATANODE is listening at http://0.0.0.0:42352
2019-07-14 03:12:57,324 INFO  ozone.HddsDatanodeService (HddsDatanodeService.java:startPlugins(396)) - Started plug-in org.apache.hadoop.ozone.web.OzoneHddsDatanodeService@5c1b89ac
2019-07-14 03:12:57,324 INFO  impl.MetricsSystemImpl (MetricsSystemImpl.java:init(158)) - HddsDatanode metrics system started (again)
2019-07-14 03:12:57,326 INFO  ozone.HddsDatanodeService (HddsDatanodeService.java:start(185)) - HddsDatanodeService host:trunk-nightly-k88cw-3644625431 ip:192.168.157.236
2019-07-14 03:12:57,328 INFO  util.JvmPauseMonitor (JvmPauseMonitor.java:run(188)) - Starting JVM pause monitor
2019-07-14 03:12:57,331 INFO  datanode.InitDatanodeState (InitDatanodeState.java:persistContainerDatanodeDetails(140)) - DatanodeDetails is persisted to /tmp/workdir/hadoop-ozone/integration-test/target/test-dir/MiniOzoneClusterImpl-cb60d03d-f57a-4c54-aae4-b882482aac61/datanode-5/meta/datanode.id
2019-07-14 03:12:57,337 INFO  volume.HddsVolume (HddsVolume.java:<init>(176)) - Creating Volume: /tmp/workdir/hadoop-ozone/integration-test/target/test-dir/MiniOzoneClusterImpl-cb60d03d-f57a-4c54-aae4-b882482aac61/datanode-6/data/containers/hdds of  storage type : DISK and capacity : 52710309888
2019-07-14 03:12:57,337 INFO  volume.VolumeSet (VolumeSet.java:initializeVolumeSet(170)) - Added Volume : /tmp/workdir/hadoop-ozone/integration-test/target/test-dir/MiniOzoneClusterImpl-cb60d03d-f57a-4c54-aae4-b882482aac61/datanode-6/data/containers/hdds to VolumeSet
2019-07-14 03:12:57,337 INFO  volume.ThrottledAsyncChecker (ThrottledAsyncChecker.java:schedule(140)) - Scheduling a check for org.apache.hadoop.ozone.container.common.volume.HddsVolume@5d14e99e
2019-07-14 03:12:57,337 INFO  volume.HddsVolumeChecker (HddsVolumeChecker.java:checkAllVolumes(203)) - Scheduled health check for volume org.apache.hadoop.ozone.container.common.volume.HddsVolume@5d14e99e
2019-07-14 03:12:57,351 INFO  impl.RaftServerProxy (ConfUtils.java:logGet(43)) - raft.rpc.type = GRPC (default)
2019-07-14 03:12:57,351 INFO  grpc.GrpcFactory (GrpcFactory.java:checkPooledByteBufAllocatorUseCacheForAllThreads(45)) - PERFORMANCE WARNING: useCacheForAllThreads is true that may cause Netty to create a lot garbage objects and, as a result, trigger GC.
	It is recommended to disable useCacheForAllThreads by setting -Dorg.apache.ratis.thirdparty.io.netty.allocator.useCacheForAllThreads=false in command line.
2019-07-14 03:12:57,351 INFO  grpc.GrpcConfigKeys$Server (ConfUtils.java:logGet(43)) - raft.grpc.server.port = 0 (default)
2019-07-14 03:12:57,351 INFO  server.GrpcService (ConfUtils.java:logGet(43)) - raft.grpc.message.size.max = 33570816 (custom)
2019-07-14 03:12:57,351 INFO  server.RaftServerConfigKeys (ConfUtils.java:logGet(43)) - raft.server.log.appender.buffer.byte-limit = 33554432 (custom)
2019-07-14 03:12:57,351 INFO  server.GrpcService (ConfUtils.java:logGet(43)) - raft.grpc.flow.control.window = 1MB (=1048576) (default)
2019-07-14 03:12:57,352 INFO  server.RaftServerConfigKeys (ConfUtils.java:logGet(43)) - raft.server.rpc.request.timeout = 3000ms (default)
2019-07-14 03:12:57,352 INFO  server.RaftServerConfigKeys (ConfUtils.java:logGet(43)) - raft.server.storage.dir = [/tmp/workdir/hadoop-ozone/integration-test/target/test-dir/MiniOzoneClusterImpl-cb60d03d-f57a-4c54-aae4-b882482aac61/datanode-6/data/ratis] (custom)
2019-07-14 03:12:57,352 INFO  replication.SimpleContainerDownloader (SimpleContainerDownloader.java:<init>(72)) - Starting container downloader service to copy containers to replicate.
2019-07-14 03:12:57,353 INFO  hdfs.DFSUtil (DFSUtil.java:httpServerTemplateForNNAndJN(1641)) - Starting Web-server for hddsDatanode at: http://0.0.0.0:0
2019-07-14 03:12:57,354 INFO  server.AuthenticationFilter (AuthenticationFilter.java:constructSecretProvider(240)) - Unable to initialize FileSignerSecretProvider, falling back to use random secrets.
2019-07-14 03:12:57,355 WARN  http.HttpRequestLog (HttpRequestLog.java:getRequestLog(97)) - Jetty request log can only be enabled using Log4j
2019-07-14 03:12:57,356 INFO  http.HttpServer2 (HttpServer2.java:addGlobalFilter(975)) - Added global filter 'safety' (class=org.apache.hadoop.http.HttpServer2$QuotingInputFilter)
2019-07-14 03:12:57,356 INFO  http.HttpServer2 (HttpServer2.java:addFilter(948)) - Added filter static_user_filter (class=org.apache.hadoop.http.lib.StaticUserWebFilter$StaticUserFilter) to context hddsDatanode
2019-07-14 03:12:57,356 INFO  http.HttpServer2 (HttpServer2.java:addFilter(958)) - Added filter static_user_filter (class=org.apache.hadoop.http.lib.StaticUserWebFilter$StaticUserFilter) to context static
2019-07-14 03:12:57,356 INFO  http.HttpServer2 (HttpServer2.java:addFilter(958)) - Added filter static_user_filter (class=org.apache.hadoop.http.lib.StaticUserWebFilter$StaticUserFilter) to context logs
2019-07-14 03:12:57,357 INFO  http.HttpServer2 (HttpServer2.java:bindListener(1191)) - Jetty bound to port 34318
2019-07-14 03:12:57,357 INFO  server.Server (Server.java:doStart(351)) - jetty-9.3.24.v20180605, build timestamp: 2018-06-05T17:11:56Z, git hash: 84205aa28f11a4f31f2a3b86d1bba2cc8ab69827
2019-07-14 03:12:57,407 INFO  handler.ContextHandler (ContextHandler.java:doStart(781)) - Started o.e.j.s.ServletContextHandler@1537c744{/logs,file:///tmp/workdir/hadoop-ozone/integration-test/target/log,AVAILABLE}
2019-07-14 03:12:57,408 INFO  handler.ContextHandler (ContextHandler.java:doStart(781)) - Started o.e.j.s.ServletContextHandler@50122012{/static,jar:file:/home/user/.m2/repository/org/apache/hadoop/hadoop-hdds-container-service/0.5.0-SNAPSHOT/hadoop-hdds-container-service-0.5.0-SNAPSHOT.jar!/webapps/static,AVAILABLE}
2019-07-14 03:12:57,475 INFO  handler.ContextHandler (ContextHandler.java:doStart(781)) - Started o.e.j.w.WebAppContext@133aacbe{/,file:///tmp/jetty-0.0.0.0-34318-hddsDatanode-_-any-6761725187214791190.dir/webapp/,AVAILABLE}{/hddsDatanode}
2019-07-14 03:12:57,476 INFO  server.AbstractConnector (AbstractConnector.java:doStart(278)) - Started ServerConnector@2aa5bd48{HTTP/1.1,[http/1.1]}{0.0.0.0:34318}
2019-07-14 03:12:57,476 INFO  server.Server (Server.java:doStart(419)) - Started @7202ms
2019-07-14 03:12:57,477 INFO  server.BaseHttpServer (BaseHttpServer.java:updateConnectorAddress(207)) - HTTP server of HDDSDATANODE is listening at http://0.0.0.0:34318
2019-07-14 03:12:57,599 INFO  ozone.HddsDatanodeService (HddsDatanodeService.java:startPlugins(396)) - Started plug-in org.apache.hadoop.ozone.web.OzoneHddsDatanodeService@733534f9
2019-07-14 03:12:57,599 INFO  impl.MetricsSystemImpl (MetricsSystemImpl.java:init(158)) - HddsDatanode metrics system started (again)
2019-07-14 03:12:57,601 INFO  ozone.HddsDatanodeService (HddsDatanodeService.java:start(185)) - HddsDatanodeService host:trunk-nightly-k88cw-3644625431 ip:192.168.157.236
2019-07-14 03:12:57,604 INFO  util.JvmPauseMonitor (JvmPauseMonitor.java:run(188)) - Starting JVM pause monitor
2019-07-14 03:12:57,607 INFO  datanode.InitDatanodeState (InitDatanodeState.java:persistContainerDatanodeDetails(140)) - DatanodeDetails is persisted to /tmp/workdir/hadoop-ozone/integration-test/target/test-dir/MiniOzoneClusterImpl-cb60d03d-f57a-4c54-aae4-b882482aac61/datanode-6/meta/datanode.id
2019-07-14 03:12:57,614 INFO  volume.HddsVolume (HddsVolume.java:<init>(176)) - Creating Volume: /tmp/workdir/hadoop-ozone/integration-test/target/test-dir/MiniOzoneClusterImpl-cb60d03d-f57a-4c54-aae4-b882482aac61/datanode-7/data/containers/hdds of  storage type : DISK and capacity : 52710309888
2019-07-14 03:12:57,614 INFO  volume.VolumeSet (VolumeSet.java:initializeVolumeSet(170)) - Added Volume : /tmp/workdir/hadoop-ozone/integration-test/target/test-dir/MiniOzoneClusterImpl-cb60d03d-f57a-4c54-aae4-b882482aac61/datanode-7/data/containers/hdds to VolumeSet
2019-07-14 03:12:57,614 INFO  volume.ThrottledAsyncChecker (ThrottledAsyncChecker.java:schedule(140)) - Scheduling a check for org.apache.hadoop.ozone.container.common.volume.HddsVolume@2bfc2f8b
2019-07-14 03:12:57,615 INFO  volume.HddsVolumeChecker (HddsVolumeChecker.java:checkAllVolumes(203)) - Scheduled health check for volume org.apache.hadoop.ozone.container.common.volume.HddsVolume@2bfc2f8b
2019-07-14 03:12:57,627 INFO  impl.RaftServerProxy (ConfUtils.java:logGet(43)) - raft.rpc.type = GRPC (default)
2019-07-14 03:12:57,627 INFO  grpc.GrpcFactory (GrpcFactory.java:checkPooledByteBufAllocatorUseCacheForAllThreads(45)) - PERFORMANCE WARNING: useCacheForAllThreads is true that may cause Netty to create a lot garbage objects and, as a result, trigger GC.
	It is recommended to disable useCacheForAllThreads by setting -Dorg.apache.ratis.thirdparty.io.netty.allocator.useCacheForAllThreads=false in command line.
2019-07-14 03:12:57,628 INFO  grpc.GrpcConfigKeys$Server (ConfUtils.java:logGet(43)) - raft.grpc.server.port = 0 (default)
2019-07-14 03:12:57,628 INFO  server.GrpcService (ConfUtils.java:logGet(43)) - raft.grpc.message.size.max = 33570816 (custom)
2019-07-14 03:12:57,628 INFO  server.RaftServerConfigKeys (ConfUtils.java:logGet(43)) - raft.server.log.appender.buffer.byte-limit = 33554432 (custom)
2019-07-14 03:12:57,628 INFO  server.GrpcService (ConfUtils.java:logGet(43)) - raft.grpc.flow.control.window = 1MB (=1048576) (default)
2019-07-14 03:12:57,628 INFO  server.RaftServerConfigKeys (ConfUtils.java:logGet(43)) - raft.server.rpc.request.timeout = 3000ms (default)
2019-07-14 03:12:57,629 INFO  server.RaftServerConfigKeys (ConfUtils.java:logGet(43)) - raft.server.storage.dir = [/tmp/workdir/hadoop-ozone/integration-test/target/test-dir/MiniOzoneClusterImpl-cb60d03d-f57a-4c54-aae4-b882482aac61/datanode-7/data/ratis] (custom)
2019-07-14 03:12:57,629 INFO  replication.SimpleContainerDownloader (SimpleContainerDownloader.java:<init>(72)) - Starting container downloader service to copy containers to replicate.
2019-07-14 03:12:57,630 INFO  hdfs.DFSUtil (DFSUtil.java:httpServerTemplateForNNAndJN(1641)) - Starting Web-server for hddsDatanode at: http://0.0.0.0:0
2019-07-14 03:12:57,631 INFO  server.AuthenticationFilter (AuthenticationFilter.java:constructSecretProvider(240)) - Unable to initialize FileSignerSecretProvider, falling back to use random secrets.
2019-07-14 03:12:57,631 WARN  http.HttpRequestLog (HttpRequestLog.java:getRequestLog(97)) - Jetty request log can only be enabled using Log4j
2019-07-14 03:12:57,633 INFO  http.HttpServer2 (HttpServer2.java:addGlobalFilter(975)) - Added global filter 'safety' (class=org.apache.hadoop.http.HttpServer2$QuotingInputFilter)
2019-07-14 03:12:57,633 INFO  http.HttpServer2 (HttpServer2.java:addFilter(948)) - Added filter static_user_filter (class=org.apache.hadoop.http.lib.StaticUserWebFilter$StaticUserFilter) to context hddsDatanode
2019-07-14 03:12:57,633 INFO  http.HttpServer2 (HttpServer2.java:addFilter(958)) - Added filter static_user_filter (class=org.apache.hadoop.http.lib.StaticUserWebFilter$StaticUserFilter) to context logs
2019-07-14 03:12:57,633 INFO  http.HttpServer2 (HttpServer2.java:addFilter(958)) - Added filter static_user_filter (class=org.apache.hadoop.http.lib.StaticUserWebFilter$StaticUserFilter) to context static
2019-07-14 03:12:57,634 INFO  http.HttpServer2 (HttpServer2.java:bindListener(1191)) - Jetty bound to port 38985
2019-07-14 03:12:57,634 INFO  server.Server (Server.java:doStart(351)) - jetty-9.3.24.v20180605, build timestamp: 2018-06-05T17:11:56Z, git hash: 84205aa28f11a4f31f2a3b86d1bba2cc8ab69827
2019-07-14 03:12:57,635 INFO  handler.ContextHandler (ContextHandler.java:doStart(781)) - Started o.e.j.s.ServletContextHandler@f18b738{/logs,file:///tmp/workdir/hadoop-ozone/integration-test/target/log,AVAILABLE}
2019-07-14 03:12:57,636 INFO  handler.ContextHandler (ContextHandler.java:doStart(781)) - Started o.e.j.s.ServletContextHandler@aca3c85{/static,jar:file:/home/user/.m2/repository/org/apache/hadoop/hadoop-hdds-container-service/0.5.0-SNAPSHOT/hadoop-hdds-container-service-0.5.0-SNAPSHOT.jar!/webapps/static,AVAILABLE}
2019-07-14 03:12:57,658 INFO  handler.ContextHandler (ContextHandler.java:doStart(781)) - Started o.e.j.w.WebAppContext@edb83f8{/,file:///tmp/jetty-0.0.0.0-38985-hddsDatanode-_-any-2400257690390718001.dir/webapp/,AVAILABLE}{/hddsDatanode}
2019-07-14 03:12:57,658 INFO  server.AbstractConnector (AbstractConnector.java:doStart(278)) - Started ServerConnector@8b41ad{HTTP/1.1,[http/1.1]}{0.0.0.0:38985}
2019-07-14 03:12:57,659 INFO  server.Server (Server.java:doStart(419)) - Started @7385ms
2019-07-14 03:12:57,660 INFO  server.BaseHttpServer (BaseHttpServer.java:updateConnectorAddress(207)) - HTTP server of HDDSDATANODE is listening at http://0.0.0.0:38985
2019-07-14 03:12:57,768 INFO  ozone.HddsDatanodeService (HddsDatanodeService.java:startPlugins(396)) - Started plug-in org.apache.hadoop.ozone.web.OzoneHddsDatanodeService@dd737ea
2019-07-14 03:12:57,768 INFO  impl.MetricsSystemImpl (MetricsSystemImpl.java:init(158)) - HddsDatanode metrics system started (again)
2019-07-14 03:12:57,769 INFO  ozone.HddsDatanodeService (HddsDatanodeService.java:start(185)) - HddsDatanodeService host:trunk-nightly-k88cw-3644625431 ip:192.168.157.236
2019-07-14 03:12:57,772 INFO  util.JvmPauseMonitor (JvmPauseMonitor.java:run(188)) - Starting JVM pause monitor
2019-07-14 03:12:57,775 INFO  datanode.InitDatanodeState (InitDatanodeState.java:persistContainerDatanodeDetails(140)) - DatanodeDetails is persisted to /tmp/workdir/hadoop-ozone/integration-test/target/test-dir/MiniOzoneClusterImpl-cb60d03d-f57a-4c54-aae4-b882482aac61/datanode-7/meta/datanode.id
2019-07-14 03:12:57,781 INFO  volume.HddsVolume (HddsVolume.java:<init>(176)) - Creating Volume: /tmp/workdir/hadoop-ozone/integration-test/target/test-dir/MiniOzoneClusterImpl-cb60d03d-f57a-4c54-aae4-b882482aac61/datanode-8/data/containers/hdds of  storage type : DISK and capacity : 52710309888
2019-07-14 03:12:57,781 INFO  volume.VolumeSet (VolumeSet.java:initializeVolumeSet(170)) - Added Volume : /tmp/workdir/hadoop-ozone/integration-test/target/test-dir/MiniOzoneClusterImpl-cb60d03d-f57a-4c54-aae4-b882482aac61/datanode-8/data/containers/hdds to VolumeSet
2019-07-14 03:12:57,782 INFO  volume.ThrottledAsyncChecker (ThrottledAsyncChecker.java:schedule(140)) - Scheduling a check for org.apache.hadoop.ozone.container.common.volume.HddsVolume@464ede1f
2019-07-14 03:12:57,782 INFO  volume.HddsVolumeChecker (HddsVolumeChecker.java:checkAllVolumes(203)) - Scheduled health check for volume org.apache.hadoop.ozone.container.common.volume.HddsVolume@464ede1f
2019-07-14 03:12:57,794 INFO  impl.RaftServerProxy (ConfUtils.java:logGet(43)) - raft.rpc.type = GRPC (default)
2019-07-14 03:12:57,794 INFO  grpc.GrpcFactory (GrpcFactory.java:checkPooledByteBufAllocatorUseCacheForAllThreads(45)) - PERFORMANCE WARNING: useCacheForAllThreads is true that may cause Netty to create a lot garbage objects and, as a result, trigger GC.
	It is recommended to disable useCacheForAllThreads by setting -Dorg.apache.ratis.thirdparty.io.netty.allocator.useCacheForAllThreads=false in command line.
2019-07-14 03:12:57,795 INFO  grpc.GrpcConfigKeys$Server (ConfUtils.java:logGet(43)) - raft.grpc.server.port = 0 (default)
2019-07-14 03:12:57,795 INFO  server.GrpcService (ConfUtils.java:logGet(43)) - raft.grpc.message.size.max = 33570816 (custom)
2019-07-14 03:12:57,795 INFO  server.RaftServerConfigKeys (ConfUtils.java:logGet(43)) - raft.server.log.appender.buffer.byte-limit = 33554432 (custom)
2019-07-14 03:12:57,795 INFO  server.GrpcService (ConfUtils.java:logGet(43)) - raft.grpc.flow.control.window = 1MB (=1048576) (default)
2019-07-14 03:12:57,795 INFO  server.RaftServerConfigKeys (ConfUtils.java:logGet(43)) - raft.server.rpc.request.timeout = 3000ms (default)
2019-07-14 03:12:57,796 INFO  server.RaftServerConfigKeys (ConfUtils.java:logGet(43)) - raft.server.storage.dir = [/tmp/workdir/hadoop-ozone/integration-test/target/test-dir/MiniOzoneClusterImpl-cb60d03d-f57a-4c54-aae4-b882482aac61/datanode-8/data/ratis] (custom)
2019-07-14 03:12:57,796 INFO  replication.SimpleContainerDownloader (SimpleContainerDownloader.java:<init>(72)) - Starting container downloader service to copy containers to replicate.
2019-07-14 03:12:57,797 INFO  hdfs.DFSUtil (DFSUtil.java:httpServerTemplateForNNAndJN(1641)) - Starting Web-server for hddsDatanode at: http://0.0.0.0:0
2019-07-14 03:12:57,798 INFO  server.AuthenticationFilter (AuthenticationFilter.java:constructSecretProvider(240)) - Unable to initialize FileSignerSecretProvider, falling back to use random secrets.
2019-07-14 03:12:57,798 WARN  http.HttpRequestLog (HttpRequestLog.java:getRequestLog(97)) - Jetty request log can only be enabled using Log4j
2019-07-14 03:12:57,799 INFO  http.HttpServer2 (HttpServer2.java:addGlobalFilter(975)) - Added global filter 'safety' (class=org.apache.hadoop.http.HttpServer2$QuotingInputFilter)
2019-07-14 03:12:57,800 INFO  http.HttpServer2 (HttpServer2.java:addFilter(948)) - Added filter static_user_filter (class=org.apache.hadoop.http.lib.StaticUserWebFilter$StaticUserFilter) to context hddsDatanode
2019-07-14 03:12:57,800 INFO  http.HttpServer2 (HttpServer2.java:addFilter(958)) - Added filter static_user_filter (class=org.apache.hadoop.http.lib.StaticUserWebFilter$StaticUserFilter) to context logs
2019-07-14 03:12:57,800 INFO  http.HttpServer2 (HttpServer2.java:addFilter(958)) - Added filter static_user_filter (class=org.apache.hadoop.http.lib.StaticUserWebFilter$StaticUserFilter) to context static
2019-07-14 03:12:57,800 INFO  http.HttpServer2 (HttpServer2.java:bindListener(1191)) - Jetty bound to port 42402
2019-07-14 03:12:57,801 INFO  server.Server (Server.java:doStart(351)) - jetty-9.3.24.v20180605, build timestamp: 2018-06-05T17:11:56Z, git hash: 84205aa28f11a4f31f2a3b86d1bba2cc8ab69827
2019-07-14 03:12:57,802 INFO  handler.ContextHandler (ContextHandler.java:doStart(781)) - Started o.e.j.s.ServletContextHandler@2a1e57c6{/logs,file:///tmp/workdir/hadoop-ozone/integration-test/target/log,AVAILABLE}
2019-07-14 03:12:57,803 INFO  handler.ContextHandler (ContextHandler.java:doStart(781)) - Started o.e.j.s.ServletContextHandler@6c96403e{/static,jar:file:/home/user/.m2/repository/org/apache/hadoop/hadoop-hdds-container-service/0.5.0-SNAPSHOT/hadoop-hdds-container-service-0.5.0-SNAPSHOT.jar!/webapps/static,AVAILABLE}
2019-07-14 03:12:57,825 INFO  handler.ContextHandler (ContextHandler.java:doStart(781)) - Started o.e.j.w.WebAppContext@14ed7ddf{/,file:///tmp/jetty-0.0.0.0-42402-hddsDatanode-_-any-2356682421564306930.dir/webapp/,AVAILABLE}{/hddsDatanode}
2019-07-14 03:12:57,826 INFO  server.AbstractConnector (AbstractConnector.java:doStart(278)) - Started ServerConnector@892af0e{HTTP/1.1,[http/1.1]}{0.0.0.0:42402}
2019-07-14 03:12:57,827 INFO  server.Server (Server.java:doStart(419)) - Started @7552ms
2019-07-14 03:12:57,827 INFO  server.BaseHttpServer (BaseHttpServer.java:updateConnectorAddress(207)) - HTTP server of HDDSDATANODE is listening at http://0.0.0.0:42402
2019-07-14 03:12:57,931 INFO  ozone.HddsDatanodeService (HddsDatanodeService.java:startPlugins(396)) - Started plug-in org.apache.hadoop.ozone.web.OzoneHddsDatanodeService@3335afcf
2019-07-14 03:12:57,931 INFO  impl.MetricsSystemImpl (MetricsSystemImpl.java:init(158)) - HddsDatanode metrics system started (again)
2019-07-14 03:12:57,933 INFO  ozone.HddsDatanodeService (HddsDatanodeService.java:start(185)) - HddsDatanodeService host:trunk-nightly-k88cw-3644625431 ip:192.168.157.236
2019-07-14 03:12:57,934 INFO  util.JvmPauseMonitor (JvmPauseMonitor.java:run(188)) - Starting JVM pause monitor
2019-07-14 03:12:57,937 INFO  datanode.InitDatanodeState (InitDatanodeState.java:persistContainerDatanodeDetails(140)) - DatanodeDetails is persisted to /tmp/workdir/hadoop-ozone/integration-test/target/test-dir/MiniOzoneClusterImpl-cb60d03d-f57a-4c54-aae4-b882482aac61/datanode-8/meta/datanode.id
2019-07-14 03:12:57,943 INFO  volume.HddsVolume (HddsVolume.java:<init>(176)) - Creating Volume: /tmp/workdir/hadoop-ozone/integration-test/target/test-dir/MiniOzoneClusterImpl-cb60d03d-f57a-4c54-aae4-b882482aac61/datanode-9/data/containers/hdds of  storage type : DISK and capacity : 52710309888
2019-07-14 03:12:57,943 INFO  volume.VolumeSet (VolumeSet.java:initializeVolumeSet(170)) - Added Volume : /tmp/workdir/hadoop-ozone/integration-test/target/test-dir/MiniOzoneClusterImpl-cb60d03d-f57a-4c54-aae4-b882482aac61/datanode-9/data/containers/hdds to VolumeSet
2019-07-14 03:12:57,943 INFO  volume.ThrottledAsyncChecker (ThrottledAsyncChecker.java:schedule(140)) - Scheduling a check for org.apache.hadoop.ozone.container.common.volume.HddsVolume@58e03769
2019-07-14 03:12:57,944 INFO  volume.HddsVolumeChecker (HddsVolumeChecker.java:checkAllVolumes(203)) - Scheduled health check for volume org.apache.hadoop.ozone.container.common.volume.HddsVolume@58e03769
2019-07-14 03:12:57,956 INFO  impl.RaftServerProxy (ConfUtils.java:logGet(43)) - raft.rpc.type = GRPC (default)
2019-07-14 03:12:57,956 INFO  grpc.GrpcFactory (GrpcFactory.java:checkPooledByteBufAllocatorUseCacheForAllThreads(45)) - PERFORMANCE WARNING: useCacheForAllThreads is true that may cause Netty to create a lot garbage objects and, as a result, trigger GC.
	It is recommended to disable useCacheForAllThreads by setting -Dorg.apache.ratis.thirdparty.io.netty.allocator.useCacheForAllThreads=false in command line.
2019-07-14 03:12:57,956 INFO  grpc.GrpcConfigKeys$Server (ConfUtils.java:logGet(43)) - raft.grpc.server.port = 0 (default)
2019-07-14 03:12:57,956 INFO  server.GrpcService (ConfUtils.java:logGet(43)) - raft.grpc.message.size.max = 33570816 (custom)
2019-07-14 03:12:57,956 INFO  server.RaftServerConfigKeys (ConfUtils.java:logGet(43)) - raft.server.log.appender.buffer.byte-limit = 33554432 (custom)
2019-07-14 03:12:57,957 INFO  server.GrpcService (ConfUtils.java:logGet(43)) - raft.grpc.flow.control.window = 1MB (=1048576) (default)
2019-07-14 03:12:57,957 INFO  server.RaftServerConfigKeys (ConfUtils.java:logGet(43)) - raft.server.rpc.request.timeout = 3000ms (default)
2019-07-14 03:12:57,957 INFO  server.RaftServerConfigKeys (ConfUtils.java:logGet(43)) - raft.server.storage.dir = [/tmp/workdir/hadoop-ozone/integration-test/target/test-dir/MiniOzoneClusterImpl-cb60d03d-f57a-4c54-aae4-b882482aac61/datanode-9/data/ratis] (custom)
2019-07-14 03:12:57,958 INFO  replication.SimpleContainerDownloader (SimpleContainerDownloader.java:<init>(72)) - Starting container downloader service to copy containers to replicate.
2019-07-14 03:12:57,959 INFO  hdfs.DFSUtil (DFSUtil.java:httpServerTemplateForNNAndJN(1641)) - Starting Web-server for hddsDatanode at: http://0.0.0.0:0
2019-07-14 03:12:57,960 INFO  server.AuthenticationFilter (AuthenticationFilter.java:constructSecretProvider(240)) - Unable to initialize FileSignerSecretProvider, falling back to use random secrets.
2019-07-14 03:12:57,960 WARN  http.HttpRequestLog (HttpRequestLog.java:getRequestLog(97)) - Jetty request log can only be enabled using Log4j
2019-07-14 03:12:57,961 INFO  http.HttpServer2 (HttpServer2.java:addGlobalFilter(975)) - Added global filter 'safety' (class=org.apache.hadoop.http.HttpServer2$QuotingInputFilter)
2019-07-14 03:12:57,961 INFO  http.HttpServer2 (HttpServer2.java:addFilter(948)) - Added filter static_user_filter (class=org.apache.hadoop.http.lib.StaticUserWebFilter$StaticUserFilter) to context hddsDatanode
2019-07-14 03:12:57,962 INFO  http.HttpServer2 (HttpServer2.java:addFilter(958)) - Added filter static_user_filter (class=org.apache.hadoop.http.lib.StaticUserWebFilter$StaticUserFilter) to context logs
2019-07-14 03:12:57,962 INFO  http.HttpServer2 (HttpServer2.java:addFilter(958)) - Added filter static_user_filter (class=org.apache.hadoop.http.lib.StaticUserWebFilter$StaticUserFilter) to context static
2019-07-14 03:12:57,962 INFO  http.HttpServer2 (HttpServer2.java:bindListener(1191)) - Jetty bound to port 36432
2019-07-14 03:12:57,963 INFO  server.Server (Server.java:doStart(351)) - jetty-9.3.24.v20180605, build timestamp: 2018-06-05T17:11:56Z, git hash: 84205aa28f11a4f31f2a3b86d1bba2cc8ab69827
2019-07-14 03:12:57,964 INFO  handler.ContextHandler (ContextHandler.java:doStart(781)) - Started o.e.j.s.ServletContextHandler@40f9f60d{/logs,file:///tmp/workdir/hadoop-ozone/integration-test/target/log,AVAILABLE}
2019-07-14 03:12:57,965 INFO  handler.ContextHandler (ContextHandler.java:doStart(781)) - Started o.e.j.s.ServletContextHandler@628ba266{/static,jar:file:/home/user/.m2/repository/org/apache/hadoop/hadoop-hdds-container-service/0.5.0-SNAPSHOT/hadoop-hdds-container-service-0.5.0-SNAPSHOT.jar!/webapps/static,AVAILABLE}
2019-07-14 03:12:57,988 INFO  handler.ContextHandler (ContextHandler.java:doStart(781)) - Started o.e.j.w.WebAppContext@76af34b5{/,file:///tmp/jetty-0.0.0.0-36432-hddsDatanode-_-any-1462680778603306594.dir/webapp/,AVAILABLE}{/hddsDatanode}
2019-07-14 03:12:57,988 INFO  server.AbstractConnector (AbstractConnector.java:doStart(278)) - Started ServerConnector@3313463c{HTTP/1.1,[http/1.1]}{0.0.0.0:36432}
2019-07-14 03:12:57,989 INFO  server.Server (Server.java:doStart(419)) - Started @7715ms
2019-07-14 03:12:57,990 INFO  server.BaseHttpServer (BaseHttpServer.java:updateConnectorAddress(207)) - HTTP server of HDDSDATANODE is listening at http://0.0.0.0:36432
2019-07-14 03:12:58,095 INFO  ozone.HddsDatanodeService (HddsDatanodeService.java:startPlugins(396)) - Started plug-in org.apache.hadoop.ozone.web.OzoneHddsDatanodeService@297bd171
2019-07-14 03:12:58,098 INFO  ozone.MiniOzoneClusterImpl (MiniOzoneClusterImpl.java:lambda$waitForClusterToBeReady$0(142)) - Waiting for cluster to be ready. Got 0 of 10 DN Heartbeats.
2019-07-14 03:12:58,099 INFO  util.JvmPauseMonitor (JvmPauseMonitor.java:run(188)) - Starting JVM pause monitor
2019-07-14 03:12:58,101 INFO  datanode.InitDatanodeState (InitDatanodeState.java:persistContainerDatanodeDetails(140)) - DatanodeDetails is persisted to /tmp/workdir/hadoop-ozone/integration-test/target/test-dir/MiniOzoneClusterImpl-cb60d03d-f57a-4c54-aae4-b882482aac61/datanode-9/meta/datanode.id
2019-07-14 03:12:58,436 INFO  ozoneimpl.OzoneContainer (OzoneContainer.java:start(186)) - Attempting to start container services.
2019-07-14 03:12:58,441 INFO  ozoneimpl.OzoneContainer (OzoneContainer.java:startContainerScrub(160)) - Background container scrubber has been disabled by hdds.containerscrub.enabled
2019-07-14 03:12:58,441 INFO  ratis.XceiverServerRatis (XceiverServerRatis.java:start(418)) - Starting XceiverServerRatis a3b6d8a3-b3a7-474d-832c-87c14ad24448 at port 0
2019-07-14 03:12:58,464 INFO  impl.RaftServerProxy (RaftServerProxy.java:lambda$start$3(299)) - a3b6d8a3-b3a7-474d-832c-87c14ad24448: start RPC server
2019-07-14 03:12:58,590 INFO  ozoneimpl.OzoneContainer (OzoneContainer.java:start(186)) - Attempting to start container services.
2019-07-14 03:12:58,591 INFO  ozoneimpl.OzoneContainer (OzoneContainer.java:startContainerScrub(160)) - Background container scrubber has been disabled by hdds.containerscrub.enabled
2019-07-14 03:12:58,592 INFO  ratis.XceiverServerRatis (XceiverServerRatis.java:start(418)) - Starting XceiverServerRatis 0b03543f-d8a9-4e23-a6ad-7779f4dc574c at port 0
2019-07-14 03:12:58,603 INFO  server.GrpcService (GrpcService.java:startImpl(149)) - a3b6d8a3-b3a7-474d-832c-87c14ad24448: GrpcService started, listening on 0.0.0.0/0.0.0.0:34566
2019-07-14 03:12:58,604 INFO  ratis.XceiverServerRatis (XceiverServerRatis.java:start(428)) - XceiverServerRatis a3b6d8a3-b3a7-474d-832c-87c14ad24448 is started using port 34566
2019-07-14 03:12:58,607 INFO  server.XceiverServerGrpc (XceiverServerGrpc.java:start(161)) - XceiverServerGrpc a3b6d8a3-b3a7-474d-832c-87c14ad24448 is started using port 38683
2019-07-14 03:12:58,607 INFO  impl.RaftServerProxy (RaftServerProxy.java:lambda$start$3(299)) - 0b03543f-d8a9-4e23-a6ad-7779f4dc574c: start RPC server
2019-07-14 03:12:58,612 INFO  server.GrpcService (GrpcService.java:startImpl(149)) - 0b03543f-d8a9-4e23-a6ad-7779f4dc574c: GrpcService started, listening on 0.0.0.0/0.0.0.0:43441
2019-07-14 03:12:58,612 INFO  ratis.XceiverServerRatis (XceiverServerRatis.java:start(428)) - XceiverServerRatis 0b03543f-d8a9-4e23-a6ad-7779f4dc574c is started using port 43441
2019-07-14 03:12:58,615 INFO  server.XceiverServerGrpc (XceiverServerGrpc.java:start(161)) - XceiverServerGrpc 0b03543f-d8a9-4e23-a6ad-7779f4dc574c is started using port 33537
2019-07-14 03:12:58,799 INFO  ozoneimpl.OzoneContainer (OzoneContainer.java:start(186)) - Attempting to start container services.
2019-07-14 03:12:58,799 INFO  ozoneimpl.OzoneContainer (OzoneContainer.java:startContainerScrub(160)) - Background container scrubber has been disabled by hdds.containerscrub.enabled
2019-07-14 03:12:58,799 INFO  ratis.XceiverServerRatis (XceiverServerRatis.java:start(418)) - Starting XceiverServerRatis 30c25743-4f02-4fca-bc89-96f5d03206f9 at port 0
2019-07-14 03:12:58,808 INFO  impl.RaftServerProxy (RaftServerProxy.java:lambda$start$3(299)) - 30c25743-4f02-4fca-bc89-96f5d03206f9: start RPC server
2019-07-14 03:12:58,812 INFO  server.GrpcService (GrpcService.java:startImpl(149)) - 30c25743-4f02-4fca-bc89-96f5d03206f9: GrpcService started, listening on 0.0.0.0/0.0.0.0:44960
2019-07-14 03:12:58,812 INFO  ratis.XceiverServerRatis (XceiverServerRatis.java:start(428)) - XceiverServerRatis 30c25743-4f02-4fca-bc89-96f5d03206f9 is started using port 44960
2019-07-14 03:12:58,815 INFO  server.XceiverServerGrpc (XceiverServerGrpc.java:start(161)) - XceiverServerGrpc 30c25743-4f02-4fca-bc89-96f5d03206f9 is started using port 36939
2019-07-14 03:12:59,010 INFO  ozoneimpl.OzoneContainer (OzoneContainer.java:start(186)) - Attempting to start container services.
2019-07-14 03:12:59,011 INFO  ozoneimpl.OzoneContainer (OzoneContainer.java:startContainerScrub(160)) - Background container scrubber has been disabled by hdds.containerscrub.enabled
2019-07-14 03:12:59,011 INFO  ratis.XceiverServerRatis (XceiverServerRatis.java:start(418)) - Starting XceiverServerRatis c7a0e152-31f3-4073-9a76-7e483665e3d6 at port 0
2019-07-14 03:12:59,021 INFO  impl.RaftServerProxy (RaftServerProxy.java:lambda$start$3(299)) - c7a0e152-31f3-4073-9a76-7e483665e3d6: start RPC server
2019-07-14 03:12:59,025 INFO  server.GrpcService (GrpcService.java:startImpl(149)) - c7a0e152-31f3-4073-9a76-7e483665e3d6: GrpcService started, listening on 0.0.0.0/0.0.0.0:39551
2019-07-14 03:12:59,025 INFO  ratis.XceiverServerRatis (XceiverServerRatis.java:start(428)) - XceiverServerRatis c7a0e152-31f3-4073-9a76-7e483665e3d6 is started using port 39551
2019-07-14 03:12:59,029 INFO  server.XceiverServerGrpc (XceiverServerGrpc.java:start(161)) - XceiverServerGrpc c7a0e152-31f3-4073-9a76-7e483665e3d6 is started using port 41253
2019-07-14 03:12:59,098 INFO  ozone.MiniOzoneClusterImpl (MiniOzoneClusterImpl.java:lambda$waitForClusterToBeReady$0(142)) - Waiting for cluster to be ready. Got 0 of 10 DN Heartbeats.
2019-07-14 03:12:59,187 INFO  ozoneimpl.OzoneContainer (OzoneContainer.java:start(186)) - Attempting to start container services.
2019-07-14 03:12:59,188 INFO  ozoneimpl.OzoneContainer (OzoneContainer.java:startContainerScrub(160)) - Background container scrubber has been disabled by hdds.containerscrub.enabled
2019-07-14 03:12:59,188 INFO  ratis.XceiverServerRatis (XceiverServerRatis.java:start(418)) - Starting XceiverServerRatis 835c9c09-ec1b-4b02-b4b4-41c8dbc3d3a5 at port 0
2019-07-14 03:12:59,197 INFO  impl.RaftServerProxy (RaftServerProxy.java:lambda$start$3(299)) - 835c9c09-ec1b-4b02-b4b4-41c8dbc3d3a5: start RPC server
2019-07-14 03:12:59,201 INFO  server.GrpcService (GrpcService.java:startImpl(149)) - 835c9c09-ec1b-4b02-b4b4-41c8dbc3d3a5: GrpcService started, listening on 0.0.0.0/0.0.0.0:36716
2019-07-14 03:12:59,201 INFO  ratis.XceiverServerRatis (XceiverServerRatis.java:start(428)) - XceiverServerRatis 835c9c09-ec1b-4b02-b4b4-41c8dbc3d3a5 is started using port 36716
2019-07-14 03:12:59,206 INFO  server.XceiverServerGrpc (XceiverServerGrpc.java:start(161)) - XceiverServerGrpc 835c9c09-ec1b-4b02-b4b4-41c8dbc3d3a5 is started using port 42877
2019-07-14 03:12:59,345 INFO  ozoneimpl.OzoneContainer (OzoneContainer.java:start(186)) - Attempting to start container services.
2019-07-14 03:12:59,345 INFO  ozoneimpl.OzoneContainer (OzoneContainer.java:startContainerScrub(160)) - Background container scrubber has been disabled by hdds.containerscrub.enabled
2019-07-14 03:12:59,346 INFO  ratis.XceiverServerRatis (XceiverServerRatis.java:start(418)) - Starting XceiverServerRatis 0e60352e-f5fb-4045-a639-8f5d9de2c68e at port 0
2019-07-14 03:12:59,354 INFO  impl.RaftServerProxy (RaftServerProxy.java:lambda$start$3(299)) - 0e60352e-f5fb-4045-a639-8f5d9de2c68e: start RPC server
2019-07-14 03:12:59,359 INFO  server.GrpcService (GrpcService.java:startImpl(149)) - 0e60352e-f5fb-4045-a639-8f5d9de2c68e: GrpcService started, listening on 0.0.0.0/0.0.0.0:34663
2019-07-14 03:12:59,359 INFO  ratis.XceiverServerRatis (XceiverServerRatis.java:start(428)) - XceiverServerRatis 0e60352e-f5fb-4045-a639-8f5d9de2c68e is started using port 34663
2019-07-14 03:12:59,364 INFO  server.XceiverServerGrpc (XceiverServerGrpc.java:start(161)) - XceiverServerGrpc 0e60352e-f5fb-4045-a639-8f5d9de2c68e is started using port 38625
2019-07-14 03:12:59,622 INFO  ozoneimpl.OzoneContainer (OzoneContainer.java:start(186)) - Attempting to start container services.
2019-07-14 03:12:59,623 INFO  ozoneimpl.OzoneContainer (OzoneContainer.java:startContainerScrub(160)) - Background container scrubber has been disabled by hdds.containerscrub.enabled
2019-07-14 03:12:59,623 INFO  ratis.XceiverServerRatis (XceiverServerRatis.java:start(418)) - Starting XceiverServerRatis 32768c98-e2de-4941-b329-cbef58f0807d at port 0
2019-07-14 03:12:59,631 INFO  impl.RaftServerProxy (RaftServerProxy.java:lambda$start$3(299)) - 32768c98-e2de-4941-b329-cbef58f0807d: start RPC server
2019-07-14 03:12:59,636 INFO  server.GrpcService (GrpcService.java:startImpl(149)) - 32768c98-e2de-4941-b329-cbef58f0807d: GrpcService started, listening on 0.0.0.0/0.0.0.0:45597
2019-07-14 03:12:59,637 INFO  ratis.XceiverServerRatis (XceiverServerRatis.java:start(428)) - XceiverServerRatis 32768c98-e2de-4941-b329-cbef58f0807d is started using port 45597
2019-07-14 03:12:59,641 INFO  server.XceiverServerGrpc (XceiverServerGrpc.java:start(161)) - XceiverServerGrpc 32768c98-e2de-4941-b329-cbef58f0807d is started using port 40934
2019-07-14 03:12:59,790 INFO  ozoneimpl.OzoneContainer (OzoneContainer.java:start(186)) - Attempting to start container services.
2019-07-14 03:12:59,791 INFO  ozoneimpl.OzoneContainer (OzoneContainer.java:startContainerScrub(160)) - Background container scrubber has been disabled by hdds.containerscrub.enabled
2019-07-14 03:12:59,791 INFO  ratis.XceiverServerRatis (XceiverServerRatis.java:start(418)) - Starting XceiverServerRatis 27783468-ffde-4713-831d-aaf1e00189c6 at port 0
2019-07-14 03:12:59,797 INFO  impl.RaftServerProxy (RaftServerProxy.java:lambda$start$3(299)) - 27783468-ffde-4713-831d-aaf1e00189c6: start RPC server
2019-07-14 03:12:59,802 INFO  server.GrpcService (GrpcService.java:startImpl(149)) - 27783468-ffde-4713-831d-aaf1e00189c6: GrpcService started, listening on 0.0.0.0/0.0.0.0:35009
2019-07-14 03:12:59,802 INFO  ratis.XceiverServerRatis (XceiverServerRatis.java:start(428)) - XceiverServerRatis 27783468-ffde-4713-831d-aaf1e00189c6 is started using port 35009
2019-07-14 03:12:59,807 INFO  server.XceiverServerGrpc (XceiverServerGrpc.java:start(161)) - XceiverServerGrpc 27783468-ffde-4713-831d-aaf1e00189c6 is started using port 41224
2019-07-14 03:12:59,952 INFO  ozoneimpl.OzoneContainer (OzoneContainer.java:start(186)) - Attempting to start container services.
2019-07-14 03:12:59,953 INFO  ozoneimpl.OzoneContainer (OzoneContainer.java:startContainerScrub(160)) - Background container scrubber has been disabled by hdds.containerscrub.enabled
2019-07-14 03:12:59,953 INFO  ratis.XceiverServerRatis (XceiverServerRatis.java:start(418)) - Starting XceiverServerRatis cefac542-4bc5-4af4-a5e6-8330cc59eed9 at port 0
2019-07-14 03:12:59,960 INFO  impl.RaftServerProxy (RaftServerProxy.java:lambda$start$3(299)) - cefac542-4bc5-4af4-a5e6-8330cc59eed9: start RPC server
2019-07-14 03:12:59,965 INFO  server.GrpcService (GrpcService.java:startImpl(149)) - cefac542-4bc5-4af4-a5e6-8330cc59eed9: GrpcService started, listening on 0.0.0.0/0.0.0.0:46384
2019-07-14 03:12:59,965 INFO  ratis.XceiverServerRatis (XceiverServerRatis.java:start(428)) - XceiverServerRatis cefac542-4bc5-4af4-a5e6-8330cc59eed9 is started using port 46384
2019-07-14 03:12:59,969 INFO  server.XceiverServerGrpc (XceiverServerGrpc.java:start(161)) - XceiverServerGrpc cefac542-4bc5-4af4-a5e6-8330cc59eed9 is started using port 34019
2019-07-14 03:13:00,099 INFO  ozone.MiniOzoneClusterImpl (MiniOzoneClusterImpl.java:lambda$waitForClusterToBeReady$0(142)) - Waiting for cluster to be ready. Got 0 of 10 DN Heartbeats.
2019-07-14 03:13:00,117 INFO  ozoneimpl.OzoneContainer (OzoneContainer.java:start(186)) - Attempting to start container services.
2019-07-14 03:13:00,118 INFO  ozoneimpl.OzoneContainer (OzoneContainer.java:startContainerScrub(160)) - Background container scrubber has been disabled by hdds.containerscrub.enabled
2019-07-14 03:13:00,118 INFO  ratis.XceiverServerRatis (XceiverServerRatis.java:start(418)) - Starting XceiverServerRatis db55e2dc-2f84-48ad-bfe6-e5d08d1ff6d4 at port 0
2019-07-14 03:13:00,126 INFO  impl.RaftServerProxy (RaftServerProxy.java:lambda$start$3(299)) - db55e2dc-2f84-48ad-bfe6-e5d08d1ff6d4: start RPC server
2019-07-14 03:13:00,132 INFO  server.GrpcService (GrpcService.java:startImpl(149)) - db55e2dc-2f84-48ad-bfe6-e5d08d1ff6d4: GrpcService started, listening on 0.0.0.0/0.0.0.0:45358
2019-07-14 03:13:00,133 INFO  ratis.XceiverServerRatis (XceiverServerRatis.java:start(428)) - XceiverServerRatis db55e2dc-2f84-48ad-bfe6-e5d08d1ff6d4 is started using port 45358
2019-07-14 03:13:00,167 INFO  server.XceiverServerGrpc (XceiverServerGrpc.java:start(161)) - XceiverServerGrpc db55e2dc-2f84-48ad-bfe6-e5d08d1ff6d4 is started using port 38896
2019-07-14 03:13:00,437 INFO  net.NetworkTopology (NetworkTopologyImpl.java:add(110)) - Added a new node: /default-rack/192.168.157.236
2019-07-14 03:13:00,438 INFO  node.SCMNodeManager (SCMNodeManager.java:register(269)) - Registered Data node : a3b6d8a3-b3a7-474d-832c-87c14ad24448{ip: 192.168.157.236, host: trunk-nightly-k88cw-3644625431, networkLocation: /default-rack, certSerialId: null}
2019-07-14 03:13:00,445 INFO  safemode.SCMSafeModeManager (DataNodeSafeModeRule.java:process(71)) - SCM in safe mode. 1 DataNodes registered, 1 required.
2019-07-14 03:13:00,445 INFO  safemode.SCMSafeModeManager (SCMSafeModeManager.java:validateSafeModeExitRules(177)) - ScmSafeModeManager, all rules are successfully validated
2019-07-14 03:13:00,445 INFO  safemode.SCMSafeModeManager (SCMSafeModeManager.java:exitSafeMode(193)) - SCM exiting safe mode.
2019-07-14 03:13:00,578 INFO  node.SCMNodeManager (SCMNodeManager.java:register(269)) - Registered Data node : 0b03543f-d8a9-4e23-a6ad-7779f4dc574c{ip: 192.168.157.236, host: trunk-nightly-k88cw-3644625431, networkLocation: /default-rack, certSerialId: null}
2019-07-14 03:13:00,799 INFO  node.SCMNodeManager (SCMNodeManager.java:register(269)) - Registered Data node : 30c25743-4f02-4fca-bc89-96f5d03206f9{ip: 192.168.157.236, host: trunk-nightly-k88cw-3644625431, networkLocation: /default-rack, certSerialId: null}
2019-07-14 03:13:00,998 INFO  node.SCMNodeManager (SCMNodeManager.java:register(269)) - Registered Data node : c7a0e152-31f3-4073-9a76-7e483665e3d6{ip: 192.168.157.236, host: trunk-nightly-k88cw-3644625431, networkLocation: /default-rack, certSerialId: null}
2019-07-14 03:13:01,475 INFO  ozone.MiniOzoneClusterImpl (MiniOzoneClusterImpl.java:lambda$waitForClusterToBeReady$0(142)) - Waiting for cluster to be ready. Got 4 of 10 DN Heartbeats.
2019-07-14 03:13:01,482 INFO  node.SCMNodeManager (SCMNodeManager.java:register(269)) - Registered Data node : 0e60352e-f5fb-4045-a639-8f5d9de2c68e{ip: 192.168.157.236, host: trunk-nightly-k88cw-3644625431, networkLocation: /default-rack, certSerialId: null}
2019-07-14 03:13:01,483 INFO  node.SCMNodeManager (SCMNodeManager.java:register(269)) - Registered Data node : 835c9c09-ec1b-4b02-b4b4-41c8dbc3d3a5{ip: 192.168.157.236, host: trunk-nightly-k88cw-3644625431, networkLocation: /default-rack, certSerialId: null}
2019-07-14 03:13:01,608 INFO  node.SCMNodeManager (SCMNodeManager.java:register(269)) - Registered Data node : 32768c98-e2de-4941-b329-cbef58f0807d{ip: 192.168.157.236, host: trunk-nightly-k88cw-3644625431, networkLocation: /default-rack, certSerialId: null}
2019-07-14 03:13:01,627 INFO  impl.RaftServerProxy (RaftServerProxy.java:addNew(89)) - a3b6d8a3-b3a7-474d-832c-87c14ad24448: addNew group-031C02C7C864:[a3b6d8a3-b3a7-474d-832c-87c14ad24448:192.168.157.236:34566] returns group-031C02C7C864:java.util.concurrent.CompletableFuture@7cd6efaf[Not completed]
2019-07-14 03:13:01,651 INFO  impl.RaftServerImpl (RaftServerImpl.java:<init>(93)) - a3b6d8a3-b3a7-474d-832c-87c14ad24448: new RaftServerImpl for group-031C02C7C864:[a3b6d8a3-b3a7-474d-832c-87c14ad24448:192.168.157.236:34566] with ContainerStateMachine:uninitialized
2019-07-14 03:13:01,653 INFO  server.RaftServerConfigKeys (ConfUtils.java:logGet(43)) - raft.server.rpc.timeout.min = 5s (custom)
2019-07-14 03:13:01,656 INFO  server.RaftServerConfigKeys (ConfUtils.java:logGet(43)) - raft.server.rpc.timeout.max = 5200ms (custom)
2019-07-14 03:13:01,656 INFO  server.RaftServerConfigKeys (ConfUtils.java:logGet(43)) - raft.server.rpcslowness.timeout = 120s (custom)
2019-07-14 03:13:01,657 INFO  server.RaftServerConfigKeys (ConfUtils.java:logGet(43)) - raft.server.sleep.deviation.threshold = 300 (default)
2019-07-14 03:13:01,658 INFO  server.RaftServerConfigKeys (ConfUtils.java:logGet(43)) - raft.server.log.appender.install.snapshot.enabled = false (custom)
2019-07-14 03:13:01,668 INFO  impl.RaftServerImpl (ServerState.java:<init>(105)) - a3b6d8a3-b3a7-474d-832c-87c14ad24448:group-031C02C7C864 ConfigurationManager, init=-1: [a3b6d8a3-b3a7-474d-832c-87c14ad24448:192.168.157.236:34566], old=null, confs=<EMPTY_MAP>
2019-07-14 03:13:01,668 INFO  server.RaftServerConfigKeys (ConfUtils.java:logGet(43)) - raft.server.storage.dir = [/tmp/workdir/hadoop-ozone/integration-test/target/test-dir/MiniOzoneClusterImpl-cb60d03d-f57a-4c54-aae4-b882482aac61/datanode-0/data/ratis] (custom)
2019-07-14 03:13:01,678 INFO  storage.RaftStorageDirectory (RaftStorageDirectory.java:analyzeStorage(246)) - The storage directory /tmp/workdir/hadoop-ozone/integration-test/target/test-dir/MiniOzoneClusterImpl-cb60d03d-f57a-4c54-aae4-b882482aac61/datanode-0/data/ratis/ec5d93e4-de19-407f-a429-031c02c7c864 does not exist. Creating ...
2019-07-14 03:13:01,696 INFO  storage.RaftStorageDirectory (RaftStorageDirectory.java:tryLock(328)) - Lock on /tmp/workdir/hadoop-ozone/integration-test/target/test-dir/MiniOzoneClusterImpl-cb60d03d-f57a-4c54-aae4-b882482aac61/datanode-0/data/ratis/ec5d93e4-de19-407f-a429-031c02c7c864/in_use.lock acquired by nodename 8466@trunk-nightly-k88cw-3644625431
2019-07-14 03:13:01,711 INFO  storage.RaftStorage (RaftStorage.java:format(72)) - Storage directory /tmp/workdir/hadoop-ozone/integration-test/target/test-dir/MiniOzoneClusterImpl-cb60d03d-f57a-4c54-aae4-b882482aac61/datanode-0/data/ratis/ec5d93e4-de19-407f-a429-031c02c7c864 has been successfully formatted.
2019-07-14 03:13:01,714 INFO  ratis.ContainerStateMachine (ContainerStateMachine.java:loadSnapshot(200)) - The snapshot info is null.Setting the last applied index to:(t:0, i:~)
2019-07-14 03:13:01,714 INFO  server.RaftServerConfigKeys (ConfUtils.java:logGet(43)) - raft.server.leader.election.timeout = 120s (custom)
2019-07-14 03:13:01,717 INFO  server.RaftServerConfigKeys (ConfUtils.java:logGet(43)) - raft.server.log.use.memory = false (default)
2019-07-14 03:13:01,723 INFO  server.RaftServerConfigKeys (ConfUtils.java:logGet(43)) - raft.server.log.purge.gap = 1000000000 (custom)
2019-07-14 03:13:01,723 INFO  server.RaftServerConfigKeys (ConfUtils.java:logGet(43)) - raft.server.log.appender.buffer.byte-limit = 33554432 (custom)
2019-07-14 03:13:01,725 INFO  server.RaftServerConfigKeys (ConfUtils.java:logGet(43)) - raft.server.log.segment.size.max = 1048576 (custom)
2019-07-14 03:13:01,730 INFO  server.RaftServerConfigKeys (ConfUtils.java:logGet(43)) - raft.server.log.segment.cache.num.max = 2 (custom)
2019-07-14 03:13:01,736 INFO  segmented.SegmentedRaftLogWorker (SegmentedRaftLogWorker.java:<init>(172)) - new a3b6d8a3-b3a7-474d-832c-87c14ad24448-SegmentedRaftLogWorker:Storage Directory /tmp/workdir/hadoop-ozone/integration-test/target/test-dir/MiniOzoneClusterImpl-cb60d03d-f57a-4c54-aae4-b882482aac61/datanode-0/data/ratis/ec5d93e4-de19-407f-a429-031c02c7c864 for RaftStorage:Storage Directory /tmp/workdir/hadoop-ozone/integration-test/target/test-dir/MiniOzoneClusterImpl-cb60d03d-f57a-4c54-aae4-b882482aac61/datanode-0/data/ratis/ec5d93e4-de19-407f-a429-031c02c7c864
2019-07-14 03:13:01,749 INFO  server.RaftServerConfigKeys (ConfUtils.java:logGet(43)) - raft.server.log.queue.byte-limit = 2147483647 (custom)
2019-07-14 03:13:01,749 INFO  server.RaftServerConfigKeys (ConfUtils.java:logGet(43)) - raft.server.log.queue.element-limit = 1024 (custom)
2019-07-14 03:13:01,754 INFO  server.RaftServerConfigKeys (ConfUtils.java:logGet(43)) - raft.server.log.segment.size.max = 1048576 (custom)
2019-07-14 03:13:01,755 INFO  server.RaftServerConfigKeys (ConfUtils.java:logGet(43)) - raft.server.log.preallocated.size = 16384 (custom)
2019-07-14 03:13:01,755 INFO  server.RaftServerConfigKeys (ConfUtils.java:logGet(43)) - raft.server.log.write.buffer.size = 33554432 (custom)
2019-07-14 03:13:01,756 INFO  server.RaftServerConfigKeys (ConfUtils.java:logGet(43)) - raft.server.log.force.sync.num = 128 (default)
2019-07-14 03:13:01,757 INFO  server.RaftServerConfigKeys (ConfUtils.java:logGet(43)) - raft.server.log.statemachine.data.sync = true (default)
2019-07-14 03:13:01,757 INFO  server.RaftServerConfigKeys (ConfUtils.java:logGet(43)) - raft.server.log.statemachine.data.sync.timeout = 10s (default)
2019-07-14 03:13:01,758 INFO  server.RaftServerConfigKeys (ConfUtils.java:logGet(43)) - raft.server.log.statemachine.data.sync.timeout.retry = -1 (default)
2019-07-14 03:13:01,766 INFO  server.RaftServerConfigKeys (ConfUtils.java:logGet(43)) - raft.server.log.statemachine.data.caching.enabled = true (custom)
2019-07-14 03:13:01,771 INFO  segmented.SegmentedRaftLogWorker (SegmentedRaftLogWorker.java:lambda$new$0(132)) - a3b6d8a3-b3a7-474d-832c-87c14ad24448-SegmentedRaftLogWorker:Storage Directory /tmp/workdir/hadoop-ozone/integration-test/target/test-dir/MiniOzoneClusterImpl-cb60d03d-f57a-4c54-aae4-b882482aac61/datanode-0/data/ratis/ec5d93e4-de19-407f-a429-031c02c7c864: flushIndex: setUnconditionally 0 -> -1
2019-07-14 03:13:01,777 INFO  node.SCMNodeManager (SCMNodeManager.java:register(269)) - Registered Data node : 27783468-ffde-4713-831d-aaf1e00189c6{ip: 192.168.157.236, host: trunk-nightly-k88cw-3644625431, networkLocation: /default-rack, certSerialId: null}
2019-07-14 03:13:01,780 INFO  server.RaftServerConfigKeys (ConfUtils.java:logGet(43)) - raft.server.snapshot.auto.trigger.enabled = true (custom)
2019-07-14 03:13:01,781 INFO  server.RaftServerConfigKeys (ConfUtils.java:logGet(43)) - raft.server.snapshot.auto.trigger.threshold = 10000 (custom)
2019-07-14 03:13:01,781 INFO  server.RaftServerConfigKeys (ConfUtils.java:logGet(43)) - raft.server.retrycache.expirytime = 600000ms (custom)
2019-07-14 03:13:01,801 INFO  impl.RaftServerImpl (RaftServerImpl.java:start(180)) - a3b6d8a3-b3a7-474d-832c-87c14ad24448: start group-031C02C7C864
2019-07-14 03:13:01,802 INFO  impl.RaftServerImpl (RaftServerImpl.java:setRole(171)) - a3b6d8a3-b3a7-474d-832c-87c14ad24448:group-031C02C7C864 changes role from null to FOLLOWER at term 0 for startAsFollower
2019-07-14 03:13:01,803 INFO  impl.RoleInfo (RoleInfo.java:updateAndGet(143)) - a3b6d8a3-b3a7-474d-832c-87c14ad24448: start FollowerState
2019-07-14 03:13:01,804 INFO  util.JmxRegister (JmxRegister.java:tryRegister(44)) - Successfully registered JMX Bean with object name Ratis:service=RaftServer,group=group-031C02C7C864,id=a3b6d8a3-b3a7-474d-832c-87c14ad24448
2019-07-14 03:13:01,884 INFO  pipeline.PipelineStateManager (PipelineStateManager.java:addPipeline(56)) - Created pipeline Pipeline[ Id: ec5d93e4-de19-407f-a429-031c02c7c864, Nodes: a3b6d8a3-b3a7-474d-832c-87c14ad24448{ip: 192.168.157.236, host: trunk-nightly-k88cw-3644625431, networkLocation: /default-rack, certSerialId: null}, Type:RATIS, Factor:ONE, State:OPEN]
2019-07-14 03:13:01,917 INFO  impl.RaftServerProxy (RaftServerProxy.java:addNew(89)) - 0b03543f-d8a9-4e23-a6ad-7779f4dc574c: addNew group-FB7EB6A1348A:[0b03543f-d8a9-4e23-a6ad-7779f4dc574c:192.168.157.236:43441] returns group-FB7EB6A1348A:java.util.concurrent.CompletableFuture@5a210296[Not completed]
2019-07-14 03:13:01,990 INFO  impl.RaftServerImpl (RaftServerImpl.java:<init>(93)) - 0b03543f-d8a9-4e23-a6ad-7779f4dc574c: new RaftServerImpl for group-FB7EB6A1348A:[0b03543f-d8a9-4e23-a6ad-7779f4dc574c:192.168.157.236:43441] with ContainerStateMachine:uninitialized
2019-07-14 03:13:01,992 INFO  server.RaftServerConfigKeys (ConfUtils.java:logGet(43)) - raft.server.rpc.timeout.min = 5s (custom)
2019-07-14 03:13:01,992 INFO  node.SCMNodeManager (SCMNodeManager.java:register(269)) - Registered Data node : cefac542-4bc5-4af4-a5e6-8330cc59eed9{ip: 192.168.157.236, host: trunk-nightly-k88cw-3644625431, networkLocation: /default-rack, certSerialId: null}
2019-07-14 03:13:01,992 INFO  server.RaftServerConfigKeys (ConfUtils.java:logGet(43)) - raft.server.rpc.timeout.max = 5200ms (custom)
2019-07-14 03:13:01,992 INFO  server.RaftServerConfigKeys (ConfUtils.java:logGet(43)) - raft.server.rpcslowness.timeout = 120s (custom)
2019-07-14 03:13:01,992 INFO  server.RaftServerConfigKeys (ConfUtils.java:logGet(43)) - raft.server.sleep.deviation.threshold = 300 (default)
2019-07-14 03:13:01,992 INFO  server.RaftServerConfigKeys (ConfUtils.java:logGet(43)) - raft.server.log.appender.install.snapshot.enabled = false (custom)
2019-07-14 03:13:01,993 INFO  impl.RaftServerImpl (ServerState.java:<init>(105)) - 0b03543f-d8a9-4e23-a6ad-7779f4dc574c:group-FB7EB6A1348A ConfigurationManager, init=-1: [0b03543f-d8a9-4e23-a6ad-7779f4dc574c:192.168.157.236:43441], old=null, confs=<EMPTY_MAP>
2019-07-14 03:13:01,993 INFO  server.RaftServerConfigKeys (ConfUtils.java:logGet(43)) - raft.server.storage.dir = [/tmp/workdir/hadoop-ozone/integration-test/target/test-dir/MiniOzoneClusterImpl-cb60d03d-f57a-4c54-aae4-b882482aac61/datanode-1/data/ratis] (custom)
2019-07-14 03:13:01,994 INFO  storage.RaftStorageDirectory (RaftStorageDirectory.java:analyzeStorage(246)) - The storage directory /tmp/workdir/hadoop-ozone/integration-test/target/test-dir/MiniOzoneClusterImpl-cb60d03d-f57a-4c54-aae4-b882482aac61/datanode-1/data/ratis/c8f5afac-02b0-4c15-8557-fb7eb6a1348a does not exist. Creating ...
2019-07-14 03:13:02,009 INFO  storage.RaftStorageDirectory (RaftStorageDirectory.java:tryLock(328)) - Lock on /tmp/workdir/hadoop-ozone/integration-test/target/test-dir/MiniOzoneClusterImpl-cb60d03d-f57a-4c54-aae4-b882482aac61/datanode-1/data/ratis/c8f5afac-02b0-4c15-8557-fb7eb6a1348a/in_use.lock acquired by nodename 8466@trunk-nightly-k88cw-3644625431
2019-07-14 03:13:02,021 INFO  storage.RaftStorage (RaftStorage.java:format(72)) - Storage directory /tmp/workdir/hadoop-ozone/integration-test/target/test-dir/MiniOzoneClusterImpl-cb60d03d-f57a-4c54-aae4-b882482aac61/datanode-1/data/ratis/c8f5afac-02b0-4c15-8557-fb7eb6a1348a has been successfully formatted.
2019-07-14 03:13:02,024 INFO  ratis.ContainerStateMachine (ContainerStateMachine.java:loadSnapshot(200)) - The snapshot info is null.Setting the last applied index to:(t:0, i:~)
2019-07-14 03:13:02,026 INFO  server.RaftServerConfigKeys (ConfUtils.java:logGet(43)) - raft.server.leader.election.timeout = 120s (custom)
2019-07-14 03:13:02,026 INFO  server.RaftServerConfigKeys (ConfUtils.java:logGet(43)) - raft.server.log.use.memory = false (default)
2019-07-14 03:13:02,027 INFO  server.RaftServerConfigKeys (ConfUtils.java:logGet(43)) - raft.server.log.purge.gap = 1000000000 (custom)
2019-07-14 03:13:02,027 INFO  server.RaftServerConfigKeys (ConfUtils.java:logGet(43)) - raft.server.log.appender.buffer.byte-limit = 33554432 (custom)
2019-07-14 03:13:02,027 INFO  server.RaftServerConfigKeys (ConfUtils.java:logGet(43)) - raft.server.log.segment.size.max = 1048576 (custom)
2019-07-14 03:13:02,027 INFO  server.RaftServerConfigKeys (ConfUtils.java:logGet(43)) - raft.server.log.segment.cache.num.max = 2 (custom)
2019-07-14 03:13:02,027 INFO  segmented.SegmentedRaftLogWorker (SegmentedRaftLogWorker.java:<init>(172)) - new 0b03543f-d8a9-4e23-a6ad-7779f4dc574c-SegmentedRaftLogWorker:Storage Directory /tmp/workdir/hadoop-ozone/integration-test/target/test-dir/MiniOzoneClusterImpl-cb60d03d-f57a-4c54-aae4-b882482aac61/datanode-1/data/ratis/c8f5afac-02b0-4c15-8557-fb7eb6a1348a for RaftStorage:Storage Directory /tmp/workdir/hadoop-ozone/integration-test/target/test-dir/MiniOzoneClusterImpl-cb60d03d-f57a-4c54-aae4-b882482aac61/datanode-1/data/ratis/c8f5afac-02b0-4c15-8557-fb7eb6a1348a
2019-07-14 03:13:02,030 INFO  server.RaftServerConfigKeys (ConfUtils.java:logGet(43)) - raft.server.log.queue.byte-limit = 2147483647 (custom)
2019-07-14 03:13:02,030 INFO  server.RaftServerConfigKeys (ConfUtils.java:logGet(43)) - raft.server.log.queue.element-limit = 1024 (custom)
2019-07-14 03:13:02,031 INFO  server.RaftServerConfigKeys (ConfUtils.java:logGet(43)) - raft.server.log.segment.size.max = 1048576 (custom)
2019-07-14 03:13:02,031 INFO  server.RaftServerConfigKeys (ConfUtils.java:logGet(43)) - raft.server.log.preallocated.size = 16384 (custom)
2019-07-14 03:13:02,031 INFO  server.RaftServerConfigKeys (ConfUtils.java:logGet(43)) - raft.server.log.write.buffer.size = 33554432 (custom)
2019-07-14 03:13:02,031 INFO  server.RaftServerConfigKeys (ConfUtils.java:logGet(43)) - raft.server.log.force.sync.num = 128 (default)
2019-07-14 03:13:02,031 INFO  server.RaftServerConfigKeys (ConfUtils.java:logGet(43)) - raft.server.log.statemachine.data.sync = true (default)
2019-07-14 03:13:02,031 INFO  server.RaftServerConfigKeys (ConfUtils.java:logGet(43)) - raft.server.log.statemachine.data.sync.timeout = 10s (default)
2019-07-14 03:13:02,032 INFO  server.RaftServerConfigKeys (ConfUtils.java:logGet(43)) - raft.server.log.statemachine.data.sync.timeout.retry = -1 (default)
2019-07-14 03:13:02,032 INFO  server.RaftServerConfigKeys (ConfUtils.java:logGet(43)) - raft.server.log.statemachine.data.caching.enabled = true (custom)
2019-07-14 03:13:02,032 INFO  segmented.SegmentedRaftLogWorker (SegmentedRaftLogWorker.java:lambda$new$0(132)) - 0b03543f-d8a9-4e23-a6ad-7779f4dc574c-SegmentedRaftLogWorker:Storage Directory /tmp/workdir/hadoop-ozone/integration-test/target/test-dir/MiniOzoneClusterImpl-cb60d03d-f57a-4c54-aae4-b882482aac61/datanode-1/data/ratis/c8f5afac-02b0-4c15-8557-fb7eb6a1348a: flushIndex: setUnconditionally 0 -> -1
2019-07-14 03:13:02,033 INFO  server.RaftServerConfigKeys (ConfUtils.java:logGet(43)) - raft.server.snapshot.auto.trigger.enabled = true (custom)
2019-07-14 03:13:02,033 INFO  server.RaftServerConfigKeys (ConfUtils.java:logGet(43)) - raft.server.snapshot.auto.trigger.threshold = 10000 (custom)
2019-07-14 03:13:02,033 INFO  server.RaftServerConfigKeys (ConfUtils.java:logGet(43)) - raft.server.retrycache.expirytime = 600000ms (custom)
2019-07-14 03:13:02,033 INFO  impl.RaftServerImpl (RaftServerImpl.java:start(180)) - 0b03543f-d8a9-4e23-a6ad-7779f4dc574c: start group-FB7EB6A1348A
2019-07-14 03:13:02,034 INFO  impl.RaftServerImpl (RaftServerImpl.java:setRole(171)) - 0b03543f-d8a9-4e23-a6ad-7779f4dc574c:group-FB7EB6A1348A changes role from null to FOLLOWER at term 0 for startAsFollower
2019-07-14 03:13:02,034 INFO  impl.RoleInfo (RoleInfo.java:updateAndGet(143)) - 0b03543f-d8a9-4e23-a6ad-7779f4dc574c: start FollowerState
2019-07-14 03:13:02,037 INFO  util.JmxRegister (JmxRegister.java:tryRegister(44)) - Successfully registered JMX Bean with object name Ratis:service=RaftServer,group=group-FB7EB6A1348A,id=0b03543f-d8a9-4e23-a6ad-7779f4dc574c
2019-07-14 03:13:02,058 INFO  pipeline.PipelineStateManager (PipelineStateManager.java:addPipeline(56)) - Created pipeline Pipeline[ Id: c8f5afac-02b0-4c15-8557-fb7eb6a1348a, Nodes: 0b03543f-d8a9-4e23-a6ad-7779f4dc574c{ip: 192.168.157.236, host: trunk-nightly-k88cw-3644625431, networkLocation: /default-rack, certSerialId: null}, Type:RATIS, Factor:ONE, State:OPEN]
2019-07-14 03:13:02,091 INFO  impl.RaftServerProxy (RaftServerProxy.java:addNew(89)) - 835c9c09-ec1b-4b02-b4b4-41c8dbc3d3a5: addNew group-49D81EA604D4:[835c9c09-ec1b-4b02-b4b4-41c8dbc3d3a5:192.168.157.236:36716] returns group-49D81EA604D4:java.util.concurrent.CompletableFuture@3cf42026[Not completed]
2019-07-14 03:13:02,116 INFO  impl.RaftServerImpl (RaftServerImpl.java:<init>(93)) - 835c9c09-ec1b-4b02-b4b4-41c8dbc3d3a5: new RaftServerImpl for group-49D81EA604D4:[835c9c09-ec1b-4b02-b4b4-41c8dbc3d3a5:192.168.157.236:36716] with ContainerStateMachine:uninitialized
2019-07-14 03:13:02,123 INFO  server.RaftServerConfigKeys (ConfUtils.java:logGet(43)) - raft.server.rpc.timeout.min = 5s (custom)
2019-07-14 03:13:02,123 INFO  server.RaftServerConfigKeys (ConfUtils.java:logGet(43)) - raft.server.rpc.timeout.max = 5200ms (custom)
2019-07-14 03:13:02,124 INFO  server.RaftServerConfigKeys (ConfUtils.java:logGet(43)) - raft.server.rpcslowness.timeout = 120s (custom)
2019-07-14 03:13:02,124 INFO  server.RaftServerConfigKeys (ConfUtils.java:logGet(43)) - raft.server.sleep.deviation.threshold = 300 (default)
2019-07-14 03:13:02,124 INFO  server.RaftServerConfigKeys (ConfUtils.java:logGet(43)) - raft.server.log.appender.install.snapshot.enabled = false (custom)
2019-07-14 03:13:02,124 INFO  impl.RaftServerImpl (ServerState.java:<init>(105)) - 835c9c09-ec1b-4b02-b4b4-41c8dbc3d3a5:group-49D81EA604D4 ConfigurationManager, init=-1: [835c9c09-ec1b-4b02-b4b4-41c8dbc3d3a5:192.168.157.236:36716], old=null, confs=<EMPTY_MAP>
2019-07-14 03:13:02,124 INFO  node.SCMNodeManager (SCMNodeManager.java:register(269)) - Registered Data node : db55e2dc-2f84-48ad-bfe6-e5d08d1ff6d4{ip: 192.168.157.236, host: trunk-nightly-k88cw-3644625431, networkLocation: /default-rack, certSerialId: null}
2019-07-14 03:13:02,124 INFO  server.RaftServerConfigKeys (ConfUtils.java:logGet(43)) - raft.server.storage.dir = [/tmp/workdir/hadoop-ozone/integration-test/target/test-dir/MiniOzoneClusterImpl-cb60d03d-f57a-4c54-aae4-b882482aac61/datanode-4/data/ratis] (custom)
2019-07-14 03:13:02,125 INFO  storage.RaftStorageDirectory (RaftStorageDirectory.java:analyzeStorage(246)) - The storage directory /tmp/workdir/hadoop-ozone/integration-test/target/test-dir/MiniOzoneClusterImpl-cb60d03d-f57a-4c54-aae4-b882482aac61/datanode-4/data/ratis/911410e3-6900-43dd-ae6b-49d81ea604d4 does not exist. Creating ...
2019-07-14 03:13:02,137 INFO  storage.RaftStorageDirectory (RaftStorageDirectory.java:tryLock(328)) - Lock on /tmp/workdir/hadoop-ozone/integration-test/target/test-dir/MiniOzoneClusterImpl-cb60d03d-f57a-4c54-aae4-b882482aac61/datanode-4/data/ratis/911410e3-6900-43dd-ae6b-49d81ea604d4/in_use.lock acquired by nodename 8466@trunk-nightly-k88cw-3644625431
2019-07-14 03:13:02,150 INFO  storage.RaftStorage (RaftStorage.java:format(72)) - Storage directory /tmp/workdir/hadoop-ozone/integration-test/target/test-dir/MiniOzoneClusterImpl-cb60d03d-f57a-4c54-aae4-b882482aac61/datanode-4/data/ratis/911410e3-6900-43dd-ae6b-49d81ea604d4 has been successfully formatted.
2019-07-14 03:13:02,150 INFO  ratis.ContainerStateMachine (ContainerStateMachine.java:loadSnapshot(200)) - The snapshot info is null.Setting the last applied index to:(t:0, i:~)
2019-07-14 03:13:02,150 INFO  server.RaftServerConfigKeys (ConfUtils.java:logGet(43)) - raft.server.leader.election.timeout = 120s (custom)
2019-07-14 03:13:02,151 INFO  server.RaftServerConfigKeys (ConfUtils.java:logGet(43)) - raft.server.log.use.memory = false (default)
2019-07-14 03:13:02,151 INFO  server.RaftServerConfigKeys (ConfUtils.java:logGet(43)) - raft.server.log.purge.gap = 1000000000 (custom)
2019-07-14 03:13:02,151 INFO  server.RaftServerConfigKeys (ConfUtils.java:logGet(43)) - raft.server.log.appender.buffer.byte-limit = 33554432 (custom)
2019-07-14 03:13:02,151 INFO  server.RaftServerConfigKeys (ConfUtils.java:logGet(43)) - raft.server.log.segment.size.max = 1048576 (custom)
2019-07-14 03:13:02,151 INFO  server.RaftServerConfigKeys (ConfUtils.java:logGet(43)) - raft.server.log.segment.cache.num.max = 2 (custom)
2019-07-14 03:13:02,151 INFO  segmented.SegmentedRaftLogWorker (SegmentedRaftLogWorker.java:<init>(172)) - new 835c9c09-ec1b-4b02-b4b4-41c8dbc3d3a5-SegmentedRaftLogWorker:Storage Directory /tmp/workdir/hadoop-ozone/integration-test/target/test-dir/MiniOzoneClusterImpl-cb60d03d-f57a-4c54-aae4-b882482aac61/datanode-4/data/ratis/911410e3-6900-43dd-ae6b-49d81ea604d4 for RaftStorage:Storage Directory /tmp/workdir/hadoop-ozone/integration-test/target/test-dir/MiniOzoneClusterImpl-cb60d03d-f57a-4c54-aae4-b882482aac61/datanode-4/data/ratis/911410e3-6900-43dd-ae6b-49d81ea604d4
2019-07-14 03:13:02,152 INFO  server.RaftServerConfigKeys (ConfUtils.java:logGet(43)) - raft.server.log.queue.byte-limit = 2147483647 (custom)
2019-07-14 03:13:02,152 INFO  server.RaftServerConfigKeys (ConfUtils.java:logGet(43)) - raft.server.log.queue.element-limit = 1024 (custom)
2019-07-14 03:13:02,152 INFO  server.RaftServerConfigKeys (ConfUtils.java:logGet(43)) - raft.server.log.segment.size.max = 1048576 (custom)
2019-07-14 03:13:02,152 INFO  server.RaftServerConfigKeys (ConfUtils.java:logGet(43)) - raft.server.log.preallocated.size = 16384 (custom)
2019-07-14 03:13:02,152 INFO  server.RaftServerConfigKeys (ConfUtils.java:logGet(43)) - raft.server.log.write.buffer.size = 33554432 (custom)
2019-07-14 03:13:02,152 INFO  server.RaftServerConfigKeys (ConfUtils.java:logGet(43)) - raft.server.log.force.sync.num = 128 (default)
2019-07-14 03:13:02,152 INFO  server.RaftServerConfigKeys (ConfUtils.java:logGet(43)) - raft.server.log.statemachine.data.sync = true (default)
2019-07-14 03:13:02,153 INFO  server.RaftServerConfigKeys (ConfUtils.java:logGet(43)) - raft.server.log.statemachine.data.sync.timeout = 10s (default)
2019-07-14 03:13:02,153 INFO  server.RaftServerConfigKeys (ConfUtils.java:logGet(43)) - raft.server.log.statemachine.data.sync.timeout.retry = -1 (default)
2019-07-14 03:13:02,153 INFO  server.RaftServerConfigKeys (ConfUtils.java:logGet(43)) - raft.server.log.statemachine.data.caching.enabled = true (custom)
2019-07-14 03:13:02,153 INFO  segmented.SegmentedRaftLogWorker (SegmentedRaftLogWorker.java:lambda$new$0(132)) - 835c9c09-ec1b-4b02-b4b4-41c8dbc3d3a5-SegmentedRaftLogWorker:Storage Directory /tmp/workdir/hadoop-ozone/integration-test/target/test-dir/MiniOzoneClusterImpl-cb60d03d-f57a-4c54-aae4-b882482aac61/datanode-4/data/ratis/911410e3-6900-43dd-ae6b-49d81ea604d4: flushIndex: setUnconditionally 0 -> -1
2019-07-14 03:13:02,154 INFO  server.RaftServerConfigKeys (ConfUtils.java:logGet(43)) - raft.server.snapshot.auto.trigger.enabled = true (custom)
2019-07-14 03:13:02,154 INFO  server.RaftServerConfigKeys (ConfUtils.java:logGet(43)) - raft.server.snapshot.auto.trigger.threshold = 10000 (custom)
2019-07-14 03:13:02,154 INFO  server.RaftServerConfigKeys (ConfUtils.java:logGet(43)) - raft.server.retrycache.expirytime = 600000ms (custom)
2019-07-14 03:13:02,154 INFO  impl.RaftServerImpl (RaftServerImpl.java:start(180)) - 835c9c09-ec1b-4b02-b4b4-41c8dbc3d3a5: start group-49D81EA604D4
2019-07-14 03:13:02,154 INFO  impl.RaftServerImpl (RaftServerImpl.java:setRole(171)) - 835c9c09-ec1b-4b02-b4b4-41c8dbc3d3a5:group-49D81EA604D4 changes role from null to FOLLOWER at term 0 for startAsFollower
2019-07-14 03:13:02,155 INFO  impl.RoleInfo (RoleInfo.java:updateAndGet(143)) - 835c9c09-ec1b-4b02-b4b4-41c8dbc3d3a5: start FollowerState
2019-07-14 03:13:02,155 INFO  util.JmxRegister (JmxRegister.java:tryRegister(44)) - Successfully registered JMX Bean with object name Ratis:service=RaftServer,group=group-49D81EA604D4,id=835c9c09-ec1b-4b02-b4b4-41c8dbc3d3a5
2019-07-14 03:13:02,175 INFO  pipeline.PipelineStateManager (PipelineStateManager.java:addPipeline(56)) - Created pipeline Pipeline[ Id: 911410e3-6900-43dd-ae6b-49d81ea604d4, Nodes: 835c9c09-ec1b-4b02-b4b4-41c8dbc3d3a5{ip: 192.168.157.236, host: trunk-nightly-k88cw-3644625431, networkLocation: /default-rack, certSerialId: null}, Type:RATIS, Factor:ONE, State:OPEN]
2019-07-14 03:13:02,210 INFO  impl.RaftServerProxy (RaftServerProxy.java:addNew(89)) - 27783468-ffde-4713-831d-aaf1e00189c6: addNew group-6B5E0B80CCD0:[27783468-ffde-4713-831d-aaf1e00189c6:192.168.157.236:35009] returns group-6B5E0B80CCD0:java.util.concurrent.CompletableFuture@36bbdfce[Not completed]
2019-07-14 03:13:02,212 INFO  impl.RaftServerImpl (RaftServerImpl.java:<init>(93)) - 27783468-ffde-4713-831d-aaf1e00189c6: new RaftServerImpl for group-6B5E0B80CCD0:[27783468-ffde-4713-831d-aaf1e00189c6:192.168.157.236:35009] with ContainerStateMachine:uninitialized
2019-07-14 03:13:02,213 INFO  server.RaftServerConfigKeys (ConfUtils.java:logGet(43)) - raft.server.rpc.timeout.min = 5s (custom)
2019-07-14 03:13:02,213 INFO  server.RaftServerConfigKeys (ConfUtils.java:logGet(43)) - raft.server.rpc.timeout.max = 5200ms (custom)
2019-07-14 03:13:02,213 INFO  server.RaftServerConfigKeys (ConfUtils.java:logGet(43)) - raft.server.rpcslowness.timeout = 120s (custom)
2019-07-14 03:13:02,213 INFO  server.RaftServerConfigKeys (ConfUtils.java:logGet(43)) - raft.server.sleep.deviation.threshold = 300 (default)
2019-07-14 03:13:02,213 INFO  server.RaftServerConfigKeys (ConfUtils.java:logGet(43)) - raft.server.log.appender.install.snapshot.enabled = false (custom)
2019-07-14 03:13:02,214 INFO  impl.RaftServerImpl (ServerState.java:<init>(105)) - 27783468-ffde-4713-831d-aaf1e00189c6:group-6B5E0B80CCD0 ConfigurationManager, init=-1: [27783468-ffde-4713-831d-aaf1e00189c6:192.168.157.236:35009], old=null, confs=<EMPTY_MAP>
2019-07-14 03:13:02,214 INFO  server.RaftServerConfigKeys (ConfUtils.java:logGet(43)) - raft.server.storage.dir = [/tmp/workdir/hadoop-ozone/integration-test/target/test-dir/MiniOzoneClusterImpl-cb60d03d-f57a-4c54-aae4-b882482aac61/datanode-7/data/ratis] (custom)
2019-07-14 03:13:02,214 INFO  storage.RaftStorageDirectory (RaftStorageDirectory.java:analyzeStorage(246)) - The storage directory /tmp/workdir/hadoop-ozone/integration-test/target/test-dir/MiniOzoneClusterImpl-cb60d03d-f57a-4c54-aae4-b882482aac61/datanode-7/data/ratis/4d0d8db3-becb-43ea-8848-6b5e0b80ccd0 does not exist. Creating ...
2019-07-14 03:13:02,227 INFO  storage.RaftStorageDirectory (RaftStorageDirectory.java:tryLock(328)) - Lock on /tmp/workdir/hadoop-ozone/integration-test/target/test-dir/MiniOzoneClusterImpl-cb60d03d-f57a-4c54-aae4-b882482aac61/datanode-7/data/ratis/4d0d8db3-becb-43ea-8848-6b5e0b80ccd0/in_use.lock acquired by nodename 8466@trunk-nightly-k88cw-3644625431
2019-07-14 03:13:02,240 INFO  storage.RaftStorage (RaftStorage.java:format(72)) - Storage directory /tmp/workdir/hadoop-ozone/integration-test/target/test-dir/MiniOzoneClusterImpl-cb60d03d-f57a-4c54-aae4-b882482aac61/datanode-7/data/ratis/4d0d8db3-becb-43ea-8848-6b5e0b80ccd0 has been successfully formatted.
2019-07-14 03:13:02,240 INFO  ratis.ContainerStateMachine (ContainerStateMachine.java:loadSnapshot(200)) - The snapshot info is null.Setting the last applied index to:(t:0, i:~)
2019-07-14 03:13:02,240 INFO  server.RaftServerConfigKeys (ConfUtils.java:logGet(43)) - raft.server.leader.election.timeout = 120s (custom)
2019-07-14 03:13:02,241 INFO  server.RaftServerConfigKeys (ConfUtils.java:logGet(43)) - raft.server.log.use.memory = false (default)
2019-07-14 03:13:02,241 INFO  server.RaftServerConfigKeys (ConfUtils.java:logGet(43)) - raft.server.log.purge.gap = 1000000000 (custom)
2019-07-14 03:13:02,241 INFO  server.RaftServerConfigKeys (ConfUtils.java:logGet(43)) - raft.server.log.appender.buffer.byte-limit = 33554432 (custom)
2019-07-14 03:13:02,241 INFO  server.RaftServerConfigKeys (ConfUtils.java:logGet(43)) - raft.server.log.segment.size.max = 1048576 (custom)
2019-07-14 03:13:02,241 INFO  server.RaftServerConfigKeys (ConfUtils.java:logGet(43)) - raft.server.log.segment.cache.num.max = 2 (custom)
2019-07-14 03:13:02,242 INFO  segmented.SegmentedRaftLogWorker (SegmentedRaftLogWorker.java:<init>(172)) - new 27783468-ffde-4713-831d-aaf1e00189c6-SegmentedRaftLogWorker:Storage Directory /tmp/workdir/hadoop-ozone/integration-test/target/test-dir/MiniOzoneClusterImpl-cb60d03d-f57a-4c54-aae4-b882482aac61/datanode-7/data/ratis/4d0d8db3-becb-43ea-8848-6b5e0b80ccd0 for RaftStorage:Storage Directory /tmp/workdir/hadoop-ozone/integration-test/target/test-dir/MiniOzoneClusterImpl-cb60d03d-f57a-4c54-aae4-b882482aac61/datanode-7/data/ratis/4d0d8db3-becb-43ea-8848-6b5e0b80ccd0
2019-07-14 03:13:02,242 INFO  server.RaftServerConfigKeys (ConfUtils.java:logGet(43)) - raft.server.log.queue.byte-limit = 2147483647 (custom)
2019-07-14 03:13:02,242 INFO  server.RaftServerConfigKeys (ConfUtils.java:logGet(43)) - raft.server.log.queue.element-limit = 1024 (custom)
2019-07-14 03:13:02,242 INFO  server.RaftServerConfigKeys (ConfUtils.java:logGet(43)) - raft.server.log.segment.size.max = 1048576 (custom)
2019-07-14 03:13:02,242 INFO  server.RaftServerConfigKeys (ConfUtils.java:logGet(43)) - raft.server.log.preallocated.size = 16384 (custom)
2019-07-14 03:13:02,243 INFO  server.RaftServerConfigKeys (ConfUtils.java:logGet(43)) - raft.server.log.write.buffer.size = 33554432 (custom)
2019-07-14 03:13:02,243 INFO  server.RaftServerConfigKeys (ConfUtils.java:logGet(43)) - raft.server.log.force.sync.num = 128 (default)
2019-07-14 03:13:02,243 INFO  server.RaftServerConfigKeys (ConfUtils.java:logGet(43)) - raft.server.log.statemachine.data.sync = true (default)
2019-07-14 03:13:02,243 INFO  server.RaftServerConfigKeys (ConfUtils.java:logGet(43)) - raft.server.log.statemachine.data.sync.timeout = 10s (default)
2019-07-14 03:13:02,243 INFO  server.RaftServerConfigKeys (ConfUtils.java:logGet(43)) - raft.server.log.statemachine.data.sync.timeout.retry = -1 (default)
2019-07-14 03:13:02,244 INFO  server.RaftServerConfigKeys (ConfUtils.java:logGet(43)) - raft.server.log.statemachine.data.caching.enabled = true (custom)
2019-07-14 03:13:02,244 INFO  segmented.SegmentedRaftLogWorker (SegmentedRaftLogWorker.java:lambda$new$0(132)) - 27783468-ffde-4713-831d-aaf1e00189c6-SegmentedRaftLogWorker:Storage Directory /tmp/workdir/hadoop-ozone/integration-test/target/test-dir/MiniOzoneClusterImpl-cb60d03d-f57a-4c54-aae4-b882482aac61/datanode-7/data/ratis/4d0d8db3-becb-43ea-8848-6b5e0b80ccd0: flushIndex: setUnconditionally 0 -> -1
2019-07-14 03:13:02,245 INFO  server.RaftServerConfigKeys (ConfUtils.java:logGet(43)) - raft.server.snapshot.auto.trigger.enabled = true (custom)
2019-07-14 03:13:02,245 INFO  server.RaftServerConfigKeys (ConfUtils.java:logGet(43)) - raft.server.snapshot.auto.trigger.threshold = 10000 (custom)
2019-07-14 03:13:02,245 INFO  server.RaftServerConfigKeys (ConfUtils.java:logGet(43)) - raft.server.retrycache.expirytime = 600000ms (custom)
2019-07-14 03:13:02,245 INFO  impl.RaftServerImpl (RaftServerImpl.java:start(180)) - 27783468-ffde-4713-831d-aaf1e00189c6: start group-6B5E0B80CCD0
2019-07-14 03:13:02,245 INFO  impl.RaftServerImpl (RaftServerImpl.java:setRole(171)) - 27783468-ffde-4713-831d-aaf1e00189c6:group-6B5E0B80CCD0 changes role from null to FOLLOWER at term 0 for startAsFollower
2019-07-14 03:13:02,246 INFO  impl.RoleInfo (RoleInfo.java:updateAndGet(143)) - 27783468-ffde-4713-831d-aaf1e00189c6: start FollowerState
2019-07-14 03:13:02,246 INFO  util.JmxRegister (JmxRegister.java:tryRegister(44)) - Successfully registered JMX Bean with object name Ratis:service=RaftServer,group=group-6B5E0B80CCD0,id=27783468-ffde-4713-831d-aaf1e00189c6
2019-07-14 03:13:02,274 INFO  pipeline.PipelineStateManager (PipelineStateManager.java:addPipeline(56)) - Created pipeline Pipeline[ Id: 4d0d8db3-becb-43ea-8848-6b5e0b80ccd0, Nodes: 27783468-ffde-4713-831d-aaf1e00189c6{ip: 192.168.157.236, host: trunk-nightly-k88cw-3644625431, networkLocation: /default-rack, certSerialId: null}, Type:RATIS, Factor:ONE, State:OPEN]
2019-07-14 03:13:02,298 INFO  impl.RaftServerProxy (RaftServerProxy.java:addNew(89)) - 0e60352e-f5fb-4045-a639-8f5d9de2c68e: addNew group-CA1328B09373:[0e60352e-f5fb-4045-a639-8f5d9de2c68e:192.168.157.236:34663] returns group-CA1328B09373:java.util.concurrent.CompletableFuture@26886c46[Not completed]
2019-07-14 03:13:02,300 INFO  impl.RaftServerImpl (RaftServerImpl.java:<init>(93)) - 0e60352e-f5fb-4045-a639-8f5d9de2c68e: new RaftServerImpl for group-CA1328B09373:[0e60352e-f5fb-4045-a639-8f5d9de2c68e:192.168.157.236:34663] with ContainerStateMachine:uninitialized
2019-07-14 03:13:02,300 INFO  server.RaftServerConfigKeys (ConfUtils.java:logGet(43)) - raft.server.rpc.timeout.min = 5s (custom)
2019-07-14 03:13:02,300 INFO  server.RaftServerConfigKeys (ConfUtils.java:logGet(43)) - raft.server.rpc.timeout.max = 5200ms (custom)
2019-07-14 03:13:02,300 INFO  server.RaftServerConfigKeys (ConfUtils.java:logGet(43)) - raft.server.rpcslowness.timeout = 120s (custom)
2019-07-14 03:13:02,301 INFO  server.RaftServerConfigKeys (ConfUtils.java:logGet(43)) - raft.server.sleep.deviation.threshold = 300 (default)
2019-07-14 03:13:02,301 INFO  server.RaftServerConfigKeys (ConfUtils.java:logGet(43)) - raft.server.log.appender.install.snapshot.enabled = false (custom)
2019-07-14 03:13:02,301 INFO  impl.RaftServerImpl (ServerState.java:<init>(105)) - 0e60352e-f5fb-4045-a639-8f5d9de2c68e:group-CA1328B09373 ConfigurationManager, init=-1: [0e60352e-f5fb-4045-a639-8f5d9de2c68e:192.168.157.236:34663], old=null, confs=<EMPTY_MAP>
2019-07-14 03:13:02,301 INFO  server.RaftServerConfigKeys (ConfUtils.java:logGet(43)) - raft.server.storage.dir = [/tmp/workdir/hadoop-ozone/integration-test/target/test-dir/MiniOzoneClusterImpl-cb60d03d-f57a-4c54-aae4-b882482aac61/datanode-5/data/ratis] (custom)
2019-07-14 03:13:02,302 INFO  storage.RaftStorageDirectory (RaftStorageDirectory.java:analyzeStorage(246)) - The storage directory /tmp/workdir/hadoop-ozone/integration-test/target/test-dir/MiniOzoneClusterImpl-cb60d03d-f57a-4c54-aae4-b882482aac61/datanode-5/data/ratis/430fcb27-a8e8-4f49-afe4-ca1328b09373 does not exist. Creating ...
2019-07-14 03:13:02,315 INFO  storage.RaftStorageDirectory (RaftStorageDirectory.java:tryLock(328)) - Lock on /tmp/workdir/hadoop-ozone/integration-test/target/test-dir/MiniOzoneClusterImpl-cb60d03d-f57a-4c54-aae4-b882482aac61/datanode-5/data/ratis/430fcb27-a8e8-4f49-afe4-ca1328b09373/in_use.lock acquired by nodename 8466@trunk-nightly-k88cw-3644625431
2019-07-14 03:13:02,328 INFO  storage.RaftStorage (RaftStorage.java:format(72)) - Storage directory /tmp/workdir/hadoop-ozone/integration-test/target/test-dir/MiniOzoneClusterImpl-cb60d03d-f57a-4c54-aae4-b882482aac61/datanode-5/data/ratis/430fcb27-a8e8-4f49-afe4-ca1328b09373 has been successfully formatted.
2019-07-14 03:13:02,329 INFO  ratis.ContainerStateMachine (ContainerStateMachine.java:loadSnapshot(200)) - The snapshot info is null.Setting the last applied index to:(t:0, i:~)
2019-07-14 03:13:02,329 INFO  server.RaftServerConfigKeys (ConfUtils.java:logGet(43)) - raft.server.leader.election.timeout = 120s (custom)
2019-07-14 03:13:02,329 INFO  server.RaftServerConfigKeys (ConfUtils.java:logGet(43)) - raft.server.log.use.memory = false (default)
2019-07-14 03:13:02,329 INFO  server.RaftServerConfigKeys (ConfUtils.java:logGet(43)) - raft.server.log.purge.gap = 1000000000 (custom)
2019-07-14 03:13:02,329 INFO  server.RaftServerConfigKeys (ConfUtils.java:logGet(43)) - raft.server.log.appender.buffer.byte-limit = 33554432 (custom)
2019-07-14 03:13:02,329 INFO  server.RaftServerConfigKeys (ConfUtils.java:logGet(43)) - raft.server.log.segment.size.max = 1048576 (custom)
2019-07-14 03:13:02,330 INFO  server.RaftServerConfigKeys (ConfUtils.java:logGet(43)) - raft.server.log.segment.cache.num.max = 2 (custom)
2019-07-14 03:13:02,330 INFO  segmented.SegmentedRaftLogWorker (SegmentedRaftLogWorker.java:<init>(172)) - new 0e60352e-f5fb-4045-a639-8f5d9de2c68e-SegmentedRaftLogWorker:Storage Directory /tmp/workdir/hadoop-ozone/integration-test/target/test-dir/MiniOzoneClusterImpl-cb60d03d-f57a-4c54-aae4-b882482aac61/datanode-5/data/ratis/430fcb27-a8e8-4f49-afe4-ca1328b09373 for RaftStorage:Storage Directory /tmp/workdir/hadoop-ozone/integration-test/target/test-dir/MiniOzoneClusterImpl-cb60d03d-f57a-4c54-aae4-b882482aac61/datanode-5/data/ratis/430fcb27-a8e8-4f49-afe4-ca1328b09373
2019-07-14 03:13:02,330 INFO  server.RaftServerConfigKeys (ConfUtils.java:logGet(43)) - raft.server.log.queue.byte-limit = 2147483647 (custom)
2019-07-14 03:13:02,330 INFO  server.RaftServerConfigKeys (ConfUtils.java:logGet(43)) - raft.server.log.queue.element-limit = 1024 (custom)
2019-07-14 03:13:02,330 INFO  server.RaftServerConfigKeys (ConfUtils.java:logGet(43)) - raft.server.log.segment.size.max = 1048576 (custom)
2019-07-14 03:13:02,331 INFO  server.RaftServerConfigKeys (ConfUtils.java:logGet(43)) - raft.server.log.preallocated.size = 16384 (custom)
2019-07-14 03:13:02,331 INFO  server.RaftServerConfigKeys (ConfUtils.java:logGet(43)) - raft.server.log.write.buffer.size = 33554432 (custom)
2019-07-14 03:13:02,331 INFO  server.RaftServerConfigKeys (ConfUtils.java:logGet(43)) - raft.server.log.force.sync.num = 128 (default)
2019-07-14 03:13:02,331 INFO  server.RaftServerConfigKeys (ConfUtils.java:logGet(43)) - raft.server.log.statemachine.data.sync = true (default)
2019-07-14 03:13:02,331 INFO  server.RaftServerConfigKeys (ConfUtils.java:logGet(43)) - raft.server.log.statemachine.data.sync.timeout = 10s (default)
2019-07-14 03:13:02,331 INFO  server.RaftServerConfigKeys (ConfUtils.java:logGet(43)) - raft.server.log.statemachine.data.sync.timeout.retry = -1 (default)
2019-07-14 03:13:02,332 INFO  server.RaftServerConfigKeys (ConfUtils.java:logGet(43)) - raft.server.log.statemachine.data.caching.enabled = true (custom)
2019-07-14 03:13:02,332 INFO  segmented.SegmentedRaftLogWorker (SegmentedRaftLogWorker.java:lambda$new$0(132)) - 0e60352e-f5fb-4045-a639-8f5d9de2c68e-SegmentedRaftLogWorker:Storage Directory /tmp/workdir/hadoop-ozone/integration-test/target/test-dir/MiniOzoneClusterImpl-cb60d03d-f57a-4c54-aae4-b882482aac61/datanode-5/data/ratis/430fcb27-a8e8-4f49-afe4-ca1328b09373: flushIndex: setUnconditionally 0 -> -1
2019-07-14 03:13:02,333 INFO  server.RaftServerConfigKeys (ConfUtils.java:logGet(43)) - raft.server.snapshot.auto.trigger.enabled = true (custom)
2019-07-14 03:13:02,333 INFO  server.RaftServerConfigKeys (ConfUtils.java:logGet(43)) - raft.server.snapshot.auto.trigger.threshold = 10000 (custom)
2019-07-14 03:13:02,333 INFO  server.RaftServerConfigKeys (ConfUtils.java:logGet(43)) - raft.server.retrycache.expirytime = 600000ms (custom)
2019-07-14 03:13:02,333 INFO  impl.RaftServerImpl (RaftServerImpl.java:start(180)) - 0e60352e-f5fb-4045-a639-8f5d9de2c68e: start group-CA1328B09373
2019-07-14 03:13:02,334 INFO  impl.RaftServerImpl (RaftServerImpl.java:setRole(171)) - 0e60352e-f5fb-4045-a639-8f5d9de2c68e:group-CA1328B09373 changes role from null to FOLLOWER at term 0 for startAsFollower
2019-07-14 03:13:02,334 INFO  impl.RoleInfo (RoleInfo.java:updateAndGet(143)) - 0e60352e-f5fb-4045-a639-8f5d9de2c68e: start FollowerState
2019-07-14 03:13:02,334 INFO  util.JmxRegister (JmxRegister.java:tryRegister(44)) - Successfully registered JMX Bean with object name Ratis:service=RaftServer,group=group-CA1328B09373,id=0e60352e-f5fb-4045-a639-8f5d9de2c68e
2019-07-14 03:13:02,351 INFO  pipeline.PipelineStateManager (PipelineStateManager.java:addPipeline(56)) - Created pipeline Pipeline[ Id: 430fcb27-a8e8-4f49-afe4-ca1328b09373, Nodes: 0e60352e-f5fb-4045-a639-8f5d9de2c68e{ip: 192.168.157.236, host: trunk-nightly-k88cw-3644625431, networkLocation: /default-rack, certSerialId: null}, Type:RATIS, Factor:ONE, State:OPEN]
2019-07-14 03:13:02,373 INFO  impl.RaftServerProxy (RaftServerProxy.java:addNew(89)) - 32768c98-e2de-4941-b329-cbef58f0807d: addNew group-B25415F24AE6:[32768c98-e2de-4941-b329-cbef58f0807d:192.168.157.236:45597] returns group-B25415F24AE6:java.util.concurrent.CompletableFuture@1b8117e2[Not completed]
2019-07-14 03:13:02,375 INFO  impl.RaftServerImpl (RaftServerImpl.java:<init>(93)) - 32768c98-e2de-4941-b329-cbef58f0807d: new RaftServerImpl for group-B25415F24AE6:[32768c98-e2de-4941-b329-cbef58f0807d:192.168.157.236:45597] with ContainerStateMachine:uninitialized
2019-07-14 03:13:02,375 INFO  server.RaftServerConfigKeys (ConfUtils.java:logGet(43)) - raft.server.rpc.timeout.min = 5s (custom)
2019-07-14 03:13:02,375 INFO  server.RaftServerConfigKeys (ConfUtils.java:logGet(43)) - raft.server.rpc.timeout.max = 5200ms (custom)
2019-07-14 03:13:02,376 INFO  server.RaftServerConfigKeys (ConfUtils.java:logGet(43)) - raft.server.rpcslowness.timeout = 120s (custom)
2019-07-14 03:13:02,376 INFO  server.RaftServerConfigKeys (ConfUtils.java:logGet(43)) - raft.server.sleep.deviation.threshold = 300 (default)
2019-07-14 03:13:02,376 INFO  server.RaftServerConfigKeys (ConfUtils.java:logGet(43)) - raft.server.log.appender.install.snapshot.enabled = false (custom)
2019-07-14 03:13:02,376 INFO  impl.RaftServerImpl (ServerState.java:<init>(105)) - 32768c98-e2de-4941-b329-cbef58f0807d:group-B25415F24AE6 ConfigurationManager, init=-1: [32768c98-e2de-4941-b329-cbef58f0807d:192.168.157.236:45597], old=null, confs=<EMPTY_MAP>
2019-07-14 03:13:02,376 INFO  server.RaftServerConfigKeys (ConfUtils.java:logGet(43)) - raft.server.storage.dir = [/tmp/workdir/hadoop-ozone/integration-test/target/test-dir/MiniOzoneClusterImpl-cb60d03d-f57a-4c54-aae4-b882482aac61/datanode-6/data/ratis] (custom)
2019-07-14 03:13:02,377 INFO  storage.RaftStorageDirectory (RaftStorageDirectory.java:analyzeStorage(246)) - The storage directory /tmp/workdir/hadoop-ozone/integration-test/target/test-dir/MiniOzoneClusterImpl-cb60d03d-f57a-4c54-aae4-b882482aac61/datanode-6/data/ratis/ecb07ce6-4c9c-4752-827a-b25415f24ae6 does not exist. Creating ...
2019-07-14 03:13:02,389 INFO  storage.RaftStorageDirectory (RaftStorageDirectory.java:tryLock(328)) - Lock on /tmp/workdir/hadoop-ozone/integration-test/target/test-dir/MiniOzoneClusterImpl-cb60d03d-f57a-4c54-aae4-b882482aac61/datanode-6/data/ratis/ecb07ce6-4c9c-4752-827a-b25415f24ae6/in_use.lock acquired by nodename 8466@trunk-nightly-k88cw-3644625431
2019-07-14 03:13:02,402 INFO  storage.RaftStorage (RaftStorage.java:format(72)) - Storage directory /tmp/workdir/hadoop-ozone/integration-test/target/test-dir/MiniOzoneClusterImpl-cb60d03d-f57a-4c54-aae4-b882482aac61/datanode-6/data/ratis/ecb07ce6-4c9c-4752-827a-b25415f24ae6 has been successfully formatted.
2019-07-14 03:13:02,403 INFO  ratis.ContainerStateMachine (ContainerStateMachine.java:loadSnapshot(200)) - The snapshot info is null.Setting the last applied index to:(t:0, i:~)
2019-07-14 03:13:02,403 INFO  server.RaftServerConfigKeys (ConfUtils.java:logGet(43)) - raft.server.leader.election.timeout = 120s (custom)
2019-07-14 03:13:02,403 INFO  server.RaftServerConfigKeys (ConfUtils.java:logGet(43)) - raft.server.log.use.memory = false (default)
2019-07-14 03:13:02,403 INFO  server.RaftServerConfigKeys (ConfUtils.java:logGet(43)) - raft.server.log.purge.gap = 1000000000 (custom)
2019-07-14 03:13:02,403 INFO  server.RaftServerConfigKeys (ConfUtils.java:logGet(43)) - raft.server.log.appender.buffer.byte-limit = 33554432 (custom)
2019-07-14 03:13:02,403 INFO  server.RaftServerConfigKeys (ConfUtils.java:logGet(43)) - raft.server.log.segment.size.max = 1048576 (custom)
2019-07-14 03:13:02,404 INFO  server.RaftServerConfigKeys (ConfUtils.java:logGet(43)) - raft.server.log.segment.cache.num.max = 2 (custom)
2019-07-14 03:13:02,404 INFO  segmented.SegmentedRaftLogWorker (SegmentedRaftLogWorker.java:<init>(172)) - new 32768c98-e2de-4941-b329-cbef58f0807d-SegmentedRaftLogWorker:Storage Directory /tmp/workdir/hadoop-ozone/integration-test/target/test-dir/MiniOzoneClusterImpl-cb60d03d-f57a-4c54-aae4-b882482aac61/datanode-6/data/ratis/ecb07ce6-4c9c-4752-827a-b25415f24ae6 for RaftStorage:Storage Directory /tmp/workdir/hadoop-ozone/integration-test/target/test-dir/MiniOzoneClusterImpl-cb60d03d-f57a-4c54-aae4-b882482aac61/datanode-6/data/ratis/ecb07ce6-4c9c-4752-827a-b25415f24ae6
2019-07-14 03:13:02,404 INFO  server.RaftServerConfigKeys (ConfUtils.java:logGet(43)) - raft.server.log.queue.byte-limit = 2147483647 (custom)
2019-07-14 03:13:02,404 INFO  server.RaftServerConfigKeys (ConfUtils.java:logGet(43)) - raft.server.log.queue.element-limit = 1024 (custom)
2019-07-14 03:13:02,404 INFO  server.RaftServerConfigKeys (ConfUtils.java:logGet(43)) - raft.server.log.segment.size.max = 1048576 (custom)
2019-07-14 03:13:02,405 INFO  server.RaftServerConfigKeys (ConfUtils.java:logGet(43)) - raft.server.log.preallocated.size = 16384 (custom)
2019-07-14 03:13:02,405 INFO  server.RaftServerConfigKeys (ConfUtils.java:logGet(43)) - raft.server.log.write.buffer.size = 33554432 (custom)
2019-07-14 03:13:02,405 INFO  server.RaftServerConfigKeys (ConfUtils.java:logGet(43)) - raft.server.log.force.sync.num = 128 (default)
2019-07-14 03:13:02,405 INFO  server.RaftServerConfigKeys (ConfUtils.java:logGet(43)) - raft.server.log.statemachine.data.sync = true (default)
2019-07-14 03:13:02,405 INFO  server.RaftServerConfigKeys (ConfUtils.java:logGet(43)) - raft.server.log.statemachine.data.sync.timeout = 10s (default)
2019-07-14 03:13:02,406 INFO  server.RaftServerConfigKeys (ConfUtils.java:logGet(43)) - raft.server.log.statemachine.data.sync.timeout.retry = -1 (default)
2019-07-14 03:13:02,406 INFO  server.RaftServerConfigKeys (ConfUtils.java:logGet(43)) - raft.server.log.statemachine.data.caching.enabled = true (custom)
2019-07-14 03:13:02,406 INFO  segmented.SegmentedRaftLogWorker (SegmentedRaftLogWorker.java:lambda$new$0(132)) - 32768c98-e2de-4941-b329-cbef58f0807d-SegmentedRaftLogWorker:Storage Directory /tmp/workdir/hadoop-ozone/integration-test/target/test-dir/MiniOzoneClusterImpl-cb60d03d-f57a-4c54-aae4-b882482aac61/datanode-6/data/ratis/ecb07ce6-4c9c-4752-827a-b25415f24ae6: flushIndex: setUnconditionally 0 -> -1
2019-07-14 03:13:02,407 INFO  server.RaftServerConfigKeys (ConfUtils.java:logGet(43)) - raft.server.snapshot.auto.trigger.enabled = true (custom)
2019-07-14 03:13:02,407 INFO  server.RaftServerConfigKeys (ConfUtils.java:logGet(43)) - raft.server.snapshot.auto.trigger.threshold = 10000 (custom)
2019-07-14 03:13:02,407 INFO  server.RaftServerConfigKeys (ConfUtils.java:logGet(43)) - raft.server.retrycache.expirytime = 600000ms (custom)
2019-07-14 03:13:02,407 INFO  impl.RaftServerImpl (RaftServerImpl.java:start(180)) - 32768c98-e2de-4941-b329-cbef58f0807d: start group-B25415F24AE6
2019-07-14 03:13:02,408 INFO  impl.RaftServerImpl (RaftServerImpl.java:setRole(171)) - 32768c98-e2de-4941-b329-cbef58f0807d:group-B25415F24AE6 changes role from null to FOLLOWER at term 0 for startAsFollower
2019-07-14 03:13:02,408 INFO  impl.RoleInfo (RoleInfo.java:updateAndGet(143)) - 32768c98-e2de-4941-b329-cbef58f0807d: start FollowerState
2019-07-14 03:13:02,408 INFO  util.JmxRegister (JmxRegister.java:tryRegister(44)) - Successfully registered JMX Bean with object name Ratis:service=RaftServer,group=group-B25415F24AE6,id=32768c98-e2de-4941-b329-cbef58f0807d
2019-07-14 03:13:02,422 INFO  pipeline.PipelineStateManager (PipelineStateManager.java:addPipeline(56)) - Created pipeline Pipeline[ Id: ecb07ce6-4c9c-4752-827a-b25415f24ae6, Nodes: 32768c98-e2de-4941-b329-cbef58f0807d{ip: 192.168.157.236, host: trunk-nightly-k88cw-3644625431, networkLocation: /default-rack, certSerialId: null}, Type:RATIS, Factor:ONE, State:OPEN]
2019-07-14 03:13:02,442 INFO  impl.RaftServerProxy (RaftServerProxy.java:addNew(89)) - db55e2dc-2f84-48ad-bfe6-e5d08d1ff6d4: addNew group-0DDA9C0A8406:[db55e2dc-2f84-48ad-bfe6-e5d08d1ff6d4:192.168.157.236:45358] returns group-0DDA9C0A8406:java.util.concurrent.CompletableFuture@4bc654ea[Not completed]
2019-07-14 03:13:02,444 INFO  impl.RaftServerImpl (RaftServerImpl.java:<init>(93)) - db55e2dc-2f84-48ad-bfe6-e5d08d1ff6d4: new RaftServerImpl for group-0DDA9C0A8406:[db55e2dc-2f84-48ad-bfe6-e5d08d1ff6d4:192.168.157.236:45358] with ContainerStateMachine:uninitialized
2019-07-14 03:13:02,444 INFO  server.RaftServerConfigKeys (ConfUtils.java:logGet(43)) - raft.server.rpc.timeout.min = 5s (custom)
2019-07-14 03:13:02,444 INFO  server.RaftServerConfigKeys (ConfUtils.java:logGet(43)) - raft.server.rpc.timeout.max = 5200ms (custom)
2019-07-14 03:13:02,445 INFO  server.RaftServerConfigKeys (ConfUtils.java:logGet(43)) - raft.server.rpcslowness.timeout = 120s (custom)
2019-07-14 03:13:02,445 INFO  server.RaftServerConfigKeys (ConfUtils.java:logGet(43)) - raft.server.sleep.deviation.threshold = 300 (default)
2019-07-14 03:13:02,445 INFO  server.RaftServerConfigKeys (ConfUtils.java:logGet(43)) - raft.server.log.appender.install.snapshot.enabled = false (custom)
2019-07-14 03:13:02,445 INFO  impl.RaftServerImpl (ServerState.java:<init>(105)) - db55e2dc-2f84-48ad-bfe6-e5d08d1ff6d4:group-0DDA9C0A8406 ConfigurationManager, init=-1: [db55e2dc-2f84-48ad-bfe6-e5d08d1ff6d4:192.168.157.236:45358], old=null, confs=<EMPTY_MAP>
2019-07-14 03:13:02,445 INFO  server.RaftServerConfigKeys (ConfUtils.java:logGet(43)) - raft.server.storage.dir = [/tmp/workdir/hadoop-ozone/integration-test/target/test-dir/MiniOzoneClusterImpl-cb60d03d-f57a-4c54-aae4-b882482aac61/datanode-9/data/ratis] (custom)
2019-07-14 03:13:02,446 INFO  storage.RaftStorageDirectory (RaftStorageDirectory.java:analyzeStorage(246)) - The storage directory /tmp/workdir/hadoop-ozone/integration-test/target/test-dir/MiniOzoneClusterImpl-cb60d03d-f57a-4c54-aae4-b882482aac61/datanode-9/data/ratis/c5dc5259-1176-4634-8859-0dda9c0a8406 does not exist. Creating ...
2019-07-14 03:13:02,459 INFO  storage.RaftStorageDirectory (RaftStorageDirectory.java:tryLock(328)) - Lock on /tmp/workdir/hadoop-ozone/integration-test/target/test-dir/MiniOzoneClusterImpl-cb60d03d-f57a-4c54-aae4-b882482aac61/datanode-9/data/ratis/c5dc5259-1176-4634-8859-0dda9c0a8406/in_use.lock acquired by nodename 8466@trunk-nightly-k88cw-3644625431
2019-07-14 03:13:02,472 INFO  storage.RaftStorage (RaftStorage.java:format(72)) - Storage directory /tmp/workdir/hadoop-ozone/integration-test/target/test-dir/MiniOzoneClusterImpl-cb60d03d-f57a-4c54-aae4-b882482aac61/datanode-9/data/ratis/c5dc5259-1176-4634-8859-0dda9c0a8406 has been successfully formatted.
2019-07-14 03:13:02,473 INFO  ratis.ContainerStateMachine (ContainerStateMachine.java:loadSnapshot(200)) - The snapshot info is null.Setting the last applied index to:(t:0, i:~)
2019-07-14 03:13:02,473 INFO  server.RaftServerConfigKeys (ConfUtils.java:logGet(43)) - raft.server.leader.election.timeout = 120s (custom)
2019-07-14 03:13:02,473 INFO  server.RaftServerConfigKeys (ConfUtils.java:logGet(43)) - raft.server.log.use.memory = false (default)
2019-07-14 03:13:02,473 INFO  server.RaftServerConfigKeys (ConfUtils.java:logGet(43)) - raft.server.log.purge.gap = 1000000000 (custom)
2019-07-14 03:13:02,473 INFO  server.RaftServerConfigKeys (ConfUtils.java:logGet(43)) - raft.server.log.appender.buffer.byte-limit = 33554432 (custom)
2019-07-14 03:13:02,474 INFO  server.RaftServerConfigKeys (ConfUtils.java:logGet(43)) - raft.server.log.segment.size.max = 1048576 (custom)
2019-07-14 03:13:02,474 INFO  server.RaftServerConfigKeys (ConfUtils.java:logGet(43)) - raft.server.log.segment.cache.num.max = 2 (custom)
2019-07-14 03:13:02,474 INFO  segmented.SegmentedRaftLogWorker (SegmentedRaftLogWorker.java:<init>(172)) - new db55e2dc-2f84-48ad-bfe6-e5d08d1ff6d4-SegmentedRaftLogWorker:Storage Directory /tmp/workdir/hadoop-ozone/integration-test/target/test-dir/MiniOzoneClusterImpl-cb60d03d-f57a-4c54-aae4-b882482aac61/datanode-9/data/ratis/c5dc5259-1176-4634-8859-0dda9c0a8406 for RaftStorage:Storage Directory /tmp/workdir/hadoop-ozone/integration-test/target/test-dir/MiniOzoneClusterImpl-cb60d03d-f57a-4c54-aae4-b882482aac61/datanode-9/data/ratis/c5dc5259-1176-4634-8859-0dda9c0a8406
2019-07-14 03:13:02,474 INFO  server.RaftServerConfigKeys (ConfUtils.java:logGet(43)) - raft.server.log.queue.byte-limit = 2147483647 (custom)
2019-07-14 03:13:02,474 INFO  server.RaftServerConfigKeys (ConfUtils.java:logGet(43)) - raft.server.log.queue.element-limit = 1024 (custom)
2019-07-14 03:13:02,475 INFO  server.RaftServerConfigKeys (ConfUtils.java:logGet(43)) - raft.server.log.segment.size.max = 1048576 (custom)
2019-07-14 03:13:02,475 INFO  server.RaftServerConfigKeys (ConfUtils.java:logGet(43)) - raft.server.log.preallocated.size = 16384 (custom)
2019-07-14 03:13:02,475 INFO  server.RaftServerConfigKeys (ConfUtils.java:logGet(43)) - raft.server.log.write.buffer.size = 33554432 (custom)
2019-07-14 03:13:02,475 INFO  server.RaftServerConfigKeys (ConfUtils.java:logGet(43)) - raft.server.log.force.sync.num = 128 (default)
2019-07-14 03:13:02,475 INFO  server.RaftServerConfigKeys (ConfUtils.java:logGet(43)) - raft.server.log.statemachine.data.sync = true (default)
2019-07-14 03:13:02,476 INFO  ozone.MiniOzoneClusterImpl (MiniOzoneClusterImpl.java:lambda$waitForClusterToBeReady$0(142)) - Cluster is ready. Got 10 of 10 DN Heartbeats.
2019-07-14 03:13:02,478 INFO  server.RaftServerConfigKeys (ConfUtils.java:logGet(43)) - raft.server.log.statemachine.data.sync.timeout = 10s (default)
2019-07-14 03:13:02,479 INFO  server.RaftServerConfigKeys (ConfUtils.java:logGet(43)) - raft.server.log.statemachine.data.sync.timeout.retry = -1 (default)
2019-07-14 03:13:02,479 INFO  server.RaftServerConfigKeys (ConfUtils.java:logGet(43)) - raft.server.log.statemachine.data.caching.enabled = true (custom)
2019-07-14 03:13:02,480 INFO  segmented.SegmentedRaftLogWorker (SegmentedRaftLogWorker.java:lambda$new$0(132)) - db55e2dc-2f84-48ad-bfe6-e5d08d1ff6d4-SegmentedRaftLogWorker:Storage Directory /tmp/workdir/hadoop-ozone/integration-test/target/test-dir/MiniOzoneClusterImpl-cb60d03d-f57a-4c54-aae4-b882482aac61/datanode-9/data/ratis/c5dc5259-1176-4634-8859-0dda9c0a8406: flushIndex: setUnconditionally 0 -> -1
2019-07-14 03:13:02,480 INFO  server.RaftServerConfigKeys (ConfUtils.java:logGet(43)) - raft.server.snapshot.auto.trigger.enabled = true (custom)
2019-07-14 03:13:02,480 INFO  server.RaftServerConfigKeys (ConfUtils.java:logGet(43)) - raft.server.snapshot.auto.trigger.threshold = 10000 (custom)
2019-07-14 03:13:02,480 INFO  server.RaftServerConfigKeys (ConfUtils.java:logGet(43)) - raft.server.retrycache.expirytime = 600000ms (custom)
2019-07-14 03:13:02,481 INFO  impl.RaftServerImpl (RaftServerImpl.java:start(180)) - db55e2dc-2f84-48ad-bfe6-e5d08d1ff6d4: start group-0DDA9C0A8406
2019-07-14 03:13:02,481 INFO  impl.RaftServerImpl (RaftServerImpl.java:setRole(171)) - db55e2dc-2f84-48ad-bfe6-e5d08d1ff6d4:group-0DDA9C0A8406 changes role from null to FOLLOWER at term 0 for startAsFollower
2019-07-14 03:13:02,481 INFO  impl.RoleInfo (RoleInfo.java:updateAndGet(143)) - db55e2dc-2f84-48ad-bfe6-e5d08d1ff6d4: start FollowerState
2019-07-14 03:13:02,481 INFO  util.JmxRegister (JmxRegister.java:tryRegister(44)) - Successfully registered JMX Bean with object name Ratis:service=RaftServer,group=group-0DDA9C0A8406,id=db55e2dc-2f84-48ad-bfe6-e5d08d1ff6d4
2019-07-14 03:13:02,508 INFO  pipeline.PipelineStateManager (PipelineStateManager.java:addPipeline(56)) - Created pipeline Pipeline[ Id: c5dc5259-1176-4634-8859-0dda9c0a8406, Nodes: db55e2dc-2f84-48ad-bfe6-e5d08d1ff6d4{ip: 192.168.157.236, host: trunk-nightly-k88cw-3644625431, networkLocation: /default-rack, certSerialId: null}, Type:RATIS, Factor:ONE, State:OPEN]
2019-07-14 03:13:02,528 INFO  impl.RaftServerProxy (RaftServerProxy.java:addNew(89)) - 30c25743-4f02-4fca-bc89-96f5d03206f9: addNew group-E681CE41C483:[30c25743-4f02-4fca-bc89-96f5d03206f9:192.168.157.236:44960] returns group-E681CE41C483:java.util.concurrent.CompletableFuture@3a21fa37[Not completed]
2019-07-14 03:13:02,530 INFO  impl.RaftServerImpl (RaftServerImpl.java:<init>(93)) - 30c25743-4f02-4fca-bc89-96f5d03206f9: new RaftServerImpl for group-E681CE41C483:[30c25743-4f02-4fca-bc89-96f5d03206f9:192.168.157.236:44960] with ContainerStateMachine:uninitialized
2019-07-14 03:13:02,530 INFO  server.RaftServerConfigKeys (ConfUtils.java:logGet(43)) - raft.server.rpc.timeout.min = 5s (custom)
2019-07-14 03:13:02,530 INFO  server.RaftServerConfigKeys (ConfUtils.java:logGet(43)) - raft.server.rpc.timeout.max = 5200ms (custom)
2019-07-14 03:13:02,530 INFO  server.RaftServerConfigKeys (ConfUtils.java:logGet(43)) - raft.server.rpcslowness.timeout = 120s (custom)
2019-07-14 03:13:02,530 INFO  server.RaftServerConfigKeys (ConfUtils.java:logGet(43)) - raft.server.sleep.deviation.threshold = 300 (default)
2019-07-14 03:13:02,530 INFO  server.RaftServerConfigKeys (ConfUtils.java:logGet(43)) - raft.server.log.appender.install.snapshot.enabled = false (custom)
2019-07-14 03:13:02,531 INFO  impl.RaftServerImpl (ServerState.java:<init>(105)) - 30c25743-4f02-4fca-bc89-96f5d03206f9:group-E681CE41C483 ConfigurationManager, init=-1: [30c25743-4f02-4fca-bc89-96f5d03206f9:192.168.157.236:44960], old=null, confs=<EMPTY_MAP>
2019-07-14 03:13:02,531 INFO  server.RaftServerConfigKeys (ConfUtils.java:logGet(43)) - raft.server.storage.dir = [/tmp/workdir/hadoop-ozone/integration-test/target/test-dir/MiniOzoneClusterImpl-cb60d03d-f57a-4c54-aae4-b882482aac61/datanode-2/data/ratis] (custom)
2019-07-14 03:13:02,531 INFO  storage.RaftStorageDirectory (RaftStorageDirectory.java:analyzeStorage(246)) - The storage directory /tmp/workdir/hadoop-ozone/integration-test/target/test-dir/MiniOzoneClusterImpl-cb60d03d-f57a-4c54-aae4-b882482aac61/datanode-2/data/ratis/11ce9f86-758e-4d75-8af7-e681ce41c483 does not exist. Creating ...
2019-07-14 03:13:02,544 INFO  storage.RaftStorageDirectory (RaftStorageDirectory.java:tryLock(328)) - Lock on /tmp/workdir/hadoop-ozone/integration-test/target/test-dir/MiniOzoneClusterImpl-cb60d03d-f57a-4c54-aae4-b882482aac61/datanode-2/data/ratis/11ce9f86-758e-4d75-8af7-e681ce41c483/in_use.lock acquired by nodename 8466@trunk-nightly-k88cw-3644625431
2019-07-14 03:13:02,560 INFO  storage.RaftStorage (RaftStorage.java:format(72)) - Storage directory /tmp/workdir/hadoop-ozone/integration-test/target/test-dir/MiniOzoneClusterImpl-cb60d03d-f57a-4c54-aae4-b882482aac61/datanode-2/data/ratis/11ce9f86-758e-4d75-8af7-e681ce41c483 has been successfully formatted.
2019-07-14 03:13:02,565 INFO  ratis.ContainerStateMachine (ContainerStateMachine.java:loadSnapshot(200)) - The snapshot info is null.Setting the last applied index to:(t:0, i:~)
2019-07-14 03:13:02,565 INFO  server.RaftServerConfigKeys (ConfUtils.java:logGet(43)) - raft.server.leader.election.timeout = 120s (custom)
2019-07-14 03:13:02,565 INFO  server.RaftServerConfigKeys (ConfUtils.java:logGet(43)) - raft.server.log.use.memory = false (default)
2019-07-14 03:13:02,566 INFO  server.RaftServerConfigKeys (ConfUtils.java:logGet(43)) - raft.server.log.purge.gap = 1000000000 (custom)
2019-07-14 03:13:02,566 INFO  server.RaftServerConfigKeys (ConfUtils.java:logGet(43)) - raft.server.log.appender.buffer.byte-limit = 33554432 (custom)
2019-07-14 03:13:02,566 INFO  server.RaftServerConfigKeys (ConfUtils.java:logGet(43)) - raft.server.log.segment.size.max = 1048576 (custom)
2019-07-14 03:13:02,566 INFO  server.RaftServerConfigKeys (ConfUtils.java:logGet(43)) - raft.server.log.segment.cache.num.max = 2 (custom)
2019-07-14 03:13:02,566 INFO  segmented.SegmentedRaftLogWorker (SegmentedRaftLogWorker.java:<init>(172)) - new 30c25743-4f02-4fca-bc89-96f5d03206f9-SegmentedRaftLogWorker:Storage Directory /tmp/workdir/hadoop-ozone/integration-test/target/test-dir/MiniOzoneClusterImpl-cb60d03d-f57a-4c54-aae4-b882482aac61/datanode-2/data/ratis/11ce9f86-758e-4d75-8af7-e681ce41c483 for RaftStorage:Storage Directory /tmp/workdir/hadoop-ozone/integration-test/target/test-dir/MiniOzoneClusterImpl-cb60d03d-f57a-4c54-aae4-b882482aac61/datanode-2/data/ratis/11ce9f86-758e-4d75-8af7-e681ce41c483
2019-07-14 03:13:02,567 INFO  server.RaftServerConfigKeys (ConfUtils.java:logGet(43)) - raft.server.log.queue.byte-limit = 2147483647 (custom)
2019-07-14 03:13:02,567 INFO  server.RaftServerConfigKeys (ConfUtils.java:logGet(43)) - raft.server.log.queue.element-limit = 1024 (custom)
2019-07-14 03:13:02,567 INFO  server.RaftServerConfigKeys (ConfUtils.java:logGet(43)) - raft.server.log.segment.size.max = 1048576 (custom)
2019-07-14 03:13:02,567 INFO  server.RaftServerConfigKeys (ConfUtils.java:logGet(43)) - raft.server.log.preallocated.size = 16384 (custom)
2019-07-14 03:13:02,567 INFO  server.RaftServerConfigKeys (ConfUtils.java:logGet(43)) - raft.server.log.write.buffer.size = 33554432 (custom)
2019-07-14 03:13:02,567 INFO  server.RaftServerConfigKeys (ConfUtils.java:logGet(43)) - raft.server.log.force.sync.num = 128 (default)
2019-07-14 03:13:02,568 INFO  server.RaftServerConfigKeys (ConfUtils.java:logGet(43)) - raft.server.log.statemachine.data.sync = true (default)
2019-07-14 03:13:02,568 INFO  server.RaftServerConfigKeys (ConfUtils.java:logGet(43)) - raft.server.log.statemachine.data.sync.timeout = 10s (default)
2019-07-14 03:13:02,568 INFO  server.RaftServerConfigKeys (ConfUtils.java:logGet(43)) - raft.server.log.statemachine.data.sync.timeout.retry = -1 (default)
2019-07-14 03:13:02,568 INFO  server.RaftServerConfigKeys (ConfUtils.java:logGet(43)) - raft.server.log.statemachine.data.caching.enabled = true (custom)
2019-07-14 03:13:02,569 INFO  segmented.SegmentedRaftLogWorker (SegmentedRaftLogWorker.java:lambda$new$0(132)) - 30c25743-4f02-4fca-bc89-96f5d03206f9-SegmentedRaftLogWorker:Storage Directory /tmp/workdir/hadoop-ozone/integration-test/target/test-dir/MiniOzoneClusterImpl-cb60d03d-f57a-4c54-aae4-b882482aac61/datanode-2/data/ratis/11ce9f86-758e-4d75-8af7-e681ce41c483: flushIndex: setUnconditionally 0 -> -1
2019-07-14 03:13:02,569 INFO  server.RaftServerConfigKeys (ConfUtils.java:logGet(43)) - raft.server.snapshot.auto.trigger.enabled = true (custom)
2019-07-14 03:13:02,569 INFO  server.RaftServerConfigKeys (ConfUtils.java:logGet(43)) - raft.server.snapshot.auto.trigger.threshold = 10000 (custom)
2019-07-14 03:13:02,569 INFO  server.RaftServerConfigKeys (ConfUtils.java:logGet(43)) - raft.server.retrycache.expirytime = 600000ms (custom)
2019-07-14 03:13:02,570 INFO  impl.RaftServerImpl (RaftServerImpl.java:start(180)) - 30c25743-4f02-4fca-bc89-96f5d03206f9: start group-E681CE41C483
2019-07-14 03:13:02,570 INFO  impl.RaftServerImpl (RaftServerImpl.java:setRole(171)) - 30c25743-4f02-4fca-bc89-96f5d03206f9:group-E681CE41C483 changes role from null to FOLLOWER at term 0 for startAsFollower
2019-07-14 03:13:02,570 INFO  impl.RoleInfo (RoleInfo.java:updateAndGet(143)) - 30c25743-4f02-4fca-bc89-96f5d03206f9: start FollowerState
2019-07-14 03:13:02,570 INFO  util.JmxRegister (JmxRegister.java:tryRegister(44)) - Successfully registered JMX Bean with object name Ratis:service=RaftServer,group=group-E681CE41C483,id=30c25743-4f02-4fca-bc89-96f5d03206f9
2019-07-14 03:13:02,594 INFO  pipeline.PipelineStateManager (PipelineStateManager.java:addPipeline(56)) - Created pipeline Pipeline[ Id: 11ce9f86-758e-4d75-8af7-e681ce41c483, Nodes: 30c25743-4f02-4fca-bc89-96f5d03206f9{ip: 192.168.157.236, host: trunk-nightly-k88cw-3644625431, networkLocation: /default-rack, certSerialId: null}, Type:RATIS, Factor:ONE, State:OPEN]
2019-07-14 03:13:02,615 INFO  impl.RaftServerProxy (RaftServerProxy.java:addNew(89)) - c7a0e152-31f3-4073-9a76-7e483665e3d6: addNew group-789C55EDEA02:[c7a0e152-31f3-4073-9a76-7e483665e3d6:192.168.157.236:39551] returns group-789C55EDEA02:java.util.concurrent.CompletableFuture@4737c9c8[Not completed]
2019-07-14 03:13:02,616 INFO  impl.RaftServerImpl (RaftServerImpl.java:<init>(93)) - c7a0e152-31f3-4073-9a76-7e483665e3d6: new RaftServerImpl for group-789C55EDEA02:[c7a0e152-31f3-4073-9a76-7e483665e3d6:192.168.157.236:39551] with ContainerStateMachine:uninitialized
2019-07-14 03:13:02,617 INFO  server.RaftServerConfigKeys (ConfUtils.java:logGet(43)) - raft.server.rpc.timeout.min = 5s (custom)
2019-07-14 03:13:02,617 INFO  server.RaftServerConfigKeys (ConfUtils.java:logGet(43)) - raft.server.rpc.timeout.max = 5200ms (custom)
2019-07-14 03:13:02,617 INFO  server.RaftServerConfigKeys (ConfUtils.java:logGet(43)) - raft.server.rpcslowness.timeout = 120s (custom)
2019-07-14 03:13:02,617 INFO  server.RaftServerConfigKeys (ConfUtils.java:logGet(43)) - raft.server.sleep.deviation.threshold = 300 (default)
2019-07-14 03:13:02,617 INFO  server.RaftServerConfigKeys (ConfUtils.java:logGet(43)) - raft.server.log.appender.install.snapshot.enabled = false (custom)
2019-07-14 03:13:02,617 INFO  impl.RaftServerImpl (ServerState.java:<init>(105)) - c7a0e152-31f3-4073-9a76-7e483665e3d6:group-789C55EDEA02 ConfigurationManager, init=-1: [c7a0e152-31f3-4073-9a76-7e483665e3d6:192.168.157.236:39551], old=null, confs=<EMPTY_MAP>
2019-07-14 03:13:02,618 INFO  server.RaftServerConfigKeys (ConfUtils.java:logGet(43)) - raft.server.storage.dir = [/tmp/workdir/hadoop-ozone/integration-test/target/test-dir/MiniOzoneClusterImpl-cb60d03d-f57a-4c54-aae4-b882482aac61/datanode-3/data/ratis] (custom)
2019-07-14 03:13:02,618 INFO  storage.RaftStorageDirectory (RaftStorageDirectory.java:analyzeStorage(246)) - The storage directory /tmp/workdir/hadoop-ozone/integration-test/target/test-dir/MiniOzoneClusterImpl-cb60d03d-f57a-4c54-aae4-b882482aac61/datanode-3/data/ratis/69e2926a-c8e8-4ed7-b696-789c55edea02 does not exist. Creating ...
2019-07-14 03:13:02,631 INFO  storage.RaftStorageDirectory (RaftStorageDirectory.java:tryLock(328)) - Lock on /tmp/workdir/hadoop-ozone/integration-test/target/test-dir/MiniOzoneClusterImpl-cb60d03d-f57a-4c54-aae4-b882482aac61/datanode-3/data/ratis/69e2926a-c8e8-4ed7-b696-789c55edea02/in_use.lock acquired by nodename 8466@trunk-nightly-k88cw-3644625431
2019-07-14 03:13:02,644 INFO  storage.RaftStorage (RaftStorage.java:format(72)) - Storage directory /tmp/workdir/hadoop-ozone/integration-test/target/test-dir/MiniOzoneClusterImpl-cb60d03d-f57a-4c54-aae4-b882482aac61/datanode-3/data/ratis/69e2926a-c8e8-4ed7-b696-789c55edea02 has been successfully formatted.
2019-07-14 03:13:02,644 INFO  ratis.ContainerStateMachine (ContainerStateMachine.java:loadSnapshot(200)) - The snapshot info is null.Setting the last applied index to:(t:0, i:~)
2019-07-14 03:13:02,645 INFO  server.RaftServerConfigKeys (ConfUtils.java:logGet(43)) - raft.server.leader.election.timeout = 120s (custom)
2019-07-14 03:13:02,645 INFO  server.RaftServerConfigKeys (ConfUtils.java:logGet(43)) - raft.server.log.use.memory = false (default)
2019-07-14 03:13:02,645 INFO  server.RaftServerConfigKeys (ConfUtils.java:logGet(43)) - raft.server.log.purge.gap = 1000000000 (custom)
2019-07-14 03:13:02,645 INFO  server.RaftServerConfigKeys (ConfUtils.java:logGet(43)) - raft.server.log.appender.buffer.byte-limit = 33554432 (custom)
2019-07-14 03:13:02,645 INFO  server.RaftServerConfigKeys (ConfUtils.java:logGet(43)) - raft.server.log.segment.size.max = 1048576 (custom)
2019-07-14 03:13:02,645 INFO  server.RaftServerConfigKeys (ConfUtils.java:logGet(43)) - raft.server.log.segment.cache.num.max = 2 (custom)
2019-07-14 03:13:02,646 INFO  segmented.SegmentedRaftLogWorker (SegmentedRaftLogWorker.java:<init>(172)) - new c7a0e152-31f3-4073-9a76-7e483665e3d6-SegmentedRaftLogWorker:Storage Directory /tmp/workdir/hadoop-ozone/integration-test/target/test-dir/MiniOzoneClusterImpl-cb60d03d-f57a-4c54-aae4-b882482aac61/datanode-3/data/ratis/69e2926a-c8e8-4ed7-b696-789c55edea02 for RaftStorage:Storage Directory /tmp/workdir/hadoop-ozone/integration-test/target/test-dir/MiniOzoneClusterImpl-cb60d03d-f57a-4c54-aae4-b882482aac61/datanode-3/data/ratis/69e2926a-c8e8-4ed7-b696-789c55edea02
2019-07-14 03:13:02,646 INFO  server.RaftServerConfigKeys (ConfUtils.java:logGet(43)) - raft.server.log.queue.byte-limit = 2147483647 (custom)
2019-07-14 03:13:02,646 INFO  server.RaftServerConfigKeys (ConfUtils.java:logGet(43)) - raft.server.log.queue.element-limit = 1024 (custom)
2019-07-14 03:13:02,646 INFO  server.RaftServerConfigKeys (ConfUtils.java:logGet(43)) - raft.server.log.segment.size.max = 1048576 (custom)
2019-07-14 03:13:02,646 INFO  server.RaftServerConfigKeys (ConfUtils.java:logGet(43)) - raft.server.log.preallocated.size = 16384 (custom)
2019-07-14 03:13:02,647 INFO  server.RaftServerConfigKeys (ConfUtils.java:logGet(43)) - raft.server.log.write.buffer.size = 33554432 (custom)
2019-07-14 03:13:02,647 INFO  server.RaftServerConfigKeys (ConfUtils.java:logGet(43)) - raft.server.log.force.sync.num = 128 (default)
2019-07-14 03:13:02,647 INFO  server.RaftServerConfigKeys (ConfUtils.java:logGet(43)) - raft.server.log.statemachine.data.sync = true (default)
2019-07-14 03:13:02,647 INFO  server.RaftServerConfigKeys (ConfUtils.java:logGet(43)) - raft.server.log.statemachine.data.sync.timeout = 10s (default)
2019-07-14 03:13:02,647 INFO  server.RaftServerConfigKeys (ConfUtils.java:logGet(43)) - raft.server.log.statemachine.data.sync.timeout.retry = -1 (default)
2019-07-14 03:13:02,648 INFO  server.RaftServerConfigKeys (ConfUtils.java:logGet(43)) - raft.server.log.statemachine.data.caching.enabled = true (custom)
2019-07-14 03:13:02,648 INFO  segmented.SegmentedRaftLogWorker (SegmentedRaftLogWorker.java:lambda$new$0(132)) - c7a0e152-31f3-4073-9a76-7e483665e3d6-SegmentedRaftLogWorker:Storage Directory /tmp/workdir/hadoop-ozone/integration-test/target/test-dir/MiniOzoneClusterImpl-cb60d03d-f57a-4c54-aae4-b882482aac61/datanode-3/data/ratis/69e2926a-c8e8-4ed7-b696-789c55edea02: flushIndex: setUnconditionally 0 -> -1
2019-07-14 03:13:02,648 INFO  server.RaftServerConfigKeys (ConfUtils.java:logGet(43)) - raft.server.snapshot.auto.trigger.enabled = true (custom)
2019-07-14 03:13:02,649 INFO  server.RaftServerConfigKeys (ConfUtils.java:logGet(43)) - raft.server.snapshot.auto.trigger.threshold = 10000 (custom)
2019-07-14 03:13:02,649 INFO  server.RaftServerConfigKeys (ConfUtils.java:logGet(43)) - raft.server.retrycache.expirytime = 600000ms (custom)
2019-07-14 03:13:02,649 INFO  impl.RaftServerImpl (RaftServerImpl.java:start(180)) - c7a0e152-31f3-4073-9a76-7e483665e3d6: start group-789C55EDEA02
2019-07-14 03:13:02,649 INFO  impl.RaftServerImpl (RaftServerImpl.java:setRole(171)) - c7a0e152-31f3-4073-9a76-7e483665e3d6:group-789C55EDEA02 changes role from null to FOLLOWER at term 0 for startAsFollower
2019-07-14 03:13:02,649 INFO  impl.RoleInfo (RoleInfo.java:updateAndGet(143)) - c7a0e152-31f3-4073-9a76-7e483665e3d6: start FollowerState
2019-07-14 03:13:02,650 INFO  util.JmxRegister (JmxRegister.java:tryRegister(44)) - Successfully registered JMX Bean with object name Ratis:service=RaftServer,group=group-789C55EDEA02,id=c7a0e152-31f3-4073-9a76-7e483665e3d6
2019-07-14 03:13:02,665 INFO  pipeline.PipelineStateManager (PipelineStateManager.java:addPipeline(56)) - Created pipeline Pipeline[ Id: 69e2926a-c8e8-4ed7-b696-789c55edea02, Nodes: c7a0e152-31f3-4073-9a76-7e483665e3d6{ip: 192.168.157.236, host: trunk-nightly-k88cw-3644625431, networkLocation: /default-rack, certSerialId: null}, Type:RATIS, Factor:ONE, State:OPEN]
2019-07-14 03:13:02,691 INFO  impl.RaftServerProxy (RaftServerProxy.java:addNew(89)) - cefac542-4bc5-4af4-a5e6-8330cc59eed9: addNew group-618B8C7564C7:[cefac542-4bc5-4af4-a5e6-8330cc59eed9:192.168.157.236:46384] returns group-618B8C7564C7:java.util.concurrent.CompletableFuture@2d003395[Not completed]
2019-07-14 03:13:02,693 INFO  impl.RaftServerImpl (RaftServerImpl.java:<init>(93)) - cefac542-4bc5-4af4-a5e6-8330cc59eed9: new RaftServerImpl for group-618B8C7564C7:[cefac542-4bc5-4af4-a5e6-8330cc59eed9:192.168.157.236:46384] with ContainerStateMachine:uninitialized
2019-07-14 03:13:02,693 INFO  server.RaftServerConfigKeys (ConfUtils.java:logGet(43)) - raft.server.rpc.timeout.min = 5s (custom)
2019-07-14 03:13:02,693 INFO  server.RaftServerConfigKeys (ConfUtils.java:logGet(43)) - raft.server.rpc.timeout.max = 5200ms (custom)
2019-07-14 03:13:02,693 INFO  server.RaftServerConfigKeys (ConfUtils.java:logGet(43)) - raft.server.rpcslowness.timeout = 120s (custom)
2019-07-14 03:13:02,693 INFO  server.RaftServerConfigKeys (ConfUtils.java:logGet(43)) - raft.server.sleep.deviation.threshold = 300 (default)
2019-07-14 03:13:02,693 INFO  server.RaftServerConfigKeys (ConfUtils.java:logGet(43)) - raft.server.log.appender.install.snapshot.enabled = false (custom)
2019-07-14 03:13:02,693 INFO  impl.RaftServerImpl (ServerState.java:<init>(105)) - cefac542-4bc5-4af4-a5e6-8330cc59eed9:group-618B8C7564C7 ConfigurationManager, init=-1: [cefac542-4bc5-4af4-a5e6-8330cc59eed9:192.168.157.236:46384], old=null, confs=<EMPTY_MAP>
2019-07-14 03:13:02,694 INFO  server.RaftServerConfigKeys (ConfUtils.java:logGet(43)) - raft.server.storage.dir = [/tmp/workdir/hadoop-ozone/integration-test/target/test-dir/MiniOzoneClusterImpl-cb60d03d-f57a-4c54-aae4-b882482aac61/datanode-8/data/ratis] (custom)
2019-07-14 03:13:02,694 INFO  storage.RaftStorageDirectory (RaftStorageDirectory.java:analyzeStorage(246)) - The storage directory /tmp/workdir/hadoop-ozone/integration-test/target/test-dir/MiniOzoneClusterImpl-cb60d03d-f57a-4c54-aae4-b882482aac61/datanode-8/data/ratis/4d2e096e-5451-4622-bc8f-618b8c7564c7 does not exist. Creating ...
2019-07-14 03:13:02,706 INFO  storage.RaftStorageDirectory (RaftStorageDirectory.java:tryLock(328)) - Lock on /tmp/workdir/hadoop-ozone/integration-test/target/test-dir/MiniOzoneClusterImpl-cb60d03d-f57a-4c54-aae4-b882482aac61/datanode-8/data/ratis/4d2e096e-5451-4622-bc8f-618b8c7564c7/in_use.lock acquired by nodename 8466@trunk-nightly-k88cw-3644625431
2019-07-14 03:13:02,719 INFO  storage.RaftStorage (RaftStorage.java:format(72)) - Storage directory /tmp/workdir/hadoop-ozone/integration-test/target/test-dir/MiniOzoneClusterImpl-cb60d03d-f57a-4c54-aae4-b882482aac61/datanode-8/data/ratis/4d2e096e-5451-4622-bc8f-618b8c7564c7 has been successfully formatted.
2019-07-14 03:13:02,720 INFO  ratis.ContainerStateMachine (ContainerStateMachine.java:loadSnapshot(200)) - The snapshot info is null.Setting the last applied index to:(t:0, i:~)
2019-07-14 03:13:02,720 INFO  server.RaftServerConfigKeys (ConfUtils.java:logGet(43)) - raft.server.leader.election.timeout = 120s (custom)
2019-07-14 03:13:02,720 INFO  server.RaftServerConfigKeys (ConfUtils.java:logGet(43)) - raft.server.log.use.memory = false (default)
2019-07-14 03:13:02,720 INFO  server.RaftServerConfigKeys (ConfUtils.java:logGet(43)) - raft.server.log.purge.gap = 1000000000 (custom)
2019-07-14 03:13:02,720 INFO  server.RaftServerConfigKeys (ConfUtils.java:logGet(43)) - raft.server.log.appender.buffer.byte-limit = 33554432 (custom)
2019-07-14 03:13:02,720 INFO  server.RaftServerConfigKeys (ConfUtils.java:logGet(43)) - raft.server.log.segment.size.max = 1048576 (custom)
2019-07-14 03:13:02,720 INFO  server.RaftServerConfigKeys (ConfUtils.java:logGet(43)) - raft.server.log.segment.cache.num.max = 2 (custom)
2019-07-14 03:13:02,721 INFO  segmented.SegmentedRaftLogWorker (SegmentedRaftLogWorker.java:<init>(172)) - new cefac542-4bc5-4af4-a5e6-8330cc59eed9-SegmentedRaftLogWorker:Storage Directory /tmp/workdir/hadoop-ozone/integration-test/target/test-dir/MiniOzoneClusterImpl-cb60d03d-f57a-4c54-aae4-b882482aac61/datanode-8/data/ratis/4d2e096e-5451-4622-bc8f-618b8c7564c7 for RaftStorage:Storage Directory /tmp/workdir/hadoop-ozone/integration-test/target/test-dir/MiniOzoneClusterImpl-cb60d03d-f57a-4c54-aae4-b882482aac61/datanode-8/data/ratis/4d2e096e-5451-4622-bc8f-618b8c7564c7
2019-07-14 03:13:02,721 INFO  server.RaftServerConfigKeys (ConfUtils.java:logGet(43)) - raft.server.log.queue.byte-limit = 2147483647 (custom)
2019-07-14 03:13:02,721 INFO  server.RaftServerConfigKeys (ConfUtils.java:logGet(43)) - raft.server.log.queue.element-limit = 1024 (custom)
2019-07-14 03:13:02,721 INFO  server.RaftServerConfigKeys (ConfUtils.java:logGet(43)) - raft.server.log.segment.size.max = 1048576 (custom)
2019-07-14 03:13:02,721 INFO  server.RaftServerConfigKeys (ConfUtils.java:logGet(43)) - raft.server.log.preallocated.size = 16384 (custom)
2019-07-14 03:13:02,722 INFO  server.RaftServerConfigKeys (ConfUtils.java:logGet(43)) - raft.server.log.write.buffer.size = 33554432 (custom)
2019-07-14 03:13:02,722 INFO  server.RaftServerConfigKeys (ConfUtils.java:logGet(43)) - raft.server.log.force.sync.num = 128 (default)
2019-07-14 03:13:02,722 INFO  server.RaftServerConfigKeys (ConfUtils.java:logGet(43)) - raft.server.log.statemachine.data.sync = true (default)
2019-07-14 03:13:02,722 INFO  server.RaftServerConfigKeys (ConfUtils.java:logGet(43)) - raft.server.log.statemachine.data.sync.timeout = 10s (default)
2019-07-14 03:13:02,722 INFO  server.RaftServerConfigKeys (ConfUtils.java:logGet(43)) - raft.server.log.statemachine.data.sync.timeout.retry = -1 (default)
2019-07-14 03:13:02,723 INFO  server.RaftServerConfigKeys (ConfUtils.java:logGet(43)) - raft.server.log.statemachine.data.caching.enabled = true (custom)
2019-07-14 03:13:02,723 INFO  segmented.SegmentedRaftLogWorker (SegmentedRaftLogWorker.java:lambda$new$0(132)) - cefac542-4bc5-4af4-a5e6-8330cc59eed9-SegmentedRaftLogWorker:Storage Directory /tmp/workdir/hadoop-ozone/integration-test/target/test-dir/MiniOzoneClusterImpl-cb60d03d-f57a-4c54-aae4-b882482aac61/datanode-8/data/ratis/4d2e096e-5451-4622-bc8f-618b8c7564c7: flushIndex: setUnconditionally 0 -> -1
2019-07-14 03:13:02,723 INFO  server.RaftServerConfigKeys (ConfUtils.java:logGet(43)) - raft.server.snapshot.auto.trigger.enabled = true (custom)
2019-07-14 03:13:02,723 INFO  server.RaftServerConfigKeys (ConfUtils.java:logGet(43)) - raft.server.snapshot.auto.trigger.threshold = 10000 (custom)
2019-07-14 03:13:02,724 INFO  server.RaftServerConfigKeys (ConfUtils.java:logGet(43)) - raft.server.retrycache.expirytime = 600000ms (custom)
2019-07-14 03:13:02,724 INFO  impl.RaftServerImpl (RaftServerImpl.java:start(180)) - cefac542-4bc5-4af4-a5e6-8330cc59eed9: start group-618B8C7564C7
2019-07-14 03:13:02,724 INFO  impl.RaftServerImpl (RaftServerImpl.java:setRole(171)) - cefac542-4bc5-4af4-a5e6-8330cc59eed9:group-618B8C7564C7 changes role from null to FOLLOWER at term 0 for startAsFollower
2019-07-14 03:13:02,724 INFO  impl.RoleInfo (RoleInfo.java:updateAndGet(143)) - cefac542-4bc5-4af4-a5e6-8330cc59eed9: start FollowerState
2019-07-14 03:13:02,725 INFO  util.JmxRegister (JmxRegister.java:tryRegister(44)) - Successfully registered JMX Bean with object name Ratis:service=RaftServer,group=group-618B8C7564C7,id=cefac542-4bc5-4af4-a5e6-8330cc59eed9
2019-07-14 03:13:02,737 INFO  pipeline.PipelineStateManager (PipelineStateManager.java:addPipeline(56)) - Created pipeline Pipeline[ Id: 4d2e096e-5451-4622-bc8f-618b8c7564c7, Nodes: cefac542-4bc5-4af4-a5e6-8330cc59eed9{ip: 192.168.157.236, host: trunk-nightly-k88cw-3644625431, networkLocation: /default-rack, certSerialId: null}, Type:RATIS, Factor:ONE, State:OPEN]
2019-07-14 03:13:02,775 INFO  impl.RaftServerProxy (RaftServerProxy.java:addNew(89)) - 27783468-ffde-4713-831d-aaf1e00189c6: addNew group-6741FD601A89:[835c9c09-ec1b-4b02-b4b4-41c8dbc3d3a5:192.168.157.236:36716, 0b03543f-d8a9-4e23-a6ad-7779f4dc574c:192.168.157.236:43441, 27783468-ffde-4713-831d-aaf1e00189c6:192.168.157.236:35009] returns group-6741FD601A89:java.util.concurrent.CompletableFuture@3e42ae32[Not completed]
2019-07-14 03:13:02,777 INFO  impl.RaftServerProxy (RaftServerProxy.java:addNew(89)) - 0b03543f-d8a9-4e23-a6ad-7779f4dc574c: addNew group-6741FD601A89:[835c9c09-ec1b-4b02-b4b4-41c8dbc3d3a5:192.168.157.236:36716, 0b03543f-d8a9-4e23-a6ad-7779f4dc574c:192.168.157.236:43441, 27783468-ffde-4713-831d-aaf1e00189c6:192.168.157.236:35009] returns group-6741FD601A89:java.util.concurrent.CompletableFuture@4ff42efd[Not completed]
2019-07-14 03:13:02,778 INFO  impl.RaftServerProxy (RaftServerProxy.java:addNew(89)) - 835c9c09-ec1b-4b02-b4b4-41c8dbc3d3a5: addNew group-6741FD601A89:[835c9c09-ec1b-4b02-b4b4-41c8dbc3d3a5:192.168.157.236:36716, 0b03543f-d8a9-4e23-a6ad-7779f4dc574c:192.168.157.236:43441, 27783468-ffde-4713-831d-aaf1e00189c6:192.168.157.236:35009] returns group-6741FD601A89:java.util.concurrent.CompletableFuture@2303ca22[Not completed]
2019-07-14 03:13:02,778 INFO  impl.RaftServerImpl (RaftServerImpl.java:<init>(93)) - 27783468-ffde-4713-831d-aaf1e00189c6: new RaftServerImpl for group-6741FD601A89:[835c9c09-ec1b-4b02-b4b4-41c8dbc3d3a5:192.168.157.236:36716, 0b03543f-d8a9-4e23-a6ad-7779f4dc574c:192.168.157.236:43441, 27783468-ffde-4713-831d-aaf1e00189c6:192.168.157.236:35009] with ContainerStateMachine:uninitialized
2019-07-14 03:13:02,778 INFO  server.RaftServerConfigKeys (ConfUtils.java:logGet(43)) - raft.server.rpc.timeout.min = 5s (custom)
2019-07-14 03:13:02,779 INFO  server.RaftServerConfigKeys (ConfUtils.java:logGet(43)) - raft.server.rpc.timeout.max = 5200ms (custom)
2019-07-14 03:13:02,779 INFO  server.RaftServerConfigKeys (ConfUtils.java:logGet(43)) - raft.server.rpcslowness.timeout = 120s (custom)
2019-07-14 03:13:02,779 INFO  server.RaftServerConfigKeys (ConfUtils.java:logGet(43)) - raft.server.sleep.deviation.threshold = 300 (default)
2019-07-14 03:13:02,779 INFO  server.RaftServerConfigKeys (ConfUtils.java:logGet(43)) - raft.server.log.appender.install.snapshot.enabled = false (custom)
2019-07-14 03:13:02,779 INFO  impl.RaftServerImpl (RaftServerImpl.java:<init>(93)) - 0b03543f-d8a9-4e23-a6ad-7779f4dc574c: new RaftServerImpl for group-6741FD601A89:[835c9c09-ec1b-4b02-b4b4-41c8dbc3d3a5:192.168.157.236:36716, 0b03543f-d8a9-4e23-a6ad-7779f4dc574c:192.168.157.236:43441, 27783468-ffde-4713-831d-aaf1e00189c6:192.168.157.236:35009] with ContainerStateMachine:uninitialized
2019-07-14 03:13:02,779 INFO  impl.RaftServerImpl (ServerState.java:<init>(105)) - 27783468-ffde-4713-831d-aaf1e00189c6:group-6741FD601A89 ConfigurationManager, init=-1: [835c9c09-ec1b-4b02-b4b4-41c8dbc3d3a5:192.168.157.236:36716, 0b03543f-d8a9-4e23-a6ad-7779f4dc574c:192.168.157.236:43441, 27783468-ffde-4713-831d-aaf1e00189c6:192.168.157.236:35009], old=null, confs=<EMPTY_MAP>
2019-07-14 03:13:02,779 INFO  server.RaftServerConfigKeys (ConfUtils.java:logGet(43)) - raft.server.rpc.timeout.min = 5s (custom)
2019-07-14 03:13:02,780 INFO  server.RaftServerConfigKeys (ConfUtils.java:logGet(43)) - raft.server.storage.dir = [/tmp/workdir/hadoop-ozone/integration-test/target/test-dir/MiniOzoneClusterImpl-cb60d03d-f57a-4c54-aae4-b882482aac61/datanode-7/data/ratis] (custom)
2019-07-14 03:13:02,780 INFO  server.RaftServerConfigKeys (ConfUtils.java:logGet(43)) - raft.server.rpc.timeout.max = 5200ms (custom)
2019-07-14 03:13:02,780 INFO  server.RaftServerConfigKeys (ConfUtils.java:logGet(43)) - raft.server.rpcslowness.timeout = 120s (custom)
2019-07-14 03:13:02,780 INFO  impl.RaftServerImpl (RaftServerImpl.java:<init>(93)) - 835c9c09-ec1b-4b02-b4b4-41c8dbc3d3a5: new RaftServerImpl for group-6741FD601A89:[835c9c09-ec1b-4b02-b4b4-41c8dbc3d3a5:192.168.157.236:36716, 0b03543f-d8a9-4e23-a6ad-7779f4dc574c:192.168.157.236:43441, 27783468-ffde-4713-831d-aaf1e00189c6:192.168.157.236:35009] with ContainerStateMachine:uninitialized
2019-07-14 03:13:02,780 INFO  storage.RaftStorageDirectory (RaftStorageDirectory.java:analyzeStorage(246)) - The storage directory /tmp/workdir/hadoop-ozone/integration-test/target/test-dir/MiniOzoneClusterImpl-cb60d03d-f57a-4c54-aae4-b882482aac61/datanode-7/data/ratis/3c48cef5-de0d-4373-9a05-6741fd601a89 does not exist. Creating ...
2019-07-14 03:13:02,780 INFO  server.RaftServerConfigKeys (ConfUtils.java:logGet(43)) - raft.server.sleep.deviation.threshold = 300 (default)
2019-07-14 03:13:02,780 INFO  server.RaftServerConfigKeys (ConfUtils.java:logGet(43)) - raft.server.rpc.timeout.min = 5s (custom)
2019-07-14 03:13:02,780 INFO  server.RaftServerConfigKeys (ConfUtils.java:logGet(43)) - raft.server.log.appender.install.snapshot.enabled = false (custom)
2019-07-14 03:13:02,781 INFO  server.RaftServerConfigKeys (ConfUtils.java:logGet(43)) - raft.server.rpc.timeout.max = 5200ms (custom)
2019-07-14 03:13:02,781 INFO  impl.RaftServerImpl (ServerState.java:<init>(105)) - 0b03543f-d8a9-4e23-a6ad-7779f4dc574c:group-6741FD601A89 ConfigurationManager, init=-1: [835c9c09-ec1b-4b02-b4b4-41c8dbc3d3a5:192.168.157.236:36716, 0b03543f-d8a9-4e23-a6ad-7779f4dc574c:192.168.157.236:43441, 27783468-ffde-4713-831d-aaf1e00189c6:192.168.157.236:35009], old=null, confs=<EMPTY_MAP>
2019-07-14 03:13:02,781 INFO  server.RaftServerConfigKeys (ConfUtils.java:logGet(43)) - raft.server.rpcslowness.timeout = 120s (custom)
2019-07-14 03:13:02,781 INFO  server.RaftServerConfigKeys (ConfUtils.java:logGet(43)) - raft.server.storage.dir = [/tmp/workdir/hadoop-ozone/integration-test/target/test-dir/MiniOzoneClusterImpl-cb60d03d-f57a-4c54-aae4-b882482aac61/datanode-1/data/ratis] (custom)
2019-07-14 03:13:02,781 INFO  server.RaftServerConfigKeys (ConfUtils.java:logGet(43)) - raft.server.sleep.deviation.threshold = 300 (default)
2019-07-14 03:13:02,781 INFO  server.RaftServerConfigKeys (ConfUtils.java:logGet(43)) - raft.server.log.appender.install.snapshot.enabled = false (custom)
2019-07-14 03:13:02,781 INFO  storage.RaftStorageDirectory (RaftStorageDirectory.java:analyzeStorage(246)) - The storage directory /tmp/workdir/hadoop-ozone/integration-test/target/test-dir/MiniOzoneClusterImpl-cb60d03d-f57a-4c54-aae4-b882482aac61/datanode-1/data/ratis/3c48cef5-de0d-4373-9a05-6741fd601a89 does not exist. Creating ...
2019-07-14 03:13:02,781 INFO  impl.RaftServerImpl (ServerState.java:<init>(105)) - 835c9c09-ec1b-4b02-b4b4-41c8dbc3d3a5:group-6741FD601A89 ConfigurationManager, init=-1: [835c9c09-ec1b-4b02-b4b4-41c8dbc3d3a5:192.168.157.236:36716, 0b03543f-d8a9-4e23-a6ad-7779f4dc574c:192.168.157.236:43441, 27783468-ffde-4713-831d-aaf1e00189c6:192.168.157.236:35009], old=null, confs=<EMPTY_MAP>
2019-07-14 03:13:02,782 INFO  server.RaftServerConfigKeys (ConfUtils.java:logGet(43)) - raft.server.storage.dir = [/tmp/workdir/hadoop-ozone/integration-test/target/test-dir/MiniOzoneClusterImpl-cb60d03d-f57a-4c54-aae4-b882482aac61/datanode-4/data/ratis] (custom)
2019-07-14 03:13:02,782 INFO  storage.RaftStorageDirectory (RaftStorageDirectory.java:analyzeStorage(246)) - The storage directory /tmp/workdir/hadoop-ozone/integration-test/target/test-dir/MiniOzoneClusterImpl-cb60d03d-f57a-4c54-aae4-b882482aac61/datanode-4/data/ratis/3c48cef5-de0d-4373-9a05-6741fd601a89 does not exist. Creating ...
2019-07-14 03:13:02,793 INFO  storage.RaftStorageDirectory (RaftStorageDirectory.java:tryLock(328)) - Lock on /tmp/workdir/hadoop-ozone/integration-test/target/test-dir/MiniOzoneClusterImpl-cb60d03d-f57a-4c54-aae4-b882482aac61/datanode-4/data/ratis/3c48cef5-de0d-4373-9a05-6741fd601a89/in_use.lock acquired by nodename 8466@trunk-nightly-k88cw-3644625431
2019-07-14 03:13:02,793 INFO  storage.RaftStorageDirectory (RaftStorageDirectory.java:tryLock(328)) - Lock on /tmp/workdir/hadoop-ozone/integration-test/target/test-dir/MiniOzoneClusterImpl-cb60d03d-f57a-4c54-aae4-b882482aac61/datanode-7/data/ratis/3c48cef5-de0d-4373-9a05-6741fd601a89/in_use.lock acquired by nodename 8466@trunk-nightly-k88cw-3644625431
2019-07-14 03:13:02,793 INFO  storage.RaftStorageDirectory (RaftStorageDirectory.java:tryLock(328)) - Lock on /tmp/workdir/hadoop-ozone/integration-test/target/test-dir/MiniOzoneClusterImpl-cb60d03d-f57a-4c54-aae4-b882482aac61/datanode-1/data/ratis/3c48cef5-de0d-4373-9a05-6741fd601a89/in_use.lock acquired by nodename 8466@trunk-nightly-k88cw-3644625431
2019-07-14 03:13:02,807 INFO  storage.RaftStorage (RaftStorage.java:format(72)) - Storage directory /tmp/workdir/hadoop-ozone/integration-test/target/test-dir/MiniOzoneClusterImpl-cb60d03d-f57a-4c54-aae4-b882482aac61/datanode-1/data/ratis/3c48cef5-de0d-4373-9a05-6741fd601a89 has been successfully formatted.
2019-07-14 03:13:02,807 INFO  storage.RaftStorage (RaftStorage.java:format(72)) - Storage directory /tmp/workdir/hadoop-ozone/integration-test/target/test-dir/MiniOzoneClusterImpl-cb60d03d-f57a-4c54-aae4-b882482aac61/datanode-7/data/ratis/3c48cef5-de0d-4373-9a05-6741fd601a89 has been successfully formatted.
2019-07-14 03:13:02,807 INFO  ratis.ContainerStateMachine (ContainerStateMachine.java:loadSnapshot(200)) - The snapshot info is null.Setting the last applied index to:(t:0, i:~)
2019-07-14 03:13:02,807 INFO  storage.RaftStorage (RaftStorage.java:format(72)) - Storage directory /tmp/workdir/hadoop-ozone/integration-test/target/test-dir/MiniOzoneClusterImpl-cb60d03d-f57a-4c54-aae4-b882482aac61/datanode-4/data/ratis/3c48cef5-de0d-4373-9a05-6741fd601a89 has been successfully formatted.
2019-07-14 03:13:02,808 INFO  server.RaftServerConfigKeys (ConfUtils.java:logGet(43)) - raft.server.leader.election.timeout = 120s (custom)
2019-07-14 03:13:02,808 INFO  ratis.ContainerStateMachine (ContainerStateMachine.java:loadSnapshot(200)) - The snapshot info is null.Setting the last applied index to:(t:0, i:~)
2019-07-14 03:13:02,808 INFO  server.RaftServerConfigKeys (ConfUtils.java:logGet(43)) - raft.server.log.use.memory = false (default)
2019-07-14 03:13:02,808 INFO  ratis.ContainerStateMachine (ContainerStateMachine.java:loadSnapshot(200)) - The snapshot info is null.Setting the last applied index to:(t:0, i:~)
2019-07-14 03:13:02,808 INFO  server.RaftServerConfigKeys (ConfUtils.java:logGet(43)) - raft.server.log.purge.gap = 1000000000 (custom)
2019-07-14 03:13:02,808 INFO  server.RaftServerConfigKeys (ConfUtils.java:logGet(43)) - raft.server.leader.election.timeout = 120s (custom)
2019-07-14 03:13:02,809 INFO  server.RaftServerConfigKeys (ConfUtils.java:logGet(43)) - raft.server.log.appender.buffer.byte-limit = 33554432 (custom)
2019-07-14 03:13:02,808 INFO  server.RaftServerConfigKeys (ConfUtils.java:logGet(43)) - raft.server.leader.election.timeout = 120s (custom)
2019-07-14 03:13:02,809 INFO  server.RaftServerConfigKeys (ConfUtils.java:logGet(43)) - raft.server.log.segment.size.max = 1048576 (custom)
2019-07-14 03:13:02,809 INFO  server.RaftServerConfigKeys (ConfUtils.java:logGet(43)) - raft.server.log.use.memory = false (default)
2019-07-14 03:13:02,809 INFO  server.RaftServerConfigKeys (ConfUtils.java:logGet(43)) - raft.server.log.segment.cache.num.max = 2 (custom)
2019-07-14 03:13:02,809 INFO  server.RaftServerConfigKeys (ConfUtils.java:logGet(43)) - raft.server.log.use.memory = false (default)
2019-07-14 03:13:02,810 INFO  segmented.SegmentedRaftLogWorker (SegmentedRaftLogWorker.java:<init>(172)) - new 0b03543f-d8a9-4e23-a6ad-7779f4dc574c-SegmentedRaftLogWorker:Storage Directory /tmp/workdir/hadoop-ozone/integration-test/target/test-dir/MiniOzoneClusterImpl-cb60d03d-f57a-4c54-aae4-b882482aac61/datanode-1/data/ratis/3c48cef5-de0d-4373-9a05-6741fd601a89 for RaftStorage:Storage Directory /tmp/workdir/hadoop-ozone/integration-test/target/test-dir/MiniOzoneClusterImpl-cb60d03d-f57a-4c54-aae4-b882482aac61/datanode-1/data/ratis/3c48cef5-de0d-4373-9a05-6741fd601a89
2019-07-14 03:13:02,809 INFO  server.RaftServerConfigKeys (ConfUtils.java:logGet(43)) - raft.server.log.purge.gap = 1000000000 (custom)
2019-07-14 03:13:02,810 INFO  server.RaftServerConfigKeys (ConfUtils.java:logGet(43)) - raft.server.log.queue.byte-limit = 2147483647 (custom)
2019-07-14 03:13:02,810 INFO  server.RaftServerConfigKeys (ConfUtils.java:logGet(43)) - raft.server.log.purge.gap = 1000000000 (custom)
2019-07-14 03:13:02,812 INFO  server.RaftServerConfigKeys (ConfUtils.java:logGet(43)) - raft.server.log.queue.element-limit = 1024 (custom)
2019-07-14 03:13:02,810 INFO  server.RaftServerConfigKeys (ConfUtils.java:logGet(43)) - raft.server.log.appender.buffer.byte-limit = 33554432 (custom)
2019-07-14 03:13:02,814 INFO  server.RaftServerConfigKeys (ConfUtils.java:logGet(43)) - raft.server.log.segment.size.max = 1048576 (custom)
2019-07-14 03:13:02,814 INFO  server.RaftServerConfigKeys (ConfUtils.java:logGet(43)) - raft.server.log.appender.buffer.byte-limit = 33554432 (custom)
2019-07-14 03:13:02,814 INFO  server.RaftServerConfigKeys (ConfUtils.java:logGet(43)) - raft.server.log.preallocated.size = 16384 (custom)
2019-07-14 03:13:02,814 INFO  server.RaftServerConfigKeys (ConfUtils.java:logGet(43)) - raft.server.log.segment.size.max = 1048576 (custom)
2019-07-14 03:13:02,815 INFO  server.RaftServerConfigKeys (ConfUtils.java:logGet(43)) - raft.server.log.write.buffer.size = 33554432 (custom)
2019-07-14 03:13:02,815 INFO  server.RaftServerConfigKeys (ConfUtils.java:logGet(43)) - raft.server.log.segment.size.max = 1048576 (custom)
2019-07-14 03:13:02,815 INFO  server.RaftServerConfigKeys (ConfUtils.java:logGet(43)) - raft.server.log.force.sync.num = 128 (default)
2019-07-14 03:13:02,815 INFO  server.RaftServerConfigKeys (ConfUtils.java:logGet(43)) - raft.server.log.segment.cache.num.max = 2 (custom)
2019-07-14 03:13:02,815 INFO  server.RaftServerConfigKeys (ConfUtils.java:logGet(43)) - raft.server.log.statemachine.data.sync = true (default)
2019-07-14 03:13:02,815 INFO  server.RaftServerConfigKeys (ConfUtils.java:logGet(43)) - raft.server.log.segment.cache.num.max = 2 (custom)
2019-07-14 03:13:02,816 INFO  server.RaftServerConfigKeys (ConfUtils.java:logGet(43)) - raft.server.log.statemachine.data.sync.timeout = 10s (default)
2019-07-14 03:13:02,815 INFO  segmented.SegmentedRaftLogWorker (SegmentedRaftLogWorker.java:<init>(172)) - new 27783468-ffde-4713-831d-aaf1e00189c6-SegmentedRaftLogWorker:Storage Directory /tmp/workdir/hadoop-ozone/integration-test/target/test-dir/MiniOzoneClusterImpl-cb60d03d-f57a-4c54-aae4-b882482aac61/datanode-7/data/ratis/3c48cef5-de0d-4373-9a05-6741fd601a89 for RaftStorage:Storage Directory /tmp/workdir/hadoop-ozone/integration-test/target/test-dir/MiniOzoneClusterImpl-cb60d03d-f57a-4c54-aae4-b882482aac61/datanode-7/data/ratis/3c48cef5-de0d-4373-9a05-6741fd601a89
2019-07-14 03:13:02,816 INFO  server.RaftServerConfigKeys (ConfUtils.java:logGet(43)) - raft.server.log.statemachine.data.sync.timeout.retry = -1 (default)
2019-07-14 03:13:02,816 INFO  segmented.SegmentedRaftLogWorker (SegmentedRaftLogWorker.java:<init>(172)) - new 835c9c09-ec1b-4b02-b4b4-41c8dbc3d3a5-SegmentedRaftLogWorker:Storage Directory /tmp/workdir/hadoop-ozone/integration-test/target/test-dir/MiniOzoneClusterImpl-cb60d03d-f57a-4c54-aae4-b882482aac61/datanode-4/data/ratis/3c48cef5-de0d-4373-9a05-6741fd601a89 for RaftStorage:Storage Directory /tmp/workdir/hadoop-ozone/integration-test/target/test-dir/MiniOzoneClusterImpl-cb60d03d-f57a-4c54-aae4-b882482aac61/datanode-4/data/ratis/3c48cef5-de0d-4373-9a05-6741fd601a89
2019-07-14 03:13:02,818 INFO  server.RaftServerConfigKeys (ConfUtils.java:logGet(43)) - raft.server.log.statemachine.data.caching.enabled = true (custom)
2019-07-14 03:13:02,816 INFO  server.RaftServerConfigKeys (ConfUtils.java:logGet(43)) - raft.server.log.queue.byte-limit = 2147483647 (custom)
2019-07-14 03:13:02,818 INFO  server.RaftServerConfigKeys (ConfUtils.java:logGet(43)) - raft.server.log.queue.byte-limit = 2147483647 (custom)
2019-07-14 03:13:02,820 INFO  segmented.SegmentedRaftLogWorker (SegmentedRaftLogWorker.java:lambda$new$0(132)) - 0b03543f-d8a9-4e23-a6ad-7779f4dc574c-SegmentedRaftLogWorker:Storage Directory /tmp/workdir/hadoop-ozone/integration-test/target/test-dir/MiniOzoneClusterImpl-cb60d03d-f57a-4c54-aae4-b882482aac61/datanode-1/data/ratis/3c48cef5-de0d-4373-9a05-6741fd601a89: flushIndex: setUnconditionally 0 -> -1
2019-07-14 03:13:02,820 INFO  server.RaftServerConfigKeys (ConfUtils.java:logGet(43)) - raft.server.log.queue.element-limit = 1024 (custom)
2019-07-14 03:13:02,820 INFO  server.RaftServerConfigKeys (ConfUtils.java:logGet(43)) - raft.server.log.queue.element-limit = 1024 (custom)
2019-07-14 03:13:02,821 INFO  server.RaftServerConfigKeys (ConfUtils.java:logGet(43)) - raft.server.log.segment.size.max = 1048576 (custom)
2019-07-14 03:13:02,821 INFO  server.RaftServerConfigKeys (ConfUtils.java:logGet(43)) - raft.server.snapshot.auto.trigger.enabled = true (custom)
2019-07-14 03:13:02,821 INFO  server.RaftServerConfigKeys (ConfUtils.java:logGet(43)) - raft.server.log.preallocated.size = 16384 (custom)
2019-07-14 03:13:02,821 INFO  server.RaftServerConfigKeys (ConfUtils.java:logGet(43)) - raft.server.log.write.buffer.size = 33554432 (custom)
2019-07-14 03:13:02,821 INFO  server.RaftServerConfigKeys (ConfUtils.java:logGet(43)) - raft.server.log.segment.size.max = 1048576 (custom)
2019-07-14 03:13:02,821 INFO  server.RaftServerConfigKeys (ConfUtils.java:logGet(43)) - raft.server.log.force.sync.num = 128 (default)
2019-07-14 03:13:02,821 INFO  server.RaftServerConfigKeys (ConfUtils.java:logGet(43)) - raft.server.snapshot.auto.trigger.threshold = 10000 (custom)
2019-07-14 03:13:02,822 INFO  server.RaftServerConfigKeys (ConfUtils.java:logGet(43)) - raft.server.log.statemachine.data.sync = true (default)
2019-07-14 03:13:02,822 INFO  server.RaftServerConfigKeys (ConfUtils.java:logGet(43)) - raft.server.log.preallocated.size = 16384 (custom)
2019-07-14 03:13:02,822 INFO  server.RaftServerConfigKeys (ConfUtils.java:logGet(43)) - raft.server.log.statemachine.data.sync.timeout = 10s (default)
2019-07-14 03:13:02,822 INFO  server.RaftServerConfigKeys (ConfUtils.java:logGet(43)) - raft.server.retrycache.expirytime = 600000ms (custom)
2019-07-14 03:13:02,822 INFO  server.RaftServerConfigKeys (ConfUtils.java:logGet(43)) - raft.server.log.statemachine.data.sync.timeout.retry = -1 (default)
2019-07-14 03:13:02,823 INFO  impl.RaftServerImpl (RaftServerImpl.java:start(180)) - 0b03543f-d8a9-4e23-a6ad-7779f4dc574c: start group-6741FD601A89
2019-07-14 03:13:02,822 INFO  server.RaftServerConfigKeys (ConfUtils.java:logGet(43)) - raft.server.log.write.buffer.size = 33554432 (custom)
2019-07-14 03:13:02,823 INFO  impl.RaftServerImpl (RaftServerImpl.java:setRole(171)) - 0b03543f-d8a9-4e23-a6ad-7779f4dc574c:group-6741FD601A89 changes role from null to FOLLOWER at term 0 for startAsFollower
2019-07-14 03:13:02,823 INFO  server.RaftServerConfigKeys (ConfUtils.java:logGet(43)) - raft.server.log.statemachine.data.caching.enabled = true (custom)
2019-07-14 03:13:02,823 INFO  impl.RoleInfo (RoleInfo.java:updateAndGet(143)) - 0b03543f-d8a9-4e23-a6ad-7779f4dc574c: start FollowerState
2019-07-14 03:13:02,823 INFO  server.RaftServerConfigKeys (ConfUtils.java:logGet(43)) - raft.server.log.force.sync.num = 128 (default)
2019-07-14 03:13:02,824 INFO  segmented.SegmentedRaftLogWorker (SegmentedRaftLogWorker.java:lambda$new$0(132)) - 27783468-ffde-4713-831d-aaf1e00189c6-SegmentedRaftLogWorker:Storage Directory /tmp/workdir/hadoop-ozone/integration-test/target/test-dir/MiniOzoneClusterImpl-cb60d03d-f57a-4c54-aae4-b882482aac61/datanode-7/data/ratis/3c48cef5-de0d-4373-9a05-6741fd601a89: flushIndex: setUnconditionally 0 -> -1
2019-07-14 03:13:02,824 INFO  util.JmxRegister (JmxRegister.java:tryRegister(44)) - Successfully registered JMX Bean with object name Ratis:service=RaftServer,group=group-6741FD601A89,id=0b03543f-d8a9-4e23-a6ad-7779f4dc574c
2019-07-14 03:13:02,824 INFO  server.RaftServerConfigKeys (ConfUtils.java:logGet(43)) - raft.server.log.statemachine.data.sync = true (default)
2019-07-14 03:13:02,824 INFO  server.RaftServerConfigKeys (ConfUtils.java:logGet(43)) - raft.server.snapshot.auto.trigger.enabled = true (custom)
2019-07-14 03:13:02,824 INFO  server.RaftServerConfigKeys (ConfUtils.java:logGet(43)) - raft.server.log.statemachine.data.sync.timeout = 10s (default)
2019-07-14 03:13:02,824 INFO  server.RaftServerConfigKeys (ConfUtils.java:logGet(43)) - raft.server.snapshot.auto.trigger.threshold = 10000 (custom)
2019-07-14 03:13:02,824 INFO  server.RaftServerConfigKeys (ConfUtils.java:logGet(43)) - raft.server.log.statemachine.data.sync.timeout.retry = -1 (default)
2019-07-14 03:13:02,825 INFO  server.RaftServerConfigKeys (ConfUtils.java:logGet(43)) - raft.server.retrycache.expirytime = 600000ms (custom)
2019-07-14 03:13:02,825 INFO  server.RaftServerConfigKeys (ConfUtils.java:logGet(43)) - raft.server.log.statemachine.data.caching.enabled = true (custom)
2019-07-14 03:13:02,825 INFO  impl.RaftServerImpl (RaftServerImpl.java:start(180)) - 27783468-ffde-4713-831d-aaf1e00189c6: start group-6741FD601A89
2019-07-14 03:13:02,825 INFO  impl.RaftServerImpl (RaftServerImpl.java:setRole(171)) - 27783468-ffde-4713-831d-aaf1e00189c6:group-6741FD601A89 changes role from null to FOLLOWER at term 0 for startAsFollower
2019-07-14 03:13:02,825 INFO  segmented.SegmentedRaftLogWorker (SegmentedRaftLogWorker.java:lambda$new$0(132)) - 835c9c09-ec1b-4b02-b4b4-41c8dbc3d3a5-SegmentedRaftLogWorker:Storage Directory /tmp/workdir/hadoop-ozone/integration-test/target/test-dir/MiniOzoneClusterImpl-cb60d03d-f57a-4c54-aae4-b882482aac61/datanode-4/data/ratis/3c48cef5-de0d-4373-9a05-6741fd601a89: flushIndex: setUnconditionally 0 -> -1
2019-07-14 03:13:02,825 INFO  impl.RoleInfo (RoleInfo.java:updateAndGet(143)) - 27783468-ffde-4713-831d-aaf1e00189c6: start FollowerState
2019-07-14 03:13:02,826 INFO  server.RaftServerConfigKeys (ConfUtils.java:logGet(43)) - raft.server.snapshot.auto.trigger.enabled = true (custom)
2019-07-14 03:13:02,826 INFO  server.RaftServerConfigKeys (ConfUtils.java:logGet(43)) - raft.server.snapshot.auto.trigger.threshold = 10000 (custom)
2019-07-14 03:13:02,826 INFO  util.JmxRegister (JmxRegister.java:tryRegister(44)) - Successfully registered JMX Bean with object name Ratis:service=RaftServer,group=group-6741FD601A89,id=27783468-ffde-4713-831d-aaf1e00189c6
2019-07-14 03:13:02,826 INFO  server.RaftServerConfigKeys (ConfUtils.java:logGet(43)) - raft.server.retrycache.expirytime = 600000ms (custom)
2019-07-14 03:13:02,828 INFO  impl.RaftServerImpl (RaftServerImpl.java:start(180)) - 835c9c09-ec1b-4b02-b4b4-41c8dbc3d3a5: start group-6741FD601A89
2019-07-14 03:13:02,844 INFO  impl.RaftServerImpl (RaftServerImpl.java:setRole(171)) - 835c9c09-ec1b-4b02-b4b4-41c8dbc3d3a5:group-6741FD601A89 changes role from null to FOLLOWER at term 0 for startAsFollower
2019-07-14 03:13:02,846 INFO  impl.RoleInfo (RoleInfo.java:updateAndGet(143)) - 835c9c09-ec1b-4b02-b4b4-41c8dbc3d3a5: start FollowerState
2019-07-14 03:13:02,854 INFO  util.JmxRegister (JmxRegister.java:tryRegister(44)) - Successfully registered JMX Bean with object name Ratis:service=RaftServer,group=group-6741FD601A89,id=835c9c09-ec1b-4b02-b4b4-41c8dbc3d3a5
2019-07-14 03:13:02,881 INFO  pipeline.PipelineStateManager (PipelineStateManager.java:addPipeline(56)) - Created pipeline Pipeline[ Id: 3c48cef5-de0d-4373-9a05-6741fd601a89, Nodes: 0b03543f-d8a9-4e23-a6ad-7779f4dc574c{ip: 192.168.157.236, host: trunk-nightly-k88cw-3644625431, networkLocation: /default-rack, certSerialId: null}835c9c09-ec1b-4b02-b4b4-41c8dbc3d3a5{ip: 192.168.157.236, host: trunk-nightly-k88cw-3644625431, networkLocation: /default-rack, certSerialId: null}27783468-ffde-4713-831d-aaf1e00189c6{ip: 192.168.157.236, host: trunk-nightly-k88cw-3644625431, networkLocation: /default-rack, certSerialId: null}, Type:RATIS, Factor:THREE, State:OPEN]
2019-07-14 03:13:02,909 INFO  impl.RaftServerProxy (RaftServerProxy.java:addNew(89)) - 32768c98-e2de-4941-b329-cbef58f0807d: addNew group-D66902459746:[0e60352e-f5fb-4045-a639-8f5d9de2c68e:192.168.157.236:34663, a3b6d8a3-b3a7-474d-832c-87c14ad24448:192.168.157.236:34566, 32768c98-e2de-4941-b329-cbef58f0807d:192.168.157.236:45597] returns group-D66902459746:java.util.concurrent.CompletableFuture@31a5f977[Not completed]
2019-07-14 03:13:02,909 INFO  impl.RaftServerProxy (RaftServerProxy.java:addNew(89)) - 0e60352e-f5fb-4045-a639-8f5d9de2c68e: addNew group-D66902459746:[0e60352e-f5fb-4045-a639-8f5d9de2c68e:192.168.157.236:34663, a3b6d8a3-b3a7-474d-832c-87c14ad24448:192.168.157.236:34566, 32768c98-e2de-4941-b329-cbef58f0807d:192.168.157.236:45597] returns group-D66902459746:java.util.concurrent.CompletableFuture@12848c85[Not completed]
2019-07-14 03:13:02,911 INFO  impl.RaftServerProxy (RaftServerProxy.java:addNew(89)) - a3b6d8a3-b3a7-474d-832c-87c14ad24448: addNew group-D66902459746:[0e60352e-f5fb-4045-a639-8f5d9de2c68e:192.168.157.236:34663, a3b6d8a3-b3a7-474d-832c-87c14ad24448:192.168.157.236:34566, 32768c98-e2de-4941-b329-cbef58f0807d:192.168.157.236:45597] returns group-D66902459746:java.util.concurrent.CompletableFuture@4e4adbc4[Not completed]
2019-07-14 03:13:02,913 INFO  impl.RaftServerImpl (RaftServerImpl.java:<init>(93)) - 32768c98-e2de-4941-b329-cbef58f0807d: new RaftServerImpl for group-D66902459746:[0e60352e-f5fb-4045-a639-8f5d9de2c68e:192.168.157.236:34663, a3b6d8a3-b3a7-474d-832c-87c14ad24448:192.168.157.236:34566, 32768c98-e2de-4941-b329-cbef58f0807d:192.168.157.236:45597] with ContainerStateMachine:uninitialized
2019-07-14 03:13:02,913 INFO  server.RaftServerConfigKeys (ConfUtils.java:logGet(43)) - raft.server.rpc.timeout.min = 5s (custom)
2019-07-14 03:13:02,913 INFO  server.RaftServerConfigKeys (ConfUtils.java:logGet(43)) - raft.server.rpc.timeout.max = 5200ms (custom)
2019-07-14 03:13:02,913 INFO  server.RaftServerConfigKeys (ConfUtils.java:logGet(43)) - raft.server.rpcslowness.timeout = 120s (custom)
2019-07-14 03:13:02,913 INFO  server.RaftServerConfigKeys (ConfUtils.java:logGet(43)) - raft.server.sleep.deviation.threshold = 300 (default)
2019-07-14 03:13:02,913 INFO  server.RaftServerConfigKeys (ConfUtils.java:logGet(43)) - raft.server.log.appender.install.snapshot.enabled = false (custom)
2019-07-14 03:13:02,914 INFO  impl.RaftServerImpl (RaftServerImpl.java:<init>(93)) - a3b6d8a3-b3a7-474d-832c-87c14ad24448: new RaftServerImpl for group-D66902459746:[0e60352e-f5fb-4045-a639-8f5d9de2c68e:192.168.157.236:34663, a3b6d8a3-b3a7-474d-832c-87c14ad24448:192.168.157.236:34566, 32768c98-e2de-4941-b329-cbef58f0807d:192.168.157.236:45597] with ContainerStateMachine:uninitialized
2019-07-14 03:13:02,914 INFO  impl.RaftServerImpl (ServerState.java:<init>(105)) - 32768c98-e2de-4941-b329-cbef58f0807d:group-D66902459746 ConfigurationManager, init=-1: [0e60352e-f5fb-4045-a639-8f5d9de2c68e:192.168.157.236:34663, a3b6d8a3-b3a7-474d-832c-87c14ad24448:192.168.157.236:34566, 32768c98-e2de-4941-b329-cbef58f0807d:192.168.157.236:45597], old=null, confs=<EMPTY_MAP>
2019-07-14 03:13:02,914 INFO  server.RaftServerConfigKeys (ConfUtils.java:logGet(43)) - raft.server.rpc.timeout.min = 5s (custom)
2019-07-14 03:13:02,914 INFO  server.RaftServerConfigKeys (ConfUtils.java:logGet(43)) - raft.server.storage.dir = [/tmp/workdir/hadoop-ozone/integration-test/target/test-dir/MiniOzoneClusterImpl-cb60d03d-f57a-4c54-aae4-b882482aac61/datanode-6/data/ratis] (custom)
2019-07-14 03:13:02,914 INFO  server.RaftServerConfigKeys (ConfUtils.java:logGet(43)) - raft.server.rpc.timeout.max = 5200ms (custom)
2019-07-14 03:13:02,914 INFO  impl.RaftServerImpl (RaftServerImpl.java:<init>(93)) - 0e60352e-f5fb-4045-a639-8f5d9de2c68e: new RaftServerImpl for group-D66902459746:[0e60352e-f5fb-4045-a639-8f5d9de2c68e:192.168.157.236:34663, a3b6d8a3-b3a7-474d-832c-87c14ad24448:192.168.157.236:34566, 32768c98-e2de-4941-b329-cbef58f0807d:192.168.157.236:45597] with ContainerStateMachine:uninitialized
2019-07-14 03:13:02,914 INFO  server.RaftServerConfigKeys (ConfUtils.java:logGet(43)) - raft.server.rpcslowness.timeout = 120s (custom)
2019-07-14 03:13:02,915 INFO  server.RaftServerConfigKeys (ConfUtils.java:logGet(43)) - raft.server.rpc.timeout.min = 5s (custom)
2019-07-14 03:13:02,915 INFO  storage.RaftStorageDirectory (RaftStorageDirectory.java:analyzeStorage(246)) - The storage directory /tmp/workdir/hadoop-ozone/integration-test/target/test-dir/MiniOzoneClusterImpl-cb60d03d-f57a-4c54-aae4-b882482aac61/datanode-6/data/ratis/838e2a61-114f-49eb-8f30-d66902459746 does not exist. Creating ...
2019-07-14 03:13:02,915 INFO  server.RaftServerConfigKeys (ConfUtils.java:logGet(43)) - raft.server.rpc.timeout.max = 5200ms (custom)
2019-07-14 03:13:02,915 INFO  server.RaftServerConfigKeys (ConfUtils.java:logGet(43)) - raft.server.sleep.deviation.threshold = 300 (default)
2019-07-14 03:13:02,915 INFO  server.RaftServerConfigKeys (ConfUtils.java:logGet(43)) - raft.server.rpcslowness.timeout = 120s (custom)
2019-07-14 03:13:02,915 INFO  server.RaftServerConfigKeys (ConfUtils.java:logGet(43)) - raft.server.log.appender.install.snapshot.enabled = false (custom)
2019-07-14 03:13:02,915 INFO  server.RaftServerConfigKeys (ConfUtils.java:logGet(43)) - raft.server.sleep.deviation.threshold = 300 (default)
2019-07-14 03:13:02,916 INFO  impl.RaftServerImpl (ServerState.java:<init>(105)) - a3b6d8a3-b3a7-474d-832c-87c14ad24448:group-D66902459746 ConfigurationManager, init=-1: [0e60352e-f5fb-4045-a639-8f5d9de2c68e:192.168.157.236:34663, a3b6d8a3-b3a7-474d-832c-87c14ad24448:192.168.157.236:34566, 32768c98-e2de-4941-b329-cbef58f0807d:192.168.157.236:45597], old=null, confs=<EMPTY_MAP>
2019-07-14 03:13:02,916 INFO  server.RaftServerConfigKeys (ConfUtils.java:logGet(43)) - raft.server.log.appender.install.snapshot.enabled = false (custom)
2019-07-14 03:13:02,916 INFO  server.RaftServerConfigKeys (ConfUtils.java:logGet(43)) - raft.server.storage.dir = [/tmp/workdir/hadoop-ozone/integration-test/target/test-dir/MiniOzoneClusterImpl-cb60d03d-f57a-4c54-aae4-b882482aac61/datanode-0/data/ratis] (custom)
2019-07-14 03:13:02,916 INFO  impl.RaftServerImpl (ServerState.java:<init>(105)) - 0e60352e-f5fb-4045-a639-8f5d9de2c68e:group-D66902459746 ConfigurationManager, init=-1: [0e60352e-f5fb-4045-a639-8f5d9de2c68e:192.168.157.236:34663, a3b6d8a3-b3a7-474d-832c-87c14ad24448:192.168.157.236:34566, 32768c98-e2de-4941-b329-cbef58f0807d:192.168.157.236:45597], old=null, confs=<EMPTY_MAP>
2019-07-14 03:13:02,916 INFO  server.RaftServerConfigKeys (ConfUtils.java:logGet(43)) - raft.server.storage.dir = [/tmp/workdir/hadoop-ozone/integration-test/target/test-dir/MiniOzoneClusterImpl-cb60d03d-f57a-4c54-aae4-b882482aac61/datanode-5/data/ratis] (custom)
2019-07-14 03:13:02,916 INFO  storage.RaftStorageDirectory (RaftStorageDirectory.java:analyzeStorage(246)) - The storage directory /tmp/workdir/hadoop-ozone/integration-test/target/test-dir/MiniOzoneClusterImpl-cb60d03d-f57a-4c54-aae4-b882482aac61/datanode-0/data/ratis/838e2a61-114f-49eb-8f30-d66902459746 does not exist. Creating ...
2019-07-14 03:13:02,917 INFO  storage.RaftStorageDirectory (RaftStorageDirectory.java:analyzeStorage(246)) - The storage directory /tmp/workdir/hadoop-ozone/integration-test/target/test-dir/MiniOzoneClusterImpl-cb60d03d-f57a-4c54-aae4-b882482aac61/datanode-5/data/ratis/838e2a61-114f-49eb-8f30-d66902459746 does not exist. Creating ...
2019-07-14 03:13:02,928 INFO  storage.RaftStorageDirectory (RaftStorageDirectory.java:tryLock(328)) - Lock on /tmp/workdir/hadoop-ozone/integration-test/target/test-dir/MiniOzoneClusterImpl-cb60d03d-f57a-4c54-aae4-b882482aac61/datanode-0/data/ratis/838e2a61-114f-49eb-8f30-d66902459746/in_use.lock acquired by nodename 8466@trunk-nightly-k88cw-3644625431
2019-07-14 03:13:02,928 INFO  storage.RaftStorageDirectory (RaftStorageDirectory.java:tryLock(328)) - Lock on /tmp/workdir/hadoop-ozone/integration-test/target/test-dir/MiniOzoneClusterImpl-cb60d03d-f57a-4c54-aae4-b882482aac61/datanode-6/data/ratis/838e2a61-114f-49eb-8f30-d66902459746/in_use.lock acquired by nodename 8466@trunk-nightly-k88cw-3644625431
2019-07-14 03:13:02,928 INFO  storage.RaftStorageDirectory (RaftStorageDirectory.java:tryLock(328)) - Lock on /tmp/workdir/hadoop-ozone/integration-test/target/test-dir/MiniOzoneClusterImpl-cb60d03d-f57a-4c54-aae4-b882482aac61/datanode-5/data/ratis/838e2a61-114f-49eb-8f30-d66902459746/in_use.lock acquired by nodename 8466@trunk-nightly-k88cw-3644625431
2019-07-14 03:13:02,939 INFO  ozone.MiniOzoneClusterImpl (MiniOzoneClusterImpl.java:getStorageContainerLocationClient(241)) - Creating StorageContainerLocationProtocol RPC client with address /0.0.0.0:45121
2019-07-14 03:13:02,951 INFO  storage.RaftStorage (RaftStorage.java:format(72)) - Storage directory /tmp/workdir/hadoop-ozone/integration-test/target/test-dir/MiniOzoneClusterImpl-cb60d03d-f57a-4c54-aae4-b882482aac61/datanode-0/data/ratis/838e2a61-114f-49eb-8f30-d66902459746 has been successfully formatted.
2019-07-14 03:13:02,951 INFO  storage.RaftStorage (RaftStorage.java:format(72)) - Storage directory /tmp/workdir/hadoop-ozone/integration-test/target/test-dir/MiniOzoneClusterImpl-cb60d03d-f57a-4c54-aae4-b882482aac61/datanode-5/data/ratis/838e2a61-114f-49eb-8f30-d66902459746 has been successfully formatted.
2019-07-14 03:13:02,951 INFO  storage.RaftStorage (RaftStorage.java:format(72)) - Storage directory /tmp/workdir/hadoop-ozone/integration-test/target/test-dir/MiniOzoneClusterImpl-cb60d03d-f57a-4c54-aae4-b882482aac61/datanode-6/data/ratis/838e2a61-114f-49eb-8f30-d66902459746 has been successfully formatted.
2019-07-14 03:13:02,951 INFO  ratis.ContainerStateMachine (ContainerStateMachine.java:loadSnapshot(200)) - The snapshot info is null.Setting the last applied index to:(t:0, i:~)
2019-07-14 03:13:02,952 INFO  ratis.ContainerStateMachine (ContainerStateMachine.java:loadSnapshot(200)) - The snapshot info is null.Setting the last applied index to:(t:0, i:~)
2019-07-14 03:13:02,951 INFO  ratis.ContainerStateMachine (ContainerStateMachine.java:loadSnapshot(200)) - The snapshot info is null.Setting the last applied index to:(t:0, i:~)
2019-07-14 03:13:02,952 INFO  server.RaftServerConfigKeys (ConfUtils.java:logGet(43)) - raft.server.leader.election.timeout = 120s (custom)
2019-07-14 03:13:02,952 INFO  server.RaftServerConfigKeys (ConfUtils.java:logGet(43)) - raft.server.leader.election.timeout = 120s (custom)
2019-07-14 03:13:02,952 INFO  server.RaftServerConfigKeys (ConfUtils.java:logGet(43)) - raft.server.log.use.memory = false (default)
2019-07-14 03:13:02,952 INFO  server.RaftServerConfigKeys (ConfUtils.java:logGet(43)) - raft.server.leader.election.timeout = 120s (custom)
2019-07-14 03:13:02,952 INFO  server.RaftServerConfigKeys (ConfUtils.java:logGet(43)) - raft.server.log.purge.gap = 1000000000 (custom)
2019-07-14 03:13:02,952 INFO  server.RaftServerConfigKeys (ConfUtils.java:logGet(43)) - raft.server.log.use.memory = false (default)
2019-07-14 03:13:02,953 INFO  server.RaftServerConfigKeys (ConfUtils.java:logGet(43)) - raft.server.log.appender.buffer.byte-limit = 33554432 (custom)
2019-07-14 03:13:02,953 INFO  server.RaftServerConfigKeys (ConfUtils.java:logGet(43)) - raft.server.log.use.memory = false (default)
2019-07-14 03:13:02,953 INFO  server.RaftServerConfigKeys (ConfUtils.java:logGet(43)) - raft.server.log.segment.size.max = 1048576 (custom)
2019-07-14 03:13:02,953 INFO  server.RaftServerConfigKeys (ConfUtils.java:logGet(43)) - raft.server.log.purge.gap = 1000000000 (custom)
2019-07-14 03:13:02,953 INFO  server.RaftServerConfigKeys (ConfUtils.java:logGet(43)) - raft.server.log.segment.cache.num.max = 2 (custom)
2019-07-14 03:13:02,953 INFO  server.RaftServerConfigKeys (ConfUtils.java:logGet(43)) - raft.server.log.purge.gap = 1000000000 (custom)
2019-07-14 03:13:02,954 INFO  segmented.SegmentedRaftLogWorker (SegmentedRaftLogWorker.java:<init>(172)) - new 32768c98-e2de-4941-b329-cbef58f0807d-SegmentedRaftLogWorker:Storage Directory /tmp/workdir/hadoop-ozone/integration-test/target/test-dir/MiniOzoneClusterImpl-cb60d03d-f57a-4c54-aae4-b882482aac61/datanode-6/data/ratis/838e2a61-114f-49eb-8f30-d66902459746 for RaftStorage:Storage Directory /tmp/workdir/hadoop-ozone/integration-test/target/test-dir/MiniOzoneClusterImpl-cb60d03d-f57a-4c54-aae4-b882482aac61/datanode-6/data/ratis/838e2a61-114f-49eb-8f30-d66902459746
2019-07-14 03:13:02,953 INFO  server.RaftServerConfigKeys (ConfUtils.java:logGet(43)) - raft.server.log.appender.buffer.byte-limit = 33554432 (custom)
2019-07-14 03:13:02,954 INFO  server.RaftServerConfigKeys (ConfUtils.java:logGet(43)) - raft.server.log.queue.byte-limit = 2147483647 (custom)
2019-07-14 03:13:02,954 INFO  server.RaftServerConfigKeys (ConfUtils.java:logGet(43)) - raft.server.log.appender.buffer.byte-limit = 33554432 (custom)
2019-07-14 03:13:02,957 INFO  server.RaftServerConfigKeys (ConfUtils.java:logGet(43)) - raft.server.log.queue.element-limit = 1024 (custom)
2019-07-14 03:13:02,954 INFO  server.RaftServerConfigKeys (ConfUtils.java:logGet(43)) - raft.server.log.segment.size.max = 1048576 (custom)
2019-07-14 03:13:02,957 INFO  server.RaftServerConfigKeys (ConfUtils.java:logGet(43)) - raft.server.log.segment.size.max = 1048576 (custom)
2019-07-14 03:13:02,957 INFO  server.RaftServerConfigKeys (ConfUtils.java:logGet(43)) - raft.server.log.segment.size.max = 1048576 (custom)
2019-07-14 03:13:02,957 INFO  server.RaftServerConfigKeys (ConfUtils.java:logGet(43)) - raft.server.log.preallocated.size = 16384 (custom)
2019-07-14 03:13:02,957 INFO  server.RaftServerConfigKeys (ConfUtils.java:logGet(43)) - raft.server.log.segment.cache.num.max = 2 (custom)
2019-07-14 03:13:02,958 INFO  server.RaftServerConfigKeys (ConfUtils.java:logGet(43)) - raft.server.log.write.buffer.size = 33554432 (custom)
2019-07-14 03:13:02,958 INFO  server.RaftServerConfigKeys (ConfUtils.java:logGet(43)) - raft.server.log.segment.cache.num.max = 2 (custom)
2019-07-14 03:13:02,958 INFO  server.RaftServerConfigKeys (ConfUtils.java:logGet(43)) - raft.server.log.force.sync.num = 128 (default)
2019-07-14 03:13:02,958 INFO  segmented.SegmentedRaftLogWorker (SegmentedRaftLogWorker.java:<init>(172)) - new a3b6d8a3-b3a7-474d-832c-87c14ad24448-SegmentedRaftLogWorker:Storage Directory /tmp/workdir/hadoop-ozone/integration-test/target/test-dir/MiniOzoneClusterImpl-cb60d03d-f57a-4c54-aae4-b882482aac61/datanode-0/data/ratis/838e2a61-114f-49eb-8f30-d66902459746 for RaftStorage:Storage Directory /tmp/workdir/hadoop-ozone/integration-test/target/test-dir/MiniOzoneClusterImpl-cb60d03d-f57a-4c54-aae4-b882482aac61/datanode-0/data/ratis/838e2a61-114f-49eb-8f30-d66902459746
2019-07-14 03:13:02,958 INFO  server.RaftServerConfigKeys (ConfUtils.java:logGet(43)) - raft.server.log.statemachine.data.sync = true (default)
2019-07-14 03:13:02,958 INFO  segmented.SegmentedRaftLogWorker (SegmentedRaftLogWorker.java:<init>(172)) - new 0e60352e-f5fb-4045-a639-8f5d9de2c68e-SegmentedRaftLogWorker:Storage Directory /tmp/workdir/hadoop-ozone/integration-test/target/test-dir/MiniOzoneClusterImpl-cb60d03d-f57a-4c54-aae4-b882482aac61/datanode-5/data/ratis/838e2a61-114f-49eb-8f30-d66902459746 for RaftStorage:Storage Directory /tmp/workdir/hadoop-ozone/integration-test/target/test-dir/MiniOzoneClusterImpl-cb60d03d-f57a-4c54-aae4-b882482aac61/datanode-5/data/ratis/838e2a61-114f-49eb-8f30-d66902459746
2019-07-14 03:13:02,959 INFO  server.RaftServerConfigKeys (ConfUtils.java:logGet(43)) - raft.server.log.statemachine.data.sync.timeout = 10s (default)
2019-07-14 03:13:02,959 INFO  server.RaftServerConfigKeys (ConfUtils.java:logGet(43)) - raft.server.log.queue.byte-limit = 2147483647 (custom)
2019-07-14 03:13:02,978 INFO  server.RaftServerConfigKeys (ConfUtils.java:logGet(43)) - raft.server.log.queue.byte-limit = 2147483647 (custom)
2019-07-14 03:13:02,988 INFO  server.RaftServerConfigKeys (ConfUtils.java:logGet(43)) - raft.server.log.queue.element-limit = 1024 (custom)
2019-07-14 03:13:02,986 INFO  server.RaftServerConfigKeys (ConfUtils.java:logGet(43)) - raft.server.log.statemachine.data.sync.timeout.retry = -1 (default)
2019-07-14 03:13:02,989 INFO  server.RaftServerConfigKeys (ConfUtils.java:logGet(43)) - raft.server.log.segment.size.max = 1048576 (custom)
2019-07-14 03:13:02,989 INFO  server.RaftServerConfigKeys (ConfUtils.java:logGet(43)) - raft.server.log.preallocated.size = 16384 (custom)
2019-07-14 03:13:02,988 INFO  server.RaftServerConfigKeys (ConfUtils.java:logGet(43)) - raft.server.log.queue.element-limit = 1024 (custom)
2019-07-14 03:13:02,989 INFO  server.RaftServerConfigKeys (ConfUtils.java:logGet(43)) - raft.server.log.write.buffer.size = 33554432 (custom)
2019-07-14 03:13:02,989 INFO  server.RaftServerConfigKeys (ConfUtils.java:logGet(43)) - raft.server.log.statemachine.data.caching.enabled = true (custom)
2019-07-14 03:13:02,990 INFO  server.RaftServerConfigKeys (ConfUtils.java:logGet(43)) - raft.server.log.force.sync.num = 128 (default)
2019-07-14 03:13:02,989 INFO  server.RaftServerConfigKeys (ConfUtils.java:logGet(43)) - raft.server.log.segment.size.max = 1048576 (custom)
2019-07-14 03:13:02,990 INFO  segmented.SegmentedRaftLogWorker (SegmentedRaftLogWorker.java:lambda$new$0(132)) - 32768c98-e2de-4941-b329-cbef58f0807d-SegmentedRaftLogWorker:Storage Directory /tmp/workdir/hadoop-ozone/integration-test/target/test-dir/MiniOzoneClusterImpl-cb60d03d-f57a-4c54-aae4-b882482aac61/datanode-6/data/ratis/838e2a61-114f-49eb-8f30-d66902459746: flushIndex: setUnconditionally 0 -> -1
2019-07-14 03:13:02,990 INFO  server.RaftServerConfigKeys (ConfUtils.java:logGet(43)) - raft.server.log.statemachine.data.sync = true (default)
2019-07-14 03:13:02,990 INFO  server.RaftServerConfigKeys (ConfUtils.java:logGet(43)) - raft.server.log.preallocated.size = 16384 (custom)
2019-07-14 03:13:02,991 INFO  server.RaftServerConfigKeys (ConfUtils.java:logGet(43)) - raft.server.log.statemachine.data.sync.timeout = 10s (default)
2019-07-14 03:13:02,991 INFO  server.RaftServerConfigKeys (ConfUtils.java:logGet(43)) - raft.server.snapshot.auto.trigger.enabled = true (custom)
2019-07-14 03:13:02,991 INFO  server.RaftServerConfigKeys (ConfUtils.java:logGet(43)) - raft.server.log.statemachine.data.sync.timeout.retry = -1 (default)
2019-07-14 03:13:02,991 INFO  server.RaftServerConfigKeys (ConfUtils.java:logGet(43)) - raft.server.log.write.buffer.size = 33554432 (custom)
2019-07-14 03:13:02,991 INFO  server.RaftServerConfigKeys (ConfUtils.java:logGet(43)) - raft.server.log.statemachine.data.caching.enabled = true (custom)
2019-07-14 03:13:02,991 INFO  server.RaftServerConfigKeys (ConfUtils.java:logGet(43)) - raft.server.snapshot.auto.trigger.threshold = 10000 (custom)
2019-07-14 03:13:02,992 INFO  server.RaftServerConfigKeys (ConfUtils.java:logGet(43)) - raft.server.log.force.sync.num = 128 (default)
2019-07-14 03:13:02,992 INFO  segmented.SegmentedRaftLogWorker (SegmentedRaftLogWorker.java:lambda$new$0(132)) - a3b6d8a3-b3a7-474d-832c-87c14ad24448-SegmentedRaftLogWorker:Storage Directory /tmp/workdir/hadoop-ozone/integration-test/target/test-dir/MiniOzoneClusterImpl-cb60d03d-f57a-4c54-aae4-b882482aac61/datanode-0/data/ratis/838e2a61-114f-49eb-8f30-d66902459746: flushIndex: setUnconditionally 0 -> -1
2019-07-14 03:13:02,992 INFO  server.RaftServerConfigKeys (ConfUtils.java:logGet(43)) - raft.server.log.statemachine.data.sync = true (default)
2019-07-14 03:13:02,992 INFO  server.RaftServerConfigKeys (ConfUtils.java:logGet(43)) - raft.server.retrycache.expirytime = 600000ms (custom)
2019-07-14 03:13:02,992 INFO  server.RaftServerConfigKeys (ConfUtils.java:logGet(43)) - raft.server.log.statemachine.data.sync.timeout = 10s (default)
2019-07-14 03:13:02,993 INFO  impl.RaftServerImpl (RaftServerImpl.java:start(180)) - 32768c98-e2de-4941-b329-cbef58f0807d: start group-D66902459746
2019-07-14 03:13:02,992 INFO  server.RaftServerConfigKeys (ConfUtils.java:logGet(43)) - raft.server.snapshot.auto.trigger.enabled = true (custom)
2019-07-14 03:13:02,993 INFO  impl.RaftServerImpl (RaftServerImpl.java:setRole(171)) - 32768c98-e2de-4941-b329-cbef58f0807d:group-D66902459746 changes role from null to FOLLOWER at term 0 for startAsFollower
2019-07-14 03:13:02,993 INFO  server.RaftServerConfigKeys (ConfUtils.java:logGet(43)) - raft.server.log.statemachine.data.sync.timeout.retry = -1 (default)
2019-07-14 03:13:02,993 INFO  impl.RoleInfo (RoleInfo.java:updateAndGet(143)) - 32768c98-e2de-4941-b329-cbef58f0807d: start FollowerState
2019-07-14 03:13:02,993 INFO  server.RaftServerConfigKeys (ConfUtils.java:logGet(43)) - raft.server.snapshot.auto.trigger.threshold = 10000 (custom)
2019-07-14 03:13:02,993 INFO  server.RaftServerConfigKeys (ConfUtils.java:logGet(43)) - raft.server.log.statemachine.data.caching.enabled = true (custom)
2019-07-14 03:13:02,994 INFO  server.RaftServerConfigKeys (ConfUtils.java:logGet(43)) - raft.server.retrycache.expirytime = 600000ms (custom)
2019-07-14 03:13:02,994 INFO  util.JmxRegister (JmxRegister.java:tryRegister(44)) - Successfully registered JMX Bean with object name Ratis:service=RaftServer,group=group-D66902459746,id=32768c98-e2de-4941-b329-cbef58f0807d
2019-07-14 03:13:02,994 INFO  impl.RaftServerImpl (RaftServerImpl.java:start(180)) - a3b6d8a3-b3a7-474d-832c-87c14ad24448: start group-D66902459746
2019-07-14 03:13:02,994 INFO  segmented.SegmentedRaftLogWorker (SegmentedRaftLogWorker.java:lambda$new$0(132)) - 0e60352e-f5fb-4045-a639-8f5d9de2c68e-SegmentedRaftLogWorker:Storage Directory /tmp/workdir/hadoop-ozone/integration-test/target/test-dir/MiniOzoneClusterImpl-cb60d03d-f57a-4c54-aae4-b882482aac61/datanode-5/data/ratis/838e2a61-114f-49eb-8f30-d66902459746: flushIndex: setUnconditionally 0 -> -1
2019-07-14 03:13:02,997 INFO  impl.RaftServerImpl (RaftServerImpl.java:setRole(171)) - a3b6d8a3-b3a7-474d-832c-87c14ad24448:group-D66902459746 changes role from null to FOLLOWER at term 0 for startAsFollower
2019-07-14 03:13:02,997 INFO  server.RaftServerConfigKeys (ConfUtils.java:logGet(43)) - raft.server.snapshot.auto.trigger.enabled = true (custom)
2019-07-14 03:13:02,997 INFO  impl.RoleInfo (RoleInfo.java:updateAndGet(143)) - a3b6d8a3-b3a7-474d-832c-87c14ad24448: start FollowerState
2019-07-14 03:13:02,997 INFO  server.RaftServerConfigKeys (ConfUtils.java:logGet(43)) - raft.server.snapshot.auto.trigger.threshold = 10000 (custom)
2019-07-14 03:13:02,998 INFO  server.RaftServerConfigKeys (ConfUtils.java:logGet(43)) - raft.server.retrycache.expirytime = 600000ms (custom)
2019-07-14 03:13:02,998 INFO  util.JmxRegister (JmxRegister.java:tryRegister(44)) - Successfully registered JMX Bean with object name Ratis:service=RaftServer,group=group-D66902459746,id=a3b6d8a3-b3a7-474d-832c-87c14ad24448
2019-07-14 03:13:02,998 INFO  impl.RaftServerImpl (RaftServerImpl.java:start(180)) - 0e60352e-f5fb-4045-a639-8f5d9de2c68e: start group-D66902459746
2019-07-14 03:13:02,998 INFO  impl.RaftServerImpl (RaftServerImpl.java:setRole(171)) - 0e60352e-f5fb-4045-a639-8f5d9de2c68e:group-D66902459746 changes role from null to FOLLOWER at term 0 for startAsFollower
2019-07-14 03:13:02,998 INFO  impl.RoleInfo (RoleInfo.java:updateAndGet(143)) - 0e60352e-f5fb-4045-a639-8f5d9de2c68e: start FollowerState
2019-07-14 03:13:02,999 INFO  rpc.RpcClient (RpcClient.java:createVolume(287)) - Creating Volume: e660a568-d82e-4c75-b38e-82479c0ac84e, with jenkins1000 as owner.
2019-07-14 03:13:02,999 INFO  util.JmxRegister (JmxRegister.java:tryRegister(44)) - Successfully registered JMX Bean with object name Ratis:service=RaftServer,group=group-D66902459746,id=0e60352e-f5fb-4045-a639-8f5d9de2c68e
2019-07-14 03:13:03,018 INFO  pipeline.PipelineStateManager (PipelineStateManager.java:addPipeline(56)) - Created pipeline Pipeline[ Id: 838e2a61-114f-49eb-8f30-d66902459746, Nodes: a3b6d8a3-b3a7-474d-832c-87c14ad24448{ip: 192.168.157.236, host: trunk-nightly-k88cw-3644625431, networkLocation: /default-rack, certSerialId: null}0e60352e-f5fb-4045-a639-8f5d9de2c68e{ip: 192.168.157.236, host: trunk-nightly-k88cw-3644625431, networkLocation: /default-rack, certSerialId: null}32768c98-e2de-4941-b329-cbef58f0807d{ip: 192.168.157.236, host: trunk-nightly-k88cw-3644625431, networkLocation: /default-rack, certSerialId: null}, Type:RATIS, Factor:THREE, State:OPEN]
2019-07-14 03:13:03,043 INFO  impl.RaftServerProxy (RaftServerProxy.java:addNew(89)) - 30c25743-4f02-4fca-bc89-96f5d03206f9: addNew group-BB011906DF6F:[db55e2dc-2f84-48ad-bfe6-e5d08d1ff6d4:192.168.157.236:45358, 30c25743-4f02-4fca-bc89-96f5d03206f9:192.168.157.236:44960, c7a0e152-31f3-4073-9a76-7e483665e3d6:192.168.157.236:39551] returns group-BB011906DF6F:java.util.concurrent.CompletableFuture@22447d46[Not completed]
2019-07-14 03:13:03,044 INFO  impl.RaftServerProxy (RaftServerProxy.java:addNew(89)) - c7a0e152-31f3-4073-9a76-7e483665e3d6: addNew group-BB011906DF6F:[db55e2dc-2f84-48ad-bfe6-e5d08d1ff6d4:192.168.157.236:45358, 30c25743-4f02-4fca-bc89-96f5d03206f9:192.168.157.236:44960, c7a0e152-31f3-4073-9a76-7e483665e3d6:192.168.157.236:39551] returns group-BB011906DF6F:java.util.concurrent.CompletableFuture@1f505b46[Not completed]
2019-07-14 03:13:03,044 INFO  impl.RaftServerProxy (RaftServerProxy.java:addNew(89)) - db55e2dc-2f84-48ad-bfe6-e5d08d1ff6d4: addNew group-BB011906DF6F:[db55e2dc-2f84-48ad-bfe6-e5d08d1ff6d4:192.168.157.236:45358, 30c25743-4f02-4fca-bc89-96f5d03206f9:192.168.157.236:44960, c7a0e152-31f3-4073-9a76-7e483665e3d6:192.168.157.236:39551] returns group-BB011906DF6F:java.util.concurrent.CompletableFuture@6a42d277[Not completed]
2019-07-14 03:13:03,047 INFO  impl.RaftServerImpl (RaftServerImpl.java:<init>(93)) - 30c25743-4f02-4fca-bc89-96f5d03206f9: new RaftServerImpl for group-BB011906DF6F:[db55e2dc-2f84-48ad-bfe6-e5d08d1ff6d4:192.168.157.236:45358, 30c25743-4f02-4fca-bc89-96f5d03206f9:192.168.157.236:44960, c7a0e152-31f3-4073-9a76-7e483665e3d6:192.168.157.236:39551] with ContainerStateMachine:uninitialized
2019-07-14 03:13:03,048 INFO  server.RaftServerConfigKeys (ConfUtils.java:logGet(43)) - raft.server.rpc.timeout.min = 5s (custom)
2019-07-14 03:13:03,048 INFO  server.RaftServerConfigKeys (ConfUtils.java:logGet(43)) - raft.server.rpc.timeout.max = 5200ms (custom)
2019-07-14 03:13:03,048 INFO  server.RaftServerConfigKeys (ConfUtils.java:logGet(43)) - raft.server.rpcslowness.timeout = 120s (custom)
2019-07-14 03:13:03,048 INFO  server.RaftServerConfigKeys (ConfUtils.java:logGet(43)) - raft.server.sleep.deviation.threshold = 300 (default)
2019-07-14 03:13:03,048 INFO  server.RaftServerConfigKeys (ConfUtils.java:logGet(43)) - raft.server.log.appender.install.snapshot.enabled = false (custom)
2019-07-14 03:13:03,048 INFO  impl.RaftServerImpl (RaftServerImpl.java:<init>(93)) - c7a0e152-31f3-4073-9a76-7e483665e3d6: new RaftServerImpl for group-BB011906DF6F:[db55e2dc-2f84-48ad-bfe6-e5d08d1ff6d4:192.168.157.236:45358, 30c25743-4f02-4fca-bc89-96f5d03206f9:192.168.157.236:44960, c7a0e152-31f3-4073-9a76-7e483665e3d6:192.168.157.236:39551] with ContainerStateMachine:uninitialized
2019-07-14 03:13:03,048 INFO  impl.RaftServerImpl (ServerState.java:<init>(105)) - 30c25743-4f02-4fca-bc89-96f5d03206f9:group-BB011906DF6F ConfigurationManager, init=-1: [db55e2dc-2f84-48ad-bfe6-e5d08d1ff6d4:192.168.157.236:45358, 30c25743-4f02-4fca-bc89-96f5d03206f9:192.168.157.236:44960, c7a0e152-31f3-4073-9a76-7e483665e3d6:192.168.157.236:39551], old=null, confs=<EMPTY_MAP>
2019-07-14 03:13:03,049 INFO  server.RaftServerConfigKeys (ConfUtils.java:logGet(43)) - raft.server.rpc.timeout.min = 5s (custom)
2019-07-14 03:13:03,049 INFO  server.RaftServerConfigKeys (ConfUtils.java:logGet(43)) - raft.server.storage.dir = [/tmp/workdir/hadoop-ozone/integration-test/target/test-dir/MiniOzoneClusterImpl-cb60d03d-f57a-4c54-aae4-b882482aac61/datanode-2/data/ratis] (custom)
2019-07-14 03:13:03,049 INFO  server.RaftServerConfigKeys (ConfUtils.java:logGet(43)) - raft.server.rpc.timeout.max = 5200ms (custom)
2019-07-14 03:13:03,049 INFO  impl.RaftServerImpl (RaftServerImpl.java:<init>(93)) - db55e2dc-2f84-48ad-bfe6-e5d08d1ff6d4: new RaftServerImpl for group-BB011906DF6F:[db55e2dc-2f84-48ad-bfe6-e5d08d1ff6d4:192.168.157.236:45358, 30c25743-4f02-4fca-bc89-96f5d03206f9:192.168.157.236:44960, c7a0e152-31f3-4073-9a76-7e483665e3d6:192.168.157.236:39551] with ContainerStateMachine:uninitialized
2019-07-14 03:13:03,049 INFO  server.RaftServerConfigKeys (ConfUtils.java:logGet(43)) - raft.server.rpcslowness.timeout = 120s (custom)
2019-07-14 03:13:03,049 INFO  storage.RaftStorageDirectory (RaftStorageDirectory.java:analyzeStorage(246)) - The storage directory /tmp/workdir/hadoop-ozone/integration-test/target/test-dir/MiniOzoneClusterImpl-cb60d03d-f57a-4c54-aae4-b882482aac61/datanode-2/data/ratis/fdd1bae1-0785-4b0a-bac6-bb011906df6f does not exist. Creating ...
2019-07-14 03:13:03,049 INFO  server.RaftServerConfigKeys (ConfUtils.java:logGet(43)) - raft.server.rpc.timeout.min = 5s (custom)
2019-07-14 03:13:03,049 INFO  server.RaftServerConfigKeys (ConfUtils.java:logGet(43)) - raft.server.sleep.deviation.threshold = 300 (default)
2019-07-14 03:13:03,050 INFO  server.RaftServerConfigKeys (ConfUtils.java:logGet(43)) - raft.server.rpc.timeout.max = 5200ms (custom)
2019-07-14 03:13:03,050 INFO  server.RaftServerConfigKeys (ConfUtils.java:logGet(43)) - raft.server.log.appender.install.snapshot.enabled = false (custom)
2019-07-14 03:13:03,050 INFO  server.RaftServerConfigKeys (ConfUtils.java:logGet(43)) - raft.server.rpcslowness.timeout = 120s (custom)
2019-07-14 03:13:03,050 INFO  impl.RaftServerImpl (ServerState.java:<init>(105)) - c7a0e152-31f3-4073-9a76-7e483665e3d6:group-BB011906DF6F ConfigurationManager, init=-1: [db55e2dc-2f84-48ad-bfe6-e5d08d1ff6d4:192.168.157.236:45358, 30c25743-4f02-4fca-bc89-96f5d03206f9:192.168.157.236:44960, c7a0e152-31f3-4073-9a76-7e483665e3d6:192.168.157.236:39551], old=null, confs=<EMPTY_MAP>
2019-07-14 03:13:03,050 INFO  server.RaftServerConfigKeys (ConfUtils.java:logGet(43)) - raft.server.sleep.deviation.threshold = 300 (default)
2019-07-14 03:13:03,051 INFO  server.RaftServerConfigKeys (ConfUtils.java:logGet(43)) - raft.server.storage.dir = [/tmp/workdir/hadoop-ozone/integration-test/target/test-dir/MiniOzoneClusterImpl-cb60d03d-f57a-4c54-aae4-b882482aac61/datanode-3/data/ratis] (custom)
2019-07-14 03:13:03,051 INFO  server.RaftServerConfigKeys (ConfUtils.java:logGet(43)) - raft.server.log.appender.install.snapshot.enabled = false (custom)
2019-07-14 03:13:03,051 INFO  impl.RaftServerImpl (ServerState.java:<init>(105)) - db55e2dc-2f84-48ad-bfe6-e5d08d1ff6d4:group-BB011906DF6F ConfigurationManager, init=-1: [db55e2dc-2f84-48ad-bfe6-e5d08d1ff6d4:192.168.157.236:45358, 30c25743-4f02-4fca-bc89-96f5d03206f9:192.168.157.236:44960, c7a0e152-31f3-4073-9a76-7e483665e3d6:192.168.157.236:39551], old=null, confs=<EMPTY_MAP>
2019-07-14 03:13:03,051 INFO  storage.RaftStorageDirectory (RaftStorageDirectory.java:analyzeStorage(246)) - The storage directory /tmp/workdir/hadoop-ozone/integration-test/target/test-dir/MiniOzoneClusterImpl-cb60d03d-f57a-4c54-aae4-b882482aac61/datanode-3/data/ratis/fdd1bae1-0785-4b0a-bac6-bb011906df6f does not exist. Creating ...
2019-07-14 03:13:03,051 INFO  server.RaftServerConfigKeys (ConfUtils.java:logGet(43)) - raft.server.storage.dir = [/tmp/workdir/hadoop-ozone/integration-test/target/test-dir/MiniOzoneClusterImpl-cb60d03d-f57a-4c54-aae4-b882482aac61/datanode-9/data/ratis] (custom)
2019-07-14 03:13:03,051 INFO  storage.RaftStorageDirectory (RaftStorageDirectory.java:analyzeStorage(246)) - The storage directory /tmp/workdir/hadoop-ozone/integration-test/target/test-dir/MiniOzoneClusterImpl-cb60d03d-f57a-4c54-aae4-b882482aac61/datanode-9/data/ratis/fdd1bae1-0785-4b0a-bac6-bb011906df6f does not exist. Creating ...
2019-07-14 03:13:03,063 INFO  storage.RaftStorageDirectory (RaftStorageDirectory.java:tryLock(328)) - Lock on /tmp/workdir/hadoop-ozone/integration-test/target/test-dir/MiniOzoneClusterImpl-cb60d03d-f57a-4c54-aae4-b882482aac61/datanode-3/data/ratis/fdd1bae1-0785-4b0a-bac6-bb011906df6f/in_use.lock acquired by nodename 8466@trunk-nightly-k88cw-3644625431
2019-07-14 03:13:03,063 INFO  storage.RaftStorageDirectory (RaftStorageDirectory.java:tryLock(328)) - Lock on /tmp/workdir/hadoop-ozone/integration-test/target/test-dir/MiniOzoneClusterImpl-cb60d03d-f57a-4c54-aae4-b882482aac61/datanode-9/data/ratis/fdd1bae1-0785-4b0a-bac6-bb011906df6f/in_use.lock acquired by nodename 8466@trunk-nightly-k88cw-3644625431
2019-07-14 03:13:03,063 INFO  storage.RaftStorageDirectory (RaftStorageDirectory.java:tryLock(328)) - Lock on /tmp/workdir/hadoop-ozone/integration-test/target/test-dir/MiniOzoneClusterImpl-cb60d03d-f57a-4c54-aae4-b882482aac61/datanode-2/data/ratis/fdd1bae1-0785-4b0a-bac6-bb011906df6f/in_use.lock acquired by nodename 8466@trunk-nightly-k88cw-3644625431
2019-07-14 03:13:03,069 INFO  rpc.RpcClient (RpcClient.java:createBucket(424)) - Creating Bucket: e660a568-d82e-4c75-b38e-82479c0ac84e/7ced2097-a299-49db-963e-db75c814e992, with Versioning false and Storage Type set to DISK and Encryption set to false 
2019-07-14 03:13:03,079 INFO  storage.RaftStorage (RaftStorage.java:format(72)) - Storage directory /tmp/workdir/hadoop-ozone/integration-test/target/test-dir/MiniOzoneClusterImpl-cb60d03d-f57a-4c54-aae4-b882482aac61/datanode-9/data/ratis/fdd1bae1-0785-4b0a-bac6-bb011906df6f has been successfully formatted.
2019-07-14 03:13:03,079 INFO  storage.RaftStorage (RaftStorage.java:format(72)) - Storage directory /tmp/workdir/hadoop-ozone/integration-test/target/test-dir/MiniOzoneClusterImpl-cb60d03d-f57a-4c54-aae4-b882482aac61/datanode-2/data/ratis/fdd1bae1-0785-4b0a-bac6-bb011906df6f has been successfully formatted.
2019-07-14 03:13:03,079 INFO  storage.RaftStorage (RaftStorage.java:format(72)) - Storage directory /tmp/workdir/hadoop-ozone/integration-test/target/test-dir/MiniOzoneClusterImpl-cb60d03d-f57a-4c54-aae4-b882482aac61/datanode-3/data/ratis/fdd1bae1-0785-4b0a-bac6-bb011906df6f has been successfully formatted.
2019-07-14 03:13:03,079 INFO  ratis.ContainerStateMachine (ContainerStateMachine.java:loadSnapshot(200)) - The snapshot info is null.Setting the last applied index to:(t:0, i:~)
2019-07-14 03:13:03,079 INFO  ratis.ContainerStateMachine (ContainerStateMachine.java:loadSnapshot(200)) - The snapshot info is null.Setting the last applied index to:(t:0, i:~)
2019-07-14 03:13:03,079 INFO  ratis.ContainerStateMachine (ContainerStateMachine.java:loadSnapshot(200)) - The snapshot info is null.Setting the last applied index to:(t:0, i:~)
2019-07-14 03:13:03,079 INFO  server.RaftServerConfigKeys (ConfUtils.java:logGet(43)) - raft.server.leader.election.timeout = 120s (custom)
2019-07-14 03:13:03,079 INFO  server.RaftServerConfigKeys (ConfUtils.java:logGet(43)) - raft.server.leader.election.timeout = 120s (custom)
2019-07-14 03:13:03,079 INFO  server.RaftServerConfigKeys (ConfUtils.java:logGet(43)) - raft.server.leader.election.timeout = 120s (custom)
2019-07-14 03:13:03,080 INFO  server.RaftServerConfigKeys (ConfUtils.java:logGet(43)) - raft.server.log.use.memory = false (default)
2019-07-14 03:13:03,080 INFO  server.RaftServerConfigKeys (ConfUtils.java:logGet(43)) - raft.server.log.use.memory = false (default)
2019-07-14 03:13:03,080 INFO  server.RaftServerConfigKeys (ConfUtils.java:logGet(43)) - raft.server.log.purge.gap = 1000000000 (custom)
2019-07-14 03:13:03,080 INFO  server.RaftServerConfigKeys (ConfUtils.java:logGet(43)) - raft.server.log.appender.buffer.byte-limit = 33554432 (custom)
2019-07-14 03:13:03,080 INFO  server.RaftServerConfigKeys (ConfUtils.java:logGet(43)) - raft.server.log.use.memory = false (default)
2019-07-14 03:13:03,080 INFO  server.RaftServerConfigKeys (ConfUtils.java:logGet(43)) - raft.server.log.segment.size.max = 1048576 (custom)
2019-07-14 03:13:03,080 INFO  server.RaftServerConfigKeys (ConfUtils.java:logGet(43)) - raft.server.log.purge.gap = 1000000000 (custom)
2019-07-14 03:13:03,081 INFO  server.RaftServerConfigKeys (ConfUtils.java:logGet(43)) - raft.server.log.segment.cache.num.max = 2 (custom)
2019-07-14 03:13:03,081 INFO  server.RaftServerConfigKeys (ConfUtils.java:logGet(43)) - raft.server.log.purge.gap = 1000000000 (custom)
2019-07-14 03:13:03,081 INFO  segmented.SegmentedRaftLogWorker (SegmentedRaftLogWorker.java:<init>(172)) - new c7a0e152-31f3-4073-9a76-7e483665e3d6-SegmentedRaftLogWorker:Storage Directory /tmp/workdir/hadoop-ozone/integration-test/target/test-dir/MiniOzoneClusterImpl-cb60d03d-f57a-4c54-aae4-b882482aac61/datanode-3/data/ratis/fdd1bae1-0785-4b0a-bac6-bb011906df6f for RaftStorage:Storage Directory /tmp/workdir/hadoop-ozone/integration-test/target/test-dir/MiniOzoneClusterImpl-cb60d03d-f57a-4c54-aae4-b882482aac61/datanode-3/data/ratis/fdd1bae1-0785-4b0a-bac6-bb011906df6f
2019-07-14 03:13:03,081 INFO  server.RaftServerConfigKeys (ConfUtils.java:logGet(43)) - raft.server.log.appender.buffer.byte-limit = 33554432 (custom)
2019-07-14 03:13:03,081 INFO  server.RaftServerConfigKeys (ConfUtils.java:logGet(43)) - raft.server.log.queue.byte-limit = 2147483647 (custom)
2019-07-14 03:13:03,081 INFO  server.RaftServerConfigKeys (ConfUtils.java:logGet(43)) - raft.server.log.appender.buffer.byte-limit = 33554432 (custom)
2019-07-14 03:13:03,083 INFO  server.RaftServerConfigKeys (ConfUtils.java:logGet(43)) - raft.server.log.queue.element-limit = 1024 (custom)
2019-07-14 03:13:03,083 INFO  server.RaftServerConfigKeys (ConfUtils.java:logGet(43)) - raft.server.log.segment.size.max = 1048576 (custom)
2019-07-14 03:13:03,085 INFO  server.RaftServerConfigKeys (ConfUtils.java:logGet(43)) - raft.server.log.segment.size.max = 1048576 (custom)
2019-07-14 03:13:03,085 INFO  server.RaftServerConfigKeys (ConfUtils.java:logGet(43)) - raft.server.log.segment.size.max = 1048576 (custom)
2019-07-14 03:13:03,085 INFO  server.RaftServerConfigKeys (ConfUtils.java:logGet(43)) - raft.server.log.preallocated.size = 16384 (custom)
2019-07-14 03:13:03,085 INFO  server.RaftServerConfigKeys (ConfUtils.java:logGet(43)) - raft.server.log.segment.cache.num.max = 2 (custom)
2019-07-14 03:13:03,086 INFO  server.RaftServerConfigKeys (ConfUtils.java:logGet(43)) - raft.server.log.write.buffer.size = 33554432 (custom)
2019-07-14 03:13:03,086 INFO  server.RaftServerConfigKeys (ConfUtils.java:logGet(43)) - raft.server.log.segment.cache.num.max = 2 (custom)
2019-07-14 03:13:03,086 INFO  server.RaftServerConfigKeys (ConfUtils.java:logGet(43)) - raft.server.log.force.sync.num = 128 (default)
2019-07-14 03:13:03,086 INFO  segmented.SegmentedRaftLogWorker (SegmentedRaftLogWorker.java:<init>(172)) - new 30c25743-4f02-4fca-bc89-96f5d03206f9-SegmentedRaftLogWorker:Storage Directory /tmp/workdir/hadoop-ozone/integration-test/target/test-dir/MiniOzoneClusterImpl-cb60d03d-f57a-4c54-aae4-b882482aac61/datanode-2/data/ratis/fdd1bae1-0785-4b0a-bac6-bb011906df6f for RaftStorage:Storage Directory /tmp/workdir/hadoop-ozone/integration-test/target/test-dir/MiniOzoneClusterImpl-cb60d03d-f57a-4c54-aae4-b882482aac61/datanode-2/data/ratis/fdd1bae1-0785-4b0a-bac6-bb011906df6f
2019-07-14 03:13:03,086 INFO  server.RaftServerConfigKeys (ConfUtils.java:logGet(43)) - raft.server.log.statemachine.data.sync = true (default)
2019-07-14 03:13:03,086 INFO  segmented.SegmentedRaftLogWorker (SegmentedRaftLogWorker.java:<init>(172)) - new db55e2dc-2f84-48ad-bfe6-e5d08d1ff6d4-SegmentedRaftLogWorker:Storage Directory /tmp/workdir/hadoop-ozone/integration-test/target/test-dir/MiniOzoneClusterImpl-cb60d03d-f57a-4c54-aae4-b882482aac61/datanode-9/data/ratis/fdd1bae1-0785-4b0a-bac6-bb011906df6f for RaftStorage:Storage Directory /tmp/workdir/hadoop-ozone/integration-test/target/test-dir/MiniOzoneClusterImpl-cb60d03d-f57a-4c54-aae4-b882482aac61/datanode-9/data/ratis/fdd1bae1-0785-4b0a-bac6-bb011906df6f
2019-07-14 03:13:03,087 INFO  server.RaftServerConfigKeys (ConfUtils.java:logGet(43)) - raft.server.log.statemachine.data.sync.timeout = 10s (default)
2019-07-14 03:13:03,086 INFO  server.RaftServerConfigKeys (ConfUtils.java:logGet(43)) - raft.server.log.queue.byte-limit = 2147483647 (custom)
2019-07-14 03:13:03,097 INFO  server.RaftServerConfigKeys (ConfUtils.java:logGet(43)) - raft.server.log.statemachine.data.sync.timeout.retry = -1 (default)
2019-07-14 03:13:03,096 INFO  server.RaftServerConfigKeys (ConfUtils.java:logGet(43)) - raft.server.log.queue.byte-limit = 2147483647 (custom)
2019-07-14 03:13:03,099 INFO  server.RaftServerConfigKeys (ConfUtils.java:logGet(43)) - raft.server.log.statemachine.data.caching.enabled = true (custom)
2019-07-14 03:13:03,099 INFO  server.RaftServerConfigKeys (ConfUtils.java:logGet(43)) - raft.server.log.queue.element-limit = 1024 (custom)
2019-07-14 03:13:03,099 INFO  server.RaftServerConfigKeys (ConfUtils.java:logGet(43)) - raft.server.log.queue.element-limit = 1024 (custom)
2019-07-14 03:13:03,100 INFO  server.RaftServerConfigKeys (ConfUtils.java:logGet(43)) - raft.server.log.segment.size.max = 1048576 (custom)
2019-07-14 03:13:03,100 INFO  server.RaftServerConfigKeys (ConfUtils.java:logGet(43)) - raft.server.log.segment.size.max = 1048576 (custom)
2019-07-14 03:13:03,100 INFO  segmented.SegmentedRaftLogWorker (SegmentedRaftLogWorker.java:lambda$new$0(132)) - c7a0e152-31f3-4073-9a76-7e483665e3d6-SegmentedRaftLogWorker:Storage Directory /tmp/workdir/hadoop-ozone/integration-test/target/test-dir/MiniOzoneClusterImpl-cb60d03d-f57a-4c54-aae4-b882482aac61/datanode-3/data/ratis/fdd1bae1-0785-4b0a-bac6-bb011906df6f: flushIndex: setUnconditionally 0 -> -1
2019-07-14 03:13:03,100 INFO  server.RaftServerConfigKeys (ConfUtils.java:logGet(43)) - raft.server.log.preallocated.size = 16384 (custom)
2019-07-14 03:13:03,100 INFO  server.RaftServerConfigKeys (ConfUtils.java:logGet(43)) - raft.server.log.preallocated.size = 16384 (custom)
2019-07-14 03:13:03,100 INFO  server.RaftServerConfigKeys (ConfUtils.java:logGet(43)) - raft.server.snapshot.auto.trigger.enabled = true (custom)
2019-07-14 03:13:03,100 INFO  server.RaftServerConfigKeys (ConfUtils.java:logGet(43)) - raft.server.log.write.buffer.size = 33554432 (custom)
2019-07-14 03:13:03,101 INFO  server.RaftServerConfigKeys (ConfUtils.java:logGet(43)) - raft.server.snapshot.auto.trigger.threshold = 10000 (custom)
2019-07-14 03:13:03,101 INFO  server.RaftServerConfigKeys (ConfUtils.java:logGet(43)) - raft.server.log.write.buffer.size = 33554432 (custom)
2019-07-14 03:13:03,101 INFO  server.RaftServerConfigKeys (ConfUtils.java:logGet(43)) - raft.server.retrycache.expirytime = 600000ms (custom)
2019-07-14 03:13:03,101 INFO  server.RaftServerConfigKeys (ConfUtils.java:logGet(43)) - raft.server.log.force.sync.num = 128 (default)
2019-07-14 03:13:03,101 INFO  impl.RaftServerImpl (RaftServerImpl.java:start(180)) - c7a0e152-31f3-4073-9a76-7e483665e3d6: start group-BB011906DF6F
2019-07-14 03:13:03,101 INFO  server.RaftServerConfigKeys (ConfUtils.java:logGet(43)) - raft.server.log.force.sync.num = 128 (default)
2019-07-14 03:13:03,102 INFO  impl.RaftServerImpl (RaftServerImpl.java:setRole(171)) - c7a0e152-31f3-4073-9a76-7e483665e3d6:group-BB011906DF6F changes role from null to FOLLOWER at term 0 for startAsFollower
2019-07-14 03:13:03,101 INFO  server.RaftServerConfigKeys (ConfUtils.java:logGet(43)) - raft.server.log.statemachine.data.sync = true (default)
2019-07-14 03:13:03,102 INFO  impl.RoleInfo (RoleInfo.java:updateAndGet(143)) - c7a0e152-31f3-4073-9a76-7e483665e3d6: start FollowerState
2019-07-14 03:13:03,102 INFO  server.RaftServerConfigKeys (ConfUtils.java:logGet(43)) - raft.server.log.statemachine.data.sync = true (default)
2019-07-14 03:13:03,102 INFO  server.RaftServerConfigKeys (ConfUtils.java:logGet(43)) - raft.server.log.statemachine.data.sync.timeout = 10s (default)
2019-07-14 03:13:03,102 INFO  server.RaftServerConfigKeys (ConfUtils.java:logGet(43)) - raft.server.log.statemachine.data.sync.timeout = 10s (default)
2019-07-14 03:13:03,103 INFO  util.JmxRegister (JmxRegister.java:tryRegister(44)) - Successfully registered JMX Bean with object name Ratis:service=RaftServer,group=group-BB011906DF6F,id=c7a0e152-31f3-4073-9a76-7e483665e3d6
2019-07-14 03:13:03,103 INFO  server.RaftServerConfigKeys (ConfUtils.java:logGet(43)) - raft.server.log.statemachine.data.sync.timeout.retry = -1 (default)
2019-07-14 03:13:03,103 INFO  server.RaftServerConfigKeys (ConfUtils.java:logGet(43)) - raft.server.log.statemachine.data.sync.timeout.retry = -1 (default)
2019-07-14 03:13:03,103 INFO  server.RaftServerConfigKeys (ConfUtils.java:logGet(43)) - raft.server.log.statemachine.data.caching.enabled = true (custom)
2019-07-14 03:13:03,103 INFO  server.RaftServerConfigKeys (ConfUtils.java:logGet(43)) - raft.server.log.statemachine.data.caching.enabled = true (custom)
2019-07-14 03:13:03,104 INFO  segmented.SegmentedRaftLogWorker (SegmentedRaftLogWorker.java:lambda$new$0(132)) - db55e2dc-2f84-48ad-bfe6-e5d08d1ff6d4-SegmentedRaftLogWorker:Storage Directory /tmp/workdir/hadoop-ozone/integration-test/target/test-dir/MiniOzoneClusterImpl-cb60d03d-f57a-4c54-aae4-b882482aac61/datanode-9/data/ratis/fdd1bae1-0785-4b0a-bac6-bb011906df6f: flushIndex: setUnconditionally 0 -> -1
2019-07-14 03:13:03,104 INFO  segmented.SegmentedRaftLogWorker (SegmentedRaftLogWorker.java:lambda$new$0(132)) - 30c25743-4f02-4fca-bc89-96f5d03206f9-SegmentedRaftLogWorker:Storage Directory /tmp/workdir/hadoop-ozone/integration-test/target/test-dir/MiniOzoneClusterImpl-cb60d03d-f57a-4c54-aae4-b882482aac61/datanode-2/data/ratis/fdd1bae1-0785-4b0a-bac6-bb011906df6f: flushIndex: setUnconditionally 0 -> -1
2019-07-14 03:13:03,104 INFO  server.RaftServerConfigKeys (ConfUtils.java:logGet(43)) - raft.server.snapshot.auto.trigger.enabled = true (custom)
2019-07-14 03:13:03,104 INFO  server.RaftServerConfigKeys (ConfUtils.java:logGet(43)) - raft.server.snapshot.auto.trigger.enabled = true (custom)
2019-07-14 03:13:03,104 INFO  server.RaftServerConfigKeys (ConfUtils.java:logGet(43)) - raft.server.snapshot.auto.trigger.threshold = 10000 (custom)
2019-07-14 03:13:03,104 INFO  server.RaftServerConfigKeys (ConfUtils.java:logGet(43)) - raft.server.snapshot.auto.trigger.threshold = 10000 (custom)
2019-07-14 03:13:03,104 INFO  server.RaftServerConfigKeys (ConfUtils.java:logGet(43)) - raft.server.retrycache.expirytime = 600000ms (custom)
2019-07-14 03:13:03,105 INFO  server.RaftServerConfigKeys (ConfUtils.java:logGet(43)) - raft.server.retrycache.expirytime = 600000ms (custom)
2019-07-14 03:13:03,105 INFO  impl.RaftServerImpl (RaftServerImpl.java:start(180)) - db55e2dc-2f84-48ad-bfe6-e5d08d1ff6d4: start group-BB011906DF6F
2019-07-14 03:13:03,105 INFO  impl.RaftServerImpl (RaftServerImpl.java:start(180)) - 30c25743-4f02-4fca-bc89-96f5d03206f9: start group-BB011906DF6F
2019-07-14 03:13:03,105 INFO  impl.RaftServerImpl (RaftServerImpl.java:setRole(171)) - db55e2dc-2f84-48ad-bfe6-e5d08d1ff6d4:group-BB011906DF6F changes role from null to FOLLOWER at term 0 for startAsFollower
2019-07-14 03:13:03,105 INFO  impl.RaftServerImpl (RaftServerImpl.java:setRole(171)) - 30c25743-4f02-4fca-bc89-96f5d03206f9:group-BB011906DF6F changes role from null to FOLLOWER at term 0 for startAsFollower
2019-07-14 03:13:03,105 INFO  impl.RoleInfo (RoleInfo.java:updateAndGet(143)) - db55e2dc-2f84-48ad-bfe6-e5d08d1ff6d4: start FollowerState
2019-07-14 03:13:03,105 INFO  impl.RoleInfo (RoleInfo.java:updateAndGet(143)) - 30c25743-4f02-4fca-bc89-96f5d03206f9: start FollowerState
2019-07-14 03:13:03,107 INFO  util.JmxRegister (JmxRegister.java:tryRegister(44)) - Successfully registered JMX Bean with object name Ratis:service=RaftServer,group=group-BB011906DF6F,id=db55e2dc-2f84-48ad-bfe6-e5d08d1ff6d4
2019-07-14 03:13:03,107 INFO  util.JmxRegister (JmxRegister.java:tryRegister(44)) - Successfully registered JMX Bean with object name Ratis:service=RaftServer,group=group-BB011906DF6F,id=30c25743-4f02-4fca-bc89-96f5d03206f9
2019-07-14 03:13:03,117 INFO  pipeline.PipelineStateManager (PipelineStateManager.java:addPipeline(56)) - Created pipeline Pipeline[ Id: fdd1bae1-0785-4b0a-bac6-bb011906df6f, Nodes: db55e2dc-2f84-48ad-bfe6-e5d08d1ff6d4{ip: 192.168.157.236, host: trunk-nightly-k88cw-3644625431, networkLocation: /default-rack, certSerialId: null}30c25743-4f02-4fca-bc89-96f5d03206f9{ip: 192.168.157.236, host: trunk-nightly-k88cw-3644625431, networkLocation: /default-rack, certSerialId: null}c7a0e152-31f3-4073-9a76-7e483665e3d6{ip: 192.168.157.236, host: trunk-nightly-k88cw-3644625431, networkLocation: /default-rack, certSerialId: null}, Type:RATIS, Factor:THREE, State:OPEN]
2019-07-14 03:13:03,377 INFO  client.GrpcClientProtocolClient (GrpcClientProtocolClient.java:onNext(255)) - client-366889886A98->db55e2dc-2f84-48ad-bfe6-e5d08d1ff6d4: receive RaftClientReply:client-366889886A98->db55e2dc-2f84-48ad-bfe6-e5d08d1ff6d4@group-BB011906DF6F, cid=19, FAILED org.apache.ratis.protocol.NotLeaderException: Server db55e2dc-2f84-48ad-bfe6-e5d08d1ff6d4 is not the leader (null). Request must be sent to leader., logIndex=0, commits[db55e2dc-2f84-48ad-bfe6-e5d08d1ff6d4:c-1]
2019-07-14 03:13:03,447 INFO  container.ReplicationManager (ReplicationManager.java:start(155)) - Starting Replication Monitor Thread.
2019-07-14 03:13:03,455 INFO  container.ReplicationManager (ReplicationManager.java:run(207)) - Replication Monitor Thread took 3 milliseconds for processing 1 containers.
2019-07-14 03:13:04,429 INFO  client.GrpcClientProtocolClient (GrpcClientProtocolClient.java:onNext(255)) - client-366889886A98->30c25743-4f02-4fca-bc89-96f5d03206f9: receive RaftClientReply:client-366889886A98->30c25743-4f02-4fca-bc89-96f5d03206f9@group-BB011906DF6F, cid=19, FAILED org.apache.ratis.protocol.NotLeaderException: Server 30c25743-4f02-4fca-bc89-96f5d03206f9 is not the leader (null). Request must be sent to leader., logIndex=0, commits[30c25743-4f02-4fca-bc89-96f5d03206f9:c-1]
2019-07-14 03:13:05,460 INFO  client.GrpcClientProtocolClient (GrpcClientProtocolClient.java:onNext(255)) - client-366889886A98->db55e2dc-2f84-48ad-bfe6-e5d08d1ff6d4: receive RaftClientReply:client-366889886A98->db55e2dc-2f84-48ad-bfe6-e5d08d1ff6d4@group-BB011906DF6F, cid=19, FAILED org.apache.ratis.protocol.NotLeaderException: Server db55e2dc-2f84-48ad-bfe6-e5d08d1ff6d4 is not the leader (null). Request must be sent to leader., logIndex=0, commits[db55e2dc-2f84-48ad-bfe6-e5d08d1ff6d4:c-1]
2019-07-14 03:13:06,490 INFO  client.GrpcClientProtocolClient (GrpcClientProtocolClient.java:onNext(255)) - client-366889886A98->c7a0e152-31f3-4073-9a76-7e483665e3d6: receive RaftClientReply:client-366889886A98->c7a0e152-31f3-4073-9a76-7e483665e3d6@group-BB011906DF6F, cid=19, FAILED org.apache.ratis.protocol.NotLeaderException: Server c7a0e152-31f3-4073-9a76-7e483665e3d6 is not the leader (null). Request must be sent to leader., logIndex=0, commits[c7a0e152-31f3-4073-9a76-7e483665e3d6:c-1]
2019-07-14 03:13:06,891 INFO  impl.FollowerState (FollowerState.java:run(106)) - a3b6d8a3-b3a7-474d-832c-87c14ad24448:group-031C02C7C864 changes to CANDIDATE, lastRpcTime:5088, electionTimeout:5087ms
2019-07-14 03:13:06,891 INFO  impl.RoleInfo (RoleInfo.java:shutdownFollowerState(121)) - a3b6d8a3-b3a7-474d-832c-87c14ad24448: shutdown FollowerState
2019-07-14 03:13:06,891 INFO  impl.RaftServerImpl (RaftServerImpl.java:setRole(171)) - a3b6d8a3-b3a7-474d-832c-87c14ad24448:group-031C02C7C864 changes role from FOLLOWER to CANDIDATE at term 0 for changeToCandidate
2019-07-14 03:13:06,900 INFO  impl.RoleInfo (RoleInfo.java:updateAndGet(143)) - a3b6d8a3-b3a7-474d-832c-87c14ad24448: start LeaderElection
2019-07-14 03:13:06,923 INFO  impl.LeaderElection (LeaderElection.java:askForVotes(181)) - a3b6d8a3-b3a7-474d-832c-87c14ad24448:group-031C02C7C864:LeaderElection1: begin an election at term 1 for -1: [a3b6d8a3-b3a7-474d-832c-87c14ad24448:192.168.157.236:34566], old=null
2019-07-14 03:13:06,925 INFO  impl.RoleInfo (RoleInfo.java:shutdownLeaderElection(134)) - a3b6d8a3-b3a7-474d-832c-87c14ad24448: shutdown LeaderElection
2019-07-14 03:13:06,926 INFO  impl.RaftServerImpl (RaftServerImpl.java:setRole(171)) - a3b6d8a3-b3a7-474d-832c-87c14ad24448:group-031C02C7C864 changes role from CANDIDATE to LEADER at term 1 for changeToLeader
2019-07-14 03:13:06,926 INFO  impl.RaftServerImpl (ServerState.java:setLeader(263)) - a3b6d8a3-b3a7-474d-832c-87c14ad24448:group-031C02C7C864 change Leader from null to a3b6d8a3-b3a7-474d-832c-87c14ad24448 at term 1 for becomeLeader, leader elected after 5212ms
2019-07-14 03:13:06,936 INFO  server.RaftServerConfigKeys (ConfUtils.java:logGet(43)) - raft.server.staging.catchup.gap = 1000 (default)
2019-07-14 03:13:06,936 INFO  server.RaftServerConfigKeys (ConfUtils.java:logGet(43)) - raft.server.rpc.sleep.time = 25ms (default)
2019-07-14 03:13:06,940 INFO  server.RaftServerConfigKeys (ConfUtils.java:logGet(43)) - raft.server.write.element-limit = 4096 (default)
2019-07-14 03:13:06,943 INFO  server.RaftServerConfigKeys (ConfUtils.java:logGet(43)) - raft.server.watch.timeout = 10s (default)
2019-07-14 03:13:06,943 INFO  server.RaftServerConfigKeys (ConfUtils.java:logGet(43)) - raft.server.watch.timeout.denomination = 1s (default)
2019-07-14 03:13:06,944 INFO  server.RaftServerConfigKeys (ConfUtils.java:logGet(43)) - raft.server.watch.element-limit = 65536 (default)
2019-07-14 03:13:06,956 INFO  impl.RoleInfo (RoleInfo.java:updateAndGet(143)) - a3b6d8a3-b3a7-474d-832c-87c14ad24448: start LeaderState
2019-07-14 03:13:06,986 INFO  segmented.SegmentedRaftLogWorker (SegmentedRaftLogWorker.java:startLogSegment(380)) - a3b6d8a3-b3a7-474d-832c-87c14ad24448-SegmentedRaftLogWorker:Storage Directory /tmp/workdir/hadoop-ozone/integration-test/target/test-dir/MiniOzoneClusterImpl-cb60d03d-f57a-4c54-aae4-b882482aac61/datanode-0/data/ratis/ec5d93e4-de19-407f-a429-031c02c7c864: Starting segment from index:0
2019-07-14 03:13:06,996 INFO  impl.RaftServerImpl (ServerState.java:setRaftConf(361)) - a3b6d8a3-b3a7-474d-832c-87c14ad24448:group-031C02C7C864 set configuration 0: [a3b6d8a3-b3a7-474d-832c-87c14ad24448:192.168.157.236:34566], old=null at 0
2019-07-14 03:13:07,144 INFO  impl.FollowerState (FollowerState.java:run(106)) - 0b03543f-d8a9-4e23-a6ad-7779f4dc574c:group-FB7EB6A1348A changes to CANDIDATE, lastRpcTime:5110, electionTimeout:5105ms
2019-07-14 03:13:07,147 INFO  impl.RoleInfo (RoleInfo.java:shutdownFollowerState(121)) - 0b03543f-d8a9-4e23-a6ad-7779f4dc574c: shutdown FollowerState
2019-07-14 03:13:07,147 INFO  impl.RaftServerImpl (RaftServerImpl.java:setRole(171)) - 0b03543f-d8a9-4e23-a6ad-7779f4dc574c:group-FB7EB6A1348A changes role from FOLLOWER to CANDIDATE at term 0 for changeToCandidate
2019-07-14 03:13:07,147 INFO  impl.RoleInfo (RoleInfo.java:updateAndGet(143)) - 0b03543f-d8a9-4e23-a6ad-7779f4dc574c: start LeaderElection
2019-07-14 03:13:07,181 INFO  impl.LeaderElection (LeaderElection.java:askForVotes(181)) - 0b03543f-d8a9-4e23-a6ad-7779f4dc574c:group-FB7EB6A1348A:LeaderElection2: begin an election at term 1 for -1: [0b03543f-d8a9-4e23-a6ad-7779f4dc574c:192.168.157.236:43441], old=null
2019-07-14 03:13:07,185 INFO  segmented.SegmentedRaftLogWorker (SegmentedRaftLogWorker.java:execute(569)) - a3b6d8a3-b3a7-474d-832c-87c14ad24448-SegmentedRaftLogWorker:Storage Directory /tmp/workdir/hadoop-ozone/integration-test/target/test-dir/MiniOzoneClusterImpl-cb60d03d-f57a-4c54-aae4-b882482aac61/datanode-0/data/ratis/ec5d93e4-de19-407f-a429-031c02c7c864: created new log segment /tmp/workdir/hadoop-ozone/integration-test/target/test-dir/MiniOzoneClusterImpl-cb60d03d-f57a-4c54-aae4-b882482aac61/datanode-0/data/ratis/ec5d93e4-de19-407f-a429-031c02c7c864/current/log_inprogress_0
2019-07-14 03:13:07,185 INFO  impl.RoleInfo (RoleInfo.java:shutdownLeaderElection(134)) - 0b03543f-d8a9-4e23-a6ad-7779f4dc574c: shutdown LeaderElection
2019-07-14 03:13:07,185 INFO  impl.RaftServerImpl (RaftServerImpl.java:setRole(171)) - 0b03543f-d8a9-4e23-a6ad-7779f4dc574c:group-FB7EB6A1348A changes role from CANDIDATE to LEADER at term 1 for changeToLeader
2019-07-14 03:13:07,185 INFO  impl.RaftServerImpl (ServerState.java:setLeader(263)) - 0b03543f-d8a9-4e23-a6ad-7779f4dc574c:group-FB7EB6A1348A change Leader from null to 0b03543f-d8a9-4e23-a6ad-7779f4dc574c at term 1 for becomeLeader, leader elected after 5159ms
2019-07-14 03:13:07,188 INFO  server.RaftServerConfigKeys (ConfUtils.java:logGet(43)) - raft.server.staging.catchup.gap = 1000 (default)
2019-07-14 03:13:07,188 INFO  server.RaftServerConfigKeys (ConfUtils.java:logGet(43)) - raft.server.rpc.sleep.time = 25ms (default)
2019-07-14 03:13:07,188 INFO  server.RaftServerConfigKeys (ConfUtils.java:logGet(43)) - raft.server.write.element-limit = 4096 (default)
2019-07-14 03:13:07,189 INFO  server.RaftServerConfigKeys (ConfUtils.java:logGet(43)) - raft.server.watch.timeout = 10s (default)
2019-07-14 03:13:07,189 INFO  server.RaftServerConfigKeys (ConfUtils.java:logGet(43)) - raft.server.watch.timeout.denomination = 1s (default)
2019-07-14 03:13:07,189 INFO  server.RaftServerConfigKeys (ConfUtils.java:logGet(43)) - raft.server.watch.element-limit = 65536 (default)
2019-07-14 03:13:07,189 INFO  impl.RoleInfo (RoleInfo.java:updateAndGet(143)) - 0b03543f-d8a9-4e23-a6ad-7779f4dc574c: start LeaderState
2019-07-14 03:13:07,190 INFO  segmented.SegmentedRaftLogWorker (SegmentedRaftLogWorker.java:startLogSegment(380)) - 0b03543f-d8a9-4e23-a6ad-7779f4dc574c-SegmentedRaftLogWorker:Storage Directory /tmp/workdir/hadoop-ozone/integration-test/target/test-dir/MiniOzoneClusterImpl-cb60d03d-f57a-4c54-aae4-b882482aac61/datanode-1/data/ratis/c8f5afac-02b0-4c15-8557-fb7eb6a1348a: Starting segment from index:0
2019-07-14 03:13:07,190 INFO  impl.RaftServerImpl (ServerState.java:setRaftConf(361)) - 0b03543f-d8a9-4e23-a6ad-7779f4dc574c:group-FB7EB6A1348A set configuration 0: [0b03543f-d8a9-4e23-a6ad-7779f4dc574c:192.168.157.236:43441], old=null at 0
2019-07-14 03:13:07,206 INFO  impl.FollowerState (FollowerState.java:run(106)) - 835c9c09-ec1b-4b02-b4b4-41c8dbc3d3a5:group-49D81EA604D4 changes to CANDIDATE, lastRpcTime:5050, electionTimeout:5040ms
2019-07-14 03:13:07,208 INFO  impl.RoleInfo (RoleInfo.java:shutdownFollowerState(121)) - 835c9c09-ec1b-4b02-b4b4-41c8dbc3d3a5: shutdown FollowerState
2019-07-14 03:13:07,209 INFO  impl.RaftServerImpl (RaftServerImpl.java:setRole(171)) - 835c9c09-ec1b-4b02-b4b4-41c8dbc3d3a5:group-49D81EA604D4 changes role from FOLLOWER to CANDIDATE at term 0 for changeToCandidate
2019-07-14 03:13:07,209 INFO  impl.RoleInfo (RoleInfo.java:updateAndGet(143)) - 835c9c09-ec1b-4b02-b4b4-41c8dbc3d3a5: start LeaderElection
2019-07-14 03:13:07,221 INFO  segmented.SegmentedRaftLogWorker (SegmentedRaftLogWorker.java:execute(569)) - 0b03543f-d8a9-4e23-a6ad-7779f4dc574c-SegmentedRaftLogWorker:Storage Directory /tmp/workdir/hadoop-ozone/integration-test/target/test-dir/MiniOzoneClusterImpl-cb60d03d-f57a-4c54-aae4-b882482aac61/datanode-1/data/ratis/c8f5afac-02b0-4c15-8557-fb7eb6a1348a: created new log segment /tmp/workdir/hadoop-ozone/integration-test/target/test-dir/MiniOzoneClusterImpl-cb60d03d-f57a-4c54-aae4-b882482aac61/datanode-1/data/ratis/c8f5afac-02b0-4c15-8557-fb7eb6a1348a/current/log_inprogress_0
2019-07-14 03:13:07,221 INFO  impl.LeaderElection (LeaderElection.java:askForVotes(181)) - 835c9c09-ec1b-4b02-b4b4-41c8dbc3d3a5:group-49D81EA604D4:LeaderElection3: begin an election at term 1 for -1: [835c9c09-ec1b-4b02-b4b4-41c8dbc3d3a5:192.168.157.236:36716], old=null
2019-07-14 03:13:07,221 INFO  impl.RoleInfo (RoleInfo.java:shutdownLeaderElection(134)) - 835c9c09-ec1b-4b02-b4b4-41c8dbc3d3a5: shutdown LeaderElection
2019-07-14 03:13:07,221 INFO  impl.RaftServerImpl (RaftServerImpl.java:setRole(171)) - 835c9c09-ec1b-4b02-b4b4-41c8dbc3d3a5:group-49D81EA604D4 changes role from CANDIDATE to LEADER at term 1 for changeToLeader
2019-07-14 03:13:07,221 INFO  impl.RaftServerImpl (ServerState.java:setLeader(263)) - 835c9c09-ec1b-4b02-b4b4-41c8dbc3d3a5:group-49D81EA604D4 change Leader from null to 835c9c09-ec1b-4b02-b4b4-41c8dbc3d3a5 at term 1 for becomeLeader, leader elected after 5071ms
2019-07-14 03:13:07,224 INFO  server.RaftServerConfigKeys (ConfUtils.java:logGet(43)) - raft.server.staging.catchup.gap = 1000 (default)
2019-07-14 03:13:07,224 INFO  server.RaftServerConfigKeys (ConfUtils.java:logGet(43)) - raft.server.rpc.sleep.time = 25ms (default)
2019-07-14 03:13:07,224 INFO  server.RaftServerConfigKeys (ConfUtils.java:logGet(43)) - raft.server.write.element-limit = 4096 (default)
2019-07-14 03:13:07,225 INFO  server.RaftServerConfigKeys (ConfUtils.java:logGet(43)) - raft.server.watch.timeout = 10s (default)
2019-07-14 03:13:07,225 INFO  server.RaftServerConfigKeys (ConfUtils.java:logGet(43)) - raft.server.watch.timeout.denomination = 1s (default)
2019-07-14 03:13:07,225 INFO  server.RaftServerConfigKeys (ConfUtils.java:logGet(43)) - raft.server.watch.element-limit = 65536 (default)
2019-07-14 03:13:07,225 INFO  impl.RoleInfo (RoleInfo.java:updateAndGet(143)) - 835c9c09-ec1b-4b02-b4b4-41c8dbc3d3a5: start LeaderState
2019-07-14 03:13:07,225 INFO  segmented.SegmentedRaftLogWorker (SegmentedRaftLogWorker.java:startLogSegment(380)) - 835c9c09-ec1b-4b02-b4b4-41c8dbc3d3a5-SegmentedRaftLogWorker:Storage Directory /tmp/workdir/hadoop-ozone/integration-test/target/test-dir/MiniOzoneClusterImpl-cb60d03d-f57a-4c54-aae4-b882482aac61/datanode-4/data/ratis/911410e3-6900-43dd-ae6b-49d81ea604d4: Starting segment from index:0
2019-07-14 03:13:07,226 INFO  impl.RaftServerImpl (ServerState.java:setRaftConf(361)) - 835c9c09-ec1b-4b02-b4b4-41c8dbc3d3a5:group-49D81EA604D4 set configuration 0: [835c9c09-ec1b-4b02-b4b4-41c8dbc3d3a5:192.168.157.236:36716], old=null at 0
2019-07-14 03:13:07,255 INFO  segmented.SegmentedRaftLogWorker (SegmentedRaftLogWorker.java:execute(569)) - 835c9c09-ec1b-4b02-b4b4-41c8dbc3d3a5-SegmentedRaftLogWorker:Storage Directory /tmp/workdir/hadoop-ozone/integration-test/target/test-dir/MiniOzoneClusterImpl-cb60d03d-f57a-4c54-aae4-b882482aac61/datanode-4/data/ratis/911410e3-6900-43dd-ae6b-49d81ea604d4: created new log segment /tmp/workdir/hadoop-ozone/integration-test/target/test-dir/MiniOzoneClusterImpl-cb60d03d-f57a-4c54-aae4-b882482aac61/datanode-4/data/ratis/911410e3-6900-43dd-ae6b-49d81ea604d4/current/log_inprogress_0
2019-07-14 03:13:07,377 INFO  impl.FollowerState (FollowerState.java:run(106)) - 27783468-ffde-4713-831d-aaf1e00189c6:group-6B5E0B80CCD0 changes to CANDIDATE, lastRpcTime:5131, electionTimeout:5131ms
2019-07-14 03:13:07,378 INFO  impl.RoleInfo (RoleInfo.java:shutdownFollowerState(121)) - 27783468-ffde-4713-831d-aaf1e00189c6: shutdown FollowerState
2019-07-14 03:13:07,378 INFO  impl.RaftServerImpl (RaftServerImpl.java:setRole(171)) - 27783468-ffde-4713-831d-aaf1e00189c6:group-6B5E0B80CCD0 changes role from FOLLOWER to CANDIDATE at term 0 for changeToCandidate
2019-07-14 03:13:07,378 INFO  impl.RoleInfo (RoleInfo.java:updateAndGet(143)) - 27783468-ffde-4713-831d-aaf1e00189c6: start LeaderElection
2019-07-14 03:13:07,400 INFO  impl.LeaderElection (LeaderElection.java:askForVotes(181)) - 27783468-ffde-4713-831d-aaf1e00189c6:group-6B5E0B80CCD0:LeaderElection4: begin an election at term 1 for -1: [27783468-ffde-4713-831d-aaf1e00189c6:192.168.157.236:35009], old=null
2019-07-14 03:13:07,402 INFO  impl.RoleInfo (RoleInfo.java:shutdownLeaderElection(134)) - 27783468-ffde-4713-831d-aaf1e00189c6: shutdown LeaderElection
2019-07-14 03:13:07,403 INFO  impl.RaftServerImpl (RaftServerImpl.java:setRole(171)) - 27783468-ffde-4713-831d-aaf1e00189c6:group-6B5E0B80CCD0 changes role from CANDIDATE to LEADER at term 1 for changeToLeader
2019-07-14 03:13:07,403 INFO  impl.RaftServerImpl (ServerState.java:setLeader(263)) - 27783468-ffde-4713-831d-aaf1e00189c6:group-6B5E0B80CCD0 change Leader from null to 27783468-ffde-4713-831d-aaf1e00189c6 at term 1 for becomeLeader, leader elected after 5162ms
2019-07-14 03:13:07,406 INFO  server.RaftServerConfigKeys (ConfUtils.java:logGet(43)) - raft.server.staging.catchup.gap = 1000 (default)
2019-07-14 03:13:07,408 INFO  server.RaftServerConfigKeys (ConfUtils.java:logGet(43)) - raft.server.rpc.sleep.time = 25ms (default)
2019-07-14 03:13:07,409 INFO  server.RaftServerConfigKeys (ConfUtils.java:logGet(43)) - raft.server.write.element-limit = 4096 (default)
2019-07-14 03:13:07,409 INFO  server.RaftServerConfigKeys (ConfUtils.java:logGet(43)) - raft.server.watch.timeout = 10s (default)
2019-07-14 03:13:07,409 INFO  server.RaftServerConfigKeys (ConfUtils.java:logGet(43)) - raft.server.watch.timeout.denomination = 1s (default)
2019-07-14 03:13:07,409 INFO  server.RaftServerConfigKeys (ConfUtils.java:logGet(43)) - raft.server.watch.element-limit = 65536 (default)
2019-07-14 03:13:07,409 INFO  impl.RoleInfo (RoleInfo.java:updateAndGet(143)) - 27783468-ffde-4713-831d-aaf1e00189c6: start LeaderState
2019-07-14 03:13:07,410 INFO  segmented.SegmentedRaftLogWorker (SegmentedRaftLogWorker.java:startLogSegment(380)) - 27783468-ffde-4713-831d-aaf1e00189c6-SegmentedRaftLogWorker:Storage Directory /tmp/workdir/hadoop-ozone/integration-test/target/test-dir/MiniOzoneClusterImpl-cb60d03d-f57a-4c54-aae4-b882482aac61/datanode-7/data/ratis/4d0d8db3-becb-43ea-8848-6b5e0b80ccd0: Starting segment from index:0
2019-07-14 03:13:07,410 INFO  impl.RaftServerImpl (ServerState.java:setRaftConf(361)) - 27783468-ffde-4713-831d-aaf1e00189c6:group-6B5E0B80CCD0 set configuration 0: [27783468-ffde-4713-831d-aaf1e00189c6:192.168.157.236:35009], old=null at 0
2019-07-14 03:13:07,442 INFO  impl.FollowerState (FollowerState.java:run(106)) - 32768c98-e2de-4941-b329-cbef58f0807d:group-B25415F24AE6 changes to CANDIDATE, lastRpcTime:5034, electionTimeout:5034ms
2019-07-14 03:13:07,442 INFO  impl.RoleInfo (RoleInfo.java:shutdownFollowerState(121)) - 32768c98-e2de-4941-b329-cbef58f0807d: shutdown FollowerState
2019-07-14 03:13:07,443 INFO  impl.RaftServerImpl (RaftServerImpl.java:setRole(171)) - 32768c98-e2de-4941-b329-cbef58f0807d:group-B25415F24AE6 changes role from FOLLOWER to CANDIDATE at term 0 for changeToCandidate
2019-07-14 03:13:07,443 INFO  impl.RoleInfo (RoleInfo.java:updateAndGet(143)) - 32768c98-e2de-4941-b329-cbef58f0807d: start LeaderElection
2019-07-14 03:13:07,443 INFO  segmented.SegmentedRaftLogWorker (SegmentedRaftLogWorker.java:execute(569)) - 27783468-ffde-4713-831d-aaf1e00189c6-SegmentedRaftLogWorker:Storage Directory /tmp/workdir/hadoop-ozone/integration-test/target/test-dir/MiniOzoneClusterImpl-cb60d03d-f57a-4c54-aae4-b882482aac61/datanode-7/data/ratis/4d0d8db3-becb-43ea-8848-6b5e0b80ccd0: created new log segment /tmp/workdir/hadoop-ozone/integration-test/target/test-dir/MiniOzoneClusterImpl-cb60d03d-f57a-4c54-aae4-b882482aac61/datanode-7/data/ratis/4d0d8db3-becb-43ea-8848-6b5e0b80ccd0/current/log_inprogress_0
2019-07-14 03:13:07,463 INFO  impl.LeaderElection (LeaderElection.java:askForVotes(181)) - 32768c98-e2de-4941-b329-cbef58f0807d:group-B25415F24AE6:LeaderElection5: begin an election at term 1 for -1: [32768c98-e2de-4941-b329-cbef58f0807d:192.168.157.236:45597], old=null
2019-07-14 03:13:07,463 INFO  impl.RoleInfo (RoleInfo.java:shutdownLeaderElection(134)) - 32768c98-e2de-4941-b329-cbef58f0807d: shutdown LeaderElection
2019-07-14 03:13:07,464 INFO  impl.RaftServerImpl (RaftServerImpl.java:setRole(171)) - 32768c98-e2de-4941-b329-cbef58f0807d:group-B25415F24AE6 changes role from CANDIDATE to LEADER at term 1 for changeToLeader
2019-07-14 03:13:07,464 INFO  impl.RaftServerImpl (ServerState.java:setLeader(263)) - 32768c98-e2de-4941-b329-cbef58f0807d:group-B25415F24AE6 change Leader from null to 32768c98-e2de-4941-b329-cbef58f0807d at term 1 for becomeLeader, leader elected after 5060ms
2019-07-14 03:13:07,466 INFO  server.RaftServerConfigKeys (ConfUtils.java:logGet(43)) - raft.server.staging.catchup.gap = 1000 (default)
2019-07-14 03:13:07,466 INFO  server.RaftServerConfigKeys (ConfUtils.java:logGet(43)) - raft.server.rpc.sleep.time = 25ms (default)
2019-07-14 03:13:07,466 INFO  server.RaftServerConfigKeys (ConfUtils.java:logGet(43)) - raft.server.write.element-limit = 4096 (default)
2019-07-14 03:13:07,467 INFO  server.RaftServerConfigKeys (ConfUtils.java:logGet(43)) - raft.server.watch.timeout = 10s (default)
2019-07-14 03:13:07,467 INFO  server.RaftServerConfigKeys (ConfUtils.java:logGet(43)) - raft.server.watch.timeout.denomination = 1s (default)
2019-07-14 03:13:07,467 INFO  server.RaftServerConfigKeys (ConfUtils.java:logGet(43)) - raft.server.watch.element-limit = 65536 (default)
2019-07-14 03:13:07,467 INFO  impl.RoleInfo (RoleInfo.java:updateAndGet(143)) - 32768c98-e2de-4941-b329-cbef58f0807d: start LeaderState
2019-07-14 03:13:07,468 INFO  segmented.SegmentedRaftLogWorker (SegmentedRaftLogWorker.java:startLogSegment(380)) - 32768c98-e2de-4941-b329-cbef58f0807d-SegmentedRaftLogWorker:Storage Directory /tmp/workdir/hadoop-ozone/integration-test/target/test-dir/MiniOzoneClusterImpl-cb60d03d-f57a-4c54-aae4-b882482aac61/datanode-6/data/ratis/ecb07ce6-4c9c-4752-827a-b25415f24ae6: Starting segment from index:0
2019-07-14 03:13:07,468 INFO  impl.RaftServerImpl (ServerState.java:setRaftConf(361)) - 32768c98-e2de-4941-b329-cbef58f0807d:group-B25415F24AE6 set configuration 0: [32768c98-e2de-4941-b329-cbef58f0807d:192.168.157.236:45597], old=null at 0
2019-07-14 03:13:07,491 INFO  impl.FollowerState (FollowerState.java:run(106)) - 0e60352e-f5fb-4045-a639-8f5d9de2c68e:group-CA1328B09373 changes to CANDIDATE, lastRpcTime:5157, electionTimeout:5157ms
2019-07-14 03:13:07,494 INFO  impl.RoleInfo (RoleInfo.java:shutdownFollowerState(121)) - 0e60352e-f5fb-4045-a639-8f5d9de2c68e: shutdown FollowerState
2019-07-14 03:13:07,494 INFO  impl.RaftServerImpl (RaftServerImpl.java:setRole(171)) - 0e60352e-f5fb-4045-a639-8f5d9de2c68e:group-CA1328B09373 changes role from FOLLOWER to CANDIDATE at term 0 for changeToCandidate
2019-07-14 03:13:07,494 INFO  impl.RoleInfo (RoleInfo.java:updateAndGet(143)) - 0e60352e-f5fb-4045-a639-8f5d9de2c68e: start LeaderElection
2019-07-14 03:13:07,501 INFO  segmented.SegmentedRaftLogWorker (SegmentedRaftLogWorker.java:execute(569)) - 32768c98-e2de-4941-b329-cbef58f0807d-SegmentedRaftLogWorker:Storage Directory /tmp/workdir/hadoop-ozone/integration-test/target/test-dir/MiniOzoneClusterImpl-cb60d03d-f57a-4c54-aae4-b882482aac61/datanode-6/data/ratis/ecb07ce6-4c9c-4752-827a-b25415f24ae6: created new log segment /tmp/workdir/hadoop-ozone/integration-test/target/test-dir/MiniOzoneClusterImpl-cb60d03d-f57a-4c54-aae4-b882482aac61/datanode-6/data/ratis/ecb07ce6-4c9c-4752-827a-b25415f24ae6/current/log_inprogress_0
2019-07-14 03:13:07,513 INFO  impl.LeaderElection (LeaderElection.java:askForVotes(181)) - 0e60352e-f5fb-4045-a639-8f5d9de2c68e:group-CA1328B09373:LeaderElection6: begin an election at term 1 for -1: [0e60352e-f5fb-4045-a639-8f5d9de2c68e:192.168.157.236:34663], old=null
2019-07-14 03:13:07,513 INFO  impl.RoleInfo (RoleInfo.java:shutdownLeaderElection(134)) - 0e60352e-f5fb-4045-a639-8f5d9de2c68e: shutdown LeaderElection
2019-07-14 03:13:07,514 INFO  impl.RaftServerImpl (RaftServerImpl.java:setRole(171)) - 0e60352e-f5fb-4045-a639-8f5d9de2c68e:group-CA1328B09373 changes role from CANDIDATE to LEADER at term 1 for changeToLeader
2019-07-14 03:13:07,514 INFO  impl.RaftServerImpl (ServerState.java:setLeader(263)) - 0e60352e-f5fb-4045-a639-8f5d9de2c68e:group-CA1328B09373 change Leader from null to 0e60352e-f5fb-4045-a639-8f5d9de2c68e at term 1 for becomeLeader, leader elected after 5184ms
2019-07-14 03:13:07,516 INFO  server.RaftServerConfigKeys (ConfUtils.java:logGet(43)) - raft.server.staging.catchup.gap = 1000 (default)
2019-07-14 03:13:07,516 INFO  server.RaftServerConfigKeys (ConfUtils.java:logGet(43)) - raft.server.rpc.sleep.time = 25ms (default)
2019-07-14 03:13:07,517 INFO  server.RaftServerConfigKeys (ConfUtils.java:logGet(43)) - raft.server.write.element-limit = 4096 (default)
2019-07-14 03:13:07,519 INFO  server.RaftServerConfigKeys (ConfUtils.java:logGet(43)) - raft.server.watch.timeout = 10s (default)
2019-07-14 03:13:07,519 INFO  server.RaftServerConfigKeys (ConfUtils.java:logGet(43)) - raft.server.watch.timeout.denomination = 1s (default)
2019-07-14 03:13:07,519 INFO  server.RaftServerConfigKeys (ConfUtils.java:logGet(43)) - raft.server.watch.element-limit = 65536 (default)
2019-07-14 03:13:07,520 INFO  impl.RoleInfo (RoleInfo.java:updateAndGet(143)) - 0e60352e-f5fb-4045-a639-8f5d9de2c68e: start LeaderState
2019-07-14 03:13:07,520 INFO  segmented.SegmentedRaftLogWorker (SegmentedRaftLogWorker.java:startLogSegment(380)) - 0e60352e-f5fb-4045-a639-8f5d9de2c68e-SegmentedRaftLogWorker:Storage Directory /tmp/workdir/hadoop-ozone/integration-test/target/test-dir/MiniOzoneClusterImpl-cb60d03d-f57a-4c54-aae4-b882482aac61/datanode-5/data/ratis/430fcb27-a8e8-4f49-afe4-ca1328b09373: Starting segment from index:0
2019-07-14 03:13:07,520 INFO  client.GrpcClientProtocolClient (GrpcClientProtocolClient.java:onNext(255)) - client-366889886A98->db55e2dc-2f84-48ad-bfe6-e5d08d1ff6d4: receive RaftClientReply:client-366889886A98->db55e2dc-2f84-48ad-bfe6-e5d08d1ff6d4@group-BB011906DF6F, cid=19, FAILED org.apache.ratis.protocol.NotLeaderException: Server db55e2dc-2f84-48ad-bfe6-e5d08d1ff6d4 is not the leader (null). Request must be sent to leader., logIndex=0, commits[db55e2dc-2f84-48ad-bfe6-e5d08d1ff6d4:c-1]
2019-07-14 03:13:07,525 INFO  impl.RaftServerImpl (ServerState.java:setRaftConf(361)) - 0e60352e-f5fb-4045-a639-8f5d9de2c68e:group-CA1328B09373 set configuration 0: [0e60352e-f5fb-4045-a639-8f5d9de2c68e:192.168.157.236:34663], old=null at 0
2019-07-14 03:13:07,561 INFO  segmented.SegmentedRaftLogWorker (SegmentedRaftLogWorker.java:execute(569)) - 0e60352e-f5fb-4045-a639-8f5d9de2c68e-SegmentedRaftLogWorker:Storage Directory /tmp/workdir/hadoop-ozone/integration-test/target/test-dir/MiniOzoneClusterImpl-cb60d03d-f57a-4c54-aae4-b882482aac61/datanode-5/data/ratis/430fcb27-a8e8-4f49-afe4-ca1328b09373: created new log segment /tmp/workdir/hadoop-ozone/integration-test/target/test-dir/MiniOzoneClusterImpl-cb60d03d-f57a-4c54-aae4-b882482aac61/datanode-5/data/ratis/430fcb27-a8e8-4f49-afe4-ca1328b09373/current/log_inprogress_0
2019-07-14 03:13:07,627 INFO  impl.FollowerState (FollowerState.java:run(106)) - 30c25743-4f02-4fca-bc89-96f5d03206f9:group-E681CE41C483 changes to CANDIDATE, lastRpcTime:5056, electionTimeout:5056ms
2019-07-14 03:13:07,627 INFO  impl.RoleInfo (RoleInfo.java:shutdownFollowerState(121)) - 30c25743-4f02-4fca-bc89-96f5d03206f9: shutdown FollowerState
2019-07-14 03:13:07,627 INFO  impl.RaftServerImpl (RaftServerImpl.java:setRole(171)) - 30c25743-4f02-4fca-bc89-96f5d03206f9:group-E681CE41C483 changes role from FOLLOWER to CANDIDATE at term 0 for changeToCandidate
2019-07-14 03:13:07,627 INFO  impl.RoleInfo (RoleInfo.java:updateAndGet(143)) - 30c25743-4f02-4fca-bc89-96f5d03206f9: start LeaderElection
2019-07-14 03:13:07,648 INFO  impl.LeaderElection (LeaderElection.java:askForVotes(181)) - 30c25743-4f02-4fca-bc89-96f5d03206f9:group-E681CE41C483:LeaderElection7: begin an election at term 1 for -1: [30c25743-4f02-4fca-bc89-96f5d03206f9:192.168.157.236:44960], old=null
2019-07-14 03:13:07,651 INFO  impl.RoleInfo (RoleInfo.java:shutdownLeaderElection(134)) - 30c25743-4f02-4fca-bc89-96f5d03206f9: shutdown LeaderElection
2019-07-14 03:13:07,651 INFO  impl.RaftServerImpl (RaftServerImpl.java:setRole(171)) - 30c25743-4f02-4fca-bc89-96f5d03206f9:group-E681CE41C483 changes role from CANDIDATE to LEADER at term 1 for changeToLeader
2019-07-14 03:13:07,651 INFO  impl.RaftServerImpl (ServerState.java:setLeader(263)) - 30c25743-4f02-4fca-bc89-96f5d03206f9:group-E681CE41C483 change Leader from null to 30c25743-4f02-4fca-bc89-96f5d03206f9 at term 1 for becomeLeader, leader elected after 5086ms
2019-07-14 03:13:07,654 INFO  server.RaftServerConfigKeys (ConfUtils.java:logGet(43)) - raft.server.staging.catchup.gap = 1000 (default)
2019-07-14 03:13:07,654 INFO  server.RaftServerConfigKeys (ConfUtils.java:logGet(43)) - raft.server.rpc.sleep.time = 25ms (default)
2019-07-14 03:13:07,655 INFO  server.RaftServerConfigKeys (ConfUtils.java:logGet(43)) - raft.server.write.element-limit = 4096 (default)
2019-07-14 03:13:07,655 INFO  server.RaftServerConfigKeys (ConfUtils.java:logGet(43)) - raft.server.watch.timeout = 10s (default)
2019-07-14 03:13:07,655 INFO  server.RaftServerConfigKeys (ConfUtils.java:logGet(43)) - raft.server.watch.timeout.denomination = 1s (default)
2019-07-14 03:13:07,655 INFO  server.RaftServerConfigKeys (ConfUtils.java:logGet(43)) - raft.server.watch.element-limit = 65536 (default)
2019-07-14 03:13:07,655 INFO  impl.RoleInfo (RoleInfo.java:updateAndGet(143)) - 30c25743-4f02-4fca-bc89-96f5d03206f9: start LeaderState
2019-07-14 03:13:07,656 INFO  segmented.SegmentedRaftLogWorker (SegmentedRaftLogWorker.java:startLogSegment(380)) - 30c25743-4f02-4fca-bc89-96f5d03206f9-SegmentedRaftLogWorker:Storage Directory /tmp/workdir/hadoop-ozone/integration-test/target/test-dir/MiniOzoneClusterImpl-cb60d03d-f57a-4c54-aae4-b882482aac61/datanode-2/data/ratis/11ce9f86-758e-4d75-8af7-e681ce41c483: Starting segment from index:0
2019-07-14 03:13:07,656 INFO  impl.RaftServerImpl (ServerState.java:setRaftConf(361)) - 30c25743-4f02-4fca-bc89-96f5d03206f9:group-E681CE41C483 set configuration 0: [30c25743-4f02-4fca-bc89-96f5d03206f9:192.168.157.236:44960], old=null at 0
2019-07-14 03:13:07,679 INFO  impl.FollowerState (FollowerState.java:run(106)) - db55e2dc-2f84-48ad-bfe6-e5d08d1ff6d4:group-0DDA9C0A8406 changes to CANDIDATE, lastRpcTime:5197, electionTimeout:5177ms
2019-07-14 03:13:07,679 INFO  impl.RoleInfo (RoleInfo.java:shutdownFollowerState(121)) - db55e2dc-2f84-48ad-bfe6-e5d08d1ff6d4: shutdown FollowerState
2019-07-14 03:13:07,679 INFO  impl.RaftServerImpl (RaftServerImpl.java:setRole(171)) - db55e2dc-2f84-48ad-bfe6-e5d08d1ff6d4:group-0DDA9C0A8406 changes role from FOLLOWER to CANDIDATE at term 0 for changeToCandidate
2019-07-14 03:13:07,680 INFO  impl.RoleInfo (RoleInfo.java:updateAndGet(143)) - db55e2dc-2f84-48ad-bfe6-e5d08d1ff6d4: start LeaderElection
2019-07-14 03:13:07,692 INFO  segmented.SegmentedRaftLogWorker (SegmentedRaftLogWorker.java:execute(569)) - 30c25743-4f02-4fca-bc89-96f5d03206f9-SegmentedRaftLogWorker:Storage Directory /tmp/workdir/hadoop-ozone/integration-test/target/test-dir/MiniOzoneClusterImpl-cb60d03d-f57a-4c54-aae4-b882482aac61/datanode-2/data/ratis/11ce9f86-758e-4d75-8af7-e681ce41c483: created new log segment /tmp/workdir/hadoop-ozone/integration-test/target/test-dir/MiniOzoneClusterImpl-cb60d03d-f57a-4c54-aae4-b882482aac61/datanode-2/data/ratis/11ce9f86-758e-4d75-8af7-e681ce41c483/current/log_inprogress_0
2019-07-14 03:13:07,692 INFO  impl.LeaderElection (LeaderElection.java:askForVotes(181)) - db55e2dc-2f84-48ad-bfe6-e5d08d1ff6d4:group-0DDA9C0A8406:LeaderElection8: begin an election at term 1 for -1: [db55e2dc-2f84-48ad-bfe6-e5d08d1ff6d4:192.168.157.236:45358], old=null
2019-07-14 03:13:07,692 INFO  impl.RoleInfo (RoleInfo.java:shutdownLeaderElection(134)) - db55e2dc-2f84-48ad-bfe6-e5d08d1ff6d4: shutdown LeaderElection
2019-07-14 03:13:07,692 INFO  impl.RaftServerImpl (RaftServerImpl.java:setRole(171)) - db55e2dc-2f84-48ad-bfe6-e5d08d1ff6d4:group-0DDA9C0A8406 changes role from CANDIDATE to LEADER at term 1 for changeToLeader
2019-07-14 03:13:07,692 INFO  impl.RaftServerImpl (ServerState.java:setLeader(263)) - db55e2dc-2f84-48ad-bfe6-e5d08d1ff6d4:group-0DDA9C0A8406 change Leader from null to db55e2dc-2f84-48ad-bfe6-e5d08d1ff6d4 at term 1 for becomeLeader, leader elected after 5219ms
2019-07-14 03:13:07,695 INFO  server.RaftServerConfigKeys (ConfUtils.java:logGet(43)) - raft.server.staging.catchup.gap = 1000 (default)
2019-07-14 03:13:07,695 INFO  server.RaftServerConfigKeys (ConfUtils.java:logGet(43)) - raft.server.rpc.sleep.time = 25ms (default)
2019-07-14 03:13:07,695 INFO  server.RaftServerConfigKeys (ConfUtils.java:logGet(43)) - raft.server.write.element-limit = 4096 (default)
2019-07-14 03:13:07,695 INFO  server.RaftServerConfigKeys (ConfUtils.java:logGet(43)) - raft.server.watch.timeout = 10s (default)
2019-07-14 03:13:07,696 INFO  server.RaftServerConfigKeys (ConfUtils.java:logGet(43)) - raft.server.watch.timeout.denomination = 1s (default)
2019-07-14 03:13:07,696 INFO  server.RaftServerConfigKeys (ConfUtils.java:logGet(43)) - raft.server.watch.element-limit = 65536 (default)
2019-07-14 03:13:07,696 INFO  impl.RoleInfo (RoleInfo.java:updateAndGet(143)) - db55e2dc-2f84-48ad-bfe6-e5d08d1ff6d4: start LeaderState
2019-07-14 03:13:07,696 INFO  segmented.SegmentedRaftLogWorker (SegmentedRaftLogWorker.java:startLogSegment(380)) - db55e2dc-2f84-48ad-bfe6-e5d08d1ff6d4-SegmentedRaftLogWorker:Storage Directory /tmp/workdir/hadoop-ozone/integration-test/target/test-dir/MiniOzoneClusterImpl-cb60d03d-f57a-4c54-aae4-b882482aac61/datanode-9/data/ratis/c5dc5259-1176-4634-8859-0dda9c0a8406: Starting segment from index:0
2019-07-14 03:13:07,697 INFO  impl.RaftServerImpl (ServerState.java:setRaftConf(361)) - db55e2dc-2f84-48ad-bfe6-e5d08d1ff6d4:group-0DDA9C0A8406 set configuration 0: [db55e2dc-2f84-48ad-bfe6-e5d08d1ff6d4:192.168.157.236:45358], old=null at 0
2019-07-14 03:13:07,732 INFO  segmented.SegmentedRaftLogWorker (SegmentedRaftLogWorker.java:execute(569)) - db55e2dc-2f84-48ad-bfe6-e5d08d1ff6d4-SegmentedRaftLogWorker:Storage Directory /tmp/workdir/hadoop-ozone/integration-test/target/test-dir/MiniOzoneClusterImpl-cb60d03d-f57a-4c54-aae4-b882482aac61/datanode-9/data/ratis/c5dc5259-1176-4634-8859-0dda9c0a8406: created new log segment /tmp/workdir/hadoop-ozone/integration-test/target/test-dir/MiniOzoneClusterImpl-cb60d03d-f57a-4c54-aae4-b882482aac61/datanode-9/data/ratis/c5dc5259-1176-4634-8859-0dda9c0a8406/current/log_inprogress_0
2019-07-14 03:13:07,780 INFO  impl.FollowerState (FollowerState.java:run(106)) - c7a0e152-31f3-4073-9a76-7e483665e3d6:group-789C55EDEA02 changes to CANDIDATE, lastRpcTime:5130, electionTimeout:5130ms
2019-07-14 03:13:07,780 INFO  impl.RoleInfo (RoleInfo.java:shutdownFollowerState(121)) - c7a0e152-31f3-4073-9a76-7e483665e3d6: shutdown FollowerState
2019-07-14 03:13:07,780 INFO  impl.RaftServerImpl (RaftServerImpl.java:setRole(171)) - c7a0e152-31f3-4073-9a76-7e483665e3d6:group-789C55EDEA02 changes role from FOLLOWER to CANDIDATE at term 0 for changeToCandidate
2019-07-14 03:13:07,781 INFO  impl.RoleInfo (RoleInfo.java:updateAndGet(143)) - c7a0e152-31f3-4073-9a76-7e483665e3d6: start LeaderElection
2019-07-14 03:13:07,803 INFO  impl.LeaderElection (LeaderElection.java:askForVotes(181)) - c7a0e152-31f3-4073-9a76-7e483665e3d6:group-789C55EDEA02:LeaderElection9: begin an election at term 1 for -1: [c7a0e152-31f3-4073-9a76-7e483665e3d6:192.168.157.236:39551], old=null
2019-07-14 03:13:07,805 INFO  impl.FollowerState (FollowerState.java:run(106)) - cefac542-4bc5-4af4-a5e6-8330cc59eed9:group-618B8C7564C7 changes to CANDIDATE, lastRpcTime:5080, electionTimeout:5078ms
2019-07-14 03:13:07,805 INFO  impl.RoleInfo (RoleInfo.java:shutdownLeaderElection(134)) - c7a0e152-31f3-4073-9a76-7e483665e3d6: shutdown LeaderElection
2019-07-14 03:13:07,805 INFO  impl.RoleInfo (RoleInfo.java:shutdownFollowerState(121)) - cefac542-4bc5-4af4-a5e6-8330cc59eed9: shutdown FollowerState
2019-07-14 03:13:07,806 INFO  impl.RaftServerImpl (RaftServerImpl.java:setRole(171)) - c7a0e152-31f3-4073-9a76-7e483665e3d6:group-789C55EDEA02 changes role from CANDIDATE to LEADER at term 1 for changeToLeader
2019-07-14 03:13:07,806 INFO  impl.RaftServerImpl (RaftServerImpl.java:setRole(171)) - cefac542-4bc5-4af4-a5e6-8330cc59eed9:group-618B8C7564C7 changes role from FOLLOWER to CANDIDATE at term 0 for changeToCandidate
2019-07-14 03:13:07,806 INFO  impl.RaftServerImpl (ServerState.java:setLeader(263)) - c7a0e152-31f3-4073-9a76-7e483665e3d6:group-789C55EDEA02 change Leader from null to c7a0e152-31f3-4073-9a76-7e483665e3d6 at term 1 for becomeLeader, leader elected after 5161ms
2019-07-14 03:13:07,806 INFO  impl.RoleInfo (RoleInfo.java:updateAndGet(143)) - cefac542-4bc5-4af4-a5e6-8330cc59eed9: start LeaderElection
2019-07-14 03:13:07,808 INFO  server.RaftServerConfigKeys (ConfUtils.java:logGet(43)) - raft.server.staging.catchup.gap = 1000 (default)
2019-07-14 03:13:07,809 INFO  server.RaftServerConfigKeys (ConfUtils.java:logGet(43)) - raft.server.rpc.sleep.time = 25ms (default)
2019-07-14 03:13:07,816 INFO  server.RaftServerConfigKeys (ConfUtils.java:logGet(43)) - raft.server.write.element-limit = 4096 (default)
2019-07-14 03:13:07,817 INFO  server.RaftServerConfigKeys (ConfUtils.java:logGet(43)) - raft.server.watch.timeout = 10s (default)
2019-07-14 03:13:07,817 INFO  server.RaftServerConfigKeys (ConfUtils.java:logGet(43)) - raft.server.watch.timeout.denomination = 1s (default)
2019-07-14 03:13:07,817 INFO  server.RaftServerConfigKeys (ConfUtils.java:logGet(43)) - raft.server.watch.element-limit = 65536 (default)
2019-07-14 03:13:07,817 INFO  impl.RoleInfo (RoleInfo.java:updateAndGet(143)) - c7a0e152-31f3-4073-9a76-7e483665e3d6: start LeaderState
2019-07-14 03:13:07,818 INFO  segmented.SegmentedRaftLogWorker (SegmentedRaftLogWorker.java:startLogSegment(380)) - c7a0e152-31f3-4073-9a76-7e483665e3d6-SegmentedRaftLogWorker:Storage Directory /tmp/workdir/hadoop-ozone/integration-test/target/test-dir/MiniOzoneClusterImpl-cb60d03d-f57a-4c54-aae4-b882482aac61/datanode-3/data/ratis/69e2926a-c8e8-4ed7-b696-789c55edea02: Starting segment from index:0
2019-07-14 03:13:07,818 INFO  impl.RaftServerImpl (ServerState.java:setRaftConf(361)) - c7a0e152-31f3-4073-9a76-7e483665e3d6:group-789C55EDEA02 set configuration 0: [c7a0e152-31f3-4073-9a76-7e483665e3d6:192.168.157.236:39551], old=null at 0
2019-07-14 03:13:07,842 INFO  impl.LeaderElection (LeaderElection.java:askForVotes(181)) - cefac542-4bc5-4af4-a5e6-8330cc59eed9:group-618B8C7564C7:LeaderElection10: begin an election at term 1 for -1: [cefac542-4bc5-4af4-a5e6-8330cc59eed9:192.168.157.236:46384], old=null
2019-07-14 03:13:07,842 INFO  impl.RoleInfo (RoleInfo.java:shutdownLeaderElection(134)) - cefac542-4bc5-4af4-a5e6-8330cc59eed9: shutdown LeaderElection
2019-07-14 03:13:07,842 INFO  impl.RaftServerImpl (RaftServerImpl.java:setRole(171)) - cefac542-4bc5-4af4-a5e6-8330cc59eed9:group-618B8C7564C7 changes role from CANDIDATE to LEADER at term 1 for changeToLeader
2019-07-14 03:13:07,842 INFO  impl.RaftServerImpl (ServerState.java:setLeader(263)) - cefac542-4bc5-4af4-a5e6-8330cc59eed9:group-618B8C7564C7 change Leader from null to cefac542-4bc5-4af4-a5e6-8330cc59eed9 at term 1 for becomeLeader, leader elected after 5122ms
2019-07-14 03:13:07,845 INFO  server.RaftServerConfigKeys (ConfUtils.java:logGet(43)) - raft.server.staging.catchup.gap = 1000 (default)
2019-07-14 03:13:07,845 INFO  segmented.SegmentedRaftLogWorker (SegmentedRaftLogWorker.java:execute(569)) - c7a0e152-31f3-4073-9a76-7e483665e3d6-SegmentedRaftLogWorker:Storage Directory /tmp/workdir/hadoop-ozone/integration-test/target/test-dir/MiniOzoneClusterImpl-cb60d03d-f57a-4c54-aae4-b882482aac61/datanode-3/data/ratis/69e2926a-c8e8-4ed7-b696-789c55edea02: created new log segment /tmp/workdir/hadoop-ozone/integration-test/target/test-dir/MiniOzoneClusterImpl-cb60d03d-f57a-4c54-aae4-b882482aac61/datanode-3/data/ratis/69e2926a-c8e8-4ed7-b696-789c55edea02/current/log_inprogress_0
2019-07-14 03:13:07,845 INFO  server.RaftServerConfigKeys (ConfUtils.java:logGet(43)) - raft.server.rpc.sleep.time = 25ms (default)
2019-07-14 03:13:07,846 INFO  server.RaftServerConfigKeys (ConfUtils.java:logGet(43)) - raft.server.write.element-limit = 4096 (default)
2019-07-14 03:13:07,846 INFO  server.RaftServerConfigKeys (ConfUtils.java:logGet(43)) - raft.server.watch.timeout = 10s (default)
2019-07-14 03:13:07,846 INFO  impl.FollowerState (FollowerState.java:run(106)) - 0b03543f-d8a9-4e23-a6ad-7779f4dc574c:group-6741FD601A89 changes to CANDIDATE, lastRpcTime:5022, electionTimeout:5022ms
2019-07-14 03:13:07,849 INFO  impl.RoleInfo (RoleInfo.java:shutdownFollowerState(121)) - 0b03543f-d8a9-4e23-a6ad-7779f4dc574c: shutdown FollowerState
2019-07-14 03:13:07,846 INFO  server.RaftServerConfigKeys (ConfUtils.java:logGet(43)) - raft.server.watch.timeout.denomination = 1s (default)
2019-07-14 03:13:07,849 INFO  impl.RaftServerImpl (RaftServerImpl.java:setRole(171)) - 0b03543f-d8a9-4e23-a6ad-7779f4dc574c:group-6741FD601A89 changes role from FOLLOWER to CANDIDATE at term 0 for changeToCandidate
2019-07-14 03:13:07,849 INFO  server.RaftServerConfigKeys (ConfUtils.java:logGet(43)) - raft.server.watch.element-limit = 65536 (default)
2019-07-14 03:13:07,849 INFO  impl.RoleInfo (RoleInfo.java:updateAndGet(143)) - 0b03543f-d8a9-4e23-a6ad-7779f4dc574c: start LeaderElection
2019-07-14 03:13:07,850 INFO  impl.RoleInfo (RoleInfo.java:updateAndGet(143)) - cefac542-4bc5-4af4-a5e6-8330cc59eed9: start LeaderState
2019-07-14 03:13:07,850 INFO  segmented.SegmentedRaftLogWorker (SegmentedRaftLogWorker.java:startLogSegment(380)) - cefac542-4bc5-4af4-a5e6-8330cc59eed9-SegmentedRaftLogWorker:Storage Directory /tmp/workdir/hadoop-ozone/integration-test/target/test-dir/MiniOzoneClusterImpl-cb60d03d-f57a-4c54-aae4-b882482aac61/datanode-8/data/ratis/4d2e096e-5451-4622-bc8f-618b8c7564c7: Starting segment from index:0
2019-07-14 03:13:07,857 INFO  impl.FollowerState (FollowerState.java:run(106)) - 835c9c09-ec1b-4b02-b4b4-41c8dbc3d3a5:group-6741FD601A89 changes to CANDIDATE, lastRpcTime:5012, electionTimeout:5010ms
2019-07-14 03:13:07,858 INFO  impl.RoleInfo (RoleInfo.java:shutdownFollowerState(121)) - 835c9c09-ec1b-4b02-b4b4-41c8dbc3d3a5: shutdown FollowerState
2019-07-14 03:13:07,858 INFO  impl.RaftServerImpl (RaftServerImpl.java:setRole(171)) - 835c9c09-ec1b-4b02-b4b4-41c8dbc3d3a5:group-6741FD601A89 changes role from FOLLOWER to CANDIDATE at term 0 for changeToCandidate
2019-07-14 03:13:07,858 INFO  impl.RaftServerImpl (ServerState.java:setRaftConf(361)) - cefac542-4bc5-4af4-a5e6-8330cc59eed9:group-618B8C7564C7 set configuration 0: [cefac542-4bc5-4af4-a5e6-8330cc59eed9:192.168.157.236:46384], old=null at 0
2019-07-14 03:13:07,858 INFO  impl.RoleInfo (RoleInfo.java:updateAndGet(143)) - 835c9c09-ec1b-4b02-b4b4-41c8dbc3d3a5: start LeaderElection
2019-07-14 03:13:07,879 INFO  impl.LeaderElection (LeaderElection.java:askForVotes(181)) - 0b03543f-d8a9-4e23-a6ad-7779f4dc574c:group-6741FD601A89:LeaderElection11: begin an election at term 1 for -1: [835c9c09-ec1b-4b02-b4b4-41c8dbc3d3a5:192.168.157.236:36716, 0b03543f-d8a9-4e23-a6ad-7779f4dc574c:192.168.157.236:43441, 27783468-ffde-4713-831d-aaf1e00189c6:192.168.157.236:35009], old=null
2019-07-14 03:13:07,892 INFO  segmented.SegmentedRaftLogWorker (SegmentedRaftLogWorker.java:execute(569)) - cefac542-4bc5-4af4-a5e6-8330cc59eed9-SegmentedRaftLogWorker:Storage Directory /tmp/workdir/hadoop-ozone/integration-test/target/test-dir/MiniOzoneClusterImpl-cb60d03d-f57a-4c54-aae4-b882482aac61/datanode-8/data/ratis/4d2e096e-5451-4622-bc8f-618b8c7564c7: created new log segment /tmp/workdir/hadoop-ozone/integration-test/target/test-dir/MiniOzoneClusterImpl-cb60d03d-f57a-4c54-aae4-b882482aac61/datanode-8/data/ratis/4d2e096e-5451-4622-bc8f-618b8c7564c7/current/log_inprogress_0
2019-07-14 03:13:07,892 INFO  impl.LeaderElection (LeaderElection.java:askForVotes(181)) - 835c9c09-ec1b-4b02-b4b4-41c8dbc3d3a5:group-6741FD601A89:LeaderElection12: begin an election at term 1 for -1: [835c9c09-ec1b-4b02-b4b4-41c8dbc3d3a5:192.168.157.236:36716, 0b03543f-d8a9-4e23-a6ad-7779f4dc574c:192.168.157.236:43441, 27783468-ffde-4713-831d-aaf1e00189c6:192.168.157.236:35009], old=null
2019-07-14 03:13:07,930 INFO  impl.RaftServerImpl (RaftServerImpl.java:setRole(171)) - 27783468-ffde-4713-831d-aaf1e00189c6:group-6741FD601A89 changes role from FOLLOWER to FOLLOWER at term 1 for recognizeCandidate:835c9c09-ec1b-4b02-b4b4-41c8dbc3d3a5
2019-07-14 03:13:07,933 INFO  impl.RoleInfo (RoleInfo.java:shutdownFollowerState(121)) - 27783468-ffde-4713-831d-aaf1e00189c6: shutdown FollowerState
2019-07-14 03:13:07,934 INFO  impl.RoleInfo (RoleInfo.java:updateAndGet(143)) - 27783468-ffde-4713-831d-aaf1e00189c6: start FollowerState
2019-07-14 03:13:07,934 INFO  impl.FollowerState (FollowerState.java:run(114)) - 27783468-ffde-4713-831d-aaf1e00189c6: FollowerState was interrupted: java.lang.InterruptedException: sleep interrupted
2019-07-14 03:13:07,973 INFO  impl.LeaderElection (LeaderElection.java:logAndReturn(56)) - 835c9c09-ec1b-4b02-b4b4-41c8dbc3d3a5:group-6741FD601A89:LeaderElection12: Election PASSED; received 2 response(s) [835c9c09-ec1b-4b02-b4b4-41c8dbc3d3a5<-0b03543f-d8a9-4e23-a6ad-7779f4dc574c#0:FAIL-t1, 835c9c09-ec1b-4b02-b4b4-41c8dbc3d3a5<-27783468-ffde-4713-831d-aaf1e00189c6#0:OK-t1] and 0 exception(s); 835c9c09-ec1b-4b02-b4b4-41c8dbc3d3a5:t1, leader=null, voted=835c9c09-ec1b-4b02-b4b4-41c8dbc3d3a5, raftlog=835c9c09-ec1b-4b02-b4b4-41c8dbc3d3a5-SegmentedRaftLog:OPENED:c-1,f-1,i0, conf=-1: [835c9c09-ec1b-4b02-b4b4-41c8dbc3d3a5:192.168.157.236:36716, 0b03543f-d8a9-4e23-a6ad-7779f4dc574c:192.168.157.236:43441, 27783468-ffde-4713-831d-aaf1e00189c6:192.168.157.236:35009], old=null
2019-07-14 03:13:07,973 INFO  impl.LeaderElection (LeaderElection.java:logAndReturn(56)) - 0b03543f-d8a9-4e23-a6ad-7779f4dc574c:group-6741FD601A89:LeaderElection11: Election REJECTED; received 2 response(s) [0b03543f-d8a9-4e23-a6ad-7779f4dc574c<-835c9c09-ec1b-4b02-b4b4-41c8dbc3d3a5#0:FAIL-t1, 0b03543f-d8a9-4e23-a6ad-7779f4dc574c<-27783468-ffde-4713-831d-aaf1e00189c6#0:FAIL-t1] and 0 exception(s); 0b03543f-d8a9-4e23-a6ad-7779f4dc574c:t1, leader=null, voted=0b03543f-d8a9-4e23-a6ad-7779f4dc574c, raftlog=0b03543f-d8a9-4e23-a6ad-7779f4dc574c-SegmentedRaftLog:OPENED:c-1,f-1,i0, conf=-1: [835c9c09-ec1b-4b02-b4b4-41c8dbc3d3a5:192.168.157.236:36716, 0b03543f-d8a9-4e23-a6ad-7779f4dc574c:192.168.157.236:43441, 27783468-ffde-4713-831d-aaf1e00189c6:192.168.157.236:35009], old=null
2019-07-14 03:13:07,974 INFO  impl.RoleInfo (RoleInfo.java:shutdownLeaderElection(134)) - 835c9c09-ec1b-4b02-b4b4-41c8dbc3d3a5: shutdown LeaderElection
2019-07-14 03:13:07,976 INFO  impl.RaftServerImpl (RaftServerImpl.java:setRole(171)) - 0b03543f-d8a9-4e23-a6ad-7779f4dc574c:group-6741FD601A89 changes role from CANDIDATE to FOLLOWER at term 1 for DISCOVERED_A_NEW_TERM
2019-07-14 03:13:07,984 INFO  impl.RaftServerImpl (RaftServerImpl.java:setRole(171)) - 835c9c09-ec1b-4b02-b4b4-41c8dbc3d3a5:group-6741FD601A89 changes role from CANDIDATE to LEADER at term 1 for changeToLeader
2019-07-14 03:13:07,984 INFO  impl.RoleInfo (RoleInfo.java:shutdownLeaderElection(134)) - 0b03543f-d8a9-4e23-a6ad-7779f4dc574c: shutdown LeaderElection
2019-07-14 03:13:07,989 INFO  impl.RaftServerImpl (ServerState.java:setLeader(263)) - 835c9c09-ec1b-4b02-b4b4-41c8dbc3d3a5:group-6741FD601A89 change Leader from null to 835c9c09-ec1b-4b02-b4b4-41c8dbc3d3a5 at term 1 for becomeLeader, leader elected after 5180ms
2019-07-14 03:13:07,989 INFO  impl.RoleInfo (RoleInfo.java:updateAndGet(143)) - 0b03543f-d8a9-4e23-a6ad-7779f4dc574c: start FollowerState
2019-07-14 03:13:07,990 INFO  server.RaftServerConfigKeys (ConfUtils.java:logGet(43)) - raft.server.staging.catchup.gap = 1000 (default)
2019-07-14 03:13:07,992 INFO  server.RaftServerConfigKeys (ConfUtils.java:logGet(43)) - raft.server.rpc.sleep.time = 25ms (default)
2019-07-14 03:13:07,992 INFO  server.RaftServerConfigKeys (ConfUtils.java:logGet(43)) - raft.server.write.element-limit = 4096 (default)
2019-07-14 03:13:07,993 INFO  server.RaftServerConfigKeys (ConfUtils.java:logGet(43)) - raft.server.watch.timeout = 10s (default)
2019-07-14 03:13:07,993 INFO  server.RaftServerConfigKeys (ConfUtils.java:logGet(43)) - raft.server.watch.timeout.denomination = 1s (default)
2019-07-14 03:13:07,993 INFO  server.RaftServerConfigKeys (ConfUtils.java:logGet(43)) - raft.server.watch.element-limit = 65536 (default)
2019-07-14 03:13:07,996 INFO  server.RaftServerConfigKeys (ConfUtils.java:logGet(43)) - raft.server.log.appender.snapshot.chunk.size.max = 16MB (=16777216) (default)
2019-07-14 03:13:07,996 INFO  server.RaftServerConfigKeys (ConfUtils.java:logGet(43)) - raft.server.log.appender.buffer.byte-limit = 33554432 (custom)
2019-07-14 03:13:07,996 INFO  server.RaftServerConfigKeys (ConfUtils.java:logGet(43)) - raft.server.log.appender.buffer.element-limit = 1 (custom)
2019-07-14 03:13:07,999 INFO  grpc.GrpcConfigKeys$Server (ConfUtils.java:logGet(43)) - raft.grpc.server.leader.outstanding.appends.max = 128 (default)
2019-07-14 03:13:08,002 INFO  server.RaftServerConfigKeys (ConfUtils.java:logGet(43)) - raft.server.rpc.request.timeout = 3000ms (default)
2019-07-14 03:13:08,002 INFO  server.RaftServerConfigKeys (ConfUtils.java:logGet(43)) - raft.server.log.appender.install.snapshot.enabled = false (custom)
2019-07-14 03:13:08,003 INFO  server.RaftServerConfigKeys (ConfUtils.java:logGet(43)) - raft.server.log.appender.snapshot.chunk.size.max = 16MB (=16777216) (default)
2019-07-14 03:13:08,003 INFO  server.RaftServerConfigKeys (ConfUtils.java:logGet(43)) - raft.server.log.appender.buffer.byte-limit = 33554432 (custom)
2019-07-14 03:13:08,003 INFO  server.RaftServerConfigKeys (ConfUtils.java:logGet(43)) - raft.server.log.appender.buffer.element-limit = 1 (custom)
2019-07-14 03:13:08,003 INFO  grpc.GrpcConfigKeys$Server (ConfUtils.java:logGet(43)) - raft.grpc.server.leader.outstanding.appends.max = 128 (default)
2019-07-14 03:13:08,004 INFO  server.RaftServerConfigKeys (ConfUtils.java:logGet(43)) - raft.server.rpc.request.timeout = 3000ms (default)
2019-07-14 03:13:08,004 INFO  server.RaftServerConfigKeys (ConfUtils.java:logGet(43)) - raft.server.log.appender.install.snapshot.enabled = false (custom)
2019-07-14 03:13:08,006 INFO  impl.RoleInfo (RoleInfo.java:updateAndGet(143)) - 835c9c09-ec1b-4b02-b4b4-41c8dbc3d3a5: start LeaderState
2019-07-14 03:13:08,006 INFO  impl.FollowerState (FollowerState.java:run(106)) - 32768c98-e2de-4941-b329-cbef58f0807d:group-D66902459746 changes to CANDIDATE, lastRpcTime:5012, electionTimeout:5012ms
2019-07-14 03:13:08,006 INFO  segmented.SegmentedRaftLogWorker (SegmentedRaftLogWorker.java:startLogSegment(380)) - 835c9c09-ec1b-4b02-b4b4-41c8dbc3d3a5-SegmentedRaftLogWorker:Storage Directory /tmp/workdir/hadoop-ozone/integration-test/target/test-dir/MiniOzoneClusterImpl-cb60d03d-f57a-4c54-aae4-b882482aac61/datanode-4/data/ratis/3c48cef5-de0d-4373-9a05-6741fd601a89: Starting segment from index:0
2019-07-14 03:13:08,006 INFO  impl.RoleInfo (RoleInfo.java:shutdownFollowerState(121)) - 32768c98-e2de-4941-b329-cbef58f0807d: shutdown FollowerState
2019-07-14 03:13:08,006 INFO  impl.RaftServerImpl (RaftServerImpl.java:setRole(171)) - 32768c98-e2de-4941-b329-cbef58f0807d:group-D66902459746 changes role from FOLLOWER to CANDIDATE at term 0 for changeToCandidate
2019-07-14 03:13:08,007 INFO  impl.RoleInfo (RoleInfo.java:updateAndGet(143)) - 32768c98-e2de-4941-b329-cbef58f0807d: start LeaderElection
2019-07-14 03:13:08,030 INFO  impl.FollowerState (FollowerState.java:run(106)) - a3b6d8a3-b3a7-474d-832c-87c14ad24448:group-D66902459746 changes to CANDIDATE, lastRpcTime:5033, electionTimeout:5011ms
2019-07-14 03:13:08,030 INFO  impl.FollowerState (FollowerState.java:run(106)) - 0e60352e-f5fb-4045-a639-8f5d9de2c68e:group-D66902459746 changes to CANDIDATE, lastRpcTime:5032, electionTimeout:5026ms
2019-07-14 03:13:08,031 INFO  impl.RoleInfo (RoleInfo.java:shutdownFollowerState(121)) - a3b6d8a3-b3a7-474d-832c-87c14ad24448: shutdown FollowerState
2019-07-14 03:13:08,033 INFO  impl.RoleInfo (RoleInfo.java:shutdownFollowerState(121)) - 0e60352e-f5fb-4045-a639-8f5d9de2c68e: shutdown FollowerState
2019-07-14 03:13:08,034 INFO  impl.RaftServerImpl (RaftServerImpl.java:setRole(171)) - a3b6d8a3-b3a7-474d-832c-87c14ad24448:group-D66902459746 changes role from FOLLOWER to CANDIDATE at term 0 for changeToCandidate
2019-07-14 03:13:08,034 INFO  impl.RaftServerImpl (ServerState.java:setRaftConf(361)) - 835c9c09-ec1b-4b02-b4b4-41c8dbc3d3a5:group-6741FD601A89 set configuration 0: [835c9c09-ec1b-4b02-b4b4-41c8dbc3d3a5:192.168.157.236:36716, 0b03543f-d8a9-4e23-a6ad-7779f4dc574c:192.168.157.236:43441, 27783468-ffde-4713-831d-aaf1e00189c6:192.168.157.236:35009], old=null at 0
2019-07-14 03:13:08,034 INFO  impl.RoleInfo (RoleInfo.java:updateAndGet(143)) - a3b6d8a3-b3a7-474d-832c-87c14ad24448: start LeaderElection
2019-07-14 03:13:08,034 INFO  impl.RaftServerImpl (RaftServerImpl.java:setRole(171)) - 0e60352e-f5fb-4045-a639-8f5d9de2c68e:group-D66902459746 changes role from FOLLOWER to CANDIDATE at term 0 for changeToCandidate
2019-07-14 03:13:08,039 INFO  impl.RoleInfo (RoleInfo.java:updateAndGet(143)) - 0e60352e-f5fb-4045-a639-8f5d9de2c68e: start LeaderElection
2019-07-14 03:13:08,046 INFO  segmented.SegmentedRaftLogWorker (SegmentedRaftLogWorker.java:execute(569)) - 835c9c09-ec1b-4b02-b4b4-41c8dbc3d3a5-SegmentedRaftLogWorker:Storage Directory /tmp/workdir/hadoop-ozone/integration-test/target/test-dir/MiniOzoneClusterImpl-cb60d03d-f57a-4c54-aae4-b882482aac61/datanode-4/data/ratis/3c48cef5-de0d-4373-9a05-6741fd601a89: created new log segment /tmp/workdir/hadoop-ozone/integration-test/target/test-dir/MiniOzoneClusterImpl-cb60d03d-f57a-4c54-aae4-b882482aac61/datanode-4/data/ratis/3c48cef5-de0d-4373-9a05-6741fd601a89/current/log_inprogress_0
2019-07-14 03:13:08,051 INFO  impl.LeaderElection (LeaderElection.java:askForVotes(181)) - 32768c98-e2de-4941-b329-cbef58f0807d:group-D66902459746:LeaderElection13: begin an election at term 1 for -1: [0e60352e-f5fb-4045-a639-8f5d9de2c68e:192.168.157.236:34663, a3b6d8a3-b3a7-474d-832c-87c14ad24448:192.168.157.236:34566, 32768c98-e2de-4941-b329-cbef58f0807d:192.168.157.236:45597], old=null
2019-07-14 03:13:08,065 INFO  impl.LeaderElection (LeaderElection.java:askForVotes(181)) - 0e60352e-f5fb-4045-a639-8f5d9de2c68e:group-D66902459746:LeaderElection15: begin an election at term 1 for -1: [0e60352e-f5fb-4045-a639-8f5d9de2c68e:192.168.157.236:34663, a3b6d8a3-b3a7-474d-832c-87c14ad24448:192.168.157.236:34566, 32768c98-e2de-4941-b329-cbef58f0807d:192.168.157.236:45597], old=null
2019-07-14 03:13:08,067 INFO  impl.LeaderElection (LeaderElection.java:askForVotes(181)) - a3b6d8a3-b3a7-474d-832c-87c14ad24448:group-D66902459746:LeaderElection14: begin an election at term 1 for -1: [0e60352e-f5fb-4045-a639-8f5d9de2c68e:192.168.157.236:34663, a3b6d8a3-b3a7-474d-832c-87c14ad24448:192.168.157.236:34566, 32768c98-e2de-4941-b329-cbef58f0807d:192.168.157.236:45597], old=null
2019-07-14 03:13:08,094 INFO  impl.RaftServerImpl (ServerState.java:setLeader(263)) - 0b03543f-d8a9-4e23-a6ad-7779f4dc574c:group-6741FD601A89 change Leader from null to 835c9c09-ec1b-4b02-b4b4-41c8dbc3d3a5 at term 1 for appendEntries, leader elected after 5286ms
2019-07-14 03:13:08,098 INFO  impl.RaftServerImpl (ServerState.java:setLeader(263)) - 27783468-ffde-4713-831d-aaf1e00189c6:group-6741FD601A89 change Leader from null to 835c9c09-ec1b-4b02-b4b4-41c8dbc3d3a5 at term 1 for appendEntries, leader elected after 5290ms
2019-07-14 03:13:08,104 INFO  impl.LeaderElection (LeaderElection.java:logAndReturn(56)) - 32768c98-e2de-4941-b329-cbef58f0807d:group-D66902459746:LeaderElection13: Election REJECTED; received 2 response(s) [32768c98-e2de-4941-b329-cbef58f0807d<-0e60352e-f5fb-4045-a639-8f5d9de2c68e#0:FAIL-t1, 32768c98-e2de-4941-b329-cbef58f0807d<-a3b6d8a3-b3a7-474d-832c-87c14ad24448#0:FAIL-t1] and 0 exception(s); 32768c98-e2de-4941-b329-cbef58f0807d:t1, leader=null, voted=32768c98-e2de-4941-b329-cbef58f0807d, raftlog=32768c98-e2de-4941-b329-cbef58f0807d-SegmentedRaftLog:OPENED:c-1,f-1,i0, conf=-1: [0e60352e-f5fb-4045-a639-8f5d9de2c68e:192.168.157.236:34663, a3b6d8a3-b3a7-474d-832c-87c14ad24448:192.168.157.236:34566, 32768c98-e2de-4941-b329-cbef58f0807d:192.168.157.236:45597], old=null
2019-07-14 03:13:08,104 INFO  impl.RaftServerImpl (RaftServerImpl.java:setRole(171)) - 32768c98-e2de-4941-b329-cbef58f0807d:group-D66902459746 changes role from CANDIDATE to FOLLOWER at term 1 for DISCOVERED_A_NEW_TERM
2019-07-14 03:13:08,113 INFO  impl.RoleInfo (RoleInfo.java:shutdownLeaderElection(134)) - 32768c98-e2de-4941-b329-cbef58f0807d: shutdown LeaderElection
2019-07-14 03:13:08,113 INFO  impl.RoleInfo (RoleInfo.java:updateAndGet(143)) - 32768c98-e2de-4941-b329-cbef58f0807d: start FollowerState
2019-07-14 03:13:08,133 INFO  impl.LeaderElection (LeaderElection.java:logAndReturn(56)) - 0e60352e-f5fb-4045-a639-8f5d9de2c68e:group-D66902459746:LeaderElection15: Election REJECTED; received 2 response(s) [0e60352e-f5fb-4045-a639-8f5d9de2c68e<-a3b6d8a3-b3a7-474d-832c-87c14ad24448#0:FAIL-t1, 0e60352e-f5fb-4045-a639-8f5d9de2c68e<-32768c98-e2de-4941-b329-cbef58f0807d#0:FAIL-t1] and 0 exception(s); 0e60352e-f5fb-4045-a639-8f5d9de2c68e:t1, leader=null, voted=0e60352e-f5fb-4045-a639-8f5d9de2c68e, raftlog=0e60352e-f5fb-4045-a639-8f5d9de2c68e-SegmentedRaftLog:OPENED:c-1,f-1,i0, conf=-1: [0e60352e-f5fb-4045-a639-8f5d9de2c68e:192.168.157.236:34663, a3b6d8a3-b3a7-474d-832c-87c14ad24448:192.168.157.236:34566, 32768c98-e2de-4941-b329-cbef58f0807d:192.168.157.236:45597], old=null
2019-07-14 03:13:08,136 INFO  impl.FollowerState (FollowerState.java:run(106)) - db55e2dc-2f84-48ad-bfe6-e5d08d1ff6d4:group-BB011906DF6F changes to CANDIDATE, lastRpcTime:5030, electionTimeout:5027ms
2019-07-14 03:13:08,136 INFO  impl.RaftServerImpl (RaftServerImpl.java:setRole(171)) - 0e60352e-f5fb-4045-a639-8f5d9de2c68e:group-D66902459746 changes role from CANDIDATE to FOLLOWER at term 1 for DISCOVERED_A_NEW_TERM
2019-07-14 03:13:08,151 INFO  impl.RoleInfo (RoleInfo.java:shutdownLeaderElection(134)) - 0e60352e-f5fb-4045-a639-8f5d9de2c68e: shutdown LeaderElection
2019-07-14 03:13:08,149 INFO  impl.RoleInfo (RoleInfo.java:shutdownFollowerState(121)) - db55e2dc-2f84-48ad-bfe6-e5d08d1ff6d4: shutdown FollowerState
2019-07-14 03:13:08,151 INFO  impl.RoleInfo (RoleInfo.java:updateAndGet(143)) - 0e60352e-f5fb-4045-a639-8f5d9de2c68e: start FollowerState
2019-07-14 03:13:08,151 INFO  impl.RaftServerImpl (RaftServerImpl.java:setRole(171)) - db55e2dc-2f84-48ad-bfe6-e5d08d1ff6d4:group-BB011906DF6F changes role from FOLLOWER to CANDIDATE at term 0 for changeToCandidate
2019-07-14 03:13:08,152 INFO  impl.LeaderElection (LeaderElection.java:logAndReturn(56)) - a3b6d8a3-b3a7-474d-832c-87c14ad24448:group-D66902459746:LeaderElection14: Election REJECTED; received 2 response(s) [a3b6d8a3-b3a7-474d-832c-87c14ad24448<-0e60352e-f5fb-4045-a639-8f5d9de2c68e#0:FAIL-t1, a3b6d8a3-b3a7-474d-832c-87c14ad24448<-32768c98-e2de-4941-b329-cbef58f0807d#0:FAIL-t1] and 0 exception(s); a3b6d8a3-b3a7-474d-832c-87c14ad24448:t1, leader=null, voted=a3b6d8a3-b3a7-474d-832c-87c14ad24448, raftlog=a3b6d8a3-b3a7-474d-832c-87c14ad24448-SegmentedRaftLog:OPENED:c-1,f-1,i0, conf=-1: [0e60352e-f5fb-4045-a639-8f5d9de2c68e:192.168.157.236:34663, a3b6d8a3-b3a7-474d-832c-87c14ad24448:192.168.157.236:34566, 32768c98-e2de-4941-b329-cbef58f0807d:192.168.157.236:45597], old=null
2019-07-14 03:13:08,152 INFO  impl.RoleInfo (RoleInfo.java:updateAndGet(143)) - db55e2dc-2f84-48ad-bfe6-e5d08d1ff6d4: start LeaderElection
2019-07-14 03:13:08,152 INFO  impl.RaftServerImpl (RaftServerImpl.java:setRole(171)) - a3b6d8a3-b3a7-474d-832c-87c14ad24448:group-D66902459746 changes role from CANDIDATE to FOLLOWER at term 1 for DISCOVERED_A_NEW_TERM
2019-07-14 03:13:08,158 INFO  impl.RoleInfo (RoleInfo.java:shutdownLeaderElection(134)) - a3b6d8a3-b3a7-474d-832c-87c14ad24448: shutdown LeaderElection
2019-07-14 03:13:08,156 INFO  impl.FollowerState (FollowerState.java:run(106)) - c7a0e152-31f3-4073-9a76-7e483665e3d6:group-BB011906DF6F changes to CANDIDATE, lastRpcTime:5054, electionTimeout:5053ms
2019-07-14 03:13:08,158 INFO  impl.RoleInfo (RoleInfo.java:updateAndGet(143)) - a3b6d8a3-b3a7-474d-832c-87c14ad24448: start FollowerState
2019-07-14 03:13:08,158 INFO  impl.RoleInfo (RoleInfo.java:shutdownFollowerState(121)) - c7a0e152-31f3-4073-9a76-7e483665e3d6: shutdown FollowerState
2019-07-14 03:13:08,158 INFO  impl.RaftServerImpl (RaftServerImpl.java:setRole(171)) - c7a0e152-31f3-4073-9a76-7e483665e3d6:group-BB011906DF6F changes role from FOLLOWER to CANDIDATE at term 0 for changeToCandidate
2019-07-14 03:13:08,158 INFO  impl.RoleInfo (RoleInfo.java:updateAndGet(143)) - c7a0e152-31f3-4073-9a76-7e483665e3d6: start LeaderElection
2019-07-14 03:13:08,171 INFO  impl.LeaderElection (LeaderElection.java:askForVotes(181)) - db55e2dc-2f84-48ad-bfe6-e5d08d1ff6d4:group-BB011906DF6F:LeaderElection16: begin an election at term 1 for -1: [db55e2dc-2f84-48ad-bfe6-e5d08d1ff6d4:192.168.157.236:45358, 30c25743-4f02-4fca-bc89-96f5d03206f9:192.168.157.236:44960, c7a0e152-31f3-4073-9a76-7e483665e3d6:192.168.157.236:39551], old=null
2019-07-14 03:13:08,171 INFO  impl.LeaderElection (LeaderElection.java:askForVotes(181)) - c7a0e152-31f3-4073-9a76-7e483665e3d6:group-BB011906DF6F:LeaderElection17: begin an election at term 1 for -1: [db55e2dc-2f84-48ad-bfe6-e5d08d1ff6d4:192.168.157.236:45358, 30c25743-4f02-4fca-bc89-96f5d03206f9:192.168.157.236:44960, c7a0e152-31f3-4073-9a76-7e483665e3d6:192.168.157.236:39551], old=null
2019-07-14 03:13:08,197 INFO  impl.RaftServerImpl (RaftServerImpl.java:setRole(171)) - 30c25743-4f02-4fca-bc89-96f5d03206f9:group-BB011906DF6F changes role from FOLLOWER to FOLLOWER at term 1 for recognizeCandidate:db55e2dc-2f84-48ad-bfe6-e5d08d1ff6d4
2019-07-14 03:13:08,198 INFO  impl.RoleInfo (RoleInfo.java:shutdownFollowerState(121)) - 30c25743-4f02-4fca-bc89-96f5d03206f9: shutdown FollowerState
2019-07-14 03:13:08,198 INFO  impl.FollowerState (FollowerState.java:run(114)) - 30c25743-4f02-4fca-bc89-96f5d03206f9: FollowerState was interrupted: java.lang.InterruptedException: sleep interrupted
2019-07-14 03:13:08,198 INFO  impl.RoleInfo (RoleInfo.java:updateAndGet(143)) - 30c25743-4f02-4fca-bc89-96f5d03206f9: start FollowerState
2019-07-14 03:13:08,210 INFO  impl.RaftServerImpl (ServerState.java:setRaftConf(361)) - 27783468-ffde-4713-831d-aaf1e00189c6:group-6741FD601A89 set configuration 0: [835c9c09-ec1b-4b02-b4b4-41c8dbc3d3a5:192.168.157.236:36716, 0b03543f-d8a9-4e23-a6ad-7779f4dc574c:192.168.157.236:43441, 27783468-ffde-4713-831d-aaf1e00189c6:192.168.157.236:35009], old=null at 0
2019-07-14 03:13:08,210 INFO  impl.RaftServerImpl (ServerState.java:setRaftConf(361)) - 0b03543f-d8a9-4e23-a6ad-7779f4dc574c:group-6741FD601A89 set configuration 0: [835c9c09-ec1b-4b02-b4b4-41c8dbc3d3a5:192.168.157.236:36716, 0b03543f-d8a9-4e23-a6ad-7779f4dc574c:192.168.157.236:43441, 27783468-ffde-4713-831d-aaf1e00189c6:192.168.157.236:35009], old=null at 0
2019-07-14 03:13:08,210 INFO  segmented.SegmentedRaftLogWorker (SegmentedRaftLogWorker.java:startLogSegment(380)) - 27783468-ffde-4713-831d-aaf1e00189c6-SegmentedRaftLogWorker:Storage Directory /tmp/workdir/hadoop-ozone/integration-test/target/test-dir/MiniOzoneClusterImpl-cb60d03d-f57a-4c54-aae4-b882482aac61/datanode-7/data/ratis/3c48cef5-de0d-4373-9a05-6741fd601a89: Starting segment from index:0
2019-07-14 03:13:08,213 INFO  segmented.SegmentedRaftLogWorker (SegmentedRaftLogWorker.java:startLogSegment(380)) - 0b03543f-d8a9-4e23-a6ad-7779f4dc574c-SegmentedRaftLogWorker:Storage Directory /tmp/workdir/hadoop-ozone/integration-test/target/test-dir/MiniOzoneClusterImpl-cb60d03d-f57a-4c54-aae4-b882482aac61/datanode-1/data/ratis/3c48cef5-de0d-4373-9a05-6741fd601a89: Starting segment from index:0
2019-07-14 03:13:08,245 INFO  impl.LeaderElection (LeaderElection.java:logAndReturn(56)) - c7a0e152-31f3-4073-9a76-7e483665e3d6:group-BB011906DF6F:LeaderElection17: Election REJECTED; received 2 response(s) [c7a0e152-31f3-4073-9a76-7e483665e3d6<-db55e2dc-2f84-48ad-bfe6-e5d08d1ff6d4#0:FAIL-t1, c7a0e152-31f3-4073-9a76-7e483665e3d6<-30c25743-4f02-4fca-bc89-96f5d03206f9#0:FAIL-t1] and 0 exception(s); c7a0e152-31f3-4073-9a76-7e483665e3d6:t1, leader=null, voted=c7a0e152-31f3-4073-9a76-7e483665e3d6, raftlog=c7a0e152-31f3-4073-9a76-7e483665e3d6-SegmentedRaftLog:OPENED:c-1,f-1,i0, conf=-1: [db55e2dc-2f84-48ad-bfe6-e5d08d1ff6d4:192.168.157.236:45358, 30c25743-4f02-4fca-bc89-96f5d03206f9:192.168.157.236:44960, c7a0e152-31f3-4073-9a76-7e483665e3d6:192.168.157.236:39551], old=null
2019-07-14 03:13:08,245 INFO  impl.RaftServerImpl (RaftServerImpl.java:setRole(171)) - c7a0e152-31f3-4073-9a76-7e483665e3d6:group-BB011906DF6F changes role from CANDIDATE to FOLLOWER at term 1 for DISCOVERED_A_NEW_TERM
2019-07-14 03:13:08,247 INFO  impl.RoleInfo (RoleInfo.java:shutdownLeaderElection(134)) - c7a0e152-31f3-4073-9a76-7e483665e3d6: shutdown LeaderElection
2019-07-14 03:13:08,248 INFO  impl.RoleInfo (RoleInfo.java:updateAndGet(143)) - c7a0e152-31f3-4073-9a76-7e483665e3d6: start FollowerState
2019-07-14 03:13:08,248 INFO  impl.LeaderElection (LeaderElection.java:logAndReturn(56)) - db55e2dc-2f84-48ad-bfe6-e5d08d1ff6d4:group-BB011906DF6F:LeaderElection16: Election PASSED; received 2 response(s) [db55e2dc-2f84-48ad-bfe6-e5d08d1ff6d4<-30c25743-4f02-4fca-bc89-96f5d03206f9#0:OK-t1, db55e2dc-2f84-48ad-bfe6-e5d08d1ff6d4<-c7a0e152-31f3-4073-9a76-7e483665e3d6#0:FAIL-t1] and 0 exception(s); db55e2dc-2f84-48ad-bfe6-e5d08d1ff6d4:t1, leader=null, voted=db55e2dc-2f84-48ad-bfe6-e5d08d1ff6d4, raftlog=db55e2dc-2f84-48ad-bfe6-e5d08d1ff6d4-SegmentedRaftLog:OPENED:c-1,f-1,i0, conf=-1: [db55e2dc-2f84-48ad-bfe6-e5d08d1ff6d4:192.168.157.236:45358, 30c25743-4f02-4fca-bc89-96f5d03206f9:192.168.157.236:44960, c7a0e152-31f3-4073-9a76-7e483665e3d6:192.168.157.236:39551], old=null
2019-07-14 03:13:08,265 INFO  segmented.SegmentedRaftLogWorker (SegmentedRaftLogWorker.java:execute(569)) - 27783468-ffde-4713-831d-aaf1e00189c6-SegmentedRaftLogWorker:Storage Directory /tmp/workdir/hadoop-ozone/integration-test/target/test-dir/MiniOzoneClusterImpl-cb60d03d-f57a-4c54-aae4-b882482aac61/datanode-7/data/ratis/3c48cef5-de0d-4373-9a05-6741fd601a89: created new log segment /tmp/workdir/hadoop-ozone/integration-test/target/test-dir/MiniOzoneClusterImpl-cb60d03d-f57a-4c54-aae4-b882482aac61/datanode-7/data/ratis/3c48cef5-de0d-4373-9a05-6741fd601a89/current/log_inprogress_0
2019-07-14 03:13:08,265 INFO  segmented.SegmentedRaftLogWorker (SegmentedRaftLogWorker.java:execute(569)) - 0b03543f-d8a9-4e23-a6ad-7779f4dc574c-SegmentedRaftLogWorker:Storage Directory /tmp/workdir/hadoop-ozone/integration-test/target/test-dir/MiniOzoneClusterImpl-cb60d03d-f57a-4c54-aae4-b882482aac61/datanode-1/data/ratis/3c48cef5-de0d-4373-9a05-6741fd601a89: created new log segment /tmp/workdir/hadoop-ozone/integration-test/target/test-dir/MiniOzoneClusterImpl-cb60d03d-f57a-4c54-aae4-b882482aac61/datanode-1/data/ratis/3c48cef5-de0d-4373-9a05-6741fd601a89/current/log_inprogress_0
2019-07-14 03:13:08,267 INFO  impl.RoleInfo (RoleInfo.java:shutdownLeaderElection(134)) - db55e2dc-2f84-48ad-bfe6-e5d08d1ff6d4: shutdown LeaderElection
2019-07-14 03:13:08,269 INFO  impl.RaftServerImpl (RaftServerImpl.java:setRole(171)) - db55e2dc-2f84-48ad-bfe6-e5d08d1ff6d4:group-BB011906DF6F changes role from CANDIDATE to LEADER at term 1 for changeToLeader
2019-07-14 03:13:08,269 INFO  impl.RaftServerImpl (ServerState.java:setLeader(263)) - db55e2dc-2f84-48ad-bfe6-e5d08d1ff6d4:group-BB011906DF6F change Leader from null to db55e2dc-2f84-48ad-bfe6-e5d08d1ff6d4 at term 1 for becomeLeader, leader elected after 5190ms
2019-07-14 03:13:08,270 INFO  server.RaftServerConfigKeys (ConfUtils.java:logGet(43)) - raft.server.staging.catchup.gap = 1000 (default)
2019-07-14 03:13:08,270 INFO  server.RaftServerConfigKeys (ConfUtils.java:logGet(43)) - raft.server.rpc.sleep.time = 25ms (default)
2019-07-14 03:13:08,270 INFO  server.RaftServerConfigKeys (ConfUtils.java:logGet(43)) - raft.server.write.element-limit = 4096 (default)
2019-07-14 03:13:08,270 INFO  server.RaftServerConfigKeys (ConfUtils.java:logGet(43)) - raft.server.watch.timeout = 10s (default)
2019-07-14 03:13:08,271 INFO  server.RaftServerConfigKeys (ConfUtils.java:logGet(43)) - raft.server.watch.timeout.denomination = 1s (default)
2019-07-14 03:13:08,271 INFO  server.RaftServerConfigKeys (ConfUtils.java:logGet(43)) - raft.server.watch.element-limit = 65536 (default)
2019-07-14 03:13:08,271 INFO  server.RaftServerConfigKeys (ConfUtils.java:logGet(43)) - raft.server.log.appender.snapshot.chunk.size.max = 16MB (=16777216) (default)
2019-07-14 03:13:08,271 INFO  server.RaftServerConfigKeys (ConfUtils.java:logGet(43)) - raft.server.log.appender.buffer.byte-limit = 33554432 (custom)
2019-07-14 03:13:08,272 INFO  server.RaftServerConfigKeys (ConfUtils.java:logGet(43)) - raft.server.log.appender.buffer.element-limit = 1 (custom)
2019-07-14 03:13:08,272 INFO  grpc.GrpcConfigKeys$Server (ConfUtils.java:logGet(43)) - raft.grpc.server.leader.outstanding.appends.max = 128 (default)
2019-07-14 03:13:08,272 INFO  server.RaftServerConfigKeys (ConfUtils.java:logGet(43)) - raft.server.rpc.request.timeout = 3000ms (default)
2019-07-14 03:13:08,272 INFO  server.RaftServerConfigKeys (ConfUtils.java:logGet(43)) - raft.server.log.appender.install.snapshot.enabled = false (custom)
2019-07-14 03:13:08,273 INFO  server.RaftServerConfigKeys (ConfUtils.java:logGet(43)) - raft.server.log.appender.snapshot.chunk.size.max = 16MB (=16777216) (default)
2019-07-14 03:13:08,273 INFO  server.RaftServerConfigKeys (ConfUtils.java:logGet(43)) - raft.server.log.appender.buffer.byte-limit = 33554432 (custom)
2019-07-14 03:13:08,273 INFO  server.RaftServerConfigKeys (ConfUtils.java:logGet(43)) - raft.server.log.appender.buffer.element-limit = 1 (custom)
2019-07-14 03:13:08,273 INFO  grpc.GrpcConfigKeys$Server (ConfUtils.java:logGet(43)) - raft.grpc.server.leader.outstanding.appends.max = 128 (default)
2019-07-14 03:13:08,273 INFO  server.RaftServerConfigKeys (ConfUtils.java:logGet(43)) - raft.server.rpc.request.timeout = 3000ms (default)
2019-07-14 03:13:08,274 INFO  server.RaftServerConfigKeys (ConfUtils.java:logGet(43)) - raft.server.log.appender.install.snapshot.enabled = false (custom)
2019-07-14 03:13:08,274 INFO  impl.RoleInfo (RoleInfo.java:updateAndGet(143)) - db55e2dc-2f84-48ad-bfe6-e5d08d1ff6d4: start LeaderState
2019-07-14 03:13:08,274 INFO  segmented.SegmentedRaftLogWorker (SegmentedRaftLogWorker.java:startLogSegment(380)) - db55e2dc-2f84-48ad-bfe6-e5d08d1ff6d4-SegmentedRaftLogWorker:Storage Directory /tmp/workdir/hadoop-ozone/integration-test/target/test-dir/MiniOzoneClusterImpl-cb60d03d-f57a-4c54-aae4-b882482aac61/datanode-9/data/ratis/fdd1bae1-0785-4b0a-bac6-bb011906df6f: Starting segment from index:0
2019-07-14 03:13:08,275 INFO  impl.RaftServerImpl (ServerState.java:setRaftConf(361)) - db55e2dc-2f84-48ad-bfe6-e5d08d1ff6d4:group-BB011906DF6F set configuration 0: [db55e2dc-2f84-48ad-bfe6-e5d08d1ff6d4:192.168.157.236:45358, 30c25743-4f02-4fca-bc89-96f5d03206f9:192.168.157.236:44960, c7a0e152-31f3-4073-9a76-7e483665e3d6:192.168.157.236:39551], old=null at 0
2019-07-14 03:13:08,294 INFO  impl.RaftServerImpl (ServerState.java:setLeader(263)) - 30c25743-4f02-4fca-bc89-96f5d03206f9:group-BB011906DF6F change Leader from null to db55e2dc-2f84-48ad-bfe6-e5d08d1ff6d4 at term 1 for appendEntries, leader elected after 5215ms
2019-07-14 03:13:08,294 INFO  impl.RaftServerImpl (ServerState.java:setLeader(263)) - c7a0e152-31f3-4073-9a76-7e483665e3d6:group-BB011906DF6F change Leader from null to db55e2dc-2f84-48ad-bfe6-e5d08d1ff6d4 at term 1 for appendEntries, leader elected after 5214ms
2019-07-14 03:13:08,298 INFO  impl.RaftServerImpl (ServerState.java:setRaftConf(361)) - c7a0e152-31f3-4073-9a76-7e483665e3d6:group-BB011906DF6F set configuration 0: [db55e2dc-2f84-48ad-bfe6-e5d08d1ff6d4:192.168.157.236:45358, 30c25743-4f02-4fca-bc89-96f5d03206f9:192.168.157.236:44960, c7a0e152-31f3-4073-9a76-7e483665e3d6:192.168.157.236:39551], old=null at 0
2019-07-14 03:13:08,299 INFO  impl.RaftServerImpl (ServerState.java:setRaftConf(361)) - 30c25743-4f02-4fca-bc89-96f5d03206f9:group-BB011906DF6F set configuration 0: [db55e2dc-2f84-48ad-bfe6-e5d08d1ff6d4:192.168.157.236:45358, 30c25743-4f02-4fca-bc89-96f5d03206f9:192.168.157.236:44960, c7a0e152-31f3-4073-9a76-7e483665e3d6:192.168.157.236:39551], old=null at 0
2019-07-14 03:13:08,299 INFO  segmented.SegmentedRaftLogWorker (SegmentedRaftLogWorker.java:startLogSegment(380)) - c7a0e152-31f3-4073-9a76-7e483665e3d6-SegmentedRaftLogWorker:Storage Directory /tmp/workdir/hadoop-ozone/integration-test/target/test-dir/MiniOzoneClusterImpl-cb60d03d-f57a-4c54-aae4-b882482aac61/datanode-3/data/ratis/fdd1bae1-0785-4b0a-bac6-bb011906df6f: Starting segment from index:0
2019-07-14 03:13:08,299 INFO  segmented.SegmentedRaftLogWorker (SegmentedRaftLogWorker.java:startLogSegment(380)) - 30c25743-4f02-4fca-bc89-96f5d03206f9-SegmentedRaftLogWorker:Storage Directory /tmp/workdir/hadoop-ozone/integration-test/target/test-dir/MiniOzoneClusterImpl-cb60d03d-f57a-4c54-aae4-b882482aac61/datanode-2/data/ratis/fdd1bae1-0785-4b0a-bac6-bb011906df6f: Starting segment from index:0
2019-07-14 03:13:08,304 INFO  segmented.SegmentedRaftLogWorker (SegmentedRaftLogWorker.java:execute(569)) - db55e2dc-2f84-48ad-bfe6-e5d08d1ff6d4-SegmentedRaftLogWorker:Storage Directory /tmp/workdir/hadoop-ozone/integration-test/target/test-dir/MiniOzoneClusterImpl-cb60d03d-f57a-4c54-aae4-b882482aac61/datanode-9/data/ratis/fdd1bae1-0785-4b0a-bac6-bb011906df6f: created new log segment /tmp/workdir/hadoop-ozone/integration-test/target/test-dir/MiniOzoneClusterImpl-cb60d03d-f57a-4c54-aae4-b882482aac61/datanode-9/data/ratis/fdd1bae1-0785-4b0a-bac6-bb011906df6f/current/log_inprogress_0
2019-07-14 03:13:08,318 INFO  segmented.SegmentedRaftLogWorker (SegmentedRaftLogWorker.java:execute(569)) - c7a0e152-31f3-4073-9a76-7e483665e3d6-SegmentedRaftLogWorker:Storage Directory /tmp/workdir/hadoop-ozone/integration-test/target/test-dir/MiniOzoneClusterImpl-cb60d03d-f57a-4c54-aae4-b882482aac61/datanode-3/data/ratis/fdd1bae1-0785-4b0a-bac6-bb011906df6f: created new log segment /tmp/workdir/hadoop-ozone/integration-test/target/test-dir/MiniOzoneClusterImpl-cb60d03d-f57a-4c54-aae4-b882482aac61/datanode-3/data/ratis/fdd1bae1-0785-4b0a-bac6-bb011906df6f/current/log_inprogress_0
2019-07-14 03:13:08,318 INFO  segmented.SegmentedRaftLogWorker (SegmentedRaftLogWorker.java:execute(569)) - 30c25743-4f02-4fca-bc89-96f5d03206f9-SegmentedRaftLogWorker:Storage Directory /tmp/workdir/hadoop-ozone/integration-test/target/test-dir/MiniOzoneClusterImpl-cb60d03d-f57a-4c54-aae4-b882482aac61/datanode-2/data/ratis/fdd1bae1-0785-4b0a-bac6-bb011906df6f: created new log segment /tmp/workdir/hadoop-ozone/integration-test/target/test-dir/MiniOzoneClusterImpl-cb60d03d-f57a-4c54-aae4-b882482aac61/datanode-2/data/ratis/fdd1bae1-0785-4b0a-bac6-bb011906df6f/current/log_inprogress_0
2019-07-14 03:13:08,569 INFO  client.GrpcClientProtocolClient (GrpcClientProtocolClient.java:onNext(255)) - client-366889886A98->c7a0e152-31f3-4073-9a76-7e483665e3d6: receive RaftClientReply:client-366889886A98->c7a0e152-31f3-4073-9a76-7e483665e3d6@group-BB011906DF6F, cid=19, FAILED org.apache.ratis.protocol.NotLeaderException: Server c7a0e152-31f3-4073-9a76-7e483665e3d6 is not the leader (db55e2dc-2f84-48ad-bfe6-e5d08d1ff6d4:192.168.157.236:45358). Request must be sent to leader., logIndex=0, commits[c7a0e152-31f3-4073-9a76-7e483665e3d6:c-1, db55e2dc-2f84-48ad-bfe6-e5d08d1ff6d4:c-1, 30c25743-4f02-4fca-bc89-96f5d03206f9:c-1]
2019-07-14 03:13:08,895 INFO  client.GrpcClientProtocolClient (GrpcClientProtocolClient.java:onNext(255)) - client-366889886A98->db55e2dc-2f84-48ad-bfe6-e5d08d1ff6d4: receive RaftClientReply:client-366889886A98->db55e2dc-2f84-48ad-bfe6-e5d08d1ff6d4@group-BB011906DF6F, cid=19, SUCCESS, logIndex=1, commits[db55e2dc-2f84-48ad-bfe6-e5d08d1ff6d4:c1, 30c25743-4f02-4fca-bc89-96f5d03206f9:c0, c7a0e152-31f3-4073-9a76-7e483665e3d6:c0]
2019-07-14 03:13:09,022 INFO  client.GrpcClientProtocolClient (GrpcClientProtocolClient.java:onNext(255)) - client-366889886A98->db55e2dc-2f84-48ad-bfe6-e5d08d1ff6d4: receive RaftClientReply:client-366889886A98->db55e2dc-2f84-48ad-bfe6-e5d08d1ff6d4@group-BB011906DF6F, cid=20, SUCCESS, logIndex=3, commits[db55e2dc-2f84-48ad-bfe6-e5d08d1ff6d4:c4, 30c25743-4f02-4fca-bc89-96f5d03206f9:c3, c7a0e152-31f3-4073-9a76-7e483665e3d6:c3]
2019-07-14 03:13:09,090 INFO  pipeline.Pipeline (Pipeline.java:getProtobufMessage(195)) - Serialize pipeline PipelineID=fdd1bae1-0785-4b0a-bac6-bb011906df6f with nodesInOrder{ }
2019-07-14 03:13:09,092 INFO  pipeline.Pipeline (Pipeline.java:build(342)) - Deserialize nodesInOrder [db55e2dc-2f84-48ad-bfe6-e5d08d1ff6d4{ip: 192.168.157.236, host: trunk-nightly-k88cw-3644625431, networkLocation: /default-rack, certSerialId: null}, db55e2dc-2f84-48ad-bfe6-e5d08d1ff6d4{ip: 192.168.157.236, host: trunk-nightly-k88cw-3644625431, networkLocation: /default-rack, certSerialId: null}, db55e2dc-2f84-48ad-bfe6-e5d08d1ff6d4{ip: 192.168.157.236, host: trunk-nightly-k88cw-3644625431, networkLocation: /default-rack, certSerialId: null}] in pipeline PipelineID=fdd1bae1-0785-4b0a-bac6-bb011906df6f
2019-07-14 03:13:09,097 INFO  datanode.ObjectStoreHandler (ObjectStoreHandler.java:close(155)) - Closing ObjectStoreHandler.
2019-07-14 03:13:09,098 INFO  ozone.HddsDatanodeService (HddsDatanodeService.java:stop(452)) - Stopped plug-in org.apache.hadoop.ozone.web.OzoneHddsDatanodeService@297bd171
2019-07-14 03:13:09,759 INFO  statemachine.DatanodeStateMachine (DatanodeStateMachine.java:lambda$startDaemon$0(350)) - Ozone container server started.
2019-07-14 03:13:13,133 INFO  impl.FollowerState (FollowerState.java:run(106)) - 32768c98-e2de-4941-b329-cbef58f0807d:group-D66902459746 changes to CANDIDATE, lastRpcTime:5019, electionTimeout:5013ms
2019-07-14 03:13:13,133 INFO  impl.RoleInfo (RoleInfo.java:shutdownFollowerState(121)) - 32768c98-e2de-4941-b329-cbef58f0807d: shutdown FollowerState
2019-07-14 03:13:13,133 INFO  impl.RaftServerImpl (RaftServerImpl.java:setRole(171)) - 32768c98-e2de-4941-b329-cbef58f0807d:group-D66902459746 changes role from FOLLOWER to CANDIDATE at term 1 for changeToCandidate
2019-07-14 03:13:13,134 INFO  impl.RoleInfo (RoleInfo.java:updateAndGet(143)) - 32768c98-e2de-4941-b329-cbef58f0807d: start LeaderElection
2019-07-14 03:13:13,163 INFO  impl.LeaderElection (LeaderElection.java:askForVotes(181)) - 32768c98-e2de-4941-b329-cbef58f0807d:group-D66902459746:LeaderElection18: begin an election at term 2 for -1: [0e60352e-f5fb-4045-a639-8f5d9de2c68e:192.168.157.236:34663, a3b6d8a3-b3a7-474d-832c-87c14ad24448:192.168.157.236:34566, 32768c98-e2de-4941-b329-cbef58f0807d:192.168.157.236:45597], old=null
2019-07-14 03:13:13,181 INFO  impl.RaftServerImpl (RaftServerImpl.java:setRole(171)) - 0e60352e-f5fb-4045-a639-8f5d9de2c68e:group-D66902459746 changes role from FOLLOWER to FOLLOWER at term 2 for recognizeCandidate:32768c98-e2de-4941-b329-cbef58f0807d
2019-07-14 03:13:13,181 INFO  impl.RaftServerImpl (RaftServerImpl.java:setRole(171)) - a3b6d8a3-b3a7-474d-832c-87c14ad24448:group-D66902459746 changes role from FOLLOWER to FOLLOWER at term 2 for recognizeCandidate:32768c98-e2de-4941-b329-cbef58f0807d
2019-07-14 03:13:13,181 INFO  impl.RoleInfo (RoleInfo.java:shutdownFollowerState(121)) - 0e60352e-f5fb-4045-a639-8f5d9de2c68e: shutdown FollowerState
2019-07-14 03:13:13,182 INFO  impl.RoleInfo (RoleInfo.java:shutdownFollowerState(121)) - a3b6d8a3-b3a7-474d-832c-87c14ad24448: shutdown FollowerState
2019-07-14 03:13:13,182 INFO  impl.RoleInfo (RoleInfo.java:updateAndGet(143)) - 0e60352e-f5fb-4045-a639-8f5d9de2c68e: start FollowerState
2019-07-14 03:13:13,182 INFO  impl.FollowerState (FollowerState.java:run(114)) - a3b6d8a3-b3a7-474d-832c-87c14ad24448: FollowerState was interrupted: java.lang.InterruptedException: sleep interrupted
2019-07-14 03:13:13,182 INFO  impl.RoleInfo (RoleInfo.java:updateAndGet(143)) - a3b6d8a3-b3a7-474d-832c-87c14ad24448: start FollowerState
2019-07-14 03:13:13,182 INFO  impl.FollowerState (FollowerState.java:run(114)) - 0e60352e-f5fb-4045-a639-8f5d9de2c68e: FollowerState was interrupted: java.lang.InterruptedException: sleep interrupted
2019-07-14 03:13:13,200 INFO  impl.LeaderElection (LeaderElection.java:logAndReturn(56)) - 32768c98-e2de-4941-b329-cbef58f0807d:group-D66902459746:LeaderElection18: Election PASSED; received 1 response(s) [32768c98-e2de-4941-b329-cbef58f0807d<-0e60352e-f5fb-4045-a639-8f5d9de2c68e#0:OK-t2] and 0 exception(s); 32768c98-e2de-4941-b329-cbef58f0807d:t2, leader=null, voted=32768c98-e2de-4941-b329-cbef58f0807d, raftlog=32768c98-e2de-4941-b329-cbef58f0807d-SegmentedRaftLog:OPENED:c-1,f-1,i0, conf=-1: [0e60352e-f5fb-4045-a639-8f5d9de2c68e:192.168.157.236:34663, a3b6d8a3-b3a7-474d-832c-87c14ad24448:192.168.157.236:34566, 32768c98-e2de-4941-b329-cbef58f0807d:192.168.157.236:45597], old=null
2019-07-14 03:13:13,200 INFO  impl.RoleInfo (RoleInfo.java:shutdownLeaderElection(134)) - 32768c98-e2de-4941-b329-cbef58f0807d: shutdown LeaderElection
2019-07-14 03:13:13,203 INFO  impl.RaftServerImpl (RaftServerImpl.java:setRole(171)) - 32768c98-e2de-4941-b329-cbef58f0807d:group-D66902459746 changes role from CANDIDATE to LEADER at term 2 for changeToLeader
2019-07-14 03:13:13,203 INFO  impl.RaftServerImpl (ServerState.java:setLeader(263)) - 32768c98-e2de-4941-b329-cbef58f0807d:group-D66902459746 change Leader from null to 32768c98-e2de-4941-b329-cbef58f0807d at term 2 for becomeLeader, leader elected after 10251ms
2019-07-14 03:13:13,204 INFO  server.RaftServerConfigKeys (ConfUtils.java:logGet(43)) - raft.server.staging.catchup.gap = 1000 (default)
2019-07-14 03:13:13,204 INFO  server.RaftServerConfigKeys (ConfUtils.java:logGet(43)) - raft.server.rpc.sleep.time = 25ms (default)
2019-07-14 03:13:13,204 INFO  server.RaftServerConfigKeys (ConfUtils.java:logGet(43)) - raft.server.write.element-limit = 4096 (default)
2019-07-14 03:13:13,204 INFO  server.RaftServerConfigKeys (ConfUtils.java:logGet(43)) - raft.server.watch.timeout = 10s (default)
2019-07-14 03:13:13,205 INFO  server.RaftServerConfigKeys (ConfUtils.java:logGet(43)) - raft.server.watch.timeout.denomination = 1s (default)
2019-07-14 03:13:13,205 INFO  server.RaftServerConfigKeys (ConfUtils.java:logGet(43)) - raft.server.watch.element-limit = 65536 (default)
2019-07-14 03:13:13,205 INFO  server.RaftServerConfigKeys (ConfUtils.java:logGet(43)) - raft.server.log.appender.snapshot.chunk.size.max = 16MB (=16777216) (default)
2019-07-14 03:13:13,205 INFO  server.RaftServerConfigKeys (ConfUtils.java:logGet(43)) - raft.server.log.appender.buffer.byte-limit = 33554432 (custom)
2019-07-14 03:13:13,206 INFO  server.RaftServerConfigKeys (ConfUtils.java:logGet(43)) - raft.server.log.appender.buffer.element-limit = 1 (custom)
2019-07-14 03:13:13,206 INFO  grpc.GrpcConfigKeys$Server (ConfUtils.java:logGet(43)) - raft.grpc.server.leader.outstanding.appends.max = 128 (default)
2019-07-14 03:13:13,206 INFO  server.RaftServerConfigKeys (ConfUtils.java:logGet(43)) - raft.server.rpc.request.timeout = 3000ms (default)
2019-07-14 03:13:13,206 INFO  server.RaftServerConfigKeys (ConfUtils.java:logGet(43)) - raft.server.log.appender.install.snapshot.enabled = false (custom)
2019-07-14 03:13:13,207 INFO  server.RaftServerConfigKeys (ConfUtils.java:logGet(43)) - raft.server.log.appender.snapshot.chunk.size.max = 16MB (=16777216) (default)
2019-07-14 03:13:13,207 INFO  server.RaftServerConfigKeys (ConfUtils.java:logGet(43)) - raft.server.log.appender.buffer.byte-limit = 33554432 (custom)
2019-07-14 03:13:13,207 INFO  server.RaftServerConfigKeys (ConfUtils.java:logGet(43)) - raft.server.log.appender.buffer.element-limit = 1 (custom)
2019-07-14 03:13:13,207 INFO  grpc.GrpcConfigKeys$Server (ConfUtils.java:logGet(43)) - raft.grpc.server.leader.outstanding.appends.max = 128 (default)
2019-07-14 03:13:13,208 INFO  server.RaftServerConfigKeys (ConfUtils.java:logGet(43)) - raft.server.rpc.request.timeout = 3000ms (default)
2019-07-14 03:13:13,208 INFO  server.RaftServerConfigKeys (ConfUtils.java:logGet(43)) - raft.server.log.appender.install.snapshot.enabled = false (custom)
2019-07-14 03:13:13,208 INFO  impl.RoleInfo (RoleInfo.java:updateAndGet(143)) - 32768c98-e2de-4941-b329-cbef58f0807d: start LeaderState
2019-07-14 03:13:13,209 INFO  segmented.SegmentedRaftLogWorker (SegmentedRaftLogWorker.java:startLogSegment(380)) - 32768c98-e2de-4941-b329-cbef58f0807d-SegmentedRaftLogWorker:Storage Directory /tmp/workdir/hadoop-ozone/integration-test/target/test-dir/MiniOzoneClusterImpl-cb60d03d-f57a-4c54-aae4-b882482aac61/datanode-6/data/ratis/838e2a61-114f-49eb-8f30-d66902459746: Starting segment from index:0
2019-07-14 03:13:13,210 INFO  impl.RaftServerImpl (ServerState.java:setRaftConf(361)) - 32768c98-e2de-4941-b329-cbef58f0807d:group-D66902459746 set configuration 0: [0e60352e-f5fb-4045-a639-8f5d9de2c68e:192.168.157.236:34663, a3b6d8a3-b3a7-474d-832c-87c14ad24448:192.168.157.236:34566, 32768c98-e2de-4941-b329-cbef58f0807d:192.168.157.236:45597], old=null at 0
2019-07-14 03:13:13,234 INFO  impl.RaftServerImpl (ServerState.java:setLeader(263)) - a3b6d8a3-b3a7-474d-832c-87c14ad24448:group-D66902459746 change Leader from null to 32768c98-e2de-4941-b329-cbef58f0807d at term 2 for appendEntries, leader elected after 10282ms
2019-07-14 03:13:13,234 INFO  impl.RaftServerImpl (ServerState.java:setLeader(263)) - 0e60352e-f5fb-4045-a639-8f5d9de2c68e:group-D66902459746 change Leader from null to 32768c98-e2de-4941-b329-cbef58f0807d at term 2 for appendEntries, leader elected after 10282ms
2019-07-14 03:13:13,239 INFO  impl.RaftServerImpl (ServerState.java:setRaftConf(361)) - a3b6d8a3-b3a7-474d-832c-87c14ad24448:group-D66902459746 set configuration 0: [0e60352e-f5fb-4045-a639-8f5d9de2c68e:192.168.157.236:34663, a3b6d8a3-b3a7-474d-832c-87c14ad24448:192.168.157.236:34566, 32768c98-e2de-4941-b329-cbef58f0807d:192.168.157.236:45597], old=null at 0
2019-07-14 03:13:13,239 INFO  impl.RaftServerImpl (ServerState.java:setRaftConf(361)) - 0e60352e-f5fb-4045-a639-8f5d9de2c68e:group-D66902459746 set configuration 0: [0e60352e-f5fb-4045-a639-8f5d9de2c68e:192.168.157.236:34663, a3b6d8a3-b3a7-474d-832c-87c14ad24448:192.168.157.236:34566, 32768c98-e2de-4941-b329-cbef58f0807d:192.168.157.236:45597], old=null at 0
2019-07-14 03:13:13,239 INFO  segmented.SegmentedRaftLogWorker (SegmentedRaftLogWorker.java:startLogSegment(380)) - a3b6d8a3-b3a7-474d-832c-87c14ad24448-SegmentedRaftLogWorker:Storage Directory /tmp/workdir/hadoop-ozone/integration-test/target/test-dir/MiniOzoneClusterImpl-cb60d03d-f57a-4c54-aae4-b882482aac61/datanode-0/data/ratis/838e2a61-114f-49eb-8f30-d66902459746: Starting segment from index:0
2019-07-14 03:13:13,240 INFO  segmented.SegmentedRaftLogWorker (SegmentedRaftLogWorker.java:startLogSegment(380)) - 0e60352e-f5fb-4045-a639-8f5d9de2c68e-SegmentedRaftLogWorker:Storage Directory /tmp/workdir/hadoop-ozone/integration-test/target/test-dir/MiniOzoneClusterImpl-cb60d03d-f57a-4c54-aae4-b882482aac61/datanode-5/data/ratis/838e2a61-114f-49eb-8f30-d66902459746: Starting segment from index:0
2019-07-14 03:13:13,243 INFO  segmented.SegmentedRaftLogWorker (SegmentedRaftLogWorker.java:execute(569)) - 32768c98-e2de-4941-b329-cbef58f0807d-SegmentedRaftLogWorker:Storage Directory /tmp/workdir/hadoop-ozone/integration-test/target/test-dir/MiniOzoneClusterImpl-cb60d03d-f57a-4c54-aae4-b882482aac61/datanode-6/data/ratis/838e2a61-114f-49eb-8f30-d66902459746: created new log segment /tmp/workdir/hadoop-ozone/integration-test/target/test-dir/MiniOzoneClusterImpl-cb60d03d-f57a-4c54-aae4-b882482aac61/datanode-6/data/ratis/838e2a61-114f-49eb-8f30-d66902459746/current/log_inprogress_0
2019-07-14 03:13:13,273 INFO  segmented.SegmentedRaftLogWorker (SegmentedRaftLogWorker.java:execute(569)) - a3b6d8a3-b3a7-474d-832c-87c14ad24448-SegmentedRaftLogWorker:Storage Directory /tmp/workdir/hadoop-ozone/integration-test/target/test-dir/MiniOzoneClusterImpl-cb60d03d-f57a-4c54-aae4-b882482aac61/datanode-0/data/ratis/838e2a61-114f-49eb-8f30-d66902459746: created new log segment /tmp/workdir/hadoop-ozone/integration-test/target/test-dir/MiniOzoneClusterImpl-cb60d03d-f57a-4c54-aae4-b882482aac61/datanode-0/data/ratis/838e2a61-114f-49eb-8f30-d66902459746/current/log_inprogress_0
2019-07-14 03:13:13,273 INFO  segmented.SegmentedRaftLogWorker (SegmentedRaftLogWorker.java:execute(569)) - 0e60352e-f5fb-4045-a639-8f5d9de2c68e-SegmentedRaftLogWorker:Storage Directory /tmp/workdir/hadoop-ozone/integration-test/target/test-dir/MiniOzoneClusterImpl-cb60d03d-f57a-4c54-aae4-b882482aac61/datanode-5/data/ratis/838e2a61-114f-49eb-8f30-d66902459746: created new log segment /tmp/workdir/hadoop-ozone/integration-test/target/test-dir/MiniOzoneClusterImpl-cb60d03d-f57a-4c54-aae4-b882482aac61/datanode-5/data/ratis/838e2a61-114f-49eb-8f30-d66902459746/current/log_inprogress_0
2019-07-14 03:13:14,100 INFO  ozoneimpl.OzoneContainer (OzoneContainer.java:stop(199)) - Attempting to stop container services.
2019-07-14 03:13:14,102 INFO  impl.RaftServerProxy (RaftServerProxy.java:lambda$close$4(314)) - db55e2dc-2f84-48ad-bfe6-e5d08d1ff6d4: close
2019-07-14 03:13:14,104 INFO  impl.RaftServerImpl (RaftServerImpl.java:lambda$shutdown$3(245)) - db55e2dc-2f84-48ad-bfe6-e5d08d1ff6d4: shutdown group-BB011906DF6F
2019-07-14 03:13:14,104 INFO  impl.RaftServerImpl (RaftServerImpl.java:lambda$shutdown$3(245)) - db55e2dc-2f84-48ad-bfe6-e5d08d1ff6d4: shutdown group-0DDA9C0A8406
2019-07-14 03:13:14,104 INFO  util.JmxRegister (JmxRegister.java:unregister(73)) - Successfully un-registered JMX Bean with object name Ratis:service=RaftServer,group=group-BB011906DF6F,id=db55e2dc-2f84-48ad-bfe6-e5d08d1ff6d4
2019-07-14 03:13:14,105 INFO  util.JmxRegister (JmxRegister.java:unregister(73)) - Successfully un-registered JMX Bean with object name Ratis:service=RaftServer,group=group-0DDA9C0A8406,id=db55e2dc-2f84-48ad-bfe6-e5d08d1ff6d4
2019-07-14 03:13:14,105 INFO  impl.RoleInfo (RoleInfo.java:shutdownLeaderState(104)) - db55e2dc-2f84-48ad-bfe6-e5d08d1ff6d4: shutdown LeaderState
2019-07-14 03:13:14,105 INFO  impl.RoleInfo (RoleInfo.java:shutdownLeaderState(104)) - db55e2dc-2f84-48ad-bfe6-e5d08d1ff6d4: shutdown LeaderState
2019-07-14 03:13:14,112 INFO  impl.PendingRequests (PendingRequests.java:sendNotLeaderResponses(202)) - db55e2dc-2f84-48ad-bfe6-e5d08d1ff6d4-PendingRequests: sendNotLeaderResponses
2019-07-14 03:13:14,112 INFO  impl.PendingRequests (PendingRequests.java:sendNotLeaderResponses(202)) - db55e2dc-2f84-48ad-bfe6-e5d08d1ff6d4-PendingRequests: sendNotLeaderResponses
2019-07-14 03:13:14,112 WARN  server.GrpcLogAppender (GrpcLogAppender.java:mayWait(143)) - GrpcLogAppender(db55e2dc-2f84-48ad-bfe6-e5d08d1ff6d4->30c25743-4f02-4fca-bc89-96f5d03206f9): Wait interrupted by java.lang.InterruptedException
2019-07-14 03:13:14,112 WARN  server.GrpcLogAppender (GrpcLogAppender.java:mayWait(143)) - GrpcLogAppender(db55e2dc-2f84-48ad-bfe6-e5d08d1ff6d4->c7a0e152-31f3-4073-9a76-7e483665e3d6): Wait interrupted by java.lang.InterruptedException
2019-07-14 03:13:14,132 INFO  server.GrpcServerProtocolService (GrpcServerProtocolService.java:onCompleted(104)) - 30c25743-4f02-4fca-bc89-96f5d03206f9: appendEntries completed
2019-07-14 03:13:14,132 INFO  server.GrpcServerProtocolService (GrpcServerProtocolService.java:onCompleted(104)) - c7a0e152-31f3-4073-9a76-7e483665e3d6: appendEntries completed
2019-07-14 03:13:14,136 INFO  impl.StateMachineUpdater (StateMachineUpdater.java:stopAndJoin(115)) - StateMachineUpdater:db55e2dc-2f84-48ad-bfe6-e5d08d1ff6d4:group-0DDA9C0A8406: set stopIndex = 0
2019-07-14 03:13:14,136 INFO  ratis.ContainerStateMachine (ContainerStateMachine.java:takeSnapshot(246)) - Taking snapshot at termIndex:(t:0, i:~)
2019-07-14 03:13:14,136 INFO  impl.RaftServerImpl (ServerState.java:close(394)) - db55e2dc-2f84-48ad-bfe6-e5d08d1ff6d4:group-0DDA9C0A8406 closes. The last applied log index is 0
2019-07-14 03:13:14,140 INFO  server.GrpcLogAppender (GrpcLogAppender.java:onCompleted(292)) - db55e2dc-2f84-48ad-bfe6-e5d08d1ff6d4->c7a0e152-31f3-4073-9a76-7e483665e3d6: follower responses appendEntries COMPLETED
2019-07-14 03:13:14,143 INFO  ratis.ContainerStateMachine (ContainerStateMachine.java:takeSnapshot(246)) - Taking snapshot at termIndex:(t:1, i:4)
2019-07-14 03:13:14,143 INFO  impl.StateMachineUpdater (StateMachineUpdater.java:stopAndJoin(115)) - StateMachineUpdater:db55e2dc-2f84-48ad-bfe6-e5d08d1ff6d4:group-BB011906DF6F: set stopIndex = 4
2019-07-14 03:13:14,137 INFO  server.GrpcLogAppender (GrpcLogAppender.java:onCompleted(292)) - db55e2dc-2f84-48ad-bfe6-e5d08d1ff6d4->30c25743-4f02-4fca-bc89-96f5d03206f9: follower responses appendEntries COMPLETED
2019-07-14 03:13:14,150 INFO  ratis.ContainerStateMachine (ContainerStateMachine.java:takeSnapshot(250)) - Taking a snapshot to file /tmp/workdir/hadoop-ozone/integration-test/target/test-dir/MiniOzoneClusterImpl-cb60d03d-f57a-4c54-aae4-b882482aac61/datanode-9/data/ratis/fdd1bae1-0785-4b0a-bac6-bb011906df6f/sm/snapshot.1_4
2019-07-14 03:13:14,156 INFO  segmented.SegmentedRaftLogWorker (SegmentedRaftLogWorker.java:run(313)) - db55e2dc-2f84-48ad-bfe6-e5d08d1ff6d4-SegmentedRaftLogWorker:Storage Directory /tmp/workdir/hadoop-ozone/integration-test/target/test-dir/MiniOzoneClusterImpl-cb60d03d-f57a-4c54-aae4-b882482aac61/datanode-9/data/ratis/c5dc5259-1176-4634-8859-0dda9c0a8406 was interrupted, exiting. There are 0 tasks remaining in the queue.
2019-07-14 03:13:14,156 INFO  impl.FollowerInfo (FollowerInfo.java:lambda$new$0(50)) - db55e2dc-2f84-48ad-bfe6-e5d08d1ff6d4->c7a0e152-31f3-4073-9a76-7e483665e3d6: nextIndex: updateUnconditionally 5 -> 4
2019-07-14 03:13:14,159 INFO  impl.FollowerInfo (FollowerInfo.java:lambda$new$0(50)) - db55e2dc-2f84-48ad-bfe6-e5d08d1ff6d4->30c25743-4f02-4fca-bc89-96f5d03206f9: nextIndex: updateUnconditionally 5 -> 4
2019-07-14 03:13:14,162 INFO  segmented.SegmentedRaftLogWorker (SegmentedRaftLogWorker.java:close(228)) - db55e2dc-2f84-48ad-bfe6-e5d08d1ff6d4-SegmentedRaftLogWorker:Storage Directory /tmp/workdir/hadoop-ozone/integration-test/target/test-dir/MiniOzoneClusterImpl-cb60d03d-f57a-4c54-aae4-b882482aac61/datanode-9/data/ratis/c5dc5259-1176-4634-8859-0dda9c0a8406 close()
2019-07-14 03:13:14,179 INFO  impl.StateMachineUpdater (StateMachineUpdater.java:takeSnapshot(242)) - StateMachineUpdater:db55e2dc-2f84-48ad-bfe6-e5d08d1ff6d4:group-BB011906DF6F: Took a snapshot at index 4
2019-07-14 03:13:14,180 INFO  impl.StateMachineUpdater (StateMachineUpdater.java:lambda$new$0(80)) - StateMachineUpdater:db55e2dc-2f84-48ad-bfe6-e5d08d1ff6d4:group-BB011906DF6F: snapshotIndex: updateIncreasingly -1 -> 4
2019-07-14 03:13:14,185 INFO  impl.RaftServerImpl (ServerState.java:close(394)) - db55e2dc-2f84-48ad-bfe6-e5d08d1ff6d4:group-BB011906DF6F closes. The last applied log index is 4
2019-07-14 03:13:14,185 INFO  segmented.SegmentedRaftLogWorker (SegmentedRaftLogWorker.java:run(313)) - db55e2dc-2f84-48ad-bfe6-e5d08d1ff6d4-SegmentedRaftLogWorker:Storage Directory /tmp/workdir/hadoop-ozone/integration-test/target/test-dir/MiniOzoneClusterImpl-cb60d03d-f57a-4c54-aae4-b882482aac61/datanode-9/data/ratis/fdd1bae1-0785-4b0a-bac6-bb011906df6f was interrupted, exiting. There are 0 tasks remaining in the queue.
2019-07-14 03:13:14,188 INFO  segmented.SegmentedRaftLogWorker (SegmentedRaftLogWorker.java:close(228)) - db55e2dc-2f84-48ad-bfe6-e5d08d1ff6d4-SegmentedRaftLogWorker:Storage Directory /tmp/workdir/hadoop-ozone/integration-test/target/test-dir/MiniOzoneClusterImpl-cb60d03d-f57a-4c54-aae4-b882482aac61/datanode-9/data/ratis/fdd1bae1-0785-4b0a-bac6-bb011906df6f close()
2019-07-14 03:13:14,193 INFO  server.GrpcService (GrpcService.java:closeImpl(155)) - db55e2dc-2f84-48ad-bfe6-e5d08d1ff6d4: shutdown server with port 45358 now
2019-07-14 03:13:14,197 INFO  server.GrpcService (GrpcService.java:closeImpl(163)) - db55e2dc-2f84-48ad-bfe6-e5d08d1ff6d4: shutdown server with port 45358 successfully
2019-07-14 03:13:14,201 INFO  utils.BackgroundService (BackgroundService.java:shutdown(148)) - Shutting down service BlockDeletingService
2019-07-14 03:13:14,204 WARN  fs.CachingGetSpaceUsed (CachingGetSpaceUsed.java:run(183)) - Thread Interrupted waiting to refresh disk information: sleep interrupted
2019-07-14 03:13:14,231 INFO  statemachine.DatanodeStateMachine (DatanodeStateMachine.java:stopDaemon(395)) - Ozone container server stopped.
2019-07-14 03:13:14,235 INFO  handler.ContextHandler (ContextHandler.java:doStop(910)) - Stopped o.e.j.w.WebAppContext@76af34b5{/,null,UNAVAILABLE}{/hddsDatanode}
2019-07-14 03:13:14,246 INFO  server.AbstractConnector (AbstractConnector.java:doStop(318)) - Stopped ServerConnector@3313463c{HTTP/1.1,[http/1.1]}{0.0.0.0:0}
2019-07-14 03:13:14,247 INFO  handler.ContextHandler (ContextHandler.java:doStop(910)) - Stopped o.e.j.s.ServletContextHandler@628ba266{/static,jar:file:/home/user/.m2/repository/org/apache/hadoop/hadoop-hdds-container-service/0.5.0-SNAPSHOT/hadoop-hdds-container-service-0.5.0-SNAPSHOT.jar!/webapps/static,UNAVAILABLE}
2019-07-14 03:13:14,248 INFO  handler.ContextHandler (ContextHandler.java:doStop(910)) - Stopped o.e.j.s.ServletContextHandler@40f9f60d{/logs,file:///tmp/workdir/hadoop-ozone/integration-test/target/log,UNAVAILABLE}
2019-07-14 03:13:14,268 INFO  pipeline.Pipeline (Pipeline.java:getProtobufMessage(195)) - Serialize pipeline PipelineID=fdd1bae1-0785-4b0a-bac6-bb011906df6f with nodesInOrder{ }
2019-07-14 03:13:14,269 INFO  pipeline.Pipeline (Pipeline.java:build(342)) - Deserialize nodesInOrder [db55e2dc-2f84-48ad-bfe6-e5d08d1ff6d4{ip: 192.168.157.236, host: trunk-nightly-k88cw-3644625431, networkLocation: /default-rack, certSerialId: null}, db55e2dc-2f84-48ad-bfe6-e5d08d1ff6d4{ip: 192.168.157.236, host: trunk-nightly-k88cw-3644625431, networkLocation: /default-rack, certSerialId: null}, db55e2dc-2f84-48ad-bfe6-e5d08d1ff6d4{ip: 192.168.157.236, host: trunk-nightly-k88cw-3644625431, networkLocation: /default-rack, certSerialId: null}] in pipeline PipelineID=fdd1bae1-0785-4b0a-bac6-bb011906df6f
2019-07-14 03:13:14,276 INFO  pipeline.Pipeline (Pipeline.java:getProtobufMessage(195)) - Serialize pipeline PipelineID=fdd1bae1-0785-4b0a-bac6-bb011906df6f with nodesInOrder{ }
2019-07-14 03:13:14,278 INFO  pipeline.Pipeline (Pipeline.java:build(342)) - Deserialize nodesInOrder [db55e2dc-2f84-48ad-bfe6-e5d08d1ff6d4{ip: 192.168.157.236, host: trunk-nightly-k88cw-3644625431, networkLocation: /default-rack, certSerialId: null}, db55e2dc-2f84-48ad-bfe6-e5d08d1ff6d4{ip: 192.168.157.236, host: trunk-nightly-k88cw-3644625431, networkLocation: /default-rack, certSerialId: null}, db55e2dc-2f84-48ad-bfe6-e5d08d1ff6d4{ip: 192.168.157.236, host: trunk-nightly-k88cw-3644625431, networkLocation: /default-rack, certSerialId: null}] in pipeline PipelineID=fdd1bae1-0785-4b0a-bac6-bb011906df6f
2019-07-14 03:13:14,372 ERROR scm.XceiverClientGrpc (XceiverClientGrpc.java:sendCommandWithRetry(308)) - Failed to execute command cmdType: ReadChunk
traceID: "ecf199c85fe9fae7:ecf199c85fe9fae7:0:0"
containerID: 1
datanodeUuid: "db55e2dc-2f84-48ad-bfe6-e5d08d1ff6d4"
readChunk {
  blockID {
    containerID: 1
    localID: 102437616561684481
    blockCommitSequenceId: 3
  }
  chunkData {
    chunkName: "0018142d5500e350d55301d8e0285d15_stream_97e141d7-a497-4d09-8f68-9f6a7cb9e0ad_chunk_1"
    offset: 0
    len: 12
    checksumData {
      type: CRC32
      bytesPerChecksum: 1048576
      checksums: "\000\000\000\000\357\322\354/"
    }
  }
}
 on the pipeline PipelineID=fdd1bae1-0785-4b0a-bac6-bb011906df6f
]]></system-out>
    <system-err><![CDATA[ERROR StatusLogger No Log4j 2 configuration file found. Using default configuration (logging only errors to the console), or user programmatically provided configurations. Set system property 'log4j2.debug' to show Log4j 2 internal initialization logging. See https://logging.apache.org/log4j/2.x/manual/configuration.html for instructions on how to configure Log4j 2
Jul 14, 2019 3:12:55 AM com.sun.jersey.server.impl.application.WebApplicationImpl _initiate
INFO: Initiating Jersey application, version 'Jersey: 1.19 02/11/2015 03:25 AM'
Jul 14, 2019 3:12:56 AM com.sun.jersey.server.impl.application.WebApplicationImpl _initiate
INFO: Initiating Jersey application, version 'Jersey: 1.19 02/11/2015 03:25 AM'
Jul 14, 2019 3:12:56 AM com.sun.jersey.server.impl.application.WebApplicationImpl _initiate
INFO: Initiating Jersey application, version 'Jersey: 1.19 02/11/2015 03:25 AM'
Jul 14, 2019 3:12:56 AM com.sun.jersey.server.impl.application.WebApplicationImpl _initiate
INFO: Initiating Jersey application, version 'Jersey: 1.19 02/11/2015 03:25 AM'
Jul 14, 2019 3:12:57 AM com.sun.jersey.server.impl.application.WebApplicationImpl _initiate
INFO: Initiating Jersey application, version 'Jersey: 1.19 02/11/2015 03:25 AM'
Jul 14, 2019 3:12:57 AM com.sun.jersey.server.impl.application.WebApplicationImpl _initiate
INFO: Initiating Jersey application, version 'Jersey: 1.19 02/11/2015 03:25 AM'
Jul 14, 2019 3:12:57 AM com.sun.jersey.server.impl.application.WebApplicationImpl _initiate
INFO: Initiating Jersey application, version 'Jersey: 1.19 02/11/2015 03:25 AM'
Jul 14, 2019 3:12:57 AM com.sun.jersey.server.impl.application.WebApplicationImpl _initiate
INFO: Initiating Jersey application, version 'Jersey: 1.19 02/11/2015 03:25 AM'
Jul 14, 2019 3:12:57 AM com.sun.jersey.server.impl.application.WebApplicationImpl _initiate
INFO: Initiating Jersey application, version 'Jersey: 1.19 02/11/2015 03:25 AM'
Jul 14, 2019 3:12:57 AM com.sun.jersey.server.impl.application.WebApplicationImpl _initiate
INFO: Initiating Jersey application, version 'Jersey: 1.19 02/11/2015 03:25 AM'
]]></system-err>
  </testcase>
</testsuite>