<?xml version="1.0" encoding="UTF-8"?>
<testsuite xmlns:xsi="http://www.w3.org/2001/XMLSchema-instance" xsi:noNamespaceSchemaLocation="https://maven.apache.org/surefire/maven-surefire-plugin/xsd/surefire-test-report.xsd" name="org.apache.hadoop.ozone.client.rpc.TestOzoneClientRetriesOnException" time="84.139" tests="2" errors="1" skipped="0" failures="0">
  <properties>
    <property name="awt.toolkit" value="sun.awt.X11.XToolkit"/>
    <property name="file.encoding.pkg" value="sun.io"/>
    <property name="java.specification.version" value="1.8"/>
    <property name="sun.cpu.isalist" value=""/>
    <property name="sun.jnu.encoding" value="UTF-8"/>
    <property name="java.class.path" value="/tmp/workdir/hadoop-ozone/integration-test/target/test-classes:/tmp/workdir/hadoop-ozone/integration-test/target/classes:/home/user/.m2/repository/org/apache/hadoop/hadoop-ozone-common/0.5.0-SNAPSHOT/hadoop-ozone-common-0.5.0-SNAPSHOT.jar:/home/user/.m2/repository/org/apache/commons/commons-compress/1.4.1/commons-compress-1.4.1.jar:/home/user/.m2/repository/org/tukaani/xz/1.0/xz-1.0.jar:/home/user/.m2/repository/org/apache/hadoop/hadoop-common/3.2.0/hadoop-common-3.2.0.jar:/home/user/.m2/repository/org/apache/hadoop/hadoop-hdfs/3.2.0/hadoop-hdfs-3.2.0.jar:/home/user/.m2/repository/org/apache/hadoop/hadoop-hdfs-client/3.2.0/hadoop-hdfs-client-3.2.0.jar:/home/user/.m2/repository/com/fasterxml/jackson/core/jackson-annotations/2.9.5/jackson-annotations-2.9.5.jar:/home/user/.m2/repository/org/apache/hadoop/hadoop-hdds-common/0.5.0-SNAPSHOT/hadoop-hdds-common-0.5.0-SNAPSHOT.jar:/home/user/.m2/repository/javax/annotation/javax.annotation-api/1.2/javax.annotation-api-1.2.jar:/home/user/.m2/repository/org/apache/ratis/ratis-server/0.4.0-2337318-SNAPSHOT/ratis-server-0.4.0-2337318-SNAPSHOT.jar:/home/user/.m2/repository/org/apache/ratis/ratis-thirdparty-misc/0.2.0/ratis-thirdparty-misc-0.2.0.jar:/home/user/.m2/repository/org/apache/ratis/ratis-proto/0.4.0-2337318-SNAPSHOT/ratis-proto-0.4.0-2337318-SNAPSHOT.jar:/home/user/.m2/repository/org/apache/ratis/ratis-common/0.4.0-2337318-SNAPSHOT/ratis-common-0.4.0-2337318-SNAPSHOT.jar:/home/user/.m2/repository/org/apache/ratis/ratis-client/0.4.0-2337318-SNAPSHOT/ratis-client-0.4.0-2337318-SNAPSHOT.jar:/home/user/.m2/repository/org/apache/ratis/ratis-metrics/0.4.0-2337318-SNAPSHOT/ratis-metrics-0.4.0-2337318-SNAPSHOT.jar:/home/user/.m2/repository/org/apache/ratis/ratis-netty/0.4.0-2337318-SNAPSHOT/ratis-netty-0.4.0-2337318-SNAPSHOT.jar:/home/user/.m2/repository/org/apache/ratis/ratis-grpc/0.4.0-2337318-SNAPSHOT/ratis-grpc-0.4.0-2337318-SNAPSHOT.jar:/home/user/.m2/repository/org/rocksdb/rocksdbjni/6.0.1/rocksdbjni-6.0.1.jar:/home/user/.m2/repository/org/apache/logging/log4j/log4j-api/2.11.0/log4j-api-2.11.0.jar:/home/user/.m2/repository/org/apache/logging/log4j/log4j-core/2.11.0/log4j-core-2.11.0.jar:/home/user/.m2/repository/com/lmax/disruptor/3.4.2/disruptor-3.4.2.jar:/home/user/.m2/repository/org/apache/commons/commons-pool2/2.6.0/commons-pool2-2.6.0.jar:/home/user/.m2/repository/org/bouncycastle/bcpkix-jdk15on/1.60/bcpkix-jdk15on-1.60.jar:/home/user/.m2/repository/commons-validator/commons-validator/1.6/commons-validator-1.6.jar:/home/user/.m2/repository/commons-digester/commons-digester/1.8.1/commons-digester-1.8.1.jar:/home/user/.m2/repository/io/jaegertracing/jaeger-client/0.33.1/jaeger-client-0.33.1.jar:/home/user/.m2/repository/io/jaegertracing/jaeger-thrift/0.33.1/jaeger-thrift-0.33.1.jar:/home/user/.m2/repository/org/apache/thrift/libthrift/0.11.0/libthrift-0.11.0.jar:/home/user/.m2/repository/com/squareup/okhttp3/okhttp/3.9.0/okhttp-3.9.0.jar:/home/user/.m2/repository/com/squareup/okio/okio/1.13.0/okio-1.13.0.jar:/home/user/.m2/repository/io/jaegertracing/jaeger-core/0.33.1/jaeger-core-0.33.1.jar:/home/user/.m2/repository/io/jaegertracing/jaeger-tracerresolver/0.33.1/jaeger-tracerresolver-0.33.1.jar:/home/user/.m2/repository/io/opentracing/contrib/opentracing-tracerresolver/0.1.5/opentracing-tracerresolver-0.1.5.jar:/home/user/.m2/repository/io/opentracing/opentracing-util/0.31.0/opentracing-util-0.31.0.jar:/home/user/.m2/repository/io/opentracing/opentracing-api/0.31.0/opentracing-api-0.31.0.jar:/home/user/.m2/repository/io/opentracing/opentracing-noop/0.31.0/opentracing-noop-0.31.0.jar:/home/user/.m2/repository/org/apache/hadoop/hadoop-hdds-server-framework/0.5.0-SNAPSHOT/hadoop-hdds-server-framework-0.5.0-SNAPSHOT.jar:/home/user/.m2/repository/org/apache/hadoop/hadoop-hdds-container-service/0.5.0-SNAPSHOT/hadoop-hdds-container-service-0.5.0-SNAPSHOT.jar:/home/user/.m2/repository/org/apache/hadoop/hadoop-hdds-client/0.5.0-SNAPSHOT/hadoop-hdds-client-0.5.0-SNAPSHOT.jar:/home/user/.m2/repository/org/apache/hadoop/hadoop-hdds-tools/0.5.0-SNAPSHOT/hadoop-hdds-tools-0.5.0-SNAPSHOT.jar:/home/user/.m2/repository/org/apache/hadoop/hadoop-hdds-server-scm/0.5.0-SNAPSHOT/hadoop-hdds-server-scm-0.5.0-SNAPSHOT.jar:/home/user/.m2/repository/org/apache/hadoop/hadoop-hdds-docs/0.5.0-SNAPSHOT/hadoop-hdds-docs-0.5.0-SNAPSHOT.jar:/home/user/.m2/repository/io/dropwizard/metrics/metrics-core/3.2.4/metrics-core-3.2.4.jar:/home/user/.m2/repository/org/hamcrest/hamcrest-all/1.3/hamcrest-all-1.3.jar:/home/user/.m2/repository/org/bouncycastle/bcprov-jdk15on/1.60/bcprov-jdk15on-1.60.jar:/home/user/.m2/repository/info/picocli/picocli/3.9.6/picocli-3.9.6.jar:/home/user/.m2/repository/com/google/protobuf/protobuf-java/2.5.0/protobuf-java-2.5.0.jar:/home/user/.m2/repository/com/google/guava/guava/11.0.2/guava-11.0.2.jar:/home/user/.m2/repository/org/apache/hadoop/hadoop-ozone-ozone-manager/0.5.0-SNAPSHOT/hadoop-ozone-ozone-manager-0.5.0-SNAPSHOT.jar:/home/user/.m2/repository/org/apache/hadoop/hadoop-minikdc/3.2.0/hadoop-minikdc-3.2.0.jar:/home/user/.m2/repository/commons-io/commons-io/2.5/commons-io-2.5.jar:/home/user/.m2/repository/org/apache/kerby/kerb-simplekdc/1.0.1/kerb-simplekdc-1.0.1.jar:/home/user/.m2/repository/org/apache/kerby/kerb-client/1.0.1/kerb-client-1.0.1.jar:/home/user/.m2/repository/org/apache/kerby/kerby-config/1.0.1/kerby-config-1.0.1.jar:/home/user/.m2/repository/org/apache/kerby/kerb-core/1.0.1/kerb-core-1.0.1.jar:/home/user/.m2/repository/org/apache/kerby/kerby-pkix/1.0.1/kerby-pkix-1.0.1.jar:/home/user/.m2/repository/org/apache/kerby/kerby-asn1/1.0.1/kerby-asn1-1.0.1.jar:/home/user/.m2/repository/org/apache/kerby/kerby-util/1.0.1/kerby-util-1.0.1.jar:/home/user/.m2/repository/org/apache/kerby/kerb-common/1.0.1/kerb-common-1.0.1.jar:/home/user/.m2/repository/org/apache/kerby/kerb-crypto/1.0.1/kerb-crypto-1.0.1.jar:/home/user/.m2/repository/org/apache/kerby/kerb-util/1.0.1/kerb-util-1.0.1.jar:/home/user/.m2/repository/org/apache/kerby/token-provider/1.0.1/token-provider-1.0.1.jar:/home/user/.m2/repository/org/apache/kerby/kerb-admin/1.0.1/kerb-admin-1.0.1.jar:/home/user/.m2/repository/org/apache/kerby/kerb-server/1.0.1/kerb-server-1.0.1.jar:/home/user/.m2/repository/org/apache/kerby/kerb-identity/1.0.1/kerb-identity-1.0.1.jar:/home/user/.m2/repository/org/apache/kerby/kerby-xdr/1.0.1/kerby-xdr-1.0.1.jar:/home/user/.m2/repository/org/slf4j/slf4j-log4j12/1.7.25/slf4j-log4j12-1.7.25.jar:/home/user/.m2/repository/org/apache/hadoop/hadoop-ozone-objectstore-service/0.5.0-SNAPSHOT/hadoop-ozone-objectstore-service-0.5.0-SNAPSHOT.jar:/home/user/.m2/repository/org/apache/hadoop/hadoop-ozone-s3gateway/0.5.0-SNAPSHOT/hadoop-ozone-s3gateway-0.5.0-SNAPSHOT.jar:/home/user/.m2/repository/org/jboss/weld/servlet/weld-servlet/2.4.7.Final/weld-servlet-2.4.7.Final.jar:/home/user/.m2/repository/org/glassfish/jersey/containers/jersey-container-servlet-core/2.27/jersey-container-servlet-core-2.27.jar:/home/user/.m2/repository/org/glassfish/hk2/external/javax.inject/2.5.0-b42/javax.inject-2.5.0-b42.jar:/home/user/.m2/repository/org/glassfish/jersey/core/jersey-common/2.27/jersey-common-2.27.jar:/home/user/.m2/repository/org/glassfish/hk2/osgi-resource-locator/1.0.1/osgi-resource-locator-1.0.1.jar:/home/user/.m2/repository/javax/ws/rs/javax.ws.rs-api/2.1/javax.ws.rs-api-2.1.jar:/home/user/.m2/repository/org/glassfish/jersey/ext/cdi/jersey-cdi1x/2.27/jersey-cdi1x-2.27.jar:/home/user/.m2/repository/org/glassfish/jersey/inject/jersey-hk2/2.27/jersey-hk2-2.27.jar:/home/user/.m2/repository/org/glassfish/hk2/hk2-locator/2.5.0-b42/hk2-locator-2.5.0-b42.jar:/home/user/.m2/repository/org/javassist/javassist/3.22.0-CR2/javassist-3.22.0-CR2.jar:/home/user/.m2/repository/org/glassfish/hk2/hk2-api/2.5.0/hk2-api-2.5.0.jar:/home/user/.m2/repository/org/glassfish/hk2/external/jakarta.inject/2.5.0/jakarta.inject-2.5.0.jar:/home/user/.m2/repository/org/glassfish/hk2/hk2-utils/2.5.0/hk2-utils-2.5.0.jar:/home/user/.m2/repository/jakarta/annotation/jakarta.annotation-api/1.3.4/jakarta.annotation-api-1.3.4.jar:/home/user/.m2/repository/org/glassfish/hk2/external/aopalliance-repackaged/2.5.0/aopalliance-repackaged-2.5.0.jar:/home/user/.m2/repository/com/fasterxml/jackson/dataformat/jackson-dataformat-xml/2.9.0/jackson-dataformat-xml-2.9.0.jar:/home/user/.m2/repository/com/fasterxml/jackson/core/jackson-core/2.9.5/jackson-core-2.9.5.jar:/home/user/.m2/repository/com/fasterxml/jackson/module/jackson-module-jaxb-annotations/2.9.5/jackson-module-jaxb-annotations-2.9.5.jar:/home/user/.m2/repository/javax/enterprise/cdi-api/1.2/cdi-api-1.2.jar:/home/user/.m2/repository/javax/el/javax.el-api/3.0.0/javax.el-api-3.0.0.jar:/home/user/.m2/repository/javax/interceptor/javax.interceptor-api/1.2/javax.interceptor-api-1.2.jar:/home/user/.m2/repository/javax/inject/javax.inject/1/javax.inject-1.jar:/home/user/.m2/repository/com/sun/xml/bind/jaxb-impl/2.3.0.1/jaxb-impl-2.3.0.1.jar:/home/user/.m2/repository/com/sun/xml/bind/jaxb-core/2.3.0.1/jaxb-core-2.3.0.1.jar:/home/user/.m2/repository/javax/xml/bind/jaxb-api/2.3.0/jaxb-api-2.3.0.jar:/home/user/.m2/repository/javax/activation/activation/1.1.1/activation-1.1.1.jar:/home/user/.m2/repository/org/apache/hadoop/hadoop-ozone-csi/0.5.0-SNAPSHOT/hadoop-ozone-csi-0.5.0-SNAPSHOT.jar:/home/user/.m2/repository/com/google/protobuf/protobuf-java-util/3.5.1/protobuf-java-util-3.5.1.jar:/home/user/.m2/repository/org/apache/hadoop/hadoop-hdds-config/0.5.0-SNAPSHOT/hadoop-hdds-config-0.5.0-SNAPSHOT.jar:/home/user/.m2/repository/io/grpc/grpc-netty/1.17.1/grpc-netty-1.17.1.jar:/home/user/.m2/repository/io/grpc/grpc-core/1.17.1/grpc-core-1.17.1.jar:/home/user/.m2/repository/io/grpc/grpc-context/1.17.1/grpc-context-1.17.1.jar:/home/user/.m2/repository/com/google/errorprone/error_prone_annotations/2.2.0/error_prone_annotations-2.2.0.jar:/home/user/.m2/repository/org/codehaus/mojo/animal-sniffer-annotations/1.17/animal-sniffer-annotations-1.17.jar:/home/user/.m2/repository/io/opencensus/opencensus-api/0.17.0/opencensus-api-0.17.0.jar:/home/user/.m2/repository/io/opencensus/opencensus-contrib-grpc-metrics/0.17.0/opencensus-contrib-grpc-metrics-0.17.0.jar:/home/user/.m2/repository/io/netty/netty-codec-http2/4.1.30.Final/netty-codec-http2-4.1.30.Final.jar:/home/user/.m2/repository/io/netty/netty-codec-http/4.1.30.Final/netty-codec-http-4.1.30.Final.jar:/home/user/.m2/repository/io/netty/netty-codec/4.1.30.Final/netty-codec-4.1.30.Final.jar:/home/user/.m2/repository/io/netty/netty-handler/4.1.30.Final/netty-handler-4.1.30.Final.jar:/home/user/.m2/repository/io/netty/netty-handler-proxy/4.1.30.Final/netty-handler-proxy-4.1.30.Final.jar:/home/user/.m2/repository/io/netty/netty-codec-socks/4.1.30.Final/netty-codec-socks-4.1.30.Final.jar:/home/user/.m2/repository/io/netty/netty-transport-native-epoll/4.1.30.Final/netty-transport-native-epoll-4.1.30.Final.jar:/home/user/.m2/repository/io/netty/netty-common/4.1.30.Final/netty-common-4.1.30.Final.jar:/home/user/.m2/repository/io/netty/netty-buffer/4.1.30.Final/netty-buffer-4.1.30.Final.jar:/home/user/.m2/repository/io/netty/netty-transport/4.1.30.Final/netty-transport-4.1.30.Final.jar:/home/user/.m2/repository/io/netty/netty-resolver/4.1.30.Final/netty-resolver-4.1.30.Final.jar:/home/user/.m2/repository/io/netty/netty-transport-native-unix-common/4.1.30.Final/netty-transport-native-unix-common-4.1.30.Final.jar:/home/user/.m2/repository/io/grpc/grpc-protobuf/1.17.1/grpc-protobuf-1.17.1.jar:/home/user/.m2/repository/com/google/api/grpc/proto-google-common-protos/1.0.0/proto-google-common-protos-1.0.0.jar:/home/user/.m2/repository/io/grpc/grpc-protobuf-lite/1.17.1/grpc-protobuf-lite-1.17.1.jar:/home/user/.m2/repository/io/grpc/grpc-stub/1.17.1/grpc-stub-1.17.1.jar:/home/user/.m2/repository/org/apache/hadoop/hadoop-ozone-recon/0.5.0-SNAPSHOT/hadoop-ozone-recon-0.5.0-SNAPSHOT.jar:/home/user/.m2/repository/org/apache/hadoop/hadoop-ozone-reconcodegen/0.5.0-SNAPSHOT/hadoop-ozone-reconcodegen-0.5.0-SNAPSHOT.jar:/home/user/.m2/repository/com/google/inject/extensions/guice-multibindings/4.0/guice-multibindings-4.0.jar:/home/user/.m2/repository/com/google/inject/guice/4.0/guice-4.0.jar:/home/user/.m2/repository/aopalliance/aopalliance/1.0/aopalliance-1.0.jar:/home/user/.m2/repository/com/google/inject/extensions/guice-servlet/4.0/guice-servlet-4.0.jar:/home/user/.m2/repository/org/glassfish/jersey/containers/jersey-container-servlet/2.27/jersey-container-servlet-2.27.jar:/home/user/.m2/repository/org/glassfish/hk2/guice-bridge/2.5.0/guice-bridge-2.5.0.jar:/home/user/.m2/repository/org/glassfish/jersey/core/jersey-server/2.27/jersey-server-2.27.jar:/home/user/.m2/repository/org/glassfish/jersey/core/jersey-client/2.27/jersey-client-2.27.jar:/home/user/.m2/repository/org/glassfish/jersey/media/jersey-media-jaxb/2.27/jersey-media-jaxb-2.27.jar:/home/user/.m2/repository/javax/validation/validation-api/1.1.0.Final/validation-api-1.1.0.Final.jar:/home/user/.m2/repository/org/glassfish/jersey/media/jersey-media-json-jackson/2.27/jersey-media-json-jackson-2.27.jar:/home/user/.m2/repository/org/glassfish/jersey/ext/jersey-entity-filtering/2.27/jersey-entity-filtering-2.27.jar:/home/user/.m2/repository/com/google/inject/extensions/guice-assistedinject/4.0/guice-assistedinject-4.0.jar:/home/user/.m2/repository/org/jooq/jooq/3.11.10/jooq-3.11.10.jar:/home/user/.m2/repository/org/jooq/jooq-meta/3.11.10/jooq-meta-3.11.10.jar:/home/user/.m2/repository/org/jooq/jooq-codegen/3.11.10/jooq-codegen-3.11.10.jar:/home/user/.m2/repository/com/jolbox/bonecp/0.8.0.RELEASE/bonecp-0.8.0.RELEASE.jar:/home/user/.m2/repository/org/xerial/sqlite-jdbc/3.25.2/sqlite-jdbc-3.25.2.jar:/home/user/.m2/repository/org/springframework/spring-jdbc/5.1.3.RELEASE/spring-jdbc-5.1.3.RELEASE.jar:/home/user/.m2/repository/org/springframework/spring-beans/5.1.3.RELEASE/spring-beans-5.1.3.RELEASE.jar:/home/user/.m2/repository/org/springframework/spring-core/5.1.3.RELEASE/spring-core-5.1.3.RELEASE.jar:/home/user/.m2/repository/org/springframework/spring-jcl/5.1.3.RELEASE/spring-jcl-5.1.3.RELEASE.jar:/home/user/.m2/repository/org/springframework/spring-tx/5.1.3.RELEASE/spring-tx-5.1.3.RELEASE.jar:/home/user/.m2/repository/org/apache/hadoop/hadoop-ozone-client/0.5.0-SNAPSHOT/hadoop-ozone-client-0.5.0-SNAPSHOT.jar:/home/user/.m2/repository/commons-lang/commons-lang/2.6/commons-lang-2.6.jar:/home/user/.m2/repository/org/apache/hadoop/hadoop-ozone-ozone-manager/0.5.0-SNAPSHOT/hadoop-ozone-ozone-manager-0.5.0-SNAPSHOT-tests.jar:/home/user/.m2/repository/junit/junit/4.11/junit-4.11.jar:/home/user/.m2/repository/org/hamcrest/hamcrest-core/1.3/hamcrest-core-1.3.jar:/home/user/.m2/repository/org/openjdk/jmh/jmh-core/1.19/jmh-core-1.19.jar:/home/user/.m2/repository/net/sf/jopt-simple/jopt-simple/4.6/jopt-simple-4.6.jar:/home/user/.m2/repository/org/apache/commons/commons-math3/3.1.1/commons-math3-3.1.1.jar:/home/user/.m2/repository/org/openjdk/jmh/jmh-generator-annprocess/1.19/jmh-generator-annprocess-1.19.jar:/home/user/.m2/repository/org/mockito/mockito-all/1.8.5/mockito-all-1.8.5.jar:/home/user/.m2/repository/org/apache/hadoop/hadoop-kms/3.2.0/hadoop-kms-3.2.0.jar:/home/user/.m2/repository/org/apache/hadoop/hadoop-auth/3.2.0/hadoop-auth-3.2.0.jar:/home/user/.m2/repository/com/nimbusds/nimbus-jose-jwt/4.41.1/nimbus-jose-jwt-4.41.1.jar:/home/user/.m2/repository/com/github/stephenc/jcip/jcip-annotations/1.0-1/jcip-annotations-1.0-1.jar:/home/user/.m2/repository/net/minidev/json-smart/2.3/json-smart-2.3.jar:/home/user/.m2/repository/net/minidev/accessors-smart/1.2/accessors-smart-1.2.jar:/home/user/.m2/repository/org/ow2/asm/asm/5.0.4/asm-5.0.4.jar:/home/user/.m2/repository/org/apache/curator/curator-framework/2.12.0/curator-framework-2.12.0.jar:/home/user/.m2/repository/com/sun/jersey/jersey-core/1.19/jersey-core-1.19.jar:/home/user/.m2/repository/javax/ws/rs/jsr311-api/1.1.1/jsr311-api-1.1.1.jar:/home/user/.m2/repository/com/sun/jersey/jersey-server/1.19/jersey-server-1.19.jar:/home/user/.m2/repository/javax/servlet/javax.servlet-api/3.1.0/javax.servlet-api-3.1.0.jar:/home/user/.m2/repository/org/eclipse/jetty/jetty-server/9.3.24.v20180605/jetty-server-9.3.24.v20180605.jar:/home/user/.m2/repository/org/eclipse/jetty/jetty-http/9.3.24.v20180605/jetty-http-9.3.24.v20180605.jar:/home/user/.m2/repository/org/eclipse/jetty/jetty-io/9.3.24.v20180605/jetty-io-9.3.24.v20180605.jar:/home/user/.m2/repository/org/eclipse/jetty/jetty-webapp/9.3.24.v20180605/jetty-webapp-9.3.24.v20180605.jar:/home/user/.m2/repository/org/eclipse/jetty/jetty-xml/9.3.24.v20180605/jetty-xml-9.3.24.v20180605.jar:/home/user/.m2/repository/log4j/log4j/1.2.17/log4j-1.2.17.jar:/home/user/.m2/repository/org/slf4j/slf4j-api/1.7.25/slf4j-api-1.7.25.jar:/home/user/.m2/repository/org/slf4j/jul-to-slf4j/1.7.25/jul-to-slf4j-1.7.25.jar:/home/user/.m2/repository/org/eclipse/jetty/jetty-util/9.3.24.v20180605/jetty-util-9.3.24.v20180605.jar:/home/user/.m2/repository/com/fasterxml/jackson/core/jackson-databind/2.9.5/jackson-databind-2.9.5.jar:/home/user/.m2/repository/org/apache/hadoop/hadoop-kms/3.2.0/hadoop-kms-3.2.0-tests.jar:/home/user/.m2/repository/org/apache/hadoop/hadoop-hdds-server-scm/0.5.0-SNAPSHOT/hadoop-hdds-server-scm-0.5.0-SNAPSHOT-tests.jar:/home/user/.m2/repository/org/apache/hadoop/hadoop-hdds-container-service/0.5.0-SNAPSHOT/hadoop-hdds-container-service-0.5.0-SNAPSHOT-tests.jar:/home/user/.m2/repository/org/yaml/snakeyaml/1.16/snakeyaml-1.16.jar:/home/user/.m2/repository/org/apache/hadoop/hadoop-common/3.2.0/hadoop-common-3.2.0-tests.jar:/home/user/.m2/repository/org/apache/hadoop/hadoop-annotations/3.2.0/hadoop-annotations-3.2.0.jar:/usr/lib/jvm/java-1.8-openjdk/jre/../lib/tools.jar:/home/user/.m2/repository/commons-cli/commons-cli/1.2/commons-cli-1.2.jar:/home/user/.m2/repository/org/apache/httpcomponents/httpclient/4.5.2/httpclient-4.5.2.jar:/home/user/.m2/repository/org/apache/httpcomponents/httpcore/4.4.4/httpcore-4.4.4.jar:/home/user/.m2/repository/commons-codec/commons-codec/1.11/commons-codec-1.11.jar:/home/user/.m2/repository/commons-net/commons-net/3.6/commons-net-3.6.jar:/home/user/.m2/repository/commons-collections/commons-collections/3.2.2/commons-collections-3.2.2.jar:/home/user/.m2/repository/org/eclipse/jetty/jetty-servlet/9.3.24.v20180605/jetty-servlet-9.3.24.v20180605.jar:/home/user/.m2/repository/org/eclipse/jetty/jetty-security/9.3.24.v20180605/jetty-security-9.3.24.v20180605.jar:/home/user/.m2/repository/javax/servlet/jsp/jsp-api/2.1/jsp-api-2.1.jar:/home/user/.m2/repository/com/sun/jersey/jersey-servlet/1.19/jersey-servlet-1.19.jar:/home/user/.m2/repository/com/sun/jersey/jersey-json/1.19/jersey-json-1.19.jar:/home/user/.m2/repository/org/codehaus/jettison/jettison/1.1/jettison-1.1.jar:/home/user/.m2/repository/org/codehaus/jackson/jackson-core-asl/1.9.13/jackson-core-asl-1.9.13.jar:/home/user/.m2/repository/org/codehaus/jackson/jackson-mapper-asl/1.9.13/jackson-mapper-asl-1.9.13.jar:/home/user/.m2/repository/org/codehaus/jackson/jackson-jaxrs/1.9.13/jackson-jaxrs-1.9.13.jar:/home/user/.m2/repository/org/codehaus/jackson/jackson-xc/1.9.13/jackson-xc-1.9.13.jar:/home/user/.m2/repository/commons-logging/commons-logging/1.1.3/commons-logging-1.1.3.jar:/home/user/.m2/repository/commons-beanutils/commons-beanutils/1.9.3/commons-beanutils-1.9.3.jar:/home/user/.m2/repository/org/apache/commons/commons-configuration2/2.1.1/commons-configuration2-2.1.1.jar:/home/user/.m2/repository/org/apache/commons/commons-lang3/3.7/commons-lang3-3.7.jar:/home/user/.m2/repository/org/apache/commons/commons-text/1.4/commons-text-1.4.jar:/home/user/.m2/repository/org/apache/avro/avro/1.7.7/avro-1.7.7.jar:/home/user/.m2/repository/com/thoughtworks/paranamer/paranamer/2.3/paranamer-2.3.jar:/home/user/.m2/repository/org/xerial/snappy/snappy-java/1.0.5/snappy-java-1.0.5.jar:/home/user/.m2/repository/com/google/re2j/re2j/1.1/re2j-1.1.jar:/home/user/.m2/repository/com/google/code/gson/gson/2.2.4/gson-2.2.4.jar:/home/user/.m2/repository/com/jcraft/jsch/0.1.54/jsch-0.1.54.jar:/home/user/.m2/repository/org/apache/curator/curator-client/2.12.0/curator-client-2.12.0.jar:/home/user/.m2/repository/org/apache/curator/curator-recipes/2.12.0/curator-recipes-2.12.0.jar:/home/user/.m2/repository/com/google/code/findbugs/jsr305/3.0.0/jsr305-3.0.0.jar:/home/user/.m2/repository/org/apache/htrace/htrace-core4/4.1.0-incubating/htrace-core4-4.1.0-incubating.jar:/home/user/.m2/repository/org/apache/zookeeper/zookeeper/3.4.13/zookeeper-3.4.13.jar:/home/user/.m2/repository/org/apache/yetus/audience-annotations/0.5.0/audience-annotations-0.5.0.jar:/home/user/.m2/repository/org/codehaus/woodstox/stax2-api/3.1.4/stax2-api-3.1.4.jar:/home/user/.m2/repository/com/fasterxml/woodstox/woodstox-core/5.0.3/woodstox-core-5.0.3.jar:/home/user/.m2/repository/dnsjava/dnsjava/2.1.7/dnsjava-2.1.7.jar:/home/user/.m2/repository/org/apache/hadoop/hadoop-hdfs/3.2.0/hadoop-hdfs-3.2.0-tests.jar:/home/user/.m2/repository/org/eclipse/jetty/jetty-util-ajax/9.3.24.v20180605/jetty-util-ajax-9.3.24.v20180605.jar:/home/user/.m2/repository/commons-daemon/commons-daemon/1.0.13/commons-daemon-1.0.13.jar:/home/user/.m2/repository/io/netty/netty/3.10.5.Final/netty-3.10.5.Final.jar:/home/user/.m2/repository/io/netty/netty-all/4.0.52.Final/netty-all-4.0.52.Final.jar:/home/user/.m2/repository/org/fusesource/leveldbjni/leveldbjni-all/1.8/leveldbjni-all-1.8.jar:"/>
    <property name="java.vm.vendor" value="IcedTea"/>
    <property name="sun.arch.data.model" value="64"/>
    <property name="test.build.dir" value="/tmp/workdir/hadoop-ozone/integration-test/target/test-dir"/>
    <property name="test.cache.data" value=""/>
    <property name="java.vendor.url" value="https://icedtea.classpath.org"/>
    <property name="user.timezone" value=""/>
    <property name="java.vm.specification.version" value="1.8"/>
    <property name="os.name" value="Linux"/>
    <property name="test.build.data" value="/tmp/workdir/hadoop-ozone/integration-test/target/test-dir"/>
    <property name="user.country" value="US"/>
    <property name="sun.java.launcher" value="SUN_STANDARD"/>
    <property name="sun.boot.library.path" value="/usr/lib/jvm/java-1.8-openjdk/jre/lib/amd64"/>
    <property name="sun.java.command" value="/tmp/workdir/hadoop-ozone/integration-test/target/surefire/surefirebooter4856179815299560388.jar /tmp/workdir/hadoop-ozone/integration-test/target/surefire 2019-07-14T02-11-03_878-jvmRun1 surefire7972298935082070220tmp surefire_405154258995267231286tmp"/>
    <property name="surefire.test.class.path" value="/tmp/workdir/hadoop-ozone/integration-test/target/test-classes:/tmp/workdir/hadoop-ozone/integration-test/target/classes:/home/user/.m2/repository/org/apache/hadoop/hadoop-ozone-common/0.5.0-SNAPSHOT/hadoop-ozone-common-0.5.0-SNAPSHOT.jar:/home/user/.m2/repository/org/apache/commons/commons-compress/1.4.1/commons-compress-1.4.1.jar:/home/user/.m2/repository/org/tukaani/xz/1.0/xz-1.0.jar:/home/user/.m2/repository/org/apache/hadoop/hadoop-common/3.2.0/hadoop-common-3.2.0.jar:/home/user/.m2/repository/org/apache/hadoop/hadoop-hdfs/3.2.0/hadoop-hdfs-3.2.0.jar:/home/user/.m2/repository/org/apache/hadoop/hadoop-hdfs-client/3.2.0/hadoop-hdfs-client-3.2.0.jar:/home/user/.m2/repository/com/fasterxml/jackson/core/jackson-annotations/2.9.5/jackson-annotations-2.9.5.jar:/home/user/.m2/repository/org/apache/hadoop/hadoop-hdds-common/0.5.0-SNAPSHOT/hadoop-hdds-common-0.5.0-SNAPSHOT.jar:/home/user/.m2/repository/javax/annotation/javax.annotation-api/1.2/javax.annotation-api-1.2.jar:/home/user/.m2/repository/org/apache/ratis/ratis-server/0.4.0-2337318-SNAPSHOT/ratis-server-0.4.0-2337318-SNAPSHOT.jar:/home/user/.m2/repository/org/apache/ratis/ratis-thirdparty-misc/0.2.0/ratis-thirdparty-misc-0.2.0.jar:/home/user/.m2/repository/org/apache/ratis/ratis-proto/0.4.0-2337318-SNAPSHOT/ratis-proto-0.4.0-2337318-SNAPSHOT.jar:/home/user/.m2/repository/org/apache/ratis/ratis-common/0.4.0-2337318-SNAPSHOT/ratis-common-0.4.0-2337318-SNAPSHOT.jar:/home/user/.m2/repository/org/apache/ratis/ratis-client/0.4.0-2337318-SNAPSHOT/ratis-client-0.4.0-2337318-SNAPSHOT.jar:/home/user/.m2/repository/org/apache/ratis/ratis-metrics/0.4.0-2337318-SNAPSHOT/ratis-metrics-0.4.0-2337318-SNAPSHOT.jar:/home/user/.m2/repository/org/apache/ratis/ratis-netty/0.4.0-2337318-SNAPSHOT/ratis-netty-0.4.0-2337318-SNAPSHOT.jar:/home/user/.m2/repository/org/apache/ratis/ratis-grpc/0.4.0-2337318-SNAPSHOT/ratis-grpc-0.4.0-2337318-SNAPSHOT.jar:/home/user/.m2/repository/org/rocksdb/rocksdbjni/6.0.1/rocksdbjni-6.0.1.jar:/home/user/.m2/repository/org/apache/logging/log4j/log4j-api/2.11.0/log4j-api-2.11.0.jar:/home/user/.m2/repository/org/apache/logging/log4j/log4j-core/2.11.0/log4j-core-2.11.0.jar:/home/user/.m2/repository/com/lmax/disruptor/3.4.2/disruptor-3.4.2.jar:/home/user/.m2/repository/org/apache/commons/commons-pool2/2.6.0/commons-pool2-2.6.0.jar:/home/user/.m2/repository/org/bouncycastle/bcpkix-jdk15on/1.60/bcpkix-jdk15on-1.60.jar:/home/user/.m2/repository/commons-validator/commons-validator/1.6/commons-validator-1.6.jar:/home/user/.m2/repository/commons-digester/commons-digester/1.8.1/commons-digester-1.8.1.jar:/home/user/.m2/repository/io/jaegertracing/jaeger-client/0.33.1/jaeger-client-0.33.1.jar:/home/user/.m2/repository/io/jaegertracing/jaeger-thrift/0.33.1/jaeger-thrift-0.33.1.jar:/home/user/.m2/repository/org/apache/thrift/libthrift/0.11.0/libthrift-0.11.0.jar:/home/user/.m2/repository/com/squareup/okhttp3/okhttp/3.9.0/okhttp-3.9.0.jar:/home/user/.m2/repository/com/squareup/okio/okio/1.13.0/okio-1.13.0.jar:/home/user/.m2/repository/io/jaegertracing/jaeger-core/0.33.1/jaeger-core-0.33.1.jar:/home/user/.m2/repository/io/jaegertracing/jaeger-tracerresolver/0.33.1/jaeger-tracerresolver-0.33.1.jar:/home/user/.m2/repository/io/opentracing/contrib/opentracing-tracerresolver/0.1.5/opentracing-tracerresolver-0.1.5.jar:/home/user/.m2/repository/io/opentracing/opentracing-util/0.31.0/opentracing-util-0.31.0.jar:/home/user/.m2/repository/io/opentracing/opentracing-api/0.31.0/opentracing-api-0.31.0.jar:/home/user/.m2/repository/io/opentracing/opentracing-noop/0.31.0/opentracing-noop-0.31.0.jar:/home/user/.m2/repository/org/apache/hadoop/hadoop-hdds-server-framework/0.5.0-SNAPSHOT/hadoop-hdds-server-framework-0.5.0-SNAPSHOT.jar:/home/user/.m2/repository/org/apache/hadoop/hadoop-hdds-container-service/0.5.0-SNAPSHOT/hadoop-hdds-container-service-0.5.0-SNAPSHOT.jar:/home/user/.m2/repository/org/apache/hadoop/hadoop-hdds-client/0.5.0-SNAPSHOT/hadoop-hdds-client-0.5.0-SNAPSHOT.jar:/home/user/.m2/repository/org/apache/hadoop/hadoop-hdds-tools/0.5.0-SNAPSHOT/hadoop-hdds-tools-0.5.0-SNAPSHOT.jar:/home/user/.m2/repository/org/apache/hadoop/hadoop-hdds-server-scm/0.5.0-SNAPSHOT/hadoop-hdds-server-scm-0.5.0-SNAPSHOT.jar:/home/user/.m2/repository/org/apache/hadoop/hadoop-hdds-docs/0.5.0-SNAPSHOT/hadoop-hdds-docs-0.5.0-SNAPSHOT.jar:/home/user/.m2/repository/io/dropwizard/metrics/metrics-core/3.2.4/metrics-core-3.2.4.jar:/home/user/.m2/repository/org/hamcrest/hamcrest-all/1.3/hamcrest-all-1.3.jar:/home/user/.m2/repository/org/bouncycastle/bcprov-jdk15on/1.60/bcprov-jdk15on-1.60.jar:/home/user/.m2/repository/info/picocli/picocli/3.9.6/picocli-3.9.6.jar:/home/user/.m2/repository/com/google/protobuf/protobuf-java/2.5.0/protobuf-java-2.5.0.jar:/home/user/.m2/repository/com/google/guava/guava/11.0.2/guava-11.0.2.jar:/home/user/.m2/repository/org/apache/hadoop/hadoop-ozone-ozone-manager/0.5.0-SNAPSHOT/hadoop-ozone-ozone-manager-0.5.0-SNAPSHOT.jar:/home/user/.m2/repository/org/apache/hadoop/hadoop-minikdc/3.2.0/hadoop-minikdc-3.2.0.jar:/home/user/.m2/repository/commons-io/commons-io/2.5/commons-io-2.5.jar:/home/user/.m2/repository/org/apache/kerby/kerb-simplekdc/1.0.1/kerb-simplekdc-1.0.1.jar:/home/user/.m2/repository/org/apache/kerby/kerb-client/1.0.1/kerb-client-1.0.1.jar:/home/user/.m2/repository/org/apache/kerby/kerby-config/1.0.1/kerby-config-1.0.1.jar:/home/user/.m2/repository/org/apache/kerby/kerb-core/1.0.1/kerb-core-1.0.1.jar:/home/user/.m2/repository/org/apache/kerby/kerby-pkix/1.0.1/kerby-pkix-1.0.1.jar:/home/user/.m2/repository/org/apache/kerby/kerby-asn1/1.0.1/kerby-asn1-1.0.1.jar:/home/user/.m2/repository/org/apache/kerby/kerby-util/1.0.1/kerby-util-1.0.1.jar:/home/user/.m2/repository/org/apache/kerby/kerb-common/1.0.1/kerb-common-1.0.1.jar:/home/user/.m2/repository/org/apache/kerby/kerb-crypto/1.0.1/kerb-crypto-1.0.1.jar:/home/user/.m2/repository/org/apache/kerby/kerb-util/1.0.1/kerb-util-1.0.1.jar:/home/user/.m2/repository/org/apache/kerby/token-provider/1.0.1/token-provider-1.0.1.jar:/home/user/.m2/repository/org/apache/kerby/kerb-admin/1.0.1/kerb-admin-1.0.1.jar:/home/user/.m2/repository/org/apache/kerby/kerb-server/1.0.1/kerb-server-1.0.1.jar:/home/user/.m2/repository/org/apache/kerby/kerb-identity/1.0.1/kerb-identity-1.0.1.jar:/home/user/.m2/repository/org/apache/kerby/kerby-xdr/1.0.1/kerby-xdr-1.0.1.jar:/home/user/.m2/repository/org/slf4j/slf4j-log4j12/1.7.25/slf4j-log4j12-1.7.25.jar:/home/user/.m2/repository/org/apache/hadoop/hadoop-ozone-objectstore-service/0.5.0-SNAPSHOT/hadoop-ozone-objectstore-service-0.5.0-SNAPSHOT.jar:/home/user/.m2/repository/org/apache/hadoop/hadoop-ozone-s3gateway/0.5.0-SNAPSHOT/hadoop-ozone-s3gateway-0.5.0-SNAPSHOT.jar:/home/user/.m2/repository/org/jboss/weld/servlet/weld-servlet/2.4.7.Final/weld-servlet-2.4.7.Final.jar:/home/user/.m2/repository/org/glassfish/jersey/containers/jersey-container-servlet-core/2.27/jersey-container-servlet-core-2.27.jar:/home/user/.m2/repository/org/glassfish/hk2/external/javax.inject/2.5.0-b42/javax.inject-2.5.0-b42.jar:/home/user/.m2/repository/org/glassfish/jersey/core/jersey-common/2.27/jersey-common-2.27.jar:/home/user/.m2/repository/org/glassfish/hk2/osgi-resource-locator/1.0.1/osgi-resource-locator-1.0.1.jar:/home/user/.m2/repository/javax/ws/rs/javax.ws.rs-api/2.1/javax.ws.rs-api-2.1.jar:/home/user/.m2/repository/org/glassfish/jersey/ext/cdi/jersey-cdi1x/2.27/jersey-cdi1x-2.27.jar:/home/user/.m2/repository/org/glassfish/jersey/inject/jersey-hk2/2.27/jersey-hk2-2.27.jar:/home/user/.m2/repository/org/glassfish/hk2/hk2-locator/2.5.0-b42/hk2-locator-2.5.0-b42.jar:/home/user/.m2/repository/org/javassist/javassist/3.22.0-CR2/javassist-3.22.0-CR2.jar:/home/user/.m2/repository/org/glassfish/hk2/hk2-api/2.5.0/hk2-api-2.5.0.jar:/home/user/.m2/repository/org/glassfish/hk2/external/jakarta.inject/2.5.0/jakarta.inject-2.5.0.jar:/home/user/.m2/repository/org/glassfish/hk2/hk2-utils/2.5.0/hk2-utils-2.5.0.jar:/home/user/.m2/repository/jakarta/annotation/jakarta.annotation-api/1.3.4/jakarta.annotation-api-1.3.4.jar:/home/user/.m2/repository/org/glassfish/hk2/external/aopalliance-repackaged/2.5.0/aopalliance-repackaged-2.5.0.jar:/home/user/.m2/repository/com/fasterxml/jackson/dataformat/jackson-dataformat-xml/2.9.0/jackson-dataformat-xml-2.9.0.jar:/home/user/.m2/repository/com/fasterxml/jackson/core/jackson-core/2.9.5/jackson-core-2.9.5.jar:/home/user/.m2/repository/com/fasterxml/jackson/module/jackson-module-jaxb-annotations/2.9.5/jackson-module-jaxb-annotations-2.9.5.jar:/home/user/.m2/repository/javax/enterprise/cdi-api/1.2/cdi-api-1.2.jar:/home/user/.m2/repository/javax/el/javax.el-api/3.0.0/javax.el-api-3.0.0.jar:/home/user/.m2/repository/javax/interceptor/javax.interceptor-api/1.2/javax.interceptor-api-1.2.jar:/home/user/.m2/repository/javax/inject/javax.inject/1/javax.inject-1.jar:/home/user/.m2/repository/com/sun/xml/bind/jaxb-impl/2.3.0.1/jaxb-impl-2.3.0.1.jar:/home/user/.m2/repository/com/sun/xml/bind/jaxb-core/2.3.0.1/jaxb-core-2.3.0.1.jar:/home/user/.m2/repository/javax/xml/bind/jaxb-api/2.3.0/jaxb-api-2.3.0.jar:/home/user/.m2/repository/javax/activation/activation/1.1.1/activation-1.1.1.jar:/home/user/.m2/repository/org/apache/hadoop/hadoop-ozone-csi/0.5.0-SNAPSHOT/hadoop-ozone-csi-0.5.0-SNAPSHOT.jar:/home/user/.m2/repository/com/google/protobuf/protobuf-java-util/3.5.1/protobuf-java-util-3.5.1.jar:/home/user/.m2/repository/org/apache/hadoop/hadoop-hdds-config/0.5.0-SNAPSHOT/hadoop-hdds-config-0.5.0-SNAPSHOT.jar:/home/user/.m2/repository/io/grpc/grpc-netty/1.17.1/grpc-netty-1.17.1.jar:/home/user/.m2/repository/io/grpc/grpc-core/1.17.1/grpc-core-1.17.1.jar:/home/user/.m2/repository/io/grpc/grpc-context/1.17.1/grpc-context-1.17.1.jar:/home/user/.m2/repository/com/google/errorprone/error_prone_annotations/2.2.0/error_prone_annotations-2.2.0.jar:/home/user/.m2/repository/org/codehaus/mojo/animal-sniffer-annotations/1.17/animal-sniffer-annotations-1.17.jar:/home/user/.m2/repository/io/opencensus/opencensus-api/0.17.0/opencensus-api-0.17.0.jar:/home/user/.m2/repository/io/opencensus/opencensus-contrib-grpc-metrics/0.17.0/opencensus-contrib-grpc-metrics-0.17.0.jar:/home/user/.m2/repository/io/netty/netty-codec-http2/4.1.30.Final/netty-codec-http2-4.1.30.Final.jar:/home/user/.m2/repository/io/netty/netty-codec-http/4.1.30.Final/netty-codec-http-4.1.30.Final.jar:/home/user/.m2/repository/io/netty/netty-codec/4.1.30.Final/netty-codec-4.1.30.Final.jar:/home/user/.m2/repository/io/netty/netty-handler/4.1.30.Final/netty-handler-4.1.30.Final.jar:/home/user/.m2/repository/io/netty/netty-handler-proxy/4.1.30.Final/netty-handler-proxy-4.1.30.Final.jar:/home/user/.m2/repository/io/netty/netty-codec-socks/4.1.30.Final/netty-codec-socks-4.1.30.Final.jar:/home/user/.m2/repository/io/netty/netty-transport-native-epoll/4.1.30.Final/netty-transport-native-epoll-4.1.30.Final.jar:/home/user/.m2/repository/io/netty/netty-common/4.1.30.Final/netty-common-4.1.30.Final.jar:/home/user/.m2/repository/io/netty/netty-buffer/4.1.30.Final/netty-buffer-4.1.30.Final.jar:/home/user/.m2/repository/io/netty/netty-transport/4.1.30.Final/netty-transport-4.1.30.Final.jar:/home/user/.m2/repository/io/netty/netty-resolver/4.1.30.Final/netty-resolver-4.1.30.Final.jar:/home/user/.m2/repository/io/netty/netty-transport-native-unix-common/4.1.30.Final/netty-transport-native-unix-common-4.1.30.Final.jar:/home/user/.m2/repository/io/grpc/grpc-protobuf/1.17.1/grpc-protobuf-1.17.1.jar:/home/user/.m2/repository/com/google/api/grpc/proto-google-common-protos/1.0.0/proto-google-common-protos-1.0.0.jar:/home/user/.m2/repository/io/grpc/grpc-protobuf-lite/1.17.1/grpc-protobuf-lite-1.17.1.jar:/home/user/.m2/repository/io/grpc/grpc-stub/1.17.1/grpc-stub-1.17.1.jar:/home/user/.m2/repository/org/apache/hadoop/hadoop-ozone-recon/0.5.0-SNAPSHOT/hadoop-ozone-recon-0.5.0-SNAPSHOT.jar:/home/user/.m2/repository/org/apache/hadoop/hadoop-ozone-reconcodegen/0.5.0-SNAPSHOT/hadoop-ozone-reconcodegen-0.5.0-SNAPSHOT.jar:/home/user/.m2/repository/com/google/inject/extensions/guice-multibindings/4.0/guice-multibindings-4.0.jar:/home/user/.m2/repository/com/google/inject/guice/4.0/guice-4.0.jar:/home/user/.m2/repository/aopalliance/aopalliance/1.0/aopalliance-1.0.jar:/home/user/.m2/repository/com/google/inject/extensions/guice-servlet/4.0/guice-servlet-4.0.jar:/home/user/.m2/repository/org/glassfish/jersey/containers/jersey-container-servlet/2.27/jersey-container-servlet-2.27.jar:/home/user/.m2/repository/org/glassfish/hk2/guice-bridge/2.5.0/guice-bridge-2.5.0.jar:/home/user/.m2/repository/org/glassfish/jersey/core/jersey-server/2.27/jersey-server-2.27.jar:/home/user/.m2/repository/org/glassfish/jersey/core/jersey-client/2.27/jersey-client-2.27.jar:/home/user/.m2/repository/org/glassfish/jersey/media/jersey-media-jaxb/2.27/jersey-media-jaxb-2.27.jar:/home/user/.m2/repository/javax/validation/validation-api/1.1.0.Final/validation-api-1.1.0.Final.jar:/home/user/.m2/repository/org/glassfish/jersey/media/jersey-media-json-jackson/2.27/jersey-media-json-jackson-2.27.jar:/home/user/.m2/repository/org/glassfish/jersey/ext/jersey-entity-filtering/2.27/jersey-entity-filtering-2.27.jar:/home/user/.m2/repository/com/google/inject/extensions/guice-assistedinject/4.0/guice-assistedinject-4.0.jar:/home/user/.m2/repository/org/jooq/jooq/3.11.10/jooq-3.11.10.jar:/home/user/.m2/repository/org/jooq/jooq-meta/3.11.10/jooq-meta-3.11.10.jar:/home/user/.m2/repository/org/jooq/jooq-codegen/3.11.10/jooq-codegen-3.11.10.jar:/home/user/.m2/repository/com/jolbox/bonecp/0.8.0.RELEASE/bonecp-0.8.0.RELEASE.jar:/home/user/.m2/repository/org/xerial/sqlite-jdbc/3.25.2/sqlite-jdbc-3.25.2.jar:/home/user/.m2/repository/org/springframework/spring-jdbc/5.1.3.RELEASE/spring-jdbc-5.1.3.RELEASE.jar:/home/user/.m2/repository/org/springframework/spring-beans/5.1.3.RELEASE/spring-beans-5.1.3.RELEASE.jar:/home/user/.m2/repository/org/springframework/spring-core/5.1.3.RELEASE/spring-core-5.1.3.RELEASE.jar:/home/user/.m2/repository/org/springframework/spring-jcl/5.1.3.RELEASE/spring-jcl-5.1.3.RELEASE.jar:/home/user/.m2/repository/org/springframework/spring-tx/5.1.3.RELEASE/spring-tx-5.1.3.RELEASE.jar:/home/user/.m2/repository/org/apache/hadoop/hadoop-ozone-client/0.5.0-SNAPSHOT/hadoop-ozone-client-0.5.0-SNAPSHOT.jar:/home/user/.m2/repository/commons-lang/commons-lang/2.6/commons-lang-2.6.jar:/home/user/.m2/repository/org/apache/hadoop/hadoop-ozone-ozone-manager/0.5.0-SNAPSHOT/hadoop-ozone-ozone-manager-0.5.0-SNAPSHOT-tests.jar:/home/user/.m2/repository/junit/junit/4.11/junit-4.11.jar:/home/user/.m2/repository/org/hamcrest/hamcrest-core/1.3/hamcrest-core-1.3.jar:/home/user/.m2/repository/org/openjdk/jmh/jmh-core/1.19/jmh-core-1.19.jar:/home/user/.m2/repository/net/sf/jopt-simple/jopt-simple/4.6/jopt-simple-4.6.jar:/home/user/.m2/repository/org/apache/commons/commons-math3/3.1.1/commons-math3-3.1.1.jar:/home/user/.m2/repository/org/openjdk/jmh/jmh-generator-annprocess/1.19/jmh-generator-annprocess-1.19.jar:/home/user/.m2/repository/org/mockito/mockito-all/1.8.5/mockito-all-1.8.5.jar:/home/user/.m2/repository/org/apache/hadoop/hadoop-kms/3.2.0/hadoop-kms-3.2.0.jar:/home/user/.m2/repository/org/apache/hadoop/hadoop-auth/3.2.0/hadoop-auth-3.2.0.jar:/home/user/.m2/repository/com/nimbusds/nimbus-jose-jwt/4.41.1/nimbus-jose-jwt-4.41.1.jar:/home/user/.m2/repository/com/github/stephenc/jcip/jcip-annotations/1.0-1/jcip-annotations-1.0-1.jar:/home/user/.m2/repository/net/minidev/json-smart/2.3/json-smart-2.3.jar:/home/user/.m2/repository/net/minidev/accessors-smart/1.2/accessors-smart-1.2.jar:/home/user/.m2/repository/org/ow2/asm/asm/5.0.4/asm-5.0.4.jar:/home/user/.m2/repository/org/apache/curator/curator-framework/2.12.0/curator-framework-2.12.0.jar:/home/user/.m2/repository/com/sun/jersey/jersey-core/1.19/jersey-core-1.19.jar:/home/user/.m2/repository/javax/ws/rs/jsr311-api/1.1.1/jsr311-api-1.1.1.jar:/home/user/.m2/repository/com/sun/jersey/jersey-server/1.19/jersey-server-1.19.jar:/home/user/.m2/repository/javax/servlet/javax.servlet-api/3.1.0/javax.servlet-api-3.1.0.jar:/home/user/.m2/repository/org/eclipse/jetty/jetty-server/9.3.24.v20180605/jetty-server-9.3.24.v20180605.jar:/home/user/.m2/repository/org/eclipse/jetty/jetty-http/9.3.24.v20180605/jetty-http-9.3.24.v20180605.jar:/home/user/.m2/repository/org/eclipse/jetty/jetty-io/9.3.24.v20180605/jetty-io-9.3.24.v20180605.jar:/home/user/.m2/repository/org/eclipse/jetty/jetty-webapp/9.3.24.v20180605/jetty-webapp-9.3.24.v20180605.jar:/home/user/.m2/repository/org/eclipse/jetty/jetty-xml/9.3.24.v20180605/jetty-xml-9.3.24.v20180605.jar:/home/user/.m2/repository/log4j/log4j/1.2.17/log4j-1.2.17.jar:/home/user/.m2/repository/org/slf4j/slf4j-api/1.7.25/slf4j-api-1.7.25.jar:/home/user/.m2/repository/org/slf4j/jul-to-slf4j/1.7.25/jul-to-slf4j-1.7.25.jar:/home/user/.m2/repository/org/eclipse/jetty/jetty-util/9.3.24.v20180605/jetty-util-9.3.24.v20180605.jar:/home/user/.m2/repository/com/fasterxml/jackson/core/jackson-databind/2.9.5/jackson-databind-2.9.5.jar:/home/user/.m2/repository/org/apache/hadoop/hadoop-kms/3.2.0/hadoop-kms-3.2.0-tests.jar:/home/user/.m2/repository/org/apache/hadoop/hadoop-hdds-server-scm/0.5.0-SNAPSHOT/hadoop-hdds-server-scm-0.5.0-SNAPSHOT-tests.jar:/home/user/.m2/repository/org/apache/hadoop/hadoop-hdds-container-service/0.5.0-SNAPSHOT/hadoop-hdds-container-service-0.5.0-SNAPSHOT-tests.jar:/home/user/.m2/repository/org/yaml/snakeyaml/1.16/snakeyaml-1.16.jar:/home/user/.m2/repository/org/apache/hadoop/hadoop-common/3.2.0/hadoop-common-3.2.0-tests.jar:/home/user/.m2/repository/org/apache/hadoop/hadoop-annotations/3.2.0/hadoop-annotations-3.2.0.jar:/usr/lib/jvm/java-1.8-openjdk/jre/../lib/tools.jar:/home/user/.m2/repository/commons-cli/commons-cli/1.2/commons-cli-1.2.jar:/home/user/.m2/repository/org/apache/httpcomponents/httpclient/4.5.2/httpclient-4.5.2.jar:/home/user/.m2/repository/org/apache/httpcomponents/httpcore/4.4.4/httpcore-4.4.4.jar:/home/user/.m2/repository/commons-codec/commons-codec/1.11/commons-codec-1.11.jar:/home/user/.m2/repository/commons-net/commons-net/3.6/commons-net-3.6.jar:/home/user/.m2/repository/commons-collections/commons-collections/3.2.2/commons-collections-3.2.2.jar:/home/user/.m2/repository/org/eclipse/jetty/jetty-servlet/9.3.24.v20180605/jetty-servlet-9.3.24.v20180605.jar:/home/user/.m2/repository/org/eclipse/jetty/jetty-security/9.3.24.v20180605/jetty-security-9.3.24.v20180605.jar:/home/user/.m2/repository/javax/servlet/jsp/jsp-api/2.1/jsp-api-2.1.jar:/home/user/.m2/repository/com/sun/jersey/jersey-servlet/1.19/jersey-servlet-1.19.jar:/home/user/.m2/repository/com/sun/jersey/jersey-json/1.19/jersey-json-1.19.jar:/home/user/.m2/repository/org/codehaus/jettison/jettison/1.1/jettison-1.1.jar:/home/user/.m2/repository/org/codehaus/jackson/jackson-core-asl/1.9.13/jackson-core-asl-1.9.13.jar:/home/user/.m2/repository/org/codehaus/jackson/jackson-mapper-asl/1.9.13/jackson-mapper-asl-1.9.13.jar:/home/user/.m2/repository/org/codehaus/jackson/jackson-jaxrs/1.9.13/jackson-jaxrs-1.9.13.jar:/home/user/.m2/repository/org/codehaus/jackson/jackson-xc/1.9.13/jackson-xc-1.9.13.jar:/home/user/.m2/repository/commons-logging/commons-logging/1.1.3/commons-logging-1.1.3.jar:/home/user/.m2/repository/commons-beanutils/commons-beanutils/1.9.3/commons-beanutils-1.9.3.jar:/home/user/.m2/repository/org/apache/commons/commons-configuration2/2.1.1/commons-configuration2-2.1.1.jar:/home/user/.m2/repository/org/apache/commons/commons-lang3/3.7/commons-lang3-3.7.jar:/home/user/.m2/repository/org/apache/commons/commons-text/1.4/commons-text-1.4.jar:/home/user/.m2/repository/org/apache/avro/avro/1.7.7/avro-1.7.7.jar:/home/user/.m2/repository/com/thoughtworks/paranamer/paranamer/2.3/paranamer-2.3.jar:/home/user/.m2/repository/org/xerial/snappy/snappy-java/1.0.5/snappy-java-1.0.5.jar:/home/user/.m2/repository/com/google/re2j/re2j/1.1/re2j-1.1.jar:/home/user/.m2/repository/com/google/code/gson/gson/2.2.4/gson-2.2.4.jar:/home/user/.m2/repository/com/jcraft/jsch/0.1.54/jsch-0.1.54.jar:/home/user/.m2/repository/org/apache/curator/curator-client/2.12.0/curator-client-2.12.0.jar:/home/user/.m2/repository/org/apache/curator/curator-recipes/2.12.0/curator-recipes-2.12.0.jar:/home/user/.m2/repository/com/google/code/findbugs/jsr305/3.0.0/jsr305-3.0.0.jar:/home/user/.m2/repository/org/apache/htrace/htrace-core4/4.1.0-incubating/htrace-core4-4.1.0-incubating.jar:/home/user/.m2/repository/org/apache/zookeeper/zookeeper/3.4.13/zookeeper-3.4.13.jar:/home/user/.m2/repository/org/apache/yetus/audience-annotations/0.5.0/audience-annotations-0.5.0.jar:/home/user/.m2/repository/org/codehaus/woodstox/stax2-api/3.1.4/stax2-api-3.1.4.jar:/home/user/.m2/repository/com/fasterxml/woodstox/woodstox-core/5.0.3/woodstox-core-5.0.3.jar:/home/user/.m2/repository/dnsjava/dnsjava/2.1.7/dnsjava-2.1.7.jar:/home/user/.m2/repository/org/apache/hadoop/hadoop-hdfs/3.2.0/hadoop-hdfs-3.2.0-tests.jar:/home/user/.m2/repository/org/eclipse/jetty/jetty-util-ajax/9.3.24.v20180605/jetty-util-ajax-9.3.24.v20180605.jar:/home/user/.m2/repository/commons-daemon/commons-daemon/1.0.13/commons-daemon-1.0.13.jar:/home/user/.m2/repository/io/netty/netty/3.10.5.Final/netty-3.10.5.Final.jar:/home/user/.m2/repository/io/netty/netty-all/4.0.52.Final/netty-all-4.0.52.Final.jar:/home/user/.m2/repository/org/fusesource/leveldbjni/leveldbjni-all/1.8/leveldbjni-all-1.8.jar:"/>
    <property name="sun.cpu.endian" value="little"/>
    <property name="user.home" value="/home/user"/>
    <property name="user.language" value="en"/>
    <property name="java.specification.vendor" value="Oracle Corporation"/>
    <property name="java.home" value="/usr/lib/jvm/java-1.8-openjdk/jre"/>
    <property name="java.security.krb5.conf" value="/tmp/workdir/hadoop-ozone/integration-test/target/test-classes/krb5.conf"/>
    <property name="basedir" value="/tmp/workdir/hadoop-ozone/integration-test"/>
    <property name="file.separator" value="/"/>
    <property name="line.separator" value="&#10;"/>
    <property name="java.vm.specification.vendor" value="Oracle Corporation"/>
    <property name="java.specification.name" value="Java Platform API Specification"/>
    <property name="java.awt.graphicsenv" value="sun.awt.X11GraphicsEnvironment"/>
    <property name="surefire.real.class.path" value="/tmp/workdir/hadoop-ozone/integration-test/target/surefire/surefirebooter4856179815299560388.jar"/>
    <property name="hadoop.log.dir" value="/tmp/workdir/hadoop-ozone/integration-test/target/log"/>
    <property name="sun.boot.class.path" value="/usr/lib/jvm/java-1.8-openjdk/jre/lib/resources.jar:/usr/lib/jvm/java-1.8-openjdk/jre/lib/rt.jar:/usr/lib/jvm/java-1.8-openjdk/jre/lib/sunrsasign.jar:/usr/lib/jvm/java-1.8-openjdk/jre/lib/jsse.jar:/usr/lib/jvm/java-1.8-openjdk/jre/lib/jce.jar:/usr/lib/jvm/java-1.8-openjdk/jre/lib/charsets.jar:/usr/lib/jvm/java-1.8-openjdk/jre/lib/jfr.jar:/usr/lib/jvm/java-1.8-openjdk/jre/classes"/>
    <property name="sun.management.compiler" value="HotSpot 64-Bit Tiered Compilers"/>
    <property name="java.runtime.version" value="1.8.0_212-b04"/>
    <property name="java.net.preferIPv4Stack" value="true"/>
    <property name="user.name" value="jenkins1000"/>
    <property name="path.separator" value=":"/>
    <property name="java.security.egd" value="file:///dev/urandom"/>
    <property name="os.version" value="3.10.0-957.12.2.el7.x86_64"/>
    <property name="java.endorsed.dirs" value="/usr/lib/jvm/java-1.8-openjdk/jre/lib/endorsed"/>
    <property name="java.runtime.name" value="OpenJDK Runtime Environment"/>
    <property name="file.encoding" value="UTF-8"/>
    <property name="java.vm.name" value="OpenJDK 64-Bit Server VM"/>
    <property name="test.build.webapps" value=""/>
    <property name="localRepository" value="/home/user/.m2/repository"/>
    <property name="java.vendor.url.bug" value="https://icedtea.classpath.org/bugzilla"/>
    <property name="java.io.tmpdir" value="/tmp"/>
    <property name="require.test.libhadoop" value=""/>
    <property name="java.version" value="1.8.0_212"/>
    <property name="user.dir" value="/tmp/workdir/hadoop-ozone/integration-test"/>
    <property name="os.arch" value="amd64"/>
    <property name="java.vm.specification.name" value="Java Virtual Machine Specification"/>
    <property name="test.build.classes" value="/tmp/workdir/hadoop-ozone/integration-test/target/test-classes"/>
    <property name="java.awt.printerjob" value="sun.print.PSPrinterJob"/>
    <property name="sun.os.patch.level" value="unknown"/>
    <property name="hadoop.tmp.dir" value="/tmp/workdir/hadoop-ozone/integration-test/target/tmp"/>
    <property name="java.library.path" value="/usr/lib/jvm/java-1.8-openjdk/jre/lib/amd64/server:/usr/lib/jvm/java-1.8-openjdk/jre/lib/amd64:/usr/lib/jvm/java-1.8-openjdk/jre/../lib/amd64:/tmp/workdir/hadoop-ozone/integration-test/target/native/target/usr/local/lib:/tmp/workdir/hadoop-ozone/integration-test/../../hadoop-common-project/hadoop-common/target/native/target/usr/local/lib:/usr/java/packages/lib/amd64:/usr/lib64:/lib64:/lib:/usr/lib"/>
    <property name="java.vm.info" value="mixed mode"/>
    <property name="java.vendor" value="IcedTea"/>
    <property name="java.vm.version" value="25.212-b04"/>
    <property name="java.ext.dirs" value="/usr/lib/jvm/java-1.8-openjdk/jre/lib/ext:/usr/java/packages/lib/ext"/>
    <property name="sun.io.unicode.encoding" value="UnicodeLittle"/>
    <property name="java.class.version" value="52.0"/>
  </properties>
  <testcase name="testGroupMismatchExceptionHandling" classname="org.apache.hadoop.ozone.client.rpc.TestOzoneClientRetriesOnException" time="48.76">
    <error type="java.lang.IllegalArgumentException">java.lang.IllegalArgumentException
	at com.google.common.base.Preconditions.checkArgument(Preconditions.java:72)
	at org.apache.hadoop.hdds.scm.XceiverClientManager.acquireClient(XceiverClientManager.java:150)
	at org.apache.hadoop.hdds.scm.XceiverClientManager.acquireClientForReadData(XceiverClientManager.java:143)
	at org.apache.hadoop.hdds.scm.storage.BlockInputStream.getChunkInfos(BlockInputStream.java:154)
	at org.apache.hadoop.hdds.scm.storage.BlockInputStream.initialize(BlockInputStream.java:118)
	at org.apache.hadoop.hdds.scm.storage.BlockInputStream.read(BlockInputStream.java:222)
	at org.apache.hadoop.ozone.client.io.KeyInputStream.read(KeyInputStream.java:171)
	at org.apache.hadoop.ozone.client.io.OzoneInputStream.read(OzoneInputStream.java:47)
	at java.io.InputStream.read(InputStream.java:101)
	at org.apache.hadoop.ozone.container.ContainerTestHelper.validateData(ContainerTestHelper.java:709)
	at org.apache.hadoop.ozone.client.rpc.TestOzoneClientRetriesOnException.validateData(TestOzoneClientRetriesOnException.java:231)
	at org.apache.hadoop.ozone.client.rpc.TestOzoneClientRetriesOnException.testGroupMismatchExceptionHandling(TestOzoneClientRetriesOnException.java:160)
	at sun.reflect.NativeMethodAccessorImpl.invoke0(Native Method)
	at sun.reflect.NativeMethodAccessorImpl.invoke(NativeMethodAccessorImpl.java:62)
	at sun.reflect.DelegatingMethodAccessorImpl.invoke(DelegatingMethodAccessorImpl.java:43)
	at java.lang.reflect.Method.invoke(Method.java:498)
	at org.junit.runners.model.FrameworkMethod$1.runReflectiveCall(FrameworkMethod.java:47)
	at org.junit.internal.runners.model.ReflectiveCallable.run(ReflectiveCallable.java:12)
	at org.junit.runners.model.FrameworkMethod.invokeExplosively(FrameworkMethod.java:44)
	at org.junit.internal.runners.statements.InvokeMethod.evaluate(InvokeMethod.java:17)
	at org.junit.internal.runners.statements.RunBefores.evaluate(RunBefores.java:26)
	at org.junit.internal.runners.statements.RunAfters.evaluate(RunAfters.java:27)
	at org.junit.runners.ParentRunner.runLeaf(ParentRunner.java:271)
	at org.junit.runners.BlockJUnit4ClassRunner.runChild(BlockJUnit4ClassRunner.java:70)
	at org.junit.runners.BlockJUnit4ClassRunner.runChild(BlockJUnit4ClassRunner.java:50)
	at org.junit.runners.ParentRunner$3.run(ParentRunner.java:238)
	at org.junit.runners.ParentRunner$1.schedule(ParentRunner.java:63)
	at org.junit.runners.ParentRunner.runChildren(ParentRunner.java:236)
	at org.junit.runners.ParentRunner.access$000(ParentRunner.java:53)
	at org.junit.runners.ParentRunner$2.evaluate(ParentRunner.java:229)
	at org.junit.runners.ParentRunner.run(ParentRunner.java:309)
	at org.apache.maven.surefire.junit4.JUnit4Provider.execute(JUnit4Provider.java:365)
	at org.apache.maven.surefire.junit4.JUnit4Provider.executeWithRerun(JUnit4Provider.java:273)
	at org.apache.maven.surefire.junit4.JUnit4Provider.executeTestSet(JUnit4Provider.java:238)
	at org.apache.maven.surefire.junit4.JUnit4Provider.invoke(JUnit4Provider.java:159)
	at org.apache.maven.surefire.booter.ForkedBooter.invokeProviderInSameClassLoader(ForkedBooter.java:384)
	at org.apache.maven.surefire.booter.ForkedBooter.runSuitesInProcess(ForkedBooter.java:345)
	at org.apache.maven.surefire.booter.ForkedBooter.execute(ForkedBooter.java:126)
	at org.apache.maven.surefire.booter.ForkedBooter.main(ForkedBooter.java:418)
</error>
    <system-out><![CDATA[2019-07-14 02:44:28,646 WARN  server.ServerUtils (ServerUtils.java:getScmDbDir(145)) - ozone.scm.db.dirs is not configured. We recommend adding this setting. Falling back to ozone.metadata.dirs instead.
2019-07-14 02:44:28,741 WARN  server.ServerUtils (ServerUtils.java:getScmDbDir(145)) - ozone.scm.db.dirs is not configured. We recommend adding this setting. Falling back to ozone.metadata.dirs instead.
2019-07-14 02:44:28,744 WARN  server.ServerUtils (ServerUtils.java:getScmDbDir(145)) - ozone.scm.db.dirs is not configured. We recommend adding this setting. Falling back to ozone.metadata.dirs instead.
2019-07-14 02:44:28,760 INFO  util.log (Log.java:initialized(192)) - Logging initialized @868ms
2019-07-14 02:44:28,859 INFO  db.DBStoreBuilder (DBStoreBuilder.java:addTable(110)) - using custom profile for table: deletedBlocks
2019-07-14 02:44:28,860 INFO  db.DBStoreBuilder (DBStoreBuilder.java:processTables(161)) - Using default column profile:DBProfile.DISK for Table:deletedBlocks
2019-07-14 02:44:28,860 INFO  db.DBStoreBuilder (DBStoreBuilder.java:addTable(110)) - using custom profile for table: validCerts
2019-07-14 02:44:28,860 INFO  db.DBStoreBuilder (DBStoreBuilder.java:processTables(161)) - Using default column profile:DBProfile.DISK for Table:validCerts
2019-07-14 02:44:28,861 INFO  db.DBStoreBuilder (DBStoreBuilder.java:addTable(110)) - using custom profile for table: revokedCerts
2019-07-14 02:44:28,861 INFO  db.DBStoreBuilder (DBStoreBuilder.java:processTables(161)) - Using default column profile:DBProfile.DISK for Table:revokedCerts
2019-07-14 02:44:28,872 INFO  db.DBStoreBuilder (DBStoreBuilder.java:addTable(110)) - using custom profile for table: default
2019-07-14 02:44:28,873 INFO  db.DBStoreBuilder (DBStoreBuilder.java:processTables(167)) - Using default column profile:DBProfile.DISK for Table:default
2019-07-14 02:44:28,874 INFO  db.DBStoreBuilder (DBStoreBuilder.java:getDbProfile(198)) - Using default options. DBProfile.DISK
2019-07-14 02:44:29,092 INFO  net.NodeSchemaLoader (NodeSchemaLoader.java:loadSchemaFromFile(125)) - Loading file from sun.misc.CompoundEnumeration@20ce78ec
2019-07-14 02:44:29,096 INFO  net.NodeSchemaLoader (NodeSchemaLoader.java:loadSchema(171)) - Loading network topology layer schema file
2019-07-14 02:44:29,173 WARN  server.ServerUtils (ServerUtils.java:sanitizeUserArgs(70)) - ozone.scm.stale.node.interval value = 300000 is larger than max = 100000 based on the key value of ozone.scm.heartbeat.thread.interval, reset to the max value 100000.
2019-07-14 02:44:29,175 WARN  server.ServerUtils (ServerUtils.java:sanitizeUserArgs(70)) - ozone.scm.stale.node.interval value = 300000 is larger than max = 100000 based on the key value of ozone.scm.heartbeat.thread.interval, reset to the max value 100000.
2019-07-14 02:44:29,177 INFO  node.SCMNodeManager (SCMNodeManager.java:<init>(119)) - Entering startup safe mode.
2019-07-14 02:44:29,261 WARN  server.ServerUtils (ServerUtils.java:getScmDbDir(145)) - ozone.scm.db.dirs is not configured. We recommend adding this setting. Falling back to ozone.metadata.dirs instead.
2019-07-14 02:44:29,318 INFO  pipeline.SCMPipelineManager (SCMPipelineManager.java:initializePipelineState(126)) - No pipeline exists in current db
2019-07-14 02:44:29,320 WARN  server.ServerUtils (ServerUtils.java:getScmDbDir(145)) - ozone.scm.db.dirs is not configured. We recommend adding this setting. Falling back to ozone.metadata.dirs instead.
2019-07-14 02:44:29,419 WARN  events.EventQueue (EventQueue.java:fireEvent(175)) - No event handler registered for event TypedEvent{payloadType=SafeModeStatus, name='SafeModeStatus'}
2019-07-14 02:44:29,752 INFO  ipc.CallQueueManager (CallQueueManager.java:<init>(84)) - Using callQueue: class java.util.concurrent.LinkedBlockingQueue, queueCapacity: 2000, scheduler: class org.apache.hadoop.ipc.DefaultRpcScheduler, ipcBackoff: false.
2019-07-14 02:44:29,780 INFO  ipc.Server (Server.java:run(1074)) - Starting Socket Reader #1 for port 44268
2019-07-14 02:44:29,805 INFO  ipc.CallQueueManager (CallQueueManager.java:<init>(84)) - Using callQueue: class java.util.concurrent.LinkedBlockingQueue, queueCapacity: 2000, scheduler: class org.apache.hadoop.ipc.DefaultRpcScheduler, ipcBackoff: false.
2019-07-14 02:44:29,806 INFO  ipc.Server (Server.java:run(1074)) - Starting Socket Reader #1 for port 42699
2019-07-14 02:44:29,812 INFO  ipc.CallQueueManager (CallQueueManager.java:<init>(84)) - Using callQueue: class java.util.concurrent.LinkedBlockingQueue, queueCapacity: 2000, scheduler: class org.apache.hadoop.ipc.DefaultRpcScheduler, ipcBackoff: false.
2019-07-14 02:44:29,813 INFO  ipc.Server (Server.java:run(1074)) - Starting Socket Reader #1 for port 46209
2019-07-14 02:44:29,940 INFO  hdfs.DFSUtil (DFSUtil.java:httpServerTemplateForNNAndJN(1641)) - Starting Web-server for scm at: http://0.0.0.0:0
2019-07-14 02:44:30,084 INFO  server.AuthenticationFilter (AuthenticationFilter.java:constructSecretProvider(240)) - Unable to initialize FileSignerSecretProvider, falling back to use random secrets.
2019-07-14 02:44:30,093 WARN  http.HttpRequestLog (HttpRequestLog.java:getRequestLog(97)) - Jetty request log can only be enabled using Log4j
2019-07-14 02:44:30,102 INFO  http.HttpServer2 (HttpServer2.java:addGlobalFilter(975)) - Added global filter 'safety' (class=org.apache.hadoop.http.HttpServer2$QuotingInputFilter)
2019-07-14 02:44:30,105 INFO  http.HttpServer2 (HttpServer2.java:addFilter(948)) - Added filter static_user_filter (class=org.apache.hadoop.http.lib.StaticUserWebFilter$StaticUserFilter) to context scm
2019-07-14 02:44:30,105 INFO  http.HttpServer2 (HttpServer2.java:addFilter(958)) - Added filter static_user_filter (class=org.apache.hadoop.http.lib.StaticUserWebFilter$StaticUserFilter) to context static
2019-07-14 02:44:30,106 INFO  http.HttpServer2 (HttpServer2.java:addFilter(958)) - Added filter static_user_filter (class=org.apache.hadoop.http.lib.StaticUserWebFilter$StaticUserFilter) to context logs
2019-07-14 02:44:30,133 INFO  server.StorageContainerManager (StorageContainerManager.java:start(759)) - StorageContainerLocationProtocol RPC server is listening at /0.0.0.0:46209
2019-07-14 02:44:30,190 WARN  impl.MetricsConfig (MetricsConfig.java:loadFirst(134)) - Cannot locate configuration: tried hadoop-metrics2-storagecontainermanager.properties,hadoop-metrics2.properties
2019-07-14 02:44:30,203 INFO  impl.MetricsSystemImpl (MetricsSystemImpl.java:startTimer(374)) - Scheduled Metric snapshot period at 10 second(s).
2019-07-14 02:44:30,204 INFO  impl.MetricsSystemImpl (MetricsSystemImpl.java:start(191)) - StorageContainerManager metrics system started
2019-07-14 02:44:30,465 INFO  server.SCMClientProtocolServer (SCMClientProtocolServer.java:start(149)) - RPC server for Client  is listening at /0.0.0.0:46209
2019-07-14 02:44:30,467 INFO  ipc.Server (Server.java:run(1314)) - IPC Server Responder: starting
2019-07-14 02:44:30,467 INFO  ipc.Server (Server.java:run(1153)) - IPC Server listener on 46209: starting
2019-07-14 02:44:30,471 INFO  server.StorageContainerManager (StorageContainerManager.java:start(768)) - ScmBlockLocationProtocol RPC server is listening at /0.0.0.0:42699
2019-07-14 02:44:30,471 INFO  server.SCMBlockProtocolServer (SCMBlockProtocolServer.java:start(140)) - RPC server for Block Protocol is listening at /0.0.0.0:42699
2019-07-14 02:44:30,472 INFO  ipc.Server (Server.java:run(1314)) - IPC Server Responder: starting
2019-07-14 02:44:30,472 INFO  ipc.Server (Server.java:run(1153)) - IPC Server listener on 42699: starting
2019-07-14 02:44:30,481 INFO  server.StorageContainerManager (StorageContainerManager.java:start(772)) - ScmDatanodeProtocl RPC server is listening at /0.0.0.0:44268
2019-07-14 02:44:30,481 INFO  server.SCMDatanodeProtocolServer (SCMDatanodeProtocolServer.java:start(191)) - RPC server for DataNodes is listening at /0.0.0.0:44268
2019-07-14 02:44:30,484 INFO  ipc.Server (Server.java:run(1314)) - IPC Server Responder: starting
2019-07-14 02:44:30,484 INFO  ipc.Server (Server.java:run(1153)) - IPC Server listener on 44268: starting
2019-07-14 02:44:30,496 INFO  http.HttpServer2 (HttpServer2.java:bindListener(1191)) - Jetty bound to port 34282
2019-07-14 02:44:30,498 INFO  server.Server (Server.java:doStart(351)) - jetty-9.3.24.v20180605, build timestamp: 2018-06-05T17:11:56Z, git hash: 84205aa28f11a4f31f2a3b86d1bba2cc8ab69827
2019-07-14 02:44:30,538 INFO  handler.ContextHandler (ContextHandler.java:doStart(781)) - Started o.e.j.s.ServletContextHandler@635572a7{/logs,file:///tmp/workdir/hadoop-ozone/integration-test/target/log,AVAILABLE}
2019-07-14 02:44:30,539 INFO  handler.ContextHandler (ContextHandler.java:doStart(781)) - Started o.e.j.s.ServletContextHandler@4dd02341{/static,file:///tmp/workdir/hadoop-ozone/integration-test/target/test-classes/webapps/static,AVAILABLE}
2019-07-14 02:44:30,571 INFO  handler.ContextHandler (ContextHandler.java:doStart(781)) - Started o.e.j.w.WebAppContext@6fff253c{/,file:///tmp/workdir/hadoop-ozone/integration-test/target/test-classes/webapps/scm/,AVAILABLE}{/scm}
2019-07-14 02:44:30,576 INFO  server.AbstractConnector (AbstractConnector.java:doStart(278)) - Started ServerConnector@7c041b41{HTTP/1.1,[http/1.1]}{0.0.0.0:34282}
2019-07-14 02:44:30,576 INFO  server.Server (Server.java:doStart(419)) - Started @2684ms
2019-07-14 02:44:30,577 INFO  server.BaseHttpServer (BaseHttpServer.java:updateConnectorAddress(207)) - HTTP server of SCM is listening at http://0.0.0.0:34282
2019-07-14 02:44:30,587 INFO  util.JvmPauseMonitor (JvmPauseMonitor.java:run(188)) - Starting JVM pause monitor
2019-07-14 02:44:30,592 WARN  server.ServerUtils (ServerUtils.java:getDBPath(222)) - ozone.om.db.dirs is not configured. We recommend adding this setting. Falling back to ozone.metadata.dirs instead.
2019-07-14 02:44:30,712 WARN  server.ServerUtils (ServerUtils.java:getDBPath(222)) - ozone.om.db.dirs is not configured. We recommend adding this setting. Falling back to ozone.metadata.dirs instead.
2019-07-14 02:44:30,713 INFO  om.OzoneManager (OzoneManager.java:setOMNodeDetails(630)) - OM Service ID is not set. Setting it to the default ID: omServiceIdDefault
2019-07-14 02:44:30,713 INFO  om.OzoneManager (OzoneManager.java:setOMNodeDetails(636)) - OM Node ID is not set. Setting it to the OmStorage's OmID: c75f2b7e-785f-45a7-b032-e3a151e8d6f5
2019-07-14 02:44:30,714 INFO  om.OzoneManager (OzoneManager.java:loadOMHAConfigs(587)) - Found matching OM address with OMServiceId: null, OMNodeId: null, RPC Address: localhost:0 and Ratis port: 9872
2019-07-14 02:44:30,978 WARN  server.ServerUtils (ServerUtils.java:getDBPath(222)) - ozone.om.db.dirs is not configured. We recommend adding this setting. Falling back to ozone.metadata.dirs instead.
2019-07-14 02:44:30,992 INFO  db.DBStoreBuilder (DBStoreBuilder.java:addTable(110)) - using custom profile for table: userTable
2019-07-14 02:44:30,993 INFO  db.DBStoreBuilder (DBStoreBuilder.java:processTables(161)) - Using default column profile:DBProfile.DISK for Table:userTable
2019-07-14 02:44:30,993 INFO  db.DBStoreBuilder (DBStoreBuilder.java:addTable(110)) - using custom profile for table: volumeTable
2019-07-14 02:44:30,994 INFO  db.DBStoreBuilder (DBStoreBuilder.java:processTables(161)) - Using default column profile:DBProfile.DISK for Table:volumeTable
2019-07-14 02:44:30,994 INFO  db.DBStoreBuilder (DBStoreBuilder.java:addTable(110)) - using custom profile for table: bucketTable
2019-07-14 02:44:30,995 INFO  db.DBStoreBuilder (DBStoreBuilder.java:processTables(161)) - Using default column profile:DBProfile.DISK for Table:bucketTable
2019-07-14 02:44:30,996 INFO  db.DBStoreBuilder (DBStoreBuilder.java:addTable(110)) - using custom profile for table: keyTable
2019-07-14 02:44:30,996 INFO  db.DBStoreBuilder (DBStoreBuilder.java:processTables(161)) - Using default column profile:DBProfile.DISK for Table:keyTable
2019-07-14 02:44:30,997 INFO  db.DBStoreBuilder (DBStoreBuilder.java:addTable(110)) - using custom profile for table: deletedTable
2019-07-14 02:44:30,997 INFO  db.DBStoreBuilder (DBStoreBuilder.java:processTables(161)) - Using default column profile:DBProfile.DISK for Table:deletedTable
2019-07-14 02:44:30,998 INFO  db.DBStoreBuilder (DBStoreBuilder.java:addTable(110)) - using custom profile for table: openKeyTable
2019-07-14 02:44:30,998 INFO  db.DBStoreBuilder (DBStoreBuilder.java:processTables(161)) - Using default column profile:DBProfile.DISK for Table:openKeyTable
2019-07-14 02:44:30,999 INFO  db.DBStoreBuilder (DBStoreBuilder.java:addTable(110)) - using custom profile for table: s3Table
2019-07-14 02:44:30,999 INFO  db.DBStoreBuilder (DBStoreBuilder.java:processTables(161)) - Using default column profile:DBProfile.DISK for Table:s3Table
2019-07-14 02:44:31,000 INFO  db.DBStoreBuilder (DBStoreBuilder.java:addTable(110)) - using custom profile for table: multipartInfoTable
2019-07-14 02:44:31,000 INFO  db.DBStoreBuilder (DBStoreBuilder.java:processTables(161)) - Using default column profile:DBProfile.DISK for Table:multipartInfoTable
2019-07-14 02:44:31,001 INFO  db.DBStoreBuilder (DBStoreBuilder.java:addTable(110)) - using custom profile for table: dTokenTable
2019-07-14 02:44:31,001 INFO  db.DBStoreBuilder (DBStoreBuilder.java:processTables(161)) - Using default column profile:DBProfile.DISK for Table:dTokenTable
2019-07-14 02:44:31,002 INFO  db.DBStoreBuilder (DBStoreBuilder.java:addTable(110)) - using custom profile for table: s3SecretTable
2019-07-14 02:44:31,002 INFO  db.DBStoreBuilder (DBStoreBuilder.java:processTables(161)) - Using default column profile:DBProfile.DISK for Table:s3SecretTable
2019-07-14 02:44:31,003 INFO  db.DBStoreBuilder (DBStoreBuilder.java:addTable(110)) - using custom profile for table: prefixTable
2019-07-14 02:44:31,003 INFO  db.DBStoreBuilder (DBStoreBuilder.java:processTables(161)) - Using default column profile:DBProfile.DISK for Table:prefixTable
2019-07-14 02:44:31,004 INFO  db.DBStoreBuilder (DBStoreBuilder.java:addTable(110)) - using custom profile for table: default
2019-07-14 02:44:31,004 INFO  db.DBStoreBuilder (DBStoreBuilder.java:processTables(167)) - Using default column profile:DBProfile.DISK for Table:default
2019-07-14 02:44:31,005 INFO  db.DBStoreBuilder (DBStoreBuilder.java:getDbProfile(198)) - Using default options. DBProfile.DISK
2019-07-14 02:44:31,815 INFO  ipc.CallQueueManager (CallQueueManager.java:<init>(84)) - Using callQueue: class java.util.concurrent.LinkedBlockingQueue, queueCapacity: 2000, scheduler: class org.apache.hadoop.ipc.DefaultRpcScheduler, ipcBackoff: false.
2019-07-14 02:44:31,817 INFO  ipc.Server (Server.java:run(1074)) - Starting Socket Reader #1 for port 41557
2019-07-14 02:44:31,845 WARN  server.ServerUtils (ServerUtils.java:getDBPath(222)) - ozone.om.db.dirs is not configured. We recommend adding this setting. Falling back to ozone.metadata.dirs instead.
2019-07-14 02:44:31,845 INFO  om.OzoneManager (OzoneManager.java:start(1228)) - OzoneManager RPC server is listening at localhost/127.0.0.1:41557
2019-07-14 02:44:31,845 INFO  impl.MetricsSystemImpl (MetricsSystemImpl.java:init(158)) - OzoneManager metrics system started (again)
2019-07-14 02:44:31,847 INFO  ipc.Server (Server.java:run(1314)) - IPC Server Responder: starting
2019-07-14 02:44:31,848 INFO  ipc.Server (Server.java:run(1153)) - IPC Server listener on 41557: starting
2019-07-14 02:44:31,861 INFO  hdfs.DFSUtil (DFSUtil.java:httpServerTemplateForNNAndJN(1641)) - Starting Web-server for ozoneManager at: http://0.0.0.0:0
2019-07-14 02:44:31,864 INFO  server.AuthenticationFilter (AuthenticationFilter.java:constructSecretProvider(240)) - Unable to initialize FileSignerSecretProvider, falling back to use random secrets.
2019-07-14 02:44:31,865 WARN  http.HttpRequestLog (HttpRequestLog.java:getRequestLog(97)) - Jetty request log can only be enabled using Log4j
2019-07-14 02:44:31,868 INFO  http.HttpServer2 (HttpServer2.java:addGlobalFilter(975)) - Added global filter 'safety' (class=org.apache.hadoop.http.HttpServer2$QuotingInputFilter)
2019-07-14 02:44:31,870 INFO  http.HttpServer2 (HttpServer2.java:addFilter(948)) - Added filter static_user_filter (class=org.apache.hadoop.http.lib.StaticUserWebFilter$StaticUserFilter) to context ozoneManager
2019-07-14 02:44:31,870 INFO  http.HttpServer2 (HttpServer2.java:addFilter(958)) - Added filter static_user_filter (class=org.apache.hadoop.http.lib.StaticUserWebFilter$StaticUserFilter) to context static
2019-07-14 02:44:31,870 INFO  http.HttpServer2 (HttpServer2.java:addFilter(958)) - Added filter static_user_filter (class=org.apache.hadoop.http.lib.StaticUserWebFilter$StaticUserFilter) to context logs
2019-07-14 02:44:31,873 INFO  http.HttpServer2 (HttpServer2.java:bindListener(1191)) - Jetty bound to port 46356
2019-07-14 02:44:31,874 INFO  server.Server (Server.java:doStart(351)) - jetty-9.3.24.v20180605, build timestamp: 2018-06-05T17:11:56Z, git hash: 84205aa28f11a4f31f2a3b86d1bba2cc8ab69827
2019-07-14 02:44:31,876 INFO  handler.ContextHandler (ContextHandler.java:doStart(781)) - Started o.e.j.s.ServletContextHandler@2d0bfb24{/logs,file:///tmp/workdir/hadoop-ozone/integration-test/target/log,AVAILABLE}
2019-07-14 02:44:31,877 INFO  handler.ContextHandler (ContextHandler.java:doStart(781)) - Started o.e.j.s.ServletContextHandler@7b44b63d{/static,file:///tmp/workdir/hadoop-ozone/integration-test/target/test-classes/webapps/static,AVAILABLE}
2019-07-14 02:44:31,884 INFO  handler.ContextHandler (ContextHandler.java:doStart(781)) - Started o.e.j.w.WebAppContext@3e9803c2{/,file:///tmp/workdir/hadoop-ozone/integration-test/target/test-classes/webapps/ozoneManager/,AVAILABLE}{/ozoneManager}
2019-07-14 02:44:31,885 INFO  server.AbstractConnector (AbstractConnector.java:doStart(278)) - Started ServerConnector@4525d1d3{HTTP/1.1,[http/1.1]}{0.0.0.0:46356}
2019-07-14 02:44:31,886 INFO  server.Server (Server.java:doStart(419)) - Started @3994ms
2019-07-14 02:44:31,886 INFO  server.BaseHttpServer (BaseHttpServer.java:updateConnectorAddress(207)) - HTTP server of OZONEMANAGER is listening at http://0.0.0.0:46356
2019-07-14 02:44:32,201 INFO  impl.MetricsSystemImpl (MetricsSystemImpl.java:init(158)) - HddsDatanode metrics system started (again)
2019-07-14 02:44:32,288 INFO  ozone.HddsDatanodeService (HddsDatanodeService.java:start(185)) - HddsDatanodeService host:trunk-nightly-k88cw-3644625431 ip:192.168.157.236
2019-07-14 02:44:32,322 INFO  volume.HddsVolume (HddsVolume.java:<init>(176)) - Creating Volume: /tmp/workdir/hadoop-ozone/integration-test/target/test-dir/MiniOzoneClusterImpl-fe579810-8e9f-469f-84e5-6868cd12b3c7/datanode-0/data/containers/hdds of  storage type : DISK and capacity : 52710309888
2019-07-14 02:44:32,325 INFO  volume.VolumeSet (VolumeSet.java:initializeVolumeSet(170)) - Added Volume : /tmp/workdir/hadoop-ozone/integration-test/target/test-dir/MiniOzoneClusterImpl-fe579810-8e9f-469f-84e5-6868cd12b3c7/datanode-0/data/containers/hdds to VolumeSet
2019-07-14 02:44:32,330 INFO  volume.ThrottledAsyncChecker (ThrottledAsyncChecker.java:schedule(140)) - Scheduling a check for org.apache.hadoop.ozone.container.common.volume.HddsVolume@59546cfe
2019-07-14 02:44:32,358 INFO  volume.HddsVolumeChecker (HddsVolumeChecker.java:checkAllVolumes(203)) - Scheduled health check for volume org.apache.hadoop.ozone.container.common.volume.HddsVolume@59546cfe
2019-07-14 02:44:32,483 INFO  impl.RaftServerProxy (ConfUtils.java:logGet(43)) - raft.rpc.type = GRPC (default)
2019-07-14 02:44:32,546 INFO  grpc.GrpcFactory (GrpcFactory.java:checkPooledByteBufAllocatorUseCacheForAllThreads(45)) - PERFORMANCE WARNING: useCacheForAllThreads is true that may cause Netty to create a lot garbage objects and, as a result, trigger GC.
	It is recommended to disable useCacheForAllThreads by setting -Dorg.apache.ratis.thirdparty.io.netty.allocator.useCacheForAllThreads=false in command line.
2019-07-14 02:44:32,550 INFO  grpc.GrpcConfigKeys$Server (ConfUtils.java:logGet(43)) - raft.grpc.server.port = 0 (default)
2019-07-14 02:44:32,551 INFO  server.GrpcService (ConfUtils.java:logGet(43)) - raft.grpc.message.size.max = 33570816 (custom)
2019-07-14 02:44:32,552 INFO  server.RaftServerConfigKeys (ConfUtils.java:logGet(43)) - raft.server.log.appender.buffer.byte-limit = 33554432 (custom)
2019-07-14 02:44:32,553 INFO  server.GrpcService (ConfUtils.java:logGet(43)) - raft.grpc.flow.control.window = 1MB (=1048576) (default)
2019-07-14 02:44:32,554 INFO  server.RaftServerConfigKeys (ConfUtils.java:logGet(43)) - raft.server.rpc.request.timeout = 3000ms (default)
2019-07-14 02:44:32,705 INFO  server.RaftServerConfigKeys (ConfUtils.java:logGet(43)) - raft.server.storage.dir = [/tmp/workdir/hadoop-ozone/integration-test/target/test-dir/MiniOzoneClusterImpl-fe579810-8e9f-469f-84e5-6868cd12b3c7/datanode-0/data/ratis] (custom)
2019-07-14 02:44:32,740 INFO  replication.SimpleContainerDownloader (SimpleContainerDownloader.java:<init>(72)) - Starting container downloader service to copy containers to replicate.
2019-07-14 02:44:32,753 INFO  hdfs.DFSUtil (DFSUtil.java:httpServerTemplateForNNAndJN(1641)) - Starting Web-server for hddsDatanode at: http://0.0.0.0:0
2019-07-14 02:44:32,755 INFO  server.AuthenticationFilter (AuthenticationFilter.java:constructSecretProvider(240)) - Unable to initialize FileSignerSecretProvider, falling back to use random secrets.
2019-07-14 02:44:32,756 WARN  http.HttpRequestLog (HttpRequestLog.java:getRequestLog(97)) - Jetty request log can only be enabled using Log4j
2019-07-14 02:44:32,757 INFO  http.HttpServer2 (HttpServer2.java:addGlobalFilter(975)) - Added global filter 'safety' (class=org.apache.hadoop.http.HttpServer2$QuotingInputFilter)
2019-07-14 02:44:32,758 INFO  http.HttpServer2 (HttpServer2.java:addFilter(948)) - Added filter static_user_filter (class=org.apache.hadoop.http.lib.StaticUserWebFilter$StaticUserFilter) to context hddsDatanode
2019-07-14 02:44:32,758 INFO  http.HttpServer2 (HttpServer2.java:addFilter(958)) - Added filter static_user_filter (class=org.apache.hadoop.http.lib.StaticUserWebFilter$StaticUserFilter) to context static
2019-07-14 02:44:32,758 INFO  http.HttpServer2 (HttpServer2.java:addFilter(958)) - Added filter static_user_filter (class=org.apache.hadoop.http.lib.StaticUserWebFilter$StaticUserFilter) to context logs
2019-07-14 02:44:32,759 INFO  http.HttpServer2 (HttpServer2.java:bindListener(1191)) - Jetty bound to port 39120
2019-07-14 02:44:32,759 INFO  server.Server (Server.java:doStart(351)) - jetty-9.3.24.v20180605, build timestamp: 2018-06-05T17:11:56Z, git hash: 84205aa28f11a4f31f2a3b86d1bba2cc8ab69827
2019-07-14 02:44:32,761 INFO  handler.ContextHandler (ContextHandler.java:doStart(781)) - Started o.e.j.s.ServletContextHandler@36cc9385{/logs,file:///tmp/workdir/hadoop-ozone/integration-test/target/log,AVAILABLE}
2019-07-14 02:44:32,762 INFO  handler.ContextHandler (ContextHandler.java:doStart(781)) - Started o.e.j.s.ServletContextHandler@7915bca3{/static,jar:file:/home/user/.m2/repository/org/apache/hadoop/hadoop-hdds-container-service/0.5.0-SNAPSHOT/hadoop-hdds-container-service-0.5.0-SNAPSHOT.jar!/webapps/static,AVAILABLE}
2019-07-14 02:44:32,829 INFO  handler.ContextHandler (ContextHandler.java:doStart(781)) - Started o.e.j.w.WebAppContext@37e0292a{/,file:///tmp/jetty-0.0.0.0-39120-hddsDatanode-_-any-7232488497140099998.dir/webapp/,AVAILABLE}{/hddsDatanode}
2019-07-14 02:44:32,831 INFO  server.AbstractConnector (AbstractConnector.java:doStart(278)) - Started ServerConnector@4af70944{HTTP/1.1,[http/1.1]}{0.0.0.0:39120}
2019-07-14 02:44:32,836 INFO  server.Server (Server.java:doStart(419)) - Started @4944ms
2019-07-14 02:44:32,838 INFO  server.BaseHttpServer (BaseHttpServer.java:updateConnectorAddress(207)) - HTTP server of HDDSDATANODE is listening at http://0.0.0.0:39120
2019-07-14 02:44:33,879 INFO  ozone.HddsDatanodeService (HddsDatanodeService.java:startPlugins(396)) - Started plug-in org.apache.hadoop.ozone.web.OzoneHddsDatanodeService@b4732dc
2019-07-14 02:44:33,881 INFO  impl.MetricsSystemImpl (MetricsSystemImpl.java:init(158)) - HddsDatanode metrics system started (again)
2019-07-14 02:44:33,881 INFO  ozone.HddsDatanodeService (HddsDatanodeService.java:start(185)) - HddsDatanodeService host:trunk-nightly-k88cw-3644625431 ip:192.168.157.236
2019-07-14 02:44:33,888 INFO  util.JvmPauseMonitor (JvmPauseMonitor.java:run(188)) - Starting JVM pause monitor
2019-07-14 02:44:33,893 INFO  volume.HddsVolume (HddsVolume.java:<init>(176)) - Creating Volume: /tmp/workdir/hadoop-ozone/integration-test/target/test-dir/MiniOzoneClusterImpl-fe579810-8e9f-469f-84e5-6868cd12b3c7/datanode-1/data/containers/hdds of  storage type : DISK and capacity : 52710309888
2019-07-14 02:44:33,893 INFO  volume.VolumeSet (VolumeSet.java:initializeVolumeSet(170)) - Added Volume : /tmp/workdir/hadoop-ozone/integration-test/target/test-dir/MiniOzoneClusterImpl-fe579810-8e9f-469f-84e5-6868cd12b3c7/datanode-1/data/containers/hdds to VolumeSet
2019-07-14 02:44:33,895 INFO  volume.ThrottledAsyncChecker (ThrottledAsyncChecker.java:schedule(140)) - Scheduling a check for org.apache.hadoop.ozone.container.common.volume.HddsVolume@778a1250
2019-07-14 02:44:33,895 INFO  volume.HddsVolumeChecker (HddsVolumeChecker.java:checkAllVolumes(203)) - Scheduled health check for volume org.apache.hadoop.ozone.container.common.volume.HddsVolume@778a1250
2019-07-14 02:44:33,917 INFO  impl.RaftServerProxy (ConfUtils.java:logGet(43)) - raft.rpc.type = GRPC (default)
2019-07-14 02:44:33,917 INFO  grpc.GrpcFactory (GrpcFactory.java:checkPooledByteBufAllocatorUseCacheForAllThreads(45)) - PERFORMANCE WARNING: useCacheForAllThreads is true that may cause Netty to create a lot garbage objects and, as a result, trigger GC.
	It is recommended to disable useCacheForAllThreads by setting -Dorg.apache.ratis.thirdparty.io.netty.allocator.useCacheForAllThreads=false in command line.
2019-07-14 02:44:33,918 INFO  grpc.GrpcConfigKeys$Server (ConfUtils.java:logGet(43)) - raft.grpc.server.port = 0 (default)
2019-07-14 02:44:33,918 INFO  server.GrpcService (ConfUtils.java:logGet(43)) - raft.grpc.message.size.max = 33570816 (custom)
2019-07-14 02:44:33,918 INFO  server.RaftServerConfigKeys (ConfUtils.java:logGet(43)) - raft.server.log.appender.buffer.byte-limit = 33554432 (custom)
2019-07-14 02:44:33,918 INFO  server.GrpcService (ConfUtils.java:logGet(43)) - raft.grpc.flow.control.window = 1MB (=1048576) (default)
2019-07-14 02:44:33,919 INFO  server.RaftServerConfigKeys (ConfUtils.java:logGet(43)) - raft.server.rpc.request.timeout = 3000ms (default)
2019-07-14 02:44:33,919 INFO  server.RaftServerConfigKeys (ConfUtils.java:logGet(43)) - raft.server.storage.dir = [/tmp/workdir/hadoop-ozone/integration-test/target/test-dir/MiniOzoneClusterImpl-fe579810-8e9f-469f-84e5-6868cd12b3c7/datanode-1/data/ratis] (custom)
2019-07-14 02:44:33,920 INFO  replication.SimpleContainerDownloader (SimpleContainerDownloader.java:<init>(72)) - Starting container downloader service to copy containers to replicate.
2019-07-14 02:44:33,922 INFO  hdfs.DFSUtil (DFSUtil.java:httpServerTemplateForNNAndJN(1641)) - Starting Web-server for hddsDatanode at: http://0.0.0.0:0
2019-07-14 02:44:33,924 INFO  server.AuthenticationFilter (AuthenticationFilter.java:constructSecretProvider(240)) - Unable to initialize FileSignerSecretProvider, falling back to use random secrets.
2019-07-14 02:44:33,928 WARN  http.HttpRequestLog (HttpRequestLog.java:getRequestLog(97)) - Jetty request log can only be enabled using Log4j
2019-07-14 02:44:33,931 INFO  http.HttpServer2 (HttpServer2.java:addGlobalFilter(975)) - Added global filter 'safety' (class=org.apache.hadoop.http.HttpServer2$QuotingInputFilter)
2019-07-14 02:44:33,932 INFO  http.HttpServer2 (HttpServer2.java:addFilter(948)) - Added filter static_user_filter (class=org.apache.hadoop.http.lib.StaticUserWebFilter$StaticUserFilter) to context hddsDatanode
2019-07-14 02:44:33,932 INFO  http.HttpServer2 (HttpServer2.java:addFilter(958)) - Added filter static_user_filter (class=org.apache.hadoop.http.lib.StaticUserWebFilter$StaticUserFilter) to context static
2019-07-14 02:44:33,932 INFO  http.HttpServer2 (HttpServer2.java:addFilter(958)) - Added filter static_user_filter (class=org.apache.hadoop.http.lib.StaticUserWebFilter$StaticUserFilter) to context logs
2019-07-14 02:44:33,934 INFO  http.HttpServer2 (HttpServer2.java:bindListener(1191)) - Jetty bound to port 38657
2019-07-14 02:44:33,934 INFO  server.Server (Server.java:doStart(351)) - jetty-9.3.24.v20180605, build timestamp: 2018-06-05T17:11:56Z, git hash: 84205aa28f11a4f31f2a3b86d1bba2cc8ab69827
2019-07-14 02:44:33,937 INFO  handler.ContextHandler (ContextHandler.java:doStart(781)) - Started o.e.j.s.ServletContextHandler@359066bc{/logs,file:///tmp/workdir/hadoop-ozone/integration-test/target/log,AVAILABLE}
2019-07-14 02:44:33,938 INFO  handler.ContextHandler (ContextHandler.java:doStart(781)) - Started o.e.j.s.ServletContextHandler@364fd4ae{/static,jar:file:/home/user/.m2/repository/org/apache/hadoop/hadoop-hdds-container-service/0.5.0-SNAPSHOT/hadoop-hdds-container-service-0.5.0-SNAPSHOT.jar!/webapps/static,AVAILABLE}
2019-07-14 02:44:33,982 INFO  handler.ContextHandler (ContextHandler.java:doStart(781)) - Started o.e.j.w.WebAppContext@2e1eb85f{/,file:///tmp/jetty-0.0.0.0-38657-hddsDatanode-_-any-5989123278448875667.dir/webapp/,AVAILABLE}{/hddsDatanode}
2019-07-14 02:44:33,983 INFO  server.AbstractConnector (AbstractConnector.java:doStart(278)) - Started ServerConnector@ea7a4c3{HTTP/1.1,[http/1.1]}{0.0.0.0:38657}
2019-07-14 02:44:33,986 INFO  server.Server (Server.java:doStart(419)) - Started @6092ms
2019-07-14 02:44:33,987 INFO  server.BaseHttpServer (BaseHttpServer.java:updateConnectorAddress(207)) - HTTP server of HDDSDATANODE is listening at http://0.0.0.0:38657
2019-07-14 02:44:34,023 INFO  datanode.InitDatanodeState (InitDatanodeState.java:persistContainerDatanodeDetails(140)) - DatanodeDetails is persisted to /tmp/workdir/hadoop-ozone/integration-test/target/test-dir/MiniOzoneClusterImpl-fe579810-8e9f-469f-84e5-6868cd12b3c7/datanode-0/meta/datanode.id
2019-07-14 02:44:34,132 INFO  ozone.HddsDatanodeService (HddsDatanodeService.java:startPlugins(396)) - Started plug-in org.apache.hadoop.ozone.web.OzoneHddsDatanodeService@5729b410
2019-07-14 02:44:34,133 INFO  impl.MetricsSystemImpl (MetricsSystemImpl.java:init(158)) - HddsDatanode metrics system started (again)
2019-07-14 02:44:34,134 INFO  ozone.HddsDatanodeService (HddsDatanodeService.java:start(185)) - HddsDatanodeService host:trunk-nightly-k88cw-3644625431 ip:192.168.157.236
2019-07-14 02:44:34,136 INFO  util.JvmPauseMonitor (JvmPauseMonitor.java:run(188)) - Starting JVM pause monitor
2019-07-14 02:44:34,146 INFO  volume.HddsVolume (HddsVolume.java:<init>(176)) - Creating Volume: /tmp/workdir/hadoop-ozone/integration-test/target/test-dir/MiniOzoneClusterImpl-fe579810-8e9f-469f-84e5-6868cd12b3c7/datanode-2/data/containers/hdds of  storage type : DISK and capacity : 52710309888
2019-07-14 02:44:34,146 INFO  volume.VolumeSet (VolumeSet.java:initializeVolumeSet(170)) - Added Volume : /tmp/workdir/hadoop-ozone/integration-test/target/test-dir/MiniOzoneClusterImpl-fe579810-8e9f-469f-84e5-6868cd12b3c7/datanode-2/data/containers/hdds to VolumeSet
2019-07-14 02:44:34,146 INFO  volume.ThrottledAsyncChecker (ThrottledAsyncChecker.java:schedule(140)) - Scheduling a check for org.apache.hadoop.ozone.container.common.volume.HddsVolume@52b959df
2019-07-14 02:44:34,147 INFO  datanode.InitDatanodeState (InitDatanodeState.java:persistContainerDatanodeDetails(140)) - DatanodeDetails is persisted to /tmp/workdir/hadoop-ozone/integration-test/target/test-dir/MiniOzoneClusterImpl-fe579810-8e9f-469f-84e5-6868cd12b3c7/datanode-1/meta/datanode.id
2019-07-14 02:44:34,147 INFO  volume.HddsVolumeChecker (HddsVolumeChecker.java:checkAllVolumes(203)) - Scheduled health check for volume org.apache.hadoop.ozone.container.common.volume.HddsVolume@52b959df
2019-07-14 02:44:34,163 INFO  impl.RaftServerProxy (ConfUtils.java:logGet(43)) - raft.rpc.type = GRPC (default)
2019-07-14 02:44:34,163 INFO  grpc.GrpcFactory (GrpcFactory.java:checkPooledByteBufAllocatorUseCacheForAllThreads(45)) - PERFORMANCE WARNING: useCacheForAllThreads is true that may cause Netty to create a lot garbage objects and, as a result, trigger GC.
	It is recommended to disable useCacheForAllThreads by setting -Dorg.apache.ratis.thirdparty.io.netty.allocator.useCacheForAllThreads=false in command line.
2019-07-14 02:44:34,164 INFO  grpc.GrpcConfigKeys$Server (ConfUtils.java:logGet(43)) - raft.grpc.server.port = 0 (default)
2019-07-14 02:44:34,164 INFO  server.GrpcService (ConfUtils.java:logGet(43)) - raft.grpc.message.size.max = 33570816 (custom)
2019-07-14 02:44:34,164 INFO  server.RaftServerConfigKeys (ConfUtils.java:logGet(43)) - raft.server.log.appender.buffer.byte-limit = 33554432 (custom)
2019-07-14 02:44:34,165 INFO  server.GrpcService (ConfUtils.java:logGet(43)) - raft.grpc.flow.control.window = 1MB (=1048576) (default)
2019-07-14 02:44:34,165 INFO  server.RaftServerConfigKeys (ConfUtils.java:logGet(43)) - raft.server.rpc.request.timeout = 3000ms (default)
2019-07-14 02:44:34,165 INFO  server.RaftServerConfigKeys (ConfUtils.java:logGet(43)) - raft.server.storage.dir = [/tmp/workdir/hadoop-ozone/integration-test/target/test-dir/MiniOzoneClusterImpl-fe579810-8e9f-469f-84e5-6868cd12b3c7/datanode-2/data/ratis] (custom)
2019-07-14 02:44:34,166 INFO  replication.SimpleContainerDownloader (SimpleContainerDownloader.java:<init>(72)) - Starting container downloader service to copy containers to replicate.
2019-07-14 02:44:34,168 INFO  hdfs.DFSUtil (DFSUtil.java:httpServerTemplateForNNAndJN(1641)) - Starting Web-server for hddsDatanode at: http://0.0.0.0:0
2019-07-14 02:44:34,169 INFO  server.AuthenticationFilter (AuthenticationFilter.java:constructSecretProvider(240)) - Unable to initialize FileSignerSecretProvider, falling back to use random secrets.
2019-07-14 02:44:34,169 WARN  http.HttpRequestLog (HttpRequestLog.java:getRequestLog(97)) - Jetty request log can only be enabled using Log4j
2019-07-14 02:44:34,171 INFO  http.HttpServer2 (HttpServer2.java:addGlobalFilter(975)) - Added global filter 'safety' (class=org.apache.hadoop.http.HttpServer2$QuotingInputFilter)
2019-07-14 02:44:34,171 INFO  http.HttpServer2 (HttpServer2.java:addFilter(948)) - Added filter static_user_filter (class=org.apache.hadoop.http.lib.StaticUserWebFilter$StaticUserFilter) to context hddsDatanode
2019-07-14 02:44:34,171 INFO  http.HttpServer2 (HttpServer2.java:addFilter(958)) - Added filter static_user_filter (class=org.apache.hadoop.http.lib.StaticUserWebFilter$StaticUserFilter) to context static
2019-07-14 02:44:34,172 INFO  http.HttpServer2 (HttpServer2.java:addFilter(958)) - Added filter static_user_filter (class=org.apache.hadoop.http.lib.StaticUserWebFilter$StaticUserFilter) to context logs
2019-07-14 02:44:34,172 INFO  http.HttpServer2 (HttpServer2.java:bindListener(1191)) - Jetty bound to port 34532
2019-07-14 02:44:34,172 INFO  server.Server (Server.java:doStart(351)) - jetty-9.3.24.v20180605, build timestamp: 2018-06-05T17:11:56Z, git hash: 84205aa28f11a4f31f2a3b86d1bba2cc8ab69827
2019-07-14 02:44:34,177 INFO  handler.ContextHandler (ContextHandler.java:doStart(781)) - Started o.e.j.s.ServletContextHandler@631c6d11{/logs,file:///tmp/workdir/hadoop-ozone/integration-test/target/log,AVAILABLE}
2019-07-14 02:44:34,177 INFO  handler.ContextHandler (ContextHandler.java:doStart(781)) - Started o.e.j.s.ServletContextHandler@62ade015{/static,jar:file:/home/user/.m2/repository/org/apache/hadoop/hadoop-hdds-container-service/0.5.0-SNAPSHOT/hadoop-hdds-container-service-0.5.0-SNAPSHOT.jar!/webapps/static,AVAILABLE}
2019-07-14 02:44:34,206 INFO  handler.ContextHandler (ContextHandler.java:doStart(781)) - Started o.e.j.w.WebAppContext@7197b07f{/,file:///tmp/jetty-0.0.0.0-34532-hddsDatanode-_-any-7642112207835590893.dir/webapp/,AVAILABLE}{/hddsDatanode}
2019-07-14 02:44:34,207 INFO  server.AbstractConnector (AbstractConnector.java:doStart(278)) - Started ServerConnector@1f10fec6{HTTP/1.1,[http/1.1]}{0.0.0.0:34532}
2019-07-14 02:44:34,208 INFO  server.Server (Server.java:doStart(419)) - Started @6316ms
2019-07-14 02:44:34,210 INFO  server.BaseHttpServer (BaseHttpServer.java:updateConnectorAddress(207)) - HTTP server of HDDSDATANODE is listening at http://0.0.0.0:34532
2019-07-14 02:44:34,384 INFO  ozone.HddsDatanodeService (HddsDatanodeService.java:startPlugins(396)) - Started plug-in org.apache.hadoop.ozone.web.OzoneHddsDatanodeService@7436364d
2019-07-14 02:44:34,384 INFO  impl.MetricsSystemImpl (MetricsSystemImpl.java:init(158)) - HddsDatanode metrics system started (again)
2019-07-14 02:44:34,386 INFO  ozone.HddsDatanodeService (HddsDatanodeService.java:start(185)) - HddsDatanodeService host:trunk-nightly-k88cw-3644625431 ip:192.168.157.236
2019-07-14 02:44:34,388 INFO  util.JvmPauseMonitor (JvmPauseMonitor.java:run(188)) - Starting JVM pause monitor
2019-07-14 02:44:34,392 INFO  datanode.InitDatanodeState (InitDatanodeState.java:persistContainerDatanodeDetails(140)) - DatanodeDetails is persisted to /tmp/workdir/hadoop-ozone/integration-test/target/test-dir/MiniOzoneClusterImpl-fe579810-8e9f-469f-84e5-6868cd12b3c7/datanode-2/meta/datanode.id
2019-07-14 02:44:34,395 INFO  volume.HddsVolume (HddsVolume.java:<init>(176)) - Creating Volume: /tmp/workdir/hadoop-ozone/integration-test/target/test-dir/MiniOzoneClusterImpl-fe579810-8e9f-469f-84e5-6868cd12b3c7/datanode-3/data/containers/hdds of  storage type : DISK and capacity : 52710309888
2019-07-14 02:44:34,396 INFO  volume.VolumeSet (VolumeSet.java:initializeVolumeSet(170)) - Added Volume : /tmp/workdir/hadoop-ozone/integration-test/target/test-dir/MiniOzoneClusterImpl-fe579810-8e9f-469f-84e5-6868cd12b3c7/datanode-3/data/containers/hdds to VolumeSet
2019-07-14 02:44:34,396 INFO  volume.ThrottledAsyncChecker (ThrottledAsyncChecker.java:schedule(140)) - Scheduling a check for org.apache.hadoop.ozone.container.common.volume.HddsVolume@517704
2019-07-14 02:44:34,397 INFO  volume.HddsVolumeChecker (HddsVolumeChecker.java:checkAllVolumes(203)) - Scheduled health check for volume org.apache.hadoop.ozone.container.common.volume.HddsVolume@517704
2019-07-14 02:44:34,411 INFO  impl.RaftServerProxy (ConfUtils.java:logGet(43)) - raft.rpc.type = GRPC (default)
2019-07-14 02:44:34,411 INFO  grpc.GrpcFactory (GrpcFactory.java:checkPooledByteBufAllocatorUseCacheForAllThreads(45)) - PERFORMANCE WARNING: useCacheForAllThreads is true that may cause Netty to create a lot garbage objects and, as a result, trigger GC.
	It is recommended to disable useCacheForAllThreads by setting -Dorg.apache.ratis.thirdparty.io.netty.allocator.useCacheForAllThreads=false in command line.
2019-07-14 02:44:34,412 INFO  grpc.GrpcConfigKeys$Server (ConfUtils.java:logGet(43)) - raft.grpc.server.port = 0 (default)
2019-07-14 02:44:34,412 INFO  server.GrpcService (ConfUtils.java:logGet(43)) - raft.grpc.message.size.max = 33570816 (custom)
2019-07-14 02:44:34,412 INFO  server.RaftServerConfigKeys (ConfUtils.java:logGet(43)) - raft.server.log.appender.buffer.byte-limit = 33554432 (custom)
2019-07-14 02:44:34,412 INFO  server.GrpcService (ConfUtils.java:logGet(43)) - raft.grpc.flow.control.window = 1MB (=1048576) (default)
2019-07-14 02:44:34,413 INFO  server.RaftServerConfigKeys (ConfUtils.java:logGet(43)) - raft.server.rpc.request.timeout = 3000ms (default)
2019-07-14 02:44:34,413 INFO  server.RaftServerConfigKeys (ConfUtils.java:logGet(43)) - raft.server.storage.dir = [/tmp/workdir/hadoop-ozone/integration-test/target/test-dir/MiniOzoneClusterImpl-fe579810-8e9f-469f-84e5-6868cd12b3c7/datanode-3/data/ratis] (custom)
2019-07-14 02:44:34,414 INFO  replication.SimpleContainerDownloader (SimpleContainerDownloader.java:<init>(72)) - Starting container downloader service to copy containers to replicate.
2019-07-14 02:44:34,415 INFO  hdfs.DFSUtil (DFSUtil.java:httpServerTemplateForNNAndJN(1641)) - Starting Web-server for hddsDatanode at: http://0.0.0.0:0
2019-07-14 02:44:34,417 INFO  server.AuthenticationFilter (AuthenticationFilter.java:constructSecretProvider(240)) - Unable to initialize FileSignerSecretProvider, falling back to use random secrets.
2019-07-14 02:44:34,418 WARN  http.HttpRequestLog (HttpRequestLog.java:getRequestLog(97)) - Jetty request log can only be enabled using Log4j
2019-07-14 02:44:34,421 INFO  http.HttpServer2 (HttpServer2.java:addGlobalFilter(975)) - Added global filter 'safety' (class=org.apache.hadoop.http.HttpServer2$QuotingInputFilter)
2019-07-14 02:44:34,422 INFO  http.HttpServer2 (HttpServer2.java:addFilter(948)) - Added filter static_user_filter (class=org.apache.hadoop.http.lib.StaticUserWebFilter$StaticUserFilter) to context hddsDatanode
2019-07-14 02:44:34,422 INFO  http.HttpServer2 (HttpServer2.java:addFilter(958)) - Added filter static_user_filter (class=org.apache.hadoop.http.lib.StaticUserWebFilter$StaticUserFilter) to context static
2019-07-14 02:44:34,422 INFO  http.HttpServer2 (HttpServer2.java:addFilter(958)) - Added filter static_user_filter (class=org.apache.hadoop.http.lib.StaticUserWebFilter$StaticUserFilter) to context logs
2019-07-14 02:44:34,423 INFO  http.HttpServer2 (HttpServer2.java:bindListener(1191)) - Jetty bound to port 36907
2019-07-14 02:44:34,424 INFO  server.Server (Server.java:doStart(351)) - jetty-9.3.24.v20180605, build timestamp: 2018-06-05T17:11:56Z, git hash: 84205aa28f11a4f31f2a3b86d1bba2cc8ab69827
2019-07-14 02:44:34,427 INFO  handler.ContextHandler (ContextHandler.java:doStart(781)) - Started o.e.j.s.ServletContextHandler@1e30db85{/logs,file:///tmp/workdir/hadoop-ozone/integration-test/target/log,AVAILABLE}
2019-07-14 02:44:34,428 INFO  handler.ContextHandler (ContextHandler.java:doStart(781)) - Started o.e.j.s.ServletContextHandler@cc9ef8d{/static,jar:file:/home/user/.m2/repository/org/apache/hadoop/hadoop-hdds-container-service/0.5.0-SNAPSHOT/hadoop-hdds-container-service-0.5.0-SNAPSHOT.jar!/webapps/static,AVAILABLE}
2019-07-14 02:44:34,471 INFO  handler.ContextHandler (ContextHandler.java:doStart(781)) - Started o.e.j.w.WebAppContext@6a2d867d{/,file:///tmp/jetty-0.0.0.0-36907-hddsDatanode-_-any-8287753314507991306.dir/webapp/,AVAILABLE}{/hddsDatanode}
2019-07-14 02:44:34,472 INFO  server.AbstractConnector (AbstractConnector.java:doStart(278)) - Started ServerConnector@73bb1337{HTTP/1.1,[http/1.1]}{0.0.0.0:36907}
2019-07-14 02:44:34,473 INFO  server.Server (Server.java:doStart(419)) - Started @6581ms
2019-07-14 02:44:34,475 INFO  server.BaseHttpServer (BaseHttpServer.java:updateConnectorAddress(207)) - HTTP server of HDDSDATANODE is listening at http://0.0.0.0:36907
2019-07-14 02:44:34,647 INFO  ozone.HddsDatanodeService (HddsDatanodeService.java:startPlugins(396)) - Started plug-in org.apache.hadoop.ozone.web.OzoneHddsDatanodeService@65da01f4
2019-07-14 02:44:34,648 INFO  impl.MetricsSystemImpl (MetricsSystemImpl.java:init(158)) - HddsDatanode metrics system started (again)
2019-07-14 02:44:34,649 INFO  ozone.HddsDatanodeService (HddsDatanodeService.java:start(185)) - HddsDatanodeService host:trunk-nightly-k88cw-3644625431 ip:192.168.157.236
2019-07-14 02:44:34,651 INFO  util.JvmPauseMonitor (JvmPauseMonitor.java:run(188)) - Starting JVM pause monitor
2019-07-14 02:44:34,655 INFO  datanode.InitDatanodeState (InitDatanodeState.java:persistContainerDatanodeDetails(140)) - DatanodeDetails is persisted to /tmp/workdir/hadoop-ozone/integration-test/target/test-dir/MiniOzoneClusterImpl-fe579810-8e9f-469f-84e5-6868cd12b3c7/datanode-3/meta/datanode.id
2019-07-14 02:44:34,661 INFO  volume.HddsVolume (HddsVolume.java:<init>(176)) - Creating Volume: /tmp/workdir/hadoop-ozone/integration-test/target/test-dir/MiniOzoneClusterImpl-fe579810-8e9f-469f-84e5-6868cd12b3c7/datanode-4/data/containers/hdds of  storage type : DISK and capacity : 52710309888
2019-07-14 02:44:34,661 INFO  volume.VolumeSet (VolumeSet.java:initializeVolumeSet(170)) - Added Volume : /tmp/workdir/hadoop-ozone/integration-test/target/test-dir/MiniOzoneClusterImpl-fe579810-8e9f-469f-84e5-6868cd12b3c7/datanode-4/data/containers/hdds to VolumeSet
2019-07-14 02:44:34,661 INFO  volume.ThrottledAsyncChecker (ThrottledAsyncChecker.java:schedule(140)) - Scheduling a check for org.apache.hadoop.ozone.container.common.volume.HddsVolume@6b2fdffc
2019-07-14 02:44:34,662 INFO  volume.HddsVolumeChecker (HddsVolumeChecker.java:checkAllVolumes(203)) - Scheduled health check for volume org.apache.hadoop.ozone.container.common.volume.HddsVolume@6b2fdffc
2019-07-14 02:44:34,677 INFO  impl.RaftServerProxy (ConfUtils.java:logGet(43)) - raft.rpc.type = GRPC (default)
2019-07-14 02:44:34,678 INFO  grpc.GrpcFactory (GrpcFactory.java:checkPooledByteBufAllocatorUseCacheForAllThreads(45)) - PERFORMANCE WARNING: useCacheForAllThreads is true that may cause Netty to create a lot garbage objects and, as a result, trigger GC.
	It is recommended to disable useCacheForAllThreads by setting -Dorg.apache.ratis.thirdparty.io.netty.allocator.useCacheForAllThreads=false in command line.
2019-07-14 02:44:34,678 INFO  grpc.GrpcConfigKeys$Server (ConfUtils.java:logGet(43)) - raft.grpc.server.port = 0 (default)
2019-07-14 02:44:34,678 INFO  server.GrpcService (ConfUtils.java:logGet(43)) - raft.grpc.message.size.max = 33570816 (custom)
2019-07-14 02:44:34,678 INFO  server.RaftServerConfigKeys (ConfUtils.java:logGet(43)) - raft.server.log.appender.buffer.byte-limit = 33554432 (custom)
2019-07-14 02:44:34,679 INFO  server.GrpcService (ConfUtils.java:logGet(43)) - raft.grpc.flow.control.window = 1MB (=1048576) (default)
2019-07-14 02:44:34,679 INFO  server.RaftServerConfigKeys (ConfUtils.java:logGet(43)) - raft.server.rpc.request.timeout = 3000ms (default)
2019-07-14 02:44:34,680 INFO  server.RaftServerConfigKeys (ConfUtils.java:logGet(43)) - raft.server.storage.dir = [/tmp/workdir/hadoop-ozone/integration-test/target/test-dir/MiniOzoneClusterImpl-fe579810-8e9f-469f-84e5-6868cd12b3c7/datanode-4/data/ratis] (custom)
2019-07-14 02:44:34,680 INFO  replication.SimpleContainerDownloader (SimpleContainerDownloader.java:<init>(72)) - Starting container downloader service to copy containers to replicate.
2019-07-14 02:44:34,682 INFO  hdfs.DFSUtil (DFSUtil.java:httpServerTemplateForNNAndJN(1641)) - Starting Web-server for hddsDatanode at: http://0.0.0.0:0
2019-07-14 02:44:34,684 INFO  server.AuthenticationFilter (AuthenticationFilter.java:constructSecretProvider(240)) - Unable to initialize FileSignerSecretProvider, falling back to use random secrets.
2019-07-14 02:44:34,685 WARN  http.HttpRequestLog (HttpRequestLog.java:getRequestLog(97)) - Jetty request log can only be enabled using Log4j
2019-07-14 02:44:34,687 INFO  http.HttpServer2 (HttpServer2.java:addGlobalFilter(975)) - Added global filter 'safety' (class=org.apache.hadoop.http.HttpServer2$QuotingInputFilter)
2019-07-14 02:44:34,688 INFO  http.HttpServer2 (HttpServer2.java:addFilter(948)) - Added filter static_user_filter (class=org.apache.hadoop.http.lib.StaticUserWebFilter$StaticUserFilter) to context hddsDatanode
2019-07-14 02:44:34,688 INFO  http.HttpServer2 (HttpServer2.java:addFilter(958)) - Added filter static_user_filter (class=org.apache.hadoop.http.lib.StaticUserWebFilter$StaticUserFilter) to context logs
2019-07-14 02:44:34,688 INFO  http.HttpServer2 (HttpServer2.java:addFilter(958)) - Added filter static_user_filter (class=org.apache.hadoop.http.lib.StaticUserWebFilter$StaticUserFilter) to context static
2019-07-14 02:44:34,690 INFO  http.HttpServer2 (HttpServer2.java:bindListener(1191)) - Jetty bound to port 36067
2019-07-14 02:44:34,690 INFO  server.Server (Server.java:doStart(351)) - jetty-9.3.24.v20180605, build timestamp: 2018-06-05T17:11:56Z, git hash: 84205aa28f11a4f31f2a3b86d1bba2cc8ab69827
2019-07-14 02:44:34,695 INFO  handler.ContextHandler (ContextHandler.java:doStart(781)) - Started o.e.j.s.ServletContextHandler@615db358{/logs,file:///tmp/workdir/hadoop-ozone/integration-test/target/log,AVAILABLE}
2019-07-14 02:44:34,696 INFO  handler.ContextHandler (ContextHandler.java:doStart(781)) - Started o.e.j.s.ServletContextHandler@5fef0c19{/static,jar:file:/home/user/.m2/repository/org/apache/hadoop/hadoop-hdds-container-service/0.5.0-SNAPSHOT/hadoop-hdds-container-service-0.5.0-SNAPSHOT.jar!/webapps/static,AVAILABLE}
2019-07-14 02:44:34,738 INFO  handler.ContextHandler (ContextHandler.java:doStart(781)) - Started o.e.j.w.WebAppContext@367d34c0{/,file:///tmp/jetty-0.0.0.0-36067-hddsDatanode-_-any-8509709135048184768.dir/webapp/,AVAILABLE}{/hddsDatanode}
2019-07-14 02:44:34,739 INFO  server.AbstractConnector (AbstractConnector.java:doStart(278)) - Started ServerConnector@4ce25e47{HTTP/1.1,[http/1.1]}{0.0.0.0:36067}
2019-07-14 02:44:34,740 INFO  server.Server (Server.java:doStart(419)) - Started @6848ms
2019-07-14 02:44:34,741 INFO  server.BaseHttpServer (BaseHttpServer.java:updateConnectorAddress(207)) - HTTP server of HDDSDATANODE is listening at http://0.0.0.0:36067
2019-07-14 02:44:34,885 INFO  ozone.HddsDatanodeService (HddsDatanodeService.java:startPlugins(396)) - Started plug-in org.apache.hadoop.ozone.web.OzoneHddsDatanodeService@15d236fd
2019-07-14 02:44:34,886 INFO  impl.MetricsSystemImpl (MetricsSystemImpl.java:init(158)) - HddsDatanode metrics system started (again)
2019-07-14 02:44:34,888 INFO  ozone.HddsDatanodeService (HddsDatanodeService.java:start(185)) - HddsDatanodeService host:trunk-nightly-k88cw-3644625431 ip:192.168.157.236
2019-07-14 02:44:34,890 INFO  util.JvmPauseMonitor (JvmPauseMonitor.java:run(188)) - Starting JVM pause monitor
2019-07-14 02:44:34,893 INFO  datanode.InitDatanodeState (InitDatanodeState.java:persistContainerDatanodeDetails(140)) - DatanodeDetails is persisted to /tmp/workdir/hadoop-ozone/integration-test/target/test-dir/MiniOzoneClusterImpl-fe579810-8e9f-469f-84e5-6868cd12b3c7/datanode-4/meta/datanode.id
2019-07-14 02:44:34,897 INFO  volume.HddsVolume (HddsVolume.java:<init>(176)) - Creating Volume: /tmp/workdir/hadoop-ozone/integration-test/target/test-dir/MiniOzoneClusterImpl-fe579810-8e9f-469f-84e5-6868cd12b3c7/datanode-5/data/containers/hdds of  storage type : DISK and capacity : 52710309888
2019-07-14 02:44:34,897 INFO  volume.VolumeSet (VolumeSet.java:initializeVolumeSet(170)) - Added Volume : /tmp/workdir/hadoop-ozone/integration-test/target/test-dir/MiniOzoneClusterImpl-fe579810-8e9f-469f-84e5-6868cd12b3c7/datanode-5/data/containers/hdds to VolumeSet
2019-07-14 02:44:34,898 INFO  volume.ThrottledAsyncChecker (ThrottledAsyncChecker.java:schedule(140)) - Scheduling a check for org.apache.hadoop.ozone.container.common.volume.HddsVolume@33eb0d4
2019-07-14 02:44:34,898 INFO  volume.HddsVolumeChecker (HddsVolumeChecker.java:checkAllVolumes(203)) - Scheduled health check for volume org.apache.hadoop.ozone.container.common.volume.HddsVolume@33eb0d4
2019-07-14 02:44:34,918 INFO  impl.RaftServerProxy (ConfUtils.java:logGet(43)) - raft.rpc.type = GRPC (default)
2019-07-14 02:44:34,918 INFO  grpc.GrpcFactory (GrpcFactory.java:checkPooledByteBufAllocatorUseCacheForAllThreads(45)) - PERFORMANCE WARNING: useCacheForAllThreads is true that may cause Netty to create a lot garbage objects and, as a result, trigger GC.
	It is recommended to disable useCacheForAllThreads by setting -Dorg.apache.ratis.thirdparty.io.netty.allocator.useCacheForAllThreads=false in command line.
2019-07-14 02:44:34,918 INFO  grpc.GrpcConfigKeys$Server (ConfUtils.java:logGet(43)) - raft.grpc.server.port = 0 (default)
2019-07-14 02:44:34,919 INFO  server.GrpcService (ConfUtils.java:logGet(43)) - raft.grpc.message.size.max = 33570816 (custom)
2019-07-14 02:44:34,919 INFO  server.RaftServerConfigKeys (ConfUtils.java:logGet(43)) - raft.server.log.appender.buffer.byte-limit = 33554432 (custom)
2019-07-14 02:44:34,919 INFO  server.GrpcService (ConfUtils.java:logGet(43)) - raft.grpc.flow.control.window = 1MB (=1048576) (default)
2019-07-14 02:44:34,920 INFO  server.RaftServerConfigKeys (ConfUtils.java:logGet(43)) - raft.server.rpc.request.timeout = 3000ms (default)
2019-07-14 02:44:34,920 INFO  server.RaftServerConfigKeys (ConfUtils.java:logGet(43)) - raft.server.storage.dir = [/tmp/workdir/hadoop-ozone/integration-test/target/test-dir/MiniOzoneClusterImpl-fe579810-8e9f-469f-84e5-6868cd12b3c7/datanode-5/data/ratis] (custom)
2019-07-14 02:44:34,921 INFO  replication.SimpleContainerDownloader (SimpleContainerDownloader.java:<init>(72)) - Starting container downloader service to copy containers to replicate.
2019-07-14 02:44:34,922 INFO  hdfs.DFSUtil (DFSUtil.java:httpServerTemplateForNNAndJN(1641)) - Starting Web-server for hddsDatanode at: http://0.0.0.0:0
2019-07-14 02:44:34,925 INFO  server.AuthenticationFilter (AuthenticationFilter.java:constructSecretProvider(240)) - Unable to initialize FileSignerSecretProvider, falling back to use random secrets.
2019-07-14 02:44:34,926 WARN  http.HttpRequestLog (HttpRequestLog.java:getRequestLog(97)) - Jetty request log can only be enabled using Log4j
2019-07-14 02:44:34,928 INFO  http.HttpServer2 (HttpServer2.java:addGlobalFilter(975)) - Added global filter 'safety' (class=org.apache.hadoop.http.HttpServer2$QuotingInputFilter)
2019-07-14 02:44:34,929 INFO  http.HttpServer2 (HttpServer2.java:addFilter(948)) - Added filter static_user_filter (class=org.apache.hadoop.http.lib.StaticUserWebFilter$StaticUserFilter) to context hddsDatanode
2019-07-14 02:44:34,930 INFO  http.HttpServer2 (HttpServer2.java:addFilter(958)) - Added filter static_user_filter (class=org.apache.hadoop.http.lib.StaticUserWebFilter$StaticUserFilter) to context static
2019-07-14 02:44:34,930 INFO  http.HttpServer2 (HttpServer2.java:addFilter(958)) - Added filter static_user_filter (class=org.apache.hadoop.http.lib.StaticUserWebFilter$StaticUserFilter) to context logs
2019-07-14 02:44:34,931 INFO  http.HttpServer2 (HttpServer2.java:bindListener(1191)) - Jetty bound to port 45649
2019-07-14 02:44:34,932 INFO  server.Server (Server.java:doStart(351)) - jetty-9.3.24.v20180605, build timestamp: 2018-06-05T17:11:56Z, git hash: 84205aa28f11a4f31f2a3b86d1bba2cc8ab69827
2019-07-14 02:44:34,935 INFO  handler.ContextHandler (ContextHandler.java:doStart(781)) - Started o.e.j.s.ServletContextHandler@6885ed19{/logs,file:///tmp/workdir/hadoop-ozone/integration-test/target/log,AVAILABLE}
2019-07-14 02:44:34,936 INFO  handler.ContextHandler (ContextHandler.java:doStart(781)) - Started o.e.j.s.ServletContextHandler@2d4a3e13{/static,jar:file:/home/user/.m2/repository/org/apache/hadoop/hadoop-hdds-container-service/0.5.0-SNAPSHOT/hadoop-hdds-container-service-0.5.0-SNAPSHOT.jar!/webapps/static,AVAILABLE}
2019-07-14 02:44:34,977 INFO  handler.ContextHandler (ContextHandler.java:doStart(781)) - Started o.e.j.w.WebAppContext@561f9d92{/,file:///tmp/jetty-0.0.0.0-45649-hddsDatanode-_-any-7154402843185400946.dir/webapp/,AVAILABLE}{/hddsDatanode}
2019-07-14 02:44:34,977 INFO  server.AbstractConnector (AbstractConnector.java:doStart(278)) - Started ServerConnector@1c84d80a{HTTP/1.1,[http/1.1]}{0.0.0.0:45649}
2019-07-14 02:44:34,978 INFO  server.Server (Server.java:doStart(419)) - Started @7087ms
2019-07-14 02:44:34,979 INFO  server.BaseHttpServer (BaseHttpServer.java:updateConnectorAddress(207)) - HTTP server of HDDSDATANODE is listening at http://0.0.0.0:45649
2019-07-14 02:44:35,103 INFO  ozone.HddsDatanodeService (HddsDatanodeService.java:startPlugins(396)) - Started plug-in org.apache.hadoop.ozone.web.OzoneHddsDatanodeService@16f15ae9
2019-07-14 02:44:35,104 INFO  impl.MetricsSystemImpl (MetricsSystemImpl.java:init(158)) - HddsDatanode metrics system started (again)
2019-07-14 02:44:35,106 INFO  ozone.HddsDatanodeService (HddsDatanodeService.java:start(185)) - HddsDatanodeService host:trunk-nightly-k88cw-3644625431 ip:192.168.157.236
2019-07-14 02:44:35,107 INFO  util.JvmPauseMonitor (JvmPauseMonitor.java:run(188)) - Starting JVM pause monitor
2019-07-14 02:44:35,110 INFO  datanode.InitDatanodeState (InitDatanodeState.java:persistContainerDatanodeDetails(140)) - DatanodeDetails is persisted to /tmp/workdir/hadoop-ozone/integration-test/target/test-dir/MiniOzoneClusterImpl-fe579810-8e9f-469f-84e5-6868cd12b3c7/datanode-5/meta/datanode.id
2019-07-14 02:44:35,115 INFO  volume.HddsVolume (HddsVolume.java:<init>(176)) - Creating Volume: /tmp/workdir/hadoop-ozone/integration-test/target/test-dir/MiniOzoneClusterImpl-fe579810-8e9f-469f-84e5-6868cd12b3c7/datanode-6/data/containers/hdds of  storage type : DISK and capacity : 52710309888
2019-07-14 02:44:35,115 INFO  volume.VolumeSet (VolumeSet.java:initializeVolumeSet(170)) - Added Volume : /tmp/workdir/hadoop-ozone/integration-test/target/test-dir/MiniOzoneClusterImpl-fe579810-8e9f-469f-84e5-6868cd12b3c7/datanode-6/data/containers/hdds to VolumeSet
2019-07-14 02:44:35,115 INFO  volume.ThrottledAsyncChecker (ThrottledAsyncChecker.java:schedule(140)) - Scheduling a check for org.apache.hadoop.ozone.container.common.volume.HddsVolume@2b79c8ff
2019-07-14 02:44:35,116 INFO  volume.HddsVolumeChecker (HddsVolumeChecker.java:checkAllVolumes(203)) - Scheduled health check for volume org.apache.hadoop.ozone.container.common.volume.HddsVolume@2b79c8ff
2019-07-14 02:44:35,131 INFO  impl.RaftServerProxy (ConfUtils.java:logGet(43)) - raft.rpc.type = GRPC (default)
2019-07-14 02:44:35,131 INFO  grpc.GrpcFactory (GrpcFactory.java:checkPooledByteBufAllocatorUseCacheForAllThreads(45)) - PERFORMANCE WARNING: useCacheForAllThreads is true that may cause Netty to create a lot garbage objects and, as a result, trigger GC.
	It is recommended to disable useCacheForAllThreads by setting -Dorg.apache.ratis.thirdparty.io.netty.allocator.useCacheForAllThreads=false in command line.
2019-07-14 02:44:35,131 INFO  grpc.GrpcConfigKeys$Server (ConfUtils.java:logGet(43)) - raft.grpc.server.port = 0 (default)
2019-07-14 02:44:35,131 INFO  server.GrpcService (ConfUtils.java:logGet(43)) - raft.grpc.message.size.max = 33570816 (custom)
2019-07-14 02:44:35,132 INFO  server.RaftServerConfigKeys (ConfUtils.java:logGet(43)) - raft.server.log.appender.buffer.byte-limit = 33554432 (custom)
2019-07-14 02:44:35,132 INFO  server.GrpcService (ConfUtils.java:logGet(43)) - raft.grpc.flow.control.window = 1MB (=1048576) (default)
2019-07-14 02:44:35,132 INFO  server.RaftServerConfigKeys (ConfUtils.java:logGet(43)) - raft.server.rpc.request.timeout = 3000ms (default)
2019-07-14 02:44:35,132 INFO  server.RaftServerConfigKeys (ConfUtils.java:logGet(43)) - raft.server.storage.dir = [/tmp/workdir/hadoop-ozone/integration-test/target/test-dir/MiniOzoneClusterImpl-fe579810-8e9f-469f-84e5-6868cd12b3c7/datanode-6/data/ratis] (custom)
2019-07-14 02:44:35,133 INFO  replication.SimpleContainerDownloader (SimpleContainerDownloader.java:<init>(72)) - Starting container downloader service to copy containers to replicate.
2019-07-14 02:44:35,134 INFO  hdfs.DFSUtil (DFSUtil.java:httpServerTemplateForNNAndJN(1641)) - Starting Web-server for hddsDatanode at: http://0.0.0.0:0
2019-07-14 02:44:35,135 INFO  server.AuthenticationFilter (AuthenticationFilter.java:constructSecretProvider(240)) - Unable to initialize FileSignerSecretProvider, falling back to use random secrets.
2019-07-14 02:44:35,136 WARN  http.HttpRequestLog (HttpRequestLog.java:getRequestLog(97)) - Jetty request log can only be enabled using Log4j
2019-07-14 02:44:35,137 INFO  http.HttpServer2 (HttpServer2.java:addGlobalFilter(975)) - Added global filter 'safety' (class=org.apache.hadoop.http.HttpServer2$QuotingInputFilter)
2019-07-14 02:44:35,137 INFO  http.HttpServer2 (HttpServer2.java:addFilter(948)) - Added filter static_user_filter (class=org.apache.hadoop.http.lib.StaticUserWebFilter$StaticUserFilter) to context hddsDatanode
2019-07-14 02:44:35,138 INFO  http.HttpServer2 (HttpServer2.java:addFilter(958)) - Added filter static_user_filter (class=org.apache.hadoop.http.lib.StaticUserWebFilter$StaticUserFilter) to context logs
2019-07-14 02:44:35,138 INFO  http.HttpServer2 (HttpServer2.java:addFilter(958)) - Added filter static_user_filter (class=org.apache.hadoop.http.lib.StaticUserWebFilter$StaticUserFilter) to context static
2019-07-14 02:44:35,138 INFO  http.HttpServer2 (HttpServer2.java:bindListener(1191)) - Jetty bound to port 44674
2019-07-14 02:44:35,138 INFO  server.Server (Server.java:doStart(351)) - jetty-9.3.24.v20180605, build timestamp: 2018-06-05T17:11:56Z, git hash: 84205aa28f11a4f31f2a3b86d1bba2cc8ab69827
2019-07-14 02:44:35,141 INFO  handler.ContextHandler (ContextHandler.java:doStart(781)) - Started o.e.j.s.ServletContextHandler@6568f998{/logs,file:///tmp/workdir/hadoop-ozone/integration-test/target/log,AVAILABLE}
2019-07-14 02:44:35,142 INFO  handler.ContextHandler (ContextHandler.java:doStart(781)) - Started o.e.j.s.ServletContextHandler@782fd504{/static,jar:file:/home/user/.m2/repository/org/apache/hadoop/hadoop-hdds-container-service/0.5.0-SNAPSHOT/hadoop-hdds-container-service-0.5.0-SNAPSHOT.jar!/webapps/static,AVAILABLE}
2019-07-14 02:44:35,169 INFO  handler.ContextHandler (ContextHandler.java:doStart(781)) - Started o.e.j.w.WebAppContext@418f0534{/,file:///tmp/jetty-0.0.0.0-44674-hddsDatanode-_-any-8823562070352964729.dir/webapp/,AVAILABLE}{/hddsDatanode}
2019-07-14 02:44:35,169 INFO  server.AbstractConnector (AbstractConnector.java:doStart(278)) - Started ServerConnector@3dfd7eaa{HTTP/1.1,[http/1.1]}{0.0.0.0:44674}
2019-07-14 02:44:35,171 INFO  server.Server (Server.java:doStart(419)) - Started @7279ms
2019-07-14 02:44:35,171 INFO  server.BaseHttpServer (BaseHttpServer.java:updateConnectorAddress(207)) - HTTP server of HDDSDATANODE is listening at http://0.0.0.0:44674
2019-07-14 02:44:35,387 INFO  ozone.HddsDatanodeService (HddsDatanodeService.java:startPlugins(396)) - Started plug-in org.apache.hadoop.ozone.web.OzoneHddsDatanodeService@28e7bb31
2019-07-14 02:44:35,390 INFO  ozone.MiniOzoneClusterImpl (MiniOzoneClusterImpl.java:lambda$waitForClusterToBeReady$0(142)) - Waiting for cluster to be ready. Got 0 of 7 DN Heartbeats.
2019-07-14 02:44:35,390 INFO  util.JvmPauseMonitor (JvmPauseMonitor.java:run(188)) - Starting JVM pause monitor
2019-07-14 02:44:35,393 INFO  datanode.InitDatanodeState (InitDatanodeState.java:persistContainerDatanodeDetails(140)) - DatanodeDetails is persisted to /tmp/workdir/hadoop-ozone/integration-test/target/test-dir/MiniOzoneClusterImpl-fe579810-8e9f-469f-84e5-6868cd12b3c7/datanode-6/meta/datanode.id
2019-07-14 02:44:35,942 INFO  ozoneimpl.OzoneContainer (OzoneContainer.java:start(186)) - Attempting to start container services.
2019-07-14 02:44:35,944 INFO  ozoneimpl.OzoneContainer (OzoneContainer.java:startContainerScrub(160)) - Background container scrubber has been disabled by hdds.containerscrub.enabled
2019-07-14 02:44:35,944 INFO  ratis.XceiverServerRatis (XceiverServerRatis.java:start(418)) - Starting XceiverServerRatis ba15a010-51da-4352-84c4-08da6f2d0549 at port 0
2019-07-14 02:44:35,966 INFO  impl.RaftServerProxy (RaftServerProxy.java:lambda$start$3(299)) - ba15a010-51da-4352-84c4-08da6f2d0549: start RPC server
2019-07-14 02:44:36,086 INFO  server.GrpcService (GrpcService.java:startImpl(149)) - ba15a010-51da-4352-84c4-08da6f2d0549: GrpcService started, listening on 0.0.0.0/0.0.0.0:45220
2019-07-14 02:44:36,087 INFO  ratis.XceiverServerRatis (XceiverServerRatis.java:start(428)) - XceiverServerRatis ba15a010-51da-4352-84c4-08da6f2d0549 is started using port 45220
2019-07-14 02:44:36,090 INFO  server.XceiverServerGrpc (XceiverServerGrpc.java:start(161)) - XceiverServerGrpc ba15a010-51da-4352-84c4-08da6f2d0549 is started using port 36769
2019-07-14 02:44:36,153 INFO  ozoneimpl.OzoneContainer (OzoneContainer.java:start(186)) - Attempting to start container services.
2019-07-14 02:44:36,156 INFO  ozoneimpl.OzoneContainer (OzoneContainer.java:startContainerScrub(160)) - Background container scrubber has been disabled by hdds.containerscrub.enabled
2019-07-14 02:44:36,156 INFO  ratis.XceiverServerRatis (XceiverServerRatis.java:start(418)) - Starting XceiverServerRatis d24af681-3959-44cc-8250-d948d0c6ed13 at port 0
2019-07-14 02:44:36,166 INFO  impl.RaftServerProxy (RaftServerProxy.java:lambda$start$3(299)) - d24af681-3959-44cc-8250-d948d0c6ed13: start RPC server
2019-07-14 02:44:36,170 INFO  server.GrpcService (GrpcService.java:startImpl(149)) - d24af681-3959-44cc-8250-d948d0c6ed13: GrpcService started, listening on 0.0.0.0/0.0.0.0:40300
2019-07-14 02:44:36,170 INFO  ratis.XceiverServerRatis (XceiverServerRatis.java:start(428)) - XceiverServerRatis d24af681-3959-44cc-8250-d948d0c6ed13 is started using port 40300
2019-07-14 02:44:36,172 INFO  server.XceiverServerGrpc (XceiverServerGrpc.java:start(161)) - XceiverServerGrpc d24af681-3959-44cc-8250-d948d0c6ed13 is started using port 41396
2019-07-14 02:44:36,390 INFO  ozone.MiniOzoneClusterImpl (MiniOzoneClusterImpl.java:lambda$waitForClusterToBeReady$0(142)) - Waiting for cluster to be ready. Got 0 of 7 DN Heartbeats.
2019-07-14 02:44:36,406 INFO  ozoneimpl.OzoneContainer (OzoneContainer.java:start(186)) - Attempting to start container services.
2019-07-14 02:44:36,408 INFO  ozoneimpl.OzoneContainer (OzoneContainer.java:startContainerScrub(160)) - Background container scrubber has been disabled by hdds.containerscrub.enabled
2019-07-14 02:44:36,409 INFO  ratis.XceiverServerRatis (XceiverServerRatis.java:start(418)) - Starting XceiverServerRatis 66b2efc6-514d-46a0-861d-46537d529627 at port 0
2019-07-14 02:44:36,419 INFO  impl.RaftServerProxy (RaftServerProxy.java:lambda$start$3(299)) - 66b2efc6-514d-46a0-861d-46537d529627: start RPC server
2019-07-14 02:44:36,422 INFO  server.GrpcService (GrpcService.java:startImpl(149)) - 66b2efc6-514d-46a0-861d-46537d529627: GrpcService started, listening on 0.0.0.0/0.0.0.0:34912
2019-07-14 02:44:36,423 INFO  ratis.XceiverServerRatis (XceiverServerRatis.java:start(428)) - XceiverServerRatis 66b2efc6-514d-46a0-861d-46537d529627 is started using port 34912
2019-07-14 02:44:36,426 INFO  server.XceiverServerGrpc (XceiverServerGrpc.java:start(161)) - XceiverServerGrpc 66b2efc6-514d-46a0-861d-46537d529627 is started using port 33199
2019-07-14 02:44:36,667 INFO  ozoneimpl.OzoneContainer (OzoneContainer.java:start(186)) - Attempting to start container services.
2019-07-14 02:44:36,674 INFO  ozoneimpl.OzoneContainer (OzoneContainer.java:startContainerScrub(160)) - Background container scrubber has been disabled by hdds.containerscrub.enabled
2019-07-14 02:44:36,674 INFO  ratis.XceiverServerRatis (XceiverServerRatis.java:start(418)) - Starting XceiverServerRatis fc824039-8c63-4f10-92c4-37d5470c1424 at port 0
2019-07-14 02:44:36,685 INFO  impl.RaftServerProxy (RaftServerProxy.java:lambda$start$3(299)) - fc824039-8c63-4f10-92c4-37d5470c1424: start RPC server
2019-07-14 02:44:36,689 INFO  server.GrpcService (GrpcService.java:startImpl(149)) - fc824039-8c63-4f10-92c4-37d5470c1424: GrpcService started, listening on 0.0.0.0/0.0.0.0:35262
2019-07-14 02:44:36,689 INFO  ratis.XceiverServerRatis (XceiverServerRatis.java:start(428)) - XceiverServerRatis fc824039-8c63-4f10-92c4-37d5470c1424 is started using port 35262
2019-07-14 02:44:36,693 INFO  server.XceiverServerGrpc (XceiverServerGrpc.java:start(161)) - XceiverServerGrpc fc824039-8c63-4f10-92c4-37d5470c1424 is started using port 37000
2019-07-14 02:44:36,907 INFO  ozoneimpl.OzoneContainer (OzoneContainer.java:start(186)) - Attempting to start container services.
2019-07-14 02:44:36,907 INFO  ozoneimpl.OzoneContainer (OzoneContainer.java:startContainerScrub(160)) - Background container scrubber has been disabled by hdds.containerscrub.enabled
2019-07-14 02:44:36,907 INFO  ratis.XceiverServerRatis (XceiverServerRatis.java:start(418)) - Starting XceiverServerRatis bd6c4a95-4cdb-4174-b847-fd048ae710b0 at port 0
2019-07-14 02:44:36,918 INFO  impl.RaftServerProxy (RaftServerProxy.java:lambda$start$3(299)) - bd6c4a95-4cdb-4174-b847-fd048ae710b0: start RPC server
2019-07-14 02:44:36,922 INFO  server.GrpcService (GrpcService.java:startImpl(149)) - bd6c4a95-4cdb-4174-b847-fd048ae710b0: GrpcService started, listening on 0.0.0.0/0.0.0.0:37224
2019-07-14 02:44:36,922 INFO  ratis.XceiverServerRatis (XceiverServerRatis.java:start(428)) - XceiverServerRatis bd6c4a95-4cdb-4174-b847-fd048ae710b0 is started using port 37224
2019-07-14 02:44:36,926 INFO  server.XceiverServerGrpc (XceiverServerGrpc.java:start(161)) - XceiverServerGrpc bd6c4a95-4cdb-4174-b847-fd048ae710b0 is started using port 40177
2019-07-14 02:44:37,123 INFO  ozoneimpl.OzoneContainer (OzoneContainer.java:start(186)) - Attempting to start container services.
2019-07-14 02:44:37,124 INFO  ozoneimpl.OzoneContainer (OzoneContainer.java:startContainerScrub(160)) - Background container scrubber has been disabled by hdds.containerscrub.enabled
2019-07-14 02:44:37,124 INFO  ratis.XceiverServerRatis (XceiverServerRatis.java:start(418)) - Starting XceiverServerRatis c5d614ef-dafc-48c4-88f9-7d3a89976db4 at port 0
2019-07-14 02:44:37,134 INFO  impl.RaftServerProxy (RaftServerProxy.java:lambda$start$3(299)) - c5d614ef-dafc-48c4-88f9-7d3a89976db4: start RPC server
2019-07-14 02:44:37,139 INFO  server.GrpcService (GrpcService.java:startImpl(149)) - c5d614ef-dafc-48c4-88f9-7d3a89976db4: GrpcService started, listening on 0.0.0.0/0.0.0.0:44133
2019-07-14 02:44:37,139 INFO  ratis.XceiverServerRatis (XceiverServerRatis.java:start(428)) - XceiverServerRatis c5d614ef-dafc-48c4-88f9-7d3a89976db4 is started using port 44133
2019-07-14 02:44:37,143 INFO  server.XceiverServerGrpc (XceiverServerGrpc.java:start(161)) - XceiverServerGrpc c5d614ef-dafc-48c4-88f9-7d3a89976db4 is started using port 44904
2019-07-14 02:44:37,391 INFO  ozone.MiniOzoneClusterImpl (MiniOzoneClusterImpl.java:lambda$waitForClusterToBeReady$0(142)) - Waiting for cluster to be ready. Got 0 of 7 DN Heartbeats.
2019-07-14 02:44:37,408 INFO  ozoneimpl.OzoneContainer (OzoneContainer.java:start(186)) - Attempting to start container services.
2019-07-14 02:44:37,408 INFO  ozoneimpl.OzoneContainer (OzoneContainer.java:startContainerScrub(160)) - Background container scrubber has been disabled by hdds.containerscrub.enabled
2019-07-14 02:44:37,408 INFO  ratis.XceiverServerRatis (XceiverServerRatis.java:start(418)) - Starting XceiverServerRatis 242dab13-59e3-47fe-a0e1-d38b83783c72 at port 0
2019-07-14 02:44:37,417 INFO  impl.RaftServerProxy (RaftServerProxy.java:lambda$start$3(299)) - 242dab13-59e3-47fe-a0e1-d38b83783c72: start RPC server
2019-07-14 02:44:37,421 INFO  server.GrpcService (GrpcService.java:startImpl(149)) - 242dab13-59e3-47fe-a0e1-d38b83783c72: GrpcService started, listening on 0.0.0.0/0.0.0.0:37606
2019-07-14 02:44:37,422 INFO  ratis.XceiverServerRatis (XceiverServerRatis.java:start(428)) - XceiverServerRatis 242dab13-59e3-47fe-a0e1-d38b83783c72 is started using port 37606
2019-07-14 02:44:37,426 INFO  server.XceiverServerGrpc (XceiverServerGrpc.java:start(161)) - XceiverServerGrpc 242dab13-59e3-47fe-a0e1-d38b83783c72 is started using port 46632
2019-07-14 02:44:37,935 INFO  net.NetworkTopology (NetworkTopologyImpl.java:add(110)) - Added a new node: /default-rack/192.168.157.236
2019-07-14 02:44:37,935 INFO  node.SCMNodeManager (SCMNodeManager.java:register(269)) - Registered Data node : ba15a010-51da-4352-84c4-08da6f2d0549{ip: 192.168.157.236, host: trunk-nightly-k88cw-3644625431, networkLocation: /default-rack, certSerialId: null}
2019-07-14 02:44:37,944 INFO  safemode.SCMSafeModeManager (DataNodeSafeModeRule.java:process(71)) - SCM in safe mode. 1 DataNodes registered, 1 required.
2019-07-14 02:44:37,944 INFO  safemode.SCMSafeModeManager (SCMSafeModeManager.java:validateSafeModeExitRules(177)) - ScmSafeModeManager, all rules are successfully validated
2019-07-14 02:44:37,944 INFO  safemode.SCMSafeModeManager (SCMSafeModeManager.java:exitSafeMode(193)) - SCM exiting safe mode.
2019-07-14 02:44:38,140 INFO  node.SCMNodeManager (SCMNodeManager.java:register(269)) - Registered Data node : d24af681-3959-44cc-8250-d948d0c6ed13{ip: 192.168.157.236, host: trunk-nightly-k88cw-3644625431, networkLocation: /default-rack, certSerialId: null}
2019-07-14 02:44:38,404 INFO  ozone.MiniOzoneClusterImpl (MiniOzoneClusterImpl.java:lambda$waitForClusterToBeReady$0(142)) - Waiting for cluster to be ready. Got 2 of 7 DN Heartbeats.
2019-07-14 02:44:38,409 INFO  node.SCMNodeManager (SCMNodeManager.java:register(269)) - Registered Data node : 66b2efc6-514d-46a0-861d-46537d529627{ip: 192.168.157.236, host: trunk-nightly-k88cw-3644625431, networkLocation: /default-rack, certSerialId: null}
2019-07-14 02:44:38,937 INFO  node.SCMNodeManager (SCMNodeManager.java:register(269)) - Registered Data node : bd6c4a95-4cdb-4174-b847-fd048ae710b0{ip: 192.168.157.236, host: trunk-nightly-k88cw-3644625431, networkLocation: /default-rack, certSerialId: null}
2019-07-14 02:44:38,937 INFO  node.SCMNodeManager (SCMNodeManager.java:register(269)) - Registered Data node : fc824039-8c63-4f10-92c4-37d5470c1424{ip: 192.168.157.236, host: trunk-nightly-k88cw-3644625431, networkLocation: /default-rack, certSerialId: null}
2019-07-14 02:44:38,968 INFO  impl.RaftServerProxy (RaftServerProxy.java:addNew(89)) - ba15a010-51da-4352-84c4-08da6f2d0549: addNew group-3791255D92F7:[ba15a010-51da-4352-84c4-08da6f2d0549:192.168.157.236:45220] returns group-3791255D92F7:java.util.concurrent.CompletableFuture@1ac07301[Not completed]
2019-07-14 02:44:38,988 INFO  impl.RaftServerImpl (RaftServerImpl.java:<init>(93)) - ba15a010-51da-4352-84c4-08da6f2d0549: new RaftServerImpl for group-3791255D92F7:[ba15a010-51da-4352-84c4-08da6f2d0549:192.168.157.236:45220] with ContainerStateMachine:uninitialized
2019-07-14 02:44:38,990 INFO  server.RaftServerConfigKeys (ConfUtils.java:logGet(43)) - raft.server.rpc.timeout.min = 5s (custom)
2019-07-14 02:44:38,991 INFO  server.RaftServerConfigKeys (ConfUtils.java:logGet(43)) - raft.server.rpc.timeout.max = 5200ms (custom)
2019-07-14 02:44:38,991 INFO  server.RaftServerConfigKeys (ConfUtils.java:logGet(43)) - raft.server.rpcslowness.timeout = 120s (custom)
2019-07-14 02:44:38,992 INFO  server.RaftServerConfigKeys (ConfUtils.java:logGet(43)) - raft.server.sleep.deviation.threshold = 300 (default)
2019-07-14 02:44:38,993 INFO  server.RaftServerConfigKeys (ConfUtils.java:logGet(43)) - raft.server.log.appender.install.snapshot.enabled = false (custom)
2019-07-14 02:44:39,001 INFO  impl.RaftServerImpl (ServerState.java:<init>(105)) - ba15a010-51da-4352-84c4-08da6f2d0549:group-3791255D92F7 ConfigurationManager, init=-1: [ba15a010-51da-4352-84c4-08da6f2d0549:192.168.157.236:45220], old=null, confs=<EMPTY_MAP>
2019-07-14 02:44:39,002 INFO  server.RaftServerConfigKeys (ConfUtils.java:logGet(43)) - raft.server.storage.dir = [/tmp/workdir/hadoop-ozone/integration-test/target/test-dir/MiniOzoneClusterImpl-fe579810-8e9f-469f-84e5-6868cd12b3c7/datanode-0/data/ratis] (custom)
2019-07-14 02:44:39,009 INFO  storage.RaftStorageDirectory (RaftStorageDirectory.java:analyzeStorage(246)) - The storage directory /tmp/workdir/hadoop-ozone/integration-test/target/test-dir/MiniOzoneClusterImpl-fe579810-8e9f-469f-84e5-6868cd12b3c7/datanode-0/data/ratis/26e53e36-52f3-4a53-8910-3791255d92f7 does not exist. Creating ...
2019-07-14 02:44:39,027 INFO  storage.RaftStorageDirectory (RaftStorageDirectory.java:tryLock(328)) - Lock on /tmp/workdir/hadoop-ozone/integration-test/target/test-dir/MiniOzoneClusterImpl-fe579810-8e9f-469f-84e5-6868cd12b3c7/datanode-0/data/ratis/26e53e36-52f3-4a53-8910-3791255d92f7/in_use.lock acquired by nodename 24822@trunk-nightly-k88cw-3644625431
2019-07-14 02:44:39,042 INFO  storage.RaftStorage (RaftStorage.java:format(72)) - Storage directory /tmp/workdir/hadoop-ozone/integration-test/target/test-dir/MiniOzoneClusterImpl-fe579810-8e9f-469f-84e5-6868cd12b3c7/datanode-0/data/ratis/26e53e36-52f3-4a53-8910-3791255d92f7 has been successfully formatted.
2019-07-14 02:44:39,044 INFO  ratis.ContainerStateMachine (ContainerStateMachine.java:loadSnapshot(200)) - The snapshot info is null.Setting the last applied index to:(t:0, i:~)
2019-07-14 02:44:39,044 INFO  server.RaftServerConfigKeys (ConfUtils.java:logGet(43)) - raft.server.leader.election.timeout = 120s (custom)
2019-07-14 02:44:39,046 INFO  server.RaftServerConfigKeys (ConfUtils.java:logGet(43)) - raft.server.log.use.memory = false (default)
2019-07-14 02:44:39,052 INFO  server.RaftServerConfigKeys (ConfUtils.java:logGet(43)) - raft.server.log.purge.gap = 1000000000 (custom)
2019-07-14 02:44:39,052 INFO  server.RaftServerConfigKeys (ConfUtils.java:logGet(43)) - raft.server.log.appender.buffer.byte-limit = 33554432 (custom)
2019-07-14 02:44:39,054 INFO  server.RaftServerConfigKeys (ConfUtils.java:logGet(43)) - raft.server.log.segment.size.max = 1048576 (custom)
2019-07-14 02:44:39,059 INFO  server.RaftServerConfigKeys (ConfUtils.java:logGet(43)) - raft.server.log.segment.cache.num.max = 2 (custom)
2019-07-14 02:44:39,064 INFO  segmented.SegmentedRaftLogWorker (SegmentedRaftLogWorker.java:<init>(172)) - new ba15a010-51da-4352-84c4-08da6f2d0549-SegmentedRaftLogWorker:Storage Directory /tmp/workdir/hadoop-ozone/integration-test/target/test-dir/MiniOzoneClusterImpl-fe579810-8e9f-469f-84e5-6868cd12b3c7/datanode-0/data/ratis/26e53e36-52f3-4a53-8910-3791255d92f7 for RaftStorage:Storage Directory /tmp/workdir/hadoop-ozone/integration-test/target/test-dir/MiniOzoneClusterImpl-fe579810-8e9f-469f-84e5-6868cd12b3c7/datanode-0/data/ratis/26e53e36-52f3-4a53-8910-3791255d92f7
2019-07-14 02:44:39,076 INFO  server.RaftServerConfigKeys (ConfUtils.java:logGet(43)) - raft.server.log.queue.byte-limit = 2147483647 (custom)
2019-07-14 02:44:39,076 INFO  server.RaftServerConfigKeys (ConfUtils.java:logGet(43)) - raft.server.log.queue.element-limit = 1024 (custom)
2019-07-14 02:44:39,081 INFO  server.RaftServerConfigKeys (ConfUtils.java:logGet(43)) - raft.server.log.segment.size.max = 1048576 (custom)
2019-07-14 02:44:39,081 INFO  server.RaftServerConfigKeys (ConfUtils.java:logGet(43)) - raft.server.log.preallocated.size = 16384 (custom)
2019-07-14 02:44:39,082 INFO  server.RaftServerConfigKeys (ConfUtils.java:logGet(43)) - raft.server.log.write.buffer.size = 33554432 (custom)
2019-07-14 02:44:39,082 INFO  server.RaftServerConfigKeys (ConfUtils.java:logGet(43)) - raft.server.log.force.sync.num = 128 (default)
2019-07-14 02:44:39,083 INFO  server.RaftServerConfigKeys (ConfUtils.java:logGet(43)) - raft.server.log.statemachine.data.sync = true (default)
2019-07-14 02:44:39,083 INFO  server.RaftServerConfigKeys (ConfUtils.java:logGet(43)) - raft.server.log.statemachine.data.sync.timeout = 10s (default)
2019-07-14 02:44:39,084 INFO  server.RaftServerConfigKeys (ConfUtils.java:logGet(43)) - raft.server.log.statemachine.data.sync.timeout.retry = -1 (default)
2019-07-14 02:44:39,092 INFO  server.RaftServerConfigKeys (ConfUtils.java:logGet(43)) - raft.server.log.statemachine.data.caching.enabled = true (custom)
2019-07-14 02:44:39,096 INFO  segmented.SegmentedRaftLogWorker (SegmentedRaftLogWorker.java:lambda$new$0(132)) - ba15a010-51da-4352-84c4-08da6f2d0549-SegmentedRaftLogWorker:Storage Directory /tmp/workdir/hadoop-ozone/integration-test/target/test-dir/MiniOzoneClusterImpl-fe579810-8e9f-469f-84e5-6868cd12b3c7/datanode-0/data/ratis/26e53e36-52f3-4a53-8910-3791255d92f7: flushIndex: setUnconditionally 0 -> -1
2019-07-14 02:44:39,100 INFO  server.RaftServerConfigKeys (ConfUtils.java:logGet(43)) - raft.server.snapshot.auto.trigger.enabled = true (custom)
2019-07-14 02:44:39,100 INFO  server.RaftServerConfigKeys (ConfUtils.java:logGet(43)) - raft.server.snapshot.auto.trigger.threshold = 10000 (custom)
2019-07-14 02:44:39,101 INFO  server.RaftServerConfigKeys (ConfUtils.java:logGet(43)) - raft.server.retrycache.expirytime = 600000ms (custom)
2019-07-14 02:44:39,111 INFO  node.SCMNodeManager (SCMNodeManager.java:register(269)) - Registered Data node : c5d614ef-dafc-48c4-88f9-7d3a89976db4{ip: 192.168.157.236, host: trunk-nightly-k88cw-3644625431, networkLocation: /default-rack, certSerialId: null}
2019-07-14 02:44:39,123 INFO  impl.RaftServerImpl (RaftServerImpl.java:start(180)) - ba15a010-51da-4352-84c4-08da6f2d0549: start group-3791255D92F7
2019-07-14 02:44:39,124 INFO  impl.RaftServerImpl (RaftServerImpl.java:setRole(171)) - ba15a010-51da-4352-84c4-08da6f2d0549:group-3791255D92F7 changes role from null to FOLLOWER at term 0 for startAsFollower
2019-07-14 02:44:39,125 INFO  impl.RoleInfo (RoleInfo.java:updateAndGet(143)) - ba15a010-51da-4352-84c4-08da6f2d0549: start FollowerState
2019-07-14 02:44:39,127 INFO  util.JmxRegister (JmxRegister.java:tryRegister(44)) - Successfully registered JMX Bean with object name Ratis:service=RaftServer,group=group-3791255D92F7,id=ba15a010-51da-4352-84c4-08da6f2d0549
2019-07-14 02:44:39,193 INFO  pipeline.PipelineStateManager (PipelineStateManager.java:addPipeline(56)) - Created pipeline Pipeline[ Id: 26e53e36-52f3-4a53-8910-3791255d92f7, Nodes: ba15a010-51da-4352-84c4-08da6f2d0549{ip: 192.168.157.236, host: trunk-nightly-k88cw-3644625431, networkLocation: /default-rack, certSerialId: null}, Type:RATIS, Factor:ONE, State:OPEN]
2019-07-14 02:44:39,223 INFO  impl.RaftServerProxy (RaftServerProxy.java:addNew(89)) - fc824039-8c63-4f10-92c4-37d5470c1424: addNew group-2B1D467AC54E:[fc824039-8c63-4f10-92c4-37d5470c1424:192.168.157.236:35262] returns group-2B1D467AC54E:java.util.concurrent.CompletableFuture@41954ae1[Not completed]
2019-07-14 02:44:39,279 INFO  impl.RaftServerImpl (RaftServerImpl.java:<init>(93)) - fc824039-8c63-4f10-92c4-37d5470c1424: new RaftServerImpl for group-2B1D467AC54E:[fc824039-8c63-4f10-92c4-37d5470c1424:192.168.157.236:35262] with ContainerStateMachine:uninitialized
2019-07-14 02:44:39,280 INFO  server.RaftServerConfigKeys (ConfUtils.java:logGet(43)) - raft.server.rpc.timeout.min = 5s (custom)
2019-07-14 02:44:39,281 INFO  server.RaftServerConfigKeys (ConfUtils.java:logGet(43)) - raft.server.rpc.timeout.max = 5200ms (custom)
2019-07-14 02:44:39,281 INFO  server.RaftServerConfigKeys (ConfUtils.java:logGet(43)) - raft.server.rpcslowness.timeout = 120s (custom)
2019-07-14 02:44:39,281 INFO  server.RaftServerConfigKeys (ConfUtils.java:logGet(43)) - raft.server.sleep.deviation.threshold = 300 (default)
2019-07-14 02:44:39,281 INFO  server.RaftServerConfigKeys (ConfUtils.java:logGet(43)) - raft.server.log.appender.install.snapshot.enabled = false (custom)
2019-07-14 02:44:39,281 INFO  impl.RaftServerImpl (ServerState.java:<init>(105)) - fc824039-8c63-4f10-92c4-37d5470c1424:group-2B1D467AC54E ConfigurationManager, init=-1: [fc824039-8c63-4f10-92c4-37d5470c1424:192.168.157.236:35262], old=null, confs=<EMPTY_MAP>
2019-07-14 02:44:39,282 INFO  server.RaftServerConfigKeys (ConfUtils.java:logGet(43)) - raft.server.storage.dir = [/tmp/workdir/hadoop-ozone/integration-test/target/test-dir/MiniOzoneClusterImpl-fe579810-8e9f-469f-84e5-6868cd12b3c7/datanode-3/data/ratis] (custom)
2019-07-14 02:44:39,282 INFO  storage.RaftStorageDirectory (RaftStorageDirectory.java:analyzeStorage(246)) - The storage directory /tmp/workdir/hadoop-ozone/integration-test/target/test-dir/MiniOzoneClusterImpl-fe579810-8e9f-469f-84e5-6868cd12b3c7/datanode-3/data/ratis/d1d7f9a9-b161-4662-a813-2b1d467ac54e does not exist. Creating ...
2019-07-14 02:44:39,296 INFO  storage.RaftStorageDirectory (RaftStorageDirectory.java:tryLock(328)) - Lock on /tmp/workdir/hadoop-ozone/integration-test/target/test-dir/MiniOzoneClusterImpl-fe579810-8e9f-469f-84e5-6868cd12b3c7/datanode-3/data/ratis/d1d7f9a9-b161-4662-a813-2b1d467ac54e/in_use.lock acquired by nodename 24822@trunk-nightly-k88cw-3644625431
2019-07-14 02:44:39,314 INFO  storage.RaftStorage (RaftStorage.java:format(72)) - Storage directory /tmp/workdir/hadoop-ozone/integration-test/target/test-dir/MiniOzoneClusterImpl-fe579810-8e9f-469f-84e5-6868cd12b3c7/datanode-3/data/ratis/d1d7f9a9-b161-4662-a813-2b1d467ac54e has been successfully formatted.
2019-07-14 02:44:39,316 INFO  ratis.ContainerStateMachine (ContainerStateMachine.java:loadSnapshot(200)) - The snapshot info is null.Setting the last applied index to:(t:0, i:~)
2019-07-14 02:44:39,318 INFO  server.RaftServerConfigKeys (ConfUtils.java:logGet(43)) - raft.server.leader.election.timeout = 120s (custom)
2019-07-14 02:44:39,318 INFO  server.RaftServerConfigKeys (ConfUtils.java:logGet(43)) - raft.server.log.use.memory = false (default)
2019-07-14 02:44:39,318 INFO  server.RaftServerConfigKeys (ConfUtils.java:logGet(43)) - raft.server.log.purge.gap = 1000000000 (custom)
2019-07-14 02:44:39,318 INFO  server.RaftServerConfigKeys (ConfUtils.java:logGet(43)) - raft.server.log.appender.buffer.byte-limit = 33554432 (custom)
2019-07-14 02:44:39,319 INFO  server.RaftServerConfigKeys (ConfUtils.java:logGet(43)) - raft.server.log.segment.size.max = 1048576 (custom)
2019-07-14 02:44:39,319 INFO  server.RaftServerConfigKeys (ConfUtils.java:logGet(43)) - raft.server.log.segment.cache.num.max = 2 (custom)
2019-07-14 02:44:39,319 INFO  segmented.SegmentedRaftLogWorker (SegmentedRaftLogWorker.java:<init>(172)) - new fc824039-8c63-4f10-92c4-37d5470c1424-SegmentedRaftLogWorker:Storage Directory /tmp/workdir/hadoop-ozone/integration-test/target/test-dir/MiniOzoneClusterImpl-fe579810-8e9f-469f-84e5-6868cd12b3c7/datanode-3/data/ratis/d1d7f9a9-b161-4662-a813-2b1d467ac54e for RaftStorage:Storage Directory /tmp/workdir/hadoop-ozone/integration-test/target/test-dir/MiniOzoneClusterImpl-fe579810-8e9f-469f-84e5-6868cd12b3c7/datanode-3/data/ratis/d1d7f9a9-b161-4662-a813-2b1d467ac54e
2019-07-14 02:44:39,321 INFO  server.RaftServerConfigKeys (ConfUtils.java:logGet(43)) - raft.server.log.queue.byte-limit = 2147483647 (custom)
2019-07-14 02:44:39,321 INFO  server.RaftServerConfigKeys (ConfUtils.java:logGet(43)) - raft.server.log.queue.element-limit = 1024 (custom)
2019-07-14 02:44:39,322 INFO  server.RaftServerConfigKeys (ConfUtils.java:logGet(43)) - raft.server.log.segment.size.max = 1048576 (custom)
2019-07-14 02:44:39,322 INFO  server.RaftServerConfigKeys (ConfUtils.java:logGet(43)) - raft.server.log.preallocated.size = 16384 (custom)
2019-07-14 02:44:39,322 INFO  server.RaftServerConfigKeys (ConfUtils.java:logGet(43)) - raft.server.log.write.buffer.size = 33554432 (custom)
2019-07-14 02:44:39,322 INFO  server.RaftServerConfigKeys (ConfUtils.java:logGet(43)) - raft.server.log.force.sync.num = 128 (default)
2019-07-14 02:44:39,322 INFO  server.RaftServerConfigKeys (ConfUtils.java:logGet(43)) - raft.server.log.statemachine.data.sync = true (default)
2019-07-14 02:44:39,323 INFO  server.RaftServerConfigKeys (ConfUtils.java:logGet(43)) - raft.server.log.statemachine.data.sync.timeout = 10s (default)
2019-07-14 02:44:39,323 INFO  server.RaftServerConfigKeys (ConfUtils.java:logGet(43)) - raft.server.log.statemachine.data.sync.timeout.retry = -1 (default)
2019-07-14 02:44:39,323 INFO  server.RaftServerConfigKeys (ConfUtils.java:logGet(43)) - raft.server.log.statemachine.data.caching.enabled = true (custom)
2019-07-14 02:44:39,324 INFO  segmented.SegmentedRaftLogWorker (SegmentedRaftLogWorker.java:lambda$new$0(132)) - fc824039-8c63-4f10-92c4-37d5470c1424-SegmentedRaftLogWorker:Storage Directory /tmp/workdir/hadoop-ozone/integration-test/target/test-dir/MiniOzoneClusterImpl-fe579810-8e9f-469f-84e5-6868cd12b3c7/datanode-3/data/ratis/d1d7f9a9-b161-4662-a813-2b1d467ac54e: flushIndex: setUnconditionally 0 -> -1
2019-07-14 02:44:39,324 INFO  server.RaftServerConfigKeys (ConfUtils.java:logGet(43)) - raft.server.snapshot.auto.trigger.enabled = true (custom)
2019-07-14 02:44:39,324 INFO  server.RaftServerConfigKeys (ConfUtils.java:logGet(43)) - raft.server.snapshot.auto.trigger.threshold = 10000 (custom)
2019-07-14 02:44:39,325 INFO  server.RaftServerConfigKeys (ConfUtils.java:logGet(43)) - raft.server.retrycache.expirytime = 600000ms (custom)
2019-07-14 02:44:39,325 INFO  impl.RaftServerImpl (RaftServerImpl.java:start(180)) - fc824039-8c63-4f10-92c4-37d5470c1424: start group-2B1D467AC54E
2019-07-14 02:44:39,325 INFO  impl.RaftServerImpl (RaftServerImpl.java:setRole(171)) - fc824039-8c63-4f10-92c4-37d5470c1424:group-2B1D467AC54E changes role from null to FOLLOWER at term 0 for startAsFollower
2019-07-14 02:44:39,325 INFO  impl.RoleInfo (RoleInfo.java:updateAndGet(143)) - fc824039-8c63-4f10-92c4-37d5470c1424: start FollowerState
2019-07-14 02:44:39,328 INFO  util.JmxRegister (JmxRegister.java:tryRegister(44)) - Successfully registered JMX Bean with object name Ratis:service=RaftServer,group=group-2B1D467AC54E,id=fc824039-8c63-4f10-92c4-37d5470c1424
2019-07-14 02:44:39,345 INFO  pipeline.PipelineStateManager (PipelineStateManager.java:addPipeline(56)) - Created pipeline Pipeline[ Id: d1d7f9a9-b161-4662-a813-2b1d467ac54e, Nodes: fc824039-8c63-4f10-92c4-37d5470c1424{ip: 192.168.157.236, host: trunk-nightly-k88cw-3644625431, networkLocation: /default-rack, certSerialId: null}, Type:RATIS, Factor:ONE, State:OPEN]
2019-07-14 02:44:39,376 INFO  impl.RaftServerProxy (RaftServerProxy.java:addNew(89)) - c5d614ef-dafc-48c4-88f9-7d3a89976db4: addNew group-F2468BD22321:[c5d614ef-dafc-48c4-88f9-7d3a89976db4:192.168.157.236:44133] returns group-F2468BD22321:java.util.concurrent.CompletableFuture@42b700de[Not completed]
2019-07-14 02:44:39,388 INFO  impl.RaftServerImpl (RaftServerImpl.java:<init>(93)) - c5d614ef-dafc-48c4-88f9-7d3a89976db4: new RaftServerImpl for group-F2468BD22321:[c5d614ef-dafc-48c4-88f9-7d3a89976db4:192.168.157.236:44133] with ContainerStateMachine:uninitialized
2019-07-14 02:44:39,388 INFO  server.RaftServerConfigKeys (ConfUtils.java:logGet(43)) - raft.server.rpc.timeout.min = 5s (custom)
2019-07-14 02:44:39,389 INFO  server.RaftServerConfigKeys (ConfUtils.java:logGet(43)) - raft.server.rpc.timeout.max = 5200ms (custom)
2019-07-14 02:44:39,389 INFO  server.RaftServerConfigKeys (ConfUtils.java:logGet(43)) - raft.server.rpcslowness.timeout = 120s (custom)
2019-07-14 02:44:39,389 INFO  server.RaftServerConfigKeys (ConfUtils.java:logGet(43)) - raft.server.sleep.deviation.threshold = 300 (default)
2019-07-14 02:44:39,389 INFO  server.RaftServerConfigKeys (ConfUtils.java:logGet(43)) - raft.server.log.appender.install.snapshot.enabled = false (custom)
2019-07-14 02:44:39,389 INFO  impl.RaftServerImpl (ServerState.java:<init>(105)) - c5d614ef-dafc-48c4-88f9-7d3a89976db4:group-F2468BD22321 ConfigurationManager, init=-1: [c5d614ef-dafc-48c4-88f9-7d3a89976db4:192.168.157.236:44133], old=null, confs=<EMPTY_MAP>
2019-07-14 02:44:39,390 INFO  server.RaftServerConfigKeys (ConfUtils.java:logGet(43)) - raft.server.storage.dir = [/tmp/workdir/hadoop-ozone/integration-test/target/test-dir/MiniOzoneClusterImpl-fe579810-8e9f-469f-84e5-6868cd12b3c7/datanode-5/data/ratis] (custom)
2019-07-14 02:44:39,390 INFO  storage.RaftStorageDirectory (RaftStorageDirectory.java:analyzeStorage(246)) - The storage directory /tmp/workdir/hadoop-ozone/integration-test/target/test-dir/MiniOzoneClusterImpl-fe579810-8e9f-469f-84e5-6868cd12b3c7/datanode-5/data/ratis/36a7a228-70f4-49bb-bea9-f2468bd22321 does not exist. Creating ...
2019-07-14 02:44:39,394 INFO  node.SCMNodeManager (SCMNodeManager.java:register(269)) - Registered Data node : 242dab13-59e3-47fe-a0e1-d38b83783c72{ip: 192.168.157.236, host: trunk-nightly-k88cw-3644625431, networkLocation: /default-rack, certSerialId: null}
2019-07-14 02:44:39,403 INFO  storage.RaftStorageDirectory (RaftStorageDirectory.java:tryLock(328)) - Lock on /tmp/workdir/hadoop-ozone/integration-test/target/test-dir/MiniOzoneClusterImpl-fe579810-8e9f-469f-84e5-6868cd12b3c7/datanode-5/data/ratis/36a7a228-70f4-49bb-bea9-f2468bd22321/in_use.lock acquired by nodename 24822@trunk-nightly-k88cw-3644625431
2019-07-14 02:44:39,405 INFO  ozone.MiniOzoneClusterImpl (MiniOzoneClusterImpl.java:lambda$waitForClusterToBeReady$0(142)) - Cluster is ready. Got 7 of 7 DN Heartbeats.
2019-07-14 02:44:39,417 INFO  storage.RaftStorage (RaftStorage.java:format(72)) - Storage directory /tmp/workdir/hadoop-ozone/integration-test/target/test-dir/MiniOzoneClusterImpl-fe579810-8e9f-469f-84e5-6868cd12b3c7/datanode-5/data/ratis/36a7a228-70f4-49bb-bea9-f2468bd22321 has been successfully formatted.
2019-07-14 02:44:39,417 INFO  ratis.ContainerStateMachine (ContainerStateMachine.java:loadSnapshot(200)) - The snapshot info is null.Setting the last applied index to:(t:0, i:~)
2019-07-14 02:44:39,417 INFO  server.RaftServerConfigKeys (ConfUtils.java:logGet(43)) - raft.server.leader.election.timeout = 120s (custom)
2019-07-14 02:44:39,418 INFO  server.RaftServerConfigKeys (ConfUtils.java:logGet(43)) - raft.server.log.use.memory = false (default)
2019-07-14 02:44:39,418 INFO  server.RaftServerConfigKeys (ConfUtils.java:logGet(43)) - raft.server.log.purge.gap = 1000000000 (custom)
2019-07-14 02:44:39,418 INFO  server.RaftServerConfigKeys (ConfUtils.java:logGet(43)) - raft.server.log.appender.buffer.byte-limit = 33554432 (custom)
2019-07-14 02:44:39,418 INFO  server.RaftServerConfigKeys (ConfUtils.java:logGet(43)) - raft.server.log.segment.size.max = 1048576 (custom)
2019-07-14 02:44:39,418 INFO  server.RaftServerConfigKeys (ConfUtils.java:logGet(43)) - raft.server.log.segment.cache.num.max = 2 (custom)
2019-07-14 02:44:39,419 INFO  segmented.SegmentedRaftLogWorker (SegmentedRaftLogWorker.java:<init>(172)) - new c5d614ef-dafc-48c4-88f9-7d3a89976db4-SegmentedRaftLogWorker:Storage Directory /tmp/workdir/hadoop-ozone/integration-test/target/test-dir/MiniOzoneClusterImpl-fe579810-8e9f-469f-84e5-6868cd12b3c7/datanode-5/data/ratis/36a7a228-70f4-49bb-bea9-f2468bd22321 for RaftStorage:Storage Directory /tmp/workdir/hadoop-ozone/integration-test/target/test-dir/MiniOzoneClusterImpl-fe579810-8e9f-469f-84e5-6868cd12b3c7/datanode-5/data/ratis/36a7a228-70f4-49bb-bea9-f2468bd22321
2019-07-14 02:44:39,419 INFO  server.RaftServerConfigKeys (ConfUtils.java:logGet(43)) - raft.server.log.queue.byte-limit = 2147483647 (custom)
2019-07-14 02:44:39,419 INFO  server.RaftServerConfigKeys (ConfUtils.java:logGet(43)) - raft.server.log.queue.element-limit = 1024 (custom)
2019-07-14 02:44:39,419 INFO  server.RaftServerConfigKeys (ConfUtils.java:logGet(43)) - raft.server.log.segment.size.max = 1048576 (custom)
2019-07-14 02:44:39,420 INFO  server.RaftServerConfigKeys (ConfUtils.java:logGet(43)) - raft.server.log.preallocated.size = 16384 (custom)
2019-07-14 02:44:39,420 INFO  server.RaftServerConfigKeys (ConfUtils.java:logGet(43)) - raft.server.log.write.buffer.size = 33554432 (custom)
2019-07-14 02:44:39,420 INFO  server.RaftServerConfigKeys (ConfUtils.java:logGet(43)) - raft.server.log.force.sync.num = 128 (default)
2019-07-14 02:44:39,420 INFO  server.RaftServerConfigKeys (ConfUtils.java:logGet(43)) - raft.server.log.statemachine.data.sync = true (default)
2019-07-14 02:44:39,421 INFO  server.RaftServerConfigKeys (ConfUtils.java:logGet(43)) - raft.server.log.statemachine.data.sync.timeout = 10s (default)
2019-07-14 02:44:39,421 INFO  server.RaftServerConfigKeys (ConfUtils.java:logGet(43)) - raft.server.log.statemachine.data.sync.timeout.retry = -1 (default)
2019-07-14 02:44:39,421 INFO  server.RaftServerConfigKeys (ConfUtils.java:logGet(43)) - raft.server.log.statemachine.data.caching.enabled = true (custom)
2019-07-14 02:44:39,422 INFO  segmented.SegmentedRaftLogWorker (SegmentedRaftLogWorker.java:lambda$new$0(132)) - c5d614ef-dafc-48c4-88f9-7d3a89976db4-SegmentedRaftLogWorker:Storage Directory /tmp/workdir/hadoop-ozone/integration-test/target/test-dir/MiniOzoneClusterImpl-fe579810-8e9f-469f-84e5-6868cd12b3c7/datanode-5/data/ratis/36a7a228-70f4-49bb-bea9-f2468bd22321: flushIndex: setUnconditionally 0 -> -1
2019-07-14 02:44:39,422 INFO  server.RaftServerConfigKeys (ConfUtils.java:logGet(43)) - raft.server.snapshot.auto.trigger.enabled = true (custom)
2019-07-14 02:44:39,422 INFO  server.RaftServerConfigKeys (ConfUtils.java:logGet(43)) - raft.server.snapshot.auto.trigger.threshold = 10000 (custom)
2019-07-14 02:44:39,423 INFO  server.RaftServerConfigKeys (ConfUtils.java:logGet(43)) - raft.server.retrycache.expirytime = 600000ms (custom)
2019-07-14 02:44:39,423 INFO  impl.RaftServerImpl (RaftServerImpl.java:start(180)) - c5d614ef-dafc-48c4-88f9-7d3a89976db4: start group-F2468BD22321
2019-07-14 02:44:39,423 INFO  impl.RaftServerImpl (RaftServerImpl.java:setRole(171)) - c5d614ef-dafc-48c4-88f9-7d3a89976db4:group-F2468BD22321 changes role from null to FOLLOWER at term 0 for startAsFollower
2019-07-14 02:44:39,423 INFO  impl.RoleInfo (RoleInfo.java:updateAndGet(143)) - c5d614ef-dafc-48c4-88f9-7d3a89976db4: start FollowerState
2019-07-14 02:44:39,424 INFO  util.JmxRegister (JmxRegister.java:tryRegister(44)) - Successfully registered JMX Bean with object name Ratis:service=RaftServer,group=group-F2468BD22321,id=c5d614ef-dafc-48c4-88f9-7d3a89976db4
2019-07-14 02:44:39,461 INFO  pipeline.PipelineStateManager (PipelineStateManager.java:addPipeline(56)) - Created pipeline Pipeline[ Id: 36a7a228-70f4-49bb-bea9-f2468bd22321, Nodes: c5d614ef-dafc-48c4-88f9-7d3a89976db4{ip: 192.168.157.236, host: trunk-nightly-k88cw-3644625431, networkLocation: /default-rack, certSerialId: null}, Type:RATIS, Factor:ONE, State:OPEN]
2019-07-14 02:44:39,490 INFO  impl.RaftServerProxy (RaftServerProxy.java:addNew(89)) - 66b2efc6-514d-46a0-861d-46537d529627: addNew group-16B961C23FBB:[66b2efc6-514d-46a0-861d-46537d529627:192.168.157.236:34912] returns group-16B961C23FBB:java.util.concurrent.CompletableFuture@1c84d714[Not completed]
2019-07-14 02:44:39,499 INFO  impl.RaftServerImpl (RaftServerImpl.java:<init>(93)) - 66b2efc6-514d-46a0-861d-46537d529627: new RaftServerImpl for group-16B961C23FBB:[66b2efc6-514d-46a0-861d-46537d529627:192.168.157.236:34912] with ContainerStateMachine:uninitialized
2019-07-14 02:44:39,499 INFO  server.RaftServerConfigKeys (ConfUtils.java:logGet(43)) - raft.server.rpc.timeout.min = 5s (custom)
2019-07-14 02:44:39,499 INFO  server.RaftServerConfigKeys (ConfUtils.java:logGet(43)) - raft.server.rpc.timeout.max = 5200ms (custom)
2019-07-14 02:44:39,500 INFO  server.RaftServerConfigKeys (ConfUtils.java:logGet(43)) - raft.server.rpcslowness.timeout = 120s (custom)
2019-07-14 02:44:39,500 INFO  server.RaftServerConfigKeys (ConfUtils.java:logGet(43)) - raft.server.sleep.deviation.threshold = 300 (default)
2019-07-14 02:44:39,500 INFO  server.RaftServerConfigKeys (ConfUtils.java:logGet(43)) - raft.server.log.appender.install.snapshot.enabled = false (custom)
2019-07-14 02:44:39,500 INFO  impl.RaftServerImpl (ServerState.java:<init>(105)) - 66b2efc6-514d-46a0-861d-46537d529627:group-16B961C23FBB ConfigurationManager, init=-1: [66b2efc6-514d-46a0-861d-46537d529627:192.168.157.236:34912], old=null, confs=<EMPTY_MAP>
2019-07-14 02:44:39,500 INFO  server.RaftServerConfigKeys (ConfUtils.java:logGet(43)) - raft.server.storage.dir = [/tmp/workdir/hadoop-ozone/integration-test/target/test-dir/MiniOzoneClusterImpl-fe579810-8e9f-469f-84e5-6868cd12b3c7/datanode-2/data/ratis] (custom)
2019-07-14 02:44:39,501 INFO  storage.RaftStorageDirectory (RaftStorageDirectory.java:analyzeStorage(246)) - The storage directory /tmp/workdir/hadoop-ozone/integration-test/target/test-dir/MiniOzoneClusterImpl-fe579810-8e9f-469f-84e5-6868cd12b3c7/datanode-2/data/ratis/a01aacf0-7496-4d18-b544-16b961c23fbb does not exist. Creating ...
2019-07-14 02:44:39,515 INFO  storage.RaftStorageDirectory (RaftStorageDirectory.java:tryLock(328)) - Lock on /tmp/workdir/hadoop-ozone/integration-test/target/test-dir/MiniOzoneClusterImpl-fe579810-8e9f-469f-84e5-6868cd12b3c7/datanode-2/data/ratis/a01aacf0-7496-4d18-b544-16b961c23fbb/in_use.lock acquired by nodename 24822@trunk-nightly-k88cw-3644625431
2019-07-14 02:44:39,528 INFO  storage.RaftStorage (RaftStorage.java:format(72)) - Storage directory /tmp/workdir/hadoop-ozone/integration-test/target/test-dir/MiniOzoneClusterImpl-fe579810-8e9f-469f-84e5-6868cd12b3c7/datanode-2/data/ratis/a01aacf0-7496-4d18-b544-16b961c23fbb has been successfully formatted.
2019-07-14 02:44:39,529 INFO  ratis.ContainerStateMachine (ContainerStateMachine.java:loadSnapshot(200)) - The snapshot info is null.Setting the last applied index to:(t:0, i:~)
2019-07-14 02:44:39,529 INFO  server.RaftServerConfigKeys (ConfUtils.java:logGet(43)) - raft.server.leader.election.timeout = 120s (custom)
2019-07-14 02:44:39,529 INFO  server.RaftServerConfigKeys (ConfUtils.java:logGet(43)) - raft.server.log.use.memory = false (default)
2019-07-14 02:44:39,529 INFO  server.RaftServerConfigKeys (ConfUtils.java:logGet(43)) - raft.server.log.purge.gap = 1000000000 (custom)
2019-07-14 02:44:39,529 INFO  server.RaftServerConfigKeys (ConfUtils.java:logGet(43)) - raft.server.log.appender.buffer.byte-limit = 33554432 (custom)
2019-07-14 02:44:39,530 INFO  server.RaftServerConfigKeys (ConfUtils.java:logGet(43)) - raft.server.log.segment.size.max = 1048576 (custom)
2019-07-14 02:44:39,530 INFO  server.RaftServerConfigKeys (ConfUtils.java:logGet(43)) - raft.server.log.segment.cache.num.max = 2 (custom)
2019-07-14 02:44:39,530 INFO  segmented.SegmentedRaftLogWorker (SegmentedRaftLogWorker.java:<init>(172)) - new 66b2efc6-514d-46a0-861d-46537d529627-SegmentedRaftLogWorker:Storage Directory /tmp/workdir/hadoop-ozone/integration-test/target/test-dir/MiniOzoneClusterImpl-fe579810-8e9f-469f-84e5-6868cd12b3c7/datanode-2/data/ratis/a01aacf0-7496-4d18-b544-16b961c23fbb for RaftStorage:Storage Directory /tmp/workdir/hadoop-ozone/integration-test/target/test-dir/MiniOzoneClusterImpl-fe579810-8e9f-469f-84e5-6868cd12b3c7/datanode-2/data/ratis/a01aacf0-7496-4d18-b544-16b961c23fbb
2019-07-14 02:44:39,530 INFO  server.RaftServerConfigKeys (ConfUtils.java:logGet(43)) - raft.server.log.queue.byte-limit = 2147483647 (custom)
2019-07-14 02:44:39,530 INFO  server.RaftServerConfigKeys (ConfUtils.java:logGet(43)) - raft.server.log.queue.element-limit = 1024 (custom)
2019-07-14 02:44:39,531 INFO  server.RaftServerConfigKeys (ConfUtils.java:logGet(43)) - raft.server.log.segment.size.max = 1048576 (custom)
2019-07-14 02:44:39,531 INFO  server.RaftServerConfigKeys (ConfUtils.java:logGet(43)) - raft.server.log.preallocated.size = 16384 (custom)
2019-07-14 02:44:39,531 INFO  server.RaftServerConfigKeys (ConfUtils.java:logGet(43)) - raft.server.log.write.buffer.size = 33554432 (custom)
2019-07-14 02:44:39,531 INFO  server.RaftServerConfigKeys (ConfUtils.java:logGet(43)) - raft.server.log.force.sync.num = 128 (default)
2019-07-14 02:44:39,531 INFO  server.RaftServerConfigKeys (ConfUtils.java:logGet(43)) - raft.server.log.statemachine.data.sync = true (default)
2019-07-14 02:44:39,531 INFO  server.RaftServerConfigKeys (ConfUtils.java:logGet(43)) - raft.server.log.statemachine.data.sync.timeout = 10s (default)
2019-07-14 02:44:39,531 INFO  server.RaftServerConfigKeys (ConfUtils.java:logGet(43)) - raft.server.log.statemachine.data.sync.timeout.retry = -1 (default)
2019-07-14 02:44:39,532 INFO  server.RaftServerConfigKeys (ConfUtils.java:logGet(43)) - raft.server.log.statemachine.data.caching.enabled = true (custom)
2019-07-14 02:44:39,532 INFO  segmented.SegmentedRaftLogWorker (SegmentedRaftLogWorker.java:lambda$new$0(132)) - 66b2efc6-514d-46a0-861d-46537d529627-SegmentedRaftLogWorker:Storage Directory /tmp/workdir/hadoop-ozone/integration-test/target/test-dir/MiniOzoneClusterImpl-fe579810-8e9f-469f-84e5-6868cd12b3c7/datanode-2/data/ratis/a01aacf0-7496-4d18-b544-16b961c23fbb: flushIndex: setUnconditionally 0 -> -1
2019-07-14 02:44:39,533 INFO  server.RaftServerConfigKeys (ConfUtils.java:logGet(43)) - raft.server.snapshot.auto.trigger.enabled = true (custom)
2019-07-14 02:44:39,533 INFO  server.RaftServerConfigKeys (ConfUtils.java:logGet(43)) - raft.server.snapshot.auto.trigger.threshold = 10000 (custom)
2019-07-14 02:44:39,533 INFO  server.RaftServerConfigKeys (ConfUtils.java:logGet(43)) - raft.server.retrycache.expirytime = 600000ms (custom)
2019-07-14 02:44:39,534 INFO  impl.RaftServerImpl (RaftServerImpl.java:start(180)) - 66b2efc6-514d-46a0-861d-46537d529627: start group-16B961C23FBB
2019-07-14 02:44:39,534 INFO  impl.RaftServerImpl (RaftServerImpl.java:setRole(171)) - 66b2efc6-514d-46a0-861d-46537d529627:group-16B961C23FBB changes role from null to FOLLOWER at term 0 for startAsFollower
2019-07-14 02:44:39,534 INFO  impl.RoleInfo (RoleInfo.java:updateAndGet(143)) - 66b2efc6-514d-46a0-861d-46537d529627: start FollowerState
2019-07-14 02:44:39,536 INFO  util.JmxRegister (JmxRegister.java:tryRegister(44)) - Successfully registered JMX Bean with object name Ratis:service=RaftServer,group=group-16B961C23FBB,id=66b2efc6-514d-46a0-861d-46537d529627
2019-07-14 02:44:39,552 INFO  pipeline.PipelineStateManager (PipelineStateManager.java:addPipeline(56)) - Created pipeline Pipeline[ Id: a01aacf0-7496-4d18-b544-16b961c23fbb, Nodes: 66b2efc6-514d-46a0-861d-46537d529627{ip: 192.168.157.236, host: trunk-nightly-k88cw-3644625431, networkLocation: /default-rack, certSerialId: null}, Type:RATIS, Factor:ONE, State:OPEN]
2019-07-14 02:44:39,584 INFO  impl.RaftServerProxy (RaftServerProxy.java:addNew(89)) - bd6c4a95-4cdb-4174-b847-fd048ae710b0: addNew group-766D72990BF0:[bd6c4a95-4cdb-4174-b847-fd048ae710b0:192.168.157.236:37224] returns group-766D72990BF0:java.util.concurrent.CompletableFuture@3cf422e4[Not completed]
2019-07-14 02:44:39,586 INFO  impl.RaftServerImpl (RaftServerImpl.java:<init>(93)) - bd6c4a95-4cdb-4174-b847-fd048ae710b0: new RaftServerImpl for group-766D72990BF0:[bd6c4a95-4cdb-4174-b847-fd048ae710b0:192.168.157.236:37224] with ContainerStateMachine:uninitialized
2019-07-14 02:44:39,586 INFO  server.RaftServerConfigKeys (ConfUtils.java:logGet(43)) - raft.server.rpc.timeout.min = 5s (custom)
2019-07-14 02:44:39,586 INFO  server.RaftServerConfigKeys (ConfUtils.java:logGet(43)) - raft.server.rpc.timeout.max = 5200ms (custom)
2019-07-14 02:44:39,586 INFO  server.RaftServerConfigKeys (ConfUtils.java:logGet(43)) - raft.server.rpcslowness.timeout = 120s (custom)
2019-07-14 02:44:39,587 INFO  server.RaftServerConfigKeys (ConfUtils.java:logGet(43)) - raft.server.sleep.deviation.threshold = 300 (default)
2019-07-14 02:44:39,587 INFO  server.RaftServerConfigKeys (ConfUtils.java:logGet(43)) - raft.server.log.appender.install.snapshot.enabled = false (custom)
2019-07-14 02:44:39,587 INFO  impl.RaftServerImpl (ServerState.java:<init>(105)) - bd6c4a95-4cdb-4174-b847-fd048ae710b0:group-766D72990BF0 ConfigurationManager, init=-1: [bd6c4a95-4cdb-4174-b847-fd048ae710b0:192.168.157.236:37224], old=null, confs=<EMPTY_MAP>
2019-07-14 02:44:39,587 INFO  server.RaftServerConfigKeys (ConfUtils.java:logGet(43)) - raft.server.storage.dir = [/tmp/workdir/hadoop-ozone/integration-test/target/test-dir/MiniOzoneClusterImpl-fe579810-8e9f-469f-84e5-6868cd12b3c7/datanode-4/data/ratis] (custom)
2019-07-14 02:44:39,588 INFO  storage.RaftStorageDirectory (RaftStorageDirectory.java:analyzeStorage(246)) - The storage directory /tmp/workdir/hadoop-ozone/integration-test/target/test-dir/MiniOzoneClusterImpl-fe579810-8e9f-469f-84e5-6868cd12b3c7/datanode-4/data/ratis/d9b24ae5-c1f6-42e7-bf6b-766d72990bf0 does not exist. Creating ...
2019-07-14 02:44:39,601 INFO  storage.RaftStorageDirectory (RaftStorageDirectory.java:tryLock(328)) - Lock on /tmp/workdir/hadoop-ozone/integration-test/target/test-dir/MiniOzoneClusterImpl-fe579810-8e9f-469f-84e5-6868cd12b3c7/datanode-4/data/ratis/d9b24ae5-c1f6-42e7-bf6b-766d72990bf0/in_use.lock acquired by nodename 24822@trunk-nightly-k88cw-3644625431
2019-07-14 02:44:39,622 INFO  storage.RaftStorage (RaftStorage.java:format(72)) - Storage directory /tmp/workdir/hadoop-ozone/integration-test/target/test-dir/MiniOzoneClusterImpl-fe579810-8e9f-469f-84e5-6868cd12b3c7/datanode-4/data/ratis/d9b24ae5-c1f6-42e7-bf6b-766d72990bf0 has been successfully formatted.
2019-07-14 02:44:39,622 INFO  ratis.ContainerStateMachine (ContainerStateMachine.java:loadSnapshot(200)) - The snapshot info is null.Setting the last applied index to:(t:0, i:~)
2019-07-14 02:44:39,622 INFO  server.RaftServerConfigKeys (ConfUtils.java:logGet(43)) - raft.server.leader.election.timeout = 120s (custom)
2019-07-14 02:44:39,623 INFO  server.RaftServerConfigKeys (ConfUtils.java:logGet(43)) - raft.server.log.use.memory = false (default)
2019-07-14 02:44:39,623 INFO  server.RaftServerConfigKeys (ConfUtils.java:logGet(43)) - raft.server.log.purge.gap = 1000000000 (custom)
2019-07-14 02:44:39,623 INFO  server.RaftServerConfigKeys (ConfUtils.java:logGet(43)) - raft.server.log.appender.buffer.byte-limit = 33554432 (custom)
2019-07-14 02:44:39,623 INFO  server.RaftServerConfigKeys (ConfUtils.java:logGet(43)) - raft.server.log.segment.size.max = 1048576 (custom)
2019-07-14 02:44:39,623 INFO  server.RaftServerConfigKeys (ConfUtils.java:logGet(43)) - raft.server.log.segment.cache.num.max = 2 (custom)
2019-07-14 02:44:39,623 INFO  segmented.SegmentedRaftLogWorker (SegmentedRaftLogWorker.java:<init>(172)) - new bd6c4a95-4cdb-4174-b847-fd048ae710b0-SegmentedRaftLogWorker:Storage Directory /tmp/workdir/hadoop-ozone/integration-test/target/test-dir/MiniOzoneClusterImpl-fe579810-8e9f-469f-84e5-6868cd12b3c7/datanode-4/data/ratis/d9b24ae5-c1f6-42e7-bf6b-766d72990bf0 for RaftStorage:Storage Directory /tmp/workdir/hadoop-ozone/integration-test/target/test-dir/MiniOzoneClusterImpl-fe579810-8e9f-469f-84e5-6868cd12b3c7/datanode-4/data/ratis/d9b24ae5-c1f6-42e7-bf6b-766d72990bf0
2019-07-14 02:44:39,624 INFO  server.RaftServerConfigKeys (ConfUtils.java:logGet(43)) - raft.server.log.queue.byte-limit = 2147483647 (custom)
2019-07-14 02:44:39,624 INFO  server.RaftServerConfigKeys (ConfUtils.java:logGet(43)) - raft.server.log.queue.element-limit = 1024 (custom)
2019-07-14 02:44:39,624 INFO  server.RaftServerConfigKeys (ConfUtils.java:logGet(43)) - raft.server.log.segment.size.max = 1048576 (custom)
2019-07-14 02:44:39,624 INFO  server.RaftServerConfigKeys (ConfUtils.java:logGet(43)) - raft.server.log.preallocated.size = 16384 (custom)
2019-07-14 02:44:39,624 INFO  server.RaftServerConfigKeys (ConfUtils.java:logGet(43)) - raft.server.log.write.buffer.size = 33554432 (custom)
2019-07-14 02:44:39,624 INFO  server.RaftServerConfigKeys (ConfUtils.java:logGet(43)) - raft.server.log.force.sync.num = 128 (default)
2019-07-14 02:44:39,624 INFO  server.RaftServerConfigKeys (ConfUtils.java:logGet(43)) - raft.server.log.statemachine.data.sync = true (default)
2019-07-14 02:44:39,625 INFO  server.RaftServerConfigKeys (ConfUtils.java:logGet(43)) - raft.server.log.statemachine.data.sync.timeout = 10s (default)
2019-07-14 02:44:39,625 INFO  server.RaftServerConfigKeys (ConfUtils.java:logGet(43)) - raft.server.log.statemachine.data.sync.timeout.retry = -1 (default)
2019-07-14 02:44:39,625 INFO  server.RaftServerConfigKeys (ConfUtils.java:logGet(43)) - raft.server.log.statemachine.data.caching.enabled = true (custom)
2019-07-14 02:44:39,625 INFO  segmented.SegmentedRaftLogWorker (SegmentedRaftLogWorker.java:lambda$new$0(132)) - bd6c4a95-4cdb-4174-b847-fd048ae710b0-SegmentedRaftLogWorker:Storage Directory /tmp/workdir/hadoop-ozone/integration-test/target/test-dir/MiniOzoneClusterImpl-fe579810-8e9f-469f-84e5-6868cd12b3c7/datanode-4/data/ratis/d9b24ae5-c1f6-42e7-bf6b-766d72990bf0: flushIndex: setUnconditionally 0 -> -1
2019-07-14 02:44:39,626 INFO  server.RaftServerConfigKeys (ConfUtils.java:logGet(43)) - raft.server.snapshot.auto.trigger.enabled = true (custom)
2019-07-14 02:44:39,626 INFO  server.RaftServerConfigKeys (ConfUtils.java:logGet(43)) - raft.server.snapshot.auto.trigger.threshold = 10000 (custom)
2019-07-14 02:44:39,626 INFO  server.RaftServerConfigKeys (ConfUtils.java:logGet(43)) - raft.server.retrycache.expirytime = 600000ms (custom)
2019-07-14 02:44:39,626 INFO  impl.RaftServerImpl (RaftServerImpl.java:start(180)) - bd6c4a95-4cdb-4174-b847-fd048ae710b0: start group-766D72990BF0
2019-07-14 02:44:39,626 INFO  impl.RaftServerImpl (RaftServerImpl.java:setRole(171)) - bd6c4a95-4cdb-4174-b847-fd048ae710b0:group-766D72990BF0 changes role from null to FOLLOWER at term 0 for startAsFollower
2019-07-14 02:44:39,627 INFO  impl.RoleInfo (RoleInfo.java:updateAndGet(143)) - bd6c4a95-4cdb-4174-b847-fd048ae710b0: start FollowerState
2019-07-14 02:44:39,627 INFO  util.JmxRegister (JmxRegister.java:tryRegister(44)) - Successfully registered JMX Bean with object name Ratis:service=RaftServer,group=group-766D72990BF0,id=bd6c4a95-4cdb-4174-b847-fd048ae710b0
2019-07-14 02:44:39,640 INFO  pipeline.PipelineStateManager (PipelineStateManager.java:addPipeline(56)) - Created pipeline Pipeline[ Id: d9b24ae5-c1f6-42e7-bf6b-766d72990bf0, Nodes: bd6c4a95-4cdb-4174-b847-fd048ae710b0{ip: 192.168.157.236, host: trunk-nightly-k88cw-3644625431, networkLocation: /default-rack, certSerialId: null}, Type:RATIS, Factor:ONE, State:OPEN]
2019-07-14 02:44:39,663 INFO  impl.RaftServerProxy (RaftServerProxy.java:addNew(89)) - d24af681-3959-44cc-8250-d948d0c6ed13: addNew group-FB0C536E5799:[d24af681-3959-44cc-8250-d948d0c6ed13:192.168.157.236:40300] returns group-FB0C536E5799:java.util.concurrent.CompletableFuture@4ba4f577[Not completed]
2019-07-14 02:44:39,664 INFO  impl.RaftServerImpl (RaftServerImpl.java:<init>(93)) - d24af681-3959-44cc-8250-d948d0c6ed13: new RaftServerImpl for group-FB0C536E5799:[d24af681-3959-44cc-8250-d948d0c6ed13:192.168.157.236:40300] with ContainerStateMachine:uninitialized
2019-07-14 02:44:39,664 INFO  server.RaftServerConfigKeys (ConfUtils.java:logGet(43)) - raft.server.rpc.timeout.min = 5s (custom)
2019-07-14 02:44:39,664 INFO  server.RaftServerConfigKeys (ConfUtils.java:logGet(43)) - raft.server.rpc.timeout.max = 5200ms (custom)
2019-07-14 02:44:39,665 INFO  server.RaftServerConfigKeys (ConfUtils.java:logGet(43)) - raft.server.rpcslowness.timeout = 120s (custom)
2019-07-14 02:44:39,665 INFO  server.RaftServerConfigKeys (ConfUtils.java:logGet(43)) - raft.server.sleep.deviation.threshold = 300 (default)
2019-07-14 02:44:39,665 INFO  server.RaftServerConfigKeys (ConfUtils.java:logGet(43)) - raft.server.log.appender.install.snapshot.enabled = false (custom)
2019-07-14 02:44:39,665 INFO  impl.RaftServerImpl (ServerState.java:<init>(105)) - d24af681-3959-44cc-8250-d948d0c6ed13:group-FB0C536E5799 ConfigurationManager, init=-1: [d24af681-3959-44cc-8250-d948d0c6ed13:192.168.157.236:40300], old=null, confs=<EMPTY_MAP>
2019-07-14 02:44:39,665 INFO  server.RaftServerConfigKeys (ConfUtils.java:logGet(43)) - raft.server.storage.dir = [/tmp/workdir/hadoop-ozone/integration-test/target/test-dir/MiniOzoneClusterImpl-fe579810-8e9f-469f-84e5-6868cd12b3c7/datanode-1/data/ratis] (custom)
2019-07-14 02:44:39,665 INFO  storage.RaftStorageDirectory (RaftStorageDirectory.java:analyzeStorage(246)) - The storage directory /tmp/workdir/hadoop-ozone/integration-test/target/test-dir/MiniOzoneClusterImpl-fe579810-8e9f-469f-84e5-6868cd12b3c7/datanode-1/data/ratis/967400f2-8a7b-4059-b9e7-fb0c536e5799 does not exist. Creating ...
2019-07-14 02:44:39,678 INFO  storage.RaftStorageDirectory (RaftStorageDirectory.java:tryLock(328)) - Lock on /tmp/workdir/hadoop-ozone/integration-test/target/test-dir/MiniOzoneClusterImpl-fe579810-8e9f-469f-84e5-6868cd12b3c7/datanode-1/data/ratis/967400f2-8a7b-4059-b9e7-fb0c536e5799/in_use.lock acquired by nodename 24822@trunk-nightly-k88cw-3644625431
2019-07-14 02:44:39,691 INFO  storage.RaftStorage (RaftStorage.java:format(72)) - Storage directory /tmp/workdir/hadoop-ozone/integration-test/target/test-dir/MiniOzoneClusterImpl-fe579810-8e9f-469f-84e5-6868cd12b3c7/datanode-1/data/ratis/967400f2-8a7b-4059-b9e7-fb0c536e5799 has been successfully formatted.
2019-07-14 02:44:39,691 INFO  ratis.ContainerStateMachine (ContainerStateMachine.java:loadSnapshot(200)) - The snapshot info is null.Setting the last applied index to:(t:0, i:~)
2019-07-14 02:44:39,691 INFO  server.RaftServerConfigKeys (ConfUtils.java:logGet(43)) - raft.server.leader.election.timeout = 120s (custom)
2019-07-14 02:44:39,691 INFO  server.RaftServerConfigKeys (ConfUtils.java:logGet(43)) - raft.server.log.use.memory = false (default)
2019-07-14 02:44:39,691 INFO  server.RaftServerConfigKeys (ConfUtils.java:logGet(43)) - raft.server.log.purge.gap = 1000000000 (custom)
2019-07-14 02:44:39,692 INFO  server.RaftServerConfigKeys (ConfUtils.java:logGet(43)) - raft.server.log.appender.buffer.byte-limit = 33554432 (custom)
2019-07-14 02:44:39,692 INFO  server.RaftServerConfigKeys (ConfUtils.java:logGet(43)) - raft.server.log.segment.size.max = 1048576 (custom)
2019-07-14 02:44:39,692 INFO  server.RaftServerConfigKeys (ConfUtils.java:logGet(43)) - raft.server.log.segment.cache.num.max = 2 (custom)
2019-07-14 02:44:39,692 INFO  segmented.SegmentedRaftLogWorker (SegmentedRaftLogWorker.java:<init>(172)) - new d24af681-3959-44cc-8250-d948d0c6ed13-SegmentedRaftLogWorker:Storage Directory /tmp/workdir/hadoop-ozone/integration-test/target/test-dir/MiniOzoneClusterImpl-fe579810-8e9f-469f-84e5-6868cd12b3c7/datanode-1/data/ratis/967400f2-8a7b-4059-b9e7-fb0c536e5799 for RaftStorage:Storage Directory /tmp/workdir/hadoop-ozone/integration-test/target/test-dir/MiniOzoneClusterImpl-fe579810-8e9f-469f-84e5-6868cd12b3c7/datanode-1/data/ratis/967400f2-8a7b-4059-b9e7-fb0c536e5799
2019-07-14 02:44:39,692 INFO  server.RaftServerConfigKeys (ConfUtils.java:logGet(43)) - raft.server.log.queue.byte-limit = 2147483647 (custom)
2019-07-14 02:44:39,692 INFO  server.RaftServerConfigKeys (ConfUtils.java:logGet(43)) - raft.server.log.queue.element-limit = 1024 (custom)
2019-07-14 02:44:39,693 INFO  server.RaftServerConfigKeys (ConfUtils.java:logGet(43)) - raft.server.log.segment.size.max = 1048576 (custom)
2019-07-14 02:44:39,693 INFO  server.RaftServerConfigKeys (ConfUtils.java:logGet(43)) - raft.server.log.preallocated.size = 16384 (custom)
2019-07-14 02:44:39,693 INFO  server.RaftServerConfigKeys (ConfUtils.java:logGet(43)) - raft.server.log.write.buffer.size = 33554432 (custom)
2019-07-14 02:44:39,693 INFO  server.RaftServerConfigKeys (ConfUtils.java:logGet(43)) - raft.server.log.force.sync.num = 128 (default)
2019-07-14 02:44:39,693 INFO  server.RaftServerConfigKeys (ConfUtils.java:logGet(43)) - raft.server.log.statemachine.data.sync = true (default)
2019-07-14 02:44:39,693 INFO  server.RaftServerConfigKeys (ConfUtils.java:logGet(43)) - raft.server.log.statemachine.data.sync.timeout = 10s (default)
2019-07-14 02:44:39,693 INFO  server.RaftServerConfigKeys (ConfUtils.java:logGet(43)) - raft.server.log.statemachine.data.sync.timeout.retry = -1 (default)
2019-07-14 02:44:39,694 INFO  server.RaftServerConfigKeys (ConfUtils.java:logGet(43)) - raft.server.log.statemachine.data.caching.enabled = true (custom)
2019-07-14 02:44:39,694 INFO  segmented.SegmentedRaftLogWorker (SegmentedRaftLogWorker.java:lambda$new$0(132)) - d24af681-3959-44cc-8250-d948d0c6ed13-SegmentedRaftLogWorker:Storage Directory /tmp/workdir/hadoop-ozone/integration-test/target/test-dir/MiniOzoneClusterImpl-fe579810-8e9f-469f-84e5-6868cd12b3c7/datanode-1/data/ratis/967400f2-8a7b-4059-b9e7-fb0c536e5799: flushIndex: setUnconditionally 0 -> -1
2019-07-14 02:44:39,694 INFO  server.RaftServerConfigKeys (ConfUtils.java:logGet(43)) - raft.server.snapshot.auto.trigger.enabled = true (custom)
2019-07-14 02:44:39,694 INFO  server.RaftServerConfigKeys (ConfUtils.java:logGet(43)) - raft.server.snapshot.auto.trigger.threshold = 10000 (custom)
2019-07-14 02:44:39,695 INFO  server.RaftServerConfigKeys (ConfUtils.java:logGet(43)) - raft.server.retrycache.expirytime = 600000ms (custom)
2019-07-14 02:44:39,695 INFO  impl.RaftServerImpl (RaftServerImpl.java:start(180)) - d24af681-3959-44cc-8250-d948d0c6ed13: start group-FB0C536E5799
2019-07-14 02:44:39,695 INFO  impl.RaftServerImpl (RaftServerImpl.java:setRole(171)) - d24af681-3959-44cc-8250-d948d0c6ed13:group-FB0C536E5799 changes role from null to FOLLOWER at term 0 for startAsFollower
2019-07-14 02:44:39,695 INFO  impl.RoleInfo (RoleInfo.java:updateAndGet(143)) - d24af681-3959-44cc-8250-d948d0c6ed13: start FollowerState
2019-07-14 02:44:39,695 INFO  util.JmxRegister (JmxRegister.java:tryRegister(44)) - Successfully registered JMX Bean with object name Ratis:service=RaftServer,group=group-FB0C536E5799,id=d24af681-3959-44cc-8250-d948d0c6ed13
2019-07-14 02:44:39,707 INFO  pipeline.PipelineStateManager (PipelineStateManager.java:addPipeline(56)) - Created pipeline Pipeline[ Id: 967400f2-8a7b-4059-b9e7-fb0c536e5799, Nodes: d24af681-3959-44cc-8250-d948d0c6ed13{ip: 192.168.157.236, host: trunk-nightly-k88cw-3644625431, networkLocation: /default-rack, certSerialId: null}, Type:RATIS, Factor:ONE, State:OPEN]
2019-07-14 02:44:39,725 INFO  impl.RaftServerProxy (RaftServerProxy.java:addNew(89)) - 242dab13-59e3-47fe-a0e1-d38b83783c72: addNew group-E6AAFC04CAA2:[242dab13-59e3-47fe-a0e1-d38b83783c72:192.168.157.236:37606] returns group-E6AAFC04CAA2:java.util.concurrent.CompletableFuture@dc4f549[Not completed]
2019-07-14 02:44:39,726 INFO  impl.RaftServerImpl (RaftServerImpl.java:<init>(93)) - 242dab13-59e3-47fe-a0e1-d38b83783c72: new RaftServerImpl for group-E6AAFC04CAA2:[242dab13-59e3-47fe-a0e1-d38b83783c72:192.168.157.236:37606] with ContainerStateMachine:uninitialized
2019-07-14 02:44:39,726 INFO  server.RaftServerConfigKeys (ConfUtils.java:logGet(43)) - raft.server.rpc.timeout.min = 5s (custom)
2019-07-14 02:44:39,726 INFO  server.RaftServerConfigKeys (ConfUtils.java:logGet(43)) - raft.server.rpc.timeout.max = 5200ms (custom)
2019-07-14 02:44:39,726 INFO  server.RaftServerConfigKeys (ConfUtils.java:logGet(43)) - raft.server.rpcslowness.timeout = 120s (custom)
2019-07-14 02:44:39,727 INFO  server.RaftServerConfigKeys (ConfUtils.java:logGet(43)) - raft.server.sleep.deviation.threshold = 300 (default)
2019-07-14 02:44:39,727 INFO  server.RaftServerConfigKeys (ConfUtils.java:logGet(43)) - raft.server.log.appender.install.snapshot.enabled = false (custom)
2019-07-14 02:44:39,727 INFO  impl.RaftServerImpl (ServerState.java:<init>(105)) - 242dab13-59e3-47fe-a0e1-d38b83783c72:group-E6AAFC04CAA2 ConfigurationManager, init=-1: [242dab13-59e3-47fe-a0e1-d38b83783c72:192.168.157.236:37606], old=null, confs=<EMPTY_MAP>
2019-07-14 02:44:39,727 INFO  server.RaftServerConfigKeys (ConfUtils.java:logGet(43)) - raft.server.storage.dir = [/tmp/workdir/hadoop-ozone/integration-test/target/test-dir/MiniOzoneClusterImpl-fe579810-8e9f-469f-84e5-6868cd12b3c7/datanode-6/data/ratis] (custom)
2019-07-14 02:44:39,727 INFO  storage.RaftStorageDirectory (RaftStorageDirectory.java:analyzeStorage(246)) - The storage directory /tmp/workdir/hadoop-ozone/integration-test/target/test-dir/MiniOzoneClusterImpl-fe579810-8e9f-469f-84e5-6868cd12b3c7/datanode-6/data/ratis/d85263ec-fc6d-4d31-bce6-e6aafc04caa2 does not exist. Creating ...
2019-07-14 02:44:39,742 INFO  storage.RaftStorageDirectory (RaftStorageDirectory.java:tryLock(328)) - Lock on /tmp/workdir/hadoop-ozone/integration-test/target/test-dir/MiniOzoneClusterImpl-fe579810-8e9f-469f-84e5-6868cd12b3c7/datanode-6/data/ratis/d85263ec-fc6d-4d31-bce6-e6aafc04caa2/in_use.lock acquired by nodename 24822@trunk-nightly-k88cw-3644625431
2019-07-14 02:44:39,759 INFO  storage.RaftStorage (RaftStorage.java:format(72)) - Storage directory /tmp/workdir/hadoop-ozone/integration-test/target/test-dir/MiniOzoneClusterImpl-fe579810-8e9f-469f-84e5-6868cd12b3c7/datanode-6/data/ratis/d85263ec-fc6d-4d31-bce6-e6aafc04caa2 has been successfully formatted.
2019-07-14 02:44:39,759 INFO  ratis.ContainerStateMachine (ContainerStateMachine.java:loadSnapshot(200)) - The snapshot info is null.Setting the last applied index to:(t:0, i:~)
2019-07-14 02:44:39,759 INFO  server.RaftServerConfigKeys (ConfUtils.java:logGet(43)) - raft.server.leader.election.timeout = 120s (custom)
2019-07-14 02:44:39,759 INFO  server.RaftServerConfigKeys (ConfUtils.java:logGet(43)) - raft.server.log.use.memory = false (default)
2019-07-14 02:44:39,760 INFO  server.RaftServerConfigKeys (ConfUtils.java:logGet(43)) - raft.server.log.purge.gap = 1000000000 (custom)
2019-07-14 02:44:39,760 INFO  server.RaftServerConfigKeys (ConfUtils.java:logGet(43)) - raft.server.log.appender.buffer.byte-limit = 33554432 (custom)
2019-07-14 02:44:39,760 INFO  server.RaftServerConfigKeys (ConfUtils.java:logGet(43)) - raft.server.log.segment.size.max = 1048576 (custom)
2019-07-14 02:44:39,760 INFO  server.RaftServerConfigKeys (ConfUtils.java:logGet(43)) - raft.server.log.segment.cache.num.max = 2 (custom)
2019-07-14 02:44:39,760 INFO  segmented.SegmentedRaftLogWorker (SegmentedRaftLogWorker.java:<init>(172)) - new 242dab13-59e3-47fe-a0e1-d38b83783c72-SegmentedRaftLogWorker:Storage Directory /tmp/workdir/hadoop-ozone/integration-test/target/test-dir/MiniOzoneClusterImpl-fe579810-8e9f-469f-84e5-6868cd12b3c7/datanode-6/data/ratis/d85263ec-fc6d-4d31-bce6-e6aafc04caa2 for RaftStorage:Storage Directory /tmp/workdir/hadoop-ozone/integration-test/target/test-dir/MiniOzoneClusterImpl-fe579810-8e9f-469f-84e5-6868cd12b3c7/datanode-6/data/ratis/d85263ec-fc6d-4d31-bce6-e6aafc04caa2
2019-07-14 02:44:39,761 INFO  server.RaftServerConfigKeys (ConfUtils.java:logGet(43)) - raft.server.log.queue.byte-limit = 2147483647 (custom)
2019-07-14 02:44:39,761 INFO  server.RaftServerConfigKeys (ConfUtils.java:logGet(43)) - raft.server.log.queue.element-limit = 1024 (custom)
2019-07-14 02:44:39,761 INFO  server.RaftServerConfigKeys (ConfUtils.java:logGet(43)) - raft.server.log.segment.size.max = 1048576 (custom)
2019-07-14 02:44:39,761 INFO  server.RaftServerConfigKeys (ConfUtils.java:logGet(43)) - raft.server.log.preallocated.size = 16384 (custom)
2019-07-14 02:44:39,761 INFO  server.RaftServerConfigKeys (ConfUtils.java:logGet(43)) - raft.server.log.write.buffer.size = 33554432 (custom)
2019-07-14 02:44:39,761 INFO  server.RaftServerConfigKeys (ConfUtils.java:logGet(43)) - raft.server.log.force.sync.num = 128 (default)
2019-07-14 02:44:39,762 INFO  server.RaftServerConfigKeys (ConfUtils.java:logGet(43)) - raft.server.log.statemachine.data.sync = true (default)
2019-07-14 02:44:39,762 INFO  server.RaftServerConfigKeys (ConfUtils.java:logGet(43)) - raft.server.log.statemachine.data.sync.timeout = 10s (default)
2019-07-14 02:44:39,762 INFO  server.RaftServerConfigKeys (ConfUtils.java:logGet(43)) - raft.server.log.statemachine.data.sync.timeout.retry = -1 (default)
2019-07-14 02:44:39,762 INFO  server.RaftServerConfigKeys (ConfUtils.java:logGet(43)) - raft.server.log.statemachine.data.caching.enabled = true (custom)
2019-07-14 02:44:39,763 INFO  segmented.SegmentedRaftLogWorker (SegmentedRaftLogWorker.java:lambda$new$0(132)) - 242dab13-59e3-47fe-a0e1-d38b83783c72-SegmentedRaftLogWorker:Storage Directory /tmp/workdir/hadoop-ozone/integration-test/target/test-dir/MiniOzoneClusterImpl-fe579810-8e9f-469f-84e5-6868cd12b3c7/datanode-6/data/ratis/d85263ec-fc6d-4d31-bce6-e6aafc04caa2: flushIndex: setUnconditionally 0 -> -1
2019-07-14 02:44:39,763 INFO  server.RaftServerConfigKeys (ConfUtils.java:logGet(43)) - raft.server.snapshot.auto.trigger.enabled = true (custom)
2019-07-14 02:44:39,763 INFO  server.RaftServerConfigKeys (ConfUtils.java:logGet(43)) - raft.server.snapshot.auto.trigger.threshold = 10000 (custom)
2019-07-14 02:44:39,763 INFO  server.RaftServerConfigKeys (ConfUtils.java:logGet(43)) - raft.server.retrycache.expirytime = 600000ms (custom)
2019-07-14 02:44:39,764 INFO  impl.RaftServerImpl (RaftServerImpl.java:start(180)) - 242dab13-59e3-47fe-a0e1-d38b83783c72: start group-E6AAFC04CAA2
2019-07-14 02:44:39,764 INFO  impl.RaftServerImpl (RaftServerImpl.java:setRole(171)) - 242dab13-59e3-47fe-a0e1-d38b83783c72:group-E6AAFC04CAA2 changes role from null to FOLLOWER at term 0 for startAsFollower
2019-07-14 02:44:39,764 INFO  impl.RoleInfo (RoleInfo.java:updateAndGet(143)) - 242dab13-59e3-47fe-a0e1-d38b83783c72: start FollowerState
2019-07-14 02:44:39,764 INFO  util.JmxRegister (JmxRegister.java:tryRegister(44)) - Successfully registered JMX Bean with object name Ratis:service=RaftServer,group=group-E6AAFC04CAA2,id=242dab13-59e3-47fe-a0e1-d38b83783c72
2019-07-14 02:44:39,779 INFO  pipeline.PipelineStateManager (PipelineStateManager.java:addPipeline(56)) - Created pipeline Pipeline[ Id: d85263ec-fc6d-4d31-bce6-e6aafc04caa2, Nodes: 242dab13-59e3-47fe-a0e1-d38b83783c72{ip: 192.168.157.236, host: trunk-nightly-k88cw-3644625431, networkLocation: /default-rack, certSerialId: null}, Type:RATIS, Factor:ONE, State:OPEN]
2019-07-14 02:44:39,812 INFO  impl.RaftServerProxy (RaftServerProxy.java:addNew(89)) - fc824039-8c63-4f10-92c4-37d5470c1424: addNew group-513D078D8275:[fc824039-8c63-4f10-92c4-37d5470c1424:192.168.157.236:35262, c5d614ef-dafc-48c4-88f9-7d3a89976db4:192.168.157.236:44133, 66b2efc6-514d-46a0-861d-46537d529627:192.168.157.236:34912] returns group-513D078D8275:java.util.concurrent.CompletableFuture@5cd11fed[Not completed]
2019-07-14 02:44:39,815 INFO  impl.RaftServerProxy (RaftServerProxy.java:addNew(89)) - 66b2efc6-514d-46a0-861d-46537d529627: addNew group-513D078D8275:[fc824039-8c63-4f10-92c4-37d5470c1424:192.168.157.236:35262, c5d614ef-dafc-48c4-88f9-7d3a89976db4:192.168.157.236:44133, 66b2efc6-514d-46a0-861d-46537d529627:192.168.157.236:34912] returns group-513D078D8275:java.util.concurrent.CompletableFuture@19d39a13[Not completed]
2019-07-14 02:44:39,817 INFO  impl.RaftServerImpl (RaftServerImpl.java:<init>(93)) - fc824039-8c63-4f10-92c4-37d5470c1424: new RaftServerImpl for group-513D078D8275:[fc824039-8c63-4f10-92c4-37d5470c1424:192.168.157.236:35262, c5d614ef-dafc-48c4-88f9-7d3a89976db4:192.168.157.236:44133, 66b2efc6-514d-46a0-861d-46537d529627:192.168.157.236:34912] with ContainerStateMachine:uninitialized
2019-07-14 02:44:39,817 INFO  server.RaftServerConfigKeys (ConfUtils.java:logGet(43)) - raft.server.rpc.timeout.min = 5s (custom)
2019-07-14 02:44:39,817 INFO  server.RaftServerConfigKeys (ConfUtils.java:logGet(43)) - raft.server.rpc.timeout.max = 5200ms (custom)
2019-07-14 02:44:39,817 INFO  impl.RaftServerProxy (RaftServerProxy.java:addNew(89)) - c5d614ef-dafc-48c4-88f9-7d3a89976db4: addNew group-513D078D8275:[fc824039-8c63-4f10-92c4-37d5470c1424:192.168.157.236:35262, c5d614ef-dafc-48c4-88f9-7d3a89976db4:192.168.157.236:44133, 66b2efc6-514d-46a0-861d-46537d529627:192.168.157.236:34912] returns group-513D078D8275:java.util.concurrent.CompletableFuture@4c38828[Not completed]
2019-07-14 02:44:39,818 INFO  impl.RaftServerImpl (RaftServerImpl.java:<init>(93)) - 66b2efc6-514d-46a0-861d-46537d529627: new RaftServerImpl for group-513D078D8275:[fc824039-8c63-4f10-92c4-37d5470c1424:192.168.157.236:35262, c5d614ef-dafc-48c4-88f9-7d3a89976db4:192.168.157.236:44133, 66b2efc6-514d-46a0-861d-46537d529627:192.168.157.236:34912] with ContainerStateMachine:uninitialized
2019-07-14 02:44:39,817 INFO  server.RaftServerConfigKeys (ConfUtils.java:logGet(43)) - raft.server.rpcslowness.timeout = 120s (custom)
2019-07-14 02:44:39,818 INFO  server.RaftServerConfigKeys (ConfUtils.java:logGet(43)) - raft.server.rpc.timeout.min = 5s (custom)
2019-07-14 02:44:39,818 INFO  server.RaftServerConfigKeys (ConfUtils.java:logGet(43)) - raft.server.sleep.deviation.threshold = 300 (default)
2019-07-14 02:44:39,818 INFO  server.RaftServerConfigKeys (ConfUtils.java:logGet(43)) - raft.server.rpc.timeout.max = 5200ms (custom)
2019-07-14 02:44:39,818 INFO  server.RaftServerConfigKeys (ConfUtils.java:logGet(43)) - raft.server.log.appender.install.snapshot.enabled = false (custom)
2019-07-14 02:44:39,818 INFO  server.RaftServerConfigKeys (ConfUtils.java:logGet(43)) - raft.server.rpcslowness.timeout = 120s (custom)
2019-07-14 02:44:39,818 INFO  impl.RaftServerImpl (ServerState.java:<init>(105)) - fc824039-8c63-4f10-92c4-37d5470c1424:group-513D078D8275 ConfigurationManager, init=-1: [fc824039-8c63-4f10-92c4-37d5470c1424:192.168.157.236:35262, c5d614ef-dafc-48c4-88f9-7d3a89976db4:192.168.157.236:44133, 66b2efc6-514d-46a0-861d-46537d529627:192.168.157.236:34912], old=null, confs=<EMPTY_MAP>
2019-07-14 02:44:39,818 INFO  server.RaftServerConfigKeys (ConfUtils.java:logGet(43)) - raft.server.sleep.deviation.threshold = 300 (default)
2019-07-14 02:44:39,818 INFO  impl.RaftServerImpl (RaftServerImpl.java:<init>(93)) - c5d614ef-dafc-48c4-88f9-7d3a89976db4: new RaftServerImpl for group-513D078D8275:[fc824039-8c63-4f10-92c4-37d5470c1424:192.168.157.236:35262, c5d614ef-dafc-48c4-88f9-7d3a89976db4:192.168.157.236:44133, 66b2efc6-514d-46a0-861d-46537d529627:192.168.157.236:34912] with ContainerStateMachine:uninitialized
2019-07-14 02:44:39,818 INFO  server.RaftServerConfigKeys (ConfUtils.java:logGet(43)) - raft.server.log.appender.install.snapshot.enabled = false (custom)
2019-07-14 02:44:39,818 INFO  server.RaftServerConfigKeys (ConfUtils.java:logGet(43)) - raft.server.storage.dir = [/tmp/workdir/hadoop-ozone/integration-test/target/test-dir/MiniOzoneClusterImpl-fe579810-8e9f-469f-84e5-6868cd12b3c7/datanode-3/data/ratis] (custom)
2019-07-14 02:44:39,819 INFO  impl.RaftServerImpl (ServerState.java:<init>(105)) - 66b2efc6-514d-46a0-861d-46537d529627:group-513D078D8275 ConfigurationManager, init=-1: [fc824039-8c63-4f10-92c4-37d5470c1424:192.168.157.236:35262, c5d614ef-dafc-48c4-88f9-7d3a89976db4:192.168.157.236:44133, 66b2efc6-514d-46a0-861d-46537d529627:192.168.157.236:34912], old=null, confs=<EMPTY_MAP>
2019-07-14 02:44:39,819 INFO  server.RaftServerConfigKeys (ConfUtils.java:logGet(43)) - raft.server.rpc.timeout.min = 5s (custom)
2019-07-14 02:44:39,819 INFO  server.RaftServerConfigKeys (ConfUtils.java:logGet(43)) - raft.server.storage.dir = [/tmp/workdir/hadoop-ozone/integration-test/target/test-dir/MiniOzoneClusterImpl-fe579810-8e9f-469f-84e5-6868cd12b3c7/datanode-2/data/ratis] (custom)
2019-07-14 02:44:39,819 INFO  storage.RaftStorageDirectory (RaftStorageDirectory.java:analyzeStorage(246)) - The storage directory /tmp/workdir/hadoop-ozone/integration-test/target/test-dir/MiniOzoneClusterImpl-fe579810-8e9f-469f-84e5-6868cd12b3c7/datanode-3/data/ratis/771bcbde-3c38-4835-9441-513d078d8275 does not exist. Creating ...
2019-07-14 02:44:39,819 INFO  server.RaftServerConfigKeys (ConfUtils.java:logGet(43)) - raft.server.rpc.timeout.max = 5200ms (custom)
2019-07-14 02:44:39,819 INFO  storage.RaftStorageDirectory (RaftStorageDirectory.java:analyzeStorage(246)) - The storage directory /tmp/workdir/hadoop-ozone/integration-test/target/test-dir/MiniOzoneClusterImpl-fe579810-8e9f-469f-84e5-6868cd12b3c7/datanode-2/data/ratis/771bcbde-3c38-4835-9441-513d078d8275 does not exist. Creating ...
2019-07-14 02:44:39,819 INFO  server.RaftServerConfigKeys (ConfUtils.java:logGet(43)) - raft.server.rpcslowness.timeout = 120s (custom)
2019-07-14 02:44:39,819 INFO  server.RaftServerConfigKeys (ConfUtils.java:logGet(43)) - raft.server.sleep.deviation.threshold = 300 (default)
2019-07-14 02:44:39,820 INFO  server.RaftServerConfigKeys (ConfUtils.java:logGet(43)) - raft.server.log.appender.install.snapshot.enabled = false (custom)
2019-07-14 02:44:39,820 INFO  impl.RaftServerImpl (ServerState.java:<init>(105)) - c5d614ef-dafc-48c4-88f9-7d3a89976db4:group-513D078D8275 ConfigurationManager, init=-1: [fc824039-8c63-4f10-92c4-37d5470c1424:192.168.157.236:35262, c5d614ef-dafc-48c4-88f9-7d3a89976db4:192.168.157.236:44133, 66b2efc6-514d-46a0-861d-46537d529627:192.168.157.236:34912], old=null, confs=<EMPTY_MAP>
2019-07-14 02:44:39,820 INFO  server.RaftServerConfigKeys (ConfUtils.java:logGet(43)) - raft.server.storage.dir = [/tmp/workdir/hadoop-ozone/integration-test/target/test-dir/MiniOzoneClusterImpl-fe579810-8e9f-469f-84e5-6868cd12b3c7/datanode-5/data/ratis] (custom)
2019-07-14 02:44:39,820 INFO  storage.RaftStorageDirectory (RaftStorageDirectory.java:analyzeStorage(246)) - The storage directory /tmp/workdir/hadoop-ozone/integration-test/target/test-dir/MiniOzoneClusterImpl-fe579810-8e9f-469f-84e5-6868cd12b3c7/datanode-5/data/ratis/771bcbde-3c38-4835-9441-513d078d8275 does not exist. Creating ...
2019-07-14 02:44:39,833 INFO  storage.RaftStorageDirectory (RaftStorageDirectory.java:tryLock(328)) - Lock on /tmp/workdir/hadoop-ozone/integration-test/target/test-dir/MiniOzoneClusterImpl-fe579810-8e9f-469f-84e5-6868cd12b3c7/datanode-5/data/ratis/771bcbde-3c38-4835-9441-513d078d8275/in_use.lock acquired by nodename 24822@trunk-nightly-k88cw-3644625431
2019-07-14 02:44:39,833 INFO  storage.RaftStorageDirectory (RaftStorageDirectory.java:tryLock(328)) - Lock on /tmp/workdir/hadoop-ozone/integration-test/target/test-dir/MiniOzoneClusterImpl-fe579810-8e9f-469f-84e5-6868cd12b3c7/datanode-3/data/ratis/771bcbde-3c38-4835-9441-513d078d8275/in_use.lock acquired by nodename 24822@trunk-nightly-k88cw-3644625431
2019-07-14 02:44:39,833 INFO  storage.RaftStorageDirectory (RaftStorageDirectory.java:tryLock(328)) - Lock on /tmp/workdir/hadoop-ozone/integration-test/target/test-dir/MiniOzoneClusterImpl-fe579810-8e9f-469f-84e5-6868cd12b3c7/datanode-2/data/ratis/771bcbde-3c38-4835-9441-513d078d8275/in_use.lock acquired by nodename 24822@trunk-nightly-k88cw-3644625431
2019-07-14 02:44:39,850 INFO  rpc.RpcClient (RpcClient.java:createVolume(287)) - Creating Volume: testblockoutputstreamwithretries, with jenkins1000 as owner.
2019-07-14 02:44:39,854 INFO  storage.RaftStorage (RaftStorage.java:format(72)) - Storage directory /tmp/workdir/hadoop-ozone/integration-test/target/test-dir/MiniOzoneClusterImpl-fe579810-8e9f-469f-84e5-6868cd12b3c7/datanode-2/data/ratis/771bcbde-3c38-4835-9441-513d078d8275 has been successfully formatted.
2019-07-14 02:44:39,854 INFO  storage.RaftStorage (RaftStorage.java:format(72)) - Storage directory /tmp/workdir/hadoop-ozone/integration-test/target/test-dir/MiniOzoneClusterImpl-fe579810-8e9f-469f-84e5-6868cd12b3c7/datanode-3/data/ratis/771bcbde-3c38-4835-9441-513d078d8275 has been successfully formatted.
2019-07-14 02:44:39,854 INFO  storage.RaftStorage (RaftStorage.java:format(72)) - Storage directory /tmp/workdir/hadoop-ozone/integration-test/target/test-dir/MiniOzoneClusterImpl-fe579810-8e9f-469f-84e5-6868cd12b3c7/datanode-5/data/ratis/771bcbde-3c38-4835-9441-513d078d8275 has been successfully formatted.
2019-07-14 02:44:39,854 INFO  ratis.ContainerStateMachine (ContainerStateMachine.java:loadSnapshot(200)) - The snapshot info is null.Setting the last applied index to:(t:0, i:~)
2019-07-14 02:44:39,854 INFO  ratis.ContainerStateMachine (ContainerStateMachine.java:loadSnapshot(200)) - The snapshot info is null.Setting the last applied index to:(t:0, i:~)
2019-07-14 02:44:39,854 INFO  ratis.ContainerStateMachine (ContainerStateMachine.java:loadSnapshot(200)) - The snapshot info is null.Setting the last applied index to:(t:0, i:~)
2019-07-14 02:44:39,854 INFO  server.RaftServerConfigKeys (ConfUtils.java:logGet(43)) - raft.server.leader.election.timeout = 120s (custom)
2019-07-14 02:44:39,855 INFO  server.RaftServerConfigKeys (ConfUtils.java:logGet(43)) - raft.server.leader.election.timeout = 120s (custom)
2019-07-14 02:44:39,855 INFO  server.RaftServerConfigKeys (ConfUtils.java:logGet(43)) - raft.server.leader.election.timeout = 120s (custom)
2019-07-14 02:44:39,855 INFO  server.RaftServerConfigKeys (ConfUtils.java:logGet(43)) - raft.server.log.use.memory = false (default)
2019-07-14 02:44:39,855 INFO  server.RaftServerConfigKeys (ConfUtils.java:logGet(43)) - raft.server.log.use.memory = false (default)
2019-07-14 02:44:39,855 INFO  server.RaftServerConfigKeys (ConfUtils.java:logGet(43)) - raft.server.log.purge.gap = 1000000000 (custom)
2019-07-14 02:44:39,855 INFO  server.RaftServerConfigKeys (ConfUtils.java:logGet(43)) - raft.server.log.use.memory = false (default)
2019-07-14 02:44:39,856 INFO  server.RaftServerConfigKeys (ConfUtils.java:logGet(43)) - raft.server.log.appender.buffer.byte-limit = 33554432 (custom)
2019-07-14 02:44:39,855 INFO  server.RaftServerConfigKeys (ConfUtils.java:logGet(43)) - raft.server.log.purge.gap = 1000000000 (custom)
2019-07-14 02:44:39,856 INFO  server.RaftServerConfigKeys (ConfUtils.java:logGet(43)) - raft.server.log.segment.size.max = 1048576 (custom)
2019-07-14 02:44:39,856 INFO  server.RaftServerConfigKeys (ConfUtils.java:logGet(43)) - raft.server.log.purge.gap = 1000000000 (custom)
2019-07-14 02:44:39,856 INFO  server.RaftServerConfigKeys (ConfUtils.java:logGet(43)) - raft.server.log.segment.cache.num.max = 2 (custom)
2019-07-14 02:44:39,856 INFO  server.RaftServerConfigKeys (ConfUtils.java:logGet(43)) - raft.server.log.appender.buffer.byte-limit = 33554432 (custom)
2019-07-14 02:44:39,856 INFO  segmented.SegmentedRaftLogWorker (SegmentedRaftLogWorker.java:<init>(172)) - new c5d614ef-dafc-48c4-88f9-7d3a89976db4-SegmentedRaftLogWorker:Storage Directory /tmp/workdir/hadoop-ozone/integration-test/target/test-dir/MiniOzoneClusterImpl-fe579810-8e9f-469f-84e5-6868cd12b3c7/datanode-5/data/ratis/771bcbde-3c38-4835-9441-513d078d8275 for RaftStorage:Storage Directory /tmp/workdir/hadoop-ozone/integration-test/target/test-dir/MiniOzoneClusterImpl-fe579810-8e9f-469f-84e5-6868cd12b3c7/datanode-5/data/ratis/771bcbde-3c38-4835-9441-513d078d8275
2019-07-14 02:44:39,856 INFO  server.RaftServerConfigKeys (ConfUtils.java:logGet(43)) - raft.server.log.appender.buffer.byte-limit = 33554432 (custom)
2019-07-14 02:44:39,856 INFO  server.RaftServerConfigKeys (ConfUtils.java:logGet(43)) - raft.server.log.segment.size.max = 1048576 (custom)
2019-07-14 02:44:39,857 INFO  server.RaftServerConfigKeys (ConfUtils.java:logGet(43)) - raft.server.log.queue.byte-limit = 2147483647 (custom)
2019-07-14 02:44:39,858 INFO  server.RaftServerConfigKeys (ConfUtils.java:logGet(43)) - raft.server.log.segment.size.max = 1048576 (custom)
2019-07-14 02:44:39,859 INFO  server.RaftServerConfigKeys (ConfUtils.java:logGet(43)) - raft.server.log.queue.element-limit = 1024 (custom)
2019-07-14 02:44:39,858 INFO  server.RaftServerConfigKeys (ConfUtils.java:logGet(43)) - raft.server.log.segment.cache.num.max = 2 (custom)
2019-07-14 02:44:39,859 INFO  server.RaftServerConfigKeys (ConfUtils.java:logGet(43)) - raft.server.log.segment.size.max = 1048576 (custom)
2019-07-14 02:44:39,859 INFO  server.RaftServerConfigKeys (ConfUtils.java:logGet(43)) - raft.server.log.segment.cache.num.max = 2 (custom)
2019-07-14 02:44:39,861 INFO  server.RaftServerConfigKeys (ConfUtils.java:logGet(43)) - raft.server.log.preallocated.size = 16384 (custom)
2019-07-14 02:44:39,859 INFO  segmented.SegmentedRaftLogWorker (SegmentedRaftLogWorker.java:<init>(172)) - new fc824039-8c63-4f10-92c4-37d5470c1424-SegmentedRaftLogWorker:Storage Directory /tmp/workdir/hadoop-ozone/integration-test/target/test-dir/MiniOzoneClusterImpl-fe579810-8e9f-469f-84e5-6868cd12b3c7/datanode-3/data/ratis/771bcbde-3c38-4835-9441-513d078d8275 for RaftStorage:Storage Directory /tmp/workdir/hadoop-ozone/integration-test/target/test-dir/MiniOzoneClusterImpl-fe579810-8e9f-469f-84e5-6868cd12b3c7/datanode-3/data/ratis/771bcbde-3c38-4835-9441-513d078d8275
2019-07-14 02:44:39,861 INFO  server.RaftServerConfigKeys (ConfUtils.java:logGet(43)) - raft.server.log.write.buffer.size = 33554432 (custom)
2019-07-14 02:44:39,861 INFO  segmented.SegmentedRaftLogWorker (SegmentedRaftLogWorker.java:<init>(172)) - new 66b2efc6-514d-46a0-861d-46537d529627-SegmentedRaftLogWorker:Storage Directory /tmp/workdir/hadoop-ozone/integration-test/target/test-dir/MiniOzoneClusterImpl-fe579810-8e9f-469f-84e5-6868cd12b3c7/datanode-2/data/ratis/771bcbde-3c38-4835-9441-513d078d8275 for RaftStorage:Storage Directory /tmp/workdir/hadoop-ozone/integration-test/target/test-dir/MiniOzoneClusterImpl-fe579810-8e9f-469f-84e5-6868cd12b3c7/datanode-2/data/ratis/771bcbde-3c38-4835-9441-513d078d8275
2019-07-14 02:44:39,861 INFO  server.RaftServerConfigKeys (ConfUtils.java:logGet(43)) - raft.server.log.force.sync.num = 128 (default)
2019-07-14 02:44:39,861 INFO  server.RaftServerConfigKeys (ConfUtils.java:logGet(43)) - raft.server.log.queue.byte-limit = 2147483647 (custom)
2019-07-14 02:44:39,863 INFO  server.RaftServerConfigKeys (ConfUtils.java:logGet(43)) - raft.server.log.statemachine.data.sync = true (default)
2019-07-14 02:44:39,863 INFO  server.RaftServerConfigKeys (ConfUtils.java:logGet(43)) - raft.server.log.queue.byte-limit = 2147483647 (custom)
2019-07-14 02:44:39,865 INFO  server.RaftServerConfigKeys (ConfUtils.java:logGet(43)) - raft.server.log.statemachine.data.sync.timeout = 10s (default)
2019-07-14 02:44:39,865 INFO  server.RaftServerConfigKeys (ConfUtils.java:logGet(43)) - raft.server.log.queue.element-limit = 1024 (custom)
2019-07-14 02:44:39,865 INFO  server.RaftServerConfigKeys (ConfUtils.java:logGet(43)) - raft.server.log.statemachine.data.sync.timeout.retry = -1 (default)
2019-07-14 02:44:39,865 INFO  server.RaftServerConfigKeys (ConfUtils.java:logGet(43)) - raft.server.log.queue.element-limit = 1024 (custom)
2019-07-14 02:44:39,865 INFO  server.RaftServerConfigKeys (ConfUtils.java:logGet(43)) - raft.server.log.statemachine.data.caching.enabled = true (custom)
2019-07-14 02:44:39,865 INFO  server.RaftServerConfigKeys (ConfUtils.java:logGet(43)) - raft.server.log.segment.size.max = 1048576 (custom)
2019-07-14 02:44:39,865 INFO  server.RaftServerConfigKeys (ConfUtils.java:logGet(43)) - raft.server.log.segment.size.max = 1048576 (custom)
2019-07-14 02:44:39,866 INFO  segmented.SegmentedRaftLogWorker (SegmentedRaftLogWorker.java:lambda$new$0(132)) - c5d614ef-dafc-48c4-88f9-7d3a89976db4-SegmentedRaftLogWorker:Storage Directory /tmp/workdir/hadoop-ozone/integration-test/target/test-dir/MiniOzoneClusterImpl-fe579810-8e9f-469f-84e5-6868cd12b3c7/datanode-5/data/ratis/771bcbde-3c38-4835-9441-513d078d8275: flushIndex: setUnconditionally 0 -> -1
2019-07-14 02:44:39,866 INFO  server.RaftServerConfigKeys (ConfUtils.java:logGet(43)) - raft.server.log.preallocated.size = 16384 (custom)
2019-07-14 02:44:39,866 INFO  server.RaftServerConfigKeys (ConfUtils.java:logGet(43)) - raft.server.log.preallocated.size = 16384 (custom)
2019-07-14 02:44:39,866 INFO  server.RaftServerConfigKeys (ConfUtils.java:logGet(43)) - raft.server.snapshot.auto.trigger.enabled = true (custom)
2019-07-14 02:44:39,866 INFO  server.RaftServerConfigKeys (ConfUtils.java:logGet(43)) - raft.server.log.write.buffer.size = 33554432 (custom)
2019-07-14 02:44:39,866 INFO  server.RaftServerConfigKeys (ConfUtils.java:logGet(43)) - raft.server.snapshot.auto.trigger.threshold = 10000 (custom)
2019-07-14 02:44:39,866 INFO  server.RaftServerConfigKeys (ConfUtils.java:logGet(43)) - raft.server.log.write.buffer.size = 33554432 (custom)
2019-07-14 02:44:39,866 INFO  server.RaftServerConfigKeys (ConfUtils.java:logGet(43)) - raft.server.log.force.sync.num = 128 (default)
2019-07-14 02:44:39,866 INFO  server.RaftServerConfigKeys (ConfUtils.java:logGet(43)) - raft.server.log.force.sync.num = 128 (default)
2019-07-14 02:44:39,866 INFO  server.RaftServerConfigKeys (ConfUtils.java:logGet(43)) - raft.server.retrycache.expirytime = 600000ms (custom)
2019-07-14 02:44:39,867 INFO  server.RaftServerConfigKeys (ConfUtils.java:logGet(43)) - raft.server.log.statemachine.data.sync = true (default)
2019-07-14 02:44:39,867 INFO  impl.RaftServerImpl (RaftServerImpl.java:start(180)) - c5d614ef-dafc-48c4-88f9-7d3a89976db4: start group-513D078D8275
2019-07-14 02:44:39,866 INFO  server.RaftServerConfigKeys (ConfUtils.java:logGet(43)) - raft.server.log.statemachine.data.sync = true (default)
2019-07-14 02:44:39,867 INFO  impl.RaftServerImpl (RaftServerImpl.java:setRole(171)) - c5d614ef-dafc-48c4-88f9-7d3a89976db4:group-513D078D8275 changes role from null to FOLLOWER at term 0 for startAsFollower
2019-07-14 02:44:39,867 INFO  server.RaftServerConfigKeys (ConfUtils.java:logGet(43)) - raft.server.log.statemachine.data.sync.timeout = 10s (default)
2019-07-14 02:44:39,867 INFO  impl.RoleInfo (RoleInfo.java:updateAndGet(143)) - c5d614ef-dafc-48c4-88f9-7d3a89976db4: start FollowerState
2019-07-14 02:44:39,867 INFO  server.RaftServerConfigKeys (ConfUtils.java:logGet(43)) - raft.server.log.statemachine.data.sync.timeout = 10s (default)
2019-07-14 02:44:39,867 INFO  server.RaftServerConfigKeys (ConfUtils.java:logGet(43)) - raft.server.log.statemachine.data.sync.timeout.retry = -1 (default)
2019-07-14 02:44:39,868 INFO  server.RaftServerConfigKeys (ConfUtils.java:logGet(43)) - raft.server.log.statemachine.data.sync.timeout.retry = -1 (default)
2019-07-14 02:44:39,868 INFO  server.RaftServerConfigKeys (ConfUtils.java:logGet(43)) - raft.server.log.statemachine.data.caching.enabled = true (custom)
2019-07-14 02:44:39,868 INFO  util.JmxRegister (JmxRegister.java:tryRegister(44)) - Successfully registered JMX Bean with object name Ratis:service=RaftServer,group=group-513D078D8275,id=c5d614ef-dafc-48c4-88f9-7d3a89976db4
2019-07-14 02:44:39,868 INFO  server.RaftServerConfigKeys (ConfUtils.java:logGet(43)) - raft.server.log.statemachine.data.caching.enabled = true (custom)
2019-07-14 02:44:39,868 INFO  segmented.SegmentedRaftLogWorker (SegmentedRaftLogWorker.java:lambda$new$0(132)) - 66b2efc6-514d-46a0-861d-46537d529627-SegmentedRaftLogWorker:Storage Directory /tmp/workdir/hadoop-ozone/integration-test/target/test-dir/MiniOzoneClusterImpl-fe579810-8e9f-469f-84e5-6868cd12b3c7/datanode-2/data/ratis/771bcbde-3c38-4835-9441-513d078d8275: flushIndex: setUnconditionally 0 -> -1
2019-07-14 02:44:39,868 INFO  segmented.SegmentedRaftLogWorker (SegmentedRaftLogWorker.java:lambda$new$0(132)) - fc824039-8c63-4f10-92c4-37d5470c1424-SegmentedRaftLogWorker:Storage Directory /tmp/workdir/hadoop-ozone/integration-test/target/test-dir/MiniOzoneClusterImpl-fe579810-8e9f-469f-84e5-6868cd12b3c7/datanode-3/data/ratis/771bcbde-3c38-4835-9441-513d078d8275: flushIndex: setUnconditionally 0 -> -1
2019-07-14 02:44:39,868 INFO  server.RaftServerConfigKeys (ConfUtils.java:logGet(43)) - raft.server.snapshot.auto.trigger.enabled = true (custom)
2019-07-14 02:44:39,868 INFO  server.RaftServerConfigKeys (ConfUtils.java:logGet(43)) - raft.server.snapshot.auto.trigger.threshold = 10000 (custom)
2019-07-14 02:44:39,869 INFO  server.RaftServerConfigKeys (ConfUtils.java:logGet(43)) - raft.server.snapshot.auto.trigger.enabled = true (custom)
2019-07-14 02:44:39,869 INFO  server.RaftServerConfigKeys (ConfUtils.java:logGet(43)) - raft.server.retrycache.expirytime = 600000ms (custom)
2019-07-14 02:44:39,869 INFO  server.RaftServerConfigKeys (ConfUtils.java:logGet(43)) - raft.server.snapshot.auto.trigger.threshold = 10000 (custom)
2019-07-14 02:44:39,869 INFO  impl.RaftServerImpl (RaftServerImpl.java:start(180)) - 66b2efc6-514d-46a0-861d-46537d529627: start group-513D078D8275
2019-07-14 02:44:39,869 INFO  server.RaftServerConfigKeys (ConfUtils.java:logGet(43)) - raft.server.retrycache.expirytime = 600000ms (custom)
2019-07-14 02:44:39,869 INFO  impl.RaftServerImpl (RaftServerImpl.java:setRole(171)) - 66b2efc6-514d-46a0-861d-46537d529627:group-513D078D8275 changes role from null to FOLLOWER at term 0 for startAsFollower
2019-07-14 02:44:39,869 INFO  impl.RaftServerImpl (RaftServerImpl.java:start(180)) - fc824039-8c63-4f10-92c4-37d5470c1424: start group-513D078D8275
2019-07-14 02:44:39,869 INFO  impl.RoleInfo (RoleInfo.java:updateAndGet(143)) - 66b2efc6-514d-46a0-861d-46537d529627: start FollowerState
2019-07-14 02:44:39,869 INFO  impl.RaftServerImpl (RaftServerImpl.java:setRole(171)) - fc824039-8c63-4f10-92c4-37d5470c1424:group-513D078D8275 changes role from null to FOLLOWER at term 0 for startAsFollower
2019-07-14 02:44:39,869 INFO  impl.RoleInfo (RoleInfo.java:updateAndGet(143)) - fc824039-8c63-4f10-92c4-37d5470c1424: start FollowerState
2019-07-14 02:44:39,870 INFO  util.JmxRegister (JmxRegister.java:tryRegister(44)) - Successfully registered JMX Bean with object name Ratis:service=RaftServer,group=group-513D078D8275,id=66b2efc6-514d-46a0-861d-46537d529627
2019-07-14 02:44:39,872 INFO  util.JmxRegister (JmxRegister.java:tryRegister(44)) - Successfully registered JMX Bean with object name Ratis:service=RaftServer,group=group-513D078D8275,id=fc824039-8c63-4f10-92c4-37d5470c1424
2019-07-14 02:44:39,895 INFO  pipeline.PipelineStateManager (PipelineStateManager.java:addPipeline(56)) - Created pipeline Pipeline[ Id: 771bcbde-3c38-4835-9441-513d078d8275, Nodes: fc824039-8c63-4f10-92c4-37d5470c1424{ip: 192.168.157.236, host: trunk-nightly-k88cw-3644625431, networkLocation: /default-rack, certSerialId: null}c5d614ef-dafc-48c4-88f9-7d3a89976db4{ip: 192.168.157.236, host: trunk-nightly-k88cw-3644625431, networkLocation: /default-rack, certSerialId: null}66b2efc6-514d-46a0-861d-46537d529627{ip: 192.168.157.236, host: trunk-nightly-k88cw-3644625431, networkLocation: /default-rack, certSerialId: null}, Type:RATIS, Factor:THREE, State:OPEN]
2019-07-14 02:44:39,940 INFO  impl.RaftServerProxy (RaftServerProxy.java:addNew(89)) - 242dab13-59e3-47fe-a0e1-d38b83783c72: addNew group-9E60D46220E2:[d24af681-3959-44cc-8250-d948d0c6ed13:192.168.157.236:40300, 242dab13-59e3-47fe-a0e1-d38b83783c72:192.168.157.236:37606, bd6c4a95-4cdb-4174-b847-fd048ae710b0:192.168.157.236:37224] returns group-9E60D46220E2:java.util.concurrent.CompletableFuture@44c45242[Not completed]
2019-07-14 02:44:39,940 INFO  impl.RaftServerProxy (RaftServerProxy.java:addNew(89)) - d24af681-3959-44cc-8250-d948d0c6ed13: addNew group-9E60D46220E2:[d24af681-3959-44cc-8250-d948d0c6ed13:192.168.157.236:40300, 242dab13-59e3-47fe-a0e1-d38b83783c72:192.168.157.236:37606, bd6c4a95-4cdb-4174-b847-fd048ae710b0:192.168.157.236:37224] returns group-9E60D46220E2:java.util.concurrent.CompletableFuture@67ab862e[Not completed]
2019-07-14 02:44:39,940 INFO  impl.RaftServerProxy (RaftServerProxy.java:addNew(89)) - bd6c4a95-4cdb-4174-b847-fd048ae710b0: addNew group-9E60D46220E2:[d24af681-3959-44cc-8250-d948d0c6ed13:192.168.157.236:40300, 242dab13-59e3-47fe-a0e1-d38b83783c72:192.168.157.236:37606, bd6c4a95-4cdb-4174-b847-fd048ae710b0:192.168.157.236:37224] returns group-9E60D46220E2:java.util.concurrent.CompletableFuture@7c7a6bc2[Not completed]
2019-07-14 02:44:39,946 INFO  impl.RaftServerImpl (RaftServerImpl.java:<init>(93)) - bd6c4a95-4cdb-4174-b847-fd048ae710b0: new RaftServerImpl for group-9E60D46220E2:[d24af681-3959-44cc-8250-d948d0c6ed13:192.168.157.236:40300, 242dab13-59e3-47fe-a0e1-d38b83783c72:192.168.157.236:37606, bd6c4a95-4cdb-4174-b847-fd048ae710b0:192.168.157.236:37224] with ContainerStateMachine:uninitialized
2019-07-14 02:44:39,946 INFO  server.RaftServerConfigKeys (ConfUtils.java:logGet(43)) - raft.server.rpc.timeout.min = 5s (custom)
2019-07-14 02:44:39,946 INFO  server.RaftServerConfigKeys (ConfUtils.java:logGet(43)) - raft.server.rpc.timeout.max = 5200ms (custom)
2019-07-14 02:44:39,946 INFO  server.RaftServerConfigKeys (ConfUtils.java:logGet(43)) - raft.server.rpcslowness.timeout = 120s (custom)
2019-07-14 02:44:39,946 INFO  server.RaftServerConfigKeys (ConfUtils.java:logGet(43)) - raft.server.sleep.deviation.threshold = 300 (default)
2019-07-14 02:44:39,946 INFO  server.RaftServerConfigKeys (ConfUtils.java:logGet(43)) - raft.server.log.appender.install.snapshot.enabled = false (custom)
2019-07-14 02:44:39,946 INFO  impl.RaftServerImpl (ServerState.java:<init>(105)) - bd6c4a95-4cdb-4174-b847-fd048ae710b0:group-9E60D46220E2 ConfigurationManager, init=-1: [d24af681-3959-44cc-8250-d948d0c6ed13:192.168.157.236:40300, 242dab13-59e3-47fe-a0e1-d38b83783c72:192.168.157.236:37606, bd6c4a95-4cdb-4174-b847-fd048ae710b0:192.168.157.236:37224], old=null, confs=<EMPTY_MAP>
2019-07-14 02:44:39,947 INFO  server.RaftServerConfigKeys (ConfUtils.java:logGet(43)) - raft.server.storage.dir = [/tmp/workdir/hadoop-ozone/integration-test/target/test-dir/MiniOzoneClusterImpl-fe579810-8e9f-469f-84e5-6868cd12b3c7/datanode-4/data/ratis] (custom)
2019-07-14 02:44:39,947 INFO  impl.RaftServerImpl (RaftServerImpl.java:<init>(93)) - 242dab13-59e3-47fe-a0e1-d38b83783c72: new RaftServerImpl for group-9E60D46220E2:[d24af681-3959-44cc-8250-d948d0c6ed13:192.168.157.236:40300, 242dab13-59e3-47fe-a0e1-d38b83783c72:192.168.157.236:37606, bd6c4a95-4cdb-4174-b847-fd048ae710b0:192.168.157.236:37224] with ContainerStateMachine:uninitialized
2019-07-14 02:44:39,947 INFO  server.RaftServerConfigKeys (ConfUtils.java:logGet(43)) - raft.server.rpc.timeout.min = 5s (custom)
2019-07-14 02:44:39,947 INFO  storage.RaftStorageDirectory (RaftStorageDirectory.java:analyzeStorage(246)) - The storage directory /tmp/workdir/hadoop-ozone/integration-test/target/test-dir/MiniOzoneClusterImpl-fe579810-8e9f-469f-84e5-6868cd12b3c7/datanode-4/data/ratis/899114a6-ccdd-4f9f-9986-9e60d46220e2 does not exist. Creating ...
2019-07-14 02:44:39,947 INFO  server.RaftServerConfigKeys (ConfUtils.java:logGet(43)) - raft.server.rpc.timeout.max = 5200ms (custom)
2019-07-14 02:44:39,947 INFO  server.RaftServerConfigKeys (ConfUtils.java:logGet(43)) - raft.server.rpcslowness.timeout = 120s (custom)
2019-07-14 02:44:39,947 INFO  impl.RaftServerImpl (RaftServerImpl.java:<init>(93)) - d24af681-3959-44cc-8250-d948d0c6ed13: new RaftServerImpl for group-9E60D46220E2:[d24af681-3959-44cc-8250-d948d0c6ed13:192.168.157.236:40300, 242dab13-59e3-47fe-a0e1-d38b83783c72:192.168.157.236:37606, bd6c4a95-4cdb-4174-b847-fd048ae710b0:192.168.157.236:37224] with ContainerStateMachine:uninitialized
2019-07-14 02:44:39,947 INFO  server.RaftServerConfigKeys (ConfUtils.java:logGet(43)) - raft.server.sleep.deviation.threshold = 300 (default)
2019-07-14 02:44:39,950 INFO  server.RaftServerConfigKeys (ConfUtils.java:logGet(43)) - raft.server.rpc.timeout.min = 5s (custom)
2019-07-14 02:44:39,950 INFO  server.RaftServerConfigKeys (ConfUtils.java:logGet(43)) - raft.server.log.appender.install.snapshot.enabled = false (custom)
2019-07-14 02:44:39,950 INFO  server.RaftServerConfigKeys (ConfUtils.java:logGet(43)) - raft.server.rpc.timeout.max = 5200ms (custom)
2019-07-14 02:44:39,950 INFO  impl.RaftServerImpl (ServerState.java:<init>(105)) - 242dab13-59e3-47fe-a0e1-d38b83783c72:group-9E60D46220E2 ConfigurationManager, init=-1: [d24af681-3959-44cc-8250-d948d0c6ed13:192.168.157.236:40300, 242dab13-59e3-47fe-a0e1-d38b83783c72:192.168.157.236:37606, bd6c4a95-4cdb-4174-b847-fd048ae710b0:192.168.157.236:37224], old=null, confs=<EMPTY_MAP>
2019-07-14 02:44:39,950 INFO  server.RaftServerConfigKeys (ConfUtils.java:logGet(43)) - raft.server.rpcslowness.timeout = 120s (custom)
2019-07-14 02:44:39,950 INFO  server.RaftServerConfigKeys (ConfUtils.java:logGet(43)) - raft.server.storage.dir = [/tmp/workdir/hadoop-ozone/integration-test/target/test-dir/MiniOzoneClusterImpl-fe579810-8e9f-469f-84e5-6868cd12b3c7/datanode-6/data/ratis] (custom)
2019-07-14 02:44:39,950 INFO  server.RaftServerConfigKeys (ConfUtils.java:logGet(43)) - raft.server.sleep.deviation.threshold = 300 (default)
2019-07-14 02:44:39,951 INFO  server.RaftServerConfigKeys (ConfUtils.java:logGet(43)) - raft.server.log.appender.install.snapshot.enabled = false (custom)
2019-07-14 02:44:39,951 INFO  storage.RaftStorageDirectory (RaftStorageDirectory.java:analyzeStorage(246)) - The storage directory /tmp/workdir/hadoop-ozone/integration-test/target/test-dir/MiniOzoneClusterImpl-fe579810-8e9f-469f-84e5-6868cd12b3c7/datanode-6/data/ratis/899114a6-ccdd-4f9f-9986-9e60d46220e2 does not exist. Creating ...
2019-07-14 02:44:39,951 INFO  impl.RaftServerImpl (ServerState.java:<init>(105)) - d24af681-3959-44cc-8250-d948d0c6ed13:group-9E60D46220E2 ConfigurationManager, init=-1: [d24af681-3959-44cc-8250-d948d0c6ed13:192.168.157.236:40300, 242dab13-59e3-47fe-a0e1-d38b83783c72:192.168.157.236:37606, bd6c4a95-4cdb-4174-b847-fd048ae710b0:192.168.157.236:37224], old=null, confs=<EMPTY_MAP>
2019-07-14 02:44:39,951 INFO  server.RaftServerConfigKeys (ConfUtils.java:logGet(43)) - raft.server.storage.dir = [/tmp/workdir/hadoop-ozone/integration-test/target/test-dir/MiniOzoneClusterImpl-fe579810-8e9f-469f-84e5-6868cd12b3c7/datanode-1/data/ratis] (custom)
2019-07-14 02:44:39,953 INFO  storage.RaftStorageDirectory (RaftStorageDirectory.java:analyzeStorage(246)) - The storage directory /tmp/workdir/hadoop-ozone/integration-test/target/test-dir/MiniOzoneClusterImpl-fe579810-8e9f-469f-84e5-6868cd12b3c7/datanode-1/data/ratis/899114a6-ccdd-4f9f-9986-9e60d46220e2 does not exist. Creating ...
2019-07-14 02:44:39,958 INFO  rpc.RpcClient (RpcClient.java:createBucket(424)) - Creating Bucket: testblockoutputstreamwithretries/testblockoutputstreamwithretries, with Versioning false and Storage Type set to DISK and Encryption set to false 
2019-07-14 02:44:39,961 INFO  storage.RaftStorageDirectory (RaftStorageDirectory.java:tryLock(328)) - Lock on /tmp/workdir/hadoop-ozone/integration-test/target/test-dir/MiniOzoneClusterImpl-fe579810-8e9f-469f-84e5-6868cd12b3c7/datanode-6/data/ratis/899114a6-ccdd-4f9f-9986-9e60d46220e2/in_use.lock acquired by nodename 24822@trunk-nightly-k88cw-3644625431
2019-07-14 02:44:39,961 INFO  storage.RaftStorageDirectory (RaftStorageDirectory.java:tryLock(328)) - Lock on /tmp/workdir/hadoop-ozone/integration-test/target/test-dir/MiniOzoneClusterImpl-fe579810-8e9f-469f-84e5-6868cd12b3c7/datanode-1/data/ratis/899114a6-ccdd-4f9f-9986-9e60d46220e2/in_use.lock acquired by nodename 24822@trunk-nightly-k88cw-3644625431
2019-07-14 02:44:39,961 INFO  storage.RaftStorageDirectory (RaftStorageDirectory.java:tryLock(328)) - Lock on /tmp/workdir/hadoop-ozone/integration-test/target/test-dir/MiniOzoneClusterImpl-fe579810-8e9f-469f-84e5-6868cd12b3c7/datanode-4/data/ratis/899114a6-ccdd-4f9f-9986-9e60d46220e2/in_use.lock acquired by nodename 24822@trunk-nightly-k88cw-3644625431
2019-07-14 02:44:39,977 INFO  storage.RaftStorage (RaftStorage.java:format(72)) - Storage directory /tmp/workdir/hadoop-ozone/integration-test/target/test-dir/MiniOzoneClusterImpl-fe579810-8e9f-469f-84e5-6868cd12b3c7/datanode-6/data/ratis/899114a6-ccdd-4f9f-9986-9e60d46220e2 has been successfully formatted.
2019-07-14 02:44:39,977 INFO  storage.RaftStorage (RaftStorage.java:format(72)) - Storage directory /tmp/workdir/hadoop-ozone/integration-test/target/test-dir/MiniOzoneClusterImpl-fe579810-8e9f-469f-84e5-6868cd12b3c7/datanode-1/data/ratis/899114a6-ccdd-4f9f-9986-9e60d46220e2 has been successfully formatted.
2019-07-14 02:44:39,977 INFO  storage.RaftStorage (RaftStorage.java:format(72)) - Storage directory /tmp/workdir/hadoop-ozone/integration-test/target/test-dir/MiniOzoneClusterImpl-fe579810-8e9f-469f-84e5-6868cd12b3c7/datanode-4/data/ratis/899114a6-ccdd-4f9f-9986-9e60d46220e2 has been successfully formatted.
2019-07-14 02:44:39,978 INFO  ratis.ContainerStateMachine (ContainerStateMachine.java:loadSnapshot(200)) - The snapshot info is null.Setting the last applied index to:(t:0, i:~)
2019-07-14 02:44:39,978 INFO  ratis.ContainerStateMachine (ContainerStateMachine.java:loadSnapshot(200)) - The snapshot info is null.Setting the last applied index to:(t:0, i:~)
2019-07-14 02:44:39,978 INFO  ratis.ContainerStateMachine (ContainerStateMachine.java:loadSnapshot(200)) - The snapshot info is null.Setting the last applied index to:(t:0, i:~)
2019-07-14 02:44:39,978 INFO  server.RaftServerConfigKeys (ConfUtils.java:logGet(43)) - raft.server.leader.election.timeout = 120s (custom)
2019-07-14 02:44:39,978 INFO  server.RaftServerConfigKeys (ConfUtils.java:logGet(43)) - raft.server.leader.election.timeout = 120s (custom)
2019-07-14 02:44:39,978 INFO  server.RaftServerConfigKeys (ConfUtils.java:logGet(43)) - raft.server.leader.election.timeout = 120s (custom)
2019-07-14 02:44:39,978 INFO  server.RaftServerConfigKeys (ConfUtils.java:logGet(43)) - raft.server.log.use.memory = false (default)
2019-07-14 02:44:39,978 INFO  server.RaftServerConfigKeys (ConfUtils.java:logGet(43)) - raft.server.log.use.memory = false (default)
2019-07-14 02:44:39,979 INFO  server.RaftServerConfigKeys (ConfUtils.java:logGet(43)) - raft.server.log.purge.gap = 1000000000 (custom)
2019-07-14 02:44:39,978 INFO  server.RaftServerConfigKeys (ConfUtils.java:logGet(43)) - raft.server.log.use.memory = false (default)
2019-07-14 02:44:39,979 INFO  server.RaftServerConfigKeys (ConfUtils.java:logGet(43)) - raft.server.log.appender.buffer.byte-limit = 33554432 (custom)
2019-07-14 02:44:39,979 INFO  server.RaftServerConfigKeys (ConfUtils.java:logGet(43)) - raft.server.log.purge.gap = 1000000000 (custom)
2019-07-14 02:44:39,979 INFO  server.RaftServerConfigKeys (ConfUtils.java:logGet(43)) - raft.server.log.purge.gap = 1000000000 (custom)
2019-07-14 02:44:39,979 INFO  server.RaftServerConfigKeys (ConfUtils.java:logGet(43)) - raft.server.log.appender.buffer.byte-limit = 33554432 (custom)
2019-07-14 02:44:39,979 INFO  server.RaftServerConfigKeys (ConfUtils.java:logGet(43)) - raft.server.log.segment.size.max = 1048576 (custom)
2019-07-14 02:44:39,980 INFO  server.RaftServerConfigKeys (ConfUtils.java:logGet(43)) - raft.server.log.segment.size.max = 1048576 (custom)
2019-07-14 02:44:39,980 INFO  server.RaftServerConfigKeys (ConfUtils.java:logGet(43)) - raft.server.log.segment.cache.num.max = 2 (custom)
2019-07-14 02:44:39,979 INFO  server.RaftServerConfigKeys (ConfUtils.java:logGet(43)) - raft.server.log.appender.buffer.byte-limit = 33554432 (custom)
2019-07-14 02:44:39,980 INFO  segmented.SegmentedRaftLogWorker (SegmentedRaftLogWorker.java:<init>(172)) - new bd6c4a95-4cdb-4174-b847-fd048ae710b0-SegmentedRaftLogWorker:Storage Directory /tmp/workdir/hadoop-ozone/integration-test/target/test-dir/MiniOzoneClusterImpl-fe579810-8e9f-469f-84e5-6868cd12b3c7/datanode-4/data/ratis/899114a6-ccdd-4f9f-9986-9e60d46220e2 for RaftStorage:Storage Directory /tmp/workdir/hadoop-ozone/integration-test/target/test-dir/MiniOzoneClusterImpl-fe579810-8e9f-469f-84e5-6868cd12b3c7/datanode-4/data/ratis/899114a6-ccdd-4f9f-9986-9e60d46220e2
2019-07-14 02:44:39,980 INFO  server.RaftServerConfigKeys (ConfUtils.java:logGet(43)) - raft.server.log.segment.cache.num.max = 2 (custom)
2019-07-14 02:44:39,980 INFO  server.RaftServerConfigKeys (ConfUtils.java:logGet(43)) - raft.server.log.queue.byte-limit = 2147483647 (custom)
2019-07-14 02:44:39,980 INFO  server.RaftServerConfigKeys (ConfUtils.java:logGet(43)) - raft.server.log.segment.size.max = 1048576 (custom)
2019-07-14 02:44:39,984 INFO  server.RaftServerConfigKeys (ConfUtils.java:logGet(43)) - raft.server.log.queue.element-limit = 1024 (custom)
2019-07-14 02:44:39,980 INFO  segmented.SegmentedRaftLogWorker (SegmentedRaftLogWorker.java:<init>(172)) - new 242dab13-59e3-47fe-a0e1-d38b83783c72-SegmentedRaftLogWorker:Storage Directory /tmp/workdir/hadoop-ozone/integration-test/target/test-dir/MiniOzoneClusterImpl-fe579810-8e9f-469f-84e5-6868cd12b3c7/datanode-6/data/ratis/899114a6-ccdd-4f9f-9986-9e60d46220e2 for RaftStorage:Storage Directory /tmp/workdir/hadoop-ozone/integration-test/target/test-dir/MiniOzoneClusterImpl-fe579810-8e9f-469f-84e5-6868cd12b3c7/datanode-6/data/ratis/899114a6-ccdd-4f9f-9986-9e60d46220e2
2019-07-14 02:44:39,984 INFO  server.RaftServerConfigKeys (ConfUtils.java:logGet(43)) - raft.server.log.segment.size.max = 1048576 (custom)
2019-07-14 02:44:39,984 INFO  server.RaftServerConfigKeys (ConfUtils.java:logGet(43)) - raft.server.log.segment.cache.num.max = 2 (custom)
2019-07-14 02:44:39,984 INFO  server.RaftServerConfigKeys (ConfUtils.java:logGet(43)) - raft.server.log.preallocated.size = 16384 (custom)
2019-07-14 02:44:39,984 INFO  server.RaftServerConfigKeys (ConfUtils.java:logGet(43)) - raft.server.log.queue.byte-limit = 2147483647 (custom)
2019-07-14 02:44:39,986 INFO  server.RaftServerConfigKeys (ConfUtils.java:logGet(43)) - raft.server.log.write.buffer.size = 33554432 (custom)
2019-07-14 02:44:39,986 INFO  segmented.SegmentedRaftLogWorker (SegmentedRaftLogWorker.java:<init>(172)) - new d24af681-3959-44cc-8250-d948d0c6ed13-SegmentedRaftLogWorker:Storage Directory /tmp/workdir/hadoop-ozone/integration-test/target/test-dir/MiniOzoneClusterImpl-fe579810-8e9f-469f-84e5-6868cd12b3c7/datanode-1/data/ratis/899114a6-ccdd-4f9f-9986-9e60d46220e2 for RaftStorage:Storage Directory /tmp/workdir/hadoop-ozone/integration-test/target/test-dir/MiniOzoneClusterImpl-fe579810-8e9f-469f-84e5-6868cd12b3c7/datanode-1/data/ratis/899114a6-ccdd-4f9f-9986-9e60d46220e2
2019-07-14 02:44:39,986 INFO  server.RaftServerConfigKeys (ConfUtils.java:logGet(43)) - raft.server.log.force.sync.num = 128 (default)
2019-07-14 02:44:39,986 INFO  server.RaftServerConfigKeys (ConfUtils.java:logGet(43)) - raft.server.log.queue.element-limit = 1024 (custom)
2019-07-14 02:44:39,987 INFO  server.RaftServerConfigKeys (ConfUtils.java:logGet(43)) - raft.server.log.statemachine.data.sync = true (default)
2019-07-14 02:44:39,986 INFO  server.RaftServerConfigKeys (ConfUtils.java:logGet(43)) - raft.server.log.queue.byte-limit = 2147483647 (custom)
2019-07-14 02:44:39,988 INFO  server.RaftServerConfigKeys (ConfUtils.java:logGet(43)) - raft.server.log.statemachine.data.sync.timeout = 10s (default)
2019-07-14 02:44:39,988 INFO  server.RaftServerConfigKeys (ConfUtils.java:logGet(43)) - raft.server.log.segment.size.max = 1048576 (custom)
2019-07-14 02:44:39,989 INFO  server.RaftServerConfigKeys (ConfUtils.java:logGet(43)) - raft.server.log.statemachine.data.sync.timeout.retry = -1 (default)
2019-07-14 02:44:39,988 INFO  server.RaftServerConfigKeys (ConfUtils.java:logGet(43)) - raft.server.log.queue.element-limit = 1024 (custom)
2019-07-14 02:44:39,989 INFO  server.RaftServerConfigKeys (ConfUtils.java:logGet(43)) - raft.server.log.preallocated.size = 16384 (custom)
2019-07-14 02:44:39,989 INFO  server.RaftServerConfigKeys (ConfUtils.java:logGet(43)) - raft.server.log.segment.size.max = 1048576 (custom)
2019-07-14 02:44:39,989 INFO  server.RaftServerConfigKeys (ConfUtils.java:logGet(43)) - raft.server.log.statemachine.data.caching.enabled = true (custom)
2019-07-14 02:44:39,989 INFO  server.RaftServerConfigKeys (ConfUtils.java:logGet(43)) - raft.server.log.preallocated.size = 16384 (custom)
2019-07-14 02:44:39,990 INFO  server.RaftServerConfigKeys (ConfUtils.java:logGet(43)) - raft.server.log.write.buffer.size = 33554432 (custom)
2019-07-14 02:44:39,989 INFO  server.RaftServerConfigKeys (ConfUtils.java:logGet(43)) - raft.server.log.write.buffer.size = 33554432 (custom)
2019-07-14 02:44:39,990 INFO  segmented.SegmentedRaftLogWorker (SegmentedRaftLogWorker.java:lambda$new$0(132)) - bd6c4a95-4cdb-4174-b847-fd048ae710b0-SegmentedRaftLogWorker:Storage Directory /tmp/workdir/hadoop-ozone/integration-test/target/test-dir/MiniOzoneClusterImpl-fe579810-8e9f-469f-84e5-6868cd12b3c7/datanode-4/data/ratis/899114a6-ccdd-4f9f-9986-9e60d46220e2: flushIndex: setUnconditionally 0 -> -1
2019-07-14 02:44:39,990 INFO  server.RaftServerConfigKeys (ConfUtils.java:logGet(43)) - raft.server.log.force.sync.num = 128 (default)
2019-07-14 02:44:39,990 INFO  server.RaftServerConfigKeys (ConfUtils.java:logGet(43)) - raft.server.log.force.sync.num = 128 (default)
2019-07-14 02:44:39,990 INFO  server.RaftServerConfigKeys (ConfUtils.java:logGet(43)) - raft.server.log.statemachine.data.sync = true (default)
2019-07-14 02:44:39,990 INFO  server.RaftServerConfigKeys (ConfUtils.java:logGet(43)) - raft.server.snapshot.auto.trigger.enabled = true (custom)
2019-07-14 02:44:39,990 INFO  server.RaftServerConfigKeys (ConfUtils.java:logGet(43)) - raft.server.log.statemachine.data.sync = true (default)
2019-07-14 02:44:39,990 INFO  server.RaftServerConfigKeys (ConfUtils.java:logGet(43)) - raft.server.snapshot.auto.trigger.threshold = 10000 (custom)
2019-07-14 02:44:39,990 INFO  server.RaftServerConfigKeys (ConfUtils.java:logGet(43)) - raft.server.log.statemachine.data.sync.timeout = 10s (default)
2019-07-14 02:44:39,991 INFO  server.RaftServerConfigKeys (ConfUtils.java:logGet(43)) - raft.server.retrycache.expirytime = 600000ms (custom)
2019-07-14 02:44:39,991 INFO  server.RaftServerConfigKeys (ConfUtils.java:logGet(43)) - raft.server.log.statemachine.data.sync.timeout = 10s (default)
2019-07-14 02:44:39,991 INFO  server.RaftServerConfigKeys (ConfUtils.java:logGet(43)) - raft.server.log.statemachine.data.sync.timeout.retry = -1 (default)
2019-07-14 02:44:39,991 INFO  impl.RaftServerImpl (RaftServerImpl.java:start(180)) - bd6c4a95-4cdb-4174-b847-fd048ae710b0: start group-9E60D46220E2
2019-07-14 02:44:39,991 INFO  server.RaftServerConfigKeys (ConfUtils.java:logGet(43)) - raft.server.log.statemachine.data.sync.timeout.retry = -1 (default)
2019-07-14 02:44:39,991 INFO  impl.RaftServerImpl (RaftServerImpl.java:setRole(171)) - bd6c4a95-4cdb-4174-b847-fd048ae710b0:group-9E60D46220E2 changes role from null to FOLLOWER at term 0 for startAsFollower
2019-07-14 02:44:39,991 INFO  server.RaftServerConfigKeys (ConfUtils.java:logGet(43)) - raft.server.log.statemachine.data.caching.enabled = true (custom)
2019-07-14 02:44:39,992 INFO  impl.RoleInfo (RoleInfo.java:updateAndGet(143)) - bd6c4a95-4cdb-4174-b847-fd048ae710b0: start FollowerState
2019-07-14 02:44:39,991 INFO  server.RaftServerConfigKeys (ConfUtils.java:logGet(43)) - raft.server.log.statemachine.data.caching.enabled = true (custom)
2019-07-14 02:44:39,992 INFO  segmented.SegmentedRaftLogWorker (SegmentedRaftLogWorker.java:lambda$new$0(132)) - d24af681-3959-44cc-8250-d948d0c6ed13-SegmentedRaftLogWorker:Storage Directory /tmp/workdir/hadoop-ozone/integration-test/target/test-dir/MiniOzoneClusterImpl-fe579810-8e9f-469f-84e5-6868cd12b3c7/datanode-1/data/ratis/899114a6-ccdd-4f9f-9986-9e60d46220e2: flushIndex: setUnconditionally 0 -> -1
2019-07-14 02:44:39,992 INFO  segmented.SegmentedRaftLogWorker (SegmentedRaftLogWorker.java:lambda$new$0(132)) - 242dab13-59e3-47fe-a0e1-d38b83783c72-SegmentedRaftLogWorker:Storage Directory /tmp/workdir/hadoop-ozone/integration-test/target/test-dir/MiniOzoneClusterImpl-fe579810-8e9f-469f-84e5-6868cd12b3c7/datanode-6/data/ratis/899114a6-ccdd-4f9f-9986-9e60d46220e2: flushIndex: setUnconditionally 0 -> -1
2019-07-14 02:44:39,992 INFO  util.JmxRegister (JmxRegister.java:tryRegister(44)) - Successfully registered JMX Bean with object name Ratis:service=RaftServer,group=group-9E60D46220E2,id=bd6c4a95-4cdb-4174-b847-fd048ae710b0
2019-07-14 02:44:39,992 INFO  server.RaftServerConfigKeys (ConfUtils.java:logGet(43)) - raft.server.snapshot.auto.trigger.enabled = true (custom)
2019-07-14 02:44:39,992 INFO  server.RaftServerConfigKeys (ConfUtils.java:logGet(43)) - raft.server.snapshot.auto.trigger.enabled = true (custom)
2019-07-14 02:44:39,992 INFO  server.RaftServerConfigKeys (ConfUtils.java:logGet(43)) - raft.server.snapshot.auto.trigger.threshold = 10000 (custom)
2019-07-14 02:44:39,993 INFO  server.RaftServerConfigKeys (ConfUtils.java:logGet(43)) - raft.server.snapshot.auto.trigger.threshold = 10000 (custom)
2019-07-14 02:44:39,993 INFO  server.RaftServerConfigKeys (ConfUtils.java:logGet(43)) - raft.server.retrycache.expirytime = 600000ms (custom)
2019-07-14 02:44:39,993 INFO  server.RaftServerConfigKeys (ConfUtils.java:logGet(43)) - raft.server.retrycache.expirytime = 600000ms (custom)
2019-07-14 02:44:39,993 INFO  impl.RaftServerImpl (RaftServerImpl.java:start(180)) - 242dab13-59e3-47fe-a0e1-d38b83783c72: start group-9E60D46220E2
2019-07-14 02:44:39,993 INFO  impl.RaftServerImpl (RaftServerImpl.java:start(180)) - d24af681-3959-44cc-8250-d948d0c6ed13: start group-9E60D46220E2
2019-07-14 02:44:39,993 INFO  impl.RaftServerImpl (RaftServerImpl.java:setRole(171)) - 242dab13-59e3-47fe-a0e1-d38b83783c72:group-9E60D46220E2 changes role from null to FOLLOWER at term 0 for startAsFollower
2019-07-14 02:44:39,993 INFO  impl.RaftServerImpl (RaftServerImpl.java:setRole(171)) - d24af681-3959-44cc-8250-d948d0c6ed13:group-9E60D46220E2 changes role from null to FOLLOWER at term 0 for startAsFollower
2019-07-14 02:44:39,993 INFO  impl.RoleInfo (RoleInfo.java:updateAndGet(143)) - 242dab13-59e3-47fe-a0e1-d38b83783c72: start FollowerState
2019-07-14 02:44:39,993 INFO  impl.RoleInfo (RoleInfo.java:updateAndGet(143)) - d24af681-3959-44cc-8250-d948d0c6ed13: start FollowerState
2019-07-14 02:44:39,994 INFO  util.JmxRegister (JmxRegister.java:tryRegister(44)) - Successfully registered JMX Bean with object name Ratis:service=RaftServer,group=group-9E60D46220E2,id=242dab13-59e3-47fe-a0e1-d38b83783c72
2019-07-14 02:44:39,994 INFO  util.JmxRegister (JmxRegister.java:tryRegister(44)) - Successfully registered JMX Bean with object name Ratis:service=RaftServer,group=group-9E60D46220E2,id=d24af681-3959-44cc-8250-d948d0c6ed13
2019-07-14 02:44:40,022 INFO  pipeline.PipelineStateManager (PipelineStateManager.java:addPipeline(56)) - Created pipeline Pipeline[ Id: 899114a6-ccdd-4f9f-9986-9e60d46220e2, Nodes: bd6c4a95-4cdb-4174-b847-fd048ae710b0{ip: 192.168.157.236, host: trunk-nightly-k88cw-3644625431, networkLocation: /default-rack, certSerialId: null}d24af681-3959-44cc-8250-d948d0c6ed13{ip: 192.168.157.236, host: trunk-nightly-k88cw-3644625431, networkLocation: /default-rack, certSerialId: null}242dab13-59e3-47fe-a0e1-d38b83783c72{ip: 192.168.157.236, host: trunk-nightly-k88cw-3644625431, networkLocation: /default-rack, certSerialId: null}, Type:RATIS, Factor:THREE, State:OPEN]
2019-07-14 02:44:40,263 INFO  client.GrpcClientProtocolClient (GrpcClientProtocolClient.java:onNext(255)) - client-E200BCA1EF84->bd6c4a95-4cdb-4174-b847-fd048ae710b0: receive RaftClientReply:client-E200BCA1EF84->bd6c4a95-4cdb-4174-b847-fd048ae710b0@group-9E60D46220E2, cid=13, FAILED org.apache.ratis.protocol.NotLeaderException: Server bd6c4a95-4cdb-4174-b847-fd048ae710b0 is not the leader (null). Request must be sent to leader., logIndex=0, commits[bd6c4a95-4cdb-4174-b847-fd048ae710b0:c-1]
2019-07-14 02:44:40,948 INFO  container.ReplicationManager (ReplicationManager.java:start(155)) - Starting Replication Monitor Thread.
2019-07-14 02:44:40,955 INFO  container.ReplicationManager (ReplicationManager.java:run(207)) - Replication Monitor Thread took 5 milliseconds for processing 1 containers.
2019-07-14 02:44:41,314 INFO  client.GrpcClientProtocolClient (GrpcClientProtocolClient.java:onNext(255)) - client-E200BCA1EF84->d24af681-3959-44cc-8250-d948d0c6ed13: receive RaftClientReply:client-E200BCA1EF84->d24af681-3959-44cc-8250-d948d0c6ed13@group-9E60D46220E2, cid=13, FAILED org.apache.ratis.protocol.NotLeaderException: Server d24af681-3959-44cc-8250-d948d0c6ed13 is not the leader (null). Request must be sent to leader., logIndex=0, commits[d24af681-3959-44cc-8250-d948d0c6ed13:c-1]
2019-07-14 02:44:42,344 INFO  client.GrpcClientProtocolClient (GrpcClientProtocolClient.java:onNext(255)) - client-E200BCA1EF84->242dab13-59e3-47fe-a0e1-d38b83783c72: receive RaftClientReply:client-E200BCA1EF84->242dab13-59e3-47fe-a0e1-d38b83783c72@group-9E60D46220E2, cid=13, FAILED org.apache.ratis.protocol.NotLeaderException: Server 242dab13-59e3-47fe-a0e1-d38b83783c72 is not the leader (null). Request must be sent to leader., logIndex=0, commits[242dab13-59e3-47fe-a0e1-d38b83783c72:c-1]
2019-07-14 02:44:43,370 INFO  client.GrpcClientProtocolClient (GrpcClientProtocolClient.java:onNext(255)) - client-E200BCA1EF84->d24af681-3959-44cc-8250-d948d0c6ed13: receive RaftClientReply:client-E200BCA1EF84->d24af681-3959-44cc-8250-d948d0c6ed13@group-9E60D46220E2, cid=13, FAILED org.apache.ratis.protocol.NotLeaderException: Server d24af681-3959-44cc-8250-d948d0c6ed13 is not the leader (null). Request must be sent to leader., logIndex=0, commits[d24af681-3959-44cc-8250-d948d0c6ed13:c-1]
2019-07-14 02:44:44,168 INFO  impl.FollowerState (FollowerState.java:run(106)) - ba15a010-51da-4352-84c4-08da6f2d0549:group-3791255D92F7 changes to CANDIDATE, lastRpcTime:5042, electionTimeout:5042ms
2019-07-14 02:44:44,168 INFO  impl.RoleInfo (RoleInfo.java:shutdownFollowerState(121)) - ba15a010-51da-4352-84c4-08da6f2d0549: shutdown FollowerState
2019-07-14 02:44:44,168 INFO  impl.RaftServerImpl (RaftServerImpl.java:setRole(171)) - ba15a010-51da-4352-84c4-08da6f2d0549:group-3791255D92F7 changes role from FOLLOWER to CANDIDATE at term 0 for changeToCandidate
2019-07-14 02:44:44,176 INFO  impl.RoleInfo (RoleInfo.java:updateAndGet(143)) - ba15a010-51da-4352-84c4-08da6f2d0549: start LeaderElection
2019-07-14 02:44:44,197 INFO  impl.LeaderElection (LeaderElection.java:askForVotes(181)) - ba15a010-51da-4352-84c4-08da6f2d0549:group-3791255D92F7:LeaderElection1: begin an election at term 1 for -1: [ba15a010-51da-4352-84c4-08da6f2d0549:192.168.157.236:45220], old=null
2019-07-14 02:44:44,199 INFO  impl.RoleInfo (RoleInfo.java:shutdownLeaderElection(134)) - ba15a010-51da-4352-84c4-08da6f2d0549: shutdown LeaderElection
2019-07-14 02:44:44,199 INFO  impl.RaftServerImpl (RaftServerImpl.java:setRole(171)) - ba15a010-51da-4352-84c4-08da6f2d0549:group-3791255D92F7 changes role from CANDIDATE to LEADER at term 1 for changeToLeader
2019-07-14 02:44:44,200 INFO  impl.RaftServerImpl (ServerState.java:setLeader(263)) - ba15a010-51da-4352-84c4-08da6f2d0549:group-3791255D92F7 change Leader from null to ba15a010-51da-4352-84c4-08da6f2d0549 at term 1 for becomeLeader, leader elected after 5155ms
2019-07-14 02:44:44,210 INFO  server.RaftServerConfigKeys (ConfUtils.java:logGet(43)) - raft.server.staging.catchup.gap = 1000 (default)
2019-07-14 02:44:44,210 INFO  server.RaftServerConfigKeys (ConfUtils.java:logGet(43)) - raft.server.rpc.sleep.time = 25ms (default)
2019-07-14 02:44:44,213 INFO  server.RaftServerConfigKeys (ConfUtils.java:logGet(43)) - raft.server.write.element-limit = 4096 (default)
2019-07-14 02:44:44,217 INFO  server.RaftServerConfigKeys (ConfUtils.java:logGet(43)) - raft.server.watch.timeout = 10s (default)
2019-07-14 02:44:44,217 INFO  server.RaftServerConfigKeys (ConfUtils.java:logGet(43)) - raft.server.watch.timeout.denomination = 1s (default)
2019-07-14 02:44:44,218 INFO  server.RaftServerConfigKeys (ConfUtils.java:logGet(43)) - raft.server.watch.element-limit = 65536 (default)
2019-07-14 02:44:44,229 INFO  impl.RoleInfo (RoleInfo.java:updateAndGet(143)) - ba15a010-51da-4352-84c4-08da6f2d0549: start LeaderState
2019-07-14 02:44:44,255 INFO  segmented.SegmentedRaftLogWorker (SegmentedRaftLogWorker.java:startLogSegment(380)) - ba15a010-51da-4352-84c4-08da6f2d0549-SegmentedRaftLogWorker:Storage Directory /tmp/workdir/hadoop-ozone/integration-test/target/test-dir/MiniOzoneClusterImpl-fe579810-8e9f-469f-84e5-6868cd12b3c7/datanode-0/data/ratis/26e53e36-52f3-4a53-8910-3791255d92f7: Starting segment from index:0
2019-07-14 02:44:44,267 INFO  impl.RaftServerImpl (ServerState.java:setRaftConf(361)) - ba15a010-51da-4352-84c4-08da6f2d0549:group-3791255D92F7 set configuration 0: [ba15a010-51da-4352-84c4-08da6f2d0549:192.168.157.236:45220], old=null at 0
2019-07-14 02:44:44,393 INFO  client.GrpcClientProtocolClient (GrpcClientProtocolClient.java:onNext(255)) - client-E200BCA1EF84->242dab13-59e3-47fe-a0e1-d38b83783c72: receive RaftClientReply:client-E200BCA1EF84->242dab13-59e3-47fe-a0e1-d38b83783c72@group-9E60D46220E2, cid=13, FAILED org.apache.ratis.protocol.NotLeaderException: Server 242dab13-59e3-47fe-a0e1-d38b83783c72 is not the leader (null). Request must be sent to leader., logIndex=0, commits[242dab13-59e3-47fe-a0e1-d38b83783c72:c-1]
2019-07-14 02:44:44,400 INFO  impl.FollowerState (FollowerState.java:run(106)) - fc824039-8c63-4f10-92c4-37d5470c1424:group-2B1D467AC54E changes to CANDIDATE, lastRpcTime:5074, electionTimeout:5072ms
2019-07-14 02:44:44,402 INFO  impl.RoleInfo (RoleInfo.java:shutdownFollowerState(121)) - fc824039-8c63-4f10-92c4-37d5470c1424: shutdown FollowerState
2019-07-14 02:44:44,402 INFO  impl.RaftServerImpl (RaftServerImpl.java:setRole(171)) - fc824039-8c63-4f10-92c4-37d5470c1424:group-2B1D467AC54E changes role from FOLLOWER to CANDIDATE at term 0 for changeToCandidate
2019-07-14 02:44:44,404 INFO  impl.RoleInfo (RoleInfo.java:updateAndGet(143)) - fc824039-8c63-4f10-92c4-37d5470c1424: start LeaderElection
2019-07-14 02:44:44,425 INFO  impl.LeaderElection (LeaderElection.java:askForVotes(181)) - fc824039-8c63-4f10-92c4-37d5470c1424:group-2B1D467AC54E:LeaderElection2: begin an election at term 1 for -1: [fc824039-8c63-4f10-92c4-37d5470c1424:192.168.157.236:35262], old=null
2019-07-14 02:44:44,429 INFO  impl.RoleInfo (RoleInfo.java:shutdownLeaderElection(134)) - fc824039-8c63-4f10-92c4-37d5470c1424: shutdown LeaderElection
2019-07-14 02:44:44,429 INFO  impl.RaftServerImpl (RaftServerImpl.java:setRole(171)) - fc824039-8c63-4f10-92c4-37d5470c1424:group-2B1D467AC54E changes role from CANDIDATE to LEADER at term 1 for changeToLeader
2019-07-14 02:44:44,429 INFO  impl.RaftServerImpl (ServerState.java:setLeader(263)) - fc824039-8c63-4f10-92c4-37d5470c1424:group-2B1D467AC54E change Leader from null to fc824039-8c63-4f10-92c4-37d5470c1424 at term 1 for becomeLeader, leader elected after 5111ms
2019-07-14 02:44:44,431 INFO  server.RaftServerConfigKeys (ConfUtils.java:logGet(43)) - raft.server.staging.catchup.gap = 1000 (default)
2019-07-14 02:44:44,431 INFO  server.RaftServerConfigKeys (ConfUtils.java:logGet(43)) - raft.server.rpc.sleep.time = 25ms (default)
2019-07-14 02:44:44,431 INFO  server.RaftServerConfigKeys (ConfUtils.java:logGet(43)) - raft.server.write.element-limit = 4096 (default)
2019-07-14 02:44:44,431 INFO  server.RaftServerConfigKeys (ConfUtils.java:logGet(43)) - raft.server.watch.timeout = 10s (default)
2019-07-14 02:44:44,431 INFO  server.RaftServerConfigKeys (ConfUtils.java:logGet(43)) - raft.server.watch.timeout.denomination = 1s (default)
2019-07-14 02:44:44,431 INFO  server.RaftServerConfigKeys (ConfUtils.java:logGet(43)) - raft.server.watch.element-limit = 65536 (default)
2019-07-14 02:44:44,434 INFO  impl.RoleInfo (RoleInfo.java:updateAndGet(143)) - fc824039-8c63-4f10-92c4-37d5470c1424: start LeaderState
2019-07-14 02:44:44,434 INFO  segmented.SegmentedRaftLogWorker (SegmentedRaftLogWorker.java:startLogSegment(380)) - fc824039-8c63-4f10-92c4-37d5470c1424-SegmentedRaftLogWorker:Storage Directory /tmp/workdir/hadoop-ozone/integration-test/target/test-dir/MiniOzoneClusterImpl-fe579810-8e9f-469f-84e5-6868cd12b3c7/datanode-3/data/ratis/d1d7f9a9-b161-4662-a813-2b1d467ac54e: Starting segment from index:0
2019-07-14 02:44:44,434 INFO  impl.RaftServerImpl (ServerState.java:setRaftConf(361)) - fc824039-8c63-4f10-92c4-37d5470c1424:group-2B1D467AC54E set configuration 0: [fc824039-8c63-4f10-92c4-37d5470c1424:192.168.157.236:35262], old=null at 0
2019-07-14 02:44:44,452 INFO  impl.FollowerState (FollowerState.java:run(106)) - c5d614ef-dafc-48c4-88f9-7d3a89976db4:group-F2468BD22321 changes to CANDIDATE, lastRpcTime:5028, electionTimeout:5014ms
2019-07-14 02:44:44,452 INFO  segmented.SegmentedRaftLogWorker (SegmentedRaftLogWorker.java:execute(569)) - ba15a010-51da-4352-84c4-08da6f2d0549-SegmentedRaftLogWorker:Storage Directory /tmp/workdir/hadoop-ozone/integration-test/target/test-dir/MiniOzoneClusterImpl-fe579810-8e9f-469f-84e5-6868cd12b3c7/datanode-0/data/ratis/26e53e36-52f3-4a53-8910-3791255d92f7: created new log segment /tmp/workdir/hadoop-ozone/integration-test/target/test-dir/MiniOzoneClusterImpl-fe579810-8e9f-469f-84e5-6868cd12b3c7/datanode-0/data/ratis/26e53e36-52f3-4a53-8910-3791255d92f7/current/log_inprogress_0
2019-07-14 02:44:44,452 INFO  impl.RoleInfo (RoleInfo.java:shutdownFollowerState(121)) - c5d614ef-dafc-48c4-88f9-7d3a89976db4: shutdown FollowerState
2019-07-14 02:44:44,452 INFO  impl.RaftServerImpl (RaftServerImpl.java:setRole(171)) - c5d614ef-dafc-48c4-88f9-7d3a89976db4:group-F2468BD22321 changes role from FOLLOWER to CANDIDATE at term 0 for changeToCandidate
2019-07-14 02:44:44,453 INFO  impl.RoleInfo (RoleInfo.java:updateAndGet(143)) - c5d614ef-dafc-48c4-88f9-7d3a89976db4: start LeaderElection
2019-07-14 02:44:44,458 INFO  segmented.SegmentedRaftLogWorker (SegmentedRaftLogWorker.java:execute(569)) - fc824039-8c63-4f10-92c4-37d5470c1424-SegmentedRaftLogWorker:Storage Directory /tmp/workdir/hadoop-ozone/integration-test/target/test-dir/MiniOzoneClusterImpl-fe579810-8e9f-469f-84e5-6868cd12b3c7/datanode-3/data/ratis/d1d7f9a9-b161-4662-a813-2b1d467ac54e: created new log segment /tmp/workdir/hadoop-ozone/integration-test/target/test-dir/MiniOzoneClusterImpl-fe579810-8e9f-469f-84e5-6868cd12b3c7/datanode-3/data/ratis/d1d7f9a9-b161-4662-a813-2b1d467ac54e/current/log_inprogress_0
2019-07-14 02:44:44,474 INFO  impl.LeaderElection (LeaderElection.java:askForVotes(181)) - c5d614ef-dafc-48c4-88f9-7d3a89976db4:group-F2468BD22321:LeaderElection3: begin an election at term 1 for -1: [c5d614ef-dafc-48c4-88f9-7d3a89976db4:192.168.157.236:44133], old=null
2019-07-14 02:44:44,474 INFO  impl.RoleInfo (RoleInfo.java:shutdownLeaderElection(134)) - c5d614ef-dafc-48c4-88f9-7d3a89976db4: shutdown LeaderElection
2019-07-14 02:44:44,474 INFO  impl.RaftServerImpl (RaftServerImpl.java:setRole(171)) - c5d614ef-dafc-48c4-88f9-7d3a89976db4:group-F2468BD22321 changes role from CANDIDATE to LEADER at term 1 for changeToLeader
2019-07-14 02:44:44,474 INFO  impl.RaftServerImpl (ServerState.java:setLeader(263)) - c5d614ef-dafc-48c4-88f9-7d3a89976db4:group-F2468BD22321 change Leader from null to c5d614ef-dafc-48c4-88f9-7d3a89976db4 at term 1 for becomeLeader, leader elected after 5057ms
2019-07-14 02:44:44,476 INFO  server.RaftServerConfigKeys (ConfUtils.java:logGet(43)) - raft.server.staging.catchup.gap = 1000 (default)
2019-07-14 02:44:44,476 INFO  server.RaftServerConfigKeys (ConfUtils.java:logGet(43)) - raft.server.rpc.sleep.time = 25ms (default)
2019-07-14 02:44:44,477 INFO  server.RaftServerConfigKeys (ConfUtils.java:logGet(43)) - raft.server.write.element-limit = 4096 (default)
2019-07-14 02:44:44,477 INFO  server.RaftServerConfigKeys (ConfUtils.java:logGet(43)) - raft.server.watch.timeout = 10s (default)
2019-07-14 02:44:44,477 INFO  server.RaftServerConfigKeys (ConfUtils.java:logGet(43)) - raft.server.watch.timeout.denomination = 1s (default)
2019-07-14 02:44:44,477 INFO  server.RaftServerConfigKeys (ConfUtils.java:logGet(43)) - raft.server.watch.element-limit = 65536 (default)
2019-07-14 02:44:44,478 INFO  impl.RoleInfo (RoleInfo.java:updateAndGet(143)) - c5d614ef-dafc-48c4-88f9-7d3a89976db4: start LeaderState
2019-07-14 02:44:44,478 INFO  segmented.SegmentedRaftLogWorker (SegmentedRaftLogWorker.java:startLogSegment(380)) - c5d614ef-dafc-48c4-88f9-7d3a89976db4-SegmentedRaftLogWorker:Storage Directory /tmp/workdir/hadoop-ozone/integration-test/target/test-dir/MiniOzoneClusterImpl-fe579810-8e9f-469f-84e5-6868cd12b3c7/datanode-5/data/ratis/36a7a228-70f4-49bb-bea9-f2468bd22321: Starting segment from index:0
2019-07-14 02:44:44,479 INFO  impl.RaftServerImpl (ServerState.java:setRaftConf(361)) - c5d614ef-dafc-48c4-88f9-7d3a89976db4:group-F2468BD22321 set configuration 0: [c5d614ef-dafc-48c4-88f9-7d3a89976db4:192.168.157.236:44133], old=null at 0
2019-07-14 02:44:44,510 INFO  segmented.SegmentedRaftLogWorker (SegmentedRaftLogWorker.java:execute(569)) - c5d614ef-dafc-48c4-88f9-7d3a89976db4-SegmentedRaftLogWorker:Storage Directory /tmp/workdir/hadoop-ozone/integration-test/target/test-dir/MiniOzoneClusterImpl-fe579810-8e9f-469f-84e5-6868cd12b3c7/datanode-5/data/ratis/36a7a228-70f4-49bb-bea9-f2468bd22321: created new log segment /tmp/workdir/hadoop-ozone/integration-test/target/test-dir/MiniOzoneClusterImpl-fe579810-8e9f-469f-84e5-6868cd12b3c7/datanode-5/data/ratis/36a7a228-70f4-49bb-bea9-f2468bd22321/current/log_inprogress_0
2019-07-14 02:44:44,656 INFO  impl.FollowerState (FollowerState.java:run(106)) - 66b2efc6-514d-46a0-861d-46537d529627:group-16B961C23FBB changes to CANDIDATE, lastRpcTime:5121, electionTimeout:5119ms
2019-07-14 02:44:44,656 INFO  impl.RoleInfo (RoleInfo.java:shutdownFollowerState(121)) - 66b2efc6-514d-46a0-861d-46537d529627: shutdown FollowerState
2019-07-14 02:44:44,656 INFO  impl.RaftServerImpl (RaftServerImpl.java:setRole(171)) - 66b2efc6-514d-46a0-861d-46537d529627:group-16B961C23FBB changes role from FOLLOWER to CANDIDATE at term 0 for changeToCandidate
2019-07-14 02:44:44,656 INFO  impl.RoleInfo (RoleInfo.java:updateAndGet(143)) - 66b2efc6-514d-46a0-861d-46537d529627: start LeaderElection
2019-07-14 02:44:44,677 INFO  impl.LeaderElection (LeaderElection.java:askForVotes(181)) - 66b2efc6-514d-46a0-861d-46537d529627:group-16B961C23FBB:LeaderElection4: begin an election at term 1 for -1: [66b2efc6-514d-46a0-861d-46537d529627:192.168.157.236:34912], old=null
2019-07-14 02:44:44,679 INFO  impl.RoleInfo (RoleInfo.java:shutdownLeaderElection(134)) - 66b2efc6-514d-46a0-861d-46537d529627: shutdown LeaderElection
2019-07-14 02:44:44,679 INFO  impl.RaftServerImpl (RaftServerImpl.java:setRole(171)) - 66b2efc6-514d-46a0-861d-46537d529627:group-16B961C23FBB changes role from CANDIDATE to LEADER at term 1 for changeToLeader
2019-07-14 02:44:44,679 INFO  impl.RaftServerImpl (ServerState.java:setLeader(263)) - 66b2efc6-514d-46a0-861d-46537d529627:group-16B961C23FBB change Leader from null to 66b2efc6-514d-46a0-861d-46537d529627 at term 1 for becomeLeader, leader elected after 5150ms
2019-07-14 02:44:44,681 INFO  server.RaftServerConfigKeys (ConfUtils.java:logGet(43)) - raft.server.staging.catchup.gap = 1000 (default)
2019-07-14 02:44:44,681 INFO  server.RaftServerConfigKeys (ConfUtils.java:logGet(43)) - raft.server.rpc.sleep.time = 25ms (default)
2019-07-14 02:44:44,682 INFO  server.RaftServerConfigKeys (ConfUtils.java:logGet(43)) - raft.server.write.element-limit = 4096 (default)
2019-07-14 02:44:44,682 INFO  server.RaftServerConfigKeys (ConfUtils.java:logGet(43)) - raft.server.watch.timeout = 10s (default)
2019-07-14 02:44:44,682 INFO  server.RaftServerConfigKeys (ConfUtils.java:logGet(43)) - raft.server.watch.timeout.denomination = 1s (default)
2019-07-14 02:44:44,682 INFO  server.RaftServerConfigKeys (ConfUtils.java:logGet(43)) - raft.server.watch.element-limit = 65536 (default)
2019-07-14 02:44:44,683 INFO  impl.RoleInfo (RoleInfo.java:updateAndGet(143)) - 66b2efc6-514d-46a0-861d-46537d529627: start LeaderState
2019-07-14 02:44:44,683 INFO  segmented.SegmentedRaftLogWorker (SegmentedRaftLogWorker.java:startLogSegment(380)) - 66b2efc6-514d-46a0-861d-46537d529627-SegmentedRaftLogWorker:Storage Directory /tmp/workdir/hadoop-ozone/integration-test/target/test-dir/MiniOzoneClusterImpl-fe579810-8e9f-469f-84e5-6868cd12b3c7/datanode-2/data/ratis/a01aacf0-7496-4d18-b544-16b961c23fbb: Starting segment from index:0
2019-07-14 02:44:44,684 INFO  impl.RaftServerImpl (ServerState.java:setRaftConf(361)) - 66b2efc6-514d-46a0-861d-46537d529627:group-16B961C23FBB set configuration 0: [66b2efc6-514d-46a0-861d-46537d529627:192.168.157.236:34912], old=null at 0
2019-07-14 02:44:44,712 INFO  impl.FollowerState (FollowerState.java:run(106)) - bd6c4a95-4cdb-4174-b847-fd048ae710b0:group-766D72990BF0 changes to CANDIDATE, lastRpcTime:5085, electionTimeout:5085ms
2019-07-14 02:44:44,712 INFO  impl.RoleInfo (RoleInfo.java:shutdownFollowerState(121)) - bd6c4a95-4cdb-4174-b847-fd048ae710b0: shutdown FollowerState
2019-07-14 02:44:44,712 INFO  impl.RaftServerImpl (RaftServerImpl.java:setRole(171)) - bd6c4a95-4cdb-4174-b847-fd048ae710b0:group-766D72990BF0 changes role from FOLLOWER to CANDIDATE at term 0 for changeToCandidate
2019-07-14 02:44:44,713 INFO  impl.RoleInfo (RoleInfo.java:updateAndGet(143)) - bd6c4a95-4cdb-4174-b847-fd048ae710b0: start LeaderElection
2019-07-14 02:44:44,719 INFO  segmented.SegmentedRaftLogWorker (SegmentedRaftLogWorker.java:execute(569)) - 66b2efc6-514d-46a0-861d-46537d529627-SegmentedRaftLogWorker:Storage Directory /tmp/workdir/hadoop-ozone/integration-test/target/test-dir/MiniOzoneClusterImpl-fe579810-8e9f-469f-84e5-6868cd12b3c7/datanode-2/data/ratis/a01aacf0-7496-4d18-b544-16b961c23fbb: created new log segment /tmp/workdir/hadoop-ozone/integration-test/target/test-dir/MiniOzoneClusterImpl-fe579810-8e9f-469f-84e5-6868cd12b3c7/datanode-2/data/ratis/a01aacf0-7496-4d18-b544-16b961c23fbb/current/log_inprogress_0
2019-07-14 02:44:44,732 INFO  impl.LeaderElection (LeaderElection.java:askForVotes(181)) - bd6c4a95-4cdb-4174-b847-fd048ae710b0:group-766D72990BF0:LeaderElection5: begin an election at term 1 for -1: [bd6c4a95-4cdb-4174-b847-fd048ae710b0:192.168.157.236:37224], old=null
2019-07-14 02:44:44,732 INFO  impl.RoleInfo (RoleInfo.java:shutdownLeaderElection(134)) - bd6c4a95-4cdb-4174-b847-fd048ae710b0: shutdown LeaderElection
2019-07-14 02:44:44,732 INFO  impl.RaftServerImpl (RaftServerImpl.java:setRole(171)) - bd6c4a95-4cdb-4174-b847-fd048ae710b0:group-766D72990BF0 changes role from CANDIDATE to LEADER at term 1 for changeToLeader
2019-07-14 02:44:44,732 INFO  impl.RaftServerImpl (ServerState.java:setLeader(263)) - bd6c4a95-4cdb-4174-b847-fd048ae710b0:group-766D72990BF0 change Leader from null to bd6c4a95-4cdb-4174-b847-fd048ae710b0 at term 1 for becomeLeader, leader elected after 5110ms
2019-07-14 02:44:44,735 INFO  server.RaftServerConfigKeys (ConfUtils.java:logGet(43)) - raft.server.staging.catchup.gap = 1000 (default)
2019-07-14 02:44:44,735 INFO  server.RaftServerConfigKeys (ConfUtils.java:logGet(43)) - raft.server.rpc.sleep.time = 25ms (default)
2019-07-14 02:44:44,735 INFO  server.RaftServerConfigKeys (ConfUtils.java:logGet(43)) - raft.server.write.element-limit = 4096 (default)
2019-07-14 02:44:44,735 INFO  server.RaftServerConfigKeys (ConfUtils.java:logGet(43)) - raft.server.watch.timeout = 10s (default)
2019-07-14 02:44:44,735 INFO  server.RaftServerConfigKeys (ConfUtils.java:logGet(43)) - raft.server.watch.timeout.denomination = 1s (default)
2019-07-14 02:44:44,736 INFO  server.RaftServerConfigKeys (ConfUtils.java:logGet(43)) - raft.server.watch.element-limit = 65536 (default)
2019-07-14 02:44:44,736 INFO  impl.RoleInfo (RoleInfo.java:updateAndGet(143)) - bd6c4a95-4cdb-4174-b847-fd048ae710b0: start LeaderState
2019-07-14 02:44:44,736 INFO  segmented.SegmentedRaftLogWorker (SegmentedRaftLogWorker.java:startLogSegment(380)) - bd6c4a95-4cdb-4174-b847-fd048ae710b0-SegmentedRaftLogWorker:Storage Directory /tmp/workdir/hadoop-ozone/integration-test/target/test-dir/MiniOzoneClusterImpl-fe579810-8e9f-469f-84e5-6868cd12b3c7/datanode-4/data/ratis/d9b24ae5-c1f6-42e7-bf6b-766d72990bf0: Starting segment from index:0
2019-07-14 02:44:44,737 INFO  impl.RaftServerImpl (ServerState.java:setRaftConf(361)) - bd6c4a95-4cdb-4174-b847-fd048ae710b0:group-766D72990BF0 set configuration 0: [bd6c4a95-4cdb-4174-b847-fd048ae710b0:192.168.157.236:37224], old=null at 0
2019-07-14 02:44:44,770 INFO  segmented.SegmentedRaftLogWorker (SegmentedRaftLogWorker.java:execute(569)) - bd6c4a95-4cdb-4174-b847-fd048ae710b0-SegmentedRaftLogWorker:Storage Directory /tmp/workdir/hadoop-ozone/integration-test/target/test-dir/MiniOzoneClusterImpl-fe579810-8e9f-469f-84e5-6868cd12b3c7/datanode-4/data/ratis/d9b24ae5-c1f6-42e7-bf6b-766d72990bf0: created new log segment /tmp/workdir/hadoop-ozone/integration-test/target/test-dir/MiniOzoneClusterImpl-fe579810-8e9f-469f-84e5-6868cd12b3c7/datanode-4/data/ratis/d9b24ae5-c1f6-42e7-bf6b-766d72990bf0/current/log_inprogress_0
2019-07-14 02:44:44,796 INFO  impl.FollowerState (FollowerState.java:run(106)) - d24af681-3959-44cc-8250-d948d0c6ed13:group-FB0C536E5799 changes to CANDIDATE, lastRpcTime:5100, electionTimeout:5100ms
2019-07-14 02:44:44,796 INFO  impl.RoleInfo (RoleInfo.java:shutdownFollowerState(121)) - d24af681-3959-44cc-8250-d948d0c6ed13: shutdown FollowerState
2019-07-14 02:44:44,796 INFO  impl.RaftServerImpl (RaftServerImpl.java:setRole(171)) - d24af681-3959-44cc-8250-d948d0c6ed13:group-FB0C536E5799 changes role from FOLLOWER to CANDIDATE at term 0 for changeToCandidate
2019-07-14 02:44:44,796 INFO  impl.RoleInfo (RoleInfo.java:updateAndGet(143)) - d24af681-3959-44cc-8250-d948d0c6ed13: start LeaderElection
2019-07-14 02:44:44,815 INFO  impl.LeaderElection (LeaderElection.java:askForVotes(181)) - d24af681-3959-44cc-8250-d948d0c6ed13:group-FB0C536E5799:LeaderElection6: begin an election at term 1 for -1: [d24af681-3959-44cc-8250-d948d0c6ed13:192.168.157.236:40300], old=null
2019-07-14 02:44:44,823 INFO  impl.RoleInfo (RoleInfo.java:shutdownLeaderElection(134)) - d24af681-3959-44cc-8250-d948d0c6ed13: shutdown LeaderElection
2019-07-14 02:44:44,824 INFO  impl.RaftServerImpl (RaftServerImpl.java:setRole(171)) - d24af681-3959-44cc-8250-d948d0c6ed13:group-FB0C536E5799 changes role from CANDIDATE to LEADER at term 1 for changeToLeader
2019-07-14 02:44:44,824 INFO  impl.RaftServerImpl (ServerState.java:setLeader(263)) - d24af681-3959-44cc-8250-d948d0c6ed13:group-FB0C536E5799 change Leader from null to d24af681-3959-44cc-8250-d948d0c6ed13 at term 1 for becomeLeader, leader elected after 5132ms
2019-07-14 02:44:44,826 INFO  server.RaftServerConfigKeys (ConfUtils.java:logGet(43)) - raft.server.staging.catchup.gap = 1000 (default)
2019-07-14 02:44:44,826 INFO  server.RaftServerConfigKeys (ConfUtils.java:logGet(43)) - raft.server.rpc.sleep.time = 25ms (default)
2019-07-14 02:44:44,826 INFO  server.RaftServerConfigKeys (ConfUtils.java:logGet(43)) - raft.server.write.element-limit = 4096 (default)
2019-07-14 02:44:44,826 INFO  server.RaftServerConfigKeys (ConfUtils.java:logGet(43)) - raft.server.watch.timeout = 10s (default)
2019-07-14 02:44:44,826 INFO  server.RaftServerConfigKeys (ConfUtils.java:logGet(43)) - raft.server.watch.timeout.denomination = 1s (default)
2019-07-14 02:44:44,827 INFO  server.RaftServerConfigKeys (ConfUtils.java:logGet(43)) - raft.server.watch.element-limit = 65536 (default)
2019-07-14 02:44:44,827 INFO  impl.RoleInfo (RoleInfo.java:updateAndGet(143)) - d24af681-3959-44cc-8250-d948d0c6ed13: start LeaderState
2019-07-14 02:44:44,827 INFO  segmented.SegmentedRaftLogWorker (SegmentedRaftLogWorker.java:startLogSegment(380)) - d24af681-3959-44cc-8250-d948d0c6ed13-SegmentedRaftLogWorker:Storage Directory /tmp/workdir/hadoop-ozone/integration-test/target/test-dir/MiniOzoneClusterImpl-fe579810-8e9f-469f-84e5-6868cd12b3c7/datanode-1/data/ratis/967400f2-8a7b-4059-b9e7-fb0c536e5799: Starting segment from index:0
2019-07-14 02:44:44,828 INFO  impl.RaftServerImpl (ServerState.java:setRaftConf(361)) - d24af681-3959-44cc-8250-d948d0c6ed13:group-FB0C536E5799 set configuration 0: [d24af681-3959-44cc-8250-d948d0c6ed13:192.168.157.236:40300], old=null at 0
2019-07-14 02:44:44,860 INFO  segmented.SegmentedRaftLogWorker (SegmentedRaftLogWorker.java:execute(569)) - d24af681-3959-44cc-8250-d948d0c6ed13-SegmentedRaftLogWorker:Storage Directory /tmp/workdir/hadoop-ozone/integration-test/target/test-dir/MiniOzoneClusterImpl-fe579810-8e9f-469f-84e5-6868cd12b3c7/datanode-1/data/ratis/967400f2-8a7b-4059-b9e7-fb0c536e5799: created new log segment /tmp/workdir/hadoop-ozone/integration-test/target/test-dir/MiniOzoneClusterImpl-fe579810-8e9f-469f-84e5-6868cd12b3c7/datanode-1/data/ratis/967400f2-8a7b-4059-b9e7-fb0c536e5799/current/log_inprogress_0
2019-07-14 02:44:44,863 INFO  impl.FollowerState (FollowerState.java:run(106)) - 242dab13-59e3-47fe-a0e1-d38b83783c72:group-E6AAFC04CAA2 changes to CANDIDATE, lastRpcTime:5098, electionTimeout:5097ms
2019-07-14 02:44:44,863 INFO  impl.RoleInfo (RoleInfo.java:shutdownFollowerState(121)) - 242dab13-59e3-47fe-a0e1-d38b83783c72: shutdown FollowerState
2019-07-14 02:44:44,863 INFO  impl.RaftServerImpl (RaftServerImpl.java:setRole(171)) - 242dab13-59e3-47fe-a0e1-d38b83783c72:group-E6AAFC04CAA2 changes role from FOLLOWER to CANDIDATE at term 0 for changeToCandidate
2019-07-14 02:44:44,863 INFO  impl.RoleInfo (RoleInfo.java:updateAndGet(143)) - 242dab13-59e3-47fe-a0e1-d38b83783c72: start LeaderElection
2019-07-14 02:44:44,876 INFO  impl.LeaderElection (LeaderElection.java:askForVotes(181)) - 242dab13-59e3-47fe-a0e1-d38b83783c72:group-E6AAFC04CAA2:LeaderElection7: begin an election at term 1 for -1: [242dab13-59e3-47fe-a0e1-d38b83783c72:192.168.157.236:37606], old=null
2019-07-14 02:44:44,878 INFO  impl.RoleInfo (RoleInfo.java:shutdownLeaderElection(134)) - 242dab13-59e3-47fe-a0e1-d38b83783c72: shutdown LeaderElection
2019-07-14 02:44:44,878 INFO  impl.RaftServerImpl (RaftServerImpl.java:setRole(171)) - 242dab13-59e3-47fe-a0e1-d38b83783c72:group-E6AAFC04CAA2 changes role from CANDIDATE to LEADER at term 1 for changeToLeader
2019-07-14 02:44:44,878 INFO  impl.RaftServerImpl (ServerState.java:setLeader(263)) - 242dab13-59e3-47fe-a0e1-d38b83783c72:group-E6AAFC04CAA2 change Leader from null to 242dab13-59e3-47fe-a0e1-d38b83783c72 at term 1 for becomeLeader, leader elected after 5118ms
2019-07-14 02:44:44,880 INFO  server.RaftServerConfigKeys (ConfUtils.java:logGet(43)) - raft.server.staging.catchup.gap = 1000 (default)
2019-07-14 02:44:44,880 INFO  server.RaftServerConfigKeys (ConfUtils.java:logGet(43)) - raft.server.rpc.sleep.time = 25ms (default)
2019-07-14 02:44:44,881 INFO  server.RaftServerConfigKeys (ConfUtils.java:logGet(43)) - raft.server.write.element-limit = 4096 (default)
2019-07-14 02:44:44,881 INFO  server.RaftServerConfigKeys (ConfUtils.java:logGet(43)) - raft.server.watch.timeout = 10s (default)
2019-07-14 02:44:44,881 INFO  server.RaftServerConfigKeys (ConfUtils.java:logGet(43)) - raft.server.watch.timeout.denomination = 1s (default)
2019-07-14 02:44:44,881 INFO  server.RaftServerConfigKeys (ConfUtils.java:logGet(43)) - raft.server.watch.element-limit = 65536 (default)
2019-07-14 02:44:44,882 INFO  impl.RoleInfo (RoleInfo.java:updateAndGet(143)) - 242dab13-59e3-47fe-a0e1-d38b83783c72: start LeaderState
2019-07-14 02:44:44,882 INFO  segmented.SegmentedRaftLogWorker (SegmentedRaftLogWorker.java:startLogSegment(380)) - 242dab13-59e3-47fe-a0e1-d38b83783c72-SegmentedRaftLogWorker:Storage Directory /tmp/workdir/hadoop-ozone/integration-test/target/test-dir/MiniOzoneClusterImpl-fe579810-8e9f-469f-84e5-6868cd12b3c7/datanode-6/data/ratis/d85263ec-fc6d-4d31-bce6-e6aafc04caa2: Starting segment from index:0
2019-07-14 02:44:44,883 INFO  impl.RaftServerImpl (ServerState.java:setRaftConf(361)) - 242dab13-59e3-47fe-a0e1-d38b83783c72:group-E6AAFC04CAA2 set configuration 0: [242dab13-59e3-47fe-a0e1-d38b83783c72:192.168.157.236:37606], old=null at 0
2019-07-14 02:44:44,916 INFO  segmented.SegmentedRaftLogWorker (SegmentedRaftLogWorker.java:execute(569)) - 242dab13-59e3-47fe-a0e1-d38b83783c72-SegmentedRaftLogWorker:Storage Directory /tmp/workdir/hadoop-ozone/integration-test/target/test-dir/MiniOzoneClusterImpl-fe579810-8e9f-469f-84e5-6868cd12b3c7/datanode-6/data/ratis/d85263ec-fc6d-4d31-bce6-e6aafc04caa2: created new log segment /tmp/workdir/hadoop-ozone/integration-test/target/test-dir/MiniOzoneClusterImpl-fe579810-8e9f-469f-84e5-6868cd12b3c7/datanode-6/data/ratis/d85263ec-fc6d-4d31-bce6-e6aafc04caa2/current/log_inprogress_0
2019-07-14 02:44:44,966 INFO  impl.FollowerState (FollowerState.java:run(106)) - 66b2efc6-514d-46a0-861d-46537d529627:group-513D078D8275 changes to CANDIDATE, lastRpcTime:5096, electionTimeout:5096ms
2019-07-14 02:44:44,966 INFO  impl.RoleInfo (RoleInfo.java:shutdownFollowerState(121)) - 66b2efc6-514d-46a0-861d-46537d529627: shutdown FollowerState
2019-07-14 02:44:44,966 INFO  impl.RaftServerImpl (RaftServerImpl.java:setRole(171)) - 66b2efc6-514d-46a0-861d-46537d529627:group-513D078D8275 changes role from FOLLOWER to CANDIDATE at term 0 for changeToCandidate
2019-07-14 02:44:44,966 INFO  impl.RoleInfo (RoleInfo.java:updateAndGet(143)) - 66b2efc6-514d-46a0-861d-46537d529627: start LeaderElection
2019-07-14 02:44:44,986 INFO  impl.LeaderElection (LeaderElection.java:askForVotes(181)) - 66b2efc6-514d-46a0-861d-46537d529627:group-513D078D8275:LeaderElection8: begin an election at term 1 for -1: [fc824039-8c63-4f10-92c4-37d5470c1424:192.168.157.236:35262, c5d614ef-dafc-48c4-88f9-7d3a89976db4:192.168.157.236:44133, 66b2efc6-514d-46a0-861d-46537d529627:192.168.157.236:34912], old=null
2019-07-14 02:44:44,997 INFO  impl.FollowerState (FollowerState.java:run(106)) - d24af681-3959-44cc-8250-d948d0c6ed13:group-9E60D46220E2 changes to CANDIDATE, lastRpcTime:5003, electionTimeout:5003ms
2019-07-14 02:44:44,997 INFO  impl.RoleInfo (RoleInfo.java:shutdownFollowerState(121)) - d24af681-3959-44cc-8250-d948d0c6ed13: shutdown FollowerState
2019-07-14 02:44:44,997 INFO  impl.RaftServerImpl (RaftServerImpl.java:setRole(171)) - d24af681-3959-44cc-8250-d948d0c6ed13:group-9E60D46220E2 changes role from FOLLOWER to CANDIDATE at term 0 for changeToCandidate
2019-07-14 02:44:44,998 INFO  impl.RoleInfo (RoleInfo.java:updateAndGet(143)) - d24af681-3959-44cc-8250-d948d0c6ed13: start LeaderElection
2019-07-14 02:44:45,012 INFO  impl.FollowerState (FollowerState.java:run(106)) - fc824039-8c63-4f10-92c4-37d5470c1424:group-513D078D8275 changes to CANDIDATE, lastRpcTime:5142, electionTimeout:5140ms
2019-07-14 02:44:45,012 INFO  impl.RoleInfo (RoleInfo.java:shutdownFollowerState(121)) - fc824039-8c63-4f10-92c4-37d5470c1424: shutdown FollowerState
2019-07-14 02:44:45,013 INFO  impl.RaftServerImpl (RaftServerImpl.java:setRole(171)) - fc824039-8c63-4f10-92c4-37d5470c1424:group-513D078D8275 changes role from FOLLOWER to CANDIDATE at term 0 for changeToCandidate
2019-07-14 02:44:45,013 INFO  impl.RoleInfo (RoleInfo.java:updateAndGet(143)) - fc824039-8c63-4f10-92c4-37d5470c1424: start LeaderElection
2019-07-14 02:44:45,024 INFO  impl.LeaderElection (LeaderElection.java:askForVotes(181)) - d24af681-3959-44cc-8250-d948d0c6ed13:group-9E60D46220E2:LeaderElection9: begin an election at term 1 for -1: [d24af681-3959-44cc-8250-d948d0c6ed13:192.168.157.236:40300, 242dab13-59e3-47fe-a0e1-d38b83783c72:192.168.157.236:37606, bd6c4a95-4cdb-4174-b847-fd048ae710b0:192.168.157.236:37224], old=null
2019-07-14 02:44:45,027 INFO  impl.LeaderElection (LeaderElection.java:askForVotes(181)) - fc824039-8c63-4f10-92c4-37d5470c1424:group-513D078D8275:LeaderElection10: begin an election at term 1 for -1: [fc824039-8c63-4f10-92c4-37d5470c1424:192.168.157.236:35262, c5d614ef-dafc-48c4-88f9-7d3a89976db4:192.168.157.236:44133, 66b2efc6-514d-46a0-861d-46537d529627:192.168.157.236:34912], old=null
2019-07-14 02:44:45,044 INFO  impl.RaftServerImpl (RaftServerImpl.java:setRole(171)) - c5d614ef-dafc-48c4-88f9-7d3a89976db4:group-513D078D8275 changes role from FOLLOWER to FOLLOWER at term 1 for recognizeCandidate:66b2efc6-514d-46a0-861d-46537d529627
2019-07-14 02:44:45,044 INFO  impl.RoleInfo (RoleInfo.java:shutdownFollowerState(121)) - c5d614ef-dafc-48c4-88f9-7d3a89976db4: shutdown FollowerState
2019-07-14 02:44:45,045 INFO  impl.RoleInfo (RoleInfo.java:updateAndGet(143)) - c5d614ef-dafc-48c4-88f9-7d3a89976db4: start FollowerState
2019-07-14 02:44:45,045 INFO  impl.FollowerState (FollowerState.java:run(114)) - c5d614ef-dafc-48c4-88f9-7d3a89976db4: FollowerState was interrupted: java.lang.InterruptedException: sleep interrupted
2019-07-14 02:44:45,060 INFO  impl.FollowerState (FollowerState.java:run(106)) - 242dab13-59e3-47fe-a0e1-d38b83783c72:group-9E60D46220E2 changes to CANDIDATE, lastRpcTime:5066, electionTimeout:5065ms
2019-07-14 02:44:45,060 INFO  impl.RoleInfo (RoleInfo.java:shutdownFollowerState(121)) - 242dab13-59e3-47fe-a0e1-d38b83783c72: shutdown FollowerState
2019-07-14 02:44:45,060 INFO  impl.RaftServerImpl (RaftServerImpl.java:setRole(171)) - 242dab13-59e3-47fe-a0e1-d38b83783c72:group-9E60D46220E2 changes role from FOLLOWER to CANDIDATE at term 0 for changeToCandidate
2019-07-14 02:44:45,060 INFO  impl.RoleInfo (RoleInfo.java:updateAndGet(143)) - 242dab13-59e3-47fe-a0e1-d38b83783c72: start LeaderElection
2019-07-14 02:44:45,063 INFO  impl.RaftServerImpl (RaftServerImpl.java:setRole(171)) - 242dab13-59e3-47fe-a0e1-d38b83783c72:group-9E60D46220E2 changes role from CANDIDATE to FOLLOWER at term 1 for recognizeCandidate:d24af681-3959-44cc-8250-d948d0c6ed13
2019-07-14 02:44:45,069 INFO  impl.RoleInfo (RoleInfo.java:shutdownLeaderElection(134)) - 242dab13-59e3-47fe-a0e1-d38b83783c72: shutdown LeaderElection
2019-07-14 02:44:45,069 INFO  impl.RoleInfo (RoleInfo.java:updateAndGet(143)) - 242dab13-59e3-47fe-a0e1-d38b83783c72: start FollowerState
2019-07-14 02:44:45,075 INFO  impl.RaftServerImpl (RaftServerImpl.java:setRole(171)) - bd6c4a95-4cdb-4174-b847-fd048ae710b0:group-9E60D46220E2 changes role from FOLLOWER to FOLLOWER at term 1 for recognizeCandidate:d24af681-3959-44cc-8250-d948d0c6ed13
2019-07-14 02:44:45,075 INFO  impl.RoleInfo (RoleInfo.java:shutdownFollowerState(121)) - bd6c4a95-4cdb-4174-b847-fd048ae710b0: shutdown FollowerState
2019-07-14 02:44:45,075 INFO  impl.RoleInfo (RoleInfo.java:updateAndGet(143)) - bd6c4a95-4cdb-4174-b847-fd048ae710b0: start FollowerState
2019-07-14 02:44:45,075 INFO  impl.FollowerState (FollowerState.java:run(114)) - bd6c4a95-4cdb-4174-b847-fd048ae710b0: FollowerState was interrupted: java.lang.InterruptedException: sleep interrupted
2019-07-14 02:44:45,087 INFO  impl.LeaderElection (LeaderElection.java:logAndReturn(56)) - 66b2efc6-514d-46a0-861d-46537d529627:group-513D078D8275:LeaderElection8: Election PASSED; received 2 response(s) [66b2efc6-514d-46a0-861d-46537d529627<-fc824039-8c63-4f10-92c4-37d5470c1424#0:FAIL-t1, 66b2efc6-514d-46a0-861d-46537d529627<-c5d614ef-dafc-48c4-88f9-7d3a89976db4#0:OK-t1] and 0 exception(s); 66b2efc6-514d-46a0-861d-46537d529627:t1, leader=null, voted=66b2efc6-514d-46a0-861d-46537d529627, raftlog=66b2efc6-514d-46a0-861d-46537d529627-SegmentedRaftLog:OPENED:c-1,f-1,i0, conf=-1: [fc824039-8c63-4f10-92c4-37d5470c1424:192.168.157.236:35262, c5d614ef-dafc-48c4-88f9-7d3a89976db4:192.168.157.236:44133, 66b2efc6-514d-46a0-861d-46537d529627:192.168.157.236:34912], old=null
2019-07-14 02:44:45,087 INFO  impl.LeaderElection (LeaderElection.java:logAndReturn(56)) - fc824039-8c63-4f10-92c4-37d5470c1424:group-513D078D8275:LeaderElection10: Election REJECTED; received 2 response(s) [fc824039-8c63-4f10-92c4-37d5470c1424<-c5d614ef-dafc-48c4-88f9-7d3a89976db4#0:FAIL-t1, fc824039-8c63-4f10-92c4-37d5470c1424<-66b2efc6-514d-46a0-861d-46537d529627#0:FAIL-t1] and 0 exception(s); fc824039-8c63-4f10-92c4-37d5470c1424:t1, leader=null, voted=fc824039-8c63-4f10-92c4-37d5470c1424, raftlog=fc824039-8c63-4f10-92c4-37d5470c1424-SegmentedRaftLog:OPENED:c-1,f-1,i0, conf=-1: [fc824039-8c63-4f10-92c4-37d5470c1424:192.168.157.236:35262, c5d614ef-dafc-48c4-88f9-7d3a89976db4:192.168.157.236:44133, 66b2efc6-514d-46a0-861d-46537d529627:192.168.157.236:34912], old=null
2019-07-14 02:44:45,087 INFO  impl.RoleInfo (RoleInfo.java:shutdownLeaderElection(134)) - 66b2efc6-514d-46a0-861d-46537d529627: shutdown LeaderElection
2019-07-14 02:44:45,087 INFO  impl.RaftServerImpl (RaftServerImpl.java:setRole(171)) - fc824039-8c63-4f10-92c4-37d5470c1424:group-513D078D8275 changes role from CANDIDATE to FOLLOWER at term 1 for DISCOVERED_A_NEW_TERM
2019-07-14 02:44:45,107 INFO  impl.LeaderElection (LeaderElection.java:askForVotes(181)) - 242dab13-59e3-47fe-a0e1-d38b83783c72:group-9E60D46220E2:LeaderElection11: begin an election at term 2 for -1: [d24af681-3959-44cc-8250-d948d0c6ed13:192.168.157.236:40300, 242dab13-59e3-47fe-a0e1-d38b83783c72:192.168.157.236:37606, bd6c4a95-4cdb-4174-b847-fd048ae710b0:192.168.157.236:37224], old=null
2019-07-14 02:44:45,104 INFO  impl.RaftServerImpl (RaftServerImpl.java:setRole(171)) - 66b2efc6-514d-46a0-861d-46537d529627:group-513D078D8275 changes role from CANDIDATE to LEADER at term 1 for changeToLeader
2019-07-14 02:44:45,110 INFO  impl.RaftServerImpl (ServerState.java:setLeader(263)) - 66b2efc6-514d-46a0-861d-46537d529627:group-513D078D8275 change Leader from null to 66b2efc6-514d-46a0-861d-46537d529627 at term 1 for becomeLeader, leader elected after 5255ms
2019-07-14 02:44:45,107 INFO  impl.RoleInfo (RoleInfo.java:shutdownLeaderElection(134)) - fc824039-8c63-4f10-92c4-37d5470c1424: shutdown LeaderElection
2019-07-14 02:44:45,110 INFO  server.RaftServerConfigKeys (ConfUtils.java:logGet(43)) - raft.server.staging.catchup.gap = 1000 (default)
2019-07-14 02:44:45,110 INFO  impl.RoleInfo (RoleInfo.java:updateAndGet(143)) - fc824039-8c63-4f10-92c4-37d5470c1424: start FollowerState
2019-07-14 02:44:45,111 INFO  server.RaftServerConfigKeys (ConfUtils.java:logGet(43)) - raft.server.rpc.sleep.time = 25ms (default)
2019-07-14 02:44:45,111 INFO  impl.LeaderElection (LeaderElection.java:logAndReturn(56)) - 242dab13-59e3-47fe-a0e1-d38b83783c72:group-9E60D46220E2:LeaderElection11: Election REJECTED; received 0 response(s) [] and 0 exception(s); 242dab13-59e3-47fe-a0e1-d38b83783c72:t2, leader=null, voted=242dab13-59e3-47fe-a0e1-d38b83783c72, raftlog=242dab13-59e3-47fe-a0e1-d38b83783c72-SegmentedRaftLog:OPENED:c-1,f-1,i0, conf=-1: [d24af681-3959-44cc-8250-d948d0c6ed13:192.168.157.236:40300, 242dab13-59e3-47fe-a0e1-d38b83783c72:192.168.157.236:37606, bd6c4a95-4cdb-4174-b847-fd048ae710b0:192.168.157.236:37224], old=null
2019-07-14 02:44:45,111 INFO  server.RaftServerConfigKeys (ConfUtils.java:logGet(43)) - raft.server.write.element-limit = 4096 (default)
2019-07-14 02:44:45,116 INFO  server.RaftServerConfigKeys (ConfUtils.java:logGet(43)) - raft.server.watch.timeout = 10s (default)
2019-07-14 02:44:45,116 INFO  server.RaftServerConfigKeys (ConfUtils.java:logGet(43)) - raft.server.watch.timeout.denomination = 1s (default)
2019-07-14 02:44:45,119 INFO  server.RaftServerConfigKeys (ConfUtils.java:logGet(43)) - raft.server.watch.element-limit = 65536 (default)
2019-07-14 02:44:45,124 INFO  impl.LeaderElection (LeaderElection.java:logAndReturn(56)) - d24af681-3959-44cc-8250-d948d0c6ed13:group-9E60D46220E2:LeaderElection9: Election PASSED; received 2 response(s) [d24af681-3959-44cc-8250-d948d0c6ed13<-242dab13-59e3-47fe-a0e1-d38b83783c72#0:FAIL-t1, d24af681-3959-44cc-8250-d948d0c6ed13<-bd6c4a95-4cdb-4174-b847-fd048ae710b0#0:OK-t1] and 0 exception(s); d24af681-3959-44cc-8250-d948d0c6ed13:t1, leader=null, voted=d24af681-3959-44cc-8250-d948d0c6ed13, raftlog=d24af681-3959-44cc-8250-d948d0c6ed13-SegmentedRaftLog:OPENED:c-1,f-1,i0, conf=-1: [d24af681-3959-44cc-8250-d948d0c6ed13:192.168.157.236:40300, 242dab13-59e3-47fe-a0e1-d38b83783c72:192.168.157.236:37606, bd6c4a95-4cdb-4174-b847-fd048ae710b0:192.168.157.236:37224], old=null
2019-07-14 02:44:45,126 INFO  impl.RoleInfo (RoleInfo.java:shutdownLeaderElection(134)) - d24af681-3959-44cc-8250-d948d0c6ed13: shutdown LeaderElection
2019-07-14 02:44:45,126 INFO  impl.RaftServerImpl (RaftServerImpl.java:setRole(171)) - d24af681-3959-44cc-8250-d948d0c6ed13:group-9E60D46220E2 changes role from CANDIDATE to LEADER at term 1 for changeToLeader
2019-07-14 02:44:45,130 INFO  impl.RaftServerImpl (ServerState.java:setLeader(263)) - d24af681-3959-44cc-8250-d948d0c6ed13:group-9E60D46220E2 change Leader from null to d24af681-3959-44cc-8250-d948d0c6ed13 at term 1 for becomeLeader, leader elected after 5151ms
2019-07-14 02:44:45,130 INFO  server.RaftServerConfigKeys (ConfUtils.java:logGet(43)) - raft.server.staging.catchup.gap = 1000 (default)
2019-07-14 02:44:45,130 INFO  server.RaftServerConfigKeys (ConfUtils.java:logGet(43)) - raft.server.rpc.sleep.time = 25ms (default)
2019-07-14 02:44:45,131 INFO  server.RaftServerConfigKeys (ConfUtils.java:logGet(43)) - raft.server.write.element-limit = 4096 (default)
2019-07-14 02:44:45,131 INFO  server.RaftServerConfigKeys (ConfUtils.java:logGet(43)) - raft.server.log.appender.snapshot.chunk.size.max = 16MB (=16777216) (default)
2019-07-14 02:44:45,131 INFO  server.RaftServerConfigKeys (ConfUtils.java:logGet(43)) - raft.server.watch.timeout = 10s (default)
2019-07-14 02:44:45,133 INFO  server.RaftServerConfigKeys (ConfUtils.java:logGet(43)) - raft.server.log.appender.buffer.byte-limit = 33554432 (custom)
2019-07-14 02:44:45,133 INFO  server.RaftServerConfigKeys (ConfUtils.java:logGet(43)) - raft.server.watch.timeout.denomination = 1s (default)
2019-07-14 02:44:45,134 INFO  server.RaftServerConfigKeys (ConfUtils.java:logGet(43)) - raft.server.watch.element-limit = 65536 (default)
2019-07-14 02:44:45,134 INFO  server.RaftServerConfigKeys (ConfUtils.java:logGet(43)) - raft.server.log.appender.snapshot.chunk.size.max = 16MB (=16777216) (default)
2019-07-14 02:44:45,134 INFO  server.RaftServerConfigKeys (ConfUtils.java:logGet(43)) - raft.server.log.appender.buffer.byte-limit = 33554432 (custom)
2019-07-14 02:44:45,134 INFO  server.RaftServerConfigKeys (ConfUtils.java:logGet(43)) - raft.server.log.appender.buffer.element-limit = 1 (custom)
2019-07-14 02:44:45,135 INFO  server.RaftServerConfigKeys (ConfUtils.java:logGet(43)) - raft.server.log.appender.buffer.element-limit = 1 (custom)
2019-07-14 02:44:45,143 INFO  impl.RaftServerImpl (RaftServerImpl.java:setRole(171)) - bd6c4a95-4cdb-4174-b847-fd048ae710b0:group-9E60D46220E2 changes role from FOLLOWER to FOLLOWER at term 2 for recognizeCandidate:242dab13-59e3-47fe-a0e1-d38b83783c72
2019-07-14 02:44:45,144 INFO  impl.RoleInfo (RoleInfo.java:shutdownFollowerState(121)) - bd6c4a95-4cdb-4174-b847-fd048ae710b0: shutdown FollowerState
2019-07-14 02:44:45,144 INFO  impl.RoleInfo (RoleInfo.java:updateAndGet(143)) - bd6c4a95-4cdb-4174-b847-fd048ae710b0: start FollowerState
2019-07-14 02:44:45,144 INFO  impl.FollowerState (FollowerState.java:run(114)) - bd6c4a95-4cdb-4174-b847-fd048ae710b0: FollowerState was interrupted: java.lang.InterruptedException: sleep interrupted
2019-07-14 02:44:45,149 INFO  grpc.GrpcConfigKeys$Server (ConfUtils.java:logGet(43)) - raft.grpc.server.leader.outstanding.appends.max = 128 (default)
2019-07-14 02:44:45,149 INFO  grpc.GrpcConfigKeys$Server (ConfUtils.java:logGet(43)) - raft.grpc.server.leader.outstanding.appends.max = 128 (default)
2019-07-14 02:44:45,151 INFO  server.RaftServerConfigKeys (ConfUtils.java:logGet(43)) - raft.server.rpc.request.timeout = 3000ms (default)
2019-07-14 02:44:45,151 INFO  server.RaftServerConfigKeys (ConfUtils.java:logGet(43)) - raft.server.rpc.request.timeout = 3000ms (default)
2019-07-14 02:44:45,151 INFO  server.RaftServerConfigKeys (ConfUtils.java:logGet(43)) - raft.server.log.appender.install.snapshot.enabled = false (custom)
2019-07-14 02:44:45,152 INFO  server.RaftServerConfigKeys (ConfUtils.java:logGet(43)) - raft.server.log.appender.install.snapshot.enabled = false (custom)
2019-07-14 02:44:45,152 INFO  server.RaftServerConfigKeys (ConfUtils.java:logGet(43)) - raft.server.log.appender.snapshot.chunk.size.max = 16MB (=16777216) (default)
2019-07-14 02:44:45,152 INFO  server.RaftServerConfigKeys (ConfUtils.java:logGet(43)) - raft.server.log.appender.snapshot.chunk.size.max = 16MB (=16777216) (default)
2019-07-14 02:44:45,152 INFO  server.RaftServerConfigKeys (ConfUtils.java:logGet(43)) - raft.server.log.appender.buffer.byte-limit = 33554432 (custom)
2019-07-14 02:44:45,152 INFO  server.RaftServerConfigKeys (ConfUtils.java:logGet(43)) - raft.server.log.appender.buffer.byte-limit = 33554432 (custom)
2019-07-14 02:44:45,153 INFO  server.RaftServerConfigKeys (ConfUtils.java:logGet(43)) - raft.server.log.appender.buffer.element-limit = 1 (custom)
2019-07-14 02:44:45,153 INFO  server.RaftServerConfigKeys (ConfUtils.java:logGet(43)) - raft.server.log.appender.buffer.element-limit = 1 (custom)
2019-07-14 02:44:45,153 INFO  grpc.GrpcConfigKeys$Server (ConfUtils.java:logGet(43)) - raft.grpc.server.leader.outstanding.appends.max = 128 (default)
2019-07-14 02:44:45,153 INFO  grpc.GrpcConfigKeys$Server (ConfUtils.java:logGet(43)) - raft.grpc.server.leader.outstanding.appends.max = 128 (default)
2019-07-14 02:44:45,153 INFO  server.RaftServerConfigKeys (ConfUtils.java:logGet(43)) - raft.server.rpc.request.timeout = 3000ms (default)
2019-07-14 02:44:45,153 INFO  server.RaftServerConfigKeys (ConfUtils.java:logGet(43)) - raft.server.rpc.request.timeout = 3000ms (default)
2019-07-14 02:44:45,154 INFO  server.RaftServerConfigKeys (ConfUtils.java:logGet(43)) - raft.server.log.appender.install.snapshot.enabled = false (custom)
2019-07-14 02:44:45,154 INFO  server.RaftServerConfigKeys (ConfUtils.java:logGet(43)) - raft.server.log.appender.install.snapshot.enabled = false (custom)
2019-07-14 02:44:45,156 INFO  impl.RoleInfo (RoleInfo.java:updateAndGet(143)) - d24af681-3959-44cc-8250-d948d0c6ed13: start LeaderState
2019-07-14 02:44:45,156 INFO  impl.RoleInfo (RoleInfo.java:updateAndGet(143)) - 66b2efc6-514d-46a0-861d-46537d529627: start LeaderState
2019-07-14 02:44:45,156 INFO  segmented.SegmentedRaftLogWorker (SegmentedRaftLogWorker.java:startLogSegment(380)) - d24af681-3959-44cc-8250-d948d0c6ed13-SegmentedRaftLogWorker:Storage Directory /tmp/workdir/hadoop-ozone/integration-test/target/test-dir/MiniOzoneClusterImpl-fe579810-8e9f-469f-84e5-6868cd12b3c7/datanode-1/data/ratis/899114a6-ccdd-4f9f-9986-9e60d46220e2: Starting segment from index:0
2019-07-14 02:44:45,157 INFO  segmented.SegmentedRaftLogWorker (SegmentedRaftLogWorker.java:startLogSegment(380)) - 66b2efc6-514d-46a0-861d-46537d529627-SegmentedRaftLogWorker:Storage Directory /tmp/workdir/hadoop-ozone/integration-test/target/test-dir/MiniOzoneClusterImpl-fe579810-8e9f-469f-84e5-6868cd12b3c7/datanode-2/data/ratis/771bcbde-3c38-4835-9441-513d078d8275: Starting segment from index:0
2019-07-14 02:44:45,161 INFO  impl.RaftServerImpl (ServerState.java:setRaftConf(361)) - d24af681-3959-44cc-8250-d948d0c6ed13:group-9E60D46220E2 set configuration 0: [d24af681-3959-44cc-8250-d948d0c6ed13:192.168.157.236:40300, 242dab13-59e3-47fe-a0e1-d38b83783c72:192.168.157.236:37606, bd6c4a95-4cdb-4174-b847-fd048ae710b0:192.168.157.236:37224], old=null at 0
2019-07-14 02:44:45,179 INFO  impl.RaftServerImpl (ServerState.java:setRaftConf(361)) - 66b2efc6-514d-46a0-861d-46537d529627:group-513D078D8275 set configuration 0: [fc824039-8c63-4f10-92c4-37d5470c1424:192.168.157.236:35262, c5d614ef-dafc-48c4-88f9-7d3a89976db4:192.168.157.236:44133, 66b2efc6-514d-46a0-861d-46537d529627:192.168.157.236:34912], old=null at 0
2019-07-14 02:44:45,179 INFO  impl.RaftServerImpl (ServerState.java:setLeader(263)) - d24af681-3959-44cc-8250-d948d0c6ed13:group-9E60D46220E2 change Leader from d24af681-3959-44cc-8250-d948d0c6ed13 to null at term 2 for updateCurrentTerm
2019-07-14 02:44:45,181 INFO  impl.RaftServerImpl (RaftServerImpl.java:setRole(171)) - d24af681-3959-44cc-8250-d948d0c6ed13:group-9E60D46220E2 changes role from LEADER to FOLLOWER at term 2 for recognizeCandidate:242dab13-59e3-47fe-a0e1-d38b83783c72
2019-07-14 02:44:45,182 INFO  impl.RoleInfo (RoleInfo.java:shutdownLeaderState(104)) - d24af681-3959-44cc-8250-d948d0c6ed13: shutdown LeaderState
2019-07-14 02:44:45,186 INFO  impl.PendingRequests (PendingRequests.java:sendNotLeaderResponses(202)) - d24af681-3959-44cc-8250-d948d0c6ed13-PendingRequests: sendNotLeaderResponses
2019-07-14 02:44:45,192 INFO  segmented.SegmentedRaftLogWorker (SegmentedRaftLogWorker.java:execute(569)) - 66b2efc6-514d-46a0-861d-46537d529627-SegmentedRaftLogWorker:Storage Directory /tmp/workdir/hadoop-ozone/integration-test/target/test-dir/MiniOzoneClusterImpl-fe579810-8e9f-469f-84e5-6868cd12b3c7/datanode-2/data/ratis/771bcbde-3c38-4835-9441-513d078d8275: created new log segment /tmp/workdir/hadoop-ozone/integration-test/target/test-dir/MiniOzoneClusterImpl-fe579810-8e9f-469f-84e5-6868cd12b3c7/datanode-2/data/ratis/771bcbde-3c38-4835-9441-513d078d8275/current/log_inprogress_0
2019-07-14 02:44:45,192 INFO  impl.RoleInfo (RoleInfo.java:updateAndGet(143)) - d24af681-3959-44cc-8250-d948d0c6ed13: start FollowerState
2019-07-14 02:44:45,192 INFO  segmented.SegmentedRaftLogWorker (SegmentedRaftLogWorker.java:execute(569)) - d24af681-3959-44cc-8250-d948d0c6ed13-SegmentedRaftLogWorker:Storage Directory /tmp/workdir/hadoop-ozone/integration-test/target/test-dir/MiniOzoneClusterImpl-fe579810-8e9f-469f-84e5-6868cd12b3c7/datanode-1/data/ratis/899114a6-ccdd-4f9f-9986-9e60d46220e2: created new log segment /tmp/workdir/hadoop-ozone/integration-test/target/test-dir/MiniOzoneClusterImpl-fe579810-8e9f-469f-84e5-6868cd12b3c7/datanode-1/data/ratis/899114a6-ccdd-4f9f-9986-9e60d46220e2/current/log_inprogress_0
2019-07-14 02:44:45,199 WARN  server.GrpcLogAppender (GrpcLogAppender.java:mayWait(143)) - GrpcLogAppender(d24af681-3959-44cc-8250-d948d0c6ed13->242dab13-59e3-47fe-a0e1-d38b83783c72): Wait interrupted by java.lang.InterruptedException
2019-07-14 02:44:45,199 WARN  server.GrpcLogAppender (GrpcLogAppender.java:mayWait(143)) - GrpcLogAppender(d24af681-3959-44cc-8250-d948d0c6ed13->bd6c4a95-4cdb-4174-b847-fd048ae710b0): Wait interrupted by java.lang.InterruptedException
2019-07-14 02:44:45,231 INFO  server.GrpcServerProtocolService (GrpcServerProtocolService.java:onCompleted(104)) - bd6c4a95-4cdb-4174-b847-fd048ae710b0: appendEntries completed
2019-07-14 02:44:45,233 INFO  server.GrpcServerProtocolService (GrpcServerProtocolService.java:onCompleted(104)) - 242dab13-59e3-47fe-a0e1-d38b83783c72: appendEntries completed
2019-07-14 02:44:45,233 INFO  server.GrpcLogAppender (GrpcLogAppender.java:onCompleted(292)) - d24af681-3959-44cc-8250-d948d0c6ed13->bd6c4a95-4cdb-4174-b847-fd048ae710b0: follower responses appendEntries COMPLETED
2019-07-14 02:44:45,237 INFO  server.GrpcLogAppender (GrpcLogAppender.java:onCompleted(292)) - d24af681-3959-44cc-8250-d948d0c6ed13->242dab13-59e3-47fe-a0e1-d38b83783c72: follower responses appendEntries COMPLETED
2019-07-14 02:44:45,239 INFO  impl.FollowerInfo (FollowerInfo.java:lambda$new$0(50)) - d24af681-3959-44cc-8250-d948d0c6ed13->bd6c4a95-4cdb-4174-b847-fd048ae710b0: nextIndex: updateUnconditionally 0 -> 0
2019-07-14 02:44:45,239 INFO  impl.FollowerInfo (FollowerInfo.java:lambda$new$0(50)) - d24af681-3959-44cc-8250-d948d0c6ed13->242dab13-59e3-47fe-a0e1-d38b83783c72: nextIndex: updateUnconditionally 0 -> 0
2019-07-14 02:44:45,243 INFO  impl.RaftServerImpl (ServerState.java:setLeader(263)) - c5d614ef-dafc-48c4-88f9-7d3a89976db4:group-513D078D8275 change Leader from null to 66b2efc6-514d-46a0-861d-46537d529627 at term 1 for appendEntries, leader elected after 5388ms
2019-07-14 02:44:45,243 INFO  impl.RaftServerImpl (ServerState.java:setLeader(263)) - fc824039-8c63-4f10-92c4-37d5470c1424:group-513D078D8275 change Leader from null to 66b2efc6-514d-46a0-861d-46537d529627 at term 1 for appendEntries, leader elected after 5389ms
2019-07-14 02:44:45,279 INFO  impl.RaftServerImpl (ServerState.java:setRaftConf(361)) - fc824039-8c63-4f10-92c4-37d5470c1424:group-513D078D8275 set configuration 0: [fc824039-8c63-4f10-92c4-37d5470c1424:192.168.157.236:35262, c5d614ef-dafc-48c4-88f9-7d3a89976db4:192.168.157.236:44133, 66b2efc6-514d-46a0-861d-46537d529627:192.168.157.236:34912], old=null at 0
2019-07-14 02:44:45,279 INFO  impl.RaftServerImpl (ServerState.java:setRaftConf(361)) - c5d614ef-dafc-48c4-88f9-7d3a89976db4:group-513D078D8275 set configuration 0: [fc824039-8c63-4f10-92c4-37d5470c1424:192.168.157.236:35262, c5d614ef-dafc-48c4-88f9-7d3a89976db4:192.168.157.236:44133, 66b2efc6-514d-46a0-861d-46537d529627:192.168.157.236:34912], old=null at 0
2019-07-14 02:44:45,280 INFO  segmented.SegmentedRaftLogWorker (SegmentedRaftLogWorker.java:startLogSegment(380)) - fc824039-8c63-4f10-92c4-37d5470c1424-SegmentedRaftLogWorker:Storage Directory /tmp/workdir/hadoop-ozone/integration-test/target/test-dir/MiniOzoneClusterImpl-fe579810-8e9f-469f-84e5-6868cd12b3c7/datanode-3/data/ratis/771bcbde-3c38-4835-9441-513d078d8275: Starting segment from index:0
2019-07-14 02:44:45,280 INFO  segmented.SegmentedRaftLogWorker (SegmentedRaftLogWorker.java:startLogSegment(380)) - c5d614ef-dafc-48c4-88f9-7d3a89976db4-SegmentedRaftLogWorker:Storage Directory /tmp/workdir/hadoop-ozone/integration-test/target/test-dir/MiniOzoneClusterImpl-fe579810-8e9f-469f-84e5-6868cd12b3c7/datanode-5/data/ratis/771bcbde-3c38-4835-9441-513d078d8275: Starting segment from index:0
2019-07-14 02:44:45,308 INFO  segmented.SegmentedRaftLogWorker (SegmentedRaftLogWorker.java:execute(569)) - fc824039-8c63-4f10-92c4-37d5470c1424-SegmentedRaftLogWorker:Storage Directory /tmp/workdir/hadoop-ozone/integration-test/target/test-dir/MiniOzoneClusterImpl-fe579810-8e9f-469f-84e5-6868cd12b3c7/datanode-3/data/ratis/771bcbde-3c38-4835-9441-513d078d8275: created new log segment /tmp/workdir/hadoop-ozone/integration-test/target/test-dir/MiniOzoneClusterImpl-fe579810-8e9f-469f-84e5-6868cd12b3c7/datanode-3/data/ratis/771bcbde-3c38-4835-9441-513d078d8275/current/log_inprogress_0
2019-07-14 02:44:45,308 INFO  segmented.SegmentedRaftLogWorker (SegmentedRaftLogWorker.java:execute(569)) - c5d614ef-dafc-48c4-88f9-7d3a89976db4-SegmentedRaftLogWorker:Storage Directory /tmp/workdir/hadoop-ozone/integration-test/target/test-dir/MiniOzoneClusterImpl-fe579810-8e9f-469f-84e5-6868cd12b3c7/datanode-5/data/ratis/771bcbde-3c38-4835-9441-513d078d8275: created new log segment /tmp/workdir/hadoop-ozone/integration-test/target/test-dir/MiniOzoneClusterImpl-fe579810-8e9f-469f-84e5-6868cd12b3c7/datanode-5/data/ratis/771bcbde-3c38-4835-9441-513d078d8275/current/log_inprogress_0
2019-07-14 02:44:45,417 INFO  client.GrpcClientProtocolClient (GrpcClientProtocolClient.java:onNext(255)) - client-E200BCA1EF84->bd6c4a95-4cdb-4174-b847-fd048ae710b0: receive RaftClientReply:client-E200BCA1EF84->bd6c4a95-4cdb-4174-b847-fd048ae710b0@group-9E60D46220E2, cid=13, FAILED org.apache.ratis.protocol.NotLeaderException: Server bd6c4a95-4cdb-4174-b847-fd048ae710b0 is not the leader (null). Request must be sent to leader., logIndex=0, commits[bd6c4a95-4cdb-4174-b847-fd048ae710b0:c-1]
2019-07-14 02:44:46,443 INFO  client.GrpcClientProtocolClient (GrpcClientProtocolClient.java:onNext(255)) - client-E200BCA1EF84->242dab13-59e3-47fe-a0e1-d38b83783c72: receive RaftClientReply:client-E200BCA1EF84->242dab13-59e3-47fe-a0e1-d38b83783c72@group-9E60D46220E2, cid=13, FAILED org.apache.ratis.protocol.NotLeaderException: Server 242dab13-59e3-47fe-a0e1-d38b83783c72 is not the leader (null). Request must be sent to leader., logIndex=0, commits[242dab13-59e3-47fe-a0e1-d38b83783c72:c-1]
2019-07-14 02:44:47,474 INFO  client.GrpcClientProtocolClient (GrpcClientProtocolClient.java:onNext(255)) - client-E200BCA1EF84->d24af681-3959-44cc-8250-d948d0c6ed13: receive RaftClientReply:client-E200BCA1EF84->d24af681-3959-44cc-8250-d948d0c6ed13@group-9E60D46220E2, cid=13, FAILED org.apache.ratis.protocol.NotLeaderException: Server d24af681-3959-44cc-8250-d948d0c6ed13 is not the leader (null). Request must be sent to leader., logIndex=0, commits[d24af681-3959-44cc-8250-d948d0c6ed13:c-1, 242dab13-59e3-47fe-a0e1-d38b83783c72:c-1, bd6c4a95-4cdb-4174-b847-fd048ae710b0:c-1]
2019-07-14 02:44:48,498 INFO  client.GrpcClientProtocolClient (GrpcClientProtocolClient.java:onNext(255)) - client-E200BCA1EF84->242dab13-59e3-47fe-a0e1-d38b83783c72: receive RaftClientReply:client-E200BCA1EF84->242dab13-59e3-47fe-a0e1-d38b83783c72@group-9E60D46220E2, cid=13, FAILED org.apache.ratis.protocol.NotLeaderException: Server 242dab13-59e3-47fe-a0e1-d38b83783c72 is not the leader (null). Request must be sent to leader., logIndex=0, commits[242dab13-59e3-47fe-a0e1-d38b83783c72:c-1]
2019-07-14 02:44:49,522 INFO  client.GrpcClientProtocolClient (GrpcClientProtocolClient.java:onNext(255)) - client-E200BCA1EF84->bd6c4a95-4cdb-4174-b847-fd048ae710b0: receive RaftClientReply:client-E200BCA1EF84->bd6c4a95-4cdb-4174-b847-fd048ae710b0@group-9E60D46220E2, cid=13, FAILED org.apache.ratis.protocol.NotLeaderException: Server bd6c4a95-4cdb-4174-b847-fd048ae710b0 is not the leader (null). Request must be sent to leader., logIndex=0, commits[bd6c4a95-4cdb-4174-b847-fd048ae710b0:c-1]
2019-07-14 02:44:50,141 INFO  impl.FollowerState (FollowerState.java:run(106)) - 242dab13-59e3-47fe-a0e1-d38b83783c72:group-9E60D46220E2 changes to CANDIDATE, lastRpcTime:5072, electionTimeout:5072ms
2019-07-14 02:44:50,142 INFO  impl.RoleInfo (RoleInfo.java:shutdownFollowerState(121)) - 242dab13-59e3-47fe-a0e1-d38b83783c72: shutdown FollowerState
2019-07-14 02:44:50,142 INFO  impl.RaftServerImpl (RaftServerImpl.java:setRole(171)) - 242dab13-59e3-47fe-a0e1-d38b83783c72:group-9E60D46220E2 changes role from FOLLOWER to CANDIDATE at term 2 for changeToCandidate
2019-07-14 02:44:50,142 INFO  impl.RoleInfo (RoleInfo.java:updateAndGet(143)) - 242dab13-59e3-47fe-a0e1-d38b83783c72: start LeaderElection
2019-07-14 02:44:50,161 INFO  impl.LeaderElection (LeaderElection.java:askForVotes(181)) - 242dab13-59e3-47fe-a0e1-d38b83783c72:group-9E60D46220E2:LeaderElection12: begin an election at term 3 for -1: [d24af681-3959-44cc-8250-d948d0c6ed13:192.168.157.236:40300, 242dab13-59e3-47fe-a0e1-d38b83783c72:192.168.157.236:37606, bd6c4a95-4cdb-4174-b847-fd048ae710b0:192.168.157.236:37224], old=null
2019-07-14 02:44:50,170 INFO  impl.RaftServerImpl (RaftServerImpl.java:setRole(171)) - d24af681-3959-44cc-8250-d948d0c6ed13:group-9E60D46220E2 changes role from FOLLOWER to FOLLOWER at term 3 for recognizeCandidate:242dab13-59e3-47fe-a0e1-d38b83783c72
2019-07-14 02:44:50,170 INFO  impl.RaftServerImpl (RaftServerImpl.java:setRole(171)) - bd6c4a95-4cdb-4174-b847-fd048ae710b0:group-9E60D46220E2 changes role from FOLLOWER to FOLLOWER at term 3 for recognizeCandidate:242dab13-59e3-47fe-a0e1-d38b83783c72
2019-07-14 02:44:50,170 INFO  impl.RoleInfo (RoleInfo.java:shutdownFollowerState(121)) - d24af681-3959-44cc-8250-d948d0c6ed13: shutdown FollowerState
2019-07-14 02:44:50,171 INFO  impl.RoleInfo (RoleInfo.java:shutdownFollowerState(121)) - bd6c4a95-4cdb-4174-b847-fd048ae710b0: shutdown FollowerState
2019-07-14 02:44:50,171 INFO  impl.RoleInfo (RoleInfo.java:updateAndGet(143)) - d24af681-3959-44cc-8250-d948d0c6ed13: start FollowerState
2019-07-14 02:44:50,171 INFO  impl.FollowerState (FollowerState.java:run(114)) - bd6c4a95-4cdb-4174-b847-fd048ae710b0: FollowerState was interrupted: java.lang.InterruptedException: sleep interrupted
2019-07-14 02:44:50,171 INFO  impl.RoleInfo (RoleInfo.java:updateAndGet(143)) - bd6c4a95-4cdb-4174-b847-fd048ae710b0: start FollowerState
2019-07-14 02:44:50,171 INFO  impl.FollowerState (FollowerState.java:run(114)) - d24af681-3959-44cc-8250-d948d0c6ed13: FollowerState was interrupted: java.lang.InterruptedException: sleep interrupted
2019-07-14 02:44:50,192 INFO  impl.LeaderElection (LeaderElection.java:logAndReturn(56)) - 242dab13-59e3-47fe-a0e1-d38b83783c72:group-9E60D46220E2:LeaderElection12: Election PASSED; received 1 response(s) [242dab13-59e3-47fe-a0e1-d38b83783c72<-bd6c4a95-4cdb-4174-b847-fd048ae710b0#0:OK-t3] and 0 exception(s); 242dab13-59e3-47fe-a0e1-d38b83783c72:t3, leader=null, voted=242dab13-59e3-47fe-a0e1-d38b83783c72, raftlog=242dab13-59e3-47fe-a0e1-d38b83783c72-SegmentedRaftLog:OPENED:c-1,f-1,i0, conf=-1: [d24af681-3959-44cc-8250-d948d0c6ed13:192.168.157.236:40300, 242dab13-59e3-47fe-a0e1-d38b83783c72:192.168.157.236:37606, bd6c4a95-4cdb-4174-b847-fd048ae710b0:192.168.157.236:37224], old=null
2019-07-14 02:44:50,192 INFO  impl.RoleInfo (RoleInfo.java:shutdownLeaderElection(134)) - 242dab13-59e3-47fe-a0e1-d38b83783c72: shutdown LeaderElection
2019-07-14 02:44:50,194 INFO  impl.RaftServerImpl (RaftServerImpl.java:setRole(171)) - 242dab13-59e3-47fe-a0e1-d38b83783c72:group-9E60D46220E2 changes role from CANDIDATE to LEADER at term 3 for changeToLeader
2019-07-14 02:44:50,194 INFO  impl.RaftServerImpl (ServerState.java:setLeader(263)) - 242dab13-59e3-47fe-a0e1-d38b83783c72:group-9E60D46220E2 change Leader from null to 242dab13-59e3-47fe-a0e1-d38b83783c72 at term 3 for becomeLeader, leader elected after 10216ms
2019-07-14 02:44:50,194 INFO  server.RaftServerConfigKeys (ConfUtils.java:logGet(43)) - raft.server.staging.catchup.gap = 1000 (default)
2019-07-14 02:44:50,195 INFO  server.RaftServerConfigKeys (ConfUtils.java:logGet(43)) - raft.server.rpc.sleep.time = 25ms (default)
2019-07-14 02:44:50,195 INFO  server.RaftServerConfigKeys (ConfUtils.java:logGet(43)) - raft.server.write.element-limit = 4096 (default)
2019-07-14 02:44:50,195 INFO  server.RaftServerConfigKeys (ConfUtils.java:logGet(43)) - raft.server.watch.timeout = 10s (default)
2019-07-14 02:44:50,195 INFO  server.RaftServerConfigKeys (ConfUtils.java:logGet(43)) - raft.server.watch.timeout.denomination = 1s (default)
2019-07-14 02:44:50,195 INFO  server.RaftServerConfigKeys (ConfUtils.java:logGet(43)) - raft.server.watch.element-limit = 65536 (default)
2019-07-14 02:44:50,196 INFO  server.RaftServerConfigKeys (ConfUtils.java:logGet(43)) - raft.server.log.appender.snapshot.chunk.size.max = 16MB (=16777216) (default)
2019-07-14 02:44:50,196 INFO  server.RaftServerConfigKeys (ConfUtils.java:logGet(43)) - raft.server.log.appender.buffer.byte-limit = 33554432 (custom)
2019-07-14 02:44:50,196 INFO  server.RaftServerConfigKeys (ConfUtils.java:logGet(43)) - raft.server.log.appender.buffer.element-limit = 1 (custom)
2019-07-14 02:44:50,197 INFO  grpc.GrpcConfigKeys$Server (ConfUtils.java:logGet(43)) - raft.grpc.server.leader.outstanding.appends.max = 128 (default)
2019-07-14 02:44:50,197 INFO  server.RaftServerConfigKeys (ConfUtils.java:logGet(43)) - raft.server.rpc.request.timeout = 3000ms (default)
2019-07-14 02:44:50,197 INFO  server.RaftServerConfigKeys (ConfUtils.java:logGet(43)) - raft.server.log.appender.install.snapshot.enabled = false (custom)
2019-07-14 02:44:50,197 INFO  server.RaftServerConfigKeys (ConfUtils.java:logGet(43)) - raft.server.log.appender.snapshot.chunk.size.max = 16MB (=16777216) (default)
2019-07-14 02:44:50,198 INFO  server.RaftServerConfigKeys (ConfUtils.java:logGet(43)) - raft.server.log.appender.buffer.byte-limit = 33554432 (custom)
2019-07-14 02:44:50,198 INFO  server.RaftServerConfigKeys (ConfUtils.java:logGet(43)) - raft.server.log.appender.buffer.element-limit = 1 (custom)
2019-07-14 02:44:50,198 INFO  grpc.GrpcConfigKeys$Server (ConfUtils.java:logGet(43)) - raft.grpc.server.leader.outstanding.appends.max = 128 (default)
2019-07-14 02:44:50,198 INFO  server.RaftServerConfigKeys (ConfUtils.java:logGet(43)) - raft.server.rpc.request.timeout = 3000ms (default)
2019-07-14 02:44:50,199 INFO  server.RaftServerConfigKeys (ConfUtils.java:logGet(43)) - raft.server.log.appender.install.snapshot.enabled = false (custom)
2019-07-14 02:44:50,199 INFO  impl.RoleInfo (RoleInfo.java:updateAndGet(143)) - 242dab13-59e3-47fe-a0e1-d38b83783c72: start LeaderState
2019-07-14 02:44:50,199 INFO  segmented.SegmentedRaftLogWorker (SegmentedRaftLogWorker.java:startLogSegment(380)) - 242dab13-59e3-47fe-a0e1-d38b83783c72-SegmentedRaftLogWorker:Storage Directory /tmp/workdir/hadoop-ozone/integration-test/target/test-dir/MiniOzoneClusterImpl-fe579810-8e9f-469f-84e5-6868cd12b3c7/datanode-6/data/ratis/899114a6-ccdd-4f9f-9986-9e60d46220e2: Starting segment from index:0
2019-07-14 02:44:50,201 INFO  impl.RaftServerImpl (ServerState.java:setRaftConf(361)) - 242dab13-59e3-47fe-a0e1-d38b83783c72:group-9E60D46220E2 set configuration 0: [d24af681-3959-44cc-8250-d948d0c6ed13:192.168.157.236:40300, 242dab13-59e3-47fe-a0e1-d38b83783c72:192.168.157.236:37606, bd6c4a95-4cdb-4174-b847-fd048ae710b0:192.168.157.236:37224], old=null at 0
2019-07-14 02:44:50,223 INFO  impl.RaftServerImpl (ServerState.java:setLeader(263)) - d24af681-3959-44cc-8250-d948d0c6ed13:group-9E60D46220E2 change Leader from null to 242dab13-59e3-47fe-a0e1-d38b83783c72 at term 3 for appendEntries, leader elected after 5044ms
2019-07-14 02:44:50,223 INFO  impl.RaftServerImpl (ServerState.java:setLeader(263)) - bd6c4a95-4cdb-4174-b847-fd048ae710b0:group-9E60D46220E2 change Leader from null to 242dab13-59e3-47fe-a0e1-d38b83783c72 at term 3 for appendEntries, leader elected after 10245ms
2019-07-14 02:44:50,230 INFO  impl.RaftServerImpl (ServerState.java:setRaftConf(361)) - d24af681-3959-44cc-8250-d948d0c6ed13:group-9E60D46220E2 set configuration 0: [d24af681-3959-44cc-8250-d948d0c6ed13:192.168.157.236:40300, 242dab13-59e3-47fe-a0e1-d38b83783c72:192.168.157.236:37606, bd6c4a95-4cdb-4174-b847-fd048ae710b0:192.168.157.236:37224], old=null at 0
2019-07-14 02:44:50,230 INFO  impl.RaftServerImpl (ServerState.java:setRaftConf(361)) - bd6c4a95-4cdb-4174-b847-fd048ae710b0:group-9E60D46220E2 set configuration 0: [d24af681-3959-44cc-8250-d948d0c6ed13:192.168.157.236:40300, 242dab13-59e3-47fe-a0e1-d38b83783c72:192.168.157.236:37606, bd6c4a95-4cdb-4174-b847-fd048ae710b0:192.168.157.236:37224], old=null at 0
2019-07-14 02:44:50,231 INFO  segmented.SegmentedRaftLogWorker (SegmentedRaftLogWorker.java:startLogSegment(380)) - bd6c4a95-4cdb-4174-b847-fd048ae710b0-SegmentedRaftLogWorker:Storage Directory /tmp/workdir/hadoop-ozone/integration-test/target/test-dir/MiniOzoneClusterImpl-fe579810-8e9f-469f-84e5-6868cd12b3c7/datanode-4/data/ratis/899114a6-ccdd-4f9f-9986-9e60d46220e2: Starting segment from index:0
2019-07-14 02:44:50,233 INFO  segmented.SegmentedRaftLogWorker (SegmentedRaftLogWorker.java:execute(569)) - 242dab13-59e3-47fe-a0e1-d38b83783c72-SegmentedRaftLogWorker:Storage Directory /tmp/workdir/hadoop-ozone/integration-test/target/test-dir/MiniOzoneClusterImpl-fe579810-8e9f-469f-84e5-6868cd12b3c7/datanode-6/data/ratis/899114a6-ccdd-4f9f-9986-9e60d46220e2: created new log segment /tmp/workdir/hadoop-ozone/integration-test/target/test-dir/MiniOzoneClusterImpl-fe579810-8e9f-469f-84e5-6868cd12b3c7/datanode-6/data/ratis/899114a6-ccdd-4f9f-9986-9e60d46220e2/current/log_inprogress_0
2019-07-14 02:44:50,235 INFO  segmented.SegmentedRaftLogWorker (SegmentedRaftLogWorker.java:truncate(396)) - d24af681-3959-44cc-8250-d948d0c6ed13-SegmentedRaftLogWorker:Storage Directory /tmp/workdir/hadoop-ozone/integration-test/target/test-dir/MiniOzoneClusterImpl-fe579810-8e9f-469f-84e5-6868cd12b3c7/datanode-1/data/ratis/899114a6-ccdd-4f9f-9986-9e60d46220e2: Truncating segments toTruncate: null
  toDelete: [(0, 0) isOpen? true, length=0, newEndIndex=-1], start index 0
2019-07-14 02:44:50,236 INFO  segmented.SegmentedRaftLogWorker (SegmentedRaftLogWorker.java:startLogSegment(380)) - d24af681-3959-44cc-8250-d948d0c6ed13-SegmentedRaftLogWorker:Storage Directory /tmp/workdir/hadoop-ozone/integration-test/target/test-dir/MiniOzoneClusterImpl-fe579810-8e9f-469f-84e5-6868cd12b3c7/datanode-1/data/ratis/899114a6-ccdd-4f9f-9986-9e60d46220e2: Starting segment from index:0
2019-07-14 02:44:50,238 INFO  segmented.SegmentedRaftLogWorker (SegmentedRaftLogWorker.java:execute(633)) - d24af681-3959-44cc-8250-d948d0c6ed13-SegmentedRaftLogWorker:Storage Directory /tmp/workdir/hadoop-ozone/integration-test/target/test-dir/MiniOzoneClusterImpl-fe579810-8e9f-469f-84e5-6868cd12b3c7/datanode-1/data/ratis/899114a6-ccdd-4f9f-9986-9e60d46220e2: Deleted log file /tmp/workdir/hadoop-ozone/integration-test/target/test-dir/MiniOzoneClusterImpl-fe579810-8e9f-469f-84e5-6868cd12b3c7/datanode-1/data/ratis/899114a6-ccdd-4f9f-9986-9e60d46220e2/current/log_inprogress_0
2019-07-14 02:44:50,254 INFO  segmented.SegmentedRaftLogWorker (SegmentedRaftLogWorker.java:lambda$new$0(132)) - d24af681-3959-44cc-8250-d948d0c6ed13-SegmentedRaftLogWorker:Storage Directory /tmp/workdir/hadoop-ozone/integration-test/target/test-dir/MiniOzoneClusterImpl-fe579810-8e9f-469f-84e5-6868cd12b3c7/datanode-1/data/ratis/899114a6-ccdd-4f9f-9986-9e60d46220e2: flushIndex: setUnconditionally 0 -> -1
2019-07-14 02:44:50,266 INFO  segmented.SegmentedRaftLogWorker (SegmentedRaftLogWorker.java:execute(569)) - bd6c4a95-4cdb-4174-b847-fd048ae710b0-SegmentedRaftLogWorker:Storage Directory /tmp/workdir/hadoop-ozone/integration-test/target/test-dir/MiniOzoneClusterImpl-fe579810-8e9f-469f-84e5-6868cd12b3c7/datanode-4/data/ratis/899114a6-ccdd-4f9f-9986-9e60d46220e2: created new log segment /tmp/workdir/hadoop-ozone/integration-test/target/test-dir/MiniOzoneClusterImpl-fe579810-8e9f-469f-84e5-6868cd12b3c7/datanode-4/data/ratis/899114a6-ccdd-4f9f-9986-9e60d46220e2/current/log_inprogress_0
2019-07-14 02:44:50,286 INFO  segmented.SegmentedRaftLogWorker (SegmentedRaftLogWorker.java:execute(569)) - d24af681-3959-44cc-8250-d948d0c6ed13-SegmentedRaftLogWorker:Storage Directory /tmp/workdir/hadoop-ozone/integration-test/target/test-dir/MiniOzoneClusterImpl-fe579810-8e9f-469f-84e5-6868cd12b3c7/datanode-1/data/ratis/899114a6-ccdd-4f9f-9986-9e60d46220e2: created new log segment /tmp/workdir/hadoop-ozone/integration-test/target/test-dir/MiniOzoneClusterImpl-fe579810-8e9f-469f-84e5-6868cd12b3c7/datanode-1/data/ratis/899114a6-ccdd-4f9f-9986-9e60d46220e2/current/log_inprogress_0
2019-07-14 02:44:50,546 INFO  client.GrpcClientProtocolClient (GrpcClientProtocolClient.java:onNext(255)) - client-E200BCA1EF84->d24af681-3959-44cc-8250-d948d0c6ed13: receive RaftClientReply:client-E200BCA1EF84->d24af681-3959-44cc-8250-d948d0c6ed13@group-9E60D46220E2, cid=13, FAILED org.apache.ratis.protocol.NotLeaderException: Server d24af681-3959-44cc-8250-d948d0c6ed13 is not the leader (242dab13-59e3-47fe-a0e1-d38b83783c72:192.168.157.236:37606). Request must be sent to leader., logIndex=0, commits[d24af681-3959-44cc-8250-d948d0c6ed13:c-1, 242dab13-59e3-47fe-a0e1-d38b83783c72:c-1, bd6c4a95-4cdb-4174-b847-fd048ae710b0:c-1]
2019-07-14 02:44:50,828 INFO  client.GrpcClientProtocolClient (GrpcClientProtocolClient.java:onNext(255)) - client-E200BCA1EF84->242dab13-59e3-47fe-a0e1-d38b83783c72: receive RaftClientReply:client-E200BCA1EF84->242dab13-59e3-47fe-a0e1-d38b83783c72@group-9E60D46220E2, cid=13, SUCCESS, logIndex=1, commits[242dab13-59e3-47fe-a0e1-d38b83783c72:c1, d24af681-3959-44cc-8250-d948d0c6ed13:c0, bd6c4a95-4cdb-4174-b847-fd048ae710b0:c0]
2019-07-14 02:44:50,870 INFO  client.GrpcClientProtocolClient (GrpcClientProtocolClient.java:onNext(255)) - client-E200BCA1EF84->242dab13-59e3-47fe-a0e1-d38b83783c72: receive RaftClientReply:client-E200BCA1EF84->242dab13-59e3-47fe-a0e1-d38b83783c72@group-9E60D46220E2, cid=14, SUCCESS, logIndex=3, commits[242dab13-59e3-47fe-a0e1-d38b83783c72:c3, d24af681-3959-44cc-8250-d948d0c6ed13:c2, bd6c4a95-4cdb-4174-b847-fd048ae710b0:c2]
2019-07-14 02:44:50,931 INFO  client.GrpcClientProtocolClient (GrpcClientProtocolClient.java:onNext(255)) - client-E200BCA1EF84->242dab13-59e3-47fe-a0e1-d38b83783c72: receive RaftClientReply:client-E200BCA1EF84->242dab13-59e3-47fe-a0e1-d38b83783c72@group-9E60D46220E2, cid=15, SUCCESS, logIndex=4, commits[242dab13-59e3-47fe-a0e1-d38b83783c72:c12, d24af681-3959-44cc-8250-d948d0c6ed13:c8, bd6c4a95-4cdb-4174-b847-fd048ae710b0:c8]
2019-07-14 02:44:50,939 INFO  client.GrpcClientProtocolClient (GrpcClientProtocolClient.java:onNext(255)) - client-E200BCA1EF84->242dab13-59e3-47fe-a0e1-d38b83783c72: receive RaftClientReply:client-E200BCA1EF84->242dab13-59e3-47fe-a0e1-d38b83783c72@group-9E60D46220E2, cid=16, SUCCESS, logIndex=5, commits[242dab13-59e3-47fe-a0e1-d38b83783c72:c12, d24af681-3959-44cc-8250-d948d0c6ed13:c8, bd6c4a95-4cdb-4174-b847-fd048ae710b0:c8]
2019-07-14 02:44:50,940 INFO  client.GrpcClientProtocolClient (GrpcClientProtocolClient.java:onNext(255)) - client-E200BCA1EF84->242dab13-59e3-47fe-a0e1-d38b83783c72: receive RaftClientReply:client-E200BCA1EF84->242dab13-59e3-47fe-a0e1-d38b83783c72@group-9E60D46220E2, cid=17, SUCCESS, logIndex=6, commits[242dab13-59e3-47fe-a0e1-d38b83783c72:c12, d24af681-3959-44cc-8250-d948d0c6ed13:c8, bd6c4a95-4cdb-4174-b847-fd048ae710b0:c8]
2019-07-14 02:44:50,972 INFO  client.GrpcClientProtocolClient (GrpcClientProtocolClient.java:onNext(255)) - client-E200BCA1EF84->242dab13-59e3-47fe-a0e1-d38b83783c72: receive RaftClientReply:client-E200BCA1EF84->242dab13-59e3-47fe-a0e1-d38b83783c72@group-9E60D46220E2, cid=18, SUCCESS, logIndex=8, commits[242dab13-59e3-47fe-a0e1-d38b83783c72:c12, d24af681-3959-44cc-8250-d948d0c6ed13:c8, bd6c4a95-4cdb-4174-b847-fd048ae710b0:c8]
2019-07-14 02:44:50,979 INFO  pipeline.SCMPipelineManager (SCMPipelineManager.java:finalizeAndDestroyPipeline(309)) - destroying pipeline:Pipeline[ Id: 899114a6-ccdd-4f9f-9986-9e60d46220e2, Nodes: bd6c4a95-4cdb-4174-b847-fd048ae710b0{ip: 192.168.157.236, host: trunk-nightly-k88cw-3644625431, networkLocation: /default-rack, certSerialId: null}d24af681-3959-44cc-8250-d948d0c6ed13{ip: 192.168.157.236, host: trunk-nightly-k88cw-3644625431, networkLocation: /default-rack, certSerialId: null}242dab13-59e3-47fe-a0e1-d38b83783c72{ip: 192.168.157.236, host: trunk-nightly-k88cw-3644625431, networkLocation: /default-rack, certSerialId: null}, Type:RATIS, Factor:THREE, State:OPEN]
2019-07-14 02:44:50,980 INFO  pipeline.PipelineStateManager (PipelineStateManager.java:finalizePipeline(123)) - Pipeline Pipeline[ Id: 899114a6-ccdd-4f9f-9986-9e60d46220e2, Nodes: bd6c4a95-4cdb-4174-b847-fd048ae710b0{ip: 192.168.157.236, host: trunk-nightly-k88cw-3644625431, networkLocation: /default-rack, certSerialId: null}d24af681-3959-44cc-8250-d948d0c6ed13{ip: 192.168.157.236, host: trunk-nightly-k88cw-3644625431, networkLocation: /default-rack, certSerialId: null}242dab13-59e3-47fe-a0e1-d38b83783c72{ip: 192.168.157.236, host: trunk-nightly-k88cw-3644625431, networkLocation: /default-rack, certSerialId: null}, Type:RATIS, Factor:THREE, State:CLOSED] moved to CLOSED state
2019-07-14 02:44:50,981 INFO  container.CloseContainerEventHandler (CloseContainerEventHandler.java:onMessage(61)) - Close container Event triggered for container : #1
2019-07-14 02:44:51,001 INFO  impl.RaftServerProxy (RaftServerProxy.java:remove(95)) - bd6c4a95-4cdb-4174-b847-fd048ae710b0: remove FOLLOWER group-9E60D46220E2 bd6c4a95-4cdb-4174-b847-fd048ae710b0:t3, leader=242dab13-59e3-47fe-a0e1-d38b83783c72, voted=242dab13-59e3-47fe-a0e1-d38b83783c72, raftlog=bd6c4a95-4cdb-4174-b847-fd048ae710b0-SegmentedRaftLog:OPENED:c8,f12,i12, conf=0: [d24af681-3959-44cc-8250-d948d0c6ed13:192.168.157.236:40300, 242dab13-59e3-47fe-a0e1-d38b83783c72:192.168.157.236:37606, bd6c4a95-4cdb-4174-b847-fd048ae710b0:192.168.157.236:37224], old=null RUNNING
2019-07-14 02:44:51,011 INFO  impl.RaftServerImpl (RaftServerImpl.java:lambda$shutdown$3(245)) - bd6c4a95-4cdb-4174-b847-fd048ae710b0: shutdown group-9E60D46220E2
2019-07-14 02:44:51,011 INFO  util.JmxRegister (JmxRegister.java:unregister(73)) - Successfully un-registered JMX Bean with object name Ratis:service=RaftServer,group=group-9E60D46220E2,id=bd6c4a95-4cdb-4174-b847-fd048ae710b0
2019-07-14 02:44:51,012 INFO  impl.RoleInfo (RoleInfo.java:shutdownFollowerState(121)) - bd6c4a95-4cdb-4174-b847-fd048ae710b0: shutdown FollowerState
2019-07-14 02:44:51,012 INFO  impl.StateMachineUpdater (StateMachineUpdater.java:stopAndJoin(115)) - StateMachineUpdater:bd6c4a95-4cdb-4174-b847-fd048ae710b0:group-9E60D46220E2: set stopIndex = 8
2019-07-14 02:44:51,012 INFO  impl.FollowerState (FollowerState.java:run(114)) - bd6c4a95-4cdb-4174-b847-fd048ae710b0: FollowerState was interrupted: java.lang.InterruptedException: sleep interrupted
2019-07-14 02:44:51,012 INFO  ratis.ContainerStateMachine (ContainerStateMachine.java:takeSnapshot(246)) - Taking snapshot at termIndex:(t:3, i:8)
2019-07-14 02:44:51,014 INFO  ratis.ContainerStateMachine (ContainerStateMachine.java:takeSnapshot(250)) - Taking a snapshot to file /tmp/workdir/hadoop-ozone/integration-test/target/test-dir/MiniOzoneClusterImpl-fe579810-8e9f-469f-84e5-6868cd12b3c7/datanode-4/data/ratis/899114a6-ccdd-4f9f-9986-9e60d46220e2/sm/snapshot.3_8
2019-07-14 02:44:51,024 INFO  impl.StateMachineUpdater (StateMachineUpdater.java:takeSnapshot(242)) - StateMachineUpdater:bd6c4a95-4cdb-4174-b847-fd048ae710b0:group-9E60D46220E2: Took a snapshot at index 8
2019-07-14 02:44:51,026 INFO  impl.StateMachineUpdater (StateMachineUpdater.java:lambda$new$0(80)) - StateMachineUpdater:bd6c4a95-4cdb-4174-b847-fd048ae710b0:group-9E60D46220E2: snapshotIndex: updateIncreasingly -1 -> 8
2019-07-14 02:44:51,030 INFO  impl.RaftServerImpl (ServerState.java:close(394)) - bd6c4a95-4cdb-4174-b847-fd048ae710b0:group-9E60D46220E2 closes. The last applied log index is 8
2019-07-14 02:44:51,032 INFO  segmented.SegmentedRaftLogWorker (SegmentedRaftLogWorker.java:run(313)) - bd6c4a95-4cdb-4174-b847-fd048ae710b0-SegmentedRaftLogWorker:Storage Directory /tmp/workdir/hadoop-ozone/integration-test/target/test-dir/MiniOzoneClusterImpl-fe579810-8e9f-469f-84e5-6868cd12b3c7/datanode-4/data/ratis/899114a6-ccdd-4f9f-9986-9e60d46220e2 was interrupted, exiting. There are 0 tasks remaining in the queue.
2019-07-14 02:44:51,034 INFO  segmented.SegmentedRaftLogWorker (SegmentedRaftLogWorker.java:close(228)) - bd6c4a95-4cdb-4174-b847-fd048ae710b0-SegmentedRaftLogWorker:Storage Directory /tmp/workdir/hadoop-ozone/integration-test/target/test-dir/MiniOzoneClusterImpl-fe579810-8e9f-469f-84e5-6868cd12b3c7/datanode-4/data/ratis/899114a6-ccdd-4f9f-9986-9e60d46220e2 close()
2019-07-14 02:44:51,062 INFO  impl.RaftServerProxy (RaftServerProxy.java:remove(95)) - d24af681-3959-44cc-8250-d948d0c6ed13: remove FOLLOWER group-9E60D46220E2 d24af681-3959-44cc-8250-d948d0c6ed13:t3, leader=242dab13-59e3-47fe-a0e1-d38b83783c72, voted=null, raftlog=d24af681-3959-44cc-8250-d948d0c6ed13-SegmentedRaftLog:OPENED:c8,f12,i12, conf=0: [d24af681-3959-44cc-8250-d948d0c6ed13:192.168.157.236:40300, 242dab13-59e3-47fe-a0e1-d38b83783c72:192.168.157.236:37606, bd6c4a95-4cdb-4174-b847-fd048ae710b0:192.168.157.236:37224], old=null RUNNING
2019-07-14 02:44:51,063 INFO  impl.RaftServerImpl (RaftServerImpl.java:lambda$shutdown$3(245)) - d24af681-3959-44cc-8250-d948d0c6ed13: shutdown group-9E60D46220E2
2019-07-14 02:44:51,063 INFO  util.JmxRegister (JmxRegister.java:unregister(73)) - Successfully un-registered JMX Bean with object name Ratis:service=RaftServer,group=group-9E60D46220E2,id=d24af681-3959-44cc-8250-d948d0c6ed13
2019-07-14 02:44:51,063 INFO  impl.RoleInfo (RoleInfo.java:shutdownFollowerState(121)) - d24af681-3959-44cc-8250-d948d0c6ed13: shutdown FollowerState
2019-07-14 02:44:51,064 INFO  impl.StateMachineUpdater (StateMachineUpdater.java:stopAndJoin(115)) - StateMachineUpdater:d24af681-3959-44cc-8250-d948d0c6ed13:group-9E60D46220E2: set stopIndex = 8
2019-07-14 02:44:51,064 INFO  ratis.ContainerStateMachine (ContainerStateMachine.java:takeSnapshot(246)) - Taking snapshot at termIndex:(t:3, i:8)
2019-07-14 02:44:51,064 INFO  ratis.ContainerStateMachine (ContainerStateMachine.java:takeSnapshot(250)) - Taking a snapshot to file /tmp/workdir/hadoop-ozone/integration-test/target/test-dir/MiniOzoneClusterImpl-fe579810-8e9f-469f-84e5-6868cd12b3c7/datanode-1/data/ratis/899114a6-ccdd-4f9f-9986-9e60d46220e2/sm/snapshot.3_8
2019-07-14 02:44:51,064 INFO  impl.FollowerState (FollowerState.java:run(114)) - d24af681-3959-44cc-8250-d948d0c6ed13: FollowerState was interrupted: java.lang.InterruptedException: sleep interrupted
2019-07-14 02:44:51,067 INFO  impl.StateMachineUpdater (StateMachineUpdater.java:takeSnapshot(242)) - StateMachineUpdater:d24af681-3959-44cc-8250-d948d0c6ed13:group-9E60D46220E2: Took a snapshot at index 8
2019-07-14 02:44:51,067 INFO  impl.StateMachineUpdater (StateMachineUpdater.java:lambda$new$0(80)) - StateMachineUpdater:d24af681-3959-44cc-8250-d948d0c6ed13:group-9E60D46220E2: snapshotIndex: updateIncreasingly -1 -> 8
2019-07-14 02:44:51,067 INFO  impl.RaftServerImpl (ServerState.java:close(394)) - d24af681-3959-44cc-8250-d948d0c6ed13:group-9E60D46220E2 closes. The last applied log index is 8
2019-07-14 02:44:51,068 INFO  segmented.SegmentedRaftLogWorker (SegmentedRaftLogWorker.java:run(313)) - d24af681-3959-44cc-8250-d948d0c6ed13-SegmentedRaftLogWorker:Storage Directory /tmp/workdir/hadoop-ozone/integration-test/target/test-dir/MiniOzoneClusterImpl-fe579810-8e9f-469f-84e5-6868cd12b3c7/datanode-1/data/ratis/899114a6-ccdd-4f9f-9986-9e60d46220e2 was interrupted, exiting. There are 0 tasks remaining in the queue.
2019-07-14 02:44:51,070 INFO  segmented.SegmentedRaftLogWorker (SegmentedRaftLogWorker.java:close(228)) - d24af681-3959-44cc-8250-d948d0c6ed13-SegmentedRaftLogWorker:Storage Directory /tmp/workdir/hadoop-ozone/integration-test/target/test-dir/MiniOzoneClusterImpl-fe579810-8e9f-469f-84e5-6868cd12b3c7/datanode-1/data/ratis/899114a6-ccdd-4f9f-9986-9e60d46220e2 close()
2019-07-14 02:44:51,089 INFO  impl.RaftServerProxy (RaftServerProxy.java:remove(95)) - 242dab13-59e3-47fe-a0e1-d38b83783c72: remove   LEADER group-9E60D46220E2 242dab13-59e3-47fe-a0e1-d38b83783c72:t3, leader=242dab13-59e3-47fe-a0e1-d38b83783c72, voted=242dab13-59e3-47fe-a0e1-d38b83783c72, raftlog=242dab13-59e3-47fe-a0e1-d38b83783c72-SegmentedRaftLog:OPENED:c12,f12,i12, conf=0: [d24af681-3959-44cc-8250-d948d0c6ed13:192.168.157.236:40300, 242dab13-59e3-47fe-a0e1-d38b83783c72:192.168.157.236:37606, bd6c4a95-4cdb-4174-b847-fd048ae710b0:192.168.157.236:37224], old=null RUNNING
2019-07-14 02:44:51,090 INFO  impl.RaftServerImpl (RaftServerImpl.java:lambda$shutdown$3(245)) - 242dab13-59e3-47fe-a0e1-d38b83783c72: shutdown group-9E60D46220E2
2019-07-14 02:44:51,090 INFO  util.JmxRegister (JmxRegister.java:unregister(73)) - Successfully un-registered JMX Bean with object name Ratis:service=RaftServer,group=group-9E60D46220E2,id=242dab13-59e3-47fe-a0e1-d38b83783c72
2019-07-14 02:44:51,090 INFO  impl.RoleInfo (RoleInfo.java:shutdownLeaderState(104)) - 242dab13-59e3-47fe-a0e1-d38b83783c72: shutdown LeaderState
2019-07-14 02:44:51,094 WARN  server.GrpcLogAppender (GrpcLogAppender.java:mayWait(143)) - GrpcLogAppender(242dab13-59e3-47fe-a0e1-d38b83783c72->bd6c4a95-4cdb-4174-b847-fd048ae710b0): Wait interrupted by java.lang.InterruptedException
2019-07-14 02:44:51,094 INFO  impl.PendingRequests (PendingRequests.java:sendNotLeaderResponses(202)) - 242dab13-59e3-47fe-a0e1-d38b83783c72-PendingRequests: sendNotLeaderResponses
2019-07-14 02:44:51,094 WARN  server.GrpcLogAppender (GrpcLogAppender.java:mayWait(143)) - GrpcLogAppender(242dab13-59e3-47fe-a0e1-d38b83783c72->d24af681-3959-44cc-8250-d948d0c6ed13): Wait interrupted by java.lang.InterruptedException
2019-07-14 02:44:51,099 INFO  server.GrpcServerProtocolService (GrpcServerProtocolService.java:onCompleted(104)) - bd6c4a95-4cdb-4174-b847-fd048ae710b0: appendEntries completed
2019-07-14 02:44:51,102 INFO  server.GrpcServerProtocolService (GrpcServerProtocolService.java:onCompleted(104)) - d24af681-3959-44cc-8250-d948d0c6ed13: appendEntries completed
2019-07-14 02:44:51,107 INFO  server.GrpcLogAppender (GrpcLogAppender.java:onCompleted(292)) - 242dab13-59e3-47fe-a0e1-d38b83783c72->bd6c4a95-4cdb-4174-b847-fd048ae710b0: follower responses appendEntries COMPLETED
2019-07-14 02:44:51,107 INFO  server.GrpcLogAppender (GrpcLogAppender.java:onCompleted(292)) - 242dab13-59e3-47fe-a0e1-d38b83783c72->d24af681-3959-44cc-8250-d948d0c6ed13: follower responses appendEntries COMPLETED
2019-07-14 02:44:51,109 INFO  impl.FollowerInfo (FollowerInfo.java:lambda$new$0(50)) - 242dab13-59e3-47fe-a0e1-d38b83783c72->bd6c4a95-4cdb-4174-b847-fd048ae710b0: nextIndex: updateUnconditionally 13 -> 12
2019-07-14 02:44:51,111 INFO  impl.FollowerInfo (FollowerInfo.java:lambda$new$0(50)) - 242dab13-59e3-47fe-a0e1-d38b83783c72->d24af681-3959-44cc-8250-d948d0c6ed13: nextIndex: updateUnconditionally 13 -> 12
2019-07-14 02:44:51,117 INFO  impl.StateMachineUpdater (StateMachineUpdater.java:stopAndJoin(115)) - StateMachineUpdater:242dab13-59e3-47fe-a0e1-d38b83783c72:group-9E60D46220E2: set stopIndex = 12
2019-07-14 02:44:51,117 INFO  ratis.ContainerStateMachine (ContainerStateMachine.java:takeSnapshot(246)) - Taking snapshot at termIndex:(t:3, i:12)
2019-07-14 02:44:51,118 INFO  ratis.ContainerStateMachine (ContainerStateMachine.java:takeSnapshot(250)) - Taking a snapshot to file /tmp/workdir/hadoop-ozone/integration-test/target/test-dir/MiniOzoneClusterImpl-fe579810-8e9f-469f-84e5-6868cd12b3c7/datanode-6/data/ratis/899114a6-ccdd-4f9f-9986-9e60d46220e2/sm/snapshot.3_12
2019-07-14 02:44:51,118 INFO  impl.StateMachineUpdater (StateMachineUpdater.java:takeSnapshot(242)) - StateMachineUpdater:242dab13-59e3-47fe-a0e1-d38b83783c72:group-9E60D46220E2: Took a snapshot at index 12
2019-07-14 02:44:51,120 INFO  impl.StateMachineUpdater (StateMachineUpdater.java:lambda$new$0(80)) - StateMachineUpdater:242dab13-59e3-47fe-a0e1-d38b83783c72:group-9E60D46220E2: snapshotIndex: updateIncreasingly -1 -> 12
2019-07-14 02:44:51,120 INFO  impl.RaftServerImpl (ServerState.java:close(394)) - 242dab13-59e3-47fe-a0e1-d38b83783c72:group-9E60D46220E2 closes. The last applied log index is 12
2019-07-14 02:44:51,121 INFO  segmented.SegmentedRaftLogWorker (SegmentedRaftLogWorker.java:run(313)) - 242dab13-59e3-47fe-a0e1-d38b83783c72-SegmentedRaftLogWorker:Storage Directory /tmp/workdir/hadoop-ozone/integration-test/target/test-dir/MiniOzoneClusterImpl-fe579810-8e9f-469f-84e5-6868cd12b3c7/datanode-6/data/ratis/899114a6-ccdd-4f9f-9986-9e60d46220e2 was interrupted, exiting. There are 0 tasks remaining in the queue.
2019-07-14 02:44:51,123 INFO  segmented.SegmentedRaftLogWorker (SegmentedRaftLogWorker.java:close(228)) - 242dab13-59e3-47fe-a0e1-d38b83783c72-SegmentedRaftLogWorker:Storage Directory /tmp/workdir/hadoop-ozone/integration-test/target/test-dir/MiniOzoneClusterImpl-fe579810-8e9f-469f-84e5-6868cd12b3c7/datanode-6/data/ratis/899114a6-ccdd-4f9f-9986-9e60d46220e2 close()
2019-07-14 02:44:51,132 INFO  pipeline.PipelineStateManager (PipelineStateManager.java:removePipeline(108)) - Pipeline Pipeline[ Id: 899114a6-ccdd-4f9f-9986-9e60d46220e2, Nodes: bd6c4a95-4cdb-4174-b847-fd048ae710b0{ip: 192.168.157.236, host: trunk-nightly-k88cw-3644625431, networkLocation: /default-rack, certSerialId: null}d24af681-3959-44cc-8250-d948d0c6ed13{ip: 192.168.157.236, host: trunk-nightly-k88cw-3644625431, networkLocation: /default-rack, certSerialId: null}242dab13-59e3-47fe-a0e1-d38b83783c72{ip: 192.168.157.236, host: trunk-nightly-k88cw-3644625431, networkLocation: /default-rack, certSerialId: null}, Type:RATIS, Factor:THREE, State:CLOSED] removed from db
2019-07-14 02:44:51,134 INFO  ratis.XceiverServerRatis (XceiverServerRatis.java:getPipelineIds(614)) - pipeline id PipelineID=d9b24ae5-c1f6-42e7-bf6b-766d72990bf0
2019-07-14 02:44:51,135 INFO  ratis.XceiverServerRatis (XceiverServerRatis.java:getPipelineIds(614)) - pipeline id PipelineID=967400f2-8a7b-4059-b9e7-fb0c536e5799
2019-07-14 02:44:51,135 INFO  ratis.XceiverServerRatis (XceiverServerRatis.java:getPipelineIds(614)) - pipeline id PipelineID=d85263ec-fc6d-4d31-bce6-e6aafc04caa2
2019-07-14 02:44:51,160 INFO  impl.RaftServerProxy (RaftServerProxy.java:addNew(89)) - bd6c4a95-4cdb-4174-b847-fd048ae710b0: addNew group-7572DD5E36DA:[d24af681-3959-44cc-8250-d948d0c6ed13:192.168.157.236:40300, 242dab13-59e3-47fe-a0e1-d38b83783c72:192.168.157.236:37606, bd6c4a95-4cdb-4174-b847-fd048ae710b0:192.168.157.236:37224] returns group-7572DD5E36DA:java.util.concurrent.CompletableFuture@4d3521fc[Not completed]
2019-07-14 02:44:51,160 INFO  impl.RaftServerProxy (RaftServerProxy.java:addNew(89)) - d24af681-3959-44cc-8250-d948d0c6ed13: addNew group-7572DD5E36DA:[d24af681-3959-44cc-8250-d948d0c6ed13:192.168.157.236:40300, 242dab13-59e3-47fe-a0e1-d38b83783c72:192.168.157.236:37606, bd6c4a95-4cdb-4174-b847-fd048ae710b0:192.168.157.236:37224] returns group-7572DD5E36DA:java.util.concurrent.CompletableFuture@52f01db2[Not completed]
2019-07-14 02:44:51,160 INFO  impl.RaftServerProxy (RaftServerProxy.java:addNew(89)) - 242dab13-59e3-47fe-a0e1-d38b83783c72: addNew group-7572DD5E36DA:[d24af681-3959-44cc-8250-d948d0c6ed13:192.168.157.236:40300, 242dab13-59e3-47fe-a0e1-d38b83783c72:192.168.157.236:37606, bd6c4a95-4cdb-4174-b847-fd048ae710b0:192.168.157.236:37224] returns group-7572DD5E36DA:java.util.concurrent.CompletableFuture@30e1ad68[Not completed]
2019-07-14 02:44:51,163 INFO  impl.RaftServerImpl (RaftServerImpl.java:<init>(93)) - bd6c4a95-4cdb-4174-b847-fd048ae710b0: new RaftServerImpl for group-7572DD5E36DA:[d24af681-3959-44cc-8250-d948d0c6ed13:192.168.157.236:40300, 242dab13-59e3-47fe-a0e1-d38b83783c72:192.168.157.236:37606, bd6c4a95-4cdb-4174-b847-fd048ae710b0:192.168.157.236:37224] with ContainerStateMachine:uninitialized
2019-07-14 02:44:51,163 INFO  server.RaftServerConfigKeys (ConfUtils.java:logGet(43)) - raft.server.rpc.timeout.min = 5s (custom)
2019-07-14 02:44:51,163 INFO  server.RaftServerConfigKeys (ConfUtils.java:logGet(43)) - raft.server.rpc.timeout.max = 5200ms (custom)
2019-07-14 02:44:51,163 INFO  server.RaftServerConfigKeys (ConfUtils.java:logGet(43)) - raft.server.rpcslowness.timeout = 120s (custom)
2019-07-14 02:44:51,163 INFO  server.RaftServerConfigKeys (ConfUtils.java:logGet(43)) - raft.server.sleep.deviation.threshold = 300 (default)
2019-07-14 02:44:51,164 INFO  server.RaftServerConfigKeys (ConfUtils.java:logGet(43)) - raft.server.log.appender.install.snapshot.enabled = false (custom)
2019-07-14 02:44:51,164 INFO  impl.RaftServerImpl (ServerState.java:<init>(105)) - bd6c4a95-4cdb-4174-b847-fd048ae710b0:group-7572DD5E36DA ConfigurationManager, init=-1: [d24af681-3959-44cc-8250-d948d0c6ed13:192.168.157.236:40300, 242dab13-59e3-47fe-a0e1-d38b83783c72:192.168.157.236:37606, bd6c4a95-4cdb-4174-b847-fd048ae710b0:192.168.157.236:37224], old=null, confs=<EMPTY_MAP>
2019-07-14 02:44:51,164 INFO  impl.RaftServerImpl (RaftServerImpl.java:<init>(93)) - 242dab13-59e3-47fe-a0e1-d38b83783c72: new RaftServerImpl for group-7572DD5E36DA:[d24af681-3959-44cc-8250-d948d0c6ed13:192.168.157.236:40300, 242dab13-59e3-47fe-a0e1-d38b83783c72:192.168.157.236:37606, bd6c4a95-4cdb-4174-b847-fd048ae710b0:192.168.157.236:37224] with ContainerStateMachine:uninitialized
2019-07-14 02:44:51,164 INFO  server.RaftServerConfigKeys (ConfUtils.java:logGet(43)) - raft.server.storage.dir = [/tmp/workdir/hadoop-ozone/integration-test/target/test-dir/MiniOzoneClusterImpl-fe579810-8e9f-469f-84e5-6868cd12b3c7/datanode-4/data/ratis] (custom)
2019-07-14 02:44:51,164 INFO  server.RaftServerConfigKeys (ConfUtils.java:logGet(43)) - raft.server.rpc.timeout.min = 5s (custom)
2019-07-14 02:44:51,164 INFO  server.RaftServerConfigKeys (ConfUtils.java:logGet(43)) - raft.server.rpc.timeout.max = 5200ms (custom)
2019-07-14 02:44:51,165 INFO  storage.RaftStorageDirectory (RaftStorageDirectory.java:analyzeStorage(246)) - The storage directory /tmp/workdir/hadoop-ozone/integration-test/target/test-dir/MiniOzoneClusterImpl-fe579810-8e9f-469f-84e5-6868cd12b3c7/datanode-4/data/ratis/7d467864-aa91-49f0-8ec1-7572dd5e36da does not exist. Creating ...
2019-07-14 02:44:51,165 INFO  server.RaftServerConfigKeys (ConfUtils.java:logGet(43)) - raft.server.rpcslowness.timeout = 120s (custom)
2019-07-14 02:44:51,165 INFO  impl.RaftServerImpl (RaftServerImpl.java:<init>(93)) - d24af681-3959-44cc-8250-d948d0c6ed13: new RaftServerImpl for group-7572DD5E36DA:[d24af681-3959-44cc-8250-d948d0c6ed13:192.168.157.236:40300, 242dab13-59e3-47fe-a0e1-d38b83783c72:192.168.157.236:37606, bd6c4a95-4cdb-4174-b847-fd048ae710b0:192.168.157.236:37224] with ContainerStateMachine:uninitialized
2019-07-14 02:44:51,165 INFO  server.RaftServerConfigKeys (ConfUtils.java:logGet(43)) - raft.server.sleep.deviation.threshold = 300 (default)
2019-07-14 02:44:51,165 INFO  server.RaftServerConfigKeys (ConfUtils.java:logGet(43)) - raft.server.rpc.timeout.min = 5s (custom)
2019-07-14 02:44:51,165 INFO  server.RaftServerConfigKeys (ConfUtils.java:logGet(43)) - raft.server.log.appender.install.snapshot.enabled = false (custom)
2019-07-14 02:44:51,165 INFO  server.RaftServerConfigKeys (ConfUtils.java:logGet(43)) - raft.server.rpc.timeout.max = 5200ms (custom)
2019-07-14 02:44:51,166 INFO  impl.RaftServerImpl (ServerState.java:<init>(105)) - 242dab13-59e3-47fe-a0e1-d38b83783c72:group-7572DD5E36DA ConfigurationManager, init=-1: [d24af681-3959-44cc-8250-d948d0c6ed13:192.168.157.236:40300, 242dab13-59e3-47fe-a0e1-d38b83783c72:192.168.157.236:37606, bd6c4a95-4cdb-4174-b847-fd048ae710b0:192.168.157.236:37224], old=null, confs=<EMPTY_MAP>
2019-07-14 02:44:51,166 INFO  server.RaftServerConfigKeys (ConfUtils.java:logGet(43)) - raft.server.rpcslowness.timeout = 120s (custom)
2019-07-14 02:44:51,166 INFO  server.RaftServerConfigKeys (ConfUtils.java:logGet(43)) - raft.server.storage.dir = [/tmp/workdir/hadoop-ozone/integration-test/target/test-dir/MiniOzoneClusterImpl-fe579810-8e9f-469f-84e5-6868cd12b3c7/datanode-6/data/ratis] (custom)
2019-07-14 02:44:51,166 INFO  server.RaftServerConfigKeys (ConfUtils.java:logGet(43)) - raft.server.sleep.deviation.threshold = 300 (default)
2019-07-14 02:44:51,166 INFO  server.RaftServerConfigKeys (ConfUtils.java:logGet(43)) - raft.server.log.appender.install.snapshot.enabled = false (custom)
2019-07-14 02:44:51,166 INFO  storage.RaftStorageDirectory (RaftStorageDirectory.java:analyzeStorage(246)) - The storage directory /tmp/workdir/hadoop-ozone/integration-test/target/test-dir/MiniOzoneClusterImpl-fe579810-8e9f-469f-84e5-6868cd12b3c7/datanode-6/data/ratis/7d467864-aa91-49f0-8ec1-7572dd5e36da does not exist. Creating ...
2019-07-14 02:44:51,166 INFO  impl.RaftServerImpl (ServerState.java:<init>(105)) - d24af681-3959-44cc-8250-d948d0c6ed13:group-7572DD5E36DA ConfigurationManager, init=-1: [d24af681-3959-44cc-8250-d948d0c6ed13:192.168.157.236:40300, 242dab13-59e3-47fe-a0e1-d38b83783c72:192.168.157.236:37606, bd6c4a95-4cdb-4174-b847-fd048ae710b0:192.168.157.236:37224], old=null, confs=<EMPTY_MAP>
2019-07-14 02:44:51,167 INFO  server.RaftServerConfigKeys (ConfUtils.java:logGet(43)) - raft.server.storage.dir = [/tmp/workdir/hadoop-ozone/integration-test/target/test-dir/MiniOzoneClusterImpl-fe579810-8e9f-469f-84e5-6868cd12b3c7/datanode-1/data/ratis] (custom)
2019-07-14 02:44:51,167 INFO  storage.RaftStorageDirectory (RaftStorageDirectory.java:analyzeStorage(246)) - The storage directory /tmp/workdir/hadoop-ozone/integration-test/target/test-dir/MiniOzoneClusterImpl-fe579810-8e9f-469f-84e5-6868cd12b3c7/datanode-1/data/ratis/7d467864-aa91-49f0-8ec1-7572dd5e36da does not exist. Creating ...
2019-07-14 02:44:51,179 INFO  storage.RaftStorageDirectory (RaftStorageDirectory.java:tryLock(328)) - Lock on /tmp/workdir/hadoop-ozone/integration-test/target/test-dir/MiniOzoneClusterImpl-fe579810-8e9f-469f-84e5-6868cd12b3c7/datanode-4/data/ratis/7d467864-aa91-49f0-8ec1-7572dd5e36da/in_use.lock acquired by nodename 24822@trunk-nightly-k88cw-3644625431
2019-07-14 02:44:51,179 INFO  storage.RaftStorageDirectory (RaftStorageDirectory.java:tryLock(328)) - Lock on /tmp/workdir/hadoop-ozone/integration-test/target/test-dir/MiniOzoneClusterImpl-fe579810-8e9f-469f-84e5-6868cd12b3c7/datanode-6/data/ratis/7d467864-aa91-49f0-8ec1-7572dd5e36da/in_use.lock acquired by nodename 24822@trunk-nightly-k88cw-3644625431
2019-07-14 02:44:51,179 INFO  storage.RaftStorageDirectory (RaftStorageDirectory.java:tryLock(328)) - Lock on /tmp/workdir/hadoop-ozone/integration-test/target/test-dir/MiniOzoneClusterImpl-fe579810-8e9f-469f-84e5-6868cd12b3c7/datanode-1/data/ratis/7d467864-aa91-49f0-8ec1-7572dd5e36da/in_use.lock acquired by nodename 24822@trunk-nightly-k88cw-3644625431
2019-07-14 02:44:51,193 INFO  storage.RaftStorage (RaftStorage.java:format(72)) - Storage directory /tmp/workdir/hadoop-ozone/integration-test/target/test-dir/MiniOzoneClusterImpl-fe579810-8e9f-469f-84e5-6868cd12b3c7/datanode-1/data/ratis/7d467864-aa91-49f0-8ec1-7572dd5e36da has been successfully formatted.
2019-07-14 02:44:51,193 INFO  storage.RaftStorage (RaftStorage.java:format(72)) - Storage directory /tmp/workdir/hadoop-ozone/integration-test/target/test-dir/MiniOzoneClusterImpl-fe579810-8e9f-469f-84e5-6868cd12b3c7/datanode-4/data/ratis/7d467864-aa91-49f0-8ec1-7572dd5e36da has been successfully formatted.
2019-07-14 02:44:51,193 INFO  storage.RaftStorage (RaftStorage.java:format(72)) - Storage directory /tmp/workdir/hadoop-ozone/integration-test/target/test-dir/MiniOzoneClusterImpl-fe579810-8e9f-469f-84e5-6868cd12b3c7/datanode-6/data/ratis/7d467864-aa91-49f0-8ec1-7572dd5e36da has been successfully formatted.
2019-07-14 02:44:51,194 INFO  ratis.ContainerStateMachine (ContainerStateMachine.java:loadSnapshot(200)) - The snapshot info is null.Setting the last applied index to:(t:0, i:~)
2019-07-14 02:44:51,193 INFO  ratis.ContainerStateMachine (ContainerStateMachine.java:loadSnapshot(200)) - The snapshot info is null.Setting the last applied index to:(t:0, i:~)
2019-07-14 02:44:51,194 INFO  ratis.ContainerStateMachine (ContainerStateMachine.java:loadSnapshot(200)) - The snapshot info is null.Setting the last applied index to:(t:0, i:~)
2019-07-14 02:44:51,194 INFO  server.RaftServerConfigKeys (ConfUtils.java:logGet(43)) - raft.server.leader.election.timeout = 120s (custom)
2019-07-14 02:44:51,194 INFO  server.RaftServerConfigKeys (ConfUtils.java:logGet(43)) - raft.server.leader.election.timeout = 120s (custom)
2019-07-14 02:44:51,194 INFO  server.RaftServerConfigKeys (ConfUtils.java:logGet(43)) - raft.server.log.use.memory = false (default)
2019-07-14 02:44:51,194 INFO  server.RaftServerConfigKeys (ConfUtils.java:logGet(43)) - raft.server.leader.election.timeout = 120s (custom)
2019-07-14 02:44:51,195 INFO  server.RaftServerConfigKeys (ConfUtils.java:logGet(43)) - raft.server.log.purge.gap = 1000000000 (custom)
2019-07-14 02:44:51,194 INFO  server.RaftServerConfigKeys (ConfUtils.java:logGet(43)) - raft.server.log.use.memory = false (default)
2019-07-14 02:44:51,195 INFO  server.RaftServerConfigKeys (ConfUtils.java:logGet(43)) - raft.server.log.appender.buffer.byte-limit = 33554432 (custom)
2019-07-14 02:44:51,195 INFO  server.RaftServerConfigKeys (ConfUtils.java:logGet(43)) - raft.server.log.use.memory = false (default)
2019-07-14 02:44:51,195 INFO  server.RaftServerConfigKeys (ConfUtils.java:logGet(43)) - raft.server.log.segment.size.max = 1048576 (custom)
2019-07-14 02:44:51,195 INFO  server.RaftServerConfigKeys (ConfUtils.java:logGet(43)) - raft.server.log.purge.gap = 1000000000 (custom)
2019-07-14 02:44:51,196 INFO  server.RaftServerConfigKeys (ConfUtils.java:logGet(43)) - raft.server.log.segment.cache.num.max = 2 (custom)
2019-07-14 02:44:51,196 INFO  server.RaftServerConfigKeys (ConfUtils.java:logGet(43)) - raft.server.log.purge.gap = 1000000000 (custom)
2019-07-14 02:44:51,196 INFO  segmented.SegmentedRaftLogWorker (SegmentedRaftLogWorker.java:<init>(172)) - new d24af681-3959-44cc-8250-d948d0c6ed13-SegmentedRaftLogWorker:Storage Directory /tmp/workdir/hadoop-ozone/integration-test/target/test-dir/MiniOzoneClusterImpl-fe579810-8e9f-469f-84e5-6868cd12b3c7/datanode-1/data/ratis/7d467864-aa91-49f0-8ec1-7572dd5e36da for RaftStorage:Storage Directory /tmp/workdir/hadoop-ozone/integration-test/target/test-dir/MiniOzoneClusterImpl-fe579810-8e9f-469f-84e5-6868cd12b3c7/datanode-1/data/ratis/7d467864-aa91-49f0-8ec1-7572dd5e36da
2019-07-14 02:44:51,196 INFO  server.RaftServerConfigKeys (ConfUtils.java:logGet(43)) - raft.server.log.appender.buffer.byte-limit = 33554432 (custom)
2019-07-14 02:44:51,196 INFO  server.RaftServerConfigKeys (ConfUtils.java:logGet(43)) - raft.server.log.queue.byte-limit = 2147483647 (custom)
2019-07-14 02:44:51,196 INFO  server.RaftServerConfigKeys (ConfUtils.java:logGet(43)) - raft.server.log.appender.buffer.byte-limit = 33554432 (custom)
2019-07-14 02:44:51,197 INFO  server.RaftServerConfigKeys (ConfUtils.java:logGet(43)) - raft.server.log.queue.element-limit = 1024 (custom)
2019-07-14 02:44:51,197 INFO  server.RaftServerConfigKeys (ConfUtils.java:logGet(43)) - raft.server.log.segment.size.max = 1048576 (custom)
2019-07-14 02:44:51,197 INFO  server.RaftServerConfigKeys (ConfUtils.java:logGet(43)) - raft.server.log.segment.size.max = 1048576 (custom)
2019-07-14 02:44:51,197 INFO  server.RaftServerConfigKeys (ConfUtils.java:logGet(43)) - raft.server.log.segment.size.max = 1048576 (custom)
2019-07-14 02:44:51,197 INFO  server.RaftServerConfigKeys (ConfUtils.java:logGet(43)) - raft.server.log.preallocated.size = 16384 (custom)
2019-07-14 02:44:51,197 INFO  server.RaftServerConfigKeys (ConfUtils.java:logGet(43)) - raft.server.log.segment.cache.num.max = 2 (custom)
2019-07-14 02:44:51,198 INFO  server.RaftServerConfigKeys (ConfUtils.java:logGet(43)) - raft.server.log.write.buffer.size = 33554432 (custom)
2019-07-14 02:44:51,198 INFO  server.RaftServerConfigKeys (ConfUtils.java:logGet(43)) - raft.server.log.segment.cache.num.max = 2 (custom)
2019-07-14 02:44:51,198 INFO  server.RaftServerConfigKeys (ConfUtils.java:logGet(43)) - raft.server.log.force.sync.num = 128 (default)
2019-07-14 02:44:51,198 INFO  server.RaftServerConfigKeys (ConfUtils.java:logGet(43)) - raft.server.log.statemachine.data.sync = true (default)
2019-07-14 02:44:51,198 INFO  segmented.SegmentedRaftLogWorker (SegmentedRaftLogWorker.java:<init>(172)) - new bd6c4a95-4cdb-4174-b847-fd048ae710b0-SegmentedRaftLogWorker:Storage Directory /tmp/workdir/hadoop-ozone/integration-test/target/test-dir/MiniOzoneClusterImpl-fe579810-8e9f-469f-84e5-6868cd12b3c7/datanode-4/data/ratis/7d467864-aa91-49f0-8ec1-7572dd5e36da for RaftStorage:Storage Directory /tmp/workdir/hadoop-ozone/integration-test/target/test-dir/MiniOzoneClusterImpl-fe579810-8e9f-469f-84e5-6868cd12b3c7/datanode-4/data/ratis/7d467864-aa91-49f0-8ec1-7572dd5e36da
2019-07-14 02:44:51,199 INFO  server.RaftServerConfigKeys (ConfUtils.java:logGet(43)) - raft.server.log.statemachine.data.sync.timeout = 10s (default)
2019-07-14 02:44:51,198 INFO  segmented.SegmentedRaftLogWorker (SegmentedRaftLogWorker.java:<init>(172)) - new 242dab13-59e3-47fe-a0e1-d38b83783c72-SegmentedRaftLogWorker:Storage Directory /tmp/workdir/hadoop-ozone/integration-test/target/test-dir/MiniOzoneClusterImpl-fe579810-8e9f-469f-84e5-6868cd12b3c7/datanode-6/data/ratis/7d467864-aa91-49f0-8ec1-7572dd5e36da for RaftStorage:Storage Directory /tmp/workdir/hadoop-ozone/integration-test/target/test-dir/MiniOzoneClusterImpl-fe579810-8e9f-469f-84e5-6868cd12b3c7/datanode-6/data/ratis/7d467864-aa91-49f0-8ec1-7572dd5e36da
2019-07-14 02:44:51,199 INFO  server.RaftServerConfigKeys (ConfUtils.java:logGet(43)) - raft.server.log.statemachine.data.sync.timeout.retry = -1 (default)
2019-07-14 02:44:51,199 INFO  server.RaftServerConfigKeys (ConfUtils.java:logGet(43)) - raft.server.log.queue.byte-limit = 2147483647 (custom)
2019-07-14 02:44:51,199 INFO  server.RaftServerConfigKeys (ConfUtils.java:logGet(43)) - raft.server.log.statemachine.data.caching.enabled = true (custom)
2019-07-14 02:44:51,199 INFO  server.RaftServerConfigKeys (ConfUtils.java:logGet(43)) - raft.server.log.queue.byte-limit = 2147483647 (custom)
2019-07-14 02:44:51,199 INFO  server.RaftServerConfigKeys (ConfUtils.java:logGet(43)) - raft.server.log.queue.element-limit = 1024 (custom)
2019-07-14 02:44:51,200 INFO  segmented.SegmentedRaftLogWorker (SegmentedRaftLogWorker.java:lambda$new$0(132)) - d24af681-3959-44cc-8250-d948d0c6ed13-SegmentedRaftLogWorker:Storage Directory /tmp/workdir/hadoop-ozone/integration-test/target/test-dir/MiniOzoneClusterImpl-fe579810-8e9f-469f-84e5-6868cd12b3c7/datanode-1/data/ratis/7d467864-aa91-49f0-8ec1-7572dd5e36da: flushIndex: setUnconditionally 0 -> -1
2019-07-14 02:44:51,200 INFO  server.RaftServerConfigKeys (ConfUtils.java:logGet(43)) - raft.server.log.queue.element-limit = 1024 (custom)
2019-07-14 02:44:51,200 INFO  server.RaftServerConfigKeys (ConfUtils.java:logGet(43)) - raft.server.log.segment.size.max = 1048576 (custom)
2019-07-14 02:44:51,200 INFO  server.RaftServerConfigKeys (ConfUtils.java:logGet(43)) - raft.server.log.segment.size.max = 1048576 (custom)
2019-07-14 02:44:51,200 INFO  server.RaftServerConfigKeys (ConfUtils.java:logGet(43)) - raft.server.snapshot.auto.trigger.enabled = true (custom)
2019-07-14 02:44:51,201 INFO  server.RaftServerConfigKeys (ConfUtils.java:logGet(43)) - raft.server.log.preallocated.size = 16384 (custom)
2019-07-14 02:44:51,201 INFO  server.RaftServerConfigKeys (ConfUtils.java:logGet(43)) - raft.server.log.write.buffer.size = 33554432 (custom)
2019-07-14 02:44:51,201 INFO  server.RaftServerConfigKeys (ConfUtils.java:logGet(43)) - raft.server.log.preallocated.size = 16384 (custom)
2019-07-14 02:44:51,201 INFO  server.RaftServerConfigKeys (ConfUtils.java:logGet(43)) - raft.server.log.force.sync.num = 128 (default)
2019-07-14 02:44:51,201 INFO  server.RaftServerConfigKeys (ConfUtils.java:logGet(43)) - raft.server.snapshot.auto.trigger.threshold = 10000 (custom)
2019-07-14 02:44:51,202 INFO  server.RaftServerConfigKeys (ConfUtils.java:logGet(43)) - raft.server.log.statemachine.data.sync = true (default)
2019-07-14 02:44:51,201 INFO  server.RaftServerConfigKeys (ConfUtils.java:logGet(43)) - raft.server.log.write.buffer.size = 33554432 (custom)
2019-07-14 02:44:51,202 INFO  server.RaftServerConfigKeys (ConfUtils.java:logGet(43)) - raft.server.log.statemachine.data.sync.timeout = 10s (default)
2019-07-14 02:44:51,202 INFO  server.RaftServerConfigKeys (ConfUtils.java:logGet(43)) - raft.server.retrycache.expirytime = 600000ms (custom)
2019-07-14 02:44:51,202 INFO  server.RaftServerConfigKeys (ConfUtils.java:logGet(43)) - raft.server.log.statemachine.data.sync.timeout.retry = -1 (default)
2019-07-14 02:44:51,203 INFO  impl.RaftServerImpl (RaftServerImpl.java:start(180)) - d24af681-3959-44cc-8250-d948d0c6ed13: start group-7572DD5E36DA
2019-07-14 02:44:51,202 INFO  server.RaftServerConfigKeys (ConfUtils.java:logGet(43)) - raft.server.log.force.sync.num = 128 (default)
2019-07-14 02:44:51,203 INFO  impl.RaftServerImpl (RaftServerImpl.java:setRole(171)) - d24af681-3959-44cc-8250-d948d0c6ed13:group-7572DD5E36DA changes role from null to FOLLOWER at term 0 for startAsFollower
2019-07-14 02:44:51,203 INFO  server.RaftServerConfigKeys (ConfUtils.java:logGet(43)) - raft.server.log.statemachine.data.caching.enabled = true (custom)
2019-07-14 02:44:51,203 INFO  impl.RoleInfo (RoleInfo.java:updateAndGet(143)) - d24af681-3959-44cc-8250-d948d0c6ed13: start FollowerState
2019-07-14 02:44:51,203 INFO  server.RaftServerConfigKeys (ConfUtils.java:logGet(43)) - raft.server.log.statemachine.data.sync = true (default)
2019-07-14 02:44:51,204 INFO  segmented.SegmentedRaftLogWorker (SegmentedRaftLogWorker.java:lambda$new$0(132)) - 242dab13-59e3-47fe-a0e1-d38b83783c72-SegmentedRaftLogWorker:Storage Directory /tmp/workdir/hadoop-ozone/integration-test/target/test-dir/MiniOzoneClusterImpl-fe579810-8e9f-469f-84e5-6868cd12b3c7/datanode-6/data/ratis/7d467864-aa91-49f0-8ec1-7572dd5e36da: flushIndex: setUnconditionally 0 -> -1
2019-07-14 02:44:51,204 INFO  server.RaftServerConfigKeys (ConfUtils.java:logGet(43)) - raft.server.log.statemachine.data.sync.timeout = 10s (default)
2019-07-14 02:44:51,204 INFO  util.JmxRegister (JmxRegister.java:tryRegister(44)) - Successfully registered JMX Bean with object name Ratis:service=RaftServer,group=group-7572DD5E36DA,id=d24af681-3959-44cc-8250-d948d0c6ed13
2019-07-14 02:44:51,204 INFO  server.RaftServerConfigKeys (ConfUtils.java:logGet(43)) - raft.server.log.statemachine.data.sync.timeout.retry = -1 (default)
2019-07-14 02:44:51,204 INFO  server.RaftServerConfigKeys (ConfUtils.java:logGet(43)) - raft.server.snapshot.auto.trigger.enabled = true (custom)
2019-07-14 02:44:51,204 INFO  server.RaftServerConfigKeys (ConfUtils.java:logGet(43)) - raft.server.log.statemachine.data.caching.enabled = true (custom)
2019-07-14 02:44:51,205 INFO  server.RaftServerConfigKeys (ConfUtils.java:logGet(43)) - raft.server.snapshot.auto.trigger.threshold = 10000 (custom)
2019-07-14 02:44:51,205 INFO  server.RaftServerConfigKeys (ConfUtils.java:logGet(43)) - raft.server.retrycache.expirytime = 600000ms (custom)
2019-07-14 02:44:51,205 INFO  segmented.SegmentedRaftLogWorker (SegmentedRaftLogWorker.java:lambda$new$0(132)) - bd6c4a95-4cdb-4174-b847-fd048ae710b0-SegmentedRaftLogWorker:Storage Directory /tmp/workdir/hadoop-ozone/integration-test/target/test-dir/MiniOzoneClusterImpl-fe579810-8e9f-469f-84e5-6868cd12b3c7/datanode-4/data/ratis/7d467864-aa91-49f0-8ec1-7572dd5e36da: flushIndex: setUnconditionally 0 -> -1
2019-07-14 02:44:51,205 INFO  impl.RaftServerImpl (RaftServerImpl.java:start(180)) - 242dab13-59e3-47fe-a0e1-d38b83783c72: start group-7572DD5E36DA
2019-07-14 02:44:51,205 INFO  impl.RaftServerImpl (RaftServerImpl.java:setRole(171)) - 242dab13-59e3-47fe-a0e1-d38b83783c72:group-7572DD5E36DA changes role from null to FOLLOWER at term 0 for startAsFollower
2019-07-14 02:44:51,206 INFO  server.RaftServerConfigKeys (ConfUtils.java:logGet(43)) - raft.server.snapshot.auto.trigger.enabled = true (custom)
2019-07-14 02:44:51,206 INFO  impl.RoleInfo (RoleInfo.java:updateAndGet(143)) - 242dab13-59e3-47fe-a0e1-d38b83783c72: start FollowerState
2019-07-14 02:44:51,208 INFO  server.RaftServerConfigKeys (ConfUtils.java:logGet(43)) - raft.server.snapshot.auto.trigger.threshold = 10000 (custom)
2019-07-14 02:44:51,209 INFO  server.RaftServerConfigKeys (ConfUtils.java:logGet(43)) - raft.server.retrycache.expirytime = 600000ms (custom)
2019-07-14 02:44:51,209 INFO  util.JmxRegister (JmxRegister.java:tryRegister(44)) - Successfully registered JMX Bean with object name Ratis:service=RaftServer,group=group-7572DD5E36DA,id=242dab13-59e3-47fe-a0e1-d38b83783c72
2019-07-14 02:44:51,209 INFO  impl.RaftServerImpl (RaftServerImpl.java:start(180)) - bd6c4a95-4cdb-4174-b847-fd048ae710b0: start group-7572DD5E36DA
2019-07-14 02:44:51,209 INFO  impl.RaftServerImpl (RaftServerImpl.java:setRole(171)) - bd6c4a95-4cdb-4174-b847-fd048ae710b0:group-7572DD5E36DA changes role from null to FOLLOWER at term 0 for startAsFollower
2019-07-14 02:44:51,210 INFO  impl.RoleInfo (RoleInfo.java:updateAndGet(143)) - bd6c4a95-4cdb-4174-b847-fd048ae710b0: start FollowerState
2019-07-14 02:44:51,210 INFO  util.JmxRegister (JmxRegister.java:tryRegister(44)) - Successfully registered JMX Bean with object name Ratis:service=RaftServer,group=group-7572DD5E36DA,id=bd6c4a95-4cdb-4174-b847-fd048ae710b0
2019-07-14 02:44:51,218 INFO  pipeline.PipelineStateManager (PipelineStateManager.java:addPipeline(56)) - Created pipeline Pipeline[ Id: 7d467864-aa91-49f0-8ec1-7572dd5e36da, Nodes: bd6c4a95-4cdb-4174-b847-fd048ae710b0{ip: 192.168.157.236, host: trunk-nightly-k88cw-3644625431, networkLocation: /default-rack, certSerialId: null}d24af681-3959-44cc-8250-d948d0c6ed13{ip: 192.168.157.236, host: trunk-nightly-k88cw-3644625431, networkLocation: /default-rack, certSerialId: null}242dab13-59e3-47fe-a0e1-d38b83783c72{ip: 192.168.157.236, host: trunk-nightly-k88cw-3644625431, networkLocation: /default-rack, certSerialId: null}, Type:RATIS, Factor:THREE, State:OPEN]
2019-07-14 02:44:52,232 WARN  io.KeyOutputStream (KeyOutputStream.java:handleException(276)) - Encountered exception java.io.IOException: Unexpected Storage Container Exception: java.util.concurrent.CompletionException: java.util.concurrent.CompletionException: org.apache.ratis.protocol.GroupMismatchException: 242dab13-59e3-47fe-a0e1-d38b83783c72: group-9E60D46220E2 not found. on the pipeline Pipeline[ Id: 899114a6-ccdd-4f9f-9986-9e60d46220e2, Nodes: bd6c4a95-4cdb-4174-b847-fd048ae710b0{ip: 192.168.157.236, host: trunk-nightly-k88cw-3644625431, networkLocation: /default-rack, certSerialId: null}d24af681-3959-44cc-8250-d948d0c6ed13{ip: 192.168.157.236, host: trunk-nightly-k88cw-3644625431, networkLocation: /default-rack, certSerialId: null}242dab13-59e3-47fe-a0e1-d38b83783c72{ip: 192.168.157.236, host: trunk-nightly-k88cw-3644625431, networkLocation: /default-rack, certSerialId: null}, Type:RATIS, Factor:THREE, State:OPEN]. The last committed block length is 400, uncommitted data length is 50 retry count 0
2019-07-14 02:44:52,294 INFO  client.GrpcClientProtocolClient (GrpcClientProtocolClient.java:onNext(255)) - client-32FC501C92F8->bd6c4a95-4cdb-4174-b847-fd048ae710b0: receive RaftClientReply:client-32FC501C92F8->bd6c4a95-4cdb-4174-b847-fd048ae710b0@group-7572DD5E36DA, cid=27, FAILED org.apache.ratis.protocol.NotLeaderException: Server bd6c4a95-4cdb-4174-b847-fd048ae710b0 is not the leader (null). Request must be sent to leader., logIndex=0, commits[bd6c4a95-4cdb-4174-b847-fd048ae710b0:c-1]
2019-07-14 02:44:53,322 INFO  client.GrpcClientProtocolClient (GrpcClientProtocolClient.java:onNext(255)) - client-32FC501C92F8->d24af681-3959-44cc-8250-d948d0c6ed13: receive RaftClientReply:client-32FC501C92F8->d24af681-3959-44cc-8250-d948d0c6ed13@group-7572DD5E36DA, cid=27, FAILED org.apache.ratis.protocol.NotLeaderException: Server d24af681-3959-44cc-8250-d948d0c6ed13 is not the leader (null). Request must be sent to leader., logIndex=0, commits[d24af681-3959-44cc-8250-d948d0c6ed13:c-1]
2019-07-14 02:44:54,344 INFO  client.GrpcClientProtocolClient (GrpcClientProtocolClient.java:onNext(255)) - client-32FC501C92F8->bd6c4a95-4cdb-4174-b847-fd048ae710b0: receive RaftClientReply:client-32FC501C92F8->bd6c4a95-4cdb-4174-b847-fd048ae710b0@group-7572DD5E36DA, cid=27, FAILED org.apache.ratis.protocol.NotLeaderException: Server bd6c4a95-4cdb-4174-b847-fd048ae710b0 is not the leader (null). Request must be sent to leader., logIndex=0, commits[bd6c4a95-4cdb-4174-b847-fd048ae710b0:c-1]
2019-07-14 02:44:55,384 INFO  client.GrpcClientProtocolClient (GrpcClientProtocolClient.java:onNext(255)) - client-32FC501C92F8->242dab13-59e3-47fe-a0e1-d38b83783c72: receive RaftClientReply:client-32FC501C92F8->242dab13-59e3-47fe-a0e1-d38b83783c72@group-7572DD5E36DA, cid=27, FAILED org.apache.ratis.protocol.NotLeaderException: Server 242dab13-59e3-47fe-a0e1-d38b83783c72 is not the leader (null). Request must be sent to leader., logIndex=0, commits[242dab13-59e3-47fe-a0e1-d38b83783c72:c-1]
2019-07-14 02:44:56,271 INFO  impl.FollowerState (FollowerState.java:run(106)) - 242dab13-59e3-47fe-a0e1-d38b83783c72:group-7572DD5E36DA changes to CANDIDATE, lastRpcTime:5065, electionTimeout:5062ms
2019-07-14 02:44:56,271 INFO  impl.RoleInfo (RoleInfo.java:shutdownFollowerState(121)) - 242dab13-59e3-47fe-a0e1-d38b83783c72: shutdown FollowerState
2019-07-14 02:44:56,271 INFO  impl.RaftServerImpl (RaftServerImpl.java:setRole(171)) - 242dab13-59e3-47fe-a0e1-d38b83783c72:group-7572DD5E36DA changes role from FOLLOWER to CANDIDATE at term 0 for changeToCandidate
2019-07-14 02:44:56,272 INFO  impl.RoleInfo (RoleInfo.java:updateAndGet(143)) - 242dab13-59e3-47fe-a0e1-d38b83783c72: start LeaderElection
2019-07-14 02:44:56,299 INFO  impl.LeaderElection (LeaderElection.java:askForVotes(181)) - 242dab13-59e3-47fe-a0e1-d38b83783c72:group-7572DD5E36DA:LeaderElection13: begin an election at term 1 for -1: [d24af681-3959-44cc-8250-d948d0c6ed13:192.168.157.236:40300, 242dab13-59e3-47fe-a0e1-d38b83783c72:192.168.157.236:37606, bd6c4a95-4cdb-4174-b847-fd048ae710b0:192.168.157.236:37224], old=null
2019-07-14 02:44:56,307 INFO  impl.RaftServerImpl (RaftServerImpl.java:setRole(171)) - d24af681-3959-44cc-8250-d948d0c6ed13:group-7572DD5E36DA changes role from FOLLOWER to FOLLOWER at term 1 for recognizeCandidate:242dab13-59e3-47fe-a0e1-d38b83783c72
2019-07-14 02:44:56,307 INFO  impl.RaftServerImpl (RaftServerImpl.java:setRole(171)) - bd6c4a95-4cdb-4174-b847-fd048ae710b0:group-7572DD5E36DA changes role from FOLLOWER to FOLLOWER at term 1 for recognizeCandidate:242dab13-59e3-47fe-a0e1-d38b83783c72
2019-07-14 02:44:56,307 INFO  impl.RoleInfo (RoleInfo.java:shutdownFollowerState(121)) - d24af681-3959-44cc-8250-d948d0c6ed13: shutdown FollowerState
2019-07-14 02:44:56,307 INFO  impl.RoleInfo (RoleInfo.java:shutdownFollowerState(121)) - bd6c4a95-4cdb-4174-b847-fd048ae710b0: shutdown FollowerState
2019-07-14 02:44:56,308 INFO  impl.FollowerState (FollowerState.java:run(114)) - d24af681-3959-44cc-8250-d948d0c6ed13: FollowerState was interrupted: java.lang.InterruptedException: sleep interrupted
2019-07-14 02:44:56,307 INFO  impl.RoleInfo (RoleInfo.java:updateAndGet(143)) - d24af681-3959-44cc-8250-d948d0c6ed13: start FollowerState
2019-07-14 02:44:56,308 INFO  impl.FollowerState (FollowerState.java:run(114)) - bd6c4a95-4cdb-4174-b847-fd048ae710b0: FollowerState was interrupted: java.lang.InterruptedException: sleep interrupted
2019-07-14 02:44:56,308 INFO  impl.RoleInfo (RoleInfo.java:updateAndGet(143)) - bd6c4a95-4cdb-4174-b847-fd048ae710b0: start FollowerState
2019-07-14 02:44:56,324 INFO  impl.LeaderElection (LeaderElection.java:logAndReturn(56)) - 242dab13-59e3-47fe-a0e1-d38b83783c72:group-7572DD5E36DA:LeaderElection13: Election PASSED; received 1 response(s) [242dab13-59e3-47fe-a0e1-d38b83783c72<-bd6c4a95-4cdb-4174-b847-fd048ae710b0#0:OK-t1] and 0 exception(s); 242dab13-59e3-47fe-a0e1-d38b83783c72:t1, leader=null, voted=242dab13-59e3-47fe-a0e1-d38b83783c72, raftlog=242dab13-59e3-47fe-a0e1-d38b83783c72-SegmentedRaftLog:OPENED:c-1,f-1,i0, conf=-1: [d24af681-3959-44cc-8250-d948d0c6ed13:192.168.157.236:40300, 242dab13-59e3-47fe-a0e1-d38b83783c72:192.168.157.236:37606, bd6c4a95-4cdb-4174-b847-fd048ae710b0:192.168.157.236:37224], old=null
2019-07-14 02:44:56,324 INFO  impl.RoleInfo (RoleInfo.java:shutdownLeaderElection(134)) - 242dab13-59e3-47fe-a0e1-d38b83783c72: shutdown LeaderElection
2019-07-14 02:44:56,326 INFO  impl.RaftServerImpl (RaftServerImpl.java:setRole(171)) - 242dab13-59e3-47fe-a0e1-d38b83783c72:group-7572DD5E36DA changes role from CANDIDATE to LEADER at term 1 for changeToLeader
2019-07-14 02:44:56,327 INFO  impl.RaftServerImpl (ServerState.java:setLeader(263)) - 242dab13-59e3-47fe-a0e1-d38b83783c72:group-7572DD5E36DA change Leader from null to 242dab13-59e3-47fe-a0e1-d38b83783c72 at term 1 for becomeLeader, leader elected after 5132ms
2019-07-14 02:44:56,327 INFO  server.RaftServerConfigKeys (ConfUtils.java:logGet(43)) - raft.server.staging.catchup.gap = 1000 (default)
2019-07-14 02:44:56,327 INFO  server.RaftServerConfigKeys (ConfUtils.java:logGet(43)) - raft.server.rpc.sleep.time = 25ms (default)
2019-07-14 02:44:56,327 INFO  server.RaftServerConfigKeys (ConfUtils.java:logGet(43)) - raft.server.write.element-limit = 4096 (default)
2019-07-14 02:44:56,327 INFO  server.RaftServerConfigKeys (ConfUtils.java:logGet(43)) - raft.server.watch.timeout = 10s (default)
2019-07-14 02:44:56,328 INFO  server.RaftServerConfigKeys (ConfUtils.java:logGet(43)) - raft.server.watch.timeout.denomination = 1s (default)
2019-07-14 02:44:56,328 INFO  server.RaftServerConfigKeys (ConfUtils.java:logGet(43)) - raft.server.watch.element-limit = 65536 (default)
2019-07-14 02:44:56,329 INFO  server.RaftServerConfigKeys (ConfUtils.java:logGet(43)) - raft.server.log.appender.snapshot.chunk.size.max = 16MB (=16777216) (default)
2019-07-14 02:44:56,329 INFO  server.RaftServerConfigKeys (ConfUtils.java:logGet(43)) - raft.server.log.appender.buffer.byte-limit = 33554432 (custom)
2019-07-14 02:44:56,329 INFO  server.RaftServerConfigKeys (ConfUtils.java:logGet(43)) - raft.server.log.appender.buffer.element-limit = 1 (custom)
2019-07-14 02:44:56,330 INFO  grpc.GrpcConfigKeys$Server (ConfUtils.java:logGet(43)) - raft.grpc.server.leader.outstanding.appends.max = 128 (default)
2019-07-14 02:44:56,330 INFO  server.RaftServerConfigKeys (ConfUtils.java:logGet(43)) - raft.server.rpc.request.timeout = 3000ms (default)
2019-07-14 02:44:56,330 INFO  server.RaftServerConfigKeys (ConfUtils.java:logGet(43)) - raft.server.log.appender.install.snapshot.enabled = false (custom)
2019-07-14 02:44:56,330 INFO  server.RaftServerConfigKeys (ConfUtils.java:logGet(43)) - raft.server.log.appender.snapshot.chunk.size.max = 16MB (=16777216) (default)
2019-07-14 02:44:56,330 INFO  server.RaftServerConfigKeys (ConfUtils.java:logGet(43)) - raft.server.log.appender.buffer.byte-limit = 33554432 (custom)
2019-07-14 02:44:56,330 INFO  server.RaftServerConfigKeys (ConfUtils.java:logGet(43)) - raft.server.log.appender.buffer.element-limit = 1 (custom)
2019-07-14 02:44:56,331 INFO  grpc.GrpcConfigKeys$Server (ConfUtils.java:logGet(43)) - raft.grpc.server.leader.outstanding.appends.max = 128 (default)
2019-07-14 02:44:56,331 INFO  server.RaftServerConfigKeys (ConfUtils.java:logGet(43)) - raft.server.rpc.request.timeout = 3000ms (default)
2019-07-14 02:44:56,331 INFO  server.RaftServerConfigKeys (ConfUtils.java:logGet(43)) - raft.server.log.appender.install.snapshot.enabled = false (custom)
2019-07-14 02:44:56,331 INFO  impl.RoleInfo (RoleInfo.java:updateAndGet(143)) - 242dab13-59e3-47fe-a0e1-d38b83783c72: start LeaderState
2019-07-14 02:44:56,332 INFO  segmented.SegmentedRaftLogWorker (SegmentedRaftLogWorker.java:startLogSegment(380)) - 242dab13-59e3-47fe-a0e1-d38b83783c72-SegmentedRaftLogWorker:Storage Directory /tmp/workdir/hadoop-ozone/integration-test/target/test-dir/MiniOzoneClusterImpl-fe579810-8e9f-469f-84e5-6868cd12b3c7/datanode-6/data/ratis/7d467864-aa91-49f0-8ec1-7572dd5e36da: Starting segment from index:0
2019-07-14 02:44:56,333 INFO  impl.RaftServerImpl (ServerState.java:setRaftConf(361)) - 242dab13-59e3-47fe-a0e1-d38b83783c72:group-7572DD5E36DA set configuration 0: [d24af681-3959-44cc-8250-d948d0c6ed13:192.168.157.236:40300, 242dab13-59e3-47fe-a0e1-d38b83783c72:192.168.157.236:37606, bd6c4a95-4cdb-4174-b847-fd048ae710b0:192.168.157.236:37224], old=null at 0
2019-07-14 02:44:56,353 INFO  impl.RaftServerImpl (ServerState.java:setLeader(263)) - d24af681-3959-44cc-8250-d948d0c6ed13:group-7572DD5E36DA change Leader from null to 242dab13-59e3-47fe-a0e1-d38b83783c72 at term 1 for appendEntries, leader elected after 5159ms
2019-07-14 02:44:56,353 INFO  impl.RaftServerImpl (ServerState.java:setLeader(263)) - bd6c4a95-4cdb-4174-b847-fd048ae710b0:group-7572DD5E36DA change Leader from null to 242dab13-59e3-47fe-a0e1-d38b83783c72 at term 1 for appendEntries, leader elected after 5159ms
2019-07-14 02:44:56,362 INFO  impl.RaftServerImpl (ServerState.java:setRaftConf(361)) - bd6c4a95-4cdb-4174-b847-fd048ae710b0:group-7572DD5E36DA set configuration 0: [d24af681-3959-44cc-8250-d948d0c6ed13:192.168.157.236:40300, 242dab13-59e3-47fe-a0e1-d38b83783c72:192.168.157.236:37606, bd6c4a95-4cdb-4174-b847-fd048ae710b0:192.168.157.236:37224], old=null at 0
2019-07-14 02:44:56,362 INFO  impl.RaftServerImpl (ServerState.java:setRaftConf(361)) - d24af681-3959-44cc-8250-d948d0c6ed13:group-7572DD5E36DA set configuration 0: [d24af681-3959-44cc-8250-d948d0c6ed13:192.168.157.236:40300, 242dab13-59e3-47fe-a0e1-d38b83783c72:192.168.157.236:37606, bd6c4a95-4cdb-4174-b847-fd048ae710b0:192.168.157.236:37224], old=null at 0
2019-07-14 02:44:56,362 INFO  segmented.SegmentedRaftLogWorker (SegmentedRaftLogWorker.java:startLogSegment(380)) - bd6c4a95-4cdb-4174-b847-fd048ae710b0-SegmentedRaftLogWorker:Storage Directory /tmp/workdir/hadoop-ozone/integration-test/target/test-dir/MiniOzoneClusterImpl-fe579810-8e9f-469f-84e5-6868cd12b3c7/datanode-4/data/ratis/7d467864-aa91-49f0-8ec1-7572dd5e36da: Starting segment from index:0
2019-07-14 02:44:56,362 INFO  segmented.SegmentedRaftLogWorker (SegmentedRaftLogWorker.java:startLogSegment(380)) - d24af681-3959-44cc-8250-d948d0c6ed13-SegmentedRaftLogWorker:Storage Directory /tmp/workdir/hadoop-ozone/integration-test/target/test-dir/MiniOzoneClusterImpl-fe579810-8e9f-469f-84e5-6868cd12b3c7/datanode-1/data/ratis/7d467864-aa91-49f0-8ec1-7572dd5e36da: Starting segment from index:0
2019-07-14 02:44:56,373 INFO  segmented.SegmentedRaftLogWorker (SegmentedRaftLogWorker.java:execute(569)) - 242dab13-59e3-47fe-a0e1-d38b83783c72-SegmentedRaftLogWorker:Storage Directory /tmp/workdir/hadoop-ozone/integration-test/target/test-dir/MiniOzoneClusterImpl-fe579810-8e9f-469f-84e5-6868cd12b3c7/datanode-6/data/ratis/7d467864-aa91-49f0-8ec1-7572dd5e36da: created new log segment /tmp/workdir/hadoop-ozone/integration-test/target/test-dir/MiniOzoneClusterImpl-fe579810-8e9f-469f-84e5-6868cd12b3c7/datanode-6/data/ratis/7d467864-aa91-49f0-8ec1-7572dd5e36da/current/log_inprogress_0
2019-07-14 02:44:56,385 INFO  segmented.SegmentedRaftLogWorker (SegmentedRaftLogWorker.java:execute(569)) - bd6c4a95-4cdb-4174-b847-fd048ae710b0-SegmentedRaftLogWorker:Storage Directory /tmp/workdir/hadoop-ozone/integration-test/target/test-dir/MiniOzoneClusterImpl-fe579810-8e9f-469f-84e5-6868cd12b3c7/datanode-4/data/ratis/7d467864-aa91-49f0-8ec1-7572dd5e36da: created new log segment /tmp/workdir/hadoop-ozone/integration-test/target/test-dir/MiniOzoneClusterImpl-fe579810-8e9f-469f-84e5-6868cd12b3c7/datanode-4/data/ratis/7d467864-aa91-49f0-8ec1-7572dd5e36da/current/log_inprogress_0
2019-07-14 02:44:56,401 INFO  segmented.SegmentedRaftLogWorker (SegmentedRaftLogWorker.java:execute(569)) - d24af681-3959-44cc-8250-d948d0c6ed13-SegmentedRaftLogWorker:Storage Directory /tmp/workdir/hadoop-ozone/integration-test/target/test-dir/MiniOzoneClusterImpl-fe579810-8e9f-469f-84e5-6868cd12b3c7/datanode-1/data/ratis/7d467864-aa91-49f0-8ec1-7572dd5e36da: created new log segment /tmp/workdir/hadoop-ozone/integration-test/target/test-dir/MiniOzoneClusterImpl-fe579810-8e9f-469f-84e5-6868cd12b3c7/datanode-1/data/ratis/7d467864-aa91-49f0-8ec1-7572dd5e36da/current/log_inprogress_0
2019-07-14 02:44:56,403 INFO  client.GrpcClientProtocolClient (GrpcClientProtocolClient.java:onNext(255)) - client-32FC501C92F8->bd6c4a95-4cdb-4174-b847-fd048ae710b0: receive RaftClientReply:client-32FC501C92F8->bd6c4a95-4cdb-4174-b847-fd048ae710b0@group-7572DD5E36DA, cid=27, FAILED org.apache.ratis.protocol.NotLeaderException: Server bd6c4a95-4cdb-4174-b847-fd048ae710b0 is not the leader (242dab13-59e3-47fe-a0e1-d38b83783c72:192.168.157.236:37606). Request must be sent to leader., logIndex=0, commits[bd6c4a95-4cdb-4174-b847-fd048ae710b0:c-1, d24af681-3959-44cc-8250-d948d0c6ed13:c-1, 242dab13-59e3-47fe-a0e1-d38b83783c72:c-1]
2019-07-14 02:44:56,544 INFO  client.GrpcClientProtocolClient (GrpcClientProtocolClient.java:onNext(255)) - client-32FC501C92F8->242dab13-59e3-47fe-a0e1-d38b83783c72: receive RaftClientReply:client-32FC501C92F8->242dab13-59e3-47fe-a0e1-d38b83783c72@group-7572DD5E36DA, cid=27, SUCCESS, logIndex=1, commits[242dab13-59e3-47fe-a0e1-d38b83783c72:c1, d24af681-3959-44cc-8250-d948d0c6ed13:c0, bd6c4a95-4cdb-4174-b847-fd048ae710b0:c0]
2019-07-14 02:44:56,633 INFO  client.GrpcClientProtocolClient (GrpcClientProtocolClient.java:onNext(255)) - client-32FC501C92F8->242dab13-59e3-47fe-a0e1-d38b83783c72: receive RaftClientReply:client-32FC501C92F8->242dab13-59e3-47fe-a0e1-d38b83783c72@group-7572DD5E36DA, cid=28, SUCCESS, logIndex=3, commits[242dab13-59e3-47fe-a0e1-d38b83783c72:c4, d24af681-3959-44cc-8250-d948d0c6ed13:c3, bd6c4a95-4cdb-4174-b847-fd048ae710b0:c3]
2019-07-14 02:44:56,707 INFO  pipeline.Pipeline (Pipeline.java:getProtobufMessage(195)) - Serialize pipeline PipelineID=7d467864-aa91-49f0-8ec1-7572dd5e36da with nodesInOrder{ }
2019-07-14 02:44:56,709 INFO  pipeline.Pipeline (Pipeline.java:build(342)) - Deserialize nodesInOrder [242dab13-59e3-47fe-a0e1-d38b83783c72{ip: 192.168.157.236, host: trunk-nightly-k88cw-3644625431, networkLocation: /default-rack, certSerialId: null}, 242dab13-59e3-47fe-a0e1-d38b83783c72{ip: 192.168.157.236, host: trunk-nightly-k88cw-3644625431, networkLocation: /default-rack, certSerialId: null}, 242dab13-59e3-47fe-a0e1-d38b83783c72{ip: 192.168.157.236, host: trunk-nightly-k88cw-3644625431, networkLocation: /default-rack, certSerialId: null}] in pipeline PipelineID=7d467864-aa91-49f0-8ec1-7572dd5e36da
2019-07-14 02:44:56,716 INFO  ozone.MiniOzoneClusterImpl (MiniOzoneClusterImpl.java:shutdown(321)) - Shutting down the Mini Ozone Cluster
2019-07-14 02:44:56,717 INFO  ozone.MiniOzoneClusterImpl (MiniOzoneClusterImpl.java:stop(336)) - Stopping the Mini Ozone Cluster
2019-07-14 02:44:56,717 INFO  ozone.MiniOzoneClusterImpl (MiniOzoneClusterImpl.java:stop(338)) - Stopping the OzoneManager
2019-07-14 02:44:56,717 INFO  ipc.Server (Server.java:stop(3082)) - Stopping server on 41557
2019-07-14 02:44:56,719 INFO  ipc.Server (Server.java:run(1185)) - Stopping IPC Server listener on 41557
2019-07-14 02:44:56,720 INFO  utils.BackgroundService (BackgroundService.java:shutdown(148)) - Shutting down service KeyDeletingService
2019-07-14 02:44:56,721 INFO  ipc.Server (Server.java:run(1319)) - Stopping IPC Server Responder
2019-07-14 02:44:56,726 INFO  handler.ContextHandler (ContextHandler.java:doStop(910)) - Stopped o.e.j.w.WebAppContext@3e9803c2{/,null,UNAVAILABLE}{/ozoneManager}
2019-07-14 02:44:56,734 INFO  server.AbstractConnector (AbstractConnector.java:doStop(318)) - Stopped ServerConnector@4525d1d3{HTTP/1.1,[http/1.1]}{0.0.0.0:0}
2019-07-14 02:44:56,734 INFO  handler.ContextHandler (ContextHandler.java:doStop(910)) - Stopped o.e.j.s.ServletContextHandler@7b44b63d{/static,file:///tmp/workdir/hadoop-ozone/integration-test/target/test-classes/webapps/static,UNAVAILABLE}
2019-07-14 02:44:56,735 INFO  handler.ContextHandler (ContextHandler.java:doStop(910)) - Stopped o.e.j.s.ServletContextHandler@2d0bfb24{/logs,file:///tmp/workdir/hadoop-ozone/integration-test/target/log,UNAVAILABLE}
2019-07-14 02:44:56,742 INFO  ozone.MiniOzoneClusterImpl (MiniOzoneClusterImpl.java:stop(344)) - Shutting the HddsDatanodes
2019-07-14 02:44:56,743 INFO  datanode.ObjectStoreHandler (ObjectStoreHandler.java:close(155)) - Closing ObjectStoreHandler.
2019-07-14 02:44:56,743 INFO  datanode.ObjectStoreHandler (ObjectStoreHandler.java:close(155)) - Closing ObjectStoreHandler.
2019-07-14 02:44:56,747 INFO  ozone.HddsDatanodeService (HddsDatanodeService.java:stop(452)) - Stopped plug-in org.apache.hadoop.ozone.web.OzoneHddsDatanodeService@15d236fd
2019-07-14 02:44:56,747 INFO  ozone.HddsDatanodeService (HddsDatanodeService.java:stop(452)) - Stopped plug-in org.apache.hadoop.ozone.web.OzoneHddsDatanodeService@5729b410
2019-07-14 02:44:57,521 INFO  statemachine.DatanodeStateMachine (DatanodeStateMachine.java:lambda$startDaemon$0(350)) - Ozone container server started.
2019-07-14 02:44:57,523 INFO  statemachine.DatanodeStateMachine (DatanodeStateMachine.java:lambda$startDaemon$0(350)) - Ozone container server started.
2019-07-14 02:45:01,749 INFO  ozoneimpl.OzoneContainer (OzoneContainer.java:stop(199)) - Attempting to stop container services.
2019-07-14 02:45:01,749 INFO  ozoneimpl.OzoneContainer (OzoneContainer.java:stop(199)) - Attempting to stop container services.
2019-07-14 02:45:01,750 INFO  impl.RaftServerProxy (RaftServerProxy.java:lambda$close$4(314)) - bd6c4a95-4cdb-4174-b847-fd048ae710b0: close
2019-07-14 02:45:01,751 INFO  impl.RaftServerProxy (RaftServerProxy.java:lambda$close$4(314)) - d24af681-3959-44cc-8250-d948d0c6ed13: close
2019-07-14 02:45:01,752 INFO  impl.RaftServerImpl (RaftServerImpl.java:lambda$shutdown$3(245)) - d24af681-3959-44cc-8250-d948d0c6ed13: shutdown group-7572DD5E36DA
2019-07-14 02:45:01,752 INFO  impl.RaftServerImpl (RaftServerImpl.java:lambda$shutdown$3(245)) - bd6c4a95-4cdb-4174-b847-fd048ae710b0: shutdown group-7572DD5E36DA
2019-07-14 02:45:01,752 INFO  util.JmxRegister (JmxRegister.java:unregister(73)) - Successfully un-registered JMX Bean with object name Ratis:service=RaftServer,group=group-7572DD5E36DA,id=d24af681-3959-44cc-8250-d948d0c6ed13
2019-07-14 02:45:01,753 INFO  util.JmxRegister (JmxRegister.java:unregister(73)) - Successfully un-registered JMX Bean with object name Ratis:service=RaftServer,group=group-7572DD5E36DA,id=bd6c4a95-4cdb-4174-b847-fd048ae710b0
2019-07-14 02:45:01,753 INFO  impl.RoleInfo (RoleInfo.java:shutdownFollowerState(121)) - d24af681-3959-44cc-8250-d948d0c6ed13: shutdown FollowerState
2019-07-14 02:45:01,754 INFO  impl.RoleInfo (RoleInfo.java:shutdownFollowerState(121)) - bd6c4a95-4cdb-4174-b847-fd048ae710b0: shutdown FollowerState
2019-07-14 02:45:01,754 INFO  impl.FollowerState (FollowerState.java:run(114)) - d24af681-3959-44cc-8250-d948d0c6ed13: FollowerState was interrupted: java.lang.InterruptedException: sleep interrupted
2019-07-14 02:45:01,754 INFO  ratis.ContainerStateMachine (ContainerStateMachine.java:takeSnapshot(246)) - Taking snapshot at termIndex:(t:1, i:3)
2019-07-14 02:45:01,758 INFO  ratis.ContainerStateMachine (ContainerStateMachine.java:takeSnapshot(250)) - Taking a snapshot to file /tmp/workdir/hadoop-ozone/integration-test/target/test-dir/MiniOzoneClusterImpl-fe579810-8e9f-469f-84e5-6868cd12b3c7/datanode-1/data/ratis/7d467864-aa91-49f0-8ec1-7572dd5e36da/sm/snapshot.1_3
2019-07-14 02:45:01,754 INFO  impl.StateMachineUpdater (StateMachineUpdater.java:stopAndJoin(115)) - StateMachineUpdater:d24af681-3959-44cc-8250-d948d0c6ed13:group-7572DD5E36DA: set stopIndex = 4
2019-07-14 02:45:01,755 INFO  impl.FollowerState (FollowerState.java:run(114)) - bd6c4a95-4cdb-4174-b847-fd048ae710b0: FollowerState was interrupted: java.lang.InterruptedException: sleep interrupted
2019-07-14 02:45:01,755 INFO  ratis.ContainerStateMachine (ContainerStateMachine.java:takeSnapshot(246)) - Taking snapshot at termIndex:(t:1, i:3)
2019-07-14 02:45:01,754 INFO  impl.StateMachineUpdater (StateMachineUpdater.java:stopAndJoin(115)) - StateMachineUpdater:bd6c4a95-4cdb-4174-b847-fd048ae710b0:group-7572DD5E36DA: set stopIndex = 4
2019-07-14 02:45:01,763 INFO  ratis.ContainerStateMachine (ContainerStateMachine.java:takeSnapshot(250)) - Taking a snapshot to file /tmp/workdir/hadoop-ozone/integration-test/target/test-dir/MiniOzoneClusterImpl-fe579810-8e9f-469f-84e5-6868cd12b3c7/datanode-4/data/ratis/7d467864-aa91-49f0-8ec1-7572dd5e36da/sm/snapshot.1_3
2019-07-14 02:45:01,763 INFO  impl.StateMachineUpdater (StateMachineUpdater.java:takeSnapshot(242)) - StateMachineUpdater:d24af681-3959-44cc-8250-d948d0c6ed13:group-7572DD5E36DA: Took a snapshot at index 3
2019-07-14 02:45:01,766 INFO  impl.StateMachineUpdater (StateMachineUpdater.java:lambda$new$0(80)) - StateMachineUpdater:d24af681-3959-44cc-8250-d948d0c6ed13:group-7572DD5E36DA: snapshotIndex: updateIncreasingly -1 -> 3
2019-07-14 02:45:01,766 INFO  impl.StateMachineUpdater (StateMachineUpdater.java:takeSnapshot(242)) - StateMachineUpdater:bd6c4a95-4cdb-4174-b847-fd048ae710b0:group-7572DD5E36DA: Took a snapshot at index 3
2019-07-14 02:45:01,767 INFO  impl.StateMachineUpdater (StateMachineUpdater.java:lambda$new$0(80)) - StateMachineUpdater:bd6c4a95-4cdb-4174-b847-fd048ae710b0:group-7572DD5E36DA: snapshotIndex: updateIncreasingly -1 -> 3
2019-07-14 02:45:01,767 INFO  impl.RaftServerImpl (ServerState.java:close(394)) - d24af681-3959-44cc-8250-d948d0c6ed13:group-7572DD5E36DA closes. The last applied log index is 4
2019-07-14 02:45:01,767 INFO  impl.RaftServerImpl (ServerState.java:close(394)) - bd6c4a95-4cdb-4174-b847-fd048ae710b0:group-7572DD5E36DA closes. The last applied log index is 4
2019-07-14 02:45:01,767 INFO  segmented.SegmentedRaftLogWorker (SegmentedRaftLogWorker.java:run(313)) - d24af681-3959-44cc-8250-d948d0c6ed13-SegmentedRaftLogWorker:Storage Directory /tmp/workdir/hadoop-ozone/integration-test/target/test-dir/MiniOzoneClusterImpl-fe579810-8e9f-469f-84e5-6868cd12b3c7/datanode-1/data/ratis/7d467864-aa91-49f0-8ec1-7572dd5e36da was interrupted, exiting. There are 0 tasks remaining in the queue.
2019-07-14 02:45:01,768 INFO  segmented.SegmentedRaftLogWorker (SegmentedRaftLogWorker.java:run(313)) - bd6c4a95-4cdb-4174-b847-fd048ae710b0-SegmentedRaftLogWorker:Storage Directory /tmp/workdir/hadoop-ozone/integration-test/target/test-dir/MiniOzoneClusterImpl-fe579810-8e9f-469f-84e5-6868cd12b3c7/datanode-4/data/ratis/7d467864-aa91-49f0-8ec1-7572dd5e36da was interrupted, exiting. There are 0 tasks remaining in the queue.
2019-07-14 02:45:01,772 INFO  segmented.SegmentedRaftLogWorker (SegmentedRaftLogWorker.java:close(228)) - d24af681-3959-44cc-8250-d948d0c6ed13-SegmentedRaftLogWorker:Storage Directory /tmp/workdir/hadoop-ozone/integration-test/target/test-dir/MiniOzoneClusterImpl-fe579810-8e9f-469f-84e5-6868cd12b3c7/datanode-1/data/ratis/7d467864-aa91-49f0-8ec1-7572dd5e36da close()
2019-07-14 02:45:01,772 INFO  segmented.SegmentedRaftLogWorker (SegmentedRaftLogWorker.java:close(228)) - bd6c4a95-4cdb-4174-b847-fd048ae710b0-SegmentedRaftLogWorker:Storage Directory /tmp/workdir/hadoop-ozone/integration-test/target/test-dir/MiniOzoneClusterImpl-fe579810-8e9f-469f-84e5-6868cd12b3c7/datanode-4/data/ratis/7d467864-aa91-49f0-8ec1-7572dd5e36da close()
2019-07-14 02:45:01,777 INFO  impl.RaftServerImpl (RaftServerImpl.java:lambda$shutdown$3(245)) - d24af681-3959-44cc-8250-d948d0c6ed13: shutdown group-FB0C536E5799
2019-07-14 02:45:01,781 INFO  impl.RaftServerImpl (RaftServerImpl.java:lambda$shutdown$3(245)) - bd6c4a95-4cdb-4174-b847-fd048ae710b0: shutdown group-766D72990BF0
2019-07-14 02:45:01,781 INFO  util.JmxRegister (JmxRegister.java:unregister(73)) - Successfully un-registered JMX Bean with object name Ratis:service=RaftServer,group=group-FB0C536E5799,id=d24af681-3959-44cc-8250-d948d0c6ed13
2019-07-14 02:45:01,782 INFO  util.JmxRegister (JmxRegister.java:unregister(73)) - Successfully un-registered JMX Bean with object name Ratis:service=RaftServer,group=group-766D72990BF0,id=bd6c4a95-4cdb-4174-b847-fd048ae710b0
2019-07-14 02:45:01,782 INFO  impl.RoleInfo (RoleInfo.java:shutdownLeaderState(104)) - d24af681-3959-44cc-8250-d948d0c6ed13: shutdown LeaderState
2019-07-14 02:45:01,783 INFO  impl.RoleInfo (RoleInfo.java:shutdownLeaderState(104)) - bd6c4a95-4cdb-4174-b847-fd048ae710b0: shutdown LeaderState
2019-07-14 02:45:01,783 INFO  impl.PendingRequests (PendingRequests.java:sendNotLeaderResponses(202)) - d24af681-3959-44cc-8250-d948d0c6ed13-PendingRequests: sendNotLeaderResponses
2019-07-14 02:45:01,785 INFO  impl.PendingRequests (PendingRequests.java:sendNotLeaderResponses(202)) - bd6c4a95-4cdb-4174-b847-fd048ae710b0-PendingRequests: sendNotLeaderResponses
2019-07-14 02:45:01,786 INFO  impl.StateMachineUpdater (StateMachineUpdater.java:stopAndJoin(115)) - StateMachineUpdater:d24af681-3959-44cc-8250-d948d0c6ed13:group-FB0C536E5799: set stopIndex = 0
2019-07-14 02:45:01,786 INFO  impl.StateMachineUpdater (StateMachineUpdater.java:stopAndJoin(115)) - StateMachineUpdater:bd6c4a95-4cdb-4174-b847-fd048ae710b0:group-766D72990BF0: set stopIndex = 0
2019-07-14 02:45:01,786 INFO  ratis.ContainerStateMachine (ContainerStateMachine.java:takeSnapshot(246)) - Taking snapshot at termIndex:(t:0, i:~)
2019-07-14 02:45:01,787 INFO  ratis.ContainerStateMachine (ContainerStateMachine.java:takeSnapshot(246)) - Taking snapshot at termIndex:(t:0, i:~)
2019-07-14 02:45:01,787 INFO  impl.RaftServerImpl (ServerState.java:close(394)) - d24af681-3959-44cc-8250-d948d0c6ed13:group-FB0C536E5799 closes. The last applied log index is 0
2019-07-14 02:45:01,788 INFO  impl.RaftServerImpl (ServerState.java:close(394)) - bd6c4a95-4cdb-4174-b847-fd048ae710b0:group-766D72990BF0 closes. The last applied log index is 0
2019-07-14 02:45:01,788 INFO  segmented.SegmentedRaftLogWorker (SegmentedRaftLogWorker.java:run(313)) - d24af681-3959-44cc-8250-d948d0c6ed13-SegmentedRaftLogWorker:Storage Directory /tmp/workdir/hadoop-ozone/integration-test/target/test-dir/MiniOzoneClusterImpl-fe579810-8e9f-469f-84e5-6868cd12b3c7/datanode-1/data/ratis/967400f2-8a7b-4059-b9e7-fb0c536e5799 was interrupted, exiting. There are 0 tasks remaining in the queue.
2019-07-14 02:45:01,788 INFO  segmented.SegmentedRaftLogWorker (SegmentedRaftLogWorker.java:run(313)) - bd6c4a95-4cdb-4174-b847-fd048ae710b0-SegmentedRaftLogWorker:Storage Directory /tmp/workdir/hadoop-ozone/integration-test/target/test-dir/MiniOzoneClusterImpl-fe579810-8e9f-469f-84e5-6868cd12b3c7/datanode-4/data/ratis/d9b24ae5-c1f6-42e7-bf6b-766d72990bf0 was interrupted, exiting. There are 0 tasks remaining in the queue.
2019-07-14 02:45:01,791 INFO  segmented.SegmentedRaftLogWorker (SegmentedRaftLogWorker.java:close(228)) - d24af681-3959-44cc-8250-d948d0c6ed13-SegmentedRaftLogWorker:Storage Directory /tmp/workdir/hadoop-ozone/integration-test/target/test-dir/MiniOzoneClusterImpl-fe579810-8e9f-469f-84e5-6868cd12b3c7/datanode-1/data/ratis/967400f2-8a7b-4059-b9e7-fb0c536e5799 close()
2019-07-14 02:45:01,793 INFO  segmented.SegmentedRaftLogWorker (SegmentedRaftLogWorker.java:close(228)) - bd6c4a95-4cdb-4174-b847-fd048ae710b0-SegmentedRaftLogWorker:Storage Directory /tmp/workdir/hadoop-ozone/integration-test/target/test-dir/MiniOzoneClusterImpl-fe579810-8e9f-469f-84e5-6868cd12b3c7/datanode-4/data/ratis/d9b24ae5-c1f6-42e7-bf6b-766d72990bf0 close()
2019-07-14 02:45:01,801 INFO  server.GrpcService (GrpcService.java:closeImpl(155)) - d24af681-3959-44cc-8250-d948d0c6ed13: shutdown server with port 40300 now
2019-07-14 02:45:01,801 INFO  server.GrpcService (GrpcService.java:closeImpl(155)) - bd6c4a95-4cdb-4174-b847-fd048ae710b0: shutdown server with port 37224 now
2019-07-14 02:45:01,811 INFO  server.GrpcService (GrpcService.java:closeImpl(163)) - bd6c4a95-4cdb-4174-b847-fd048ae710b0: shutdown server with port 37224 successfully
2019-07-14 02:45:01,811 INFO  server.GrpcService (GrpcService.java:closeImpl(163)) - d24af681-3959-44cc-8250-d948d0c6ed13: shutdown server with port 40300 successfully
2019-07-14 02:45:01,812 WARN  server.GrpcServerProtocolService (LogUtils.java:warn(134)) - d24af681-3959-44cc-8250-d948d0c6ed13: appendEntries onError: org.apache.ratis.thirdparty.io.grpc.StatusRuntimeException: CANCELLED: cancelled before receiving half close
2019-07-14 02:45:01,812 WARN  server.GrpcServerProtocolService (LogUtils.java:warn(134)) - bd6c4a95-4cdb-4174-b847-fd048ae710b0: appendEntries onError: org.apache.ratis.thirdparty.io.grpc.StatusRuntimeException: CANCELLED: cancelled before receiving half close
2019-07-14 02:45:01,815 WARN  server.GrpcLogAppender (LogUtils.java:warn(134)) - 242dab13-59e3-47fe-a0e1-d38b83783c72->d24af681-3959-44cc-8250-d948d0c6ed13: Failed appendEntries: org.apache.ratis.thirdparty.io.grpc.StatusRuntimeException: CANCELLED: HTTP/2 error code: CANCEL
Received Rst Stream
2019-07-14 02:45:01,815 WARN  server.GrpcLogAppender (LogUtils.java:warn(134)) - 242dab13-59e3-47fe-a0e1-d38b83783c72->bd6c4a95-4cdb-4174-b847-fd048ae710b0: Failed appendEntries: org.apache.ratis.thirdparty.io.grpc.StatusRuntimeException: CANCELLED: HTTP/2 error code: CANCEL
Received Rst Stream
2019-07-14 02:45:01,819 INFO  impl.FollowerInfo (FollowerInfo.java:lambda$new$0(50)) - 242dab13-59e3-47fe-a0e1-d38b83783c72->d24af681-3959-44cc-8250-d948d0c6ed13: nextIndex: updateUnconditionally 5 -> 4
2019-07-14 02:45:01,821 INFO  impl.FollowerInfo (FollowerInfo.java:lambda$new$0(50)) - 242dab13-59e3-47fe-a0e1-d38b83783c72->bd6c4a95-4cdb-4174-b847-fd048ae710b0: nextIndex: updateUnconditionally 5 -> 4
2019-07-14 02:45:01,825 INFO  utils.BackgroundService (BackgroundService.java:shutdown(148)) - Shutting down service BlockDeletingService
2019-07-14 02:45:01,832 WARN  fs.CachingGetSpaceUsed (CachingGetSpaceUsed.java:run(183)) - Thread Interrupted waiting to refresh disk information: sleep interrupted
2019-07-14 02:45:01,843 INFO  utils.BackgroundService (BackgroundService.java:shutdown(148)) - Shutting down service BlockDeletingService
2019-07-14 02:45:01,848 WARN  fs.CachingGetSpaceUsed (CachingGetSpaceUsed.java:run(183)) - Thread Interrupted waiting to refresh disk information: sleep interrupted
2019-07-14 02:45:01,867 INFO  statemachine.DatanodeStateMachine (DatanodeStateMachine.java:stopDaemon(395)) - Ozone container server stopped.
2019-07-14 02:45:01,873 INFO  handler.ContextHandler (ContextHandler.java:doStop(910)) - Stopped o.e.j.w.WebAppContext@2e1eb85f{/,null,UNAVAILABLE}{/hddsDatanode}
2019-07-14 02:45:01,874 INFO  server.AbstractConnector (AbstractConnector.java:doStop(318)) - Stopped ServerConnector@ea7a4c3{HTTP/1.1,[http/1.1]}{0.0.0.0:0}
2019-07-14 02:45:01,876 INFO  handler.ContextHandler (ContextHandler.java:doStop(910)) - Stopped o.e.j.s.ServletContextHandler@364fd4ae{/static,jar:file:/home/user/.m2/repository/org/apache/hadoop/hadoop-hdds-container-service/0.5.0-SNAPSHOT/hadoop-hdds-container-service-0.5.0-SNAPSHOT.jar!/webapps/static,UNAVAILABLE}
2019-07-14 02:45:01,878 INFO  handler.ContextHandler (ContextHandler.java:doStop(910)) - Stopped o.e.j.s.ServletContextHandler@359066bc{/logs,file:///tmp/workdir/hadoop-ozone/integration-test/target/log,UNAVAILABLE}
2019-07-14 02:45:01,880 INFO  datanode.ObjectStoreHandler (ObjectStoreHandler.java:close(155)) - Closing ObjectStoreHandler.
2019-07-14 02:45:01,880 INFO  ozone.HddsDatanodeService (HddsDatanodeService.java:stop(452)) - Stopped plug-in org.apache.hadoop.ozone.web.OzoneHddsDatanodeService@7436364d
2019-07-14 02:45:01,887 INFO  statemachine.DatanodeStateMachine (DatanodeStateMachine.java:stopDaemon(395)) - Ozone container server stopped.
2019-07-14 02:45:01,888 INFO  handler.ContextHandler (ContextHandler.java:doStop(910)) - Stopped o.e.j.w.WebAppContext@367d34c0{/,null,UNAVAILABLE}{/hddsDatanode}
2019-07-14 02:45:01,889 INFO  server.AbstractConnector (AbstractConnector.java:doStop(318)) - Stopped ServerConnector@4ce25e47{HTTP/1.1,[http/1.1]}{0.0.0.0:0}
2019-07-14 02:45:01,889 INFO  handler.ContextHandler (ContextHandler.java:doStop(910)) - Stopped o.e.j.s.ServletContextHandler@5fef0c19{/static,jar:file:/home/user/.m2/repository/org/apache/hadoop/hadoop-hdds-container-service/0.5.0-SNAPSHOT/hadoop-hdds-container-service-0.5.0-SNAPSHOT.jar!/webapps/static,UNAVAILABLE}
2019-07-14 02:45:01,890 INFO  handler.ContextHandler (ContextHandler.java:doStop(910)) - Stopped o.e.j.s.ServletContextHandler@615db358{/logs,file:///tmp/workdir/hadoop-ozone/integration-test/target/log,UNAVAILABLE}
2019-07-14 02:45:01,891 INFO  datanode.ObjectStoreHandler (ObjectStoreHandler.java:close(155)) - Closing ObjectStoreHandler.
2019-07-14 02:45:01,891 INFO  ozone.HddsDatanodeService (HddsDatanodeService.java:stop(452)) - Stopped plug-in org.apache.hadoop.ozone.web.OzoneHddsDatanodeService@65da01f4
2019-07-14 02:45:01,925 INFO  statemachine.DatanodeStateMachine (DatanodeStateMachine.java:lambda$startDaemon$0(350)) - Ozone container server started.
2019-07-14 02:45:02,411 INFO  statemachine.DatanodeStateMachine (DatanodeStateMachine.java:lambda$startDaemon$0(350)) - Ozone container server started.
2019-07-14 02:45:04,117 WARN  server.GrpcLogAppender (LogUtils.java:warn(134)) - 242dab13-59e3-47fe-a0e1-d38b83783c72->d24af681-3959-44cc-8250-d948d0c6ed13: Failed appendEntries: org.apache.ratis.thirdparty.io.grpc.StatusRuntimeException: UNAVAILABLE: io exception
2019-07-14 02:45:04,117 WARN  server.GrpcLogAppender (LogUtils.java:warn(134)) - 242dab13-59e3-47fe-a0e1-d38b83783c72->bd6c4a95-4cdb-4174-b847-fd048ae710b0: Failed appendEntries: org.apache.ratis.thirdparty.io.grpc.StatusRuntimeException: UNAVAILABLE: io exception
2019-07-14 02:45:04,119 INFO  impl.FollowerInfo (FollowerInfo.java:lambda$new$0(50)) - 242dab13-59e3-47fe-a0e1-d38b83783c72->d24af681-3959-44cc-8250-d948d0c6ed13: nextIndex: updateUnconditionally 4 -> 3
2019-07-14 02:45:04,121 INFO  impl.FollowerInfo (FollowerInfo.java:lambda$new$0(50)) - 242dab13-59e3-47fe-a0e1-d38b83783c72->bd6c4a95-4cdb-4174-b847-fd048ae710b0: nextIndex: updateUnconditionally 4 -> 3
2019-07-14 02:45:06,608 WARN  server.GrpcLogAppender (LogUtils.java:warn(134)) - 242dab13-59e3-47fe-a0e1-d38b83783c72->bd6c4a95-4cdb-4174-b847-fd048ae710b0: Failed appendEntries: org.apache.ratis.thirdparty.io.grpc.StatusRuntimeException: UNAVAILABLE: io exception
2019-07-14 02:45:06,608 WARN  server.GrpcLogAppender (LogUtils.java:warn(134)) - 242dab13-59e3-47fe-a0e1-d38b83783c72->d24af681-3959-44cc-8250-d948d0c6ed13: Failed appendEntries: org.apache.ratis.thirdparty.io.grpc.StatusRuntimeException: UNAVAILABLE: io exception
2019-07-14 02:45:06,612 INFO  impl.FollowerInfo (FollowerInfo.java:lambda$new$0(50)) - 242dab13-59e3-47fe-a0e1-d38b83783c72->bd6c4a95-4cdb-4174-b847-fd048ae710b0: nextIndex: updateUnconditionally 3 -> 2
2019-07-14 02:45:06,614 INFO  impl.FollowerInfo (FollowerInfo.java:lambda$new$0(50)) - 242dab13-59e3-47fe-a0e1-d38b83783c72->d24af681-3959-44cc-8250-d948d0c6ed13: nextIndex: updateUnconditionally 3 -> 2
2019-07-14 02:45:06,882 INFO  ozoneimpl.OzoneContainer (OzoneContainer.java:stop(199)) - Attempting to stop container services.
2019-07-14 02:45:06,882 INFO  impl.RaftServerProxy (RaftServerProxy.java:lambda$close$4(314)) - 66b2efc6-514d-46a0-861d-46537d529627: close
2019-07-14 02:45:06,882 INFO  impl.RaftServerImpl (RaftServerImpl.java:lambda$shutdown$3(245)) - 66b2efc6-514d-46a0-861d-46537d529627: shutdown group-16B961C23FBB
2019-07-14 02:45:06,883 INFO  util.JmxRegister (JmxRegister.java:unregister(73)) - Successfully un-registered JMX Bean with object name Ratis:service=RaftServer,group=group-16B961C23FBB,id=66b2efc6-514d-46a0-861d-46537d529627
2019-07-14 02:45:06,883 INFO  impl.RoleInfo (RoleInfo.java:shutdownLeaderState(104)) - 66b2efc6-514d-46a0-861d-46537d529627: shutdown LeaderState
2019-07-14 02:45:06,883 INFO  impl.PendingRequests (PendingRequests.java:sendNotLeaderResponses(202)) - 66b2efc6-514d-46a0-861d-46537d529627-PendingRequests: sendNotLeaderResponses
2019-07-14 02:45:06,884 INFO  impl.StateMachineUpdater (StateMachineUpdater.java:stopAndJoin(115)) - StateMachineUpdater:66b2efc6-514d-46a0-861d-46537d529627:group-16B961C23FBB: set stopIndex = 0
2019-07-14 02:45:06,884 INFO  ratis.ContainerStateMachine (ContainerStateMachine.java:takeSnapshot(246)) - Taking snapshot at termIndex:(t:0, i:~)
2019-07-14 02:45:06,885 INFO  impl.RaftServerImpl (ServerState.java:close(394)) - 66b2efc6-514d-46a0-861d-46537d529627:group-16B961C23FBB closes. The last applied log index is 0
2019-07-14 02:45:06,885 INFO  segmented.SegmentedRaftLogWorker (SegmentedRaftLogWorker.java:run(313)) - 66b2efc6-514d-46a0-861d-46537d529627-SegmentedRaftLogWorker:Storage Directory /tmp/workdir/hadoop-ozone/integration-test/target/test-dir/MiniOzoneClusterImpl-fe579810-8e9f-469f-84e5-6868cd12b3c7/datanode-2/data/ratis/a01aacf0-7496-4d18-b544-16b961c23fbb was interrupted, exiting. There are 0 tasks remaining in the queue.
2019-07-14 02:45:06,887 INFO  segmented.SegmentedRaftLogWorker (SegmentedRaftLogWorker.java:close(228)) - 66b2efc6-514d-46a0-861d-46537d529627-SegmentedRaftLogWorker:Storage Directory /tmp/workdir/hadoop-ozone/integration-test/target/test-dir/MiniOzoneClusterImpl-fe579810-8e9f-469f-84e5-6868cd12b3c7/datanode-2/data/ratis/a01aacf0-7496-4d18-b544-16b961c23fbb close()
2019-07-14 02:45:06,891 INFO  impl.RaftServerImpl (RaftServerImpl.java:lambda$shutdown$3(245)) - 66b2efc6-514d-46a0-861d-46537d529627: shutdown group-513D078D8275
2019-07-14 02:45:06,892 INFO  util.JmxRegister (JmxRegister.java:unregister(73)) - Successfully un-registered JMX Bean with object name Ratis:service=RaftServer,group=group-513D078D8275,id=66b2efc6-514d-46a0-861d-46537d529627
2019-07-14 02:45:06,892 INFO  impl.RoleInfo (RoleInfo.java:shutdownLeaderState(104)) - 66b2efc6-514d-46a0-861d-46537d529627: shutdown LeaderState
2019-07-14 02:45:06,896 INFO  impl.PendingRequests (PendingRequests.java:sendNotLeaderResponses(202)) - 66b2efc6-514d-46a0-861d-46537d529627-PendingRequests: sendNotLeaderResponses
2019-07-14 02:45:06,896 INFO  ozoneimpl.OzoneContainer (OzoneContainer.java:stop(199)) - Attempting to stop container services.
2019-07-14 02:45:06,897 INFO  ratis.ContainerStateMachine (ContainerStateMachine.java:takeSnapshot(246)) - Taking snapshot at termIndex:(t:0, i:~)
2019-07-14 02:45:06,896 INFO  impl.StateMachineUpdater (StateMachineUpdater.java:stopAndJoin(115)) - StateMachineUpdater:66b2efc6-514d-46a0-861d-46537d529627:group-513D078D8275: set stopIndex = 0
2019-07-14 02:45:06,897 INFO  impl.RaftServerImpl (ServerState.java:close(394)) - 66b2efc6-514d-46a0-861d-46537d529627:group-513D078D8275 closes. The last applied log index is 0
2019-07-14 02:45:06,896 WARN  server.GrpcLogAppender (GrpcLogAppender.java:mayWait(143)) - GrpcLogAppender(66b2efc6-514d-46a0-861d-46537d529627->fc824039-8c63-4f10-92c4-37d5470c1424): Wait interrupted by java.lang.InterruptedException
2019-07-14 02:45:06,896 WARN  server.GrpcLogAppender (GrpcLogAppender.java:mayWait(143)) - GrpcLogAppender(66b2efc6-514d-46a0-861d-46537d529627->c5d614ef-dafc-48c4-88f9-7d3a89976db4): Wait interrupted by java.lang.InterruptedException
2019-07-14 02:45:06,898 INFO  segmented.SegmentedRaftLogWorker (SegmentedRaftLogWorker.java:run(313)) - 66b2efc6-514d-46a0-861d-46537d529627-SegmentedRaftLogWorker:Storage Directory /tmp/workdir/hadoop-ozone/integration-test/target/test-dir/MiniOzoneClusterImpl-fe579810-8e9f-469f-84e5-6868cd12b3c7/datanode-2/data/ratis/771bcbde-3c38-4835-9441-513d078d8275 was interrupted, exiting. There are 0 tasks remaining in the queue.
2019-07-14 02:45:06,897 INFO  impl.RaftServerProxy (RaftServerProxy.java:lambda$close$4(314)) - fc824039-8c63-4f10-92c4-37d5470c1424: close
2019-07-14 02:45:06,900 INFO  server.GrpcServerProtocolService (GrpcServerProtocolService.java:onCompleted(104)) - fc824039-8c63-4f10-92c4-37d5470c1424: appendEntries completed
2019-07-14 02:45:06,900 INFO  impl.RaftServerImpl (RaftServerImpl.java:lambda$shutdown$3(245)) - fc824039-8c63-4f10-92c4-37d5470c1424: shutdown group-2B1D467AC54E
2019-07-14 02:45:06,900 INFO  server.GrpcServerProtocolService (GrpcServerProtocolService.java:onCompleted(104)) - c5d614ef-dafc-48c4-88f9-7d3a89976db4: appendEntries completed
2019-07-14 02:45:06,900 INFO  segmented.SegmentedRaftLogWorker (SegmentedRaftLogWorker.java:close(228)) - 66b2efc6-514d-46a0-861d-46537d529627-SegmentedRaftLogWorker:Storage Directory /tmp/workdir/hadoop-ozone/integration-test/target/test-dir/MiniOzoneClusterImpl-fe579810-8e9f-469f-84e5-6868cd12b3c7/datanode-2/data/ratis/771bcbde-3c38-4835-9441-513d078d8275 close()
2019-07-14 02:45:06,901 INFO  server.GrpcLogAppender (GrpcLogAppender.java:onCompleted(292)) - 66b2efc6-514d-46a0-861d-46537d529627->fc824039-8c63-4f10-92c4-37d5470c1424: follower responses appendEntries COMPLETED
2019-07-14 02:45:06,901 INFO  util.JmxRegister (JmxRegister.java:unregister(73)) - Successfully un-registered JMX Bean with object name Ratis:service=RaftServer,group=group-2B1D467AC54E,id=fc824039-8c63-4f10-92c4-37d5470c1424
2019-07-14 02:45:06,906 INFO  impl.FollowerInfo (FollowerInfo.java:lambda$new$0(50)) - 66b2efc6-514d-46a0-861d-46537d529627->fc824039-8c63-4f10-92c4-37d5470c1424: nextIndex: updateUnconditionally 1 -> 0
2019-07-14 02:45:06,906 INFO  server.GrpcLogAppender (GrpcLogAppender.java:onCompleted(292)) - 66b2efc6-514d-46a0-861d-46537d529627->c5d614ef-dafc-48c4-88f9-7d3a89976db4: follower responses appendEntries COMPLETED
2019-07-14 02:45:06,905 INFO  server.GrpcService (GrpcService.java:closeImpl(155)) - 66b2efc6-514d-46a0-861d-46537d529627: shutdown server with port 34912 now
2019-07-14 02:45:06,907 INFO  impl.FollowerInfo (FollowerInfo.java:lambda$new$0(50)) - 66b2efc6-514d-46a0-861d-46537d529627->c5d614ef-dafc-48c4-88f9-7d3a89976db4: nextIndex: updateUnconditionally 1 -> 0
2019-07-14 02:45:06,906 INFO  impl.RoleInfo (RoleInfo.java:shutdownLeaderState(104)) - fc824039-8c63-4f10-92c4-37d5470c1424: shutdown LeaderState
2019-07-14 02:45:06,907 INFO  server.GrpcService (GrpcService.java:closeImpl(163)) - 66b2efc6-514d-46a0-861d-46537d529627: shutdown server with port 34912 successfully
2019-07-14 02:45:06,908 INFO  impl.PendingRequests (PendingRequests.java:sendNotLeaderResponses(202)) - fc824039-8c63-4f10-92c4-37d5470c1424-PendingRequests: sendNotLeaderResponses
2019-07-14 02:45:06,908 INFO  impl.StateMachineUpdater (StateMachineUpdater.java:stopAndJoin(115)) - StateMachineUpdater:fc824039-8c63-4f10-92c4-37d5470c1424:group-2B1D467AC54E: set stopIndex = 0
2019-07-14 02:45:06,909 INFO  ratis.ContainerStateMachine (ContainerStateMachine.java:takeSnapshot(246)) - Taking snapshot at termIndex:(t:0, i:~)
2019-07-14 02:45:06,909 INFO  impl.RaftServerImpl (ServerState.java:close(394)) - fc824039-8c63-4f10-92c4-37d5470c1424:group-2B1D467AC54E closes. The last applied log index is 0
2019-07-14 02:45:06,910 INFO  segmented.SegmentedRaftLogWorker (SegmentedRaftLogWorker.java:run(313)) - fc824039-8c63-4f10-92c4-37d5470c1424-SegmentedRaftLogWorker:Storage Directory /tmp/workdir/hadoop-ozone/integration-test/target/test-dir/MiniOzoneClusterImpl-fe579810-8e9f-469f-84e5-6868cd12b3c7/datanode-3/data/ratis/d1d7f9a9-b161-4662-a813-2b1d467ac54e was interrupted, exiting. There are 0 tasks remaining in the queue.
2019-07-14 02:45:06,913 INFO  segmented.SegmentedRaftLogWorker (SegmentedRaftLogWorker.java:close(228)) - fc824039-8c63-4f10-92c4-37d5470c1424-SegmentedRaftLogWorker:Storage Directory /tmp/workdir/hadoop-ozone/integration-test/target/test-dir/MiniOzoneClusterImpl-fe579810-8e9f-469f-84e5-6868cd12b3c7/datanode-3/data/ratis/d1d7f9a9-b161-4662-a813-2b1d467ac54e close()
2019-07-14 02:45:06,922 INFO  impl.RaftServerImpl (RaftServerImpl.java:lambda$shutdown$3(245)) - fc824039-8c63-4f10-92c4-37d5470c1424: shutdown group-513D078D8275
2019-07-14 02:45:06,923 INFO  util.JmxRegister (JmxRegister.java:unregister(73)) - Successfully un-registered JMX Bean with object name Ratis:service=RaftServer,group=group-513D078D8275,id=fc824039-8c63-4f10-92c4-37d5470c1424
2019-07-14 02:45:06,923 INFO  impl.RoleInfo (RoleInfo.java:shutdownFollowerState(121)) - fc824039-8c63-4f10-92c4-37d5470c1424: shutdown FollowerState
2019-07-14 02:45:06,924 INFO  impl.StateMachineUpdater (StateMachineUpdater.java:stopAndJoin(115)) - StateMachineUpdater:fc824039-8c63-4f10-92c4-37d5470c1424:group-513D078D8275: set stopIndex = 0
2019-07-14 02:45:06,924 INFO  ratis.ContainerStateMachine (ContainerStateMachine.java:takeSnapshot(246)) - Taking snapshot at termIndex:(t:0, i:~)
2019-07-14 02:45:06,924 INFO  impl.FollowerState (FollowerState.java:run(114)) - fc824039-8c63-4f10-92c4-37d5470c1424: FollowerState was interrupted: java.lang.InterruptedException: sleep interrupted
2019-07-14 02:45:06,925 INFO  impl.RaftServerImpl (ServerState.java:close(394)) - fc824039-8c63-4f10-92c4-37d5470c1424:group-513D078D8275 closes. The last applied log index is 0
2019-07-14 02:45:06,925 INFO  segmented.SegmentedRaftLogWorker (SegmentedRaftLogWorker.java:run(313)) - fc824039-8c63-4f10-92c4-37d5470c1424-SegmentedRaftLogWorker:Storage Directory /tmp/workdir/hadoop-ozone/integration-test/target/test-dir/MiniOzoneClusterImpl-fe579810-8e9f-469f-84e5-6868cd12b3c7/datanode-3/data/ratis/771bcbde-3c38-4835-9441-513d078d8275 was interrupted, exiting. There are 0 tasks remaining in the queue.
2019-07-14 02:45:06,925 INFO  segmented.SegmentedRaftLogWorker (SegmentedRaftLogWorker.java:close(228)) - fc824039-8c63-4f10-92c4-37d5470c1424-SegmentedRaftLogWorker:Storage Directory /tmp/workdir/hadoop-ozone/integration-test/target/test-dir/MiniOzoneClusterImpl-fe579810-8e9f-469f-84e5-6868cd12b3c7/datanode-3/data/ratis/771bcbde-3c38-4835-9441-513d078d8275 close()
2019-07-14 02:45:06,928 INFO  server.GrpcService (GrpcService.java:closeImpl(155)) - fc824039-8c63-4f10-92c4-37d5470c1424: shutdown server with port 35262 now
2019-07-14 02:45:06,928 INFO  server.GrpcService (GrpcService.java:closeImpl(163)) - fc824039-8c63-4f10-92c4-37d5470c1424: shutdown server with port 35262 successfully
2019-07-14 02:45:06,937 INFO  utils.BackgroundService (BackgroundService.java:shutdown(148)) - Shutting down service BlockDeletingService
2019-07-14 02:45:06,943 WARN  fs.CachingGetSpaceUsed (CachingGetSpaceUsed.java:run(183)) - Thread Interrupted waiting to refresh disk information: sleep interrupted
2019-07-14 02:45:06,949 INFO  utils.BackgroundService (BackgroundService.java:shutdown(148)) - Shutting down service BlockDeletingService
2019-07-14 02:45:06,955 WARN  fs.CachingGetSpaceUsed (CachingGetSpaceUsed.java:run(183)) - Thread Interrupted waiting to refresh disk information: sleep interrupted
2019-07-14 02:45:06,962 INFO  statemachine.DatanodeStateMachine (DatanodeStateMachine.java:stopDaemon(395)) - Ozone container server stopped.
2019-07-14 02:45:06,968 INFO  handler.ContextHandler (ContextHandler.java:doStop(910)) - Stopped o.e.j.w.WebAppContext@7197b07f{/,null,UNAVAILABLE}{/hddsDatanode}
2019-07-14 02:45:06,968 INFO  server.AbstractConnector (AbstractConnector.java:doStop(318)) - Stopped ServerConnector@1f10fec6{HTTP/1.1,[http/1.1]}{0.0.0.0:0}
2019-07-14 02:45:06,970 INFO  handler.ContextHandler (ContextHandler.java:doStop(910)) - Stopped o.e.j.s.ServletContextHandler@62ade015{/static,jar:file:/home/user/.m2/repository/org/apache/hadoop/hadoop-hdds-container-service/0.5.0-SNAPSHOT/hadoop-hdds-container-service-0.5.0-SNAPSHOT.jar!/webapps/static,UNAVAILABLE}
2019-07-14 02:45:06,972 INFO  handler.ContextHandler (ContextHandler.java:doStop(910)) - Stopped o.e.j.s.ServletContextHandler@631c6d11{/logs,file:///tmp/workdir/hadoop-ozone/integration-test/target/log,UNAVAILABLE}
2019-07-14 02:45:06,973 INFO  datanode.ObjectStoreHandler (ObjectStoreHandler.java:close(155)) - Closing ObjectStoreHandler.
2019-07-14 02:45:06,973 INFO  ozone.HddsDatanodeService (HddsDatanodeService.java:stop(452)) - Stopped plug-in org.apache.hadoop.ozone.web.OzoneHddsDatanodeService@b4732dc
2019-07-14 02:45:06,982 INFO  statemachine.DatanodeStateMachine (DatanodeStateMachine.java:stopDaemon(395)) - Ozone container server stopped.
2019-07-14 02:45:06,983 INFO  handler.ContextHandler (ContextHandler.java:doStop(910)) - Stopped o.e.j.w.WebAppContext@6a2d867d{/,null,UNAVAILABLE}{/hddsDatanode}
2019-07-14 02:45:06,984 INFO  server.AbstractConnector (AbstractConnector.java:doStop(318)) - Stopped ServerConnector@73bb1337{HTTP/1.1,[http/1.1]}{0.0.0.0:0}
2019-07-14 02:45:06,985 INFO  handler.ContextHandler (ContextHandler.java:doStop(910)) - Stopped o.e.j.s.ServletContextHandler@cc9ef8d{/static,jar:file:/home/user/.m2/repository/org/apache/hadoop/hadoop-hdds-container-service/0.5.0-SNAPSHOT/hadoop-hdds-container-service-0.5.0-SNAPSHOT.jar!/webapps/static,UNAVAILABLE}
2019-07-14 02:45:06,985 INFO  handler.ContextHandler (ContextHandler.java:doStop(910)) - Stopped o.e.j.s.ServletContextHandler@1e30db85{/logs,file:///tmp/workdir/hadoop-ozone/integration-test/target/log,UNAVAILABLE}
2019-07-14 02:45:06,987 INFO  datanode.ObjectStoreHandler (ObjectStoreHandler.java:close(155)) - Closing ObjectStoreHandler.
2019-07-14 02:45:06,987 INFO  ozone.HddsDatanodeService (HddsDatanodeService.java:stop(452)) - Stopped plug-in org.apache.hadoop.ozone.web.OzoneHddsDatanodeService@28e7bb31
2019-07-14 02:45:07,523 INFO  statemachine.DatanodeStateMachine (DatanodeStateMachine.java:lambda$startDaemon$0(350)) - Ozone container server started.
2019-07-14 02:45:07,912 INFO  statemachine.DatanodeStateMachine (DatanodeStateMachine.java:lambda$startDaemon$0(350)) - Ozone container server started.
2019-07-14 02:45:09,110 WARN  server.GrpcLogAppender (LogUtils.java:warn(134)) - 242dab13-59e3-47fe-a0e1-d38b83783c72->d24af681-3959-44cc-8250-d948d0c6ed13: Failed appendEntries: org.apache.ratis.thirdparty.io.grpc.StatusRuntimeException: UNAVAILABLE: io exception
2019-07-14 02:45:09,110 WARN  server.GrpcLogAppender (LogUtils.java:warn(134)) - 242dab13-59e3-47fe-a0e1-d38b83783c72->bd6c4a95-4cdb-4174-b847-fd048ae710b0: Failed appendEntries: org.apache.ratis.thirdparty.io.grpc.StatusRuntimeException: UNAVAILABLE: io exception
2019-07-14 02:45:09,114 INFO  impl.FollowerInfo (FollowerInfo.java:lambda$new$0(50)) - 242dab13-59e3-47fe-a0e1-d38b83783c72->d24af681-3959-44cc-8250-d948d0c6ed13: nextIndex: updateUnconditionally 2 -> 1
2019-07-14 02:45:09,114 INFO  impl.FollowerInfo (FollowerInfo.java:lambda$new$0(50)) - 242dab13-59e3-47fe-a0e1-d38b83783c72->bd6c4a95-4cdb-4174-b847-fd048ae710b0: nextIndex: updateUnconditionally 2 -> 1
2019-07-14 02:45:10,651 INFO  impl.FollowerState (FollowerState.java:run(106)) - c5d614ef-dafc-48c4-88f9-7d3a89976db4:group-513D078D8275 changes to CANDIDATE, lastRpcTime:5284, electionTimeout:5200ms
2019-07-14 02:45:10,651 INFO  impl.RoleInfo (RoleInfo.java:shutdownFollowerState(121)) - c5d614ef-dafc-48c4-88f9-7d3a89976db4: shutdown FollowerState
2019-07-14 02:45:10,651 INFO  impl.RaftServerImpl (RaftServerImpl.java:setRole(171)) - c5d614ef-dafc-48c4-88f9-7d3a89976db4:group-513D078D8275 changes role from FOLLOWER to CANDIDATE at term 1 for changeToCandidate
2019-07-14 02:45:10,652 INFO  impl.RoleInfo (RoleInfo.java:updateAndGet(143)) - c5d614ef-dafc-48c4-88f9-7d3a89976db4: start LeaderElection
2019-07-14 02:45:10,652 INFO  impl.RaftServerImpl (ServerState.java:setLeader(263)) - c5d614ef-dafc-48c4-88f9-7d3a89976db4:group-513D078D8275 change Leader from 66b2efc6-514d-46a0-861d-46537d529627 to null at term 1 for initElection
2019-07-14 02:45:10,667 INFO  impl.LeaderElection (LeaderElection.java:askForVotes(181)) - c5d614ef-dafc-48c4-88f9-7d3a89976db4:group-513D078D8275:LeaderElection14: begin an election at term 2 for 0: [fc824039-8c63-4f10-92c4-37d5470c1424:192.168.157.236:35262, c5d614ef-dafc-48c4-88f9-7d3a89976db4:192.168.157.236:44133, 66b2efc6-514d-46a0-861d-46537d529627:192.168.157.236:34912], old=null
2019-07-14 02:45:10,676 INFO  impl.LeaderElection (LogUtils.java:infoOrTrace(149)) - c5d614ef-dafc-48c4-88f9-7d3a89976db4:group-513D078D8275:LeaderElection14 got exception when requesting votes: {}
java.util.concurrent.ExecutionException: org.apache.ratis.thirdparty.io.grpc.StatusRuntimeException: UNAVAILABLE: io exception
	at java.util.concurrent.FutureTask.report(FutureTask.java:122)
	at java.util.concurrent.FutureTask.get(FutureTask.java:192)
	at org.apache.ratis.server.impl.LeaderElection.waitForResults(LeaderElection.java:262)
	at org.apache.ratis.server.impl.LeaderElection.askForVotes(LeaderElection.java:200)
	at org.apache.ratis.server.impl.LeaderElection.run(LeaderElection.java:130)
	at java.lang.Thread.run(Thread.java:748)
Caused by: org.apache.ratis.thirdparty.io.grpc.StatusRuntimeException: UNAVAILABLE: io exception
	at org.apache.ratis.thirdparty.io.grpc.stub.ClientCalls.toStatusRuntimeException(ClientCalls.java:233)
	at org.apache.ratis.thirdparty.io.grpc.stub.ClientCalls.getUnchecked(ClientCalls.java:214)
	at org.apache.ratis.thirdparty.io.grpc.stub.ClientCalls.blockingUnaryCall(ClientCalls.java:139)
	at org.apache.ratis.proto.grpc.RaftServerProtocolServiceGrpc$RaftServerProtocolServiceBlockingStub.requestVote(RaftServerProtocolServiceGrpc.java:265)
	at org.apache.ratis.grpc.server.GrpcServerProtocolClient.requestVote(GrpcServerProtocolClient.java:83)
	at org.apache.ratis.grpc.server.GrpcService.requestVote(GrpcService.java:195)
	at org.apache.ratis.server.impl.LeaderElection.lambda$submitRequests$1(LeaderElection.java:237)
	at java.util.concurrent.FutureTask.run(FutureTask.java:266)
	at java.util.concurrent.Executors$RunnableAdapter.call(Executors.java:511)
	at java.util.concurrent.FutureTask.run(FutureTask.java:266)
	at java.util.concurrent.ThreadPoolExecutor.runWorker(ThreadPoolExecutor.java:1149)
	at java.util.concurrent.ThreadPoolExecutor$Worker.run(ThreadPoolExecutor.java:624)
	... 1 more
Caused by: org.apache.ratis.thirdparty.io.netty.channel.AbstractChannel$AnnotatedConnectException: Connection refused: /192.168.157.236:35262
	at sun.nio.ch.SocketChannelImpl.checkConnect(Native Method)
	at sun.nio.ch.SocketChannelImpl.finishConnect(SocketChannelImpl.java:717)
	at org.apache.ratis.thirdparty.io.netty.channel.socket.nio.NioSocketChannel.doFinishConnect(NioSocketChannel.java:327)
	at org.apache.ratis.thirdparty.io.netty.channel.nio.AbstractNioChannel$AbstractNioUnsafe.finishConnect(AbstractNioChannel.java:340)
	at org.apache.ratis.thirdparty.io.netty.channel.nio.NioEventLoop.processSelectedKey(NioEventLoop.java:632)
	at org.apache.ratis.thirdparty.io.netty.channel.nio.NioEventLoop.processSelectedKeysOptimized(NioEventLoop.java:579)
	at org.apache.ratis.thirdparty.io.netty.channel.nio.NioEventLoop.processSelectedKeys(NioEventLoop.java:496)
	at org.apache.ratis.thirdparty.io.netty.channel.nio.NioEventLoop.run(NioEventLoop.java:458)
	at org.apache.ratis.thirdparty.io.netty.util.concurrent.SingleThreadEventExecutor$5.run(SingleThreadEventExecutor.java:897)
	at org.apache.ratis.thirdparty.io.netty.util.concurrent.FastThreadLocalRunnable.run(FastThreadLocalRunnable.java:30)
	... 1 more
Caused by: java.net.ConnectException: Connection refused
	... 11 more
2019-07-14 02:45:10,680 INFO  impl.LeaderElection (LogUtils.java:infoOrTrace(149)) - c5d614ef-dafc-48c4-88f9-7d3a89976db4:group-513D078D8275:LeaderElection14 got exception when requesting votes: {}
java.util.concurrent.ExecutionException: org.apache.ratis.thirdparty.io.grpc.StatusRuntimeException: UNAVAILABLE: io exception
	at java.util.concurrent.FutureTask.report(FutureTask.java:122)
	at java.util.concurrent.FutureTask.get(FutureTask.java:192)
	at org.apache.ratis.server.impl.LeaderElection.waitForResults(LeaderElection.java:262)
	at org.apache.ratis.server.impl.LeaderElection.askForVotes(LeaderElection.java:200)
	at org.apache.ratis.server.impl.LeaderElection.run(LeaderElection.java:130)
	at java.lang.Thread.run(Thread.java:748)
Caused by: org.apache.ratis.thirdparty.io.grpc.StatusRuntimeException: UNAVAILABLE: io exception
	at org.apache.ratis.thirdparty.io.grpc.stub.ClientCalls.toStatusRuntimeException(ClientCalls.java:233)
	at org.apache.ratis.thirdparty.io.grpc.stub.ClientCalls.getUnchecked(ClientCalls.java:214)
	at org.apache.ratis.thirdparty.io.grpc.stub.ClientCalls.blockingUnaryCall(ClientCalls.java:139)
	at org.apache.ratis.proto.grpc.RaftServerProtocolServiceGrpc$RaftServerProtocolServiceBlockingStub.requestVote(RaftServerProtocolServiceGrpc.java:265)
	at org.apache.ratis.grpc.server.GrpcServerProtocolClient.requestVote(GrpcServerProtocolClient.java:83)
	at org.apache.ratis.grpc.server.GrpcService.requestVote(GrpcService.java:195)
	at org.apache.ratis.server.impl.LeaderElection.lambda$submitRequests$1(LeaderElection.java:237)
	at java.util.concurrent.FutureTask.run(FutureTask.java:266)
	at java.util.concurrent.Executors$RunnableAdapter.call(Executors.java:511)
	at java.util.concurrent.FutureTask.run(FutureTask.java:266)
	at java.util.concurrent.ThreadPoolExecutor.runWorker(ThreadPoolExecutor.java:1149)
	at java.util.concurrent.ThreadPoolExecutor$Worker.run(ThreadPoolExecutor.java:624)
	... 1 more
Caused by: org.apache.ratis.thirdparty.io.netty.channel.AbstractChannel$AnnotatedConnectException: Connection refused: /192.168.157.236:34912
	at sun.nio.ch.SocketChannelImpl.checkConnect(Native Method)
	at sun.nio.ch.SocketChannelImpl.finishConnect(SocketChannelImpl.java:717)
	at org.apache.ratis.thirdparty.io.netty.channel.socket.nio.NioSocketChannel.doFinishConnect(NioSocketChannel.java:327)
	at org.apache.ratis.thirdparty.io.netty.channel.nio.AbstractNioChannel$AbstractNioUnsafe.finishConnect(AbstractNioChannel.java:340)
	at org.apache.ratis.thirdparty.io.netty.channel.nio.NioEventLoop.processSelectedKey(NioEventLoop.java:632)
	at org.apache.ratis.thirdparty.io.netty.channel.nio.NioEventLoop.processSelectedKeysOptimized(NioEventLoop.java:579)
	at org.apache.ratis.thirdparty.io.netty.channel.nio.NioEventLoop.processSelectedKeys(NioEventLoop.java:496)
	at org.apache.ratis.thirdparty.io.netty.channel.nio.NioEventLoop.run(NioEventLoop.java:458)
	at org.apache.ratis.thirdparty.io.netty.util.concurrent.SingleThreadEventExecutor$5.run(SingleThreadEventExecutor.java:897)
	at org.apache.ratis.thirdparty.io.netty.util.concurrent.FastThreadLocalRunnable.run(FastThreadLocalRunnable.java:30)
	... 1 more
Caused by: java.net.ConnectException: Connection refused
	... 11 more
2019-07-14 02:45:10,682 INFO  impl.LeaderElection (LeaderElection.java:logAndReturn(56)) - c5d614ef-dafc-48c4-88f9-7d3a89976db4:group-513D078D8275:LeaderElection14: Election REJECTED; received 0 response(s) [] and 2 exception(s); c5d614ef-dafc-48c4-88f9-7d3a89976db4:t2, leader=null, voted=c5d614ef-dafc-48c4-88f9-7d3a89976db4, raftlog=c5d614ef-dafc-48c4-88f9-7d3a89976db4-SegmentedRaftLog:OPENED:c0,f0,i0, conf=0: [fc824039-8c63-4f10-92c4-37d5470c1424:192.168.157.236:35262, c5d614ef-dafc-48c4-88f9-7d3a89976db4:192.168.157.236:44133, 66b2efc6-514d-46a0-861d-46537d529627:192.168.157.236:34912], old=null
2019-07-14 02:45:10,682 INFO  impl.LeaderElection (LogUtils.java:infoOrTrace(149)) -   Exception 0: {}
java.util.concurrent.ExecutionException: org.apache.ratis.thirdparty.io.grpc.StatusRuntimeException: UNAVAILABLE: io exception
	at java.util.concurrent.FutureTask.report(FutureTask.java:122)
	at java.util.concurrent.FutureTask.get(FutureTask.java:192)
	at org.apache.ratis.server.impl.LeaderElection.waitForResults(LeaderElection.java:262)
	at org.apache.ratis.server.impl.LeaderElection.askForVotes(LeaderElection.java:200)
	at org.apache.ratis.server.impl.LeaderElection.run(LeaderElection.java:130)
	at java.lang.Thread.run(Thread.java:748)
Caused by: org.apache.ratis.thirdparty.io.grpc.StatusRuntimeException: UNAVAILABLE: io exception
	at org.apache.ratis.thirdparty.io.grpc.stub.ClientCalls.toStatusRuntimeException(ClientCalls.java:233)
	at org.apache.ratis.thirdparty.io.grpc.stub.ClientCalls.getUnchecked(ClientCalls.java:214)
	at org.apache.ratis.thirdparty.io.grpc.stub.ClientCalls.blockingUnaryCall(ClientCalls.java:139)
	at org.apache.ratis.proto.grpc.RaftServerProtocolServiceGrpc$RaftServerProtocolServiceBlockingStub.requestVote(RaftServerProtocolServiceGrpc.java:265)
	at org.apache.ratis.grpc.server.GrpcServerProtocolClient.requestVote(GrpcServerProtocolClient.java:83)
	at org.apache.ratis.grpc.server.GrpcService.requestVote(GrpcService.java:195)
	at org.apache.ratis.server.impl.LeaderElection.lambda$submitRequests$1(LeaderElection.java:237)
	at java.util.concurrent.FutureTask.run(FutureTask.java:266)
	at java.util.concurrent.Executors$RunnableAdapter.call(Executors.java:511)
	at java.util.concurrent.FutureTask.run(FutureTask.java:266)
	at java.util.concurrent.ThreadPoolExecutor.runWorker(ThreadPoolExecutor.java:1149)
	at java.util.concurrent.ThreadPoolExecutor$Worker.run(ThreadPoolExecutor.java:624)
	... 1 more
Caused by: org.apache.ratis.thirdparty.io.netty.channel.AbstractChannel$AnnotatedConnectException: Connection refused: /192.168.157.236:35262
	at sun.nio.ch.SocketChannelImpl.checkConnect(Native Method)
	at sun.nio.ch.SocketChannelImpl.finishConnect(SocketChannelImpl.java:717)
	at org.apache.ratis.thirdparty.io.netty.channel.socket.nio.NioSocketChannel.doFinishConnect(NioSocketChannel.java:327)
	at org.apache.ratis.thirdparty.io.netty.channel.nio.AbstractNioChannel$AbstractNioUnsafe.finishConnect(AbstractNioChannel.java:340)
	at org.apache.ratis.thirdparty.io.netty.channel.nio.NioEventLoop.processSelectedKey(NioEventLoop.java:632)
	at org.apache.ratis.thirdparty.io.netty.channel.nio.NioEventLoop.processSelectedKeysOptimized(NioEventLoop.java:579)
	at org.apache.ratis.thirdparty.io.netty.channel.nio.NioEventLoop.processSelectedKeys(NioEventLoop.java:496)
	at org.apache.ratis.thirdparty.io.netty.channel.nio.NioEventLoop.run(NioEventLoop.java:458)
	at org.apache.ratis.thirdparty.io.netty.util.concurrent.SingleThreadEventExecutor$5.run(SingleThreadEventExecutor.java:897)
	at org.apache.ratis.thirdparty.io.netty.util.concurrent.FastThreadLocalRunnable.run(FastThreadLocalRunnable.java:30)
	... 1 more
Caused by: java.net.ConnectException: Connection refused
	... 11 more
2019-07-14 02:45:10,683 INFO  impl.LeaderElection (LogUtils.java:infoOrTrace(149)) -   Exception 1: {}
java.util.concurrent.ExecutionException: org.apache.ratis.thirdparty.io.grpc.StatusRuntimeException: UNAVAILABLE: io exception
	at java.util.concurrent.FutureTask.report(FutureTask.java:122)
	at java.util.concurrent.FutureTask.get(FutureTask.java:192)
	at org.apache.ratis.server.impl.LeaderElection.waitForResults(LeaderElection.java:262)
	at org.apache.ratis.server.impl.LeaderElection.askForVotes(LeaderElection.java:200)
	at org.apache.ratis.server.impl.LeaderElection.run(LeaderElection.java:130)
	at java.lang.Thread.run(Thread.java:748)
Caused by: org.apache.ratis.thirdparty.io.grpc.StatusRuntimeException: UNAVAILABLE: io exception
	at org.apache.ratis.thirdparty.io.grpc.stub.ClientCalls.toStatusRuntimeException(ClientCalls.java:233)
	at org.apache.ratis.thirdparty.io.grpc.stub.ClientCalls.getUnchecked(ClientCalls.java:214)
	at org.apache.ratis.thirdparty.io.grpc.stub.ClientCalls.blockingUnaryCall(ClientCalls.java:139)
	at org.apache.ratis.proto.grpc.RaftServerProtocolServiceGrpc$RaftServerProtocolServiceBlockingStub.requestVote(RaftServerProtocolServiceGrpc.java:265)
	at org.apache.ratis.grpc.server.GrpcServerProtocolClient.requestVote(GrpcServerProtocolClient.java:83)
	at org.apache.ratis.grpc.server.GrpcService.requestVote(GrpcService.java:195)
	at org.apache.ratis.server.impl.LeaderElection.lambda$submitRequests$1(LeaderElection.java:237)
	at java.util.concurrent.FutureTask.run(FutureTask.java:266)
	at java.util.concurrent.Executors$RunnableAdapter.call(Executors.java:511)
	at java.util.concurrent.FutureTask.run(FutureTask.java:266)
	at java.util.concurrent.ThreadPoolExecutor.runWorker(ThreadPoolExecutor.java:1149)
	at java.util.concurrent.ThreadPoolExecutor$Worker.run(ThreadPoolExecutor.java:624)
	... 1 more
Caused by: org.apache.ratis.thirdparty.io.netty.channel.AbstractChannel$AnnotatedConnectException: Connection refused: /192.168.157.236:34912
	at sun.nio.ch.SocketChannelImpl.checkConnect(Native Method)
	at sun.nio.ch.SocketChannelImpl.finishConnect(SocketChannelImpl.java:717)
	at org.apache.ratis.thirdparty.io.netty.channel.socket.nio.NioSocketChannel.doFinishConnect(NioSocketChannel.java:327)
	at org.apache.ratis.thirdparty.io.netty.channel.nio.AbstractNioChannel$AbstractNioUnsafe.finishConnect(AbstractNioChannel.java:340)
	at org.apache.ratis.thirdparty.io.netty.channel.nio.NioEventLoop.processSelectedKey(NioEventLoop.java:632)
	at org.apache.ratis.thirdparty.io.netty.channel.nio.NioEventLoop.processSelectedKeysOptimized(NioEventLoop.java:579)
	at org.apache.ratis.thirdparty.io.netty.channel.nio.NioEventLoop.processSelectedKeys(NioEventLoop.java:496)
	at org.apache.ratis.thirdparty.io.netty.channel.nio.NioEventLoop.run(NioEventLoop.java:458)
	at org.apache.ratis.thirdparty.io.netty.util.concurrent.SingleThreadEventExecutor$5.run(SingleThreadEventExecutor.java:897)
	at org.apache.ratis.thirdparty.io.netty.util.concurrent.FastThreadLocalRunnable.run(FastThreadLocalRunnable.java:30)
	... 1 more
Caused by: java.net.ConnectException: Connection refused
	... 11 more
2019-07-14 02:45:10,683 INFO  impl.RaftServerImpl (RaftServerImpl.java:setRole(171)) - c5d614ef-dafc-48c4-88f9-7d3a89976db4:group-513D078D8275 changes role from CANDIDATE to FOLLOWER at term 2 for DISCOVERED_A_NEW_TERM
2019-07-14 02:45:10,683 INFO  impl.RoleInfo (RoleInfo.java:shutdownLeaderElection(134)) - c5d614ef-dafc-48c4-88f9-7d3a89976db4: shutdown LeaderElection
2019-07-14 02:45:10,685 INFO  impl.RoleInfo (RoleInfo.java:updateAndGet(143)) - c5d614ef-dafc-48c4-88f9-7d3a89976db4: start FollowerState
2019-07-14 02:45:11,611 WARN  server.GrpcLogAppender (LogUtils.java:warn(134)) - 242dab13-59e3-47fe-a0e1-d38b83783c72->bd6c4a95-4cdb-4174-b847-fd048ae710b0: Failed appendEntries: org.apache.ratis.thirdparty.io.grpc.StatusRuntimeException: UNAVAILABLE: io exception
2019-07-14 02:45:11,611 WARN  server.GrpcLogAppender (LogUtils.java:warn(134)) - 242dab13-59e3-47fe-a0e1-d38b83783c72->d24af681-3959-44cc-8250-d948d0c6ed13: Failed appendEntries: org.apache.ratis.thirdparty.io.grpc.StatusRuntimeException: UNAVAILABLE: io exception
2019-07-14 02:45:11,614 INFO  impl.FollowerInfo (FollowerInfo.java:lambda$new$0(50)) - 242dab13-59e3-47fe-a0e1-d38b83783c72->bd6c4a95-4cdb-4174-b847-fd048ae710b0: nextIndex: updateUnconditionally 1 -> 0
2019-07-14 02:45:11,615 INFO  impl.FollowerInfo (FollowerInfo.java:lambda$new$0(50)) - 242dab13-59e3-47fe-a0e1-d38b83783c72->d24af681-3959-44cc-8250-d948d0c6ed13: nextIndex: updateUnconditionally 1 -> 0
2019-07-14 02:45:11,974 INFO  ozoneimpl.OzoneContainer (OzoneContainer.java:stop(199)) - Attempting to stop container services.
2019-07-14 02:45:11,976 INFO  impl.RaftServerProxy (RaftServerProxy.java:lambda$close$4(314)) - ba15a010-51da-4352-84c4-08da6f2d0549: close
2019-07-14 02:45:11,976 INFO  impl.RaftServerImpl (RaftServerImpl.java:lambda$shutdown$3(245)) - ba15a010-51da-4352-84c4-08da6f2d0549: shutdown group-3791255D92F7
2019-07-14 02:45:11,976 INFO  util.JmxRegister (JmxRegister.java:unregister(73)) - Successfully un-registered JMX Bean with object name Ratis:service=RaftServer,group=group-3791255D92F7,id=ba15a010-51da-4352-84c4-08da6f2d0549
2019-07-14 02:45:11,977 INFO  impl.RoleInfo (RoleInfo.java:shutdownLeaderState(104)) - ba15a010-51da-4352-84c4-08da6f2d0549: shutdown LeaderState
2019-07-14 02:45:11,977 INFO  impl.PendingRequests (PendingRequests.java:sendNotLeaderResponses(202)) - ba15a010-51da-4352-84c4-08da6f2d0549-PendingRequests: sendNotLeaderResponses
2019-07-14 02:45:11,978 INFO  impl.StateMachineUpdater (StateMachineUpdater.java:stopAndJoin(115)) - StateMachineUpdater:ba15a010-51da-4352-84c4-08da6f2d0549:group-3791255D92F7: set stopIndex = 0
2019-07-14 02:45:11,978 INFO  ratis.ContainerStateMachine (ContainerStateMachine.java:takeSnapshot(246)) - Taking snapshot at termIndex:(t:0, i:~)
2019-07-14 02:45:11,979 INFO  impl.RaftServerImpl (ServerState.java:close(394)) - ba15a010-51da-4352-84c4-08da6f2d0549:group-3791255D92F7 closes. The last applied log index is 0
2019-07-14 02:45:11,979 INFO  segmented.SegmentedRaftLogWorker (SegmentedRaftLogWorker.java:run(313)) - ba15a010-51da-4352-84c4-08da6f2d0549-SegmentedRaftLogWorker:Storage Directory /tmp/workdir/hadoop-ozone/integration-test/target/test-dir/MiniOzoneClusterImpl-fe579810-8e9f-469f-84e5-6868cd12b3c7/datanode-0/data/ratis/26e53e36-52f3-4a53-8910-3791255d92f7 was interrupted, exiting. There are 0 tasks remaining in the queue.
2019-07-14 02:45:11,979 INFO  segmented.SegmentedRaftLogWorker (SegmentedRaftLogWorker.java:close(228)) - ba15a010-51da-4352-84c4-08da6f2d0549-SegmentedRaftLogWorker:Storage Directory /tmp/workdir/hadoop-ozone/integration-test/target/test-dir/MiniOzoneClusterImpl-fe579810-8e9f-469f-84e5-6868cd12b3c7/datanode-0/data/ratis/26e53e36-52f3-4a53-8910-3791255d92f7 close()
2019-07-14 02:45:11,983 INFO  server.GrpcService (GrpcService.java:closeImpl(155)) - ba15a010-51da-4352-84c4-08da6f2d0549: shutdown server with port 45220 now
2019-07-14 02:45:11,985 INFO  server.GrpcService (GrpcService.java:closeImpl(163)) - ba15a010-51da-4352-84c4-08da6f2d0549: shutdown server with port 45220 successfully
2019-07-14 02:45:11,987 INFO  utils.BackgroundService (BackgroundService.java:shutdown(148)) - Shutting down service BlockDeletingService
2019-07-14 02:45:11,989 INFO  ozoneimpl.OzoneContainer (OzoneContainer.java:stop(199)) - Attempting to stop container services.
2019-07-14 02:45:11,990 WARN  fs.CachingGetSpaceUsed (CachingGetSpaceUsed.java:run(183)) - Thread Interrupted waiting to refresh disk information: sleep interrupted
2019-07-14 02:45:11,990 INFO  impl.RaftServerProxy (RaftServerProxy.java:lambda$close$4(314)) - 242dab13-59e3-47fe-a0e1-d38b83783c72: close
2019-07-14 02:45:11,991 INFO  impl.RaftServerImpl (RaftServerImpl.java:lambda$shutdown$3(245)) - 242dab13-59e3-47fe-a0e1-d38b83783c72: shutdown group-7572DD5E36DA
2019-07-14 02:45:11,991 INFO  util.JmxRegister (JmxRegister.java:unregister(73)) - Successfully un-registered JMX Bean with object name Ratis:service=RaftServer,group=group-7572DD5E36DA,id=242dab13-59e3-47fe-a0e1-d38b83783c72
2019-07-14 02:45:11,992 INFO  impl.RoleInfo (RoleInfo.java:shutdownLeaderState(104)) - 242dab13-59e3-47fe-a0e1-d38b83783c72: shutdown LeaderState
2019-07-14 02:45:11,995 INFO  impl.PendingRequests (PendingRequests.java:sendNotLeaderResponses(202)) - 242dab13-59e3-47fe-a0e1-d38b83783c72-PendingRequests: sendNotLeaderResponses
2019-07-14 02:45:11,995 WARN  server.GrpcLogAppender (GrpcLogAppender.java:mayWait(143)) - GrpcLogAppender(242dab13-59e3-47fe-a0e1-d38b83783c72->d24af681-3959-44cc-8250-d948d0c6ed13): Wait interrupted by java.lang.InterruptedException
2019-07-14 02:45:11,995 WARN  server.GrpcLogAppender (GrpcLogAppender.java:mayWait(143)) - GrpcLogAppender(242dab13-59e3-47fe-a0e1-d38b83783c72->bd6c4a95-4cdb-4174-b847-fd048ae710b0): Wait interrupted by java.lang.InterruptedException
2019-07-14 02:45:12,001 INFO  impl.StateMachineUpdater (StateMachineUpdater.java:stopAndJoin(115)) - StateMachineUpdater:242dab13-59e3-47fe-a0e1-d38b83783c72:group-7572DD5E36DA: set stopIndex = 4
2019-07-14 02:45:12,001 INFO  ratis.ContainerStateMachine (ContainerStateMachine.java:takeSnapshot(246)) - Taking snapshot at termIndex:(t:1, i:4)
2019-07-14 02:45:12,003 INFO  ratis.ContainerStateMachine (ContainerStateMachine.java:takeSnapshot(250)) - Taking a snapshot to file /tmp/workdir/hadoop-ozone/integration-test/target/test-dir/MiniOzoneClusterImpl-fe579810-8e9f-469f-84e5-6868cd12b3c7/datanode-6/data/ratis/7d467864-aa91-49f0-8ec1-7572dd5e36da/sm/snapshot.1_4
2019-07-14 02:45:12,003 INFO  impl.StateMachineUpdater (StateMachineUpdater.java:takeSnapshot(242)) - StateMachineUpdater:242dab13-59e3-47fe-a0e1-d38b83783c72:group-7572DD5E36DA: Took a snapshot at index 4
2019-07-14 02:45:12,003 INFO  impl.StateMachineUpdater (StateMachineUpdater.java:lambda$new$0(80)) - StateMachineUpdater:242dab13-59e3-47fe-a0e1-d38b83783c72:group-7572DD5E36DA: snapshotIndex: updateIncreasingly -1 -> 4
2019-07-14 02:45:12,004 INFO  impl.RaftServerImpl (ServerState.java:close(394)) - 242dab13-59e3-47fe-a0e1-d38b83783c72:group-7572DD5E36DA closes. The last applied log index is 4
2019-07-14 02:45:12,005 INFO  segmented.SegmentedRaftLogWorker (SegmentedRaftLogWorker.java:run(313)) - 242dab13-59e3-47fe-a0e1-d38b83783c72-SegmentedRaftLogWorker:Storage Directory /tmp/workdir/hadoop-ozone/integration-test/target/test-dir/MiniOzoneClusterImpl-fe579810-8e9f-469f-84e5-6868cd12b3c7/datanode-6/data/ratis/7d467864-aa91-49f0-8ec1-7572dd5e36da was interrupted, exiting. There are 0 tasks remaining in the queue.
2019-07-14 02:45:12,005 INFO  segmented.SegmentedRaftLogWorker (SegmentedRaftLogWorker.java:close(228)) - 242dab13-59e3-47fe-a0e1-d38b83783c72-SegmentedRaftLogWorker:Storage Directory /tmp/workdir/hadoop-ozone/integration-test/target/test-dir/MiniOzoneClusterImpl-fe579810-8e9f-469f-84e5-6868cd12b3c7/datanode-6/data/ratis/7d467864-aa91-49f0-8ec1-7572dd5e36da close()
2019-07-14 02:45:12,007 INFO  impl.RaftServerImpl (RaftServerImpl.java:lambda$shutdown$3(245)) - 242dab13-59e3-47fe-a0e1-d38b83783c72: shutdown group-E6AAFC04CAA2
2019-07-14 02:45:12,007 INFO  util.JmxRegister (JmxRegister.java:unregister(73)) - Successfully un-registered JMX Bean with object name Ratis:service=RaftServer,group=group-E6AAFC04CAA2,id=242dab13-59e3-47fe-a0e1-d38b83783c72
2019-07-14 02:45:12,008 INFO  impl.RoleInfo (RoleInfo.java:shutdownLeaderState(104)) - 242dab13-59e3-47fe-a0e1-d38b83783c72: shutdown LeaderState
2019-07-14 02:45:12,008 INFO  impl.PendingRequests (PendingRequests.java:sendNotLeaderResponses(202)) - 242dab13-59e3-47fe-a0e1-d38b83783c72-PendingRequests: sendNotLeaderResponses
2019-07-14 02:45:12,009 INFO  impl.StateMachineUpdater (StateMachineUpdater.java:stopAndJoin(115)) - StateMachineUpdater:242dab13-59e3-47fe-a0e1-d38b83783c72:group-E6AAFC04CAA2: set stopIndex = 0
2019-07-14 02:45:12,009 INFO  ratis.ContainerStateMachine (ContainerStateMachine.java:takeSnapshot(246)) - Taking snapshot at termIndex:(t:0, i:~)
2019-07-14 02:45:12,009 INFO  impl.RaftServerImpl (ServerState.java:close(394)) - 242dab13-59e3-47fe-a0e1-d38b83783c72:group-E6AAFC04CAA2 closes. The last applied log index is 0
2019-07-14 02:45:12,010 INFO  segmented.SegmentedRaftLogWorker (SegmentedRaftLogWorker.java:run(313)) - 242dab13-59e3-47fe-a0e1-d38b83783c72-SegmentedRaftLogWorker:Storage Directory /tmp/workdir/hadoop-ozone/integration-test/target/test-dir/MiniOzoneClusterImpl-fe579810-8e9f-469f-84e5-6868cd12b3c7/datanode-6/data/ratis/d85263ec-fc6d-4d31-bce6-e6aafc04caa2 was interrupted, exiting. There are 0 tasks remaining in the queue.
2019-07-14 02:45:12,010 INFO  segmented.SegmentedRaftLogWorker (SegmentedRaftLogWorker.java:close(228)) - 242dab13-59e3-47fe-a0e1-d38b83783c72-SegmentedRaftLogWorker:Storage Directory /tmp/workdir/hadoop-ozone/integration-test/target/test-dir/MiniOzoneClusterImpl-fe579810-8e9f-469f-84e5-6868cd12b3c7/datanode-6/data/ratis/d85263ec-fc6d-4d31-bce6-e6aafc04caa2 close()
2019-07-14 02:45:12,012 INFO  server.GrpcService (GrpcService.java:closeImpl(155)) - 242dab13-59e3-47fe-a0e1-d38b83783c72: shutdown server with port 37606 now
2019-07-14 02:45:12,014 INFO  server.GrpcService (GrpcService.java:closeImpl(163)) - 242dab13-59e3-47fe-a0e1-d38b83783c72: shutdown server with port 37606 successfully
2019-07-14 02:45:12,015 INFO  utils.BackgroundService (BackgroundService.java:shutdown(148)) - Shutting down service BlockDeletingService
2019-07-14 02:45:12,018 WARN  fs.CachingGetSpaceUsed (CachingGetSpaceUsed.java:run(183)) - Thread Interrupted waiting to refresh disk information: sleep interrupted
2019-07-14 02:45:12,028 INFO  statemachine.DatanodeStateMachine (DatanodeStateMachine.java:stopDaemon(395)) - Ozone container server stopped.
2019-07-14 02:45:12,032 INFO  handler.ContextHandler (ContextHandler.java:doStop(910)) - Stopped o.e.j.w.WebAppContext@37e0292a{/,null,UNAVAILABLE}{/hddsDatanode}
2019-07-14 02:45:12,033 INFO  server.AbstractConnector (AbstractConnector.java:doStop(318)) - Stopped ServerConnector@4af70944{HTTP/1.1,[http/1.1]}{0.0.0.0:0}
2019-07-14 02:45:12,035 INFO  handler.ContextHandler (ContextHandler.java:doStop(910)) - Stopped o.e.j.s.ServletContextHandler@7915bca3{/static,jar:file:/home/user/.m2/repository/org/apache/hadoop/hadoop-hdds-container-service/0.5.0-SNAPSHOT/hadoop-hdds-container-service-0.5.0-SNAPSHOT.jar!/webapps/static,UNAVAILABLE}
2019-07-14 02:45:12,036 INFO  handler.ContextHandler (ContextHandler.java:doStop(910)) - Stopped o.e.j.s.ServletContextHandler@36cc9385{/logs,file:///tmp/workdir/hadoop-ozone/integration-test/target/log,UNAVAILABLE}
2019-07-14 02:45:12,038 INFO  datanode.ObjectStoreHandler (ObjectStoreHandler.java:close(155)) - Closing ObjectStoreHandler.
2019-07-14 02:45:12,038 INFO  ozone.HddsDatanodeService (HddsDatanodeService.java:stop(452)) - Stopped plug-in org.apache.hadoop.ozone.web.OzoneHddsDatanodeService@16f15ae9
2019-07-14 02:45:12,043 INFO  statemachine.DatanodeStateMachine (DatanodeStateMachine.java:stopDaemon(395)) - Ozone container server stopped.
2019-07-14 02:45:12,044 INFO  handler.ContextHandler (ContextHandler.java:doStop(910)) - Stopped o.e.j.w.WebAppContext@418f0534{/,null,UNAVAILABLE}{/hddsDatanode}
2019-07-14 02:45:12,044 INFO  server.AbstractConnector (AbstractConnector.java:doStop(318)) - Stopped ServerConnector@3dfd7eaa{HTTP/1.1,[http/1.1]}{0.0.0.0:0}
2019-07-14 02:45:12,045 INFO  handler.ContextHandler (ContextHandler.java:doStop(910)) - Stopped o.e.j.s.ServletContextHandler@782fd504{/static,jar:file:/home/user/.m2/repository/org/apache/hadoop/hadoop-hdds-container-service/0.5.0-SNAPSHOT/hadoop-hdds-container-service-0.5.0-SNAPSHOT.jar!/webapps/static,UNAVAILABLE}
2019-07-14 02:45:12,045 INFO  handler.ContextHandler (ContextHandler.java:doStop(910)) - Stopped o.e.j.s.ServletContextHandler@6568f998{/logs,file:///tmp/workdir/hadoop-ozone/integration-test/target/log,UNAVAILABLE}
2019-07-14 02:45:12,115 INFO  statemachine.DatanodeStateMachine (DatanodeStateMachine.java:lambda$startDaemon$0(350)) - Ozone container server started.
2019-07-14 02:45:15,801 INFO  impl.FollowerState (FollowerState.java:run(106)) - c5d614ef-dafc-48c4-88f9-7d3a89976db4:group-513D078D8275 changes to CANDIDATE, lastRpcTime:5115, electionTimeout:5114ms
2019-07-14 02:45:15,801 INFO  impl.RoleInfo (RoleInfo.java:shutdownFollowerState(121)) - c5d614ef-dafc-48c4-88f9-7d3a89976db4: shutdown FollowerState
2019-07-14 02:45:15,801 INFO  impl.RaftServerImpl (RaftServerImpl.java:setRole(171)) - c5d614ef-dafc-48c4-88f9-7d3a89976db4:group-513D078D8275 changes role from FOLLOWER to CANDIDATE at term 2 for changeToCandidate
2019-07-14 02:45:15,801 INFO  impl.RoleInfo (RoleInfo.java:updateAndGet(143)) - c5d614ef-dafc-48c4-88f9-7d3a89976db4: start LeaderElection
2019-07-14 02:45:15,819 INFO  impl.LeaderElection (LeaderElection.java:askForVotes(181)) - c5d614ef-dafc-48c4-88f9-7d3a89976db4:group-513D078D8275:LeaderElection15: begin an election at term 3 for 0: [fc824039-8c63-4f10-92c4-37d5470c1424:192.168.157.236:35262, c5d614ef-dafc-48c4-88f9-7d3a89976db4:192.168.157.236:44133, 66b2efc6-514d-46a0-861d-46537d529627:192.168.157.236:34912], old=null
2019-07-14 02:45:15,820 INFO  impl.LeaderElection (LogUtils.java:infoOrTrace(149)) - c5d614ef-dafc-48c4-88f9-7d3a89976db4:group-513D078D8275:LeaderElection15 got exception when requesting votes: {}
java.util.concurrent.ExecutionException: org.apache.ratis.thirdparty.io.grpc.StatusRuntimeException: UNAVAILABLE: io exception
	at java.util.concurrent.FutureTask.report(FutureTask.java:122)
	at java.util.concurrent.FutureTask.get(FutureTask.java:192)
	at org.apache.ratis.server.impl.LeaderElection.waitForResults(LeaderElection.java:262)
	at org.apache.ratis.server.impl.LeaderElection.askForVotes(LeaderElection.java:200)
	at org.apache.ratis.server.impl.LeaderElection.run(LeaderElection.java:130)
	at java.lang.Thread.run(Thread.java:748)
Caused by: org.apache.ratis.thirdparty.io.grpc.StatusRuntimeException: UNAVAILABLE: io exception
	at org.apache.ratis.thirdparty.io.grpc.stub.ClientCalls.toStatusRuntimeException(ClientCalls.java:233)
	at org.apache.ratis.thirdparty.io.grpc.stub.ClientCalls.getUnchecked(ClientCalls.java:214)
	at org.apache.ratis.thirdparty.io.grpc.stub.ClientCalls.blockingUnaryCall(ClientCalls.java:139)
	at org.apache.ratis.proto.grpc.RaftServerProtocolServiceGrpc$RaftServerProtocolServiceBlockingStub.requestVote(RaftServerProtocolServiceGrpc.java:265)
	at org.apache.ratis.grpc.server.GrpcServerProtocolClient.requestVote(GrpcServerProtocolClient.java:83)
	at org.apache.ratis.grpc.server.GrpcService.requestVote(GrpcService.java:195)
	at org.apache.ratis.server.impl.LeaderElection.lambda$submitRequests$1(LeaderElection.java:237)
	at java.util.concurrent.FutureTask.run(FutureTask.java:266)
	at java.util.concurrent.Executors$RunnableAdapter.call(Executors.java:511)
	at java.util.concurrent.FutureTask.run(FutureTask.java:266)
	at java.util.concurrent.ThreadPoolExecutor.runWorker(ThreadPoolExecutor.java:1149)
	at java.util.concurrent.ThreadPoolExecutor$Worker.run(ThreadPoolExecutor.java:624)
	... 1 more
Caused by: org.apache.ratis.thirdparty.io.netty.channel.AbstractChannel$AnnotatedConnectException: Connection refused: /192.168.157.236:35262
	at sun.nio.ch.SocketChannelImpl.checkConnect(Native Method)
	at sun.nio.ch.SocketChannelImpl.finishConnect(SocketChannelImpl.java:717)
	at org.apache.ratis.thirdparty.io.netty.channel.socket.nio.NioSocketChannel.doFinishConnect(NioSocketChannel.java:327)
	at org.apache.ratis.thirdparty.io.netty.channel.nio.AbstractNioChannel$AbstractNioUnsafe.finishConnect(AbstractNioChannel.java:340)
	at org.apache.ratis.thirdparty.io.netty.channel.nio.NioEventLoop.processSelectedKey(NioEventLoop.java:632)
	at org.apache.ratis.thirdparty.io.netty.channel.nio.NioEventLoop.processSelectedKeysOptimized(NioEventLoop.java:579)
	at org.apache.ratis.thirdparty.io.netty.channel.nio.NioEventLoop.processSelectedKeys(NioEventLoop.java:496)
	at org.apache.ratis.thirdparty.io.netty.channel.nio.NioEventLoop.run(NioEventLoop.java:458)
	at org.apache.ratis.thirdparty.io.netty.util.concurrent.SingleThreadEventExecutor$5.run(SingleThreadEventExecutor.java:897)
	at org.apache.ratis.thirdparty.io.netty.util.concurrent.FastThreadLocalRunnable.run(FastThreadLocalRunnable.java:30)
	... 1 more
Caused by: java.net.ConnectException: Connection refused
	... 11 more
2019-07-14 02:45:15,823 INFO  impl.LeaderElection (LogUtils.java:infoOrTrace(149)) - c5d614ef-dafc-48c4-88f9-7d3a89976db4:group-513D078D8275:LeaderElection15 got exception when requesting votes: {}
java.util.concurrent.ExecutionException: org.apache.ratis.thirdparty.io.grpc.StatusRuntimeException: UNAVAILABLE: io exception
	at java.util.concurrent.FutureTask.report(FutureTask.java:122)
	at java.util.concurrent.FutureTask.get(FutureTask.java:192)
	at org.apache.ratis.server.impl.LeaderElection.waitForResults(LeaderElection.java:262)
	at org.apache.ratis.server.impl.LeaderElection.askForVotes(LeaderElection.java:200)
	at org.apache.ratis.server.impl.LeaderElection.run(LeaderElection.java:130)
	at java.lang.Thread.run(Thread.java:748)
Caused by: org.apache.ratis.thirdparty.io.grpc.StatusRuntimeException: UNAVAILABLE: io exception
	at org.apache.ratis.thirdparty.io.grpc.stub.ClientCalls.toStatusRuntimeException(ClientCalls.java:233)
	at org.apache.ratis.thirdparty.io.grpc.stub.ClientCalls.getUnchecked(ClientCalls.java:214)
	at org.apache.ratis.thirdparty.io.grpc.stub.ClientCalls.blockingUnaryCall(ClientCalls.java:139)
	at org.apache.ratis.proto.grpc.RaftServerProtocolServiceGrpc$RaftServerProtocolServiceBlockingStub.requestVote(RaftServerProtocolServiceGrpc.java:265)
	at org.apache.ratis.grpc.server.GrpcServerProtocolClient.requestVote(GrpcServerProtocolClient.java:83)
	at org.apache.ratis.grpc.server.GrpcService.requestVote(GrpcService.java:195)
	at org.apache.ratis.server.impl.LeaderElection.lambda$submitRequests$1(LeaderElection.java:237)
	at java.util.concurrent.FutureTask.run(FutureTask.java:266)
	at java.util.concurrent.Executors$RunnableAdapter.call(Executors.java:511)
	at java.util.concurrent.FutureTask.run(FutureTask.java:266)
	at java.util.concurrent.ThreadPoolExecutor.runWorker(ThreadPoolExecutor.java:1149)
	at java.util.concurrent.ThreadPoolExecutor$Worker.run(ThreadPoolExecutor.java:624)
	... 1 more
Caused by: org.apache.ratis.thirdparty.io.netty.channel.AbstractChannel$AnnotatedConnectException: Connection refused: /192.168.157.236:34912
	at sun.nio.ch.SocketChannelImpl.checkConnect(Native Method)
	at sun.nio.ch.SocketChannelImpl.finishConnect(SocketChannelImpl.java:717)
	at org.apache.ratis.thirdparty.io.netty.channel.socket.nio.NioSocketChannel.doFinishConnect(NioSocketChannel.java:327)
	at org.apache.ratis.thirdparty.io.netty.channel.nio.AbstractNioChannel$AbstractNioUnsafe.finishConnect(AbstractNioChannel.java:340)
	at org.apache.ratis.thirdparty.io.netty.channel.nio.NioEventLoop.processSelectedKey(NioEventLoop.java:632)
	at org.apache.ratis.thirdparty.io.netty.channel.nio.NioEventLoop.processSelectedKeysOptimized(NioEventLoop.java:579)
	at org.apache.ratis.thirdparty.io.netty.channel.nio.NioEventLoop.processSelectedKeys(NioEventLoop.java:496)
	at org.apache.ratis.thirdparty.io.netty.channel.nio.NioEventLoop.run(NioEventLoop.java:458)
	at org.apache.ratis.thirdparty.io.netty.util.concurrent.SingleThreadEventExecutor$5.run(SingleThreadEventExecutor.java:897)
	at org.apache.ratis.thirdparty.io.netty.util.concurrent.FastThreadLocalRunnable.run(FastThreadLocalRunnable.java:30)
	... 1 more
Caused by: java.net.ConnectException: Connection refused
	... 11 more
2019-07-14 02:45:15,824 INFO  impl.LeaderElection (LeaderElection.java:logAndReturn(56)) - c5d614ef-dafc-48c4-88f9-7d3a89976db4:group-513D078D8275:LeaderElection15: Election REJECTED; received 0 response(s) [] and 2 exception(s); c5d614ef-dafc-48c4-88f9-7d3a89976db4:t3, leader=null, voted=c5d614ef-dafc-48c4-88f9-7d3a89976db4, raftlog=c5d614ef-dafc-48c4-88f9-7d3a89976db4-SegmentedRaftLog:OPENED:c0,f0,i0, conf=0: [fc824039-8c63-4f10-92c4-37d5470c1424:192.168.157.236:35262, c5d614ef-dafc-48c4-88f9-7d3a89976db4:192.168.157.236:44133, 66b2efc6-514d-46a0-861d-46537d529627:192.168.157.236:34912], old=null
2019-07-14 02:45:15,825 INFO  impl.LeaderElection (LogUtils.java:infoOrTrace(149)) -   Exception 0: {}
java.util.concurrent.ExecutionException: org.apache.ratis.thirdparty.io.grpc.StatusRuntimeException: UNAVAILABLE: io exception
	at java.util.concurrent.FutureTask.report(FutureTask.java:122)
	at java.util.concurrent.FutureTask.get(FutureTask.java:192)
	at org.apache.ratis.server.impl.LeaderElection.waitForResults(LeaderElection.java:262)
	at org.apache.ratis.server.impl.LeaderElection.askForVotes(LeaderElection.java:200)
	at org.apache.ratis.server.impl.LeaderElection.run(LeaderElection.java:130)
	at java.lang.Thread.run(Thread.java:748)
Caused by: org.apache.ratis.thirdparty.io.grpc.StatusRuntimeException: UNAVAILABLE: io exception
	at org.apache.ratis.thirdparty.io.grpc.stub.ClientCalls.toStatusRuntimeException(ClientCalls.java:233)
	at org.apache.ratis.thirdparty.io.grpc.stub.ClientCalls.getUnchecked(ClientCalls.java:214)
	at org.apache.ratis.thirdparty.io.grpc.stub.ClientCalls.blockingUnaryCall(ClientCalls.java:139)
	at org.apache.ratis.proto.grpc.RaftServerProtocolServiceGrpc$RaftServerProtocolServiceBlockingStub.requestVote(RaftServerProtocolServiceGrpc.java:265)
	at org.apache.ratis.grpc.server.GrpcServerProtocolClient.requestVote(GrpcServerProtocolClient.java:83)
	at org.apache.ratis.grpc.server.GrpcService.requestVote(GrpcService.java:195)
	at org.apache.ratis.server.impl.LeaderElection.lambda$submitRequests$1(LeaderElection.java:237)
	at java.util.concurrent.FutureTask.run(FutureTask.java:266)
	at java.util.concurrent.Executors$RunnableAdapter.call(Executors.java:511)
	at java.util.concurrent.FutureTask.run(FutureTask.java:266)
	at java.util.concurrent.ThreadPoolExecutor.runWorker(ThreadPoolExecutor.java:1149)
	at java.util.concurrent.ThreadPoolExecutor$Worker.run(ThreadPoolExecutor.java:624)
	... 1 more
Caused by: org.apache.ratis.thirdparty.io.netty.channel.AbstractChannel$AnnotatedConnectException: Connection refused: /192.168.157.236:35262
	at sun.nio.ch.SocketChannelImpl.checkConnect(Native Method)
	at sun.nio.ch.SocketChannelImpl.finishConnect(SocketChannelImpl.java:717)
	at org.apache.ratis.thirdparty.io.netty.channel.socket.nio.NioSocketChannel.doFinishConnect(NioSocketChannel.java:327)
	at org.apache.ratis.thirdparty.io.netty.channel.nio.AbstractNioChannel$AbstractNioUnsafe.finishConnect(AbstractNioChannel.java:340)
	at org.apache.ratis.thirdparty.io.netty.channel.nio.NioEventLoop.processSelectedKey(NioEventLoop.java:632)
	at org.apache.ratis.thirdparty.io.netty.channel.nio.NioEventLoop.processSelectedKeysOptimized(NioEventLoop.java:579)
	at org.apache.ratis.thirdparty.io.netty.channel.nio.NioEventLoop.processSelectedKeys(NioEventLoop.java:496)
	at org.apache.ratis.thirdparty.io.netty.channel.nio.NioEventLoop.run(NioEventLoop.java:458)
	at org.apache.ratis.thirdparty.io.netty.util.concurrent.SingleThreadEventExecutor$5.run(SingleThreadEventExecutor.java:897)
	at org.apache.ratis.thirdparty.io.netty.util.concurrent.FastThreadLocalRunnable.run(FastThreadLocalRunnable.java:30)
	... 1 more
Caused by: java.net.ConnectException: Connection refused
	... 11 more
2019-07-14 02:45:15,825 INFO  impl.LeaderElection (LogUtils.java:infoOrTrace(149)) -   Exception 1: {}
java.util.concurrent.ExecutionException: org.apache.ratis.thirdparty.io.grpc.StatusRuntimeException: UNAVAILABLE: io exception
	at java.util.concurrent.FutureTask.report(FutureTask.java:122)
	at java.util.concurrent.FutureTask.get(FutureTask.java:192)
	at org.apache.ratis.server.impl.LeaderElection.waitForResults(LeaderElection.java:262)
	at org.apache.ratis.server.impl.LeaderElection.askForVotes(LeaderElection.java:200)
	at org.apache.ratis.server.impl.LeaderElection.run(LeaderElection.java:130)
	at java.lang.Thread.run(Thread.java:748)
Caused by: org.apache.ratis.thirdparty.io.grpc.StatusRuntimeException: UNAVAILABLE: io exception
	at org.apache.ratis.thirdparty.io.grpc.stub.ClientCalls.toStatusRuntimeException(ClientCalls.java:233)
	at org.apache.ratis.thirdparty.io.grpc.stub.ClientCalls.getUnchecked(ClientCalls.java:214)
	at org.apache.ratis.thirdparty.io.grpc.stub.ClientCalls.blockingUnaryCall(ClientCalls.java:139)
	at org.apache.ratis.proto.grpc.RaftServerProtocolServiceGrpc$RaftServerProtocolServiceBlockingStub.requestVote(RaftServerProtocolServiceGrpc.java:265)
	at org.apache.ratis.grpc.server.GrpcServerProtocolClient.requestVote(GrpcServerProtocolClient.java:83)
	at org.apache.ratis.grpc.server.GrpcService.requestVote(GrpcService.java:195)
	at org.apache.ratis.server.impl.LeaderElection.lambda$submitRequests$1(LeaderElection.java:237)
	at java.util.concurrent.FutureTask.run(FutureTask.java:266)
	at java.util.concurrent.Executors$RunnableAdapter.call(Executors.java:511)
	at java.util.concurrent.FutureTask.run(FutureTask.java:266)
	at java.util.concurrent.ThreadPoolExecutor.runWorker(ThreadPoolExecutor.java:1149)
	at java.util.concurrent.ThreadPoolExecutor$Worker.run(ThreadPoolExecutor.java:624)
	... 1 more
Caused by: org.apache.ratis.thirdparty.io.netty.channel.AbstractChannel$AnnotatedConnectException: Connection refused: /192.168.157.236:34912
	at sun.nio.ch.SocketChannelImpl.checkConnect(Native Method)
	at sun.nio.ch.SocketChannelImpl.finishConnect(SocketChannelImpl.java:717)
	at org.apache.ratis.thirdparty.io.netty.channel.socket.nio.NioSocketChannel.doFinishConnect(NioSocketChannel.java:327)
	at org.apache.ratis.thirdparty.io.netty.channel.nio.AbstractNioChannel$AbstractNioUnsafe.finishConnect(AbstractNioChannel.java:340)
	at org.apache.ratis.thirdparty.io.netty.channel.nio.NioEventLoop.processSelectedKey(NioEventLoop.java:632)
	at org.apache.ratis.thirdparty.io.netty.channel.nio.NioEventLoop.processSelectedKeysOptimized(NioEventLoop.java:579)
	at org.apache.ratis.thirdparty.io.netty.channel.nio.NioEventLoop.processSelectedKeys(NioEventLoop.java:496)
	at org.apache.ratis.thirdparty.io.netty.channel.nio.NioEventLoop.run(NioEventLoop.java:458)
	at org.apache.ratis.thirdparty.io.netty.util.concurrent.SingleThreadEventExecutor$5.run(SingleThreadEventExecutor.java:897)
	at org.apache.ratis.thirdparty.io.netty.util.concurrent.FastThreadLocalRunnable.run(FastThreadLocalRunnable.java:30)
	... 1 more
Caused by: java.net.ConnectException: Connection refused
	... 11 more
2019-07-14 02:45:15,826 INFO  impl.RaftServerImpl (RaftServerImpl.java:setRole(171)) - c5d614ef-dafc-48c4-88f9-7d3a89976db4:group-513D078D8275 changes role from CANDIDATE to FOLLOWER at term 3 for DISCOVERED_A_NEW_TERM
2019-07-14 02:45:15,827 INFO  impl.RoleInfo (RoleInfo.java:shutdownLeaderElection(134)) - c5d614ef-dafc-48c4-88f9-7d3a89976db4: shutdown LeaderElection
2019-07-14 02:45:15,828 INFO  impl.RoleInfo (RoleInfo.java:updateAndGet(143)) - c5d614ef-dafc-48c4-88f9-7d3a89976db4: start FollowerState
2019-07-14 02:45:17,039 INFO  ozoneimpl.OzoneContainer (OzoneContainer.java:stop(199)) - Attempting to stop container services.
2019-07-14 02:45:17,040 INFO  impl.RaftServerProxy (RaftServerProxy.java:lambda$close$4(314)) - c5d614ef-dafc-48c4-88f9-7d3a89976db4: close
2019-07-14 02:45:17,040 INFO  impl.RaftServerImpl (RaftServerImpl.java:lambda$shutdown$3(245)) - c5d614ef-dafc-48c4-88f9-7d3a89976db4: shutdown group-F2468BD22321
2019-07-14 02:45:17,040 INFO  util.JmxRegister (JmxRegister.java:unregister(73)) - Successfully un-registered JMX Bean with object name Ratis:service=RaftServer,group=group-F2468BD22321,id=c5d614ef-dafc-48c4-88f9-7d3a89976db4
2019-07-14 02:45:17,041 INFO  impl.RoleInfo (RoleInfo.java:shutdownLeaderState(104)) - c5d614ef-dafc-48c4-88f9-7d3a89976db4: shutdown LeaderState
2019-07-14 02:45:17,041 INFO  impl.PendingRequests (PendingRequests.java:sendNotLeaderResponses(202)) - c5d614ef-dafc-48c4-88f9-7d3a89976db4-PendingRequests: sendNotLeaderResponses
2019-07-14 02:45:17,042 INFO  impl.StateMachineUpdater (StateMachineUpdater.java:stopAndJoin(115)) - StateMachineUpdater:c5d614ef-dafc-48c4-88f9-7d3a89976db4:group-F2468BD22321: set stopIndex = 0
2019-07-14 02:45:17,042 INFO  ratis.ContainerStateMachine (ContainerStateMachine.java:takeSnapshot(246)) - Taking snapshot at termIndex:(t:0, i:~)
2019-07-14 02:45:17,042 INFO  impl.RaftServerImpl (ServerState.java:close(394)) - c5d614ef-dafc-48c4-88f9-7d3a89976db4:group-F2468BD22321 closes. The last applied log index is 0
2019-07-14 02:45:17,043 INFO  segmented.SegmentedRaftLogWorker (SegmentedRaftLogWorker.java:run(313)) - c5d614ef-dafc-48c4-88f9-7d3a89976db4-SegmentedRaftLogWorker:Storage Directory /tmp/workdir/hadoop-ozone/integration-test/target/test-dir/MiniOzoneClusterImpl-fe579810-8e9f-469f-84e5-6868cd12b3c7/datanode-5/data/ratis/36a7a228-70f4-49bb-bea9-f2468bd22321 was interrupted, exiting. There are 0 tasks remaining in the queue.
2019-07-14 02:45:17,043 INFO  segmented.SegmentedRaftLogWorker (SegmentedRaftLogWorker.java:close(228)) - c5d614ef-dafc-48c4-88f9-7d3a89976db4-SegmentedRaftLogWorker:Storage Directory /tmp/workdir/hadoop-ozone/integration-test/target/test-dir/MiniOzoneClusterImpl-fe579810-8e9f-469f-84e5-6868cd12b3c7/datanode-5/data/ratis/36a7a228-70f4-49bb-bea9-f2468bd22321 close()
2019-07-14 02:45:17,045 INFO  impl.RaftServerImpl (RaftServerImpl.java:lambda$shutdown$3(245)) - c5d614ef-dafc-48c4-88f9-7d3a89976db4: shutdown group-513D078D8275
2019-07-14 02:45:17,046 INFO  util.JmxRegister (JmxRegister.java:unregister(73)) - Successfully un-registered JMX Bean with object name Ratis:service=RaftServer,group=group-513D078D8275,id=c5d614ef-dafc-48c4-88f9-7d3a89976db4
2019-07-14 02:45:17,046 INFO  impl.RoleInfo (RoleInfo.java:shutdownFollowerState(121)) - c5d614ef-dafc-48c4-88f9-7d3a89976db4: shutdown FollowerState
2019-07-14 02:45:17,046 INFO  impl.StateMachineUpdater (StateMachineUpdater.java:stopAndJoin(115)) - StateMachineUpdater:c5d614ef-dafc-48c4-88f9-7d3a89976db4:group-513D078D8275: set stopIndex = 0
2019-07-14 02:45:17,046 INFO  impl.FollowerState (FollowerState.java:run(114)) - c5d614ef-dafc-48c4-88f9-7d3a89976db4: FollowerState was interrupted: java.lang.InterruptedException: sleep interrupted
2019-07-14 02:45:17,047 INFO  ratis.ContainerStateMachine (ContainerStateMachine.java:takeSnapshot(246)) - Taking snapshot at termIndex:(t:0, i:~)
2019-07-14 02:45:17,048 INFO  impl.RaftServerImpl (ServerState.java:close(394)) - c5d614ef-dafc-48c4-88f9-7d3a89976db4:group-513D078D8275 closes. The last applied log index is 0
2019-07-14 02:45:17,048 INFO  segmented.SegmentedRaftLogWorker (SegmentedRaftLogWorker.java:run(313)) - c5d614ef-dafc-48c4-88f9-7d3a89976db4-SegmentedRaftLogWorker:Storage Directory /tmp/workdir/hadoop-ozone/integration-test/target/test-dir/MiniOzoneClusterImpl-fe579810-8e9f-469f-84e5-6868cd12b3c7/datanode-5/data/ratis/771bcbde-3c38-4835-9441-513d078d8275 was interrupted, exiting. There are 0 tasks remaining in the queue.
2019-07-14 02:45:17,049 INFO  segmented.SegmentedRaftLogWorker (SegmentedRaftLogWorker.java:close(228)) - c5d614ef-dafc-48c4-88f9-7d3a89976db4-SegmentedRaftLogWorker:Storage Directory /tmp/workdir/hadoop-ozone/integration-test/target/test-dir/MiniOzoneClusterImpl-fe579810-8e9f-469f-84e5-6868cd12b3c7/datanode-5/data/ratis/771bcbde-3c38-4835-9441-513d078d8275 close()
2019-07-14 02:45:17,050 INFO  server.GrpcService (GrpcService.java:closeImpl(155)) - c5d614ef-dafc-48c4-88f9-7d3a89976db4: shutdown server with port 44133 now
2019-07-14 02:45:17,053 INFO  server.GrpcService (GrpcService.java:closeImpl(163)) - c5d614ef-dafc-48c4-88f9-7d3a89976db4: shutdown server with port 44133 successfully
2019-07-14 02:45:17,057 INFO  utils.BackgroundService (BackgroundService.java:shutdown(148)) - Shutting down service BlockDeletingService
2019-07-14 02:45:17,060 WARN  fs.CachingGetSpaceUsed (CachingGetSpaceUsed.java:run(183)) - Thread Interrupted waiting to refresh disk information: sleep interrupted
2019-07-14 02:45:17,081 INFO  statemachine.DatanodeStateMachine (DatanodeStateMachine.java:stopDaemon(395)) - Ozone container server stopped.
2019-07-14 02:45:17,084 INFO  handler.ContextHandler (ContextHandler.java:doStop(910)) - Stopped o.e.j.w.WebAppContext@561f9d92{/,null,UNAVAILABLE}{/hddsDatanode}
2019-07-14 02:45:17,086 INFO  server.AbstractConnector (AbstractConnector.java:doStop(318)) - Stopped ServerConnector@1c84d80a{HTTP/1.1,[http/1.1]}{0.0.0.0:0}
2019-07-14 02:45:17,087 INFO  handler.ContextHandler (ContextHandler.java:doStop(910)) - Stopped o.e.j.s.ServletContextHandler@2d4a3e13{/static,jar:file:/home/user/.m2/repository/org/apache/hadoop/hadoop-hdds-container-service/0.5.0-SNAPSHOT/hadoop-hdds-container-service-0.5.0-SNAPSHOT.jar!/webapps/static,UNAVAILABLE}
2019-07-14 02:45:17,089 INFO  handler.ContextHandler (ContextHandler.java:doStop(910)) - Stopped o.e.j.s.ServletContextHandler@6885ed19{/logs,file:///tmp/workdir/hadoop-ozone/integration-test/target/log,UNAVAILABLE}
2019-07-14 02:45:17,090 INFO  ozone.MiniOzoneClusterImpl (MiniOzoneClusterImpl.java:stop(353)) - Stopping the StorageContainerManager
2019-07-14 02:45:17,090 INFO  server.StorageContainerManager (StorageContainerManager.java:stop(796)) - Stopping Replication Manager Service.
2019-07-14 02:45:17,091 INFO  container.ReplicationManager (ReplicationManager.java:stop(187)) - Stopping Replication Monitor Thread.
2019-07-14 02:45:17,091 INFO  server.StorageContainerManager (StorageContainerManager.java:stop(803)) - Stopping Lease Manager of the command watchers
2019-07-14 02:45:17,091 INFO  server.StorageContainerManager (StorageContainerManager.java:stop(810)) - Stopping datanode service RPC server
2019-07-14 02:45:17,091 INFO  server.SCMDatanodeProtocolServer (SCMDatanodeProtocolServer.java:stop(375)) - Stopping the RPC server for DataNodes
2019-07-14 02:45:17,092 INFO  ipc.Server (Server.java:stop(3082)) - Stopping server on 44268
2019-07-14 02:45:17,096 INFO  ipc.Server (Server.java:run(1185)) - Stopping IPC Server listener on 44268
2019-07-14 02:45:17,096 INFO  ipc.Server (Server.java:run(1319)) - Stopping IPC Server Responder
2019-07-14 02:45:17,146 WARN  node.NodeStateManager (NodeStateManager.java:scheduleNextHealthCheck(631)) - Current Thread is interrupted, shutting down HB processing thread for Node Manager.
2019-07-14 02:45:17,146 INFO  server.StorageContainerManager (StorageContainerManager.java:stop(818)) - Stopping block service RPC server
2019-07-14 02:45:17,147 INFO  server.SCMBlockProtocolServer (SCMBlockProtocolServer.java:stop(148)) - Stopping the RPC server for Block Protocol
2019-07-14 02:45:17,147 INFO  ipc.Server (Server.java:stop(3082)) - Stopping server on 42699
2019-07-14 02:45:17,148 INFO  ipc.Server (Server.java:run(1185)) - Stopping IPC Server listener on 42699
2019-07-14 02:45:17,148 INFO  server.StorageContainerManager (StorageContainerManager.java:stop(825)) - Stopping the StorageContainerLocationProtocol RPC server
2019-07-14 02:45:17,148 INFO  server.SCMClientProtocolServer (SCMClientProtocolServer.java:stop(157)) - Stopping the RPC server for Client Protocol
2019-07-14 02:45:17,149 INFO  ipc.Server (Server.java:stop(3082)) - Stopping server on 46209
2019-07-14 02:45:17,152 INFO  ipc.Server (Server.java:run(1185)) - Stopping IPC Server listener on 46209
2019-07-14 02:45:17,152 INFO  server.StorageContainerManager (StorageContainerManager.java:stop(832)) - Stopping Storage Container Manager HTTP server.
2019-07-14 02:45:17,153 INFO  handler.ContextHandler (ContextHandler.java:doStop(910)) - Stopped o.e.j.w.WebAppContext@6fff253c{/,null,UNAVAILABLE}{/scm}
2019-07-14 02:45:17,153 INFO  ipc.Server (Server.java:run(1319)) - Stopping IPC Server Responder
2019-07-14 02:45:17,156 INFO  ipc.Server (Server.java:run(1319)) - Stopping IPC Server Responder
2019-07-14 02:45:17,156 INFO  server.AbstractConnector (AbstractConnector.java:doStop(318)) - Stopped ServerConnector@7c041b41{HTTP/1.1,[http/1.1]}{0.0.0.0:0}
2019-07-14 02:45:17,157 INFO  handler.ContextHandler (ContextHandler.java:doStop(910)) - Stopped o.e.j.s.ServletContextHandler@4dd02341{/static,file:///tmp/workdir/hadoop-ozone/integration-test/target/test-classes/webapps/static,UNAVAILABLE}
2019-07-14 02:45:17,157 INFO  handler.ContextHandler (ContextHandler.java:doStop(910)) - Stopped o.e.j.s.ServletContextHandler@635572a7{/logs,file:///tmp/workdir/hadoop-ozone/integration-test/target/log,UNAVAILABLE}
2019-07-14 02:45:17,159 INFO  server.StorageContainerManager (StorageContainerManager.java:stop(843)) - Stopping Block Manager Service.
2019-07-14 02:45:17,160 INFO  utils.BackgroundService (BackgroundService.java:shutdown(148)) - Shutting down service SCMBlockDeletingService
2019-07-14 02:45:17,160 INFO  utils.BackgroundService (BackgroundService.java:shutdown(148)) - Shutting down service SCMBlockDeletingService
2019-07-14 02:45:17,161 INFO  server.StorageContainerManager (StorageContainerManager.java:stop(865)) - Stopping SCM Event Queue.
2019-07-14 02:45:17,168 INFO  impl.MetricsSystemImpl (MetricsSystemImpl.java:stop(210)) - Stopping HddsDatanode metrics system...
2019-07-14 02:45:17,179 INFO  impl.MetricsSystemImpl (MetricsSystemImpl.java:stop(216)) - HddsDatanode metrics system stopped.
]]></system-out>
    <system-err><![CDATA[ERROR StatusLogger No Log4j 2 configuration file found. Using default configuration (logging only errors to the console), or user programmatically provided configurations. Set system property 'log4j2.debug' to show Log4j 2 internal initialization logging. See https://logging.apache.org/log4j/2.x/manual/configuration.html for instructions on how to configure Log4j 2
Jul 14, 2019 2:44:33 AM com.sun.jersey.server.impl.application.WebApplicationImpl _initiate
INFO: Initiating Jersey application, version 'Jersey: 1.19 02/11/2015 03:25 AM'
Jul 14, 2019 2:44:33 AM com.sun.jersey.server.impl.application.WebApplicationImpl _initiate
INFO: Initiating Jersey application, version 'Jersey: 1.19 02/11/2015 03:25 AM'
Jul 14, 2019 2:44:34 AM com.sun.jersey.server.impl.application.WebApplicationImpl _initiate
INFO: Initiating Jersey application, version 'Jersey: 1.19 02/11/2015 03:25 AM'
Jul 14, 2019 2:44:34 AM com.sun.jersey.server.impl.application.WebApplicationImpl _initiate
INFO: Initiating Jersey application, version 'Jersey: 1.19 02/11/2015 03:25 AM'
Jul 14, 2019 2:44:34 AM com.sun.jersey.server.impl.application.WebApplicationImpl _initiate
INFO: Initiating Jersey application, version 'Jersey: 1.19 02/11/2015 03:25 AM'
Jul 14, 2019 2:44:34 AM com.sun.jersey.server.impl.application.WebApplicationImpl _initiate
INFO: Initiating Jersey application, version 'Jersey: 1.19 02/11/2015 03:25 AM'
Jul 14, 2019 2:44:35 AM com.sun.jersey.server.impl.application.WebApplicationImpl _initiate
INFO: Initiating Jersey application, version 'Jersey: 1.19 02/11/2015 03:25 AM'
]]></system-err>
  </testcase>
  <testcase name="testMaxRetriesByOzoneClient" classname="org.apache.hadoop.ozone.client.rpc.TestOzoneClientRetriesOnException" time="35.12"/>
</testsuite>