<?xml version="1.0" encoding="UTF-8"?>
<testsuite xmlns:xsi="http://www.w3.org/2001/XMLSchema-instance" xsi:noNamespaceSchemaLocation="https://maven.apache.org/surefire/maven-surefire-plugin/xsd/surefire-test-report.xsd" name="org.apache.hadoop.ozone.client.rpc.TestCloseContainerHandlingByClient" time="60.383" tests="8" errors="6" skipped="1" failures="0">
  <properties>
    <property name="awt.toolkit" value="sun.awt.X11.XToolkit"/>
    <property name="file.encoding.pkg" value="sun.io"/>
    <property name="java.specification.version" value="1.8"/>
    <property name="sun.cpu.isalist" value=""/>
    <property name="sun.jnu.encoding" value="UTF-8"/>
    <property name="java.class.path" value="/tmp/workdir/hadoop-ozone/integration-test/target/test-classes:/tmp/workdir/hadoop-ozone/integration-test/target/classes:/home/user/.m2/repository/org/apache/hadoop/hadoop-ozone-common/0.5.0-SNAPSHOT/hadoop-ozone-common-0.5.0-SNAPSHOT.jar:/home/user/.m2/repository/org/apache/commons/commons-compress/1.4.1/commons-compress-1.4.1.jar:/home/user/.m2/repository/org/tukaani/xz/1.0/xz-1.0.jar:/home/user/.m2/repository/org/apache/hadoop/hadoop-common/3.2.0/hadoop-common-3.2.0.jar:/home/user/.m2/repository/org/apache/hadoop/hadoop-hdfs/3.2.0/hadoop-hdfs-3.2.0.jar:/home/user/.m2/repository/org/apache/hadoop/hadoop-hdfs-client/3.2.0/hadoop-hdfs-client-3.2.0.jar:/home/user/.m2/repository/com/fasterxml/jackson/core/jackson-annotations/2.9.5/jackson-annotations-2.9.5.jar:/home/user/.m2/repository/org/apache/hadoop/hadoop-hdds-common/0.5.0-SNAPSHOT/hadoop-hdds-common-0.5.0-SNAPSHOT.jar:/home/user/.m2/repository/javax/annotation/javax.annotation-api/1.2/javax.annotation-api-1.2.jar:/home/user/.m2/repository/org/apache/ratis/ratis-server/0.4.0-2337318-SNAPSHOT/ratis-server-0.4.0-2337318-SNAPSHOT.jar:/home/user/.m2/repository/org/apache/ratis/ratis-thirdparty-misc/0.2.0/ratis-thirdparty-misc-0.2.0.jar:/home/user/.m2/repository/org/apache/ratis/ratis-proto/0.4.0-2337318-SNAPSHOT/ratis-proto-0.4.0-2337318-SNAPSHOT.jar:/home/user/.m2/repository/org/apache/ratis/ratis-common/0.4.0-2337318-SNAPSHOT/ratis-common-0.4.0-2337318-SNAPSHOT.jar:/home/user/.m2/repository/org/apache/ratis/ratis-client/0.4.0-2337318-SNAPSHOT/ratis-client-0.4.0-2337318-SNAPSHOT.jar:/home/user/.m2/repository/org/apache/ratis/ratis-metrics/0.4.0-2337318-SNAPSHOT/ratis-metrics-0.4.0-2337318-SNAPSHOT.jar:/home/user/.m2/repository/org/apache/ratis/ratis-netty/0.4.0-2337318-SNAPSHOT/ratis-netty-0.4.0-2337318-SNAPSHOT.jar:/home/user/.m2/repository/org/apache/ratis/ratis-grpc/0.4.0-2337318-SNAPSHOT/ratis-grpc-0.4.0-2337318-SNAPSHOT.jar:/home/user/.m2/repository/org/rocksdb/rocksdbjni/6.0.1/rocksdbjni-6.0.1.jar:/home/user/.m2/repository/org/apache/logging/log4j/log4j-api/2.11.0/log4j-api-2.11.0.jar:/home/user/.m2/repository/org/apache/logging/log4j/log4j-core/2.11.0/log4j-core-2.11.0.jar:/home/user/.m2/repository/com/lmax/disruptor/3.4.2/disruptor-3.4.2.jar:/home/user/.m2/repository/org/apache/commons/commons-pool2/2.6.0/commons-pool2-2.6.0.jar:/home/user/.m2/repository/org/bouncycastle/bcpkix-jdk15on/1.60/bcpkix-jdk15on-1.60.jar:/home/user/.m2/repository/commons-validator/commons-validator/1.6/commons-validator-1.6.jar:/home/user/.m2/repository/commons-digester/commons-digester/1.8.1/commons-digester-1.8.1.jar:/home/user/.m2/repository/io/jaegertracing/jaeger-client/0.33.1/jaeger-client-0.33.1.jar:/home/user/.m2/repository/io/jaegertracing/jaeger-thrift/0.33.1/jaeger-thrift-0.33.1.jar:/home/user/.m2/repository/org/apache/thrift/libthrift/0.11.0/libthrift-0.11.0.jar:/home/user/.m2/repository/com/squareup/okhttp3/okhttp/3.9.0/okhttp-3.9.0.jar:/home/user/.m2/repository/com/squareup/okio/okio/1.13.0/okio-1.13.0.jar:/home/user/.m2/repository/io/jaegertracing/jaeger-core/0.33.1/jaeger-core-0.33.1.jar:/home/user/.m2/repository/io/jaegertracing/jaeger-tracerresolver/0.33.1/jaeger-tracerresolver-0.33.1.jar:/home/user/.m2/repository/io/opentracing/contrib/opentracing-tracerresolver/0.1.5/opentracing-tracerresolver-0.1.5.jar:/home/user/.m2/repository/io/opentracing/opentracing-util/0.31.0/opentracing-util-0.31.0.jar:/home/user/.m2/repository/io/opentracing/opentracing-api/0.31.0/opentracing-api-0.31.0.jar:/home/user/.m2/repository/io/opentracing/opentracing-noop/0.31.0/opentracing-noop-0.31.0.jar:/home/user/.m2/repository/org/apache/hadoop/hadoop-hdds-server-framework/0.5.0-SNAPSHOT/hadoop-hdds-server-framework-0.5.0-SNAPSHOT.jar:/home/user/.m2/repository/org/apache/hadoop/hadoop-hdds-container-service/0.5.0-SNAPSHOT/hadoop-hdds-container-service-0.5.0-SNAPSHOT.jar:/home/user/.m2/repository/org/apache/hadoop/hadoop-hdds-client/0.5.0-SNAPSHOT/hadoop-hdds-client-0.5.0-SNAPSHOT.jar:/home/user/.m2/repository/org/apache/hadoop/hadoop-hdds-tools/0.5.0-SNAPSHOT/hadoop-hdds-tools-0.5.0-SNAPSHOT.jar:/home/user/.m2/repository/org/apache/hadoop/hadoop-hdds-server-scm/0.5.0-SNAPSHOT/hadoop-hdds-server-scm-0.5.0-SNAPSHOT.jar:/home/user/.m2/repository/org/apache/hadoop/hadoop-hdds-docs/0.5.0-SNAPSHOT/hadoop-hdds-docs-0.5.0-SNAPSHOT.jar:/home/user/.m2/repository/io/dropwizard/metrics/metrics-core/3.2.4/metrics-core-3.2.4.jar:/home/user/.m2/repository/org/hamcrest/hamcrest-all/1.3/hamcrest-all-1.3.jar:/home/user/.m2/repository/org/bouncycastle/bcprov-jdk15on/1.60/bcprov-jdk15on-1.60.jar:/home/user/.m2/repository/info/picocli/picocli/3.9.6/picocli-3.9.6.jar:/home/user/.m2/repository/com/google/protobuf/protobuf-java/2.5.0/protobuf-java-2.5.0.jar:/home/user/.m2/repository/com/google/guava/guava/11.0.2/guava-11.0.2.jar:/home/user/.m2/repository/org/apache/hadoop/hadoop-ozone-ozone-manager/0.5.0-SNAPSHOT/hadoop-ozone-ozone-manager-0.5.0-SNAPSHOT.jar:/home/user/.m2/repository/org/apache/hadoop/hadoop-minikdc/3.2.0/hadoop-minikdc-3.2.0.jar:/home/user/.m2/repository/commons-io/commons-io/2.5/commons-io-2.5.jar:/home/user/.m2/repository/org/apache/kerby/kerb-simplekdc/1.0.1/kerb-simplekdc-1.0.1.jar:/home/user/.m2/repository/org/apache/kerby/kerb-client/1.0.1/kerb-client-1.0.1.jar:/home/user/.m2/repository/org/apache/kerby/kerby-config/1.0.1/kerby-config-1.0.1.jar:/home/user/.m2/repository/org/apache/kerby/kerb-core/1.0.1/kerb-core-1.0.1.jar:/home/user/.m2/repository/org/apache/kerby/kerby-pkix/1.0.1/kerby-pkix-1.0.1.jar:/home/user/.m2/repository/org/apache/kerby/kerby-asn1/1.0.1/kerby-asn1-1.0.1.jar:/home/user/.m2/repository/org/apache/kerby/kerby-util/1.0.1/kerby-util-1.0.1.jar:/home/user/.m2/repository/org/apache/kerby/kerb-common/1.0.1/kerb-common-1.0.1.jar:/home/user/.m2/repository/org/apache/kerby/kerb-crypto/1.0.1/kerb-crypto-1.0.1.jar:/home/user/.m2/repository/org/apache/kerby/kerb-util/1.0.1/kerb-util-1.0.1.jar:/home/user/.m2/repository/org/apache/kerby/token-provider/1.0.1/token-provider-1.0.1.jar:/home/user/.m2/repository/org/apache/kerby/kerb-admin/1.0.1/kerb-admin-1.0.1.jar:/home/user/.m2/repository/org/apache/kerby/kerb-server/1.0.1/kerb-server-1.0.1.jar:/home/user/.m2/repository/org/apache/kerby/kerb-identity/1.0.1/kerb-identity-1.0.1.jar:/home/user/.m2/repository/org/apache/kerby/kerby-xdr/1.0.1/kerby-xdr-1.0.1.jar:/home/user/.m2/repository/org/slf4j/slf4j-log4j12/1.7.25/slf4j-log4j12-1.7.25.jar:/home/user/.m2/repository/org/apache/hadoop/hadoop-ozone-objectstore-service/0.5.0-SNAPSHOT/hadoop-ozone-objectstore-service-0.5.0-SNAPSHOT.jar:/home/user/.m2/repository/org/apache/hadoop/hadoop-ozone-s3gateway/0.5.0-SNAPSHOT/hadoop-ozone-s3gateway-0.5.0-SNAPSHOT.jar:/home/user/.m2/repository/org/jboss/weld/servlet/weld-servlet/2.4.7.Final/weld-servlet-2.4.7.Final.jar:/home/user/.m2/repository/org/glassfish/jersey/containers/jersey-container-servlet-core/2.27/jersey-container-servlet-core-2.27.jar:/home/user/.m2/repository/org/glassfish/hk2/external/javax.inject/2.5.0-b42/javax.inject-2.5.0-b42.jar:/home/user/.m2/repository/org/glassfish/jersey/core/jersey-common/2.27/jersey-common-2.27.jar:/home/user/.m2/repository/org/glassfish/hk2/osgi-resource-locator/1.0.1/osgi-resource-locator-1.0.1.jar:/home/user/.m2/repository/javax/ws/rs/javax.ws.rs-api/2.1/javax.ws.rs-api-2.1.jar:/home/user/.m2/repository/org/glassfish/jersey/ext/cdi/jersey-cdi1x/2.27/jersey-cdi1x-2.27.jar:/home/user/.m2/repository/org/glassfish/jersey/inject/jersey-hk2/2.27/jersey-hk2-2.27.jar:/home/user/.m2/repository/org/glassfish/hk2/hk2-locator/2.5.0-b42/hk2-locator-2.5.0-b42.jar:/home/user/.m2/repository/org/javassist/javassist/3.22.0-CR2/javassist-3.22.0-CR2.jar:/home/user/.m2/repository/org/glassfish/hk2/hk2-api/2.5.0/hk2-api-2.5.0.jar:/home/user/.m2/repository/org/glassfish/hk2/external/jakarta.inject/2.5.0/jakarta.inject-2.5.0.jar:/home/user/.m2/repository/org/glassfish/hk2/hk2-utils/2.5.0/hk2-utils-2.5.0.jar:/home/user/.m2/repository/jakarta/annotation/jakarta.annotation-api/1.3.4/jakarta.annotation-api-1.3.4.jar:/home/user/.m2/repository/org/glassfish/hk2/external/aopalliance-repackaged/2.5.0/aopalliance-repackaged-2.5.0.jar:/home/user/.m2/repository/com/fasterxml/jackson/dataformat/jackson-dataformat-xml/2.9.0/jackson-dataformat-xml-2.9.0.jar:/home/user/.m2/repository/com/fasterxml/jackson/core/jackson-core/2.9.5/jackson-core-2.9.5.jar:/home/user/.m2/repository/com/fasterxml/jackson/module/jackson-module-jaxb-annotations/2.9.5/jackson-module-jaxb-annotations-2.9.5.jar:/home/user/.m2/repository/javax/enterprise/cdi-api/1.2/cdi-api-1.2.jar:/home/user/.m2/repository/javax/el/javax.el-api/3.0.0/javax.el-api-3.0.0.jar:/home/user/.m2/repository/javax/interceptor/javax.interceptor-api/1.2/javax.interceptor-api-1.2.jar:/home/user/.m2/repository/javax/inject/javax.inject/1/javax.inject-1.jar:/home/user/.m2/repository/com/sun/xml/bind/jaxb-impl/2.3.0.1/jaxb-impl-2.3.0.1.jar:/home/user/.m2/repository/com/sun/xml/bind/jaxb-core/2.3.0.1/jaxb-core-2.3.0.1.jar:/home/user/.m2/repository/javax/xml/bind/jaxb-api/2.3.0/jaxb-api-2.3.0.jar:/home/user/.m2/repository/javax/activation/activation/1.1.1/activation-1.1.1.jar:/home/user/.m2/repository/org/apache/hadoop/hadoop-ozone-csi/0.5.0-SNAPSHOT/hadoop-ozone-csi-0.5.0-SNAPSHOT.jar:/home/user/.m2/repository/com/google/protobuf/protobuf-java-util/3.5.1/protobuf-java-util-3.5.1.jar:/home/user/.m2/repository/org/apache/hadoop/hadoop-hdds-config/0.5.0-SNAPSHOT/hadoop-hdds-config-0.5.0-SNAPSHOT.jar:/home/user/.m2/repository/io/grpc/grpc-netty/1.17.1/grpc-netty-1.17.1.jar:/home/user/.m2/repository/io/grpc/grpc-core/1.17.1/grpc-core-1.17.1.jar:/home/user/.m2/repository/io/grpc/grpc-context/1.17.1/grpc-context-1.17.1.jar:/home/user/.m2/repository/com/google/errorprone/error_prone_annotations/2.2.0/error_prone_annotations-2.2.0.jar:/home/user/.m2/repository/org/codehaus/mojo/animal-sniffer-annotations/1.17/animal-sniffer-annotations-1.17.jar:/home/user/.m2/repository/io/opencensus/opencensus-api/0.17.0/opencensus-api-0.17.0.jar:/home/user/.m2/repository/io/opencensus/opencensus-contrib-grpc-metrics/0.17.0/opencensus-contrib-grpc-metrics-0.17.0.jar:/home/user/.m2/repository/io/netty/netty-codec-http2/4.1.30.Final/netty-codec-http2-4.1.30.Final.jar:/home/user/.m2/repository/io/netty/netty-codec-http/4.1.30.Final/netty-codec-http-4.1.30.Final.jar:/home/user/.m2/repository/io/netty/netty-codec/4.1.30.Final/netty-codec-4.1.30.Final.jar:/home/user/.m2/repository/io/netty/netty-handler/4.1.30.Final/netty-handler-4.1.30.Final.jar:/home/user/.m2/repository/io/netty/netty-handler-proxy/4.1.30.Final/netty-handler-proxy-4.1.30.Final.jar:/home/user/.m2/repository/io/netty/netty-codec-socks/4.1.30.Final/netty-codec-socks-4.1.30.Final.jar:/home/user/.m2/repository/io/netty/netty-transport-native-epoll/4.1.30.Final/netty-transport-native-epoll-4.1.30.Final.jar:/home/user/.m2/repository/io/netty/netty-common/4.1.30.Final/netty-common-4.1.30.Final.jar:/home/user/.m2/repository/io/netty/netty-buffer/4.1.30.Final/netty-buffer-4.1.30.Final.jar:/home/user/.m2/repository/io/netty/netty-transport/4.1.30.Final/netty-transport-4.1.30.Final.jar:/home/user/.m2/repository/io/netty/netty-resolver/4.1.30.Final/netty-resolver-4.1.30.Final.jar:/home/user/.m2/repository/io/netty/netty-transport-native-unix-common/4.1.30.Final/netty-transport-native-unix-common-4.1.30.Final.jar:/home/user/.m2/repository/io/grpc/grpc-protobuf/1.17.1/grpc-protobuf-1.17.1.jar:/home/user/.m2/repository/com/google/api/grpc/proto-google-common-protos/1.0.0/proto-google-common-protos-1.0.0.jar:/home/user/.m2/repository/io/grpc/grpc-protobuf-lite/1.17.1/grpc-protobuf-lite-1.17.1.jar:/home/user/.m2/repository/io/grpc/grpc-stub/1.17.1/grpc-stub-1.17.1.jar:/home/user/.m2/repository/org/apache/hadoop/hadoop-ozone-recon/0.5.0-SNAPSHOT/hadoop-ozone-recon-0.5.0-SNAPSHOT.jar:/home/user/.m2/repository/org/apache/hadoop/hadoop-ozone-reconcodegen/0.5.0-SNAPSHOT/hadoop-ozone-reconcodegen-0.5.0-SNAPSHOT.jar:/home/user/.m2/repository/com/google/inject/extensions/guice-multibindings/4.0/guice-multibindings-4.0.jar:/home/user/.m2/repository/com/google/inject/guice/4.0/guice-4.0.jar:/home/user/.m2/repository/aopalliance/aopalliance/1.0/aopalliance-1.0.jar:/home/user/.m2/repository/com/google/inject/extensions/guice-servlet/4.0/guice-servlet-4.0.jar:/home/user/.m2/repository/org/glassfish/jersey/containers/jersey-container-servlet/2.27/jersey-container-servlet-2.27.jar:/home/user/.m2/repository/org/glassfish/hk2/guice-bridge/2.5.0/guice-bridge-2.5.0.jar:/home/user/.m2/repository/org/glassfish/jersey/core/jersey-server/2.27/jersey-server-2.27.jar:/home/user/.m2/repository/org/glassfish/jersey/core/jersey-client/2.27/jersey-client-2.27.jar:/home/user/.m2/repository/org/glassfish/jersey/media/jersey-media-jaxb/2.27/jersey-media-jaxb-2.27.jar:/home/user/.m2/repository/javax/validation/validation-api/1.1.0.Final/validation-api-1.1.0.Final.jar:/home/user/.m2/repository/org/glassfish/jersey/media/jersey-media-json-jackson/2.27/jersey-media-json-jackson-2.27.jar:/home/user/.m2/repository/org/glassfish/jersey/ext/jersey-entity-filtering/2.27/jersey-entity-filtering-2.27.jar:/home/user/.m2/repository/com/google/inject/extensions/guice-assistedinject/4.0/guice-assistedinject-4.0.jar:/home/user/.m2/repository/org/jooq/jooq/3.11.10/jooq-3.11.10.jar:/home/user/.m2/repository/org/jooq/jooq-meta/3.11.10/jooq-meta-3.11.10.jar:/home/user/.m2/repository/org/jooq/jooq-codegen/3.11.10/jooq-codegen-3.11.10.jar:/home/user/.m2/repository/com/jolbox/bonecp/0.8.0.RELEASE/bonecp-0.8.0.RELEASE.jar:/home/user/.m2/repository/org/xerial/sqlite-jdbc/3.25.2/sqlite-jdbc-3.25.2.jar:/home/user/.m2/repository/org/springframework/spring-jdbc/5.1.3.RELEASE/spring-jdbc-5.1.3.RELEASE.jar:/home/user/.m2/repository/org/springframework/spring-beans/5.1.3.RELEASE/spring-beans-5.1.3.RELEASE.jar:/home/user/.m2/repository/org/springframework/spring-core/5.1.3.RELEASE/spring-core-5.1.3.RELEASE.jar:/home/user/.m2/repository/org/springframework/spring-jcl/5.1.3.RELEASE/spring-jcl-5.1.3.RELEASE.jar:/home/user/.m2/repository/org/springframework/spring-tx/5.1.3.RELEASE/spring-tx-5.1.3.RELEASE.jar:/home/user/.m2/repository/org/apache/hadoop/hadoop-ozone-client/0.5.0-SNAPSHOT/hadoop-ozone-client-0.5.0-SNAPSHOT.jar:/home/user/.m2/repository/commons-lang/commons-lang/2.6/commons-lang-2.6.jar:/home/user/.m2/repository/org/apache/hadoop/hadoop-ozone-ozone-manager/0.5.0-SNAPSHOT/hadoop-ozone-ozone-manager-0.5.0-SNAPSHOT-tests.jar:/home/user/.m2/repository/junit/junit/4.11/junit-4.11.jar:/home/user/.m2/repository/org/hamcrest/hamcrest-core/1.3/hamcrest-core-1.3.jar:/home/user/.m2/repository/org/openjdk/jmh/jmh-core/1.19/jmh-core-1.19.jar:/home/user/.m2/repository/net/sf/jopt-simple/jopt-simple/4.6/jopt-simple-4.6.jar:/home/user/.m2/repository/org/apache/commons/commons-math3/3.1.1/commons-math3-3.1.1.jar:/home/user/.m2/repository/org/openjdk/jmh/jmh-generator-annprocess/1.19/jmh-generator-annprocess-1.19.jar:/home/user/.m2/repository/org/mockito/mockito-all/1.8.5/mockito-all-1.8.5.jar:/home/user/.m2/repository/org/apache/hadoop/hadoop-kms/3.2.0/hadoop-kms-3.2.0.jar:/home/user/.m2/repository/org/apache/hadoop/hadoop-auth/3.2.0/hadoop-auth-3.2.0.jar:/home/user/.m2/repository/com/nimbusds/nimbus-jose-jwt/4.41.1/nimbus-jose-jwt-4.41.1.jar:/home/user/.m2/repository/com/github/stephenc/jcip/jcip-annotations/1.0-1/jcip-annotations-1.0-1.jar:/home/user/.m2/repository/net/minidev/json-smart/2.3/json-smart-2.3.jar:/home/user/.m2/repository/net/minidev/accessors-smart/1.2/accessors-smart-1.2.jar:/home/user/.m2/repository/org/ow2/asm/asm/5.0.4/asm-5.0.4.jar:/home/user/.m2/repository/org/apache/curator/curator-framework/2.12.0/curator-framework-2.12.0.jar:/home/user/.m2/repository/com/sun/jersey/jersey-core/1.19/jersey-core-1.19.jar:/home/user/.m2/repository/javax/ws/rs/jsr311-api/1.1.1/jsr311-api-1.1.1.jar:/home/user/.m2/repository/com/sun/jersey/jersey-server/1.19/jersey-server-1.19.jar:/home/user/.m2/repository/javax/servlet/javax.servlet-api/3.1.0/javax.servlet-api-3.1.0.jar:/home/user/.m2/repository/org/eclipse/jetty/jetty-server/9.3.24.v20180605/jetty-server-9.3.24.v20180605.jar:/home/user/.m2/repository/org/eclipse/jetty/jetty-http/9.3.24.v20180605/jetty-http-9.3.24.v20180605.jar:/home/user/.m2/repository/org/eclipse/jetty/jetty-io/9.3.24.v20180605/jetty-io-9.3.24.v20180605.jar:/home/user/.m2/repository/org/eclipse/jetty/jetty-webapp/9.3.24.v20180605/jetty-webapp-9.3.24.v20180605.jar:/home/user/.m2/repository/org/eclipse/jetty/jetty-xml/9.3.24.v20180605/jetty-xml-9.3.24.v20180605.jar:/home/user/.m2/repository/log4j/log4j/1.2.17/log4j-1.2.17.jar:/home/user/.m2/repository/org/slf4j/slf4j-api/1.7.25/slf4j-api-1.7.25.jar:/home/user/.m2/repository/org/slf4j/jul-to-slf4j/1.7.25/jul-to-slf4j-1.7.25.jar:/home/user/.m2/repository/org/eclipse/jetty/jetty-util/9.3.24.v20180605/jetty-util-9.3.24.v20180605.jar:/home/user/.m2/repository/com/fasterxml/jackson/core/jackson-databind/2.9.5/jackson-databind-2.9.5.jar:/home/user/.m2/repository/org/apache/hadoop/hadoop-kms/3.2.0/hadoop-kms-3.2.0-tests.jar:/home/user/.m2/repository/org/apache/hadoop/hadoop-hdds-server-scm/0.5.0-SNAPSHOT/hadoop-hdds-server-scm-0.5.0-SNAPSHOT-tests.jar:/home/user/.m2/repository/org/apache/hadoop/hadoop-hdds-container-service/0.5.0-SNAPSHOT/hadoop-hdds-container-service-0.5.0-SNAPSHOT-tests.jar:/home/user/.m2/repository/org/yaml/snakeyaml/1.16/snakeyaml-1.16.jar:/home/user/.m2/repository/org/apache/hadoop/hadoop-common/3.2.0/hadoop-common-3.2.0-tests.jar:/home/user/.m2/repository/org/apache/hadoop/hadoop-annotations/3.2.0/hadoop-annotations-3.2.0.jar:/usr/lib/jvm/java-1.8-openjdk/jre/../lib/tools.jar:/home/user/.m2/repository/commons-cli/commons-cli/1.2/commons-cli-1.2.jar:/home/user/.m2/repository/org/apache/httpcomponents/httpclient/4.5.2/httpclient-4.5.2.jar:/home/user/.m2/repository/org/apache/httpcomponents/httpcore/4.4.4/httpcore-4.4.4.jar:/home/user/.m2/repository/commons-codec/commons-codec/1.11/commons-codec-1.11.jar:/home/user/.m2/repository/commons-net/commons-net/3.6/commons-net-3.6.jar:/home/user/.m2/repository/commons-collections/commons-collections/3.2.2/commons-collections-3.2.2.jar:/home/user/.m2/repository/org/eclipse/jetty/jetty-servlet/9.3.24.v20180605/jetty-servlet-9.3.24.v20180605.jar:/home/user/.m2/repository/org/eclipse/jetty/jetty-security/9.3.24.v20180605/jetty-security-9.3.24.v20180605.jar:/home/user/.m2/repository/javax/servlet/jsp/jsp-api/2.1/jsp-api-2.1.jar:/home/user/.m2/repository/com/sun/jersey/jersey-servlet/1.19/jersey-servlet-1.19.jar:/home/user/.m2/repository/com/sun/jersey/jersey-json/1.19/jersey-json-1.19.jar:/home/user/.m2/repository/org/codehaus/jettison/jettison/1.1/jettison-1.1.jar:/home/user/.m2/repository/org/codehaus/jackson/jackson-core-asl/1.9.13/jackson-core-asl-1.9.13.jar:/home/user/.m2/repository/org/codehaus/jackson/jackson-mapper-asl/1.9.13/jackson-mapper-asl-1.9.13.jar:/home/user/.m2/repository/org/codehaus/jackson/jackson-jaxrs/1.9.13/jackson-jaxrs-1.9.13.jar:/home/user/.m2/repository/org/codehaus/jackson/jackson-xc/1.9.13/jackson-xc-1.9.13.jar:/home/user/.m2/repository/commons-logging/commons-logging/1.1.3/commons-logging-1.1.3.jar:/home/user/.m2/repository/commons-beanutils/commons-beanutils/1.9.3/commons-beanutils-1.9.3.jar:/home/user/.m2/repository/org/apache/commons/commons-configuration2/2.1.1/commons-configuration2-2.1.1.jar:/home/user/.m2/repository/org/apache/commons/commons-lang3/3.7/commons-lang3-3.7.jar:/home/user/.m2/repository/org/apache/commons/commons-text/1.4/commons-text-1.4.jar:/home/user/.m2/repository/org/apache/avro/avro/1.7.7/avro-1.7.7.jar:/home/user/.m2/repository/com/thoughtworks/paranamer/paranamer/2.3/paranamer-2.3.jar:/home/user/.m2/repository/org/xerial/snappy/snappy-java/1.0.5/snappy-java-1.0.5.jar:/home/user/.m2/repository/com/google/re2j/re2j/1.1/re2j-1.1.jar:/home/user/.m2/repository/com/google/code/gson/gson/2.2.4/gson-2.2.4.jar:/home/user/.m2/repository/com/jcraft/jsch/0.1.54/jsch-0.1.54.jar:/home/user/.m2/repository/org/apache/curator/curator-client/2.12.0/curator-client-2.12.0.jar:/home/user/.m2/repository/org/apache/curator/curator-recipes/2.12.0/curator-recipes-2.12.0.jar:/home/user/.m2/repository/com/google/code/findbugs/jsr305/3.0.0/jsr305-3.0.0.jar:/home/user/.m2/repository/org/apache/htrace/htrace-core4/4.1.0-incubating/htrace-core4-4.1.0-incubating.jar:/home/user/.m2/repository/org/apache/zookeeper/zookeeper/3.4.13/zookeeper-3.4.13.jar:/home/user/.m2/repository/org/apache/yetus/audience-annotations/0.5.0/audience-annotations-0.5.0.jar:/home/user/.m2/repository/org/codehaus/woodstox/stax2-api/3.1.4/stax2-api-3.1.4.jar:/home/user/.m2/repository/com/fasterxml/woodstox/woodstox-core/5.0.3/woodstox-core-5.0.3.jar:/home/user/.m2/repository/dnsjava/dnsjava/2.1.7/dnsjava-2.1.7.jar:/home/user/.m2/repository/org/apache/hadoop/hadoop-hdfs/3.2.0/hadoop-hdfs-3.2.0-tests.jar:/home/user/.m2/repository/org/eclipse/jetty/jetty-util-ajax/9.3.24.v20180605/jetty-util-ajax-9.3.24.v20180605.jar:/home/user/.m2/repository/commons-daemon/commons-daemon/1.0.13/commons-daemon-1.0.13.jar:/home/user/.m2/repository/io/netty/netty/3.10.5.Final/netty-3.10.5.Final.jar:/home/user/.m2/repository/io/netty/netty-all/4.0.52.Final/netty-all-4.0.52.Final.jar:/home/user/.m2/repository/org/fusesource/leveldbjni/leveldbjni-all/1.8/leveldbjni-all-1.8.jar:"/>
    <property name="java.vm.vendor" value="IcedTea"/>
    <property name="sun.arch.data.model" value="64"/>
    <property name="test.build.dir" value="/tmp/workdir/hadoop-ozone/integration-test/target/test-dir"/>
    <property name="test.cache.data" value=""/>
    <property name="java.vendor.url" value="https://icedtea.classpath.org"/>
    <property name="user.timezone" value=""/>
    <property name="java.vm.specification.version" value="1.8"/>
    <property name="os.name" value="Linux"/>
    <property name="test.build.data" value="/tmp/workdir/hadoop-ozone/integration-test/target/test-dir"/>
    <property name="user.country" value="US"/>
    <property name="sun.java.launcher" value="SUN_STANDARD"/>
    <property name="sun.boot.library.path" value="/usr/lib/jvm/java-1.8-openjdk/jre/lib/amd64"/>
    <property name="sun.java.command" value="/tmp/workdir/hadoop-ozone/integration-test/target/surefire/surefirebooter8571522315754224064.jar /tmp/workdir/hadoop-ozone/integration-test/target/surefire 2019-07-14T02-11-03_878-jvmRun1 surefire2047340146651015654tmp surefire_491947827309279345421tmp"/>
    <property name="surefire.test.class.path" value="/tmp/workdir/hadoop-ozone/integration-test/target/test-classes:/tmp/workdir/hadoop-ozone/integration-test/target/classes:/home/user/.m2/repository/org/apache/hadoop/hadoop-ozone-common/0.5.0-SNAPSHOT/hadoop-ozone-common-0.5.0-SNAPSHOT.jar:/home/user/.m2/repository/org/apache/commons/commons-compress/1.4.1/commons-compress-1.4.1.jar:/home/user/.m2/repository/org/tukaani/xz/1.0/xz-1.0.jar:/home/user/.m2/repository/org/apache/hadoop/hadoop-common/3.2.0/hadoop-common-3.2.0.jar:/home/user/.m2/repository/org/apache/hadoop/hadoop-hdfs/3.2.0/hadoop-hdfs-3.2.0.jar:/home/user/.m2/repository/org/apache/hadoop/hadoop-hdfs-client/3.2.0/hadoop-hdfs-client-3.2.0.jar:/home/user/.m2/repository/com/fasterxml/jackson/core/jackson-annotations/2.9.5/jackson-annotations-2.9.5.jar:/home/user/.m2/repository/org/apache/hadoop/hadoop-hdds-common/0.5.0-SNAPSHOT/hadoop-hdds-common-0.5.0-SNAPSHOT.jar:/home/user/.m2/repository/javax/annotation/javax.annotation-api/1.2/javax.annotation-api-1.2.jar:/home/user/.m2/repository/org/apache/ratis/ratis-server/0.4.0-2337318-SNAPSHOT/ratis-server-0.4.0-2337318-SNAPSHOT.jar:/home/user/.m2/repository/org/apache/ratis/ratis-thirdparty-misc/0.2.0/ratis-thirdparty-misc-0.2.0.jar:/home/user/.m2/repository/org/apache/ratis/ratis-proto/0.4.0-2337318-SNAPSHOT/ratis-proto-0.4.0-2337318-SNAPSHOT.jar:/home/user/.m2/repository/org/apache/ratis/ratis-common/0.4.0-2337318-SNAPSHOT/ratis-common-0.4.0-2337318-SNAPSHOT.jar:/home/user/.m2/repository/org/apache/ratis/ratis-client/0.4.0-2337318-SNAPSHOT/ratis-client-0.4.0-2337318-SNAPSHOT.jar:/home/user/.m2/repository/org/apache/ratis/ratis-metrics/0.4.0-2337318-SNAPSHOT/ratis-metrics-0.4.0-2337318-SNAPSHOT.jar:/home/user/.m2/repository/org/apache/ratis/ratis-netty/0.4.0-2337318-SNAPSHOT/ratis-netty-0.4.0-2337318-SNAPSHOT.jar:/home/user/.m2/repository/org/apache/ratis/ratis-grpc/0.4.0-2337318-SNAPSHOT/ratis-grpc-0.4.0-2337318-SNAPSHOT.jar:/home/user/.m2/repository/org/rocksdb/rocksdbjni/6.0.1/rocksdbjni-6.0.1.jar:/home/user/.m2/repository/org/apache/logging/log4j/log4j-api/2.11.0/log4j-api-2.11.0.jar:/home/user/.m2/repository/org/apache/logging/log4j/log4j-core/2.11.0/log4j-core-2.11.0.jar:/home/user/.m2/repository/com/lmax/disruptor/3.4.2/disruptor-3.4.2.jar:/home/user/.m2/repository/org/apache/commons/commons-pool2/2.6.0/commons-pool2-2.6.0.jar:/home/user/.m2/repository/org/bouncycastle/bcpkix-jdk15on/1.60/bcpkix-jdk15on-1.60.jar:/home/user/.m2/repository/commons-validator/commons-validator/1.6/commons-validator-1.6.jar:/home/user/.m2/repository/commons-digester/commons-digester/1.8.1/commons-digester-1.8.1.jar:/home/user/.m2/repository/io/jaegertracing/jaeger-client/0.33.1/jaeger-client-0.33.1.jar:/home/user/.m2/repository/io/jaegertracing/jaeger-thrift/0.33.1/jaeger-thrift-0.33.1.jar:/home/user/.m2/repository/org/apache/thrift/libthrift/0.11.0/libthrift-0.11.0.jar:/home/user/.m2/repository/com/squareup/okhttp3/okhttp/3.9.0/okhttp-3.9.0.jar:/home/user/.m2/repository/com/squareup/okio/okio/1.13.0/okio-1.13.0.jar:/home/user/.m2/repository/io/jaegertracing/jaeger-core/0.33.1/jaeger-core-0.33.1.jar:/home/user/.m2/repository/io/jaegertracing/jaeger-tracerresolver/0.33.1/jaeger-tracerresolver-0.33.1.jar:/home/user/.m2/repository/io/opentracing/contrib/opentracing-tracerresolver/0.1.5/opentracing-tracerresolver-0.1.5.jar:/home/user/.m2/repository/io/opentracing/opentracing-util/0.31.0/opentracing-util-0.31.0.jar:/home/user/.m2/repository/io/opentracing/opentracing-api/0.31.0/opentracing-api-0.31.0.jar:/home/user/.m2/repository/io/opentracing/opentracing-noop/0.31.0/opentracing-noop-0.31.0.jar:/home/user/.m2/repository/org/apache/hadoop/hadoop-hdds-server-framework/0.5.0-SNAPSHOT/hadoop-hdds-server-framework-0.5.0-SNAPSHOT.jar:/home/user/.m2/repository/org/apache/hadoop/hadoop-hdds-container-service/0.5.0-SNAPSHOT/hadoop-hdds-container-service-0.5.0-SNAPSHOT.jar:/home/user/.m2/repository/org/apache/hadoop/hadoop-hdds-client/0.5.0-SNAPSHOT/hadoop-hdds-client-0.5.0-SNAPSHOT.jar:/home/user/.m2/repository/org/apache/hadoop/hadoop-hdds-tools/0.5.0-SNAPSHOT/hadoop-hdds-tools-0.5.0-SNAPSHOT.jar:/home/user/.m2/repository/org/apache/hadoop/hadoop-hdds-server-scm/0.5.0-SNAPSHOT/hadoop-hdds-server-scm-0.5.0-SNAPSHOT.jar:/home/user/.m2/repository/org/apache/hadoop/hadoop-hdds-docs/0.5.0-SNAPSHOT/hadoop-hdds-docs-0.5.0-SNAPSHOT.jar:/home/user/.m2/repository/io/dropwizard/metrics/metrics-core/3.2.4/metrics-core-3.2.4.jar:/home/user/.m2/repository/org/hamcrest/hamcrest-all/1.3/hamcrest-all-1.3.jar:/home/user/.m2/repository/org/bouncycastle/bcprov-jdk15on/1.60/bcprov-jdk15on-1.60.jar:/home/user/.m2/repository/info/picocli/picocli/3.9.6/picocli-3.9.6.jar:/home/user/.m2/repository/com/google/protobuf/protobuf-java/2.5.0/protobuf-java-2.5.0.jar:/home/user/.m2/repository/com/google/guava/guava/11.0.2/guava-11.0.2.jar:/home/user/.m2/repository/org/apache/hadoop/hadoop-ozone-ozone-manager/0.5.0-SNAPSHOT/hadoop-ozone-ozone-manager-0.5.0-SNAPSHOT.jar:/home/user/.m2/repository/org/apache/hadoop/hadoop-minikdc/3.2.0/hadoop-minikdc-3.2.0.jar:/home/user/.m2/repository/commons-io/commons-io/2.5/commons-io-2.5.jar:/home/user/.m2/repository/org/apache/kerby/kerb-simplekdc/1.0.1/kerb-simplekdc-1.0.1.jar:/home/user/.m2/repository/org/apache/kerby/kerb-client/1.0.1/kerb-client-1.0.1.jar:/home/user/.m2/repository/org/apache/kerby/kerby-config/1.0.1/kerby-config-1.0.1.jar:/home/user/.m2/repository/org/apache/kerby/kerb-core/1.0.1/kerb-core-1.0.1.jar:/home/user/.m2/repository/org/apache/kerby/kerby-pkix/1.0.1/kerby-pkix-1.0.1.jar:/home/user/.m2/repository/org/apache/kerby/kerby-asn1/1.0.1/kerby-asn1-1.0.1.jar:/home/user/.m2/repository/org/apache/kerby/kerby-util/1.0.1/kerby-util-1.0.1.jar:/home/user/.m2/repository/org/apache/kerby/kerb-common/1.0.1/kerb-common-1.0.1.jar:/home/user/.m2/repository/org/apache/kerby/kerb-crypto/1.0.1/kerb-crypto-1.0.1.jar:/home/user/.m2/repository/org/apache/kerby/kerb-util/1.0.1/kerb-util-1.0.1.jar:/home/user/.m2/repository/org/apache/kerby/token-provider/1.0.1/token-provider-1.0.1.jar:/home/user/.m2/repository/org/apache/kerby/kerb-admin/1.0.1/kerb-admin-1.0.1.jar:/home/user/.m2/repository/org/apache/kerby/kerb-server/1.0.1/kerb-server-1.0.1.jar:/home/user/.m2/repository/org/apache/kerby/kerb-identity/1.0.1/kerb-identity-1.0.1.jar:/home/user/.m2/repository/org/apache/kerby/kerby-xdr/1.0.1/kerby-xdr-1.0.1.jar:/home/user/.m2/repository/org/slf4j/slf4j-log4j12/1.7.25/slf4j-log4j12-1.7.25.jar:/home/user/.m2/repository/org/apache/hadoop/hadoop-ozone-objectstore-service/0.5.0-SNAPSHOT/hadoop-ozone-objectstore-service-0.5.0-SNAPSHOT.jar:/home/user/.m2/repository/org/apache/hadoop/hadoop-ozone-s3gateway/0.5.0-SNAPSHOT/hadoop-ozone-s3gateway-0.5.0-SNAPSHOT.jar:/home/user/.m2/repository/org/jboss/weld/servlet/weld-servlet/2.4.7.Final/weld-servlet-2.4.7.Final.jar:/home/user/.m2/repository/org/glassfish/jersey/containers/jersey-container-servlet-core/2.27/jersey-container-servlet-core-2.27.jar:/home/user/.m2/repository/org/glassfish/hk2/external/javax.inject/2.5.0-b42/javax.inject-2.5.0-b42.jar:/home/user/.m2/repository/org/glassfish/jersey/core/jersey-common/2.27/jersey-common-2.27.jar:/home/user/.m2/repository/org/glassfish/hk2/osgi-resource-locator/1.0.1/osgi-resource-locator-1.0.1.jar:/home/user/.m2/repository/javax/ws/rs/javax.ws.rs-api/2.1/javax.ws.rs-api-2.1.jar:/home/user/.m2/repository/org/glassfish/jersey/ext/cdi/jersey-cdi1x/2.27/jersey-cdi1x-2.27.jar:/home/user/.m2/repository/org/glassfish/jersey/inject/jersey-hk2/2.27/jersey-hk2-2.27.jar:/home/user/.m2/repository/org/glassfish/hk2/hk2-locator/2.5.0-b42/hk2-locator-2.5.0-b42.jar:/home/user/.m2/repository/org/javassist/javassist/3.22.0-CR2/javassist-3.22.0-CR2.jar:/home/user/.m2/repository/org/glassfish/hk2/hk2-api/2.5.0/hk2-api-2.5.0.jar:/home/user/.m2/repository/org/glassfish/hk2/external/jakarta.inject/2.5.0/jakarta.inject-2.5.0.jar:/home/user/.m2/repository/org/glassfish/hk2/hk2-utils/2.5.0/hk2-utils-2.5.0.jar:/home/user/.m2/repository/jakarta/annotation/jakarta.annotation-api/1.3.4/jakarta.annotation-api-1.3.4.jar:/home/user/.m2/repository/org/glassfish/hk2/external/aopalliance-repackaged/2.5.0/aopalliance-repackaged-2.5.0.jar:/home/user/.m2/repository/com/fasterxml/jackson/dataformat/jackson-dataformat-xml/2.9.0/jackson-dataformat-xml-2.9.0.jar:/home/user/.m2/repository/com/fasterxml/jackson/core/jackson-core/2.9.5/jackson-core-2.9.5.jar:/home/user/.m2/repository/com/fasterxml/jackson/module/jackson-module-jaxb-annotations/2.9.5/jackson-module-jaxb-annotations-2.9.5.jar:/home/user/.m2/repository/javax/enterprise/cdi-api/1.2/cdi-api-1.2.jar:/home/user/.m2/repository/javax/el/javax.el-api/3.0.0/javax.el-api-3.0.0.jar:/home/user/.m2/repository/javax/interceptor/javax.interceptor-api/1.2/javax.interceptor-api-1.2.jar:/home/user/.m2/repository/javax/inject/javax.inject/1/javax.inject-1.jar:/home/user/.m2/repository/com/sun/xml/bind/jaxb-impl/2.3.0.1/jaxb-impl-2.3.0.1.jar:/home/user/.m2/repository/com/sun/xml/bind/jaxb-core/2.3.0.1/jaxb-core-2.3.0.1.jar:/home/user/.m2/repository/javax/xml/bind/jaxb-api/2.3.0/jaxb-api-2.3.0.jar:/home/user/.m2/repository/javax/activation/activation/1.1.1/activation-1.1.1.jar:/home/user/.m2/repository/org/apache/hadoop/hadoop-ozone-csi/0.5.0-SNAPSHOT/hadoop-ozone-csi-0.5.0-SNAPSHOT.jar:/home/user/.m2/repository/com/google/protobuf/protobuf-java-util/3.5.1/protobuf-java-util-3.5.1.jar:/home/user/.m2/repository/org/apache/hadoop/hadoop-hdds-config/0.5.0-SNAPSHOT/hadoop-hdds-config-0.5.0-SNAPSHOT.jar:/home/user/.m2/repository/io/grpc/grpc-netty/1.17.1/grpc-netty-1.17.1.jar:/home/user/.m2/repository/io/grpc/grpc-core/1.17.1/grpc-core-1.17.1.jar:/home/user/.m2/repository/io/grpc/grpc-context/1.17.1/grpc-context-1.17.1.jar:/home/user/.m2/repository/com/google/errorprone/error_prone_annotations/2.2.0/error_prone_annotations-2.2.0.jar:/home/user/.m2/repository/org/codehaus/mojo/animal-sniffer-annotations/1.17/animal-sniffer-annotations-1.17.jar:/home/user/.m2/repository/io/opencensus/opencensus-api/0.17.0/opencensus-api-0.17.0.jar:/home/user/.m2/repository/io/opencensus/opencensus-contrib-grpc-metrics/0.17.0/opencensus-contrib-grpc-metrics-0.17.0.jar:/home/user/.m2/repository/io/netty/netty-codec-http2/4.1.30.Final/netty-codec-http2-4.1.30.Final.jar:/home/user/.m2/repository/io/netty/netty-codec-http/4.1.30.Final/netty-codec-http-4.1.30.Final.jar:/home/user/.m2/repository/io/netty/netty-codec/4.1.30.Final/netty-codec-4.1.30.Final.jar:/home/user/.m2/repository/io/netty/netty-handler/4.1.30.Final/netty-handler-4.1.30.Final.jar:/home/user/.m2/repository/io/netty/netty-handler-proxy/4.1.30.Final/netty-handler-proxy-4.1.30.Final.jar:/home/user/.m2/repository/io/netty/netty-codec-socks/4.1.30.Final/netty-codec-socks-4.1.30.Final.jar:/home/user/.m2/repository/io/netty/netty-transport-native-epoll/4.1.30.Final/netty-transport-native-epoll-4.1.30.Final.jar:/home/user/.m2/repository/io/netty/netty-common/4.1.30.Final/netty-common-4.1.30.Final.jar:/home/user/.m2/repository/io/netty/netty-buffer/4.1.30.Final/netty-buffer-4.1.30.Final.jar:/home/user/.m2/repository/io/netty/netty-transport/4.1.30.Final/netty-transport-4.1.30.Final.jar:/home/user/.m2/repository/io/netty/netty-resolver/4.1.30.Final/netty-resolver-4.1.30.Final.jar:/home/user/.m2/repository/io/netty/netty-transport-native-unix-common/4.1.30.Final/netty-transport-native-unix-common-4.1.30.Final.jar:/home/user/.m2/repository/io/grpc/grpc-protobuf/1.17.1/grpc-protobuf-1.17.1.jar:/home/user/.m2/repository/com/google/api/grpc/proto-google-common-protos/1.0.0/proto-google-common-protos-1.0.0.jar:/home/user/.m2/repository/io/grpc/grpc-protobuf-lite/1.17.1/grpc-protobuf-lite-1.17.1.jar:/home/user/.m2/repository/io/grpc/grpc-stub/1.17.1/grpc-stub-1.17.1.jar:/home/user/.m2/repository/org/apache/hadoop/hadoop-ozone-recon/0.5.0-SNAPSHOT/hadoop-ozone-recon-0.5.0-SNAPSHOT.jar:/home/user/.m2/repository/org/apache/hadoop/hadoop-ozone-reconcodegen/0.5.0-SNAPSHOT/hadoop-ozone-reconcodegen-0.5.0-SNAPSHOT.jar:/home/user/.m2/repository/com/google/inject/extensions/guice-multibindings/4.0/guice-multibindings-4.0.jar:/home/user/.m2/repository/com/google/inject/guice/4.0/guice-4.0.jar:/home/user/.m2/repository/aopalliance/aopalliance/1.0/aopalliance-1.0.jar:/home/user/.m2/repository/com/google/inject/extensions/guice-servlet/4.0/guice-servlet-4.0.jar:/home/user/.m2/repository/org/glassfish/jersey/containers/jersey-container-servlet/2.27/jersey-container-servlet-2.27.jar:/home/user/.m2/repository/org/glassfish/hk2/guice-bridge/2.5.0/guice-bridge-2.5.0.jar:/home/user/.m2/repository/org/glassfish/jersey/core/jersey-server/2.27/jersey-server-2.27.jar:/home/user/.m2/repository/org/glassfish/jersey/core/jersey-client/2.27/jersey-client-2.27.jar:/home/user/.m2/repository/org/glassfish/jersey/media/jersey-media-jaxb/2.27/jersey-media-jaxb-2.27.jar:/home/user/.m2/repository/javax/validation/validation-api/1.1.0.Final/validation-api-1.1.0.Final.jar:/home/user/.m2/repository/org/glassfish/jersey/media/jersey-media-json-jackson/2.27/jersey-media-json-jackson-2.27.jar:/home/user/.m2/repository/org/glassfish/jersey/ext/jersey-entity-filtering/2.27/jersey-entity-filtering-2.27.jar:/home/user/.m2/repository/com/google/inject/extensions/guice-assistedinject/4.0/guice-assistedinject-4.0.jar:/home/user/.m2/repository/org/jooq/jooq/3.11.10/jooq-3.11.10.jar:/home/user/.m2/repository/org/jooq/jooq-meta/3.11.10/jooq-meta-3.11.10.jar:/home/user/.m2/repository/org/jooq/jooq-codegen/3.11.10/jooq-codegen-3.11.10.jar:/home/user/.m2/repository/com/jolbox/bonecp/0.8.0.RELEASE/bonecp-0.8.0.RELEASE.jar:/home/user/.m2/repository/org/xerial/sqlite-jdbc/3.25.2/sqlite-jdbc-3.25.2.jar:/home/user/.m2/repository/org/springframework/spring-jdbc/5.1.3.RELEASE/spring-jdbc-5.1.3.RELEASE.jar:/home/user/.m2/repository/org/springframework/spring-beans/5.1.3.RELEASE/spring-beans-5.1.3.RELEASE.jar:/home/user/.m2/repository/org/springframework/spring-core/5.1.3.RELEASE/spring-core-5.1.3.RELEASE.jar:/home/user/.m2/repository/org/springframework/spring-jcl/5.1.3.RELEASE/spring-jcl-5.1.3.RELEASE.jar:/home/user/.m2/repository/org/springframework/spring-tx/5.1.3.RELEASE/spring-tx-5.1.3.RELEASE.jar:/home/user/.m2/repository/org/apache/hadoop/hadoop-ozone-client/0.5.0-SNAPSHOT/hadoop-ozone-client-0.5.0-SNAPSHOT.jar:/home/user/.m2/repository/commons-lang/commons-lang/2.6/commons-lang-2.6.jar:/home/user/.m2/repository/org/apache/hadoop/hadoop-ozone-ozone-manager/0.5.0-SNAPSHOT/hadoop-ozone-ozone-manager-0.5.0-SNAPSHOT-tests.jar:/home/user/.m2/repository/junit/junit/4.11/junit-4.11.jar:/home/user/.m2/repository/org/hamcrest/hamcrest-core/1.3/hamcrest-core-1.3.jar:/home/user/.m2/repository/org/openjdk/jmh/jmh-core/1.19/jmh-core-1.19.jar:/home/user/.m2/repository/net/sf/jopt-simple/jopt-simple/4.6/jopt-simple-4.6.jar:/home/user/.m2/repository/org/apache/commons/commons-math3/3.1.1/commons-math3-3.1.1.jar:/home/user/.m2/repository/org/openjdk/jmh/jmh-generator-annprocess/1.19/jmh-generator-annprocess-1.19.jar:/home/user/.m2/repository/org/mockito/mockito-all/1.8.5/mockito-all-1.8.5.jar:/home/user/.m2/repository/org/apache/hadoop/hadoop-kms/3.2.0/hadoop-kms-3.2.0.jar:/home/user/.m2/repository/org/apache/hadoop/hadoop-auth/3.2.0/hadoop-auth-3.2.0.jar:/home/user/.m2/repository/com/nimbusds/nimbus-jose-jwt/4.41.1/nimbus-jose-jwt-4.41.1.jar:/home/user/.m2/repository/com/github/stephenc/jcip/jcip-annotations/1.0-1/jcip-annotations-1.0-1.jar:/home/user/.m2/repository/net/minidev/json-smart/2.3/json-smart-2.3.jar:/home/user/.m2/repository/net/minidev/accessors-smart/1.2/accessors-smart-1.2.jar:/home/user/.m2/repository/org/ow2/asm/asm/5.0.4/asm-5.0.4.jar:/home/user/.m2/repository/org/apache/curator/curator-framework/2.12.0/curator-framework-2.12.0.jar:/home/user/.m2/repository/com/sun/jersey/jersey-core/1.19/jersey-core-1.19.jar:/home/user/.m2/repository/javax/ws/rs/jsr311-api/1.1.1/jsr311-api-1.1.1.jar:/home/user/.m2/repository/com/sun/jersey/jersey-server/1.19/jersey-server-1.19.jar:/home/user/.m2/repository/javax/servlet/javax.servlet-api/3.1.0/javax.servlet-api-3.1.0.jar:/home/user/.m2/repository/org/eclipse/jetty/jetty-server/9.3.24.v20180605/jetty-server-9.3.24.v20180605.jar:/home/user/.m2/repository/org/eclipse/jetty/jetty-http/9.3.24.v20180605/jetty-http-9.3.24.v20180605.jar:/home/user/.m2/repository/org/eclipse/jetty/jetty-io/9.3.24.v20180605/jetty-io-9.3.24.v20180605.jar:/home/user/.m2/repository/org/eclipse/jetty/jetty-webapp/9.3.24.v20180605/jetty-webapp-9.3.24.v20180605.jar:/home/user/.m2/repository/org/eclipse/jetty/jetty-xml/9.3.24.v20180605/jetty-xml-9.3.24.v20180605.jar:/home/user/.m2/repository/log4j/log4j/1.2.17/log4j-1.2.17.jar:/home/user/.m2/repository/org/slf4j/slf4j-api/1.7.25/slf4j-api-1.7.25.jar:/home/user/.m2/repository/org/slf4j/jul-to-slf4j/1.7.25/jul-to-slf4j-1.7.25.jar:/home/user/.m2/repository/org/eclipse/jetty/jetty-util/9.3.24.v20180605/jetty-util-9.3.24.v20180605.jar:/home/user/.m2/repository/com/fasterxml/jackson/core/jackson-databind/2.9.5/jackson-databind-2.9.5.jar:/home/user/.m2/repository/org/apache/hadoop/hadoop-kms/3.2.0/hadoop-kms-3.2.0-tests.jar:/home/user/.m2/repository/org/apache/hadoop/hadoop-hdds-server-scm/0.5.0-SNAPSHOT/hadoop-hdds-server-scm-0.5.0-SNAPSHOT-tests.jar:/home/user/.m2/repository/org/apache/hadoop/hadoop-hdds-container-service/0.5.0-SNAPSHOT/hadoop-hdds-container-service-0.5.0-SNAPSHOT-tests.jar:/home/user/.m2/repository/org/yaml/snakeyaml/1.16/snakeyaml-1.16.jar:/home/user/.m2/repository/org/apache/hadoop/hadoop-common/3.2.0/hadoop-common-3.2.0-tests.jar:/home/user/.m2/repository/org/apache/hadoop/hadoop-annotations/3.2.0/hadoop-annotations-3.2.0.jar:/usr/lib/jvm/java-1.8-openjdk/jre/../lib/tools.jar:/home/user/.m2/repository/commons-cli/commons-cli/1.2/commons-cli-1.2.jar:/home/user/.m2/repository/org/apache/httpcomponents/httpclient/4.5.2/httpclient-4.5.2.jar:/home/user/.m2/repository/org/apache/httpcomponents/httpcore/4.4.4/httpcore-4.4.4.jar:/home/user/.m2/repository/commons-codec/commons-codec/1.11/commons-codec-1.11.jar:/home/user/.m2/repository/commons-net/commons-net/3.6/commons-net-3.6.jar:/home/user/.m2/repository/commons-collections/commons-collections/3.2.2/commons-collections-3.2.2.jar:/home/user/.m2/repository/org/eclipse/jetty/jetty-servlet/9.3.24.v20180605/jetty-servlet-9.3.24.v20180605.jar:/home/user/.m2/repository/org/eclipse/jetty/jetty-security/9.3.24.v20180605/jetty-security-9.3.24.v20180605.jar:/home/user/.m2/repository/javax/servlet/jsp/jsp-api/2.1/jsp-api-2.1.jar:/home/user/.m2/repository/com/sun/jersey/jersey-servlet/1.19/jersey-servlet-1.19.jar:/home/user/.m2/repository/com/sun/jersey/jersey-json/1.19/jersey-json-1.19.jar:/home/user/.m2/repository/org/codehaus/jettison/jettison/1.1/jettison-1.1.jar:/home/user/.m2/repository/org/codehaus/jackson/jackson-core-asl/1.9.13/jackson-core-asl-1.9.13.jar:/home/user/.m2/repository/org/codehaus/jackson/jackson-mapper-asl/1.9.13/jackson-mapper-asl-1.9.13.jar:/home/user/.m2/repository/org/codehaus/jackson/jackson-jaxrs/1.9.13/jackson-jaxrs-1.9.13.jar:/home/user/.m2/repository/org/codehaus/jackson/jackson-xc/1.9.13/jackson-xc-1.9.13.jar:/home/user/.m2/repository/commons-logging/commons-logging/1.1.3/commons-logging-1.1.3.jar:/home/user/.m2/repository/commons-beanutils/commons-beanutils/1.9.3/commons-beanutils-1.9.3.jar:/home/user/.m2/repository/org/apache/commons/commons-configuration2/2.1.1/commons-configuration2-2.1.1.jar:/home/user/.m2/repository/org/apache/commons/commons-lang3/3.7/commons-lang3-3.7.jar:/home/user/.m2/repository/org/apache/commons/commons-text/1.4/commons-text-1.4.jar:/home/user/.m2/repository/org/apache/avro/avro/1.7.7/avro-1.7.7.jar:/home/user/.m2/repository/com/thoughtworks/paranamer/paranamer/2.3/paranamer-2.3.jar:/home/user/.m2/repository/org/xerial/snappy/snappy-java/1.0.5/snappy-java-1.0.5.jar:/home/user/.m2/repository/com/google/re2j/re2j/1.1/re2j-1.1.jar:/home/user/.m2/repository/com/google/code/gson/gson/2.2.4/gson-2.2.4.jar:/home/user/.m2/repository/com/jcraft/jsch/0.1.54/jsch-0.1.54.jar:/home/user/.m2/repository/org/apache/curator/curator-client/2.12.0/curator-client-2.12.0.jar:/home/user/.m2/repository/org/apache/curator/curator-recipes/2.12.0/curator-recipes-2.12.0.jar:/home/user/.m2/repository/com/google/code/findbugs/jsr305/3.0.0/jsr305-3.0.0.jar:/home/user/.m2/repository/org/apache/htrace/htrace-core4/4.1.0-incubating/htrace-core4-4.1.0-incubating.jar:/home/user/.m2/repository/org/apache/zookeeper/zookeeper/3.4.13/zookeeper-3.4.13.jar:/home/user/.m2/repository/org/apache/yetus/audience-annotations/0.5.0/audience-annotations-0.5.0.jar:/home/user/.m2/repository/org/codehaus/woodstox/stax2-api/3.1.4/stax2-api-3.1.4.jar:/home/user/.m2/repository/com/fasterxml/woodstox/woodstox-core/5.0.3/woodstox-core-5.0.3.jar:/home/user/.m2/repository/dnsjava/dnsjava/2.1.7/dnsjava-2.1.7.jar:/home/user/.m2/repository/org/apache/hadoop/hadoop-hdfs/3.2.0/hadoop-hdfs-3.2.0-tests.jar:/home/user/.m2/repository/org/eclipse/jetty/jetty-util-ajax/9.3.24.v20180605/jetty-util-ajax-9.3.24.v20180605.jar:/home/user/.m2/repository/commons-daemon/commons-daemon/1.0.13/commons-daemon-1.0.13.jar:/home/user/.m2/repository/io/netty/netty/3.10.5.Final/netty-3.10.5.Final.jar:/home/user/.m2/repository/io/netty/netty-all/4.0.52.Final/netty-all-4.0.52.Final.jar:/home/user/.m2/repository/org/fusesource/leveldbjni/leveldbjni-all/1.8/leveldbjni-all-1.8.jar:"/>
    <property name="sun.cpu.endian" value="little"/>
    <property name="user.home" value="/home/user"/>
    <property name="user.language" value="en"/>
    <property name="java.specification.vendor" value="Oracle Corporation"/>
    <property name="java.home" value="/usr/lib/jvm/java-1.8-openjdk/jre"/>
    <property name="java.security.krb5.conf" value="/tmp/workdir/hadoop-ozone/integration-test/target/test-classes/krb5.conf"/>
    <property name="basedir" value="/tmp/workdir/hadoop-ozone/integration-test"/>
    <property name="file.separator" value="/"/>
    <property name="line.separator" value="&#10;"/>
    <property name="java.vm.specification.vendor" value="Oracle Corporation"/>
    <property name="java.specification.name" value="Java Platform API Specification"/>
    <property name="java.awt.graphicsenv" value="sun.awt.X11GraphicsEnvironment"/>
    <property name="surefire.real.class.path" value="/tmp/workdir/hadoop-ozone/integration-test/target/surefire/surefirebooter8571522315754224064.jar"/>
    <property name="hadoop.log.dir" value="/tmp/workdir/hadoop-ozone/integration-test/target/log"/>
    <property name="sun.boot.class.path" value="/usr/lib/jvm/java-1.8-openjdk/jre/lib/resources.jar:/usr/lib/jvm/java-1.8-openjdk/jre/lib/rt.jar:/usr/lib/jvm/java-1.8-openjdk/jre/lib/sunrsasign.jar:/usr/lib/jvm/java-1.8-openjdk/jre/lib/jsse.jar:/usr/lib/jvm/java-1.8-openjdk/jre/lib/jce.jar:/usr/lib/jvm/java-1.8-openjdk/jre/lib/charsets.jar:/usr/lib/jvm/java-1.8-openjdk/jre/lib/jfr.jar:/usr/lib/jvm/java-1.8-openjdk/jre/classes"/>
    <property name="sun.management.compiler" value="HotSpot 64-Bit Tiered Compilers"/>
    <property name="java.runtime.version" value="1.8.0_212-b04"/>
    <property name="java.net.preferIPv4Stack" value="true"/>
    <property name="user.name" value="jenkins1000"/>
    <property name="path.separator" value=":"/>
    <property name="java.security.egd" value="file:///dev/urandom"/>
    <property name="os.version" value="3.10.0-957.12.2.el7.x86_64"/>
    <property name="java.endorsed.dirs" value="/usr/lib/jvm/java-1.8-openjdk/jre/lib/endorsed"/>
    <property name="java.runtime.name" value="OpenJDK Runtime Environment"/>
    <property name="file.encoding" value="UTF-8"/>
    <property name="java.vm.name" value="OpenJDK 64-Bit Server VM"/>
    <property name="test.build.webapps" value=""/>
    <property name="localRepository" value="/home/user/.m2/repository"/>
    <property name="java.vendor.url.bug" value="https://icedtea.classpath.org/bugzilla"/>
    <property name="java.io.tmpdir" value="/tmp"/>
    <property name="require.test.libhadoop" value=""/>
    <property name="java.version" value="1.8.0_212"/>
    <property name="user.dir" value="/tmp/workdir/hadoop-ozone/integration-test"/>
    <property name="os.arch" value="amd64"/>
    <property name="java.vm.specification.name" value="Java Virtual Machine Specification"/>
    <property name="test.build.classes" value="/tmp/workdir/hadoop-ozone/integration-test/target/test-classes"/>
    <property name="java.awt.printerjob" value="sun.print.PSPrinterJob"/>
    <property name="sun.os.patch.level" value="unknown"/>
    <property name="hadoop.tmp.dir" value="/tmp/workdir/hadoop-ozone/integration-test/target/tmp"/>
    <property name="java.library.path" value="/usr/lib/jvm/java-1.8-openjdk/jre/lib/amd64/server:/usr/lib/jvm/java-1.8-openjdk/jre/lib/amd64:/usr/lib/jvm/java-1.8-openjdk/jre/../lib/amd64:/tmp/workdir/hadoop-ozone/integration-test/target/native/target/usr/local/lib:/tmp/workdir/hadoop-ozone/integration-test/../../hadoop-common-project/hadoop-common/target/native/target/usr/local/lib:/usr/java/packages/lib/amd64:/usr/lib64:/lib64:/lib:/usr/lib"/>
    <property name="java.vm.info" value="mixed mode"/>
    <property name="java.vendor" value="IcedTea"/>
    <property name="java.vm.version" value="25.212-b04"/>
    <property name="java.ext.dirs" value="/usr/lib/jvm/java-1.8-openjdk/jre/lib/ext:/usr/java/packages/lib/ext"/>
    <property name="sun.io.unicode.encoding" value="UnicodeLittle"/>
    <property name="java.class.version" value="52.0"/>
  </properties>
  <testcase name="testBlockWriteViaRatis" classname="org.apache.hadoop.ozone.client.rpc.TestCloseContainerHandlingByClient" time="9.39">
    <error type="java.lang.IllegalArgumentException">java.lang.IllegalArgumentException
	at com.google.common.base.Preconditions.checkArgument(Preconditions.java:72)
	at org.apache.hadoop.hdds.scm.XceiverClientManager.acquireClient(XceiverClientManager.java:150)
	at org.apache.hadoop.hdds.scm.XceiverClientManager.acquireClientForReadData(XceiverClientManager.java:143)
	at org.apache.hadoop.hdds.scm.storage.BlockInputStream.getChunkInfos(BlockInputStream.java:154)
	at org.apache.hadoop.hdds.scm.storage.BlockInputStream.initialize(BlockInputStream.java:118)
	at org.apache.hadoop.hdds.scm.storage.BlockInputStream.read(BlockInputStream.java:222)
	at org.apache.hadoop.ozone.client.io.KeyInputStream.read(KeyInputStream.java:171)
	at org.apache.hadoop.ozone.client.io.OzoneInputStream.read(OzoneInputStream.java:47)
	at java.io.InputStream.read(InputStream.java:101)
	at org.apache.hadoop.ozone.container.ContainerTestHelper.validateData(ContainerTestHelper.java:709)
	at org.apache.hadoop.ozone.client.rpc.TestCloseContainerHandlingByClient.validateData(TestCloseContainerHandlingByClient.java:401)
	at org.apache.hadoop.ozone.client.rpc.TestCloseContainerHandlingByClient.testBlockWriteViaRatis(TestCloseContainerHandlingByClient.java:433)
	at sun.reflect.NativeMethodAccessorImpl.invoke0(Native Method)
	at sun.reflect.NativeMethodAccessorImpl.invoke(NativeMethodAccessorImpl.java:62)
	at sun.reflect.DelegatingMethodAccessorImpl.invoke(DelegatingMethodAccessorImpl.java:43)
	at java.lang.reflect.Method.invoke(Method.java:498)
	at org.junit.runners.model.FrameworkMethod$1.runReflectiveCall(FrameworkMethod.java:47)
	at org.junit.internal.runners.model.ReflectiveCallable.run(ReflectiveCallable.java:12)
	at org.junit.runners.model.FrameworkMethod.invokeExplosively(FrameworkMethod.java:44)
	at org.junit.internal.runners.statements.InvokeMethod.evaluate(InvokeMethod.java:17)
	at org.junit.runners.ParentRunner.runLeaf(ParentRunner.java:271)
	at org.junit.runners.BlockJUnit4ClassRunner.runChild(BlockJUnit4ClassRunner.java:70)
	at org.junit.runners.BlockJUnit4ClassRunner.runChild(BlockJUnit4ClassRunner.java:50)
	at org.junit.runners.ParentRunner$3.run(ParentRunner.java:238)
	at org.junit.runners.ParentRunner$1.schedule(ParentRunner.java:63)
	at org.junit.runners.ParentRunner.runChildren(ParentRunner.java:236)
	at org.junit.runners.ParentRunner.access$000(ParentRunner.java:53)
	at org.junit.runners.ParentRunner$2.evaluate(ParentRunner.java:229)
	at org.junit.internal.runners.statements.RunBefores.evaluate(RunBefores.java:26)
	at org.junit.internal.runners.statements.RunAfters.evaluate(RunAfters.java:27)
	at org.junit.runners.ParentRunner.run(ParentRunner.java:309)
	at org.apache.maven.surefire.junit4.JUnit4Provider.execute(JUnit4Provider.java:365)
	at org.apache.maven.surefire.junit4.JUnit4Provider.executeWithRerun(JUnit4Provider.java:273)
	at org.apache.maven.surefire.junit4.JUnit4Provider.executeTestSet(JUnit4Provider.java:238)
	at org.apache.maven.surefire.junit4.JUnit4Provider.invoke(JUnit4Provider.java:159)
	at org.apache.maven.surefire.booter.ForkedBooter.invokeProviderInSameClassLoader(ForkedBooter.java:384)
	at org.apache.maven.surefire.booter.ForkedBooter.runSuitesInProcess(ForkedBooter.java:345)
	at org.apache.maven.surefire.booter.ForkedBooter.execute(ForkedBooter.java:126)
	at org.apache.maven.surefire.booter.ForkedBooter.main(ForkedBooter.java:418)
</error>
    <system-out><![CDATA[2019-07-14 02:59:27,179 WARN  server.ServerUtils (ServerUtils.java:getScmDbDir(145)) - ozone.scm.db.dirs is not configured. We recommend adding this setting. Falling back to ozone.metadata.dirs instead.
2019-07-14 02:59:27,328 WARN  server.ServerUtils (ServerUtils.java:getScmDbDir(145)) - ozone.scm.db.dirs is not configured. We recommend adding this setting. Falling back to ozone.metadata.dirs instead.
2019-07-14 02:59:27,331 WARN  server.ServerUtils (ServerUtils.java:getScmDbDir(145)) - ozone.scm.db.dirs is not configured. We recommend adding this setting. Falling back to ozone.metadata.dirs instead.
2019-07-14 02:59:27,351 INFO  util.log (Log.java:initialized(192)) - Logging initialized @857ms
2019-07-14 02:59:27,470 INFO  db.DBStoreBuilder (DBStoreBuilder.java:addTable(110)) - using custom profile for table: deletedBlocks
2019-07-14 02:59:27,471 INFO  db.DBStoreBuilder (DBStoreBuilder.java:processTables(161)) - Using default column profile:DBProfile.DISK for Table:deletedBlocks
2019-07-14 02:59:27,471 INFO  db.DBStoreBuilder (DBStoreBuilder.java:addTable(110)) - using custom profile for table: validCerts
2019-07-14 02:59:27,471 INFO  db.DBStoreBuilder (DBStoreBuilder.java:processTables(161)) - Using default column profile:DBProfile.DISK for Table:validCerts
2019-07-14 02:59:27,472 INFO  db.DBStoreBuilder (DBStoreBuilder.java:addTable(110)) - using custom profile for table: revokedCerts
2019-07-14 02:59:27,472 INFO  db.DBStoreBuilder (DBStoreBuilder.java:processTables(161)) - Using default column profile:DBProfile.DISK for Table:revokedCerts
2019-07-14 02:59:27,484 INFO  db.DBStoreBuilder (DBStoreBuilder.java:addTable(110)) - using custom profile for table: default
2019-07-14 02:59:27,484 INFO  db.DBStoreBuilder (DBStoreBuilder.java:processTables(167)) - Using default column profile:DBProfile.DISK for Table:default
2019-07-14 02:59:27,485 INFO  db.DBStoreBuilder (DBStoreBuilder.java:getDbProfile(198)) - Using default options. DBProfile.DISK
2019-07-14 02:59:27,728 INFO  net.NodeSchemaLoader (NodeSchemaLoader.java:loadSchemaFromFile(125)) - Loading file from sun.misc.CompoundEnumeration@291ae
2019-07-14 02:59:27,733 INFO  net.NodeSchemaLoader (NodeSchemaLoader.java:loadSchema(171)) - Loading network topology layer schema file
2019-07-14 02:59:27,805 INFO  node.SCMNodeManager (SCMNodeManager.java:<init>(119)) - Entering startup safe mode.
2019-07-14 02:59:27,889 WARN  server.ServerUtils (ServerUtils.java:getScmDbDir(145)) - ozone.scm.db.dirs is not configured. We recommend adding this setting. Falling back to ozone.metadata.dirs instead.
2019-07-14 02:59:27,948 INFO  pipeline.SCMPipelineManager (SCMPipelineManager.java:initializePipelineState(126)) - No pipeline exists in current db
2019-07-14 02:59:27,950 WARN  server.ServerUtils (ServerUtils.java:getScmDbDir(145)) - ozone.scm.db.dirs is not configured. We recommend adding this setting. Falling back to ozone.metadata.dirs instead.
2019-07-14 02:59:28,067 WARN  events.EventQueue (EventQueue.java:fireEvent(175)) - No event handler registered for event TypedEvent{payloadType=SafeModeStatus, name='SafeModeStatus'}
2019-07-14 02:59:28,395 INFO  ipc.CallQueueManager (CallQueueManager.java:<init>(84)) - Using callQueue: class java.util.concurrent.LinkedBlockingQueue, queueCapacity: 2000, scheduler: class org.apache.hadoop.ipc.DefaultRpcScheduler, ipcBackoff: false.
2019-07-14 02:59:28,422 INFO  ipc.Server (Server.java:run(1074)) - Starting Socket Reader #1 for port 44180
2019-07-14 02:59:28,446 INFO  ipc.CallQueueManager (CallQueueManager.java:<init>(84)) - Using callQueue: class java.util.concurrent.LinkedBlockingQueue, queueCapacity: 2000, scheduler: class org.apache.hadoop.ipc.DefaultRpcScheduler, ipcBackoff: false.
2019-07-14 02:59:28,447 INFO  ipc.Server (Server.java:run(1074)) - Starting Socket Reader #1 for port 34224
2019-07-14 02:59:28,453 INFO  ipc.CallQueueManager (CallQueueManager.java:<init>(84)) - Using callQueue: class java.util.concurrent.LinkedBlockingQueue, queueCapacity: 2000, scheduler: class org.apache.hadoop.ipc.DefaultRpcScheduler, ipcBackoff: false.
2019-07-14 02:59:28,454 INFO  ipc.Server (Server.java:run(1074)) - Starting Socket Reader #1 for port 45117
2019-07-14 02:59:28,576 INFO  hdfs.DFSUtil (DFSUtil.java:httpServerTemplateForNNAndJN(1641)) - Starting Web-server for scm at: http://0.0.0.0:0
2019-07-14 02:59:28,731 INFO  server.AuthenticationFilter (AuthenticationFilter.java:constructSecretProvider(240)) - Unable to initialize FileSignerSecretProvider, falling back to use random secrets.
2019-07-14 02:59:28,738 WARN  http.HttpRequestLog (HttpRequestLog.java:getRequestLog(97)) - Jetty request log can only be enabled using Log4j
2019-07-14 02:59:28,746 INFO  http.HttpServer2 (HttpServer2.java:addGlobalFilter(975)) - Added global filter 'safety' (class=org.apache.hadoop.http.HttpServer2$QuotingInputFilter)
2019-07-14 02:59:28,748 INFO  http.HttpServer2 (HttpServer2.java:addFilter(948)) - Added filter static_user_filter (class=org.apache.hadoop.http.lib.StaticUserWebFilter$StaticUserFilter) to context scm
2019-07-14 02:59:28,748 INFO  http.HttpServer2 (HttpServer2.java:addFilter(958)) - Added filter static_user_filter (class=org.apache.hadoop.http.lib.StaticUserWebFilter$StaticUserFilter) to context static
2019-07-14 02:59:28,749 INFO  http.HttpServer2 (HttpServer2.java:addFilter(958)) - Added filter static_user_filter (class=org.apache.hadoop.http.lib.StaticUserWebFilter$StaticUserFilter) to context logs
2019-07-14 02:59:28,774 INFO  server.StorageContainerManager (StorageContainerManager.java:start(759)) - StorageContainerLocationProtocol RPC server is listening at /0.0.0.0:45117
2019-07-14 02:59:28,863 WARN  impl.MetricsConfig (MetricsConfig.java:loadFirst(134)) - Cannot locate configuration: tried hadoop-metrics2-storagecontainermanager.properties,hadoop-metrics2.properties
2019-07-14 02:59:28,881 INFO  impl.MetricsSystemImpl (MetricsSystemImpl.java:startTimer(374)) - Scheduled Metric snapshot period at 10 second(s).
2019-07-14 02:59:28,881 INFO  impl.MetricsSystemImpl (MetricsSystemImpl.java:start(191)) - StorageContainerManager metrics system started
2019-07-14 02:59:29,131 INFO  server.SCMClientProtocolServer (SCMClientProtocolServer.java:start(149)) - RPC server for Client  is listening at /0.0.0.0:45117
2019-07-14 02:59:29,132 INFO  ipc.Server (Server.java:run(1314)) - IPC Server Responder: starting
2019-07-14 02:59:29,132 INFO  ipc.Server (Server.java:run(1153)) - IPC Server listener on 45117: starting
2019-07-14 02:59:29,137 INFO  server.StorageContainerManager (StorageContainerManager.java:start(768)) - ScmBlockLocationProtocol RPC server is listening at /0.0.0.0:34224
2019-07-14 02:59:29,138 INFO  server.SCMBlockProtocolServer (SCMBlockProtocolServer.java:start(140)) - RPC server for Block Protocol is listening at /0.0.0.0:34224
2019-07-14 02:59:29,138 INFO  ipc.Server (Server.java:run(1314)) - IPC Server Responder: starting
2019-07-14 02:59:29,138 INFO  ipc.Server (Server.java:run(1153)) - IPC Server listener on 34224: starting
2019-07-14 02:59:29,147 INFO  server.StorageContainerManager (StorageContainerManager.java:start(772)) - ScmDatanodeProtocl RPC server is listening at /0.0.0.0:44180
2019-07-14 02:59:29,147 INFO  server.SCMDatanodeProtocolServer (SCMDatanodeProtocolServer.java:start(191)) - RPC server for DataNodes is listening at /0.0.0.0:44180
2019-07-14 02:59:29,149 INFO  ipc.Server (Server.java:run(1314)) - IPC Server Responder: starting
2019-07-14 02:59:29,150 INFO  ipc.Server (Server.java:run(1153)) - IPC Server listener on 44180: starting
2019-07-14 02:59:29,162 INFO  http.HttpServer2 (HttpServer2.java:bindListener(1191)) - Jetty bound to port 35232
2019-07-14 02:59:29,165 INFO  server.Server (Server.java:doStart(351)) - jetty-9.3.24.v20180605, build timestamp: 2018-06-05T17:11:56Z, git hash: 84205aa28f11a4f31f2a3b86d1bba2cc8ab69827
2019-07-14 02:59:29,208 INFO  handler.ContextHandler (ContextHandler.java:doStart(781)) - Started o.e.j.s.ServletContextHandler@15dcfae7{/logs,file:///tmp/workdir/hadoop-ozone/integration-test/target/log,AVAILABLE}
2019-07-14 02:59:29,209 INFO  handler.ContextHandler (ContextHandler.java:doStart(781)) - Started o.e.j.s.ServletContextHandler@1e636ea3{/static,file:///tmp/workdir/hadoop-ozone/integration-test/target/test-classes/webapps/static,AVAILABLE}
2019-07-14 02:59:29,242 INFO  handler.ContextHandler (ContextHandler.java:doStart(781)) - Started o.e.j.w.WebAppContext@3f23a3a0{/,file:///tmp/workdir/hadoop-ozone/integration-test/target/test-classes/webapps/scm/,AVAILABLE}{/scm}
2019-07-14 02:59:29,247 INFO  server.AbstractConnector (AbstractConnector.java:doStart(278)) - Started ServerConnector@6c6357f9{HTTP/1.1,[http/1.1]}{0.0.0.0:35232}
2019-07-14 02:59:29,247 INFO  server.Server (Server.java:doStart(419)) - Started @2753ms
2019-07-14 02:59:29,248 INFO  server.BaseHttpServer (BaseHttpServer.java:updateConnectorAddress(207)) - HTTP server of SCM is listening at http://0.0.0.0:35232
2019-07-14 02:59:29,259 INFO  util.JvmPauseMonitor (JvmPauseMonitor.java:run(188)) - Starting JVM pause monitor
2019-07-14 02:59:29,264 WARN  server.ServerUtils (ServerUtils.java:getDBPath(222)) - ozone.om.db.dirs is not configured. We recommend adding this setting. Falling back to ozone.metadata.dirs instead.
2019-07-14 02:59:29,383 WARN  server.ServerUtils (ServerUtils.java:getDBPath(222)) - ozone.om.db.dirs is not configured. We recommend adding this setting. Falling back to ozone.metadata.dirs instead.
2019-07-14 02:59:29,384 INFO  om.OzoneManager (OzoneManager.java:setOMNodeDetails(630)) - OM Service ID is not set. Setting it to the default ID: omServiceIdDefault
2019-07-14 02:59:29,385 INFO  om.OzoneManager (OzoneManager.java:setOMNodeDetails(636)) - OM Node ID is not set. Setting it to the OmStorage's OmID: 14e726ba-e5fb-4036-9faa-fae80e157556
2019-07-14 02:59:29,386 INFO  om.OzoneManager (OzoneManager.java:loadOMHAConfigs(587)) - Found matching OM address with OMServiceId: null, OMNodeId: null, RPC Address: localhost:0 and Ratis port: 9872
2019-07-14 02:59:29,648 WARN  server.ServerUtils (ServerUtils.java:getDBPath(222)) - ozone.om.db.dirs is not configured. We recommend adding this setting. Falling back to ozone.metadata.dirs instead.
2019-07-14 02:59:29,655 INFO  db.DBStoreBuilder (DBStoreBuilder.java:addTable(110)) - using custom profile for table: userTable
2019-07-14 02:59:29,655 INFO  db.DBStoreBuilder (DBStoreBuilder.java:processTables(161)) - Using default column profile:DBProfile.DISK for Table:userTable
2019-07-14 02:59:29,655 INFO  db.DBStoreBuilder (DBStoreBuilder.java:addTable(110)) - using custom profile for table: volumeTable
2019-07-14 02:59:29,655 INFO  db.DBStoreBuilder (DBStoreBuilder.java:processTables(161)) - Using default column profile:DBProfile.DISK for Table:volumeTable
2019-07-14 02:59:29,656 INFO  db.DBStoreBuilder (DBStoreBuilder.java:addTable(110)) - using custom profile for table: bucketTable
2019-07-14 02:59:29,656 INFO  db.DBStoreBuilder (DBStoreBuilder.java:processTables(161)) - Using default column profile:DBProfile.DISK for Table:bucketTable
2019-07-14 02:59:29,656 INFO  db.DBStoreBuilder (DBStoreBuilder.java:addTable(110)) - using custom profile for table: keyTable
2019-07-14 02:59:29,656 INFO  db.DBStoreBuilder (DBStoreBuilder.java:processTables(161)) - Using default column profile:DBProfile.DISK for Table:keyTable
2019-07-14 02:59:29,657 INFO  db.DBStoreBuilder (DBStoreBuilder.java:addTable(110)) - using custom profile for table: deletedTable
2019-07-14 02:59:29,657 INFO  db.DBStoreBuilder (DBStoreBuilder.java:processTables(161)) - Using default column profile:DBProfile.DISK for Table:deletedTable
2019-07-14 02:59:29,657 INFO  db.DBStoreBuilder (DBStoreBuilder.java:addTable(110)) - using custom profile for table: openKeyTable
2019-07-14 02:59:29,657 INFO  db.DBStoreBuilder (DBStoreBuilder.java:processTables(161)) - Using default column profile:DBProfile.DISK for Table:openKeyTable
2019-07-14 02:59:29,657 INFO  db.DBStoreBuilder (DBStoreBuilder.java:addTable(110)) - using custom profile for table: s3Table
2019-07-14 02:59:29,658 INFO  db.DBStoreBuilder (DBStoreBuilder.java:processTables(161)) - Using default column profile:DBProfile.DISK for Table:s3Table
2019-07-14 02:59:29,658 INFO  db.DBStoreBuilder (DBStoreBuilder.java:addTable(110)) - using custom profile for table: multipartInfoTable
2019-07-14 02:59:29,658 INFO  db.DBStoreBuilder (DBStoreBuilder.java:processTables(161)) - Using default column profile:DBProfile.DISK for Table:multipartInfoTable
2019-07-14 02:59:29,658 INFO  db.DBStoreBuilder (DBStoreBuilder.java:addTable(110)) - using custom profile for table: dTokenTable
2019-07-14 02:59:29,659 INFO  db.DBStoreBuilder (DBStoreBuilder.java:processTables(161)) - Using default column profile:DBProfile.DISK for Table:dTokenTable
2019-07-14 02:59:29,659 INFO  db.DBStoreBuilder (DBStoreBuilder.java:addTable(110)) - using custom profile for table: s3SecretTable
2019-07-14 02:59:29,659 INFO  db.DBStoreBuilder (DBStoreBuilder.java:processTables(161)) - Using default column profile:DBProfile.DISK for Table:s3SecretTable
2019-07-14 02:59:29,659 INFO  db.DBStoreBuilder (DBStoreBuilder.java:addTable(110)) - using custom profile for table: prefixTable
2019-07-14 02:59:29,659 INFO  db.DBStoreBuilder (DBStoreBuilder.java:processTables(161)) - Using default column profile:DBProfile.DISK for Table:prefixTable
2019-07-14 02:59:29,660 INFO  db.DBStoreBuilder (DBStoreBuilder.java:addTable(110)) - using custom profile for table: default
2019-07-14 02:59:29,660 INFO  db.DBStoreBuilder (DBStoreBuilder.java:processTables(167)) - Using default column profile:DBProfile.DISK for Table:default
2019-07-14 02:59:29,661 INFO  db.DBStoreBuilder (DBStoreBuilder.java:getDbProfile(198)) - Using default options. DBProfile.DISK
2019-07-14 02:59:30,637 INFO  ipc.CallQueueManager (CallQueueManager.java:<init>(84)) - Using callQueue: class java.util.concurrent.LinkedBlockingQueue, queueCapacity: 2000, scheduler: class org.apache.hadoop.ipc.DefaultRpcScheduler, ipcBackoff: false.
2019-07-14 02:59:30,639 INFO  ipc.Server (Server.java:run(1074)) - Starting Socket Reader #1 for port 37955
2019-07-14 02:59:30,680 WARN  server.ServerUtils (ServerUtils.java:getDBPath(222)) - ozone.om.db.dirs is not configured. We recommend adding this setting. Falling back to ozone.metadata.dirs instead.
2019-07-14 02:59:30,681 INFO  om.OzoneManager (OzoneManager.java:start(1228)) - OzoneManager RPC server is listening at localhost/127.0.0.1:37955
2019-07-14 02:59:30,681 INFO  impl.MetricsSystemImpl (MetricsSystemImpl.java:init(158)) - OzoneManager metrics system started (again)
2019-07-14 02:59:30,683 INFO  ipc.Server (Server.java:run(1314)) - IPC Server Responder: starting
2019-07-14 02:59:30,683 INFO  ipc.Server (Server.java:run(1153)) - IPC Server listener on 37955: starting
2019-07-14 02:59:30,700 INFO  hdfs.DFSUtil (DFSUtil.java:httpServerTemplateForNNAndJN(1641)) - Starting Web-server for ozoneManager at: http://0.0.0.0:0
2019-07-14 02:59:30,703 INFO  server.AuthenticationFilter (AuthenticationFilter.java:constructSecretProvider(240)) - Unable to initialize FileSignerSecretProvider, falling back to use random secrets.
2019-07-14 02:59:30,704 WARN  http.HttpRequestLog (HttpRequestLog.java:getRequestLog(97)) - Jetty request log can only be enabled using Log4j
2019-07-14 02:59:30,708 INFO  http.HttpServer2 (HttpServer2.java:addGlobalFilter(975)) - Added global filter 'safety' (class=org.apache.hadoop.http.HttpServer2$QuotingInputFilter)
2019-07-14 02:59:30,709 INFO  http.HttpServer2 (HttpServer2.java:addFilter(948)) - Added filter static_user_filter (class=org.apache.hadoop.http.lib.StaticUserWebFilter$StaticUserFilter) to context ozoneManager
2019-07-14 02:59:30,709 INFO  http.HttpServer2 (HttpServer2.java:addFilter(958)) - Added filter static_user_filter (class=org.apache.hadoop.http.lib.StaticUserWebFilter$StaticUserFilter) to context static
2019-07-14 02:59:30,710 INFO  http.HttpServer2 (HttpServer2.java:addFilter(958)) - Added filter static_user_filter (class=org.apache.hadoop.http.lib.StaticUserWebFilter$StaticUserFilter) to context logs
2019-07-14 02:59:30,713 INFO  http.HttpServer2 (HttpServer2.java:bindListener(1191)) - Jetty bound to port 34862
2019-07-14 02:59:30,714 INFO  server.Server (Server.java:doStart(351)) - jetty-9.3.24.v20180605, build timestamp: 2018-06-05T17:11:56Z, git hash: 84205aa28f11a4f31f2a3b86d1bba2cc8ab69827
2019-07-14 02:59:30,717 INFO  handler.ContextHandler (ContextHandler.java:doStart(781)) - Started o.e.j.s.ServletContextHandler@301d8120{/logs,file:///tmp/workdir/hadoop-ozone/integration-test/target/log,AVAILABLE}
2019-07-14 02:59:30,718 INFO  handler.ContextHandler (ContextHandler.java:doStart(781)) - Started o.e.j.s.ServletContextHandler@72458efc{/static,file:///tmp/workdir/hadoop-ozone/integration-test/target/test-classes/webapps/static,AVAILABLE}
2019-07-14 02:59:30,726 INFO  handler.ContextHandler (ContextHandler.java:doStart(781)) - Started o.e.j.w.WebAppContext@6a84bc2a{/,file:///tmp/workdir/hadoop-ozone/integration-test/target/test-classes/webapps/ozoneManager/,AVAILABLE}{/ozoneManager}
2019-07-14 02:59:30,727 INFO  server.AbstractConnector (AbstractConnector.java:doStart(278)) - Started ServerConnector@5183d589{HTTP/1.1,[http/1.1]}{0.0.0.0:34862}
2019-07-14 02:59:30,729 INFO  server.Server (Server.java:doStart(419)) - Started @4234ms
2019-07-14 02:59:30,730 INFO  server.BaseHttpServer (BaseHttpServer.java:updateConnectorAddress(207)) - HTTP server of OZONEMANAGER is listening at http://0.0.0.0:34862
2019-07-14 02:59:31,086 INFO  impl.MetricsSystemImpl (MetricsSystemImpl.java:init(158)) - HddsDatanode metrics system started (again)
2019-07-14 02:59:31,201 INFO  ozone.HddsDatanodeService (HddsDatanodeService.java:start(185)) - HddsDatanodeService host:trunk-nightly-k88cw-3644625431 ip:192.168.157.236
2019-07-14 02:59:31,235 INFO  volume.HddsVolume (HddsVolume.java:<init>(176)) - Creating Volume: /tmp/workdir/hadoop-ozone/integration-test/target/test-dir/MiniOzoneClusterImpl-aa191f61-e7fe-4cd9-99ae-055af518faa6/datanode-0/data/containers/hdds of  storage type : DISK and capacity : 52710309888
2019-07-14 02:59:31,237 INFO  volume.VolumeSet (VolumeSet.java:initializeVolumeSet(170)) - Added Volume : /tmp/workdir/hadoop-ozone/integration-test/target/test-dir/MiniOzoneClusterImpl-aa191f61-e7fe-4cd9-99ae-055af518faa6/datanode-0/data/containers/hdds to VolumeSet
2019-07-14 02:59:31,240 INFO  volume.ThrottledAsyncChecker (ThrottledAsyncChecker.java:schedule(140)) - Scheduling a check for org.apache.hadoop.ozone.container.common.volume.HddsVolume@451f87af
2019-07-14 02:59:31,258 INFO  volume.HddsVolumeChecker (HddsVolumeChecker.java:checkAllVolumes(203)) - Scheduled health check for volume org.apache.hadoop.ozone.container.common.volume.HddsVolume@451f87af
2019-07-14 02:59:31,367 INFO  impl.RaftServerProxy (ConfUtils.java:logGet(43)) - raft.rpc.type = GRPC (default)
2019-07-14 02:59:31,430 INFO  grpc.GrpcFactory (GrpcFactory.java:checkPooledByteBufAllocatorUseCacheForAllThreads(45)) - PERFORMANCE WARNING: useCacheForAllThreads is true that may cause Netty to create a lot garbage objects and, as a result, trigger GC.
	It is recommended to disable useCacheForAllThreads by setting -Dorg.apache.ratis.thirdparty.io.netty.allocator.useCacheForAllThreads=false in command line.
2019-07-14 02:59:31,434 INFO  grpc.GrpcConfigKeys$Server (ConfUtils.java:logGet(43)) - raft.grpc.server.port = 0 (default)
2019-07-14 02:59:31,435 INFO  server.GrpcService (ConfUtils.java:logGet(43)) - raft.grpc.message.size.max = 33570816 (custom)
2019-07-14 02:59:31,436 INFO  server.RaftServerConfigKeys (ConfUtils.java:logGet(43)) - raft.server.log.appender.buffer.byte-limit = 33554432 (custom)
2019-07-14 02:59:31,437 INFO  server.GrpcService (ConfUtils.java:logGet(43)) - raft.grpc.flow.control.window = 1MB (=1048576) (default)
2019-07-14 02:59:31,438 INFO  server.RaftServerConfigKeys (ConfUtils.java:logGet(43)) - raft.server.rpc.request.timeout = 3000ms (default)
2019-07-14 02:59:31,638 INFO  server.RaftServerConfigKeys (ConfUtils.java:logGet(43)) - raft.server.storage.dir = [/tmp/workdir/hadoop-ozone/integration-test/target/test-dir/MiniOzoneClusterImpl-aa191f61-e7fe-4cd9-99ae-055af518faa6/datanode-0/data/ratis] (custom)
2019-07-14 02:59:31,685 INFO  replication.SimpleContainerDownloader (SimpleContainerDownloader.java:<init>(72)) - Starting container downloader service to copy containers to replicate.
2019-07-14 02:59:31,700 INFO  hdfs.DFSUtil (DFSUtil.java:httpServerTemplateForNNAndJN(1641)) - Starting Web-server for hddsDatanode at: http://0.0.0.0:0
2019-07-14 02:59:31,704 INFO  server.AuthenticationFilter (AuthenticationFilter.java:constructSecretProvider(240)) - Unable to initialize FileSignerSecretProvider, falling back to use random secrets.
2019-07-14 02:59:31,705 WARN  http.HttpRequestLog (HttpRequestLog.java:getRequestLog(97)) - Jetty request log can only be enabled using Log4j
2019-07-14 02:59:31,709 INFO  http.HttpServer2 (HttpServer2.java:addGlobalFilter(975)) - Added global filter 'safety' (class=org.apache.hadoop.http.HttpServer2$QuotingInputFilter)
2019-07-14 02:59:31,710 INFO  http.HttpServer2 (HttpServer2.java:addFilter(948)) - Added filter static_user_filter (class=org.apache.hadoop.http.lib.StaticUserWebFilter$StaticUserFilter) to context hddsDatanode
2019-07-14 02:59:31,710 INFO  http.HttpServer2 (HttpServer2.java:addFilter(958)) - Added filter static_user_filter (class=org.apache.hadoop.http.lib.StaticUserWebFilter$StaticUserFilter) to context static
2019-07-14 02:59:31,710 INFO  http.HttpServer2 (HttpServer2.java:addFilter(958)) - Added filter static_user_filter (class=org.apache.hadoop.http.lib.StaticUserWebFilter$StaticUserFilter) to context logs
2019-07-14 02:59:31,712 INFO  http.HttpServer2 (HttpServer2.java:bindListener(1191)) - Jetty bound to port 38538
2019-07-14 02:59:31,713 INFO  server.Server (Server.java:doStart(351)) - jetty-9.3.24.v20180605, build timestamp: 2018-06-05T17:11:56Z, git hash: 84205aa28f11a4f31f2a3b86d1bba2cc8ab69827
2019-07-14 02:59:31,716 INFO  handler.ContextHandler (ContextHandler.java:doStart(781)) - Started o.e.j.s.ServletContextHandler@21c815e4{/logs,file:///tmp/workdir/hadoop-ozone/integration-test/target/log,AVAILABLE}
2019-07-14 02:59:31,717 INFO  handler.ContextHandler (ContextHandler.java:doStart(781)) - Started o.e.j.s.ServletContextHandler@2a331b46{/static,jar:file:/home/user/.m2/repository/org/apache/hadoop/hadoop-hdds-container-service/0.5.0-SNAPSHOT/hadoop-hdds-container-service-0.5.0-SNAPSHOT.jar!/webapps/static,AVAILABLE}
2019-07-14 02:59:31,765 INFO  handler.ContextHandler (ContextHandler.java:doStart(781)) - Started o.e.j.w.WebAppContext@113e13f9{/,file:///tmp/jetty-0.0.0.0-38538-hddsDatanode-_-any-7494119381677951794.dir/webapp/,AVAILABLE}{/hddsDatanode}
2019-07-14 02:59:31,765 INFO  server.AbstractConnector (AbstractConnector.java:doStart(278)) - Started ServerConnector@1c7f96b1{HTTP/1.1,[http/1.1]}{0.0.0.0:38538}
2019-07-14 02:59:31,766 INFO  server.Server (Server.java:doStart(419)) - Started @5273ms
2019-07-14 02:59:31,768 INFO  server.BaseHttpServer (BaseHttpServer.java:updateConnectorAddress(207)) - HTTP server of HDDSDATANODE is listening at http://0.0.0.0:38538
2019-07-14 02:59:32,961 INFO  ozone.HddsDatanodeService (HddsDatanodeService.java:startPlugins(396)) - Started plug-in org.apache.hadoop.ozone.web.OzoneHddsDatanodeService@5f61371d
2019-07-14 02:59:32,964 INFO  impl.MetricsSystemImpl (MetricsSystemImpl.java:init(158)) - HddsDatanode metrics system started (again)
2019-07-14 02:59:32,965 INFO  ozone.HddsDatanodeService (HddsDatanodeService.java:start(185)) - HddsDatanodeService host:trunk-nightly-k88cw-3644625431 ip:192.168.157.236
2019-07-14 02:59:32,972 INFO  util.JvmPauseMonitor (JvmPauseMonitor.java:run(188)) - Starting JVM pause monitor
2019-07-14 02:59:32,976 INFO  volume.HddsVolume (HddsVolume.java:<init>(176)) - Creating Volume: /tmp/workdir/hadoop-ozone/integration-test/target/test-dir/MiniOzoneClusterImpl-aa191f61-e7fe-4cd9-99ae-055af518faa6/datanode-1/data/containers/hdds of  storage type : DISK and capacity : 52710309888
2019-07-14 02:59:32,977 INFO  volume.VolumeSet (VolumeSet.java:initializeVolumeSet(170)) - Added Volume : /tmp/workdir/hadoop-ozone/integration-test/target/test-dir/MiniOzoneClusterImpl-aa191f61-e7fe-4cd9-99ae-055af518faa6/datanode-1/data/containers/hdds to VolumeSet
2019-07-14 02:59:32,978 INFO  volume.ThrottledAsyncChecker (ThrottledAsyncChecker.java:schedule(140)) - Scheduling a check for org.apache.hadoop.ozone.container.common.volume.HddsVolume@45292ec1
2019-07-14 02:59:32,979 INFO  volume.HddsVolumeChecker (HddsVolumeChecker.java:checkAllVolumes(203)) - Scheduled health check for volume org.apache.hadoop.ozone.container.common.volume.HddsVolume@45292ec1
2019-07-14 02:59:33,000 INFO  impl.RaftServerProxy (ConfUtils.java:logGet(43)) - raft.rpc.type = GRPC (default)
2019-07-14 02:59:33,000 INFO  grpc.GrpcFactory (GrpcFactory.java:checkPooledByteBufAllocatorUseCacheForAllThreads(45)) - PERFORMANCE WARNING: useCacheForAllThreads is true that may cause Netty to create a lot garbage objects and, as a result, trigger GC.
	It is recommended to disable useCacheForAllThreads by setting -Dorg.apache.ratis.thirdparty.io.netty.allocator.useCacheForAllThreads=false in command line.
2019-07-14 02:59:33,001 INFO  grpc.GrpcConfigKeys$Server (ConfUtils.java:logGet(43)) - raft.grpc.server.port = 0 (default)
2019-07-14 02:59:33,001 INFO  server.GrpcService (ConfUtils.java:logGet(43)) - raft.grpc.message.size.max = 33570816 (custom)
2019-07-14 02:59:33,001 INFO  server.RaftServerConfigKeys (ConfUtils.java:logGet(43)) - raft.server.log.appender.buffer.byte-limit = 33554432 (custom)
2019-07-14 02:59:33,002 INFO  server.GrpcService (ConfUtils.java:logGet(43)) - raft.grpc.flow.control.window = 1MB (=1048576) (default)
2019-07-14 02:59:33,002 INFO  server.RaftServerConfigKeys (ConfUtils.java:logGet(43)) - raft.server.rpc.request.timeout = 3000ms (default)
2019-07-14 02:59:33,003 INFO  server.RaftServerConfigKeys (ConfUtils.java:logGet(43)) - raft.server.storage.dir = [/tmp/workdir/hadoop-ozone/integration-test/target/test-dir/MiniOzoneClusterImpl-aa191f61-e7fe-4cd9-99ae-055af518faa6/datanode-1/data/ratis] (custom)
2019-07-14 02:59:33,003 INFO  replication.SimpleContainerDownloader (SimpleContainerDownloader.java:<init>(72)) - Starting container downloader service to copy containers to replicate.
2019-07-14 02:59:33,005 INFO  hdfs.DFSUtil (DFSUtil.java:httpServerTemplateForNNAndJN(1641)) - Starting Web-server for hddsDatanode at: http://0.0.0.0:0
2019-07-14 02:59:33,008 INFO  server.AuthenticationFilter (AuthenticationFilter.java:constructSecretProvider(240)) - Unable to initialize FileSignerSecretProvider, falling back to use random secrets.
2019-07-14 02:59:33,009 WARN  http.HttpRequestLog (HttpRequestLog.java:getRequestLog(97)) - Jetty request log can only be enabled using Log4j
2019-07-14 02:59:33,012 INFO  http.HttpServer2 (HttpServer2.java:addGlobalFilter(975)) - Added global filter 'safety' (class=org.apache.hadoop.http.HttpServer2$QuotingInputFilter)
2019-07-14 02:59:33,013 INFO  http.HttpServer2 (HttpServer2.java:addFilter(948)) - Added filter static_user_filter (class=org.apache.hadoop.http.lib.StaticUserWebFilter$StaticUserFilter) to context hddsDatanode
2019-07-14 02:59:33,013 INFO  http.HttpServer2 (HttpServer2.java:addFilter(958)) - Added filter static_user_filter (class=org.apache.hadoop.http.lib.StaticUserWebFilter$StaticUserFilter) to context logs
2019-07-14 02:59:33,013 INFO  http.HttpServer2 (HttpServer2.java:addFilter(958)) - Added filter static_user_filter (class=org.apache.hadoop.http.lib.StaticUserWebFilter$StaticUserFilter) to context static
2019-07-14 02:59:33,014 INFO  http.HttpServer2 (HttpServer2.java:bindListener(1191)) - Jetty bound to port 39387
2019-07-14 02:59:33,014 INFO  server.Server (Server.java:doStart(351)) - jetty-9.3.24.v20180605, build timestamp: 2018-06-05T17:11:56Z, git hash: 84205aa28f11a4f31f2a3b86d1bba2cc8ab69827
2019-07-14 02:59:33,018 INFO  handler.ContextHandler (ContextHandler.java:doStart(781)) - Started o.e.j.s.ServletContextHandler@570ba13{/logs,file:///tmp/workdir/hadoop-ozone/integration-test/target/log,AVAILABLE}
2019-07-14 02:59:33,018 INFO  handler.ContextHandler (ContextHandler.java:doStart(781)) - Started o.e.j.s.ServletContextHandler@525b1b70{/static,jar:file:/home/user/.m2/repository/org/apache/hadoop/hadoop-hdds-container-service/0.5.0-SNAPSHOT/hadoop-hdds-container-service-0.5.0-SNAPSHOT.jar!/webapps/static,AVAILABLE}
2019-07-14 02:59:33,047 INFO  handler.ContextHandler (ContextHandler.java:doStart(781)) - Started o.e.j.w.WebAppContext@902fdbe{/,file:///tmp/jetty-0.0.0.0-39387-hddsDatanode-_-any-5481488756856925089.dir/webapp/,AVAILABLE}{/hddsDatanode}
2019-07-14 02:59:33,047 INFO  server.AbstractConnector (AbstractConnector.java:doStart(278)) - Started ServerConnector@796d33eb{HTTP/1.1,[http/1.1]}{0.0.0.0:39387}
2019-07-14 02:59:33,048 INFO  server.Server (Server.java:doStart(419)) - Started @6554ms
2019-07-14 02:59:33,049 INFO  server.BaseHttpServer (BaseHttpServer.java:updateConnectorAddress(207)) - HTTP server of HDDSDATANODE is listening at http://0.0.0.0:39387
2019-07-14 02:59:33,100 INFO  datanode.InitDatanodeState (InitDatanodeState.java:persistContainerDatanodeDetails(140)) - DatanodeDetails is persisted to /tmp/workdir/hadoop-ozone/integration-test/target/test-dir/MiniOzoneClusterImpl-aa191f61-e7fe-4cd9-99ae-055af518faa6/datanode-0/meta/datanode.id
2019-07-14 02:59:33,186 INFO  ozone.HddsDatanodeService (HddsDatanodeService.java:startPlugins(396)) - Started plug-in org.apache.hadoop.ozone.web.OzoneHddsDatanodeService@1e98b788
2019-07-14 02:59:33,186 INFO  impl.MetricsSystemImpl (MetricsSystemImpl.java:init(158)) - HddsDatanode metrics system started (again)
2019-07-14 02:59:33,187 INFO  ozone.HddsDatanodeService (HddsDatanodeService.java:start(185)) - HddsDatanodeService host:trunk-nightly-k88cw-3644625431 ip:192.168.157.236
2019-07-14 02:59:33,189 INFO  util.JvmPauseMonitor (JvmPauseMonitor.java:run(188)) - Starting JVM pause monitor
2019-07-14 02:59:33,198 INFO  volume.HddsVolume (HddsVolume.java:<init>(176)) - Creating Volume: /tmp/workdir/hadoop-ozone/integration-test/target/test-dir/MiniOzoneClusterImpl-aa191f61-e7fe-4cd9-99ae-055af518faa6/datanode-2/data/containers/hdds of  storage type : DISK and capacity : 52710309888
2019-07-14 02:59:33,198 INFO  volume.VolumeSet (VolumeSet.java:initializeVolumeSet(170)) - Added Volume : /tmp/workdir/hadoop-ozone/integration-test/target/test-dir/MiniOzoneClusterImpl-aa191f61-e7fe-4cd9-99ae-055af518faa6/datanode-2/data/containers/hdds to VolumeSet
2019-07-14 02:59:33,199 INFO  volume.ThrottledAsyncChecker (ThrottledAsyncChecker.java:schedule(140)) - Scheduling a check for org.apache.hadoop.ozone.container.common.volume.HddsVolume@10f477e2
2019-07-14 02:59:33,199 INFO  volume.HddsVolumeChecker (HddsVolumeChecker.java:checkAllVolumes(203)) - Scheduled health check for volume org.apache.hadoop.ozone.container.common.volume.HddsVolume@10f477e2
2019-07-14 02:59:33,201 INFO  datanode.InitDatanodeState (InitDatanodeState.java:persistContainerDatanodeDetails(140)) - DatanodeDetails is persisted to /tmp/workdir/hadoop-ozone/integration-test/target/test-dir/MiniOzoneClusterImpl-aa191f61-e7fe-4cd9-99ae-055af518faa6/datanode-1/meta/datanode.id
2019-07-14 02:59:33,216 INFO  impl.RaftServerProxy (ConfUtils.java:logGet(43)) - raft.rpc.type = GRPC (default)
2019-07-14 02:59:33,216 INFO  grpc.GrpcFactory (GrpcFactory.java:checkPooledByteBufAllocatorUseCacheForAllThreads(45)) - PERFORMANCE WARNING: useCacheForAllThreads is true that may cause Netty to create a lot garbage objects and, as a result, trigger GC.
	It is recommended to disable useCacheForAllThreads by setting -Dorg.apache.ratis.thirdparty.io.netty.allocator.useCacheForAllThreads=false in command line.
2019-07-14 02:59:33,217 INFO  grpc.GrpcConfigKeys$Server (ConfUtils.java:logGet(43)) - raft.grpc.server.port = 0 (default)
2019-07-14 02:59:33,217 INFO  server.GrpcService (ConfUtils.java:logGet(43)) - raft.grpc.message.size.max = 33570816 (custom)
2019-07-14 02:59:33,217 INFO  server.RaftServerConfigKeys (ConfUtils.java:logGet(43)) - raft.server.log.appender.buffer.byte-limit = 33554432 (custom)
2019-07-14 02:59:33,217 INFO  server.GrpcService (ConfUtils.java:logGet(43)) - raft.grpc.flow.control.window = 1MB (=1048576) (default)
2019-07-14 02:59:33,218 INFO  server.RaftServerConfigKeys (ConfUtils.java:logGet(43)) - raft.server.rpc.request.timeout = 3000ms (default)
2019-07-14 02:59:33,218 INFO  server.RaftServerConfigKeys (ConfUtils.java:logGet(43)) - raft.server.storage.dir = [/tmp/workdir/hadoop-ozone/integration-test/target/test-dir/MiniOzoneClusterImpl-aa191f61-e7fe-4cd9-99ae-055af518faa6/datanode-2/data/ratis] (custom)
2019-07-14 02:59:33,219 INFO  replication.SimpleContainerDownloader (SimpleContainerDownloader.java:<init>(72)) - Starting container downloader service to copy containers to replicate.
2019-07-14 02:59:33,220 INFO  hdfs.DFSUtil (DFSUtil.java:httpServerTemplateForNNAndJN(1641)) - Starting Web-server for hddsDatanode at: http://0.0.0.0:0
2019-07-14 02:59:33,222 INFO  server.AuthenticationFilter (AuthenticationFilter.java:constructSecretProvider(240)) - Unable to initialize FileSignerSecretProvider, falling back to use random secrets.
2019-07-14 02:59:33,223 WARN  http.HttpRequestLog (HttpRequestLog.java:getRequestLog(97)) - Jetty request log can only be enabled using Log4j
2019-07-14 02:59:33,225 INFO  http.HttpServer2 (HttpServer2.java:addGlobalFilter(975)) - Added global filter 'safety' (class=org.apache.hadoop.http.HttpServer2$QuotingInputFilter)
2019-07-14 02:59:33,226 INFO  http.HttpServer2 (HttpServer2.java:addFilter(948)) - Added filter static_user_filter (class=org.apache.hadoop.http.lib.StaticUserWebFilter$StaticUserFilter) to context hddsDatanode
2019-07-14 02:59:33,226 INFO  http.HttpServer2 (HttpServer2.java:addFilter(958)) - Added filter static_user_filter (class=org.apache.hadoop.http.lib.StaticUserWebFilter$StaticUserFilter) to context logs
2019-07-14 02:59:33,227 INFO  http.HttpServer2 (HttpServer2.java:addFilter(958)) - Added filter static_user_filter (class=org.apache.hadoop.http.lib.StaticUserWebFilter$StaticUserFilter) to context static
2019-07-14 02:59:33,228 INFO  http.HttpServer2 (HttpServer2.java:bindListener(1191)) - Jetty bound to port 43008
2019-07-14 02:59:33,228 INFO  server.Server (Server.java:doStart(351)) - jetty-9.3.24.v20180605, build timestamp: 2018-06-05T17:11:56Z, git hash: 84205aa28f11a4f31f2a3b86d1bba2cc8ab69827
2019-07-14 02:59:33,231 INFO  handler.ContextHandler (ContextHandler.java:doStart(781)) - Started o.e.j.s.ServletContextHandler@27b337bb{/logs,file:///tmp/workdir/hadoop-ozone/integration-test/target/log,AVAILABLE}
2019-07-14 02:59:33,232 INFO  handler.ContextHandler (ContextHandler.java:doStart(781)) - Started o.e.j.s.ServletContextHandler@5c18d6d4{/static,jar:file:/home/user/.m2/repository/org/apache/hadoop/hadoop-hdds-container-service/0.5.0-SNAPSHOT/hadoop-hdds-container-service-0.5.0-SNAPSHOT.jar!/webapps/static,AVAILABLE}
2019-07-14 02:59:33,277 INFO  handler.ContextHandler (ContextHandler.java:doStart(781)) - Started o.e.j.w.WebAppContext@1ab14636{/,file:///tmp/jetty-0.0.0.0-43008-hddsDatanode-_-any-4840568337674566629.dir/webapp/,AVAILABLE}{/hddsDatanode}
2019-07-14 02:59:33,278 INFO  server.AbstractConnector (AbstractConnector.java:doStart(278)) - Started ServerConnector@16b3c905{HTTP/1.1,[http/1.1]}{0.0.0.0:43008}
2019-07-14 02:59:33,279 INFO  server.Server (Server.java:doStart(419)) - Started @6785ms
2019-07-14 02:59:33,281 INFO  server.BaseHttpServer (BaseHttpServer.java:updateConnectorAddress(207)) - HTTP server of HDDSDATANODE is listening at http://0.0.0.0:43008
2019-07-14 02:59:33,417 INFO  ozone.HddsDatanodeService (HddsDatanodeService.java:startPlugins(396)) - Started plug-in org.apache.hadoop.ozone.web.OzoneHddsDatanodeService@30922f8d
2019-07-14 02:59:33,418 INFO  impl.MetricsSystemImpl (MetricsSystemImpl.java:init(158)) - HddsDatanode metrics system started (again)
2019-07-14 02:59:33,420 INFO  ozone.HddsDatanodeService (HddsDatanodeService.java:start(185)) - HddsDatanodeService host:trunk-nightly-k88cw-3644625431 ip:192.168.157.236
2019-07-14 02:59:33,423 INFO  util.JvmPauseMonitor (JvmPauseMonitor.java:run(188)) - Starting JVM pause monitor
2019-07-14 02:59:33,430 INFO  volume.HddsVolume (HddsVolume.java:<init>(176)) - Creating Volume: /tmp/workdir/hadoop-ozone/integration-test/target/test-dir/MiniOzoneClusterImpl-aa191f61-e7fe-4cd9-99ae-055af518faa6/datanode-3/data/containers/hdds of  storage type : DISK and capacity : 52710309888
2019-07-14 02:59:33,430 INFO  datanode.InitDatanodeState (InitDatanodeState.java:persistContainerDatanodeDetails(140)) - DatanodeDetails is persisted to /tmp/workdir/hadoop-ozone/integration-test/target/test-dir/MiniOzoneClusterImpl-aa191f61-e7fe-4cd9-99ae-055af518faa6/datanode-2/meta/datanode.id
2019-07-14 02:59:33,430 INFO  volume.VolumeSet (VolumeSet.java:initializeVolumeSet(170)) - Added Volume : /tmp/workdir/hadoop-ozone/integration-test/target/test-dir/MiniOzoneClusterImpl-aa191f61-e7fe-4cd9-99ae-055af518faa6/datanode-3/data/containers/hdds to VolumeSet
2019-07-14 02:59:33,430 INFO  volume.ThrottledAsyncChecker (ThrottledAsyncChecker.java:schedule(140)) - Scheduling a check for org.apache.hadoop.ozone.container.common.volume.HddsVolume@45d56062
2019-07-14 02:59:33,431 INFO  volume.HddsVolumeChecker (HddsVolumeChecker.java:checkAllVolumes(203)) - Scheduled health check for volume org.apache.hadoop.ozone.container.common.volume.HddsVolume@45d56062
2019-07-14 02:59:33,445 INFO  impl.RaftServerProxy (ConfUtils.java:logGet(43)) - raft.rpc.type = GRPC (default)
2019-07-14 02:59:33,445 INFO  grpc.GrpcFactory (GrpcFactory.java:checkPooledByteBufAllocatorUseCacheForAllThreads(45)) - PERFORMANCE WARNING: useCacheForAllThreads is true that may cause Netty to create a lot garbage objects and, as a result, trigger GC.
	It is recommended to disable useCacheForAllThreads by setting -Dorg.apache.ratis.thirdparty.io.netty.allocator.useCacheForAllThreads=false in command line.
2019-07-14 02:59:33,445 INFO  grpc.GrpcConfigKeys$Server (ConfUtils.java:logGet(43)) - raft.grpc.server.port = 0 (default)
2019-07-14 02:59:33,446 INFO  server.GrpcService (ConfUtils.java:logGet(43)) - raft.grpc.message.size.max = 33570816 (custom)
2019-07-14 02:59:33,446 INFO  server.RaftServerConfigKeys (ConfUtils.java:logGet(43)) - raft.server.log.appender.buffer.byte-limit = 33554432 (custom)
2019-07-14 02:59:33,446 INFO  server.GrpcService (ConfUtils.java:logGet(43)) - raft.grpc.flow.control.window = 1MB (=1048576) (default)
2019-07-14 02:59:33,446 INFO  server.RaftServerConfigKeys (ConfUtils.java:logGet(43)) - raft.server.rpc.request.timeout = 3000ms (default)
2019-07-14 02:59:33,447 INFO  server.RaftServerConfigKeys (ConfUtils.java:logGet(43)) - raft.server.storage.dir = [/tmp/workdir/hadoop-ozone/integration-test/target/test-dir/MiniOzoneClusterImpl-aa191f61-e7fe-4cd9-99ae-055af518faa6/datanode-3/data/ratis] (custom)
2019-07-14 02:59:33,447 INFO  replication.SimpleContainerDownloader (SimpleContainerDownloader.java:<init>(72)) - Starting container downloader service to copy containers to replicate.
2019-07-14 02:59:33,448 INFO  hdfs.DFSUtil (DFSUtil.java:httpServerTemplateForNNAndJN(1641)) - Starting Web-server for hddsDatanode at: http://0.0.0.0:0
2019-07-14 02:59:33,450 INFO  server.AuthenticationFilter (AuthenticationFilter.java:constructSecretProvider(240)) - Unable to initialize FileSignerSecretProvider, falling back to use random secrets.
2019-07-14 02:59:33,450 WARN  http.HttpRequestLog (HttpRequestLog.java:getRequestLog(97)) - Jetty request log can only be enabled using Log4j
2019-07-14 02:59:33,451 INFO  http.HttpServer2 (HttpServer2.java:addGlobalFilter(975)) - Added global filter 'safety' (class=org.apache.hadoop.http.HttpServer2$QuotingInputFilter)
2019-07-14 02:59:33,452 INFO  http.HttpServer2 (HttpServer2.java:addFilter(948)) - Added filter static_user_filter (class=org.apache.hadoop.http.lib.StaticUserWebFilter$StaticUserFilter) to context hddsDatanode
2019-07-14 02:59:33,452 INFO  http.HttpServer2 (HttpServer2.java:addFilter(958)) - Added filter static_user_filter (class=org.apache.hadoop.http.lib.StaticUserWebFilter$StaticUserFilter) to context static
2019-07-14 02:59:33,452 INFO  http.HttpServer2 (HttpServer2.java:addFilter(958)) - Added filter static_user_filter (class=org.apache.hadoop.http.lib.StaticUserWebFilter$StaticUserFilter) to context logs
2019-07-14 02:59:33,453 INFO  http.HttpServer2 (HttpServer2.java:bindListener(1191)) - Jetty bound to port 39258
2019-07-14 02:59:33,453 INFO  server.Server (Server.java:doStart(351)) - jetty-9.3.24.v20180605, build timestamp: 2018-06-05T17:11:56Z, git hash: 84205aa28f11a4f31f2a3b86d1bba2cc8ab69827
2019-07-14 02:59:33,458 INFO  handler.ContextHandler (ContextHandler.java:doStart(781)) - Started o.e.j.s.ServletContextHandler@4f081b5d{/logs,file:///tmp/workdir/hadoop-ozone/integration-test/target/log,AVAILABLE}
2019-07-14 02:59:33,458 INFO  handler.ContextHandler (ContextHandler.java:doStart(781)) - Started o.e.j.s.ServletContextHandler@740a0d5e{/static,jar:file:/home/user/.m2/repository/org/apache/hadoop/hadoop-hdds-container-service/0.5.0-SNAPSHOT/hadoop-hdds-container-service-0.5.0-SNAPSHOT.jar!/webapps/static,AVAILABLE}
2019-07-14 02:59:33,485 INFO  handler.ContextHandler (ContextHandler.java:doStart(781)) - Started o.e.j.w.WebAppContext@4ae2e781{/,file:///tmp/jetty-0.0.0.0-39258-hddsDatanode-_-any-7560137239684840313.dir/webapp/,AVAILABLE}{/hddsDatanode}
2019-07-14 02:59:33,486 INFO  server.AbstractConnector (AbstractConnector.java:doStart(278)) - Started ServerConnector@339f3a55{HTTP/1.1,[http/1.1]}{0.0.0.0:39258}
2019-07-14 02:59:33,487 INFO  server.Server (Server.java:doStart(419)) - Started @6993ms
2019-07-14 02:59:33,487 INFO  server.BaseHttpServer (BaseHttpServer.java:updateConnectorAddress(207)) - HTTP server of HDDSDATANODE is listening at http://0.0.0.0:39258
2019-07-14 02:59:33,614 INFO  ozone.HddsDatanodeService (HddsDatanodeService.java:startPlugins(396)) - Started plug-in org.apache.hadoop.ozone.web.OzoneHddsDatanodeService@15605d83
2019-07-14 02:59:33,614 INFO  impl.MetricsSystemImpl (MetricsSystemImpl.java:init(158)) - HddsDatanode metrics system started (again)
2019-07-14 02:59:33,616 INFO  ozone.HddsDatanodeService (HddsDatanodeService.java:start(185)) - HddsDatanodeService host:trunk-nightly-k88cw-3644625431 ip:192.168.157.236
2019-07-14 02:59:33,618 INFO  util.JvmPauseMonitor (JvmPauseMonitor.java:run(188)) - Starting JVM pause monitor
2019-07-14 02:59:33,621 INFO  datanode.InitDatanodeState (InitDatanodeState.java:persistContainerDatanodeDetails(140)) - DatanodeDetails is persisted to /tmp/workdir/hadoop-ozone/integration-test/target/test-dir/MiniOzoneClusterImpl-aa191f61-e7fe-4cd9-99ae-055af518faa6/datanode-3/meta/datanode.id
2019-07-14 02:59:33,625 INFO  volume.HddsVolume (HddsVolume.java:<init>(176)) - Creating Volume: /tmp/workdir/hadoop-ozone/integration-test/target/test-dir/MiniOzoneClusterImpl-aa191f61-e7fe-4cd9-99ae-055af518faa6/datanode-4/data/containers/hdds of  storage type : DISK and capacity : 52710309888
2019-07-14 02:59:33,625 INFO  volume.VolumeSet (VolumeSet.java:initializeVolumeSet(170)) - Added Volume : /tmp/workdir/hadoop-ozone/integration-test/target/test-dir/MiniOzoneClusterImpl-aa191f61-e7fe-4cd9-99ae-055af518faa6/datanode-4/data/containers/hdds to VolumeSet
2019-07-14 02:59:33,625 INFO  volume.ThrottledAsyncChecker (ThrottledAsyncChecker.java:schedule(140)) - Scheduling a check for org.apache.hadoop.ozone.container.common.volume.HddsVolume@6da54910
2019-07-14 02:59:33,626 INFO  volume.HddsVolumeChecker (HddsVolumeChecker.java:checkAllVolumes(203)) - Scheduled health check for volume org.apache.hadoop.ozone.container.common.volume.HddsVolume@6da54910
2019-07-14 02:59:33,642 INFO  impl.RaftServerProxy (ConfUtils.java:logGet(43)) - raft.rpc.type = GRPC (default)
2019-07-14 02:59:33,642 INFO  grpc.GrpcFactory (GrpcFactory.java:checkPooledByteBufAllocatorUseCacheForAllThreads(45)) - PERFORMANCE WARNING: useCacheForAllThreads is true that may cause Netty to create a lot garbage objects and, as a result, trigger GC.
	It is recommended to disable useCacheForAllThreads by setting -Dorg.apache.ratis.thirdparty.io.netty.allocator.useCacheForAllThreads=false in command line.
2019-07-14 02:59:33,643 INFO  grpc.GrpcConfigKeys$Server (ConfUtils.java:logGet(43)) - raft.grpc.server.port = 0 (default)
2019-07-14 02:59:33,643 INFO  server.GrpcService (ConfUtils.java:logGet(43)) - raft.grpc.message.size.max = 33570816 (custom)
2019-07-14 02:59:33,643 INFO  server.RaftServerConfigKeys (ConfUtils.java:logGet(43)) - raft.server.log.appender.buffer.byte-limit = 33554432 (custom)
2019-07-14 02:59:33,643 INFO  server.GrpcService (ConfUtils.java:logGet(43)) - raft.grpc.flow.control.window = 1MB (=1048576) (default)
2019-07-14 02:59:33,644 INFO  server.RaftServerConfigKeys (ConfUtils.java:logGet(43)) - raft.server.rpc.request.timeout = 3000ms (default)
2019-07-14 02:59:33,644 INFO  server.RaftServerConfigKeys (ConfUtils.java:logGet(43)) - raft.server.storage.dir = [/tmp/workdir/hadoop-ozone/integration-test/target/test-dir/MiniOzoneClusterImpl-aa191f61-e7fe-4cd9-99ae-055af518faa6/datanode-4/data/ratis] (custom)
2019-07-14 02:59:33,645 INFO  replication.SimpleContainerDownloader (SimpleContainerDownloader.java:<init>(72)) - Starting container downloader service to copy containers to replicate.
2019-07-14 02:59:33,646 INFO  hdfs.DFSUtil (DFSUtil.java:httpServerTemplateForNNAndJN(1641)) - Starting Web-server for hddsDatanode at: http://0.0.0.0:0
2019-07-14 02:59:33,647 INFO  server.AuthenticationFilter (AuthenticationFilter.java:constructSecretProvider(240)) - Unable to initialize FileSignerSecretProvider, falling back to use random secrets.
2019-07-14 02:59:33,647 WARN  http.HttpRequestLog (HttpRequestLog.java:getRequestLog(97)) - Jetty request log can only be enabled using Log4j
2019-07-14 02:59:33,649 INFO  http.HttpServer2 (HttpServer2.java:addGlobalFilter(975)) - Added global filter 'safety' (class=org.apache.hadoop.http.HttpServer2$QuotingInputFilter)
2019-07-14 02:59:33,649 INFO  http.HttpServer2 (HttpServer2.java:addFilter(948)) - Added filter static_user_filter (class=org.apache.hadoop.http.lib.StaticUserWebFilter$StaticUserFilter) to context hddsDatanode
2019-07-14 02:59:33,649 INFO  http.HttpServer2 (HttpServer2.java:addFilter(958)) - Added filter static_user_filter (class=org.apache.hadoop.http.lib.StaticUserWebFilter$StaticUserFilter) to context logs
2019-07-14 02:59:33,649 INFO  http.HttpServer2 (HttpServer2.java:addFilter(958)) - Added filter static_user_filter (class=org.apache.hadoop.http.lib.StaticUserWebFilter$StaticUserFilter) to context static
2019-07-14 02:59:33,650 INFO  http.HttpServer2 (HttpServer2.java:bindListener(1191)) - Jetty bound to port 34045
2019-07-14 02:59:33,650 INFO  server.Server (Server.java:doStart(351)) - jetty-9.3.24.v20180605, build timestamp: 2018-06-05T17:11:56Z, git hash: 84205aa28f11a4f31f2a3b86d1bba2cc8ab69827
2019-07-14 02:59:33,653 INFO  handler.ContextHandler (ContextHandler.java:doStart(781)) - Started o.e.j.s.ServletContextHandler@640d604{/logs,file:///tmp/workdir/hadoop-ozone/integration-test/target/log,AVAILABLE}
2019-07-14 02:59:33,654 INFO  handler.ContextHandler (ContextHandler.java:doStart(781)) - Started o.e.j.s.ServletContextHandler@5438fa43{/static,jar:file:/home/user/.m2/repository/org/apache/hadoop/hadoop-hdds-container-service/0.5.0-SNAPSHOT/hadoop-hdds-container-service-0.5.0-SNAPSHOT.jar!/webapps/static,AVAILABLE}
2019-07-14 02:59:33,681 INFO  handler.ContextHandler (ContextHandler.java:doStart(781)) - Started o.e.j.w.WebAppContext@de77146{/,file:///tmp/jetty-0.0.0.0-34045-hddsDatanode-_-any-2823375886363513004.dir/webapp/,AVAILABLE}{/hddsDatanode}
2019-07-14 02:59:33,682 INFO  server.AbstractConnector (AbstractConnector.java:doStart(278)) - Started ServerConnector@691567ea{HTTP/1.1,[http/1.1]}{0.0.0.0:34045}
2019-07-14 02:59:33,683 INFO  server.Server (Server.java:doStart(419)) - Started @7189ms
2019-07-14 02:59:33,684 INFO  server.BaseHttpServer (BaseHttpServer.java:updateConnectorAddress(207)) - HTTP server of HDDSDATANODE is listening at http://0.0.0.0:34045
2019-07-14 02:59:33,807 INFO  ozone.HddsDatanodeService (HddsDatanodeService.java:startPlugins(396)) - Started plug-in org.apache.hadoop.ozone.web.OzoneHddsDatanodeService@2365ea38
2019-07-14 02:59:33,808 INFO  impl.MetricsSystemImpl (MetricsSystemImpl.java:init(158)) - HddsDatanode metrics system started (again)
2019-07-14 02:59:33,810 INFO  ozone.HddsDatanodeService (HddsDatanodeService.java:start(185)) - HddsDatanodeService host:trunk-nightly-k88cw-3644625431 ip:192.168.157.236
2019-07-14 02:59:33,811 INFO  util.JvmPauseMonitor (JvmPauseMonitor.java:run(188)) - Starting JVM pause monitor
2019-07-14 02:59:33,815 INFO  datanode.InitDatanodeState (InitDatanodeState.java:persistContainerDatanodeDetails(140)) - DatanodeDetails is persisted to /tmp/workdir/hadoop-ozone/integration-test/target/test-dir/MiniOzoneClusterImpl-aa191f61-e7fe-4cd9-99ae-055af518faa6/datanode-4/meta/datanode.id
2019-07-14 02:59:33,818 INFO  volume.HddsVolume (HddsVolume.java:<init>(176)) - Creating Volume: /tmp/workdir/hadoop-ozone/integration-test/target/test-dir/MiniOzoneClusterImpl-aa191f61-e7fe-4cd9-99ae-055af518faa6/datanode-5/data/containers/hdds of  storage type : DISK and capacity : 52710309888
2019-07-14 02:59:33,819 INFO  volume.VolumeSet (VolumeSet.java:initializeVolumeSet(170)) - Added Volume : /tmp/workdir/hadoop-ozone/integration-test/target/test-dir/MiniOzoneClusterImpl-aa191f61-e7fe-4cd9-99ae-055af518faa6/datanode-5/data/containers/hdds to VolumeSet
2019-07-14 02:59:33,819 INFO  volume.ThrottledAsyncChecker (ThrottledAsyncChecker.java:schedule(140)) - Scheduling a check for org.apache.hadoop.ozone.container.common.volume.HddsVolume@7781263c
2019-07-14 02:59:33,819 INFO  volume.HddsVolumeChecker (HddsVolumeChecker.java:checkAllVolumes(203)) - Scheduled health check for volume org.apache.hadoop.ozone.container.common.volume.HddsVolume@7781263c
2019-07-14 02:59:33,834 INFO  impl.RaftServerProxy (ConfUtils.java:logGet(43)) - raft.rpc.type = GRPC (default)
2019-07-14 02:59:33,834 INFO  grpc.GrpcFactory (GrpcFactory.java:checkPooledByteBufAllocatorUseCacheForAllThreads(45)) - PERFORMANCE WARNING: useCacheForAllThreads is true that may cause Netty to create a lot garbage objects and, as a result, trigger GC.
	It is recommended to disable useCacheForAllThreads by setting -Dorg.apache.ratis.thirdparty.io.netty.allocator.useCacheForAllThreads=false in command line.
2019-07-14 02:59:33,835 INFO  grpc.GrpcConfigKeys$Server (ConfUtils.java:logGet(43)) - raft.grpc.server.port = 0 (default)
2019-07-14 02:59:33,835 INFO  server.GrpcService (ConfUtils.java:logGet(43)) - raft.grpc.message.size.max = 33570816 (custom)
2019-07-14 02:59:33,835 INFO  server.RaftServerConfigKeys (ConfUtils.java:logGet(43)) - raft.server.log.appender.buffer.byte-limit = 33554432 (custom)
2019-07-14 02:59:33,836 INFO  server.GrpcService (ConfUtils.java:logGet(43)) - raft.grpc.flow.control.window = 1MB (=1048576) (default)
2019-07-14 02:59:33,836 INFO  server.RaftServerConfigKeys (ConfUtils.java:logGet(43)) - raft.server.rpc.request.timeout = 3000ms (default)
2019-07-14 02:59:33,836 INFO  server.RaftServerConfigKeys (ConfUtils.java:logGet(43)) - raft.server.storage.dir = [/tmp/workdir/hadoop-ozone/integration-test/target/test-dir/MiniOzoneClusterImpl-aa191f61-e7fe-4cd9-99ae-055af518faa6/datanode-5/data/ratis] (custom)
2019-07-14 02:59:33,837 INFO  replication.SimpleContainerDownloader (SimpleContainerDownloader.java:<init>(72)) - Starting container downloader service to copy containers to replicate.
2019-07-14 02:59:33,838 INFO  hdfs.DFSUtil (DFSUtil.java:httpServerTemplateForNNAndJN(1641)) - Starting Web-server for hddsDatanode at: http://0.0.0.0:0
2019-07-14 02:59:33,839 INFO  server.AuthenticationFilter (AuthenticationFilter.java:constructSecretProvider(240)) - Unable to initialize FileSignerSecretProvider, falling back to use random secrets.
2019-07-14 02:59:33,840 WARN  http.HttpRequestLog (HttpRequestLog.java:getRequestLog(97)) - Jetty request log can only be enabled using Log4j
2019-07-14 02:59:33,841 INFO  http.HttpServer2 (HttpServer2.java:addGlobalFilter(975)) - Added global filter 'safety' (class=org.apache.hadoop.http.HttpServer2$QuotingInputFilter)
2019-07-14 02:59:33,841 INFO  http.HttpServer2 (HttpServer2.java:addFilter(948)) - Added filter static_user_filter (class=org.apache.hadoop.http.lib.StaticUserWebFilter$StaticUserFilter) to context hddsDatanode
2019-07-14 02:59:33,841 INFO  http.HttpServer2 (HttpServer2.java:addFilter(958)) - Added filter static_user_filter (class=org.apache.hadoop.http.lib.StaticUserWebFilter$StaticUserFilter) to context logs
2019-07-14 02:59:33,842 INFO  http.HttpServer2 (HttpServer2.java:addFilter(958)) - Added filter static_user_filter (class=org.apache.hadoop.http.lib.StaticUserWebFilter$StaticUserFilter) to context static
2019-07-14 02:59:33,842 INFO  http.HttpServer2 (HttpServer2.java:bindListener(1191)) - Jetty bound to port 41216
2019-07-14 02:59:33,842 INFO  server.Server (Server.java:doStart(351)) - jetty-9.3.24.v20180605, build timestamp: 2018-06-05T17:11:56Z, git hash: 84205aa28f11a4f31f2a3b86d1bba2cc8ab69827
2019-07-14 02:59:33,845 INFO  handler.ContextHandler (ContextHandler.java:doStart(781)) - Started o.e.j.s.ServletContextHandler@325162e9{/logs,file:///tmp/workdir/hadoop-ozone/integration-test/target/log,AVAILABLE}
2019-07-14 02:59:33,845 INFO  handler.ContextHandler (ContextHandler.java:doStart(781)) - Started o.e.j.s.ServletContextHandler@5c448ef{/static,jar:file:/home/user/.m2/repository/org/apache/hadoop/hadoop-hdds-container-service/0.5.0-SNAPSHOT/hadoop-hdds-container-service-0.5.0-SNAPSHOT.jar!/webapps/static,AVAILABLE}
2019-07-14 02:59:33,873 INFO  handler.ContextHandler (ContextHandler.java:doStart(781)) - Started o.e.j.w.WebAppContext@377dfb8d{/,file:///tmp/jetty-0.0.0.0-41216-hddsDatanode-_-any-548999534342559399.dir/webapp/,AVAILABLE}{/hddsDatanode}
2019-07-14 02:59:33,874 INFO  server.AbstractConnector (AbstractConnector.java:doStart(278)) - Started ServerConnector@42a0786f{HTTP/1.1,[http/1.1]}{0.0.0.0:41216}
2019-07-14 02:59:33,875 INFO  server.Server (Server.java:doStart(419)) - Started @7381ms
2019-07-14 02:59:33,875 INFO  server.BaseHttpServer (BaseHttpServer.java:updateConnectorAddress(207)) - HTTP server of HDDSDATANODE is listening at http://0.0.0.0:41216
2019-07-14 02:59:34,000 INFO  ozone.HddsDatanodeService (HddsDatanodeService.java:startPlugins(396)) - Started plug-in org.apache.hadoop.ozone.web.OzoneHddsDatanodeService@165614f5
2019-07-14 02:59:34,000 INFO  impl.MetricsSystemImpl (MetricsSystemImpl.java:init(158)) - HddsDatanode metrics system started (again)
2019-07-14 02:59:34,002 INFO  ozone.HddsDatanodeService (HddsDatanodeService.java:start(185)) - HddsDatanodeService host:trunk-nightly-k88cw-3644625431 ip:192.168.157.236
2019-07-14 02:59:34,004 INFO  util.JvmPauseMonitor (JvmPauseMonitor.java:run(188)) - Starting JVM pause monitor
2019-07-14 02:59:34,007 INFO  datanode.InitDatanodeState (InitDatanodeState.java:persistContainerDatanodeDetails(140)) - DatanodeDetails is persisted to /tmp/workdir/hadoop-ozone/integration-test/target/test-dir/MiniOzoneClusterImpl-aa191f61-e7fe-4cd9-99ae-055af518faa6/datanode-5/meta/datanode.id
2019-07-14 02:59:34,011 INFO  volume.HddsVolume (HddsVolume.java:<init>(176)) - Creating Volume: /tmp/workdir/hadoop-ozone/integration-test/target/test-dir/MiniOzoneClusterImpl-aa191f61-e7fe-4cd9-99ae-055af518faa6/datanode-6/data/containers/hdds of  storage type : DISK and capacity : 52710309888
2019-07-14 02:59:34,011 INFO  volume.VolumeSet (VolumeSet.java:initializeVolumeSet(170)) - Added Volume : /tmp/workdir/hadoop-ozone/integration-test/target/test-dir/MiniOzoneClusterImpl-aa191f61-e7fe-4cd9-99ae-055af518faa6/datanode-6/data/containers/hdds to VolumeSet
2019-07-14 02:59:34,012 INFO  volume.ThrottledAsyncChecker (ThrottledAsyncChecker.java:schedule(140)) - Scheduling a check for org.apache.hadoop.ozone.container.common.volume.HddsVolume@103c97ff
2019-07-14 02:59:34,012 INFO  volume.HddsVolumeChecker (HddsVolumeChecker.java:checkAllVolumes(203)) - Scheduled health check for volume org.apache.hadoop.ozone.container.common.volume.HddsVolume@103c97ff
2019-07-14 02:59:34,027 INFO  impl.RaftServerProxy (ConfUtils.java:logGet(43)) - raft.rpc.type = GRPC (default)
2019-07-14 02:59:34,028 INFO  grpc.GrpcFactory (GrpcFactory.java:checkPooledByteBufAllocatorUseCacheForAllThreads(45)) - PERFORMANCE WARNING: useCacheForAllThreads is true that may cause Netty to create a lot garbage objects and, as a result, trigger GC.
	It is recommended to disable useCacheForAllThreads by setting -Dorg.apache.ratis.thirdparty.io.netty.allocator.useCacheForAllThreads=false in command line.
2019-07-14 02:59:34,028 INFO  grpc.GrpcConfigKeys$Server (ConfUtils.java:logGet(43)) - raft.grpc.server.port = 0 (default)
2019-07-14 02:59:34,029 INFO  server.GrpcService (ConfUtils.java:logGet(43)) - raft.grpc.message.size.max = 33570816 (custom)
2019-07-14 02:59:34,029 INFO  server.RaftServerConfigKeys (ConfUtils.java:logGet(43)) - raft.server.log.appender.buffer.byte-limit = 33554432 (custom)
2019-07-14 02:59:34,029 INFO  server.GrpcService (ConfUtils.java:logGet(43)) - raft.grpc.flow.control.window = 1MB (=1048576) (default)
2019-07-14 02:59:34,029 INFO  server.RaftServerConfigKeys (ConfUtils.java:logGet(43)) - raft.server.rpc.request.timeout = 3000ms (default)
2019-07-14 02:59:34,030 INFO  server.RaftServerConfigKeys (ConfUtils.java:logGet(43)) - raft.server.storage.dir = [/tmp/workdir/hadoop-ozone/integration-test/target/test-dir/MiniOzoneClusterImpl-aa191f61-e7fe-4cd9-99ae-055af518faa6/datanode-6/data/ratis] (custom)
2019-07-14 02:59:34,030 INFO  replication.SimpleContainerDownloader (SimpleContainerDownloader.java:<init>(72)) - Starting container downloader service to copy containers to replicate.
2019-07-14 02:59:34,031 INFO  hdfs.DFSUtil (DFSUtil.java:httpServerTemplateForNNAndJN(1641)) - Starting Web-server for hddsDatanode at: http://0.0.0.0:0
2019-07-14 02:59:34,032 INFO  server.AuthenticationFilter (AuthenticationFilter.java:constructSecretProvider(240)) - Unable to initialize FileSignerSecretProvider, falling back to use random secrets.
2019-07-14 02:59:34,033 WARN  http.HttpRequestLog (HttpRequestLog.java:getRequestLog(97)) - Jetty request log can only be enabled using Log4j
2019-07-14 02:59:34,034 INFO  http.HttpServer2 (HttpServer2.java:addGlobalFilter(975)) - Added global filter 'safety' (class=org.apache.hadoop.http.HttpServer2$QuotingInputFilter)
2019-07-14 02:59:34,034 INFO  http.HttpServer2 (HttpServer2.java:addFilter(948)) - Added filter static_user_filter (class=org.apache.hadoop.http.lib.StaticUserWebFilter$StaticUserFilter) to context hddsDatanode
2019-07-14 02:59:34,035 INFO  http.HttpServer2 (HttpServer2.java:addFilter(958)) - Added filter static_user_filter (class=org.apache.hadoop.http.lib.StaticUserWebFilter$StaticUserFilter) to context logs
2019-07-14 02:59:34,035 INFO  http.HttpServer2 (HttpServer2.java:addFilter(958)) - Added filter static_user_filter (class=org.apache.hadoop.http.lib.StaticUserWebFilter$StaticUserFilter) to context static
2019-07-14 02:59:34,035 INFO  http.HttpServer2 (HttpServer2.java:bindListener(1191)) - Jetty bound to port 37930
2019-07-14 02:59:34,035 INFO  server.Server (Server.java:doStart(351)) - jetty-9.3.24.v20180605, build timestamp: 2018-06-05T17:11:56Z, git hash: 84205aa28f11a4f31f2a3b86d1bba2cc8ab69827
2019-07-14 02:59:34,038 INFO  handler.ContextHandler (ContextHandler.java:doStart(781)) - Started o.e.j.s.ServletContextHandler@35fa450f{/logs,file:///tmp/workdir/hadoop-ozone/integration-test/target/log,AVAILABLE}
2019-07-14 02:59:34,038 INFO  handler.ContextHandler (ContextHandler.java:doStart(781)) - Started o.e.j.s.ServletContextHandler@9b3be1c{/static,jar:file:/home/user/.m2/repository/org/apache/hadoop/hadoop-hdds-container-service/0.5.0-SNAPSHOT/hadoop-hdds-container-service-0.5.0-SNAPSHOT.jar!/webapps/static,AVAILABLE}
2019-07-14 02:59:34,065 INFO  handler.ContextHandler (ContextHandler.java:doStart(781)) - Started o.e.j.w.WebAppContext@4c7d7430{/,file:///tmp/jetty-0.0.0.0-37930-hddsDatanode-_-any-2830538428218033279.dir/webapp/,AVAILABLE}{/hddsDatanode}
2019-07-14 02:59:34,066 INFO  server.AbstractConnector (AbstractConnector.java:doStart(278)) - Started ServerConnector@4ea1aa52{HTTP/1.1,[http/1.1]}{0.0.0.0:37930}
2019-07-14 02:59:34,067 INFO  server.Server (Server.java:doStart(419)) - Started @7574ms
2019-07-14 02:59:34,068 INFO  server.BaseHttpServer (BaseHttpServer.java:updateConnectorAddress(207)) - HTTP server of HDDSDATANODE is listening at http://0.0.0.0:37930
2019-07-14 02:59:34,274 INFO  ozone.HddsDatanodeService (HddsDatanodeService.java:startPlugins(396)) - Started plug-in org.apache.hadoop.ozone.web.OzoneHddsDatanodeService@da09250
2019-07-14 02:59:34,278 INFO  util.JvmPauseMonitor (JvmPauseMonitor.java:run(188)) - Starting JVM pause monitor
2019-07-14 02:59:34,279 INFO  ozone.MiniOzoneClusterImpl (MiniOzoneClusterImpl.java:lambda$waitForClusterToBeReady$0(142)) - Waiting for cluster to be ready. Got 0 of 7 DN Heartbeats.
2019-07-14 02:59:34,281 INFO  datanode.InitDatanodeState (InitDatanodeState.java:persistContainerDatanodeDetails(140)) - DatanodeDetails is persisted to /tmp/workdir/hadoop-ozone/integration-test/target/test-dir/MiniOzoneClusterImpl-aa191f61-e7fe-4cd9-99ae-055af518faa6/datanode-6/meta/datanode.id
2019-07-14 02:59:35,028 INFO  ozoneimpl.OzoneContainer (OzoneContainer.java:start(186)) - Attempting to start container services.
2019-07-14 02:59:35,030 INFO  ozoneimpl.OzoneContainer (OzoneContainer.java:startContainerScrub(160)) - Background container scrubber has been disabled by hdds.containerscrub.enabled
2019-07-14 02:59:35,031 INFO  ratis.XceiverServerRatis (XceiverServerRatis.java:start(418)) - Starting XceiverServerRatis 8ae50d8f-9cf4-47f9-b3f8-8f630245bc5b at port 0
2019-07-14 02:59:35,051 INFO  impl.RaftServerProxy (RaftServerProxy.java:lambda$start$3(299)) - 8ae50d8f-9cf4-47f9-b3f8-8f630245bc5b: start RPC server
2019-07-14 02:59:35,170 INFO  server.GrpcService (GrpcService.java:startImpl(149)) - 8ae50d8f-9cf4-47f9-b3f8-8f630245bc5b: GrpcService started, listening on 0.0.0.0/0.0.0.0:43461
2019-07-14 02:59:35,171 INFO  ratis.XceiverServerRatis (XceiverServerRatis.java:start(428)) - XceiverServerRatis 8ae50d8f-9cf4-47f9-b3f8-8f630245bc5b is started using port 43461
2019-07-14 02:59:35,173 INFO  server.XceiverServerGrpc (XceiverServerGrpc.java:start(161)) - XceiverServerGrpc 8ae50d8f-9cf4-47f9-b3f8-8f630245bc5b is started using port 43982
2019-07-14 02:59:35,205 INFO  ozoneimpl.OzoneContainer (OzoneContainer.java:start(186)) - Attempting to start container services.
2019-07-14 02:59:35,207 INFO  ozoneimpl.OzoneContainer (OzoneContainer.java:startContainerScrub(160)) - Background container scrubber has been disabled by hdds.containerscrub.enabled
2019-07-14 02:59:35,208 INFO  ratis.XceiverServerRatis (XceiverServerRatis.java:start(418)) - Starting XceiverServerRatis 76e55045-95ee-4cd8-b4ae-2b92b0d86bc4 at port 0
2019-07-14 02:59:35,216 INFO  impl.RaftServerProxy (RaftServerProxy.java:lambda$start$3(299)) - 76e55045-95ee-4cd8-b4ae-2b92b0d86bc4: start RPC server
2019-07-14 02:59:35,220 INFO  server.GrpcService (GrpcService.java:startImpl(149)) - 76e55045-95ee-4cd8-b4ae-2b92b0d86bc4: GrpcService started, listening on 0.0.0.0/0.0.0.0:36982
2019-07-14 02:59:35,220 INFO  ratis.XceiverServerRatis (XceiverServerRatis.java:start(428)) - XceiverServerRatis 76e55045-95ee-4cd8-b4ae-2b92b0d86bc4 is started using port 36982
2019-07-14 02:59:35,222 INFO  server.XceiverServerGrpc (XceiverServerGrpc.java:start(161)) - XceiverServerGrpc 76e55045-95ee-4cd8-b4ae-2b92b0d86bc4 is started using port 37454
2019-07-14 02:59:35,279 INFO  ozone.MiniOzoneClusterImpl (MiniOzoneClusterImpl.java:lambda$waitForClusterToBeReady$0(142)) - Waiting for cluster to be ready. Got 0 of 7 DN Heartbeats.
2019-07-14 02:59:35,440 INFO  ozoneimpl.OzoneContainer (OzoneContainer.java:start(186)) - Attempting to start container services.
2019-07-14 02:59:35,445 INFO  ozoneimpl.OzoneContainer (OzoneContainer.java:startContainerScrub(160)) - Background container scrubber has been disabled by hdds.containerscrub.enabled
2019-07-14 02:59:35,445 INFO  ratis.XceiverServerRatis (XceiverServerRatis.java:start(418)) - Starting XceiverServerRatis 42c57508-b641-45e6-bad3-1948d9ca93c4 at port 0
2019-07-14 02:59:35,453 INFO  impl.RaftServerProxy (RaftServerProxy.java:lambda$start$3(299)) - 42c57508-b641-45e6-bad3-1948d9ca93c4: start RPC server
2019-07-14 02:59:35,456 INFO  server.GrpcService (GrpcService.java:startImpl(149)) - 42c57508-b641-45e6-bad3-1948d9ca93c4: GrpcService started, listening on 0.0.0.0/0.0.0.0:34758
2019-07-14 02:59:35,456 INFO  ratis.XceiverServerRatis (XceiverServerRatis.java:start(428)) - XceiverServerRatis 42c57508-b641-45e6-bad3-1948d9ca93c4 is started using port 34758
2019-07-14 02:59:35,459 INFO  server.XceiverServerGrpc (XceiverServerGrpc.java:start(161)) - XceiverServerGrpc 42c57508-b641-45e6-bad3-1948d9ca93c4 is started using port 40254
2019-07-14 02:59:35,647 INFO  ozoneimpl.OzoneContainer (OzoneContainer.java:start(186)) - Attempting to start container services.
2019-07-14 02:59:35,647 INFO  ozoneimpl.OzoneContainer (OzoneContainer.java:startContainerScrub(160)) - Background container scrubber has been disabled by hdds.containerscrub.enabled
2019-07-14 02:59:35,647 INFO  ratis.XceiverServerRatis (XceiverServerRatis.java:start(418)) - Starting XceiverServerRatis f492c16f-2f7a-465f-93ad-e1550f6bae23 at port 0
2019-07-14 02:59:35,657 INFO  impl.RaftServerProxy (RaftServerProxy.java:lambda$start$3(299)) - f492c16f-2f7a-465f-93ad-e1550f6bae23: start RPC server
2019-07-14 02:59:35,661 INFO  server.GrpcService (GrpcService.java:startImpl(149)) - f492c16f-2f7a-465f-93ad-e1550f6bae23: GrpcService started, listening on 0.0.0.0/0.0.0.0:44960
2019-07-14 02:59:35,661 INFO  ratis.XceiverServerRatis (XceiverServerRatis.java:start(428)) - XceiverServerRatis f492c16f-2f7a-465f-93ad-e1550f6bae23 is started using port 44960
2019-07-14 02:59:35,665 INFO  server.XceiverServerGrpc (XceiverServerGrpc.java:start(161)) - XceiverServerGrpc f492c16f-2f7a-465f-93ad-e1550f6bae23 is started using port 34425
2019-07-14 02:59:35,828 INFO  ozoneimpl.OzoneContainer (OzoneContainer.java:start(186)) - Attempting to start container services.
2019-07-14 02:59:35,828 INFO  ozoneimpl.OzoneContainer (OzoneContainer.java:startContainerScrub(160)) - Background container scrubber has been disabled by hdds.containerscrub.enabled
2019-07-14 02:59:35,828 INFO  ratis.XceiverServerRatis (XceiverServerRatis.java:start(418)) - Starting XceiverServerRatis 62eb672d-939f-49f6-a9fd-ed4c4188786c at port 0
2019-07-14 02:59:35,839 INFO  impl.RaftServerProxy (RaftServerProxy.java:lambda$start$3(299)) - 62eb672d-939f-49f6-a9fd-ed4c4188786c: start RPC server
2019-07-14 02:59:35,842 INFO  server.GrpcService (GrpcService.java:startImpl(149)) - 62eb672d-939f-49f6-a9fd-ed4c4188786c: GrpcService started, listening on 0.0.0.0/0.0.0.0:40102
2019-07-14 02:59:35,843 INFO  ratis.XceiverServerRatis (XceiverServerRatis.java:start(428)) - XceiverServerRatis 62eb672d-939f-49f6-a9fd-ed4c4188786c is started using port 40102
2019-07-14 02:59:35,846 INFO  server.XceiverServerGrpc (XceiverServerGrpc.java:start(161)) - XceiverServerGrpc 62eb672d-939f-49f6-a9fd-ed4c4188786c is started using port 46839
2019-07-14 02:59:36,028 INFO  ozoneimpl.OzoneContainer (OzoneContainer.java:start(186)) - Attempting to start container services.
2019-07-14 02:59:36,029 INFO  ozoneimpl.OzoneContainer (OzoneContainer.java:startContainerScrub(160)) - Background container scrubber has been disabled by hdds.containerscrub.enabled
2019-07-14 02:59:36,029 INFO  ratis.XceiverServerRatis (XceiverServerRatis.java:start(418)) - Starting XceiverServerRatis 6be3eaff-6f86-4ec8-a3c0-aa1db7a5b454 at port 0
2019-07-14 02:59:36,038 INFO  impl.RaftServerProxy (RaftServerProxy.java:lambda$start$3(299)) - 6be3eaff-6f86-4ec8-a3c0-aa1db7a5b454: start RPC server
2019-07-14 02:59:36,042 INFO  server.GrpcService (GrpcService.java:startImpl(149)) - 6be3eaff-6f86-4ec8-a3c0-aa1db7a5b454: GrpcService started, listening on 0.0.0.0/0.0.0.0:37197
2019-07-14 02:59:36,042 INFO  ratis.XceiverServerRatis (XceiverServerRatis.java:start(428)) - XceiverServerRatis 6be3eaff-6f86-4ec8-a3c0-aa1db7a5b454 is started using port 37197
2019-07-14 02:59:36,057 INFO  server.XceiverServerGrpc (XceiverServerGrpc.java:start(161)) - XceiverServerGrpc 6be3eaff-6f86-4ec8-a3c0-aa1db7a5b454 is started using port 45415
2019-07-14 02:59:36,279 INFO  ozone.MiniOzoneClusterImpl (MiniOzoneClusterImpl.java:lambda$waitForClusterToBeReady$0(142)) - Waiting for cluster to be ready. Got 0 of 7 DN Heartbeats.
2019-07-14 02:59:36,296 INFO  ozoneimpl.OzoneContainer (OzoneContainer.java:start(186)) - Attempting to start container services.
2019-07-14 02:59:36,296 INFO  ozoneimpl.OzoneContainer (OzoneContainer.java:startContainerScrub(160)) - Background container scrubber has been disabled by hdds.containerscrub.enabled
2019-07-14 02:59:36,297 INFO  ratis.XceiverServerRatis (XceiverServerRatis.java:start(418)) - Starting XceiverServerRatis 4ac04301-88ad-4991-ac3b-3db3067a4843 at port 0
2019-07-14 02:59:36,306 INFO  impl.RaftServerProxy (RaftServerProxy.java:lambda$start$3(299)) - 4ac04301-88ad-4991-ac3b-3db3067a4843: start RPC server
2019-07-14 02:59:36,311 INFO  server.GrpcService (GrpcService.java:startImpl(149)) - 4ac04301-88ad-4991-ac3b-3db3067a4843: GrpcService started, listening on 0.0.0.0/0.0.0.0:33944
2019-07-14 02:59:36,311 INFO  ratis.XceiverServerRatis (XceiverServerRatis.java:start(428)) - XceiverServerRatis 4ac04301-88ad-4991-ac3b-3db3067a4843 is started using port 33944
2019-07-14 02:59:36,315 INFO  server.XceiverServerGrpc (XceiverServerGrpc.java:start(161)) - XceiverServerGrpc 4ac04301-88ad-4991-ac3b-3db3067a4843 is started using port 45845
2019-07-14 02:59:37,019 INFO  net.NetworkTopology (NetworkTopologyImpl.java:add(110)) - Added a new node: /default-rack/192.168.157.236
2019-07-14 02:59:37,022 INFO  node.SCMNodeManager (SCMNodeManager.java:register(269)) - Registered Data node : 8ae50d8f-9cf4-47f9-b3f8-8f630245bc5b{ip: 192.168.157.236, host: trunk-nightly-k88cw-3644625431, networkLocation: /default-rack, certSerialId: null}
2019-07-14 02:59:37,028 INFO  safemode.SCMSafeModeManager (DataNodeSafeModeRule.java:process(71)) - SCM in safe mode. 1 DataNodes registered, 1 required.
2019-07-14 02:59:37,028 INFO  safemode.SCMSafeModeManager (SCMSafeModeManager.java:validateSafeModeExitRules(177)) - ScmSafeModeManager, all rules are successfully validated
2019-07-14 02:59:37,028 INFO  safemode.SCMSafeModeManager (SCMSafeModeManager.java:exitSafeMode(193)) - SCM exiting safe mode.
2019-07-14 02:59:37,194 INFO  node.SCMNodeManager (SCMNodeManager.java:register(269)) - Registered Data node : 76e55045-95ee-4cd8-b4ae-2b92b0d86bc4{ip: 192.168.157.236, host: trunk-nightly-k88cw-3644625431, networkLocation: /default-rack, certSerialId: null}
2019-07-14 02:59:37,282 INFO  ozone.MiniOzoneClusterImpl (MiniOzoneClusterImpl.java:lambda$waitForClusterToBeReady$0(142)) - Waiting for cluster to be ready. Got 2 of 7 DN Heartbeats.
2019-07-14 02:59:37,427 INFO  node.SCMNodeManager (SCMNodeManager.java:register(269)) - Registered Data node : 42c57508-b641-45e6-bad3-1948d9ca93c4{ip: 192.168.157.236, host: trunk-nightly-k88cw-3644625431, networkLocation: /default-rack, certSerialId: null}
2019-07-14 02:59:37,959 INFO  node.SCMNodeManager (SCMNodeManager.java:register(269)) - Registered Data node : f492c16f-2f7a-465f-93ad-e1550f6bae23{ip: 192.168.157.236, host: trunk-nightly-k88cw-3644625431, networkLocation: /default-rack, certSerialId: null}
2019-07-14 02:59:37,959 INFO  node.SCMNodeManager (SCMNodeManager.java:register(269)) - Registered Data node : 62eb672d-939f-49f6-a9fd-ed4c4188786c{ip: 192.168.157.236, host: trunk-nightly-k88cw-3644625431, networkLocation: /default-rack, certSerialId: null}
2019-07-14 02:59:37,982 INFO  impl.RaftServerProxy (RaftServerProxy.java:addNew(89)) - 8ae50d8f-9cf4-47f9-b3f8-8f630245bc5b: addNew group-FEF87DA9FD0B:[8ae50d8f-9cf4-47f9-b3f8-8f630245bc5b:192.168.157.236:43461] returns group-FEF87DA9FD0B:java.util.concurrent.CompletableFuture@4fb1930a[Not completed]
2019-07-14 02:59:38,007 INFO  impl.RaftServerImpl (RaftServerImpl.java:<init>(93)) - 8ae50d8f-9cf4-47f9-b3f8-8f630245bc5b: new RaftServerImpl for group-FEF87DA9FD0B:[8ae50d8f-9cf4-47f9-b3f8-8f630245bc5b:192.168.157.236:43461] with ContainerStateMachine:uninitialized
2019-07-14 02:59:38,007 INFO  node.SCMNodeManager (SCMNodeManager.java:register(269)) - Registered Data node : 6be3eaff-6f86-4ec8-a3c0-aa1db7a5b454{ip: 192.168.157.236, host: trunk-nightly-k88cw-3644625431, networkLocation: /default-rack, certSerialId: null}
2019-07-14 02:59:38,009 INFO  server.RaftServerConfigKeys (ConfUtils.java:logGet(43)) - raft.server.rpc.timeout.min = 5s (custom)
2019-07-14 02:59:38,011 INFO  server.RaftServerConfigKeys (ConfUtils.java:logGet(43)) - raft.server.rpc.timeout.max = 5200ms (custom)
2019-07-14 02:59:38,011 INFO  server.RaftServerConfigKeys (ConfUtils.java:logGet(43)) - raft.server.rpcslowness.timeout = 120s (custom)
2019-07-14 02:59:38,013 INFO  server.RaftServerConfigKeys (ConfUtils.java:logGet(43)) - raft.server.sleep.deviation.threshold = 300 (default)
2019-07-14 02:59:38,014 INFO  server.RaftServerConfigKeys (ConfUtils.java:logGet(43)) - raft.server.log.appender.install.snapshot.enabled = false (custom)
2019-07-14 02:59:38,023 INFO  impl.RaftServerImpl (ServerState.java:<init>(105)) - 8ae50d8f-9cf4-47f9-b3f8-8f630245bc5b:group-FEF87DA9FD0B ConfigurationManager, init=-1: [8ae50d8f-9cf4-47f9-b3f8-8f630245bc5b:192.168.157.236:43461], old=null, confs=<EMPTY_MAP>
2019-07-14 02:59:38,023 INFO  server.RaftServerConfigKeys (ConfUtils.java:logGet(43)) - raft.server.storage.dir = [/tmp/workdir/hadoop-ozone/integration-test/target/test-dir/MiniOzoneClusterImpl-aa191f61-e7fe-4cd9-99ae-055af518faa6/datanode-0/data/ratis] (custom)
2019-07-14 02:59:38,032 INFO  storage.RaftStorageDirectory (RaftStorageDirectory.java:analyzeStorage(246)) - The storage directory /tmp/workdir/hadoop-ozone/integration-test/target/test-dir/MiniOzoneClusterImpl-aa191f61-e7fe-4cd9-99ae-055af518faa6/datanode-0/data/ratis/ec55103d-b397-453e-91db-fef87da9fd0b does not exist. Creating ...
2019-07-14 02:59:38,051 INFO  storage.RaftStorageDirectory (RaftStorageDirectory.java:tryLock(328)) - Lock on /tmp/workdir/hadoop-ozone/integration-test/target/test-dir/MiniOzoneClusterImpl-aa191f61-e7fe-4cd9-99ae-055af518faa6/datanode-0/data/ratis/ec55103d-b397-453e-91db-fef87da9fd0b/in_use.lock acquired by nodename 22505@trunk-nightly-k88cw-3644625431
2019-07-14 02:59:38,066 INFO  storage.RaftStorage (RaftStorage.java:format(72)) - Storage directory /tmp/workdir/hadoop-ozone/integration-test/target/test-dir/MiniOzoneClusterImpl-aa191f61-e7fe-4cd9-99ae-055af518faa6/datanode-0/data/ratis/ec55103d-b397-453e-91db-fef87da9fd0b has been successfully formatted.
2019-07-14 02:59:38,068 INFO  ratis.ContainerStateMachine (ContainerStateMachine.java:loadSnapshot(200)) - The snapshot info is null.Setting the last applied index to:(t:0, i:~)
2019-07-14 02:59:38,068 INFO  server.RaftServerConfigKeys (ConfUtils.java:logGet(43)) - raft.server.leader.election.timeout = 120s (custom)
2019-07-14 02:59:38,071 INFO  server.RaftServerConfigKeys (ConfUtils.java:logGet(43)) - raft.server.log.use.memory = false (default)
2019-07-14 02:59:38,077 INFO  server.RaftServerConfigKeys (ConfUtils.java:logGet(43)) - raft.server.log.purge.gap = 1000000000 (custom)
2019-07-14 02:59:38,077 INFO  server.RaftServerConfigKeys (ConfUtils.java:logGet(43)) - raft.server.log.appender.buffer.byte-limit = 33554432 (custom)
2019-07-14 02:59:38,079 INFO  server.RaftServerConfigKeys (ConfUtils.java:logGet(43)) - raft.server.log.segment.size.max = 1048576 (custom)
2019-07-14 02:59:38,092 INFO  server.RaftServerConfigKeys (ConfUtils.java:logGet(43)) - raft.server.log.segment.cache.num.max = 2 (custom)
2019-07-14 02:59:38,098 INFO  segmented.SegmentedRaftLogWorker (SegmentedRaftLogWorker.java:<init>(172)) - new 8ae50d8f-9cf4-47f9-b3f8-8f630245bc5b-SegmentedRaftLogWorker:Storage Directory /tmp/workdir/hadoop-ozone/integration-test/target/test-dir/MiniOzoneClusterImpl-aa191f61-e7fe-4cd9-99ae-055af518faa6/datanode-0/data/ratis/ec55103d-b397-453e-91db-fef87da9fd0b for RaftStorage:Storage Directory /tmp/workdir/hadoop-ozone/integration-test/target/test-dir/MiniOzoneClusterImpl-aa191f61-e7fe-4cd9-99ae-055af518faa6/datanode-0/data/ratis/ec55103d-b397-453e-91db-fef87da9fd0b
2019-07-14 02:59:38,110 INFO  server.RaftServerConfigKeys (ConfUtils.java:logGet(43)) - raft.server.log.queue.byte-limit = 2147483647 (custom)
2019-07-14 02:59:38,111 INFO  server.RaftServerConfigKeys (ConfUtils.java:logGet(43)) - raft.server.log.queue.element-limit = 1024 (custom)
2019-07-14 02:59:38,115 INFO  server.RaftServerConfigKeys (ConfUtils.java:logGet(43)) - raft.server.log.segment.size.max = 1048576 (custom)
2019-07-14 02:59:38,116 INFO  server.RaftServerConfigKeys (ConfUtils.java:logGet(43)) - raft.server.log.preallocated.size = 16384 (custom)
2019-07-14 02:59:38,116 INFO  server.RaftServerConfigKeys (ConfUtils.java:logGet(43)) - raft.server.log.write.buffer.size = 33554432 (custom)
2019-07-14 02:59:38,117 INFO  server.RaftServerConfigKeys (ConfUtils.java:logGet(43)) - raft.server.log.force.sync.num = 128 (default)
2019-07-14 02:59:38,118 INFO  server.RaftServerConfigKeys (ConfUtils.java:logGet(43)) - raft.server.log.statemachine.data.sync = true (default)
2019-07-14 02:59:38,118 INFO  server.RaftServerConfigKeys (ConfUtils.java:logGet(43)) - raft.server.log.statemachine.data.sync.timeout = 10s (default)
2019-07-14 02:59:38,119 INFO  server.RaftServerConfigKeys (ConfUtils.java:logGet(43)) - raft.server.log.statemachine.data.sync.timeout.retry = -1 (default)
2019-07-14 02:59:38,127 INFO  server.RaftServerConfigKeys (ConfUtils.java:logGet(43)) - raft.server.log.statemachine.data.caching.enabled = true (custom)
2019-07-14 02:59:38,132 INFO  segmented.SegmentedRaftLogWorker (SegmentedRaftLogWorker.java:lambda$new$0(132)) - 8ae50d8f-9cf4-47f9-b3f8-8f630245bc5b-SegmentedRaftLogWorker:Storage Directory /tmp/workdir/hadoop-ozone/integration-test/target/test-dir/MiniOzoneClusterImpl-aa191f61-e7fe-4cd9-99ae-055af518faa6/datanode-0/data/ratis/ec55103d-b397-453e-91db-fef87da9fd0b: flushIndex: setUnconditionally 0 -> -1
2019-07-14 02:59:38,136 INFO  server.RaftServerConfigKeys (ConfUtils.java:logGet(43)) - raft.server.snapshot.auto.trigger.enabled = true (custom)
2019-07-14 02:59:38,137 INFO  server.RaftServerConfigKeys (ConfUtils.java:logGet(43)) - raft.server.snapshot.auto.trigger.threshold = 10000 (custom)
2019-07-14 02:59:38,137 INFO  server.RaftServerConfigKeys (ConfUtils.java:logGet(43)) - raft.server.retrycache.expirytime = 600000ms (custom)
2019-07-14 02:59:38,156 INFO  impl.RaftServerImpl (RaftServerImpl.java:start(180)) - 8ae50d8f-9cf4-47f9-b3f8-8f630245bc5b: start group-FEF87DA9FD0B
2019-07-14 02:59:38,158 INFO  impl.RaftServerImpl (RaftServerImpl.java:setRole(171)) - 8ae50d8f-9cf4-47f9-b3f8-8f630245bc5b:group-FEF87DA9FD0B changes role from null to FOLLOWER at term 0 for startAsFollower
2019-07-14 02:59:38,159 INFO  impl.RoleInfo (RoleInfo.java:updateAndGet(143)) - 8ae50d8f-9cf4-47f9-b3f8-8f630245bc5b: start FollowerState
2019-07-14 02:59:38,160 INFO  util.JmxRegister (JmxRegister.java:tryRegister(44)) - Successfully registered JMX Bean with object name Ratis:service=RaftServer,group=group-FEF87DA9FD0B,id=8ae50d8f-9cf4-47f9-b3f8-8f630245bc5b
2019-07-14 02:59:38,219 INFO  pipeline.PipelineStateManager (PipelineStateManager.java:addPipeline(56)) - Created pipeline Pipeline[ Id: ec55103d-b397-453e-91db-fef87da9fd0b, Nodes: 8ae50d8f-9cf4-47f9-b3f8-8f630245bc5b{ip: 192.168.157.236, host: trunk-nightly-k88cw-3644625431, networkLocation: /default-rack, certSerialId: null}, Type:RATIS, Factor:ONE, State:OPEN]
2019-07-14 02:59:38,250 INFO  impl.RaftServerProxy (RaftServerProxy.java:addNew(89)) - 76e55045-95ee-4cd8-b4ae-2b92b0d86bc4: addNew group-B9ADC994AD03:[76e55045-95ee-4cd8-b4ae-2b92b0d86bc4:192.168.157.236:36982] returns group-B9ADC994AD03:java.util.concurrent.CompletableFuture@66411b82[Not completed]
2019-07-14 02:59:38,290 INFO  ozone.MiniOzoneClusterImpl (MiniOzoneClusterImpl.java:lambda$waitForClusterToBeReady$0(142)) - Waiting for cluster to be ready. Got 6 of 7 DN Heartbeats.
2019-07-14 02:59:38,317 INFO  impl.RaftServerImpl (RaftServerImpl.java:<init>(93)) - 76e55045-95ee-4cd8-b4ae-2b92b0d86bc4: new RaftServerImpl for group-B9ADC994AD03:[76e55045-95ee-4cd8-b4ae-2b92b0d86bc4:192.168.157.236:36982] with ContainerStateMachine:uninitialized
2019-07-14 02:59:38,319 INFO  server.RaftServerConfigKeys (ConfUtils.java:logGet(43)) - raft.server.rpc.timeout.min = 5s (custom)
2019-07-14 02:59:38,319 INFO  server.RaftServerConfigKeys (ConfUtils.java:logGet(43)) - raft.server.rpc.timeout.max = 5200ms (custom)
2019-07-14 02:59:38,319 INFO  node.SCMNodeManager (SCMNodeManager.java:register(269)) - Registered Data node : 4ac04301-88ad-4991-ac3b-3db3067a4843{ip: 192.168.157.236, host: trunk-nightly-k88cw-3644625431, networkLocation: /default-rack, certSerialId: null}
2019-07-14 02:59:38,319 INFO  server.RaftServerConfigKeys (ConfUtils.java:logGet(43)) - raft.server.rpcslowness.timeout = 120s (custom)
2019-07-14 02:59:38,320 INFO  server.RaftServerConfigKeys (ConfUtils.java:logGet(43)) - raft.server.sleep.deviation.threshold = 300 (default)
2019-07-14 02:59:38,320 INFO  server.RaftServerConfigKeys (ConfUtils.java:logGet(43)) - raft.server.log.appender.install.snapshot.enabled = false (custom)
2019-07-14 02:59:38,320 INFO  impl.RaftServerImpl (ServerState.java:<init>(105)) - 76e55045-95ee-4cd8-b4ae-2b92b0d86bc4:group-B9ADC994AD03 ConfigurationManager, init=-1: [76e55045-95ee-4cd8-b4ae-2b92b0d86bc4:192.168.157.236:36982], old=null, confs=<EMPTY_MAP>
2019-07-14 02:59:38,320 INFO  server.RaftServerConfigKeys (ConfUtils.java:logGet(43)) - raft.server.storage.dir = [/tmp/workdir/hadoop-ozone/integration-test/target/test-dir/MiniOzoneClusterImpl-aa191f61-e7fe-4cd9-99ae-055af518faa6/datanode-1/data/ratis] (custom)
2019-07-14 02:59:38,321 INFO  storage.RaftStorageDirectory (RaftStorageDirectory.java:analyzeStorage(246)) - The storage directory /tmp/workdir/hadoop-ozone/integration-test/target/test-dir/MiniOzoneClusterImpl-aa191f61-e7fe-4cd9-99ae-055af518faa6/datanode-1/data/ratis/be4e9db2-2bb8-47fe-94f8-b9adc994ad03 does not exist. Creating ...
2019-07-14 02:59:38,342 INFO  storage.RaftStorageDirectory (RaftStorageDirectory.java:tryLock(328)) - Lock on /tmp/workdir/hadoop-ozone/integration-test/target/test-dir/MiniOzoneClusterImpl-aa191f61-e7fe-4cd9-99ae-055af518faa6/datanode-1/data/ratis/be4e9db2-2bb8-47fe-94f8-b9adc994ad03/in_use.lock acquired by nodename 22505@trunk-nightly-k88cw-3644625431
2019-07-14 02:59:38,356 INFO  storage.RaftStorage (RaftStorage.java:format(72)) - Storage directory /tmp/workdir/hadoop-ozone/integration-test/target/test-dir/MiniOzoneClusterImpl-aa191f61-e7fe-4cd9-99ae-055af518faa6/datanode-1/data/ratis/be4e9db2-2bb8-47fe-94f8-b9adc994ad03 has been successfully formatted.
2019-07-14 02:59:38,358 INFO  ratis.ContainerStateMachine (ContainerStateMachine.java:loadSnapshot(200)) - The snapshot info is null.Setting the last applied index to:(t:0, i:~)
2019-07-14 02:59:38,359 INFO  server.RaftServerConfigKeys (ConfUtils.java:logGet(43)) - raft.server.leader.election.timeout = 120s (custom)
2019-07-14 02:59:38,360 INFO  server.RaftServerConfigKeys (ConfUtils.java:logGet(43)) - raft.server.log.use.memory = false (default)
2019-07-14 02:59:38,360 INFO  server.RaftServerConfigKeys (ConfUtils.java:logGet(43)) - raft.server.log.purge.gap = 1000000000 (custom)
2019-07-14 02:59:38,360 INFO  server.RaftServerConfigKeys (ConfUtils.java:logGet(43)) - raft.server.log.appender.buffer.byte-limit = 33554432 (custom)
2019-07-14 02:59:38,360 INFO  server.RaftServerConfigKeys (ConfUtils.java:logGet(43)) - raft.server.log.segment.size.max = 1048576 (custom)
2019-07-14 02:59:38,360 INFO  server.RaftServerConfigKeys (ConfUtils.java:logGet(43)) - raft.server.log.segment.cache.num.max = 2 (custom)
2019-07-14 02:59:38,361 INFO  segmented.SegmentedRaftLogWorker (SegmentedRaftLogWorker.java:<init>(172)) - new 76e55045-95ee-4cd8-b4ae-2b92b0d86bc4-SegmentedRaftLogWorker:Storage Directory /tmp/workdir/hadoop-ozone/integration-test/target/test-dir/MiniOzoneClusterImpl-aa191f61-e7fe-4cd9-99ae-055af518faa6/datanode-1/data/ratis/be4e9db2-2bb8-47fe-94f8-b9adc994ad03 for RaftStorage:Storage Directory /tmp/workdir/hadoop-ozone/integration-test/target/test-dir/MiniOzoneClusterImpl-aa191f61-e7fe-4cd9-99ae-055af518faa6/datanode-1/data/ratis/be4e9db2-2bb8-47fe-94f8-b9adc994ad03
2019-07-14 02:59:38,362 INFO  server.RaftServerConfigKeys (ConfUtils.java:logGet(43)) - raft.server.log.queue.byte-limit = 2147483647 (custom)
2019-07-14 02:59:38,362 INFO  server.RaftServerConfigKeys (ConfUtils.java:logGet(43)) - raft.server.log.queue.element-limit = 1024 (custom)
2019-07-14 02:59:38,363 INFO  server.RaftServerConfigKeys (ConfUtils.java:logGet(43)) - raft.server.log.segment.size.max = 1048576 (custom)
2019-07-14 02:59:38,363 INFO  server.RaftServerConfigKeys (ConfUtils.java:logGet(43)) - raft.server.log.preallocated.size = 16384 (custom)
2019-07-14 02:59:38,363 INFO  server.RaftServerConfigKeys (ConfUtils.java:logGet(43)) - raft.server.log.write.buffer.size = 33554432 (custom)
2019-07-14 02:59:38,363 INFO  server.RaftServerConfigKeys (ConfUtils.java:logGet(43)) - raft.server.log.force.sync.num = 128 (default)
2019-07-14 02:59:38,364 INFO  server.RaftServerConfigKeys (ConfUtils.java:logGet(43)) - raft.server.log.statemachine.data.sync = true (default)
2019-07-14 02:59:38,364 INFO  server.RaftServerConfigKeys (ConfUtils.java:logGet(43)) - raft.server.log.statemachine.data.sync.timeout = 10s (default)
2019-07-14 02:59:38,364 INFO  server.RaftServerConfigKeys (ConfUtils.java:logGet(43)) - raft.server.log.statemachine.data.sync.timeout.retry = -1 (default)
2019-07-14 02:59:38,364 INFO  server.RaftServerConfigKeys (ConfUtils.java:logGet(43)) - raft.server.log.statemachine.data.caching.enabled = true (custom)
2019-07-14 02:59:38,365 INFO  segmented.SegmentedRaftLogWorker (SegmentedRaftLogWorker.java:lambda$new$0(132)) - 76e55045-95ee-4cd8-b4ae-2b92b0d86bc4-SegmentedRaftLogWorker:Storage Directory /tmp/workdir/hadoop-ozone/integration-test/target/test-dir/MiniOzoneClusterImpl-aa191f61-e7fe-4cd9-99ae-055af518faa6/datanode-1/data/ratis/be4e9db2-2bb8-47fe-94f8-b9adc994ad03: flushIndex: setUnconditionally 0 -> -1
2019-07-14 02:59:38,365 INFO  server.RaftServerConfigKeys (ConfUtils.java:logGet(43)) - raft.server.snapshot.auto.trigger.enabled = true (custom)
2019-07-14 02:59:38,365 INFO  server.RaftServerConfigKeys (ConfUtils.java:logGet(43)) - raft.server.snapshot.auto.trigger.threshold = 10000 (custom)
2019-07-14 02:59:38,366 INFO  server.RaftServerConfigKeys (ConfUtils.java:logGet(43)) - raft.server.retrycache.expirytime = 600000ms (custom)
2019-07-14 02:59:38,366 INFO  impl.RaftServerImpl (RaftServerImpl.java:start(180)) - 76e55045-95ee-4cd8-b4ae-2b92b0d86bc4: start group-B9ADC994AD03
2019-07-14 02:59:38,366 INFO  impl.RaftServerImpl (RaftServerImpl.java:setRole(171)) - 76e55045-95ee-4cd8-b4ae-2b92b0d86bc4:group-B9ADC994AD03 changes role from null to FOLLOWER at term 0 for startAsFollower
2019-07-14 02:59:38,366 INFO  impl.RoleInfo (RoleInfo.java:updateAndGet(143)) - 76e55045-95ee-4cd8-b4ae-2b92b0d86bc4: start FollowerState
2019-07-14 02:59:38,369 INFO  util.JmxRegister (JmxRegister.java:tryRegister(44)) - Successfully registered JMX Bean with object name Ratis:service=RaftServer,group=group-B9ADC994AD03,id=76e55045-95ee-4cd8-b4ae-2b92b0d86bc4
2019-07-14 02:59:38,384 INFO  pipeline.PipelineStateManager (PipelineStateManager.java:addPipeline(56)) - Created pipeline Pipeline[ Id: be4e9db2-2bb8-47fe-94f8-b9adc994ad03, Nodes: 76e55045-95ee-4cd8-b4ae-2b92b0d86bc4{ip: 192.168.157.236, host: trunk-nightly-k88cw-3644625431, networkLocation: /default-rack, certSerialId: null}, Type:RATIS, Factor:ONE, State:OPEN]
2019-07-14 02:59:38,412 INFO  impl.RaftServerProxy (RaftServerProxy.java:addNew(89)) - f492c16f-2f7a-465f-93ad-e1550f6bae23: addNew group-CC13D886B168:[f492c16f-2f7a-465f-93ad-e1550f6bae23:192.168.157.236:44960] returns group-CC13D886B168:java.util.concurrent.CompletableFuture@3835d56[Not completed]
2019-07-14 02:59:38,423 INFO  impl.RaftServerImpl (RaftServerImpl.java:<init>(93)) - f492c16f-2f7a-465f-93ad-e1550f6bae23: new RaftServerImpl for group-CC13D886B168:[f492c16f-2f7a-465f-93ad-e1550f6bae23:192.168.157.236:44960] with ContainerStateMachine:uninitialized
2019-07-14 02:59:38,423 INFO  server.RaftServerConfigKeys (ConfUtils.java:logGet(43)) - raft.server.rpc.timeout.min = 5s (custom)
2019-07-14 02:59:38,423 INFO  server.RaftServerConfigKeys (ConfUtils.java:logGet(43)) - raft.server.rpc.timeout.max = 5200ms (custom)
2019-07-14 02:59:38,423 INFO  server.RaftServerConfigKeys (ConfUtils.java:logGet(43)) - raft.server.rpcslowness.timeout = 120s (custom)
2019-07-14 02:59:38,423 INFO  server.RaftServerConfigKeys (ConfUtils.java:logGet(43)) - raft.server.sleep.deviation.threshold = 300 (default)
2019-07-14 02:59:38,424 INFO  server.RaftServerConfigKeys (ConfUtils.java:logGet(43)) - raft.server.log.appender.install.snapshot.enabled = false (custom)
2019-07-14 02:59:38,424 INFO  impl.RaftServerImpl (ServerState.java:<init>(105)) - f492c16f-2f7a-465f-93ad-e1550f6bae23:group-CC13D886B168 ConfigurationManager, init=-1: [f492c16f-2f7a-465f-93ad-e1550f6bae23:192.168.157.236:44960], old=null, confs=<EMPTY_MAP>
2019-07-14 02:59:38,424 INFO  server.RaftServerConfigKeys (ConfUtils.java:logGet(43)) - raft.server.storage.dir = [/tmp/workdir/hadoop-ozone/integration-test/target/test-dir/MiniOzoneClusterImpl-aa191f61-e7fe-4cd9-99ae-055af518faa6/datanode-3/data/ratis] (custom)
2019-07-14 02:59:38,425 INFO  storage.RaftStorageDirectory (RaftStorageDirectory.java:analyzeStorage(246)) - The storage directory /tmp/workdir/hadoop-ozone/integration-test/target/test-dir/MiniOzoneClusterImpl-aa191f61-e7fe-4cd9-99ae-055af518faa6/datanode-3/data/ratis/b37bf8d7-26dc-4dd2-8bb3-cc13d886b168 does not exist. Creating ...
2019-07-14 02:59:38,437 INFO  storage.RaftStorageDirectory (RaftStorageDirectory.java:tryLock(328)) - Lock on /tmp/workdir/hadoop-ozone/integration-test/target/test-dir/MiniOzoneClusterImpl-aa191f61-e7fe-4cd9-99ae-055af518faa6/datanode-3/data/ratis/b37bf8d7-26dc-4dd2-8bb3-cc13d886b168/in_use.lock acquired by nodename 22505@trunk-nightly-k88cw-3644625431
2019-07-14 02:59:38,451 INFO  storage.RaftStorage (RaftStorage.java:format(72)) - Storage directory /tmp/workdir/hadoop-ozone/integration-test/target/test-dir/MiniOzoneClusterImpl-aa191f61-e7fe-4cd9-99ae-055af518faa6/datanode-3/data/ratis/b37bf8d7-26dc-4dd2-8bb3-cc13d886b168 has been successfully formatted.
2019-07-14 02:59:38,452 INFO  ratis.ContainerStateMachine (ContainerStateMachine.java:loadSnapshot(200)) - The snapshot info is null.Setting the last applied index to:(t:0, i:~)
2019-07-14 02:59:38,452 INFO  server.RaftServerConfigKeys (ConfUtils.java:logGet(43)) - raft.server.leader.election.timeout = 120s (custom)
2019-07-14 02:59:38,452 INFO  server.RaftServerConfigKeys (ConfUtils.java:logGet(43)) - raft.server.log.use.memory = false (default)
2019-07-14 02:59:38,452 INFO  server.RaftServerConfigKeys (ConfUtils.java:logGet(43)) - raft.server.log.purge.gap = 1000000000 (custom)
2019-07-14 02:59:38,453 INFO  server.RaftServerConfigKeys (ConfUtils.java:logGet(43)) - raft.server.log.appender.buffer.byte-limit = 33554432 (custom)
2019-07-14 02:59:38,453 INFO  server.RaftServerConfigKeys (ConfUtils.java:logGet(43)) - raft.server.log.segment.size.max = 1048576 (custom)
2019-07-14 02:59:38,453 INFO  server.RaftServerConfigKeys (ConfUtils.java:logGet(43)) - raft.server.log.segment.cache.num.max = 2 (custom)
2019-07-14 02:59:38,453 INFO  segmented.SegmentedRaftLogWorker (SegmentedRaftLogWorker.java:<init>(172)) - new f492c16f-2f7a-465f-93ad-e1550f6bae23-SegmentedRaftLogWorker:Storage Directory /tmp/workdir/hadoop-ozone/integration-test/target/test-dir/MiniOzoneClusterImpl-aa191f61-e7fe-4cd9-99ae-055af518faa6/datanode-3/data/ratis/b37bf8d7-26dc-4dd2-8bb3-cc13d886b168 for RaftStorage:Storage Directory /tmp/workdir/hadoop-ozone/integration-test/target/test-dir/MiniOzoneClusterImpl-aa191f61-e7fe-4cd9-99ae-055af518faa6/datanode-3/data/ratis/b37bf8d7-26dc-4dd2-8bb3-cc13d886b168
2019-07-14 02:59:38,453 INFO  server.RaftServerConfigKeys (ConfUtils.java:logGet(43)) - raft.server.log.queue.byte-limit = 2147483647 (custom)
2019-07-14 02:59:38,454 INFO  server.RaftServerConfigKeys (ConfUtils.java:logGet(43)) - raft.server.log.queue.element-limit = 1024 (custom)
2019-07-14 02:59:38,454 INFO  server.RaftServerConfigKeys (ConfUtils.java:logGet(43)) - raft.server.log.segment.size.max = 1048576 (custom)
2019-07-14 02:59:38,454 INFO  server.RaftServerConfigKeys (ConfUtils.java:logGet(43)) - raft.server.log.preallocated.size = 16384 (custom)
2019-07-14 02:59:38,454 INFO  server.RaftServerConfigKeys (ConfUtils.java:logGet(43)) - raft.server.log.write.buffer.size = 33554432 (custom)
2019-07-14 02:59:38,455 INFO  server.RaftServerConfigKeys (ConfUtils.java:logGet(43)) - raft.server.log.force.sync.num = 128 (default)
2019-07-14 02:59:38,455 INFO  server.RaftServerConfigKeys (ConfUtils.java:logGet(43)) - raft.server.log.statemachine.data.sync = true (default)
2019-07-14 02:59:38,455 INFO  server.RaftServerConfigKeys (ConfUtils.java:logGet(43)) - raft.server.log.statemachine.data.sync.timeout = 10s (default)
2019-07-14 02:59:38,455 INFO  server.RaftServerConfigKeys (ConfUtils.java:logGet(43)) - raft.server.log.statemachine.data.sync.timeout.retry = -1 (default)
2019-07-14 02:59:38,456 INFO  server.RaftServerConfigKeys (ConfUtils.java:logGet(43)) - raft.server.log.statemachine.data.caching.enabled = true (custom)
2019-07-14 02:59:38,456 INFO  segmented.SegmentedRaftLogWorker (SegmentedRaftLogWorker.java:lambda$new$0(132)) - f492c16f-2f7a-465f-93ad-e1550f6bae23-SegmentedRaftLogWorker:Storage Directory /tmp/workdir/hadoop-ozone/integration-test/target/test-dir/MiniOzoneClusterImpl-aa191f61-e7fe-4cd9-99ae-055af518faa6/datanode-3/data/ratis/b37bf8d7-26dc-4dd2-8bb3-cc13d886b168: flushIndex: setUnconditionally 0 -> -1
2019-07-14 02:59:38,457 INFO  server.RaftServerConfigKeys (ConfUtils.java:logGet(43)) - raft.server.snapshot.auto.trigger.enabled = true (custom)
2019-07-14 02:59:38,457 INFO  server.RaftServerConfigKeys (ConfUtils.java:logGet(43)) - raft.server.snapshot.auto.trigger.threshold = 10000 (custom)
2019-07-14 02:59:38,457 INFO  server.RaftServerConfigKeys (ConfUtils.java:logGet(43)) - raft.server.retrycache.expirytime = 600000ms (custom)
2019-07-14 02:59:38,458 INFO  impl.RaftServerImpl (RaftServerImpl.java:start(180)) - f492c16f-2f7a-465f-93ad-e1550f6bae23: start group-CC13D886B168
2019-07-14 02:59:38,458 INFO  impl.RaftServerImpl (RaftServerImpl.java:setRole(171)) - f492c16f-2f7a-465f-93ad-e1550f6bae23:group-CC13D886B168 changes role from null to FOLLOWER at term 0 for startAsFollower
2019-07-14 02:59:38,458 INFO  impl.RoleInfo (RoleInfo.java:updateAndGet(143)) - f492c16f-2f7a-465f-93ad-e1550f6bae23: start FollowerState
2019-07-14 02:59:38,458 INFO  util.JmxRegister (JmxRegister.java:tryRegister(44)) - Successfully registered JMX Bean with object name Ratis:service=RaftServer,group=group-CC13D886B168,id=f492c16f-2f7a-465f-93ad-e1550f6bae23
2019-07-14 02:59:38,473 INFO  pipeline.PipelineStateManager (PipelineStateManager.java:addPipeline(56)) - Created pipeline Pipeline[ Id: b37bf8d7-26dc-4dd2-8bb3-cc13d886b168, Nodes: f492c16f-2f7a-465f-93ad-e1550f6bae23{ip: 192.168.157.236, host: trunk-nightly-k88cw-3644625431, networkLocation: /default-rack, certSerialId: null}, Type:RATIS, Factor:ONE, State:OPEN]
2019-07-14 02:59:38,499 INFO  impl.RaftServerProxy (RaftServerProxy.java:addNew(89)) - 62eb672d-939f-49f6-a9fd-ed4c4188786c: addNew group-436211E6CF13:[62eb672d-939f-49f6-a9fd-ed4c4188786c:192.168.157.236:40102] returns group-436211E6CF13:java.util.concurrent.CompletableFuture@6375d646[Not completed]
2019-07-14 02:59:38,501 INFO  impl.RaftServerImpl (RaftServerImpl.java:<init>(93)) - 62eb672d-939f-49f6-a9fd-ed4c4188786c: new RaftServerImpl for group-436211E6CF13:[62eb672d-939f-49f6-a9fd-ed4c4188786c:192.168.157.236:40102] with ContainerStateMachine:uninitialized
2019-07-14 02:59:38,501 INFO  server.RaftServerConfigKeys (ConfUtils.java:logGet(43)) - raft.server.rpc.timeout.min = 5s (custom)
2019-07-14 02:59:38,501 INFO  server.RaftServerConfigKeys (ConfUtils.java:logGet(43)) - raft.server.rpc.timeout.max = 5200ms (custom)
2019-07-14 02:59:38,502 INFO  server.RaftServerConfigKeys (ConfUtils.java:logGet(43)) - raft.server.rpcslowness.timeout = 120s (custom)
2019-07-14 02:59:38,502 INFO  server.RaftServerConfigKeys (ConfUtils.java:logGet(43)) - raft.server.sleep.deviation.threshold = 300 (default)
2019-07-14 02:59:38,502 INFO  server.RaftServerConfigKeys (ConfUtils.java:logGet(43)) - raft.server.log.appender.install.snapshot.enabled = false (custom)
2019-07-14 02:59:38,502 INFO  impl.RaftServerImpl (ServerState.java:<init>(105)) - 62eb672d-939f-49f6-a9fd-ed4c4188786c:group-436211E6CF13 ConfigurationManager, init=-1: [62eb672d-939f-49f6-a9fd-ed4c4188786c:192.168.157.236:40102], old=null, confs=<EMPTY_MAP>
2019-07-14 02:59:38,502 INFO  server.RaftServerConfigKeys (ConfUtils.java:logGet(43)) - raft.server.storage.dir = [/tmp/workdir/hadoop-ozone/integration-test/target/test-dir/MiniOzoneClusterImpl-aa191f61-e7fe-4cd9-99ae-055af518faa6/datanode-4/data/ratis] (custom)
2019-07-14 02:59:38,503 INFO  storage.RaftStorageDirectory (RaftStorageDirectory.java:analyzeStorage(246)) - The storage directory /tmp/workdir/hadoop-ozone/integration-test/target/test-dir/MiniOzoneClusterImpl-aa191f61-e7fe-4cd9-99ae-055af518faa6/datanode-4/data/ratis/221ba97e-28d4-4acf-b932-436211e6cf13 does not exist. Creating ...
2019-07-14 02:59:38,516 INFO  storage.RaftStorageDirectory (RaftStorageDirectory.java:tryLock(328)) - Lock on /tmp/workdir/hadoop-ozone/integration-test/target/test-dir/MiniOzoneClusterImpl-aa191f61-e7fe-4cd9-99ae-055af518faa6/datanode-4/data/ratis/221ba97e-28d4-4acf-b932-436211e6cf13/in_use.lock acquired by nodename 22505@trunk-nightly-k88cw-3644625431
2019-07-14 02:59:38,529 INFO  storage.RaftStorage (RaftStorage.java:format(72)) - Storage directory /tmp/workdir/hadoop-ozone/integration-test/target/test-dir/MiniOzoneClusterImpl-aa191f61-e7fe-4cd9-99ae-055af518faa6/datanode-4/data/ratis/221ba97e-28d4-4acf-b932-436211e6cf13 has been successfully formatted.
2019-07-14 02:59:38,529 INFO  ratis.ContainerStateMachine (ContainerStateMachine.java:loadSnapshot(200)) - The snapshot info is null.Setting the last applied index to:(t:0, i:~)
2019-07-14 02:59:38,530 INFO  server.RaftServerConfigKeys (ConfUtils.java:logGet(43)) - raft.server.leader.election.timeout = 120s (custom)
2019-07-14 02:59:38,530 INFO  server.RaftServerConfigKeys (ConfUtils.java:logGet(43)) - raft.server.log.use.memory = false (default)
2019-07-14 02:59:38,530 INFO  server.RaftServerConfigKeys (ConfUtils.java:logGet(43)) - raft.server.log.purge.gap = 1000000000 (custom)
2019-07-14 02:59:38,530 INFO  server.RaftServerConfigKeys (ConfUtils.java:logGet(43)) - raft.server.log.appender.buffer.byte-limit = 33554432 (custom)
2019-07-14 02:59:38,530 INFO  server.RaftServerConfigKeys (ConfUtils.java:logGet(43)) - raft.server.log.segment.size.max = 1048576 (custom)
2019-07-14 02:59:38,531 INFO  server.RaftServerConfigKeys (ConfUtils.java:logGet(43)) - raft.server.log.segment.cache.num.max = 2 (custom)
2019-07-14 02:59:38,531 INFO  segmented.SegmentedRaftLogWorker (SegmentedRaftLogWorker.java:<init>(172)) - new 62eb672d-939f-49f6-a9fd-ed4c4188786c-SegmentedRaftLogWorker:Storage Directory /tmp/workdir/hadoop-ozone/integration-test/target/test-dir/MiniOzoneClusterImpl-aa191f61-e7fe-4cd9-99ae-055af518faa6/datanode-4/data/ratis/221ba97e-28d4-4acf-b932-436211e6cf13 for RaftStorage:Storage Directory /tmp/workdir/hadoop-ozone/integration-test/target/test-dir/MiniOzoneClusterImpl-aa191f61-e7fe-4cd9-99ae-055af518faa6/datanode-4/data/ratis/221ba97e-28d4-4acf-b932-436211e6cf13
2019-07-14 02:59:38,531 INFO  server.RaftServerConfigKeys (ConfUtils.java:logGet(43)) - raft.server.log.queue.byte-limit = 2147483647 (custom)
2019-07-14 02:59:38,531 INFO  server.RaftServerConfigKeys (ConfUtils.java:logGet(43)) - raft.server.log.queue.element-limit = 1024 (custom)
2019-07-14 02:59:38,532 INFO  server.RaftServerConfigKeys (ConfUtils.java:logGet(43)) - raft.server.log.segment.size.max = 1048576 (custom)
2019-07-14 02:59:38,532 INFO  server.RaftServerConfigKeys (ConfUtils.java:logGet(43)) - raft.server.log.preallocated.size = 16384 (custom)
2019-07-14 02:59:38,532 INFO  server.RaftServerConfigKeys (ConfUtils.java:logGet(43)) - raft.server.log.write.buffer.size = 33554432 (custom)
2019-07-14 02:59:38,532 INFO  server.RaftServerConfigKeys (ConfUtils.java:logGet(43)) - raft.server.log.force.sync.num = 128 (default)
2019-07-14 02:59:38,532 INFO  server.RaftServerConfigKeys (ConfUtils.java:logGet(43)) - raft.server.log.statemachine.data.sync = true (default)
2019-07-14 02:59:38,533 INFO  server.RaftServerConfigKeys (ConfUtils.java:logGet(43)) - raft.server.log.statemachine.data.sync.timeout = 10s (default)
2019-07-14 02:59:38,533 INFO  server.RaftServerConfigKeys (ConfUtils.java:logGet(43)) - raft.server.log.statemachine.data.sync.timeout.retry = -1 (default)
2019-07-14 02:59:38,533 INFO  server.RaftServerConfigKeys (ConfUtils.java:logGet(43)) - raft.server.log.statemachine.data.caching.enabled = true (custom)
2019-07-14 02:59:38,534 INFO  segmented.SegmentedRaftLogWorker (SegmentedRaftLogWorker.java:lambda$new$0(132)) - 62eb672d-939f-49f6-a9fd-ed4c4188786c-SegmentedRaftLogWorker:Storage Directory /tmp/workdir/hadoop-ozone/integration-test/target/test-dir/MiniOzoneClusterImpl-aa191f61-e7fe-4cd9-99ae-055af518faa6/datanode-4/data/ratis/221ba97e-28d4-4acf-b932-436211e6cf13: flushIndex: setUnconditionally 0 -> -1
2019-07-14 02:59:38,534 INFO  server.RaftServerConfigKeys (ConfUtils.java:logGet(43)) - raft.server.snapshot.auto.trigger.enabled = true (custom)
2019-07-14 02:59:38,534 INFO  server.RaftServerConfigKeys (ConfUtils.java:logGet(43)) - raft.server.snapshot.auto.trigger.threshold = 10000 (custom)
2019-07-14 02:59:38,534 INFO  server.RaftServerConfigKeys (ConfUtils.java:logGet(43)) - raft.server.retrycache.expirytime = 600000ms (custom)
2019-07-14 02:59:38,535 INFO  impl.RaftServerImpl (RaftServerImpl.java:start(180)) - 62eb672d-939f-49f6-a9fd-ed4c4188786c: start group-436211E6CF13
2019-07-14 02:59:38,535 INFO  impl.RaftServerImpl (RaftServerImpl.java:setRole(171)) - 62eb672d-939f-49f6-a9fd-ed4c4188786c:group-436211E6CF13 changes role from null to FOLLOWER at term 0 for startAsFollower
2019-07-14 02:59:38,535 INFO  impl.RoleInfo (RoleInfo.java:updateAndGet(143)) - 62eb672d-939f-49f6-a9fd-ed4c4188786c: start FollowerState
2019-07-14 02:59:38,536 INFO  util.JmxRegister (JmxRegister.java:tryRegister(44)) - Successfully registered JMX Bean with object name Ratis:service=RaftServer,group=group-436211E6CF13,id=62eb672d-939f-49f6-a9fd-ed4c4188786c
2019-07-14 02:59:38,550 INFO  pipeline.PipelineStateManager (PipelineStateManager.java:addPipeline(56)) - Created pipeline Pipeline[ Id: 221ba97e-28d4-4acf-b932-436211e6cf13, Nodes: 62eb672d-939f-49f6-a9fd-ed4c4188786c{ip: 192.168.157.236, host: trunk-nightly-k88cw-3644625431, networkLocation: /default-rack, certSerialId: null}, Type:RATIS, Factor:ONE, State:OPEN]
2019-07-14 02:59:38,574 INFO  impl.RaftServerProxy (RaftServerProxy.java:addNew(89)) - 4ac04301-88ad-4991-ac3b-3db3067a4843: addNew group-58CD8369C196:[4ac04301-88ad-4991-ac3b-3db3067a4843:192.168.157.236:33944] returns group-58CD8369C196:java.util.concurrent.CompletableFuture@7ce3194b[Not completed]
2019-07-14 02:59:38,576 INFO  impl.RaftServerImpl (RaftServerImpl.java:<init>(93)) - 4ac04301-88ad-4991-ac3b-3db3067a4843: new RaftServerImpl for group-58CD8369C196:[4ac04301-88ad-4991-ac3b-3db3067a4843:192.168.157.236:33944] with ContainerStateMachine:uninitialized
2019-07-14 02:59:38,576 INFO  server.RaftServerConfigKeys (ConfUtils.java:logGet(43)) - raft.server.rpc.timeout.min = 5s (custom)
2019-07-14 02:59:38,577 INFO  server.RaftServerConfigKeys (ConfUtils.java:logGet(43)) - raft.server.rpc.timeout.max = 5200ms (custom)
2019-07-14 02:59:38,577 INFO  server.RaftServerConfigKeys (ConfUtils.java:logGet(43)) - raft.server.rpcslowness.timeout = 120s (custom)
2019-07-14 02:59:38,577 INFO  server.RaftServerConfigKeys (ConfUtils.java:logGet(43)) - raft.server.sleep.deviation.threshold = 300 (default)
2019-07-14 02:59:38,577 INFO  server.RaftServerConfigKeys (ConfUtils.java:logGet(43)) - raft.server.log.appender.install.snapshot.enabled = false (custom)
2019-07-14 02:59:38,577 INFO  impl.RaftServerImpl (ServerState.java:<init>(105)) - 4ac04301-88ad-4991-ac3b-3db3067a4843:group-58CD8369C196 ConfigurationManager, init=-1: [4ac04301-88ad-4991-ac3b-3db3067a4843:192.168.157.236:33944], old=null, confs=<EMPTY_MAP>
2019-07-14 02:59:38,578 INFO  server.RaftServerConfigKeys (ConfUtils.java:logGet(43)) - raft.server.storage.dir = [/tmp/workdir/hadoop-ozone/integration-test/target/test-dir/MiniOzoneClusterImpl-aa191f61-e7fe-4cd9-99ae-055af518faa6/datanode-6/data/ratis] (custom)
2019-07-14 02:59:38,578 INFO  storage.RaftStorageDirectory (RaftStorageDirectory.java:analyzeStorage(246)) - The storage directory /tmp/workdir/hadoop-ozone/integration-test/target/test-dir/MiniOzoneClusterImpl-aa191f61-e7fe-4cd9-99ae-055af518faa6/datanode-6/data/ratis/89357eb3-0664-4b40-8881-58cd8369c196 does not exist. Creating ...
2019-07-14 02:59:38,590 INFO  storage.RaftStorageDirectory (RaftStorageDirectory.java:tryLock(328)) - Lock on /tmp/workdir/hadoop-ozone/integration-test/target/test-dir/MiniOzoneClusterImpl-aa191f61-e7fe-4cd9-99ae-055af518faa6/datanode-6/data/ratis/89357eb3-0664-4b40-8881-58cd8369c196/in_use.lock acquired by nodename 22505@trunk-nightly-k88cw-3644625431
2019-07-14 02:59:38,603 INFO  storage.RaftStorage (RaftStorage.java:format(72)) - Storage directory /tmp/workdir/hadoop-ozone/integration-test/target/test-dir/MiniOzoneClusterImpl-aa191f61-e7fe-4cd9-99ae-055af518faa6/datanode-6/data/ratis/89357eb3-0664-4b40-8881-58cd8369c196 has been successfully formatted.
2019-07-14 02:59:38,604 INFO  ratis.ContainerStateMachine (ContainerStateMachine.java:loadSnapshot(200)) - The snapshot info is null.Setting the last applied index to:(t:0, i:~)
2019-07-14 02:59:38,604 INFO  server.RaftServerConfigKeys (ConfUtils.java:logGet(43)) - raft.server.leader.election.timeout = 120s (custom)
2019-07-14 02:59:38,604 INFO  server.RaftServerConfigKeys (ConfUtils.java:logGet(43)) - raft.server.log.use.memory = false (default)
2019-07-14 02:59:38,604 INFO  server.RaftServerConfigKeys (ConfUtils.java:logGet(43)) - raft.server.log.purge.gap = 1000000000 (custom)
2019-07-14 02:59:38,604 INFO  server.RaftServerConfigKeys (ConfUtils.java:logGet(43)) - raft.server.log.appender.buffer.byte-limit = 33554432 (custom)
2019-07-14 02:59:38,604 INFO  server.RaftServerConfigKeys (ConfUtils.java:logGet(43)) - raft.server.log.segment.size.max = 1048576 (custom)
2019-07-14 02:59:38,605 INFO  server.RaftServerConfigKeys (ConfUtils.java:logGet(43)) - raft.server.log.segment.cache.num.max = 2 (custom)
2019-07-14 02:59:38,605 INFO  segmented.SegmentedRaftLogWorker (SegmentedRaftLogWorker.java:<init>(172)) - new 4ac04301-88ad-4991-ac3b-3db3067a4843-SegmentedRaftLogWorker:Storage Directory /tmp/workdir/hadoop-ozone/integration-test/target/test-dir/MiniOzoneClusterImpl-aa191f61-e7fe-4cd9-99ae-055af518faa6/datanode-6/data/ratis/89357eb3-0664-4b40-8881-58cd8369c196 for RaftStorage:Storage Directory /tmp/workdir/hadoop-ozone/integration-test/target/test-dir/MiniOzoneClusterImpl-aa191f61-e7fe-4cd9-99ae-055af518faa6/datanode-6/data/ratis/89357eb3-0664-4b40-8881-58cd8369c196
2019-07-14 02:59:38,605 INFO  server.RaftServerConfigKeys (ConfUtils.java:logGet(43)) - raft.server.log.queue.byte-limit = 2147483647 (custom)
2019-07-14 02:59:38,605 INFO  server.RaftServerConfigKeys (ConfUtils.java:logGet(43)) - raft.server.log.queue.element-limit = 1024 (custom)
2019-07-14 02:59:38,606 INFO  server.RaftServerConfigKeys (ConfUtils.java:logGet(43)) - raft.server.log.segment.size.max = 1048576 (custom)
2019-07-14 02:59:38,606 INFO  server.RaftServerConfigKeys (ConfUtils.java:logGet(43)) - raft.server.log.preallocated.size = 16384 (custom)
2019-07-14 02:59:38,606 INFO  server.RaftServerConfigKeys (ConfUtils.java:logGet(43)) - raft.server.log.write.buffer.size = 33554432 (custom)
2019-07-14 02:59:38,606 INFO  server.RaftServerConfigKeys (ConfUtils.java:logGet(43)) - raft.server.log.force.sync.num = 128 (default)
2019-07-14 02:59:38,606 INFO  server.RaftServerConfigKeys (ConfUtils.java:logGet(43)) - raft.server.log.statemachine.data.sync = true (default)
2019-07-14 02:59:38,606 INFO  server.RaftServerConfigKeys (ConfUtils.java:logGet(43)) - raft.server.log.statemachine.data.sync.timeout = 10s (default)
2019-07-14 02:59:38,607 INFO  server.RaftServerConfigKeys (ConfUtils.java:logGet(43)) - raft.server.log.statemachine.data.sync.timeout.retry = -1 (default)
2019-07-14 02:59:38,607 INFO  server.RaftServerConfigKeys (ConfUtils.java:logGet(43)) - raft.server.log.statemachine.data.caching.enabled = true (custom)
2019-07-14 02:59:38,607 INFO  segmented.SegmentedRaftLogWorker (SegmentedRaftLogWorker.java:lambda$new$0(132)) - 4ac04301-88ad-4991-ac3b-3db3067a4843-SegmentedRaftLogWorker:Storage Directory /tmp/workdir/hadoop-ozone/integration-test/target/test-dir/MiniOzoneClusterImpl-aa191f61-e7fe-4cd9-99ae-055af518faa6/datanode-6/data/ratis/89357eb3-0664-4b40-8881-58cd8369c196: flushIndex: setUnconditionally 0 -> -1
2019-07-14 02:59:38,608 INFO  server.RaftServerConfigKeys (ConfUtils.java:logGet(43)) - raft.server.snapshot.auto.trigger.enabled = true (custom)
2019-07-14 02:59:38,608 INFO  server.RaftServerConfigKeys (ConfUtils.java:logGet(43)) - raft.server.snapshot.auto.trigger.threshold = 10000 (custom)
2019-07-14 02:59:38,608 INFO  server.RaftServerConfigKeys (ConfUtils.java:logGet(43)) - raft.server.retrycache.expirytime = 600000ms (custom)
2019-07-14 02:59:38,608 INFO  impl.RaftServerImpl (RaftServerImpl.java:start(180)) - 4ac04301-88ad-4991-ac3b-3db3067a4843: start group-58CD8369C196
2019-07-14 02:59:38,609 INFO  impl.RaftServerImpl (RaftServerImpl.java:setRole(171)) - 4ac04301-88ad-4991-ac3b-3db3067a4843:group-58CD8369C196 changes role from null to FOLLOWER at term 0 for startAsFollower
2019-07-14 02:59:38,609 INFO  impl.RoleInfo (RoleInfo.java:updateAndGet(143)) - 4ac04301-88ad-4991-ac3b-3db3067a4843: start FollowerState
2019-07-14 02:59:38,609 INFO  util.JmxRegister (JmxRegister.java:tryRegister(44)) - Successfully registered JMX Bean with object name Ratis:service=RaftServer,group=group-58CD8369C196,id=4ac04301-88ad-4991-ac3b-3db3067a4843
2019-07-14 02:59:38,626 INFO  pipeline.PipelineStateManager (PipelineStateManager.java:addPipeline(56)) - Created pipeline Pipeline[ Id: 89357eb3-0664-4b40-8881-58cd8369c196, Nodes: 4ac04301-88ad-4991-ac3b-3db3067a4843{ip: 192.168.157.236, host: trunk-nightly-k88cw-3644625431, networkLocation: /default-rack, certSerialId: null}, Type:RATIS, Factor:ONE, State:OPEN]
2019-07-14 02:59:38,655 INFO  impl.RaftServerProxy (RaftServerProxy.java:addNew(89)) - 6be3eaff-6f86-4ec8-a3c0-aa1db7a5b454: addNew group-0318C6B7F21B:[6be3eaff-6f86-4ec8-a3c0-aa1db7a5b454:192.168.157.236:37197] returns group-0318C6B7F21B:java.util.concurrent.CompletableFuture@6afe00de[Not completed]
2019-07-14 02:59:38,657 INFO  impl.RaftServerImpl (RaftServerImpl.java:<init>(93)) - 6be3eaff-6f86-4ec8-a3c0-aa1db7a5b454: new RaftServerImpl for group-0318C6B7F21B:[6be3eaff-6f86-4ec8-a3c0-aa1db7a5b454:192.168.157.236:37197] with ContainerStateMachine:uninitialized
2019-07-14 02:59:38,657 INFO  server.RaftServerConfigKeys (ConfUtils.java:logGet(43)) - raft.server.rpc.timeout.min = 5s (custom)
2019-07-14 02:59:38,657 INFO  server.RaftServerConfigKeys (ConfUtils.java:logGet(43)) - raft.server.rpc.timeout.max = 5200ms (custom)
2019-07-14 02:59:38,657 INFO  server.RaftServerConfigKeys (ConfUtils.java:logGet(43)) - raft.server.rpcslowness.timeout = 120s (custom)
2019-07-14 02:59:38,657 INFO  server.RaftServerConfigKeys (ConfUtils.java:logGet(43)) - raft.server.sleep.deviation.threshold = 300 (default)
2019-07-14 02:59:38,658 INFO  server.RaftServerConfigKeys (ConfUtils.java:logGet(43)) - raft.server.log.appender.install.snapshot.enabled = false (custom)
2019-07-14 02:59:38,658 INFO  impl.RaftServerImpl (ServerState.java:<init>(105)) - 6be3eaff-6f86-4ec8-a3c0-aa1db7a5b454:group-0318C6B7F21B ConfigurationManager, init=-1: [6be3eaff-6f86-4ec8-a3c0-aa1db7a5b454:192.168.157.236:37197], old=null, confs=<EMPTY_MAP>
2019-07-14 02:59:38,658 INFO  server.RaftServerConfigKeys (ConfUtils.java:logGet(43)) - raft.server.storage.dir = [/tmp/workdir/hadoop-ozone/integration-test/target/test-dir/MiniOzoneClusterImpl-aa191f61-e7fe-4cd9-99ae-055af518faa6/datanode-5/data/ratis] (custom)
2019-07-14 02:59:38,659 INFO  storage.RaftStorageDirectory (RaftStorageDirectory.java:analyzeStorage(246)) - The storage directory /tmp/workdir/hadoop-ozone/integration-test/target/test-dir/MiniOzoneClusterImpl-aa191f61-e7fe-4cd9-99ae-055af518faa6/datanode-5/data/ratis/81efe1e5-34b3-456a-a525-0318c6b7f21b does not exist. Creating ...
2019-07-14 02:59:38,684 INFO  storage.RaftStorageDirectory (RaftStorageDirectory.java:tryLock(328)) - Lock on /tmp/workdir/hadoop-ozone/integration-test/target/test-dir/MiniOzoneClusterImpl-aa191f61-e7fe-4cd9-99ae-055af518faa6/datanode-5/data/ratis/81efe1e5-34b3-456a-a525-0318c6b7f21b/in_use.lock acquired by nodename 22505@trunk-nightly-k88cw-3644625431
2019-07-14 02:59:38,697 INFO  storage.RaftStorage (RaftStorage.java:format(72)) - Storage directory /tmp/workdir/hadoop-ozone/integration-test/target/test-dir/MiniOzoneClusterImpl-aa191f61-e7fe-4cd9-99ae-055af518faa6/datanode-5/data/ratis/81efe1e5-34b3-456a-a525-0318c6b7f21b has been successfully formatted.
2019-07-14 02:59:38,697 INFO  ratis.ContainerStateMachine (ContainerStateMachine.java:loadSnapshot(200)) - The snapshot info is null.Setting the last applied index to:(t:0, i:~)
2019-07-14 02:59:38,698 INFO  server.RaftServerConfigKeys (ConfUtils.java:logGet(43)) - raft.server.leader.election.timeout = 120s (custom)
2019-07-14 02:59:38,698 INFO  server.RaftServerConfigKeys (ConfUtils.java:logGet(43)) - raft.server.log.use.memory = false (default)
2019-07-14 02:59:38,698 INFO  server.RaftServerConfigKeys (ConfUtils.java:logGet(43)) - raft.server.log.purge.gap = 1000000000 (custom)
2019-07-14 02:59:38,698 INFO  server.RaftServerConfigKeys (ConfUtils.java:logGet(43)) - raft.server.log.appender.buffer.byte-limit = 33554432 (custom)
2019-07-14 02:59:38,698 INFO  server.RaftServerConfigKeys (ConfUtils.java:logGet(43)) - raft.server.log.segment.size.max = 1048576 (custom)
2019-07-14 02:59:38,699 INFO  server.RaftServerConfigKeys (ConfUtils.java:logGet(43)) - raft.server.log.segment.cache.num.max = 2 (custom)
2019-07-14 02:59:38,699 INFO  segmented.SegmentedRaftLogWorker (SegmentedRaftLogWorker.java:<init>(172)) - new 6be3eaff-6f86-4ec8-a3c0-aa1db7a5b454-SegmentedRaftLogWorker:Storage Directory /tmp/workdir/hadoop-ozone/integration-test/target/test-dir/MiniOzoneClusterImpl-aa191f61-e7fe-4cd9-99ae-055af518faa6/datanode-5/data/ratis/81efe1e5-34b3-456a-a525-0318c6b7f21b for RaftStorage:Storage Directory /tmp/workdir/hadoop-ozone/integration-test/target/test-dir/MiniOzoneClusterImpl-aa191f61-e7fe-4cd9-99ae-055af518faa6/datanode-5/data/ratis/81efe1e5-34b3-456a-a525-0318c6b7f21b
2019-07-14 02:59:38,699 INFO  server.RaftServerConfigKeys (ConfUtils.java:logGet(43)) - raft.server.log.queue.byte-limit = 2147483647 (custom)
2019-07-14 02:59:38,699 INFO  server.RaftServerConfigKeys (ConfUtils.java:logGet(43)) - raft.server.log.queue.element-limit = 1024 (custom)
2019-07-14 02:59:38,700 INFO  server.RaftServerConfigKeys (ConfUtils.java:logGet(43)) - raft.server.log.segment.size.max = 1048576 (custom)
2019-07-14 02:59:38,700 INFO  server.RaftServerConfigKeys (ConfUtils.java:logGet(43)) - raft.server.log.preallocated.size = 16384 (custom)
2019-07-14 02:59:38,700 INFO  server.RaftServerConfigKeys (ConfUtils.java:logGet(43)) - raft.server.log.write.buffer.size = 33554432 (custom)
2019-07-14 02:59:38,700 INFO  server.RaftServerConfigKeys (ConfUtils.java:logGet(43)) - raft.server.log.force.sync.num = 128 (default)
2019-07-14 02:59:38,700 INFO  server.RaftServerConfigKeys (ConfUtils.java:logGet(43)) - raft.server.log.statemachine.data.sync = true (default)
2019-07-14 02:59:38,701 INFO  server.RaftServerConfigKeys (ConfUtils.java:logGet(43)) - raft.server.log.statemachine.data.sync.timeout = 10s (default)
2019-07-14 02:59:38,701 INFO  server.RaftServerConfigKeys (ConfUtils.java:logGet(43)) - raft.server.log.statemachine.data.sync.timeout.retry = -1 (default)
2019-07-14 02:59:38,701 INFO  server.RaftServerConfigKeys (ConfUtils.java:logGet(43)) - raft.server.log.statemachine.data.caching.enabled = true (custom)
2019-07-14 02:59:38,702 INFO  segmented.SegmentedRaftLogWorker (SegmentedRaftLogWorker.java:lambda$new$0(132)) - 6be3eaff-6f86-4ec8-a3c0-aa1db7a5b454-SegmentedRaftLogWorker:Storage Directory /tmp/workdir/hadoop-ozone/integration-test/target/test-dir/MiniOzoneClusterImpl-aa191f61-e7fe-4cd9-99ae-055af518faa6/datanode-5/data/ratis/81efe1e5-34b3-456a-a525-0318c6b7f21b: flushIndex: setUnconditionally 0 -> -1
2019-07-14 02:59:38,702 INFO  server.RaftServerConfigKeys (ConfUtils.java:logGet(43)) - raft.server.snapshot.auto.trigger.enabled = true (custom)
2019-07-14 02:59:38,702 INFO  server.RaftServerConfigKeys (ConfUtils.java:logGet(43)) - raft.server.snapshot.auto.trigger.threshold = 10000 (custom)
2019-07-14 02:59:38,703 INFO  server.RaftServerConfigKeys (ConfUtils.java:logGet(43)) - raft.server.retrycache.expirytime = 600000ms (custom)
2019-07-14 02:59:38,703 INFO  impl.RaftServerImpl (RaftServerImpl.java:start(180)) - 6be3eaff-6f86-4ec8-a3c0-aa1db7a5b454: start group-0318C6B7F21B
2019-07-14 02:59:38,703 INFO  impl.RaftServerImpl (RaftServerImpl.java:setRole(171)) - 6be3eaff-6f86-4ec8-a3c0-aa1db7a5b454:group-0318C6B7F21B changes role from null to FOLLOWER at term 0 for startAsFollower
2019-07-14 02:59:38,703 INFO  impl.RoleInfo (RoleInfo.java:updateAndGet(143)) - 6be3eaff-6f86-4ec8-a3c0-aa1db7a5b454: start FollowerState
2019-07-14 02:59:38,704 INFO  util.JmxRegister (JmxRegister.java:tryRegister(44)) - Successfully registered JMX Bean with object name Ratis:service=RaftServer,group=group-0318C6B7F21B,id=6be3eaff-6f86-4ec8-a3c0-aa1db7a5b454
2019-07-14 02:59:38,719 INFO  pipeline.PipelineStateManager (PipelineStateManager.java:addPipeline(56)) - Created pipeline Pipeline[ Id: 81efe1e5-34b3-456a-a525-0318c6b7f21b, Nodes: 6be3eaff-6f86-4ec8-a3c0-aa1db7a5b454{ip: 192.168.157.236, host: trunk-nightly-k88cw-3644625431, networkLocation: /default-rack, certSerialId: null}, Type:RATIS, Factor:ONE, State:OPEN]
2019-07-14 02:59:38,738 INFO  impl.RaftServerProxy (RaftServerProxy.java:addNew(89)) - 42c57508-b641-45e6-bad3-1948d9ca93c4: addNew group-E458D0EEC1F6:[42c57508-b641-45e6-bad3-1948d9ca93c4:192.168.157.236:34758] returns group-E458D0EEC1F6:java.util.concurrent.CompletableFuture@57403187[Not completed]
2019-07-14 02:59:38,739 INFO  impl.RaftServerImpl (RaftServerImpl.java:<init>(93)) - 42c57508-b641-45e6-bad3-1948d9ca93c4: new RaftServerImpl for group-E458D0EEC1F6:[42c57508-b641-45e6-bad3-1948d9ca93c4:192.168.157.236:34758] with ContainerStateMachine:uninitialized
2019-07-14 02:59:38,740 INFO  server.RaftServerConfigKeys (ConfUtils.java:logGet(43)) - raft.server.rpc.timeout.min = 5s (custom)
2019-07-14 02:59:38,740 INFO  server.RaftServerConfigKeys (ConfUtils.java:logGet(43)) - raft.server.rpc.timeout.max = 5200ms (custom)
2019-07-14 02:59:38,740 INFO  server.RaftServerConfigKeys (ConfUtils.java:logGet(43)) - raft.server.rpcslowness.timeout = 120s (custom)
2019-07-14 02:59:38,740 INFO  server.RaftServerConfigKeys (ConfUtils.java:logGet(43)) - raft.server.sleep.deviation.threshold = 300 (default)
2019-07-14 02:59:38,740 INFO  server.RaftServerConfigKeys (ConfUtils.java:logGet(43)) - raft.server.log.appender.install.snapshot.enabled = false (custom)
2019-07-14 02:59:38,741 INFO  impl.RaftServerImpl (ServerState.java:<init>(105)) - 42c57508-b641-45e6-bad3-1948d9ca93c4:group-E458D0EEC1F6 ConfigurationManager, init=-1: [42c57508-b641-45e6-bad3-1948d9ca93c4:192.168.157.236:34758], old=null, confs=<EMPTY_MAP>
2019-07-14 02:59:38,741 INFO  server.RaftServerConfigKeys (ConfUtils.java:logGet(43)) - raft.server.storage.dir = [/tmp/workdir/hadoop-ozone/integration-test/target/test-dir/MiniOzoneClusterImpl-aa191f61-e7fe-4cd9-99ae-055af518faa6/datanode-2/data/ratis] (custom)
2019-07-14 02:59:38,741 INFO  storage.RaftStorageDirectory (RaftStorageDirectory.java:analyzeStorage(246)) - The storage directory /tmp/workdir/hadoop-ozone/integration-test/target/test-dir/MiniOzoneClusterImpl-aa191f61-e7fe-4cd9-99ae-055af518faa6/datanode-2/data/ratis/69b0a44a-af05-40c2-952b-e458d0eec1f6 does not exist. Creating ...
2019-07-14 02:59:38,754 INFO  storage.RaftStorageDirectory (RaftStorageDirectory.java:tryLock(328)) - Lock on /tmp/workdir/hadoop-ozone/integration-test/target/test-dir/MiniOzoneClusterImpl-aa191f61-e7fe-4cd9-99ae-055af518faa6/datanode-2/data/ratis/69b0a44a-af05-40c2-952b-e458d0eec1f6/in_use.lock acquired by nodename 22505@trunk-nightly-k88cw-3644625431
2019-07-14 02:59:38,768 INFO  storage.RaftStorage (RaftStorage.java:format(72)) - Storage directory /tmp/workdir/hadoop-ozone/integration-test/target/test-dir/MiniOzoneClusterImpl-aa191f61-e7fe-4cd9-99ae-055af518faa6/datanode-2/data/ratis/69b0a44a-af05-40c2-952b-e458d0eec1f6 has been successfully formatted.
2019-07-14 02:59:38,768 INFO  ratis.ContainerStateMachine (ContainerStateMachine.java:loadSnapshot(200)) - The snapshot info is null.Setting the last applied index to:(t:0, i:~)
2019-07-14 02:59:38,768 INFO  server.RaftServerConfigKeys (ConfUtils.java:logGet(43)) - raft.server.leader.election.timeout = 120s (custom)
2019-07-14 02:59:38,768 INFO  server.RaftServerConfigKeys (ConfUtils.java:logGet(43)) - raft.server.log.use.memory = false (default)
2019-07-14 02:59:38,769 INFO  server.RaftServerConfigKeys (ConfUtils.java:logGet(43)) - raft.server.log.purge.gap = 1000000000 (custom)
2019-07-14 02:59:38,769 INFO  server.RaftServerConfigKeys (ConfUtils.java:logGet(43)) - raft.server.log.appender.buffer.byte-limit = 33554432 (custom)
2019-07-14 02:59:38,769 INFO  server.RaftServerConfigKeys (ConfUtils.java:logGet(43)) - raft.server.log.segment.size.max = 1048576 (custom)
2019-07-14 02:59:38,769 INFO  server.RaftServerConfigKeys (ConfUtils.java:logGet(43)) - raft.server.log.segment.cache.num.max = 2 (custom)
2019-07-14 02:59:38,769 INFO  segmented.SegmentedRaftLogWorker (SegmentedRaftLogWorker.java:<init>(172)) - new 42c57508-b641-45e6-bad3-1948d9ca93c4-SegmentedRaftLogWorker:Storage Directory /tmp/workdir/hadoop-ozone/integration-test/target/test-dir/MiniOzoneClusterImpl-aa191f61-e7fe-4cd9-99ae-055af518faa6/datanode-2/data/ratis/69b0a44a-af05-40c2-952b-e458d0eec1f6 for RaftStorage:Storage Directory /tmp/workdir/hadoop-ozone/integration-test/target/test-dir/MiniOzoneClusterImpl-aa191f61-e7fe-4cd9-99ae-055af518faa6/datanode-2/data/ratis/69b0a44a-af05-40c2-952b-e458d0eec1f6
2019-07-14 02:59:38,769 INFO  server.RaftServerConfigKeys (ConfUtils.java:logGet(43)) - raft.server.log.queue.byte-limit = 2147483647 (custom)
2019-07-14 02:59:38,770 INFO  server.RaftServerConfigKeys (ConfUtils.java:logGet(43)) - raft.server.log.queue.element-limit = 1024 (custom)
2019-07-14 02:59:38,770 INFO  server.RaftServerConfigKeys (ConfUtils.java:logGet(43)) - raft.server.log.segment.size.max = 1048576 (custom)
2019-07-14 02:59:38,770 INFO  server.RaftServerConfigKeys (ConfUtils.java:logGet(43)) - raft.server.log.preallocated.size = 16384 (custom)
2019-07-14 02:59:38,770 INFO  server.RaftServerConfigKeys (ConfUtils.java:logGet(43)) - raft.server.log.write.buffer.size = 33554432 (custom)
2019-07-14 02:59:38,771 INFO  server.RaftServerConfigKeys (ConfUtils.java:logGet(43)) - raft.server.log.force.sync.num = 128 (default)
2019-07-14 02:59:38,771 INFO  server.RaftServerConfigKeys (ConfUtils.java:logGet(43)) - raft.server.log.statemachine.data.sync = true (default)
2019-07-14 02:59:38,771 INFO  server.RaftServerConfigKeys (ConfUtils.java:logGet(43)) - raft.server.log.statemachine.data.sync.timeout = 10s (default)
2019-07-14 02:59:38,771 INFO  server.RaftServerConfigKeys (ConfUtils.java:logGet(43)) - raft.server.log.statemachine.data.sync.timeout.retry = -1 (default)
2019-07-14 02:59:38,772 INFO  server.RaftServerConfigKeys (ConfUtils.java:logGet(43)) - raft.server.log.statemachine.data.caching.enabled = true (custom)
2019-07-14 02:59:38,772 INFO  segmented.SegmentedRaftLogWorker (SegmentedRaftLogWorker.java:lambda$new$0(132)) - 42c57508-b641-45e6-bad3-1948d9ca93c4-SegmentedRaftLogWorker:Storage Directory /tmp/workdir/hadoop-ozone/integration-test/target/test-dir/MiniOzoneClusterImpl-aa191f61-e7fe-4cd9-99ae-055af518faa6/datanode-2/data/ratis/69b0a44a-af05-40c2-952b-e458d0eec1f6: flushIndex: setUnconditionally 0 -> -1
2019-07-14 02:59:38,773 INFO  server.RaftServerConfigKeys (ConfUtils.java:logGet(43)) - raft.server.snapshot.auto.trigger.enabled = true (custom)
2019-07-14 02:59:38,773 INFO  server.RaftServerConfigKeys (ConfUtils.java:logGet(43)) - raft.server.snapshot.auto.trigger.threshold = 10000 (custom)
2019-07-14 02:59:38,773 INFO  server.RaftServerConfigKeys (ConfUtils.java:logGet(43)) - raft.server.retrycache.expirytime = 600000ms (custom)
2019-07-14 02:59:38,773 INFO  impl.RaftServerImpl (RaftServerImpl.java:start(180)) - 42c57508-b641-45e6-bad3-1948d9ca93c4: start group-E458D0EEC1F6
2019-07-14 02:59:38,774 INFO  impl.RaftServerImpl (RaftServerImpl.java:setRole(171)) - 42c57508-b641-45e6-bad3-1948d9ca93c4:group-E458D0EEC1F6 changes role from null to FOLLOWER at term 0 for startAsFollower
2019-07-14 02:59:38,774 INFO  impl.RoleInfo (RoleInfo.java:updateAndGet(143)) - 42c57508-b641-45e6-bad3-1948d9ca93c4: start FollowerState
2019-07-14 02:59:38,774 INFO  util.JmxRegister (JmxRegister.java:tryRegister(44)) - Successfully registered JMX Bean with object name Ratis:service=RaftServer,group=group-E458D0EEC1F6,id=42c57508-b641-45e6-bad3-1948d9ca93c4
2019-07-14 02:59:38,791 INFO  pipeline.PipelineStateManager (PipelineStateManager.java:addPipeline(56)) - Created pipeline Pipeline[ Id: 69b0a44a-af05-40c2-952b-e458d0eec1f6, Nodes: 42c57508-b641-45e6-bad3-1948d9ca93c4{ip: 192.168.157.236, host: trunk-nightly-k88cw-3644625431, networkLocation: /default-rack, certSerialId: null}, Type:RATIS, Factor:ONE, State:OPEN]
2019-07-14 02:59:38,824 INFO  impl.RaftServerProxy (RaftServerProxy.java:addNew(89)) - 76e55045-95ee-4cd8-b4ae-2b92b0d86bc4: addNew group-479F7A84264D:[76e55045-95ee-4cd8-b4ae-2b92b0d86bc4:192.168.157.236:36982, 8ae50d8f-9cf4-47f9-b3f8-8f630245bc5b:192.168.157.236:43461, f492c16f-2f7a-465f-93ad-e1550f6bae23:192.168.157.236:44960] returns group-479F7A84264D:java.util.concurrent.CompletableFuture@78818610[Not completed]
2019-07-14 02:59:38,828 INFO  impl.RaftServerImpl (RaftServerImpl.java:<init>(93)) - 76e55045-95ee-4cd8-b4ae-2b92b0d86bc4: new RaftServerImpl for group-479F7A84264D:[76e55045-95ee-4cd8-b4ae-2b92b0d86bc4:192.168.157.236:36982, 8ae50d8f-9cf4-47f9-b3f8-8f630245bc5b:192.168.157.236:43461, f492c16f-2f7a-465f-93ad-e1550f6bae23:192.168.157.236:44960] with ContainerStateMachine:uninitialized
2019-07-14 02:59:38,828 INFO  server.RaftServerConfigKeys (ConfUtils.java:logGet(43)) - raft.server.rpc.timeout.min = 5s (custom)
2019-07-14 02:59:38,828 INFO  impl.RaftServerProxy (RaftServerProxy.java:addNew(89)) - f492c16f-2f7a-465f-93ad-e1550f6bae23: addNew group-479F7A84264D:[76e55045-95ee-4cd8-b4ae-2b92b0d86bc4:192.168.157.236:36982, 8ae50d8f-9cf4-47f9-b3f8-8f630245bc5b:192.168.157.236:43461, f492c16f-2f7a-465f-93ad-e1550f6bae23:192.168.157.236:44960] returns group-479F7A84264D:java.util.concurrent.CompletableFuture@39bc8c2b[Not completed]
2019-07-14 02:59:38,828 INFO  server.RaftServerConfigKeys (ConfUtils.java:logGet(43)) - raft.server.rpc.timeout.max = 5200ms (custom)
2019-07-14 02:59:38,828 INFO  server.RaftServerConfigKeys (ConfUtils.java:logGet(43)) - raft.server.rpcslowness.timeout = 120s (custom)
2019-07-14 02:59:38,828 INFO  server.RaftServerConfigKeys (ConfUtils.java:logGet(43)) - raft.server.sleep.deviation.threshold = 300 (default)
2019-07-14 02:59:38,829 INFO  server.RaftServerConfigKeys (ConfUtils.java:logGet(43)) - raft.server.log.appender.install.snapshot.enabled = false (custom)
2019-07-14 02:59:38,829 INFO  impl.RaftServerImpl (ServerState.java:<init>(105)) - 76e55045-95ee-4cd8-b4ae-2b92b0d86bc4:group-479F7A84264D ConfigurationManager, init=-1: [76e55045-95ee-4cd8-b4ae-2b92b0d86bc4:192.168.157.236:36982, 8ae50d8f-9cf4-47f9-b3f8-8f630245bc5b:192.168.157.236:43461, f492c16f-2f7a-465f-93ad-e1550f6bae23:192.168.157.236:44960], old=null, confs=<EMPTY_MAP>
2019-07-14 02:59:38,829 INFO  server.RaftServerConfigKeys (ConfUtils.java:logGet(43)) - raft.server.storage.dir = [/tmp/workdir/hadoop-ozone/integration-test/target/test-dir/MiniOzoneClusterImpl-aa191f61-e7fe-4cd9-99ae-055af518faa6/datanode-1/data/ratis] (custom)
2019-07-14 02:59:38,829 INFO  storage.RaftStorageDirectory (RaftStorageDirectory.java:analyzeStorage(246)) - The storage directory /tmp/workdir/hadoop-ozone/integration-test/target/test-dir/MiniOzoneClusterImpl-aa191f61-e7fe-4cd9-99ae-055af518faa6/datanode-1/data/ratis/c89f0c91-c6b5-4979-b04b-479f7a84264d does not exist. Creating ...
2019-07-14 02:59:38,830 INFO  impl.RaftServerImpl (RaftServerImpl.java:<init>(93)) - f492c16f-2f7a-465f-93ad-e1550f6bae23: new RaftServerImpl for group-479F7A84264D:[76e55045-95ee-4cd8-b4ae-2b92b0d86bc4:192.168.157.236:36982, 8ae50d8f-9cf4-47f9-b3f8-8f630245bc5b:192.168.157.236:43461, f492c16f-2f7a-465f-93ad-e1550f6bae23:192.168.157.236:44960] with ContainerStateMachine:uninitialized
2019-07-14 02:59:38,830 INFO  server.RaftServerConfigKeys (ConfUtils.java:logGet(43)) - raft.server.rpc.timeout.min = 5s (custom)
2019-07-14 02:59:38,832 INFO  server.RaftServerConfigKeys (ConfUtils.java:logGet(43)) - raft.server.rpc.timeout.max = 5200ms (custom)
2019-07-14 02:59:38,832 INFO  server.RaftServerConfigKeys (ConfUtils.java:logGet(43)) - raft.server.rpcslowness.timeout = 120s (custom)
2019-07-14 02:59:38,832 INFO  server.RaftServerConfigKeys (ConfUtils.java:logGet(43)) - raft.server.sleep.deviation.threshold = 300 (default)
2019-07-14 02:59:38,832 INFO  server.RaftServerConfigKeys (ConfUtils.java:logGet(43)) - raft.server.log.appender.install.snapshot.enabled = false (custom)
2019-07-14 02:59:38,832 INFO  impl.RaftServerProxy (RaftServerProxy.java:addNew(89)) - 8ae50d8f-9cf4-47f9-b3f8-8f630245bc5b: addNew group-479F7A84264D:[76e55045-95ee-4cd8-b4ae-2b92b0d86bc4:192.168.157.236:36982, 8ae50d8f-9cf4-47f9-b3f8-8f630245bc5b:192.168.157.236:43461, f492c16f-2f7a-465f-93ad-e1550f6bae23:192.168.157.236:44960] returns group-479F7A84264D:java.util.concurrent.CompletableFuture@7c0ade92[Not completed]
2019-07-14 02:59:38,832 INFO  impl.RaftServerImpl (ServerState.java:<init>(105)) - f492c16f-2f7a-465f-93ad-e1550f6bae23:group-479F7A84264D ConfigurationManager, init=-1: [76e55045-95ee-4cd8-b4ae-2b92b0d86bc4:192.168.157.236:36982, 8ae50d8f-9cf4-47f9-b3f8-8f630245bc5b:192.168.157.236:43461, f492c16f-2f7a-465f-93ad-e1550f6bae23:192.168.157.236:44960], old=null, confs=<EMPTY_MAP>
2019-07-14 02:59:38,833 INFO  server.RaftServerConfigKeys (ConfUtils.java:logGet(43)) - raft.server.storage.dir = [/tmp/workdir/hadoop-ozone/integration-test/target/test-dir/MiniOzoneClusterImpl-aa191f61-e7fe-4cd9-99ae-055af518faa6/datanode-3/data/ratis] (custom)
2019-07-14 02:59:38,833 INFO  storage.RaftStorageDirectory (RaftStorageDirectory.java:analyzeStorage(246)) - The storage directory /tmp/workdir/hadoop-ozone/integration-test/target/test-dir/MiniOzoneClusterImpl-aa191f61-e7fe-4cd9-99ae-055af518faa6/datanode-3/data/ratis/c89f0c91-c6b5-4979-b04b-479f7a84264d does not exist. Creating ...
2019-07-14 02:59:38,834 INFO  impl.RaftServerImpl (RaftServerImpl.java:<init>(93)) - 8ae50d8f-9cf4-47f9-b3f8-8f630245bc5b: new RaftServerImpl for group-479F7A84264D:[76e55045-95ee-4cd8-b4ae-2b92b0d86bc4:192.168.157.236:36982, 8ae50d8f-9cf4-47f9-b3f8-8f630245bc5b:192.168.157.236:43461, f492c16f-2f7a-465f-93ad-e1550f6bae23:192.168.157.236:44960] with ContainerStateMachine:uninitialized
2019-07-14 02:59:38,834 INFO  server.RaftServerConfigKeys (ConfUtils.java:logGet(43)) - raft.server.rpc.timeout.min = 5s (custom)
2019-07-14 02:59:38,834 INFO  server.RaftServerConfigKeys (ConfUtils.java:logGet(43)) - raft.server.rpc.timeout.max = 5200ms (custom)
2019-07-14 02:59:38,834 INFO  server.RaftServerConfigKeys (ConfUtils.java:logGet(43)) - raft.server.rpcslowness.timeout = 120s (custom)
2019-07-14 02:59:38,834 INFO  server.RaftServerConfigKeys (ConfUtils.java:logGet(43)) - raft.server.sleep.deviation.threshold = 300 (default)
2019-07-14 02:59:38,834 INFO  server.RaftServerConfigKeys (ConfUtils.java:logGet(43)) - raft.server.log.appender.install.snapshot.enabled = false (custom)
2019-07-14 02:59:38,834 INFO  impl.RaftServerImpl (ServerState.java:<init>(105)) - 8ae50d8f-9cf4-47f9-b3f8-8f630245bc5b:group-479F7A84264D ConfigurationManager, init=-1: [76e55045-95ee-4cd8-b4ae-2b92b0d86bc4:192.168.157.236:36982, 8ae50d8f-9cf4-47f9-b3f8-8f630245bc5b:192.168.157.236:43461, f492c16f-2f7a-465f-93ad-e1550f6bae23:192.168.157.236:44960], old=null, confs=<EMPTY_MAP>
2019-07-14 02:59:38,835 INFO  server.RaftServerConfigKeys (ConfUtils.java:logGet(43)) - raft.server.storage.dir = [/tmp/workdir/hadoop-ozone/integration-test/target/test-dir/MiniOzoneClusterImpl-aa191f61-e7fe-4cd9-99ae-055af518faa6/datanode-0/data/ratis] (custom)
2019-07-14 02:59:38,835 INFO  storage.RaftStorageDirectory (RaftStorageDirectory.java:analyzeStorage(246)) - The storage directory /tmp/workdir/hadoop-ozone/integration-test/target/test-dir/MiniOzoneClusterImpl-aa191f61-e7fe-4cd9-99ae-055af518faa6/datanode-0/data/ratis/c89f0c91-c6b5-4979-b04b-479f7a84264d does not exist. Creating ...
2019-07-14 02:59:38,844 INFO  storage.RaftStorageDirectory (RaftStorageDirectory.java:tryLock(328)) - Lock on /tmp/workdir/hadoop-ozone/integration-test/target/test-dir/MiniOzoneClusterImpl-aa191f61-e7fe-4cd9-99ae-055af518faa6/datanode-3/data/ratis/c89f0c91-c6b5-4979-b04b-479f7a84264d/in_use.lock acquired by nodename 22505@trunk-nightly-k88cw-3644625431
2019-07-14 02:59:38,844 INFO  storage.RaftStorageDirectory (RaftStorageDirectory.java:tryLock(328)) - Lock on /tmp/workdir/hadoop-ozone/integration-test/target/test-dir/MiniOzoneClusterImpl-aa191f61-e7fe-4cd9-99ae-055af518faa6/datanode-1/data/ratis/c89f0c91-c6b5-4979-b04b-479f7a84264d/in_use.lock acquired by nodename 22505@trunk-nightly-k88cw-3644625431
2019-07-14 02:59:38,844 INFO  storage.RaftStorageDirectory (RaftStorageDirectory.java:tryLock(328)) - Lock on /tmp/workdir/hadoop-ozone/integration-test/target/test-dir/MiniOzoneClusterImpl-aa191f61-e7fe-4cd9-99ae-055af518faa6/datanode-0/data/ratis/c89f0c91-c6b5-4979-b04b-479f7a84264d/in_use.lock acquired by nodename 22505@trunk-nightly-k88cw-3644625431
2019-07-14 02:59:38,870 INFO  storage.RaftStorage (RaftStorage.java:format(72)) - Storage directory /tmp/workdir/hadoop-ozone/integration-test/target/test-dir/MiniOzoneClusterImpl-aa191f61-e7fe-4cd9-99ae-055af518faa6/datanode-0/data/ratis/c89f0c91-c6b5-4979-b04b-479f7a84264d has been successfully formatted.
2019-07-14 02:59:38,870 INFO  storage.RaftStorage (RaftStorage.java:format(72)) - Storage directory /tmp/workdir/hadoop-ozone/integration-test/target/test-dir/MiniOzoneClusterImpl-aa191f61-e7fe-4cd9-99ae-055af518faa6/datanode-1/data/ratis/c89f0c91-c6b5-4979-b04b-479f7a84264d has been successfully formatted.
2019-07-14 02:59:38,870 INFO  storage.RaftStorage (RaftStorage.java:format(72)) - Storage directory /tmp/workdir/hadoop-ozone/integration-test/target/test-dir/MiniOzoneClusterImpl-aa191f61-e7fe-4cd9-99ae-055af518faa6/datanode-3/data/ratis/c89f0c91-c6b5-4979-b04b-479f7a84264d has been successfully formatted.
2019-07-14 02:59:38,870 INFO  ratis.ContainerStateMachine (ContainerStateMachine.java:loadSnapshot(200)) - The snapshot info is null.Setting the last applied index to:(t:0, i:~)
2019-07-14 02:59:38,870 INFO  ratis.ContainerStateMachine (ContainerStateMachine.java:loadSnapshot(200)) - The snapshot info is null.Setting the last applied index to:(t:0, i:~)
2019-07-14 02:59:38,871 INFO  server.RaftServerConfigKeys (ConfUtils.java:logGet(43)) - raft.server.leader.election.timeout = 120s (custom)
2019-07-14 02:59:38,871 INFO  ratis.ContainerStateMachine (ContainerStateMachine.java:loadSnapshot(200)) - The snapshot info is null.Setting the last applied index to:(t:0, i:~)
2019-07-14 02:59:38,871 INFO  server.RaftServerConfigKeys (ConfUtils.java:logGet(43)) - raft.server.log.use.memory = false (default)
2019-07-14 02:59:38,871 INFO  server.RaftServerConfigKeys (ConfUtils.java:logGet(43)) - raft.server.leader.election.timeout = 120s (custom)
2019-07-14 02:59:38,871 INFO  server.RaftServerConfigKeys (ConfUtils.java:logGet(43)) - raft.server.log.purge.gap = 1000000000 (custom)
2019-07-14 02:59:38,871 INFO  server.RaftServerConfigKeys (ConfUtils.java:logGet(43)) - raft.server.leader.election.timeout = 120s (custom)
2019-07-14 02:59:38,872 INFO  server.RaftServerConfigKeys (ConfUtils.java:logGet(43)) - raft.server.log.appender.buffer.byte-limit = 33554432 (custom)
2019-07-14 02:59:38,872 INFO  server.RaftServerConfigKeys (ConfUtils.java:logGet(43)) - raft.server.log.use.memory = false (default)
2019-07-14 02:59:38,872 INFO  server.RaftServerConfigKeys (ConfUtils.java:logGet(43)) - raft.server.log.segment.size.max = 1048576 (custom)
2019-07-14 02:59:38,872 INFO  server.RaftServerConfigKeys (ConfUtils.java:logGet(43)) - raft.server.log.use.memory = false (default)
2019-07-14 02:59:38,872 INFO  server.RaftServerConfigKeys (ConfUtils.java:logGet(43)) - raft.server.log.segment.cache.num.max = 2 (custom)
2019-07-14 02:59:38,872 INFO  server.RaftServerConfigKeys (ConfUtils.java:logGet(43)) - raft.server.log.purge.gap = 1000000000 (custom)
2019-07-14 02:59:38,873 INFO  segmented.SegmentedRaftLogWorker (SegmentedRaftLogWorker.java:<init>(172)) - new 76e55045-95ee-4cd8-b4ae-2b92b0d86bc4-SegmentedRaftLogWorker:Storage Directory /tmp/workdir/hadoop-ozone/integration-test/target/test-dir/MiniOzoneClusterImpl-aa191f61-e7fe-4cd9-99ae-055af518faa6/datanode-1/data/ratis/c89f0c91-c6b5-4979-b04b-479f7a84264d for RaftStorage:Storage Directory /tmp/workdir/hadoop-ozone/integration-test/target/test-dir/MiniOzoneClusterImpl-aa191f61-e7fe-4cd9-99ae-055af518faa6/datanode-1/data/ratis/c89f0c91-c6b5-4979-b04b-479f7a84264d
2019-07-14 02:59:38,873 INFO  server.RaftServerConfigKeys (ConfUtils.java:logGet(43)) - raft.server.log.purge.gap = 1000000000 (custom)
2019-07-14 02:59:38,873 INFO  server.RaftServerConfigKeys (ConfUtils.java:logGet(43)) - raft.server.log.queue.byte-limit = 2147483647 (custom)
2019-07-14 02:59:38,873 INFO  server.RaftServerConfigKeys (ConfUtils.java:logGet(43)) - raft.server.log.appender.buffer.byte-limit = 33554432 (custom)
2019-07-14 02:59:38,876 INFO  server.RaftServerConfigKeys (ConfUtils.java:logGet(43)) - raft.server.log.queue.element-limit = 1024 (custom)
2019-07-14 02:59:38,873 INFO  server.RaftServerConfigKeys (ConfUtils.java:logGet(43)) - raft.server.log.appender.buffer.byte-limit = 33554432 (custom)
2019-07-14 02:59:38,876 INFO  server.RaftServerConfigKeys (ConfUtils.java:logGet(43)) - raft.server.log.segment.size.max = 1048576 (custom)
2019-07-14 02:59:38,876 INFO  server.RaftServerConfigKeys (ConfUtils.java:logGet(43)) - raft.server.log.segment.size.max = 1048576 (custom)
2019-07-14 02:59:38,876 INFO  server.RaftServerConfigKeys (ConfUtils.java:logGet(43)) - raft.server.log.preallocated.size = 16384 (custom)
2019-07-14 02:59:38,876 INFO  server.RaftServerConfigKeys (ConfUtils.java:logGet(43)) - raft.server.log.segment.size.max = 1048576 (custom)
2019-07-14 02:59:38,877 INFO  server.RaftServerConfigKeys (ConfUtils.java:logGet(43)) - raft.server.log.write.buffer.size = 33554432 (custom)
2019-07-14 02:59:38,877 INFO  server.RaftServerConfigKeys (ConfUtils.java:logGet(43)) - raft.server.log.segment.cache.num.max = 2 (custom)
2019-07-14 02:59:38,877 INFO  server.RaftServerConfigKeys (ConfUtils.java:logGet(43)) - raft.server.log.force.sync.num = 128 (default)
2019-07-14 02:59:38,877 INFO  server.RaftServerConfigKeys (ConfUtils.java:logGet(43)) - raft.server.log.segment.cache.num.max = 2 (custom)
2019-07-14 02:59:38,878 INFO  server.RaftServerConfigKeys (ConfUtils.java:logGet(43)) - raft.server.log.statemachine.data.sync = true (default)
2019-07-14 02:59:38,877 INFO  segmented.SegmentedRaftLogWorker (SegmentedRaftLogWorker.java:<init>(172)) - new 8ae50d8f-9cf4-47f9-b3f8-8f630245bc5b-SegmentedRaftLogWorker:Storage Directory /tmp/workdir/hadoop-ozone/integration-test/target/test-dir/MiniOzoneClusterImpl-aa191f61-e7fe-4cd9-99ae-055af518faa6/datanode-0/data/ratis/c89f0c91-c6b5-4979-b04b-479f7a84264d for RaftStorage:Storage Directory /tmp/workdir/hadoop-ozone/integration-test/target/test-dir/MiniOzoneClusterImpl-aa191f61-e7fe-4cd9-99ae-055af518faa6/datanode-0/data/ratis/c89f0c91-c6b5-4979-b04b-479f7a84264d
2019-07-14 02:59:38,878 INFO  server.RaftServerConfigKeys (ConfUtils.java:logGet(43)) - raft.server.log.statemachine.data.sync.timeout = 10s (default)
2019-07-14 02:59:38,878 INFO  segmented.SegmentedRaftLogWorker (SegmentedRaftLogWorker.java:<init>(172)) - new f492c16f-2f7a-465f-93ad-e1550f6bae23-SegmentedRaftLogWorker:Storage Directory /tmp/workdir/hadoop-ozone/integration-test/target/test-dir/MiniOzoneClusterImpl-aa191f61-e7fe-4cd9-99ae-055af518faa6/datanode-3/data/ratis/c89f0c91-c6b5-4979-b04b-479f7a84264d for RaftStorage:Storage Directory /tmp/workdir/hadoop-ozone/integration-test/target/test-dir/MiniOzoneClusterImpl-aa191f61-e7fe-4cd9-99ae-055af518faa6/datanode-3/data/ratis/c89f0c91-c6b5-4979-b04b-479f7a84264d
2019-07-14 02:59:38,878 INFO  server.RaftServerConfigKeys (ConfUtils.java:logGet(43)) - raft.server.log.statemachine.data.sync.timeout.retry = -1 (default)
2019-07-14 02:59:38,878 INFO  server.RaftServerConfigKeys (ConfUtils.java:logGet(43)) - raft.server.log.queue.byte-limit = 2147483647 (custom)
2019-07-14 02:59:38,881 INFO  server.RaftServerConfigKeys (ConfUtils.java:logGet(43)) - raft.server.log.statemachine.data.caching.enabled = true (custom)
2019-07-14 02:59:38,880 INFO  server.RaftServerConfigKeys (ConfUtils.java:logGet(43)) - raft.server.log.queue.byte-limit = 2147483647 (custom)
2019-07-14 02:59:38,883 INFO  server.RaftServerConfigKeys (ConfUtils.java:logGet(43)) - raft.server.log.queue.element-limit = 1024 (custom)
2019-07-14 02:59:38,883 INFO  segmented.SegmentedRaftLogWorker (SegmentedRaftLogWorker.java:lambda$new$0(132)) - 76e55045-95ee-4cd8-b4ae-2b92b0d86bc4-SegmentedRaftLogWorker:Storage Directory /tmp/workdir/hadoop-ozone/integration-test/target/test-dir/MiniOzoneClusterImpl-aa191f61-e7fe-4cd9-99ae-055af518faa6/datanode-1/data/ratis/c89f0c91-c6b5-4979-b04b-479f7a84264d: flushIndex: setUnconditionally 0 -> -1
2019-07-14 02:59:38,883 INFO  server.RaftServerConfigKeys (ConfUtils.java:logGet(43)) - raft.server.log.queue.element-limit = 1024 (custom)
2019-07-14 02:59:38,883 INFO  server.RaftServerConfigKeys (ConfUtils.java:logGet(43)) - raft.server.log.segment.size.max = 1048576 (custom)
2019-07-14 02:59:38,884 INFO  server.RaftServerConfigKeys (ConfUtils.java:logGet(43)) - raft.server.log.segment.size.max = 1048576 (custom)
2019-07-14 02:59:38,884 INFO  server.RaftServerConfigKeys (ConfUtils.java:logGet(43)) - raft.server.snapshot.auto.trigger.enabled = true (custom)
2019-07-14 02:59:38,884 INFO  server.RaftServerConfigKeys (ConfUtils.java:logGet(43)) - raft.server.log.preallocated.size = 16384 (custom)
2019-07-14 02:59:38,884 INFO  server.RaftServerConfigKeys (ConfUtils.java:logGet(43)) - raft.server.log.preallocated.size = 16384 (custom)
2019-07-14 02:59:38,885 INFO  server.RaftServerConfigKeys (ConfUtils.java:logGet(43)) - raft.server.log.write.buffer.size = 33554432 (custom)
2019-07-14 02:59:38,884 INFO  server.RaftServerConfigKeys (ConfUtils.java:logGet(43)) - raft.server.snapshot.auto.trigger.threshold = 10000 (custom)
2019-07-14 02:59:38,885 INFO  server.RaftServerConfigKeys (ConfUtils.java:logGet(43)) - raft.server.log.force.sync.num = 128 (default)
2019-07-14 02:59:38,885 INFO  server.RaftServerConfigKeys (ConfUtils.java:logGet(43)) - raft.server.retrycache.expirytime = 600000ms (custom)
2019-07-14 02:59:38,885 INFO  server.RaftServerConfigKeys (ConfUtils.java:logGet(43)) - raft.server.log.write.buffer.size = 33554432 (custom)
2019-07-14 02:59:38,886 INFO  impl.RaftServerImpl (RaftServerImpl.java:start(180)) - 76e55045-95ee-4cd8-b4ae-2b92b0d86bc4: start group-479F7A84264D
2019-07-14 02:59:38,885 INFO  server.RaftServerConfigKeys (ConfUtils.java:logGet(43)) - raft.server.log.statemachine.data.sync = true (default)
2019-07-14 02:59:38,886 INFO  impl.RaftServerImpl (RaftServerImpl.java:setRole(171)) - 76e55045-95ee-4cd8-b4ae-2b92b0d86bc4:group-479F7A84264D changes role from null to FOLLOWER at term 0 for startAsFollower
2019-07-14 02:59:38,886 INFO  server.RaftServerConfigKeys (ConfUtils.java:logGet(43)) - raft.server.log.force.sync.num = 128 (default)
2019-07-14 02:59:38,886 INFO  impl.RoleInfo (RoleInfo.java:updateAndGet(143)) - 76e55045-95ee-4cd8-b4ae-2b92b0d86bc4: start FollowerState
2019-07-14 02:59:38,886 INFO  server.RaftServerConfigKeys (ConfUtils.java:logGet(43)) - raft.server.log.statemachine.data.sync.timeout = 10s (default)
2019-07-14 02:59:38,886 INFO  server.RaftServerConfigKeys (ConfUtils.java:logGet(43)) - raft.server.log.statemachine.data.sync = true (default)
2019-07-14 02:59:38,887 INFO  util.JmxRegister (JmxRegister.java:tryRegister(44)) - Successfully registered JMX Bean with object name Ratis:service=RaftServer,group=group-479F7A84264D,id=76e55045-95ee-4cd8-b4ae-2b92b0d86bc4
2019-07-14 02:59:38,887 INFO  server.RaftServerConfigKeys (ConfUtils.java:logGet(43)) - raft.server.log.statemachine.data.sync.timeout.retry = -1 (default)
2019-07-14 02:59:38,887 INFO  server.RaftServerConfigKeys (ConfUtils.java:logGet(43)) - raft.server.log.statemachine.data.sync.timeout = 10s (default)
2019-07-14 02:59:38,888 INFO  server.RaftServerConfigKeys (ConfUtils.java:logGet(43)) - raft.server.log.statemachine.data.caching.enabled = true (custom)
2019-07-14 02:59:38,888 INFO  server.RaftServerConfigKeys (ConfUtils.java:logGet(43)) - raft.server.log.statemachine.data.sync.timeout.retry = -1 (default)
2019-07-14 02:59:38,888 INFO  server.RaftServerConfigKeys (ConfUtils.java:logGet(43)) - raft.server.log.statemachine.data.caching.enabled = true (custom)
2019-07-14 02:59:38,888 INFO  segmented.SegmentedRaftLogWorker (SegmentedRaftLogWorker.java:lambda$new$0(132)) - f492c16f-2f7a-465f-93ad-e1550f6bae23-SegmentedRaftLogWorker:Storage Directory /tmp/workdir/hadoop-ozone/integration-test/target/test-dir/MiniOzoneClusterImpl-aa191f61-e7fe-4cd9-99ae-055af518faa6/datanode-3/data/ratis/c89f0c91-c6b5-4979-b04b-479f7a84264d: flushIndex: setUnconditionally 0 -> -1
2019-07-14 02:59:38,889 INFO  segmented.SegmentedRaftLogWorker (SegmentedRaftLogWorker.java:lambda$new$0(132)) - 8ae50d8f-9cf4-47f9-b3f8-8f630245bc5b-SegmentedRaftLogWorker:Storage Directory /tmp/workdir/hadoop-ozone/integration-test/target/test-dir/MiniOzoneClusterImpl-aa191f61-e7fe-4cd9-99ae-055af518faa6/datanode-0/data/ratis/c89f0c91-c6b5-4979-b04b-479f7a84264d: flushIndex: setUnconditionally 0 -> -1
2019-07-14 02:59:38,889 INFO  server.RaftServerConfigKeys (ConfUtils.java:logGet(43)) - raft.server.snapshot.auto.trigger.enabled = true (custom)
2019-07-14 02:59:38,889 INFO  server.RaftServerConfigKeys (ConfUtils.java:logGet(43)) - raft.server.snapshot.auto.trigger.enabled = true (custom)
2019-07-14 02:59:38,889 INFO  server.RaftServerConfigKeys (ConfUtils.java:logGet(43)) - raft.server.snapshot.auto.trigger.threshold = 10000 (custom)
2019-07-14 02:59:38,889 INFO  server.RaftServerConfigKeys (ConfUtils.java:logGet(43)) - raft.server.snapshot.auto.trigger.threshold = 10000 (custom)
2019-07-14 02:59:38,892 INFO  server.RaftServerConfigKeys (ConfUtils.java:logGet(43)) - raft.server.retrycache.expirytime = 600000ms (custom)
2019-07-14 02:59:38,892 INFO  server.RaftServerConfigKeys (ConfUtils.java:logGet(43)) - raft.server.retrycache.expirytime = 600000ms (custom)
2019-07-14 02:59:38,892 INFO  impl.RaftServerImpl (RaftServerImpl.java:start(180)) - f492c16f-2f7a-465f-93ad-e1550f6bae23: start group-479F7A84264D
2019-07-14 02:59:38,894 INFO  impl.RaftServerImpl (RaftServerImpl.java:start(180)) - 8ae50d8f-9cf4-47f9-b3f8-8f630245bc5b: start group-479F7A84264D
2019-07-14 02:59:38,894 INFO  impl.RaftServerImpl (RaftServerImpl.java:setRole(171)) - f492c16f-2f7a-465f-93ad-e1550f6bae23:group-479F7A84264D changes role from null to FOLLOWER at term 0 for startAsFollower
2019-07-14 02:59:38,894 INFO  impl.RaftServerImpl (RaftServerImpl.java:setRole(171)) - 8ae50d8f-9cf4-47f9-b3f8-8f630245bc5b:group-479F7A84264D changes role from null to FOLLOWER at term 0 for startAsFollower
2019-07-14 02:59:38,894 INFO  impl.RoleInfo (RoleInfo.java:updateAndGet(143)) - f492c16f-2f7a-465f-93ad-e1550f6bae23: start FollowerState
2019-07-14 02:59:38,897 INFO  impl.RoleInfo (RoleInfo.java:updateAndGet(143)) - 8ae50d8f-9cf4-47f9-b3f8-8f630245bc5b: start FollowerState
2019-07-14 02:59:38,897 INFO  util.JmxRegister (JmxRegister.java:tryRegister(44)) - Successfully registered JMX Bean with object name Ratis:service=RaftServer,group=group-479F7A84264D,id=f492c16f-2f7a-465f-93ad-e1550f6bae23
2019-07-14 02:59:38,899 INFO  util.JmxRegister (JmxRegister.java:tryRegister(44)) - Successfully registered JMX Bean with object name Ratis:service=RaftServer,group=group-479F7A84264D,id=8ae50d8f-9cf4-47f9-b3f8-8f630245bc5b
2019-07-14 02:59:38,919 INFO  pipeline.PipelineStateManager (PipelineStateManager.java:addPipeline(56)) - Created pipeline Pipeline[ Id: c89f0c91-c6b5-4979-b04b-479f7a84264d, Nodes: 8ae50d8f-9cf4-47f9-b3f8-8f630245bc5b{ip: 192.168.157.236, host: trunk-nightly-k88cw-3644625431, networkLocation: /default-rack, certSerialId: null}76e55045-95ee-4cd8-b4ae-2b92b0d86bc4{ip: 192.168.157.236, host: trunk-nightly-k88cw-3644625431, networkLocation: /default-rack, certSerialId: null}f492c16f-2f7a-465f-93ad-e1550f6bae23{ip: 192.168.157.236, host: trunk-nightly-k88cw-3644625431, networkLocation: /default-rack, certSerialId: null}, Type:RATIS, Factor:THREE, State:OPEN]
2019-07-14 02:59:38,963 INFO  impl.RaftServerProxy (RaftServerProxy.java:addNew(89)) - 6be3eaff-6f86-4ec8-a3c0-aa1db7a5b454: addNew group-7673ED6FC0CC:[6be3eaff-6f86-4ec8-a3c0-aa1db7a5b454:192.168.157.236:37197, 4ac04301-88ad-4991-ac3b-3db3067a4843:192.168.157.236:33944, 62eb672d-939f-49f6-a9fd-ed4c4188786c:192.168.157.236:40102] returns group-7673ED6FC0CC:java.util.concurrent.CompletableFuture@50c3db55[Not completed]
2019-07-14 02:59:38,963 INFO  impl.RaftServerProxy (RaftServerProxy.java:addNew(89)) - 4ac04301-88ad-4991-ac3b-3db3067a4843: addNew group-7673ED6FC0CC:[6be3eaff-6f86-4ec8-a3c0-aa1db7a5b454:192.168.157.236:37197, 4ac04301-88ad-4991-ac3b-3db3067a4843:192.168.157.236:33944, 62eb672d-939f-49f6-a9fd-ed4c4188786c:192.168.157.236:40102] returns group-7673ED6FC0CC:java.util.concurrent.CompletableFuture@355d8f84[Not completed]
2019-07-14 02:59:38,965 INFO  impl.RaftServerProxy (RaftServerProxy.java:addNew(89)) - 62eb672d-939f-49f6-a9fd-ed4c4188786c: addNew group-7673ED6FC0CC:[6be3eaff-6f86-4ec8-a3c0-aa1db7a5b454:192.168.157.236:37197, 4ac04301-88ad-4991-ac3b-3db3067a4843:192.168.157.236:33944, 62eb672d-939f-49f6-a9fd-ed4c4188786c:192.168.157.236:40102] returns group-7673ED6FC0CC:java.util.concurrent.CompletableFuture@59937364[Not completed]
2019-07-14 02:59:38,966 INFO  impl.RaftServerImpl (RaftServerImpl.java:<init>(93)) - 6be3eaff-6f86-4ec8-a3c0-aa1db7a5b454: new RaftServerImpl for group-7673ED6FC0CC:[6be3eaff-6f86-4ec8-a3c0-aa1db7a5b454:192.168.157.236:37197, 4ac04301-88ad-4991-ac3b-3db3067a4843:192.168.157.236:33944, 62eb672d-939f-49f6-a9fd-ed4c4188786c:192.168.157.236:40102] with ContainerStateMachine:uninitialized
2019-07-14 02:59:38,966 INFO  server.RaftServerConfigKeys (ConfUtils.java:logGet(43)) - raft.server.rpc.timeout.min = 5s (custom)
2019-07-14 02:59:38,967 INFO  server.RaftServerConfigKeys (ConfUtils.java:logGet(43)) - raft.server.rpc.timeout.max = 5200ms (custom)
2019-07-14 02:59:38,967 INFO  server.RaftServerConfigKeys (ConfUtils.java:logGet(43)) - raft.server.rpcslowness.timeout = 120s (custom)
2019-07-14 02:59:38,967 INFO  server.RaftServerConfigKeys (ConfUtils.java:logGet(43)) - raft.server.sleep.deviation.threshold = 300 (default)
2019-07-14 02:59:38,967 INFO  server.RaftServerConfigKeys (ConfUtils.java:logGet(43)) - raft.server.log.appender.install.snapshot.enabled = false (custom)
2019-07-14 02:59:38,967 INFO  impl.RaftServerImpl (RaftServerImpl.java:<init>(93)) - 4ac04301-88ad-4991-ac3b-3db3067a4843: new RaftServerImpl for group-7673ED6FC0CC:[6be3eaff-6f86-4ec8-a3c0-aa1db7a5b454:192.168.157.236:37197, 4ac04301-88ad-4991-ac3b-3db3067a4843:192.168.157.236:33944, 62eb672d-939f-49f6-a9fd-ed4c4188786c:192.168.157.236:40102] with ContainerStateMachine:uninitialized
2019-07-14 02:59:38,967 INFO  impl.RaftServerImpl (ServerState.java:<init>(105)) - 6be3eaff-6f86-4ec8-a3c0-aa1db7a5b454:group-7673ED6FC0CC ConfigurationManager, init=-1: [6be3eaff-6f86-4ec8-a3c0-aa1db7a5b454:192.168.157.236:37197, 4ac04301-88ad-4991-ac3b-3db3067a4843:192.168.157.236:33944, 62eb672d-939f-49f6-a9fd-ed4c4188786c:192.168.157.236:40102], old=null, confs=<EMPTY_MAP>
2019-07-14 02:59:38,967 INFO  server.RaftServerConfigKeys (ConfUtils.java:logGet(43)) - raft.server.rpc.timeout.min = 5s (custom)
2019-07-14 02:59:38,968 INFO  server.RaftServerConfigKeys (ConfUtils.java:logGet(43)) - raft.server.storage.dir = [/tmp/workdir/hadoop-ozone/integration-test/target/test-dir/MiniOzoneClusterImpl-aa191f61-e7fe-4cd9-99ae-055af518faa6/datanode-5/data/ratis] (custom)
2019-07-14 02:59:38,968 INFO  server.RaftServerConfigKeys (ConfUtils.java:logGet(43)) - raft.server.rpc.timeout.max = 5200ms (custom)
2019-07-14 02:59:38,968 INFO  server.RaftServerConfigKeys (ConfUtils.java:logGet(43)) - raft.server.rpcslowness.timeout = 120s (custom)
2019-07-14 02:59:38,968 INFO  impl.RaftServerImpl (RaftServerImpl.java:<init>(93)) - 62eb672d-939f-49f6-a9fd-ed4c4188786c: new RaftServerImpl for group-7673ED6FC0CC:[6be3eaff-6f86-4ec8-a3c0-aa1db7a5b454:192.168.157.236:37197, 4ac04301-88ad-4991-ac3b-3db3067a4843:192.168.157.236:33944, 62eb672d-939f-49f6-a9fd-ed4c4188786c:192.168.157.236:40102] with ContainerStateMachine:uninitialized
2019-07-14 02:59:38,968 INFO  storage.RaftStorageDirectory (RaftStorageDirectory.java:analyzeStorage(246)) - The storage directory /tmp/workdir/hadoop-ozone/integration-test/target/test-dir/MiniOzoneClusterImpl-aa191f61-e7fe-4cd9-99ae-055af518faa6/datanode-5/data/ratis/81fe083f-4b0f-4be3-b8a0-7673ed6fc0cc does not exist. Creating ...
2019-07-14 02:59:38,968 INFO  server.RaftServerConfigKeys (ConfUtils.java:logGet(43)) - raft.server.sleep.deviation.threshold = 300 (default)
2019-07-14 02:59:38,968 INFO  server.RaftServerConfigKeys (ConfUtils.java:logGet(43)) - raft.server.rpc.timeout.min = 5s (custom)
2019-07-14 02:59:38,969 INFO  server.RaftServerConfigKeys (ConfUtils.java:logGet(43)) - raft.server.log.appender.install.snapshot.enabled = false (custom)
2019-07-14 02:59:38,969 INFO  server.RaftServerConfigKeys (ConfUtils.java:logGet(43)) - raft.server.rpc.timeout.max = 5200ms (custom)
2019-07-14 02:59:38,969 INFO  impl.RaftServerImpl (ServerState.java:<init>(105)) - 4ac04301-88ad-4991-ac3b-3db3067a4843:group-7673ED6FC0CC ConfigurationManager, init=-1: [6be3eaff-6f86-4ec8-a3c0-aa1db7a5b454:192.168.157.236:37197, 4ac04301-88ad-4991-ac3b-3db3067a4843:192.168.157.236:33944, 62eb672d-939f-49f6-a9fd-ed4c4188786c:192.168.157.236:40102], old=null, confs=<EMPTY_MAP>
2019-07-14 02:59:38,969 INFO  server.RaftServerConfigKeys (ConfUtils.java:logGet(43)) - raft.server.rpcslowness.timeout = 120s (custom)
2019-07-14 02:59:38,969 INFO  server.RaftServerConfigKeys (ConfUtils.java:logGet(43)) - raft.server.storage.dir = [/tmp/workdir/hadoop-ozone/integration-test/target/test-dir/MiniOzoneClusterImpl-aa191f61-e7fe-4cd9-99ae-055af518faa6/datanode-6/data/ratis] (custom)
2019-07-14 02:59:38,969 INFO  server.RaftServerConfigKeys (ConfUtils.java:logGet(43)) - raft.server.sleep.deviation.threshold = 300 (default)
2019-07-14 02:59:38,970 INFO  server.RaftServerConfigKeys (ConfUtils.java:logGet(43)) - raft.server.log.appender.install.snapshot.enabled = false (custom)
2019-07-14 02:59:38,970 INFO  impl.RaftServerImpl (ServerState.java:<init>(105)) - 62eb672d-939f-49f6-a9fd-ed4c4188786c:group-7673ED6FC0CC ConfigurationManager, init=-1: [6be3eaff-6f86-4ec8-a3c0-aa1db7a5b454:192.168.157.236:37197, 4ac04301-88ad-4991-ac3b-3db3067a4843:192.168.157.236:33944, 62eb672d-939f-49f6-a9fd-ed4c4188786c:192.168.157.236:40102], old=null, confs=<EMPTY_MAP>
2019-07-14 02:59:38,970 INFO  storage.RaftStorageDirectory (RaftStorageDirectory.java:analyzeStorage(246)) - The storage directory /tmp/workdir/hadoop-ozone/integration-test/target/test-dir/MiniOzoneClusterImpl-aa191f61-e7fe-4cd9-99ae-055af518faa6/datanode-6/data/ratis/81fe083f-4b0f-4be3-b8a0-7673ed6fc0cc does not exist. Creating ...
2019-07-14 02:59:38,970 INFO  server.RaftServerConfigKeys (ConfUtils.java:logGet(43)) - raft.server.storage.dir = [/tmp/workdir/hadoop-ozone/integration-test/target/test-dir/MiniOzoneClusterImpl-aa191f61-e7fe-4cd9-99ae-055af518faa6/datanode-4/data/ratis] (custom)
2019-07-14 02:59:38,970 INFO  storage.RaftStorageDirectory (RaftStorageDirectory.java:analyzeStorage(246)) - The storage directory /tmp/workdir/hadoop-ozone/integration-test/target/test-dir/MiniOzoneClusterImpl-aa191f61-e7fe-4cd9-99ae-055af518faa6/datanode-4/data/ratis/81fe083f-4b0f-4be3-b8a0-7673ed6fc0cc does not exist. Creating ...
2019-07-14 02:59:38,984 INFO  storage.RaftStorageDirectory (RaftStorageDirectory.java:tryLock(328)) - Lock on /tmp/workdir/hadoop-ozone/integration-test/target/test-dir/MiniOzoneClusterImpl-aa191f61-e7fe-4cd9-99ae-055af518faa6/datanode-4/data/ratis/81fe083f-4b0f-4be3-b8a0-7673ed6fc0cc/in_use.lock acquired by nodename 22505@trunk-nightly-k88cw-3644625431
2019-07-14 02:59:38,984 INFO  storage.RaftStorageDirectory (RaftStorageDirectory.java:tryLock(328)) - Lock on /tmp/workdir/hadoop-ozone/integration-test/target/test-dir/MiniOzoneClusterImpl-aa191f61-e7fe-4cd9-99ae-055af518faa6/datanode-6/data/ratis/81fe083f-4b0f-4be3-b8a0-7673ed6fc0cc/in_use.lock acquired by nodename 22505@trunk-nightly-k88cw-3644625431
2019-07-14 02:59:38,984 INFO  storage.RaftStorageDirectory (RaftStorageDirectory.java:tryLock(328)) - Lock on /tmp/workdir/hadoop-ozone/integration-test/target/test-dir/MiniOzoneClusterImpl-aa191f61-e7fe-4cd9-99ae-055af518faa6/datanode-5/data/ratis/81fe083f-4b0f-4be3-b8a0-7673ed6fc0cc/in_use.lock acquired by nodename 22505@trunk-nightly-k88cw-3644625431
2019-07-14 02:59:38,998 INFO  storage.RaftStorage (RaftStorage.java:format(72)) - Storage directory /tmp/workdir/hadoop-ozone/integration-test/target/test-dir/MiniOzoneClusterImpl-aa191f61-e7fe-4cd9-99ae-055af518faa6/datanode-5/data/ratis/81fe083f-4b0f-4be3-b8a0-7673ed6fc0cc has been successfully formatted.
2019-07-14 02:59:38,998 INFO  storage.RaftStorage (RaftStorage.java:format(72)) - Storage directory /tmp/workdir/hadoop-ozone/integration-test/target/test-dir/MiniOzoneClusterImpl-aa191f61-e7fe-4cd9-99ae-055af518faa6/datanode-6/data/ratis/81fe083f-4b0f-4be3-b8a0-7673ed6fc0cc has been successfully formatted.
2019-07-14 02:59:38,998 INFO  storage.RaftStorage (RaftStorage.java:format(72)) - Storage directory /tmp/workdir/hadoop-ozone/integration-test/target/test-dir/MiniOzoneClusterImpl-aa191f61-e7fe-4cd9-99ae-055af518faa6/datanode-4/data/ratis/81fe083f-4b0f-4be3-b8a0-7673ed6fc0cc has been successfully formatted.
2019-07-14 02:59:38,999 INFO  ratis.ContainerStateMachine (ContainerStateMachine.java:loadSnapshot(200)) - The snapshot info is null.Setting the last applied index to:(t:0, i:~)
2019-07-14 02:59:38,998 INFO  ratis.ContainerStateMachine (ContainerStateMachine.java:loadSnapshot(200)) - The snapshot info is null.Setting the last applied index to:(t:0, i:~)
2019-07-14 02:59:38,999 INFO  server.RaftServerConfigKeys (ConfUtils.java:logGet(43)) - raft.server.leader.election.timeout = 120s (custom)
2019-07-14 02:59:38,999 INFO  ratis.ContainerStateMachine (ContainerStateMachine.java:loadSnapshot(200)) - The snapshot info is null.Setting the last applied index to:(t:0, i:~)
2019-07-14 02:59:38,999 INFO  server.RaftServerConfigKeys (ConfUtils.java:logGet(43)) - raft.server.log.use.memory = false (default)
2019-07-14 02:59:38,999 INFO  server.RaftServerConfigKeys (ConfUtils.java:logGet(43)) - raft.server.leader.election.timeout = 120s (custom)
2019-07-14 02:59:38,999 INFO  server.RaftServerConfigKeys (ConfUtils.java:logGet(43)) - raft.server.log.purge.gap = 1000000000 (custom)
2019-07-14 02:59:38,999 INFO  server.RaftServerConfigKeys (ConfUtils.java:logGet(43)) - raft.server.leader.election.timeout = 120s (custom)
2019-07-14 02:59:39,000 INFO  server.RaftServerConfigKeys (ConfUtils.java:logGet(43)) - raft.server.log.appender.buffer.byte-limit = 33554432 (custom)
2019-07-14 02:59:39,000 INFO  server.RaftServerConfigKeys (ConfUtils.java:logGet(43)) - raft.server.log.use.memory = false (default)
2019-07-14 02:59:39,000 INFO  server.RaftServerConfigKeys (ConfUtils.java:logGet(43)) - raft.server.log.segment.size.max = 1048576 (custom)
2019-07-14 02:59:39,000 INFO  server.RaftServerConfigKeys (ConfUtils.java:logGet(43)) - raft.server.log.use.memory = false (default)
2019-07-14 02:59:39,001 INFO  server.RaftServerConfigKeys (ConfUtils.java:logGet(43)) - raft.server.log.segment.cache.num.max = 2 (custom)
2019-07-14 02:59:39,000 INFO  server.RaftServerConfigKeys (ConfUtils.java:logGet(43)) - raft.server.log.purge.gap = 1000000000 (custom)
2019-07-14 02:59:39,001 INFO  segmented.SegmentedRaftLogWorker (SegmentedRaftLogWorker.java:<init>(172)) - new 4ac04301-88ad-4991-ac3b-3db3067a4843-SegmentedRaftLogWorker:Storage Directory /tmp/workdir/hadoop-ozone/integration-test/target/test-dir/MiniOzoneClusterImpl-aa191f61-e7fe-4cd9-99ae-055af518faa6/datanode-6/data/ratis/81fe083f-4b0f-4be3-b8a0-7673ed6fc0cc for RaftStorage:Storage Directory /tmp/workdir/hadoop-ozone/integration-test/target/test-dir/MiniOzoneClusterImpl-aa191f61-e7fe-4cd9-99ae-055af518faa6/datanode-6/data/ratis/81fe083f-4b0f-4be3-b8a0-7673ed6fc0cc
2019-07-14 02:59:39,001 INFO  server.RaftServerConfigKeys (ConfUtils.java:logGet(43)) - raft.server.log.purge.gap = 1000000000 (custom)
2019-07-14 02:59:39,001 INFO  server.RaftServerConfigKeys (ConfUtils.java:logGet(43)) - raft.server.log.queue.byte-limit = 2147483647 (custom)
2019-07-14 02:59:39,001 INFO  server.RaftServerConfigKeys (ConfUtils.java:logGet(43)) - raft.server.log.appender.buffer.byte-limit = 33554432 (custom)
2019-07-14 02:59:39,003 INFO  server.RaftServerConfigKeys (ConfUtils.java:logGet(43)) - raft.server.log.queue.element-limit = 1024 (custom)
2019-07-14 02:59:39,001 INFO  server.RaftServerConfigKeys (ConfUtils.java:logGet(43)) - raft.server.log.appender.buffer.byte-limit = 33554432 (custom)
2019-07-14 02:59:39,003 INFO  server.RaftServerConfigKeys (ConfUtils.java:logGet(43)) - raft.server.log.segment.size.max = 1048576 (custom)
2019-07-14 02:59:39,003 INFO  server.RaftServerConfigKeys (ConfUtils.java:logGet(43)) - raft.server.log.segment.size.max = 1048576 (custom)
2019-07-14 02:59:39,004 INFO  server.RaftServerConfigKeys (ConfUtils.java:logGet(43)) - raft.server.log.preallocated.size = 16384 (custom)
2019-07-14 02:59:39,004 INFO  server.RaftServerConfigKeys (ConfUtils.java:logGet(43)) - raft.server.log.write.buffer.size = 33554432 (custom)
2019-07-14 02:59:39,004 INFO  server.RaftServerConfigKeys (ConfUtils.java:logGet(43)) - raft.server.log.segment.size.max = 1048576 (custom)
2019-07-14 02:59:39,004 INFO  server.RaftServerConfigKeys (ConfUtils.java:logGet(43)) - raft.server.log.force.sync.num = 128 (default)
2019-07-14 02:59:39,004 INFO  server.RaftServerConfigKeys (ConfUtils.java:logGet(43)) - raft.server.log.segment.cache.num.max = 2 (custom)
2019-07-14 02:59:39,005 INFO  server.RaftServerConfigKeys (ConfUtils.java:logGet(43)) - raft.server.log.statemachine.data.sync = true (default)
2019-07-14 02:59:39,005 INFO  server.RaftServerConfigKeys (ConfUtils.java:logGet(43)) - raft.server.log.segment.cache.num.max = 2 (custom)
2019-07-14 02:59:39,005 INFO  server.RaftServerConfigKeys (ConfUtils.java:logGet(43)) - raft.server.log.statemachine.data.sync.timeout = 10s (default)
2019-07-14 02:59:39,005 INFO  segmented.SegmentedRaftLogWorker (SegmentedRaftLogWorker.java:<init>(172)) - new 6be3eaff-6f86-4ec8-a3c0-aa1db7a5b454-SegmentedRaftLogWorker:Storage Directory /tmp/workdir/hadoop-ozone/integration-test/target/test-dir/MiniOzoneClusterImpl-aa191f61-e7fe-4cd9-99ae-055af518faa6/datanode-5/data/ratis/81fe083f-4b0f-4be3-b8a0-7673ed6fc0cc for RaftStorage:Storage Directory /tmp/workdir/hadoop-ozone/integration-test/target/test-dir/MiniOzoneClusterImpl-aa191f61-e7fe-4cd9-99ae-055af518faa6/datanode-5/data/ratis/81fe083f-4b0f-4be3-b8a0-7673ed6fc0cc
2019-07-14 02:59:39,005 INFO  server.RaftServerConfigKeys (ConfUtils.java:logGet(43)) - raft.server.log.statemachine.data.sync.timeout.retry = -1 (default)
2019-07-14 02:59:39,005 INFO  segmented.SegmentedRaftLogWorker (SegmentedRaftLogWorker.java:<init>(172)) - new 62eb672d-939f-49f6-a9fd-ed4c4188786c-SegmentedRaftLogWorker:Storage Directory /tmp/workdir/hadoop-ozone/integration-test/target/test-dir/MiniOzoneClusterImpl-aa191f61-e7fe-4cd9-99ae-055af518faa6/datanode-4/data/ratis/81fe083f-4b0f-4be3-b8a0-7673ed6fc0cc for RaftStorage:Storage Directory /tmp/workdir/hadoop-ozone/integration-test/target/test-dir/MiniOzoneClusterImpl-aa191f61-e7fe-4cd9-99ae-055af518faa6/datanode-4/data/ratis/81fe083f-4b0f-4be3-b8a0-7673ed6fc0cc
2019-07-14 02:59:39,006 INFO  server.RaftServerConfigKeys (ConfUtils.java:logGet(43)) - raft.server.log.statemachine.data.caching.enabled = true (custom)
2019-07-14 02:59:39,005 INFO  server.RaftServerConfigKeys (ConfUtils.java:logGet(43)) - raft.server.log.queue.byte-limit = 2147483647 (custom)
2019-07-14 02:59:39,009 INFO  segmented.SegmentedRaftLogWorker (SegmentedRaftLogWorker.java:lambda$new$0(132)) - 4ac04301-88ad-4991-ac3b-3db3067a4843-SegmentedRaftLogWorker:Storage Directory /tmp/workdir/hadoop-ozone/integration-test/target/test-dir/MiniOzoneClusterImpl-aa191f61-e7fe-4cd9-99ae-055af518faa6/datanode-6/data/ratis/81fe083f-4b0f-4be3-b8a0-7673ed6fc0cc: flushIndex: setUnconditionally 0 -> -1
2019-07-14 02:59:39,007 INFO  server.RaftServerConfigKeys (ConfUtils.java:logGet(43)) - raft.server.log.queue.byte-limit = 2147483647 (custom)
2019-07-14 02:59:39,009 INFO  server.RaftServerConfigKeys (ConfUtils.java:logGet(43)) - raft.server.log.queue.element-limit = 1024 (custom)
2019-07-14 02:59:39,010 INFO  server.RaftServerConfigKeys (ConfUtils.java:logGet(43)) - raft.server.log.queue.element-limit = 1024 (custom)
2019-07-14 02:59:39,010 INFO  server.RaftServerConfigKeys (ConfUtils.java:logGet(43)) - raft.server.snapshot.auto.trigger.enabled = true (custom)
2019-07-14 02:59:39,010 INFO  server.RaftServerConfigKeys (ConfUtils.java:logGet(43)) - raft.server.log.segment.size.max = 1048576 (custom)
2019-07-14 02:59:39,010 INFO  server.RaftServerConfigKeys (ConfUtils.java:logGet(43)) - raft.server.log.segment.size.max = 1048576 (custom)
2019-07-14 02:59:39,010 INFO  server.RaftServerConfigKeys (ConfUtils.java:logGet(43)) - raft.server.log.preallocated.size = 16384 (custom)
2019-07-14 02:59:39,010 INFO  server.RaftServerConfigKeys (ConfUtils.java:logGet(43)) - raft.server.snapshot.auto.trigger.threshold = 10000 (custom)
2019-07-14 02:59:39,011 INFO  server.RaftServerConfigKeys (ConfUtils.java:logGet(43)) - raft.server.log.write.buffer.size = 33554432 (custom)
2019-07-14 02:59:39,011 INFO  server.RaftServerConfigKeys (ConfUtils.java:logGet(43)) - raft.server.retrycache.expirytime = 600000ms (custom)
2019-07-14 02:59:39,010 INFO  server.RaftServerConfigKeys (ConfUtils.java:logGet(43)) - raft.server.log.preallocated.size = 16384 (custom)
2019-07-14 02:59:39,011 INFO  impl.RaftServerImpl (RaftServerImpl.java:start(180)) - 4ac04301-88ad-4991-ac3b-3db3067a4843: start group-7673ED6FC0CC
2019-07-14 02:59:39,011 INFO  server.RaftServerConfigKeys (ConfUtils.java:logGet(43)) - raft.server.log.force.sync.num = 128 (default)
2019-07-14 02:59:39,011 INFO  impl.RaftServerImpl (RaftServerImpl.java:setRole(171)) - 4ac04301-88ad-4991-ac3b-3db3067a4843:group-7673ED6FC0CC changes role from null to FOLLOWER at term 0 for startAsFollower
2019-07-14 02:59:39,011 INFO  server.RaftServerConfigKeys (ConfUtils.java:logGet(43)) - raft.server.log.write.buffer.size = 33554432 (custom)
2019-07-14 02:59:39,012 INFO  impl.RoleInfo (RoleInfo.java:updateAndGet(143)) - 4ac04301-88ad-4991-ac3b-3db3067a4843: start FollowerState
2019-07-14 02:59:39,012 INFO  server.RaftServerConfigKeys (ConfUtils.java:logGet(43)) - raft.server.log.statemachine.data.sync = true (default)
2019-07-14 02:59:39,012 INFO  server.RaftServerConfigKeys (ConfUtils.java:logGet(43)) - raft.server.log.force.sync.num = 128 (default)
2019-07-14 02:59:39,012 INFO  util.JmxRegister (JmxRegister.java:tryRegister(44)) - Successfully registered JMX Bean with object name Ratis:service=RaftServer,group=group-7673ED6FC0CC,id=4ac04301-88ad-4991-ac3b-3db3067a4843
2019-07-14 02:59:39,012 INFO  server.RaftServerConfigKeys (ConfUtils.java:logGet(43)) - raft.server.log.statemachine.data.sync.timeout = 10s (default)
2019-07-14 02:59:39,012 INFO  server.RaftServerConfigKeys (ConfUtils.java:logGet(43)) - raft.server.log.statemachine.data.sync = true (default)
2019-07-14 02:59:39,013 INFO  server.RaftServerConfigKeys (ConfUtils.java:logGet(43)) - raft.server.log.statemachine.data.sync.timeout.retry = -1 (default)
2019-07-14 02:59:39,013 INFO  server.RaftServerConfigKeys (ConfUtils.java:logGet(43)) - raft.server.log.statemachine.data.sync.timeout = 10s (default)
2019-07-14 02:59:39,013 INFO  server.RaftServerConfigKeys (ConfUtils.java:logGet(43)) - raft.server.log.statemachine.data.caching.enabled = true (custom)
2019-07-14 02:59:39,013 INFO  server.RaftServerConfigKeys (ConfUtils.java:logGet(43)) - raft.server.log.statemachine.data.sync.timeout.retry = -1 (default)
2019-07-14 02:59:39,013 INFO  segmented.SegmentedRaftLogWorker (SegmentedRaftLogWorker.java:lambda$new$0(132)) - 62eb672d-939f-49f6-a9fd-ed4c4188786c-SegmentedRaftLogWorker:Storage Directory /tmp/workdir/hadoop-ozone/integration-test/target/test-dir/MiniOzoneClusterImpl-aa191f61-e7fe-4cd9-99ae-055af518faa6/datanode-4/data/ratis/81fe083f-4b0f-4be3-b8a0-7673ed6fc0cc: flushIndex: setUnconditionally 0 -> -1
2019-07-14 02:59:39,013 INFO  server.RaftServerConfigKeys (ConfUtils.java:logGet(43)) - raft.server.log.statemachine.data.caching.enabled = true (custom)
2019-07-14 02:59:39,014 INFO  server.RaftServerConfigKeys (ConfUtils.java:logGet(43)) - raft.server.snapshot.auto.trigger.enabled = true (custom)
2019-07-14 02:59:39,014 INFO  segmented.SegmentedRaftLogWorker (SegmentedRaftLogWorker.java:lambda$new$0(132)) - 6be3eaff-6f86-4ec8-a3c0-aa1db7a5b454-SegmentedRaftLogWorker:Storage Directory /tmp/workdir/hadoop-ozone/integration-test/target/test-dir/MiniOzoneClusterImpl-aa191f61-e7fe-4cd9-99ae-055af518faa6/datanode-5/data/ratis/81fe083f-4b0f-4be3-b8a0-7673ed6fc0cc: flushIndex: setUnconditionally 0 -> -1
2019-07-14 02:59:39,014 INFO  server.RaftServerConfigKeys (ConfUtils.java:logGet(43)) - raft.server.snapshot.auto.trigger.threshold = 10000 (custom)
2019-07-14 02:59:39,014 INFO  server.RaftServerConfigKeys (ConfUtils.java:logGet(43)) - raft.server.snapshot.auto.trigger.enabled = true (custom)
2019-07-14 02:59:39,014 INFO  server.RaftServerConfigKeys (ConfUtils.java:logGet(43)) - raft.server.retrycache.expirytime = 600000ms (custom)
2019-07-14 02:59:39,014 INFO  server.RaftServerConfigKeys (ConfUtils.java:logGet(43)) - raft.server.snapshot.auto.trigger.threshold = 10000 (custom)
2019-07-14 02:59:39,015 INFO  impl.RaftServerImpl (RaftServerImpl.java:start(180)) - 62eb672d-939f-49f6-a9fd-ed4c4188786c: start group-7673ED6FC0CC
2019-07-14 02:59:39,016 INFO  impl.RaftServerImpl (RaftServerImpl.java:setRole(171)) - 62eb672d-939f-49f6-a9fd-ed4c4188786c:group-7673ED6FC0CC changes role from null to FOLLOWER at term 0 for startAsFollower
2019-07-14 02:59:39,016 INFO  server.RaftServerConfigKeys (ConfUtils.java:logGet(43)) - raft.server.retrycache.expirytime = 600000ms (custom)
2019-07-14 02:59:39,017 INFO  impl.RoleInfo (RoleInfo.java:updateAndGet(143)) - 62eb672d-939f-49f6-a9fd-ed4c4188786c: start FollowerState
2019-07-14 02:59:39,017 INFO  impl.RaftServerImpl (RaftServerImpl.java:start(180)) - 6be3eaff-6f86-4ec8-a3c0-aa1db7a5b454: start group-7673ED6FC0CC
2019-07-14 02:59:39,020 INFO  impl.RaftServerImpl (RaftServerImpl.java:setRole(171)) - 6be3eaff-6f86-4ec8-a3c0-aa1db7a5b454:group-7673ED6FC0CC changes role from null to FOLLOWER at term 0 for startAsFollower
2019-07-14 02:59:39,020 INFO  util.JmxRegister (JmxRegister.java:tryRegister(44)) - Successfully registered JMX Bean with object name Ratis:service=RaftServer,group=group-7673ED6FC0CC,id=62eb672d-939f-49f6-a9fd-ed4c4188786c
2019-07-14 02:59:39,020 INFO  impl.RoleInfo (RoleInfo.java:updateAndGet(143)) - 6be3eaff-6f86-4ec8-a3c0-aa1db7a5b454: start FollowerState
2019-07-14 02:59:39,023 INFO  util.JmxRegister (JmxRegister.java:tryRegister(44)) - Successfully registered JMX Bean with object name Ratis:service=RaftServer,group=group-7673ED6FC0CC,id=6be3eaff-6f86-4ec8-a3c0-aa1db7a5b454
2019-07-14 02:59:39,042 INFO  pipeline.PipelineStateManager (PipelineStateManager.java:addPipeline(56)) - Created pipeline Pipeline[ Id: 81fe083f-4b0f-4be3-b8a0-7673ed6fc0cc, Nodes: 62eb672d-939f-49f6-a9fd-ed4c4188786c{ip: 192.168.157.236, host: trunk-nightly-k88cw-3644625431, networkLocation: /default-rack, certSerialId: null}4ac04301-88ad-4991-ac3b-3db3067a4843{ip: 192.168.157.236, host: trunk-nightly-k88cw-3644625431, networkLocation: /default-rack, certSerialId: null}6be3eaff-6f86-4ec8-a3c0-aa1db7a5b454{ip: 192.168.157.236, host: trunk-nightly-k88cw-3644625431, networkLocation: /default-rack, certSerialId: null}, Type:RATIS, Factor:THREE, State:OPEN]
2019-07-14 02:59:39,315 INFO  ozone.MiniOzoneClusterImpl (MiniOzoneClusterImpl.java:lambda$waitForClusterToBeReady$0(142)) - Cluster is ready. Got 7 of 7 DN Heartbeats.
2019-07-14 02:59:39,646 INFO  rpc.RpcClient (RpcClient.java:createVolume(287)) - Creating Volume: closecontainerexceptionhandlingtest, with jenkins1000 as owner.
2019-07-14 02:59:39,699 INFO  rpc.RpcClient (RpcClient.java:createBucket(424)) - Creating Bucket: closecontainerexceptionhandlingtest/closecontainerexceptionhandlingtest, with Versioning false and Storage Type set to DISK and Encryption set to false 
2019-07-14 02:59:40,018 INFO  client.GrpcClientProtocolClient (GrpcClientProtocolClient.java:onNext(255)) - client-4F3539AB58BE->62eb672d-939f-49f6-a9fd-ed4c4188786c: receive RaftClientReply:client-4F3539AB58BE->62eb672d-939f-49f6-a9fd-ed4c4188786c@group-7673ED6FC0CC, cid=13, FAILED org.apache.ratis.protocol.NotLeaderException: Server 62eb672d-939f-49f6-a9fd-ed4c4188786c is not the leader (null). Request must be sent to leader., logIndex=0, commits[62eb672d-939f-49f6-a9fd-ed4c4188786c:c-1]
2019-07-14 02:59:40,031 INFO  container.ReplicationManager (ReplicationManager.java:start(155)) - Starting Replication Monitor Thread.
2019-07-14 02:59:40,037 INFO  container.ReplicationManager (ReplicationManager.java:run(207)) - Replication Monitor Thread took 3 milliseconds for processing 1 containers.
2019-07-14 02:59:41,079 INFO  client.GrpcClientProtocolClient (GrpcClientProtocolClient.java:onNext(255)) - client-4F3539AB58BE->4ac04301-88ad-4991-ac3b-3db3067a4843: receive RaftClientReply:client-4F3539AB58BE->4ac04301-88ad-4991-ac3b-3db3067a4843@group-7673ED6FC0CC, cid=13, FAILED org.apache.ratis.protocol.NotLeaderException: Server 4ac04301-88ad-4991-ac3b-3db3067a4843 is not the leader (null). Request must be sent to leader., logIndex=0, commits[4ac04301-88ad-4991-ac3b-3db3067a4843:c-1]
2019-07-14 02:59:42,127 INFO  client.GrpcClientProtocolClient (GrpcClientProtocolClient.java:onNext(255)) - client-4F3539AB58BE->62eb672d-939f-49f6-a9fd-ed4c4188786c: receive RaftClientReply:client-4F3539AB58BE->62eb672d-939f-49f6-a9fd-ed4c4188786c@group-7673ED6FC0CC, cid=13, FAILED org.apache.ratis.protocol.NotLeaderException: Server 62eb672d-939f-49f6-a9fd-ed4c4188786c is not the leader (null). Request must be sent to leader., logIndex=0, commits[62eb672d-939f-49f6-a9fd-ed4c4188786c:c-1]
2019-07-14 02:59:42,141 WARN  nio.NioEventLoop (NioEventLoop.java:select(786)) - Selector.select() returned prematurely {} times in a row; rebuilding Selector {}.
2019-07-14 02:59:42,141 INFO  nio.NioEventLoop (NioEventLoop.java:rebuildSelector0(396)) - Migrated 0 channel(s) to the new Selector.
2019-07-14 02:59:43,163 INFO  client.GrpcClientProtocolClient (GrpcClientProtocolClient.java:onNext(255)) - client-4F3539AB58BE->4ac04301-88ad-4991-ac3b-3db3067a4843: receive RaftClientReply:client-4F3539AB58BE->4ac04301-88ad-4991-ac3b-3db3067a4843@group-7673ED6FC0CC, cid=13, FAILED org.apache.ratis.protocol.NotLeaderException: Server 4ac04301-88ad-4991-ac3b-3db3067a4843 is not the leader (null). Request must be sent to leader., logIndex=0, commits[4ac04301-88ad-4991-ac3b-3db3067a4843:c-1]
2019-07-14 02:59:43,346 INFO  impl.FollowerState (FollowerState.java:run(106)) - 8ae50d8f-9cf4-47f9-b3f8-8f630245bc5b:group-FEF87DA9FD0B changes to CANDIDATE, lastRpcTime:5188, electionTimeout:5187ms
2019-07-14 02:59:43,346 INFO  impl.RoleInfo (RoleInfo.java:shutdownFollowerState(121)) - 8ae50d8f-9cf4-47f9-b3f8-8f630245bc5b: shutdown FollowerState
2019-07-14 02:59:43,347 INFO  impl.RaftServerImpl (RaftServerImpl.java:setRole(171)) - 8ae50d8f-9cf4-47f9-b3f8-8f630245bc5b:group-FEF87DA9FD0B changes role from FOLLOWER to CANDIDATE at term 0 for changeToCandidate
2019-07-14 02:59:43,354 INFO  impl.RoleInfo (RoleInfo.java:updateAndGet(143)) - 8ae50d8f-9cf4-47f9-b3f8-8f630245bc5b: start LeaderElection
2019-07-14 02:59:43,377 INFO  impl.LeaderElection (LeaderElection.java:askForVotes(181)) - 8ae50d8f-9cf4-47f9-b3f8-8f630245bc5b:group-FEF87DA9FD0B:LeaderElection1: begin an election at term 1 for -1: [8ae50d8f-9cf4-47f9-b3f8-8f630245bc5b:192.168.157.236:43461], old=null
2019-07-14 02:59:43,379 INFO  impl.RoleInfo (RoleInfo.java:shutdownLeaderElection(134)) - 8ae50d8f-9cf4-47f9-b3f8-8f630245bc5b: shutdown LeaderElection
2019-07-14 02:59:43,380 INFO  impl.RaftServerImpl (RaftServerImpl.java:setRole(171)) - 8ae50d8f-9cf4-47f9-b3f8-8f630245bc5b:group-FEF87DA9FD0B changes role from CANDIDATE to LEADER at term 1 for changeToLeader
2019-07-14 02:59:43,380 INFO  impl.RaftServerImpl (ServerState.java:setLeader(263)) - 8ae50d8f-9cf4-47f9-b3f8-8f630245bc5b:group-FEF87DA9FD0B change Leader from null to 8ae50d8f-9cf4-47f9-b3f8-8f630245bc5b at term 1 for becomeLeader, leader elected after 5312ms
2019-07-14 02:59:43,391 INFO  server.RaftServerConfigKeys (ConfUtils.java:logGet(43)) - raft.server.staging.catchup.gap = 1000 (default)
2019-07-14 02:59:43,391 INFO  server.RaftServerConfigKeys (ConfUtils.java:logGet(43)) - raft.server.rpc.sleep.time = 25ms (default)
2019-07-14 02:59:43,395 INFO  server.RaftServerConfigKeys (ConfUtils.java:logGet(43)) - raft.server.write.element-limit = 4096 (default)
2019-07-14 02:59:43,400 INFO  server.RaftServerConfigKeys (ConfUtils.java:logGet(43)) - raft.server.watch.timeout = 10s (default)
2019-07-14 02:59:43,400 INFO  server.RaftServerConfigKeys (ConfUtils.java:logGet(43)) - raft.server.watch.timeout.denomination = 1s (default)
2019-07-14 02:59:43,402 INFO  server.RaftServerConfigKeys (ConfUtils.java:logGet(43)) - raft.server.watch.element-limit = 65536 (default)
2019-07-14 02:59:43,410 INFO  impl.FollowerState (FollowerState.java:run(106)) - 76e55045-95ee-4cd8-b4ae-2b92b0d86bc4:group-B9ADC994AD03 changes to CANDIDATE, lastRpcTime:5043, electionTimeout:5041ms
2019-07-14 02:59:43,412 INFO  impl.RoleInfo (RoleInfo.java:shutdownFollowerState(121)) - 76e55045-95ee-4cd8-b4ae-2b92b0d86bc4: shutdown FollowerState
2019-07-14 02:59:43,412 INFO  impl.RaftServerImpl (RaftServerImpl.java:setRole(171)) - 76e55045-95ee-4cd8-b4ae-2b92b0d86bc4:group-B9ADC994AD03 changes role from FOLLOWER to CANDIDATE at term 0 for changeToCandidate
2019-07-14 02:59:43,412 INFO  impl.RoleInfo (RoleInfo.java:updateAndGet(143)) - 76e55045-95ee-4cd8-b4ae-2b92b0d86bc4: start LeaderElection
2019-07-14 02:59:43,424 INFO  impl.RoleInfo (RoleInfo.java:updateAndGet(143)) - 8ae50d8f-9cf4-47f9-b3f8-8f630245bc5b: start LeaderState
2019-07-14 02:59:43,432 INFO  impl.LeaderElection (LeaderElection.java:askForVotes(181)) - 76e55045-95ee-4cd8-b4ae-2b92b0d86bc4:group-B9ADC994AD03:LeaderElection2: begin an election at term 1 for -1: [76e55045-95ee-4cd8-b4ae-2b92b0d86bc4:192.168.157.236:36982], old=null
2019-07-14 02:59:43,434 INFO  impl.RoleInfo (RoleInfo.java:shutdownLeaderElection(134)) - 76e55045-95ee-4cd8-b4ae-2b92b0d86bc4: shutdown LeaderElection
2019-07-14 02:59:43,434 INFO  impl.RaftServerImpl (RaftServerImpl.java:setRole(171)) - 76e55045-95ee-4cd8-b4ae-2b92b0d86bc4:group-B9ADC994AD03 changes role from CANDIDATE to LEADER at term 1 for changeToLeader
2019-07-14 02:59:43,434 INFO  impl.RaftServerImpl (ServerState.java:setLeader(263)) - 76e55045-95ee-4cd8-b4ae-2b92b0d86bc4:group-B9ADC994AD03 change Leader from null to 76e55045-95ee-4cd8-b4ae-2b92b0d86bc4 at term 1 for becomeLeader, leader elected after 5074ms
2019-07-14 02:59:43,437 INFO  server.RaftServerConfigKeys (ConfUtils.java:logGet(43)) - raft.server.staging.catchup.gap = 1000 (default)
2019-07-14 02:59:43,437 INFO  server.RaftServerConfigKeys (ConfUtils.java:logGet(43)) - raft.server.rpc.sleep.time = 25ms (default)
2019-07-14 02:59:43,437 INFO  server.RaftServerConfigKeys (ConfUtils.java:logGet(43)) - raft.server.write.element-limit = 4096 (default)
2019-07-14 02:59:43,438 INFO  server.RaftServerConfigKeys (ConfUtils.java:logGet(43)) - raft.server.watch.timeout = 10s (default)
2019-07-14 02:59:43,438 INFO  server.RaftServerConfigKeys (ConfUtils.java:logGet(43)) - raft.server.watch.timeout.denomination = 1s (default)
2019-07-14 02:59:43,438 INFO  server.RaftServerConfigKeys (ConfUtils.java:logGet(43)) - raft.server.watch.element-limit = 65536 (default)
2019-07-14 02:59:43,438 INFO  impl.RoleInfo (RoleInfo.java:updateAndGet(143)) - 76e55045-95ee-4cd8-b4ae-2b92b0d86bc4: start LeaderState
2019-07-14 02:59:43,459 INFO  segmented.SegmentedRaftLogWorker (SegmentedRaftLogWorker.java:startLogSegment(380)) - 76e55045-95ee-4cd8-b4ae-2b92b0d86bc4-SegmentedRaftLogWorker:Storage Directory /tmp/workdir/hadoop-ozone/integration-test/target/test-dir/MiniOzoneClusterImpl-aa191f61-e7fe-4cd9-99ae-055af518faa6/datanode-1/data/ratis/be4e9db2-2bb8-47fe-94f8-b9adc994ad03: Starting segment from index:0
2019-07-14 02:59:43,459 INFO  segmented.SegmentedRaftLogWorker (SegmentedRaftLogWorker.java:startLogSegment(380)) - 8ae50d8f-9cf4-47f9-b3f8-8f630245bc5b-SegmentedRaftLogWorker:Storage Directory /tmp/workdir/hadoop-ozone/integration-test/target/test-dir/MiniOzoneClusterImpl-aa191f61-e7fe-4cd9-99ae-055af518faa6/datanode-0/data/ratis/ec55103d-b397-453e-91db-fef87da9fd0b: Starting segment from index:0
2019-07-14 02:59:43,471 INFO  impl.RaftServerImpl (ServerState.java:setRaftConf(361)) - 8ae50d8f-9cf4-47f9-b3f8-8f630245bc5b:group-FEF87DA9FD0B set configuration 0: [8ae50d8f-9cf4-47f9-b3f8-8f630245bc5b:192.168.157.236:43461], old=null at 0
2019-07-14 02:59:43,471 INFO  impl.RaftServerImpl (ServerState.java:setRaftConf(361)) - 76e55045-95ee-4cd8-b4ae-2b92b0d86bc4:group-B9ADC994AD03 set configuration 0: [76e55045-95ee-4cd8-b4ae-2b92b0d86bc4:192.168.157.236:36982], old=null at 0
2019-07-14 02:59:43,546 INFO  impl.FollowerState (FollowerState.java:run(106)) - 62eb672d-939f-49f6-a9fd-ed4c4188786c:group-436211E6CF13 changes to CANDIDATE, lastRpcTime:5010, electionTimeout:5010ms
2019-07-14 02:59:43,546 INFO  impl.RoleInfo (RoleInfo.java:shutdownFollowerState(121)) - 62eb672d-939f-49f6-a9fd-ed4c4188786c: shutdown FollowerState
2019-07-14 02:59:43,546 INFO  impl.RaftServerImpl (RaftServerImpl.java:setRole(171)) - 62eb672d-939f-49f6-a9fd-ed4c4188786c:group-436211E6CF13 changes role from FOLLOWER to CANDIDATE at term 0 for changeToCandidate
2019-07-14 02:59:43,546 INFO  impl.RoleInfo (RoleInfo.java:updateAndGet(143)) - 62eb672d-939f-49f6-a9fd-ed4c4188786c: start LeaderElection
2019-07-14 02:59:43,565 INFO  impl.LeaderElection (LeaderElection.java:askForVotes(181)) - 62eb672d-939f-49f6-a9fd-ed4c4188786c:group-436211E6CF13:LeaderElection3: begin an election at term 1 for -1: [62eb672d-939f-49f6-a9fd-ed4c4188786c:192.168.157.236:40102], old=null
2019-07-14 02:59:43,566 INFO  impl.RoleInfo (RoleInfo.java:shutdownLeaderElection(134)) - 62eb672d-939f-49f6-a9fd-ed4c4188786c: shutdown LeaderElection
2019-07-14 02:59:43,566 INFO  impl.RaftServerImpl (RaftServerImpl.java:setRole(171)) - 62eb672d-939f-49f6-a9fd-ed4c4188786c:group-436211E6CF13 changes role from CANDIDATE to LEADER at term 1 for changeToLeader
2019-07-14 02:59:43,566 INFO  impl.RaftServerImpl (ServerState.java:setLeader(263)) - 62eb672d-939f-49f6-a9fd-ed4c4188786c:group-436211E6CF13 change Leader from null to 62eb672d-939f-49f6-a9fd-ed4c4188786c at term 1 for becomeLeader, leader elected after 5036ms
2019-07-14 02:59:43,568 INFO  server.RaftServerConfigKeys (ConfUtils.java:logGet(43)) - raft.server.staging.catchup.gap = 1000 (default)
2019-07-14 02:59:43,568 INFO  server.RaftServerConfigKeys (ConfUtils.java:logGet(43)) - raft.server.rpc.sleep.time = 25ms (default)
2019-07-14 02:59:43,568 INFO  server.RaftServerConfigKeys (ConfUtils.java:logGet(43)) - raft.server.write.element-limit = 4096 (default)
2019-07-14 02:59:43,569 INFO  server.RaftServerConfigKeys (ConfUtils.java:logGet(43)) - raft.server.watch.timeout = 10s (default)
2019-07-14 02:59:43,569 INFO  server.RaftServerConfigKeys (ConfUtils.java:logGet(43)) - raft.server.watch.timeout.denomination = 1s (default)
2019-07-14 02:59:43,569 INFO  server.RaftServerConfigKeys (ConfUtils.java:logGet(43)) - raft.server.watch.element-limit = 65536 (default)
2019-07-14 02:59:43,569 INFO  impl.RoleInfo (RoleInfo.java:updateAndGet(143)) - 62eb672d-939f-49f6-a9fd-ed4c4188786c: start LeaderState
2019-07-14 02:59:43,569 INFO  segmented.SegmentedRaftLogWorker (SegmentedRaftLogWorker.java:startLogSegment(380)) - 62eb672d-939f-49f6-a9fd-ed4c4188786c-SegmentedRaftLogWorker:Storage Directory /tmp/workdir/hadoop-ozone/integration-test/target/test-dir/MiniOzoneClusterImpl-aa191f61-e7fe-4cd9-99ae-055af518faa6/datanode-4/data/ratis/221ba97e-28d4-4acf-b932-436211e6cf13: Starting segment from index:0
2019-07-14 02:59:43,570 INFO  impl.RaftServerImpl (ServerState.java:setRaftConf(361)) - 62eb672d-939f-49f6-a9fd-ed4c4188786c:group-436211E6CF13 set configuration 0: [62eb672d-939f-49f6-a9fd-ed4c4188786c:192.168.157.236:40102], old=null at 0
2019-07-14 02:59:43,641 INFO  segmented.SegmentedRaftLogWorker (SegmentedRaftLogWorker.java:execute(569)) - 76e55045-95ee-4cd8-b4ae-2b92b0d86bc4-SegmentedRaftLogWorker:Storage Directory /tmp/workdir/hadoop-ozone/integration-test/target/test-dir/MiniOzoneClusterImpl-aa191f61-e7fe-4cd9-99ae-055af518faa6/datanode-1/data/ratis/be4e9db2-2bb8-47fe-94f8-b9adc994ad03: created new log segment /tmp/workdir/hadoop-ozone/integration-test/target/test-dir/MiniOzoneClusterImpl-aa191f61-e7fe-4cd9-99ae-055af518faa6/datanode-1/data/ratis/be4e9db2-2bb8-47fe-94f8-b9adc994ad03/current/log_inprogress_0
2019-07-14 02:59:43,641 INFO  segmented.SegmentedRaftLogWorker (SegmentedRaftLogWorker.java:execute(569)) - 8ae50d8f-9cf4-47f9-b3f8-8f630245bc5b-SegmentedRaftLogWorker:Storage Directory /tmp/workdir/hadoop-ozone/integration-test/target/test-dir/MiniOzoneClusterImpl-aa191f61-e7fe-4cd9-99ae-055af518faa6/datanode-0/data/ratis/ec55103d-b397-453e-91db-fef87da9fd0b: created new log segment /tmp/workdir/hadoop-ozone/integration-test/target/test-dir/MiniOzoneClusterImpl-aa191f61-e7fe-4cd9-99ae-055af518faa6/datanode-0/data/ratis/ec55103d-b397-453e-91db-fef87da9fd0b/current/log_inprogress_0
2019-07-14 02:59:43,641 INFO  segmented.SegmentedRaftLogWorker (SegmentedRaftLogWorker.java:execute(569)) - 62eb672d-939f-49f6-a9fd-ed4c4188786c-SegmentedRaftLogWorker:Storage Directory /tmp/workdir/hadoop-ozone/integration-test/target/test-dir/MiniOzoneClusterImpl-aa191f61-e7fe-4cd9-99ae-055af518faa6/datanode-4/data/ratis/221ba97e-28d4-4acf-b932-436211e6cf13: created new log segment /tmp/workdir/hadoop-ozone/integration-test/target/test-dir/MiniOzoneClusterImpl-aa191f61-e7fe-4cd9-99ae-055af518faa6/datanode-4/data/ratis/221ba97e-28d4-4acf-b932-436211e6cf13/current/log_inprogress_0
2019-07-14 02:59:43,650 INFO  impl.FollowerState (FollowerState.java:run(106)) - f492c16f-2f7a-465f-93ad-e1550f6bae23:group-CC13D886B168 changes to CANDIDATE, lastRpcTime:5191, electionTimeout:5191ms
2019-07-14 02:59:43,652 INFO  impl.RoleInfo (RoleInfo.java:shutdownFollowerState(121)) - f492c16f-2f7a-465f-93ad-e1550f6bae23: shutdown FollowerState
2019-07-14 02:59:43,652 INFO  impl.RaftServerImpl (RaftServerImpl.java:setRole(171)) - f492c16f-2f7a-465f-93ad-e1550f6bae23:group-CC13D886B168 changes role from FOLLOWER to CANDIDATE at term 0 for changeToCandidate
2019-07-14 02:59:43,652 INFO  impl.RoleInfo (RoleInfo.java:updateAndGet(143)) - f492c16f-2f7a-465f-93ad-e1550f6bae23: start LeaderElection
2019-07-14 02:59:43,661 INFO  impl.LeaderElection (LeaderElection.java:askForVotes(181)) - f492c16f-2f7a-465f-93ad-e1550f6bae23:group-CC13D886B168:LeaderElection4: begin an election at term 1 for -1: [f492c16f-2f7a-465f-93ad-e1550f6bae23:192.168.157.236:44960], old=null
2019-07-14 02:59:43,663 INFO  impl.RoleInfo (RoleInfo.java:shutdownLeaderElection(134)) - f492c16f-2f7a-465f-93ad-e1550f6bae23: shutdown LeaderElection
2019-07-14 02:59:43,663 INFO  impl.RaftServerImpl (RaftServerImpl.java:setRole(171)) - f492c16f-2f7a-465f-93ad-e1550f6bae23:group-CC13D886B168 changes role from CANDIDATE to LEADER at term 1 for changeToLeader
2019-07-14 02:59:43,663 INFO  impl.RaftServerImpl (ServerState.java:setLeader(263)) - f492c16f-2f7a-465f-93ad-e1550f6bae23:group-CC13D886B168 change Leader from null to f492c16f-2f7a-465f-93ad-e1550f6bae23 at term 1 for becomeLeader, leader elected after 5211ms
2019-07-14 02:59:43,665 INFO  server.RaftServerConfigKeys (ConfUtils.java:logGet(43)) - raft.server.staging.catchup.gap = 1000 (default)
2019-07-14 02:59:43,666 INFO  server.RaftServerConfigKeys (ConfUtils.java:logGet(43)) - raft.server.rpc.sleep.time = 25ms (default)
2019-07-14 02:59:43,666 INFO  server.RaftServerConfigKeys (ConfUtils.java:logGet(43)) - raft.server.write.element-limit = 4096 (default)
2019-07-14 02:59:43,666 INFO  server.RaftServerConfigKeys (ConfUtils.java:logGet(43)) - raft.server.watch.timeout = 10s (default)
2019-07-14 02:59:43,666 INFO  server.RaftServerConfigKeys (ConfUtils.java:logGet(43)) - raft.server.watch.timeout.denomination = 1s (default)
2019-07-14 02:59:43,666 INFO  server.RaftServerConfigKeys (ConfUtils.java:logGet(43)) - raft.server.watch.element-limit = 65536 (default)
2019-07-14 02:59:43,667 INFO  impl.RoleInfo (RoleInfo.java:updateAndGet(143)) - f492c16f-2f7a-465f-93ad-e1550f6bae23: start LeaderState
2019-07-14 02:59:43,667 INFO  segmented.SegmentedRaftLogWorker (SegmentedRaftLogWorker.java:startLogSegment(380)) - f492c16f-2f7a-465f-93ad-e1550f6bae23-SegmentedRaftLogWorker:Storage Directory /tmp/workdir/hadoop-ozone/integration-test/target/test-dir/MiniOzoneClusterImpl-aa191f61-e7fe-4cd9-99ae-055af518faa6/datanode-3/data/ratis/b37bf8d7-26dc-4dd2-8bb3-cc13d886b168: Starting segment from index:0
2019-07-14 02:59:43,668 INFO  impl.RaftServerImpl (ServerState.java:setRaftConf(361)) - f492c16f-2f7a-465f-93ad-e1550f6bae23:group-CC13D886B168 set configuration 0: [f492c16f-2f7a-465f-93ad-e1550f6bae23:192.168.157.236:44960], old=null at 0
2019-07-14 02:59:43,698 INFO  segmented.SegmentedRaftLogWorker (SegmentedRaftLogWorker.java:execute(569)) - f492c16f-2f7a-465f-93ad-e1550f6bae23-SegmentedRaftLogWorker:Storage Directory /tmp/workdir/hadoop-ozone/integration-test/target/test-dir/MiniOzoneClusterImpl-aa191f61-e7fe-4cd9-99ae-055af518faa6/datanode-3/data/ratis/b37bf8d7-26dc-4dd2-8bb3-cc13d886b168: created new log segment /tmp/workdir/hadoop-ozone/integration-test/target/test-dir/MiniOzoneClusterImpl-aa191f61-e7fe-4cd9-99ae-055af518faa6/datanode-3/data/ratis/b37bf8d7-26dc-4dd2-8bb3-cc13d886b168/current/log_inprogress_0
2019-07-14 02:59:43,728 INFO  impl.FollowerState (FollowerState.java:run(106)) - 4ac04301-88ad-4991-ac3b-3db3067a4843:group-58CD8369C196 changes to CANDIDATE, lastRpcTime:5118, electionTimeout:5118ms
2019-07-14 02:59:43,728 INFO  impl.RoleInfo (RoleInfo.java:shutdownFollowerState(121)) - 4ac04301-88ad-4991-ac3b-3db3067a4843: shutdown FollowerState
2019-07-14 02:59:43,728 INFO  impl.RaftServerImpl (RaftServerImpl.java:setRole(171)) - 4ac04301-88ad-4991-ac3b-3db3067a4843:group-58CD8369C196 changes role from FOLLOWER to CANDIDATE at term 0 for changeToCandidate
2019-07-14 02:59:43,728 INFO  impl.RoleInfo (RoleInfo.java:updateAndGet(143)) - 4ac04301-88ad-4991-ac3b-3db3067a4843: start LeaderElection
2019-07-14 02:59:43,748 INFO  impl.LeaderElection (LeaderElection.java:askForVotes(181)) - 4ac04301-88ad-4991-ac3b-3db3067a4843:group-58CD8369C196:LeaderElection5: begin an election at term 1 for -1: [4ac04301-88ad-4991-ac3b-3db3067a4843:192.168.157.236:33944], old=null
2019-07-14 02:59:43,750 INFO  impl.RoleInfo (RoleInfo.java:shutdownLeaderElection(134)) - 4ac04301-88ad-4991-ac3b-3db3067a4843: shutdown LeaderElection
2019-07-14 02:59:43,750 INFO  impl.RaftServerImpl (RaftServerImpl.java:setRole(171)) - 4ac04301-88ad-4991-ac3b-3db3067a4843:group-58CD8369C196 changes role from CANDIDATE to LEADER at term 1 for changeToLeader
2019-07-14 02:59:43,750 INFO  impl.RaftServerImpl (ServerState.java:setLeader(263)) - 4ac04301-88ad-4991-ac3b-3db3067a4843:group-58CD8369C196 change Leader from null to 4ac04301-88ad-4991-ac3b-3db3067a4843 at term 1 for becomeLeader, leader elected after 5146ms
2019-07-14 02:59:43,752 INFO  server.RaftServerConfigKeys (ConfUtils.java:logGet(43)) - raft.server.staging.catchup.gap = 1000 (default)
2019-07-14 02:59:43,752 INFO  server.RaftServerConfigKeys (ConfUtils.java:logGet(43)) - raft.server.rpc.sleep.time = 25ms (default)
2019-07-14 02:59:43,752 INFO  server.RaftServerConfigKeys (ConfUtils.java:logGet(43)) - raft.server.write.element-limit = 4096 (default)
2019-07-14 02:59:43,753 INFO  server.RaftServerConfigKeys (ConfUtils.java:logGet(43)) - raft.server.watch.timeout = 10s (default)
2019-07-14 02:59:43,753 INFO  server.RaftServerConfigKeys (ConfUtils.java:logGet(43)) - raft.server.watch.timeout.denomination = 1s (default)
2019-07-14 02:59:43,753 INFO  server.RaftServerConfigKeys (ConfUtils.java:logGet(43)) - raft.server.watch.element-limit = 65536 (default)
2019-07-14 02:59:43,753 INFO  impl.RoleInfo (RoleInfo.java:updateAndGet(143)) - 4ac04301-88ad-4991-ac3b-3db3067a4843: start LeaderState
2019-07-14 02:59:43,754 INFO  segmented.SegmentedRaftLogWorker (SegmentedRaftLogWorker.java:startLogSegment(380)) - 4ac04301-88ad-4991-ac3b-3db3067a4843-SegmentedRaftLogWorker:Storage Directory /tmp/workdir/hadoop-ozone/integration-test/target/test-dir/MiniOzoneClusterImpl-aa191f61-e7fe-4cd9-99ae-055af518faa6/datanode-6/data/ratis/89357eb3-0664-4b40-8881-58cd8369c196: Starting segment from index:0
2019-07-14 02:59:43,754 INFO  impl.RaftServerImpl (ServerState.java:setRaftConf(361)) - 4ac04301-88ad-4991-ac3b-3db3067a4843:group-58CD8369C196 set configuration 0: [4ac04301-88ad-4991-ac3b-3db3067a4843:192.168.157.236:33944], old=null at 0
2019-07-14 02:59:43,774 INFO  impl.FollowerState (FollowerState.java:run(106)) - 6be3eaff-6f86-4ec8-a3c0-aa1db7a5b454:group-0318C6B7F21B changes to CANDIDATE, lastRpcTime:5070, electionTimeout:5062ms
2019-07-14 02:59:43,774 INFO  impl.RoleInfo (RoleInfo.java:shutdownFollowerState(121)) - 6be3eaff-6f86-4ec8-a3c0-aa1db7a5b454: shutdown FollowerState
2019-07-14 02:59:43,775 INFO  impl.RaftServerImpl (RaftServerImpl.java:setRole(171)) - 6be3eaff-6f86-4ec8-a3c0-aa1db7a5b454:group-0318C6B7F21B changes role from FOLLOWER to CANDIDATE at term 0 for changeToCandidate
2019-07-14 02:59:43,775 INFO  impl.RoleInfo (RoleInfo.java:updateAndGet(143)) - 6be3eaff-6f86-4ec8-a3c0-aa1db7a5b454: start LeaderElection
2019-07-14 02:59:43,787 INFO  segmented.SegmentedRaftLogWorker (SegmentedRaftLogWorker.java:execute(569)) - 4ac04301-88ad-4991-ac3b-3db3067a4843-SegmentedRaftLogWorker:Storage Directory /tmp/workdir/hadoop-ozone/integration-test/target/test-dir/MiniOzoneClusterImpl-aa191f61-e7fe-4cd9-99ae-055af518faa6/datanode-6/data/ratis/89357eb3-0664-4b40-8881-58cd8369c196: created new log segment /tmp/workdir/hadoop-ozone/integration-test/target/test-dir/MiniOzoneClusterImpl-aa191f61-e7fe-4cd9-99ae-055af518faa6/datanode-6/data/ratis/89357eb3-0664-4b40-8881-58cd8369c196/current/log_inprogress_0
2019-07-14 02:59:43,787 INFO  impl.LeaderElection (LeaderElection.java:askForVotes(181)) - 6be3eaff-6f86-4ec8-a3c0-aa1db7a5b454:group-0318C6B7F21B:LeaderElection6: begin an election at term 1 for -1: [6be3eaff-6f86-4ec8-a3c0-aa1db7a5b454:192.168.157.236:37197], old=null
2019-07-14 02:59:43,788 INFO  impl.RoleInfo (RoleInfo.java:shutdownLeaderElection(134)) - 6be3eaff-6f86-4ec8-a3c0-aa1db7a5b454: shutdown LeaderElection
2019-07-14 02:59:43,788 INFO  impl.RaftServerImpl (RaftServerImpl.java:setRole(171)) - 6be3eaff-6f86-4ec8-a3c0-aa1db7a5b454:group-0318C6B7F21B changes role from CANDIDATE to LEADER at term 1 for changeToLeader
2019-07-14 02:59:43,788 INFO  impl.RaftServerImpl (ServerState.java:setLeader(263)) - 6be3eaff-6f86-4ec8-a3c0-aa1db7a5b454:group-0318C6B7F21B change Leader from null to 6be3eaff-6f86-4ec8-a3c0-aa1db7a5b454 at term 1 for becomeLeader, leader elected after 5090ms
2019-07-14 02:59:43,790 INFO  server.RaftServerConfigKeys (ConfUtils.java:logGet(43)) - raft.server.staging.catchup.gap = 1000 (default)
2019-07-14 02:59:43,790 INFO  server.RaftServerConfigKeys (ConfUtils.java:logGet(43)) - raft.server.rpc.sleep.time = 25ms (default)
2019-07-14 02:59:43,790 INFO  server.RaftServerConfigKeys (ConfUtils.java:logGet(43)) - raft.server.write.element-limit = 4096 (default)
2019-07-14 02:59:43,791 INFO  server.RaftServerConfigKeys (ConfUtils.java:logGet(43)) - raft.server.watch.timeout = 10s (default)
2019-07-14 02:59:43,791 INFO  server.RaftServerConfigKeys (ConfUtils.java:logGet(43)) - raft.server.watch.timeout.denomination = 1s (default)
2019-07-14 02:59:43,791 INFO  server.RaftServerConfigKeys (ConfUtils.java:logGet(43)) - raft.server.watch.element-limit = 65536 (default)
2019-07-14 02:59:43,791 INFO  impl.RoleInfo (RoleInfo.java:updateAndGet(143)) - 6be3eaff-6f86-4ec8-a3c0-aa1db7a5b454: start LeaderState
2019-07-14 02:59:43,792 INFO  segmented.SegmentedRaftLogWorker (SegmentedRaftLogWorker.java:startLogSegment(380)) - 6be3eaff-6f86-4ec8-a3c0-aa1db7a5b454-SegmentedRaftLogWorker:Storage Directory /tmp/workdir/hadoop-ozone/integration-test/target/test-dir/MiniOzoneClusterImpl-aa191f61-e7fe-4cd9-99ae-055af518faa6/datanode-5/data/ratis/81efe1e5-34b3-456a-a525-0318c6b7f21b: Starting segment from index:0
2019-07-14 02:59:43,792 INFO  impl.RaftServerImpl (ServerState.java:setRaftConf(361)) - 6be3eaff-6f86-4ec8-a3c0-aa1db7a5b454:group-0318C6B7F21B set configuration 0: [6be3eaff-6f86-4ec8-a3c0-aa1db7a5b454:192.168.157.236:37197], old=null at 0
2019-07-14 02:59:43,825 INFO  segmented.SegmentedRaftLogWorker (SegmentedRaftLogWorker.java:execute(569)) - 6be3eaff-6f86-4ec8-a3c0-aa1db7a5b454-SegmentedRaftLogWorker:Storage Directory /tmp/workdir/hadoop-ozone/integration-test/target/test-dir/MiniOzoneClusterImpl-aa191f61-e7fe-4cd9-99ae-055af518faa6/datanode-5/data/ratis/81efe1e5-34b3-456a-a525-0318c6b7f21b: created new log segment /tmp/workdir/hadoop-ozone/integration-test/target/test-dir/MiniOzoneClusterImpl-aa191f61-e7fe-4cd9-99ae-055af518faa6/datanode-5/data/ratis/81efe1e5-34b3-456a-a525-0318c6b7f21b/current/log_inprogress_0
2019-07-14 02:59:43,881 INFO  impl.FollowerState (FollowerState.java:run(106)) - 42c57508-b641-45e6-bad3-1948d9ca93c4:group-E458D0EEC1F6 changes to CANDIDATE, lastRpcTime:5107, electionTimeout:5107ms
2019-07-14 02:59:43,884 INFO  impl.RoleInfo (RoleInfo.java:shutdownFollowerState(121)) - 42c57508-b641-45e6-bad3-1948d9ca93c4: shutdown FollowerState
2019-07-14 02:59:43,884 INFO  impl.RaftServerImpl (RaftServerImpl.java:setRole(171)) - 42c57508-b641-45e6-bad3-1948d9ca93c4:group-E458D0EEC1F6 changes role from FOLLOWER to CANDIDATE at term 0 for changeToCandidate
2019-07-14 02:59:43,884 INFO  impl.RoleInfo (RoleInfo.java:updateAndGet(143)) - 42c57508-b641-45e6-bad3-1948d9ca93c4: start LeaderElection
2019-07-14 02:59:43,904 INFO  impl.LeaderElection (LeaderElection.java:askForVotes(181)) - 42c57508-b641-45e6-bad3-1948d9ca93c4:group-E458D0EEC1F6:LeaderElection7: begin an election at term 1 for -1: [42c57508-b641-45e6-bad3-1948d9ca93c4:192.168.157.236:34758], old=null
2019-07-14 02:59:43,906 INFO  impl.RoleInfo (RoleInfo.java:shutdownLeaderElection(134)) - 42c57508-b641-45e6-bad3-1948d9ca93c4: shutdown LeaderElection
2019-07-14 02:59:43,906 INFO  impl.RaftServerImpl (RaftServerImpl.java:setRole(171)) - 42c57508-b641-45e6-bad3-1948d9ca93c4:group-E458D0EEC1F6 changes role from CANDIDATE to LEADER at term 1 for changeToLeader
2019-07-14 02:59:43,906 INFO  impl.RaftServerImpl (ServerState.java:setLeader(263)) - 42c57508-b641-45e6-bad3-1948d9ca93c4:group-E458D0EEC1F6 change Leader from null to 42c57508-b641-45e6-bad3-1948d9ca93c4 at term 1 for becomeLeader, leader elected after 5138ms
2019-07-14 02:59:43,908 INFO  server.RaftServerConfigKeys (ConfUtils.java:logGet(43)) - raft.server.staging.catchup.gap = 1000 (default)
2019-07-14 02:59:43,908 INFO  server.RaftServerConfigKeys (ConfUtils.java:logGet(43)) - raft.server.rpc.sleep.time = 25ms (default)
2019-07-14 02:59:43,909 INFO  server.RaftServerConfigKeys (ConfUtils.java:logGet(43)) - raft.server.write.element-limit = 4096 (default)
2019-07-14 02:59:43,909 INFO  server.RaftServerConfigKeys (ConfUtils.java:logGet(43)) - raft.server.watch.timeout = 10s (default)
2019-07-14 02:59:43,909 INFO  server.RaftServerConfigKeys (ConfUtils.java:logGet(43)) - raft.server.watch.timeout.denomination = 1s (default)
2019-07-14 02:59:43,909 INFO  server.RaftServerConfigKeys (ConfUtils.java:logGet(43)) - raft.server.watch.element-limit = 65536 (default)
2019-07-14 02:59:43,910 INFO  impl.RoleInfo (RoleInfo.java:updateAndGet(143)) - 42c57508-b641-45e6-bad3-1948d9ca93c4: start LeaderState
2019-07-14 02:59:43,910 INFO  segmented.SegmentedRaftLogWorker (SegmentedRaftLogWorker.java:startLogSegment(380)) - 42c57508-b641-45e6-bad3-1948d9ca93c4-SegmentedRaftLogWorker:Storage Directory /tmp/workdir/hadoop-ozone/integration-test/target/test-dir/MiniOzoneClusterImpl-aa191f61-e7fe-4cd9-99ae-055af518faa6/datanode-2/data/ratis/69b0a44a-af05-40c2-952b-e458d0eec1f6: Starting segment from index:0
2019-07-14 02:59:43,911 INFO  impl.RaftServerImpl (ServerState.java:setRaftConf(361)) - 42c57508-b641-45e6-bad3-1948d9ca93c4:group-E458D0EEC1F6 set configuration 0: [42c57508-b641-45e6-bad3-1948d9ca93c4:192.168.157.236:34758], old=null at 0
2019-07-14 02:59:43,935 INFO  segmented.SegmentedRaftLogWorker (SegmentedRaftLogWorker.java:execute(569)) - 42c57508-b641-45e6-bad3-1948d9ca93c4-SegmentedRaftLogWorker:Storage Directory /tmp/workdir/hadoop-ozone/integration-test/target/test-dir/MiniOzoneClusterImpl-aa191f61-e7fe-4cd9-99ae-055af518faa6/datanode-2/data/ratis/69b0a44a-af05-40c2-952b-e458d0eec1f6: created new log segment /tmp/workdir/hadoop-ozone/integration-test/target/test-dir/MiniOzoneClusterImpl-aa191f61-e7fe-4cd9-99ae-055af518faa6/datanode-2/data/ratis/69b0a44a-af05-40c2-952b-e458d0eec1f6/current/log_inprogress_0
2019-07-14 02:59:43,957 INFO  impl.FollowerState (FollowerState.java:run(106)) - 8ae50d8f-9cf4-47f9-b3f8-8f630245bc5b:group-479F7A84264D changes to CANDIDATE, lastRpcTime:5060, electionTimeout:5058ms
2019-07-14 02:59:43,957 INFO  impl.RoleInfo (RoleInfo.java:shutdownFollowerState(121)) - 8ae50d8f-9cf4-47f9-b3f8-8f630245bc5b: shutdown FollowerState
2019-07-14 02:59:43,958 INFO  impl.RaftServerImpl (RaftServerImpl.java:setRole(171)) - 8ae50d8f-9cf4-47f9-b3f8-8f630245bc5b:group-479F7A84264D changes role from FOLLOWER to CANDIDATE at term 0 for changeToCandidate
2019-07-14 02:59:43,958 INFO  impl.RoleInfo (RoleInfo.java:updateAndGet(143)) - 8ae50d8f-9cf4-47f9-b3f8-8f630245bc5b: start LeaderElection
2019-07-14 02:59:43,976 INFO  impl.LeaderElection (LeaderElection.java:askForVotes(181)) - 8ae50d8f-9cf4-47f9-b3f8-8f630245bc5b:group-479F7A84264D:LeaderElection8: begin an election at term 1 for -1: [76e55045-95ee-4cd8-b4ae-2b92b0d86bc4:192.168.157.236:36982, 8ae50d8f-9cf4-47f9-b3f8-8f630245bc5b:192.168.157.236:43461, f492c16f-2f7a-465f-93ad-e1550f6bae23:192.168.157.236:44960], old=null
2019-07-14 02:59:43,980 INFO  impl.FollowerState (FollowerState.java:run(106)) - 76e55045-95ee-4cd8-b4ae-2b92b0d86bc4:group-479F7A84264D changes to CANDIDATE, lastRpcTime:5093, electionTimeout:5093ms
2019-07-14 02:59:43,980 INFO  impl.RoleInfo (RoleInfo.java:shutdownFollowerState(121)) - 76e55045-95ee-4cd8-b4ae-2b92b0d86bc4: shutdown FollowerState
2019-07-14 02:59:43,980 INFO  impl.RaftServerImpl (RaftServerImpl.java:setRole(171)) - 76e55045-95ee-4cd8-b4ae-2b92b0d86bc4:group-479F7A84264D changes role from FOLLOWER to CANDIDATE at term 0 for changeToCandidate
2019-07-14 02:59:43,981 INFO  impl.RoleInfo (RoleInfo.java:updateAndGet(143)) - 76e55045-95ee-4cd8-b4ae-2b92b0d86bc4: start LeaderElection
2019-07-14 02:59:44,000 INFO  impl.LeaderElection (LeaderElection.java:askForVotes(181)) - 76e55045-95ee-4cd8-b4ae-2b92b0d86bc4:group-479F7A84264D:LeaderElection9: begin an election at term 1 for -1: [76e55045-95ee-4cd8-b4ae-2b92b0d86bc4:192.168.157.236:36982, 8ae50d8f-9cf4-47f9-b3f8-8f630245bc5b:192.168.157.236:43461, f492c16f-2f7a-465f-93ad-e1550f6bae23:192.168.157.236:44960], old=null
2019-07-14 02:59:44,033 INFO  impl.RaftServerImpl (RaftServerImpl.java:setRole(171)) - f492c16f-2f7a-465f-93ad-e1550f6bae23:group-479F7A84264D changes role from FOLLOWER to FOLLOWER at term 1 for recognizeCandidate:8ae50d8f-9cf4-47f9-b3f8-8f630245bc5b
2019-07-14 02:59:44,033 INFO  impl.RoleInfo (RoleInfo.java:shutdownFollowerState(121)) - f492c16f-2f7a-465f-93ad-e1550f6bae23: shutdown FollowerState
2019-07-14 02:59:44,033 INFO  impl.RoleInfo (RoleInfo.java:updateAndGet(143)) - f492c16f-2f7a-465f-93ad-e1550f6bae23: start FollowerState
2019-07-14 02:59:44,033 INFO  impl.FollowerState (FollowerState.java:run(114)) - f492c16f-2f7a-465f-93ad-e1550f6bae23: FollowerState was interrupted: java.lang.InterruptedException: sleep interrupted
2019-07-14 02:59:44,098 INFO  impl.FollowerState (FollowerState.java:run(106)) - 62eb672d-939f-49f6-a9fd-ed4c4188786c:group-7673ED6FC0CC changes to CANDIDATE, lastRpcTime:5081, electionTimeout:5064ms
2019-07-14 02:59:44,098 INFO  impl.RoleInfo (RoleInfo.java:shutdownFollowerState(121)) - 62eb672d-939f-49f6-a9fd-ed4c4188786c: shutdown FollowerState
2019-07-14 02:59:44,098 INFO  impl.RaftServerImpl (RaftServerImpl.java:setRole(171)) - 62eb672d-939f-49f6-a9fd-ed4c4188786c:group-7673ED6FC0CC changes role from FOLLOWER to CANDIDATE at term 0 for changeToCandidate
2019-07-14 02:59:44,099 INFO  impl.RoleInfo (RoleInfo.java:updateAndGet(143)) - 62eb672d-939f-49f6-a9fd-ed4c4188786c: start LeaderElection
2019-07-14 02:59:44,106 INFO  impl.LeaderElection (LeaderElection.java:logAndReturn(56)) - 8ae50d8f-9cf4-47f9-b3f8-8f630245bc5b:group-479F7A84264D:LeaderElection8: Election PASSED; received 2 response(s) [8ae50d8f-9cf4-47f9-b3f8-8f630245bc5b<-76e55045-95ee-4cd8-b4ae-2b92b0d86bc4#0:FAIL-t1, 8ae50d8f-9cf4-47f9-b3f8-8f630245bc5b<-f492c16f-2f7a-465f-93ad-e1550f6bae23#0:OK-t1] and 0 exception(s); 8ae50d8f-9cf4-47f9-b3f8-8f630245bc5b:t1, leader=null, voted=8ae50d8f-9cf4-47f9-b3f8-8f630245bc5b, raftlog=8ae50d8f-9cf4-47f9-b3f8-8f630245bc5b-SegmentedRaftLog:OPENED:c-1,f-1,i0, conf=-1: [76e55045-95ee-4cd8-b4ae-2b92b0d86bc4:192.168.157.236:36982, 8ae50d8f-9cf4-47f9-b3f8-8f630245bc5b:192.168.157.236:43461, f492c16f-2f7a-465f-93ad-e1550f6bae23:192.168.157.236:44960], old=null
2019-07-14 02:59:44,106 INFO  impl.LeaderElection (LeaderElection.java:logAndReturn(56)) - 76e55045-95ee-4cd8-b4ae-2b92b0d86bc4:group-479F7A84264D:LeaderElection9: Election REJECTED; received 2 response(s) [76e55045-95ee-4cd8-b4ae-2b92b0d86bc4<-8ae50d8f-9cf4-47f9-b3f8-8f630245bc5b#0:FAIL-t1, 76e55045-95ee-4cd8-b4ae-2b92b0d86bc4<-f492c16f-2f7a-465f-93ad-e1550f6bae23#0:FAIL-t1] and 0 exception(s); 76e55045-95ee-4cd8-b4ae-2b92b0d86bc4:t1, leader=null, voted=76e55045-95ee-4cd8-b4ae-2b92b0d86bc4, raftlog=76e55045-95ee-4cd8-b4ae-2b92b0d86bc4-SegmentedRaftLog:OPENED:c-1,f-1,i0, conf=-1: [76e55045-95ee-4cd8-b4ae-2b92b0d86bc4:192.168.157.236:36982, 8ae50d8f-9cf4-47f9-b3f8-8f630245bc5b:192.168.157.236:43461, f492c16f-2f7a-465f-93ad-e1550f6bae23:192.168.157.236:44960], old=null
2019-07-14 02:59:44,106 INFO  impl.RoleInfo (RoleInfo.java:shutdownLeaderElection(134)) - 8ae50d8f-9cf4-47f9-b3f8-8f630245bc5b: shutdown LeaderElection
2019-07-14 02:59:44,108 INFO  impl.RaftServerImpl (RaftServerImpl.java:setRole(171)) - 8ae50d8f-9cf4-47f9-b3f8-8f630245bc5b:group-479F7A84264D changes role from CANDIDATE to LEADER at term 1 for changeToLeader
2019-07-14 02:59:44,108 INFO  impl.RaftServerImpl (RaftServerImpl.java:setRole(171)) - 76e55045-95ee-4cd8-b4ae-2b92b0d86bc4:group-479F7A84264D changes role from CANDIDATE to FOLLOWER at term 1 for DISCOVERED_A_NEW_TERM
2019-07-14 02:59:44,112 INFO  impl.RaftServerImpl (ServerState.java:setLeader(263)) - 8ae50d8f-9cf4-47f9-b3f8-8f630245bc5b:group-479F7A84264D change Leader from null to 8ae50d8f-9cf4-47f9-b3f8-8f630245bc5b at term 1 for becomeLeader, leader elected after 5237ms
2019-07-14 02:59:44,113 INFO  impl.FollowerState (FollowerState.java:run(106)) - 6be3eaff-6f86-4ec8-a3c0-aa1db7a5b454:group-7673ED6FC0CC changes to CANDIDATE, lastRpcTime:5093, electionTimeout:5090ms
2019-07-14 02:59:44,115 INFO  impl.RoleInfo (RoleInfo.java:shutdownFollowerState(121)) - 6be3eaff-6f86-4ec8-a3c0-aa1db7a5b454: shutdown FollowerState
2019-07-14 02:59:44,112 INFO  impl.RoleInfo (RoleInfo.java:shutdownLeaderElection(134)) - 76e55045-95ee-4cd8-b4ae-2b92b0d86bc4: shutdown LeaderElection
2019-07-14 02:59:44,115 INFO  server.RaftServerConfigKeys (ConfUtils.java:logGet(43)) - raft.server.staging.catchup.gap = 1000 (default)
2019-07-14 02:59:44,115 INFO  impl.RaftServerImpl (RaftServerImpl.java:setRole(171)) - 6be3eaff-6f86-4ec8-a3c0-aa1db7a5b454:group-7673ED6FC0CC changes role from FOLLOWER to CANDIDATE at term 0 for changeToCandidate
2019-07-14 02:59:44,116 INFO  server.RaftServerConfigKeys (ConfUtils.java:logGet(43)) - raft.server.rpc.sleep.time = 25ms (default)
2019-07-14 02:59:44,116 INFO  impl.RoleInfo (RoleInfo.java:updateAndGet(143)) - 6be3eaff-6f86-4ec8-a3c0-aa1db7a5b454: start LeaderElection
2019-07-14 02:59:44,116 INFO  impl.RoleInfo (RoleInfo.java:updateAndGet(143)) - 76e55045-95ee-4cd8-b4ae-2b92b0d86bc4: start FollowerState
2019-07-14 02:59:44,116 INFO  impl.LeaderElection (LeaderElection.java:askForVotes(181)) - 62eb672d-939f-49f6-a9fd-ed4c4188786c:group-7673ED6FC0CC:LeaderElection10: begin an election at term 1 for -1: [6be3eaff-6f86-4ec8-a3c0-aa1db7a5b454:192.168.157.236:37197, 4ac04301-88ad-4991-ac3b-3db3067a4843:192.168.157.236:33944, 62eb672d-939f-49f6-a9fd-ed4c4188786c:192.168.157.236:40102], old=null
2019-07-14 02:59:44,116 INFO  server.RaftServerConfigKeys (ConfUtils.java:logGet(43)) - raft.server.write.element-limit = 4096 (default)
2019-07-14 02:59:44,121 INFO  server.RaftServerConfigKeys (ConfUtils.java:logGet(43)) - raft.server.watch.timeout = 10s (default)
2019-07-14 02:59:44,122 INFO  server.RaftServerConfigKeys (ConfUtils.java:logGet(43)) - raft.server.watch.timeout.denomination = 1s (default)
2019-07-14 02:59:44,122 INFO  server.RaftServerConfigKeys (ConfUtils.java:logGet(43)) - raft.server.watch.element-limit = 65536 (default)
2019-07-14 02:59:44,128 INFO  server.RaftServerConfigKeys (ConfUtils.java:logGet(43)) - raft.server.log.appender.snapshot.chunk.size.max = 16MB (=16777216) (default)
2019-07-14 02:59:44,128 INFO  server.RaftServerConfigKeys (ConfUtils.java:logGet(43)) - raft.server.log.appender.buffer.byte-limit = 33554432 (custom)
2019-07-14 02:59:44,129 INFO  server.RaftServerConfigKeys (ConfUtils.java:logGet(43)) - raft.server.log.appender.buffer.element-limit = 1 (custom)
2019-07-14 02:59:44,135 INFO  impl.LeaderElection (LeaderElection.java:askForVotes(181)) - 6be3eaff-6f86-4ec8-a3c0-aa1db7a5b454:group-7673ED6FC0CC:LeaderElection11: begin an election at term 1 for -1: [6be3eaff-6f86-4ec8-a3c0-aa1db7a5b454:192.168.157.236:37197, 4ac04301-88ad-4991-ac3b-3db3067a4843:192.168.157.236:33944, 62eb672d-939f-49f6-a9fd-ed4c4188786c:192.168.157.236:40102], old=null
2019-07-14 02:59:44,136 INFO  impl.RaftServerImpl (RaftServerImpl.java:setRole(171)) - 4ac04301-88ad-4991-ac3b-3db3067a4843:group-7673ED6FC0CC changes role from FOLLOWER to FOLLOWER at term 1 for recognizeCandidate:62eb672d-939f-49f6-a9fd-ed4c4188786c
2019-07-14 02:59:44,136 INFO  impl.RoleInfo (RoleInfo.java:shutdownFollowerState(121)) - 4ac04301-88ad-4991-ac3b-3db3067a4843: shutdown FollowerState
2019-07-14 02:59:44,136 INFO  grpc.GrpcConfigKeys$Server (ConfUtils.java:logGet(43)) - raft.grpc.server.leader.outstanding.appends.max = 128 (default)
2019-07-14 02:59:44,138 INFO  impl.RoleInfo (RoleInfo.java:updateAndGet(143)) - 4ac04301-88ad-4991-ac3b-3db3067a4843: start FollowerState
2019-07-14 02:59:44,138 INFO  server.RaftServerConfigKeys (ConfUtils.java:logGet(43)) - raft.server.rpc.request.timeout = 3000ms (default)
2019-07-14 02:59:44,138 INFO  impl.FollowerState (FollowerState.java:run(114)) - 4ac04301-88ad-4991-ac3b-3db3067a4843: FollowerState was interrupted: java.lang.InterruptedException: sleep interrupted
2019-07-14 02:59:44,141 INFO  server.RaftServerConfigKeys (ConfUtils.java:logGet(43)) - raft.server.log.appender.install.snapshot.enabled = false (custom)
2019-07-14 02:59:44,144 INFO  server.RaftServerConfigKeys (ConfUtils.java:logGet(43)) - raft.server.log.appender.snapshot.chunk.size.max = 16MB (=16777216) (default)
2019-07-14 02:59:44,144 INFO  server.RaftServerConfigKeys (ConfUtils.java:logGet(43)) - raft.server.log.appender.buffer.byte-limit = 33554432 (custom)
2019-07-14 02:59:44,144 INFO  server.RaftServerConfigKeys (ConfUtils.java:logGet(43)) - raft.server.log.appender.buffer.element-limit = 1 (custom)
2019-07-14 02:59:44,145 INFO  grpc.GrpcConfigKeys$Server (ConfUtils.java:logGet(43)) - raft.grpc.server.leader.outstanding.appends.max = 128 (default)
2019-07-14 02:59:44,145 INFO  server.RaftServerConfigKeys (ConfUtils.java:logGet(43)) - raft.server.rpc.request.timeout = 3000ms (default)
2019-07-14 02:59:44,145 INFO  server.RaftServerConfigKeys (ConfUtils.java:logGet(43)) - raft.server.log.appender.install.snapshot.enabled = false (custom)
2019-07-14 02:59:44,146 INFO  impl.RoleInfo (RoleInfo.java:updateAndGet(143)) - 8ae50d8f-9cf4-47f9-b3f8-8f630245bc5b: start LeaderState
2019-07-14 02:59:44,147 INFO  segmented.SegmentedRaftLogWorker (SegmentedRaftLogWorker.java:startLogSegment(380)) - 8ae50d8f-9cf4-47f9-b3f8-8f630245bc5b-SegmentedRaftLogWorker:Storage Directory /tmp/workdir/hadoop-ozone/integration-test/target/test-dir/MiniOzoneClusterImpl-aa191f61-e7fe-4cd9-99ae-055af518faa6/datanode-0/data/ratis/c89f0c91-c6b5-4979-b04b-479f7a84264d: Starting segment from index:0
2019-07-14 02:59:44,148 INFO  impl.RaftServerImpl (ServerState.java:setRaftConf(361)) - 8ae50d8f-9cf4-47f9-b3f8-8f630245bc5b:group-479F7A84264D set configuration 0: [76e55045-95ee-4cd8-b4ae-2b92b0d86bc4:192.168.157.236:36982, 8ae50d8f-9cf4-47f9-b3f8-8f630245bc5b:192.168.157.236:43461, f492c16f-2f7a-465f-93ad-e1550f6bae23:192.168.157.236:44960], old=null at 0
2019-07-14 02:59:44,181 INFO  segmented.SegmentedRaftLogWorker (SegmentedRaftLogWorker.java:execute(569)) - 8ae50d8f-9cf4-47f9-b3f8-8f630245bc5b-SegmentedRaftLogWorker:Storage Directory /tmp/workdir/hadoop-ozone/integration-test/target/test-dir/MiniOzoneClusterImpl-aa191f61-e7fe-4cd9-99ae-055af518faa6/datanode-0/data/ratis/c89f0c91-c6b5-4979-b04b-479f7a84264d: created new log segment /tmp/workdir/hadoop-ozone/integration-test/target/test-dir/MiniOzoneClusterImpl-aa191f61-e7fe-4cd9-99ae-055af518faa6/datanode-0/data/ratis/c89f0c91-c6b5-4979-b04b-479f7a84264d/current/log_inprogress_0
2019-07-14 02:59:44,181 INFO  impl.LeaderElection (LeaderElection.java:logAndReturn(56)) - 62eb672d-939f-49f6-a9fd-ed4c4188786c:group-7673ED6FC0CC:LeaderElection10: Election PASSED; received 2 response(s) [62eb672d-939f-49f6-a9fd-ed4c4188786c<-6be3eaff-6f86-4ec8-a3c0-aa1db7a5b454#0:FAIL-t1, 62eb672d-939f-49f6-a9fd-ed4c4188786c<-4ac04301-88ad-4991-ac3b-3db3067a4843#0:OK-t1] and 0 exception(s); 62eb672d-939f-49f6-a9fd-ed4c4188786c:t1, leader=null, voted=62eb672d-939f-49f6-a9fd-ed4c4188786c, raftlog=62eb672d-939f-49f6-a9fd-ed4c4188786c-SegmentedRaftLog:OPENED:c-1,f-1,i0, conf=-1: [6be3eaff-6f86-4ec8-a3c0-aa1db7a5b454:192.168.157.236:37197, 4ac04301-88ad-4991-ac3b-3db3067a4843:192.168.157.236:33944, 62eb672d-939f-49f6-a9fd-ed4c4188786c:192.168.157.236:40102], old=null
2019-07-14 02:59:44,181 INFO  impl.RoleInfo (RoleInfo.java:shutdownLeaderElection(134)) - 62eb672d-939f-49f6-a9fd-ed4c4188786c: shutdown LeaderElection
2019-07-14 02:59:44,181 INFO  impl.RaftServerImpl (RaftServerImpl.java:setRole(171)) - 62eb672d-939f-49f6-a9fd-ed4c4188786c:group-7673ED6FC0CC changes role from CANDIDATE to LEADER at term 1 for changeToLeader
2019-07-14 02:59:44,190 INFO  impl.RaftServerImpl (ServerState.java:setLeader(263)) - 62eb672d-939f-49f6-a9fd-ed4c4188786c:group-7673ED6FC0CC change Leader from null to 62eb672d-939f-49f6-a9fd-ed4c4188786c at term 1 for becomeLeader, leader elected after 5190ms
2019-07-14 02:59:44,190 INFO  server.RaftServerConfigKeys (ConfUtils.java:logGet(43)) - raft.server.staging.catchup.gap = 1000 (default)
2019-07-14 02:59:44,190 INFO  server.RaftServerConfigKeys (ConfUtils.java:logGet(43)) - raft.server.rpc.sleep.time = 25ms (default)
2019-07-14 02:59:44,193 INFO  server.RaftServerConfigKeys (ConfUtils.java:logGet(43)) - raft.server.write.element-limit = 4096 (default)
2019-07-14 02:59:44,201 INFO  server.RaftServerConfigKeys (ConfUtils.java:logGet(43)) - raft.server.watch.timeout = 10s (default)
2019-07-14 02:59:44,203 INFO  server.RaftServerConfigKeys (ConfUtils.java:logGet(43)) - raft.server.watch.timeout.denomination = 1s (default)
2019-07-14 02:59:44,203 INFO  server.RaftServerConfigKeys (ConfUtils.java:logGet(43)) - raft.server.watch.element-limit = 65536 (default)
2019-07-14 02:59:44,203 INFO  impl.LeaderElection (LeaderElection.java:logAndReturn(56)) - 6be3eaff-6f86-4ec8-a3c0-aa1db7a5b454:group-7673ED6FC0CC:LeaderElection11: Election REJECTED; received 2 response(s) [6be3eaff-6f86-4ec8-a3c0-aa1db7a5b454<-4ac04301-88ad-4991-ac3b-3db3067a4843#0:FAIL-t1, 6be3eaff-6f86-4ec8-a3c0-aa1db7a5b454<-62eb672d-939f-49f6-a9fd-ed4c4188786c#0:FAIL-t1] and 0 exception(s); 6be3eaff-6f86-4ec8-a3c0-aa1db7a5b454:t1, leader=null, voted=6be3eaff-6f86-4ec8-a3c0-aa1db7a5b454, raftlog=6be3eaff-6f86-4ec8-a3c0-aa1db7a5b454-SegmentedRaftLog:OPENED:c-1,f-1,i0, conf=-1: [6be3eaff-6f86-4ec8-a3c0-aa1db7a5b454:192.168.157.236:37197, 4ac04301-88ad-4991-ac3b-3db3067a4843:192.168.157.236:33944, 62eb672d-939f-49f6-a9fd-ed4c4188786c:192.168.157.236:40102], old=null
2019-07-14 02:59:44,206 INFO  impl.RaftServerImpl (RaftServerImpl.java:setRole(171)) - 6be3eaff-6f86-4ec8-a3c0-aa1db7a5b454:group-7673ED6FC0CC changes role from CANDIDATE to FOLLOWER at term 1 for DISCOVERED_A_NEW_TERM
2019-07-14 02:59:44,206 INFO  server.RaftServerConfigKeys (ConfUtils.java:logGet(43)) - raft.server.log.appender.snapshot.chunk.size.max = 16MB (=16777216) (default)
2019-07-14 02:59:44,207 INFO  impl.RoleInfo (RoleInfo.java:shutdownLeaderElection(134)) - 6be3eaff-6f86-4ec8-a3c0-aa1db7a5b454: shutdown LeaderElection
2019-07-14 02:59:44,210 INFO  server.RaftServerConfigKeys (ConfUtils.java:logGet(43)) - raft.server.log.appender.buffer.byte-limit = 33554432 (custom)
2019-07-14 02:59:44,211 INFO  impl.RoleInfo (RoleInfo.java:updateAndGet(143)) - 6be3eaff-6f86-4ec8-a3c0-aa1db7a5b454: start FollowerState
2019-07-14 02:59:44,213 INFO  server.RaftServerConfigKeys (ConfUtils.java:logGet(43)) - raft.server.log.appender.buffer.element-limit = 1 (custom)
2019-07-14 02:59:44,215 INFO  grpc.GrpcConfigKeys$Server (ConfUtils.java:logGet(43)) - raft.grpc.server.leader.outstanding.appends.max = 128 (default)
2019-07-14 02:59:44,215 INFO  server.RaftServerConfigKeys (ConfUtils.java:logGet(43)) - raft.server.rpc.request.timeout = 3000ms (default)
2019-07-14 02:59:44,215 INFO  server.RaftServerConfigKeys (ConfUtils.java:logGet(43)) - raft.server.log.appender.install.snapshot.enabled = false (custom)
2019-07-14 02:59:44,215 INFO  server.RaftServerConfigKeys (ConfUtils.java:logGet(43)) - raft.server.log.appender.snapshot.chunk.size.max = 16MB (=16777216) (default)
2019-07-14 02:59:44,216 INFO  server.RaftServerConfigKeys (ConfUtils.java:logGet(43)) - raft.server.log.appender.buffer.byte-limit = 33554432 (custom)
2019-07-14 02:59:44,216 INFO  server.RaftServerConfigKeys (ConfUtils.java:logGet(43)) - raft.server.log.appender.buffer.element-limit = 1 (custom)
2019-07-14 02:59:44,216 INFO  grpc.GrpcConfigKeys$Server (ConfUtils.java:logGet(43)) - raft.grpc.server.leader.outstanding.appends.max = 128 (default)
2019-07-14 02:59:44,216 INFO  server.RaftServerConfigKeys (ConfUtils.java:logGet(43)) - raft.server.rpc.request.timeout = 3000ms (default)
2019-07-14 02:59:44,217 INFO  server.RaftServerConfigKeys (ConfUtils.java:logGet(43)) - raft.server.log.appender.install.snapshot.enabled = false (custom)
2019-07-14 02:59:44,217 INFO  impl.RoleInfo (RoleInfo.java:updateAndGet(143)) - 62eb672d-939f-49f6-a9fd-ed4c4188786c: start LeaderState
2019-07-14 02:59:44,217 INFO  segmented.SegmentedRaftLogWorker (SegmentedRaftLogWorker.java:startLogSegment(380)) - 62eb672d-939f-49f6-a9fd-ed4c4188786c-SegmentedRaftLogWorker:Storage Directory /tmp/workdir/hadoop-ozone/integration-test/target/test-dir/MiniOzoneClusterImpl-aa191f61-e7fe-4cd9-99ae-055af518faa6/datanode-4/data/ratis/81fe083f-4b0f-4be3-b8a0-7673ed6fc0cc: Starting segment from index:0
2019-07-14 02:59:44,218 INFO  impl.RaftServerImpl (ServerState.java:setRaftConf(361)) - 62eb672d-939f-49f6-a9fd-ed4c4188786c:group-7673ED6FC0CC set configuration 0: [6be3eaff-6f86-4ec8-a3c0-aa1db7a5b454:192.168.157.236:37197, 4ac04301-88ad-4991-ac3b-3db3067a4843:192.168.157.236:33944, 62eb672d-939f-49f6-a9fd-ed4c4188786c:192.168.157.236:40102], old=null at 0
2019-07-14 02:59:44,248 INFO  impl.RaftServerImpl (ServerState.java:setLeader(263)) - f492c16f-2f7a-465f-93ad-e1550f6bae23:group-479F7A84264D change Leader from null to 8ae50d8f-9cf4-47f9-b3f8-8f630245bc5b at term 1 for appendEntries, leader elected after 5376ms
2019-07-14 02:59:44,248 INFO  impl.RaftServerImpl (ServerState.java:setLeader(263)) - 6be3eaff-6f86-4ec8-a3c0-aa1db7a5b454:group-7673ED6FC0CC change Leader from null to 62eb672d-939f-49f6-a9fd-ed4c4188786c at term 1 for appendEntries, leader elected after 5248ms
2019-07-14 02:59:44,248 INFO  impl.RaftServerImpl (ServerState.java:setLeader(263)) - 4ac04301-88ad-4991-ac3b-3db3067a4843:group-7673ED6FC0CC change Leader from null to 62eb672d-939f-49f6-a9fd-ed4c4188786c at term 1 for appendEntries, leader elected after 5248ms
2019-07-14 02:59:44,248 INFO  impl.RaftServerImpl (ServerState.java:setLeader(263)) - 76e55045-95ee-4cd8-b4ae-2b92b0d86bc4:group-479F7A84264D change Leader from null to 8ae50d8f-9cf4-47f9-b3f8-8f630245bc5b at term 1 for appendEntries, leader elected after 5376ms
2019-07-14 02:59:44,250 INFO  segmented.SegmentedRaftLogWorker (SegmentedRaftLogWorker.java:execute(569)) - 62eb672d-939f-49f6-a9fd-ed4c4188786c-SegmentedRaftLogWorker:Storage Directory /tmp/workdir/hadoop-ozone/integration-test/target/test-dir/MiniOzoneClusterImpl-aa191f61-e7fe-4cd9-99ae-055af518faa6/datanode-4/data/ratis/81fe083f-4b0f-4be3-b8a0-7673ed6fc0cc: created new log segment /tmp/workdir/hadoop-ozone/integration-test/target/test-dir/MiniOzoneClusterImpl-aa191f61-e7fe-4cd9-99ae-055af518faa6/datanode-4/data/ratis/81fe083f-4b0f-4be3-b8a0-7673ed6fc0cc/current/log_inprogress_0
2019-07-14 02:59:44,267 INFO  client.GrpcClientProtocolClient (GrpcClientProtocolClient.java:onNext(255)) - client-4F3539AB58BE->62eb672d-939f-49f6-a9fd-ed4c4188786c: receive RaftClientReply:client-4F3539AB58BE->62eb672d-939f-49f6-a9fd-ed4c4188786c@group-7673ED6FC0CC, cid=13, FAILED org.apache.ratis.protocol.LeaderNotReadyException: 62eb672d-939f-49f6-a9fd-ed4c4188786c is in LEADER state but not ready yet., logIndex=0, commits[62eb672d-939f-49f6-a9fd-ed4c4188786c:c-1, 6be3eaff-6f86-4ec8-a3c0-aa1db7a5b454:c-1, 4ac04301-88ad-4991-ac3b-3db3067a4843:c-1]
2019-07-14 02:59:44,288 INFO  impl.RaftServerImpl (ServerState.java:setRaftConf(361)) - 6be3eaff-6f86-4ec8-a3c0-aa1db7a5b454:group-7673ED6FC0CC set configuration 0: [6be3eaff-6f86-4ec8-a3c0-aa1db7a5b454:192.168.157.236:37197, 4ac04301-88ad-4991-ac3b-3db3067a4843:192.168.157.236:33944, 62eb672d-939f-49f6-a9fd-ed4c4188786c:192.168.157.236:40102], old=null at 0
2019-07-14 02:59:44,290 INFO  impl.RaftServerImpl (ServerState.java:setRaftConf(361)) - 76e55045-95ee-4cd8-b4ae-2b92b0d86bc4:group-479F7A84264D set configuration 0: [76e55045-95ee-4cd8-b4ae-2b92b0d86bc4:192.168.157.236:36982, 8ae50d8f-9cf4-47f9-b3f8-8f630245bc5b:192.168.157.236:43461, f492c16f-2f7a-465f-93ad-e1550f6bae23:192.168.157.236:44960], old=null at 0
2019-07-14 02:59:44,289 INFO  impl.RaftServerImpl (ServerState.java:setRaftConf(361)) - f492c16f-2f7a-465f-93ad-e1550f6bae23:group-479F7A84264D set configuration 0: [76e55045-95ee-4cd8-b4ae-2b92b0d86bc4:192.168.157.236:36982, 8ae50d8f-9cf4-47f9-b3f8-8f630245bc5b:192.168.157.236:43461, f492c16f-2f7a-465f-93ad-e1550f6bae23:192.168.157.236:44960], old=null at 0
2019-07-14 02:59:44,291 INFO  segmented.SegmentedRaftLogWorker (SegmentedRaftLogWorker.java:startLogSegment(380)) - 76e55045-95ee-4cd8-b4ae-2b92b0d86bc4-SegmentedRaftLogWorker:Storage Directory /tmp/workdir/hadoop-ozone/integration-test/target/test-dir/MiniOzoneClusterImpl-aa191f61-e7fe-4cd9-99ae-055af518faa6/datanode-1/data/ratis/c89f0c91-c6b5-4979-b04b-479f7a84264d: Starting segment from index:0
2019-07-14 02:59:44,291 INFO  segmented.SegmentedRaftLogWorker (SegmentedRaftLogWorker.java:startLogSegment(380)) - 6be3eaff-6f86-4ec8-a3c0-aa1db7a5b454-SegmentedRaftLogWorker:Storage Directory /tmp/workdir/hadoop-ozone/integration-test/target/test-dir/MiniOzoneClusterImpl-aa191f61-e7fe-4cd9-99ae-055af518faa6/datanode-5/data/ratis/81fe083f-4b0f-4be3-b8a0-7673ed6fc0cc: Starting segment from index:0
2019-07-14 02:59:44,290 INFO  impl.RaftServerImpl (ServerState.java:setRaftConf(361)) - 4ac04301-88ad-4991-ac3b-3db3067a4843:group-7673ED6FC0CC set configuration 0: [6be3eaff-6f86-4ec8-a3c0-aa1db7a5b454:192.168.157.236:37197, 4ac04301-88ad-4991-ac3b-3db3067a4843:192.168.157.236:33944, 62eb672d-939f-49f6-a9fd-ed4c4188786c:192.168.157.236:40102], old=null at 0
2019-07-14 02:59:44,291 INFO  segmented.SegmentedRaftLogWorker (SegmentedRaftLogWorker.java:startLogSegment(380)) - f492c16f-2f7a-465f-93ad-e1550f6bae23-SegmentedRaftLogWorker:Storage Directory /tmp/workdir/hadoop-ozone/integration-test/target/test-dir/MiniOzoneClusterImpl-aa191f61-e7fe-4cd9-99ae-055af518faa6/datanode-3/data/ratis/c89f0c91-c6b5-4979-b04b-479f7a84264d: Starting segment from index:0
2019-07-14 02:59:44,292 INFO  segmented.SegmentedRaftLogWorker (SegmentedRaftLogWorker.java:startLogSegment(380)) - 4ac04301-88ad-4991-ac3b-3db3067a4843-SegmentedRaftLogWorker:Storage Directory /tmp/workdir/hadoop-ozone/integration-test/target/test-dir/MiniOzoneClusterImpl-aa191f61-e7fe-4cd9-99ae-055af518faa6/datanode-6/data/ratis/81fe083f-4b0f-4be3-b8a0-7673ed6fc0cc: Starting segment from index:0
2019-07-14 02:59:44,321 INFO  segmented.SegmentedRaftLogWorker (SegmentedRaftLogWorker.java:execute(569)) - 6be3eaff-6f86-4ec8-a3c0-aa1db7a5b454-SegmentedRaftLogWorker:Storage Directory /tmp/workdir/hadoop-ozone/integration-test/target/test-dir/MiniOzoneClusterImpl-aa191f61-e7fe-4cd9-99ae-055af518faa6/datanode-5/data/ratis/81fe083f-4b0f-4be3-b8a0-7673ed6fc0cc: created new log segment /tmp/workdir/hadoop-ozone/integration-test/target/test-dir/MiniOzoneClusterImpl-aa191f61-e7fe-4cd9-99ae-055af518faa6/datanode-5/data/ratis/81fe083f-4b0f-4be3-b8a0-7673ed6fc0cc/current/log_inprogress_0
2019-07-14 02:59:44,321 INFO  segmented.SegmentedRaftLogWorker (SegmentedRaftLogWorker.java:execute(569)) - 76e55045-95ee-4cd8-b4ae-2b92b0d86bc4-SegmentedRaftLogWorker:Storage Directory /tmp/workdir/hadoop-ozone/integration-test/target/test-dir/MiniOzoneClusterImpl-aa191f61-e7fe-4cd9-99ae-055af518faa6/datanode-1/data/ratis/c89f0c91-c6b5-4979-b04b-479f7a84264d: created new log segment /tmp/workdir/hadoop-ozone/integration-test/target/test-dir/MiniOzoneClusterImpl-aa191f61-e7fe-4cd9-99ae-055af518faa6/datanode-1/data/ratis/c89f0c91-c6b5-4979-b04b-479f7a84264d/current/log_inprogress_0
2019-07-14 02:59:44,321 INFO  segmented.SegmentedRaftLogWorker (SegmentedRaftLogWorker.java:execute(569)) - f492c16f-2f7a-465f-93ad-e1550f6bae23-SegmentedRaftLogWorker:Storage Directory /tmp/workdir/hadoop-ozone/integration-test/target/test-dir/MiniOzoneClusterImpl-aa191f61-e7fe-4cd9-99ae-055af518faa6/datanode-3/data/ratis/c89f0c91-c6b5-4979-b04b-479f7a84264d: created new log segment /tmp/workdir/hadoop-ozone/integration-test/target/test-dir/MiniOzoneClusterImpl-aa191f61-e7fe-4cd9-99ae-055af518faa6/datanode-3/data/ratis/c89f0c91-c6b5-4979-b04b-479f7a84264d/current/log_inprogress_0
2019-07-14 02:59:44,321 INFO  segmented.SegmentedRaftLogWorker (SegmentedRaftLogWorker.java:execute(569)) - 4ac04301-88ad-4991-ac3b-3db3067a4843-SegmentedRaftLogWorker:Storage Directory /tmp/workdir/hadoop-ozone/integration-test/target/test-dir/MiniOzoneClusterImpl-aa191f61-e7fe-4cd9-99ae-055af518faa6/datanode-6/data/ratis/81fe083f-4b0f-4be3-b8a0-7673ed6fc0cc: created new log segment /tmp/workdir/hadoop-ozone/integration-test/target/test-dir/MiniOzoneClusterImpl-aa191f61-e7fe-4cd9-99ae-055af518faa6/datanode-6/data/ratis/81fe083f-4b0f-4be3-b8a0-7673ed6fc0cc/current/log_inprogress_0
2019-07-14 02:59:46,514 INFO  container.CloseContainerEventHandler (CloseContainerEventHandler.java:onMessage(61)) - Close container Event triggered for container : #1
2019-07-14 02:59:46,592 INFO  client.GrpcClientProtocolClient (GrpcClientProtocolClient.java:onNext(255)) - client-4F3539AB58BE->62eb672d-939f-49f6-a9fd-ed4c4188786c: receive RaftClientReply:client-4F3539AB58BE->62eb672d-939f-49f6-a9fd-ed4c4188786c@group-7673ED6FC0CC, cid=13, SUCCESS, logIndex=1, commits[62eb672d-939f-49f6-a9fd-ed4c4188786c:c1, 6be3eaff-6f86-4ec8-a3c0-aa1db7a5b454:c0, 4ac04301-88ad-4991-ac3b-3db3067a4843:c0]
2019-07-14 02:59:46,725 INFO  client.GrpcClientProtocolClient (GrpcClientProtocolClient.java:onNext(255)) - client-4F3539AB58BE->62eb672d-939f-49f6-a9fd-ed4c4188786c: receive RaftClientReply:client-4F3539AB58BE->62eb672d-939f-49f6-a9fd-ed4c4188786c@group-7673ED6FC0CC, cid=14, SUCCESS, logIndex=3, commits[62eb672d-939f-49f6-a9fd-ed4c4188786c:c4, 6be3eaff-6f86-4ec8-a3c0-aa1db7a5b454:c3, 4ac04301-88ad-4991-ac3b-3db3067a4843:c3]
2019-07-14 02:59:47,015 INFO  container.CloseContainerEventHandler (CloseContainerEventHandler.java:onMessage(61)) - Close container Event triggered for container : #1
2019-07-14 02:59:47,015 INFO  container.CloseContainerEventHandler (CloseContainerEventHandler.java:onMessage(61)) - Close container Event triggered for container : #1
2019-07-14 02:59:48,515 INFO  interfaces.Container (KeyValueContainer.java:compactDB(356)) - Container 1 is closed with bcsId 3.
2019-07-14 02:59:48,515 INFO  interfaces.Container (KeyValueContainer.java:compactDB(356)) - Container 1 is closed with bcsId 3.
2019-07-14 02:59:48,541 INFO  interfaces.Container (KeyValueContainer.java:compactDB(356)) - Container 1 is closed with bcsId 3.
02:59:48.544 [grpc-default-executor-3] ERROR DNAudit - user=null | ip=null | op=WRITE_CHUNK {blockData=conID: 1 locID: 102437563914584065 bcsId: 3} | ret=FAILURE
org.apache.hadoop.hdds.scm.container.common.helpers.ContainerNotOpenException: Container 1 in CLOSED state
	at org.apache.hadoop.ozone.container.common.impl.HddsDispatcher.validateContainerCommand(HddsDispatcher.java:408) ~[hadoop-hdds-container-service-0.5.0-SNAPSHOT.jar:?]
	at org.apache.hadoop.ozone.container.common.transport.server.ratis.ContainerStateMachine.startTransaction(ContainerStateMachine.java:271) ~[hadoop-hdds-container-service-0.5.0-SNAPSHOT.jar:?]
	at org.apache.ratis.server.impl.RaftServerImpl.submitClientRequestAsync(RaftServerImpl.java:566) ~[ratis-server-0.4.0-2337318-SNAPSHOT.jar:0.4.0-2337318-SNAPSHOT]
	at org.apache.ratis.server.impl.RaftServerProxy.lambda$submitClientRequestAsync$7(RaftServerProxy.java:333) ~[ratis-server-0.4.0-2337318-SNAPSHOT.jar:0.4.0-2337318-SNAPSHOT]
	at org.apache.ratis.server.impl.RaftServerProxy.lambda$null$5(RaftServerProxy.java:328) ~[ratis-server-0.4.0-2337318-SNAPSHOT.jar:0.4.0-2337318-SNAPSHOT]
	at org.apache.ratis.util.JavaUtils.callAsUnchecked(JavaUtils.java:109) ~[ratis-common-0.4.0-2337318-SNAPSHOT.jar:0.4.0-2337318-SNAPSHOT]
	at org.apache.ratis.server.impl.RaftServerProxy.lambda$submitRequest$6(RaftServerProxy.java:328) ~[ratis-server-0.4.0-2337318-SNAPSHOT.jar:0.4.0-2337318-SNAPSHOT]
	at java.util.concurrent.CompletableFuture.uniComposeStage(CompletableFuture.java:981) ~[?:1.8.0_212]
	at java.util.concurrent.CompletableFuture.thenCompose(CompletableFuture.java:2124) ~[?:1.8.0_212]
	at org.apache.ratis.server.impl.RaftServerProxy.submitRequest(RaftServerProxy.java:327) ~[ratis-server-0.4.0-2337318-SNAPSHOT.jar:0.4.0-2337318-SNAPSHOT]
	at org.apache.ratis.server.impl.RaftServerProxy.submitClientRequestAsync(RaftServerProxy.java:333) ~[ratis-server-0.4.0-2337318-SNAPSHOT.jar:0.4.0-2337318-SNAPSHOT]
	at org.apache.ratis.grpc.client.GrpcClientProtocolService$RequestStreamObserver.processClientRequest(GrpcClientProtocolService.java:220) ~[ratis-grpc-0.4.0-2337318-SNAPSHOT.jar:0.4.0-2337318-SNAPSHOT]
	at org.apache.ratis.grpc.client.GrpcClientProtocolService$OrderedRequestStreamObserver.processClientRequest(GrpcClientProtocolService.java:326) ~[ratis-grpc-0.4.0-2337318-SNAPSHOT.jar:0.4.0-2337318-SNAPSHOT]
	at org.apache.ratis.util.SlidingWindow$Server.processRequestsFromHead(SlidingWindow.java:429) [ratis-common-0.4.0-2337318-SNAPSHOT.jar:0.4.0-2337318-SNAPSHOT]
	at org.apache.ratis.util.SlidingWindow$Server.receivedRequest(SlidingWindow.java:421) [ratis-common-0.4.0-2337318-SNAPSHOT.jar:0.4.0-2337318-SNAPSHOT]
	at org.apache.ratis.grpc.client.GrpcClientProtocolService$OrderedRequestStreamObserver.processClientRequest(GrpcClientProtocolService.java:345) [ratis-grpc-0.4.0-2337318-SNAPSHOT.jar:0.4.0-2337318-SNAPSHOT]
	at org.apache.ratis.grpc.client.GrpcClientProtocolService$RequestStreamObserver.onNext(GrpcClientProtocolService.java:240) [ratis-grpc-0.4.0-2337318-SNAPSHOT.jar:0.4.0-2337318-SNAPSHOT]
	at org.apache.ratis.grpc.client.GrpcClientProtocolService$RequestStreamObserver.onNext(GrpcClientProtocolService.java:168) [ratis-grpc-0.4.0-2337318-SNAPSHOT.jar:0.4.0-2337318-SNAPSHOT]
	at org.apache.ratis.thirdparty.io.grpc.stub.ServerCalls$StreamingServerCallHandler$StreamingServerCallListener.onMessage(ServerCalls.java:248) [ratis-thirdparty-misc-0.2.0.jar:0.2.0]
	at org.apache.ratis.thirdparty.io.grpc.internal.ServerCallImpl$ServerStreamListenerImpl.messagesAvailable(ServerCallImpl.java:263) [ratis-thirdparty-misc-0.2.0.jar:0.2.0]
	at org.apache.ratis.thirdparty.io.grpc.internal.ServerImpl$JumpToApplicationThreadServerStreamListener$1MessagesAvailable.runInContext(ServerImpl.java:686) [ratis-thirdparty-misc-0.2.0.jar:0.2.0]
	at org.apache.ratis.thirdparty.io.grpc.internal.ContextRunnable.run(ContextRunnable.java:37) [ratis-thirdparty-misc-0.2.0.jar:0.2.0]
	at org.apache.ratis.thirdparty.io.grpc.internal.SerializingExecutor.run(SerializingExecutor.java:123) [ratis-thirdparty-misc-0.2.0.jar:0.2.0]
	at java.util.concurrent.ThreadPoolExecutor.runWorker(ThreadPoolExecutor.java:1149) [?:1.8.0_212]
	at java.util.concurrent.ThreadPoolExecutor$Worker.run(ThreadPoolExecutor.java:624) [?:1.8.0_212]
	at java.lang.Thread.run(Thread.java:748) [?:1.8.0_212]
02:59:48.591 [grpc-default-executor-3] ERROR DNAudit - user=null | ip=null | op=PUT_BLOCK {blockData=[blockId=conID: 1 locID: 102437563914584065 bcsId: 0,size=2097152]} | ret=FAILURE
org.apache.hadoop.hdds.scm.container.common.helpers.ContainerNotOpenException: Container 1 in CLOSED state
	at org.apache.hadoop.ozone.container.common.impl.HddsDispatcher.validateContainerCommand(HddsDispatcher.java:408) ~[hadoop-hdds-container-service-0.5.0-SNAPSHOT.jar:?]
	at org.apache.hadoop.ozone.container.common.transport.server.ratis.ContainerStateMachine.startTransaction(ContainerStateMachine.java:271) ~[hadoop-hdds-container-service-0.5.0-SNAPSHOT.jar:?]
	at org.apache.ratis.server.impl.RaftServerImpl.submitClientRequestAsync(RaftServerImpl.java:566) ~[ratis-server-0.4.0-2337318-SNAPSHOT.jar:0.4.0-2337318-SNAPSHOT]
	at org.apache.ratis.server.impl.RaftServerProxy.lambda$submitClientRequestAsync$7(RaftServerProxy.java:333) ~[ratis-server-0.4.0-2337318-SNAPSHOT.jar:0.4.0-2337318-SNAPSHOT]
	at org.apache.ratis.server.impl.RaftServerProxy.lambda$null$5(RaftServerProxy.java:328) ~[ratis-server-0.4.0-2337318-SNAPSHOT.jar:0.4.0-2337318-SNAPSHOT]
	at org.apache.ratis.util.JavaUtils.callAsUnchecked(JavaUtils.java:109) ~[ratis-common-0.4.0-2337318-SNAPSHOT.jar:0.4.0-2337318-SNAPSHOT]
	at org.apache.ratis.server.impl.RaftServerProxy.lambda$submitRequest$6(RaftServerProxy.java:328) ~[ratis-server-0.4.0-2337318-SNAPSHOT.jar:0.4.0-2337318-SNAPSHOT]
	at java.util.concurrent.CompletableFuture.uniComposeStage(CompletableFuture.java:981) ~[?:1.8.0_212]
	at java.util.concurrent.CompletableFuture.thenCompose(CompletableFuture.java:2124) ~[?:1.8.0_212]
	at org.apache.ratis.server.impl.RaftServerProxy.submitRequest(RaftServerProxy.java:327) ~[ratis-server-0.4.0-2337318-SNAPSHOT.jar:0.4.0-2337318-SNAPSHOT]
	at org.apache.ratis.server.impl.RaftServerProxy.submitClientRequestAsync(RaftServerProxy.java:333) ~[ratis-server-0.4.0-2337318-SNAPSHOT.jar:0.4.0-2337318-SNAPSHOT]
	at org.apache.ratis.grpc.client.GrpcClientProtocolService$RequestStreamObserver.processClientRequest(GrpcClientProtocolService.java:220) ~[ratis-grpc-0.4.0-2337318-SNAPSHOT.jar:0.4.0-2337318-SNAPSHOT]
	at org.apache.ratis.grpc.client.GrpcClientProtocolService$OrderedRequestStreamObserver.processClientRequest(GrpcClientProtocolService.java:326) ~[ratis-grpc-0.4.0-2337318-SNAPSHOT.jar:0.4.0-2337318-SNAPSHOT]
	at org.apache.ratis.util.SlidingWindow$Server.processRequestsFromHead(SlidingWindow.java:429) [ratis-common-0.4.0-2337318-SNAPSHOT.jar:0.4.0-2337318-SNAPSHOT]
	at org.apache.ratis.util.SlidingWindow$Server.receivedRequest(SlidingWindow.java:421) [ratis-common-0.4.0-2337318-SNAPSHOT.jar:0.4.0-2337318-SNAPSHOT]
	at org.apache.ratis.grpc.client.GrpcClientProtocolService$OrderedRequestStreamObserver.processClientRequest(GrpcClientProtocolService.java:345) [ratis-grpc-0.4.0-2337318-SNAPSHOT.jar:0.4.0-2337318-SNAPSHOT]
	at org.apache.ratis.grpc.client.GrpcClientProtocolService$RequestStreamObserver.onNext(GrpcClientProtocolService.java:240) [ratis-grpc-0.4.0-2337318-SNAPSHOT.jar:0.4.0-2337318-SNAPSHOT]
	at org.apache.ratis.grpc.client.GrpcClientProtocolService$RequestStreamObserver.onNext(GrpcClientProtocolService.java:168) [ratis-grpc-0.4.0-2337318-SNAPSHOT.jar:0.4.0-2337318-SNAPSHOT]
	at org.apache.ratis.thirdparty.io.grpc.stub.ServerCalls$StreamingServerCallHandler$StreamingServerCallListener.onMessage(ServerCalls.java:248) [ratis-thirdparty-misc-0.2.0.jar:0.2.0]
	at org.apache.ratis.thirdparty.io.grpc.internal.ServerCallImpl$ServerStreamListenerImpl.messagesAvailable(ServerCallImpl.java:263) [ratis-thirdparty-misc-0.2.0.jar:0.2.0]
	at org.apache.ratis.thirdparty.io.grpc.internal.ServerImpl$JumpToApplicationThreadServerStreamListener$1MessagesAvailable.runInContext(ServerImpl.java:686) [ratis-thirdparty-misc-0.2.0.jar:0.2.0]
	at org.apache.ratis.thirdparty.io.grpc.internal.ContextRunnable.run(ContextRunnable.java:37) [ratis-thirdparty-misc-0.2.0.jar:0.2.0]
	at org.apache.ratis.thirdparty.io.grpc.internal.SerializingExecutor.run(SerializingExecutor.java:123) [ratis-thirdparty-misc-0.2.0.jar:0.2.0]
	at java.util.concurrent.ThreadPoolExecutor.runWorker(ThreadPoolExecutor.java:1149) [?:1.8.0_212]
	at java.util.concurrent.ThreadPoolExecutor$Worker.run(ThreadPoolExecutor.java:624) [?:1.8.0_212]
	at java.lang.Thread.run(Thread.java:748) [?:1.8.0_212]
2019-07-14 02:59:48,603 INFO  client.GrpcClientProtocolClient (GrpcClientProtocolClient.java:onNext(255)) - client-4F3539AB58BE->62eb672d-939f-49f6-a9fd-ed4c4188786c: receive RaftClientReply:client-4F3539AB58BE->62eb672d-939f-49f6-a9fd-ed4c4188786c@group-7673ED6FC0CC, cid=15, FAILED org.apache.ratis.protocol.StateMachineException: org.apache.hadoop.hdds.scm.container.common.helpers.ContainerNotOpenException from Server 62eb672d-939f-49f6-a9fd-ed4c4188786c: Container 1 in CLOSED state, logIndex=0, commits[62eb672d-939f-49f6-a9fd-ed4c4188786c:c6, 6be3eaff-6f86-4ec8-a3c0-aa1db7a5b454:c5, 4ac04301-88ad-4991-ac3b-3db3067a4843:c5]
2019-07-14 02:59:48,606 INFO  client.GrpcClientProtocolClient (GrpcClientProtocolClient.java:onNext(255)) - client-4F3539AB58BE->62eb672d-939f-49f6-a9fd-ed4c4188786c: receive RaftClientReply:client-4F3539AB58BE->62eb672d-939f-49f6-a9fd-ed4c4188786c@group-7673ED6FC0CC, cid=16, FAILED org.apache.ratis.protocol.StateMachineException: org.apache.hadoop.hdds.scm.container.common.helpers.ContainerNotOpenException from Server 62eb672d-939f-49f6-a9fd-ed4c4188786c: Container 1 in CLOSED state, logIndex=0, commits[62eb672d-939f-49f6-a9fd-ed4c4188786c:c6, 6be3eaff-6f86-4ec8-a3c0-aa1db7a5b454:c5, 4ac04301-88ad-4991-ac3b-3db3067a4843:c5]
2019-07-14 02:59:48,828 INFO  client.GrpcClientProtocolClient (GrpcClientProtocolClient.java:onNext(255)) - client-697322564F05->8ae50d8f-9cf4-47f9-b3f8-8f630245bc5b: receive RaftClientReply:client-697322564F05->8ae50d8f-9cf4-47f9-b3f8-8f630245bc5b@group-479F7A84264D, cid=17, SUCCESS, logIndex=1, commits[8ae50d8f-9cf4-47f9-b3f8-8f630245bc5b:c1, 76e55045-95ee-4cd8-b4ae-2b92b0d86bc4:c0, f492c16f-2f7a-465f-93ad-e1550f6bae23:c0]
2019-07-14 02:59:48,926 INFO  client.GrpcClientProtocolClient (GrpcClientProtocolClient.java:onNext(255)) - client-697322564F05->8ae50d8f-9cf4-47f9-b3f8-8f630245bc5b: receive RaftClientReply:client-697322564F05->8ae50d8f-9cf4-47f9-b3f8-8f630245bc5b@group-479F7A84264D, cid=18, SUCCESS, logIndex=3, commits[8ae50d8f-9cf4-47f9-b3f8-8f630245bc5b:c8, 76e55045-95ee-4cd8-b4ae-2b92b0d86bc4:c6, f492c16f-2f7a-465f-93ad-e1550f6bae23:c6]
2019-07-14 02:59:48,927 INFO  client.GrpcClientProtocolClient (GrpcClientProtocolClient.java:onNext(255)) - client-697322564F05->8ae50d8f-9cf4-47f9-b3f8-8f630245bc5b: receive RaftClientReply:client-697322564F05->8ae50d8f-9cf4-47f9-b3f8-8f630245bc5b@group-479F7A84264D, cid=19, SUCCESS, logIndex=4, commits[8ae50d8f-9cf4-47f9-b3f8-8f630245bc5b:c8, 76e55045-95ee-4cd8-b4ae-2b92b0d86bc4:c6, f492c16f-2f7a-465f-93ad-e1550f6bae23:c6]
2019-07-14 02:59:49,001 INFO  client.GrpcClientProtocolClient (GrpcClientProtocolClient.java:onNext(255)) - client-697322564F05->8ae50d8f-9cf4-47f9-b3f8-8f630245bc5b: receive RaftClientReply:client-697322564F05->8ae50d8f-9cf4-47f9-b3f8-8f630245bc5b@group-479F7A84264D, cid=20, SUCCESS, logIndex=5, commits[8ae50d8f-9cf4-47f9-b3f8-8f630245bc5b:c8, 76e55045-95ee-4cd8-b4ae-2b92b0d86bc4:c6, f492c16f-2f7a-465f-93ad-e1550f6bae23:c6]
2019-07-14 02:59:49,090 INFO  pipeline.Pipeline (Pipeline.java:getProtobufMessage(195)) - Serialize pipeline PipelineID=c89f0c91-c6b5-4979-b04b-479f7a84264d with nodesInOrder{ }
]]></system-out>
    <system-err><![CDATA[ERROR StatusLogger No Log4j 2 configuration file found. Using default configuration (logging only errors to the console), or user programmatically provided configurations. Set system property 'log4j2.debug' to show Log4j 2 internal initialization logging. See https://logging.apache.org/log4j/2.x/manual/configuration.html for instructions on how to configure Log4j 2
Jul 14, 2019 2:59:32 AM com.sun.jersey.server.impl.application.WebApplicationImpl _initiate
INFO: Initiating Jersey application, version 'Jersey: 1.19 02/11/2015 03:25 AM'
Jul 14, 2019 2:59:33 AM com.sun.jersey.server.impl.application.WebApplicationImpl _initiate
INFO: Initiating Jersey application, version 'Jersey: 1.19 02/11/2015 03:25 AM'
Jul 14, 2019 2:59:33 AM com.sun.jersey.server.impl.application.WebApplicationImpl _initiate
INFO: Initiating Jersey application, version 'Jersey: 1.19 02/11/2015 03:25 AM'
Jul 14, 2019 2:59:33 AM com.sun.jersey.server.impl.application.WebApplicationImpl _initiate
INFO: Initiating Jersey application, version 'Jersey: 1.19 02/11/2015 03:25 AM'
Jul 14, 2019 2:59:33 AM com.sun.jersey.server.impl.application.WebApplicationImpl _initiate
INFO: Initiating Jersey application, version 'Jersey: 1.19 02/11/2015 03:25 AM'
Jul 14, 2019 2:59:33 AM com.sun.jersey.server.impl.application.WebApplicationImpl _initiate
INFO: Initiating Jersey application, version 'Jersey: 1.19 02/11/2015 03:25 AM'
Jul 14, 2019 2:59:34 AM com.sun.jersey.server.impl.application.WebApplicationImpl _initiate
INFO: Initiating Jersey application, version 'Jersey: 1.19 02/11/2015 03:25 AM'
]]></system-err>
  </testcase>
  <testcase name="testBlockWritesWithFlushAndClose" classname="org.apache.hadoop.ozone.client.rpc.TestCloseContainerHandlingByClient" time="2">
    <error type="java.lang.IllegalArgumentException">java.lang.IllegalArgumentException
	at com.google.common.base.Preconditions.checkArgument(Preconditions.java:72)
	at org.apache.hadoop.hdds.scm.XceiverClientManager.acquireClient(XceiverClientManager.java:150)
	at org.apache.hadoop.hdds.scm.XceiverClientManager.acquireClientForReadData(XceiverClientManager.java:143)
	at org.apache.hadoop.hdds.scm.storage.BlockInputStream.getChunkInfos(BlockInputStream.java:154)
	at org.apache.hadoop.hdds.scm.storage.BlockInputStream.initialize(BlockInputStream.java:118)
	at org.apache.hadoop.hdds.scm.storage.BlockInputStream.read(BlockInputStream.java:222)
	at org.apache.hadoop.ozone.client.io.KeyInputStream.read(KeyInputStream.java:171)
	at org.apache.hadoop.ozone.client.io.OzoneInputStream.read(OzoneInputStream.java:47)
	at java.io.InputStream.read(InputStream.java:101)
	at org.apache.hadoop.ozone.container.ContainerTestHelper.validateData(ContainerTestHelper.java:709)
	at org.apache.hadoop.ozone.client.rpc.TestCloseContainerHandlingByClient.validateData(TestCloseContainerHandlingByClient.java:401)
	at org.apache.hadoop.ozone.client.rpc.TestCloseContainerHandlingByClient.testBlockWritesWithFlushAndClose(TestCloseContainerHandlingByClient.java:150)
	at sun.reflect.NativeMethodAccessorImpl.invoke0(Native Method)
	at sun.reflect.NativeMethodAccessorImpl.invoke(NativeMethodAccessorImpl.java:62)
	at sun.reflect.DelegatingMethodAccessorImpl.invoke(DelegatingMethodAccessorImpl.java:43)
	at java.lang.reflect.Method.invoke(Method.java:498)
	at org.junit.runners.model.FrameworkMethod$1.runReflectiveCall(FrameworkMethod.java:47)
	at org.junit.internal.runners.model.ReflectiveCallable.run(ReflectiveCallable.java:12)
	at org.junit.runners.model.FrameworkMethod.invokeExplosively(FrameworkMethod.java:44)
	at org.junit.internal.runners.statements.InvokeMethod.evaluate(InvokeMethod.java:17)
	at org.junit.runners.ParentRunner.runLeaf(ParentRunner.java:271)
	at org.junit.runners.BlockJUnit4ClassRunner.runChild(BlockJUnit4ClassRunner.java:70)
	at org.junit.runners.BlockJUnit4ClassRunner.runChild(BlockJUnit4ClassRunner.java:50)
	at org.junit.runners.ParentRunner$3.run(ParentRunner.java:238)
	at org.junit.runners.ParentRunner$1.schedule(ParentRunner.java:63)
	at org.junit.runners.ParentRunner.runChildren(ParentRunner.java:236)
	at org.junit.runners.ParentRunner.access$000(ParentRunner.java:53)
	at org.junit.runners.ParentRunner$2.evaluate(ParentRunner.java:229)
	at org.junit.internal.runners.statements.RunBefores.evaluate(RunBefores.java:26)
	at org.junit.internal.runners.statements.RunAfters.evaluate(RunAfters.java:27)
	at org.junit.runners.ParentRunner.run(ParentRunner.java:309)
	at org.apache.maven.surefire.junit4.JUnit4Provider.execute(JUnit4Provider.java:365)
	at org.apache.maven.surefire.junit4.JUnit4Provider.executeWithRerun(JUnit4Provider.java:273)
	at org.apache.maven.surefire.junit4.JUnit4Provider.executeTestSet(JUnit4Provider.java:238)
	at org.apache.maven.surefire.junit4.JUnit4Provider.invoke(JUnit4Provider.java:159)
	at org.apache.maven.surefire.booter.ForkedBooter.invokeProviderInSameClassLoader(ForkedBooter.java:384)
	at org.apache.maven.surefire.booter.ForkedBooter.runSuitesInProcess(ForkedBooter.java:345)
	at org.apache.maven.surefire.booter.ForkedBooter.execute(ForkedBooter.java:126)
	at org.apache.maven.surefire.booter.ForkedBooter.main(ForkedBooter.java:418)
</error>
    <system-out><![CDATA[2019-07-14 02:59:49,304 INFO  client.GrpcClientProtocolClient (GrpcClientProtocolClient.java:onNext(255)) - client-4F3539AB58BE->62eb672d-939f-49f6-a9fd-ed4c4188786c: receive RaftClientReply:client-4F3539AB58BE->62eb672d-939f-49f6-a9fd-ed4c4188786c@group-7673ED6FC0CC, cid=21, SUCCESS, logIndex=7, commits[62eb672d-939f-49f6-a9fd-ed4c4188786c:c8, 6be3eaff-6f86-4ec8-a3c0-aa1db7a5b454:c6, 4ac04301-88ad-4991-ac3b-3db3067a4843:c6]
2019-07-14 02:59:49,347 INFO  client.GrpcClientProtocolClient (GrpcClientProtocolClient.java:onNext(255)) - client-4F3539AB58BE->62eb672d-939f-49f6-a9fd-ed4c4188786c: receive RaftClientReply:client-4F3539AB58BE->62eb672d-939f-49f6-a9fd-ed4c4188786c@group-7673ED6FC0CC, cid=22, SUCCESS, logIndex=8, commits[62eb672d-939f-49f6-a9fd-ed4c4188786c:c10, 6be3eaff-6f86-4ec8-a3c0-aa1db7a5b454:c8, 4ac04301-88ad-4991-ac3b-3db3067a4843:c8]
2019-07-14 02:59:49,658 INFO  container.CloseContainerEventHandler (CloseContainerEventHandler.java:onMessage(61)) - Close container Event triggered for container : #3
2019-07-14 02:59:49,659 INFO  container.CloseContainerEventHandler (CloseContainerEventHandler.java:onMessage(61)) - Close container Event triggered for container : #3
2019-07-14 02:59:49,659 INFO  container.CloseContainerEventHandler (CloseContainerEventHandler.java:onMessage(61)) - Close container Event triggered for container : #3
2019-07-14 02:59:50,587 INFO  interfaces.Container (KeyValueContainer.java:compactDB(356)) - Container 3 is closed with bcsId 8.
2019-07-14 02:59:50,626 INFO  interfaces.Container (KeyValueContainer.java:compactDB(356)) - Container 3 is closed with bcsId 8.
2019-07-14 02:59:50,626 INFO  interfaces.Container (KeyValueContainer.java:compactDB(356)) - Container 3 is closed with bcsId 8.
02:59:50.668 [grpc-default-executor-2] ERROR DNAudit - user=null | ip=null | op=WRITE_CHUNK {blockData=conID: 3 locID: 102437564524199940 bcsId: 8} | ret=FAILURE
org.apache.hadoop.hdds.scm.container.common.helpers.ContainerNotOpenException: Container 3 in CLOSED state
	at org.apache.hadoop.ozone.container.common.impl.HddsDispatcher.validateContainerCommand(HddsDispatcher.java:408) ~[hadoop-hdds-container-service-0.5.0-SNAPSHOT.jar:?]
	at org.apache.hadoop.ozone.container.common.transport.server.ratis.ContainerStateMachine.startTransaction(ContainerStateMachine.java:271) ~[hadoop-hdds-container-service-0.5.0-SNAPSHOT.jar:?]
	at org.apache.ratis.server.impl.RaftServerImpl.submitClientRequestAsync(RaftServerImpl.java:566) ~[ratis-server-0.4.0-2337318-SNAPSHOT.jar:0.4.0-2337318-SNAPSHOT]
	at org.apache.ratis.server.impl.RaftServerProxy.lambda$submitClientRequestAsync$7(RaftServerProxy.java:333) ~[ratis-server-0.4.0-2337318-SNAPSHOT.jar:0.4.0-2337318-SNAPSHOT]
	at org.apache.ratis.server.impl.RaftServerProxy.lambda$null$5(RaftServerProxy.java:328) ~[ratis-server-0.4.0-2337318-SNAPSHOT.jar:0.4.0-2337318-SNAPSHOT]
	at org.apache.ratis.util.JavaUtils.callAsUnchecked(JavaUtils.java:109) ~[ratis-common-0.4.0-2337318-SNAPSHOT.jar:0.4.0-2337318-SNAPSHOT]
	at org.apache.ratis.server.impl.RaftServerProxy.lambda$submitRequest$6(RaftServerProxy.java:328) ~[ratis-server-0.4.0-2337318-SNAPSHOT.jar:0.4.0-2337318-SNAPSHOT]
	at java.util.concurrent.CompletableFuture.uniComposeStage(CompletableFuture.java:981) ~[?:1.8.0_212]
	at java.util.concurrent.CompletableFuture.thenCompose(CompletableFuture.java:2124) ~[?:1.8.0_212]
	at org.apache.ratis.server.impl.RaftServerProxy.submitRequest(RaftServerProxy.java:327) ~[ratis-server-0.4.0-2337318-SNAPSHOT.jar:0.4.0-2337318-SNAPSHOT]
	at org.apache.ratis.server.impl.RaftServerProxy.submitClientRequestAsync(RaftServerProxy.java:333) ~[ratis-server-0.4.0-2337318-SNAPSHOT.jar:0.4.0-2337318-SNAPSHOT]
	at org.apache.ratis.grpc.client.GrpcClientProtocolService$RequestStreamObserver.processClientRequest(GrpcClientProtocolService.java:220) ~[ratis-grpc-0.4.0-2337318-SNAPSHOT.jar:0.4.0-2337318-SNAPSHOT]
	at org.apache.ratis.grpc.client.GrpcClientProtocolService$OrderedRequestStreamObserver.processClientRequest(GrpcClientProtocolService.java:326) ~[ratis-grpc-0.4.0-2337318-SNAPSHOT.jar:0.4.0-2337318-SNAPSHOT]
	at org.apache.ratis.util.SlidingWindow$Server.processRequestsFromHead(SlidingWindow.java:429) [ratis-common-0.4.0-2337318-SNAPSHOT.jar:0.4.0-2337318-SNAPSHOT]
	at org.apache.ratis.util.SlidingWindow$Server.receivedRequest(SlidingWindow.java:421) [ratis-common-0.4.0-2337318-SNAPSHOT.jar:0.4.0-2337318-SNAPSHOT]
	at org.apache.ratis.grpc.client.GrpcClientProtocolService$OrderedRequestStreamObserver.processClientRequest(GrpcClientProtocolService.java:345) [ratis-grpc-0.4.0-2337318-SNAPSHOT.jar:0.4.0-2337318-SNAPSHOT]
	at org.apache.ratis.grpc.client.GrpcClientProtocolService$RequestStreamObserver.onNext(GrpcClientProtocolService.java:240) [ratis-grpc-0.4.0-2337318-SNAPSHOT.jar:0.4.0-2337318-SNAPSHOT]
	at org.apache.ratis.grpc.client.GrpcClientProtocolService$RequestStreamObserver.onNext(GrpcClientProtocolService.java:168) [ratis-grpc-0.4.0-2337318-SNAPSHOT.jar:0.4.0-2337318-SNAPSHOT]
	at org.apache.ratis.thirdparty.io.grpc.stub.ServerCalls$StreamingServerCallHandler$StreamingServerCallListener.onMessage(ServerCalls.java:248) [ratis-thirdparty-misc-0.2.0.jar:0.2.0]
	at org.apache.ratis.thirdparty.io.grpc.internal.ServerCallImpl$ServerStreamListenerImpl.messagesAvailable(ServerCallImpl.java:263) [ratis-thirdparty-misc-0.2.0.jar:0.2.0]
	at org.apache.ratis.thirdparty.io.grpc.internal.ServerImpl$JumpToApplicationThreadServerStreamListener$1MessagesAvailable.runInContext(ServerImpl.java:686) [ratis-thirdparty-misc-0.2.0.jar:0.2.0]
	at org.apache.ratis.thirdparty.io.grpc.internal.ContextRunnable.run(ContextRunnable.java:37) [ratis-thirdparty-misc-0.2.0.jar:0.2.0]
	at org.apache.ratis.thirdparty.io.grpc.internal.SerializingExecutor.run(SerializingExecutor.java:123) [ratis-thirdparty-misc-0.2.0.jar:0.2.0]
	at java.util.concurrent.ThreadPoolExecutor.runWorker(ThreadPoolExecutor.java:1149) [?:1.8.0_212]
	at java.util.concurrent.ThreadPoolExecutor$Worker.run(ThreadPoolExecutor.java:624) [?:1.8.0_212]
	at java.lang.Thread.run(Thread.java:748) [?:1.8.0_212]
02:59:50.679 [grpc-default-executor-2] ERROR DNAudit - user=null | ip=null | op=PUT_BLOCK {blockData=[blockId=conID: 3 locID: 102437564524199940 bcsId: 0,size=2097152]} | ret=FAILURE
org.apache.hadoop.hdds.scm.container.common.helpers.ContainerNotOpenException: Container 3 in CLOSED state
	at org.apache.hadoop.ozone.container.common.impl.HddsDispatcher.validateContainerCommand(HddsDispatcher.java:408) ~[hadoop-hdds-container-service-0.5.0-SNAPSHOT.jar:?]
	at org.apache.hadoop.ozone.container.common.transport.server.ratis.ContainerStateMachine.startTransaction(ContainerStateMachine.java:271) ~[hadoop-hdds-container-service-0.5.0-SNAPSHOT.jar:?]
	at org.apache.ratis.server.impl.RaftServerImpl.submitClientRequestAsync(RaftServerImpl.java:566) ~[ratis-server-0.4.0-2337318-SNAPSHOT.jar:0.4.0-2337318-SNAPSHOT]
	at org.apache.ratis.server.impl.RaftServerProxy.lambda$submitClientRequestAsync$7(RaftServerProxy.java:333) ~[ratis-server-0.4.0-2337318-SNAPSHOT.jar:0.4.0-2337318-SNAPSHOT]
	at org.apache.ratis.server.impl.RaftServerProxy.lambda$null$5(RaftServerProxy.java:328) ~[ratis-server-0.4.0-2337318-SNAPSHOT.jar:0.4.0-2337318-SNAPSHOT]
	at org.apache.ratis.util.JavaUtils.callAsUnchecked(JavaUtils.java:109) ~[ratis-common-0.4.0-2337318-SNAPSHOT.jar:0.4.0-2337318-SNAPSHOT]
	at org.apache.ratis.server.impl.RaftServerProxy.lambda$submitRequest$6(RaftServerProxy.java:328) ~[ratis-server-0.4.0-2337318-SNAPSHOT.jar:0.4.0-2337318-SNAPSHOT]
	at java.util.concurrent.CompletableFuture.uniComposeStage(CompletableFuture.java:981) ~[?:1.8.0_212]
	at java.util.concurrent.CompletableFuture.thenCompose(CompletableFuture.java:2124) ~[?:1.8.0_212]
	at org.apache.ratis.server.impl.RaftServerProxy.submitRequest(RaftServerProxy.java:327) ~[ratis-server-0.4.0-2337318-SNAPSHOT.jar:0.4.0-2337318-SNAPSHOT]
	at org.apache.ratis.server.impl.RaftServerProxy.submitClientRequestAsync(RaftServerProxy.java:333) ~[ratis-server-0.4.0-2337318-SNAPSHOT.jar:0.4.0-2337318-SNAPSHOT]
	at org.apache.ratis.grpc.client.GrpcClientProtocolService$RequestStreamObserver.processClientRequest(GrpcClientProtocolService.java:220) ~[ratis-grpc-0.4.0-2337318-SNAPSHOT.jar:0.4.0-2337318-SNAPSHOT]
	at org.apache.ratis.grpc.client.GrpcClientProtocolService$OrderedRequestStreamObserver.processClientRequest(GrpcClientProtocolService.java:326) ~[ratis-grpc-0.4.0-2337318-SNAPSHOT.jar:0.4.0-2337318-SNAPSHOT]
	at org.apache.ratis.util.SlidingWindow$Server.processRequestsFromHead(SlidingWindow.java:429) [ratis-common-0.4.0-2337318-SNAPSHOT.jar:0.4.0-2337318-SNAPSHOT]
	at org.apache.ratis.util.SlidingWindow$Server.receivedRequest(SlidingWindow.java:421) [ratis-common-0.4.0-2337318-SNAPSHOT.jar:0.4.0-2337318-SNAPSHOT]
	at org.apache.ratis.grpc.client.GrpcClientProtocolService$OrderedRequestStreamObserver.processClientRequest(GrpcClientProtocolService.java:345) [ratis-grpc-0.4.0-2337318-SNAPSHOT.jar:0.4.0-2337318-SNAPSHOT]
	at org.apache.ratis.grpc.client.GrpcClientProtocolService$RequestStreamObserver.onNext(GrpcClientProtocolService.java:240) [ratis-grpc-0.4.0-2337318-SNAPSHOT.jar:0.4.0-2337318-SNAPSHOT]
	at org.apache.ratis.grpc.client.GrpcClientProtocolService$RequestStreamObserver.onNext(GrpcClientProtocolService.java:168) [ratis-grpc-0.4.0-2337318-SNAPSHOT.jar:0.4.0-2337318-SNAPSHOT]
	at org.apache.ratis.thirdparty.io.grpc.stub.ServerCalls$StreamingServerCallHandler$StreamingServerCallListener.onMessage(ServerCalls.java:248) [ratis-thirdparty-misc-0.2.0.jar:0.2.0]
	at org.apache.ratis.thirdparty.io.grpc.internal.ServerCallImpl$ServerStreamListenerImpl.messagesAvailable(ServerCallImpl.java:263) [ratis-thirdparty-misc-0.2.0.jar:0.2.0]
	at org.apache.ratis.thirdparty.io.grpc.internal.ServerImpl$JumpToApplicationThreadServerStreamListener$1MessagesAvailable.runInContext(ServerImpl.java:686) [ratis-thirdparty-misc-0.2.0.jar:0.2.0]
	at org.apache.ratis.thirdparty.io.grpc.internal.ContextRunnable.run(ContextRunnable.java:37) [ratis-thirdparty-misc-0.2.0.jar:0.2.0]
	at org.apache.ratis.thirdparty.io.grpc.internal.SerializingExecutor.run(SerializingExecutor.java:123) [ratis-thirdparty-misc-0.2.0.jar:0.2.0]
	at java.util.concurrent.ThreadPoolExecutor.runWorker(ThreadPoolExecutor.java:1149) [?:1.8.0_212]
	at java.util.concurrent.ThreadPoolExecutor$Worker.run(ThreadPoolExecutor.java:624) [?:1.8.0_212]
	at java.lang.Thread.run(Thread.java:748) [?:1.8.0_212]
2019-07-14 02:59:50,680 INFO  client.GrpcClientProtocolClient (GrpcClientProtocolClient.java:onNext(255)) - client-4F3539AB58BE->62eb672d-939f-49f6-a9fd-ed4c4188786c: receive RaftClientReply:client-4F3539AB58BE->62eb672d-939f-49f6-a9fd-ed4c4188786c@group-7673ED6FC0CC, cid=23, FAILED org.apache.ratis.protocol.StateMachineException: org.apache.hadoop.hdds.scm.container.common.helpers.ContainerNotOpenException from Server 62eb672d-939f-49f6-a9fd-ed4c4188786c: Container 3 in CLOSED state, logIndex=0, commits[62eb672d-939f-49f6-a9fd-ed4c4188786c:c12, 6be3eaff-6f86-4ec8-a3c0-aa1db7a5b454:c11, 4ac04301-88ad-4991-ac3b-3db3067a4843:c11]
2019-07-14 02:59:50,689 INFO  client.GrpcClientProtocolClient (GrpcClientProtocolClient.java:onNext(255)) - client-4F3539AB58BE->62eb672d-939f-49f6-a9fd-ed4c4188786c: receive RaftClientReply:client-4F3539AB58BE->62eb672d-939f-49f6-a9fd-ed4c4188786c@group-7673ED6FC0CC, cid=24, FAILED org.apache.ratis.protocol.StateMachineException: org.apache.hadoop.hdds.scm.container.common.helpers.ContainerNotOpenException from Server 62eb672d-939f-49f6-a9fd-ed4c4188786c: Container 3 in CLOSED state, logIndex=0, commits[62eb672d-939f-49f6-a9fd-ed4c4188786c:c12, 6be3eaff-6f86-4ec8-a3c0-aa1db7a5b454:c11, 4ac04301-88ad-4991-ac3b-3db3067a4843:c11]
2019-07-14 02:59:50,884 INFO  client.GrpcClientProtocolClient (GrpcClientProtocolClient.java:onNext(255)) - client-697322564F05->8ae50d8f-9cf4-47f9-b3f8-8f630245bc5b: receive RaftClientReply:client-697322564F05->8ae50d8f-9cf4-47f9-b3f8-8f630245bc5b@group-479F7A84264D, cid=25, SUCCESS, logIndex=9, commits[8ae50d8f-9cf4-47f9-b3f8-8f630245bc5b:c12, 76e55045-95ee-4cd8-b4ae-2b92b0d86bc4:c8, f492c16f-2f7a-465f-93ad-e1550f6bae23:c8]
2019-07-14 02:59:50,943 INFO  client.GrpcClientProtocolClient (GrpcClientProtocolClient.java:onNext(255)) - client-697322564F05->8ae50d8f-9cf4-47f9-b3f8-8f630245bc5b: receive RaftClientReply:client-697322564F05->8ae50d8f-9cf4-47f9-b3f8-8f630245bc5b@group-479F7A84264D, cid=26, SUCCESS, logIndex=10, commits[8ae50d8f-9cf4-47f9-b3f8-8f630245bc5b:c13, 76e55045-95ee-4cd8-b4ae-2b92b0d86bc4:c12, f492c16f-2f7a-465f-93ad-e1550f6bae23:c12]
2019-07-14 02:59:50,946 INFO  client.GrpcClientProtocolClient (GrpcClientProtocolClient.java:onNext(255)) - client-697322564F05->8ae50d8f-9cf4-47f9-b3f8-8f630245bc5b: receive RaftClientReply:client-697322564F05->8ae50d8f-9cf4-47f9-b3f8-8f630245bc5b@group-479F7A84264D, cid=27, SUCCESS, logIndex=11, commits[8ae50d8f-9cf4-47f9-b3f8-8f630245bc5b:c13, 76e55045-95ee-4cd8-b4ae-2b92b0d86bc4:c12, f492c16f-2f7a-465f-93ad-e1550f6bae23:c12]
2019-07-14 02:59:51,050 INFO  client.GrpcClientProtocolClient (GrpcClientProtocolClient.java:onNext(255)) - client-697322564F05->8ae50d8f-9cf4-47f9-b3f8-8f630245bc5b: receive RaftClientReply:client-697322564F05->8ae50d8f-9cf4-47f9-b3f8-8f630245bc5b@group-479F7A84264D, cid=28, SUCCESS, logIndex=12, commits[8ae50d8f-9cf4-47f9-b3f8-8f630245bc5b:c13, 76e55045-95ee-4cd8-b4ae-2b92b0d86bc4:c12, f492c16f-2f7a-465f-93ad-e1550f6bae23:c12]
2019-07-14 02:59:51,100 INFO  pipeline.Pipeline (Pipeline.java:getProtobufMessage(195)) - Serialize pipeline PipelineID=c89f0c91-c6b5-4979-b04b-479f7a84264d with nodesInOrder{ }
]]></system-out>
  </testcase>
  <testcase name="testBlockWritesCloseConsistency" classname="org.apache.hadoop.ozone.client.rpc.TestCloseContainerHandlingByClient" time="2.336">
    <error type="java.lang.IllegalArgumentException">java.lang.IllegalArgumentException
	at com.google.common.base.Preconditions.checkArgument(Preconditions.java:72)
	at org.apache.hadoop.hdds.scm.XceiverClientManager.acquireClient(XceiverClientManager.java:150)
	at org.apache.hadoop.hdds.scm.XceiverClientManager.acquireClientForReadData(XceiverClientManager.java:143)
	at org.apache.hadoop.hdds.scm.storage.BlockInputStream.getChunkInfos(BlockInputStream.java:154)
	at org.apache.hadoop.hdds.scm.storage.BlockInputStream.initialize(BlockInputStream.java:118)
	at org.apache.hadoop.hdds.scm.storage.BlockInputStream.read(BlockInputStream.java:222)
	at org.apache.hadoop.ozone.client.io.KeyInputStream.read(KeyInputStream.java:171)
	at org.apache.hadoop.ozone.client.io.OzoneInputStream.read(OzoneInputStream.java:47)
	at java.io.InputStream.read(InputStream.java:101)
	at org.apache.hadoop.ozone.container.ContainerTestHelper.validateData(ContainerTestHelper.java:709)
	at org.apache.hadoop.ozone.client.rpc.TestCloseContainerHandlingByClient.validateData(TestCloseContainerHandlingByClient.java:401)
	at org.apache.hadoop.ozone.client.rpc.TestCloseContainerHandlingByClient.testBlockWritesCloseConsistency(TestCloseContainerHandlingByClient.java:178)
	at sun.reflect.NativeMethodAccessorImpl.invoke0(Native Method)
	at sun.reflect.NativeMethodAccessorImpl.invoke(NativeMethodAccessorImpl.java:62)
	at sun.reflect.DelegatingMethodAccessorImpl.invoke(DelegatingMethodAccessorImpl.java:43)
	at java.lang.reflect.Method.invoke(Method.java:498)
	at org.junit.runners.model.FrameworkMethod$1.runReflectiveCall(FrameworkMethod.java:47)
	at org.junit.internal.runners.model.ReflectiveCallable.run(ReflectiveCallable.java:12)
	at org.junit.runners.model.FrameworkMethod.invokeExplosively(FrameworkMethod.java:44)
	at org.junit.internal.runners.statements.InvokeMethod.evaluate(InvokeMethod.java:17)
	at org.junit.runners.ParentRunner.runLeaf(ParentRunner.java:271)
	at org.junit.runners.BlockJUnit4ClassRunner.runChild(BlockJUnit4ClassRunner.java:70)
	at org.junit.runners.BlockJUnit4ClassRunner.runChild(BlockJUnit4ClassRunner.java:50)
	at org.junit.runners.ParentRunner$3.run(ParentRunner.java:238)
	at org.junit.runners.ParentRunner$1.schedule(ParentRunner.java:63)
	at org.junit.runners.ParentRunner.runChildren(ParentRunner.java:236)
	at org.junit.runners.ParentRunner.access$000(ParentRunner.java:53)
	at org.junit.runners.ParentRunner$2.evaluate(ParentRunner.java:229)
	at org.junit.internal.runners.statements.RunBefores.evaluate(RunBefores.java:26)
	at org.junit.internal.runners.statements.RunAfters.evaluate(RunAfters.java:27)
	at org.junit.runners.ParentRunner.run(ParentRunner.java:309)
	at org.apache.maven.surefire.junit4.JUnit4Provider.execute(JUnit4Provider.java:365)
	at org.apache.maven.surefire.junit4.JUnit4Provider.executeWithRerun(JUnit4Provider.java:273)
	at org.apache.maven.surefire.junit4.JUnit4Provider.executeTestSet(JUnit4Provider.java:238)
	at org.apache.maven.surefire.junit4.JUnit4Provider.invoke(JUnit4Provider.java:159)
	at org.apache.maven.surefire.booter.ForkedBooter.invokeProviderInSameClassLoader(ForkedBooter.java:384)
	at org.apache.maven.surefire.booter.ForkedBooter.runSuitesInProcess(ForkedBooter.java:345)
	at org.apache.maven.surefire.booter.ForkedBooter.execute(ForkedBooter.java:126)
	at org.apache.maven.surefire.booter.ForkedBooter.main(ForkedBooter.java:418)
</error>
    <system-out><![CDATA[2019-07-14 02:59:51,305 INFO  client.GrpcClientProtocolClient (GrpcClientProtocolClient.java:onNext(255)) - client-697322564F05->8ae50d8f-9cf4-47f9-b3f8-8f630245bc5b: receive RaftClientReply:client-697322564F05->8ae50d8f-9cf4-47f9-b3f8-8f630245bc5b@group-479F7A84264D, cid=29, SUCCESS, logIndex=14, commits[8ae50d8f-9cf4-47f9-b3f8-8f630245bc5b:c15, 76e55045-95ee-4cd8-b4ae-2b92b0d86bc4:c13, f492c16f-2f7a-465f-93ad-e1550f6bae23:c13]
2019-07-14 02:59:51,386 INFO  client.GrpcClientProtocolClient (GrpcClientProtocolClient.java:onNext(255)) - client-697322564F05->8ae50d8f-9cf4-47f9-b3f8-8f630245bc5b: receive RaftClientReply:client-697322564F05->8ae50d8f-9cf4-47f9-b3f8-8f630245bc5b@group-479F7A84264D, cid=30, SUCCESS, logIndex=15, commits[8ae50d8f-9cf4-47f9-b3f8-8f630245bc5b:c17, 76e55045-95ee-4cd8-b4ae-2b92b0d86bc4:c15, f492c16f-2f7a-465f-93ad-e1550f6bae23:c15]
2019-07-14 02:59:51,665 INFO  container.CloseContainerEventHandler (CloseContainerEventHandler.java:onMessage(61)) - Close container Event triggered for container : #5
2019-07-14 02:59:51,666 INFO  container.CloseContainerEventHandler (CloseContainerEventHandler.java:onMessage(61)) - Close container Event triggered for container : #5
2019-07-14 02:59:51,666 INFO  container.CloseContainerEventHandler (CloseContainerEventHandler.java:onMessage(61)) - Close container Event triggered for container : #5
2019-07-14 02:59:52,854 INFO  interfaces.Container (KeyValueContainer.java:compactDB(356)) - Container 5 is closed with bcsId 15.
2019-07-14 02:59:52,879 INFO  interfaces.Container (KeyValueContainer.java:compactDB(356)) - Container 5 is closed with bcsId 15.
2019-07-14 02:59:52,893 INFO  interfaces.Container (KeyValueContainer.java:compactDB(356)) - Container 5 is closed with bcsId 15.
02:59:53.172 [grpc-default-executor-4] ERROR DNAudit - user=null | ip=null | op=WRITE_CHUNK {blockData=conID: 5 locID: 102437564655730695 bcsId: 15} | ret=FAILURE
org.apache.hadoop.hdds.scm.container.common.helpers.ContainerNotOpenException: Container 5 in CLOSED state
	at org.apache.hadoop.ozone.container.common.impl.HddsDispatcher.validateContainerCommand(HddsDispatcher.java:408) ~[hadoop-hdds-container-service-0.5.0-SNAPSHOT.jar:?]
	at org.apache.hadoop.ozone.container.common.transport.server.ratis.ContainerStateMachine.startTransaction(ContainerStateMachine.java:271) ~[hadoop-hdds-container-service-0.5.0-SNAPSHOT.jar:?]
	at org.apache.ratis.server.impl.RaftServerImpl.submitClientRequestAsync(RaftServerImpl.java:566) ~[ratis-server-0.4.0-2337318-SNAPSHOT.jar:0.4.0-2337318-SNAPSHOT]
	at org.apache.ratis.server.impl.RaftServerProxy.lambda$submitClientRequestAsync$7(RaftServerProxy.java:333) ~[ratis-server-0.4.0-2337318-SNAPSHOT.jar:0.4.0-2337318-SNAPSHOT]
	at org.apache.ratis.server.impl.RaftServerProxy.lambda$null$5(RaftServerProxy.java:328) ~[ratis-server-0.4.0-2337318-SNAPSHOT.jar:0.4.0-2337318-SNAPSHOT]
	at org.apache.ratis.util.JavaUtils.callAsUnchecked(JavaUtils.java:109) ~[ratis-common-0.4.0-2337318-SNAPSHOT.jar:0.4.0-2337318-SNAPSHOT]
	at org.apache.ratis.server.impl.RaftServerProxy.lambda$submitRequest$6(RaftServerProxy.java:328) ~[ratis-server-0.4.0-2337318-SNAPSHOT.jar:0.4.0-2337318-SNAPSHOT]
	at java.util.concurrent.CompletableFuture.uniComposeStage(CompletableFuture.java:981) ~[?:1.8.0_212]
	at java.util.concurrent.CompletableFuture.thenCompose(CompletableFuture.java:2124) ~[?:1.8.0_212]
	at org.apache.ratis.server.impl.RaftServerProxy.submitRequest(RaftServerProxy.java:327) ~[ratis-server-0.4.0-2337318-SNAPSHOT.jar:0.4.0-2337318-SNAPSHOT]
	at org.apache.ratis.server.impl.RaftServerProxy.submitClientRequestAsync(RaftServerProxy.java:333) ~[ratis-server-0.4.0-2337318-SNAPSHOT.jar:0.4.0-2337318-SNAPSHOT]
	at org.apache.ratis.grpc.client.GrpcClientProtocolService$RequestStreamObserver.processClientRequest(GrpcClientProtocolService.java:220) ~[ratis-grpc-0.4.0-2337318-SNAPSHOT.jar:0.4.0-2337318-SNAPSHOT]
	at org.apache.ratis.grpc.client.GrpcClientProtocolService$OrderedRequestStreamObserver.processClientRequest(GrpcClientProtocolService.java:326) ~[ratis-grpc-0.4.0-2337318-SNAPSHOT.jar:0.4.0-2337318-SNAPSHOT]
	at org.apache.ratis.util.SlidingWindow$Server.processRequestsFromHead(SlidingWindow.java:429) [ratis-common-0.4.0-2337318-SNAPSHOT.jar:0.4.0-2337318-SNAPSHOT]
	at org.apache.ratis.util.SlidingWindow$Server.receivedRequest(SlidingWindow.java:421) [ratis-common-0.4.0-2337318-SNAPSHOT.jar:0.4.0-2337318-SNAPSHOT]
	at org.apache.ratis.grpc.client.GrpcClientProtocolService$OrderedRequestStreamObserver.processClientRequest(GrpcClientProtocolService.java:345) [ratis-grpc-0.4.0-2337318-SNAPSHOT.jar:0.4.0-2337318-SNAPSHOT]
	at org.apache.ratis.grpc.client.GrpcClientProtocolService$RequestStreamObserver.onNext(GrpcClientProtocolService.java:240) [ratis-grpc-0.4.0-2337318-SNAPSHOT.jar:0.4.0-2337318-SNAPSHOT]
	at org.apache.ratis.grpc.client.GrpcClientProtocolService$RequestStreamObserver.onNext(GrpcClientProtocolService.java:168) [ratis-grpc-0.4.0-2337318-SNAPSHOT.jar:0.4.0-2337318-SNAPSHOT]
	at org.apache.ratis.thirdparty.io.grpc.stub.ServerCalls$StreamingServerCallHandler$StreamingServerCallListener.onMessage(ServerCalls.java:248) [ratis-thirdparty-misc-0.2.0.jar:0.2.0]
	at org.apache.ratis.thirdparty.io.grpc.internal.ServerCallImpl$ServerStreamListenerImpl.messagesAvailable(ServerCallImpl.java:263) [ratis-thirdparty-misc-0.2.0.jar:0.2.0]
	at org.apache.ratis.thirdparty.io.grpc.internal.ServerImpl$JumpToApplicationThreadServerStreamListener$1MessagesAvailable.runInContext(ServerImpl.java:686) [ratis-thirdparty-misc-0.2.0.jar:0.2.0]
	at org.apache.ratis.thirdparty.io.grpc.internal.ContextRunnable.run(ContextRunnable.java:37) [ratis-thirdparty-misc-0.2.0.jar:0.2.0]
	at org.apache.ratis.thirdparty.io.grpc.internal.SerializingExecutor.run(SerializingExecutor.java:123) [ratis-thirdparty-misc-0.2.0.jar:0.2.0]
	at java.util.concurrent.ThreadPoolExecutor.runWorker(ThreadPoolExecutor.java:1149) [?:1.8.0_212]
	at java.util.concurrent.ThreadPoolExecutor$Worker.run(ThreadPoolExecutor.java:624) [?:1.8.0_212]
	at java.lang.Thread.run(Thread.java:748) [?:1.8.0_212]
02:59:53.182 [grpc-default-executor-4] ERROR DNAudit - user=null | ip=null | op=PUT_BLOCK {blockData=[blockId=conID: 5 locID: 102437564655730695 bcsId: 0,size=1572864]} | ret=FAILURE
org.apache.hadoop.hdds.scm.container.common.helpers.ContainerNotOpenException: Container 5 in CLOSED state
	at org.apache.hadoop.ozone.container.common.impl.HddsDispatcher.validateContainerCommand(HddsDispatcher.java:408) ~[hadoop-hdds-container-service-0.5.0-SNAPSHOT.jar:?]
	at org.apache.hadoop.ozone.container.common.transport.server.ratis.ContainerStateMachine.startTransaction(ContainerStateMachine.java:271) ~[hadoop-hdds-container-service-0.5.0-SNAPSHOT.jar:?]
	at org.apache.ratis.server.impl.RaftServerImpl.submitClientRequestAsync(RaftServerImpl.java:566) ~[ratis-server-0.4.0-2337318-SNAPSHOT.jar:0.4.0-2337318-SNAPSHOT]
	at org.apache.ratis.server.impl.RaftServerProxy.lambda$submitClientRequestAsync$7(RaftServerProxy.java:333) ~[ratis-server-0.4.0-2337318-SNAPSHOT.jar:0.4.0-2337318-SNAPSHOT]
	at org.apache.ratis.server.impl.RaftServerProxy.lambda$null$5(RaftServerProxy.java:328) ~[ratis-server-0.4.0-2337318-SNAPSHOT.jar:0.4.0-2337318-SNAPSHOT]
	at org.apache.ratis.util.JavaUtils.callAsUnchecked(JavaUtils.java:109) ~[ratis-common-0.4.0-2337318-SNAPSHOT.jar:0.4.0-2337318-SNAPSHOT]
	at org.apache.ratis.server.impl.RaftServerProxy.lambda$submitRequest$6(RaftServerProxy.java:328) ~[ratis-server-0.4.0-2337318-SNAPSHOT.jar:0.4.0-2337318-SNAPSHOT]
	at java.util.concurrent.CompletableFuture.uniComposeStage(CompletableFuture.java:981) ~[?:1.8.0_212]
	at java.util.concurrent.CompletableFuture.thenCompose(CompletableFuture.java:2124) ~[?:1.8.0_212]
	at org.apache.ratis.server.impl.RaftServerProxy.submitRequest(RaftServerProxy.java:327) ~[ratis-server-0.4.0-2337318-SNAPSHOT.jar:0.4.0-2337318-SNAPSHOT]
	at org.apache.ratis.server.impl.RaftServerProxy.submitClientRequestAsync(RaftServerProxy.java:333) ~[ratis-server-0.4.0-2337318-SNAPSHOT.jar:0.4.0-2337318-SNAPSHOT]
	at org.apache.ratis.grpc.client.GrpcClientProtocolService$RequestStreamObserver.processClientRequest(GrpcClientProtocolService.java:220) ~[ratis-grpc-0.4.0-2337318-SNAPSHOT.jar:0.4.0-2337318-SNAPSHOT]
	at org.apache.ratis.grpc.client.GrpcClientProtocolService$OrderedRequestStreamObserver.processClientRequest(GrpcClientProtocolService.java:326) ~[ratis-grpc-0.4.0-2337318-SNAPSHOT.jar:0.4.0-2337318-SNAPSHOT]
	at org.apache.ratis.util.SlidingWindow$Server.processRequestsFromHead(SlidingWindow.java:429) [ratis-common-0.4.0-2337318-SNAPSHOT.jar:0.4.0-2337318-SNAPSHOT]
	at org.apache.ratis.util.SlidingWindow$Server.receivedRequest(SlidingWindow.java:421) [ratis-common-0.4.0-2337318-SNAPSHOT.jar:0.4.0-2337318-SNAPSHOT]
	at org.apache.ratis.grpc.client.GrpcClientProtocolService$OrderedRequestStreamObserver.processClientRequest(GrpcClientProtocolService.java:345) [ratis-grpc-0.4.0-2337318-SNAPSHOT.jar:0.4.0-2337318-SNAPSHOT]
	at org.apache.ratis.grpc.client.GrpcClientProtocolService$RequestStreamObserver.onNext(GrpcClientProtocolService.java:240) [ratis-grpc-0.4.0-2337318-SNAPSHOT.jar:0.4.0-2337318-SNAPSHOT]
	at org.apache.ratis.grpc.client.GrpcClientProtocolService$RequestStreamObserver.onNext(GrpcClientProtocolService.java:168) [ratis-grpc-0.4.0-2337318-SNAPSHOT.jar:0.4.0-2337318-SNAPSHOT]
	at org.apache.ratis.thirdparty.io.grpc.stub.ServerCalls$StreamingServerCallHandler$StreamingServerCallListener.onMessage(ServerCalls.java:248) [ratis-thirdparty-misc-0.2.0.jar:0.2.0]
	at org.apache.ratis.thirdparty.io.grpc.internal.ServerCallImpl$ServerStreamListenerImpl.messagesAvailable(ServerCallImpl.java:263) [ratis-thirdparty-misc-0.2.0.jar:0.2.0]
	at org.apache.ratis.thirdparty.io.grpc.internal.ServerImpl$JumpToApplicationThreadServerStreamListener$1MessagesAvailable.runInContext(ServerImpl.java:686) [ratis-thirdparty-misc-0.2.0.jar:0.2.0]
	at org.apache.ratis.thirdparty.io.grpc.internal.ContextRunnable.run(ContextRunnable.java:37) [ratis-thirdparty-misc-0.2.0.jar:0.2.0]
	at org.apache.ratis.thirdparty.io.grpc.internal.SerializingExecutor.run(SerializingExecutor.java:123) [ratis-thirdparty-misc-0.2.0.jar:0.2.0]
	at java.util.concurrent.ThreadPoolExecutor.runWorker(ThreadPoolExecutor.java:1149) [?:1.8.0_212]
	at java.util.concurrent.ThreadPoolExecutor$Worker.run(ThreadPoolExecutor.java:624) [?:1.8.0_212]
	at java.lang.Thread.run(Thread.java:748) [?:1.8.0_212]
2019-07-14 02:59:53,188 INFO  client.GrpcClientProtocolClient (GrpcClientProtocolClient.java:onNext(255)) - client-697322564F05->8ae50d8f-9cf4-47f9-b3f8-8f630245bc5b: receive RaftClientReply:client-697322564F05->8ae50d8f-9cf4-47f9-b3f8-8f630245bc5b@group-479F7A84264D, cid=31, FAILED org.apache.ratis.protocol.StateMachineException: org.apache.hadoop.hdds.scm.container.common.helpers.ContainerNotOpenException from Server 8ae50d8f-9cf4-47f9-b3f8-8f630245bc5b: Container 5 in CLOSED state, logIndex=0, commits[8ae50d8f-9cf4-47f9-b3f8-8f630245bc5b:c19, 76e55045-95ee-4cd8-b4ae-2b92b0d86bc4:c18, f492c16f-2f7a-465f-93ad-e1550f6bae23:c18]
2019-07-14 02:59:53,192 INFO  client.GrpcClientProtocolClient (GrpcClientProtocolClient.java:onNext(255)) - client-697322564F05->8ae50d8f-9cf4-47f9-b3f8-8f630245bc5b: receive RaftClientReply:client-697322564F05->8ae50d8f-9cf4-47f9-b3f8-8f630245bc5b@group-479F7A84264D, cid=32, FAILED org.apache.ratis.protocol.StateMachineException: org.apache.hadoop.hdds.scm.container.common.helpers.ContainerNotOpenException from Server 8ae50d8f-9cf4-47f9-b3f8-8f630245bc5b: Container 5 in CLOSED state, logIndex=0, commits[8ae50d8f-9cf4-47f9-b3f8-8f630245bc5b:c19, 76e55045-95ee-4cd8-b4ae-2b92b0d86bc4:c18, f492c16f-2f7a-465f-93ad-e1550f6bae23:c18]
2019-07-14 02:59:53,342 INFO  client.GrpcClientProtocolClient (GrpcClientProtocolClient.java:onNext(255)) - client-4F3539AB58BE->62eb672d-939f-49f6-a9fd-ed4c4188786c: receive RaftClientReply:client-4F3539AB58BE->62eb672d-939f-49f6-a9fd-ed4c4188786c@group-7673ED6FC0CC, cid=33, SUCCESS, logIndex=13, commits[62eb672d-939f-49f6-a9fd-ed4c4188786c:c14, 6be3eaff-6f86-4ec8-a3c0-aa1db7a5b454:c12, 4ac04301-88ad-4991-ac3b-3db3067a4843:c12]
2019-07-14 02:59:53,414 INFO  client.GrpcClientProtocolClient (GrpcClientProtocolClient.java:onNext(255)) - client-4F3539AB58BE->62eb672d-939f-49f6-a9fd-ed4c4188786c: receive RaftClientReply:client-4F3539AB58BE->62eb672d-939f-49f6-a9fd-ed4c4188786c@group-7673ED6FC0CC, cid=34, SUCCESS, logIndex=14, commits[62eb672d-939f-49f6-a9fd-ed4c4188786c:c16, 6be3eaff-6f86-4ec8-a3c0-aa1db7a5b454:c14, 4ac04301-88ad-4991-ac3b-3db3067a4843:c14]
2019-07-14 02:59:53,444 INFO  pipeline.Pipeline (Pipeline.java:getProtobufMessage(195)) - Serialize pipeline PipelineID=81fe083f-4b0f-4be3-b8a0-7673ed6fc0cc with nodesInOrder{ }
2019-07-14 02:59:53,447 INFO  pipeline.Pipeline (Pipeline.java:build(342)) - Deserialize nodesInOrder [4ac04301-88ad-4991-ac3b-3db3067a4843{ip: 192.168.157.236, host: trunk-nightly-k88cw-3644625431, networkLocation: /default-rack, certSerialId: null}, 4ac04301-88ad-4991-ac3b-3db3067a4843{ip: 192.168.157.236, host: trunk-nightly-k88cw-3644625431, networkLocation: /default-rack, certSerialId: null}, 4ac04301-88ad-4991-ac3b-3db3067a4843{ip: 192.168.157.236, host: trunk-nightly-k88cw-3644625431, networkLocation: /default-rack, certSerialId: null}] in pipeline PipelineID=81fe083f-4b0f-4be3-b8a0-7673ed6fc0cc
]]></system-out>
  </testcase>
  <testcase name="testMultiBlockWrites" classname="org.apache.hadoop.ozone.client.rpc.TestCloseContainerHandlingByClient" time="4.067"/>
  <testcase name="testBlockWrites" classname="org.apache.hadoop.ozone.client.rpc.TestCloseContainerHandlingByClient" time="2.015">
    <error type="java.lang.IllegalArgumentException">java.lang.IllegalArgumentException
	at com.google.common.base.Preconditions.checkArgument(Preconditions.java:72)
	at org.apache.hadoop.hdds.scm.XceiverClientManager.acquireClient(XceiverClientManager.java:150)
	at org.apache.hadoop.hdds.scm.XceiverClientManager.acquireClientForReadData(XceiverClientManager.java:143)
	at org.apache.hadoop.hdds.scm.storage.BlockInputStream.getChunkInfos(BlockInputStream.java:154)
	at org.apache.hadoop.hdds.scm.storage.BlockInputStream.initialize(BlockInputStream.java:118)
	at org.apache.hadoop.hdds.scm.storage.BlockInputStream.read(BlockInputStream.java:222)
	at org.apache.hadoop.ozone.client.io.KeyInputStream.read(KeyInputStream.java:171)
	at org.apache.hadoop.ozone.client.io.OzoneInputStream.read(OzoneInputStream.java:47)
	at java.io.InputStream.read(InputStream.java:101)
	at org.apache.hadoop.ozone.container.ContainerTestHelper.validateData(ContainerTestHelper.java:709)
	at org.apache.hadoop.ozone.client.rpc.TestCloseContainerHandlingByClient.validateData(TestCloseContainerHandlingByClient.java:401)
	at org.apache.hadoop.ozone.client.rpc.TestCloseContainerHandlingByClient.testBlockWrites(TestCloseContainerHandlingByClient.java:471)
	at sun.reflect.NativeMethodAccessorImpl.invoke0(Native Method)
	at sun.reflect.NativeMethodAccessorImpl.invoke(NativeMethodAccessorImpl.java:62)
	at sun.reflect.DelegatingMethodAccessorImpl.invoke(DelegatingMethodAccessorImpl.java:43)
	at java.lang.reflect.Method.invoke(Method.java:498)
	at org.junit.runners.model.FrameworkMethod$1.runReflectiveCall(FrameworkMethod.java:47)
	at org.junit.internal.runners.model.ReflectiveCallable.run(ReflectiveCallable.java:12)
	at org.junit.runners.model.FrameworkMethod.invokeExplosively(FrameworkMethod.java:44)
	at org.junit.internal.runners.statements.InvokeMethod.evaluate(InvokeMethod.java:17)
	at org.junit.runners.ParentRunner.runLeaf(ParentRunner.java:271)
	at org.junit.runners.BlockJUnit4ClassRunner.runChild(BlockJUnit4ClassRunner.java:70)
	at org.junit.runners.BlockJUnit4ClassRunner.runChild(BlockJUnit4ClassRunner.java:50)
	at org.junit.runners.ParentRunner$3.run(ParentRunner.java:238)
	at org.junit.runners.ParentRunner$1.schedule(ParentRunner.java:63)
	at org.junit.runners.ParentRunner.runChildren(ParentRunner.java:236)
	at org.junit.runners.ParentRunner.access$000(ParentRunner.java:53)
	at org.junit.runners.ParentRunner$2.evaluate(ParentRunner.java:229)
	at org.junit.internal.runners.statements.RunBefores.evaluate(RunBefores.java:26)
	at org.junit.internal.runners.statements.RunAfters.evaluate(RunAfters.java:27)
	at org.junit.runners.ParentRunner.run(ParentRunner.java:309)
	at org.apache.maven.surefire.junit4.JUnit4Provider.execute(JUnit4Provider.java:365)
	at org.apache.maven.surefire.junit4.JUnit4Provider.executeWithRerun(JUnit4Provider.java:273)
	at org.apache.maven.surefire.junit4.JUnit4Provider.executeTestSet(JUnit4Provider.java:238)
	at org.apache.maven.surefire.junit4.JUnit4Provider.invoke(JUnit4Provider.java:159)
	at org.apache.maven.surefire.booter.ForkedBooter.invokeProviderInSameClassLoader(ForkedBooter.java:384)
	at org.apache.maven.surefire.booter.ForkedBooter.runSuitesInProcess(ForkedBooter.java:345)
	at org.apache.maven.surefire.booter.ForkedBooter.execute(ForkedBooter.java:126)
	at org.apache.maven.surefire.booter.ForkedBooter.main(ForkedBooter.java:418)
</error>
    <system-out><![CDATA[2019-07-14 02:59:57,715 INFO  client.GrpcClientProtocolClient (GrpcClientProtocolClient.java:onNext(255)) - client-697322564F05->8ae50d8f-9cf4-47f9-b3f8-8f630245bc5b: receive RaftClientReply:client-697322564F05->8ae50d8f-9cf4-47f9-b3f8-8f630245bc5b@group-479F7A84264D, cid=74, SUCCESS, logIndex=37, commits[8ae50d8f-9cf4-47f9-b3f8-8f630245bc5b:c40, 76e55045-95ee-4cd8-b4ae-2b92b0d86bc4:c36, f492c16f-2f7a-465f-93ad-e1550f6bae23:c36]
2019-07-14 02:59:57,778 INFO  client.GrpcClientProtocolClient (GrpcClientProtocolClient.java:onNext(255)) - client-697322564F05->8ae50d8f-9cf4-47f9-b3f8-8f630245bc5b: receive RaftClientReply:client-697322564F05->8ae50d8f-9cf4-47f9-b3f8-8f630245bc5b@group-479F7A84264D, cid=75, SUCCESS, logIndex=38, commits[8ae50d8f-9cf4-47f9-b3f8-8f630245bc5b:c42, 76e55045-95ee-4cd8-b4ae-2b92b0d86bc4:c40, f492c16f-2f7a-465f-93ad-e1550f6bae23:c40]
2019-07-14 02:59:57,779 INFO  client.GrpcClientProtocolClient (GrpcClientProtocolClient.java:onNext(255)) - client-697322564F05->8ae50d8f-9cf4-47f9-b3f8-8f630245bc5b: receive RaftClientReply:client-697322564F05->8ae50d8f-9cf4-47f9-b3f8-8f630245bc5b@group-479F7A84264D, cid=76, SUCCESS, logIndex=39, commits[8ae50d8f-9cf4-47f9-b3f8-8f630245bc5b:c42, 76e55045-95ee-4cd8-b4ae-2b92b0d86bc4:c40, f492c16f-2f7a-465f-93ad-e1550f6bae23:c40]
2019-07-14 02:59:57,885 INFO  client.GrpcClientProtocolClient (GrpcClientProtocolClient.java:onNext(255)) - client-697322564F05->8ae50d8f-9cf4-47f9-b3f8-8f630245bc5b: receive RaftClientReply:client-697322564F05->8ae50d8f-9cf4-47f9-b3f8-8f630245bc5b@group-479F7A84264D, cid=77, SUCCESS, logIndex=40, commits[8ae50d8f-9cf4-47f9-b3f8-8f630245bc5b:c42, 76e55045-95ee-4cd8-b4ae-2b92b0d86bc4:c40, f492c16f-2f7a-465f-93ad-e1550f6bae23:c40]
2019-07-14 02:59:57,886 INFO  container.CloseContainerEventHandler (CloseContainerEventHandler.java:onMessage(61)) - Close container Event triggered for container : #11
2019-07-14 02:59:57,887 INFO  container.CloseContainerEventHandler (CloseContainerEventHandler.java:onMessage(61)) - Close container Event triggered for container : #11
2019-07-14 02:59:57,887 INFO  container.CloseContainerEventHandler (CloseContainerEventHandler.java:onMessage(61)) - Close container Event triggered for container : #11
2019-07-14 02:59:58,904 INFO  interfaces.Container (KeyValueContainer.java:compactDB(356)) - Container 11 is closed with bcsId 40.
2019-07-14 02:59:58,922 INFO  interfaces.Container (KeyValueContainer.java:compactDB(356)) - Container 11 is closed with bcsId 40.
2019-07-14 02:59:58,924 INFO  interfaces.Container (KeyValueContainer.java:compactDB(356)) - Container 11 is closed with bcsId 40.
02:59:58.942 [grpc-default-executor-4] ERROR DNAudit - user=null | ip=null | op=WRITE_CHUNK {blockData=conID: 11 locID: 102437565074767887 bcsId: 40} | ret=FAILURE
org.apache.hadoop.hdds.scm.container.common.helpers.ContainerNotOpenException: Container 11 in CLOSED state
	at org.apache.hadoop.ozone.container.common.impl.HddsDispatcher.validateContainerCommand(HddsDispatcher.java:408) ~[hadoop-hdds-container-service-0.5.0-SNAPSHOT.jar:?]
	at org.apache.hadoop.ozone.container.common.transport.server.ratis.ContainerStateMachine.startTransaction(ContainerStateMachine.java:271) ~[hadoop-hdds-container-service-0.5.0-SNAPSHOT.jar:?]
	at org.apache.ratis.server.impl.RaftServerImpl.submitClientRequestAsync(RaftServerImpl.java:566) ~[ratis-server-0.4.0-2337318-SNAPSHOT.jar:0.4.0-2337318-SNAPSHOT]
	at org.apache.ratis.server.impl.RaftServerProxy.lambda$submitClientRequestAsync$7(RaftServerProxy.java:333) ~[ratis-server-0.4.0-2337318-SNAPSHOT.jar:0.4.0-2337318-SNAPSHOT]
	at org.apache.ratis.server.impl.RaftServerProxy.lambda$null$5(RaftServerProxy.java:328) ~[ratis-server-0.4.0-2337318-SNAPSHOT.jar:0.4.0-2337318-SNAPSHOT]
	at org.apache.ratis.util.JavaUtils.callAsUnchecked(JavaUtils.java:109) ~[ratis-common-0.4.0-2337318-SNAPSHOT.jar:0.4.0-2337318-SNAPSHOT]
	at org.apache.ratis.server.impl.RaftServerProxy.lambda$submitRequest$6(RaftServerProxy.java:328) ~[ratis-server-0.4.0-2337318-SNAPSHOT.jar:0.4.0-2337318-SNAPSHOT]
	at java.util.concurrent.CompletableFuture.uniComposeStage(CompletableFuture.java:981) ~[?:1.8.0_212]
	at java.util.concurrent.CompletableFuture.thenCompose(CompletableFuture.java:2124) ~[?:1.8.0_212]
	at org.apache.ratis.server.impl.RaftServerProxy.submitRequest(RaftServerProxy.java:327) ~[ratis-server-0.4.0-2337318-SNAPSHOT.jar:0.4.0-2337318-SNAPSHOT]
	at org.apache.ratis.server.impl.RaftServerProxy.submitClientRequestAsync(RaftServerProxy.java:333) ~[ratis-server-0.4.0-2337318-SNAPSHOT.jar:0.4.0-2337318-SNAPSHOT]
	at org.apache.ratis.grpc.client.GrpcClientProtocolService$RequestStreamObserver.processClientRequest(GrpcClientProtocolService.java:220) ~[ratis-grpc-0.4.0-2337318-SNAPSHOT.jar:0.4.0-2337318-SNAPSHOT]
	at org.apache.ratis.grpc.client.GrpcClientProtocolService$OrderedRequestStreamObserver.processClientRequest(GrpcClientProtocolService.java:326) ~[ratis-grpc-0.4.0-2337318-SNAPSHOT.jar:0.4.0-2337318-SNAPSHOT]
	at org.apache.ratis.util.SlidingWindow$Server.processRequestsFromHead(SlidingWindow.java:429) [ratis-common-0.4.0-2337318-SNAPSHOT.jar:0.4.0-2337318-SNAPSHOT]
	at org.apache.ratis.util.SlidingWindow$Server.receivedRequest(SlidingWindow.java:421) [ratis-common-0.4.0-2337318-SNAPSHOT.jar:0.4.0-2337318-SNAPSHOT]
	at org.apache.ratis.grpc.client.GrpcClientProtocolService$OrderedRequestStreamObserver.processClientRequest(GrpcClientProtocolService.java:345) [ratis-grpc-0.4.0-2337318-SNAPSHOT.jar:0.4.0-2337318-SNAPSHOT]
	at org.apache.ratis.grpc.client.GrpcClientProtocolService$RequestStreamObserver.onNext(GrpcClientProtocolService.java:240) [ratis-grpc-0.4.0-2337318-SNAPSHOT.jar:0.4.0-2337318-SNAPSHOT]
	at org.apache.ratis.grpc.client.GrpcClientProtocolService$RequestStreamObserver.onNext(GrpcClientProtocolService.java:168) [ratis-grpc-0.4.0-2337318-SNAPSHOT.jar:0.4.0-2337318-SNAPSHOT]
	at org.apache.ratis.thirdparty.io.grpc.stub.ServerCalls$StreamingServerCallHandler$StreamingServerCallListener.onMessage(ServerCalls.java:248) [ratis-thirdparty-misc-0.2.0.jar:0.2.0]
	at org.apache.ratis.thirdparty.io.grpc.internal.ServerCallImpl$ServerStreamListenerImpl.messagesAvailable(ServerCallImpl.java:263) [ratis-thirdparty-misc-0.2.0.jar:0.2.0]
	at org.apache.ratis.thirdparty.io.grpc.internal.ServerImpl$JumpToApplicationThreadServerStreamListener$1MessagesAvailable.runInContext(ServerImpl.java:686) [ratis-thirdparty-misc-0.2.0.jar:0.2.0]
	at org.apache.ratis.thirdparty.io.grpc.internal.ContextRunnable.run(ContextRunnable.java:37) [ratis-thirdparty-misc-0.2.0.jar:0.2.0]
	at org.apache.ratis.thirdparty.io.grpc.internal.SerializingExecutor.run(SerializingExecutor.java:123) [ratis-thirdparty-misc-0.2.0.jar:0.2.0]
	at java.util.concurrent.ThreadPoolExecutor.runWorker(ThreadPoolExecutor.java:1149) [?:1.8.0_212]
	at java.util.concurrent.ThreadPoolExecutor$Worker.run(ThreadPoolExecutor.java:624) [?:1.8.0_212]
	at java.lang.Thread.run(Thread.java:748) [?:1.8.0_212]
02:59:58.950 [grpc-default-executor-4] ERROR DNAudit - user=null | ip=null | op=PUT_BLOCK {blockData=[blockId=conID: 11 locID: 102437565074767887 bcsId: 0,size=3145728]} | ret=FAILURE
org.apache.hadoop.hdds.scm.container.common.helpers.ContainerNotOpenException: Container 11 in CLOSED state
	at org.apache.hadoop.ozone.container.common.impl.HddsDispatcher.validateContainerCommand(HddsDispatcher.java:408) ~[hadoop-hdds-container-service-0.5.0-SNAPSHOT.jar:?]
	at org.apache.hadoop.ozone.container.common.transport.server.ratis.ContainerStateMachine.startTransaction(ContainerStateMachine.java:271) ~[hadoop-hdds-container-service-0.5.0-SNAPSHOT.jar:?]
	at org.apache.ratis.server.impl.RaftServerImpl.submitClientRequestAsync(RaftServerImpl.java:566) ~[ratis-server-0.4.0-2337318-SNAPSHOT.jar:0.4.0-2337318-SNAPSHOT]
	at org.apache.ratis.server.impl.RaftServerProxy.lambda$submitClientRequestAsync$7(RaftServerProxy.java:333) ~[ratis-server-0.4.0-2337318-SNAPSHOT.jar:0.4.0-2337318-SNAPSHOT]
	at org.apache.ratis.server.impl.RaftServerProxy.lambda$null$5(RaftServerProxy.java:328) ~[ratis-server-0.4.0-2337318-SNAPSHOT.jar:0.4.0-2337318-SNAPSHOT]
	at org.apache.ratis.util.JavaUtils.callAsUnchecked(JavaUtils.java:109) ~[ratis-common-0.4.0-2337318-SNAPSHOT.jar:0.4.0-2337318-SNAPSHOT]
	at org.apache.ratis.server.impl.RaftServerProxy.lambda$submitRequest$6(RaftServerProxy.java:328) ~[ratis-server-0.4.0-2337318-SNAPSHOT.jar:0.4.0-2337318-SNAPSHOT]
	at java.util.concurrent.CompletableFuture.uniComposeStage(CompletableFuture.java:981) ~[?:1.8.0_212]
	at java.util.concurrent.CompletableFuture.thenCompose(CompletableFuture.java:2124) ~[?:1.8.0_212]
	at org.apache.ratis.server.impl.RaftServerProxy.submitRequest(RaftServerProxy.java:327) ~[ratis-server-0.4.0-2337318-SNAPSHOT.jar:0.4.0-2337318-SNAPSHOT]
	at org.apache.ratis.server.impl.RaftServerProxy.submitClientRequestAsync(RaftServerProxy.java:333) ~[ratis-server-0.4.0-2337318-SNAPSHOT.jar:0.4.0-2337318-SNAPSHOT]
	at org.apache.ratis.grpc.client.GrpcClientProtocolService$RequestStreamObserver.processClientRequest(GrpcClientProtocolService.java:220) ~[ratis-grpc-0.4.0-2337318-SNAPSHOT.jar:0.4.0-2337318-SNAPSHOT]
	at org.apache.ratis.grpc.client.GrpcClientProtocolService$OrderedRequestStreamObserver.processClientRequest(GrpcClientProtocolService.java:326) ~[ratis-grpc-0.4.0-2337318-SNAPSHOT.jar:0.4.0-2337318-SNAPSHOT]
	at org.apache.ratis.util.SlidingWindow$Server.processRequestsFromHead(SlidingWindow.java:429) [ratis-common-0.4.0-2337318-SNAPSHOT.jar:0.4.0-2337318-SNAPSHOT]
	at org.apache.ratis.util.SlidingWindow$Server.receivedRequest(SlidingWindow.java:421) [ratis-common-0.4.0-2337318-SNAPSHOT.jar:0.4.0-2337318-SNAPSHOT]
	at org.apache.ratis.grpc.client.GrpcClientProtocolService$OrderedRequestStreamObserver.processClientRequest(GrpcClientProtocolService.java:345) [ratis-grpc-0.4.0-2337318-SNAPSHOT.jar:0.4.0-2337318-SNAPSHOT]
	at org.apache.ratis.grpc.client.GrpcClientProtocolService$RequestStreamObserver.onNext(GrpcClientProtocolService.java:240) [ratis-grpc-0.4.0-2337318-SNAPSHOT.jar:0.4.0-2337318-SNAPSHOT]
	at org.apache.ratis.grpc.client.GrpcClientProtocolService$RequestStreamObserver.onNext(GrpcClientProtocolService.java:168) [ratis-grpc-0.4.0-2337318-SNAPSHOT.jar:0.4.0-2337318-SNAPSHOT]
	at org.apache.ratis.thirdparty.io.grpc.stub.ServerCalls$StreamingServerCallHandler$StreamingServerCallListener.onMessage(ServerCalls.java:248) [ratis-thirdparty-misc-0.2.0.jar:0.2.0]
	at org.apache.ratis.thirdparty.io.grpc.internal.ServerCallImpl$ServerStreamListenerImpl.messagesAvailable(ServerCallImpl.java:263) [ratis-thirdparty-misc-0.2.0.jar:0.2.0]
	at org.apache.ratis.thirdparty.io.grpc.internal.ServerImpl$JumpToApplicationThreadServerStreamListener$1MessagesAvailable.runInContext(ServerImpl.java:686) [ratis-thirdparty-misc-0.2.0.jar:0.2.0]
	at org.apache.ratis.thirdparty.io.grpc.internal.ContextRunnable.run(ContextRunnable.java:37) [ratis-thirdparty-misc-0.2.0.jar:0.2.0]
	at org.apache.ratis.thirdparty.io.grpc.internal.SerializingExecutor.run(SerializingExecutor.java:123) [ratis-thirdparty-misc-0.2.0.jar:0.2.0]
	at java.util.concurrent.ThreadPoolExecutor.runWorker(ThreadPoolExecutor.java:1149) [?:1.8.0_212]
	at java.util.concurrent.ThreadPoolExecutor$Worker.run(ThreadPoolExecutor.java:624) [?:1.8.0_212]
	at java.lang.Thread.run(Thread.java:748) [?:1.8.0_212]
2019-07-14 02:59:58,952 INFO  client.GrpcClientProtocolClient (GrpcClientProtocolClient.java:onNext(255)) - client-697322564F05->8ae50d8f-9cf4-47f9-b3f8-8f630245bc5b: receive RaftClientReply:client-697322564F05->8ae50d8f-9cf4-47f9-b3f8-8f630245bc5b@group-479F7A84264D, cid=78, FAILED org.apache.ratis.protocol.StateMachineException: org.apache.hadoop.hdds.scm.container.common.helpers.ContainerNotOpenException from Server 8ae50d8f-9cf4-47f9-b3f8-8f630245bc5b: Container 11 in CLOSED state, logIndex=0, commits[8ae50d8f-9cf4-47f9-b3f8-8f630245bc5b:c44, 76e55045-95ee-4cd8-b4ae-2b92b0d86bc4:c43, f492c16f-2f7a-465f-93ad-e1550f6bae23:c43]
2019-07-14 02:59:58,959 INFO  client.GrpcClientProtocolClient (GrpcClientProtocolClient.java:onNext(255)) - client-697322564F05->8ae50d8f-9cf4-47f9-b3f8-8f630245bc5b: receive RaftClientReply:client-697322564F05->8ae50d8f-9cf4-47f9-b3f8-8f630245bc5b@group-479F7A84264D, cid=79, FAILED org.apache.ratis.protocol.StateMachineException: org.apache.hadoop.hdds.scm.container.common.helpers.ContainerNotOpenException from Server 8ae50d8f-9cf4-47f9-b3f8-8f630245bc5b: Container 11 in CLOSED state, logIndex=0, commits[8ae50d8f-9cf4-47f9-b3f8-8f630245bc5b:c44, 76e55045-95ee-4cd8-b4ae-2b92b0d86bc4:c43, f492c16f-2f7a-465f-93ad-e1550f6bae23:c43]
02:59:58.958 [grpc-default-executor-1] ERROR DNAudit - user=null | ip=null | op=WRITE_CHUNK {blockData=conID: 11 locID: 102437565074767887 bcsId: 40} | ret=FAILURE
org.apache.hadoop.hdds.scm.container.common.helpers.ContainerNotOpenException: Container 11 in CLOSED state
	at org.apache.hadoop.ozone.container.common.impl.HddsDispatcher.validateContainerCommand(HddsDispatcher.java:408) ~[hadoop-hdds-container-service-0.5.0-SNAPSHOT.jar:?]
	at org.apache.hadoop.ozone.container.common.transport.server.ratis.ContainerStateMachine.startTransaction(ContainerStateMachine.java:271) ~[hadoop-hdds-container-service-0.5.0-SNAPSHOT.jar:?]
	at org.apache.ratis.server.impl.RaftServerImpl.submitClientRequestAsync(RaftServerImpl.java:566) ~[ratis-server-0.4.0-2337318-SNAPSHOT.jar:0.4.0-2337318-SNAPSHOT]
	at org.apache.ratis.server.impl.RaftServerProxy.lambda$submitClientRequestAsync$7(RaftServerProxy.java:333) ~[ratis-server-0.4.0-2337318-SNAPSHOT.jar:0.4.0-2337318-SNAPSHOT]
	at org.apache.ratis.server.impl.RaftServerProxy.lambda$null$5(RaftServerProxy.java:328) ~[ratis-server-0.4.0-2337318-SNAPSHOT.jar:0.4.0-2337318-SNAPSHOT]
	at org.apache.ratis.util.JavaUtils.callAsUnchecked(JavaUtils.java:109) ~[ratis-common-0.4.0-2337318-SNAPSHOT.jar:0.4.0-2337318-SNAPSHOT]
	at org.apache.ratis.server.impl.RaftServerProxy.lambda$submitRequest$6(RaftServerProxy.java:328) ~[ratis-server-0.4.0-2337318-SNAPSHOT.jar:0.4.0-2337318-SNAPSHOT]
	at java.util.concurrent.CompletableFuture.uniComposeStage(CompletableFuture.java:981) ~[?:1.8.0_212]
	at java.util.concurrent.CompletableFuture.thenCompose(CompletableFuture.java:2124) ~[?:1.8.0_212]
	at org.apache.ratis.server.impl.RaftServerProxy.submitRequest(RaftServerProxy.java:327) ~[ratis-server-0.4.0-2337318-SNAPSHOT.jar:0.4.0-2337318-SNAPSHOT]
	at org.apache.ratis.server.impl.RaftServerProxy.submitClientRequestAsync(RaftServerProxy.java:333) ~[ratis-server-0.4.0-2337318-SNAPSHOT.jar:0.4.0-2337318-SNAPSHOT]
	at org.apache.ratis.grpc.client.GrpcClientProtocolService$RequestStreamObserver.processClientRequest(GrpcClientProtocolService.java:220) ~[ratis-grpc-0.4.0-2337318-SNAPSHOT.jar:0.4.0-2337318-SNAPSHOT]
	at org.apache.ratis.grpc.client.GrpcClientProtocolService$OrderedRequestStreamObserver.processClientRequest(GrpcClientProtocolService.java:326) ~[ratis-grpc-0.4.0-2337318-SNAPSHOT.jar:0.4.0-2337318-SNAPSHOT]
	at org.apache.ratis.util.SlidingWindow$Server.processRequestsFromHead(SlidingWindow.java:429) [ratis-common-0.4.0-2337318-SNAPSHOT.jar:0.4.0-2337318-SNAPSHOT]
	at org.apache.ratis.util.SlidingWindow$Server.receivedRequest(SlidingWindow.java:421) [ratis-common-0.4.0-2337318-SNAPSHOT.jar:0.4.0-2337318-SNAPSHOT]
	at org.apache.ratis.grpc.client.GrpcClientProtocolService$OrderedRequestStreamObserver.processClientRequest(GrpcClientProtocolService.java:345) [ratis-grpc-0.4.0-2337318-SNAPSHOT.jar:0.4.0-2337318-SNAPSHOT]
	at org.apache.ratis.grpc.client.GrpcClientProtocolService$RequestStreamObserver.onNext(GrpcClientProtocolService.java:240) [ratis-grpc-0.4.0-2337318-SNAPSHOT.jar:0.4.0-2337318-SNAPSHOT]
	at org.apache.ratis.grpc.client.GrpcClientProtocolService$RequestStreamObserver.onNext(GrpcClientProtocolService.java:168) [ratis-grpc-0.4.0-2337318-SNAPSHOT.jar:0.4.0-2337318-SNAPSHOT]
	at org.apache.ratis.thirdparty.io.grpc.stub.ServerCalls$StreamingServerCallHandler$StreamingServerCallListener.onMessage(ServerCalls.java:248) [ratis-thirdparty-misc-0.2.0.jar:0.2.0]
	at org.apache.ratis.thirdparty.io.grpc.internal.ServerCallImpl$ServerStreamListenerImpl.messagesAvailable(ServerCallImpl.java:263) [ratis-thirdparty-misc-0.2.0.jar:0.2.0]
	at org.apache.ratis.thirdparty.io.grpc.internal.ServerImpl$JumpToApplicationThreadServerStreamListener$1MessagesAvailable.runInContext(ServerImpl.java:686) [ratis-thirdparty-misc-0.2.0.jar:0.2.0]
	at org.apache.ratis.thirdparty.io.grpc.internal.ContextRunnable.run(ContextRunnable.java:37) [ratis-thirdparty-misc-0.2.0.jar:0.2.0]
	at org.apache.ratis.thirdparty.io.grpc.internal.SerializingExecutor.run(SerializingExecutor.java:123) [ratis-thirdparty-misc-0.2.0.jar:0.2.0]
	at java.util.concurrent.ThreadPoolExecutor.runWorker(ThreadPoolExecutor.java:1149) [?:1.8.0_212]
	at java.util.concurrent.ThreadPoolExecutor$Worker.run(ThreadPoolExecutor.java:624) [?:1.8.0_212]
	at java.lang.Thread.run(Thread.java:748) [?:1.8.0_212]
02:59:58.965 [grpc-default-executor-1] ERROR DNAudit - user=null | ip=null | op=PUT_BLOCK {blockData=[blockId=conID: 11 locID: 102437565074767887 bcsId: 0,size=4194304]} | ret=FAILURE
org.apache.hadoop.hdds.scm.container.common.helpers.ContainerNotOpenException: Container 11 in CLOSED state
	at org.apache.hadoop.ozone.container.common.impl.HddsDispatcher.validateContainerCommand(HddsDispatcher.java:408) ~[hadoop-hdds-container-service-0.5.0-SNAPSHOT.jar:?]
	at org.apache.hadoop.ozone.container.common.transport.server.ratis.ContainerStateMachine.startTransaction(ContainerStateMachine.java:271) ~[hadoop-hdds-container-service-0.5.0-SNAPSHOT.jar:?]
	at org.apache.ratis.server.impl.RaftServerImpl.submitClientRequestAsync(RaftServerImpl.java:566) ~[ratis-server-0.4.0-2337318-SNAPSHOT.jar:0.4.0-2337318-SNAPSHOT]
	at org.apache.ratis.server.impl.RaftServerProxy.lambda$submitClientRequestAsync$7(RaftServerProxy.java:333) ~[ratis-server-0.4.0-2337318-SNAPSHOT.jar:0.4.0-2337318-SNAPSHOT]
	at org.apache.ratis.server.impl.RaftServerProxy.lambda$null$5(RaftServerProxy.java:328) ~[ratis-server-0.4.0-2337318-SNAPSHOT.jar:0.4.0-2337318-SNAPSHOT]
	at org.apache.ratis.util.JavaUtils.callAsUnchecked(JavaUtils.java:109) ~[ratis-common-0.4.0-2337318-SNAPSHOT.jar:0.4.0-2337318-SNAPSHOT]
	at org.apache.ratis.server.impl.RaftServerProxy.lambda$submitRequest$6(RaftServerProxy.java:328) ~[ratis-server-0.4.0-2337318-SNAPSHOT.jar:0.4.0-2337318-SNAPSHOT]
	at java.util.concurrent.CompletableFuture.uniComposeStage(CompletableFuture.java:981) ~[?:1.8.0_212]
	at java.util.concurrent.CompletableFuture.thenCompose(CompletableFuture.java:2124) ~[?:1.8.0_212]
	at org.apache.ratis.server.impl.RaftServerProxy.submitRequest(RaftServerProxy.java:327) ~[ratis-server-0.4.0-2337318-SNAPSHOT.jar:0.4.0-2337318-SNAPSHOT]
	at org.apache.ratis.server.impl.RaftServerProxy.submitClientRequestAsync(RaftServerProxy.java:333) ~[ratis-server-0.4.0-2337318-SNAPSHOT.jar:0.4.0-2337318-SNAPSHOT]
	at org.apache.ratis.grpc.client.GrpcClientProtocolService$RequestStreamObserver.processClientRequest(GrpcClientProtocolService.java:220) ~[ratis-grpc-0.4.0-2337318-SNAPSHOT.jar:0.4.0-2337318-SNAPSHOT]
	at org.apache.ratis.grpc.client.GrpcClientProtocolService$OrderedRequestStreamObserver.processClientRequest(GrpcClientProtocolService.java:326) ~[ratis-grpc-0.4.0-2337318-SNAPSHOT.jar:0.4.0-2337318-SNAPSHOT]
	at org.apache.ratis.util.SlidingWindow$Server.processRequestsFromHead(SlidingWindow.java:429) [ratis-common-0.4.0-2337318-SNAPSHOT.jar:0.4.0-2337318-SNAPSHOT]
	at org.apache.ratis.util.SlidingWindow$Server.receivedRequest(SlidingWindow.java:421) [ratis-common-0.4.0-2337318-SNAPSHOT.jar:0.4.0-2337318-SNAPSHOT]
	at org.apache.ratis.grpc.client.GrpcClientProtocolService$OrderedRequestStreamObserver.processClientRequest(GrpcClientProtocolService.java:345) [ratis-grpc-0.4.0-2337318-SNAPSHOT.jar:0.4.0-2337318-SNAPSHOT]
	at org.apache.ratis.grpc.client.GrpcClientProtocolService$RequestStreamObserver.onNext(GrpcClientProtocolService.java:240) [ratis-grpc-0.4.0-2337318-SNAPSHOT.jar:0.4.0-2337318-SNAPSHOT]
	at org.apache.ratis.grpc.client.GrpcClientProtocolService$RequestStreamObserver.onNext(GrpcClientProtocolService.java:168) [ratis-grpc-0.4.0-2337318-SNAPSHOT.jar:0.4.0-2337318-SNAPSHOT]
	at org.apache.ratis.thirdparty.io.grpc.stub.ServerCalls$StreamingServerCallHandler$StreamingServerCallListener.onMessage(ServerCalls.java:248) [ratis-thirdparty-misc-0.2.0.jar:0.2.0]
	at org.apache.ratis.thirdparty.io.grpc.internal.ServerCallImpl$ServerStreamListenerImpl.messagesAvailable(ServerCallImpl.java:263) [ratis-thirdparty-misc-0.2.0.jar:0.2.0]
	at org.apache.ratis.thirdparty.io.grpc.internal.ServerImpl$JumpToApplicationThreadServerStreamListener$1MessagesAvailable.runInContext(ServerImpl.java:686) [ratis-thirdparty-misc-0.2.0.jar:0.2.0]
	at org.apache.ratis.thirdparty.io.grpc.internal.ContextRunnable.run(ContextRunnable.java:37) [ratis-thirdparty-misc-0.2.0.jar:0.2.0]
	at org.apache.ratis.thirdparty.io.grpc.internal.SerializingExecutor.run(SerializingExecutor.java:123) [ratis-thirdparty-misc-0.2.0.jar:0.2.0]
	at java.util.concurrent.ThreadPoolExecutor.runWorker(ThreadPoolExecutor.java:1149) [?:1.8.0_212]
	at java.util.concurrent.ThreadPoolExecutor$Worker.run(ThreadPoolExecutor.java:624) [?:1.8.0_212]
	at java.lang.Thread.run(Thread.java:748) [?:1.8.0_212]
2019-07-14 02:59:58,966 INFO  client.GrpcClientProtocolClient (GrpcClientProtocolClient.java:onNext(255)) - client-697322564F05->8ae50d8f-9cf4-47f9-b3f8-8f630245bc5b: receive RaftClientReply:client-697322564F05->8ae50d8f-9cf4-47f9-b3f8-8f630245bc5b@group-479F7A84264D, cid=80, FAILED org.apache.ratis.protocol.StateMachineException: org.apache.hadoop.hdds.scm.container.common.helpers.ContainerNotOpenException from Server 8ae50d8f-9cf4-47f9-b3f8-8f630245bc5b: Container 11 in CLOSED state, logIndex=0, commits[8ae50d8f-9cf4-47f9-b3f8-8f630245bc5b:c44, 76e55045-95ee-4cd8-b4ae-2b92b0d86bc4:c43, f492c16f-2f7a-465f-93ad-e1550f6bae23:c43]
2019-07-14 02:59:58,973 INFO  client.GrpcClientProtocolClient (GrpcClientProtocolClient.java:onNext(255)) - client-697322564F05->8ae50d8f-9cf4-47f9-b3f8-8f630245bc5b: receive RaftClientReply:client-697322564F05->8ae50d8f-9cf4-47f9-b3f8-8f630245bc5b@group-479F7A84264D, cid=81, FAILED org.apache.ratis.protocol.StateMachineException: org.apache.hadoop.hdds.scm.container.common.helpers.ContainerNotOpenException from Server 8ae50d8f-9cf4-47f9-b3f8-8f630245bc5b: Container 11 in CLOSED state, logIndex=0, commits[8ae50d8f-9cf4-47f9-b3f8-8f630245bc5b:c44, 76e55045-95ee-4cd8-b4ae-2b92b0d86bc4:c43, f492c16f-2f7a-465f-93ad-e1550f6bae23:c43]
2019-07-14 02:59:59,191 INFO  client.GrpcClientProtocolClient (GrpcClientProtocolClient.java:onNext(255)) - client-697322564F05->8ae50d8f-9cf4-47f9-b3f8-8f630245bc5b: receive RaftClientReply:client-697322564F05->8ae50d8f-9cf4-47f9-b3f8-8f630245bc5b@group-479F7A84264D, cid=82, SUCCESS, logIndex=45, commits[8ae50d8f-9cf4-47f9-b3f8-8f630245bc5b:c47, 76e55045-95ee-4cd8-b4ae-2b92b0d86bc4:c44, f492c16f-2f7a-465f-93ad-e1550f6bae23:c44]
2019-07-14 02:59:59,236 INFO  client.GrpcClientProtocolClient (GrpcClientProtocolClient.java:onNext(255)) - client-697322564F05->8ae50d8f-9cf4-47f9-b3f8-8f630245bc5b: receive RaftClientReply:client-697322564F05->8ae50d8f-9cf4-47f9-b3f8-8f630245bc5b@group-479F7A84264D, cid=83, SUCCESS, logIndex=46, commits[8ae50d8f-9cf4-47f9-b3f8-8f630245bc5b:c52, 76e55045-95ee-4cd8-b4ae-2b92b0d86bc4:c48, f492c16f-2f7a-465f-93ad-e1550f6bae23:c48]
2019-07-14 02:59:59,237 INFO  client.GrpcClientProtocolClient (GrpcClientProtocolClient.java:onNext(255)) - client-697322564F05->8ae50d8f-9cf4-47f9-b3f8-8f630245bc5b: receive RaftClientReply:client-697322564F05->8ae50d8f-9cf4-47f9-b3f8-8f630245bc5b@group-479F7A84264D, cid=84, SUCCESS, logIndex=47, commits[8ae50d8f-9cf4-47f9-b3f8-8f630245bc5b:c52, 76e55045-95ee-4cd8-b4ae-2b92b0d86bc4:c48, f492c16f-2f7a-465f-93ad-e1550f6bae23:c48]
2019-07-14 02:59:59,339 INFO  client.GrpcClientProtocolClient (GrpcClientProtocolClient.java:onNext(255)) - client-697322564F05->8ae50d8f-9cf4-47f9-b3f8-8f630245bc5b: receive RaftClientReply:client-697322564F05->8ae50d8f-9cf4-47f9-b3f8-8f630245bc5b@group-479F7A84264D, cid=85, SUCCESS, logIndex=48, commits[8ae50d8f-9cf4-47f9-b3f8-8f630245bc5b:c52, 76e55045-95ee-4cd8-b4ae-2b92b0d86bc4:c48, f492c16f-2f7a-465f-93ad-e1550f6bae23:c48]
2019-07-14 02:59:59,472 INFO  client.GrpcClientProtocolClient (GrpcClientProtocolClient.java:onNext(255)) - client-697322564F05->8ae50d8f-9cf4-47f9-b3f8-8f630245bc5b: receive RaftClientReply:client-697322564F05->8ae50d8f-9cf4-47f9-b3f8-8f630245bc5b@group-479F7A84264D, cid=86, SUCCESS, logIndex=53, commits[8ae50d8f-9cf4-47f9-b3f8-8f630245bc5b:c54, 76e55045-95ee-4cd8-b4ae-2b92b0d86bc4:c52, f492c16f-2f7a-465f-93ad-e1550f6bae23:c52]
2019-07-14 02:59:59,473 INFO  client.GrpcClientProtocolClient (GrpcClientProtocolClient.java:onNext(255)) - client-697322564F05->8ae50d8f-9cf4-47f9-b3f8-8f630245bc5b: receive RaftClientReply:client-697322564F05->8ae50d8f-9cf4-47f9-b3f8-8f630245bc5b@group-479F7A84264D, cid=87, SUCCESS, logIndex=54, commits[8ae50d8f-9cf4-47f9-b3f8-8f630245bc5b:c54, 76e55045-95ee-4cd8-b4ae-2b92b0d86bc4:c52, f492c16f-2f7a-465f-93ad-e1550f6bae23:c52]
2019-07-14 02:59:59,483 INFO  client.GrpcClientProtocolClient (GrpcClientProtocolClient.java:onNext(255)) - client-697322564F05->8ae50d8f-9cf4-47f9-b3f8-8f630245bc5b: receive RaftClientReply:client-697322564F05->8ae50d8f-9cf4-47f9-b3f8-8f630245bc5b@group-479F7A84264D, cid=88, SUCCESS, logIndex=0, commits[8ae50d8f-9cf4-47f9-b3f8-8f630245bc5b:c55, 76e55045-95ee-4cd8-b4ae-2b92b0d86bc4:c54, f492c16f-2f7a-465f-93ad-e1550f6bae23:c54]
2019-07-14 02:59:59,528 INFO  pipeline.Pipeline (Pipeline.java:getProtobufMessage(195)) - Serialize pipeline PipelineID=c89f0c91-c6b5-4979-b04b-479f7a84264d with nodesInOrder{ }
]]></system-out>
  </testcase>
  <testcase name="testMultiBlockWrites2" classname="org.apache.hadoop.ozone.client.rpc.TestCloseContainerHandlingByClient" time="3.014">
    <error type="java.lang.IllegalArgumentException">java.lang.IllegalArgumentException
	at com.google.common.base.Preconditions.checkArgument(Preconditions.java:72)
	at org.apache.hadoop.hdds.scm.XceiverClientManager.acquireClient(XceiverClientManager.java:150)
	at org.apache.hadoop.hdds.scm.XceiverClientManager.acquireClientForReadData(XceiverClientManager.java:143)
	at org.apache.hadoop.hdds.scm.storage.BlockInputStream.getChunkInfos(BlockInputStream.java:154)
	at org.apache.hadoop.hdds.scm.storage.BlockInputStream.initialize(BlockInputStream.java:118)
	at org.apache.hadoop.hdds.scm.storage.BlockInputStream.read(BlockInputStream.java:222)
	at org.apache.hadoop.ozone.client.io.KeyInputStream.read(KeyInputStream.java:171)
	at org.apache.hadoop.ozone.client.io.OzoneInputStream.read(OzoneInputStream.java:47)
	at java.io.InputStream.read(InputStream.java:101)
	at org.apache.hadoop.ozone.container.ContainerTestHelper.validateData(ContainerTestHelper.java:709)
	at org.apache.hadoop.ozone.client.rpc.TestCloseContainerHandlingByClient.validateData(TestCloseContainerHandlingByClient.java:401)
	at org.apache.hadoop.ozone.client.rpc.TestCloseContainerHandlingByClient.testMultiBlockWrites2(TestCloseContainerHandlingByClient.java:281)
	at sun.reflect.NativeMethodAccessorImpl.invoke0(Native Method)
	at sun.reflect.NativeMethodAccessorImpl.invoke(NativeMethodAccessorImpl.java:62)
	at sun.reflect.DelegatingMethodAccessorImpl.invoke(DelegatingMethodAccessorImpl.java:43)
	at java.lang.reflect.Method.invoke(Method.java:498)
	at org.junit.runners.model.FrameworkMethod$1.runReflectiveCall(FrameworkMethod.java:47)
	at org.junit.internal.runners.model.ReflectiveCallable.run(ReflectiveCallable.java:12)
	at org.junit.runners.model.FrameworkMethod.invokeExplosively(FrameworkMethod.java:44)
	at org.junit.internal.runners.statements.InvokeMethod.evaluate(InvokeMethod.java:17)
	at org.junit.runners.ParentRunner.runLeaf(ParentRunner.java:271)
	at org.junit.runners.BlockJUnit4ClassRunner.runChild(BlockJUnit4ClassRunner.java:70)
	at org.junit.runners.BlockJUnit4ClassRunner.runChild(BlockJUnit4ClassRunner.java:50)
	at org.junit.runners.ParentRunner$3.run(ParentRunner.java:238)
	at org.junit.runners.ParentRunner$1.schedule(ParentRunner.java:63)
	at org.junit.runners.ParentRunner.runChildren(ParentRunner.java:236)
	at org.junit.runners.ParentRunner.access$000(ParentRunner.java:53)
	at org.junit.runners.ParentRunner$2.evaluate(ParentRunner.java:229)
	at org.junit.internal.runners.statements.RunBefores.evaluate(RunBefores.java:26)
	at org.junit.internal.runners.statements.RunAfters.evaluate(RunAfters.java:27)
	at org.junit.runners.ParentRunner.run(ParentRunner.java:309)
	at org.apache.maven.surefire.junit4.JUnit4Provider.execute(JUnit4Provider.java:365)
	at org.apache.maven.surefire.junit4.JUnit4Provider.executeWithRerun(JUnit4Provider.java:273)
	at org.apache.maven.surefire.junit4.JUnit4Provider.executeTestSet(JUnit4Provider.java:238)
	at org.apache.maven.surefire.junit4.JUnit4Provider.invoke(JUnit4Provider.java:159)
	at org.apache.maven.surefire.booter.ForkedBooter.invokeProviderInSameClassLoader(ForkedBooter.java:384)
	at org.apache.maven.surefire.booter.ForkedBooter.runSuitesInProcess(ForkedBooter.java:345)
	at org.apache.maven.surefire.booter.ForkedBooter.execute(ForkedBooter.java:126)
	at org.apache.maven.surefire.booter.ForkedBooter.main(ForkedBooter.java:418)
</error>
    <system-out><![CDATA[2019-07-14 02:59:59,678 INFO  client.GrpcClientProtocolClient (GrpcClientProtocolClient.java:onNext(255)) - client-697322564F05->8ae50d8f-9cf4-47f9-b3f8-8f630245bc5b: receive RaftClientReply:client-697322564F05->8ae50d8f-9cf4-47f9-b3f8-8f630245bc5b@group-479F7A84264D, cid=89, SUCCESS, logIndex=57, commits[8ae50d8f-9cf4-47f9-b3f8-8f630245bc5b:c59, 76e55045-95ee-4cd8-b4ae-2b92b0d86bc4:c56, f492c16f-2f7a-465f-93ad-e1550f6bae23:c56]
2019-07-14 02:59:59,678 INFO  client.GrpcClientProtocolClient (GrpcClientProtocolClient.java:onNext(255)) - client-697322564F05->8ae50d8f-9cf4-47f9-b3f8-8f630245bc5b: receive RaftClientReply:client-697322564F05->8ae50d8f-9cf4-47f9-b3f8-8f630245bc5b@group-479F7A84264D, cid=90, SUCCESS, logIndex=58, commits[8ae50d8f-9cf4-47f9-b3f8-8f630245bc5b:c60, 76e55045-95ee-4cd8-b4ae-2b92b0d86bc4:c56, f492c16f-2f7a-465f-93ad-e1550f6bae23:c56]
2019-07-14 02:59:59,679 INFO  client.GrpcClientProtocolClient (GrpcClientProtocolClient.java:onNext(255)) - client-697322564F05->8ae50d8f-9cf4-47f9-b3f8-8f630245bc5b: receive RaftClientReply:client-697322564F05->8ae50d8f-9cf4-47f9-b3f8-8f630245bc5b@group-479F7A84264D, cid=91, SUCCESS, logIndex=59, commits[8ae50d8f-9cf4-47f9-b3f8-8f630245bc5b:c60, 76e55045-95ee-4cd8-b4ae-2b92b0d86bc4:c56, f492c16f-2f7a-465f-93ad-e1550f6bae23:c56]
2019-07-14 02:59:59,680 INFO  client.GrpcClientProtocolClient (GrpcClientProtocolClient.java:onNext(255)) - client-697322564F05->8ae50d8f-9cf4-47f9-b3f8-8f630245bc5b: receive RaftClientReply:client-697322564F05->8ae50d8f-9cf4-47f9-b3f8-8f630245bc5b@group-479F7A84264D, cid=92, SUCCESS, logIndex=60, commits[8ae50d8f-9cf4-47f9-b3f8-8f630245bc5b:c60, 76e55045-95ee-4cd8-b4ae-2b92b0d86bc4:c56, f492c16f-2f7a-465f-93ad-e1550f6bae23:c56]
2019-07-14 02:59:59,691 INFO  client.GrpcClientProtocolClient (GrpcClientProtocolClient.java:onNext(255)) - client-697322564F05->8ae50d8f-9cf4-47f9-b3f8-8f630245bc5b: receive RaftClientReply:client-697322564F05->8ae50d8f-9cf4-47f9-b3f8-8f630245bc5b@group-479F7A84264D, cid=93, SUCCESS, logIndex=0, commits[8ae50d8f-9cf4-47f9-b3f8-8f630245bc5b:c61, 76e55045-95ee-4cd8-b4ae-2b92b0d86bc4:c58, f492c16f-2f7a-465f-93ad-e1550f6bae23:c58]
2019-07-14 02:59:59,714 INFO  client.GrpcClientProtocolClient (GrpcClientProtocolClient.java:onNext(255)) - client-697322564F05->8ae50d8f-9cf4-47f9-b3f8-8f630245bc5b: receive RaftClientReply:client-697322564F05->8ae50d8f-9cf4-47f9-b3f8-8f630245bc5b@group-479F7A84264D, cid=94, SUCCESS, logIndex=65, commits[8ae50d8f-9cf4-47f9-b3f8-8f630245bc5b:c66, 76e55045-95ee-4cd8-b4ae-2b92b0d86bc4:c64, f492c16f-2f7a-465f-93ad-e1550f6bae23:c64]
2019-07-14 02:59:59,716 INFO  client.GrpcClientProtocolClient (GrpcClientProtocolClient.java:onNext(255)) - client-697322564F05->8ae50d8f-9cf4-47f9-b3f8-8f630245bc5b: receive RaftClientReply:client-697322564F05->8ae50d8f-9cf4-47f9-b3f8-8f630245bc5b@group-479F7A84264D, cid=95, SUCCESS, logIndex=66, commits[8ae50d8f-9cf4-47f9-b3f8-8f630245bc5b:c66, 76e55045-95ee-4cd8-b4ae-2b92b0d86bc4:c64, f492c16f-2f7a-465f-93ad-e1550f6bae23:c64]
2019-07-14 02:59:59,744 INFO  client.GrpcClientProtocolClient (GrpcClientProtocolClient.java:onNext(255)) - client-697322564F05->8ae50d8f-9cf4-47f9-b3f8-8f630245bc5b: receive RaftClientReply:client-697322564F05->8ae50d8f-9cf4-47f9-b3f8-8f630245bc5b@group-479F7A84264D, cid=96, SUCCESS, logIndex=69, commits[8ae50d8f-9cf4-47f9-b3f8-8f630245bc5b:c70, 76e55045-95ee-4cd8-b4ae-2b92b0d86bc4:c66, f492c16f-2f7a-465f-93ad-e1550f6bae23:c66]
2019-07-14 02:59:59,745 INFO  client.GrpcClientProtocolClient (GrpcClientProtocolClient.java:onNext(255)) - client-697322564F05->8ae50d8f-9cf4-47f9-b3f8-8f630245bc5b: receive RaftClientReply:client-697322564F05->8ae50d8f-9cf4-47f9-b3f8-8f630245bc5b@group-479F7A84264D, cid=97, SUCCESS, logIndex=70, commits[8ae50d8f-9cf4-47f9-b3f8-8f630245bc5b:c70, 76e55045-95ee-4cd8-b4ae-2b92b0d86bc4:c66, f492c16f-2f7a-465f-93ad-e1550f6bae23:c66]
2019-07-14 02:59:59,755 INFO  client.GrpcClientProtocolClient (GrpcClientProtocolClient.java:onNext(255)) - client-697322564F05->8ae50d8f-9cf4-47f9-b3f8-8f630245bc5b: receive RaftClientReply:client-697322564F05->8ae50d8f-9cf4-47f9-b3f8-8f630245bc5b@group-479F7A84264D, cid=98, SUCCESS, logIndex=0, commits[8ae50d8f-9cf4-47f9-b3f8-8f630245bc5b:c71, 76e55045-95ee-4cd8-b4ae-2b92b0d86bc4:c70, f492c16f-2f7a-465f-93ad-e1550f6bae23:c70]
2019-07-14 02:59:59,779 INFO  client.GrpcClientProtocolClient (GrpcClientProtocolClient.java:onNext(255)) - client-697322564F05->8ae50d8f-9cf4-47f9-b3f8-8f630245bc5b: receive RaftClientReply:client-697322564F05->8ae50d8f-9cf4-47f9-b3f8-8f630245bc5b@group-479F7A84264D, cid=99, SUCCESS, logIndex=73, commits[8ae50d8f-9cf4-47f9-b3f8-8f630245bc5b:c74, 76e55045-95ee-4cd8-b4ae-2b92b0d86bc4:c72, f492c16f-2f7a-465f-93ad-e1550f6bae23:c72]
2019-07-14 02:59:59,780 INFO  client.GrpcClientProtocolClient (GrpcClientProtocolClient.java:onNext(255)) - client-697322564F05->8ae50d8f-9cf4-47f9-b3f8-8f630245bc5b: receive RaftClientReply:client-697322564F05->8ae50d8f-9cf4-47f9-b3f8-8f630245bc5b@group-479F7A84264D, cid=100, SUCCESS, logIndex=74, commits[8ae50d8f-9cf4-47f9-b3f8-8f630245bc5b:c76, 76e55045-95ee-4cd8-b4ae-2b92b0d86bc4:c72, f492c16f-2f7a-465f-93ad-e1550f6bae23:c72]
2019-07-14 02:59:59,781 INFO  client.GrpcClientProtocolClient (GrpcClientProtocolClient.java:onNext(255)) - client-697322564F05->8ae50d8f-9cf4-47f9-b3f8-8f630245bc5b: receive RaftClientReply:client-697322564F05->8ae50d8f-9cf4-47f9-b3f8-8f630245bc5b@group-479F7A84264D, cid=101, SUCCESS, logIndex=75, commits[8ae50d8f-9cf4-47f9-b3f8-8f630245bc5b:c76, 76e55045-95ee-4cd8-b4ae-2b92b0d86bc4:c72, f492c16f-2f7a-465f-93ad-e1550f6bae23:c72]
2019-07-14 02:59:59,781 INFO  client.GrpcClientProtocolClient (GrpcClientProtocolClient.java:onNext(255)) - client-697322564F05->8ae50d8f-9cf4-47f9-b3f8-8f630245bc5b: receive RaftClientReply:client-697322564F05->8ae50d8f-9cf4-47f9-b3f8-8f630245bc5b@group-479F7A84264D, cid=102, SUCCESS, logIndex=76, commits[8ae50d8f-9cf4-47f9-b3f8-8f630245bc5b:c76, 76e55045-95ee-4cd8-b4ae-2b92b0d86bc4:c72, f492c16f-2f7a-465f-93ad-e1550f6bae23:c74]
2019-07-14 02:59:59,783 INFO  client.GrpcClientProtocolClient (GrpcClientProtocolClient.java:onNext(255)) - client-697322564F05->8ae50d8f-9cf4-47f9-b3f8-8f630245bc5b: receive RaftClientReply:client-697322564F05->8ae50d8f-9cf4-47f9-b3f8-8f630245bc5b@group-479F7A84264D, cid=103, SUCCESS, logIndex=0, commits[8ae50d8f-9cf4-47f9-b3f8-8f630245bc5b:c79, 76e55045-95ee-4cd8-b4ae-2b92b0d86bc4:c76, f492c16f-2f7a-465f-93ad-e1550f6bae23:c76]
2019-07-14 02:59:59,805 INFO  client.GrpcClientProtocolClient (GrpcClientProtocolClient.java:onNext(255)) - client-697322564F05->8ae50d8f-9cf4-47f9-b3f8-8f630245bc5b: receive RaftClientReply:client-697322564F05->8ae50d8f-9cf4-47f9-b3f8-8f630245bc5b@group-479F7A84264D, cid=104, SUCCESS, logIndex=80, commits[8ae50d8f-9cf4-47f9-b3f8-8f630245bc5b:c81, 76e55045-95ee-4cd8-b4ae-2b92b0d86bc4:c79, f492c16f-2f7a-465f-93ad-e1550f6bae23:c79]
2019-07-14 02:59:59,806 INFO  client.GrpcClientProtocolClient (GrpcClientProtocolClient.java:onNext(255)) - client-697322564F05->8ae50d8f-9cf4-47f9-b3f8-8f630245bc5b: receive RaftClientReply:client-697322564F05->8ae50d8f-9cf4-47f9-b3f8-8f630245bc5b@group-479F7A84264D, cid=105, SUCCESS, logIndex=81, commits[8ae50d8f-9cf4-47f9-b3f8-8f630245bc5b:c81, 76e55045-95ee-4cd8-b4ae-2b92b0d86bc4:c79, f492c16f-2f7a-465f-93ad-e1550f6bae23:c79]
2019-07-14 02:59:59,850 INFO  client.GrpcClientProtocolClient (GrpcClientProtocolClient.java:onNext(255)) - client-697322564F05->8ae50d8f-9cf4-47f9-b3f8-8f630245bc5b: receive RaftClientReply:client-697322564F05->8ae50d8f-9cf4-47f9-b3f8-8f630245bc5b@group-479F7A84264D, cid=106, SUCCESS, logIndex=84, commits[8ae50d8f-9cf4-47f9-b3f8-8f630245bc5b:c85, 76e55045-95ee-4cd8-b4ae-2b92b0d86bc4:c81, f492c16f-2f7a-465f-93ad-e1550f6bae23:c81]
2019-07-14 02:59:59,851 INFO  client.GrpcClientProtocolClient (GrpcClientProtocolClient.java:onNext(255)) - client-697322564F05->8ae50d8f-9cf4-47f9-b3f8-8f630245bc5b: receive RaftClientReply:client-697322564F05->8ae50d8f-9cf4-47f9-b3f8-8f630245bc5b@group-479F7A84264D, cid=107, SUCCESS, logIndex=85, commits[8ae50d8f-9cf4-47f9-b3f8-8f630245bc5b:c85, 76e55045-95ee-4cd8-b4ae-2b92b0d86bc4:c81, f492c16f-2f7a-465f-93ad-e1550f6bae23:c81]
2019-07-14 02:59:59,864 INFO  client.GrpcClientProtocolClient (GrpcClientProtocolClient.java:onNext(255)) - client-697322564F05->8ae50d8f-9cf4-47f9-b3f8-8f630245bc5b: receive RaftClientReply:client-697322564F05->8ae50d8f-9cf4-47f9-b3f8-8f630245bc5b@group-479F7A84264D, cid=108, SUCCESS, logIndex=0, commits[8ae50d8f-9cf4-47f9-b3f8-8f630245bc5b:c86, 76e55045-95ee-4cd8-b4ae-2b92b0d86bc4:c85, f492c16f-2f7a-465f-93ad-e1550f6bae23:c85]
2019-07-14 02:59:59,961 INFO  client.GrpcClientProtocolClient (GrpcClientProtocolClient.java:onNext(255)) - client-4F3539AB58BE->62eb672d-939f-49f6-a9fd-ed4c4188786c: receive RaftClientReply:client-4F3539AB58BE->62eb672d-939f-49f6-a9fd-ed4c4188786c@group-7673ED6FC0CC, cid=109, SUCCESS, logIndex=67, commits[62eb672d-939f-49f6-a9fd-ed4c4188786c:c68, 6be3eaff-6f86-4ec8-a3c0-aa1db7a5b454:c62, 4ac04301-88ad-4991-ac3b-3db3067a4843:c66]
2019-07-14 02:59:59,988 INFO  client.GrpcClientProtocolClient (GrpcClientProtocolClient.java:onNext(255)) - client-4F3539AB58BE->62eb672d-939f-49f6-a9fd-ed4c4188786c: receive RaftClientReply:client-4F3539AB58BE->62eb672d-939f-49f6-a9fd-ed4c4188786c@group-7673ED6FC0CC, cid=110, SUCCESS, logIndex=68, commits[62eb672d-939f-49f6-a9fd-ed4c4188786c:c69, 6be3eaff-6f86-4ec8-a3c0-aa1db7a5b454:c68, 4ac04301-88ad-4991-ac3b-3db3067a4843:c68]
2019-07-14 03:00:00,020 INFO  client.GrpcClientProtocolClient (GrpcClientProtocolClient.java:onNext(255)) - client-4F3539AB58BE->62eb672d-939f-49f6-a9fd-ed4c4188786c: receive RaftClientReply:client-4F3539AB58BE->62eb672d-939f-49f6-a9fd-ed4c4188786c@group-7673ED6FC0CC, cid=111, SUCCESS, logIndex=70, commits[62eb672d-939f-49f6-a9fd-ed4c4188786c:c71, 6be3eaff-6f86-4ec8-a3c0-aa1db7a5b454:c69, 4ac04301-88ad-4991-ac3b-3db3067a4843:c69]
2019-07-14 03:00:00,092 INFO  client.GrpcClientProtocolClient (GrpcClientProtocolClient.java:onNext(255)) - client-4F3539AB58BE->62eb672d-939f-49f6-a9fd-ed4c4188786c: receive RaftClientReply:client-4F3539AB58BE->62eb672d-939f-49f6-a9fd-ed4c4188786c@group-7673ED6FC0CC, cid=112, SUCCESS, logIndex=71, commits[62eb672d-939f-49f6-a9fd-ed4c4188786c:c73, 6be3eaff-6f86-4ec8-a3c0-aa1db7a5b454:c71, 4ac04301-88ad-4991-ac3b-3db3067a4843:c71]
2019-07-14 03:00:00,103 INFO  container.CloseContainerEventHandler (CloseContainerEventHandler.java:onMessage(61)) - Close container Event triggered for container : #2
2019-07-14 03:00:00,103 INFO  container.CloseContainerEventHandler (CloseContainerEventHandler.java:onMessage(61)) - Close container Event triggered for container : #2
2019-07-14 03:00:00,103 INFO  container.CloseContainerEventHandler (CloseContainerEventHandler.java:onMessage(61)) - Close container Event triggered for container : #2
2019-07-14 03:00:00,104 INFO  container.CloseContainerEventHandler (CloseContainerEventHandler.java:onMessage(61)) - Close container Event triggered for container : #4
2019-07-14 03:00:00,104 INFO  container.CloseContainerEventHandler (CloseContainerEventHandler.java:onMessage(61)) - Close container Event triggered for container : #4
2019-07-14 03:00:00,104 INFO  container.CloseContainerEventHandler (CloseContainerEventHandler.java:onMessage(61)) - Close container Event triggered for container : #4
2019-07-14 03:00:00,104 INFO  container.CloseContainerEventHandler (CloseContainerEventHandler.java:onMessage(61)) - Close container Event triggered for container : #13
2019-07-14 03:00:00,105 INFO  container.CloseContainerEventHandler (CloseContainerEventHandler.java:onMessage(61)) - Close container Event triggered for container : #13
2019-07-14 03:00:00,105 INFO  container.CloseContainerEventHandler (CloseContainerEventHandler.java:onMessage(61)) - Close container Event triggered for container : #13
2019-07-14 03:00:00,971 INFO  interfaces.Container (KeyValueContainer.java:compactDB(356)) - Container 2 is closed with bcsId 70.
2019-07-14 03:00:00,977 INFO  interfaces.Container (KeyValueContainer.java:compactDB(356)) - Container 2 is closed with bcsId 70.
2019-07-14 03:00:00,991 INFO  interfaces.Container (KeyValueContainer.java:compactDB(356)) - Container 2 is closed with bcsId 70.
2019-07-14 03:00:01,008 INFO  interfaces.Container (KeyValueContainer.java:compactDB(356)) - Container 4 is closed with bcsId 85.
2019-07-14 03:00:01,033 INFO  interfaces.Container (KeyValueContainer.java:compactDB(356)) - Container 4 is closed with bcsId 85.
2019-07-14 03:00:01,033 INFO  interfaces.Container (KeyValueContainer.java:compactDB(356)) - Container 4 is closed with bcsId 85.
2019-07-14 03:00:02,013 INFO  interfaces.Container (KeyValueContainer.java:compactDB(356)) - Container 13 is closed with bcsId 71.
2019-07-14 03:00:02,027 INFO  interfaces.Container (KeyValueContainer.java:compactDB(356)) - Container 13 is closed with bcsId 71.
2019-07-14 03:00:02,042 INFO  interfaces.Container (KeyValueContainer.java:compactDB(356)) - Container 13 is closed with bcsId 71.
03:00:02.108 [grpc-default-executor-2] ERROR DNAudit - user=null | ip=null | op=WRITE_CHUNK {blockData=conID: 13 locID: 102437565227270164 bcsId: 71} | ret=FAILURE
org.apache.hadoop.hdds.scm.container.common.helpers.ContainerNotOpenException: Container 13 in CLOSED state
	at org.apache.hadoop.ozone.container.common.impl.HddsDispatcher.validateContainerCommand(HddsDispatcher.java:408) ~[hadoop-hdds-container-service-0.5.0-SNAPSHOT.jar:?]
	at org.apache.hadoop.ozone.container.common.transport.server.ratis.ContainerStateMachine.startTransaction(ContainerStateMachine.java:271) ~[hadoop-hdds-container-service-0.5.0-SNAPSHOT.jar:?]
	at org.apache.ratis.server.impl.RaftServerImpl.submitClientRequestAsync(RaftServerImpl.java:566) ~[ratis-server-0.4.0-2337318-SNAPSHOT.jar:0.4.0-2337318-SNAPSHOT]
	at org.apache.ratis.server.impl.RaftServerProxy.lambda$submitClientRequestAsync$7(RaftServerProxy.java:333) ~[ratis-server-0.4.0-2337318-SNAPSHOT.jar:0.4.0-2337318-SNAPSHOT]
	at org.apache.ratis.server.impl.RaftServerProxy.lambda$null$5(RaftServerProxy.java:328) ~[ratis-server-0.4.0-2337318-SNAPSHOT.jar:0.4.0-2337318-SNAPSHOT]
	at org.apache.ratis.util.JavaUtils.callAsUnchecked(JavaUtils.java:109) ~[ratis-common-0.4.0-2337318-SNAPSHOT.jar:0.4.0-2337318-SNAPSHOT]
	at org.apache.ratis.server.impl.RaftServerProxy.lambda$submitRequest$6(RaftServerProxy.java:328) ~[ratis-server-0.4.0-2337318-SNAPSHOT.jar:0.4.0-2337318-SNAPSHOT]
	at java.util.concurrent.CompletableFuture.uniComposeStage(CompletableFuture.java:981) ~[?:1.8.0_212]
	at java.util.concurrent.CompletableFuture.thenCompose(CompletableFuture.java:2124) ~[?:1.8.0_212]
	at org.apache.ratis.server.impl.RaftServerProxy.submitRequest(RaftServerProxy.java:327) ~[ratis-server-0.4.0-2337318-SNAPSHOT.jar:0.4.0-2337318-SNAPSHOT]
	at org.apache.ratis.server.impl.RaftServerProxy.submitClientRequestAsync(RaftServerProxy.java:333) ~[ratis-server-0.4.0-2337318-SNAPSHOT.jar:0.4.0-2337318-SNAPSHOT]
	at org.apache.ratis.grpc.client.GrpcClientProtocolService$RequestStreamObserver.processClientRequest(GrpcClientProtocolService.java:220) ~[ratis-grpc-0.4.0-2337318-SNAPSHOT.jar:0.4.0-2337318-SNAPSHOT]
	at org.apache.ratis.grpc.client.GrpcClientProtocolService$OrderedRequestStreamObserver.processClientRequest(GrpcClientProtocolService.java:326) ~[ratis-grpc-0.4.0-2337318-SNAPSHOT.jar:0.4.0-2337318-SNAPSHOT]
	at org.apache.ratis.util.SlidingWindow$Server.processRequestsFromHead(SlidingWindow.java:429) [ratis-common-0.4.0-2337318-SNAPSHOT.jar:0.4.0-2337318-SNAPSHOT]
	at org.apache.ratis.util.SlidingWindow$Server.receivedRequest(SlidingWindow.java:421) [ratis-common-0.4.0-2337318-SNAPSHOT.jar:0.4.0-2337318-SNAPSHOT]
	at org.apache.ratis.grpc.client.GrpcClientProtocolService$OrderedRequestStreamObserver.processClientRequest(GrpcClientProtocolService.java:345) [ratis-grpc-0.4.0-2337318-SNAPSHOT.jar:0.4.0-2337318-SNAPSHOT]
	at org.apache.ratis.grpc.client.GrpcClientProtocolService$RequestStreamObserver.onNext(GrpcClientProtocolService.java:240) [ratis-grpc-0.4.0-2337318-SNAPSHOT.jar:0.4.0-2337318-SNAPSHOT]
	at org.apache.ratis.grpc.client.GrpcClientProtocolService$RequestStreamObserver.onNext(GrpcClientProtocolService.java:168) [ratis-grpc-0.4.0-2337318-SNAPSHOT.jar:0.4.0-2337318-SNAPSHOT]
	at org.apache.ratis.thirdparty.io.grpc.stub.ServerCalls$StreamingServerCallHandler$StreamingServerCallListener.onMessage(ServerCalls.java:248) [ratis-thirdparty-misc-0.2.0.jar:0.2.0]
	at org.apache.ratis.thirdparty.io.grpc.internal.ServerCallImpl$ServerStreamListenerImpl.messagesAvailable(ServerCallImpl.java:263) [ratis-thirdparty-misc-0.2.0.jar:0.2.0]
	at org.apache.ratis.thirdparty.io.grpc.internal.ServerImpl$JumpToApplicationThreadServerStreamListener$1MessagesAvailable.runInContext(ServerImpl.java:686) [ratis-thirdparty-misc-0.2.0.jar:0.2.0]
	at org.apache.ratis.thirdparty.io.grpc.internal.ContextRunnable.run(ContextRunnable.java:37) [ratis-thirdparty-misc-0.2.0.jar:0.2.0]
	at org.apache.ratis.thirdparty.io.grpc.internal.SerializingExecutor.run(SerializingExecutor.java:123) [ratis-thirdparty-misc-0.2.0.jar:0.2.0]
	at java.util.concurrent.ThreadPoolExecutor.runWorker(ThreadPoolExecutor.java:1149) [?:1.8.0_212]
	at java.util.concurrent.ThreadPoolExecutor$Worker.run(ThreadPoolExecutor.java:624) [?:1.8.0_212]
	at java.lang.Thread.run(Thread.java:748) [?:1.8.0_212]
03:00:02.116 [grpc-default-executor-2] ERROR DNAudit - user=null | ip=null | op=PUT_BLOCK {blockData=[blockId=conID: 13 locID: 102437565227270164 bcsId: 0,size=2621440]} | ret=FAILURE
org.apache.hadoop.hdds.scm.container.common.helpers.ContainerNotOpenException: Container 13 in CLOSED state
	at org.apache.hadoop.ozone.container.common.impl.HddsDispatcher.validateContainerCommand(HddsDispatcher.java:408) ~[hadoop-hdds-container-service-0.5.0-SNAPSHOT.jar:?]
	at org.apache.hadoop.ozone.container.common.transport.server.ratis.ContainerStateMachine.startTransaction(ContainerStateMachine.java:271) ~[hadoop-hdds-container-service-0.5.0-SNAPSHOT.jar:?]
	at org.apache.ratis.server.impl.RaftServerImpl.submitClientRequestAsync(RaftServerImpl.java:566) ~[ratis-server-0.4.0-2337318-SNAPSHOT.jar:0.4.0-2337318-SNAPSHOT]
	at org.apache.ratis.server.impl.RaftServerProxy.lambda$submitClientRequestAsync$7(RaftServerProxy.java:333) ~[ratis-server-0.4.0-2337318-SNAPSHOT.jar:0.4.0-2337318-SNAPSHOT]
	at org.apache.ratis.server.impl.RaftServerProxy.lambda$null$5(RaftServerProxy.java:328) ~[ratis-server-0.4.0-2337318-SNAPSHOT.jar:0.4.0-2337318-SNAPSHOT]
	at org.apache.ratis.util.JavaUtils.callAsUnchecked(JavaUtils.java:109) ~[ratis-common-0.4.0-2337318-SNAPSHOT.jar:0.4.0-2337318-SNAPSHOT]
	at org.apache.ratis.server.impl.RaftServerProxy.lambda$submitRequest$6(RaftServerProxy.java:328) ~[ratis-server-0.4.0-2337318-SNAPSHOT.jar:0.4.0-2337318-SNAPSHOT]
	at java.util.concurrent.CompletableFuture.uniComposeStage(CompletableFuture.java:981) ~[?:1.8.0_212]
	at java.util.concurrent.CompletableFuture.thenCompose(CompletableFuture.java:2124) ~[?:1.8.0_212]
	at org.apache.ratis.server.impl.RaftServerProxy.submitRequest(RaftServerProxy.java:327) ~[ratis-server-0.4.0-2337318-SNAPSHOT.jar:0.4.0-2337318-SNAPSHOT]
	at org.apache.ratis.server.impl.RaftServerProxy.submitClientRequestAsync(RaftServerProxy.java:333) ~[ratis-server-0.4.0-2337318-SNAPSHOT.jar:0.4.0-2337318-SNAPSHOT]
	at org.apache.ratis.grpc.client.GrpcClientProtocolService$RequestStreamObserver.processClientRequest(GrpcClientProtocolService.java:220) ~[ratis-grpc-0.4.0-2337318-SNAPSHOT.jar:0.4.0-2337318-SNAPSHOT]
	at org.apache.ratis.grpc.client.GrpcClientProtocolService$OrderedRequestStreamObserver.processClientRequest(GrpcClientProtocolService.java:326) ~[ratis-grpc-0.4.0-2337318-SNAPSHOT.jar:0.4.0-2337318-SNAPSHOT]
	at org.apache.ratis.util.SlidingWindow$Server.processRequestsFromHead(SlidingWindow.java:429) [ratis-common-0.4.0-2337318-SNAPSHOT.jar:0.4.0-2337318-SNAPSHOT]
	at org.apache.ratis.util.SlidingWindow$Server.receivedRequest(SlidingWindow.java:421) [ratis-common-0.4.0-2337318-SNAPSHOT.jar:0.4.0-2337318-SNAPSHOT]
	at org.apache.ratis.grpc.client.GrpcClientProtocolService$OrderedRequestStreamObserver.processClientRequest(GrpcClientProtocolService.java:345) [ratis-grpc-0.4.0-2337318-SNAPSHOT.jar:0.4.0-2337318-SNAPSHOT]
	at org.apache.ratis.grpc.client.GrpcClientProtocolService$RequestStreamObserver.onNext(GrpcClientProtocolService.java:240) [ratis-grpc-0.4.0-2337318-SNAPSHOT.jar:0.4.0-2337318-SNAPSHOT]
	at org.apache.ratis.grpc.client.GrpcClientProtocolService$RequestStreamObserver.onNext(GrpcClientProtocolService.java:168) [ratis-grpc-0.4.0-2337318-SNAPSHOT.jar:0.4.0-2337318-SNAPSHOT]
	at org.apache.ratis.thirdparty.io.grpc.stub.ServerCalls$StreamingServerCallHandler$StreamingServerCallListener.onMessage(ServerCalls.java:248) [ratis-thirdparty-misc-0.2.0.jar:0.2.0]
	at org.apache.ratis.thirdparty.io.grpc.internal.ServerCallImpl$ServerStreamListenerImpl.messagesAvailable(ServerCallImpl.java:263) [ratis-thirdparty-misc-0.2.0.jar:0.2.0]
	at org.apache.ratis.thirdparty.io.grpc.internal.ServerImpl$JumpToApplicationThreadServerStreamListener$1MessagesAvailable.runInContext(ServerImpl.java:686) [ratis-thirdparty-misc-0.2.0.jar:0.2.0]
	at org.apache.ratis.thirdparty.io.grpc.internal.ContextRunnable.run(ContextRunnable.java:37) [ratis-thirdparty-misc-0.2.0.jar:0.2.0]
	at org.apache.ratis.thirdparty.io.grpc.internal.SerializingExecutor.run(SerializingExecutor.java:123) [ratis-thirdparty-misc-0.2.0.jar:0.2.0]
	at java.util.concurrent.ThreadPoolExecutor.runWorker(ThreadPoolExecutor.java:1149) [?:1.8.0_212]
	at java.util.concurrent.ThreadPoolExecutor$Worker.run(ThreadPoolExecutor.java:624) [?:1.8.0_212]
	at java.lang.Thread.run(Thread.java:748) [?:1.8.0_212]
2019-07-14 03:00:02,117 INFO  client.GrpcClientProtocolClient (GrpcClientProtocolClient.java:onNext(255)) - client-4F3539AB58BE->62eb672d-939f-49f6-a9fd-ed4c4188786c: receive RaftClientReply:client-4F3539AB58BE->62eb672d-939f-49f6-a9fd-ed4c4188786c@group-7673ED6FC0CC, cid=113, FAILED org.apache.ratis.protocol.StateMachineException: org.apache.hadoop.hdds.scm.container.common.helpers.ContainerNotOpenException from Server 62eb672d-939f-49f6-a9fd-ed4c4188786c: Container 13 in CLOSED state, logIndex=0, commits[62eb672d-939f-49f6-a9fd-ed4c4188786c:c75, 6be3eaff-6f86-4ec8-a3c0-aa1db7a5b454:c74, 4ac04301-88ad-4991-ac3b-3db3067a4843:c74]
2019-07-14 03:00:02,125 INFO  client.GrpcClientProtocolClient (GrpcClientProtocolClient.java:onNext(255)) - client-4F3539AB58BE->62eb672d-939f-49f6-a9fd-ed4c4188786c: receive RaftClientReply:client-4F3539AB58BE->62eb672d-939f-49f6-a9fd-ed4c4188786c@group-7673ED6FC0CC, cid=114, FAILED org.apache.ratis.protocol.StateMachineException: org.apache.hadoop.hdds.scm.container.common.helpers.ContainerNotOpenException from Server 62eb672d-939f-49f6-a9fd-ed4c4188786c: Container 13 in CLOSED state, logIndex=0, commits[62eb672d-939f-49f6-a9fd-ed4c4188786c:c75, 6be3eaff-6f86-4ec8-a3c0-aa1db7a5b454:c74, 4ac04301-88ad-4991-ac3b-3db3067a4843:c74]
2019-07-14 03:00:02,268 INFO  client.GrpcClientProtocolClient (GrpcClientProtocolClient.java:onNext(255)) - client-4F3539AB58BE->62eb672d-939f-49f6-a9fd-ed4c4188786c: receive RaftClientReply:client-4F3539AB58BE->62eb672d-939f-49f6-a9fd-ed4c4188786c@group-7673ED6FC0CC, cid=115, SUCCESS, logIndex=76, commits[62eb672d-939f-49f6-a9fd-ed4c4188786c:c77, 6be3eaff-6f86-4ec8-a3c0-aa1db7a5b454:c75, 4ac04301-88ad-4991-ac3b-3db3067a4843:c75]
2019-07-14 03:00:02,348 INFO  client.GrpcClientProtocolClient (GrpcClientProtocolClient.java:onNext(255)) - client-4F3539AB58BE->62eb672d-939f-49f6-a9fd-ed4c4188786c: receive RaftClientReply:client-4F3539AB58BE->62eb672d-939f-49f6-a9fd-ed4c4188786c@group-7673ED6FC0CC, cid=116, SUCCESS, logIndex=77, commits[62eb672d-939f-49f6-a9fd-ed4c4188786c:c79, 6be3eaff-6f86-4ec8-a3c0-aa1db7a5b454:c77, 4ac04301-88ad-4991-ac3b-3db3067a4843:c77]
2019-07-14 03:00:02,541 INFO  pipeline.Pipeline (Pipeline.java:getProtobufMessage(195)) - Serialize pipeline PipelineID=81fe083f-4b0f-4be3-b8a0-7673ed6fc0cc with nodesInOrder{ }
2019-07-14 03:00:02,543 INFO  pipeline.Pipeline (Pipeline.java:build(342)) - Deserialize nodesInOrder [4ac04301-88ad-4991-ac3b-3db3067a4843{ip: 192.168.157.236, host: trunk-nightly-k88cw-3644625431, networkLocation: /default-rack, certSerialId: null}, 4ac04301-88ad-4991-ac3b-3db3067a4843{ip: 192.168.157.236, host: trunk-nightly-k88cw-3644625431, networkLocation: /default-rack, certSerialId: null}, 4ac04301-88ad-4991-ac3b-3db3067a4843{ip: 192.168.157.236, host: trunk-nightly-k88cw-3644625431, networkLocation: /default-rack, certSerialId: null}] in pipeline PipelineID=81fe083f-4b0f-4be3-b8a0-7673ed6fc0cc
]]></system-out>
  </testcase>
  <testcase name="testMultiBlockWrites3" classname="org.apache.hadoop.ozone.client.rpc.TestCloseContainerHandlingByClient" time="3.872">
    <error type="java.lang.IllegalArgumentException">java.lang.IllegalArgumentException
	at com.google.common.base.Preconditions.checkArgument(Preconditions.java:72)
	at org.apache.hadoop.hdds.scm.XceiverClientManager.acquireClient(XceiverClientManager.java:150)
	at org.apache.hadoop.hdds.scm.XceiverClientManager.acquireClientForReadData(XceiverClientManager.java:143)
	at org.apache.hadoop.hdds.scm.storage.BlockInputStream.getChunkInfos(BlockInputStream.java:154)
	at org.apache.hadoop.hdds.scm.storage.BlockInputStream.initialize(BlockInputStream.java:118)
	at org.apache.hadoop.hdds.scm.storage.BlockInputStream.read(BlockInputStream.java:222)
	at org.apache.hadoop.ozone.client.io.KeyInputStream.read(KeyInputStream.java:171)
	at org.apache.hadoop.ozone.client.io.OzoneInputStream.read(OzoneInputStream.java:47)
	at java.io.InputStream.read(InputStream.java:101)
	at org.apache.hadoop.ozone.client.rpc.TestCloseContainerHandlingByClient.testMultiBlockWrites3(TestCloseContainerHandlingByClient.java:325)
	at sun.reflect.NativeMethodAccessorImpl.invoke0(Native Method)
	at sun.reflect.NativeMethodAccessorImpl.invoke(NativeMethodAccessorImpl.java:62)
	at sun.reflect.DelegatingMethodAccessorImpl.invoke(DelegatingMethodAccessorImpl.java:43)
	at java.lang.reflect.Method.invoke(Method.java:498)
	at org.junit.runners.model.FrameworkMethod$1.runReflectiveCall(FrameworkMethod.java:47)
	at org.junit.internal.runners.model.ReflectiveCallable.run(ReflectiveCallable.java:12)
	at org.junit.runners.model.FrameworkMethod.invokeExplosively(FrameworkMethod.java:44)
	at org.junit.internal.runners.statements.InvokeMethod.evaluate(InvokeMethod.java:17)
	at org.junit.runners.ParentRunner.runLeaf(ParentRunner.java:271)
	at org.junit.runners.BlockJUnit4ClassRunner.runChild(BlockJUnit4ClassRunner.java:70)
	at org.junit.runners.BlockJUnit4ClassRunner.runChild(BlockJUnit4ClassRunner.java:50)
	at org.junit.runners.ParentRunner$3.run(ParentRunner.java:238)
	at org.junit.runners.ParentRunner$1.schedule(ParentRunner.java:63)
	at org.junit.runners.ParentRunner.runChildren(ParentRunner.java:236)
	at org.junit.runners.ParentRunner.access$000(ParentRunner.java:53)
	at org.junit.runners.ParentRunner$2.evaluate(ParentRunner.java:229)
	at org.junit.internal.runners.statements.RunBefores.evaluate(RunBefores.java:26)
	at org.junit.internal.runners.statements.RunAfters.evaluate(RunAfters.java:27)
	at org.junit.runners.ParentRunner.run(ParentRunner.java:309)
	at org.apache.maven.surefire.junit4.JUnit4Provider.execute(JUnit4Provider.java:365)
	at org.apache.maven.surefire.junit4.JUnit4Provider.executeWithRerun(JUnit4Provider.java:273)
	at org.apache.maven.surefire.junit4.JUnit4Provider.executeTestSet(JUnit4Provider.java:238)
	at org.apache.maven.surefire.junit4.JUnit4Provider.invoke(JUnit4Provider.java:159)
	at org.apache.maven.surefire.booter.ForkedBooter.invokeProviderInSameClassLoader(ForkedBooter.java:384)
	at org.apache.maven.surefire.booter.ForkedBooter.runSuitesInProcess(ForkedBooter.java:345)
	at org.apache.maven.surefire.booter.ForkedBooter.execute(ForkedBooter.java:126)
	at org.apache.maven.surefire.booter.ForkedBooter.main(ForkedBooter.java:418)
</error>
    <system-out><![CDATA[2019-07-14 03:00:02,909 INFO  client.GrpcClientProtocolClient (GrpcClientProtocolClient.java:onNext(255)) - client-697322564F05->8ae50d8f-9cf4-47f9-b3f8-8f630245bc5b: receive RaftClientReply:client-697322564F05->8ae50d8f-9cf4-47f9-b3f8-8f630245bc5b@group-479F7A84264D, cid=117, SUCCESS, logIndex=92, commits[8ae50d8f-9cf4-47f9-b3f8-8f630245bc5b:c94, 76e55045-95ee-4cd8-b4ae-2b92b0d86bc4:c91, f492c16f-2f7a-465f-93ad-e1550f6bae23:c91]
2019-07-14 03:00:02,952 INFO  client.GrpcClientProtocolClient (GrpcClientProtocolClient.java:onNext(255)) - client-697322564F05->8ae50d8f-9cf4-47f9-b3f8-8f630245bc5b: receive RaftClientReply:client-697322564F05->8ae50d8f-9cf4-47f9-b3f8-8f630245bc5b@group-479F7A84264D, cid=118, SUCCESS, logIndex=93, commits[8ae50d8f-9cf4-47f9-b3f8-8f630245bc5b:c98, 76e55045-95ee-4cd8-b4ae-2b92b0d86bc4:c95, f492c16f-2f7a-465f-93ad-e1550f6bae23:c95]
2019-07-14 03:00:02,953 INFO  client.GrpcClientProtocolClient (GrpcClientProtocolClient.java:onNext(255)) - client-697322564F05->8ae50d8f-9cf4-47f9-b3f8-8f630245bc5b: receive RaftClientReply:client-697322564F05->8ae50d8f-9cf4-47f9-b3f8-8f630245bc5b@group-479F7A84264D, cid=119, SUCCESS, logIndex=94, commits[8ae50d8f-9cf4-47f9-b3f8-8f630245bc5b:c98, 76e55045-95ee-4cd8-b4ae-2b92b0d86bc4:c95, f492c16f-2f7a-465f-93ad-e1550f6bae23:c95]
2019-07-14 03:00:03,029 INFO  client.GrpcClientProtocolClient (GrpcClientProtocolClient.java:onNext(255)) - client-697322564F05->8ae50d8f-9cf4-47f9-b3f8-8f630245bc5b: receive RaftClientReply:client-697322564F05->8ae50d8f-9cf4-47f9-b3f8-8f630245bc5b@group-479F7A84264D, cid=120, SUCCESS, logIndex=95, commits[8ae50d8f-9cf4-47f9-b3f8-8f630245bc5b:c98, 76e55045-95ee-4cd8-b4ae-2b92b0d86bc4:c95, f492c16f-2f7a-465f-93ad-e1550f6bae23:c95]
2019-07-14 03:00:03,056 INFO  client.GrpcClientProtocolClient (GrpcClientProtocolClient.java:onNext(255)) - client-697322564F05->8ae50d8f-9cf4-47f9-b3f8-8f630245bc5b: receive RaftClientReply:client-697322564F05->8ae50d8f-9cf4-47f9-b3f8-8f630245bc5b@group-479F7A84264D, cid=121, SUCCESS, logIndex=99, commits[8ae50d8f-9cf4-47f9-b3f8-8f630245bc5b:c100, 76e55045-95ee-4cd8-b4ae-2b92b0d86bc4:c98, f492c16f-2f7a-465f-93ad-e1550f6bae23:c98]
2019-07-14 03:00:03,057 INFO  client.GrpcClientProtocolClient (GrpcClientProtocolClient.java:onNext(255)) - client-697322564F05->8ae50d8f-9cf4-47f9-b3f8-8f630245bc5b: receive RaftClientReply:client-697322564F05->8ae50d8f-9cf4-47f9-b3f8-8f630245bc5b@group-479F7A84264D, cid=122, SUCCESS, logIndex=100, commits[8ae50d8f-9cf4-47f9-b3f8-8f630245bc5b:c102, 76e55045-95ee-4cd8-b4ae-2b92b0d86bc4:c98, f492c16f-2f7a-465f-93ad-e1550f6bae23:c98]
2019-07-14 03:00:03,058 INFO  client.GrpcClientProtocolClient (GrpcClientProtocolClient.java:onNext(255)) - client-697322564F05->8ae50d8f-9cf4-47f9-b3f8-8f630245bc5b: receive RaftClientReply:client-697322564F05->8ae50d8f-9cf4-47f9-b3f8-8f630245bc5b@group-479F7A84264D, cid=123, SUCCESS, logIndex=101, commits[8ae50d8f-9cf4-47f9-b3f8-8f630245bc5b:c102, 76e55045-95ee-4cd8-b4ae-2b92b0d86bc4:c98, f492c16f-2f7a-465f-93ad-e1550f6bae23:c98]
2019-07-14 03:00:03,059 INFO  client.GrpcClientProtocolClient (GrpcClientProtocolClient.java:onNext(255)) - client-697322564F05->8ae50d8f-9cf4-47f9-b3f8-8f630245bc5b: receive RaftClientReply:client-697322564F05->8ae50d8f-9cf4-47f9-b3f8-8f630245bc5b@group-479F7A84264D, cid=124, SUCCESS, logIndex=102, commits[8ae50d8f-9cf4-47f9-b3f8-8f630245bc5b:c102, 76e55045-95ee-4cd8-b4ae-2b92b0d86bc4:c98, f492c16f-2f7a-465f-93ad-e1550f6bae23:c98]
2019-07-14 03:00:03,068 INFO  client.GrpcClientProtocolClient (GrpcClientProtocolClient.java:onNext(255)) - client-697322564F05->8ae50d8f-9cf4-47f9-b3f8-8f630245bc5b: receive RaftClientReply:client-697322564F05->8ae50d8f-9cf4-47f9-b3f8-8f630245bc5b@group-479F7A84264D, cid=125, SUCCESS, logIndex=0, commits[8ae50d8f-9cf4-47f9-b3f8-8f630245bc5b:c103, 76e55045-95ee-4cd8-b4ae-2b92b0d86bc4:c100, f492c16f-2f7a-465f-93ad-e1550f6bae23:c100]
2019-07-14 03:00:03,070 INFO  client.GrpcClientProtocolClient (GrpcClientProtocolClient.java:onNext(255)) - client-697322564F05->8ae50d8f-9cf4-47f9-b3f8-8f630245bc5b: receive RaftClientReply:client-697322564F05->8ae50d8f-9cf4-47f9-b3f8-8f630245bc5b@group-479F7A84264D, cid=126, SUCCESS, logIndex=0, commits[8ae50d8f-9cf4-47f9-b3f8-8f630245bc5b:c106, 76e55045-95ee-4cd8-b4ae-2b92b0d86bc4:c102, f492c16f-2f7a-465f-93ad-e1550f6bae23:c102]
2019-07-14 03:00:03,094 INFO  client.GrpcClientProtocolClient (GrpcClientProtocolClient.java:onNext(255)) - client-4F3539AB58BE->62eb672d-939f-49f6-a9fd-ed4c4188786c: receive RaftClientReply:client-4F3539AB58BE->62eb672d-939f-49f6-a9fd-ed4c4188786c@group-7673ED6FC0CC, cid=127, SUCCESS, logIndex=80, commits[62eb672d-939f-49f6-a9fd-ed4c4188786c:c81, 6be3eaff-6f86-4ec8-a3c0-aa1db7a5b454:c79, 4ac04301-88ad-4991-ac3b-3db3067a4843:c79]
2019-07-14 03:00:03,095 INFO  client.GrpcClientProtocolClient (GrpcClientProtocolClient.java:onNext(255)) - client-4F3539AB58BE->62eb672d-939f-49f6-a9fd-ed4c4188786c: receive RaftClientReply:client-4F3539AB58BE->62eb672d-939f-49f6-a9fd-ed4c4188786c@group-7673ED6FC0CC, cid=128, SUCCESS, logIndex=81, commits[62eb672d-939f-49f6-a9fd-ed4c4188786c:c83, 6be3eaff-6f86-4ec8-a3c0-aa1db7a5b454:c79, 4ac04301-88ad-4991-ac3b-3db3067a4843:c79]
2019-07-14 03:00:03,096 INFO  client.GrpcClientProtocolClient (GrpcClientProtocolClient.java:onNext(255)) - client-4F3539AB58BE->62eb672d-939f-49f6-a9fd-ed4c4188786c: receive RaftClientReply:client-4F3539AB58BE->62eb672d-939f-49f6-a9fd-ed4c4188786c@group-7673ED6FC0CC, cid=129, SUCCESS, logIndex=82, commits[62eb672d-939f-49f6-a9fd-ed4c4188786c:c83, 6be3eaff-6f86-4ec8-a3c0-aa1db7a5b454:c79, 4ac04301-88ad-4991-ac3b-3db3067a4843:c79]
2019-07-14 03:00:03,097 INFO  client.GrpcClientProtocolClient (GrpcClientProtocolClient.java:onNext(255)) - client-4F3539AB58BE->62eb672d-939f-49f6-a9fd-ed4c4188786c: receive RaftClientReply:client-4F3539AB58BE->62eb672d-939f-49f6-a9fd-ed4c4188786c@group-7673ED6FC0CC, cid=130, SUCCESS, logIndex=83, commits[62eb672d-939f-49f6-a9fd-ed4c4188786c:c84, 6be3eaff-6f86-4ec8-a3c0-aa1db7a5b454:c79, 4ac04301-88ad-4991-ac3b-3db3067a4843:c81]
2019-07-14 03:00:03,098 INFO  client.GrpcClientProtocolClient (GrpcClientProtocolClient.java:onNext(255)) - client-4F3539AB58BE->62eb672d-939f-49f6-a9fd-ed4c4188786c: receive RaftClientReply:client-4F3539AB58BE->62eb672d-939f-49f6-a9fd-ed4c4188786c@group-7673ED6FC0CC, cid=131, SUCCESS, logIndex=0, commits[62eb672d-939f-49f6-a9fd-ed4c4188786c:c87, 6be3eaff-6f86-4ec8-a3c0-aa1db7a5b454:c83, 4ac04301-88ad-4991-ac3b-3db3067a4843:c82]
2019-07-14 03:00:03,128 INFO  client.GrpcClientProtocolClient (GrpcClientProtocolClient.java:onNext(255)) - client-4F3539AB58BE->62eb672d-939f-49f6-a9fd-ed4c4188786c: receive RaftClientReply:client-4F3539AB58BE->62eb672d-939f-49f6-a9fd-ed4c4188786c@group-7673ED6FC0CC, cid=132, SUCCESS, logIndex=88, commits[62eb672d-939f-49f6-a9fd-ed4c4188786c:c89, 6be3eaff-6f86-4ec8-a3c0-aa1db7a5b454:c87, 4ac04301-88ad-4991-ac3b-3db3067a4843:c87]
2019-07-14 03:00:03,129 INFO  client.GrpcClientProtocolClient (GrpcClientProtocolClient.java:onNext(255)) - client-4F3539AB58BE->62eb672d-939f-49f6-a9fd-ed4c4188786c: receive RaftClientReply:client-4F3539AB58BE->62eb672d-939f-49f6-a9fd-ed4c4188786c@group-7673ED6FC0CC, cid=133, SUCCESS, logIndex=89, commits[62eb672d-939f-49f6-a9fd-ed4c4188786c:c89, 6be3eaff-6f86-4ec8-a3c0-aa1db7a5b454:c87, 4ac04301-88ad-4991-ac3b-3db3067a4843:c87]
2019-07-14 03:00:03,151 INFO  client.GrpcClientProtocolClient (GrpcClientProtocolClient.java:onNext(255)) - client-4F3539AB58BE->62eb672d-939f-49f6-a9fd-ed4c4188786c: receive RaftClientReply:client-4F3539AB58BE->62eb672d-939f-49f6-a9fd-ed4c4188786c@group-7673ED6FC0CC, cid=134, SUCCESS, logIndex=92, commits[62eb672d-939f-49f6-a9fd-ed4c4188786c:c93, 6be3eaff-6f86-4ec8-a3c0-aa1db7a5b454:c90, 4ac04301-88ad-4991-ac3b-3db3067a4843:c90]
2019-07-14 03:00:03,152 INFO  client.GrpcClientProtocolClient (GrpcClientProtocolClient.java:onNext(255)) - client-4F3539AB58BE->62eb672d-939f-49f6-a9fd-ed4c4188786c: receive RaftClientReply:client-4F3539AB58BE->62eb672d-939f-49f6-a9fd-ed4c4188786c@group-7673ED6FC0CC, cid=135, SUCCESS, logIndex=93, commits[62eb672d-939f-49f6-a9fd-ed4c4188786c:c93, 6be3eaff-6f86-4ec8-a3c0-aa1db7a5b454:c90, 4ac04301-88ad-4991-ac3b-3db3067a4843:c90]
2019-07-14 03:00:03,165 INFO  client.GrpcClientProtocolClient (GrpcClientProtocolClient.java:onNext(255)) - client-4F3539AB58BE->62eb672d-939f-49f6-a9fd-ed4c4188786c: receive RaftClientReply:client-4F3539AB58BE->62eb672d-939f-49f6-a9fd-ed4c4188786c@group-7673ED6FC0CC, cid=136, SUCCESS, logIndex=0, commits[62eb672d-939f-49f6-a9fd-ed4c4188786c:c95, 6be3eaff-6f86-4ec8-a3c0-aa1db7a5b454:c93, 4ac04301-88ad-4991-ac3b-3db3067a4843:c93]
2019-07-14 03:00:03,298 INFO  client.GrpcClientProtocolClient (GrpcClientProtocolClient.java:onNext(255)) - client-697322564F05->8ae50d8f-9cf4-47f9-b3f8-8f630245bc5b: receive RaftClientReply:client-697322564F05->8ae50d8f-9cf4-47f9-b3f8-8f630245bc5b@group-479F7A84264D, cid=137, SUCCESS, logIndex=107, commits[8ae50d8f-9cf4-47f9-b3f8-8f630245bc5b:c110, 76e55045-95ee-4cd8-b4ae-2b92b0d86bc4:c106, f492c16f-2f7a-465f-93ad-e1550f6bae23:c106]
2019-07-14 03:00:03,339 INFO  client.GrpcClientProtocolClient (GrpcClientProtocolClient.java:onNext(255)) - client-697322564F05->8ae50d8f-9cf4-47f9-b3f8-8f630245bc5b: receive RaftClientReply:client-697322564F05->8ae50d8f-9cf4-47f9-b3f8-8f630245bc5b@group-479F7A84264D, cid=138, SUCCESS, logIndex=108, commits[8ae50d8f-9cf4-47f9-b3f8-8f630245bc5b:c114, 76e55045-95ee-4cd8-b4ae-2b92b0d86bc4:c110, f492c16f-2f7a-465f-93ad-e1550f6bae23:c110]
2019-07-14 03:00:03,339 INFO  client.GrpcClientProtocolClient (GrpcClientProtocolClient.java:onNext(255)) - client-697322564F05->8ae50d8f-9cf4-47f9-b3f8-8f630245bc5b: receive RaftClientReply:client-697322564F05->8ae50d8f-9cf4-47f9-b3f8-8f630245bc5b@group-479F7A84264D, cid=139, SUCCESS, logIndex=109, commits[8ae50d8f-9cf4-47f9-b3f8-8f630245bc5b:c114, 76e55045-95ee-4cd8-b4ae-2b92b0d86bc4:c110, f492c16f-2f7a-465f-93ad-e1550f6bae23:c110]
2019-07-14 03:00:03,445 INFO  client.GrpcClientProtocolClient (GrpcClientProtocolClient.java:onNext(255)) - client-697322564F05->8ae50d8f-9cf4-47f9-b3f8-8f630245bc5b: receive RaftClientReply:client-697322564F05->8ae50d8f-9cf4-47f9-b3f8-8f630245bc5b@group-479F7A84264D, cid=140, SUCCESS, logIndex=110, commits[8ae50d8f-9cf4-47f9-b3f8-8f630245bc5b:c114, 76e55045-95ee-4cd8-b4ae-2b92b0d86bc4:c110, f492c16f-2f7a-465f-93ad-e1550f6bae23:c110]
2019-07-14 03:00:03,471 INFO  client.GrpcClientProtocolClient (GrpcClientProtocolClient.java:onNext(255)) - client-697322564F05->8ae50d8f-9cf4-47f9-b3f8-8f630245bc5b: receive RaftClientReply:client-697322564F05->8ae50d8f-9cf4-47f9-b3f8-8f630245bc5b@group-479F7A84264D, cid=141, SUCCESS, logIndex=115, commits[8ae50d8f-9cf4-47f9-b3f8-8f630245bc5b:c116, 76e55045-95ee-4cd8-b4ae-2b92b0d86bc4:c114, f492c16f-2f7a-465f-93ad-e1550f6bae23:c114]
2019-07-14 03:00:03,472 INFO  client.GrpcClientProtocolClient (GrpcClientProtocolClient.java:onNext(255)) - client-697322564F05->8ae50d8f-9cf4-47f9-b3f8-8f630245bc5b: receive RaftClientReply:client-697322564F05->8ae50d8f-9cf4-47f9-b3f8-8f630245bc5b@group-479F7A84264D, cid=142, SUCCESS, logIndex=116, commits[8ae50d8f-9cf4-47f9-b3f8-8f630245bc5b:c118, 76e55045-95ee-4cd8-b4ae-2b92b0d86bc4:c114, f492c16f-2f7a-465f-93ad-e1550f6bae23:c114]
2019-07-14 03:00:03,473 INFO  client.GrpcClientProtocolClient (GrpcClientProtocolClient.java:onNext(255)) - client-697322564F05->8ae50d8f-9cf4-47f9-b3f8-8f630245bc5b: receive RaftClientReply:client-697322564F05->8ae50d8f-9cf4-47f9-b3f8-8f630245bc5b@group-479F7A84264D, cid=143, SUCCESS, logIndex=117, commits[8ae50d8f-9cf4-47f9-b3f8-8f630245bc5b:c118, 76e55045-95ee-4cd8-b4ae-2b92b0d86bc4:c116, f492c16f-2f7a-465f-93ad-e1550f6bae23:c114]
2019-07-14 03:00:03,474 INFO  client.GrpcClientProtocolClient (GrpcClientProtocolClient.java:onNext(255)) - client-697322564F05->8ae50d8f-9cf4-47f9-b3f8-8f630245bc5b: receive RaftClientReply:client-697322564F05->8ae50d8f-9cf4-47f9-b3f8-8f630245bc5b@group-479F7A84264D, cid=144, SUCCESS, logIndex=118, commits[8ae50d8f-9cf4-47f9-b3f8-8f630245bc5b:c119, 76e55045-95ee-4cd8-b4ae-2b92b0d86bc4:c116, f492c16f-2f7a-465f-93ad-e1550f6bae23:c116]
2019-07-14 03:00:03,476 INFO  client.GrpcClientProtocolClient (GrpcClientProtocolClient.java:onNext(255)) - client-697322564F05->8ae50d8f-9cf4-47f9-b3f8-8f630245bc5b: receive RaftClientReply:client-697322564F05->8ae50d8f-9cf4-47f9-b3f8-8f630245bc5b@group-479F7A84264D, cid=145, SUCCESS, logIndex=0, commits[8ae50d8f-9cf4-47f9-b3f8-8f630245bc5b:c121, 76e55045-95ee-4cd8-b4ae-2b92b0d86bc4:c118, f492c16f-2f7a-465f-93ad-e1550f6bae23:c118]
2019-07-14 03:00:03,480 INFO  container.CloseContainerEventHandler (CloseContainerEventHandler.java:onMessage(61)) - Close container Event triggered for container : #15
2019-07-14 03:00:03,480 INFO  container.CloseContainerEventHandler (CloseContainerEventHandler.java:onMessage(61)) - Close container Event triggered for container : #15
2019-07-14 03:00:03,481 INFO  container.CloseContainerEventHandler (CloseContainerEventHandler.java:onMessage(61)) - Close container Event triggered for container : #15
2019-07-14 03:00:03,481 INFO  container.CloseContainerEventHandler (CloseContainerEventHandler.java:onMessage(61)) - Close container Event triggered for container : #6
2019-07-14 03:00:03,481 INFO  container.CloseContainerEventHandler (CloseContainerEventHandler.java:onMessage(61)) - Close container Event triggered for container : #6
2019-07-14 03:00:03,481 INFO  container.CloseContainerEventHandler (CloseContainerEventHandler.java:onMessage(61)) - Close container Event triggered for container : #6
2019-07-14 03:00:03,481 INFO  container.CloseContainerEventHandler (CloseContainerEventHandler.java:onMessage(61)) - Close container Event triggered for container : #16
2019-07-14 03:00:03,482 INFO  container.CloseContainerEventHandler (CloseContainerEventHandler.java:onMessage(61)) - Close container Event triggered for container : #16
2019-07-14 03:00:03,482 INFO  container.CloseContainerEventHandler (CloseContainerEventHandler.java:onMessage(61)) - Close container Event triggered for container : #16
2019-07-14 03:00:03,482 INFO  container.CloseContainerEventHandler (CloseContainerEventHandler.java:onMessage(61)) - Close container Event triggered for container : #10
2019-07-14 03:00:03,482 INFO  container.CloseContainerEventHandler (CloseContainerEventHandler.java:onMessage(61)) - Close container Event triggered for container : #10
2019-07-14 03:00:03,483 INFO  container.CloseContainerEventHandler (CloseContainerEventHandler.java:onMessage(61)) - Close container Event triggered for container : #10
2019-07-14 03:00:03,502 INFO  client.GrpcClientProtocolClient (GrpcClientProtocolClient.java:onNext(255)) - client-4F3539AB58BE->62eb672d-939f-49f6-a9fd-ed4c4188786c: receive RaftClientReply:client-4F3539AB58BE->62eb672d-939f-49f6-a9fd-ed4c4188786c@group-7673ED6FC0CC, cid=146, SUCCESS, logIndex=96, commits[62eb672d-939f-49f6-a9fd-ed4c4188786c:c97, 6be3eaff-6f86-4ec8-a3c0-aa1db7a5b454:c95, 4ac04301-88ad-4991-ac3b-3db3067a4843:c95]
2019-07-14 03:00:03,503 INFO  client.GrpcClientProtocolClient (GrpcClientProtocolClient.java:onNext(255)) - client-4F3539AB58BE->62eb672d-939f-49f6-a9fd-ed4c4188786c: receive RaftClientReply:client-4F3539AB58BE->62eb672d-939f-49f6-a9fd-ed4c4188786c@group-7673ED6FC0CC, cid=147, SUCCESS, logIndex=97, commits[62eb672d-939f-49f6-a9fd-ed4c4188786c:c97, 6be3eaff-6f86-4ec8-a3c0-aa1db7a5b454:c95, 4ac04301-88ad-4991-ac3b-3db3067a4843:c95]
2019-07-14 03:00:04,929 INFO  interfaces.Container (KeyValueContainer.java:compactDB(356)) - Container 15 is closed with bcsId 102.
2019-07-14 03:00:04,959 INFO  interfaces.Container (KeyValueContainer.java:compactDB(356)) - Container 15 is closed with bcsId 102.
2019-07-14 03:00:04,959 INFO  interfaces.Container (KeyValueContainer.java:compactDB(356)) - Container 15 is closed with bcsId 102.
2019-07-14 03:00:04,977 INFO  interfaces.Container (KeyValueContainer.java:compactDB(356)) - Container 16 is closed with bcsId 118.
2019-07-14 03:00:04,996 INFO  interfaces.Container (KeyValueContainer.java:compactDB(356)) - Container 16 is closed with bcsId 118.
2019-07-14 03:00:04,998 INFO  interfaces.Container (KeyValueContainer.java:compactDB(356)) - Container 16 is closed with bcsId 118.
2019-07-14 03:00:05,307 INFO  interfaces.Container (KeyValueContainer.java:compactDB(356)) - Container 6 is closed with bcsId 93.
2019-07-14 03:00:05,324 INFO  interfaces.Container (KeyValueContainer.java:compactDB(356)) - Container 6 is closed with bcsId 93.
2019-07-14 03:00:05,338 INFO  interfaces.Container (KeyValueContainer.java:compactDB(356)) - Container 6 is closed with bcsId 93.
2019-07-14 03:00:05,365 INFO  interfaces.Container (KeyValueContainer.java:compactDB(356)) - Container 10 is closed with bcsId 97.
2019-07-14 03:00:05,365 INFO  interfaces.Container (KeyValueContainer.java:compactDB(356)) - Container 10 is closed with bcsId 97.
2019-07-14 03:00:05,397 INFO  interfaces.Container (KeyValueContainer.java:compactDB(356)) - Container 10 is closed with bcsId 97.
03:00:05.488 [grpc-default-executor-1] ERROR DNAudit - user=null | ip=null | op=WRITE_CHUNK {blockData=conID: 10 locID: 102437565403955226 bcsId: 97} | ret=FAILURE
org.apache.hadoop.hdds.scm.container.common.helpers.ContainerNotOpenException: Container 10 in CLOSED state
	at org.apache.hadoop.ozone.container.common.impl.HddsDispatcher.validateContainerCommand(HddsDispatcher.java:408) ~[hadoop-hdds-container-service-0.5.0-SNAPSHOT.jar:?]
	at org.apache.hadoop.ozone.container.common.transport.server.ratis.ContainerStateMachine.startTransaction(ContainerStateMachine.java:271) ~[hadoop-hdds-container-service-0.5.0-SNAPSHOT.jar:?]
	at org.apache.ratis.server.impl.RaftServerImpl.submitClientRequestAsync(RaftServerImpl.java:566) ~[ratis-server-0.4.0-2337318-SNAPSHOT.jar:0.4.0-2337318-SNAPSHOT]
	at org.apache.ratis.server.impl.RaftServerProxy.lambda$submitClientRequestAsync$7(RaftServerProxy.java:333) ~[ratis-server-0.4.0-2337318-SNAPSHOT.jar:0.4.0-2337318-SNAPSHOT]
	at org.apache.ratis.server.impl.RaftServerProxy.lambda$null$5(RaftServerProxy.java:328) ~[ratis-server-0.4.0-2337318-SNAPSHOT.jar:0.4.0-2337318-SNAPSHOT]
	at org.apache.ratis.util.JavaUtils.callAsUnchecked(JavaUtils.java:109) ~[ratis-common-0.4.0-2337318-SNAPSHOT.jar:0.4.0-2337318-SNAPSHOT]
	at org.apache.ratis.server.impl.RaftServerProxy.lambda$submitRequest$6(RaftServerProxy.java:328) ~[ratis-server-0.4.0-2337318-SNAPSHOT.jar:0.4.0-2337318-SNAPSHOT]
	at java.util.concurrent.CompletableFuture.uniComposeStage(CompletableFuture.java:981) ~[?:1.8.0_212]
	at java.util.concurrent.CompletableFuture.thenCompose(CompletableFuture.java:2124) ~[?:1.8.0_212]
	at org.apache.ratis.server.impl.RaftServerProxy.submitRequest(RaftServerProxy.java:327) ~[ratis-server-0.4.0-2337318-SNAPSHOT.jar:0.4.0-2337318-SNAPSHOT]
	at org.apache.ratis.server.impl.RaftServerProxy.submitClientRequestAsync(RaftServerProxy.java:333) ~[ratis-server-0.4.0-2337318-SNAPSHOT.jar:0.4.0-2337318-SNAPSHOT]
	at org.apache.ratis.grpc.client.GrpcClientProtocolService$RequestStreamObserver.processClientRequest(GrpcClientProtocolService.java:220) ~[ratis-grpc-0.4.0-2337318-SNAPSHOT.jar:0.4.0-2337318-SNAPSHOT]
	at org.apache.ratis.grpc.client.GrpcClientProtocolService$OrderedRequestStreamObserver.processClientRequest(GrpcClientProtocolService.java:326) ~[ratis-grpc-0.4.0-2337318-SNAPSHOT.jar:0.4.0-2337318-SNAPSHOT]
	at org.apache.ratis.util.SlidingWindow$Server.processRequestsFromHead(SlidingWindow.java:429) [ratis-common-0.4.0-2337318-SNAPSHOT.jar:0.4.0-2337318-SNAPSHOT]
	at org.apache.ratis.util.SlidingWindow$Server.receivedRequest(SlidingWindow.java:421) [ratis-common-0.4.0-2337318-SNAPSHOT.jar:0.4.0-2337318-SNAPSHOT]
	at org.apache.ratis.grpc.client.GrpcClientProtocolService$OrderedRequestStreamObserver.processClientRequest(GrpcClientProtocolService.java:345) [ratis-grpc-0.4.0-2337318-SNAPSHOT.jar:0.4.0-2337318-SNAPSHOT]
	at org.apache.ratis.grpc.client.GrpcClientProtocolService$RequestStreamObserver.onNext(GrpcClientProtocolService.java:240) [ratis-grpc-0.4.0-2337318-SNAPSHOT.jar:0.4.0-2337318-SNAPSHOT]
	at org.apache.ratis.grpc.client.GrpcClientProtocolService$RequestStreamObserver.onNext(GrpcClientProtocolService.java:168) [ratis-grpc-0.4.0-2337318-SNAPSHOT.jar:0.4.0-2337318-SNAPSHOT]
	at org.apache.ratis.thirdparty.io.grpc.stub.ServerCalls$StreamingServerCallHandler$StreamingServerCallListener.onMessage(ServerCalls.java:248) [ratis-thirdparty-misc-0.2.0.jar:0.2.0]
	at org.apache.ratis.thirdparty.io.grpc.internal.ServerCallImpl$ServerStreamListenerImpl.messagesAvailable(ServerCallImpl.java:263) [ratis-thirdparty-misc-0.2.0.jar:0.2.0]
	at org.apache.ratis.thirdparty.io.grpc.internal.ServerImpl$JumpToApplicationThreadServerStreamListener$1MessagesAvailable.runInContext(ServerImpl.java:686) [ratis-thirdparty-misc-0.2.0.jar:0.2.0]
	at org.apache.ratis.thirdparty.io.grpc.internal.ContextRunnable.run(ContextRunnable.java:37) [ratis-thirdparty-misc-0.2.0.jar:0.2.0]
	at org.apache.ratis.thirdparty.io.grpc.internal.SerializingExecutor.run(SerializingExecutor.java:123) [ratis-thirdparty-misc-0.2.0.jar:0.2.0]
	at java.util.concurrent.ThreadPoolExecutor.runWorker(ThreadPoolExecutor.java:1149) [?:1.8.0_212]
	at java.util.concurrent.ThreadPoolExecutor$Worker.run(ThreadPoolExecutor.java:624) [?:1.8.0_212]
	at java.lang.Thread.run(Thread.java:748) [?:1.8.0_212]
03:00:05.490 [grpc-default-executor-1] ERROR DNAudit - user=null | ip=null | op=PUT_BLOCK {blockData=[blockId=conID: 10 locID: 102437565403955226 bcsId: 0,size=2097152]} | ret=FAILURE
org.apache.hadoop.hdds.scm.container.common.helpers.ContainerNotOpenException: Container 10 in CLOSED state
	at org.apache.hadoop.ozone.container.common.impl.HddsDispatcher.validateContainerCommand(HddsDispatcher.java:408) ~[hadoop-hdds-container-service-0.5.0-SNAPSHOT.jar:?]
	at org.apache.hadoop.ozone.container.common.transport.server.ratis.ContainerStateMachine.startTransaction(ContainerStateMachine.java:271) ~[hadoop-hdds-container-service-0.5.0-SNAPSHOT.jar:?]
	at org.apache.ratis.server.impl.RaftServerImpl.submitClientRequestAsync(RaftServerImpl.java:566) ~[ratis-server-0.4.0-2337318-SNAPSHOT.jar:0.4.0-2337318-SNAPSHOT]
	at org.apache.ratis.server.impl.RaftServerProxy.lambda$submitClientRequestAsync$7(RaftServerProxy.java:333) ~[ratis-server-0.4.0-2337318-SNAPSHOT.jar:0.4.0-2337318-SNAPSHOT]
	at org.apache.ratis.server.impl.RaftServerProxy.lambda$null$5(RaftServerProxy.java:328) ~[ratis-server-0.4.0-2337318-SNAPSHOT.jar:0.4.0-2337318-SNAPSHOT]
	at org.apache.ratis.util.JavaUtils.callAsUnchecked(JavaUtils.java:109) ~[ratis-common-0.4.0-2337318-SNAPSHOT.jar:0.4.0-2337318-SNAPSHOT]
	at org.apache.ratis.server.impl.RaftServerProxy.lambda$submitRequest$6(RaftServerProxy.java:328) ~[ratis-server-0.4.0-2337318-SNAPSHOT.jar:0.4.0-2337318-SNAPSHOT]
	at java.util.concurrent.CompletableFuture.uniComposeStage(CompletableFuture.java:981) ~[?:1.8.0_212]
	at java.util.concurrent.CompletableFuture.thenCompose(CompletableFuture.java:2124) ~[?:1.8.0_212]
	at org.apache.ratis.server.impl.RaftServerProxy.submitRequest(RaftServerProxy.java:327) ~[ratis-server-0.4.0-2337318-SNAPSHOT.jar:0.4.0-2337318-SNAPSHOT]
	at org.apache.ratis.server.impl.RaftServerProxy.submitClientRequestAsync(RaftServerProxy.java:333) ~[ratis-server-0.4.0-2337318-SNAPSHOT.jar:0.4.0-2337318-SNAPSHOT]
	at org.apache.ratis.grpc.client.GrpcClientProtocolService$RequestStreamObserver.processClientRequest(GrpcClientProtocolService.java:220) ~[ratis-grpc-0.4.0-2337318-SNAPSHOT.jar:0.4.0-2337318-SNAPSHOT]
	at org.apache.ratis.grpc.client.GrpcClientProtocolService$OrderedRequestStreamObserver.processClientRequest(GrpcClientProtocolService.java:326) ~[ratis-grpc-0.4.0-2337318-SNAPSHOT.jar:0.4.0-2337318-SNAPSHOT]
	at org.apache.ratis.util.SlidingWindow$Server.processRequestsFromHead(SlidingWindow.java:429) [ratis-common-0.4.0-2337318-SNAPSHOT.jar:0.4.0-2337318-SNAPSHOT]
	at org.apache.ratis.util.SlidingWindow$Server.receivedRequest(SlidingWindow.java:421) [ratis-common-0.4.0-2337318-SNAPSHOT.jar:0.4.0-2337318-SNAPSHOT]
	at org.apache.ratis.grpc.client.GrpcClientProtocolService$OrderedRequestStreamObserver.processClientRequest(GrpcClientProtocolService.java:345) [ratis-grpc-0.4.0-2337318-SNAPSHOT.jar:0.4.0-2337318-SNAPSHOT]
	at org.apache.ratis.grpc.client.GrpcClientProtocolService$RequestStreamObserver.onNext(GrpcClientProtocolService.java:240) [ratis-grpc-0.4.0-2337318-SNAPSHOT.jar:0.4.0-2337318-SNAPSHOT]
	at org.apache.ratis.grpc.client.GrpcClientProtocolService$RequestStreamObserver.onNext(GrpcClientProtocolService.java:168) [ratis-grpc-0.4.0-2337318-SNAPSHOT.jar:0.4.0-2337318-SNAPSHOT]
	at org.apache.ratis.thirdparty.io.grpc.stub.ServerCalls$StreamingServerCallHandler$StreamingServerCallListener.onMessage(ServerCalls.java:248) [ratis-thirdparty-misc-0.2.0.jar:0.2.0]
	at org.apache.ratis.thirdparty.io.grpc.internal.ServerCallImpl$ServerStreamListenerImpl.messagesAvailable(ServerCallImpl.java:263) [ratis-thirdparty-misc-0.2.0.jar:0.2.0]
	at org.apache.ratis.thirdparty.io.grpc.internal.ServerImpl$JumpToApplicationThreadServerStreamListener$1MessagesAvailable.runInContext(ServerImpl.java:686) [ratis-thirdparty-misc-0.2.0.jar:0.2.0]
	at org.apache.ratis.thirdparty.io.grpc.internal.ContextRunnable.run(ContextRunnable.java:37) [ratis-thirdparty-misc-0.2.0.jar:0.2.0]
	at org.apache.ratis.thirdparty.io.grpc.internal.SerializingExecutor.run(SerializingExecutor.java:123) [ratis-thirdparty-misc-0.2.0.jar:0.2.0]
	at java.util.concurrent.ThreadPoolExecutor.runWorker(ThreadPoolExecutor.java:1149) [?:1.8.0_212]
	at java.util.concurrent.ThreadPoolExecutor$Worker.run(ThreadPoolExecutor.java:624) [?:1.8.0_212]
	at java.lang.Thread.run(Thread.java:748) [?:1.8.0_212]
2019-07-14 03:00:05,503 INFO  client.GrpcClientProtocolClient (GrpcClientProtocolClient.java:onNext(255)) - client-4F3539AB58BE->62eb672d-939f-49f6-a9fd-ed4c4188786c: receive RaftClientReply:client-4F3539AB58BE->62eb672d-939f-49f6-a9fd-ed4c4188786c@group-7673ED6FC0CC, cid=148, FAILED org.apache.ratis.protocol.StateMachineException: org.apache.hadoop.hdds.scm.container.common.helpers.ContainerNotOpenException from Server 62eb672d-939f-49f6-a9fd-ed4c4188786c: Container 10 in CLOSED state, logIndex=0, commits[62eb672d-939f-49f6-a9fd-ed4c4188786c:c103, 6be3eaff-6f86-4ec8-a3c0-aa1db7a5b454:c102, 4ac04301-88ad-4991-ac3b-3db3067a4843:c102]
2019-07-14 03:00:05,504 INFO  client.GrpcClientProtocolClient (GrpcClientProtocolClient.java:onNext(255)) - client-4F3539AB58BE->62eb672d-939f-49f6-a9fd-ed4c4188786c: receive RaftClientReply:client-4F3539AB58BE->62eb672d-939f-49f6-a9fd-ed4c4188786c@group-7673ED6FC0CC, cid=149, FAILED org.apache.ratis.protocol.StateMachineException: org.apache.hadoop.hdds.scm.container.common.helpers.ContainerNotOpenException from Server 62eb672d-939f-49f6-a9fd-ed4c4188786c: Container 10 in CLOSED state, logIndex=0, commits[62eb672d-939f-49f6-a9fd-ed4c4188786c:c103, 6be3eaff-6f86-4ec8-a3c0-aa1db7a5b454:c102, 4ac04301-88ad-4991-ac3b-3db3067a4843:c102]
2019-07-14 03:00:06,140 INFO  client.GrpcClientProtocolClient (GrpcClientProtocolClient.java:onNext(255)) - client-697322564F05->8ae50d8f-9cf4-47f9-b3f8-8f630245bc5b: receive RaftClientReply:client-697322564F05->8ae50d8f-9cf4-47f9-b3f8-8f630245bc5b@group-479F7A84264D, cid=150, SUCCESS, logIndex=127, commits[8ae50d8f-9cf4-47f9-b3f8-8f630245bc5b:c130, 76e55045-95ee-4cd8-b4ae-2b92b0d86bc4:c126, f492c16f-2f7a-465f-93ad-e1550f6bae23:c126]
2019-07-14 03:00:06,182 INFO  client.GrpcClientProtocolClient (GrpcClientProtocolClient.java:onNext(255)) - client-697322564F05->8ae50d8f-9cf4-47f9-b3f8-8f630245bc5b: receive RaftClientReply:client-697322564F05->8ae50d8f-9cf4-47f9-b3f8-8f630245bc5b@group-479F7A84264D, cid=151, SUCCESS, logIndex=128, commits[8ae50d8f-9cf4-47f9-b3f8-8f630245bc5b:c132, 76e55045-95ee-4cd8-b4ae-2b92b0d86bc4:c130, f492c16f-2f7a-465f-93ad-e1550f6bae23:c130]
2019-07-14 03:00:06,183 INFO  client.GrpcClientProtocolClient (GrpcClientProtocolClient.java:onNext(255)) - client-697322564F05->8ae50d8f-9cf4-47f9-b3f8-8f630245bc5b: receive RaftClientReply:client-697322564F05->8ae50d8f-9cf4-47f9-b3f8-8f630245bc5b@group-479F7A84264D, cid=152, SUCCESS, logIndex=129, commits[8ae50d8f-9cf4-47f9-b3f8-8f630245bc5b:c132, 76e55045-95ee-4cd8-b4ae-2b92b0d86bc4:c130, f492c16f-2f7a-465f-93ad-e1550f6bae23:c130]
2019-07-14 03:00:06,247 INFO  client.GrpcClientProtocolClient (GrpcClientProtocolClient.java:onNext(255)) - client-697322564F05->8ae50d8f-9cf4-47f9-b3f8-8f630245bc5b: receive RaftClientReply:client-697322564F05->8ae50d8f-9cf4-47f9-b3f8-8f630245bc5b@group-479F7A84264D, cid=153, SUCCESS, logIndex=130, commits[8ae50d8f-9cf4-47f9-b3f8-8f630245bc5b:c132, 76e55045-95ee-4cd8-b4ae-2b92b0d86bc4:c130, f492c16f-2f7a-465f-93ad-e1550f6bae23:c130]
2019-07-14 03:00:06,376 INFO  client.GrpcClientProtocolClient (GrpcClientProtocolClient.java:onNext(255)) - client-697322564F05->8ae50d8f-9cf4-47f9-b3f8-8f630245bc5b: receive RaftClientReply:client-697322564F05->8ae50d8f-9cf4-47f9-b3f8-8f630245bc5b@group-479F7A84264D, cid=154, SUCCESS, logIndex=133, commits[8ae50d8f-9cf4-47f9-b3f8-8f630245bc5b:c134, 76e55045-95ee-4cd8-b4ae-2b92b0d86bc4:c132, f492c16f-2f7a-465f-93ad-e1550f6bae23:c132]
2019-07-14 03:00:06,377 INFO  client.GrpcClientProtocolClient (GrpcClientProtocolClient.java:onNext(255)) - client-697322564F05->8ae50d8f-9cf4-47f9-b3f8-8f630245bc5b: receive RaftClientReply:client-697322564F05->8ae50d8f-9cf4-47f9-b3f8-8f630245bc5b@group-479F7A84264D, cid=155, SUCCESS, logIndex=134, commits[8ae50d8f-9cf4-47f9-b3f8-8f630245bc5b:c136, 76e55045-95ee-4cd8-b4ae-2b92b0d86bc4:c132, f492c16f-2f7a-465f-93ad-e1550f6bae23:c132]
2019-07-14 03:00:06,378 INFO  client.GrpcClientProtocolClient (GrpcClientProtocolClient.java:onNext(255)) - client-697322564F05->8ae50d8f-9cf4-47f9-b3f8-8f630245bc5b: receive RaftClientReply:client-697322564F05->8ae50d8f-9cf4-47f9-b3f8-8f630245bc5b@group-479F7A84264D, cid=156, SUCCESS, logIndex=135, commits[8ae50d8f-9cf4-47f9-b3f8-8f630245bc5b:c136, 76e55045-95ee-4cd8-b4ae-2b92b0d86bc4:c133, f492c16f-2f7a-465f-93ad-e1550f6bae23:c132]
2019-07-14 03:00:06,379 INFO  client.GrpcClientProtocolClient (GrpcClientProtocolClient.java:onNext(255)) - client-697322564F05->8ae50d8f-9cf4-47f9-b3f8-8f630245bc5b: receive RaftClientReply:client-697322564F05->8ae50d8f-9cf4-47f9-b3f8-8f630245bc5b@group-479F7A84264D, cid=157, SUCCESS, logIndex=136, commits[8ae50d8f-9cf4-47f9-b3f8-8f630245bc5b:c137, 76e55045-95ee-4cd8-b4ae-2b92b0d86bc4:c133, f492c16f-2f7a-465f-93ad-e1550f6bae23:c133]
2019-07-14 03:00:06,381 INFO  client.GrpcClientProtocolClient (GrpcClientProtocolClient.java:onNext(255)) - client-697322564F05->8ae50d8f-9cf4-47f9-b3f8-8f630245bc5b: receive RaftClientReply:client-697322564F05->8ae50d8f-9cf4-47f9-b3f8-8f630245bc5b@group-479F7A84264D, cid=158, SUCCESS, logIndex=0, commits[8ae50d8f-9cf4-47f9-b3f8-8f630245bc5b:c140, 76e55045-95ee-4cd8-b4ae-2b92b0d86bc4:c136, f492c16f-2f7a-465f-93ad-e1550f6bae23:c136]
2019-07-14 03:00:06,383 INFO  client.GrpcClientProtocolClient (GrpcClientProtocolClient.java:onNext(255)) - client-697322564F05->8ae50d8f-9cf4-47f9-b3f8-8f630245bc5b: receive RaftClientReply:client-697322564F05->8ae50d8f-9cf4-47f9-b3f8-8f630245bc5b@group-479F7A84264D, cid=159, SUCCESS, logIndex=0, commits[8ae50d8f-9cf4-47f9-b3f8-8f630245bc5b:c140, 76e55045-95ee-4cd8-b4ae-2b92b0d86bc4:c136, f492c16f-2f7a-465f-93ad-e1550f6bae23:c136]
2019-07-14 03:00:06,411 INFO  pipeline.Pipeline (Pipeline.java:getProtobufMessage(195)) - Serialize pipeline PipelineID=c89f0c91-c6b5-4979-b04b-479f7a84264d with nodesInOrder{ }
]]></system-out>
  </testcase>
  <testcase name="testDiscardPreallocatedBlocks" classname="org.apache.hadoop.ozone.client.rpc.TestCloseContainerHandlingByClient" time="0">
    <skipped/>
  </testcase>
</testsuite>