<?xml version="1.0" encoding="UTF-8"?>
<testsuite xmlns:xsi="http://www.w3.org/2001/XMLSchema-instance" xsi:noNamespaceSchemaLocation="https://maven.apache.org/surefire/maven-surefire-plugin/xsd/surefire-test-report.xsd" name="org.apache.hadoop.ozone.client.rpc.TestBlockOutputStreamWithFailures" time="738.08" tests="8" errors="0" skipped="0" failures="1">
  <properties>
    <property name="awt.toolkit" value="sun.awt.X11.XToolkit"/>
    <property name="file.encoding.pkg" value="sun.io"/>
    <property name="java.specification.version" value="1.8"/>
    <property name="sun.cpu.isalist" value=""/>
    <property name="sun.jnu.encoding" value="UTF-8"/>
    <property name="java.class.path" value="/workdir/hadoop-ozone/integration-test/target/test-classes:/workdir/hadoop-ozone/integration-test/target/classes:/home/user/.m2/repository/org/apache/hadoop/hadoop-ozone-common/0.5.0-SNAPSHOT/hadoop-ozone-common-0.5.0-SNAPSHOT.jar:/home/user/.m2/repository/org/apache/commons/commons-compress/1.4.1/commons-compress-1.4.1.jar:/home/user/.m2/repository/org/tukaani/xz/1.0/xz-1.0.jar:/home/user/.m2/repository/org/apache/hadoop/hadoop-common/3.2.0/hadoop-common-3.2.0.jar:/home/user/.m2/repository/org/apache/hadoop/hadoop-hdfs/3.2.0/hadoop-hdfs-3.2.0.jar:/home/user/.m2/repository/org/apache/hadoop/hadoop-hdfs-client/3.2.0/hadoop-hdfs-client-3.2.0.jar:/home/user/.m2/repository/com/fasterxml/jackson/core/jackson-annotations/2.9.5/jackson-annotations-2.9.5.jar:/home/user/.m2/repository/org/apache/hadoop/hadoop-hdds-common/0.5.0-SNAPSHOT/hadoop-hdds-common-0.5.0-SNAPSHOT.jar:/home/user/.m2/repository/javax/annotation/javax.annotation-api/1.2/javax.annotation-api-1.2.jar:/home/user/.m2/repository/org/apache/ratis/ratis-server/0.4.0-2337318-SNAPSHOT/ratis-server-0.4.0-2337318-SNAPSHOT.jar:/home/user/.m2/repository/org/apache/ratis/ratis-thirdparty-misc/0.2.0/ratis-thirdparty-misc-0.2.0.jar:/home/user/.m2/repository/org/apache/ratis/ratis-proto/0.4.0-2337318-SNAPSHOT/ratis-proto-0.4.0-2337318-SNAPSHOT.jar:/home/user/.m2/repository/org/apache/ratis/ratis-common/0.4.0-2337318-SNAPSHOT/ratis-common-0.4.0-2337318-SNAPSHOT.jar:/home/user/.m2/repository/org/apache/ratis/ratis-client/0.4.0-2337318-SNAPSHOT/ratis-client-0.4.0-2337318-SNAPSHOT.jar:/home/user/.m2/repository/org/apache/ratis/ratis-metrics/0.4.0-2337318-SNAPSHOT/ratis-metrics-0.4.0-2337318-SNAPSHOT.jar:/home/user/.m2/repository/org/apache/ratis/ratis-netty/0.4.0-2337318-SNAPSHOT/ratis-netty-0.4.0-2337318-SNAPSHOT.jar:/home/user/.m2/repository/org/apache/ratis/ratis-grpc/0.4.0-2337318-SNAPSHOT/ratis-grpc-0.4.0-2337318-SNAPSHOT.jar:/home/user/.m2/repository/org/rocksdb/rocksdbjni/6.0.1/rocksdbjni-6.0.1.jar:/home/user/.m2/repository/org/apache/logging/log4j/log4j-api/2.11.0/log4j-api-2.11.0.jar:/home/user/.m2/repository/org/apache/logging/log4j/log4j-core/2.11.0/log4j-core-2.11.0.jar:/home/user/.m2/repository/com/lmax/disruptor/3.4.2/disruptor-3.4.2.jar:/home/user/.m2/repository/org/apache/commons/commons-pool2/2.6.0/commons-pool2-2.6.0.jar:/home/user/.m2/repository/org/bouncycastle/bcpkix-jdk15on/1.60/bcpkix-jdk15on-1.60.jar:/home/user/.m2/repository/commons-validator/commons-validator/1.6/commons-validator-1.6.jar:/home/user/.m2/repository/commons-digester/commons-digester/1.8.1/commons-digester-1.8.1.jar:/home/user/.m2/repository/io/jaegertracing/jaeger-client/0.33.1/jaeger-client-0.33.1.jar:/home/user/.m2/repository/io/jaegertracing/jaeger-thrift/0.33.1/jaeger-thrift-0.33.1.jar:/home/user/.m2/repository/org/apache/thrift/libthrift/0.11.0/libthrift-0.11.0.jar:/home/user/.m2/repository/com/squareup/okhttp3/okhttp/3.9.0/okhttp-3.9.0.jar:/home/user/.m2/repository/com/squareup/okio/okio/1.13.0/okio-1.13.0.jar:/home/user/.m2/repository/io/jaegertracing/jaeger-core/0.33.1/jaeger-core-0.33.1.jar:/home/user/.m2/repository/io/jaegertracing/jaeger-tracerresolver/0.33.1/jaeger-tracerresolver-0.33.1.jar:/home/user/.m2/repository/io/opentracing/contrib/opentracing-tracerresolver/0.1.5/opentracing-tracerresolver-0.1.5.jar:/home/user/.m2/repository/io/opentracing/opentracing-util/0.31.0/opentracing-util-0.31.0.jar:/home/user/.m2/repository/io/opentracing/opentracing-api/0.31.0/opentracing-api-0.31.0.jar:/home/user/.m2/repository/io/opentracing/opentracing-noop/0.31.0/opentracing-noop-0.31.0.jar:/home/user/.m2/repository/org/apache/hadoop/hadoop-hdds-server-framework/0.5.0-SNAPSHOT/hadoop-hdds-server-framework-0.5.0-SNAPSHOT.jar:/home/user/.m2/repository/org/apache/hadoop/hadoop-hdds-container-service/0.5.0-SNAPSHOT/hadoop-hdds-container-service-0.5.0-SNAPSHOT.jar:/home/user/.m2/repository/org/apache/hadoop/hadoop-hdds-client/0.5.0-SNAPSHOT/hadoop-hdds-client-0.5.0-SNAPSHOT.jar:/home/user/.m2/repository/org/apache/hadoop/hadoop-hdds-tools/0.5.0-SNAPSHOT/hadoop-hdds-tools-0.5.0-SNAPSHOT.jar:/home/user/.m2/repository/org/apache/hadoop/hadoop-hdds-server-scm/0.5.0-SNAPSHOT/hadoop-hdds-server-scm-0.5.0-SNAPSHOT.jar:/home/user/.m2/repository/org/apache/hadoop/hadoop-hdds-docs/0.5.0-SNAPSHOT/hadoop-hdds-docs-0.5.0-SNAPSHOT.jar:/home/user/.m2/repository/io/dropwizard/metrics/metrics-core/3.2.4/metrics-core-3.2.4.jar:/home/user/.m2/repository/org/hamcrest/hamcrest-all/1.3/hamcrest-all-1.3.jar:/home/user/.m2/repository/org/bouncycastle/bcprov-jdk15on/1.60/bcprov-jdk15on-1.60.jar:/home/user/.m2/repository/info/picocli/picocli/3.9.6/picocli-3.9.6.jar:/home/user/.m2/repository/com/google/protobuf/protobuf-java/2.5.0/protobuf-java-2.5.0.jar:/home/user/.m2/repository/com/google/guava/guava/11.0.2/guava-11.0.2.jar:/home/user/.m2/repository/org/apache/hadoop/hadoop-ozone-ozone-manager/0.5.0-SNAPSHOT/hadoop-ozone-ozone-manager-0.5.0-SNAPSHOT.jar:/home/user/.m2/repository/org/apache/hadoop/hadoop-minikdc/3.2.0/hadoop-minikdc-3.2.0.jar:/home/user/.m2/repository/commons-io/commons-io/2.5/commons-io-2.5.jar:/home/user/.m2/repository/org/apache/kerby/kerb-simplekdc/1.0.1/kerb-simplekdc-1.0.1.jar:/home/user/.m2/repository/org/apache/kerby/kerb-client/1.0.1/kerb-client-1.0.1.jar:/home/user/.m2/repository/org/apache/kerby/kerby-config/1.0.1/kerby-config-1.0.1.jar:/home/user/.m2/repository/org/apache/kerby/kerb-core/1.0.1/kerb-core-1.0.1.jar:/home/user/.m2/repository/org/apache/kerby/kerby-pkix/1.0.1/kerby-pkix-1.0.1.jar:/home/user/.m2/repository/org/apache/kerby/kerby-asn1/1.0.1/kerby-asn1-1.0.1.jar:/home/user/.m2/repository/org/apache/kerby/kerby-util/1.0.1/kerby-util-1.0.1.jar:/home/user/.m2/repository/org/apache/kerby/kerb-common/1.0.1/kerb-common-1.0.1.jar:/home/user/.m2/repository/org/apache/kerby/kerb-crypto/1.0.1/kerb-crypto-1.0.1.jar:/home/user/.m2/repository/org/apache/kerby/kerb-util/1.0.1/kerb-util-1.0.1.jar:/home/user/.m2/repository/org/apache/kerby/token-provider/1.0.1/token-provider-1.0.1.jar:/home/user/.m2/repository/org/apache/kerby/kerb-admin/1.0.1/kerb-admin-1.0.1.jar:/home/user/.m2/repository/org/apache/kerby/kerb-server/1.0.1/kerb-server-1.0.1.jar:/home/user/.m2/repository/org/apache/kerby/kerb-identity/1.0.1/kerb-identity-1.0.1.jar:/home/user/.m2/repository/org/apache/kerby/kerby-xdr/1.0.1/kerby-xdr-1.0.1.jar:/home/user/.m2/repository/org/slf4j/slf4j-log4j12/1.7.25/slf4j-log4j12-1.7.25.jar:/home/user/.m2/repository/org/apache/hadoop/hadoop-ozone-s3gateway/0.5.0-SNAPSHOT/hadoop-ozone-s3gateway-0.5.0-SNAPSHOT.jar:/home/user/.m2/repository/org/jboss/weld/servlet/weld-servlet/2.4.7.Final/weld-servlet-2.4.7.Final.jar:/home/user/.m2/repository/org/glassfish/jersey/containers/jersey-container-servlet-core/2.27/jersey-container-servlet-core-2.27.jar:/home/user/.m2/repository/org/glassfish/hk2/external/javax.inject/2.5.0-b42/javax.inject-2.5.0-b42.jar:/home/user/.m2/repository/org/glassfish/jersey/core/jersey-common/2.27/jersey-common-2.27.jar:/home/user/.m2/repository/org/glassfish/hk2/osgi-resource-locator/1.0.1/osgi-resource-locator-1.0.1.jar:/home/user/.m2/repository/javax/ws/rs/javax.ws.rs-api/2.1/javax.ws.rs-api-2.1.jar:/home/user/.m2/repository/org/glassfish/jersey/ext/cdi/jersey-cdi1x/2.27/jersey-cdi1x-2.27.jar:/home/user/.m2/repository/org/glassfish/jersey/inject/jersey-hk2/2.27/jersey-hk2-2.27.jar:/home/user/.m2/repository/org/glassfish/hk2/hk2-locator/2.5.0-b42/hk2-locator-2.5.0-b42.jar:/home/user/.m2/repository/org/javassist/javassist/3.22.0-CR2/javassist-3.22.0-CR2.jar:/home/user/.m2/repository/org/glassfish/hk2/hk2-api/2.5.0/hk2-api-2.5.0.jar:/home/user/.m2/repository/org/glassfish/hk2/external/jakarta.inject/2.5.0/jakarta.inject-2.5.0.jar:/home/user/.m2/repository/org/glassfish/hk2/hk2-utils/2.5.0/hk2-utils-2.5.0.jar:/home/user/.m2/repository/jakarta/annotation/jakarta.annotation-api/1.3.4/jakarta.annotation-api-1.3.4.jar:/home/user/.m2/repository/org/glassfish/hk2/external/aopalliance-repackaged/2.5.0/aopalliance-repackaged-2.5.0.jar:/home/user/.m2/repository/com/fasterxml/jackson/dataformat/jackson-dataformat-xml/2.9.0/jackson-dataformat-xml-2.9.0.jar:/home/user/.m2/repository/com/fasterxml/jackson/core/jackson-core/2.9.5/jackson-core-2.9.5.jar:/home/user/.m2/repository/com/fasterxml/jackson/module/jackson-module-jaxb-annotations/2.9.5/jackson-module-jaxb-annotations-2.9.5.jar:/home/user/.m2/repository/javax/enterprise/cdi-api/1.2/cdi-api-1.2.jar:/home/user/.m2/repository/javax/el/javax.el-api/3.0.0/javax.el-api-3.0.0.jar:/home/user/.m2/repository/javax/interceptor/javax.interceptor-api/1.2/javax.interceptor-api-1.2.jar:/home/user/.m2/repository/javax/inject/javax.inject/1/javax.inject-1.jar:/home/user/.m2/repository/com/sun/xml/bind/jaxb-impl/2.3.0.1/jaxb-impl-2.3.0.1.jar:/home/user/.m2/repository/com/sun/xml/bind/jaxb-core/2.3.0.1/jaxb-core-2.3.0.1.jar:/home/user/.m2/repository/javax/xml/bind/jaxb-api/2.3.0/jaxb-api-2.3.0.jar:/home/user/.m2/repository/javax/activation/activation/1.1.1/activation-1.1.1.jar:/home/user/.m2/repository/org/apache/hadoop/hadoop-ozone-csi/0.5.0-SNAPSHOT/hadoop-ozone-csi-0.5.0-SNAPSHOT.jar:/home/user/.m2/repository/com/google/protobuf/protobuf-java-util/3.5.1/protobuf-java-util-3.5.1.jar:/home/user/.m2/repository/org/apache/hadoop/hadoop-hdds-config/0.5.0-SNAPSHOT/hadoop-hdds-config-0.5.0-SNAPSHOT.jar:/home/user/.m2/repository/io/grpc/grpc-netty/1.17.1/grpc-netty-1.17.1.jar:/home/user/.m2/repository/io/grpc/grpc-core/1.17.1/grpc-core-1.17.1.jar:/home/user/.m2/repository/io/grpc/grpc-context/1.17.1/grpc-context-1.17.1.jar:/home/user/.m2/repository/com/google/errorprone/error_prone_annotations/2.2.0/error_prone_annotations-2.2.0.jar:/home/user/.m2/repository/org/codehaus/mojo/animal-sniffer-annotations/1.17/animal-sniffer-annotations-1.17.jar:/home/user/.m2/repository/io/opencensus/opencensus-api/0.17.0/opencensus-api-0.17.0.jar:/home/user/.m2/repository/io/opencensus/opencensus-contrib-grpc-metrics/0.17.0/opencensus-contrib-grpc-metrics-0.17.0.jar:/home/user/.m2/repository/io/netty/netty-codec-http2/4.1.30.Final/netty-codec-http2-4.1.30.Final.jar:/home/user/.m2/repository/io/netty/netty-codec-http/4.1.30.Final/netty-codec-http-4.1.30.Final.jar:/home/user/.m2/repository/io/netty/netty-codec/4.1.30.Final/netty-codec-4.1.30.Final.jar:/home/user/.m2/repository/io/netty/netty-handler/4.1.30.Final/netty-handler-4.1.30.Final.jar:/home/user/.m2/repository/io/netty/netty-handler-proxy/4.1.30.Final/netty-handler-proxy-4.1.30.Final.jar:/home/user/.m2/repository/io/netty/netty-codec-socks/4.1.30.Final/netty-codec-socks-4.1.30.Final.jar:/home/user/.m2/repository/io/netty/netty-transport-native-epoll/4.1.30.Final/netty-transport-native-epoll-4.1.30.Final.jar:/home/user/.m2/repository/io/netty/netty-common/4.1.30.Final/netty-common-4.1.30.Final.jar:/home/user/.m2/repository/io/netty/netty-buffer/4.1.30.Final/netty-buffer-4.1.30.Final.jar:/home/user/.m2/repository/io/netty/netty-transport/4.1.30.Final/netty-transport-4.1.30.Final.jar:/home/user/.m2/repository/io/netty/netty-resolver/4.1.30.Final/netty-resolver-4.1.30.Final.jar:/home/user/.m2/repository/io/netty/netty-transport-native-unix-common/4.1.30.Final/netty-transport-native-unix-common-4.1.30.Final.jar:/home/user/.m2/repository/io/grpc/grpc-protobuf/1.17.1/grpc-protobuf-1.17.1.jar:/home/user/.m2/repository/com/google/api/grpc/proto-google-common-protos/1.0.0/proto-google-common-protos-1.0.0.jar:/home/user/.m2/repository/io/grpc/grpc-protobuf-lite/1.17.1/grpc-protobuf-lite-1.17.1.jar:/home/user/.m2/repository/io/grpc/grpc-stub/1.17.1/grpc-stub-1.17.1.jar:/home/user/.m2/repository/org/apache/hadoop/hadoop-ozone-recon/0.5.0-SNAPSHOT/hadoop-ozone-recon-0.5.0-SNAPSHOT.jar:/home/user/.m2/repository/org/apache/hadoop/hadoop-ozone-reconcodegen/0.5.0-SNAPSHOT/hadoop-ozone-reconcodegen-0.5.0-SNAPSHOT.jar:/home/user/.m2/repository/com/google/inject/extensions/guice-multibindings/4.0/guice-multibindings-4.0.jar:/home/user/.m2/repository/com/google/inject/guice/4.0/guice-4.0.jar:/home/user/.m2/repository/aopalliance/aopalliance/1.0/aopalliance-1.0.jar:/home/user/.m2/repository/com/google/inject/extensions/guice-servlet/4.0/guice-servlet-4.0.jar:/home/user/.m2/repository/org/glassfish/jersey/containers/jersey-container-servlet/2.27/jersey-container-servlet-2.27.jar:/home/user/.m2/repository/org/glassfish/hk2/guice-bridge/2.5.0/guice-bridge-2.5.0.jar:/home/user/.m2/repository/org/glassfish/jersey/core/jersey-server/2.27/jersey-server-2.27.jar:/home/user/.m2/repository/org/glassfish/jersey/core/jersey-client/2.27/jersey-client-2.27.jar:/home/user/.m2/repository/org/glassfish/jersey/media/jersey-media-jaxb/2.27/jersey-media-jaxb-2.27.jar:/home/user/.m2/repository/javax/validation/validation-api/1.1.0.Final/validation-api-1.1.0.Final.jar:/home/user/.m2/repository/org/glassfish/jersey/media/jersey-media-json-jackson/2.27/jersey-media-json-jackson-2.27.jar:/home/user/.m2/repository/org/glassfish/jersey/ext/jersey-entity-filtering/2.27/jersey-entity-filtering-2.27.jar:/home/user/.m2/repository/com/google/inject/extensions/guice-assistedinject/4.0/guice-assistedinject-4.0.jar:/home/user/.m2/repository/org/jooq/jooq/3.11.10/jooq-3.11.10.jar:/home/user/.m2/repository/org/jooq/jooq-meta/3.11.10/jooq-meta-3.11.10.jar:/home/user/.m2/repository/org/jooq/jooq-codegen/3.11.10/jooq-codegen-3.11.10.jar:/home/user/.m2/repository/com/jolbox/bonecp/0.8.0.RELEASE/bonecp-0.8.0.RELEASE.jar:/home/user/.m2/repository/org/xerial/sqlite-jdbc/3.25.2/sqlite-jdbc-3.25.2.jar:/home/user/.m2/repository/org/springframework/spring-jdbc/5.1.3.RELEASE/spring-jdbc-5.1.3.RELEASE.jar:/home/user/.m2/repository/org/springframework/spring-beans/5.1.3.RELEASE/spring-beans-5.1.3.RELEASE.jar:/home/user/.m2/repository/org/springframework/spring-core/5.1.3.RELEASE/spring-core-5.1.3.RELEASE.jar:/home/user/.m2/repository/org/springframework/spring-jcl/5.1.3.RELEASE/spring-jcl-5.1.3.RELEASE.jar:/home/user/.m2/repository/org/springframework/spring-tx/5.1.3.RELEASE/spring-tx-5.1.3.RELEASE.jar:/home/user/.m2/repository/org/apache/hadoop/hadoop-ozone-client/0.5.0-SNAPSHOT/hadoop-ozone-client-0.5.0-SNAPSHOT.jar:/home/user/.m2/repository/commons-lang/commons-lang/2.6/commons-lang-2.6.jar:/home/user/.m2/repository/org/apache/hadoop/hadoop-ozone-ozone-manager/0.5.0-SNAPSHOT/hadoop-ozone-ozone-manager-0.5.0-SNAPSHOT-tests.jar:/home/user/.m2/repository/junit/junit/4.11/junit-4.11.jar:/home/user/.m2/repository/org/hamcrest/hamcrest-core/1.3/hamcrest-core-1.3.jar:/home/user/.m2/repository/org/openjdk/jmh/jmh-core/1.19/jmh-core-1.19.jar:/home/user/.m2/repository/net/sf/jopt-simple/jopt-simple/4.6/jopt-simple-4.6.jar:/home/user/.m2/repository/org/apache/commons/commons-math3/3.1.1/commons-math3-3.1.1.jar:/home/user/.m2/repository/org/openjdk/jmh/jmh-generator-annprocess/1.19/jmh-generator-annprocess-1.19.jar:/home/user/.m2/repository/org/mockito/mockito-all/1.8.5/mockito-all-1.8.5.jar:/home/user/.m2/repository/org/apache/hadoop/hadoop-kms/3.2.0/hadoop-kms-3.2.0.jar:/home/user/.m2/repository/org/apache/hadoop/hadoop-auth/3.2.0/hadoop-auth-3.2.0.jar:/home/user/.m2/repository/com/nimbusds/nimbus-jose-jwt/4.41.1/nimbus-jose-jwt-4.41.1.jar:/home/user/.m2/repository/com/github/stephenc/jcip/jcip-annotations/1.0-1/jcip-annotations-1.0-1.jar:/home/user/.m2/repository/net/minidev/json-smart/2.3/json-smart-2.3.jar:/home/user/.m2/repository/net/minidev/accessors-smart/1.2/accessors-smart-1.2.jar:/home/user/.m2/repository/org/ow2/asm/asm/5.0.4/asm-5.0.4.jar:/home/user/.m2/repository/org/apache/curator/curator-framework/2.12.0/curator-framework-2.12.0.jar:/home/user/.m2/repository/com/sun/jersey/jersey-core/1.19/jersey-core-1.19.jar:/home/user/.m2/repository/javax/ws/rs/jsr311-api/1.1.1/jsr311-api-1.1.1.jar:/home/user/.m2/repository/com/sun/jersey/jersey-server/1.19/jersey-server-1.19.jar:/home/user/.m2/repository/javax/servlet/javax.servlet-api/3.1.0/javax.servlet-api-3.1.0.jar:/home/user/.m2/repository/org/eclipse/jetty/jetty-server/9.3.24.v20180605/jetty-server-9.3.24.v20180605.jar:/home/user/.m2/repository/org/eclipse/jetty/jetty-http/9.3.24.v20180605/jetty-http-9.3.24.v20180605.jar:/home/user/.m2/repository/org/eclipse/jetty/jetty-io/9.3.24.v20180605/jetty-io-9.3.24.v20180605.jar:/home/user/.m2/repository/org/eclipse/jetty/jetty-webapp/9.3.24.v20180605/jetty-webapp-9.3.24.v20180605.jar:/home/user/.m2/repository/org/eclipse/jetty/jetty-xml/9.3.24.v20180605/jetty-xml-9.3.24.v20180605.jar:/home/user/.m2/repository/log4j/log4j/1.2.17/log4j-1.2.17.jar:/home/user/.m2/repository/org/slf4j/slf4j-api/1.7.25/slf4j-api-1.7.25.jar:/home/user/.m2/repository/org/slf4j/jul-to-slf4j/1.7.25/jul-to-slf4j-1.7.25.jar:/home/user/.m2/repository/org/eclipse/jetty/jetty-util/9.3.24.v20180605/jetty-util-9.3.24.v20180605.jar:/home/user/.m2/repository/com/fasterxml/jackson/core/jackson-databind/2.9.5/jackson-databind-2.9.5.jar:/home/user/.m2/repository/org/apache/hadoop/hadoop-kms/3.2.0/hadoop-kms-3.2.0-tests.jar:/home/user/.m2/repository/org/apache/hadoop/hadoop-hdds-server-scm/0.5.0-SNAPSHOT/hadoop-hdds-server-scm-0.5.0-SNAPSHOT-tests.jar:/home/user/.m2/repository/org/apache/hadoop/hadoop-hdds-container-service/0.5.0-SNAPSHOT/hadoop-hdds-container-service-0.5.0-SNAPSHOT-tests.jar:/home/user/.m2/repository/org/yaml/snakeyaml/1.16/snakeyaml-1.16.jar:/home/user/.m2/repository/org/apache/hadoop/hadoop-common/3.2.0/hadoop-common-3.2.0-tests.jar:/home/user/.m2/repository/org/apache/hadoop/hadoop-annotations/3.2.0/hadoop-annotations-3.2.0.jar:/usr/lib/jvm/java-1.8-openjdk/jre/../lib/tools.jar:/home/user/.m2/repository/commons-cli/commons-cli/1.2/commons-cli-1.2.jar:/home/user/.m2/repository/org/apache/httpcomponents/httpclient/4.5.2/httpclient-4.5.2.jar:/home/user/.m2/repository/org/apache/httpcomponents/httpcore/4.4.4/httpcore-4.4.4.jar:/home/user/.m2/repository/commons-codec/commons-codec/1.11/commons-codec-1.11.jar:/home/user/.m2/repository/commons-net/commons-net/3.6/commons-net-3.6.jar:/home/user/.m2/repository/commons-collections/commons-collections/3.2.2/commons-collections-3.2.2.jar:/home/user/.m2/repository/org/eclipse/jetty/jetty-servlet/9.3.24.v20180605/jetty-servlet-9.3.24.v20180605.jar:/home/user/.m2/repository/org/eclipse/jetty/jetty-security/9.3.24.v20180605/jetty-security-9.3.24.v20180605.jar:/home/user/.m2/repository/javax/servlet/jsp/jsp-api/2.1/jsp-api-2.1.jar:/home/user/.m2/repository/com/sun/jersey/jersey-servlet/1.19/jersey-servlet-1.19.jar:/home/user/.m2/repository/com/sun/jersey/jersey-json/1.19/jersey-json-1.19.jar:/home/user/.m2/repository/org/codehaus/jettison/jettison/1.1/jettison-1.1.jar:/home/user/.m2/repository/org/codehaus/jackson/jackson-core-asl/1.9.13/jackson-core-asl-1.9.13.jar:/home/user/.m2/repository/org/codehaus/jackson/jackson-mapper-asl/1.9.13/jackson-mapper-asl-1.9.13.jar:/home/user/.m2/repository/org/codehaus/jackson/jackson-jaxrs/1.9.13/jackson-jaxrs-1.9.13.jar:/home/user/.m2/repository/org/codehaus/jackson/jackson-xc/1.9.13/jackson-xc-1.9.13.jar:/home/user/.m2/repository/commons-logging/commons-logging/1.1.3/commons-logging-1.1.3.jar:/home/user/.m2/repository/commons-beanutils/commons-beanutils/1.9.3/commons-beanutils-1.9.3.jar:/home/user/.m2/repository/org/apache/commons/commons-configuration2/2.1.1/commons-configuration2-2.1.1.jar:/home/user/.m2/repository/org/apache/commons/commons-lang3/3.7/commons-lang3-3.7.jar:/home/user/.m2/repository/org/apache/commons/commons-text/1.4/commons-text-1.4.jar:/home/user/.m2/repository/org/apache/avro/avro/1.7.7/avro-1.7.7.jar:/home/user/.m2/repository/com/thoughtworks/paranamer/paranamer/2.3/paranamer-2.3.jar:/home/user/.m2/repository/org/xerial/snappy/snappy-java/1.0.5/snappy-java-1.0.5.jar:/home/user/.m2/repository/com/google/re2j/re2j/1.1/re2j-1.1.jar:/home/user/.m2/repository/com/google/code/gson/gson/2.2.4/gson-2.2.4.jar:/home/user/.m2/repository/com/jcraft/jsch/0.1.54/jsch-0.1.54.jar:/home/user/.m2/repository/org/apache/curator/curator-client/2.12.0/curator-client-2.12.0.jar:/home/user/.m2/repository/org/apache/curator/curator-recipes/2.12.0/curator-recipes-2.12.0.jar:/home/user/.m2/repository/com/google/code/findbugs/jsr305/3.0.0/jsr305-3.0.0.jar:/home/user/.m2/repository/org/apache/htrace/htrace-core4/4.1.0-incubating/htrace-core4-4.1.0-incubating.jar:/home/user/.m2/repository/org/apache/zookeeper/zookeeper/3.4.13/zookeeper-3.4.13.jar:/home/user/.m2/repository/org/apache/yetus/audience-annotations/0.5.0/audience-annotations-0.5.0.jar:/home/user/.m2/repository/org/codehaus/woodstox/stax2-api/3.1.4/stax2-api-3.1.4.jar:/home/user/.m2/repository/com/fasterxml/woodstox/woodstox-core/5.0.3/woodstox-core-5.0.3.jar:/home/user/.m2/repository/dnsjava/dnsjava/2.1.7/dnsjava-2.1.7.jar:/home/user/.m2/repository/org/apache/hadoop/hadoop-hdfs/3.2.0/hadoop-hdfs-3.2.0-tests.jar:/home/user/.m2/repository/org/eclipse/jetty/jetty-util-ajax/9.3.24.v20180605/jetty-util-ajax-9.3.24.v20180605.jar:/home/user/.m2/repository/commons-daemon/commons-daemon/1.0.13/commons-daemon-1.0.13.jar:/home/user/.m2/repository/io/netty/netty/3.10.5.Final/netty-3.10.5.Final.jar:/home/user/.m2/repository/io/netty/netty-all/4.0.52.Final/netty-all-4.0.52.Final.jar:/home/user/.m2/repository/org/fusesource/leveldbjni/leveldbjni-all/1.8/leveldbjni-all-1.8.jar:"/>
    <property name="java.vm.vendor" value="IcedTea"/>
    <property name="sun.arch.data.model" value="64"/>
    <property name="test.build.dir" value="/workdir/hadoop-ozone/integration-test/target/test-dir"/>
    <property name="test.cache.data" value=""/>
    <property name="java.vendor.url" value="https://icedtea.classpath.org"/>
    <property name="user.timezone" value=""/>
    <property name="java.vm.specification.version" value="1.8"/>
    <property name="os.name" value="Linux"/>
    <property name="test.build.data" value="/workdir/hadoop-ozone/integration-test/target/test-dir"/>
    <property name="user.country" value="US"/>
    <property name="sun.java.launcher" value="SUN_STANDARD"/>
    <property name="sun.boot.library.path" value="/usr/lib/jvm/java-1.8-openjdk/jre/lib/amd64"/>
    <property name="sun.java.command" value="/workdir/hadoop-ozone/integration-test/target/surefire/surefirebooter3394400496708682215.jar /workdir/hadoop-ozone/integration-test/target/surefire 2019-08-23T15-04-30_677-jvmRun1 surefire4507500559477840062tmp surefire_204343757146051147036tmp"/>
    <property name="test" value="!TestMiniChaosOzoneCluster"/>
    <property name="surefire.test.class.path" value="/workdir/hadoop-ozone/integration-test/target/test-classes:/workdir/hadoop-ozone/integration-test/target/classes:/home/user/.m2/repository/org/apache/hadoop/hadoop-ozone-common/0.5.0-SNAPSHOT/hadoop-ozone-common-0.5.0-SNAPSHOT.jar:/home/user/.m2/repository/org/apache/commons/commons-compress/1.4.1/commons-compress-1.4.1.jar:/home/user/.m2/repository/org/tukaani/xz/1.0/xz-1.0.jar:/home/user/.m2/repository/org/apache/hadoop/hadoop-common/3.2.0/hadoop-common-3.2.0.jar:/home/user/.m2/repository/org/apache/hadoop/hadoop-hdfs/3.2.0/hadoop-hdfs-3.2.0.jar:/home/user/.m2/repository/org/apache/hadoop/hadoop-hdfs-client/3.2.0/hadoop-hdfs-client-3.2.0.jar:/home/user/.m2/repository/com/fasterxml/jackson/core/jackson-annotations/2.9.5/jackson-annotations-2.9.5.jar:/home/user/.m2/repository/org/apache/hadoop/hadoop-hdds-common/0.5.0-SNAPSHOT/hadoop-hdds-common-0.5.0-SNAPSHOT.jar:/home/user/.m2/repository/javax/annotation/javax.annotation-api/1.2/javax.annotation-api-1.2.jar:/home/user/.m2/repository/org/apache/ratis/ratis-server/0.4.0-2337318-SNAPSHOT/ratis-server-0.4.0-2337318-SNAPSHOT.jar:/home/user/.m2/repository/org/apache/ratis/ratis-thirdparty-misc/0.2.0/ratis-thirdparty-misc-0.2.0.jar:/home/user/.m2/repository/org/apache/ratis/ratis-proto/0.4.0-2337318-SNAPSHOT/ratis-proto-0.4.0-2337318-SNAPSHOT.jar:/home/user/.m2/repository/org/apache/ratis/ratis-common/0.4.0-2337318-SNAPSHOT/ratis-common-0.4.0-2337318-SNAPSHOT.jar:/home/user/.m2/repository/org/apache/ratis/ratis-client/0.4.0-2337318-SNAPSHOT/ratis-client-0.4.0-2337318-SNAPSHOT.jar:/home/user/.m2/repository/org/apache/ratis/ratis-metrics/0.4.0-2337318-SNAPSHOT/ratis-metrics-0.4.0-2337318-SNAPSHOT.jar:/home/user/.m2/repository/org/apache/ratis/ratis-netty/0.4.0-2337318-SNAPSHOT/ratis-netty-0.4.0-2337318-SNAPSHOT.jar:/home/user/.m2/repository/org/apache/ratis/ratis-grpc/0.4.0-2337318-SNAPSHOT/ratis-grpc-0.4.0-2337318-SNAPSHOT.jar:/home/user/.m2/repository/org/rocksdb/rocksdbjni/6.0.1/rocksdbjni-6.0.1.jar:/home/user/.m2/repository/org/apache/logging/log4j/log4j-api/2.11.0/log4j-api-2.11.0.jar:/home/user/.m2/repository/org/apache/logging/log4j/log4j-core/2.11.0/log4j-core-2.11.0.jar:/home/user/.m2/repository/com/lmax/disruptor/3.4.2/disruptor-3.4.2.jar:/home/user/.m2/repository/org/apache/commons/commons-pool2/2.6.0/commons-pool2-2.6.0.jar:/home/user/.m2/repository/org/bouncycastle/bcpkix-jdk15on/1.60/bcpkix-jdk15on-1.60.jar:/home/user/.m2/repository/commons-validator/commons-validator/1.6/commons-validator-1.6.jar:/home/user/.m2/repository/commons-digester/commons-digester/1.8.1/commons-digester-1.8.1.jar:/home/user/.m2/repository/io/jaegertracing/jaeger-client/0.33.1/jaeger-client-0.33.1.jar:/home/user/.m2/repository/io/jaegertracing/jaeger-thrift/0.33.1/jaeger-thrift-0.33.1.jar:/home/user/.m2/repository/org/apache/thrift/libthrift/0.11.0/libthrift-0.11.0.jar:/home/user/.m2/repository/com/squareup/okhttp3/okhttp/3.9.0/okhttp-3.9.0.jar:/home/user/.m2/repository/com/squareup/okio/okio/1.13.0/okio-1.13.0.jar:/home/user/.m2/repository/io/jaegertracing/jaeger-core/0.33.1/jaeger-core-0.33.1.jar:/home/user/.m2/repository/io/jaegertracing/jaeger-tracerresolver/0.33.1/jaeger-tracerresolver-0.33.1.jar:/home/user/.m2/repository/io/opentracing/contrib/opentracing-tracerresolver/0.1.5/opentracing-tracerresolver-0.1.5.jar:/home/user/.m2/repository/io/opentracing/opentracing-util/0.31.0/opentracing-util-0.31.0.jar:/home/user/.m2/repository/io/opentracing/opentracing-api/0.31.0/opentracing-api-0.31.0.jar:/home/user/.m2/repository/io/opentracing/opentracing-noop/0.31.0/opentracing-noop-0.31.0.jar:/home/user/.m2/repository/org/apache/hadoop/hadoop-hdds-server-framework/0.5.0-SNAPSHOT/hadoop-hdds-server-framework-0.5.0-SNAPSHOT.jar:/home/user/.m2/repository/org/apache/hadoop/hadoop-hdds-container-service/0.5.0-SNAPSHOT/hadoop-hdds-container-service-0.5.0-SNAPSHOT.jar:/home/user/.m2/repository/org/apache/hadoop/hadoop-hdds-client/0.5.0-SNAPSHOT/hadoop-hdds-client-0.5.0-SNAPSHOT.jar:/home/user/.m2/repository/org/apache/hadoop/hadoop-hdds-tools/0.5.0-SNAPSHOT/hadoop-hdds-tools-0.5.0-SNAPSHOT.jar:/home/user/.m2/repository/org/apache/hadoop/hadoop-hdds-server-scm/0.5.0-SNAPSHOT/hadoop-hdds-server-scm-0.5.0-SNAPSHOT.jar:/home/user/.m2/repository/org/apache/hadoop/hadoop-hdds-docs/0.5.0-SNAPSHOT/hadoop-hdds-docs-0.5.0-SNAPSHOT.jar:/home/user/.m2/repository/io/dropwizard/metrics/metrics-core/3.2.4/metrics-core-3.2.4.jar:/home/user/.m2/repository/org/hamcrest/hamcrest-all/1.3/hamcrest-all-1.3.jar:/home/user/.m2/repository/org/bouncycastle/bcprov-jdk15on/1.60/bcprov-jdk15on-1.60.jar:/home/user/.m2/repository/info/picocli/picocli/3.9.6/picocli-3.9.6.jar:/home/user/.m2/repository/com/google/protobuf/protobuf-java/2.5.0/protobuf-java-2.5.0.jar:/home/user/.m2/repository/com/google/guava/guava/11.0.2/guava-11.0.2.jar:/home/user/.m2/repository/org/apache/hadoop/hadoop-ozone-ozone-manager/0.5.0-SNAPSHOT/hadoop-ozone-ozone-manager-0.5.0-SNAPSHOT.jar:/home/user/.m2/repository/org/apache/hadoop/hadoop-minikdc/3.2.0/hadoop-minikdc-3.2.0.jar:/home/user/.m2/repository/commons-io/commons-io/2.5/commons-io-2.5.jar:/home/user/.m2/repository/org/apache/kerby/kerb-simplekdc/1.0.1/kerb-simplekdc-1.0.1.jar:/home/user/.m2/repository/org/apache/kerby/kerb-client/1.0.1/kerb-client-1.0.1.jar:/home/user/.m2/repository/org/apache/kerby/kerby-config/1.0.1/kerby-config-1.0.1.jar:/home/user/.m2/repository/org/apache/kerby/kerb-core/1.0.1/kerb-core-1.0.1.jar:/home/user/.m2/repository/org/apache/kerby/kerby-pkix/1.0.1/kerby-pkix-1.0.1.jar:/home/user/.m2/repository/org/apache/kerby/kerby-asn1/1.0.1/kerby-asn1-1.0.1.jar:/home/user/.m2/repository/org/apache/kerby/kerby-util/1.0.1/kerby-util-1.0.1.jar:/home/user/.m2/repository/org/apache/kerby/kerb-common/1.0.1/kerb-common-1.0.1.jar:/home/user/.m2/repository/org/apache/kerby/kerb-crypto/1.0.1/kerb-crypto-1.0.1.jar:/home/user/.m2/repository/org/apache/kerby/kerb-util/1.0.1/kerb-util-1.0.1.jar:/home/user/.m2/repository/org/apache/kerby/token-provider/1.0.1/token-provider-1.0.1.jar:/home/user/.m2/repository/org/apache/kerby/kerb-admin/1.0.1/kerb-admin-1.0.1.jar:/home/user/.m2/repository/org/apache/kerby/kerb-server/1.0.1/kerb-server-1.0.1.jar:/home/user/.m2/repository/org/apache/kerby/kerb-identity/1.0.1/kerb-identity-1.0.1.jar:/home/user/.m2/repository/org/apache/kerby/kerby-xdr/1.0.1/kerby-xdr-1.0.1.jar:/home/user/.m2/repository/org/slf4j/slf4j-log4j12/1.7.25/slf4j-log4j12-1.7.25.jar:/home/user/.m2/repository/org/apache/hadoop/hadoop-ozone-s3gateway/0.5.0-SNAPSHOT/hadoop-ozone-s3gateway-0.5.0-SNAPSHOT.jar:/home/user/.m2/repository/org/jboss/weld/servlet/weld-servlet/2.4.7.Final/weld-servlet-2.4.7.Final.jar:/home/user/.m2/repository/org/glassfish/jersey/containers/jersey-container-servlet-core/2.27/jersey-container-servlet-core-2.27.jar:/home/user/.m2/repository/org/glassfish/hk2/external/javax.inject/2.5.0-b42/javax.inject-2.5.0-b42.jar:/home/user/.m2/repository/org/glassfish/jersey/core/jersey-common/2.27/jersey-common-2.27.jar:/home/user/.m2/repository/org/glassfish/hk2/osgi-resource-locator/1.0.1/osgi-resource-locator-1.0.1.jar:/home/user/.m2/repository/javax/ws/rs/javax.ws.rs-api/2.1/javax.ws.rs-api-2.1.jar:/home/user/.m2/repository/org/glassfish/jersey/ext/cdi/jersey-cdi1x/2.27/jersey-cdi1x-2.27.jar:/home/user/.m2/repository/org/glassfish/jersey/inject/jersey-hk2/2.27/jersey-hk2-2.27.jar:/home/user/.m2/repository/org/glassfish/hk2/hk2-locator/2.5.0-b42/hk2-locator-2.5.0-b42.jar:/home/user/.m2/repository/org/javassist/javassist/3.22.0-CR2/javassist-3.22.0-CR2.jar:/home/user/.m2/repository/org/glassfish/hk2/hk2-api/2.5.0/hk2-api-2.5.0.jar:/home/user/.m2/repository/org/glassfish/hk2/external/jakarta.inject/2.5.0/jakarta.inject-2.5.0.jar:/home/user/.m2/repository/org/glassfish/hk2/hk2-utils/2.5.0/hk2-utils-2.5.0.jar:/home/user/.m2/repository/jakarta/annotation/jakarta.annotation-api/1.3.4/jakarta.annotation-api-1.3.4.jar:/home/user/.m2/repository/org/glassfish/hk2/external/aopalliance-repackaged/2.5.0/aopalliance-repackaged-2.5.0.jar:/home/user/.m2/repository/com/fasterxml/jackson/dataformat/jackson-dataformat-xml/2.9.0/jackson-dataformat-xml-2.9.0.jar:/home/user/.m2/repository/com/fasterxml/jackson/core/jackson-core/2.9.5/jackson-core-2.9.5.jar:/home/user/.m2/repository/com/fasterxml/jackson/module/jackson-module-jaxb-annotations/2.9.5/jackson-module-jaxb-annotations-2.9.5.jar:/home/user/.m2/repository/javax/enterprise/cdi-api/1.2/cdi-api-1.2.jar:/home/user/.m2/repository/javax/el/javax.el-api/3.0.0/javax.el-api-3.0.0.jar:/home/user/.m2/repository/javax/interceptor/javax.interceptor-api/1.2/javax.interceptor-api-1.2.jar:/home/user/.m2/repository/javax/inject/javax.inject/1/javax.inject-1.jar:/home/user/.m2/repository/com/sun/xml/bind/jaxb-impl/2.3.0.1/jaxb-impl-2.3.0.1.jar:/home/user/.m2/repository/com/sun/xml/bind/jaxb-core/2.3.0.1/jaxb-core-2.3.0.1.jar:/home/user/.m2/repository/javax/xml/bind/jaxb-api/2.3.0/jaxb-api-2.3.0.jar:/home/user/.m2/repository/javax/activation/activation/1.1.1/activation-1.1.1.jar:/home/user/.m2/repository/org/apache/hadoop/hadoop-ozone-csi/0.5.0-SNAPSHOT/hadoop-ozone-csi-0.5.0-SNAPSHOT.jar:/home/user/.m2/repository/com/google/protobuf/protobuf-java-util/3.5.1/protobuf-java-util-3.5.1.jar:/home/user/.m2/repository/org/apache/hadoop/hadoop-hdds-config/0.5.0-SNAPSHOT/hadoop-hdds-config-0.5.0-SNAPSHOT.jar:/home/user/.m2/repository/io/grpc/grpc-netty/1.17.1/grpc-netty-1.17.1.jar:/home/user/.m2/repository/io/grpc/grpc-core/1.17.1/grpc-core-1.17.1.jar:/home/user/.m2/repository/io/grpc/grpc-context/1.17.1/grpc-context-1.17.1.jar:/home/user/.m2/repository/com/google/errorprone/error_prone_annotations/2.2.0/error_prone_annotations-2.2.0.jar:/home/user/.m2/repository/org/codehaus/mojo/animal-sniffer-annotations/1.17/animal-sniffer-annotations-1.17.jar:/home/user/.m2/repository/io/opencensus/opencensus-api/0.17.0/opencensus-api-0.17.0.jar:/home/user/.m2/repository/io/opencensus/opencensus-contrib-grpc-metrics/0.17.0/opencensus-contrib-grpc-metrics-0.17.0.jar:/home/user/.m2/repository/io/netty/netty-codec-http2/4.1.30.Final/netty-codec-http2-4.1.30.Final.jar:/home/user/.m2/repository/io/netty/netty-codec-http/4.1.30.Final/netty-codec-http-4.1.30.Final.jar:/home/user/.m2/repository/io/netty/netty-codec/4.1.30.Final/netty-codec-4.1.30.Final.jar:/home/user/.m2/repository/io/netty/netty-handler/4.1.30.Final/netty-handler-4.1.30.Final.jar:/home/user/.m2/repository/io/netty/netty-handler-proxy/4.1.30.Final/netty-handler-proxy-4.1.30.Final.jar:/home/user/.m2/repository/io/netty/netty-codec-socks/4.1.30.Final/netty-codec-socks-4.1.30.Final.jar:/home/user/.m2/repository/io/netty/netty-transport-native-epoll/4.1.30.Final/netty-transport-native-epoll-4.1.30.Final.jar:/home/user/.m2/repository/io/netty/netty-common/4.1.30.Final/netty-common-4.1.30.Final.jar:/home/user/.m2/repository/io/netty/netty-buffer/4.1.30.Final/netty-buffer-4.1.30.Final.jar:/home/user/.m2/repository/io/netty/netty-transport/4.1.30.Final/netty-transport-4.1.30.Final.jar:/home/user/.m2/repository/io/netty/netty-resolver/4.1.30.Final/netty-resolver-4.1.30.Final.jar:/home/user/.m2/repository/io/netty/netty-transport-native-unix-common/4.1.30.Final/netty-transport-native-unix-common-4.1.30.Final.jar:/home/user/.m2/repository/io/grpc/grpc-protobuf/1.17.1/grpc-protobuf-1.17.1.jar:/home/user/.m2/repository/com/google/api/grpc/proto-google-common-protos/1.0.0/proto-google-common-protos-1.0.0.jar:/home/user/.m2/repository/io/grpc/grpc-protobuf-lite/1.17.1/grpc-protobuf-lite-1.17.1.jar:/home/user/.m2/repository/io/grpc/grpc-stub/1.17.1/grpc-stub-1.17.1.jar:/home/user/.m2/repository/org/apache/hadoop/hadoop-ozone-recon/0.5.0-SNAPSHOT/hadoop-ozone-recon-0.5.0-SNAPSHOT.jar:/home/user/.m2/repository/org/apache/hadoop/hadoop-ozone-reconcodegen/0.5.0-SNAPSHOT/hadoop-ozone-reconcodegen-0.5.0-SNAPSHOT.jar:/home/user/.m2/repository/com/google/inject/extensions/guice-multibindings/4.0/guice-multibindings-4.0.jar:/home/user/.m2/repository/com/google/inject/guice/4.0/guice-4.0.jar:/home/user/.m2/repository/aopalliance/aopalliance/1.0/aopalliance-1.0.jar:/home/user/.m2/repository/com/google/inject/extensions/guice-servlet/4.0/guice-servlet-4.0.jar:/home/user/.m2/repository/org/glassfish/jersey/containers/jersey-container-servlet/2.27/jersey-container-servlet-2.27.jar:/home/user/.m2/repository/org/glassfish/hk2/guice-bridge/2.5.0/guice-bridge-2.5.0.jar:/home/user/.m2/repository/org/glassfish/jersey/core/jersey-server/2.27/jersey-server-2.27.jar:/home/user/.m2/repository/org/glassfish/jersey/core/jersey-client/2.27/jersey-client-2.27.jar:/home/user/.m2/repository/org/glassfish/jersey/media/jersey-media-jaxb/2.27/jersey-media-jaxb-2.27.jar:/home/user/.m2/repository/javax/validation/validation-api/1.1.0.Final/validation-api-1.1.0.Final.jar:/home/user/.m2/repository/org/glassfish/jersey/media/jersey-media-json-jackson/2.27/jersey-media-json-jackson-2.27.jar:/home/user/.m2/repository/org/glassfish/jersey/ext/jersey-entity-filtering/2.27/jersey-entity-filtering-2.27.jar:/home/user/.m2/repository/com/google/inject/extensions/guice-assistedinject/4.0/guice-assistedinject-4.0.jar:/home/user/.m2/repository/org/jooq/jooq/3.11.10/jooq-3.11.10.jar:/home/user/.m2/repository/org/jooq/jooq-meta/3.11.10/jooq-meta-3.11.10.jar:/home/user/.m2/repository/org/jooq/jooq-codegen/3.11.10/jooq-codegen-3.11.10.jar:/home/user/.m2/repository/com/jolbox/bonecp/0.8.0.RELEASE/bonecp-0.8.0.RELEASE.jar:/home/user/.m2/repository/org/xerial/sqlite-jdbc/3.25.2/sqlite-jdbc-3.25.2.jar:/home/user/.m2/repository/org/springframework/spring-jdbc/5.1.3.RELEASE/spring-jdbc-5.1.3.RELEASE.jar:/home/user/.m2/repository/org/springframework/spring-beans/5.1.3.RELEASE/spring-beans-5.1.3.RELEASE.jar:/home/user/.m2/repository/org/springframework/spring-core/5.1.3.RELEASE/spring-core-5.1.3.RELEASE.jar:/home/user/.m2/repository/org/springframework/spring-jcl/5.1.3.RELEASE/spring-jcl-5.1.3.RELEASE.jar:/home/user/.m2/repository/org/springframework/spring-tx/5.1.3.RELEASE/spring-tx-5.1.3.RELEASE.jar:/home/user/.m2/repository/org/apache/hadoop/hadoop-ozone-client/0.5.0-SNAPSHOT/hadoop-ozone-client-0.5.0-SNAPSHOT.jar:/home/user/.m2/repository/commons-lang/commons-lang/2.6/commons-lang-2.6.jar:/home/user/.m2/repository/org/apache/hadoop/hadoop-ozone-ozone-manager/0.5.0-SNAPSHOT/hadoop-ozone-ozone-manager-0.5.0-SNAPSHOT-tests.jar:/home/user/.m2/repository/junit/junit/4.11/junit-4.11.jar:/home/user/.m2/repository/org/hamcrest/hamcrest-core/1.3/hamcrest-core-1.3.jar:/home/user/.m2/repository/org/openjdk/jmh/jmh-core/1.19/jmh-core-1.19.jar:/home/user/.m2/repository/net/sf/jopt-simple/jopt-simple/4.6/jopt-simple-4.6.jar:/home/user/.m2/repository/org/apache/commons/commons-math3/3.1.1/commons-math3-3.1.1.jar:/home/user/.m2/repository/org/openjdk/jmh/jmh-generator-annprocess/1.19/jmh-generator-annprocess-1.19.jar:/home/user/.m2/repository/org/mockito/mockito-all/1.8.5/mockito-all-1.8.5.jar:/home/user/.m2/repository/org/apache/hadoop/hadoop-kms/3.2.0/hadoop-kms-3.2.0.jar:/home/user/.m2/repository/org/apache/hadoop/hadoop-auth/3.2.0/hadoop-auth-3.2.0.jar:/home/user/.m2/repository/com/nimbusds/nimbus-jose-jwt/4.41.1/nimbus-jose-jwt-4.41.1.jar:/home/user/.m2/repository/com/github/stephenc/jcip/jcip-annotations/1.0-1/jcip-annotations-1.0-1.jar:/home/user/.m2/repository/net/minidev/json-smart/2.3/json-smart-2.3.jar:/home/user/.m2/repository/net/minidev/accessors-smart/1.2/accessors-smart-1.2.jar:/home/user/.m2/repository/org/ow2/asm/asm/5.0.4/asm-5.0.4.jar:/home/user/.m2/repository/org/apache/curator/curator-framework/2.12.0/curator-framework-2.12.0.jar:/home/user/.m2/repository/com/sun/jersey/jersey-core/1.19/jersey-core-1.19.jar:/home/user/.m2/repository/javax/ws/rs/jsr311-api/1.1.1/jsr311-api-1.1.1.jar:/home/user/.m2/repository/com/sun/jersey/jersey-server/1.19/jersey-server-1.19.jar:/home/user/.m2/repository/javax/servlet/javax.servlet-api/3.1.0/javax.servlet-api-3.1.0.jar:/home/user/.m2/repository/org/eclipse/jetty/jetty-server/9.3.24.v20180605/jetty-server-9.3.24.v20180605.jar:/home/user/.m2/repository/org/eclipse/jetty/jetty-http/9.3.24.v20180605/jetty-http-9.3.24.v20180605.jar:/home/user/.m2/repository/org/eclipse/jetty/jetty-io/9.3.24.v20180605/jetty-io-9.3.24.v20180605.jar:/home/user/.m2/repository/org/eclipse/jetty/jetty-webapp/9.3.24.v20180605/jetty-webapp-9.3.24.v20180605.jar:/home/user/.m2/repository/org/eclipse/jetty/jetty-xml/9.3.24.v20180605/jetty-xml-9.3.24.v20180605.jar:/home/user/.m2/repository/log4j/log4j/1.2.17/log4j-1.2.17.jar:/home/user/.m2/repository/org/slf4j/slf4j-api/1.7.25/slf4j-api-1.7.25.jar:/home/user/.m2/repository/org/slf4j/jul-to-slf4j/1.7.25/jul-to-slf4j-1.7.25.jar:/home/user/.m2/repository/org/eclipse/jetty/jetty-util/9.3.24.v20180605/jetty-util-9.3.24.v20180605.jar:/home/user/.m2/repository/com/fasterxml/jackson/core/jackson-databind/2.9.5/jackson-databind-2.9.5.jar:/home/user/.m2/repository/org/apache/hadoop/hadoop-kms/3.2.0/hadoop-kms-3.2.0-tests.jar:/home/user/.m2/repository/org/apache/hadoop/hadoop-hdds-server-scm/0.5.0-SNAPSHOT/hadoop-hdds-server-scm-0.5.0-SNAPSHOT-tests.jar:/home/user/.m2/repository/org/apache/hadoop/hadoop-hdds-container-service/0.5.0-SNAPSHOT/hadoop-hdds-container-service-0.5.0-SNAPSHOT-tests.jar:/home/user/.m2/repository/org/yaml/snakeyaml/1.16/snakeyaml-1.16.jar:/home/user/.m2/repository/org/apache/hadoop/hadoop-common/3.2.0/hadoop-common-3.2.0-tests.jar:/home/user/.m2/repository/org/apache/hadoop/hadoop-annotations/3.2.0/hadoop-annotations-3.2.0.jar:/usr/lib/jvm/java-1.8-openjdk/jre/../lib/tools.jar:/home/user/.m2/repository/commons-cli/commons-cli/1.2/commons-cli-1.2.jar:/home/user/.m2/repository/org/apache/httpcomponents/httpclient/4.5.2/httpclient-4.5.2.jar:/home/user/.m2/repository/org/apache/httpcomponents/httpcore/4.4.4/httpcore-4.4.4.jar:/home/user/.m2/repository/commons-codec/commons-codec/1.11/commons-codec-1.11.jar:/home/user/.m2/repository/commons-net/commons-net/3.6/commons-net-3.6.jar:/home/user/.m2/repository/commons-collections/commons-collections/3.2.2/commons-collections-3.2.2.jar:/home/user/.m2/repository/org/eclipse/jetty/jetty-servlet/9.3.24.v20180605/jetty-servlet-9.3.24.v20180605.jar:/home/user/.m2/repository/org/eclipse/jetty/jetty-security/9.3.24.v20180605/jetty-security-9.3.24.v20180605.jar:/home/user/.m2/repository/javax/servlet/jsp/jsp-api/2.1/jsp-api-2.1.jar:/home/user/.m2/repository/com/sun/jersey/jersey-servlet/1.19/jersey-servlet-1.19.jar:/home/user/.m2/repository/com/sun/jersey/jersey-json/1.19/jersey-json-1.19.jar:/home/user/.m2/repository/org/codehaus/jettison/jettison/1.1/jettison-1.1.jar:/home/user/.m2/repository/org/codehaus/jackson/jackson-core-asl/1.9.13/jackson-core-asl-1.9.13.jar:/home/user/.m2/repository/org/codehaus/jackson/jackson-mapper-asl/1.9.13/jackson-mapper-asl-1.9.13.jar:/home/user/.m2/repository/org/codehaus/jackson/jackson-jaxrs/1.9.13/jackson-jaxrs-1.9.13.jar:/home/user/.m2/repository/org/codehaus/jackson/jackson-xc/1.9.13/jackson-xc-1.9.13.jar:/home/user/.m2/repository/commons-logging/commons-logging/1.1.3/commons-logging-1.1.3.jar:/home/user/.m2/repository/commons-beanutils/commons-beanutils/1.9.3/commons-beanutils-1.9.3.jar:/home/user/.m2/repository/org/apache/commons/commons-configuration2/2.1.1/commons-configuration2-2.1.1.jar:/home/user/.m2/repository/org/apache/commons/commons-lang3/3.7/commons-lang3-3.7.jar:/home/user/.m2/repository/org/apache/commons/commons-text/1.4/commons-text-1.4.jar:/home/user/.m2/repository/org/apache/avro/avro/1.7.7/avro-1.7.7.jar:/home/user/.m2/repository/com/thoughtworks/paranamer/paranamer/2.3/paranamer-2.3.jar:/home/user/.m2/repository/org/xerial/snappy/snappy-java/1.0.5/snappy-java-1.0.5.jar:/home/user/.m2/repository/com/google/re2j/re2j/1.1/re2j-1.1.jar:/home/user/.m2/repository/com/google/code/gson/gson/2.2.4/gson-2.2.4.jar:/home/user/.m2/repository/com/jcraft/jsch/0.1.54/jsch-0.1.54.jar:/home/user/.m2/repository/org/apache/curator/curator-client/2.12.0/curator-client-2.12.0.jar:/home/user/.m2/repository/org/apache/curator/curator-recipes/2.12.0/curator-recipes-2.12.0.jar:/home/user/.m2/repository/com/google/code/findbugs/jsr305/3.0.0/jsr305-3.0.0.jar:/home/user/.m2/repository/org/apache/htrace/htrace-core4/4.1.0-incubating/htrace-core4-4.1.0-incubating.jar:/home/user/.m2/repository/org/apache/zookeeper/zookeeper/3.4.13/zookeeper-3.4.13.jar:/home/user/.m2/repository/org/apache/yetus/audience-annotations/0.5.0/audience-annotations-0.5.0.jar:/home/user/.m2/repository/org/codehaus/woodstox/stax2-api/3.1.4/stax2-api-3.1.4.jar:/home/user/.m2/repository/com/fasterxml/woodstox/woodstox-core/5.0.3/woodstox-core-5.0.3.jar:/home/user/.m2/repository/dnsjava/dnsjava/2.1.7/dnsjava-2.1.7.jar:/home/user/.m2/repository/org/apache/hadoop/hadoop-hdfs/3.2.0/hadoop-hdfs-3.2.0-tests.jar:/home/user/.m2/repository/org/eclipse/jetty/jetty-util-ajax/9.3.24.v20180605/jetty-util-ajax-9.3.24.v20180605.jar:/home/user/.m2/repository/commons-daemon/commons-daemon/1.0.13/commons-daemon-1.0.13.jar:/home/user/.m2/repository/io/netty/netty/3.10.5.Final/netty-3.10.5.Final.jar:/home/user/.m2/repository/io/netty/netty-all/4.0.52.Final/netty-all-4.0.52.Final.jar:/home/user/.m2/repository/org/fusesource/leveldbjni/leveldbjni-all/1.8/leveldbjni-all-1.8.jar:"/>
    <property name="sun.cpu.endian" value="little"/>
    <property name="user.home" value="/home/user"/>
    <property name="user.language" value="en"/>
    <property name="java.specification.vendor" value="Oracle Corporation"/>
    <property name="java.home" value="/usr/lib/jvm/java-1.8-openjdk/jre"/>
    <property name="java.security.krb5.conf" value="/workdir/hadoop-ozone/integration-test/target/test-classes/krb5.conf"/>
    <property name="basedir" value="/workdir/hadoop-ozone/integration-test"/>
    <property name="file.separator" value="/"/>
    <property name="line.separator" value="&#10;"/>
    <property name="java.vm.specification.vendor" value="Oracle Corporation"/>
    <property name="java.specification.name" value="Java Platform API Specification"/>
    <property name="java.awt.graphicsenv" value="sun.awt.X11GraphicsEnvironment"/>
    <property name="surefire.real.class.path" value="/workdir/hadoop-ozone/integration-test/target/surefire/surefirebooter3394400496708682215.jar"/>
    <property name="hadoop.log.dir" value="/workdir/hadoop-ozone/integration-test/target/log"/>
    <property name="sun.boot.class.path" value="/usr/lib/jvm/java-1.8-openjdk/jre/lib/resources.jar:/usr/lib/jvm/java-1.8-openjdk/jre/lib/rt.jar:/usr/lib/jvm/java-1.8-openjdk/jre/lib/sunrsasign.jar:/usr/lib/jvm/java-1.8-openjdk/jre/lib/jsse.jar:/usr/lib/jvm/java-1.8-openjdk/jre/lib/jce.jar:/usr/lib/jvm/java-1.8-openjdk/jre/lib/charsets.jar:/usr/lib/jvm/java-1.8-openjdk/jre/lib/jfr.jar:/usr/lib/jvm/java-1.8-openjdk/jre/classes"/>
    <property name="sun.management.compiler" value="HotSpot 64-Bit Tiered Compilers"/>
    <property name="java.runtime.version" value="1.8.0_212-b04"/>
    <property name="java.net.preferIPv4Stack" value="true"/>
    <property name="user.name" value="jenkins1000"/>
    <property name="path.separator" value=":"/>
    <property name="java.security.egd" value="file:///dev/urandom"/>
    <property name="os.version" value="3.10.0-957.12.2.el7.x86_64"/>
    <property name="java.endorsed.dirs" value="/usr/lib/jvm/java-1.8-openjdk/jre/lib/endorsed"/>
    <property name="java.runtime.name" value="OpenJDK Runtime Environment"/>
    <property name="file.encoding" value="UTF-8"/>
    <property name="java.vm.name" value="OpenJDK 64-Bit Server VM"/>
    <property name="test.build.webapps" value=""/>
    <property name="localRepository" value="/home/user/.m2/repository"/>
    <property name="java.vendor.url.bug" value="https://icedtea.classpath.org/bugzilla"/>
    <property name="java.io.tmpdir" value="/tmp"/>
    <property name="require.test.libhadoop" value=""/>
    <property name="java.version" value="1.8.0_212"/>
    <property name="user.dir" value="/workdir/hadoop-ozone/integration-test"/>
    <property name="os.arch" value="amd64"/>
    <property name="java.vm.specification.name" value="Java Virtual Machine Specification"/>
    <property name="test.build.classes" value="/workdir/hadoop-ozone/integration-test/target/test-classes"/>
    <property name="java.awt.printerjob" value="sun.print.PSPrinterJob"/>
    <property name="sun.os.patch.level" value="unknown"/>
    <property name="hadoop.tmp.dir" value="/workdir/hadoop-ozone/integration-test/target/tmp"/>
    <property name="java.library.path" value="/usr/lib/jvm/java-1.8-openjdk/jre/lib/amd64/server:/usr/lib/jvm/java-1.8-openjdk/jre/lib/amd64:/usr/lib/jvm/java-1.8-openjdk/jre/../lib/amd64:/workdir/hadoop-ozone/integration-test/target/native/target/usr/local/lib:/workdir/hadoop-ozone/integration-test/../../hadoop-common-project/hadoop-common/target/native/target/usr/local/lib:/usr/java/packages/lib/amd64:/usr/lib64:/lib64:/lib:/usr/lib"/>
    <property name="java.vm.info" value="mixed mode"/>
    <property name="java.vendor" value="IcedTea"/>
    <property name="java.vm.version" value="25.212-b04"/>
    <property name="java.ext.dirs" value="/usr/lib/jvm/java-1.8-openjdk/jre/lib/ext:/usr/java/packages/lib/ext"/>
    <property name="sun.io.unicode.encoding" value="UnicodeLittle"/>
    <property name="java.class.version" value="52.0"/>
  </properties>
  <testcase name="test2DatanodesFailure" classname="org.apache.hadoop.ozone.client.rpc.TestBlockOutputStreamWithFailures" time="104.728"/>
  <testcase name="testDatanodeFailureWithPreAllocation" classname="org.apache.hadoop.ozone.client.rpc.TestBlockOutputStreamWithFailures" time="227.234"/>
  <testcase name="testDatanodeFailureWithSingleNodeRatis" classname="org.apache.hadoop.ozone.client.rpc.TestBlockOutputStreamWithFailures" time="223.578"/>
  <testcase name="testWatchForCommitWithSingleNodeRatis" classname="org.apache.hadoop.ozone.client.rpc.TestBlockOutputStreamWithFailures" time="35.031"/>
  <testcase name="testWatchForCommitDatanodeFailure" classname="org.apache.hadoop.ozone.client.rpc.TestBlockOutputStreamWithFailures" time="46.751">
    <failure message="expected:&lt;2&gt; but was:&lt;3&gt;" type="java.lang.AssertionError"><![CDATA[java.lang.AssertionError: expected:<2> but was:<3>
	at org.junit.Assert.fail(Assert.java:88)
	at org.junit.Assert.failNotEquals(Assert.java:743)
	at org.junit.Assert.assertEquals(Assert.java:118)
	at org.junit.Assert.assertEquals(Assert.java:555)
	at org.junit.Assert.assertEquals(Assert.java:542)
	at org.apache.hadoop.ozone.client.rpc.TestBlockOutputStreamWithFailures.testWatchForCommitDatanodeFailure(TestBlockOutputStreamWithFailures.java:366)
	at sun.reflect.NativeMethodAccessorImpl.invoke0(Native Method)
	at sun.reflect.NativeMethodAccessorImpl.invoke(NativeMethodAccessorImpl.java:62)
	at sun.reflect.DelegatingMethodAccessorImpl.invoke(DelegatingMethodAccessorImpl.java:43)
	at java.lang.reflect.Method.invoke(Method.java:498)
	at org.junit.runners.model.FrameworkMethod$1.runReflectiveCall(FrameworkMethod.java:47)
	at org.junit.internal.runners.model.ReflectiveCallable.run(ReflectiveCallable.java:12)
	at org.junit.runners.model.FrameworkMethod.invokeExplosively(FrameworkMethod.java:44)
	at org.junit.internal.runners.statements.InvokeMethod.evaluate(InvokeMethod.java:17)
	at org.junit.internal.runners.statements.RunBefores.evaluate(RunBefores.java:26)
	at org.junit.internal.runners.statements.RunAfters.evaluate(RunAfters.java:27)
	at org.junit.runners.ParentRunner.runLeaf(ParentRunner.java:271)
	at org.junit.runners.BlockJUnit4ClassRunner.runChild(BlockJUnit4ClassRunner.java:70)
	at org.junit.runners.BlockJUnit4ClassRunner.runChild(BlockJUnit4ClassRunner.java:50)
	at org.junit.runners.ParentRunner$3.run(ParentRunner.java:238)
	at org.junit.runners.ParentRunner$1.schedule(ParentRunner.java:63)
	at org.junit.runners.ParentRunner.runChildren(ParentRunner.java:236)
	at org.junit.runners.ParentRunner.access$000(ParentRunner.java:53)
	at org.junit.runners.ParentRunner$2.evaluate(ParentRunner.java:229)
	at org.junit.runners.ParentRunner.run(ParentRunner.java:309)
	at org.apache.maven.surefire.junit4.JUnit4Provider.execute(JUnit4Provider.java:365)
	at org.apache.maven.surefire.junit4.JUnit4Provider.executeWithRerun(JUnit4Provider.java:273)
	at org.apache.maven.surefire.junit4.JUnit4Provider.executeTestSet(JUnit4Provider.java:238)
	at org.apache.maven.surefire.junit4.JUnit4Provider.invoke(JUnit4Provider.java:159)
	at org.apache.maven.surefire.booter.ForkedBooter.invokeProviderInSameClassLoader(ForkedBooter.java:384)
	at org.apache.maven.surefire.booter.ForkedBooter.runSuitesInProcess(ForkedBooter.java:345)
	at org.apache.maven.surefire.booter.ForkedBooter.execute(ForkedBooter.java:126)
	at org.apache.maven.surefire.booter.ForkedBooter.main(ForkedBooter.java:418)
]]></failure>
    <system-out><![CDATA[2019-08-23 15:31:00,606 [main] WARN  server.ServerUtils (ServerUtils.java:getScmDbDir(145)) - ozone.scm.db.dirs is not configured. We recommend adding this setting. Falling back to ozone.metadata.dirs instead.
2019-08-23 15:31:00,621 [main] WARN  server.ServerUtils (ServerUtils.java:getScmDbDir(145)) - ozone.scm.db.dirs is not configured. We recommend adding this setting. Falling back to ozone.metadata.dirs instead.
2019-08-23 15:31:00,622 [main] WARN  server.ServerUtils (ServerUtils.java:getScmDbDir(145)) - ozone.scm.db.dirs is not configured. We recommend adding this setting. Falling back to ozone.metadata.dirs instead.
2019-08-23 15:31:00,622 [main] INFO  db.DBStoreBuilder (DBStoreBuilder.java:addTable(110)) - using custom profile for table: deletedBlocks
2019-08-23 15:31:00,622 [main] INFO  db.DBStoreBuilder (DBStoreBuilder.java:processTables(161)) - Using default column profile:DBProfile.DISK for Table:deletedBlocks
2019-08-23 15:31:00,622 [main] INFO  db.DBStoreBuilder (DBStoreBuilder.java:addTable(110)) - using custom profile for table: validCerts
2019-08-23 15:31:00,623 [main] INFO  db.DBStoreBuilder (DBStoreBuilder.java:processTables(161)) - Using default column profile:DBProfile.DISK for Table:validCerts
2019-08-23 15:31:00,623 [main] INFO  db.DBStoreBuilder (DBStoreBuilder.java:addTable(110)) - using custom profile for table: revokedCerts
2019-08-23 15:31:00,623 [main] INFO  db.DBStoreBuilder (DBStoreBuilder.java:processTables(161)) - Using default column profile:DBProfile.DISK for Table:revokedCerts
2019-08-23 15:31:00,623 [main] INFO  db.DBStoreBuilder (DBStoreBuilder.java:addTable(110)) - using custom profile for table: default
2019-08-23 15:31:00,623 [main] INFO  db.DBStoreBuilder (DBStoreBuilder.java:processTables(167)) - Using default column profile:DBProfile.DISK for Table:default
2019-08-23 15:31:00,624 [main] INFO  db.DBStoreBuilder (DBStoreBuilder.java:getDbProfile(198)) - Using default options. DBProfile.DISK
2019-08-23 15:31:00,746 [main] INFO  net.NodeSchemaLoader (NodeSchemaLoader.java:loadSchemaFromFile(125)) - Loading file from sun.misc.CompoundEnumeration@5785e813
2019-08-23 15:31:00,746 [main] INFO  net.NodeSchemaLoader (NodeSchemaLoader.java:loadSchema(171)) - Loading network topology layer schema file
2019-08-23 15:31:00,750 [main] INFO  node.SCMNodeManager (SCMNodeManager.java:<init>(121)) - Entering startup safe mode.
2019-08-23 15:31:00,750 [main] INFO  algorithms.ContainerPlacementPolicyFactory (ContainerPlacementPolicyFactory.java:getPolicy(55)) - Create container placement policy of type org.apache.hadoop.hdds.scm.container.placement.algorithms.SCMContainerPlacementRandom
2019-08-23 15:31:00,750 [main] WARN  server.ServerUtils (ServerUtils.java:getScmDbDir(145)) - ozone.scm.db.dirs is not configured. We recommend adding this setting. Falling back to ozone.metadata.dirs instead.
2019-08-23 15:31:00,798 [main] INFO  pipeline.SCMPipelineManager (SCMPipelineManager.java:initializePipelineState(126)) - No pipeline exists in current db
2019-08-23 15:31:00,798 [main] WARN  server.ServerUtils (ServerUtils.java:getScmDbDir(145)) - ozone.scm.db.dirs is not configured. We recommend adding this setting. Falling back to ozone.metadata.dirs instead.
2019-08-23 15:31:00,849 [main] WARN  events.EventQueue (EventQueue.java:fireEvent(175)) - No event handler registered for event TypedEvent{payloadType=SafeModeStatus, name='SafeModeStatus'}
2019-08-23 15:31:00,850 [main] INFO  ipc.CallQueueManager (CallQueueManager.java:<init>(84)) - Using callQueue: class java.util.concurrent.LinkedBlockingQueue, queueCapacity: 2000, scheduler: class org.apache.hadoop.ipc.DefaultRpcScheduler, ipcBackoff: false.
2019-08-23 15:31:00,851 [Socket Reader #1 for port 37126] INFO  ipc.Server (Server.java:run(1074)) - Starting Socket Reader #1 for port 37126
2019-08-23 15:31:00,852 [main] INFO  ipc.CallQueueManager (CallQueueManager.java:<init>(84)) - Using callQueue: class java.util.concurrent.LinkedBlockingQueue, queueCapacity: 2000, scheduler: class org.apache.hadoop.ipc.DefaultRpcScheduler, ipcBackoff: false.
2019-08-23 15:31:00,853 [Socket Reader #1 for port 36652] INFO  ipc.Server (Server.java:run(1074)) - Starting Socket Reader #1 for port 36652
2019-08-23 15:31:00,854 [main] INFO  ipc.CallQueueManager (CallQueueManager.java:<init>(84)) - Using callQueue: class java.util.concurrent.LinkedBlockingQueue, queueCapacity: 2000, scheduler: class org.apache.hadoop.ipc.DefaultRpcScheduler, ipcBackoff: false.
2019-08-23 15:31:00,854 [Socket Reader #1 for port 41919] INFO  ipc.Server (Server.java:run(1074)) - Starting Socket Reader #1 for port 41919
2019-08-23 15:31:00,856 [main] INFO  hdfs.DFSUtil (DFSUtil.java:httpServerTemplateForNNAndJN(1641)) - Starting Web-server for scm at: http://0.0.0.0:0
2019-08-23 15:31:00,857 [main] INFO  server.AuthenticationFilter (AuthenticationFilter.java:constructSecretProvider(240)) - Unable to initialize FileSignerSecretProvider, falling back to use random secrets.
2019-08-23 15:31:00,858 [main] WARN  http.HttpRequestLog (HttpRequestLog.java:getRequestLog(97)) - Jetty request log can only be enabled using Log4j
2019-08-23 15:31:00,859 [main] INFO  http.HttpServer2 (HttpServer2.java:addGlobalFilter(975)) - Added global filter 'safety' (class=org.apache.hadoop.http.HttpServer2$QuotingInputFilter)
2019-08-23 15:31:00,859 [main] INFO  http.HttpServer2 (HttpServer2.java:addFilter(948)) - Added filter static_user_filter (class=org.apache.hadoop.http.lib.StaticUserWebFilter$StaticUserFilter) to context scm
2019-08-23 15:31:00,860 [main] INFO  http.HttpServer2 (HttpServer2.java:addFilter(958)) - Added filter static_user_filter (class=org.apache.hadoop.http.lib.StaticUserWebFilter$StaticUserFilter) to context logs
2019-08-23 15:31:00,860 [main] INFO  http.HttpServer2 (HttpServer2.java:addFilter(958)) - Added filter static_user_filter (class=org.apache.hadoop.http.lib.StaticUserWebFilter$StaticUserFilter) to context static
2019-08-23 15:31:00,861 [main] INFO  server.StorageContainerManager (StorageContainerManager.java:start(759)) - StorageContainerLocationProtocol RPC server is listening at /0.0.0.0:41919
2019-08-23 15:31:00,863 [main] WARN  impl.MetricsConfig (MetricsConfig.java:loadFirst(134)) - Cannot locate configuration: tried hadoop-metrics2-storagecontainermanager.properties,hadoop-metrics2.properties
2019-08-23 15:31:00,863 [main] INFO  impl.MetricsSystemImpl (MetricsSystemImpl.java:startTimer(374)) - Scheduled Metric snapshot period at 10 second(s).
2019-08-23 15:31:00,864 [main] INFO  impl.MetricsSystemImpl (MetricsSystemImpl.java:start(191)) - StorageContainerManager metrics system started
2019-08-23 15:31:00,913 [main] INFO  server.SCMClientProtocolServer (SCMClientProtocolServer.java:start(151)) - RPC server for Client  is listening at /0.0.0.0:41919
2019-08-23 15:31:00,913 [IPC Server Responder] INFO  ipc.Server (Server.java:run(1314)) - IPC Server Responder: starting
2019-08-23 15:31:00,913 [IPC Server listener on 41919] INFO  ipc.Server (Server.java:run(1153)) - IPC Server listener on 41919: starting
2019-08-23 15:31:00,916 [main] INFO  server.StorageContainerManager (StorageContainerManager.java:start(769)) - ScmBlockLocationProtocol RPC server is listening at /0.0.0.0:36652
2019-08-23 15:31:00,917 [main] INFO  server.SCMBlockProtocolServer (SCMBlockProtocolServer.java:start(140)) - RPC server for Block Protocol is listening at /0.0.0.0:36652
2019-08-23 15:31:00,917 [IPC Server Responder] INFO  ipc.Server (Server.java:run(1314)) - IPC Server Responder: starting
2019-08-23 15:31:00,917 [IPC Server listener on 36652] INFO  ipc.Server (Server.java:run(1153)) - IPC Server listener on 36652: starting
2019-08-23 15:31:00,920 [main] INFO  server.StorageContainerManager (StorageContainerManager.java:start(773)) - ScmDatanodeProtocl RPC server is listening at /0.0.0.0:37126
2019-08-23 15:31:00,920 [main] INFO  server.SCMDatanodeProtocolServer (SCMDatanodeProtocolServer.java:start(191)) - RPC server for DataNodes is listening at /0.0.0.0:37126
2019-08-23 15:31:00,921 [IPC Server Responder] INFO  ipc.Server (Server.java:run(1314)) - IPC Server Responder: starting
2019-08-23 15:31:00,921 [IPC Server listener on 37126] INFO  ipc.Server (Server.java:run(1153)) - IPC Server listener on 37126: starting
2019-08-23 15:31:00,924 [main] INFO  http.HttpServer2 (HttpServer2.java:bindListener(1191)) - Jetty bound to port 34803
2019-08-23 15:31:00,924 [main] INFO  server.Server (Server.java:doStart(351)) - jetty-9.3.24.v20180605, build timestamp: 2018-06-05T17:11:56Z, git hash: 84205aa28f11a4f31f2a3b86d1bba2cc8ab69827
2019-08-23 15:31:00,926 [main] INFO  handler.ContextHandler (ContextHandler.java:doStart(781)) - Started o.e.j.s.ServletContextHandler@2725ca05{/logs,file:///workdir/hadoop-ozone/integration-test/target/log,AVAILABLE}
2019-08-23 15:31:00,927 [main] INFO  handler.ContextHandler (ContextHandler.java:doStart(781)) - Started o.e.j.s.ServletContextHandler@1a914089{/static,file:///workdir/hadoop-ozone/integration-test/target/test-classes/webapps/static,AVAILABLE}
2019-08-23 15:31:00,932 [main] INFO  handler.ContextHandler (ContextHandler.java:doStart(781)) - Started o.e.j.w.WebAppContext@28b8f98a{/,file:///workdir/hadoop-ozone/integration-test/target/test-classes/webapps/scm/,AVAILABLE}{/scm}
2019-08-23 15:31:00,932 [main] INFO  server.AbstractConnector (AbstractConnector.java:doStart(278)) - Started ServerConnector@3b4ef59f{HTTP/1.1,[http/1.1]}{0.0.0.0:34803}
2019-08-23 15:31:00,933 [main] INFO  server.Server (Server.java:doStart(419)) - Started @591506ms
2019-08-23 15:31:00,934 [main] INFO  server.BaseHttpServer (BaseHttpServer.java:updateConnectorAddress(213)) - HTTP server of SCM is listening at http://0.0.0.0:34803
2019-08-23 15:31:00,934 [main] WARN  server.ServerUtils (ServerUtils.java:getDBPath(222)) - ozone.om.db.dirs is not configured. We recommend adding this setting. Falling back to ozone.metadata.dirs instead.
2019-08-23 15:31:00,935 [org.apache.hadoop.util.JvmPauseMonitor$Monitor@33e4b9c4] INFO  util.JvmPauseMonitor (JvmPauseMonitor.java:run(188)) - Starting JVM pause monitor
2019-08-23 15:31:00,948 [main] WARN  server.ServerUtils (ServerUtils.java:getDBPath(222)) - ozone.om.db.dirs is not configured. We recommend adding this setting. Falling back to ozone.metadata.dirs instead.
2019-08-23 15:31:00,948 [main] WARN  server.ServerUtils (ServerUtils.java:getDBPath(222)) - ozone.om.db.dirs is not configured. We recommend adding this setting. Falling back to ozone.metadata.dirs instead.
2019-08-23 15:31:00,948 [main] INFO  om.OzoneManager (OzoneManager.java:setOMNodeDetails(648)) - OM Service ID is not set. Setting it to the default ID: omServiceIdDefault
2019-08-23 15:31:00,949 [main] INFO  om.OzoneManager (OzoneManager.java:setOMNodeDetails(654)) - OM Node ID is not set. Setting it to the OmStorage's OmID: 7978baed-2073-48c3-8785-bc4fbaecaa89
2019-08-23 15:31:00,949 [main] INFO  om.OzoneManager (OzoneManager.java:loadOMHAConfigs(605)) - Found matching OM address with OMServiceId: null, OMNodeId: null, RPC Address: localhost:0 and Ratis port: 9872
2019-08-23 15:31:00,952 | INFO  | SCMAudit | user=jenkins1000 | ip=192.168.5.135 | op=GET_SCM_INFO null | ret=SUCCESS |  
2019-08-23 15:31:00,953 [main] WARN  server.ServerUtils (ServerUtils.java:getDBPath(222)) - ozone.om.db.dirs is not configured. We recommend adding this setting. Falling back to ozone.metadata.dirs instead.
2019-08-23 15:31:00,954 [main] INFO  db.DBStoreBuilder (DBStoreBuilder.java:addTable(110)) - using custom profile for table: userTable
2019-08-23 15:31:00,954 [main] INFO  db.DBStoreBuilder (DBStoreBuilder.java:processTables(161)) - Using default column profile:DBProfile.DISK for Table:userTable
2019-08-23 15:31:00,954 [main] INFO  db.DBStoreBuilder (DBStoreBuilder.java:addTable(110)) - using custom profile for table: volumeTable
2019-08-23 15:31:00,954 [main] INFO  db.DBStoreBuilder (DBStoreBuilder.java:processTables(161)) - Using default column profile:DBProfile.DISK for Table:volumeTable
2019-08-23 15:31:00,955 [main] INFO  db.DBStoreBuilder (DBStoreBuilder.java:addTable(110)) - using custom profile for table: bucketTable
2019-08-23 15:31:00,955 [main] INFO  db.DBStoreBuilder (DBStoreBuilder.java:processTables(161)) - Using default column profile:DBProfile.DISK for Table:bucketTable
2019-08-23 15:31:00,955 [main] INFO  db.DBStoreBuilder (DBStoreBuilder.java:addTable(110)) - using custom profile for table: keyTable
2019-08-23 15:31:00,955 [main] INFO  db.DBStoreBuilder (DBStoreBuilder.java:processTables(161)) - Using default column profile:DBProfile.DISK for Table:keyTable
2019-08-23 15:31:00,955 [main] INFO  db.DBStoreBuilder (DBStoreBuilder.java:addTable(110)) - using custom profile for table: deletedTable
2019-08-23 15:31:00,955 [main] INFO  db.DBStoreBuilder (DBStoreBuilder.java:processTables(161)) - Using default column profile:DBProfile.DISK for Table:deletedTable
2019-08-23 15:31:00,956 [main] INFO  db.DBStoreBuilder (DBStoreBuilder.java:addTable(110)) - using custom profile for table: openKeyTable
2019-08-23 15:31:00,956 [main] INFO  db.DBStoreBuilder (DBStoreBuilder.java:processTables(161)) - Using default column profile:DBProfile.DISK for Table:openKeyTable
2019-08-23 15:31:00,956 [main] INFO  db.DBStoreBuilder (DBStoreBuilder.java:addTable(110)) - using custom profile for table: s3Table
2019-08-23 15:31:00,956 [main] INFO  db.DBStoreBuilder (DBStoreBuilder.java:processTables(161)) - Using default column profile:DBProfile.DISK for Table:s3Table
2019-08-23 15:31:00,956 [main] INFO  db.DBStoreBuilder (DBStoreBuilder.java:addTable(110)) - using custom profile for table: multipartInfoTable
2019-08-23 15:31:00,956 [main] INFO  db.DBStoreBuilder (DBStoreBuilder.java:processTables(161)) - Using default column profile:DBProfile.DISK for Table:multipartInfoTable
2019-08-23 15:31:00,957 [main] INFO  db.DBStoreBuilder (DBStoreBuilder.java:addTable(110)) - using custom profile for table: dTokenTable
2019-08-23 15:31:00,957 [main] INFO  db.DBStoreBuilder (DBStoreBuilder.java:processTables(161)) - Using default column profile:DBProfile.DISK for Table:dTokenTable
2019-08-23 15:31:00,957 [main] INFO  db.DBStoreBuilder (DBStoreBuilder.java:addTable(110)) - using custom profile for table: s3SecretTable
2019-08-23 15:31:00,957 [main] INFO  db.DBStoreBuilder (DBStoreBuilder.java:processTables(161)) - Using default column profile:DBProfile.DISK for Table:s3SecretTable
2019-08-23 15:31:00,957 [main] INFO  db.DBStoreBuilder (DBStoreBuilder.java:addTable(110)) - using custom profile for table: prefixTable
2019-08-23 15:31:00,957 [main] INFO  db.DBStoreBuilder (DBStoreBuilder.java:processTables(161)) - Using default column profile:DBProfile.DISK for Table:prefixTable
2019-08-23 15:31:00,958 [main] INFO  db.DBStoreBuilder (DBStoreBuilder.java:addTable(110)) - using custom profile for table: default
2019-08-23 15:31:00,958 [main] INFO  db.DBStoreBuilder (DBStoreBuilder.java:processTables(167)) - Using default column profile:DBProfile.DISK for Table:default
2019-08-23 15:31:00,958 [main] INFO  db.DBStoreBuilder (DBStoreBuilder.java:getDbProfile(198)) - Using default options. DBProfile.DISK
2019-08-23 15:31:01,322 [main] INFO  ipc.CallQueueManager (CallQueueManager.java:<init>(84)) - Using callQueue: class java.util.concurrent.LinkedBlockingQueue, queueCapacity: 2000, scheduler: class org.apache.hadoop.ipc.DefaultRpcScheduler, ipcBackoff: false.
2019-08-23 15:31:01,323 [Socket Reader #1 for port 37087] INFO  ipc.Server (Server.java:run(1074)) - Starting Socket Reader #1 for port 37087
2019-08-23 15:31:01,335 [main] INFO  om.OzoneManager (OzoneManager.java:start(1259)) - OzoneManager RPC server is listening at localhost/127.0.0.1:37087
2019-08-23 15:31:01,335 [main] INFO  impl.MetricsSystemImpl (MetricsSystemImpl.java:init(158)) - OzoneManager metrics system started (again)
2019-08-23 15:31:01,335 [IPC Server Responder] INFO  ipc.Server (Server.java:run(1314)) - IPC Server Responder: starting
2019-08-23 15:31:01,335 [IPC Server listener on 37087] INFO  ipc.Server (Server.java:run(1153)) - IPC Server listener on 37087: starting
2019-08-23 15:31:01,340 [main] INFO  hdfs.DFSUtil (DFSUtil.java:httpServerTemplateForNNAndJN(1641)) - Starting Web-server for ozoneManager at: http://0.0.0.0:0
2019-08-23 15:31:01,343 [main] INFO  server.AuthenticationFilter (AuthenticationFilter.java:constructSecretProvider(240)) - Unable to initialize FileSignerSecretProvider, falling back to use random secrets.
2019-08-23 15:31:01,343 [main] WARN  http.HttpRequestLog (HttpRequestLog.java:getRequestLog(97)) - Jetty request log can only be enabled using Log4j
2019-08-23 15:31:01,345 [main] INFO  http.HttpServer2 (HttpServer2.java:addGlobalFilter(975)) - Added global filter 'safety' (class=org.apache.hadoop.http.HttpServer2$QuotingInputFilter)
2019-08-23 15:31:01,346 [main] INFO  http.HttpServer2 (HttpServer2.java:addFilter(948)) - Added filter static_user_filter (class=org.apache.hadoop.http.lib.StaticUserWebFilter$StaticUserFilter) to context ozoneManager
2019-08-23 15:31:01,346 [main] INFO  http.HttpServer2 (HttpServer2.java:addFilter(958)) - Added filter static_user_filter (class=org.apache.hadoop.http.lib.StaticUserWebFilter$StaticUserFilter) to context logs
2019-08-23 15:31:01,347 [main] INFO  http.HttpServer2 (HttpServer2.java:addFilter(958)) - Added filter static_user_filter (class=org.apache.hadoop.http.lib.StaticUserWebFilter$StaticUserFilter) to context static
2019-08-23 15:31:01,348 [main] INFO  http.HttpServer2 (HttpServer2.java:bindListener(1191)) - Jetty bound to port 36103
2019-08-23 15:31:01,348 [main] INFO  server.Server (Server.java:doStart(351)) - jetty-9.3.24.v20180605, build timestamp: 2018-06-05T17:11:56Z, git hash: 84205aa28f11a4f31f2a3b86d1bba2cc8ab69827
2019-08-23 15:31:01,350 [main] INFO  handler.ContextHandler (ContextHandler.java:doStart(781)) - Started o.e.j.s.ServletContextHandler@656842bc{/logs,file:///workdir/hadoop-ozone/integration-test/target/log,AVAILABLE}
2019-08-23 15:31:01,351 [main] INFO  handler.ContextHandler (ContextHandler.java:doStart(781)) - Started o.e.j.s.ServletContextHandler@3dec3f87{/static,file:///workdir/hadoop-ozone/integration-test/target/test-classes/webapps/static,AVAILABLE}
2019-08-23 15:31:01,357 [main] INFO  handler.ContextHandler (ContextHandler.java:doStart(781)) - Started o.e.j.w.WebAppContext@238291d4{/,file:///workdir/hadoop-ozone/integration-test/target/test-classes/webapps/ozoneManager/,AVAILABLE}{/ozoneManager}
2019-08-23 15:31:01,358 [main] INFO  server.AbstractConnector (AbstractConnector.java:doStart(278)) - Started ServerConnector@34edd065{HTTP/1.1,[http/1.1]}{0.0.0.0:36103}
2019-08-23 15:31:01,359 [main] INFO  server.Server (Server.java:doStart(419)) - Started @591932ms
2019-08-23 15:31:01,360 [main] INFO  server.BaseHttpServer (BaseHttpServer.java:updateConnectorAddress(213)) - HTTP server of OZONEMANAGER is listening at http://0.0.0.0:36103
2019-08-23 15:31:01,380 [main] INFO  impl.MetricsSystemImpl (MetricsSystemImpl.java:init(158)) - HddsDatanode metrics system started (again)
2019-08-23 15:31:01,383 [main] INFO  ozone.HddsDatanodeService (HddsDatanodeService.java:start(184)) - HddsDatanodeService host:pr-hdds-738-hvzxd-2983279717 ip:192.168.5.135
2019-08-23 15:31:01,388 [main] INFO  volume.HddsVolume (HddsVolume.java:<init>(176)) - Creating Volume: /workdir/hadoop-ozone/integration-test/target/test-dir/MiniOzoneClusterImpl-59c2fb18-0200-4865-85bf-81b4b37c6949/datanode-0/data/containers/hdds of  storage type : DISK and capacity : 1482555576320
2019-08-23 15:31:01,389 [main] INFO  volume.VolumeSet (VolumeSet.java:initializeVolumeSet(170)) - Added Volume : /workdir/hadoop-ozone/integration-test/target/test-dir/MiniOzoneClusterImpl-59c2fb18-0200-4865-85bf-81b4b37c6949/datanode-0/data/containers/hdds to VolumeSet
2019-08-23 15:31:01,389 [main] INFO  volume.ThrottledAsyncChecker (ThrottledAsyncChecker.java:schedule(140)) - Scheduling a check for org.apache.hadoop.ozone.container.common.volume.HddsVolume@32ab408e
2019-08-23 15:31:01,390 [main] INFO  volume.HddsVolumeChecker (HddsVolumeChecker.java:checkAllVolumes(203)) - Scheduled health check for volume org.apache.hadoop.ozone.container.common.volume.HddsVolume@32ab408e
2019-08-23 15:31:01,407 [main] INFO  impl.RaftServerProxy (ConfUtils.java:logGet(43)) - raft.rpc.type = GRPC (default)
2019-08-23 15:31:01,407 [main] INFO  grpc.GrpcFactory (GrpcFactory.java:checkPooledByteBufAllocatorUseCacheForAllThreads(45)) - PERFORMANCE WARNING: useCacheForAllThreads is true that may cause Netty to create a lot garbage objects and, as a result, trigger GC.
	It is recommended to disable useCacheForAllThreads by setting -Dorg.apache.ratis.thirdparty.io.netty.allocator.useCacheForAllThreads=false in command line.
2019-08-23 15:31:01,408 [main] INFO  grpc.GrpcConfigKeys$Server (ConfUtils.java:logGet(43)) - raft.grpc.server.port = 0 (default)
2019-08-23 15:31:01,408 [main] INFO  server.GrpcService (ConfUtils.java:logGet(43)) - raft.grpc.message.size.max = 33570816 (custom)
2019-08-23 15:31:01,408 [main] INFO  server.RaftServerConfigKeys (ConfUtils.java:logGet(43)) - raft.server.log.appender.buffer.byte-limit = 33554432 (custom)
2019-08-23 15:31:01,408 [main] INFO  server.GrpcService (ConfUtils.java:logGet(43)) - raft.grpc.flow.control.window = 1MB (=1048576) (default)
2019-08-23 15:31:01,409 [main] INFO  server.RaftServerConfigKeys (ConfUtils.java:logGet(43)) - raft.server.rpc.request.timeout = 3000ms (default)
2019-08-23 15:31:01,409 [main] INFO  server.RaftServerConfigKeys (ConfUtils.java:logGet(43)) - raft.server.storage.dir = [/workdir/hadoop-ozone/integration-test/target/test-dir/MiniOzoneClusterImpl-59c2fb18-0200-4865-85bf-81b4b37c6949/datanode-0/data/ratis] (custom)
2019-08-23 15:31:01,410 [main] INFO  replication.SimpleContainerDownloader (SimpleContainerDownloader.java:<init>(72)) - Starting container downloader service to copy containers to replicate.
2019-08-23 15:31:01,411 [main] INFO  hdfs.DFSUtil (DFSUtil.java:httpServerTemplateForNNAndJN(1641)) - Starting Web-server for hddsDatanode at: http://0.0.0.0:0
2019-08-23 15:31:01,412 [main] INFO  server.AuthenticationFilter (AuthenticationFilter.java:constructSecretProvider(240)) - Unable to initialize FileSignerSecretProvider, falling back to use random secrets.
2019-08-23 15:31:01,412 [main] WARN  http.HttpRequestLog (HttpRequestLog.java:getRequestLog(97)) - Jetty request log can only be enabled using Log4j
2019-08-23 15:31:01,414 [main] INFO  http.HttpServer2 (HttpServer2.java:addGlobalFilter(975)) - Added global filter 'safety' (class=org.apache.hadoop.http.HttpServer2$QuotingInputFilter)
2019-08-23 15:31:01,414 [main] INFO  http.HttpServer2 (HttpServer2.java:addFilter(948)) - Added filter static_user_filter (class=org.apache.hadoop.http.lib.StaticUserWebFilter$StaticUserFilter) to context hddsDatanode
2019-08-23 15:31:01,415 [main] INFO  http.HttpServer2 (HttpServer2.java:addFilter(958)) - Added filter static_user_filter (class=org.apache.hadoop.http.lib.StaticUserWebFilter$StaticUserFilter) to context logs
2019-08-23 15:31:01,415 [main] INFO  http.HttpServer2 (HttpServer2.java:addFilter(958)) - Added filter static_user_filter (class=org.apache.hadoop.http.lib.StaticUserWebFilter$StaticUserFilter) to context static
2019-08-23 15:31:01,416 [main] INFO  http.HttpServer2 (HttpServer2.java:bindListener(1191)) - Jetty bound to port 36653
2019-08-23 15:31:01,416 [main] INFO  server.Server (Server.java:doStart(351)) - jetty-9.3.24.v20180605, build timestamp: 2018-06-05T17:11:56Z, git hash: 84205aa28f11a4f31f2a3b86d1bba2cc8ab69827
2019-08-23 15:31:01,417 [main] INFO  handler.ContextHandler (ContextHandler.java:doStart(781)) - Started o.e.j.s.ServletContextHandler@2f0ccb34{/logs,file:///workdir/hadoop-ozone/integration-test/target/log,AVAILABLE}
2019-08-23 15:31:01,418 [main] INFO  handler.ContextHandler (ContextHandler.java:doStart(781)) - Started o.e.j.s.ServletContextHandler@55296b50{/static,jar:file:/home/user/.m2/repository/org/apache/hadoop/hadoop-hdds-container-service/0.5.0-SNAPSHOT/hadoop-hdds-container-service-0.5.0-SNAPSHOT.jar!/webapps/static,AVAILABLE}
2019-08-23 15:31:01,450 [main] INFO  handler.ContextHandler (ContextHandler.java:doStart(781)) - Started o.e.j.w.WebAppContext@79252c83{/,file:///tmp/jetty-0.0.0.0-36653-hddsDatanode-_-any-1446884160076610602.dir/webapp/,AVAILABLE}{/hddsDatanode}
2019-08-23 15:31:01,451 [main] INFO  server.AbstractConnector (AbstractConnector.java:doStart(278)) - Started ServerConnector@6fbf5db2{HTTP/1.1,[http/1.1]}{0.0.0.0:36653}
2019-08-23 15:31:01,452 [main] INFO  server.Server (Server.java:doStart(419)) - Started @592025ms
2019-08-23 15:31:01,453 [main] INFO  server.BaseHttpServer (BaseHttpServer.java:updateConnectorAddress(213)) - HTTP server of HDDSDATANODE is listening at http://0.0.0.0:36653
2019-08-23 15:31:01,453 [main] INFO  impl.MetricsSystemImpl (MetricsSystemImpl.java:init(158)) - HddsDatanode metrics system started (again)
2019-08-23 15:31:01,455 [org.apache.hadoop.util.JvmPauseMonitor$Monitor@5f8fb519] INFO  util.JvmPauseMonitor (JvmPauseMonitor.java:run(188)) - Starting JVM pause monitor
2019-08-23 15:31:01,455 [main] INFO  ozone.HddsDatanodeService (HddsDatanodeService.java:start(184)) - HddsDatanodeService host:pr-hdds-738-hvzxd-2983279717 ip:192.168.5.135
2019-08-23 15:31:01,456 [Datanode State Machine Thread - 0] INFO  datanode.InitDatanodeState (InitDatanodeState.java:persistContainerDatanodeDetails(140)) - DatanodeDetails is persisted to /workdir/hadoop-ozone/integration-test/target/test-dir/MiniOzoneClusterImpl-59c2fb18-0200-4865-85bf-81b4b37c6949/datanode-0/meta/datanode.id
2019-08-23 15:31:01,460 [main] INFO  volume.HddsVolume (HddsVolume.java:<init>(176)) - Creating Volume: /workdir/hadoop-ozone/integration-test/target/test-dir/MiniOzoneClusterImpl-59c2fb18-0200-4865-85bf-81b4b37c6949/datanode-1/data/containers/hdds of  storage type : DISK and capacity : 1482555576320
2019-08-23 15:31:01,460 [main] INFO  volume.VolumeSet (VolumeSet.java:initializeVolumeSet(170)) - Added Volume : /workdir/hadoop-ozone/integration-test/target/test-dir/MiniOzoneClusterImpl-59c2fb18-0200-4865-85bf-81b4b37c6949/datanode-1/data/containers/hdds to VolumeSet
2019-08-23 15:31:01,460 [main] INFO  volume.ThrottledAsyncChecker (ThrottledAsyncChecker.java:schedule(140)) - Scheduling a check for org.apache.hadoop.ozone.container.common.volume.HddsVolume@5fdd97c1
2019-08-23 15:31:01,461 [main] INFO  volume.HddsVolumeChecker (HddsVolumeChecker.java:checkAllVolumes(203)) - Scheduled health check for volume org.apache.hadoop.ozone.container.common.volume.HddsVolume@5fdd97c1
2019-08-23 15:31:01,477 [main] INFO  impl.RaftServerProxy (ConfUtils.java:logGet(43)) - raft.rpc.type = GRPC (default)
2019-08-23 15:31:01,477 [main] INFO  grpc.GrpcFactory (GrpcFactory.java:checkPooledByteBufAllocatorUseCacheForAllThreads(45)) - PERFORMANCE WARNING: useCacheForAllThreads is true that may cause Netty to create a lot garbage objects and, as a result, trigger GC.
	It is recommended to disable useCacheForAllThreads by setting -Dorg.apache.ratis.thirdparty.io.netty.allocator.useCacheForAllThreads=false in command line.
2019-08-23 15:31:01,477 [main] INFO  grpc.GrpcConfigKeys$Server (ConfUtils.java:logGet(43)) - raft.grpc.server.port = 0 (default)
2019-08-23 15:31:01,477 [main] INFO  server.GrpcService (ConfUtils.java:logGet(43)) - raft.grpc.message.size.max = 33570816 (custom)
2019-08-23 15:31:01,478 [main] INFO  server.RaftServerConfigKeys (ConfUtils.java:logGet(43)) - raft.server.log.appender.buffer.byte-limit = 33554432 (custom)
2019-08-23 15:31:01,478 [main] INFO  server.GrpcService (ConfUtils.java:logGet(43)) - raft.grpc.flow.control.window = 1MB (=1048576) (default)
2019-08-23 15:31:01,478 [main] INFO  server.RaftServerConfigKeys (ConfUtils.java:logGet(43)) - raft.server.rpc.request.timeout = 3000ms (default)
2019-08-23 15:31:01,479 [main] INFO  server.RaftServerConfigKeys (ConfUtils.java:logGet(43)) - raft.server.storage.dir = [/workdir/hadoop-ozone/integration-test/target/test-dir/MiniOzoneClusterImpl-59c2fb18-0200-4865-85bf-81b4b37c6949/datanode-1/data/ratis] (custom)
2019-08-23 15:31:01,479 [main] INFO  replication.SimpleContainerDownloader (SimpleContainerDownloader.java:<init>(72)) - Starting container downloader service to copy containers to replicate.
2019-08-23 15:31:01,480 [main] INFO  hdfs.DFSUtil (DFSUtil.java:httpServerTemplateForNNAndJN(1641)) - Starting Web-server for hddsDatanode at: http://0.0.0.0:0
2019-08-23 15:31:01,481 [main] INFO  server.AuthenticationFilter (AuthenticationFilter.java:constructSecretProvider(240)) - Unable to initialize FileSignerSecretProvider, falling back to use random secrets.
2019-08-23 15:31:01,482 [main] WARN  http.HttpRequestLog (HttpRequestLog.java:getRequestLog(97)) - Jetty request log can only be enabled using Log4j
2019-08-23 15:31:01,483 [main] INFO  http.HttpServer2 (HttpServer2.java:addGlobalFilter(975)) - Added global filter 'safety' (class=org.apache.hadoop.http.HttpServer2$QuotingInputFilter)
2019-08-23 15:31:01,483 [main] INFO  http.HttpServer2 (HttpServer2.java:addFilter(948)) - Added filter static_user_filter (class=org.apache.hadoop.http.lib.StaticUserWebFilter$StaticUserFilter) to context hddsDatanode
2019-08-23 15:31:01,483 [main] INFO  http.HttpServer2 (HttpServer2.java:addFilter(958)) - Added filter static_user_filter (class=org.apache.hadoop.http.lib.StaticUserWebFilter$StaticUserFilter) to context logs
2019-08-23 15:31:01,484 [main] INFO  http.HttpServer2 (HttpServer2.java:addFilter(958)) - Added filter static_user_filter (class=org.apache.hadoop.http.lib.StaticUserWebFilter$StaticUserFilter) to context static
2019-08-23 15:31:01,484 [main] INFO  http.HttpServer2 (HttpServer2.java:bindListener(1191)) - Jetty bound to port 36600
2019-08-23 15:31:01,484 [main] INFO  server.Server (Server.java:doStart(351)) - jetty-9.3.24.v20180605, build timestamp: 2018-06-05T17:11:56Z, git hash: 84205aa28f11a4f31f2a3b86d1bba2cc8ab69827
2019-08-23 15:31:01,486 [main] INFO  handler.ContextHandler (ContextHandler.java:doStart(781)) - Started o.e.j.s.ServletContextHandler@1ee40b5c{/logs,file:///workdir/hadoop-ozone/integration-test/target/log,AVAILABLE}
2019-08-23 15:31:01,486 [main] INFO  handler.ContextHandler (ContextHandler.java:doStart(781)) - Started o.e.j.s.ServletContextHandler@703e8050{/static,jar:file:/home/user/.m2/repository/org/apache/hadoop/hadoop-hdds-container-service/0.5.0-SNAPSHOT/hadoop-hdds-container-service-0.5.0-SNAPSHOT.jar!/webapps/static,AVAILABLE}
2019-08-23 15:31:01,513 [main] INFO  handler.ContextHandler (ContextHandler.java:doStart(781)) - Started o.e.j.w.WebAppContext@377dfb8d{/,file:///tmp/jetty-0.0.0.0-36600-hddsDatanode-_-any-2473379534222286047.dir/webapp/,AVAILABLE}{/hddsDatanode}
2019-08-23 15:31:01,514 [main] INFO  server.AbstractConnector (AbstractConnector.java:doStart(278)) - Started ServerConnector@42a0786f{HTTP/1.1,[http/1.1]}{0.0.0.0:36600}
2019-08-23 15:31:01,515 [main] INFO  server.Server (Server.java:doStart(419)) - Started @592088ms
2019-08-23 15:31:01,515 [main] INFO  server.BaseHttpServer (BaseHttpServer.java:updateConnectorAddress(213)) - HTTP server of HDDSDATANODE is listening at http://0.0.0.0:36600
2019-08-23 15:31:01,516 [main] INFO  impl.MetricsSystemImpl (MetricsSystemImpl.java:init(158)) - HddsDatanode metrics system started (again)
2019-08-23 15:31:01,517 [org.apache.hadoop.util.JvmPauseMonitor$Monitor@5b0548c7] INFO  util.JvmPauseMonitor (JvmPauseMonitor.java:run(188)) - Starting JVM pause monitor
2019-08-23 15:31:01,518 [main] INFO  ozone.HddsDatanodeService (HddsDatanodeService.java:start(184)) - HddsDatanodeService host:pr-hdds-738-hvzxd-2983279717 ip:192.168.5.135
2019-08-23 15:31:01,519 [Datanode State Machine Thread - 0] INFO  datanode.InitDatanodeState (InitDatanodeState.java:persistContainerDatanodeDetails(140)) - DatanodeDetails is persisted to /workdir/hadoop-ozone/integration-test/target/test-dir/MiniOzoneClusterImpl-59c2fb18-0200-4865-85bf-81b4b37c6949/datanode-1/meta/datanode.id
2019-08-23 15:31:01,523 [main] INFO  volume.HddsVolume (HddsVolume.java:<init>(176)) - Creating Volume: /workdir/hadoop-ozone/integration-test/target/test-dir/MiniOzoneClusterImpl-59c2fb18-0200-4865-85bf-81b4b37c6949/datanode-2/data/containers/hdds of  storage type : DISK and capacity : 1482555576320
2019-08-23 15:31:01,523 [main] INFO  volume.VolumeSet (VolumeSet.java:initializeVolumeSet(170)) - Added Volume : /workdir/hadoop-ozone/integration-test/target/test-dir/MiniOzoneClusterImpl-59c2fb18-0200-4865-85bf-81b4b37c6949/datanode-2/data/containers/hdds to VolumeSet
2019-08-23 15:31:01,523 [main] INFO  volume.ThrottledAsyncChecker (ThrottledAsyncChecker.java:schedule(140)) - Scheduling a check for org.apache.hadoop.ozone.container.common.volume.HddsVolume@78d92eef
2019-08-23 15:31:01,524 [main] INFO  volume.HddsVolumeChecker (HddsVolumeChecker.java:checkAllVolumes(203)) - Scheduled health check for volume org.apache.hadoop.ozone.container.common.volume.HddsVolume@78d92eef
2019-08-23 15:31:01,536 [main] INFO  impl.RaftServerProxy (ConfUtils.java:logGet(43)) - raft.rpc.type = GRPC (default)
2019-08-23 15:31:01,536 [main] INFO  grpc.GrpcFactory (GrpcFactory.java:checkPooledByteBufAllocatorUseCacheForAllThreads(45)) - PERFORMANCE WARNING: useCacheForAllThreads is true that may cause Netty to create a lot garbage objects and, as a result, trigger GC.
	It is recommended to disable useCacheForAllThreads by setting -Dorg.apache.ratis.thirdparty.io.netty.allocator.useCacheForAllThreads=false in command line.
2019-08-23 15:31:01,536 [main] INFO  grpc.GrpcConfigKeys$Server (ConfUtils.java:logGet(43)) - raft.grpc.server.port = 0 (default)
2019-08-23 15:31:01,537 [main] INFO  server.GrpcService (ConfUtils.java:logGet(43)) - raft.grpc.message.size.max = 33570816 (custom)
2019-08-23 15:31:01,537 [main] INFO  server.RaftServerConfigKeys (ConfUtils.java:logGet(43)) - raft.server.log.appender.buffer.byte-limit = 33554432 (custom)
2019-08-23 15:31:01,537 [main] INFO  server.GrpcService (ConfUtils.java:logGet(43)) - raft.grpc.flow.control.window = 1MB (=1048576) (default)
2019-08-23 15:31:01,537 [main] INFO  server.RaftServerConfigKeys (ConfUtils.java:logGet(43)) - raft.server.rpc.request.timeout = 3000ms (default)
2019-08-23 15:31:01,538 [main] INFO  server.RaftServerConfigKeys (ConfUtils.java:logGet(43)) - raft.server.storage.dir = [/workdir/hadoop-ozone/integration-test/target/test-dir/MiniOzoneClusterImpl-59c2fb18-0200-4865-85bf-81b4b37c6949/datanode-2/data/ratis] (custom)
2019-08-23 15:31:01,538 [main] INFO  replication.SimpleContainerDownloader (SimpleContainerDownloader.java:<init>(72)) - Starting container downloader service to copy containers to replicate.
2019-08-23 15:31:01,539 [main] INFO  hdfs.DFSUtil (DFSUtil.java:httpServerTemplateForNNAndJN(1641)) - Starting Web-server for hddsDatanode at: http://0.0.0.0:0
2019-08-23 15:31:01,540 [main] INFO  server.AuthenticationFilter (AuthenticationFilter.java:constructSecretProvider(240)) - Unable to initialize FileSignerSecretProvider, falling back to use random secrets.
2019-08-23 15:31:01,540 [main] WARN  http.HttpRequestLog (HttpRequestLog.java:getRequestLog(97)) - Jetty request log can only be enabled using Log4j
2019-08-23 15:31:01,541 [main] INFO  http.HttpServer2 (HttpServer2.java:addGlobalFilter(975)) - Added global filter 'safety' (class=org.apache.hadoop.http.HttpServer2$QuotingInputFilter)
2019-08-23 15:31:01,542 [main] INFO  http.HttpServer2 (HttpServer2.java:addFilter(948)) - Added filter static_user_filter (class=org.apache.hadoop.http.lib.StaticUserWebFilter$StaticUserFilter) to context hddsDatanode
2019-08-23 15:31:01,542 [main] INFO  http.HttpServer2 (HttpServer2.java:addFilter(958)) - Added filter static_user_filter (class=org.apache.hadoop.http.lib.StaticUserWebFilter$StaticUserFilter) to context static
2019-08-23 15:31:01,542 [main] INFO  http.HttpServer2 (HttpServer2.java:addFilter(958)) - Added filter static_user_filter (class=org.apache.hadoop.http.lib.StaticUserWebFilter$StaticUserFilter) to context logs
2019-08-23 15:31:01,543 [main] INFO  http.HttpServer2 (HttpServer2.java:bindListener(1191)) - Jetty bound to port 46540
2019-08-23 15:31:01,543 [main] INFO  server.Server (Server.java:doStart(351)) - jetty-9.3.24.v20180605, build timestamp: 2018-06-05T17:11:56Z, git hash: 84205aa28f11a4f31f2a3b86d1bba2cc8ab69827
2019-08-23 15:31:01,544 [main] INFO  handler.ContextHandler (ContextHandler.java:doStart(781)) - Started o.e.j.s.ServletContextHandler@5627cb29{/logs,file:///workdir/hadoop-ozone/integration-test/target/log,AVAILABLE}
2019-08-23 15:31:01,545 [main] INFO  handler.ContextHandler (ContextHandler.java:doStart(781)) - Started o.e.j.s.ServletContextHandler@2017f6e6{/static,jar:file:/home/user/.m2/repository/org/apache/hadoop/hadoop-hdds-container-service/0.5.0-SNAPSHOT/hadoop-hdds-container-service-0.5.0-SNAPSHOT.jar!/webapps/static,AVAILABLE}
2019-08-23 15:31:01,574 [main] INFO  handler.ContextHandler (ContextHandler.java:doStart(781)) - Started o.e.j.w.WebAppContext@7e191fda{/,file:///tmp/jetty-0.0.0.0-46540-hddsDatanode-_-any-3892537427785297704.dir/webapp/,AVAILABLE}{/hddsDatanode}
2019-08-23 15:31:01,574 [main] INFO  server.AbstractConnector (AbstractConnector.java:doStart(278)) - Started ServerConnector@6562cc23{HTTP/1.1,[http/1.1]}{0.0.0.0:46540}
2019-08-23 15:31:01,575 [main] INFO  server.Server (Server.java:doStart(419)) - Started @592148ms
2019-08-23 15:31:01,577 [main] INFO  server.BaseHttpServer (BaseHttpServer.java:updateConnectorAddress(213)) - HTTP server of HDDSDATANODE is listening at http://0.0.0.0:46540
2019-08-23 15:31:01,577 [main] INFO  impl.MetricsSystemImpl (MetricsSystemImpl.java:init(158)) - HddsDatanode metrics system started (again)
2019-08-23 15:31:01,580 [org.apache.hadoop.util.JvmPauseMonitor$Monitor@372ec5d8] INFO  util.JvmPauseMonitor (JvmPauseMonitor.java:run(188)) - Starting JVM pause monitor
2019-08-23 15:31:01,580 [main] INFO  ozone.HddsDatanodeService (HddsDatanodeService.java:start(184)) - HddsDatanodeService host:pr-hdds-738-hvzxd-2983279717 ip:192.168.5.135
2019-08-23 15:31:01,581 [Datanode State Machine Thread - 0] INFO  datanode.InitDatanodeState (InitDatanodeState.java:persistContainerDatanodeDetails(140)) - DatanodeDetails is persisted to /workdir/hadoop-ozone/integration-test/target/test-dir/MiniOzoneClusterImpl-59c2fb18-0200-4865-85bf-81b4b37c6949/datanode-2/meta/datanode.id
2019-08-23 15:31:01,585 [main] INFO  volume.HddsVolume (HddsVolume.java:<init>(176)) - Creating Volume: /workdir/hadoop-ozone/integration-test/target/test-dir/MiniOzoneClusterImpl-59c2fb18-0200-4865-85bf-81b4b37c6949/datanode-3/data/containers/hdds of  storage type : DISK and capacity : 1482555576320
2019-08-23 15:31:01,585 [main] INFO  volume.VolumeSet (VolumeSet.java:initializeVolumeSet(170)) - Added Volume : /workdir/hadoop-ozone/integration-test/target/test-dir/MiniOzoneClusterImpl-59c2fb18-0200-4865-85bf-81b4b37c6949/datanode-3/data/containers/hdds to VolumeSet
2019-08-23 15:31:01,585 [main] INFO  volume.ThrottledAsyncChecker (ThrottledAsyncChecker.java:schedule(140)) - Scheduling a check for org.apache.hadoop.ozone.container.common.volume.HddsVolume@6b42e36d
2019-08-23 15:31:01,586 [main] INFO  volume.HddsVolumeChecker (HddsVolumeChecker.java:checkAllVolumes(203)) - Scheduled health check for volume org.apache.hadoop.ozone.container.common.volume.HddsVolume@6b42e36d
2019-08-23 15:31:01,599 [main] INFO  impl.RaftServerProxy (ConfUtils.java:logGet(43)) - raft.rpc.type = GRPC (default)
2019-08-23 15:31:01,599 [main] INFO  grpc.GrpcFactory (GrpcFactory.java:checkPooledByteBufAllocatorUseCacheForAllThreads(45)) - PERFORMANCE WARNING: useCacheForAllThreads is true that may cause Netty to create a lot garbage objects and, as a result, trigger GC.
	It is recommended to disable useCacheForAllThreads by setting -Dorg.apache.ratis.thirdparty.io.netty.allocator.useCacheForAllThreads=false in command line.
2019-08-23 15:31:01,599 [main] INFO  grpc.GrpcConfigKeys$Server (ConfUtils.java:logGet(43)) - raft.grpc.server.port = 0 (default)
2019-08-23 15:31:01,600 [main] INFO  server.GrpcService (ConfUtils.java:logGet(43)) - raft.grpc.message.size.max = 33570816 (custom)
2019-08-23 15:31:01,600 [main] INFO  server.RaftServerConfigKeys (ConfUtils.java:logGet(43)) - raft.server.log.appender.buffer.byte-limit = 33554432 (custom)
2019-08-23 15:31:01,600 [main] INFO  server.GrpcService (ConfUtils.java:logGet(43)) - raft.grpc.flow.control.window = 1MB (=1048576) (default)
2019-08-23 15:31:01,600 [main] INFO  server.RaftServerConfigKeys (ConfUtils.java:logGet(43)) - raft.server.rpc.request.timeout = 3000ms (default)
2019-08-23 15:31:01,601 [main] INFO  server.RaftServerConfigKeys (ConfUtils.java:logGet(43)) - raft.server.storage.dir = [/workdir/hadoop-ozone/integration-test/target/test-dir/MiniOzoneClusterImpl-59c2fb18-0200-4865-85bf-81b4b37c6949/datanode-3/data/ratis] (custom)
2019-08-23 15:31:01,601 [main] INFO  replication.SimpleContainerDownloader (SimpleContainerDownloader.java:<init>(72)) - Starting container downloader service to copy containers to replicate.
2019-08-23 15:31:01,602 [main] INFO  hdfs.DFSUtil (DFSUtil.java:httpServerTemplateForNNAndJN(1641)) - Starting Web-server for hddsDatanode at: http://0.0.0.0:0
2019-08-23 15:31:01,603 [main] INFO  server.AuthenticationFilter (AuthenticationFilter.java:constructSecretProvider(240)) - Unable to initialize FileSignerSecretProvider, falling back to use random secrets.
2019-08-23 15:31:01,603 [main] WARN  http.HttpRequestLog (HttpRequestLog.java:getRequestLog(97)) - Jetty request log can only be enabled using Log4j
2019-08-23 15:31:01,604 [main] INFO  http.HttpServer2 (HttpServer2.java:addGlobalFilter(975)) - Added global filter 'safety' (class=org.apache.hadoop.http.HttpServer2$QuotingInputFilter)
2019-08-23 15:31:01,605 [main] INFO  http.HttpServer2 (HttpServer2.java:addFilter(948)) - Added filter static_user_filter (class=org.apache.hadoop.http.lib.StaticUserWebFilter$StaticUserFilter) to context hddsDatanode
2019-08-23 15:31:01,605 [main] INFO  http.HttpServer2 (HttpServer2.java:addFilter(958)) - Added filter static_user_filter (class=org.apache.hadoop.http.lib.StaticUserWebFilter$StaticUserFilter) to context logs
2019-08-23 15:31:01,605 [main] INFO  http.HttpServer2 (HttpServer2.java:addFilter(958)) - Added filter static_user_filter (class=org.apache.hadoop.http.lib.StaticUserWebFilter$StaticUserFilter) to context static
2019-08-23 15:31:01,606 [main] INFO  http.HttpServer2 (HttpServer2.java:bindListener(1191)) - Jetty bound to port 39723
2019-08-23 15:31:01,606 [main] INFO  server.Server (Server.java:doStart(351)) - jetty-9.3.24.v20180605, build timestamp: 2018-06-05T17:11:56Z, git hash: 84205aa28f11a4f31f2a3b86d1bba2cc8ab69827
2019-08-23 15:31:01,607 [main] INFO  handler.ContextHandler (ContextHandler.java:doStart(781)) - Started o.e.j.s.ServletContextHandler@3a6e9856{/logs,file:///workdir/hadoop-ozone/integration-test/target/log,AVAILABLE}
2019-08-23 15:31:01,607 [main] INFO  handler.ContextHandler (ContextHandler.java:doStart(781)) - Started o.e.j.s.ServletContextHandler@56fda064{/static,jar:file:/home/user/.m2/repository/org/apache/hadoop/hadoop-hdds-container-service/0.5.0-SNAPSHOT/hadoop-hdds-container-service-0.5.0-SNAPSHOT.jar!/webapps/static,AVAILABLE}
2019-08-23 15:31:01,633 [main] INFO  handler.ContextHandler (ContextHandler.java:doStart(781)) - Started o.e.j.w.WebAppContext@646d810b{/,file:///tmp/jetty-0.0.0.0-39723-hddsDatanode-_-any-7313857139128276873.dir/webapp/,AVAILABLE}{/hddsDatanode}
2019-08-23 15:31:01,634 [main] INFO  server.AbstractConnector (AbstractConnector.java:doStart(278)) - Started ServerConnector@30508066{HTTP/1.1,[http/1.1]}{0.0.0.0:39723}
2019-08-23 15:31:01,635 [main] INFO  server.Server (Server.java:doStart(419)) - Started @592208ms
2019-08-23 15:31:01,635 [main] INFO  server.BaseHttpServer (BaseHttpServer.java:updateConnectorAddress(213)) - HTTP server of HDDSDATANODE is listening at http://0.0.0.0:39723
2019-08-23 15:31:01,636 [main] INFO  impl.MetricsSystemImpl (MetricsSystemImpl.java:init(158)) - HddsDatanode metrics system started (again)
2019-08-23 15:31:01,638 [org.apache.hadoop.util.JvmPauseMonitor$Monitor@7fb29fae] INFO  util.JvmPauseMonitor (JvmPauseMonitor.java:run(188)) - Starting JVM pause monitor
2019-08-23 15:31:01,638 [main] INFO  ozone.HddsDatanodeService (HddsDatanodeService.java:start(184)) - HddsDatanodeService host:pr-hdds-738-hvzxd-2983279717 ip:192.168.5.135
2019-08-23 15:31:01,639 [Datanode State Machine Thread - 0] INFO  datanode.InitDatanodeState (InitDatanodeState.java:persistContainerDatanodeDetails(140)) - DatanodeDetails is persisted to /workdir/hadoop-ozone/integration-test/target/test-dir/MiniOzoneClusterImpl-59c2fb18-0200-4865-85bf-81b4b37c6949/datanode-3/meta/datanode.id
2019-08-23 15:31:01,642 [main] INFO  volume.HddsVolume (HddsVolume.java:<init>(176)) - Creating Volume: /workdir/hadoop-ozone/integration-test/target/test-dir/MiniOzoneClusterImpl-59c2fb18-0200-4865-85bf-81b4b37c6949/datanode-4/data/containers/hdds of  storage type : DISK and capacity : 1482555576320
2019-08-23 15:31:01,643 [main] INFO  volume.VolumeSet (VolumeSet.java:initializeVolumeSet(170)) - Added Volume : /workdir/hadoop-ozone/integration-test/target/test-dir/MiniOzoneClusterImpl-59c2fb18-0200-4865-85bf-81b4b37c6949/datanode-4/data/containers/hdds to VolumeSet
2019-08-23 15:31:01,643 [main] INFO  volume.ThrottledAsyncChecker (ThrottledAsyncChecker.java:schedule(140)) - Scheduling a check for org.apache.hadoop.ozone.container.common.volume.HddsVolume@4409cae6
2019-08-23 15:31:01,643 [main] INFO  volume.HddsVolumeChecker (HddsVolumeChecker.java:checkAllVolumes(203)) - Scheduled health check for volume org.apache.hadoop.ozone.container.common.volume.HddsVolume@4409cae6
2019-08-23 15:31:01,656 [main] INFO  impl.RaftServerProxy (ConfUtils.java:logGet(43)) - raft.rpc.type = GRPC (default)
2019-08-23 15:31:01,656 [main] INFO  grpc.GrpcFactory (GrpcFactory.java:checkPooledByteBufAllocatorUseCacheForAllThreads(45)) - PERFORMANCE WARNING: useCacheForAllThreads is true that may cause Netty to create a lot garbage objects and, as a result, trigger GC.
	It is recommended to disable useCacheForAllThreads by setting -Dorg.apache.ratis.thirdparty.io.netty.allocator.useCacheForAllThreads=false in command line.
2019-08-23 15:31:01,656 [main] INFO  grpc.GrpcConfigKeys$Server (ConfUtils.java:logGet(43)) - raft.grpc.server.port = 0 (default)
2019-08-23 15:31:01,656 [main] INFO  server.GrpcService (ConfUtils.java:logGet(43)) - raft.grpc.message.size.max = 33570816 (custom)
2019-08-23 15:31:01,656 [main] INFO  server.RaftServerConfigKeys (ConfUtils.java:logGet(43)) - raft.server.log.appender.buffer.byte-limit = 33554432 (custom)
2019-08-23 15:31:01,657 [main] INFO  server.GrpcService (ConfUtils.java:logGet(43)) - raft.grpc.flow.control.window = 1MB (=1048576) (default)
2019-08-23 15:31:01,657 [main] INFO  server.RaftServerConfigKeys (ConfUtils.java:logGet(43)) - raft.server.rpc.request.timeout = 3000ms (default)
2019-08-23 15:31:01,657 [main] INFO  server.RaftServerConfigKeys (ConfUtils.java:logGet(43)) - raft.server.storage.dir = [/workdir/hadoop-ozone/integration-test/target/test-dir/MiniOzoneClusterImpl-59c2fb18-0200-4865-85bf-81b4b37c6949/datanode-4/data/ratis] (custom)
2019-08-23 15:31:01,657 [main] INFO  replication.SimpleContainerDownloader (SimpleContainerDownloader.java:<init>(72)) - Starting container downloader service to copy containers to replicate.
2019-08-23 15:31:01,658 [main] INFO  hdfs.DFSUtil (DFSUtil.java:httpServerTemplateForNNAndJN(1641)) - Starting Web-server for hddsDatanode at: http://0.0.0.0:0
2019-08-23 15:31:01,659 [main] INFO  server.AuthenticationFilter (AuthenticationFilter.java:constructSecretProvider(240)) - Unable to initialize FileSignerSecretProvider, falling back to use random secrets.
2019-08-23 15:31:01,660 [main] WARN  http.HttpRequestLog (HttpRequestLog.java:getRequestLog(97)) - Jetty request log can only be enabled using Log4j
2019-08-23 15:31:01,661 [main] INFO  http.HttpServer2 (HttpServer2.java:addGlobalFilter(975)) - Added global filter 'safety' (class=org.apache.hadoop.http.HttpServer2$QuotingInputFilter)
2019-08-23 15:31:01,661 [main] INFO  http.HttpServer2 (HttpServer2.java:addFilter(948)) - Added filter static_user_filter (class=org.apache.hadoop.http.lib.StaticUserWebFilter$StaticUserFilter) to context hddsDatanode
2019-08-23 15:31:01,662 [main] INFO  http.HttpServer2 (HttpServer2.java:addFilter(958)) - Added filter static_user_filter (class=org.apache.hadoop.http.lib.StaticUserWebFilter$StaticUserFilter) to context static
2019-08-23 15:31:01,662 [main] INFO  http.HttpServer2 (HttpServer2.java:addFilter(958)) - Added filter static_user_filter (class=org.apache.hadoop.http.lib.StaticUserWebFilter$StaticUserFilter) to context logs
2019-08-23 15:31:01,662 [main] INFO  http.HttpServer2 (HttpServer2.java:bindListener(1191)) - Jetty bound to port 45354
2019-08-23 15:31:01,662 [main] INFO  server.Server (Server.java:doStart(351)) - jetty-9.3.24.v20180605, build timestamp: 2018-06-05T17:11:56Z, git hash: 84205aa28f11a4f31f2a3b86d1bba2cc8ab69827
2019-08-23 15:31:01,664 [main] INFO  handler.ContextHandler (ContextHandler.java:doStart(781)) - Started o.e.j.s.ServletContextHandler@57ce2898{/logs,file:///workdir/hadoop-ozone/integration-test/target/log,AVAILABLE}
2019-08-23 15:31:01,664 [main] INFO  handler.ContextHandler (ContextHandler.java:doStart(781)) - Started o.e.j.s.ServletContextHandler@2e0ad709{/static,jar:file:/home/user/.m2/repository/org/apache/hadoop/hadoop-hdds-container-service/0.5.0-SNAPSHOT/hadoop-hdds-container-service-0.5.0-SNAPSHOT.jar!/webapps/static,AVAILABLE}
2019-08-23 15:31:01,690 [main] INFO  handler.ContextHandler (ContextHandler.java:doStart(781)) - Started o.e.j.w.WebAppContext@2f4d32bf{/,file:///tmp/jetty-0.0.0.0-45354-hddsDatanode-_-any-3789778045305553544.dir/webapp/,AVAILABLE}{/hddsDatanode}
2019-08-23 15:31:01,691 [main] INFO  server.AbstractConnector (AbstractConnector.java:doStart(278)) - Started ServerConnector@774d8276{HTTP/1.1,[http/1.1]}{0.0.0.0:45354}
2019-08-23 15:31:01,692 [main] INFO  server.Server (Server.java:doStart(419)) - Started @592265ms
2019-08-23 15:31:01,692 [main] INFO  server.BaseHttpServer (BaseHttpServer.java:updateConnectorAddress(213)) - HTTP server of HDDSDATANODE is listening at http://0.0.0.0:45354
2019-08-23 15:31:01,693 [main] INFO  impl.MetricsSystemImpl (MetricsSystemImpl.java:init(158)) - HddsDatanode metrics system started (again)
2019-08-23 15:31:01,695 [org.apache.hadoop.util.JvmPauseMonitor$Monitor@52f7850f] INFO  util.JvmPauseMonitor (JvmPauseMonitor.java:run(188)) - Starting JVM pause monitor
2019-08-23 15:31:01,696 [main] INFO  ozone.HddsDatanodeService (HddsDatanodeService.java:start(184)) - HddsDatanodeService host:pr-hdds-738-hvzxd-2983279717 ip:192.168.5.135
2019-08-23 15:31:01,696 [Datanode State Machine Thread - 0] INFO  datanode.InitDatanodeState (InitDatanodeState.java:persistContainerDatanodeDetails(140)) - DatanodeDetails is persisted to /workdir/hadoop-ozone/integration-test/target/test-dir/MiniOzoneClusterImpl-59c2fb18-0200-4865-85bf-81b4b37c6949/datanode-4/meta/datanode.id
2019-08-23 15:31:01,701 [main] INFO  volume.HddsVolume (HddsVolume.java:<init>(176)) - Creating Volume: /workdir/hadoop-ozone/integration-test/target/test-dir/MiniOzoneClusterImpl-59c2fb18-0200-4865-85bf-81b4b37c6949/datanode-5/data/containers/hdds of  storage type : DISK and capacity : 1482555576320
2019-08-23 15:31:01,701 [main] INFO  volume.VolumeSet (VolumeSet.java:initializeVolumeSet(170)) - Added Volume : /workdir/hadoop-ozone/integration-test/target/test-dir/MiniOzoneClusterImpl-59c2fb18-0200-4865-85bf-81b4b37c6949/datanode-5/data/containers/hdds to VolumeSet
2019-08-23 15:31:01,701 [main] INFO  volume.ThrottledAsyncChecker (ThrottledAsyncChecker.java:schedule(140)) - Scheduling a check for org.apache.hadoop.ozone.container.common.volume.HddsVolume@7f0d8eff
2019-08-23 15:31:01,701 [main] INFO  volume.HddsVolumeChecker (HddsVolumeChecker.java:checkAllVolumes(203)) - Scheduled health check for volume org.apache.hadoop.ozone.container.common.volume.HddsVolume@7f0d8eff
2019-08-23 15:31:01,716 [main] INFO  impl.RaftServerProxy (ConfUtils.java:logGet(43)) - raft.rpc.type = GRPC (default)
2019-08-23 15:31:01,717 [main] INFO  grpc.GrpcFactory (GrpcFactory.java:checkPooledByteBufAllocatorUseCacheForAllThreads(45)) - PERFORMANCE WARNING: useCacheForAllThreads is true that may cause Netty to create a lot garbage objects and, as a result, trigger GC.
	It is recommended to disable useCacheForAllThreads by setting -Dorg.apache.ratis.thirdparty.io.netty.allocator.useCacheForAllThreads=false in command line.
2019-08-23 15:31:01,717 [main] INFO  grpc.GrpcConfigKeys$Server (ConfUtils.java:logGet(43)) - raft.grpc.server.port = 0 (default)
2019-08-23 15:31:01,717 [main] INFO  server.GrpcService (ConfUtils.java:logGet(43)) - raft.grpc.message.size.max = 33570816 (custom)
2019-08-23 15:31:01,717 [main] INFO  server.RaftServerConfigKeys (ConfUtils.java:logGet(43)) - raft.server.log.appender.buffer.byte-limit = 33554432 (custom)
2019-08-23 15:31:01,717 [main] INFO  server.GrpcService (ConfUtils.java:logGet(43)) - raft.grpc.flow.control.window = 1MB (=1048576) (default)
2019-08-23 15:31:01,718 [main] INFO  server.RaftServerConfigKeys (ConfUtils.java:logGet(43)) - raft.server.rpc.request.timeout = 3000ms (default)
2019-08-23 15:31:01,718 [main] INFO  server.RaftServerConfigKeys (ConfUtils.java:logGet(43)) - raft.server.storage.dir = [/workdir/hadoop-ozone/integration-test/target/test-dir/MiniOzoneClusterImpl-59c2fb18-0200-4865-85bf-81b4b37c6949/datanode-5/data/ratis] (custom)
2019-08-23 15:31:01,718 [main] INFO  replication.SimpleContainerDownloader (SimpleContainerDownloader.java:<init>(72)) - Starting container downloader service to copy containers to replicate.
2019-08-23 15:31:01,719 [main] INFO  hdfs.DFSUtil (DFSUtil.java:httpServerTemplateForNNAndJN(1641)) - Starting Web-server for hddsDatanode at: http://0.0.0.0:0
2019-08-23 15:31:01,720 [main] INFO  server.AuthenticationFilter (AuthenticationFilter.java:constructSecretProvider(240)) - Unable to initialize FileSignerSecretProvider, falling back to use random secrets.
2019-08-23 15:31:01,721 [main] WARN  http.HttpRequestLog (HttpRequestLog.java:getRequestLog(97)) - Jetty request log can only be enabled using Log4j
2019-08-23 15:31:01,722 [main] INFO  http.HttpServer2 (HttpServer2.java:addGlobalFilter(975)) - Added global filter 'safety' (class=org.apache.hadoop.http.HttpServer2$QuotingInputFilter)
2019-08-23 15:31:01,722 [main] INFO  http.HttpServer2 (HttpServer2.java:addFilter(948)) - Added filter static_user_filter (class=org.apache.hadoop.http.lib.StaticUserWebFilter$StaticUserFilter) to context hddsDatanode
2019-08-23 15:31:01,722 [main] INFO  http.HttpServer2 (HttpServer2.java:addFilter(958)) - Added filter static_user_filter (class=org.apache.hadoop.http.lib.StaticUserWebFilter$StaticUserFilter) to context logs
2019-08-23 15:31:01,723 [main] INFO  http.HttpServer2 (HttpServer2.java:addFilter(958)) - Added filter static_user_filter (class=org.apache.hadoop.http.lib.StaticUserWebFilter$StaticUserFilter) to context static
2019-08-23 15:31:01,723 [main] INFO  http.HttpServer2 (HttpServer2.java:bindListener(1191)) - Jetty bound to port 38491
2019-08-23 15:31:01,723 [main] INFO  server.Server (Server.java:doStart(351)) - jetty-9.3.24.v20180605, build timestamp: 2018-06-05T17:11:56Z, git hash: 84205aa28f11a4f31f2a3b86d1bba2cc8ab69827
2019-08-23 15:31:01,725 [main] INFO  handler.ContextHandler (ContextHandler.java:doStart(781)) - Started o.e.j.s.ServletContextHandler@9690008{/logs,file:///workdir/hadoop-ozone/integration-test/target/log,AVAILABLE}
2019-08-23 15:31:01,725 [main] INFO  handler.ContextHandler (ContextHandler.java:doStart(781)) - Started o.e.j.s.ServletContextHandler@79cb8ffa{/static,jar:file:/home/user/.m2/repository/org/apache/hadoop/hadoop-hdds-container-service/0.5.0-SNAPSHOT/hadoop-hdds-container-service-0.5.0-SNAPSHOT.jar!/webapps/static,AVAILABLE}
2019-08-23 15:31:01,751 [main] INFO  handler.ContextHandler (ContextHandler.java:doStart(781)) - Started o.e.j.w.WebAppContext@150fc7a7{/,file:///tmp/jetty-0.0.0.0-38491-hddsDatanode-_-any-4674106806279451720.dir/webapp/,AVAILABLE}{/hddsDatanode}
2019-08-23 15:31:01,752 [main] INFO  server.AbstractConnector (AbstractConnector.java:doStart(278)) - Started ServerConnector@55d8c2c4{HTTP/1.1,[http/1.1]}{0.0.0.0:38491}
2019-08-23 15:31:01,753 [main] INFO  server.Server (Server.java:doStart(419)) - Started @592326ms
2019-08-23 15:31:01,754 [main] INFO  server.BaseHttpServer (BaseHttpServer.java:updateConnectorAddress(213)) - HTTP server of HDDSDATANODE is listening at http://0.0.0.0:38491
2019-08-23 15:31:01,754 [main] INFO  impl.MetricsSystemImpl (MetricsSystemImpl.java:init(158)) - HddsDatanode metrics system started (again)
2019-08-23 15:31:01,757 [org.apache.hadoop.util.JvmPauseMonitor$Monitor@55bbafb9] INFO  util.JvmPauseMonitor (JvmPauseMonitor.java:run(188)) - Starting JVM pause monitor
2019-08-23 15:31:01,757 [main] INFO  ozone.HddsDatanodeService (HddsDatanodeService.java:start(184)) - HddsDatanodeService host:pr-hdds-738-hvzxd-2983279717 ip:192.168.5.135
2019-08-23 15:31:01,758 [Datanode State Machine Thread - 0] INFO  datanode.InitDatanodeState (InitDatanodeState.java:persistContainerDatanodeDetails(140)) - DatanodeDetails is persisted to /workdir/hadoop-ozone/integration-test/target/test-dir/MiniOzoneClusterImpl-59c2fb18-0200-4865-85bf-81b4b37c6949/datanode-5/meta/datanode.id
2019-08-23 15:31:01,763 [main] INFO  volume.HddsVolume (HddsVolume.java:<init>(176)) - Creating Volume: /workdir/hadoop-ozone/integration-test/target/test-dir/MiniOzoneClusterImpl-59c2fb18-0200-4865-85bf-81b4b37c6949/datanode-6/data/containers/hdds of  storage type : DISK and capacity : 1482555576320
2019-08-23 15:31:01,763 [main] INFO  volume.VolumeSet (VolumeSet.java:initializeVolumeSet(170)) - Added Volume : /workdir/hadoop-ozone/integration-test/target/test-dir/MiniOzoneClusterImpl-59c2fb18-0200-4865-85bf-81b4b37c6949/datanode-6/data/containers/hdds to VolumeSet
2019-08-23 15:31:01,763 [main] INFO  volume.ThrottledAsyncChecker (ThrottledAsyncChecker.java:schedule(140)) - Scheduling a check for org.apache.hadoop.ozone.container.common.volume.HddsVolume@4d81e83a
2019-08-23 15:31:01,764 [main] INFO  volume.HddsVolumeChecker (HddsVolumeChecker.java:checkAllVolumes(203)) - Scheduled health check for volume org.apache.hadoop.ozone.container.common.volume.HddsVolume@4d81e83a
2019-08-23 15:31:01,776 [main] INFO  impl.RaftServerProxy (ConfUtils.java:logGet(43)) - raft.rpc.type = GRPC (default)
2019-08-23 15:31:01,777 [main] INFO  grpc.GrpcFactory (GrpcFactory.java:checkPooledByteBufAllocatorUseCacheForAllThreads(45)) - PERFORMANCE WARNING: useCacheForAllThreads is true that may cause Netty to create a lot garbage objects and, as a result, trigger GC.
	It is recommended to disable useCacheForAllThreads by setting -Dorg.apache.ratis.thirdparty.io.netty.allocator.useCacheForAllThreads=false in command line.
2019-08-23 15:31:01,777 [main] INFO  grpc.GrpcConfigKeys$Server (ConfUtils.java:logGet(43)) - raft.grpc.server.port = 0 (default)
2019-08-23 15:31:01,777 [main] INFO  server.GrpcService (ConfUtils.java:logGet(43)) - raft.grpc.message.size.max = 33570816 (custom)
2019-08-23 15:31:01,777 [main] INFO  server.RaftServerConfigKeys (ConfUtils.java:logGet(43)) - raft.server.log.appender.buffer.byte-limit = 33554432 (custom)
2019-08-23 15:31:01,778 [main] INFO  server.GrpcService (ConfUtils.java:logGet(43)) - raft.grpc.flow.control.window = 1MB (=1048576) (default)
2019-08-23 15:31:01,778 [main] INFO  server.RaftServerConfigKeys (ConfUtils.java:logGet(43)) - raft.server.rpc.request.timeout = 3000ms (default)
2019-08-23 15:31:01,778 [main] INFO  server.RaftServerConfigKeys (ConfUtils.java:logGet(43)) - raft.server.storage.dir = [/workdir/hadoop-ozone/integration-test/target/test-dir/MiniOzoneClusterImpl-59c2fb18-0200-4865-85bf-81b4b37c6949/datanode-6/data/ratis] (custom)
2019-08-23 15:31:01,779 [main] INFO  replication.SimpleContainerDownloader (SimpleContainerDownloader.java:<init>(72)) - Starting container downloader service to copy containers to replicate.
2019-08-23 15:31:01,780 [main] INFO  hdfs.DFSUtil (DFSUtil.java:httpServerTemplateForNNAndJN(1641)) - Starting Web-server for hddsDatanode at: http://0.0.0.0:0
2019-08-23 15:31:01,781 [main] INFO  server.AuthenticationFilter (AuthenticationFilter.java:constructSecretProvider(240)) - Unable to initialize FileSignerSecretProvider, falling back to use random secrets.
2019-08-23 15:31:01,782 [main] WARN  http.HttpRequestLog (HttpRequestLog.java:getRequestLog(97)) - Jetty request log can only be enabled using Log4j
2019-08-23 15:31:01,784 [main] INFO  http.HttpServer2 (HttpServer2.java:addGlobalFilter(975)) - Added global filter 'safety' (class=org.apache.hadoop.http.HttpServer2$QuotingInputFilter)
2019-08-23 15:31:01,784 [main] INFO  http.HttpServer2 (HttpServer2.java:addFilter(948)) - Added filter static_user_filter (class=org.apache.hadoop.http.lib.StaticUserWebFilter$StaticUserFilter) to context hddsDatanode
2019-08-23 15:31:01,785 [main] INFO  http.HttpServer2 (HttpServer2.java:addFilter(958)) - Added filter static_user_filter (class=org.apache.hadoop.http.lib.StaticUserWebFilter$StaticUserFilter) to context logs
2019-08-23 15:31:01,785 [main] INFO  http.HttpServer2 (HttpServer2.java:addFilter(958)) - Added filter static_user_filter (class=org.apache.hadoop.http.lib.StaticUserWebFilter$StaticUserFilter) to context static
2019-08-23 15:31:01,786 [main] INFO  http.HttpServer2 (HttpServer2.java:bindListener(1191)) - Jetty bound to port 45590
2019-08-23 15:31:01,786 [main] INFO  server.Server (Server.java:doStart(351)) - jetty-9.3.24.v20180605, build timestamp: 2018-06-05T17:11:56Z, git hash: 84205aa28f11a4f31f2a3b86d1bba2cc8ab69827
2019-08-23 15:31:01,787 [main] INFO  handler.ContextHandler (ContextHandler.java:doStart(781)) - Started o.e.j.s.ServletContextHandler@60deefed{/logs,file:///workdir/hadoop-ozone/integration-test/target/log,AVAILABLE}
2019-08-23 15:31:01,787 [main] INFO  handler.ContextHandler (ContextHandler.java:doStart(781)) - Started o.e.j.s.ServletContextHandler@31881aa2{/static,jar:file:/home/user/.m2/repository/org/apache/hadoop/hadoop-hdds-container-service/0.5.0-SNAPSHOT/hadoop-hdds-container-service-0.5.0-SNAPSHOT.jar!/webapps/static,AVAILABLE}
2019-08-23 15:31:01,821 [main] INFO  handler.ContextHandler (ContextHandler.java:doStart(781)) - Started o.e.j.w.WebAppContext@79be91eb{/,file:///tmp/jetty-0.0.0.0-45590-hddsDatanode-_-any-3443494480833647889.dir/webapp/,AVAILABLE}{/hddsDatanode}
2019-08-23 15:31:01,822 [main] INFO  server.AbstractConnector (AbstractConnector.java:doStart(278)) - Started ServerConnector@626c569b{HTTP/1.1,[http/1.1]}{0.0.0.0:45590}
2019-08-23 15:31:01,825 [main] INFO  server.Server (Server.java:doStart(419)) - Started @592398ms
2019-08-23 15:31:01,826 [main] INFO  server.BaseHttpServer (BaseHttpServer.java:updateConnectorAddress(213)) - HTTP server of HDDSDATANODE is listening at http://0.0.0.0:45590
2019-08-23 15:31:01,827 [main] INFO  ozone.MiniOzoneClusterImpl (MiniOzoneClusterImpl.java:lambda$waitForClusterToBeReady$0(140)) - Waiting for cluster to be ready. Got 0 of 7 DN Heartbeats.
2019-08-23 15:31:01,828 [org.apache.hadoop.util.JvmPauseMonitor$Monitor@2066d9fd] INFO  util.JvmPauseMonitor (JvmPauseMonitor.java:run(188)) - Starting JVM pause monitor
2019-08-23 15:31:01,829 [Datanode State Machine Thread - 0] INFO  datanode.InitDatanodeState (InitDatanodeState.java:persistContainerDatanodeDetails(140)) - DatanodeDetails is persisted to /workdir/hadoop-ozone/integration-test/target/test-dir/MiniOzoneClusterImpl-59c2fb18-0200-4865-85bf-81b4b37c6949/datanode-6/meta/datanode.id
2019-08-23 15:31:02,827 [main] INFO  ozone.MiniOzoneClusterImpl (MiniOzoneClusterImpl.java:lambda$waitForClusterToBeReady$0(140)) - Waiting for cluster to be ready. Got 0 of 7 DN Heartbeats.
2019-08-23 15:31:03,461 | INFO  | SCMAudit | user=jenkins1000 | ip=192.168.5.135 | op=GET_VERSION null | ret=SUCCESS |  
2019-08-23 15:31:03,479 [Datanode State Machine Thread - 0] INFO  ozoneimpl.OzoneContainer (OzoneContainer.java:start(186)) - Attempting to start container services.
2019-08-23 15:31:03,479 [Datanode State Machine Thread - 0] INFO  ozoneimpl.OzoneContainer (OzoneContainer.java:startContainerScrub(160)) - Background container scrubber has been disabled by hdds.containerscrub.enabled
2019-08-23 15:31:03,479 [Datanode State Machine Thread - 0] INFO  ratis.XceiverServerRatis (XceiverServerRatis.java:start(404)) - Starting XceiverServerRatis c05fed09-c95d-4327-a465-a8ae69fed776 at port 0
2019-08-23 15:31:03,486 [Datanode State Machine Thread - 0] INFO  impl.RaftServerProxy (RaftServerProxy.java:lambda$start$3(299)) - c05fed09-c95d-4327-a465-a8ae69fed776: start RPC server
2019-08-23 15:31:03,488 [Datanode State Machine Thread - 0] INFO  server.GrpcService (GrpcService.java:startImpl(149)) - c05fed09-c95d-4327-a465-a8ae69fed776: GrpcService started, listening on 0.0.0.0/0.0.0.0:34176
2019-08-23 15:31:03,488 [Datanode State Machine Thread - 0] INFO  ratis.XceiverServerRatis (XceiverServerRatis.java:start(414)) - XceiverServerRatis c05fed09-c95d-4327-a465-a8ae69fed776 is started using port 34176
2019-08-23 15:31:03,489 [Datanode State Machine Thread - 0] INFO  server.XceiverServerGrpc (XceiverServerGrpc.java:start(161)) - XceiverServerGrpc c05fed09-c95d-4327-a465-a8ae69fed776 is started using port 34021
2019-08-23 15:31:03,518 | INFO  | SCMAudit | user=jenkins1000 | ip=192.168.5.135 | op=GET_VERSION null | ret=SUCCESS |  
2019-08-23 15:31:03,533 [Datanode State Machine Thread - 0] INFO  ozoneimpl.OzoneContainer (OzoneContainer.java:start(186)) - Attempting to start container services.
2019-08-23 15:31:03,533 [Datanode State Machine Thread - 0] INFO  ozoneimpl.OzoneContainer (OzoneContainer.java:startContainerScrub(160)) - Background container scrubber has been disabled by hdds.containerscrub.enabled
2019-08-23 15:31:03,533 [Datanode State Machine Thread - 0] INFO  ratis.XceiverServerRatis (XceiverServerRatis.java:start(404)) - Starting XceiverServerRatis 5fa1ed00-d108-4e10-9e2f-8b50df71b2da at port 0
2019-08-23 15:31:03,540 [Datanode State Machine Thread - 0] INFO  impl.RaftServerProxy (RaftServerProxy.java:lambda$start$3(299)) - 5fa1ed00-d108-4e10-9e2f-8b50df71b2da: start RPC server
2019-08-23 15:31:03,541 [Datanode State Machine Thread - 0] INFO  server.GrpcService (GrpcService.java:startImpl(149)) - 5fa1ed00-d108-4e10-9e2f-8b50df71b2da: GrpcService started, listening on 0.0.0.0/0.0.0.0:44508
2019-08-23 15:31:03,541 [Datanode State Machine Thread - 0] INFO  ratis.XceiverServerRatis (XceiverServerRatis.java:start(414)) - XceiverServerRatis 5fa1ed00-d108-4e10-9e2f-8b50df71b2da is started using port 44508
2019-08-23 15:31:03,543 [Datanode State Machine Thread - 0] INFO  server.XceiverServerGrpc (XceiverServerGrpc.java:start(161)) - XceiverServerGrpc 5fa1ed00-d108-4e10-9e2f-8b50df71b2da is started using port 36264
2019-08-23 15:31:03,580 | INFO  | SCMAudit | user=jenkins1000 | ip=192.168.5.135 | op=GET_VERSION null | ret=SUCCESS |  
2019-08-23 15:31:03,593 [Datanode State Machine Thread - 0] INFO  ozoneimpl.OzoneContainer (OzoneContainer.java:start(186)) - Attempting to start container services.
2019-08-23 15:31:03,593 [Datanode State Machine Thread - 0] INFO  ozoneimpl.OzoneContainer (OzoneContainer.java:startContainerScrub(160)) - Background container scrubber has been disabled by hdds.containerscrub.enabled
2019-08-23 15:31:03,593 [Datanode State Machine Thread - 0] INFO  ratis.XceiverServerRatis (XceiverServerRatis.java:start(404)) - Starting XceiverServerRatis 8cd08553-7170-462e-ba81-b2a7a0cb37ad at port 0
2019-08-23 15:31:03,601 [Datanode State Machine Thread - 0] INFO  impl.RaftServerProxy (RaftServerProxy.java:lambda$start$3(299)) - 8cd08553-7170-462e-ba81-b2a7a0cb37ad: start RPC server
2019-08-23 15:31:03,602 [Datanode State Machine Thread - 0] INFO  server.GrpcService (GrpcService.java:startImpl(149)) - 8cd08553-7170-462e-ba81-b2a7a0cb37ad: GrpcService started, listening on 0.0.0.0/0.0.0.0:39140
2019-08-23 15:31:03,602 [Datanode State Machine Thread - 0] INFO  ratis.XceiverServerRatis (XceiverServerRatis.java:start(414)) - XceiverServerRatis 8cd08553-7170-462e-ba81-b2a7a0cb37ad is started using port 39140
2019-08-23 15:31:03,602 [Datanode State Machine Thread - 0] INFO  server.XceiverServerGrpc (XceiverServerGrpc.java:start(161)) - XceiverServerGrpc 8cd08553-7170-462e-ba81-b2a7a0cb37ad is started using port 44719
2019-08-23 15:31:03,638 | INFO  | SCMAudit | user=jenkins1000 | ip=192.168.5.135 | op=GET_VERSION null | ret=SUCCESS |  
2019-08-23 15:31:03,653 [Datanode State Machine Thread - 0] INFO  ozoneimpl.OzoneContainer (OzoneContainer.java:start(186)) - Attempting to start container services.
2019-08-23 15:31:03,653 [Datanode State Machine Thread - 0] INFO  ozoneimpl.OzoneContainer (OzoneContainer.java:startContainerScrub(160)) - Background container scrubber has been disabled by hdds.containerscrub.enabled
2019-08-23 15:31:03,653 [Datanode State Machine Thread - 0] INFO  ratis.XceiverServerRatis (XceiverServerRatis.java:start(404)) - Starting XceiverServerRatis c8d45dbb-3bf0-41f1-917b-67c69771f96d at port 0
2019-08-23 15:31:03,660 [Datanode State Machine Thread - 0] INFO  impl.RaftServerProxy (RaftServerProxy.java:lambda$start$3(299)) - c8d45dbb-3bf0-41f1-917b-67c69771f96d: start RPC server
2019-08-23 15:31:03,661 [Datanode State Machine Thread - 0] INFO  server.GrpcService (GrpcService.java:startImpl(149)) - c8d45dbb-3bf0-41f1-917b-67c69771f96d: GrpcService started, listening on 0.0.0.0/0.0.0.0:33969
2019-08-23 15:31:03,661 [Datanode State Machine Thread - 0] INFO  ratis.XceiverServerRatis (XceiverServerRatis.java:start(414)) - XceiverServerRatis c8d45dbb-3bf0-41f1-917b-67c69771f96d is started using port 33969
2019-08-23 15:31:03,662 [Datanode State Machine Thread - 0] INFO  server.XceiverServerGrpc (XceiverServerGrpc.java:start(161)) - XceiverServerGrpc c8d45dbb-3bf0-41f1-917b-67c69771f96d is started using port 46047
2019-08-23 15:31:03,696 | INFO  | SCMAudit | user=jenkins1000 | ip=192.168.5.135 | op=GET_VERSION null | ret=SUCCESS |  
2019-08-23 15:31:03,719 [Datanode State Machine Thread - 0] INFO  ozoneimpl.OzoneContainer (OzoneContainer.java:start(186)) - Attempting to start container services.
2019-08-23 15:31:03,719 [Datanode State Machine Thread - 0] INFO  ozoneimpl.OzoneContainer (OzoneContainer.java:startContainerScrub(160)) - Background container scrubber has been disabled by hdds.containerscrub.enabled
2019-08-23 15:31:03,719 [Datanode State Machine Thread - 0] INFO  ratis.XceiverServerRatis (XceiverServerRatis.java:start(404)) - Starting XceiverServerRatis 45749ed4-9cb8-4dd3-a17e-80709f44a4cf at port 0
2019-08-23 15:31:03,726 [Datanode State Machine Thread - 0] INFO  impl.RaftServerProxy (RaftServerProxy.java:lambda$start$3(299)) - 45749ed4-9cb8-4dd3-a17e-80709f44a4cf: start RPC server
2019-08-23 15:31:03,726 [Datanode State Machine Thread - 0] INFO  server.GrpcService (GrpcService.java:startImpl(149)) - 45749ed4-9cb8-4dd3-a17e-80709f44a4cf: GrpcService started, listening on 0.0.0.0/0.0.0.0:35328
2019-08-23 15:31:03,726 [Datanode State Machine Thread - 0] INFO  ratis.XceiverServerRatis (XceiverServerRatis.java:start(414)) - XceiverServerRatis 45749ed4-9cb8-4dd3-a17e-80709f44a4cf is started using port 35328
2019-08-23 15:31:03,727 [Datanode State Machine Thread - 0] INFO  server.XceiverServerGrpc (XceiverServerGrpc.java:start(161)) - XceiverServerGrpc 45749ed4-9cb8-4dd3-a17e-80709f44a4cf is started using port 41476
2019-08-23 15:31:03,756 | INFO  | SCMAudit | user=jenkins1000 | ip=192.168.5.135 | op=GET_VERSION null | ret=SUCCESS |  
2019-08-23 15:31:03,770 [Datanode State Machine Thread - 0] INFO  ozoneimpl.OzoneContainer (OzoneContainer.java:start(186)) - Attempting to start container services.
2019-08-23 15:31:03,770 [Datanode State Machine Thread - 0] INFO  ozoneimpl.OzoneContainer (OzoneContainer.java:startContainerScrub(160)) - Background container scrubber has been disabled by hdds.containerscrub.enabled
2019-08-23 15:31:03,770 [Datanode State Machine Thread - 0] INFO  ratis.XceiverServerRatis (XceiverServerRatis.java:start(404)) - Starting XceiverServerRatis f9be0488-4b83-4ab0-b8b8-dac1c31a58bc at port 0
2019-08-23 15:31:03,775 [Datanode State Machine Thread - 0] INFO  impl.RaftServerProxy (RaftServerProxy.java:lambda$start$3(299)) - f9be0488-4b83-4ab0-b8b8-dac1c31a58bc: start RPC server
2019-08-23 15:31:03,776 [Datanode State Machine Thread - 0] INFO  server.GrpcService (GrpcService.java:startImpl(149)) - f9be0488-4b83-4ab0-b8b8-dac1c31a58bc: GrpcService started, listening on 0.0.0.0/0.0.0.0:39474
2019-08-23 15:31:03,776 [Datanode State Machine Thread - 0] INFO  ratis.XceiverServerRatis (XceiverServerRatis.java:start(414)) - XceiverServerRatis f9be0488-4b83-4ab0-b8b8-dac1c31a58bc is started using port 39474
2019-08-23 15:31:03,777 [Datanode State Machine Thread - 0] INFO  server.XceiverServerGrpc (XceiverServerGrpc.java:start(161)) - XceiverServerGrpc f9be0488-4b83-4ab0-b8b8-dac1c31a58bc is started using port 36162
2019-08-23 15:31:03,828 [main] INFO  ozone.MiniOzoneClusterImpl (MiniOzoneClusterImpl.java:lambda$waitForClusterToBeReady$0(140)) - Waiting for cluster to be ready. Got 0 of 7 DN Heartbeats.
2019-08-23 15:31:03,829 | INFO  | SCMAudit | user=jenkins1000 | ip=192.168.5.135 | op=GET_VERSION null | ret=SUCCESS |  
2019-08-23 15:31:03,843 [Datanode State Machine Thread - 0] INFO  ozoneimpl.OzoneContainer (OzoneContainer.java:start(186)) - Attempting to start container services.
2019-08-23 15:31:03,843 [Datanode State Machine Thread - 0] INFO  ozoneimpl.OzoneContainer (OzoneContainer.java:startContainerScrub(160)) - Background container scrubber has been disabled by hdds.containerscrub.enabled
2019-08-23 15:31:03,843 [Datanode State Machine Thread - 0] INFO  ratis.XceiverServerRatis (XceiverServerRatis.java:start(404)) - Starting XceiverServerRatis f6f9bd1c-aea8-4781-a09f-2599df8cb999 at port 0
2019-08-23 15:31:03,849 [Datanode State Machine Thread - 0] INFO  impl.RaftServerProxy (RaftServerProxy.java:lambda$start$3(299)) - f6f9bd1c-aea8-4781-a09f-2599df8cb999: start RPC server
2019-08-23 15:31:03,861 [Datanode State Machine Thread - 0] INFO  server.GrpcService (GrpcService.java:startImpl(149)) - f6f9bd1c-aea8-4781-a09f-2599df8cb999: GrpcService started, listening on 0.0.0.0/0.0.0.0:43219
2019-08-23 15:31:03,861 [Datanode State Machine Thread - 0] INFO  ratis.XceiverServerRatis (XceiverServerRatis.java:start(414)) - XceiverServerRatis f6f9bd1c-aea8-4781-a09f-2599df8cb999 is started using port 43219
2019-08-23 15:31:03,862 [Datanode State Machine Thread - 0] INFO  server.XceiverServerGrpc (XceiverServerGrpc.java:start(161)) - XceiverServerGrpc f6f9bd1c-aea8-4781-a09f-2599df8cb999 is started using port 41865
2019-08-23 15:31:04,828 [main] INFO  ozone.MiniOzoneClusterImpl (MiniOzoneClusterImpl.java:lambda$waitForClusterToBeReady$0(140)) - Waiting for cluster to be ready. Got 0 of 7 DN Heartbeats.
2019-08-23 15:31:05,458 [IPC Server handler 0 on 37126] INFO  net.NetworkTopology (NetworkTopologyImpl.java:add(110)) - Added a new node: /default-rack/c05fed09-c95d-4327-a465-a8ae69fed776
2019-08-23 15:31:05,459 [IPC Server handler 0 on 37126] INFO  node.SCMNodeManager (SCMNodeManager.java:register(273)) - Registered Data node : c05fed09-c95d-4327-a465-a8ae69fed776{ip: 192.168.5.135, host: pr-hdds-738-hvzxd-2983279717, networkLocation: /default-rack, certSerialId: null}
2019-08-23 15:31:05,461 [EventQueue-NodeRegistrationContainerReportForDataNodeSafeModeRule] INFO  safemode.SCMSafeModeManager (DataNodeSafeModeRule.java:process(71)) - SCM in safe mode. 1 DataNodes registered, 1 required.
2019-08-23 15:31:05,461 | INFO  | SCMAudit | user=jenkins1000 | ip=192.168.5.135 | op=REGISTER {datanodeDetails=c05fed09-c95d-4327-a465-a8ae69fed776{ip: 192.168.5.135, host: pr-hdds-738-hvzxd-2983279717, networkLocation: /default-rack, certSerialId: null}} | ret=SUCCESS |  
2019-08-23 15:31:05,462 [EventQueue-NodeRegistrationContainerReportForContainerSafeModeRule] INFO  safemode.SCMSafeModeManager (SCMSafeModeManager.java:validateSafeModeExitRules(177)) - ScmSafeModeManager, all rules are successfully validated
2019-08-23 15:31:05,462 [EventQueue-NodeRegistrationContainerReportForContainerSafeModeRule] INFO  safemode.SCMSafeModeManager (SCMSafeModeManager.java:exitSafeMode(193)) - SCM exiting safe mode.
2019-08-23 15:31:05,470 [grpc-default-executor-8] INFO  impl.RaftServerProxy (RaftServerProxy.java:addNew(89)) - c05fed09-c95d-4327-a465-a8ae69fed776: addNew group-5C606A3DB3CF:[c05fed09-c95d-4327-a465-a8ae69fed776:192.168.5.135:34176] returns group-5C606A3DB3CF:java.util.concurrent.CompletableFuture@32ca6f1c[Not completed]
2019-08-23 15:31:05,472 [pool-439-thread-1] INFO  impl.RaftServerImpl (RaftServerImpl.java:<init>(93)) - c05fed09-c95d-4327-a465-a8ae69fed776: new RaftServerImpl for group-5C606A3DB3CF:[c05fed09-c95d-4327-a465-a8ae69fed776:192.168.5.135:34176] with ContainerStateMachine:uninitialized
2019-08-23 15:31:05,473 [pool-439-thread-1] INFO  server.RaftServerConfigKeys (ConfUtils.java:logGet(43)) - raft.server.rpc.timeout.min = 5s (custom)
2019-08-23 15:31:05,473 [pool-439-thread-1] INFO  server.RaftServerConfigKeys (ConfUtils.java:logGet(43)) - raft.server.rpc.timeout.max = 5200ms (custom)
2019-08-23 15:31:05,473 [pool-439-thread-1] INFO  server.RaftServerConfigKeys (ConfUtils.java:logGet(43)) - raft.server.rpcslowness.timeout = 120s (custom)
2019-08-23 15:31:05,473 [pool-439-thread-1] INFO  server.RaftServerConfigKeys (ConfUtils.java:logGet(43)) - raft.server.sleep.deviation.threshold = 300 (default)
2019-08-23 15:31:05,473 [pool-439-thread-1] INFO  server.RaftServerConfigKeys (ConfUtils.java:logGet(43)) - raft.server.log.appender.install.snapshot.enabled = false (custom)
2019-08-23 15:31:05,473 [pool-439-thread-1] INFO  impl.RaftServerImpl (ServerState.java:<init>(105)) - c05fed09-c95d-4327-a465-a8ae69fed776:group-5C606A3DB3CF ConfigurationManager, init=-1: [c05fed09-c95d-4327-a465-a8ae69fed776:192.168.5.135:34176], old=null, confs=<EMPTY_MAP>
2019-08-23 15:31:05,473 [pool-439-thread-1] INFO  server.RaftServerConfigKeys (ConfUtils.java:logGet(43)) - raft.server.storage.dir = [/workdir/hadoop-ozone/integration-test/target/test-dir/MiniOzoneClusterImpl-59c2fb18-0200-4865-85bf-81b4b37c6949/datanode-0/data/ratis] (custom)
2019-08-23 15:31:05,474 [pool-439-thread-1] INFO  storage.RaftStorageDirectory (RaftStorageDirectory.java:analyzeStorage(246)) - The storage directory /workdir/hadoop-ozone/integration-test/target/test-dir/MiniOzoneClusterImpl-59c2fb18-0200-4865-85bf-81b4b37c6949/datanode-0/data/ratis/1a8d3098-5c3a-4414-a9ad-5c606a3db3cf does not exist. Creating ...
2019-08-23 15:31:05,487 [pool-439-thread-1] INFO  storage.RaftStorageDirectory (RaftStorageDirectory.java:tryLock(328)) - Lock on /workdir/hadoop-ozone/integration-test/target/test-dir/MiniOzoneClusterImpl-59c2fb18-0200-4865-85bf-81b4b37c6949/datanode-0/data/ratis/1a8d3098-5c3a-4414-a9ad-5c606a3db3cf/in_use.lock acquired by nodename 27387@pr-hdds-738-hvzxd-2983279717
2019-08-23 15:31:05,501 [pool-439-thread-1] INFO  storage.RaftStorage (RaftStorage.java:format(72)) - Storage directory /workdir/hadoop-ozone/integration-test/target/test-dir/MiniOzoneClusterImpl-59c2fb18-0200-4865-85bf-81b4b37c6949/datanode-0/data/ratis/1a8d3098-5c3a-4414-a9ad-5c606a3db3cf has been successfully formatted.
2019-08-23 15:31:05,501 [pool-439-thread-1] INFO  ratis.ContainerStateMachine (ContainerStateMachine.java:loadSnapshot(226)) - group-5C606A3DB3CF: The snapshot info is null. Setting the last applied indexto:(t:0, i:~)
2019-08-23 15:31:05,501 [pool-439-thread-1] INFO  server.RaftServerConfigKeys (ConfUtils.java:logGet(43)) - raft.server.leader.election.timeout = 120s (custom)
2019-08-23 15:31:05,501 [pool-439-thread-1] INFO  server.RaftServerConfigKeys (ConfUtils.java:logGet(43)) - raft.server.log.use.memory = false (default)
2019-08-23 15:31:05,501 [pool-439-thread-1] INFO  server.RaftServerConfigKeys (ConfUtils.java:logGet(43)) - raft.server.log.purge.gap = 1000000 (custom)
2019-08-23 15:31:05,501 [pool-439-thread-1] INFO  server.RaftServerConfigKeys (ConfUtils.java:logGet(43)) - raft.server.log.appender.buffer.byte-limit = 33554432 (custom)
2019-08-23 15:31:05,502 [pool-439-thread-1] INFO  server.RaftServerConfigKeys (ConfUtils.java:logGet(43)) - raft.server.log.segment.size.max = 1048576 (custom)
2019-08-23 15:31:05,502 [pool-439-thread-1] INFO  server.RaftServerConfigKeys (ConfUtils.java:logGet(43)) - raft.server.log.segment.cache.num.max = 2 (custom)
2019-08-23 15:31:05,502 [pool-439-thread-1] INFO  segmented.SegmentedRaftLogWorker (SegmentedRaftLogWorker.java:<init>(172)) - new c05fed09-c95d-4327-a465-a8ae69fed776-SegmentedRaftLogWorker:Storage Directory /workdir/hadoop-ozone/integration-test/target/test-dir/MiniOzoneClusterImpl-59c2fb18-0200-4865-85bf-81b4b37c6949/datanode-0/data/ratis/1a8d3098-5c3a-4414-a9ad-5c606a3db3cf for RaftStorage:Storage Directory /workdir/hadoop-ozone/integration-test/target/test-dir/MiniOzoneClusterImpl-59c2fb18-0200-4865-85bf-81b4b37c6949/datanode-0/data/ratis/1a8d3098-5c3a-4414-a9ad-5c606a3db3cf
2019-08-23 15:31:05,502 [pool-439-thread-1] INFO  server.RaftServerConfigKeys (ConfUtils.java:logGet(43)) - raft.server.log.queue.byte-limit = 2147483647 (custom)
2019-08-23 15:31:05,502 [pool-439-thread-1] INFO  server.RaftServerConfigKeys (ConfUtils.java:logGet(43)) - raft.server.log.queue.element-limit = 1024 (custom)
2019-08-23 15:31:05,502 [pool-439-thread-1] INFO  server.RaftServerConfigKeys (ConfUtils.java:logGet(43)) - raft.server.log.segment.size.max = 1048576 (custom)
2019-08-23 15:31:05,502 [pool-439-thread-1] INFO  server.RaftServerConfigKeys (ConfUtils.java:logGet(43)) - raft.server.log.preallocated.size = 16384 (custom)
2019-08-23 15:31:05,502 [pool-439-thread-1] INFO  server.RaftServerConfigKeys (ConfUtils.java:logGet(43)) - raft.server.log.write.buffer.size = 33554432 (custom)
2019-08-23 15:31:05,503 [pool-439-thread-1] INFO  server.RaftServerConfigKeys (ConfUtils.java:logGet(43)) - raft.server.log.force.sync.num = 128 (default)
2019-08-23 15:31:05,503 [pool-439-thread-1] INFO  server.RaftServerConfigKeys (ConfUtils.java:logGet(43)) - raft.server.log.statemachine.data.sync = true (default)
2019-08-23 15:31:05,503 [pool-439-thread-1] INFO  server.RaftServerConfigKeys (ConfUtils.java:logGet(43)) - raft.server.log.statemachine.data.sync.timeout = 10s (default)
2019-08-23 15:31:05,503 [pool-439-thread-1] INFO  server.RaftServerConfigKeys (ConfUtils.java:logGet(43)) - raft.server.log.statemachine.data.sync.timeout.retry = -1 (default)
2019-08-23 15:31:05,503 [pool-439-thread-1] INFO  server.RaftServerConfigKeys (ConfUtils.java:logGet(43)) - raft.server.log.statemachine.data.caching.enabled = true (custom)
2019-08-23 15:31:05,503 [pool-439-thread-1] INFO  segmented.SegmentedRaftLogWorker (SegmentedRaftLogWorker.java:lambda$new$0(132)) - c05fed09-c95d-4327-a465-a8ae69fed776-SegmentedRaftLogWorker:Storage Directory /workdir/hadoop-ozone/integration-test/target/test-dir/MiniOzoneClusterImpl-59c2fb18-0200-4865-85bf-81b4b37c6949/datanode-0/data/ratis/1a8d3098-5c3a-4414-a9ad-5c606a3db3cf: flushIndex: setUnconditionally 0 -> -1
2019-08-23 15:31:05,504 [pool-439-thread-1] INFO  server.RaftServerConfigKeys (ConfUtils.java:logGet(43)) - raft.server.snapshot.auto.trigger.enabled = true (custom)
2019-08-23 15:31:05,504 [pool-439-thread-1] INFO  server.RaftServerConfigKeys (ConfUtils.java:logGet(43)) - raft.server.snapshot.auto.trigger.threshold = 10000 (custom)
2019-08-23 15:31:05,504 [pool-439-thread-1] INFO  server.RaftServerConfigKeys (ConfUtils.java:logGet(43)) - raft.server.retrycache.expirytime = 600000ms (custom)
2019-08-23 15:31:05,504 [pool-439-thread-1] INFO  impl.RaftServerImpl (RaftServerImpl.java:start(180)) - c05fed09-c95d-4327-a465-a8ae69fed776: start group-5C606A3DB3CF
2019-08-23 15:31:05,504 [pool-439-thread-1] INFO  impl.RaftServerImpl (RaftServerImpl.java:setRole(171)) - c05fed09-c95d-4327-a465-a8ae69fed776:group-5C606A3DB3CF changes role from null to FOLLOWER at term 0 for startAsFollower
2019-08-23 15:31:05,504 [pool-439-thread-1] INFO  impl.RoleInfo (RoleInfo.java:updateAndGet(143)) - c05fed09-c95d-4327-a465-a8ae69fed776: start FollowerState
2019-08-23 15:31:05,505 [pool-439-thread-1] INFO  util.JmxRegister (JmxRegister.java:tryRegister(44)) - Successfully registered JMX Bean with object name Ratis:service=RaftServer,group=group-5C606A3DB3CF,id=c05fed09-c95d-4327-a465-a8ae69fed776
2019-08-23 15:31:05,507 [RatisPipelineUtilsThread] INFO  pipeline.PipelineStateManager (PipelineStateManager.java:addPipeline(56)) - Created pipeline Pipeline[ Id: 1a8d3098-5c3a-4414-a9ad-5c606a3db3cf, Nodes: c05fed09-c95d-4327-a465-a8ae69fed776{ip: 192.168.5.135, host: pr-hdds-738-hvzxd-2983279717, networkLocation: /default-rack, certSerialId: null}, Type:RATIS, Factor:ONE, State:OPEN]
2019-08-23 15:31:05,518 [IPC Server handler 1 on 37126] INFO  net.NetworkTopology (NetworkTopologyImpl.java:add(110)) - Added a new node: /default-rack/5fa1ed00-d108-4e10-9e2f-8b50df71b2da
2019-08-23 15:31:05,519 [IPC Server handler 1 on 37126] INFO  node.SCMNodeManager (SCMNodeManager.java:register(273)) - Registered Data node : 5fa1ed00-d108-4e10-9e2f-8b50df71b2da{ip: 192.168.5.135, host: pr-hdds-738-hvzxd-2983279717, networkLocation: /default-rack, certSerialId: null}
2019-08-23 15:31:05,519 | INFO  | SCMAudit | user=jenkins1000 | ip=192.168.5.135 | op=REGISTER {datanodeDetails=5fa1ed00-d108-4e10-9e2f-8b50df71b2da{ip: 192.168.5.135, host: pr-hdds-738-hvzxd-2983279717, networkLocation: /default-rack, certSerialId: null}} | ret=SUCCESS |  
2019-08-23 15:31:05,525 [grpc-default-executor-8] INFO  impl.RaftServerProxy (RaftServerProxy.java:addNew(89)) - 5fa1ed00-d108-4e10-9e2f-8b50df71b2da: addNew group-CC8A6E377AC0:[5fa1ed00-d108-4e10-9e2f-8b50df71b2da:192.168.5.135:44508] returns group-CC8A6E377AC0:java.util.concurrent.CompletableFuture@51aff5ef[Not completed]
2019-08-23 15:31:05,527 [pool-450-thread-1] INFO  impl.RaftServerImpl (RaftServerImpl.java:<init>(93)) - 5fa1ed00-d108-4e10-9e2f-8b50df71b2da: new RaftServerImpl for group-CC8A6E377AC0:[5fa1ed00-d108-4e10-9e2f-8b50df71b2da:192.168.5.135:44508] with ContainerStateMachine:uninitialized
2019-08-23 15:31:05,527 [pool-450-thread-1] INFO  server.RaftServerConfigKeys (ConfUtils.java:logGet(43)) - raft.server.rpc.timeout.min = 5s (custom)
2019-08-23 15:31:05,527 [pool-450-thread-1] INFO  server.RaftServerConfigKeys (ConfUtils.java:logGet(43)) - raft.server.rpc.timeout.max = 5200ms (custom)
2019-08-23 15:31:05,527 [pool-450-thread-1] INFO  server.RaftServerConfigKeys (ConfUtils.java:logGet(43)) - raft.server.rpcslowness.timeout = 120s (custom)
2019-08-23 15:31:05,527 [pool-450-thread-1] INFO  server.RaftServerConfigKeys (ConfUtils.java:logGet(43)) - raft.server.sleep.deviation.threshold = 300 (default)
2019-08-23 15:31:05,527 [pool-450-thread-1] INFO  server.RaftServerConfigKeys (ConfUtils.java:logGet(43)) - raft.server.log.appender.install.snapshot.enabled = false (custom)
2019-08-23 15:31:05,527 [pool-450-thread-1] INFO  impl.RaftServerImpl (ServerState.java:<init>(105)) - 5fa1ed00-d108-4e10-9e2f-8b50df71b2da:group-CC8A6E377AC0 ConfigurationManager, init=-1: [5fa1ed00-d108-4e10-9e2f-8b50df71b2da:192.168.5.135:44508], old=null, confs=<EMPTY_MAP>
2019-08-23 15:31:05,527 [pool-450-thread-1] INFO  server.RaftServerConfigKeys (ConfUtils.java:logGet(43)) - raft.server.storage.dir = [/workdir/hadoop-ozone/integration-test/target/test-dir/MiniOzoneClusterImpl-59c2fb18-0200-4865-85bf-81b4b37c6949/datanode-1/data/ratis] (custom)
2019-08-23 15:31:05,527 [pool-450-thread-1] INFO  storage.RaftStorageDirectory (RaftStorageDirectory.java:analyzeStorage(246)) - The storage directory /workdir/hadoop-ozone/integration-test/target/test-dir/MiniOzoneClusterImpl-59c2fb18-0200-4865-85bf-81b4b37c6949/datanode-1/data/ratis/d4ae8bd7-0bf1-49f4-bb69-cc8a6e377ac0 does not exist. Creating ...
2019-08-23 15:31:05,540 [pool-450-thread-1] INFO  storage.RaftStorageDirectory (RaftStorageDirectory.java:tryLock(328)) - Lock on /workdir/hadoop-ozone/integration-test/target/test-dir/MiniOzoneClusterImpl-59c2fb18-0200-4865-85bf-81b4b37c6949/datanode-1/data/ratis/d4ae8bd7-0bf1-49f4-bb69-cc8a6e377ac0/in_use.lock acquired by nodename 27387@pr-hdds-738-hvzxd-2983279717
2019-08-23 15:31:05,553 [pool-450-thread-1] INFO  storage.RaftStorage (RaftStorage.java:format(72)) - Storage directory /workdir/hadoop-ozone/integration-test/target/test-dir/MiniOzoneClusterImpl-59c2fb18-0200-4865-85bf-81b4b37c6949/datanode-1/data/ratis/d4ae8bd7-0bf1-49f4-bb69-cc8a6e377ac0 has been successfully formatted.
2019-08-23 15:31:05,553 [pool-450-thread-1] INFO  ratis.ContainerStateMachine (ContainerStateMachine.java:loadSnapshot(226)) - group-CC8A6E377AC0: The snapshot info is null. Setting the last applied indexto:(t:0, i:~)
2019-08-23 15:31:05,553 [pool-450-thread-1] INFO  server.RaftServerConfigKeys (ConfUtils.java:logGet(43)) - raft.server.leader.election.timeout = 120s (custom)
2019-08-23 15:31:05,553 [pool-450-thread-1] INFO  server.RaftServerConfigKeys (ConfUtils.java:logGet(43)) - raft.server.log.use.memory = false (default)
2019-08-23 15:31:05,553 [pool-450-thread-1] INFO  server.RaftServerConfigKeys (ConfUtils.java:logGet(43)) - raft.server.log.purge.gap = 1000000 (custom)
2019-08-23 15:31:05,554 [pool-450-thread-1] INFO  server.RaftServerConfigKeys (ConfUtils.java:logGet(43)) - raft.server.log.appender.buffer.byte-limit = 33554432 (custom)
2019-08-23 15:31:05,554 [pool-450-thread-1] INFO  server.RaftServerConfigKeys (ConfUtils.java:logGet(43)) - raft.server.log.segment.size.max = 1048576 (custom)
2019-08-23 15:31:05,554 [pool-450-thread-1] INFO  server.RaftServerConfigKeys (ConfUtils.java:logGet(43)) - raft.server.log.segment.cache.num.max = 2 (custom)
2019-08-23 15:31:05,554 [pool-450-thread-1] INFO  segmented.SegmentedRaftLogWorker (SegmentedRaftLogWorker.java:<init>(172)) - new 5fa1ed00-d108-4e10-9e2f-8b50df71b2da-SegmentedRaftLogWorker:Storage Directory /workdir/hadoop-ozone/integration-test/target/test-dir/MiniOzoneClusterImpl-59c2fb18-0200-4865-85bf-81b4b37c6949/datanode-1/data/ratis/d4ae8bd7-0bf1-49f4-bb69-cc8a6e377ac0 for RaftStorage:Storage Directory /workdir/hadoop-ozone/integration-test/target/test-dir/MiniOzoneClusterImpl-59c2fb18-0200-4865-85bf-81b4b37c6949/datanode-1/data/ratis/d4ae8bd7-0bf1-49f4-bb69-cc8a6e377ac0
2019-08-23 15:31:05,554 [pool-450-thread-1] INFO  server.RaftServerConfigKeys (ConfUtils.java:logGet(43)) - raft.server.log.queue.byte-limit = 2147483647 (custom)
2019-08-23 15:31:05,554 [pool-450-thread-1] INFO  server.RaftServerConfigKeys (ConfUtils.java:logGet(43)) - raft.server.log.queue.element-limit = 1024 (custom)
2019-08-23 15:31:05,554 [pool-450-thread-1] INFO  server.RaftServerConfigKeys (ConfUtils.java:logGet(43)) - raft.server.log.segment.size.max = 1048576 (custom)
2019-08-23 15:31:05,554 [pool-450-thread-1] INFO  server.RaftServerConfigKeys (ConfUtils.java:logGet(43)) - raft.server.log.preallocated.size = 16384 (custom)
2019-08-23 15:31:05,554 [pool-450-thread-1] INFO  server.RaftServerConfigKeys (ConfUtils.java:logGet(43)) - raft.server.log.write.buffer.size = 33554432 (custom)
2019-08-23 15:31:05,555 [pool-450-thread-1] INFO  server.RaftServerConfigKeys (ConfUtils.java:logGet(43)) - raft.server.log.force.sync.num = 128 (default)
2019-08-23 15:31:05,555 [pool-450-thread-1] INFO  server.RaftServerConfigKeys (ConfUtils.java:logGet(43)) - raft.server.log.statemachine.data.sync = true (default)
2019-08-23 15:31:05,555 [pool-450-thread-1] INFO  server.RaftServerConfigKeys (ConfUtils.java:logGet(43)) - raft.server.log.statemachine.data.sync.timeout = 10s (default)
2019-08-23 15:31:05,555 [pool-450-thread-1] INFO  server.RaftServerConfigKeys (ConfUtils.java:logGet(43)) - raft.server.log.statemachine.data.sync.timeout.retry = -1 (default)
2019-08-23 15:31:05,555 [pool-450-thread-1] INFO  server.RaftServerConfigKeys (ConfUtils.java:logGet(43)) - raft.server.log.statemachine.data.caching.enabled = true (custom)
2019-08-23 15:31:05,556 [pool-450-thread-1] INFO  segmented.SegmentedRaftLogWorker (SegmentedRaftLogWorker.java:lambda$new$0(132)) - 5fa1ed00-d108-4e10-9e2f-8b50df71b2da-SegmentedRaftLogWorker:Storage Directory /workdir/hadoop-ozone/integration-test/target/test-dir/MiniOzoneClusterImpl-59c2fb18-0200-4865-85bf-81b4b37c6949/datanode-1/data/ratis/d4ae8bd7-0bf1-49f4-bb69-cc8a6e377ac0: flushIndex: setUnconditionally 0 -> -1
2019-08-23 15:31:05,556 [pool-450-thread-1] INFO  server.RaftServerConfigKeys (ConfUtils.java:logGet(43)) - raft.server.snapshot.auto.trigger.enabled = true (custom)
2019-08-23 15:31:05,556 [pool-450-thread-1] INFO  server.RaftServerConfigKeys (ConfUtils.java:logGet(43)) - raft.server.snapshot.auto.trigger.threshold = 10000 (custom)
2019-08-23 15:31:05,556 [pool-450-thread-1] INFO  server.RaftServerConfigKeys (ConfUtils.java:logGet(43)) - raft.server.retrycache.expirytime = 600000ms (custom)
2019-08-23 15:31:05,556 [pool-450-thread-1] INFO  impl.RaftServerImpl (RaftServerImpl.java:start(180)) - 5fa1ed00-d108-4e10-9e2f-8b50df71b2da: start group-CC8A6E377AC0
2019-08-23 15:31:05,556 [pool-450-thread-1] INFO  impl.RaftServerImpl (RaftServerImpl.java:setRole(171)) - 5fa1ed00-d108-4e10-9e2f-8b50df71b2da:group-CC8A6E377AC0 changes role from null to FOLLOWER at term 0 for startAsFollower
2019-08-23 15:31:05,556 [pool-450-thread-1] INFO  impl.RoleInfo (RoleInfo.java:updateAndGet(143)) - 5fa1ed00-d108-4e10-9e2f-8b50df71b2da: start FollowerState
2019-08-23 15:31:05,557 [pool-450-thread-1] INFO  util.JmxRegister (JmxRegister.java:tryRegister(44)) - Successfully registered JMX Bean with object name Ratis:service=RaftServer,group=group-CC8A6E377AC0,id=5fa1ed00-d108-4e10-9e2f-8b50df71b2da
2019-08-23 15:31:05,558 [RatisPipelineUtilsThread] INFO  pipeline.PipelineStateManager (PipelineStateManager.java:addPipeline(56)) - Created pipeline Pipeline[ Id: d4ae8bd7-0bf1-49f4-bb69-cc8a6e377ac0, Nodes: 5fa1ed00-d108-4e10-9e2f-8b50df71b2da{ip: 192.168.5.135, host: pr-hdds-738-hvzxd-2983279717, networkLocation: /default-rack, certSerialId: null}, Type:RATIS, Factor:ONE, State:OPEN]
2019-08-23 15:31:05,581 [IPC Server handler 2 on 37126] INFO  net.NetworkTopology (NetworkTopologyImpl.java:add(110)) - Added a new node: /default-rack/8cd08553-7170-462e-ba81-b2a7a0cb37ad
2019-08-23 15:31:05,581 [IPC Server handler 2 on 37126] INFO  node.SCMNodeManager (SCMNodeManager.java:register(273)) - Registered Data node : 8cd08553-7170-462e-ba81-b2a7a0cb37ad{ip: 192.168.5.135, host: pr-hdds-738-hvzxd-2983279717, networkLocation: /default-rack, certSerialId: null}
2019-08-23 15:31:05,582 | INFO  | SCMAudit | user=jenkins1000 | ip=192.168.5.135 | op=REGISTER {datanodeDetails=8cd08553-7170-462e-ba81-b2a7a0cb37ad{ip: 192.168.5.135, host: pr-hdds-738-hvzxd-2983279717, networkLocation: /default-rack, certSerialId: null}} | ret=SUCCESS |  
2019-08-23 15:31:05,587 [grpc-default-executor-8] INFO  impl.RaftServerProxy (RaftServerProxy.java:addNew(89)) - 8cd08553-7170-462e-ba81-b2a7a0cb37ad: addNew group-976752DBB62A:[8cd08553-7170-462e-ba81-b2a7a0cb37ad:192.168.5.135:39140] returns group-976752DBB62A:java.util.concurrent.CompletableFuture@4d87bda7[Not completed]
2019-08-23 15:31:05,588 [pool-461-thread-1] INFO  impl.RaftServerImpl (RaftServerImpl.java:<init>(93)) - 8cd08553-7170-462e-ba81-b2a7a0cb37ad: new RaftServerImpl for group-976752DBB62A:[8cd08553-7170-462e-ba81-b2a7a0cb37ad:192.168.5.135:39140] with ContainerStateMachine:uninitialized
2019-08-23 15:31:05,588 [pool-461-thread-1] INFO  server.RaftServerConfigKeys (ConfUtils.java:logGet(43)) - raft.server.rpc.timeout.min = 5s (custom)
2019-08-23 15:31:05,589 [pool-461-thread-1] INFO  server.RaftServerConfigKeys (ConfUtils.java:logGet(43)) - raft.server.rpc.timeout.max = 5200ms (custom)
2019-08-23 15:31:05,589 [pool-461-thread-1] INFO  server.RaftServerConfigKeys (ConfUtils.java:logGet(43)) - raft.server.rpcslowness.timeout = 120s (custom)
2019-08-23 15:31:05,589 [pool-461-thread-1] INFO  server.RaftServerConfigKeys (ConfUtils.java:logGet(43)) - raft.server.sleep.deviation.threshold = 300 (default)
2019-08-23 15:31:05,589 [pool-461-thread-1] INFO  server.RaftServerConfigKeys (ConfUtils.java:logGet(43)) - raft.server.log.appender.install.snapshot.enabled = false (custom)
2019-08-23 15:31:05,589 [pool-461-thread-1] INFO  impl.RaftServerImpl (ServerState.java:<init>(105)) - 8cd08553-7170-462e-ba81-b2a7a0cb37ad:group-976752DBB62A ConfigurationManager, init=-1: [8cd08553-7170-462e-ba81-b2a7a0cb37ad:192.168.5.135:39140], old=null, confs=<EMPTY_MAP>
2019-08-23 15:31:05,589 [pool-461-thread-1] INFO  server.RaftServerConfigKeys (ConfUtils.java:logGet(43)) - raft.server.storage.dir = [/workdir/hadoop-ozone/integration-test/target/test-dir/MiniOzoneClusterImpl-59c2fb18-0200-4865-85bf-81b4b37c6949/datanode-2/data/ratis] (custom)
2019-08-23 15:31:05,590 [pool-461-thread-1] INFO  storage.RaftStorageDirectory (RaftStorageDirectory.java:analyzeStorage(246)) - The storage directory /workdir/hadoop-ozone/integration-test/target/test-dir/MiniOzoneClusterImpl-59c2fb18-0200-4865-85bf-81b4b37c6949/datanode-2/data/ratis/6b984a33-f424-4df7-a45e-976752dbb62a does not exist. Creating ...
2019-08-23 15:31:05,602 [pool-461-thread-1] INFO  storage.RaftStorageDirectory (RaftStorageDirectory.java:tryLock(328)) - Lock on /workdir/hadoop-ozone/integration-test/target/test-dir/MiniOzoneClusterImpl-59c2fb18-0200-4865-85bf-81b4b37c6949/datanode-2/data/ratis/6b984a33-f424-4df7-a45e-976752dbb62a/in_use.lock acquired by nodename 27387@pr-hdds-738-hvzxd-2983279717
2019-08-23 15:31:05,615 [pool-461-thread-1] INFO  storage.RaftStorage (RaftStorage.java:format(72)) - Storage directory /workdir/hadoop-ozone/integration-test/target/test-dir/MiniOzoneClusterImpl-59c2fb18-0200-4865-85bf-81b4b37c6949/datanode-2/data/ratis/6b984a33-f424-4df7-a45e-976752dbb62a has been successfully formatted.
2019-08-23 15:31:05,616 [pool-461-thread-1] INFO  ratis.ContainerStateMachine (ContainerStateMachine.java:loadSnapshot(226)) - group-976752DBB62A: The snapshot info is null. Setting the last applied indexto:(t:0, i:~)
2019-08-23 15:31:05,616 [pool-461-thread-1] INFO  server.RaftServerConfigKeys (ConfUtils.java:logGet(43)) - raft.server.leader.election.timeout = 120s (custom)
2019-08-23 15:31:05,616 [pool-461-thread-1] INFO  server.RaftServerConfigKeys (ConfUtils.java:logGet(43)) - raft.server.log.use.memory = false (default)
2019-08-23 15:31:05,616 [pool-461-thread-1] INFO  server.RaftServerConfigKeys (ConfUtils.java:logGet(43)) - raft.server.log.purge.gap = 1000000 (custom)
2019-08-23 15:31:05,616 [pool-461-thread-1] INFO  server.RaftServerConfigKeys (ConfUtils.java:logGet(43)) - raft.server.log.appender.buffer.byte-limit = 33554432 (custom)
2019-08-23 15:31:05,616 [pool-461-thread-1] INFO  server.RaftServerConfigKeys (ConfUtils.java:logGet(43)) - raft.server.log.segment.size.max = 1048576 (custom)
2019-08-23 15:31:05,617 [pool-461-thread-1] INFO  server.RaftServerConfigKeys (ConfUtils.java:logGet(43)) - raft.server.log.segment.cache.num.max = 2 (custom)
2019-08-23 15:31:05,617 [pool-461-thread-1] INFO  segmented.SegmentedRaftLogWorker (SegmentedRaftLogWorker.java:<init>(172)) - new 8cd08553-7170-462e-ba81-b2a7a0cb37ad-SegmentedRaftLogWorker:Storage Directory /workdir/hadoop-ozone/integration-test/target/test-dir/MiniOzoneClusterImpl-59c2fb18-0200-4865-85bf-81b4b37c6949/datanode-2/data/ratis/6b984a33-f424-4df7-a45e-976752dbb62a for RaftStorage:Storage Directory /workdir/hadoop-ozone/integration-test/target/test-dir/MiniOzoneClusterImpl-59c2fb18-0200-4865-85bf-81b4b37c6949/datanode-2/data/ratis/6b984a33-f424-4df7-a45e-976752dbb62a
2019-08-23 15:31:05,617 [pool-461-thread-1] INFO  server.RaftServerConfigKeys (ConfUtils.java:logGet(43)) - raft.server.log.queue.byte-limit = 2147483647 (custom)
2019-08-23 15:31:05,617 [pool-461-thread-1] INFO  server.RaftServerConfigKeys (ConfUtils.java:logGet(43)) - raft.server.log.queue.element-limit = 1024 (custom)
2019-08-23 15:31:05,617 [pool-461-thread-1] INFO  server.RaftServerConfigKeys (ConfUtils.java:logGet(43)) - raft.server.log.segment.size.max = 1048576 (custom)
2019-08-23 15:31:05,617 [pool-461-thread-1] INFO  server.RaftServerConfigKeys (ConfUtils.java:logGet(43)) - raft.server.log.preallocated.size = 16384 (custom)
2019-08-23 15:31:05,617 [pool-461-thread-1] INFO  server.RaftServerConfigKeys (ConfUtils.java:logGet(43)) - raft.server.log.write.buffer.size = 33554432 (custom)
2019-08-23 15:31:05,618 [pool-461-thread-1] INFO  server.RaftServerConfigKeys (ConfUtils.java:logGet(43)) - raft.server.log.force.sync.num = 128 (default)
2019-08-23 15:31:05,618 [pool-461-thread-1] INFO  server.RaftServerConfigKeys (ConfUtils.java:logGet(43)) - raft.server.log.statemachine.data.sync = true (default)
2019-08-23 15:31:05,618 [pool-461-thread-1] INFO  server.RaftServerConfigKeys (ConfUtils.java:logGet(43)) - raft.server.log.statemachine.data.sync.timeout = 10s (default)
2019-08-23 15:31:05,618 [pool-461-thread-1] INFO  server.RaftServerConfigKeys (ConfUtils.java:logGet(43)) - raft.server.log.statemachine.data.sync.timeout.retry = -1 (default)
2019-08-23 15:31:05,618 [pool-461-thread-1] INFO  server.RaftServerConfigKeys (ConfUtils.java:logGet(43)) - raft.server.log.statemachine.data.caching.enabled = true (custom)
2019-08-23 15:31:05,619 [pool-461-thread-1] INFO  segmented.SegmentedRaftLogWorker (SegmentedRaftLogWorker.java:lambda$new$0(132)) - 8cd08553-7170-462e-ba81-b2a7a0cb37ad-SegmentedRaftLogWorker:Storage Directory /workdir/hadoop-ozone/integration-test/target/test-dir/MiniOzoneClusterImpl-59c2fb18-0200-4865-85bf-81b4b37c6949/datanode-2/data/ratis/6b984a33-f424-4df7-a45e-976752dbb62a: flushIndex: setUnconditionally 0 -> -1
2019-08-23 15:31:05,619 [pool-461-thread-1] INFO  server.RaftServerConfigKeys (ConfUtils.java:logGet(43)) - raft.server.snapshot.auto.trigger.enabled = true (custom)
2019-08-23 15:31:05,619 [pool-461-thread-1] INFO  server.RaftServerConfigKeys (ConfUtils.java:logGet(43)) - raft.server.snapshot.auto.trigger.threshold = 10000 (custom)
2019-08-23 15:31:05,619 [pool-461-thread-1] INFO  server.RaftServerConfigKeys (ConfUtils.java:logGet(43)) - raft.server.retrycache.expirytime = 600000ms (custom)
2019-08-23 15:31:05,619 [pool-461-thread-1] INFO  impl.RaftServerImpl (RaftServerImpl.java:start(180)) - 8cd08553-7170-462e-ba81-b2a7a0cb37ad: start group-976752DBB62A
2019-08-23 15:31:05,619 [pool-461-thread-1] INFO  impl.RaftServerImpl (RaftServerImpl.java:setRole(171)) - 8cd08553-7170-462e-ba81-b2a7a0cb37ad:group-976752DBB62A changes role from null to FOLLOWER at term 0 for startAsFollower
2019-08-23 15:31:05,619 [pool-461-thread-1] INFO  impl.RoleInfo (RoleInfo.java:updateAndGet(143)) - 8cd08553-7170-462e-ba81-b2a7a0cb37ad: start FollowerState
2019-08-23 15:31:05,620 [pool-461-thread-1] INFO  util.JmxRegister (JmxRegister.java:tryRegister(44)) - Successfully registered JMX Bean with object name Ratis:service=RaftServer,group=group-976752DBB62A,id=8cd08553-7170-462e-ba81-b2a7a0cb37ad
2019-08-23 15:31:05,622 [RatisPipelineUtilsThread] INFO  pipeline.PipelineStateManager (PipelineStateManager.java:addPipeline(56)) - Created pipeline Pipeline[ Id: 6b984a33-f424-4df7-a45e-976752dbb62a, Nodes: 8cd08553-7170-462e-ba81-b2a7a0cb37ad{ip: 192.168.5.135, host: pr-hdds-738-hvzxd-2983279717, networkLocation: /default-rack, certSerialId: null}, Type:RATIS, Factor:ONE, State:OPEN]
2019-08-23 15:31:05,633 [grpc-default-executor-8] INFO  impl.RaftServerProxy (RaftServerProxy.java:addNew(89)) - c05fed09-c95d-4327-a465-a8ae69fed776: addNew group-4B7957B19BA7:[c05fed09-c95d-4327-a465-a8ae69fed776:192.168.5.135:34176, 5fa1ed00-d108-4e10-9e2f-8b50df71b2da:192.168.5.135:44508, 8cd08553-7170-462e-ba81-b2a7a0cb37ad:192.168.5.135:39140] returns group-4B7957B19BA7:java.util.concurrent.CompletableFuture@359151c3[Not completed]
2019-08-23 15:31:05,633 [grpc-default-executor-13] INFO  impl.RaftServerProxy (RaftServerProxy.java:addNew(89)) - 8cd08553-7170-462e-ba81-b2a7a0cb37ad: addNew group-4B7957B19BA7:[c05fed09-c95d-4327-a465-a8ae69fed776:192.168.5.135:34176, 5fa1ed00-d108-4e10-9e2f-8b50df71b2da:192.168.5.135:44508, 8cd08553-7170-462e-ba81-b2a7a0cb37ad:192.168.5.135:39140] returns group-4B7957B19BA7:java.util.concurrent.CompletableFuture@6d94f67[Not completed]
2019-08-23 15:31:05,633 [grpc-default-executor-14] INFO  impl.RaftServerProxy (RaftServerProxy.java:addNew(89)) - 5fa1ed00-d108-4e10-9e2f-8b50df71b2da: addNew group-4B7957B19BA7:[c05fed09-c95d-4327-a465-a8ae69fed776:192.168.5.135:34176, 5fa1ed00-d108-4e10-9e2f-8b50df71b2da:192.168.5.135:44508, 8cd08553-7170-462e-ba81-b2a7a0cb37ad:192.168.5.135:39140] returns group-4B7957B19BA7:java.util.concurrent.CompletableFuture@7606c516[Not completed]
2019-08-23 15:31:05,634 [pool-461-thread-1] INFO  impl.RaftServerImpl (RaftServerImpl.java:<init>(93)) - 8cd08553-7170-462e-ba81-b2a7a0cb37ad: new RaftServerImpl for group-4B7957B19BA7:[c05fed09-c95d-4327-a465-a8ae69fed776:192.168.5.135:34176, 5fa1ed00-d108-4e10-9e2f-8b50df71b2da:192.168.5.135:44508, 8cd08553-7170-462e-ba81-b2a7a0cb37ad:192.168.5.135:39140] with ContainerStateMachine:uninitialized
2019-08-23 15:31:05,634 [pool-461-thread-1] INFO  server.RaftServerConfigKeys (ConfUtils.java:logGet(43)) - raft.server.rpc.timeout.min = 5s (custom)
2019-08-23 15:31:05,634 [pool-461-thread-1] INFO  server.RaftServerConfigKeys (ConfUtils.java:logGet(43)) - raft.server.rpc.timeout.max = 5200ms (custom)
2019-08-23 15:31:05,634 [pool-461-thread-1] INFO  server.RaftServerConfigKeys (ConfUtils.java:logGet(43)) - raft.server.rpcslowness.timeout = 120s (custom)
2019-08-23 15:31:05,634 [pool-450-thread-1] INFO  impl.RaftServerImpl (RaftServerImpl.java:<init>(93)) - 5fa1ed00-d108-4e10-9e2f-8b50df71b2da: new RaftServerImpl for group-4B7957B19BA7:[c05fed09-c95d-4327-a465-a8ae69fed776:192.168.5.135:34176, 5fa1ed00-d108-4e10-9e2f-8b50df71b2da:192.168.5.135:44508, 8cd08553-7170-462e-ba81-b2a7a0cb37ad:192.168.5.135:39140] with ContainerStateMachine:uninitialized
2019-08-23 15:31:05,635 [pool-461-thread-1] INFO  server.RaftServerConfigKeys (ConfUtils.java:logGet(43)) - raft.server.sleep.deviation.threshold = 300 (default)
2019-08-23 15:31:05,635 [pool-450-thread-1] INFO  server.RaftServerConfigKeys (ConfUtils.java:logGet(43)) - raft.server.rpc.timeout.min = 5s (custom)
2019-08-23 15:31:05,635 [pool-439-thread-1] INFO  impl.RaftServerImpl (RaftServerImpl.java:<init>(93)) - c05fed09-c95d-4327-a465-a8ae69fed776: new RaftServerImpl for group-4B7957B19BA7:[c05fed09-c95d-4327-a465-a8ae69fed776:192.168.5.135:34176, 5fa1ed00-d108-4e10-9e2f-8b50df71b2da:192.168.5.135:44508, 8cd08553-7170-462e-ba81-b2a7a0cb37ad:192.168.5.135:39140] with ContainerStateMachine:uninitialized
2019-08-23 15:31:05,635 [pool-461-thread-1] INFO  server.RaftServerConfigKeys (ConfUtils.java:logGet(43)) - raft.server.log.appender.install.snapshot.enabled = false (custom)
2019-08-23 15:31:05,635 [pool-439-thread-1] INFO  server.RaftServerConfigKeys (ConfUtils.java:logGet(43)) - raft.server.rpc.timeout.min = 5s (custom)
2019-08-23 15:31:05,635 [pool-450-thread-1] INFO  server.RaftServerConfigKeys (ConfUtils.java:logGet(43)) - raft.server.rpc.timeout.max = 5200ms (custom)
2019-08-23 15:31:05,635 [pool-439-thread-1] INFO  server.RaftServerConfigKeys (ConfUtils.java:logGet(43)) - raft.server.rpc.timeout.max = 5200ms (custom)
2019-08-23 15:31:05,635 [pool-461-thread-1] INFO  impl.RaftServerImpl (ServerState.java:<init>(105)) - 8cd08553-7170-462e-ba81-b2a7a0cb37ad:group-4B7957B19BA7 ConfigurationManager, init=-1: [c05fed09-c95d-4327-a465-a8ae69fed776:192.168.5.135:34176, 5fa1ed00-d108-4e10-9e2f-8b50df71b2da:192.168.5.135:44508, 8cd08553-7170-462e-ba81-b2a7a0cb37ad:192.168.5.135:39140], old=null, confs=<EMPTY_MAP>
2019-08-23 15:31:05,635 [pool-439-thread-1] INFO  server.RaftServerConfigKeys (ConfUtils.java:logGet(43)) - raft.server.rpcslowness.timeout = 120s (custom)
2019-08-23 15:31:05,635 [pool-450-thread-1] INFO  server.RaftServerConfigKeys (ConfUtils.java:logGet(43)) - raft.server.rpcslowness.timeout = 120s (custom)
2019-08-23 15:31:05,635 [pool-439-thread-1] INFO  server.RaftServerConfigKeys (ConfUtils.java:logGet(43)) - raft.server.sleep.deviation.threshold = 300 (default)
2019-08-23 15:31:05,635 [pool-461-thread-1] INFO  server.RaftServerConfigKeys (ConfUtils.java:logGet(43)) - raft.server.storage.dir = [/workdir/hadoop-ozone/integration-test/target/test-dir/MiniOzoneClusterImpl-59c2fb18-0200-4865-85bf-81b4b37c6949/datanode-2/data/ratis] (custom)
2019-08-23 15:31:05,636 [pool-439-thread-1] INFO  server.RaftServerConfigKeys (ConfUtils.java:logGet(43)) - raft.server.log.appender.install.snapshot.enabled = false (custom)
2019-08-23 15:31:05,635 [pool-450-thread-1] INFO  server.RaftServerConfigKeys (ConfUtils.java:logGet(43)) - raft.server.sleep.deviation.threshold = 300 (default)
2019-08-23 15:31:05,636 [pool-439-thread-1] INFO  impl.RaftServerImpl (ServerState.java:<init>(105)) - c05fed09-c95d-4327-a465-a8ae69fed776:group-4B7957B19BA7 ConfigurationManager, init=-1: [c05fed09-c95d-4327-a465-a8ae69fed776:192.168.5.135:34176, 5fa1ed00-d108-4e10-9e2f-8b50df71b2da:192.168.5.135:44508, 8cd08553-7170-462e-ba81-b2a7a0cb37ad:192.168.5.135:39140], old=null, confs=<EMPTY_MAP>
2019-08-23 15:31:05,636 [pool-461-thread-1] INFO  storage.RaftStorageDirectory (RaftStorageDirectory.java:analyzeStorage(246)) - The storage directory /workdir/hadoop-ozone/integration-test/target/test-dir/MiniOzoneClusterImpl-59c2fb18-0200-4865-85bf-81b4b37c6949/datanode-2/data/ratis/6e371ecf-2518-43a1-8e26-4b7957b19ba7 does not exist. Creating ...
2019-08-23 15:31:05,636 [pool-450-thread-1] INFO  server.RaftServerConfigKeys (ConfUtils.java:logGet(43)) - raft.server.log.appender.install.snapshot.enabled = false (custom)
2019-08-23 15:31:05,636 [pool-439-thread-1] INFO  server.RaftServerConfigKeys (ConfUtils.java:logGet(43)) - raft.server.storage.dir = [/workdir/hadoop-ozone/integration-test/target/test-dir/MiniOzoneClusterImpl-59c2fb18-0200-4865-85bf-81b4b37c6949/datanode-0/data/ratis] (custom)
2019-08-23 15:31:05,636 [pool-450-thread-1] INFO  impl.RaftServerImpl (ServerState.java:<init>(105)) - 5fa1ed00-d108-4e10-9e2f-8b50df71b2da:group-4B7957B19BA7 ConfigurationManager, init=-1: [c05fed09-c95d-4327-a465-a8ae69fed776:192.168.5.135:34176, 5fa1ed00-d108-4e10-9e2f-8b50df71b2da:192.168.5.135:44508, 8cd08553-7170-462e-ba81-b2a7a0cb37ad:192.168.5.135:39140], old=null, confs=<EMPTY_MAP>
2019-08-23 15:31:05,636 [pool-450-thread-1] INFO  server.RaftServerConfigKeys (ConfUtils.java:logGet(43)) - raft.server.storage.dir = [/workdir/hadoop-ozone/integration-test/target/test-dir/MiniOzoneClusterImpl-59c2fb18-0200-4865-85bf-81b4b37c6949/datanode-1/data/ratis] (custom)
2019-08-23 15:31:05,636 [pool-439-thread-1] INFO  storage.RaftStorageDirectory (RaftStorageDirectory.java:analyzeStorage(246)) - The storage directory /workdir/hadoop-ozone/integration-test/target/test-dir/MiniOzoneClusterImpl-59c2fb18-0200-4865-85bf-81b4b37c6949/datanode-0/data/ratis/6e371ecf-2518-43a1-8e26-4b7957b19ba7 does not exist. Creating ...
2019-08-23 15:31:05,637 [pool-450-thread-1] INFO  storage.RaftStorageDirectory (RaftStorageDirectory.java:analyzeStorage(246)) - The storage directory /workdir/hadoop-ozone/integration-test/target/test-dir/MiniOzoneClusterImpl-59c2fb18-0200-4865-85bf-81b4b37c6949/datanode-1/data/ratis/6e371ecf-2518-43a1-8e26-4b7957b19ba7 does not exist. Creating ...
2019-08-23 15:31:05,638 [IPC Server handler 3 on 37126] INFO  net.NetworkTopology (NetworkTopologyImpl.java:add(110)) - Added a new node: /default-rack/c8d45dbb-3bf0-41f1-917b-67c69771f96d
2019-08-23 15:31:05,638 [IPC Server handler 3 on 37126] INFO  node.SCMNodeManager (SCMNodeManager.java:register(273)) - Registered Data node : c8d45dbb-3bf0-41f1-917b-67c69771f96d{ip: 192.168.5.135, host: pr-hdds-738-hvzxd-2983279717, networkLocation: /default-rack, certSerialId: null}
2019-08-23 15:31:05,638 | INFO  | SCMAudit | user=jenkins1000 | ip=192.168.5.135 | op=REGISTER {datanodeDetails=c8d45dbb-3bf0-41f1-917b-67c69771f96d{ip: 192.168.5.135, host: pr-hdds-738-hvzxd-2983279717, networkLocation: /default-rack, certSerialId: null}} | ret=SUCCESS |  
2019-08-23 15:31:05,649 [pool-439-thread-1] INFO  storage.RaftStorageDirectory (RaftStorageDirectory.java:tryLock(328)) - Lock on /workdir/hadoop-ozone/integration-test/target/test-dir/MiniOzoneClusterImpl-59c2fb18-0200-4865-85bf-81b4b37c6949/datanode-0/data/ratis/6e371ecf-2518-43a1-8e26-4b7957b19ba7/in_use.lock acquired by nodename 27387@pr-hdds-738-hvzxd-2983279717
2019-08-23 15:31:05,649 [pool-461-thread-1] INFO  storage.RaftStorageDirectory (RaftStorageDirectory.java:tryLock(328)) - Lock on /workdir/hadoop-ozone/integration-test/target/test-dir/MiniOzoneClusterImpl-59c2fb18-0200-4865-85bf-81b4b37c6949/datanode-2/data/ratis/6e371ecf-2518-43a1-8e26-4b7957b19ba7/in_use.lock acquired by nodename 27387@pr-hdds-738-hvzxd-2983279717
2019-08-23 15:31:05,649 [pool-450-thread-1] INFO  storage.RaftStorageDirectory (RaftStorageDirectory.java:tryLock(328)) - Lock on /workdir/hadoop-ozone/integration-test/target/test-dir/MiniOzoneClusterImpl-59c2fb18-0200-4865-85bf-81b4b37c6949/datanode-1/data/ratis/6e371ecf-2518-43a1-8e26-4b7957b19ba7/in_use.lock acquired by nodename 27387@pr-hdds-738-hvzxd-2983279717
2019-08-23 15:31:05,663 [pool-450-thread-1] INFO  storage.RaftStorage (RaftStorage.java:format(72)) - Storage directory /workdir/hadoop-ozone/integration-test/target/test-dir/MiniOzoneClusterImpl-59c2fb18-0200-4865-85bf-81b4b37c6949/datanode-1/data/ratis/6e371ecf-2518-43a1-8e26-4b7957b19ba7 has been successfully formatted.
2019-08-23 15:31:05,663 [pool-461-thread-1] INFO  storage.RaftStorage (RaftStorage.java:format(72)) - Storage directory /workdir/hadoop-ozone/integration-test/target/test-dir/MiniOzoneClusterImpl-59c2fb18-0200-4865-85bf-81b4b37c6949/datanode-2/data/ratis/6e371ecf-2518-43a1-8e26-4b7957b19ba7 has been successfully formatted.
2019-08-23 15:31:05,663 [pool-439-thread-1] INFO  storage.RaftStorage (RaftStorage.java:format(72)) - Storage directory /workdir/hadoop-ozone/integration-test/target/test-dir/MiniOzoneClusterImpl-59c2fb18-0200-4865-85bf-81b4b37c6949/datanode-0/data/ratis/6e371ecf-2518-43a1-8e26-4b7957b19ba7 has been successfully formatted.
2019-08-23 15:31:05,663 [pool-450-thread-1] INFO  ratis.ContainerStateMachine (ContainerStateMachine.java:loadSnapshot(226)) - group-4B7957B19BA7: The snapshot info is null. Setting the last applied indexto:(t:0, i:~)
2019-08-23 15:31:05,663 [pool-439-thread-1] INFO  ratis.ContainerStateMachine (ContainerStateMachine.java:loadSnapshot(226)) - group-4B7957B19BA7: The snapshot info is null. Setting the last applied indexto:(t:0, i:~)
2019-08-23 15:31:05,663 [pool-461-thread-1] INFO  ratis.ContainerStateMachine (ContainerStateMachine.java:loadSnapshot(226)) - group-4B7957B19BA7: The snapshot info is null. Setting the last applied indexto:(t:0, i:~)
2019-08-23 15:31:05,663 [pool-439-thread-1] INFO  server.RaftServerConfigKeys (ConfUtils.java:logGet(43)) - raft.server.leader.election.timeout = 120s (custom)
2019-08-23 15:31:05,663 [pool-450-thread-1] INFO  server.RaftServerConfigKeys (ConfUtils.java:logGet(43)) - raft.server.leader.election.timeout = 120s (custom)
2019-08-23 15:31:05,663 [pool-439-thread-1] INFO  server.RaftServerConfigKeys (ConfUtils.java:logGet(43)) - raft.server.log.use.memory = false (default)
2019-08-23 15:31:05,663 [pool-461-thread-1] INFO  server.RaftServerConfigKeys (ConfUtils.java:logGet(43)) - raft.server.leader.election.timeout = 120s (custom)
2019-08-23 15:31:05,663 [pool-439-thread-1] INFO  server.RaftServerConfigKeys (ConfUtils.java:logGet(43)) - raft.server.log.purge.gap = 1000000 (custom)
2019-08-23 15:31:05,663 [pool-450-thread-1] INFO  server.RaftServerConfigKeys (ConfUtils.java:logGet(43)) - raft.server.log.use.memory = false (default)
2019-08-23 15:31:05,664 [pool-439-thread-1] INFO  server.RaftServerConfigKeys (ConfUtils.java:logGet(43)) - raft.server.log.appender.buffer.byte-limit = 33554432 (custom)
2019-08-23 15:31:05,664 [pool-461-thread-1] INFO  server.RaftServerConfigKeys (ConfUtils.java:logGet(43)) - raft.server.log.use.memory = false (default)
2019-08-23 15:31:05,664 [pool-439-thread-1] INFO  server.RaftServerConfigKeys (ConfUtils.java:logGet(43)) - raft.server.log.segment.size.max = 1048576 (custom)
2019-08-23 15:31:05,664 [pool-450-thread-1] INFO  server.RaftServerConfigKeys (ConfUtils.java:logGet(43)) - raft.server.log.purge.gap = 1000000 (custom)
2019-08-23 15:31:05,664 [pool-439-thread-1] INFO  server.RaftServerConfigKeys (ConfUtils.java:logGet(43)) - raft.server.log.segment.cache.num.max = 2 (custom)
2019-08-23 15:31:05,664 [pool-461-thread-1] INFO  server.RaftServerConfigKeys (ConfUtils.java:logGet(43)) - raft.server.log.purge.gap = 1000000 (custom)
2019-08-23 15:31:05,664 [pool-439-thread-1] INFO  segmented.SegmentedRaftLogWorker (SegmentedRaftLogWorker.java:<init>(172)) - new c05fed09-c95d-4327-a465-a8ae69fed776-SegmentedRaftLogWorker:Storage Directory /workdir/hadoop-ozone/integration-test/target/test-dir/MiniOzoneClusterImpl-59c2fb18-0200-4865-85bf-81b4b37c6949/datanode-0/data/ratis/6e371ecf-2518-43a1-8e26-4b7957b19ba7 for RaftStorage:Storage Directory /workdir/hadoop-ozone/integration-test/target/test-dir/MiniOzoneClusterImpl-59c2fb18-0200-4865-85bf-81b4b37c6949/datanode-0/data/ratis/6e371ecf-2518-43a1-8e26-4b7957b19ba7
2019-08-23 15:31:05,664 [pool-450-thread-1] INFO  server.RaftServerConfigKeys (ConfUtils.java:logGet(43)) - raft.server.log.appender.buffer.byte-limit = 33554432 (custom)
2019-08-23 15:31:05,664 [pool-439-thread-1] INFO  server.RaftServerConfigKeys (ConfUtils.java:logGet(43)) - raft.server.log.queue.byte-limit = 2147483647 (custom)
2019-08-23 15:31:05,664 [pool-461-thread-1] INFO  server.RaftServerConfigKeys (ConfUtils.java:logGet(43)) - raft.server.log.appender.buffer.byte-limit = 33554432 (custom)
2019-08-23 15:31:05,665 [pool-439-thread-1] INFO  server.RaftServerConfigKeys (ConfUtils.java:logGet(43)) - raft.server.log.queue.element-limit = 1024 (custom)
2019-08-23 15:31:05,664 [pool-450-thread-1] INFO  server.RaftServerConfigKeys (ConfUtils.java:logGet(43)) - raft.server.log.segment.size.max = 1048576 (custom)
2019-08-23 15:31:05,665 [pool-439-thread-1] INFO  server.RaftServerConfigKeys (ConfUtils.java:logGet(43)) - raft.server.log.segment.size.max = 1048576 (custom)
2019-08-23 15:31:05,665 [pool-461-thread-1] INFO  server.RaftServerConfigKeys (ConfUtils.java:logGet(43)) - raft.server.log.segment.size.max = 1048576 (custom)
2019-08-23 15:31:05,665 [pool-439-thread-1] INFO  server.RaftServerConfigKeys (ConfUtils.java:logGet(43)) - raft.server.log.preallocated.size = 16384 (custom)
2019-08-23 15:31:05,665 [pool-450-thread-1] INFO  server.RaftServerConfigKeys (ConfUtils.java:logGet(43)) - raft.server.log.segment.cache.num.max = 2 (custom)
2019-08-23 15:31:05,665 [pool-439-thread-1] INFO  server.RaftServerConfigKeys (ConfUtils.java:logGet(43)) - raft.server.log.write.buffer.size = 33554432 (custom)
2019-08-23 15:31:05,665 [pool-461-thread-1] INFO  server.RaftServerConfigKeys (ConfUtils.java:logGet(43)) - raft.server.log.segment.cache.num.max = 2 (custom)
2019-08-23 15:31:05,665 [pool-439-thread-1] INFO  server.RaftServerConfigKeys (ConfUtils.java:logGet(43)) - raft.server.log.force.sync.num = 128 (default)
2019-08-23 15:31:05,665 [pool-450-thread-1] INFO  segmented.SegmentedRaftLogWorker (SegmentedRaftLogWorker.java:<init>(172)) - new 5fa1ed00-d108-4e10-9e2f-8b50df71b2da-SegmentedRaftLogWorker:Storage Directory /workdir/hadoop-ozone/integration-test/target/test-dir/MiniOzoneClusterImpl-59c2fb18-0200-4865-85bf-81b4b37c6949/datanode-1/data/ratis/6e371ecf-2518-43a1-8e26-4b7957b19ba7 for RaftStorage:Storage Directory /workdir/hadoop-ozone/integration-test/target/test-dir/MiniOzoneClusterImpl-59c2fb18-0200-4865-85bf-81b4b37c6949/datanode-1/data/ratis/6e371ecf-2518-43a1-8e26-4b7957b19ba7
2019-08-23 15:31:05,665 [pool-439-thread-1] INFO  server.RaftServerConfigKeys (ConfUtils.java:logGet(43)) - raft.server.log.statemachine.data.sync = true (default)
2019-08-23 15:31:05,665 [pool-461-thread-1] INFO  segmented.SegmentedRaftLogWorker (SegmentedRaftLogWorker.java:<init>(172)) - new 8cd08553-7170-462e-ba81-b2a7a0cb37ad-SegmentedRaftLogWorker:Storage Directory /workdir/hadoop-ozone/integration-test/target/test-dir/MiniOzoneClusterImpl-59c2fb18-0200-4865-85bf-81b4b37c6949/datanode-2/data/ratis/6e371ecf-2518-43a1-8e26-4b7957b19ba7 for RaftStorage:Storage Directory /workdir/hadoop-ozone/integration-test/target/test-dir/MiniOzoneClusterImpl-59c2fb18-0200-4865-85bf-81b4b37c6949/datanode-2/data/ratis/6e371ecf-2518-43a1-8e26-4b7957b19ba7
2019-08-23 15:31:05,666 [pool-439-thread-1] INFO  server.RaftServerConfigKeys (ConfUtils.java:logGet(43)) - raft.server.log.statemachine.data.sync.timeout = 10s (default)
2019-08-23 15:31:05,666 [pool-450-thread-1] INFO  server.RaftServerConfigKeys (ConfUtils.java:logGet(43)) - raft.server.log.queue.byte-limit = 2147483647 (custom)
2019-08-23 15:31:05,666 [pool-439-thread-1] INFO  server.RaftServerConfigKeys (ConfUtils.java:logGet(43)) - raft.server.log.statemachine.data.sync.timeout.retry = -1 (default)
2019-08-23 15:31:05,666 [pool-461-thread-1] INFO  server.RaftServerConfigKeys (ConfUtils.java:logGet(43)) - raft.server.log.queue.byte-limit = 2147483647 (custom)
2019-08-23 15:31:05,666 [pool-439-thread-1] INFO  server.RaftServerConfigKeys (ConfUtils.java:logGet(43)) - raft.server.log.statemachine.data.caching.enabled = true (custom)
2019-08-23 15:31:05,666 [pool-450-thread-1] INFO  server.RaftServerConfigKeys (ConfUtils.java:logGet(43)) - raft.server.log.queue.element-limit = 1024 (custom)
2019-08-23 15:31:05,666 [pool-461-thread-1] INFO  server.RaftServerConfigKeys (ConfUtils.java:logGet(43)) - raft.server.log.queue.element-limit = 1024 (custom)
2019-08-23 15:31:05,666 [pool-439-thread-1] INFO  segmented.SegmentedRaftLogWorker (SegmentedRaftLogWorker.java:lambda$new$0(132)) - c05fed09-c95d-4327-a465-a8ae69fed776-SegmentedRaftLogWorker:Storage Directory /workdir/hadoop-ozone/integration-test/target/test-dir/MiniOzoneClusterImpl-59c2fb18-0200-4865-85bf-81b4b37c6949/datanode-0/data/ratis/6e371ecf-2518-43a1-8e26-4b7957b19ba7: flushIndex: setUnconditionally 0 -> -1
2019-08-23 15:31:05,666 [pool-450-thread-1] INFO  server.RaftServerConfigKeys (ConfUtils.java:logGet(43)) - raft.server.log.segment.size.max = 1048576 (custom)
2019-08-23 15:31:05,666 [pool-461-thread-1] INFO  server.RaftServerConfigKeys (ConfUtils.java:logGet(43)) - raft.server.log.segment.size.max = 1048576 (custom)
2019-08-23 15:31:05,667 [pool-439-thread-1] INFO  server.RaftServerConfigKeys (ConfUtils.java:logGet(43)) - raft.server.snapshot.auto.trigger.enabled = true (custom)
2019-08-23 15:31:05,667 [pool-450-thread-1] INFO  server.RaftServerConfigKeys (ConfUtils.java:logGet(43)) - raft.server.log.preallocated.size = 16384 (custom)
2019-08-23 15:31:05,667 [pool-439-thread-1] INFO  server.RaftServerConfigKeys (ConfUtils.java:logGet(43)) - raft.server.snapshot.auto.trigger.threshold = 10000 (custom)
2019-08-23 15:31:05,667 [pool-461-thread-1] INFO  server.RaftServerConfigKeys (ConfUtils.java:logGet(43)) - raft.server.log.preallocated.size = 16384 (custom)
2019-08-23 15:31:05,667 [pool-439-thread-1] INFO  server.RaftServerConfigKeys (ConfUtils.java:logGet(43)) - raft.server.retrycache.expirytime = 600000ms (custom)
2019-08-23 15:31:05,667 [pool-450-thread-1] INFO  server.RaftServerConfigKeys (ConfUtils.java:logGet(43)) - raft.server.log.write.buffer.size = 33554432 (custom)
2019-08-23 15:31:05,667 [pool-439-thread-1] INFO  impl.RaftServerImpl (RaftServerImpl.java:start(180)) - c05fed09-c95d-4327-a465-a8ae69fed776: start group-4B7957B19BA7
2019-08-23 15:31:05,667 [pool-461-thread-1] INFO  server.RaftServerConfigKeys (ConfUtils.java:logGet(43)) - raft.server.log.write.buffer.size = 33554432 (custom)
2019-08-23 15:31:05,667 [pool-439-thread-1] INFO  impl.RaftServerImpl (RaftServerImpl.java:setRole(171)) - c05fed09-c95d-4327-a465-a8ae69fed776:group-4B7957B19BA7 changes role from null to FOLLOWER at term 0 for startAsFollower
2019-08-23 15:31:05,667 [pool-450-thread-1] INFO  server.RaftServerConfigKeys (ConfUtils.java:logGet(43)) - raft.server.log.force.sync.num = 128 (default)
2019-08-23 15:31:05,667 [pool-439-thread-1] INFO  impl.RoleInfo (RoleInfo.java:updateAndGet(143)) - c05fed09-c95d-4327-a465-a8ae69fed776: start FollowerState
2019-08-23 15:31:05,667 [pool-461-thread-1] INFO  server.RaftServerConfigKeys (ConfUtils.java:logGet(43)) - raft.server.log.force.sync.num = 128 (default)
2019-08-23 15:31:05,667 [pool-450-thread-1] INFO  server.RaftServerConfigKeys (ConfUtils.java:logGet(43)) - raft.server.log.statemachine.data.sync = true (default)
2019-08-23 15:31:05,668 [pool-461-thread-1] INFO  server.RaftServerConfigKeys (ConfUtils.java:logGet(43)) - raft.server.log.statemachine.data.sync = true (default)
2019-08-23 15:31:05,674 [pool-439-thread-1] INFO  util.JmxRegister (JmxRegister.java:tryRegister(44)) - Successfully registered JMX Bean with object name Ratis:service=RaftServer,group=group-4B7957B19BA7,id=c05fed09-c95d-4327-a465-a8ae69fed776
2019-08-23 15:31:05,668 [pool-450-thread-1] INFO  server.RaftServerConfigKeys (ConfUtils.java:logGet(43)) - raft.server.log.statemachine.data.sync.timeout = 10s (default)
2019-08-23 15:31:05,674 [pool-461-thread-1] INFO  server.RaftServerConfigKeys (ConfUtils.java:logGet(43)) - raft.server.log.statemachine.data.sync.timeout = 10s (default)
2019-08-23 15:31:05,674 [pool-450-thread-1] INFO  server.RaftServerConfigKeys (ConfUtils.java:logGet(43)) - raft.server.log.statemachine.data.sync.timeout.retry = -1 (default)
2019-08-23 15:31:05,674 [pool-461-thread-1] INFO  server.RaftServerConfigKeys (ConfUtils.java:logGet(43)) - raft.server.log.statemachine.data.sync.timeout.retry = -1 (default)
2019-08-23 15:31:05,679 [pool-450-thread-1] INFO  server.RaftServerConfigKeys (ConfUtils.java:logGet(43)) - raft.server.log.statemachine.data.caching.enabled = true (custom)
2019-08-23 15:31:05,679 [pool-461-thread-1] INFO  server.RaftServerConfigKeys (ConfUtils.java:logGet(43)) - raft.server.log.statemachine.data.caching.enabled = true (custom)
2019-08-23 15:31:05,680 [pool-450-thread-1] INFO  segmented.SegmentedRaftLogWorker (SegmentedRaftLogWorker.java:lambda$new$0(132)) - 5fa1ed00-d108-4e10-9e2f-8b50df71b2da-SegmentedRaftLogWorker:Storage Directory /workdir/hadoop-ozone/integration-test/target/test-dir/MiniOzoneClusterImpl-59c2fb18-0200-4865-85bf-81b4b37c6949/datanode-1/data/ratis/6e371ecf-2518-43a1-8e26-4b7957b19ba7: flushIndex: setUnconditionally 0 -> -1
2019-08-23 15:31:05,680 [pool-461-thread-1] INFO  segmented.SegmentedRaftLogWorker (SegmentedRaftLogWorker.java:lambda$new$0(132)) - 8cd08553-7170-462e-ba81-b2a7a0cb37ad-SegmentedRaftLogWorker:Storage Directory /workdir/hadoop-ozone/integration-test/target/test-dir/MiniOzoneClusterImpl-59c2fb18-0200-4865-85bf-81b4b37c6949/datanode-2/data/ratis/6e371ecf-2518-43a1-8e26-4b7957b19ba7: flushIndex: setUnconditionally 0 -> -1
2019-08-23 15:31:05,680 [pool-450-thread-1] INFO  server.RaftServerConfigKeys (ConfUtils.java:logGet(43)) - raft.server.snapshot.auto.trigger.enabled = true (custom)
2019-08-23 15:31:05,680 [pool-461-thread-1] INFO  server.RaftServerConfigKeys (ConfUtils.java:logGet(43)) - raft.server.snapshot.auto.trigger.enabled = true (custom)
2019-08-23 15:31:05,680 [pool-450-thread-1] INFO  server.RaftServerConfigKeys (ConfUtils.java:logGet(43)) - raft.server.snapshot.auto.trigger.threshold = 10000 (custom)
2019-08-23 15:31:05,680 [pool-461-thread-1] INFO  server.RaftServerConfigKeys (ConfUtils.java:logGet(43)) - raft.server.snapshot.auto.trigger.threshold = 10000 (custom)
2019-08-23 15:31:05,680 [pool-450-thread-1] INFO  server.RaftServerConfigKeys (ConfUtils.java:logGet(43)) - raft.server.retrycache.expirytime = 600000ms (custom)
2019-08-23 15:31:05,680 [pool-461-thread-1] INFO  server.RaftServerConfigKeys (ConfUtils.java:logGet(43)) - raft.server.retrycache.expirytime = 600000ms (custom)
2019-08-23 15:31:05,680 [pool-450-thread-1] INFO  impl.RaftServerImpl (RaftServerImpl.java:start(180)) - 5fa1ed00-d108-4e10-9e2f-8b50df71b2da: start group-4B7957B19BA7
2019-08-23 15:31:05,681 [pool-461-thread-1] INFO  impl.RaftServerImpl (RaftServerImpl.java:start(180)) - 8cd08553-7170-462e-ba81-b2a7a0cb37ad: start group-4B7957B19BA7
2019-08-23 15:31:05,681 [pool-450-thread-1] INFO  impl.RaftServerImpl (RaftServerImpl.java:setRole(171)) - 5fa1ed00-d108-4e10-9e2f-8b50df71b2da:group-4B7957B19BA7 changes role from null to FOLLOWER at term 0 for startAsFollower
2019-08-23 15:31:05,681 [pool-461-thread-1] INFO  impl.RaftServerImpl (RaftServerImpl.java:setRole(171)) - 8cd08553-7170-462e-ba81-b2a7a0cb37ad:group-4B7957B19BA7 changes role from null to FOLLOWER at term 0 for startAsFollower
2019-08-23 15:31:05,681 [pool-450-thread-1] INFO  impl.RoleInfo (RoleInfo.java:updateAndGet(143)) - 5fa1ed00-d108-4e10-9e2f-8b50df71b2da: start FollowerState
2019-08-23 15:31:05,681 [pool-461-thread-1] INFO  impl.RoleInfo (RoleInfo.java:updateAndGet(143)) - 8cd08553-7170-462e-ba81-b2a7a0cb37ad: start FollowerState
2019-08-23 15:31:05,681 [pool-450-thread-1] INFO  util.JmxRegister (JmxRegister.java:tryRegister(44)) - Successfully registered JMX Bean with object name Ratis:service=RaftServer,group=group-4B7957B19BA7,id=5fa1ed00-d108-4e10-9e2f-8b50df71b2da
2019-08-23 15:31:05,681 [pool-461-thread-1] INFO  util.JmxRegister (JmxRegister.java:tryRegister(44)) - Successfully registered JMX Bean with object name Ratis:service=RaftServer,group=group-4B7957B19BA7,id=8cd08553-7170-462e-ba81-b2a7a0cb37ad
2019-08-23 15:31:05,683 [RatisPipelineUtilsThread] INFO  pipeline.PipelineStateManager (PipelineStateManager.java:addPipeline(56)) - Created pipeline Pipeline[ Id: 6e371ecf-2518-43a1-8e26-4b7957b19ba7, Nodes: 5fa1ed00-d108-4e10-9e2f-8b50df71b2da{ip: 192.168.5.135, host: pr-hdds-738-hvzxd-2983279717, networkLocation: /default-rack, certSerialId: null}8cd08553-7170-462e-ba81-b2a7a0cb37ad{ip: 192.168.5.135, host: pr-hdds-738-hvzxd-2983279717, networkLocation: /default-rack, certSerialId: null}c05fed09-c95d-4327-a465-a8ae69fed776{ip: 192.168.5.135, host: pr-hdds-738-hvzxd-2983279717, networkLocation: /default-rack, certSerialId: null}, Type:RATIS, Factor:THREE, State:OPEN]
2019-08-23 15:31:05,696 [IPC Server handler 4 on 37126] INFO  net.NetworkTopology (NetworkTopologyImpl.java:add(110)) - Added a new node: /default-rack/45749ed4-9cb8-4dd3-a17e-80709f44a4cf
2019-08-23 15:31:05,696 [IPC Server handler 4 on 37126] INFO  node.SCMNodeManager (SCMNodeManager.java:register(273)) - Registered Data node : 45749ed4-9cb8-4dd3-a17e-80709f44a4cf{ip: 192.168.5.135, host: pr-hdds-738-hvzxd-2983279717, networkLocation: /default-rack, certSerialId: null}
2019-08-23 15:31:05,698 | INFO  | SCMAudit | user=jenkins1000 | ip=192.168.5.135 | op=REGISTER {datanodeDetails=45749ed4-9cb8-4dd3-a17e-80709f44a4cf{ip: 192.168.5.135, host: pr-hdds-738-hvzxd-2983279717, networkLocation: /default-rack, certSerialId: null}} | ret=SUCCESS |  
2019-08-23 15:31:05,704 [grpc-default-executor-14] INFO  impl.RaftServerProxy (RaftServerProxy.java:addNew(89)) - 45749ed4-9cb8-4dd3-a17e-80709f44a4cf: addNew group-3248A7BDD85C:[45749ed4-9cb8-4dd3-a17e-80709f44a4cf:192.168.5.135:35328] returns group-3248A7BDD85C:java.util.concurrent.CompletableFuture@3d2223ab[Not completed]
2019-08-23 15:31:05,705 [pool-483-thread-1] INFO  impl.RaftServerImpl (RaftServerImpl.java:<init>(93)) - 45749ed4-9cb8-4dd3-a17e-80709f44a4cf: new RaftServerImpl for group-3248A7BDD85C:[45749ed4-9cb8-4dd3-a17e-80709f44a4cf:192.168.5.135:35328] with ContainerStateMachine:uninitialized
2019-08-23 15:31:05,705 [pool-483-thread-1] INFO  server.RaftServerConfigKeys (ConfUtils.java:logGet(43)) - raft.server.rpc.timeout.min = 5s (custom)
2019-08-23 15:31:05,705 [pool-483-thread-1] INFO  server.RaftServerConfigKeys (ConfUtils.java:logGet(43)) - raft.server.rpc.timeout.max = 5200ms (custom)
2019-08-23 15:31:05,705 [pool-483-thread-1] INFO  server.RaftServerConfigKeys (ConfUtils.java:logGet(43)) - raft.server.rpcslowness.timeout = 120s (custom)
2019-08-23 15:31:05,705 [pool-483-thread-1] INFO  server.RaftServerConfigKeys (ConfUtils.java:logGet(43)) - raft.server.sleep.deviation.threshold = 300 (default)
2019-08-23 15:31:05,705 [pool-483-thread-1] INFO  server.RaftServerConfigKeys (ConfUtils.java:logGet(43)) - raft.server.log.appender.install.snapshot.enabled = false (custom)
2019-08-23 15:31:05,705 [pool-483-thread-1] INFO  impl.RaftServerImpl (ServerState.java:<init>(105)) - 45749ed4-9cb8-4dd3-a17e-80709f44a4cf:group-3248A7BDD85C ConfigurationManager, init=-1: [45749ed4-9cb8-4dd3-a17e-80709f44a4cf:192.168.5.135:35328], old=null, confs=<EMPTY_MAP>
2019-08-23 15:31:05,705 [pool-483-thread-1] INFO  server.RaftServerConfigKeys (ConfUtils.java:logGet(43)) - raft.server.storage.dir = [/workdir/hadoop-ozone/integration-test/target/test-dir/MiniOzoneClusterImpl-59c2fb18-0200-4865-85bf-81b4b37c6949/datanode-4/data/ratis] (custom)
2019-08-23 15:31:05,706 [pool-483-thread-1] INFO  storage.RaftStorageDirectory (RaftStorageDirectory.java:analyzeStorage(246)) - The storage directory /workdir/hadoop-ozone/integration-test/target/test-dir/MiniOzoneClusterImpl-59c2fb18-0200-4865-85bf-81b4b37c6949/datanode-4/data/ratis/d4cff562-1fd6-4ae2-a170-3248a7bdd85c does not exist. Creating ...
2019-08-23 15:31:05,718 [pool-483-thread-1] INFO  storage.RaftStorageDirectory (RaftStorageDirectory.java:tryLock(328)) - Lock on /workdir/hadoop-ozone/integration-test/target/test-dir/MiniOzoneClusterImpl-59c2fb18-0200-4865-85bf-81b4b37c6949/datanode-4/data/ratis/d4cff562-1fd6-4ae2-a170-3248a7bdd85c/in_use.lock acquired by nodename 27387@pr-hdds-738-hvzxd-2983279717
2019-08-23 15:31:05,731 [pool-483-thread-1] INFO  storage.RaftStorage (RaftStorage.java:format(72)) - Storage directory /workdir/hadoop-ozone/integration-test/target/test-dir/MiniOzoneClusterImpl-59c2fb18-0200-4865-85bf-81b4b37c6949/datanode-4/data/ratis/d4cff562-1fd6-4ae2-a170-3248a7bdd85c has been successfully formatted.
2019-08-23 15:31:05,731 [pool-483-thread-1] INFO  ratis.ContainerStateMachine (ContainerStateMachine.java:loadSnapshot(226)) - group-3248A7BDD85C: The snapshot info is null. Setting the last applied indexto:(t:0, i:~)
2019-08-23 15:31:05,732 [pool-483-thread-1] INFO  server.RaftServerConfigKeys (ConfUtils.java:logGet(43)) - raft.server.leader.election.timeout = 120s (custom)
2019-08-23 15:31:05,732 [pool-483-thread-1] INFO  server.RaftServerConfigKeys (ConfUtils.java:logGet(43)) - raft.server.log.use.memory = false (default)
2019-08-23 15:31:05,732 [pool-483-thread-1] INFO  server.RaftServerConfigKeys (ConfUtils.java:logGet(43)) - raft.server.log.purge.gap = 1000000 (custom)
2019-08-23 15:31:05,732 [pool-483-thread-1] INFO  server.RaftServerConfigKeys (ConfUtils.java:logGet(43)) - raft.server.log.appender.buffer.byte-limit = 33554432 (custom)
2019-08-23 15:31:05,732 [pool-483-thread-1] INFO  server.RaftServerConfigKeys (ConfUtils.java:logGet(43)) - raft.server.log.segment.size.max = 1048576 (custom)
2019-08-23 15:31:05,732 [pool-483-thread-1] INFO  server.RaftServerConfigKeys (ConfUtils.java:logGet(43)) - raft.server.log.segment.cache.num.max = 2 (custom)
2019-08-23 15:31:05,732 [pool-483-thread-1] INFO  segmented.SegmentedRaftLogWorker (SegmentedRaftLogWorker.java:<init>(172)) - new 45749ed4-9cb8-4dd3-a17e-80709f44a4cf-SegmentedRaftLogWorker:Storage Directory /workdir/hadoop-ozone/integration-test/target/test-dir/MiniOzoneClusterImpl-59c2fb18-0200-4865-85bf-81b4b37c6949/datanode-4/data/ratis/d4cff562-1fd6-4ae2-a170-3248a7bdd85c for RaftStorage:Storage Directory /workdir/hadoop-ozone/integration-test/target/test-dir/MiniOzoneClusterImpl-59c2fb18-0200-4865-85bf-81b4b37c6949/datanode-4/data/ratis/d4cff562-1fd6-4ae2-a170-3248a7bdd85c
2019-08-23 15:31:05,732 [pool-483-thread-1] INFO  server.RaftServerConfigKeys (ConfUtils.java:logGet(43)) - raft.server.log.queue.byte-limit = 2147483647 (custom)
2019-08-23 15:31:05,732 [pool-483-thread-1] INFO  server.RaftServerConfigKeys (ConfUtils.java:logGet(43)) - raft.server.log.queue.element-limit = 1024 (custom)
2019-08-23 15:31:05,733 [pool-483-thread-1] INFO  server.RaftServerConfigKeys (ConfUtils.java:logGet(43)) - raft.server.log.segment.size.max = 1048576 (custom)
2019-08-23 15:31:05,733 [pool-483-thread-1] INFO  server.RaftServerConfigKeys (ConfUtils.java:logGet(43)) - raft.server.log.preallocated.size = 16384 (custom)
2019-08-23 15:31:05,733 [pool-483-thread-1] INFO  server.RaftServerConfigKeys (ConfUtils.java:logGet(43)) - raft.server.log.write.buffer.size = 33554432 (custom)
2019-08-23 15:31:05,733 [pool-483-thread-1] INFO  server.RaftServerConfigKeys (ConfUtils.java:logGet(43)) - raft.server.log.force.sync.num = 128 (default)
2019-08-23 15:31:05,733 [pool-483-thread-1] INFO  server.RaftServerConfigKeys (ConfUtils.java:logGet(43)) - raft.server.log.statemachine.data.sync = true (default)
2019-08-23 15:31:05,733 [pool-483-thread-1] INFO  server.RaftServerConfigKeys (ConfUtils.java:logGet(43)) - raft.server.log.statemachine.data.sync.timeout = 10s (default)
2019-08-23 15:31:05,733 [pool-483-thread-1] INFO  server.RaftServerConfigKeys (ConfUtils.java:logGet(43)) - raft.server.log.statemachine.data.sync.timeout.retry = -1 (default)
2019-08-23 15:31:05,733 [pool-483-thread-1] INFO  server.RaftServerConfigKeys (ConfUtils.java:logGet(43)) - raft.server.log.statemachine.data.caching.enabled = true (custom)
2019-08-23 15:31:05,734 [pool-483-thread-1] INFO  segmented.SegmentedRaftLogWorker (SegmentedRaftLogWorker.java:lambda$new$0(132)) - 45749ed4-9cb8-4dd3-a17e-80709f44a4cf-SegmentedRaftLogWorker:Storage Directory /workdir/hadoop-ozone/integration-test/target/test-dir/MiniOzoneClusterImpl-59c2fb18-0200-4865-85bf-81b4b37c6949/datanode-4/data/ratis/d4cff562-1fd6-4ae2-a170-3248a7bdd85c: flushIndex: setUnconditionally 0 -> -1
2019-08-23 15:31:05,734 [pool-483-thread-1] INFO  server.RaftServerConfigKeys (ConfUtils.java:logGet(43)) - raft.server.snapshot.auto.trigger.enabled = true (custom)
2019-08-23 15:31:05,734 [pool-483-thread-1] INFO  server.RaftServerConfigKeys (ConfUtils.java:logGet(43)) - raft.server.snapshot.auto.trigger.threshold = 10000 (custom)
2019-08-23 15:31:05,734 [pool-483-thread-1] INFO  server.RaftServerConfigKeys (ConfUtils.java:logGet(43)) - raft.server.retrycache.expirytime = 600000ms (custom)
2019-08-23 15:31:05,734 [pool-483-thread-1] INFO  impl.RaftServerImpl (RaftServerImpl.java:start(180)) - 45749ed4-9cb8-4dd3-a17e-80709f44a4cf: start group-3248A7BDD85C
2019-08-23 15:31:05,734 [pool-483-thread-1] INFO  impl.RaftServerImpl (RaftServerImpl.java:setRole(171)) - 45749ed4-9cb8-4dd3-a17e-80709f44a4cf:group-3248A7BDD85C changes role from null to FOLLOWER at term 0 for startAsFollower
2019-08-23 15:31:05,734 [pool-483-thread-1] INFO  impl.RoleInfo (RoleInfo.java:updateAndGet(143)) - 45749ed4-9cb8-4dd3-a17e-80709f44a4cf: start FollowerState
2019-08-23 15:31:05,735 [pool-483-thread-1] INFO  util.JmxRegister (JmxRegister.java:tryRegister(44)) - Successfully registered JMX Bean with object name Ratis:service=RaftServer,group=group-3248A7BDD85C,id=45749ed4-9cb8-4dd3-a17e-80709f44a4cf
2019-08-23 15:31:05,736 [RatisPipelineUtilsThread] INFO  pipeline.PipelineStateManager (PipelineStateManager.java:addPipeline(56)) - Created pipeline Pipeline[ Id: d4cff562-1fd6-4ae2-a170-3248a7bdd85c, Nodes: 45749ed4-9cb8-4dd3-a17e-80709f44a4cf{ip: 192.168.5.135, host: pr-hdds-738-hvzxd-2983279717, networkLocation: /default-rack, certSerialId: null}, Type:RATIS, Factor:ONE, State:OPEN]
2019-08-23 15:31:05,742 [grpc-default-executor-14] INFO  impl.RaftServerProxy (RaftServerProxy.java:addNew(89)) - c8d45dbb-3bf0-41f1-917b-67c69771f96d: addNew group-EBEDE214EDAF:[c8d45dbb-3bf0-41f1-917b-67c69771f96d:192.168.5.135:33969] returns group-EBEDE214EDAF:java.util.concurrent.CompletableFuture@157f2c4f[Not completed]
2019-08-23 15:31:05,743 [pool-472-thread-1] INFO  impl.RaftServerImpl (RaftServerImpl.java:<init>(93)) - c8d45dbb-3bf0-41f1-917b-67c69771f96d: new RaftServerImpl for group-EBEDE214EDAF:[c8d45dbb-3bf0-41f1-917b-67c69771f96d:192.168.5.135:33969] with ContainerStateMachine:uninitialized
2019-08-23 15:31:05,743 [pool-472-thread-1] INFO  server.RaftServerConfigKeys (ConfUtils.java:logGet(43)) - raft.server.rpc.timeout.min = 5s (custom)
2019-08-23 15:31:05,743 [pool-472-thread-1] INFO  server.RaftServerConfigKeys (ConfUtils.java:logGet(43)) - raft.server.rpc.timeout.max = 5200ms (custom)
2019-08-23 15:31:05,743 [pool-472-thread-1] INFO  server.RaftServerConfigKeys (ConfUtils.java:logGet(43)) - raft.server.rpcslowness.timeout = 120s (custom)
2019-08-23 15:31:05,743 [pool-472-thread-1] INFO  server.RaftServerConfigKeys (ConfUtils.java:logGet(43)) - raft.server.sleep.deviation.threshold = 300 (default)
2019-08-23 15:31:05,743 [pool-472-thread-1] INFO  server.RaftServerConfigKeys (ConfUtils.java:logGet(43)) - raft.server.log.appender.install.snapshot.enabled = false (custom)
2019-08-23 15:31:05,744 [pool-472-thread-1] INFO  impl.RaftServerImpl (ServerState.java:<init>(105)) - c8d45dbb-3bf0-41f1-917b-67c69771f96d:group-EBEDE214EDAF ConfigurationManager, init=-1: [c8d45dbb-3bf0-41f1-917b-67c69771f96d:192.168.5.135:33969], old=null, confs=<EMPTY_MAP>
2019-08-23 15:31:05,744 [pool-472-thread-1] INFO  server.RaftServerConfigKeys (ConfUtils.java:logGet(43)) - raft.server.storage.dir = [/workdir/hadoop-ozone/integration-test/target/test-dir/MiniOzoneClusterImpl-59c2fb18-0200-4865-85bf-81b4b37c6949/datanode-3/data/ratis] (custom)
2019-08-23 15:31:05,744 [pool-472-thread-1] INFO  storage.RaftStorageDirectory (RaftStorageDirectory.java:analyzeStorage(246)) - The storage directory /workdir/hadoop-ozone/integration-test/target/test-dir/MiniOzoneClusterImpl-59c2fb18-0200-4865-85bf-81b4b37c6949/datanode-3/data/ratis/ca523b09-c1e2-435f-afe8-ebede214edaf does not exist. Creating ...
2019-08-23 15:31:05,748 [pool-472-thread-1] INFO  storage.RaftStorageDirectory (RaftStorageDirectory.java:tryLock(328)) - Lock on /workdir/hadoop-ozone/integration-test/target/test-dir/MiniOzoneClusterImpl-59c2fb18-0200-4865-85bf-81b4b37c6949/datanode-3/data/ratis/ca523b09-c1e2-435f-afe8-ebede214edaf/in_use.lock acquired by nodename 27387@pr-hdds-738-hvzxd-2983279717
2019-08-23 15:31:05,752 [pool-472-thread-1] INFO  storage.RaftStorage (RaftStorage.java:format(72)) - Storage directory /workdir/hadoop-ozone/integration-test/target/test-dir/MiniOzoneClusterImpl-59c2fb18-0200-4865-85bf-81b4b37c6949/datanode-3/data/ratis/ca523b09-c1e2-435f-afe8-ebede214edaf has been successfully formatted.
2019-08-23 15:31:05,752 [pool-472-thread-1] INFO  ratis.ContainerStateMachine (ContainerStateMachine.java:loadSnapshot(226)) - group-EBEDE214EDAF: The snapshot info is null. Setting the last applied indexto:(t:0, i:~)
2019-08-23 15:31:05,752 [pool-472-thread-1] INFO  server.RaftServerConfigKeys (ConfUtils.java:logGet(43)) - raft.server.leader.election.timeout = 120s (custom)
2019-08-23 15:31:05,752 [pool-472-thread-1] INFO  server.RaftServerConfigKeys (ConfUtils.java:logGet(43)) - raft.server.log.use.memory = false (default)
2019-08-23 15:31:05,752 [pool-472-thread-1] INFO  server.RaftServerConfigKeys (ConfUtils.java:logGet(43)) - raft.server.log.purge.gap = 1000000 (custom)
2019-08-23 15:31:05,753 [pool-472-thread-1] INFO  server.RaftServerConfigKeys (ConfUtils.java:logGet(43)) - raft.server.log.appender.buffer.byte-limit = 33554432 (custom)
2019-08-23 15:31:05,753 [pool-472-thread-1] INFO  server.RaftServerConfigKeys (ConfUtils.java:logGet(43)) - raft.server.log.segment.size.max = 1048576 (custom)
2019-08-23 15:31:05,753 [pool-472-thread-1] INFO  server.RaftServerConfigKeys (ConfUtils.java:logGet(43)) - raft.server.log.segment.cache.num.max = 2 (custom)
2019-08-23 15:31:05,753 [pool-472-thread-1] INFO  segmented.SegmentedRaftLogWorker (SegmentedRaftLogWorker.java:<init>(172)) - new c8d45dbb-3bf0-41f1-917b-67c69771f96d-SegmentedRaftLogWorker:Storage Directory /workdir/hadoop-ozone/integration-test/target/test-dir/MiniOzoneClusterImpl-59c2fb18-0200-4865-85bf-81b4b37c6949/datanode-3/data/ratis/ca523b09-c1e2-435f-afe8-ebede214edaf for RaftStorage:Storage Directory /workdir/hadoop-ozone/integration-test/target/test-dir/MiniOzoneClusterImpl-59c2fb18-0200-4865-85bf-81b4b37c6949/datanode-3/data/ratis/ca523b09-c1e2-435f-afe8-ebede214edaf
2019-08-23 15:31:05,753 [pool-472-thread-1] INFO  server.RaftServerConfigKeys (ConfUtils.java:logGet(43)) - raft.server.log.queue.byte-limit = 2147483647 (custom)
2019-08-23 15:31:05,753 [pool-472-thread-1] INFO  server.RaftServerConfigKeys (ConfUtils.java:logGet(43)) - raft.server.log.queue.element-limit = 1024 (custom)
2019-08-23 15:31:05,754 [pool-472-thread-1] INFO  server.RaftServerConfigKeys (ConfUtils.java:logGet(43)) - raft.server.log.segment.size.max = 1048576 (custom)
2019-08-23 15:31:05,754 [pool-472-thread-1] INFO  server.RaftServerConfigKeys (ConfUtils.java:logGet(43)) - raft.server.log.preallocated.size = 16384 (custom)
2019-08-23 15:31:05,754 [pool-472-thread-1] INFO  server.RaftServerConfigKeys (ConfUtils.java:logGet(43)) - raft.server.log.write.buffer.size = 33554432 (custom)
2019-08-23 15:31:05,754 [pool-472-thread-1] INFO  server.RaftServerConfigKeys (ConfUtils.java:logGet(43)) - raft.server.log.force.sync.num = 128 (default)
2019-08-23 15:31:05,754 [pool-472-thread-1] INFO  server.RaftServerConfigKeys (ConfUtils.java:logGet(43)) - raft.server.log.statemachine.data.sync = true (default)
2019-08-23 15:31:05,754 [pool-472-thread-1] INFO  server.RaftServerConfigKeys (ConfUtils.java:logGet(43)) - raft.server.log.statemachine.data.sync.timeout = 10s (default)
2019-08-23 15:31:05,754 [pool-472-thread-1] INFO  server.RaftServerConfigKeys (ConfUtils.java:logGet(43)) - raft.server.log.statemachine.data.sync.timeout.retry = -1 (default)
2019-08-23 15:31:05,755 [pool-472-thread-1] INFO  server.RaftServerConfigKeys (ConfUtils.java:logGet(43)) - raft.server.log.statemachine.data.caching.enabled = true (custom)
2019-08-23 15:31:05,755 [pool-472-thread-1] INFO  segmented.SegmentedRaftLogWorker (SegmentedRaftLogWorker.java:lambda$new$0(132)) - c8d45dbb-3bf0-41f1-917b-67c69771f96d-SegmentedRaftLogWorker:Storage Directory /workdir/hadoop-ozone/integration-test/target/test-dir/MiniOzoneClusterImpl-59c2fb18-0200-4865-85bf-81b4b37c6949/datanode-3/data/ratis/ca523b09-c1e2-435f-afe8-ebede214edaf: flushIndex: setUnconditionally 0 -> -1
2019-08-23 15:31:05,755 [pool-472-thread-1] INFO  server.RaftServerConfigKeys (ConfUtils.java:logGet(43)) - raft.server.snapshot.auto.trigger.enabled = true (custom)
2019-08-23 15:31:05,755 [pool-472-thread-1] INFO  server.RaftServerConfigKeys (ConfUtils.java:logGet(43)) - raft.server.snapshot.auto.trigger.threshold = 10000 (custom)
2019-08-23 15:31:05,755 [pool-472-thread-1] INFO  server.RaftServerConfigKeys (ConfUtils.java:logGet(43)) - raft.server.retrycache.expirytime = 600000ms (custom)
2019-08-23 15:31:05,756 [pool-472-thread-1] INFO  impl.RaftServerImpl (RaftServerImpl.java:start(180)) - c8d45dbb-3bf0-41f1-917b-67c69771f96d: start group-EBEDE214EDAF
2019-08-23 15:31:05,756 [pool-472-thread-1] INFO  impl.RaftServerImpl (RaftServerImpl.java:setRole(171)) - c8d45dbb-3bf0-41f1-917b-67c69771f96d:group-EBEDE214EDAF changes role from null to FOLLOWER at term 0 for startAsFollower
2019-08-23 15:31:05,756 [pool-472-thread-1] INFO  impl.RoleInfo (RoleInfo.java:updateAndGet(143)) - c8d45dbb-3bf0-41f1-917b-67c69771f96d: start FollowerState
2019-08-23 15:31:05,756 [pool-472-thread-1] INFO  util.JmxRegister (JmxRegister.java:tryRegister(44)) - Successfully registered JMX Bean with object name Ratis:service=RaftServer,group=group-EBEDE214EDAF,id=c8d45dbb-3bf0-41f1-917b-67c69771f96d
2019-08-23 15:31:05,757 [IPC Server handler 5 on 37126] INFO  net.NetworkTopology (NetworkTopologyImpl.java:add(110)) - Added a new node: /default-rack/f9be0488-4b83-4ab0-b8b8-dac1c31a58bc
2019-08-23 15:31:05,757 [IPC Server handler 5 on 37126] INFO  node.SCMNodeManager (SCMNodeManager.java:register(273)) - Registered Data node : f9be0488-4b83-4ab0-b8b8-dac1c31a58bc{ip: 192.168.5.135, host: pr-hdds-738-hvzxd-2983279717, networkLocation: /default-rack, certSerialId: null}
2019-08-23 15:31:05,757 | INFO  | SCMAudit | user=jenkins1000 | ip=192.168.5.135 | op=REGISTER {datanodeDetails=f9be0488-4b83-4ab0-b8b8-dac1c31a58bc{ip: 192.168.5.135, host: pr-hdds-738-hvzxd-2983279717, networkLocation: /default-rack, certSerialId: null}} | ret=SUCCESS |  
2019-08-23 15:31:05,758 [RatisPipelineUtilsThread] INFO  pipeline.PipelineStateManager (PipelineStateManager.java:addPipeline(56)) - Created pipeline Pipeline[ Id: ca523b09-c1e2-435f-afe8-ebede214edaf, Nodes: c8d45dbb-3bf0-41f1-917b-67c69771f96d{ip: 192.168.5.135, host: pr-hdds-738-hvzxd-2983279717, networkLocation: /default-rack, certSerialId: null}, Type:RATIS, Factor:ONE, State:OPEN]
2019-08-23 15:31:05,762 [grpc-default-executor-14] INFO  impl.RaftServerProxy (RaftServerProxy.java:addNew(89)) - f9be0488-4b83-4ab0-b8b8-dac1c31a58bc: addNew group-7394CA86459C:[f9be0488-4b83-4ab0-b8b8-dac1c31a58bc:192.168.5.135:39474] returns group-7394CA86459C:java.util.concurrent.CompletableFuture@60b7844f[Not completed]
2019-08-23 15:31:05,763 [pool-494-thread-1] INFO  impl.RaftServerImpl (RaftServerImpl.java:<init>(93)) - f9be0488-4b83-4ab0-b8b8-dac1c31a58bc: new RaftServerImpl for group-7394CA86459C:[f9be0488-4b83-4ab0-b8b8-dac1c31a58bc:192.168.5.135:39474] with ContainerStateMachine:uninitialized
2019-08-23 15:31:05,763 [pool-494-thread-1] INFO  server.RaftServerConfigKeys (ConfUtils.java:logGet(43)) - raft.server.rpc.timeout.min = 5s (custom)
2019-08-23 15:31:05,763 [pool-494-thread-1] INFO  server.RaftServerConfigKeys (ConfUtils.java:logGet(43)) - raft.server.rpc.timeout.max = 5200ms (custom)
2019-08-23 15:31:05,764 [pool-494-thread-1] INFO  server.RaftServerConfigKeys (ConfUtils.java:logGet(43)) - raft.server.rpcslowness.timeout = 120s (custom)
2019-08-23 15:31:05,764 [pool-494-thread-1] INFO  server.RaftServerConfigKeys (ConfUtils.java:logGet(43)) - raft.server.sleep.deviation.threshold = 300 (default)
2019-08-23 15:31:05,764 [pool-494-thread-1] INFO  server.RaftServerConfigKeys (ConfUtils.java:logGet(43)) - raft.server.log.appender.install.snapshot.enabled = false (custom)
2019-08-23 15:31:05,764 [pool-494-thread-1] INFO  impl.RaftServerImpl (ServerState.java:<init>(105)) - f9be0488-4b83-4ab0-b8b8-dac1c31a58bc:group-7394CA86459C ConfigurationManager, init=-1: [f9be0488-4b83-4ab0-b8b8-dac1c31a58bc:192.168.5.135:39474], old=null, confs=<EMPTY_MAP>
2019-08-23 15:31:05,764 [pool-494-thread-1] INFO  server.RaftServerConfigKeys (ConfUtils.java:logGet(43)) - raft.server.storage.dir = [/workdir/hadoop-ozone/integration-test/target/test-dir/MiniOzoneClusterImpl-59c2fb18-0200-4865-85bf-81b4b37c6949/datanode-5/data/ratis] (custom)
2019-08-23 15:31:05,764 [pool-494-thread-1] INFO  storage.RaftStorageDirectory (RaftStorageDirectory.java:analyzeStorage(246)) - The storage directory /workdir/hadoop-ozone/integration-test/target/test-dir/MiniOzoneClusterImpl-59c2fb18-0200-4865-85bf-81b4b37c6949/datanode-5/data/ratis/a4794bd7-9da0-40ab-9353-7394ca86459c does not exist. Creating ...
2019-08-23 15:31:05,776 [pool-494-thread-1] INFO  storage.RaftStorageDirectory (RaftStorageDirectory.java:tryLock(328)) - Lock on /workdir/hadoop-ozone/integration-test/target/test-dir/MiniOzoneClusterImpl-59c2fb18-0200-4865-85bf-81b4b37c6949/datanode-5/data/ratis/a4794bd7-9da0-40ab-9353-7394ca86459c/in_use.lock acquired by nodename 27387@pr-hdds-738-hvzxd-2983279717
2019-08-23 15:31:05,789 [pool-494-thread-1] INFO  storage.RaftStorage (RaftStorage.java:format(72)) - Storage directory /workdir/hadoop-ozone/integration-test/target/test-dir/MiniOzoneClusterImpl-59c2fb18-0200-4865-85bf-81b4b37c6949/datanode-5/data/ratis/a4794bd7-9da0-40ab-9353-7394ca86459c has been successfully formatted.
2019-08-23 15:31:05,789 [pool-494-thread-1] INFO  ratis.ContainerStateMachine (ContainerStateMachine.java:loadSnapshot(226)) - group-7394CA86459C: The snapshot info is null. Setting the last applied indexto:(t:0, i:~)
2019-08-23 15:31:05,789 [pool-494-thread-1] INFO  server.RaftServerConfigKeys (ConfUtils.java:logGet(43)) - raft.server.leader.election.timeout = 120s (custom)
2019-08-23 15:31:05,789 [pool-494-thread-1] INFO  server.RaftServerConfigKeys (ConfUtils.java:logGet(43)) - raft.server.log.use.memory = false (default)
2019-08-23 15:31:05,789 [pool-494-thread-1] INFO  server.RaftServerConfigKeys (ConfUtils.java:logGet(43)) - raft.server.log.purge.gap = 1000000 (custom)
2019-08-23 15:31:05,789 [pool-494-thread-1] INFO  server.RaftServerConfigKeys (ConfUtils.java:logGet(43)) - raft.server.log.appender.buffer.byte-limit = 33554432 (custom)
2019-08-23 15:31:05,789 [pool-494-thread-1] INFO  server.RaftServerConfigKeys (ConfUtils.java:logGet(43)) - raft.server.log.segment.size.max = 1048576 (custom)
2019-08-23 15:31:05,790 [pool-494-thread-1] INFO  server.RaftServerConfigKeys (ConfUtils.java:logGet(43)) - raft.server.log.segment.cache.num.max = 2 (custom)
2019-08-23 15:31:05,790 [pool-494-thread-1] INFO  segmented.SegmentedRaftLogWorker (SegmentedRaftLogWorker.java:<init>(172)) - new f9be0488-4b83-4ab0-b8b8-dac1c31a58bc-SegmentedRaftLogWorker:Storage Directory /workdir/hadoop-ozone/integration-test/target/test-dir/MiniOzoneClusterImpl-59c2fb18-0200-4865-85bf-81b4b37c6949/datanode-5/data/ratis/a4794bd7-9da0-40ab-9353-7394ca86459c for RaftStorage:Storage Directory /workdir/hadoop-ozone/integration-test/target/test-dir/MiniOzoneClusterImpl-59c2fb18-0200-4865-85bf-81b4b37c6949/datanode-5/data/ratis/a4794bd7-9da0-40ab-9353-7394ca86459c
2019-08-23 15:31:05,790 [pool-494-thread-1] INFO  server.RaftServerConfigKeys (ConfUtils.java:logGet(43)) - raft.server.log.queue.byte-limit = 2147483647 (custom)
2019-08-23 15:31:05,790 [pool-494-thread-1] INFO  server.RaftServerConfigKeys (ConfUtils.java:logGet(43)) - raft.server.log.queue.element-limit = 1024 (custom)
2019-08-23 15:31:05,790 [pool-494-thread-1] INFO  server.RaftServerConfigKeys (ConfUtils.java:logGet(43)) - raft.server.log.segment.size.max = 1048576 (custom)
2019-08-23 15:31:05,790 [pool-494-thread-1] INFO  server.RaftServerConfigKeys (ConfUtils.java:logGet(43)) - raft.server.log.preallocated.size = 16384 (custom)
2019-08-23 15:31:05,790 [pool-494-thread-1] INFO  server.RaftServerConfigKeys (ConfUtils.java:logGet(43)) - raft.server.log.write.buffer.size = 33554432 (custom)
2019-08-23 15:31:05,790 [pool-494-thread-1] INFO  server.RaftServerConfigKeys (ConfUtils.java:logGet(43)) - raft.server.log.force.sync.num = 128 (default)
2019-08-23 15:31:05,790 [pool-494-thread-1] INFO  server.RaftServerConfigKeys (ConfUtils.java:logGet(43)) - raft.server.log.statemachine.data.sync = true (default)
2019-08-23 15:31:05,790 [pool-494-thread-1] INFO  server.RaftServerConfigKeys (ConfUtils.java:logGet(43)) - raft.server.log.statemachine.data.sync.timeout = 10s (default)
2019-08-23 15:31:05,791 [pool-494-thread-1] INFO  server.RaftServerConfigKeys (ConfUtils.java:logGet(43)) - raft.server.log.statemachine.data.sync.timeout.retry = -1 (default)
2019-08-23 15:31:05,791 [pool-494-thread-1] INFO  server.RaftServerConfigKeys (ConfUtils.java:logGet(43)) - raft.server.log.statemachine.data.caching.enabled = true (custom)
2019-08-23 15:31:05,791 [pool-494-thread-1] INFO  segmented.SegmentedRaftLogWorker (SegmentedRaftLogWorker.java:lambda$new$0(132)) - f9be0488-4b83-4ab0-b8b8-dac1c31a58bc-SegmentedRaftLogWorker:Storage Directory /workdir/hadoop-ozone/integration-test/target/test-dir/MiniOzoneClusterImpl-59c2fb18-0200-4865-85bf-81b4b37c6949/datanode-5/data/ratis/a4794bd7-9da0-40ab-9353-7394ca86459c: flushIndex: setUnconditionally 0 -> -1
2019-08-23 15:31:05,791 [pool-494-thread-1] INFO  server.RaftServerConfigKeys (ConfUtils.java:logGet(43)) - raft.server.snapshot.auto.trigger.enabled = true (custom)
2019-08-23 15:31:05,791 [pool-494-thread-1] INFO  server.RaftServerConfigKeys (ConfUtils.java:logGet(43)) - raft.server.snapshot.auto.trigger.threshold = 10000 (custom)
2019-08-23 15:31:05,791 [pool-494-thread-1] INFO  server.RaftServerConfigKeys (ConfUtils.java:logGet(43)) - raft.server.retrycache.expirytime = 600000ms (custom)
2019-08-23 15:31:05,792 [pool-494-thread-1] INFO  impl.RaftServerImpl (RaftServerImpl.java:start(180)) - f9be0488-4b83-4ab0-b8b8-dac1c31a58bc: start group-7394CA86459C
2019-08-23 15:31:05,792 [pool-494-thread-1] INFO  impl.RaftServerImpl (RaftServerImpl.java:setRole(171)) - f9be0488-4b83-4ab0-b8b8-dac1c31a58bc:group-7394CA86459C changes role from null to FOLLOWER at term 0 for startAsFollower
2019-08-23 15:31:05,792 [pool-494-thread-1] INFO  impl.RoleInfo (RoleInfo.java:updateAndGet(143)) - f9be0488-4b83-4ab0-b8b8-dac1c31a58bc: start FollowerState
2019-08-23 15:31:05,792 [pool-494-thread-1] INFO  util.JmxRegister (JmxRegister.java:tryRegister(44)) - Successfully registered JMX Bean with object name Ratis:service=RaftServer,group=group-7394CA86459C,id=f9be0488-4b83-4ab0-b8b8-dac1c31a58bc
2019-08-23 15:31:05,794 [RatisPipelineUtilsThread] INFO  pipeline.PipelineStateManager (PipelineStateManager.java:addPipeline(56)) - Created pipeline Pipeline[ Id: a4794bd7-9da0-40ab-9353-7394ca86459c, Nodes: f9be0488-4b83-4ab0-b8b8-dac1c31a58bc{ip: 192.168.5.135, host: pr-hdds-738-hvzxd-2983279717, networkLocation: /default-rack, certSerialId: null}, Type:RATIS, Factor:ONE, State:OPEN]
2019-08-23 15:31:05,803 [grpc-default-executor-8] INFO  impl.RaftServerProxy (RaftServerProxy.java:addNew(89)) - 45749ed4-9cb8-4dd3-a17e-80709f44a4cf: addNew group-459EAB4A3204:[f9be0488-4b83-4ab0-b8b8-dac1c31a58bc:192.168.5.135:39474, 45749ed4-9cb8-4dd3-a17e-80709f44a4cf:192.168.5.135:35328, c8d45dbb-3bf0-41f1-917b-67c69771f96d:192.168.5.135:33969] returns group-459EAB4A3204:java.util.concurrent.CompletableFuture@5322b25f[Not completed]
2019-08-23 15:31:05,803 [grpc-default-executor-13] INFO  impl.RaftServerProxy (RaftServerProxy.java:addNew(89)) - f9be0488-4b83-4ab0-b8b8-dac1c31a58bc: addNew group-459EAB4A3204:[f9be0488-4b83-4ab0-b8b8-dac1c31a58bc:192.168.5.135:39474, 45749ed4-9cb8-4dd3-a17e-80709f44a4cf:192.168.5.135:35328, c8d45dbb-3bf0-41f1-917b-67c69771f96d:192.168.5.135:33969] returns group-459EAB4A3204:java.util.concurrent.CompletableFuture@c536052[Not completed]
2019-08-23 15:31:05,803 [grpc-default-executor-8] INFO  impl.RaftServerProxy (RaftServerProxy.java:addNew(89)) - c8d45dbb-3bf0-41f1-917b-67c69771f96d: addNew group-459EAB4A3204:[f9be0488-4b83-4ab0-b8b8-dac1c31a58bc:192.168.5.135:39474, 45749ed4-9cb8-4dd3-a17e-80709f44a4cf:192.168.5.135:35328, c8d45dbb-3bf0-41f1-917b-67c69771f96d:192.168.5.135:33969] returns group-459EAB4A3204:java.util.concurrent.CompletableFuture@796a5bcf[Not completed]
2019-08-23 15:31:05,804 [pool-483-thread-1] INFO  impl.RaftServerImpl (RaftServerImpl.java:<init>(93)) - 45749ed4-9cb8-4dd3-a17e-80709f44a4cf: new RaftServerImpl for group-459EAB4A3204:[f9be0488-4b83-4ab0-b8b8-dac1c31a58bc:192.168.5.135:39474, 45749ed4-9cb8-4dd3-a17e-80709f44a4cf:192.168.5.135:35328, c8d45dbb-3bf0-41f1-917b-67c69771f96d:192.168.5.135:33969] with ContainerStateMachine:uninitialized
2019-08-23 15:31:05,804 [pool-483-thread-1] INFO  server.RaftServerConfigKeys (ConfUtils.java:logGet(43)) - raft.server.rpc.timeout.min = 5s (custom)
2019-08-23 15:31:05,804 [pool-483-thread-1] INFO  server.RaftServerConfigKeys (ConfUtils.java:logGet(43)) - raft.server.rpc.timeout.max = 5200ms (custom)
2019-08-23 15:31:05,804 [pool-483-thread-1] INFO  server.RaftServerConfigKeys (ConfUtils.java:logGet(43)) - raft.server.rpcslowness.timeout = 120s (custom)
2019-08-23 15:31:05,804 [pool-472-thread-1] INFO  impl.RaftServerImpl (RaftServerImpl.java:<init>(93)) - c8d45dbb-3bf0-41f1-917b-67c69771f96d: new RaftServerImpl for group-459EAB4A3204:[f9be0488-4b83-4ab0-b8b8-dac1c31a58bc:192.168.5.135:39474, 45749ed4-9cb8-4dd3-a17e-80709f44a4cf:192.168.5.135:35328, c8d45dbb-3bf0-41f1-917b-67c69771f96d:192.168.5.135:33969] with ContainerStateMachine:uninitialized
2019-08-23 15:31:05,804 [pool-483-thread-1] INFO  server.RaftServerConfigKeys (ConfUtils.java:logGet(43)) - raft.server.sleep.deviation.threshold = 300 (default)
2019-08-23 15:31:05,804 [pool-472-thread-1] INFO  server.RaftServerConfigKeys (ConfUtils.java:logGet(43)) - raft.server.rpc.timeout.min = 5s (custom)
2019-08-23 15:31:05,804 [pool-494-thread-1] INFO  impl.RaftServerImpl (RaftServerImpl.java:<init>(93)) - f9be0488-4b83-4ab0-b8b8-dac1c31a58bc: new RaftServerImpl for group-459EAB4A3204:[f9be0488-4b83-4ab0-b8b8-dac1c31a58bc:192.168.5.135:39474, 45749ed4-9cb8-4dd3-a17e-80709f44a4cf:192.168.5.135:35328, c8d45dbb-3bf0-41f1-917b-67c69771f96d:192.168.5.135:33969] with ContainerStateMachine:uninitialized
2019-08-23 15:31:05,804 [pool-494-thread-1] INFO  server.RaftServerConfigKeys (ConfUtils.java:logGet(43)) - raft.server.rpc.timeout.min = 5s (custom)
2019-08-23 15:31:05,804 [pool-483-thread-1] INFO  server.RaftServerConfigKeys (ConfUtils.java:logGet(43)) - raft.server.log.appender.install.snapshot.enabled = false (custom)
2019-08-23 15:31:05,805 [pool-494-thread-1] INFO  server.RaftServerConfigKeys (ConfUtils.java:logGet(43)) - raft.server.rpc.timeout.max = 5200ms (custom)
2019-08-23 15:31:05,804 [pool-472-thread-1] INFO  server.RaftServerConfigKeys (ConfUtils.java:logGet(43)) - raft.server.rpc.timeout.max = 5200ms (custom)
2019-08-23 15:31:05,805 [pool-494-thread-1] INFO  server.RaftServerConfigKeys (ConfUtils.java:logGet(43)) - raft.server.rpcslowness.timeout = 120s (custom)
2019-08-23 15:31:05,805 [pool-483-thread-1] INFO  impl.RaftServerImpl (ServerState.java:<init>(105)) - 45749ed4-9cb8-4dd3-a17e-80709f44a4cf:group-459EAB4A3204 ConfigurationManager, init=-1: [f9be0488-4b83-4ab0-b8b8-dac1c31a58bc:192.168.5.135:39474, 45749ed4-9cb8-4dd3-a17e-80709f44a4cf:192.168.5.135:35328, c8d45dbb-3bf0-41f1-917b-67c69771f96d:192.168.5.135:33969], old=null, confs=<EMPTY_MAP>
2019-08-23 15:31:05,805 [pool-494-thread-1] INFO  server.RaftServerConfigKeys (ConfUtils.java:logGet(43)) - raft.server.sleep.deviation.threshold = 300 (default)
2019-08-23 15:31:05,805 [pool-472-thread-1] INFO  server.RaftServerConfigKeys (ConfUtils.java:logGet(43)) - raft.server.rpcslowness.timeout = 120s (custom)
2019-08-23 15:31:05,805 [pool-494-thread-1] INFO  server.RaftServerConfigKeys (ConfUtils.java:logGet(43)) - raft.server.log.appender.install.snapshot.enabled = false (custom)
2019-08-23 15:31:05,805 [pool-483-thread-1] INFO  server.RaftServerConfigKeys (ConfUtils.java:logGet(43)) - raft.server.storage.dir = [/workdir/hadoop-ozone/integration-test/target/test-dir/MiniOzoneClusterImpl-59c2fb18-0200-4865-85bf-81b4b37c6949/datanode-4/data/ratis] (custom)
2019-08-23 15:31:05,805 [pool-494-thread-1] INFO  impl.RaftServerImpl (ServerState.java:<init>(105)) - f9be0488-4b83-4ab0-b8b8-dac1c31a58bc:group-459EAB4A3204 ConfigurationManager, init=-1: [f9be0488-4b83-4ab0-b8b8-dac1c31a58bc:192.168.5.135:39474, 45749ed4-9cb8-4dd3-a17e-80709f44a4cf:192.168.5.135:35328, c8d45dbb-3bf0-41f1-917b-67c69771f96d:192.168.5.135:33969], old=null, confs=<EMPTY_MAP>
2019-08-23 15:31:05,805 [pool-472-thread-1] INFO  server.RaftServerConfigKeys (ConfUtils.java:logGet(43)) - raft.server.sleep.deviation.threshold = 300 (default)
2019-08-23 15:31:05,806 [pool-483-thread-1] INFO  storage.RaftStorageDirectory (RaftStorageDirectory.java:analyzeStorage(246)) - The storage directory /workdir/hadoop-ozone/integration-test/target/test-dir/MiniOzoneClusterImpl-59c2fb18-0200-4865-85bf-81b4b37c6949/datanode-4/data/ratis/94826461-6c9c-408f-b25b-459eab4a3204 does not exist. Creating ...
2019-08-23 15:31:05,805 [pool-494-thread-1] INFO  server.RaftServerConfigKeys (ConfUtils.java:logGet(43)) - raft.server.storage.dir = [/workdir/hadoop-ozone/integration-test/target/test-dir/MiniOzoneClusterImpl-59c2fb18-0200-4865-85bf-81b4b37c6949/datanode-5/data/ratis] (custom)
2019-08-23 15:31:05,806 [pool-472-thread-1] INFO  server.RaftServerConfigKeys (ConfUtils.java:logGet(43)) - raft.server.log.appender.install.snapshot.enabled = false (custom)
2019-08-23 15:31:05,806 [pool-494-thread-1] INFO  storage.RaftStorageDirectory (RaftStorageDirectory.java:analyzeStorage(246)) - The storage directory /workdir/hadoop-ozone/integration-test/target/test-dir/MiniOzoneClusterImpl-59c2fb18-0200-4865-85bf-81b4b37c6949/datanode-5/data/ratis/94826461-6c9c-408f-b25b-459eab4a3204 does not exist. Creating ...
2019-08-23 15:31:05,806 [pool-472-thread-1] INFO  impl.RaftServerImpl (ServerState.java:<init>(105)) - c8d45dbb-3bf0-41f1-917b-67c69771f96d:group-459EAB4A3204 ConfigurationManager, init=-1: [f9be0488-4b83-4ab0-b8b8-dac1c31a58bc:192.168.5.135:39474, 45749ed4-9cb8-4dd3-a17e-80709f44a4cf:192.168.5.135:35328, c8d45dbb-3bf0-41f1-917b-67c69771f96d:192.168.5.135:33969], old=null, confs=<EMPTY_MAP>
2019-08-23 15:31:05,806 [pool-472-thread-1] INFO  server.RaftServerConfigKeys (ConfUtils.java:logGet(43)) - raft.server.storage.dir = [/workdir/hadoop-ozone/integration-test/target/test-dir/MiniOzoneClusterImpl-59c2fb18-0200-4865-85bf-81b4b37c6949/datanode-3/data/ratis] (custom)
2019-08-23 15:31:05,806 [pool-472-thread-1] INFO  storage.RaftStorageDirectory (RaftStorageDirectory.java:analyzeStorage(246)) - The storage directory /workdir/hadoop-ozone/integration-test/target/test-dir/MiniOzoneClusterImpl-59c2fb18-0200-4865-85bf-81b4b37c6949/datanode-3/data/ratis/94826461-6c9c-408f-b25b-459eab4a3204 does not exist. Creating ...
2019-08-23 15:31:05,819 [pool-483-thread-1] INFO  storage.RaftStorageDirectory (RaftStorageDirectory.java:tryLock(328)) - Lock on /workdir/hadoop-ozone/integration-test/target/test-dir/MiniOzoneClusterImpl-59c2fb18-0200-4865-85bf-81b4b37c6949/datanode-4/data/ratis/94826461-6c9c-408f-b25b-459eab4a3204/in_use.lock acquired by nodename 27387@pr-hdds-738-hvzxd-2983279717
2019-08-23 15:31:05,819 [pool-472-thread-1] INFO  storage.RaftStorageDirectory (RaftStorageDirectory.java:tryLock(328)) - Lock on /workdir/hadoop-ozone/integration-test/target/test-dir/MiniOzoneClusterImpl-59c2fb18-0200-4865-85bf-81b4b37c6949/datanode-3/data/ratis/94826461-6c9c-408f-b25b-459eab4a3204/in_use.lock acquired by nodename 27387@pr-hdds-738-hvzxd-2983279717
2019-08-23 15:31:05,819 [pool-494-thread-1] INFO  storage.RaftStorageDirectory (RaftStorageDirectory.java:tryLock(328)) - Lock on /workdir/hadoop-ozone/integration-test/target/test-dir/MiniOzoneClusterImpl-59c2fb18-0200-4865-85bf-81b4b37c6949/datanode-5/data/ratis/94826461-6c9c-408f-b25b-459eab4a3204/in_use.lock acquired by nodename 27387@pr-hdds-738-hvzxd-2983279717
2019-08-23 15:31:05,829 [main] INFO  ozone.MiniOzoneClusterImpl (MiniOzoneClusterImpl.java:lambda$waitForClusterToBeReady$0(140)) - Waiting for cluster to be ready. Got 6 of 7 DN Heartbeats.
2019-08-23 15:31:05,829 [IPC Server handler 6 on 37126] INFO  net.NetworkTopology (NetworkTopologyImpl.java:add(110)) - Added a new node: /default-rack/f6f9bd1c-aea8-4781-a09f-2599df8cb999
2019-08-23 15:31:05,829 [IPC Server handler 6 on 37126] INFO  node.SCMNodeManager (SCMNodeManager.java:register(273)) - Registered Data node : f6f9bd1c-aea8-4781-a09f-2599df8cb999{ip: 192.168.5.135, host: pr-hdds-738-hvzxd-2983279717, networkLocation: /default-rack, certSerialId: null}
2019-08-23 15:31:05,829 | INFO  | SCMAudit | user=jenkins1000 | ip=192.168.5.135 | op=REGISTER {datanodeDetails=f6f9bd1c-aea8-4781-a09f-2599df8cb999{ip: 192.168.5.135, host: pr-hdds-738-hvzxd-2983279717, networkLocation: /default-rack, certSerialId: null}} | ret=SUCCESS |  
2019-08-23 15:31:05,833 [pool-494-thread-1] INFO  storage.RaftStorage (RaftStorage.java:format(72)) - Storage directory /workdir/hadoop-ozone/integration-test/target/test-dir/MiniOzoneClusterImpl-59c2fb18-0200-4865-85bf-81b4b37c6949/datanode-5/data/ratis/94826461-6c9c-408f-b25b-459eab4a3204 has been successfully formatted.
2019-08-23 15:31:05,833 [pool-483-thread-1] INFO  storage.RaftStorage (RaftStorage.java:format(72)) - Storage directory /workdir/hadoop-ozone/integration-test/target/test-dir/MiniOzoneClusterImpl-59c2fb18-0200-4865-85bf-81b4b37c6949/datanode-4/data/ratis/94826461-6c9c-408f-b25b-459eab4a3204 has been successfully formatted.
2019-08-23 15:31:05,833 [pool-494-thread-1] INFO  ratis.ContainerStateMachine (ContainerStateMachine.java:loadSnapshot(226)) - group-459EAB4A3204: The snapshot info is null. Setting the last applied indexto:(t:0, i:~)
2019-08-23 15:31:05,833 [pool-472-thread-1] INFO  storage.RaftStorage (RaftStorage.java:format(72)) - Storage directory /workdir/hadoop-ozone/integration-test/target/test-dir/MiniOzoneClusterImpl-59c2fb18-0200-4865-85bf-81b4b37c6949/datanode-3/data/ratis/94826461-6c9c-408f-b25b-459eab4a3204 has been successfully formatted.
2019-08-23 15:31:05,833 [pool-494-thread-1] INFO  server.RaftServerConfigKeys (ConfUtils.java:logGet(43)) - raft.server.leader.election.timeout = 120s (custom)
2019-08-23 15:31:05,833 [pool-483-thread-1] INFO  ratis.ContainerStateMachine (ContainerStateMachine.java:loadSnapshot(226)) - group-459EAB4A3204: The snapshot info is null. Setting the last applied indexto:(t:0, i:~)
2019-08-23 15:31:05,833 [pool-472-thread-1] INFO  ratis.ContainerStateMachine (ContainerStateMachine.java:loadSnapshot(226)) - group-459EAB4A3204: The snapshot info is null. Setting the last applied indexto:(t:0, i:~)
2019-08-23 15:31:05,833 [pool-494-thread-1] INFO  server.RaftServerConfigKeys (ConfUtils.java:logGet(43)) - raft.server.log.use.memory = false (default)
2019-08-23 15:31:05,834 [pool-472-thread-1] INFO  server.RaftServerConfigKeys (ConfUtils.java:logGet(43)) - raft.server.leader.election.timeout = 120s (custom)
2019-08-23 15:31:05,834 [pool-483-thread-1] INFO  server.RaftServerConfigKeys (ConfUtils.java:logGet(43)) - raft.server.leader.election.timeout = 120s (custom)
2019-08-23 15:31:05,834 [pool-472-thread-1] INFO  server.RaftServerConfigKeys (ConfUtils.java:logGet(43)) - raft.server.log.use.memory = false (default)
2019-08-23 15:31:05,834 [pool-494-thread-1] INFO  server.RaftServerConfigKeys (ConfUtils.java:logGet(43)) - raft.server.log.purge.gap = 1000000 (custom)
2019-08-23 15:31:05,834 [pool-472-thread-1] INFO  server.RaftServerConfigKeys (ConfUtils.java:logGet(43)) - raft.server.log.purge.gap = 1000000 (custom)
2019-08-23 15:31:05,834 [pool-483-thread-1] INFO  server.RaftServerConfigKeys (ConfUtils.java:logGet(43)) - raft.server.log.use.memory = false (default)
2019-08-23 15:31:05,834 [pool-472-thread-1] INFO  server.RaftServerConfigKeys (ConfUtils.java:logGet(43)) - raft.server.log.appender.buffer.byte-limit = 33554432 (custom)
2019-08-23 15:31:05,834 [pool-494-thread-1] INFO  server.RaftServerConfigKeys (ConfUtils.java:logGet(43)) - raft.server.log.appender.buffer.byte-limit = 33554432 (custom)
2019-08-23 15:31:05,835 [pool-472-thread-1] INFO  server.RaftServerConfigKeys (ConfUtils.java:logGet(43)) - raft.server.log.segment.size.max = 1048576 (custom)
2019-08-23 15:31:05,835 [pool-483-thread-1] INFO  server.RaftServerConfigKeys (ConfUtils.java:logGet(43)) - raft.server.log.purge.gap = 1000000 (custom)
2019-08-23 15:31:05,835 [pool-472-thread-1] INFO  server.RaftServerConfigKeys (ConfUtils.java:logGet(43)) - raft.server.log.segment.cache.num.max = 2 (custom)
2019-08-23 15:31:05,835 [pool-494-thread-1] INFO  server.RaftServerConfigKeys (ConfUtils.java:logGet(43)) - raft.server.log.segment.size.max = 1048576 (custom)
2019-08-23 15:31:05,835 [pool-472-thread-1] INFO  segmented.SegmentedRaftLogWorker (SegmentedRaftLogWorker.java:<init>(172)) - new c8d45dbb-3bf0-41f1-917b-67c69771f96d-SegmentedRaftLogWorker:Storage Directory /workdir/hadoop-ozone/integration-test/target/test-dir/MiniOzoneClusterImpl-59c2fb18-0200-4865-85bf-81b4b37c6949/datanode-3/data/ratis/94826461-6c9c-408f-b25b-459eab4a3204 for RaftStorage:Storage Directory /workdir/hadoop-ozone/integration-test/target/test-dir/MiniOzoneClusterImpl-59c2fb18-0200-4865-85bf-81b4b37c6949/datanode-3/data/ratis/94826461-6c9c-408f-b25b-459eab4a3204
2019-08-23 15:31:05,835 [pool-483-thread-1] INFO  server.RaftServerConfigKeys (ConfUtils.java:logGet(43)) - raft.server.log.appender.buffer.byte-limit = 33554432 (custom)
2019-08-23 15:31:05,836 [pool-472-thread-1] INFO  server.RaftServerConfigKeys (ConfUtils.java:logGet(43)) - raft.server.log.queue.byte-limit = 2147483647 (custom)
2019-08-23 15:31:05,835 [pool-494-thread-1] INFO  server.RaftServerConfigKeys (ConfUtils.java:logGet(43)) - raft.server.log.segment.cache.num.max = 2 (custom)
2019-08-23 15:31:05,836 [pool-472-thread-1] INFO  server.RaftServerConfigKeys (ConfUtils.java:logGet(43)) - raft.server.log.queue.element-limit = 1024 (custom)
2019-08-23 15:31:05,836 [pool-483-thread-1] INFO  server.RaftServerConfigKeys (ConfUtils.java:logGet(43)) - raft.server.log.segment.size.max = 1048576 (custom)
2019-08-23 15:31:05,836 [pool-472-thread-1] INFO  server.RaftServerConfigKeys (ConfUtils.java:logGet(43)) - raft.server.log.segment.size.max = 1048576 (custom)
2019-08-23 15:31:05,836 [pool-472-thread-1] INFO  server.RaftServerConfigKeys (ConfUtils.java:logGet(43)) - raft.server.log.preallocated.size = 16384 (custom)
2019-08-23 15:31:05,836 [pool-494-thread-1] INFO  segmented.SegmentedRaftLogWorker (SegmentedRaftLogWorker.java:<init>(172)) - new f9be0488-4b83-4ab0-b8b8-dac1c31a58bc-SegmentedRaftLogWorker:Storage Directory /workdir/hadoop-ozone/integration-test/target/test-dir/MiniOzoneClusterImpl-59c2fb18-0200-4865-85bf-81b4b37c6949/datanode-5/data/ratis/94826461-6c9c-408f-b25b-459eab4a3204 for RaftStorage:Storage Directory /workdir/hadoop-ozone/integration-test/target/test-dir/MiniOzoneClusterImpl-59c2fb18-0200-4865-85bf-81b4b37c6949/datanode-5/data/ratis/94826461-6c9c-408f-b25b-459eab4a3204
2019-08-23 15:31:05,836 [pool-472-thread-1] INFO  server.RaftServerConfigKeys (ConfUtils.java:logGet(43)) - raft.server.log.write.buffer.size = 33554432 (custom)
2019-08-23 15:31:05,836 [pool-483-thread-1] INFO  server.RaftServerConfigKeys (ConfUtils.java:logGet(43)) - raft.server.log.segment.cache.num.max = 2 (custom)
2019-08-23 15:31:05,837 [pool-472-thread-1] INFO  server.RaftServerConfigKeys (ConfUtils.java:logGet(43)) - raft.server.log.force.sync.num = 128 (default)
2019-08-23 15:31:05,837 [pool-494-thread-1] INFO  server.RaftServerConfigKeys (ConfUtils.java:logGet(43)) - raft.server.log.queue.byte-limit = 2147483647 (custom)
2019-08-23 15:31:05,837 [pool-472-thread-1] INFO  server.RaftServerConfigKeys (ConfUtils.java:logGet(43)) - raft.server.log.statemachine.data.sync = true (default)
2019-08-23 15:31:05,837 [pool-483-thread-1] INFO  segmented.SegmentedRaftLogWorker (SegmentedRaftLogWorker.java:<init>(172)) - new 45749ed4-9cb8-4dd3-a17e-80709f44a4cf-SegmentedRaftLogWorker:Storage Directory /workdir/hadoop-ozone/integration-test/target/test-dir/MiniOzoneClusterImpl-59c2fb18-0200-4865-85bf-81b4b37c6949/datanode-4/data/ratis/94826461-6c9c-408f-b25b-459eab4a3204 for RaftStorage:Storage Directory /workdir/hadoop-ozone/integration-test/target/test-dir/MiniOzoneClusterImpl-59c2fb18-0200-4865-85bf-81b4b37c6949/datanode-4/data/ratis/94826461-6c9c-408f-b25b-459eab4a3204
2019-08-23 15:31:05,837 [pool-472-thread-1] INFO  server.RaftServerConfigKeys (ConfUtils.java:logGet(43)) - raft.server.log.statemachine.data.sync.timeout = 10s (default)
2019-08-23 15:31:05,837 [pool-472-thread-1] INFO  server.RaftServerConfigKeys (ConfUtils.java:logGet(43)) - raft.server.log.statemachine.data.sync.timeout.retry = -1 (default)
2019-08-23 15:31:05,837 [pool-494-thread-1] INFO  server.RaftServerConfigKeys (ConfUtils.java:logGet(43)) - raft.server.log.queue.element-limit = 1024 (custom)
2019-08-23 15:31:05,838 [pool-472-thread-1] INFO  server.RaftServerConfigKeys (ConfUtils.java:logGet(43)) - raft.server.log.statemachine.data.caching.enabled = true (custom)
2019-08-23 15:31:05,837 [pool-483-thread-1] INFO  server.RaftServerConfigKeys (ConfUtils.java:logGet(43)) - raft.server.log.queue.byte-limit = 2147483647 (custom)
2019-08-23 15:31:05,838 [pool-494-thread-1] INFO  server.RaftServerConfigKeys (ConfUtils.java:logGet(43)) - raft.server.log.segment.size.max = 1048576 (custom)
2019-08-23 15:31:05,838 [pool-472-thread-1] INFO  segmented.SegmentedRaftLogWorker (SegmentedRaftLogWorker.java:lambda$new$0(132)) - c8d45dbb-3bf0-41f1-917b-67c69771f96d-SegmentedRaftLogWorker:Storage Directory /workdir/hadoop-ozone/integration-test/target/test-dir/MiniOzoneClusterImpl-59c2fb18-0200-4865-85bf-81b4b37c6949/datanode-3/data/ratis/94826461-6c9c-408f-b25b-459eab4a3204: flushIndex: setUnconditionally 0 -> -1
2019-08-23 15:31:05,838 [pool-483-thread-1] INFO  server.RaftServerConfigKeys (ConfUtils.java:logGet(43)) - raft.server.log.queue.element-limit = 1024 (custom)
2019-08-23 15:31:05,838 [pool-494-thread-1] INFO  server.RaftServerConfigKeys (ConfUtils.java:logGet(43)) - raft.server.log.preallocated.size = 16384 (custom)
2019-08-23 15:31:05,838 [pool-483-thread-1] INFO  server.RaftServerConfigKeys (ConfUtils.java:logGet(43)) - raft.server.log.segment.size.max = 1048576 (custom)
2019-08-23 15:31:05,838 [pool-472-thread-1] INFO  server.RaftServerConfigKeys (ConfUtils.java:logGet(43)) - raft.server.snapshot.auto.trigger.enabled = true (custom)
2019-08-23 15:31:05,838 [pool-483-thread-1] INFO  server.RaftServerConfigKeys (ConfUtils.java:logGet(43)) - raft.server.log.preallocated.size = 16384 (custom)
2019-08-23 15:31:05,839 [pool-483-thread-1] INFO  server.RaftServerConfigKeys (ConfUtils.java:logGet(43)) - raft.server.log.write.buffer.size = 33554432 (custom)
2019-08-23 15:31:05,838 [pool-494-thread-1] INFO  server.RaftServerConfigKeys (ConfUtils.java:logGet(43)) - raft.server.log.write.buffer.size = 33554432 (custom)
2019-08-23 15:31:05,839 [pool-483-thread-1] INFO  server.RaftServerConfigKeys (ConfUtils.java:logGet(43)) - raft.server.log.force.sync.num = 128 (default)
2019-08-23 15:31:05,839 [pool-483-thread-1] INFO  server.RaftServerConfigKeys (ConfUtils.java:logGet(43)) - raft.server.log.statemachine.data.sync = true (default)
2019-08-23 15:31:05,839 [pool-472-thread-1] INFO  server.RaftServerConfigKeys (ConfUtils.java:logGet(43)) - raft.server.snapshot.auto.trigger.threshold = 10000 (custom)
2019-08-23 15:31:05,839 [pool-483-thread-1] INFO  server.RaftServerConfigKeys (ConfUtils.java:logGet(43)) - raft.server.log.statemachine.data.sync.timeout = 10s (default)
2019-08-23 15:31:05,839 [pool-494-thread-1] INFO  server.RaftServerConfigKeys (ConfUtils.java:logGet(43)) - raft.server.log.force.sync.num = 128 (default)
2019-08-23 15:31:05,839 [pool-483-thread-1] INFO  server.RaftServerConfigKeys (ConfUtils.java:logGet(43)) - raft.server.log.statemachine.data.sync.timeout.retry = -1 (default)
2019-08-23 15:31:05,839 [pool-472-thread-1] INFO  server.RaftServerConfigKeys (ConfUtils.java:logGet(43)) - raft.server.retrycache.expirytime = 600000ms (custom)
2019-08-23 15:31:05,840 [pool-483-thread-1] INFO  server.RaftServerConfigKeys (ConfUtils.java:logGet(43)) - raft.server.log.statemachine.data.caching.enabled = true (custom)
2019-08-23 15:31:05,839 [pool-494-thread-1] INFO  server.RaftServerConfigKeys (ConfUtils.java:logGet(43)) - raft.server.log.statemachine.data.sync = true (default)
2019-08-23 15:31:05,840 [pool-472-thread-1] INFO  impl.RaftServerImpl (RaftServerImpl.java:start(180)) - c8d45dbb-3bf0-41f1-917b-67c69771f96d: start group-459EAB4A3204
2019-08-23 15:31:05,840 [pool-483-thread-1] INFO  segmented.SegmentedRaftLogWorker (SegmentedRaftLogWorker.java:lambda$new$0(132)) - 45749ed4-9cb8-4dd3-a17e-80709f44a4cf-SegmentedRaftLogWorker:Storage Directory /workdir/hadoop-ozone/integration-test/target/test-dir/MiniOzoneClusterImpl-59c2fb18-0200-4865-85bf-81b4b37c6949/datanode-4/data/ratis/94826461-6c9c-408f-b25b-459eab4a3204: flushIndex: setUnconditionally 0 -> -1
2019-08-23 15:31:05,840 [pool-494-thread-1] INFO  server.RaftServerConfigKeys (ConfUtils.java:logGet(43)) - raft.server.log.statemachine.data.sync.timeout = 10s (default)
2019-08-23 15:31:05,840 [pool-472-thread-1] INFO  impl.RaftServerImpl (RaftServerImpl.java:setRole(171)) - c8d45dbb-3bf0-41f1-917b-67c69771f96d:group-459EAB4A3204 changes role from null to FOLLOWER at term 0 for startAsFollower
2019-08-23 15:31:05,840 [pool-483-thread-1] INFO  server.RaftServerConfigKeys (ConfUtils.java:logGet(43)) - raft.server.snapshot.auto.trigger.enabled = true (custom)
2019-08-23 15:31:05,840 [pool-494-thread-1] INFO  server.RaftServerConfigKeys (ConfUtils.java:logGet(43)) - raft.server.log.statemachine.data.sync.timeout.retry = -1 (default)
2019-08-23 15:31:05,840 [pool-483-thread-1] INFO  server.RaftServerConfigKeys (ConfUtils.java:logGet(43)) - raft.server.snapshot.auto.trigger.threshold = 10000 (custom)
2019-08-23 15:31:05,840 [pool-472-thread-1] INFO  impl.RoleInfo (RoleInfo.java:updateAndGet(143)) - c8d45dbb-3bf0-41f1-917b-67c69771f96d: start FollowerState
2019-08-23 15:31:05,841 [pool-483-thread-1] INFO  server.RaftServerConfigKeys (ConfUtils.java:logGet(43)) - raft.server.retrycache.expirytime = 600000ms (custom)
2019-08-23 15:31:05,841 [pool-494-thread-1] INFO  server.RaftServerConfigKeys (ConfUtils.java:logGet(43)) - raft.server.log.statemachine.data.caching.enabled = true (custom)
2019-08-23 15:31:05,841 [pool-483-thread-1] INFO  impl.RaftServerImpl (RaftServerImpl.java:start(180)) - 45749ed4-9cb8-4dd3-a17e-80709f44a4cf: start group-459EAB4A3204
2019-08-23 15:31:05,841 [pool-472-thread-1] INFO  util.JmxRegister (JmxRegister.java:tryRegister(44)) - Successfully registered JMX Bean with object name Ratis:service=RaftServer,group=group-459EAB4A3204,id=c8d45dbb-3bf0-41f1-917b-67c69771f96d
2019-08-23 15:31:05,841 [pool-494-thread-1] INFO  segmented.SegmentedRaftLogWorker (SegmentedRaftLogWorker.java:lambda$new$0(132)) - f9be0488-4b83-4ab0-b8b8-dac1c31a58bc-SegmentedRaftLogWorker:Storage Directory /workdir/hadoop-ozone/integration-test/target/test-dir/MiniOzoneClusterImpl-59c2fb18-0200-4865-85bf-81b4b37c6949/datanode-5/data/ratis/94826461-6c9c-408f-b25b-459eab4a3204: flushIndex: setUnconditionally 0 -> -1
2019-08-23 15:31:05,841 [pool-483-thread-1] INFO  impl.RaftServerImpl (RaftServerImpl.java:setRole(171)) - 45749ed4-9cb8-4dd3-a17e-80709f44a4cf:group-459EAB4A3204 changes role from null to FOLLOWER at term 0 for startAsFollower
2019-08-23 15:31:05,841 [pool-494-thread-1] INFO  server.RaftServerConfigKeys (ConfUtils.java:logGet(43)) - raft.server.snapshot.auto.trigger.enabled = true (custom)
2019-08-23 15:31:05,842 [pool-483-thread-1] INFO  impl.RoleInfo (RoleInfo.java:updateAndGet(143)) - 45749ed4-9cb8-4dd3-a17e-80709f44a4cf: start FollowerState
2019-08-23 15:31:05,842 [pool-494-thread-1] INFO  server.RaftServerConfigKeys (ConfUtils.java:logGet(43)) - raft.server.snapshot.auto.trigger.threshold = 10000 (custom)
2019-08-23 15:31:05,842 [pool-494-thread-1] INFO  server.RaftServerConfigKeys (ConfUtils.java:logGet(43)) - raft.server.retrycache.expirytime = 600000ms (custom)
2019-08-23 15:31:05,842 [pool-483-thread-1] INFO  util.JmxRegister (JmxRegister.java:tryRegister(44)) - Successfully registered JMX Bean with object name Ratis:service=RaftServer,group=group-459EAB4A3204,id=45749ed4-9cb8-4dd3-a17e-80709f44a4cf
2019-08-23 15:31:05,842 [pool-494-thread-1] INFO  impl.RaftServerImpl (RaftServerImpl.java:start(180)) - f9be0488-4b83-4ab0-b8b8-dac1c31a58bc: start group-459EAB4A3204
2019-08-23 15:31:05,842 [pool-494-thread-1] INFO  impl.RaftServerImpl (RaftServerImpl.java:setRole(171)) - f9be0488-4b83-4ab0-b8b8-dac1c31a58bc:group-459EAB4A3204 changes role from null to FOLLOWER at term 0 for startAsFollower
2019-08-23 15:31:05,842 [pool-494-thread-1] INFO  impl.RoleInfo (RoleInfo.java:updateAndGet(143)) - f9be0488-4b83-4ab0-b8b8-dac1c31a58bc: start FollowerState
2019-08-23 15:31:05,843 [pool-494-thread-1] INFO  util.JmxRegister (JmxRegister.java:tryRegister(44)) - Successfully registered JMX Bean with object name Ratis:service=RaftServer,group=group-459EAB4A3204,id=f9be0488-4b83-4ab0-b8b8-dac1c31a58bc
2019-08-23 15:31:05,844 [RatisPipelineUtilsThread] INFO  pipeline.PipelineStateManager (PipelineStateManager.java:addPipeline(56)) - Created pipeline Pipeline[ Id: 94826461-6c9c-408f-b25b-459eab4a3204, Nodes: f9be0488-4b83-4ab0-b8b8-dac1c31a58bc{ip: 192.168.5.135, host: pr-hdds-738-hvzxd-2983279717, networkLocation: /default-rack, certSerialId: null}45749ed4-9cb8-4dd3-a17e-80709f44a4cf{ip: 192.168.5.135, host: pr-hdds-738-hvzxd-2983279717, networkLocation: /default-rack, certSerialId: null}c8d45dbb-3bf0-41f1-917b-67c69771f96d{ip: 192.168.5.135, host: pr-hdds-738-hvzxd-2983279717, networkLocation: /default-rack, certSerialId: null}, Type:RATIS, Factor:THREE, State:OPEN]
2019-08-23 15:31:06,829 [main] INFO  ozone.MiniOzoneClusterImpl (MiniOzoneClusterImpl.java:lambda$waitForClusterToBeReady$0(140)) - Cluster is ready. Got 7 of 7 DN Heartbeats.
2019-08-23 15:31:06,851 [main] INFO  rpc.RpcClient (RpcClient.java:createVolume(293)) - Creating Volume: testblockoutputstream, with jenkins1000 as owner.
2019-08-23 15:31:06,853 | INFO  | OMAudit | user=jenkins1000 | ip=127.0.0.1 | op=CREATE_VOLUME {admin=jenkins1000, owner=jenkins1000, volume=testblockoutputstream, creationTime=1566574266853, quotaInBytes=1152921504606846976} | ret=SUCCESS |  
2019-08-23 15:31:06,861 | INFO  | OMAudit | user=jenkins1000 | ip=127.0.0.1 | op=READ_VOLUME {volume=testblockoutputstream} | ret=SUCCESS |  
2019-08-23 15:31:06,862 [main] INFO  rpc.RpcClient (RpcClient.java:createBucket(432)) - Creating Bucket: testblockoutputstream/testblockoutputstream, with Versioning false and Storage Type set to DISK and Encryption set to false 
2019-08-23 15:31:06,865 | INFO  | OMAudit | user=jenkins1000 | ip=127.0.0.1 | op=CREATE_BUCKET {volume=testblockoutputstream, bucket=testblockoutputstream, acls=[user:jenkins1000:a[ACCESS], group:default:a[ACCESS]], isVersionEnabled=false, storageType=DISK, creationTime=0} | ret=SUCCESS |  
2019-08-23 15:31:06,866 | INFO  | OMAudit | user=jenkins1000 | ip=127.0.0.1 | op=READ_VOLUME {volume=testblockoutputstream} | ret=SUCCESS |  
2019-08-23 15:31:06,867 | INFO  | OMAudit | user=jenkins1000 | ip=127.0.0.1 | op=READ_BUCKET {volume=testblockoutputstream, bucket=testblockoutputstream} | ret=SUCCESS |  
2019-08-23 15:31:06,873 | INFO  | SCMAudit | user=jenkins1000 | ip=192.168.5.135 | op=ALLOCATE_BLOCK {owner=7978baed-2073-48c3-8785-bc4fbaecaa89, size=800, type=RATIS, factor=THREE} | ret=SUCCESS |  
2019-08-23 15:31:06,876 | INFO  | OMAudit | user=jenkins1000 | ip=127.0.0.1 | op=ALLOCATE_KEY {volume=testblockoutputstream, bucket=testblockoutputstream, key=4a448693-78a2-47dd-aea0-1d664b6de104, dataSize=0, replicationType=RATIS, replicationFactor=THREE, keyLocationInfo=null} | ret=SUCCESS |  
2019-08-23 15:31:06,884 [grpc-default-executor-8] INFO  client.GrpcClientProtocolClient (GrpcClientProtocolClient.java:onNext(255)) - client-51A35432A53E->f9be0488-4b83-4ab0-b8b8-dac1c31a58bc: receive RaftClientReply:client-51A35432A53E->f9be0488-4b83-4ab0-b8b8-dac1c31a58bc@group-459EAB4A3204, cid=182, FAILED org.apache.ratis.protocol.NotLeaderException: Server f9be0488-4b83-4ab0-b8b8-dac1c31a58bc is not the leader (null). Request must be sent to leader., logIndex=0, commits[f9be0488-4b83-4ab0-b8b8-dac1c31a58bc:c-1]
2019-08-23 15:31:07,456 | INFO  | SCMAudit | user=jenkins1000 | ip=192.168.5.135 | op=SEND_HEARTBEAT {datanodeUUID=c05fed09-c95d-4327-a465-a8ae69fed776, command=[]} | ret=SUCCESS |  
2019-08-23 15:31:07,518 | INFO  | SCMAudit | user=jenkins1000 | ip=192.168.5.135 | op=SEND_HEARTBEAT {datanodeUUID=5fa1ed00-d108-4e10-9e2f-8b50df71b2da, command=[]} | ret=SUCCESS |  
2019-08-23 15:31:07,580 | INFO  | SCMAudit | user=jenkins1000 | ip=192.168.5.135 | op=SEND_HEARTBEAT {datanodeUUID=8cd08553-7170-462e-ba81-b2a7a0cb37ad, command=[]} | ret=SUCCESS |  
2019-08-23 15:31:07,638 | INFO  | SCMAudit | user=jenkins1000 | ip=192.168.5.135 | op=SEND_HEARTBEAT {datanodeUUID=c8d45dbb-3bf0-41f1-917b-67c69771f96d, command=[]} | ret=SUCCESS |  
2019-08-23 15:31:07,696 | INFO  | SCMAudit | user=jenkins1000 | ip=192.168.5.135 | op=SEND_HEARTBEAT {datanodeUUID=45749ed4-9cb8-4dd3-a17e-80709f44a4cf, command=[]} | ret=SUCCESS |  
2019-08-23 15:31:07,757 | INFO  | SCMAudit | user=jenkins1000 | ip=192.168.5.135 | op=SEND_HEARTBEAT {datanodeUUID=f9be0488-4b83-4ab0-b8b8-dac1c31a58bc, command=[]} | ret=SUCCESS |  
2019-08-23 15:31:07,829 | INFO  | SCMAudit | user=jenkins1000 | ip=192.168.5.135 | op=SEND_HEARTBEAT {datanodeUUID=f6f9bd1c-aea8-4781-a09f-2599df8cb999, command=[]} | ret=SUCCESS |  
2019-08-23 15:31:07,896 [grpc-default-executor-8] INFO  client.GrpcClientProtocolClient (GrpcClientProtocolClient.java:onNext(255)) - client-51A35432A53E->c8d45dbb-3bf0-41f1-917b-67c69771f96d: receive RaftClientReply:client-51A35432A53E->c8d45dbb-3bf0-41f1-917b-67c69771f96d@group-459EAB4A3204, cid=182, FAILED org.apache.ratis.protocol.NotLeaderException: Server c8d45dbb-3bf0-41f1-917b-67c69771f96d is not the leader (null). Request must be sent to leader., logIndex=0, commits[c8d45dbb-3bf0-41f1-917b-67c69771f96d:c-1]
2019-08-23 15:31:08,456 | INFO  | SCMAudit | user=jenkins1000 | ip=192.168.5.135 | op=SEND_HEARTBEAT {datanodeUUID=c05fed09-c95d-4327-a465-a8ae69fed776, command=[]} | ret=SUCCESS |  
2019-08-23 15:31:08,463 [Thread-3523] INFO  container.ReplicationManager (ReplicationManager.java:start(152)) - Starting Replication Monitor Thread.
2019-08-23 15:31:08,468 [ReplicationMonitor] INFO  container.ReplicationManager (ReplicationManager.java:run(215)) - Replication Monitor Thread took 0 milliseconds for processing 1 containers.
2019-08-23 15:31:08,518 | INFO  | SCMAudit | user=jenkins1000 | ip=192.168.5.135 | op=SEND_HEARTBEAT {datanodeUUID=5fa1ed00-d108-4e10-9e2f-8b50df71b2da, command=[]} | ret=SUCCESS |  
2019-08-23 15:31:08,580 | INFO  | SCMAudit | user=jenkins1000 | ip=192.168.5.135 | op=SEND_HEARTBEAT {datanodeUUID=8cd08553-7170-462e-ba81-b2a7a0cb37ad, command=[]} | ret=SUCCESS |  
2019-08-23 15:31:08,638 | INFO  | SCMAudit | user=jenkins1000 | ip=192.168.5.135 | op=SEND_HEARTBEAT {datanodeUUID=c8d45dbb-3bf0-41f1-917b-67c69771f96d, command=[]} | ret=SUCCESS |  
2019-08-23 15:31:08,696 | INFO  | SCMAudit | user=jenkins1000 | ip=192.168.5.135 | op=SEND_HEARTBEAT {datanodeUUID=45749ed4-9cb8-4dd3-a17e-80709f44a4cf, command=[]} | ret=SUCCESS |  
2019-08-23 15:31:08,758 | INFO  | SCMAudit | user=jenkins1000 | ip=192.168.5.135 | op=SEND_HEARTBEAT {datanodeUUID=f9be0488-4b83-4ab0-b8b8-dac1c31a58bc, command=[]} | ret=SUCCESS |  
2019-08-23 15:31:08,829 | INFO  | SCMAudit | user=jenkins1000 | ip=192.168.5.135 | op=SEND_HEARTBEAT {datanodeUUID=f6f9bd1c-aea8-4781-a09f-2599df8cb999, command=[]} | ret=SUCCESS |  
2019-08-23 15:31:08,907 [grpc-default-executor-13] INFO  client.GrpcClientProtocolClient (GrpcClientProtocolClient.java:onNext(255)) - client-51A35432A53E->45749ed4-9cb8-4dd3-a17e-80709f44a4cf: receive RaftClientReply:client-51A35432A53E->45749ed4-9cb8-4dd3-a17e-80709f44a4cf@group-459EAB4A3204, cid=182, FAILED org.apache.ratis.protocol.NotLeaderException: Server 45749ed4-9cb8-4dd3-a17e-80709f44a4cf is not the leader (null). Request must be sent to leader., logIndex=0, commits[45749ed4-9cb8-4dd3-a17e-80709f44a4cf:c-1]
2019-08-23 15:31:09,457 | INFO  | SCMAudit | user=jenkins1000 | ip=192.168.5.135 | op=SEND_HEARTBEAT {datanodeUUID=c05fed09-c95d-4327-a465-a8ae69fed776, command=[]} | ret=SUCCESS |  
2019-08-23 15:31:09,518 | INFO  | SCMAudit | user=jenkins1000 | ip=192.168.5.135 | op=SEND_HEARTBEAT {datanodeUUID=5fa1ed00-d108-4e10-9e2f-8b50df71b2da, command=[]} | ret=SUCCESS |  
2019-08-23 15:31:09,581 | INFO  | SCMAudit | user=jenkins1000 | ip=192.168.5.135 | op=SEND_HEARTBEAT {datanodeUUID=8cd08553-7170-462e-ba81-b2a7a0cb37ad, command=[]} | ret=SUCCESS |  
2019-08-23 15:31:09,638 | INFO  | SCMAudit | user=jenkins1000 | ip=192.168.5.135 | op=SEND_HEARTBEAT {datanodeUUID=c8d45dbb-3bf0-41f1-917b-67c69771f96d, command=[]} | ret=SUCCESS |  
2019-08-23 15:31:09,696 | INFO  | SCMAudit | user=jenkins1000 | ip=192.168.5.135 | op=SEND_HEARTBEAT {datanodeUUID=45749ed4-9cb8-4dd3-a17e-80709f44a4cf, command=[]} | ret=SUCCESS |  
2019-08-23 15:31:09,759 | INFO  | SCMAudit | user=jenkins1000 | ip=192.168.5.135 | op=SEND_HEARTBEAT {datanodeUUID=f9be0488-4b83-4ab0-b8b8-dac1c31a58bc, command=[]} | ret=SUCCESS |  
2019-08-23 15:31:09,829 | INFO  | SCMAudit | user=jenkins1000 | ip=192.168.5.135 | op=SEND_HEARTBEAT {datanodeUUID=f6f9bd1c-aea8-4781-a09f-2599df8cb999, command=[]} | ret=SUCCESS |  
2019-08-23 15:31:09,919 [grpc-default-executor-13] INFO  client.GrpcClientProtocolClient (GrpcClientProtocolClient.java:onNext(255)) - client-51A35432A53E->c8d45dbb-3bf0-41f1-917b-67c69771f96d: receive RaftClientReply:client-51A35432A53E->c8d45dbb-3bf0-41f1-917b-67c69771f96d@group-459EAB4A3204, cid=182, FAILED org.apache.ratis.protocol.NotLeaderException: Server c8d45dbb-3bf0-41f1-917b-67c69771f96d is not the leader (null). Request must be sent to leader., logIndex=0, commits[c8d45dbb-3bf0-41f1-917b-67c69771f96d:c-1]
2019-08-23 15:31:10,457 | INFO  | SCMAudit | user=jenkins1000 | ip=192.168.5.135 | op=SEND_HEARTBEAT {datanodeUUID=c05fed09-c95d-4327-a465-a8ae69fed776, command=[]} | ret=SUCCESS |  
2019-08-23 15:31:10,518 | INFO  | SCMAudit | user=jenkins1000 | ip=192.168.5.135 | op=SEND_HEARTBEAT {datanodeUUID=5fa1ed00-d108-4e10-9e2f-8b50df71b2da, command=[]} | ret=SUCCESS |  
2019-08-23 15:31:10,581 | INFO  | SCMAudit | user=jenkins1000 | ip=192.168.5.135 | op=SEND_HEARTBEAT {datanodeUUID=8cd08553-7170-462e-ba81-b2a7a0cb37ad, command=[]} | ret=SUCCESS |  
2019-08-23 15:31:10,631 [Thread-3525] INFO  impl.FollowerState (FollowerState.java:run(106)) - c05fed09-c95d-4327-a465-a8ae69fed776:group-5C606A3DB3CF changes to CANDIDATE, lastRpcTime:5126, electionTimeout:5126ms
2019-08-23 15:31:10,631 [Thread-3525] INFO  impl.RoleInfo (RoleInfo.java:shutdownFollowerState(121)) - c05fed09-c95d-4327-a465-a8ae69fed776: shutdown FollowerState
2019-08-23 15:31:10,631 [Thread-3525] INFO  impl.RaftServerImpl (RaftServerImpl.java:setRole(171)) - c05fed09-c95d-4327-a465-a8ae69fed776:group-5C606A3DB3CF changes role from FOLLOWER to CANDIDATE at term 0 for changeToCandidate
2019-08-23 15:31:10,631 [Thread-3525] INFO  impl.RoleInfo (RoleInfo.java:updateAndGet(143)) - c05fed09-c95d-4327-a465-a8ae69fed776: start LeaderElection
2019-08-23 15:31:10,655 | INFO  | SCMAudit | user=jenkins1000 | ip=192.168.5.135 | op=SEND_HEARTBEAT {datanodeUUID=c8d45dbb-3bf0-41f1-917b-67c69771f96d, command=[]} | ret=SUCCESS |  
2019-08-23 15:31:10,669 [c05fed09-c95d-4327-a465-a8ae69fed776:group-5C606A3DB3CF:LeaderElection66] INFO  impl.LeaderElection (LeaderElection.java:askForVotes(181)) - c05fed09-c95d-4327-a465-a8ae69fed776:group-5C606A3DB3CF:LeaderElection66: begin an election at term 1 for -1: [c05fed09-c95d-4327-a465-a8ae69fed776:192.168.5.135:34176], old=null
2019-08-23 15:31:10,669 [c05fed09-c95d-4327-a465-a8ae69fed776:group-5C606A3DB3CF:LeaderElection66] INFO  impl.RoleInfo (RoleInfo.java:shutdownLeaderElection(134)) - c05fed09-c95d-4327-a465-a8ae69fed776: shutdown LeaderElection
2019-08-23 15:31:10,670 [c05fed09-c95d-4327-a465-a8ae69fed776:group-5C606A3DB3CF:LeaderElection66] INFO  impl.RaftServerImpl (RaftServerImpl.java:setRole(171)) - c05fed09-c95d-4327-a465-a8ae69fed776:group-5C606A3DB3CF changes role from CANDIDATE to LEADER at term 1 for changeToLeader
2019-08-23 15:31:10,670 [c05fed09-c95d-4327-a465-a8ae69fed776:group-5C606A3DB3CF:LeaderElection66] INFO  impl.RaftServerImpl (ServerState.java:setLeader(263)) - c05fed09-c95d-4327-a465-a8ae69fed776:group-5C606A3DB3CF change Leader from null to c05fed09-c95d-4327-a465-a8ae69fed776 at term 1 for becomeLeader, leader elected after 5168ms
2019-08-23 15:31:10,670 [c05fed09-c95d-4327-a465-a8ae69fed776:group-5C606A3DB3CF:LeaderElection66] INFO  server.RaftServerConfigKeys (ConfUtils.java:logGet(43)) - raft.server.staging.catchup.gap = 1000 (default)
2019-08-23 15:31:10,670 [c05fed09-c95d-4327-a465-a8ae69fed776:group-5C606A3DB3CF:LeaderElection66] INFO  server.RaftServerConfigKeys (ConfUtils.java:logGet(43)) - raft.server.rpc.sleep.time = 25ms (default)
2019-08-23 15:31:10,670 [c05fed09-c95d-4327-a465-a8ae69fed776:group-5C606A3DB3CF:LeaderElection66] INFO  server.RaftServerConfigKeys (ConfUtils.java:logGet(43)) - raft.server.write.element-limit = 4096 (default)
2019-08-23 15:31:10,670 [c05fed09-c95d-4327-a465-a8ae69fed776:group-5C606A3DB3CF:LeaderElection66] INFO  server.RaftServerConfigKeys (ConfUtils.java:logGet(43)) - raft.server.watch.timeout = 10s (default)
2019-08-23 15:31:10,671 [c05fed09-c95d-4327-a465-a8ae69fed776:group-5C606A3DB3CF:LeaderElection66] INFO  server.RaftServerConfigKeys (ConfUtils.java:logGet(43)) - raft.server.watch.timeout.denomination = 1s (default)
2019-08-23 15:31:10,671 [c05fed09-c95d-4327-a465-a8ae69fed776:group-5C606A3DB3CF:LeaderElection66] INFO  server.RaftServerConfigKeys (ConfUtils.java:logGet(43)) - raft.server.watch.element-limit = 65536 (default)
2019-08-23 15:31:10,671 [c05fed09-c95d-4327-a465-a8ae69fed776:group-5C606A3DB3CF:LeaderElection66] INFO  impl.RoleInfo (RoleInfo.java:updateAndGet(143)) - c05fed09-c95d-4327-a465-a8ae69fed776: start LeaderState
2019-08-23 15:31:10,671 [c05fed09-c95d-4327-a465-a8ae69fed776:group-5C606A3DB3CF:LeaderElection66] INFO  segmented.SegmentedRaftLogWorker (SegmentedRaftLogWorker.java:startLogSegment(380)) - c05fed09-c95d-4327-a465-a8ae69fed776-SegmentedRaftLogWorker:Storage Directory /workdir/hadoop-ozone/integration-test/target/test-dir/MiniOzoneClusterImpl-59c2fb18-0200-4865-85bf-81b4b37c6949/datanode-0/data/ratis/1a8d3098-5c3a-4414-a9ad-5c606a3db3cf: Starting segment from index:0
2019-08-23 15:31:10,672 [c05fed09-c95d-4327-a465-a8ae69fed776:group-5C606A3DB3CF:LeaderElection66] INFO  impl.RaftServerImpl (ServerState.java:setRaftConf(361)) - c05fed09-c95d-4327-a465-a8ae69fed776:group-5C606A3DB3CF set configuration 0: [c05fed09-c95d-4327-a465-a8ae69fed776:192.168.5.135:34176], old=null at 0
2019-08-23 15:31:10,714 [Thread-3539] INFO  impl.FollowerState (FollowerState.java:run(106)) - 8cd08553-7170-462e-ba81-b2a7a0cb37ad:group-4B7957B19BA7 changes to CANDIDATE, lastRpcTime:5033, electionTimeout:5021ms
2019-08-23 15:31:10,714 [Thread-3531] INFO  impl.FollowerState (FollowerState.java:run(106)) - 8cd08553-7170-462e-ba81-b2a7a0cb37ad:group-976752DBB62A changes to CANDIDATE, lastRpcTime:5094, electionTimeout:5063ms
2019-08-23 15:31:10,715 [Thread-3539] INFO  impl.RoleInfo (RoleInfo.java:shutdownFollowerState(121)) - 8cd08553-7170-462e-ba81-b2a7a0cb37ad: shutdown FollowerState
2019-08-23 15:31:10,715 | INFO  | SCMAudit | user=jenkins1000 | ip=192.168.5.135 | op=SEND_HEARTBEAT {datanodeUUID=45749ed4-9cb8-4dd3-a17e-80709f44a4cf, command=[]} | ret=SUCCESS |  
2019-08-23 15:31:10,715 [Thread-3528] INFO  impl.FollowerState (FollowerState.java:run(106)) - 5fa1ed00-d108-4e10-9e2f-8b50df71b2da:group-CC8A6E377AC0 changes to CANDIDATE, lastRpcTime:5158, electionTimeout:5122ms
2019-08-23 15:31:10,715 [Thread-3539] INFO  impl.RaftServerImpl (RaftServerImpl.java:setRole(171)) - 8cd08553-7170-462e-ba81-b2a7a0cb37ad:group-4B7957B19BA7 changes role from FOLLOWER to CANDIDATE at term 0 for changeToCandidate
2019-08-23 15:31:10,715 [Thread-3531] INFO  impl.RoleInfo (RoleInfo.java:shutdownFollowerState(121)) - 8cd08553-7170-462e-ba81-b2a7a0cb37ad: shutdown FollowerState
2019-08-23 15:31:10,715 [Thread-3539] INFO  impl.RoleInfo (RoleInfo.java:updateAndGet(143)) - 8cd08553-7170-462e-ba81-b2a7a0cb37ad: start LeaderElection
2019-08-23 15:31:10,715 [Thread-3528] INFO  impl.RoleInfo (RoleInfo.java:shutdownFollowerState(121)) - 5fa1ed00-d108-4e10-9e2f-8b50df71b2da: shutdown FollowerState
2019-08-23 15:31:10,715 [Thread-3531] INFO  impl.RaftServerImpl (RaftServerImpl.java:setRole(171)) - 8cd08553-7170-462e-ba81-b2a7a0cb37ad:group-976752DBB62A changes role from FOLLOWER to CANDIDATE at term 0 for changeToCandidate
2019-08-23 15:31:10,716 [Thread-3528] INFO  impl.RaftServerImpl (RaftServerImpl.java:setRole(171)) - 5fa1ed00-d108-4e10-9e2f-8b50df71b2da:group-CC8A6E377AC0 changes role from FOLLOWER to CANDIDATE at term 0 for changeToCandidate
2019-08-23 15:31:10,721 [Thread-3531] INFO  impl.RoleInfo (RoleInfo.java:updateAndGet(143)) - 8cd08553-7170-462e-ba81-b2a7a0cb37ad: start LeaderElection
2019-08-23 15:31:10,721 [Thread-3528] INFO  impl.RoleInfo (RoleInfo.java:updateAndGet(143)) - 5fa1ed00-d108-4e10-9e2f-8b50df71b2da: start LeaderElection
2019-08-23 15:31:10,728 [c05fed09-c95d-4327-a465-a8ae69fed776-SegmentedRaftLogWorker:Storage Directory /workdir/hadoop-ozone/integration-test/target/test-dir/MiniOzoneClusterImpl-59c2fb18-0200-4865-85bf-81b4b37c6949/datanode-0/data/ratis/1a8d3098-5c3a-4414-a9ad-5c606a3db3cf] INFO  segmented.SegmentedRaftLogWorker (SegmentedRaftLogWorker.java:execute(569)) - c05fed09-c95d-4327-a465-a8ae69fed776-SegmentedRaftLogWorker:Storage Directory /workdir/hadoop-ozone/integration-test/target/test-dir/MiniOzoneClusterImpl-59c2fb18-0200-4865-85bf-81b4b37c6949/datanode-0/data/ratis/1a8d3098-5c3a-4414-a9ad-5c606a3db3cf: created new log segment /workdir/hadoop-ozone/integration-test/target/test-dir/MiniOzoneClusterImpl-59c2fb18-0200-4865-85bf-81b4b37c6949/datanode-0/data/ratis/1a8d3098-5c3a-4414-a9ad-5c606a3db3cf/current/log_inprogress_0
2019-08-23 15:31:10,742 [8cd08553-7170-462e-ba81-b2a7a0cb37ad:group-976752DBB62A:LeaderElection68] INFO  impl.LeaderElection (LeaderElection.java:askForVotes(181)) - 8cd08553-7170-462e-ba81-b2a7a0cb37ad:group-976752DBB62A:LeaderElection68: begin an election at term 1 for -1: [8cd08553-7170-462e-ba81-b2a7a0cb37ad:192.168.5.135:39140], old=null
2019-08-23 15:31:10,742 [8cd08553-7170-462e-ba81-b2a7a0cb37ad:group-4B7957B19BA7:LeaderElection67] INFO  impl.LeaderElection (LeaderElection.java:askForVotes(181)) - 8cd08553-7170-462e-ba81-b2a7a0cb37ad:group-4B7957B19BA7:LeaderElection67: begin an election at term 1 for -1: [c05fed09-c95d-4327-a465-a8ae69fed776:192.168.5.135:34176, 5fa1ed00-d108-4e10-9e2f-8b50df71b2da:192.168.5.135:44508, 8cd08553-7170-462e-ba81-b2a7a0cb37ad:192.168.5.135:39140], old=null
2019-08-23 15:31:10,742 [5fa1ed00-d108-4e10-9e2f-8b50df71b2da:group-CC8A6E377AC0:LeaderElection69] INFO  impl.LeaderElection (LeaderElection.java:askForVotes(181)) - 5fa1ed00-d108-4e10-9e2f-8b50df71b2da:group-CC8A6E377AC0:LeaderElection69: begin an election at term 1 for -1: [5fa1ed00-d108-4e10-9e2f-8b50df71b2da:192.168.5.135:44508], old=null
2019-08-23 15:31:10,742 [8cd08553-7170-462e-ba81-b2a7a0cb37ad:group-976752DBB62A:LeaderElection68] INFO  impl.RoleInfo (RoleInfo.java:shutdownLeaderElection(134)) - 8cd08553-7170-462e-ba81-b2a7a0cb37ad: shutdown LeaderElection
2019-08-23 15:31:10,742 [5fa1ed00-d108-4e10-9e2f-8b50df71b2da:group-CC8A6E377AC0:LeaderElection69] INFO  impl.RoleInfo (RoleInfo.java:shutdownLeaderElection(134)) - 5fa1ed00-d108-4e10-9e2f-8b50df71b2da: shutdown LeaderElection
2019-08-23 15:31:10,743 [8cd08553-7170-462e-ba81-b2a7a0cb37ad:group-976752DBB62A:LeaderElection68] INFO  impl.RaftServerImpl (RaftServerImpl.java:setRole(171)) - 8cd08553-7170-462e-ba81-b2a7a0cb37ad:group-976752DBB62A changes role from CANDIDATE to LEADER at term 1 for changeToLeader
2019-08-23 15:31:10,743 [5fa1ed00-d108-4e10-9e2f-8b50df71b2da:group-CC8A6E377AC0:LeaderElection69] INFO  impl.RaftServerImpl (RaftServerImpl.java:setRole(171)) - 5fa1ed00-d108-4e10-9e2f-8b50df71b2da:group-CC8A6E377AC0 changes role from CANDIDATE to LEADER at term 1 for changeToLeader
2019-08-23 15:31:10,743 [8cd08553-7170-462e-ba81-b2a7a0cb37ad:group-976752DBB62A:LeaderElection68] INFO  impl.RaftServerImpl (ServerState.java:setLeader(263)) - 8cd08553-7170-462e-ba81-b2a7a0cb37ad:group-976752DBB62A change Leader from null to 8cd08553-7170-462e-ba81-b2a7a0cb37ad at term 1 for becomeLeader, leader elected after 5127ms
2019-08-23 15:31:10,743 [5fa1ed00-d108-4e10-9e2f-8b50df71b2da:group-CC8A6E377AC0:LeaderElection69] INFO  impl.RaftServerImpl (ServerState.java:setLeader(263)) - 5fa1ed00-d108-4e10-9e2f-8b50df71b2da:group-CC8A6E377AC0 change Leader from null to 5fa1ed00-d108-4e10-9e2f-8b50df71b2da at term 1 for becomeLeader, leader elected after 5189ms
2019-08-23 15:31:10,743 [5fa1ed00-d108-4e10-9e2f-8b50df71b2da:group-CC8A6E377AC0:LeaderElection69] INFO  server.RaftServerConfigKeys (ConfUtils.java:logGet(43)) - raft.server.staging.catchup.gap = 1000 (default)
2019-08-23 15:31:10,743 [8cd08553-7170-462e-ba81-b2a7a0cb37ad:group-976752DBB62A:LeaderElection68] INFO  server.RaftServerConfigKeys (ConfUtils.java:logGet(43)) - raft.server.staging.catchup.gap = 1000 (default)
2019-08-23 15:31:10,743 [5fa1ed00-d108-4e10-9e2f-8b50df71b2da:group-CC8A6E377AC0:LeaderElection69] INFO  server.RaftServerConfigKeys (ConfUtils.java:logGet(43)) - raft.server.rpc.sleep.time = 25ms (default)
2019-08-23 15:31:10,744 [8cd08553-7170-462e-ba81-b2a7a0cb37ad:group-976752DBB62A:LeaderElection68] INFO  server.RaftServerConfigKeys (ConfUtils.java:logGet(43)) - raft.server.rpc.sleep.time = 25ms (default)
2019-08-23 15:31:10,744 [5fa1ed00-d108-4e10-9e2f-8b50df71b2da:group-CC8A6E377AC0:LeaderElection69] INFO  server.RaftServerConfigKeys (ConfUtils.java:logGet(43)) - raft.server.write.element-limit = 4096 (default)
2019-08-23 15:31:10,744 [8cd08553-7170-462e-ba81-b2a7a0cb37ad:group-976752DBB62A:LeaderElection68] INFO  server.RaftServerConfigKeys (ConfUtils.java:logGet(43)) - raft.server.write.element-limit = 4096 (default)
2019-08-23 15:31:10,744 [5fa1ed00-d108-4e10-9e2f-8b50df71b2da:group-CC8A6E377AC0:LeaderElection69] INFO  server.RaftServerConfigKeys (ConfUtils.java:logGet(43)) - raft.server.watch.timeout = 10s (default)
2019-08-23 15:31:10,744 [8cd08553-7170-462e-ba81-b2a7a0cb37ad:group-976752DBB62A:LeaderElection68] INFO  server.RaftServerConfigKeys (ConfUtils.java:logGet(43)) - raft.server.watch.timeout = 10s (default)
2019-08-23 15:31:10,745 [5fa1ed00-d108-4e10-9e2f-8b50df71b2da:group-CC8A6E377AC0:LeaderElection69] INFO  server.RaftServerConfigKeys (ConfUtils.java:logGet(43)) - raft.server.watch.timeout.denomination = 1s (default)
2019-08-23 15:31:10,745 [8cd08553-7170-462e-ba81-b2a7a0cb37ad:group-976752DBB62A:LeaderElection68] INFO  server.RaftServerConfigKeys (ConfUtils.java:logGet(43)) - raft.server.watch.timeout.denomination = 1s (default)
2019-08-23 15:31:10,745 [5fa1ed00-d108-4e10-9e2f-8b50df71b2da:group-CC8A6E377AC0:LeaderElection69] INFO  server.RaftServerConfigKeys (ConfUtils.java:logGet(43)) - raft.server.watch.element-limit = 65536 (default)
2019-08-23 15:31:10,745 [8cd08553-7170-462e-ba81-b2a7a0cb37ad:group-976752DBB62A:LeaderElection68] INFO  server.RaftServerConfigKeys (ConfUtils.java:logGet(43)) - raft.server.watch.element-limit = 65536 (default)
2019-08-23 15:31:10,746 [5fa1ed00-d108-4e10-9e2f-8b50df71b2da:group-CC8A6E377AC0:LeaderElection69] INFO  impl.RoleInfo (RoleInfo.java:updateAndGet(143)) - 5fa1ed00-d108-4e10-9e2f-8b50df71b2da: start LeaderState
2019-08-23 15:31:10,746 [8cd08553-7170-462e-ba81-b2a7a0cb37ad:group-976752DBB62A:LeaderElection68] INFO  impl.RoleInfo (RoleInfo.java:updateAndGet(143)) - 8cd08553-7170-462e-ba81-b2a7a0cb37ad: start LeaderState
2019-08-23 15:31:10,746 [5fa1ed00-d108-4e10-9e2f-8b50df71b2da:group-CC8A6E377AC0:LeaderElection69] INFO  segmented.SegmentedRaftLogWorker (SegmentedRaftLogWorker.java:startLogSegment(380)) - 5fa1ed00-d108-4e10-9e2f-8b50df71b2da-SegmentedRaftLogWorker:Storage Directory /workdir/hadoop-ozone/integration-test/target/test-dir/MiniOzoneClusterImpl-59c2fb18-0200-4865-85bf-81b4b37c6949/datanode-1/data/ratis/d4ae8bd7-0bf1-49f4-bb69-cc8a6e377ac0: Starting segment from index:0
2019-08-23 15:31:10,746 [8cd08553-7170-462e-ba81-b2a7a0cb37ad:group-976752DBB62A:LeaderElection68] INFO  segmented.SegmentedRaftLogWorker (SegmentedRaftLogWorker.java:startLogSegment(380)) - 8cd08553-7170-462e-ba81-b2a7a0cb37ad-SegmentedRaftLogWorker:Storage Directory /workdir/hadoop-ozone/integration-test/target/test-dir/MiniOzoneClusterImpl-59c2fb18-0200-4865-85bf-81b4b37c6949/datanode-2/data/ratis/6b984a33-f424-4df7-a45e-976752dbb62a: Starting segment from index:0
2019-08-23 15:31:10,747 [5fa1ed00-d108-4e10-9e2f-8b50df71b2da:group-CC8A6E377AC0:LeaderElection69] INFO  impl.RaftServerImpl (ServerState.java:setRaftConf(361)) - 5fa1ed00-d108-4e10-9e2f-8b50df71b2da:group-CC8A6E377AC0 set configuration 0: [5fa1ed00-d108-4e10-9e2f-8b50df71b2da:192.168.5.135:44508], old=null at 0
2019-08-23 15:31:10,747 [8cd08553-7170-462e-ba81-b2a7a0cb37ad:group-976752DBB62A:LeaderElection68] INFO  impl.RaftServerImpl (ServerState.java:setRaftConf(361)) - 8cd08553-7170-462e-ba81-b2a7a0cb37ad:group-976752DBB62A set configuration 0: [8cd08553-7170-462e-ba81-b2a7a0cb37ad:192.168.5.135:39140], old=null at 0
2019-08-23 15:31:10,788 [Thread-3534] INFO  impl.FollowerState (FollowerState.java:run(106)) - c05fed09-c95d-4327-a465-a8ae69fed776:group-4B7957B19BA7 changes to CANDIDATE, lastRpcTime:5120, electionTimeout:5089ms
2019-08-23 15:31:10,848 [Thread-3534] INFO  impl.RoleInfo (RoleInfo.java:shutdownFollowerState(121)) - c05fed09-c95d-4327-a465-a8ae69fed776: shutdown FollowerState
2019-08-23 15:31:10,790 [grpc-default-executor-13] INFO  impl.RaftServerImpl (RaftServerImpl.java:setRole(171)) - 5fa1ed00-d108-4e10-9e2f-8b50df71b2da:group-4B7957B19BA7 changes role from FOLLOWER to FOLLOWER at term 1 for recognizeCandidate:8cd08553-7170-462e-ba81-b2a7a0cb37ad
2019-08-23 15:31:10,848 | INFO  | SCMAudit | user=jenkins1000 | ip=192.168.5.135 | op=SEND_HEARTBEAT {datanodeUUID=f9be0488-4b83-4ab0-b8b8-dac1c31a58bc, command=[]} | ret=SUCCESS |  
2019-08-23 15:31:10,848 [Thread-3534] INFO  impl.RaftServerImpl (RaftServerImpl.java:setRole(171)) - c05fed09-c95d-4327-a465-a8ae69fed776:group-4B7957B19BA7 changes role from FOLLOWER to CANDIDATE at term 0 for changeToCandidate
2019-08-23 15:31:10,848 | INFO  | SCMAudit | user=jenkins1000 | ip=192.168.5.135 | op=SEND_HEARTBEAT {datanodeUUID=f6f9bd1c-aea8-4781-a09f-2599df8cb999, command=[]} | ret=SUCCESS |  
2019-08-23 15:31:10,848 [Thread-3546] INFO  impl.FollowerState (FollowerState.java:run(106)) - c8d45dbb-3bf0-41f1-917b-67c69771f96d:group-EBEDE214EDAF changes to CANDIDATE, lastRpcTime:5091, electionTimeout:5057ms
2019-08-23 15:31:10,849 [Thread-3546] INFO  impl.RoleInfo (RoleInfo.java:shutdownFollowerState(121)) - c8d45dbb-3bf0-41f1-917b-67c69771f96d: shutdown FollowerState
2019-08-23 15:31:10,848 [5fa1ed00-d108-4e10-9e2f-8b50df71b2da-SegmentedRaftLogWorker:Storage Directory /workdir/hadoop-ozone/integration-test/target/test-dir/MiniOzoneClusterImpl-59c2fb18-0200-4865-85bf-81b4b37c6949/datanode-1/data/ratis/d4ae8bd7-0bf1-49f4-bb69-cc8a6e377ac0] INFO  segmented.SegmentedRaftLogWorker (SegmentedRaftLogWorker.java:execute(569)) - 5fa1ed00-d108-4e10-9e2f-8b50df71b2da-SegmentedRaftLogWorker:Storage Directory /workdir/hadoop-ozone/integration-test/target/test-dir/MiniOzoneClusterImpl-59c2fb18-0200-4865-85bf-81b4b37c6949/datanode-1/data/ratis/d4ae8bd7-0bf1-49f4-bb69-cc8a6e377ac0: created new log segment /workdir/hadoop-ozone/integration-test/target/test-dir/MiniOzoneClusterImpl-59c2fb18-0200-4865-85bf-81b4b37c6949/datanode-1/data/ratis/d4ae8bd7-0bf1-49f4-bb69-cc8a6e377ac0/current/log_inprogress_0
2019-08-23 15:31:10,849 [Thread-3546] INFO  impl.RaftServerImpl (RaftServerImpl.java:setRole(171)) - c8d45dbb-3bf0-41f1-917b-67c69771f96d:group-EBEDE214EDAF changes role from FOLLOWER to CANDIDATE at term 0 for changeToCandidate
2019-08-23 15:31:10,848 [Thread-3534] INFO  impl.RoleInfo (RoleInfo.java:updateAndGet(143)) - c05fed09-c95d-4327-a465-a8ae69fed776: start LeaderElection
2019-08-23 15:31:10,848 [grpc-default-executor-13] INFO  impl.RoleInfo (RoleInfo.java:shutdownFollowerState(121)) - 5fa1ed00-d108-4e10-9e2f-8b50df71b2da: shutdown FollowerState
2019-08-23 15:31:10,851 [8cd08553-7170-462e-ba81-b2a7a0cb37ad-SegmentedRaftLogWorker:Storage Directory /workdir/hadoop-ozone/integration-test/target/test-dir/MiniOzoneClusterImpl-59c2fb18-0200-4865-85bf-81b4b37c6949/datanode-2/data/ratis/6b984a33-f424-4df7-a45e-976752dbb62a] INFO  segmented.SegmentedRaftLogWorker (SegmentedRaftLogWorker.java:execute(569)) - 8cd08553-7170-462e-ba81-b2a7a0cb37ad-SegmentedRaftLogWorker:Storage Directory /workdir/hadoop-ozone/integration-test/target/test-dir/MiniOzoneClusterImpl-59c2fb18-0200-4865-85bf-81b4b37c6949/datanode-2/data/ratis/6b984a33-f424-4df7-a45e-976752dbb62a: created new log segment /workdir/hadoop-ozone/integration-test/target/test-dir/MiniOzoneClusterImpl-59c2fb18-0200-4865-85bf-81b4b37c6949/datanode-2/data/ratis/6b984a33-f424-4df7-a45e-976752dbb62a/current/log_inprogress_0
2019-08-23 15:31:10,851 [grpc-default-executor-8] INFO  impl.RaftServerImpl (RaftServerImpl.java:setRole(171)) - c05fed09-c95d-4327-a465-a8ae69fed776:group-4B7957B19BA7 changes role from CANDIDATE to FOLLOWER at term 1 for recognizeCandidate:8cd08553-7170-462e-ba81-b2a7a0cb37ad
2019-08-23 15:31:10,852 [grpc-default-executor-8] INFO  impl.RoleInfo (RoleInfo.java:shutdownLeaderElection(134)) - c05fed09-c95d-4327-a465-a8ae69fed776: shutdown LeaderElection
2019-08-23 15:31:10,849 [Thread-3546] INFO  impl.RoleInfo (RoleInfo.java:updateAndGet(143)) - c8d45dbb-3bf0-41f1-917b-67c69771f96d: start LeaderElection
2019-08-23 15:31:10,852 [grpc-default-executor-8] INFO  impl.RoleInfo (RoleInfo.java:updateAndGet(143)) - c05fed09-c95d-4327-a465-a8ae69fed776: start FollowerState
2019-08-23 15:31:10,852 [grpc-default-executor-13] INFO  impl.RoleInfo (RoleInfo.java:updateAndGet(143)) - 5fa1ed00-d108-4e10-9e2f-8b50df71b2da: start FollowerState
2019-08-23 15:31:10,865 [c8d45dbb-3bf0-41f1-917b-67c69771f96d:group-EBEDE214EDAF:LeaderElection71] INFO  impl.LeaderElection (LeaderElection.java:askForVotes(181)) - c8d45dbb-3bf0-41f1-917b-67c69771f96d:group-EBEDE214EDAF:LeaderElection71: begin an election at term 1 for -1: [c8d45dbb-3bf0-41f1-917b-67c69771f96d:192.168.5.135:33969], old=null
2019-08-23 15:31:10,867 [c8d45dbb-3bf0-41f1-917b-67c69771f96d:group-EBEDE214EDAF:LeaderElection71] INFO  impl.RoleInfo (RoleInfo.java:shutdownLeaderElection(134)) - c8d45dbb-3bf0-41f1-917b-67c69771f96d: shutdown LeaderElection
2019-08-23 15:31:10,867 [c8d45dbb-3bf0-41f1-917b-67c69771f96d:group-EBEDE214EDAF:LeaderElection71] INFO  impl.RaftServerImpl (RaftServerImpl.java:setRole(171)) - c8d45dbb-3bf0-41f1-917b-67c69771f96d:group-EBEDE214EDAF changes role from CANDIDATE to LEADER at term 1 for changeToLeader
2019-08-23 15:31:10,867 [c8d45dbb-3bf0-41f1-917b-67c69771f96d:group-EBEDE214EDAF:LeaderElection71] INFO  impl.RaftServerImpl (ServerState.java:setLeader(263)) - c8d45dbb-3bf0-41f1-917b-67c69771f96d:group-EBEDE214EDAF change Leader from null to c8d45dbb-3bf0-41f1-917b-67c69771f96d at term 1 for becomeLeader, leader elected after 5114ms
2019-08-23 15:31:10,867 [c8d45dbb-3bf0-41f1-917b-67c69771f96d:group-EBEDE214EDAF:LeaderElection71] INFO  server.RaftServerConfigKeys (ConfUtils.java:logGet(43)) - raft.server.staging.catchup.gap = 1000 (default)
2019-08-23 15:31:10,867 [c8d45dbb-3bf0-41f1-917b-67c69771f96d:group-EBEDE214EDAF:LeaderElection71] INFO  server.RaftServerConfigKeys (ConfUtils.java:logGet(43)) - raft.server.rpc.sleep.time = 25ms (default)
2019-08-23 15:31:10,868 [c8d45dbb-3bf0-41f1-917b-67c69771f96d:group-EBEDE214EDAF:LeaderElection71] INFO  server.RaftServerConfigKeys (ConfUtils.java:logGet(43)) - raft.server.write.element-limit = 4096 (default)
2019-08-23 15:31:10,868 [8cd08553-7170-462e-ba81-b2a7a0cb37ad:group-4B7957B19BA7:LeaderElection67] INFO  impl.LeaderElection (LeaderElection.java:logAndReturn(56)) - 8cd08553-7170-462e-ba81-b2a7a0cb37ad:group-4B7957B19BA7:LeaderElection67: Election PASSED; received 1 response(s) [8cd08553-7170-462e-ba81-b2a7a0cb37ad<-5fa1ed00-d108-4e10-9e2f-8b50df71b2da#0:OK-t1] and 0 exception(s); 8cd08553-7170-462e-ba81-b2a7a0cb37ad:t1, leader=null, voted=8cd08553-7170-462e-ba81-b2a7a0cb37ad, raftlog=8cd08553-7170-462e-ba81-b2a7a0cb37ad-SegmentedRaftLog:OPENED:c-1,f-1,i0, conf=-1: [c05fed09-c95d-4327-a465-a8ae69fed776:192.168.5.135:34176, 5fa1ed00-d108-4e10-9e2f-8b50df71b2da:192.168.5.135:44508, 8cd08553-7170-462e-ba81-b2a7a0cb37ad:192.168.5.135:39140], old=null
2019-08-23 15:31:10,868 [c8d45dbb-3bf0-41f1-917b-67c69771f96d:group-EBEDE214EDAF:LeaderElection71] INFO  server.RaftServerConfigKeys (ConfUtils.java:logGet(43)) - raft.server.watch.timeout = 10s (default)
2019-08-23 15:31:10,868 [8cd08553-7170-462e-ba81-b2a7a0cb37ad:group-4B7957B19BA7:LeaderElection67] INFO  impl.RoleInfo (RoleInfo.java:shutdownLeaderElection(134)) - 8cd08553-7170-462e-ba81-b2a7a0cb37ad: shutdown LeaderElection
2019-08-23 15:31:10,868 [c8d45dbb-3bf0-41f1-917b-67c69771f96d:group-EBEDE214EDAF:LeaderElection71] INFO  server.RaftServerConfigKeys (ConfUtils.java:logGet(43)) - raft.server.watch.timeout.denomination = 1s (default)
2019-08-23 15:31:10,868 [8cd08553-7170-462e-ba81-b2a7a0cb37ad:group-4B7957B19BA7:LeaderElection67] INFO  impl.RaftServerImpl (RaftServerImpl.java:setRole(171)) - 8cd08553-7170-462e-ba81-b2a7a0cb37ad:group-4B7957B19BA7 changes role from CANDIDATE to LEADER at term 1 for changeToLeader
2019-08-23 15:31:10,869 [c8d45dbb-3bf0-41f1-917b-67c69771f96d:group-EBEDE214EDAF:LeaderElection71] INFO  server.RaftServerConfigKeys (ConfUtils.java:logGet(43)) - raft.server.watch.element-limit = 65536 (default)
2019-08-23 15:31:10,869 [8cd08553-7170-462e-ba81-b2a7a0cb37ad:group-4B7957B19BA7:LeaderElection67] INFO  impl.RaftServerImpl (ServerState.java:setLeader(263)) - 8cd08553-7170-462e-ba81-b2a7a0cb37ad:group-4B7957B19BA7 change Leader from null to 8cd08553-7170-462e-ba81-b2a7a0cb37ad at term 1 for becomeLeader, leader elected after 5205ms
2019-08-23 15:31:10,869 [c8d45dbb-3bf0-41f1-917b-67c69771f96d:group-EBEDE214EDAF:LeaderElection71] INFO  impl.RoleInfo (RoleInfo.java:updateAndGet(143)) - c8d45dbb-3bf0-41f1-917b-67c69771f96d: start LeaderState
2019-08-23 15:31:10,869 [8cd08553-7170-462e-ba81-b2a7a0cb37ad:group-4B7957B19BA7:LeaderElection67] INFO  server.RaftServerConfigKeys (ConfUtils.java:logGet(43)) - raft.server.staging.catchup.gap = 1000 (default)
2019-08-23 15:31:10,869 [c8d45dbb-3bf0-41f1-917b-67c69771f96d:group-EBEDE214EDAF:LeaderElection71] INFO  segmented.SegmentedRaftLogWorker (SegmentedRaftLogWorker.java:startLogSegment(380)) - c8d45dbb-3bf0-41f1-917b-67c69771f96d-SegmentedRaftLogWorker:Storage Directory /workdir/hadoop-ozone/integration-test/target/test-dir/MiniOzoneClusterImpl-59c2fb18-0200-4865-85bf-81b4b37c6949/datanode-3/data/ratis/ca523b09-c1e2-435f-afe8-ebede214edaf: Starting segment from index:0
2019-08-23 15:31:10,869 [8cd08553-7170-462e-ba81-b2a7a0cb37ad:group-4B7957B19BA7:LeaderElection67] INFO  server.RaftServerConfigKeys (ConfUtils.java:logGet(43)) - raft.server.rpc.sleep.time = 25ms (default)
2019-08-23 15:31:10,870 [8cd08553-7170-462e-ba81-b2a7a0cb37ad:group-4B7957B19BA7:LeaderElection67] INFO  server.RaftServerConfigKeys (ConfUtils.java:logGet(43)) - raft.server.write.element-limit = 4096 (default)
2019-08-23 15:31:10,870 [c8d45dbb-3bf0-41f1-917b-67c69771f96d:group-EBEDE214EDAF:LeaderElection71] INFO  impl.RaftServerImpl (ServerState.java:setRaftConf(361)) - c8d45dbb-3bf0-41f1-917b-67c69771f96d:group-EBEDE214EDAF set configuration 0: [c8d45dbb-3bf0-41f1-917b-67c69771f96d:192.168.5.135:33969], old=null at 0
2019-08-23 15:31:10,870 [8cd08553-7170-462e-ba81-b2a7a0cb37ad:group-4B7957B19BA7:LeaderElection67] INFO  server.RaftServerConfigKeys (ConfUtils.java:logGet(43)) - raft.server.watch.timeout = 10s (default)
2019-08-23 15:31:10,902 [c05fed09-c95d-4327-a465-a8ae69fed776:group-4B7957B19BA7:LeaderElection70] INFO  impl.LeaderElection (LeaderElection.java:askForVotes(181)) - c05fed09-c95d-4327-a465-a8ae69fed776:group-4B7957B19BA7:LeaderElection70: begin an election at term 2 for -1: [c05fed09-c95d-4327-a465-a8ae69fed776:192.168.5.135:34176, 5fa1ed00-d108-4e10-9e2f-8b50df71b2da:192.168.5.135:44508, 8cd08553-7170-462e-ba81-b2a7a0cb37ad:192.168.5.135:39140], old=null
2019-08-23 15:31:10,902 [Thread-3549] INFO  impl.FollowerState (FollowerState.java:run(106)) - f9be0488-4b83-4ab0-b8b8-dac1c31a58bc:group-7394CA86459C changes to CANDIDATE, lastRpcTime:5109, electionTimeout:5093ms
2019-08-23 15:31:10,902 [8cd08553-7170-462e-ba81-b2a7a0cb37ad:group-4B7957B19BA7:LeaderElection67] INFO  server.RaftServerConfigKeys (ConfUtils.java:logGet(43)) - raft.server.watch.timeout.denomination = 1s (default)
2019-08-23 15:31:10,902 [Thread-3549] INFO  impl.RoleInfo (RoleInfo.java:shutdownFollowerState(121)) - f9be0488-4b83-4ab0-b8b8-dac1c31a58bc: shutdown FollowerState
2019-08-23 15:31:10,903 [8cd08553-7170-462e-ba81-b2a7a0cb37ad:group-4B7957B19BA7:LeaderElection67] INFO  server.RaftServerConfigKeys (ConfUtils.java:logGet(43)) - raft.server.watch.element-limit = 65536 (default)
2019-08-23 15:31:10,903 [Thread-3549] INFO  impl.RaftServerImpl (RaftServerImpl.java:setRole(171)) - f9be0488-4b83-4ab0-b8b8-dac1c31a58bc:group-7394CA86459C changes role from FOLLOWER to CANDIDATE at term 0 for changeToCandidate
2019-08-23 15:31:10,903 [c05fed09-c95d-4327-a465-a8ae69fed776:group-4B7957B19BA7:LeaderElection70] INFO  impl.LeaderElection (LeaderElection.java:logAndReturn(56)) - c05fed09-c95d-4327-a465-a8ae69fed776:group-4B7957B19BA7:LeaderElection70: Election REJECTED; received 0 response(s) [] and 0 exception(s); c05fed09-c95d-4327-a465-a8ae69fed776:t2, leader=null, voted=c05fed09-c95d-4327-a465-a8ae69fed776, raftlog=c05fed09-c95d-4327-a465-a8ae69fed776-SegmentedRaftLog:OPENED:c-1,f-1,i0, conf=-1: [c05fed09-c95d-4327-a465-a8ae69fed776:192.168.5.135:34176, 5fa1ed00-d108-4e10-9e2f-8b50df71b2da:192.168.5.135:44508, 8cd08553-7170-462e-ba81-b2a7a0cb37ad:192.168.5.135:39140], old=null
2019-08-23 15:31:10,903 [Thread-3549] INFO  impl.RoleInfo (RoleInfo.java:updateAndGet(143)) - f9be0488-4b83-4ab0-b8b8-dac1c31a58bc: start LeaderElection
2019-08-23 15:31:10,903 [8cd08553-7170-462e-ba81-b2a7a0cb37ad:group-4B7957B19BA7:LeaderElection67] INFO  server.RaftServerConfigKeys (ConfUtils.java:logGet(43)) - raft.server.log.appender.snapshot.chunk.size.max = 16MB (=16777216) (default)
2019-08-23 15:31:10,907 [8cd08553-7170-462e-ba81-b2a7a0cb37ad:group-4B7957B19BA7:LeaderElection67] INFO  server.RaftServerConfigKeys (ConfUtils.java:logGet(43)) - raft.server.log.appender.buffer.byte-limit = 33554432 (custom)
2019-08-23 15:31:10,907 [8cd08553-7170-462e-ba81-b2a7a0cb37ad:group-4B7957B19BA7:LeaderElection67] INFO  server.RaftServerConfigKeys (ConfUtils.java:logGet(43)) - raft.server.log.appender.buffer.element-limit = 1 (custom)
2019-08-23 15:31:10,908 [8cd08553-7170-462e-ba81-b2a7a0cb37ad:group-4B7957B19BA7:LeaderElection67] INFO  grpc.GrpcConfigKeys$Server (ConfUtils.java:logGet(43)) - raft.grpc.server.leader.outstanding.appends.max = 128 (default)
2019-08-23 15:31:10,915 [Thread-3543] INFO  impl.FollowerState (FollowerState.java:run(106)) - 45749ed4-9cb8-4dd3-a17e-80709f44a4cf:group-3248A7BDD85C changes to CANDIDATE, lastRpcTime:5181, electionTimeout:5175ms
2019-08-23 15:31:10,916 [8cd08553-7170-462e-ba81-b2a7a0cb37ad:group-4B7957B19BA7:LeaderElection67] INFO  server.RaftServerConfigKeys (ConfUtils.java:logGet(43)) - raft.server.rpc.request.timeout = 3000ms (default)
2019-08-23 15:31:10,915 [c8d45dbb-3bf0-41f1-917b-67c69771f96d-SegmentedRaftLogWorker:Storage Directory /workdir/hadoop-ozone/integration-test/target/test-dir/MiniOzoneClusterImpl-59c2fb18-0200-4865-85bf-81b4b37c6949/datanode-3/data/ratis/ca523b09-c1e2-435f-afe8-ebede214edaf] INFO  segmented.SegmentedRaftLogWorker (SegmentedRaftLogWorker.java:execute(569)) - c8d45dbb-3bf0-41f1-917b-67c69771f96d-SegmentedRaftLogWorker:Storage Directory /workdir/hadoop-ozone/integration-test/target/test-dir/MiniOzoneClusterImpl-59c2fb18-0200-4865-85bf-81b4b37c6949/datanode-3/data/ratis/ca523b09-c1e2-435f-afe8-ebede214edaf: created new log segment /workdir/hadoop-ozone/integration-test/target/test-dir/MiniOzoneClusterImpl-59c2fb18-0200-4865-85bf-81b4b37c6949/datanode-3/data/ratis/ca523b09-c1e2-435f-afe8-ebede214edaf/current/log_inprogress_0
2019-08-23 15:31:10,915 [Thread-3552] INFO  impl.FollowerState (FollowerState.java:run(106)) - c8d45dbb-3bf0-41f1-917b-67c69771f96d:group-459EAB4A3204 changes to CANDIDATE, lastRpcTime:5074, electionTimeout:5074ms
2019-08-23 15:31:10,916 [8cd08553-7170-462e-ba81-b2a7a0cb37ad:group-4B7957B19BA7:LeaderElection67] INFO  server.RaftServerConfigKeys (ConfUtils.java:logGet(43)) - raft.server.log.appender.install.snapshot.enabled = false (custom)
2019-08-23 15:31:10,916 [Thread-3543] INFO  impl.RoleInfo (RoleInfo.java:shutdownFollowerState(121)) - 45749ed4-9cb8-4dd3-a17e-80709f44a4cf: shutdown FollowerState
2019-08-23 15:31:10,916 [8cd08553-7170-462e-ba81-b2a7a0cb37ad:group-4B7957B19BA7:LeaderElection67] INFO  server.RaftServerConfigKeys (ConfUtils.java:logGet(43)) - raft.server.log.appender.snapshot.chunk.size.max = 16MB (=16777216) (default)
2019-08-23 15:31:10,917 [8cd08553-7170-462e-ba81-b2a7a0cb37ad:group-4B7957B19BA7:LeaderElection67] INFO  server.RaftServerConfigKeys (ConfUtils.java:logGet(43)) - raft.server.log.appender.buffer.byte-limit = 33554432 (custom)
2019-08-23 15:31:10,916 [Thread-3552] INFO  impl.RoleInfo (RoleInfo.java:shutdownFollowerState(121)) - c8d45dbb-3bf0-41f1-917b-67c69771f96d: shutdown FollowerState
2019-08-23 15:31:10,917 [8cd08553-7170-462e-ba81-b2a7a0cb37ad:group-4B7957B19BA7:LeaderElection67] INFO  server.RaftServerConfigKeys (ConfUtils.java:logGet(43)) - raft.server.log.appender.buffer.element-limit = 1 (custom)
2019-08-23 15:31:10,916 [Thread-3543] INFO  impl.RaftServerImpl (RaftServerImpl.java:setRole(171)) - 45749ed4-9cb8-4dd3-a17e-80709f44a4cf:group-3248A7BDD85C changes role from FOLLOWER to CANDIDATE at term 0 for changeToCandidate
2019-08-23 15:31:10,917 [8cd08553-7170-462e-ba81-b2a7a0cb37ad:group-4B7957B19BA7:LeaderElection67] INFO  grpc.GrpcConfigKeys$Server (ConfUtils.java:logGet(43)) - raft.grpc.server.leader.outstanding.appends.max = 128 (default)
2019-08-23 15:31:10,917 [Thread-3552] INFO  impl.RaftServerImpl (RaftServerImpl.java:setRole(171)) - c8d45dbb-3bf0-41f1-917b-67c69771f96d:group-459EAB4A3204 changes role from FOLLOWER to CANDIDATE at term 0 for changeToCandidate
2019-08-23 15:31:10,917 [8cd08553-7170-462e-ba81-b2a7a0cb37ad:group-4B7957B19BA7:LeaderElection67] INFO  server.RaftServerConfigKeys (ConfUtils.java:logGet(43)) - raft.server.rpc.request.timeout = 3000ms (default)
2019-08-23 15:31:10,919 [grpc-default-executor-8] INFO  impl.RaftServerImpl (RaftServerImpl.java:setRole(171)) - 5fa1ed00-d108-4e10-9e2f-8b50df71b2da:group-4B7957B19BA7 changes role from FOLLOWER to FOLLOWER at term 2 for recognizeCandidate:c05fed09-c95d-4327-a465-a8ae69fed776
2019-08-23 15:31:10,920 [grpc-default-executor-8] INFO  impl.RoleInfo (RoleInfo.java:shutdownFollowerState(121)) - 5fa1ed00-d108-4e10-9e2f-8b50df71b2da: shutdown FollowerState
2019-08-23 15:31:10,917 [Thread-3543] INFO  impl.RoleInfo (RoleInfo.java:updateAndGet(143)) - 45749ed4-9cb8-4dd3-a17e-80709f44a4cf: start LeaderElection
2019-08-23 15:31:10,920 [grpc-default-executor-8] INFO  impl.RoleInfo (RoleInfo.java:updateAndGet(143)) - 5fa1ed00-d108-4e10-9e2f-8b50df71b2da: start FollowerState
2019-08-23 15:31:10,920 [8cd08553-7170-462e-ba81-b2a7a0cb37ad:group-4B7957B19BA7:LeaderElection67] INFO  server.RaftServerConfigKeys (ConfUtils.java:logGet(43)) - raft.server.log.appender.install.snapshot.enabled = false (custom)
2019-08-23 15:31:10,920 [Thread-3552] INFO  impl.RoleInfo (RoleInfo.java:updateAndGet(143)) - c8d45dbb-3bf0-41f1-917b-67c69771f96d: start LeaderElection
2019-08-23 15:31:10,924 [8cd08553-7170-462e-ba81-b2a7a0cb37ad:group-4B7957B19BA7:LeaderElection67] INFO  impl.RoleInfo (RoleInfo.java:updateAndGet(143)) - 8cd08553-7170-462e-ba81-b2a7a0cb37ad: start LeaderState
2019-08-23 15:31:10,920 [Thread-3586] INFO  impl.FollowerState (FollowerState.java:run(114)) - 5fa1ed00-d108-4e10-9e2f-8b50df71b2da: FollowerState was interrupted: java.lang.InterruptedException: sleep interrupted
2019-08-23 15:31:10,926 [8cd08553-7170-462e-ba81-b2a7a0cb37ad:group-4B7957B19BA7:LeaderElection67] INFO  segmented.SegmentedRaftLogWorker (SegmentedRaftLogWorker.java:startLogSegment(380)) - 8cd08553-7170-462e-ba81-b2a7a0cb37ad-SegmentedRaftLogWorker:Storage Directory /workdir/hadoop-ozone/integration-test/target/test-dir/MiniOzoneClusterImpl-59c2fb18-0200-4865-85bf-81b4b37c6949/datanode-2/data/ratis/6e371ecf-2518-43a1-8e26-4b7957b19ba7: Starting segment from index:0
2019-08-23 15:31:10,928 [f9be0488-4b83-4ab0-b8b8-dac1c31a58bc:group-7394CA86459C:LeaderElection72] INFO  impl.LeaderElection (LeaderElection.java:askForVotes(181)) - f9be0488-4b83-4ab0-b8b8-dac1c31a58bc:group-7394CA86459C:LeaderElection72: begin an election at term 1 for -1: [f9be0488-4b83-4ab0-b8b8-dac1c31a58bc:192.168.5.135:39474], old=null
2019-08-23 15:31:10,931 [f9be0488-4b83-4ab0-b8b8-dac1c31a58bc:group-7394CA86459C:LeaderElection72] INFO  impl.RoleInfo (RoleInfo.java:shutdownLeaderElection(134)) - f9be0488-4b83-4ab0-b8b8-dac1c31a58bc: shutdown LeaderElection
2019-08-23 15:31:10,931 [f9be0488-4b83-4ab0-b8b8-dac1c31a58bc:group-7394CA86459C:LeaderElection72] INFO  impl.RaftServerImpl (RaftServerImpl.java:setRole(171)) - f9be0488-4b83-4ab0-b8b8-dac1c31a58bc:group-7394CA86459C changes role from CANDIDATE to LEADER at term 1 for changeToLeader
2019-08-23 15:31:10,931 [f9be0488-4b83-4ab0-b8b8-dac1c31a58bc:group-7394CA86459C:LeaderElection72] INFO  impl.RaftServerImpl (ServerState.java:setLeader(263)) - f9be0488-4b83-4ab0-b8b8-dac1c31a58bc:group-7394CA86459C change Leader from null to f9be0488-4b83-4ab0-b8b8-dac1c31a58bc at term 1 for becomeLeader, leader elected after 5141ms
2019-08-23 15:31:10,931 [f9be0488-4b83-4ab0-b8b8-dac1c31a58bc:group-7394CA86459C:LeaderElection72] INFO  server.RaftServerConfigKeys (ConfUtils.java:logGet(43)) - raft.server.staging.catchup.gap = 1000 (default)
2019-08-23 15:31:10,931 [f9be0488-4b83-4ab0-b8b8-dac1c31a58bc:group-7394CA86459C:LeaderElection72] INFO  server.RaftServerConfigKeys (ConfUtils.java:logGet(43)) - raft.server.rpc.sleep.time = 25ms (default)
2019-08-23 15:31:10,931 [f9be0488-4b83-4ab0-b8b8-dac1c31a58bc:group-7394CA86459C:LeaderElection72] INFO  server.RaftServerConfigKeys (ConfUtils.java:logGet(43)) - raft.server.write.element-limit = 4096 (default)
2019-08-23 15:31:10,931 [f9be0488-4b83-4ab0-b8b8-dac1c31a58bc:group-7394CA86459C:LeaderElection72] INFO  server.RaftServerConfigKeys (ConfUtils.java:logGet(43)) - raft.server.watch.timeout = 10s (default)
2019-08-23 15:31:10,931 [8cd08553-7170-462e-ba81-b2a7a0cb37ad:group-4B7957B19BA7:LeaderElection67] INFO  impl.RaftServerImpl (ServerState.java:setRaftConf(361)) - 8cd08553-7170-462e-ba81-b2a7a0cb37ad:group-4B7957B19BA7 set configuration 0: [c05fed09-c95d-4327-a465-a8ae69fed776:192.168.5.135:34176, 5fa1ed00-d108-4e10-9e2f-8b50df71b2da:192.168.5.135:44508, 8cd08553-7170-462e-ba81-b2a7a0cb37ad:192.168.5.135:39140], old=null at 0
2019-08-23 15:31:10,932 [f9be0488-4b83-4ab0-b8b8-dac1c31a58bc:group-7394CA86459C:LeaderElection72] INFO  server.RaftServerConfigKeys (ConfUtils.java:logGet(43)) - raft.server.watch.timeout.denomination = 1s (default)
2019-08-23 15:31:10,968 [c8d45dbb-3bf0-41f1-917b-67c69771f96d:group-459EAB4A3204:LeaderElection74] INFO  impl.LeaderElection (LeaderElection.java:askForVotes(181)) - c8d45dbb-3bf0-41f1-917b-67c69771f96d:group-459EAB4A3204:LeaderElection74: begin an election at term 1 for -1: [f9be0488-4b83-4ab0-b8b8-dac1c31a58bc:192.168.5.135:39474, 45749ed4-9cb8-4dd3-a17e-80709f44a4cf:192.168.5.135:35328, c8d45dbb-3bf0-41f1-917b-67c69771f96d:192.168.5.135:33969], old=null
2019-08-23 15:31:10,968 [45749ed4-9cb8-4dd3-a17e-80709f44a4cf:group-3248A7BDD85C:LeaderElection73] INFO  impl.LeaderElection (LeaderElection.java:askForVotes(181)) - 45749ed4-9cb8-4dd3-a17e-80709f44a4cf:group-3248A7BDD85C:LeaderElection73: begin an election at term 1 for -1: [45749ed4-9cb8-4dd3-a17e-80709f44a4cf:192.168.5.135:35328], old=null
2019-08-23 15:31:10,968 [Thread-3555] INFO  impl.FollowerState (FollowerState.java:run(106)) - 45749ed4-9cb8-4dd3-a17e-80709f44a4cf:group-459EAB4A3204 changes to CANDIDATE, lastRpcTime:5126, electionTimeout:5101ms
2019-08-23 15:31:10,969 [Thread-3555] INFO  impl.RoleInfo (RoleInfo.java:shutdownFollowerState(121)) - 45749ed4-9cb8-4dd3-a17e-80709f44a4cf: shutdown FollowerState
2019-08-23 15:31:10,968 [grpc-default-executor-13] INFO  impl.RaftServerImpl (ServerState.java:setLeader(263)) - 8cd08553-7170-462e-ba81-b2a7a0cb37ad:group-4B7957B19BA7 change Leader from 8cd08553-7170-462e-ba81-b2a7a0cb37ad to null at term 2 for updateCurrentTerm
2019-08-23 15:31:10,969 [Thread-3555] INFO  impl.RaftServerImpl (RaftServerImpl.java:setRole(171)) - 45749ed4-9cb8-4dd3-a17e-80709f44a4cf:group-459EAB4A3204 changes role from FOLLOWER to CANDIDATE at term 0 for changeToCandidate
2019-08-23 15:31:10,969 [45749ed4-9cb8-4dd3-a17e-80709f44a4cf:group-3248A7BDD85C:LeaderElection73] INFO  impl.RoleInfo (RoleInfo.java:shutdownLeaderElection(134)) - 45749ed4-9cb8-4dd3-a17e-80709f44a4cf: shutdown LeaderElection
2019-08-23 15:31:10,968 [f9be0488-4b83-4ab0-b8b8-dac1c31a58bc:group-7394CA86459C:LeaderElection72] INFO  server.RaftServerConfigKeys (ConfUtils.java:logGet(43)) - raft.server.watch.element-limit = 65536 (default)
2019-08-23 15:31:10,969 [45749ed4-9cb8-4dd3-a17e-80709f44a4cf:group-3248A7BDD85C:LeaderElection73] INFO  impl.RaftServerImpl (RaftServerImpl.java:setRole(171)) - 45749ed4-9cb8-4dd3-a17e-80709f44a4cf:group-3248A7BDD85C changes role from CANDIDATE to LEADER at term 1 for changeToLeader
2019-08-23 15:31:10,970 [45749ed4-9cb8-4dd3-a17e-80709f44a4cf:group-3248A7BDD85C:LeaderElection73] INFO  impl.RaftServerImpl (ServerState.java:setLeader(263)) - 45749ed4-9cb8-4dd3-a17e-80709f44a4cf:group-3248A7BDD85C change Leader from null to 45749ed4-9cb8-4dd3-a17e-80709f44a4cf at term 1 for becomeLeader, leader elected after 5238ms
2019-08-23 15:31:10,969 [grpc-default-executor-13] INFO  impl.RaftServerImpl (RaftServerImpl.java:setRole(171)) - 8cd08553-7170-462e-ba81-b2a7a0cb37ad:group-4B7957B19BA7 changes role from LEADER to FOLLOWER at term 2 for recognizeCandidate:c05fed09-c95d-4327-a465-a8ae69fed776
2019-08-23 15:31:10,973 [45749ed4-9cb8-4dd3-a17e-80709f44a4cf:group-3248A7BDD85C:LeaderElection73] INFO  server.RaftServerConfigKeys (ConfUtils.java:logGet(43)) - raft.server.staging.catchup.gap = 1000 (default)
2019-08-23 15:31:10,973 [f9be0488-4b83-4ab0-b8b8-dac1c31a58bc:group-7394CA86459C:LeaderElection72] INFO  impl.RoleInfo (RoleInfo.java:updateAndGet(143)) - f9be0488-4b83-4ab0-b8b8-dac1c31a58bc: start LeaderState
2019-08-23 15:31:10,970 [Thread-3555] INFO  impl.RoleInfo (RoleInfo.java:updateAndGet(143)) - 45749ed4-9cb8-4dd3-a17e-80709f44a4cf: start LeaderElection
2019-08-23 15:31:10,973 [45749ed4-9cb8-4dd3-a17e-80709f44a4cf:group-3248A7BDD85C:LeaderElection73] INFO  server.RaftServerConfigKeys (ConfUtils.java:logGet(43)) - raft.server.rpc.sleep.time = 25ms (default)
2019-08-23 15:31:10,973 [grpc-default-executor-13] INFO  impl.RoleInfo (RoleInfo.java:shutdownLeaderState(104)) - 8cd08553-7170-462e-ba81-b2a7a0cb37ad: shutdown LeaderState
2019-08-23 15:31:10,974 [45749ed4-9cb8-4dd3-a17e-80709f44a4cf:group-3248A7BDD85C:LeaderElection73] INFO  server.RaftServerConfigKeys (ConfUtils.java:logGet(43)) - raft.server.write.element-limit = 4096 (default)
2019-08-23 15:31:10,973 [f9be0488-4b83-4ab0-b8b8-dac1c31a58bc:group-7394CA86459C:LeaderElection72] INFO  segmented.SegmentedRaftLogWorker (SegmentedRaftLogWorker.java:startLogSegment(380)) - f9be0488-4b83-4ab0-b8b8-dac1c31a58bc-SegmentedRaftLogWorker:Storage Directory /workdir/hadoop-ozone/integration-test/target/test-dir/MiniOzoneClusterImpl-59c2fb18-0200-4865-85bf-81b4b37c6949/datanode-5/data/ratis/a4794bd7-9da0-40ab-9353-7394ca86459c: Starting segment from index:0
2019-08-23 15:31:10,983 [grpc-default-executor-15] INFO  client.GrpcClientProtocolClient (GrpcClientProtocolClient.java:onNext(255)) - client-51A35432A53E->f9be0488-4b83-4ab0-b8b8-dac1c31a58bc: receive RaftClientReply:client-51A35432A53E->f9be0488-4b83-4ab0-b8b8-dac1c31a58bc@group-459EAB4A3204, cid=182, FAILED org.apache.ratis.protocol.NotLeaderException: Server f9be0488-4b83-4ab0-b8b8-dac1c31a58bc is not the leader (null). Request must be sent to leader., logIndex=0, commits[f9be0488-4b83-4ab0-b8b8-dac1c31a58bc:c-1]
2019-08-23 15:31:10,983 [8cd08553-7170-462e-ba81-b2a7a0cb37ad-SegmentedRaftLogWorker:Storage Directory /workdir/hadoop-ozone/integration-test/target/test-dir/MiniOzoneClusterImpl-59c2fb18-0200-4865-85bf-81b4b37c6949/datanode-2/data/ratis/6e371ecf-2518-43a1-8e26-4b7957b19ba7] INFO  segmented.SegmentedRaftLogWorker (SegmentedRaftLogWorker.java:execute(569)) - 8cd08553-7170-462e-ba81-b2a7a0cb37ad-SegmentedRaftLogWorker:Storage Directory /workdir/hadoop-ozone/integration-test/target/test-dir/MiniOzoneClusterImpl-59c2fb18-0200-4865-85bf-81b4b37c6949/datanode-2/data/ratis/6e371ecf-2518-43a1-8e26-4b7957b19ba7: created new log segment /workdir/hadoop-ozone/integration-test/target/test-dir/MiniOzoneClusterImpl-59c2fb18-0200-4865-85bf-81b4b37c6949/datanode-2/data/ratis/6e371ecf-2518-43a1-8e26-4b7957b19ba7/current/log_inprogress_0
2019-08-23 15:31:10,983 [org.apache.ratis.server.impl.LogAppender$AppenderDaemon$$Lambda$467/782126021@462ff4bc] WARN  server.GrpcLogAppender (GrpcLogAppender.java:mayWait(143)) - GrpcLogAppender(8cd08553-7170-462e-ba81-b2a7a0cb37ad->c05fed09-c95d-4327-a465-a8ae69fed776): Wait interrupted by java.lang.InterruptedException
2019-08-23 15:31:10,983 [org.apache.ratis.server.impl.LogAppender$AppenderDaemon$$Lambda$467/782126021@32d621d] WARN  server.GrpcLogAppender (GrpcLogAppender.java:mayWait(143)) - GrpcLogAppender(8cd08553-7170-462e-ba81-b2a7a0cb37ad->5fa1ed00-d108-4e10-9e2f-8b50df71b2da): Wait interrupted by java.lang.InterruptedException
2019-08-23 15:31:10,984 [grpc-default-executor-15] INFO  server.GrpcServerProtocolService (GrpcServerProtocolService.java:onCompleted(104)) - c05fed09-c95d-4327-a465-a8ae69fed776: appendEntries completed
2019-08-23 15:31:10,983 [grpc-default-executor-13] INFO  impl.PendingRequests (PendingRequests.java:sendNotLeaderResponses(202)) - 8cd08553-7170-462e-ba81-b2a7a0cb37ad-PendingRequests: sendNotLeaderResponses
2019-08-23 15:31:10,983 [45749ed4-9cb8-4dd3-a17e-80709f44a4cf:group-3248A7BDD85C:LeaderElection73] INFO  server.RaftServerConfigKeys (ConfUtils.java:logGet(43)) - raft.server.watch.timeout = 10s (default)
2019-08-23 15:31:11,014 [45749ed4-9cb8-4dd3-a17e-80709f44a4cf:group-459EAB4A3204:LeaderElection75] INFO  impl.LeaderElection (LeaderElection.java:askForVotes(181)) - 45749ed4-9cb8-4dd3-a17e-80709f44a4cf:group-459EAB4A3204:LeaderElection75: begin an election at term 1 for -1: [f9be0488-4b83-4ab0-b8b8-dac1c31a58bc:192.168.5.135:39474, 45749ed4-9cb8-4dd3-a17e-80709f44a4cf:192.168.5.135:35328, c8d45dbb-3bf0-41f1-917b-67c69771f96d:192.168.5.135:33969], old=null
2019-08-23 15:31:11,014 [Thread-3558] INFO  impl.FollowerState (FollowerState.java:run(106)) - f9be0488-4b83-4ab0-b8b8-dac1c31a58bc:group-459EAB4A3204 changes to CANDIDATE, lastRpcTime:5171, electionTimeout:5146ms
2019-08-23 15:31:10,983 [f9be0488-4b83-4ab0-b8b8-dac1c31a58bc:group-7394CA86459C:LeaderElection72] INFO  impl.RaftServerImpl (ServerState.java:setRaftConf(361)) - f9be0488-4b83-4ab0-b8b8-dac1c31a58bc:group-7394CA86459C set configuration 0: [f9be0488-4b83-4ab0-b8b8-dac1c31a58bc:192.168.5.135:39474], old=null at 0
2019-08-23 15:31:11,015 [Thread-3558] INFO  impl.RoleInfo (RoleInfo.java:shutdownFollowerState(121)) - f9be0488-4b83-4ab0-b8b8-dac1c31a58bc: shutdown FollowerState
2019-08-23 15:31:11,018 [Thread-3558] INFO  impl.RaftServerImpl (RaftServerImpl.java:setRole(171)) - f9be0488-4b83-4ab0-b8b8-dac1c31a58bc:group-459EAB4A3204 changes role from FOLLOWER to CANDIDATE at term 0 for changeToCandidate
2019-08-23 15:31:11,015 [grpc-default-executor-15] INFO  server.GrpcServerProtocolService (GrpcServerProtocolService.java:onCompleted(104)) - 5fa1ed00-d108-4e10-9e2f-8b50df71b2da: appendEntries completed
2019-08-23 15:31:11,018 [Thread-3558] INFO  impl.RoleInfo (RoleInfo.java:updateAndGet(143)) - f9be0488-4b83-4ab0-b8b8-dac1c31a58bc: start LeaderElection
2019-08-23 15:31:11,014 [grpc-default-executor-13] INFO  impl.RoleInfo (RoleInfo.java:updateAndGet(143)) - 8cd08553-7170-462e-ba81-b2a7a0cb37ad: start FollowerState
2019-08-23 15:31:11,014 [45749ed4-9cb8-4dd3-a17e-80709f44a4cf:group-3248A7BDD85C:LeaderElection73] INFO  server.RaftServerConfigKeys (ConfUtils.java:logGet(43)) - raft.server.watch.timeout.denomination = 1s (default)
2019-08-23 15:31:11,018 [45749ed4-9cb8-4dd3-a17e-80709f44a4cf:group-3248A7BDD85C:LeaderElection73] INFO  server.RaftServerConfigKeys (ConfUtils.java:logGet(43)) - raft.server.watch.element-limit = 65536 (default)
2019-08-23 15:31:11,021 [45749ed4-9cb8-4dd3-a17e-80709f44a4cf:group-3248A7BDD85C:LeaderElection73] INFO  impl.RoleInfo (RoleInfo.java:updateAndGet(143)) - 45749ed4-9cb8-4dd3-a17e-80709f44a4cf: start LeaderState
2019-08-23 15:31:11,022 [45749ed4-9cb8-4dd3-a17e-80709f44a4cf:group-3248A7BDD85C:LeaderElection73] INFO  segmented.SegmentedRaftLogWorker (SegmentedRaftLogWorker.java:startLogSegment(380)) - 45749ed4-9cb8-4dd3-a17e-80709f44a4cf-SegmentedRaftLogWorker:Storage Directory /workdir/hadoop-ozone/integration-test/target/test-dir/MiniOzoneClusterImpl-59c2fb18-0200-4865-85bf-81b4b37c6949/datanode-4/data/ratis/d4cff562-1fd6-4ae2-a170-3248a7bdd85c: Starting segment from index:0
2019-08-23 15:31:11,022 [45749ed4-9cb8-4dd3-a17e-80709f44a4cf:group-3248A7BDD85C:LeaderElection73] INFO  impl.RaftServerImpl (ServerState.java:setRaftConf(361)) - 45749ed4-9cb8-4dd3-a17e-80709f44a4cf:group-3248A7BDD85C set configuration 0: [45749ed4-9cb8-4dd3-a17e-80709f44a4cf:192.168.5.135:35328], old=null at 0
2019-08-23 15:31:11,061 [f9be0488-4b83-4ab0-b8b8-dac1c31a58bc-SegmentedRaftLogWorker:Storage Directory /workdir/hadoop-ozone/integration-test/target/test-dir/MiniOzoneClusterImpl-59c2fb18-0200-4865-85bf-81b4b37c6949/datanode-5/data/ratis/a4794bd7-9da0-40ab-9353-7394ca86459c] INFO  segmented.SegmentedRaftLogWorker (SegmentedRaftLogWorker.java:execute(569)) - f9be0488-4b83-4ab0-b8b8-dac1c31a58bc-SegmentedRaftLogWorker:Storage Directory /workdir/hadoop-ozone/integration-test/target/test-dir/MiniOzoneClusterImpl-59c2fb18-0200-4865-85bf-81b4b37c6949/datanode-5/data/ratis/a4794bd7-9da0-40ab-9353-7394ca86459c: created new log segment /workdir/hadoop-ozone/integration-test/target/test-dir/MiniOzoneClusterImpl-59c2fb18-0200-4865-85bf-81b4b37c6949/datanode-5/data/ratis/a4794bd7-9da0-40ab-9353-7394ca86459c/current/log_inprogress_0
2019-08-23 15:31:11,061 [grpc-default-executor-14] INFO  server.GrpcLogAppender (GrpcLogAppender.java:onCompleted(292)) - 8cd08553-7170-462e-ba81-b2a7a0cb37ad->5fa1ed00-d108-4e10-9e2f-8b50df71b2da: follower responses appendEntries COMPLETED
2019-08-23 15:31:11,061 [grpc-default-executor-10] INFO  server.GrpcLogAppender (GrpcLogAppender.java:onCompleted(292)) - 8cd08553-7170-462e-ba81-b2a7a0cb37ad->c05fed09-c95d-4327-a465-a8ae69fed776: follower responses appendEntries COMPLETED
2019-08-23 15:31:11,061 [f9be0488-4b83-4ab0-b8b8-dac1c31a58bc:group-459EAB4A3204:LeaderElection76] INFO  impl.LeaderElection (LeaderElection.java:askForVotes(181)) - f9be0488-4b83-4ab0-b8b8-dac1c31a58bc:group-459EAB4A3204:LeaderElection76: begin an election at term 1 for -1: [f9be0488-4b83-4ab0-b8b8-dac1c31a58bc:192.168.5.135:39474, 45749ed4-9cb8-4dd3-a17e-80709f44a4cf:192.168.5.135:35328, c8d45dbb-3bf0-41f1-917b-67c69771f96d:192.168.5.135:33969], old=null
2019-08-23 15:31:11,062 [grpc-default-executor-10] INFO  impl.FollowerInfo (FollowerInfo.java:lambda$new$0(50)) - 8cd08553-7170-462e-ba81-b2a7a0cb37ad->c05fed09-c95d-4327-a465-a8ae69fed776: nextIndex: updateUnconditionally 0 -> 0
2019-08-23 15:31:11,061 [grpc-default-executor-14] INFO  impl.FollowerInfo (FollowerInfo.java:lambda$new$0(50)) - 8cd08553-7170-462e-ba81-b2a7a0cb37ad->5fa1ed00-d108-4e10-9e2f-8b50df71b2da: nextIndex: updateUnconditionally 0 -> 0
2019-08-23 15:31:11,063 [c8d45dbb-3bf0-41f1-917b-67c69771f96d:group-459EAB4A3204:LeaderElection74] INFO  impl.LeaderElection (LeaderElection.java:logAndReturn(56)) - c8d45dbb-3bf0-41f1-917b-67c69771f96d:group-459EAB4A3204:LeaderElection74: Election REJECTED; received 2 response(s) [c8d45dbb-3bf0-41f1-917b-67c69771f96d<-f9be0488-4b83-4ab0-b8b8-dac1c31a58bc#0:FAIL-t1, c8d45dbb-3bf0-41f1-917b-67c69771f96d<-45749ed4-9cb8-4dd3-a17e-80709f44a4cf#0:FAIL-t1] and 0 exception(s); c8d45dbb-3bf0-41f1-917b-67c69771f96d:t1, leader=null, voted=c8d45dbb-3bf0-41f1-917b-67c69771f96d, raftlog=c8d45dbb-3bf0-41f1-917b-67c69771f96d-SegmentedRaftLog:OPENED:c-1,f-1,i0, conf=-1: [f9be0488-4b83-4ab0-b8b8-dac1c31a58bc:192.168.5.135:39474, 45749ed4-9cb8-4dd3-a17e-80709f44a4cf:192.168.5.135:35328, c8d45dbb-3bf0-41f1-917b-67c69771f96d:192.168.5.135:33969], old=null
2019-08-23 15:31:11,063 [c8d45dbb-3bf0-41f1-917b-67c69771f96d:group-459EAB4A3204:LeaderElection74] INFO  impl.RaftServerImpl (RaftServerImpl.java:setRole(171)) - c8d45dbb-3bf0-41f1-917b-67c69771f96d:group-459EAB4A3204 changes role from CANDIDATE to FOLLOWER at term 1 for DISCOVERED_A_NEW_TERM
2019-08-23 15:31:11,063 [c8d45dbb-3bf0-41f1-917b-67c69771f96d:group-459EAB4A3204:LeaderElection74] INFO  impl.RoleInfo (RoleInfo.java:shutdownLeaderElection(134)) - c8d45dbb-3bf0-41f1-917b-67c69771f96d: shutdown LeaderElection
2019-08-23 15:31:11,063 [c8d45dbb-3bf0-41f1-917b-67c69771f96d:group-459EAB4A3204:LeaderElection74] INFO  impl.RoleInfo (RoleInfo.java:updateAndGet(143)) - c8d45dbb-3bf0-41f1-917b-67c69771f96d: start FollowerState
2019-08-23 15:31:11,065 [45749ed4-9cb8-4dd3-a17e-80709f44a4cf:group-459EAB4A3204:LeaderElection75] INFO  impl.LeaderElection (LeaderElection.java:logAndReturn(56)) - 45749ed4-9cb8-4dd3-a17e-80709f44a4cf:group-459EAB4A3204:LeaderElection75: Election REJECTED; received 2 response(s) [45749ed4-9cb8-4dd3-a17e-80709f44a4cf<-f9be0488-4b83-4ab0-b8b8-dac1c31a58bc#0:FAIL-t1, 45749ed4-9cb8-4dd3-a17e-80709f44a4cf<-c8d45dbb-3bf0-41f1-917b-67c69771f96d#0:FAIL-t1] and 0 exception(s); 45749ed4-9cb8-4dd3-a17e-80709f44a4cf:t1, leader=null, voted=45749ed4-9cb8-4dd3-a17e-80709f44a4cf, raftlog=45749ed4-9cb8-4dd3-a17e-80709f44a4cf-SegmentedRaftLog:OPENED:c-1,f-1,i0, conf=-1: [f9be0488-4b83-4ab0-b8b8-dac1c31a58bc:192.168.5.135:39474, 45749ed4-9cb8-4dd3-a17e-80709f44a4cf:192.168.5.135:35328, c8d45dbb-3bf0-41f1-917b-67c69771f96d:192.168.5.135:33969], old=null
2019-08-23 15:31:11,065 [45749ed4-9cb8-4dd3-a17e-80709f44a4cf:group-459EAB4A3204:LeaderElection75] INFO  impl.RaftServerImpl (RaftServerImpl.java:setRole(171)) - 45749ed4-9cb8-4dd3-a17e-80709f44a4cf:group-459EAB4A3204 changes role from CANDIDATE to FOLLOWER at term 1 for DISCOVERED_A_NEW_TERM
2019-08-23 15:31:11,065 [45749ed4-9cb8-4dd3-a17e-80709f44a4cf:group-459EAB4A3204:LeaderElection75] INFO  impl.RoleInfo (RoleInfo.java:shutdownLeaderElection(134)) - 45749ed4-9cb8-4dd3-a17e-80709f44a4cf: shutdown LeaderElection
2019-08-23 15:31:11,065 [45749ed4-9cb8-4dd3-a17e-80709f44a4cf:group-459EAB4A3204:LeaderElection75] INFO  impl.RoleInfo (RoleInfo.java:updateAndGet(143)) - 45749ed4-9cb8-4dd3-a17e-80709f44a4cf: start FollowerState
2019-08-23 15:31:11,066 [f9be0488-4b83-4ab0-b8b8-dac1c31a58bc:group-459EAB4A3204:LeaderElection76] INFO  impl.LeaderElection (LeaderElection.java:logAndReturn(56)) - f9be0488-4b83-4ab0-b8b8-dac1c31a58bc:group-459EAB4A3204:LeaderElection76: Election REJECTED; received 2 response(s) [f9be0488-4b83-4ab0-b8b8-dac1c31a58bc<-45749ed4-9cb8-4dd3-a17e-80709f44a4cf#0:FAIL-t1, f9be0488-4b83-4ab0-b8b8-dac1c31a58bc<-c8d45dbb-3bf0-41f1-917b-67c69771f96d#0:FAIL-t1] and 0 exception(s); f9be0488-4b83-4ab0-b8b8-dac1c31a58bc:t1, leader=null, voted=f9be0488-4b83-4ab0-b8b8-dac1c31a58bc, raftlog=f9be0488-4b83-4ab0-b8b8-dac1c31a58bc-SegmentedRaftLog:OPENED:c-1,f-1,i0, conf=-1: [f9be0488-4b83-4ab0-b8b8-dac1c31a58bc:192.168.5.135:39474, 45749ed4-9cb8-4dd3-a17e-80709f44a4cf:192.168.5.135:35328, c8d45dbb-3bf0-41f1-917b-67c69771f96d:192.168.5.135:33969], old=null
2019-08-23 15:31:11,066 [f9be0488-4b83-4ab0-b8b8-dac1c31a58bc:group-459EAB4A3204:LeaderElection76] INFO  impl.RaftServerImpl (RaftServerImpl.java:setRole(171)) - f9be0488-4b83-4ab0-b8b8-dac1c31a58bc:group-459EAB4A3204 changes role from CANDIDATE to FOLLOWER at term 1 for DISCOVERED_A_NEW_TERM
2019-08-23 15:31:11,066 [f9be0488-4b83-4ab0-b8b8-dac1c31a58bc:group-459EAB4A3204:LeaderElection76] INFO  impl.RoleInfo (RoleInfo.java:shutdownLeaderElection(134)) - f9be0488-4b83-4ab0-b8b8-dac1c31a58bc: shutdown LeaderElection
2019-08-23 15:31:11,066 [f9be0488-4b83-4ab0-b8b8-dac1c31a58bc:group-459EAB4A3204:LeaderElection76] INFO  impl.RoleInfo (RoleInfo.java:updateAndGet(143)) - f9be0488-4b83-4ab0-b8b8-dac1c31a58bc: start FollowerState
2019-08-23 15:31:11,074 [45749ed4-9cb8-4dd3-a17e-80709f44a4cf-SegmentedRaftLogWorker:Storage Directory /workdir/hadoop-ozone/integration-test/target/test-dir/MiniOzoneClusterImpl-59c2fb18-0200-4865-85bf-81b4b37c6949/datanode-4/data/ratis/d4cff562-1fd6-4ae2-a170-3248a7bdd85c] INFO  segmented.SegmentedRaftLogWorker (SegmentedRaftLogWorker.java:execute(569)) - 45749ed4-9cb8-4dd3-a17e-80709f44a4cf-SegmentedRaftLogWorker:Storage Directory /workdir/hadoop-ozone/integration-test/target/test-dir/MiniOzoneClusterImpl-59c2fb18-0200-4865-85bf-81b4b37c6949/datanode-4/data/ratis/d4cff562-1fd6-4ae2-a170-3248a7bdd85c: created new log segment /workdir/hadoop-ozone/integration-test/target/test-dir/MiniOzoneClusterImpl-59c2fb18-0200-4865-85bf-81b4b37c6949/datanode-4/data/ratis/d4cff562-1fd6-4ae2-a170-3248a7bdd85c/current/log_inprogress_0
2019-08-23 15:31:11,457 | INFO  | SCMAudit | user=jenkins1000 | ip=192.168.5.135 | op=SEND_HEARTBEAT {datanodeUUID=c05fed09-c95d-4327-a465-a8ae69fed776, command=[]} | ret=SUCCESS |  
2019-08-23 15:31:11,518 | INFO  | SCMAudit | user=jenkins1000 | ip=192.168.5.135 | op=SEND_HEARTBEAT {datanodeUUID=5fa1ed00-d108-4e10-9e2f-8b50df71b2da, command=[]} | ret=SUCCESS |  
2019-08-23 15:31:11,581 | INFO  | SCMAudit | user=jenkins1000 | ip=192.168.5.135 | op=SEND_HEARTBEAT {datanodeUUID=8cd08553-7170-462e-ba81-b2a7a0cb37ad, command=[]} | ret=SUCCESS |  
2019-08-23 15:31:11,638 | INFO  | SCMAudit | user=jenkins1000 | ip=192.168.5.135 | op=SEND_HEARTBEAT {datanodeUUID=c8d45dbb-3bf0-41f1-917b-67c69771f96d, command=[]} | ret=SUCCESS |  
2019-08-23 15:31:11,715 | INFO  | SCMAudit | user=jenkins1000 | ip=192.168.5.135 | op=SEND_HEARTBEAT {datanodeUUID=45749ed4-9cb8-4dd3-a17e-80709f44a4cf, command=[]} | ret=SUCCESS |  
2019-08-23 15:31:11,789 | INFO  | SCMAudit | user=jenkins1000 | ip=192.168.5.135 | op=SEND_HEARTBEAT {datanodeUUID=f9be0488-4b83-4ab0-b8b8-dac1c31a58bc, command=[]} | ret=SUCCESS |  
2019-08-23 15:31:11,839 | INFO  | SCMAudit | user=jenkins1000 | ip=192.168.5.135 | op=SEND_HEARTBEAT {datanodeUUID=f6f9bd1c-aea8-4781-a09f-2599df8cb999, command=[]} | ret=SUCCESS |  
2019-08-23 15:31:11,992 [grpc-default-executor-14] INFO  client.GrpcClientProtocolClient (GrpcClientProtocolClient.java:onNext(255)) - client-51A35432A53E->c8d45dbb-3bf0-41f1-917b-67c69771f96d: receive RaftClientReply:client-51A35432A53E->c8d45dbb-3bf0-41f1-917b-67c69771f96d@group-459EAB4A3204, cid=182, FAILED org.apache.ratis.protocol.NotLeaderException: Server c8d45dbb-3bf0-41f1-917b-67c69771f96d is not the leader (null). Request must be sent to leader., logIndex=0, commits[c8d45dbb-3bf0-41f1-917b-67c69771f96d:c-1]
2019-08-23 15:31:12,457 | INFO  | SCMAudit | user=jenkins1000 | ip=192.168.5.135 | op=SEND_HEARTBEAT {datanodeUUID=c05fed09-c95d-4327-a465-a8ae69fed776, command=[]} | ret=SUCCESS |  
2019-08-23 15:31:12,518 | INFO  | SCMAudit | user=jenkins1000 | ip=192.168.5.135 | op=SEND_HEARTBEAT {datanodeUUID=5fa1ed00-d108-4e10-9e2f-8b50df71b2da, command=[]} | ret=SUCCESS |  
2019-08-23 15:31:12,581 | INFO  | SCMAudit | user=jenkins1000 | ip=192.168.5.135 | op=SEND_HEARTBEAT {datanodeUUID=8cd08553-7170-462e-ba81-b2a7a0cb37ad, command=[]} | ret=SUCCESS |  
2019-08-23 15:31:12,638 | INFO  | SCMAudit | user=jenkins1000 | ip=192.168.5.135 | op=SEND_HEARTBEAT {datanodeUUID=c8d45dbb-3bf0-41f1-917b-67c69771f96d, command=[]} | ret=SUCCESS |  
2019-08-23 15:31:12,715 | INFO  | SCMAudit | user=jenkins1000 | ip=192.168.5.135 | op=SEND_HEARTBEAT {datanodeUUID=45749ed4-9cb8-4dd3-a17e-80709f44a4cf, command=[]} | ret=SUCCESS |  
2019-08-23 15:31:12,789 | INFO  | SCMAudit | user=jenkins1000 | ip=192.168.5.135 | op=SEND_HEARTBEAT {datanodeUUID=f9be0488-4b83-4ab0-b8b8-dac1c31a58bc, command=[]} | ret=SUCCESS |  
2019-08-23 15:31:12,839 | INFO  | SCMAudit | user=jenkins1000 | ip=192.168.5.135 | op=SEND_HEARTBEAT {datanodeUUID=f6f9bd1c-aea8-4781-a09f-2599df8cb999, command=[]} | ret=SUCCESS |  
2019-08-23 15:31:13,014 [grpc-default-executor-10] INFO  client.GrpcClientProtocolClient (GrpcClientProtocolClient.java:onNext(255)) - client-51A35432A53E->f9be0488-4b83-4ab0-b8b8-dac1c31a58bc: receive RaftClientReply:client-51A35432A53E->f9be0488-4b83-4ab0-b8b8-dac1c31a58bc@group-459EAB4A3204, cid=182, FAILED org.apache.ratis.protocol.NotLeaderException: Server f9be0488-4b83-4ab0-b8b8-dac1c31a58bc is not the leader (null). Request must be sent to leader., logIndex=0, commits[f9be0488-4b83-4ab0-b8b8-dac1c31a58bc:c-1]
2019-08-23 15:31:13,457 | INFO  | SCMAudit | user=jenkins1000 | ip=192.168.5.135 | op=SEND_HEARTBEAT {datanodeUUID=c05fed09-c95d-4327-a465-a8ae69fed776, command=[]} | ret=SUCCESS |  
2019-08-23 15:31:13,518 | INFO  | SCMAudit | user=jenkins1000 | ip=192.168.5.135 | op=SEND_HEARTBEAT {datanodeUUID=5fa1ed00-d108-4e10-9e2f-8b50df71b2da, command=[]} | ret=SUCCESS |  
2019-08-23 15:31:13,581 | INFO  | SCMAudit | user=jenkins1000 | ip=192.168.5.135 | op=SEND_HEARTBEAT {datanodeUUID=8cd08553-7170-462e-ba81-b2a7a0cb37ad, command=[]} | ret=SUCCESS |  
2019-08-23 15:31:13,638 | INFO  | SCMAudit | user=jenkins1000 | ip=192.168.5.135 | op=SEND_HEARTBEAT {datanodeUUID=c8d45dbb-3bf0-41f1-917b-67c69771f96d, command=[]} | ret=SUCCESS |  
2019-08-23 15:31:13,715 | INFO  | SCMAudit | user=jenkins1000 | ip=192.168.5.135 | op=SEND_HEARTBEAT {datanodeUUID=45749ed4-9cb8-4dd3-a17e-80709f44a4cf, command=[]} | ret=SUCCESS |  
2019-08-23 15:31:13,789 | INFO  | SCMAudit | user=jenkins1000 | ip=192.168.5.135 | op=SEND_HEARTBEAT {datanodeUUID=f9be0488-4b83-4ab0-b8b8-dac1c31a58bc, command=[]} | ret=SUCCESS |  
2019-08-23 15:31:13,839 | INFO  | SCMAudit | user=jenkins1000 | ip=192.168.5.135 | op=SEND_HEARTBEAT {datanodeUUID=f6f9bd1c-aea8-4781-a09f-2599df8cb999, command=[]} | ret=SUCCESS |  
2019-08-23 15:31:14,022 [grpc-default-executor-14] INFO  client.GrpcClientProtocolClient (GrpcClientProtocolClient.java:onNext(255)) - client-51A35432A53E->45749ed4-9cb8-4dd3-a17e-80709f44a4cf: receive RaftClientReply:client-51A35432A53E->45749ed4-9cb8-4dd3-a17e-80709f44a4cf@group-459EAB4A3204, cid=182, FAILED org.apache.ratis.protocol.NotLeaderException: Server 45749ed4-9cb8-4dd3-a17e-80709f44a4cf is not the leader (null). Request must be sent to leader., logIndex=0, commits[45749ed4-9cb8-4dd3-a17e-80709f44a4cf:c-1]
2019-08-23 15:31:14,457 | INFO  | SCMAudit | user=jenkins1000 | ip=192.168.5.135 | op=SEND_HEARTBEAT {datanodeUUID=c05fed09-c95d-4327-a465-a8ae69fed776, command=[]} | ret=SUCCESS |  
2019-08-23 15:31:14,518 | INFO  | SCMAudit | user=jenkins1000 | ip=192.168.5.135 | op=SEND_HEARTBEAT {datanodeUUID=5fa1ed00-d108-4e10-9e2f-8b50df71b2da, command=[]} | ret=SUCCESS |  
2019-08-23 15:31:14,581 | INFO  | SCMAudit | user=jenkins1000 | ip=192.168.5.135 | op=SEND_HEARTBEAT {datanodeUUID=8cd08553-7170-462e-ba81-b2a7a0cb37ad, command=[]} | ret=SUCCESS |  
2019-08-23 15:31:14,638 | INFO  | SCMAudit | user=jenkins1000 | ip=192.168.5.135 | op=SEND_HEARTBEAT {datanodeUUID=c8d45dbb-3bf0-41f1-917b-67c69771f96d, command=[]} | ret=SUCCESS |  
2019-08-23 15:31:14,715 | INFO  | SCMAudit | user=jenkins1000 | ip=192.168.5.135 | op=SEND_HEARTBEAT {datanodeUUID=45749ed4-9cb8-4dd3-a17e-80709f44a4cf, command=[]} | ret=SUCCESS |  
2019-08-23 15:31:14,788 | INFO  | SCMAudit | user=jenkins1000 | ip=192.168.5.135 | op=SEND_HEARTBEAT {datanodeUUID=f9be0488-4b83-4ab0-b8b8-dac1c31a58bc, command=[]} | ret=SUCCESS |  
2019-08-23 15:31:14,839 | INFO  | SCMAudit | user=jenkins1000 | ip=192.168.5.135 | op=SEND_HEARTBEAT {datanodeUUID=f6f9bd1c-aea8-4781-a09f-2599df8cb999, command=[]} | ret=SUCCESS |  
2019-08-23 15:31:15,030 [grpc-default-executor-10] INFO  client.GrpcClientProtocolClient (GrpcClientProtocolClient.java:onNext(255)) - client-51A35432A53E->f9be0488-4b83-4ab0-b8b8-dac1c31a58bc: receive RaftClientReply:client-51A35432A53E->f9be0488-4b83-4ab0-b8b8-dac1c31a58bc@group-459EAB4A3204, cid=182, FAILED org.apache.ratis.protocol.NotLeaderException: Server f9be0488-4b83-4ab0-b8b8-dac1c31a58bc is not the leader (null). Request must be sent to leader., logIndex=0, commits[f9be0488-4b83-4ab0-b8b8-dac1c31a58bc:c-1]
2019-08-23 15:31:15,458 | INFO  | SCMAudit | user=jenkins1000 | ip=192.168.5.135 | op=SEND_HEARTBEAT {datanodeUUID=c05fed09-c95d-4327-a465-a8ae69fed776, command=[]} | ret=SUCCESS |  
2019-08-23 15:31:15,518 | INFO  | SCMAudit | user=jenkins1000 | ip=192.168.5.135 | op=SEND_HEARTBEAT {datanodeUUID=5fa1ed00-d108-4e10-9e2f-8b50df71b2da, command=[]} | ret=SUCCESS |  
2019-08-23 15:31:15,581 | INFO  | SCMAudit | user=jenkins1000 | ip=192.168.5.135 | op=SEND_HEARTBEAT {datanodeUUID=8cd08553-7170-462e-ba81-b2a7a0cb37ad, command=[]} | ret=SUCCESS |  
2019-08-23 15:31:15,638 | INFO  | SCMAudit | user=jenkins1000 | ip=192.168.5.135 | op=SEND_HEARTBEAT {datanodeUUID=c8d45dbb-3bf0-41f1-917b-67c69771f96d, command=[]} | ret=SUCCESS |  
2019-08-23 15:31:15,715 | INFO  | SCMAudit | user=jenkins1000 | ip=192.168.5.135 | op=SEND_HEARTBEAT {datanodeUUID=45749ed4-9cb8-4dd3-a17e-80709f44a4cf, command=[]} | ret=SUCCESS |  
2019-08-23 15:31:15,789 | INFO  | SCMAudit | user=jenkins1000 | ip=192.168.5.135 | op=SEND_HEARTBEAT {datanodeUUID=f9be0488-4b83-4ab0-b8b8-dac1c31a58bc, command=[]} | ret=SUCCESS |  
2019-08-23 15:31:15,839 | INFO  | SCMAudit | user=jenkins1000 | ip=192.168.5.135 | op=SEND_HEARTBEAT {datanodeUUID=f6f9bd1c-aea8-4781-a09f-2599df8cb999, command=[]} | ret=SUCCESS |  
2019-08-23 15:31:15,982 [Thread-3587] INFO  impl.FollowerState (FollowerState.java:run(106)) - c05fed09-c95d-4327-a465-a8ae69fed776:group-4B7957B19BA7 changes to CANDIDATE, lastRpcTime:5129, electionTimeout:5127ms
2019-08-23 15:31:15,982 [Thread-3587] INFO  impl.RoleInfo (RoleInfo.java:shutdownFollowerState(121)) - c05fed09-c95d-4327-a465-a8ae69fed776: shutdown FollowerState
2019-08-23 15:31:15,982 [Thread-3587] INFO  impl.RaftServerImpl (RaftServerImpl.java:setRole(171)) - c05fed09-c95d-4327-a465-a8ae69fed776:group-4B7957B19BA7 changes role from FOLLOWER to CANDIDATE at term 2 for changeToCandidate
2019-08-23 15:31:15,983 [Thread-3587] INFO  impl.RoleInfo (RoleInfo.java:updateAndGet(143)) - c05fed09-c95d-4327-a465-a8ae69fed776: start LeaderElection
2019-08-23 15:31:15,990 [Thread-3599] INFO  impl.FollowerState (FollowerState.java:run(106)) - 5fa1ed00-d108-4e10-9e2f-8b50df71b2da:group-4B7957B19BA7 changes to CANDIDATE, lastRpcTime:5069, electionTimeout:5066ms
2019-08-23 15:31:15,990 [Thread-3599] INFO  impl.RoleInfo (RoleInfo.java:shutdownFollowerState(121)) - 5fa1ed00-d108-4e10-9e2f-8b50df71b2da: shutdown FollowerState
2019-08-23 15:31:15,990 [Thread-3599] INFO  impl.RaftServerImpl (RaftServerImpl.java:setRole(171)) - 5fa1ed00-d108-4e10-9e2f-8b50df71b2da:group-4B7957B19BA7 changes role from FOLLOWER to CANDIDATE at term 2 for changeToCandidate
2019-08-23 15:31:15,990 [Thread-3599] INFO  impl.RoleInfo (RoleInfo.java:updateAndGet(143)) - 5fa1ed00-d108-4e10-9e2f-8b50df71b2da: start LeaderElection
2019-08-23 15:31:16,001 [5fa1ed00-d108-4e10-9e2f-8b50df71b2da:group-4B7957B19BA7:LeaderElection78] INFO  impl.LeaderElection (LeaderElection.java:askForVotes(181)) - 5fa1ed00-d108-4e10-9e2f-8b50df71b2da:group-4B7957B19BA7:LeaderElection78: begin an election at term 3 for -1: [c05fed09-c95d-4327-a465-a8ae69fed776:192.168.5.135:34176, 5fa1ed00-d108-4e10-9e2f-8b50df71b2da:192.168.5.135:44508, 8cd08553-7170-462e-ba81-b2a7a0cb37ad:192.168.5.135:39140], old=null
2019-08-23 15:31:16,001 [c05fed09-c95d-4327-a465-a8ae69fed776:group-4B7957B19BA7:LeaderElection77] INFO  impl.LeaderElection (LeaderElection.java:askForVotes(181)) - c05fed09-c95d-4327-a465-a8ae69fed776:group-4B7957B19BA7:LeaderElection77: begin an election at term 3 for -1: [c05fed09-c95d-4327-a465-a8ae69fed776:192.168.5.135:34176, 5fa1ed00-d108-4e10-9e2f-8b50df71b2da:192.168.5.135:44508, 8cd08553-7170-462e-ba81-b2a7a0cb37ad:192.168.5.135:39140], old=null
2019-08-23 15:31:16,005 [grpc-default-executor-10] INFO  impl.RaftServerImpl (RaftServerImpl.java:setRole(171)) - 8cd08553-7170-462e-ba81-b2a7a0cb37ad:group-4B7957B19BA7 changes role from FOLLOWER to FOLLOWER at term 3 for recognizeCandidate:c05fed09-c95d-4327-a465-a8ae69fed776
2019-08-23 15:31:16,005 [grpc-default-executor-10] INFO  impl.RoleInfo (RoleInfo.java:shutdownFollowerState(121)) - 8cd08553-7170-462e-ba81-b2a7a0cb37ad: shutdown FollowerState
2019-08-23 15:31:16,006 [grpc-default-executor-10] INFO  impl.RoleInfo (RoleInfo.java:updateAndGet(143)) - 8cd08553-7170-462e-ba81-b2a7a0cb37ad: start FollowerState
2019-08-23 15:31:16,006 [Thread-3608] INFO  impl.FollowerState (FollowerState.java:run(114)) - 8cd08553-7170-462e-ba81-b2a7a0cb37ad: FollowerState was interrupted: java.lang.InterruptedException: sleep interrupted
2019-08-23 15:31:16,022 [grpc-default-executor-14] INFO  impl.RaftServerImpl (RaftServerImpl.java:setRole(171)) - 8cd08553-7170-462e-ba81-b2a7a0cb37ad:group-4B7957B19BA7 changes role from FOLLOWER to FOLLOWER at term 3 for recognizeCandidate:5fa1ed00-d108-4e10-9e2f-8b50df71b2da
2019-08-23 15:31:16,022 [grpc-default-executor-14] INFO  impl.RoleInfo (RoleInfo.java:shutdownFollowerState(121)) - 8cd08553-7170-462e-ba81-b2a7a0cb37ad: shutdown FollowerState
2019-08-23 15:31:16,023 [grpc-default-executor-14] INFO  impl.RoleInfo (RoleInfo.java:updateAndGet(143)) - 8cd08553-7170-462e-ba81-b2a7a0cb37ad: start FollowerState
2019-08-23 15:31:16,023 [Thread-3636] INFO  impl.FollowerState (FollowerState.java:run(114)) - 8cd08553-7170-462e-ba81-b2a7a0cb37ad: FollowerState was interrupted: java.lang.InterruptedException: sleep interrupted
2019-08-23 15:31:16,023 [c05fed09-c95d-4327-a465-a8ae69fed776:group-4B7957B19BA7:LeaderElection77] INFO  impl.LeaderElection (LeaderElection.java:logAndReturn(56)) - c05fed09-c95d-4327-a465-a8ae69fed776:group-4B7957B19BA7:LeaderElection77: Election REJECTED; received 2 response(s) [c05fed09-c95d-4327-a465-a8ae69fed776<-5fa1ed00-d108-4e10-9e2f-8b50df71b2da#0:FAIL-t3, c05fed09-c95d-4327-a465-a8ae69fed776<-8cd08553-7170-462e-ba81-b2a7a0cb37ad#0:FAIL-t3] and 0 exception(s); c05fed09-c95d-4327-a465-a8ae69fed776:t3, leader=null, voted=c05fed09-c95d-4327-a465-a8ae69fed776, raftlog=c05fed09-c95d-4327-a465-a8ae69fed776-SegmentedRaftLog:OPENED:c-1,f-1,i0, conf=-1: [c05fed09-c95d-4327-a465-a8ae69fed776:192.168.5.135:34176, 5fa1ed00-d108-4e10-9e2f-8b50df71b2da:192.168.5.135:44508, 8cd08553-7170-462e-ba81-b2a7a0cb37ad:192.168.5.135:39140], old=null
2019-08-23 15:31:16,026 [c05fed09-c95d-4327-a465-a8ae69fed776:group-4B7957B19BA7:LeaderElection77] INFO  impl.RaftServerImpl (RaftServerImpl.java:setRole(171)) - c05fed09-c95d-4327-a465-a8ae69fed776:group-4B7957B19BA7 changes role from CANDIDATE to FOLLOWER at term 3 for DISCOVERED_A_NEW_TERM
2019-08-23 15:31:16,026 [c05fed09-c95d-4327-a465-a8ae69fed776:group-4B7957B19BA7:LeaderElection77] INFO  impl.RoleInfo (RoleInfo.java:shutdownLeaderElection(134)) - c05fed09-c95d-4327-a465-a8ae69fed776: shutdown LeaderElection
2019-08-23 15:31:16,026 [c05fed09-c95d-4327-a465-a8ae69fed776:group-4B7957B19BA7:LeaderElection77] INFO  impl.RoleInfo (RoleInfo.java:updateAndGet(143)) - c05fed09-c95d-4327-a465-a8ae69fed776: start FollowerState
2019-08-23 15:31:16,026 [5fa1ed00-d108-4e10-9e2f-8b50df71b2da:group-4B7957B19BA7:LeaderElection78] INFO  impl.LeaderElection (LeaderElection.java:logAndReturn(56)) - 5fa1ed00-d108-4e10-9e2f-8b50df71b2da:group-4B7957B19BA7:LeaderElection78: Election REJECTED; received 2 response(s) [5fa1ed00-d108-4e10-9e2f-8b50df71b2da<-c05fed09-c95d-4327-a465-a8ae69fed776#0:FAIL-t3, 5fa1ed00-d108-4e10-9e2f-8b50df71b2da<-8cd08553-7170-462e-ba81-b2a7a0cb37ad#0:FAIL-t3] and 0 exception(s); 5fa1ed00-d108-4e10-9e2f-8b50df71b2da:t3, leader=null, voted=5fa1ed00-d108-4e10-9e2f-8b50df71b2da, raftlog=5fa1ed00-d108-4e10-9e2f-8b50df71b2da-SegmentedRaftLog:OPENED:c-1,f-1,i0, conf=-1: [c05fed09-c95d-4327-a465-a8ae69fed776:192.168.5.135:34176, 5fa1ed00-d108-4e10-9e2f-8b50df71b2da:192.168.5.135:44508, 8cd08553-7170-462e-ba81-b2a7a0cb37ad:192.168.5.135:39140], old=null
2019-08-23 15:31:16,027 [5fa1ed00-d108-4e10-9e2f-8b50df71b2da:group-4B7957B19BA7:LeaderElection78] INFO  impl.RaftServerImpl (RaftServerImpl.java:setRole(171)) - 5fa1ed00-d108-4e10-9e2f-8b50df71b2da:group-4B7957B19BA7 changes role from CANDIDATE to FOLLOWER at term 3 for DISCOVERED_A_NEW_TERM
2019-08-23 15:31:16,027 [5fa1ed00-d108-4e10-9e2f-8b50df71b2da:group-4B7957B19BA7:LeaderElection78] INFO  impl.RoleInfo (RoleInfo.java:shutdownLeaderElection(134)) - 5fa1ed00-d108-4e10-9e2f-8b50df71b2da: shutdown LeaderElection
2019-08-23 15:31:16,027 [5fa1ed00-d108-4e10-9e2f-8b50df71b2da:group-4B7957B19BA7:LeaderElection78] INFO  impl.RoleInfo (RoleInfo.java:updateAndGet(143)) - 5fa1ed00-d108-4e10-9e2f-8b50df71b2da: start FollowerState
2019-08-23 15:31:16,037 [grpc-default-executor-14] INFO  client.GrpcClientProtocolClient (GrpcClientProtocolClient.java:onNext(255)) - client-51A35432A53E->45749ed4-9cb8-4dd3-a17e-80709f44a4cf: receive RaftClientReply:client-51A35432A53E->45749ed4-9cb8-4dd3-a17e-80709f44a4cf@group-459EAB4A3204, cid=182, FAILED org.apache.ratis.protocol.NotLeaderException: Server 45749ed4-9cb8-4dd3-a17e-80709f44a4cf is not the leader (null). Request must be sent to leader., logIndex=0, commits[45749ed4-9cb8-4dd3-a17e-80709f44a4cf:c-1]
2019-08-23 15:31:16,107 [Thread-3616] INFO  impl.FollowerState (FollowerState.java:run(106)) - f9be0488-4b83-4ab0-b8b8-dac1c31a58bc:group-459EAB4A3204 changes to CANDIDATE, lastRpcTime:5040, electionTimeout:5040ms
2019-08-23 15:31:16,107 [Thread-3616] INFO  impl.RoleInfo (RoleInfo.java:shutdownFollowerState(121)) - f9be0488-4b83-4ab0-b8b8-dac1c31a58bc: shutdown FollowerState
2019-08-23 15:31:16,107 [Thread-3616] INFO  impl.RaftServerImpl (RaftServerImpl.java:setRole(171)) - f9be0488-4b83-4ab0-b8b8-dac1c31a58bc:group-459EAB4A3204 changes role from FOLLOWER to CANDIDATE at term 1 for changeToCandidate
2019-08-23 15:31:16,107 [Thread-3616] INFO  impl.RoleInfo (RoleInfo.java:updateAndGet(143)) - f9be0488-4b83-4ab0-b8b8-dac1c31a58bc: start LeaderElection
2019-08-23 15:31:16,122 [f9be0488-4b83-4ab0-b8b8-dac1c31a58bc:group-459EAB4A3204:LeaderElection79] INFO  impl.LeaderElection (LeaderElection.java:askForVotes(181)) - f9be0488-4b83-4ab0-b8b8-dac1c31a58bc:group-459EAB4A3204:LeaderElection79: begin an election at term 2 for -1: [f9be0488-4b83-4ab0-b8b8-dac1c31a58bc:192.168.5.135:39474, 45749ed4-9cb8-4dd3-a17e-80709f44a4cf:192.168.5.135:35328, c8d45dbb-3bf0-41f1-917b-67c69771f96d:192.168.5.135:33969], old=null
2019-08-23 15:31:16,125 [grpc-default-executor-14] INFO  impl.RaftServerImpl (RaftServerImpl.java:setRole(171)) - c8d45dbb-3bf0-41f1-917b-67c69771f96d:group-459EAB4A3204 changes role from FOLLOWER to FOLLOWER at term 2 for recognizeCandidate:f9be0488-4b83-4ab0-b8b8-dac1c31a58bc
2019-08-23 15:31:16,125 [grpc-default-executor-14] INFO  impl.RoleInfo (RoleInfo.java:shutdownFollowerState(121)) - c8d45dbb-3bf0-41f1-917b-67c69771f96d: shutdown FollowerState
2019-08-23 15:31:16,125 [grpc-default-executor-10] INFO  impl.RaftServerImpl (RaftServerImpl.java:setRole(171)) - 45749ed4-9cb8-4dd3-a17e-80709f44a4cf:group-459EAB4A3204 changes role from FOLLOWER to FOLLOWER at term 2 for recognizeCandidate:f9be0488-4b83-4ab0-b8b8-dac1c31a58bc
2019-08-23 15:31:16,126 [Thread-3614] INFO  impl.FollowerState (FollowerState.java:run(114)) - c8d45dbb-3bf0-41f1-917b-67c69771f96d: FollowerState was interrupted: java.lang.InterruptedException: sleep interrupted
2019-08-23 15:31:16,125 [grpc-default-executor-14] INFO  impl.RoleInfo (RoleInfo.java:updateAndGet(143)) - c8d45dbb-3bf0-41f1-917b-67c69771f96d: start FollowerState
2019-08-23 15:31:16,126 [grpc-default-executor-10] INFO  impl.RoleInfo (RoleInfo.java:shutdownFollowerState(121)) - 45749ed4-9cb8-4dd3-a17e-80709f44a4cf: shutdown FollowerState
2019-08-23 15:31:16,129 [grpc-default-executor-10] INFO  impl.RoleInfo (RoleInfo.java:updateAndGet(143)) - 45749ed4-9cb8-4dd3-a17e-80709f44a4cf: start FollowerState
2019-08-23 15:31:16,129 [Thread-3615] INFO  impl.FollowerState (FollowerState.java:run(114)) - 45749ed4-9cb8-4dd3-a17e-80709f44a4cf: FollowerState was interrupted: java.lang.InterruptedException: sleep interrupted
2019-08-23 15:31:16,153 [f9be0488-4b83-4ab0-b8b8-dac1c31a58bc:group-459EAB4A3204:LeaderElection79] INFO  impl.LeaderElection (LeaderElection.java:logAndReturn(56)) - f9be0488-4b83-4ab0-b8b8-dac1c31a58bc:group-459EAB4A3204:LeaderElection79: Election PASSED; received 1 response(s) [f9be0488-4b83-4ab0-b8b8-dac1c31a58bc<-c8d45dbb-3bf0-41f1-917b-67c69771f96d#0:OK-t2] and 0 exception(s); f9be0488-4b83-4ab0-b8b8-dac1c31a58bc:t2, leader=null, voted=f9be0488-4b83-4ab0-b8b8-dac1c31a58bc, raftlog=f9be0488-4b83-4ab0-b8b8-dac1c31a58bc-SegmentedRaftLog:OPENED:c-1,f-1,i0, conf=-1: [f9be0488-4b83-4ab0-b8b8-dac1c31a58bc:192.168.5.135:39474, 45749ed4-9cb8-4dd3-a17e-80709f44a4cf:192.168.5.135:35328, c8d45dbb-3bf0-41f1-917b-67c69771f96d:192.168.5.135:33969], old=null
2019-08-23 15:31:16,153 [f9be0488-4b83-4ab0-b8b8-dac1c31a58bc:group-459EAB4A3204:LeaderElection79] INFO  impl.RoleInfo (RoleInfo.java:shutdownLeaderElection(134)) - f9be0488-4b83-4ab0-b8b8-dac1c31a58bc: shutdown LeaderElection
2019-08-23 15:31:16,154 [f9be0488-4b83-4ab0-b8b8-dac1c31a58bc:group-459EAB4A3204:LeaderElection79] INFO  impl.RaftServerImpl (RaftServerImpl.java:setRole(171)) - f9be0488-4b83-4ab0-b8b8-dac1c31a58bc:group-459EAB4A3204 changes role from CANDIDATE to LEADER at term 2 for changeToLeader
2019-08-23 15:31:16,154 [f9be0488-4b83-4ab0-b8b8-dac1c31a58bc:group-459EAB4A3204:LeaderElection79] INFO  impl.RaftServerImpl (ServerState.java:setLeader(263)) - f9be0488-4b83-4ab0-b8b8-dac1c31a58bc:group-459EAB4A3204 change Leader from null to f9be0488-4b83-4ab0-b8b8-dac1c31a58bc at term 2 for becomeLeader, leader elected after 10320ms
2019-08-23 15:31:16,154 [f9be0488-4b83-4ab0-b8b8-dac1c31a58bc:group-459EAB4A3204:LeaderElection79] INFO  server.RaftServerConfigKeys (ConfUtils.java:logGet(43)) - raft.server.staging.catchup.gap = 1000 (default)
2019-08-23 15:31:16,154 [f9be0488-4b83-4ab0-b8b8-dac1c31a58bc:group-459EAB4A3204:LeaderElection79] INFO  server.RaftServerConfigKeys (ConfUtils.java:logGet(43)) - raft.server.rpc.sleep.time = 25ms (default)
2019-08-23 15:31:16,154 [f9be0488-4b83-4ab0-b8b8-dac1c31a58bc:group-459EAB4A3204:LeaderElection79] INFO  server.RaftServerConfigKeys (ConfUtils.java:logGet(43)) - raft.server.write.element-limit = 4096 (default)
2019-08-23 15:31:16,155 [f9be0488-4b83-4ab0-b8b8-dac1c31a58bc:group-459EAB4A3204:LeaderElection79] INFO  server.RaftServerConfigKeys (ConfUtils.java:logGet(43)) - raft.server.watch.timeout = 10s (default)
2019-08-23 15:31:16,155 [f9be0488-4b83-4ab0-b8b8-dac1c31a58bc:group-459EAB4A3204:LeaderElection79] INFO  server.RaftServerConfigKeys (ConfUtils.java:logGet(43)) - raft.server.watch.timeout.denomination = 1s (default)
2019-08-23 15:31:16,155 [f9be0488-4b83-4ab0-b8b8-dac1c31a58bc:group-459EAB4A3204:LeaderElection79] INFO  server.RaftServerConfigKeys (ConfUtils.java:logGet(43)) - raft.server.watch.element-limit = 65536 (default)
2019-08-23 15:31:16,155 [f9be0488-4b83-4ab0-b8b8-dac1c31a58bc:group-459EAB4A3204:LeaderElection79] INFO  server.RaftServerConfigKeys (ConfUtils.java:logGet(43)) - raft.server.log.appender.snapshot.chunk.size.max = 16MB (=16777216) (default)
2019-08-23 15:31:16,155 [f9be0488-4b83-4ab0-b8b8-dac1c31a58bc:group-459EAB4A3204:LeaderElection79] INFO  server.RaftServerConfigKeys (ConfUtils.java:logGet(43)) - raft.server.log.appender.buffer.byte-limit = 33554432 (custom)
2019-08-23 15:31:16,156 [f9be0488-4b83-4ab0-b8b8-dac1c31a58bc:group-459EAB4A3204:LeaderElection79] INFO  server.RaftServerConfigKeys (ConfUtils.java:logGet(43)) - raft.server.log.appender.buffer.element-limit = 1 (custom)
2019-08-23 15:31:16,156 [f9be0488-4b83-4ab0-b8b8-dac1c31a58bc:group-459EAB4A3204:LeaderElection79] INFO  grpc.GrpcConfigKeys$Server (ConfUtils.java:logGet(43)) - raft.grpc.server.leader.outstanding.appends.max = 128 (default)
2019-08-23 15:31:16,156 [f9be0488-4b83-4ab0-b8b8-dac1c31a58bc:group-459EAB4A3204:LeaderElection79] INFO  server.RaftServerConfigKeys (ConfUtils.java:logGet(43)) - raft.server.rpc.request.timeout = 3000ms (default)
2019-08-23 15:31:16,156 [f9be0488-4b83-4ab0-b8b8-dac1c31a58bc:group-459EAB4A3204:LeaderElection79] INFO  server.RaftServerConfigKeys (ConfUtils.java:logGet(43)) - raft.server.log.appender.install.snapshot.enabled = false (custom)
2019-08-23 15:31:16,157 [f9be0488-4b83-4ab0-b8b8-dac1c31a58bc:group-459EAB4A3204:LeaderElection79] INFO  server.RaftServerConfigKeys (ConfUtils.java:logGet(43)) - raft.server.log.appender.snapshot.chunk.size.max = 16MB (=16777216) (default)
2019-08-23 15:31:16,157 [f9be0488-4b83-4ab0-b8b8-dac1c31a58bc:group-459EAB4A3204:LeaderElection79] INFO  server.RaftServerConfigKeys (ConfUtils.java:logGet(43)) - raft.server.log.appender.buffer.byte-limit = 33554432 (custom)
2019-08-23 15:31:16,157 [f9be0488-4b83-4ab0-b8b8-dac1c31a58bc:group-459EAB4A3204:LeaderElection79] INFO  server.RaftServerConfigKeys (ConfUtils.java:logGet(43)) - raft.server.log.appender.buffer.element-limit = 1 (custom)
2019-08-23 15:31:16,157 [f9be0488-4b83-4ab0-b8b8-dac1c31a58bc:group-459EAB4A3204:LeaderElection79] INFO  grpc.GrpcConfigKeys$Server (ConfUtils.java:logGet(43)) - raft.grpc.server.leader.outstanding.appends.max = 128 (default)
2019-08-23 15:31:16,157 [f9be0488-4b83-4ab0-b8b8-dac1c31a58bc:group-459EAB4A3204:LeaderElection79] INFO  server.RaftServerConfigKeys (ConfUtils.java:logGet(43)) - raft.server.rpc.request.timeout = 3000ms (default)
2019-08-23 15:31:16,158 [f9be0488-4b83-4ab0-b8b8-dac1c31a58bc:group-459EAB4A3204:LeaderElection79] INFO  server.RaftServerConfigKeys (ConfUtils.java:logGet(43)) - raft.server.log.appender.install.snapshot.enabled = false (custom)
2019-08-23 15:31:16,158 [f9be0488-4b83-4ab0-b8b8-dac1c31a58bc:group-459EAB4A3204:LeaderElection79] INFO  impl.RoleInfo (RoleInfo.java:updateAndGet(143)) - f9be0488-4b83-4ab0-b8b8-dac1c31a58bc: start LeaderState
2019-08-23 15:31:16,158 [f9be0488-4b83-4ab0-b8b8-dac1c31a58bc:group-459EAB4A3204:LeaderElection79] INFO  segmented.SegmentedRaftLogWorker (SegmentedRaftLogWorker.java:startLogSegment(380)) - f9be0488-4b83-4ab0-b8b8-dac1c31a58bc-SegmentedRaftLogWorker:Storage Directory /workdir/hadoop-ozone/integration-test/target/test-dir/MiniOzoneClusterImpl-59c2fb18-0200-4865-85bf-81b4b37c6949/datanode-5/data/ratis/94826461-6c9c-408f-b25b-459eab4a3204: Starting segment from index:0
2019-08-23 15:31:16,159 [f9be0488-4b83-4ab0-b8b8-dac1c31a58bc:group-459EAB4A3204:LeaderElection79] INFO  impl.RaftServerImpl (ServerState.java:setRaftConf(361)) - f9be0488-4b83-4ab0-b8b8-dac1c31a58bc:group-459EAB4A3204 set configuration 0: [f9be0488-4b83-4ab0-b8b8-dac1c31a58bc:192.168.5.135:39474, 45749ed4-9cb8-4dd3-a17e-80709f44a4cf:192.168.5.135:35328, c8d45dbb-3bf0-41f1-917b-67c69771f96d:192.168.5.135:33969], old=null at 0
2019-08-23 15:31:16,161 [grpc-default-executor-10] INFO  impl.RaftServerImpl (ServerState.java:setLeader(263)) - c8d45dbb-3bf0-41f1-917b-67c69771f96d:group-459EAB4A3204 change Leader from null to f9be0488-4b83-4ab0-b8b8-dac1c31a58bc at term 2 for appendEntries, leader elected after 10327ms
2019-08-23 15:31:16,161 [grpc-default-executor-14] INFO  impl.RaftServerImpl (ServerState.java:setLeader(263)) - 45749ed4-9cb8-4dd3-a17e-80709f44a4cf:group-459EAB4A3204 change Leader from null to f9be0488-4b83-4ab0-b8b8-dac1c31a58bc at term 2 for appendEntries, leader elected after 10327ms
2019-08-23 15:31:16,164 [grpc-default-executor-10] INFO  impl.RaftServerImpl (ServerState.java:setRaftConf(361)) - c8d45dbb-3bf0-41f1-917b-67c69771f96d:group-459EAB4A3204 set configuration 0: [f9be0488-4b83-4ab0-b8b8-dac1c31a58bc:192.168.5.135:39474, 45749ed4-9cb8-4dd3-a17e-80709f44a4cf:192.168.5.135:35328, c8d45dbb-3bf0-41f1-917b-67c69771f96d:192.168.5.135:33969], old=null at 0
2019-08-23 15:31:16,164 [grpc-default-executor-10] INFO  segmented.SegmentedRaftLogWorker (SegmentedRaftLogWorker.java:startLogSegment(380)) - c8d45dbb-3bf0-41f1-917b-67c69771f96d-SegmentedRaftLogWorker:Storage Directory /workdir/hadoop-ozone/integration-test/target/test-dir/MiniOzoneClusterImpl-59c2fb18-0200-4865-85bf-81b4b37c6949/datanode-3/data/ratis/94826461-6c9c-408f-b25b-459eab4a3204: Starting segment from index:0
2019-08-23 15:31:16,164 [grpc-default-executor-14] INFO  impl.RaftServerImpl (ServerState.java:setRaftConf(361)) - 45749ed4-9cb8-4dd3-a17e-80709f44a4cf:group-459EAB4A3204 set configuration 0: [f9be0488-4b83-4ab0-b8b8-dac1c31a58bc:192.168.5.135:39474, 45749ed4-9cb8-4dd3-a17e-80709f44a4cf:192.168.5.135:35328, c8d45dbb-3bf0-41f1-917b-67c69771f96d:192.168.5.135:33969], old=null at 0
2019-08-23 15:31:16,164 [grpc-default-executor-14] INFO  segmented.SegmentedRaftLogWorker (SegmentedRaftLogWorker.java:startLogSegment(380)) - 45749ed4-9cb8-4dd3-a17e-80709f44a4cf-SegmentedRaftLogWorker:Storage Directory /workdir/hadoop-ozone/integration-test/target/test-dir/MiniOzoneClusterImpl-59c2fb18-0200-4865-85bf-81b4b37c6949/datanode-4/data/ratis/94826461-6c9c-408f-b25b-459eab4a3204: Starting segment from index:0
2019-08-23 15:31:16,226 [f9be0488-4b83-4ab0-b8b8-dac1c31a58bc-SegmentedRaftLogWorker:Storage Directory /workdir/hadoop-ozone/integration-test/target/test-dir/MiniOzoneClusterImpl-59c2fb18-0200-4865-85bf-81b4b37c6949/datanode-5/data/ratis/94826461-6c9c-408f-b25b-459eab4a3204] INFO  segmented.SegmentedRaftLogWorker (SegmentedRaftLogWorker.java:execute(569)) - f9be0488-4b83-4ab0-b8b8-dac1c31a58bc-SegmentedRaftLogWorker:Storage Directory /workdir/hadoop-ozone/integration-test/target/test-dir/MiniOzoneClusterImpl-59c2fb18-0200-4865-85bf-81b4b37c6949/datanode-5/data/ratis/94826461-6c9c-408f-b25b-459eab4a3204: created new log segment /workdir/hadoop-ozone/integration-test/target/test-dir/MiniOzoneClusterImpl-59c2fb18-0200-4865-85bf-81b4b37c6949/datanode-5/data/ratis/94826461-6c9c-408f-b25b-459eab4a3204/current/log_inprogress_0
2019-08-23 15:31:16,226 [c8d45dbb-3bf0-41f1-917b-67c69771f96d-SegmentedRaftLogWorker:Storage Directory /workdir/hadoop-ozone/integration-test/target/test-dir/MiniOzoneClusterImpl-59c2fb18-0200-4865-85bf-81b4b37c6949/datanode-3/data/ratis/94826461-6c9c-408f-b25b-459eab4a3204] INFO  segmented.SegmentedRaftLogWorker (SegmentedRaftLogWorker.java:execute(569)) - c8d45dbb-3bf0-41f1-917b-67c69771f96d-SegmentedRaftLogWorker:Storage Directory /workdir/hadoop-ozone/integration-test/target/test-dir/MiniOzoneClusterImpl-59c2fb18-0200-4865-85bf-81b4b37c6949/datanode-3/data/ratis/94826461-6c9c-408f-b25b-459eab4a3204: created new log segment /workdir/hadoop-ozone/integration-test/target/test-dir/MiniOzoneClusterImpl-59c2fb18-0200-4865-85bf-81b4b37c6949/datanode-3/data/ratis/94826461-6c9c-408f-b25b-459eab4a3204/current/log_inprogress_0
2019-08-23 15:31:16,226 [45749ed4-9cb8-4dd3-a17e-80709f44a4cf-SegmentedRaftLogWorker:Storage Directory /workdir/hadoop-ozone/integration-test/target/test-dir/MiniOzoneClusterImpl-59c2fb18-0200-4865-85bf-81b4b37c6949/datanode-4/data/ratis/94826461-6c9c-408f-b25b-459eab4a3204] INFO  segmented.SegmentedRaftLogWorker (SegmentedRaftLogWorker.java:execute(569)) - 45749ed4-9cb8-4dd3-a17e-80709f44a4cf-SegmentedRaftLogWorker:Storage Directory /workdir/hadoop-ozone/integration-test/target/test-dir/MiniOzoneClusterImpl-59c2fb18-0200-4865-85bf-81b4b37c6949/datanode-4/data/ratis/94826461-6c9c-408f-b25b-459eab4a3204: created new log segment /workdir/hadoop-ozone/integration-test/target/test-dir/MiniOzoneClusterImpl-59c2fb18-0200-4865-85bf-81b4b37c6949/datanode-4/data/ratis/94826461-6c9c-408f-b25b-459eab4a3204/current/log_inprogress_0
2019-08-23 15:31:16,458 | INFO  | SCMAudit | user=jenkins1000 | ip=192.168.5.135 | op=SEND_HEARTBEAT {datanodeUUID=c05fed09-c95d-4327-a465-a8ae69fed776, command=[]} | ret=SUCCESS |  
2019-08-23 15:31:16,518 | INFO  | SCMAudit | user=jenkins1000 | ip=192.168.5.135 | op=SEND_HEARTBEAT {datanodeUUID=5fa1ed00-d108-4e10-9e2f-8b50df71b2da, command=[]} | ret=SUCCESS |  
2019-08-23 15:31:16,581 | INFO  | SCMAudit | user=jenkins1000 | ip=192.168.5.135 | op=SEND_HEARTBEAT {datanodeUUID=8cd08553-7170-462e-ba81-b2a7a0cb37ad, command=[]} | ret=SUCCESS |  
2019-08-23 15:31:16,638 | INFO  | SCMAudit | user=jenkins1000 | ip=192.168.5.135 | op=SEND_HEARTBEAT {datanodeUUID=c8d45dbb-3bf0-41f1-917b-67c69771f96d, command=[]} | ret=SUCCESS |  
2019-08-23 15:31:16,715 | INFO  | SCMAudit | user=jenkins1000 | ip=192.168.5.135 | op=SEND_HEARTBEAT {datanodeUUID=45749ed4-9cb8-4dd3-a17e-80709f44a4cf, command=[]} | ret=SUCCESS |  
2019-08-23 15:31:16,789 | INFO  | SCMAudit | user=jenkins1000 | ip=192.168.5.135 | op=SEND_HEARTBEAT {datanodeUUID=f9be0488-4b83-4ab0-b8b8-dac1c31a58bc, command=[]} | ret=SUCCESS |  
2019-08-23 15:31:16,840 | INFO  | SCMAudit | user=jenkins1000 | ip=192.168.5.135 | op=SEND_HEARTBEAT {datanodeUUID=f6f9bd1c-aea8-4781-a09f-2599df8cb999, command=[]} | ret=SUCCESS |  
2019-08-23 15:31:17,150 | INFO  | DNAudit | user=null | ip=null | op=WRITE_CHUNK {blockData=conID: 1 locID: 102667011153788942 bcsId: 0} | ret=SUCCESS |  
2019-08-23 15:31:17,150 | INFO  | DNAudit | user=null | ip=null | op=WRITE_CHUNK {blockData=conID: 1 locID: 102667011153788942 bcsId: 0} | ret=SUCCESS |  
2019-08-23 15:31:17,150 | INFO  | DNAudit | user=null | ip=null | op=WRITE_CHUNK {blockData=conID: 1 locID: 102667011153788942 bcsId: 0} | ret=SUCCESS |  
2019-08-23 15:31:17,151 | INFO  | SCMAudit | user=jenkins1000 | ip=192.168.5.135 | op=SEND_HEARTBEAT {datanodeUUID=f9be0488-4b83-4ab0-b8b8-dac1c31a58bc, command=[]} | ret=SUCCESS |  
2019-08-23 15:31:17,151 | INFO  | SCMAudit | user=jenkins1000 | ip=192.168.5.135 | op=SEND_HEARTBEAT {datanodeUUID=c8d45dbb-3bf0-41f1-917b-67c69771f96d, command=[]} | ret=SUCCESS |  
2019-08-23 15:31:17,151 | INFO  | SCMAudit | user=jenkins1000 | ip=192.168.5.135 | op=SEND_HEARTBEAT {datanodeUUID=45749ed4-9cb8-4dd3-a17e-80709f44a4cf, command=[]} | ret=SUCCESS |  
2019-08-23 15:31:17,172 | INFO  | DNAudit | user=null | ip=null | op=WRITE_CHUNK {blockData=conID: 1 locID: 102667011153788942 bcsId: 0} | ret=SUCCESS |  
2019-08-23 15:31:17,176 [grpc-default-executor-10] INFO  client.GrpcClientProtocolClient (GrpcClientProtocolClient.java:onNext(255)) - client-51A35432A53E->f9be0488-4b83-4ab0-b8b8-dac1c31a58bc: receive RaftClientReply:client-51A35432A53E->f9be0488-4b83-4ab0-b8b8-dac1c31a58bc@group-459EAB4A3204, cid=182, SUCCESS, logIndex=1, commits[f9be0488-4b83-4ab0-b8b8-dac1c31a58bc:c1, 45749ed4-9cb8-4dd3-a17e-80709f44a4cf:c0, c8d45dbb-3bf0-41f1-917b-67c69771f96d:c0]
2019-08-23 15:31:17,179 | INFO  | DNAudit | user=null | ip=null | op=WRITE_CHUNK {blockData=conID: 1 locID: 102667011153788942 bcsId: 0} | ret=SUCCESS |  
2019-08-23 15:31:17,180 | INFO  | DNAudit | user=null | ip=null | op=WRITE_CHUNK {blockData=conID: 1 locID: 102667011153788942 bcsId: 0} | ret=SUCCESS |  
2019-08-23 15:31:17,180 | INFO  | DNAudit | user=null | ip=null | op=WRITE_CHUNK {blockData=conID: 1 locID: 102667011153788942 bcsId: 0} | ret=SUCCESS |  
2019-08-23 15:31:17,181 | INFO  | DNAudit | user=null | ip=null | op=WRITE_CHUNK {blockData=conID: 1 locID: 102667011153788942 bcsId: 0} | ret=SUCCESS |  
2019-08-23 15:31:17,182 | INFO  | DNAudit | user=null | ip=null | op=WRITE_CHUNK {blockData=conID: 1 locID: 102667011153788942 bcsId: 0} | ret=SUCCESS |  
2019-08-23 15:31:17,182 | INFO  | DNAudit | user=null | ip=null | op=WRITE_CHUNK {blockData=conID: 1 locID: 102667011153788942 bcsId: 0} | ret=SUCCESS |  
2019-08-23 15:31:17,182 | INFO  | DNAudit | user=null | ip=null | op=WRITE_CHUNK {blockData=conID: 1 locID: 102667011153788942 bcsId: 0} | ret=SUCCESS |  
2019-08-23 15:31:17,183 | INFO  | DNAudit | user=null | ip=null | op=WRITE_CHUNK {blockData=conID: 1 locID: 102667011153788942 bcsId: 0} | ret=SUCCESS |  
2019-08-23 15:31:17,185 | INFO  | DNAudit | user=null | ip=null | op=WRITE_CHUNK {blockData=conID: 1 locID: 102667011153788942 bcsId: 0} | ret=SUCCESS |  
2019-08-23 15:31:17,186 | INFO  | DNAudit | user=null | ip=null | op=WRITE_CHUNK {blockData=conID: 1 locID: 102667011153788942 bcsId: 0} | ret=SUCCESS |  
2019-08-23 15:31:17,186 | INFO  | DNAudit | user=null | ip=null | op=WRITE_CHUNK {blockData=conID: 1 locID: 102667011153788942 bcsId: 0} | ret=SUCCESS |  
2019-08-23 15:31:17,186 | INFO  | DNAudit | user=null | ip=null | op=WRITE_CHUNK {blockData=conID: 1 locID: 102667011153788942 bcsId: 0} | ret=SUCCESS |  
2019-08-23 15:31:17,190 [grpc-default-executor-13] INFO  client.GrpcClientProtocolClient (GrpcClientProtocolClient.java:onNext(255)) - client-51A35432A53E->f9be0488-4b83-4ab0-b8b8-dac1c31a58bc: receive RaftClientReply:client-51A35432A53E->f9be0488-4b83-4ab0-b8b8-dac1c31a58bc@group-459EAB4A3204, cid=183, SUCCESS, logIndex=3, commits[f9be0488-4b83-4ab0-b8b8-dac1c31a58bc:c4, 45749ed4-9cb8-4dd3-a17e-80709f44a4cf:c1, c8d45dbb-3bf0-41f1-917b-67c69771f96d:c1]
2019-08-23 15:31:17,199 | INFO  | DNAudit | user=null | ip=null | op=WRITE_CHUNK {blockData=conID: 1 locID: 102667011153788942 bcsId: 0} | ret=SUCCESS |  
2019-08-23 15:31:17,201 | INFO  | DNAudit | user=null | ip=null | op=WRITE_CHUNK {blockData=conID: 1 locID: 102667011153788942 bcsId: 0} | ret=SUCCESS |  
2019-08-23 15:31:17,228 | INFO  | DNAudit | user=null | ip=null | op=PUT_BLOCK {blockData=[blockId=conID: 1 locID: 102667011153788942 bcsId: 0,size=200]} | ret=SUCCESS |  
2019-08-23 15:31:17,228 | INFO  | DNAudit | user=null | ip=null | op=WRITE_CHUNK {blockData=conID: 1 locID: 102667011153788942 bcsId: 0} | ret=SUCCESS |  
2019-08-23 15:31:17,229 | INFO  | DNAudit | user=null | ip=null | op=WRITE_CHUNK {blockData=conID: 1 locID: 102667011153788942 bcsId: 0} | ret=SUCCESS |  
2019-08-23 15:31:17,229 [grpc-default-executor-13] INFO  client.GrpcClientProtocolClient (GrpcClientProtocolClient.java:onNext(255)) - client-51A35432A53E->f9be0488-4b83-4ab0-b8b8-dac1c31a58bc: receive RaftClientReply:client-51A35432A53E->f9be0488-4b83-4ab0-b8b8-dac1c31a58bc@group-459EAB4A3204, cid=184, SUCCESS, logIndex=4, commits[f9be0488-4b83-4ab0-b8b8-dac1c31a58bc:c11, 45749ed4-9cb8-4dd3-a17e-80709f44a4cf:c6, c8d45dbb-3bf0-41f1-917b-67c69771f96d:c9]
2019-08-23 15:31:17,230 [grpc-default-executor-13] INFO  client.GrpcClientProtocolClient (GrpcClientProtocolClient.java:onNext(255)) - client-51A35432A53E->f9be0488-4b83-4ab0-b8b8-dac1c31a58bc: receive RaftClientReply:client-51A35432A53E->f9be0488-4b83-4ab0-b8b8-dac1c31a58bc@group-459EAB4A3204, cid=185, SUCCESS, logIndex=5, commits[f9be0488-4b83-4ab0-b8b8-dac1c31a58bc:c11, 45749ed4-9cb8-4dd3-a17e-80709f44a4cf:c6, c8d45dbb-3bf0-41f1-917b-67c69771f96d:c9]
2019-08-23 15:31:17,231 [grpc-default-executor-13] INFO  client.GrpcClientProtocolClient (GrpcClientProtocolClient.java:onNext(255)) - client-51A35432A53E->f9be0488-4b83-4ab0-b8b8-dac1c31a58bc: receive RaftClientReply:client-51A35432A53E->f9be0488-4b83-4ab0-b8b8-dac1c31a58bc@group-459EAB4A3204, cid=186, SUCCESS, logIndex=6, commits[f9be0488-4b83-4ab0-b8b8-dac1c31a58bc:c11, 45749ed4-9cb8-4dd3-a17e-80709f44a4cf:c6, c8d45dbb-3bf0-41f1-917b-67c69771f96d:c9]
2019-08-23 15:31:17,274 | INFO  | DNAudit | user=null | ip=null | op=PUT_BLOCK {blockData=[blockId=conID: 1 locID: 102667011153788942 bcsId: 0,size=200]} | ret=SUCCESS |  
2019-08-23 15:31:17,275 | INFO  | DNAudit | user=null | ip=null | op=WRITE_CHUNK {blockData=conID: 1 locID: 102667011153788942 bcsId: 0} | ret=SUCCESS |  
2019-08-23 15:31:17,275 | INFO  | DNAudit | user=null | ip=null | op=WRITE_CHUNK {blockData=conID: 1 locID: 102667011153788942 bcsId: 0} | ret=SUCCESS |  
2019-08-23 15:31:17,323 | INFO  | DNAudit | user=null | ip=null | op=PUT_BLOCK {blockData=[blockId=conID: 1 locID: 102667011153788942 bcsId: 0,size=400]} | ret=SUCCESS |  
2019-08-23 15:31:17,324 | INFO  | DNAudit | user=null | ip=null | op=PUT_BLOCK {blockData=[blockId=conID: 1 locID: 102667011153788942 bcsId: 0,size=200]} | ret=SUCCESS |  
2019-08-23 15:31:17,324 | INFO  | DNAudit | user=null | ip=null | op=WRITE_CHUNK {blockData=conID: 1 locID: 102667011153788942 bcsId: 0} | ret=SUCCESS |  
2019-08-23 15:31:17,325 | INFO  | DNAudit | user=null | ip=null | op=WRITE_CHUNK {blockData=conID: 1 locID: 102667011153788942 bcsId: 0} | ret=SUCCESS |  
2019-08-23 15:31:17,325 [grpc-default-executor-13] INFO  client.GrpcClientProtocolClient (GrpcClientProtocolClient.java:onNext(255)) - client-51A35432A53E->f9be0488-4b83-4ab0-b8b8-dac1c31a58bc: receive RaftClientReply:client-51A35432A53E->f9be0488-4b83-4ab0-b8b8-dac1c31a58bc@group-459EAB4A3204, cid=187, SUCCESS, logIndex=7, commits[f9be0488-4b83-4ab0-b8b8-dac1c31a58bc:c11, 45749ed4-9cb8-4dd3-a17e-80709f44a4cf:c6, c8d45dbb-3bf0-41f1-917b-67c69771f96d:c9]
2019-08-23 15:31:17,326 | INFO  | DNAudit | user=null | ip=null | op=PUT_BLOCK {blockData=[blockId=conID: 1 locID: 102667011153788942 bcsId: 0,size=400]} | ret=SUCCESS |  
2019-08-23 15:31:17,328 | INFO  | DNAudit | user=null | ip=null | op=WRITE_CHUNK {blockData=conID: 1 locID: 102667011153788942 bcsId: 7} | ret=SUCCESS |  
2019-08-23 15:31:17,330 | INFO  | DNAudit | user=null | ip=null | op=WRITE_CHUNK {blockData=conID: 1 locID: 102667011153788942 bcsId: 7} | ret=SUCCESS |  
2019-08-23 15:31:17,330 | INFO  | DNAudit | user=null | ip=null | op=WRITE_CHUNK {blockData=conID: 1 locID: 102667011153788942 bcsId: 7} | ret=SUCCESS |  
2019-08-23 15:31:17,334 | INFO  | DNAudit | user=null | ip=null | op=PUT_BLOCK {blockData=[blockId=conID: 1 locID: 102667011153788942 bcsId: 0,size=400]} | ret=SUCCESS |  
2019-08-23 15:31:17,335 | INFO  | DNAudit | user=null | ip=null | op=WRITE_CHUNK {blockData=conID: 1 locID: 102667011153788942 bcsId: 7} | ret=SUCCESS |  
2019-08-23 15:31:17,339 | INFO  | DNAudit | user=null | ip=null | op=PUT_BLOCK {blockData=[blockId=conID: 1 locID: 102667011153788942 bcsId: 0,size=450]} | ret=SUCCESS |  
2019-08-23 15:31:17,340 | INFO  | DNAudit | user=null | ip=null | op=WRITE_CHUNK {blockData=conID: 1 locID: 102667011153788942 bcsId: 7} | ret=SUCCESS |  
2019-08-23 15:31:17,340 [grpc-default-executor-13] INFO  client.GrpcClientProtocolClient (GrpcClientProtocolClient.java:onNext(255)) - client-51A35432A53E->f9be0488-4b83-4ab0-b8b8-dac1c31a58bc: receive RaftClientReply:client-51A35432A53E->f9be0488-4b83-4ab0-b8b8-dac1c31a58bc@group-459EAB4A3204, cid=188, SUCCESS, logIndex=12, commits[f9be0488-4b83-4ab0-b8b8-dac1c31a58bc:c13, 45749ed4-9cb8-4dd3-a17e-80709f44a4cf:c11, c8d45dbb-3bf0-41f1-917b-67c69771f96d:c11]
2019-08-23 15:31:17,340 | INFO  | DNAudit | user=null | ip=null | op=WRITE_CHUNK {blockData=conID: 1 locID: 102667011153788942 bcsId: 7} | ret=SUCCESS |  
2019-08-23 15:31:17,343 | INFO  | DNAudit | user=null | ip=null | op=PUT_BLOCK {blockData=[blockId=conID: 1 locID: 102667011153788942 bcsId: 0,size=450]} | ret=SUCCESS |  
2019-08-23 15:31:17,346 | INFO  | DNAudit | user=null | ip=null | op=PUT_BLOCK {blockData=[blockId=conID: 1 locID: 102667011153788942 bcsId: 0,size=450]} | ret=SUCCESS |  
2019-08-23 15:31:17,346 [grpc-default-executor-10] INFO  client.GrpcClientProtocolClient (GrpcClientProtocolClient.java:onNext(255)) - client-51A35432A53E->f9be0488-4b83-4ab0-b8b8-dac1c31a58bc: receive RaftClientReply:client-51A35432A53E->f9be0488-4b83-4ab0-b8b8-dac1c31a58bc@group-459EAB4A3204, cid=189, SUCCESS, logIndex=13, commits[f9be0488-4b83-4ab0-b8b8-dac1c31a58bc:c13, 45749ed4-9cb8-4dd3-a17e-80709f44a4cf:c11, c8d45dbb-3bf0-41f1-917b-67c69771f96d:c11]
2019-08-23 15:31:17,352 [grpc-default-executor-10] INFO  client.GrpcClientProtocolClient (GrpcClientProtocolClient.java:onNext(255)) - client-51A35432A53E->f9be0488-4b83-4ab0-b8b8-dac1c31a58bc: receive RaftClientReply:client-51A35432A53E->f9be0488-4b83-4ab0-b8b8-dac1c31a58bc@group-459EAB4A3204, cid=190, SUCCESS, logIndex=0, commits[f9be0488-4b83-4ab0-b8b8-dac1c31a58bc:c15, 45749ed4-9cb8-4dd3-a17e-80709f44a4cf:c13, c8d45dbb-3bf0-41f1-917b-67c69771f96d:c13]
2019-08-23 15:31:17,458 | INFO  | SCMAudit | user=jenkins1000 | ip=192.168.5.135 | op=SEND_HEARTBEAT {datanodeUUID=c05fed09-c95d-4327-a465-a8ae69fed776, command=[]} | ret=SUCCESS |  
2019-08-23 15:31:17,518 | INFO  | SCMAudit | user=jenkins1000 | ip=192.168.5.135 | op=SEND_HEARTBEAT {datanodeUUID=5fa1ed00-d108-4e10-9e2f-8b50df71b2da, command=[]} | ret=SUCCESS |  
2019-08-23 15:31:17,581 | INFO  | SCMAudit | user=jenkins1000 | ip=192.168.5.135 | op=SEND_HEARTBEAT {datanodeUUID=8cd08553-7170-462e-ba81-b2a7a0cb37ad, command=[]} | ret=SUCCESS |  
2019-08-23 15:31:17,840 | INFO  | SCMAudit | user=jenkins1000 | ip=192.168.5.135 | op=SEND_HEARTBEAT {datanodeUUID=f6f9bd1c-aea8-4781-a09f-2599df8cb999, command=[]} | ret=SUCCESS |  
2019-08-23 15:31:18,151 [Datanode State Machine Thread - 0] INFO  statemachine.DatanodeStateMachine (DatanodeStateMachine.java:lambda$startDaemon$0(350)) - Ozone container server started.
2019-08-23 15:31:18,151 | INFO  | SCMAudit | user=jenkins1000 | ip=192.168.5.135 | op=SEND_HEARTBEAT {datanodeUUID=45749ed4-9cb8-4dd3-a17e-80709f44a4cf, command=[]} | ret=SUCCESS |  
2019-08-23 15:31:18,151 | INFO  | SCMAudit | user=jenkins1000 | ip=192.168.5.135 | op=SEND_HEARTBEAT {datanodeUUID=c8d45dbb-3bf0-41f1-917b-67c69771f96d, command=[]} | ret=SUCCESS |  
2019-08-23 15:31:18,458 | INFO  | SCMAudit | user=jenkins1000 | ip=192.168.5.135 | op=SEND_HEARTBEAT {datanodeUUID=c05fed09-c95d-4327-a465-a8ae69fed776, command=[]} | ret=SUCCESS |  
2019-08-23 15:31:18,518 | INFO  | SCMAudit | user=jenkins1000 | ip=192.168.5.135 | op=SEND_HEARTBEAT {datanodeUUID=5fa1ed00-d108-4e10-9e2f-8b50df71b2da, command=[]} | ret=SUCCESS |  
2019-08-23 15:31:18,581 | INFO  | SCMAudit | user=jenkins1000 | ip=192.168.5.135 | op=SEND_HEARTBEAT {datanodeUUID=8cd08553-7170-462e-ba81-b2a7a0cb37ad, command=[]} | ret=SUCCESS |  
2019-08-23 15:31:18,840 | INFO  | SCMAudit | user=jenkins1000 | ip=192.168.5.135 | op=SEND_HEARTBEAT {datanodeUUID=f6f9bd1c-aea8-4781-a09f-2599df8cb999, command=[]} | ret=SUCCESS |  
2019-08-23 15:31:19,152 | INFO  | SCMAudit | user=jenkins1000 | ip=192.168.5.135 | op=SEND_HEARTBEAT {datanodeUUID=45749ed4-9cb8-4dd3-a17e-80709f44a4cf, command=[]} | ret=SUCCESS |  
2019-08-23 15:31:19,152 | INFO  | SCMAudit | user=jenkins1000 | ip=192.168.5.135 | op=SEND_HEARTBEAT {datanodeUUID=c8d45dbb-3bf0-41f1-917b-67c69771f96d, command=[]} | ret=SUCCESS |  
2019-08-23 15:31:19,458 | INFO  | SCMAudit | user=jenkins1000 | ip=192.168.5.135 | op=SEND_HEARTBEAT {datanodeUUID=c05fed09-c95d-4327-a465-a8ae69fed776, command=[]} | ret=SUCCESS |  
2019-08-23 15:31:19,518 | INFO  | SCMAudit | user=jenkins1000 | ip=192.168.5.135 | op=SEND_HEARTBEAT {datanodeUUID=5fa1ed00-d108-4e10-9e2f-8b50df71b2da, command=[]} | ret=SUCCESS |  
2019-08-23 15:31:19,581 | INFO  | SCMAudit | user=jenkins1000 | ip=192.168.5.135 | op=SEND_HEARTBEAT {datanodeUUID=8cd08553-7170-462e-ba81-b2a7a0cb37ad, command=[]} | ret=SUCCESS |  
2019-08-23 15:31:19,840 | INFO  | SCMAudit | user=jenkins1000 | ip=192.168.5.135 | op=SEND_HEARTBEAT {datanodeUUID=f6f9bd1c-aea8-4781-a09f-2599df8cb999, command=[]} | ret=SUCCESS |  
2019-08-23 15:31:20,152 | INFO  | SCMAudit | user=jenkins1000 | ip=192.168.5.135 | op=SEND_HEARTBEAT {datanodeUUID=c8d45dbb-3bf0-41f1-917b-67c69771f96d, command=[]} | ret=SUCCESS |  
2019-08-23 15:31:20,152 | INFO  | SCMAudit | user=jenkins1000 | ip=192.168.5.135 | op=SEND_HEARTBEAT {datanodeUUID=45749ed4-9cb8-4dd3-a17e-80709f44a4cf, command=[]} | ret=SUCCESS |  
2019-08-23 15:31:20,459 | INFO  | SCMAudit | user=jenkins1000 | ip=192.168.5.135 | op=SEND_HEARTBEAT {datanodeUUID=c05fed09-c95d-4327-a465-a8ae69fed776, command=[]} | ret=SUCCESS |  
2019-08-23 15:31:20,518 | INFO  | SCMAudit | user=jenkins1000 | ip=192.168.5.135 | op=SEND_HEARTBEAT {datanodeUUID=5fa1ed00-d108-4e10-9e2f-8b50df71b2da, command=[]} | ret=SUCCESS |  
2019-08-23 15:31:20,581 | INFO  | SCMAudit | user=jenkins1000 | ip=192.168.5.135 | op=SEND_HEARTBEAT {datanodeUUID=8cd08553-7170-462e-ba81-b2a7a0cb37ad, command=[]} | ret=SUCCESS |  
2019-08-23 15:31:20,840 | INFO  | SCMAudit | user=jenkins1000 | ip=192.168.5.135 | op=SEND_HEARTBEAT {datanodeUUID=f6f9bd1c-aea8-4781-a09f-2599df8cb999, command=[]} | ret=SUCCESS |  
2019-08-23 15:31:21,052 [Thread-3638] INFO  impl.FollowerState (FollowerState.java:run(106)) - c05fed09-c95d-4327-a465-a8ae69fed776:group-4B7957B19BA7 changes to CANDIDATE, lastRpcTime:5025, electionTimeout:5025ms
2019-08-23 15:31:21,052 [Thread-3638] INFO  impl.RoleInfo (RoleInfo.java:shutdownFollowerState(121)) - c05fed09-c95d-4327-a465-a8ae69fed776: shutdown FollowerState
2019-08-23 15:31:21,052 [Thread-3638] INFO  impl.RaftServerImpl (RaftServerImpl.java:setRole(171)) - c05fed09-c95d-4327-a465-a8ae69fed776:group-4B7957B19BA7 changes role from FOLLOWER to CANDIDATE at term 3 for changeToCandidate
2019-08-23 15:31:21,052 [Thread-3638] INFO  impl.RoleInfo (RoleInfo.java:updateAndGet(143)) - c05fed09-c95d-4327-a465-a8ae69fed776: start LeaderElection
2019-08-23 15:31:21,067 [c05fed09-c95d-4327-a465-a8ae69fed776:group-4B7957B19BA7:LeaderElection80] INFO  impl.LeaderElection (LeaderElection.java:askForVotes(181)) - c05fed09-c95d-4327-a465-a8ae69fed776:group-4B7957B19BA7:LeaderElection80: begin an election at term 4 for -1: [c05fed09-c95d-4327-a465-a8ae69fed776:192.168.5.135:34176, 5fa1ed00-d108-4e10-9e2f-8b50df71b2da:192.168.5.135:44508, 8cd08553-7170-462e-ba81-b2a7a0cb37ad:192.168.5.135:39140], old=null
2019-08-23 15:31:21,070 [grpc-default-executor-10] INFO  impl.RaftServerImpl (RaftServerImpl.java:setRole(171)) - 5fa1ed00-d108-4e10-9e2f-8b50df71b2da:group-4B7957B19BA7 changes role from FOLLOWER to FOLLOWER at term 4 for recognizeCandidate:c05fed09-c95d-4327-a465-a8ae69fed776
2019-08-23 15:31:21,071 [grpc-default-executor-10] INFO  impl.RoleInfo (RoleInfo.java:shutdownFollowerState(121)) - 5fa1ed00-d108-4e10-9e2f-8b50df71b2da: shutdown FollowerState
2019-08-23 15:31:21,071 [grpc-default-executor-10] INFO  impl.RoleInfo (RoleInfo.java:updateAndGet(143)) - 5fa1ed00-d108-4e10-9e2f-8b50df71b2da: start FollowerState
2019-08-23 15:31:21,075 [Thread-3639] INFO  impl.FollowerState (FollowerState.java:run(114)) - 5fa1ed00-d108-4e10-9e2f-8b50df71b2da: FollowerState was interrupted: java.lang.InterruptedException: sleep interrupted
2019-08-23 15:31:21,076 [grpc-default-executor-13] INFO  impl.RaftServerImpl (RaftServerImpl.java:setRole(171)) - 8cd08553-7170-462e-ba81-b2a7a0cb37ad:group-4B7957B19BA7 changes role from FOLLOWER to FOLLOWER at term 4 for recognizeCandidate:c05fed09-c95d-4327-a465-a8ae69fed776
2019-08-23 15:31:21,076 [grpc-default-executor-13] INFO  impl.RoleInfo (RoleInfo.java:shutdownFollowerState(121)) - 8cd08553-7170-462e-ba81-b2a7a0cb37ad: shutdown FollowerState
2019-08-23 15:31:21,076 [grpc-default-executor-13] INFO  impl.RoleInfo (RoleInfo.java:updateAndGet(143)) - 8cd08553-7170-462e-ba81-b2a7a0cb37ad: start FollowerState
2019-08-23 15:31:21,077 [Thread-3637] INFO  impl.FollowerState (FollowerState.java:run(114)) - 8cd08553-7170-462e-ba81-b2a7a0cb37ad: FollowerState was interrupted: java.lang.InterruptedException: sleep interrupted
2019-08-23 15:31:21,092 [c05fed09-c95d-4327-a465-a8ae69fed776:group-4B7957B19BA7:LeaderElection80] INFO  impl.LeaderElection (LeaderElection.java:logAndReturn(56)) - c05fed09-c95d-4327-a465-a8ae69fed776:group-4B7957B19BA7:LeaderElection80: Election PASSED; received 1 response(s) [c05fed09-c95d-4327-a465-a8ae69fed776<-5fa1ed00-d108-4e10-9e2f-8b50df71b2da#0:OK-t4] and 0 exception(s); c05fed09-c95d-4327-a465-a8ae69fed776:t4, leader=null, voted=c05fed09-c95d-4327-a465-a8ae69fed776, raftlog=c05fed09-c95d-4327-a465-a8ae69fed776-SegmentedRaftLog:OPENED:c-1,f-1,i0, conf=-1: [c05fed09-c95d-4327-a465-a8ae69fed776:192.168.5.135:34176, 5fa1ed00-d108-4e10-9e2f-8b50df71b2da:192.168.5.135:44508, 8cd08553-7170-462e-ba81-b2a7a0cb37ad:192.168.5.135:39140], old=null
2019-08-23 15:31:21,092 [c05fed09-c95d-4327-a465-a8ae69fed776:group-4B7957B19BA7:LeaderElection80] INFO  impl.RoleInfo (RoleInfo.java:shutdownLeaderElection(134)) - c05fed09-c95d-4327-a465-a8ae69fed776: shutdown LeaderElection
2019-08-23 15:31:21,093 [c05fed09-c95d-4327-a465-a8ae69fed776:group-4B7957B19BA7:LeaderElection80] INFO  impl.RaftServerImpl (RaftServerImpl.java:setRole(171)) - c05fed09-c95d-4327-a465-a8ae69fed776:group-4B7957B19BA7 changes role from CANDIDATE to LEADER at term 4 for changeToLeader
2019-08-23 15:31:21,093 [c05fed09-c95d-4327-a465-a8ae69fed776:group-4B7957B19BA7:LeaderElection80] INFO  impl.RaftServerImpl (ServerState.java:setLeader(263)) - c05fed09-c95d-4327-a465-a8ae69fed776:group-4B7957B19BA7 change Leader from null to c05fed09-c95d-4327-a465-a8ae69fed776 at term 4 for becomeLeader, leader elected after 15429ms
2019-08-23 15:31:21,093 [c05fed09-c95d-4327-a465-a8ae69fed776:group-4B7957B19BA7:LeaderElection80] INFO  server.RaftServerConfigKeys (ConfUtils.java:logGet(43)) - raft.server.staging.catchup.gap = 1000 (default)
2019-08-23 15:31:21,094 [c05fed09-c95d-4327-a465-a8ae69fed776:group-4B7957B19BA7:LeaderElection80] INFO  server.RaftServerConfigKeys (ConfUtils.java:logGet(43)) - raft.server.rpc.sleep.time = 25ms (default)
2019-08-23 15:31:21,094 [c05fed09-c95d-4327-a465-a8ae69fed776:group-4B7957B19BA7:LeaderElection80] INFO  server.RaftServerConfigKeys (ConfUtils.java:logGet(43)) - raft.server.write.element-limit = 4096 (default)
2019-08-23 15:31:21,094 [c05fed09-c95d-4327-a465-a8ae69fed776:group-4B7957B19BA7:LeaderElection80] INFO  server.RaftServerConfigKeys (ConfUtils.java:logGet(43)) - raft.server.watch.timeout = 10s (default)
2019-08-23 15:31:21,094 [c05fed09-c95d-4327-a465-a8ae69fed776:group-4B7957B19BA7:LeaderElection80] INFO  server.RaftServerConfigKeys (ConfUtils.java:logGet(43)) - raft.server.watch.timeout.denomination = 1s (default)
2019-08-23 15:31:21,094 [c05fed09-c95d-4327-a465-a8ae69fed776:group-4B7957B19BA7:LeaderElection80] INFO  server.RaftServerConfigKeys (ConfUtils.java:logGet(43)) - raft.server.watch.element-limit = 65536 (default)
2019-08-23 15:31:21,095 [c05fed09-c95d-4327-a465-a8ae69fed776:group-4B7957B19BA7:LeaderElection80] INFO  server.RaftServerConfigKeys (ConfUtils.java:logGet(43)) - raft.server.log.appender.snapshot.chunk.size.max = 16MB (=16777216) (default)
2019-08-23 15:31:21,095 [c05fed09-c95d-4327-a465-a8ae69fed776:group-4B7957B19BA7:LeaderElection80] INFO  server.RaftServerConfigKeys (ConfUtils.java:logGet(43)) - raft.server.log.appender.buffer.byte-limit = 33554432 (custom)
2019-08-23 15:31:21,095 [c05fed09-c95d-4327-a465-a8ae69fed776:group-4B7957B19BA7:LeaderElection80] INFO  server.RaftServerConfigKeys (ConfUtils.java:logGet(43)) - raft.server.log.appender.buffer.element-limit = 1 (custom)
2019-08-23 15:31:21,095 [c05fed09-c95d-4327-a465-a8ae69fed776:group-4B7957B19BA7:LeaderElection80] INFO  grpc.GrpcConfigKeys$Server (ConfUtils.java:logGet(43)) - raft.grpc.server.leader.outstanding.appends.max = 128 (default)
2019-08-23 15:31:21,096 [c05fed09-c95d-4327-a465-a8ae69fed776:group-4B7957B19BA7:LeaderElection80] INFO  server.RaftServerConfigKeys (ConfUtils.java:logGet(43)) - raft.server.rpc.request.timeout = 3000ms (default)
2019-08-23 15:31:21,096 [c05fed09-c95d-4327-a465-a8ae69fed776:group-4B7957B19BA7:LeaderElection80] INFO  server.RaftServerConfigKeys (ConfUtils.java:logGet(43)) - raft.server.log.appender.install.snapshot.enabled = false (custom)
2019-08-23 15:31:21,096 [c05fed09-c95d-4327-a465-a8ae69fed776:group-4B7957B19BA7:LeaderElection80] INFO  server.RaftServerConfigKeys (ConfUtils.java:logGet(43)) - raft.server.log.appender.snapshot.chunk.size.max = 16MB (=16777216) (default)
2019-08-23 15:31:21,096 [c05fed09-c95d-4327-a465-a8ae69fed776:group-4B7957B19BA7:LeaderElection80] INFO  server.RaftServerConfigKeys (ConfUtils.java:logGet(43)) - raft.server.log.appender.buffer.byte-limit = 33554432 (custom)
2019-08-23 15:31:21,096 [c05fed09-c95d-4327-a465-a8ae69fed776:group-4B7957B19BA7:LeaderElection80] INFO  server.RaftServerConfigKeys (ConfUtils.java:logGet(43)) - raft.server.log.appender.buffer.element-limit = 1 (custom)
2019-08-23 15:31:21,097 [c05fed09-c95d-4327-a465-a8ae69fed776:group-4B7957B19BA7:LeaderElection80] INFO  grpc.GrpcConfigKeys$Server (ConfUtils.java:logGet(43)) - raft.grpc.server.leader.outstanding.appends.max = 128 (default)
2019-08-23 15:31:21,097 [c05fed09-c95d-4327-a465-a8ae69fed776:group-4B7957B19BA7:LeaderElection80] INFO  server.RaftServerConfigKeys (ConfUtils.java:logGet(43)) - raft.server.rpc.request.timeout = 3000ms (default)
2019-08-23 15:31:21,097 [c05fed09-c95d-4327-a465-a8ae69fed776:group-4B7957B19BA7:LeaderElection80] INFO  server.RaftServerConfigKeys (ConfUtils.java:logGet(43)) - raft.server.log.appender.install.snapshot.enabled = false (custom)
2019-08-23 15:31:21,097 [c05fed09-c95d-4327-a465-a8ae69fed776:group-4B7957B19BA7:LeaderElection80] INFO  impl.RoleInfo (RoleInfo.java:updateAndGet(143)) - c05fed09-c95d-4327-a465-a8ae69fed776: start LeaderState
2019-08-23 15:31:21,098 [c05fed09-c95d-4327-a465-a8ae69fed776:group-4B7957B19BA7:LeaderElection80] INFO  segmented.SegmentedRaftLogWorker (SegmentedRaftLogWorker.java:startLogSegment(380)) - c05fed09-c95d-4327-a465-a8ae69fed776-SegmentedRaftLogWorker:Storage Directory /workdir/hadoop-ozone/integration-test/target/test-dir/MiniOzoneClusterImpl-59c2fb18-0200-4865-85bf-81b4b37c6949/datanode-0/data/ratis/6e371ecf-2518-43a1-8e26-4b7957b19ba7: Starting segment from index:0
2019-08-23 15:31:21,099 [c05fed09-c95d-4327-a465-a8ae69fed776:group-4B7957B19BA7:LeaderElection80] INFO  impl.RaftServerImpl (ServerState.java:setRaftConf(361)) - c05fed09-c95d-4327-a465-a8ae69fed776:group-4B7957B19BA7 set configuration 0: [c05fed09-c95d-4327-a465-a8ae69fed776:192.168.5.135:34176, 5fa1ed00-d108-4e10-9e2f-8b50df71b2da:192.168.5.135:44508, 8cd08553-7170-462e-ba81-b2a7a0cb37ad:192.168.5.135:39140], old=null at 0
2019-08-23 15:31:21,137 [grpc-default-executor-10] INFO  impl.RaftServerImpl (ServerState.java:setLeader(263)) - 8cd08553-7170-462e-ba81-b2a7a0cb37ad:group-4B7957B19BA7 change Leader from null to c05fed09-c95d-4327-a465-a8ae69fed776 at term 4 for appendEntries, leader elected after 10168ms
2019-08-23 15:31:21,137 [grpc-default-executor-13] INFO  impl.RaftServerImpl (ServerState.java:setLeader(263)) - 5fa1ed00-d108-4e10-9e2f-8b50df71b2da:group-4B7957B19BA7 change Leader from null to c05fed09-c95d-4327-a465-a8ae69fed776 at term 4 for appendEntries, leader elected after 15473ms
2019-08-23 15:31:21,140 [grpc-default-executor-10] INFO  impl.RaftServerImpl (ServerState.java:setRaftConf(361)) - 5fa1ed00-d108-4e10-9e2f-8b50df71b2da:group-4B7957B19BA7 set configuration 0: [c05fed09-c95d-4327-a465-a8ae69fed776:192.168.5.135:34176, 5fa1ed00-d108-4e10-9e2f-8b50df71b2da:192.168.5.135:44508, 8cd08553-7170-462e-ba81-b2a7a0cb37ad:192.168.5.135:39140], old=null at 0
2019-08-23 15:31:21,140 [grpc-default-executor-13] INFO  impl.RaftServerImpl (ServerState.java:setRaftConf(361)) - 8cd08553-7170-462e-ba81-b2a7a0cb37ad:group-4B7957B19BA7 set configuration 0: [c05fed09-c95d-4327-a465-a8ae69fed776:192.168.5.135:34176, 5fa1ed00-d108-4e10-9e2f-8b50df71b2da:192.168.5.135:44508, 8cd08553-7170-462e-ba81-b2a7a0cb37ad:192.168.5.135:39140], old=null at 0
2019-08-23 15:31:21,140 [grpc-default-executor-10] INFO  segmented.SegmentedRaftLogWorker (SegmentedRaftLogWorker.java:startLogSegment(380)) - 5fa1ed00-d108-4e10-9e2f-8b50df71b2da-SegmentedRaftLogWorker:Storage Directory /workdir/hadoop-ozone/integration-test/target/test-dir/MiniOzoneClusterImpl-59c2fb18-0200-4865-85bf-81b4b37c6949/datanode-1/data/ratis/6e371ecf-2518-43a1-8e26-4b7957b19ba7: Starting segment from index:0
2019-08-23 15:31:21,148 [c05fed09-c95d-4327-a465-a8ae69fed776-SegmentedRaftLogWorker:Storage Directory /workdir/hadoop-ozone/integration-test/target/test-dir/MiniOzoneClusterImpl-59c2fb18-0200-4865-85bf-81b4b37c6949/datanode-0/data/ratis/6e371ecf-2518-43a1-8e26-4b7957b19ba7] INFO  segmented.SegmentedRaftLogWorker (SegmentedRaftLogWorker.java:execute(569)) - c05fed09-c95d-4327-a465-a8ae69fed776-SegmentedRaftLogWorker:Storage Directory /workdir/hadoop-ozone/integration-test/target/test-dir/MiniOzoneClusterImpl-59c2fb18-0200-4865-85bf-81b4b37c6949/datanode-0/data/ratis/6e371ecf-2518-43a1-8e26-4b7957b19ba7: created new log segment /workdir/hadoop-ozone/integration-test/target/test-dir/MiniOzoneClusterImpl-59c2fb18-0200-4865-85bf-81b4b37c6949/datanode-0/data/ratis/6e371ecf-2518-43a1-8e26-4b7957b19ba7/current/log_inprogress_0
2019-08-23 15:31:21,149 [grpc-default-executor-13] INFO  segmented.SegmentedRaftLogWorker (SegmentedRaftLogWorker.java:truncate(396)) - 8cd08553-7170-462e-ba81-b2a7a0cb37ad-SegmentedRaftLogWorker:Storage Directory /workdir/hadoop-ozone/integration-test/target/test-dir/MiniOzoneClusterImpl-59c2fb18-0200-4865-85bf-81b4b37c6949/datanode-2/data/ratis/6e371ecf-2518-43a1-8e26-4b7957b19ba7: Truncating segments toTruncate: null
  toDelete: [(0, 0) isOpen? true, length=0, newEndIndex=-1], start index 0
2019-08-23 15:31:21,150 [grpc-default-executor-13] INFO  segmented.SegmentedRaftLogWorker (SegmentedRaftLogWorker.java:startLogSegment(380)) - 8cd08553-7170-462e-ba81-b2a7a0cb37ad-SegmentedRaftLogWorker:Storage Directory /workdir/hadoop-ozone/integration-test/target/test-dir/MiniOzoneClusterImpl-59c2fb18-0200-4865-85bf-81b4b37c6949/datanode-2/data/ratis/6e371ecf-2518-43a1-8e26-4b7957b19ba7: Starting segment from index:0
2019-08-23 15:31:21,151 [8cd08553-7170-462e-ba81-b2a7a0cb37ad-SegmentedRaftLogWorker:Storage Directory /workdir/hadoop-ozone/integration-test/target/test-dir/MiniOzoneClusterImpl-59c2fb18-0200-4865-85bf-81b4b37c6949/datanode-2/data/ratis/6e371ecf-2518-43a1-8e26-4b7957b19ba7] INFO  segmented.SegmentedRaftLogWorker (SegmentedRaftLogWorker.java:execute(633)) - 8cd08553-7170-462e-ba81-b2a7a0cb37ad-SegmentedRaftLogWorker:Storage Directory /workdir/hadoop-ozone/integration-test/target/test-dir/MiniOzoneClusterImpl-59c2fb18-0200-4865-85bf-81b4b37c6949/datanode-2/data/ratis/6e371ecf-2518-43a1-8e26-4b7957b19ba7: Deleted log file /workdir/hadoop-ozone/integration-test/target/test-dir/MiniOzoneClusterImpl-59c2fb18-0200-4865-85bf-81b4b37c6949/datanode-2/data/ratis/6e371ecf-2518-43a1-8e26-4b7957b19ba7/current/log_inprogress_0
2019-08-23 15:31:21,151 [8cd08553-7170-462e-ba81-b2a7a0cb37ad-SegmentedRaftLogWorker:Storage Directory /workdir/hadoop-ozone/integration-test/target/test-dir/MiniOzoneClusterImpl-59c2fb18-0200-4865-85bf-81b4b37c6949/datanode-2/data/ratis/6e371ecf-2518-43a1-8e26-4b7957b19ba7] INFO  segmented.SegmentedRaftLogWorker (SegmentedRaftLogWorker.java:lambda$new$0(132)) - 8cd08553-7170-462e-ba81-b2a7a0cb37ad-SegmentedRaftLogWorker:Storage Directory /workdir/hadoop-ozone/integration-test/target/test-dir/MiniOzoneClusterImpl-59c2fb18-0200-4865-85bf-81b4b37c6949/datanode-2/data/ratis/6e371ecf-2518-43a1-8e26-4b7957b19ba7: flushIndex: setUnconditionally 0 -> -1
2019-08-23 15:31:21,152 | INFO  | SCMAudit | user=jenkins1000 | ip=192.168.5.135 | op=SEND_HEARTBEAT {datanodeUUID=45749ed4-9cb8-4dd3-a17e-80709f44a4cf, command=[]} | ret=SUCCESS |  
2019-08-23 15:31:21,152 | INFO  | SCMAudit | user=jenkins1000 | ip=192.168.5.135 | op=SEND_HEARTBEAT {datanodeUUID=c8d45dbb-3bf0-41f1-917b-67c69771f96d, command=[]} | ret=SUCCESS |  
2019-08-23 15:31:21,189 [8cd08553-7170-462e-ba81-b2a7a0cb37ad-SegmentedRaftLogWorker:Storage Directory /workdir/hadoop-ozone/integration-test/target/test-dir/MiniOzoneClusterImpl-59c2fb18-0200-4865-85bf-81b4b37c6949/datanode-2/data/ratis/6e371ecf-2518-43a1-8e26-4b7957b19ba7] INFO  segmented.SegmentedRaftLogWorker (SegmentedRaftLogWorker.java:execute(569)) - 8cd08553-7170-462e-ba81-b2a7a0cb37ad-SegmentedRaftLogWorker:Storage Directory /workdir/hadoop-ozone/integration-test/target/test-dir/MiniOzoneClusterImpl-59c2fb18-0200-4865-85bf-81b4b37c6949/datanode-2/data/ratis/6e371ecf-2518-43a1-8e26-4b7957b19ba7: created new log segment /workdir/hadoop-ozone/integration-test/target/test-dir/MiniOzoneClusterImpl-59c2fb18-0200-4865-85bf-81b4b37c6949/datanode-2/data/ratis/6e371ecf-2518-43a1-8e26-4b7957b19ba7/current/log_inprogress_0
2019-08-23 15:31:21,189 [5fa1ed00-d108-4e10-9e2f-8b50df71b2da-SegmentedRaftLogWorker:Storage Directory /workdir/hadoop-ozone/integration-test/target/test-dir/MiniOzoneClusterImpl-59c2fb18-0200-4865-85bf-81b4b37c6949/datanode-1/data/ratis/6e371ecf-2518-43a1-8e26-4b7957b19ba7] INFO  segmented.SegmentedRaftLogWorker (SegmentedRaftLogWorker.java:execute(569)) - 5fa1ed00-d108-4e10-9e2f-8b50df71b2da-SegmentedRaftLogWorker:Storage Directory /workdir/hadoop-ozone/integration-test/target/test-dir/MiniOzoneClusterImpl-59c2fb18-0200-4865-85bf-81b4b37c6949/datanode-1/data/ratis/6e371ecf-2518-43a1-8e26-4b7957b19ba7: created new log segment /workdir/hadoop-ozone/integration-test/target/test-dir/MiniOzoneClusterImpl-59c2fb18-0200-4865-85bf-81b4b37c6949/datanode-1/data/ratis/6e371ecf-2518-43a1-8e26-4b7957b19ba7/current/log_inprogress_0
2019-08-23 15:31:21,459 | INFO  | SCMAudit | user=jenkins1000 | ip=192.168.5.135 | op=SEND_HEARTBEAT {datanodeUUID=c05fed09-c95d-4327-a465-a8ae69fed776, command=[]} | ret=SUCCESS |  
2019-08-23 15:31:21,518 | INFO  | SCMAudit | user=jenkins1000 | ip=192.168.5.135 | op=SEND_HEARTBEAT {datanodeUUID=5fa1ed00-d108-4e10-9e2f-8b50df71b2da, command=[]} | ret=SUCCESS |  
2019-08-23 15:31:21,581 | INFO  | SCMAudit | user=jenkins1000 | ip=192.168.5.135 | op=SEND_HEARTBEAT {datanodeUUID=8cd08553-7170-462e-ba81-b2a7a0cb37ad, command=[]} | ret=SUCCESS |  
2019-08-23 15:31:21,840 | INFO  | SCMAudit | user=jenkins1000 | ip=192.168.5.135 | op=SEND_HEARTBEAT {datanodeUUID=f6f9bd1c-aea8-4781-a09f-2599df8cb999, command=[]} | ret=SUCCESS |  
2019-08-23 15:31:22,152 | INFO  | SCMAudit | user=jenkins1000 | ip=192.168.5.135 | op=SEND_HEARTBEAT {datanodeUUID=45749ed4-9cb8-4dd3-a17e-80709f44a4cf, command=[]} | ret=SUCCESS |  
2019-08-23 15:31:22,152 | INFO  | SCMAudit | user=jenkins1000 | ip=192.168.5.135 | op=SEND_HEARTBEAT {datanodeUUID=c8d45dbb-3bf0-41f1-917b-67c69771f96d, command=[]} | ret=SUCCESS |  
2019-08-23 15:31:22,240 [EventQueue-StaleNodeForStaleNodeHandler] INFO  node.StaleNodeHandler (StaleNodeHandler.java:onMessage(58)) - Datanode f9be0488-4b83-4ab0-b8b8-dac1c31a58bc{ip: 192.168.5.135, host: pr-hdds-738-hvzxd-2983279717, networkLocation: /default-rack, certSerialId: null} moved to stale state. Finalizing its pipelines [PipelineID=a4794bd7-9da0-40ab-9353-7394ca86459c, PipelineID=94826461-6c9c-408f-b25b-459eab4a3204]
2019-08-23 15:31:22,240 [EventQueue-StaleNodeForStaleNodeHandler] INFO  pipeline.SCMPipelineManager (SCMPipelineManager.java:finalizeAndDestroyPipeline(309)) - destroying pipeline:Pipeline[ Id: a4794bd7-9da0-40ab-9353-7394ca86459c, Nodes: f9be0488-4b83-4ab0-b8b8-dac1c31a58bc{ip: 192.168.5.135, host: pr-hdds-738-hvzxd-2983279717, networkLocation: /default-rack, certSerialId: null}, Type:RATIS, Factor:ONE, State:OPEN]
2019-08-23 15:31:22,240 [EventQueue-StaleNodeForStaleNodeHandler] INFO  pipeline.PipelineStateManager (PipelineStateManager.java:finalizePipeline(123)) - Pipeline Pipeline[ Id: a4794bd7-9da0-40ab-9353-7394ca86459c, Nodes: f9be0488-4b83-4ab0-b8b8-dac1c31a58bc{ip: 192.168.5.135, host: pr-hdds-738-hvzxd-2983279717, networkLocation: /default-rack, certSerialId: null}, Type:RATIS, Factor:ONE, State:CLOSED] moved to CLOSED state
2019-08-23 15:31:22,241 [EventQueue-StaleNodeForStaleNodeHandler] INFO  pipeline.SCMPipelineManager (SCMPipelineManager.java:finalizeAndDestroyPipeline(309)) - destroying pipeline:Pipeline[ Id: 94826461-6c9c-408f-b25b-459eab4a3204, Nodes: f9be0488-4b83-4ab0-b8b8-dac1c31a58bc{ip: 192.168.5.135, host: pr-hdds-738-hvzxd-2983279717, networkLocation: /default-rack, certSerialId: null}45749ed4-9cb8-4dd3-a17e-80709f44a4cf{ip: 192.168.5.135, host: pr-hdds-738-hvzxd-2983279717, networkLocation: /default-rack, certSerialId: null}c8d45dbb-3bf0-41f1-917b-67c69771f96d{ip: 192.168.5.135, host: pr-hdds-738-hvzxd-2983279717, networkLocation: /default-rack, certSerialId: null}, Type:RATIS, Factor:THREE, State:OPEN]
2019-08-23 15:31:22,241 [EventQueue-StaleNodeForStaleNodeHandler] INFO  pipeline.PipelineStateManager (PipelineStateManager.java:finalizePipeline(123)) - Pipeline Pipeline[ Id: 94826461-6c9c-408f-b25b-459eab4a3204, Nodes: f9be0488-4b83-4ab0-b8b8-dac1c31a58bc{ip: 192.168.5.135, host: pr-hdds-738-hvzxd-2983279717, networkLocation: /default-rack, certSerialId: null}45749ed4-9cb8-4dd3-a17e-80709f44a4cf{ip: 192.168.5.135, host: pr-hdds-738-hvzxd-2983279717, networkLocation: /default-rack, certSerialId: null}c8d45dbb-3bf0-41f1-917b-67c69771f96d{ip: 192.168.5.135, host: pr-hdds-738-hvzxd-2983279717, networkLocation: /default-rack, certSerialId: null}, Type:RATIS, Factor:THREE, State:CLOSED] moved to CLOSED state
2019-08-23 15:31:22,242 [EventQueue-CloseContainerForCloseContainerEventHandler] INFO  container.CloseContainerEventHandler (CloseContainerEventHandler.java:onMessage(61)) - Close container Event triggered for container : #1
2019-08-23 15:31:22,353 [main] INFO  ozoneimpl.OzoneContainer (OzoneContainer.java:stop(199)) - Attempting to stop container services.
2019-08-23 15:31:22,354 [main] INFO  impl.RaftServerProxy (RaftServerProxy.java:lambda$close$4(314)) - f9be0488-4b83-4ab0-b8b8-dac1c31a58bc: close
2019-08-23 15:31:22,355 [main] INFO  impl.RaftServerImpl (RaftServerImpl.java:lambda$shutdown$3(245)) - f9be0488-4b83-4ab0-b8b8-dac1c31a58bc: shutdown group-7394CA86459C
2019-08-23 15:31:22,355 [main] INFO  util.JmxRegister (JmxRegister.java:unregister(73)) - Successfully un-registered JMX Bean with object name Ratis:service=RaftServer,group=group-7394CA86459C,id=f9be0488-4b83-4ab0-b8b8-dac1c31a58bc
2019-08-23 15:31:22,356 [main] INFO  impl.RoleInfo (RoleInfo.java:shutdownLeaderState(104)) - f9be0488-4b83-4ab0-b8b8-dac1c31a58bc: shutdown LeaderState
2019-08-23 15:31:22,356 [main] INFO  impl.PendingRequests (PendingRequests.java:sendNotLeaderResponses(202)) - f9be0488-4b83-4ab0-b8b8-dac1c31a58bc-PendingRequests: sendNotLeaderResponses
2019-08-23 15:31:22,357 [main] INFO  impl.StateMachineUpdater (StateMachineUpdater.java:stopAndJoin(115)) - StateMachineUpdater:f9be0488-4b83-4ab0-b8b8-dac1c31a58bc:group-7394CA86459C: set stopIndex = 0
2019-08-23 15:31:22,357 [main] INFO  impl.RaftServerImpl (ServerState.java:close(394)) - f9be0488-4b83-4ab0-b8b8-dac1c31a58bc:group-7394CA86459C closes. The last applied log index is 0
2019-08-23 15:31:22,358 [f9be0488-4b83-4ab0-b8b8-dac1c31a58bc-SegmentedRaftLogWorker:Storage Directory /workdir/hadoop-ozone/integration-test/target/test-dir/MiniOzoneClusterImpl-59c2fb18-0200-4865-85bf-81b4b37c6949/datanode-5/data/ratis/a4794bd7-9da0-40ab-9353-7394ca86459c] INFO  segmented.SegmentedRaftLogWorker (SegmentedRaftLogWorker.java:run(313)) - f9be0488-4b83-4ab0-b8b8-dac1c31a58bc-SegmentedRaftLogWorker:Storage Directory /workdir/hadoop-ozone/integration-test/target/test-dir/MiniOzoneClusterImpl-59c2fb18-0200-4865-85bf-81b4b37c6949/datanode-5/data/ratis/a4794bd7-9da0-40ab-9353-7394ca86459c was interrupted, exiting. There are 0 tasks remaining in the queue.
2019-08-23 15:31:22,361 [main] INFO  segmented.SegmentedRaftLogWorker (SegmentedRaftLogWorker.java:close(228)) - f9be0488-4b83-4ab0-b8b8-dac1c31a58bc-SegmentedRaftLogWorker:Storage Directory /workdir/hadoop-ozone/integration-test/target/test-dir/MiniOzoneClusterImpl-59c2fb18-0200-4865-85bf-81b4b37c6949/datanode-5/data/ratis/a4794bd7-9da0-40ab-9353-7394ca86459c close()
2019-08-23 15:31:22,364 [main] INFO  impl.RaftServerImpl (RaftServerImpl.java:lambda$shutdown$3(245)) - f9be0488-4b83-4ab0-b8b8-dac1c31a58bc: shutdown group-459EAB4A3204
2019-08-23 15:31:22,364 [main] INFO  util.JmxRegister (JmxRegister.java:unregister(73)) - Successfully un-registered JMX Bean with object name Ratis:service=RaftServer,group=group-459EAB4A3204,id=f9be0488-4b83-4ab0-b8b8-dac1c31a58bc
2019-08-23 15:31:22,365 [main] INFO  impl.RoleInfo (RoleInfo.java:shutdownLeaderState(104)) - f9be0488-4b83-4ab0-b8b8-dac1c31a58bc: shutdown LeaderState
2019-08-23 15:31:22,368 [main] INFO  impl.PendingRequests (PendingRequests.java:sendNotLeaderResponses(202)) - f9be0488-4b83-4ab0-b8b8-dac1c31a58bc-PendingRequests: sendNotLeaderResponses
2019-08-23 15:31:22,368 [org.apache.ratis.server.impl.LogAppender$AppenderDaemon$$Lambda$467/782126021@74d65418] WARN  server.GrpcLogAppender (GrpcLogAppender.java:mayWait(143)) - GrpcLogAppender(f9be0488-4b83-4ab0-b8b8-dac1c31a58bc->45749ed4-9cb8-4dd3-a17e-80709f44a4cf): Wait interrupted by java.lang.InterruptedException
2019-08-23 15:31:22,368 [org.apache.ratis.server.impl.LogAppender$AppenderDaemon$$Lambda$467/782126021@31d4d4e6] WARN  server.GrpcLogAppender (GrpcLogAppender.java:mayWait(143)) - GrpcLogAppender(f9be0488-4b83-4ab0-b8b8-dac1c31a58bc->c8d45dbb-3bf0-41f1-917b-67c69771f96d): Wait interrupted by java.lang.InterruptedException
2019-08-23 15:31:22,372 [main] INFO  impl.StateMachineUpdater (StateMachineUpdater.java:stopAndJoin(115)) - StateMachineUpdater:f9be0488-4b83-4ab0-b8b8-dac1c31a58bc:group-459EAB4A3204: set stopIndex = 15
2019-08-23 15:31:22,373 [grpc-default-executor-13] INFO  server.GrpcServerProtocolService (GrpcServerProtocolService.java:onCompleted(104)) - c8d45dbb-3bf0-41f1-917b-67c69771f96d: appendEntries completed
2019-08-23 15:31:22,372 [grpc-default-executor-10] INFO  server.GrpcServerProtocolService (GrpcServerProtocolService.java:onCompleted(104)) - 45749ed4-9cb8-4dd3-a17e-80709f44a4cf: appendEntries completed
2019-08-23 15:31:22,372 [StateMachineUpdater:f9be0488-4b83-4ab0-b8b8-dac1c31a58bc:group-459EAB4A3204] INFO  ratis.ContainerStateMachine (ContainerStateMachine.java:takeSnapshot(283)) - group-459EAB4A3204: Taking a snapshot at:(t:2, i:13) file /workdir/hadoop-ozone/integration-test/target/test-dir/MiniOzoneClusterImpl-59c2fb18-0200-4865-85bf-81b4b37c6949/datanode-5/data/ratis/94826461-6c9c-408f-b25b-459eab4a3204/sm/snapshot.2_13
2019-08-23 15:31:22,373 [grpc-default-executor-10] INFO  server.GrpcLogAppender (GrpcLogAppender.java:onCompleted(292)) - f9be0488-4b83-4ab0-b8b8-dac1c31a58bc->c8d45dbb-3bf0-41f1-917b-67c69771f96d: follower responses appendEntries COMPLETED
2019-08-23 15:31:22,373 [grpc-default-executor-13] INFO  server.GrpcLogAppender (GrpcLogAppender.java:onCompleted(292)) - f9be0488-4b83-4ab0-b8b8-dac1c31a58bc->45749ed4-9cb8-4dd3-a17e-80709f44a4cf: follower responses appendEntries COMPLETED
2019-08-23 15:31:22,374 [grpc-default-executor-10] INFO  impl.FollowerInfo (FollowerInfo.java:lambda$new$0(50)) - f9be0488-4b83-4ab0-b8b8-dac1c31a58bc->c8d45dbb-3bf0-41f1-917b-67c69771f96d: nextIndex: updateUnconditionally 16 -> 15
2019-08-23 15:31:22,374 [grpc-default-executor-13] INFO  impl.FollowerInfo (FollowerInfo.java:lambda$new$0(50)) - f9be0488-4b83-4ab0-b8b8-dac1c31a58bc->45749ed4-9cb8-4dd3-a17e-80709f44a4cf: nextIndex: updateUnconditionally 16 -> 15
2019-08-23 15:31:22,387 [StateMachineUpdater:f9be0488-4b83-4ab0-b8b8-dac1c31a58bc:group-459EAB4A3204] INFO  ratis.ContainerStateMachine (ContainerStateMachine.java:takeSnapshot(294)) - group-459EAB4A3204: Finished taking a snapshot at:(t:2, i:13) file:/workdir/hadoop-ozone/integration-test/target/test-dir/MiniOzoneClusterImpl-59c2fb18-0200-4865-85bf-81b4b37c6949/datanode-5/data/ratis/94826461-6c9c-408f-b25b-459eab4a3204/sm/snapshot.2_13 time:15
2019-08-23 15:31:22,387 [StateMachineUpdater:f9be0488-4b83-4ab0-b8b8-dac1c31a58bc:group-459EAB4A3204] INFO  impl.StateMachineUpdater (StateMachineUpdater.java:takeSnapshot(242)) - StateMachineUpdater:f9be0488-4b83-4ab0-b8b8-dac1c31a58bc:group-459EAB4A3204: Took a snapshot at index 13
2019-08-23 15:31:22,387 [StateMachineUpdater:f9be0488-4b83-4ab0-b8b8-dac1c31a58bc:group-459EAB4A3204] INFO  impl.StateMachineUpdater (StateMachineUpdater.java:lambda$new$0(80)) - StateMachineUpdater:f9be0488-4b83-4ab0-b8b8-dac1c31a58bc:group-459EAB4A3204: snapshotIndex: updateIncreasingly -1 -> 13
2019-08-23 15:31:22,388 [main] INFO  impl.RaftServerImpl (ServerState.java:close(394)) - f9be0488-4b83-4ab0-b8b8-dac1c31a58bc:group-459EAB4A3204 closes. The last applied log index is 15
2019-08-23 15:31:22,389 [f9be0488-4b83-4ab0-b8b8-dac1c31a58bc-SegmentedRaftLogWorker:Storage Directory /workdir/hadoop-ozone/integration-test/target/test-dir/MiniOzoneClusterImpl-59c2fb18-0200-4865-85bf-81b4b37c6949/datanode-5/data/ratis/94826461-6c9c-408f-b25b-459eab4a3204] INFO  segmented.SegmentedRaftLogWorker (SegmentedRaftLogWorker.java:run(313)) - f9be0488-4b83-4ab0-b8b8-dac1c31a58bc-SegmentedRaftLogWorker:Storage Directory /workdir/hadoop-ozone/integration-test/target/test-dir/MiniOzoneClusterImpl-59c2fb18-0200-4865-85bf-81b4b37c6949/datanode-5/data/ratis/94826461-6c9c-408f-b25b-459eab4a3204 was interrupted, exiting. There are 0 tasks remaining in the queue.
2019-08-23 15:31:22,390 [main] INFO  segmented.SegmentedRaftLogWorker (SegmentedRaftLogWorker.java:close(228)) - f9be0488-4b83-4ab0-b8b8-dac1c31a58bc-SegmentedRaftLogWorker:Storage Directory /workdir/hadoop-ozone/integration-test/target/test-dir/MiniOzoneClusterImpl-59c2fb18-0200-4865-85bf-81b4b37c6949/datanode-5/data/ratis/94826461-6c9c-408f-b25b-459eab4a3204 close()
2019-08-23 15:31:22,395 [main] INFO  server.GrpcService (GrpcService.java:closeImpl(155)) - f9be0488-4b83-4ab0-b8b8-dac1c31a58bc: shutdown server with port 39474 now
2019-08-23 15:31:22,396 [grpc-default-executor-10] WARN  client.GrpcClientProtocolService (LogUtils.java:warn(134)) - 5-UnorderedRequestStreamObserver5: onError: org.apache.ratis.thirdparty.io.grpc.StatusRuntimeException: CANCELLED: cancelled before receiving half close
2019-08-23 15:31:22,396 [main] INFO  server.GrpcService (GrpcService.java:closeImpl(163)) - f9be0488-4b83-4ab0-b8b8-dac1c31a58bc: shutdown server with port 39474 successfully
2019-08-23 15:31:22,398 [main] INFO  utils.BackgroundService (BackgroundService.java:shutdown(148)) - Shutting down service BlockDeletingService
2019-08-23 15:31:22,402 [refreshUsed-/workdir/hadoop-ozone/integration-test/target/test-dir/MiniOzoneClusterImpl-59c2fb18-0200-4865-85bf-81b4b37c6949/datanode-5/data/containers] WARN  fs.CachingGetSpaceUsed (CachingGetSpaceUsed.java:run(183)) - Thread Interrupted waiting to refresh disk information: sleep interrupted
2019-08-23 15:31:22,423 [main] INFO  statemachine.DatanodeStateMachine (DatanodeStateMachine.java:stopDaemon(395)) - Ozone container server stopped.
2019-08-23 15:31:22,425 [main] INFO  handler.ContextHandler (ContextHandler.java:doStop(910)) - Stopped o.e.j.w.WebAppContext@150fc7a7{/,null,UNAVAILABLE}{/hddsDatanode}
2019-08-23 15:31:22,425 [main] INFO  server.AbstractConnector (AbstractConnector.java:doStop(318)) - Stopped ServerConnector@55d8c2c4{HTTP/1.1,[http/1.1]}{0.0.0.0:0}
2019-08-23 15:31:22,426 [main] INFO  handler.ContextHandler (ContextHandler.java:doStop(910)) - Stopped o.e.j.s.ServletContextHandler@79cb8ffa{/static,jar:file:/home/user/.m2/repository/org/apache/hadoop/hadoop-hdds-container-service/0.5.0-SNAPSHOT/hadoop-hdds-container-service-0.5.0-SNAPSHOT.jar!/webapps/static,UNAVAILABLE}
2019-08-23 15:31:22,426 [main] INFO  handler.ContextHandler (ContextHandler.java:doStop(910)) - Stopped o.e.j.s.ServletContextHandler@9690008{/logs,file:///workdir/hadoop-ozone/integration-test/target/log,UNAVAILABLE}
2019-08-23 15:31:22,460 | INFO  | SCMAudit | user=jenkins1000 | ip=192.168.5.135 | op=SEND_HEARTBEAT {datanodeUUID=c05fed09-c95d-4327-a465-a8ae69fed776, command=[]} | ret=SUCCESS |  
2019-08-23 15:31:22,518 | INFO  | SCMAudit | user=jenkins1000 | ip=192.168.5.135 | op=SEND_HEARTBEAT {datanodeUUID=5fa1ed00-d108-4e10-9e2f-8b50df71b2da, command=[]} | ret=SUCCESS |  
2019-08-23 15:31:22,581 | INFO  | SCMAudit | user=jenkins1000 | ip=192.168.5.135 | op=SEND_HEARTBEAT {datanodeUUID=8cd08553-7170-462e-ba81-b2a7a0cb37ad, command=[]} | ret=SUCCESS |  
2019-08-23 15:31:22,840 | INFO  | SCMAudit | user=jenkins1000 | ip=192.168.5.135 | op=SEND_HEARTBEAT {datanodeUUID=f6f9bd1c-aea8-4781-a09f-2599df8cb999, command=[]} | ret=SUCCESS |  
2019-08-23 15:31:23,152 | INFO  | SCMAudit | user=jenkins1000 | ip=192.168.5.135 | op=SEND_HEARTBEAT {datanodeUUID=c8d45dbb-3bf0-41f1-917b-67c69771f96d, command=[commandType: closeContainerCommand closeContainerCommandProto { containerID: 1 pipelineID { id: "94826461-6c9c-408f-b25b-459eab4a3204" } cmdId: 1 force: false } ]} | ret=SUCCESS |  
2019-08-23 15:31:23,152 | INFO  | SCMAudit | user=jenkins1000 | ip=192.168.5.135 | op=SEND_HEARTBEAT {datanodeUUID=45749ed4-9cb8-4dd3-a17e-80709f44a4cf, command=[commandType: closeContainerCommand closeContainerCommandProto { containerID: 1 pipelineID { id: "94826461-6c9c-408f-b25b-459eab4a3204" } cmdId: 1 force: false } ]} | ret=SUCCESS |  
2019-08-23 15:31:23,460 | INFO  | SCMAudit | user=jenkins1000 | ip=192.168.5.135 | op=SEND_HEARTBEAT {datanodeUUID=c05fed09-c95d-4327-a465-a8ae69fed776, command=[]} | ret=SUCCESS |  
2019-08-23 15:31:23,518 | INFO  | SCMAudit | user=jenkins1000 | ip=192.168.5.135 | op=SEND_HEARTBEAT {datanodeUUID=5fa1ed00-d108-4e10-9e2f-8b50df71b2da, command=[]} | ret=SUCCESS |  
2019-08-23 15:31:23,581 | INFO  | SCMAudit | user=jenkins1000 | ip=192.168.5.135 | op=SEND_HEARTBEAT {datanodeUUID=8cd08553-7170-462e-ba81-b2a7a0cb37ad, command=[]} | ret=SUCCESS |  
2019-08-23 15:31:23,840 | INFO  | SCMAudit | user=jenkins1000 | ip=192.168.5.135 | op=SEND_HEARTBEAT {datanodeUUID=f6f9bd1c-aea8-4781-a09f-2599df8cb999, command=[]} | ret=SUCCESS |  
2019-08-23 15:31:24,152 | INFO  | SCMAudit | user=jenkins1000 | ip=192.168.5.135 | op=SEND_HEARTBEAT {datanodeUUID=45749ed4-9cb8-4dd3-a17e-80709f44a4cf, command=[]} | ret=SUCCESS |  
2019-08-23 15:31:24,152 | INFO  | SCMAudit | user=jenkins1000 | ip=192.168.5.135 | op=SEND_HEARTBEAT {datanodeUUID=c8d45dbb-3bf0-41f1-917b-67c69771f96d, command=[]} | ret=SUCCESS |  
2019-08-23 15:31:24,441 [grpc-default-executor-13] INFO  client.GrpcClientProtocolClient (GrpcClientProtocolClient.java:onNext(255)) - client-51A35432A53E->45749ed4-9cb8-4dd3-a17e-80709f44a4cf: receive RaftClientReply:client-51A35432A53E->45749ed4-9cb8-4dd3-a17e-80709f44a4cf@group-459EAB4A3204, cid=191, FAILED org.apache.ratis.protocol.NotLeaderException: Server 45749ed4-9cb8-4dd3-a17e-80709f44a4cf is not the leader (f9be0488-4b83-4ab0-b8b8-dac1c31a58bc:192.168.5.135:39474). Request must be sent to leader., logIndex=0, commits[45749ed4-9cb8-4dd3-a17e-80709f44a4cf:c15, f9be0488-4b83-4ab0-b8b8-dac1c31a58bc:c15, c8d45dbb-3bf0-41f1-917b-67c69771f96d:c15]
2019-08-23 15:31:24,460 | INFO  | SCMAudit | user=jenkins1000 | ip=192.168.5.135 | op=SEND_HEARTBEAT {datanodeUUID=c05fed09-c95d-4327-a465-a8ae69fed776, command=[]} | ret=SUCCESS |  
2019-08-23 15:31:24,518 | INFO  | SCMAudit | user=jenkins1000 | ip=192.168.5.135 | op=SEND_HEARTBEAT {datanodeUUID=5fa1ed00-d108-4e10-9e2f-8b50df71b2da, command=[]} | ret=SUCCESS |  
2019-08-23 15:31:24,581 | INFO  | SCMAudit | user=jenkins1000 | ip=192.168.5.135 | op=SEND_HEARTBEAT {datanodeUUID=8cd08553-7170-462e-ba81-b2a7a0cb37ad, command=[]} | ret=SUCCESS |  
2019-08-23 15:31:24,844 | INFO  | SCMAudit | user=jenkins1000 | ip=192.168.5.135 | op=SEND_HEARTBEAT {datanodeUUID=f6f9bd1c-aea8-4781-a09f-2599df8cb999, command=[]} | ret=SUCCESS |  
2019-08-23 15:31:25,152 | INFO  | SCMAudit | user=jenkins1000 | ip=192.168.5.135 | op=SEND_HEARTBEAT {datanodeUUID=c8d45dbb-3bf0-41f1-917b-67c69771f96d, command=[]} | ret=SUCCESS |  
2019-08-23 15:31:25,152 | INFO  | SCMAudit | user=jenkins1000 | ip=192.168.5.135 | op=SEND_HEARTBEAT {datanodeUUID=45749ed4-9cb8-4dd3-a17e-80709f44a4cf, command=[]} | ret=SUCCESS |  
2019-08-23 15:31:25,168 | INFO  | SCMAudit | user=jenkins1000 | ip=192.168.5.135 | op=SEND_HEARTBEAT {datanodeUUID=c8d45dbb-3bf0-41f1-917b-67c69771f96d, command=[]} | ret=SUCCESS |  
2019-08-23 15:31:25,168 | INFO  | SCMAudit | user=jenkins1000 | ip=192.168.5.135 | op=SEND_HEARTBEAT {datanodeUUID=45749ed4-9cb8-4dd3-a17e-80709f44a4cf, command=[]} | ret=SUCCESS |  
2019-08-23 15:31:25,454 [grpc-default-executor-14] INFO  client.GrpcClientProtocolClient (GrpcClientProtocolClient.java:onNext(255)) - client-51A35432A53E->45749ed4-9cb8-4dd3-a17e-80709f44a4cf: receive RaftClientReply:client-51A35432A53E->45749ed4-9cb8-4dd3-a17e-80709f44a4cf@group-459EAB4A3204, cid=191, FAILED org.apache.ratis.protocol.NotLeaderException: Server 45749ed4-9cb8-4dd3-a17e-80709f44a4cf is not the leader (f9be0488-4b83-4ab0-b8b8-dac1c31a58bc:192.168.5.135:39474). Request must be sent to leader., logIndex=0, commits[45749ed4-9cb8-4dd3-a17e-80709f44a4cf:c15, f9be0488-4b83-4ab0-b8b8-dac1c31a58bc:c15, c8d45dbb-3bf0-41f1-917b-67c69771f96d:c15]
2019-08-23 15:31:25,460 | INFO  | SCMAudit | user=jenkins1000 | ip=192.168.5.135 | op=SEND_HEARTBEAT {datanodeUUID=c05fed09-c95d-4327-a465-a8ae69fed776, command=[]} | ret=SUCCESS |  
2019-08-23 15:31:25,517 | INFO  | SCMAudit | user=jenkins1000 | ip=192.168.5.135 | op=SEND_HEARTBEAT {datanodeUUID=5fa1ed00-d108-4e10-9e2f-8b50df71b2da, command=[]} | ret=SUCCESS |  
2019-08-23 15:31:25,581 | INFO  | SCMAudit | user=jenkins1000 | ip=192.168.5.135 | op=SEND_HEARTBEAT {datanodeUUID=8cd08553-7170-462e-ba81-b2a7a0cb37ad, command=[]} | ret=SUCCESS |  
2019-08-23 15:31:25,844 | INFO  | SCMAudit | user=jenkins1000 | ip=192.168.5.135 | op=SEND_HEARTBEAT {datanodeUUID=f6f9bd1c-aea8-4781-a09f-2599df8cb999, command=[]} | ret=SUCCESS |  
2019-08-23 15:31:26,168 | INFO  | SCMAudit | user=jenkins1000 | ip=192.168.5.135 | op=SEND_HEARTBEAT {datanodeUUID=45749ed4-9cb8-4dd3-a17e-80709f44a4cf, command=[]} | ret=SUCCESS |  
2019-08-23 15:31:26,168 | INFO  | SCMAudit | user=jenkins1000 | ip=192.168.5.135 | op=SEND_HEARTBEAT {datanodeUUID=c8d45dbb-3bf0-41f1-917b-67c69771f96d, command=[]} | ret=SUCCESS |  
2019-08-23 15:31:26,460 | INFO  | SCMAudit | user=jenkins1000 | ip=192.168.5.135 | op=SEND_HEARTBEAT {datanodeUUID=c05fed09-c95d-4327-a465-a8ae69fed776, command=[]} | ret=SUCCESS |  
2019-08-23 15:31:26,467 [grpc-default-executor-14] INFO  client.GrpcClientProtocolClient (GrpcClientProtocolClient.java:onNext(255)) - client-51A35432A53E->45749ed4-9cb8-4dd3-a17e-80709f44a4cf: receive RaftClientReply:client-51A35432A53E->45749ed4-9cb8-4dd3-a17e-80709f44a4cf@group-459EAB4A3204, cid=191, FAILED org.apache.ratis.protocol.NotLeaderException: Server 45749ed4-9cb8-4dd3-a17e-80709f44a4cf is not the leader (f9be0488-4b83-4ab0-b8b8-dac1c31a58bc:192.168.5.135:39474). Request must be sent to leader., logIndex=0, commits[45749ed4-9cb8-4dd3-a17e-80709f44a4cf:c15, f9be0488-4b83-4ab0-b8b8-dac1c31a58bc:c15, c8d45dbb-3bf0-41f1-917b-67c69771f96d:c15]
2019-08-23 15:31:26,518 | INFO  | SCMAudit | user=jenkins1000 | ip=192.168.5.135 | op=SEND_HEARTBEAT {datanodeUUID=5fa1ed00-d108-4e10-9e2f-8b50df71b2da, command=[]} | ret=SUCCESS |  
2019-08-23 15:31:26,581 | INFO  | SCMAudit | user=jenkins1000 | ip=192.168.5.135 | op=SEND_HEARTBEAT {datanodeUUID=8cd08553-7170-462e-ba81-b2a7a0cb37ad, command=[]} | ret=SUCCESS |  
2019-08-23 15:31:26,844 | INFO  | SCMAudit | user=jenkins1000 | ip=192.168.5.135 | op=SEND_HEARTBEAT {datanodeUUID=f6f9bd1c-aea8-4781-a09f-2599df8cb999, command=[]} | ret=SUCCESS |  
2019-08-23 15:31:27,168 | INFO  | SCMAudit | user=jenkins1000 | ip=192.168.5.135 | op=SEND_HEARTBEAT {datanodeUUID=c8d45dbb-3bf0-41f1-917b-67c69771f96d, command=[]} | ret=SUCCESS |  
2019-08-23 15:31:27,170 | INFO  | SCMAudit | user=jenkins1000 | ip=192.168.5.135 | op=SEND_HEARTBEAT {datanodeUUID=45749ed4-9cb8-4dd3-a17e-80709f44a4cf, command=[]} | ret=SUCCESS |  
2019-08-23 15:31:27,460 | INFO  | SCMAudit | user=jenkins1000 | ip=192.168.5.135 | op=SEND_HEARTBEAT {datanodeUUID=c05fed09-c95d-4327-a465-a8ae69fed776, command=[]} | ret=SUCCESS |  
2019-08-23 15:31:27,480 [grpc-default-executor-13] INFO  client.GrpcClientProtocolClient (GrpcClientProtocolClient.java:onNext(255)) - client-51A35432A53E->45749ed4-9cb8-4dd3-a17e-80709f44a4cf: receive RaftClientReply:client-51A35432A53E->45749ed4-9cb8-4dd3-a17e-80709f44a4cf@group-459EAB4A3204, cid=191, FAILED org.apache.ratis.protocol.NotLeaderException: Server 45749ed4-9cb8-4dd3-a17e-80709f44a4cf is not the leader (f9be0488-4b83-4ab0-b8b8-dac1c31a58bc:192.168.5.135:39474). Request must be sent to leader., logIndex=0, commits[45749ed4-9cb8-4dd3-a17e-80709f44a4cf:c15, f9be0488-4b83-4ab0-b8b8-dac1c31a58bc:c15, c8d45dbb-3bf0-41f1-917b-67c69771f96d:c15]
2019-08-23 15:31:27,519 | INFO  | SCMAudit | user=jenkins1000 | ip=192.168.5.135 | op=SEND_HEARTBEAT {datanodeUUID=5fa1ed00-d108-4e10-9e2f-8b50df71b2da, command=[]} | ret=SUCCESS |  
2019-08-23 15:31:27,581 | INFO  | SCMAudit | user=jenkins1000 | ip=192.168.5.135 | op=SEND_HEARTBEAT {datanodeUUID=8cd08553-7170-462e-ba81-b2a7a0cb37ad, command=[]} | ret=SUCCESS |  
2019-08-23 15:31:27,844 | INFO  | SCMAudit | user=jenkins1000 | ip=192.168.5.135 | op=SEND_HEARTBEAT {datanodeUUID=f6f9bd1c-aea8-4781-a09f-2599df8cb999, command=[]} | ret=SUCCESS |  
2019-08-23 15:31:28,168 | INFO  | SCMAudit | user=jenkins1000 | ip=192.168.5.135 | op=SEND_HEARTBEAT {datanodeUUID=45749ed4-9cb8-4dd3-a17e-80709f44a4cf, command=[]} | ret=SUCCESS |  
2019-08-23 15:31:28,168 | INFO  | SCMAudit | user=jenkins1000 | ip=192.168.5.135 | op=SEND_HEARTBEAT {datanodeUUID=c8d45dbb-3bf0-41f1-917b-67c69771f96d, command=[]} | ret=SUCCESS |  
2019-08-23 15:31:28,459 | INFO  | SCMAudit | user=jenkins1000 | ip=192.168.5.135 | op=SEND_HEARTBEAT {datanodeUUID=c05fed09-c95d-4327-a465-a8ae69fed776, command=[]} | ret=SUCCESS |  
2019-08-23 15:31:28,491 [grpc-default-executor-14] INFO  client.GrpcClientProtocolClient (GrpcClientProtocolClient.java:onNext(255)) - client-51A35432A53E->c8d45dbb-3bf0-41f1-917b-67c69771f96d: receive RaftClientReply:client-51A35432A53E->c8d45dbb-3bf0-41f1-917b-67c69771f96d@group-459EAB4A3204, cid=191, FAILED org.apache.ratis.protocol.NotLeaderException: Server c8d45dbb-3bf0-41f1-917b-67c69771f96d is not the leader (f9be0488-4b83-4ab0-b8b8-dac1c31a58bc:192.168.5.135:39474). Request must be sent to leader., logIndex=0, commits[c8d45dbb-3bf0-41f1-917b-67c69771f96d:c15, f9be0488-4b83-4ab0-b8b8-dac1c31a58bc:c15, 45749ed4-9cb8-4dd3-a17e-80709f44a4cf:c15]
2019-08-23 15:31:28,519 | INFO  | SCMAudit | user=jenkins1000 | ip=192.168.5.135 | op=SEND_HEARTBEAT {datanodeUUID=5fa1ed00-d108-4e10-9e2f-8b50df71b2da, command=[]} | ret=SUCCESS |  
2019-08-23 15:31:28,581 | INFO  | SCMAudit | user=jenkins1000 | ip=192.168.5.135 | op=SEND_HEARTBEAT {datanodeUUID=8cd08553-7170-462e-ba81-b2a7a0cb37ad, command=[]} | ret=SUCCESS |  
2019-08-23 15:31:28,844 | INFO  | SCMAudit | user=jenkins1000 | ip=192.168.5.135 | op=SEND_HEARTBEAT {datanodeUUID=f6f9bd1c-aea8-4781-a09f-2599df8cb999, command=[]} | ret=SUCCESS |  
2019-08-23 15:31:29,168 | INFO  | SCMAudit | user=jenkins1000 | ip=192.168.5.135 | op=SEND_HEARTBEAT {datanodeUUID=45749ed4-9cb8-4dd3-a17e-80709f44a4cf, command=[]} | ret=SUCCESS |  
2019-08-23 15:31:29,169 | INFO  | SCMAudit | user=jenkins1000 | ip=192.168.5.135 | op=SEND_HEARTBEAT {datanodeUUID=c8d45dbb-3bf0-41f1-917b-67c69771f96d, command=[]} | ret=SUCCESS |  
2019-08-23 15:31:29,460 | INFO  | SCMAudit | user=jenkins1000 | ip=192.168.5.135 | op=SEND_HEARTBEAT {datanodeUUID=c05fed09-c95d-4327-a465-a8ae69fed776, command=[]} | ret=SUCCESS |  
2019-08-23 15:31:29,505 [grpc-default-executor-13] INFO  client.GrpcClientProtocolClient (GrpcClientProtocolClient.java:onNext(255)) - client-51A35432A53E->45749ed4-9cb8-4dd3-a17e-80709f44a4cf: receive RaftClientReply:client-51A35432A53E->45749ed4-9cb8-4dd3-a17e-80709f44a4cf@group-459EAB4A3204, cid=191, FAILED org.apache.ratis.protocol.NotLeaderException: Server 45749ed4-9cb8-4dd3-a17e-80709f44a4cf is not the leader (f9be0488-4b83-4ab0-b8b8-dac1c31a58bc:192.168.5.135:39474). Request must be sent to leader., logIndex=0, commits[45749ed4-9cb8-4dd3-a17e-80709f44a4cf:c15, f9be0488-4b83-4ab0-b8b8-dac1c31a58bc:c15, c8d45dbb-3bf0-41f1-917b-67c69771f96d:c15]
2019-08-23 15:31:29,519 | INFO  | SCMAudit | user=jenkins1000 | ip=192.168.5.135 | op=SEND_HEARTBEAT {datanodeUUID=5fa1ed00-d108-4e10-9e2f-8b50df71b2da, command=[]} | ret=SUCCESS |  
2019-08-23 15:31:29,581 | INFO  | SCMAudit | user=jenkins1000 | ip=192.168.5.135 | op=SEND_HEARTBEAT {datanodeUUID=8cd08553-7170-462e-ba81-b2a7a0cb37ad, command=[]} | ret=SUCCESS |  
2019-08-23 15:31:29,845 | INFO  | SCMAudit | user=jenkins1000 | ip=192.168.5.135 | op=SEND_HEARTBEAT {datanodeUUID=f6f9bd1c-aea8-4781-a09f-2599df8cb999, command=[]} | ret=SUCCESS |  
2019-08-23 15:31:30,168 | INFO  | SCMAudit | user=jenkins1000 | ip=192.168.5.135 | op=SEND_HEARTBEAT {datanodeUUID=45749ed4-9cb8-4dd3-a17e-80709f44a4cf, command=[]} | ret=SUCCESS |  
2019-08-23 15:31:30,169 | INFO  | SCMAudit | user=jenkins1000 | ip=192.168.5.135 | op=SEND_HEARTBEAT {datanodeUUID=c8d45dbb-3bf0-41f1-917b-67c69771f96d, command=[]} | ret=SUCCESS |  
2019-08-23 15:31:30,461 | INFO  | SCMAudit | user=jenkins1000 | ip=192.168.5.135 | op=SEND_HEARTBEAT {datanodeUUID=c05fed09-c95d-4327-a465-a8ae69fed776, command=[]} | ret=SUCCESS |  
2019-08-23 15:31:30,522 | INFO  | SCMAudit | user=jenkins1000 | ip=192.168.5.135 | op=SEND_HEARTBEAT {datanodeUUID=5fa1ed00-d108-4e10-9e2f-8b50df71b2da, command=[]} | ret=SUCCESS |  
2019-08-23 15:31:30,523 [grpc-default-executor-14] INFO  client.GrpcClientProtocolClient (GrpcClientProtocolClient.java:onNext(255)) - client-51A35432A53E->c8d45dbb-3bf0-41f1-917b-67c69771f96d: receive RaftClientReply:client-51A35432A53E->c8d45dbb-3bf0-41f1-917b-67c69771f96d@group-459EAB4A3204, cid=191, FAILED org.apache.ratis.protocol.NotLeaderException: Server c8d45dbb-3bf0-41f1-917b-67c69771f96d is not the leader (f9be0488-4b83-4ab0-b8b8-dac1c31a58bc:192.168.5.135:39474). Request must be sent to leader., logIndex=0, commits[c8d45dbb-3bf0-41f1-917b-67c69771f96d:c15, f9be0488-4b83-4ab0-b8b8-dac1c31a58bc:c15, 45749ed4-9cb8-4dd3-a17e-80709f44a4cf:c15]
2019-08-23 15:31:30,581 | INFO  | SCMAudit | user=jenkins1000 | ip=192.168.5.135 | op=SEND_HEARTBEAT {datanodeUUID=8cd08553-7170-462e-ba81-b2a7a0cb37ad, command=[]} | ret=SUCCESS |  
2019-08-23 15:31:30,845 | INFO  | SCMAudit | user=jenkins1000 | ip=192.168.5.135 | op=SEND_HEARTBEAT {datanodeUUID=f6f9bd1c-aea8-4781-a09f-2599df8cb999, command=[]} | ret=SUCCESS |  
2019-08-23 15:31:31,169 | INFO  | SCMAudit | user=jenkins1000 | ip=192.168.5.135 | op=SEND_HEARTBEAT {datanodeUUID=c8d45dbb-3bf0-41f1-917b-67c69771f96d, command=[]} | ret=SUCCESS |  
2019-08-23 15:31:31,169 | INFO  | SCMAudit | user=jenkins1000 | ip=192.168.5.135 | op=SEND_HEARTBEAT {datanodeUUID=45749ed4-9cb8-4dd3-a17e-80709f44a4cf, command=[]} | ret=SUCCESS |  
2019-08-23 15:31:31,220 [Thread-3645] INFO  impl.FollowerState (FollowerState.java:run(106)) - c8d45dbb-3bf0-41f1-917b-67c69771f96d:group-459EAB4A3204 changes to CANDIDATE, lastRpcTime:8868, electionTimeout:5061ms
2019-08-23 15:31:31,220 [Thread-3645] INFO  impl.RoleInfo (RoleInfo.java:shutdownFollowerState(121)) - c8d45dbb-3bf0-41f1-917b-67c69771f96d: shutdown FollowerState
2019-08-23 15:31:31,220 [Thread-3645] INFO  impl.RaftServerImpl (RaftServerImpl.java:setRole(171)) - c8d45dbb-3bf0-41f1-917b-67c69771f96d:group-459EAB4A3204 changes role from FOLLOWER to CANDIDATE at term 2 for changeToCandidate
2019-08-23 15:31:31,221 [Thread-3645] INFO  impl.RoleInfo (RoleInfo.java:updateAndGet(143)) - c8d45dbb-3bf0-41f1-917b-67c69771f96d: start LeaderElection
2019-08-23 15:31:31,221 [c8d45dbb-3bf0-41f1-917b-67c69771f96d:group-459EAB4A3204:LeaderElection81] INFO  impl.RaftServerImpl (ServerState.java:setLeader(263)) - c8d45dbb-3bf0-41f1-917b-67c69771f96d:group-459EAB4A3204 change Leader from f9be0488-4b83-4ab0-b8b8-dac1c31a58bc to null at term 2 for initElection
2019-08-23 15:31:31,235 [c8d45dbb-3bf0-41f1-917b-67c69771f96d:group-459EAB4A3204:LeaderElection81] INFO  impl.LeaderElection (LeaderElection.java:askForVotes(181)) - c8d45dbb-3bf0-41f1-917b-67c69771f96d:group-459EAB4A3204:LeaderElection81: begin an election at term 3 for 0: [f9be0488-4b83-4ab0-b8b8-dac1c31a58bc:192.168.5.135:39474, 45749ed4-9cb8-4dd3-a17e-80709f44a4cf:192.168.5.135:35328, c8d45dbb-3bf0-41f1-917b-67c69771f96d:192.168.5.135:33969], old=null
2019-08-23 15:31:31,237 [c8d45dbb-3bf0-41f1-917b-67c69771f96d:group-459EAB4A3204:LeaderElection81] INFO  impl.LeaderElection (LogUtils.java:infoOrTrace(149)) - c8d45dbb-3bf0-41f1-917b-67c69771f96d:group-459EAB4A3204:LeaderElection81 got exception when requesting votes: {}
java.util.concurrent.ExecutionException: org.apache.ratis.thirdparty.io.grpc.StatusRuntimeException: UNAVAILABLE: io exception
	at java.util.concurrent.FutureTask.report(FutureTask.java:122)
	at java.util.concurrent.FutureTask.get(FutureTask.java:192)
	at org.apache.ratis.server.impl.LeaderElection.waitForResults(LeaderElection.java:262)
	at org.apache.ratis.server.impl.LeaderElection.askForVotes(LeaderElection.java:200)
	at org.apache.ratis.server.impl.LeaderElection.run(LeaderElection.java:130)
	at java.lang.Thread.run(Thread.java:748)
Caused by: org.apache.ratis.thirdparty.io.grpc.StatusRuntimeException: UNAVAILABLE: io exception
	at org.apache.ratis.thirdparty.io.grpc.stub.ClientCalls.toStatusRuntimeException(ClientCalls.java:233)
	at org.apache.ratis.thirdparty.io.grpc.stub.ClientCalls.getUnchecked(ClientCalls.java:214)
	at org.apache.ratis.thirdparty.io.grpc.stub.ClientCalls.blockingUnaryCall(ClientCalls.java:139)
	at org.apache.ratis.proto.grpc.RaftServerProtocolServiceGrpc$RaftServerProtocolServiceBlockingStub.requestVote(RaftServerProtocolServiceGrpc.java:265)
	at org.apache.ratis.grpc.server.GrpcServerProtocolClient.requestVote(GrpcServerProtocolClient.java:83)
	at org.apache.ratis.grpc.server.GrpcService.requestVote(GrpcService.java:195)
	at org.apache.ratis.server.impl.LeaderElection.lambda$submitRequests$1(LeaderElection.java:237)
	at java.util.concurrent.FutureTask.run(FutureTask.java:266)
	at java.util.concurrent.Executors$RunnableAdapter.call(Executors.java:511)
	at java.util.concurrent.FutureTask.run(FutureTask.java:266)
	at java.util.concurrent.ThreadPoolExecutor.runWorker(ThreadPoolExecutor.java:1149)
	at java.util.concurrent.ThreadPoolExecutor$Worker.run(ThreadPoolExecutor.java:624)
	... 1 more
Caused by: org.apache.ratis.thirdparty.io.netty.channel.AbstractChannel$AnnotatedConnectException: Connection refused: /192.168.5.135:39474
	at sun.nio.ch.SocketChannelImpl.checkConnect(Native Method)
	at sun.nio.ch.SocketChannelImpl.finishConnect(SocketChannelImpl.java:717)
	at org.apache.ratis.thirdparty.io.netty.channel.socket.nio.NioSocketChannel.doFinishConnect(NioSocketChannel.java:327)
	at org.apache.ratis.thirdparty.io.netty.channel.nio.AbstractNioChannel$AbstractNioUnsafe.finishConnect(AbstractNioChannel.java:340)
	at org.apache.ratis.thirdparty.io.netty.channel.nio.NioEventLoop.processSelectedKey(NioEventLoop.java:632)
	at org.apache.ratis.thirdparty.io.netty.channel.nio.NioEventLoop.processSelectedKeysOptimized(NioEventLoop.java:579)
	at org.apache.ratis.thirdparty.io.netty.channel.nio.NioEventLoop.processSelectedKeys(NioEventLoop.java:496)
	at org.apache.ratis.thirdparty.io.netty.channel.nio.NioEventLoop.run(NioEventLoop.java:458)
	at org.apache.ratis.thirdparty.io.netty.util.concurrent.SingleThreadEventExecutor$5.run(SingleThreadEventExecutor.java:897)
	at org.apache.ratis.thirdparty.io.netty.util.concurrent.FastThreadLocalRunnable.run(FastThreadLocalRunnable.java:30)
	... 1 more
Caused by: java.net.ConnectException: Connection refused
	... 11 more
2019-08-23 15:31:31,241 [grpc-default-executor-14] INFO  impl.RaftServerImpl (ServerState.java:setLeader(263)) - 45749ed4-9cb8-4dd3-a17e-80709f44a4cf:group-459EAB4A3204 change Leader from f9be0488-4b83-4ab0-b8b8-dac1c31a58bc to null at term 3 for updateCurrentTerm
2019-08-23 15:31:31,242 [grpc-default-executor-14] INFO  impl.RaftServerImpl (RaftServerImpl.java:setRole(171)) - 45749ed4-9cb8-4dd3-a17e-80709f44a4cf:group-459EAB4A3204 changes role from FOLLOWER to FOLLOWER at term 3 for recognizeCandidate:c8d45dbb-3bf0-41f1-917b-67c69771f96d
2019-08-23 15:31:31,242 [grpc-default-executor-14] INFO  impl.RoleInfo (RoleInfo.java:shutdownFollowerState(121)) - 45749ed4-9cb8-4dd3-a17e-80709f44a4cf: shutdown FollowerState
2019-08-23 15:31:31,242 [grpc-default-executor-14] INFO  impl.RoleInfo (RoleInfo.java:updateAndGet(143)) - 45749ed4-9cb8-4dd3-a17e-80709f44a4cf: start FollowerState
2019-08-23 15:31:31,242 [Thread-3646] INFO  impl.FollowerState (FollowerState.java:run(114)) - 45749ed4-9cb8-4dd3-a17e-80709f44a4cf: FollowerState was interrupted: java.lang.InterruptedException: sleep interrupted
2019-08-23 15:31:31,257 [c8d45dbb-3bf0-41f1-917b-67c69771f96d:group-459EAB4A3204:LeaderElection81] INFO  impl.LeaderElection (LeaderElection.java:logAndReturn(56)) - c8d45dbb-3bf0-41f1-917b-67c69771f96d:group-459EAB4A3204:LeaderElection81: Election PASSED; received 1 response(s) [c8d45dbb-3bf0-41f1-917b-67c69771f96d<-45749ed4-9cb8-4dd3-a17e-80709f44a4cf#0:OK-t3] and 1 exception(s); c8d45dbb-3bf0-41f1-917b-67c69771f96d:t3, leader=null, voted=c8d45dbb-3bf0-41f1-917b-67c69771f96d, raftlog=c8d45dbb-3bf0-41f1-917b-67c69771f96d-SegmentedRaftLog:OPENED:c15,f15,i15, conf=0: [f9be0488-4b83-4ab0-b8b8-dac1c31a58bc:192.168.5.135:39474, 45749ed4-9cb8-4dd3-a17e-80709f44a4cf:192.168.5.135:35328, c8d45dbb-3bf0-41f1-917b-67c69771f96d:192.168.5.135:33969], old=null
2019-08-23 15:31:31,258 [c8d45dbb-3bf0-41f1-917b-67c69771f96d:group-459EAB4A3204:LeaderElection81] INFO  impl.LeaderElection (LogUtils.java:infoOrTrace(149)) -   Exception 0: {}
java.util.concurrent.ExecutionException: org.apache.ratis.thirdparty.io.grpc.StatusRuntimeException: UNAVAILABLE: io exception
	at java.util.concurrent.FutureTask.report(FutureTask.java:122)
	at java.util.concurrent.FutureTask.get(FutureTask.java:192)
	at org.apache.ratis.server.impl.LeaderElection.waitForResults(LeaderElection.java:262)
	at org.apache.ratis.server.impl.LeaderElection.askForVotes(LeaderElection.java:200)
	at org.apache.ratis.server.impl.LeaderElection.run(LeaderElection.java:130)
	at java.lang.Thread.run(Thread.java:748)
Caused by: org.apache.ratis.thirdparty.io.grpc.StatusRuntimeException: UNAVAILABLE: io exception
	at org.apache.ratis.thirdparty.io.grpc.stub.ClientCalls.toStatusRuntimeException(ClientCalls.java:233)
	at org.apache.ratis.thirdparty.io.grpc.stub.ClientCalls.getUnchecked(ClientCalls.java:214)
	at org.apache.ratis.thirdparty.io.grpc.stub.ClientCalls.blockingUnaryCall(ClientCalls.java:139)
	at org.apache.ratis.proto.grpc.RaftServerProtocolServiceGrpc$RaftServerProtocolServiceBlockingStub.requestVote(RaftServerProtocolServiceGrpc.java:265)
	at org.apache.ratis.grpc.server.GrpcServerProtocolClient.requestVote(GrpcServerProtocolClient.java:83)
	at org.apache.ratis.grpc.server.GrpcService.requestVote(GrpcService.java:195)
	at org.apache.ratis.server.impl.LeaderElection.lambda$submitRequests$1(LeaderElection.java:237)
	at java.util.concurrent.FutureTask.run(FutureTask.java:266)
	at java.util.concurrent.Executors$RunnableAdapter.call(Executors.java:511)
	at java.util.concurrent.FutureTask.run(FutureTask.java:266)
	at java.util.concurrent.ThreadPoolExecutor.runWorker(ThreadPoolExecutor.java:1149)
	at java.util.concurrent.ThreadPoolExecutor$Worker.run(ThreadPoolExecutor.java:624)
	... 1 more
Caused by: org.apache.ratis.thirdparty.io.netty.channel.AbstractChannel$AnnotatedConnectException: Connection refused: /192.168.5.135:39474
	at sun.nio.ch.SocketChannelImpl.checkConnect(Native Method)
	at sun.nio.ch.SocketChannelImpl.finishConnect(SocketChannelImpl.java:717)
	at org.apache.ratis.thirdparty.io.netty.channel.socket.nio.NioSocketChannel.doFinishConnect(NioSocketChannel.java:327)
	at org.apache.ratis.thirdparty.io.netty.channel.nio.AbstractNioChannel$AbstractNioUnsafe.finishConnect(AbstractNioChannel.java:340)
	at org.apache.ratis.thirdparty.io.netty.channel.nio.NioEventLoop.processSelectedKey(NioEventLoop.java:632)
	at org.apache.ratis.thirdparty.io.netty.channel.nio.NioEventLoop.processSelectedKeysOptimized(NioEventLoop.java:579)
	at org.apache.ratis.thirdparty.io.netty.channel.nio.NioEventLoop.processSelectedKeys(NioEventLoop.java:496)
	at org.apache.ratis.thirdparty.io.netty.channel.nio.NioEventLoop.run(NioEventLoop.java:458)
	at org.apache.ratis.thirdparty.io.netty.util.concurrent.SingleThreadEventExecutor$5.run(SingleThreadEventExecutor.java:897)
	at org.apache.ratis.thirdparty.io.netty.util.concurrent.FastThreadLocalRunnable.run(FastThreadLocalRunnable.java:30)
	... 1 more
Caused by: java.net.ConnectException: Connection refused
	... 11 more
2019-08-23 15:31:31,258 [c8d45dbb-3bf0-41f1-917b-67c69771f96d:group-459EAB4A3204:LeaderElection81] INFO  impl.RoleInfo (RoleInfo.java:shutdownLeaderElection(134)) - c8d45dbb-3bf0-41f1-917b-67c69771f96d: shutdown LeaderElection
2019-08-23 15:31:31,258 [c8d45dbb-3bf0-41f1-917b-67c69771f96d:group-459EAB4A3204:LeaderElection81] INFO  impl.RaftServerImpl (RaftServerImpl.java:setRole(171)) - c8d45dbb-3bf0-41f1-917b-67c69771f96d:group-459EAB4A3204 changes role from CANDIDATE to LEADER at term 3 for changeToLeader
2019-08-23 15:31:31,258 [c8d45dbb-3bf0-41f1-917b-67c69771f96d:group-459EAB4A3204:LeaderElection81] INFO  impl.RaftServerImpl (ServerState.java:setLeader(263)) - c8d45dbb-3bf0-41f1-917b-67c69771f96d:group-459EAB4A3204 change Leader from null to c8d45dbb-3bf0-41f1-917b-67c69771f96d at term 3 for becomeLeader, leader elected after 37ms
2019-08-23 15:31:31,259 [c8d45dbb-3bf0-41f1-917b-67c69771f96d:group-459EAB4A3204:LeaderElection81] INFO  server.RaftServerConfigKeys (ConfUtils.java:logGet(43)) - raft.server.staging.catchup.gap = 1000 (default)
2019-08-23 15:31:31,259 [c8d45dbb-3bf0-41f1-917b-67c69771f96d:group-459EAB4A3204:LeaderElection81] INFO  server.RaftServerConfigKeys (ConfUtils.java:logGet(43)) - raft.server.rpc.sleep.time = 25ms (default)
2019-08-23 15:31:31,259 [c8d45dbb-3bf0-41f1-917b-67c69771f96d:group-459EAB4A3204:LeaderElection81] INFO  server.RaftServerConfigKeys (ConfUtils.java:logGet(43)) - raft.server.write.element-limit = 4096 (default)
2019-08-23 15:31:31,259 [c8d45dbb-3bf0-41f1-917b-67c69771f96d:group-459EAB4A3204:LeaderElection81] INFO  server.RaftServerConfigKeys (ConfUtils.java:logGet(43)) - raft.server.watch.timeout = 10s (default)
2019-08-23 15:31:31,259 [c8d45dbb-3bf0-41f1-917b-67c69771f96d:group-459EAB4A3204:LeaderElection81] INFO  server.RaftServerConfigKeys (ConfUtils.java:logGet(43)) - raft.server.watch.timeout.denomination = 1s (default)
2019-08-23 15:31:31,260 [c8d45dbb-3bf0-41f1-917b-67c69771f96d:group-459EAB4A3204:LeaderElection81] INFO  server.RaftServerConfigKeys (ConfUtils.java:logGet(43)) - raft.server.watch.element-limit = 65536 (default)
2019-08-23 15:31:31,260 [c8d45dbb-3bf0-41f1-917b-67c69771f96d:group-459EAB4A3204:LeaderElection81] INFO  server.RaftServerConfigKeys (ConfUtils.java:logGet(43)) - raft.server.log.appender.snapshot.chunk.size.max = 16MB (=16777216) (default)
2019-08-23 15:31:31,260 [c8d45dbb-3bf0-41f1-917b-67c69771f96d:group-459EAB4A3204:LeaderElection81] INFO  server.RaftServerConfigKeys (ConfUtils.java:logGet(43)) - raft.server.log.appender.buffer.byte-limit = 33554432 (custom)
2019-08-23 15:31:31,260 [c8d45dbb-3bf0-41f1-917b-67c69771f96d:group-459EAB4A3204:LeaderElection81] INFO  server.RaftServerConfigKeys (ConfUtils.java:logGet(43)) - raft.server.log.appender.buffer.element-limit = 1 (custom)
2019-08-23 15:31:31,261 [c8d45dbb-3bf0-41f1-917b-67c69771f96d:group-459EAB4A3204:LeaderElection81] INFO  grpc.GrpcConfigKeys$Server (ConfUtils.java:logGet(43)) - raft.grpc.server.leader.outstanding.appends.max = 128 (default)
2019-08-23 15:31:31,261 [c8d45dbb-3bf0-41f1-917b-67c69771f96d:group-459EAB4A3204:LeaderElection81] INFO  server.RaftServerConfigKeys (ConfUtils.java:logGet(43)) - raft.server.rpc.request.timeout = 3000ms (default)
2019-08-23 15:31:31,261 [c8d45dbb-3bf0-41f1-917b-67c69771f96d:group-459EAB4A3204:LeaderElection81] INFO  server.RaftServerConfigKeys (ConfUtils.java:logGet(43)) - raft.server.log.appender.install.snapshot.enabled = false (custom)
2019-08-23 15:31:31,261 [c8d45dbb-3bf0-41f1-917b-67c69771f96d:group-459EAB4A3204:LeaderElection81] INFO  server.RaftServerConfigKeys (ConfUtils.java:logGet(43)) - raft.server.log.appender.snapshot.chunk.size.max = 16MB (=16777216) (default)
2019-08-23 15:31:31,261 [c8d45dbb-3bf0-41f1-917b-67c69771f96d:group-459EAB4A3204:LeaderElection81] INFO  server.RaftServerConfigKeys (ConfUtils.java:logGet(43)) - raft.server.log.appender.buffer.byte-limit = 33554432 (custom)
2019-08-23 15:31:31,262 [c8d45dbb-3bf0-41f1-917b-67c69771f96d:group-459EAB4A3204:LeaderElection81] INFO  server.RaftServerConfigKeys (ConfUtils.java:logGet(43)) - raft.server.log.appender.buffer.element-limit = 1 (custom)
2019-08-23 15:31:31,262 [c8d45dbb-3bf0-41f1-917b-67c69771f96d:group-459EAB4A3204:LeaderElection81] INFO  grpc.GrpcConfigKeys$Server (ConfUtils.java:logGet(43)) - raft.grpc.server.leader.outstanding.appends.max = 128 (default)
2019-08-23 15:31:31,262 [c8d45dbb-3bf0-41f1-917b-67c69771f96d:group-459EAB4A3204:LeaderElection81] INFO  server.RaftServerConfigKeys (ConfUtils.java:logGet(43)) - raft.server.rpc.request.timeout = 3000ms (default)
2019-08-23 15:31:31,262 [c8d45dbb-3bf0-41f1-917b-67c69771f96d:group-459EAB4A3204:LeaderElection81] INFO  server.RaftServerConfigKeys (ConfUtils.java:logGet(43)) - raft.server.log.appender.install.snapshot.enabled = false (custom)
2019-08-23 15:31:31,262 [c8d45dbb-3bf0-41f1-917b-67c69771f96d:group-459EAB4A3204:LeaderElection81] INFO  impl.RoleInfo (RoleInfo.java:updateAndGet(143)) - c8d45dbb-3bf0-41f1-917b-67c69771f96d: start LeaderState
2019-08-23 15:31:31,263 [c8d45dbb-3bf0-41f1-917b-67c69771f96d:group-459EAB4A3204:LeaderElection81] INFO  segmented.SegmentedRaftLogWorker (SegmentedRaftLogWorker.java:rollLogSegment(385)) - c8d45dbb-3bf0-41f1-917b-67c69771f96d-SegmentedRaftLogWorker:Storage Directory /workdir/hadoop-ozone/integration-test/target/test-dir/MiniOzoneClusterImpl-59c2fb18-0200-4865-85bf-81b4b37c6949/datanode-3/data/ratis/94826461-6c9c-408f-b25b-459eab4a3204: Rolling segment log-0_15 to index:15
2019-08-23 15:31:31,264 [c8d45dbb-3bf0-41f1-917b-67c69771f96d-SegmentedRaftLogWorker:Storage Directory /workdir/hadoop-ozone/integration-test/target/test-dir/MiniOzoneClusterImpl-59c2fb18-0200-4865-85bf-81b4b37c6949/datanode-3/data/ratis/94826461-6c9c-408f-b25b-459eab4a3204] INFO  segmented.SegmentedRaftLogWorker (SegmentedRaftLogWorker.java:execute(526)) - c8d45dbb-3bf0-41f1-917b-67c69771f96d-SegmentedRaftLogWorker:Storage Directory /workdir/hadoop-ozone/integration-test/target/test-dir/MiniOzoneClusterImpl-59c2fb18-0200-4865-85bf-81b4b37c6949/datanode-3/data/ratis/94826461-6c9c-408f-b25b-459eab4a3204: Rolled log segment from /workdir/hadoop-ozone/integration-test/target/test-dir/MiniOzoneClusterImpl-59c2fb18-0200-4865-85bf-81b4b37c6949/datanode-3/data/ratis/94826461-6c9c-408f-b25b-459eab4a3204/current/log_inprogress_0 to /workdir/hadoop-ozone/integration-test/target/test-dir/MiniOzoneClusterImpl-59c2fb18-0200-4865-85bf-81b4b37c6949/datanode-3/data/ratis/94826461-6c9c-408f-b25b-459eab4a3204/current/log_0-15
2019-08-23 15:31:31,264 [c8d45dbb-3bf0-41f1-917b-67c69771f96d:group-459EAB4A3204:LeaderElection81] INFO  impl.RaftServerImpl (ServerState.java:setRaftConf(361)) - c8d45dbb-3bf0-41f1-917b-67c69771f96d:group-459EAB4A3204 set configuration 16: [f9be0488-4b83-4ab0-b8b8-dac1c31a58bc:192.168.5.135:39474, 45749ed4-9cb8-4dd3-a17e-80709f44a4cf:192.168.5.135:35328, c8d45dbb-3bf0-41f1-917b-67c69771f96d:192.168.5.135:33969], old=null at 16
2019-08-23 15:31:31,264 [grpc-default-executor-14] WARN  server.GrpcLogAppender (LogUtils.java:warn(134)) - c8d45dbb-3bf0-41f1-917b-67c69771f96d->f9be0488-4b83-4ab0-b8b8-dac1c31a58bc: Failed appendEntries: org.apache.ratis.thirdparty.io.grpc.StatusRuntimeException: UNAVAILABLE: io exception
2019-08-23 15:31:31,265 [grpc-default-executor-14] INFO  impl.FollowerInfo (FollowerInfo.java:lambda$new$0(50)) - c8d45dbb-3bf0-41f1-917b-67c69771f96d->f9be0488-4b83-4ab0-b8b8-dac1c31a58bc: nextIndex: updateUnconditionally 16 -> 1
2019-08-23 15:31:31,265 [grpc-default-executor-10] INFO  impl.RaftServerImpl (ServerState.java:setLeader(263)) - 45749ed4-9cb8-4dd3-a17e-80709f44a4cf:group-459EAB4A3204 change Leader from null to c8d45dbb-3bf0-41f1-917b-67c69771f96d at term 3 for appendEntries, leader elected after 24ms
2019-08-23 15:31:31,268 [grpc-default-executor-10] INFO  impl.RaftServerImpl (ServerState.java:setRaftConf(361)) - 45749ed4-9cb8-4dd3-a17e-80709f44a4cf:group-459EAB4A3204 set configuration 16: [f9be0488-4b83-4ab0-b8b8-dac1c31a58bc:192.168.5.135:39474, 45749ed4-9cb8-4dd3-a17e-80709f44a4cf:192.168.5.135:35328, c8d45dbb-3bf0-41f1-917b-67c69771f96d:192.168.5.135:33969], old=null at 16
2019-08-23 15:31:31,268 [grpc-default-executor-10] INFO  segmented.SegmentedRaftLogWorker (SegmentedRaftLogWorker.java:rollLogSegment(385)) - 45749ed4-9cb8-4dd3-a17e-80709f44a4cf-SegmentedRaftLogWorker:Storage Directory /workdir/hadoop-ozone/integration-test/target/test-dir/MiniOzoneClusterImpl-59c2fb18-0200-4865-85bf-81b4b37c6949/datanode-4/data/ratis/94826461-6c9c-408f-b25b-459eab4a3204: Rolling segment log-0_15 to index:15
2019-08-23 15:31:31,269 [45749ed4-9cb8-4dd3-a17e-80709f44a4cf-SegmentedRaftLogWorker:Storage Directory /workdir/hadoop-ozone/integration-test/target/test-dir/MiniOzoneClusterImpl-59c2fb18-0200-4865-85bf-81b4b37c6949/datanode-4/data/ratis/94826461-6c9c-408f-b25b-459eab4a3204] INFO  segmented.SegmentedRaftLogWorker (SegmentedRaftLogWorker.java:execute(526)) - 45749ed4-9cb8-4dd3-a17e-80709f44a4cf-SegmentedRaftLogWorker:Storage Directory /workdir/hadoop-ozone/integration-test/target/test-dir/MiniOzoneClusterImpl-59c2fb18-0200-4865-85bf-81b4b37c6949/datanode-4/data/ratis/94826461-6c9c-408f-b25b-459eab4a3204: Rolled log segment from /workdir/hadoop-ozone/integration-test/target/test-dir/MiniOzoneClusterImpl-59c2fb18-0200-4865-85bf-81b4b37c6949/datanode-4/data/ratis/94826461-6c9c-408f-b25b-459eab4a3204/current/log_inprogress_0 to /workdir/hadoop-ozone/integration-test/target/test-dir/MiniOzoneClusterImpl-59c2fb18-0200-4865-85bf-81b4b37c6949/datanode-4/data/ratis/94826461-6c9c-408f-b25b-459eab4a3204/current/log_0-15
2019-08-23 15:31:31,324 [c8d45dbb-3bf0-41f1-917b-67c69771f96d-SegmentedRaftLogWorker:Storage Directory /workdir/hadoop-ozone/integration-test/target/test-dir/MiniOzoneClusterImpl-59c2fb18-0200-4865-85bf-81b4b37c6949/datanode-3/data/ratis/94826461-6c9c-408f-b25b-459eab4a3204] INFO  segmented.SegmentedRaftLogWorker (SegmentedRaftLogWorker.java:execute(569)) - c8d45dbb-3bf0-41f1-917b-67c69771f96d-SegmentedRaftLogWorker:Storage Directory /workdir/hadoop-ozone/integration-test/target/test-dir/MiniOzoneClusterImpl-59c2fb18-0200-4865-85bf-81b4b37c6949/datanode-3/data/ratis/94826461-6c9c-408f-b25b-459eab4a3204: created new log segment /workdir/hadoop-ozone/integration-test/target/test-dir/MiniOzoneClusterImpl-59c2fb18-0200-4865-85bf-81b4b37c6949/datanode-3/data/ratis/94826461-6c9c-408f-b25b-459eab4a3204/current/log_inprogress_16
2019-08-23 15:31:31,324 [45749ed4-9cb8-4dd3-a17e-80709f44a4cf-SegmentedRaftLogWorker:Storage Directory /workdir/hadoop-ozone/integration-test/target/test-dir/MiniOzoneClusterImpl-59c2fb18-0200-4865-85bf-81b4b37c6949/datanode-4/data/ratis/94826461-6c9c-408f-b25b-459eab4a3204] INFO  segmented.SegmentedRaftLogWorker (SegmentedRaftLogWorker.java:execute(569)) - 45749ed4-9cb8-4dd3-a17e-80709f44a4cf-SegmentedRaftLogWorker:Storage Directory /workdir/hadoop-ozone/integration-test/target/test-dir/MiniOzoneClusterImpl-59c2fb18-0200-4865-85bf-81b4b37c6949/datanode-4/data/ratis/94826461-6c9c-408f-b25b-459eab4a3204: created new log segment /workdir/hadoop-ozone/integration-test/target/test-dir/MiniOzoneClusterImpl-59c2fb18-0200-4865-85bf-81b4b37c6949/datanode-4/data/ratis/94826461-6c9c-408f-b25b-459eab4a3204/current/log_inprogress_16
2019-08-23 15:31:31,341 | INFO  | DNAudit | user=null | ip=null | op=READ_CHUNK {blockData=conID: 1 locID: 102667011153788942 bcsId: 0} | ret=SUCCESS |  
2019-08-23 15:31:31,360 [grpc-default-executor-13] WARN  server.GrpcLogAppender (LogUtils.java:warn(134)) - c8d45dbb-3bf0-41f1-917b-67c69771f96d->f9be0488-4b83-4ab0-b8b8-dac1c31a58bc: Failed appendEntries: org.apache.ratis.thirdparty.io.grpc.StatusRuntimeException: UNAVAILABLE: io exception
2019-08-23 15:31:31,361 [grpc-default-executor-13] INFO  impl.FollowerInfo (FollowerInfo.java:lambda$new$0(50)) - c8d45dbb-3bf0-41f1-917b-67c69771f96d->f9be0488-4b83-4ab0-b8b8-dac1c31a58bc: nextIndex: updateUnconditionally 2 -> 1
2019-08-23 15:31:31,461 | INFO  | SCMAudit | user=jenkins1000 | ip=192.168.5.135 | op=SEND_HEARTBEAT {datanodeUUID=c05fed09-c95d-4327-a465-a8ae69fed776, command=[]} | ret=SUCCESS |  
2019-08-23 15:31:31,522 | INFO  | SCMAudit | user=jenkins1000 | ip=192.168.5.135 | op=SEND_HEARTBEAT {datanodeUUID=5fa1ed00-d108-4e10-9e2f-8b50df71b2da, command=[]} | ret=SUCCESS |  
2019-08-23 15:31:31,538 [grpc-default-executor-13] INFO  client.GrpcClientProtocolClient (GrpcClientProtocolClient.java:onNext(255)) - client-51A35432A53E->45749ed4-9cb8-4dd3-a17e-80709f44a4cf: receive RaftClientReply:client-51A35432A53E->45749ed4-9cb8-4dd3-a17e-80709f44a4cf@group-459EAB4A3204, cid=191, FAILED org.apache.ratis.protocol.NotLeaderException: Server 45749ed4-9cb8-4dd3-a17e-80709f44a4cf is not the leader (c8d45dbb-3bf0-41f1-917b-67c69771f96d:192.168.5.135:33969). Request must be sent to leader., logIndex=0, commits[45749ed4-9cb8-4dd3-a17e-80709f44a4cf:c16, f9be0488-4b83-4ab0-b8b8-dac1c31a58bc:c15, c8d45dbb-3bf0-41f1-917b-67c69771f96d:c16]
2019-08-23 15:31:31,544 | ERROR | DNAudit | user=null | ip=null | op=WRITE_CHUNK {blockData=conID: 1 locID: 102667011153788942 bcsId: 13} | ret=FAILURE | org.apache.hadoop.hdds.scm.container.common.helpers.ContainerNotOpenException: Container 1 in CLOSING state
	at org.apache.hadoop.ozone.container.common.impl.HddsDispatcher.validateContainerCommand(HddsDispatcher.java:408)
	at org.apache.hadoop.ozone.container.common.transport.server.ratis.ContainerStateMachine.startTransaction(ContainerStateMachine.java:309) 
2019-08-23 15:31:31,552 [grpc-default-executor-13] INFO  client.GrpcClientProtocolClient (GrpcClientProtocolClient.java:onNext(255)) - client-51A35432A53E->c8d45dbb-3bf0-41f1-917b-67c69771f96d: receive RaftClientReply:client-51A35432A53E->c8d45dbb-3bf0-41f1-917b-67c69771f96d@group-459EAB4A3204, cid=191, FAILED org.apache.ratis.protocol.StateMachineException: org.apache.hadoop.hdds.scm.container.common.helpers.ContainerNotOpenException from Server c8d45dbb-3bf0-41f1-917b-67c69771f96d: Container 1 in CLOSING state, logIndex=0, commits[c8d45dbb-3bf0-41f1-917b-67c69771f96d:c17, f9be0488-4b83-4ab0-b8b8-dac1c31a58bc:c15, 45749ed4-9cb8-4dd3-a17e-80709f44a4cf:c16]
2019-08-23 15:31:31,553 | ERROR | DNAudit | user=null | ip=null | op=WRITE_CHUNK {blockData=conID: 1 locID: 102667011153788942 bcsId: 13} | ret=FAILURE | org.apache.hadoop.hdds.scm.container.common.helpers.ContainerNotOpenException: Container 1 in CLOSING state
	at org.apache.hadoop.ozone.container.common.impl.HddsDispatcher.validateContainerCommand(HddsDispatcher.java:408)
	at org.apache.hadoop.ozone.container.common.transport.server.ratis.ContainerStateMachine.startTransaction(ContainerStateMachine.java:309) 
2019-08-23 15:31:31,563 | ERROR | DNAudit | user=null | ip=null | op=PUT_BLOCK {blockData=[blockId=conID: 1 locID: 102667011153788942 bcsId: 0,size=650]} | ret=FAILURE | org.apache.hadoop.hdds.scm.container.common.helpers.ContainerNotOpenException: Container 1 in CLOSING state
	at org.apache.hadoop.ozone.container.common.impl.HddsDispatcher.validateContainerCommand(HddsDispatcher.java:408)
	at org.apache.hadoop.ozone.container.common.transport.server.ratis.ContainerStateMachine.startTransaction(ContainerStateMachine.java:309) 
2019-08-23 15:31:31,565 [grpc-default-executor-13] INFO  client.GrpcClientProtocolClient (GrpcClientProtocolClient.java:onNext(255)) - client-51A35432A53E->c8d45dbb-3bf0-41f1-917b-67c69771f96d: receive RaftClientReply:client-51A35432A53E->c8d45dbb-3bf0-41f1-917b-67c69771f96d@group-459EAB4A3204, cid=192, FAILED org.apache.ratis.protocol.StateMachineException: org.apache.hadoop.hdds.scm.container.common.helpers.ContainerNotOpenException from Server c8d45dbb-3bf0-41f1-917b-67c69771f96d: Container 1 in CLOSING state, logIndex=0, commits[c8d45dbb-3bf0-41f1-917b-67c69771f96d:c17, f9be0488-4b83-4ab0-b8b8-dac1c31a58bc:c15, 45749ed4-9cb8-4dd3-a17e-80709f44a4cf:c16]
2019-08-23 15:31:31,566 | ERROR | DNAudit | user=null | ip=null | op=WRITE_CHUNK {blockData=conID: 1 locID: 102667011153788942 bcsId: 13} | ret=FAILURE | org.apache.hadoop.hdds.scm.container.common.helpers.ContainerNotOpenException: Container 1 in CLOSING state
	at org.apache.hadoop.ozone.container.common.impl.HddsDispatcher.validateContainerCommand(HddsDispatcher.java:408)
	at org.apache.hadoop.ozone.container.common.transport.server.ratis.ContainerStateMachine.startTransaction(ContainerStateMachine.java:309) 
2019-08-23 15:31:31,569 [grpc-default-executor-13] INFO  client.GrpcClientProtocolClient (GrpcClientProtocolClient.java:onNext(255)) - client-51A35432A53E->c8d45dbb-3bf0-41f1-917b-67c69771f96d: receive RaftClientReply:client-51A35432A53E->c8d45dbb-3bf0-41f1-917b-67c69771f96d@group-459EAB4A3204, cid=193, FAILED org.apache.ratis.protocol.StateMachineException: org.apache.hadoop.hdds.scm.container.common.helpers.ContainerNotOpenException from Server c8d45dbb-3bf0-41f1-917b-67c69771f96d: Container 1 in CLOSING state, logIndex=0, commits[c8d45dbb-3bf0-41f1-917b-67c69771f96d:c17, f9be0488-4b83-4ab0-b8b8-dac1c31a58bc:c15, 45749ed4-9cb8-4dd3-a17e-80709f44a4cf:c16]
2019-08-23 15:31:31,570 | ERROR | DNAudit | user=null | ip=null | op=WRITE_CHUNK {blockData=conID: 1 locID: 102667011153788942 bcsId: 13} | ret=FAILURE | org.apache.hadoop.hdds.scm.container.common.helpers.ContainerNotOpenException: Container 1 in CLOSING state
	at org.apache.hadoop.ozone.container.common.impl.HddsDispatcher.validateContainerCommand(HddsDispatcher.java:408)
	at org.apache.hadoop.ozone.container.common.transport.server.ratis.ContainerStateMachine.startTransaction(ContainerStateMachine.java:309) 
2019-08-23 15:31:31,573 [grpc-default-executor-13] INFO  client.GrpcClientProtocolClient (GrpcClientProtocolClient.java:onNext(255)) - client-51A35432A53E->c8d45dbb-3bf0-41f1-917b-67c69771f96d: receive RaftClientReply:client-51A35432A53E->c8d45dbb-3bf0-41f1-917b-67c69771f96d@group-459EAB4A3204, cid=194, FAILED org.apache.ratis.protocol.StateMachineException: org.apache.hadoop.hdds.scm.container.common.helpers.ContainerNotOpenException from Server c8d45dbb-3bf0-41f1-917b-67c69771f96d: Container 1 in CLOSING state, logIndex=0, commits[c8d45dbb-3bf0-41f1-917b-67c69771f96d:c17, f9be0488-4b83-4ab0-b8b8-dac1c31a58bc:c15, 45749ed4-9cb8-4dd3-a17e-80709f44a4cf:c16]
2019-08-23 15:31:31,574 | ERROR | DNAudit | user=null | ip=null | op=PUT_BLOCK {blockData=[blockId=conID: 1 locID: 102667011153788942 bcsId: 0,size=800]} | ret=FAILURE | org.apache.hadoop.hdds.scm.container.common.helpers.ContainerNotOpenException: Container 1 in CLOSING state
	at org.apache.hadoop.ozone.container.common.impl.HddsDispatcher.validateContainerCommand(HddsDispatcher.java:408)
	at org.apache.hadoop.ozone.container.common.transport.server.ratis.ContainerStateMachine.startTransaction(ContainerStateMachine.java:309) 
2019-08-23 15:31:31,576 [grpc-default-executor-13] INFO  client.GrpcClientProtocolClient (GrpcClientProtocolClient.java:onNext(255)) - client-51A35432A53E->c8d45dbb-3bf0-41f1-917b-67c69771f96d: receive RaftClientReply:client-51A35432A53E->c8d45dbb-3bf0-41f1-917b-67c69771f96d@group-459EAB4A3204, cid=195, FAILED org.apache.ratis.protocol.StateMachineException: org.apache.hadoop.hdds.scm.container.common.helpers.ContainerNotOpenException from Server c8d45dbb-3bf0-41f1-917b-67c69771f96d: Container 1 in CLOSING state, logIndex=0, commits[c8d45dbb-3bf0-41f1-917b-67c69771f96d:c17, f9be0488-4b83-4ab0-b8b8-dac1c31a58bc:c15, 45749ed4-9cb8-4dd3-a17e-80709f44a4cf:c16]
2019-08-23 15:31:31,578 [grpc-default-executor-13] INFO  client.GrpcClientProtocolClient (GrpcClientProtocolClient.java:onNext(255)) - client-51A35432A53E->c8d45dbb-3bf0-41f1-917b-67c69771f96d: receive RaftClientReply:client-51A35432A53E->c8d45dbb-3bf0-41f1-917b-67c69771f96d@group-459EAB4A3204, cid=196, FAILED org.apache.ratis.protocol.StateMachineException: org.apache.hadoop.hdds.scm.container.common.helpers.ContainerNotOpenException from Server c8d45dbb-3bf0-41f1-917b-67c69771f96d: Container 1 in CLOSING state, logIndex=0, commits[c8d45dbb-3bf0-41f1-917b-67c69771f96d:c17, f9be0488-4b83-4ab0-b8b8-dac1c31a58bc:c15, 45749ed4-9cb8-4dd3-a17e-80709f44a4cf:c16]
2019-08-23 15:31:31,592 | INFO  | SCMAudit | user=jenkins1000 | ip=192.168.5.135 | op=SEND_HEARTBEAT {datanodeUUID=8cd08553-7170-462e-ba81-b2a7a0cb37ad, command=[]} | ret=SUCCESS |  
2019-08-23 15:31:31,617 | INFO  | SCMAudit | user=jenkins1000 | ip=192.168.5.135 | op=ALLOCATE_BLOCK {owner=7978baed-2073-48c3-8785-bc4fbaecaa89, size=800, type=RATIS, factor=THREE} | ret=SUCCESS |  
2019-08-23 15:31:31,618 | INFO  | OMAudit | user=jenkins1000 | ip=127.0.0.1 | op=ALLOCATE_BLOCK {volume=testblockoutputstream, bucket=testblockoutputstream, key=4a448693-78a2-47dd-aea0-1d664b6de104, dataSize=0, replicationType=null, replicationFactor=null, keyLocationInfo=null, clientID=102667011153657869} | ret=SUCCESS |  
2019-08-23 15:31:31,631 [grpc-default-executor-13] INFO  client.GrpcClientProtocolClient (GrpcClientProtocolClient.java:onNext(255)) - client-40787F507E1A->5fa1ed00-d108-4e10-9e2f-8b50df71b2da: receive RaftClientReply:client-40787F507E1A->5fa1ed00-d108-4e10-9e2f-8b50df71b2da@group-4B7957B19BA7, cid=197, FAILED org.apache.ratis.protocol.NotLeaderException: Server 5fa1ed00-d108-4e10-9e2f-8b50df71b2da is not the leader (c05fed09-c95d-4327-a465-a8ae69fed776:192.168.5.135:34176). Request must be sent to leader., logIndex=0, commits[5fa1ed00-d108-4e10-9e2f-8b50df71b2da:c0, c05fed09-c95d-4327-a465-a8ae69fed776:c0, 8cd08553-7170-462e-ba81-b2a7a0cb37ad:c0]
2019-08-23 15:31:31,739 | INFO  | DNAudit | user=null | ip=null | op=WRITE_CHUNK {blockData=conID: 2 locID: 102667012775411727 bcsId: 0} | ret=SUCCESS |  
2019-08-23 15:31:31,739 | INFO  | DNAudit | user=null | ip=null | op=WRITE_CHUNK {blockData=conID: 2 locID: 102667012775411727 bcsId: 0} | ret=SUCCESS |  
2019-08-23 15:31:31,739 | INFO  | DNAudit | user=null | ip=null | op=WRITE_CHUNK {blockData=conID: 2 locID: 102667012775411727 bcsId: 0} | ret=SUCCESS |  
2019-08-23 15:31:31,740 | INFO  | SCMAudit | user=jenkins1000 | ip=192.168.5.135 | op=SEND_HEARTBEAT {datanodeUUID=5fa1ed00-d108-4e10-9e2f-8b50df71b2da, command=[]} | ret=SUCCESS |  
2019-08-23 15:31:31,740 | INFO  | SCMAudit | user=jenkins1000 | ip=192.168.5.135 | op=SEND_HEARTBEAT {datanodeUUID=c05fed09-c95d-4327-a465-a8ae69fed776, command=[]} | ret=SUCCESS |  
2019-08-23 15:31:31,740 | INFO  | SCMAudit | user=jenkins1000 | ip=192.168.5.135 | op=SEND_HEARTBEAT {datanodeUUID=8cd08553-7170-462e-ba81-b2a7a0cb37ad, command=[]} | ret=SUCCESS |  
2019-08-23 15:31:31,752 | INFO  | DNAudit | user=null | ip=null | op=WRITE_CHUNK {blockData=conID: 2 locID: 102667012775411727 bcsId: 0} | ret=SUCCESS |  
2019-08-23 15:31:31,757 [grpc-default-executor-13] INFO  client.GrpcClientProtocolClient (GrpcClientProtocolClient.java:onNext(255)) - client-40787F507E1A->c05fed09-c95d-4327-a465-a8ae69fed776: receive RaftClientReply:client-40787F507E1A->c05fed09-c95d-4327-a465-a8ae69fed776@group-4B7957B19BA7, cid=197, SUCCESS, logIndex=1, commits[c05fed09-c95d-4327-a465-a8ae69fed776:c1, 5fa1ed00-d108-4e10-9e2f-8b50df71b2da:c0, 8cd08553-7170-462e-ba81-b2a7a0cb37ad:c0]
2019-08-23 15:31:31,762 | INFO  | DNAudit | user=null | ip=null | op=WRITE_CHUNK {blockData=conID: 2 locID: 102667012775411727 bcsId: 0} | ret=SUCCESS |  
2019-08-23 15:31:31,763 | INFO  | DNAudit | user=null | ip=null | op=WRITE_CHUNK {blockData=conID: 2 locID: 102667012775411727 bcsId: 0} | ret=SUCCESS |  
2019-08-23 15:31:31,763 | INFO  | DNAudit | user=null | ip=null | op=WRITE_CHUNK {blockData=conID: 2 locID: 102667012775411727 bcsId: 0} | ret=SUCCESS |  
2019-08-23 15:31:31,763 | INFO  | DNAudit | user=null | ip=null | op=WRITE_CHUNK {blockData=conID: 2 locID: 102667012775411727 bcsId: 0} | ret=SUCCESS |  
2019-08-23 15:31:31,764 | INFO  | DNAudit | user=null | ip=null | op=WRITE_CHUNK {blockData=conID: 2 locID: 102667012775411727 bcsId: 0} | ret=SUCCESS |  
2019-08-23 15:31:31,765 | INFO  | DNAudit | user=null | ip=null | op=WRITE_CHUNK {blockData=conID: 2 locID: 102667012775411727 bcsId: 0} | ret=SUCCESS |  
2019-08-23 15:31:31,765 | INFO  | DNAudit | user=null | ip=null | op=WRITE_CHUNK {blockData=conID: 2 locID: 102667012775411727 bcsId: 0} | ret=SUCCESS |  
2019-08-23 15:31:31,765 | INFO  | DNAudit | user=null | ip=null | op=WRITE_CHUNK {blockData=conID: 2 locID: 102667012775411727 bcsId: 0} | ret=SUCCESS |  
2019-08-23 15:31:31,765 | INFO  | DNAudit | user=null | ip=null | op=WRITE_CHUNK {blockData=conID: 2 locID: 102667012775411727 bcsId: 0} | ret=SUCCESS |  
2019-08-23 15:31:31,769 | INFO  | DNAudit | user=null | ip=null | op=WRITE_CHUNK {blockData=conID: 2 locID: 102667012775411727 bcsId: 0} | ret=SUCCESS |  
2019-08-23 15:31:31,769 | INFO  | DNAudit | user=null | ip=null | op=WRITE_CHUNK {blockData=conID: 2 locID: 102667012775411727 bcsId: 0} | ret=SUCCESS |  
2019-08-23 15:31:31,771 | INFO  | DNAudit | user=null | ip=null | op=WRITE_CHUNK {blockData=conID: 2 locID: 102667012775411727 bcsId: 0} | ret=SUCCESS |  
2019-08-23 15:31:31,774 [grpc-default-executor-17] INFO  client.GrpcClientProtocolClient (GrpcClientProtocolClient.java:onNext(255)) - client-40787F507E1A->c05fed09-c95d-4327-a465-a8ae69fed776: receive RaftClientReply:client-40787F507E1A->c05fed09-c95d-4327-a465-a8ae69fed776@group-4B7957B19BA7, cid=198, SUCCESS, logIndex=3, commits[c05fed09-c95d-4327-a465-a8ae69fed776:c7, 5fa1ed00-d108-4e10-9e2f-8b50df71b2da:c1, 8cd08553-7170-462e-ba81-b2a7a0cb37ad:c1]
2019-08-23 15:31:31,784 | INFO  | DNAudit | user=null | ip=null | op=WRITE_CHUNK {blockData=conID: 2 locID: 102667012775411727 bcsId: 0} | ret=SUCCESS |  
2019-08-23 15:31:31,784 | INFO  | DNAudit | user=null | ip=null | op=WRITE_CHUNK {blockData=conID: 2 locID: 102667012775411727 bcsId: 0} | ret=SUCCESS |  
2019-08-23 15:31:31,802 | INFO  | DNAudit | user=null | ip=null | op=PUT_BLOCK {blockData=[blockId=conID: 2 locID: 102667012775411727 bcsId: 0,size=200]} | ret=SUCCESS |  
2019-08-23 15:31:31,803 | INFO  | DNAudit | user=null | ip=null | op=WRITE_CHUNK {blockData=conID: 2 locID: 102667012775411727 bcsId: 0} | ret=SUCCESS |  
2019-08-23 15:31:31,804 | INFO  | DNAudit | user=null | ip=null | op=WRITE_CHUNK {blockData=conID: 2 locID: 102667012775411727 bcsId: 0} | ret=SUCCESS |  
2019-08-23 15:31:31,804 [grpc-default-executor-17] INFO  client.GrpcClientProtocolClient (GrpcClientProtocolClient.java:onNext(255)) - client-40787F507E1A->c05fed09-c95d-4327-a465-a8ae69fed776: receive RaftClientReply:client-40787F507E1A->c05fed09-c95d-4327-a465-a8ae69fed776@group-4B7957B19BA7, cid=199, SUCCESS, logIndex=4, commits[c05fed09-c95d-4327-a465-a8ae69fed776:c12, 5fa1ed00-d108-4e10-9e2f-8b50df71b2da:c7, 8cd08553-7170-462e-ba81-b2a7a0cb37ad:c7]
2019-08-23 15:31:31,804 [grpc-default-executor-17] INFO  client.GrpcClientProtocolClient (GrpcClientProtocolClient.java:onNext(255)) - client-40787F507E1A->c05fed09-c95d-4327-a465-a8ae69fed776: receive RaftClientReply:client-40787F507E1A->c05fed09-c95d-4327-a465-a8ae69fed776@group-4B7957B19BA7, cid=200, SUCCESS, logIndex=5, commits[c05fed09-c95d-4327-a465-a8ae69fed776:c12, 5fa1ed00-d108-4e10-9e2f-8b50df71b2da:c7, 8cd08553-7170-462e-ba81-b2a7a0cb37ad:c7]
2019-08-23 15:31:31,805 [grpc-default-executor-17] INFO  client.GrpcClientProtocolClient (GrpcClientProtocolClient.java:onNext(255)) - client-40787F507E1A->c05fed09-c95d-4327-a465-a8ae69fed776: receive RaftClientReply:client-40787F507E1A->c05fed09-c95d-4327-a465-a8ae69fed776@group-4B7957B19BA7, cid=201, SUCCESS, logIndex=6, commits[c05fed09-c95d-4327-a465-a8ae69fed776:c12, 5fa1ed00-d108-4e10-9e2f-8b50df71b2da:c7, 8cd08553-7170-462e-ba81-b2a7a0cb37ad:c7]
2019-08-23 15:31:31,845 | INFO  | SCMAudit | user=jenkins1000 | ip=192.168.5.135 | op=SEND_HEARTBEAT {datanodeUUID=f6f9bd1c-aea8-4781-a09f-2599df8cb999, command=[]} | ret=SUCCESS |  
2019-08-23 15:31:31,861 | INFO  | DNAudit | user=null | ip=null | op=PUT_BLOCK {blockData=[blockId=conID: 2 locID: 102667012775411727 bcsId: 0,size=200]} | ret=SUCCESS |  
2019-08-23 15:31:31,861 | INFO  | DNAudit | user=null | ip=null | op=WRITE_CHUNK {blockData=conID: 2 locID: 102667012775411727 bcsId: 0} | ret=SUCCESS |  
2019-08-23 15:31:31,862 | INFO  | DNAudit | user=null | ip=null | op=WRITE_CHUNK {blockData=conID: 2 locID: 102667012775411727 bcsId: 0} | ret=SUCCESS |  
2019-08-23 15:31:31,901 | INFO  | DNAudit | user=null | ip=null | op=PUT_BLOCK {blockData=[blockId=conID: 2 locID: 102667012775411727 bcsId: 0,size=400]} | ret=SUCCESS |  
2019-08-23 15:31:31,901 | INFO  | DNAudit | user=null | ip=null | op=PUT_BLOCK {blockData=[blockId=conID: 2 locID: 102667012775411727 bcsId: 0,size=400]} | ret=SUCCESS |  
2019-08-23 15:31:31,901 | INFO  | DNAudit | user=null | ip=null | op=PUT_BLOCK {blockData=[blockId=conID: 2 locID: 102667012775411727 bcsId: 0,size=200]} | ret=SUCCESS |  
2019-08-23 15:31:31,902 | INFO  | DNAudit | user=null | ip=null | op=WRITE_CHUNK {blockData=conID: 2 locID: 102667012775411727 bcsId: 0} | ret=SUCCESS |  
2019-08-23 15:31:31,902 | INFO  | DNAudit | user=null | ip=null | op=WRITE_CHUNK {blockData=conID: 2 locID: 102667012775411727 bcsId: 0} | ret=SUCCESS |  
2019-08-23 15:31:31,902 [grpc-default-executor-17] INFO  client.GrpcClientProtocolClient (GrpcClientProtocolClient.java:onNext(255)) - client-40787F507E1A->c05fed09-c95d-4327-a465-a8ae69fed776: receive RaftClientReply:client-40787F507E1A->c05fed09-c95d-4327-a465-a8ae69fed776@group-4B7957B19BA7, cid=202, SUCCESS, logIndex=7, commits[c05fed09-c95d-4327-a465-a8ae69fed776:c12, 5fa1ed00-d108-4e10-9e2f-8b50df71b2da:c7, 8cd08553-7170-462e-ba81-b2a7a0cb37ad:c7]
2019-08-23 15:31:31,913 | INFO  | DNAudit | user=null | ip=null | op=PUT_BLOCK {blockData=[blockId=conID: 2 locID: 102667012775411727 bcsId: 0,size=400]} | ret=SUCCESS |  
2019-08-23 15:31:31,915 | INFO  | DNAudit | user=null | ip=null | op=WRITE_CHUNK {blockData=conID: 2 locID: 102667012775411727 bcsId: 7} | ret=SUCCESS |  
2019-08-23 15:31:31,919 | INFO  | DNAudit | user=null | ip=null | op=WRITE_CHUNK {blockData=conID: 2 locID: 102667012775411727 bcsId: 7} | ret=SUCCESS |  
2019-08-23 15:31:31,919 | INFO  | DNAudit | user=null | ip=null | op=WRITE_CHUNK {blockData=conID: 2 locID: 102667012775411727 bcsId: 7} | ret=SUCCESS |  
2019-08-23 15:31:31,923 | INFO  | DNAudit | user=null | ip=null | op=WRITE_CHUNK {blockData=conID: 2 locID: 102667012775411727 bcsId: 7} | ret=SUCCESS |  
2019-08-23 15:31:31,929 | INFO  | DNAudit | user=null | ip=null | op=PUT_BLOCK {blockData=[blockId=conID: 2 locID: 102667012775411727 bcsId: 0,size=450]} | ret=SUCCESS |  
2019-08-23 15:31:31,929 [grpc-default-executor-10] INFO  client.GrpcClientProtocolClient (GrpcClientProtocolClient.java:onNext(255)) - client-40787F507E1A->c05fed09-c95d-4327-a465-a8ae69fed776: receive RaftClientReply:client-40787F507E1A->c05fed09-c95d-4327-a465-a8ae69fed776@group-4B7957B19BA7, cid=203, SUCCESS, logIndex=13, commits[c05fed09-c95d-4327-a465-a8ae69fed776:c14, 5fa1ed00-d108-4e10-9e2f-8b50df71b2da:c12, 8cd08553-7170-462e-ba81-b2a7a0cb37ad:c12]
2019-08-23 15:31:31,930 [grpc-default-executor-10] INFO  client.GrpcClientProtocolClient (GrpcClientProtocolClient.java:onNext(255)) - client-40787F507E1A->c05fed09-c95d-4327-a465-a8ae69fed776: receive RaftClientReply:client-40787F507E1A->c05fed09-c95d-4327-a465-a8ae69fed776@group-4B7957B19BA7, cid=204, SUCCESS, logIndex=14, commits[c05fed09-c95d-4327-a465-a8ae69fed776:c14, 5fa1ed00-d108-4e10-9e2f-8b50df71b2da:c12, 8cd08553-7170-462e-ba81-b2a7a0cb37ad:c12]
2019-08-23 15:31:31,935 | INFO  | DNAudit | user=null | ip=null | op=WRITE_CHUNK {blockData=conID: 2 locID: 102667012775411727 bcsId: 7} | ret=SUCCESS |  
2019-08-23 15:31:31,936 | INFO  | DNAudit | user=null | ip=null | op=WRITE_CHUNK {blockData=conID: 2 locID: 102667012775411727 bcsId: 7} | ret=SUCCESS |  
2019-08-23 15:31:31,938 | INFO  | DNAudit | user=null | ip=null | op=PUT_BLOCK {blockData=[blockId=conID: 2 locID: 102667012775411727 bcsId: 0,size=450]} | ret=SUCCESS |  
2019-08-23 15:31:31,941 | INFO  | DNAudit | user=null | ip=null | op=PUT_BLOCK {blockData=[blockId=conID: 2 locID: 102667012775411727 bcsId: 0,size=450]} | ret=SUCCESS |  
2019-08-23 15:31:31,941 [grpc-default-executor-14] INFO  client.GrpcClientProtocolClient (GrpcClientProtocolClient.java:onNext(255)) - client-40787F507E1A->c05fed09-c95d-4327-a465-a8ae69fed776: receive RaftClientReply:client-40787F507E1A->c05fed09-c95d-4327-a465-a8ae69fed776@group-4B7957B19BA7, cid=205, SUCCESS, logIndex=0, commits[c05fed09-c95d-4327-a465-a8ae69fed776:c15, 5fa1ed00-d108-4e10-9e2f-8b50df71b2da:c14, 8cd08553-7170-462e-ba81-b2a7a0cb37ad:c14]
2019-08-23 15:31:31,942 [main] INFO  ozone.MiniOzoneClusterImpl (MiniOzoneClusterImpl.java:shutdown(307)) - Shutting down the Mini Ozone Cluster
2019-08-23 15:31:31,943 | INFO  | SCMAudit | user=null | ip=null | op=GET_SCM_INFO null | ret=SUCCESS |  
2019-08-23 15:31:31,943 [main] INFO  ozone.MiniOzoneClusterImpl (MiniOzoneClusterImpl.java:stop(322)) - Stopping the Mini Ozone Cluster
2019-08-23 15:31:31,943 [main] INFO  ozone.MiniOzoneClusterImpl (MiniOzoneClusterImpl.java:stop(324)) - Stopping the OzoneManager
2019-08-23 15:31:31,943 [main] INFO  ipc.Server (Server.java:stop(3082)) - Stopping server on 37087
2019-08-23 15:31:31,955 [IPC Server listener on 37087] INFO  ipc.Server (Server.java:run(1185)) - Stopping IPC Server listener on 37087
2019-08-23 15:31:31,955 [IPC Server Responder] INFO  ipc.Server (Server.java:run(1319)) - Stopping IPC Server Responder
2019-08-23 15:31:31,955 [main] INFO  ratis.OzoneManagerDoubleBuffer (OzoneManagerDoubleBuffer.java:stop(248)) - Stopping OMDoubleBuffer flush thread
2019-08-23 15:31:31,966 [OMDoubleBufferFlushThread] INFO  ratis.OzoneManagerDoubleBuffer (OzoneManagerDoubleBuffer.java:flushTransactions(191)) - OMDoubleBuffer flush thread OMDoubleBufferFlushThread is interrupted and will exit. OMDoubleBufferFlushThread
2019-08-23 15:31:31,966 [main] INFO  utils.BackgroundService (BackgroundService.java:shutdown(148)) - Shutting down service KeyDeletingService
2019-08-23 15:31:31,968 [main] INFO  handler.ContextHandler (ContextHandler.java:doStop(910)) - Stopped o.e.j.w.WebAppContext@238291d4{/,null,UNAVAILABLE}{/ozoneManager}
2019-08-23 15:31:31,968 [main] INFO  server.AbstractConnector (AbstractConnector.java:doStop(318)) - Stopped ServerConnector@34edd065{HTTP/1.1,[http/1.1]}{0.0.0.0:0}
2019-08-23 15:31:31,969 [main] INFO  handler.ContextHandler (ContextHandler.java:doStop(910)) - Stopped o.e.j.s.ServletContextHandler@3dec3f87{/static,file:///workdir/hadoop-ozone/integration-test/target/test-classes/webapps/static,UNAVAILABLE}
2019-08-23 15:31:31,969 [main] INFO  handler.ContextHandler (ContextHandler.java:doStop(910)) - Stopped o.e.j.s.ServletContextHandler@656842bc{/logs,file:///workdir/hadoop-ozone/integration-test/target/log,UNAVAILABLE}
2019-08-23 15:31:31,972 [main] INFO  ozone.MiniOzoneClusterImpl (MiniOzoneClusterImpl.java:stop(330)) - Shutting the HddsDatanodes
2019-08-23 15:31:32,168 [Datanode State Machine Thread - 0] INFO  statemachine.DatanodeStateMachine (DatanodeStateMachine.java:lambda$startDaemon$0(350)) - Ozone container server started.
2019-08-23 15:31:32,169 | INFO  | SCMAudit | user=jenkins1000 | ip=192.168.5.135 | op=SEND_HEARTBEAT {datanodeUUID=c8d45dbb-3bf0-41f1-917b-67c69771f96d, command=[]} | ret=SUCCESS |  
2019-08-23 15:31:32,739 [Datanode State Machine Thread - 0] INFO  statemachine.DatanodeStateMachine (DatanodeStateMachine.java:lambda$startDaemon$0(350)) - Ozone container server started.
2019-08-23 15:31:32,740 | INFO  | SCMAudit | user=jenkins1000 | ip=192.168.5.135 | op=SEND_HEARTBEAT {datanodeUUID=c05fed09-c95d-4327-a465-a8ae69fed776, command=[]} | ret=SUCCESS |  
2019-08-23 15:31:32,740 | INFO  | SCMAudit | user=jenkins1000 | ip=192.168.5.135 | op=SEND_HEARTBEAT {datanodeUUID=8cd08553-7170-462e-ba81-b2a7a0cb37ad, command=[]} | ret=SUCCESS |  
2019-08-23 15:31:32,845 | INFO  | SCMAudit | user=jenkins1000 | ip=192.168.5.135 | op=SEND_HEARTBEAT {datanodeUUID=f6f9bd1c-aea8-4781-a09f-2599df8cb999, command=[]} | ret=SUCCESS |  
2019-08-23 15:31:33,169 | INFO  | SCMAudit | user=jenkins1000 | ip=192.168.5.135 | op=SEND_HEARTBEAT {datanodeUUID=c8d45dbb-3bf0-41f1-917b-67c69771f96d, command=[]} | ret=SUCCESS |  
2019-08-23 15:31:33,740 | INFO  | SCMAudit | user=jenkins1000 | ip=192.168.5.135 | op=SEND_HEARTBEAT {datanodeUUID=c05fed09-c95d-4327-a465-a8ae69fed776, command=[]} | ret=SUCCESS |  
2019-08-23 15:31:33,740 | INFO  | SCMAudit | user=jenkins1000 | ip=192.168.5.135 | op=SEND_HEARTBEAT {datanodeUUID=8cd08553-7170-462e-ba81-b2a7a0cb37ad, command=[]} | ret=SUCCESS |  
2019-08-23 15:31:33,845 | INFO  | SCMAudit | user=jenkins1000 | ip=192.168.5.135 | op=SEND_HEARTBEAT {datanodeUUID=f6f9bd1c-aea8-4781-a09f-2599df8cb999, command=[]} | ret=SUCCESS |  
2019-08-23 15:31:33,862 [grpc-default-executor-17] WARN  server.GrpcLogAppender (LogUtils.java:warn(134)) - c8d45dbb-3bf0-41f1-917b-67c69771f96d->f9be0488-4b83-4ab0-b8b8-dac1c31a58bc: Failed appendEntries: org.apache.ratis.thirdparty.io.grpc.StatusRuntimeException: UNAVAILABLE: io exception
2019-08-23 15:31:33,862 [grpc-default-executor-17] INFO  impl.FollowerInfo (FollowerInfo.java:lambda$new$0(50)) - c8d45dbb-3bf0-41f1-917b-67c69771f96d->f9be0488-4b83-4ab0-b8b8-dac1c31a58bc: nextIndex: updateUnconditionally 1 -> 0
2019-08-23 15:31:34,169 | INFO  | SCMAudit | user=jenkins1000 | ip=192.168.5.135 | op=SEND_HEARTBEAT {datanodeUUID=c8d45dbb-3bf0-41f1-917b-67c69771f96d, command=[]} | ret=SUCCESS |  
2019-08-23 15:31:34,740 | INFO  | SCMAudit | user=jenkins1000 | ip=192.168.5.135 | op=SEND_HEARTBEAT {datanodeUUID=c05fed09-c95d-4327-a465-a8ae69fed776, command=[]} | ret=SUCCESS |  
2019-08-23 15:31:34,740 | INFO  | SCMAudit | user=jenkins1000 | ip=192.168.5.135 | op=SEND_HEARTBEAT {datanodeUUID=8cd08553-7170-462e-ba81-b2a7a0cb37ad, command=[]} | ret=SUCCESS |  
2019-08-23 15:31:34,845 | INFO  | SCMAudit | user=jenkins1000 | ip=192.168.5.135 | op=SEND_HEARTBEAT {datanodeUUID=f6f9bd1c-aea8-4781-a09f-2599df8cb999, command=[]} | ret=SUCCESS |  
2019-08-23 15:31:35,168 | INFO  | SCMAudit | user=jenkins1000 | ip=192.168.5.135 | op=SEND_HEARTBEAT {datanodeUUID=c8d45dbb-3bf0-41f1-917b-67c69771f96d, command=[]} | ret=SUCCESS |  
2019-08-23 15:31:35,739 | INFO  | SCMAudit | user=jenkins1000 | ip=192.168.5.135 | op=SEND_HEARTBEAT {datanodeUUID=8cd08553-7170-462e-ba81-b2a7a0cb37ad, command=[]} | ret=SUCCESS |  
2019-08-23 15:31:35,739 | INFO  | SCMAudit | user=jenkins1000 | ip=192.168.5.135 | op=SEND_HEARTBEAT {datanodeUUID=c05fed09-c95d-4327-a465-a8ae69fed776, command=[]} | ret=SUCCESS |  
2019-08-23 15:31:35,845 | INFO  | SCMAudit | user=jenkins1000 | ip=192.168.5.135 | op=SEND_HEARTBEAT {datanodeUUID=f6f9bd1c-aea8-4781-a09f-2599df8cb999, command=[]} | ret=SUCCESS |  
2019-08-23 15:31:36,168 | INFO  | SCMAudit | user=jenkins1000 | ip=192.168.5.135 | op=SEND_HEARTBEAT {datanodeUUID=c8d45dbb-3bf0-41f1-917b-67c69771f96d, command=[]} | ret=SUCCESS |  
2019-08-23 15:31:36,174 [EventQueue-StaleNodeForStaleNodeHandler] INFO  node.StaleNodeHandler (StaleNodeHandler.java:onMessage(58)) - Datanode 45749ed4-9cb8-4dd3-a17e-80709f44a4cf{ip: 192.168.5.135, host: pr-hdds-738-hvzxd-2983279717, networkLocation: /default-rack, certSerialId: null} moved to stale state. Finalizing its pipelines [PipelineID=d4cff562-1fd6-4ae2-a170-3248a7bdd85c, PipelineID=94826461-6c9c-408f-b25b-459eab4a3204]
2019-08-23 15:31:36,175 [EventQueue-StaleNodeForStaleNodeHandler] INFO  pipeline.SCMPipelineManager (SCMPipelineManager.java:finalizeAndDestroyPipeline(309)) - destroying pipeline:Pipeline[ Id: d4cff562-1fd6-4ae2-a170-3248a7bdd85c, Nodes: 45749ed4-9cb8-4dd3-a17e-80709f44a4cf{ip: 192.168.5.135, host: pr-hdds-738-hvzxd-2983279717, networkLocation: /default-rack, certSerialId: null}, Type:RATIS, Factor:ONE, State:OPEN]
2019-08-23 15:31:36,175 [EventQueue-StaleNodeForStaleNodeHandler] INFO  pipeline.PipelineStateManager (PipelineStateManager.java:finalizePipeline(123)) - Pipeline Pipeline[ Id: d4cff562-1fd6-4ae2-a170-3248a7bdd85c, Nodes: 45749ed4-9cb8-4dd3-a17e-80709f44a4cf{ip: 192.168.5.135, host: pr-hdds-738-hvzxd-2983279717, networkLocation: /default-rack, certSerialId: null}, Type:RATIS, Factor:ONE, State:CLOSED] moved to CLOSED state
2019-08-23 15:31:36,175 [EventQueue-StaleNodeForStaleNodeHandler] INFO  pipeline.SCMPipelineManager (SCMPipelineManager.java:finalizeAndDestroyPipeline(309)) - destroying pipeline:Pipeline[ Id: 94826461-6c9c-408f-b25b-459eab4a3204, Nodes: f9be0488-4b83-4ab0-b8b8-dac1c31a58bc{ip: 192.168.5.135, host: pr-hdds-738-hvzxd-2983279717, networkLocation: /default-rack, certSerialId: null}45749ed4-9cb8-4dd3-a17e-80709f44a4cf{ip: 192.168.5.135, host: pr-hdds-738-hvzxd-2983279717, networkLocation: /default-rack, certSerialId: null}c8d45dbb-3bf0-41f1-917b-67c69771f96d{ip: 192.168.5.135, host: pr-hdds-738-hvzxd-2983279717, networkLocation: /default-rack, certSerialId: null}, Type:RATIS, Factor:THREE, State:CLOSED]
2019-08-23 15:31:36,362 [grpc-default-executor-14] WARN  server.GrpcLogAppender (LogUtils.java:warn(134)) - c8d45dbb-3bf0-41f1-917b-67c69771f96d->f9be0488-4b83-4ab0-b8b8-dac1c31a58bc: Failed appendEntries: org.apache.ratis.thirdparty.io.grpc.StatusRuntimeException: UNAVAILABLE: io exception
2019-08-23 15:31:36,363 [grpc-default-executor-14] INFO  impl.FollowerInfo (FollowerInfo.java:lambda$new$0(50)) - c8d45dbb-3bf0-41f1-917b-67c69771f96d->f9be0488-4b83-4ab0-b8b8-dac1c31a58bc: nextIndex: updateUnconditionally 0 -> 0
2019-08-23 15:31:36,740 | INFO  | SCMAudit | user=jenkins1000 | ip=192.168.5.135 | op=SEND_HEARTBEAT {datanodeUUID=8cd08553-7170-462e-ba81-b2a7a0cb37ad, command=[]} | ret=SUCCESS |  
2019-08-23 15:31:36,740 | INFO  | SCMAudit | user=jenkins1000 | ip=192.168.5.135 | op=SEND_HEARTBEAT {datanodeUUID=c05fed09-c95d-4327-a465-a8ae69fed776, command=[]} | ret=SUCCESS |  
2019-08-23 15:31:36,775 [EventQueue-StaleNodeForStaleNodeHandler] INFO  node.StaleNodeHandler (StaleNodeHandler.java:onMessage(58)) - Datanode 5fa1ed00-d108-4e10-9e2f-8b50df71b2da{ip: 192.168.5.135, host: pr-hdds-738-hvzxd-2983279717, networkLocation: /default-rack, certSerialId: null} moved to stale state. Finalizing its pipelines [PipelineID=d4ae8bd7-0bf1-49f4-bb69-cc8a6e377ac0, PipelineID=6e371ecf-2518-43a1-8e26-4b7957b19ba7]
2019-08-23 15:31:36,775 [EventQueue-StaleNodeForStaleNodeHandler] INFO  pipeline.SCMPipelineManager (SCMPipelineManager.java:finalizeAndDestroyPipeline(309)) - destroying pipeline:Pipeline[ Id: d4ae8bd7-0bf1-49f4-bb69-cc8a6e377ac0, Nodes: 5fa1ed00-d108-4e10-9e2f-8b50df71b2da{ip: 192.168.5.135, host: pr-hdds-738-hvzxd-2983279717, networkLocation: /default-rack, certSerialId: null}, Type:RATIS, Factor:ONE, State:OPEN]
2019-08-23 15:31:36,775 [EventQueue-StaleNodeForStaleNodeHandler] INFO  pipeline.PipelineStateManager (PipelineStateManager.java:finalizePipeline(123)) - Pipeline Pipeline[ Id: d4ae8bd7-0bf1-49f4-bb69-cc8a6e377ac0, Nodes: 5fa1ed00-d108-4e10-9e2f-8b50df71b2da{ip: 192.168.5.135, host: pr-hdds-738-hvzxd-2983279717, networkLocation: /default-rack, certSerialId: null}, Type:RATIS, Factor:ONE, State:CLOSED] moved to CLOSED state
2019-08-23 15:31:36,776 [EventQueue-StaleNodeForStaleNodeHandler] INFO  pipeline.SCMPipelineManager (SCMPipelineManager.java:finalizeAndDestroyPipeline(309)) - destroying pipeline:Pipeline[ Id: 6e371ecf-2518-43a1-8e26-4b7957b19ba7, Nodes: 5fa1ed00-d108-4e10-9e2f-8b50df71b2da{ip: 192.168.5.135, host: pr-hdds-738-hvzxd-2983279717, networkLocation: /default-rack, certSerialId: null}8cd08553-7170-462e-ba81-b2a7a0cb37ad{ip: 192.168.5.135, host: pr-hdds-738-hvzxd-2983279717, networkLocation: /default-rack, certSerialId: null}c05fed09-c95d-4327-a465-a8ae69fed776{ip: 192.168.5.135, host: pr-hdds-738-hvzxd-2983279717, networkLocation: /default-rack, certSerialId: null}, Type:RATIS, Factor:THREE, State:OPEN]
2019-08-23 15:31:36,776 [EventQueue-StaleNodeForStaleNodeHandler] INFO  pipeline.PipelineStateManager (PipelineStateManager.java:finalizePipeline(123)) - Pipeline Pipeline[ Id: 6e371ecf-2518-43a1-8e26-4b7957b19ba7, Nodes: 5fa1ed00-d108-4e10-9e2f-8b50df71b2da{ip: 192.168.5.135, host: pr-hdds-738-hvzxd-2983279717, networkLocation: /default-rack, certSerialId: null}8cd08553-7170-462e-ba81-b2a7a0cb37ad{ip: 192.168.5.135, host: pr-hdds-738-hvzxd-2983279717, networkLocation: /default-rack, certSerialId: null}c05fed09-c95d-4327-a465-a8ae69fed776{ip: 192.168.5.135, host: pr-hdds-738-hvzxd-2983279717, networkLocation: /default-rack, certSerialId: null}, Type:RATIS, Factor:THREE, State:CLOSED] moved to CLOSED state
2019-08-23 15:31:36,776 [EventQueue-CloseContainerForCloseContainerEventHandler] INFO  container.CloseContainerEventHandler (CloseContainerEventHandler.java:onMessage(61)) - Close container Event triggered for container : #2
2019-08-23 15:31:36,845 | INFO  | SCMAudit | user=jenkins1000 | ip=192.168.5.135 | op=SEND_HEARTBEAT {datanodeUUID=f6f9bd1c-aea8-4781-a09f-2599df8cb999, command=[]} | ret=SUCCESS |  
2019-08-23 15:31:36,975 [ForkJoinPool.commonPool-worker-1] INFO  ozoneimpl.OzoneContainer (OzoneContainer.java:stop(199)) - Attempting to stop container services.
2019-08-23 15:31:36,975 [main] INFO  ozoneimpl.OzoneContainer (OzoneContainer.java:stop(199)) - Attempting to stop container services.
2019-08-23 15:31:36,975 [ForkJoinPool.commonPool-worker-1] INFO  impl.RaftServerProxy (RaftServerProxy.java:lambda$close$4(314)) - 5fa1ed00-d108-4e10-9e2f-8b50df71b2da: close
2019-08-23 15:31:36,976 [main] INFO  impl.RaftServerProxy (RaftServerProxy.java:lambda$close$4(314)) - 45749ed4-9cb8-4dd3-a17e-80709f44a4cf: close
2019-08-23 15:31:36,976 [ForkJoinPool.commonPool-worker-1] INFO  impl.RaftServerImpl (RaftServerImpl.java:lambda$shutdown$3(245)) - 5fa1ed00-d108-4e10-9e2f-8b50df71b2da: shutdown group-CC8A6E377AC0
2019-08-23 15:31:36,976 [main] INFO  impl.RaftServerImpl (RaftServerImpl.java:lambda$shutdown$3(245)) - 45749ed4-9cb8-4dd3-a17e-80709f44a4cf: shutdown group-3248A7BDD85C
2019-08-23 15:31:36,976 [ForkJoinPool.commonPool-worker-1] INFO  util.JmxRegister (JmxRegister.java:unregister(73)) - Successfully un-registered JMX Bean with object name Ratis:service=RaftServer,group=group-CC8A6E377AC0,id=5fa1ed00-d108-4e10-9e2f-8b50df71b2da
2019-08-23 15:31:36,977 [main] INFO  util.JmxRegister (JmxRegister.java:unregister(73)) - Successfully un-registered JMX Bean with object name Ratis:service=RaftServer,group=group-3248A7BDD85C,id=45749ed4-9cb8-4dd3-a17e-80709f44a4cf
2019-08-23 15:31:36,977 [main] INFO  impl.RoleInfo (RoleInfo.java:shutdownLeaderState(104)) - 45749ed4-9cb8-4dd3-a17e-80709f44a4cf: shutdown LeaderState
2019-08-23 15:31:36,977 [ForkJoinPool.commonPool-worker-1] INFO  impl.RoleInfo (RoleInfo.java:shutdownLeaderState(104)) - 5fa1ed00-d108-4e10-9e2f-8b50df71b2da: shutdown LeaderState
2019-08-23 15:31:36,978 [main] INFO  impl.PendingRequests (PendingRequests.java:sendNotLeaderResponses(202)) - 45749ed4-9cb8-4dd3-a17e-80709f44a4cf-PendingRequests: sendNotLeaderResponses
2019-08-23 15:31:36,978 [ForkJoinPool.commonPool-worker-1] INFO  impl.PendingRequests (PendingRequests.java:sendNotLeaderResponses(202)) - 5fa1ed00-d108-4e10-9e2f-8b50df71b2da-PendingRequests: sendNotLeaderResponses
2019-08-23 15:31:36,979 [main] INFO  impl.StateMachineUpdater (StateMachineUpdater.java:stopAndJoin(115)) - StateMachineUpdater:45749ed4-9cb8-4dd3-a17e-80709f44a4cf:group-3248A7BDD85C: set stopIndex = 0
2019-08-23 15:31:36,979 [ForkJoinPool.commonPool-worker-1] INFO  impl.StateMachineUpdater (StateMachineUpdater.java:stopAndJoin(115)) - StateMachineUpdater:5fa1ed00-d108-4e10-9e2f-8b50df71b2da:group-CC8A6E377AC0: set stopIndex = 0
2019-08-23 15:31:36,979 [main] INFO  impl.RaftServerImpl (ServerState.java:close(394)) - 45749ed4-9cb8-4dd3-a17e-80709f44a4cf:group-3248A7BDD85C closes. The last applied log index is 0
2019-08-23 15:31:36,979 [ForkJoinPool.commonPool-worker-1] INFO  impl.RaftServerImpl (ServerState.java:close(394)) - 5fa1ed00-d108-4e10-9e2f-8b50df71b2da:group-CC8A6E377AC0 closes. The last applied log index is 0
2019-08-23 15:31:36,980 [45749ed4-9cb8-4dd3-a17e-80709f44a4cf-SegmentedRaftLogWorker:Storage Directory /workdir/hadoop-ozone/integration-test/target/test-dir/MiniOzoneClusterImpl-59c2fb18-0200-4865-85bf-81b4b37c6949/datanode-4/data/ratis/d4cff562-1fd6-4ae2-a170-3248a7bdd85c] INFO  segmented.SegmentedRaftLogWorker (SegmentedRaftLogWorker.java:run(313)) - 45749ed4-9cb8-4dd3-a17e-80709f44a4cf-SegmentedRaftLogWorker:Storage Directory /workdir/hadoop-ozone/integration-test/target/test-dir/MiniOzoneClusterImpl-59c2fb18-0200-4865-85bf-81b4b37c6949/datanode-4/data/ratis/d4cff562-1fd6-4ae2-a170-3248a7bdd85c was interrupted, exiting. There are 0 tasks remaining in the queue.
2019-08-23 15:31:36,980 [5fa1ed00-d108-4e10-9e2f-8b50df71b2da-SegmentedRaftLogWorker:Storage Directory /workdir/hadoop-ozone/integration-test/target/test-dir/MiniOzoneClusterImpl-59c2fb18-0200-4865-85bf-81b4b37c6949/datanode-1/data/ratis/d4ae8bd7-0bf1-49f4-bb69-cc8a6e377ac0] INFO  segmented.SegmentedRaftLogWorker (SegmentedRaftLogWorker.java:run(313)) - 5fa1ed00-d108-4e10-9e2f-8b50df71b2da-SegmentedRaftLogWorker:Storage Directory /workdir/hadoop-ozone/integration-test/target/test-dir/MiniOzoneClusterImpl-59c2fb18-0200-4865-85bf-81b4b37c6949/datanode-1/data/ratis/d4ae8bd7-0bf1-49f4-bb69-cc8a6e377ac0 was interrupted, exiting. There are 0 tasks remaining in the queue.
2019-08-23 15:31:36,982 [main] INFO  segmented.SegmentedRaftLogWorker (SegmentedRaftLogWorker.java:close(228)) - 45749ed4-9cb8-4dd3-a17e-80709f44a4cf-SegmentedRaftLogWorker:Storage Directory /workdir/hadoop-ozone/integration-test/target/test-dir/MiniOzoneClusterImpl-59c2fb18-0200-4865-85bf-81b4b37c6949/datanode-4/data/ratis/d4cff562-1fd6-4ae2-a170-3248a7bdd85c close()
2019-08-23 15:31:36,983 [ForkJoinPool.commonPool-worker-1] INFO  segmented.SegmentedRaftLogWorker (SegmentedRaftLogWorker.java:close(228)) - 5fa1ed00-d108-4e10-9e2f-8b50df71b2da-SegmentedRaftLogWorker:Storage Directory /workdir/hadoop-ozone/integration-test/target/test-dir/MiniOzoneClusterImpl-59c2fb18-0200-4865-85bf-81b4b37c6949/datanode-1/data/ratis/d4ae8bd7-0bf1-49f4-bb69-cc8a6e377ac0 close()
2019-08-23 15:31:36,986 [main] INFO  impl.RaftServerImpl (RaftServerImpl.java:lambda$shutdown$3(245)) - 45749ed4-9cb8-4dd3-a17e-80709f44a4cf: shutdown group-459EAB4A3204
2019-08-23 15:31:36,988 [ForkJoinPool.commonPool-worker-1] INFO  impl.RaftServerImpl (RaftServerImpl.java:lambda$shutdown$3(245)) - 5fa1ed00-d108-4e10-9e2f-8b50df71b2da: shutdown group-4B7957B19BA7
2019-08-23 15:31:36,988 [main] INFO  util.JmxRegister (JmxRegister.java:unregister(73)) - Successfully un-registered JMX Bean with object name Ratis:service=RaftServer,group=group-459EAB4A3204,id=45749ed4-9cb8-4dd3-a17e-80709f44a4cf
2019-08-23 15:31:36,989 [ForkJoinPool.commonPool-worker-1] INFO  util.JmxRegister (JmxRegister.java:unregister(73)) - Successfully un-registered JMX Bean with object name Ratis:service=RaftServer,group=group-4B7957B19BA7,id=5fa1ed00-d108-4e10-9e2f-8b50df71b2da
2019-08-23 15:31:36,989 [main] INFO  impl.RoleInfo (RoleInfo.java:shutdownFollowerState(121)) - 45749ed4-9cb8-4dd3-a17e-80709f44a4cf: shutdown FollowerState
2019-08-23 15:31:36,989 [ForkJoinPool.commonPool-worker-1] INFO  impl.RoleInfo (RoleInfo.java:shutdownFollowerState(121)) - 5fa1ed00-d108-4e10-9e2f-8b50df71b2da: shutdown FollowerState
2019-08-23 15:31:36,990 [Thread-3769] INFO  impl.FollowerState (FollowerState.java:run(114)) - 45749ed4-9cb8-4dd3-a17e-80709f44a4cf: FollowerState was interrupted: java.lang.InterruptedException: sleep interrupted
2019-08-23 15:31:36,990 [StateMachineUpdater:45749ed4-9cb8-4dd3-a17e-80709f44a4cf:group-459EAB4A3204] INFO  ratis.ContainerStateMachine (ContainerStateMachine.java:takeSnapshot(283)) - group-459EAB4A3204: Taking a snapshot at:(t:2, i:13) file /workdir/hadoop-ozone/integration-test/target/test-dir/MiniOzoneClusterImpl-59c2fb18-0200-4865-85bf-81b4b37c6949/datanode-4/data/ratis/94826461-6c9c-408f-b25b-459eab4a3204/sm/snapshot.2_13
2019-08-23 15:31:36,990 [main] INFO  impl.StateMachineUpdater (StateMachineUpdater.java:stopAndJoin(115)) - StateMachineUpdater:45749ed4-9cb8-4dd3-a17e-80709f44a4cf:group-459EAB4A3204: set stopIndex = 17
2019-08-23 15:31:36,990 [Thread-3711] INFO  impl.FollowerState (FollowerState.java:run(114)) - 5fa1ed00-d108-4e10-9e2f-8b50df71b2da: FollowerState was interrupted: java.lang.InterruptedException: sleep interrupted
2019-08-23 15:31:36,990 [StateMachineUpdater:5fa1ed00-d108-4e10-9e2f-8b50df71b2da:group-4B7957B19BA7] INFO  ratis.ContainerStateMachine (ContainerStateMachine.java:takeSnapshot(283)) - group-4B7957B19BA7: Taking a snapshot at:(t:4, i:14) file /workdir/hadoop-ozone/integration-test/target/test-dir/MiniOzoneClusterImpl-59c2fb18-0200-4865-85bf-81b4b37c6949/datanode-1/data/ratis/6e371ecf-2518-43a1-8e26-4b7957b19ba7/sm/snapshot.4_14
2019-08-23 15:31:36,990 [ForkJoinPool.commonPool-worker-1] INFO  impl.StateMachineUpdater (StateMachineUpdater.java:stopAndJoin(115)) - StateMachineUpdater:5fa1ed00-d108-4e10-9e2f-8b50df71b2da:group-4B7957B19BA7: set stopIndex = 16
2019-08-23 15:31:37,005 [StateMachineUpdater:45749ed4-9cb8-4dd3-a17e-80709f44a4cf:group-459EAB4A3204] INFO  ratis.ContainerStateMachine (ContainerStateMachine.java:takeSnapshot(294)) - group-459EAB4A3204: Finished taking a snapshot at:(t:2, i:13) file:/workdir/hadoop-ozone/integration-test/target/test-dir/MiniOzoneClusterImpl-59c2fb18-0200-4865-85bf-81b4b37c6949/datanode-4/data/ratis/94826461-6c9c-408f-b25b-459eab4a3204/sm/snapshot.2_13 time:14
2019-08-23 15:31:37,005 [StateMachineUpdater:45749ed4-9cb8-4dd3-a17e-80709f44a4cf:group-459EAB4A3204] INFO  impl.StateMachineUpdater (StateMachineUpdater.java:takeSnapshot(242)) - StateMachineUpdater:45749ed4-9cb8-4dd3-a17e-80709f44a4cf:group-459EAB4A3204: Took a snapshot at index 13
2019-08-23 15:31:37,005 [StateMachineUpdater:5fa1ed00-d108-4e10-9e2f-8b50df71b2da:group-4B7957B19BA7] INFO  ratis.ContainerStateMachine (ContainerStateMachine.java:takeSnapshot(294)) - group-4B7957B19BA7: Finished taking a snapshot at:(t:4, i:14) file:/workdir/hadoop-ozone/integration-test/target/test-dir/MiniOzoneClusterImpl-59c2fb18-0200-4865-85bf-81b4b37c6949/datanode-1/data/ratis/6e371ecf-2518-43a1-8e26-4b7957b19ba7/sm/snapshot.4_14 time:14
2019-08-23 15:31:37,005 [StateMachineUpdater:45749ed4-9cb8-4dd3-a17e-80709f44a4cf:group-459EAB4A3204] INFO  impl.StateMachineUpdater (StateMachineUpdater.java:lambda$new$0(80)) - StateMachineUpdater:45749ed4-9cb8-4dd3-a17e-80709f44a4cf:group-459EAB4A3204: snapshotIndex: updateIncreasingly -1 -> 13
2019-08-23 15:31:37,005 [StateMachineUpdater:5fa1ed00-d108-4e10-9e2f-8b50df71b2da:group-4B7957B19BA7] INFO  impl.StateMachineUpdater (StateMachineUpdater.java:takeSnapshot(242)) - StateMachineUpdater:5fa1ed00-d108-4e10-9e2f-8b50df71b2da:group-4B7957B19BA7: Took a snapshot at index 14
2019-08-23 15:31:37,005 [StateMachineUpdater:5fa1ed00-d108-4e10-9e2f-8b50df71b2da:group-4B7957B19BA7] INFO  impl.StateMachineUpdater (StateMachineUpdater.java:lambda$new$0(80)) - StateMachineUpdater:5fa1ed00-d108-4e10-9e2f-8b50df71b2da:group-4B7957B19BA7: snapshotIndex: updateIncreasingly -1 -> 14
2019-08-23 15:31:37,005 [main] INFO  impl.RaftServerImpl (ServerState.java:close(394)) - 45749ed4-9cb8-4dd3-a17e-80709f44a4cf:group-459EAB4A3204 closes. The last applied log index is 17
2019-08-23 15:31:37,006 [ForkJoinPool.commonPool-worker-1] INFO  impl.RaftServerImpl (ServerState.java:close(394)) - 5fa1ed00-d108-4e10-9e2f-8b50df71b2da:group-4B7957B19BA7 closes. The last applied log index is 16
2019-08-23 15:31:37,006 [45749ed4-9cb8-4dd3-a17e-80709f44a4cf-SegmentedRaftLogWorker:Storage Directory /workdir/hadoop-ozone/integration-test/target/test-dir/MiniOzoneClusterImpl-59c2fb18-0200-4865-85bf-81b4b37c6949/datanode-4/data/ratis/94826461-6c9c-408f-b25b-459eab4a3204] INFO  segmented.SegmentedRaftLogWorker (SegmentedRaftLogWorker.java:run(313)) - 45749ed4-9cb8-4dd3-a17e-80709f44a4cf-SegmentedRaftLogWorker:Storage Directory /workdir/hadoop-ozone/integration-test/target/test-dir/MiniOzoneClusterImpl-59c2fb18-0200-4865-85bf-81b4b37c6949/datanode-4/data/ratis/94826461-6c9c-408f-b25b-459eab4a3204 was interrupted, exiting. There are 0 tasks remaining in the queue.
2019-08-23 15:31:37,006 [5fa1ed00-d108-4e10-9e2f-8b50df71b2da-SegmentedRaftLogWorker:Storage Directory /workdir/hadoop-ozone/integration-test/target/test-dir/MiniOzoneClusterImpl-59c2fb18-0200-4865-85bf-81b4b37c6949/datanode-1/data/ratis/6e371ecf-2518-43a1-8e26-4b7957b19ba7] INFO  segmented.SegmentedRaftLogWorker (SegmentedRaftLogWorker.java:run(313)) - 5fa1ed00-d108-4e10-9e2f-8b50df71b2da-SegmentedRaftLogWorker:Storage Directory /workdir/hadoop-ozone/integration-test/target/test-dir/MiniOzoneClusterImpl-59c2fb18-0200-4865-85bf-81b4b37c6949/datanode-1/data/ratis/6e371ecf-2518-43a1-8e26-4b7957b19ba7 was interrupted, exiting. There are 0 tasks remaining in the queue.
2019-08-23 15:31:37,008 [main] INFO  segmented.SegmentedRaftLogWorker (SegmentedRaftLogWorker.java:close(228)) - 45749ed4-9cb8-4dd3-a17e-80709f44a4cf-SegmentedRaftLogWorker:Storage Directory /workdir/hadoop-ozone/integration-test/target/test-dir/MiniOzoneClusterImpl-59c2fb18-0200-4865-85bf-81b4b37c6949/datanode-4/data/ratis/94826461-6c9c-408f-b25b-459eab4a3204 close()
2019-08-23 15:31:37,009 [ForkJoinPool.commonPool-worker-1] INFO  segmented.SegmentedRaftLogWorker (SegmentedRaftLogWorker.java:close(228)) - 5fa1ed00-d108-4e10-9e2f-8b50df71b2da-SegmentedRaftLogWorker:Storage Directory /workdir/hadoop-ozone/integration-test/target/test-dir/MiniOzoneClusterImpl-59c2fb18-0200-4865-85bf-81b4b37c6949/datanode-1/data/ratis/6e371ecf-2518-43a1-8e26-4b7957b19ba7 close()
2019-08-23 15:31:37,011 [main] INFO  server.GrpcService (GrpcService.java:closeImpl(155)) - 45749ed4-9cb8-4dd3-a17e-80709f44a4cf: shutdown server with port 35328 now
2019-08-23 15:31:37,013 [ForkJoinPool.commonPool-worker-1] INFO  server.GrpcService (GrpcService.java:closeImpl(155)) - 5fa1ed00-d108-4e10-9e2f-8b50df71b2da: shutdown server with port 44508 now
2019-08-23 15:31:37,014 [grpc-default-executor-14] WARN  server.GrpcServerProtocolService (LogUtils.java:warn(134)) - 45749ed4-9cb8-4dd3-a17e-80709f44a4cf: appendEntries onError: org.apache.ratis.thirdparty.io.grpc.StatusRuntimeException: CANCELLED: cancelled before receiving half close
2019-08-23 15:31:37,014 [main] INFO  server.GrpcService (GrpcService.java:closeImpl(163)) - 45749ed4-9cb8-4dd3-a17e-80709f44a4cf: shutdown server with port 35328 successfully
2019-08-23 15:31:37,014 [grpc-default-executor-13] WARN  server.GrpcLogAppender (LogUtils.java:warn(134)) - c8d45dbb-3bf0-41f1-917b-67c69771f96d->45749ed4-9cb8-4dd3-a17e-80709f44a4cf: Failed appendEntries: org.apache.ratis.thirdparty.io.grpc.StatusRuntimeException: CANCELLED: HTTP/2 error code: CANCEL
Received Rst Stream
2019-08-23 15:31:37,014 [grpc-default-executor-17] WARN  server.GrpcServerProtocolService (LogUtils.java:warn(134)) - 5fa1ed00-d108-4e10-9e2f-8b50df71b2da: appendEntries onError: org.apache.ratis.thirdparty.io.grpc.StatusRuntimeException: CANCELLED: cancelled before receiving half close
2019-08-23 15:31:37,015 [grpc-default-executor-10] WARN  server.GrpcLogAppender (LogUtils.java:warn(134)) - c05fed09-c95d-4327-a465-a8ae69fed776->5fa1ed00-d108-4e10-9e2f-8b50df71b2da: Failed appendEntries: org.apache.ratis.thirdparty.io.grpc.StatusRuntimeException: CANCELLED: HTTP/2 error code: CANCEL
Received Rst Stream
2019-08-23 15:31:37,014 [ForkJoinPool.commonPool-worker-1] INFO  server.GrpcService (GrpcService.java:closeImpl(163)) - 5fa1ed00-d108-4e10-9e2f-8b50df71b2da: shutdown server with port 44508 successfully
2019-08-23 15:31:37,015 [grpc-default-executor-10] INFO  impl.FollowerInfo (FollowerInfo.java:lambda$new$0(50)) - c05fed09-c95d-4327-a465-a8ae69fed776->5fa1ed00-d108-4e10-9e2f-8b50df71b2da: nextIndex: updateUnconditionally 17 -> 16
2019-08-23 15:31:37,015 [grpc-default-executor-13] INFO  impl.FollowerInfo (FollowerInfo.java:lambda$new$0(50)) - c8d45dbb-3bf0-41f1-917b-67c69771f96d->45749ed4-9cb8-4dd3-a17e-80709f44a4cf: nextIndex: updateUnconditionally 18 -> 17
2019-08-23 15:31:37,017 [ForkJoinPool.commonPool-worker-1] INFO  utils.BackgroundService (BackgroundService.java:shutdown(148)) - Shutting down service BlockDeletingService
2019-08-23 15:31:37,019 [main] INFO  utils.BackgroundService (BackgroundService.java:shutdown(148)) - Shutting down service BlockDeletingService
2019-08-23 15:31:37,021 [refreshUsed-/workdir/hadoop-ozone/integration-test/target/test-dir/MiniOzoneClusterImpl-59c2fb18-0200-4865-85bf-81b4b37c6949/datanode-1/data/containers] WARN  fs.CachingGetSpaceUsed (CachingGetSpaceUsed.java:run(183)) - Thread Interrupted waiting to refresh disk information: sleep interrupted
2019-08-23 15:31:37,021 [refreshUsed-/workdir/hadoop-ozone/integration-test/target/test-dir/MiniOzoneClusterImpl-59c2fb18-0200-4865-85bf-81b4b37c6949/datanode-4/data/containers] WARN  fs.CachingGetSpaceUsed (CachingGetSpaceUsed.java:run(183)) - Thread Interrupted waiting to refresh disk information: sleep interrupted
2019-08-23 15:31:37,035 [main] INFO  statemachine.DatanodeStateMachine (DatanodeStateMachine.java:stopDaemon(395)) - Ozone container server stopped.
2019-08-23 15:31:37,036 [main] INFO  handler.ContextHandler (ContextHandler.java:doStop(910)) - Stopped o.e.j.w.WebAppContext@2f4d32bf{/,null,UNAVAILABLE}{/hddsDatanode}
2019-08-23 15:31:37,039 [ForkJoinPool.commonPool-worker-1] INFO  statemachine.DatanodeStateMachine (DatanodeStateMachine.java:stopDaemon(395)) - Ozone container server stopped.
2019-08-23 15:31:37,039 [main] INFO  server.AbstractConnector (AbstractConnector.java:doStop(318)) - Stopped ServerConnector@774d8276{HTTP/1.1,[http/1.1]}{0.0.0.0:0}
2019-08-23 15:31:37,041 [main] INFO  handler.ContextHandler (ContextHandler.java:doStop(910)) - Stopped o.e.j.s.ServletContextHandler@2e0ad709{/static,jar:file:/home/user/.m2/repository/org/apache/hadoop/hadoop-hdds-container-service/0.5.0-SNAPSHOT/hadoop-hdds-container-service-0.5.0-SNAPSHOT.jar!/webapps/static,UNAVAILABLE}
2019-08-23 15:31:37,041 [main] INFO  handler.ContextHandler (ContextHandler.java:doStop(910)) - Stopped o.e.j.s.ServletContextHandler@57ce2898{/logs,file:///workdir/hadoop-ozone/integration-test/target/log,UNAVAILABLE}
2019-08-23 15:31:37,043 [ForkJoinPool.commonPool-worker-1] INFO  handler.ContextHandler (ContextHandler.java:doStop(910)) - Stopped o.e.j.w.WebAppContext@377dfb8d{/,null,UNAVAILABLE}{/hddsDatanode}
2019-08-23 15:31:37,044 [ForkJoinPool.commonPool-worker-1] INFO  server.AbstractConnector (AbstractConnector.java:doStop(318)) - Stopped ServerConnector@42a0786f{HTTP/1.1,[http/1.1]}{0.0.0.0:0}
2019-08-23 15:31:37,045 [ForkJoinPool.commonPool-worker-1] INFO  handler.ContextHandler (ContextHandler.java:doStop(910)) - Stopped o.e.j.s.ServletContextHandler@703e8050{/static,jar:file:/home/user/.m2/repository/org/apache/hadoop/hadoop-hdds-container-service/0.5.0-SNAPSHOT/hadoop-hdds-container-service-0.5.0-SNAPSHOT.jar!/webapps/static,UNAVAILABLE}
2019-08-23 15:31:37,046 [ForkJoinPool.commonPool-worker-1] INFO  handler.ContextHandler (ContextHandler.java:doStop(910)) - Stopped o.e.j.s.ServletContextHandler@1ee40b5c{/logs,file:///workdir/hadoop-ozone/integration-test/target/log,UNAVAILABLE}
2019-08-23 15:31:37,169 [Datanode State Machine Thread - 0] INFO  statemachine.DatanodeStateMachine (DatanodeStateMachine.java:lambda$startDaemon$0(350)) - Ozone container server started.
2019-08-23 15:31:37,739 [Datanode State Machine Thread - 0] INFO  statemachine.DatanodeStateMachine (DatanodeStateMachine.java:lambda$startDaemon$0(350)) - Ozone container server started.
2019-08-23 15:31:37,740 | INFO  | SCMAudit | user=jenkins1000 | ip=192.168.5.135 | op=SEND_HEARTBEAT {datanodeUUID=c05fed09-c95d-4327-a465-a8ae69fed776, command=[commandType: closeContainerCommand closeContainerCommandProto { containerID: 2 pipelineID { id: "6e371ecf-2518-43a1-8e26-4b7957b19ba7" } cmdId: 2 force: false } ]} | ret=SUCCESS |  
2019-08-23 15:31:37,845 | INFO  | SCMAudit | user=jenkins1000 | ip=192.168.5.135 | op=SEND_HEARTBEAT {datanodeUUID=f6f9bd1c-aea8-4781-a09f-2599df8cb999, command=[]} | ret=SUCCESS |  
2019-08-23 15:31:38,740 | INFO  | SCMAudit | user=jenkins1000 | ip=192.168.5.135 | op=SEND_HEARTBEAT {datanodeUUID=c05fed09-c95d-4327-a465-a8ae69fed776, command=[]} | ret=SUCCESS |  
2019-08-23 15:31:38,845 | INFO  | SCMAudit | user=jenkins1000 | ip=192.168.5.135 | op=SEND_HEARTBEAT {datanodeUUID=f6f9bd1c-aea8-4781-a09f-2599df8cb999, command=[]} | ret=SUCCESS |  
2019-08-23 15:31:38,849 [grpc-default-executor-17] WARN  server.GrpcLogAppender (LogUtils.java:warn(134)) - c8d45dbb-3bf0-41f1-917b-67c69771f96d->45749ed4-9cb8-4dd3-a17e-80709f44a4cf: Failed appendEntries: org.apache.ratis.thirdparty.io.grpc.StatusRuntimeException: UNAVAILABLE: io exception
2019-08-23 15:31:38,850 [grpc-default-executor-17] INFO  impl.FollowerInfo (FollowerInfo.java:lambda$new$0(50)) - c8d45dbb-3bf0-41f1-917b-67c69771f96d->45749ed4-9cb8-4dd3-a17e-80709f44a4cf: nextIndex: updateUnconditionally 17 -> 16
2019-08-23 15:31:38,863 [grpc-default-executor-13] WARN  server.GrpcLogAppender (LogUtils.java:warn(134)) - c8d45dbb-3bf0-41f1-917b-67c69771f96d->f9be0488-4b83-4ab0-b8b8-dac1c31a58bc: Failed appendEntries: org.apache.ratis.thirdparty.io.grpc.StatusRuntimeException: UNAVAILABLE: io exception
2019-08-23 15:31:38,864 [grpc-default-executor-13] INFO  impl.FollowerInfo (FollowerInfo.java:lambda$new$0(50)) - c8d45dbb-3bf0-41f1-917b-67c69771f96d->f9be0488-4b83-4ab0-b8b8-dac1c31a58bc: nextIndex: updateUnconditionally 0 -> 0
2019-08-23 15:31:39,447 [grpc-default-executor-17] WARN  server.GrpcLogAppender (LogUtils.java:warn(134)) - c05fed09-c95d-4327-a465-a8ae69fed776->5fa1ed00-d108-4e10-9e2f-8b50df71b2da: Failed appendEntries: org.apache.ratis.thirdparty.io.grpc.StatusRuntimeException: UNAVAILABLE: io exception
2019-08-23 15:31:39,447 [grpc-default-executor-17] INFO  impl.FollowerInfo (FollowerInfo.java:lambda$new$0(50)) - c05fed09-c95d-4327-a465-a8ae69fed776->5fa1ed00-d108-4e10-9e2f-8b50df71b2da: nextIndex: updateUnconditionally 16 -> 15
2019-08-23 15:31:39,740 | INFO  | SCMAudit | user=jenkins1000 | ip=192.168.5.135 | op=SEND_HEARTBEAT {datanodeUUID=c05fed09-c95d-4327-a465-a8ae69fed776, command=[]} | ret=SUCCESS |  
2019-08-23 15:31:39,758 | INFO  | SCMAudit | user=jenkins1000 | ip=192.168.5.135 | op=SEND_HEARTBEAT {datanodeUUID=c05fed09-c95d-4327-a465-a8ae69fed776, command=[]} | ret=SUCCESS |  
2019-08-23 15:31:39,760 [grpc-default-executor-13] WARN  server.GrpcLogAppender (LogUtils.java:warn(134)) - c05fed09-c95d-4327-a465-a8ae69fed776->5fa1ed00-d108-4e10-9e2f-8b50df71b2da: Failed appendEntries: org.apache.ratis.thirdparty.io.grpc.StatusRuntimeException: UNAVAILABLE: io exception
2019-08-23 15:31:39,760 [grpc-default-executor-13] INFO  impl.FollowerInfo (FollowerInfo.java:lambda$new$0(50)) - c05fed09-c95d-4327-a465-a8ae69fed776->5fa1ed00-d108-4e10-9e2f-8b50df71b2da: nextIndex: updateUnconditionally 16 -> 15
2019-08-23 15:31:39,772 [grpc-default-executor-10] WARN  server.GrpcLogAppender (LogUtils.java:warn(134)) - c05fed09-c95d-4327-a465-a8ae69fed776->5fa1ed00-d108-4e10-9e2f-8b50df71b2da: Failed appendEntries: org.apache.ratis.thirdparty.io.grpc.StatusRuntimeException: UNAVAILABLE: io exception
2019-08-23 15:31:39,773 [grpc-default-executor-10] INFO  impl.FollowerInfo (FollowerInfo.java:lambda$new$0(50)) - c05fed09-c95d-4327-a465-a8ae69fed776->5fa1ed00-d108-4e10-9e2f-8b50df71b2da: nextIndex: updateUnconditionally 16 -> 15
2019-08-23 15:31:39,785 [grpc-default-executor-13] WARN  server.GrpcLogAppender (LogUtils.java:warn(134)) - c05fed09-c95d-4327-a465-a8ae69fed776->5fa1ed00-d108-4e10-9e2f-8b50df71b2da: Failed appendEntries: org.apache.ratis.thirdparty.io.grpc.StatusRuntimeException: UNAVAILABLE: io exception
2019-08-23 15:31:39,785 [grpc-default-executor-13] INFO  impl.FollowerInfo (FollowerInfo.java:lambda$new$0(50)) - c05fed09-c95d-4327-a465-a8ae69fed776->5fa1ed00-d108-4e10-9e2f-8b50df71b2da: nextIndex: updateUnconditionally 16 -> 15
2019-08-23 15:31:39,826 [RatisApplyTransactionExecutor 2] INFO  interfaces.Container (KeyValueContainer.java:compactDB(356)) - Container 2 is closed with bcsId 14.
2019-08-23 15:31:39,829 | INFO  | DNAudit | user=null | ip=null | op=CLOSE_CONTAINER {containerID=2} | ret=SUCCESS |  
2019-08-23 15:31:39,830 | INFO  | SCMAudit | user=jenkins1000 | ip=192.168.5.135 | op=SEND_HEARTBEAT {datanodeUUID=c05fed09-c95d-4327-a465-a8ae69fed776, command=[]} | ret=SUCCESS |  
2019-08-23 15:31:39,830 [EventQueue-IncrementalContainerReportForIncrementalContainerReportHandler] INFO  container.IncrementalContainerReportHandler (AbstractContainerReportHandler.java:updateContainerState(176)) - Moving container #2 to CLOSED state, datanode c05fed09-c95d-4327-a465-a8ae69fed776{ip: 192.168.5.135, host: pr-hdds-738-hvzxd-2983279717, networkLocation: /default-rack, certSerialId: null} reported CLOSED replica.
2019-08-23 15:31:39,845 | INFO  | SCMAudit | user=jenkins1000 | ip=192.168.5.135 | op=SEND_HEARTBEAT {datanodeUUID=f6f9bd1c-aea8-4781-a09f-2599df8cb999, command=[]} | ret=SUCCESS |  
2019-08-23 15:31:39,852 [RatisApplyTransactionExecutor 2] INFO  interfaces.Container (KeyValueContainer.java:compactDB(356)) - Container 2 is closed with bcsId 14.
2019-08-23 15:31:39,852 | INFO  | DNAudit | user=null | ip=null | op=CLOSE_CONTAINER {containerID=2} | ret=SUCCESS |  
2019-08-23 15:31:40,832 | INFO  | SCMAudit | user=jenkins1000 | ip=192.168.5.135 | op=SEND_HEARTBEAT {datanodeUUID=c05fed09-c95d-4327-a465-a8ae69fed776, command=[]} | ret=SUCCESS |  
2019-08-23 15:31:40,845 | INFO  | SCMAudit | user=jenkins1000 | ip=192.168.5.135 | op=SEND_HEARTBEAT {datanodeUUID=f6f9bd1c-aea8-4781-a09f-2599df8cb999, command=[]} | ret=SUCCESS |  
2019-08-23 15:31:41,180 [EventQueue-StaleNodeForStaleNodeHandler] INFO  node.StaleNodeHandler (StaleNodeHandler.java:onMessage(58)) - Datanode c8d45dbb-3bf0-41f1-917b-67c69771f96d{ip: 192.168.5.135, host: pr-hdds-738-hvzxd-2983279717, networkLocation: /default-rack, certSerialId: null} moved to stale state. Finalizing its pipelines [PipelineID=ca523b09-c1e2-435f-afe8-ebede214edaf, PipelineID=94826461-6c9c-408f-b25b-459eab4a3204]
2019-08-23 15:31:41,180 [EventQueue-StaleNodeForStaleNodeHandler] INFO  pipeline.SCMPipelineManager (SCMPipelineManager.java:finalizeAndDestroyPipeline(309)) - destroying pipeline:Pipeline[ Id: ca523b09-c1e2-435f-afe8-ebede214edaf, Nodes: c8d45dbb-3bf0-41f1-917b-67c69771f96d{ip: 192.168.5.135, host: pr-hdds-738-hvzxd-2983279717, networkLocation: /default-rack, certSerialId: null}, Type:RATIS, Factor:ONE, State:OPEN]
2019-08-23 15:31:41,181 [EventQueue-StaleNodeForStaleNodeHandler] INFO  pipeline.PipelineStateManager (PipelineStateManager.java:finalizePipeline(123)) - Pipeline Pipeline[ Id: ca523b09-c1e2-435f-afe8-ebede214edaf, Nodes: c8d45dbb-3bf0-41f1-917b-67c69771f96d{ip: 192.168.5.135, host: pr-hdds-738-hvzxd-2983279717, networkLocation: /default-rack, certSerialId: null}, Type:RATIS, Factor:ONE, State:CLOSED] moved to CLOSED state
2019-08-23 15:31:41,181 [EventQueue-StaleNodeForStaleNodeHandler] INFO  pipeline.SCMPipelineManager (SCMPipelineManager.java:finalizeAndDestroyPipeline(309)) - destroying pipeline:Pipeline[ Id: 94826461-6c9c-408f-b25b-459eab4a3204, Nodes: f9be0488-4b83-4ab0-b8b8-dac1c31a58bc{ip: 192.168.5.135, host: pr-hdds-738-hvzxd-2983279717, networkLocation: /default-rack, certSerialId: null}45749ed4-9cb8-4dd3-a17e-80709f44a4cf{ip: 192.168.5.135, host: pr-hdds-738-hvzxd-2983279717, networkLocation: /default-rack, certSerialId: null}c8d45dbb-3bf0-41f1-917b-67c69771f96d{ip: 192.168.5.135, host: pr-hdds-738-hvzxd-2983279717, networkLocation: /default-rack, certSerialId: null}, Type:RATIS, Factor:THREE, State:CLOSED]
2019-08-23 15:31:41,350 [grpc-default-executor-13] WARN  server.GrpcLogAppender (LogUtils.java:warn(134)) - c8d45dbb-3bf0-41f1-917b-67c69771f96d->45749ed4-9cb8-4dd3-a17e-80709f44a4cf: Failed appendEntries: org.apache.ratis.thirdparty.io.grpc.StatusRuntimeException: UNAVAILABLE: io exception
2019-08-23 15:31:41,350 [grpc-default-executor-13] INFO  impl.FollowerInfo (FollowerInfo.java:lambda$new$0(50)) - c8d45dbb-3bf0-41f1-917b-67c69771f96d->45749ed4-9cb8-4dd3-a17e-80709f44a4cf: nextIndex: updateUnconditionally 16 -> 15
2019-08-23 15:31:41,363 [grpc-default-executor-17] WARN  server.GrpcLogAppender (LogUtils.java:warn(134)) - c8d45dbb-3bf0-41f1-917b-67c69771f96d->f9be0488-4b83-4ab0-b8b8-dac1c31a58bc: Failed appendEntries: org.apache.ratis.thirdparty.io.grpc.StatusRuntimeException: UNAVAILABLE: io exception
2019-08-23 15:31:41,363 [grpc-default-executor-17] INFO  impl.FollowerInfo (FollowerInfo.java:lambda$new$0(50)) - c8d45dbb-3bf0-41f1-917b-67c69771f96d->f9be0488-4b83-4ab0-b8b8-dac1c31a58bc: nextIndex: updateUnconditionally 0 -> 0
2019-08-23 15:31:41,781 [EventQueue-StaleNodeForStaleNodeHandler] INFO  node.StaleNodeHandler (StaleNodeHandler.java:onMessage(58)) - Datanode 8cd08553-7170-462e-ba81-b2a7a0cb37ad{ip: 192.168.5.135, host: pr-hdds-738-hvzxd-2983279717, networkLocation: /default-rack, certSerialId: null} moved to stale state. Finalizing its pipelines [PipelineID=6b984a33-f424-4df7-a45e-976752dbb62a, PipelineID=6e371ecf-2518-43a1-8e26-4b7957b19ba7]
2019-08-23 15:31:41,781 [EventQueue-StaleNodeForStaleNodeHandler] INFO  pipeline.SCMPipelineManager (SCMPipelineManager.java:finalizeAndDestroyPipeline(309)) - destroying pipeline:Pipeline[ Id: 6b984a33-f424-4df7-a45e-976752dbb62a, Nodes: 8cd08553-7170-462e-ba81-b2a7a0cb37ad{ip: 192.168.5.135, host: pr-hdds-738-hvzxd-2983279717, networkLocation: /default-rack, certSerialId: null}, Type:RATIS, Factor:ONE, State:OPEN]
2019-08-23 15:31:41,781 [EventQueue-StaleNodeForStaleNodeHandler] INFO  pipeline.PipelineStateManager (PipelineStateManager.java:finalizePipeline(123)) - Pipeline Pipeline[ Id: 6b984a33-f424-4df7-a45e-976752dbb62a, Nodes: 8cd08553-7170-462e-ba81-b2a7a0cb37ad{ip: 192.168.5.135, host: pr-hdds-738-hvzxd-2983279717, networkLocation: /default-rack, certSerialId: null}, Type:RATIS, Factor:ONE, State:CLOSED] moved to CLOSED state
2019-08-23 15:31:41,781 [EventQueue-StaleNodeForStaleNodeHandler] INFO  pipeline.SCMPipelineManager (SCMPipelineManager.java:finalizeAndDestroyPipeline(309)) - destroying pipeline:Pipeline[ Id: 6e371ecf-2518-43a1-8e26-4b7957b19ba7, Nodes: 5fa1ed00-d108-4e10-9e2f-8b50df71b2da{ip: 192.168.5.135, host: pr-hdds-738-hvzxd-2983279717, networkLocation: /default-rack, certSerialId: null}8cd08553-7170-462e-ba81-b2a7a0cb37ad{ip: 192.168.5.135, host: pr-hdds-738-hvzxd-2983279717, networkLocation: /default-rack, certSerialId: null}c05fed09-c95d-4327-a465-a8ae69fed776{ip: 192.168.5.135, host: pr-hdds-738-hvzxd-2983279717, networkLocation: /default-rack, certSerialId: null}, Type:RATIS, Factor:THREE, State:CLOSED]
2019-08-23 15:31:41,833 | INFO  | SCMAudit | user=jenkins1000 | ip=192.168.5.135 | op=SEND_HEARTBEAT {datanodeUUID=c05fed09-c95d-4327-a465-a8ae69fed776, command=[]} | ret=SUCCESS |  
2019-08-23 15:31:41,845 | INFO  | SCMAudit | user=jenkins1000 | ip=192.168.5.135 | op=SEND_HEARTBEAT {datanodeUUID=f6f9bd1c-aea8-4781-a09f-2599df8cb999, command=[]} | ret=SUCCESS |  
2019-08-23 15:31:42,045 [main] INFO  ozoneimpl.OzoneContainer (OzoneContainer.java:stop(199)) - Attempting to stop container services.
2019-08-23 15:31:42,046 [main] INFO  impl.RaftServerProxy (RaftServerProxy.java:lambda$close$4(314)) - c8d45dbb-3bf0-41f1-917b-67c69771f96d: close
2019-08-23 15:31:42,046 [main] INFO  impl.RaftServerImpl (RaftServerImpl.java:lambda$shutdown$3(245)) - c8d45dbb-3bf0-41f1-917b-67c69771f96d: shutdown group-EBEDE214EDAF
2019-08-23 15:31:42,046 [main] INFO  util.JmxRegister (JmxRegister.java:unregister(73)) - Successfully un-registered JMX Bean with object name Ratis:service=RaftServer,group=group-EBEDE214EDAF,id=c8d45dbb-3bf0-41f1-917b-67c69771f96d
2019-08-23 15:31:42,047 [main] INFO  impl.RoleInfo (RoleInfo.java:shutdownLeaderState(104)) - c8d45dbb-3bf0-41f1-917b-67c69771f96d: shutdown LeaderState
2019-08-23 15:31:42,047 [main] INFO  impl.PendingRequests (PendingRequests.java:sendNotLeaderResponses(202)) - c8d45dbb-3bf0-41f1-917b-67c69771f96d-PendingRequests: sendNotLeaderResponses
2019-08-23 15:31:42,047 [ForkJoinPool.commonPool-worker-1] INFO  ozoneimpl.OzoneContainer (OzoneContainer.java:stop(199)) - Attempting to stop container services.
2019-08-23 15:31:42,047 [main] INFO  impl.StateMachineUpdater (StateMachineUpdater.java:stopAndJoin(115)) - StateMachineUpdater:c8d45dbb-3bf0-41f1-917b-67c69771f96d:group-EBEDE214EDAF: set stopIndex = 0
2019-08-23 15:31:42,047 [ForkJoinPool.commonPool-worker-1] INFO  impl.RaftServerProxy (RaftServerProxy.java:lambda$close$4(314)) - 8cd08553-7170-462e-ba81-b2a7a0cb37ad: close
2019-08-23 15:31:42,048 [main] INFO  impl.RaftServerImpl (ServerState.java:close(394)) - c8d45dbb-3bf0-41f1-917b-67c69771f96d:group-EBEDE214EDAF closes. The last applied log index is 0
2019-08-23 15:31:42,048 [ForkJoinPool.commonPool-worker-1] INFO  impl.RaftServerImpl (RaftServerImpl.java:lambda$shutdown$3(245)) - 8cd08553-7170-462e-ba81-b2a7a0cb37ad: shutdown group-976752DBB62A
2019-08-23 15:31:42,048 [c8d45dbb-3bf0-41f1-917b-67c69771f96d-SegmentedRaftLogWorker:Storage Directory /workdir/hadoop-ozone/integration-test/target/test-dir/MiniOzoneClusterImpl-59c2fb18-0200-4865-85bf-81b4b37c6949/datanode-3/data/ratis/ca523b09-c1e2-435f-afe8-ebede214edaf] INFO  segmented.SegmentedRaftLogWorker (SegmentedRaftLogWorker.java:run(313)) - c8d45dbb-3bf0-41f1-917b-67c69771f96d-SegmentedRaftLogWorker:Storage Directory /workdir/hadoop-ozone/integration-test/target/test-dir/MiniOzoneClusterImpl-59c2fb18-0200-4865-85bf-81b4b37c6949/datanode-3/data/ratis/ca523b09-c1e2-435f-afe8-ebede214edaf was interrupted, exiting. There are 0 tasks remaining in the queue.
2019-08-23 15:31:42,048 [ForkJoinPool.commonPool-worker-1] INFO  util.JmxRegister (JmxRegister.java:unregister(73)) - Successfully un-registered JMX Bean with object name Ratis:service=RaftServer,group=group-976752DBB62A,id=8cd08553-7170-462e-ba81-b2a7a0cb37ad
2019-08-23 15:31:42,050 [main] INFO  segmented.SegmentedRaftLogWorker (SegmentedRaftLogWorker.java:close(228)) - c8d45dbb-3bf0-41f1-917b-67c69771f96d-SegmentedRaftLogWorker:Storage Directory /workdir/hadoop-ozone/integration-test/target/test-dir/MiniOzoneClusterImpl-59c2fb18-0200-4865-85bf-81b4b37c6949/datanode-3/data/ratis/ca523b09-c1e2-435f-afe8-ebede214edaf close()
2019-08-23 15:31:42,050 [ForkJoinPool.commonPool-worker-1] INFO  impl.RoleInfo (RoleInfo.java:shutdownLeaderState(104)) - 8cd08553-7170-462e-ba81-b2a7a0cb37ad: shutdown LeaderState
2019-08-23 15:31:42,054 [main] INFO  impl.RaftServerImpl (RaftServerImpl.java:lambda$shutdown$3(245)) - c8d45dbb-3bf0-41f1-917b-67c69771f96d: shutdown group-459EAB4A3204
2019-08-23 15:31:42,054 [ForkJoinPool.commonPool-worker-1] INFO  impl.PendingRequests (PendingRequests.java:sendNotLeaderResponses(202)) - 8cd08553-7170-462e-ba81-b2a7a0cb37ad-PendingRequests: sendNotLeaderResponses
2019-08-23 15:31:42,054 [main] INFO  util.JmxRegister (JmxRegister.java:unregister(73)) - Successfully un-registered JMX Bean with object name Ratis:service=RaftServer,group=group-459EAB4A3204,id=c8d45dbb-3bf0-41f1-917b-67c69771f96d
2019-08-23 15:31:42,054 [ForkJoinPool.commonPool-worker-1] INFO  impl.StateMachineUpdater (StateMachineUpdater.java:stopAndJoin(115)) - StateMachineUpdater:8cd08553-7170-462e-ba81-b2a7a0cb37ad:group-976752DBB62A: set stopIndex = 0
2019-08-23 15:31:42,055 [main] INFO  impl.RoleInfo (RoleInfo.java:shutdownLeaderState(104)) - c8d45dbb-3bf0-41f1-917b-67c69771f96d: shutdown LeaderState
2019-08-23 15:31:42,055 [ForkJoinPool.commonPool-worker-1] INFO  impl.RaftServerImpl (ServerState.java:close(394)) - 8cd08553-7170-462e-ba81-b2a7a0cb37ad:group-976752DBB62A closes. The last applied log index is 0
2019-08-23 15:31:42,058 [org.apache.ratis.server.impl.LogAppender$AppenderDaemon$$Lambda$467/782126021@5aa1b739] WARN  server.GrpcLogAppender (GrpcLogAppender.java:mayWait(143)) - GrpcLogAppender(c8d45dbb-3bf0-41f1-917b-67c69771f96d->f9be0488-4b83-4ab0-b8b8-dac1c31a58bc): Wait interrupted by java.lang.InterruptedException
2019-08-23 15:31:42,058 [main] INFO  impl.PendingRequests (PendingRequests.java:sendNotLeaderResponses(202)) - c8d45dbb-3bf0-41f1-917b-67c69771f96d-PendingRequests: sendNotLeaderResponses
2019-08-23 15:31:42,058 [8cd08553-7170-462e-ba81-b2a7a0cb37ad-SegmentedRaftLogWorker:Storage Directory /workdir/hadoop-ozone/integration-test/target/test-dir/MiniOzoneClusterImpl-59c2fb18-0200-4865-85bf-81b4b37c6949/datanode-2/data/ratis/6b984a33-f424-4df7-a45e-976752dbb62a] INFO  segmented.SegmentedRaftLogWorker (SegmentedRaftLogWorker.java:run(313)) - 8cd08553-7170-462e-ba81-b2a7a0cb37ad-SegmentedRaftLogWorker:Storage Directory /workdir/hadoop-ozone/integration-test/target/test-dir/MiniOzoneClusterImpl-59c2fb18-0200-4865-85bf-81b4b37c6949/datanode-2/data/ratis/6b984a33-f424-4df7-a45e-976752dbb62a was interrupted, exiting. There are 0 tasks remaining in the queue.
2019-08-23 15:31:42,058 [org.apache.ratis.server.impl.LogAppender$AppenderDaemon$$Lambda$467/782126021@585b33ac] WARN  server.GrpcLogAppender (GrpcLogAppender.java:mayWait(143)) - GrpcLogAppender(c8d45dbb-3bf0-41f1-917b-67c69771f96d->45749ed4-9cb8-4dd3-a17e-80709f44a4cf): Wait interrupted by java.lang.InterruptedException
2019-08-23 15:31:42,061 [ForkJoinPool.commonPool-worker-1] INFO  segmented.SegmentedRaftLogWorker (SegmentedRaftLogWorker.java:close(228)) - 8cd08553-7170-462e-ba81-b2a7a0cb37ad-SegmentedRaftLogWorker:Storage Directory /workdir/hadoop-ozone/integration-test/target/test-dir/MiniOzoneClusterImpl-59c2fb18-0200-4865-85bf-81b4b37c6949/datanode-2/data/ratis/6b984a33-f424-4df7-a45e-976752dbb62a close()
2019-08-23 15:31:42,061 [main] INFO  impl.StateMachineUpdater (StateMachineUpdater.java:stopAndJoin(115)) - StateMachineUpdater:c8d45dbb-3bf0-41f1-917b-67c69771f96d:group-459EAB4A3204: set stopIndex = 17
2019-08-23 15:31:42,063 [ForkJoinPool.commonPool-worker-1] INFO  impl.RaftServerImpl (RaftServerImpl.java:lambda$shutdown$3(245)) - 8cd08553-7170-462e-ba81-b2a7a0cb37ad: shutdown group-4B7957B19BA7
2019-08-23 15:31:42,061 [StateMachineUpdater:c8d45dbb-3bf0-41f1-917b-67c69771f96d:group-459EAB4A3204] INFO  ratis.ContainerStateMachine (ContainerStateMachine.java:takeSnapshot(283)) - group-459EAB4A3204: Taking a snapshot at:(t:2, i:13) file /workdir/hadoop-ozone/integration-test/target/test-dir/MiniOzoneClusterImpl-59c2fb18-0200-4865-85bf-81b4b37c6949/datanode-3/data/ratis/94826461-6c9c-408f-b25b-459eab4a3204/sm/snapshot.2_13
2019-08-23 15:31:42,063 [ForkJoinPool.commonPool-worker-1] INFO  util.JmxRegister (JmxRegister.java:unregister(73)) - Successfully un-registered JMX Bean with object name Ratis:service=RaftServer,group=group-4B7957B19BA7,id=8cd08553-7170-462e-ba81-b2a7a0cb37ad
2019-08-23 15:31:42,064 [ForkJoinPool.commonPool-worker-1] INFO  impl.RoleInfo (RoleInfo.java:shutdownFollowerState(121)) - 8cd08553-7170-462e-ba81-b2a7a0cb37ad: shutdown FollowerState
2019-08-23 15:31:42,064 [ForkJoinPool.commonPool-worker-1] INFO  impl.StateMachineUpdater (StateMachineUpdater.java:stopAndJoin(115)) - StateMachineUpdater:8cd08553-7170-462e-ba81-b2a7a0cb37ad:group-4B7957B19BA7: set stopIndex = 17
2019-08-23 15:31:42,064 [StateMachineUpdater:8cd08553-7170-462e-ba81-b2a7a0cb37ad:group-4B7957B19BA7] INFO  ratis.ContainerStateMachine (ContainerStateMachine.java:takeSnapshot(283)) - group-4B7957B19BA7: Taking a snapshot at:(t:4, i:17) file /workdir/hadoop-ozone/integration-test/target/test-dir/MiniOzoneClusterImpl-59c2fb18-0200-4865-85bf-81b4b37c6949/datanode-2/data/ratis/6e371ecf-2518-43a1-8e26-4b7957b19ba7/sm/snapshot.4_17
2019-08-23 15:31:42,064 [Thread-3712] INFO  impl.FollowerState (FollowerState.java:run(114)) - 8cd08553-7170-462e-ba81-b2a7a0cb37ad: FollowerState was interrupted: java.lang.InterruptedException: sleep interrupted
2019-08-23 15:31:42,077 [StateMachineUpdater:c8d45dbb-3bf0-41f1-917b-67c69771f96d:group-459EAB4A3204] INFO  ratis.ContainerStateMachine (ContainerStateMachine.java:takeSnapshot(294)) - group-459EAB4A3204: Finished taking a snapshot at:(t:2, i:13) file:/workdir/hadoop-ozone/integration-test/target/test-dir/MiniOzoneClusterImpl-59c2fb18-0200-4865-85bf-81b4b37c6949/datanode-3/data/ratis/94826461-6c9c-408f-b25b-459eab4a3204/sm/snapshot.2_13 time:16
2019-08-23 15:31:42,077 [StateMachineUpdater:8cd08553-7170-462e-ba81-b2a7a0cb37ad:group-4B7957B19BA7] INFO  ratis.ContainerStateMachine (ContainerStateMachine.java:takeSnapshot(294)) - group-4B7957B19BA7: Finished taking a snapshot at:(t:4, i:17) file:/workdir/hadoop-ozone/integration-test/target/test-dir/MiniOzoneClusterImpl-59c2fb18-0200-4865-85bf-81b4b37c6949/datanode-2/data/ratis/6e371ecf-2518-43a1-8e26-4b7957b19ba7/sm/snapshot.4_17 time:13
2019-08-23 15:31:42,077 [StateMachineUpdater:c8d45dbb-3bf0-41f1-917b-67c69771f96d:group-459EAB4A3204] INFO  impl.StateMachineUpdater (StateMachineUpdater.java:takeSnapshot(242)) - StateMachineUpdater:c8d45dbb-3bf0-41f1-917b-67c69771f96d:group-459EAB4A3204: Took a snapshot at index 13
2019-08-23 15:31:42,078 [StateMachineUpdater:8cd08553-7170-462e-ba81-b2a7a0cb37ad:group-4B7957B19BA7] INFO  impl.StateMachineUpdater (StateMachineUpdater.java:takeSnapshot(242)) - StateMachineUpdater:8cd08553-7170-462e-ba81-b2a7a0cb37ad:group-4B7957B19BA7: Took a snapshot at index 17
2019-08-23 15:31:42,078 [StateMachineUpdater:c8d45dbb-3bf0-41f1-917b-67c69771f96d:group-459EAB4A3204] INFO  impl.StateMachineUpdater (StateMachineUpdater.java:lambda$new$0(80)) - StateMachineUpdater:c8d45dbb-3bf0-41f1-917b-67c69771f96d:group-459EAB4A3204: snapshotIndex: updateIncreasingly -1 -> 13
2019-08-23 15:31:42,078 [StateMachineUpdater:8cd08553-7170-462e-ba81-b2a7a0cb37ad:group-4B7957B19BA7] INFO  impl.StateMachineUpdater (StateMachineUpdater.java:lambda$new$0(80)) - StateMachineUpdater:8cd08553-7170-462e-ba81-b2a7a0cb37ad:group-4B7957B19BA7: snapshotIndex: updateIncreasingly -1 -> 17
2019-08-23 15:31:42,078 [main] INFO  impl.RaftServerImpl (ServerState.java:close(394)) - c8d45dbb-3bf0-41f1-917b-67c69771f96d:group-459EAB4A3204 closes. The last applied log index is 17
2019-08-23 15:31:42,078 [ForkJoinPool.commonPool-worker-1] INFO  impl.RaftServerImpl (ServerState.java:close(394)) - 8cd08553-7170-462e-ba81-b2a7a0cb37ad:group-4B7957B19BA7 closes. The last applied log index is 17
2019-08-23 15:31:42,079 [c8d45dbb-3bf0-41f1-917b-67c69771f96d-SegmentedRaftLogWorker:Storage Directory /workdir/hadoop-ozone/integration-test/target/test-dir/MiniOzoneClusterImpl-59c2fb18-0200-4865-85bf-81b4b37c6949/datanode-3/data/ratis/94826461-6c9c-408f-b25b-459eab4a3204] INFO  segmented.SegmentedRaftLogWorker (SegmentedRaftLogWorker.java:run(313)) - c8d45dbb-3bf0-41f1-917b-67c69771f96d-SegmentedRaftLogWorker:Storage Directory /workdir/hadoop-ozone/integration-test/target/test-dir/MiniOzoneClusterImpl-59c2fb18-0200-4865-85bf-81b4b37c6949/datanode-3/data/ratis/94826461-6c9c-408f-b25b-459eab4a3204 was interrupted, exiting. There are 0 tasks remaining in the queue.
2019-08-23 15:31:42,079 [8cd08553-7170-462e-ba81-b2a7a0cb37ad-SegmentedRaftLogWorker:Storage Directory /workdir/hadoop-ozone/integration-test/target/test-dir/MiniOzoneClusterImpl-59c2fb18-0200-4865-85bf-81b4b37c6949/datanode-2/data/ratis/6e371ecf-2518-43a1-8e26-4b7957b19ba7] INFO  segmented.SegmentedRaftLogWorker (SegmentedRaftLogWorker.java:run(313)) - 8cd08553-7170-462e-ba81-b2a7a0cb37ad-SegmentedRaftLogWorker:Storage Directory /workdir/hadoop-ozone/integration-test/target/test-dir/MiniOzoneClusterImpl-59c2fb18-0200-4865-85bf-81b4b37c6949/datanode-2/data/ratis/6e371ecf-2518-43a1-8e26-4b7957b19ba7 was interrupted, exiting. There are 0 tasks remaining in the queue.
2019-08-23 15:31:42,080 [main] INFO  segmented.SegmentedRaftLogWorker (SegmentedRaftLogWorker.java:close(228)) - c8d45dbb-3bf0-41f1-917b-67c69771f96d-SegmentedRaftLogWorker:Storage Directory /workdir/hadoop-ozone/integration-test/target/test-dir/MiniOzoneClusterImpl-59c2fb18-0200-4865-85bf-81b4b37c6949/datanode-3/data/ratis/94826461-6c9c-408f-b25b-459eab4a3204 close()
2019-08-23 15:31:42,081 [ForkJoinPool.commonPool-worker-1] INFO  segmented.SegmentedRaftLogWorker (SegmentedRaftLogWorker.java:close(228)) - 8cd08553-7170-462e-ba81-b2a7a0cb37ad-SegmentedRaftLogWorker:Storage Directory /workdir/hadoop-ozone/integration-test/target/test-dir/MiniOzoneClusterImpl-59c2fb18-0200-4865-85bf-81b4b37c6949/datanode-2/data/ratis/6e371ecf-2518-43a1-8e26-4b7957b19ba7 close()
2019-08-23 15:31:42,089 [main] INFO  server.GrpcService (GrpcService.java:closeImpl(155)) - c8d45dbb-3bf0-41f1-917b-67c69771f96d: shutdown server with port 33969 now
2019-08-23 15:31:42,090 [ForkJoinPool.commonPool-worker-1] INFO  server.GrpcService (GrpcService.java:closeImpl(155)) - 8cd08553-7170-462e-ba81-b2a7a0cb37ad: shutdown server with port 39140 now
2019-08-23 15:31:42,090 [main] INFO  server.GrpcService (GrpcService.java:closeImpl(163)) - c8d45dbb-3bf0-41f1-917b-67c69771f96d: shutdown server with port 33969 successfully
2019-08-23 15:31:42,091 [grpc-default-executor-13] WARN  server.GrpcServerProtocolService (LogUtils.java:warn(134)) - 8cd08553-7170-462e-ba81-b2a7a0cb37ad: appendEntries onError: org.apache.ratis.thirdparty.io.grpc.StatusRuntimeException: CANCELLED: cancelled before receiving half close
2019-08-23 15:31:42,091 [ForkJoinPool.commonPool-worker-1] INFO  server.GrpcService (GrpcService.java:closeImpl(163)) - 8cd08553-7170-462e-ba81-b2a7a0cb37ad: shutdown server with port 39140 successfully
2019-08-23 15:31:42,091 [grpc-default-executor-10] WARN  server.GrpcLogAppender (LogUtils.java:warn(134)) - c05fed09-c95d-4327-a465-a8ae69fed776->8cd08553-7170-462e-ba81-b2a7a0cb37ad: Failed appendEntries: org.apache.ratis.thirdparty.io.grpc.StatusRuntimeException: CANCELLED: HTTP/2 error code: CANCEL
Received Rst Stream
2019-08-23 15:31:42,091 [grpc-default-executor-10] INFO  impl.FollowerInfo (FollowerInfo.java:lambda$new$0(50)) - c05fed09-c95d-4327-a465-a8ae69fed776->8cd08553-7170-462e-ba81-b2a7a0cb37ad: nextIndex: updateUnconditionally 19 -> 18
2019-08-23 15:31:42,092 [main] INFO  utils.BackgroundService (BackgroundService.java:shutdown(148)) - Shutting down service BlockDeletingService
2019-08-23 15:31:42,093 [ForkJoinPool.commonPool-worker-1] INFO  utils.BackgroundService (BackgroundService.java:shutdown(148)) - Shutting down service BlockDeletingService
2019-08-23 15:31:42,094 [refreshUsed-/workdir/hadoop-ozone/integration-test/target/test-dir/MiniOzoneClusterImpl-59c2fb18-0200-4865-85bf-81b4b37c6949/datanode-3/data/containers] WARN  fs.CachingGetSpaceUsed (CachingGetSpaceUsed.java:run(183)) - Thread Interrupted waiting to refresh disk information: sleep interrupted
2019-08-23 15:31:42,099 [refreshUsed-/workdir/hadoop-ozone/integration-test/target/test-dir/MiniOzoneClusterImpl-59c2fb18-0200-4865-85bf-81b4b37c6949/datanode-2/data/containers] WARN  fs.CachingGetSpaceUsed (CachingGetSpaceUsed.java:run(183)) - Thread Interrupted waiting to refresh disk information: sleep interrupted
2019-08-23 15:31:42,112 [ForkJoinPool.commonPool-worker-1] INFO  statemachine.DatanodeStateMachine (DatanodeStateMachine.java:stopDaemon(395)) - Ozone container server stopped.
2019-08-23 15:31:42,115 [ForkJoinPool.commonPool-worker-1] INFO  handler.ContextHandler (ContextHandler.java:doStop(910)) - Stopped o.e.j.w.WebAppContext@7e191fda{/,null,UNAVAILABLE}{/hddsDatanode}
2019-08-23 15:31:42,115 [ForkJoinPool.commonPool-worker-1] INFO  server.AbstractConnector (AbstractConnector.java:doStop(318)) - Stopped ServerConnector@6562cc23{HTTP/1.1,[http/1.1]}{0.0.0.0:0}
2019-08-23 15:31:42,116 [ForkJoinPool.commonPool-worker-1] INFO  handler.ContextHandler (ContextHandler.java:doStop(910)) - Stopped o.e.j.s.ServletContextHandler@2017f6e6{/static,jar:file:/home/user/.m2/repository/org/apache/hadoop/hadoop-hdds-container-service/0.5.0-SNAPSHOT/hadoop-hdds-container-service-0.5.0-SNAPSHOT.jar!/webapps/static,UNAVAILABLE}
2019-08-23 15:31:42,117 [ForkJoinPool.commonPool-worker-1] INFO  handler.ContextHandler (ContextHandler.java:doStop(910)) - Stopped o.e.j.s.ServletContextHandler@5627cb29{/logs,file:///workdir/hadoop-ozone/integration-test/target/log,UNAVAILABLE}
2019-08-23 15:31:42,121 [main] INFO  statemachine.DatanodeStateMachine (DatanodeStateMachine.java:stopDaemon(395)) - Ozone container server stopped.
2019-08-23 15:31:42,122 [main] INFO  handler.ContextHandler (ContextHandler.java:doStop(910)) - Stopped o.e.j.w.WebAppContext@646d810b{/,null,UNAVAILABLE}{/hddsDatanode}
2019-08-23 15:31:42,123 [main] INFO  server.AbstractConnector (AbstractConnector.java:doStop(318)) - Stopped ServerConnector@30508066{HTTP/1.1,[http/1.1]}{0.0.0.0:0}
2019-08-23 15:31:42,124 [main] INFO  handler.ContextHandler (ContextHandler.java:doStop(910)) - Stopped o.e.j.s.ServletContextHandler@56fda064{/static,jar:file:/home/user/.m2/repository/org/apache/hadoop/hadoop-hdds-container-service/0.5.0-SNAPSHOT/hadoop-hdds-container-service-0.5.0-SNAPSHOT.jar!/webapps/static,UNAVAILABLE}
2019-08-23 15:31:42,124 [main] INFO  handler.ContextHandler (ContextHandler.java:doStop(910)) - Stopped o.e.j.s.ServletContextHandler@3a6e9856{/logs,file:///workdir/hadoop-ozone/integration-test/target/log,UNAVAILABLE}
2019-08-23 15:31:42,285 [grpc-default-executor-14] WARN  server.GrpcLogAppender (LogUtils.java:warn(134)) - c05fed09-c95d-4327-a465-a8ae69fed776->8cd08553-7170-462e-ba81-b2a7a0cb37ad: Failed appendEntries: org.apache.ratis.thirdparty.io.grpc.StatusRuntimeException: UNAVAILABLE: io exception
2019-08-23 15:31:42,285 [grpc-default-executor-17] WARN  server.GrpcLogAppender (LogUtils.java:warn(134)) - c05fed09-c95d-4327-a465-a8ae69fed776->5fa1ed00-d108-4e10-9e2f-8b50df71b2da: Failed appendEntries: org.apache.ratis.thirdparty.io.grpc.StatusRuntimeException: UNAVAILABLE: io exception
2019-08-23 15:31:42,285 [grpc-default-executor-14] INFO  impl.FollowerInfo (FollowerInfo.java:lambda$new$0(50)) - c05fed09-c95d-4327-a465-a8ae69fed776->8cd08553-7170-462e-ba81-b2a7a0cb37ad: nextIndex: updateUnconditionally 18 -> 17
2019-08-23 15:31:42,286 [grpc-default-executor-17] INFO  impl.FollowerInfo (FollowerInfo.java:lambda$new$0(50)) - c05fed09-c95d-4327-a465-a8ae69fed776->5fa1ed00-d108-4e10-9e2f-8b50df71b2da: nextIndex: updateUnconditionally 15 -> 14
2019-08-23 15:31:42,833 [Datanode State Machine Thread - 0] INFO  statemachine.DatanodeStateMachine (DatanodeStateMachine.java:lambda$startDaemon$0(350)) - Ozone container server started.
2019-08-23 15:31:42,845 [Datanode State Machine Thread - 0] INFO  statemachine.DatanodeStateMachine (DatanodeStateMachine.java:lambda$startDaemon$0(350)) - Ozone container server started.
2019-08-23 15:31:44,786 [grpc-default-executor-18] WARN  server.GrpcLogAppender (LogUtils.java:warn(134)) - c05fed09-c95d-4327-a465-a8ae69fed776->5fa1ed00-d108-4e10-9e2f-8b50df71b2da: Failed appendEntries: org.apache.ratis.thirdparty.io.grpc.StatusRuntimeException: UNAVAILABLE: io exception
2019-08-23 15:31:44,786 [grpc-default-executor-13] WARN  server.GrpcLogAppender (LogUtils.java:warn(134)) - c05fed09-c95d-4327-a465-a8ae69fed776->8cd08553-7170-462e-ba81-b2a7a0cb37ad: Failed appendEntries: org.apache.ratis.thirdparty.io.grpc.StatusRuntimeException: UNAVAILABLE: io exception
2019-08-23 15:31:44,786 [grpc-default-executor-18] INFO  impl.FollowerInfo (FollowerInfo.java:lambda$new$0(50)) - c05fed09-c95d-4327-a465-a8ae69fed776->5fa1ed00-d108-4e10-9e2f-8b50df71b2da: nextIndex: updateUnconditionally 14 -> 13
2019-08-23 15:31:44,786 [grpc-default-executor-13] INFO  impl.FollowerInfo (FollowerInfo.java:lambda$new$0(50)) - c05fed09-c95d-4327-a465-a8ae69fed776->8cd08553-7170-462e-ba81-b2a7a0cb37ad: nextIndex: updateUnconditionally 17 -> 16
2019-08-23 15:31:46,886 [EventQueue-StaleNodeForStaleNodeHandler] INFO  node.StaleNodeHandler (StaleNodeHandler.java:onMessage(58)) - Datanode c05fed09-c95d-4327-a465-a8ae69fed776{ip: 192.168.5.135, host: pr-hdds-738-hvzxd-2983279717, networkLocation: /default-rack, certSerialId: null} moved to stale state. Finalizing its pipelines [PipelineID=1a8d3098-5c3a-4414-a9ad-5c606a3db3cf, PipelineID=6e371ecf-2518-43a1-8e26-4b7957b19ba7]
2019-08-23 15:31:46,887 [EventQueue-StaleNodeForStaleNodeHandler] INFO  pipeline.SCMPipelineManager (SCMPipelineManager.java:finalizeAndDestroyPipeline(309)) - destroying pipeline:Pipeline[ Id: 1a8d3098-5c3a-4414-a9ad-5c606a3db3cf, Nodes: c05fed09-c95d-4327-a465-a8ae69fed776{ip: 192.168.5.135, host: pr-hdds-738-hvzxd-2983279717, networkLocation: /default-rack, certSerialId: null}, Type:RATIS, Factor:ONE, State:OPEN]
2019-08-23 15:31:46,887 [EventQueue-StaleNodeForStaleNodeHandler] INFO  pipeline.PipelineStateManager (PipelineStateManager.java:finalizePipeline(123)) - Pipeline Pipeline[ Id: 1a8d3098-5c3a-4414-a9ad-5c606a3db3cf, Nodes: c05fed09-c95d-4327-a465-a8ae69fed776{ip: 192.168.5.135, host: pr-hdds-738-hvzxd-2983279717, networkLocation: /default-rack, certSerialId: null}, Type:RATIS, Factor:ONE, State:CLOSED] moved to CLOSED state
2019-08-23 15:31:46,887 [EventQueue-StaleNodeForStaleNodeHandler] INFO  pipeline.SCMPipelineManager (SCMPipelineManager.java:finalizeAndDestroyPipeline(309)) - destroying pipeline:Pipeline[ Id: 6e371ecf-2518-43a1-8e26-4b7957b19ba7, Nodes: 5fa1ed00-d108-4e10-9e2f-8b50df71b2da{ip: 192.168.5.135, host: pr-hdds-738-hvzxd-2983279717, networkLocation: /default-rack, certSerialId: null}8cd08553-7170-462e-ba81-b2a7a0cb37ad{ip: 192.168.5.135, host: pr-hdds-738-hvzxd-2983279717, networkLocation: /default-rack, certSerialId: null}c05fed09-c95d-4327-a465-a8ae69fed776{ip: 192.168.5.135, host: pr-hdds-738-hvzxd-2983279717, networkLocation: /default-rack, certSerialId: null}, Type:RATIS, Factor:THREE, State:CLOSED]
2019-08-23 15:31:46,888 [EventQueue-StaleNodeForStaleNodeHandler] INFO  node.StaleNodeHandler (StaleNodeHandler.java:onMessage(58)) - Datanode f6f9bd1c-aea8-4781-a09f-2599df8cb999{ip: 192.168.5.135, host: pr-hdds-738-hvzxd-2983279717, networkLocation: /default-rack, certSerialId: null} moved to stale state. Finalizing its pipelines []
2019-08-23 15:31:47,119 [ForkJoinPool.commonPool-worker-1] INFO  ozoneimpl.OzoneContainer (OzoneContainer.java:stop(199)) - Attempting to stop container services.
2019-08-23 15:31:47,119 [ForkJoinPool.commonPool-worker-1] INFO  impl.RaftServerProxy (RaftServerProxy.java:lambda$close$4(314)) - c05fed09-c95d-4327-a465-a8ae69fed776: close
2019-08-23 15:31:47,119 [ForkJoinPool.commonPool-worker-1] INFO  impl.RaftServerImpl (RaftServerImpl.java:lambda$shutdown$3(245)) - c05fed09-c95d-4327-a465-a8ae69fed776: shutdown group-5C606A3DB3CF
2019-08-23 15:31:47,119 [ForkJoinPool.commonPool-worker-1] INFO  util.JmxRegister (JmxRegister.java:unregister(73)) - Successfully un-registered JMX Bean with object name Ratis:service=RaftServer,group=group-5C606A3DB3CF,id=c05fed09-c95d-4327-a465-a8ae69fed776
2019-08-23 15:31:47,120 [ForkJoinPool.commonPool-worker-1] INFO  impl.RoleInfo (RoleInfo.java:shutdownLeaderState(104)) - c05fed09-c95d-4327-a465-a8ae69fed776: shutdown LeaderState
2019-08-23 15:31:47,120 [ForkJoinPool.commonPool-worker-1] INFO  impl.PendingRequests (PendingRequests.java:sendNotLeaderResponses(202)) - c05fed09-c95d-4327-a465-a8ae69fed776-PendingRequests: sendNotLeaderResponses
2019-08-23 15:31:47,120 [ForkJoinPool.commonPool-worker-1] INFO  impl.StateMachineUpdater (StateMachineUpdater.java:stopAndJoin(115)) - StateMachineUpdater:c05fed09-c95d-4327-a465-a8ae69fed776:group-5C606A3DB3CF: set stopIndex = 0
2019-08-23 15:31:47,120 [ForkJoinPool.commonPool-worker-1] INFO  impl.RaftServerImpl (ServerState.java:close(394)) - c05fed09-c95d-4327-a465-a8ae69fed776:group-5C606A3DB3CF closes. The last applied log index is 0
2019-08-23 15:31:47,120 [c05fed09-c95d-4327-a465-a8ae69fed776-SegmentedRaftLogWorker:Storage Directory /workdir/hadoop-ozone/integration-test/target/test-dir/MiniOzoneClusterImpl-59c2fb18-0200-4865-85bf-81b4b37c6949/datanode-0/data/ratis/1a8d3098-5c3a-4414-a9ad-5c606a3db3cf] INFO  segmented.SegmentedRaftLogWorker (SegmentedRaftLogWorker.java:run(313)) - c05fed09-c95d-4327-a465-a8ae69fed776-SegmentedRaftLogWorker:Storage Directory /workdir/hadoop-ozone/integration-test/target/test-dir/MiniOzoneClusterImpl-59c2fb18-0200-4865-85bf-81b4b37c6949/datanode-0/data/ratis/1a8d3098-5c3a-4414-a9ad-5c606a3db3cf was interrupted, exiting. There are 0 tasks remaining in the queue.
2019-08-23 15:31:47,125 [main] INFO  ozoneimpl.OzoneContainer (OzoneContainer.java:stop(199)) - Attempting to stop container services.
2019-08-23 15:31:47,125 [main] INFO  impl.RaftServerProxy (RaftServerProxy.java:lambda$close$4(314)) - f6f9bd1c-aea8-4781-a09f-2599df8cb999: close
2019-08-23 15:31:47,127 [main] INFO  server.GrpcService (GrpcService.java:closeImpl(155)) - f6f9bd1c-aea8-4781-a09f-2599df8cb999: shutdown server with port 43219 now
2019-08-23 15:31:47,127 [main] INFO  server.GrpcService (GrpcService.java:closeImpl(163)) - f6f9bd1c-aea8-4781-a09f-2599df8cb999: shutdown server with port 43219 successfully
2019-08-23 15:31:47,129 [main] INFO  utils.BackgroundService (BackgroundService.java:shutdown(148)) - Shutting down service BlockDeletingService
2019-08-23 15:31:47,132 [ForkJoinPool.commonPool-worker-1] INFO  segmented.SegmentedRaftLogWorker (SegmentedRaftLogWorker.java:close(228)) - c05fed09-c95d-4327-a465-a8ae69fed776-SegmentedRaftLogWorker:Storage Directory /workdir/hadoop-ozone/integration-test/target/test-dir/MiniOzoneClusterImpl-59c2fb18-0200-4865-85bf-81b4b37c6949/datanode-0/data/ratis/1a8d3098-5c3a-4414-a9ad-5c606a3db3cf close()
2019-08-23 15:31:47,133 [refreshUsed-/workdir/hadoop-ozone/integration-test/target/test-dir/MiniOzoneClusterImpl-59c2fb18-0200-4865-85bf-81b4b37c6949/datanode-6/data/containers] WARN  fs.CachingGetSpaceUsed (CachingGetSpaceUsed.java:run(183)) - Thread Interrupted waiting to refresh disk information: sleep interrupted
2019-08-23 15:31:47,133 [ForkJoinPool.commonPool-worker-1] INFO  impl.RaftServerImpl (RaftServerImpl.java:lambda$shutdown$3(245)) - c05fed09-c95d-4327-a465-a8ae69fed776: shutdown group-4B7957B19BA7
2019-08-23 15:31:47,134 [ForkJoinPool.commonPool-worker-1] INFO  util.JmxRegister (JmxRegister.java:unregister(73)) - Successfully un-registered JMX Bean with object name Ratis:service=RaftServer,group=group-4B7957B19BA7,id=c05fed09-c95d-4327-a465-a8ae69fed776
2019-08-23 15:31:47,134 [ForkJoinPool.commonPool-worker-1] INFO  impl.RoleInfo (RoleInfo.java:shutdownLeaderState(104)) - c05fed09-c95d-4327-a465-a8ae69fed776: shutdown LeaderState
2019-08-23 15:31:47,136 [org.apache.ratis.server.impl.LogAppender$AppenderDaemon$$Lambda$467/782126021@3223c3aa] WARN  server.GrpcLogAppender (GrpcLogAppender.java:mayWait(143)) - GrpcLogAppender(c05fed09-c95d-4327-a465-a8ae69fed776->5fa1ed00-d108-4e10-9e2f-8b50df71b2da): Wait interrupted by java.lang.InterruptedException
2019-08-23 15:31:47,136 [org.apache.ratis.server.impl.LogAppender$AppenderDaemon$$Lambda$467/782126021@77215b8a] WARN  server.GrpcLogAppender (GrpcLogAppender.java:mayWait(143)) - GrpcLogAppender(c05fed09-c95d-4327-a465-a8ae69fed776->8cd08553-7170-462e-ba81-b2a7a0cb37ad): Wait interrupted by java.lang.InterruptedException
2019-08-23 15:31:47,136 [ForkJoinPool.commonPool-worker-1] INFO  impl.PendingRequests (PendingRequests.java:sendNotLeaderResponses(202)) - c05fed09-c95d-4327-a465-a8ae69fed776-PendingRequests: sendNotLeaderResponses
2019-08-23 15:31:47,137 [ForkJoinPool.commonPool-worker-1] INFO  impl.StateMachineUpdater (StateMachineUpdater.java:stopAndJoin(115)) - StateMachineUpdater:c05fed09-c95d-4327-a465-a8ae69fed776:group-4B7957B19BA7: set stopIndex = 18
2019-08-23 15:31:47,137 [StateMachineUpdater:c05fed09-c95d-4327-a465-a8ae69fed776:group-4B7957B19BA7] INFO  ratis.ContainerStateMachine (ContainerStateMachine.java:takeSnapshot(283)) - group-4B7957B19BA7: Taking a snapshot at:(t:4, i:18) file /workdir/hadoop-ozone/integration-test/target/test-dir/MiniOzoneClusterImpl-59c2fb18-0200-4865-85bf-81b4b37c6949/datanode-0/data/ratis/6e371ecf-2518-43a1-8e26-4b7957b19ba7/sm/snapshot.4_18
2019-08-23 15:31:47,151 [main] INFO  statemachine.DatanodeStateMachine (DatanodeStateMachine.java:stopDaemon(395)) - Ozone container server stopped.
2019-08-23 15:31:47,152 [main] INFO  handler.ContextHandler (ContextHandler.java:doStop(910)) - Stopped o.e.j.w.WebAppContext@79be91eb{/,null,UNAVAILABLE}{/hddsDatanode}
2019-08-23 15:31:47,153 [main] INFO  server.AbstractConnector (AbstractConnector.java:doStop(318)) - Stopped ServerConnector@626c569b{HTTP/1.1,[http/1.1]}{0.0.0.0:0}
2019-08-23 15:31:47,154 [main] INFO  handler.ContextHandler (ContextHandler.java:doStop(910)) - Stopped o.e.j.s.ServletContextHandler@31881aa2{/static,jar:file:/home/user/.m2/repository/org/apache/hadoop/hadoop-hdds-container-service/0.5.0-SNAPSHOT/hadoop-hdds-container-service-0.5.0-SNAPSHOT.jar!/webapps/static,UNAVAILABLE}
2019-08-23 15:31:47,154 [main] INFO  handler.ContextHandler (ContextHandler.java:doStop(910)) - Stopped o.e.j.s.ServletContextHandler@60deefed{/logs,file:///workdir/hadoop-ozone/integration-test/target/log,UNAVAILABLE}
2019-08-23 15:31:47,159 [StateMachineUpdater:c05fed09-c95d-4327-a465-a8ae69fed776:group-4B7957B19BA7] INFO  ratis.ContainerStateMachine (ContainerStateMachine.java:takeSnapshot(294)) - group-4B7957B19BA7: Finished taking a snapshot at:(t:4, i:18) file:/workdir/hadoop-ozone/integration-test/target/test-dir/MiniOzoneClusterImpl-59c2fb18-0200-4865-85bf-81b4b37c6949/datanode-0/data/ratis/6e371ecf-2518-43a1-8e26-4b7957b19ba7/sm/snapshot.4_18 time:22
2019-08-23 15:31:47,159 [StateMachineUpdater:c05fed09-c95d-4327-a465-a8ae69fed776:group-4B7957B19BA7] INFO  impl.StateMachineUpdater (StateMachineUpdater.java:takeSnapshot(242)) - StateMachineUpdater:c05fed09-c95d-4327-a465-a8ae69fed776:group-4B7957B19BA7: Took a snapshot at index 18
2019-08-23 15:31:47,159 [StateMachineUpdater:c05fed09-c95d-4327-a465-a8ae69fed776:group-4B7957B19BA7] INFO  impl.StateMachineUpdater (StateMachineUpdater.java:lambda$new$0(80)) - StateMachineUpdater:c05fed09-c95d-4327-a465-a8ae69fed776:group-4B7957B19BA7: snapshotIndex: updateIncreasingly -1 -> 18
2019-08-23 15:31:47,159 [ForkJoinPool.commonPool-worker-1] INFO  impl.RaftServerImpl (ServerState.java:close(394)) - c05fed09-c95d-4327-a465-a8ae69fed776:group-4B7957B19BA7 closes. The last applied log index is 18
2019-08-23 15:31:47,160 [c05fed09-c95d-4327-a465-a8ae69fed776-SegmentedRaftLogWorker:Storage Directory /workdir/hadoop-ozone/integration-test/target/test-dir/MiniOzoneClusterImpl-59c2fb18-0200-4865-85bf-81b4b37c6949/datanode-0/data/ratis/6e371ecf-2518-43a1-8e26-4b7957b19ba7] INFO  segmented.SegmentedRaftLogWorker (SegmentedRaftLogWorker.java:run(313)) - c05fed09-c95d-4327-a465-a8ae69fed776-SegmentedRaftLogWorker:Storage Directory /workdir/hadoop-ozone/integration-test/target/test-dir/MiniOzoneClusterImpl-59c2fb18-0200-4865-85bf-81b4b37c6949/datanode-0/data/ratis/6e371ecf-2518-43a1-8e26-4b7957b19ba7 was interrupted, exiting. There are 0 tasks remaining in the queue.
2019-08-23 15:31:47,160 [ForkJoinPool.commonPool-worker-1] INFO  segmented.SegmentedRaftLogWorker (SegmentedRaftLogWorker.java:close(228)) - c05fed09-c95d-4327-a465-a8ae69fed776-SegmentedRaftLogWorker:Storage Directory /workdir/hadoop-ozone/integration-test/target/test-dir/MiniOzoneClusterImpl-59c2fb18-0200-4865-85bf-81b4b37c6949/datanode-0/data/ratis/6e371ecf-2518-43a1-8e26-4b7957b19ba7 close()
2019-08-23 15:31:47,161 [ForkJoinPool.commonPool-worker-1] INFO  server.GrpcService (GrpcService.java:closeImpl(155)) - c05fed09-c95d-4327-a465-a8ae69fed776: shutdown server with port 34176 now
2019-08-23 15:31:47,162 [grpc-default-executor-13] WARN  client.GrpcClientProtocolService (LogUtils.java:warn(134)) - 1-UnorderedRequestStreamObserver1: onError: org.apache.ratis.thirdparty.io.grpc.StatusRuntimeException: CANCELLED: cancelled before receiving half close
2019-08-23 15:31:47,162 [ForkJoinPool.commonPool-worker-1] INFO  server.GrpcService (GrpcService.java:closeImpl(163)) - c05fed09-c95d-4327-a465-a8ae69fed776: shutdown server with port 34176 successfully
2019-08-23 15:31:47,163 [ForkJoinPool.commonPool-worker-1] INFO  utils.BackgroundService (BackgroundService.java:shutdown(148)) - Shutting down service BlockDeletingService
2019-08-23 15:31:47,167 [refreshUsed-/workdir/hadoop-ozone/integration-test/target/test-dir/MiniOzoneClusterImpl-59c2fb18-0200-4865-85bf-81b4b37c6949/datanode-0/data/containers] WARN  fs.CachingGetSpaceUsed (CachingGetSpaceUsed.java:run(183)) - Thread Interrupted waiting to refresh disk information: sleep interrupted
2019-08-23 15:31:47,186 [ForkJoinPool.commonPool-worker-1] INFO  statemachine.DatanodeStateMachine (DatanodeStateMachine.java:stopDaemon(395)) - Ozone container server stopped.
2019-08-23 15:31:47,188 [ForkJoinPool.commonPool-worker-1] INFO  handler.ContextHandler (ContextHandler.java:doStop(910)) - Stopped o.e.j.w.WebAppContext@79252c83{/,null,UNAVAILABLE}{/hddsDatanode}
2019-08-23 15:31:47,189 [ForkJoinPool.commonPool-worker-1] INFO  server.AbstractConnector (AbstractConnector.java:doStop(318)) - Stopped ServerConnector@6fbf5db2{HTTP/1.1,[http/1.1]}{0.0.0.0:0}
2019-08-23 15:31:47,189 [ForkJoinPool.commonPool-worker-1] INFO  handler.ContextHandler (ContextHandler.java:doStop(910)) - Stopped o.e.j.s.ServletContextHandler@55296b50{/static,jar:file:/home/user/.m2/repository/org/apache/hadoop/hadoop-hdds-container-service/0.5.0-SNAPSHOT/hadoop-hdds-container-service-0.5.0-SNAPSHOT.jar!/webapps/static,UNAVAILABLE}
2019-08-23 15:31:47,190 [ForkJoinPool.commonPool-worker-1] INFO  handler.ContextHandler (ContextHandler.java:doStop(910)) - Stopped o.e.j.s.ServletContextHandler@2f0ccb34{/logs,file:///workdir/hadoop-ozone/integration-test/target/log,UNAVAILABLE}
2019-08-23 15:31:47,191 [main] INFO  ozone.MiniOzoneClusterImpl (MiniOzoneClusterImpl.java:stop(339)) - Stopping the StorageContainerManager
2019-08-23 15:31:47,191 [main] INFO  server.StorageContainerManager (StorageContainerManager.java:stop(797)) - Stopping Replication Manager Service.
2019-08-23 15:31:47,191 [main] INFO  container.ReplicationManager (ReplicationManager.java:stop(193)) - Stopping Replication Monitor Thread.
2019-08-23 15:31:47,191 [main] INFO  server.StorageContainerManager (StorageContainerManager.java:stop(804)) - Stopping Lease Manager of the command watchers
2019-08-23 15:31:47,192 [main] INFO  server.StorageContainerManager (StorageContainerManager.java:stop(811)) - Stopping datanode service RPC server
2019-08-23 15:31:47,192 [main] INFO  server.SCMDatanodeProtocolServer (SCMDatanodeProtocolServer.java:stop(367)) - Stopping the RPC server for DataNodes
2019-08-23 15:31:47,192 [main] INFO  ipc.Server (Server.java:stop(3082)) - Stopping server on 37126
2019-08-23 15:31:47,194 [IPC Server listener on 37126] INFO  ipc.Server (Server.java:run(1185)) - Stopping IPC Server listener on 37126
2019-08-23 15:31:47,195 [IPC Server Responder] INFO  ipc.Server (Server.java:run(1319)) - Stopping IPC Server Responder
2019-08-23 15:31:47,287 [SCM Heartbeat Processing Thread - 0] WARN  node.NodeStateManager (NodeStateManager.java:scheduleNextHealthCheck(646)) - Current Thread is interrupted, shutting down HB processing thread for Node Manager.
2019-08-23 15:31:47,287 [main] INFO  server.StorageContainerManager (StorageContainerManager.java:stop(819)) - Stopping block service RPC server
2019-08-23 15:31:47,288 [main] INFO  server.SCMBlockProtocolServer (SCMBlockProtocolServer.java:stop(148)) - Stopping the RPC server for Block Protocol
2019-08-23 15:31:47,288 [main] INFO  ipc.Server (Server.java:stop(3082)) - Stopping server on 36652
2019-08-23 15:31:47,290 [main] INFO  server.StorageContainerManager (StorageContainerManager.java:stop(826)) - Stopping the StorageContainerLocationProtocol RPC server
2019-08-23 15:31:47,290 [IPC Server listener on 36652] INFO  ipc.Server (Server.java:run(1185)) - Stopping IPC Server listener on 36652
2019-08-23 15:31:47,290 [IPC Server Responder] INFO  ipc.Server (Server.java:run(1319)) - Stopping IPC Server Responder
2019-08-23 15:31:47,290 [main] INFO  server.SCMClientProtocolServer (SCMClientProtocolServer.java:stop(159)) - Stopping the RPC server for Client Protocol
2019-08-23 15:31:47,291 [main] INFO  ipc.Server (Server.java:stop(3082)) - Stopping server on 41919
2019-08-23 15:31:47,293 [IPC Server listener on 41919] INFO  ipc.Server (Server.java:run(1185)) - Stopping IPC Server listener on 41919
2019-08-23 15:31:47,293 [main] INFO  server.StorageContainerManager (StorageContainerManager.java:stop(833)) - Stopping Storage Container Manager HTTP server.
2019-08-23 15:31:47,293 [IPC Server Responder] INFO  ipc.Server (Server.java:run(1319)) - Stopping IPC Server Responder
2019-08-23 15:31:47,294 [main] INFO  handler.ContextHandler (ContextHandler.java:doStop(910)) - Stopped o.e.j.w.WebAppContext@28b8f98a{/,null,UNAVAILABLE}{/scm}
2019-08-23 15:31:47,295 [main] INFO  server.AbstractConnector (AbstractConnector.java:doStop(318)) - Stopped ServerConnector@3b4ef59f{HTTP/1.1,[http/1.1]}{0.0.0.0:0}
2019-08-23 15:31:47,295 [main] INFO  handler.ContextHandler (ContextHandler.java:doStop(910)) - Stopped o.e.j.s.ServletContextHandler@1a914089{/static,file:///workdir/hadoop-ozone/integration-test/target/test-classes/webapps/static,UNAVAILABLE}
2019-08-23 15:31:47,295 [main] INFO  handler.ContextHandler (ContextHandler.java:doStop(910)) - Stopped o.e.j.s.ServletContextHandler@2725ca05{/logs,file:///workdir/hadoop-ozone/integration-test/target/log,UNAVAILABLE}
2019-08-23 15:31:47,296 [main] INFO  server.StorageContainerManager (StorageContainerManager.java:stop(844)) - Stopping Block Manager Service.
2019-08-23 15:31:47,296 [main] INFO  utils.BackgroundService (BackgroundService.java:shutdown(148)) - Shutting down service SCMBlockDeletingService
2019-08-23 15:31:47,297 [main] INFO  utils.BackgroundService (BackgroundService.java:shutdown(148)) - Shutting down service SCMBlockDeletingService
2019-08-23 15:31:47,297 [main] INFO  server.StorageContainerManager (StorageContainerManager.java:stop(866)) - Stopping SCM Event Queue.
2019-08-23 15:31:47,301 [main] INFO  impl.MetricsSystemImpl (MetricsSystemImpl.java:stop(210)) - Stopping HddsDatanode metrics system...
2019-08-23 15:31:47,309 [main] INFO  impl.MetricsSystemImpl (MetricsSystemImpl.java:stop(216)) - HddsDatanode metrics system stopped.
]]></system-out>
  </testcase>
  <testcase name="testFailureWithPrimeSizedData" classname="org.apache.hadoop.ozone.client.rpc.TestBlockOutputStreamWithFailures" time="32.898"/>
  <testcase name="testWatchForCommitWithCloseContainerException" classname="org.apache.hadoop.ozone.client.rpc.TestBlockOutputStreamWithFailures" time="34.625"/>
  <testcase name="testExceptionDuringClose" classname="org.apache.hadoop.ozone.client.rpc.TestBlockOutputStreamWithFailures" time="32.998"/>
</testsuite>