<?xml version="1.0" encoding="UTF-8"?>
<testsuite xmlns:xsi="http://www.w3.org/2001/XMLSchema-instance" xsi:noNamespaceSchemaLocation="https://maven.apache.org/surefire/maven-surefire-plugin/xsd/surefire-test-report.xsd" name="org.apache.hadoop.ozone.client.rpc.TestWatchForCommit" time="267.541" tests="5" errors="1" skipped="0" failures="0">
  <properties>
    <property name="awt.toolkit" value="sun.awt.X11.XToolkit"/>
    <property name="file.encoding.pkg" value="sun.io"/>
    <property name="java.specification.version" value="1.8"/>
    <property name="sun.cpu.isalist" value=""/>
    <property name="sun.jnu.encoding" value="UTF-8"/>
    <property name="java.class.path" value="/workdir/hadoop-ozone/integration-test/target/test-classes:/workdir/hadoop-ozone/integration-test/target/classes:/home/user/.m2/repository/org/apache/hadoop/hadoop-ozone-common/0.5.0-SNAPSHOT/hadoop-ozone-common-0.5.0-SNAPSHOT.jar:/home/user/.m2/repository/org/apache/commons/commons-compress/1.4.1/commons-compress-1.4.1.jar:/home/user/.m2/repository/org/tukaani/xz/1.0/xz-1.0.jar:/home/user/.m2/repository/org/apache/hadoop/hadoop-common/3.2.0/hadoop-common-3.2.0.jar:/home/user/.m2/repository/org/apache/hadoop/hadoop-hdfs/3.2.0/hadoop-hdfs-3.2.0.jar:/home/user/.m2/repository/org/apache/hadoop/hadoop-hdfs-client/3.2.0/hadoop-hdfs-client-3.2.0.jar:/home/user/.m2/repository/com/fasterxml/jackson/core/jackson-annotations/2.9.9/jackson-annotations-2.9.9.jar:/home/user/.m2/repository/org/apache/hadoop/hadoop-hdds-common/0.5.0-SNAPSHOT/hadoop-hdds-common-0.5.0-SNAPSHOT.jar:/home/user/.m2/repository/javax/annotation/javax.annotation-api/1.2/javax.annotation-api-1.2.jar:/home/user/.m2/repository/org/apache/ratis/ratis-server/0.4.0/ratis-server-0.4.0.jar:/home/user/.m2/repository/org/apache/ratis/ratis-thirdparty-misc/0.2.0/ratis-thirdparty-misc-0.2.0.jar:/home/user/.m2/repository/org/apache/ratis/ratis-proto/0.4.0/ratis-proto-0.4.0.jar:/home/user/.m2/repository/org/apache/ratis/ratis-common/0.4.0/ratis-common-0.4.0.jar:/home/user/.m2/repository/org/apache/ratis/ratis-client/0.4.0/ratis-client-0.4.0.jar:/home/user/.m2/repository/org/apache/ratis/ratis-metrics/0.4.0/ratis-metrics-0.4.0.jar:/home/user/.m2/repository/com/github/joshelser/dropwizard-metrics-hadoop-metrics2-reporter/0.1.2/dropwizard-metrics-hadoop-metrics2-reporter-0.1.2.jar:/home/user/.m2/repository/io/dropwizard/metrics/metrics-jvm/3.2.5/metrics-jvm-3.2.5.jar:/home/user/.m2/repository/io/dropwizard/metrics/metrics-ganglia/3.2.5/metrics-ganglia-3.2.5.jar:/home/user/.m2/repository/info/ganglia/gmetric4j/gmetric4j/1.0.7/gmetric4j-1.0.7.jar:/home/user/.m2/repository/org/apache/ratis/ratis-netty/0.4.0/ratis-netty-0.4.0.jar:/home/user/.m2/repository/org/apache/ratis/ratis-grpc/0.4.0/ratis-grpc-0.4.0.jar:/home/user/.m2/repository/org/rocksdb/rocksdbjni/6.0.1/rocksdbjni-6.0.1.jar:/home/user/.m2/repository/org/apache/logging/log4j/log4j-api/2.11.0/log4j-api-2.11.0.jar:/home/user/.m2/repository/org/apache/logging/log4j/log4j-core/2.11.0/log4j-core-2.11.0.jar:/home/user/.m2/repository/com/lmax/disruptor/3.4.2/disruptor-3.4.2.jar:/home/user/.m2/repository/org/apache/commons/commons-pool2/2.6.0/commons-pool2-2.6.0.jar:/home/user/.m2/repository/org/bouncycastle/bcpkix-jdk15on/1.60/bcpkix-jdk15on-1.60.jar:/home/user/.m2/repository/commons-validator/commons-validator/1.6/commons-validator-1.6.jar:/home/user/.m2/repository/commons-digester/commons-digester/1.8.1/commons-digester-1.8.1.jar:/home/user/.m2/repository/io/jaegertracing/jaeger-client/0.34.0/jaeger-client-0.34.0.jar:/home/user/.m2/repository/io/jaegertracing/jaeger-thrift/0.34.0/jaeger-thrift-0.34.0.jar:/home/user/.m2/repository/org/apache/thrift/libthrift/0.12.0/libthrift-0.12.0.jar:/home/user/.m2/repository/com/squareup/okhttp3/okhttp/3.9.0/okhttp-3.9.0.jar:/home/user/.m2/repository/com/squareup/okio/okio/1.13.0/okio-1.13.0.jar:/home/user/.m2/repository/io/jaegertracing/jaeger-core/0.34.0/jaeger-core-0.34.0.jar:/home/user/.m2/repository/io/jaegertracing/jaeger-tracerresolver/0.34.0/jaeger-tracerresolver-0.34.0.jar:/home/user/.m2/repository/io/opentracing/contrib/opentracing-tracerresolver/0.1.5/opentracing-tracerresolver-0.1.5.jar:/home/user/.m2/repository/io/opentracing/opentracing-util/0.31.0/opentracing-util-0.31.0.jar:/home/user/.m2/repository/io/opentracing/opentracing-api/0.31.0/opentracing-api-0.31.0.jar:/home/user/.m2/repository/io/opentracing/opentracing-noop/0.31.0/opentracing-noop-0.31.0.jar:/home/user/.m2/repository/org/apache/hadoop/hadoop-hdds-server-framework/0.5.0-SNAPSHOT/hadoop-hdds-server-framework-0.5.0-SNAPSHOT.jar:/home/user/.m2/repository/org/apache/hadoop/hadoop-hdds-container-service/0.5.0-SNAPSHOT/hadoop-hdds-container-service-0.5.0-SNAPSHOT.jar:/home/user/.m2/repository/org/apache/hadoop/hadoop-hdds-client/0.5.0-SNAPSHOT/hadoop-hdds-client-0.5.0-SNAPSHOT.jar:/home/user/.m2/repository/org/apache/hadoop/hadoop-hdds-tools/0.5.0-SNAPSHOT/hadoop-hdds-tools-0.5.0-SNAPSHOT.jar:/home/user/.m2/repository/org/apache/hadoop/hadoop-hdds-server-scm/0.5.0-SNAPSHOT/hadoop-hdds-server-scm-0.5.0-SNAPSHOT.jar:/home/user/.m2/repository/org/apache/hadoop/hadoop-hdds-docs/0.5.0-SNAPSHOT/hadoop-hdds-docs-0.5.0-SNAPSHOT.jar:/home/user/.m2/repository/io/dropwizard/metrics/metrics-core/3.2.4/metrics-core-3.2.4.jar:/home/user/.m2/repository/org/hamcrest/hamcrest-all/1.3/hamcrest-all-1.3.jar:/home/user/.m2/repository/org/bouncycastle/bcprov-jdk15on/1.60/bcprov-jdk15on-1.60.jar:/home/user/.m2/repository/info/picocli/picocli/3.9.6/picocli-3.9.6.jar:/home/user/.m2/repository/com/google/protobuf/protobuf-java/2.5.0/protobuf-java-2.5.0.jar:/home/user/.m2/repository/com/google/guava/guava/11.0.2/guava-11.0.2.jar:/home/user/.m2/repository/org/apache/hadoop/hadoop-ozone-ozone-manager/0.5.0-SNAPSHOT/hadoop-ozone-ozone-manager-0.5.0-SNAPSHOT.jar:/home/user/.m2/repository/org/apache/hadoop/hadoop-minikdc/3.2.0/hadoop-minikdc-3.2.0.jar:/home/user/.m2/repository/commons-io/commons-io/2.5/commons-io-2.5.jar:/home/user/.m2/repository/org/apache/kerby/kerb-simplekdc/1.0.1/kerb-simplekdc-1.0.1.jar:/home/user/.m2/repository/org/apache/kerby/kerb-client/1.0.1/kerb-client-1.0.1.jar:/home/user/.m2/repository/org/apache/kerby/kerby-config/1.0.1/kerby-config-1.0.1.jar:/home/user/.m2/repository/org/apache/kerby/kerb-core/1.0.1/kerb-core-1.0.1.jar:/home/user/.m2/repository/org/apache/kerby/kerby-pkix/1.0.1/kerby-pkix-1.0.1.jar:/home/user/.m2/repository/org/apache/kerby/kerby-asn1/1.0.1/kerby-asn1-1.0.1.jar:/home/user/.m2/repository/org/apache/kerby/kerby-util/1.0.1/kerby-util-1.0.1.jar:/home/user/.m2/repository/org/apache/kerby/kerb-common/1.0.1/kerb-common-1.0.1.jar:/home/user/.m2/repository/org/apache/kerby/kerb-crypto/1.0.1/kerb-crypto-1.0.1.jar:/home/user/.m2/repository/org/apache/kerby/kerb-util/1.0.1/kerb-util-1.0.1.jar:/home/user/.m2/repository/org/apache/kerby/token-provider/1.0.1/token-provider-1.0.1.jar:/home/user/.m2/repository/org/apache/kerby/kerb-admin/1.0.1/kerb-admin-1.0.1.jar:/home/user/.m2/repository/org/apache/kerby/kerb-server/1.0.1/kerb-server-1.0.1.jar:/home/user/.m2/repository/org/apache/kerby/kerb-identity/1.0.1/kerb-identity-1.0.1.jar:/home/user/.m2/repository/org/apache/kerby/kerby-xdr/1.0.1/kerby-xdr-1.0.1.jar:/home/user/.m2/repository/org/slf4j/slf4j-log4j12/1.7.25/slf4j-log4j12-1.7.25.jar:/home/user/.m2/repository/org/apache/hadoop/hadoop-ozone-s3gateway/0.5.0-SNAPSHOT/hadoop-ozone-s3gateway-0.5.0-SNAPSHOT.jar:/home/user/.m2/repository/org/jboss/weld/servlet/weld-servlet/2.4.7.Final/weld-servlet-2.4.7.Final.jar:/home/user/.m2/repository/org/glassfish/jersey/containers/jersey-container-servlet-core/2.27/jersey-container-servlet-core-2.27.jar:/home/user/.m2/repository/org/glassfish/hk2/external/javax.inject/2.5.0-b42/javax.inject-2.5.0-b42.jar:/home/user/.m2/repository/org/glassfish/jersey/core/jersey-common/2.27/jersey-common-2.27.jar:/home/user/.m2/repository/org/glassfish/hk2/osgi-resource-locator/1.0.1/osgi-resource-locator-1.0.1.jar:/home/user/.m2/repository/javax/ws/rs/javax.ws.rs-api/2.1/javax.ws.rs-api-2.1.jar:/home/user/.m2/repository/org/glassfish/jersey/ext/cdi/jersey-cdi1x/2.27/jersey-cdi1x-2.27.jar:/home/user/.m2/repository/org/glassfish/jersey/inject/jersey-hk2/2.27/jersey-hk2-2.27.jar:/home/user/.m2/repository/org/glassfish/hk2/hk2-locator/2.5.0-b42/hk2-locator-2.5.0-b42.jar:/home/user/.m2/repository/org/javassist/javassist/3.22.0-CR2/javassist-3.22.0-CR2.jar:/home/user/.m2/repository/org/glassfish/hk2/hk2-api/2.5.0/hk2-api-2.5.0.jar:/home/user/.m2/repository/org/glassfish/hk2/external/jakarta.inject/2.5.0/jakarta.inject-2.5.0.jar:/home/user/.m2/repository/org/glassfish/hk2/hk2-utils/2.5.0/hk2-utils-2.5.0.jar:/home/user/.m2/repository/jakarta/annotation/jakarta.annotation-api/1.3.4/jakarta.annotation-api-1.3.4.jar:/home/user/.m2/repository/org/glassfish/hk2/external/aopalliance-repackaged/2.5.0/aopalliance-repackaged-2.5.0.jar:/home/user/.m2/repository/com/fasterxml/jackson/dataformat/jackson-dataformat-xml/2.9.0/jackson-dataformat-xml-2.9.0.jar:/home/user/.m2/repository/com/fasterxml/jackson/core/jackson-core/2.9.9/jackson-core-2.9.9.jar:/home/user/.m2/repository/com/fasterxml/jackson/module/jackson-module-jaxb-annotations/2.9.9/jackson-module-jaxb-annotations-2.9.9.jar:/home/user/.m2/repository/javax/enterprise/cdi-api/1.2/cdi-api-1.2.jar:/home/user/.m2/repository/javax/el/javax.el-api/3.0.0/javax.el-api-3.0.0.jar:/home/user/.m2/repository/javax/interceptor/javax.interceptor-api/1.2/javax.interceptor-api-1.2.jar:/home/user/.m2/repository/javax/inject/javax.inject/1/javax.inject-1.jar:/home/user/.m2/repository/com/sun/xml/bind/jaxb-impl/2.3.0.1/jaxb-impl-2.3.0.1.jar:/home/user/.m2/repository/com/sun/xml/bind/jaxb-core/2.3.0.1/jaxb-core-2.3.0.1.jar:/home/user/.m2/repository/javax/xml/bind/jaxb-api/2.3.0/jaxb-api-2.3.0.jar:/home/user/.m2/repository/javax/activation/activation/1.1.1/activation-1.1.1.jar:/home/user/.m2/repository/org/apache/hadoop/hadoop-ozone-csi/0.5.0-SNAPSHOT/hadoop-ozone-csi-0.5.0-SNAPSHOT.jar:/home/user/.m2/repository/com/google/protobuf/protobuf-java-util/3.5.1/protobuf-java-util-3.5.1.jar:/home/user/.m2/repository/org/apache/hadoop/hadoop-hdds-config/0.5.0-SNAPSHOT/hadoop-hdds-config-0.5.0-SNAPSHOT.jar:/home/user/.m2/repository/io/grpc/grpc-netty/1.17.1/grpc-netty-1.17.1.jar:/home/user/.m2/repository/io/grpc/grpc-core/1.17.1/grpc-core-1.17.1.jar:/home/user/.m2/repository/io/grpc/grpc-context/1.17.1/grpc-context-1.17.1.jar:/home/user/.m2/repository/com/google/errorprone/error_prone_annotations/2.2.0/error_prone_annotations-2.2.0.jar:/home/user/.m2/repository/org/codehaus/mojo/animal-sniffer-annotations/1.17/animal-sniffer-annotations-1.17.jar:/home/user/.m2/repository/io/opencensus/opencensus-api/0.17.0/opencensus-api-0.17.0.jar:/home/user/.m2/repository/io/opencensus/opencensus-contrib-grpc-metrics/0.17.0/opencensus-contrib-grpc-metrics-0.17.0.jar:/home/user/.m2/repository/io/netty/netty-codec-http2/4.1.30.Final/netty-codec-http2-4.1.30.Final.jar:/home/user/.m2/repository/io/netty/netty-codec-http/4.1.30.Final/netty-codec-http-4.1.30.Final.jar:/home/user/.m2/repository/io/netty/netty-codec/4.1.30.Final/netty-codec-4.1.30.Final.jar:/home/user/.m2/repository/io/netty/netty-handler/4.1.30.Final/netty-handler-4.1.30.Final.jar:/home/user/.m2/repository/io/netty/netty-handler-proxy/4.1.30.Final/netty-handler-proxy-4.1.30.Final.jar:/home/user/.m2/repository/io/netty/netty-codec-socks/4.1.30.Final/netty-codec-socks-4.1.30.Final.jar:/home/user/.m2/repository/io/netty/netty-transport-native-epoll/4.1.30.Final/netty-transport-native-epoll-4.1.30.Final.jar:/home/user/.m2/repository/io/netty/netty-common/4.1.30.Final/netty-common-4.1.30.Final.jar:/home/user/.m2/repository/io/netty/netty-buffer/4.1.30.Final/netty-buffer-4.1.30.Final.jar:/home/user/.m2/repository/io/netty/netty-transport/4.1.30.Final/netty-transport-4.1.30.Final.jar:/home/user/.m2/repository/io/netty/netty-resolver/4.1.30.Final/netty-resolver-4.1.30.Final.jar:/home/user/.m2/repository/io/netty/netty-transport-native-unix-common/4.1.30.Final/netty-transport-native-unix-common-4.1.30.Final.jar:/home/user/.m2/repository/io/grpc/grpc-protobuf/1.17.1/grpc-protobuf-1.17.1.jar:/home/user/.m2/repository/com/google/api/grpc/proto-google-common-protos/1.0.0/proto-google-common-protos-1.0.0.jar:/home/user/.m2/repository/io/grpc/grpc-protobuf-lite/1.17.1/grpc-protobuf-lite-1.17.1.jar:/home/user/.m2/repository/io/grpc/grpc-stub/1.17.1/grpc-stub-1.17.1.jar:/home/user/.m2/repository/org/apache/hadoop/hadoop-ozone-recon/0.5.0-SNAPSHOT/hadoop-ozone-recon-0.5.0-SNAPSHOT.jar:/home/user/.m2/repository/org/apache/hadoop/hadoop-ozone-reconcodegen/0.5.0-SNAPSHOT/hadoop-ozone-reconcodegen-0.5.0-SNAPSHOT.jar:/home/user/.m2/repository/com/google/inject/extensions/guice-multibindings/4.0/guice-multibindings-4.0.jar:/home/user/.m2/repository/com/google/inject/guice/4.0/guice-4.0.jar:/home/user/.m2/repository/aopalliance/aopalliance/1.0/aopalliance-1.0.jar:/home/user/.m2/repository/com/google/inject/extensions/guice-servlet/4.0/guice-servlet-4.0.jar:/home/user/.m2/repository/org/glassfish/jersey/containers/jersey-container-servlet/2.27/jersey-container-servlet-2.27.jar:/home/user/.m2/repository/org/glassfish/hk2/guice-bridge/2.5.0/guice-bridge-2.5.0.jar:/home/user/.m2/repository/org/glassfish/jersey/core/jersey-server/2.27/jersey-server-2.27.jar:/home/user/.m2/repository/org/glassfish/jersey/core/jersey-client/2.27/jersey-client-2.27.jar:/home/user/.m2/repository/org/glassfish/jersey/media/jersey-media-jaxb/2.27/jersey-media-jaxb-2.27.jar:/home/user/.m2/repository/javax/validation/validation-api/1.1.0.Final/validation-api-1.1.0.Final.jar:/home/user/.m2/repository/org/glassfish/jersey/media/jersey-media-json-jackson/2.27/jersey-media-json-jackson-2.27.jar:/home/user/.m2/repository/org/glassfish/jersey/ext/jersey-entity-filtering/2.27/jersey-entity-filtering-2.27.jar:/home/user/.m2/repository/com/google/inject/extensions/guice-assistedinject/4.0/guice-assistedinject-4.0.jar:/home/user/.m2/repository/org/jooq/jooq/3.11.10/jooq-3.11.10.jar:/home/user/.m2/repository/org/jooq/jooq-meta/3.11.10/jooq-meta-3.11.10.jar:/home/user/.m2/repository/org/jooq/jooq-codegen/3.11.10/jooq-codegen-3.11.10.jar:/home/user/.m2/repository/com/jolbox/bonecp/0.8.0.RELEASE/bonecp-0.8.0.RELEASE.jar:/home/user/.m2/repository/org/xerial/sqlite-jdbc/3.25.2/sqlite-jdbc-3.25.2.jar:/home/user/.m2/repository/org/springframework/spring-jdbc/5.1.3.RELEASE/spring-jdbc-5.1.3.RELEASE.jar:/home/user/.m2/repository/org/springframework/spring-beans/5.1.3.RELEASE/spring-beans-5.1.3.RELEASE.jar:/home/user/.m2/repository/org/springframework/spring-core/5.1.3.RELEASE/spring-core-5.1.3.RELEASE.jar:/home/user/.m2/repository/org/springframework/spring-jcl/5.1.3.RELEASE/spring-jcl-5.1.3.RELEASE.jar:/home/user/.m2/repository/org/springframework/spring-tx/5.1.3.RELEASE/spring-tx-5.1.3.RELEASE.jar:/home/user/.m2/repository/org/apache/hadoop/hadoop-ozone-client/0.5.0-SNAPSHOT/hadoop-ozone-client-0.5.0-SNAPSHOT.jar:/home/user/.m2/repository/commons-lang/commons-lang/2.6/commons-lang-2.6.jar:/home/user/.m2/repository/org/apache/hadoop/hadoop-ozone-ozone-manager/0.5.0-SNAPSHOT/hadoop-ozone-ozone-manager-0.5.0-SNAPSHOT-tests.jar:/home/user/.m2/repository/junit/junit/4.11/junit-4.11.jar:/home/user/.m2/repository/org/hamcrest/hamcrest-core/1.3/hamcrest-core-1.3.jar:/home/user/.m2/repository/org/openjdk/jmh/jmh-core/1.19/jmh-core-1.19.jar:/home/user/.m2/repository/net/sf/jopt-simple/jopt-simple/4.6/jopt-simple-4.6.jar:/home/user/.m2/repository/org/apache/commons/commons-math3/3.1.1/commons-math3-3.1.1.jar:/home/user/.m2/repository/org/openjdk/jmh/jmh-generator-annprocess/1.19/jmh-generator-annprocess-1.19.jar:/home/user/.m2/repository/org/mockito/mockito-all/1.8.5/mockito-all-1.8.5.jar:/home/user/.m2/repository/org/apache/hadoop/hadoop-kms/3.2.0/hadoop-kms-3.2.0.jar:/home/user/.m2/repository/org/apache/hadoop/hadoop-auth/3.2.0/hadoop-auth-3.2.0.jar:/home/user/.m2/repository/com/nimbusds/nimbus-jose-jwt/4.41.1/nimbus-jose-jwt-4.41.1.jar:/home/user/.m2/repository/com/github/stephenc/jcip/jcip-annotations/1.0-1/jcip-annotations-1.0-1.jar:/home/user/.m2/repository/net/minidev/json-smart/2.3/json-smart-2.3.jar:/home/user/.m2/repository/net/minidev/accessors-smart/1.2/accessors-smart-1.2.jar:/home/user/.m2/repository/org/ow2/asm/asm/5.0.4/asm-5.0.4.jar:/home/user/.m2/repository/org/apache/curator/curator-framework/2.12.0/curator-framework-2.12.0.jar:/home/user/.m2/repository/com/sun/jersey/jersey-core/1.19/jersey-core-1.19.jar:/home/user/.m2/repository/javax/ws/rs/jsr311-api/1.1.1/jsr311-api-1.1.1.jar:/home/user/.m2/repository/com/sun/jersey/jersey-server/1.19/jersey-server-1.19.jar:/home/user/.m2/repository/javax/servlet/javax.servlet-api/3.1.0/javax.servlet-api-3.1.0.jar:/home/user/.m2/repository/org/eclipse/jetty/jetty-server/9.3.25.v20180904/jetty-server-9.3.25.v20180904.jar:/home/user/.m2/repository/org/eclipse/jetty/jetty-http/9.3.25.v20180904/jetty-http-9.3.25.v20180904.jar:/home/user/.m2/repository/org/eclipse/jetty/jetty-io/9.3.25.v20180904/jetty-io-9.3.25.v20180904.jar:/home/user/.m2/repository/org/eclipse/jetty/jetty-webapp/9.3.25.v20180904/jetty-webapp-9.3.25.v20180904.jar:/home/user/.m2/repository/org/eclipse/jetty/jetty-xml/9.3.25.v20180904/jetty-xml-9.3.25.v20180904.jar:/home/user/.m2/repository/log4j/log4j/1.2.17/log4j-1.2.17.jar:/home/user/.m2/repository/org/slf4j/slf4j-api/1.7.25/slf4j-api-1.7.25.jar:/home/user/.m2/repository/org/slf4j/jul-to-slf4j/1.7.25/jul-to-slf4j-1.7.25.jar:/home/user/.m2/repository/org/eclipse/jetty/jetty-util/9.3.25.v20180904/jetty-util-9.3.25.v20180904.jar:/home/user/.m2/repository/com/fasterxml/jackson/core/jackson-databind/2.9.9/jackson-databind-2.9.9.jar:/home/user/.m2/repository/org/apache/hadoop/hadoop-kms/3.2.0/hadoop-kms-3.2.0-tests.jar:/home/user/.m2/repository/org/apache/hadoop/hadoop-hdds-server-scm/0.5.0-SNAPSHOT/hadoop-hdds-server-scm-0.5.0-SNAPSHOT-tests.jar:/home/user/.m2/repository/org/apache/hadoop/hadoop-hdds-container-service/0.5.0-SNAPSHOT/hadoop-hdds-container-service-0.5.0-SNAPSHOT-tests.jar:/home/user/.m2/repository/org/yaml/snakeyaml/1.16/snakeyaml-1.16.jar:/home/user/.m2/repository/org/apache/hadoop/hadoop-common/3.2.0/hadoop-common-3.2.0-tests.jar:/home/user/.m2/repository/org/apache/hadoop/hadoop-annotations/3.2.0/hadoop-annotations-3.2.0.jar:/usr/lib/jvm/java-1.8-openjdk/jre/../lib/tools.jar:/home/user/.m2/repository/commons-cli/commons-cli/1.2/commons-cli-1.2.jar:/home/user/.m2/repository/org/apache/httpcomponents/httpclient/4.5.2/httpclient-4.5.2.jar:/home/user/.m2/repository/org/apache/httpcomponents/httpcore/4.4.4/httpcore-4.4.4.jar:/home/user/.m2/repository/commons-codec/commons-codec/1.11/commons-codec-1.11.jar:/home/user/.m2/repository/commons-net/commons-net/3.6/commons-net-3.6.jar:/home/user/.m2/repository/commons-collections/commons-collections/3.2.2/commons-collections-3.2.2.jar:/home/user/.m2/repository/org/eclipse/jetty/jetty-servlet/9.3.25.v20180904/jetty-servlet-9.3.25.v20180904.jar:/home/user/.m2/repository/org/eclipse/jetty/jetty-security/9.3.25.v20180904/jetty-security-9.3.25.v20180904.jar:/home/user/.m2/repository/javax/servlet/jsp/jsp-api/2.1/jsp-api-2.1.jar:/home/user/.m2/repository/com/sun/jersey/jersey-servlet/1.19/jersey-servlet-1.19.jar:/home/user/.m2/repository/com/sun/jersey/jersey-json/1.19/jersey-json-1.19.jar:/home/user/.m2/repository/org/codehaus/jettison/jettison/1.1/jettison-1.1.jar:/home/user/.m2/repository/org/codehaus/jackson/jackson-core-asl/1.9.13/jackson-core-asl-1.9.13.jar:/home/user/.m2/repository/org/codehaus/jackson/jackson-mapper-asl/1.9.13/jackson-mapper-asl-1.9.13.jar:/home/user/.m2/repository/org/codehaus/jackson/jackson-jaxrs/1.9.13/jackson-jaxrs-1.9.13.jar:/home/user/.m2/repository/org/codehaus/jackson/jackson-xc/1.9.13/jackson-xc-1.9.13.jar:/home/user/.m2/repository/commons-logging/commons-logging/1.1.3/commons-logging-1.1.3.jar:/home/user/.m2/repository/commons-beanutils/commons-beanutils/1.9.4/commons-beanutils-1.9.4.jar:/home/user/.m2/repository/org/apache/commons/commons-configuration2/2.1.1/commons-configuration2-2.1.1.jar:/home/user/.m2/repository/org/apache/commons/commons-lang3/3.7/commons-lang3-3.7.jar:/home/user/.m2/repository/org/apache/commons/commons-text/1.4/commons-text-1.4.jar:/home/user/.m2/repository/org/apache/avro/avro/1.7.7/avro-1.7.7.jar:/home/user/.m2/repository/com/thoughtworks/paranamer/paranamer/2.3/paranamer-2.3.jar:/home/user/.m2/repository/org/xerial/snappy/snappy-java/1.0.5/snappy-java-1.0.5.jar:/home/user/.m2/repository/com/google/re2j/re2j/1.1/re2j-1.1.jar:/home/user/.m2/repository/com/google/code/gson/gson/2.2.4/gson-2.2.4.jar:/home/user/.m2/repository/com/jcraft/jsch/0.1.54/jsch-0.1.54.jar:/home/user/.m2/repository/org/apache/curator/curator-client/2.12.0/curator-client-2.12.0.jar:/home/user/.m2/repository/org/apache/curator/curator-recipes/2.12.0/curator-recipes-2.12.0.jar:/home/user/.m2/repository/com/google/code/findbugs/jsr305/3.0.0/jsr305-3.0.0.jar:/home/user/.m2/repository/org/apache/htrace/htrace-core4/4.1.0-incubating/htrace-core4-4.1.0-incubating.jar:/home/user/.m2/repository/org/apache/zookeeper/zookeeper/3.4.13/zookeeper-3.4.13.jar:/home/user/.m2/repository/jline/jline/0.9.94/jline-0.9.94.jar:/home/user/.m2/repository/org/apache/yetus/audience-annotations/0.5.0/audience-annotations-0.5.0.jar:/home/user/.m2/repository/org/codehaus/woodstox/stax2-api/3.1.4/stax2-api-3.1.4.jar:/home/user/.m2/repository/com/fasterxml/woodstox/woodstox-core/5.0.3/woodstox-core-5.0.3.jar:/home/user/.m2/repository/dnsjava/dnsjava/2.1.7/dnsjava-2.1.7.jar:/home/user/.m2/repository/org/apache/hadoop/hadoop-hdfs/3.2.0/hadoop-hdfs-3.2.0-tests.jar:/home/user/.m2/repository/org/eclipse/jetty/jetty-util-ajax/9.3.25.v20180904/jetty-util-ajax-9.3.25.v20180904.jar:/home/user/.m2/repository/commons-daemon/commons-daemon/1.0.13/commons-daemon-1.0.13.jar:/home/user/.m2/repository/io/netty/netty/3.10.5.Final/netty-3.10.5.Final.jar:/home/user/.m2/repository/io/netty/netty-all/4.0.52.Final/netty-all-4.0.52.Final.jar:/home/user/.m2/repository/org/fusesource/leveldbjni/leveldbjni-all/1.8/leveldbjni-all-1.8.jar:"/>
    <property name="java.vm.vendor" value="IcedTea"/>
    <property name="sun.arch.data.model" value="64"/>
    <property name="test.build.dir" value="/workdir/hadoop-ozone/integration-test/target/test-dir"/>
    <property name="test.cache.data" value=""/>
    <property name="java.vendor.url" value="https://icedtea.classpath.org"/>
    <property name="user.timezone" value=""/>
    <property name="java.vm.specification.version" value="1.8"/>
    <property name="os.name" value="Linux"/>
    <property name="test.build.data" value="/workdir/hadoop-ozone/integration-test/target/test-dir"/>
    <property name="user.country" value="US"/>
    <property name="sun.java.launcher" value="SUN_STANDARD"/>
    <property name="sun.boot.library.path" value="/usr/lib/jvm/java-1.8-openjdk/jre/lib/amd64"/>
    <property name="sun.java.command" value="/workdir/hadoop-ozone/integration-test/target/surefire/surefirebooter3181102450223865253.jar /workdir/hadoop-ozone/integration-test/target/surefire 2019-09-23T16-12-01_349-jvmRun1 surefire1087923548670497542tmp surefire_537208973100545308166tmp"/>
    <property name="test" value="!TestMiniChaosOzoneCluster"/>
    <property name="surefire.test.class.path" value="/workdir/hadoop-ozone/integration-test/target/test-classes:/workdir/hadoop-ozone/integration-test/target/classes:/home/user/.m2/repository/org/apache/hadoop/hadoop-ozone-common/0.5.0-SNAPSHOT/hadoop-ozone-common-0.5.0-SNAPSHOT.jar:/home/user/.m2/repository/org/apache/commons/commons-compress/1.4.1/commons-compress-1.4.1.jar:/home/user/.m2/repository/org/tukaani/xz/1.0/xz-1.0.jar:/home/user/.m2/repository/org/apache/hadoop/hadoop-common/3.2.0/hadoop-common-3.2.0.jar:/home/user/.m2/repository/org/apache/hadoop/hadoop-hdfs/3.2.0/hadoop-hdfs-3.2.0.jar:/home/user/.m2/repository/org/apache/hadoop/hadoop-hdfs-client/3.2.0/hadoop-hdfs-client-3.2.0.jar:/home/user/.m2/repository/com/fasterxml/jackson/core/jackson-annotations/2.9.9/jackson-annotations-2.9.9.jar:/home/user/.m2/repository/org/apache/hadoop/hadoop-hdds-common/0.5.0-SNAPSHOT/hadoop-hdds-common-0.5.0-SNAPSHOT.jar:/home/user/.m2/repository/javax/annotation/javax.annotation-api/1.2/javax.annotation-api-1.2.jar:/home/user/.m2/repository/org/apache/ratis/ratis-server/0.4.0/ratis-server-0.4.0.jar:/home/user/.m2/repository/org/apache/ratis/ratis-thirdparty-misc/0.2.0/ratis-thirdparty-misc-0.2.0.jar:/home/user/.m2/repository/org/apache/ratis/ratis-proto/0.4.0/ratis-proto-0.4.0.jar:/home/user/.m2/repository/org/apache/ratis/ratis-common/0.4.0/ratis-common-0.4.0.jar:/home/user/.m2/repository/org/apache/ratis/ratis-client/0.4.0/ratis-client-0.4.0.jar:/home/user/.m2/repository/org/apache/ratis/ratis-metrics/0.4.0/ratis-metrics-0.4.0.jar:/home/user/.m2/repository/com/github/joshelser/dropwizard-metrics-hadoop-metrics2-reporter/0.1.2/dropwizard-metrics-hadoop-metrics2-reporter-0.1.2.jar:/home/user/.m2/repository/io/dropwizard/metrics/metrics-jvm/3.2.5/metrics-jvm-3.2.5.jar:/home/user/.m2/repository/io/dropwizard/metrics/metrics-ganglia/3.2.5/metrics-ganglia-3.2.5.jar:/home/user/.m2/repository/info/ganglia/gmetric4j/gmetric4j/1.0.7/gmetric4j-1.0.7.jar:/home/user/.m2/repository/org/apache/ratis/ratis-netty/0.4.0/ratis-netty-0.4.0.jar:/home/user/.m2/repository/org/apache/ratis/ratis-grpc/0.4.0/ratis-grpc-0.4.0.jar:/home/user/.m2/repository/org/rocksdb/rocksdbjni/6.0.1/rocksdbjni-6.0.1.jar:/home/user/.m2/repository/org/apache/logging/log4j/log4j-api/2.11.0/log4j-api-2.11.0.jar:/home/user/.m2/repository/org/apache/logging/log4j/log4j-core/2.11.0/log4j-core-2.11.0.jar:/home/user/.m2/repository/com/lmax/disruptor/3.4.2/disruptor-3.4.2.jar:/home/user/.m2/repository/org/apache/commons/commons-pool2/2.6.0/commons-pool2-2.6.0.jar:/home/user/.m2/repository/org/bouncycastle/bcpkix-jdk15on/1.60/bcpkix-jdk15on-1.60.jar:/home/user/.m2/repository/commons-validator/commons-validator/1.6/commons-validator-1.6.jar:/home/user/.m2/repository/commons-digester/commons-digester/1.8.1/commons-digester-1.8.1.jar:/home/user/.m2/repository/io/jaegertracing/jaeger-client/0.34.0/jaeger-client-0.34.0.jar:/home/user/.m2/repository/io/jaegertracing/jaeger-thrift/0.34.0/jaeger-thrift-0.34.0.jar:/home/user/.m2/repository/org/apache/thrift/libthrift/0.12.0/libthrift-0.12.0.jar:/home/user/.m2/repository/com/squareup/okhttp3/okhttp/3.9.0/okhttp-3.9.0.jar:/home/user/.m2/repository/com/squareup/okio/okio/1.13.0/okio-1.13.0.jar:/home/user/.m2/repository/io/jaegertracing/jaeger-core/0.34.0/jaeger-core-0.34.0.jar:/home/user/.m2/repository/io/jaegertracing/jaeger-tracerresolver/0.34.0/jaeger-tracerresolver-0.34.0.jar:/home/user/.m2/repository/io/opentracing/contrib/opentracing-tracerresolver/0.1.5/opentracing-tracerresolver-0.1.5.jar:/home/user/.m2/repository/io/opentracing/opentracing-util/0.31.0/opentracing-util-0.31.0.jar:/home/user/.m2/repository/io/opentracing/opentracing-api/0.31.0/opentracing-api-0.31.0.jar:/home/user/.m2/repository/io/opentracing/opentracing-noop/0.31.0/opentracing-noop-0.31.0.jar:/home/user/.m2/repository/org/apache/hadoop/hadoop-hdds-server-framework/0.5.0-SNAPSHOT/hadoop-hdds-server-framework-0.5.0-SNAPSHOT.jar:/home/user/.m2/repository/org/apache/hadoop/hadoop-hdds-container-service/0.5.0-SNAPSHOT/hadoop-hdds-container-service-0.5.0-SNAPSHOT.jar:/home/user/.m2/repository/org/apache/hadoop/hadoop-hdds-client/0.5.0-SNAPSHOT/hadoop-hdds-client-0.5.0-SNAPSHOT.jar:/home/user/.m2/repository/org/apache/hadoop/hadoop-hdds-tools/0.5.0-SNAPSHOT/hadoop-hdds-tools-0.5.0-SNAPSHOT.jar:/home/user/.m2/repository/org/apache/hadoop/hadoop-hdds-server-scm/0.5.0-SNAPSHOT/hadoop-hdds-server-scm-0.5.0-SNAPSHOT.jar:/home/user/.m2/repository/org/apache/hadoop/hadoop-hdds-docs/0.5.0-SNAPSHOT/hadoop-hdds-docs-0.5.0-SNAPSHOT.jar:/home/user/.m2/repository/io/dropwizard/metrics/metrics-core/3.2.4/metrics-core-3.2.4.jar:/home/user/.m2/repository/org/hamcrest/hamcrest-all/1.3/hamcrest-all-1.3.jar:/home/user/.m2/repository/org/bouncycastle/bcprov-jdk15on/1.60/bcprov-jdk15on-1.60.jar:/home/user/.m2/repository/info/picocli/picocli/3.9.6/picocli-3.9.6.jar:/home/user/.m2/repository/com/google/protobuf/protobuf-java/2.5.0/protobuf-java-2.5.0.jar:/home/user/.m2/repository/com/google/guava/guava/11.0.2/guava-11.0.2.jar:/home/user/.m2/repository/org/apache/hadoop/hadoop-ozone-ozone-manager/0.5.0-SNAPSHOT/hadoop-ozone-ozone-manager-0.5.0-SNAPSHOT.jar:/home/user/.m2/repository/org/apache/hadoop/hadoop-minikdc/3.2.0/hadoop-minikdc-3.2.0.jar:/home/user/.m2/repository/commons-io/commons-io/2.5/commons-io-2.5.jar:/home/user/.m2/repository/org/apache/kerby/kerb-simplekdc/1.0.1/kerb-simplekdc-1.0.1.jar:/home/user/.m2/repository/org/apache/kerby/kerb-client/1.0.1/kerb-client-1.0.1.jar:/home/user/.m2/repository/org/apache/kerby/kerby-config/1.0.1/kerby-config-1.0.1.jar:/home/user/.m2/repository/org/apache/kerby/kerb-core/1.0.1/kerb-core-1.0.1.jar:/home/user/.m2/repository/org/apache/kerby/kerby-pkix/1.0.1/kerby-pkix-1.0.1.jar:/home/user/.m2/repository/org/apache/kerby/kerby-asn1/1.0.1/kerby-asn1-1.0.1.jar:/home/user/.m2/repository/org/apache/kerby/kerby-util/1.0.1/kerby-util-1.0.1.jar:/home/user/.m2/repository/org/apache/kerby/kerb-common/1.0.1/kerb-common-1.0.1.jar:/home/user/.m2/repository/org/apache/kerby/kerb-crypto/1.0.1/kerb-crypto-1.0.1.jar:/home/user/.m2/repository/org/apache/kerby/kerb-util/1.0.1/kerb-util-1.0.1.jar:/home/user/.m2/repository/org/apache/kerby/token-provider/1.0.1/token-provider-1.0.1.jar:/home/user/.m2/repository/org/apache/kerby/kerb-admin/1.0.1/kerb-admin-1.0.1.jar:/home/user/.m2/repository/org/apache/kerby/kerb-server/1.0.1/kerb-server-1.0.1.jar:/home/user/.m2/repository/org/apache/kerby/kerb-identity/1.0.1/kerb-identity-1.0.1.jar:/home/user/.m2/repository/org/apache/kerby/kerby-xdr/1.0.1/kerby-xdr-1.0.1.jar:/home/user/.m2/repository/org/slf4j/slf4j-log4j12/1.7.25/slf4j-log4j12-1.7.25.jar:/home/user/.m2/repository/org/apache/hadoop/hadoop-ozone-s3gateway/0.5.0-SNAPSHOT/hadoop-ozone-s3gateway-0.5.0-SNAPSHOT.jar:/home/user/.m2/repository/org/jboss/weld/servlet/weld-servlet/2.4.7.Final/weld-servlet-2.4.7.Final.jar:/home/user/.m2/repository/org/glassfish/jersey/containers/jersey-container-servlet-core/2.27/jersey-container-servlet-core-2.27.jar:/home/user/.m2/repository/org/glassfish/hk2/external/javax.inject/2.5.0-b42/javax.inject-2.5.0-b42.jar:/home/user/.m2/repository/org/glassfish/jersey/core/jersey-common/2.27/jersey-common-2.27.jar:/home/user/.m2/repository/org/glassfish/hk2/osgi-resource-locator/1.0.1/osgi-resource-locator-1.0.1.jar:/home/user/.m2/repository/javax/ws/rs/javax.ws.rs-api/2.1/javax.ws.rs-api-2.1.jar:/home/user/.m2/repository/org/glassfish/jersey/ext/cdi/jersey-cdi1x/2.27/jersey-cdi1x-2.27.jar:/home/user/.m2/repository/org/glassfish/jersey/inject/jersey-hk2/2.27/jersey-hk2-2.27.jar:/home/user/.m2/repository/org/glassfish/hk2/hk2-locator/2.5.0-b42/hk2-locator-2.5.0-b42.jar:/home/user/.m2/repository/org/javassist/javassist/3.22.0-CR2/javassist-3.22.0-CR2.jar:/home/user/.m2/repository/org/glassfish/hk2/hk2-api/2.5.0/hk2-api-2.5.0.jar:/home/user/.m2/repository/org/glassfish/hk2/external/jakarta.inject/2.5.0/jakarta.inject-2.5.0.jar:/home/user/.m2/repository/org/glassfish/hk2/hk2-utils/2.5.0/hk2-utils-2.5.0.jar:/home/user/.m2/repository/jakarta/annotation/jakarta.annotation-api/1.3.4/jakarta.annotation-api-1.3.4.jar:/home/user/.m2/repository/org/glassfish/hk2/external/aopalliance-repackaged/2.5.0/aopalliance-repackaged-2.5.0.jar:/home/user/.m2/repository/com/fasterxml/jackson/dataformat/jackson-dataformat-xml/2.9.0/jackson-dataformat-xml-2.9.0.jar:/home/user/.m2/repository/com/fasterxml/jackson/core/jackson-core/2.9.9/jackson-core-2.9.9.jar:/home/user/.m2/repository/com/fasterxml/jackson/module/jackson-module-jaxb-annotations/2.9.9/jackson-module-jaxb-annotations-2.9.9.jar:/home/user/.m2/repository/javax/enterprise/cdi-api/1.2/cdi-api-1.2.jar:/home/user/.m2/repository/javax/el/javax.el-api/3.0.0/javax.el-api-3.0.0.jar:/home/user/.m2/repository/javax/interceptor/javax.interceptor-api/1.2/javax.interceptor-api-1.2.jar:/home/user/.m2/repository/javax/inject/javax.inject/1/javax.inject-1.jar:/home/user/.m2/repository/com/sun/xml/bind/jaxb-impl/2.3.0.1/jaxb-impl-2.3.0.1.jar:/home/user/.m2/repository/com/sun/xml/bind/jaxb-core/2.3.0.1/jaxb-core-2.3.0.1.jar:/home/user/.m2/repository/javax/xml/bind/jaxb-api/2.3.0/jaxb-api-2.3.0.jar:/home/user/.m2/repository/javax/activation/activation/1.1.1/activation-1.1.1.jar:/home/user/.m2/repository/org/apache/hadoop/hadoop-ozone-csi/0.5.0-SNAPSHOT/hadoop-ozone-csi-0.5.0-SNAPSHOT.jar:/home/user/.m2/repository/com/google/protobuf/protobuf-java-util/3.5.1/protobuf-java-util-3.5.1.jar:/home/user/.m2/repository/org/apache/hadoop/hadoop-hdds-config/0.5.0-SNAPSHOT/hadoop-hdds-config-0.5.0-SNAPSHOT.jar:/home/user/.m2/repository/io/grpc/grpc-netty/1.17.1/grpc-netty-1.17.1.jar:/home/user/.m2/repository/io/grpc/grpc-core/1.17.1/grpc-core-1.17.1.jar:/home/user/.m2/repository/io/grpc/grpc-context/1.17.1/grpc-context-1.17.1.jar:/home/user/.m2/repository/com/google/errorprone/error_prone_annotations/2.2.0/error_prone_annotations-2.2.0.jar:/home/user/.m2/repository/org/codehaus/mojo/animal-sniffer-annotations/1.17/animal-sniffer-annotations-1.17.jar:/home/user/.m2/repository/io/opencensus/opencensus-api/0.17.0/opencensus-api-0.17.0.jar:/home/user/.m2/repository/io/opencensus/opencensus-contrib-grpc-metrics/0.17.0/opencensus-contrib-grpc-metrics-0.17.0.jar:/home/user/.m2/repository/io/netty/netty-codec-http2/4.1.30.Final/netty-codec-http2-4.1.30.Final.jar:/home/user/.m2/repository/io/netty/netty-codec-http/4.1.30.Final/netty-codec-http-4.1.30.Final.jar:/home/user/.m2/repository/io/netty/netty-codec/4.1.30.Final/netty-codec-4.1.30.Final.jar:/home/user/.m2/repository/io/netty/netty-handler/4.1.30.Final/netty-handler-4.1.30.Final.jar:/home/user/.m2/repository/io/netty/netty-handler-proxy/4.1.30.Final/netty-handler-proxy-4.1.30.Final.jar:/home/user/.m2/repository/io/netty/netty-codec-socks/4.1.30.Final/netty-codec-socks-4.1.30.Final.jar:/home/user/.m2/repository/io/netty/netty-transport-native-epoll/4.1.30.Final/netty-transport-native-epoll-4.1.30.Final.jar:/home/user/.m2/repository/io/netty/netty-common/4.1.30.Final/netty-common-4.1.30.Final.jar:/home/user/.m2/repository/io/netty/netty-buffer/4.1.30.Final/netty-buffer-4.1.30.Final.jar:/home/user/.m2/repository/io/netty/netty-transport/4.1.30.Final/netty-transport-4.1.30.Final.jar:/home/user/.m2/repository/io/netty/netty-resolver/4.1.30.Final/netty-resolver-4.1.30.Final.jar:/home/user/.m2/repository/io/netty/netty-transport-native-unix-common/4.1.30.Final/netty-transport-native-unix-common-4.1.30.Final.jar:/home/user/.m2/repository/io/grpc/grpc-protobuf/1.17.1/grpc-protobuf-1.17.1.jar:/home/user/.m2/repository/com/google/api/grpc/proto-google-common-protos/1.0.0/proto-google-common-protos-1.0.0.jar:/home/user/.m2/repository/io/grpc/grpc-protobuf-lite/1.17.1/grpc-protobuf-lite-1.17.1.jar:/home/user/.m2/repository/io/grpc/grpc-stub/1.17.1/grpc-stub-1.17.1.jar:/home/user/.m2/repository/org/apache/hadoop/hadoop-ozone-recon/0.5.0-SNAPSHOT/hadoop-ozone-recon-0.5.0-SNAPSHOT.jar:/home/user/.m2/repository/org/apache/hadoop/hadoop-ozone-reconcodegen/0.5.0-SNAPSHOT/hadoop-ozone-reconcodegen-0.5.0-SNAPSHOT.jar:/home/user/.m2/repository/com/google/inject/extensions/guice-multibindings/4.0/guice-multibindings-4.0.jar:/home/user/.m2/repository/com/google/inject/guice/4.0/guice-4.0.jar:/home/user/.m2/repository/aopalliance/aopalliance/1.0/aopalliance-1.0.jar:/home/user/.m2/repository/com/google/inject/extensions/guice-servlet/4.0/guice-servlet-4.0.jar:/home/user/.m2/repository/org/glassfish/jersey/containers/jersey-container-servlet/2.27/jersey-container-servlet-2.27.jar:/home/user/.m2/repository/org/glassfish/hk2/guice-bridge/2.5.0/guice-bridge-2.5.0.jar:/home/user/.m2/repository/org/glassfish/jersey/core/jersey-server/2.27/jersey-server-2.27.jar:/home/user/.m2/repository/org/glassfish/jersey/core/jersey-client/2.27/jersey-client-2.27.jar:/home/user/.m2/repository/org/glassfish/jersey/media/jersey-media-jaxb/2.27/jersey-media-jaxb-2.27.jar:/home/user/.m2/repository/javax/validation/validation-api/1.1.0.Final/validation-api-1.1.0.Final.jar:/home/user/.m2/repository/org/glassfish/jersey/media/jersey-media-json-jackson/2.27/jersey-media-json-jackson-2.27.jar:/home/user/.m2/repository/org/glassfish/jersey/ext/jersey-entity-filtering/2.27/jersey-entity-filtering-2.27.jar:/home/user/.m2/repository/com/google/inject/extensions/guice-assistedinject/4.0/guice-assistedinject-4.0.jar:/home/user/.m2/repository/org/jooq/jooq/3.11.10/jooq-3.11.10.jar:/home/user/.m2/repository/org/jooq/jooq-meta/3.11.10/jooq-meta-3.11.10.jar:/home/user/.m2/repository/org/jooq/jooq-codegen/3.11.10/jooq-codegen-3.11.10.jar:/home/user/.m2/repository/com/jolbox/bonecp/0.8.0.RELEASE/bonecp-0.8.0.RELEASE.jar:/home/user/.m2/repository/org/xerial/sqlite-jdbc/3.25.2/sqlite-jdbc-3.25.2.jar:/home/user/.m2/repository/org/springframework/spring-jdbc/5.1.3.RELEASE/spring-jdbc-5.1.3.RELEASE.jar:/home/user/.m2/repository/org/springframework/spring-beans/5.1.3.RELEASE/spring-beans-5.1.3.RELEASE.jar:/home/user/.m2/repository/org/springframework/spring-core/5.1.3.RELEASE/spring-core-5.1.3.RELEASE.jar:/home/user/.m2/repository/org/springframework/spring-jcl/5.1.3.RELEASE/spring-jcl-5.1.3.RELEASE.jar:/home/user/.m2/repository/org/springframework/spring-tx/5.1.3.RELEASE/spring-tx-5.1.3.RELEASE.jar:/home/user/.m2/repository/org/apache/hadoop/hadoop-ozone-client/0.5.0-SNAPSHOT/hadoop-ozone-client-0.5.0-SNAPSHOT.jar:/home/user/.m2/repository/commons-lang/commons-lang/2.6/commons-lang-2.6.jar:/home/user/.m2/repository/org/apache/hadoop/hadoop-ozone-ozone-manager/0.5.0-SNAPSHOT/hadoop-ozone-ozone-manager-0.5.0-SNAPSHOT-tests.jar:/home/user/.m2/repository/junit/junit/4.11/junit-4.11.jar:/home/user/.m2/repository/org/hamcrest/hamcrest-core/1.3/hamcrest-core-1.3.jar:/home/user/.m2/repository/org/openjdk/jmh/jmh-core/1.19/jmh-core-1.19.jar:/home/user/.m2/repository/net/sf/jopt-simple/jopt-simple/4.6/jopt-simple-4.6.jar:/home/user/.m2/repository/org/apache/commons/commons-math3/3.1.1/commons-math3-3.1.1.jar:/home/user/.m2/repository/org/openjdk/jmh/jmh-generator-annprocess/1.19/jmh-generator-annprocess-1.19.jar:/home/user/.m2/repository/org/mockito/mockito-all/1.8.5/mockito-all-1.8.5.jar:/home/user/.m2/repository/org/apache/hadoop/hadoop-kms/3.2.0/hadoop-kms-3.2.0.jar:/home/user/.m2/repository/org/apache/hadoop/hadoop-auth/3.2.0/hadoop-auth-3.2.0.jar:/home/user/.m2/repository/com/nimbusds/nimbus-jose-jwt/4.41.1/nimbus-jose-jwt-4.41.1.jar:/home/user/.m2/repository/com/github/stephenc/jcip/jcip-annotations/1.0-1/jcip-annotations-1.0-1.jar:/home/user/.m2/repository/net/minidev/json-smart/2.3/json-smart-2.3.jar:/home/user/.m2/repository/net/minidev/accessors-smart/1.2/accessors-smart-1.2.jar:/home/user/.m2/repository/org/ow2/asm/asm/5.0.4/asm-5.0.4.jar:/home/user/.m2/repository/org/apache/curator/curator-framework/2.12.0/curator-framework-2.12.0.jar:/home/user/.m2/repository/com/sun/jersey/jersey-core/1.19/jersey-core-1.19.jar:/home/user/.m2/repository/javax/ws/rs/jsr311-api/1.1.1/jsr311-api-1.1.1.jar:/home/user/.m2/repository/com/sun/jersey/jersey-server/1.19/jersey-server-1.19.jar:/home/user/.m2/repository/javax/servlet/javax.servlet-api/3.1.0/javax.servlet-api-3.1.0.jar:/home/user/.m2/repository/org/eclipse/jetty/jetty-server/9.3.25.v20180904/jetty-server-9.3.25.v20180904.jar:/home/user/.m2/repository/org/eclipse/jetty/jetty-http/9.3.25.v20180904/jetty-http-9.3.25.v20180904.jar:/home/user/.m2/repository/org/eclipse/jetty/jetty-io/9.3.25.v20180904/jetty-io-9.3.25.v20180904.jar:/home/user/.m2/repository/org/eclipse/jetty/jetty-webapp/9.3.25.v20180904/jetty-webapp-9.3.25.v20180904.jar:/home/user/.m2/repository/org/eclipse/jetty/jetty-xml/9.3.25.v20180904/jetty-xml-9.3.25.v20180904.jar:/home/user/.m2/repository/log4j/log4j/1.2.17/log4j-1.2.17.jar:/home/user/.m2/repository/org/slf4j/slf4j-api/1.7.25/slf4j-api-1.7.25.jar:/home/user/.m2/repository/org/slf4j/jul-to-slf4j/1.7.25/jul-to-slf4j-1.7.25.jar:/home/user/.m2/repository/org/eclipse/jetty/jetty-util/9.3.25.v20180904/jetty-util-9.3.25.v20180904.jar:/home/user/.m2/repository/com/fasterxml/jackson/core/jackson-databind/2.9.9/jackson-databind-2.9.9.jar:/home/user/.m2/repository/org/apache/hadoop/hadoop-kms/3.2.0/hadoop-kms-3.2.0-tests.jar:/home/user/.m2/repository/org/apache/hadoop/hadoop-hdds-server-scm/0.5.0-SNAPSHOT/hadoop-hdds-server-scm-0.5.0-SNAPSHOT-tests.jar:/home/user/.m2/repository/org/apache/hadoop/hadoop-hdds-container-service/0.5.0-SNAPSHOT/hadoop-hdds-container-service-0.5.0-SNAPSHOT-tests.jar:/home/user/.m2/repository/org/yaml/snakeyaml/1.16/snakeyaml-1.16.jar:/home/user/.m2/repository/org/apache/hadoop/hadoop-common/3.2.0/hadoop-common-3.2.0-tests.jar:/home/user/.m2/repository/org/apache/hadoop/hadoop-annotations/3.2.0/hadoop-annotations-3.2.0.jar:/usr/lib/jvm/java-1.8-openjdk/jre/../lib/tools.jar:/home/user/.m2/repository/commons-cli/commons-cli/1.2/commons-cli-1.2.jar:/home/user/.m2/repository/org/apache/httpcomponents/httpclient/4.5.2/httpclient-4.5.2.jar:/home/user/.m2/repository/org/apache/httpcomponents/httpcore/4.4.4/httpcore-4.4.4.jar:/home/user/.m2/repository/commons-codec/commons-codec/1.11/commons-codec-1.11.jar:/home/user/.m2/repository/commons-net/commons-net/3.6/commons-net-3.6.jar:/home/user/.m2/repository/commons-collections/commons-collections/3.2.2/commons-collections-3.2.2.jar:/home/user/.m2/repository/org/eclipse/jetty/jetty-servlet/9.3.25.v20180904/jetty-servlet-9.3.25.v20180904.jar:/home/user/.m2/repository/org/eclipse/jetty/jetty-security/9.3.25.v20180904/jetty-security-9.3.25.v20180904.jar:/home/user/.m2/repository/javax/servlet/jsp/jsp-api/2.1/jsp-api-2.1.jar:/home/user/.m2/repository/com/sun/jersey/jersey-servlet/1.19/jersey-servlet-1.19.jar:/home/user/.m2/repository/com/sun/jersey/jersey-json/1.19/jersey-json-1.19.jar:/home/user/.m2/repository/org/codehaus/jettison/jettison/1.1/jettison-1.1.jar:/home/user/.m2/repository/org/codehaus/jackson/jackson-core-asl/1.9.13/jackson-core-asl-1.9.13.jar:/home/user/.m2/repository/org/codehaus/jackson/jackson-mapper-asl/1.9.13/jackson-mapper-asl-1.9.13.jar:/home/user/.m2/repository/org/codehaus/jackson/jackson-jaxrs/1.9.13/jackson-jaxrs-1.9.13.jar:/home/user/.m2/repository/org/codehaus/jackson/jackson-xc/1.9.13/jackson-xc-1.9.13.jar:/home/user/.m2/repository/commons-logging/commons-logging/1.1.3/commons-logging-1.1.3.jar:/home/user/.m2/repository/commons-beanutils/commons-beanutils/1.9.4/commons-beanutils-1.9.4.jar:/home/user/.m2/repository/org/apache/commons/commons-configuration2/2.1.1/commons-configuration2-2.1.1.jar:/home/user/.m2/repository/org/apache/commons/commons-lang3/3.7/commons-lang3-3.7.jar:/home/user/.m2/repository/org/apache/commons/commons-text/1.4/commons-text-1.4.jar:/home/user/.m2/repository/org/apache/avro/avro/1.7.7/avro-1.7.7.jar:/home/user/.m2/repository/com/thoughtworks/paranamer/paranamer/2.3/paranamer-2.3.jar:/home/user/.m2/repository/org/xerial/snappy/snappy-java/1.0.5/snappy-java-1.0.5.jar:/home/user/.m2/repository/com/google/re2j/re2j/1.1/re2j-1.1.jar:/home/user/.m2/repository/com/google/code/gson/gson/2.2.4/gson-2.2.4.jar:/home/user/.m2/repository/com/jcraft/jsch/0.1.54/jsch-0.1.54.jar:/home/user/.m2/repository/org/apache/curator/curator-client/2.12.0/curator-client-2.12.0.jar:/home/user/.m2/repository/org/apache/curator/curator-recipes/2.12.0/curator-recipes-2.12.0.jar:/home/user/.m2/repository/com/google/code/findbugs/jsr305/3.0.0/jsr305-3.0.0.jar:/home/user/.m2/repository/org/apache/htrace/htrace-core4/4.1.0-incubating/htrace-core4-4.1.0-incubating.jar:/home/user/.m2/repository/org/apache/zookeeper/zookeeper/3.4.13/zookeeper-3.4.13.jar:/home/user/.m2/repository/jline/jline/0.9.94/jline-0.9.94.jar:/home/user/.m2/repository/org/apache/yetus/audience-annotations/0.5.0/audience-annotations-0.5.0.jar:/home/user/.m2/repository/org/codehaus/woodstox/stax2-api/3.1.4/stax2-api-3.1.4.jar:/home/user/.m2/repository/com/fasterxml/woodstox/woodstox-core/5.0.3/woodstox-core-5.0.3.jar:/home/user/.m2/repository/dnsjava/dnsjava/2.1.7/dnsjava-2.1.7.jar:/home/user/.m2/repository/org/apache/hadoop/hadoop-hdfs/3.2.0/hadoop-hdfs-3.2.0-tests.jar:/home/user/.m2/repository/org/eclipse/jetty/jetty-util-ajax/9.3.25.v20180904/jetty-util-ajax-9.3.25.v20180904.jar:/home/user/.m2/repository/commons-daemon/commons-daemon/1.0.13/commons-daemon-1.0.13.jar:/home/user/.m2/repository/io/netty/netty/3.10.5.Final/netty-3.10.5.Final.jar:/home/user/.m2/repository/io/netty/netty-all/4.0.52.Final/netty-all-4.0.52.Final.jar:/home/user/.m2/repository/org/fusesource/leveldbjni/leveldbjni-all/1.8/leveldbjni-all-1.8.jar:"/>
    <property name="sun.cpu.endian" value="little"/>
    <property name="user.home" value="/home/user"/>
    <property name="user.language" value="en"/>
    <property name="java.specification.vendor" value="Oracle Corporation"/>
    <property name="java.home" value="/usr/lib/jvm/java-1.8-openjdk/jre"/>
    <property name="java.security.krb5.conf" value="/workdir/hadoop-ozone/integration-test/target/test-classes/krb5.conf"/>
    <property name="basedir" value="/workdir/hadoop-ozone/integration-test"/>
    <property name="file.separator" value="/"/>
    <property name="line.separator" value="&#10;"/>
    <property name="java.vm.specification.vendor" value="Oracle Corporation"/>
    <property name="java.specification.name" value="Java Platform API Specification"/>
    <property name="java.awt.graphicsenv" value="sun.awt.X11GraphicsEnvironment"/>
    <property name="surefire.real.class.path" value="/workdir/hadoop-ozone/integration-test/target/surefire/surefirebooter3181102450223865253.jar"/>
    <property name="hadoop.log.dir" value="/workdir/hadoop-ozone/integration-test/target/log"/>
    <property name="sun.boot.class.path" value="/usr/lib/jvm/java-1.8-openjdk/jre/lib/resources.jar:/usr/lib/jvm/java-1.8-openjdk/jre/lib/rt.jar:/usr/lib/jvm/java-1.8-openjdk/jre/lib/sunrsasign.jar:/usr/lib/jvm/java-1.8-openjdk/jre/lib/jsse.jar:/usr/lib/jvm/java-1.8-openjdk/jre/lib/jce.jar:/usr/lib/jvm/java-1.8-openjdk/jre/lib/charsets.jar:/usr/lib/jvm/java-1.8-openjdk/jre/lib/jfr.jar:/usr/lib/jvm/java-1.8-openjdk/jre/classes"/>
    <property name="sun.management.compiler" value="HotSpot 64-Bit Tiered Compilers"/>
    <property name="java.runtime.version" value="1.8.0_212-b04"/>
    <property name="java.net.preferIPv4Stack" value="true"/>
    <property name="user.name" value="jenkins1000"/>
    <property name="path.separator" value=":"/>
    <property name="java.security.egd" value="file:///dev/urandom"/>
    <property name="os.version" value="3.10.0-957.12.2.el7.x86_64"/>
    <property name="java.endorsed.dirs" value="/usr/lib/jvm/java-1.8-openjdk/jre/lib/endorsed"/>
    <property name="java.runtime.name" value="OpenJDK Runtime Environment"/>
    <property name="file.encoding" value="UTF-8"/>
    <property name="java.vm.name" value="OpenJDK 64-Bit Server VM"/>
    <property name="test.build.webapps" value=""/>
    <property name="localRepository" value="/home/user/.m2/repository"/>
    <property name="java.vendor.url.bug" value="https://icedtea.classpath.org/bugzilla"/>
    <property name="java.io.tmpdir" value="/tmp"/>
    <property name="require.test.libhadoop" value=""/>
    <property name="java.version" value="1.8.0_212"/>
    <property name="user.dir" value="/workdir/hadoop-ozone/integration-test"/>
    <property name="os.arch" value="amd64"/>
    <property name="java.vm.specification.name" value="Java Virtual Machine Specification"/>
    <property name="test.build.classes" value="/workdir/hadoop-ozone/integration-test/target/test-classes"/>
    <property name="java.awt.printerjob" value="sun.print.PSPrinterJob"/>
    <property name="sun.os.patch.level" value="unknown"/>
    <property name="hadoop.tmp.dir" value="/workdir/hadoop-ozone/integration-test/target/tmp"/>
    <property name="java.library.path" value="/usr/lib/jvm/java-1.8-openjdk/jre/lib/amd64/server:/usr/lib/jvm/java-1.8-openjdk/jre/lib/amd64:/usr/lib/jvm/java-1.8-openjdk/jre/../lib/amd64:/workdir/hadoop-ozone/integration-test/target/native/target/usr/local/lib:/workdir/hadoop-ozone/integration-test/../../hadoop-common-project/hadoop-common/target/native/target/usr/local/lib:/usr/java/packages/lib/amd64:/usr/lib64:/lib64:/lib:/usr/lib"/>
    <property name="java.vm.info" value="mixed mode"/>
    <property name="java.vendor" value="IcedTea"/>
    <property name="java.vm.version" value="25.212-b04"/>
    <property name="java.ext.dirs" value="/usr/lib/jvm/java-1.8-openjdk/jre/lib/ext:/usr/java/packages/lib/ext"/>
    <property name="sun.io.unicode.encoding" value="UnicodeLittle"/>
    <property name="java.class.version" value="52.0"/>
  </properties>
  <testcase name="testWatchForCommitWithKeyWrite" classname="org.apache.hadoop.ozone.client.rpc.TestWatchForCommit" time="66.578"/>
  <testcase name="testWatchForCommitWithSmallerTimeoutValue" classname="org.apache.hadoop.ozone.client.rpc.TestWatchForCommit" time="28.62">
    <error message="org.apache.ratis.protocol.RaftRetryFailureException: Failed RaftClientRequest:client-4439BED12E50-&gt;1a636c31-9e4c-40ea-b031-c5f26b29f43d@group-08EE2DEA27CA, cid=50, seq=1*, RW, org.apache.hadoop.hdds.scm.XceiverClientRatis$$Lambda$462/2093613480@4a497169 for 20 attempts with RetryLimited(maxAttempts=20, sleepTime=1000ms)" type="java.util.concurrent.ExecutionException">java.util.concurrent.ExecutionException: org.apache.ratis.protocol.RaftRetryFailureException: Failed RaftClientRequest:client-4439BED12E50->1a636c31-9e4c-40ea-b031-c5f26b29f43d@group-08EE2DEA27CA, cid=50, seq=1*, RW, org.apache.hadoop.hdds.scm.XceiverClientRatis$$Lambda$462/2093613480@4a497169 for 20 attempts with RetryLimited(maxAttempts=20, sleepTime=1000ms)
	at java.util.concurrent.CompletableFuture.reportGet(CompletableFuture.java:357)
	at java.util.concurrent.CompletableFuture.get(CompletableFuture.java:1895)
	at org.apache.hadoop.ozone.client.rpc.TestWatchForCommit.testWatchForCommitWithSmallerTimeoutValue(TestWatchForCommit.java:293)
	at sun.reflect.NativeMethodAccessorImpl.invoke0(Native Method)
	at sun.reflect.NativeMethodAccessorImpl.invoke(NativeMethodAccessorImpl.java:62)
	at sun.reflect.DelegatingMethodAccessorImpl.invoke(DelegatingMethodAccessorImpl.java:43)
	at java.lang.reflect.Method.invoke(Method.java:498)
	at org.junit.runners.model.FrameworkMethod$1.runReflectiveCall(FrameworkMethod.java:47)
	at org.junit.internal.runners.model.ReflectiveCallable.run(ReflectiveCallable.java:12)
	at org.junit.runners.model.FrameworkMethod.invokeExplosively(FrameworkMethod.java:44)
	at org.junit.internal.runners.statements.InvokeMethod.evaluate(InvokeMethod.java:17)
	at org.junit.runners.ParentRunner.runLeaf(ParentRunner.java:271)
	at org.junit.runners.BlockJUnit4ClassRunner.runChild(BlockJUnit4ClassRunner.java:70)
	at org.junit.runners.BlockJUnit4ClassRunner.runChild(BlockJUnit4ClassRunner.java:50)
	at org.junit.runners.ParentRunner$3.run(ParentRunner.java:238)
	at org.junit.runners.ParentRunner$1.schedule(ParentRunner.java:63)
	at org.junit.runners.ParentRunner.runChildren(ParentRunner.java:236)
	at org.junit.runners.ParentRunner.access$000(ParentRunner.java:53)
	at org.junit.runners.ParentRunner$2.evaluate(ParentRunner.java:229)
	at org.junit.runners.ParentRunner.run(ParentRunner.java:309)
	at org.apache.maven.surefire.junit4.JUnit4Provider.execute(JUnit4Provider.java:365)
	at org.apache.maven.surefire.junit4.JUnit4Provider.executeWithRerun(JUnit4Provider.java:273)
	at org.apache.maven.surefire.junit4.JUnit4Provider.executeTestSet(JUnit4Provider.java:238)
	at org.apache.maven.surefire.junit4.JUnit4Provider.invoke(JUnit4Provider.java:159)
	at org.apache.maven.surefire.booter.ForkedBooter.invokeProviderInSameClassLoader(ForkedBooter.java:384)
	at org.apache.maven.surefire.booter.ForkedBooter.runSuitesInProcess(ForkedBooter.java:345)
	at org.apache.maven.surefire.booter.ForkedBooter.execute(ForkedBooter.java:126)
	at org.apache.maven.surefire.booter.ForkedBooter.main(ForkedBooter.java:418)
Caused by: org.apache.ratis.protocol.RaftRetryFailureException: Failed RaftClientRequest:client-4439BED12E50->1a636c31-9e4c-40ea-b031-c5f26b29f43d@group-08EE2DEA27CA, cid=50, seq=1*, RW, org.apache.hadoop.hdds.scm.XceiverClientRatis$$Lambda$462/2093613480@4a497169 for 20 attempts with RetryLimited(maxAttempts=20, sleepTime=1000ms)
	at org.apache.ratis.client.impl.RaftClientImpl.noMoreRetries(RaftClientImpl.java:271)
	at org.apache.ratis.client.impl.OrderedAsync.handleAsyncRetryFailure(OrderedAsync.java:138)
	at org.apache.ratis.client.impl.OrderedAsync.lambda$sendRequest$10(OrderedAsync.java:230)
	at java.util.concurrent.CompletableFuture.uniExceptionally(CompletableFuture.java:870)
	at java.util.concurrent.CompletableFuture$UniExceptionally.tryFire(CompletableFuture.java:852)
	at java.util.concurrent.CompletableFuture.postComplete(CompletableFuture.java:474)
	at java.util.concurrent.CompletableFuture.completeExceptionally(CompletableFuture.java:1977)
	at org.apache.ratis.grpc.client.GrpcClientProtocolClient$AsyncStreamObservers.completeReplyExceptionally(GrpcClientProtocolClient.java:339)
	at org.apache.ratis.grpc.client.GrpcClientProtocolClient$AsyncStreamObservers.access$000(GrpcClientProtocolClient.java:255)
	at org.apache.ratis.grpc.client.GrpcClientProtocolClient$AsyncStreamObservers$1.onNext(GrpcClientProtocolClient.java:267)
	at org.apache.ratis.grpc.client.GrpcClientProtocolClient$AsyncStreamObservers$1.onNext(GrpcClientProtocolClient.java:258)
	at org.apache.ratis.thirdparty.io.grpc.stub.ClientCalls$StreamObserverToCallListenerAdapter.onMessage(ClientCalls.java:421)
	at org.apache.ratis.thirdparty.io.grpc.ForwardingClientCallListener.onMessage(ForwardingClientCallListener.java:33)
	at org.apache.ratis.thirdparty.io.grpc.ForwardingClientCallListener.onMessage(ForwardingClientCallListener.java:33)
	at org.apache.ratis.thirdparty.io.grpc.internal.ClientCallImpl$ClientStreamListenerImpl$1MessagesAvailable.runInContext(ClientCallImpl.java:519)
	at org.apache.ratis.thirdparty.io.grpc.internal.ContextRunnable.run(ContextRunnable.java:37)
	at org.apache.ratis.thirdparty.io.grpc.internal.SerializingExecutor.run(SerializingExecutor.java:123)
	at java.util.concurrent.ThreadPoolExecutor.runWorker(ThreadPoolExecutor.java:1149)
	at java.util.concurrent.ThreadPoolExecutor$Worker.run(ThreadPoolExecutor.java:624)
	at java.lang.Thread.run(Thread.java:748)
Caused by: org.apache.ratis.protocol.NotLeaderException: Server 1a636c31-9e4c-40ea-b031-c5f26b29f43d@group-08EE2DEA27CA is not the leader 7174c195-fa06-433a-9f95-8297e7790ec0:192.168.34.14:34584
	at org.apache.ratis.client.impl.ClientProtoUtils.toRaftClientReply(ClientProtoUtils.java:243)
	at org.apache.ratis.grpc.client.GrpcClientProtocolClient$AsyncStreamObservers$1.onNext(GrpcClientProtocolClient.java:263)
	... 10 more
</error>
    <system-out><![CDATA[2019-09-23 17:09:35,351 [main] WARN  server.ServerUtils (ServerUtils.java:getScmDbDir(145)) - ozone.scm.db.dirs is not configured. We recommend adding this setting. Falling back to ozone.metadata.dirs instead.
2019-09-23 17:09:35,406 [main] WARN  server.ServerUtils (ServerUtils.java:getScmDbDir(145)) - ozone.scm.db.dirs is not configured. We recommend adding this setting. Falling back to ozone.metadata.dirs instead.
2019-09-23 17:09:35,407 [main] WARN  server.ServerUtils (ServerUtils.java:getScmDbDir(145)) - ozone.scm.db.dirs is not configured. We recommend adding this setting. Falling back to ozone.metadata.dirs instead.
2019-09-23 17:09:35,408 [main] INFO  db.DBStoreBuilder (DBStoreBuilder.java:addTable(110)) - using custom profile for table: deletedBlocks
2019-09-23 17:09:35,408 [main] INFO  db.DBStoreBuilder (DBStoreBuilder.java:processTables(161)) - Using default column profile:DBProfile.DISK for Table:deletedBlocks
2019-09-23 17:09:35,409 [main] INFO  db.DBStoreBuilder (DBStoreBuilder.java:addTable(110)) - using custom profile for table: validCerts
2019-09-23 17:09:35,409 [main] INFO  db.DBStoreBuilder (DBStoreBuilder.java:processTables(161)) - Using default column profile:DBProfile.DISK for Table:validCerts
2019-09-23 17:09:35,409 [main] INFO  db.DBStoreBuilder (DBStoreBuilder.java:addTable(110)) - using custom profile for table: revokedCerts
2019-09-23 17:09:35,410 [main] INFO  db.DBStoreBuilder (DBStoreBuilder.java:processTables(161)) - Using default column profile:DBProfile.DISK for Table:revokedCerts
2019-09-23 17:09:35,410 [main] INFO  db.DBStoreBuilder (DBStoreBuilder.java:addTable(110)) - using custom profile for table: default
2019-09-23 17:09:35,410 [main] INFO  db.DBStoreBuilder (DBStoreBuilder.java:processTables(167)) - Using default column profile:DBProfile.DISK for Table:default
2019-09-23 17:09:35,411 [main] INFO  db.DBStoreBuilder (DBStoreBuilder.java:getDbProfile(198)) - Using default options. DBProfile.DISK
2019-09-23 17:09:36,108 [main] INFO  net.NodeSchemaLoader (NodeSchemaLoader.java:loadSchemaFromFile(125)) - Loading file from sun.misc.CompoundEnumeration@f425231
2019-09-23 17:09:36,108 [main] INFO  net.NodeSchemaLoader (NodeSchemaLoader.java:loadSchema(171)) - Loading network topology layer schema file
2019-09-23 17:09:36,115 [main] WARN  server.ServerUtils (ServerUtils.java:sanitizeUserArgs(70)) - ozone.scm.stale.node.interval value = 300000 is larger than max = 100000 based on the key value of ozone.scm.heartbeat.thread.interval, reset to the max value 100000.
2019-09-23 17:09:36,116 [main] WARN  server.ServerUtils (ServerUtils.java:sanitizeUserArgs(70)) - ozone.scm.stale.node.interval value = 300000 is larger than max = 100000 based on the key value of ozone.scm.heartbeat.thread.interval, reset to the max value 100000.
2019-09-23 17:09:36,116 [main] INFO  node.SCMNodeManager (SCMNodeManager.java:<init>(114)) - Entering startup safe mode.
2019-09-23 17:09:36,117 [main] INFO  algorithms.ContainerPlacementPolicyFactory (ContainerPlacementPolicyFactory.java:getPolicy(57)) - Create container placement policy of type org.apache.hadoop.hdds.scm.container.placement.algorithms.SCMContainerPlacementRandom
2019-09-23 17:09:36,118 [main] WARN  server.ServerUtils (ServerUtils.java:getScmDbDir(145)) - ozone.scm.db.dirs is not configured. We recommend adding this setting. Falling back to ozone.metadata.dirs instead.
2019-09-23 17:09:36,408 [main] INFO  pipeline.SCMPipelineManager (SCMPipelineManager.java:initializePipelineState(132)) - No pipeline exists in current db
2019-09-23 17:09:36,409 [main] WARN  server.ServerUtils (ServerUtils.java:getScmDbDir(145)) - ozone.scm.db.dirs is not configured. We recommend adding this setting. Falling back to ozone.metadata.dirs instead.
2019-09-23 17:09:36,741 [main] WARN  events.EventQueue (EventQueue.java:fireEvent(183)) - No event handler registered for event TypedEvent{payloadType=SafeModeStatus, name='SafeModeStatus'}
2019-09-23 17:09:36,742 [main] INFO  ipc.CallQueueManager (CallQueueManager.java:<init>(84)) - Using callQueue: class java.util.concurrent.LinkedBlockingQueue, queueCapacity: 2000, scheduler: class org.apache.hadoop.ipc.DefaultRpcScheduler, ipcBackoff: false.
2019-09-23 17:09:36,743 [Socket Reader #1 for port 42941] INFO  ipc.Server (Server.java:run(1074)) - Starting Socket Reader #1 for port 42941
2019-09-23 17:09:36,745 [main] INFO  ipc.CallQueueManager (CallQueueManager.java:<init>(84)) - Using callQueue: class java.util.concurrent.LinkedBlockingQueue, queueCapacity: 2000, scheduler: class org.apache.hadoop.ipc.DefaultRpcScheduler, ipcBackoff: false.
2019-09-23 17:09:36,746 [Socket Reader #1 for port 37922] INFO  ipc.Server (Server.java:run(1074)) - Starting Socket Reader #1 for port 37922
2019-09-23 17:09:36,748 [main] INFO  ipc.CallQueueManager (CallQueueManager.java:<init>(84)) - Using callQueue: class java.util.concurrent.LinkedBlockingQueue, queueCapacity: 2000, scheduler: class org.apache.hadoop.ipc.DefaultRpcScheduler, ipcBackoff: false.
2019-09-23 17:09:36,749 [Socket Reader #1 for port 40914] INFO  ipc.Server (Server.java:run(1074)) - Starting Socket Reader #1 for port 40914
2019-09-23 17:09:36,752 [main] INFO  hdfs.DFSUtil (DFSUtil.java:httpServerTemplateForNNAndJN(1641)) - Starting Web-server for scm at: http://0.0.0.0:0
2019-09-23 17:09:36,755 [main] INFO  server.AuthenticationFilter (AuthenticationFilter.java:constructSecretProvider(240)) - Unable to initialize FileSignerSecretProvider, falling back to use random secrets.
2019-09-23 17:09:36,756 [main] WARN  http.HttpRequestLog (HttpRequestLog.java:getRequestLog(97)) - Jetty request log can only be enabled using Log4j
2019-09-23 17:09:36,758 [main] INFO  http.HttpServer2 (HttpServer2.java:addGlobalFilter(975)) - Added global filter 'safety' (class=org.apache.hadoop.http.HttpServer2$QuotingInputFilter)
2019-09-23 17:09:36,759 [main] INFO  http.HttpServer2 (HttpServer2.java:addFilter(948)) - Added filter static_user_filter (class=org.apache.hadoop.http.lib.StaticUserWebFilter$StaticUserFilter) to context scm
2019-09-23 17:09:36,760 [main] INFO  http.HttpServer2 (HttpServer2.java:addFilter(958)) - Added filter static_user_filter (class=org.apache.hadoop.http.lib.StaticUserWebFilter$StaticUserFilter) to context logs
2019-09-23 17:09:36,760 [main] INFO  http.HttpServer2 (HttpServer2.java:addFilter(958)) - Added filter static_user_filter (class=org.apache.hadoop.http.lib.StaticUserWebFilter$StaticUserFilter) to context static
2019-09-23 17:09:36,764 [main] INFO  server.StorageContainerManager (StorageContainerManager.java:start(770)) - StorageContainerLocationProtocol RPC server is listening at /0.0.0.0:40914
2019-09-23 17:09:36,767 [main] WARN  impl.MetricsConfig (MetricsConfig.java:loadFirst(134)) - Cannot locate configuration: tried hadoop-metrics2-storagecontainermanager.properties,hadoop-metrics2.properties
2019-09-23 17:09:36,768 [main] INFO  impl.MetricsSystemImpl (MetricsSystemImpl.java:startTimer(374)) - Scheduled Metric snapshot period at 10 second(s).
2019-09-23 17:09:36,768 [main] INFO  impl.MetricsSystemImpl (MetricsSystemImpl.java:start(191)) - StorageContainerManager metrics system started
2019-09-23 17:09:36,807 [main] WARN  impl.MetricsSystemImpl (MetricsSystemImpl.java:register(276)) - Sink prometheus already exists!
2019-09-23 17:09:36,814 [main] INFO  server.SCMClientProtocolServer (SCMClientProtocolServer.java:start(151)) - RPC server for Client  is listening at /0.0.0.0:40914
2019-09-23 17:09:36,815 [IPC Server Responder] INFO  ipc.Server (Server.java:run(1314)) - IPC Server Responder: starting
2019-09-23 17:09:36,815 [IPC Server listener on 40914] INFO  ipc.Server (Server.java:run(1153)) - IPC Server listener on 40914: starting
2019-09-23 17:09:36,819 [main] INFO  server.StorageContainerManager (StorageContainerManager.java:start(780)) - ScmBlockLocationProtocol RPC server is listening at /0.0.0.0:37922
2019-09-23 17:09:36,819 [main] INFO  server.SCMBlockProtocolServer (SCMBlockProtocolServer.java:start(146)) - RPC server for Block Protocol is listening at /0.0.0.0:37922
2019-09-23 17:09:36,820 [IPC Server Responder] INFO  ipc.Server (Server.java:run(1314)) - IPC Server Responder: starting
2019-09-23 17:09:36,820 [IPC Server listener on 37922] INFO  ipc.Server (Server.java:run(1153)) - IPC Server listener on 37922: starting
2019-09-23 17:09:36,824 [main] INFO  server.StorageContainerManager (StorageContainerManager.java:start(784)) - ScmDatanodeProtocl RPC server is listening at /0.0.0.0:42941
2019-09-23 17:09:36,824 [main] INFO  server.SCMDatanodeProtocolServer (SCMDatanodeProtocolServer.java:start(191)) - RPC server for DataNodes is listening at /0.0.0.0:42941
2019-09-23 17:09:36,824 [IPC Server Responder] INFO  ipc.Server (Server.java:run(1314)) - IPC Server Responder: starting
2019-09-23 17:09:36,824 [IPC Server listener on 42941] INFO  ipc.Server (Server.java:run(1153)) - IPC Server listener on 42941: starting
2019-09-23 17:09:36,828 [main] INFO  http.HttpServer2 (HttpServer2.java:bindListener(1191)) - Jetty bound to port 37500
2019-09-23 17:09:36,829 [main] INFO  server.Server (Server.java:doStart(351)) - jetty-9.3.25.v20180904, build timestamp: 2018-09-04T21:11:46Z, git hash: 3ce520221d0240229c862b122d2b06c12a625732
2019-09-23 17:09:36,831 [main] INFO  handler.ContextHandler (ContextHandler.java:doStart(781)) - Started o.e.j.s.ServletContextHandler@60c1663c{/logs,file:///workdir/hadoop-ozone/integration-test/target/log,AVAILABLE}
2019-09-23 17:09:36,832 [main] INFO  handler.ContextHandler (ContextHandler.java:doStart(781)) - Started o.e.j.s.ServletContextHandler@3c66b7d8{/static,file:///workdir/hadoop-ozone/integration-test/target/test-classes/webapps/static,AVAILABLE}
2019-09-23 17:09:36,838 [main] INFO  handler.ContextHandler (ContextHandler.java:doStart(781)) - Started o.e.j.w.WebAppContext@7668892a{/,file:///workdir/hadoop-ozone/integration-test/target/test-classes/webapps/scm/,AVAILABLE}{/scm}
2019-09-23 17:09:36,838 [main] INFO  server.AbstractConnector (AbstractConnector.java:doStart(278)) - Started ServerConnector@a83495d{HTTP/1.1,[http/1.1]}{0.0.0.0:37500}
2019-09-23 17:09:36,839 [main] INFO  server.Server (Server.java:doStart(419)) - Started @68505ms
2019-09-23 17:09:36,839 [main] WARN  impl.MetricsSystemImpl (MetricsSystemImpl.java:register(276)) - Sink prometheus already exists!
2019-09-23 17:09:36,841 [main] INFO  server.BaseHttpServer (BaseHttpServer.java:updateConnectorAddress(215)) - HTTP server of SCM is listening at http://0.0.0.0:37500
2019-09-23 17:09:36,841 [main] WARN  server.ServerUtils (ServerUtils.java:getDBPath(222)) - ozone.om.db.dirs is not configured. We recommend adding this setting. Falling back to ozone.metadata.dirs instead.
2019-09-23 17:09:36,841 [org.apache.hadoop.util.JvmPauseMonitor$Monitor@4364863] INFO  util.JvmPauseMonitor (JvmPauseMonitor.java:run(188)) - Starting JVM pause monitor
2019-09-23 17:09:36,890 [main] WARN  server.ServerUtils (ServerUtils.java:getDBPath(222)) - ozone.om.db.dirs is not configured. We recommend adding this setting. Falling back to ozone.metadata.dirs instead.
2019-09-23 17:09:36,891 [main] WARN  server.ServerUtils (ServerUtils.java:getDBPath(222)) - ozone.om.db.dirs is not configured. We recommend adding this setting. Falling back to ozone.metadata.dirs instead.
2019-09-23 17:09:36,891 [main] INFO  om.OzoneManager (OzoneManager.java:setOMNodeDetails(652)) - OM Service ID is not set. Setting it to the default ID: omServiceIdDefault
2019-09-23 17:09:36,892 [main] INFO  om.OzoneManager (OzoneManager.java:setOMNodeDetails(658)) - OM Node ID is not set. Setting it to the OmStorage's OmID: a3e7e8a8-bbcb-4f30-8b0d-5c8c1b108110
2019-09-23 17:09:36,892 [main] INFO  om.OzoneManager (OzoneManager.java:loadOMHAConfigs(609)) - Found matching OM address with OMServiceId: null, OMNodeId: null, RPC Address: localhost:0 and Ratis port: 9872
2019-09-23 17:09:36,900 [main] WARN  server.ServerUtils (ServerUtils.java:getDBPath(222)) - ozone.om.db.dirs is not configured. We recommend adding this setting. Falling back to ozone.metadata.dirs instead.
2019-09-23 17:09:36,900 [main] INFO  db.DBStoreBuilder (DBStoreBuilder.java:addTable(110)) - using custom profile for table: userTable
2019-09-23 17:09:36,900 [main] INFO  db.DBStoreBuilder (DBStoreBuilder.java:processTables(161)) - Using default column profile:DBProfile.DISK for Table:userTable
2019-09-23 17:09:36,901 [main] INFO  db.DBStoreBuilder (DBStoreBuilder.java:addTable(110)) - using custom profile for table: volumeTable
2019-09-23 17:09:36,901 [main] INFO  db.DBStoreBuilder (DBStoreBuilder.java:processTables(161)) - Using default column profile:DBProfile.DISK for Table:volumeTable
2019-09-23 17:09:36,901 [main] INFO  db.DBStoreBuilder (DBStoreBuilder.java:addTable(110)) - using custom profile for table: bucketTable
2019-09-23 17:09:36,901 [main] INFO  db.DBStoreBuilder (DBStoreBuilder.java:processTables(161)) - Using default column profile:DBProfile.DISK for Table:bucketTable
2019-09-23 17:09:36,902 [main] INFO  db.DBStoreBuilder (DBStoreBuilder.java:addTable(110)) - using custom profile for table: keyTable
2019-09-23 17:09:36,902 [main] INFO  db.DBStoreBuilder (DBStoreBuilder.java:processTables(161)) - Using default column profile:DBProfile.DISK for Table:keyTable
2019-09-23 17:09:36,902 [main] INFO  db.DBStoreBuilder (DBStoreBuilder.java:addTable(110)) - using custom profile for table: deletedTable
2019-09-23 17:09:36,902 [main] INFO  db.DBStoreBuilder (DBStoreBuilder.java:processTables(161)) - Using default column profile:DBProfile.DISK for Table:deletedTable
2019-09-23 17:09:36,903 [main] INFO  db.DBStoreBuilder (DBStoreBuilder.java:addTable(110)) - using custom profile for table: openKeyTable
2019-09-23 17:09:36,903 [main] INFO  db.DBStoreBuilder (DBStoreBuilder.java:processTables(161)) - Using default column profile:DBProfile.DISK for Table:openKeyTable
2019-09-23 17:09:36,903 [main] INFO  db.DBStoreBuilder (DBStoreBuilder.java:addTable(110)) - using custom profile for table: s3Table
2019-09-23 17:09:36,903 [main] INFO  db.DBStoreBuilder (DBStoreBuilder.java:processTables(161)) - Using default column profile:DBProfile.DISK for Table:s3Table
2019-09-23 17:09:36,904 [main] INFO  db.DBStoreBuilder (DBStoreBuilder.java:addTable(110)) - using custom profile for table: multipartInfoTable
2019-09-23 17:09:36,904 [main] INFO  db.DBStoreBuilder (DBStoreBuilder.java:processTables(161)) - Using default column profile:DBProfile.DISK for Table:multipartInfoTable
2019-09-23 17:09:36,904 [main] INFO  db.DBStoreBuilder (DBStoreBuilder.java:addTable(110)) - using custom profile for table: dTokenTable
2019-09-23 17:09:36,904 [main] INFO  db.DBStoreBuilder (DBStoreBuilder.java:processTables(161)) - Using default column profile:DBProfile.DISK for Table:dTokenTable
2019-09-23 17:09:36,905 [main] INFO  db.DBStoreBuilder (DBStoreBuilder.java:addTable(110)) - using custom profile for table: s3SecretTable
2019-09-23 17:09:36,905 [main] INFO  db.DBStoreBuilder (DBStoreBuilder.java:processTables(161)) - Using default column profile:DBProfile.DISK for Table:s3SecretTable
2019-09-23 17:09:36,905 [main] INFO  db.DBStoreBuilder (DBStoreBuilder.java:addTable(110)) - using custom profile for table: prefixTable
2019-09-23 17:09:36,905 [main] INFO  db.DBStoreBuilder (DBStoreBuilder.java:processTables(161)) - Using default column profile:DBProfile.DISK for Table:prefixTable
2019-09-23 17:09:36,906 [main] INFO  db.DBStoreBuilder (DBStoreBuilder.java:addTable(110)) - using custom profile for table: default
2019-09-23 17:09:36,906 [main] INFO  db.DBStoreBuilder (DBStoreBuilder.java:processTables(167)) - Using default column profile:DBProfile.DISK for Table:default
2019-09-23 17:09:36,906 [main] INFO  db.DBStoreBuilder (DBStoreBuilder.java:getDbProfile(198)) - Using default options. DBProfile.DISK
2019-09-23 17:09:38,448 [main] INFO  ipc.CallQueueManager (CallQueueManager.java:<init>(84)) - Using callQueue: class java.util.concurrent.LinkedBlockingQueue, queueCapacity: 2000, scheduler: class org.apache.hadoop.ipc.DefaultRpcScheduler, ipcBackoff: false.
2019-09-23 17:09:38,450 [Socket Reader #1 for port 33548] INFO  ipc.Server (Server.java:run(1074)) - Starting Socket Reader #1 for port 33548
2019-09-23 17:09:38,472 [main] INFO  om.OzoneManager (OzoneManager.java:start(1243)) - OzoneManager RPC server is listening at localhost/127.0.0.1:33548
2019-09-23 17:09:38,472 [main] INFO  impl.MetricsSystemImpl (MetricsSystemImpl.java:init(158)) - OzoneManager metrics system started (again)
2019-09-23 17:09:38,473 [IPC Server Responder] INFO  ipc.Server (Server.java:run(1314)) - IPC Server Responder: starting
2019-09-23 17:09:38,474 [IPC Server listener on 33548] INFO  ipc.Server (Server.java:run(1153)) - IPC Server listener on 33548: starting
2019-09-23 17:09:38,480 [main] INFO  hdfs.DFSUtil (DFSUtil.java:httpServerTemplateForNNAndJN(1641)) - Starting Web-server for ozoneManager at: http://0.0.0.0:0
2019-09-23 17:09:38,482 [main] INFO  server.AuthenticationFilter (AuthenticationFilter.java:constructSecretProvider(240)) - Unable to initialize FileSignerSecretProvider, falling back to use random secrets.
2019-09-23 17:09:38,483 [main] WARN  http.HttpRequestLog (HttpRequestLog.java:getRequestLog(97)) - Jetty request log can only be enabled using Log4j
2019-09-23 17:09:38,485 [main] INFO  http.HttpServer2 (HttpServer2.java:addGlobalFilter(975)) - Added global filter 'safety' (class=org.apache.hadoop.http.HttpServer2$QuotingInputFilter)
2019-09-23 17:09:38,486 [main] INFO  http.HttpServer2 (HttpServer2.java:addFilter(948)) - Added filter static_user_filter (class=org.apache.hadoop.http.lib.StaticUserWebFilter$StaticUserFilter) to context ozoneManager
2019-09-23 17:09:38,487 [main] INFO  http.HttpServer2 (HttpServer2.java:addFilter(958)) - Added filter static_user_filter (class=org.apache.hadoop.http.lib.StaticUserWebFilter$StaticUserFilter) to context static
2019-09-23 17:09:38,487 [main] INFO  http.HttpServer2 (HttpServer2.java:addFilter(958)) - Added filter static_user_filter (class=org.apache.hadoop.http.lib.StaticUserWebFilter$StaticUserFilter) to context logs
2019-09-23 17:09:38,488 [main] INFO  http.HttpServer2 (HttpServer2.java:bindListener(1191)) - Jetty bound to port 35783
2019-09-23 17:09:38,488 [main] INFO  server.Server (Server.java:doStart(351)) - jetty-9.3.25.v20180904, build timestamp: 2018-09-04T21:11:46Z, git hash: 3ce520221d0240229c862b122d2b06c12a625732
2019-09-23 17:09:38,491 [main] INFO  handler.ContextHandler (ContextHandler.java:doStart(781)) - Started o.e.j.s.ServletContextHandler@479111ba{/logs,file:///workdir/hadoop-ozone/integration-test/target/log,AVAILABLE}
2019-09-23 17:09:38,492 [main] INFO  handler.ContextHandler (ContextHandler.java:doStart(781)) - Started o.e.j.s.ServletContextHandler@7c37f145{/static,file:///workdir/hadoop-ozone/integration-test/target/test-classes/webapps/static,AVAILABLE}
2019-09-23 17:09:38,498 [main] INFO  handler.ContextHandler (ContextHandler.java:doStart(781)) - Started o.e.j.w.WebAppContext@682af059{/,file:///workdir/hadoop-ozone/integration-test/target/test-classes/webapps/ozoneManager/,AVAILABLE}{/ozoneManager}
2019-09-23 17:09:38,499 [main] INFO  server.AbstractConnector (AbstractConnector.java:doStart(278)) - Started ServerConnector@5f36c8e3{HTTP/1.1,[http/1.1]}{0.0.0.0:35783}
2019-09-23 17:09:38,500 [main] INFO  server.Server (Server.java:doStart(419)) - Started @70166ms
2019-09-23 17:09:38,500 [main] WARN  impl.MetricsSystemImpl (MetricsSystemImpl.java:register(276)) - Sink prometheus already exists!
2019-09-23 17:09:38,501 [main] INFO  server.BaseHttpServer (BaseHttpServer.java:updateConnectorAddress(215)) - HTTP server of OZONEMANAGER is listening at http://0.0.0.0:35783
2019-09-23 17:09:38,523 [main] INFO  impl.MetricsSystemImpl (MetricsSystemImpl.java:init(158)) - HddsDatanode metrics system started (again)
2019-09-23 17:09:38,525 [main] INFO  ozone.HddsDatanodeService (HddsDatanodeService.java:start(184)) - HddsDatanodeService host:pr-hdds-2167-q77kb-1598226581 ip:192.168.34.14
2019-09-23 17:09:38,531 [main] INFO  volume.HddsVolume (HddsVolume.java:<init>(176)) - Creating Volume: /workdir/hadoop-ozone/integration-test/target/test-dir/MiniOzoneClusterImpl-2b1d7ee0-b4da-4ba1-8f31-c7ec960d02b8/datanode-0/data/containers/hdds of  storage type : DISK and capacity : 1482555576320
2019-09-23 17:09:38,531 [main] INFO  volume.VolumeSet (VolumeSet.java:initializeVolumeSet(170)) - Added Volume : /workdir/hadoop-ozone/integration-test/target/test-dir/MiniOzoneClusterImpl-2b1d7ee0-b4da-4ba1-8f31-c7ec960d02b8/datanode-0/data/containers/hdds to VolumeSet
2019-09-23 17:09:38,531 [main] INFO  volume.ThrottledAsyncChecker (ThrottledAsyncChecker.java:schedule(139)) - Scheduling a check for org.apache.hadoop.ozone.container.common.volume.HddsVolume@6680f714
2019-09-23 17:09:38,532 [main] INFO  volume.HddsVolumeChecker (HddsVolumeChecker.java:checkAllVolumes(202)) - Scheduled health check for volume org.apache.hadoop.ozone.container.common.volume.HddsVolume@6680f714
2019-09-23 17:09:38,548 [main] INFO  impl.RaftServerProxy (ConfUtils.java:logGet(43)) - raft.rpc.type = GRPC (default)
2019-09-23 17:09:38,548 [main] INFO  grpc.GrpcFactory (GrpcFactory.java:checkPooledByteBufAllocatorUseCacheForAllThreads(45)) - PERFORMANCE WARNING: useCacheForAllThreads is true that may cause Netty to create a lot garbage objects and, as a result, trigger GC.
	It is recommended to disable useCacheForAllThreads by setting -Dorg.apache.ratis.thirdparty.io.netty.allocator.useCacheForAllThreads=false in command line.
2019-09-23 17:09:38,548 [main] INFO  grpc.GrpcConfigKeys$Server (ConfUtils.java:logGet(43)) - raft.grpc.server.port = 0 (default)
2019-09-23 17:09:38,549 [main] INFO  server.GrpcService (ConfUtils.java:logGet(43)) - raft.grpc.message.size.max = 33570816 (custom)
2019-09-23 17:09:38,549 [main] INFO  server.RaftServerConfigKeys (ConfUtils.java:logGet(43)) - raft.server.log.appender.buffer.byte-limit = 33554432 (custom)
2019-09-23 17:09:38,549 [main] INFO  server.GrpcService (ConfUtils.java:logGet(43)) - raft.grpc.flow.control.window = 1MB (=1048576) (default)
2019-09-23 17:09:38,549 [main] INFO  server.RaftServerConfigKeys (ConfUtils.java:logGet(43)) - raft.server.rpc.request.timeout = 3000ms (default)
2019-09-23 17:09:38,550 [main] INFO  server.RaftServerConfigKeys (ConfUtils.java:logGet(43)) - raft.server.storage.dir = [/workdir/hadoop-ozone/integration-test/target/test-dir/MiniOzoneClusterImpl-2b1d7ee0-b4da-4ba1-8f31-c7ec960d02b8/datanode-0/data/ratis] (custom)
2019-09-23 17:09:38,551 [main] INFO  hdfs.DFSUtil (DFSUtil.java:httpServerTemplateForNNAndJN(1641)) - Starting Web-server for hddsDatanode at: http://0.0.0.0:0
2019-09-23 17:09:38,554 [main] INFO  server.AuthenticationFilter (AuthenticationFilter.java:constructSecretProvider(240)) - Unable to initialize FileSignerSecretProvider, falling back to use random secrets.
2019-09-23 17:09:38,555 [main] WARN  http.HttpRequestLog (HttpRequestLog.java:getRequestLog(97)) - Jetty request log can only be enabled using Log4j
2019-09-23 17:09:38,560 [main] INFO  http.HttpServer2 (HttpServer2.java:addGlobalFilter(975)) - Added global filter 'safety' (class=org.apache.hadoop.http.HttpServer2$QuotingInputFilter)
2019-09-23 17:09:38,561 [main] INFO  http.HttpServer2 (HttpServer2.java:addFilter(948)) - Added filter static_user_filter (class=org.apache.hadoop.http.lib.StaticUserWebFilter$StaticUserFilter) to context hddsDatanode
2019-09-23 17:09:38,562 [main] INFO  http.HttpServer2 (HttpServer2.java:addFilter(958)) - Added filter static_user_filter (class=org.apache.hadoop.http.lib.StaticUserWebFilter$StaticUserFilter) to context logs
2019-09-23 17:09:38,562 [main] INFO  http.HttpServer2 (HttpServer2.java:addFilter(958)) - Added filter static_user_filter (class=org.apache.hadoop.http.lib.StaticUserWebFilter$StaticUserFilter) to context static
2019-09-23 17:09:38,563 [main] INFO  http.HttpServer2 (HttpServer2.java:bindListener(1191)) - Jetty bound to port 42098
2019-09-23 17:09:38,564 [main] INFO  server.Server (Server.java:doStart(351)) - jetty-9.3.25.v20180904, build timestamp: 2018-09-04T21:11:46Z, git hash: 3ce520221d0240229c862b122d2b06c12a625732
2019-09-23 17:09:38,566 [main] INFO  handler.ContextHandler (ContextHandler.java:doStart(781)) - Started o.e.j.s.ServletContextHandler@58af5076{/logs,file:///workdir/hadoop-ozone/integration-test/target/log,AVAILABLE}
2019-09-23 17:09:38,567 [main] INFO  handler.ContextHandler (ContextHandler.java:doStart(781)) - Started o.e.j.s.ServletContextHandler@4d9754a8{/static,jar:file:/home/user/.m2/repository/org/apache/hadoop/hadoop-hdds-container-service/0.5.0-SNAPSHOT/hadoop-hdds-container-service-0.5.0-SNAPSHOT.jar!/webapps/static,AVAILABLE}
2019-09-23 17:09:38,613 [main] INFO  handler.ContextHandler (ContextHandler.java:doStart(781)) - Started o.e.j.w.WebAppContext@46911148{/,file:///tmp/jetty-0.0.0.0-42098-hddsDatanode-_-any-1029280715414231678.dir/webapp/,AVAILABLE}{/hddsDatanode}
2019-09-23 17:09:38,614 [main] INFO  server.AbstractConnector (AbstractConnector.java:doStart(278)) - Started ServerConnector@2db1b657{HTTP/1.1,[http/1.1]}{0.0.0.0:42098}
2019-09-23 17:09:38,615 [main] INFO  server.Server (Server.java:doStart(419)) - Started @70281ms
2019-09-23 17:09:38,615 [main] WARN  impl.MetricsSystemImpl (MetricsSystemImpl.java:register(276)) - Sink prometheus already exists!
2019-09-23 17:09:38,616 [main] INFO  server.BaseHttpServer (BaseHttpServer.java:updateConnectorAddress(215)) - HTTP server of HDDSDATANODE is listening at http://0.0.0.0:42098
2019-09-23 17:09:38,617 [main] INFO  impl.MetricsSystemImpl (MetricsSystemImpl.java:init(158)) - HddsDatanode metrics system started (again)
2019-09-23 17:09:38,621 [org.apache.hadoop.util.JvmPauseMonitor$Monitor@6c2b10f9] INFO  util.JvmPauseMonitor (JvmPauseMonitor.java:run(188)) - Starting JVM pause monitor
2019-09-23 17:09:38,623 [main] INFO  ozone.HddsDatanodeService (HddsDatanodeService.java:start(184)) - HddsDatanodeService host:pr-hdds-2167-q77kb-1598226581 ip:192.168.34.14
2019-09-23 17:09:38,625 [Datanode State Machine Thread - 0] INFO  datanode.InitDatanodeState (InitDatanodeState.java:persistContainerDatanodeDetails(140)) - DatanodeDetails is persisted to /workdir/hadoop-ozone/integration-test/target/test-dir/MiniOzoneClusterImpl-2b1d7ee0-b4da-4ba1-8f31-c7ec960d02b8/datanode-0/meta/datanode.id
2019-09-23 17:09:38,631 [main] INFO  volume.HddsVolume (HddsVolume.java:<init>(176)) - Creating Volume: /workdir/hadoop-ozone/integration-test/target/test-dir/MiniOzoneClusterImpl-2b1d7ee0-b4da-4ba1-8f31-c7ec960d02b8/datanode-1/data/containers/hdds of  storage type : DISK and capacity : 1482555576320
2019-09-23 17:09:38,632 [main] INFO  volume.VolumeSet (VolumeSet.java:initializeVolumeSet(170)) - Added Volume : /workdir/hadoop-ozone/integration-test/target/test-dir/MiniOzoneClusterImpl-2b1d7ee0-b4da-4ba1-8f31-c7ec960d02b8/datanode-1/data/containers/hdds to VolumeSet
2019-09-23 17:09:38,632 [main] INFO  volume.ThrottledAsyncChecker (ThrottledAsyncChecker.java:schedule(139)) - Scheduling a check for org.apache.hadoop.ozone.container.common.volume.HddsVolume@4a92c6a9
2019-09-23 17:09:38,633 [main] INFO  volume.HddsVolumeChecker (HddsVolumeChecker.java:checkAllVolumes(202)) - Scheduled health check for volume org.apache.hadoop.ozone.container.common.volume.HddsVolume@4a92c6a9
2019-09-23 17:09:38,656 [main] INFO  impl.RaftServerProxy (ConfUtils.java:logGet(43)) - raft.rpc.type = GRPC (default)
2019-09-23 17:09:38,656 [main] INFO  grpc.GrpcFactory (GrpcFactory.java:checkPooledByteBufAllocatorUseCacheForAllThreads(45)) - PERFORMANCE WARNING: useCacheForAllThreads is true that may cause Netty to create a lot garbage objects and, as a result, trigger GC.
	It is recommended to disable useCacheForAllThreads by setting -Dorg.apache.ratis.thirdparty.io.netty.allocator.useCacheForAllThreads=false in command line.
2019-09-23 17:09:38,656 [main] INFO  grpc.GrpcConfigKeys$Server (ConfUtils.java:logGet(43)) - raft.grpc.server.port = 0 (default)
2019-09-23 17:09:38,657 [main] INFO  server.GrpcService (ConfUtils.java:logGet(43)) - raft.grpc.message.size.max = 33570816 (custom)
2019-09-23 17:09:38,657 [main] INFO  server.RaftServerConfigKeys (ConfUtils.java:logGet(43)) - raft.server.log.appender.buffer.byte-limit = 33554432 (custom)
2019-09-23 17:09:38,657 [main] INFO  server.GrpcService (ConfUtils.java:logGet(43)) - raft.grpc.flow.control.window = 1MB (=1048576) (default)
2019-09-23 17:09:38,657 [main] INFO  server.RaftServerConfigKeys (ConfUtils.java:logGet(43)) - raft.server.rpc.request.timeout = 3000ms (default)
2019-09-23 17:09:38,658 [main] INFO  server.RaftServerConfigKeys (ConfUtils.java:logGet(43)) - raft.server.storage.dir = [/workdir/hadoop-ozone/integration-test/target/test-dir/MiniOzoneClusterImpl-2b1d7ee0-b4da-4ba1-8f31-c7ec960d02b8/datanode-1/data/ratis] (custom)
2019-09-23 17:09:38,659 [main] INFO  hdfs.DFSUtil (DFSUtil.java:httpServerTemplateForNNAndJN(1641)) - Starting Web-server for hddsDatanode at: http://0.0.0.0:0
2019-09-23 17:09:38,661 [main] INFO  server.AuthenticationFilter (AuthenticationFilter.java:constructSecretProvider(240)) - Unable to initialize FileSignerSecretProvider, falling back to use random secrets.
2019-09-23 17:09:38,662 [main] WARN  http.HttpRequestLog (HttpRequestLog.java:getRequestLog(97)) - Jetty request log can only be enabled using Log4j
2019-09-23 17:09:38,664 [main] INFO  http.HttpServer2 (HttpServer2.java:addGlobalFilter(975)) - Added global filter 'safety' (class=org.apache.hadoop.http.HttpServer2$QuotingInputFilter)
2019-09-23 17:09:38,665 [main] INFO  http.HttpServer2 (HttpServer2.java:addFilter(948)) - Added filter static_user_filter (class=org.apache.hadoop.http.lib.StaticUserWebFilter$StaticUserFilter) to context hddsDatanode
2019-09-23 17:09:38,666 [main] INFO  http.HttpServer2 (HttpServer2.java:addFilter(958)) - Added filter static_user_filter (class=org.apache.hadoop.http.lib.StaticUserWebFilter$StaticUserFilter) to context logs
2019-09-23 17:09:38,666 [main] INFO  http.HttpServer2 (HttpServer2.java:addFilter(958)) - Added filter static_user_filter (class=org.apache.hadoop.http.lib.StaticUserWebFilter$StaticUserFilter) to context static
2019-09-23 17:09:38,667 [main] INFO  http.HttpServer2 (HttpServer2.java:bindListener(1191)) - Jetty bound to port 43796
2019-09-23 17:09:38,667 [main] INFO  server.Server (Server.java:doStart(351)) - jetty-9.3.25.v20180904, build timestamp: 2018-09-04T21:11:46Z, git hash: 3ce520221d0240229c862b122d2b06c12a625732
2019-09-23 17:09:38,669 [main] INFO  handler.ContextHandler (ContextHandler.java:doStart(781)) - Started o.e.j.s.ServletContextHandler@14924f41{/logs,file:///workdir/hadoop-ozone/integration-test/target/log,AVAILABLE}
2019-09-23 17:09:38,670 [main] INFO  handler.ContextHandler (ContextHandler.java:doStart(781)) - Started o.e.j.s.ServletContextHandler@1f939a0f{/static,jar:file:/home/user/.m2/repository/org/apache/hadoop/hadoop-hdds-container-service/0.5.0-SNAPSHOT/hadoop-hdds-container-service-0.5.0-SNAPSHOT.jar!/webapps/static,AVAILABLE}
2019-09-23 17:09:38,711 [main] INFO  handler.ContextHandler (ContextHandler.java:doStart(781)) - Started o.e.j.w.WebAppContext@45ab3bdd{/,file:///tmp/jetty-0.0.0.0-43796-hddsDatanode-_-any-8640480611960762201.dir/webapp/,AVAILABLE}{/hddsDatanode}
2019-09-23 17:09:38,712 [main] INFO  server.AbstractConnector (AbstractConnector.java:doStart(278)) - Started ServerConnector@2f10f633{HTTP/1.1,[http/1.1]}{0.0.0.0:43796}
2019-09-23 17:09:38,713 [main] INFO  server.Server (Server.java:doStart(419)) - Started @70379ms
2019-09-23 17:09:38,713 [main] WARN  impl.MetricsSystemImpl (MetricsSystemImpl.java:register(276)) - Sink prometheus already exists!
2019-09-23 17:09:38,714 [main] INFO  server.BaseHttpServer (BaseHttpServer.java:updateConnectorAddress(215)) - HTTP server of HDDSDATANODE is listening at http://0.0.0.0:43796
2019-09-23 17:09:38,714 [main] INFO  impl.MetricsSystemImpl (MetricsSystemImpl.java:init(158)) - HddsDatanode metrics system started (again)
2019-09-23 17:09:38,719 [org.apache.hadoop.util.JvmPauseMonitor$Monitor@58bda674] INFO  util.JvmPauseMonitor (JvmPauseMonitor.java:run(188)) - Starting JVM pause monitor
2019-09-23 17:09:38,720 [main] INFO  ozone.HddsDatanodeService (HddsDatanodeService.java:start(184)) - HddsDatanodeService host:pr-hdds-2167-q77kb-1598226581 ip:192.168.34.14
2019-09-23 17:09:38,722 [Datanode State Machine Thread - 0] INFO  datanode.InitDatanodeState (InitDatanodeState.java:persistContainerDatanodeDetails(140)) - DatanodeDetails is persisted to /workdir/hadoop-ozone/integration-test/target/test-dir/MiniOzoneClusterImpl-2b1d7ee0-b4da-4ba1-8f31-c7ec960d02b8/datanode-1/meta/datanode.id
2019-09-23 17:09:38,726 [main] INFO  volume.HddsVolume (HddsVolume.java:<init>(176)) - Creating Volume: /workdir/hadoop-ozone/integration-test/target/test-dir/MiniOzoneClusterImpl-2b1d7ee0-b4da-4ba1-8f31-c7ec960d02b8/datanode-2/data/containers/hdds of  storage type : DISK and capacity : 1482555576320
2019-09-23 17:09:38,726 [main] INFO  volume.VolumeSet (VolumeSet.java:initializeVolumeSet(170)) - Added Volume : /workdir/hadoop-ozone/integration-test/target/test-dir/MiniOzoneClusterImpl-2b1d7ee0-b4da-4ba1-8f31-c7ec960d02b8/datanode-2/data/containers/hdds to VolumeSet
2019-09-23 17:09:38,726 [main] INFO  volume.ThrottledAsyncChecker (ThrottledAsyncChecker.java:schedule(139)) - Scheduling a check for org.apache.hadoop.ozone.container.common.volume.HddsVolume@e280403
2019-09-23 17:09:38,727 [main] INFO  volume.HddsVolumeChecker (HddsVolumeChecker.java:checkAllVolumes(202)) - Scheduled health check for volume org.apache.hadoop.ozone.container.common.volume.HddsVolume@e280403
2019-09-23 17:09:38,743 [main] INFO  impl.RaftServerProxy (ConfUtils.java:logGet(43)) - raft.rpc.type = GRPC (default)
2019-09-23 17:09:38,743 [main] INFO  grpc.GrpcFactory (GrpcFactory.java:checkPooledByteBufAllocatorUseCacheForAllThreads(45)) - PERFORMANCE WARNING: useCacheForAllThreads is true that may cause Netty to create a lot garbage objects and, as a result, trigger GC.
	It is recommended to disable useCacheForAllThreads by setting -Dorg.apache.ratis.thirdparty.io.netty.allocator.useCacheForAllThreads=false in command line.
2019-09-23 17:09:38,743 [main] INFO  grpc.GrpcConfigKeys$Server (ConfUtils.java:logGet(43)) - raft.grpc.server.port = 0 (default)
2019-09-23 17:09:38,743 [main] INFO  server.GrpcService (ConfUtils.java:logGet(43)) - raft.grpc.message.size.max = 33570816 (custom)
2019-09-23 17:09:38,744 [main] INFO  server.RaftServerConfigKeys (ConfUtils.java:logGet(43)) - raft.server.log.appender.buffer.byte-limit = 33554432 (custom)
2019-09-23 17:09:38,744 [main] INFO  server.GrpcService (ConfUtils.java:logGet(43)) - raft.grpc.flow.control.window = 1MB (=1048576) (default)
2019-09-23 17:09:38,744 [main] INFO  server.RaftServerConfigKeys (ConfUtils.java:logGet(43)) - raft.server.rpc.request.timeout = 3000ms (default)
2019-09-23 17:09:38,744 [main] INFO  server.RaftServerConfigKeys (ConfUtils.java:logGet(43)) - raft.server.storage.dir = [/workdir/hadoop-ozone/integration-test/target/test-dir/MiniOzoneClusterImpl-2b1d7ee0-b4da-4ba1-8f31-c7ec960d02b8/datanode-2/data/ratis] (custom)
2019-09-23 17:09:38,746 [main] INFO  hdfs.DFSUtil (DFSUtil.java:httpServerTemplateForNNAndJN(1641)) - Starting Web-server for hddsDatanode at: http://0.0.0.0:0
2019-09-23 17:09:38,748 [main] INFO  server.AuthenticationFilter (AuthenticationFilter.java:constructSecretProvider(240)) - Unable to initialize FileSignerSecretProvider, falling back to use random secrets.
2019-09-23 17:09:38,749 [main] WARN  http.HttpRequestLog (HttpRequestLog.java:getRequestLog(97)) - Jetty request log can only be enabled using Log4j
2019-09-23 17:09:38,751 [main] INFO  http.HttpServer2 (HttpServer2.java:addGlobalFilter(975)) - Added global filter 'safety' (class=org.apache.hadoop.http.HttpServer2$QuotingInputFilter)
2019-09-23 17:09:38,754 [main] INFO  http.HttpServer2 (HttpServer2.java:addFilter(948)) - Added filter static_user_filter (class=org.apache.hadoop.http.lib.StaticUserWebFilter$StaticUserFilter) to context hddsDatanode
2019-09-23 17:09:38,754 [main] INFO  http.HttpServer2 (HttpServer2.java:addFilter(958)) - Added filter static_user_filter (class=org.apache.hadoop.http.lib.StaticUserWebFilter$StaticUserFilter) to context static
2019-09-23 17:09:38,754 [main] INFO  http.HttpServer2 (HttpServer2.java:addFilter(958)) - Added filter static_user_filter (class=org.apache.hadoop.http.lib.StaticUserWebFilter$StaticUserFilter) to context logs
2019-09-23 17:09:38,755 [main] INFO  http.HttpServer2 (HttpServer2.java:bindListener(1191)) - Jetty bound to port 39830
2019-09-23 17:09:38,756 [main] INFO  server.Server (Server.java:doStart(351)) - jetty-9.3.25.v20180904, build timestamp: 2018-09-04T21:11:46Z, git hash: 3ce520221d0240229c862b122d2b06c12a625732
2019-09-23 17:09:38,758 [main] INFO  handler.ContextHandler (ContextHandler.java:doStart(781)) - Started o.e.j.s.ServletContextHandler@78422efb{/logs,file:///workdir/hadoop-ozone/integration-test/target/log,AVAILABLE}
2019-09-23 17:09:38,759 [main] INFO  handler.ContextHandler (ContextHandler.java:doStart(781)) - Started o.e.j.s.ServletContextHandler@68e02f33{/static,jar:file:/home/user/.m2/repository/org/apache/hadoop/hadoop-hdds-container-service/0.5.0-SNAPSHOT/hadoop-hdds-container-service-0.5.0-SNAPSHOT.jar!/webapps/static,AVAILABLE}
2019-09-23 17:09:38,802 [main] INFO  handler.ContextHandler (ContextHandler.java:doStart(781)) - Started o.e.j.w.WebAppContext@1d06f16f{/,file:///tmp/jetty-0.0.0.0-39830-hddsDatanode-_-any-187085817074178316.dir/webapp/,AVAILABLE}{/hddsDatanode}
2019-09-23 17:09:38,802 [main] INFO  server.AbstractConnector (AbstractConnector.java:doStart(278)) - Started ServerConnector@4fa4f485{HTTP/1.1,[http/1.1]}{0.0.0.0:39830}
2019-09-23 17:09:38,803 [main] INFO  server.Server (Server.java:doStart(419)) - Started @70469ms
2019-09-23 17:09:38,804 [main] WARN  impl.MetricsSystemImpl (MetricsSystemImpl.java:register(276)) - Sink prometheus already exists!
2019-09-23 17:09:38,804 [main] INFO  server.BaseHttpServer (BaseHttpServer.java:updateConnectorAddress(215)) - HTTP server of HDDSDATANODE is listening at http://0.0.0.0:39830
2019-09-23 17:09:38,805 [main] INFO  impl.MetricsSystemImpl (MetricsSystemImpl.java:init(158)) - HddsDatanode metrics system started (again)
2019-09-23 17:09:38,809 [org.apache.hadoop.util.JvmPauseMonitor$Monitor@611c16a2] INFO  util.JvmPauseMonitor (JvmPauseMonitor.java:run(188)) - Starting JVM pause monitor
2019-09-23 17:09:38,809 [main] INFO  ozone.HddsDatanodeService (HddsDatanodeService.java:start(184)) - HddsDatanodeService host:pr-hdds-2167-q77kb-1598226581 ip:192.168.34.14
2019-09-23 17:09:38,810 [Datanode State Machine Thread - 0] INFO  datanode.InitDatanodeState (InitDatanodeState.java:persistContainerDatanodeDetails(140)) - DatanodeDetails is persisted to /workdir/hadoop-ozone/integration-test/target/test-dir/MiniOzoneClusterImpl-2b1d7ee0-b4da-4ba1-8f31-c7ec960d02b8/datanode-2/meta/datanode.id
2019-09-23 17:09:38,815 [main] INFO  volume.HddsVolume (HddsVolume.java:<init>(176)) - Creating Volume: /workdir/hadoop-ozone/integration-test/target/test-dir/MiniOzoneClusterImpl-2b1d7ee0-b4da-4ba1-8f31-c7ec960d02b8/datanode-3/data/containers/hdds of  storage type : DISK and capacity : 1482555576320
2019-09-23 17:09:38,816 [main] INFO  volume.VolumeSet (VolumeSet.java:initializeVolumeSet(170)) - Added Volume : /workdir/hadoop-ozone/integration-test/target/test-dir/MiniOzoneClusterImpl-2b1d7ee0-b4da-4ba1-8f31-c7ec960d02b8/datanode-3/data/containers/hdds to VolumeSet
2019-09-23 17:09:38,816 [main] INFO  volume.ThrottledAsyncChecker (ThrottledAsyncChecker.java:schedule(139)) - Scheduling a check for org.apache.hadoop.ozone.container.common.volume.HddsVolume@32eae6f2
2019-09-23 17:09:38,816 [main] INFO  volume.HddsVolumeChecker (HddsVolumeChecker.java:checkAllVolumes(202)) - Scheduled health check for volume org.apache.hadoop.ozone.container.common.volume.HddsVolume@32eae6f2
2019-09-23 17:09:38,833 [main] INFO  impl.RaftServerProxy (ConfUtils.java:logGet(43)) - raft.rpc.type = GRPC (default)
2019-09-23 17:09:38,833 [main] INFO  grpc.GrpcFactory (GrpcFactory.java:checkPooledByteBufAllocatorUseCacheForAllThreads(45)) - PERFORMANCE WARNING: useCacheForAllThreads is true that may cause Netty to create a lot garbage objects and, as a result, trigger GC.
	It is recommended to disable useCacheForAllThreads by setting -Dorg.apache.ratis.thirdparty.io.netty.allocator.useCacheForAllThreads=false in command line.
2019-09-23 17:09:38,833 [main] INFO  grpc.GrpcConfigKeys$Server (ConfUtils.java:logGet(43)) - raft.grpc.server.port = 0 (default)
2019-09-23 17:09:38,833 [main] INFO  server.GrpcService (ConfUtils.java:logGet(43)) - raft.grpc.message.size.max = 33570816 (custom)
2019-09-23 17:09:38,833 [main] INFO  server.RaftServerConfigKeys (ConfUtils.java:logGet(43)) - raft.server.log.appender.buffer.byte-limit = 33554432 (custom)
2019-09-23 17:09:38,834 [main] INFO  server.GrpcService (ConfUtils.java:logGet(43)) - raft.grpc.flow.control.window = 1MB (=1048576) (default)
2019-09-23 17:09:38,834 [main] INFO  server.RaftServerConfigKeys (ConfUtils.java:logGet(43)) - raft.server.rpc.request.timeout = 3000ms (default)
2019-09-23 17:09:38,834 [main] INFO  server.RaftServerConfigKeys (ConfUtils.java:logGet(43)) - raft.server.storage.dir = [/workdir/hadoop-ozone/integration-test/target/test-dir/MiniOzoneClusterImpl-2b1d7ee0-b4da-4ba1-8f31-c7ec960d02b8/datanode-3/data/ratis] (custom)
2019-09-23 17:09:38,836 [main] INFO  hdfs.DFSUtil (DFSUtil.java:httpServerTemplateForNNAndJN(1641)) - Starting Web-server for hddsDatanode at: http://0.0.0.0:0
2019-09-23 17:09:38,837 [main] INFO  server.AuthenticationFilter (AuthenticationFilter.java:constructSecretProvider(240)) - Unable to initialize FileSignerSecretProvider, falling back to use random secrets.
2019-09-23 17:09:38,838 [main] WARN  http.HttpRequestLog (HttpRequestLog.java:getRequestLog(97)) - Jetty request log can only be enabled using Log4j
2019-09-23 17:09:38,839 [main] INFO  http.HttpServer2 (HttpServer2.java:addGlobalFilter(975)) - Added global filter 'safety' (class=org.apache.hadoop.http.HttpServer2$QuotingInputFilter)
2019-09-23 17:09:38,840 [main] INFO  http.HttpServer2 (HttpServer2.java:addFilter(948)) - Added filter static_user_filter (class=org.apache.hadoop.http.lib.StaticUserWebFilter$StaticUserFilter) to context hddsDatanode
2019-09-23 17:09:38,840 [main] INFO  http.HttpServer2 (HttpServer2.java:addFilter(958)) - Added filter static_user_filter (class=org.apache.hadoop.http.lib.StaticUserWebFilter$StaticUserFilter) to context logs
2019-09-23 17:09:38,840 [main] INFO  http.HttpServer2 (HttpServer2.java:addFilter(958)) - Added filter static_user_filter (class=org.apache.hadoop.http.lib.StaticUserWebFilter$StaticUserFilter) to context static
2019-09-23 17:09:38,841 [main] INFO  http.HttpServer2 (HttpServer2.java:bindListener(1191)) - Jetty bound to port 42285
2019-09-23 17:09:38,841 [main] INFO  server.Server (Server.java:doStart(351)) - jetty-9.3.25.v20180904, build timestamp: 2018-09-04T21:11:46Z, git hash: 3ce520221d0240229c862b122d2b06c12a625732
2019-09-23 17:09:38,843 [main] INFO  handler.ContextHandler (ContextHandler.java:doStart(781)) - Started o.e.j.s.ServletContextHandler@796f632b{/logs,file:///workdir/hadoop-ozone/integration-test/target/log,AVAILABLE}
2019-09-23 17:09:38,843 [main] INFO  handler.ContextHandler (ContextHandler.java:doStart(781)) - Started o.e.j.s.ServletContextHandler@cedee22{/static,jar:file:/home/user/.m2/repository/org/apache/hadoop/hadoop-hdds-container-service/0.5.0-SNAPSHOT/hadoop-hdds-container-service-0.5.0-SNAPSHOT.jar!/webapps/static,AVAILABLE}
2019-09-23 17:09:38,874 [main] INFO  handler.ContextHandler (ContextHandler.java:doStart(781)) - Started o.e.j.w.WebAppContext@759de304{/,file:///tmp/jetty-0.0.0.0-42285-hddsDatanode-_-any-6591063277969022713.dir/webapp/,AVAILABLE}{/hddsDatanode}
2019-09-23 17:09:38,874 [main] INFO  server.AbstractConnector (AbstractConnector.java:doStart(278)) - Started ServerConnector@5649d11a{HTTP/1.1,[http/1.1]}{0.0.0.0:42285}
2019-09-23 17:09:38,876 [main] INFO  server.Server (Server.java:doStart(419)) - Started @70542ms
2019-09-23 17:09:38,876 [main] WARN  impl.MetricsSystemImpl (MetricsSystemImpl.java:register(276)) - Sink prometheus already exists!
2019-09-23 17:09:38,877 [main] INFO  server.BaseHttpServer (BaseHttpServer.java:updateConnectorAddress(215)) - HTTP server of HDDSDATANODE is listening at http://0.0.0.0:42285
2019-09-23 17:09:38,877 [main] INFO  impl.MetricsSystemImpl (MetricsSystemImpl.java:init(158)) - HddsDatanode metrics system started (again)
2019-09-23 17:09:38,883 [org.apache.hadoop.util.JvmPauseMonitor$Monitor@59379f94] INFO  util.JvmPauseMonitor (JvmPauseMonitor.java:run(188)) - Starting JVM pause monitor
2019-09-23 17:09:38,884 [main] INFO  ozone.HddsDatanodeService (HddsDatanodeService.java:start(184)) - HddsDatanodeService host:pr-hdds-2167-q77kb-1598226581 ip:192.168.34.14
2019-09-23 17:09:38,885 [Datanode State Machine Thread - 0] INFO  datanode.InitDatanodeState (InitDatanodeState.java:persistContainerDatanodeDetails(140)) - DatanodeDetails is persisted to /workdir/hadoop-ozone/integration-test/target/test-dir/MiniOzoneClusterImpl-2b1d7ee0-b4da-4ba1-8f31-c7ec960d02b8/datanode-3/meta/datanode.id
2019-09-23 17:09:38,892 [main] INFO  volume.HddsVolume (HddsVolume.java:<init>(176)) - Creating Volume: /workdir/hadoop-ozone/integration-test/target/test-dir/MiniOzoneClusterImpl-2b1d7ee0-b4da-4ba1-8f31-c7ec960d02b8/datanode-4/data/containers/hdds of  storage type : DISK and capacity : 1482555576320
2019-09-23 17:09:38,892 [main] INFO  volume.VolumeSet (VolumeSet.java:initializeVolumeSet(170)) - Added Volume : /workdir/hadoop-ozone/integration-test/target/test-dir/MiniOzoneClusterImpl-2b1d7ee0-b4da-4ba1-8f31-c7ec960d02b8/datanode-4/data/containers/hdds to VolumeSet
2019-09-23 17:09:38,892 [main] INFO  volume.ThrottledAsyncChecker (ThrottledAsyncChecker.java:schedule(139)) - Scheduling a check for org.apache.hadoop.ozone.container.common.volume.HddsVolume@2539cd1c
2019-09-23 17:09:38,893 [main] INFO  volume.HddsVolumeChecker (HddsVolumeChecker.java:checkAllVolumes(202)) - Scheduled health check for volume org.apache.hadoop.ozone.container.common.volume.HddsVolume@2539cd1c
2019-09-23 17:09:38,918 [main] INFO  impl.RaftServerProxy (ConfUtils.java:logGet(43)) - raft.rpc.type = GRPC (default)
2019-09-23 17:09:38,919 [main] INFO  grpc.GrpcFactory (GrpcFactory.java:checkPooledByteBufAllocatorUseCacheForAllThreads(45)) - PERFORMANCE WARNING: useCacheForAllThreads is true that may cause Netty to create a lot garbage objects and, as a result, trigger GC.
	It is recommended to disable useCacheForAllThreads by setting -Dorg.apache.ratis.thirdparty.io.netty.allocator.useCacheForAllThreads=false in command line.
2019-09-23 17:09:38,919 [main] INFO  grpc.GrpcConfigKeys$Server (ConfUtils.java:logGet(43)) - raft.grpc.server.port = 0 (default)
2019-09-23 17:09:38,919 [main] INFO  server.GrpcService (ConfUtils.java:logGet(43)) - raft.grpc.message.size.max = 33570816 (custom)
2019-09-23 17:09:38,919 [main] INFO  server.RaftServerConfigKeys (ConfUtils.java:logGet(43)) - raft.server.log.appender.buffer.byte-limit = 33554432 (custom)
2019-09-23 17:09:38,920 [main] INFO  server.GrpcService (ConfUtils.java:logGet(43)) - raft.grpc.flow.control.window = 1MB (=1048576) (default)
2019-09-23 17:09:38,920 [main] INFO  server.RaftServerConfigKeys (ConfUtils.java:logGet(43)) - raft.server.rpc.request.timeout = 3000ms (default)
2019-09-23 17:09:38,921 [main] INFO  server.RaftServerConfigKeys (ConfUtils.java:logGet(43)) - raft.server.storage.dir = [/workdir/hadoop-ozone/integration-test/target/test-dir/MiniOzoneClusterImpl-2b1d7ee0-b4da-4ba1-8f31-c7ec960d02b8/datanode-4/data/ratis] (custom)
2019-09-23 17:09:38,922 [main] INFO  hdfs.DFSUtil (DFSUtil.java:httpServerTemplateForNNAndJN(1641)) - Starting Web-server for hddsDatanode at: http://0.0.0.0:0
2019-09-23 17:09:38,925 [main] INFO  server.AuthenticationFilter (AuthenticationFilter.java:constructSecretProvider(240)) - Unable to initialize FileSignerSecretProvider, falling back to use random secrets.
2019-09-23 17:09:38,926 [main] WARN  http.HttpRequestLog (HttpRequestLog.java:getRequestLog(97)) - Jetty request log can only be enabled using Log4j
2019-09-23 17:09:38,928 [main] INFO  http.HttpServer2 (HttpServer2.java:addGlobalFilter(975)) - Added global filter 'safety' (class=org.apache.hadoop.http.HttpServer2$QuotingInputFilter)
2019-09-23 17:09:38,930 [main] INFO  http.HttpServer2 (HttpServer2.java:addFilter(948)) - Added filter static_user_filter (class=org.apache.hadoop.http.lib.StaticUserWebFilter$StaticUserFilter) to context hddsDatanode
2019-09-23 17:09:38,930 [main] INFO  http.HttpServer2 (HttpServer2.java:addFilter(958)) - Added filter static_user_filter (class=org.apache.hadoop.http.lib.StaticUserWebFilter$StaticUserFilter) to context static
2019-09-23 17:09:38,930 [main] INFO  http.HttpServer2 (HttpServer2.java:addFilter(958)) - Added filter static_user_filter (class=org.apache.hadoop.http.lib.StaticUserWebFilter$StaticUserFilter) to context logs
2019-09-23 17:09:38,931 [main] INFO  http.HttpServer2 (HttpServer2.java:bindListener(1191)) - Jetty bound to port 43883
2019-09-23 17:09:38,931 [main] INFO  server.Server (Server.java:doStart(351)) - jetty-9.3.25.v20180904, build timestamp: 2018-09-04T21:11:46Z, git hash: 3ce520221d0240229c862b122d2b06c12a625732
2019-09-23 17:09:38,935 [main] INFO  handler.ContextHandler (ContextHandler.java:doStart(781)) - Started o.e.j.s.ServletContextHandler@32ec9c90{/logs,file:///workdir/hadoop-ozone/integration-test/target/log,AVAILABLE}
2019-09-23 17:09:38,935 [main] INFO  handler.ContextHandler (ContextHandler.java:doStart(781)) - Started o.e.j.s.ServletContextHandler@2abbd0d9{/static,jar:file:/home/user/.m2/repository/org/apache/hadoop/hadoop-hdds-container-service/0.5.0-SNAPSHOT/hadoop-hdds-container-service-0.5.0-SNAPSHOT.jar!/webapps/static,AVAILABLE}
2019-09-23 17:09:38,970 [main] INFO  handler.ContextHandler (ContextHandler.java:doStart(781)) - Started o.e.j.w.WebAppContext@23da79eb{/,file:///tmp/jetty-0.0.0.0-43883-hddsDatanode-_-any-1555105068372061231.dir/webapp/,AVAILABLE}{/hddsDatanode}
2019-09-23 17:09:38,970 [main] INFO  server.AbstractConnector (AbstractConnector.java:doStart(278)) - Started ServerConnector@168b4cb0{HTTP/1.1,[http/1.1]}{0.0.0.0:43883}
2019-09-23 17:09:38,972 [main] INFO  server.Server (Server.java:doStart(419)) - Started @70638ms
2019-09-23 17:09:38,972 [main] WARN  impl.MetricsSystemImpl (MetricsSystemImpl.java:register(276)) - Sink prometheus already exists!
2019-09-23 17:09:38,973 [main] INFO  server.BaseHttpServer (BaseHttpServer.java:updateConnectorAddress(215)) - HTTP server of HDDSDATANODE is listening at http://0.0.0.0:43883
2019-09-23 17:09:38,973 [main] INFO  impl.MetricsSystemImpl (MetricsSystemImpl.java:init(158)) - HddsDatanode metrics system started (again)
2019-09-23 17:09:38,979 [org.apache.hadoop.util.JvmPauseMonitor$Monitor@1ea6b679] INFO  util.JvmPauseMonitor (JvmPauseMonitor.java:run(188)) - Starting JVM pause monitor
2019-09-23 17:09:38,980 [main] INFO  ozone.HddsDatanodeService (HddsDatanodeService.java:start(184)) - HddsDatanodeService host:pr-hdds-2167-q77kb-1598226581 ip:192.168.34.14
2019-09-23 17:09:38,982 [Datanode State Machine Thread - 0] INFO  datanode.InitDatanodeState (InitDatanodeState.java:persistContainerDatanodeDetails(140)) - DatanodeDetails is persisted to /workdir/hadoop-ozone/integration-test/target/test-dir/MiniOzoneClusterImpl-2b1d7ee0-b4da-4ba1-8f31-c7ec960d02b8/datanode-4/meta/datanode.id
2019-09-23 17:09:38,989 [main] INFO  volume.HddsVolume (HddsVolume.java:<init>(176)) - Creating Volume: /workdir/hadoop-ozone/integration-test/target/test-dir/MiniOzoneClusterImpl-2b1d7ee0-b4da-4ba1-8f31-c7ec960d02b8/datanode-5/data/containers/hdds of  storage type : DISK and capacity : 1482555576320
2019-09-23 17:09:38,990 [main] INFO  volume.VolumeSet (VolumeSet.java:initializeVolumeSet(170)) - Added Volume : /workdir/hadoop-ozone/integration-test/target/test-dir/MiniOzoneClusterImpl-2b1d7ee0-b4da-4ba1-8f31-c7ec960d02b8/datanode-5/data/containers/hdds to VolumeSet
2019-09-23 17:09:38,990 [main] INFO  volume.ThrottledAsyncChecker (ThrottledAsyncChecker.java:schedule(139)) - Scheduling a check for org.apache.hadoop.ozone.container.common.volume.HddsVolume@da28d03
2019-09-23 17:09:38,991 [main] INFO  volume.HddsVolumeChecker (HddsVolumeChecker.java:checkAllVolumes(202)) - Scheduled health check for volume org.apache.hadoop.ozone.container.common.volume.HddsVolume@da28d03
2019-09-23 17:09:39,013 [main] INFO  impl.RaftServerProxy (ConfUtils.java:logGet(43)) - raft.rpc.type = GRPC (default)
2019-09-23 17:09:39,013 [main] INFO  grpc.GrpcFactory (GrpcFactory.java:checkPooledByteBufAllocatorUseCacheForAllThreads(45)) - PERFORMANCE WARNING: useCacheForAllThreads is true that may cause Netty to create a lot garbage objects and, as a result, trigger GC.
	It is recommended to disable useCacheForAllThreads by setting -Dorg.apache.ratis.thirdparty.io.netty.allocator.useCacheForAllThreads=false in command line.
2019-09-23 17:09:39,014 [main] INFO  grpc.GrpcConfigKeys$Server (ConfUtils.java:logGet(43)) - raft.grpc.server.port = 0 (default)
2019-09-23 17:09:39,014 [main] INFO  server.GrpcService (ConfUtils.java:logGet(43)) - raft.grpc.message.size.max = 33570816 (custom)
2019-09-23 17:09:39,014 [main] INFO  server.RaftServerConfigKeys (ConfUtils.java:logGet(43)) - raft.server.log.appender.buffer.byte-limit = 33554432 (custom)
2019-09-23 17:09:39,015 [main] INFO  server.GrpcService (ConfUtils.java:logGet(43)) - raft.grpc.flow.control.window = 1MB (=1048576) (default)
2019-09-23 17:09:39,015 [main] INFO  server.RaftServerConfigKeys (ConfUtils.java:logGet(43)) - raft.server.rpc.request.timeout = 3000ms (default)
2019-09-23 17:09:39,016 [main] INFO  server.RaftServerConfigKeys (ConfUtils.java:logGet(43)) - raft.server.storage.dir = [/workdir/hadoop-ozone/integration-test/target/test-dir/MiniOzoneClusterImpl-2b1d7ee0-b4da-4ba1-8f31-c7ec960d02b8/datanode-5/data/ratis] (custom)
2019-09-23 17:09:39,018 [main] INFO  hdfs.DFSUtil (DFSUtil.java:httpServerTemplateForNNAndJN(1641)) - Starting Web-server for hddsDatanode at: http://0.0.0.0:0
2019-09-23 17:09:39,019 [main] INFO  server.AuthenticationFilter (AuthenticationFilter.java:constructSecretProvider(240)) - Unable to initialize FileSignerSecretProvider, falling back to use random secrets.
2019-09-23 17:09:39,020 [main] WARN  http.HttpRequestLog (HttpRequestLog.java:getRequestLog(97)) - Jetty request log can only be enabled using Log4j
2019-09-23 17:09:39,023 [main] INFO  http.HttpServer2 (HttpServer2.java:addGlobalFilter(975)) - Added global filter 'safety' (class=org.apache.hadoop.http.HttpServer2$QuotingInputFilter)
2019-09-23 17:09:39,023 [main] INFO  http.HttpServer2 (HttpServer2.java:addFilter(948)) - Added filter static_user_filter (class=org.apache.hadoop.http.lib.StaticUserWebFilter$StaticUserFilter) to context hddsDatanode
2019-09-23 17:09:39,023 [main] INFO  http.HttpServer2 (HttpServer2.java:addFilter(958)) - Added filter static_user_filter (class=org.apache.hadoop.http.lib.StaticUserWebFilter$StaticUserFilter) to context logs
2019-09-23 17:09:39,024 [main] INFO  http.HttpServer2 (HttpServer2.java:addFilter(958)) - Added filter static_user_filter (class=org.apache.hadoop.http.lib.StaticUserWebFilter$StaticUserFilter) to context static
2019-09-23 17:09:39,025 [main] INFO  http.HttpServer2 (HttpServer2.java:bindListener(1191)) - Jetty bound to port 43504
2019-09-23 17:09:39,025 [main] INFO  server.Server (Server.java:doStart(351)) - jetty-9.3.25.v20180904, build timestamp: 2018-09-04T21:11:46Z, git hash: 3ce520221d0240229c862b122d2b06c12a625732
2019-09-23 17:09:39,027 [main] INFO  handler.ContextHandler (ContextHandler.java:doStart(781)) - Started o.e.j.s.ServletContextHandler@60df7989{/logs,file:///workdir/hadoop-ozone/integration-test/target/log,AVAILABLE}
2019-09-23 17:09:39,028 [main] INFO  handler.ContextHandler (ContextHandler.java:doStart(781)) - Started o.e.j.s.ServletContextHandler@6e60f18{/static,jar:file:/home/user/.m2/repository/org/apache/hadoop/hadoop-hdds-container-service/0.5.0-SNAPSHOT/hadoop-hdds-container-service-0.5.0-SNAPSHOT.jar!/webapps/static,AVAILABLE}
2019-09-23 17:09:39,056 [main] INFO  handler.ContextHandler (ContextHandler.java:doStart(781)) - Started o.e.j.w.WebAppContext@3596b249{/,file:///tmp/jetty-0.0.0.0-43504-hddsDatanode-_-any-313395727397092518.dir/webapp/,AVAILABLE}{/hddsDatanode}
2019-09-23 17:09:39,057 [main] INFO  server.AbstractConnector (AbstractConnector.java:doStart(278)) - Started ServerConnector@7237f3c1{HTTP/1.1,[http/1.1]}{0.0.0.0:43504}
2019-09-23 17:09:39,059 [main] INFO  server.Server (Server.java:doStart(419)) - Started @70725ms
2019-09-23 17:09:39,059 [main] WARN  impl.MetricsSystemImpl (MetricsSystemImpl.java:register(276)) - Sink prometheus already exists!
2019-09-23 17:09:39,060 [main] INFO  server.BaseHttpServer (BaseHttpServer.java:updateConnectorAddress(215)) - HTTP server of HDDSDATANODE is listening at http://0.0.0.0:43504
2019-09-23 17:09:39,060 [main] INFO  impl.MetricsSystemImpl (MetricsSystemImpl.java:init(158)) - HddsDatanode metrics system started (again)
2019-09-23 17:09:39,067 [org.apache.hadoop.util.JvmPauseMonitor$Monitor@6dfc8388] INFO  util.JvmPauseMonitor (JvmPauseMonitor.java:run(188)) - Starting JVM pause monitor
2019-09-23 17:09:39,068 [main] INFO  ozone.HddsDatanodeService (HddsDatanodeService.java:start(184)) - HddsDatanodeService host:pr-hdds-2167-q77kb-1598226581 ip:192.168.34.14
2019-09-23 17:09:39,068 [Datanode State Machine Thread - 0] INFO  datanode.InitDatanodeState (InitDatanodeState.java:persistContainerDatanodeDetails(140)) - DatanodeDetails is persisted to /workdir/hadoop-ozone/integration-test/target/test-dir/MiniOzoneClusterImpl-2b1d7ee0-b4da-4ba1-8f31-c7ec960d02b8/datanode-5/meta/datanode.id
2019-09-23 17:09:39,076 [main] INFO  volume.HddsVolume (HddsVolume.java:<init>(176)) - Creating Volume: /workdir/hadoop-ozone/integration-test/target/test-dir/MiniOzoneClusterImpl-2b1d7ee0-b4da-4ba1-8f31-c7ec960d02b8/datanode-6/data/containers/hdds of  storage type : DISK and capacity : 1482555576320
2019-09-23 17:09:39,077 [main] INFO  volume.VolumeSet (VolumeSet.java:initializeVolumeSet(170)) - Added Volume : /workdir/hadoop-ozone/integration-test/target/test-dir/MiniOzoneClusterImpl-2b1d7ee0-b4da-4ba1-8f31-c7ec960d02b8/datanode-6/data/containers/hdds to VolumeSet
2019-09-23 17:09:39,077 [main] INFO  volume.ThrottledAsyncChecker (ThrottledAsyncChecker.java:schedule(139)) - Scheduling a check for org.apache.hadoop.ozone.container.common.volume.HddsVolume@5ad1904f
2019-09-23 17:09:39,078 [main] INFO  volume.HddsVolumeChecker (HddsVolumeChecker.java:checkAllVolumes(202)) - Scheduled health check for volume org.apache.hadoop.ozone.container.common.volume.HddsVolume@5ad1904f
2019-09-23 17:09:39,099 [main] INFO  impl.RaftServerProxy (ConfUtils.java:logGet(43)) - raft.rpc.type = GRPC (default)
2019-09-23 17:09:39,099 [main] INFO  grpc.GrpcFactory (GrpcFactory.java:checkPooledByteBufAllocatorUseCacheForAllThreads(45)) - PERFORMANCE WARNING: useCacheForAllThreads is true that may cause Netty to create a lot garbage objects and, as a result, trigger GC.
	It is recommended to disable useCacheForAllThreads by setting -Dorg.apache.ratis.thirdparty.io.netty.allocator.useCacheForAllThreads=false in command line.
2019-09-23 17:09:39,100 [main] INFO  grpc.GrpcConfigKeys$Server (ConfUtils.java:logGet(43)) - raft.grpc.server.port = 0 (default)
2019-09-23 17:09:39,100 [main] INFO  server.GrpcService (ConfUtils.java:logGet(43)) - raft.grpc.message.size.max = 33570816 (custom)
2019-09-23 17:09:39,100 [main] INFO  server.RaftServerConfigKeys (ConfUtils.java:logGet(43)) - raft.server.log.appender.buffer.byte-limit = 33554432 (custom)
2019-09-23 17:09:39,101 [main] INFO  server.GrpcService (ConfUtils.java:logGet(43)) - raft.grpc.flow.control.window = 1MB (=1048576) (default)
2019-09-23 17:09:39,101 [main] INFO  server.RaftServerConfigKeys (ConfUtils.java:logGet(43)) - raft.server.rpc.request.timeout = 3000ms (default)
2019-09-23 17:09:39,102 [main] INFO  server.RaftServerConfigKeys (ConfUtils.java:logGet(43)) - raft.server.storage.dir = [/workdir/hadoop-ozone/integration-test/target/test-dir/MiniOzoneClusterImpl-2b1d7ee0-b4da-4ba1-8f31-c7ec960d02b8/datanode-6/data/ratis] (custom)
2019-09-23 17:09:39,103 [main] INFO  hdfs.DFSUtil (DFSUtil.java:httpServerTemplateForNNAndJN(1641)) - Starting Web-server for hddsDatanode at: http://0.0.0.0:0
2019-09-23 17:09:39,105 [main] INFO  server.AuthenticationFilter (AuthenticationFilter.java:constructSecretProvider(240)) - Unable to initialize FileSignerSecretProvider, falling back to use random secrets.
2019-09-23 17:09:39,106 [main] WARN  http.HttpRequestLog (HttpRequestLog.java:getRequestLog(97)) - Jetty request log can only be enabled using Log4j
2019-09-23 17:09:39,108 [main] INFO  http.HttpServer2 (HttpServer2.java:addGlobalFilter(975)) - Added global filter 'safety' (class=org.apache.hadoop.http.HttpServer2$QuotingInputFilter)
2019-09-23 17:09:39,108 [main] INFO  http.HttpServer2 (HttpServer2.java:addFilter(948)) - Added filter static_user_filter (class=org.apache.hadoop.http.lib.StaticUserWebFilter$StaticUserFilter) to context hddsDatanode
2019-09-23 17:09:39,109 [main] INFO  http.HttpServer2 (HttpServer2.java:addFilter(958)) - Added filter static_user_filter (class=org.apache.hadoop.http.lib.StaticUserWebFilter$StaticUserFilter) to context logs
2019-09-23 17:09:39,109 [main] INFO  http.HttpServer2 (HttpServer2.java:addFilter(958)) - Added filter static_user_filter (class=org.apache.hadoop.http.lib.StaticUserWebFilter$StaticUserFilter) to context static
2019-09-23 17:09:39,110 [main] INFO  http.HttpServer2 (HttpServer2.java:bindListener(1191)) - Jetty bound to port 45818
2019-09-23 17:09:39,110 [main] INFO  server.Server (Server.java:doStart(351)) - jetty-9.3.25.v20180904, build timestamp: 2018-09-04T21:11:46Z, git hash: 3ce520221d0240229c862b122d2b06c12a625732
2019-09-23 17:09:39,112 [main] INFO  handler.ContextHandler (ContextHandler.java:doStart(781)) - Started o.e.j.s.ServletContextHandler@1ddc6db2{/logs,file:///workdir/hadoop-ozone/integration-test/target/log,AVAILABLE}
2019-09-23 17:09:39,113 [main] INFO  handler.ContextHandler (ContextHandler.java:doStart(781)) - Started o.e.j.s.ServletContextHandler@2eda072{/static,jar:file:/home/user/.m2/repository/org/apache/hadoop/hadoop-hdds-container-service/0.5.0-SNAPSHOT/hadoop-hdds-container-service-0.5.0-SNAPSHOT.jar!/webapps/static,AVAILABLE}
2019-09-23 17:09:39,143 [main] INFO  handler.ContextHandler (ContextHandler.java:doStart(781)) - Started o.e.j.w.WebAppContext@3610f277{/,file:///tmp/jetty-0.0.0.0-45818-hddsDatanode-_-any-1089190959181959835.dir/webapp/,AVAILABLE}{/hddsDatanode}
2019-09-23 17:09:39,143 [main] INFO  server.AbstractConnector (AbstractConnector.java:doStart(278)) - Started ServerConnector@c689973{HTTP/1.1,[http/1.1]}{0.0.0.0:45818}
2019-09-23 17:09:39,145 [main] INFO  server.Server (Server.java:doStart(419)) - Started @70811ms
2019-09-23 17:09:39,145 [main] WARN  impl.MetricsSystemImpl (MetricsSystemImpl.java:register(276)) - Sink prometheus already exists!
2019-09-23 17:09:39,146 [main] INFO  server.BaseHttpServer (BaseHttpServer.java:updateConnectorAddress(215)) - HTTP server of HDDSDATANODE is listening at http://0.0.0.0:45818
2019-09-23 17:09:39,146 [main] INFO  ozone.MiniOzoneClusterImpl (MiniOzoneClusterImpl.java:lambda$waitForClusterToBeReady$0(147)) - Waiting for cluster to be ready. Got 0 of 7 DN Heartbeats.
2019-09-23 17:09:39,150 [org.apache.hadoop.util.JvmPauseMonitor$Monitor@cdbd852] INFO  util.JvmPauseMonitor (JvmPauseMonitor.java:run(188)) - Starting JVM pause monitor
2019-09-23 17:09:39,152 [Datanode State Machine Thread - 0] INFO  datanode.InitDatanodeState (InitDatanodeState.java:persistContainerDatanodeDetails(140)) - DatanodeDetails is persisted to /workdir/hadoop-ozone/integration-test/target/test-dir/MiniOzoneClusterImpl-2b1d7ee0-b4da-4ba1-8f31-c7ec960d02b8/datanode-6/meta/datanode.id
2019-09-23 17:09:40,150 [main] INFO  ozone.MiniOzoneClusterImpl (MiniOzoneClusterImpl.java:lambda$waitForClusterToBeReady$0(147)) - Waiting for cluster to be ready. Got 0 of 7 DN Heartbeats.
2019-09-23 17:09:40,691 [Datanode State Machine Thread - 0] INFO  ozoneimpl.OzoneContainer (OzoneContainer.java:start(217)) - Attempting to start container services.
2019-09-23 17:09:40,693 [Datanode State Machine Thread - 0] INFO  ozoneimpl.OzoneContainer (OzoneContainer.java:startContainerScrub(179)) - Background container scanner has been disabled.
2019-09-23 17:09:40,694 [Datanode State Machine Thread - 0] INFO  ratis.XceiverServerRatis (XceiverServerRatis.java:start(411)) - Starting XceiverServerRatis b1d44a52-c719-474f-ae16-db1c62c8cc5b at port 0
2019-09-23 17:09:40,700 [Datanode State Machine Thread - 0] INFO  impl.RaftServerProxy (RaftServerProxy.java:lambda$start$3(299)) - b1d44a52-c719-474f-ae16-db1c62c8cc5b: start RPC server
2019-09-23 17:09:40,702 [Datanode State Machine Thread - 0] INFO  server.GrpcService (GrpcService.java:startImpl(158)) - b1d44a52-c719-474f-ae16-db1c62c8cc5b: GrpcService started, listening on 0.0.0.0/0.0.0.0:35615
2019-09-23 17:09:40,702 [Datanode State Machine Thread - 0] INFO  ratis.XceiverServerRatis (XceiverServerRatis.java:start(421)) - XceiverServerRatis b1d44a52-c719-474f-ae16-db1c62c8cc5b is started using port 35615
2019-09-23 17:09:40,703 [Datanode State Machine Thread - 0] INFO  server.XceiverServerGrpc (XceiverServerGrpc.java:start(149)) - XceiverServerGrpc b1d44a52-c719-474f-ae16-db1c62c8cc5b is started using port 44100
2019-09-23 17:09:40,781 [Datanode State Machine Thread - 0] INFO  ozoneimpl.OzoneContainer (OzoneContainer.java:start(217)) - Attempting to start container services.
2019-09-23 17:09:40,788 [Datanode State Machine Thread - 0] INFO  ozoneimpl.OzoneContainer (OzoneContainer.java:startContainerScrub(179)) - Background container scanner has been disabled.
2019-09-23 17:09:40,788 [Datanode State Machine Thread - 0] INFO  ratis.XceiverServerRatis (XceiverServerRatis.java:start(411)) - Starting XceiverServerRatis 987c2d54-3d4d-4fd8-bf6b-8ec028765572 at port 0
2019-09-23 17:09:40,794 [Datanode State Machine Thread - 0] INFO  impl.RaftServerProxy (RaftServerProxy.java:lambda$start$3(299)) - 987c2d54-3d4d-4fd8-bf6b-8ec028765572: start RPC server
2019-09-23 17:09:40,801 [Datanode State Machine Thread - 0] INFO  server.GrpcService (GrpcService.java:startImpl(158)) - 987c2d54-3d4d-4fd8-bf6b-8ec028765572: GrpcService started, listening on 0.0.0.0/0.0.0.0:33974
2019-09-23 17:09:40,801 [Datanode State Machine Thread - 0] INFO  ratis.XceiverServerRatis (XceiverServerRatis.java:start(421)) - XceiverServerRatis 987c2d54-3d4d-4fd8-bf6b-8ec028765572 is started using port 33974
2019-09-23 17:09:40,802 [Datanode State Machine Thread - 0] INFO  server.XceiverServerGrpc (XceiverServerGrpc.java:start(149)) - XceiverServerGrpc 987c2d54-3d4d-4fd8-bf6b-8ec028765572 is started using port 36721
2019-09-23 17:09:40,869 [Datanode State Machine Thread - 0] INFO  ozoneimpl.OzoneContainer (OzoneContainer.java:start(217)) - Attempting to start container services.
2019-09-23 17:09:40,869 [Datanode State Machine Thread - 0] INFO  ozoneimpl.OzoneContainer (OzoneContainer.java:startContainerScrub(179)) - Background container scanner has been disabled.
2019-09-23 17:09:40,869 [Datanode State Machine Thread - 0] INFO  ratis.XceiverServerRatis (XceiverServerRatis.java:start(411)) - Starting XceiverServerRatis d4f13609-9c87-4605-b47e-334719966a4f at port 0
2019-09-23 17:09:40,876 [Datanode State Machine Thread - 0] INFO  impl.RaftServerProxy (RaftServerProxy.java:lambda$start$3(299)) - d4f13609-9c87-4605-b47e-334719966a4f: start RPC server
2019-09-23 17:09:40,877 [Datanode State Machine Thread - 0] INFO  server.GrpcService (GrpcService.java:startImpl(158)) - d4f13609-9c87-4605-b47e-334719966a4f: GrpcService started, listening on 0.0.0.0/0.0.0.0:35556
2019-09-23 17:09:40,877 [Datanode State Machine Thread - 0] INFO  ratis.XceiverServerRatis (XceiverServerRatis.java:start(421)) - XceiverServerRatis d4f13609-9c87-4605-b47e-334719966a4f is started using port 35556
2019-09-23 17:09:40,884 [Datanode State Machine Thread - 0] INFO  server.XceiverServerGrpc (XceiverServerGrpc.java:start(149)) - XceiverServerGrpc d4f13609-9c87-4605-b47e-334719966a4f is started using port 36167
2019-09-23 17:09:40,956 [Datanode State Machine Thread - 0] INFO  ozoneimpl.OzoneContainer (OzoneContainer.java:start(217)) - Attempting to start container services.
2019-09-23 17:09:40,957 [Datanode State Machine Thread - 0] INFO  ozoneimpl.OzoneContainer (OzoneContainer.java:startContainerScrub(179)) - Background container scanner has been disabled.
2019-09-23 17:09:40,958 [Datanode State Machine Thread - 0] INFO  ratis.XceiverServerRatis (XceiverServerRatis.java:start(411)) - Starting XceiverServerRatis 914de4c2-3aa0-4a5c-a0d8-c5ac91929eac at port 0
2019-09-23 17:09:40,965 [Datanode State Machine Thread - 0] INFO  impl.RaftServerProxy (RaftServerProxy.java:lambda$start$3(299)) - 914de4c2-3aa0-4a5c-a0d8-c5ac91929eac: start RPC server
2019-09-23 17:09:40,966 [Datanode State Machine Thread - 0] INFO  server.GrpcService (GrpcService.java:startImpl(158)) - 914de4c2-3aa0-4a5c-a0d8-c5ac91929eac: GrpcService started, listening on 0.0.0.0/0.0.0.0:43607
2019-09-23 17:09:40,967 [Datanode State Machine Thread - 0] INFO  ratis.XceiverServerRatis (XceiverServerRatis.java:start(421)) - XceiverServerRatis 914de4c2-3aa0-4a5c-a0d8-c5ac91929eac is started using port 43607
2019-09-23 17:09:40,969 [Datanode State Machine Thread - 0] INFO  server.XceiverServerGrpc (XceiverServerGrpc.java:start(149)) - XceiverServerGrpc 914de4c2-3aa0-4a5c-a0d8-c5ac91929eac is started using port 39597
2019-09-23 17:09:41,065 [Datanode State Machine Thread - 0] INFO  ozoneimpl.OzoneContainer (OzoneContainer.java:start(217)) - Attempting to start container services.
2019-09-23 17:09:41,065 [Datanode State Machine Thread - 0] INFO  ozoneimpl.OzoneContainer (OzoneContainer.java:startContainerScrub(179)) - Background container scanner has been disabled.
2019-09-23 17:09:41,066 [Datanode State Machine Thread - 0] INFO  ratis.XceiverServerRatis (XceiverServerRatis.java:start(411)) - Starting XceiverServerRatis 704969b7-e05b-4489-a061-6a80d49ca5c9 at port 0
2019-09-23 17:09:41,072 [Datanode State Machine Thread - 0] INFO  impl.RaftServerProxy (RaftServerProxy.java:lambda$start$3(299)) - 704969b7-e05b-4489-a061-6a80d49ca5c9: start RPC server
2019-09-23 17:09:41,073 [Datanode State Machine Thread - 0] INFO  server.GrpcService (GrpcService.java:startImpl(158)) - 704969b7-e05b-4489-a061-6a80d49ca5c9: GrpcService started, listening on 0.0.0.0/0.0.0.0:42228
2019-09-23 17:09:41,074 [Datanode State Machine Thread - 0] INFO  ratis.XceiverServerRatis (XceiverServerRatis.java:start(421)) - XceiverServerRatis 704969b7-e05b-4489-a061-6a80d49ca5c9 is started using port 42228
2019-09-23 17:09:41,077 [Datanode State Machine Thread - 0] INFO  server.XceiverServerGrpc (XceiverServerGrpc.java:start(149)) - XceiverServerGrpc 704969b7-e05b-4489-a061-6a80d49ca5c9 is started using port 35619
2019-09-23 17:09:41,132 [Datanode State Machine Thread - 0] INFO  ozoneimpl.OzoneContainer (OzoneContainer.java:start(217)) - Attempting to start container services.
2019-09-23 17:09:41,132 [Datanode State Machine Thread - 0] INFO  ozoneimpl.OzoneContainer (OzoneContainer.java:startContainerScrub(179)) - Background container scanner has been disabled.
2019-09-23 17:09:41,132 [Datanode State Machine Thread - 0] INFO  ratis.XceiverServerRatis (XceiverServerRatis.java:start(411)) - Starting XceiverServerRatis 1a636c31-9e4c-40ea-b031-c5f26b29f43d at port 0
2019-09-23 17:09:41,139 [Datanode State Machine Thread - 0] INFO  impl.RaftServerProxy (RaftServerProxy.java:lambda$start$3(299)) - 1a636c31-9e4c-40ea-b031-c5f26b29f43d: start RPC server
2019-09-23 17:09:41,140 [Datanode State Machine Thread - 0] INFO  server.GrpcService (GrpcService.java:startImpl(158)) - 1a636c31-9e4c-40ea-b031-c5f26b29f43d: GrpcService started, listening on 0.0.0.0/0.0.0.0:34670
2019-09-23 17:09:41,141 [Datanode State Machine Thread - 0] INFO  ratis.XceiverServerRatis (XceiverServerRatis.java:start(421)) - XceiverServerRatis 1a636c31-9e4c-40ea-b031-c5f26b29f43d is started using port 34670
2019-09-23 17:09:41,143 [Datanode State Machine Thread - 0] INFO  server.XceiverServerGrpc (XceiverServerGrpc.java:start(149)) - XceiverServerGrpc 1a636c31-9e4c-40ea-b031-c5f26b29f43d is started using port 38362
2019-09-23 17:09:41,151 [main] INFO  ozone.MiniOzoneClusterImpl (MiniOzoneClusterImpl.java:lambda$waitForClusterToBeReady$0(147)) - Waiting for cluster to be ready. Got 0 of 7 DN Heartbeats.
2019-09-23 17:09:41,208 [Datanode State Machine Thread - 0] INFO  ozoneimpl.OzoneContainer (OzoneContainer.java:start(217)) - Attempting to start container services.
2019-09-23 17:09:41,209 [Datanode State Machine Thread - 0] INFO  ozoneimpl.OzoneContainer (OzoneContainer.java:startContainerScrub(179)) - Background container scanner has been disabled.
2019-09-23 17:09:41,209 [Datanode State Machine Thread - 0] INFO  ratis.XceiverServerRatis (XceiverServerRatis.java:start(411)) - Starting XceiverServerRatis 7174c195-fa06-433a-9f95-8297e7790ec0 at port 0
2019-09-23 17:09:41,502 [Datanode State Machine Thread - 0] INFO  impl.RaftServerProxy (RaftServerProxy.java:lambda$start$3(299)) - 7174c195-fa06-433a-9f95-8297e7790ec0: start RPC server
2019-09-23 17:09:41,508 [Datanode State Machine Thread - 0] INFO  server.GrpcService (GrpcService.java:startImpl(158)) - 7174c195-fa06-433a-9f95-8297e7790ec0: GrpcService started, listening on 0.0.0.0/0.0.0.0:34584
2019-09-23 17:09:41,508 [Datanode State Machine Thread - 0] INFO  ratis.XceiverServerRatis (XceiverServerRatis.java:start(421)) - XceiverServerRatis 7174c195-fa06-433a-9f95-8297e7790ec0 is started using port 34584
2019-09-23 17:09:41,511 [Datanode State Machine Thread - 0] INFO  server.XceiverServerGrpc (XceiverServerGrpc.java:start(149)) - XceiverServerGrpc 7174c195-fa06-433a-9f95-8297e7790ec0 is started using port 44595
2019-09-23 17:09:42,152 [main] INFO  ozone.MiniOzoneClusterImpl (MiniOzoneClusterImpl.java:lambda$waitForClusterToBeReady$0(147)) - Waiting for cluster to be ready. Got 0 of 7 DN Heartbeats.
2019-09-23 17:09:42,635 [IPC Server handler 5 on 42941] INFO  net.NetworkTopology (NetworkTopologyImpl.java:add(111)) - Added a new node: /default-rack/b1d44a52-c719-474f-ae16-db1c62c8cc5b
2019-09-23 17:09:42,638 [IPC Server handler 5 on 42941] INFO  node.SCMNodeManager (SCMNodeManager.java:register(266)) - Registered Data node : b1d44a52-c719-474f-ae16-db1c62c8cc5b{ip: 192.168.34.14, host: pr-hdds-2167-q77kb-1598226581, networkLocation: /default-rack, certSerialId: null}
2019-09-23 17:09:42,639 [EventQueue-NodeRegistrationContainerReportForDataNodeSafeModeRule] INFO  safemode.SCMSafeModeManager (DataNodeSafeModeRule.java:process(71)) - SCM in safe mode. 1 DataNodes registered, 1 required.
2019-09-23 17:09:42,642 [EventQueue-NodeRegistrationContainerReportForDataNodeSafeModeRule] INFO  safemode.SCMSafeModeManager (SCMSafeModeManager.java:validateSafeModeExitRules(177)) - ScmSafeModeManager, all rules are successfully validated
2019-09-23 17:09:42,642 [EventQueue-NodeRegistrationContainerReportForDataNodeSafeModeRule] INFO  safemode.SCMSafeModeManager (SCMSafeModeManager.java:exitSafeMode(193)) - SCM exiting safe mode.
2019-09-23 17:09:42,666 [grpc-default-executor-5] INFO  impl.RaftServerProxy (RaftServerProxy.java:addNew(89)) - b1d44a52-c719-474f-ae16-db1c62c8cc5b: addNew group-680A401CA4F5:[b1d44a52-c719-474f-ae16-db1c62c8cc5b:192.168.34.14:35615] returns group-680A401CA4F5:java.util.concurrent.CompletableFuture@1c658bde[Not completed]
2019-09-23 17:09:42,669 [pool-119-thread-1] INFO  impl.RaftServerImpl (RaftServerImpl.java:<init>(95)) - b1d44a52-c719-474f-ae16-db1c62c8cc5b: new RaftServerImpl for group-680A401CA4F5:[b1d44a52-c719-474f-ae16-db1c62c8cc5b:192.168.34.14:35615] with ContainerStateMachine:uninitialized
2019-09-23 17:09:42,669 [pool-119-thread-1] INFO  server.RaftServerConfigKeys (ConfUtils.java:logGet(43)) - raft.server.rpc.timeout.min = 5s (custom)
2019-09-23 17:09:42,670 [pool-119-thread-1] INFO  server.RaftServerConfigKeys (ConfUtils.java:logGet(43)) - raft.server.rpc.timeout.max = 5200ms (custom)
2019-09-23 17:09:42,670 [pool-119-thread-1] INFO  server.RaftServerConfigKeys (ConfUtils.java:logGet(43)) - raft.server.rpcslowness.timeout = 120s (custom)
2019-09-23 17:09:42,670 [pool-119-thread-1] INFO  server.RaftServerConfigKeys (ConfUtils.java:logGet(43)) - raft.server.sleep.deviation.threshold = 300 (default)
2019-09-23 17:09:42,670 [pool-119-thread-1] INFO  server.RaftServerConfigKeys (ConfUtils.java:logGet(43)) - raft.server.log.appender.install.snapshot.enabled = false (custom)
2019-09-23 17:09:42,670 [pool-119-thread-1] INFO  impl.RaftServerImpl (ServerState.java:<init>(103)) - b1d44a52-c719-474f-ae16-db1c62c8cc5b@group-680A401CA4F5: ConfigurationManager, init=-1: [b1d44a52-c719-474f-ae16-db1c62c8cc5b:192.168.34.14:35615], old=null, confs=<EMPTY_MAP>
2019-09-23 17:09:42,670 [pool-119-thread-1] INFO  server.RaftServerConfigKeys (ConfUtils.java:logGet(43)) - raft.server.storage.dir = [/workdir/hadoop-ozone/integration-test/target/test-dir/MiniOzoneClusterImpl-2b1d7ee0-b4da-4ba1-8f31-c7ec960d02b8/datanode-0/data/ratis] (custom)
2019-09-23 17:09:42,671 [pool-119-thread-1] INFO  storage.RaftStorageDirectory (RaftStorageDirectory.java:analyzeStorage(246)) - The storage directory /workdir/hadoop-ozone/integration-test/target/test-dir/MiniOzoneClusterImpl-2b1d7ee0-b4da-4ba1-8f31-c7ec960d02b8/datanode-0/data/ratis/df96b026-0f02-4c0a-aff1-680a401ca4f5 does not exist. Creating ...
2019-09-23 17:09:42,722 [IPC Server handler 4 on 42941] INFO  net.NetworkTopology (NetworkTopologyImpl.java:add(111)) - Added a new node: /default-rack/987c2d54-3d4d-4fd8-bf6b-8ec028765572
2019-09-23 17:09:42,722 [IPC Server handler 4 on 42941] INFO  node.SCMNodeManager (SCMNodeManager.java:register(266)) - Registered Data node : 987c2d54-3d4d-4fd8-bf6b-8ec028765572{ip: 192.168.34.14, host: pr-hdds-2167-q77kb-1598226581, networkLocation: /default-rack, certSerialId: null}
2019-09-23 17:09:42,745 [pool-119-thread-1] INFO  storage.RaftStorageDirectory (RaftStorageDirectory.java:tryLock(328)) - Lock on /workdir/hadoop-ozone/integration-test/target/test-dir/MiniOzoneClusterImpl-2b1d7ee0-b4da-4ba1-8f31-c7ec960d02b8/datanode-0/data/ratis/df96b026-0f02-4c0a-aff1-680a401ca4f5/in_use.lock acquired by nodename 7511@pr-hdds-2167-q77kb-1598226581
2019-09-23 17:09:42,812 [IPC Server handler 6 on 42941] INFO  net.NetworkTopology (NetworkTopologyImpl.java:add(111)) - Added a new node: /default-rack/d4f13609-9c87-4605-b47e-334719966a4f
2019-09-23 17:09:42,812 [IPC Server handler 6 on 42941] INFO  node.SCMNodeManager (SCMNodeManager.java:register(266)) - Registered Data node : d4f13609-9c87-4605-b47e-334719966a4f{ip: 192.168.34.14, host: pr-hdds-2167-q77kb-1598226581, networkLocation: /default-rack, certSerialId: null}
2019-09-23 17:09:42,850 [pool-119-thread-1] INFO  storage.RaftStorage (RaftStorage.java:format(72)) - Storage directory /workdir/hadoop-ozone/integration-test/target/test-dir/MiniOzoneClusterImpl-2b1d7ee0-b4da-4ba1-8f31-c7ec960d02b8/datanode-0/data/ratis/df96b026-0f02-4c0a-aff1-680a401ca4f5 has been successfully formatted.
2019-09-23 17:09:42,851 [pool-119-thread-1] INFO  ratis.ContainerStateMachine (ContainerStateMachine.java:loadSnapshot(230)) - group-680A401CA4F5: The snapshot info is null. Setting the last applied indexto:(t:0, i:~)
2019-09-23 17:09:42,852 [pool-119-thread-1] INFO  server.RaftServerConfigKeys (ConfUtils.java:logGet(43)) - raft.server.notification.no-leader.timeout = 120s (custom)
2019-09-23 17:09:42,852 [pool-119-thread-1] INFO  server.RaftServerConfigKeys (ConfUtils.java:logGet(43)) - raft.server.log.use.memory = false (default)
2019-09-23 17:09:42,853 [pool-119-thread-1] INFO  server.RaftServerConfigKeys (ConfUtils.java:logGet(43)) - raft.server.log.purge.gap = 1000000 (custom)
2019-09-23 17:09:42,853 [pool-119-thread-1] INFO  server.RaftServerConfigKeys (ConfUtils.java:logGet(43)) - raft.server.log.appender.buffer.byte-limit = 33554432 (custom)
2019-09-23 17:09:42,853 [pool-119-thread-1] INFO  server.RaftServerConfigKeys (ConfUtils.java:logGet(43)) - raft.server.log.segment.size.max = 1048576 (custom)
2019-09-23 17:09:42,854 [pool-119-thread-1] INFO  server.RaftServerConfigKeys (ConfUtils.java:logGet(43)) - raft.server.log.segment.cache.num.max = 2 (custom)
2019-09-23 17:09:42,854 [pool-119-thread-1] INFO  segmented.SegmentedRaftLogWorker (SegmentedRaftLogWorker.java:<init>(172)) - new b1d44a52-c719-474f-ae16-db1c62c8cc5b@group-680A401CA4F5-SegmentedRaftLogWorker for RaftStorage:Storage Directory /workdir/hadoop-ozone/integration-test/target/test-dir/MiniOzoneClusterImpl-2b1d7ee0-b4da-4ba1-8f31-c7ec960d02b8/datanode-0/data/ratis/df96b026-0f02-4c0a-aff1-680a401ca4f5
2019-09-23 17:09:42,859 [pool-119-thread-1] INFO  server.RaftServerConfigKeys (ConfUtils.java:logGet(43)) - raft.server.log.queue.byte-limit = 2147483647 (custom)
2019-09-23 17:09:42,860 [pool-119-thread-1] INFO  server.RaftServerConfigKeys (ConfUtils.java:logGet(43)) - raft.server.log.queue.element-limit = 1024 (custom)
2019-09-23 17:09:42,860 [pool-119-thread-1] INFO  server.RaftServerConfigKeys (ConfUtils.java:logGet(43)) - raft.server.log.segment.size.max = 1048576 (custom)
2019-09-23 17:09:42,860 [pool-119-thread-1] INFO  server.RaftServerConfigKeys (ConfUtils.java:logGet(43)) - raft.server.log.preallocated.size = 16384 (custom)
2019-09-23 17:09:42,861 [pool-119-thread-1] INFO  server.RaftServerConfigKeys (ConfUtils.java:logGet(43)) - raft.server.log.write.buffer.size = 33554432 (custom)
2019-09-23 17:09:42,861 [pool-119-thread-1] INFO  server.RaftServerConfigKeys (ConfUtils.java:logGet(43)) - raft.server.log.force.sync.num = 128 (default)
2019-09-23 17:09:42,861 [pool-119-thread-1] INFO  server.RaftServerConfigKeys (ConfUtils.java:logGet(43)) - raft.server.log.statemachine.data.sync = true (default)
2019-09-23 17:09:42,861 [pool-119-thread-1] INFO  server.RaftServerConfigKeys (ConfUtils.java:logGet(43)) - raft.server.log.statemachine.data.sync.timeout = 10s (default)
2019-09-23 17:09:42,862 [pool-119-thread-1] INFO  server.RaftServerConfigKeys (ConfUtils.java:logGet(43)) - raft.server.log.statemachine.data.sync.timeout.retry = -1 (default)
2019-09-23 17:09:42,862 [pool-119-thread-1] INFO  server.RaftServerConfigKeys (ConfUtils.java:logGet(43)) - raft.server.log.statemachine.data.caching.enabled = true (custom)
2019-09-23 17:09:42,863 [pool-119-thread-1] INFO  segmented.SegmentedRaftLogWorker (SegmentedRaftLogWorker.java:lambda$new$0(132)) - b1d44a52-c719-474f-ae16-db1c62c8cc5b@group-680A401CA4F5-SegmentedRaftLogWorker: flushIndex: setUnconditionally 0 -> -1
2019-09-23 17:09:42,863 [pool-119-thread-1] INFO  server.RaftServerConfigKeys (ConfUtils.java:logGet(43)) - raft.server.snapshot.auto.trigger.enabled = true (custom)
2019-09-23 17:09:42,864 [pool-119-thread-1] INFO  server.RaftServerConfigKeys (ConfUtils.java:logGet(43)) - raft.server.snapshot.auto.trigger.threshold = 10000 (custom)
2019-09-23 17:09:42,864 [pool-119-thread-1] INFO  server.RaftServerConfigKeys (ConfUtils.java:logGet(43)) - raft.server.snapshot.retention.num.files = 5 (custom)
2019-09-23 17:09:42,864 [pool-119-thread-1] INFO  server.RaftServerConfigKeys (ConfUtils.java:logGet(43)) - raft.server.retrycache.expirytime = 600000ms (custom)
2019-09-23 17:09:42,868 [pool-119-thread-1] INFO  impl.RaftServerImpl (RaftServerImpl.java:start(185)) - b1d44a52-c719-474f-ae16-db1c62c8cc5b@group-680A401CA4F5: start as a follower, conf=-1: [b1d44a52-c719-474f-ae16-db1c62c8cc5b:192.168.34.14:35615], old=null
2019-09-23 17:09:42,868 [pool-119-thread-1] INFO  impl.RaftServerImpl (RaftServerImpl.java:setRole(174)) - b1d44a52-c719-474f-ae16-db1c62c8cc5b@group-680A401CA4F5: changes role from      null to FOLLOWER at term 0 for startAsFollower
2019-09-23 17:09:42,868 [pool-119-thread-1] INFO  impl.RoleInfo (RoleInfo.java:updateAndGet(143)) - b1d44a52-c719-474f-ae16-db1c62c8cc5b: start FollowerState
2019-09-23 17:09:42,869 [pool-119-thread-1] INFO  util.JmxRegister (JmxRegister.java:tryRegister(44)) - Successfully registered JMX Bean with object name Ratis:service=RaftServer,group=group-680A401CA4F5,id=b1d44a52-c719-474f-ae16-db1c62c8cc5b
2019-09-23 17:09:42,879 [RatisPipelineUtilsThread] INFO  pipeline.PipelineStateManager (PipelineStateManager.java:addPipeline(56)) - Created pipeline Pipeline[ Id: df96b026-0f02-4c0a-aff1-680a401ca4f5, Nodes: b1d44a52-c719-474f-ae16-db1c62c8cc5b{ip: 192.168.34.14, host: pr-hdds-2167-q77kb-1598226581, networkLocation: /default-rack, certSerialId: null}, Type:RATIS, Factor:ONE, State:OPEN]
2019-09-23 17:09:42,885 [IPC Server handler 0 on 42941] INFO  net.NetworkTopology (NetworkTopologyImpl.java:add(111)) - Added a new node: /default-rack/914de4c2-3aa0-4a5c-a0d8-c5ac91929eac
2019-09-23 17:09:42,885 [IPC Server handler 0 on 42941] INFO  node.SCMNodeManager (SCMNodeManager.java:register(266)) - Registered Data node : 914de4c2-3aa0-4a5c-a0d8-c5ac91929eac{ip: 192.168.34.14, host: pr-hdds-2167-q77kb-1598226581, networkLocation: /default-rack, certSerialId: null}
2019-09-23 17:09:42,891 [grpc-default-executor-5] INFO  impl.RaftServerProxy (RaftServerProxy.java:addNew(89)) - 987c2d54-3d4d-4fd8-bf6b-8ec028765572: addNew group-57AB19A04922:[987c2d54-3d4d-4fd8-bf6b-8ec028765572:192.168.34.14:33974] returns group-57AB19A04922:java.util.concurrent.CompletableFuture@390f4ef9[Not completed]
2019-09-23 17:09:42,895 [pool-129-thread-1] INFO  impl.RaftServerImpl (RaftServerImpl.java:<init>(95)) - 987c2d54-3d4d-4fd8-bf6b-8ec028765572: new RaftServerImpl for group-57AB19A04922:[987c2d54-3d4d-4fd8-bf6b-8ec028765572:192.168.34.14:33974] with ContainerStateMachine:uninitialized
2019-09-23 17:09:42,896 [pool-129-thread-1] INFO  server.RaftServerConfigKeys (ConfUtils.java:logGet(43)) - raft.server.rpc.timeout.min = 5s (custom)
2019-09-23 17:09:42,896 [pool-129-thread-1] INFO  server.RaftServerConfigKeys (ConfUtils.java:logGet(43)) - raft.server.rpc.timeout.max = 5200ms (custom)
2019-09-23 17:09:42,896 [pool-129-thread-1] INFO  server.RaftServerConfigKeys (ConfUtils.java:logGet(43)) - raft.server.rpcslowness.timeout = 120s (custom)
2019-09-23 17:09:42,896 [pool-129-thread-1] INFO  server.RaftServerConfigKeys (ConfUtils.java:logGet(43)) - raft.server.sleep.deviation.threshold = 300 (default)
2019-09-23 17:09:42,896 [pool-129-thread-1] INFO  server.RaftServerConfigKeys (ConfUtils.java:logGet(43)) - raft.server.log.appender.install.snapshot.enabled = false (custom)
2019-09-23 17:09:42,896 [pool-129-thread-1] INFO  impl.RaftServerImpl (ServerState.java:<init>(103)) - 987c2d54-3d4d-4fd8-bf6b-8ec028765572@group-57AB19A04922: ConfigurationManager, init=-1: [987c2d54-3d4d-4fd8-bf6b-8ec028765572:192.168.34.14:33974], old=null, confs=<EMPTY_MAP>
2019-09-23 17:09:42,896 [pool-129-thread-1] INFO  server.RaftServerConfigKeys (ConfUtils.java:logGet(43)) - raft.server.storage.dir = [/workdir/hadoop-ozone/integration-test/target/test-dir/MiniOzoneClusterImpl-2b1d7ee0-b4da-4ba1-8f31-c7ec960d02b8/datanode-1/data/ratis] (custom)
2019-09-23 17:09:42,897 [pool-129-thread-1] INFO  storage.RaftStorageDirectory (RaftStorageDirectory.java:analyzeStorage(246)) - The storage directory /workdir/hadoop-ozone/integration-test/target/test-dir/MiniOzoneClusterImpl-2b1d7ee0-b4da-4ba1-8f31-c7ec960d02b8/datanode-1/data/ratis/7b678de0-626d-49ea-9da6-57ab19a04922 does not exist. Creating ...
2019-09-23 17:09:42,986 [IPC Server handler 2 on 42941] INFO  net.NetworkTopology (NetworkTopologyImpl.java:add(111)) - Added a new node: /default-rack/704969b7-e05b-4489-a061-6a80d49ca5c9
2019-09-23 17:09:42,987 [IPC Server handler 2 on 42941] INFO  node.SCMNodeManager (SCMNodeManager.java:register(266)) - Registered Data node : 704969b7-e05b-4489-a061-6a80d49ca5c9{ip: 192.168.34.14, host: pr-hdds-2167-q77kb-1598226581, networkLocation: /default-rack, certSerialId: null}
2019-09-23 17:09:43,069 [IPC Server handler 3 on 42941] INFO  net.NetworkTopology (NetworkTopologyImpl.java:add(111)) - Added a new node: /default-rack/1a636c31-9e4c-40ea-b031-c5f26b29f43d
2019-09-23 17:09:43,069 [IPC Server handler 3 on 42941] INFO  node.SCMNodeManager (SCMNodeManager.java:register(266)) - Registered Data node : 1a636c31-9e4c-40ea-b031-c5f26b29f43d{ip: 192.168.34.14, host: pr-hdds-2167-q77kb-1598226581, networkLocation: /default-rack, certSerialId: null}
2019-09-23 17:09:43,088 [pool-129-thread-1] INFO  storage.RaftStorageDirectory (RaftStorageDirectory.java:tryLock(328)) - Lock on /workdir/hadoop-ozone/integration-test/target/test-dir/MiniOzoneClusterImpl-2b1d7ee0-b4da-4ba1-8f31-c7ec960d02b8/datanode-1/data/ratis/7b678de0-626d-49ea-9da6-57ab19a04922/in_use.lock acquired by nodename 7511@pr-hdds-2167-q77kb-1598226581
2019-09-23 17:09:43,151 [IPC Server handler 5 on 42941] INFO  net.NetworkTopology (NetworkTopologyImpl.java:add(111)) - Added a new node: /default-rack/7174c195-fa06-433a-9f95-8297e7790ec0
2019-09-23 17:09:43,151 [IPC Server handler 5 on 42941] INFO  node.SCMNodeManager (SCMNodeManager.java:register(266)) - Registered Data node : 7174c195-fa06-433a-9f95-8297e7790ec0{ip: 192.168.34.14, host: pr-hdds-2167-q77kb-1598226581, networkLocation: /default-rack, certSerialId: null}
2019-09-23 17:09:43,153 [main] INFO  ozone.MiniOzoneClusterImpl (MiniOzoneClusterImpl.java:lambda$waitForClusterToBeReady$0(147)) - Cluster is ready. Got 7 of 7 DN Heartbeats.
2019-09-23 17:09:43,184 [pool-129-thread-1] INFO  storage.RaftStorage (RaftStorage.java:format(72)) - Storage directory /workdir/hadoop-ozone/integration-test/target/test-dir/MiniOzoneClusterImpl-2b1d7ee0-b4da-4ba1-8f31-c7ec960d02b8/datanode-1/data/ratis/7b678de0-626d-49ea-9da6-57ab19a04922 has been successfully formatted.
2019-09-23 17:09:43,185 [pool-129-thread-1] INFO  ratis.ContainerStateMachine (ContainerStateMachine.java:loadSnapshot(230)) - group-57AB19A04922: The snapshot info is null. Setting the last applied indexto:(t:0, i:~)
2019-09-23 17:09:43,185 [pool-129-thread-1] INFO  server.RaftServerConfigKeys (ConfUtils.java:logGet(43)) - raft.server.notification.no-leader.timeout = 120s (custom)
2019-09-23 17:09:43,185 [pool-129-thread-1] INFO  server.RaftServerConfigKeys (ConfUtils.java:logGet(43)) - raft.server.log.use.memory = false (default)
2019-09-23 17:09:43,185 [pool-129-thread-1] INFO  server.RaftServerConfigKeys (ConfUtils.java:logGet(43)) - raft.server.log.purge.gap = 1000000 (custom)
2019-09-23 17:09:43,186 [pool-129-thread-1] INFO  server.RaftServerConfigKeys (ConfUtils.java:logGet(43)) - raft.server.log.appender.buffer.byte-limit = 33554432 (custom)
2019-09-23 17:09:43,186 [pool-129-thread-1] INFO  server.RaftServerConfigKeys (ConfUtils.java:logGet(43)) - raft.server.log.segment.size.max = 1048576 (custom)
2019-09-23 17:09:43,186 [pool-129-thread-1] INFO  server.RaftServerConfigKeys (ConfUtils.java:logGet(43)) - raft.server.log.segment.cache.num.max = 2 (custom)
2019-09-23 17:09:43,186 [pool-129-thread-1] INFO  segmented.SegmentedRaftLogWorker (SegmentedRaftLogWorker.java:<init>(172)) - new 987c2d54-3d4d-4fd8-bf6b-8ec028765572@group-57AB19A04922-SegmentedRaftLogWorker for RaftStorage:Storage Directory /workdir/hadoop-ozone/integration-test/target/test-dir/MiniOzoneClusterImpl-2b1d7ee0-b4da-4ba1-8f31-c7ec960d02b8/datanode-1/data/ratis/7b678de0-626d-49ea-9da6-57ab19a04922
2019-09-23 17:09:43,192 [pool-129-thread-1] INFO  server.RaftServerConfigKeys (ConfUtils.java:logGet(43)) - raft.server.log.queue.byte-limit = 2147483647 (custom)
2019-09-23 17:09:43,192 [pool-129-thread-1] INFO  server.RaftServerConfigKeys (ConfUtils.java:logGet(43)) - raft.server.log.queue.element-limit = 1024 (custom)
2019-09-23 17:09:43,193 [pool-129-thread-1] INFO  server.RaftServerConfigKeys (ConfUtils.java:logGet(43)) - raft.server.log.segment.size.max = 1048576 (custom)
2019-09-23 17:09:43,193 [pool-129-thread-1] INFO  server.RaftServerConfigKeys (ConfUtils.java:logGet(43)) - raft.server.log.preallocated.size = 16384 (custom)
2019-09-23 17:09:43,193 [pool-129-thread-1] INFO  server.RaftServerConfigKeys (ConfUtils.java:logGet(43)) - raft.server.log.write.buffer.size = 33554432 (custom)
2019-09-23 17:09:43,193 [pool-129-thread-1] INFO  server.RaftServerConfigKeys (ConfUtils.java:logGet(43)) - raft.server.log.force.sync.num = 128 (default)
2019-09-23 17:09:43,193 [pool-129-thread-1] INFO  server.RaftServerConfigKeys (ConfUtils.java:logGet(43)) - raft.server.log.statemachine.data.sync = true (default)
2019-09-23 17:09:43,194 [pool-129-thread-1] INFO  server.RaftServerConfigKeys (ConfUtils.java:logGet(43)) - raft.server.log.statemachine.data.sync.timeout = 10s (default)
2019-09-23 17:09:43,194 [pool-129-thread-1] INFO  server.RaftServerConfigKeys (ConfUtils.java:logGet(43)) - raft.server.log.statemachine.data.sync.timeout.retry = -1 (default)
2019-09-23 17:09:43,194 [pool-129-thread-1] INFO  server.RaftServerConfigKeys (ConfUtils.java:logGet(43)) - raft.server.log.statemachine.data.caching.enabled = true (custom)
2019-09-23 17:09:43,195 [pool-129-thread-1] INFO  segmented.SegmentedRaftLogWorker (SegmentedRaftLogWorker.java:lambda$new$0(132)) - 987c2d54-3d4d-4fd8-bf6b-8ec028765572@group-57AB19A04922-SegmentedRaftLogWorker: flushIndex: setUnconditionally 0 -> -1
2019-09-23 17:09:43,195 [pool-129-thread-1] INFO  server.RaftServerConfigKeys (ConfUtils.java:logGet(43)) - raft.server.snapshot.auto.trigger.enabled = true (custom)
2019-09-23 17:09:43,195 [main] INFO  rpc.RpcClient (RpcClient.java:createVolume(276)) - Creating Volume: watchforcommithandlingtest, with jenkins1000 as owner.
2019-09-23 17:09:43,195 [pool-129-thread-1] INFO  server.RaftServerConfigKeys (ConfUtils.java:logGet(43)) - raft.server.snapshot.auto.trigger.threshold = 10000 (custom)
2019-09-23 17:09:43,196 [pool-129-thread-1] INFO  server.RaftServerConfigKeys (ConfUtils.java:logGet(43)) - raft.server.snapshot.retention.num.files = 5 (custom)
2019-09-23 17:09:43,196 [pool-129-thread-1] INFO  server.RaftServerConfigKeys (ConfUtils.java:logGet(43)) - raft.server.retrycache.expirytime = 600000ms (custom)
2019-09-23 17:09:43,199 [IPC Server handler 1 on 33548] INFO  volume.OMVolumeCreateRequest (OMVolumeCreateRequest.java:validateAndUpdateCache(189)) - created volume:watchforcommithandlingtest for user:jenkins1000
2019-09-23 17:09:43,199 [pool-129-thread-1] INFO  impl.RaftServerImpl (RaftServerImpl.java:start(185)) - 987c2d54-3d4d-4fd8-bf6b-8ec028765572@group-57AB19A04922: start as a follower, conf=-1: [987c2d54-3d4d-4fd8-bf6b-8ec028765572:192.168.34.14:33974], old=null
2019-09-23 17:09:43,199 [pool-129-thread-1] INFO  impl.RaftServerImpl (RaftServerImpl.java:setRole(174)) - 987c2d54-3d4d-4fd8-bf6b-8ec028765572@group-57AB19A04922: changes role from      null to FOLLOWER at term 0 for startAsFollower
2019-09-23 17:09:43,199 [pool-129-thread-1] INFO  impl.RoleInfo (RoleInfo.java:updateAndGet(143)) - 987c2d54-3d4d-4fd8-bf6b-8ec028765572: start FollowerState
2019-09-23 17:09:43,200 [pool-129-thread-1] INFO  util.JmxRegister (JmxRegister.java:tryRegister(44)) - Successfully registered JMX Bean with object name Ratis:service=RaftServer,group=group-57AB19A04922,id=987c2d54-3d4d-4fd8-bf6b-8ec028765572
2019-09-23 17:09:43,214 [main] INFO  rpc.RpcClient (RpcClient.java:createBucket(415)) - Creating Bucket: watchforcommithandlingtest/watchforcommithandlingtest, with Versioning false and Storage Type set to DISK and Encryption set to false 
2019-09-23 17:09:43,216 [RatisPipelineUtilsThread] INFO  pipeline.PipelineStateManager (PipelineStateManager.java:addPipeline(56)) - Created pipeline Pipeline[ Id: 7b678de0-626d-49ea-9da6-57ab19a04922, Nodes: 987c2d54-3d4d-4fd8-bf6b-8ec028765572{ip: 192.168.34.14, host: pr-hdds-2167-q77kb-1598226581, networkLocation: /default-rack, certSerialId: null}, Type:RATIS, Factor:ONE, State:OPEN]
2019-09-23 17:09:43,219 [main] INFO  ozone.MiniOzoneClusterImpl (MiniOzoneClusterImpl.java:getStorageContainerLocationClient(234)) - Creating StorageContainerLocationProtocol RPC client with address /0.0.0.0:40914
2019-09-23 17:09:43,230 [grpc-default-executor-5] INFO  impl.RaftServerProxy (RaftServerProxy.java:addNew(89)) - 1a636c31-9e4c-40ea-b031-c5f26b29f43d: addNew group-2C1970D996C3:[1a636c31-9e4c-40ea-b031-c5f26b29f43d:192.168.34.14:34670] returns group-2C1970D996C3:java.util.concurrent.CompletableFuture@17fc9cba[Not completed]
2019-09-23 17:09:43,234 [pool-169-thread-1] INFO  impl.RaftServerImpl (RaftServerImpl.java:<init>(95)) - 1a636c31-9e4c-40ea-b031-c5f26b29f43d: new RaftServerImpl for group-2C1970D996C3:[1a636c31-9e4c-40ea-b031-c5f26b29f43d:192.168.34.14:34670] with ContainerStateMachine:uninitialized
2019-09-23 17:09:43,235 [pool-169-thread-1] INFO  server.RaftServerConfigKeys (ConfUtils.java:logGet(43)) - raft.server.rpc.timeout.min = 5s (custom)
2019-09-23 17:09:43,235 [pool-169-thread-1] INFO  server.RaftServerConfigKeys (ConfUtils.java:logGet(43)) - raft.server.rpc.timeout.max = 5200ms (custom)
2019-09-23 17:09:43,235 [pool-169-thread-1] INFO  server.RaftServerConfigKeys (ConfUtils.java:logGet(43)) - raft.server.rpcslowness.timeout = 120s (custom)
2019-09-23 17:09:43,235 [pool-169-thread-1] INFO  server.RaftServerConfigKeys (ConfUtils.java:logGet(43)) - raft.server.sleep.deviation.threshold = 300 (default)
2019-09-23 17:09:43,235 [pool-169-thread-1] INFO  server.RaftServerConfigKeys (ConfUtils.java:logGet(43)) - raft.server.log.appender.install.snapshot.enabled = false (custom)
2019-09-23 17:09:43,235 [pool-169-thread-1] INFO  impl.RaftServerImpl (ServerState.java:<init>(103)) - 1a636c31-9e4c-40ea-b031-c5f26b29f43d@group-2C1970D996C3: ConfigurationManager, init=-1: [1a636c31-9e4c-40ea-b031-c5f26b29f43d:192.168.34.14:34670], old=null, confs=<EMPTY_MAP>
2019-09-23 17:09:43,235 [pool-169-thread-1] INFO  server.RaftServerConfigKeys (ConfUtils.java:logGet(43)) - raft.server.storage.dir = [/workdir/hadoop-ozone/integration-test/target/test-dir/MiniOzoneClusterImpl-2b1d7ee0-b4da-4ba1-8f31-c7ec960d02b8/datanode-5/data/ratis] (custom)
2019-09-23 17:09:43,236 [pool-169-thread-1] INFO  storage.RaftStorageDirectory (RaftStorageDirectory.java:analyzeStorage(246)) - The storage directory /workdir/hadoop-ozone/integration-test/target/test-dir/MiniOzoneClusterImpl-2b1d7ee0-b4da-4ba1-8f31-c7ec960d02b8/datanode-5/data/ratis/ea0c740c-ba20-4583-b23b-2c1970d996c3 does not exist. Creating ...
2019-09-23 17:09:43,308 [pool-169-thread-1] INFO  storage.RaftStorageDirectory (RaftStorageDirectory.java:tryLock(328)) - Lock on /workdir/hadoop-ozone/integration-test/target/test-dir/MiniOzoneClusterImpl-2b1d7ee0-b4da-4ba1-8f31-c7ec960d02b8/datanode-5/data/ratis/ea0c740c-ba20-4583-b23b-2c1970d996c3/in_use.lock acquired by nodename 7511@pr-hdds-2167-q77kb-1598226581
2019-09-23 17:09:43,373 [pool-169-thread-1] INFO  storage.RaftStorage (RaftStorage.java:format(72)) - Storage directory /workdir/hadoop-ozone/integration-test/target/test-dir/MiniOzoneClusterImpl-2b1d7ee0-b4da-4ba1-8f31-c7ec960d02b8/datanode-5/data/ratis/ea0c740c-ba20-4583-b23b-2c1970d996c3 has been successfully formatted.
2019-09-23 17:09:43,373 [pool-169-thread-1] INFO  ratis.ContainerStateMachine (ContainerStateMachine.java:loadSnapshot(230)) - group-2C1970D996C3: The snapshot info is null. Setting the last applied indexto:(t:0, i:~)
2019-09-23 17:09:43,374 [pool-169-thread-1] INFO  server.RaftServerConfigKeys (ConfUtils.java:logGet(43)) - raft.server.notification.no-leader.timeout = 120s (custom)
2019-09-23 17:09:43,374 [pool-169-thread-1] INFO  server.RaftServerConfigKeys (ConfUtils.java:logGet(43)) - raft.server.log.use.memory = false (default)
2019-09-23 17:09:43,374 [pool-169-thread-1] INFO  server.RaftServerConfigKeys (ConfUtils.java:logGet(43)) - raft.server.log.purge.gap = 1000000 (custom)
2019-09-23 17:09:43,374 [pool-169-thread-1] INFO  server.RaftServerConfigKeys (ConfUtils.java:logGet(43)) - raft.server.log.appender.buffer.byte-limit = 33554432 (custom)
2019-09-23 17:09:43,374 [pool-169-thread-1] INFO  server.RaftServerConfigKeys (ConfUtils.java:logGet(43)) - raft.server.log.segment.size.max = 1048576 (custom)
2019-09-23 17:09:43,375 [pool-169-thread-1] INFO  server.RaftServerConfigKeys (ConfUtils.java:logGet(43)) - raft.server.log.segment.cache.num.max = 2 (custom)
2019-09-23 17:09:43,375 [pool-169-thread-1] INFO  segmented.SegmentedRaftLogWorker (SegmentedRaftLogWorker.java:<init>(172)) - new 1a636c31-9e4c-40ea-b031-c5f26b29f43d@group-2C1970D996C3-SegmentedRaftLogWorker for RaftStorage:Storage Directory /workdir/hadoop-ozone/integration-test/target/test-dir/MiniOzoneClusterImpl-2b1d7ee0-b4da-4ba1-8f31-c7ec960d02b8/datanode-5/data/ratis/ea0c740c-ba20-4583-b23b-2c1970d996c3
2019-09-23 17:09:43,378 [pool-169-thread-1] INFO  server.RaftServerConfigKeys (ConfUtils.java:logGet(43)) - raft.server.log.queue.byte-limit = 2147483647 (custom)
2019-09-23 17:09:43,378 [pool-169-thread-1] INFO  server.RaftServerConfigKeys (ConfUtils.java:logGet(43)) - raft.server.log.queue.element-limit = 1024 (custom)
2019-09-23 17:09:43,378 [pool-169-thread-1] INFO  server.RaftServerConfigKeys (ConfUtils.java:logGet(43)) - raft.server.log.segment.size.max = 1048576 (custom)
2019-09-23 17:09:43,378 [pool-169-thread-1] INFO  server.RaftServerConfigKeys (ConfUtils.java:logGet(43)) - raft.server.log.preallocated.size = 16384 (custom)
2019-09-23 17:09:43,379 [pool-169-thread-1] INFO  server.RaftServerConfigKeys (ConfUtils.java:logGet(43)) - raft.server.log.write.buffer.size = 33554432 (custom)
2019-09-23 17:09:43,379 [pool-169-thread-1] INFO  server.RaftServerConfigKeys (ConfUtils.java:logGet(43)) - raft.server.log.force.sync.num = 128 (default)
2019-09-23 17:09:43,379 [pool-169-thread-1] INFO  server.RaftServerConfigKeys (ConfUtils.java:logGet(43)) - raft.server.log.statemachine.data.sync = true (default)
2019-09-23 17:09:43,379 [pool-169-thread-1] INFO  server.RaftServerConfigKeys (ConfUtils.java:logGet(43)) - raft.server.log.statemachine.data.sync.timeout = 10s (default)
2019-09-23 17:09:43,379 [pool-169-thread-1] INFO  server.RaftServerConfigKeys (ConfUtils.java:logGet(43)) - raft.server.log.statemachine.data.sync.timeout.retry = -1 (default)
2019-09-23 17:09:43,380 [pool-169-thread-1] INFO  server.RaftServerConfigKeys (ConfUtils.java:logGet(43)) - raft.server.log.statemachine.data.caching.enabled = true (custom)
2019-09-23 17:09:43,380 [pool-169-thread-1] INFO  segmented.SegmentedRaftLogWorker (SegmentedRaftLogWorker.java:lambda$new$0(132)) - 1a636c31-9e4c-40ea-b031-c5f26b29f43d@group-2C1970D996C3-SegmentedRaftLogWorker: flushIndex: setUnconditionally 0 -> -1
2019-09-23 17:09:43,381 [pool-169-thread-1] INFO  server.RaftServerConfigKeys (ConfUtils.java:logGet(43)) - raft.server.snapshot.auto.trigger.enabled = true (custom)
2019-09-23 17:09:43,381 [pool-169-thread-1] INFO  server.RaftServerConfigKeys (ConfUtils.java:logGet(43)) - raft.server.snapshot.auto.trigger.threshold = 10000 (custom)
2019-09-23 17:09:43,381 [pool-169-thread-1] INFO  server.RaftServerConfigKeys (ConfUtils.java:logGet(43)) - raft.server.snapshot.retention.num.files = 5 (custom)
2019-09-23 17:09:43,381 [pool-169-thread-1] INFO  server.RaftServerConfigKeys (ConfUtils.java:logGet(43)) - raft.server.retrycache.expirytime = 600000ms (custom)
2019-09-23 17:09:43,384 [pool-169-thread-1] INFO  impl.RaftServerImpl (RaftServerImpl.java:start(185)) - 1a636c31-9e4c-40ea-b031-c5f26b29f43d@group-2C1970D996C3: start as a follower, conf=-1: [1a636c31-9e4c-40ea-b031-c5f26b29f43d:192.168.34.14:34670], old=null
2019-09-23 17:09:43,384 [pool-169-thread-1] INFO  impl.RaftServerImpl (RaftServerImpl.java:setRole(174)) - 1a636c31-9e4c-40ea-b031-c5f26b29f43d@group-2C1970D996C3: changes role from      null to FOLLOWER at term 0 for startAsFollower
2019-09-23 17:09:43,384 [pool-169-thread-1] INFO  impl.RoleInfo (RoleInfo.java:updateAndGet(143)) - 1a636c31-9e4c-40ea-b031-c5f26b29f43d: start FollowerState
2019-09-23 17:09:43,385 [pool-169-thread-1] INFO  util.JmxRegister (JmxRegister.java:tryRegister(44)) - Successfully registered JMX Bean with object name Ratis:service=RaftServer,group=group-2C1970D996C3,id=1a636c31-9e4c-40ea-b031-c5f26b29f43d
2019-09-23 17:09:43,389 [RatisPipelineUtilsThread] INFO  pipeline.PipelineStateManager (PipelineStateManager.java:addPipeline(56)) - Created pipeline Pipeline[ Id: ea0c740c-ba20-4583-b23b-2c1970d996c3, Nodes: 1a636c31-9e4c-40ea-b031-c5f26b29f43d{ip: 192.168.34.14, host: pr-hdds-2167-q77kb-1598226581, networkLocation: /default-rack, certSerialId: null}, Type:RATIS, Factor:ONE, State:OPEN]
2019-09-23 17:09:43,397 [grpc-default-executor-5] INFO  impl.RaftServerProxy (RaftServerProxy.java:addNew(89)) - 7174c195-fa06-433a-9f95-8297e7790ec0: addNew group-8CC87C32B194:[7174c195-fa06-433a-9f95-8297e7790ec0:192.168.34.14:34584] returns group-8CC87C32B194:java.util.concurrent.CompletableFuture@2d6aa177[Not completed]
2019-09-23 17:09:43,401 [pool-179-thread-1] INFO  impl.RaftServerImpl (RaftServerImpl.java:<init>(95)) - 7174c195-fa06-433a-9f95-8297e7790ec0: new RaftServerImpl for group-8CC87C32B194:[7174c195-fa06-433a-9f95-8297e7790ec0:192.168.34.14:34584] with ContainerStateMachine:uninitialized
2019-09-23 17:09:43,401 [pool-179-thread-1] INFO  server.RaftServerConfigKeys (ConfUtils.java:logGet(43)) - raft.server.rpc.timeout.min = 5s (custom)
2019-09-23 17:09:43,401 [pool-179-thread-1] INFO  server.RaftServerConfigKeys (ConfUtils.java:logGet(43)) - raft.server.rpc.timeout.max = 5200ms (custom)
2019-09-23 17:09:43,401 [pool-179-thread-1] INFO  server.RaftServerConfigKeys (ConfUtils.java:logGet(43)) - raft.server.rpcslowness.timeout = 120s (custom)
2019-09-23 17:09:43,402 [pool-179-thread-1] INFO  server.RaftServerConfigKeys (ConfUtils.java:logGet(43)) - raft.server.sleep.deviation.threshold = 300 (default)
2019-09-23 17:09:43,402 [pool-179-thread-1] INFO  server.RaftServerConfigKeys (ConfUtils.java:logGet(43)) - raft.server.log.appender.install.snapshot.enabled = false (custom)
2019-09-23 17:09:43,402 [pool-179-thread-1] INFO  impl.RaftServerImpl (ServerState.java:<init>(103)) - 7174c195-fa06-433a-9f95-8297e7790ec0@group-8CC87C32B194: ConfigurationManager, init=-1: [7174c195-fa06-433a-9f95-8297e7790ec0:192.168.34.14:34584], old=null, confs=<EMPTY_MAP>
2019-09-23 17:09:43,402 [pool-179-thread-1] INFO  server.RaftServerConfigKeys (ConfUtils.java:logGet(43)) - raft.server.storage.dir = [/workdir/hadoop-ozone/integration-test/target/test-dir/MiniOzoneClusterImpl-2b1d7ee0-b4da-4ba1-8f31-c7ec960d02b8/datanode-6/data/ratis] (custom)
2019-09-23 17:09:43,403 [pool-179-thread-1] INFO  storage.RaftStorageDirectory (RaftStorageDirectory.java:analyzeStorage(246)) - The storage directory /workdir/hadoop-ozone/integration-test/target/test-dir/MiniOzoneClusterImpl-2b1d7ee0-b4da-4ba1-8f31-c7ec960d02b8/datanode-6/data/ratis/aa043569-0fa2-4a3e-b0c3-8cc87c32b194 does not exist. Creating ...
2019-09-23 17:09:43,466 [pool-179-thread-1] INFO  storage.RaftStorageDirectory (RaftStorageDirectory.java:tryLock(328)) - Lock on /workdir/hadoop-ozone/integration-test/target/test-dir/MiniOzoneClusterImpl-2b1d7ee0-b4da-4ba1-8f31-c7ec960d02b8/datanode-6/data/ratis/aa043569-0fa2-4a3e-b0c3-8cc87c32b194/in_use.lock acquired by nodename 7511@pr-hdds-2167-q77kb-1598226581
2019-09-23 17:09:43,548 [pool-179-thread-1] INFO  storage.RaftStorage (RaftStorage.java:format(72)) - Storage directory /workdir/hadoop-ozone/integration-test/target/test-dir/MiniOzoneClusterImpl-2b1d7ee0-b4da-4ba1-8f31-c7ec960d02b8/datanode-6/data/ratis/aa043569-0fa2-4a3e-b0c3-8cc87c32b194 has been successfully formatted.
2019-09-23 17:09:43,548 [pool-179-thread-1] INFO  ratis.ContainerStateMachine (ContainerStateMachine.java:loadSnapshot(230)) - group-8CC87C32B194: The snapshot info is null. Setting the last applied indexto:(t:0, i:~)
2019-09-23 17:09:43,549 [pool-179-thread-1] INFO  server.RaftServerConfigKeys (ConfUtils.java:logGet(43)) - raft.server.notification.no-leader.timeout = 120s (custom)
2019-09-23 17:09:43,549 [pool-179-thread-1] INFO  server.RaftServerConfigKeys (ConfUtils.java:logGet(43)) - raft.server.log.use.memory = false (default)
2019-09-23 17:09:43,549 [pool-179-thread-1] INFO  server.RaftServerConfigKeys (ConfUtils.java:logGet(43)) - raft.server.log.purge.gap = 1000000 (custom)
2019-09-23 17:09:43,549 [pool-179-thread-1] INFO  server.RaftServerConfigKeys (ConfUtils.java:logGet(43)) - raft.server.log.appender.buffer.byte-limit = 33554432 (custom)
2019-09-23 17:09:43,549 [pool-179-thread-1] INFO  server.RaftServerConfigKeys (ConfUtils.java:logGet(43)) - raft.server.log.segment.size.max = 1048576 (custom)
2019-09-23 17:09:43,549 [pool-179-thread-1] INFO  server.RaftServerConfigKeys (ConfUtils.java:logGet(43)) - raft.server.log.segment.cache.num.max = 2 (custom)
2019-09-23 17:09:43,550 [pool-179-thread-1] INFO  segmented.SegmentedRaftLogWorker (SegmentedRaftLogWorker.java:<init>(172)) - new 7174c195-fa06-433a-9f95-8297e7790ec0@group-8CC87C32B194-SegmentedRaftLogWorker for RaftStorage:Storage Directory /workdir/hadoop-ozone/integration-test/target/test-dir/MiniOzoneClusterImpl-2b1d7ee0-b4da-4ba1-8f31-c7ec960d02b8/datanode-6/data/ratis/aa043569-0fa2-4a3e-b0c3-8cc87c32b194
2019-09-23 17:09:43,552 [pool-179-thread-1] INFO  server.RaftServerConfigKeys (ConfUtils.java:logGet(43)) - raft.server.log.queue.byte-limit = 2147483647 (custom)
2019-09-23 17:09:43,552 [pool-179-thread-1] INFO  server.RaftServerConfigKeys (ConfUtils.java:logGet(43)) - raft.server.log.queue.element-limit = 1024 (custom)
2019-09-23 17:09:43,553 [pool-179-thread-1] INFO  server.RaftServerConfigKeys (ConfUtils.java:logGet(43)) - raft.server.log.segment.size.max = 1048576 (custom)
2019-09-23 17:09:43,553 [pool-179-thread-1] INFO  server.RaftServerConfigKeys (ConfUtils.java:logGet(43)) - raft.server.log.preallocated.size = 16384 (custom)
2019-09-23 17:09:43,553 [pool-179-thread-1] INFO  server.RaftServerConfigKeys (ConfUtils.java:logGet(43)) - raft.server.log.write.buffer.size = 33554432 (custom)
2019-09-23 17:09:43,553 [pool-179-thread-1] INFO  server.RaftServerConfigKeys (ConfUtils.java:logGet(43)) - raft.server.log.force.sync.num = 128 (default)
2019-09-23 17:09:43,553 [pool-179-thread-1] INFO  server.RaftServerConfigKeys (ConfUtils.java:logGet(43)) - raft.server.log.statemachine.data.sync = true (default)
2019-09-23 17:09:43,554 [pool-179-thread-1] INFO  server.RaftServerConfigKeys (ConfUtils.java:logGet(43)) - raft.server.log.statemachine.data.sync.timeout = 10s (default)
2019-09-23 17:09:43,554 [pool-179-thread-1] INFO  server.RaftServerConfigKeys (ConfUtils.java:logGet(43)) - raft.server.log.statemachine.data.sync.timeout.retry = -1 (default)
2019-09-23 17:09:43,554 [pool-179-thread-1] INFO  server.RaftServerConfigKeys (ConfUtils.java:logGet(43)) - raft.server.log.statemachine.data.caching.enabled = true (custom)
2019-09-23 17:09:43,554 [pool-179-thread-1] INFO  segmented.SegmentedRaftLogWorker (SegmentedRaftLogWorker.java:lambda$new$0(132)) - 7174c195-fa06-433a-9f95-8297e7790ec0@group-8CC87C32B194-SegmentedRaftLogWorker: flushIndex: setUnconditionally 0 -> -1
2019-09-23 17:09:43,555 [pool-179-thread-1] INFO  server.RaftServerConfigKeys (ConfUtils.java:logGet(43)) - raft.server.snapshot.auto.trigger.enabled = true (custom)
2019-09-23 17:09:43,555 [pool-179-thread-1] INFO  server.RaftServerConfigKeys (ConfUtils.java:logGet(43)) - raft.server.snapshot.auto.trigger.threshold = 10000 (custom)
2019-09-23 17:09:43,555 [pool-179-thread-1] INFO  server.RaftServerConfigKeys (ConfUtils.java:logGet(43)) - raft.server.snapshot.retention.num.files = 5 (custom)
2019-09-23 17:09:43,555 [pool-179-thread-1] INFO  server.RaftServerConfigKeys (ConfUtils.java:logGet(43)) - raft.server.retrycache.expirytime = 600000ms (custom)
2019-09-23 17:09:43,558 [pool-179-thread-1] INFO  impl.RaftServerImpl (RaftServerImpl.java:start(185)) - 7174c195-fa06-433a-9f95-8297e7790ec0@group-8CC87C32B194: start as a follower, conf=-1: [7174c195-fa06-433a-9f95-8297e7790ec0:192.168.34.14:34584], old=null
2019-09-23 17:09:43,558 [pool-179-thread-1] INFO  impl.RaftServerImpl (RaftServerImpl.java:setRole(174)) - 7174c195-fa06-433a-9f95-8297e7790ec0@group-8CC87C32B194: changes role from      null to FOLLOWER at term 0 for startAsFollower
2019-09-23 17:09:43,558 [pool-179-thread-1] INFO  impl.RoleInfo (RoleInfo.java:updateAndGet(143)) - 7174c195-fa06-433a-9f95-8297e7790ec0: start FollowerState
2019-09-23 17:09:43,559 [pool-179-thread-1] INFO  util.JmxRegister (JmxRegister.java:tryRegister(44)) - Successfully registered JMX Bean with object name Ratis:service=RaftServer,group=group-8CC87C32B194,id=7174c195-fa06-433a-9f95-8297e7790ec0
2019-09-23 17:09:43,563 [RatisPipelineUtilsThread] INFO  pipeline.PipelineStateManager (PipelineStateManager.java:addPipeline(56)) - Created pipeline Pipeline[ Id: aa043569-0fa2-4a3e-b0c3-8cc87c32b194, Nodes: 7174c195-fa06-433a-9f95-8297e7790ec0{ip: 192.168.34.14, host: pr-hdds-2167-q77kb-1598226581, networkLocation: /default-rack, certSerialId: null}, Type:RATIS, Factor:ONE, State:OPEN]
2019-09-23 17:09:43,572 [grpc-default-executor-5] INFO  impl.RaftServerProxy (RaftServerProxy.java:addNew(89)) - 704969b7-e05b-4489-a061-6a80d49ca5c9: addNew group-6BA0B7BE5A3F:[704969b7-e05b-4489-a061-6a80d49ca5c9:192.168.34.14:42228] returns group-6BA0B7BE5A3F:java.util.concurrent.CompletableFuture@465ebed9[Not completed]
2019-09-23 17:09:43,575 [pool-159-thread-1] INFO  impl.RaftServerImpl (RaftServerImpl.java:<init>(95)) - 704969b7-e05b-4489-a061-6a80d49ca5c9: new RaftServerImpl for group-6BA0B7BE5A3F:[704969b7-e05b-4489-a061-6a80d49ca5c9:192.168.34.14:42228] with ContainerStateMachine:uninitialized
2019-09-23 17:09:43,575 [pool-159-thread-1] INFO  server.RaftServerConfigKeys (ConfUtils.java:logGet(43)) - raft.server.rpc.timeout.min = 5s (custom)
2019-09-23 17:09:43,576 [pool-159-thread-1] INFO  server.RaftServerConfigKeys (ConfUtils.java:logGet(43)) - raft.server.rpc.timeout.max = 5200ms (custom)
2019-09-23 17:09:43,576 [pool-159-thread-1] INFO  server.RaftServerConfigKeys (ConfUtils.java:logGet(43)) - raft.server.rpcslowness.timeout = 120s (custom)
2019-09-23 17:09:43,576 [pool-159-thread-1] INFO  server.RaftServerConfigKeys (ConfUtils.java:logGet(43)) - raft.server.sleep.deviation.threshold = 300 (default)
2019-09-23 17:09:43,576 [pool-159-thread-1] INFO  server.RaftServerConfigKeys (ConfUtils.java:logGet(43)) - raft.server.log.appender.install.snapshot.enabled = false (custom)
2019-09-23 17:09:43,576 [pool-159-thread-1] INFO  impl.RaftServerImpl (ServerState.java:<init>(103)) - 704969b7-e05b-4489-a061-6a80d49ca5c9@group-6BA0B7BE5A3F: ConfigurationManager, init=-1: [704969b7-e05b-4489-a061-6a80d49ca5c9:192.168.34.14:42228], old=null, confs=<EMPTY_MAP>
2019-09-23 17:09:43,576 [pool-159-thread-1] INFO  server.RaftServerConfigKeys (ConfUtils.java:logGet(43)) - raft.server.storage.dir = [/workdir/hadoop-ozone/integration-test/target/test-dir/MiniOzoneClusterImpl-2b1d7ee0-b4da-4ba1-8f31-c7ec960d02b8/datanode-4/data/ratis] (custom)
2019-09-23 17:09:43,577 [pool-159-thread-1] INFO  storage.RaftStorageDirectory (RaftStorageDirectory.java:analyzeStorage(246)) - The storage directory /workdir/hadoop-ozone/integration-test/target/test-dir/MiniOzoneClusterImpl-2b1d7ee0-b4da-4ba1-8f31-c7ec960d02b8/datanode-4/data/ratis/cdbec5a4-85f8-4f80-9488-6ba0b7be5a3f does not exist. Creating ...
2019-09-23 17:09:43,635 [pool-159-thread-1] INFO  storage.RaftStorageDirectory (RaftStorageDirectory.java:tryLock(328)) - Lock on /workdir/hadoop-ozone/integration-test/target/test-dir/MiniOzoneClusterImpl-2b1d7ee0-b4da-4ba1-8f31-c7ec960d02b8/datanode-4/data/ratis/cdbec5a4-85f8-4f80-9488-6ba0b7be5a3f/in_use.lock acquired by nodename 7511@pr-hdds-2167-q77kb-1598226581
2019-09-23 17:09:43,716 [pool-159-thread-1] INFO  storage.RaftStorage (RaftStorage.java:format(72)) - Storage directory /workdir/hadoop-ozone/integration-test/target/test-dir/MiniOzoneClusterImpl-2b1d7ee0-b4da-4ba1-8f31-c7ec960d02b8/datanode-4/data/ratis/cdbec5a4-85f8-4f80-9488-6ba0b7be5a3f has been successfully formatted.
2019-09-23 17:09:43,716 [pool-159-thread-1] INFO  ratis.ContainerStateMachine (ContainerStateMachine.java:loadSnapshot(230)) - group-6BA0B7BE5A3F: The snapshot info is null. Setting the last applied indexto:(t:0, i:~)
2019-09-23 17:09:43,716 [pool-159-thread-1] INFO  server.RaftServerConfigKeys (ConfUtils.java:logGet(43)) - raft.server.notification.no-leader.timeout = 120s (custom)
2019-09-23 17:09:43,717 [pool-159-thread-1] INFO  server.RaftServerConfigKeys (ConfUtils.java:logGet(43)) - raft.server.log.use.memory = false (default)
2019-09-23 17:09:43,717 [pool-159-thread-1] INFO  server.RaftServerConfigKeys (ConfUtils.java:logGet(43)) - raft.server.log.purge.gap = 1000000 (custom)
2019-09-23 17:09:43,717 [pool-159-thread-1] INFO  server.RaftServerConfigKeys (ConfUtils.java:logGet(43)) - raft.server.log.appender.buffer.byte-limit = 33554432 (custom)
2019-09-23 17:09:43,717 [pool-159-thread-1] INFO  server.RaftServerConfigKeys (ConfUtils.java:logGet(43)) - raft.server.log.segment.size.max = 1048576 (custom)
2019-09-23 17:09:43,717 [pool-159-thread-1] INFO  server.RaftServerConfigKeys (ConfUtils.java:logGet(43)) - raft.server.log.segment.cache.num.max = 2 (custom)
2019-09-23 17:09:43,717 [pool-159-thread-1] INFO  segmented.SegmentedRaftLogWorker (SegmentedRaftLogWorker.java:<init>(172)) - new 704969b7-e05b-4489-a061-6a80d49ca5c9@group-6BA0B7BE5A3F-SegmentedRaftLogWorker for RaftStorage:Storage Directory /workdir/hadoop-ozone/integration-test/target/test-dir/MiniOzoneClusterImpl-2b1d7ee0-b4da-4ba1-8f31-c7ec960d02b8/datanode-4/data/ratis/cdbec5a4-85f8-4f80-9488-6ba0b7be5a3f
2019-09-23 17:09:43,720 [pool-159-thread-1] INFO  server.RaftServerConfigKeys (ConfUtils.java:logGet(43)) - raft.server.log.queue.byte-limit = 2147483647 (custom)
2019-09-23 17:09:43,720 [pool-159-thread-1] INFO  server.RaftServerConfigKeys (ConfUtils.java:logGet(43)) - raft.server.log.queue.element-limit = 1024 (custom)
2019-09-23 17:09:43,721 [pool-159-thread-1] INFO  server.RaftServerConfigKeys (ConfUtils.java:logGet(43)) - raft.server.log.segment.size.max = 1048576 (custom)
2019-09-23 17:09:43,721 [pool-159-thread-1] INFO  server.RaftServerConfigKeys (ConfUtils.java:logGet(43)) - raft.server.log.preallocated.size = 16384 (custom)
2019-09-23 17:09:43,721 [pool-159-thread-1] INFO  server.RaftServerConfigKeys (ConfUtils.java:logGet(43)) - raft.server.log.write.buffer.size = 33554432 (custom)
2019-09-23 17:09:43,721 [pool-159-thread-1] INFO  server.RaftServerConfigKeys (ConfUtils.java:logGet(43)) - raft.server.log.force.sync.num = 128 (default)
2019-09-23 17:09:43,721 [pool-159-thread-1] INFO  server.RaftServerConfigKeys (ConfUtils.java:logGet(43)) - raft.server.log.statemachine.data.sync = true (default)
2019-09-23 17:09:43,721 [pool-159-thread-1] INFO  server.RaftServerConfigKeys (ConfUtils.java:logGet(43)) - raft.server.log.statemachine.data.sync.timeout = 10s (default)
2019-09-23 17:09:43,722 [pool-159-thread-1] INFO  server.RaftServerConfigKeys (ConfUtils.java:logGet(43)) - raft.server.log.statemachine.data.sync.timeout.retry = -1 (default)
2019-09-23 17:09:43,722 [pool-159-thread-1] INFO  server.RaftServerConfigKeys (ConfUtils.java:logGet(43)) - raft.server.log.statemachine.data.caching.enabled = true (custom)
2019-09-23 17:09:43,722 [pool-159-thread-1] INFO  segmented.SegmentedRaftLogWorker (SegmentedRaftLogWorker.java:lambda$new$0(132)) - 704969b7-e05b-4489-a061-6a80d49ca5c9@group-6BA0B7BE5A3F-SegmentedRaftLogWorker: flushIndex: setUnconditionally 0 -> -1
2019-09-23 17:09:43,723 [pool-159-thread-1] INFO  server.RaftServerConfigKeys (ConfUtils.java:logGet(43)) - raft.server.snapshot.auto.trigger.enabled = true (custom)
2019-09-23 17:09:43,723 [pool-159-thread-1] INFO  server.RaftServerConfigKeys (ConfUtils.java:logGet(43)) - raft.server.snapshot.auto.trigger.threshold = 10000 (custom)
2019-09-23 17:09:43,723 [pool-159-thread-1] INFO  server.RaftServerConfigKeys (ConfUtils.java:logGet(43)) - raft.server.snapshot.retention.num.files = 5 (custom)
2019-09-23 17:09:43,723 [pool-159-thread-1] INFO  server.RaftServerConfigKeys (ConfUtils.java:logGet(43)) - raft.server.retrycache.expirytime = 600000ms (custom)
2019-09-23 17:09:43,726 [pool-159-thread-1] INFO  impl.RaftServerImpl (RaftServerImpl.java:start(185)) - 704969b7-e05b-4489-a061-6a80d49ca5c9@group-6BA0B7BE5A3F: start as a follower, conf=-1: [704969b7-e05b-4489-a061-6a80d49ca5c9:192.168.34.14:42228], old=null
2019-09-23 17:09:43,726 [pool-159-thread-1] INFO  impl.RaftServerImpl (RaftServerImpl.java:setRole(174)) - 704969b7-e05b-4489-a061-6a80d49ca5c9@group-6BA0B7BE5A3F: changes role from      null to FOLLOWER at term 0 for startAsFollower
2019-09-23 17:09:43,726 [pool-159-thread-1] INFO  impl.RoleInfo (RoleInfo.java:updateAndGet(143)) - 704969b7-e05b-4489-a061-6a80d49ca5c9: start FollowerState
2019-09-23 17:09:43,727 [pool-159-thread-1] INFO  util.JmxRegister (JmxRegister.java:tryRegister(44)) - Successfully registered JMX Bean with object name Ratis:service=RaftServer,group=group-6BA0B7BE5A3F,id=704969b7-e05b-4489-a061-6a80d49ca5c9
2019-09-23 17:09:43,732 [RatisPipelineUtilsThread] INFO  pipeline.PipelineStateManager (PipelineStateManager.java:addPipeline(56)) - Created pipeline Pipeline[ Id: cdbec5a4-85f8-4f80-9488-6ba0b7be5a3f, Nodes: 704969b7-e05b-4489-a061-6a80d49ca5c9{ip: 192.168.34.14, host: pr-hdds-2167-q77kb-1598226581, networkLocation: /default-rack, certSerialId: null}, Type:RATIS, Factor:ONE, State:OPEN]
2019-09-23 17:09:43,744 [grpc-default-executor-5] INFO  impl.RaftServerProxy (RaftServerProxy.java:addNew(89)) - 914de4c2-3aa0-4a5c-a0d8-c5ac91929eac: addNew group-68D095D90BD3:[914de4c2-3aa0-4a5c-a0d8-c5ac91929eac:192.168.34.14:43607] returns group-68D095D90BD3:java.util.concurrent.CompletableFuture@1e24bb31[Not completed]
2019-09-23 17:09:43,749 [pool-149-thread-1] INFO  impl.RaftServerImpl (RaftServerImpl.java:<init>(95)) - 914de4c2-3aa0-4a5c-a0d8-c5ac91929eac: new RaftServerImpl for group-68D095D90BD3:[914de4c2-3aa0-4a5c-a0d8-c5ac91929eac:192.168.34.14:43607] with ContainerStateMachine:uninitialized
2019-09-23 17:09:43,749 [pool-149-thread-1] INFO  server.RaftServerConfigKeys (ConfUtils.java:logGet(43)) - raft.server.rpc.timeout.min = 5s (custom)
2019-09-23 17:09:43,750 [pool-149-thread-1] INFO  server.RaftServerConfigKeys (ConfUtils.java:logGet(43)) - raft.server.rpc.timeout.max = 5200ms (custom)
2019-09-23 17:09:43,750 [pool-149-thread-1] INFO  server.RaftServerConfigKeys (ConfUtils.java:logGet(43)) - raft.server.rpcslowness.timeout = 120s (custom)
2019-09-23 17:09:43,750 [pool-149-thread-1] INFO  server.RaftServerConfigKeys (ConfUtils.java:logGet(43)) - raft.server.sleep.deviation.threshold = 300 (default)
2019-09-23 17:09:43,750 [pool-149-thread-1] INFO  server.RaftServerConfigKeys (ConfUtils.java:logGet(43)) - raft.server.log.appender.install.snapshot.enabled = false (custom)
2019-09-23 17:09:43,750 [pool-149-thread-1] INFO  impl.RaftServerImpl (ServerState.java:<init>(103)) - 914de4c2-3aa0-4a5c-a0d8-c5ac91929eac@group-68D095D90BD3: ConfigurationManager, init=-1: [914de4c2-3aa0-4a5c-a0d8-c5ac91929eac:192.168.34.14:43607], old=null, confs=<EMPTY_MAP>
2019-09-23 17:09:43,750 [pool-149-thread-1] INFO  server.RaftServerConfigKeys (ConfUtils.java:logGet(43)) - raft.server.storage.dir = [/workdir/hadoop-ozone/integration-test/target/test-dir/MiniOzoneClusterImpl-2b1d7ee0-b4da-4ba1-8f31-c7ec960d02b8/datanode-3/data/ratis] (custom)
2019-09-23 17:09:43,751 [pool-149-thread-1] INFO  storage.RaftStorageDirectory (RaftStorageDirectory.java:analyzeStorage(246)) - The storage directory /workdir/hadoop-ozone/integration-test/target/test-dir/MiniOzoneClusterImpl-2b1d7ee0-b4da-4ba1-8f31-c7ec960d02b8/datanode-3/data/ratis/3d7de559-e8c8-40f5-b5d4-68d095d90bd3 does not exist. Creating ...
2019-09-23 17:09:43,820 [pool-149-thread-1] INFO  storage.RaftStorageDirectory (RaftStorageDirectory.java:tryLock(328)) - Lock on /workdir/hadoop-ozone/integration-test/target/test-dir/MiniOzoneClusterImpl-2b1d7ee0-b4da-4ba1-8f31-c7ec960d02b8/datanode-3/data/ratis/3d7de559-e8c8-40f5-b5d4-68d095d90bd3/in_use.lock acquired by nodename 7511@pr-hdds-2167-q77kb-1598226581
2019-09-23 17:09:43,893 [pool-149-thread-1] INFO  storage.RaftStorage (RaftStorage.java:format(72)) - Storage directory /workdir/hadoop-ozone/integration-test/target/test-dir/MiniOzoneClusterImpl-2b1d7ee0-b4da-4ba1-8f31-c7ec960d02b8/datanode-3/data/ratis/3d7de559-e8c8-40f5-b5d4-68d095d90bd3 has been successfully formatted.
2019-09-23 17:09:43,894 [pool-149-thread-1] INFO  ratis.ContainerStateMachine (ContainerStateMachine.java:loadSnapshot(230)) - group-68D095D90BD3: The snapshot info is null. Setting the last applied indexto:(t:0, i:~)
2019-09-23 17:09:43,894 [pool-149-thread-1] INFO  server.RaftServerConfigKeys (ConfUtils.java:logGet(43)) - raft.server.notification.no-leader.timeout = 120s (custom)
2019-09-23 17:09:43,894 [pool-149-thread-1] INFO  server.RaftServerConfigKeys (ConfUtils.java:logGet(43)) - raft.server.log.use.memory = false (default)
2019-09-23 17:09:43,894 [pool-149-thread-1] INFO  server.RaftServerConfigKeys (ConfUtils.java:logGet(43)) - raft.server.log.purge.gap = 1000000 (custom)
2019-09-23 17:09:43,894 [pool-149-thread-1] INFO  server.RaftServerConfigKeys (ConfUtils.java:logGet(43)) - raft.server.log.appender.buffer.byte-limit = 33554432 (custom)
2019-09-23 17:09:43,894 [pool-149-thread-1] INFO  server.RaftServerConfigKeys (ConfUtils.java:logGet(43)) - raft.server.log.segment.size.max = 1048576 (custom)
2019-09-23 17:09:43,894 [pool-149-thread-1] INFO  server.RaftServerConfigKeys (ConfUtils.java:logGet(43)) - raft.server.log.segment.cache.num.max = 2 (custom)
2019-09-23 17:09:43,895 [pool-149-thread-1] INFO  segmented.SegmentedRaftLogWorker (SegmentedRaftLogWorker.java:<init>(172)) - new 914de4c2-3aa0-4a5c-a0d8-c5ac91929eac@group-68D095D90BD3-SegmentedRaftLogWorker for RaftStorage:Storage Directory /workdir/hadoop-ozone/integration-test/target/test-dir/MiniOzoneClusterImpl-2b1d7ee0-b4da-4ba1-8f31-c7ec960d02b8/datanode-3/data/ratis/3d7de559-e8c8-40f5-b5d4-68d095d90bd3
2019-09-23 17:09:43,897 [pool-149-thread-1] INFO  server.RaftServerConfigKeys (ConfUtils.java:logGet(43)) - raft.server.log.queue.byte-limit = 2147483647 (custom)
2019-09-23 17:09:43,897 [pool-149-thread-1] INFO  server.RaftServerConfigKeys (ConfUtils.java:logGet(43)) - raft.server.log.queue.element-limit = 1024 (custom)
2019-09-23 17:09:43,897 [pool-149-thread-1] INFO  server.RaftServerConfigKeys (ConfUtils.java:logGet(43)) - raft.server.log.segment.size.max = 1048576 (custom)
2019-09-23 17:09:43,897 [pool-149-thread-1] INFO  server.RaftServerConfigKeys (ConfUtils.java:logGet(43)) - raft.server.log.preallocated.size = 16384 (custom)
2019-09-23 17:09:43,898 [pool-149-thread-1] INFO  server.RaftServerConfigKeys (ConfUtils.java:logGet(43)) - raft.server.log.write.buffer.size = 33554432 (custom)
2019-09-23 17:09:43,898 [pool-149-thread-1] INFO  server.RaftServerConfigKeys (ConfUtils.java:logGet(43)) - raft.server.log.force.sync.num = 128 (default)
2019-09-23 17:09:43,898 [pool-149-thread-1] INFO  server.RaftServerConfigKeys (ConfUtils.java:logGet(43)) - raft.server.log.statemachine.data.sync = true (default)
2019-09-23 17:09:43,898 [pool-149-thread-1] INFO  server.RaftServerConfigKeys (ConfUtils.java:logGet(43)) - raft.server.log.statemachine.data.sync.timeout = 10s (default)
2019-09-23 17:09:43,898 [pool-149-thread-1] INFO  server.RaftServerConfigKeys (ConfUtils.java:logGet(43)) - raft.server.log.statemachine.data.sync.timeout.retry = -1 (default)
2019-09-23 17:09:43,898 [pool-149-thread-1] INFO  server.RaftServerConfigKeys (ConfUtils.java:logGet(43)) - raft.server.log.statemachine.data.caching.enabled = true (custom)
2019-09-23 17:09:43,899 [pool-149-thread-1] INFO  segmented.SegmentedRaftLogWorker (SegmentedRaftLogWorker.java:lambda$new$0(132)) - 914de4c2-3aa0-4a5c-a0d8-c5ac91929eac@group-68D095D90BD3-SegmentedRaftLogWorker: flushIndex: setUnconditionally 0 -> -1
2019-09-23 17:09:43,899 [pool-149-thread-1] INFO  server.RaftServerConfigKeys (ConfUtils.java:logGet(43)) - raft.server.snapshot.auto.trigger.enabled = true (custom)
2019-09-23 17:09:43,899 [pool-149-thread-1] INFO  server.RaftServerConfigKeys (ConfUtils.java:logGet(43)) - raft.server.snapshot.auto.trigger.threshold = 10000 (custom)
2019-09-23 17:09:43,899 [pool-149-thread-1] INFO  server.RaftServerConfigKeys (ConfUtils.java:logGet(43)) - raft.server.snapshot.retention.num.files = 5 (custom)
2019-09-23 17:09:43,899 [pool-149-thread-1] INFO  server.RaftServerConfigKeys (ConfUtils.java:logGet(43)) - raft.server.retrycache.expirytime = 600000ms (custom)
2019-09-23 17:09:43,901 [pool-149-thread-1] INFO  impl.RaftServerImpl (RaftServerImpl.java:start(185)) - 914de4c2-3aa0-4a5c-a0d8-c5ac91929eac@group-68D095D90BD3: start as a follower, conf=-1: [914de4c2-3aa0-4a5c-a0d8-c5ac91929eac:192.168.34.14:43607], old=null
2019-09-23 17:09:43,902 [pool-149-thread-1] INFO  impl.RaftServerImpl (RaftServerImpl.java:setRole(174)) - 914de4c2-3aa0-4a5c-a0d8-c5ac91929eac@group-68D095D90BD3: changes role from      null to FOLLOWER at term 0 for startAsFollower
2019-09-23 17:09:43,902 [pool-149-thread-1] INFO  impl.RoleInfo (RoleInfo.java:updateAndGet(143)) - 914de4c2-3aa0-4a5c-a0d8-c5ac91929eac: start FollowerState
2019-09-23 17:09:43,902 [pool-149-thread-1] INFO  util.JmxRegister (JmxRegister.java:tryRegister(44)) - Successfully registered JMX Bean with object name Ratis:service=RaftServer,group=group-68D095D90BD3,id=914de4c2-3aa0-4a5c-a0d8-c5ac91929eac
2019-09-23 17:09:43,908 [RatisPipelineUtilsThread] INFO  pipeline.PipelineStateManager (PipelineStateManager.java:addPipeline(56)) - Created pipeline Pipeline[ Id: 3d7de559-e8c8-40f5-b5d4-68d095d90bd3, Nodes: 914de4c2-3aa0-4a5c-a0d8-c5ac91929eac{ip: 192.168.34.14, host: pr-hdds-2167-q77kb-1598226581, networkLocation: /default-rack, certSerialId: null}, Type:RATIS, Factor:ONE, State:OPEN]
2019-09-23 17:09:43,922 [grpc-default-executor-5] INFO  impl.RaftServerProxy (RaftServerProxy.java:addNew(89)) - d4f13609-9c87-4605-b47e-334719966a4f: addNew group-C04B1D84C70C:[d4f13609-9c87-4605-b47e-334719966a4f:192.168.34.14:35556] returns group-C04B1D84C70C:java.util.concurrent.CompletableFuture@74cd7a8e[Not completed]
2019-09-23 17:09:43,928 [pool-139-thread-1] INFO  impl.RaftServerImpl (RaftServerImpl.java:<init>(95)) - d4f13609-9c87-4605-b47e-334719966a4f: new RaftServerImpl for group-C04B1D84C70C:[d4f13609-9c87-4605-b47e-334719966a4f:192.168.34.14:35556] with ContainerStateMachine:uninitialized
2019-09-23 17:09:43,929 [pool-139-thread-1] INFO  server.RaftServerConfigKeys (ConfUtils.java:logGet(43)) - raft.server.rpc.timeout.min = 5s (custom)
2019-09-23 17:09:43,929 [pool-139-thread-1] INFO  server.RaftServerConfigKeys (ConfUtils.java:logGet(43)) - raft.server.rpc.timeout.max = 5200ms (custom)
2019-09-23 17:09:43,929 [pool-139-thread-1] INFO  server.RaftServerConfigKeys (ConfUtils.java:logGet(43)) - raft.server.rpcslowness.timeout = 120s (custom)
2019-09-23 17:09:43,929 [pool-139-thread-1] INFO  server.RaftServerConfigKeys (ConfUtils.java:logGet(43)) - raft.server.sleep.deviation.threshold = 300 (default)
2019-09-23 17:09:43,929 [pool-139-thread-1] INFO  server.RaftServerConfigKeys (ConfUtils.java:logGet(43)) - raft.server.log.appender.install.snapshot.enabled = false (custom)
2019-09-23 17:09:43,929 [pool-139-thread-1] INFO  impl.RaftServerImpl (ServerState.java:<init>(103)) - d4f13609-9c87-4605-b47e-334719966a4f@group-C04B1D84C70C: ConfigurationManager, init=-1: [d4f13609-9c87-4605-b47e-334719966a4f:192.168.34.14:35556], old=null, confs=<EMPTY_MAP>
2019-09-23 17:09:43,930 [pool-139-thread-1] INFO  server.RaftServerConfigKeys (ConfUtils.java:logGet(43)) - raft.server.storage.dir = [/workdir/hadoop-ozone/integration-test/target/test-dir/MiniOzoneClusterImpl-2b1d7ee0-b4da-4ba1-8f31-c7ec960d02b8/datanode-2/data/ratis] (custom)
2019-09-23 17:09:43,930 [pool-139-thread-1] INFO  storage.RaftStorageDirectory (RaftStorageDirectory.java:analyzeStorage(246)) - The storage directory /workdir/hadoop-ozone/integration-test/target/test-dir/MiniOzoneClusterImpl-2b1d7ee0-b4da-4ba1-8f31-c7ec960d02b8/datanode-2/data/ratis/0752304f-6bfe-461b-9a19-c04b1d84c70c does not exist. Creating ...
2019-09-23 17:09:43,987 [pool-139-thread-1] INFO  storage.RaftStorageDirectory (RaftStorageDirectory.java:tryLock(328)) - Lock on /workdir/hadoop-ozone/integration-test/target/test-dir/MiniOzoneClusterImpl-2b1d7ee0-b4da-4ba1-8f31-c7ec960d02b8/datanode-2/data/ratis/0752304f-6bfe-461b-9a19-c04b1d84c70c/in_use.lock acquired by nodename 7511@pr-hdds-2167-q77kb-1598226581
2019-09-23 17:09:44,032 [pool-139-thread-1] INFO  storage.RaftStorage (RaftStorage.java:format(72)) - Storage directory /workdir/hadoop-ozone/integration-test/target/test-dir/MiniOzoneClusterImpl-2b1d7ee0-b4da-4ba1-8f31-c7ec960d02b8/datanode-2/data/ratis/0752304f-6bfe-461b-9a19-c04b1d84c70c has been successfully formatted.
2019-09-23 17:09:44,033 [pool-139-thread-1] INFO  ratis.ContainerStateMachine (ContainerStateMachine.java:loadSnapshot(230)) - group-C04B1D84C70C: The snapshot info is null. Setting the last applied indexto:(t:0, i:~)
2019-09-23 17:09:44,033 [pool-139-thread-1] INFO  server.RaftServerConfigKeys (ConfUtils.java:logGet(43)) - raft.server.notification.no-leader.timeout = 120s (custom)
2019-09-23 17:09:44,034 [pool-139-thread-1] INFO  server.RaftServerConfigKeys (ConfUtils.java:logGet(43)) - raft.server.log.use.memory = false (default)
2019-09-23 17:09:44,034 [pool-139-thread-1] INFO  server.RaftServerConfigKeys (ConfUtils.java:logGet(43)) - raft.server.log.purge.gap = 1000000 (custom)
2019-09-23 17:09:44,034 [pool-139-thread-1] INFO  server.RaftServerConfigKeys (ConfUtils.java:logGet(43)) - raft.server.log.appender.buffer.byte-limit = 33554432 (custom)
2019-09-23 17:09:44,034 [pool-139-thread-1] INFO  server.RaftServerConfigKeys (ConfUtils.java:logGet(43)) - raft.server.log.segment.size.max = 1048576 (custom)
2019-09-23 17:09:44,034 [pool-139-thread-1] INFO  server.RaftServerConfigKeys (ConfUtils.java:logGet(43)) - raft.server.log.segment.cache.num.max = 2 (custom)
2019-09-23 17:09:44,035 [pool-139-thread-1] INFO  segmented.SegmentedRaftLogWorker (SegmentedRaftLogWorker.java:<init>(172)) - new d4f13609-9c87-4605-b47e-334719966a4f@group-C04B1D84C70C-SegmentedRaftLogWorker for RaftStorage:Storage Directory /workdir/hadoop-ozone/integration-test/target/test-dir/MiniOzoneClusterImpl-2b1d7ee0-b4da-4ba1-8f31-c7ec960d02b8/datanode-2/data/ratis/0752304f-6bfe-461b-9a19-c04b1d84c70c
2019-09-23 17:09:44,037 [pool-139-thread-1] INFO  server.RaftServerConfigKeys (ConfUtils.java:logGet(43)) - raft.server.log.queue.byte-limit = 2147483647 (custom)
2019-09-23 17:09:44,038 [pool-139-thread-1] INFO  server.RaftServerConfigKeys (ConfUtils.java:logGet(43)) - raft.server.log.queue.element-limit = 1024 (custom)
2019-09-23 17:09:44,038 [pool-139-thread-1] INFO  server.RaftServerConfigKeys (ConfUtils.java:logGet(43)) - raft.server.log.segment.size.max = 1048576 (custom)
2019-09-23 17:09:44,038 [pool-139-thread-1] INFO  server.RaftServerConfigKeys (ConfUtils.java:logGet(43)) - raft.server.log.preallocated.size = 16384 (custom)
2019-09-23 17:09:44,038 [pool-139-thread-1] INFO  server.RaftServerConfigKeys (ConfUtils.java:logGet(43)) - raft.server.log.write.buffer.size = 33554432 (custom)
2019-09-23 17:09:44,038 [pool-139-thread-1] INFO  server.RaftServerConfigKeys (ConfUtils.java:logGet(43)) - raft.server.log.force.sync.num = 128 (default)
2019-09-23 17:09:44,038 [pool-139-thread-1] INFO  server.RaftServerConfigKeys (ConfUtils.java:logGet(43)) - raft.server.log.statemachine.data.sync = true (default)
2019-09-23 17:09:44,039 [pool-139-thread-1] INFO  server.RaftServerConfigKeys (ConfUtils.java:logGet(43)) - raft.server.log.statemachine.data.sync.timeout = 10s (default)
2019-09-23 17:09:44,039 [pool-139-thread-1] INFO  server.RaftServerConfigKeys (ConfUtils.java:logGet(43)) - raft.server.log.statemachine.data.sync.timeout.retry = -1 (default)
2019-09-23 17:09:44,039 [pool-139-thread-1] INFO  server.RaftServerConfigKeys (ConfUtils.java:logGet(43)) - raft.server.log.statemachine.data.caching.enabled = true (custom)
2019-09-23 17:09:44,039 [pool-139-thread-1] INFO  segmented.SegmentedRaftLogWorker (SegmentedRaftLogWorker.java:lambda$new$0(132)) - d4f13609-9c87-4605-b47e-334719966a4f@group-C04B1D84C70C-SegmentedRaftLogWorker: flushIndex: setUnconditionally 0 -> -1
2019-09-23 17:09:44,040 [pool-139-thread-1] INFO  server.RaftServerConfigKeys (ConfUtils.java:logGet(43)) - raft.server.snapshot.auto.trigger.enabled = true (custom)
2019-09-23 17:09:44,040 [pool-139-thread-1] INFO  server.RaftServerConfigKeys (ConfUtils.java:logGet(43)) - raft.server.snapshot.auto.trigger.threshold = 10000 (custom)
2019-09-23 17:09:44,040 [pool-139-thread-1] INFO  server.RaftServerConfigKeys (ConfUtils.java:logGet(43)) - raft.server.snapshot.retention.num.files = 5 (custom)
2019-09-23 17:09:44,040 [pool-139-thread-1] INFO  server.RaftServerConfigKeys (ConfUtils.java:logGet(43)) - raft.server.retrycache.expirytime = 600000ms (custom)
2019-09-23 17:09:44,043 [pool-139-thread-1] INFO  impl.RaftServerImpl (RaftServerImpl.java:start(185)) - d4f13609-9c87-4605-b47e-334719966a4f@group-C04B1D84C70C: start as a follower, conf=-1: [d4f13609-9c87-4605-b47e-334719966a4f:192.168.34.14:35556], old=null
2019-09-23 17:09:44,043 [pool-139-thread-1] INFO  impl.RaftServerImpl (RaftServerImpl.java:setRole(174)) - d4f13609-9c87-4605-b47e-334719966a4f@group-C04B1D84C70C: changes role from      null to FOLLOWER at term 0 for startAsFollower
2019-09-23 17:09:44,043 [pool-139-thread-1] INFO  impl.RoleInfo (RoleInfo.java:updateAndGet(143)) - d4f13609-9c87-4605-b47e-334719966a4f: start FollowerState
2019-09-23 17:09:44,060 [pool-139-thread-1] INFO  util.JmxRegister (JmxRegister.java:tryRegister(44)) - Successfully registered JMX Bean with object name Ratis:service=RaftServer,group=group-C04B1D84C70C,id=d4f13609-9c87-4605-b47e-334719966a4f
2019-09-23 17:09:44,073 [RatisPipelineUtilsThread] INFO  pipeline.PipelineStateManager (PipelineStateManager.java:addPipeline(56)) - Created pipeline Pipeline[ Id: 0752304f-6bfe-461b-9a19-c04b1d84c70c, Nodes: d4f13609-9c87-4605-b47e-334719966a4f{ip: 192.168.34.14, host: pr-hdds-2167-q77kb-1598226581, networkLocation: /default-rack, certSerialId: null}, Type:RATIS, Factor:ONE, State:OPEN]
2019-09-23 17:09:44,099 [grpc-default-executor-5] INFO  impl.RaftServerProxy (RaftServerProxy.java:addNew(89)) - 1a636c31-9e4c-40ea-b031-c5f26b29f43d: addNew group-08EE2DEA27CA:[7174c195-fa06-433a-9f95-8297e7790ec0:192.168.34.14:34584, 987c2d54-3d4d-4fd8-bf6b-8ec028765572:192.168.34.14:33974, 1a636c31-9e4c-40ea-b031-c5f26b29f43d:192.168.34.14:34670] returns group-08EE2DEA27CA:java.util.concurrent.CompletableFuture@19d00818[Not completed]
2019-09-23 17:09:44,102 [grpc-default-executor-4] INFO  impl.RaftServerProxy (RaftServerProxy.java:addNew(89)) - 7174c195-fa06-433a-9f95-8297e7790ec0: addNew group-08EE2DEA27CA:[7174c195-fa06-433a-9f95-8297e7790ec0:192.168.34.14:34584, 987c2d54-3d4d-4fd8-bf6b-8ec028765572:192.168.34.14:33974, 1a636c31-9e4c-40ea-b031-c5f26b29f43d:192.168.34.14:34670] returns group-08EE2DEA27CA:java.util.concurrent.CompletableFuture@6cb2d331[Not completed]
2019-09-23 17:09:44,101 [grpc-default-executor-3] INFO  impl.RaftServerProxy (RaftServerProxy.java:addNew(89)) - 987c2d54-3d4d-4fd8-bf6b-8ec028765572: addNew group-08EE2DEA27CA:[7174c195-fa06-433a-9f95-8297e7790ec0:192.168.34.14:34584, 987c2d54-3d4d-4fd8-bf6b-8ec028765572:192.168.34.14:33974, 1a636c31-9e4c-40ea-b031-c5f26b29f43d:192.168.34.14:34670] returns group-08EE2DEA27CA:java.util.concurrent.CompletableFuture@586302d2[Not completed]
2019-09-23 17:09:44,103 [pool-169-thread-1] INFO  impl.RaftServerImpl (RaftServerImpl.java:<init>(95)) - 1a636c31-9e4c-40ea-b031-c5f26b29f43d: new RaftServerImpl for group-08EE2DEA27CA:[7174c195-fa06-433a-9f95-8297e7790ec0:192.168.34.14:34584, 987c2d54-3d4d-4fd8-bf6b-8ec028765572:192.168.34.14:33974, 1a636c31-9e4c-40ea-b031-c5f26b29f43d:192.168.34.14:34670] with ContainerStateMachine:uninitialized
2019-09-23 17:09:44,103 [pool-169-thread-1] INFO  server.RaftServerConfigKeys (ConfUtils.java:logGet(43)) - raft.server.rpc.timeout.min = 5s (custom)
2019-09-23 17:09:44,103 [pool-169-thread-1] INFO  server.RaftServerConfigKeys (ConfUtils.java:logGet(43)) - raft.server.rpc.timeout.max = 5200ms (custom)
2019-09-23 17:09:44,103 [pool-169-thread-1] INFO  server.RaftServerConfigKeys (ConfUtils.java:logGet(43)) - raft.server.rpcslowness.timeout = 120s (custom)
2019-09-23 17:09:44,103 [pool-169-thread-1] INFO  server.RaftServerConfigKeys (ConfUtils.java:logGet(43)) - raft.server.sleep.deviation.threshold = 300 (default)
2019-09-23 17:09:44,103 [pool-169-thread-1] INFO  server.RaftServerConfigKeys (ConfUtils.java:logGet(43)) - raft.server.log.appender.install.snapshot.enabled = false (custom)
2019-09-23 17:09:44,104 [pool-169-thread-1] INFO  impl.RaftServerImpl (ServerState.java:<init>(103)) - 1a636c31-9e4c-40ea-b031-c5f26b29f43d@group-08EE2DEA27CA: ConfigurationManager, init=-1: [7174c195-fa06-433a-9f95-8297e7790ec0:192.168.34.14:34584, 987c2d54-3d4d-4fd8-bf6b-8ec028765572:192.168.34.14:33974, 1a636c31-9e4c-40ea-b031-c5f26b29f43d:192.168.34.14:34670], old=null, confs=<EMPTY_MAP>
2019-09-23 17:09:44,104 [pool-169-thread-1] INFO  server.RaftServerConfigKeys (ConfUtils.java:logGet(43)) - raft.server.storage.dir = [/workdir/hadoop-ozone/integration-test/target/test-dir/MiniOzoneClusterImpl-2b1d7ee0-b4da-4ba1-8f31-c7ec960d02b8/datanode-5/data/ratis] (custom)
2019-09-23 17:09:44,104 [pool-169-thread-1] INFO  storage.RaftStorageDirectory (RaftStorageDirectory.java:analyzeStorage(246)) - The storage directory /workdir/hadoop-ozone/integration-test/target/test-dir/MiniOzoneClusterImpl-2b1d7ee0-b4da-4ba1-8f31-c7ec960d02b8/datanode-5/data/ratis/86b80f1c-7739-434c-b11f-08ee2dea27ca does not exist. Creating ...
2019-09-23 17:09:44,104 [pool-179-thread-1] INFO  impl.RaftServerImpl (RaftServerImpl.java:<init>(95)) - 7174c195-fa06-433a-9f95-8297e7790ec0: new RaftServerImpl for group-08EE2DEA27CA:[7174c195-fa06-433a-9f95-8297e7790ec0:192.168.34.14:34584, 987c2d54-3d4d-4fd8-bf6b-8ec028765572:192.168.34.14:33974, 1a636c31-9e4c-40ea-b031-c5f26b29f43d:192.168.34.14:34670] with ContainerStateMachine:uninitialized
2019-09-23 17:09:44,104 [pool-179-thread-1] INFO  server.RaftServerConfigKeys (ConfUtils.java:logGet(43)) - raft.server.rpc.timeout.min = 5s (custom)
2019-09-23 17:09:44,105 [pool-179-thread-1] INFO  server.RaftServerConfigKeys (ConfUtils.java:logGet(43)) - raft.server.rpc.timeout.max = 5200ms (custom)
2019-09-23 17:09:44,105 [pool-179-thread-1] INFO  server.RaftServerConfigKeys (ConfUtils.java:logGet(43)) - raft.server.rpcslowness.timeout = 120s (custom)
2019-09-23 17:09:44,105 [pool-179-thread-1] INFO  server.RaftServerConfigKeys (ConfUtils.java:logGet(43)) - raft.server.sleep.deviation.threshold = 300 (default)
2019-09-23 17:09:44,105 [pool-179-thread-1] INFO  server.RaftServerConfigKeys (ConfUtils.java:logGet(43)) - raft.server.log.appender.install.snapshot.enabled = false (custom)
2019-09-23 17:09:44,105 [pool-129-thread-1] INFO  impl.RaftServerImpl (RaftServerImpl.java:<init>(95)) - 987c2d54-3d4d-4fd8-bf6b-8ec028765572: new RaftServerImpl for group-08EE2DEA27CA:[7174c195-fa06-433a-9f95-8297e7790ec0:192.168.34.14:34584, 987c2d54-3d4d-4fd8-bf6b-8ec028765572:192.168.34.14:33974, 1a636c31-9e4c-40ea-b031-c5f26b29f43d:192.168.34.14:34670] with ContainerStateMachine:uninitialized
2019-09-23 17:09:44,105 [pool-179-thread-1] INFO  impl.RaftServerImpl (ServerState.java:<init>(103)) - 7174c195-fa06-433a-9f95-8297e7790ec0@group-08EE2DEA27CA: ConfigurationManager, init=-1: [7174c195-fa06-433a-9f95-8297e7790ec0:192.168.34.14:34584, 987c2d54-3d4d-4fd8-bf6b-8ec028765572:192.168.34.14:33974, 1a636c31-9e4c-40ea-b031-c5f26b29f43d:192.168.34.14:34670], old=null, confs=<EMPTY_MAP>
2019-09-23 17:09:44,105 [pool-129-thread-1] INFO  server.RaftServerConfigKeys (ConfUtils.java:logGet(43)) - raft.server.rpc.timeout.min = 5s (custom)
2019-09-23 17:09:44,106 [pool-179-thread-1] INFO  server.RaftServerConfigKeys (ConfUtils.java:logGet(43)) - raft.server.storage.dir = [/workdir/hadoop-ozone/integration-test/target/test-dir/MiniOzoneClusterImpl-2b1d7ee0-b4da-4ba1-8f31-c7ec960d02b8/datanode-6/data/ratis] (custom)
2019-09-23 17:09:44,106 [pool-129-thread-1] INFO  server.RaftServerConfigKeys (ConfUtils.java:logGet(43)) - raft.server.rpc.timeout.max = 5200ms (custom)
2019-09-23 17:09:44,106 [pool-129-thread-1] INFO  server.RaftServerConfigKeys (ConfUtils.java:logGet(43)) - raft.server.rpcslowness.timeout = 120s (custom)
2019-09-23 17:09:44,106 [pool-179-thread-1] INFO  storage.RaftStorageDirectory (RaftStorageDirectory.java:analyzeStorage(246)) - The storage directory /workdir/hadoop-ozone/integration-test/target/test-dir/MiniOzoneClusterImpl-2b1d7ee0-b4da-4ba1-8f31-c7ec960d02b8/datanode-6/data/ratis/86b80f1c-7739-434c-b11f-08ee2dea27ca does not exist. Creating ...
2019-09-23 17:09:44,106 [pool-129-thread-1] INFO  server.RaftServerConfigKeys (ConfUtils.java:logGet(43)) - raft.server.sleep.deviation.threshold = 300 (default)
2019-09-23 17:09:44,106 [pool-129-thread-1] INFO  server.RaftServerConfigKeys (ConfUtils.java:logGet(43)) - raft.server.log.appender.install.snapshot.enabled = false (custom)
2019-09-23 17:09:44,107 [pool-129-thread-1] INFO  impl.RaftServerImpl (ServerState.java:<init>(103)) - 987c2d54-3d4d-4fd8-bf6b-8ec028765572@group-08EE2DEA27CA: ConfigurationManager, init=-1: [7174c195-fa06-433a-9f95-8297e7790ec0:192.168.34.14:34584, 987c2d54-3d4d-4fd8-bf6b-8ec028765572:192.168.34.14:33974, 1a636c31-9e4c-40ea-b031-c5f26b29f43d:192.168.34.14:34670], old=null, confs=<EMPTY_MAP>
2019-09-23 17:09:44,107 [pool-129-thread-1] INFO  server.RaftServerConfigKeys (ConfUtils.java:logGet(43)) - raft.server.storage.dir = [/workdir/hadoop-ozone/integration-test/target/test-dir/MiniOzoneClusterImpl-2b1d7ee0-b4da-4ba1-8f31-c7ec960d02b8/datanode-1/data/ratis] (custom)
2019-09-23 17:09:44,107 [pool-129-thread-1] INFO  storage.RaftStorageDirectory (RaftStorageDirectory.java:analyzeStorage(246)) - The storage directory /workdir/hadoop-ozone/integration-test/target/test-dir/MiniOzoneClusterImpl-2b1d7ee0-b4da-4ba1-8f31-c7ec960d02b8/datanode-1/data/ratis/86b80f1c-7739-434c-b11f-08ee2dea27ca does not exist. Creating ...
2019-09-23 17:09:44,161 [pool-179-thread-1] INFO  storage.RaftStorageDirectory (RaftStorageDirectory.java:tryLock(328)) - Lock on /workdir/hadoop-ozone/integration-test/target/test-dir/MiniOzoneClusterImpl-2b1d7ee0-b4da-4ba1-8f31-c7ec960d02b8/datanode-6/data/ratis/86b80f1c-7739-434c-b11f-08ee2dea27ca/in_use.lock acquired by nodename 7511@pr-hdds-2167-q77kb-1598226581
2019-09-23 17:09:44,161 [pool-129-thread-1] INFO  storage.RaftStorageDirectory (RaftStorageDirectory.java:tryLock(328)) - Lock on /workdir/hadoop-ozone/integration-test/target/test-dir/MiniOzoneClusterImpl-2b1d7ee0-b4da-4ba1-8f31-c7ec960d02b8/datanode-1/data/ratis/86b80f1c-7739-434c-b11f-08ee2dea27ca/in_use.lock acquired by nodename 7511@pr-hdds-2167-q77kb-1598226581
2019-09-23 17:09:44,161 [pool-169-thread-1] INFO  storage.RaftStorageDirectory (RaftStorageDirectory.java:tryLock(328)) - Lock on /workdir/hadoop-ozone/integration-test/target/test-dir/MiniOzoneClusterImpl-2b1d7ee0-b4da-4ba1-8f31-c7ec960d02b8/datanode-5/data/ratis/86b80f1c-7739-434c-b11f-08ee2dea27ca/in_use.lock acquired by nodename 7511@pr-hdds-2167-q77kb-1598226581
2019-09-23 17:09:44,222 [pool-169-thread-1] INFO  storage.RaftStorage (RaftStorage.java:format(72)) - Storage directory /workdir/hadoop-ozone/integration-test/target/test-dir/MiniOzoneClusterImpl-2b1d7ee0-b4da-4ba1-8f31-c7ec960d02b8/datanode-5/data/ratis/86b80f1c-7739-434c-b11f-08ee2dea27ca has been successfully formatted.
2019-09-23 17:09:44,222 [pool-179-thread-1] INFO  storage.RaftStorage (RaftStorage.java:format(72)) - Storage directory /workdir/hadoop-ozone/integration-test/target/test-dir/MiniOzoneClusterImpl-2b1d7ee0-b4da-4ba1-8f31-c7ec960d02b8/datanode-6/data/ratis/86b80f1c-7739-434c-b11f-08ee2dea27ca has been successfully formatted.
2019-09-23 17:09:44,222 [pool-169-thread-1] INFO  ratis.ContainerStateMachine (ContainerStateMachine.java:loadSnapshot(230)) - group-08EE2DEA27CA: The snapshot info is null. Setting the last applied indexto:(t:0, i:~)
2019-09-23 17:09:44,222 [pool-129-thread-1] INFO  storage.RaftStorage (RaftStorage.java:format(72)) - Storage directory /workdir/hadoop-ozone/integration-test/target/test-dir/MiniOzoneClusterImpl-2b1d7ee0-b4da-4ba1-8f31-c7ec960d02b8/datanode-1/data/ratis/86b80f1c-7739-434c-b11f-08ee2dea27ca has been successfully formatted.
2019-09-23 17:09:44,223 [pool-179-thread-1] INFO  ratis.ContainerStateMachine (ContainerStateMachine.java:loadSnapshot(230)) - group-08EE2DEA27CA: The snapshot info is null. Setting the last applied indexto:(t:0, i:~)
2019-09-23 17:09:44,223 [pool-169-thread-1] INFO  server.RaftServerConfigKeys (ConfUtils.java:logGet(43)) - raft.server.notification.no-leader.timeout = 120s (custom)
2019-09-23 17:09:44,223 [pool-179-thread-1] INFO  server.RaftServerConfigKeys (ConfUtils.java:logGet(43)) - raft.server.notification.no-leader.timeout = 120s (custom)
2019-09-23 17:09:44,223 [pool-129-thread-1] INFO  ratis.ContainerStateMachine (ContainerStateMachine.java:loadSnapshot(230)) - group-08EE2DEA27CA: The snapshot info is null. Setting the last applied indexto:(t:0, i:~)
2019-09-23 17:09:44,223 [pool-179-thread-1] INFO  server.RaftServerConfigKeys (ConfUtils.java:logGet(43)) - raft.server.log.use.memory = false (default)
2019-09-23 17:09:44,223 [pool-169-thread-1] INFO  server.RaftServerConfigKeys (ConfUtils.java:logGet(43)) - raft.server.log.use.memory = false (default)
2019-09-23 17:09:44,224 [pool-179-thread-1] INFO  server.RaftServerConfigKeys (ConfUtils.java:logGet(43)) - raft.server.log.purge.gap = 1000000 (custom)
2019-09-23 17:09:44,223 [pool-129-thread-1] INFO  server.RaftServerConfigKeys (ConfUtils.java:logGet(43)) - raft.server.notification.no-leader.timeout = 120s (custom)
2019-09-23 17:09:44,224 [pool-179-thread-1] INFO  server.RaftServerConfigKeys (ConfUtils.java:logGet(43)) - raft.server.log.appender.buffer.byte-limit = 33554432 (custom)
2019-09-23 17:09:44,224 [pool-169-thread-1] INFO  server.RaftServerConfigKeys (ConfUtils.java:logGet(43)) - raft.server.log.purge.gap = 1000000 (custom)
2019-09-23 17:09:44,226 [pool-179-thread-1] INFO  server.RaftServerConfigKeys (ConfUtils.java:logGet(43)) - raft.server.log.segment.size.max = 1048576 (custom)
2019-09-23 17:09:44,226 [pool-129-thread-1] INFO  server.RaftServerConfigKeys (ConfUtils.java:logGet(43)) - raft.server.log.use.memory = false (default)
2019-09-23 17:09:44,227 [pool-179-thread-1] INFO  server.RaftServerConfigKeys (ConfUtils.java:logGet(43)) - raft.server.log.segment.cache.num.max = 2 (custom)
2019-09-23 17:09:44,227 [pool-169-thread-1] INFO  server.RaftServerConfigKeys (ConfUtils.java:logGet(43)) - raft.server.log.appender.buffer.byte-limit = 33554432 (custom)
2019-09-23 17:09:44,227 [pool-179-thread-1] INFO  segmented.SegmentedRaftLogWorker (SegmentedRaftLogWorker.java:<init>(172)) - new 7174c195-fa06-433a-9f95-8297e7790ec0@group-08EE2DEA27CA-SegmentedRaftLogWorker for RaftStorage:Storage Directory /workdir/hadoop-ozone/integration-test/target/test-dir/MiniOzoneClusterImpl-2b1d7ee0-b4da-4ba1-8f31-c7ec960d02b8/datanode-6/data/ratis/86b80f1c-7739-434c-b11f-08ee2dea27ca
2019-09-23 17:09:44,227 [pool-129-thread-1] INFO  server.RaftServerConfigKeys (ConfUtils.java:logGet(43)) - raft.server.log.purge.gap = 1000000 (custom)
2019-09-23 17:09:44,227 [pool-179-thread-1] INFO  server.RaftServerConfigKeys (ConfUtils.java:logGet(43)) - raft.server.log.queue.byte-limit = 2147483647 (custom)
2019-09-23 17:09:44,227 [pool-169-thread-1] INFO  server.RaftServerConfigKeys (ConfUtils.java:logGet(43)) - raft.server.log.segment.size.max = 1048576 (custom)
2019-09-23 17:09:44,228 [pool-179-thread-1] INFO  server.RaftServerConfigKeys (ConfUtils.java:logGet(43)) - raft.server.log.queue.element-limit = 1024 (custom)
2019-09-23 17:09:44,228 [pool-129-thread-1] INFO  server.RaftServerConfigKeys (ConfUtils.java:logGet(43)) - raft.server.log.appender.buffer.byte-limit = 33554432 (custom)
2019-09-23 17:09:44,228 [pool-179-thread-1] INFO  server.RaftServerConfigKeys (ConfUtils.java:logGet(43)) - raft.server.log.segment.size.max = 1048576 (custom)
2019-09-23 17:09:44,228 [pool-169-thread-1] INFO  server.RaftServerConfigKeys (ConfUtils.java:logGet(43)) - raft.server.log.segment.cache.num.max = 2 (custom)
2019-09-23 17:09:44,228 [pool-179-thread-1] INFO  server.RaftServerConfigKeys (ConfUtils.java:logGet(43)) - raft.server.log.preallocated.size = 16384 (custom)
2019-09-23 17:09:44,228 [pool-129-thread-1] INFO  server.RaftServerConfigKeys (ConfUtils.java:logGet(43)) - raft.server.log.segment.size.max = 1048576 (custom)
2019-09-23 17:09:44,229 [pool-129-thread-1] INFO  server.RaftServerConfigKeys (ConfUtils.java:logGet(43)) - raft.server.log.segment.cache.num.max = 2 (custom)
2019-09-23 17:09:44,229 [pool-179-thread-1] INFO  server.RaftServerConfigKeys (ConfUtils.java:logGet(43)) - raft.server.log.write.buffer.size = 33554432 (custom)
2019-09-23 17:09:44,228 [pool-169-thread-1] INFO  segmented.SegmentedRaftLogWorker (SegmentedRaftLogWorker.java:<init>(172)) - new 1a636c31-9e4c-40ea-b031-c5f26b29f43d@group-08EE2DEA27CA-SegmentedRaftLogWorker for RaftStorage:Storage Directory /workdir/hadoop-ozone/integration-test/target/test-dir/MiniOzoneClusterImpl-2b1d7ee0-b4da-4ba1-8f31-c7ec960d02b8/datanode-5/data/ratis/86b80f1c-7739-434c-b11f-08ee2dea27ca
2019-09-23 17:09:44,229 [pool-179-thread-1] INFO  server.RaftServerConfigKeys (ConfUtils.java:logGet(43)) - raft.server.log.force.sync.num = 128 (default)
2019-09-23 17:09:44,229 [pool-129-thread-1] INFO  segmented.SegmentedRaftLogWorker (SegmentedRaftLogWorker.java:<init>(172)) - new 987c2d54-3d4d-4fd8-bf6b-8ec028765572@group-08EE2DEA27CA-SegmentedRaftLogWorker for RaftStorage:Storage Directory /workdir/hadoop-ozone/integration-test/target/test-dir/MiniOzoneClusterImpl-2b1d7ee0-b4da-4ba1-8f31-c7ec960d02b8/datanode-1/data/ratis/86b80f1c-7739-434c-b11f-08ee2dea27ca
2019-09-23 17:09:44,229 [pool-179-thread-1] INFO  server.RaftServerConfigKeys (ConfUtils.java:logGet(43)) - raft.server.log.statemachine.data.sync = true (default)
2019-09-23 17:09:44,229 [pool-169-thread-1] INFO  server.RaftServerConfigKeys (ConfUtils.java:logGet(43)) - raft.server.log.queue.byte-limit = 2147483647 (custom)
2019-09-23 17:09:44,230 [pool-179-thread-1] INFO  server.RaftServerConfigKeys (ConfUtils.java:logGet(43)) - raft.server.log.statemachine.data.sync.timeout = 10s (default)
2019-09-23 17:09:44,229 [pool-129-thread-1] INFO  server.RaftServerConfigKeys (ConfUtils.java:logGet(43)) - raft.server.log.queue.byte-limit = 2147483647 (custom)
2019-09-23 17:09:44,230 [pool-179-thread-1] INFO  server.RaftServerConfigKeys (ConfUtils.java:logGet(43)) - raft.server.log.statemachine.data.sync.timeout.retry = -1 (default)
2019-09-23 17:09:44,230 [pool-169-thread-1] INFO  server.RaftServerConfigKeys (ConfUtils.java:logGet(43)) - raft.server.log.queue.element-limit = 1024 (custom)
2019-09-23 17:09:44,230 [pool-179-thread-1] INFO  server.RaftServerConfigKeys (ConfUtils.java:logGet(43)) - raft.server.log.statemachine.data.caching.enabled = true (custom)
2019-09-23 17:09:44,230 [pool-129-thread-1] INFO  server.RaftServerConfigKeys (ConfUtils.java:logGet(43)) - raft.server.log.queue.element-limit = 1024 (custom)
2019-09-23 17:09:44,230 [pool-169-thread-1] INFO  server.RaftServerConfigKeys (ConfUtils.java:logGet(43)) - raft.server.log.segment.size.max = 1048576 (custom)
2019-09-23 17:09:44,231 [pool-179-thread-1] INFO  segmented.SegmentedRaftLogWorker (SegmentedRaftLogWorker.java:lambda$new$0(132)) - 7174c195-fa06-433a-9f95-8297e7790ec0@group-08EE2DEA27CA-SegmentedRaftLogWorker: flushIndex: setUnconditionally 0 -> -1
2019-09-23 17:09:44,231 [pool-129-thread-1] INFO  server.RaftServerConfigKeys (ConfUtils.java:logGet(43)) - raft.server.log.segment.size.max = 1048576 (custom)
2019-09-23 17:09:44,231 [pool-129-thread-1] INFO  server.RaftServerConfigKeys (ConfUtils.java:logGet(43)) - raft.server.log.preallocated.size = 16384 (custom)
2019-09-23 17:09:44,231 [pool-169-thread-1] INFO  server.RaftServerConfigKeys (ConfUtils.java:logGet(43)) - raft.server.log.preallocated.size = 16384 (custom)
2019-09-23 17:09:44,231 [pool-129-thread-1] INFO  server.RaftServerConfigKeys (ConfUtils.java:logGet(43)) - raft.server.log.write.buffer.size = 33554432 (custom)
2019-09-23 17:09:44,231 [pool-179-thread-1] INFO  server.RaftServerConfigKeys (ConfUtils.java:logGet(43)) - raft.server.snapshot.auto.trigger.enabled = true (custom)
2019-09-23 17:09:44,232 [pool-129-thread-1] INFO  server.RaftServerConfigKeys (ConfUtils.java:logGet(43)) - raft.server.log.force.sync.num = 128 (default)
2019-09-23 17:09:44,232 [pool-169-thread-1] INFO  server.RaftServerConfigKeys (ConfUtils.java:logGet(43)) - raft.server.log.write.buffer.size = 33554432 (custom)
2019-09-23 17:09:44,232 [pool-129-thread-1] INFO  server.RaftServerConfigKeys (ConfUtils.java:logGet(43)) - raft.server.log.statemachine.data.sync = true (default)
2019-09-23 17:09:44,232 [pool-179-thread-1] INFO  server.RaftServerConfigKeys (ConfUtils.java:logGet(43)) - raft.server.snapshot.auto.trigger.threshold = 10000 (custom)
2019-09-23 17:09:44,232 [pool-129-thread-1] INFO  server.RaftServerConfigKeys (ConfUtils.java:logGet(43)) - raft.server.log.statemachine.data.sync.timeout = 10s (default)
2019-09-23 17:09:44,232 [pool-129-thread-1] INFO  server.RaftServerConfigKeys (ConfUtils.java:logGet(43)) - raft.server.log.statemachine.data.sync.timeout.retry = -1 (default)
2019-09-23 17:09:44,232 [pool-169-thread-1] INFO  server.RaftServerConfigKeys (ConfUtils.java:logGet(43)) - raft.server.log.force.sync.num = 128 (default)
2019-09-23 17:09:44,233 [pool-129-thread-1] INFO  server.RaftServerConfigKeys (ConfUtils.java:logGet(43)) - raft.server.log.statemachine.data.caching.enabled = true (custom)
2019-09-23 17:09:44,232 [pool-179-thread-1] INFO  server.RaftServerConfigKeys (ConfUtils.java:logGet(43)) - raft.server.snapshot.retention.num.files = 5 (custom)
2019-09-23 17:09:44,233 [pool-129-thread-1] INFO  segmented.SegmentedRaftLogWorker (SegmentedRaftLogWorker.java:lambda$new$0(132)) - 987c2d54-3d4d-4fd8-bf6b-8ec028765572@group-08EE2DEA27CA-SegmentedRaftLogWorker: flushIndex: setUnconditionally 0 -> -1
2019-09-23 17:09:44,233 [pool-169-thread-1] INFO  server.RaftServerConfigKeys (ConfUtils.java:logGet(43)) - raft.server.log.statemachine.data.sync = true (default)
2019-09-23 17:09:44,233 [pool-129-thread-1] INFO  server.RaftServerConfigKeys (ConfUtils.java:logGet(43)) - raft.server.snapshot.auto.trigger.enabled = true (custom)
2019-09-23 17:09:44,233 [pool-179-thread-1] INFO  server.RaftServerConfigKeys (ConfUtils.java:logGet(43)) - raft.server.retrycache.expirytime = 600000ms (custom)
2019-09-23 17:09:44,233 [pool-129-thread-1] INFO  server.RaftServerConfigKeys (ConfUtils.java:logGet(43)) - raft.server.snapshot.auto.trigger.threshold = 10000 (custom)
2019-09-23 17:09:44,233 [pool-169-thread-1] INFO  server.RaftServerConfigKeys (ConfUtils.java:logGet(43)) - raft.server.log.statemachine.data.sync.timeout = 10s (default)
2019-09-23 17:09:44,234 [pool-129-thread-1] INFO  server.RaftServerConfigKeys (ConfUtils.java:logGet(43)) - raft.server.snapshot.retention.num.files = 5 (custom)
2019-09-23 17:09:44,234 [pool-169-thread-1] INFO  server.RaftServerConfigKeys (ConfUtils.java:logGet(43)) - raft.server.log.statemachine.data.sync.timeout.retry = -1 (default)
2019-09-23 17:09:44,234 [pool-129-thread-1] INFO  server.RaftServerConfigKeys (ConfUtils.java:logGet(43)) - raft.server.retrycache.expirytime = 600000ms (custom)
2019-09-23 17:09:44,234 [pool-169-thread-1] INFO  server.RaftServerConfigKeys (ConfUtils.java:logGet(43)) - raft.server.log.statemachine.data.caching.enabled = true (custom)
2019-09-23 17:09:44,235 [pool-169-thread-1] INFO  segmented.SegmentedRaftLogWorker (SegmentedRaftLogWorker.java:lambda$new$0(132)) - 1a636c31-9e4c-40ea-b031-c5f26b29f43d@group-08EE2DEA27CA-SegmentedRaftLogWorker: flushIndex: setUnconditionally 0 -> -1
2019-09-23 17:09:44,235 [pool-169-thread-1] INFO  server.RaftServerConfigKeys (ConfUtils.java:logGet(43)) - raft.server.snapshot.auto.trigger.enabled = true (custom)
2019-09-23 17:09:44,235 [pool-169-thread-1] INFO  server.RaftServerConfigKeys (ConfUtils.java:logGet(43)) - raft.server.snapshot.auto.trigger.threshold = 10000 (custom)
2019-09-23 17:09:44,235 [pool-169-thread-1] INFO  server.RaftServerConfigKeys (ConfUtils.java:logGet(43)) - raft.server.snapshot.retention.num.files = 5 (custom)
2019-09-23 17:09:44,236 [pool-169-thread-1] INFO  server.RaftServerConfigKeys (ConfUtils.java:logGet(43)) - raft.server.retrycache.expirytime = 600000ms (custom)
2019-09-23 17:09:44,238 [pool-179-thread-1] INFO  impl.RaftServerImpl (RaftServerImpl.java:start(185)) - 7174c195-fa06-433a-9f95-8297e7790ec0@group-08EE2DEA27CA: start as a follower, conf=-1: [7174c195-fa06-433a-9f95-8297e7790ec0:192.168.34.14:34584, 987c2d54-3d4d-4fd8-bf6b-8ec028765572:192.168.34.14:33974, 1a636c31-9e4c-40ea-b031-c5f26b29f43d:192.168.34.14:34670], old=null
2019-09-23 17:09:44,238 [pool-179-thread-1] INFO  impl.RaftServerImpl (RaftServerImpl.java:setRole(174)) - 7174c195-fa06-433a-9f95-8297e7790ec0@group-08EE2DEA27CA: changes role from      null to FOLLOWER at term 0 for startAsFollower
2019-09-23 17:09:44,238 [pool-129-thread-1] INFO  impl.RaftServerImpl (RaftServerImpl.java:start(185)) - 987c2d54-3d4d-4fd8-bf6b-8ec028765572@group-08EE2DEA27CA: start as a follower, conf=-1: [7174c195-fa06-433a-9f95-8297e7790ec0:192.168.34.14:34584, 987c2d54-3d4d-4fd8-bf6b-8ec028765572:192.168.34.14:33974, 1a636c31-9e4c-40ea-b031-c5f26b29f43d:192.168.34.14:34670], old=null
2019-09-23 17:09:44,238 [pool-179-thread-1] INFO  impl.RoleInfo (RoleInfo.java:updateAndGet(143)) - 7174c195-fa06-433a-9f95-8297e7790ec0: start FollowerState
2019-09-23 17:09:44,238 [pool-129-thread-1] INFO  impl.RaftServerImpl (RaftServerImpl.java:setRole(174)) - 987c2d54-3d4d-4fd8-bf6b-8ec028765572@group-08EE2DEA27CA: changes role from      null to FOLLOWER at term 0 for startAsFollower
2019-09-23 17:09:44,238 [pool-129-thread-1] INFO  impl.RoleInfo (RoleInfo.java:updateAndGet(143)) - 987c2d54-3d4d-4fd8-bf6b-8ec028765572: start FollowerState
2019-09-23 17:09:44,238 [pool-179-thread-1] INFO  util.JmxRegister (JmxRegister.java:tryRegister(44)) - Successfully registered JMX Bean with object name Ratis:service=RaftServer,group=group-08EE2DEA27CA,id=7174c195-fa06-433a-9f95-8297e7790ec0
2019-09-23 17:09:44,239 [pool-129-thread-1] INFO  util.JmxRegister (JmxRegister.java:tryRegister(44)) - Successfully registered JMX Bean with object name Ratis:service=RaftServer,group=group-08EE2DEA27CA,id=987c2d54-3d4d-4fd8-bf6b-8ec028765572
2019-09-23 17:09:44,239 [pool-169-thread-1] INFO  impl.RaftServerImpl (RaftServerImpl.java:start(185)) - 1a636c31-9e4c-40ea-b031-c5f26b29f43d@group-08EE2DEA27CA: start as a follower, conf=-1: [7174c195-fa06-433a-9f95-8297e7790ec0:192.168.34.14:34584, 987c2d54-3d4d-4fd8-bf6b-8ec028765572:192.168.34.14:33974, 1a636c31-9e4c-40ea-b031-c5f26b29f43d:192.168.34.14:34670], old=null
2019-09-23 17:09:44,239 [pool-169-thread-1] INFO  impl.RaftServerImpl (RaftServerImpl.java:setRole(174)) - 1a636c31-9e4c-40ea-b031-c5f26b29f43d@group-08EE2DEA27CA: changes role from      null to FOLLOWER at term 0 for startAsFollower
2019-09-23 17:09:44,240 [pool-169-thread-1] INFO  impl.RoleInfo (RoleInfo.java:updateAndGet(143)) - 1a636c31-9e4c-40ea-b031-c5f26b29f43d: start FollowerState
2019-09-23 17:09:44,243 [pool-169-thread-1] INFO  util.JmxRegister (JmxRegister.java:tryRegister(44)) - Successfully registered JMX Bean with object name Ratis:service=RaftServer,group=group-08EE2DEA27CA,id=1a636c31-9e4c-40ea-b031-c5f26b29f43d
2019-09-23 17:09:44,250 [RatisPipelineUtilsThread] INFO  pipeline.PipelineStateManager (PipelineStateManager.java:addPipeline(56)) - Created pipeline Pipeline[ Id: 86b80f1c-7739-434c-b11f-08ee2dea27ca, Nodes: 987c2d54-3d4d-4fd8-bf6b-8ec028765572{ip: 192.168.34.14, host: pr-hdds-2167-q77kb-1598226581, networkLocation: /default-rack, certSerialId: null}1a636c31-9e4c-40ea-b031-c5f26b29f43d{ip: 192.168.34.14, host: pr-hdds-2167-q77kb-1598226581, networkLocation: /default-rack, certSerialId: null}7174c195-fa06-433a-9f95-8297e7790ec0{ip: 192.168.34.14, host: pr-hdds-2167-q77kb-1598226581, networkLocation: /default-rack, certSerialId: null}, Type:RATIS, Factor:THREE, State:OPEN]
2019-09-23 17:09:44,284 [grpc-default-executor-4] INFO  impl.RaftServerProxy (RaftServerProxy.java:addNew(89)) - 914de4c2-3aa0-4a5c-a0d8-c5ac91929eac: addNew group-A1BF9E23216A:[b1d44a52-c719-474f-ae16-db1c62c8cc5b:192.168.34.14:35615, 914de4c2-3aa0-4a5c-a0d8-c5ac91929eac:192.168.34.14:43607, 704969b7-e05b-4489-a061-6a80d49ca5c9:192.168.34.14:42228] returns group-A1BF9E23216A:java.util.concurrent.CompletableFuture@73c067f6[Not completed]
2019-09-23 17:09:44,284 [grpc-default-executor-3] INFO  impl.RaftServerProxy (RaftServerProxy.java:addNew(89)) - 704969b7-e05b-4489-a061-6a80d49ca5c9: addNew group-A1BF9E23216A:[b1d44a52-c719-474f-ae16-db1c62c8cc5b:192.168.34.14:35615, 914de4c2-3aa0-4a5c-a0d8-c5ac91929eac:192.168.34.14:43607, 704969b7-e05b-4489-a061-6a80d49ca5c9:192.168.34.14:42228] returns group-A1BF9E23216A:java.util.concurrent.CompletableFuture@3846ed9e[Not completed]
2019-09-23 17:09:44,286 [grpc-default-executor-2] INFO  impl.RaftServerProxy (RaftServerProxy.java:addNew(89)) - b1d44a52-c719-474f-ae16-db1c62c8cc5b: addNew group-A1BF9E23216A:[b1d44a52-c719-474f-ae16-db1c62c8cc5b:192.168.34.14:35615, 914de4c2-3aa0-4a5c-a0d8-c5ac91929eac:192.168.34.14:43607, 704969b7-e05b-4489-a061-6a80d49ca5c9:192.168.34.14:42228] returns group-A1BF9E23216A:java.util.concurrent.CompletableFuture@48183df4[Not completed]
2019-09-23 17:09:44,287 [pool-149-thread-1] INFO  impl.RaftServerImpl (RaftServerImpl.java:<init>(95)) - 914de4c2-3aa0-4a5c-a0d8-c5ac91929eac: new RaftServerImpl for group-A1BF9E23216A:[b1d44a52-c719-474f-ae16-db1c62c8cc5b:192.168.34.14:35615, 914de4c2-3aa0-4a5c-a0d8-c5ac91929eac:192.168.34.14:43607, 704969b7-e05b-4489-a061-6a80d49ca5c9:192.168.34.14:42228] with ContainerStateMachine:uninitialized
2019-09-23 17:09:44,287 [pool-149-thread-1] INFO  server.RaftServerConfigKeys (ConfUtils.java:logGet(43)) - raft.server.rpc.timeout.min = 5s (custom)
2019-09-23 17:09:44,287 [pool-149-thread-1] INFO  server.RaftServerConfigKeys (ConfUtils.java:logGet(43)) - raft.server.rpc.timeout.max = 5200ms (custom)
2019-09-23 17:09:44,287 [pool-119-thread-1] INFO  impl.RaftServerImpl (RaftServerImpl.java:<init>(95)) - b1d44a52-c719-474f-ae16-db1c62c8cc5b: new RaftServerImpl for group-A1BF9E23216A:[b1d44a52-c719-474f-ae16-db1c62c8cc5b:192.168.34.14:35615, 914de4c2-3aa0-4a5c-a0d8-c5ac91929eac:192.168.34.14:43607, 704969b7-e05b-4489-a061-6a80d49ca5c9:192.168.34.14:42228] with ContainerStateMachine:uninitialized
2019-09-23 17:09:44,288 [pool-149-thread-1] INFO  server.RaftServerConfigKeys (ConfUtils.java:logGet(43)) - raft.server.rpcslowness.timeout = 120s (custom)
2019-09-23 17:09:44,288 [pool-119-thread-1] INFO  server.RaftServerConfigKeys (ConfUtils.java:logGet(43)) - raft.server.rpc.timeout.min = 5s (custom)
2019-09-23 17:09:44,288 [pool-149-thread-1] INFO  server.RaftServerConfigKeys (ConfUtils.java:logGet(43)) - raft.server.sleep.deviation.threshold = 300 (default)
2019-09-23 17:09:44,288 [pool-119-thread-1] INFO  server.RaftServerConfigKeys (ConfUtils.java:logGet(43)) - raft.server.rpc.timeout.max = 5200ms (custom)
2019-09-23 17:09:44,288 [pool-149-thread-1] INFO  server.RaftServerConfigKeys (ConfUtils.java:logGet(43)) - raft.server.log.appender.install.snapshot.enabled = false (custom)
2019-09-23 17:09:44,288 [pool-159-thread-1] INFO  impl.RaftServerImpl (RaftServerImpl.java:<init>(95)) - 704969b7-e05b-4489-a061-6a80d49ca5c9: new RaftServerImpl for group-A1BF9E23216A:[b1d44a52-c719-474f-ae16-db1c62c8cc5b:192.168.34.14:35615, 914de4c2-3aa0-4a5c-a0d8-c5ac91929eac:192.168.34.14:43607, 704969b7-e05b-4489-a061-6a80d49ca5c9:192.168.34.14:42228] with ContainerStateMachine:uninitialized
2019-09-23 17:09:44,288 [pool-119-thread-1] INFO  server.RaftServerConfigKeys (ConfUtils.java:logGet(43)) - raft.server.rpcslowness.timeout = 120s (custom)
2019-09-23 17:09:44,288 [pool-159-thread-1] INFO  server.RaftServerConfigKeys (ConfUtils.java:logGet(43)) - raft.server.rpc.timeout.min = 5s (custom)
2019-09-23 17:09:44,288 [pool-149-thread-1] INFO  impl.RaftServerImpl (ServerState.java:<init>(103)) - 914de4c2-3aa0-4a5c-a0d8-c5ac91929eac@group-A1BF9E23216A: ConfigurationManager, init=-1: [b1d44a52-c719-474f-ae16-db1c62c8cc5b:192.168.34.14:35615, 914de4c2-3aa0-4a5c-a0d8-c5ac91929eac:192.168.34.14:43607, 704969b7-e05b-4489-a061-6a80d49ca5c9:192.168.34.14:42228], old=null, confs=<EMPTY_MAP>
2019-09-23 17:09:44,289 [pool-159-thread-1] INFO  server.RaftServerConfigKeys (ConfUtils.java:logGet(43)) - raft.server.rpc.timeout.max = 5200ms (custom)
2019-09-23 17:09:44,288 [pool-119-thread-1] INFO  server.RaftServerConfigKeys (ConfUtils.java:logGet(43)) - raft.server.sleep.deviation.threshold = 300 (default)
2019-09-23 17:09:44,289 [pool-159-thread-1] INFO  server.RaftServerConfigKeys (ConfUtils.java:logGet(43)) - raft.server.rpcslowness.timeout = 120s (custom)
2019-09-23 17:09:44,289 [pool-149-thread-1] INFO  server.RaftServerConfigKeys (ConfUtils.java:logGet(43)) - raft.server.storage.dir = [/workdir/hadoop-ozone/integration-test/target/test-dir/MiniOzoneClusterImpl-2b1d7ee0-b4da-4ba1-8f31-c7ec960d02b8/datanode-3/data/ratis] (custom)
2019-09-23 17:09:44,289 [pool-159-thread-1] INFO  server.RaftServerConfigKeys (ConfUtils.java:logGet(43)) - raft.server.sleep.deviation.threshold = 300 (default)
2019-09-23 17:09:44,289 [pool-119-thread-1] INFO  server.RaftServerConfigKeys (ConfUtils.java:logGet(43)) - raft.server.log.appender.install.snapshot.enabled = false (custom)
2019-09-23 17:09:44,289 [pool-159-thread-1] INFO  server.RaftServerConfigKeys (ConfUtils.java:logGet(43)) - raft.server.log.appender.install.snapshot.enabled = false (custom)
2019-09-23 17:09:44,289 [pool-119-thread-1] INFO  impl.RaftServerImpl (ServerState.java:<init>(103)) - b1d44a52-c719-474f-ae16-db1c62c8cc5b@group-A1BF9E23216A: ConfigurationManager, init=-1: [b1d44a52-c719-474f-ae16-db1c62c8cc5b:192.168.34.14:35615, 914de4c2-3aa0-4a5c-a0d8-c5ac91929eac:192.168.34.14:43607, 704969b7-e05b-4489-a061-6a80d49ca5c9:192.168.34.14:42228], old=null, confs=<EMPTY_MAP>
2019-09-23 17:09:44,289 [pool-149-thread-1] INFO  storage.RaftStorageDirectory (RaftStorageDirectory.java:analyzeStorage(246)) - The storage directory /workdir/hadoop-ozone/integration-test/target/test-dir/MiniOzoneClusterImpl-2b1d7ee0-b4da-4ba1-8f31-c7ec960d02b8/datanode-3/data/ratis/3c4f94a6-5bf2-406f-ba19-a1bf9e23216a does not exist. Creating ...
2019-09-23 17:09:44,290 [pool-119-thread-1] INFO  server.RaftServerConfigKeys (ConfUtils.java:logGet(43)) - raft.server.storage.dir = [/workdir/hadoop-ozone/integration-test/target/test-dir/MiniOzoneClusterImpl-2b1d7ee0-b4da-4ba1-8f31-c7ec960d02b8/datanode-0/data/ratis] (custom)
2019-09-23 17:09:44,290 [pool-159-thread-1] INFO  impl.RaftServerImpl (ServerState.java:<init>(103)) - 704969b7-e05b-4489-a061-6a80d49ca5c9@group-A1BF9E23216A: ConfigurationManager, init=-1: [b1d44a52-c719-474f-ae16-db1c62c8cc5b:192.168.34.14:35615, 914de4c2-3aa0-4a5c-a0d8-c5ac91929eac:192.168.34.14:43607, 704969b7-e05b-4489-a061-6a80d49ca5c9:192.168.34.14:42228], old=null, confs=<EMPTY_MAP>
2019-09-23 17:09:44,290 [pool-159-thread-1] INFO  server.RaftServerConfigKeys (ConfUtils.java:logGet(43)) - raft.server.storage.dir = [/workdir/hadoop-ozone/integration-test/target/test-dir/MiniOzoneClusterImpl-2b1d7ee0-b4da-4ba1-8f31-c7ec960d02b8/datanode-4/data/ratis] (custom)
2019-09-23 17:09:44,290 [pool-119-thread-1] INFO  storage.RaftStorageDirectory (RaftStorageDirectory.java:analyzeStorage(246)) - The storage directory /workdir/hadoop-ozone/integration-test/target/test-dir/MiniOzoneClusterImpl-2b1d7ee0-b4da-4ba1-8f31-c7ec960d02b8/datanode-0/data/ratis/3c4f94a6-5bf2-406f-ba19-a1bf9e23216a does not exist. Creating ...
2019-09-23 17:09:44,290 [pool-159-thread-1] INFO  storage.RaftStorageDirectory (RaftStorageDirectory.java:analyzeStorage(246)) - The storage directory /workdir/hadoop-ozone/integration-test/target/test-dir/MiniOzoneClusterImpl-2b1d7ee0-b4da-4ba1-8f31-c7ec960d02b8/datanode-4/data/ratis/3c4f94a6-5bf2-406f-ba19-a1bf9e23216a does not exist. Creating ...
2019-09-23 17:09:44,335 [pool-159-thread-1] INFO  storage.RaftStorageDirectory (RaftStorageDirectory.java:tryLock(328)) - Lock on /workdir/hadoop-ozone/integration-test/target/test-dir/MiniOzoneClusterImpl-2b1d7ee0-b4da-4ba1-8f31-c7ec960d02b8/datanode-4/data/ratis/3c4f94a6-5bf2-406f-ba19-a1bf9e23216a/in_use.lock acquired by nodename 7511@pr-hdds-2167-q77kb-1598226581
2019-09-23 17:09:44,335 [pool-119-thread-1] INFO  storage.RaftStorageDirectory (RaftStorageDirectory.java:tryLock(328)) - Lock on /workdir/hadoop-ozone/integration-test/target/test-dir/MiniOzoneClusterImpl-2b1d7ee0-b4da-4ba1-8f31-c7ec960d02b8/datanode-0/data/ratis/3c4f94a6-5bf2-406f-ba19-a1bf9e23216a/in_use.lock acquired by nodename 7511@pr-hdds-2167-q77kb-1598226581
2019-09-23 17:09:44,335 [pool-149-thread-1] INFO  storage.RaftStorageDirectory (RaftStorageDirectory.java:tryLock(328)) - Lock on /workdir/hadoop-ozone/integration-test/target/test-dir/MiniOzoneClusterImpl-2b1d7ee0-b4da-4ba1-8f31-c7ec960d02b8/datanode-3/data/ratis/3c4f94a6-5bf2-406f-ba19-a1bf9e23216a/in_use.lock acquired by nodename 7511@pr-hdds-2167-q77kb-1598226581
2019-09-23 17:09:44,369 [pool-159-thread-1] INFO  storage.RaftStorage (RaftStorage.java:format(72)) - Storage directory /workdir/hadoop-ozone/integration-test/target/test-dir/MiniOzoneClusterImpl-2b1d7ee0-b4da-4ba1-8f31-c7ec960d02b8/datanode-4/data/ratis/3c4f94a6-5bf2-406f-ba19-a1bf9e23216a has been successfully formatted.
2019-09-23 17:09:44,369 [pool-149-thread-1] INFO  storage.RaftStorage (RaftStorage.java:format(72)) - Storage directory /workdir/hadoop-ozone/integration-test/target/test-dir/MiniOzoneClusterImpl-2b1d7ee0-b4da-4ba1-8f31-c7ec960d02b8/datanode-3/data/ratis/3c4f94a6-5bf2-406f-ba19-a1bf9e23216a has been successfully formatted.
2019-09-23 17:09:44,369 [pool-119-thread-1] INFO  storage.RaftStorage (RaftStorage.java:format(72)) - Storage directory /workdir/hadoop-ozone/integration-test/target/test-dir/MiniOzoneClusterImpl-2b1d7ee0-b4da-4ba1-8f31-c7ec960d02b8/datanode-0/data/ratis/3c4f94a6-5bf2-406f-ba19-a1bf9e23216a has been successfully formatted.
2019-09-23 17:09:44,370 [pool-149-thread-1] INFO  ratis.ContainerStateMachine (ContainerStateMachine.java:loadSnapshot(230)) - group-A1BF9E23216A: The snapshot info is null. Setting the last applied indexto:(t:0, i:~)
2019-09-23 17:09:44,370 [pool-159-thread-1] INFO  ratis.ContainerStateMachine (ContainerStateMachine.java:loadSnapshot(230)) - group-A1BF9E23216A: The snapshot info is null. Setting the last applied indexto:(t:0, i:~)
2019-09-23 17:09:44,370 [pool-119-thread-1] INFO  ratis.ContainerStateMachine (ContainerStateMachine.java:loadSnapshot(230)) - group-A1BF9E23216A: The snapshot info is null. Setting the last applied indexto:(t:0, i:~)
2019-09-23 17:09:44,370 [pool-149-thread-1] INFO  server.RaftServerConfigKeys (ConfUtils.java:logGet(43)) - raft.server.notification.no-leader.timeout = 120s (custom)
2019-09-23 17:09:44,370 [pool-119-thread-1] INFO  server.RaftServerConfigKeys (ConfUtils.java:logGet(43)) - raft.server.notification.no-leader.timeout = 120s (custom)
2019-09-23 17:09:44,370 [pool-159-thread-1] INFO  server.RaftServerConfigKeys (ConfUtils.java:logGet(43)) - raft.server.notification.no-leader.timeout = 120s (custom)
2019-09-23 17:09:44,371 [pool-119-thread-1] INFO  server.RaftServerConfigKeys (ConfUtils.java:logGet(43)) - raft.server.log.use.memory = false (default)
2019-09-23 17:09:44,371 [pool-149-thread-1] INFO  server.RaftServerConfigKeys (ConfUtils.java:logGet(43)) - raft.server.log.use.memory = false (default)
2019-09-23 17:09:44,371 [pool-119-thread-1] INFO  server.RaftServerConfigKeys (ConfUtils.java:logGet(43)) - raft.server.log.purge.gap = 1000000 (custom)
2019-09-23 17:09:44,371 [pool-159-thread-1] INFO  server.RaftServerConfigKeys (ConfUtils.java:logGet(43)) - raft.server.log.use.memory = false (default)
2019-09-23 17:09:44,371 [pool-119-thread-1] INFO  server.RaftServerConfigKeys (ConfUtils.java:logGet(43)) - raft.server.log.appender.buffer.byte-limit = 33554432 (custom)
2019-09-23 17:09:44,371 [pool-149-thread-1] INFO  server.RaftServerConfigKeys (ConfUtils.java:logGet(43)) - raft.server.log.purge.gap = 1000000 (custom)
2019-09-23 17:09:44,372 [pool-119-thread-1] INFO  server.RaftServerConfigKeys (ConfUtils.java:logGet(43)) - raft.server.log.segment.size.max = 1048576 (custom)
2019-09-23 17:09:44,371 [pool-159-thread-1] INFO  server.RaftServerConfigKeys (ConfUtils.java:logGet(43)) - raft.server.log.purge.gap = 1000000 (custom)
2019-09-23 17:09:44,372 [pool-119-thread-1] INFO  server.RaftServerConfigKeys (ConfUtils.java:logGet(43)) - raft.server.log.segment.cache.num.max = 2 (custom)
2019-09-23 17:09:44,372 [pool-149-thread-1] INFO  server.RaftServerConfigKeys (ConfUtils.java:logGet(43)) - raft.server.log.appender.buffer.byte-limit = 33554432 (custom)
2019-09-23 17:09:44,372 [pool-119-thread-1] INFO  segmented.SegmentedRaftLogWorker (SegmentedRaftLogWorker.java:<init>(172)) - new b1d44a52-c719-474f-ae16-db1c62c8cc5b@group-A1BF9E23216A-SegmentedRaftLogWorker for RaftStorage:Storage Directory /workdir/hadoop-ozone/integration-test/target/test-dir/MiniOzoneClusterImpl-2b1d7ee0-b4da-4ba1-8f31-c7ec960d02b8/datanode-0/data/ratis/3c4f94a6-5bf2-406f-ba19-a1bf9e23216a
2019-09-23 17:09:44,372 [pool-159-thread-1] INFO  server.RaftServerConfigKeys (ConfUtils.java:logGet(43)) - raft.server.log.appender.buffer.byte-limit = 33554432 (custom)
2019-09-23 17:09:44,372 [pool-119-thread-1] INFO  server.RaftServerConfigKeys (ConfUtils.java:logGet(43)) - raft.server.log.queue.byte-limit = 2147483647 (custom)
2019-09-23 17:09:44,372 [pool-149-thread-1] INFO  server.RaftServerConfigKeys (ConfUtils.java:logGet(43)) - raft.server.log.segment.size.max = 1048576 (custom)
2019-09-23 17:09:44,373 [pool-119-thread-1] INFO  server.RaftServerConfigKeys (ConfUtils.java:logGet(43)) - raft.server.log.queue.element-limit = 1024 (custom)
2019-09-23 17:09:44,373 [pool-159-thread-1] INFO  server.RaftServerConfigKeys (ConfUtils.java:logGet(43)) - raft.server.log.segment.size.max = 1048576 (custom)
2019-09-23 17:09:44,373 [pool-119-thread-1] INFO  server.RaftServerConfigKeys (ConfUtils.java:logGet(43)) - raft.server.log.segment.size.max = 1048576 (custom)
2019-09-23 17:09:44,373 [pool-149-thread-1] INFO  server.RaftServerConfigKeys (ConfUtils.java:logGet(43)) - raft.server.log.segment.cache.num.max = 2 (custom)
2019-09-23 17:09:44,373 [pool-119-thread-1] INFO  server.RaftServerConfigKeys (ConfUtils.java:logGet(43)) - raft.server.log.preallocated.size = 16384 (custom)
2019-09-23 17:09:44,373 [pool-159-thread-1] INFO  server.RaftServerConfigKeys (ConfUtils.java:logGet(43)) - raft.server.log.segment.cache.num.max = 2 (custom)
2019-09-23 17:09:44,374 [pool-119-thread-1] INFO  server.RaftServerConfigKeys (ConfUtils.java:logGet(43)) - raft.server.log.write.buffer.size = 33554432 (custom)
2019-09-23 17:09:44,374 [pool-149-thread-1] INFO  segmented.SegmentedRaftLogWorker (SegmentedRaftLogWorker.java:<init>(172)) - new 914de4c2-3aa0-4a5c-a0d8-c5ac91929eac@group-A1BF9E23216A-SegmentedRaftLogWorker for RaftStorage:Storage Directory /workdir/hadoop-ozone/integration-test/target/test-dir/MiniOzoneClusterImpl-2b1d7ee0-b4da-4ba1-8f31-c7ec960d02b8/datanode-3/data/ratis/3c4f94a6-5bf2-406f-ba19-a1bf9e23216a
2019-09-23 17:09:44,374 [pool-119-thread-1] INFO  server.RaftServerConfigKeys (ConfUtils.java:logGet(43)) - raft.server.log.force.sync.num = 128 (default)
2019-09-23 17:09:44,374 [pool-159-thread-1] INFO  segmented.SegmentedRaftLogWorker (SegmentedRaftLogWorker.java:<init>(172)) - new 704969b7-e05b-4489-a061-6a80d49ca5c9@group-A1BF9E23216A-SegmentedRaftLogWorker for RaftStorage:Storage Directory /workdir/hadoop-ozone/integration-test/target/test-dir/MiniOzoneClusterImpl-2b1d7ee0-b4da-4ba1-8f31-c7ec960d02b8/datanode-4/data/ratis/3c4f94a6-5bf2-406f-ba19-a1bf9e23216a
2019-09-23 17:09:44,374 [pool-119-thread-1] INFO  server.RaftServerConfigKeys (ConfUtils.java:logGet(43)) - raft.server.log.statemachine.data.sync = true (default)
2019-09-23 17:09:44,374 [pool-149-thread-1] INFO  server.RaftServerConfigKeys (ConfUtils.java:logGet(43)) - raft.server.log.queue.byte-limit = 2147483647 (custom)
2019-09-23 17:09:44,375 [pool-119-thread-1] INFO  server.RaftServerConfigKeys (ConfUtils.java:logGet(43)) - raft.server.log.statemachine.data.sync.timeout = 10s (default)
2019-09-23 17:09:44,374 [pool-159-thread-1] INFO  server.RaftServerConfigKeys (ConfUtils.java:logGet(43)) - raft.server.log.queue.byte-limit = 2147483647 (custom)
2019-09-23 17:09:44,375 [pool-119-thread-1] INFO  server.RaftServerConfigKeys (ConfUtils.java:logGet(43)) - raft.server.log.statemachine.data.sync.timeout.retry = -1 (default)
2019-09-23 17:09:44,375 [pool-149-thread-1] INFO  server.RaftServerConfigKeys (ConfUtils.java:logGet(43)) - raft.server.log.queue.element-limit = 1024 (custom)
2019-09-23 17:09:44,375 [pool-119-thread-1] INFO  server.RaftServerConfigKeys (ConfUtils.java:logGet(43)) - raft.server.log.statemachine.data.caching.enabled = true (custom)
2019-09-23 17:09:44,375 [pool-159-thread-1] INFO  server.RaftServerConfigKeys (ConfUtils.java:logGet(43)) - raft.server.log.queue.element-limit = 1024 (custom)
2019-09-23 17:09:44,375 [pool-149-thread-1] INFO  server.RaftServerConfigKeys (ConfUtils.java:logGet(43)) - raft.server.log.segment.size.max = 1048576 (custom)
2019-09-23 17:09:44,376 [pool-119-thread-1] INFO  segmented.SegmentedRaftLogWorker (SegmentedRaftLogWorker.java:lambda$new$0(132)) - b1d44a52-c719-474f-ae16-db1c62c8cc5b@group-A1BF9E23216A-SegmentedRaftLogWorker: flushIndex: setUnconditionally 0 -> -1
2019-09-23 17:09:44,376 [pool-159-thread-1] INFO  server.RaftServerConfigKeys (ConfUtils.java:logGet(43)) - raft.server.log.segment.size.max = 1048576 (custom)
2019-09-23 17:09:44,376 [pool-149-thread-1] INFO  server.RaftServerConfigKeys (ConfUtils.java:logGet(43)) - raft.server.log.preallocated.size = 16384 (custom)
2019-09-23 17:09:44,376 [pool-159-thread-1] INFO  server.RaftServerConfigKeys (ConfUtils.java:logGet(43)) - raft.server.log.preallocated.size = 16384 (custom)
2019-09-23 17:09:44,376 [pool-119-thread-1] INFO  server.RaftServerConfigKeys (ConfUtils.java:logGet(43)) - raft.server.snapshot.auto.trigger.enabled = true (custom)
2019-09-23 17:09:44,376 [pool-149-thread-1] INFO  server.RaftServerConfigKeys (ConfUtils.java:logGet(43)) - raft.server.log.write.buffer.size = 33554432 (custom)
2019-09-23 17:09:44,377 [pool-119-thread-1] INFO  server.RaftServerConfigKeys (ConfUtils.java:logGet(43)) - raft.server.snapshot.auto.trigger.threshold = 10000 (custom)
2019-09-23 17:09:44,376 [pool-159-thread-1] INFO  server.RaftServerConfigKeys (ConfUtils.java:logGet(43)) - raft.server.log.write.buffer.size = 33554432 (custom)
2019-09-23 17:09:44,377 [pool-119-thread-1] INFO  server.RaftServerConfigKeys (ConfUtils.java:logGet(43)) - raft.server.snapshot.retention.num.files = 5 (custom)
2019-09-23 17:09:44,377 [pool-149-thread-1] INFO  server.RaftServerConfigKeys (ConfUtils.java:logGet(43)) - raft.server.log.force.sync.num = 128 (default)
2019-09-23 17:09:44,377 [pool-119-thread-1] INFO  server.RaftServerConfigKeys (ConfUtils.java:logGet(43)) - raft.server.retrycache.expirytime = 600000ms (custom)
2019-09-23 17:09:44,377 [pool-159-thread-1] INFO  server.RaftServerConfigKeys (ConfUtils.java:logGet(43)) - raft.server.log.force.sync.num = 128 (default)
2019-09-23 17:09:44,377 [pool-149-thread-1] INFO  server.RaftServerConfigKeys (ConfUtils.java:logGet(43)) - raft.server.log.statemachine.data.sync = true (default)
2019-09-23 17:09:44,378 [pool-159-thread-1] INFO  server.RaftServerConfigKeys (ConfUtils.java:logGet(43)) - raft.server.log.statemachine.data.sync = true (default)
2019-09-23 17:09:44,378 [pool-149-thread-1] INFO  server.RaftServerConfigKeys (ConfUtils.java:logGet(43)) - raft.server.log.statemachine.data.sync.timeout = 10s (default)
2019-09-23 17:09:44,378 [pool-159-thread-1] INFO  server.RaftServerConfigKeys (ConfUtils.java:logGet(43)) - raft.server.log.statemachine.data.sync.timeout = 10s (default)
2019-09-23 17:09:44,378 [pool-149-thread-1] INFO  server.RaftServerConfigKeys (ConfUtils.java:logGet(43)) - raft.server.log.statemachine.data.sync.timeout.retry = -1 (default)
2019-09-23 17:09:44,378 [pool-159-thread-1] INFO  server.RaftServerConfigKeys (ConfUtils.java:logGet(43)) - raft.server.log.statemachine.data.sync.timeout.retry = -1 (default)
2019-09-23 17:09:44,378 [pool-149-thread-1] INFO  server.RaftServerConfigKeys (ConfUtils.java:logGet(43)) - raft.server.log.statemachine.data.caching.enabled = true (custom)
2019-09-23 17:09:44,378 [pool-159-thread-1] INFO  server.RaftServerConfigKeys (ConfUtils.java:logGet(43)) - raft.server.log.statemachine.data.caching.enabled = true (custom)
2019-09-23 17:09:44,379 [pool-149-thread-1] INFO  segmented.SegmentedRaftLogWorker (SegmentedRaftLogWorker.java:lambda$new$0(132)) - 914de4c2-3aa0-4a5c-a0d8-c5ac91929eac@group-A1BF9E23216A-SegmentedRaftLogWorker: flushIndex: setUnconditionally 0 -> -1
2019-09-23 17:09:44,379 [pool-159-thread-1] INFO  segmented.SegmentedRaftLogWorker (SegmentedRaftLogWorker.java:lambda$new$0(132)) - 704969b7-e05b-4489-a061-6a80d49ca5c9@group-A1BF9E23216A-SegmentedRaftLogWorker: flushIndex: setUnconditionally 0 -> -1
2019-09-23 17:09:44,379 [pool-149-thread-1] INFO  server.RaftServerConfigKeys (ConfUtils.java:logGet(43)) - raft.server.snapshot.auto.trigger.enabled = true (custom)
2019-09-23 17:09:44,379 [pool-149-thread-1] INFO  server.RaftServerConfigKeys (ConfUtils.java:logGet(43)) - raft.server.snapshot.auto.trigger.threshold = 10000 (custom)
2019-09-23 17:09:44,379 [pool-159-thread-1] INFO  server.RaftServerConfigKeys (ConfUtils.java:logGet(43)) - raft.server.snapshot.auto.trigger.enabled = true (custom)
2019-09-23 17:09:44,379 [pool-149-thread-1] INFO  server.RaftServerConfigKeys (ConfUtils.java:logGet(43)) - raft.server.snapshot.retention.num.files = 5 (custom)
2019-09-23 17:09:44,379 [pool-159-thread-1] INFO  server.RaftServerConfigKeys (ConfUtils.java:logGet(43)) - raft.server.snapshot.auto.trigger.threshold = 10000 (custom)
2019-09-23 17:09:44,380 [pool-149-thread-1] INFO  server.RaftServerConfigKeys (ConfUtils.java:logGet(43)) - raft.server.retrycache.expirytime = 600000ms (custom)
2019-09-23 17:09:44,380 [pool-159-thread-1] INFO  server.RaftServerConfigKeys (ConfUtils.java:logGet(43)) - raft.server.snapshot.retention.num.files = 5 (custom)
2019-09-23 17:09:44,380 [pool-159-thread-1] INFO  server.RaftServerConfigKeys (ConfUtils.java:logGet(43)) - raft.server.retrycache.expirytime = 600000ms (custom)
2019-09-23 17:09:44,381 [pool-119-thread-1] INFO  impl.RaftServerImpl (RaftServerImpl.java:start(185)) - b1d44a52-c719-474f-ae16-db1c62c8cc5b@group-A1BF9E23216A: start as a follower, conf=-1: [b1d44a52-c719-474f-ae16-db1c62c8cc5b:192.168.34.14:35615, 914de4c2-3aa0-4a5c-a0d8-c5ac91929eac:192.168.34.14:43607, 704969b7-e05b-4489-a061-6a80d49ca5c9:192.168.34.14:42228], old=null
2019-09-23 17:09:44,381 [pool-119-thread-1] INFO  impl.RaftServerImpl (RaftServerImpl.java:setRole(174)) - b1d44a52-c719-474f-ae16-db1c62c8cc5b@group-A1BF9E23216A: changes role from      null to FOLLOWER at term 0 for startAsFollower
2019-09-23 17:09:44,381 [pool-119-thread-1] INFO  impl.RoleInfo (RoleInfo.java:updateAndGet(143)) - b1d44a52-c719-474f-ae16-db1c62c8cc5b: start FollowerState
2019-09-23 17:09:44,381 [pool-119-thread-1] INFO  util.JmxRegister (JmxRegister.java:tryRegister(44)) - Successfully registered JMX Bean with object name Ratis:service=RaftServer,group=group-A1BF9E23216A,id=b1d44a52-c719-474f-ae16-db1c62c8cc5b
2019-09-23 17:09:44,382 [pool-149-thread-1] INFO  impl.RaftServerImpl (RaftServerImpl.java:start(185)) - 914de4c2-3aa0-4a5c-a0d8-c5ac91929eac@group-A1BF9E23216A: start as a follower, conf=-1: [b1d44a52-c719-474f-ae16-db1c62c8cc5b:192.168.34.14:35615, 914de4c2-3aa0-4a5c-a0d8-c5ac91929eac:192.168.34.14:43607, 704969b7-e05b-4489-a061-6a80d49ca5c9:192.168.34.14:42228], old=null
2019-09-23 17:09:44,383 [pool-149-thread-1] INFO  impl.RaftServerImpl (RaftServerImpl.java:setRole(174)) - 914de4c2-3aa0-4a5c-a0d8-c5ac91929eac@group-A1BF9E23216A: changes role from      null to FOLLOWER at term 0 for startAsFollower
2019-09-23 17:09:44,383 [pool-149-thread-1] INFO  impl.RoleInfo (RoleInfo.java:updateAndGet(143)) - 914de4c2-3aa0-4a5c-a0d8-c5ac91929eac: start FollowerState
2019-09-23 17:09:44,383 [pool-159-thread-1] INFO  impl.RaftServerImpl (RaftServerImpl.java:start(185)) - 704969b7-e05b-4489-a061-6a80d49ca5c9@group-A1BF9E23216A: start as a follower, conf=-1: [b1d44a52-c719-474f-ae16-db1c62c8cc5b:192.168.34.14:35615, 914de4c2-3aa0-4a5c-a0d8-c5ac91929eac:192.168.34.14:43607, 704969b7-e05b-4489-a061-6a80d49ca5c9:192.168.34.14:42228], old=null
2019-09-23 17:09:44,383 [pool-159-thread-1] INFO  impl.RaftServerImpl (RaftServerImpl.java:setRole(174)) - 704969b7-e05b-4489-a061-6a80d49ca5c9@group-A1BF9E23216A: changes role from      null to FOLLOWER at term 0 for startAsFollower
2019-09-23 17:09:44,383 [pool-149-thread-1] INFO  util.JmxRegister (JmxRegister.java:tryRegister(44)) - Successfully registered JMX Bean with object name Ratis:service=RaftServer,group=group-A1BF9E23216A,id=914de4c2-3aa0-4a5c-a0d8-c5ac91929eac
2019-09-23 17:09:44,386 [pool-159-thread-1] INFO  impl.RoleInfo (RoleInfo.java:updateAndGet(143)) - 704969b7-e05b-4489-a061-6a80d49ca5c9: start FollowerState
2019-09-23 17:09:44,386 [pool-159-thread-1] INFO  util.JmxRegister (JmxRegister.java:tryRegister(44)) - Successfully registered JMX Bean with object name Ratis:service=RaftServer,group=group-A1BF9E23216A,id=704969b7-e05b-4489-a061-6a80d49ca5c9
2019-09-23 17:09:44,395 [RatisPipelineUtilsThread] INFO  pipeline.PipelineStateManager (PipelineStateManager.java:addPipeline(56)) - Created pipeline Pipeline[ Id: 3c4f94a6-5bf2-406f-ba19-a1bf9e23216a, Nodes: 704969b7-e05b-4489-a061-6a80d49ca5c9{ip: 192.168.34.14, host: pr-hdds-2167-q77kb-1598226581, networkLocation: /default-rack, certSerialId: null}b1d44a52-c719-474f-ae16-db1c62c8cc5b{ip: 192.168.34.14, host: pr-hdds-2167-q77kb-1598226581, networkLocation: /default-rack, certSerialId: null}914de4c2-3aa0-4a5c-a0d8-c5ac91929eac{ip: 192.168.34.14, host: pr-hdds-2167-q77kb-1598226581, networkLocation: /default-rack, certSerialId: null}, Type:RATIS, Factor:THREE, State:OPEN]
2019-09-23 17:09:45,648 [Thread-1026] INFO  container.ReplicationManager (ReplicationManager.java:start(162)) - Starting Replication Monitor Thread.
2019-09-23 17:09:45,652 [ReplicationMonitor] INFO  container.ReplicationManager (ReplicationManager.java:run(225)) - Replication Monitor Thread took 0 milliseconds for processing 1 containers.
2019-09-23 17:09:48,060 [Thread-1028] INFO  impl.FollowerState (FollowerState.java:run(106)) - b1d44a52-c719-474f-ae16-db1c62c8cc5b:group-680A401CA4F5 changes to CANDIDATE, lastRpcTime:5191, electionTimeout:5191ms
2019-09-23 17:09:48,061 [Thread-1028] INFO  impl.RoleInfo (RoleInfo.java:shutdownFollowerState(121)) - b1d44a52-c719-474f-ae16-db1c62c8cc5b: shutdown FollowerState
2019-09-23 17:09:48,061 [Thread-1028] INFO  impl.RaftServerImpl (RaftServerImpl.java:setRole(174)) - b1d44a52-c719-474f-ae16-db1c62c8cc5b@group-680A401CA4F5: changes role from  FOLLOWER to CANDIDATE at term 0 for changeToCandidate
2019-09-23 17:09:48,061 [Thread-1028] INFO  impl.RoleInfo (RoleInfo.java:updateAndGet(143)) - b1d44a52-c719-474f-ae16-db1c62c8cc5b: start LeaderElection
2019-09-23 17:09:48,227 [Thread-1033] INFO  impl.FollowerState (FollowerState.java:run(106)) - 987c2d54-3d4d-4fd8-bf6b-8ec028765572:group-57AB19A04922 changes to CANDIDATE, lastRpcTime:5027, electionTimeout:5027ms
2019-09-23 17:09:48,227 [Thread-1033] INFO  impl.RoleInfo (RoleInfo.java:shutdownFollowerState(121)) - 987c2d54-3d4d-4fd8-bf6b-8ec028765572: shutdown FollowerState
2019-09-23 17:09:48,227 [Thread-1033] INFO  impl.RaftServerImpl (RaftServerImpl.java:setRole(174)) - 987c2d54-3d4d-4fd8-bf6b-8ec028765572@group-57AB19A04922: changes role from  FOLLOWER to CANDIDATE at term 0 for changeToCandidate
2019-09-23 17:09:48,227 [Thread-1033] INFO  impl.RoleInfo (RoleInfo.java:updateAndGet(143)) - 987c2d54-3d4d-4fd8-bf6b-8ec028765572: start LeaderElection
2019-09-23 17:09:48,536 [Thread-1036] INFO  impl.FollowerState (FollowerState.java:run(106)) - 1a636c31-9e4c-40ea-b031-c5f26b29f43d:group-2C1970D996C3 changes to CANDIDATE, lastRpcTime:5151, electionTimeout:5149ms
2019-09-23 17:09:48,536 [Thread-1036] INFO  impl.RoleInfo (RoleInfo.java:shutdownFollowerState(121)) - 1a636c31-9e4c-40ea-b031-c5f26b29f43d: shutdown FollowerState
2019-09-23 17:09:48,539 [Thread-1036] INFO  impl.RaftServerImpl (RaftServerImpl.java:setRole(174)) - 1a636c31-9e4c-40ea-b031-c5f26b29f43d@group-2C1970D996C3: changes role from  FOLLOWER to CANDIDATE at term 0 for changeToCandidate
2019-09-23 17:09:48,539 [Thread-1036] INFO  impl.RoleInfo (RoleInfo.java:updateAndGet(143)) - 1a636c31-9e4c-40ea-b031-c5f26b29f43d: start LeaderElection
2019-09-23 17:09:48,715 [Thread-1039] INFO  impl.FollowerState (FollowerState.java:run(106)) - 7174c195-fa06-433a-9f95-8297e7790ec0:group-8CC87C32B194 changes to CANDIDATE, lastRpcTime:5156, electionTimeout:5156ms
2019-09-23 17:09:48,715 [Thread-1039] INFO  impl.RoleInfo (RoleInfo.java:shutdownFollowerState(121)) - 7174c195-fa06-433a-9f95-8297e7790ec0: shutdown FollowerState
2019-09-23 17:09:48,715 [Thread-1039] INFO  impl.RaftServerImpl (RaftServerImpl.java:setRole(174)) - 7174c195-fa06-433a-9f95-8297e7790ec0@group-8CC87C32B194: changes role from  FOLLOWER to CANDIDATE at term 0 for changeToCandidate
2019-09-23 17:09:48,715 [Thread-1039] INFO  impl.RoleInfo (RoleInfo.java:updateAndGet(143)) - 7174c195-fa06-433a-9f95-8297e7790ec0: start LeaderElection
2019-09-23 17:09:48,753 [Thread-1042] INFO  impl.FollowerState (FollowerState.java:run(106)) - 704969b7-e05b-4489-a061-6a80d49ca5c9:group-6BA0B7BE5A3F changes to CANDIDATE, lastRpcTime:5026, electionTimeout:5026ms
2019-09-23 17:09:48,753 [Thread-1042] INFO  impl.RoleInfo (RoleInfo.java:shutdownFollowerState(121)) - 704969b7-e05b-4489-a061-6a80d49ca5c9: shutdown FollowerState
2019-09-23 17:09:48,753 [Thread-1042] INFO  impl.RaftServerImpl (RaftServerImpl.java:setRole(174)) - 704969b7-e05b-4489-a061-6a80d49ca5c9@group-6BA0B7BE5A3F: changes role from  FOLLOWER to CANDIDATE at term 0 for changeToCandidate
2019-09-23 17:09:48,753 [Thread-1042] INFO  impl.RoleInfo (RoleInfo.java:updateAndGet(143)) - 704969b7-e05b-4489-a061-6a80d49ca5c9: start LeaderElection
2019-09-23 17:09:48,934 [Thread-1045] INFO  impl.FollowerState (FollowerState.java:run(106)) - 914de4c2-3aa0-4a5c-a0d8-c5ac91929eac:group-68D095D90BD3 changes to CANDIDATE, lastRpcTime:5032, electionTimeout:5032ms
2019-09-23 17:09:48,935 [Thread-1045] INFO  impl.RoleInfo (RoleInfo.java:shutdownFollowerState(121)) - 914de4c2-3aa0-4a5c-a0d8-c5ac91929eac: shutdown FollowerState
2019-09-23 17:09:48,935 [Thread-1045] INFO  impl.RaftServerImpl (RaftServerImpl.java:setRole(174)) - 914de4c2-3aa0-4a5c-a0d8-c5ac91929eac@group-68D095D90BD3: changes role from  FOLLOWER to CANDIDATE at term 0 for changeToCandidate
2019-09-23 17:09:48,935 [Thread-1045] INFO  impl.RoleInfo (RoleInfo.java:updateAndGet(143)) - 914de4c2-3aa0-4a5c-a0d8-c5ac91929eac: start LeaderElection
2019-09-23 17:09:49,193 [Thread-1048] INFO  impl.FollowerState (FollowerState.java:run(106)) - d4f13609-9c87-4605-b47e-334719966a4f:group-C04B1D84C70C changes to CANDIDATE, lastRpcTime:5149, electionTimeout:5149ms
2019-09-23 17:09:49,193 [Thread-1048] INFO  impl.RoleInfo (RoleInfo.java:shutdownFollowerState(121)) - d4f13609-9c87-4605-b47e-334719966a4f: shutdown FollowerState
2019-09-23 17:09:49,193 [Thread-1048] INFO  impl.RaftServerImpl (RaftServerImpl.java:setRole(174)) - d4f13609-9c87-4605-b47e-334719966a4f@group-C04B1D84C70C: changes role from  FOLLOWER to CANDIDATE at term 0 for changeToCandidate
2019-09-23 17:09:49,194 [Thread-1048] INFO  impl.RoleInfo (RoleInfo.java:updateAndGet(143)) - d4f13609-9c87-4605-b47e-334719966a4f: start LeaderElection
2019-09-23 17:09:49,232 [b1d44a52-c719-474f-ae16-db1c62c8cc5b@group-680A401CA4F5:LeaderElection46] INFO  impl.LeaderElection (LeaderElection.java:askForVotes(182)) - b1d44a52-c719-474f-ae16-db1c62c8cc5b@group-680A401CA4F5:LeaderElection46: begin an election at term 1 for -1: [b1d44a52-c719-474f-ae16-db1c62c8cc5b:192.168.34.14:35615], old=null
2019-09-23 17:09:49,232 [987c2d54-3d4d-4fd8-bf6b-8ec028765572@group-57AB19A04922:LeaderElection47] INFO  impl.LeaderElection (LeaderElection.java:askForVotes(182)) - 987c2d54-3d4d-4fd8-bf6b-8ec028765572@group-57AB19A04922:LeaderElection47: begin an election at term 1 for -1: [987c2d54-3d4d-4fd8-bf6b-8ec028765572:192.168.34.14:33974], old=null
2019-09-23 17:09:49,233 [b1d44a52-c719-474f-ae16-db1c62c8cc5b@group-680A401CA4F5:LeaderElection46] INFO  impl.RoleInfo (RoleInfo.java:shutdownLeaderElection(134)) - b1d44a52-c719-474f-ae16-db1c62c8cc5b: shutdown LeaderElection
2019-09-23 17:09:49,233 [987c2d54-3d4d-4fd8-bf6b-8ec028765572@group-57AB19A04922:LeaderElection47] INFO  impl.RoleInfo (RoleInfo.java:shutdownLeaderElection(134)) - 987c2d54-3d4d-4fd8-bf6b-8ec028765572: shutdown LeaderElection
2019-09-23 17:09:49,233 [b1d44a52-c719-474f-ae16-db1c62c8cc5b@group-680A401CA4F5:LeaderElection46] INFO  impl.RaftServerImpl (RaftServerImpl.java:setRole(174)) - b1d44a52-c719-474f-ae16-db1c62c8cc5b@group-680A401CA4F5: changes role from CANDIDATE to LEADER at term 1 for changeToLeader
2019-09-23 17:09:49,233 [987c2d54-3d4d-4fd8-bf6b-8ec028765572@group-57AB19A04922:LeaderElection47] INFO  impl.RaftServerImpl (RaftServerImpl.java:setRole(174)) - 987c2d54-3d4d-4fd8-bf6b-8ec028765572@group-57AB19A04922: changes role from CANDIDATE to LEADER at term 1 for changeToLeader
2019-09-23 17:09:49,233 [b1d44a52-c719-474f-ae16-db1c62c8cc5b@group-680A401CA4F5:LeaderElection46] INFO  impl.RaftServerImpl (ServerState.java:setLeader(253)) - b1d44a52-c719-474f-ae16-db1c62c8cc5b@group-680A401CA4F5: change Leader from null to b1d44a52-c719-474f-ae16-db1c62c8cc5b at term 1 for becomeLeader, leader elected after 6381ms
2019-09-23 17:09:49,233 [987c2d54-3d4d-4fd8-bf6b-8ec028765572@group-57AB19A04922:LeaderElection47] INFO  impl.RaftServerImpl (ServerState.java:setLeader(253)) - 987c2d54-3d4d-4fd8-bf6b-8ec028765572@group-57AB19A04922: change Leader from null to 987c2d54-3d4d-4fd8-bf6b-8ec028765572 at term 1 for becomeLeader, leader elected after 6048ms
2019-09-23 17:09:49,236 [b1d44a52-c719-474f-ae16-db1c62c8cc5b@group-680A401CA4F5:LeaderElection46] INFO  server.RaftServerConfigKeys (ConfUtils.java:logGet(43)) - raft.server.staging.catchup.gap = 1000 (default)
2019-09-23 17:09:49,236 [987c2d54-3d4d-4fd8-bf6b-8ec028765572@group-57AB19A04922:LeaderElection47] INFO  server.RaftServerConfigKeys (ConfUtils.java:logGet(43)) - raft.server.staging.catchup.gap = 1000 (default)
2019-09-23 17:09:49,236 [b1d44a52-c719-474f-ae16-db1c62c8cc5b@group-680A401CA4F5:LeaderElection46] INFO  server.RaftServerConfigKeys (ConfUtils.java:logGet(43)) - raft.server.rpc.sleep.time = 25ms (default)
2019-09-23 17:09:49,237 [987c2d54-3d4d-4fd8-bf6b-8ec028765572@group-57AB19A04922:LeaderElection47] INFO  server.RaftServerConfigKeys (ConfUtils.java:logGet(43)) - raft.server.rpc.sleep.time = 25ms (default)
2019-09-23 17:09:49,237 [b1d44a52-c719-474f-ae16-db1c62c8cc5b@group-680A401CA4F5:LeaderElection46] INFO  server.RaftServerConfigKeys (ConfUtils.java:logGet(43)) - raft.server.write.element-limit = 4096 (default)
2019-09-23 17:09:49,237 [987c2d54-3d4d-4fd8-bf6b-8ec028765572@group-57AB19A04922:LeaderElection47] INFO  server.RaftServerConfigKeys (ConfUtils.java:logGet(43)) - raft.server.write.element-limit = 4096 (default)
2019-09-23 17:09:49,237 [b1d44a52-c719-474f-ae16-db1c62c8cc5b@group-680A401CA4F5:LeaderElection46] INFO  server.RaftServerConfigKeys (ConfUtils.java:logGet(43)) - raft.server.watch.timeout = 10s (default)
2019-09-23 17:09:49,237 [987c2d54-3d4d-4fd8-bf6b-8ec028765572@group-57AB19A04922:LeaderElection47] INFO  server.RaftServerConfigKeys (ConfUtils.java:logGet(43)) - raft.server.watch.timeout = 10s (default)
2019-09-23 17:09:49,237 [b1d44a52-c719-474f-ae16-db1c62c8cc5b@group-680A401CA4F5:LeaderElection46] INFO  server.RaftServerConfigKeys (ConfUtils.java:logGet(43)) - raft.server.watch.timeout.denomination = 1s (default)
2019-09-23 17:09:49,237 [987c2d54-3d4d-4fd8-bf6b-8ec028765572@group-57AB19A04922:LeaderElection47] INFO  server.RaftServerConfigKeys (ConfUtils.java:logGet(43)) - raft.server.watch.timeout.denomination = 1s (default)
2019-09-23 17:09:49,238 [b1d44a52-c719-474f-ae16-db1c62c8cc5b@group-680A401CA4F5:LeaderElection46] INFO  server.RaftServerConfigKeys (ConfUtils.java:logGet(43)) - raft.server.watch.element-limit = 65536 (default)
2019-09-23 17:09:49,238 [987c2d54-3d4d-4fd8-bf6b-8ec028765572@group-57AB19A04922:LeaderElection47] INFO  server.RaftServerConfigKeys (ConfUtils.java:logGet(43)) - raft.server.watch.element-limit = 65536 (default)
2019-09-23 17:09:49,242 [b1d44a52-c719-474f-ae16-db1c62c8cc5b@group-680A401CA4F5:LeaderElection46] INFO  impl.RoleInfo (RoleInfo.java:updateAndGet(143)) - b1d44a52-c719-474f-ae16-db1c62c8cc5b: start LeaderState
2019-09-23 17:09:49,242 [987c2d54-3d4d-4fd8-bf6b-8ec028765572@group-57AB19A04922:LeaderElection47] INFO  impl.RoleInfo (RoleInfo.java:updateAndGet(143)) - 987c2d54-3d4d-4fd8-bf6b-8ec028765572: start LeaderState
2019-09-23 17:09:49,242 [987c2d54-3d4d-4fd8-bf6b-8ec028765572@group-57AB19A04922:LeaderElection47] INFO  segmented.SegmentedRaftLogWorker (SegmentedRaftLogWorker.java:startLogSegment(380)) - 987c2d54-3d4d-4fd8-bf6b-8ec028765572@group-57AB19A04922-SegmentedRaftLogWorker: Starting segment from index:0
2019-09-23 17:09:49,242 [b1d44a52-c719-474f-ae16-db1c62c8cc5b@group-680A401CA4F5:LeaderElection46] INFO  segmented.SegmentedRaftLogWorker (SegmentedRaftLogWorker.java:startLogSegment(380)) - b1d44a52-c719-474f-ae16-db1c62c8cc5b@group-680A401CA4F5-SegmentedRaftLogWorker: Starting segment from index:0
2019-09-23 17:09:49,243 [987c2d54-3d4d-4fd8-bf6b-8ec028765572@group-57AB19A04922:LeaderElection47] INFO  impl.RaftServerImpl (ServerState.java:setRaftConf(354)) - 987c2d54-3d4d-4fd8-bf6b-8ec028765572@group-57AB19A04922: set configuration 0: [987c2d54-3d4d-4fd8-bf6b-8ec028765572:192.168.34.14:33974], old=null at 0
2019-09-23 17:09:49,243 [b1d44a52-c719-474f-ae16-db1c62c8cc5b@group-680A401CA4F5:LeaderElection46] INFO  impl.RaftServerImpl (ServerState.java:setRaftConf(354)) - b1d44a52-c719-474f-ae16-db1c62c8cc5b@group-680A401CA4F5: set configuration 0: [b1d44a52-c719-474f-ae16-db1c62c8cc5b:192.168.34.14:35615], old=null at 0
2019-09-23 17:09:49,297 [Thread-1054] INFO  impl.FollowerState (FollowerState.java:run(106)) - 987c2d54-3d4d-4fd8-bf6b-8ec028765572:group-08EE2DEA27CA changes to CANDIDATE, lastRpcTime:5058, electionTimeout:5058ms
2019-09-23 17:09:49,297 [Thread-1054] INFO  impl.RoleInfo (RoleInfo.java:shutdownFollowerState(121)) - 987c2d54-3d4d-4fd8-bf6b-8ec028765572: shutdown FollowerState
2019-09-23 17:09:49,297 [Thread-1054] INFO  impl.RaftServerImpl (RaftServerImpl.java:setRole(174)) - 987c2d54-3d4d-4fd8-bf6b-8ec028765572@group-08EE2DEA27CA: changes role from  FOLLOWER to CANDIDATE at term 0 for changeToCandidate
2019-09-23 17:09:49,298 [Thread-1054] INFO  impl.RoleInfo (RoleInfo.java:updateAndGet(143)) - 987c2d54-3d4d-4fd8-bf6b-8ec028765572: start LeaderElection
2019-09-23 17:09:49,342 [Thread-1053] INFO  impl.FollowerState (FollowerState.java:run(106)) - 7174c195-fa06-433a-9f95-8297e7790ec0:group-08EE2DEA27CA changes to CANDIDATE, lastRpcTime:5103, electionTimeout:5103ms
2019-09-23 17:09:49,342 [Thread-1053] INFO  impl.RoleInfo (RoleInfo.java:shutdownFollowerState(121)) - 7174c195-fa06-433a-9f95-8297e7790ec0: shutdown FollowerState
2019-09-23 17:09:49,342 [Thread-1053] INFO  impl.RaftServerImpl (RaftServerImpl.java:setRole(174)) - 7174c195-fa06-433a-9f95-8297e7790ec0@group-08EE2DEA27CA: changes role from  FOLLOWER to CANDIDATE at term 0 for changeToCandidate
2019-09-23 17:09:49,342 [Thread-1053] INFO  impl.RoleInfo (RoleInfo.java:updateAndGet(143)) - 7174c195-fa06-433a-9f95-8297e7790ec0: start LeaderElection
2019-09-23 17:09:49,384 [Thread-1064] INFO  impl.FollowerState (FollowerState.java:run(106)) - 914de4c2-3aa0-4a5c-a0d8-c5ac91929eac:group-A1BF9E23216A changes to CANDIDATE, lastRpcTime:5001, electionTimeout:5001ms
2019-09-23 17:09:49,384 [Thread-1064] INFO  impl.RoleInfo (RoleInfo.java:shutdownFollowerState(121)) - 914de4c2-3aa0-4a5c-a0d8-c5ac91929eac: shutdown FollowerState
2019-09-23 17:09:49,385 [Thread-1064] INFO  impl.RaftServerImpl (RaftServerImpl.java:setRole(174)) - 914de4c2-3aa0-4a5c-a0d8-c5ac91929eac@group-A1BF9E23216A: changes role from  FOLLOWER to CANDIDATE at term 0 for changeToCandidate
2019-09-23 17:09:49,385 [Thread-1064] INFO  impl.RoleInfo (RoleInfo.java:updateAndGet(143)) - 914de4c2-3aa0-4a5c-a0d8-c5ac91929eac: start LeaderElection
2019-09-23 17:09:49,403 [Thread-1057] INFO  impl.FollowerState (FollowerState.java:run(106)) - 1a636c31-9e4c-40ea-b031-c5f26b29f43d:group-08EE2DEA27CA changes to CANDIDATE, lastRpcTime:5162, electionTimeout:5160ms
2019-09-23 17:09:49,403 [Thread-1057] INFO  impl.RoleInfo (RoleInfo.java:shutdownFollowerState(121)) - 1a636c31-9e4c-40ea-b031-c5f26b29f43d: shutdown FollowerState
2019-09-23 17:09:49,403 [Thread-1057] INFO  impl.RaftServerImpl (RaftServerImpl.java:setRole(174)) - 1a636c31-9e4c-40ea-b031-c5f26b29f43d@group-08EE2DEA27CA: changes role from  FOLLOWER to CANDIDATE at term 0 for changeToCandidate
2019-09-23 17:09:49,403 [Thread-1057] INFO  impl.RoleInfo (RoleInfo.java:updateAndGet(143)) - 1a636c31-9e4c-40ea-b031-c5f26b29f43d: start LeaderElection
2019-09-23 17:09:49,410 [Thread-1065] INFO  impl.FollowerState (FollowerState.java:run(106)) - 704969b7-e05b-4489-a061-6a80d49ca5c9:group-A1BF9E23216A changes to CANDIDATE, lastRpcTime:5023, electionTimeout:5023ms
2019-09-23 17:09:49,410 [Thread-1065] INFO  impl.RoleInfo (RoleInfo.java:shutdownFollowerState(121)) - 704969b7-e05b-4489-a061-6a80d49ca5c9: shutdown FollowerState
2019-09-23 17:09:49,410 [Thread-1065] INFO  impl.RaftServerImpl (RaftServerImpl.java:setRole(174)) - 704969b7-e05b-4489-a061-6a80d49ca5c9@group-A1BF9E23216A: changes role from  FOLLOWER to CANDIDATE at term 0 for changeToCandidate
2019-09-23 17:09:49,410 [Thread-1065] INFO  impl.RoleInfo (RoleInfo.java:updateAndGet(143)) - 704969b7-e05b-4489-a061-6a80d49ca5c9: start LeaderElection
2019-09-23 17:09:49,490 [Thread-1062] INFO  impl.FollowerState (FollowerState.java:run(106)) - b1d44a52-c719-474f-ae16-db1c62c8cc5b:group-A1BF9E23216A changes to CANDIDATE, lastRpcTime:5109, electionTimeout:5109ms
2019-09-23 17:09:49,491 [Thread-1062] INFO  impl.RoleInfo (RoleInfo.java:shutdownFollowerState(121)) - b1d44a52-c719-474f-ae16-db1c62c8cc5b: shutdown FollowerState
2019-09-23 17:09:49,491 [Thread-1062] INFO  impl.RaftServerImpl (RaftServerImpl.java:setRole(174)) - b1d44a52-c719-474f-ae16-db1c62c8cc5b@group-A1BF9E23216A: changes role from  FOLLOWER to CANDIDATE at term 0 for changeToCandidate
2019-09-23 17:09:49,491 [Thread-1062] INFO  impl.RoleInfo (RoleInfo.java:updateAndGet(143)) - b1d44a52-c719-474f-ae16-db1c62c8cc5b: start LeaderElection
2019-09-23 17:09:50,796 [7174c195-fa06-433a-9f95-8297e7790ec0@group-8CC87C32B194:LeaderElection49] INFO  impl.LeaderElection (LeaderElection.java:askForVotes(182)) - 7174c195-fa06-433a-9f95-8297e7790ec0@group-8CC87C32B194:LeaderElection49: begin an election at term 1 for -1: [7174c195-fa06-433a-9f95-8297e7790ec0:192.168.34.14:34584], old=null
2019-09-23 17:09:50,796 [704969b7-e05b-4489-a061-6a80d49ca5c9@group-6BA0B7BE5A3F:LeaderElection50] INFO  impl.LeaderElection (LeaderElection.java:askForVotes(182)) - 704969b7-e05b-4489-a061-6a80d49ca5c9@group-6BA0B7BE5A3F:LeaderElection50: begin an election at term 1 for -1: [704969b7-e05b-4489-a061-6a80d49ca5c9:192.168.34.14:42228], old=null
2019-09-23 17:09:50,796 [1a636c31-9e4c-40ea-b031-c5f26b29f43d@group-2C1970D996C3:LeaderElection48] INFO  impl.LeaderElection (LeaderElection.java:askForVotes(182)) - 1a636c31-9e4c-40ea-b031-c5f26b29f43d@group-2C1970D996C3:LeaderElection48: begin an election at term 1 for -1: [1a636c31-9e4c-40ea-b031-c5f26b29f43d:192.168.34.14:34670], old=null
2019-09-23 17:09:50,797 [704969b7-e05b-4489-a061-6a80d49ca5c9@group-6BA0B7BE5A3F:LeaderElection50] INFO  impl.RoleInfo (RoleInfo.java:shutdownLeaderElection(134)) - 704969b7-e05b-4489-a061-6a80d49ca5c9: shutdown LeaderElection
2019-09-23 17:09:50,796 [7174c195-fa06-433a-9f95-8297e7790ec0@group-8CC87C32B194:LeaderElection49] INFO  impl.RoleInfo (RoleInfo.java:shutdownLeaderElection(134)) - 7174c195-fa06-433a-9f95-8297e7790ec0: shutdown LeaderElection
2019-09-23 17:09:50,797 [704969b7-e05b-4489-a061-6a80d49ca5c9@group-6BA0B7BE5A3F:LeaderElection50] INFO  impl.RaftServerImpl (RaftServerImpl.java:setRole(174)) - 704969b7-e05b-4489-a061-6a80d49ca5c9@group-6BA0B7BE5A3F: changes role from CANDIDATE to LEADER at term 1 for changeToLeader
2019-09-23 17:09:50,797 [1a636c31-9e4c-40ea-b031-c5f26b29f43d@group-2C1970D996C3:LeaderElection48] INFO  impl.RoleInfo (RoleInfo.java:shutdownLeaderElection(134)) - 1a636c31-9e4c-40ea-b031-c5f26b29f43d: shutdown LeaderElection
2019-09-23 17:09:50,797 [704969b7-e05b-4489-a061-6a80d49ca5c9@group-6BA0B7BE5A3F:LeaderElection50] INFO  impl.RaftServerImpl (ServerState.java:setLeader(253)) - 704969b7-e05b-4489-a061-6a80d49ca5c9@group-6BA0B7BE5A3F: change Leader from null to 704969b7-e05b-4489-a061-6a80d49ca5c9 at term 1 for becomeLeader, leader elected after 7080ms
2019-09-23 17:09:50,797 [7174c195-fa06-433a-9f95-8297e7790ec0@group-8CC87C32B194:LeaderElection49] INFO  impl.RaftServerImpl (RaftServerImpl.java:setRole(174)) - 7174c195-fa06-433a-9f95-8297e7790ec0@group-8CC87C32B194: changes role from CANDIDATE to LEADER at term 1 for changeToLeader
2019-09-23 17:09:50,797 [1a636c31-9e4c-40ea-b031-c5f26b29f43d@group-2C1970D996C3:LeaderElection48] INFO  impl.RaftServerImpl (RaftServerImpl.java:setRole(174)) - 1a636c31-9e4c-40ea-b031-c5f26b29f43d@group-2C1970D996C3: changes role from CANDIDATE to LEADER at term 1 for changeToLeader
2019-09-23 17:09:50,801 [704969b7-e05b-4489-a061-6a80d49ca5c9@group-6BA0B7BE5A3F:LeaderElection50] INFO  server.RaftServerConfigKeys (ConfUtils.java:logGet(43)) - raft.server.staging.catchup.gap = 1000 (default)
2019-09-23 17:09:50,801 [7174c195-fa06-433a-9f95-8297e7790ec0@group-8CC87C32B194:LeaderElection49] INFO  impl.RaftServerImpl (ServerState.java:setLeader(253)) - 7174c195-fa06-433a-9f95-8297e7790ec0@group-8CC87C32B194: change Leader from null to 7174c195-fa06-433a-9f95-8297e7790ec0 at term 1 for becomeLeader, leader elected after 7249ms
2019-09-23 17:09:50,802 [704969b7-e05b-4489-a061-6a80d49ca5c9@group-6BA0B7BE5A3F:LeaderElection50] INFO  server.RaftServerConfigKeys (ConfUtils.java:logGet(43)) - raft.server.rpc.sleep.time = 25ms (default)
2019-09-23 17:09:50,802 [1a636c31-9e4c-40ea-b031-c5f26b29f43d@group-2C1970D996C3:LeaderElection48] INFO  impl.RaftServerImpl (ServerState.java:setLeader(253)) - 1a636c31-9e4c-40ea-b031-c5f26b29f43d@group-2C1970D996C3: change Leader from null to 1a636c31-9e4c-40ea-b031-c5f26b29f43d at term 1 for becomeLeader, leader elected after 7427ms
2019-09-23 17:09:50,805 [704969b7-e05b-4489-a061-6a80d49ca5c9@group-6BA0B7BE5A3F:LeaderElection50] INFO  server.RaftServerConfigKeys (ConfUtils.java:logGet(43)) - raft.server.write.element-limit = 4096 (default)
2019-09-23 17:09:50,805 [7174c195-fa06-433a-9f95-8297e7790ec0@group-8CC87C32B194:LeaderElection49] INFO  server.RaftServerConfigKeys (ConfUtils.java:logGet(43)) - raft.server.staging.catchup.gap = 1000 (default)
2019-09-23 17:09:50,808 [704969b7-e05b-4489-a061-6a80d49ca5c9@group-6BA0B7BE5A3F:LeaderElection50] INFO  server.RaftServerConfigKeys (ConfUtils.java:logGet(43)) - raft.server.watch.timeout = 10s (default)
2019-09-23 17:09:50,808 [1a636c31-9e4c-40ea-b031-c5f26b29f43d@group-2C1970D996C3:LeaderElection48] INFO  server.RaftServerConfigKeys (ConfUtils.java:logGet(43)) - raft.server.staging.catchup.gap = 1000 (default)
2019-09-23 17:09:50,809 [704969b7-e05b-4489-a061-6a80d49ca5c9@group-6BA0B7BE5A3F:LeaderElection50] INFO  server.RaftServerConfigKeys (ConfUtils.java:logGet(43)) - raft.server.watch.timeout.denomination = 1s (default)
2019-09-23 17:09:50,809 [7174c195-fa06-433a-9f95-8297e7790ec0@group-8CC87C32B194:LeaderElection49] INFO  server.RaftServerConfigKeys (ConfUtils.java:logGet(43)) - raft.server.rpc.sleep.time = 25ms (default)
2019-09-23 17:09:50,809 [704969b7-e05b-4489-a061-6a80d49ca5c9@group-6BA0B7BE5A3F:LeaderElection50] INFO  server.RaftServerConfigKeys (ConfUtils.java:logGet(43)) - raft.server.watch.element-limit = 65536 (default)
2019-09-23 17:09:50,809 [1a636c31-9e4c-40ea-b031-c5f26b29f43d@group-2C1970D996C3:LeaderElection48] INFO  server.RaftServerConfigKeys (ConfUtils.java:logGet(43)) - raft.server.rpc.sleep.time = 25ms (default)
2019-09-23 17:09:50,809 [7174c195-fa06-433a-9f95-8297e7790ec0@group-8CC87C32B194:LeaderElection49] INFO  server.RaftServerConfigKeys (ConfUtils.java:logGet(43)) - raft.server.write.element-limit = 4096 (default)
2019-09-23 17:09:50,810 [1a636c31-9e4c-40ea-b031-c5f26b29f43d@group-2C1970D996C3:LeaderElection48] INFO  server.RaftServerConfigKeys (ConfUtils.java:logGet(43)) - raft.server.write.element-limit = 4096 (default)
2019-09-23 17:09:50,810 [7174c195-fa06-433a-9f95-8297e7790ec0@group-8CC87C32B194:LeaderElection49] INFO  server.RaftServerConfigKeys (ConfUtils.java:logGet(43)) - raft.server.watch.timeout = 10s (default)
2019-09-23 17:09:50,810 [1a636c31-9e4c-40ea-b031-c5f26b29f43d@group-2C1970D996C3:LeaderElection48] INFO  server.RaftServerConfigKeys (ConfUtils.java:logGet(43)) - raft.server.watch.timeout = 10s (default)
2019-09-23 17:09:50,810 [7174c195-fa06-433a-9f95-8297e7790ec0@group-8CC87C32B194:LeaderElection49] INFO  server.RaftServerConfigKeys (ConfUtils.java:logGet(43)) - raft.server.watch.timeout.denomination = 1s (default)
2019-09-23 17:09:50,810 [1a636c31-9e4c-40ea-b031-c5f26b29f43d@group-2C1970D996C3:LeaderElection48] INFO  server.RaftServerConfigKeys (ConfUtils.java:logGet(43)) - raft.server.watch.timeout.denomination = 1s (default)
2019-09-23 17:09:50,810 [7174c195-fa06-433a-9f95-8297e7790ec0@group-8CC87C32B194:LeaderElection49] INFO  server.RaftServerConfigKeys (ConfUtils.java:logGet(43)) - raft.server.watch.element-limit = 65536 (default)
2019-09-23 17:09:50,810 [1a636c31-9e4c-40ea-b031-c5f26b29f43d@group-2C1970D996C3:LeaderElection48] INFO  server.RaftServerConfigKeys (ConfUtils.java:logGet(43)) - raft.server.watch.element-limit = 65536 (default)
2019-09-23 17:09:50,814 [704969b7-e05b-4489-a061-6a80d49ca5c9@group-6BA0B7BE5A3F:LeaderElection50] INFO  impl.RoleInfo (RoleInfo.java:updateAndGet(143)) - 704969b7-e05b-4489-a061-6a80d49ca5c9: start LeaderState
2019-09-23 17:09:50,814 [704969b7-e05b-4489-a061-6a80d49ca5c9@group-6BA0B7BE5A3F:LeaderElection50] INFO  segmented.SegmentedRaftLogWorker (SegmentedRaftLogWorker.java:startLogSegment(380)) - 704969b7-e05b-4489-a061-6a80d49ca5c9@group-6BA0B7BE5A3F-SegmentedRaftLogWorker: Starting segment from index:0
2019-09-23 17:09:50,815 [7174c195-fa06-433a-9f95-8297e7790ec0@group-8CC87C32B194:LeaderElection49] INFO  impl.RoleInfo (RoleInfo.java:updateAndGet(143)) - 7174c195-fa06-433a-9f95-8297e7790ec0: start LeaderState
2019-09-23 17:09:50,815 [1a636c31-9e4c-40ea-b031-c5f26b29f43d@group-2C1970D996C3:LeaderElection48] INFO  impl.RoleInfo (RoleInfo.java:updateAndGet(143)) - 1a636c31-9e4c-40ea-b031-c5f26b29f43d: start LeaderState
2019-09-23 17:09:50,815 [7174c195-fa06-433a-9f95-8297e7790ec0@group-8CC87C32B194:LeaderElection49] INFO  segmented.SegmentedRaftLogWorker (SegmentedRaftLogWorker.java:startLogSegment(380)) - 7174c195-fa06-433a-9f95-8297e7790ec0@group-8CC87C32B194-SegmentedRaftLogWorker: Starting segment from index:0
2019-09-23 17:09:50,815 [704969b7-e05b-4489-a061-6a80d49ca5c9@group-6BA0B7BE5A3F:LeaderElection50] INFO  impl.RaftServerImpl (ServerState.java:setRaftConf(354)) - 704969b7-e05b-4489-a061-6a80d49ca5c9@group-6BA0B7BE5A3F: set configuration 0: [704969b7-e05b-4489-a061-6a80d49ca5c9:192.168.34.14:42228], old=null at 0
2019-09-23 17:09:50,815 [1a636c31-9e4c-40ea-b031-c5f26b29f43d@group-2C1970D996C3:LeaderElection48] INFO  segmented.SegmentedRaftLogWorker (SegmentedRaftLogWorker.java:startLogSegment(380)) - 1a636c31-9e4c-40ea-b031-c5f26b29f43d@group-2C1970D996C3-SegmentedRaftLogWorker: Starting segment from index:0
2019-09-23 17:09:50,853 [7174c195-fa06-433a-9f95-8297e7790ec0@group-8CC87C32B194:LeaderElection49] INFO  impl.RaftServerImpl (ServerState.java:setRaftConf(354)) - 7174c195-fa06-433a-9f95-8297e7790ec0@group-8CC87C32B194: set configuration 0: [7174c195-fa06-433a-9f95-8297e7790ec0:192.168.34.14:34584], old=null at 0
2019-09-23 17:09:50,880 [1a636c31-9e4c-40ea-b031-c5f26b29f43d@group-2C1970D996C3:LeaderElection48] INFO  impl.RaftServerImpl (ServerState.java:setRaftConf(354)) - 1a636c31-9e4c-40ea-b031-c5f26b29f43d@group-2C1970D996C3: set configuration 0: [1a636c31-9e4c-40ea-b031-c5f26b29f43d:192.168.34.14:34670], old=null at 0
2019-09-23 17:09:51,576 [b1d44a52-c719-474f-ae16-db1c62c8cc5b@group-680A401CA4F5-SegmentedRaftLogWorker] INFO  segmented.SegmentedRaftLogWorker (SegmentedRaftLogWorker.java:execute(569)) - b1d44a52-c719-474f-ae16-db1c62c8cc5b@group-680A401CA4F5-SegmentedRaftLogWorker: created new log segment /workdir/hadoop-ozone/integration-test/target/test-dir/MiniOzoneClusterImpl-2b1d7ee0-b4da-4ba1-8f31-c7ec960d02b8/datanode-0/data/ratis/df96b026-0f02-4c0a-aff1-680a401ca4f5/current/log_inprogress_0
2019-09-23 17:09:51,576 [987c2d54-3d4d-4fd8-bf6b-8ec028765572@group-57AB19A04922-SegmentedRaftLogWorker] INFO  segmented.SegmentedRaftLogWorker (SegmentedRaftLogWorker.java:execute(569)) - 987c2d54-3d4d-4fd8-bf6b-8ec028765572@group-57AB19A04922-SegmentedRaftLogWorker: created new log segment /workdir/hadoop-ozone/integration-test/target/test-dir/MiniOzoneClusterImpl-2b1d7ee0-b4da-4ba1-8f31-c7ec960d02b8/datanode-1/data/ratis/7b678de0-626d-49ea-9da6-57ab19a04922/current/log_inprogress_0
2019-09-23 17:09:52,470 [914de4c2-3aa0-4a5c-a0d8-c5ac91929eac@group-A1BF9E23216A:LeaderElection55] INFO  impl.LeaderElection (LeaderElection.java:askForVotes(182)) - 914de4c2-3aa0-4a5c-a0d8-c5ac91929eac@group-A1BF9E23216A:LeaderElection55: begin an election at term 1 for -1: [b1d44a52-c719-474f-ae16-db1c62c8cc5b:192.168.34.14:35615, 914de4c2-3aa0-4a5c-a0d8-c5ac91929eac:192.168.34.14:43607, 704969b7-e05b-4489-a061-6a80d49ca5c9:192.168.34.14:42228], old=null
2019-09-23 17:09:52,470 [d4f13609-9c87-4605-b47e-334719966a4f@group-C04B1D84C70C:LeaderElection52] INFO  impl.LeaderElection (LeaderElection.java:askForVotes(182)) - d4f13609-9c87-4605-b47e-334719966a4f@group-C04B1D84C70C:LeaderElection52: begin an election at term 1 for -1: [d4f13609-9c87-4605-b47e-334719966a4f:192.168.34.14:35556], old=null
2019-09-23 17:09:52,470 [7174c195-fa06-433a-9f95-8297e7790ec0@group-08EE2DEA27CA:LeaderElection54] INFO  impl.LeaderElection (LeaderElection.java:askForVotes(182)) - 7174c195-fa06-433a-9f95-8297e7790ec0@group-08EE2DEA27CA:LeaderElection54: begin an election at term 1 for -1: [7174c195-fa06-433a-9f95-8297e7790ec0:192.168.34.14:34584, 987c2d54-3d4d-4fd8-bf6b-8ec028765572:192.168.34.14:33974, 1a636c31-9e4c-40ea-b031-c5f26b29f43d:192.168.34.14:34670], old=null
2019-09-23 17:09:52,470 [b1d44a52-c719-474f-ae16-db1c62c8cc5b@group-A1BF9E23216A:LeaderElection58] INFO  impl.LeaderElection (LeaderElection.java:askForVotes(182)) - b1d44a52-c719-474f-ae16-db1c62c8cc5b@group-A1BF9E23216A:LeaderElection58: begin an election at term 1 for -1: [b1d44a52-c719-474f-ae16-db1c62c8cc5b:192.168.34.14:35615, 914de4c2-3aa0-4a5c-a0d8-c5ac91929eac:192.168.34.14:43607, 704969b7-e05b-4489-a061-6a80d49ca5c9:192.168.34.14:42228], old=null
2019-09-23 17:09:52,470 [987c2d54-3d4d-4fd8-bf6b-8ec028765572@group-08EE2DEA27CA:LeaderElection53] INFO  impl.LeaderElection (LeaderElection.java:askForVotes(182)) - 987c2d54-3d4d-4fd8-bf6b-8ec028765572@group-08EE2DEA27CA:LeaderElection53: begin an election at term 1 for -1: [7174c195-fa06-433a-9f95-8297e7790ec0:192.168.34.14:34584, 987c2d54-3d4d-4fd8-bf6b-8ec028765572:192.168.34.14:33974, 1a636c31-9e4c-40ea-b031-c5f26b29f43d:192.168.34.14:34670], old=null
2019-09-23 17:09:52,470 [1a636c31-9e4c-40ea-b031-c5f26b29f43d@group-08EE2DEA27CA:LeaderElection56] INFO  impl.LeaderElection (LeaderElection.java:askForVotes(182)) - 1a636c31-9e4c-40ea-b031-c5f26b29f43d@group-08EE2DEA27CA:LeaderElection56: begin an election at term 1 for -1: [7174c195-fa06-433a-9f95-8297e7790ec0:192.168.34.14:34584, 987c2d54-3d4d-4fd8-bf6b-8ec028765572:192.168.34.14:33974, 1a636c31-9e4c-40ea-b031-c5f26b29f43d:192.168.34.14:34670], old=null
2019-09-23 17:09:52,470 [914de4c2-3aa0-4a5c-a0d8-c5ac91929eac@group-68D095D90BD3:LeaderElection51] INFO  impl.LeaderElection (LeaderElection.java:askForVotes(182)) - 914de4c2-3aa0-4a5c-a0d8-c5ac91929eac@group-68D095D90BD3:LeaderElection51: begin an election at term 1 for -1: [914de4c2-3aa0-4a5c-a0d8-c5ac91929eac:192.168.34.14:43607], old=null
2019-09-23 17:09:52,470 [704969b7-e05b-4489-a061-6a80d49ca5c9@group-A1BF9E23216A:LeaderElection57] INFO  impl.LeaderElection (LeaderElection.java:askForVotes(182)) - 704969b7-e05b-4489-a061-6a80d49ca5c9@group-A1BF9E23216A:LeaderElection57: begin an election at term 1 for -1: [b1d44a52-c719-474f-ae16-db1c62c8cc5b:192.168.34.14:35615, 914de4c2-3aa0-4a5c-a0d8-c5ac91929eac:192.168.34.14:43607, 704969b7-e05b-4489-a061-6a80d49ca5c9:192.168.34.14:42228], old=null
2019-09-23 17:09:52,472 [914de4c2-3aa0-4a5c-a0d8-c5ac91929eac@group-68D095D90BD3:LeaderElection51] INFO  impl.RoleInfo (RoleInfo.java:shutdownLeaderElection(134)) - 914de4c2-3aa0-4a5c-a0d8-c5ac91929eac: shutdown LeaderElection
2019-09-23 17:09:52,471 [d4f13609-9c87-4605-b47e-334719966a4f@group-C04B1D84C70C:LeaderElection52] INFO  impl.RoleInfo (RoleInfo.java:shutdownLeaderElection(134)) - d4f13609-9c87-4605-b47e-334719966a4f: shutdown LeaderElection
2019-09-23 17:09:52,472 [914de4c2-3aa0-4a5c-a0d8-c5ac91929eac@group-68D095D90BD3:LeaderElection51] INFO  impl.RaftServerImpl (RaftServerImpl.java:setRole(174)) - 914de4c2-3aa0-4a5c-a0d8-c5ac91929eac@group-68D095D90BD3: changes role from CANDIDATE to LEADER at term 1 for changeToLeader
2019-09-23 17:09:52,473 [d4f13609-9c87-4605-b47e-334719966a4f@group-C04B1D84C70C:LeaderElection52] INFO  impl.RaftServerImpl (RaftServerImpl.java:setRole(174)) - d4f13609-9c87-4605-b47e-334719966a4f@group-C04B1D84C70C: changes role from CANDIDATE to LEADER at term 1 for changeToLeader
2019-09-23 17:09:52,473 [914de4c2-3aa0-4a5c-a0d8-c5ac91929eac@group-68D095D90BD3:LeaderElection51] INFO  impl.RaftServerImpl (ServerState.java:setLeader(253)) - 914de4c2-3aa0-4a5c-a0d8-c5ac91929eac@group-68D095D90BD3: change Leader from null to 914de4c2-3aa0-4a5c-a0d8-c5ac91929eac at term 1 for becomeLeader, leader elected after 8579ms
2019-09-23 17:09:52,473 [d4f13609-9c87-4605-b47e-334719966a4f@group-C04B1D84C70C:LeaderElection52] INFO  impl.RaftServerImpl (ServerState.java:setLeader(253)) - d4f13609-9c87-4605-b47e-334719966a4f@group-C04B1D84C70C: change Leader from null to d4f13609-9c87-4605-b47e-334719966a4f at term 1 for becomeLeader, leader elected after 8439ms
2019-09-23 17:09:52,484 [d4f13609-9c87-4605-b47e-334719966a4f@group-C04B1D84C70C:LeaderElection52] INFO  server.RaftServerConfigKeys (ConfUtils.java:logGet(43)) - raft.server.staging.catchup.gap = 1000 (default)
2019-09-23 17:09:52,484 [914de4c2-3aa0-4a5c-a0d8-c5ac91929eac@group-68D095D90BD3:LeaderElection51] INFO  server.RaftServerConfigKeys (ConfUtils.java:logGet(43)) - raft.server.staging.catchup.gap = 1000 (default)
2019-09-23 17:09:52,484 [d4f13609-9c87-4605-b47e-334719966a4f@group-C04B1D84C70C:LeaderElection52] INFO  server.RaftServerConfigKeys (ConfUtils.java:logGet(43)) - raft.server.rpc.sleep.time = 25ms (default)
2019-09-23 17:09:52,485 [914de4c2-3aa0-4a5c-a0d8-c5ac91929eac@group-68D095D90BD3:LeaderElection51] INFO  server.RaftServerConfigKeys (ConfUtils.java:logGet(43)) - raft.server.rpc.sleep.time = 25ms (default)
2019-09-23 17:09:52,485 [d4f13609-9c87-4605-b47e-334719966a4f@group-C04B1D84C70C:LeaderElection52] INFO  server.RaftServerConfigKeys (ConfUtils.java:logGet(43)) - raft.server.write.element-limit = 4096 (default)
2019-09-23 17:09:52,485 [914de4c2-3aa0-4a5c-a0d8-c5ac91929eac@group-68D095D90BD3:LeaderElection51] INFO  server.RaftServerConfigKeys (ConfUtils.java:logGet(43)) - raft.server.write.element-limit = 4096 (default)
2019-09-23 17:09:52,485 [d4f13609-9c87-4605-b47e-334719966a4f@group-C04B1D84C70C:LeaderElection52] INFO  server.RaftServerConfigKeys (ConfUtils.java:logGet(43)) - raft.server.watch.timeout = 10s (default)
2019-09-23 17:09:52,486 [914de4c2-3aa0-4a5c-a0d8-c5ac91929eac@group-68D095D90BD3:LeaderElection51] INFO  server.RaftServerConfigKeys (ConfUtils.java:logGet(43)) - raft.server.watch.timeout = 10s (default)
2019-09-23 17:09:52,486 [d4f13609-9c87-4605-b47e-334719966a4f@group-C04B1D84C70C:LeaderElection52] INFO  server.RaftServerConfigKeys (ConfUtils.java:logGet(43)) - raft.server.watch.timeout.denomination = 1s (default)
2019-09-23 17:09:52,486 [914de4c2-3aa0-4a5c-a0d8-c5ac91929eac@group-68D095D90BD3:LeaderElection51] INFO  server.RaftServerConfigKeys (ConfUtils.java:logGet(43)) - raft.server.watch.timeout.denomination = 1s (default)
2019-09-23 17:09:52,486 [d4f13609-9c87-4605-b47e-334719966a4f@group-C04B1D84C70C:LeaderElection52] INFO  server.RaftServerConfigKeys (ConfUtils.java:logGet(43)) - raft.server.watch.element-limit = 65536 (default)
2019-09-23 17:09:52,486 [914de4c2-3aa0-4a5c-a0d8-c5ac91929eac@group-68D095D90BD3:LeaderElection51] INFO  server.RaftServerConfigKeys (ConfUtils.java:logGet(43)) - raft.server.watch.element-limit = 65536 (default)
2019-09-23 17:09:52,506 [914de4c2-3aa0-4a5c-a0d8-c5ac91929eac@group-68D095D90BD3:LeaderElection51] INFO  impl.RoleInfo (RoleInfo.java:updateAndGet(143)) - 914de4c2-3aa0-4a5c-a0d8-c5ac91929eac: start LeaderState
2019-09-23 17:09:52,509 [d4f13609-9c87-4605-b47e-334719966a4f@group-C04B1D84C70C:LeaderElection52] INFO  impl.RoleInfo (RoleInfo.java:updateAndGet(143)) - d4f13609-9c87-4605-b47e-334719966a4f: start LeaderState
2019-09-23 17:09:52,509 [914de4c2-3aa0-4a5c-a0d8-c5ac91929eac@group-68D095D90BD3:LeaderElection51] INFO  segmented.SegmentedRaftLogWorker (SegmentedRaftLogWorker.java:startLogSegment(380)) - 914de4c2-3aa0-4a5c-a0d8-c5ac91929eac@group-68D095D90BD3-SegmentedRaftLogWorker: Starting segment from index:0
2019-09-23 17:09:52,511 [d4f13609-9c87-4605-b47e-334719966a4f@group-C04B1D84C70C:LeaderElection52] INFO  segmented.SegmentedRaftLogWorker (SegmentedRaftLogWorker.java:startLogSegment(380)) - d4f13609-9c87-4605-b47e-334719966a4f@group-C04B1D84C70C-SegmentedRaftLogWorker: Starting segment from index:0
2019-09-23 17:09:52,514 [914de4c2-3aa0-4a5c-a0d8-c5ac91929eac@group-68D095D90BD3:LeaderElection51] INFO  impl.RaftServerImpl (ServerState.java:setRaftConf(354)) - 914de4c2-3aa0-4a5c-a0d8-c5ac91929eac@group-68D095D90BD3: set configuration 0: [914de4c2-3aa0-4a5c-a0d8-c5ac91929eac:192.168.34.14:43607], old=null at 0
2019-09-23 17:09:52,517 [d4f13609-9c87-4605-b47e-334719966a4f@group-C04B1D84C70C:LeaderElection52] INFO  impl.RaftServerImpl (ServerState.java:setRaftConf(354)) - d4f13609-9c87-4605-b47e-334719966a4f@group-C04B1D84C70C: set configuration 0: [d4f13609-9c87-4605-b47e-334719966a4f:192.168.34.14:35556], old=null at 0
2019-09-23 17:09:52,582 [704969b7-e05b-4489-a061-6a80d49ca5c9@group-A1BF9E23216A:LeaderElection57] INFO  impl.LeaderElection (LeaderElection.java:logAndReturn(56)) - 704969b7-e05b-4489-a061-6a80d49ca5c9@group-A1BF9E23216A:LeaderElection57: Election REJECTED; received 2 response(s) [704969b7-e05b-4489-a061-6a80d49ca5c9<-b1d44a52-c719-474f-ae16-db1c62c8cc5b#0:FAIL-t1, 704969b7-e05b-4489-a061-6a80d49ca5c9<-914de4c2-3aa0-4a5c-a0d8-c5ac91929eac#0:FAIL-t1] and 0 exception(s); 704969b7-e05b-4489-a061-6a80d49ca5c9@group-A1BF9E23216A:t1, leader=null, voted=704969b7-e05b-4489-a061-6a80d49ca5c9, raftlog=704969b7-e05b-4489-a061-6a80d49ca5c9@group-A1BF9E23216A-SegmentedRaftLog:OPENED:c-1,f-1,i0, conf=-1: [b1d44a52-c719-474f-ae16-db1c62c8cc5b:192.168.34.14:35615, 914de4c2-3aa0-4a5c-a0d8-c5ac91929eac:192.168.34.14:43607, 704969b7-e05b-4489-a061-6a80d49ca5c9:192.168.34.14:42228], old=null
2019-09-23 17:09:52,585 [704969b7-e05b-4489-a061-6a80d49ca5c9@group-A1BF9E23216A:LeaderElection57] INFO  impl.RaftServerImpl (RaftServerImpl.java:setRole(174)) - 704969b7-e05b-4489-a061-6a80d49ca5c9@group-A1BF9E23216A: changes role from CANDIDATE to FOLLOWER at term 1 for DISCOVERED_A_NEW_TERM
2019-09-23 17:09:52,585 [704969b7-e05b-4489-a061-6a80d49ca5c9@group-A1BF9E23216A:LeaderElection57] INFO  impl.RoleInfo (RoleInfo.java:shutdownLeaderElection(134)) - 704969b7-e05b-4489-a061-6a80d49ca5c9: shutdown LeaderElection
2019-09-23 17:09:52,585 [b1d44a52-c719-474f-ae16-db1c62c8cc5b@group-A1BF9E23216A:LeaderElection58] INFO  impl.LeaderElection (LeaderElection.java:logAndReturn(56)) - b1d44a52-c719-474f-ae16-db1c62c8cc5b@group-A1BF9E23216A:LeaderElection58: Election REJECTED; received 2 response(s) [b1d44a52-c719-474f-ae16-db1c62c8cc5b<-914de4c2-3aa0-4a5c-a0d8-c5ac91929eac#0:FAIL-t1, b1d44a52-c719-474f-ae16-db1c62c8cc5b<-704969b7-e05b-4489-a061-6a80d49ca5c9#0:FAIL-t1] and 0 exception(s); b1d44a52-c719-474f-ae16-db1c62c8cc5b@group-A1BF9E23216A:t1, leader=null, voted=b1d44a52-c719-474f-ae16-db1c62c8cc5b, raftlog=b1d44a52-c719-474f-ae16-db1c62c8cc5b@group-A1BF9E23216A-SegmentedRaftLog:OPENED:c-1,f-1,i0, conf=-1: [b1d44a52-c719-474f-ae16-db1c62c8cc5b:192.168.34.14:35615, 914de4c2-3aa0-4a5c-a0d8-c5ac91929eac:192.168.34.14:43607, 704969b7-e05b-4489-a061-6a80d49ca5c9:192.168.34.14:42228], old=null
2019-09-23 17:09:52,585 [987c2d54-3d4d-4fd8-bf6b-8ec028765572@group-08EE2DEA27CA:LeaderElection53] INFO  impl.LeaderElection (LeaderElection.java:logAndReturn(56)) - 987c2d54-3d4d-4fd8-bf6b-8ec028765572@group-08EE2DEA27CA:LeaderElection53: Election REJECTED; received 2 response(s) [987c2d54-3d4d-4fd8-bf6b-8ec028765572<-7174c195-fa06-433a-9f95-8297e7790ec0#0:FAIL-t1, 987c2d54-3d4d-4fd8-bf6b-8ec028765572<-1a636c31-9e4c-40ea-b031-c5f26b29f43d#0:FAIL-t1] and 0 exception(s); 987c2d54-3d4d-4fd8-bf6b-8ec028765572@group-08EE2DEA27CA:t1, leader=null, voted=987c2d54-3d4d-4fd8-bf6b-8ec028765572, raftlog=987c2d54-3d4d-4fd8-bf6b-8ec028765572@group-08EE2DEA27CA-SegmentedRaftLog:OPENED:c-1,f-1,i0, conf=-1: [7174c195-fa06-433a-9f95-8297e7790ec0:192.168.34.14:34584, 987c2d54-3d4d-4fd8-bf6b-8ec028765572:192.168.34.14:33974, 1a636c31-9e4c-40ea-b031-c5f26b29f43d:192.168.34.14:34670], old=null
2019-09-23 17:09:52,585 [704969b7-e05b-4489-a061-6a80d49ca5c9@group-A1BF9E23216A:LeaderElection57] INFO  impl.RoleInfo (RoleInfo.java:updateAndGet(143)) - 704969b7-e05b-4489-a061-6a80d49ca5c9: start FollowerState
2019-09-23 17:09:52,585 [987c2d54-3d4d-4fd8-bf6b-8ec028765572@group-08EE2DEA27CA:LeaderElection53] INFO  impl.RaftServerImpl (RaftServerImpl.java:setRole(174)) - 987c2d54-3d4d-4fd8-bf6b-8ec028765572@group-08EE2DEA27CA: changes role from CANDIDATE to FOLLOWER at term 1 for DISCOVERED_A_NEW_TERM
2019-09-23 17:09:52,585 [b1d44a52-c719-474f-ae16-db1c62c8cc5b@group-A1BF9E23216A:LeaderElection58] INFO  impl.RaftServerImpl (RaftServerImpl.java:setRole(174)) - b1d44a52-c719-474f-ae16-db1c62c8cc5b@group-A1BF9E23216A: changes role from CANDIDATE to FOLLOWER at term 1 for DISCOVERED_A_NEW_TERM
2019-09-23 17:09:52,586 [987c2d54-3d4d-4fd8-bf6b-8ec028765572@group-08EE2DEA27CA:LeaderElection53] INFO  impl.RoleInfo (RoleInfo.java:shutdownLeaderElection(134)) - 987c2d54-3d4d-4fd8-bf6b-8ec028765572: shutdown LeaderElection
2019-09-23 17:09:52,586 [b1d44a52-c719-474f-ae16-db1c62c8cc5b@group-A1BF9E23216A:LeaderElection58] INFO  impl.RoleInfo (RoleInfo.java:shutdownLeaderElection(134)) - b1d44a52-c719-474f-ae16-db1c62c8cc5b: shutdown LeaderElection
2019-09-23 17:09:52,589 [987c2d54-3d4d-4fd8-bf6b-8ec028765572@group-08EE2DEA27CA:LeaderElection53] INFO  impl.RoleInfo (RoleInfo.java:updateAndGet(143)) - 987c2d54-3d4d-4fd8-bf6b-8ec028765572: start FollowerState
2019-09-23 17:09:52,590 [b1d44a52-c719-474f-ae16-db1c62c8cc5b@group-A1BF9E23216A:LeaderElection58] INFO  impl.RoleInfo (RoleInfo.java:updateAndGet(143)) - b1d44a52-c719-474f-ae16-db1c62c8cc5b: start FollowerState
2019-09-23 17:09:52,593 [914de4c2-3aa0-4a5c-a0d8-c5ac91929eac@group-A1BF9E23216A:LeaderElection55] INFO  impl.LeaderElection (LeaderElection.java:logAndReturn(56)) - 914de4c2-3aa0-4a5c-a0d8-c5ac91929eac@group-A1BF9E23216A:LeaderElection55: Election REJECTED; received 2 response(s) [914de4c2-3aa0-4a5c-a0d8-c5ac91929eac<-b1d44a52-c719-474f-ae16-db1c62c8cc5b#0:FAIL-t1, 914de4c2-3aa0-4a5c-a0d8-c5ac91929eac<-704969b7-e05b-4489-a061-6a80d49ca5c9#0:FAIL-t1] and 0 exception(s); 914de4c2-3aa0-4a5c-a0d8-c5ac91929eac@group-A1BF9E23216A:t1, leader=null, voted=914de4c2-3aa0-4a5c-a0d8-c5ac91929eac, raftlog=914de4c2-3aa0-4a5c-a0d8-c5ac91929eac@group-A1BF9E23216A-SegmentedRaftLog:OPENED:c-1,f-1,i0, conf=-1: [b1d44a52-c719-474f-ae16-db1c62c8cc5b:192.168.34.14:35615, 914de4c2-3aa0-4a5c-a0d8-c5ac91929eac:192.168.34.14:43607, 704969b7-e05b-4489-a061-6a80d49ca5c9:192.168.34.14:42228], old=null
2019-09-23 17:09:52,593 [914de4c2-3aa0-4a5c-a0d8-c5ac91929eac@group-A1BF9E23216A:LeaderElection55] INFO  impl.RaftServerImpl (RaftServerImpl.java:setRole(174)) - 914de4c2-3aa0-4a5c-a0d8-c5ac91929eac@group-A1BF9E23216A: changes role from CANDIDATE to FOLLOWER at term 1 for DISCOVERED_A_NEW_TERM
2019-09-23 17:09:52,593 [914de4c2-3aa0-4a5c-a0d8-c5ac91929eac@group-A1BF9E23216A:LeaderElection55] INFO  impl.RoleInfo (RoleInfo.java:shutdownLeaderElection(134)) - 914de4c2-3aa0-4a5c-a0d8-c5ac91929eac: shutdown LeaderElection
2019-09-23 17:09:52,595 [914de4c2-3aa0-4a5c-a0d8-c5ac91929eac@group-A1BF9E23216A:LeaderElection55] INFO  impl.RoleInfo (RoleInfo.java:updateAndGet(143)) - 914de4c2-3aa0-4a5c-a0d8-c5ac91929eac: start FollowerState
2019-09-23 17:09:52,598 [7174c195-fa06-433a-9f95-8297e7790ec0@group-08EE2DEA27CA:LeaderElection54] INFO  impl.LeaderElection (LeaderElection.java:logAndReturn(56)) - 7174c195-fa06-433a-9f95-8297e7790ec0@group-08EE2DEA27CA:LeaderElection54: Election REJECTED; received 2 response(s) [7174c195-fa06-433a-9f95-8297e7790ec0<-987c2d54-3d4d-4fd8-bf6b-8ec028765572#0:FAIL-t1, 7174c195-fa06-433a-9f95-8297e7790ec0<-1a636c31-9e4c-40ea-b031-c5f26b29f43d#0:FAIL-t1] and 0 exception(s); 7174c195-fa06-433a-9f95-8297e7790ec0@group-08EE2DEA27CA:t1, leader=null, voted=7174c195-fa06-433a-9f95-8297e7790ec0, raftlog=7174c195-fa06-433a-9f95-8297e7790ec0@group-08EE2DEA27CA-SegmentedRaftLog:OPENED:c-1,f-1,i0, conf=-1: [7174c195-fa06-433a-9f95-8297e7790ec0:192.168.34.14:34584, 987c2d54-3d4d-4fd8-bf6b-8ec028765572:192.168.34.14:33974, 1a636c31-9e4c-40ea-b031-c5f26b29f43d:192.168.34.14:34670], old=null
2019-09-23 17:09:52,598 [7174c195-fa06-433a-9f95-8297e7790ec0@group-08EE2DEA27CA:LeaderElection54] INFO  impl.RaftServerImpl (RaftServerImpl.java:setRole(174)) - 7174c195-fa06-433a-9f95-8297e7790ec0@group-08EE2DEA27CA: changes role from CANDIDATE to FOLLOWER at term 1 for DISCOVERED_A_NEW_TERM
2019-09-23 17:09:52,600 [7174c195-fa06-433a-9f95-8297e7790ec0@group-08EE2DEA27CA:LeaderElection54] INFO  impl.RoleInfo (RoleInfo.java:shutdownLeaderElection(134)) - 7174c195-fa06-433a-9f95-8297e7790ec0: shutdown LeaderElection
2019-09-23 17:09:52,601 [7174c195-fa06-433a-9f95-8297e7790ec0@group-08EE2DEA27CA:LeaderElection54] INFO  impl.RoleInfo (RoleInfo.java:updateAndGet(143)) - 7174c195-fa06-433a-9f95-8297e7790ec0: start FollowerState
2019-09-23 17:09:52,601 [1a636c31-9e4c-40ea-b031-c5f26b29f43d@group-08EE2DEA27CA:LeaderElection56] INFO  impl.LeaderElection (LeaderElection.java:logAndReturn(56)) - 1a636c31-9e4c-40ea-b031-c5f26b29f43d@group-08EE2DEA27CA:LeaderElection56: Election REJECTED; received 2 response(s) [1a636c31-9e4c-40ea-b031-c5f26b29f43d<-7174c195-fa06-433a-9f95-8297e7790ec0#0:FAIL-t1, 1a636c31-9e4c-40ea-b031-c5f26b29f43d<-987c2d54-3d4d-4fd8-bf6b-8ec028765572#0:FAIL-t1] and 0 exception(s); 1a636c31-9e4c-40ea-b031-c5f26b29f43d@group-08EE2DEA27CA:t1, leader=null, voted=1a636c31-9e4c-40ea-b031-c5f26b29f43d, raftlog=1a636c31-9e4c-40ea-b031-c5f26b29f43d@group-08EE2DEA27CA-SegmentedRaftLog:OPENED:c-1,f-1,i0, conf=-1: [7174c195-fa06-433a-9f95-8297e7790ec0:192.168.34.14:34584, 987c2d54-3d4d-4fd8-bf6b-8ec028765572:192.168.34.14:33974, 1a636c31-9e4c-40ea-b031-c5f26b29f43d:192.168.34.14:34670], old=null
2019-09-23 17:09:52,601 [1a636c31-9e4c-40ea-b031-c5f26b29f43d@group-08EE2DEA27CA:LeaderElection56] INFO  impl.RaftServerImpl (RaftServerImpl.java:setRole(174)) - 1a636c31-9e4c-40ea-b031-c5f26b29f43d@group-08EE2DEA27CA: changes role from CANDIDATE to FOLLOWER at term 1 for DISCOVERED_A_NEW_TERM
2019-09-23 17:09:52,601 [1a636c31-9e4c-40ea-b031-c5f26b29f43d@group-08EE2DEA27CA:LeaderElection56] INFO  impl.RoleInfo (RoleInfo.java:shutdownLeaderElection(134)) - 1a636c31-9e4c-40ea-b031-c5f26b29f43d: shutdown LeaderElection
2019-09-23 17:09:52,601 [1a636c31-9e4c-40ea-b031-c5f26b29f43d@group-08EE2DEA27CA:LeaderElection56] INFO  impl.RoleInfo (RoleInfo.java:updateAndGet(143)) - 1a636c31-9e4c-40ea-b031-c5f26b29f43d: start FollowerState
2019-09-23 17:09:53,163 [1a636c31-9e4c-40ea-b031-c5f26b29f43d@group-2C1970D996C3-SegmentedRaftLogWorker] INFO  segmented.SegmentedRaftLogWorker (SegmentedRaftLogWorker.java:execute(569)) - 1a636c31-9e4c-40ea-b031-c5f26b29f43d@group-2C1970D996C3-SegmentedRaftLogWorker: created new log segment /workdir/hadoop-ozone/integration-test/target/test-dir/MiniOzoneClusterImpl-2b1d7ee0-b4da-4ba1-8f31-c7ec960d02b8/datanode-5/data/ratis/ea0c740c-ba20-4583-b23b-2c1970d996c3/current/log_inprogress_0
2019-09-23 17:09:53,163 [704969b7-e05b-4489-a061-6a80d49ca5c9@group-6BA0B7BE5A3F-SegmentedRaftLogWorker] INFO  segmented.SegmentedRaftLogWorker (SegmentedRaftLogWorker.java:execute(569)) - 704969b7-e05b-4489-a061-6a80d49ca5c9@group-6BA0B7BE5A3F-SegmentedRaftLogWorker: created new log segment /workdir/hadoop-ozone/integration-test/target/test-dir/MiniOzoneClusterImpl-2b1d7ee0-b4da-4ba1-8f31-c7ec960d02b8/datanode-4/data/ratis/cdbec5a4-85f8-4f80-9488-6ba0b7be5a3f/current/log_inprogress_0
2019-09-23 17:09:53,163 [7174c195-fa06-433a-9f95-8297e7790ec0@group-8CC87C32B194-SegmentedRaftLogWorker] INFO  segmented.SegmentedRaftLogWorker (SegmentedRaftLogWorker.java:execute(569)) - 7174c195-fa06-433a-9f95-8297e7790ec0@group-8CC87C32B194-SegmentedRaftLogWorker: created new log segment /workdir/hadoop-ozone/integration-test/target/test-dir/MiniOzoneClusterImpl-2b1d7ee0-b4da-4ba1-8f31-c7ec960d02b8/datanode-6/data/ratis/aa043569-0fa2-4a3e-b0c3-8cc87c32b194/current/log_inprogress_0
2019-09-23 17:09:53,166 [d4f13609-9c87-4605-b47e-334719966a4f@group-C04B1D84C70C-SegmentedRaftLogWorker] INFO  segmented.SegmentedRaftLogWorker (SegmentedRaftLogWorker.java:execute(569)) - d4f13609-9c87-4605-b47e-334719966a4f@group-C04B1D84C70C-SegmentedRaftLogWorker: created new log segment /workdir/hadoop-ozone/integration-test/target/test-dir/MiniOzoneClusterImpl-2b1d7ee0-b4da-4ba1-8f31-c7ec960d02b8/datanode-2/data/ratis/0752304f-6bfe-461b-9a19-c04b1d84c70c/current/log_inprogress_0
2019-09-23 17:09:53,166 [914de4c2-3aa0-4a5c-a0d8-c5ac91929eac@group-68D095D90BD3-SegmentedRaftLogWorker] INFO  segmented.SegmentedRaftLogWorker (SegmentedRaftLogWorker.java:execute(569)) - 914de4c2-3aa0-4a5c-a0d8-c5ac91929eac@group-68D095D90BD3-SegmentedRaftLogWorker: created new log segment /workdir/hadoop-ozone/integration-test/target/test-dir/MiniOzoneClusterImpl-2b1d7ee0-b4da-4ba1-8f31-c7ec960d02b8/datanode-3/data/ratis/3d7de559-e8c8-40f5-b5d4-68d095d90bd3/current/log_inprogress_0
2019-09-23 17:09:57,621 [Thread-1119] INFO  impl.FollowerState (FollowerState.java:run(106)) - 987c2d54-3d4d-4fd8-bf6b-8ec028765572:group-08EE2DEA27CA changes to CANDIDATE, lastRpcTime:5030, electionTimeout:5030ms
2019-09-23 17:09:57,623 [Thread-1119] INFO  impl.RoleInfo (RoleInfo.java:shutdownFollowerState(121)) - 987c2d54-3d4d-4fd8-bf6b-8ec028765572: shutdown FollowerState
2019-09-23 17:09:57,624 [Thread-1119] INFO  impl.RaftServerImpl (RaftServerImpl.java:setRole(174)) - 987c2d54-3d4d-4fd8-bf6b-8ec028765572@group-08EE2DEA27CA: changes role from  FOLLOWER to CANDIDATE at term 1 for changeToCandidate
2019-09-23 17:09:57,624 [Thread-1119] INFO  impl.RoleInfo (RoleInfo.java:updateAndGet(143)) - 987c2d54-3d4d-4fd8-bf6b-8ec028765572: start LeaderElection
2019-09-23 17:09:57,627 [Thread-1122] INFO  impl.FollowerState (FollowerState.java:run(106)) - 7174c195-fa06-433a-9f95-8297e7790ec0:group-08EE2DEA27CA changes to CANDIDATE, lastRpcTime:5026, electionTimeout:5026ms
2019-09-23 17:09:57,628 [Thread-1122] INFO  impl.RoleInfo (RoleInfo.java:shutdownFollowerState(121)) - 7174c195-fa06-433a-9f95-8297e7790ec0: shutdown FollowerState
2019-09-23 17:09:57,628 [Thread-1122] INFO  impl.RaftServerImpl (RaftServerImpl.java:setRole(174)) - 7174c195-fa06-433a-9f95-8297e7790ec0@group-08EE2DEA27CA: changes role from  FOLLOWER to CANDIDATE at term 1 for changeToCandidate
2019-09-23 17:09:57,628 [Thread-1122] INFO  impl.RoleInfo (RoleInfo.java:updateAndGet(143)) - 7174c195-fa06-433a-9f95-8297e7790ec0: start LeaderElection
2019-09-23 17:09:57,629 [Thread-1123] INFO  impl.FollowerState (FollowerState.java:run(106)) - 1a636c31-9e4c-40ea-b031-c5f26b29f43d:group-08EE2DEA27CA changes to CANDIDATE, lastRpcTime:5027, electionTimeout:5027ms
2019-09-23 17:09:57,629 [Thread-1123] INFO  impl.RoleInfo (RoleInfo.java:shutdownFollowerState(121)) - 1a636c31-9e4c-40ea-b031-c5f26b29f43d: shutdown FollowerState
2019-09-23 17:09:57,629 [Thread-1123] INFO  impl.RaftServerImpl (RaftServerImpl.java:setRole(174)) - 1a636c31-9e4c-40ea-b031-c5f26b29f43d@group-08EE2DEA27CA: changes role from  FOLLOWER to CANDIDATE at term 1 for changeToCandidate
2019-09-23 17:09:57,629 [Thread-1123] INFO  impl.RoleInfo (RoleInfo.java:updateAndGet(143)) - 1a636c31-9e4c-40ea-b031-c5f26b29f43d: start LeaderElection
2019-09-23 17:09:57,707 [Thread-1121] INFO  impl.FollowerState (FollowerState.java:run(106)) - 914de4c2-3aa0-4a5c-a0d8-c5ac91929eac:group-A1BF9E23216A changes to CANDIDATE, lastRpcTime:5111, electionTimeout:5109ms
2019-09-23 17:09:57,708 [Thread-1121] INFO  impl.RoleInfo (RoleInfo.java:shutdownFollowerState(121)) - 914de4c2-3aa0-4a5c-a0d8-c5ac91929eac: shutdown FollowerState
2019-09-23 17:09:57,708 [Thread-1121] INFO  impl.RaftServerImpl (RaftServerImpl.java:setRole(174)) - 914de4c2-3aa0-4a5c-a0d8-c5ac91929eac@group-A1BF9E23216A: changes role from  FOLLOWER to CANDIDATE at term 1 for changeToCandidate
2019-09-23 17:09:57,708 [Thread-1121] INFO  impl.RoleInfo (RoleInfo.java:updateAndGet(143)) - 914de4c2-3aa0-4a5c-a0d8-c5ac91929eac: start LeaderElection
2019-09-23 17:09:57,724 [Thread-1120] INFO  impl.FollowerState (FollowerState.java:run(106)) - b1d44a52-c719-474f-ae16-db1c62c8cc5b:group-A1BF9E23216A changes to CANDIDATE, lastRpcTime:5134, electionTimeout:5131ms
2019-09-23 17:09:57,724 [Thread-1120] INFO  impl.RoleInfo (RoleInfo.java:shutdownFollowerState(121)) - b1d44a52-c719-474f-ae16-db1c62c8cc5b: shutdown FollowerState
2019-09-23 17:09:57,724 [Thread-1120] INFO  impl.RaftServerImpl (RaftServerImpl.java:setRole(174)) - b1d44a52-c719-474f-ae16-db1c62c8cc5b@group-A1BF9E23216A: changes role from  FOLLOWER to CANDIDATE at term 1 for changeToCandidate
2019-09-23 17:09:57,724 [Thread-1120] INFO  impl.RoleInfo (RoleInfo.java:updateAndGet(143)) - b1d44a52-c719-474f-ae16-db1c62c8cc5b: start LeaderElection
2019-09-23 17:09:57,742 [Thread-1118] INFO  impl.FollowerState (FollowerState.java:run(106)) - 704969b7-e05b-4489-a061-6a80d49ca5c9:group-A1BF9E23216A changes to CANDIDATE, lastRpcTime:5157, electionTimeout:5156ms
2019-09-23 17:09:57,742 [Thread-1118] INFO  impl.RoleInfo (RoleInfo.java:shutdownFollowerState(121)) - 704969b7-e05b-4489-a061-6a80d49ca5c9: shutdown FollowerState
2019-09-23 17:09:57,742 [Thread-1118] INFO  impl.RaftServerImpl (RaftServerImpl.java:setRole(174)) - 704969b7-e05b-4489-a061-6a80d49ca5c9@group-A1BF9E23216A: changes role from  FOLLOWER to CANDIDATE at term 1 for changeToCandidate
2019-09-23 17:09:57,743 [Thread-1118] INFO  impl.RoleInfo (RoleInfo.java:updateAndGet(143)) - 704969b7-e05b-4489-a061-6a80d49ca5c9: start LeaderElection
2019-09-23 17:09:58,620 [987c2d54-3d4d-4fd8-bf6b-8ec028765572@group-08EE2DEA27CA:LeaderElection59] INFO  impl.LeaderElection (LeaderElection.java:askForVotes(182)) - 987c2d54-3d4d-4fd8-bf6b-8ec028765572@group-08EE2DEA27CA:LeaderElection59: begin an election at term 2 for -1: [7174c195-fa06-433a-9f95-8297e7790ec0:192.168.34.14:34584, 987c2d54-3d4d-4fd8-bf6b-8ec028765572:192.168.34.14:33974, 1a636c31-9e4c-40ea-b031-c5f26b29f43d:192.168.34.14:34670], old=null
2019-09-23 17:09:58,620 [b1d44a52-c719-474f-ae16-db1c62c8cc5b@group-A1BF9E23216A:LeaderElection63] INFO  impl.LeaderElection (LeaderElection.java:askForVotes(182)) - b1d44a52-c719-474f-ae16-db1c62c8cc5b@group-A1BF9E23216A:LeaderElection63: begin an election at term 2 for -1: [b1d44a52-c719-474f-ae16-db1c62c8cc5b:192.168.34.14:35615, 914de4c2-3aa0-4a5c-a0d8-c5ac91929eac:192.168.34.14:43607, 704969b7-e05b-4489-a061-6a80d49ca5c9:192.168.34.14:42228], old=null
2019-09-23 17:09:58,620 [914de4c2-3aa0-4a5c-a0d8-c5ac91929eac@group-A1BF9E23216A:LeaderElection62] INFO  impl.LeaderElection (LeaderElection.java:askForVotes(182)) - 914de4c2-3aa0-4a5c-a0d8-c5ac91929eac@group-A1BF9E23216A:LeaderElection62: begin an election at term 2 for -1: [b1d44a52-c719-474f-ae16-db1c62c8cc5b:192.168.34.14:35615, 914de4c2-3aa0-4a5c-a0d8-c5ac91929eac:192.168.34.14:43607, 704969b7-e05b-4489-a061-6a80d49ca5c9:192.168.34.14:42228], old=null
2019-09-23 17:09:58,620 [704969b7-e05b-4489-a061-6a80d49ca5c9@group-A1BF9E23216A:LeaderElection64] INFO  impl.LeaderElection (LeaderElection.java:askForVotes(182)) - 704969b7-e05b-4489-a061-6a80d49ca5c9@group-A1BF9E23216A:LeaderElection64: begin an election at term 2 for -1: [b1d44a52-c719-474f-ae16-db1c62c8cc5b:192.168.34.14:35615, 914de4c2-3aa0-4a5c-a0d8-c5ac91929eac:192.168.34.14:43607, 704969b7-e05b-4489-a061-6a80d49ca5c9:192.168.34.14:42228], old=null
2019-09-23 17:09:58,620 [1a636c31-9e4c-40ea-b031-c5f26b29f43d@group-08EE2DEA27CA:LeaderElection61] INFO  impl.LeaderElection (LeaderElection.java:askForVotes(182)) - 1a636c31-9e4c-40ea-b031-c5f26b29f43d@group-08EE2DEA27CA:LeaderElection61: begin an election at term 2 for -1: [7174c195-fa06-433a-9f95-8297e7790ec0:192.168.34.14:34584, 987c2d54-3d4d-4fd8-bf6b-8ec028765572:192.168.34.14:33974, 1a636c31-9e4c-40ea-b031-c5f26b29f43d:192.168.34.14:34670], old=null
2019-09-23 17:09:58,620 [7174c195-fa06-433a-9f95-8297e7790ec0@group-08EE2DEA27CA:LeaderElection60] INFO  impl.LeaderElection (LeaderElection.java:askForVotes(182)) - 7174c195-fa06-433a-9f95-8297e7790ec0@group-08EE2DEA27CA:LeaderElection60: begin an election at term 2 for -1: [7174c195-fa06-433a-9f95-8297e7790ec0:192.168.34.14:34584, 987c2d54-3d4d-4fd8-bf6b-8ec028765572:192.168.34.14:33974, 1a636c31-9e4c-40ea-b031-c5f26b29f43d:192.168.34.14:34670], old=null
2019-09-23 17:09:58,631 [7174c195-fa06-433a-9f95-8297e7790ec0@group-08EE2DEA27CA:LeaderElection60] INFO  impl.LeaderElection (LeaderElection.java:logAndReturn(56)) - 7174c195-fa06-433a-9f95-8297e7790ec0@group-08EE2DEA27CA:LeaderElection60: Election REJECTED; received 2 response(s) [7174c195-fa06-433a-9f95-8297e7790ec0<-987c2d54-3d4d-4fd8-bf6b-8ec028765572#0:FAIL-t2, 7174c195-fa06-433a-9f95-8297e7790ec0<-1a636c31-9e4c-40ea-b031-c5f26b29f43d#0:FAIL-t2] and 0 exception(s); 7174c195-fa06-433a-9f95-8297e7790ec0@group-08EE2DEA27CA:t2, leader=null, voted=7174c195-fa06-433a-9f95-8297e7790ec0, raftlog=7174c195-fa06-433a-9f95-8297e7790ec0@group-08EE2DEA27CA-SegmentedRaftLog:OPENED:c-1,f-1,i0, conf=-1: [7174c195-fa06-433a-9f95-8297e7790ec0:192.168.34.14:34584, 987c2d54-3d4d-4fd8-bf6b-8ec028765572:192.168.34.14:33974, 1a636c31-9e4c-40ea-b031-c5f26b29f43d:192.168.34.14:34670], old=null
2019-09-23 17:09:58,631 [1a636c31-9e4c-40ea-b031-c5f26b29f43d@group-08EE2DEA27CA:LeaderElection61] INFO  impl.LeaderElection (LeaderElection.java:logAndReturn(56)) - 1a636c31-9e4c-40ea-b031-c5f26b29f43d@group-08EE2DEA27CA:LeaderElection61: Election REJECTED; received 2 response(s) [1a636c31-9e4c-40ea-b031-c5f26b29f43d<-7174c195-fa06-433a-9f95-8297e7790ec0#0:FAIL-t2, 1a636c31-9e4c-40ea-b031-c5f26b29f43d<-987c2d54-3d4d-4fd8-bf6b-8ec028765572#0:FAIL-t2] and 0 exception(s); 1a636c31-9e4c-40ea-b031-c5f26b29f43d@group-08EE2DEA27CA:t2, leader=null, voted=1a636c31-9e4c-40ea-b031-c5f26b29f43d, raftlog=1a636c31-9e4c-40ea-b031-c5f26b29f43d@group-08EE2DEA27CA-SegmentedRaftLog:OPENED:c-1,f-1,i0, conf=-1: [7174c195-fa06-433a-9f95-8297e7790ec0:192.168.34.14:34584, 987c2d54-3d4d-4fd8-bf6b-8ec028765572:192.168.34.14:33974, 1a636c31-9e4c-40ea-b031-c5f26b29f43d:192.168.34.14:34670], old=null
2019-09-23 17:09:58,631 [7174c195-fa06-433a-9f95-8297e7790ec0@group-08EE2DEA27CA:LeaderElection60] INFO  impl.RaftServerImpl (RaftServerImpl.java:setRole(174)) - 7174c195-fa06-433a-9f95-8297e7790ec0@group-08EE2DEA27CA: changes role from CANDIDATE to FOLLOWER at term 2 for DISCOVERED_A_NEW_TERM
2019-09-23 17:09:58,631 [1a636c31-9e4c-40ea-b031-c5f26b29f43d@group-08EE2DEA27CA:LeaderElection61] INFO  impl.RaftServerImpl (RaftServerImpl.java:setRole(174)) - 1a636c31-9e4c-40ea-b031-c5f26b29f43d@group-08EE2DEA27CA: changes role from CANDIDATE to FOLLOWER at term 2 for DISCOVERED_A_NEW_TERM
2019-09-23 17:09:58,632 [987c2d54-3d4d-4fd8-bf6b-8ec028765572@group-08EE2DEA27CA:LeaderElection59] INFO  impl.LeaderElection (LeaderElection.java:logAndReturn(56)) - 987c2d54-3d4d-4fd8-bf6b-8ec028765572@group-08EE2DEA27CA:LeaderElection59: Election REJECTED; received 2 response(s) [987c2d54-3d4d-4fd8-bf6b-8ec028765572<-7174c195-fa06-433a-9f95-8297e7790ec0#0:FAIL-t2, 987c2d54-3d4d-4fd8-bf6b-8ec028765572<-1a636c31-9e4c-40ea-b031-c5f26b29f43d#0:FAIL-t2] and 0 exception(s); 987c2d54-3d4d-4fd8-bf6b-8ec028765572@group-08EE2DEA27CA:t2, leader=null, voted=987c2d54-3d4d-4fd8-bf6b-8ec028765572, raftlog=987c2d54-3d4d-4fd8-bf6b-8ec028765572@group-08EE2DEA27CA-SegmentedRaftLog:OPENED:c-1,f-1,i0, conf=-1: [7174c195-fa06-433a-9f95-8297e7790ec0:192.168.34.14:34584, 987c2d54-3d4d-4fd8-bf6b-8ec028765572:192.168.34.14:33974, 1a636c31-9e4c-40ea-b031-c5f26b29f43d:192.168.34.14:34670], old=null
2019-09-23 17:09:58,632 [7174c195-fa06-433a-9f95-8297e7790ec0@group-08EE2DEA27CA:LeaderElection60] INFO  impl.RoleInfo (RoleInfo.java:shutdownLeaderElection(134)) - 7174c195-fa06-433a-9f95-8297e7790ec0: shutdown LeaderElection
2019-09-23 17:09:58,632 [987c2d54-3d4d-4fd8-bf6b-8ec028765572@group-08EE2DEA27CA:LeaderElection59] INFO  impl.RaftServerImpl (RaftServerImpl.java:setRole(174)) - 987c2d54-3d4d-4fd8-bf6b-8ec028765572@group-08EE2DEA27CA: changes role from CANDIDATE to FOLLOWER at term 2 for DISCOVERED_A_NEW_TERM
2019-09-23 17:09:58,632 [1a636c31-9e4c-40ea-b031-c5f26b29f43d@group-08EE2DEA27CA:LeaderElection61] INFO  impl.RoleInfo (RoleInfo.java:shutdownLeaderElection(134)) - 1a636c31-9e4c-40ea-b031-c5f26b29f43d: shutdown LeaderElection
2019-09-23 17:09:58,632 [987c2d54-3d4d-4fd8-bf6b-8ec028765572@group-08EE2DEA27CA:LeaderElection59] INFO  impl.RoleInfo (RoleInfo.java:shutdownLeaderElection(134)) - 987c2d54-3d4d-4fd8-bf6b-8ec028765572: shutdown LeaderElection
2019-09-23 17:09:58,632 [7174c195-fa06-433a-9f95-8297e7790ec0@group-08EE2DEA27CA:LeaderElection60] INFO  impl.RoleInfo (RoleInfo.java:updateAndGet(143)) - 7174c195-fa06-433a-9f95-8297e7790ec0: start FollowerState
2019-09-23 17:09:58,633 [987c2d54-3d4d-4fd8-bf6b-8ec028765572@group-08EE2DEA27CA:LeaderElection59] INFO  impl.RoleInfo (RoleInfo.java:updateAndGet(143)) - 987c2d54-3d4d-4fd8-bf6b-8ec028765572: start FollowerState
2019-09-23 17:09:58,633 [914de4c2-3aa0-4a5c-a0d8-c5ac91929eac@group-A1BF9E23216A:LeaderElection62] INFO  impl.LeaderElection (LeaderElection.java:logAndReturn(56)) - 914de4c2-3aa0-4a5c-a0d8-c5ac91929eac@group-A1BF9E23216A:LeaderElection62: Election REJECTED; received 2 response(s) [914de4c2-3aa0-4a5c-a0d8-c5ac91929eac<-b1d44a52-c719-474f-ae16-db1c62c8cc5b#0:FAIL-t2, 914de4c2-3aa0-4a5c-a0d8-c5ac91929eac<-704969b7-e05b-4489-a061-6a80d49ca5c9#0:FAIL-t2] and 0 exception(s); 914de4c2-3aa0-4a5c-a0d8-c5ac91929eac@group-A1BF9E23216A:t2, leader=null, voted=914de4c2-3aa0-4a5c-a0d8-c5ac91929eac, raftlog=914de4c2-3aa0-4a5c-a0d8-c5ac91929eac@group-A1BF9E23216A-SegmentedRaftLog:OPENED:c-1,f-1,i0, conf=-1: [b1d44a52-c719-474f-ae16-db1c62c8cc5b:192.168.34.14:35615, 914de4c2-3aa0-4a5c-a0d8-c5ac91929eac:192.168.34.14:43607, 704969b7-e05b-4489-a061-6a80d49ca5c9:192.168.34.14:42228], old=null
2019-09-23 17:09:58,633 [1a636c31-9e4c-40ea-b031-c5f26b29f43d@group-08EE2DEA27CA:LeaderElection61] INFO  impl.RoleInfo (RoleInfo.java:updateAndGet(143)) - 1a636c31-9e4c-40ea-b031-c5f26b29f43d: start FollowerState
2019-09-23 17:09:58,633 [914de4c2-3aa0-4a5c-a0d8-c5ac91929eac@group-A1BF9E23216A:LeaderElection62] INFO  impl.RaftServerImpl (RaftServerImpl.java:setRole(174)) - 914de4c2-3aa0-4a5c-a0d8-c5ac91929eac@group-A1BF9E23216A: changes role from CANDIDATE to FOLLOWER at term 2 for DISCOVERED_A_NEW_TERM
2019-09-23 17:09:58,634 [914de4c2-3aa0-4a5c-a0d8-c5ac91929eac@group-A1BF9E23216A:LeaderElection62] INFO  impl.RoleInfo (RoleInfo.java:shutdownLeaderElection(134)) - 914de4c2-3aa0-4a5c-a0d8-c5ac91929eac: shutdown LeaderElection
2019-09-23 17:09:58,633 [704969b7-e05b-4489-a061-6a80d49ca5c9@group-A1BF9E23216A:LeaderElection64] INFO  impl.LeaderElection (LeaderElection.java:logAndReturn(56)) - 704969b7-e05b-4489-a061-6a80d49ca5c9@group-A1BF9E23216A:LeaderElection64: Election REJECTED; received 2 response(s) [704969b7-e05b-4489-a061-6a80d49ca5c9<-b1d44a52-c719-474f-ae16-db1c62c8cc5b#0:FAIL-t2, 704969b7-e05b-4489-a061-6a80d49ca5c9<-914de4c2-3aa0-4a5c-a0d8-c5ac91929eac#0:FAIL-t2] and 0 exception(s); 704969b7-e05b-4489-a061-6a80d49ca5c9@group-A1BF9E23216A:t2, leader=null, voted=704969b7-e05b-4489-a061-6a80d49ca5c9, raftlog=704969b7-e05b-4489-a061-6a80d49ca5c9@group-A1BF9E23216A-SegmentedRaftLog:OPENED:c-1,f-1,i0, conf=-1: [b1d44a52-c719-474f-ae16-db1c62c8cc5b:192.168.34.14:35615, 914de4c2-3aa0-4a5c-a0d8-c5ac91929eac:192.168.34.14:43607, 704969b7-e05b-4489-a061-6a80d49ca5c9:192.168.34.14:42228], old=null
2019-09-23 17:09:58,634 [914de4c2-3aa0-4a5c-a0d8-c5ac91929eac@group-A1BF9E23216A:LeaderElection62] INFO  impl.RoleInfo (RoleInfo.java:updateAndGet(143)) - 914de4c2-3aa0-4a5c-a0d8-c5ac91929eac: start FollowerState
2019-09-23 17:09:58,634 [704969b7-e05b-4489-a061-6a80d49ca5c9@group-A1BF9E23216A:LeaderElection64] INFO  impl.RaftServerImpl (RaftServerImpl.java:setRole(174)) - 704969b7-e05b-4489-a061-6a80d49ca5c9@group-A1BF9E23216A: changes role from CANDIDATE to FOLLOWER at term 2 for DISCOVERED_A_NEW_TERM
2019-09-23 17:09:58,634 [b1d44a52-c719-474f-ae16-db1c62c8cc5b@group-A1BF9E23216A:LeaderElection63] INFO  impl.LeaderElection (LeaderElection.java:logAndReturn(56)) - b1d44a52-c719-474f-ae16-db1c62c8cc5b@group-A1BF9E23216A:LeaderElection63: Election REJECTED; received 2 response(s) [b1d44a52-c719-474f-ae16-db1c62c8cc5b<-914de4c2-3aa0-4a5c-a0d8-c5ac91929eac#0:FAIL-t2, b1d44a52-c719-474f-ae16-db1c62c8cc5b<-704969b7-e05b-4489-a061-6a80d49ca5c9#0:FAIL-t2] and 0 exception(s); b1d44a52-c719-474f-ae16-db1c62c8cc5b@group-A1BF9E23216A:t2, leader=null, voted=b1d44a52-c719-474f-ae16-db1c62c8cc5b, raftlog=b1d44a52-c719-474f-ae16-db1c62c8cc5b@group-A1BF9E23216A-SegmentedRaftLog:OPENED:c-1,f-1,i0, conf=-1: [b1d44a52-c719-474f-ae16-db1c62c8cc5b:192.168.34.14:35615, 914de4c2-3aa0-4a5c-a0d8-c5ac91929eac:192.168.34.14:43607, 704969b7-e05b-4489-a061-6a80d49ca5c9:192.168.34.14:42228], old=null
2019-09-23 17:09:58,634 [704969b7-e05b-4489-a061-6a80d49ca5c9@group-A1BF9E23216A:LeaderElection64] INFO  impl.RoleInfo (RoleInfo.java:shutdownLeaderElection(134)) - 704969b7-e05b-4489-a061-6a80d49ca5c9: shutdown LeaderElection
2019-09-23 17:09:58,635 [b1d44a52-c719-474f-ae16-db1c62c8cc5b@group-A1BF9E23216A:LeaderElection63] INFO  impl.RaftServerImpl (RaftServerImpl.java:setRole(174)) - b1d44a52-c719-474f-ae16-db1c62c8cc5b@group-A1BF9E23216A: changes role from CANDIDATE to FOLLOWER at term 2 for DISCOVERED_A_NEW_TERM
2019-09-23 17:09:58,635 [704969b7-e05b-4489-a061-6a80d49ca5c9@group-A1BF9E23216A:LeaderElection64] INFO  impl.RoleInfo (RoleInfo.java:updateAndGet(143)) - 704969b7-e05b-4489-a061-6a80d49ca5c9: start FollowerState
2019-09-23 17:09:58,635 [b1d44a52-c719-474f-ae16-db1c62c8cc5b@group-A1BF9E23216A:LeaderElection63] INFO  impl.RoleInfo (RoleInfo.java:shutdownLeaderElection(134)) - b1d44a52-c719-474f-ae16-db1c62c8cc5b: shutdown LeaderElection
2019-09-23 17:09:58,635 [b1d44a52-c719-474f-ae16-db1c62c8cc5b@group-A1BF9E23216A:LeaderElection63] INFO  impl.RoleInfo (RoleInfo.java:updateAndGet(143)) - b1d44a52-c719-474f-ae16-db1c62c8cc5b: start FollowerState
2019-09-23 17:10:03,643 [Thread-1157] INFO  impl.FollowerState (FollowerState.java:run(106)) - 914de4c2-3aa0-4a5c-a0d8-c5ac91929eac:group-A1BF9E23216A changes to CANDIDATE, lastRpcTime:5008, electionTimeout:5008ms
2019-09-23 17:10:03,644 [Thread-1157] INFO  impl.RoleInfo (RoleInfo.java:shutdownFollowerState(121)) - 914de4c2-3aa0-4a5c-a0d8-c5ac91929eac: shutdown FollowerState
2019-09-23 17:10:03,644 [Thread-1157] INFO  impl.RaftServerImpl (RaftServerImpl.java:setRole(174)) - 914de4c2-3aa0-4a5c-a0d8-c5ac91929eac@group-A1BF9E23216A: changes role from  FOLLOWER to CANDIDATE at term 2 for changeToCandidate
2019-09-23 17:10:03,645 [Thread-1157] INFO  impl.RoleInfo (RoleInfo.java:updateAndGet(143)) - 914de4c2-3aa0-4a5c-a0d8-c5ac91929eac: start LeaderElection
2019-09-23 17:10:03,676 [Thread-1159] INFO  impl.FollowerState (FollowerState.java:run(106)) - b1d44a52-c719-474f-ae16-db1c62c8cc5b:group-A1BF9E23216A changes to CANDIDATE, lastRpcTime:5040, electionTimeout:5040ms
2019-09-23 17:10:03,676 [Thread-1159] INFO  impl.RoleInfo (RoleInfo.java:shutdownFollowerState(121)) - b1d44a52-c719-474f-ae16-db1c62c8cc5b: shutdown FollowerState
2019-09-23 17:10:03,676 [Thread-1159] INFO  impl.RaftServerImpl (RaftServerImpl.java:setRole(174)) - b1d44a52-c719-474f-ae16-db1c62c8cc5b@group-A1BF9E23216A: changes role from  FOLLOWER to CANDIDATE at term 2 for changeToCandidate
2019-09-23 17:10:03,676 [Thread-1159] INFO  impl.RoleInfo (RoleInfo.java:updateAndGet(143)) - b1d44a52-c719-474f-ae16-db1c62c8cc5b: start LeaderElection
2019-09-23 17:10:03,693 [Thread-1158] INFO  impl.FollowerState (FollowerState.java:run(106)) - 704969b7-e05b-4489-a061-6a80d49ca5c9:group-A1BF9E23216A changes to CANDIDATE, lastRpcTime:5058, electionTimeout:5058ms
2019-09-23 17:10:03,694 [Thread-1158] INFO  impl.RoleInfo (RoleInfo.java:shutdownFollowerState(121)) - 704969b7-e05b-4489-a061-6a80d49ca5c9: shutdown FollowerState
2019-09-23 17:10:03,694 [Thread-1158] INFO  impl.RaftServerImpl (RaftServerImpl.java:setRole(174)) - 704969b7-e05b-4489-a061-6a80d49ca5c9@group-A1BF9E23216A: changes role from  FOLLOWER to CANDIDATE at term 2 for changeToCandidate
2019-09-23 17:10:03,694 [Thread-1158] INFO  impl.RoleInfo (RoleInfo.java:updateAndGet(143)) - 704969b7-e05b-4489-a061-6a80d49ca5c9: start LeaderElection
2019-09-23 17:10:03,698 [Thread-1154] INFO  impl.FollowerState (FollowerState.java:run(106)) - 7174c195-fa06-433a-9f95-8297e7790ec0:group-08EE2DEA27CA changes to CANDIDATE, lastRpcTime:5066, electionTimeout:5065ms
2019-09-23 17:10:03,699 [Thread-1154] INFO  impl.RoleInfo (RoleInfo.java:shutdownFollowerState(121)) - 7174c195-fa06-433a-9f95-8297e7790ec0: shutdown FollowerState
2019-09-23 17:10:03,699 [Thread-1154] INFO  impl.RaftServerImpl (RaftServerImpl.java:setRole(174)) - 7174c195-fa06-433a-9f95-8297e7790ec0@group-08EE2DEA27CA: changes role from  FOLLOWER to CANDIDATE at term 2 for changeToCandidate
2019-09-23 17:10:03,699 [Thread-1154] INFO  impl.RoleInfo (RoleInfo.java:updateAndGet(143)) - 7174c195-fa06-433a-9f95-8297e7790ec0: start LeaderElection
2019-09-23 17:10:03,721 [914de4c2-3aa0-4a5c-a0d8-c5ac91929eac@group-A1BF9E23216A:LeaderElection65] INFO  impl.LeaderElection (LeaderElection.java:askForVotes(182)) - 914de4c2-3aa0-4a5c-a0d8-c5ac91929eac@group-A1BF9E23216A:LeaderElection65: begin an election at term 3 for -1: [b1d44a52-c719-474f-ae16-db1c62c8cc5b:192.168.34.14:35615, 914de4c2-3aa0-4a5c-a0d8-c5ac91929eac:192.168.34.14:43607, 704969b7-e05b-4489-a061-6a80d49ca5c9:192.168.34.14:42228], old=null
2019-09-23 17:10:03,773 [b1d44a52-c719-474f-ae16-db1c62c8cc5b@group-A1BF9E23216A:LeaderElection66] INFO  impl.LeaderElection (LeaderElection.java:askForVotes(182)) - b1d44a52-c719-474f-ae16-db1c62c8cc5b@group-A1BF9E23216A:LeaderElection66: begin an election at term 3 for -1: [b1d44a52-c719-474f-ae16-db1c62c8cc5b:192.168.34.14:35615, 914de4c2-3aa0-4a5c-a0d8-c5ac91929eac:192.168.34.14:43607, 704969b7-e05b-4489-a061-6a80d49ca5c9:192.168.34.14:42228], old=null
2019-09-23 17:10:03,789 [7174c195-fa06-433a-9f95-8297e7790ec0@group-08EE2DEA27CA:LeaderElection68] INFO  impl.LeaderElection (LeaderElection.java:askForVotes(182)) - 7174c195-fa06-433a-9f95-8297e7790ec0@group-08EE2DEA27CA:LeaderElection68: begin an election at term 3 for -1: [7174c195-fa06-433a-9f95-8297e7790ec0:192.168.34.14:34584, 987c2d54-3d4d-4fd8-bf6b-8ec028765572:192.168.34.14:33974, 1a636c31-9e4c-40ea-b031-c5f26b29f43d:192.168.34.14:34670], old=null
2019-09-23 17:10:03,789 [704969b7-e05b-4489-a061-6a80d49ca5c9@group-A1BF9E23216A:LeaderElection67] INFO  impl.LeaderElection (LeaderElection.java:askForVotes(182)) - 704969b7-e05b-4489-a061-6a80d49ca5c9@group-A1BF9E23216A:LeaderElection67: begin an election at term 3 for -1: [b1d44a52-c719-474f-ae16-db1c62c8cc5b:192.168.34.14:35615, 914de4c2-3aa0-4a5c-a0d8-c5ac91929eac:192.168.34.14:43607, 704969b7-e05b-4489-a061-6a80d49ca5c9:192.168.34.14:42228], old=null
2019-09-23 17:10:03,791 [914de4c2-3aa0-4a5c-a0d8-c5ac91929eac@group-A1BF9E23216A:LeaderElection65] INFO  impl.LeaderElection (LeaderElection.java:logAndReturn(56)) - 914de4c2-3aa0-4a5c-a0d8-c5ac91929eac@group-A1BF9E23216A:LeaderElection65: Election REJECTED; received 2 response(s) [914de4c2-3aa0-4a5c-a0d8-c5ac91929eac<-b1d44a52-c719-474f-ae16-db1c62c8cc5b#0:FAIL-t3, 914de4c2-3aa0-4a5c-a0d8-c5ac91929eac<-704969b7-e05b-4489-a061-6a80d49ca5c9#0:FAIL-t3] and 0 exception(s); 914de4c2-3aa0-4a5c-a0d8-c5ac91929eac@group-A1BF9E23216A:t3, leader=null, voted=914de4c2-3aa0-4a5c-a0d8-c5ac91929eac, raftlog=914de4c2-3aa0-4a5c-a0d8-c5ac91929eac@group-A1BF9E23216A-SegmentedRaftLog:OPENED:c-1,f-1,i0, conf=-1: [b1d44a52-c719-474f-ae16-db1c62c8cc5b:192.168.34.14:35615, 914de4c2-3aa0-4a5c-a0d8-c5ac91929eac:192.168.34.14:43607, 704969b7-e05b-4489-a061-6a80d49ca5c9:192.168.34.14:42228], old=null
2019-09-23 17:10:03,791 [b1d44a52-c719-474f-ae16-db1c62c8cc5b@group-A1BF9E23216A:LeaderElection66] INFO  impl.LeaderElection (LeaderElection.java:logAndReturn(56)) - b1d44a52-c719-474f-ae16-db1c62c8cc5b@group-A1BF9E23216A:LeaderElection66: Election REJECTED; received 2 response(s) [b1d44a52-c719-474f-ae16-db1c62c8cc5b<-914de4c2-3aa0-4a5c-a0d8-c5ac91929eac#0:FAIL-t3, b1d44a52-c719-474f-ae16-db1c62c8cc5b<-704969b7-e05b-4489-a061-6a80d49ca5c9#0:FAIL-t3] and 0 exception(s); b1d44a52-c719-474f-ae16-db1c62c8cc5b@group-A1BF9E23216A:t3, leader=null, voted=b1d44a52-c719-474f-ae16-db1c62c8cc5b, raftlog=b1d44a52-c719-474f-ae16-db1c62c8cc5b@group-A1BF9E23216A-SegmentedRaftLog:OPENED:c-1,f-1,i0, conf=-1: [b1d44a52-c719-474f-ae16-db1c62c8cc5b:192.168.34.14:35615, 914de4c2-3aa0-4a5c-a0d8-c5ac91929eac:192.168.34.14:43607, 704969b7-e05b-4489-a061-6a80d49ca5c9:192.168.34.14:42228], old=null
2019-09-23 17:10:03,791 [914de4c2-3aa0-4a5c-a0d8-c5ac91929eac@group-A1BF9E23216A:LeaderElection65] INFO  impl.RaftServerImpl (RaftServerImpl.java:setRole(174)) - 914de4c2-3aa0-4a5c-a0d8-c5ac91929eac@group-A1BF9E23216A: changes role from CANDIDATE to FOLLOWER at term 3 for DISCOVERED_A_NEW_TERM
2019-09-23 17:10:03,791 [b1d44a52-c719-474f-ae16-db1c62c8cc5b@group-A1BF9E23216A:LeaderElection66] INFO  impl.RaftServerImpl (RaftServerImpl.java:setRole(174)) - b1d44a52-c719-474f-ae16-db1c62c8cc5b@group-A1BF9E23216A: changes role from CANDIDATE to FOLLOWER at term 3 for DISCOVERED_A_NEW_TERM
2019-09-23 17:10:03,791 [914de4c2-3aa0-4a5c-a0d8-c5ac91929eac@group-A1BF9E23216A:LeaderElection65] INFO  impl.RoleInfo (RoleInfo.java:shutdownLeaderElection(134)) - 914de4c2-3aa0-4a5c-a0d8-c5ac91929eac: shutdown LeaderElection
2019-09-23 17:10:03,791 [b1d44a52-c719-474f-ae16-db1c62c8cc5b@group-A1BF9E23216A:LeaderElection66] INFO  impl.RoleInfo (RoleInfo.java:shutdownLeaderElection(134)) - b1d44a52-c719-474f-ae16-db1c62c8cc5b: shutdown LeaderElection
2019-09-23 17:10:03,792 [914de4c2-3aa0-4a5c-a0d8-c5ac91929eac@group-A1BF9E23216A:LeaderElection65] INFO  impl.RoleInfo (RoleInfo.java:updateAndGet(143)) - 914de4c2-3aa0-4a5c-a0d8-c5ac91929eac: start FollowerState
2019-09-23 17:10:03,792 [b1d44a52-c719-474f-ae16-db1c62c8cc5b@group-A1BF9E23216A:LeaderElection66] INFO  impl.RoleInfo (RoleInfo.java:updateAndGet(143)) - b1d44a52-c719-474f-ae16-db1c62c8cc5b: start FollowerState
2019-09-23 17:10:03,792 [grpc-default-executor-8] INFO  impl.RaftServerImpl (RaftServerImpl.java:setRole(174)) - 987c2d54-3d4d-4fd8-bf6b-8ec028765572@group-08EE2DEA27CA: changes role from  FOLLOWER to FOLLOWER at term 3 for recognizeCandidate:7174c195-fa06-433a-9f95-8297e7790ec0
2019-09-23 17:10:03,793 [grpc-default-executor-8] INFO  impl.RoleInfo (RoleInfo.java:shutdownFollowerState(121)) - 987c2d54-3d4d-4fd8-bf6b-8ec028765572: shutdown FollowerState
2019-09-23 17:10:03,793 [grpc-default-executor-8] INFO  impl.RoleInfo (RoleInfo.java:updateAndGet(143)) - 987c2d54-3d4d-4fd8-bf6b-8ec028765572: start FollowerState
2019-09-23 17:10:03,793 [Thread-1156] INFO  impl.FollowerState (FollowerState.java:run(115)) - 987c2d54-3d4d-4fd8-bf6b-8ec028765572: FollowerState was interrupted: java.lang.InterruptedException: sleep interrupted
2019-09-23 17:10:03,794 [grpc-default-executor-6] INFO  impl.RaftServerImpl (RaftServerImpl.java:setRole(174)) - 1a636c31-9e4c-40ea-b031-c5f26b29f43d@group-08EE2DEA27CA: changes role from  FOLLOWER to FOLLOWER at term 3 for recognizeCandidate:7174c195-fa06-433a-9f95-8297e7790ec0
2019-09-23 17:10:03,794 [grpc-default-executor-6] INFO  impl.RoleInfo (RoleInfo.java:shutdownFollowerState(121)) - 1a636c31-9e4c-40ea-b031-c5f26b29f43d: shutdown FollowerState
2019-09-23 17:10:03,794 [704969b7-e05b-4489-a061-6a80d49ca5c9@group-A1BF9E23216A:LeaderElection67] INFO  impl.LeaderElection (LeaderElection.java:logAndReturn(56)) - 704969b7-e05b-4489-a061-6a80d49ca5c9@group-A1BF9E23216A:LeaderElection67: Election REJECTED; received 2 response(s) [704969b7-e05b-4489-a061-6a80d49ca5c9<-b1d44a52-c719-474f-ae16-db1c62c8cc5b#0:FAIL-t3, 704969b7-e05b-4489-a061-6a80d49ca5c9<-914de4c2-3aa0-4a5c-a0d8-c5ac91929eac#0:FAIL-t3] and 0 exception(s); 704969b7-e05b-4489-a061-6a80d49ca5c9@group-A1BF9E23216A:t3, leader=null, voted=704969b7-e05b-4489-a061-6a80d49ca5c9, raftlog=704969b7-e05b-4489-a061-6a80d49ca5c9@group-A1BF9E23216A-SegmentedRaftLog:OPENED:c-1,f-1,i0, conf=-1: [b1d44a52-c719-474f-ae16-db1c62c8cc5b:192.168.34.14:35615, 914de4c2-3aa0-4a5c-a0d8-c5ac91929eac:192.168.34.14:43607, 704969b7-e05b-4489-a061-6a80d49ca5c9:192.168.34.14:42228], old=null
2019-09-23 17:10:03,794 [Thread-1155] INFO  impl.FollowerState (FollowerState.java:run(115)) - 1a636c31-9e4c-40ea-b031-c5f26b29f43d: FollowerState was interrupted: java.lang.InterruptedException: sleep interrupted
2019-09-23 17:10:03,794 [704969b7-e05b-4489-a061-6a80d49ca5c9@group-A1BF9E23216A:LeaderElection67] INFO  impl.RaftServerImpl (RaftServerImpl.java:setRole(174)) - 704969b7-e05b-4489-a061-6a80d49ca5c9@group-A1BF9E23216A: changes role from CANDIDATE to FOLLOWER at term 3 for DISCOVERED_A_NEW_TERM
2019-09-23 17:10:03,794 [grpc-default-executor-6] INFO  impl.RoleInfo (RoleInfo.java:updateAndGet(143)) - 1a636c31-9e4c-40ea-b031-c5f26b29f43d: start FollowerState
2019-09-23 17:10:03,794 [704969b7-e05b-4489-a061-6a80d49ca5c9@group-A1BF9E23216A:LeaderElection67] INFO  impl.RoleInfo (RoleInfo.java:shutdownLeaderElection(134)) - 704969b7-e05b-4489-a061-6a80d49ca5c9: shutdown LeaderElection
2019-09-23 17:10:03,795 [704969b7-e05b-4489-a061-6a80d49ca5c9@group-A1BF9E23216A:LeaderElection67] INFO  impl.RoleInfo (RoleInfo.java:updateAndGet(143)) - 704969b7-e05b-4489-a061-6a80d49ca5c9: start FollowerState
2019-09-23 17:10:03,865 [7174c195-fa06-433a-9f95-8297e7790ec0@group-08EE2DEA27CA:LeaderElection68] INFO  impl.LeaderElection (LeaderElection.java:logAndReturn(56)) - 7174c195-fa06-433a-9f95-8297e7790ec0@group-08EE2DEA27CA:LeaderElection68: Election PASSED; received 1 response(s) [7174c195-fa06-433a-9f95-8297e7790ec0<-987c2d54-3d4d-4fd8-bf6b-8ec028765572#0:OK-t3] and 0 exception(s); 7174c195-fa06-433a-9f95-8297e7790ec0@group-08EE2DEA27CA:t3, leader=null, voted=7174c195-fa06-433a-9f95-8297e7790ec0, raftlog=7174c195-fa06-433a-9f95-8297e7790ec0@group-08EE2DEA27CA-SegmentedRaftLog:OPENED:c-1,f-1,i0, conf=-1: [7174c195-fa06-433a-9f95-8297e7790ec0:192.168.34.14:34584, 987c2d54-3d4d-4fd8-bf6b-8ec028765572:192.168.34.14:33974, 1a636c31-9e4c-40ea-b031-c5f26b29f43d:192.168.34.14:34670], old=null
2019-09-23 17:10:03,865 [7174c195-fa06-433a-9f95-8297e7790ec0@group-08EE2DEA27CA:LeaderElection68] INFO  impl.RoleInfo (RoleInfo.java:shutdownLeaderElection(134)) - 7174c195-fa06-433a-9f95-8297e7790ec0: shutdown LeaderElection
2019-09-23 17:10:03,865 [7174c195-fa06-433a-9f95-8297e7790ec0@group-08EE2DEA27CA:LeaderElection68] INFO  impl.RaftServerImpl (RaftServerImpl.java:setRole(174)) - 7174c195-fa06-433a-9f95-8297e7790ec0@group-08EE2DEA27CA: changes role from CANDIDATE to LEADER at term 3 for changeToLeader
2019-09-23 17:10:03,865 [7174c195-fa06-433a-9f95-8297e7790ec0@group-08EE2DEA27CA:LeaderElection68] INFO  impl.RaftServerImpl (ServerState.java:setLeader(253)) - 7174c195-fa06-433a-9f95-8297e7790ec0@group-08EE2DEA27CA: change Leader from null to 7174c195-fa06-433a-9f95-8297e7790ec0 at term 3 for becomeLeader, leader elected after 19642ms
2019-09-23 17:10:03,866 [7174c195-fa06-433a-9f95-8297e7790ec0@group-08EE2DEA27CA:LeaderElection68] INFO  server.RaftServerConfigKeys (ConfUtils.java:logGet(43)) - raft.server.staging.catchup.gap = 1000 (default)
2019-09-23 17:10:03,866 [7174c195-fa06-433a-9f95-8297e7790ec0@group-08EE2DEA27CA:LeaderElection68] INFO  server.RaftServerConfigKeys (ConfUtils.java:logGet(43)) - raft.server.rpc.sleep.time = 25ms (default)
2019-09-23 17:10:03,866 [7174c195-fa06-433a-9f95-8297e7790ec0@group-08EE2DEA27CA:LeaderElection68] INFO  server.RaftServerConfigKeys (ConfUtils.java:logGet(43)) - raft.server.write.element-limit = 4096 (default)
2019-09-23 17:10:03,866 [7174c195-fa06-433a-9f95-8297e7790ec0@group-08EE2DEA27CA:LeaderElection68] INFO  server.RaftServerConfigKeys (ConfUtils.java:logGet(43)) - raft.server.watch.timeout = 10s (default)
2019-09-23 17:10:03,867 [7174c195-fa06-433a-9f95-8297e7790ec0@group-08EE2DEA27CA:LeaderElection68] INFO  server.RaftServerConfigKeys (ConfUtils.java:logGet(43)) - raft.server.watch.timeout.denomination = 1s (default)
2019-09-23 17:10:03,867 [7174c195-fa06-433a-9f95-8297e7790ec0@group-08EE2DEA27CA:LeaderElection68] INFO  server.RaftServerConfigKeys (ConfUtils.java:logGet(43)) - raft.server.watch.element-limit = 65536 (default)
2019-09-23 17:10:03,872 [7174c195-fa06-433a-9f95-8297e7790ec0@group-08EE2DEA27CA:LeaderElection68] INFO  server.RaftServerConfigKeys (ConfUtils.java:logGet(43)) - raft.server.log.appender.snapshot.chunk.size.max = 16MB (=16777216) (default)
2019-09-23 17:10:03,872 [7174c195-fa06-433a-9f95-8297e7790ec0@group-08EE2DEA27CA:LeaderElection68] INFO  server.RaftServerConfigKeys (ConfUtils.java:logGet(43)) - raft.server.log.appender.buffer.byte-limit = 33554432 (custom)
2019-09-23 17:10:03,873 [7174c195-fa06-433a-9f95-8297e7790ec0@group-08EE2DEA27CA:LeaderElection68] INFO  server.RaftServerConfigKeys (ConfUtils.java:logGet(43)) - raft.server.log.appender.buffer.element-limit = 1 (custom)
2019-09-23 17:10:03,873 [7174c195-fa06-433a-9f95-8297e7790ec0@group-08EE2DEA27CA:LeaderElection68] INFO  grpc.GrpcConfigKeys$Server (ConfUtils.java:logGet(43)) - raft.grpc.server.leader.outstanding.appends.max = 128 (default)
2019-09-23 17:10:03,873 [7174c195-fa06-433a-9f95-8297e7790ec0@group-08EE2DEA27CA:LeaderElection68] INFO  server.RaftServerConfigKeys (ConfUtils.java:logGet(43)) - raft.server.rpc.request.timeout = 3000ms (default)
2019-09-23 17:10:03,874 [7174c195-fa06-433a-9f95-8297e7790ec0@group-08EE2DEA27CA:LeaderElection68] INFO  server.RaftServerConfigKeys (ConfUtils.java:logGet(43)) - raft.server.log.appender.install.snapshot.enabled = false (custom)
2019-09-23 17:10:03,874 [7174c195-fa06-433a-9f95-8297e7790ec0@group-08EE2DEA27CA:LeaderElection68] INFO  server.RaftServerConfigKeys (ConfUtils.java:logGet(43)) - raft.server.log.appender.snapshot.chunk.size.max = 16MB (=16777216) (default)
2019-09-23 17:10:03,874 [7174c195-fa06-433a-9f95-8297e7790ec0@group-08EE2DEA27CA:LeaderElection68] INFO  server.RaftServerConfigKeys (ConfUtils.java:logGet(43)) - raft.server.log.appender.buffer.byte-limit = 33554432 (custom)
2019-09-23 17:10:03,874 [7174c195-fa06-433a-9f95-8297e7790ec0@group-08EE2DEA27CA:LeaderElection68] INFO  server.RaftServerConfigKeys (ConfUtils.java:logGet(43)) - raft.server.log.appender.buffer.element-limit = 1 (custom)
2019-09-23 17:10:03,875 [7174c195-fa06-433a-9f95-8297e7790ec0@group-08EE2DEA27CA:LeaderElection68] INFO  grpc.GrpcConfigKeys$Server (ConfUtils.java:logGet(43)) - raft.grpc.server.leader.outstanding.appends.max = 128 (default)
2019-09-23 17:10:03,875 [7174c195-fa06-433a-9f95-8297e7790ec0@group-08EE2DEA27CA:LeaderElection68] INFO  server.RaftServerConfigKeys (ConfUtils.java:logGet(43)) - raft.server.rpc.request.timeout = 3000ms (default)
2019-09-23 17:10:03,875 [7174c195-fa06-433a-9f95-8297e7790ec0@group-08EE2DEA27CA:LeaderElection68] INFO  server.RaftServerConfigKeys (ConfUtils.java:logGet(43)) - raft.server.log.appender.install.snapshot.enabled = false (custom)
2019-09-23 17:10:03,875 [7174c195-fa06-433a-9f95-8297e7790ec0@group-08EE2DEA27CA:LeaderElection68] INFO  impl.RoleInfo (RoleInfo.java:updateAndGet(143)) - 7174c195-fa06-433a-9f95-8297e7790ec0: start LeaderState
2019-09-23 17:10:03,876 [7174c195-fa06-433a-9f95-8297e7790ec0@group-08EE2DEA27CA:LeaderElection68] INFO  segmented.SegmentedRaftLogWorker (SegmentedRaftLogWorker.java:startLogSegment(380)) - 7174c195-fa06-433a-9f95-8297e7790ec0@group-08EE2DEA27CA-SegmentedRaftLogWorker: Starting segment from index:0
2019-09-23 17:10:03,877 [7174c195-fa06-433a-9f95-8297e7790ec0@group-08EE2DEA27CA:LeaderElection68] INFO  impl.RaftServerImpl (ServerState.java:setRaftConf(354)) - 7174c195-fa06-433a-9f95-8297e7790ec0@group-08EE2DEA27CA: set configuration 0: [7174c195-fa06-433a-9f95-8297e7790ec0:192.168.34.14:34584, 987c2d54-3d4d-4fd8-bf6b-8ec028765572:192.168.34.14:33974, 1a636c31-9e4c-40ea-b031-c5f26b29f43d:192.168.34.14:34670], old=null at 0
2019-09-23 17:10:03,879 [grpc-default-executor-6] INFO  impl.RaftServerImpl (ServerState.java:setLeader(253)) - 987c2d54-3d4d-4fd8-bf6b-8ec028765572@group-08EE2DEA27CA: change Leader from null to 7174c195-fa06-433a-9f95-8297e7790ec0 at term 3 for appendEntries, leader elected after 19655ms
2019-09-23 17:10:03,879 [grpc-default-executor-8] INFO  impl.RaftServerImpl (ServerState.java:setLeader(253)) - 1a636c31-9e4c-40ea-b031-c5f26b29f43d@group-08EE2DEA27CA: change Leader from null to 7174c195-fa06-433a-9f95-8297e7790ec0 at term 3 for appendEntries, leader elected after 19656ms
2019-09-23 17:10:03,882 [grpc-default-executor-6] INFO  impl.RaftServerImpl (ServerState.java:setRaftConf(354)) - 1a636c31-9e4c-40ea-b031-c5f26b29f43d@group-08EE2DEA27CA: set configuration 0: [7174c195-fa06-433a-9f95-8297e7790ec0:192.168.34.14:34584, 987c2d54-3d4d-4fd8-bf6b-8ec028765572:192.168.34.14:33974, 1a636c31-9e4c-40ea-b031-c5f26b29f43d:192.168.34.14:34670], old=null at 0
2019-09-23 17:10:03,882 [grpc-default-executor-8] INFO  impl.RaftServerImpl (ServerState.java:setRaftConf(354)) - 987c2d54-3d4d-4fd8-bf6b-8ec028765572@group-08EE2DEA27CA: set configuration 0: [7174c195-fa06-433a-9f95-8297e7790ec0:192.168.34.14:34584, 987c2d54-3d4d-4fd8-bf6b-8ec028765572:192.168.34.14:33974, 1a636c31-9e4c-40ea-b031-c5f26b29f43d:192.168.34.14:34670], old=null at 0
2019-09-23 17:10:03,882 [grpc-default-executor-6] INFO  segmented.SegmentedRaftLogWorker (SegmentedRaftLogWorker.java:startLogSegment(380)) - 1a636c31-9e4c-40ea-b031-c5f26b29f43d@group-08EE2DEA27CA-SegmentedRaftLogWorker: Starting segment from index:0
2019-09-23 17:10:03,883 [grpc-default-executor-8] INFO  segmented.SegmentedRaftLogWorker (SegmentedRaftLogWorker.java:startLogSegment(380)) - 987c2d54-3d4d-4fd8-bf6b-8ec028765572@group-08EE2DEA27CA-SegmentedRaftLogWorker: Starting segment from index:0
]]></system-out>
  </testcase>
  <testcase name="testWatchForCommitForRetryfailure" classname="org.apache.hadoop.ozone.client.rpc.TestWatchForCommit" time="79.173"/>
  <testcase name="testWatchForCommitForGroupMismatchException" classname="org.apache.hadoop.ozone.client.rpc.TestWatchForCommit" time="52.859"/>
  <testcase name="test2WayCommitForTimeoutException" classname="org.apache.hadoop.ozone.client.rpc.TestWatchForCommit" time="40.242"/>
</testsuite>