<?xml version="1.0" encoding="UTF-8"?>
<testsuite xmlns:xsi="http://www.w3.org/2001/XMLSchema-instance" xsi:noNamespaceSchemaLocation="https://maven.apache.org/surefire/maven-surefire-plugin/xsd/surefire-test-report.xsd" name="org.apache.hadoop.ozone.client.rpc.TestFailureHandlingByClient" time="344.495" tests="5" errors="0" skipped="0" failures="1">
  <properties>
    <property name="awt.toolkit" value="sun.awt.X11.XToolkit"/>
    <property name="file.encoding.pkg" value="sun.io"/>
    <property name="java.specification.version" value="1.8"/>
    <property name="sun.cpu.isalist" value=""/>
    <property name="sun.jnu.encoding" value="UTF-8"/>
    <property name="java.class.path" value="/workdir/hadoop-ozone/integration-test/target/test-classes:/workdir/hadoop-ozone/integration-test/target/classes:/home/user/.m2/repository/org/apache/hadoop/hadoop-ozone-common/0.5.0-SNAPSHOT/hadoop-ozone-common-0.5.0-SNAPSHOT.jar:/home/user/.m2/repository/org/apache/commons/commons-compress/1.4.1/commons-compress-1.4.1.jar:/home/user/.m2/repository/org/tukaani/xz/1.0/xz-1.0.jar:/home/user/.m2/repository/org/apache/hadoop/hadoop-common/3.2.0/hadoop-common-3.2.0.jar:/home/user/.m2/repository/org/apache/hadoop/hadoop-hdfs/3.2.0/hadoop-hdfs-3.2.0.jar:/home/user/.m2/repository/org/apache/hadoop/hadoop-hdfs-client/3.2.0/hadoop-hdfs-client-3.2.0.jar:/home/user/.m2/repository/com/fasterxml/jackson/core/jackson-annotations/2.9.9/jackson-annotations-2.9.9.jar:/home/user/.m2/repository/org/apache/hadoop/hadoop-hdds-common/0.5.0-SNAPSHOT/hadoop-hdds-common-0.5.0-SNAPSHOT.jar:/home/user/.m2/repository/javax/annotation/javax.annotation-api/1.2/javax.annotation-api-1.2.jar:/home/user/.m2/repository/org/apache/ratis/ratis-server/0.4.0/ratis-server-0.4.0.jar:/home/user/.m2/repository/org/apache/ratis/ratis-thirdparty-misc/0.2.0/ratis-thirdparty-misc-0.2.0.jar:/home/user/.m2/repository/org/apache/ratis/ratis-proto/0.4.0/ratis-proto-0.4.0.jar:/home/user/.m2/repository/org/apache/ratis/ratis-common/0.4.0/ratis-common-0.4.0.jar:/home/user/.m2/repository/org/apache/ratis/ratis-client/0.4.0/ratis-client-0.4.0.jar:/home/user/.m2/repository/org/apache/ratis/ratis-metrics/0.4.0/ratis-metrics-0.4.0.jar:/home/user/.m2/repository/com/github/joshelser/dropwizard-metrics-hadoop-metrics2-reporter/0.1.2/dropwizard-metrics-hadoop-metrics2-reporter-0.1.2.jar:/home/user/.m2/repository/io/dropwizard/metrics/metrics-jvm/3.2.5/metrics-jvm-3.2.5.jar:/home/user/.m2/repository/io/dropwizard/metrics/metrics-ganglia/3.2.5/metrics-ganglia-3.2.5.jar:/home/user/.m2/repository/info/ganglia/gmetric4j/gmetric4j/1.0.7/gmetric4j-1.0.7.jar:/home/user/.m2/repository/org/apache/ratis/ratis-netty/0.4.0/ratis-netty-0.4.0.jar:/home/user/.m2/repository/org/apache/ratis/ratis-grpc/0.4.0/ratis-grpc-0.4.0.jar:/home/user/.m2/repository/org/rocksdb/rocksdbjni/6.0.1/rocksdbjni-6.0.1.jar:/home/user/.m2/repository/org/apache/logging/log4j/log4j-api/2.11.0/log4j-api-2.11.0.jar:/home/user/.m2/repository/org/apache/logging/log4j/log4j-core/2.11.0/log4j-core-2.11.0.jar:/home/user/.m2/repository/com/lmax/disruptor/3.4.2/disruptor-3.4.2.jar:/home/user/.m2/repository/org/apache/commons/commons-pool2/2.6.0/commons-pool2-2.6.0.jar:/home/user/.m2/repository/org/bouncycastle/bcpkix-jdk15on/1.60/bcpkix-jdk15on-1.60.jar:/home/user/.m2/repository/commons-validator/commons-validator/1.6/commons-validator-1.6.jar:/home/user/.m2/repository/commons-digester/commons-digester/1.8.1/commons-digester-1.8.1.jar:/home/user/.m2/repository/io/jaegertracing/jaeger-client/0.34.0/jaeger-client-0.34.0.jar:/home/user/.m2/repository/io/jaegertracing/jaeger-thrift/0.34.0/jaeger-thrift-0.34.0.jar:/home/user/.m2/repository/org/apache/thrift/libthrift/0.12.0/libthrift-0.12.0.jar:/home/user/.m2/repository/com/squareup/okhttp3/okhttp/3.9.0/okhttp-3.9.0.jar:/home/user/.m2/repository/com/squareup/okio/okio/1.13.0/okio-1.13.0.jar:/home/user/.m2/repository/io/jaegertracing/jaeger-core/0.34.0/jaeger-core-0.34.0.jar:/home/user/.m2/repository/io/jaegertracing/jaeger-tracerresolver/0.34.0/jaeger-tracerresolver-0.34.0.jar:/home/user/.m2/repository/io/opentracing/contrib/opentracing-tracerresolver/0.1.5/opentracing-tracerresolver-0.1.5.jar:/home/user/.m2/repository/io/opentracing/opentracing-util/0.31.0/opentracing-util-0.31.0.jar:/home/user/.m2/repository/io/opentracing/opentracing-api/0.31.0/opentracing-api-0.31.0.jar:/home/user/.m2/repository/io/opentracing/opentracing-noop/0.31.0/opentracing-noop-0.31.0.jar:/home/user/.m2/repository/org/apache/hadoop/hadoop-hdds-server-framework/0.5.0-SNAPSHOT/hadoop-hdds-server-framework-0.5.0-SNAPSHOT.jar:/home/user/.m2/repository/org/apache/hadoop/hadoop-hdds-container-service/0.5.0-SNAPSHOT/hadoop-hdds-container-service-0.5.0-SNAPSHOT.jar:/home/user/.m2/repository/org/apache/hadoop/hadoop-hdds-client/0.5.0-SNAPSHOT/hadoop-hdds-client-0.5.0-SNAPSHOT.jar:/home/user/.m2/repository/org/apache/hadoop/hadoop-hdds-tools/0.5.0-SNAPSHOT/hadoop-hdds-tools-0.5.0-SNAPSHOT.jar:/home/user/.m2/repository/org/apache/hadoop/hadoop-hdds-server-scm/0.5.0-SNAPSHOT/hadoop-hdds-server-scm-0.5.0-SNAPSHOT.jar:/home/user/.m2/repository/org/apache/hadoop/hadoop-hdds-docs/0.5.0-SNAPSHOT/hadoop-hdds-docs-0.5.0-SNAPSHOT.jar:/home/user/.m2/repository/io/dropwizard/metrics/metrics-core/3.2.4/metrics-core-3.2.4.jar:/home/user/.m2/repository/org/hamcrest/hamcrest-all/1.3/hamcrest-all-1.3.jar:/home/user/.m2/repository/org/bouncycastle/bcprov-jdk15on/1.60/bcprov-jdk15on-1.60.jar:/home/user/.m2/repository/info/picocli/picocli/3.9.6/picocli-3.9.6.jar:/home/user/.m2/repository/com/google/protobuf/protobuf-java/2.5.0/protobuf-java-2.5.0.jar:/home/user/.m2/repository/com/google/guava/guava/11.0.2/guava-11.0.2.jar:/home/user/.m2/repository/org/apache/hadoop/hadoop-ozone-ozone-manager/0.5.0-SNAPSHOT/hadoop-ozone-ozone-manager-0.5.0-SNAPSHOT.jar:/home/user/.m2/repository/org/apache/hadoop/hadoop-minikdc/3.2.0/hadoop-minikdc-3.2.0.jar:/home/user/.m2/repository/commons-io/commons-io/2.5/commons-io-2.5.jar:/home/user/.m2/repository/org/apache/kerby/kerb-simplekdc/1.0.1/kerb-simplekdc-1.0.1.jar:/home/user/.m2/repository/org/apache/kerby/kerb-client/1.0.1/kerb-client-1.0.1.jar:/home/user/.m2/repository/org/apache/kerby/kerby-config/1.0.1/kerby-config-1.0.1.jar:/home/user/.m2/repository/org/apache/kerby/kerb-core/1.0.1/kerb-core-1.0.1.jar:/home/user/.m2/repository/org/apache/kerby/kerby-pkix/1.0.1/kerby-pkix-1.0.1.jar:/home/user/.m2/repository/org/apache/kerby/kerby-asn1/1.0.1/kerby-asn1-1.0.1.jar:/home/user/.m2/repository/org/apache/kerby/kerby-util/1.0.1/kerby-util-1.0.1.jar:/home/user/.m2/repository/org/apache/kerby/kerb-common/1.0.1/kerb-common-1.0.1.jar:/home/user/.m2/repository/org/apache/kerby/kerb-crypto/1.0.1/kerb-crypto-1.0.1.jar:/home/user/.m2/repository/org/apache/kerby/kerb-util/1.0.1/kerb-util-1.0.1.jar:/home/user/.m2/repository/org/apache/kerby/token-provider/1.0.1/token-provider-1.0.1.jar:/home/user/.m2/repository/org/apache/kerby/kerb-admin/1.0.1/kerb-admin-1.0.1.jar:/home/user/.m2/repository/org/apache/kerby/kerb-server/1.0.1/kerb-server-1.0.1.jar:/home/user/.m2/repository/org/apache/kerby/kerb-identity/1.0.1/kerb-identity-1.0.1.jar:/home/user/.m2/repository/org/apache/kerby/kerby-xdr/1.0.1/kerby-xdr-1.0.1.jar:/home/user/.m2/repository/org/slf4j/slf4j-log4j12/1.7.25/slf4j-log4j12-1.7.25.jar:/home/user/.m2/repository/org/apache/hadoop/hadoop-ozone-s3gateway/0.5.0-SNAPSHOT/hadoop-ozone-s3gateway-0.5.0-SNAPSHOT.jar:/home/user/.m2/repository/org/jboss/weld/servlet/weld-servlet/2.4.7.Final/weld-servlet-2.4.7.Final.jar:/home/user/.m2/repository/org/glassfish/jersey/containers/jersey-container-servlet-core/2.27/jersey-container-servlet-core-2.27.jar:/home/user/.m2/repository/org/glassfish/hk2/external/javax.inject/2.5.0-b42/javax.inject-2.5.0-b42.jar:/home/user/.m2/repository/org/glassfish/jersey/core/jersey-common/2.27/jersey-common-2.27.jar:/home/user/.m2/repository/org/glassfish/hk2/osgi-resource-locator/1.0.1/osgi-resource-locator-1.0.1.jar:/home/user/.m2/repository/javax/ws/rs/javax.ws.rs-api/2.1/javax.ws.rs-api-2.1.jar:/home/user/.m2/repository/org/glassfish/jersey/ext/cdi/jersey-cdi1x/2.27/jersey-cdi1x-2.27.jar:/home/user/.m2/repository/org/glassfish/jersey/inject/jersey-hk2/2.27/jersey-hk2-2.27.jar:/home/user/.m2/repository/org/glassfish/hk2/hk2-locator/2.5.0-b42/hk2-locator-2.5.0-b42.jar:/home/user/.m2/repository/org/javassist/javassist/3.22.0-CR2/javassist-3.22.0-CR2.jar:/home/user/.m2/repository/org/glassfish/hk2/hk2-api/2.5.0/hk2-api-2.5.0.jar:/home/user/.m2/repository/org/glassfish/hk2/external/jakarta.inject/2.5.0/jakarta.inject-2.5.0.jar:/home/user/.m2/repository/org/glassfish/hk2/hk2-utils/2.5.0/hk2-utils-2.5.0.jar:/home/user/.m2/repository/jakarta/annotation/jakarta.annotation-api/1.3.4/jakarta.annotation-api-1.3.4.jar:/home/user/.m2/repository/org/glassfish/hk2/external/aopalliance-repackaged/2.5.0/aopalliance-repackaged-2.5.0.jar:/home/user/.m2/repository/com/fasterxml/jackson/dataformat/jackson-dataformat-xml/2.9.0/jackson-dataformat-xml-2.9.0.jar:/home/user/.m2/repository/com/fasterxml/jackson/core/jackson-core/2.9.9/jackson-core-2.9.9.jar:/home/user/.m2/repository/com/fasterxml/jackson/module/jackson-module-jaxb-annotations/2.9.9/jackson-module-jaxb-annotations-2.9.9.jar:/home/user/.m2/repository/javax/enterprise/cdi-api/1.2/cdi-api-1.2.jar:/home/user/.m2/repository/javax/el/javax.el-api/3.0.0/javax.el-api-3.0.0.jar:/home/user/.m2/repository/javax/interceptor/javax.interceptor-api/1.2/javax.interceptor-api-1.2.jar:/home/user/.m2/repository/javax/inject/javax.inject/1/javax.inject-1.jar:/home/user/.m2/repository/com/sun/xml/bind/jaxb-impl/2.3.0.1/jaxb-impl-2.3.0.1.jar:/home/user/.m2/repository/com/sun/xml/bind/jaxb-core/2.3.0.1/jaxb-core-2.3.0.1.jar:/home/user/.m2/repository/javax/xml/bind/jaxb-api/2.3.0/jaxb-api-2.3.0.jar:/home/user/.m2/repository/javax/activation/activation/1.1.1/activation-1.1.1.jar:/home/user/.m2/repository/org/apache/hadoop/hadoop-ozone-csi/0.5.0-SNAPSHOT/hadoop-ozone-csi-0.5.0-SNAPSHOT.jar:/home/user/.m2/repository/com/google/protobuf/protobuf-java-util/3.5.1/protobuf-java-util-3.5.1.jar:/home/user/.m2/repository/org/apache/hadoop/hadoop-hdds-config/0.5.0-SNAPSHOT/hadoop-hdds-config-0.5.0-SNAPSHOT.jar:/home/user/.m2/repository/io/grpc/grpc-netty/1.17.1/grpc-netty-1.17.1.jar:/home/user/.m2/repository/io/grpc/grpc-core/1.17.1/grpc-core-1.17.1.jar:/home/user/.m2/repository/io/grpc/grpc-context/1.17.1/grpc-context-1.17.1.jar:/home/user/.m2/repository/com/google/errorprone/error_prone_annotations/2.2.0/error_prone_annotations-2.2.0.jar:/home/user/.m2/repository/org/codehaus/mojo/animal-sniffer-annotations/1.17/animal-sniffer-annotations-1.17.jar:/home/user/.m2/repository/io/opencensus/opencensus-api/0.17.0/opencensus-api-0.17.0.jar:/home/user/.m2/repository/io/opencensus/opencensus-contrib-grpc-metrics/0.17.0/opencensus-contrib-grpc-metrics-0.17.0.jar:/home/user/.m2/repository/io/netty/netty-codec-http2/4.1.30.Final/netty-codec-http2-4.1.30.Final.jar:/home/user/.m2/repository/io/netty/netty-codec-http/4.1.30.Final/netty-codec-http-4.1.30.Final.jar:/home/user/.m2/repository/io/netty/netty-codec/4.1.30.Final/netty-codec-4.1.30.Final.jar:/home/user/.m2/repository/io/netty/netty-handler/4.1.30.Final/netty-handler-4.1.30.Final.jar:/home/user/.m2/repository/io/netty/netty-handler-proxy/4.1.30.Final/netty-handler-proxy-4.1.30.Final.jar:/home/user/.m2/repository/io/netty/netty-codec-socks/4.1.30.Final/netty-codec-socks-4.1.30.Final.jar:/home/user/.m2/repository/io/netty/netty-transport-native-epoll/4.1.30.Final/netty-transport-native-epoll-4.1.30.Final.jar:/home/user/.m2/repository/io/netty/netty-common/4.1.30.Final/netty-common-4.1.30.Final.jar:/home/user/.m2/repository/io/netty/netty-buffer/4.1.30.Final/netty-buffer-4.1.30.Final.jar:/home/user/.m2/repository/io/netty/netty-transport/4.1.30.Final/netty-transport-4.1.30.Final.jar:/home/user/.m2/repository/io/netty/netty-resolver/4.1.30.Final/netty-resolver-4.1.30.Final.jar:/home/user/.m2/repository/io/netty/netty-transport-native-unix-common/4.1.30.Final/netty-transport-native-unix-common-4.1.30.Final.jar:/home/user/.m2/repository/io/grpc/grpc-protobuf/1.17.1/grpc-protobuf-1.17.1.jar:/home/user/.m2/repository/com/google/api/grpc/proto-google-common-protos/1.0.0/proto-google-common-protos-1.0.0.jar:/home/user/.m2/repository/io/grpc/grpc-protobuf-lite/1.17.1/grpc-protobuf-lite-1.17.1.jar:/home/user/.m2/repository/io/grpc/grpc-stub/1.17.1/grpc-stub-1.17.1.jar:/home/user/.m2/repository/org/apache/hadoop/hadoop-ozone-recon/0.5.0-SNAPSHOT/hadoop-ozone-recon-0.5.0-SNAPSHOT.jar:/home/user/.m2/repository/org/apache/hadoop/hadoop-ozone-reconcodegen/0.5.0-SNAPSHOT/hadoop-ozone-reconcodegen-0.5.0-SNAPSHOT.jar:/home/user/.m2/repository/com/google/inject/extensions/guice-multibindings/4.0/guice-multibindings-4.0.jar:/home/user/.m2/repository/com/google/inject/guice/4.0/guice-4.0.jar:/home/user/.m2/repository/aopalliance/aopalliance/1.0/aopalliance-1.0.jar:/home/user/.m2/repository/com/google/inject/extensions/guice-servlet/4.0/guice-servlet-4.0.jar:/home/user/.m2/repository/org/glassfish/jersey/containers/jersey-container-servlet/2.27/jersey-container-servlet-2.27.jar:/home/user/.m2/repository/org/glassfish/hk2/guice-bridge/2.5.0/guice-bridge-2.5.0.jar:/home/user/.m2/repository/org/glassfish/jersey/core/jersey-server/2.27/jersey-server-2.27.jar:/home/user/.m2/repository/org/glassfish/jersey/core/jersey-client/2.27/jersey-client-2.27.jar:/home/user/.m2/repository/org/glassfish/jersey/media/jersey-media-jaxb/2.27/jersey-media-jaxb-2.27.jar:/home/user/.m2/repository/javax/validation/validation-api/1.1.0.Final/validation-api-1.1.0.Final.jar:/home/user/.m2/repository/org/glassfish/jersey/media/jersey-media-json-jackson/2.27/jersey-media-json-jackson-2.27.jar:/home/user/.m2/repository/org/glassfish/jersey/ext/jersey-entity-filtering/2.27/jersey-entity-filtering-2.27.jar:/home/user/.m2/repository/com/google/inject/extensions/guice-assistedinject/4.0/guice-assistedinject-4.0.jar:/home/user/.m2/repository/org/jooq/jooq/3.11.10/jooq-3.11.10.jar:/home/user/.m2/repository/org/jooq/jooq-meta/3.11.10/jooq-meta-3.11.10.jar:/home/user/.m2/repository/org/jooq/jooq-codegen/3.11.10/jooq-codegen-3.11.10.jar:/home/user/.m2/repository/com/jolbox/bonecp/0.8.0.RELEASE/bonecp-0.8.0.RELEASE.jar:/home/user/.m2/repository/org/xerial/sqlite-jdbc/3.25.2/sqlite-jdbc-3.25.2.jar:/home/user/.m2/repository/org/springframework/spring-jdbc/5.1.3.RELEASE/spring-jdbc-5.1.3.RELEASE.jar:/home/user/.m2/repository/org/springframework/spring-beans/5.1.3.RELEASE/spring-beans-5.1.3.RELEASE.jar:/home/user/.m2/repository/org/springframework/spring-core/5.1.3.RELEASE/spring-core-5.1.3.RELEASE.jar:/home/user/.m2/repository/org/springframework/spring-jcl/5.1.3.RELEASE/spring-jcl-5.1.3.RELEASE.jar:/home/user/.m2/repository/org/springframework/spring-tx/5.1.3.RELEASE/spring-tx-5.1.3.RELEASE.jar:/home/user/.m2/repository/org/apache/hadoop/hadoop-ozone-client/0.5.0-SNAPSHOT/hadoop-ozone-client-0.5.0-SNAPSHOT.jar:/home/user/.m2/repository/commons-lang/commons-lang/2.6/commons-lang-2.6.jar:/home/user/.m2/repository/org/apache/hadoop/hadoop-ozone-ozone-manager/0.5.0-SNAPSHOT/hadoop-ozone-ozone-manager-0.5.0-SNAPSHOT-tests.jar:/home/user/.m2/repository/junit/junit/4.11/junit-4.11.jar:/home/user/.m2/repository/org/hamcrest/hamcrest-core/1.3/hamcrest-core-1.3.jar:/home/user/.m2/repository/org/openjdk/jmh/jmh-core/1.19/jmh-core-1.19.jar:/home/user/.m2/repository/net/sf/jopt-simple/jopt-simple/4.6/jopt-simple-4.6.jar:/home/user/.m2/repository/org/apache/commons/commons-math3/3.1.1/commons-math3-3.1.1.jar:/home/user/.m2/repository/org/openjdk/jmh/jmh-generator-annprocess/1.19/jmh-generator-annprocess-1.19.jar:/home/user/.m2/repository/org/mockito/mockito-all/1.8.5/mockito-all-1.8.5.jar:/home/user/.m2/repository/org/apache/hadoop/hadoop-kms/3.2.0/hadoop-kms-3.2.0.jar:/home/user/.m2/repository/org/apache/hadoop/hadoop-auth/3.2.0/hadoop-auth-3.2.0.jar:/home/user/.m2/repository/com/nimbusds/nimbus-jose-jwt/4.41.1/nimbus-jose-jwt-4.41.1.jar:/home/user/.m2/repository/com/github/stephenc/jcip/jcip-annotations/1.0-1/jcip-annotations-1.0-1.jar:/home/user/.m2/repository/net/minidev/json-smart/2.3/json-smart-2.3.jar:/home/user/.m2/repository/net/minidev/accessors-smart/1.2/accessors-smart-1.2.jar:/home/user/.m2/repository/org/ow2/asm/asm/5.0.4/asm-5.0.4.jar:/home/user/.m2/repository/org/apache/curator/curator-framework/2.12.0/curator-framework-2.12.0.jar:/home/user/.m2/repository/com/sun/jersey/jersey-core/1.19/jersey-core-1.19.jar:/home/user/.m2/repository/javax/ws/rs/jsr311-api/1.1.1/jsr311-api-1.1.1.jar:/home/user/.m2/repository/com/sun/jersey/jersey-server/1.19/jersey-server-1.19.jar:/home/user/.m2/repository/javax/servlet/javax.servlet-api/3.1.0/javax.servlet-api-3.1.0.jar:/home/user/.m2/repository/org/eclipse/jetty/jetty-server/9.3.25.v20180904/jetty-server-9.3.25.v20180904.jar:/home/user/.m2/repository/org/eclipse/jetty/jetty-http/9.3.25.v20180904/jetty-http-9.3.25.v20180904.jar:/home/user/.m2/repository/org/eclipse/jetty/jetty-io/9.3.25.v20180904/jetty-io-9.3.25.v20180904.jar:/home/user/.m2/repository/org/eclipse/jetty/jetty-webapp/9.3.25.v20180904/jetty-webapp-9.3.25.v20180904.jar:/home/user/.m2/repository/org/eclipse/jetty/jetty-xml/9.3.25.v20180904/jetty-xml-9.3.25.v20180904.jar:/home/user/.m2/repository/log4j/log4j/1.2.17/log4j-1.2.17.jar:/home/user/.m2/repository/org/slf4j/slf4j-api/1.7.25/slf4j-api-1.7.25.jar:/home/user/.m2/repository/org/slf4j/jul-to-slf4j/1.7.25/jul-to-slf4j-1.7.25.jar:/home/user/.m2/repository/org/eclipse/jetty/jetty-util/9.3.25.v20180904/jetty-util-9.3.25.v20180904.jar:/home/user/.m2/repository/com/fasterxml/jackson/core/jackson-databind/2.9.9/jackson-databind-2.9.9.jar:/home/user/.m2/repository/org/apache/hadoop/hadoop-kms/3.2.0/hadoop-kms-3.2.0-tests.jar:/home/user/.m2/repository/org/apache/hadoop/hadoop-hdds-server-scm/0.5.0-SNAPSHOT/hadoop-hdds-server-scm-0.5.0-SNAPSHOT-tests.jar:/home/user/.m2/repository/org/apache/hadoop/hadoop-hdds-container-service/0.5.0-SNAPSHOT/hadoop-hdds-container-service-0.5.0-SNAPSHOT-tests.jar:/home/user/.m2/repository/org/yaml/snakeyaml/1.16/snakeyaml-1.16.jar:/home/user/.m2/repository/org/apache/hadoop/hadoop-common/3.2.0/hadoop-common-3.2.0-tests.jar:/home/user/.m2/repository/org/apache/hadoop/hadoop-annotations/3.2.0/hadoop-annotations-3.2.0.jar:/usr/lib/jvm/java-1.8-openjdk/jre/../lib/tools.jar:/home/user/.m2/repository/commons-cli/commons-cli/1.2/commons-cli-1.2.jar:/home/user/.m2/repository/org/apache/httpcomponents/httpclient/4.5.2/httpclient-4.5.2.jar:/home/user/.m2/repository/org/apache/httpcomponents/httpcore/4.4.4/httpcore-4.4.4.jar:/home/user/.m2/repository/commons-codec/commons-codec/1.11/commons-codec-1.11.jar:/home/user/.m2/repository/commons-net/commons-net/3.6/commons-net-3.6.jar:/home/user/.m2/repository/commons-collections/commons-collections/3.2.2/commons-collections-3.2.2.jar:/home/user/.m2/repository/org/eclipse/jetty/jetty-servlet/9.3.25.v20180904/jetty-servlet-9.3.25.v20180904.jar:/home/user/.m2/repository/org/eclipse/jetty/jetty-security/9.3.25.v20180904/jetty-security-9.3.25.v20180904.jar:/home/user/.m2/repository/javax/servlet/jsp/jsp-api/2.1/jsp-api-2.1.jar:/home/user/.m2/repository/com/sun/jersey/jersey-servlet/1.19/jersey-servlet-1.19.jar:/home/user/.m2/repository/com/sun/jersey/jersey-json/1.19/jersey-json-1.19.jar:/home/user/.m2/repository/org/codehaus/jettison/jettison/1.1/jettison-1.1.jar:/home/user/.m2/repository/org/codehaus/jackson/jackson-core-asl/1.9.13/jackson-core-asl-1.9.13.jar:/home/user/.m2/repository/org/codehaus/jackson/jackson-mapper-asl/1.9.13/jackson-mapper-asl-1.9.13.jar:/home/user/.m2/repository/org/codehaus/jackson/jackson-jaxrs/1.9.13/jackson-jaxrs-1.9.13.jar:/home/user/.m2/repository/org/codehaus/jackson/jackson-xc/1.9.13/jackson-xc-1.9.13.jar:/home/user/.m2/repository/commons-logging/commons-logging/1.1.3/commons-logging-1.1.3.jar:/home/user/.m2/repository/commons-beanutils/commons-beanutils/1.9.4/commons-beanutils-1.9.4.jar:/home/user/.m2/repository/org/apache/commons/commons-configuration2/2.1.1/commons-configuration2-2.1.1.jar:/home/user/.m2/repository/org/apache/commons/commons-lang3/3.7/commons-lang3-3.7.jar:/home/user/.m2/repository/org/apache/commons/commons-text/1.4/commons-text-1.4.jar:/home/user/.m2/repository/org/apache/avro/avro/1.7.7/avro-1.7.7.jar:/home/user/.m2/repository/com/thoughtworks/paranamer/paranamer/2.3/paranamer-2.3.jar:/home/user/.m2/repository/org/xerial/snappy/snappy-java/1.0.5/snappy-java-1.0.5.jar:/home/user/.m2/repository/com/google/re2j/re2j/1.1/re2j-1.1.jar:/home/user/.m2/repository/com/google/code/gson/gson/2.2.4/gson-2.2.4.jar:/home/user/.m2/repository/com/jcraft/jsch/0.1.54/jsch-0.1.54.jar:/home/user/.m2/repository/org/apache/curator/curator-client/2.12.0/curator-client-2.12.0.jar:/home/user/.m2/repository/org/apache/curator/curator-recipes/2.12.0/curator-recipes-2.12.0.jar:/home/user/.m2/repository/com/google/code/findbugs/jsr305/3.0.0/jsr305-3.0.0.jar:/home/user/.m2/repository/org/apache/htrace/htrace-core4/4.1.0-incubating/htrace-core4-4.1.0-incubating.jar:/home/user/.m2/repository/org/apache/zookeeper/zookeeper/3.4.13/zookeeper-3.4.13.jar:/home/user/.m2/repository/jline/jline/0.9.94/jline-0.9.94.jar:/home/user/.m2/repository/org/apache/yetus/audience-annotations/0.5.0/audience-annotations-0.5.0.jar:/home/user/.m2/repository/org/codehaus/woodstox/stax2-api/3.1.4/stax2-api-3.1.4.jar:/home/user/.m2/repository/com/fasterxml/woodstox/woodstox-core/5.0.3/woodstox-core-5.0.3.jar:/home/user/.m2/repository/dnsjava/dnsjava/2.1.7/dnsjava-2.1.7.jar:/home/user/.m2/repository/org/apache/hadoop/hadoop-hdfs/3.2.0/hadoop-hdfs-3.2.0-tests.jar:/home/user/.m2/repository/org/eclipse/jetty/jetty-util-ajax/9.3.25.v20180904/jetty-util-ajax-9.3.25.v20180904.jar:/home/user/.m2/repository/commons-daemon/commons-daemon/1.0.13/commons-daemon-1.0.13.jar:/home/user/.m2/repository/io/netty/netty/3.10.5.Final/netty-3.10.5.Final.jar:/home/user/.m2/repository/io/netty/netty-all/4.0.52.Final/netty-all-4.0.52.Final.jar:/home/user/.m2/repository/org/fusesource/leveldbjni/leveldbjni-all/1.8/leveldbjni-all-1.8.jar:"/>
    <property name="java.vm.vendor" value="IcedTea"/>
    <property name="sun.arch.data.model" value="64"/>
    <property name="test.build.dir" value="/workdir/hadoop-ozone/integration-test/target/test-dir"/>
    <property name="test.cache.data" value=""/>
    <property name="java.vendor.url" value="https://icedtea.classpath.org"/>
    <property name="user.timezone" value=""/>
    <property name="java.vm.specification.version" value="1.8"/>
    <property name="os.name" value="Linux"/>
    <property name="test.build.data" value="/workdir/hadoop-ozone/integration-test/target/test-dir"/>
    <property name="user.country" value="US"/>
    <property name="sun.java.launcher" value="SUN_STANDARD"/>
    <property name="sun.boot.library.path" value="/usr/lib/jvm/java-1.8-openjdk/jre/lib/amd64"/>
    <property name="sun.java.command" value="/workdir/hadoop-ozone/integration-test/target/surefire/surefirebooter1515021480483839494.jar /workdir/hadoop-ozone/integration-test/target/surefire 2019-09-23T16-12-01_349-jvmRun1 surefire913192379017306581tmp surefire_585787275833030069554tmp"/>
    <property name="test" value="!TestMiniChaosOzoneCluster"/>
    <property name="surefire.test.class.path" value="/workdir/hadoop-ozone/integration-test/target/test-classes:/workdir/hadoop-ozone/integration-test/target/classes:/home/user/.m2/repository/org/apache/hadoop/hadoop-ozone-common/0.5.0-SNAPSHOT/hadoop-ozone-common-0.5.0-SNAPSHOT.jar:/home/user/.m2/repository/org/apache/commons/commons-compress/1.4.1/commons-compress-1.4.1.jar:/home/user/.m2/repository/org/tukaani/xz/1.0/xz-1.0.jar:/home/user/.m2/repository/org/apache/hadoop/hadoop-common/3.2.0/hadoop-common-3.2.0.jar:/home/user/.m2/repository/org/apache/hadoop/hadoop-hdfs/3.2.0/hadoop-hdfs-3.2.0.jar:/home/user/.m2/repository/org/apache/hadoop/hadoop-hdfs-client/3.2.0/hadoop-hdfs-client-3.2.0.jar:/home/user/.m2/repository/com/fasterxml/jackson/core/jackson-annotations/2.9.9/jackson-annotations-2.9.9.jar:/home/user/.m2/repository/org/apache/hadoop/hadoop-hdds-common/0.5.0-SNAPSHOT/hadoop-hdds-common-0.5.0-SNAPSHOT.jar:/home/user/.m2/repository/javax/annotation/javax.annotation-api/1.2/javax.annotation-api-1.2.jar:/home/user/.m2/repository/org/apache/ratis/ratis-server/0.4.0/ratis-server-0.4.0.jar:/home/user/.m2/repository/org/apache/ratis/ratis-thirdparty-misc/0.2.0/ratis-thirdparty-misc-0.2.0.jar:/home/user/.m2/repository/org/apache/ratis/ratis-proto/0.4.0/ratis-proto-0.4.0.jar:/home/user/.m2/repository/org/apache/ratis/ratis-common/0.4.0/ratis-common-0.4.0.jar:/home/user/.m2/repository/org/apache/ratis/ratis-client/0.4.0/ratis-client-0.4.0.jar:/home/user/.m2/repository/org/apache/ratis/ratis-metrics/0.4.0/ratis-metrics-0.4.0.jar:/home/user/.m2/repository/com/github/joshelser/dropwizard-metrics-hadoop-metrics2-reporter/0.1.2/dropwizard-metrics-hadoop-metrics2-reporter-0.1.2.jar:/home/user/.m2/repository/io/dropwizard/metrics/metrics-jvm/3.2.5/metrics-jvm-3.2.5.jar:/home/user/.m2/repository/io/dropwizard/metrics/metrics-ganglia/3.2.5/metrics-ganglia-3.2.5.jar:/home/user/.m2/repository/info/ganglia/gmetric4j/gmetric4j/1.0.7/gmetric4j-1.0.7.jar:/home/user/.m2/repository/org/apache/ratis/ratis-netty/0.4.0/ratis-netty-0.4.0.jar:/home/user/.m2/repository/org/apache/ratis/ratis-grpc/0.4.0/ratis-grpc-0.4.0.jar:/home/user/.m2/repository/org/rocksdb/rocksdbjni/6.0.1/rocksdbjni-6.0.1.jar:/home/user/.m2/repository/org/apache/logging/log4j/log4j-api/2.11.0/log4j-api-2.11.0.jar:/home/user/.m2/repository/org/apache/logging/log4j/log4j-core/2.11.0/log4j-core-2.11.0.jar:/home/user/.m2/repository/com/lmax/disruptor/3.4.2/disruptor-3.4.2.jar:/home/user/.m2/repository/org/apache/commons/commons-pool2/2.6.0/commons-pool2-2.6.0.jar:/home/user/.m2/repository/org/bouncycastle/bcpkix-jdk15on/1.60/bcpkix-jdk15on-1.60.jar:/home/user/.m2/repository/commons-validator/commons-validator/1.6/commons-validator-1.6.jar:/home/user/.m2/repository/commons-digester/commons-digester/1.8.1/commons-digester-1.8.1.jar:/home/user/.m2/repository/io/jaegertracing/jaeger-client/0.34.0/jaeger-client-0.34.0.jar:/home/user/.m2/repository/io/jaegertracing/jaeger-thrift/0.34.0/jaeger-thrift-0.34.0.jar:/home/user/.m2/repository/org/apache/thrift/libthrift/0.12.0/libthrift-0.12.0.jar:/home/user/.m2/repository/com/squareup/okhttp3/okhttp/3.9.0/okhttp-3.9.0.jar:/home/user/.m2/repository/com/squareup/okio/okio/1.13.0/okio-1.13.0.jar:/home/user/.m2/repository/io/jaegertracing/jaeger-core/0.34.0/jaeger-core-0.34.0.jar:/home/user/.m2/repository/io/jaegertracing/jaeger-tracerresolver/0.34.0/jaeger-tracerresolver-0.34.0.jar:/home/user/.m2/repository/io/opentracing/contrib/opentracing-tracerresolver/0.1.5/opentracing-tracerresolver-0.1.5.jar:/home/user/.m2/repository/io/opentracing/opentracing-util/0.31.0/opentracing-util-0.31.0.jar:/home/user/.m2/repository/io/opentracing/opentracing-api/0.31.0/opentracing-api-0.31.0.jar:/home/user/.m2/repository/io/opentracing/opentracing-noop/0.31.0/opentracing-noop-0.31.0.jar:/home/user/.m2/repository/org/apache/hadoop/hadoop-hdds-server-framework/0.5.0-SNAPSHOT/hadoop-hdds-server-framework-0.5.0-SNAPSHOT.jar:/home/user/.m2/repository/org/apache/hadoop/hadoop-hdds-container-service/0.5.0-SNAPSHOT/hadoop-hdds-container-service-0.5.0-SNAPSHOT.jar:/home/user/.m2/repository/org/apache/hadoop/hadoop-hdds-client/0.5.0-SNAPSHOT/hadoop-hdds-client-0.5.0-SNAPSHOT.jar:/home/user/.m2/repository/org/apache/hadoop/hadoop-hdds-tools/0.5.0-SNAPSHOT/hadoop-hdds-tools-0.5.0-SNAPSHOT.jar:/home/user/.m2/repository/org/apache/hadoop/hadoop-hdds-server-scm/0.5.0-SNAPSHOT/hadoop-hdds-server-scm-0.5.0-SNAPSHOT.jar:/home/user/.m2/repository/org/apache/hadoop/hadoop-hdds-docs/0.5.0-SNAPSHOT/hadoop-hdds-docs-0.5.0-SNAPSHOT.jar:/home/user/.m2/repository/io/dropwizard/metrics/metrics-core/3.2.4/metrics-core-3.2.4.jar:/home/user/.m2/repository/org/hamcrest/hamcrest-all/1.3/hamcrest-all-1.3.jar:/home/user/.m2/repository/org/bouncycastle/bcprov-jdk15on/1.60/bcprov-jdk15on-1.60.jar:/home/user/.m2/repository/info/picocli/picocli/3.9.6/picocli-3.9.6.jar:/home/user/.m2/repository/com/google/protobuf/protobuf-java/2.5.0/protobuf-java-2.5.0.jar:/home/user/.m2/repository/com/google/guava/guava/11.0.2/guava-11.0.2.jar:/home/user/.m2/repository/org/apache/hadoop/hadoop-ozone-ozone-manager/0.5.0-SNAPSHOT/hadoop-ozone-ozone-manager-0.5.0-SNAPSHOT.jar:/home/user/.m2/repository/org/apache/hadoop/hadoop-minikdc/3.2.0/hadoop-minikdc-3.2.0.jar:/home/user/.m2/repository/commons-io/commons-io/2.5/commons-io-2.5.jar:/home/user/.m2/repository/org/apache/kerby/kerb-simplekdc/1.0.1/kerb-simplekdc-1.0.1.jar:/home/user/.m2/repository/org/apache/kerby/kerb-client/1.0.1/kerb-client-1.0.1.jar:/home/user/.m2/repository/org/apache/kerby/kerby-config/1.0.1/kerby-config-1.0.1.jar:/home/user/.m2/repository/org/apache/kerby/kerb-core/1.0.1/kerb-core-1.0.1.jar:/home/user/.m2/repository/org/apache/kerby/kerby-pkix/1.0.1/kerby-pkix-1.0.1.jar:/home/user/.m2/repository/org/apache/kerby/kerby-asn1/1.0.1/kerby-asn1-1.0.1.jar:/home/user/.m2/repository/org/apache/kerby/kerby-util/1.0.1/kerby-util-1.0.1.jar:/home/user/.m2/repository/org/apache/kerby/kerb-common/1.0.1/kerb-common-1.0.1.jar:/home/user/.m2/repository/org/apache/kerby/kerb-crypto/1.0.1/kerb-crypto-1.0.1.jar:/home/user/.m2/repository/org/apache/kerby/kerb-util/1.0.1/kerb-util-1.0.1.jar:/home/user/.m2/repository/org/apache/kerby/token-provider/1.0.1/token-provider-1.0.1.jar:/home/user/.m2/repository/org/apache/kerby/kerb-admin/1.0.1/kerb-admin-1.0.1.jar:/home/user/.m2/repository/org/apache/kerby/kerb-server/1.0.1/kerb-server-1.0.1.jar:/home/user/.m2/repository/org/apache/kerby/kerb-identity/1.0.1/kerb-identity-1.0.1.jar:/home/user/.m2/repository/org/apache/kerby/kerby-xdr/1.0.1/kerby-xdr-1.0.1.jar:/home/user/.m2/repository/org/slf4j/slf4j-log4j12/1.7.25/slf4j-log4j12-1.7.25.jar:/home/user/.m2/repository/org/apache/hadoop/hadoop-ozone-s3gateway/0.5.0-SNAPSHOT/hadoop-ozone-s3gateway-0.5.0-SNAPSHOT.jar:/home/user/.m2/repository/org/jboss/weld/servlet/weld-servlet/2.4.7.Final/weld-servlet-2.4.7.Final.jar:/home/user/.m2/repository/org/glassfish/jersey/containers/jersey-container-servlet-core/2.27/jersey-container-servlet-core-2.27.jar:/home/user/.m2/repository/org/glassfish/hk2/external/javax.inject/2.5.0-b42/javax.inject-2.5.0-b42.jar:/home/user/.m2/repository/org/glassfish/jersey/core/jersey-common/2.27/jersey-common-2.27.jar:/home/user/.m2/repository/org/glassfish/hk2/osgi-resource-locator/1.0.1/osgi-resource-locator-1.0.1.jar:/home/user/.m2/repository/javax/ws/rs/javax.ws.rs-api/2.1/javax.ws.rs-api-2.1.jar:/home/user/.m2/repository/org/glassfish/jersey/ext/cdi/jersey-cdi1x/2.27/jersey-cdi1x-2.27.jar:/home/user/.m2/repository/org/glassfish/jersey/inject/jersey-hk2/2.27/jersey-hk2-2.27.jar:/home/user/.m2/repository/org/glassfish/hk2/hk2-locator/2.5.0-b42/hk2-locator-2.5.0-b42.jar:/home/user/.m2/repository/org/javassist/javassist/3.22.0-CR2/javassist-3.22.0-CR2.jar:/home/user/.m2/repository/org/glassfish/hk2/hk2-api/2.5.0/hk2-api-2.5.0.jar:/home/user/.m2/repository/org/glassfish/hk2/external/jakarta.inject/2.5.0/jakarta.inject-2.5.0.jar:/home/user/.m2/repository/org/glassfish/hk2/hk2-utils/2.5.0/hk2-utils-2.5.0.jar:/home/user/.m2/repository/jakarta/annotation/jakarta.annotation-api/1.3.4/jakarta.annotation-api-1.3.4.jar:/home/user/.m2/repository/org/glassfish/hk2/external/aopalliance-repackaged/2.5.0/aopalliance-repackaged-2.5.0.jar:/home/user/.m2/repository/com/fasterxml/jackson/dataformat/jackson-dataformat-xml/2.9.0/jackson-dataformat-xml-2.9.0.jar:/home/user/.m2/repository/com/fasterxml/jackson/core/jackson-core/2.9.9/jackson-core-2.9.9.jar:/home/user/.m2/repository/com/fasterxml/jackson/module/jackson-module-jaxb-annotations/2.9.9/jackson-module-jaxb-annotations-2.9.9.jar:/home/user/.m2/repository/javax/enterprise/cdi-api/1.2/cdi-api-1.2.jar:/home/user/.m2/repository/javax/el/javax.el-api/3.0.0/javax.el-api-3.0.0.jar:/home/user/.m2/repository/javax/interceptor/javax.interceptor-api/1.2/javax.interceptor-api-1.2.jar:/home/user/.m2/repository/javax/inject/javax.inject/1/javax.inject-1.jar:/home/user/.m2/repository/com/sun/xml/bind/jaxb-impl/2.3.0.1/jaxb-impl-2.3.0.1.jar:/home/user/.m2/repository/com/sun/xml/bind/jaxb-core/2.3.0.1/jaxb-core-2.3.0.1.jar:/home/user/.m2/repository/javax/xml/bind/jaxb-api/2.3.0/jaxb-api-2.3.0.jar:/home/user/.m2/repository/javax/activation/activation/1.1.1/activation-1.1.1.jar:/home/user/.m2/repository/org/apache/hadoop/hadoop-ozone-csi/0.5.0-SNAPSHOT/hadoop-ozone-csi-0.5.0-SNAPSHOT.jar:/home/user/.m2/repository/com/google/protobuf/protobuf-java-util/3.5.1/protobuf-java-util-3.5.1.jar:/home/user/.m2/repository/org/apache/hadoop/hadoop-hdds-config/0.5.0-SNAPSHOT/hadoop-hdds-config-0.5.0-SNAPSHOT.jar:/home/user/.m2/repository/io/grpc/grpc-netty/1.17.1/grpc-netty-1.17.1.jar:/home/user/.m2/repository/io/grpc/grpc-core/1.17.1/grpc-core-1.17.1.jar:/home/user/.m2/repository/io/grpc/grpc-context/1.17.1/grpc-context-1.17.1.jar:/home/user/.m2/repository/com/google/errorprone/error_prone_annotations/2.2.0/error_prone_annotations-2.2.0.jar:/home/user/.m2/repository/org/codehaus/mojo/animal-sniffer-annotations/1.17/animal-sniffer-annotations-1.17.jar:/home/user/.m2/repository/io/opencensus/opencensus-api/0.17.0/opencensus-api-0.17.0.jar:/home/user/.m2/repository/io/opencensus/opencensus-contrib-grpc-metrics/0.17.0/opencensus-contrib-grpc-metrics-0.17.0.jar:/home/user/.m2/repository/io/netty/netty-codec-http2/4.1.30.Final/netty-codec-http2-4.1.30.Final.jar:/home/user/.m2/repository/io/netty/netty-codec-http/4.1.30.Final/netty-codec-http-4.1.30.Final.jar:/home/user/.m2/repository/io/netty/netty-codec/4.1.30.Final/netty-codec-4.1.30.Final.jar:/home/user/.m2/repository/io/netty/netty-handler/4.1.30.Final/netty-handler-4.1.30.Final.jar:/home/user/.m2/repository/io/netty/netty-handler-proxy/4.1.30.Final/netty-handler-proxy-4.1.30.Final.jar:/home/user/.m2/repository/io/netty/netty-codec-socks/4.1.30.Final/netty-codec-socks-4.1.30.Final.jar:/home/user/.m2/repository/io/netty/netty-transport-native-epoll/4.1.30.Final/netty-transport-native-epoll-4.1.30.Final.jar:/home/user/.m2/repository/io/netty/netty-common/4.1.30.Final/netty-common-4.1.30.Final.jar:/home/user/.m2/repository/io/netty/netty-buffer/4.1.30.Final/netty-buffer-4.1.30.Final.jar:/home/user/.m2/repository/io/netty/netty-transport/4.1.30.Final/netty-transport-4.1.30.Final.jar:/home/user/.m2/repository/io/netty/netty-resolver/4.1.30.Final/netty-resolver-4.1.30.Final.jar:/home/user/.m2/repository/io/netty/netty-transport-native-unix-common/4.1.30.Final/netty-transport-native-unix-common-4.1.30.Final.jar:/home/user/.m2/repository/io/grpc/grpc-protobuf/1.17.1/grpc-protobuf-1.17.1.jar:/home/user/.m2/repository/com/google/api/grpc/proto-google-common-protos/1.0.0/proto-google-common-protos-1.0.0.jar:/home/user/.m2/repository/io/grpc/grpc-protobuf-lite/1.17.1/grpc-protobuf-lite-1.17.1.jar:/home/user/.m2/repository/io/grpc/grpc-stub/1.17.1/grpc-stub-1.17.1.jar:/home/user/.m2/repository/org/apache/hadoop/hadoop-ozone-recon/0.5.0-SNAPSHOT/hadoop-ozone-recon-0.5.0-SNAPSHOT.jar:/home/user/.m2/repository/org/apache/hadoop/hadoop-ozone-reconcodegen/0.5.0-SNAPSHOT/hadoop-ozone-reconcodegen-0.5.0-SNAPSHOT.jar:/home/user/.m2/repository/com/google/inject/extensions/guice-multibindings/4.0/guice-multibindings-4.0.jar:/home/user/.m2/repository/com/google/inject/guice/4.0/guice-4.0.jar:/home/user/.m2/repository/aopalliance/aopalliance/1.0/aopalliance-1.0.jar:/home/user/.m2/repository/com/google/inject/extensions/guice-servlet/4.0/guice-servlet-4.0.jar:/home/user/.m2/repository/org/glassfish/jersey/containers/jersey-container-servlet/2.27/jersey-container-servlet-2.27.jar:/home/user/.m2/repository/org/glassfish/hk2/guice-bridge/2.5.0/guice-bridge-2.5.0.jar:/home/user/.m2/repository/org/glassfish/jersey/core/jersey-server/2.27/jersey-server-2.27.jar:/home/user/.m2/repository/org/glassfish/jersey/core/jersey-client/2.27/jersey-client-2.27.jar:/home/user/.m2/repository/org/glassfish/jersey/media/jersey-media-jaxb/2.27/jersey-media-jaxb-2.27.jar:/home/user/.m2/repository/javax/validation/validation-api/1.1.0.Final/validation-api-1.1.0.Final.jar:/home/user/.m2/repository/org/glassfish/jersey/media/jersey-media-json-jackson/2.27/jersey-media-json-jackson-2.27.jar:/home/user/.m2/repository/org/glassfish/jersey/ext/jersey-entity-filtering/2.27/jersey-entity-filtering-2.27.jar:/home/user/.m2/repository/com/google/inject/extensions/guice-assistedinject/4.0/guice-assistedinject-4.0.jar:/home/user/.m2/repository/org/jooq/jooq/3.11.10/jooq-3.11.10.jar:/home/user/.m2/repository/org/jooq/jooq-meta/3.11.10/jooq-meta-3.11.10.jar:/home/user/.m2/repository/org/jooq/jooq-codegen/3.11.10/jooq-codegen-3.11.10.jar:/home/user/.m2/repository/com/jolbox/bonecp/0.8.0.RELEASE/bonecp-0.8.0.RELEASE.jar:/home/user/.m2/repository/org/xerial/sqlite-jdbc/3.25.2/sqlite-jdbc-3.25.2.jar:/home/user/.m2/repository/org/springframework/spring-jdbc/5.1.3.RELEASE/spring-jdbc-5.1.3.RELEASE.jar:/home/user/.m2/repository/org/springframework/spring-beans/5.1.3.RELEASE/spring-beans-5.1.3.RELEASE.jar:/home/user/.m2/repository/org/springframework/spring-core/5.1.3.RELEASE/spring-core-5.1.3.RELEASE.jar:/home/user/.m2/repository/org/springframework/spring-jcl/5.1.3.RELEASE/spring-jcl-5.1.3.RELEASE.jar:/home/user/.m2/repository/org/springframework/spring-tx/5.1.3.RELEASE/spring-tx-5.1.3.RELEASE.jar:/home/user/.m2/repository/org/apache/hadoop/hadoop-ozone-client/0.5.0-SNAPSHOT/hadoop-ozone-client-0.5.0-SNAPSHOT.jar:/home/user/.m2/repository/commons-lang/commons-lang/2.6/commons-lang-2.6.jar:/home/user/.m2/repository/org/apache/hadoop/hadoop-ozone-ozone-manager/0.5.0-SNAPSHOT/hadoop-ozone-ozone-manager-0.5.0-SNAPSHOT-tests.jar:/home/user/.m2/repository/junit/junit/4.11/junit-4.11.jar:/home/user/.m2/repository/org/hamcrest/hamcrest-core/1.3/hamcrest-core-1.3.jar:/home/user/.m2/repository/org/openjdk/jmh/jmh-core/1.19/jmh-core-1.19.jar:/home/user/.m2/repository/net/sf/jopt-simple/jopt-simple/4.6/jopt-simple-4.6.jar:/home/user/.m2/repository/org/apache/commons/commons-math3/3.1.1/commons-math3-3.1.1.jar:/home/user/.m2/repository/org/openjdk/jmh/jmh-generator-annprocess/1.19/jmh-generator-annprocess-1.19.jar:/home/user/.m2/repository/org/mockito/mockito-all/1.8.5/mockito-all-1.8.5.jar:/home/user/.m2/repository/org/apache/hadoop/hadoop-kms/3.2.0/hadoop-kms-3.2.0.jar:/home/user/.m2/repository/org/apache/hadoop/hadoop-auth/3.2.0/hadoop-auth-3.2.0.jar:/home/user/.m2/repository/com/nimbusds/nimbus-jose-jwt/4.41.1/nimbus-jose-jwt-4.41.1.jar:/home/user/.m2/repository/com/github/stephenc/jcip/jcip-annotations/1.0-1/jcip-annotations-1.0-1.jar:/home/user/.m2/repository/net/minidev/json-smart/2.3/json-smart-2.3.jar:/home/user/.m2/repository/net/minidev/accessors-smart/1.2/accessors-smart-1.2.jar:/home/user/.m2/repository/org/ow2/asm/asm/5.0.4/asm-5.0.4.jar:/home/user/.m2/repository/org/apache/curator/curator-framework/2.12.0/curator-framework-2.12.0.jar:/home/user/.m2/repository/com/sun/jersey/jersey-core/1.19/jersey-core-1.19.jar:/home/user/.m2/repository/javax/ws/rs/jsr311-api/1.1.1/jsr311-api-1.1.1.jar:/home/user/.m2/repository/com/sun/jersey/jersey-server/1.19/jersey-server-1.19.jar:/home/user/.m2/repository/javax/servlet/javax.servlet-api/3.1.0/javax.servlet-api-3.1.0.jar:/home/user/.m2/repository/org/eclipse/jetty/jetty-server/9.3.25.v20180904/jetty-server-9.3.25.v20180904.jar:/home/user/.m2/repository/org/eclipse/jetty/jetty-http/9.3.25.v20180904/jetty-http-9.3.25.v20180904.jar:/home/user/.m2/repository/org/eclipse/jetty/jetty-io/9.3.25.v20180904/jetty-io-9.3.25.v20180904.jar:/home/user/.m2/repository/org/eclipse/jetty/jetty-webapp/9.3.25.v20180904/jetty-webapp-9.3.25.v20180904.jar:/home/user/.m2/repository/org/eclipse/jetty/jetty-xml/9.3.25.v20180904/jetty-xml-9.3.25.v20180904.jar:/home/user/.m2/repository/log4j/log4j/1.2.17/log4j-1.2.17.jar:/home/user/.m2/repository/org/slf4j/slf4j-api/1.7.25/slf4j-api-1.7.25.jar:/home/user/.m2/repository/org/slf4j/jul-to-slf4j/1.7.25/jul-to-slf4j-1.7.25.jar:/home/user/.m2/repository/org/eclipse/jetty/jetty-util/9.3.25.v20180904/jetty-util-9.3.25.v20180904.jar:/home/user/.m2/repository/com/fasterxml/jackson/core/jackson-databind/2.9.9/jackson-databind-2.9.9.jar:/home/user/.m2/repository/org/apache/hadoop/hadoop-kms/3.2.0/hadoop-kms-3.2.0-tests.jar:/home/user/.m2/repository/org/apache/hadoop/hadoop-hdds-server-scm/0.5.0-SNAPSHOT/hadoop-hdds-server-scm-0.5.0-SNAPSHOT-tests.jar:/home/user/.m2/repository/org/apache/hadoop/hadoop-hdds-container-service/0.5.0-SNAPSHOT/hadoop-hdds-container-service-0.5.0-SNAPSHOT-tests.jar:/home/user/.m2/repository/org/yaml/snakeyaml/1.16/snakeyaml-1.16.jar:/home/user/.m2/repository/org/apache/hadoop/hadoop-common/3.2.0/hadoop-common-3.2.0-tests.jar:/home/user/.m2/repository/org/apache/hadoop/hadoop-annotations/3.2.0/hadoop-annotations-3.2.0.jar:/usr/lib/jvm/java-1.8-openjdk/jre/../lib/tools.jar:/home/user/.m2/repository/commons-cli/commons-cli/1.2/commons-cli-1.2.jar:/home/user/.m2/repository/org/apache/httpcomponents/httpclient/4.5.2/httpclient-4.5.2.jar:/home/user/.m2/repository/org/apache/httpcomponents/httpcore/4.4.4/httpcore-4.4.4.jar:/home/user/.m2/repository/commons-codec/commons-codec/1.11/commons-codec-1.11.jar:/home/user/.m2/repository/commons-net/commons-net/3.6/commons-net-3.6.jar:/home/user/.m2/repository/commons-collections/commons-collections/3.2.2/commons-collections-3.2.2.jar:/home/user/.m2/repository/org/eclipse/jetty/jetty-servlet/9.3.25.v20180904/jetty-servlet-9.3.25.v20180904.jar:/home/user/.m2/repository/org/eclipse/jetty/jetty-security/9.3.25.v20180904/jetty-security-9.3.25.v20180904.jar:/home/user/.m2/repository/javax/servlet/jsp/jsp-api/2.1/jsp-api-2.1.jar:/home/user/.m2/repository/com/sun/jersey/jersey-servlet/1.19/jersey-servlet-1.19.jar:/home/user/.m2/repository/com/sun/jersey/jersey-json/1.19/jersey-json-1.19.jar:/home/user/.m2/repository/org/codehaus/jettison/jettison/1.1/jettison-1.1.jar:/home/user/.m2/repository/org/codehaus/jackson/jackson-core-asl/1.9.13/jackson-core-asl-1.9.13.jar:/home/user/.m2/repository/org/codehaus/jackson/jackson-mapper-asl/1.9.13/jackson-mapper-asl-1.9.13.jar:/home/user/.m2/repository/org/codehaus/jackson/jackson-jaxrs/1.9.13/jackson-jaxrs-1.9.13.jar:/home/user/.m2/repository/org/codehaus/jackson/jackson-xc/1.9.13/jackson-xc-1.9.13.jar:/home/user/.m2/repository/commons-logging/commons-logging/1.1.3/commons-logging-1.1.3.jar:/home/user/.m2/repository/commons-beanutils/commons-beanutils/1.9.4/commons-beanutils-1.9.4.jar:/home/user/.m2/repository/org/apache/commons/commons-configuration2/2.1.1/commons-configuration2-2.1.1.jar:/home/user/.m2/repository/org/apache/commons/commons-lang3/3.7/commons-lang3-3.7.jar:/home/user/.m2/repository/org/apache/commons/commons-text/1.4/commons-text-1.4.jar:/home/user/.m2/repository/org/apache/avro/avro/1.7.7/avro-1.7.7.jar:/home/user/.m2/repository/com/thoughtworks/paranamer/paranamer/2.3/paranamer-2.3.jar:/home/user/.m2/repository/org/xerial/snappy/snappy-java/1.0.5/snappy-java-1.0.5.jar:/home/user/.m2/repository/com/google/re2j/re2j/1.1/re2j-1.1.jar:/home/user/.m2/repository/com/google/code/gson/gson/2.2.4/gson-2.2.4.jar:/home/user/.m2/repository/com/jcraft/jsch/0.1.54/jsch-0.1.54.jar:/home/user/.m2/repository/org/apache/curator/curator-client/2.12.0/curator-client-2.12.0.jar:/home/user/.m2/repository/org/apache/curator/curator-recipes/2.12.0/curator-recipes-2.12.0.jar:/home/user/.m2/repository/com/google/code/findbugs/jsr305/3.0.0/jsr305-3.0.0.jar:/home/user/.m2/repository/org/apache/htrace/htrace-core4/4.1.0-incubating/htrace-core4-4.1.0-incubating.jar:/home/user/.m2/repository/org/apache/zookeeper/zookeeper/3.4.13/zookeeper-3.4.13.jar:/home/user/.m2/repository/jline/jline/0.9.94/jline-0.9.94.jar:/home/user/.m2/repository/org/apache/yetus/audience-annotations/0.5.0/audience-annotations-0.5.0.jar:/home/user/.m2/repository/org/codehaus/woodstox/stax2-api/3.1.4/stax2-api-3.1.4.jar:/home/user/.m2/repository/com/fasterxml/woodstox/woodstox-core/5.0.3/woodstox-core-5.0.3.jar:/home/user/.m2/repository/dnsjava/dnsjava/2.1.7/dnsjava-2.1.7.jar:/home/user/.m2/repository/org/apache/hadoop/hadoop-hdfs/3.2.0/hadoop-hdfs-3.2.0-tests.jar:/home/user/.m2/repository/org/eclipse/jetty/jetty-util-ajax/9.3.25.v20180904/jetty-util-ajax-9.3.25.v20180904.jar:/home/user/.m2/repository/commons-daemon/commons-daemon/1.0.13/commons-daemon-1.0.13.jar:/home/user/.m2/repository/io/netty/netty/3.10.5.Final/netty-3.10.5.Final.jar:/home/user/.m2/repository/io/netty/netty-all/4.0.52.Final/netty-all-4.0.52.Final.jar:/home/user/.m2/repository/org/fusesource/leveldbjni/leveldbjni-all/1.8/leveldbjni-all-1.8.jar:"/>
    <property name="sun.cpu.endian" value="little"/>
    <property name="user.home" value="/home/user"/>
    <property name="user.language" value="en"/>
    <property name="java.specification.vendor" value="Oracle Corporation"/>
    <property name="java.home" value="/usr/lib/jvm/java-1.8-openjdk/jre"/>
    <property name="java.security.krb5.conf" value="/workdir/hadoop-ozone/integration-test/target/test-classes/krb5.conf"/>
    <property name="basedir" value="/workdir/hadoop-ozone/integration-test"/>
    <property name="file.separator" value="/"/>
    <property name="line.separator" value="&#10;"/>
    <property name="java.vm.specification.vendor" value="Oracle Corporation"/>
    <property name="java.specification.name" value="Java Platform API Specification"/>
    <property name="java.awt.graphicsenv" value="sun.awt.X11GraphicsEnvironment"/>
    <property name="surefire.real.class.path" value="/workdir/hadoop-ozone/integration-test/target/surefire/surefirebooter1515021480483839494.jar"/>
    <property name="hadoop.log.dir" value="/workdir/hadoop-ozone/integration-test/target/log"/>
    <property name="sun.boot.class.path" value="/usr/lib/jvm/java-1.8-openjdk/jre/lib/resources.jar:/usr/lib/jvm/java-1.8-openjdk/jre/lib/rt.jar:/usr/lib/jvm/java-1.8-openjdk/jre/lib/sunrsasign.jar:/usr/lib/jvm/java-1.8-openjdk/jre/lib/jsse.jar:/usr/lib/jvm/java-1.8-openjdk/jre/lib/jce.jar:/usr/lib/jvm/java-1.8-openjdk/jre/lib/charsets.jar:/usr/lib/jvm/java-1.8-openjdk/jre/lib/jfr.jar:/usr/lib/jvm/java-1.8-openjdk/jre/classes"/>
    <property name="sun.management.compiler" value="HotSpot 64-Bit Tiered Compilers"/>
    <property name="java.runtime.version" value="1.8.0_212-b04"/>
    <property name="java.net.preferIPv4Stack" value="true"/>
    <property name="user.name" value="jenkins1000"/>
    <property name="path.separator" value=":"/>
    <property name="java.security.egd" value="file:///dev/urandom"/>
    <property name="os.version" value="3.10.0-957.12.2.el7.x86_64"/>
    <property name="java.endorsed.dirs" value="/usr/lib/jvm/java-1.8-openjdk/jre/lib/endorsed"/>
    <property name="java.runtime.name" value="OpenJDK Runtime Environment"/>
    <property name="file.encoding" value="UTF-8"/>
    <property name="java.vm.name" value="OpenJDK 64-Bit Server VM"/>
    <property name="test.build.webapps" value=""/>
    <property name="localRepository" value="/home/user/.m2/repository"/>
    <property name="java.vendor.url.bug" value="https://icedtea.classpath.org/bugzilla"/>
    <property name="java.io.tmpdir" value="/tmp"/>
    <property name="require.test.libhadoop" value=""/>
    <property name="java.version" value="1.8.0_212"/>
    <property name="user.dir" value="/workdir/hadoop-ozone/integration-test"/>
    <property name="os.arch" value="amd64"/>
    <property name="java.vm.specification.name" value="Java Virtual Machine Specification"/>
    <property name="test.build.classes" value="/workdir/hadoop-ozone/integration-test/target/test-classes"/>
    <property name="java.awt.printerjob" value="sun.print.PSPrinterJob"/>
    <property name="sun.os.patch.level" value="unknown"/>
    <property name="hadoop.tmp.dir" value="/workdir/hadoop-ozone/integration-test/target/tmp"/>
    <property name="java.library.path" value="/usr/lib/jvm/java-1.8-openjdk/jre/lib/amd64/server:/usr/lib/jvm/java-1.8-openjdk/jre/lib/amd64:/usr/lib/jvm/java-1.8-openjdk/jre/../lib/amd64:/workdir/hadoop-ozone/integration-test/target/native/target/usr/local/lib:/workdir/hadoop-ozone/integration-test/../../hadoop-common-project/hadoop-common/target/native/target/usr/local/lib:/usr/java/packages/lib/amd64:/usr/lib64:/lib64:/lib:/usr/lib"/>
    <property name="java.vm.info" value="mixed mode"/>
    <property name="java.vendor" value="IcedTea"/>
    <property name="java.vm.version" value="25.212-b04"/>
    <property name="java.ext.dirs" value="/usr/lib/jvm/java-1.8-openjdk/jre/lib/ext:/usr/java/packages/lib/ext"/>
    <property name="sun.io.unicode.encoding" value="UnicodeLittle"/>
    <property name="java.class.version" value="52.0"/>
  </properties>
  <testcase name="testPipelineExclusionWithPipelineFailure" classname="org.apache.hadoop.ozone.client.rpc.TestFailureHandlingByClient" time="98.27"/>
  <testcase name="testContainerExclusionWithClosedContainerException" classname="org.apache.hadoop.ozone.client.rpc.TestFailureHandlingByClient" time="45.43"/>
  <testcase name="testWriteSmallFile" classname="org.apache.hadoop.ozone.client.rpc.TestFailureHandlingByClient" time="67.798"/>
  <testcase name="testBlockWritesWithDnFailures" classname="org.apache.hadoop.ozone.client.rpc.TestFailureHandlingByClient" time="65.756"/>
  <testcase name="testDatanodeExclusionWithMajorityCommit" classname="org.apache.hadoop.ozone.client.rpc.TestFailureHandlingByClient" time="67.165">
    <failure type="java.lang.AssertionError">java.lang.AssertionError
	at org.junit.Assert.fail(Assert.java:86)
	at org.junit.Assert.assertTrue(Assert.java:41)
	at org.junit.Assert.assertTrue(Assert.java:52)
	at org.apache.hadoop.ozone.client.rpc.TestFailureHandlingByClient.testDatanodeExclusionWithMajorityCommit(TestFailureHandlingByClient.java:318)
	at sun.reflect.NativeMethodAccessorImpl.invoke0(Native Method)
	at sun.reflect.NativeMethodAccessorImpl.invoke(NativeMethodAccessorImpl.java:62)
	at sun.reflect.DelegatingMethodAccessorImpl.invoke(DelegatingMethodAccessorImpl.java:43)
	at java.lang.reflect.Method.invoke(Method.java:498)
	at org.junit.runners.model.FrameworkMethod$1.runReflectiveCall(FrameworkMethod.java:47)
	at org.junit.internal.runners.model.ReflectiveCallable.run(ReflectiveCallable.java:12)
	at org.junit.runners.model.FrameworkMethod.invokeExplosively(FrameworkMethod.java:44)
	at org.junit.internal.runners.statements.InvokeMethod.evaluate(InvokeMethod.java:17)
	at org.junit.internal.runners.statements.RunAfters.evaluate(RunAfters.java:27)
	at org.junit.runners.ParentRunner.runLeaf(ParentRunner.java:271)
	at org.junit.runners.BlockJUnit4ClassRunner.runChild(BlockJUnit4ClassRunner.java:70)
	at org.junit.runners.BlockJUnit4ClassRunner.runChild(BlockJUnit4ClassRunner.java:50)
	at org.junit.runners.ParentRunner$3.run(ParentRunner.java:238)
	at org.junit.runners.ParentRunner$1.schedule(ParentRunner.java:63)
	at org.junit.runners.ParentRunner.runChildren(ParentRunner.java:236)
	at org.junit.runners.ParentRunner.access$000(ParentRunner.java:53)
	at org.junit.runners.ParentRunner$2.evaluate(ParentRunner.java:229)
	at org.junit.runners.ParentRunner.run(ParentRunner.java:309)
	at org.apache.maven.surefire.junit4.JUnit4Provider.execute(JUnit4Provider.java:365)
	at org.apache.maven.surefire.junit4.JUnit4Provider.executeWithRerun(JUnit4Provider.java:273)
	at org.apache.maven.surefire.junit4.JUnit4Provider.executeTestSet(JUnit4Provider.java:238)
	at org.apache.maven.surefire.junit4.JUnit4Provider.invoke(JUnit4Provider.java:159)
	at org.apache.maven.surefire.booter.ForkedBooter.invokeProviderInSameClassLoader(ForkedBooter.java:384)
	at org.apache.maven.surefire.booter.ForkedBooter.runSuitesInProcess(ForkedBooter.java:345)
	at org.apache.maven.surefire.booter.ForkedBooter.execute(ForkedBooter.java:126)
	at org.apache.maven.surefire.booter.ForkedBooter.main(ForkedBooter.java:418)
</failure>
    <system-out><![CDATA[2019-09-23 17:22:02,750 [main] WARN  server.ServerUtils (ServerUtils.java:getScmDbDir(145)) - ozone.scm.db.dirs is not configured. We recommend adding this setting. Falling back to ozone.metadata.dirs instead.
2019-09-23 17:22:02,790 [main] WARN  server.ServerUtils (ServerUtils.java:getScmDbDir(145)) - ozone.scm.db.dirs is not configured. We recommend adding this setting. Falling back to ozone.metadata.dirs instead.
2019-09-23 17:22:02,790 [main] WARN  server.ServerUtils (ServerUtils.java:getScmDbDir(145)) - ozone.scm.db.dirs is not configured. We recommend adding this setting. Falling back to ozone.metadata.dirs instead.
2019-09-23 17:22:02,790 [main] INFO  db.DBStoreBuilder (DBStoreBuilder.java:addTable(110)) - using custom profile for table: deletedBlocks
2019-09-23 17:22:02,790 [main] INFO  db.DBStoreBuilder (DBStoreBuilder.java:processTables(161)) - Using default column profile:DBProfile.DISK for Table:deletedBlocks
2019-09-23 17:22:02,791 [main] INFO  db.DBStoreBuilder (DBStoreBuilder.java:addTable(110)) - using custom profile for table: validCerts
2019-09-23 17:22:02,791 [main] INFO  db.DBStoreBuilder (DBStoreBuilder.java:processTables(161)) - Using default column profile:DBProfile.DISK for Table:validCerts
2019-09-23 17:22:02,791 [main] INFO  db.DBStoreBuilder (DBStoreBuilder.java:addTable(110)) - using custom profile for table: revokedCerts
2019-09-23 17:22:02,791 [main] INFO  db.DBStoreBuilder (DBStoreBuilder.java:processTables(161)) - Using default column profile:DBProfile.DISK for Table:revokedCerts
2019-09-23 17:22:02,791 [main] INFO  db.DBStoreBuilder (DBStoreBuilder.java:addTable(110)) - using custom profile for table: default
2019-09-23 17:22:02,791 [main] INFO  db.DBStoreBuilder (DBStoreBuilder.java:processTables(167)) - Using default column profile:DBProfile.DISK for Table:default
2019-09-23 17:22:02,792 [main] INFO  db.DBStoreBuilder (DBStoreBuilder.java:getDbProfile(198)) - Using default options. DBProfile.DISK
2019-09-23 17:22:02,943 [main] INFO  net.NodeSchemaLoader (NodeSchemaLoader.java:loadSchemaFromFile(125)) - Loading file from sun.misc.CompoundEnumeration@e3899fd
2019-09-23 17:22:02,944 [main] INFO  net.NodeSchemaLoader (NodeSchemaLoader.java:loadSchema(171)) - Loading network topology layer schema file
2019-09-23 17:22:02,949 [main] INFO  node.SCMNodeManager (SCMNodeManager.java:<init>(114)) - Entering startup safe mode.
2019-09-23 17:22:02,949 [main] INFO  algorithms.ContainerPlacementPolicyFactory (ContainerPlacementPolicyFactory.java:getPolicy(57)) - Create container placement policy of type org.apache.hadoop.hdds.scm.container.placement.algorithms.SCMContainerPlacementRandom
2019-09-23 17:22:02,950 [main] WARN  server.ServerUtils (ServerUtils.java:getScmDbDir(145)) - ozone.scm.db.dirs is not configured. We recommend adding this setting. Falling back to ozone.metadata.dirs instead.
2019-09-23 17:22:02,999 [main] INFO  pipeline.SCMPipelineManager (SCMPipelineManager.java:initializePipelineState(132)) - No pipeline exists in current db
2019-09-23 17:22:02,999 [main] WARN  server.ServerUtils (ServerUtils.java:getScmDbDir(145)) - ozone.scm.db.dirs is not configured. We recommend adding this setting. Falling back to ozone.metadata.dirs instead.
2019-09-23 17:22:03,916 [main] WARN  events.EventQueue (EventQueue.java:fireEvent(183)) - No event handler registered for event TypedEvent{payloadType=SafeModeStatus, name='SafeModeStatus'}
2019-09-23 17:22:03,917 [main] INFO  ipc.CallQueueManager (CallQueueManager.java:<init>(84)) - Using callQueue: class java.util.concurrent.LinkedBlockingQueue, queueCapacity: 2000, scheduler: class org.apache.hadoop.ipc.DefaultRpcScheduler, ipcBackoff: false.
2019-09-23 17:22:03,917 [Socket Reader #1 for port 34330] INFO  ipc.Server (Server.java:run(1074)) - Starting Socket Reader #1 for port 34330
2019-09-23 17:22:03,920 [main] INFO  ipc.CallQueueManager (CallQueueManager.java:<init>(84)) - Using callQueue: class java.util.concurrent.LinkedBlockingQueue, queueCapacity: 2000, scheduler: class org.apache.hadoop.ipc.DefaultRpcScheduler, ipcBackoff: false.
2019-09-23 17:22:03,920 [Socket Reader #1 for port 42211] INFO  ipc.Server (Server.java:run(1074)) - Starting Socket Reader #1 for port 42211
2019-09-23 17:22:03,922 [main] INFO  ipc.CallQueueManager (CallQueueManager.java:<init>(84)) - Using callQueue: class java.util.concurrent.LinkedBlockingQueue, queueCapacity: 2000, scheduler: class org.apache.hadoop.ipc.DefaultRpcScheduler, ipcBackoff: false.
2019-09-23 17:22:03,923 [Socket Reader #1 for port 36600] INFO  ipc.Server (Server.java:run(1074)) - Starting Socket Reader #1 for port 36600
2019-09-23 17:22:03,927 [main] INFO  hdfs.DFSUtil (DFSUtil.java:httpServerTemplateForNNAndJN(1641)) - Starting Web-server for scm at: http://0.0.0.0:0
2019-09-23 17:22:03,930 [main] INFO  server.AuthenticationFilter (AuthenticationFilter.java:constructSecretProvider(240)) - Unable to initialize FileSignerSecretProvider, falling back to use random secrets.
2019-09-23 17:22:03,931 [main] WARN  http.HttpRequestLog (HttpRequestLog.java:getRequestLog(97)) - Jetty request log can only be enabled using Log4j
2019-09-23 17:22:03,933 [main] INFO  http.HttpServer2 (HttpServer2.java:addGlobalFilter(975)) - Added global filter 'safety' (class=org.apache.hadoop.http.HttpServer2$QuotingInputFilter)
2019-09-23 17:22:03,934 [main] INFO  http.HttpServer2 (HttpServer2.java:addFilter(948)) - Added filter static_user_filter (class=org.apache.hadoop.http.lib.StaticUserWebFilter$StaticUserFilter) to context scm
2019-09-23 17:22:03,934 [main] INFO  http.HttpServer2 (HttpServer2.java:addFilter(958)) - Added filter static_user_filter (class=org.apache.hadoop.http.lib.StaticUserWebFilter$StaticUserFilter) to context logs
2019-09-23 17:22:03,934 [main] INFO  http.HttpServer2 (HttpServer2.java:addFilter(958)) - Added filter static_user_filter (class=org.apache.hadoop.http.lib.StaticUserWebFilter$StaticUserFilter) to context static
2019-09-23 17:22:03,937 [main] INFO  server.StorageContainerManager (StorageContainerManager.java:start(770)) - StorageContainerLocationProtocol RPC server is listening at /0.0.0.0:36600
2019-09-23 17:22:03,940 [main] WARN  impl.MetricsConfig (MetricsConfig.java:loadFirst(134)) - Cannot locate configuration: tried hadoop-metrics2-storagecontainermanager.properties,hadoop-metrics2.properties
2019-09-23 17:22:03,941 [main] INFO  impl.MetricsSystemImpl (MetricsSystemImpl.java:startTimer(374)) - Scheduled Metric snapshot period at 10 second(s).
2019-09-23 17:22:03,942 [main] INFO  impl.MetricsSystemImpl (MetricsSystemImpl.java:start(191)) - StorageContainerManager metrics system started
2019-09-23 17:22:04,053 [main] INFO  lib.Interns (Interns.java:removeEldestEntry(50)) - Metrics intern cache overflow at 2011 for MetricsSystem={MetricsSystem=MetricsInfoImpl{name=MetricsSystem, description=MetricsSystem}, MetricsSystem record=MetricsInfoImpl{name=MetricsSystem, description=MetricsSystem record}}
2019-09-23 17:22:04,054 [main] WARN  impl.MetricsSystemImpl (MetricsSystemImpl.java:register(276)) - Sink prometheus already exists!
2019-09-23 17:22:04,098 [main] INFO  server.SCMClientProtocolServer (SCMClientProtocolServer.java:start(151)) - RPC server for Client  is listening at /0.0.0.0:36600
2019-09-23 17:22:04,098 [IPC Server Responder] INFO  ipc.Server (Server.java:run(1314)) - IPC Server Responder: starting
2019-09-23 17:22:04,098 [IPC Server listener on 36600] INFO  ipc.Server (Server.java:run(1153)) - IPC Server listener on 36600: starting
2019-09-23 17:22:04,102 [main] INFO  server.StorageContainerManager (StorageContainerManager.java:start(780)) - ScmBlockLocationProtocol RPC server is listening at /0.0.0.0:42211
2019-09-23 17:22:04,102 [main] INFO  server.SCMBlockProtocolServer (SCMBlockProtocolServer.java:start(146)) - RPC server for Block Protocol is listening at /0.0.0.0:42211
2019-09-23 17:22:04,102 [IPC Server Responder] INFO  ipc.Server (Server.java:run(1314)) - IPC Server Responder: starting
2019-09-23 17:22:04,103 [IPC Server listener on 42211] INFO  ipc.Server (Server.java:run(1153)) - IPC Server listener on 42211: starting
2019-09-23 17:22:04,106 [main] INFO  server.StorageContainerManager (StorageContainerManager.java:start(784)) - ScmDatanodeProtocl RPC server is listening at /0.0.0.0:34330
2019-09-23 17:22:04,107 [main] INFO  server.SCMDatanodeProtocolServer (SCMDatanodeProtocolServer.java:start(191)) - RPC server for DataNodes is listening at /0.0.0.0:34330
2019-09-23 17:22:04,107 [IPC Server Responder] INFO  ipc.Server (Server.java:run(1314)) - IPC Server Responder: starting
2019-09-23 17:22:04,108 [IPC Server listener on 34330] INFO  ipc.Server (Server.java:run(1153)) - IPC Server listener on 34330: starting
2019-09-23 17:22:04,111 [main] INFO  http.HttpServer2 (HttpServer2.java:bindListener(1191)) - Jetty bound to port 42389
2019-09-23 17:22:04,111 [main] INFO  server.Server (Server.java:doStart(351)) - jetty-9.3.25.v20180904, build timestamp: 2018-09-04T21:11:46Z, git hash: 3ce520221d0240229c862b122d2b06c12a625732
2019-09-23 17:22:04,113 [main] INFO  handler.ContextHandler (ContextHandler.java:doStart(781)) - Started o.e.j.s.ServletContextHandler@19a5b637{/logs,file:///workdir/hadoop-ozone/integration-test/target/log,AVAILABLE}
2019-09-23 17:22:04,114 [main] INFO  handler.ContextHandler (ContextHandler.java:doStart(781)) - Started o.e.j.s.ServletContextHandler@4b4969ea{/static,file:///workdir/hadoop-ozone/integration-test/target/test-classes/webapps/static,AVAILABLE}
2019-09-23 17:22:04,117 [main] INFO  handler.ContextHandler (ContextHandler.java:doStart(781)) - Started o.e.j.w.WebAppContext@76a9a009{/,file:///workdir/hadoop-ozone/integration-test/target/test-classes/webapps/scm/,AVAILABLE}{/scm}
2019-09-23 17:22:04,117 [main] INFO  server.AbstractConnector (AbstractConnector.java:doStart(278)) - Started ServerConnector@9785903{HTTP/1.1,[http/1.1]}{0.0.0.0:42389}
2019-09-23 17:22:04,118 [main] INFO  server.Server (Server.java:doStart(419)) - Started @279043ms
2019-09-23 17:22:04,119 [main] WARN  impl.MetricsSystemImpl (MetricsSystemImpl.java:register(276)) - Sink prometheus already exists!
2019-09-23 17:22:04,120 [main] INFO  server.BaseHttpServer (BaseHttpServer.java:updateConnectorAddress(215)) - HTTP server of SCM is listening at http://0.0.0.0:42389
2019-09-23 17:22:04,121 [main] WARN  server.ServerUtils (ServerUtils.java:getDBPath(222)) - ozone.om.db.dirs is not configured. We recommend adding this setting. Falling back to ozone.metadata.dirs instead.
2019-09-23 17:22:04,121 [org.apache.hadoop.util.JvmPauseMonitor$Monitor@3f68a7f8] INFO  util.JvmPauseMonitor (JvmPauseMonitor.java:run(188)) - Starting JVM pause monitor
2019-09-23 17:22:05,899 [main] WARN  server.ServerUtils (ServerUtils.java:getDBPath(222)) - ozone.om.db.dirs is not configured. We recommend adding this setting. Falling back to ozone.metadata.dirs instead.
2019-09-23 17:22:05,900 [main] WARN  server.ServerUtils (ServerUtils.java:getDBPath(222)) - ozone.om.db.dirs is not configured. We recommend adding this setting. Falling back to ozone.metadata.dirs instead.
2019-09-23 17:22:05,901 [main] INFO  om.OzoneManager (OzoneManager.java:setOMNodeDetails(652)) - OM Service ID is not set. Setting it to the default ID: omServiceIdDefault
2019-09-23 17:22:05,901 [main] INFO  om.OzoneManager (OzoneManager.java:setOMNodeDetails(658)) - OM Node ID is not set. Setting it to the OmStorage's OmID: eb0f06c9-e404-4f47-9338-0c34c99c78c0
2019-09-23 17:22:05,902 [main] INFO  om.OzoneManager (OzoneManager.java:loadOMHAConfigs(609)) - Found matching OM address with OMServiceId: null, OMNodeId: null, RPC Address: localhost:0 and Ratis port: 9872
2019-09-23 17:22:05,915 [main] WARN  server.ServerUtils (ServerUtils.java:getDBPath(222)) - ozone.om.db.dirs is not configured. We recommend adding this setting. Falling back to ozone.metadata.dirs instead.
2019-09-23 17:22:05,915 [main] INFO  db.DBStoreBuilder (DBStoreBuilder.java:addTable(110)) - using custom profile for table: userTable
2019-09-23 17:22:05,915 [main] INFO  db.DBStoreBuilder (DBStoreBuilder.java:processTables(161)) - Using default column profile:DBProfile.DISK for Table:userTable
2019-09-23 17:22:05,916 [main] INFO  db.DBStoreBuilder (DBStoreBuilder.java:addTable(110)) - using custom profile for table: volumeTable
2019-09-23 17:22:05,916 [main] INFO  db.DBStoreBuilder (DBStoreBuilder.java:processTables(161)) - Using default column profile:DBProfile.DISK for Table:volumeTable
2019-09-23 17:22:05,917 [main] INFO  db.DBStoreBuilder (DBStoreBuilder.java:addTable(110)) - using custom profile for table: bucketTable
2019-09-23 17:22:05,917 [main] INFO  db.DBStoreBuilder (DBStoreBuilder.java:processTables(161)) - Using default column profile:DBProfile.DISK for Table:bucketTable
2019-09-23 17:22:05,917 [main] INFO  db.DBStoreBuilder (DBStoreBuilder.java:addTable(110)) - using custom profile for table: keyTable
2019-09-23 17:22:05,917 [main] INFO  db.DBStoreBuilder (DBStoreBuilder.java:processTables(161)) - Using default column profile:DBProfile.DISK for Table:keyTable
2019-09-23 17:22:05,918 [main] INFO  db.DBStoreBuilder (DBStoreBuilder.java:addTable(110)) - using custom profile for table: deletedTable
2019-09-23 17:22:05,918 [main] INFO  db.DBStoreBuilder (DBStoreBuilder.java:processTables(161)) - Using default column profile:DBProfile.DISK for Table:deletedTable
2019-09-23 17:22:05,919 [main] INFO  db.DBStoreBuilder (DBStoreBuilder.java:addTable(110)) - using custom profile for table: openKeyTable
2019-09-23 17:22:05,919 [main] INFO  db.DBStoreBuilder (DBStoreBuilder.java:processTables(161)) - Using default column profile:DBProfile.DISK for Table:openKeyTable
2019-09-23 17:22:05,919 [main] INFO  db.DBStoreBuilder (DBStoreBuilder.java:addTable(110)) - using custom profile for table: s3Table
2019-09-23 17:22:05,919 [main] INFO  db.DBStoreBuilder (DBStoreBuilder.java:processTables(161)) - Using default column profile:DBProfile.DISK for Table:s3Table
2019-09-23 17:22:05,920 [main] INFO  db.DBStoreBuilder (DBStoreBuilder.java:addTable(110)) - using custom profile for table: multipartInfoTable
2019-09-23 17:22:05,920 [main] INFO  db.DBStoreBuilder (DBStoreBuilder.java:processTables(161)) - Using default column profile:DBProfile.DISK for Table:multipartInfoTable
2019-09-23 17:22:05,921 [main] INFO  db.DBStoreBuilder (DBStoreBuilder.java:addTable(110)) - using custom profile for table: dTokenTable
2019-09-23 17:22:05,921 [main] INFO  db.DBStoreBuilder (DBStoreBuilder.java:processTables(161)) - Using default column profile:DBProfile.DISK for Table:dTokenTable
2019-09-23 17:22:05,921 [main] INFO  db.DBStoreBuilder (DBStoreBuilder.java:addTable(110)) - using custom profile for table: s3SecretTable
2019-09-23 17:22:05,921 [main] INFO  db.DBStoreBuilder (DBStoreBuilder.java:processTables(161)) - Using default column profile:DBProfile.DISK for Table:s3SecretTable
2019-09-23 17:22:05,922 [main] INFO  db.DBStoreBuilder (DBStoreBuilder.java:addTable(110)) - using custom profile for table: prefixTable
2019-09-23 17:22:05,922 [main] INFO  db.DBStoreBuilder (DBStoreBuilder.java:processTables(161)) - Using default column profile:DBProfile.DISK for Table:prefixTable
2019-09-23 17:22:05,922 [main] INFO  db.DBStoreBuilder (DBStoreBuilder.java:addTable(110)) - using custom profile for table: default
2019-09-23 17:22:05,923 [main] INFO  db.DBStoreBuilder (DBStoreBuilder.java:processTables(167)) - Using default column profile:DBProfile.DISK for Table:default
2019-09-23 17:22:05,923 [main] INFO  db.DBStoreBuilder (DBStoreBuilder.java:getDbProfile(198)) - Using default options. DBProfile.DISK
2019-09-23 17:22:20,103 [main] INFO  ipc.CallQueueManager (CallQueueManager.java:<init>(84)) - Using callQueue: class java.util.concurrent.LinkedBlockingQueue, queueCapacity: 2000, scheduler: class org.apache.hadoop.ipc.DefaultRpcScheduler, ipcBackoff: false.
2019-09-23 17:22:20,105 [Socket Reader #1 for port 42623] INFO  ipc.Server (Server.java:run(1074)) - Starting Socket Reader #1 for port 42623
2019-09-23 17:22:20,128 [main] INFO  om.OzoneManager (OzoneManager.java:start(1243)) - OzoneManager RPC server is listening at localhost/127.0.0.1:42623
2019-09-23 17:22:20,128 [main] INFO  impl.MetricsSystemImpl (MetricsSystemImpl.java:init(158)) - OzoneManager metrics system started (again)
2019-09-23 17:22:20,129 [IPC Server Responder] INFO  ipc.Server (Server.java:run(1314)) - IPC Server Responder: starting
2019-09-23 17:22:20,133 [IPC Server listener on 42623] INFO  ipc.Server (Server.java:run(1153)) - IPC Server listener on 42623: starting
2019-09-23 17:22:20,139 [main] INFO  hdfs.DFSUtil (DFSUtil.java:httpServerTemplateForNNAndJN(1641)) - Starting Web-server for ozoneManager at: http://0.0.0.0:0
2019-09-23 17:22:20,141 [main] INFO  server.AuthenticationFilter (AuthenticationFilter.java:constructSecretProvider(240)) - Unable to initialize FileSignerSecretProvider, falling back to use random secrets.
2019-09-23 17:22:20,142 [main] WARN  http.HttpRequestLog (HttpRequestLog.java:getRequestLog(97)) - Jetty request log can only be enabled using Log4j
2019-09-23 17:22:20,144 [main] INFO  http.HttpServer2 (HttpServer2.java:addGlobalFilter(975)) - Added global filter 'safety' (class=org.apache.hadoop.http.HttpServer2$QuotingInputFilter)
2019-09-23 17:22:20,144 [main] INFO  http.HttpServer2 (HttpServer2.java:addFilter(948)) - Added filter static_user_filter (class=org.apache.hadoop.http.lib.StaticUserWebFilter$StaticUserFilter) to context ozoneManager
2019-09-23 17:22:20,145 [main] INFO  http.HttpServer2 (HttpServer2.java:addFilter(958)) - Added filter static_user_filter (class=org.apache.hadoop.http.lib.StaticUserWebFilter$StaticUserFilter) to context logs
2019-09-23 17:22:20,145 [main] INFO  http.HttpServer2 (HttpServer2.java:addFilter(958)) - Added filter static_user_filter (class=org.apache.hadoop.http.lib.StaticUserWebFilter$StaticUserFilter) to context static
2019-09-23 17:22:20,146 [main] INFO  http.HttpServer2 (HttpServer2.java:bindListener(1191)) - Jetty bound to port 40381
2019-09-23 17:22:20,146 [main] INFO  server.Server (Server.java:doStart(351)) - jetty-9.3.25.v20180904, build timestamp: 2018-09-04T21:11:46Z, git hash: 3ce520221d0240229c862b122d2b06c12a625732
2019-09-23 17:22:20,148 [main] INFO  handler.ContextHandler (ContextHandler.java:doStart(781)) - Started o.e.j.s.ServletContextHandler@77c66a4f{/logs,file:///workdir/hadoop-ozone/integration-test/target/log,AVAILABLE}
2019-09-23 17:22:20,148 [main] INFO  handler.ContextHandler (ContextHandler.java:doStart(781)) - Started o.e.j.s.ServletContextHandler@7a3f08b6{/static,file:///workdir/hadoop-ozone/integration-test/target/test-classes/webapps/static,AVAILABLE}
2019-09-23 17:22:20,153 [main] INFO  handler.ContextHandler (ContextHandler.java:doStart(781)) - Started o.e.j.w.WebAppContext@736b21ee{/,file:///workdir/hadoop-ozone/integration-test/target/test-classes/webapps/ozoneManager/,AVAILABLE}{/ozoneManager}
2019-09-23 17:22:20,153 [main] INFO  server.AbstractConnector (AbstractConnector.java:doStart(278)) - Started ServerConnector@60deefed{HTTP/1.1,[http/1.1]}{0.0.0.0:40381}
2019-09-23 17:22:20,154 [main] INFO  server.Server (Server.java:doStart(419)) - Started @295079ms
2019-09-23 17:22:20,154 [main] WARN  impl.MetricsSystemImpl (MetricsSystemImpl.java:register(276)) - Sink prometheus already exists!
2019-09-23 17:22:20,155 [main] INFO  server.BaseHttpServer (BaseHttpServer.java:updateConnectorAddress(215)) - HTTP server of OZONEMANAGER is listening at http://0.0.0.0:40381
2019-09-23 17:22:20,176 [main] INFO  impl.MetricsSystemImpl (MetricsSystemImpl.java:init(158)) - HddsDatanode metrics system started (again)
2019-09-23 17:22:20,180 [main] INFO  ozone.HddsDatanodeService (HddsDatanodeService.java:start(184)) - HddsDatanodeService host:pr-hdds-2167-q77kb-1598226581 ip:192.168.34.14
2019-09-23 17:22:20,186 [main] INFO  volume.HddsVolume (HddsVolume.java:<init>(176)) - Creating Volume: /workdir/hadoop-ozone/integration-test/target/test-dir/MiniOzoneClusterImpl-dc27b903-0525-47ea-8b09-60b958b4e498/datanode-0/data/containers/hdds of  storage type : DISK and capacity : 1482555576320
2019-09-23 17:22:20,186 [main] INFO  volume.VolumeSet (VolumeSet.java:initializeVolumeSet(170)) - Added Volume : /workdir/hadoop-ozone/integration-test/target/test-dir/MiniOzoneClusterImpl-dc27b903-0525-47ea-8b09-60b958b4e498/datanode-0/data/containers/hdds to VolumeSet
2019-09-23 17:22:20,186 [main] INFO  volume.ThrottledAsyncChecker (ThrottledAsyncChecker.java:schedule(139)) - Scheduling a check for org.apache.hadoop.ozone.container.common.volume.HddsVolume@68bd8ca7
2019-09-23 17:22:20,187 [main] INFO  volume.HddsVolumeChecker (HddsVolumeChecker.java:checkAllVolumes(202)) - Scheduled health check for volume org.apache.hadoop.ozone.container.common.volume.HddsVolume@68bd8ca7
2019-09-23 17:22:20,199 [main] INFO  impl.RaftServerProxy (ConfUtils.java:logGet(43)) - raft.rpc.type = GRPC (default)
2019-09-23 17:22:20,200 [main] INFO  grpc.GrpcFactory (GrpcFactory.java:checkPooledByteBufAllocatorUseCacheForAllThreads(45)) - PERFORMANCE WARNING: useCacheForAllThreads is true that may cause Netty to create a lot garbage objects and, as a result, trigger GC.
	It is recommended to disable useCacheForAllThreads by setting -Dorg.apache.ratis.thirdparty.io.netty.allocator.useCacheForAllThreads=false in command line.
2019-09-23 17:22:20,200 [main] INFO  grpc.GrpcConfigKeys$Server (ConfUtils.java:logGet(43)) - raft.grpc.server.port = 0 (default)
2019-09-23 17:22:20,200 [main] INFO  server.GrpcService (ConfUtils.java:logGet(43)) - raft.grpc.message.size.max = 33570816 (custom)
2019-09-23 17:22:20,200 [main] INFO  server.RaftServerConfigKeys (ConfUtils.java:logGet(43)) - raft.server.log.appender.buffer.byte-limit = 33554432 (custom)
2019-09-23 17:22:20,200 [main] INFO  server.GrpcService (ConfUtils.java:logGet(43)) - raft.grpc.flow.control.window = 1MB (=1048576) (default)
2019-09-23 17:22:20,201 [main] INFO  server.RaftServerConfigKeys (ConfUtils.java:logGet(43)) - raft.server.rpc.request.timeout = 3000ms (default)
2019-09-23 17:22:20,201 [main] INFO  server.RaftServerConfigKeys (ConfUtils.java:logGet(43)) - raft.server.storage.dir = [/workdir/hadoop-ozone/integration-test/target/test-dir/MiniOzoneClusterImpl-dc27b903-0525-47ea-8b09-60b958b4e498/datanode-0/data/ratis] (custom)
2019-09-23 17:22:20,203 [main] INFO  hdfs.DFSUtil (DFSUtil.java:httpServerTemplateForNNAndJN(1641)) - Starting Web-server for hddsDatanode at: http://0.0.0.0:0
2019-09-23 17:22:20,204 [main] INFO  server.AuthenticationFilter (AuthenticationFilter.java:constructSecretProvider(240)) - Unable to initialize FileSignerSecretProvider, falling back to use random secrets.
2019-09-23 17:22:20,204 [main] WARN  http.HttpRequestLog (HttpRequestLog.java:getRequestLog(97)) - Jetty request log can only be enabled using Log4j
2019-09-23 17:22:20,206 [main] INFO  http.HttpServer2 (HttpServer2.java:addGlobalFilter(975)) - Added global filter 'safety' (class=org.apache.hadoop.http.HttpServer2$QuotingInputFilter)
2019-09-23 17:22:20,206 [main] INFO  http.HttpServer2 (HttpServer2.java:addFilter(948)) - Added filter static_user_filter (class=org.apache.hadoop.http.lib.StaticUserWebFilter$StaticUserFilter) to context hddsDatanode
2019-09-23 17:22:20,206 [main] INFO  http.HttpServer2 (HttpServer2.java:addFilter(958)) - Added filter static_user_filter (class=org.apache.hadoop.http.lib.StaticUserWebFilter$StaticUserFilter) to context logs
2019-09-23 17:22:20,206 [main] INFO  http.HttpServer2 (HttpServer2.java:addFilter(958)) - Added filter static_user_filter (class=org.apache.hadoop.http.lib.StaticUserWebFilter$StaticUserFilter) to context static
2019-09-23 17:22:20,207 [main] INFO  http.HttpServer2 (HttpServer2.java:bindListener(1191)) - Jetty bound to port 38006
2019-09-23 17:22:20,207 [main] INFO  server.Server (Server.java:doStart(351)) - jetty-9.3.25.v20180904, build timestamp: 2018-09-04T21:11:46Z, git hash: 3ce520221d0240229c862b122d2b06c12a625732
2019-09-23 17:22:20,209 [main] INFO  handler.ContextHandler (ContextHandler.java:doStart(781)) - Started o.e.j.s.ServletContextHandler@7767bd4e{/logs,file:///workdir/hadoop-ozone/integration-test/target/log,AVAILABLE}
2019-09-23 17:22:20,209 [main] INFO  handler.ContextHandler (ContextHandler.java:doStart(781)) - Started o.e.j.s.ServletContextHandler@433ef204{/static,jar:file:/home/user/.m2/repository/org/apache/hadoop/hadoop-hdds-container-service/0.5.0-SNAPSHOT/hadoop-hdds-container-service-0.5.0-SNAPSHOT.jar!/webapps/static,AVAILABLE}
2019-09-23 17:22:20,236 [main] INFO  handler.ContextHandler (ContextHandler.java:doStart(781)) - Started o.e.j.w.WebAppContext@5f0f70c7{/,file:///tmp/jetty-0.0.0.0-38006-hddsDatanode-_-any-2749814856349731895.dir/webapp/,AVAILABLE}{/hddsDatanode}
2019-09-23 17:22:20,236 [main] INFO  server.AbstractConnector (AbstractConnector.java:doStart(278)) - Started ServerConnector@1860a7a1{HTTP/1.1,[http/1.1]}{0.0.0.0:38006}
2019-09-23 17:22:20,238 [main] INFO  server.Server (Server.java:doStart(419)) - Started @295162ms
2019-09-23 17:22:20,238 [main] WARN  impl.MetricsSystemImpl (MetricsSystemImpl.java:register(276)) - Sink prometheus already exists!
2019-09-23 17:22:20,238 [main] INFO  server.BaseHttpServer (BaseHttpServer.java:updateConnectorAddress(215)) - HTTP server of HDDSDATANODE is listening at http://0.0.0.0:38006
2019-09-23 17:22:20,239 [main] INFO  impl.MetricsSystemImpl (MetricsSystemImpl.java:init(158)) - HddsDatanode metrics system started (again)
2019-09-23 17:22:20,242 [org.apache.hadoop.util.JvmPauseMonitor$Monitor@2d1613e8] INFO  util.JvmPauseMonitor (JvmPauseMonitor.java:run(188)) - Starting JVM pause monitor
2019-09-23 17:22:20,242 [main] INFO  ozone.HddsDatanodeService (HddsDatanodeService.java:start(184)) - HddsDatanodeService host:pr-hdds-2167-q77kb-1598226581 ip:192.168.34.14
2019-09-23 17:22:20,244 [Datanode State Machine Thread - 0] INFO  datanode.InitDatanodeState (InitDatanodeState.java:persistContainerDatanodeDetails(140)) - DatanodeDetails is persisted to /workdir/hadoop-ozone/integration-test/target/test-dir/MiniOzoneClusterImpl-dc27b903-0525-47ea-8b09-60b958b4e498/datanode-0/meta/datanode.id
2019-09-23 17:22:20,247 [main] INFO  volume.HddsVolume (HddsVolume.java:<init>(176)) - Creating Volume: /workdir/hadoop-ozone/integration-test/target/test-dir/MiniOzoneClusterImpl-dc27b903-0525-47ea-8b09-60b958b4e498/datanode-1/data/containers/hdds of  storage type : DISK and capacity : 1482555576320
2019-09-23 17:22:20,247 [main] INFO  volume.VolumeSet (VolumeSet.java:initializeVolumeSet(170)) - Added Volume : /workdir/hadoop-ozone/integration-test/target/test-dir/MiniOzoneClusterImpl-dc27b903-0525-47ea-8b09-60b958b4e498/datanode-1/data/containers/hdds to VolumeSet
2019-09-23 17:22:20,248 [main] INFO  volume.ThrottledAsyncChecker (ThrottledAsyncChecker.java:schedule(139)) - Scheduling a check for org.apache.hadoop.ozone.container.common.volume.HddsVolume@782fd504
2019-09-23 17:22:20,248 [main] INFO  volume.HddsVolumeChecker (HddsVolumeChecker.java:checkAllVolumes(202)) - Scheduled health check for volume org.apache.hadoop.ozone.container.common.volume.HddsVolume@782fd504
2019-09-23 17:22:20,274 [main] INFO  impl.RaftServerProxy (ConfUtils.java:logGet(43)) - raft.rpc.type = GRPC (default)
2019-09-23 17:22:20,274 [main] INFO  grpc.GrpcFactory (GrpcFactory.java:checkPooledByteBufAllocatorUseCacheForAllThreads(45)) - PERFORMANCE WARNING: useCacheForAllThreads is true that may cause Netty to create a lot garbage objects and, as a result, trigger GC.
	It is recommended to disable useCacheForAllThreads by setting -Dorg.apache.ratis.thirdparty.io.netty.allocator.useCacheForAllThreads=false in command line.
2019-09-23 17:22:20,275 [main] INFO  grpc.GrpcConfigKeys$Server (ConfUtils.java:logGet(43)) - raft.grpc.server.port = 0 (default)
2019-09-23 17:22:20,275 [main] INFO  server.GrpcService (ConfUtils.java:logGet(43)) - raft.grpc.message.size.max = 33570816 (custom)
2019-09-23 17:22:20,275 [main] INFO  server.RaftServerConfigKeys (ConfUtils.java:logGet(43)) - raft.server.log.appender.buffer.byte-limit = 33554432 (custom)
2019-09-23 17:22:20,275 [main] INFO  server.GrpcService (ConfUtils.java:logGet(43)) - raft.grpc.flow.control.window = 1MB (=1048576) (default)
2019-09-23 17:22:20,275 [main] INFO  server.RaftServerConfigKeys (ConfUtils.java:logGet(43)) - raft.server.rpc.request.timeout = 3000ms (default)
2019-09-23 17:22:20,276 [main] INFO  server.RaftServerConfigKeys (ConfUtils.java:logGet(43)) - raft.server.storage.dir = [/workdir/hadoop-ozone/integration-test/target/test-dir/MiniOzoneClusterImpl-dc27b903-0525-47ea-8b09-60b958b4e498/datanode-1/data/ratis] (custom)
2019-09-23 17:22:20,277 [main] INFO  hdfs.DFSUtil (DFSUtil.java:httpServerTemplateForNNAndJN(1641)) - Starting Web-server for hddsDatanode at: http://0.0.0.0:0
2019-09-23 17:22:20,278 [main] INFO  server.AuthenticationFilter (AuthenticationFilter.java:constructSecretProvider(240)) - Unable to initialize FileSignerSecretProvider, falling back to use random secrets.
2019-09-23 17:22:20,278 [main] WARN  http.HttpRequestLog (HttpRequestLog.java:getRequestLog(97)) - Jetty request log can only be enabled using Log4j
2019-09-23 17:22:20,280 [main] INFO  http.HttpServer2 (HttpServer2.java:addGlobalFilter(975)) - Added global filter 'safety' (class=org.apache.hadoop.http.HttpServer2$QuotingInputFilter)
2019-09-23 17:22:20,280 [main] INFO  http.HttpServer2 (HttpServer2.java:addFilter(948)) - Added filter static_user_filter (class=org.apache.hadoop.http.lib.StaticUserWebFilter$StaticUserFilter) to context hddsDatanode
2019-09-23 17:22:20,280 [main] INFO  http.HttpServer2 (HttpServer2.java:addFilter(958)) - Added filter static_user_filter (class=org.apache.hadoop.http.lib.StaticUserWebFilter$StaticUserFilter) to context logs
2019-09-23 17:22:20,280 [main] INFO  http.HttpServer2 (HttpServer2.java:addFilter(958)) - Added filter static_user_filter (class=org.apache.hadoop.http.lib.StaticUserWebFilter$StaticUserFilter) to context static
2019-09-23 17:22:20,281 [main] INFO  http.HttpServer2 (HttpServer2.java:bindListener(1191)) - Jetty bound to port 39717
2019-09-23 17:22:20,281 [main] INFO  server.Server (Server.java:doStart(351)) - jetty-9.3.25.v20180904, build timestamp: 2018-09-04T21:11:46Z, git hash: 3ce520221d0240229c862b122d2b06c12a625732
2019-09-23 17:22:20,283 [main] INFO  handler.ContextHandler (ContextHandler.java:doStart(781)) - Started o.e.j.s.ServletContextHandler@4ea1aa52{/logs,file:///workdir/hadoop-ozone/integration-test/target/log,AVAILABLE}
2019-09-23 17:22:20,283 [main] INFO  handler.ContextHandler (ContextHandler.java:doStart(781)) - Started o.e.j.s.ServletContextHandler@5ed0b4e3{/static,jar:file:/home/user/.m2/repository/org/apache/hadoop/hadoop-hdds-container-service/0.5.0-SNAPSHOT/hadoop-hdds-container-service-0.5.0-SNAPSHOT.jar!/webapps/static,AVAILABLE}
2019-09-23 17:22:20,310 [main] INFO  handler.ContextHandler (ContextHandler.java:doStart(781)) - Started o.e.j.w.WebAppContext@54247647{/,file:///tmp/jetty-0.0.0.0-39717-hddsDatanode-_-any-8500627296377253952.dir/webapp/,AVAILABLE}{/hddsDatanode}
2019-09-23 17:22:20,310 [main] INFO  server.AbstractConnector (AbstractConnector.java:doStart(278)) - Started ServerConnector@4975dda1{HTTP/1.1,[http/1.1]}{0.0.0.0:39717}
2019-09-23 17:22:20,310 [main] INFO  server.Server (Server.java:doStart(419)) - Started @295235ms
2019-09-23 17:22:20,312 [main] WARN  impl.MetricsSystemImpl (MetricsSystemImpl.java:register(276)) - Sink prometheus already exists!
2019-09-23 17:22:20,313 [main] INFO  server.BaseHttpServer (BaseHttpServer.java:updateConnectorAddress(215)) - HTTP server of HDDSDATANODE is listening at http://0.0.0.0:39717
2019-09-23 17:22:20,313 [main] INFO  impl.MetricsSystemImpl (MetricsSystemImpl.java:init(158)) - HddsDatanode metrics system started (again)
2019-09-23 17:22:20,317 [org.apache.hadoop.util.JvmPauseMonitor$Monitor@368890d6] INFO  util.JvmPauseMonitor (JvmPauseMonitor.java:run(188)) - Starting JVM pause monitor
2019-09-23 17:22:20,317 [main] INFO  ozone.HddsDatanodeService (HddsDatanodeService.java:start(184)) - HddsDatanodeService host:pr-hdds-2167-q77kb-1598226581 ip:192.168.34.14
2019-09-23 17:22:20,318 [Datanode State Machine Thread - 0] INFO  datanode.InitDatanodeState (InitDatanodeState.java:persistContainerDatanodeDetails(140)) - DatanodeDetails is persisted to /workdir/hadoop-ozone/integration-test/target/test-dir/MiniOzoneClusterImpl-dc27b903-0525-47ea-8b09-60b958b4e498/datanode-1/meta/datanode.id
2019-09-23 17:22:20,322 [main] INFO  volume.HddsVolume (HddsVolume.java:<init>(176)) - Creating Volume: /workdir/hadoop-ozone/integration-test/target/test-dir/MiniOzoneClusterImpl-dc27b903-0525-47ea-8b09-60b958b4e498/datanode-2/data/containers/hdds of  storage type : DISK and capacity : 1482555576320
2019-09-23 17:22:20,323 [main] INFO  volume.VolumeSet (VolumeSet.java:initializeVolumeSet(170)) - Added Volume : /workdir/hadoop-ozone/integration-test/target/test-dir/MiniOzoneClusterImpl-dc27b903-0525-47ea-8b09-60b958b4e498/datanode-2/data/containers/hdds to VolumeSet
2019-09-23 17:22:20,323 [main] INFO  volume.ThrottledAsyncChecker (ThrottledAsyncChecker.java:schedule(139)) - Scheduling a check for org.apache.hadoop.ozone.container.common.volume.HddsVolume@1e92c3b6
2019-09-23 17:22:20,323 [main] INFO  volume.HddsVolumeChecker (HddsVolumeChecker.java:checkAllVolumes(202)) - Scheduled health check for volume org.apache.hadoop.ozone.container.common.volume.HddsVolume@1e92c3b6
2019-09-23 17:22:20,336 [main] INFO  impl.RaftServerProxy (ConfUtils.java:logGet(43)) - raft.rpc.type = GRPC (default)
2019-09-23 17:22:20,336 [main] INFO  grpc.GrpcFactory (GrpcFactory.java:checkPooledByteBufAllocatorUseCacheForAllThreads(45)) - PERFORMANCE WARNING: useCacheForAllThreads is true that may cause Netty to create a lot garbage objects and, as a result, trigger GC.
	It is recommended to disable useCacheForAllThreads by setting -Dorg.apache.ratis.thirdparty.io.netty.allocator.useCacheForAllThreads=false in command line.
2019-09-23 17:22:20,337 [main] INFO  grpc.GrpcConfigKeys$Server (ConfUtils.java:logGet(43)) - raft.grpc.server.port = 0 (default)
2019-09-23 17:22:20,337 [main] INFO  server.GrpcService (ConfUtils.java:logGet(43)) - raft.grpc.message.size.max = 33570816 (custom)
2019-09-23 17:22:20,337 [main] INFO  server.RaftServerConfigKeys (ConfUtils.java:logGet(43)) - raft.server.log.appender.buffer.byte-limit = 33554432 (custom)
2019-09-23 17:22:20,337 [main] INFO  server.GrpcService (ConfUtils.java:logGet(43)) - raft.grpc.flow.control.window = 1MB (=1048576) (default)
2019-09-23 17:22:20,337 [main] INFO  server.RaftServerConfigKeys (ConfUtils.java:logGet(43)) - raft.server.rpc.request.timeout = 3000ms (default)
2019-09-23 17:22:20,338 [main] INFO  server.RaftServerConfigKeys (ConfUtils.java:logGet(43)) - raft.server.storage.dir = [/workdir/hadoop-ozone/integration-test/target/test-dir/MiniOzoneClusterImpl-dc27b903-0525-47ea-8b09-60b958b4e498/datanode-2/data/ratis] (custom)
2019-09-23 17:22:20,339 [main] INFO  hdfs.DFSUtil (DFSUtil.java:httpServerTemplateForNNAndJN(1641)) - Starting Web-server for hddsDatanode at: http://0.0.0.0:0
2019-09-23 17:22:20,340 [main] INFO  server.AuthenticationFilter (AuthenticationFilter.java:constructSecretProvider(240)) - Unable to initialize FileSignerSecretProvider, falling back to use random secrets.
2019-09-23 17:22:20,341 [main] WARN  http.HttpRequestLog (HttpRequestLog.java:getRequestLog(97)) - Jetty request log can only be enabled using Log4j
2019-09-23 17:22:20,342 [main] INFO  http.HttpServer2 (HttpServer2.java:addGlobalFilter(975)) - Added global filter 'safety' (class=org.apache.hadoop.http.HttpServer2$QuotingInputFilter)
2019-09-23 17:22:20,343 [main] INFO  http.HttpServer2 (HttpServer2.java:addFilter(948)) - Added filter static_user_filter (class=org.apache.hadoop.http.lib.StaticUserWebFilter$StaticUserFilter) to context hddsDatanode
2019-09-23 17:22:20,343 [main] INFO  http.HttpServer2 (HttpServer2.java:addFilter(958)) - Added filter static_user_filter (class=org.apache.hadoop.http.lib.StaticUserWebFilter$StaticUserFilter) to context logs
2019-09-23 17:22:20,343 [main] INFO  http.HttpServer2 (HttpServer2.java:addFilter(958)) - Added filter static_user_filter (class=org.apache.hadoop.http.lib.StaticUserWebFilter$StaticUserFilter) to context static
2019-09-23 17:22:20,344 [main] INFO  http.HttpServer2 (HttpServer2.java:bindListener(1191)) - Jetty bound to port 46481
2019-09-23 17:22:20,344 [main] INFO  server.Server (Server.java:doStart(351)) - jetty-9.3.25.v20180904, build timestamp: 2018-09-04T21:11:46Z, git hash: 3ce520221d0240229c862b122d2b06c12a625732
2019-09-23 17:22:20,346 [main] INFO  handler.ContextHandler (ContextHandler.java:doStart(781)) - Started o.e.j.s.ServletContextHandler@4d7cac24{/logs,file:///workdir/hadoop-ozone/integration-test/target/log,AVAILABLE}
2019-09-23 17:22:20,346 [main] INFO  handler.ContextHandler (ContextHandler.java:doStart(781)) - Started o.e.j.s.ServletContextHandler@73d62b5{/static,jar:file:/home/user/.m2/repository/org/apache/hadoop/hadoop-hdds-container-service/0.5.0-SNAPSHOT/hadoop-hdds-container-service-0.5.0-SNAPSHOT.jar!/webapps/static,AVAILABLE}
2019-09-23 17:22:20,374 [main] INFO  handler.ContextHandler (ContextHandler.java:doStart(781)) - Started o.e.j.w.WebAppContext@5ac044ef{/,file:///tmp/jetty-0.0.0.0-46481-hddsDatanode-_-any-3353820728056441213.dir/webapp/,AVAILABLE}{/hddsDatanode}
2019-09-23 17:22:20,374 [main] INFO  server.AbstractConnector (AbstractConnector.java:doStart(278)) - Started ServerConnector@6afbe6a1{HTTP/1.1,[http/1.1]}{0.0.0.0:46481}
2019-09-23 17:22:20,376 [main] INFO  server.Server (Server.java:doStart(419)) - Started @295301ms
2019-09-23 17:22:20,377 [main] WARN  impl.MetricsSystemImpl (MetricsSystemImpl.java:register(276)) - Sink prometheus already exists!
2019-09-23 17:22:20,377 [main] INFO  server.BaseHttpServer (BaseHttpServer.java:updateConnectorAddress(215)) - HTTP server of HDDSDATANODE is listening at http://0.0.0.0:46481
2019-09-23 17:22:20,378 [main] INFO  impl.MetricsSystemImpl (MetricsSystemImpl.java:init(158)) - HddsDatanode metrics system started (again)
2019-09-23 17:22:20,382 [org.apache.hadoop.util.JvmPauseMonitor$Monitor@237b0ae1] INFO  util.JvmPauseMonitor (JvmPauseMonitor.java:run(188)) - Starting JVM pause monitor
2019-09-23 17:22:20,382 [main] INFO  ozone.HddsDatanodeService (HddsDatanodeService.java:start(184)) - HddsDatanodeService host:pr-hdds-2167-q77kb-1598226581 ip:192.168.34.14
2019-09-23 17:22:20,383 [Datanode State Machine Thread - 0] INFO  datanode.InitDatanodeState (InitDatanodeState.java:persistContainerDatanodeDetails(140)) - DatanodeDetails is persisted to /workdir/hadoop-ozone/integration-test/target/test-dir/MiniOzoneClusterImpl-dc27b903-0525-47ea-8b09-60b958b4e498/datanode-2/meta/datanode.id
2019-09-23 17:22:20,389 [main] INFO  volume.HddsVolume (HddsVolume.java:<init>(176)) - Creating Volume: /workdir/hadoop-ozone/integration-test/target/test-dir/MiniOzoneClusterImpl-dc27b903-0525-47ea-8b09-60b958b4e498/datanode-3/data/containers/hdds of  storage type : DISK and capacity : 1482555576320
2019-09-23 17:22:20,389 [main] INFO  volume.VolumeSet (VolumeSet.java:initializeVolumeSet(170)) - Added Volume : /workdir/hadoop-ozone/integration-test/target/test-dir/MiniOzoneClusterImpl-dc27b903-0525-47ea-8b09-60b958b4e498/datanode-3/data/containers/hdds to VolumeSet
2019-09-23 17:22:20,390 [main] INFO  volume.ThrottledAsyncChecker (ThrottledAsyncChecker.java:schedule(139)) - Scheduling a check for org.apache.hadoop.ozone.container.common.volume.HddsVolume@2e362407
2019-09-23 17:22:20,390 [main] INFO  volume.HddsVolumeChecker (HddsVolumeChecker.java:checkAllVolumes(202)) - Scheduled health check for volume org.apache.hadoop.ozone.container.common.volume.HddsVolume@2e362407
2019-09-23 17:22:20,413 [main] INFO  impl.RaftServerProxy (ConfUtils.java:logGet(43)) - raft.rpc.type = GRPC (default)
2019-09-23 17:22:20,413 [main] INFO  grpc.GrpcFactory (GrpcFactory.java:checkPooledByteBufAllocatorUseCacheForAllThreads(45)) - PERFORMANCE WARNING: useCacheForAllThreads is true that may cause Netty to create a lot garbage objects and, as a result, trigger GC.
	It is recommended to disable useCacheForAllThreads by setting -Dorg.apache.ratis.thirdparty.io.netty.allocator.useCacheForAllThreads=false in command line.
2019-09-23 17:22:20,413 [main] INFO  grpc.GrpcConfigKeys$Server (ConfUtils.java:logGet(43)) - raft.grpc.server.port = 0 (default)
2019-09-23 17:22:20,413 [main] INFO  server.GrpcService (ConfUtils.java:logGet(43)) - raft.grpc.message.size.max = 33570816 (custom)
2019-09-23 17:22:20,414 [main] INFO  server.RaftServerConfigKeys (ConfUtils.java:logGet(43)) - raft.server.log.appender.buffer.byte-limit = 33554432 (custom)
2019-09-23 17:22:20,414 [main] INFO  server.GrpcService (ConfUtils.java:logGet(43)) - raft.grpc.flow.control.window = 1MB (=1048576) (default)
2019-09-23 17:22:20,414 [main] INFO  server.RaftServerConfigKeys (ConfUtils.java:logGet(43)) - raft.server.rpc.request.timeout = 3000ms (default)
2019-09-23 17:22:20,414 [main] INFO  server.RaftServerConfigKeys (ConfUtils.java:logGet(43)) - raft.server.storage.dir = [/workdir/hadoop-ozone/integration-test/target/test-dir/MiniOzoneClusterImpl-dc27b903-0525-47ea-8b09-60b958b4e498/datanode-3/data/ratis] (custom)
2019-09-23 17:22:20,416 [main] INFO  hdfs.DFSUtil (DFSUtil.java:httpServerTemplateForNNAndJN(1641)) - Starting Web-server for hddsDatanode at: http://0.0.0.0:0
2019-09-23 17:22:20,417 [main] INFO  server.AuthenticationFilter (AuthenticationFilter.java:constructSecretProvider(240)) - Unable to initialize FileSignerSecretProvider, falling back to use random secrets.
2019-09-23 17:22:20,418 [main] WARN  http.HttpRequestLog (HttpRequestLog.java:getRequestLog(97)) - Jetty request log can only be enabled using Log4j
2019-09-23 17:22:20,420 [main] INFO  http.HttpServer2 (HttpServer2.java:addGlobalFilter(975)) - Added global filter 'safety' (class=org.apache.hadoop.http.HttpServer2$QuotingInputFilter)
2019-09-23 17:22:20,420 [main] INFO  http.HttpServer2 (HttpServer2.java:addFilter(948)) - Added filter static_user_filter (class=org.apache.hadoop.http.lib.StaticUserWebFilter$StaticUserFilter) to context hddsDatanode
2019-09-23 17:22:20,421 [main] INFO  http.HttpServer2 (HttpServer2.java:addFilter(958)) - Added filter static_user_filter (class=org.apache.hadoop.http.lib.StaticUserWebFilter$StaticUserFilter) to context static
2019-09-23 17:22:20,421 [main] INFO  http.HttpServer2 (HttpServer2.java:addFilter(958)) - Added filter static_user_filter (class=org.apache.hadoop.http.lib.StaticUserWebFilter$StaticUserFilter) to context logs
2019-09-23 17:22:20,422 [main] INFO  http.HttpServer2 (HttpServer2.java:bindListener(1191)) - Jetty bound to port 41133
2019-09-23 17:22:20,422 [main] INFO  server.Server (Server.java:doStart(351)) - jetty-9.3.25.v20180904, build timestamp: 2018-09-04T21:11:46Z, git hash: 3ce520221d0240229c862b122d2b06c12a625732
2019-09-23 17:22:20,424 [main] INFO  handler.ContextHandler (ContextHandler.java:doStart(781)) - Started o.e.j.s.ServletContextHandler@1a2773a8{/logs,file:///workdir/hadoop-ozone/integration-test/target/log,AVAILABLE}
2019-09-23 17:22:20,424 [main] INFO  handler.ContextHandler (ContextHandler.java:doStart(781)) - Started o.e.j.s.ServletContextHandler@46612bfc{/static,jar:file:/home/user/.m2/repository/org/apache/hadoop/hadoop-hdds-container-service/0.5.0-SNAPSHOT/hadoop-hdds-container-service-0.5.0-SNAPSHOT.jar!/webapps/static,AVAILABLE}
2019-09-23 17:22:20,462 [main] INFO  handler.ContextHandler (ContextHandler.java:doStart(781)) - Started o.e.j.w.WebAppContext@11826398{/,file:///tmp/jetty-0.0.0.0-41133-hddsDatanode-_-any-2790564496919796605.dir/webapp/,AVAILABLE}{/hddsDatanode}
2019-09-23 17:22:20,462 [main] INFO  server.AbstractConnector (AbstractConnector.java:doStart(278)) - Started ServerConnector@6c5ca0b6{HTTP/1.1,[http/1.1]}{0.0.0.0:41133}
2019-09-23 17:22:20,464 [main] INFO  server.Server (Server.java:doStart(419)) - Started @295388ms
2019-09-23 17:22:20,464 [main] WARN  impl.MetricsSystemImpl (MetricsSystemImpl.java:register(276)) - Sink prometheus already exists!
2019-09-23 17:22:20,465 [main] INFO  server.BaseHttpServer (BaseHttpServer.java:updateConnectorAddress(215)) - HTTP server of HDDSDATANODE is listening at http://0.0.0.0:41133
2019-09-23 17:22:20,465 [main] INFO  impl.MetricsSystemImpl (MetricsSystemImpl.java:init(158)) - HddsDatanode metrics system started (again)
2019-09-23 17:22:20,470 [org.apache.hadoop.util.JvmPauseMonitor$Monitor@66351648] INFO  util.JvmPauseMonitor (JvmPauseMonitor.java:run(188)) - Starting JVM pause monitor
2019-09-23 17:22:20,470 [main] INFO  ozone.HddsDatanodeService (HddsDatanodeService.java:start(184)) - HddsDatanodeService host:pr-hdds-2167-q77kb-1598226581 ip:192.168.34.14
2019-09-23 17:22:20,471 [Datanode State Machine Thread - 0] INFO  datanode.InitDatanodeState (InitDatanodeState.java:persistContainerDatanodeDetails(140)) - DatanodeDetails is persisted to /workdir/hadoop-ozone/integration-test/target/test-dir/MiniOzoneClusterImpl-dc27b903-0525-47ea-8b09-60b958b4e498/datanode-3/meta/datanode.id
2019-09-23 17:22:20,476 [main] INFO  volume.HddsVolume (HddsVolume.java:<init>(176)) - Creating Volume: /workdir/hadoop-ozone/integration-test/target/test-dir/MiniOzoneClusterImpl-dc27b903-0525-47ea-8b09-60b958b4e498/datanode-4/data/containers/hdds of  storage type : DISK and capacity : 1482555576320
2019-09-23 17:22:20,476 [main] INFO  volume.VolumeSet (VolumeSet.java:initializeVolumeSet(170)) - Added Volume : /workdir/hadoop-ozone/integration-test/target/test-dir/MiniOzoneClusterImpl-dc27b903-0525-47ea-8b09-60b958b4e498/datanode-4/data/containers/hdds to VolumeSet
2019-09-23 17:22:20,477 [main] INFO  volume.ThrottledAsyncChecker (ThrottledAsyncChecker.java:schedule(139)) - Scheduling a check for org.apache.hadoop.ozone.container.common.volume.HddsVolume@4f5c30b1
2019-09-23 17:22:20,477 [main] INFO  volume.HddsVolumeChecker (HddsVolumeChecker.java:checkAllVolumes(202)) - Scheduled health check for volume org.apache.hadoop.ozone.container.common.volume.HddsVolume@4f5c30b1
2019-09-23 17:22:20,491 [main] INFO  impl.RaftServerProxy (ConfUtils.java:logGet(43)) - raft.rpc.type = GRPC (default)
2019-09-23 17:22:20,492 [main] INFO  grpc.GrpcFactory (GrpcFactory.java:checkPooledByteBufAllocatorUseCacheForAllThreads(45)) - PERFORMANCE WARNING: useCacheForAllThreads is true that may cause Netty to create a lot garbage objects and, as a result, trigger GC.
	It is recommended to disable useCacheForAllThreads by setting -Dorg.apache.ratis.thirdparty.io.netty.allocator.useCacheForAllThreads=false in command line.
2019-09-23 17:22:20,492 [main] INFO  grpc.GrpcConfigKeys$Server (ConfUtils.java:logGet(43)) - raft.grpc.server.port = 0 (default)
2019-09-23 17:22:20,492 [main] INFO  server.GrpcService (ConfUtils.java:logGet(43)) - raft.grpc.message.size.max = 33570816 (custom)
2019-09-23 17:22:20,492 [main] INFO  server.RaftServerConfigKeys (ConfUtils.java:logGet(43)) - raft.server.log.appender.buffer.byte-limit = 33554432 (custom)
2019-09-23 17:22:20,492 [main] INFO  server.GrpcService (ConfUtils.java:logGet(43)) - raft.grpc.flow.control.window = 1MB (=1048576) (default)
2019-09-23 17:22:20,492 [main] INFO  server.RaftServerConfigKeys (ConfUtils.java:logGet(43)) - raft.server.rpc.request.timeout = 3000ms (default)
2019-09-23 17:22:20,493 [main] INFO  server.RaftServerConfigKeys (ConfUtils.java:logGet(43)) - raft.server.storage.dir = [/workdir/hadoop-ozone/integration-test/target/test-dir/MiniOzoneClusterImpl-dc27b903-0525-47ea-8b09-60b958b4e498/datanode-4/data/ratis] (custom)
2019-09-23 17:22:20,494 [main] INFO  hdfs.DFSUtil (DFSUtil.java:httpServerTemplateForNNAndJN(1641)) - Starting Web-server for hddsDatanode at: http://0.0.0.0:0
2019-09-23 17:22:20,496 [main] INFO  server.AuthenticationFilter (AuthenticationFilter.java:constructSecretProvider(240)) - Unable to initialize FileSignerSecretProvider, falling back to use random secrets.
2019-09-23 17:22:20,496 [main] WARN  http.HttpRequestLog (HttpRequestLog.java:getRequestLog(97)) - Jetty request log can only be enabled using Log4j
2019-09-23 17:22:20,497 [main] INFO  http.HttpServer2 (HttpServer2.java:addGlobalFilter(975)) - Added global filter 'safety' (class=org.apache.hadoop.http.HttpServer2$QuotingInputFilter)
2019-09-23 17:22:20,498 [main] INFO  http.HttpServer2 (HttpServer2.java:addFilter(948)) - Added filter static_user_filter (class=org.apache.hadoop.http.lib.StaticUserWebFilter$StaticUserFilter) to context hddsDatanode
2019-09-23 17:22:20,498 [main] INFO  http.HttpServer2 (HttpServer2.java:addFilter(958)) - Added filter static_user_filter (class=org.apache.hadoop.http.lib.StaticUserWebFilter$StaticUserFilter) to context logs
2019-09-23 17:22:20,498 [main] INFO  http.HttpServer2 (HttpServer2.java:addFilter(958)) - Added filter static_user_filter (class=org.apache.hadoop.http.lib.StaticUserWebFilter$StaticUserFilter) to context static
2019-09-23 17:22:20,499 [main] INFO  http.HttpServer2 (HttpServer2.java:bindListener(1191)) - Jetty bound to port 35696
2019-09-23 17:22:20,499 [main] INFO  server.Server (Server.java:doStart(351)) - jetty-9.3.25.v20180904, build timestamp: 2018-09-04T21:11:46Z, git hash: 3ce520221d0240229c862b122d2b06c12a625732
2019-09-23 17:22:20,500 [main] INFO  handler.ContextHandler (ContextHandler.java:doStart(781)) - Started o.e.j.s.ServletContextHandler@a056b26{/logs,file:///workdir/hadoop-ozone/integration-test/target/log,AVAILABLE}
2019-09-23 17:22:20,501 [main] INFO  handler.ContextHandler (ContextHandler.java:doStart(781)) - Started o.e.j.s.ServletContextHandler@250967f1{/static,jar:file:/home/user/.m2/repository/org/apache/hadoop/hadoop-hdds-container-service/0.5.0-SNAPSHOT/hadoop-hdds-container-service-0.5.0-SNAPSHOT.jar!/webapps/static,AVAILABLE}
2019-09-23 17:22:20,527 [main] INFO  handler.ContextHandler (ContextHandler.java:doStart(781)) - Started o.e.j.w.WebAppContext@3af236d0{/,file:///tmp/jetty-0.0.0.0-35696-hddsDatanode-_-any-5850282447944114696.dir/webapp/,AVAILABLE}{/hddsDatanode}
2019-09-23 17:22:20,528 [main] INFO  server.AbstractConnector (AbstractConnector.java:doStart(278)) - Started ServerConnector@23564dd2{HTTP/1.1,[http/1.1]}{0.0.0.0:35696}
2019-09-23 17:22:20,530 [main] INFO  server.Server (Server.java:doStart(419)) - Started @295454ms
2019-09-23 17:22:20,530 [main] WARN  impl.MetricsSystemImpl (MetricsSystemImpl.java:register(276)) - Sink prometheus already exists!
2019-09-23 17:22:20,531 [main] INFO  server.BaseHttpServer (BaseHttpServer.java:updateConnectorAddress(215)) - HTTP server of HDDSDATANODE is listening at http://0.0.0.0:35696
2019-09-23 17:22:20,531 [main] INFO  impl.MetricsSystemImpl (MetricsSystemImpl.java:init(158)) - HddsDatanode metrics system started (again)
2019-09-23 17:22:20,535 [org.apache.hadoop.util.JvmPauseMonitor$Monitor@2848041a] INFO  util.JvmPauseMonitor (JvmPauseMonitor.java:run(188)) - Starting JVM pause monitor
2019-09-23 17:22:20,535 [main] INFO  ozone.HddsDatanodeService (HddsDatanodeService.java:start(184)) - HddsDatanodeService host:pr-hdds-2167-q77kb-1598226581 ip:192.168.34.14
2019-09-23 17:22:20,536 [Datanode State Machine Thread - 0] INFO  datanode.InitDatanodeState (InitDatanodeState.java:persistContainerDatanodeDetails(140)) - DatanodeDetails is persisted to /workdir/hadoop-ozone/integration-test/target/test-dir/MiniOzoneClusterImpl-dc27b903-0525-47ea-8b09-60b958b4e498/datanode-4/meta/datanode.id
2019-09-23 17:22:20,541 [main] INFO  volume.HddsVolume (HddsVolume.java:<init>(176)) - Creating Volume: /workdir/hadoop-ozone/integration-test/target/test-dir/MiniOzoneClusterImpl-dc27b903-0525-47ea-8b09-60b958b4e498/datanode-5/data/containers/hdds of  storage type : DISK and capacity : 1482555576320
2019-09-23 17:22:20,541 [main] INFO  volume.VolumeSet (VolumeSet.java:initializeVolumeSet(170)) - Added Volume : /workdir/hadoop-ozone/integration-test/target/test-dir/MiniOzoneClusterImpl-dc27b903-0525-47ea-8b09-60b958b4e498/datanode-5/data/containers/hdds to VolumeSet
2019-09-23 17:22:20,541 [main] INFO  volume.ThrottledAsyncChecker (ThrottledAsyncChecker.java:schedule(139)) - Scheduling a check for org.apache.hadoop.ozone.container.common.volume.HddsVolume@29170a47
2019-09-23 17:22:20,542 [main] INFO  volume.HddsVolumeChecker (HddsVolumeChecker.java:checkAllVolumes(202)) - Scheduled health check for volume org.apache.hadoop.ozone.container.common.volume.HddsVolume@29170a47
2019-09-23 17:22:20,554 [main] INFO  impl.RaftServerProxy (ConfUtils.java:logGet(43)) - raft.rpc.type = GRPC (default)
2019-09-23 17:22:20,554 [main] INFO  grpc.GrpcFactory (GrpcFactory.java:checkPooledByteBufAllocatorUseCacheForAllThreads(45)) - PERFORMANCE WARNING: useCacheForAllThreads is true that may cause Netty to create a lot garbage objects and, as a result, trigger GC.
	It is recommended to disable useCacheForAllThreads by setting -Dorg.apache.ratis.thirdparty.io.netty.allocator.useCacheForAllThreads=false in command line.
2019-09-23 17:22:20,554 [main] INFO  grpc.GrpcConfigKeys$Server (ConfUtils.java:logGet(43)) - raft.grpc.server.port = 0 (default)
2019-09-23 17:22:20,554 [main] INFO  server.GrpcService (ConfUtils.java:logGet(43)) - raft.grpc.message.size.max = 33570816 (custom)
2019-09-23 17:22:20,554 [main] INFO  server.RaftServerConfigKeys (ConfUtils.java:logGet(43)) - raft.server.log.appender.buffer.byte-limit = 33554432 (custom)
2019-09-23 17:22:20,555 [main] INFO  server.GrpcService (ConfUtils.java:logGet(43)) - raft.grpc.flow.control.window = 1MB (=1048576) (default)
2019-09-23 17:22:20,555 [main] INFO  server.RaftServerConfigKeys (ConfUtils.java:logGet(43)) - raft.server.rpc.request.timeout = 3000ms (default)
2019-09-23 17:22:20,555 [main] INFO  server.RaftServerConfigKeys (ConfUtils.java:logGet(43)) - raft.server.storage.dir = [/workdir/hadoop-ozone/integration-test/target/test-dir/MiniOzoneClusterImpl-dc27b903-0525-47ea-8b09-60b958b4e498/datanode-5/data/ratis] (custom)
2019-09-23 17:22:20,556 [main] INFO  hdfs.DFSUtil (DFSUtil.java:httpServerTemplateForNNAndJN(1641)) - Starting Web-server for hddsDatanode at: http://0.0.0.0:0
2019-09-23 17:22:20,558 [main] INFO  server.AuthenticationFilter (AuthenticationFilter.java:constructSecretProvider(240)) - Unable to initialize FileSignerSecretProvider, falling back to use random secrets.
2019-09-23 17:22:20,559 [main] WARN  http.HttpRequestLog (HttpRequestLog.java:getRequestLog(97)) - Jetty request log can only be enabled using Log4j
2019-09-23 17:22:20,561 [main] INFO  http.HttpServer2 (HttpServer2.java:addGlobalFilter(975)) - Added global filter 'safety' (class=org.apache.hadoop.http.HttpServer2$QuotingInputFilter)
2019-09-23 17:22:20,561 [main] INFO  http.HttpServer2 (HttpServer2.java:addFilter(948)) - Added filter static_user_filter (class=org.apache.hadoop.http.lib.StaticUserWebFilter$StaticUserFilter) to context hddsDatanode
2019-09-23 17:22:20,561 [main] INFO  http.HttpServer2 (HttpServer2.java:addFilter(958)) - Added filter static_user_filter (class=org.apache.hadoop.http.lib.StaticUserWebFilter$StaticUserFilter) to context logs
2019-09-23 17:22:20,562 [main] INFO  http.HttpServer2 (HttpServer2.java:addFilter(958)) - Added filter static_user_filter (class=org.apache.hadoop.http.lib.StaticUserWebFilter$StaticUserFilter) to context static
2019-09-23 17:22:20,562 [main] INFO  http.HttpServer2 (HttpServer2.java:bindListener(1191)) - Jetty bound to port 35097
2019-09-23 17:22:20,562 [main] INFO  server.Server (Server.java:doStart(351)) - jetty-9.3.25.v20180904, build timestamp: 2018-09-04T21:11:46Z, git hash: 3ce520221d0240229c862b122d2b06c12a625732
2019-09-23 17:22:20,564 [main] INFO  handler.ContextHandler (ContextHandler.java:doStart(781)) - Started o.e.j.s.ServletContextHandler@714e861f{/logs,file:///workdir/hadoop-ozone/integration-test/target/log,AVAILABLE}
2019-09-23 17:22:20,564 [main] INFO  handler.ContextHandler (ContextHandler.java:doStart(781)) - Started o.e.j.s.ServletContextHandler@6eda012b{/static,jar:file:/home/user/.m2/repository/org/apache/hadoop/hadoop-hdds-container-service/0.5.0-SNAPSHOT/hadoop-hdds-container-service-0.5.0-SNAPSHOT.jar!/webapps/static,AVAILABLE}
2019-09-23 17:22:20,591 [main] INFO  handler.ContextHandler (ContextHandler.java:doStart(781)) - Started o.e.j.w.WebAppContext@591f6f83{/,file:///tmp/jetty-0.0.0.0-35097-hddsDatanode-_-any-5707482566722449818.dir/webapp/,AVAILABLE}{/hddsDatanode}
2019-09-23 17:22:20,591 [main] INFO  server.AbstractConnector (AbstractConnector.java:doStart(278)) - Started ServerConnector@2b44605c{HTTP/1.1,[http/1.1]}{0.0.0.0:35097}
2019-09-23 17:22:20,593 [main] INFO  server.Server (Server.java:doStart(419)) - Started @295517ms
2019-09-23 17:22:20,593 [main] WARN  impl.MetricsSystemImpl (MetricsSystemImpl.java:register(276)) - Sink prometheus already exists!
2019-09-23 17:22:20,593 [main] INFO  server.BaseHttpServer (BaseHttpServer.java:updateConnectorAddress(215)) - HTTP server of HDDSDATANODE is listening at http://0.0.0.0:35097
2019-09-23 17:22:20,594 [main] INFO  impl.MetricsSystemImpl (MetricsSystemImpl.java:init(158)) - HddsDatanode metrics system started (again)
2019-09-23 17:22:20,598 [org.apache.hadoop.util.JvmPauseMonitor$Monitor@4090c07f] INFO  util.JvmPauseMonitor (JvmPauseMonitor.java:run(188)) - Starting JVM pause monitor
2019-09-23 17:22:20,599 [main] INFO  ozone.HddsDatanodeService (HddsDatanodeService.java:start(184)) - HddsDatanodeService host:pr-hdds-2167-q77kb-1598226581 ip:192.168.34.14
2019-09-23 17:22:20,600 [Datanode State Machine Thread - 0] INFO  datanode.InitDatanodeState (InitDatanodeState.java:persistContainerDatanodeDetails(140)) - DatanodeDetails is persisted to /workdir/hadoop-ozone/integration-test/target/test-dir/MiniOzoneClusterImpl-dc27b903-0525-47ea-8b09-60b958b4e498/datanode-5/meta/datanode.id
2019-09-23 17:22:20,604 [main] INFO  volume.HddsVolume (HddsVolume.java:<init>(176)) - Creating Volume: /workdir/hadoop-ozone/integration-test/target/test-dir/MiniOzoneClusterImpl-dc27b903-0525-47ea-8b09-60b958b4e498/datanode-6/data/containers/hdds of  storage type : DISK and capacity : 1482555576320
2019-09-23 17:22:20,605 [main] INFO  volume.VolumeSet (VolumeSet.java:initializeVolumeSet(170)) - Added Volume : /workdir/hadoop-ozone/integration-test/target/test-dir/MiniOzoneClusterImpl-dc27b903-0525-47ea-8b09-60b958b4e498/datanode-6/data/containers/hdds to VolumeSet
2019-09-23 17:22:20,605 [main] INFO  volume.ThrottledAsyncChecker (ThrottledAsyncChecker.java:schedule(139)) - Scheduling a check for org.apache.hadoop.ozone.container.common.volume.HddsVolume@72b2c5ed
2019-09-23 17:22:20,605 [main] INFO  volume.HddsVolumeChecker (HddsVolumeChecker.java:checkAllVolumes(202)) - Scheduled health check for volume org.apache.hadoop.ozone.container.common.volume.HddsVolume@72b2c5ed
2019-09-23 17:22:20,616 [main] INFO  impl.RaftServerProxy (ConfUtils.java:logGet(43)) - raft.rpc.type = GRPC (default)
2019-09-23 17:22:20,616 [main] INFO  grpc.GrpcFactory (GrpcFactory.java:checkPooledByteBufAllocatorUseCacheForAllThreads(45)) - PERFORMANCE WARNING: useCacheForAllThreads is true that may cause Netty to create a lot garbage objects and, as a result, trigger GC.
	It is recommended to disable useCacheForAllThreads by setting -Dorg.apache.ratis.thirdparty.io.netty.allocator.useCacheForAllThreads=false in command line.
2019-09-23 17:22:20,617 [main] INFO  grpc.GrpcConfigKeys$Server (ConfUtils.java:logGet(43)) - raft.grpc.server.port = 0 (default)
2019-09-23 17:22:20,617 [main] INFO  server.GrpcService (ConfUtils.java:logGet(43)) - raft.grpc.message.size.max = 33570816 (custom)
2019-09-23 17:22:20,617 [main] INFO  server.RaftServerConfigKeys (ConfUtils.java:logGet(43)) - raft.server.log.appender.buffer.byte-limit = 33554432 (custom)
2019-09-23 17:22:20,617 [main] INFO  server.GrpcService (ConfUtils.java:logGet(43)) - raft.grpc.flow.control.window = 1MB (=1048576) (default)
2019-09-23 17:22:20,617 [main] INFO  server.RaftServerConfigKeys (ConfUtils.java:logGet(43)) - raft.server.rpc.request.timeout = 3000ms (default)
2019-09-23 17:22:20,618 [main] INFO  server.RaftServerConfigKeys (ConfUtils.java:logGet(43)) - raft.server.storage.dir = [/workdir/hadoop-ozone/integration-test/target/test-dir/MiniOzoneClusterImpl-dc27b903-0525-47ea-8b09-60b958b4e498/datanode-6/data/ratis] (custom)
2019-09-23 17:22:20,619 [main] INFO  hdfs.DFSUtil (DFSUtil.java:httpServerTemplateForNNAndJN(1641)) - Starting Web-server for hddsDatanode at: http://0.0.0.0:0
2019-09-23 17:22:20,620 [main] INFO  server.AuthenticationFilter (AuthenticationFilter.java:constructSecretProvider(240)) - Unable to initialize FileSignerSecretProvider, falling back to use random secrets.
2019-09-23 17:22:20,620 [main] WARN  http.HttpRequestLog (HttpRequestLog.java:getRequestLog(97)) - Jetty request log can only be enabled using Log4j
2019-09-23 17:22:20,621 [main] INFO  http.HttpServer2 (HttpServer2.java:addGlobalFilter(975)) - Added global filter 'safety' (class=org.apache.hadoop.http.HttpServer2$QuotingInputFilter)
2019-09-23 17:22:20,621 [main] INFO  http.HttpServer2 (HttpServer2.java:addFilter(948)) - Added filter static_user_filter (class=org.apache.hadoop.http.lib.StaticUserWebFilter$StaticUserFilter) to context hddsDatanode
2019-09-23 17:22:20,621 [main] INFO  http.HttpServer2 (HttpServer2.java:addFilter(958)) - Added filter static_user_filter (class=org.apache.hadoop.http.lib.StaticUserWebFilter$StaticUserFilter) to context logs
2019-09-23 17:22:20,622 [main] INFO  http.HttpServer2 (HttpServer2.java:addFilter(958)) - Added filter static_user_filter (class=org.apache.hadoop.http.lib.StaticUserWebFilter$StaticUserFilter) to context static
2019-09-23 17:22:20,622 [main] INFO  http.HttpServer2 (HttpServer2.java:bindListener(1191)) - Jetty bound to port 39377
2019-09-23 17:22:20,622 [main] INFO  server.Server (Server.java:doStart(351)) - jetty-9.3.25.v20180904, build timestamp: 2018-09-04T21:11:46Z, git hash: 3ce520221d0240229c862b122d2b06c12a625732
2019-09-23 17:22:20,624 [main] INFO  handler.ContextHandler (ContextHandler.java:doStart(781)) - Started o.e.j.s.ServletContextHandler@1201769d{/logs,file:///workdir/hadoop-ozone/integration-test/target/log,AVAILABLE}
2019-09-23 17:22:20,624 [main] INFO  handler.ContextHandler (ContextHandler.java:doStart(781)) - Started o.e.j.s.ServletContextHandler@4607d78b{/static,jar:file:/home/user/.m2/repository/org/apache/hadoop/hadoop-hdds-container-service/0.5.0-SNAPSHOT/hadoop-hdds-container-service-0.5.0-SNAPSHOT.jar!/webapps/static,AVAILABLE}
2019-09-23 17:22:20,648 [main] INFO  handler.ContextHandler (ContextHandler.java:doStart(781)) - Started o.e.j.w.WebAppContext@5abf6a99{/,file:///tmp/jetty-0.0.0.0-39377-hddsDatanode-_-any-7830597740321423491.dir/webapp/,AVAILABLE}{/hddsDatanode}
2019-09-23 17:22:20,648 [main] INFO  server.AbstractConnector (AbstractConnector.java:doStart(278)) - Started ServerConnector@dc59ec2{HTTP/1.1,[http/1.1]}{0.0.0.0:39377}
2019-09-23 17:22:20,650 [main] INFO  server.Server (Server.java:doStart(419)) - Started @295574ms
2019-09-23 17:22:20,650 [main] WARN  impl.MetricsSystemImpl (MetricsSystemImpl.java:register(276)) - Sink prometheus already exists!
2019-09-23 17:22:20,651 [main] INFO  server.BaseHttpServer (BaseHttpServer.java:updateConnectorAddress(215)) - HTTP server of HDDSDATANODE is listening at http://0.0.0.0:39377
2019-09-23 17:22:20,651 [main] INFO  impl.MetricsSystemImpl (MetricsSystemImpl.java:init(158)) - HddsDatanode metrics system started (again)
2019-09-23 17:22:20,656 [org.apache.hadoop.util.JvmPauseMonitor$Monitor@30a86f06] INFO  util.JvmPauseMonitor (JvmPauseMonitor.java:run(188)) - Starting JVM pause monitor
2019-09-23 17:22:20,656 [main] INFO  ozone.HddsDatanodeService (HddsDatanodeService.java:start(184)) - HddsDatanodeService host:pr-hdds-2167-q77kb-1598226581 ip:192.168.34.14
2019-09-23 17:22:20,657 [Datanode State Machine Thread - 0] INFO  datanode.InitDatanodeState (InitDatanodeState.java:persistContainerDatanodeDetails(140)) - DatanodeDetails is persisted to /workdir/hadoop-ozone/integration-test/target/test-dir/MiniOzoneClusterImpl-dc27b903-0525-47ea-8b09-60b958b4e498/datanode-6/meta/datanode.id
2019-09-23 17:22:20,663 [main] INFO  volume.HddsVolume (HddsVolume.java:<init>(176)) - Creating Volume: /workdir/hadoop-ozone/integration-test/target/test-dir/MiniOzoneClusterImpl-dc27b903-0525-47ea-8b09-60b958b4e498/datanode-7/data/containers/hdds of  storage type : DISK and capacity : 1482555576320
2019-09-23 17:22:20,663 [main] INFO  volume.VolumeSet (VolumeSet.java:initializeVolumeSet(170)) - Added Volume : /workdir/hadoop-ozone/integration-test/target/test-dir/MiniOzoneClusterImpl-dc27b903-0525-47ea-8b09-60b958b4e498/datanode-7/data/containers/hdds to VolumeSet
2019-09-23 17:22:20,663 [main] INFO  volume.ThrottledAsyncChecker (ThrottledAsyncChecker.java:schedule(139)) - Scheduling a check for org.apache.hadoop.ozone.container.common.volume.HddsVolume@3dc39459
2019-09-23 17:22:20,664 [main] INFO  volume.HddsVolumeChecker (HddsVolumeChecker.java:checkAllVolumes(202)) - Scheduled health check for volume org.apache.hadoop.ozone.container.common.volume.HddsVolume@3dc39459
2019-09-23 17:22:20,676 [main] INFO  impl.RaftServerProxy (ConfUtils.java:logGet(43)) - raft.rpc.type = GRPC (default)
2019-09-23 17:22:20,677 [main] INFO  grpc.GrpcFactory (GrpcFactory.java:checkPooledByteBufAllocatorUseCacheForAllThreads(45)) - PERFORMANCE WARNING: useCacheForAllThreads is true that may cause Netty to create a lot garbage objects and, as a result, trigger GC.
	It is recommended to disable useCacheForAllThreads by setting -Dorg.apache.ratis.thirdparty.io.netty.allocator.useCacheForAllThreads=false in command line.
2019-09-23 17:22:20,677 [main] INFO  grpc.GrpcConfigKeys$Server (ConfUtils.java:logGet(43)) - raft.grpc.server.port = 0 (default)
2019-09-23 17:22:20,677 [main] INFO  server.GrpcService (ConfUtils.java:logGet(43)) - raft.grpc.message.size.max = 33570816 (custom)
2019-09-23 17:22:20,677 [main] INFO  server.RaftServerConfigKeys (ConfUtils.java:logGet(43)) - raft.server.log.appender.buffer.byte-limit = 33554432 (custom)
2019-09-23 17:22:20,677 [main] INFO  server.GrpcService (ConfUtils.java:logGet(43)) - raft.grpc.flow.control.window = 1MB (=1048576) (default)
2019-09-23 17:22:20,677 [main] INFO  server.RaftServerConfigKeys (ConfUtils.java:logGet(43)) - raft.server.rpc.request.timeout = 3000ms (default)
2019-09-23 17:22:20,678 [main] INFO  server.RaftServerConfigKeys (ConfUtils.java:logGet(43)) - raft.server.storage.dir = [/workdir/hadoop-ozone/integration-test/target/test-dir/MiniOzoneClusterImpl-dc27b903-0525-47ea-8b09-60b958b4e498/datanode-7/data/ratis] (custom)
2019-09-23 17:22:20,679 [main] INFO  hdfs.DFSUtil (DFSUtil.java:httpServerTemplateForNNAndJN(1641)) - Starting Web-server for hddsDatanode at: http://0.0.0.0:0
2019-09-23 17:22:20,680 [main] INFO  server.AuthenticationFilter (AuthenticationFilter.java:constructSecretProvider(240)) - Unable to initialize FileSignerSecretProvider, falling back to use random secrets.
2019-09-23 17:22:20,680 [main] WARN  http.HttpRequestLog (HttpRequestLog.java:getRequestLog(97)) - Jetty request log can only be enabled using Log4j
2019-09-23 17:22:20,682 [main] INFO  http.HttpServer2 (HttpServer2.java:addGlobalFilter(975)) - Added global filter 'safety' (class=org.apache.hadoop.http.HttpServer2$QuotingInputFilter)
2019-09-23 17:22:20,682 [main] INFO  http.HttpServer2 (HttpServer2.java:addFilter(948)) - Added filter static_user_filter (class=org.apache.hadoop.http.lib.StaticUserWebFilter$StaticUserFilter) to context hddsDatanode
2019-09-23 17:22:20,683 [main] INFO  http.HttpServer2 (HttpServer2.java:addFilter(958)) - Added filter static_user_filter (class=org.apache.hadoop.http.lib.StaticUserWebFilter$StaticUserFilter) to context static
2019-09-23 17:22:20,683 [main] INFO  http.HttpServer2 (HttpServer2.java:addFilter(958)) - Added filter static_user_filter (class=org.apache.hadoop.http.lib.StaticUserWebFilter$StaticUserFilter) to context logs
2019-09-23 17:22:20,684 [main] INFO  http.HttpServer2 (HttpServer2.java:bindListener(1191)) - Jetty bound to port 46429
2019-09-23 17:22:20,684 [main] INFO  server.Server (Server.java:doStart(351)) - jetty-9.3.25.v20180904, build timestamp: 2018-09-04T21:11:46Z, git hash: 3ce520221d0240229c862b122d2b06c12a625732
2019-09-23 17:22:20,685 [main] INFO  handler.ContextHandler (ContextHandler.java:doStart(781)) - Started o.e.j.s.ServletContextHandler@56c0a61e{/logs,file:///workdir/hadoop-ozone/integration-test/target/log,AVAILABLE}
2019-09-23 17:22:20,686 [main] INFO  handler.ContextHandler (ContextHandler.java:doStart(781)) - Started o.e.j.s.ServletContextHandler@5dcf0772{/static,jar:file:/home/user/.m2/repository/org/apache/hadoop/hadoop-hdds-container-service/0.5.0-SNAPSHOT/hadoop-hdds-container-service-0.5.0-SNAPSHOT.jar!/webapps/static,AVAILABLE}
2019-09-23 17:22:20,711 [main] INFO  handler.ContextHandler (ContextHandler.java:doStart(781)) - Started o.e.j.w.WebAppContext@2cc75b25{/,file:///tmp/jetty-0.0.0.0-46429-hddsDatanode-_-any-5930417275414843960.dir/webapp/,AVAILABLE}{/hddsDatanode}
2019-09-23 17:22:20,711 [main] INFO  server.AbstractConnector (AbstractConnector.java:doStart(278)) - Started ServerConnector@30036a18{HTTP/1.1,[http/1.1]}{0.0.0.0:46429}
2019-09-23 17:22:20,713 [main] INFO  server.Server (Server.java:doStart(419)) - Started @295637ms
2019-09-23 17:22:20,713 [main] WARN  impl.MetricsSystemImpl (MetricsSystemImpl.java:register(276)) - Sink prometheus already exists!
2019-09-23 17:22:20,714 [main] INFO  server.BaseHttpServer (BaseHttpServer.java:updateConnectorAddress(215)) - HTTP server of HDDSDATANODE is listening at http://0.0.0.0:46429
2019-09-23 17:22:20,714 [main] INFO  impl.MetricsSystemImpl (MetricsSystemImpl.java:init(158)) - HddsDatanode metrics system started (again)
2019-09-23 17:22:20,722 [org.apache.hadoop.util.JvmPauseMonitor$Monitor@71b38ecf] INFO  util.JvmPauseMonitor (JvmPauseMonitor.java:run(188)) - Starting JVM pause monitor
2019-09-23 17:22:20,723 [Datanode State Machine Thread - 0] INFO  datanode.InitDatanodeState (InitDatanodeState.java:persistContainerDatanodeDetails(140)) - DatanodeDetails is persisted to /workdir/hadoop-ozone/integration-test/target/test-dir/MiniOzoneClusterImpl-dc27b903-0525-47ea-8b09-60b958b4e498/datanode-7/meta/datanode.id
2019-09-23 17:22:20,724 [main] INFO  ozone.HddsDatanodeService (HddsDatanodeService.java:start(184)) - HddsDatanodeService host:pr-hdds-2167-q77kb-1598226581 ip:192.168.34.14
2019-09-23 17:22:20,731 [main] INFO  volume.HddsVolume (HddsVolume.java:<init>(176)) - Creating Volume: /workdir/hadoop-ozone/integration-test/target/test-dir/MiniOzoneClusterImpl-dc27b903-0525-47ea-8b09-60b958b4e498/datanode-8/data/containers/hdds of  storage type : DISK and capacity : 1482555576320
2019-09-23 17:22:20,732 [main] INFO  volume.VolumeSet (VolumeSet.java:initializeVolumeSet(170)) - Added Volume : /workdir/hadoop-ozone/integration-test/target/test-dir/MiniOzoneClusterImpl-dc27b903-0525-47ea-8b09-60b958b4e498/datanode-8/data/containers/hdds to VolumeSet
2019-09-23 17:22:20,732 [main] INFO  volume.ThrottledAsyncChecker (ThrottledAsyncChecker.java:schedule(139)) - Scheduling a check for org.apache.hadoop.ozone.container.common.volume.HddsVolume@4628a02b
2019-09-23 17:22:20,733 [main] INFO  volume.HddsVolumeChecker (HddsVolumeChecker.java:checkAllVolumes(202)) - Scheduled health check for volume org.apache.hadoop.ozone.container.common.volume.HddsVolume@4628a02b
2019-09-23 17:22:20,752 [main] INFO  impl.RaftServerProxy (ConfUtils.java:logGet(43)) - raft.rpc.type = GRPC (default)
2019-09-23 17:22:20,753 [main] INFO  grpc.GrpcFactory (GrpcFactory.java:checkPooledByteBufAllocatorUseCacheForAllThreads(45)) - PERFORMANCE WARNING: useCacheForAllThreads is true that may cause Netty to create a lot garbage objects and, as a result, trigger GC.
	It is recommended to disable useCacheForAllThreads by setting -Dorg.apache.ratis.thirdparty.io.netty.allocator.useCacheForAllThreads=false in command line.
2019-09-23 17:22:20,753 [main] INFO  grpc.GrpcConfigKeys$Server (ConfUtils.java:logGet(43)) - raft.grpc.server.port = 0 (default)
2019-09-23 17:22:20,753 [main] INFO  server.GrpcService (ConfUtils.java:logGet(43)) - raft.grpc.message.size.max = 33570816 (custom)
2019-09-23 17:22:20,753 [main] INFO  server.RaftServerConfigKeys (ConfUtils.java:logGet(43)) - raft.server.log.appender.buffer.byte-limit = 33554432 (custom)
2019-09-23 17:22:20,754 [main] INFO  server.GrpcService (ConfUtils.java:logGet(43)) - raft.grpc.flow.control.window = 1MB (=1048576) (default)
2019-09-23 17:22:20,754 [main] INFO  server.RaftServerConfigKeys (ConfUtils.java:logGet(43)) - raft.server.rpc.request.timeout = 3000ms (default)
2019-09-23 17:22:20,755 [main] INFO  server.RaftServerConfigKeys (ConfUtils.java:logGet(43)) - raft.server.storage.dir = [/workdir/hadoop-ozone/integration-test/target/test-dir/MiniOzoneClusterImpl-dc27b903-0525-47ea-8b09-60b958b4e498/datanode-8/data/ratis] (custom)
2019-09-23 17:22:20,756 [main] INFO  hdfs.DFSUtil (DFSUtil.java:httpServerTemplateForNNAndJN(1641)) - Starting Web-server for hddsDatanode at: http://0.0.0.0:0
2019-09-23 17:22:20,758 [main] INFO  server.AuthenticationFilter (AuthenticationFilter.java:constructSecretProvider(240)) - Unable to initialize FileSignerSecretProvider, falling back to use random secrets.
2019-09-23 17:22:20,758 [main] WARN  http.HttpRequestLog (HttpRequestLog.java:getRequestLog(97)) - Jetty request log can only be enabled using Log4j
2019-09-23 17:22:20,759 [main] INFO  http.HttpServer2 (HttpServer2.java:addGlobalFilter(975)) - Added global filter 'safety' (class=org.apache.hadoop.http.HttpServer2$QuotingInputFilter)
2019-09-23 17:22:20,760 [main] INFO  http.HttpServer2 (HttpServer2.java:addFilter(948)) - Added filter static_user_filter (class=org.apache.hadoop.http.lib.StaticUserWebFilter$StaticUserFilter) to context hddsDatanode
2019-09-23 17:22:20,760 [main] INFO  http.HttpServer2 (HttpServer2.java:addFilter(958)) - Added filter static_user_filter (class=org.apache.hadoop.http.lib.StaticUserWebFilter$StaticUserFilter) to context logs
2019-09-23 17:22:20,760 [main] INFO  http.HttpServer2 (HttpServer2.java:addFilter(958)) - Added filter static_user_filter (class=org.apache.hadoop.http.lib.StaticUserWebFilter$StaticUserFilter) to context static
2019-09-23 17:22:20,761 [main] INFO  http.HttpServer2 (HttpServer2.java:bindListener(1191)) - Jetty bound to port 36156
2019-09-23 17:22:20,761 [main] INFO  server.Server (Server.java:doStart(351)) - jetty-9.3.25.v20180904, build timestamp: 2018-09-04T21:11:46Z, git hash: 3ce520221d0240229c862b122d2b06c12a625732
2019-09-23 17:22:20,762 [main] INFO  handler.ContextHandler (ContextHandler.java:doStart(781)) - Started o.e.j.s.ServletContextHandler@55222ee9{/logs,file:///workdir/hadoop-ozone/integration-test/target/log,AVAILABLE}
2019-09-23 17:22:20,763 [main] INFO  handler.ContextHandler (ContextHandler.java:doStart(781)) - Started o.e.j.s.ServletContextHandler@4f64d9cb{/static,jar:file:/home/user/.m2/repository/org/apache/hadoop/hadoop-hdds-container-service/0.5.0-SNAPSHOT/hadoop-hdds-container-service-0.5.0-SNAPSHOT.jar!/webapps/static,AVAILABLE}
2019-09-23 17:22:20,791 [main] INFO  handler.ContextHandler (ContextHandler.java:doStart(781)) - Started o.e.j.w.WebAppContext@7f426ddd{/,file:///tmp/jetty-0.0.0.0-36156-hddsDatanode-_-any-293182933922714249.dir/webapp/,AVAILABLE}{/hddsDatanode}
2019-09-23 17:22:20,791 [main] INFO  server.AbstractConnector (AbstractConnector.java:doStart(278)) - Started ServerConnector@28e7bb31{HTTP/1.1,[http/1.1]}{0.0.0.0:36156}
2019-09-23 17:22:20,793 [main] INFO  server.Server (Server.java:doStart(419)) - Started @295717ms
2019-09-23 17:22:20,793 [main] WARN  impl.MetricsSystemImpl (MetricsSystemImpl.java:register(276)) - Sink prometheus already exists!
2019-09-23 17:22:20,794 [main] INFO  server.BaseHttpServer (BaseHttpServer.java:updateConnectorAddress(215)) - HTTP server of HDDSDATANODE is listening at http://0.0.0.0:36156
2019-09-23 17:22:20,795 [main] INFO  impl.MetricsSystemImpl (MetricsSystemImpl.java:init(158)) - HddsDatanode metrics system started (again)
2019-09-23 17:22:20,801 [org.apache.hadoop.util.JvmPauseMonitor$Monitor@7bcef861] INFO  util.JvmPauseMonitor (JvmPauseMonitor.java:run(188)) - Starting JVM pause monitor
2019-09-23 17:22:20,801 [main] INFO  ozone.HddsDatanodeService (HddsDatanodeService.java:start(184)) - HddsDatanodeService host:pr-hdds-2167-q77kb-1598226581 ip:192.168.34.14
2019-09-23 17:22:20,808 [main] INFO  volume.HddsVolume (HddsVolume.java:<init>(176)) - Creating Volume: /workdir/hadoop-ozone/integration-test/target/test-dir/MiniOzoneClusterImpl-dc27b903-0525-47ea-8b09-60b958b4e498/datanode-9/data/containers/hdds of  storage type : DISK and capacity : 1482555576320
2019-09-23 17:22:20,814 [main] INFO  volume.VolumeSet (VolumeSet.java:initializeVolumeSet(170)) - Added Volume : /workdir/hadoop-ozone/integration-test/target/test-dir/MiniOzoneClusterImpl-dc27b903-0525-47ea-8b09-60b958b4e498/datanode-9/data/containers/hdds to VolumeSet
2019-09-23 17:22:20,814 [main] INFO  volume.ThrottledAsyncChecker (ThrottledAsyncChecker.java:schedule(139)) - Scheduling a check for org.apache.hadoop.ozone.container.common.volume.HddsVolume@1ae924f1
2019-09-23 17:22:20,814 [Datanode State Machine Thread - 0] INFO  datanode.InitDatanodeState (InitDatanodeState.java:persistContainerDatanodeDetails(140)) - DatanodeDetails is persisted to /workdir/hadoop-ozone/integration-test/target/test-dir/MiniOzoneClusterImpl-dc27b903-0525-47ea-8b09-60b958b4e498/datanode-8/meta/datanode.id
2019-09-23 17:22:20,815 [main] INFO  volume.HddsVolumeChecker (HddsVolumeChecker.java:checkAllVolumes(202)) - Scheduled health check for volume org.apache.hadoop.ozone.container.common.volume.HddsVolume@1ae924f1
2019-09-23 17:22:20,830 [main] INFO  impl.RaftServerProxy (ConfUtils.java:logGet(43)) - raft.rpc.type = GRPC (default)
2019-09-23 17:22:20,831 [main] INFO  grpc.GrpcFactory (GrpcFactory.java:checkPooledByteBufAllocatorUseCacheForAllThreads(45)) - PERFORMANCE WARNING: useCacheForAllThreads is true that may cause Netty to create a lot garbage objects and, as a result, trigger GC.
	It is recommended to disable useCacheForAllThreads by setting -Dorg.apache.ratis.thirdparty.io.netty.allocator.useCacheForAllThreads=false in command line.
2019-09-23 17:22:20,831 [main] INFO  grpc.GrpcConfigKeys$Server (ConfUtils.java:logGet(43)) - raft.grpc.server.port = 0 (default)
2019-09-23 17:22:20,831 [main] INFO  server.GrpcService (ConfUtils.java:logGet(43)) - raft.grpc.message.size.max = 33570816 (custom)
2019-09-23 17:22:20,831 [main] INFO  server.RaftServerConfigKeys (ConfUtils.java:logGet(43)) - raft.server.log.appender.buffer.byte-limit = 33554432 (custom)
2019-09-23 17:22:20,831 [main] INFO  server.GrpcService (ConfUtils.java:logGet(43)) - raft.grpc.flow.control.window = 1MB (=1048576) (default)
2019-09-23 17:22:20,832 [main] INFO  server.RaftServerConfigKeys (ConfUtils.java:logGet(43)) - raft.server.rpc.request.timeout = 3000ms (default)
2019-09-23 17:22:20,832 [main] INFO  server.RaftServerConfigKeys (ConfUtils.java:logGet(43)) - raft.server.storage.dir = [/workdir/hadoop-ozone/integration-test/target/test-dir/MiniOzoneClusterImpl-dc27b903-0525-47ea-8b09-60b958b4e498/datanode-9/data/ratis] (custom)
2019-09-23 17:22:20,833 [main] INFO  hdfs.DFSUtil (DFSUtil.java:httpServerTemplateForNNAndJN(1641)) - Starting Web-server for hddsDatanode at: http://0.0.0.0:0
2019-09-23 17:22:20,834 [main] INFO  server.AuthenticationFilter (AuthenticationFilter.java:constructSecretProvider(240)) - Unable to initialize FileSignerSecretProvider, falling back to use random secrets.
2019-09-23 17:22:20,835 [main] WARN  http.HttpRequestLog (HttpRequestLog.java:getRequestLog(97)) - Jetty request log can only be enabled using Log4j
2019-09-23 17:22:20,836 [main] INFO  http.HttpServer2 (HttpServer2.java:addGlobalFilter(975)) - Added global filter 'safety' (class=org.apache.hadoop.http.HttpServer2$QuotingInputFilter)
2019-09-23 17:22:20,837 [main] INFO  http.HttpServer2 (HttpServer2.java:addFilter(948)) - Added filter static_user_filter (class=org.apache.hadoop.http.lib.StaticUserWebFilter$StaticUserFilter) to context hddsDatanode
2019-09-23 17:22:20,837 [main] INFO  http.HttpServer2 (HttpServer2.java:addFilter(958)) - Added filter static_user_filter (class=org.apache.hadoop.http.lib.StaticUserWebFilter$StaticUserFilter) to context static
2019-09-23 17:22:20,837 [main] INFO  http.HttpServer2 (HttpServer2.java:addFilter(958)) - Added filter static_user_filter (class=org.apache.hadoop.http.lib.StaticUserWebFilter$StaticUserFilter) to context logs
2019-09-23 17:22:20,838 [main] INFO  http.HttpServer2 (HttpServer2.java:bindListener(1191)) - Jetty bound to port 37194
2019-09-23 17:22:20,838 [main] INFO  server.Server (Server.java:doStart(351)) - jetty-9.3.25.v20180904, build timestamp: 2018-09-04T21:11:46Z, git hash: 3ce520221d0240229c862b122d2b06c12a625732
2019-09-23 17:22:20,839 [main] INFO  handler.ContextHandler (ContextHandler.java:doStart(781)) - Started o.e.j.s.ServletContextHandler@7f51f588{/logs,file:///workdir/hadoop-ozone/integration-test/target/log,AVAILABLE}
2019-09-23 17:22:20,840 [main] INFO  handler.ContextHandler (ContextHandler.java:doStart(781)) - Started o.e.j.s.ServletContextHandler@6bd92538{/static,jar:file:/home/user/.m2/repository/org/apache/hadoop/hadoop-hdds-container-service/0.5.0-SNAPSHOT/hadoop-hdds-container-service-0.5.0-SNAPSHOT.jar!/webapps/static,AVAILABLE}
2019-09-23 17:22:20,864 [main] INFO  handler.ContextHandler (ContextHandler.java:doStart(781)) - Started o.e.j.w.WebAppContext@4a9b3956{/,file:///tmp/jetty-0.0.0.0-37194-hddsDatanode-_-any-2598474320285442603.dir/webapp/,AVAILABLE}{/hddsDatanode}
2019-09-23 17:22:20,864 [main] INFO  server.AbstractConnector (AbstractConnector.java:doStart(278)) - Started ServerConnector@4217bce6{HTTP/1.1,[http/1.1]}{0.0.0.0:37194}
2019-09-23 17:22:20,864 [main] INFO  server.Server (Server.java:doStart(419)) - Started @295789ms
2019-09-23 17:22:20,866 [main] WARN  impl.MetricsSystemImpl (MetricsSystemImpl.java:register(276)) - Sink prometheus already exists!
2019-09-23 17:22:20,867 [main] INFO  server.BaseHttpServer (BaseHttpServer.java:updateConnectorAddress(215)) - HTTP server of HDDSDATANODE is listening at http://0.0.0.0:37194
2019-09-23 17:22:20,867 [main] INFO  ozone.MiniOzoneClusterImpl (MiniOzoneClusterImpl.java:lambda$waitForClusterToBeReady$0(147)) - Waiting for cluster to be ready. Got 0 of 10 DN Heartbeats.
2019-09-23 17:22:20,869 [org.apache.hadoop.util.JvmPauseMonitor$Monitor@3021a596] INFO  util.JvmPauseMonitor (JvmPauseMonitor.java:run(188)) - Starting JVM pause monitor
2019-09-23 17:22:20,869 [Datanode State Machine Thread - 0] INFO  datanode.InitDatanodeState (InitDatanodeState.java:persistContainerDatanodeDetails(140)) - DatanodeDetails is persisted to /workdir/hadoop-ozone/integration-test/target/test-dir/MiniOzoneClusterImpl-dc27b903-0525-47ea-8b09-60b958b4e498/datanode-9/meta/datanode.id
2019-09-23 17:22:21,868 [main] INFO  ozone.MiniOzoneClusterImpl (MiniOzoneClusterImpl.java:lambda$waitForClusterToBeReady$0(147)) - Waiting for cluster to be ready. Got 0 of 10 DN Heartbeats.
2019-09-23 17:22:22,300 [Datanode State Machine Thread - 0] INFO  ozoneimpl.OzoneContainer (OzoneContainer.java:start(217)) - Attempting to start container services.
2019-09-23 17:22:22,300 [Datanode State Machine Thread - 0] INFO  ozoneimpl.OzoneContainer (OzoneContainer.java:startContainerScrub(179)) - Background container scanner has been disabled.
2019-09-23 17:22:22,300 [Datanode State Machine Thread - 0] INFO  ratis.XceiverServerRatis (XceiverServerRatis.java:start(411)) - Starting XceiverServerRatis 8fb4cdab-c625-4313-be02-bfab5deacb6d at port 0
2019-09-23 17:22:22,307 [Datanode State Machine Thread - 0] INFO  impl.RaftServerProxy (RaftServerProxy.java:lambda$start$3(299)) - 8fb4cdab-c625-4313-be02-bfab5deacb6d: start RPC server
2019-09-23 17:22:22,309 [Datanode State Machine Thread - 0] INFO  server.GrpcService (GrpcService.java:startImpl(158)) - 8fb4cdab-c625-4313-be02-bfab5deacb6d: GrpcService started, listening on 0.0.0.0/0.0.0.0:33986
2019-09-23 17:22:22,309 [Datanode State Machine Thread - 0] INFO  ratis.XceiverServerRatis (XceiverServerRatis.java:start(421)) - XceiverServerRatis 8fb4cdab-c625-4313-be02-bfab5deacb6d is started using port 33986
2019-09-23 17:22:22,311 [Datanode State Machine Thread - 0] INFO  server.XceiverServerGrpc (XceiverServerGrpc.java:start(149)) - XceiverServerGrpc 8fb4cdab-c625-4313-be02-bfab5deacb6d is started using port 35457
2019-09-23 17:22:22,350 [Datanode State Machine Thread - 0] INFO  ozoneimpl.OzoneContainer (OzoneContainer.java:start(217)) - Attempting to start container services.
2019-09-23 17:22:22,350 [Datanode State Machine Thread - 0] INFO  ozoneimpl.OzoneContainer (OzoneContainer.java:startContainerScrub(179)) - Background container scanner has been disabled.
2019-09-23 17:22:22,350 [Datanode State Machine Thread - 0] INFO  ratis.XceiverServerRatis (XceiverServerRatis.java:start(411)) - Starting XceiverServerRatis 16da575b-49d8-417e-9508-80525cac3dd0 at port 0
2019-09-23 17:22:22,357 [Datanode State Machine Thread - 0] INFO  impl.RaftServerProxy (RaftServerProxy.java:lambda$start$3(299)) - 16da575b-49d8-417e-9508-80525cac3dd0: start RPC server
2019-09-23 17:22:22,359 [Datanode State Machine Thread - 0] INFO  server.GrpcService (GrpcService.java:startImpl(158)) - 16da575b-49d8-417e-9508-80525cac3dd0: GrpcService started, listening on 0.0.0.0/0.0.0.0:45728
2019-09-23 17:22:22,359 [Datanode State Machine Thread - 0] INFO  ratis.XceiverServerRatis (XceiverServerRatis.java:start(421)) - XceiverServerRatis 16da575b-49d8-417e-9508-80525cac3dd0 is started using port 45728
2019-09-23 17:22:22,360 [Datanode State Machine Thread - 0] INFO  server.XceiverServerGrpc (XceiverServerGrpc.java:start(149)) - XceiverServerGrpc 16da575b-49d8-417e-9508-80525cac3dd0 is started using port 42631
2019-09-23 17:22:22,402 [Datanode State Machine Thread - 0] INFO  ozoneimpl.OzoneContainer (OzoneContainer.java:start(217)) - Attempting to start container services.
2019-09-23 17:22:22,402 [Datanode State Machine Thread - 0] INFO  ozoneimpl.OzoneContainer (OzoneContainer.java:startContainerScrub(179)) - Background container scanner has been disabled.
2019-09-23 17:22:22,402 [Datanode State Machine Thread - 0] INFO  ratis.XceiverServerRatis (XceiverServerRatis.java:start(411)) - Starting XceiverServerRatis d72208ce-2069-4651-9293-ddc837bc4e94 at port 0
2019-09-23 17:22:22,409 [Datanode State Machine Thread - 0] INFO  impl.RaftServerProxy (RaftServerProxy.java:lambda$start$3(299)) - d72208ce-2069-4651-9293-ddc837bc4e94: start RPC server
2019-09-23 17:22:22,410 [Datanode State Machine Thread - 0] INFO  server.GrpcService (GrpcService.java:startImpl(158)) - d72208ce-2069-4651-9293-ddc837bc4e94: GrpcService started, listening on 0.0.0.0/0.0.0.0:41565
2019-09-23 17:22:22,410 [Datanode State Machine Thread - 0] INFO  ratis.XceiverServerRatis (XceiverServerRatis.java:start(421)) - XceiverServerRatis d72208ce-2069-4651-9293-ddc837bc4e94 is started using port 41565
2019-09-23 17:22:22,411 [Datanode State Machine Thread - 0] INFO  server.XceiverServerGrpc (XceiverServerGrpc.java:start(149)) - XceiverServerGrpc d72208ce-2069-4651-9293-ddc837bc4e94 is started using port 34416
2019-09-23 17:22:22,497 [Datanode State Machine Thread - 0] INFO  ozoneimpl.OzoneContainer (OzoneContainer.java:start(217)) - Attempting to start container services.
2019-09-23 17:22:22,497 [Datanode State Machine Thread - 0] INFO  ozoneimpl.OzoneContainer (OzoneContainer.java:startContainerScrub(179)) - Background container scanner has been disabled.
2019-09-23 17:22:22,497 [Datanode State Machine Thread - 0] INFO  ratis.XceiverServerRatis (XceiverServerRatis.java:start(411)) - Starting XceiverServerRatis 75ab0a4d-5206-4350-91b3-4197023479e2 at port 0
2019-09-23 17:22:22,504 [Datanode State Machine Thread - 0] INFO  impl.RaftServerProxy (RaftServerProxy.java:lambda$start$3(299)) - 75ab0a4d-5206-4350-91b3-4197023479e2: start RPC server
2019-09-23 17:22:22,505 [Datanode State Machine Thread - 0] INFO  server.GrpcService (GrpcService.java:startImpl(158)) - 75ab0a4d-5206-4350-91b3-4197023479e2: GrpcService started, listening on 0.0.0.0/0.0.0.0:43851
2019-09-23 17:22:22,505 [Datanode State Machine Thread - 0] INFO  ratis.XceiverServerRatis (XceiverServerRatis.java:start(421)) - XceiverServerRatis 75ab0a4d-5206-4350-91b3-4197023479e2 is started using port 43851
2019-09-23 17:22:22,506 [Datanode State Machine Thread - 0] INFO  server.XceiverServerGrpc (XceiverServerGrpc.java:start(149)) - XceiverServerGrpc 75ab0a4d-5206-4350-91b3-4197023479e2 is started using port 35548
2019-09-23 17:22:22,555 [Datanode State Machine Thread - 0] INFO  ozoneimpl.OzoneContainer (OzoneContainer.java:start(217)) - Attempting to start container services.
2019-09-23 17:22:22,555 [Datanode State Machine Thread - 0] INFO  ozoneimpl.OzoneContainer (OzoneContainer.java:startContainerScrub(179)) - Background container scanner has been disabled.
2019-09-23 17:22:22,555 [Datanode State Machine Thread - 0] INFO  ratis.XceiverServerRatis (XceiverServerRatis.java:start(411)) - Starting XceiverServerRatis cf9188cb-18f1-4c06-b3bb-d2975ec16a95 at port 0
2019-09-23 17:22:22,563 [Datanode State Machine Thread - 0] INFO  impl.RaftServerProxy (RaftServerProxy.java:lambda$start$3(299)) - cf9188cb-18f1-4c06-b3bb-d2975ec16a95: start RPC server
2019-09-23 17:22:22,563 [Datanode State Machine Thread - 0] INFO  server.GrpcService (GrpcService.java:startImpl(158)) - cf9188cb-18f1-4c06-b3bb-d2975ec16a95: GrpcService started, listening on 0.0.0.0/0.0.0.0:35549
2019-09-23 17:22:22,563 [Datanode State Machine Thread - 0] INFO  ratis.XceiverServerRatis (XceiverServerRatis.java:start(421)) - XceiverServerRatis cf9188cb-18f1-4c06-b3bb-d2975ec16a95 is started using port 35549
2019-09-23 17:22:22,564 [Datanode State Machine Thread - 0] INFO  server.XceiverServerGrpc (XceiverServerGrpc.java:start(149)) - XceiverServerGrpc cf9188cb-18f1-4c06-b3bb-d2975ec16a95 is started using port 43626
2019-09-23 17:22:22,623 [Datanode State Machine Thread - 0] INFO  ozoneimpl.OzoneContainer (OzoneContainer.java:start(217)) - Attempting to start container services.
2019-09-23 17:22:22,624 [Datanode State Machine Thread - 0] INFO  ozoneimpl.OzoneContainer (OzoneContainer.java:startContainerScrub(179)) - Background container scanner has been disabled.
2019-09-23 17:22:22,624 [Datanode State Machine Thread - 0] INFO  ratis.XceiverServerRatis (XceiverServerRatis.java:start(411)) - Starting XceiverServerRatis dee4c762-71db-4d64-ab47-681bb437fd07 at port 0
2019-09-23 17:22:22,631 [Datanode State Machine Thread - 0] INFO  impl.RaftServerProxy (RaftServerProxy.java:lambda$start$3(299)) - dee4c762-71db-4d64-ab47-681bb437fd07: start RPC server
2019-09-23 17:22:22,631 [Datanode State Machine Thread - 0] INFO  server.GrpcService (GrpcService.java:startImpl(158)) - dee4c762-71db-4d64-ab47-681bb437fd07: GrpcService started, listening on 0.0.0.0/0.0.0.0:36188
2019-09-23 17:22:22,632 [Datanode State Machine Thread - 0] INFO  ratis.XceiverServerRatis (XceiverServerRatis.java:start(421)) - XceiverServerRatis dee4c762-71db-4d64-ab47-681bb437fd07 is started using port 36188
2019-09-23 17:22:22,635 [Datanode State Machine Thread - 0] INFO  server.XceiverServerGrpc (XceiverServerGrpc.java:start(149)) - XceiverServerGrpc dee4c762-71db-4d64-ab47-681bb437fd07 is started using port 40363
2019-09-23 17:22:22,702 [Datanode State Machine Thread - 0] INFO  ozoneimpl.OzoneContainer (OzoneContainer.java:start(217)) - Attempting to start container services.
2019-09-23 17:22:22,702 [Datanode State Machine Thread - 0] INFO  ozoneimpl.OzoneContainer (OzoneContainer.java:startContainerScrub(179)) - Background container scanner has been disabled.
2019-09-23 17:22:22,703 [Datanode State Machine Thread - 0] INFO  ratis.XceiverServerRatis (XceiverServerRatis.java:start(411)) - Starting XceiverServerRatis bc19b587-0afa-44fa-868a-b1d2a74f7494 at port 0
2019-09-23 17:22:22,710 [Datanode State Machine Thread - 0] INFO  impl.RaftServerProxy (RaftServerProxy.java:lambda$start$3(299)) - bc19b587-0afa-44fa-868a-b1d2a74f7494: start RPC server
2019-09-23 17:22:22,714 [Datanode State Machine Thread - 0] INFO  server.GrpcService (GrpcService.java:startImpl(158)) - bc19b587-0afa-44fa-868a-b1d2a74f7494: GrpcService started, listening on 0.0.0.0/0.0.0.0:42522
2019-09-23 17:22:22,714 [Datanode State Machine Thread - 0] INFO  ratis.XceiverServerRatis (XceiverServerRatis.java:start(421)) - XceiverServerRatis bc19b587-0afa-44fa-868a-b1d2a74f7494 is started using port 42522
2019-09-23 17:22:22,717 [Datanode State Machine Thread - 0] INFO  server.XceiverServerGrpc (XceiverServerGrpc.java:start(149)) - XceiverServerGrpc bc19b587-0afa-44fa-868a-b1d2a74f7494 is started using port 42689
2019-09-23 17:22:22,766 [Datanode State Machine Thread - 0] INFO  ozoneimpl.OzoneContainer (OzoneContainer.java:start(217)) - Attempting to start container services.
2019-09-23 17:22:22,766 [Datanode State Machine Thread - 0] INFO  ozoneimpl.OzoneContainer (OzoneContainer.java:startContainerScrub(179)) - Background container scanner has been disabled.
2019-09-23 17:22:22,766 [Datanode State Machine Thread - 0] INFO  ratis.XceiverServerRatis (XceiverServerRatis.java:start(411)) - Starting XceiverServerRatis 88a31ab1-6c68-496a-9143-f02147be1aed at port 0
2019-09-23 17:22:22,773 [Datanode State Machine Thread - 0] INFO  impl.RaftServerProxy (RaftServerProxy.java:lambda$start$3(299)) - 88a31ab1-6c68-496a-9143-f02147be1aed: start RPC server
2019-09-23 17:22:22,791 [Datanode State Machine Thread - 0] INFO  server.GrpcService (GrpcService.java:startImpl(158)) - 88a31ab1-6c68-496a-9143-f02147be1aed: GrpcService started, listening on 0.0.0.0/0.0.0.0:38082
2019-09-23 17:22:22,792 [Datanode State Machine Thread - 0] INFO  ratis.XceiverServerRatis (XceiverServerRatis.java:start(421)) - XceiverServerRatis 88a31ab1-6c68-496a-9143-f02147be1aed is started using port 38082
2019-09-23 17:22:22,795 [Datanode State Machine Thread - 0] INFO  server.XceiverServerGrpc (XceiverServerGrpc.java:start(149)) - XceiverServerGrpc 88a31ab1-6c68-496a-9143-f02147be1aed is started using port 37059
2019-09-23 17:22:22,847 [Datanode State Machine Thread - 0] INFO  ozoneimpl.OzoneContainer (OzoneContainer.java:start(217)) - Attempting to start container services.
2019-09-23 17:22:22,847 [Datanode State Machine Thread - 0] INFO  ozoneimpl.OzoneContainer (OzoneContainer.java:startContainerScrub(179)) - Background container scanner has been disabled.
2019-09-23 17:22:22,847 [Datanode State Machine Thread - 0] INFO  ratis.XceiverServerRatis (XceiverServerRatis.java:start(411)) - Starting XceiverServerRatis eaf7fe76-8f02-4367-a540-36f6b5b02da9 at port 0
2019-09-23 17:22:22,854 [Datanode State Machine Thread - 0] INFO  impl.RaftServerProxy (RaftServerProxy.java:lambda$start$3(299)) - eaf7fe76-8f02-4367-a540-36f6b5b02da9: start RPC server
2019-09-23 17:22:22,857 [Datanode State Machine Thread - 0] INFO  server.GrpcService (GrpcService.java:startImpl(158)) - eaf7fe76-8f02-4367-a540-36f6b5b02da9: GrpcService started, listening on 0.0.0.0/0.0.0.0:44815
2019-09-23 17:22:22,857 [Datanode State Machine Thread - 0] INFO  ratis.XceiverServerRatis (XceiverServerRatis.java:start(421)) - XceiverServerRatis eaf7fe76-8f02-4367-a540-36f6b5b02da9 is started using port 44815
2019-09-23 17:22:22,861 [Datanode State Machine Thread - 0] INFO  server.XceiverServerGrpc (XceiverServerGrpc.java:start(149)) - XceiverServerGrpc eaf7fe76-8f02-4367-a540-36f6b5b02da9 is started using port 41131
2019-09-23 17:22:22,868 [main] INFO  ozone.MiniOzoneClusterImpl (MiniOzoneClusterImpl.java:lambda$waitForClusterToBeReady$0(147)) - Waiting for cluster to be ready. Got 0 of 10 DN Heartbeats.
2019-09-23 17:22:22,874 [Datanode State Machine Thread - 0] INFO  ozoneimpl.OzoneContainer (OzoneContainer.java:start(217)) - Attempting to start container services.
2019-09-23 17:22:22,875 [Datanode State Machine Thread - 0] INFO  ozoneimpl.OzoneContainer (OzoneContainer.java:startContainerScrub(179)) - Background container scanner has been disabled.
2019-09-23 17:22:22,875 [Datanode State Machine Thread - 0] INFO  ratis.XceiverServerRatis (XceiverServerRatis.java:start(411)) - Starting XceiverServerRatis a41748ab-4e9a-4a99-a107-c015e4324edf at port 0
2019-09-23 17:22:22,881 [Datanode State Machine Thread - 0] INFO  impl.RaftServerProxy (RaftServerProxy.java:lambda$start$3(299)) - a41748ab-4e9a-4a99-a107-c015e4324edf: start RPC server
2019-09-23 17:22:22,882 [Datanode State Machine Thread - 0] INFO  server.GrpcService (GrpcService.java:startImpl(158)) - a41748ab-4e9a-4a99-a107-c015e4324edf: GrpcService started, listening on 0.0.0.0/0.0.0.0:45273
2019-09-23 17:22:22,882 [Datanode State Machine Thread - 0] INFO  ratis.XceiverServerRatis (XceiverServerRatis.java:start(421)) - XceiverServerRatis a41748ab-4e9a-4a99-a107-c015e4324edf is started using port 45273
2019-09-23 17:22:22,898 [Datanode State Machine Thread - 0] INFO  server.XceiverServerGrpc (XceiverServerGrpc.java:start(149)) - XceiverServerGrpc a41748ab-4e9a-4a99-a107-c015e4324edf is started using port 41396
2019-09-23 17:22:23,868 [main] INFO  ozone.MiniOzoneClusterImpl (MiniOzoneClusterImpl.java:lambda$waitForClusterToBeReady$0(147)) - Waiting for cluster to be ready. Got 0 of 10 DN Heartbeats.
2019-09-23 17:22:24,248 [IPC Server handler 5 on 34330] INFO  net.NetworkTopology (NetworkTopologyImpl.java:add(111)) - Added a new node: /rack1/8fb4cdab-c625-4313-be02-bfab5deacb6d
2019-09-23 17:22:24,251 [IPC Server handler 5 on 34330] INFO  node.SCMNodeManager (SCMNodeManager.java:register(266)) - Registered Data node : 8fb4cdab-c625-4313-be02-bfab5deacb6d{ip: 192.168.34.14, host: pr-hdds-2167-q77kb-1598226581, networkLocation: /rack1, certSerialId: null}
2019-09-23 17:22:24,252 [EventQueue-NodeRegistrationContainerReportForDataNodeSafeModeRule] INFO  safemode.SCMSafeModeManager (DataNodeSafeModeRule.java:process(71)) - SCM in safe mode. 1 DataNodes registered, 1 required.
2019-09-23 17:22:24,254 [EventQueue-NodeRegistrationContainerReportForDataNodeSafeModeRule] INFO  safemode.SCMSafeModeManager (SCMSafeModeManager.java:validateSafeModeExitRules(177)) - ScmSafeModeManager, all rules are successfully validated
2019-09-23 17:22:24,254 [EventQueue-NodeRegistrationContainerReportForDataNodeSafeModeRule] INFO  safemode.SCMSafeModeManager (SCMSafeModeManager.java:exitSafeMode(193)) - SCM exiting safe mode.
2019-09-23 17:22:24,261 [grpc-default-executor-18] INFO  impl.RaftServerProxy (RaftServerProxy.java:addNew(89)) - 8fb4cdab-c625-4313-be02-bfab5deacb6d: addNew group-1A960CC3F4D5:[8fb4cdab-c625-4313-be02-bfab5deacb6d:192.168.34.14:33986] returns group-1A960CC3F4D5:java.util.concurrent.CompletableFuture@61851a1a[Not completed]
2019-09-23 17:22:24,262 [pool-509-thread-1] INFO  impl.RaftServerImpl (RaftServerImpl.java:<init>(95)) - 8fb4cdab-c625-4313-be02-bfab5deacb6d: new RaftServerImpl for group-1A960CC3F4D5:[8fb4cdab-c625-4313-be02-bfab5deacb6d:192.168.34.14:33986] with ContainerStateMachine:uninitialized
2019-09-23 17:22:24,262 [pool-509-thread-1] INFO  server.RaftServerConfigKeys (ConfUtils.java:logGet(43)) - raft.server.rpc.timeout.min = 1s (custom)
2019-09-23 17:22:24,262 [pool-509-thread-1] INFO  server.RaftServerConfigKeys (ConfUtils.java:logGet(43)) - raft.server.rpc.timeout.max = 1200ms (custom)
2019-09-23 17:22:24,262 [pool-509-thread-1] INFO  server.RaftServerConfigKeys (ConfUtils.java:logGet(43)) - raft.server.rpcslowness.timeout = 120s (custom)
2019-09-23 17:22:24,263 [pool-509-thread-1] INFO  server.RaftServerConfigKeys (ConfUtils.java:logGet(43)) - raft.server.sleep.deviation.threshold = 300 (default)
2019-09-23 17:22:24,263 [pool-509-thread-1] INFO  server.RaftServerConfigKeys (ConfUtils.java:logGet(43)) - raft.server.log.appender.install.snapshot.enabled = false (custom)
2019-09-23 17:22:24,263 [pool-509-thread-1] INFO  impl.RaftServerImpl (ServerState.java:<init>(103)) - 8fb4cdab-c625-4313-be02-bfab5deacb6d@group-1A960CC3F4D5: ConfigurationManager, init=-1: [8fb4cdab-c625-4313-be02-bfab5deacb6d:192.168.34.14:33986], old=null, confs=<EMPTY_MAP>
2019-09-23 17:22:24,263 [pool-509-thread-1] INFO  server.RaftServerConfigKeys (ConfUtils.java:logGet(43)) - raft.server.storage.dir = [/workdir/hadoop-ozone/integration-test/target/test-dir/MiniOzoneClusterImpl-dc27b903-0525-47ea-8b09-60b958b4e498/datanode-0/data/ratis] (custom)
2019-09-23 17:22:24,263 [pool-509-thread-1] INFO  storage.RaftStorageDirectory (RaftStorageDirectory.java:analyzeStorage(246)) - The storage directory /workdir/hadoop-ozone/integration-test/target/test-dir/MiniOzoneClusterImpl-dc27b903-0525-47ea-8b09-60b958b4e498/datanode-0/data/ratis/f4fdfc1b-1de9-4678-aaeb-1a960cc3f4d5 does not exist. Creating ...
2019-09-23 17:22:24,318 [IPC Server handler 6 on 34330] INFO  net.NetworkTopology (NetworkTopologyImpl.java:add(111)) - Added a new node: /rack1/16da575b-49d8-417e-9508-80525cac3dd0
2019-09-23 17:22:24,318 [IPC Server handler 6 on 34330] INFO  node.SCMNodeManager (SCMNodeManager.java:register(266)) - Registered Data node : 16da575b-49d8-417e-9508-80525cac3dd0{ip: 192.168.34.14, host: pr-hdds-2167-q77kb-1598226581, networkLocation: /rack1, certSerialId: null}
2019-09-23 17:22:24,326 [pool-509-thread-1] INFO  storage.RaftStorageDirectory (RaftStorageDirectory.java:tryLock(328)) - Lock on /workdir/hadoop-ozone/integration-test/target/test-dir/MiniOzoneClusterImpl-dc27b903-0525-47ea-8b09-60b958b4e498/datanode-0/data/ratis/f4fdfc1b-1de9-4678-aaeb-1a960cc3f4d5/in_use.lock acquired by nodename 22073@pr-hdds-2167-q77kb-1598226581
2019-09-23 17:22:24,384 [IPC Server handler 0 on 34330] INFO  net.NetworkTopology (NetworkTopologyImpl.java:add(111)) - Added a new node: /rack1/d72208ce-2069-4651-9293-ddc837bc4e94
2019-09-23 17:22:24,385 [IPC Server handler 0 on 34330] INFO  node.SCMNodeManager (SCMNodeManager.java:register(266)) - Registered Data node : d72208ce-2069-4651-9293-ddc837bc4e94{ip: 192.168.34.14, host: pr-hdds-2167-q77kb-1598226581, networkLocation: /rack1, certSerialId: null}
2019-09-23 17:22:24,404 [pool-509-thread-1] INFO  storage.RaftStorage (RaftStorage.java:format(72)) - Storage directory /workdir/hadoop-ozone/integration-test/target/test-dir/MiniOzoneClusterImpl-dc27b903-0525-47ea-8b09-60b958b4e498/datanode-0/data/ratis/f4fdfc1b-1de9-4678-aaeb-1a960cc3f4d5 has been successfully formatted.
2019-09-23 17:22:24,404 [pool-509-thread-1] INFO  ratis.ContainerStateMachine (ContainerStateMachine.java:loadSnapshot(230)) - group-1A960CC3F4D5: The snapshot info is null. Setting the last applied indexto:(t:0, i:~)
2019-09-23 17:22:24,404 [pool-509-thread-1] INFO  server.RaftServerConfigKeys (ConfUtils.java:logGet(43)) - raft.server.notification.no-leader.timeout = 120s (custom)
2019-09-23 17:22:24,405 [pool-509-thread-1] INFO  server.RaftServerConfigKeys (ConfUtils.java:logGet(43)) - raft.server.log.use.memory = false (default)
2019-09-23 17:22:24,405 [pool-509-thread-1] INFO  server.RaftServerConfigKeys (ConfUtils.java:logGet(43)) - raft.server.log.purge.gap = 1000000 (custom)
2019-09-23 17:22:24,405 [pool-509-thread-1] INFO  server.RaftServerConfigKeys (ConfUtils.java:logGet(43)) - raft.server.log.appender.buffer.byte-limit = 33554432 (custom)
2019-09-23 17:22:24,405 [pool-509-thread-1] INFO  server.RaftServerConfigKeys (ConfUtils.java:logGet(43)) - raft.server.log.segment.size.max = 1048576 (custom)
2019-09-23 17:22:24,405 [pool-509-thread-1] INFO  server.RaftServerConfigKeys (ConfUtils.java:logGet(43)) - raft.server.log.segment.cache.num.max = 2 (custom)
2019-09-23 17:22:24,405 [pool-509-thread-1] INFO  segmented.SegmentedRaftLogWorker (SegmentedRaftLogWorker.java:<init>(172)) - new 8fb4cdab-c625-4313-be02-bfab5deacb6d@group-1A960CC3F4D5-SegmentedRaftLogWorker for RaftStorage:Storage Directory /workdir/hadoop-ozone/integration-test/target/test-dir/MiniOzoneClusterImpl-dc27b903-0525-47ea-8b09-60b958b4e498/datanode-0/data/ratis/f4fdfc1b-1de9-4678-aaeb-1a960cc3f4d5
2019-09-23 17:22:24,408 [pool-509-thread-1] INFO  server.RaftServerConfigKeys (ConfUtils.java:logGet(43)) - raft.server.log.queue.byte-limit = 2147483647 (custom)
2019-09-23 17:22:24,408 [pool-509-thread-1] INFO  server.RaftServerConfigKeys (ConfUtils.java:logGet(43)) - raft.server.log.queue.element-limit = 1024 (custom)
2019-09-23 17:22:24,408 [pool-509-thread-1] INFO  server.RaftServerConfigKeys (ConfUtils.java:logGet(43)) - raft.server.log.segment.size.max = 1048576 (custom)
2019-09-23 17:22:24,408 [pool-509-thread-1] INFO  server.RaftServerConfigKeys (ConfUtils.java:logGet(43)) - raft.server.log.preallocated.size = 16384 (custom)
2019-09-23 17:22:24,409 [pool-509-thread-1] INFO  server.RaftServerConfigKeys (ConfUtils.java:logGet(43)) - raft.server.log.write.buffer.size = 33554432 (custom)
2019-09-23 17:22:24,409 [pool-509-thread-1] INFO  server.RaftServerConfigKeys (ConfUtils.java:logGet(43)) - raft.server.log.force.sync.num = 128 (default)
2019-09-23 17:22:24,409 [pool-509-thread-1] INFO  server.RaftServerConfigKeys (ConfUtils.java:logGet(43)) - raft.server.log.statemachine.data.sync = true (default)
2019-09-23 17:22:24,409 [pool-509-thread-1] INFO  server.RaftServerConfigKeys (ConfUtils.java:logGet(43)) - raft.server.log.statemachine.data.sync.timeout = 10s (default)
2019-09-23 17:22:24,409 [pool-509-thread-1] INFO  server.RaftServerConfigKeys (ConfUtils.java:logGet(43)) - raft.server.log.statemachine.data.sync.timeout.retry = -1 (default)
2019-09-23 17:22:24,410 [pool-509-thread-1] INFO  server.RaftServerConfigKeys (ConfUtils.java:logGet(43)) - raft.server.log.statemachine.data.caching.enabled = true (custom)
2019-09-23 17:22:24,410 [pool-509-thread-1] INFO  segmented.SegmentedRaftLogWorker (SegmentedRaftLogWorker.java:lambda$new$0(132)) - 8fb4cdab-c625-4313-be02-bfab5deacb6d@group-1A960CC3F4D5-SegmentedRaftLogWorker: flushIndex: setUnconditionally 0 -> -1
2019-09-23 17:22:24,410 [pool-509-thread-1] INFO  server.RaftServerConfigKeys (ConfUtils.java:logGet(43)) - raft.server.snapshot.auto.trigger.enabled = true (custom)
2019-09-23 17:22:24,411 [pool-509-thread-1] INFO  server.RaftServerConfigKeys (ConfUtils.java:logGet(43)) - raft.server.snapshot.auto.trigger.threshold = 10000 (custom)
2019-09-23 17:22:24,411 [pool-509-thread-1] INFO  server.RaftServerConfigKeys (ConfUtils.java:logGet(43)) - raft.server.snapshot.retention.num.files = 5 (custom)
2019-09-23 17:22:24,411 [pool-509-thread-1] INFO  server.RaftServerConfigKeys (ConfUtils.java:logGet(43)) - raft.server.retrycache.expirytime = 600000ms (custom)
2019-09-23 17:22:24,413 [pool-509-thread-1] INFO  impl.RaftServerImpl (RaftServerImpl.java:start(185)) - 8fb4cdab-c625-4313-be02-bfab5deacb6d@group-1A960CC3F4D5: start as a follower, conf=-1: [8fb4cdab-c625-4313-be02-bfab5deacb6d:192.168.34.14:33986], old=null
2019-09-23 17:22:24,413 [pool-509-thread-1] INFO  impl.RaftServerImpl (RaftServerImpl.java:setRole(174)) - 8fb4cdab-c625-4313-be02-bfab5deacb6d@group-1A960CC3F4D5: changes role from      null to FOLLOWER at term 0 for startAsFollower
2019-09-23 17:22:24,413 [pool-509-thread-1] INFO  impl.RoleInfo (RoleInfo.java:updateAndGet(143)) - 8fb4cdab-c625-4313-be02-bfab5deacb6d: start FollowerState
2019-09-23 17:22:24,426 [pool-509-thread-1] INFO  util.JmxRegister (JmxRegister.java:tryRegister(44)) - Successfully registered JMX Bean with object name Ratis:service=RaftServer,group=group-1A960CC3F4D5,id=8fb4cdab-c625-4313-be02-bfab5deacb6d
2019-09-23 17:22:24,439 [RatisPipelineUtilsThread] INFO  pipeline.PipelineStateManager (PipelineStateManager.java:addPipeline(56)) - Created pipeline Pipeline[ Id: f4fdfc1b-1de9-4678-aaeb-1a960cc3f4d5, Nodes: 8fb4cdab-c625-4313-be02-bfab5deacb6d{ip: 192.168.34.14, host: pr-hdds-2167-q77kb-1598226581, networkLocation: /rack1, certSerialId: null}, Type:RATIS, Factor:ONE, State:OPEN]
2019-09-23 17:22:24,446 [grpc-default-executor-18] INFO  impl.RaftServerProxy (RaftServerProxy.java:addNew(89)) - 16da575b-49d8-417e-9508-80525cac3dd0: addNew group-DFD92C933887:[16da575b-49d8-417e-9508-80525cac3dd0:192.168.34.14:45728] returns group-DFD92C933887:java.util.concurrent.CompletableFuture@1fd446f5[Not completed]
2019-09-23 17:22:24,447 [pool-519-thread-1] INFO  impl.RaftServerImpl (RaftServerImpl.java:<init>(95)) - 16da575b-49d8-417e-9508-80525cac3dd0: new RaftServerImpl for group-DFD92C933887:[16da575b-49d8-417e-9508-80525cac3dd0:192.168.34.14:45728] with ContainerStateMachine:uninitialized
2019-09-23 17:22:24,447 [pool-519-thread-1] INFO  server.RaftServerConfigKeys (ConfUtils.java:logGet(43)) - raft.server.rpc.timeout.min = 1s (custom)
2019-09-23 17:22:24,447 [pool-519-thread-1] INFO  server.RaftServerConfigKeys (ConfUtils.java:logGet(43)) - raft.server.rpc.timeout.max = 1200ms (custom)
2019-09-23 17:22:24,448 [pool-519-thread-1] INFO  server.RaftServerConfigKeys (ConfUtils.java:logGet(43)) - raft.server.rpcslowness.timeout = 120s (custom)
2019-09-23 17:22:24,448 [pool-519-thread-1] INFO  server.RaftServerConfigKeys (ConfUtils.java:logGet(43)) - raft.server.sleep.deviation.threshold = 300 (default)
2019-09-23 17:22:24,448 [pool-519-thread-1] INFO  server.RaftServerConfigKeys (ConfUtils.java:logGet(43)) - raft.server.log.appender.install.snapshot.enabled = false (custom)
2019-09-23 17:22:24,448 [pool-519-thread-1] INFO  impl.RaftServerImpl (ServerState.java:<init>(103)) - 16da575b-49d8-417e-9508-80525cac3dd0@group-DFD92C933887: ConfigurationManager, init=-1: [16da575b-49d8-417e-9508-80525cac3dd0:192.168.34.14:45728], old=null, confs=<EMPTY_MAP>
2019-09-23 17:22:24,448 [pool-519-thread-1] INFO  server.RaftServerConfigKeys (ConfUtils.java:logGet(43)) - raft.server.storage.dir = [/workdir/hadoop-ozone/integration-test/target/test-dir/MiniOzoneClusterImpl-dc27b903-0525-47ea-8b09-60b958b4e498/datanode-1/data/ratis] (custom)
2019-09-23 17:22:24,448 [pool-519-thread-1] INFO  storage.RaftStorageDirectory (RaftStorageDirectory.java:analyzeStorage(246)) - The storage directory /workdir/hadoop-ozone/integration-test/target/test-dir/MiniOzoneClusterImpl-dc27b903-0525-47ea-8b09-60b958b4e498/datanode-1/data/ratis/99710a9f-2ddf-40f7-8641-dfd92c933887 does not exist. Creating ...
2019-09-23 17:22:24,472 [IPC Server handler 4 on 34330] INFO  net.NetworkTopology (NetworkTopologyImpl.java:add(111)) - Added a new node: /rack1/75ab0a4d-5206-4350-91b3-4197023479e2
2019-09-23 17:22:24,472 [IPC Server handler 4 on 34330] INFO  node.SCMNodeManager (SCMNodeManager.java:register(266)) - Registered Data node : 75ab0a4d-5206-4350-91b3-4197023479e2{ip: 192.168.34.14, host: pr-hdds-2167-q77kb-1598226581, networkLocation: /rack1, certSerialId: null}
2019-09-23 17:22:24,515 [pool-519-thread-1] INFO  storage.RaftStorageDirectory (RaftStorageDirectory.java:tryLock(328)) - Lock on /workdir/hadoop-ozone/integration-test/target/test-dir/MiniOzoneClusterImpl-dc27b903-0525-47ea-8b09-60b958b4e498/datanode-1/data/ratis/99710a9f-2ddf-40f7-8641-dfd92c933887/in_use.lock acquired by nodename 22073@pr-hdds-2167-q77kb-1598226581
2019-09-23 17:22:24,536 [IPC Server handler 2 on 34330] INFO  net.NetworkTopology (NetworkTopologyImpl.java:add(111)) - Added a new node: /rack1/cf9188cb-18f1-4c06-b3bb-d2975ec16a95
2019-09-23 17:22:24,536 [IPC Server handler 2 on 34330] INFO  node.SCMNodeManager (SCMNodeManager.java:register(266)) - Registered Data node : cf9188cb-18f1-4c06-b3bb-d2975ec16a95{ip: 192.168.34.14, host: pr-hdds-2167-q77kb-1598226581, networkLocation: /rack1, certSerialId: null}
2019-09-23 17:22:24,575 [pool-519-thread-1] INFO  storage.RaftStorage (RaftStorage.java:format(72)) - Storage directory /workdir/hadoop-ozone/integration-test/target/test-dir/MiniOzoneClusterImpl-dc27b903-0525-47ea-8b09-60b958b4e498/datanode-1/data/ratis/99710a9f-2ddf-40f7-8641-dfd92c933887 has been successfully formatted.
2019-09-23 17:22:24,575 [pool-519-thread-1] INFO  ratis.ContainerStateMachine (ContainerStateMachine.java:loadSnapshot(230)) - group-DFD92C933887: The snapshot info is null. Setting the last applied indexto:(t:0, i:~)
2019-09-23 17:22:24,575 [pool-519-thread-1] INFO  server.RaftServerConfigKeys (ConfUtils.java:logGet(43)) - raft.server.notification.no-leader.timeout = 120s (custom)
2019-09-23 17:22:24,575 [pool-519-thread-1] INFO  server.RaftServerConfigKeys (ConfUtils.java:logGet(43)) - raft.server.log.use.memory = false (default)
2019-09-23 17:22:24,576 [pool-519-thread-1] INFO  server.RaftServerConfigKeys (ConfUtils.java:logGet(43)) - raft.server.log.purge.gap = 1000000 (custom)
2019-09-23 17:22:24,576 [pool-519-thread-1] INFO  server.RaftServerConfigKeys (ConfUtils.java:logGet(43)) - raft.server.log.appender.buffer.byte-limit = 33554432 (custom)
2019-09-23 17:22:24,576 [pool-519-thread-1] INFO  server.RaftServerConfigKeys (ConfUtils.java:logGet(43)) - raft.server.log.segment.size.max = 1048576 (custom)
2019-09-23 17:22:24,576 [pool-519-thread-1] INFO  server.RaftServerConfigKeys (ConfUtils.java:logGet(43)) - raft.server.log.segment.cache.num.max = 2 (custom)
2019-09-23 17:22:24,576 [pool-519-thread-1] INFO  segmented.SegmentedRaftLogWorker (SegmentedRaftLogWorker.java:<init>(172)) - new 16da575b-49d8-417e-9508-80525cac3dd0@group-DFD92C933887-SegmentedRaftLogWorker for RaftStorage:Storage Directory /workdir/hadoop-ozone/integration-test/target/test-dir/MiniOzoneClusterImpl-dc27b903-0525-47ea-8b09-60b958b4e498/datanode-1/data/ratis/99710a9f-2ddf-40f7-8641-dfd92c933887
2019-09-23 17:22:24,578 [pool-519-thread-1] INFO  server.RaftServerConfigKeys (ConfUtils.java:logGet(43)) - raft.server.log.queue.byte-limit = 2147483647 (custom)
2019-09-23 17:22:24,578 [pool-519-thread-1] INFO  server.RaftServerConfigKeys (ConfUtils.java:logGet(43)) - raft.server.log.queue.element-limit = 1024 (custom)
2019-09-23 17:22:24,578 [pool-519-thread-1] INFO  server.RaftServerConfigKeys (ConfUtils.java:logGet(43)) - raft.server.log.segment.size.max = 1048576 (custom)
2019-09-23 17:22:24,578 [pool-519-thread-1] INFO  server.RaftServerConfigKeys (ConfUtils.java:logGet(43)) - raft.server.log.preallocated.size = 16384 (custom)
2019-09-23 17:22:24,578 [pool-519-thread-1] INFO  server.RaftServerConfigKeys (ConfUtils.java:logGet(43)) - raft.server.log.write.buffer.size = 33554432 (custom)
2019-09-23 17:22:24,578 [pool-519-thread-1] INFO  server.RaftServerConfigKeys (ConfUtils.java:logGet(43)) - raft.server.log.force.sync.num = 128 (default)
2019-09-23 17:22:24,578 [pool-519-thread-1] INFO  server.RaftServerConfigKeys (ConfUtils.java:logGet(43)) - raft.server.log.statemachine.data.sync = true (default)
2019-09-23 17:22:24,578 [pool-519-thread-1] INFO  server.RaftServerConfigKeys (ConfUtils.java:logGet(43)) - raft.server.log.statemachine.data.sync.timeout = 10s (default)
2019-09-23 17:22:24,578 [pool-519-thread-1] INFO  server.RaftServerConfigKeys (ConfUtils.java:logGet(43)) - raft.server.log.statemachine.data.sync.timeout.retry = -1 (default)
2019-09-23 17:22:24,579 [pool-519-thread-1] INFO  server.RaftServerConfigKeys (ConfUtils.java:logGet(43)) - raft.server.log.statemachine.data.caching.enabled = true (custom)
2019-09-23 17:22:24,579 [pool-519-thread-1] INFO  segmented.SegmentedRaftLogWorker (SegmentedRaftLogWorker.java:lambda$new$0(132)) - 16da575b-49d8-417e-9508-80525cac3dd0@group-DFD92C933887-SegmentedRaftLogWorker: flushIndex: setUnconditionally 0 -> -1
2019-09-23 17:22:24,579 [pool-519-thread-1] INFO  server.RaftServerConfigKeys (ConfUtils.java:logGet(43)) - raft.server.snapshot.auto.trigger.enabled = true (custom)
2019-09-23 17:22:24,579 [pool-519-thread-1] INFO  server.RaftServerConfigKeys (ConfUtils.java:logGet(43)) - raft.server.snapshot.auto.trigger.threshold = 10000 (custom)
2019-09-23 17:22:24,579 [pool-519-thread-1] INFO  server.RaftServerConfigKeys (ConfUtils.java:logGet(43)) - raft.server.snapshot.retention.num.files = 5 (custom)
2019-09-23 17:22:24,580 [pool-519-thread-1] INFO  server.RaftServerConfigKeys (ConfUtils.java:logGet(43)) - raft.server.retrycache.expirytime = 600000ms (custom)
2019-09-23 17:22:24,581 [pool-519-thread-1] INFO  impl.RaftServerImpl (RaftServerImpl.java:start(185)) - 16da575b-49d8-417e-9508-80525cac3dd0@group-DFD92C933887: start as a follower, conf=-1: [16da575b-49d8-417e-9508-80525cac3dd0:192.168.34.14:45728], old=null
2019-09-23 17:22:24,581 [pool-519-thread-1] INFO  impl.RaftServerImpl (RaftServerImpl.java:setRole(174)) - 16da575b-49d8-417e-9508-80525cac3dd0@group-DFD92C933887: changes role from      null to FOLLOWER at term 0 for startAsFollower
2019-09-23 17:22:24,581 [pool-519-thread-1] INFO  impl.RoleInfo (RoleInfo.java:updateAndGet(143)) - 16da575b-49d8-417e-9508-80525cac3dd0: start FollowerState
2019-09-23 17:22:24,582 [pool-519-thread-1] INFO  util.JmxRegister (JmxRegister.java:tryRegister(44)) - Successfully registered JMX Bean with object name Ratis:service=RaftServer,group=group-DFD92C933887,id=16da575b-49d8-417e-9508-80525cac3dd0
2019-09-23 17:22:24,584 [RatisPipelineUtilsThread] INFO  pipeline.PipelineStateManager (PipelineStateManager.java:addPipeline(56)) - Created pipeline Pipeline[ Id: 99710a9f-2ddf-40f7-8641-dfd92c933887, Nodes: 16da575b-49d8-417e-9508-80525cac3dd0{ip: 192.168.34.14, host: pr-hdds-2167-q77kb-1598226581, networkLocation: /rack1, certSerialId: null}, Type:RATIS, Factor:ONE, State:OPEN]
2019-09-23 17:22:24,597 [grpc-default-executor-18] INFO  impl.RaftServerProxy (RaftServerProxy.java:addNew(89)) - 75ab0a4d-5206-4350-91b3-4197023479e2: addNew group-E5637EE0DA62:[75ab0a4d-5206-4350-91b3-4197023479e2:192.168.34.14:43851] returns group-E5637EE0DA62:java.util.concurrent.CompletableFuture@6088aa4e[Not completed]
2019-09-23 17:22:24,598 [pool-539-thread-1] INFO  impl.RaftServerImpl (RaftServerImpl.java:<init>(95)) - 75ab0a4d-5206-4350-91b3-4197023479e2: new RaftServerImpl for group-E5637EE0DA62:[75ab0a4d-5206-4350-91b3-4197023479e2:192.168.34.14:43851] with ContainerStateMachine:uninitialized
2019-09-23 17:22:24,598 [pool-539-thread-1] INFO  server.RaftServerConfigKeys (ConfUtils.java:logGet(43)) - raft.server.rpc.timeout.min = 1s (custom)
2019-09-23 17:22:24,598 [pool-539-thread-1] INFO  server.RaftServerConfigKeys (ConfUtils.java:logGet(43)) - raft.server.rpc.timeout.max = 1200ms (custom)
2019-09-23 17:22:24,598 [pool-539-thread-1] INFO  server.RaftServerConfigKeys (ConfUtils.java:logGet(43)) - raft.server.rpcslowness.timeout = 120s (custom)
2019-09-23 17:22:24,599 [pool-539-thread-1] INFO  server.RaftServerConfigKeys (ConfUtils.java:logGet(43)) - raft.server.sleep.deviation.threshold = 300 (default)
2019-09-23 17:22:24,599 [pool-539-thread-1] INFO  server.RaftServerConfigKeys (ConfUtils.java:logGet(43)) - raft.server.log.appender.install.snapshot.enabled = false (custom)
2019-09-23 17:22:24,599 [pool-539-thread-1] INFO  impl.RaftServerImpl (ServerState.java:<init>(103)) - 75ab0a4d-5206-4350-91b3-4197023479e2@group-E5637EE0DA62: ConfigurationManager, init=-1: [75ab0a4d-5206-4350-91b3-4197023479e2:192.168.34.14:43851], old=null, confs=<EMPTY_MAP>
2019-09-23 17:22:24,599 [pool-539-thread-1] INFO  server.RaftServerConfigKeys (ConfUtils.java:logGet(43)) - raft.server.storage.dir = [/workdir/hadoop-ozone/integration-test/target/test-dir/MiniOzoneClusterImpl-dc27b903-0525-47ea-8b09-60b958b4e498/datanode-3/data/ratis] (custom)
2019-09-23 17:22:24,599 [IPC Server handler 1 on 34330] INFO  net.NetworkTopology (NetworkTopologyImpl.java:add(111)) - Added a new node: /rack1/dee4c762-71db-4d64-ab47-681bb437fd07
2019-09-23 17:22:24,599 [pool-539-thread-1] INFO  storage.RaftStorageDirectory (RaftStorageDirectory.java:analyzeStorage(246)) - The storage directory /workdir/hadoop-ozone/integration-test/target/test-dir/MiniOzoneClusterImpl-dc27b903-0525-47ea-8b09-60b958b4e498/datanode-3/data/ratis/81ecad9e-e05b-479a-ac56-e5637ee0da62 does not exist. Creating ...
2019-09-23 17:22:24,600 [IPC Server handler 1 on 34330] INFO  node.SCMNodeManager (SCMNodeManager.java:register(266)) - Registered Data node : dee4c762-71db-4d64-ab47-681bb437fd07{ip: 192.168.34.14, host: pr-hdds-2167-q77kb-1598226581, networkLocation: /rack1, certSerialId: null}
2019-09-23 17:22:24,657 [IPC Server handler 9 on 34330] INFO  net.NetworkTopology (NetworkTopologyImpl.java:add(111)) - Added a new node: /rack1/bc19b587-0afa-44fa-868a-b1d2a74f7494
2019-09-23 17:22:24,657 [IPC Server handler 9 on 34330] INFO  node.SCMNodeManager (SCMNodeManager.java:register(266)) - Registered Data node : bc19b587-0afa-44fa-868a-b1d2a74f7494{ip: 192.168.34.14, host: pr-hdds-2167-q77kb-1598226581, networkLocation: /rack1, certSerialId: null}
2019-09-23 17:22:24,665 [pool-539-thread-1] INFO  storage.RaftStorageDirectory (RaftStorageDirectory.java:tryLock(328)) - Lock on /workdir/hadoop-ozone/integration-test/target/test-dir/MiniOzoneClusterImpl-dc27b903-0525-47ea-8b09-60b958b4e498/datanode-3/data/ratis/81ecad9e-e05b-479a-ac56-e5637ee0da62/in_use.lock acquired by nodename 22073@pr-hdds-2167-q77kb-1598226581
2019-09-23 17:22:24,684 [pool-539-thread-1] INFO  storage.RaftStorage (RaftStorage.java:format(72)) - Storage directory /workdir/hadoop-ozone/integration-test/target/test-dir/MiniOzoneClusterImpl-dc27b903-0525-47ea-8b09-60b958b4e498/datanode-3/data/ratis/81ecad9e-e05b-479a-ac56-e5637ee0da62 has been successfully formatted.
2019-09-23 17:22:24,684 [pool-539-thread-1] INFO  ratis.ContainerStateMachine (ContainerStateMachine.java:loadSnapshot(230)) - group-E5637EE0DA62: The snapshot info is null. Setting the last applied indexto:(t:0, i:~)
2019-09-23 17:22:24,684 [pool-539-thread-1] INFO  server.RaftServerConfigKeys (ConfUtils.java:logGet(43)) - raft.server.notification.no-leader.timeout = 120s (custom)
2019-09-23 17:22:24,685 [pool-539-thread-1] INFO  server.RaftServerConfigKeys (ConfUtils.java:logGet(43)) - raft.server.log.use.memory = false (default)
2019-09-23 17:22:24,685 [pool-539-thread-1] INFO  server.RaftServerConfigKeys (ConfUtils.java:logGet(43)) - raft.server.log.purge.gap = 1000000 (custom)
2019-09-23 17:22:24,685 [pool-539-thread-1] INFO  server.RaftServerConfigKeys (ConfUtils.java:logGet(43)) - raft.server.log.appender.buffer.byte-limit = 33554432 (custom)
2019-09-23 17:22:24,685 [pool-539-thread-1] INFO  server.RaftServerConfigKeys (ConfUtils.java:logGet(43)) - raft.server.log.segment.size.max = 1048576 (custom)
2019-09-23 17:22:24,685 [pool-539-thread-1] INFO  server.RaftServerConfigKeys (ConfUtils.java:logGet(43)) - raft.server.log.segment.cache.num.max = 2 (custom)
2019-09-23 17:22:24,685 [pool-539-thread-1] INFO  segmented.SegmentedRaftLogWorker (SegmentedRaftLogWorker.java:<init>(172)) - new 75ab0a4d-5206-4350-91b3-4197023479e2@group-E5637EE0DA62-SegmentedRaftLogWorker for RaftStorage:Storage Directory /workdir/hadoop-ozone/integration-test/target/test-dir/MiniOzoneClusterImpl-dc27b903-0525-47ea-8b09-60b958b4e498/datanode-3/data/ratis/81ecad9e-e05b-479a-ac56-e5637ee0da62
2019-09-23 17:22:24,687 [pool-539-thread-1] INFO  server.RaftServerConfigKeys (ConfUtils.java:logGet(43)) - raft.server.log.queue.byte-limit = 2147483647 (custom)
2019-09-23 17:22:24,687 [pool-539-thread-1] INFO  server.RaftServerConfigKeys (ConfUtils.java:logGet(43)) - raft.server.log.queue.element-limit = 1024 (custom)
2019-09-23 17:22:24,687 [pool-539-thread-1] INFO  server.RaftServerConfigKeys (ConfUtils.java:logGet(43)) - raft.server.log.segment.size.max = 1048576 (custom)
2019-09-23 17:22:24,687 [pool-539-thread-1] INFO  server.RaftServerConfigKeys (ConfUtils.java:logGet(43)) - raft.server.log.preallocated.size = 16384 (custom)
2019-09-23 17:22:24,687 [pool-539-thread-1] INFO  server.RaftServerConfigKeys (ConfUtils.java:logGet(43)) - raft.server.log.write.buffer.size = 33554432 (custom)
2019-09-23 17:22:24,688 [pool-539-thread-1] INFO  server.RaftServerConfigKeys (ConfUtils.java:logGet(43)) - raft.server.log.force.sync.num = 128 (default)
2019-09-23 17:22:24,688 [pool-539-thread-1] INFO  server.RaftServerConfigKeys (ConfUtils.java:logGet(43)) - raft.server.log.statemachine.data.sync = true (default)
2019-09-23 17:22:24,688 [pool-539-thread-1] INFO  server.RaftServerConfigKeys (ConfUtils.java:logGet(43)) - raft.server.log.statemachine.data.sync.timeout = 10s (default)
2019-09-23 17:22:24,688 [pool-539-thread-1] INFO  server.RaftServerConfigKeys (ConfUtils.java:logGet(43)) - raft.server.log.statemachine.data.sync.timeout.retry = -1 (default)
2019-09-23 17:22:24,688 [pool-539-thread-1] INFO  server.RaftServerConfigKeys (ConfUtils.java:logGet(43)) - raft.server.log.statemachine.data.caching.enabled = true (custom)
2019-09-23 17:22:24,689 [pool-539-thread-1] INFO  segmented.SegmentedRaftLogWorker (SegmentedRaftLogWorker.java:lambda$new$0(132)) - 75ab0a4d-5206-4350-91b3-4197023479e2@group-E5637EE0DA62-SegmentedRaftLogWorker: flushIndex: setUnconditionally 0 -> -1
2019-09-23 17:22:24,689 [pool-539-thread-1] INFO  server.RaftServerConfigKeys (ConfUtils.java:logGet(43)) - raft.server.snapshot.auto.trigger.enabled = true (custom)
2019-09-23 17:22:24,689 [pool-539-thread-1] INFO  server.RaftServerConfigKeys (ConfUtils.java:logGet(43)) - raft.server.snapshot.auto.trigger.threshold = 10000 (custom)
2019-09-23 17:22:24,689 [pool-539-thread-1] INFO  server.RaftServerConfigKeys (ConfUtils.java:logGet(43)) - raft.server.snapshot.retention.num.files = 5 (custom)
2019-09-23 17:22:24,689 [pool-539-thread-1] INFO  server.RaftServerConfigKeys (ConfUtils.java:logGet(43)) - raft.server.retrycache.expirytime = 600000ms (custom)
2019-09-23 17:22:24,692 [pool-539-thread-1] INFO  impl.RaftServerImpl (RaftServerImpl.java:start(185)) - 75ab0a4d-5206-4350-91b3-4197023479e2@group-E5637EE0DA62: start as a follower, conf=-1: [75ab0a4d-5206-4350-91b3-4197023479e2:192.168.34.14:43851], old=null
2019-09-23 17:22:24,692 [pool-539-thread-1] INFO  impl.RaftServerImpl (RaftServerImpl.java:setRole(174)) - 75ab0a4d-5206-4350-91b3-4197023479e2@group-E5637EE0DA62: changes role from      null to FOLLOWER at term 0 for startAsFollower
2019-09-23 17:22:24,692 [pool-539-thread-1] INFO  impl.RoleInfo (RoleInfo.java:updateAndGet(143)) - 75ab0a4d-5206-4350-91b3-4197023479e2: start FollowerState
2019-09-23 17:22:24,693 [pool-539-thread-1] INFO  util.JmxRegister (JmxRegister.java:tryRegister(44)) - Successfully registered JMX Bean with object name Ratis:service=RaftServer,group=group-E5637EE0DA62,id=75ab0a4d-5206-4350-91b3-4197023479e2
2019-09-23 17:22:24,694 [RatisPipelineUtilsThread] INFO  pipeline.PipelineStateManager (PipelineStateManager.java:addPipeline(56)) - Created pipeline Pipeline[ Id: 81ecad9e-e05b-479a-ac56-e5637ee0da62, Nodes: 75ab0a4d-5206-4350-91b3-4197023479e2{ip: 192.168.34.14, host: pr-hdds-2167-q77kb-1598226581, networkLocation: /rack1, certSerialId: null}, Type:RATIS, Factor:ONE, State:OPEN]
2019-09-23 17:22:24,703 [grpc-default-executor-18] INFO  impl.RaftServerProxy (RaftServerProxy.java:addNew(89)) - cf9188cb-18f1-4c06-b3bb-d2975ec16a95: addNew group-5519F44A3E4A:[cf9188cb-18f1-4c06-b3bb-d2975ec16a95:192.168.34.14:35549] returns group-5519F44A3E4A:java.util.concurrent.CompletableFuture@3d3e0d52[Not completed]
2019-09-23 17:22:24,704 [pool-549-thread-1] INFO  impl.RaftServerImpl (RaftServerImpl.java:<init>(95)) - cf9188cb-18f1-4c06-b3bb-d2975ec16a95: new RaftServerImpl for group-5519F44A3E4A:[cf9188cb-18f1-4c06-b3bb-d2975ec16a95:192.168.34.14:35549] with ContainerStateMachine:uninitialized
2019-09-23 17:22:24,705 [pool-549-thread-1] INFO  server.RaftServerConfigKeys (ConfUtils.java:logGet(43)) - raft.server.rpc.timeout.min = 1s (custom)
2019-09-23 17:22:24,705 [pool-549-thread-1] INFO  server.RaftServerConfigKeys (ConfUtils.java:logGet(43)) - raft.server.rpc.timeout.max = 1200ms (custom)
2019-09-23 17:22:24,705 [pool-549-thread-1] INFO  server.RaftServerConfigKeys (ConfUtils.java:logGet(43)) - raft.server.rpcslowness.timeout = 120s (custom)
2019-09-23 17:22:24,705 [pool-549-thread-1] INFO  server.RaftServerConfigKeys (ConfUtils.java:logGet(43)) - raft.server.sleep.deviation.threshold = 300 (default)
2019-09-23 17:22:24,705 [pool-549-thread-1] INFO  server.RaftServerConfigKeys (ConfUtils.java:logGet(43)) - raft.server.log.appender.install.snapshot.enabled = false (custom)
2019-09-23 17:22:24,705 [pool-549-thread-1] INFO  impl.RaftServerImpl (ServerState.java:<init>(103)) - cf9188cb-18f1-4c06-b3bb-d2975ec16a95@group-5519F44A3E4A: ConfigurationManager, init=-1: [cf9188cb-18f1-4c06-b3bb-d2975ec16a95:192.168.34.14:35549], old=null, confs=<EMPTY_MAP>
2019-09-23 17:22:24,705 [pool-549-thread-1] INFO  server.RaftServerConfigKeys (ConfUtils.java:logGet(43)) - raft.server.storage.dir = [/workdir/hadoop-ozone/integration-test/target/test-dir/MiniOzoneClusterImpl-dc27b903-0525-47ea-8b09-60b958b4e498/datanode-4/data/ratis] (custom)
2019-09-23 17:22:24,706 [pool-549-thread-1] INFO  storage.RaftStorageDirectory (RaftStorageDirectory.java:analyzeStorage(246)) - The storage directory /workdir/hadoop-ozone/integration-test/target/test-dir/MiniOzoneClusterImpl-dc27b903-0525-47ea-8b09-60b958b4e498/datanode-4/data/ratis/838efe32-306c-47ab-a56a-5519f44a3e4a does not exist. Creating ...
2019-09-23 17:22:24,723 [IPC Server handler 11 on 34330] INFO  net.NetworkTopology (NetworkTopologyImpl.java:add(111)) - Added a new node: /rack1/88a31ab1-6c68-496a-9143-f02147be1aed
2019-09-23 17:22:24,723 [IPC Server handler 11 on 34330] INFO  node.SCMNodeManager (SCMNodeManager.java:register(266)) - Registered Data node : 88a31ab1-6c68-496a-9143-f02147be1aed{ip: 192.168.34.14, host: pr-hdds-2167-q77kb-1598226581, networkLocation: /rack1, certSerialId: null}
2019-09-23 17:22:24,727 [pool-549-thread-1] INFO  storage.RaftStorageDirectory (RaftStorageDirectory.java:tryLock(328)) - Lock on /workdir/hadoop-ozone/integration-test/target/test-dir/MiniOzoneClusterImpl-dc27b903-0525-47ea-8b09-60b958b4e498/datanode-4/data/ratis/838efe32-306c-47ab-a56a-5519f44a3e4a/in_use.lock acquired by nodename 22073@pr-hdds-2167-q77kb-1598226581
2019-09-23 17:22:24,744 [pool-549-thread-1] INFO  storage.RaftStorage (RaftStorage.java:format(72)) - Storage directory /workdir/hadoop-ozone/integration-test/target/test-dir/MiniOzoneClusterImpl-dc27b903-0525-47ea-8b09-60b958b4e498/datanode-4/data/ratis/838efe32-306c-47ab-a56a-5519f44a3e4a has been successfully formatted.
2019-09-23 17:22:24,744 [pool-549-thread-1] INFO  ratis.ContainerStateMachine (ContainerStateMachine.java:loadSnapshot(230)) - group-5519F44A3E4A: The snapshot info is null. Setting the last applied indexto:(t:0, i:~)
2019-09-23 17:22:24,744 [pool-549-thread-1] INFO  server.RaftServerConfigKeys (ConfUtils.java:logGet(43)) - raft.server.notification.no-leader.timeout = 120s (custom)
2019-09-23 17:22:24,745 [pool-549-thread-1] INFO  server.RaftServerConfigKeys (ConfUtils.java:logGet(43)) - raft.server.log.use.memory = false (default)
2019-09-23 17:22:24,745 [pool-549-thread-1] INFO  server.RaftServerConfigKeys (ConfUtils.java:logGet(43)) - raft.server.log.purge.gap = 1000000 (custom)
2019-09-23 17:22:24,745 [pool-549-thread-1] INFO  server.RaftServerConfigKeys (ConfUtils.java:logGet(43)) - raft.server.log.appender.buffer.byte-limit = 33554432 (custom)
2019-09-23 17:22:24,745 [pool-549-thread-1] INFO  server.RaftServerConfigKeys (ConfUtils.java:logGet(43)) - raft.server.log.segment.size.max = 1048576 (custom)
2019-09-23 17:22:24,745 [pool-549-thread-1] INFO  server.RaftServerConfigKeys (ConfUtils.java:logGet(43)) - raft.server.log.segment.cache.num.max = 2 (custom)
2019-09-23 17:22:24,745 [pool-549-thread-1] INFO  segmented.SegmentedRaftLogWorker (SegmentedRaftLogWorker.java:<init>(172)) - new cf9188cb-18f1-4c06-b3bb-d2975ec16a95@group-5519F44A3E4A-SegmentedRaftLogWorker for RaftStorage:Storage Directory /workdir/hadoop-ozone/integration-test/target/test-dir/MiniOzoneClusterImpl-dc27b903-0525-47ea-8b09-60b958b4e498/datanode-4/data/ratis/838efe32-306c-47ab-a56a-5519f44a3e4a
2019-09-23 17:22:24,746 [pool-549-thread-1] INFO  server.RaftServerConfigKeys (ConfUtils.java:logGet(43)) - raft.server.log.queue.byte-limit = 2147483647 (custom)
2019-09-23 17:22:24,746 [pool-549-thread-1] INFO  server.RaftServerConfigKeys (ConfUtils.java:logGet(43)) - raft.server.log.queue.element-limit = 1024 (custom)
2019-09-23 17:22:24,747 [pool-549-thread-1] INFO  server.RaftServerConfigKeys (ConfUtils.java:logGet(43)) - raft.server.log.segment.size.max = 1048576 (custom)
2019-09-23 17:22:24,747 [pool-549-thread-1] INFO  server.RaftServerConfigKeys (ConfUtils.java:logGet(43)) - raft.server.log.preallocated.size = 16384 (custom)
2019-09-23 17:22:24,747 [pool-549-thread-1] INFO  server.RaftServerConfigKeys (ConfUtils.java:logGet(43)) - raft.server.log.write.buffer.size = 33554432 (custom)
2019-09-23 17:22:24,747 [pool-549-thread-1] INFO  server.RaftServerConfigKeys (ConfUtils.java:logGet(43)) - raft.server.log.force.sync.num = 128 (default)
2019-09-23 17:22:24,747 [pool-549-thread-1] INFO  server.RaftServerConfigKeys (ConfUtils.java:logGet(43)) - raft.server.log.statemachine.data.sync = true (default)
2019-09-23 17:22:24,747 [pool-549-thread-1] INFO  server.RaftServerConfigKeys (ConfUtils.java:logGet(43)) - raft.server.log.statemachine.data.sync.timeout = 10s (default)
2019-09-23 17:22:24,747 [pool-549-thread-1] INFO  server.RaftServerConfigKeys (ConfUtils.java:logGet(43)) - raft.server.log.statemachine.data.sync.timeout.retry = -1 (default)
2019-09-23 17:22:24,747 [pool-549-thread-1] INFO  server.RaftServerConfigKeys (ConfUtils.java:logGet(43)) - raft.server.log.statemachine.data.caching.enabled = true (custom)
2019-09-23 17:22:24,747 [pool-549-thread-1] INFO  segmented.SegmentedRaftLogWorker (SegmentedRaftLogWorker.java:lambda$new$0(132)) - cf9188cb-18f1-4c06-b3bb-d2975ec16a95@group-5519F44A3E4A-SegmentedRaftLogWorker: flushIndex: setUnconditionally 0 -> -1
2019-09-23 17:22:24,748 [pool-549-thread-1] INFO  server.RaftServerConfigKeys (ConfUtils.java:logGet(43)) - raft.server.snapshot.auto.trigger.enabled = true (custom)
2019-09-23 17:22:24,748 [pool-549-thread-1] INFO  server.RaftServerConfigKeys (ConfUtils.java:logGet(43)) - raft.server.snapshot.auto.trigger.threshold = 10000 (custom)
2019-09-23 17:22:24,748 [pool-549-thread-1] INFO  server.RaftServerConfigKeys (ConfUtils.java:logGet(43)) - raft.server.snapshot.retention.num.files = 5 (custom)
2019-09-23 17:22:24,748 [pool-549-thread-1] INFO  server.RaftServerConfigKeys (ConfUtils.java:logGet(43)) - raft.server.retrycache.expirytime = 600000ms (custom)
2019-09-23 17:22:24,749 [pool-549-thread-1] INFO  impl.RaftServerImpl (RaftServerImpl.java:start(185)) - cf9188cb-18f1-4c06-b3bb-d2975ec16a95@group-5519F44A3E4A: start as a follower, conf=-1: [cf9188cb-18f1-4c06-b3bb-d2975ec16a95:192.168.34.14:35549], old=null
2019-09-23 17:22:24,750 [pool-549-thread-1] INFO  impl.RaftServerImpl (RaftServerImpl.java:setRole(174)) - cf9188cb-18f1-4c06-b3bb-d2975ec16a95@group-5519F44A3E4A: changes role from      null to FOLLOWER at term 0 for startAsFollower
2019-09-23 17:22:24,750 [pool-549-thread-1] INFO  impl.RoleInfo (RoleInfo.java:updateAndGet(143)) - cf9188cb-18f1-4c06-b3bb-d2975ec16a95: start FollowerState
2019-09-23 17:22:24,750 [pool-549-thread-1] INFO  util.JmxRegister (JmxRegister.java:tryRegister(44)) - Successfully registered JMX Bean with object name Ratis:service=RaftServer,group=group-5519F44A3E4A,id=cf9188cb-18f1-4c06-b3bb-d2975ec16a95
2019-09-23 17:22:24,752 [RatisPipelineUtilsThread] INFO  pipeline.PipelineStateManager (PipelineStateManager.java:addPipeline(56)) - Created pipeline Pipeline[ Id: 838efe32-306c-47ab-a56a-5519f44a3e4a, Nodes: cf9188cb-18f1-4c06-b3bb-d2975ec16a95{ip: 192.168.34.14, host: pr-hdds-2167-q77kb-1598226581, networkLocation: /rack1, certSerialId: null}, Type:RATIS, Factor:ONE, State:OPEN]
2019-09-23 17:22:24,760 [grpc-default-executor-18] INFO  impl.RaftServerProxy (RaftServerProxy.java:addNew(89)) - 88a31ab1-6c68-496a-9143-f02147be1aed: addNew group-56827A8D10A3:[88a31ab1-6c68-496a-9143-f02147be1aed:192.168.34.14:38082] returns group-56827A8D10A3:java.util.concurrent.CompletableFuture@79943c25[Not completed]
2019-09-23 17:22:24,761 [pool-579-thread-1] INFO  impl.RaftServerImpl (RaftServerImpl.java:<init>(95)) - 88a31ab1-6c68-496a-9143-f02147be1aed: new RaftServerImpl for group-56827A8D10A3:[88a31ab1-6c68-496a-9143-f02147be1aed:192.168.34.14:38082] with ContainerStateMachine:uninitialized
2019-09-23 17:22:24,761 [pool-579-thread-1] INFO  server.RaftServerConfigKeys (ConfUtils.java:logGet(43)) - raft.server.rpc.timeout.min = 1s (custom)
2019-09-23 17:22:24,761 [pool-579-thread-1] INFO  server.RaftServerConfigKeys (ConfUtils.java:logGet(43)) - raft.server.rpc.timeout.max = 1200ms (custom)
2019-09-23 17:22:24,762 [pool-579-thread-1] INFO  server.RaftServerConfigKeys (ConfUtils.java:logGet(43)) - raft.server.rpcslowness.timeout = 120s (custom)
2019-09-23 17:22:24,762 [pool-579-thread-1] INFO  server.RaftServerConfigKeys (ConfUtils.java:logGet(43)) - raft.server.sleep.deviation.threshold = 300 (default)
2019-09-23 17:22:24,762 [pool-579-thread-1] INFO  server.RaftServerConfigKeys (ConfUtils.java:logGet(43)) - raft.server.log.appender.install.snapshot.enabled = false (custom)
2019-09-23 17:22:24,762 [pool-579-thread-1] INFO  impl.RaftServerImpl (ServerState.java:<init>(103)) - 88a31ab1-6c68-496a-9143-f02147be1aed@group-56827A8D10A3: ConfigurationManager, init=-1: [88a31ab1-6c68-496a-9143-f02147be1aed:192.168.34.14:38082], old=null, confs=<EMPTY_MAP>
2019-09-23 17:22:24,762 [pool-579-thread-1] INFO  server.RaftServerConfigKeys (ConfUtils.java:logGet(43)) - raft.server.storage.dir = [/workdir/hadoop-ozone/integration-test/target/test-dir/MiniOzoneClusterImpl-dc27b903-0525-47ea-8b09-60b958b4e498/datanode-7/data/ratis] (custom)
2019-09-23 17:22:24,763 [pool-579-thread-1] INFO  storage.RaftStorageDirectory (RaftStorageDirectory.java:analyzeStorage(246)) - The storage directory /workdir/hadoop-ozone/integration-test/target/test-dir/MiniOzoneClusterImpl-dc27b903-0525-47ea-8b09-60b958b4e498/datanode-7/data/ratis/cdf084fa-6ee4-4fac-a24b-56827a8d10a3 does not exist. Creating ...
2019-09-23 17:22:24,775 [pool-579-thread-1] INFO  storage.RaftStorageDirectory (RaftStorageDirectory.java:tryLock(328)) - Lock on /workdir/hadoop-ozone/integration-test/target/test-dir/MiniOzoneClusterImpl-dc27b903-0525-47ea-8b09-60b958b4e498/datanode-7/data/ratis/cdf084fa-6ee4-4fac-a24b-56827a8d10a3/in_use.lock acquired by nodename 22073@pr-hdds-2167-q77kb-1598226581
2019-09-23 17:22:24,801 [IPC Server handler 7 on 34330] INFO  net.NetworkTopology (NetworkTopologyImpl.java:add(111)) - Added a new node: /rack1/eaf7fe76-8f02-4367-a540-36f6b5b02da9
2019-09-23 17:22:24,802 [IPC Server handler 7 on 34330] INFO  node.SCMNodeManager (SCMNodeManager.java:register(266)) - Registered Data node : eaf7fe76-8f02-4367-a540-36f6b5b02da9{ip: 192.168.34.14, host: pr-hdds-2167-q77kb-1598226581, networkLocation: /rack1, certSerialId: null}
2019-09-23 17:22:24,810 [pool-579-thread-1] INFO  storage.RaftStorage (RaftStorage.java:format(72)) - Storage directory /workdir/hadoop-ozone/integration-test/target/test-dir/MiniOzoneClusterImpl-dc27b903-0525-47ea-8b09-60b958b4e498/datanode-7/data/ratis/cdf084fa-6ee4-4fac-a24b-56827a8d10a3 has been successfully formatted.
2019-09-23 17:22:24,811 [pool-579-thread-1] INFO  ratis.ContainerStateMachine (ContainerStateMachine.java:loadSnapshot(230)) - group-56827A8D10A3: The snapshot info is null. Setting the last applied indexto:(t:0, i:~)
2019-09-23 17:22:24,811 [pool-579-thread-1] INFO  server.RaftServerConfigKeys (ConfUtils.java:logGet(43)) - raft.server.notification.no-leader.timeout = 120s (custom)
2019-09-23 17:22:24,811 [pool-579-thread-1] INFO  server.RaftServerConfigKeys (ConfUtils.java:logGet(43)) - raft.server.log.use.memory = false (default)
2019-09-23 17:22:24,811 [pool-579-thread-1] INFO  server.RaftServerConfigKeys (ConfUtils.java:logGet(43)) - raft.server.log.purge.gap = 1000000 (custom)
2019-09-23 17:22:24,811 [pool-579-thread-1] INFO  server.RaftServerConfigKeys (ConfUtils.java:logGet(43)) - raft.server.log.appender.buffer.byte-limit = 33554432 (custom)
2019-09-23 17:22:24,812 [pool-579-thread-1] INFO  server.RaftServerConfigKeys (ConfUtils.java:logGet(43)) - raft.server.log.segment.size.max = 1048576 (custom)
2019-09-23 17:22:24,812 [pool-579-thread-1] INFO  server.RaftServerConfigKeys (ConfUtils.java:logGet(43)) - raft.server.log.segment.cache.num.max = 2 (custom)
2019-09-23 17:22:24,812 [pool-579-thread-1] INFO  segmented.SegmentedRaftLogWorker (SegmentedRaftLogWorker.java:<init>(172)) - new 88a31ab1-6c68-496a-9143-f02147be1aed@group-56827A8D10A3-SegmentedRaftLogWorker for RaftStorage:Storage Directory /workdir/hadoop-ozone/integration-test/target/test-dir/MiniOzoneClusterImpl-dc27b903-0525-47ea-8b09-60b958b4e498/datanode-7/data/ratis/cdf084fa-6ee4-4fac-a24b-56827a8d10a3
2019-09-23 17:22:24,814 [pool-579-thread-1] INFO  server.RaftServerConfigKeys (ConfUtils.java:logGet(43)) - raft.server.log.queue.byte-limit = 2147483647 (custom)
2019-09-23 17:22:24,814 [pool-579-thread-1] INFO  server.RaftServerConfigKeys (ConfUtils.java:logGet(43)) - raft.server.log.queue.element-limit = 1024 (custom)
2019-09-23 17:22:24,814 [pool-579-thread-1] INFO  server.RaftServerConfigKeys (ConfUtils.java:logGet(43)) - raft.server.log.segment.size.max = 1048576 (custom)
2019-09-23 17:22:24,814 [pool-579-thread-1] INFO  server.RaftServerConfigKeys (ConfUtils.java:logGet(43)) - raft.server.log.preallocated.size = 16384 (custom)
2019-09-23 17:22:24,814 [pool-579-thread-1] INFO  server.RaftServerConfigKeys (ConfUtils.java:logGet(43)) - raft.server.log.write.buffer.size = 33554432 (custom)
2019-09-23 17:22:24,815 [pool-579-thread-1] INFO  server.RaftServerConfigKeys (ConfUtils.java:logGet(43)) - raft.server.log.force.sync.num = 128 (default)
2019-09-23 17:22:24,815 [pool-579-thread-1] INFO  server.RaftServerConfigKeys (ConfUtils.java:logGet(43)) - raft.server.log.statemachine.data.sync = true (default)
2019-09-23 17:22:24,815 [pool-579-thread-1] INFO  server.RaftServerConfigKeys (ConfUtils.java:logGet(43)) - raft.server.log.statemachine.data.sync.timeout = 10s (default)
2019-09-23 17:22:24,815 [pool-579-thread-1] INFO  server.RaftServerConfigKeys (ConfUtils.java:logGet(43)) - raft.server.log.statemachine.data.sync.timeout.retry = -1 (default)
2019-09-23 17:22:24,815 [pool-579-thread-1] INFO  server.RaftServerConfigKeys (ConfUtils.java:logGet(43)) - raft.server.log.statemachine.data.caching.enabled = true (custom)
2019-09-23 17:22:24,816 [pool-579-thread-1] INFO  segmented.SegmentedRaftLogWorker (SegmentedRaftLogWorker.java:lambda$new$0(132)) - 88a31ab1-6c68-496a-9143-f02147be1aed@group-56827A8D10A3-SegmentedRaftLogWorker: flushIndex: setUnconditionally 0 -> -1
2019-09-23 17:22:24,816 [pool-579-thread-1] INFO  server.RaftServerConfigKeys (ConfUtils.java:logGet(43)) - raft.server.snapshot.auto.trigger.enabled = true (custom)
2019-09-23 17:22:24,816 [pool-579-thread-1] INFO  server.RaftServerConfigKeys (ConfUtils.java:logGet(43)) - raft.server.snapshot.auto.trigger.threshold = 10000 (custom)
2019-09-23 17:22:24,816 [pool-579-thread-1] INFO  server.RaftServerConfigKeys (ConfUtils.java:logGet(43)) - raft.server.snapshot.retention.num.files = 5 (custom)
2019-09-23 17:22:24,816 [pool-579-thread-1] INFO  server.RaftServerConfigKeys (ConfUtils.java:logGet(43)) - raft.server.retrycache.expirytime = 600000ms (custom)
2019-09-23 17:22:24,818 [pool-579-thread-1] INFO  impl.RaftServerImpl (RaftServerImpl.java:start(185)) - 88a31ab1-6c68-496a-9143-f02147be1aed@group-56827A8D10A3: start as a follower, conf=-1: [88a31ab1-6c68-496a-9143-f02147be1aed:192.168.34.14:38082], old=null
2019-09-23 17:22:24,818 [pool-579-thread-1] INFO  impl.RaftServerImpl (RaftServerImpl.java:setRole(174)) - 88a31ab1-6c68-496a-9143-f02147be1aed@group-56827A8D10A3: changes role from      null to FOLLOWER at term 0 for startAsFollower
2019-09-23 17:22:24,819 [pool-579-thread-1] INFO  impl.RoleInfo (RoleInfo.java:updateAndGet(143)) - 88a31ab1-6c68-496a-9143-f02147be1aed: start FollowerState
2019-09-23 17:22:24,819 [pool-579-thread-1] INFO  util.JmxRegister (JmxRegister.java:tryRegister(44)) - Successfully registered JMX Bean with object name Ratis:service=RaftServer,group=group-56827A8D10A3,id=88a31ab1-6c68-496a-9143-f02147be1aed
2019-09-23 17:22:24,821 [RatisPipelineUtilsThread] INFO  pipeline.PipelineStateManager (PipelineStateManager.java:addPipeline(56)) - Created pipeline Pipeline[ Id: cdf084fa-6ee4-4fac-a24b-56827a8d10a3, Nodes: 88a31ab1-6c68-496a-9143-f02147be1aed{ip: 192.168.34.14, host: pr-hdds-2167-q77kb-1598226581, networkLocation: /rack1, certSerialId: null}, Type:RATIS, Factor:ONE, State:OPEN]
2019-09-23 17:22:24,830 [grpc-default-executor-18] INFO  impl.RaftServerProxy (RaftServerProxy.java:addNew(89)) - dee4c762-71db-4d64-ab47-681bb437fd07: addNew group-2F3367AF8582:[dee4c762-71db-4d64-ab47-681bb437fd07:192.168.34.14:36188] returns group-2F3367AF8582:java.util.concurrent.CompletableFuture@7c8716b3[Not completed]
2019-09-23 17:22:24,832 [pool-559-thread-1] INFO  impl.RaftServerImpl (RaftServerImpl.java:<init>(95)) - dee4c762-71db-4d64-ab47-681bb437fd07: new RaftServerImpl for group-2F3367AF8582:[dee4c762-71db-4d64-ab47-681bb437fd07:192.168.34.14:36188] with ContainerStateMachine:uninitialized
2019-09-23 17:22:24,832 [pool-559-thread-1] INFO  server.RaftServerConfigKeys (ConfUtils.java:logGet(43)) - raft.server.rpc.timeout.min = 1s (custom)
2019-09-23 17:22:24,832 [pool-559-thread-1] INFO  server.RaftServerConfigKeys (ConfUtils.java:logGet(43)) - raft.server.rpc.timeout.max = 1200ms (custom)
2019-09-23 17:22:24,832 [pool-559-thread-1] INFO  server.RaftServerConfigKeys (ConfUtils.java:logGet(43)) - raft.server.rpcslowness.timeout = 120s (custom)
2019-09-23 17:22:24,833 [pool-559-thread-1] INFO  server.RaftServerConfigKeys (ConfUtils.java:logGet(43)) - raft.server.sleep.deviation.threshold = 300 (default)
2019-09-23 17:22:24,833 [pool-559-thread-1] INFO  server.RaftServerConfigKeys (ConfUtils.java:logGet(43)) - raft.server.log.appender.install.snapshot.enabled = false (custom)
2019-09-23 17:22:24,833 [pool-559-thread-1] INFO  impl.RaftServerImpl (ServerState.java:<init>(103)) - dee4c762-71db-4d64-ab47-681bb437fd07@group-2F3367AF8582: ConfigurationManager, init=-1: [dee4c762-71db-4d64-ab47-681bb437fd07:192.168.34.14:36188], old=null, confs=<EMPTY_MAP>
2019-09-23 17:22:24,833 [pool-559-thread-1] INFO  server.RaftServerConfigKeys (ConfUtils.java:logGet(43)) - raft.server.storage.dir = [/workdir/hadoop-ozone/integration-test/target/test-dir/MiniOzoneClusterImpl-dc27b903-0525-47ea-8b09-60b958b4e498/datanode-5/data/ratis] (custom)
2019-09-23 17:22:24,834 [pool-559-thread-1] INFO  storage.RaftStorageDirectory (RaftStorageDirectory.java:analyzeStorage(246)) - The storage directory /workdir/hadoop-ozone/integration-test/target/test-dir/MiniOzoneClusterImpl-dc27b903-0525-47ea-8b09-60b958b4e498/datanode-5/data/ratis/aa9118c8-96bd-43a8-94a0-2f3367af8582 does not exist. Creating ...
2019-09-23 17:22:24,869 [main] INFO  ozone.MiniOzoneClusterImpl (MiniOzoneClusterImpl.java:lambda$waitForClusterToBeReady$0(147)) - Waiting for cluster to be ready. Got 9 of 10 DN Heartbeats.
2019-09-23 17:22:24,874 [IPC Server handler 12 on 34330] INFO  net.NetworkTopology (NetworkTopologyImpl.java:add(111)) - Added a new node: /rack1/a41748ab-4e9a-4a99-a107-c015e4324edf
2019-09-23 17:22:24,874 [IPC Server handler 12 on 34330] INFO  node.SCMNodeManager (SCMNodeManager.java:register(266)) - Registered Data node : a41748ab-4e9a-4a99-a107-c015e4324edf{ip: 192.168.34.14, host: pr-hdds-2167-q77kb-1598226581, networkLocation: /rack1, certSerialId: null}
2019-09-23 17:22:24,892 [pool-559-thread-1] INFO  storage.RaftStorageDirectory (RaftStorageDirectory.java:tryLock(328)) - Lock on /workdir/hadoop-ozone/integration-test/target/test-dir/MiniOzoneClusterImpl-dc27b903-0525-47ea-8b09-60b958b4e498/datanode-5/data/ratis/aa9118c8-96bd-43a8-94a0-2f3367af8582/in_use.lock acquired by nodename 22073@pr-hdds-2167-q77kb-1598226581
2019-09-23 17:22:24,965 [pool-559-thread-1] INFO  storage.RaftStorage (RaftStorage.java:format(72)) - Storage directory /workdir/hadoop-ozone/integration-test/target/test-dir/MiniOzoneClusterImpl-dc27b903-0525-47ea-8b09-60b958b4e498/datanode-5/data/ratis/aa9118c8-96bd-43a8-94a0-2f3367af8582 has been successfully formatted.
2019-09-23 17:22:24,966 [pool-559-thread-1] INFO  ratis.ContainerStateMachine (ContainerStateMachine.java:loadSnapshot(230)) - group-2F3367AF8582: The snapshot info is null. Setting the last applied indexto:(t:0, i:~)
2019-09-23 17:22:24,966 [pool-559-thread-1] INFO  server.RaftServerConfigKeys (ConfUtils.java:logGet(43)) - raft.server.notification.no-leader.timeout = 120s (custom)
2019-09-23 17:22:24,966 [pool-559-thread-1] INFO  server.RaftServerConfigKeys (ConfUtils.java:logGet(43)) - raft.server.log.use.memory = false (default)
2019-09-23 17:22:24,966 [pool-559-thread-1] INFO  server.RaftServerConfigKeys (ConfUtils.java:logGet(43)) - raft.server.log.purge.gap = 1000000 (custom)
2019-09-23 17:22:24,966 [pool-559-thread-1] INFO  server.RaftServerConfigKeys (ConfUtils.java:logGet(43)) - raft.server.log.appender.buffer.byte-limit = 33554432 (custom)
2019-09-23 17:22:24,966 [pool-559-thread-1] INFO  server.RaftServerConfigKeys (ConfUtils.java:logGet(43)) - raft.server.log.segment.size.max = 1048576 (custom)
2019-09-23 17:22:24,966 [pool-559-thread-1] INFO  server.RaftServerConfigKeys (ConfUtils.java:logGet(43)) - raft.server.log.segment.cache.num.max = 2 (custom)
2019-09-23 17:22:24,966 [pool-559-thread-1] INFO  segmented.SegmentedRaftLogWorker (SegmentedRaftLogWorker.java:<init>(172)) - new dee4c762-71db-4d64-ab47-681bb437fd07@group-2F3367AF8582-SegmentedRaftLogWorker for RaftStorage:Storage Directory /workdir/hadoop-ozone/integration-test/target/test-dir/MiniOzoneClusterImpl-dc27b903-0525-47ea-8b09-60b958b4e498/datanode-5/data/ratis/aa9118c8-96bd-43a8-94a0-2f3367af8582
2019-09-23 17:22:24,968 [pool-559-thread-1] INFO  server.RaftServerConfigKeys (ConfUtils.java:logGet(43)) - raft.server.log.queue.byte-limit = 2147483647 (custom)
2019-09-23 17:22:24,968 [pool-559-thread-1] INFO  server.RaftServerConfigKeys (ConfUtils.java:logGet(43)) - raft.server.log.queue.element-limit = 1024 (custom)
2019-09-23 17:22:24,969 [pool-559-thread-1] INFO  server.RaftServerConfigKeys (ConfUtils.java:logGet(43)) - raft.server.log.segment.size.max = 1048576 (custom)
2019-09-23 17:22:24,969 [pool-559-thread-1] INFO  server.RaftServerConfigKeys (ConfUtils.java:logGet(43)) - raft.server.log.preallocated.size = 16384 (custom)
2019-09-23 17:22:24,969 [pool-559-thread-1] INFO  server.RaftServerConfigKeys (ConfUtils.java:logGet(43)) - raft.server.log.write.buffer.size = 33554432 (custom)
2019-09-23 17:22:24,969 [pool-559-thread-1] INFO  server.RaftServerConfigKeys (ConfUtils.java:logGet(43)) - raft.server.log.force.sync.num = 128 (default)
2019-09-23 17:22:24,969 [pool-559-thread-1] INFO  server.RaftServerConfigKeys (ConfUtils.java:logGet(43)) - raft.server.log.statemachine.data.sync = true (default)
2019-09-23 17:22:24,970 [pool-559-thread-1] INFO  server.RaftServerConfigKeys (ConfUtils.java:logGet(43)) - raft.server.log.statemachine.data.sync.timeout = 10s (default)
2019-09-23 17:22:24,970 [pool-559-thread-1] INFO  server.RaftServerConfigKeys (ConfUtils.java:logGet(43)) - raft.server.log.statemachine.data.sync.timeout.retry = -1 (default)
2019-09-23 17:22:24,970 [pool-559-thread-1] INFO  server.RaftServerConfigKeys (ConfUtils.java:logGet(43)) - raft.server.log.statemachine.data.caching.enabled = true (custom)
2019-09-23 17:22:24,971 [pool-559-thread-1] INFO  segmented.SegmentedRaftLogWorker (SegmentedRaftLogWorker.java:lambda$new$0(132)) - dee4c762-71db-4d64-ab47-681bb437fd07@group-2F3367AF8582-SegmentedRaftLogWorker: flushIndex: setUnconditionally 0 -> -1
2019-09-23 17:22:24,971 [pool-559-thread-1] INFO  server.RaftServerConfigKeys (ConfUtils.java:logGet(43)) - raft.server.snapshot.auto.trigger.enabled = true (custom)
2019-09-23 17:22:24,971 [pool-559-thread-1] INFO  server.RaftServerConfigKeys (ConfUtils.java:logGet(43)) - raft.server.snapshot.auto.trigger.threshold = 10000 (custom)
2019-09-23 17:22:24,971 [pool-559-thread-1] INFO  server.RaftServerConfigKeys (ConfUtils.java:logGet(43)) - raft.server.snapshot.retention.num.files = 5 (custom)
2019-09-23 17:22:24,972 [pool-559-thread-1] INFO  server.RaftServerConfigKeys (ConfUtils.java:logGet(43)) - raft.server.retrycache.expirytime = 600000ms (custom)
2019-09-23 17:22:24,974 [pool-559-thread-1] INFO  impl.RaftServerImpl (RaftServerImpl.java:start(185)) - dee4c762-71db-4d64-ab47-681bb437fd07@group-2F3367AF8582: start as a follower, conf=-1: [dee4c762-71db-4d64-ab47-681bb437fd07:192.168.34.14:36188], old=null
2019-09-23 17:22:24,974 [pool-559-thread-1] INFO  impl.RaftServerImpl (RaftServerImpl.java:setRole(174)) - dee4c762-71db-4d64-ab47-681bb437fd07@group-2F3367AF8582: changes role from      null to FOLLOWER at term 0 for startAsFollower
2019-09-23 17:22:24,974 [pool-559-thread-1] INFO  impl.RoleInfo (RoleInfo.java:updateAndGet(143)) - dee4c762-71db-4d64-ab47-681bb437fd07: start FollowerState
2019-09-23 17:22:24,974 [pool-559-thread-1] INFO  util.JmxRegister (JmxRegister.java:tryRegister(44)) - Successfully registered JMX Bean with object name Ratis:service=RaftServer,group=group-2F3367AF8582,id=dee4c762-71db-4d64-ab47-681bb437fd07
2019-09-23 17:22:24,977 [RatisPipelineUtilsThread] INFO  pipeline.PipelineStateManager (PipelineStateManager.java:addPipeline(56)) - Created pipeline Pipeline[ Id: aa9118c8-96bd-43a8-94a0-2f3367af8582, Nodes: dee4c762-71db-4d64-ab47-681bb437fd07{ip: 192.168.34.14, host: pr-hdds-2167-q77kb-1598226581, networkLocation: /rack1, certSerialId: null}, Type:RATIS, Factor:ONE, State:OPEN]
2019-09-23 17:22:24,985 [grpc-default-executor-18] INFO  impl.RaftServerProxy (RaftServerProxy.java:addNew(89)) - a41748ab-4e9a-4a99-a107-c015e4324edf: addNew group-5CE8CB43D6BF:[a41748ab-4e9a-4a99-a107-c015e4324edf:192.168.34.14:45273] returns group-5CE8CB43D6BF:java.util.concurrent.CompletableFuture@241f4096[Not completed]
2019-09-23 17:22:24,986 [pool-599-thread-1] INFO  impl.RaftServerImpl (RaftServerImpl.java:<init>(95)) - a41748ab-4e9a-4a99-a107-c015e4324edf: new RaftServerImpl for group-5CE8CB43D6BF:[a41748ab-4e9a-4a99-a107-c015e4324edf:192.168.34.14:45273] with ContainerStateMachine:uninitialized
2019-09-23 17:22:24,986 [pool-599-thread-1] INFO  server.RaftServerConfigKeys (ConfUtils.java:logGet(43)) - raft.server.rpc.timeout.min = 1s (custom)
2019-09-23 17:22:24,986 [pool-599-thread-1] INFO  server.RaftServerConfigKeys (ConfUtils.java:logGet(43)) - raft.server.rpc.timeout.max = 1200ms (custom)
2019-09-23 17:22:24,987 [pool-599-thread-1] INFO  server.RaftServerConfigKeys (ConfUtils.java:logGet(43)) - raft.server.rpcslowness.timeout = 120s (custom)
2019-09-23 17:22:24,987 [pool-599-thread-1] INFO  server.RaftServerConfigKeys (ConfUtils.java:logGet(43)) - raft.server.sleep.deviation.threshold = 300 (default)
2019-09-23 17:22:24,987 [pool-599-thread-1] INFO  server.RaftServerConfigKeys (ConfUtils.java:logGet(43)) - raft.server.log.appender.install.snapshot.enabled = false (custom)
2019-09-23 17:22:24,987 [pool-599-thread-1] INFO  impl.RaftServerImpl (ServerState.java:<init>(103)) - a41748ab-4e9a-4a99-a107-c015e4324edf@group-5CE8CB43D6BF: ConfigurationManager, init=-1: [a41748ab-4e9a-4a99-a107-c015e4324edf:192.168.34.14:45273], old=null, confs=<EMPTY_MAP>
2019-09-23 17:22:24,987 [pool-599-thread-1] INFO  server.RaftServerConfigKeys (ConfUtils.java:logGet(43)) - raft.server.storage.dir = [/workdir/hadoop-ozone/integration-test/target/test-dir/MiniOzoneClusterImpl-dc27b903-0525-47ea-8b09-60b958b4e498/datanode-9/data/ratis] (custom)
2019-09-23 17:22:24,987 [pool-599-thread-1] INFO  storage.RaftStorageDirectory (RaftStorageDirectory.java:analyzeStorage(246)) - The storage directory /workdir/hadoop-ozone/integration-test/target/test-dir/MiniOzoneClusterImpl-dc27b903-0525-47ea-8b09-60b958b4e498/datanode-9/data/ratis/f02fb109-b1e1-4eaf-b1ff-5ce8cb43d6bf does not exist. Creating ...
2019-09-23 17:22:25,057 [pool-599-thread-1] INFO  storage.RaftStorageDirectory (RaftStorageDirectory.java:tryLock(328)) - Lock on /workdir/hadoop-ozone/integration-test/target/test-dir/MiniOzoneClusterImpl-dc27b903-0525-47ea-8b09-60b958b4e498/datanode-9/data/ratis/f02fb109-b1e1-4eaf-b1ff-5ce8cb43d6bf/in_use.lock acquired by nodename 22073@pr-hdds-2167-q77kb-1598226581
2019-09-23 17:22:25,136 [pool-599-thread-1] INFO  storage.RaftStorage (RaftStorage.java:format(72)) - Storage directory /workdir/hadoop-ozone/integration-test/target/test-dir/MiniOzoneClusterImpl-dc27b903-0525-47ea-8b09-60b958b4e498/datanode-9/data/ratis/f02fb109-b1e1-4eaf-b1ff-5ce8cb43d6bf has been successfully formatted.
2019-09-23 17:22:25,137 [pool-599-thread-1] INFO  ratis.ContainerStateMachine (ContainerStateMachine.java:loadSnapshot(230)) - group-5CE8CB43D6BF: The snapshot info is null. Setting the last applied indexto:(t:0, i:~)
2019-09-23 17:22:25,137 [pool-599-thread-1] INFO  server.RaftServerConfigKeys (ConfUtils.java:logGet(43)) - raft.server.notification.no-leader.timeout = 120s (custom)
2019-09-23 17:22:25,137 [pool-599-thread-1] INFO  server.RaftServerConfigKeys (ConfUtils.java:logGet(43)) - raft.server.log.use.memory = false (default)
2019-09-23 17:22:25,137 [pool-599-thread-1] INFO  server.RaftServerConfigKeys (ConfUtils.java:logGet(43)) - raft.server.log.purge.gap = 1000000 (custom)
2019-09-23 17:22:25,137 [pool-599-thread-1] INFO  server.RaftServerConfigKeys (ConfUtils.java:logGet(43)) - raft.server.log.appender.buffer.byte-limit = 33554432 (custom)
2019-09-23 17:22:25,138 [pool-599-thread-1] INFO  server.RaftServerConfigKeys (ConfUtils.java:logGet(43)) - raft.server.log.segment.size.max = 1048576 (custom)
2019-09-23 17:22:25,138 [pool-599-thread-1] INFO  server.RaftServerConfigKeys (ConfUtils.java:logGet(43)) - raft.server.log.segment.cache.num.max = 2 (custom)
2019-09-23 17:22:25,138 [pool-599-thread-1] INFO  segmented.SegmentedRaftLogWorker (SegmentedRaftLogWorker.java:<init>(172)) - new a41748ab-4e9a-4a99-a107-c015e4324edf@group-5CE8CB43D6BF-SegmentedRaftLogWorker for RaftStorage:Storage Directory /workdir/hadoop-ozone/integration-test/target/test-dir/MiniOzoneClusterImpl-dc27b903-0525-47ea-8b09-60b958b4e498/datanode-9/data/ratis/f02fb109-b1e1-4eaf-b1ff-5ce8cb43d6bf
2019-09-23 17:22:25,140 [pool-599-thread-1] INFO  server.RaftServerConfigKeys (ConfUtils.java:logGet(43)) - raft.server.log.queue.byte-limit = 2147483647 (custom)
2019-09-23 17:22:25,140 [pool-599-thread-1] INFO  server.RaftServerConfigKeys (ConfUtils.java:logGet(43)) - raft.server.log.queue.element-limit = 1024 (custom)
2019-09-23 17:22:25,140 [pool-599-thread-1] INFO  server.RaftServerConfigKeys (ConfUtils.java:logGet(43)) - raft.server.log.segment.size.max = 1048576 (custom)
2019-09-23 17:22:25,140 [pool-599-thread-1] INFO  server.RaftServerConfigKeys (ConfUtils.java:logGet(43)) - raft.server.log.preallocated.size = 16384 (custom)
2019-09-23 17:22:25,140 [pool-599-thread-1] INFO  server.RaftServerConfigKeys (ConfUtils.java:logGet(43)) - raft.server.log.write.buffer.size = 33554432 (custom)
2019-09-23 17:22:25,140 [pool-599-thread-1] INFO  server.RaftServerConfigKeys (ConfUtils.java:logGet(43)) - raft.server.log.force.sync.num = 128 (default)
2019-09-23 17:22:25,141 [pool-599-thread-1] INFO  server.RaftServerConfigKeys (ConfUtils.java:logGet(43)) - raft.server.log.statemachine.data.sync = true (default)
2019-09-23 17:22:25,141 [pool-599-thread-1] INFO  server.RaftServerConfigKeys (ConfUtils.java:logGet(43)) - raft.server.log.statemachine.data.sync.timeout = 10s (default)
2019-09-23 17:22:25,141 [pool-599-thread-1] INFO  server.RaftServerConfigKeys (ConfUtils.java:logGet(43)) - raft.server.log.statemachine.data.sync.timeout.retry = -1 (default)
2019-09-23 17:22:25,141 [pool-599-thread-1] INFO  server.RaftServerConfigKeys (ConfUtils.java:logGet(43)) - raft.server.log.statemachine.data.caching.enabled = true (custom)
2019-09-23 17:22:25,141 [pool-599-thread-1] INFO  segmented.SegmentedRaftLogWorker (SegmentedRaftLogWorker.java:lambda$new$0(132)) - a41748ab-4e9a-4a99-a107-c015e4324edf@group-5CE8CB43D6BF-SegmentedRaftLogWorker: flushIndex: setUnconditionally 0 -> -1
2019-09-23 17:22:25,142 [pool-599-thread-1] INFO  server.RaftServerConfigKeys (ConfUtils.java:logGet(43)) - raft.server.snapshot.auto.trigger.enabled = true (custom)
2019-09-23 17:22:25,142 [pool-599-thread-1] INFO  server.RaftServerConfigKeys (ConfUtils.java:logGet(43)) - raft.server.snapshot.auto.trigger.threshold = 10000 (custom)
2019-09-23 17:22:25,142 [pool-599-thread-1] INFO  server.RaftServerConfigKeys (ConfUtils.java:logGet(43)) - raft.server.snapshot.retention.num.files = 5 (custom)
2019-09-23 17:22:25,142 [pool-599-thread-1] INFO  server.RaftServerConfigKeys (ConfUtils.java:logGet(43)) - raft.server.retrycache.expirytime = 600000ms (custom)
2019-09-23 17:22:25,144 [pool-599-thread-1] INFO  impl.RaftServerImpl (RaftServerImpl.java:start(185)) - a41748ab-4e9a-4a99-a107-c015e4324edf@group-5CE8CB43D6BF: start as a follower, conf=-1: [a41748ab-4e9a-4a99-a107-c015e4324edf:192.168.34.14:45273], old=null
2019-09-23 17:22:25,144 [pool-599-thread-1] INFO  impl.RaftServerImpl (RaftServerImpl.java:setRole(174)) - a41748ab-4e9a-4a99-a107-c015e4324edf@group-5CE8CB43D6BF: changes role from      null to FOLLOWER at term 0 for startAsFollower
2019-09-23 17:22:25,144 [pool-599-thread-1] INFO  impl.RoleInfo (RoleInfo.java:updateAndGet(143)) - a41748ab-4e9a-4a99-a107-c015e4324edf: start FollowerState
2019-09-23 17:22:25,144 [pool-599-thread-1] INFO  util.JmxRegister (JmxRegister.java:tryRegister(44)) - Successfully registered JMX Bean with object name Ratis:service=RaftServer,group=group-5CE8CB43D6BF,id=a41748ab-4e9a-4a99-a107-c015e4324edf
2019-09-23 17:22:25,147 [RatisPipelineUtilsThread] INFO  pipeline.PipelineStateManager (PipelineStateManager.java:addPipeline(56)) - Created pipeline Pipeline[ Id: f02fb109-b1e1-4eaf-b1ff-5ce8cb43d6bf, Nodes: a41748ab-4e9a-4a99-a107-c015e4324edf{ip: 192.168.34.14, host: pr-hdds-2167-q77kb-1598226581, networkLocation: /rack1, certSerialId: null}, Type:RATIS, Factor:ONE, State:OPEN]
2019-09-23 17:22:25,157 [grpc-default-executor-18] INFO  impl.RaftServerProxy (RaftServerProxy.java:addNew(89)) - d72208ce-2069-4651-9293-ddc837bc4e94: addNew group-02EDF0390880:[d72208ce-2069-4651-9293-ddc837bc4e94:192.168.34.14:41565] returns group-02EDF0390880:java.util.concurrent.CompletableFuture@3c1e1071[Not completed]
2019-09-23 17:22:25,158 [pool-529-thread-1] INFO  impl.RaftServerImpl (RaftServerImpl.java:<init>(95)) - d72208ce-2069-4651-9293-ddc837bc4e94: new RaftServerImpl for group-02EDF0390880:[d72208ce-2069-4651-9293-ddc837bc4e94:192.168.34.14:41565] with ContainerStateMachine:uninitialized
2019-09-23 17:22:25,158 [pool-529-thread-1] INFO  server.RaftServerConfigKeys (ConfUtils.java:logGet(43)) - raft.server.rpc.timeout.min = 1s (custom)
2019-09-23 17:22:25,158 [pool-529-thread-1] INFO  server.RaftServerConfigKeys (ConfUtils.java:logGet(43)) - raft.server.rpc.timeout.max = 1200ms (custom)
2019-09-23 17:22:25,158 [pool-529-thread-1] INFO  server.RaftServerConfigKeys (ConfUtils.java:logGet(43)) - raft.server.rpcslowness.timeout = 120s (custom)
2019-09-23 17:22:25,159 [pool-529-thread-1] INFO  server.RaftServerConfigKeys (ConfUtils.java:logGet(43)) - raft.server.sleep.deviation.threshold = 300 (default)
2019-09-23 17:22:25,159 [pool-529-thread-1] INFO  server.RaftServerConfigKeys (ConfUtils.java:logGet(43)) - raft.server.log.appender.install.snapshot.enabled = false (custom)
2019-09-23 17:22:25,159 [pool-529-thread-1] INFO  impl.RaftServerImpl (ServerState.java:<init>(103)) - d72208ce-2069-4651-9293-ddc837bc4e94@group-02EDF0390880: ConfigurationManager, init=-1: [d72208ce-2069-4651-9293-ddc837bc4e94:192.168.34.14:41565], old=null, confs=<EMPTY_MAP>
2019-09-23 17:22:25,159 [pool-529-thread-1] INFO  server.RaftServerConfigKeys (ConfUtils.java:logGet(43)) - raft.server.storage.dir = [/workdir/hadoop-ozone/integration-test/target/test-dir/MiniOzoneClusterImpl-dc27b903-0525-47ea-8b09-60b958b4e498/datanode-2/data/ratis] (custom)
2019-09-23 17:22:25,159 [pool-529-thread-1] INFO  storage.RaftStorageDirectory (RaftStorageDirectory.java:analyzeStorage(246)) - The storage directory /workdir/hadoop-ozone/integration-test/target/test-dir/MiniOzoneClusterImpl-dc27b903-0525-47ea-8b09-60b958b4e498/datanode-2/data/ratis/3f684512-783e-47f7-bf7f-02edf0390880 does not exist. Creating ...
2019-09-23 17:22:25,222 [pool-529-thread-1] INFO  storage.RaftStorageDirectory (RaftStorageDirectory.java:tryLock(328)) - Lock on /workdir/hadoop-ozone/integration-test/target/test-dir/MiniOzoneClusterImpl-dc27b903-0525-47ea-8b09-60b958b4e498/datanode-2/data/ratis/3f684512-783e-47f7-bf7f-02edf0390880/in_use.lock acquired by nodename 22073@pr-hdds-2167-q77kb-1598226581
2019-09-23 17:22:25,279 [pool-529-thread-1] INFO  storage.RaftStorage (RaftStorage.java:format(72)) - Storage directory /workdir/hadoop-ozone/integration-test/target/test-dir/MiniOzoneClusterImpl-dc27b903-0525-47ea-8b09-60b958b4e498/datanode-2/data/ratis/3f684512-783e-47f7-bf7f-02edf0390880 has been successfully formatted.
2019-09-23 17:22:25,280 [pool-529-thread-1] INFO  ratis.ContainerStateMachine (ContainerStateMachine.java:loadSnapshot(230)) - group-02EDF0390880: The snapshot info is null. Setting the last applied indexto:(t:0, i:~)
2019-09-23 17:22:25,280 [pool-529-thread-1] INFO  server.RaftServerConfigKeys (ConfUtils.java:logGet(43)) - raft.server.notification.no-leader.timeout = 120s (custom)
2019-09-23 17:22:25,280 [pool-529-thread-1] INFO  server.RaftServerConfigKeys (ConfUtils.java:logGet(43)) - raft.server.log.use.memory = false (default)
2019-09-23 17:22:25,280 [pool-529-thread-1] INFO  server.RaftServerConfigKeys (ConfUtils.java:logGet(43)) - raft.server.log.purge.gap = 1000000 (custom)
2019-09-23 17:22:25,280 [pool-529-thread-1] INFO  server.RaftServerConfigKeys (ConfUtils.java:logGet(43)) - raft.server.log.appender.buffer.byte-limit = 33554432 (custom)
2019-09-23 17:22:25,280 [pool-529-thread-1] INFO  server.RaftServerConfigKeys (ConfUtils.java:logGet(43)) - raft.server.log.segment.size.max = 1048576 (custom)
2019-09-23 17:22:25,281 [pool-529-thread-1] INFO  server.RaftServerConfigKeys (ConfUtils.java:logGet(43)) - raft.server.log.segment.cache.num.max = 2 (custom)
2019-09-23 17:22:25,281 [pool-529-thread-1] INFO  segmented.SegmentedRaftLogWorker (SegmentedRaftLogWorker.java:<init>(172)) - new d72208ce-2069-4651-9293-ddc837bc4e94@group-02EDF0390880-SegmentedRaftLogWorker for RaftStorage:Storage Directory /workdir/hadoop-ozone/integration-test/target/test-dir/MiniOzoneClusterImpl-dc27b903-0525-47ea-8b09-60b958b4e498/datanode-2/data/ratis/3f684512-783e-47f7-bf7f-02edf0390880
2019-09-23 17:22:25,283 [pool-529-thread-1] INFO  server.RaftServerConfigKeys (ConfUtils.java:logGet(43)) - raft.server.log.queue.byte-limit = 2147483647 (custom)
2019-09-23 17:22:25,283 [pool-529-thread-1] INFO  server.RaftServerConfigKeys (ConfUtils.java:logGet(43)) - raft.server.log.queue.element-limit = 1024 (custom)
2019-09-23 17:22:25,283 [pool-529-thread-1] INFO  server.RaftServerConfigKeys (ConfUtils.java:logGet(43)) - raft.server.log.segment.size.max = 1048576 (custom)
2019-09-23 17:22:25,283 [pool-529-thread-1] INFO  server.RaftServerConfigKeys (ConfUtils.java:logGet(43)) - raft.server.log.preallocated.size = 16384 (custom)
2019-09-23 17:22:25,283 [pool-529-thread-1] INFO  server.RaftServerConfigKeys (ConfUtils.java:logGet(43)) - raft.server.log.write.buffer.size = 33554432 (custom)
2019-09-23 17:22:25,283 [pool-529-thread-1] INFO  server.RaftServerConfigKeys (ConfUtils.java:logGet(43)) - raft.server.log.force.sync.num = 128 (default)
2019-09-23 17:22:25,284 [pool-529-thread-1] INFO  server.RaftServerConfigKeys (ConfUtils.java:logGet(43)) - raft.server.log.statemachine.data.sync = true (default)
2019-09-23 17:22:25,284 [pool-529-thread-1] INFO  server.RaftServerConfigKeys (ConfUtils.java:logGet(43)) - raft.server.log.statemachine.data.sync.timeout = 10s (default)
2019-09-23 17:22:25,284 [pool-529-thread-1] INFO  server.RaftServerConfigKeys (ConfUtils.java:logGet(43)) - raft.server.log.statemachine.data.sync.timeout.retry = -1 (default)
2019-09-23 17:22:25,284 [pool-529-thread-1] INFO  server.RaftServerConfigKeys (ConfUtils.java:logGet(43)) - raft.server.log.statemachine.data.caching.enabled = true (custom)
2019-09-23 17:22:25,284 [pool-529-thread-1] INFO  segmented.SegmentedRaftLogWorker (SegmentedRaftLogWorker.java:lambda$new$0(132)) - d72208ce-2069-4651-9293-ddc837bc4e94@group-02EDF0390880-SegmentedRaftLogWorker: flushIndex: setUnconditionally 0 -> -1
2019-09-23 17:22:25,285 [pool-529-thread-1] INFO  server.RaftServerConfigKeys (ConfUtils.java:logGet(43)) - raft.server.snapshot.auto.trigger.enabled = true (custom)
2019-09-23 17:22:25,285 [pool-529-thread-1] INFO  server.RaftServerConfigKeys (ConfUtils.java:logGet(43)) - raft.server.snapshot.auto.trigger.threshold = 10000 (custom)
2019-09-23 17:22:25,285 [pool-529-thread-1] INFO  server.RaftServerConfigKeys (ConfUtils.java:logGet(43)) - raft.server.snapshot.retention.num.files = 5 (custom)
2019-09-23 17:22:25,285 [pool-529-thread-1] INFO  server.RaftServerConfigKeys (ConfUtils.java:logGet(43)) - raft.server.retrycache.expirytime = 600000ms (custom)
2019-09-23 17:22:25,287 [pool-529-thread-1] INFO  impl.RaftServerImpl (RaftServerImpl.java:start(185)) - d72208ce-2069-4651-9293-ddc837bc4e94@group-02EDF0390880: start as a follower, conf=-1: [d72208ce-2069-4651-9293-ddc837bc4e94:192.168.34.14:41565], old=null
2019-09-23 17:22:25,287 [pool-529-thread-1] INFO  impl.RaftServerImpl (RaftServerImpl.java:setRole(174)) - d72208ce-2069-4651-9293-ddc837bc4e94@group-02EDF0390880: changes role from      null to FOLLOWER at term 0 for startAsFollower
2019-09-23 17:22:25,287 [pool-529-thread-1] INFO  impl.RoleInfo (RoleInfo.java:updateAndGet(143)) - d72208ce-2069-4651-9293-ddc837bc4e94: start FollowerState
2019-09-23 17:22:25,288 [pool-529-thread-1] INFO  util.JmxRegister (JmxRegister.java:tryRegister(44)) - Successfully registered JMX Bean with object name Ratis:service=RaftServer,group=group-02EDF0390880,id=d72208ce-2069-4651-9293-ddc837bc4e94
2019-09-23 17:22:25,290 [RatisPipelineUtilsThread] INFO  pipeline.PipelineStateManager (PipelineStateManager.java:addPipeline(56)) - Created pipeline Pipeline[ Id: 3f684512-783e-47f7-bf7f-02edf0390880, Nodes: d72208ce-2069-4651-9293-ddc837bc4e94{ip: 192.168.34.14, host: pr-hdds-2167-q77kb-1598226581, networkLocation: /rack1, certSerialId: null}, Type:RATIS, Factor:ONE, State:OPEN]
2019-09-23 17:22:25,297 [grpc-default-executor-18] INFO  impl.RaftServerProxy (RaftServerProxy.java:addNew(89)) - eaf7fe76-8f02-4367-a540-36f6b5b02da9: addNew group-AC63FB52AA23:[eaf7fe76-8f02-4367-a540-36f6b5b02da9:192.168.34.14:44815] returns group-AC63FB52AA23:java.util.concurrent.CompletableFuture@7dae3525[Not completed]
2019-09-23 17:22:25,299 [pool-589-thread-1] INFO  impl.RaftServerImpl (RaftServerImpl.java:<init>(95)) - eaf7fe76-8f02-4367-a540-36f6b5b02da9: new RaftServerImpl for group-AC63FB52AA23:[eaf7fe76-8f02-4367-a540-36f6b5b02da9:192.168.34.14:44815] with ContainerStateMachine:uninitialized
2019-09-23 17:22:25,299 [pool-589-thread-1] INFO  server.RaftServerConfigKeys (ConfUtils.java:logGet(43)) - raft.server.rpc.timeout.min = 1s (custom)
2019-09-23 17:22:25,299 [pool-589-thread-1] INFO  server.RaftServerConfigKeys (ConfUtils.java:logGet(43)) - raft.server.rpc.timeout.max = 1200ms (custom)
2019-09-23 17:22:25,299 [pool-589-thread-1] INFO  server.RaftServerConfigKeys (ConfUtils.java:logGet(43)) - raft.server.rpcslowness.timeout = 120s (custom)
2019-09-23 17:22:25,299 [pool-589-thread-1] INFO  server.RaftServerConfigKeys (ConfUtils.java:logGet(43)) - raft.server.sleep.deviation.threshold = 300 (default)
2019-09-23 17:22:25,299 [pool-589-thread-1] INFO  server.RaftServerConfigKeys (ConfUtils.java:logGet(43)) - raft.server.log.appender.install.snapshot.enabled = false (custom)
2019-09-23 17:22:25,299 [pool-589-thread-1] INFO  impl.RaftServerImpl (ServerState.java:<init>(103)) - eaf7fe76-8f02-4367-a540-36f6b5b02da9@group-AC63FB52AA23: ConfigurationManager, init=-1: [eaf7fe76-8f02-4367-a540-36f6b5b02da9:192.168.34.14:44815], old=null, confs=<EMPTY_MAP>
2019-09-23 17:22:25,300 [pool-589-thread-1] INFO  server.RaftServerConfigKeys (ConfUtils.java:logGet(43)) - raft.server.storage.dir = [/workdir/hadoop-ozone/integration-test/target/test-dir/MiniOzoneClusterImpl-dc27b903-0525-47ea-8b09-60b958b4e498/datanode-8/data/ratis] (custom)
2019-09-23 17:22:25,300 [pool-589-thread-1] INFO  storage.RaftStorageDirectory (RaftStorageDirectory.java:analyzeStorage(246)) - The storage directory /workdir/hadoop-ozone/integration-test/target/test-dir/MiniOzoneClusterImpl-dc27b903-0525-47ea-8b09-60b958b4e498/datanode-8/data/ratis/f8bcb3b7-6544-4505-bcc0-ac63fb52aa23 does not exist. Creating ...
2019-09-23 17:22:25,368 [pool-589-thread-1] INFO  storage.RaftStorageDirectory (RaftStorageDirectory.java:tryLock(328)) - Lock on /workdir/hadoop-ozone/integration-test/target/test-dir/MiniOzoneClusterImpl-dc27b903-0525-47ea-8b09-60b958b4e498/datanode-8/data/ratis/f8bcb3b7-6544-4505-bcc0-ac63fb52aa23/in_use.lock acquired by nodename 22073@pr-hdds-2167-q77kb-1598226581
2019-09-23 17:22:25,447 [pool-589-thread-1] INFO  storage.RaftStorage (RaftStorage.java:format(72)) - Storage directory /workdir/hadoop-ozone/integration-test/target/test-dir/MiniOzoneClusterImpl-dc27b903-0525-47ea-8b09-60b958b4e498/datanode-8/data/ratis/f8bcb3b7-6544-4505-bcc0-ac63fb52aa23 has been successfully formatted.
2019-09-23 17:22:25,447 [pool-589-thread-1] INFO  ratis.ContainerStateMachine (ContainerStateMachine.java:loadSnapshot(230)) - group-AC63FB52AA23: The snapshot info is null. Setting the last applied indexto:(t:0, i:~)
2019-09-23 17:22:25,447 [pool-589-thread-1] INFO  server.RaftServerConfigKeys (ConfUtils.java:logGet(43)) - raft.server.notification.no-leader.timeout = 120s (custom)
2019-09-23 17:22:25,447 [pool-589-thread-1] INFO  server.RaftServerConfigKeys (ConfUtils.java:logGet(43)) - raft.server.log.use.memory = false (default)
2019-09-23 17:22:25,447 [pool-589-thread-1] INFO  server.RaftServerConfigKeys (ConfUtils.java:logGet(43)) - raft.server.log.purge.gap = 1000000 (custom)
2019-09-23 17:22:25,448 [pool-589-thread-1] INFO  server.RaftServerConfigKeys (ConfUtils.java:logGet(43)) - raft.server.log.appender.buffer.byte-limit = 33554432 (custom)
2019-09-23 17:22:25,448 [pool-589-thread-1] INFO  server.RaftServerConfigKeys (ConfUtils.java:logGet(43)) - raft.server.log.segment.size.max = 1048576 (custom)
2019-09-23 17:22:25,448 [pool-589-thread-1] INFO  server.RaftServerConfigKeys (ConfUtils.java:logGet(43)) - raft.server.log.segment.cache.num.max = 2 (custom)
2019-09-23 17:22:25,448 [pool-589-thread-1] INFO  segmented.SegmentedRaftLogWorker (SegmentedRaftLogWorker.java:<init>(172)) - new eaf7fe76-8f02-4367-a540-36f6b5b02da9@group-AC63FB52AA23-SegmentedRaftLogWorker for RaftStorage:Storage Directory /workdir/hadoop-ozone/integration-test/target/test-dir/MiniOzoneClusterImpl-dc27b903-0525-47ea-8b09-60b958b4e498/datanode-8/data/ratis/f8bcb3b7-6544-4505-bcc0-ac63fb52aa23
2019-09-23 17:22:25,450 [pool-589-thread-1] INFO  server.RaftServerConfigKeys (ConfUtils.java:logGet(43)) - raft.server.log.queue.byte-limit = 2147483647 (custom)
2019-09-23 17:22:25,450 [pool-589-thread-1] INFO  server.RaftServerConfigKeys (ConfUtils.java:logGet(43)) - raft.server.log.queue.element-limit = 1024 (custom)
2019-09-23 17:22:25,450 [pool-589-thread-1] INFO  server.RaftServerConfigKeys (ConfUtils.java:logGet(43)) - raft.server.log.segment.size.max = 1048576 (custom)
2019-09-23 17:22:25,450 [pool-589-thread-1] INFO  server.RaftServerConfigKeys (ConfUtils.java:logGet(43)) - raft.server.log.preallocated.size = 16384 (custom)
2019-09-23 17:22:25,451 [pool-589-thread-1] INFO  server.RaftServerConfigKeys (ConfUtils.java:logGet(43)) - raft.server.log.write.buffer.size = 33554432 (custom)
2019-09-23 17:22:25,451 [pool-589-thread-1] INFO  server.RaftServerConfigKeys (ConfUtils.java:logGet(43)) - raft.server.log.force.sync.num = 128 (default)
2019-09-23 17:22:25,451 [pool-589-thread-1] INFO  server.RaftServerConfigKeys (ConfUtils.java:logGet(43)) - raft.server.log.statemachine.data.sync = true (default)
2019-09-23 17:22:25,451 [pool-589-thread-1] INFO  server.RaftServerConfigKeys (ConfUtils.java:logGet(43)) - raft.server.log.statemachine.data.sync.timeout = 10s (default)
2019-09-23 17:22:25,451 [pool-589-thread-1] INFO  server.RaftServerConfigKeys (ConfUtils.java:logGet(43)) - raft.server.log.statemachine.data.sync.timeout.retry = -1 (default)
2019-09-23 17:22:25,451 [pool-589-thread-1] INFO  server.RaftServerConfigKeys (ConfUtils.java:logGet(43)) - raft.server.log.statemachine.data.caching.enabled = true (custom)
2019-09-23 17:22:25,452 [pool-589-thread-1] INFO  segmented.SegmentedRaftLogWorker (SegmentedRaftLogWorker.java:lambda$new$0(132)) - eaf7fe76-8f02-4367-a540-36f6b5b02da9@group-AC63FB52AA23-SegmentedRaftLogWorker: flushIndex: setUnconditionally 0 -> -1
2019-09-23 17:22:25,452 [pool-589-thread-1] INFO  server.RaftServerConfigKeys (ConfUtils.java:logGet(43)) - raft.server.snapshot.auto.trigger.enabled = true (custom)
2019-09-23 17:22:25,452 [pool-589-thread-1] INFO  server.RaftServerConfigKeys (ConfUtils.java:logGet(43)) - raft.server.snapshot.auto.trigger.threshold = 10000 (custom)
2019-09-23 17:22:25,452 [pool-589-thread-1] INFO  server.RaftServerConfigKeys (ConfUtils.java:logGet(43)) - raft.server.snapshot.retention.num.files = 5 (custom)
2019-09-23 17:22:25,452 [pool-589-thread-1] INFO  server.RaftServerConfigKeys (ConfUtils.java:logGet(43)) - raft.server.retrycache.expirytime = 600000ms (custom)
2019-09-23 17:22:25,454 [pool-589-thread-1] INFO  impl.RaftServerImpl (RaftServerImpl.java:start(185)) - eaf7fe76-8f02-4367-a540-36f6b5b02da9@group-AC63FB52AA23: start as a follower, conf=-1: [eaf7fe76-8f02-4367-a540-36f6b5b02da9:192.168.34.14:44815], old=null
2019-09-23 17:22:25,454 [pool-589-thread-1] INFO  impl.RaftServerImpl (RaftServerImpl.java:setRole(174)) - eaf7fe76-8f02-4367-a540-36f6b5b02da9@group-AC63FB52AA23: changes role from      null to FOLLOWER at term 0 for startAsFollower
2019-09-23 17:22:25,454 [pool-589-thread-1] INFO  impl.RoleInfo (RoleInfo.java:updateAndGet(143)) - eaf7fe76-8f02-4367-a540-36f6b5b02da9: start FollowerState
2019-09-23 17:22:25,455 [pool-589-thread-1] INFO  util.JmxRegister (JmxRegister.java:tryRegister(44)) - Successfully registered JMX Bean with object name Ratis:service=RaftServer,group=group-AC63FB52AA23,id=eaf7fe76-8f02-4367-a540-36f6b5b02da9
2019-09-23 17:22:25,457 [RatisPipelineUtilsThread] INFO  pipeline.PipelineStateManager (PipelineStateManager.java:addPipeline(56)) - Created pipeline Pipeline[ Id: f8bcb3b7-6544-4505-bcc0-ac63fb52aa23, Nodes: eaf7fe76-8f02-4367-a540-36f6b5b02da9{ip: 192.168.34.14, host: pr-hdds-2167-q77kb-1598226581, networkLocation: /rack1, certSerialId: null}, Type:RATIS, Factor:ONE, State:OPEN]
2019-09-23 17:22:25,467 [grpc-default-executor-18] INFO  impl.RaftServerProxy (RaftServerProxy.java:addNew(89)) - bc19b587-0afa-44fa-868a-b1d2a74f7494: addNew group-AEA17C798492:[bc19b587-0afa-44fa-868a-b1d2a74f7494:192.168.34.14:42522] returns group-AEA17C798492:java.util.concurrent.CompletableFuture@228d1dc6[Not completed]
2019-09-23 17:22:25,469 [pool-569-thread-1] INFO  impl.RaftServerImpl (RaftServerImpl.java:<init>(95)) - bc19b587-0afa-44fa-868a-b1d2a74f7494: new RaftServerImpl for group-AEA17C798492:[bc19b587-0afa-44fa-868a-b1d2a74f7494:192.168.34.14:42522] with ContainerStateMachine:uninitialized
2019-09-23 17:22:25,469 [pool-569-thread-1] INFO  server.RaftServerConfigKeys (ConfUtils.java:logGet(43)) - raft.server.rpc.timeout.min = 1s (custom)
2019-09-23 17:22:25,469 [pool-569-thread-1] INFO  server.RaftServerConfigKeys (ConfUtils.java:logGet(43)) - raft.server.rpc.timeout.max = 1200ms (custom)
2019-09-23 17:22:25,469 [pool-569-thread-1] INFO  server.RaftServerConfigKeys (ConfUtils.java:logGet(43)) - raft.server.rpcslowness.timeout = 120s (custom)
2019-09-23 17:22:25,470 [pool-569-thread-1] INFO  server.RaftServerConfigKeys (ConfUtils.java:logGet(43)) - raft.server.sleep.deviation.threshold = 300 (default)
2019-09-23 17:22:25,470 [pool-569-thread-1] INFO  server.RaftServerConfigKeys (ConfUtils.java:logGet(43)) - raft.server.log.appender.install.snapshot.enabled = false (custom)
2019-09-23 17:22:25,470 [pool-569-thread-1] INFO  impl.RaftServerImpl (ServerState.java:<init>(103)) - bc19b587-0afa-44fa-868a-b1d2a74f7494@group-AEA17C798492: ConfigurationManager, init=-1: [bc19b587-0afa-44fa-868a-b1d2a74f7494:192.168.34.14:42522], old=null, confs=<EMPTY_MAP>
2019-09-23 17:22:25,470 [pool-569-thread-1] INFO  server.RaftServerConfigKeys (ConfUtils.java:logGet(43)) - raft.server.storage.dir = [/workdir/hadoop-ozone/integration-test/target/test-dir/MiniOzoneClusterImpl-dc27b903-0525-47ea-8b09-60b958b4e498/datanode-6/data/ratis] (custom)
2019-09-23 17:22:25,470 [pool-569-thread-1] INFO  storage.RaftStorageDirectory (RaftStorageDirectory.java:analyzeStorage(246)) - The storage directory /workdir/hadoop-ozone/integration-test/target/test-dir/MiniOzoneClusterImpl-dc27b903-0525-47ea-8b09-60b958b4e498/datanode-6/data/ratis/cd42be85-27e6-4231-8c79-aea17c798492 does not exist. Creating ...
2019-09-23 17:22:25,528 [pool-569-thread-1] INFO  storage.RaftStorageDirectory (RaftStorageDirectory.java:tryLock(328)) - Lock on /workdir/hadoop-ozone/integration-test/target/test-dir/MiniOzoneClusterImpl-dc27b903-0525-47ea-8b09-60b958b4e498/datanode-6/data/ratis/cd42be85-27e6-4231-8c79-aea17c798492/in_use.lock acquired by nodename 22073@pr-hdds-2167-q77kb-1598226581
2019-09-23 17:22:25,551 [Thread-3366] INFO  impl.FollowerState (FollowerState.java:run(106)) - 8fb4cdab-c625-4313-be02-bfab5deacb6d:group-1A960CC3F4D5 changes to CANDIDATE, lastRpcTime:1137, electionTimeout:1137ms
2019-09-23 17:22:25,551 [Thread-3366] INFO  impl.RoleInfo (RoleInfo.java:shutdownFollowerState(121)) - 8fb4cdab-c625-4313-be02-bfab5deacb6d: shutdown FollowerState
2019-09-23 17:22:25,552 [Thread-3366] INFO  impl.RaftServerImpl (RaftServerImpl.java:setRole(174)) - 8fb4cdab-c625-4313-be02-bfab5deacb6d@group-1A960CC3F4D5: changes role from  FOLLOWER to CANDIDATE at term 0 for changeToCandidate
2019-09-23 17:22:25,552 [Thread-3366] INFO  impl.RoleInfo (RoleInfo.java:updateAndGet(143)) - 8fb4cdab-c625-4313-be02-bfab5deacb6d: start LeaderElection
2019-09-23 17:22:25,604 [pool-569-thread-1] INFO  storage.RaftStorage (RaftStorage.java:format(72)) - Storage directory /workdir/hadoop-ozone/integration-test/target/test-dir/MiniOzoneClusterImpl-dc27b903-0525-47ea-8b09-60b958b4e498/datanode-6/data/ratis/cd42be85-27e6-4231-8c79-aea17c798492 has been successfully formatted.
2019-09-23 17:22:25,604 [pool-569-thread-1] INFO  ratis.ContainerStateMachine (ContainerStateMachine.java:loadSnapshot(230)) - group-AEA17C798492: The snapshot info is null. Setting the last applied indexto:(t:0, i:~)
2019-09-23 17:22:25,605 [pool-569-thread-1] INFO  server.RaftServerConfigKeys (ConfUtils.java:logGet(43)) - raft.server.notification.no-leader.timeout = 120s (custom)
2019-09-23 17:22:25,605 [pool-569-thread-1] INFO  server.RaftServerConfigKeys (ConfUtils.java:logGet(43)) - raft.server.log.use.memory = false (default)
2019-09-23 17:22:25,605 [pool-569-thread-1] INFO  server.RaftServerConfigKeys (ConfUtils.java:logGet(43)) - raft.server.log.purge.gap = 1000000 (custom)
2019-09-23 17:22:25,605 [pool-569-thread-1] INFO  server.RaftServerConfigKeys (ConfUtils.java:logGet(43)) - raft.server.log.appender.buffer.byte-limit = 33554432 (custom)
2019-09-23 17:22:25,605 [pool-569-thread-1] INFO  server.RaftServerConfigKeys (ConfUtils.java:logGet(43)) - raft.server.log.segment.size.max = 1048576 (custom)
2019-09-23 17:22:25,606 [pool-569-thread-1] INFO  server.RaftServerConfigKeys (ConfUtils.java:logGet(43)) - raft.server.log.segment.cache.num.max = 2 (custom)
2019-09-23 17:22:25,606 [pool-569-thread-1] INFO  segmented.SegmentedRaftLogWorker (SegmentedRaftLogWorker.java:<init>(172)) - new bc19b587-0afa-44fa-868a-b1d2a74f7494@group-AEA17C798492-SegmentedRaftLogWorker for RaftStorage:Storage Directory /workdir/hadoop-ozone/integration-test/target/test-dir/MiniOzoneClusterImpl-dc27b903-0525-47ea-8b09-60b958b4e498/datanode-6/data/ratis/cd42be85-27e6-4231-8c79-aea17c798492
2019-09-23 17:22:25,609 [pool-569-thread-1] INFO  server.RaftServerConfigKeys (ConfUtils.java:logGet(43)) - raft.server.log.queue.byte-limit = 2147483647 (custom)
2019-09-23 17:22:25,609 [pool-569-thread-1] INFO  server.RaftServerConfigKeys (ConfUtils.java:logGet(43)) - raft.server.log.queue.element-limit = 1024 (custom)
2019-09-23 17:22:25,609 [pool-569-thread-1] INFO  server.RaftServerConfigKeys (ConfUtils.java:logGet(43)) - raft.server.log.segment.size.max = 1048576 (custom)
2019-09-23 17:22:25,610 [pool-569-thread-1] INFO  server.RaftServerConfigKeys (ConfUtils.java:logGet(43)) - raft.server.log.preallocated.size = 16384 (custom)
2019-09-23 17:22:25,610 [pool-569-thread-1] INFO  server.RaftServerConfigKeys (ConfUtils.java:logGet(43)) - raft.server.log.write.buffer.size = 33554432 (custom)
2019-09-23 17:22:25,610 [pool-569-thread-1] INFO  server.RaftServerConfigKeys (ConfUtils.java:logGet(43)) - raft.server.log.force.sync.num = 128 (default)
2019-09-23 17:22:25,610 [pool-569-thread-1] INFO  server.RaftServerConfigKeys (ConfUtils.java:logGet(43)) - raft.server.log.statemachine.data.sync = true (default)
2019-09-23 17:22:25,610 [pool-569-thread-1] INFO  server.RaftServerConfigKeys (ConfUtils.java:logGet(43)) - raft.server.log.statemachine.data.sync.timeout = 10s (default)
2019-09-23 17:22:25,611 [pool-569-thread-1] INFO  server.RaftServerConfigKeys (ConfUtils.java:logGet(43)) - raft.server.log.statemachine.data.sync.timeout.retry = -1 (default)
2019-09-23 17:22:25,611 [pool-569-thread-1] INFO  server.RaftServerConfigKeys (ConfUtils.java:logGet(43)) - raft.server.log.statemachine.data.caching.enabled = true (custom)
2019-09-23 17:22:25,612 [pool-569-thread-1] INFO  segmented.SegmentedRaftLogWorker (SegmentedRaftLogWorker.java:lambda$new$0(132)) - bc19b587-0afa-44fa-868a-b1d2a74f7494@group-AEA17C798492-SegmentedRaftLogWorker: flushIndex: setUnconditionally 0 -> -1
2019-09-23 17:22:25,612 [pool-569-thread-1] INFO  server.RaftServerConfigKeys (ConfUtils.java:logGet(43)) - raft.server.snapshot.auto.trigger.enabled = true (custom)
2019-09-23 17:22:25,612 [pool-569-thread-1] INFO  server.RaftServerConfigKeys (ConfUtils.java:logGet(43)) - raft.server.snapshot.auto.trigger.threshold = 10000 (custom)
2019-09-23 17:22:25,613 [pool-569-thread-1] INFO  server.RaftServerConfigKeys (ConfUtils.java:logGet(43)) - raft.server.snapshot.retention.num.files = 5 (custom)
2019-09-23 17:22:25,613 [pool-569-thread-1] INFO  server.RaftServerConfigKeys (ConfUtils.java:logGet(43)) - raft.server.retrycache.expirytime = 600000ms (custom)
2019-09-23 17:22:25,615 [pool-569-thread-1] INFO  impl.RaftServerImpl (RaftServerImpl.java:start(185)) - bc19b587-0afa-44fa-868a-b1d2a74f7494@group-AEA17C798492: start as a follower, conf=-1: [bc19b587-0afa-44fa-868a-b1d2a74f7494:192.168.34.14:42522], old=null
2019-09-23 17:22:25,615 [pool-569-thread-1] INFO  impl.RaftServerImpl (RaftServerImpl.java:setRole(174)) - bc19b587-0afa-44fa-868a-b1d2a74f7494@group-AEA17C798492: changes role from      null to FOLLOWER at term 0 for startAsFollower
2019-09-23 17:22:25,615 [pool-569-thread-1] INFO  impl.RoleInfo (RoleInfo.java:updateAndGet(143)) - bc19b587-0afa-44fa-868a-b1d2a74f7494: start FollowerState
2019-09-23 17:22:25,616 [pool-569-thread-1] INFO  util.JmxRegister (JmxRegister.java:tryRegister(44)) - Successfully registered JMX Bean with object name Ratis:service=RaftServer,group=group-AEA17C798492,id=bc19b587-0afa-44fa-868a-b1d2a74f7494
2019-09-23 17:22:25,618 [RatisPipelineUtilsThread] INFO  pipeline.PipelineStateManager (PipelineStateManager.java:addPipeline(56)) - Created pipeline Pipeline[ Id: cd42be85-27e6-4231-8c79-aea17c798492, Nodes: bc19b587-0afa-44fa-868a-b1d2a74f7494{ip: 192.168.34.14, host: pr-hdds-2167-q77kb-1598226581, networkLocation: /rack1, certSerialId: null}, Type:RATIS, Factor:ONE, State:OPEN]
2019-09-23 17:22:25,638 [grpc-default-executor-20] INFO  impl.RaftServerProxy (RaftServerProxy.java:addNew(89)) - 16da575b-49d8-417e-9508-80525cac3dd0: addNew group-DF278A1D03E7:[a41748ab-4e9a-4a99-a107-c015e4324edf:192.168.34.14:45273, 88a31ab1-6c68-496a-9143-f02147be1aed:192.168.34.14:38082, 16da575b-49d8-417e-9508-80525cac3dd0:192.168.34.14:45728] returns group-DF278A1D03E7:java.util.concurrent.CompletableFuture@556b6342[Not completed]
2019-09-23 17:22:25,638 [grpc-default-executor-11] INFO  impl.RaftServerProxy (RaftServerProxy.java:addNew(89)) - a41748ab-4e9a-4a99-a107-c015e4324edf: addNew group-DF278A1D03E7:[a41748ab-4e9a-4a99-a107-c015e4324edf:192.168.34.14:45273, 88a31ab1-6c68-496a-9143-f02147be1aed:192.168.34.14:38082, 16da575b-49d8-417e-9508-80525cac3dd0:192.168.34.14:45728] returns group-DF278A1D03E7:java.util.concurrent.CompletableFuture@3a3d19c9[Not completed]
2019-09-23 17:22:25,638 [grpc-default-executor-18] INFO  impl.RaftServerProxy (RaftServerProxy.java:addNew(89)) - 88a31ab1-6c68-496a-9143-f02147be1aed: addNew group-DF278A1D03E7:[a41748ab-4e9a-4a99-a107-c015e4324edf:192.168.34.14:45273, 88a31ab1-6c68-496a-9143-f02147be1aed:192.168.34.14:38082, 16da575b-49d8-417e-9508-80525cac3dd0:192.168.34.14:45728] returns group-DF278A1D03E7:java.util.concurrent.CompletableFuture@664a75f1[Not completed]
2019-09-23 17:22:25,640 [pool-519-thread-1] INFO  impl.RaftServerImpl (RaftServerImpl.java:<init>(95)) - 16da575b-49d8-417e-9508-80525cac3dd0: new RaftServerImpl for group-DF278A1D03E7:[a41748ab-4e9a-4a99-a107-c015e4324edf:192.168.34.14:45273, 88a31ab1-6c68-496a-9143-f02147be1aed:192.168.34.14:38082, 16da575b-49d8-417e-9508-80525cac3dd0:192.168.34.14:45728] with ContainerStateMachine:uninitialized
2019-09-23 17:22:25,640 [pool-519-thread-1] INFO  server.RaftServerConfigKeys (ConfUtils.java:logGet(43)) - raft.server.rpc.timeout.min = 1s (custom)
2019-09-23 17:22:25,640 [pool-519-thread-1] INFO  server.RaftServerConfigKeys (ConfUtils.java:logGet(43)) - raft.server.rpc.timeout.max = 1200ms (custom)
2019-09-23 17:22:25,640 [pool-519-thread-1] INFO  server.RaftServerConfigKeys (ConfUtils.java:logGet(43)) - raft.server.rpcslowness.timeout = 120s (custom)
2019-09-23 17:22:25,640 [pool-519-thread-1] INFO  server.RaftServerConfigKeys (ConfUtils.java:logGet(43)) - raft.server.sleep.deviation.threshold = 300 (default)
2019-09-23 17:22:25,640 [pool-579-thread-1] INFO  impl.RaftServerImpl (RaftServerImpl.java:<init>(95)) - 88a31ab1-6c68-496a-9143-f02147be1aed: new RaftServerImpl for group-DF278A1D03E7:[a41748ab-4e9a-4a99-a107-c015e4324edf:192.168.34.14:45273, 88a31ab1-6c68-496a-9143-f02147be1aed:192.168.34.14:38082, 16da575b-49d8-417e-9508-80525cac3dd0:192.168.34.14:45728] with ContainerStateMachine:uninitialized
2019-09-23 17:22:25,640 [pool-519-thread-1] INFO  server.RaftServerConfigKeys (ConfUtils.java:logGet(43)) - raft.server.log.appender.install.snapshot.enabled = false (custom)
2019-09-23 17:22:25,641 [pool-579-thread-1] INFO  server.RaftServerConfigKeys (ConfUtils.java:logGet(43)) - raft.server.rpc.timeout.min = 1s (custom)
2019-09-23 17:22:25,641 [pool-519-thread-1] INFO  impl.RaftServerImpl (ServerState.java:<init>(103)) - 16da575b-49d8-417e-9508-80525cac3dd0@group-DF278A1D03E7: ConfigurationManager, init=-1: [a41748ab-4e9a-4a99-a107-c015e4324edf:192.168.34.14:45273, 88a31ab1-6c68-496a-9143-f02147be1aed:192.168.34.14:38082, 16da575b-49d8-417e-9508-80525cac3dd0:192.168.34.14:45728], old=null, confs=<EMPTY_MAP>
2019-09-23 17:22:25,641 [pool-579-thread-1] INFO  server.RaftServerConfigKeys (ConfUtils.java:logGet(43)) - raft.server.rpc.timeout.max = 1200ms (custom)
2019-09-23 17:22:25,641 [pool-519-thread-1] INFO  server.RaftServerConfigKeys (ConfUtils.java:logGet(43)) - raft.server.storage.dir = [/workdir/hadoop-ozone/integration-test/target/test-dir/MiniOzoneClusterImpl-dc27b903-0525-47ea-8b09-60b958b4e498/datanode-1/data/ratis] (custom)
2019-09-23 17:22:25,641 [pool-599-thread-1] INFO  impl.RaftServerImpl (RaftServerImpl.java:<init>(95)) - a41748ab-4e9a-4a99-a107-c015e4324edf: new RaftServerImpl for group-DF278A1D03E7:[a41748ab-4e9a-4a99-a107-c015e4324edf:192.168.34.14:45273, 88a31ab1-6c68-496a-9143-f02147be1aed:192.168.34.14:38082, 16da575b-49d8-417e-9508-80525cac3dd0:192.168.34.14:45728] with ContainerStateMachine:uninitialized
2019-09-23 17:22:25,641 [pool-579-thread-1] INFO  server.RaftServerConfigKeys (ConfUtils.java:logGet(43)) - raft.server.rpcslowness.timeout = 120s (custom)
2019-09-23 17:22:25,641 [pool-519-thread-1] INFO  storage.RaftStorageDirectory (RaftStorageDirectory.java:analyzeStorage(246)) - The storage directory /workdir/hadoop-ozone/integration-test/target/test-dir/MiniOzoneClusterImpl-dc27b903-0525-47ea-8b09-60b958b4e498/datanode-1/data/ratis/0b38b2d1-6862-4455-99a1-df278a1d03e7 does not exist. Creating ...
2019-09-23 17:22:25,641 [pool-599-thread-1] INFO  server.RaftServerConfigKeys (ConfUtils.java:logGet(43)) - raft.server.rpc.timeout.min = 1s (custom)
2019-09-23 17:22:25,642 [pool-579-thread-1] INFO  server.RaftServerConfigKeys (ConfUtils.java:logGet(43)) - raft.server.sleep.deviation.threshold = 300 (default)
2019-09-23 17:22:25,642 [pool-599-thread-1] INFO  server.RaftServerConfigKeys (ConfUtils.java:logGet(43)) - raft.server.rpc.timeout.max = 1200ms (custom)
2019-09-23 17:22:25,642 [pool-579-thread-1] INFO  server.RaftServerConfigKeys (ConfUtils.java:logGet(43)) - raft.server.log.appender.install.snapshot.enabled = false (custom)
2019-09-23 17:22:25,642 [pool-599-thread-1] INFO  server.RaftServerConfigKeys (ConfUtils.java:logGet(43)) - raft.server.rpcslowness.timeout = 120s (custom)
2019-09-23 17:22:25,642 [pool-579-thread-1] INFO  impl.RaftServerImpl (ServerState.java:<init>(103)) - 88a31ab1-6c68-496a-9143-f02147be1aed@group-DF278A1D03E7: ConfigurationManager, init=-1: [a41748ab-4e9a-4a99-a107-c015e4324edf:192.168.34.14:45273, 88a31ab1-6c68-496a-9143-f02147be1aed:192.168.34.14:38082, 16da575b-49d8-417e-9508-80525cac3dd0:192.168.34.14:45728], old=null, confs=<EMPTY_MAP>
2019-09-23 17:22:25,642 [pool-599-thread-1] INFO  server.RaftServerConfigKeys (ConfUtils.java:logGet(43)) - raft.server.sleep.deviation.threshold = 300 (default)
2019-09-23 17:22:25,643 [pool-579-thread-1] INFO  server.RaftServerConfigKeys (ConfUtils.java:logGet(43)) - raft.server.storage.dir = [/workdir/hadoop-ozone/integration-test/target/test-dir/MiniOzoneClusterImpl-dc27b903-0525-47ea-8b09-60b958b4e498/datanode-7/data/ratis] (custom)
2019-09-23 17:22:25,643 [pool-599-thread-1] INFO  server.RaftServerConfigKeys (ConfUtils.java:logGet(43)) - raft.server.log.appender.install.snapshot.enabled = false (custom)
2019-09-23 17:22:25,643 [pool-599-thread-1] INFO  impl.RaftServerImpl (ServerState.java:<init>(103)) - a41748ab-4e9a-4a99-a107-c015e4324edf@group-DF278A1D03E7: ConfigurationManager, init=-1: [a41748ab-4e9a-4a99-a107-c015e4324edf:192.168.34.14:45273, 88a31ab1-6c68-496a-9143-f02147be1aed:192.168.34.14:38082, 16da575b-49d8-417e-9508-80525cac3dd0:192.168.34.14:45728], old=null, confs=<EMPTY_MAP>
2019-09-23 17:22:25,643 [pool-579-thread-1] INFO  storage.RaftStorageDirectory (RaftStorageDirectory.java:analyzeStorage(246)) - The storage directory /workdir/hadoop-ozone/integration-test/target/test-dir/MiniOzoneClusterImpl-dc27b903-0525-47ea-8b09-60b958b4e498/datanode-7/data/ratis/0b38b2d1-6862-4455-99a1-df278a1d03e7 does not exist. Creating ...
2019-09-23 17:22:25,643 [pool-599-thread-1] INFO  server.RaftServerConfigKeys (ConfUtils.java:logGet(43)) - raft.server.storage.dir = [/workdir/hadoop-ozone/integration-test/target/test-dir/MiniOzoneClusterImpl-dc27b903-0525-47ea-8b09-60b958b4e498/datanode-9/data/ratis] (custom)
2019-09-23 17:22:25,644 [pool-599-thread-1] INFO  storage.RaftStorageDirectory (RaftStorageDirectory.java:analyzeStorage(246)) - The storage directory /workdir/hadoop-ozone/integration-test/target/test-dir/MiniOzoneClusterImpl-dc27b903-0525-47ea-8b09-60b958b4e498/datanode-9/data/ratis/0b38b2d1-6862-4455-99a1-df278a1d03e7 does not exist. Creating ...
2019-09-23 17:22:25,673 [8fb4cdab-c625-4313-be02-bfab5deacb6d@group-1A960CC3F4D5:LeaderElection113] INFO  impl.LeaderElection (LeaderElection.java:askForVotes(182)) - 8fb4cdab-c625-4313-be02-bfab5deacb6d@group-1A960CC3F4D5:LeaderElection113: begin an election at term 1 for -1: [8fb4cdab-c625-4313-be02-bfab5deacb6d:192.168.34.14:33986], old=null
2019-09-23 17:22:25,673 [8fb4cdab-c625-4313-be02-bfab5deacb6d@group-1A960CC3F4D5:LeaderElection113] INFO  impl.RoleInfo (RoleInfo.java:shutdownLeaderElection(134)) - 8fb4cdab-c625-4313-be02-bfab5deacb6d: shutdown LeaderElection
2019-09-23 17:22:25,673 [8fb4cdab-c625-4313-be02-bfab5deacb6d@group-1A960CC3F4D5:LeaderElection113] INFO  impl.RaftServerImpl (RaftServerImpl.java:setRole(174)) - 8fb4cdab-c625-4313-be02-bfab5deacb6d@group-1A960CC3F4D5: changes role from CANDIDATE to LEADER at term 1 for changeToLeader
2019-09-23 17:22:25,673 [pool-599-thread-1] INFO  storage.RaftStorageDirectory (RaftStorageDirectory.java:tryLock(328)) - Lock on /workdir/hadoop-ozone/integration-test/target/test-dir/MiniOzoneClusterImpl-dc27b903-0525-47ea-8b09-60b958b4e498/datanode-9/data/ratis/0b38b2d1-6862-4455-99a1-df278a1d03e7/in_use.lock acquired by nodename 22073@pr-hdds-2167-q77kb-1598226581
2019-09-23 17:22:25,673 [pool-579-thread-1] INFO  storage.RaftStorageDirectory (RaftStorageDirectory.java:tryLock(328)) - Lock on /workdir/hadoop-ozone/integration-test/target/test-dir/MiniOzoneClusterImpl-dc27b903-0525-47ea-8b09-60b958b4e498/datanode-7/data/ratis/0b38b2d1-6862-4455-99a1-df278a1d03e7/in_use.lock acquired by nodename 22073@pr-hdds-2167-q77kb-1598226581
2019-09-23 17:22:25,673 [8fb4cdab-c625-4313-be02-bfab5deacb6d@group-1A960CC3F4D5:LeaderElection113] INFO  impl.RaftServerImpl (ServerState.java:setLeader(253)) - 8fb4cdab-c625-4313-be02-bfab5deacb6d@group-1A960CC3F4D5: change Leader from null to 8fb4cdab-c625-4313-be02-bfab5deacb6d at term 1 for becomeLeader, leader elected after 1268ms
2019-09-23 17:22:25,673 [pool-519-thread-1] INFO  storage.RaftStorageDirectory (RaftStorageDirectory.java:tryLock(328)) - Lock on /workdir/hadoop-ozone/integration-test/target/test-dir/MiniOzoneClusterImpl-dc27b903-0525-47ea-8b09-60b958b4e498/datanode-1/data/ratis/0b38b2d1-6862-4455-99a1-df278a1d03e7/in_use.lock acquired by nodename 22073@pr-hdds-2167-q77kb-1598226581
2019-09-23 17:22:25,674 [8fb4cdab-c625-4313-be02-bfab5deacb6d@group-1A960CC3F4D5:LeaderElection113] INFO  server.RaftServerConfigKeys (ConfUtils.java:logGet(43)) - raft.server.staging.catchup.gap = 1000 (default)
2019-09-23 17:22:25,674 [8fb4cdab-c625-4313-be02-bfab5deacb6d@group-1A960CC3F4D5:LeaderElection113] INFO  server.RaftServerConfigKeys (ConfUtils.java:logGet(43)) - raft.server.rpc.sleep.time = 25ms (default)
2019-09-23 17:22:25,674 [8fb4cdab-c625-4313-be02-bfab5deacb6d@group-1A960CC3F4D5:LeaderElection113] INFO  server.RaftServerConfigKeys (ConfUtils.java:logGet(43)) - raft.server.write.element-limit = 4096 (default)
2019-09-23 17:22:25,674 [8fb4cdab-c625-4313-be02-bfab5deacb6d@group-1A960CC3F4D5:LeaderElection113] INFO  server.RaftServerConfigKeys (ConfUtils.java:logGet(43)) - raft.server.watch.timeout = 10s (default)
2019-09-23 17:22:25,674 [8fb4cdab-c625-4313-be02-bfab5deacb6d@group-1A960CC3F4D5:LeaderElection113] INFO  server.RaftServerConfigKeys (ConfUtils.java:logGet(43)) - raft.server.watch.timeout.denomination = 1s (default)
2019-09-23 17:22:25,674 [8fb4cdab-c625-4313-be02-bfab5deacb6d@group-1A960CC3F4D5:LeaderElection113] INFO  server.RaftServerConfigKeys (ConfUtils.java:logGet(43)) - raft.server.watch.element-limit = 65536 (default)
2019-09-23 17:22:25,676 [8fb4cdab-c625-4313-be02-bfab5deacb6d@group-1A960CC3F4D5:LeaderElection113] INFO  impl.RoleInfo (RoleInfo.java:updateAndGet(143)) - 8fb4cdab-c625-4313-be02-bfab5deacb6d: start LeaderState
2019-09-23 17:22:25,676 [8fb4cdab-c625-4313-be02-bfab5deacb6d@group-1A960CC3F4D5:LeaderElection113] INFO  segmented.SegmentedRaftLogWorker (SegmentedRaftLogWorker.java:startLogSegment(380)) - 8fb4cdab-c625-4313-be02-bfab5deacb6d@group-1A960CC3F4D5-SegmentedRaftLogWorker: Starting segment from index:0
2019-09-23 17:22:25,677 [8fb4cdab-c625-4313-be02-bfab5deacb6d@group-1A960CC3F4D5:LeaderElection113] INFO  impl.RaftServerImpl (ServerState.java:setRaftConf(354)) - 8fb4cdab-c625-4313-be02-bfab5deacb6d@group-1A960CC3F4D5: set configuration 0: [8fb4cdab-c625-4313-be02-bfab5deacb6d:192.168.34.14:33986], old=null at 0
2019-09-23 17:22:25,709 [pool-599-thread-1] INFO  storage.RaftStorage (RaftStorage.java:format(72)) - Storage directory /workdir/hadoop-ozone/integration-test/target/test-dir/MiniOzoneClusterImpl-dc27b903-0525-47ea-8b09-60b958b4e498/datanode-9/data/ratis/0b38b2d1-6862-4455-99a1-df278a1d03e7 has been successfully formatted.
2019-09-23 17:22:25,709 [Thread-3369] INFO  impl.FollowerState (FollowerState.java:run(106)) - 16da575b-49d8-417e-9508-80525cac3dd0:group-DFD92C933887 changes to CANDIDATE, lastRpcTime:1127, electionTimeout:1107ms
2019-09-23 17:22:25,709 [pool-579-thread-1] INFO  storage.RaftStorage (RaftStorage.java:format(72)) - Storage directory /workdir/hadoop-ozone/integration-test/target/test-dir/MiniOzoneClusterImpl-dc27b903-0525-47ea-8b09-60b958b4e498/datanode-7/data/ratis/0b38b2d1-6862-4455-99a1-df278a1d03e7 has been successfully formatted.
2019-09-23 17:22:25,709 [pool-519-thread-1] INFO  storage.RaftStorage (RaftStorage.java:format(72)) - Storage directory /workdir/hadoop-ozone/integration-test/target/test-dir/MiniOzoneClusterImpl-dc27b903-0525-47ea-8b09-60b958b4e498/datanode-1/data/ratis/0b38b2d1-6862-4455-99a1-df278a1d03e7 has been successfully formatted.
2019-09-23 17:22:25,709 [Thread-3369] INFO  impl.RoleInfo (RoleInfo.java:shutdownFollowerState(121)) - 16da575b-49d8-417e-9508-80525cac3dd0: shutdown FollowerState
2019-09-23 17:22:25,709 [pool-599-thread-1] INFO  ratis.ContainerStateMachine (ContainerStateMachine.java:loadSnapshot(230)) - group-DF278A1D03E7: The snapshot info is null. Setting the last applied indexto:(t:0, i:~)
2019-09-23 17:22:25,710 [Thread-3369] INFO  impl.RaftServerImpl (RaftServerImpl.java:setRole(174)) - 16da575b-49d8-417e-9508-80525cac3dd0@group-DFD92C933887: changes role from  FOLLOWER to CANDIDATE at term 0 for changeToCandidate
2019-09-23 17:22:25,710 [pool-519-thread-1] INFO  ratis.ContainerStateMachine (ContainerStateMachine.java:loadSnapshot(230)) - group-DF278A1D03E7: The snapshot info is null. Setting the last applied indexto:(t:0, i:~)
2019-09-23 17:22:25,710 [pool-579-thread-1] INFO  ratis.ContainerStateMachine (ContainerStateMachine.java:loadSnapshot(230)) - group-DF278A1D03E7: The snapshot info is null. Setting the last applied indexto:(t:0, i:~)
2019-09-23 17:22:25,710 [pool-519-thread-1] INFO  server.RaftServerConfigKeys (ConfUtils.java:logGet(43)) - raft.server.notification.no-leader.timeout = 120s (custom)
2019-09-23 17:22:25,710 [Thread-3369] INFO  impl.RoleInfo (RoleInfo.java:updateAndGet(143)) - 16da575b-49d8-417e-9508-80525cac3dd0: start LeaderElection
2019-09-23 17:22:25,710 [pool-599-thread-1] INFO  server.RaftServerConfigKeys (ConfUtils.java:logGet(43)) - raft.server.notification.no-leader.timeout = 120s (custom)
2019-09-23 17:22:25,710 [pool-519-thread-1] INFO  server.RaftServerConfigKeys (ConfUtils.java:logGet(43)) - raft.server.log.use.memory = false (default)
2019-09-23 17:22:25,710 [pool-579-thread-1] INFO  server.RaftServerConfigKeys (ConfUtils.java:logGet(43)) - raft.server.notification.no-leader.timeout = 120s (custom)
2019-09-23 17:22:25,711 [pool-519-thread-1] INFO  server.RaftServerConfigKeys (ConfUtils.java:logGet(43)) - raft.server.log.purge.gap = 1000000 (custom)
2019-09-23 17:22:25,710 [pool-599-thread-1] INFO  server.RaftServerConfigKeys (ConfUtils.java:logGet(43)) - raft.server.log.use.memory = false (default)
2019-09-23 17:22:25,713 [pool-519-thread-1] INFO  server.RaftServerConfigKeys (ConfUtils.java:logGet(43)) - raft.server.log.appender.buffer.byte-limit = 33554432 (custom)
2019-09-23 17:22:25,713 [pool-579-thread-1] INFO  server.RaftServerConfigKeys (ConfUtils.java:logGet(43)) - raft.server.log.use.memory = false (default)
2019-09-23 17:22:25,713 [pool-519-thread-1] INFO  server.RaftServerConfigKeys (ConfUtils.java:logGet(43)) - raft.server.log.segment.size.max = 1048576 (custom)
2019-09-23 17:22:25,713 [pool-599-thread-1] INFO  server.RaftServerConfigKeys (ConfUtils.java:logGet(43)) - raft.server.log.purge.gap = 1000000 (custom)
2019-09-23 17:22:25,713 [pool-519-thread-1] INFO  server.RaftServerConfigKeys (ConfUtils.java:logGet(43)) - raft.server.log.segment.cache.num.max = 2 (custom)
2019-09-23 17:22:25,713 [pool-519-thread-1] INFO  segmented.SegmentedRaftLogWorker (SegmentedRaftLogWorker.java:<init>(172)) - new 16da575b-49d8-417e-9508-80525cac3dd0@group-DF278A1D03E7-SegmentedRaftLogWorker for RaftStorage:Storage Directory /workdir/hadoop-ozone/integration-test/target/test-dir/MiniOzoneClusterImpl-dc27b903-0525-47ea-8b09-60b958b4e498/datanode-1/data/ratis/0b38b2d1-6862-4455-99a1-df278a1d03e7
2019-09-23 17:22:25,713 [pool-579-thread-1] INFO  server.RaftServerConfigKeys (ConfUtils.java:logGet(43)) - raft.server.log.purge.gap = 1000000 (custom)
2019-09-23 17:22:25,713 [pool-519-thread-1] INFO  server.RaftServerConfigKeys (ConfUtils.java:logGet(43)) - raft.server.log.queue.byte-limit = 2147483647 (custom)
2019-09-23 17:22:25,714 [pool-519-thread-1] INFO  server.RaftServerConfigKeys (ConfUtils.java:logGet(43)) - raft.server.log.queue.element-limit = 1024 (custom)
2019-09-23 17:22:25,713 [pool-599-thread-1] INFO  server.RaftServerConfigKeys (ConfUtils.java:logGet(43)) - raft.server.log.appender.buffer.byte-limit = 33554432 (custom)
2019-09-23 17:22:25,714 [pool-519-thread-1] INFO  server.RaftServerConfigKeys (ConfUtils.java:logGet(43)) - raft.server.log.segment.size.max = 1048576 (custom)
2019-09-23 17:22:25,714 [pool-519-thread-1] INFO  server.RaftServerConfigKeys (ConfUtils.java:logGet(43)) - raft.server.log.preallocated.size = 16384 (custom)
2019-09-23 17:22:25,714 [pool-579-thread-1] INFO  server.RaftServerConfigKeys (ConfUtils.java:logGet(43)) - raft.server.log.appender.buffer.byte-limit = 33554432 (custom)
2019-09-23 17:22:25,714 [pool-519-thread-1] INFO  server.RaftServerConfigKeys (ConfUtils.java:logGet(43)) - raft.server.log.write.buffer.size = 33554432 (custom)
2019-09-23 17:22:25,714 [pool-599-thread-1] INFO  server.RaftServerConfigKeys (ConfUtils.java:logGet(43)) - raft.server.log.segment.size.max = 1048576 (custom)
2019-09-23 17:22:25,714 [pool-519-thread-1] INFO  server.RaftServerConfigKeys (ConfUtils.java:logGet(43)) - raft.server.log.force.sync.num = 128 (default)
2019-09-23 17:22:25,714 [pool-579-thread-1] INFO  server.RaftServerConfigKeys (ConfUtils.java:logGet(43)) - raft.server.log.segment.size.max = 1048576 (custom)
2019-09-23 17:22:25,715 [pool-519-thread-1] INFO  server.RaftServerConfigKeys (ConfUtils.java:logGet(43)) - raft.server.log.statemachine.data.sync = true (default)
2019-09-23 17:22:25,714 [pool-599-thread-1] INFO  server.RaftServerConfigKeys (ConfUtils.java:logGet(43)) - raft.server.log.segment.cache.num.max = 2 (custom)
2019-09-23 17:22:25,715 [pool-519-thread-1] INFO  server.RaftServerConfigKeys (ConfUtils.java:logGet(43)) - raft.server.log.statemachine.data.sync.timeout = 10s (default)
2019-09-23 17:22:25,715 [pool-579-thread-1] INFO  server.RaftServerConfigKeys (ConfUtils.java:logGet(43)) - raft.server.log.segment.cache.num.max = 2 (custom)
2019-09-23 17:22:25,715 [pool-519-thread-1] INFO  server.RaftServerConfigKeys (ConfUtils.java:logGet(43)) - raft.server.log.statemachine.data.sync.timeout.retry = -1 (default)
2019-09-23 17:22:25,715 [pool-599-thread-1] INFO  segmented.SegmentedRaftLogWorker (SegmentedRaftLogWorker.java:<init>(172)) - new a41748ab-4e9a-4a99-a107-c015e4324edf@group-DF278A1D03E7-SegmentedRaftLogWorker for RaftStorage:Storage Directory /workdir/hadoop-ozone/integration-test/target/test-dir/MiniOzoneClusterImpl-dc27b903-0525-47ea-8b09-60b958b4e498/datanode-9/data/ratis/0b38b2d1-6862-4455-99a1-df278a1d03e7
2019-09-23 17:22:25,715 [pool-519-thread-1] INFO  server.RaftServerConfigKeys (ConfUtils.java:logGet(43)) - raft.server.log.statemachine.data.caching.enabled = true (custom)
2019-09-23 17:22:25,715 [pool-579-thread-1] INFO  segmented.SegmentedRaftLogWorker (SegmentedRaftLogWorker.java:<init>(172)) - new 88a31ab1-6c68-496a-9143-f02147be1aed@group-DF278A1D03E7-SegmentedRaftLogWorker for RaftStorage:Storage Directory /workdir/hadoop-ozone/integration-test/target/test-dir/MiniOzoneClusterImpl-dc27b903-0525-47ea-8b09-60b958b4e498/datanode-7/data/ratis/0b38b2d1-6862-4455-99a1-df278a1d03e7
2019-09-23 17:22:25,715 [pool-599-thread-1] INFO  server.RaftServerConfigKeys (ConfUtils.java:logGet(43)) - raft.server.log.queue.byte-limit = 2147483647 (custom)
2019-09-23 17:22:25,716 [pool-519-thread-1] INFO  segmented.SegmentedRaftLogWorker (SegmentedRaftLogWorker.java:lambda$new$0(132)) - 16da575b-49d8-417e-9508-80525cac3dd0@group-DF278A1D03E7-SegmentedRaftLogWorker: flushIndex: setUnconditionally 0 -> -1
2019-09-23 17:22:25,716 [pool-579-thread-1] INFO  server.RaftServerConfigKeys (ConfUtils.java:logGet(43)) - raft.server.log.queue.byte-limit = 2147483647 (custom)
2019-09-23 17:22:25,716 [pool-599-thread-1] INFO  server.RaftServerConfigKeys (ConfUtils.java:logGet(43)) - raft.server.log.queue.element-limit = 1024 (custom)
2019-09-23 17:22:25,716 [pool-519-thread-1] INFO  server.RaftServerConfigKeys (ConfUtils.java:logGet(43)) - raft.server.snapshot.auto.trigger.enabled = true (custom)
2019-09-23 17:22:25,716 [pool-579-thread-1] INFO  server.RaftServerConfigKeys (ConfUtils.java:logGet(43)) - raft.server.log.queue.element-limit = 1024 (custom)
2019-09-23 17:22:25,716 [pool-519-thread-1] INFO  server.RaftServerConfigKeys (ConfUtils.java:logGet(43)) - raft.server.snapshot.auto.trigger.threshold = 10000 (custom)
2019-09-23 17:22:25,716 [pool-599-thread-1] INFO  server.RaftServerConfigKeys (ConfUtils.java:logGet(43)) - raft.server.log.segment.size.max = 1048576 (custom)
2019-09-23 17:22:25,716 [pool-519-thread-1] INFO  server.RaftServerConfigKeys (ConfUtils.java:logGet(43)) - raft.server.snapshot.retention.num.files = 5 (custom)
2019-09-23 17:22:25,716 [pool-579-thread-1] INFO  server.RaftServerConfigKeys (ConfUtils.java:logGet(43)) - raft.server.log.segment.size.max = 1048576 (custom)
2019-09-23 17:22:25,716 [pool-519-thread-1] INFO  server.RaftServerConfigKeys (ConfUtils.java:logGet(43)) - raft.server.retrycache.expirytime = 600000ms (custom)
2019-09-23 17:22:25,716 [pool-599-thread-1] INFO  server.RaftServerConfigKeys (ConfUtils.java:logGet(43)) - raft.server.log.preallocated.size = 16384 (custom)
2019-09-23 17:22:25,717 [pool-579-thread-1] INFO  server.RaftServerConfigKeys (ConfUtils.java:logGet(43)) - raft.server.log.preallocated.size = 16384 (custom)
2019-09-23 17:22:25,717 [pool-599-thread-1] INFO  server.RaftServerConfigKeys (ConfUtils.java:logGet(43)) - raft.server.log.write.buffer.size = 33554432 (custom)
2019-09-23 17:22:25,717 [pool-579-thread-1] INFO  server.RaftServerConfigKeys (ConfUtils.java:logGet(43)) - raft.server.log.write.buffer.size = 33554432 (custom)
2019-09-23 17:22:25,717 [pool-599-thread-1] INFO  server.RaftServerConfigKeys (ConfUtils.java:logGet(43)) - raft.server.log.force.sync.num = 128 (default)
2019-09-23 17:22:25,717 [pool-579-thread-1] INFO  server.RaftServerConfigKeys (ConfUtils.java:logGet(43)) - raft.server.log.force.sync.num = 128 (default)
2019-09-23 17:22:25,717 [pool-599-thread-1] INFO  server.RaftServerConfigKeys (ConfUtils.java:logGet(43)) - raft.server.log.statemachine.data.sync = true (default)
2019-09-23 17:22:25,717 [pool-579-thread-1] INFO  server.RaftServerConfigKeys (ConfUtils.java:logGet(43)) - raft.server.log.statemachine.data.sync = true (default)
2019-09-23 17:22:25,718 [pool-599-thread-1] INFO  server.RaftServerConfigKeys (ConfUtils.java:logGet(43)) - raft.server.log.statemachine.data.sync.timeout = 10s (default)
2019-09-23 17:22:25,718 [pool-579-thread-1] INFO  server.RaftServerConfigKeys (ConfUtils.java:logGet(43)) - raft.server.log.statemachine.data.sync.timeout = 10s (default)
2019-09-23 17:22:25,718 [pool-599-thread-1] INFO  server.RaftServerConfigKeys (ConfUtils.java:logGet(43)) - raft.server.log.statemachine.data.sync.timeout.retry = -1 (default)
2019-09-23 17:22:25,718 [pool-519-thread-1] INFO  impl.RaftServerImpl (RaftServerImpl.java:start(185)) - 16da575b-49d8-417e-9508-80525cac3dd0@group-DF278A1D03E7: start as a follower, conf=-1: [a41748ab-4e9a-4a99-a107-c015e4324edf:192.168.34.14:45273, 88a31ab1-6c68-496a-9143-f02147be1aed:192.168.34.14:38082, 16da575b-49d8-417e-9508-80525cac3dd0:192.168.34.14:45728], old=null
2019-09-23 17:22:25,718 [pool-579-thread-1] INFO  server.RaftServerConfigKeys (ConfUtils.java:logGet(43)) - raft.server.log.statemachine.data.sync.timeout.retry = -1 (default)
2019-09-23 17:22:25,718 [pool-519-thread-1] INFO  impl.RaftServerImpl (RaftServerImpl.java:setRole(174)) - 16da575b-49d8-417e-9508-80525cac3dd0@group-DF278A1D03E7: changes role from      null to FOLLOWER at term 0 for startAsFollower
2019-09-23 17:22:25,718 [pool-599-thread-1] INFO  server.RaftServerConfigKeys (ConfUtils.java:logGet(43)) - raft.server.log.statemachine.data.caching.enabled = true (custom)
2019-09-23 17:22:25,718 [pool-519-thread-1] INFO  impl.RoleInfo (RoleInfo.java:updateAndGet(143)) - 16da575b-49d8-417e-9508-80525cac3dd0: start FollowerState
2019-09-23 17:22:25,718 [pool-579-thread-1] INFO  server.RaftServerConfigKeys (ConfUtils.java:logGet(43)) - raft.server.log.statemachine.data.caching.enabled = true (custom)
2019-09-23 17:22:25,719 [pool-599-thread-1] INFO  segmented.SegmentedRaftLogWorker (SegmentedRaftLogWorker.java:lambda$new$0(132)) - a41748ab-4e9a-4a99-a107-c015e4324edf@group-DF278A1D03E7-SegmentedRaftLogWorker: flushIndex: setUnconditionally 0 -> -1
2019-09-23 17:22:25,719 [pool-579-thread-1] INFO  segmented.SegmentedRaftLogWorker (SegmentedRaftLogWorker.java:lambda$new$0(132)) - 88a31ab1-6c68-496a-9143-f02147be1aed@group-DF278A1D03E7-SegmentedRaftLogWorker: flushIndex: setUnconditionally 0 -> -1
2019-09-23 17:22:25,719 [pool-519-thread-1] INFO  util.JmxRegister (JmxRegister.java:tryRegister(44)) - Successfully registered JMX Bean with object name Ratis:service=RaftServer,group=group-DF278A1D03E7,id=16da575b-49d8-417e-9508-80525cac3dd0
2019-09-23 17:22:25,719 [pool-599-thread-1] INFO  server.RaftServerConfigKeys (ConfUtils.java:logGet(43)) - raft.server.snapshot.auto.trigger.enabled = true (custom)
2019-09-23 17:22:25,719 [pool-579-thread-1] INFO  server.RaftServerConfigKeys (ConfUtils.java:logGet(43)) - raft.server.snapshot.auto.trigger.enabled = true (custom)
2019-09-23 17:22:25,719 [pool-599-thread-1] INFO  server.RaftServerConfigKeys (ConfUtils.java:logGet(43)) - raft.server.snapshot.auto.trigger.threshold = 10000 (custom)
2019-09-23 17:22:25,719 [pool-579-thread-1] INFO  server.RaftServerConfigKeys (ConfUtils.java:logGet(43)) - raft.server.snapshot.auto.trigger.threshold = 10000 (custom)
2019-09-23 17:22:25,719 [pool-599-thread-1] INFO  server.RaftServerConfigKeys (ConfUtils.java:logGet(43)) - raft.server.snapshot.retention.num.files = 5 (custom)
2019-09-23 17:22:25,720 [pool-579-thread-1] INFO  server.RaftServerConfigKeys (ConfUtils.java:logGet(43)) - raft.server.snapshot.retention.num.files = 5 (custom)
2019-09-23 17:22:25,720 [pool-599-thread-1] INFO  server.RaftServerConfigKeys (ConfUtils.java:logGet(43)) - raft.server.retrycache.expirytime = 600000ms (custom)
2019-09-23 17:22:25,720 [pool-579-thread-1] INFO  server.RaftServerConfigKeys (ConfUtils.java:logGet(43)) - raft.server.retrycache.expirytime = 600000ms (custom)
2019-09-23 17:22:25,723 [pool-599-thread-1] INFO  impl.RaftServerImpl (RaftServerImpl.java:start(185)) - a41748ab-4e9a-4a99-a107-c015e4324edf@group-DF278A1D03E7: start as a follower, conf=-1: [a41748ab-4e9a-4a99-a107-c015e4324edf:192.168.34.14:45273, 88a31ab1-6c68-496a-9143-f02147be1aed:192.168.34.14:38082, 16da575b-49d8-417e-9508-80525cac3dd0:192.168.34.14:45728], old=null
2019-09-23 17:22:25,723 [pool-599-thread-1] INFO  impl.RaftServerImpl (RaftServerImpl.java:setRole(174)) - a41748ab-4e9a-4a99-a107-c015e4324edf@group-DF278A1D03E7: changes role from      null to FOLLOWER at term 0 for startAsFollower
2019-09-23 17:22:25,723 [pool-579-thread-1] INFO  impl.RaftServerImpl (RaftServerImpl.java:start(185)) - 88a31ab1-6c68-496a-9143-f02147be1aed@group-DF278A1D03E7: start as a follower, conf=-1: [a41748ab-4e9a-4a99-a107-c015e4324edf:192.168.34.14:45273, 88a31ab1-6c68-496a-9143-f02147be1aed:192.168.34.14:38082, 16da575b-49d8-417e-9508-80525cac3dd0:192.168.34.14:45728], old=null
2019-09-23 17:22:25,723 [pool-599-thread-1] INFO  impl.RoleInfo (RoleInfo.java:updateAndGet(143)) - a41748ab-4e9a-4a99-a107-c015e4324edf: start FollowerState
2019-09-23 17:22:25,723 [pool-579-thread-1] INFO  impl.RaftServerImpl (RaftServerImpl.java:setRole(174)) - 88a31ab1-6c68-496a-9143-f02147be1aed@group-DF278A1D03E7: changes role from      null to FOLLOWER at term 0 for startAsFollower
2019-09-23 17:22:25,723 [pool-579-thread-1] INFO  impl.RoleInfo (RoleInfo.java:updateAndGet(143)) - 88a31ab1-6c68-496a-9143-f02147be1aed: start FollowerState
2019-09-23 17:22:25,723 [pool-599-thread-1] INFO  util.JmxRegister (JmxRegister.java:tryRegister(44)) - Successfully registered JMX Bean with object name Ratis:service=RaftServer,group=group-DF278A1D03E7,id=a41748ab-4e9a-4a99-a107-c015e4324edf
2019-09-23 17:22:25,723 [pool-579-thread-1] INFO  util.JmxRegister (JmxRegister.java:tryRegister(44)) - Successfully registered JMX Bean with object name Ratis:service=RaftServer,group=group-DF278A1D03E7,id=88a31ab1-6c68-496a-9143-f02147be1aed
2019-09-23 17:22:25,725 [RatisPipelineUtilsThread] INFO  pipeline.PipelineStateManager (PipelineStateManager.java:addPipeline(56)) - Created pipeline Pipeline[ Id: 0b38b2d1-6862-4455-99a1-df278a1d03e7, Nodes: a41748ab-4e9a-4a99-a107-c015e4324edf{ip: 192.168.34.14, host: pr-hdds-2167-q77kb-1598226581, networkLocation: /rack1, certSerialId: null}16da575b-49d8-417e-9508-80525cac3dd0{ip: 192.168.34.14, host: pr-hdds-2167-q77kb-1598226581, networkLocation: /rack1, certSerialId: null}88a31ab1-6c68-496a-9143-f02147be1aed{ip: 192.168.34.14, host: pr-hdds-2167-q77kb-1598226581, networkLocation: /rack1, certSerialId: null}, Type:RATIS, Factor:THREE, State:OPEN]
2019-09-23 17:22:25,734 [grpc-default-executor-11] INFO  impl.RaftServerProxy (RaftServerProxy.java:addNew(89)) - dee4c762-71db-4d64-ab47-681bb437fd07: addNew group-E9C4DD6AFD65:[dee4c762-71db-4d64-ab47-681bb437fd07:192.168.34.14:36188, 75ab0a4d-5206-4350-91b3-4197023479e2:192.168.34.14:43851, cf9188cb-18f1-4c06-b3bb-d2975ec16a95:192.168.34.14:35549] returns group-E9C4DD6AFD65:java.util.concurrent.CompletableFuture@3e5dfcf0[Not completed]
2019-09-23 17:22:25,734 [grpc-default-executor-20] INFO  impl.RaftServerProxy (RaftServerProxy.java:addNew(89)) - 75ab0a4d-5206-4350-91b3-4197023479e2: addNew group-E9C4DD6AFD65:[dee4c762-71db-4d64-ab47-681bb437fd07:192.168.34.14:36188, 75ab0a4d-5206-4350-91b3-4197023479e2:192.168.34.14:43851, cf9188cb-18f1-4c06-b3bb-d2975ec16a95:192.168.34.14:35549] returns group-E9C4DD6AFD65:java.util.concurrent.CompletableFuture@665cc0ee[Not completed]
2019-09-23 17:22:25,734 [grpc-default-executor-18] INFO  impl.RaftServerProxy (RaftServerProxy.java:addNew(89)) - cf9188cb-18f1-4c06-b3bb-d2975ec16a95: addNew group-E9C4DD6AFD65:[dee4c762-71db-4d64-ab47-681bb437fd07:192.168.34.14:36188, 75ab0a4d-5206-4350-91b3-4197023479e2:192.168.34.14:43851, cf9188cb-18f1-4c06-b3bb-d2975ec16a95:192.168.34.14:35549] returns group-E9C4DD6AFD65:java.util.concurrent.CompletableFuture@4aacb467[Not completed]
2019-09-23 17:22:25,735 [pool-559-thread-1] INFO  impl.RaftServerImpl (RaftServerImpl.java:<init>(95)) - dee4c762-71db-4d64-ab47-681bb437fd07: new RaftServerImpl for group-E9C4DD6AFD65:[dee4c762-71db-4d64-ab47-681bb437fd07:192.168.34.14:36188, 75ab0a4d-5206-4350-91b3-4197023479e2:192.168.34.14:43851, cf9188cb-18f1-4c06-b3bb-d2975ec16a95:192.168.34.14:35549] with ContainerStateMachine:uninitialized
2019-09-23 17:22:25,735 [8fb4cdab-c625-4313-be02-bfab5deacb6d@group-1A960CC3F4D5-SegmentedRaftLogWorker] INFO  segmented.SegmentedRaftLogWorker (SegmentedRaftLogWorker.java:execute(569)) - 8fb4cdab-c625-4313-be02-bfab5deacb6d@group-1A960CC3F4D5-SegmentedRaftLogWorker: created new log segment /workdir/hadoop-ozone/integration-test/target/test-dir/MiniOzoneClusterImpl-dc27b903-0525-47ea-8b09-60b958b4e498/datanode-0/data/ratis/f4fdfc1b-1de9-4678-aaeb-1a960cc3f4d5/current/log_inprogress_0
2019-09-23 17:22:25,736 [16da575b-49d8-417e-9508-80525cac3dd0@group-DFD92C933887:LeaderElection114] INFO  impl.LeaderElection (LeaderElection.java:askForVotes(182)) - 16da575b-49d8-417e-9508-80525cac3dd0@group-DFD92C933887:LeaderElection114: begin an election at term 1 for -1: [16da575b-49d8-417e-9508-80525cac3dd0:192.168.34.14:45728], old=null
2019-09-23 17:22:25,736 [pool-559-thread-1] INFO  server.RaftServerConfigKeys (ConfUtils.java:logGet(43)) - raft.server.rpc.timeout.min = 1s (custom)
2019-09-23 17:22:25,736 [16da575b-49d8-417e-9508-80525cac3dd0@group-DFD92C933887:LeaderElection114] INFO  impl.RoleInfo (RoleInfo.java:shutdownLeaderElection(134)) - 16da575b-49d8-417e-9508-80525cac3dd0: shutdown LeaderElection
2019-09-23 17:22:25,736 [pool-539-thread-1] INFO  impl.RaftServerImpl (RaftServerImpl.java:<init>(95)) - 75ab0a4d-5206-4350-91b3-4197023479e2: new RaftServerImpl for group-E9C4DD6AFD65:[dee4c762-71db-4d64-ab47-681bb437fd07:192.168.34.14:36188, 75ab0a4d-5206-4350-91b3-4197023479e2:192.168.34.14:43851, cf9188cb-18f1-4c06-b3bb-d2975ec16a95:192.168.34.14:35549] with ContainerStateMachine:uninitialized
2019-09-23 17:22:25,736 [pool-559-thread-1] INFO  server.RaftServerConfigKeys (ConfUtils.java:logGet(43)) - raft.server.rpc.timeout.max = 1200ms (custom)
2019-09-23 17:22:25,736 [pool-539-thread-1] INFO  server.RaftServerConfigKeys (ConfUtils.java:logGet(43)) - raft.server.rpc.timeout.min = 1s (custom)
2019-09-23 17:22:25,736 [16da575b-49d8-417e-9508-80525cac3dd0@group-DFD92C933887:LeaderElection114] INFO  impl.RaftServerImpl (RaftServerImpl.java:setRole(174)) - 16da575b-49d8-417e-9508-80525cac3dd0@group-DFD92C933887: changes role from CANDIDATE to LEADER at term 1 for changeToLeader
2019-09-23 17:22:25,736 [pool-539-thread-1] INFO  server.RaftServerConfigKeys (ConfUtils.java:logGet(43)) - raft.server.rpc.timeout.max = 1200ms (custom)
2019-09-23 17:22:25,737 [pool-539-thread-1] INFO  server.RaftServerConfigKeys (ConfUtils.java:logGet(43)) - raft.server.rpcslowness.timeout = 120s (custom)
2019-09-23 17:22:25,736 [pool-559-thread-1] INFO  server.RaftServerConfigKeys (ConfUtils.java:logGet(43)) - raft.server.rpcslowness.timeout = 120s (custom)
2019-09-23 17:22:25,737 [pool-539-thread-1] INFO  server.RaftServerConfigKeys (ConfUtils.java:logGet(43)) - raft.server.sleep.deviation.threshold = 300 (default)
2019-09-23 17:22:25,736 [16da575b-49d8-417e-9508-80525cac3dd0@group-DFD92C933887:LeaderElection114] INFO  impl.RaftServerImpl (ServerState.java:setLeader(253)) - 16da575b-49d8-417e-9508-80525cac3dd0@group-DFD92C933887: change Leader from null to 16da575b-49d8-417e-9508-80525cac3dd0 at term 1 for becomeLeader, leader elected after 1161ms
2019-09-23 17:22:25,737 [pool-539-thread-1] INFO  server.RaftServerConfigKeys (ConfUtils.java:logGet(43)) - raft.server.log.appender.install.snapshot.enabled = false (custom)
2019-09-23 17:22:25,737 [pool-549-thread-1] INFO  impl.RaftServerImpl (RaftServerImpl.java:<init>(95)) - cf9188cb-18f1-4c06-b3bb-d2975ec16a95: new RaftServerImpl for group-E9C4DD6AFD65:[dee4c762-71db-4d64-ab47-681bb437fd07:192.168.34.14:36188, 75ab0a4d-5206-4350-91b3-4197023479e2:192.168.34.14:43851, cf9188cb-18f1-4c06-b3bb-d2975ec16a95:192.168.34.14:35549] with ContainerStateMachine:uninitialized
2019-09-23 17:22:25,737 [pool-559-thread-1] INFO  server.RaftServerConfigKeys (ConfUtils.java:logGet(43)) - raft.server.sleep.deviation.threshold = 300 (default)
2019-09-23 17:22:25,737 [pool-549-thread-1] INFO  server.RaftServerConfigKeys (ConfUtils.java:logGet(43)) - raft.server.rpc.timeout.min = 1s (custom)
2019-09-23 17:22:25,737 [pool-539-thread-1] INFO  impl.RaftServerImpl (ServerState.java:<init>(103)) - 75ab0a4d-5206-4350-91b3-4197023479e2@group-E9C4DD6AFD65: ConfigurationManager, init=-1: [dee4c762-71db-4d64-ab47-681bb437fd07:192.168.34.14:36188, 75ab0a4d-5206-4350-91b3-4197023479e2:192.168.34.14:43851, cf9188cb-18f1-4c06-b3bb-d2975ec16a95:192.168.34.14:35549], old=null, confs=<EMPTY_MAP>
2019-09-23 17:22:25,737 [16da575b-49d8-417e-9508-80525cac3dd0@group-DFD92C933887:LeaderElection114] INFO  server.RaftServerConfigKeys (ConfUtils.java:logGet(43)) - raft.server.staging.catchup.gap = 1000 (default)
2019-09-23 17:22:25,738 [pool-539-thread-1] INFO  server.RaftServerConfigKeys (ConfUtils.java:logGet(43)) - raft.server.storage.dir = [/workdir/hadoop-ozone/integration-test/target/test-dir/MiniOzoneClusterImpl-dc27b903-0525-47ea-8b09-60b958b4e498/datanode-3/data/ratis] (custom)
2019-09-23 17:22:25,737 [pool-549-thread-1] INFO  server.RaftServerConfigKeys (ConfUtils.java:logGet(43)) - raft.server.rpc.timeout.max = 1200ms (custom)
2019-09-23 17:22:25,738 [pool-549-thread-1] INFO  server.RaftServerConfigKeys (ConfUtils.java:logGet(43)) - raft.server.rpcslowness.timeout = 120s (custom)
2019-09-23 17:22:25,737 [pool-559-thread-1] INFO  server.RaftServerConfigKeys (ConfUtils.java:logGet(43)) - raft.server.log.appender.install.snapshot.enabled = false (custom)
2019-09-23 17:22:25,738 [pool-549-thread-1] INFO  server.RaftServerConfigKeys (ConfUtils.java:logGet(43)) - raft.server.sleep.deviation.threshold = 300 (default)
2019-09-23 17:22:25,738 [pool-539-thread-1] INFO  storage.RaftStorageDirectory (RaftStorageDirectory.java:analyzeStorage(246)) - The storage directory /workdir/hadoop-ozone/integration-test/target/test-dir/MiniOzoneClusterImpl-dc27b903-0525-47ea-8b09-60b958b4e498/datanode-3/data/ratis/4e06c42d-f4b9-4fdd-a2b3-e9c4dd6afd65 does not exist. Creating ...
2019-09-23 17:22:25,738 [16da575b-49d8-417e-9508-80525cac3dd0@group-DFD92C933887:LeaderElection114] INFO  server.RaftServerConfigKeys (ConfUtils.java:logGet(43)) - raft.server.rpc.sleep.time = 25ms (default)
2019-09-23 17:22:25,738 [pool-549-thread-1] INFO  server.RaftServerConfigKeys (ConfUtils.java:logGet(43)) - raft.server.log.appender.install.snapshot.enabled = false (custom)
2019-09-23 17:22:25,738 [pool-559-thread-1] INFO  impl.RaftServerImpl (ServerState.java:<init>(103)) - dee4c762-71db-4d64-ab47-681bb437fd07@group-E9C4DD6AFD65: ConfigurationManager, init=-1: [dee4c762-71db-4d64-ab47-681bb437fd07:192.168.34.14:36188, 75ab0a4d-5206-4350-91b3-4197023479e2:192.168.34.14:43851, cf9188cb-18f1-4c06-b3bb-d2975ec16a95:192.168.34.14:35549], old=null, confs=<EMPTY_MAP>
2019-09-23 17:22:25,739 [pool-549-thread-1] INFO  impl.RaftServerImpl (ServerState.java:<init>(103)) - cf9188cb-18f1-4c06-b3bb-d2975ec16a95@group-E9C4DD6AFD65: ConfigurationManager, init=-1: [dee4c762-71db-4d64-ab47-681bb437fd07:192.168.34.14:36188, 75ab0a4d-5206-4350-91b3-4197023479e2:192.168.34.14:43851, cf9188cb-18f1-4c06-b3bb-d2975ec16a95:192.168.34.14:35549], old=null, confs=<EMPTY_MAP>
2019-09-23 17:22:25,739 [16da575b-49d8-417e-9508-80525cac3dd0@group-DFD92C933887:LeaderElection114] INFO  server.RaftServerConfigKeys (ConfUtils.java:logGet(43)) - raft.server.write.element-limit = 4096 (default)
2019-09-23 17:22:25,739 [pool-549-thread-1] INFO  server.RaftServerConfigKeys (ConfUtils.java:logGet(43)) - raft.server.storage.dir = [/workdir/hadoop-ozone/integration-test/target/test-dir/MiniOzoneClusterImpl-dc27b903-0525-47ea-8b09-60b958b4e498/datanode-4/data/ratis] (custom)
2019-09-23 17:22:25,739 [pool-559-thread-1] INFO  server.RaftServerConfigKeys (ConfUtils.java:logGet(43)) - raft.server.storage.dir = [/workdir/hadoop-ozone/integration-test/target/test-dir/MiniOzoneClusterImpl-dc27b903-0525-47ea-8b09-60b958b4e498/datanode-5/data/ratis] (custom)
2019-09-23 17:22:25,739 [16da575b-49d8-417e-9508-80525cac3dd0@group-DFD92C933887:LeaderElection114] INFO  server.RaftServerConfigKeys (ConfUtils.java:logGet(43)) - raft.server.watch.timeout = 10s (default)
2019-09-23 17:22:25,739 [16da575b-49d8-417e-9508-80525cac3dd0@group-DFD92C933887:LeaderElection114] INFO  server.RaftServerConfigKeys (ConfUtils.java:logGet(43)) - raft.server.watch.timeout.denomination = 1s (default)
2019-09-23 17:22:25,739 [pool-559-thread-1] INFO  storage.RaftStorageDirectory (RaftStorageDirectory.java:analyzeStorage(246)) - The storage directory /workdir/hadoop-ozone/integration-test/target/test-dir/MiniOzoneClusterImpl-dc27b903-0525-47ea-8b09-60b958b4e498/datanode-5/data/ratis/4e06c42d-f4b9-4fdd-a2b3-e9c4dd6afd65 does not exist. Creating ...
2019-09-23 17:22:25,739 [pool-549-thread-1] INFO  storage.RaftStorageDirectory (RaftStorageDirectory.java:analyzeStorage(246)) - The storage directory /workdir/hadoop-ozone/integration-test/target/test-dir/MiniOzoneClusterImpl-dc27b903-0525-47ea-8b09-60b958b4e498/datanode-4/data/ratis/4e06c42d-f4b9-4fdd-a2b3-e9c4dd6afd65 does not exist. Creating ...
2019-09-23 17:22:25,739 [16da575b-49d8-417e-9508-80525cac3dd0@group-DFD92C933887:LeaderElection114] INFO  server.RaftServerConfigKeys (ConfUtils.java:logGet(43)) - raft.server.watch.element-limit = 65536 (default)
2019-09-23 17:22:25,741 [16da575b-49d8-417e-9508-80525cac3dd0@group-DFD92C933887:LeaderElection114] INFO  impl.RoleInfo (RoleInfo.java:updateAndGet(143)) - 16da575b-49d8-417e-9508-80525cac3dd0: start LeaderState
2019-09-23 17:22:25,741 [16da575b-49d8-417e-9508-80525cac3dd0@group-DFD92C933887:LeaderElection114] INFO  segmented.SegmentedRaftLogWorker (SegmentedRaftLogWorker.java:startLogSegment(380)) - 16da575b-49d8-417e-9508-80525cac3dd0@group-DFD92C933887-SegmentedRaftLogWorker: Starting segment from index:0
2019-09-23 17:22:25,741 [16da575b-49d8-417e-9508-80525cac3dd0@group-DFD92C933887:LeaderElection114] INFO  impl.RaftServerImpl (ServerState.java:setRaftConf(354)) - 16da575b-49d8-417e-9508-80525cac3dd0@group-DFD92C933887: set configuration 0: [16da575b-49d8-417e-9508-80525cac3dd0:192.168.34.14:45728], old=null at 0
2019-09-23 17:22:25,768 [Thread-3372] INFO  impl.FollowerState (FollowerState.java:run(106)) - 75ab0a4d-5206-4350-91b3-4197023479e2:group-E5637EE0DA62 changes to CANDIDATE, lastRpcTime:1075, electionTimeout:1072ms
2019-09-23 17:22:25,768 [Thread-3375] INFO  impl.FollowerState (FollowerState.java:run(106)) - cf9188cb-18f1-4c06-b3bb-d2975ec16a95:group-5519F44A3E4A changes to CANDIDATE, lastRpcTime:1018, electionTimeout:1012ms
2019-09-23 17:22:25,768 [Thread-3372] INFO  impl.RoleInfo (RoleInfo.java:shutdownFollowerState(121)) - 75ab0a4d-5206-4350-91b3-4197023479e2: shutdown FollowerState
2019-09-23 17:22:25,768 [Thread-3375] INFO  impl.RoleInfo (RoleInfo.java:shutdownFollowerState(121)) - cf9188cb-18f1-4c06-b3bb-d2975ec16a95: shutdown FollowerState
2019-09-23 17:22:25,768 [pool-559-thread-1] INFO  storage.RaftStorageDirectory (RaftStorageDirectory.java:tryLock(328)) - Lock on /workdir/hadoop-ozone/integration-test/target/test-dir/MiniOzoneClusterImpl-dc27b903-0525-47ea-8b09-60b958b4e498/datanode-5/data/ratis/4e06c42d-f4b9-4fdd-a2b3-e9c4dd6afd65/in_use.lock acquired by nodename 22073@pr-hdds-2167-q77kb-1598226581
2019-09-23 17:22:25,768 [pool-549-thread-1] INFO  storage.RaftStorageDirectory (RaftStorageDirectory.java:tryLock(328)) - Lock on /workdir/hadoop-ozone/integration-test/target/test-dir/MiniOzoneClusterImpl-dc27b903-0525-47ea-8b09-60b958b4e498/datanode-4/data/ratis/4e06c42d-f4b9-4fdd-a2b3-e9c4dd6afd65/in_use.lock acquired by nodename 22073@pr-hdds-2167-q77kb-1598226581
2019-09-23 17:22:25,768 [pool-539-thread-1] INFO  storage.RaftStorageDirectory (RaftStorageDirectory.java:tryLock(328)) - Lock on /workdir/hadoop-ozone/integration-test/target/test-dir/MiniOzoneClusterImpl-dc27b903-0525-47ea-8b09-60b958b4e498/datanode-3/data/ratis/4e06c42d-f4b9-4fdd-a2b3-e9c4dd6afd65/in_use.lock acquired by nodename 22073@pr-hdds-2167-q77kb-1598226581
2019-09-23 17:22:25,768 [Thread-3375] INFO  impl.RaftServerImpl (RaftServerImpl.java:setRole(174)) - cf9188cb-18f1-4c06-b3bb-d2975ec16a95@group-5519F44A3E4A: changes role from  FOLLOWER to CANDIDATE at term 0 for changeToCandidate
2019-09-23 17:22:25,768 [Thread-3372] INFO  impl.RaftServerImpl (RaftServerImpl.java:setRole(174)) - 75ab0a4d-5206-4350-91b3-4197023479e2@group-E5637EE0DA62: changes role from  FOLLOWER to CANDIDATE at term 0 for changeToCandidate
2019-09-23 17:22:25,769 [Thread-3375] INFO  impl.RoleInfo (RoleInfo.java:updateAndGet(143)) - cf9188cb-18f1-4c06-b3bb-d2975ec16a95: start LeaderElection
2019-09-23 17:22:25,769 [Thread-3372] INFO  impl.RoleInfo (RoleInfo.java:updateAndGet(143)) - 75ab0a4d-5206-4350-91b3-4197023479e2: start LeaderElection
2019-09-23 17:22:25,829 [16da575b-49d8-417e-9508-80525cac3dd0@group-DFD92C933887-SegmentedRaftLogWorker] INFO  segmented.SegmentedRaftLogWorker (SegmentedRaftLogWorker.java:execute(569)) - 16da575b-49d8-417e-9508-80525cac3dd0@group-DFD92C933887-SegmentedRaftLogWorker: created new log segment /workdir/hadoop-ozone/integration-test/target/test-dir/MiniOzoneClusterImpl-dc27b903-0525-47ea-8b09-60b958b4e498/datanode-1/data/ratis/99710a9f-2ddf-40f7-8641-dfd92c933887/current/log_inprogress_0
2019-09-23 17:22:25,829 [pool-539-thread-1] INFO  storage.RaftStorage (RaftStorage.java:format(72)) - Storage directory /workdir/hadoop-ozone/integration-test/target/test-dir/MiniOzoneClusterImpl-dc27b903-0525-47ea-8b09-60b958b4e498/datanode-3/data/ratis/4e06c42d-f4b9-4fdd-a2b3-e9c4dd6afd65 has been successfully formatted.
2019-09-23 17:22:25,829 [75ab0a4d-5206-4350-91b3-4197023479e2@group-E5637EE0DA62:LeaderElection116] INFO  impl.LeaderElection (LeaderElection.java:askForVotes(182)) - 75ab0a4d-5206-4350-91b3-4197023479e2@group-E5637EE0DA62:LeaderElection116: begin an election at term 1 for -1: [75ab0a4d-5206-4350-91b3-4197023479e2:192.168.34.14:43851], old=null
2019-09-23 17:22:25,829 [cf9188cb-18f1-4c06-b3bb-d2975ec16a95@group-5519F44A3E4A:LeaderElection115] INFO  impl.LeaderElection (LeaderElection.java:askForVotes(182)) - cf9188cb-18f1-4c06-b3bb-d2975ec16a95@group-5519F44A3E4A:LeaderElection115: begin an election at term 1 for -1: [cf9188cb-18f1-4c06-b3bb-d2975ec16a95:192.168.34.14:35549], old=null
2019-09-23 17:22:25,829 [pool-549-thread-1] INFO  storage.RaftStorage (RaftStorage.java:format(72)) - Storage directory /workdir/hadoop-ozone/integration-test/target/test-dir/MiniOzoneClusterImpl-dc27b903-0525-47ea-8b09-60b958b4e498/datanode-4/data/ratis/4e06c42d-f4b9-4fdd-a2b3-e9c4dd6afd65 has been successfully formatted.
2019-09-23 17:22:25,829 [pool-559-thread-1] INFO  storage.RaftStorage (RaftStorage.java:format(72)) - Storage directory /workdir/hadoop-ozone/integration-test/target/test-dir/MiniOzoneClusterImpl-dc27b903-0525-47ea-8b09-60b958b4e498/datanode-5/data/ratis/4e06c42d-f4b9-4fdd-a2b3-e9c4dd6afd65 has been successfully formatted.
2019-09-23 17:22:25,830 [cf9188cb-18f1-4c06-b3bb-d2975ec16a95@group-5519F44A3E4A:LeaderElection115] INFO  impl.RoleInfo (RoleInfo.java:shutdownLeaderElection(134)) - cf9188cb-18f1-4c06-b3bb-d2975ec16a95: shutdown LeaderElection
2019-09-23 17:22:25,829 [75ab0a4d-5206-4350-91b3-4197023479e2@group-E5637EE0DA62:LeaderElection116] INFO  impl.RoleInfo (RoleInfo.java:shutdownLeaderElection(134)) - 75ab0a4d-5206-4350-91b3-4197023479e2: shutdown LeaderElection
2019-09-23 17:22:25,829 [pool-539-thread-1] INFO  ratis.ContainerStateMachine (ContainerStateMachine.java:loadSnapshot(230)) - group-E9C4DD6AFD65: The snapshot info is null. Setting the last applied indexto:(t:0, i:~)
2019-09-23 17:22:25,830 [75ab0a4d-5206-4350-91b3-4197023479e2@group-E5637EE0DA62:LeaderElection116] INFO  impl.RaftServerImpl (RaftServerImpl.java:setRole(174)) - 75ab0a4d-5206-4350-91b3-4197023479e2@group-E5637EE0DA62: changes role from CANDIDATE to LEADER at term 1 for changeToLeader
2019-09-23 17:22:25,830 [cf9188cb-18f1-4c06-b3bb-d2975ec16a95@group-5519F44A3E4A:LeaderElection115] INFO  impl.RaftServerImpl (RaftServerImpl.java:setRole(174)) - cf9188cb-18f1-4c06-b3bb-d2975ec16a95@group-5519F44A3E4A: changes role from CANDIDATE to LEADER at term 1 for changeToLeader
2019-09-23 17:22:25,830 [pool-559-thread-1] INFO  ratis.ContainerStateMachine (ContainerStateMachine.java:loadSnapshot(230)) - group-E9C4DD6AFD65: The snapshot info is null. Setting the last applied indexto:(t:0, i:~)
2019-09-23 17:22:25,830 [pool-549-thread-1] INFO  ratis.ContainerStateMachine (ContainerStateMachine.java:loadSnapshot(230)) - group-E9C4DD6AFD65: The snapshot info is null. Setting the last applied indexto:(t:0, i:~)
2019-09-23 17:22:25,831 [pool-559-thread-1] INFO  server.RaftServerConfigKeys (ConfUtils.java:logGet(43)) - raft.server.notification.no-leader.timeout = 120s (custom)
2019-09-23 17:22:25,831 [cf9188cb-18f1-4c06-b3bb-d2975ec16a95@group-5519F44A3E4A:LeaderElection115] INFO  impl.RaftServerImpl (ServerState.java:setLeader(253)) - cf9188cb-18f1-4c06-b3bb-d2975ec16a95@group-5519F44A3E4A: change Leader from null to cf9188cb-18f1-4c06-b3bb-d2975ec16a95 at term 1 for becomeLeader, leader elected after 1086ms
2019-09-23 17:22:25,830 [75ab0a4d-5206-4350-91b3-4197023479e2@group-E5637EE0DA62:LeaderElection116] INFO  impl.RaftServerImpl (ServerState.java:setLeader(253)) - 75ab0a4d-5206-4350-91b3-4197023479e2@group-E5637EE0DA62: change Leader from null to 75ab0a4d-5206-4350-91b3-4197023479e2 at term 1 for becomeLeader, leader elected after 1146ms
2019-09-23 17:22:25,830 [pool-539-thread-1] INFO  server.RaftServerConfigKeys (ConfUtils.java:logGet(43)) - raft.server.notification.no-leader.timeout = 120s (custom)
2019-09-23 17:22:25,831 [75ab0a4d-5206-4350-91b3-4197023479e2@group-E5637EE0DA62:LeaderElection116] INFO  server.RaftServerConfigKeys (ConfUtils.java:logGet(43)) - raft.server.staging.catchup.gap = 1000 (default)
2019-09-23 17:22:25,831 [cf9188cb-18f1-4c06-b3bb-d2975ec16a95@group-5519F44A3E4A:LeaderElection115] INFO  server.RaftServerConfigKeys (ConfUtils.java:logGet(43)) - raft.server.staging.catchup.gap = 1000 (default)
2019-09-23 17:22:25,831 [pool-559-thread-1] INFO  server.RaftServerConfigKeys (ConfUtils.java:logGet(43)) - raft.server.log.use.memory = false (default)
2019-09-23 17:22:25,831 [pool-549-thread-1] INFO  server.RaftServerConfigKeys (ConfUtils.java:logGet(43)) - raft.server.notification.no-leader.timeout = 120s (custom)
2019-09-23 17:22:25,832 [pool-559-thread-1] INFO  server.RaftServerConfigKeys (ConfUtils.java:logGet(43)) - raft.server.log.purge.gap = 1000000 (custom)
2019-09-23 17:22:25,832 [cf9188cb-18f1-4c06-b3bb-d2975ec16a95@group-5519F44A3E4A:LeaderElection115] INFO  server.RaftServerConfigKeys (ConfUtils.java:logGet(43)) - raft.server.rpc.sleep.time = 25ms (default)
2019-09-23 17:22:25,831 [75ab0a4d-5206-4350-91b3-4197023479e2@group-E5637EE0DA62:LeaderElection116] INFO  server.RaftServerConfigKeys (ConfUtils.java:logGet(43)) - raft.server.rpc.sleep.time = 25ms (default)
2019-09-23 17:22:25,831 [pool-539-thread-1] INFO  server.RaftServerConfigKeys (ConfUtils.java:logGet(43)) - raft.server.log.use.memory = false (default)
2019-09-23 17:22:25,833 [75ab0a4d-5206-4350-91b3-4197023479e2@group-E5637EE0DA62:LeaderElection116] INFO  server.RaftServerConfigKeys (ConfUtils.java:logGet(43)) - raft.server.write.element-limit = 4096 (default)
2019-09-23 17:22:25,832 [cf9188cb-18f1-4c06-b3bb-d2975ec16a95@group-5519F44A3E4A:LeaderElection115] INFO  server.RaftServerConfigKeys (ConfUtils.java:logGet(43)) - raft.server.write.element-limit = 4096 (default)
2019-09-23 17:22:25,832 [pool-559-thread-1] INFO  server.RaftServerConfigKeys (ConfUtils.java:logGet(43)) - raft.server.log.appender.buffer.byte-limit = 33554432 (custom)
2019-09-23 17:22:25,832 [pool-549-thread-1] INFO  server.RaftServerConfigKeys (ConfUtils.java:logGet(43)) - raft.server.log.use.memory = false (default)
2019-09-23 17:22:25,833 [pool-559-thread-1] INFO  server.RaftServerConfigKeys (ConfUtils.java:logGet(43)) - raft.server.log.segment.size.max = 1048576 (custom)
2019-09-23 17:22:25,833 [cf9188cb-18f1-4c06-b3bb-d2975ec16a95@group-5519F44A3E4A:LeaderElection115] INFO  server.RaftServerConfigKeys (ConfUtils.java:logGet(43)) - raft.server.watch.timeout = 10s (default)
2019-09-23 17:22:25,834 [cf9188cb-18f1-4c06-b3bb-d2975ec16a95@group-5519F44A3E4A:LeaderElection115] INFO  server.RaftServerConfigKeys (ConfUtils.java:logGet(43)) - raft.server.watch.timeout.denomination = 1s (default)
2019-09-23 17:22:25,833 [75ab0a4d-5206-4350-91b3-4197023479e2@group-E5637EE0DA62:LeaderElection116] INFO  server.RaftServerConfigKeys (ConfUtils.java:logGet(43)) - raft.server.watch.timeout = 10s (default)
2019-09-23 17:22:25,833 [pool-539-thread-1] INFO  server.RaftServerConfigKeys (ConfUtils.java:logGet(43)) - raft.server.log.purge.gap = 1000000 (custom)
2019-09-23 17:22:25,834 [75ab0a4d-5206-4350-91b3-4197023479e2@group-E5637EE0DA62:LeaderElection116] INFO  server.RaftServerConfigKeys (ConfUtils.java:logGet(43)) - raft.server.watch.timeout.denomination = 1s (default)
2019-09-23 17:22:25,834 [cf9188cb-18f1-4c06-b3bb-d2975ec16a95@group-5519F44A3E4A:LeaderElection115] INFO  server.RaftServerConfigKeys (ConfUtils.java:logGet(43)) - raft.server.watch.element-limit = 65536 (default)
2019-09-23 17:22:25,833 [pool-559-thread-1] INFO  server.RaftServerConfigKeys (ConfUtils.java:logGet(43)) - raft.server.log.segment.cache.num.max = 2 (custom)
2019-09-23 17:22:25,835 [pool-559-thread-1] INFO  segmented.SegmentedRaftLogWorker (SegmentedRaftLogWorker.java:<init>(172)) - new dee4c762-71db-4d64-ab47-681bb437fd07@group-E9C4DD6AFD65-SegmentedRaftLogWorker for RaftStorage:Storage Directory /workdir/hadoop-ozone/integration-test/target/test-dir/MiniOzoneClusterImpl-dc27b903-0525-47ea-8b09-60b958b4e498/datanode-5/data/ratis/4e06c42d-f4b9-4fdd-a2b3-e9c4dd6afd65
2019-09-23 17:22:25,833 [pool-549-thread-1] INFO  server.RaftServerConfigKeys (ConfUtils.java:logGet(43)) - raft.server.log.purge.gap = 1000000 (custom)
2019-09-23 17:22:25,835 [pool-559-thread-1] INFO  server.RaftServerConfigKeys (ConfUtils.java:logGet(43)) - raft.server.log.queue.byte-limit = 2147483647 (custom)
2019-09-23 17:22:25,834 [75ab0a4d-5206-4350-91b3-4197023479e2@group-E5637EE0DA62:LeaderElection116] INFO  server.RaftServerConfigKeys (ConfUtils.java:logGet(43)) - raft.server.watch.element-limit = 65536 (default)
2019-09-23 17:22:25,834 [pool-539-thread-1] INFO  server.RaftServerConfigKeys (ConfUtils.java:logGet(43)) - raft.server.log.appender.buffer.byte-limit = 33554432 (custom)
2019-09-23 17:22:25,835 [pool-559-thread-1] INFO  server.RaftServerConfigKeys (ConfUtils.java:logGet(43)) - raft.server.log.queue.element-limit = 1024 (custom)
2019-09-23 17:22:25,835 [pool-549-thread-1] INFO  server.RaftServerConfigKeys (ConfUtils.java:logGet(43)) - raft.server.log.appender.buffer.byte-limit = 33554432 (custom)
2019-09-23 17:22:25,836 [pool-559-thread-1] INFO  server.RaftServerConfigKeys (ConfUtils.java:logGet(43)) - raft.server.log.segment.size.max = 1048576 (custom)
2019-09-23 17:22:25,835 [pool-539-thread-1] INFO  server.RaftServerConfigKeys (ConfUtils.java:logGet(43)) - raft.server.log.segment.size.max = 1048576 (custom)
2019-09-23 17:22:25,836 [pool-559-thread-1] INFO  server.RaftServerConfigKeys (ConfUtils.java:logGet(43)) - raft.server.log.preallocated.size = 16384 (custom)
2019-09-23 17:22:25,836 [pool-549-thread-1] INFO  server.RaftServerConfigKeys (ConfUtils.java:logGet(43)) - raft.server.log.segment.size.max = 1048576 (custom)
2019-09-23 17:22:25,836 [pool-559-thread-1] INFO  server.RaftServerConfigKeys (ConfUtils.java:logGet(43)) - raft.server.log.write.buffer.size = 33554432 (custom)
2019-09-23 17:22:25,836 [pool-559-thread-1] INFO  server.RaftServerConfigKeys (ConfUtils.java:logGet(43)) - raft.server.log.force.sync.num = 128 (default)
2019-09-23 17:22:25,836 [pool-539-thread-1] INFO  server.RaftServerConfigKeys (ConfUtils.java:logGet(43)) - raft.server.log.segment.cache.num.max = 2 (custom)
2019-09-23 17:22:25,837 [pool-559-thread-1] INFO  server.RaftServerConfigKeys (ConfUtils.java:logGet(43)) - raft.server.log.statemachine.data.sync = true (default)
2019-09-23 17:22:25,836 [pool-549-thread-1] INFO  server.RaftServerConfigKeys (ConfUtils.java:logGet(43)) - raft.server.log.segment.cache.num.max = 2 (custom)
2019-09-23 17:22:25,837 [pool-559-thread-1] INFO  server.RaftServerConfigKeys (ConfUtils.java:logGet(43)) - raft.server.log.statemachine.data.sync.timeout = 10s (default)
2019-09-23 17:22:25,837 [pool-539-thread-1] INFO  segmented.SegmentedRaftLogWorker (SegmentedRaftLogWorker.java:<init>(172)) - new 75ab0a4d-5206-4350-91b3-4197023479e2@group-E9C4DD6AFD65-SegmentedRaftLogWorker for RaftStorage:Storage Directory /workdir/hadoop-ozone/integration-test/target/test-dir/MiniOzoneClusterImpl-dc27b903-0525-47ea-8b09-60b958b4e498/datanode-3/data/ratis/4e06c42d-f4b9-4fdd-a2b3-e9c4dd6afd65
2019-09-23 17:22:25,837 [pool-559-thread-1] INFO  server.RaftServerConfigKeys (ConfUtils.java:logGet(43)) - raft.server.log.statemachine.data.sync.timeout.retry = -1 (default)
2019-09-23 17:22:25,837 [pool-549-thread-1] INFO  segmented.SegmentedRaftLogWorker (SegmentedRaftLogWorker.java:<init>(172)) - new cf9188cb-18f1-4c06-b3bb-d2975ec16a95@group-E9C4DD6AFD65-SegmentedRaftLogWorker for RaftStorage:Storage Directory /workdir/hadoop-ozone/integration-test/target/test-dir/MiniOzoneClusterImpl-dc27b903-0525-47ea-8b09-60b958b4e498/datanode-4/data/ratis/4e06c42d-f4b9-4fdd-a2b3-e9c4dd6afd65
2019-09-23 17:22:25,837 [pool-559-thread-1] INFO  server.RaftServerConfigKeys (ConfUtils.java:logGet(43)) - raft.server.log.statemachine.data.caching.enabled = true (custom)
2019-09-23 17:22:25,837 [pool-539-thread-1] INFO  server.RaftServerConfigKeys (ConfUtils.java:logGet(43)) - raft.server.log.queue.byte-limit = 2147483647 (custom)
2019-09-23 17:22:25,838 [pool-549-thread-1] INFO  server.RaftServerConfigKeys (ConfUtils.java:logGet(43)) - raft.server.log.queue.byte-limit = 2147483647 (custom)
2019-09-23 17:22:25,838 [cf9188cb-18f1-4c06-b3bb-d2975ec16a95@group-5519F44A3E4A:LeaderElection115] INFO  impl.RoleInfo (RoleInfo.java:updateAndGet(143)) - cf9188cb-18f1-4c06-b3bb-d2975ec16a95: start LeaderState
2019-09-23 17:22:25,838 [pool-559-thread-1] INFO  segmented.SegmentedRaftLogWorker (SegmentedRaftLogWorker.java:lambda$new$0(132)) - dee4c762-71db-4d64-ab47-681bb437fd07@group-E9C4DD6AFD65-SegmentedRaftLogWorker: flushIndex: setUnconditionally 0 -> -1
2019-09-23 17:22:25,838 [pool-539-thread-1] INFO  server.RaftServerConfigKeys (ConfUtils.java:logGet(43)) - raft.server.log.queue.element-limit = 1024 (custom)
2019-09-23 17:22:25,838 [cf9188cb-18f1-4c06-b3bb-d2975ec16a95@group-5519F44A3E4A:LeaderElection115] INFO  segmented.SegmentedRaftLogWorker (SegmentedRaftLogWorker.java:startLogSegment(380)) - cf9188cb-18f1-4c06-b3bb-d2975ec16a95@group-5519F44A3E4A-SegmentedRaftLogWorker: Starting segment from index:0
2019-09-23 17:22:25,838 [75ab0a4d-5206-4350-91b3-4197023479e2@group-E5637EE0DA62:LeaderElection116] INFO  impl.RoleInfo (RoleInfo.java:updateAndGet(143)) - 75ab0a4d-5206-4350-91b3-4197023479e2: start LeaderState
2019-09-23 17:22:25,838 [pool-549-thread-1] INFO  server.RaftServerConfigKeys (ConfUtils.java:logGet(43)) - raft.server.log.queue.element-limit = 1024 (custom)
2019-09-23 17:22:25,839 [cf9188cb-18f1-4c06-b3bb-d2975ec16a95@group-5519F44A3E4A:LeaderElection115] INFO  impl.RaftServerImpl (ServerState.java:setRaftConf(354)) - cf9188cb-18f1-4c06-b3bb-d2975ec16a95@group-5519F44A3E4A: set configuration 0: [cf9188cb-18f1-4c06-b3bb-d2975ec16a95:192.168.34.14:35549], old=null at 0
2019-09-23 17:22:25,839 [75ab0a4d-5206-4350-91b3-4197023479e2@group-E5637EE0DA62:LeaderElection116] INFO  segmented.SegmentedRaftLogWorker (SegmentedRaftLogWorker.java:startLogSegment(380)) - 75ab0a4d-5206-4350-91b3-4197023479e2@group-E5637EE0DA62-SegmentedRaftLogWorker: Starting segment from index:0
2019-09-23 17:22:25,839 [pool-559-thread-1] INFO  server.RaftServerConfigKeys (ConfUtils.java:logGet(43)) - raft.server.snapshot.auto.trigger.enabled = true (custom)
2019-09-23 17:22:25,839 [pool-539-thread-1] INFO  server.RaftServerConfigKeys (ConfUtils.java:logGet(43)) - raft.server.log.segment.size.max = 1048576 (custom)
2019-09-23 17:22:25,865 [75ab0a4d-5206-4350-91b3-4197023479e2@group-E5637EE0DA62:LeaderElection116] INFO  impl.RaftServerImpl (ServerState.java:setRaftConf(354)) - 75ab0a4d-5206-4350-91b3-4197023479e2@group-E5637EE0DA62: set configuration 0: [75ab0a4d-5206-4350-91b3-4197023479e2:192.168.34.14:43851], old=null at 0
2019-09-23 17:22:25,865 [pool-559-thread-1] INFO  server.RaftServerConfigKeys (ConfUtils.java:logGet(43)) - raft.server.snapshot.auto.trigger.threshold = 10000 (custom)
2019-09-23 17:22:25,839 [pool-549-thread-1] INFO  server.RaftServerConfigKeys (ConfUtils.java:logGet(43)) - raft.server.log.segment.size.max = 1048576 (custom)
2019-09-23 17:22:25,868 [pool-559-thread-1] INFO  server.RaftServerConfigKeys (ConfUtils.java:logGet(43)) - raft.server.snapshot.retention.num.files = 5 (custom)
2019-09-23 17:22:25,865 [pool-539-thread-1] INFO  server.RaftServerConfigKeys (ConfUtils.java:logGet(43)) - raft.server.log.preallocated.size = 16384 (custom)
2019-09-23 17:22:25,868 [pool-559-thread-1] INFO  server.RaftServerConfigKeys (ConfUtils.java:logGet(43)) - raft.server.retrycache.expirytime = 600000ms (custom)
2019-09-23 17:22:25,868 [pool-549-thread-1] INFO  server.RaftServerConfigKeys (ConfUtils.java:logGet(43)) - raft.server.log.preallocated.size = 16384 (custom)
2019-09-23 17:22:25,868 [pool-539-thread-1] INFO  server.RaftServerConfigKeys (ConfUtils.java:logGet(43)) - raft.server.log.write.buffer.size = 33554432 (custom)
2019-09-23 17:22:25,869 [pool-549-thread-1] INFO  server.RaftServerConfigKeys (ConfUtils.java:logGet(43)) - raft.server.log.write.buffer.size = 33554432 (custom)
2019-09-23 17:22:25,869 [pool-539-thread-1] INFO  server.RaftServerConfigKeys (ConfUtils.java:logGet(43)) - raft.server.log.force.sync.num = 128 (default)
2019-09-23 17:22:25,869 [pool-549-thread-1] INFO  server.RaftServerConfigKeys (ConfUtils.java:logGet(43)) - raft.server.log.force.sync.num = 128 (default)
2019-09-23 17:22:25,869 [pool-539-thread-1] INFO  server.RaftServerConfigKeys (ConfUtils.java:logGet(43)) - raft.server.log.statemachine.data.sync = true (default)
2019-09-23 17:22:25,869 [pool-549-thread-1] INFO  server.RaftServerConfigKeys (ConfUtils.java:logGet(43)) - raft.server.log.statemachine.data.sync = true (default)
2019-09-23 17:22:25,869 [main] INFO  ozone.MiniOzoneClusterImpl (MiniOzoneClusterImpl.java:lambda$waitForClusterToBeReady$0(147)) - Cluster is ready. Got 10 of 10 DN Heartbeats.
2019-09-23 17:22:25,869 [pool-539-thread-1] INFO  server.RaftServerConfigKeys (ConfUtils.java:logGet(43)) - raft.server.log.statemachine.data.sync.timeout = 10s (default)
2019-09-23 17:22:25,869 [pool-549-thread-1] INFO  server.RaftServerConfigKeys (ConfUtils.java:logGet(43)) - raft.server.log.statemachine.data.sync.timeout = 10s (default)
2019-09-23 17:22:25,870 [pool-539-thread-1] INFO  server.RaftServerConfigKeys (ConfUtils.java:logGet(43)) - raft.server.log.statemachine.data.sync.timeout.retry = -1 (default)
2019-09-23 17:22:25,870 [pool-549-thread-1] INFO  server.RaftServerConfigKeys (ConfUtils.java:logGet(43)) - raft.server.log.statemachine.data.sync.timeout.retry = -1 (default)
2019-09-23 17:22:25,870 [pool-539-thread-1] INFO  server.RaftServerConfigKeys (ConfUtils.java:logGet(43)) - raft.server.log.statemachine.data.caching.enabled = true (custom)
2019-09-23 17:22:25,870 [pool-549-thread-1] INFO  server.RaftServerConfigKeys (ConfUtils.java:logGet(43)) - raft.server.log.statemachine.data.caching.enabled = true (custom)
2019-09-23 17:22:25,870 [pool-559-thread-1] INFO  impl.RaftServerImpl (RaftServerImpl.java:start(185)) - dee4c762-71db-4d64-ab47-681bb437fd07@group-E9C4DD6AFD65: start as a follower, conf=-1: [dee4c762-71db-4d64-ab47-681bb437fd07:192.168.34.14:36188, 75ab0a4d-5206-4350-91b3-4197023479e2:192.168.34.14:43851, cf9188cb-18f1-4c06-b3bb-d2975ec16a95:192.168.34.14:35549], old=null
2019-09-23 17:22:25,871 [pool-559-thread-1] INFO  impl.RaftServerImpl (RaftServerImpl.java:setRole(174)) - dee4c762-71db-4d64-ab47-681bb437fd07@group-E9C4DD6AFD65: changes role from      null to FOLLOWER at term 0 for startAsFollower
2019-09-23 17:22:25,871 [pool-559-thread-1] INFO  impl.RoleInfo (RoleInfo.java:updateAndGet(143)) - dee4c762-71db-4d64-ab47-681bb437fd07: start FollowerState
2019-09-23 17:22:25,871 [pool-559-thread-1] INFO  util.JmxRegister (JmxRegister.java:tryRegister(44)) - Successfully registered JMX Bean with object name Ratis:service=RaftServer,group=group-E9C4DD6AFD65,id=dee4c762-71db-4d64-ab47-681bb437fd07
2019-09-23 17:22:25,886 [pool-549-thread-1] INFO  segmented.SegmentedRaftLogWorker (SegmentedRaftLogWorker.java:lambda$new$0(132)) - cf9188cb-18f1-4c06-b3bb-d2975ec16a95@group-E9C4DD6AFD65-SegmentedRaftLogWorker: flushIndex: setUnconditionally 0 -> -1
2019-09-23 17:22:25,886 [pool-539-thread-1] INFO  segmented.SegmentedRaftLogWorker (SegmentedRaftLogWorker.java:lambda$new$0(132)) - 75ab0a4d-5206-4350-91b3-4197023479e2@group-E9C4DD6AFD65-SegmentedRaftLogWorker: flushIndex: setUnconditionally 0 -> -1
2019-09-23 17:22:25,886 [pool-549-thread-1] INFO  server.RaftServerConfigKeys (ConfUtils.java:logGet(43)) - raft.server.snapshot.auto.trigger.enabled = true (custom)
2019-09-23 17:22:25,887 [pool-539-thread-1] INFO  server.RaftServerConfigKeys (ConfUtils.java:logGet(43)) - raft.server.snapshot.auto.trigger.enabled = true (custom)
2019-09-23 17:22:25,887 [pool-549-thread-1] INFO  server.RaftServerConfigKeys (ConfUtils.java:logGet(43)) - raft.server.snapshot.auto.trigger.threshold = 10000 (custom)
2019-09-23 17:22:25,887 [pool-539-thread-1] INFO  server.RaftServerConfigKeys (ConfUtils.java:logGet(43)) - raft.server.snapshot.auto.trigger.threshold = 10000 (custom)
2019-09-23 17:22:25,887 [pool-549-thread-1] INFO  server.RaftServerConfigKeys (ConfUtils.java:logGet(43)) - raft.server.snapshot.retention.num.files = 5 (custom)
2019-09-23 17:22:25,926 [Thread-3378] INFO  impl.FollowerState (FollowerState.java:run(106)) - 88a31ab1-6c68-496a-9143-f02147be1aed:group-56827A8D10A3 changes to CANDIDATE, lastRpcTime:1107, electionTimeout:1070ms
2019-09-23 17:22:25,887 [pool-539-thread-1] INFO  server.RaftServerConfigKeys (ConfUtils.java:logGet(43)) - raft.server.snapshot.retention.num.files = 5 (custom)
2019-09-23 17:22:25,943 [Thread-3378] INFO  impl.RoleInfo (RoleInfo.java:shutdownFollowerState(121)) - 88a31ab1-6c68-496a-9143-f02147be1aed: shutdown FollowerState
2019-09-23 17:22:25,943 [pool-549-thread-1] INFO  server.RaftServerConfigKeys (ConfUtils.java:logGet(43)) - raft.server.retrycache.expirytime = 600000ms (custom)
2019-09-23 17:22:25,943 [Thread-3378] INFO  impl.RaftServerImpl (RaftServerImpl.java:setRole(174)) - 88a31ab1-6c68-496a-9143-f02147be1aed@group-56827A8D10A3: changes role from  FOLLOWER to CANDIDATE at term 0 for changeToCandidate
2019-09-23 17:22:25,943 [pool-539-thread-1] INFO  server.RaftServerConfigKeys (ConfUtils.java:logGet(43)) - raft.server.retrycache.expirytime = 600000ms (custom)
2019-09-23 17:22:25,944 [Thread-3378] INFO  impl.RoleInfo (RoleInfo.java:updateAndGet(143)) - 88a31ab1-6c68-496a-9143-f02147be1aed: start LeaderElection
2019-09-23 17:22:25,954 [main] INFO  rpc.RpcClient (RpcClient.java:createVolume(276)) - Creating Volume: datanodefailurehandlingtest, with jenkins1000 as owner.
2019-09-23 17:22:25,954 [pool-549-thread-1] INFO  impl.RaftServerImpl (RaftServerImpl.java:start(185)) - cf9188cb-18f1-4c06-b3bb-d2975ec16a95@group-E9C4DD6AFD65: start as a follower, conf=-1: [dee4c762-71db-4d64-ab47-681bb437fd07:192.168.34.14:36188, 75ab0a4d-5206-4350-91b3-4197023479e2:192.168.34.14:43851, cf9188cb-18f1-4c06-b3bb-d2975ec16a95:192.168.34.14:35549], old=null
2019-09-23 17:22:25,954 [pool-539-thread-1] INFO  impl.RaftServerImpl (RaftServerImpl.java:start(185)) - 75ab0a4d-5206-4350-91b3-4197023479e2@group-E9C4DD6AFD65: start as a follower, conf=-1: [dee4c762-71db-4d64-ab47-681bb437fd07:192.168.34.14:36188, 75ab0a4d-5206-4350-91b3-4197023479e2:192.168.34.14:43851, cf9188cb-18f1-4c06-b3bb-d2975ec16a95:192.168.34.14:35549], old=null
2019-09-23 17:22:25,955 [pool-549-thread-1] INFO  impl.RaftServerImpl (RaftServerImpl.java:setRole(174)) - cf9188cb-18f1-4c06-b3bb-d2975ec16a95@group-E9C4DD6AFD65: changes role from      null to FOLLOWER at term 0 for startAsFollower
2019-09-23 17:22:25,955 [pool-539-thread-1] INFO  impl.RaftServerImpl (RaftServerImpl.java:setRole(174)) - 75ab0a4d-5206-4350-91b3-4197023479e2@group-E9C4DD6AFD65: changes role from      null to FOLLOWER at term 0 for startAsFollower
2019-09-23 17:22:25,955 [pool-549-thread-1] INFO  impl.RoleInfo (RoleInfo.java:updateAndGet(143)) - cf9188cb-18f1-4c06-b3bb-d2975ec16a95: start FollowerState
2019-09-23 17:22:25,955 [pool-539-thread-1] INFO  impl.RoleInfo (RoleInfo.java:updateAndGet(143)) - 75ab0a4d-5206-4350-91b3-4197023479e2: start FollowerState
2019-09-23 17:22:25,956 [pool-549-thread-1] INFO  util.JmxRegister (JmxRegister.java:tryRegister(44)) - Successfully registered JMX Bean with object name Ratis:service=RaftServer,group=group-E9C4DD6AFD65,id=cf9188cb-18f1-4c06-b3bb-d2975ec16a95
2019-09-23 17:22:25,956 [pool-539-thread-1] INFO  util.JmxRegister (JmxRegister.java:tryRegister(44)) - Successfully registered JMX Bean with object name Ratis:service=RaftServer,group=group-E9C4DD6AFD65,id=75ab0a4d-5206-4350-91b3-4197023479e2
2019-09-23 17:22:25,956 [cf9188cb-18f1-4c06-b3bb-d2975ec16a95@group-5519F44A3E4A-SegmentedRaftLogWorker] INFO  segmented.SegmentedRaftLogWorker (SegmentedRaftLogWorker.java:execute(569)) - cf9188cb-18f1-4c06-b3bb-d2975ec16a95@group-5519F44A3E4A-SegmentedRaftLogWorker: created new log segment /workdir/hadoop-ozone/integration-test/target/test-dir/MiniOzoneClusterImpl-dc27b903-0525-47ea-8b09-60b958b4e498/datanode-4/data/ratis/838efe32-306c-47ab-a56a-5519f44a3e4a/current/log_inprogress_0
2019-09-23 17:22:25,958 [RatisPipelineUtilsThread] INFO  pipeline.PipelineStateManager (PipelineStateManager.java:addPipeline(56)) - Created pipeline Pipeline[ Id: 4e06c42d-f4b9-4fdd-a2b3-e9c4dd6afd65, Nodes: 75ab0a4d-5206-4350-91b3-4197023479e2{ip: 192.168.34.14, host: pr-hdds-2167-q77kb-1598226581, networkLocation: /rack1, certSerialId: null}cf9188cb-18f1-4c06-b3bb-d2975ec16a95{ip: 192.168.34.14, host: pr-hdds-2167-q77kb-1598226581, networkLocation: /rack1, certSerialId: null}dee4c762-71db-4d64-ab47-681bb437fd07{ip: 192.168.34.14, host: pr-hdds-2167-q77kb-1598226581, networkLocation: /rack1, certSerialId: null}, Type:RATIS, Factor:THREE, State:OPEN]
2019-09-23 17:22:25,958 [IPC Server handler 1 on 42623] INFO  volume.OMVolumeCreateRequest (OMVolumeCreateRequest.java:validateAndUpdateCache(189)) - created volume:datanodefailurehandlingtest for user:jenkins1000
2019-09-23 17:22:25,981 [75ab0a4d-5206-4350-91b3-4197023479e2@group-E5637EE0DA62-SegmentedRaftLogWorker] INFO  segmented.SegmentedRaftLogWorker (SegmentedRaftLogWorker.java:execute(569)) - 75ab0a4d-5206-4350-91b3-4197023479e2@group-E5637EE0DA62-SegmentedRaftLogWorker: created new log segment /workdir/hadoop-ozone/integration-test/target/test-dir/MiniOzoneClusterImpl-dc27b903-0525-47ea-8b09-60b958b4e498/datanode-3/data/ratis/81ecad9e-e05b-479a-ac56-e5637ee0da62/current/log_inprogress_0
2019-09-23 17:22:25,981 [88a31ab1-6c68-496a-9143-f02147be1aed@group-56827A8D10A3:LeaderElection117] INFO  impl.LeaderElection (LeaderElection.java:askForVotes(182)) - 88a31ab1-6c68-496a-9143-f02147be1aed@group-56827A8D10A3:LeaderElection117: begin an election at term 1 for -1: [88a31ab1-6c68-496a-9143-f02147be1aed:192.168.34.14:38082], old=null
2019-09-23 17:22:25,982 [88a31ab1-6c68-496a-9143-f02147be1aed@group-56827A8D10A3:LeaderElection117] INFO  impl.RoleInfo (RoleInfo.java:shutdownLeaderElection(134)) - 88a31ab1-6c68-496a-9143-f02147be1aed: shutdown LeaderElection
2019-09-23 17:22:25,982 [main] INFO  rpc.RpcClient (RpcClient.java:createBucket(415)) - Creating Bucket: datanodefailurehandlingtest/datanodefailurehandlingtest, with Versioning false and Storage Type set to DISK and Encryption set to false 
2019-09-23 17:22:25,982 [grpc-default-executor-11] INFO  impl.RaftServerProxy (RaftServerProxy.java:addNew(89)) - d72208ce-2069-4651-9293-ddc837bc4e94: addNew group-206EF5DB367B:[8fb4cdab-c625-4313-be02-bfab5deacb6d:192.168.34.14:33986, eaf7fe76-8f02-4367-a540-36f6b5b02da9:192.168.34.14:44815, d72208ce-2069-4651-9293-ddc837bc4e94:192.168.34.14:41565] returns group-206EF5DB367B:java.util.concurrent.CompletableFuture@34d6ee[Not completed]
2019-09-23 17:22:25,982 [88a31ab1-6c68-496a-9143-f02147be1aed@group-56827A8D10A3:LeaderElection117] INFO  impl.RaftServerImpl (RaftServerImpl.java:setRole(174)) - 88a31ab1-6c68-496a-9143-f02147be1aed@group-56827A8D10A3: changes role from CANDIDATE to LEADER at term 1 for changeToLeader
2019-09-23 17:22:25,982 [grpc-default-executor-20] INFO  impl.RaftServerProxy (RaftServerProxy.java:addNew(89)) - 8fb4cdab-c625-4313-be02-bfab5deacb6d: addNew group-206EF5DB367B:[8fb4cdab-c625-4313-be02-bfab5deacb6d:192.168.34.14:33986, eaf7fe76-8f02-4367-a540-36f6b5b02da9:192.168.34.14:44815, d72208ce-2069-4651-9293-ddc837bc4e94:192.168.34.14:41565] returns group-206EF5DB367B:java.util.concurrent.CompletableFuture@7256ec[Not completed]
2019-09-23 17:22:25,982 [grpc-default-executor-11] INFO  impl.RaftServerProxy (RaftServerProxy.java:addNew(89)) - eaf7fe76-8f02-4367-a540-36f6b5b02da9: addNew group-206EF5DB367B:[8fb4cdab-c625-4313-be02-bfab5deacb6d:192.168.34.14:33986, eaf7fe76-8f02-4367-a540-36f6b5b02da9:192.168.34.14:44815, d72208ce-2069-4651-9293-ddc837bc4e94:192.168.34.14:41565] returns group-206EF5DB367B:java.util.concurrent.CompletableFuture@3ca682e8[Not completed]
2019-09-23 17:22:25,982 [88a31ab1-6c68-496a-9143-f02147be1aed@group-56827A8D10A3:LeaderElection117] INFO  impl.RaftServerImpl (ServerState.java:setLeader(253)) - 88a31ab1-6c68-496a-9143-f02147be1aed@group-56827A8D10A3: change Leader from null to 88a31ab1-6c68-496a-9143-f02147be1aed at term 1 for becomeLeader, leader elected after 1171ms
2019-09-23 17:22:25,983 [88a31ab1-6c68-496a-9143-f02147be1aed@group-56827A8D10A3:LeaderElection117] INFO  server.RaftServerConfigKeys (ConfUtils.java:logGet(43)) - raft.server.staging.catchup.gap = 1000 (default)
2019-09-23 17:22:25,986 [88a31ab1-6c68-496a-9143-f02147be1aed@group-56827A8D10A3:LeaderElection117] INFO  server.RaftServerConfigKeys (ConfUtils.java:logGet(43)) - raft.server.rpc.sleep.time = 25ms (default)
2019-09-23 17:22:25,986 [pool-529-thread-1] INFO  impl.RaftServerImpl (RaftServerImpl.java:<init>(95)) - d72208ce-2069-4651-9293-ddc837bc4e94: new RaftServerImpl for group-206EF5DB367B:[8fb4cdab-c625-4313-be02-bfab5deacb6d:192.168.34.14:33986, eaf7fe76-8f02-4367-a540-36f6b5b02da9:192.168.34.14:44815, d72208ce-2069-4651-9293-ddc837bc4e94:192.168.34.14:41565] with ContainerStateMachine:uninitialized
2019-09-23 17:22:25,986 [88a31ab1-6c68-496a-9143-f02147be1aed@group-56827A8D10A3:LeaderElection117] INFO  server.RaftServerConfigKeys (ConfUtils.java:logGet(43)) - raft.server.write.element-limit = 4096 (default)
2019-09-23 17:22:25,986 [pool-529-thread-1] INFO  server.RaftServerConfigKeys (ConfUtils.java:logGet(43)) - raft.server.rpc.timeout.min = 1s (custom)
2019-09-23 17:22:25,987 [88a31ab1-6c68-496a-9143-f02147be1aed@group-56827A8D10A3:LeaderElection117] INFO  server.RaftServerConfigKeys (ConfUtils.java:logGet(43)) - raft.server.watch.timeout = 10s (default)
2019-09-23 17:22:25,987 [pool-589-thread-1] INFO  impl.RaftServerImpl (RaftServerImpl.java:<init>(95)) - eaf7fe76-8f02-4367-a540-36f6b5b02da9: new RaftServerImpl for group-206EF5DB367B:[8fb4cdab-c625-4313-be02-bfab5deacb6d:192.168.34.14:33986, eaf7fe76-8f02-4367-a540-36f6b5b02da9:192.168.34.14:44815, d72208ce-2069-4651-9293-ddc837bc4e94:192.168.34.14:41565] with ContainerStateMachine:uninitialized
2019-09-23 17:22:25,987 [pool-529-thread-1] INFO  server.RaftServerConfigKeys (ConfUtils.java:logGet(43)) - raft.server.rpc.timeout.max = 1200ms (custom)
2019-09-23 17:22:25,987 [pool-589-thread-1] INFO  server.RaftServerConfigKeys (ConfUtils.java:logGet(43)) - raft.server.rpc.timeout.min = 1s (custom)
2019-09-23 17:22:25,987 [88a31ab1-6c68-496a-9143-f02147be1aed@group-56827A8D10A3:LeaderElection117] INFO  server.RaftServerConfigKeys (ConfUtils.java:logGet(43)) - raft.server.watch.timeout.denomination = 1s (default)
2019-09-23 17:22:25,987 [pool-509-thread-1] INFO  impl.RaftServerImpl (RaftServerImpl.java:<init>(95)) - 8fb4cdab-c625-4313-be02-bfab5deacb6d: new RaftServerImpl for group-206EF5DB367B:[8fb4cdab-c625-4313-be02-bfab5deacb6d:192.168.34.14:33986, eaf7fe76-8f02-4367-a540-36f6b5b02da9:192.168.34.14:44815, d72208ce-2069-4651-9293-ddc837bc4e94:192.168.34.14:41565] with ContainerStateMachine:uninitialized
2019-09-23 17:22:25,987 [pool-589-thread-1] INFO  server.RaftServerConfigKeys (ConfUtils.java:logGet(43)) - raft.server.rpc.timeout.max = 1200ms (custom)
2019-09-23 17:22:25,988 [pool-589-thread-1] INFO  server.RaftServerConfigKeys (ConfUtils.java:logGet(43)) - raft.server.rpcslowness.timeout = 120s (custom)
2019-09-23 17:22:25,987 [pool-529-thread-1] INFO  server.RaftServerConfigKeys (ConfUtils.java:logGet(43)) - raft.server.rpcslowness.timeout = 120s (custom)
2019-09-23 17:22:25,988 [pool-589-thread-1] INFO  server.RaftServerConfigKeys (ConfUtils.java:logGet(43)) - raft.server.sleep.deviation.threshold = 300 (default)
2019-09-23 17:22:25,988 [pool-509-thread-1] INFO  server.RaftServerConfigKeys (ConfUtils.java:logGet(43)) - raft.server.rpc.timeout.min = 1s (custom)
2019-09-23 17:22:25,987 [88a31ab1-6c68-496a-9143-f02147be1aed@group-56827A8D10A3:LeaderElection117] INFO  server.RaftServerConfigKeys (ConfUtils.java:logGet(43)) - raft.server.watch.element-limit = 65536 (default)
2019-09-23 17:22:25,988 [pool-509-thread-1] INFO  server.RaftServerConfigKeys (ConfUtils.java:logGet(43)) - raft.server.rpc.timeout.max = 1200ms (custom)
2019-09-23 17:22:25,988 [pool-509-thread-1] INFO  server.RaftServerConfigKeys (ConfUtils.java:logGet(43)) - raft.server.rpcslowness.timeout = 120s (custom)
2019-09-23 17:22:25,988 [pool-589-thread-1] INFO  server.RaftServerConfigKeys (ConfUtils.java:logGet(43)) - raft.server.log.appender.install.snapshot.enabled = false (custom)
2019-09-23 17:22:25,988 [pool-529-thread-1] INFO  server.RaftServerConfigKeys (ConfUtils.java:logGet(43)) - raft.server.sleep.deviation.threshold = 300 (default)
2019-09-23 17:22:25,989 [pool-589-thread-1] INFO  impl.RaftServerImpl (ServerState.java:<init>(103)) - eaf7fe76-8f02-4367-a540-36f6b5b02da9@group-206EF5DB367B: ConfigurationManager, init=-1: [8fb4cdab-c625-4313-be02-bfab5deacb6d:192.168.34.14:33986, eaf7fe76-8f02-4367-a540-36f6b5b02da9:192.168.34.14:44815, d72208ce-2069-4651-9293-ddc837bc4e94:192.168.34.14:41565], old=null, confs=<EMPTY_MAP>
2019-09-23 17:22:25,988 [pool-509-thread-1] INFO  server.RaftServerConfigKeys (ConfUtils.java:logGet(43)) - raft.server.sleep.deviation.threshold = 300 (default)
2019-09-23 17:22:25,989 [pool-529-thread-1] INFO  server.RaftServerConfigKeys (ConfUtils.java:logGet(43)) - raft.server.log.appender.install.snapshot.enabled = false (custom)
2019-09-23 17:22:25,989 [pool-589-thread-1] INFO  server.RaftServerConfigKeys (ConfUtils.java:logGet(43)) - raft.server.storage.dir = [/workdir/hadoop-ozone/integration-test/target/test-dir/MiniOzoneClusterImpl-dc27b903-0525-47ea-8b09-60b958b4e498/datanode-8/data/ratis] (custom)
2019-09-23 17:22:25,989 [pool-509-thread-1] INFO  server.RaftServerConfigKeys (ConfUtils.java:logGet(43)) - raft.server.log.appender.install.snapshot.enabled = false (custom)
2019-09-23 17:22:25,989 [pool-529-thread-1] INFO  impl.RaftServerImpl (ServerState.java:<init>(103)) - d72208ce-2069-4651-9293-ddc837bc4e94@group-206EF5DB367B: ConfigurationManager, init=-1: [8fb4cdab-c625-4313-be02-bfab5deacb6d:192.168.34.14:33986, eaf7fe76-8f02-4367-a540-36f6b5b02da9:192.168.34.14:44815, d72208ce-2069-4651-9293-ddc837bc4e94:192.168.34.14:41565], old=null, confs=<EMPTY_MAP>
2019-09-23 17:22:25,989 [pool-509-thread-1] INFO  impl.RaftServerImpl (ServerState.java:<init>(103)) - 8fb4cdab-c625-4313-be02-bfab5deacb6d@group-206EF5DB367B: ConfigurationManager, init=-1: [8fb4cdab-c625-4313-be02-bfab5deacb6d:192.168.34.14:33986, eaf7fe76-8f02-4367-a540-36f6b5b02da9:192.168.34.14:44815, d72208ce-2069-4651-9293-ddc837bc4e94:192.168.34.14:41565], old=null, confs=<EMPTY_MAP>
2019-09-23 17:22:25,990 [pool-589-thread-1] INFO  storage.RaftStorageDirectory (RaftStorageDirectory.java:analyzeStorage(246)) - The storage directory /workdir/hadoop-ozone/integration-test/target/test-dir/MiniOzoneClusterImpl-dc27b903-0525-47ea-8b09-60b958b4e498/datanode-8/data/ratis/97fb03c3-be02-4af7-ad32-206ef5db367b does not exist. Creating ...
2019-09-23 17:22:25,990 [pool-529-thread-1] INFO  server.RaftServerConfigKeys (ConfUtils.java:logGet(43)) - raft.server.storage.dir = [/workdir/hadoop-ozone/integration-test/target/test-dir/MiniOzoneClusterImpl-dc27b903-0525-47ea-8b09-60b958b4e498/datanode-2/data/ratis] (custom)
2019-09-23 17:22:25,990 [pool-509-thread-1] INFO  server.RaftServerConfigKeys (ConfUtils.java:logGet(43)) - raft.server.storage.dir = [/workdir/hadoop-ozone/integration-test/target/test-dir/MiniOzoneClusterImpl-dc27b903-0525-47ea-8b09-60b958b4e498/datanode-0/data/ratis] (custom)
2019-09-23 17:22:25,990 [88a31ab1-6c68-496a-9143-f02147be1aed@group-56827A8D10A3:LeaderElection117] INFO  impl.RoleInfo (RoleInfo.java:updateAndGet(143)) - 88a31ab1-6c68-496a-9143-f02147be1aed: start LeaderState
2019-09-23 17:22:25,990 [pool-509-thread-1] INFO  storage.RaftStorageDirectory (RaftStorageDirectory.java:analyzeStorage(246)) - The storage directory /workdir/hadoop-ozone/integration-test/target/test-dir/MiniOzoneClusterImpl-dc27b903-0525-47ea-8b09-60b958b4e498/datanode-0/data/ratis/97fb03c3-be02-4af7-ad32-206ef5db367b does not exist. Creating ...
2019-09-23 17:22:25,990 [pool-529-thread-1] INFO  storage.RaftStorageDirectory (RaftStorageDirectory.java:analyzeStorage(246)) - The storage directory /workdir/hadoop-ozone/integration-test/target/test-dir/MiniOzoneClusterImpl-dc27b903-0525-47ea-8b09-60b958b4e498/datanode-2/data/ratis/97fb03c3-be02-4af7-ad32-206ef5db367b does not exist. Creating ...
2019-09-23 17:22:25,990 [88a31ab1-6c68-496a-9143-f02147be1aed@group-56827A8D10A3:LeaderElection117] INFO  segmented.SegmentedRaftLogWorker (SegmentedRaftLogWorker.java:startLogSegment(380)) - 88a31ab1-6c68-496a-9143-f02147be1aed@group-56827A8D10A3-SegmentedRaftLogWorker: Starting segment from index:0
2019-09-23 17:22:25,991 [88a31ab1-6c68-496a-9143-f02147be1aed@group-56827A8D10A3:LeaderElection117] INFO  impl.RaftServerImpl (ServerState.java:setRaftConf(354)) - 88a31ab1-6c68-496a-9143-f02147be1aed@group-56827A8D10A3: set configuration 0: [88a31ab1-6c68-496a-9143-f02147be1aed:192.168.34.14:38082], old=null at 0
2019-09-23 17:22:26,024 [Thread-3381] INFO  impl.FollowerState (FollowerState.java:run(106)) - dee4c762-71db-4d64-ab47-681bb437fd07:group-2F3367AF8582 changes to CANDIDATE, lastRpcTime:1050, electionTimeout:1046ms
2019-09-23 17:22:26,025 [Thread-3381] INFO  impl.RoleInfo (RoleInfo.java:shutdownFollowerState(121)) - dee4c762-71db-4d64-ab47-681bb437fd07: shutdown FollowerState
2019-09-23 17:22:26,025 [Thread-3381] INFO  impl.RaftServerImpl (RaftServerImpl.java:setRole(174)) - dee4c762-71db-4d64-ab47-681bb437fd07@group-2F3367AF8582: changes role from  FOLLOWER to CANDIDATE at term 0 for changeToCandidate
2019-09-23 17:22:26,025 [Thread-3381] INFO  impl.RoleInfo (RoleInfo.java:updateAndGet(143)) - dee4c762-71db-4d64-ab47-681bb437fd07: start LeaderElection
2019-09-23 17:22:26,044 [pool-509-thread-1] INFO  storage.RaftStorageDirectory (RaftStorageDirectory.java:tryLock(328)) - Lock on /workdir/hadoop-ozone/integration-test/target/test-dir/MiniOzoneClusterImpl-dc27b903-0525-47ea-8b09-60b958b4e498/datanode-0/data/ratis/97fb03c3-be02-4af7-ad32-206ef5db367b/in_use.lock acquired by nodename 22073@pr-hdds-2167-q77kb-1598226581
2019-09-23 17:22:26,044 [pool-589-thread-1] INFO  storage.RaftStorageDirectory (RaftStorageDirectory.java:tryLock(328)) - Lock on /workdir/hadoop-ozone/integration-test/target/test-dir/MiniOzoneClusterImpl-dc27b903-0525-47ea-8b09-60b958b4e498/datanode-8/data/ratis/97fb03c3-be02-4af7-ad32-206ef5db367b/in_use.lock acquired by nodename 22073@pr-hdds-2167-q77kb-1598226581
2019-09-23 17:22:26,044 [pool-529-thread-1] INFO  storage.RaftStorageDirectory (RaftStorageDirectory.java:tryLock(328)) - Lock on /workdir/hadoop-ozone/integration-test/target/test-dir/MiniOzoneClusterImpl-dc27b903-0525-47ea-8b09-60b958b4e498/datanode-2/data/ratis/97fb03c3-be02-4af7-ad32-206ef5db367b/in_use.lock acquired by nodename 22073@pr-hdds-2167-q77kb-1598226581
2019-09-23 17:22:26,087 [88a31ab1-6c68-496a-9143-f02147be1aed@group-56827A8D10A3-SegmentedRaftLogWorker] INFO  segmented.SegmentedRaftLogWorker (SegmentedRaftLogWorker.java:execute(569)) - 88a31ab1-6c68-496a-9143-f02147be1aed@group-56827A8D10A3-SegmentedRaftLogWorker: created new log segment /workdir/hadoop-ozone/integration-test/target/test-dir/MiniOzoneClusterImpl-dc27b903-0525-47ea-8b09-60b958b4e498/datanode-7/data/ratis/cdf084fa-6ee4-4fac-a24b-56827a8d10a3/current/log_inprogress_0
2019-09-23 17:22:26,116 [dee4c762-71db-4d64-ab47-681bb437fd07@group-2F3367AF8582:LeaderElection118] INFO  impl.LeaderElection (LeaderElection.java:askForVotes(182)) - dee4c762-71db-4d64-ab47-681bb437fd07@group-2F3367AF8582:LeaderElection118: begin an election at term 1 for -1: [dee4c762-71db-4d64-ab47-681bb437fd07:192.168.34.14:36188], old=null
2019-09-23 17:22:26,117 [dee4c762-71db-4d64-ab47-681bb437fd07@group-2F3367AF8582:LeaderElection118] INFO  impl.RoleInfo (RoleInfo.java:shutdownLeaderElection(134)) - dee4c762-71db-4d64-ab47-681bb437fd07: shutdown LeaderElection
2019-09-23 17:22:26,117 [dee4c762-71db-4d64-ab47-681bb437fd07@group-2F3367AF8582:LeaderElection118] INFO  impl.RaftServerImpl (RaftServerImpl.java:setRole(174)) - dee4c762-71db-4d64-ab47-681bb437fd07@group-2F3367AF8582: changes role from CANDIDATE to LEADER at term 1 for changeToLeader
2019-09-23 17:22:26,117 [dee4c762-71db-4d64-ab47-681bb437fd07@group-2F3367AF8582:LeaderElection118] INFO  impl.RaftServerImpl (ServerState.java:setLeader(253)) - dee4c762-71db-4d64-ab47-681bb437fd07@group-2F3367AF8582: change Leader from null to dee4c762-71db-4d64-ab47-681bb437fd07 at term 1 for becomeLeader, leader elected after 1151ms
2019-09-23 17:22:26,117 [dee4c762-71db-4d64-ab47-681bb437fd07@group-2F3367AF8582:LeaderElection118] INFO  server.RaftServerConfigKeys (ConfUtils.java:logGet(43)) - raft.server.staging.catchup.gap = 1000 (default)
2019-09-23 17:22:26,117 [dee4c762-71db-4d64-ab47-681bb437fd07@group-2F3367AF8582:LeaderElection118] INFO  server.RaftServerConfigKeys (ConfUtils.java:logGet(43)) - raft.server.rpc.sleep.time = 25ms (default)
2019-09-23 17:22:26,117 [dee4c762-71db-4d64-ab47-681bb437fd07@group-2F3367AF8582:LeaderElection118] INFO  server.RaftServerConfigKeys (ConfUtils.java:logGet(43)) - raft.server.write.element-limit = 4096 (default)
2019-09-23 17:22:26,118 [dee4c762-71db-4d64-ab47-681bb437fd07@group-2F3367AF8582:LeaderElection118] INFO  server.RaftServerConfigKeys (ConfUtils.java:logGet(43)) - raft.server.watch.timeout = 10s (default)
2019-09-23 17:22:26,118 [dee4c762-71db-4d64-ab47-681bb437fd07@group-2F3367AF8582:LeaderElection118] INFO  server.RaftServerConfigKeys (ConfUtils.java:logGet(43)) - raft.server.watch.timeout.denomination = 1s (default)
2019-09-23 17:22:26,118 [dee4c762-71db-4d64-ab47-681bb437fd07@group-2F3367AF8582:LeaderElection118] INFO  server.RaftServerConfigKeys (ConfUtils.java:logGet(43)) - raft.server.watch.element-limit = 65536 (default)
2019-09-23 17:22:26,120 [dee4c762-71db-4d64-ab47-681bb437fd07@group-2F3367AF8582:LeaderElection118] INFO  impl.RoleInfo (RoleInfo.java:updateAndGet(143)) - dee4c762-71db-4d64-ab47-681bb437fd07: start LeaderState
2019-09-23 17:22:26,120 [dee4c762-71db-4d64-ab47-681bb437fd07@group-2F3367AF8582:LeaderElection118] INFO  segmented.SegmentedRaftLogWorker (SegmentedRaftLogWorker.java:startLogSegment(380)) - dee4c762-71db-4d64-ab47-681bb437fd07@group-2F3367AF8582-SegmentedRaftLogWorker: Starting segment from index:0
2019-09-23 17:22:26,121 [dee4c762-71db-4d64-ab47-681bb437fd07@group-2F3367AF8582:LeaderElection118] INFO  impl.RaftServerImpl (ServerState.java:setRaftConf(354)) - dee4c762-71db-4d64-ab47-681bb437fd07@group-2F3367AF8582: set configuration 0: [dee4c762-71db-4d64-ab47-681bb437fd07:192.168.34.14:36188], old=null at 0
2019-09-23 17:22:26,160 [pool-589-thread-1] INFO  storage.RaftStorage (RaftStorage.java:format(72)) - Storage directory /workdir/hadoop-ozone/integration-test/target/test-dir/MiniOzoneClusterImpl-dc27b903-0525-47ea-8b09-60b958b4e498/datanode-8/data/ratis/97fb03c3-be02-4af7-ad32-206ef5db367b has been successfully formatted.
2019-09-23 17:22:26,160 [pool-509-thread-1] INFO  storage.RaftStorage (RaftStorage.java:format(72)) - Storage directory /workdir/hadoop-ozone/integration-test/target/test-dir/MiniOzoneClusterImpl-dc27b903-0525-47ea-8b09-60b958b4e498/datanode-0/data/ratis/97fb03c3-be02-4af7-ad32-206ef5db367b has been successfully formatted.
2019-09-23 17:22:26,160 [pool-529-thread-1] INFO  storage.RaftStorage (RaftStorage.java:format(72)) - Storage directory /workdir/hadoop-ozone/integration-test/target/test-dir/MiniOzoneClusterImpl-dc27b903-0525-47ea-8b09-60b958b4e498/datanode-2/data/ratis/97fb03c3-be02-4af7-ad32-206ef5db367b has been successfully formatted.
2019-09-23 17:22:26,161 [pool-589-thread-1] INFO  ratis.ContainerStateMachine (ContainerStateMachine.java:loadSnapshot(230)) - group-206EF5DB367B: The snapshot info is null. Setting the last applied indexto:(t:0, i:~)
2019-09-23 17:22:26,161 [pool-529-thread-1] INFO  ratis.ContainerStateMachine (ContainerStateMachine.java:loadSnapshot(230)) - group-206EF5DB367B: The snapshot info is null. Setting the last applied indexto:(t:0, i:~)
2019-09-23 17:22:26,161 [pool-509-thread-1] INFO  ratis.ContainerStateMachine (ContainerStateMachine.java:loadSnapshot(230)) - group-206EF5DB367B: The snapshot info is null. Setting the last applied indexto:(t:0, i:~)
2019-09-23 17:22:26,161 [pool-529-thread-1] INFO  server.RaftServerConfigKeys (ConfUtils.java:logGet(43)) - raft.server.notification.no-leader.timeout = 120s (custom)
2019-09-23 17:22:26,161 [pool-589-thread-1] INFO  server.RaftServerConfigKeys (ConfUtils.java:logGet(43)) - raft.server.notification.no-leader.timeout = 120s (custom)
2019-09-23 17:22:26,161 [pool-529-thread-1] INFO  server.RaftServerConfigKeys (ConfUtils.java:logGet(43)) - raft.server.log.use.memory = false (default)
2019-09-23 17:22:26,161 [pool-509-thread-1] INFO  server.RaftServerConfigKeys (ConfUtils.java:logGet(43)) - raft.server.notification.no-leader.timeout = 120s (custom)
2019-09-23 17:22:26,161 [pool-529-thread-1] INFO  server.RaftServerConfigKeys (ConfUtils.java:logGet(43)) - raft.server.log.purge.gap = 1000000 (custom)
2019-09-23 17:22:26,162 [pool-529-thread-1] INFO  server.RaftServerConfigKeys (ConfUtils.java:logGet(43)) - raft.server.log.appender.buffer.byte-limit = 33554432 (custom)
2019-09-23 17:22:26,161 [pool-589-thread-1] INFO  server.RaftServerConfigKeys (ConfUtils.java:logGet(43)) - raft.server.log.use.memory = false (default)
2019-09-23 17:22:26,162 [pool-529-thread-1] INFO  server.RaftServerConfigKeys (ConfUtils.java:logGet(43)) - raft.server.log.segment.size.max = 1048576 (custom)
2019-09-23 17:22:26,162 [pool-509-thread-1] INFO  server.RaftServerConfigKeys (ConfUtils.java:logGet(43)) - raft.server.log.use.memory = false (default)
2019-09-23 17:22:26,162 [pool-529-thread-1] INFO  server.RaftServerConfigKeys (ConfUtils.java:logGet(43)) - raft.server.log.segment.cache.num.max = 2 (custom)
2019-09-23 17:22:26,162 [pool-589-thread-1] INFO  server.RaftServerConfigKeys (ConfUtils.java:logGet(43)) - raft.server.log.purge.gap = 1000000 (custom)
2019-09-23 17:22:26,162 [pool-529-thread-1] INFO  segmented.SegmentedRaftLogWorker (SegmentedRaftLogWorker.java:<init>(172)) - new d72208ce-2069-4651-9293-ddc837bc4e94@group-206EF5DB367B-SegmentedRaftLogWorker for RaftStorage:Storage Directory /workdir/hadoop-ozone/integration-test/target/test-dir/MiniOzoneClusterImpl-dc27b903-0525-47ea-8b09-60b958b4e498/datanode-2/data/ratis/97fb03c3-be02-4af7-ad32-206ef5db367b
2019-09-23 17:22:26,162 [pool-509-thread-1] INFO  server.RaftServerConfigKeys (ConfUtils.java:logGet(43)) - raft.server.log.purge.gap = 1000000 (custom)
2019-09-23 17:22:26,162 [pool-529-thread-1] INFO  server.RaftServerConfigKeys (ConfUtils.java:logGet(43)) - raft.server.log.queue.byte-limit = 2147483647 (custom)
2019-09-23 17:22:26,163 [pool-529-thread-1] INFO  server.RaftServerConfigKeys (ConfUtils.java:logGet(43)) - raft.server.log.queue.element-limit = 1024 (custom)
2019-09-23 17:22:26,162 [Thread-3384] INFO  impl.FollowerState (FollowerState.java:run(106)) - a41748ab-4e9a-4a99-a107-c015e4324edf:group-5CE8CB43D6BF changes to CANDIDATE, lastRpcTime:1018, electionTimeout:1018ms
2019-09-23 17:22:26,162 [pool-589-thread-1] INFO  server.RaftServerConfigKeys (ConfUtils.java:logGet(43)) - raft.server.log.appender.buffer.byte-limit = 33554432 (custom)
2019-09-23 17:22:26,163 [Thread-3384] INFO  impl.RoleInfo (RoleInfo.java:shutdownFollowerState(121)) - a41748ab-4e9a-4a99-a107-c015e4324edf: shutdown FollowerState
2019-09-23 17:22:26,163 [pool-529-thread-1] INFO  server.RaftServerConfigKeys (ConfUtils.java:logGet(43)) - raft.server.log.segment.size.max = 1048576 (custom)
2019-09-23 17:22:26,163 [pool-509-thread-1] INFO  server.RaftServerConfigKeys (ConfUtils.java:logGet(43)) - raft.server.log.appender.buffer.byte-limit = 33554432 (custom)
2019-09-23 17:22:26,163 [pool-529-thread-1] INFO  server.RaftServerConfigKeys (ConfUtils.java:logGet(43)) - raft.server.log.preallocated.size = 16384 (custom)
2019-09-23 17:22:26,163 [Thread-3384] INFO  impl.RaftServerImpl (RaftServerImpl.java:setRole(174)) - a41748ab-4e9a-4a99-a107-c015e4324edf@group-5CE8CB43D6BF: changes role from  FOLLOWER to CANDIDATE at term 0 for changeToCandidate
2019-09-23 17:22:26,163 [pool-589-thread-1] INFO  server.RaftServerConfigKeys (ConfUtils.java:logGet(43)) - raft.server.log.segment.size.max = 1048576 (custom)
2019-09-23 17:22:26,163 [pool-529-thread-1] INFO  server.RaftServerConfigKeys (ConfUtils.java:logGet(43)) - raft.server.log.write.buffer.size = 33554432 (custom)
2019-09-23 17:22:26,163 [pool-509-thread-1] INFO  server.RaftServerConfigKeys (ConfUtils.java:logGet(43)) - raft.server.log.segment.size.max = 1048576 (custom)
2019-09-23 17:22:26,164 [pool-529-thread-1] INFO  server.RaftServerConfigKeys (ConfUtils.java:logGet(43)) - raft.server.log.force.sync.num = 128 (default)
2019-09-23 17:22:26,164 [Thread-3384] INFO  impl.RoleInfo (RoleInfo.java:updateAndGet(143)) - a41748ab-4e9a-4a99-a107-c015e4324edf: start LeaderElection
2019-09-23 17:22:26,164 [pool-589-thread-1] INFO  server.RaftServerConfigKeys (ConfUtils.java:logGet(43)) - raft.server.log.segment.cache.num.max = 2 (custom)
2019-09-23 17:22:26,164 [pool-529-thread-1] INFO  server.RaftServerConfigKeys (ConfUtils.java:logGet(43)) - raft.server.log.statemachine.data.sync = true (default)
2019-09-23 17:22:26,164 [pool-509-thread-1] INFO  server.RaftServerConfigKeys (ConfUtils.java:logGet(43)) - raft.server.log.segment.cache.num.max = 2 (custom)
2019-09-23 17:22:26,164 [pool-529-thread-1] INFO  server.RaftServerConfigKeys (ConfUtils.java:logGet(43)) - raft.server.log.statemachine.data.sync.timeout = 10s (default)
2019-09-23 17:22:26,164 [pool-589-thread-1] INFO  segmented.SegmentedRaftLogWorker (SegmentedRaftLogWorker.java:<init>(172)) - new eaf7fe76-8f02-4367-a540-36f6b5b02da9@group-206EF5DB367B-SegmentedRaftLogWorker for RaftStorage:Storage Directory /workdir/hadoop-ozone/integration-test/target/test-dir/MiniOzoneClusterImpl-dc27b903-0525-47ea-8b09-60b958b4e498/datanode-8/data/ratis/97fb03c3-be02-4af7-ad32-206ef5db367b
2019-09-23 17:22:26,169 [pool-529-thread-1] INFO  server.RaftServerConfigKeys (ConfUtils.java:logGet(43)) - raft.server.log.statemachine.data.sync.timeout.retry = -1 (default)
2019-09-23 17:22:26,165 [pool-509-thread-1] INFO  segmented.SegmentedRaftLogWorker (SegmentedRaftLogWorker.java:<init>(172)) - new 8fb4cdab-c625-4313-be02-bfab5deacb6d@group-206EF5DB367B-SegmentedRaftLogWorker for RaftStorage:Storage Directory /workdir/hadoop-ozone/integration-test/target/test-dir/MiniOzoneClusterImpl-dc27b903-0525-47ea-8b09-60b958b4e498/datanode-0/data/ratis/97fb03c3-be02-4af7-ad32-206ef5db367b
2019-09-23 17:22:26,169 [pool-529-thread-1] INFO  server.RaftServerConfigKeys (ConfUtils.java:logGet(43)) - raft.server.log.statemachine.data.caching.enabled = true (custom)
2019-09-23 17:22:26,169 [pool-589-thread-1] INFO  server.RaftServerConfigKeys (ConfUtils.java:logGet(43)) - raft.server.log.queue.byte-limit = 2147483647 (custom)
2019-09-23 17:22:26,169 [pool-509-thread-1] INFO  server.RaftServerConfigKeys (ConfUtils.java:logGet(43)) - raft.server.log.queue.byte-limit = 2147483647 (custom)
2019-09-23 17:22:26,170 [pool-529-thread-1] INFO  segmented.SegmentedRaftLogWorker (SegmentedRaftLogWorker.java:lambda$new$0(132)) - d72208ce-2069-4651-9293-ddc837bc4e94@group-206EF5DB367B-SegmentedRaftLogWorker: flushIndex: setUnconditionally 0 -> -1
2019-09-23 17:22:26,170 [pool-589-thread-1] INFO  server.RaftServerConfigKeys (ConfUtils.java:logGet(43)) - raft.server.log.queue.element-limit = 1024 (custom)
2019-09-23 17:22:26,170 [pool-509-thread-1] INFO  server.RaftServerConfigKeys (ConfUtils.java:logGet(43)) - raft.server.log.queue.element-limit = 1024 (custom)
2019-09-23 17:22:26,170 [pool-529-thread-1] INFO  server.RaftServerConfigKeys (ConfUtils.java:logGet(43)) - raft.server.snapshot.auto.trigger.enabled = true (custom)
2019-09-23 17:22:26,170 [pool-589-thread-1] INFO  server.RaftServerConfigKeys (ConfUtils.java:logGet(43)) - raft.server.log.segment.size.max = 1048576 (custom)
2019-09-23 17:22:26,170 [pool-529-thread-1] INFO  server.RaftServerConfigKeys (ConfUtils.java:logGet(43)) - raft.server.snapshot.auto.trigger.threshold = 10000 (custom)
2019-09-23 17:22:26,170 [pool-509-thread-1] INFO  server.RaftServerConfigKeys (ConfUtils.java:logGet(43)) - raft.server.log.segment.size.max = 1048576 (custom)
2019-09-23 17:22:26,171 [pool-529-thread-1] INFO  server.RaftServerConfigKeys (ConfUtils.java:logGet(43)) - raft.server.snapshot.retention.num.files = 5 (custom)
2019-09-23 17:22:26,170 [pool-589-thread-1] INFO  server.RaftServerConfigKeys (ConfUtils.java:logGet(43)) - raft.server.log.preallocated.size = 16384 (custom)
2019-09-23 17:22:26,171 [pool-529-thread-1] INFO  server.RaftServerConfigKeys (ConfUtils.java:logGet(43)) - raft.server.retrycache.expirytime = 600000ms (custom)
2019-09-23 17:22:26,171 [pool-509-thread-1] INFO  server.RaftServerConfigKeys (ConfUtils.java:logGet(43)) - raft.server.log.preallocated.size = 16384 (custom)
2019-09-23 17:22:26,171 [pool-589-thread-1] INFO  server.RaftServerConfigKeys (ConfUtils.java:logGet(43)) - raft.server.log.write.buffer.size = 33554432 (custom)
2019-09-23 17:22:26,171 [pool-509-thread-1] INFO  server.RaftServerConfigKeys (ConfUtils.java:logGet(43)) - raft.server.log.write.buffer.size = 33554432 (custom)
2019-09-23 17:22:26,171 [pool-589-thread-1] INFO  server.RaftServerConfigKeys (ConfUtils.java:logGet(43)) - raft.server.log.force.sync.num = 128 (default)
2019-09-23 17:22:26,171 [pool-509-thread-1] INFO  server.RaftServerConfigKeys (ConfUtils.java:logGet(43)) - raft.server.log.force.sync.num = 128 (default)
2019-09-23 17:22:26,172 [pool-589-thread-1] INFO  server.RaftServerConfigKeys (ConfUtils.java:logGet(43)) - raft.server.log.statemachine.data.sync = true (default)
2019-09-23 17:22:26,172 [pool-509-thread-1] INFO  server.RaftServerConfigKeys (ConfUtils.java:logGet(43)) - raft.server.log.statemachine.data.sync = true (default)
2019-09-23 17:22:26,172 [pool-589-thread-1] INFO  server.RaftServerConfigKeys (ConfUtils.java:logGet(43)) - raft.server.log.statemachine.data.sync.timeout = 10s (default)
2019-09-23 17:22:26,172 [pool-509-thread-1] INFO  server.RaftServerConfigKeys (ConfUtils.java:logGet(43)) - raft.server.log.statemachine.data.sync.timeout = 10s (default)
2019-09-23 17:22:26,172 [pool-589-thread-1] INFO  server.RaftServerConfigKeys (ConfUtils.java:logGet(43)) - raft.server.log.statemachine.data.sync.timeout.retry = -1 (default)
2019-09-23 17:22:26,172 [pool-509-thread-1] INFO  server.RaftServerConfigKeys (ConfUtils.java:logGet(43)) - raft.server.log.statemachine.data.sync.timeout.retry = -1 (default)
2019-09-23 17:22:26,172 [pool-589-thread-1] INFO  server.RaftServerConfigKeys (ConfUtils.java:logGet(43)) - raft.server.log.statemachine.data.caching.enabled = true (custom)
2019-09-23 17:22:26,172 [pool-509-thread-1] INFO  server.RaftServerConfigKeys (ConfUtils.java:logGet(43)) - raft.server.log.statemachine.data.caching.enabled = true (custom)
2019-09-23 17:22:26,172 [pool-589-thread-1] INFO  segmented.SegmentedRaftLogWorker (SegmentedRaftLogWorker.java:lambda$new$0(132)) - eaf7fe76-8f02-4367-a540-36f6b5b02da9@group-206EF5DB367B-SegmentedRaftLogWorker: flushIndex: setUnconditionally 0 -> -1
2019-09-23 17:22:26,173 [pool-509-thread-1] INFO  segmented.SegmentedRaftLogWorker (SegmentedRaftLogWorker.java:lambda$new$0(132)) - 8fb4cdab-c625-4313-be02-bfab5deacb6d@group-206EF5DB367B-SegmentedRaftLogWorker: flushIndex: setUnconditionally 0 -> -1
2019-09-23 17:22:26,173 [pool-589-thread-1] INFO  server.RaftServerConfigKeys (ConfUtils.java:logGet(43)) - raft.server.snapshot.auto.trigger.enabled = true (custom)
2019-09-23 17:22:26,173 [pool-589-thread-1] INFO  server.RaftServerConfigKeys (ConfUtils.java:logGet(43)) - raft.server.snapshot.auto.trigger.threshold = 10000 (custom)
2019-09-23 17:22:26,173 [pool-529-thread-1] INFO  impl.RaftServerImpl (RaftServerImpl.java:start(185)) - d72208ce-2069-4651-9293-ddc837bc4e94@group-206EF5DB367B: start as a follower, conf=-1: [8fb4cdab-c625-4313-be02-bfab5deacb6d:192.168.34.14:33986, eaf7fe76-8f02-4367-a540-36f6b5b02da9:192.168.34.14:44815, d72208ce-2069-4651-9293-ddc837bc4e94:192.168.34.14:41565], old=null
2019-09-23 17:22:26,173 [pool-509-thread-1] INFO  server.RaftServerConfigKeys (ConfUtils.java:logGet(43)) - raft.server.snapshot.auto.trigger.enabled = true (custom)
2019-09-23 17:22:26,173 [pool-589-thread-1] INFO  server.RaftServerConfigKeys (ConfUtils.java:logGet(43)) - raft.server.snapshot.retention.num.files = 5 (custom)
2019-09-23 17:22:26,173 [pool-509-thread-1] INFO  server.RaftServerConfigKeys (ConfUtils.java:logGet(43)) - raft.server.snapshot.auto.trigger.threshold = 10000 (custom)
2019-09-23 17:22:26,173 [pool-529-thread-1] INFO  impl.RaftServerImpl (RaftServerImpl.java:setRole(174)) - d72208ce-2069-4651-9293-ddc837bc4e94@group-206EF5DB367B: changes role from      null to FOLLOWER at term 0 for startAsFollower
2019-09-23 17:22:26,173 [pool-509-thread-1] INFO  server.RaftServerConfigKeys (ConfUtils.java:logGet(43)) - raft.server.snapshot.retention.num.files = 5 (custom)
2019-09-23 17:22:26,173 [pool-589-thread-1] INFO  server.RaftServerConfigKeys (ConfUtils.java:logGet(43)) - raft.server.retrycache.expirytime = 600000ms (custom)
2019-09-23 17:22:26,174 [pool-509-thread-1] INFO  server.RaftServerConfigKeys (ConfUtils.java:logGet(43)) - raft.server.retrycache.expirytime = 600000ms (custom)
2019-09-23 17:22:26,174 [pool-529-thread-1] INFO  impl.RoleInfo (RoleInfo.java:updateAndGet(143)) - d72208ce-2069-4651-9293-ddc837bc4e94: start FollowerState
2019-09-23 17:22:26,174 [pool-529-thread-1] INFO  util.JmxRegister (JmxRegister.java:tryRegister(44)) - Successfully registered JMX Bean with object name Ratis:service=RaftServer,group=group-206EF5DB367B,id=d72208ce-2069-4651-9293-ddc837bc4e94
2019-09-23 17:22:26,175 [pool-589-thread-1] INFO  impl.RaftServerImpl (RaftServerImpl.java:start(185)) - eaf7fe76-8f02-4367-a540-36f6b5b02da9@group-206EF5DB367B: start as a follower, conf=-1: [8fb4cdab-c625-4313-be02-bfab5deacb6d:192.168.34.14:33986, eaf7fe76-8f02-4367-a540-36f6b5b02da9:192.168.34.14:44815, d72208ce-2069-4651-9293-ddc837bc4e94:192.168.34.14:41565], old=null
2019-09-23 17:22:26,175 [pool-589-thread-1] INFO  impl.RaftServerImpl (RaftServerImpl.java:setRole(174)) - eaf7fe76-8f02-4367-a540-36f6b5b02da9@group-206EF5DB367B: changes role from      null to FOLLOWER at term 0 for startAsFollower
2019-09-23 17:22:26,175 [pool-589-thread-1] INFO  impl.RoleInfo (RoleInfo.java:updateAndGet(143)) - eaf7fe76-8f02-4367-a540-36f6b5b02da9: start FollowerState
2019-09-23 17:22:26,176 [pool-589-thread-1] INFO  util.JmxRegister (JmxRegister.java:tryRegister(44)) - Successfully registered JMX Bean with object name Ratis:service=RaftServer,group=group-206EF5DB367B,id=eaf7fe76-8f02-4367-a540-36f6b5b02da9
2019-09-23 17:22:26,176 [pool-509-thread-1] INFO  impl.RaftServerImpl (RaftServerImpl.java:start(185)) - 8fb4cdab-c625-4313-be02-bfab5deacb6d@group-206EF5DB367B: start as a follower, conf=-1: [8fb4cdab-c625-4313-be02-bfab5deacb6d:192.168.34.14:33986, eaf7fe76-8f02-4367-a540-36f6b5b02da9:192.168.34.14:44815, d72208ce-2069-4651-9293-ddc837bc4e94:192.168.34.14:41565], old=null
2019-09-23 17:22:26,176 [pool-509-thread-1] INFO  impl.RaftServerImpl (RaftServerImpl.java:setRole(174)) - 8fb4cdab-c625-4313-be02-bfab5deacb6d@group-206EF5DB367B: changes role from      null to FOLLOWER at term 0 for startAsFollower
2019-09-23 17:22:26,176 [pool-509-thread-1] INFO  impl.RoleInfo (RoleInfo.java:updateAndGet(143)) - 8fb4cdab-c625-4313-be02-bfab5deacb6d: start FollowerState
2019-09-23 17:22:26,176 [pool-509-thread-1] INFO  util.JmxRegister (JmxRegister.java:tryRegister(44)) - Successfully registered JMX Bean with object name Ratis:service=RaftServer,group=group-206EF5DB367B,id=8fb4cdab-c625-4313-be02-bfab5deacb6d
2019-09-23 17:22:26,178 [RatisPipelineUtilsThread] INFO  pipeline.PipelineStateManager (PipelineStateManager.java:addPipeline(56)) - Created pipeline Pipeline[ Id: 97fb03c3-be02-4af7-ad32-206ef5db367b, Nodes: 8fb4cdab-c625-4313-be02-bfab5deacb6d{ip: 192.168.34.14, host: pr-hdds-2167-q77kb-1598226581, networkLocation: /rack1, certSerialId: null}d72208ce-2069-4651-9293-ddc837bc4e94{ip: 192.168.34.14, host: pr-hdds-2167-q77kb-1598226581, networkLocation: /rack1, certSerialId: null}eaf7fe76-8f02-4367-a540-36f6b5b02da9{ip: 192.168.34.14, host: pr-hdds-2167-q77kb-1598226581, networkLocation: /rack1, certSerialId: null}, Type:RATIS, Factor:THREE, State:OPEN]
2019-09-23 17:22:26,183 [dee4c762-71db-4d64-ab47-681bb437fd07@group-2F3367AF8582-SegmentedRaftLogWorker] INFO  segmented.SegmentedRaftLogWorker (SegmentedRaftLogWorker.java:execute(569)) - dee4c762-71db-4d64-ab47-681bb437fd07@group-2F3367AF8582-SegmentedRaftLogWorker: created new log segment /workdir/hadoop-ozone/integration-test/target/test-dir/MiniOzoneClusterImpl-dc27b903-0525-47ea-8b09-60b958b4e498/datanode-5/data/ratis/aa9118c8-96bd-43a8-94a0-2f3367af8582/current/log_inprogress_0
2019-09-23 17:22:26,183 [a41748ab-4e9a-4a99-a107-c015e4324edf@group-5CE8CB43D6BF:LeaderElection119] INFO  impl.LeaderElection (LeaderElection.java:askForVotes(182)) - a41748ab-4e9a-4a99-a107-c015e4324edf@group-5CE8CB43D6BF:LeaderElection119: begin an election at term 1 for -1: [a41748ab-4e9a-4a99-a107-c015e4324edf:192.168.34.14:45273], old=null
2019-09-23 17:22:26,183 [a41748ab-4e9a-4a99-a107-c015e4324edf@group-5CE8CB43D6BF:LeaderElection119] INFO  impl.RoleInfo (RoleInfo.java:shutdownLeaderElection(134)) - a41748ab-4e9a-4a99-a107-c015e4324edf: shutdown LeaderElection
2019-09-23 17:22:26,183 [a41748ab-4e9a-4a99-a107-c015e4324edf@group-5CE8CB43D6BF:LeaderElection119] INFO  impl.RaftServerImpl (RaftServerImpl.java:setRole(174)) - a41748ab-4e9a-4a99-a107-c015e4324edf@group-5CE8CB43D6BF: changes role from CANDIDATE to LEADER at term 1 for changeToLeader
2019-09-23 17:22:26,186 [a41748ab-4e9a-4a99-a107-c015e4324edf@group-5CE8CB43D6BF:LeaderElection119] INFO  impl.RaftServerImpl (ServerState.java:setLeader(253)) - a41748ab-4e9a-4a99-a107-c015e4324edf@group-5CE8CB43D6BF: change Leader from null to a41748ab-4e9a-4a99-a107-c015e4324edf at term 1 for becomeLeader, leader elected after 1048ms
2019-09-23 17:22:26,186 [a41748ab-4e9a-4a99-a107-c015e4324edf@group-5CE8CB43D6BF:LeaderElection119] INFO  server.RaftServerConfigKeys (ConfUtils.java:logGet(43)) - raft.server.staging.catchup.gap = 1000 (default)
2019-09-23 17:22:26,189 [a41748ab-4e9a-4a99-a107-c015e4324edf@group-5CE8CB43D6BF:LeaderElection119] INFO  server.RaftServerConfigKeys (ConfUtils.java:logGet(43)) - raft.server.rpc.sleep.time = 25ms (default)
2019-09-23 17:22:26,189 [a41748ab-4e9a-4a99-a107-c015e4324edf@group-5CE8CB43D6BF:LeaderElection119] INFO  server.RaftServerConfigKeys (ConfUtils.java:logGet(43)) - raft.server.write.element-limit = 4096 (default)
2019-09-23 17:22:26,189 [a41748ab-4e9a-4a99-a107-c015e4324edf@group-5CE8CB43D6BF:LeaderElection119] INFO  server.RaftServerConfigKeys (ConfUtils.java:logGet(43)) - raft.server.watch.timeout = 10s (default)
2019-09-23 17:22:26,189 [a41748ab-4e9a-4a99-a107-c015e4324edf@group-5CE8CB43D6BF:LeaderElection119] INFO  server.RaftServerConfigKeys (ConfUtils.java:logGet(43)) - raft.server.watch.timeout.denomination = 1s (default)
2019-09-23 17:22:26,189 [a41748ab-4e9a-4a99-a107-c015e4324edf@group-5CE8CB43D6BF:LeaderElection119] INFO  server.RaftServerConfigKeys (ConfUtils.java:logGet(43)) - raft.server.watch.element-limit = 65536 (default)
2019-09-23 17:22:26,190 [a41748ab-4e9a-4a99-a107-c015e4324edf@group-5CE8CB43D6BF:LeaderElection119] INFO  impl.RoleInfo (RoleInfo.java:updateAndGet(143)) - a41748ab-4e9a-4a99-a107-c015e4324edf: start LeaderState
2019-09-23 17:22:26,191 [a41748ab-4e9a-4a99-a107-c015e4324edf@group-5CE8CB43D6BF:LeaderElection119] INFO  segmented.SegmentedRaftLogWorker (SegmentedRaftLogWorker.java:startLogSegment(380)) - a41748ab-4e9a-4a99-a107-c015e4324edf@group-5CE8CB43D6BF-SegmentedRaftLogWorker: Starting segment from index:0
2019-09-23 17:22:26,191 [a41748ab-4e9a-4a99-a107-c015e4324edf@group-5CE8CB43D6BF:LeaderElection119] INFO  impl.RaftServerImpl (ServerState.java:setRaftConf(354)) - a41748ab-4e9a-4a99-a107-c015e4324edf@group-5CE8CB43D6BF: set configuration 0: [a41748ab-4e9a-4a99-a107-c015e4324edf:192.168.34.14:45273], old=null at 0
2019-09-23 17:22:26,282 [a41748ab-4e9a-4a99-a107-c015e4324edf@group-5CE8CB43D6BF-SegmentedRaftLogWorker] INFO  segmented.SegmentedRaftLogWorker (SegmentedRaftLogWorker.java:execute(569)) - a41748ab-4e9a-4a99-a107-c015e4324edf@group-5CE8CB43D6BF-SegmentedRaftLogWorker: created new log segment /workdir/hadoop-ozone/integration-test/target/test-dir/MiniOzoneClusterImpl-dc27b903-0525-47ea-8b09-60b958b4e498/datanode-9/data/ratis/f02fb109-b1e1-4eaf-b1ff-5ce8cb43d6bf/current/log_inprogress_0
2019-09-23 17:22:26,301 [Thread-3387] INFO  impl.FollowerState (FollowerState.java:run(106)) - d72208ce-2069-4651-9293-ddc837bc4e94:group-02EDF0390880 changes to CANDIDATE, lastRpcTime:1013, electionTimeout:1013ms
2019-09-23 17:22:26,301 [Thread-3387] INFO  impl.RoleInfo (RoleInfo.java:shutdownFollowerState(121)) - d72208ce-2069-4651-9293-ddc837bc4e94: shutdown FollowerState
2019-09-23 17:22:26,301 [Thread-3387] INFO  impl.RaftServerImpl (RaftServerImpl.java:setRole(174)) - d72208ce-2069-4651-9293-ddc837bc4e94@group-02EDF0390880: changes role from  FOLLOWER to CANDIDATE at term 0 for changeToCandidate
2019-09-23 17:22:26,302 [Thread-3387] INFO  impl.RoleInfo (RoleInfo.java:updateAndGet(143)) - d72208ce-2069-4651-9293-ddc837bc4e94: start LeaderElection
2019-09-23 17:22:26,375 [d72208ce-2069-4651-9293-ddc837bc4e94@group-02EDF0390880:LeaderElection120] INFO  impl.LeaderElection (LeaderElection.java:askForVotes(182)) - d72208ce-2069-4651-9293-ddc837bc4e94@group-02EDF0390880:LeaderElection120: begin an election at term 1 for -1: [d72208ce-2069-4651-9293-ddc837bc4e94:192.168.34.14:41565], old=null
2019-09-23 17:22:26,376 [d72208ce-2069-4651-9293-ddc837bc4e94@group-02EDF0390880:LeaderElection120] INFO  impl.RoleInfo (RoleInfo.java:shutdownLeaderElection(134)) - d72208ce-2069-4651-9293-ddc837bc4e94: shutdown LeaderElection
2019-09-23 17:22:26,376 [d72208ce-2069-4651-9293-ddc837bc4e94@group-02EDF0390880:LeaderElection120] INFO  impl.RaftServerImpl (RaftServerImpl.java:setRole(174)) - d72208ce-2069-4651-9293-ddc837bc4e94@group-02EDF0390880: changes role from CANDIDATE to LEADER at term 1 for changeToLeader
2019-09-23 17:22:26,376 [d72208ce-2069-4651-9293-ddc837bc4e94@group-02EDF0390880:LeaderElection120] INFO  impl.RaftServerImpl (ServerState.java:setLeader(253)) - d72208ce-2069-4651-9293-ddc837bc4e94@group-02EDF0390880: change Leader from null to d72208ce-2069-4651-9293-ddc837bc4e94 at term 1 for becomeLeader, leader elected after 1096ms
2019-09-23 17:22:26,376 [d72208ce-2069-4651-9293-ddc837bc4e94@group-02EDF0390880:LeaderElection120] INFO  server.RaftServerConfigKeys (ConfUtils.java:logGet(43)) - raft.server.staging.catchup.gap = 1000 (default)
2019-09-23 17:22:26,376 [d72208ce-2069-4651-9293-ddc837bc4e94@group-02EDF0390880:LeaderElection120] INFO  server.RaftServerConfigKeys (ConfUtils.java:logGet(43)) - raft.server.rpc.sleep.time = 25ms (default)
2019-09-23 17:22:26,376 [d72208ce-2069-4651-9293-ddc837bc4e94@group-02EDF0390880:LeaderElection120] INFO  server.RaftServerConfigKeys (ConfUtils.java:logGet(43)) - raft.server.write.element-limit = 4096 (default)
2019-09-23 17:22:26,377 [d72208ce-2069-4651-9293-ddc837bc4e94@group-02EDF0390880:LeaderElection120] INFO  server.RaftServerConfigKeys (ConfUtils.java:logGet(43)) - raft.server.watch.timeout = 10s (default)
2019-09-23 17:22:26,377 [d72208ce-2069-4651-9293-ddc837bc4e94@group-02EDF0390880:LeaderElection120] INFO  server.RaftServerConfigKeys (ConfUtils.java:logGet(43)) - raft.server.watch.timeout.denomination = 1s (default)
2019-09-23 17:22:26,377 [d72208ce-2069-4651-9293-ddc837bc4e94@group-02EDF0390880:LeaderElection120] INFO  server.RaftServerConfigKeys (ConfUtils.java:logGet(43)) - raft.server.watch.element-limit = 65536 (default)
2019-09-23 17:22:26,379 [d72208ce-2069-4651-9293-ddc837bc4e94@group-02EDF0390880:LeaderElection120] INFO  impl.RoleInfo (RoleInfo.java:updateAndGet(143)) - d72208ce-2069-4651-9293-ddc837bc4e94: start LeaderState
2019-09-23 17:22:26,379 [d72208ce-2069-4651-9293-ddc837bc4e94@group-02EDF0390880:LeaderElection120] INFO  segmented.SegmentedRaftLogWorker (SegmentedRaftLogWorker.java:startLogSegment(380)) - d72208ce-2069-4651-9293-ddc837bc4e94@group-02EDF0390880-SegmentedRaftLogWorker: Starting segment from index:0
2019-09-23 17:22:26,380 [d72208ce-2069-4651-9293-ddc837bc4e94@group-02EDF0390880:LeaderElection120] INFO  impl.RaftServerImpl (ServerState.java:setRaftConf(354)) - d72208ce-2069-4651-9293-ddc837bc4e94@group-02EDF0390880: set configuration 0: [d72208ce-2069-4651-9293-ddc837bc4e94:192.168.34.14:41565], old=null at 0
2019-09-23 17:22:26,479 [d72208ce-2069-4651-9293-ddc837bc4e94@group-02EDF0390880-SegmentedRaftLogWorker] INFO  segmented.SegmentedRaftLogWorker (SegmentedRaftLogWorker.java:execute(569)) - d72208ce-2069-4651-9293-ddc837bc4e94@group-02EDF0390880-SegmentedRaftLogWorker: created new log segment /workdir/hadoop-ozone/integration-test/target/test-dir/MiniOzoneClusterImpl-dc27b903-0525-47ea-8b09-60b958b4e498/datanode-2/data/ratis/3f684512-783e-47f7-bf7f-02edf0390880/current/log_inprogress_0
2019-09-23 17:22:26,572 [Thread-3390] INFO  impl.FollowerState (FollowerState.java:run(106)) - eaf7fe76-8f02-4367-a540-36f6b5b02da9:group-AC63FB52AA23 changes to CANDIDATE, lastRpcTime:1117, electionTimeout:1117ms
2019-09-23 17:22:26,572 [Thread-3390] INFO  impl.RoleInfo (RoleInfo.java:shutdownFollowerState(121)) - eaf7fe76-8f02-4367-a540-36f6b5b02da9: shutdown FollowerState
2019-09-23 17:22:26,572 [Thread-3390] INFO  impl.RaftServerImpl (RaftServerImpl.java:setRole(174)) - eaf7fe76-8f02-4367-a540-36f6b5b02da9@group-AC63FB52AA23: changes role from  FOLLOWER to CANDIDATE at term 0 for changeToCandidate
2019-09-23 17:22:26,572 [Thread-3390] INFO  impl.RoleInfo (RoleInfo.java:updateAndGet(143)) - eaf7fe76-8f02-4367-a540-36f6b5b02da9: start LeaderElection
2019-09-23 17:22:26,649 [eaf7fe76-8f02-4367-a540-36f6b5b02da9@group-AC63FB52AA23:LeaderElection121] INFO  impl.LeaderElection (LeaderElection.java:askForVotes(182)) - eaf7fe76-8f02-4367-a540-36f6b5b02da9@group-AC63FB52AA23:LeaderElection121: begin an election at term 1 for -1: [eaf7fe76-8f02-4367-a540-36f6b5b02da9:192.168.34.14:44815], old=null
2019-09-23 17:22:26,649 [eaf7fe76-8f02-4367-a540-36f6b5b02da9@group-AC63FB52AA23:LeaderElection121] INFO  impl.RoleInfo (RoleInfo.java:shutdownLeaderElection(134)) - eaf7fe76-8f02-4367-a540-36f6b5b02da9: shutdown LeaderElection
2019-09-23 17:22:26,649 [eaf7fe76-8f02-4367-a540-36f6b5b02da9@group-AC63FB52AA23:LeaderElection121] INFO  impl.RaftServerImpl (RaftServerImpl.java:setRole(174)) - eaf7fe76-8f02-4367-a540-36f6b5b02da9@group-AC63FB52AA23: changes role from CANDIDATE to LEADER at term 1 for changeToLeader
2019-09-23 17:22:26,650 [eaf7fe76-8f02-4367-a540-36f6b5b02da9@group-AC63FB52AA23:LeaderElection121] INFO  impl.RaftServerImpl (ServerState.java:setLeader(253)) - eaf7fe76-8f02-4367-a540-36f6b5b02da9@group-AC63FB52AA23: change Leader from null to eaf7fe76-8f02-4367-a540-36f6b5b02da9 at term 1 for becomeLeader, leader elected after 1202ms
2019-09-23 17:22:26,650 [eaf7fe76-8f02-4367-a540-36f6b5b02da9@group-AC63FB52AA23:LeaderElection121] INFO  server.RaftServerConfigKeys (ConfUtils.java:logGet(43)) - raft.server.staging.catchup.gap = 1000 (default)
2019-09-23 17:22:26,650 [eaf7fe76-8f02-4367-a540-36f6b5b02da9@group-AC63FB52AA23:LeaderElection121] INFO  server.RaftServerConfigKeys (ConfUtils.java:logGet(43)) - raft.server.rpc.sleep.time = 25ms (default)
2019-09-23 17:22:26,650 [eaf7fe76-8f02-4367-a540-36f6b5b02da9@group-AC63FB52AA23:LeaderElection121] INFO  server.RaftServerConfigKeys (ConfUtils.java:logGet(43)) - raft.server.write.element-limit = 4096 (default)
2019-09-23 17:22:26,650 [eaf7fe76-8f02-4367-a540-36f6b5b02da9@group-AC63FB52AA23:LeaderElection121] INFO  server.RaftServerConfigKeys (ConfUtils.java:logGet(43)) - raft.server.watch.timeout = 10s (default)
2019-09-23 17:22:26,650 [eaf7fe76-8f02-4367-a540-36f6b5b02da9@group-AC63FB52AA23:LeaderElection121] INFO  server.RaftServerConfigKeys (ConfUtils.java:logGet(43)) - raft.server.watch.timeout.denomination = 1s (default)
2019-09-23 17:22:26,651 [eaf7fe76-8f02-4367-a540-36f6b5b02da9@group-AC63FB52AA23:LeaderElection121] INFO  server.RaftServerConfigKeys (ConfUtils.java:logGet(43)) - raft.server.watch.element-limit = 65536 (default)
2019-09-23 17:22:26,653 [eaf7fe76-8f02-4367-a540-36f6b5b02da9@group-AC63FB52AA23:LeaderElection121] INFO  impl.RoleInfo (RoleInfo.java:updateAndGet(143)) - eaf7fe76-8f02-4367-a540-36f6b5b02da9: start LeaderState
2019-09-23 17:22:26,653 [eaf7fe76-8f02-4367-a540-36f6b5b02da9@group-AC63FB52AA23:LeaderElection121] INFO  segmented.SegmentedRaftLogWorker (SegmentedRaftLogWorker.java:startLogSegment(380)) - eaf7fe76-8f02-4367-a540-36f6b5b02da9@group-AC63FB52AA23-SegmentedRaftLogWorker: Starting segment from index:0
2019-09-23 17:22:26,654 [eaf7fe76-8f02-4367-a540-36f6b5b02da9@group-AC63FB52AA23:LeaderElection121] INFO  impl.RaftServerImpl (ServerState.java:setRaftConf(354)) - eaf7fe76-8f02-4367-a540-36f6b5b02da9@group-AC63FB52AA23: set configuration 0: [eaf7fe76-8f02-4367-a540-36f6b5b02da9:192.168.34.14:44815], old=null at 0
2019-09-23 17:22:26,733 [Thread-3403] INFO  impl.FollowerState (FollowerState.java:run(106)) - a41748ab-4e9a-4a99-a107-c015e4324edf:group-DF278A1D03E7 changes to CANDIDATE, lastRpcTime:1010, electionTimeout:1010ms
2019-09-23 17:22:26,734 [Thread-3403] INFO  impl.RoleInfo (RoleInfo.java:shutdownFollowerState(121)) - a41748ab-4e9a-4a99-a107-c015e4324edf: shutdown FollowerState
2019-09-23 17:22:26,734 [Thread-3403] INFO  impl.RaftServerImpl (RaftServerImpl.java:setRole(174)) - a41748ab-4e9a-4a99-a107-c015e4324edf@group-DF278A1D03E7: changes role from  FOLLOWER to CANDIDATE at term 0 for changeToCandidate
2019-09-23 17:22:26,734 [Thread-3403] INFO  impl.RoleInfo (RoleInfo.java:updateAndGet(143)) - a41748ab-4e9a-4a99-a107-c015e4324edf: start LeaderElection
2019-09-23 17:22:26,759 [Thread-3394] INFO  impl.FollowerState (FollowerState.java:run(106)) - bc19b587-0afa-44fa-868a-b1d2a74f7494:group-AEA17C798492 changes to CANDIDATE, lastRpcTime:1143, electionTimeout:1143ms
2019-09-23 17:22:26,759 [Thread-3394] INFO  impl.RoleInfo (RoleInfo.java:shutdownFollowerState(121)) - bc19b587-0afa-44fa-868a-b1d2a74f7494: shutdown FollowerState
2019-09-23 17:22:26,759 [Thread-3394] INFO  impl.RaftServerImpl (RaftServerImpl.java:setRole(174)) - bc19b587-0afa-44fa-868a-b1d2a74f7494@group-AEA17C798492: changes role from  FOLLOWER to CANDIDATE at term 0 for changeToCandidate
2019-09-23 17:22:26,759 [Thread-3394] INFO  impl.RoleInfo (RoleInfo.java:updateAndGet(143)) - bc19b587-0afa-44fa-868a-b1d2a74f7494: start LeaderElection
2019-09-23 17:22:26,766 [eaf7fe76-8f02-4367-a540-36f6b5b02da9@group-AC63FB52AA23-SegmentedRaftLogWorker] INFO  segmented.SegmentedRaftLogWorker (SegmentedRaftLogWorker.java:execute(569)) - eaf7fe76-8f02-4367-a540-36f6b5b02da9@group-AC63FB52AA23-SegmentedRaftLogWorker: created new log segment /workdir/hadoop-ozone/integration-test/target/test-dir/MiniOzoneClusterImpl-dc27b903-0525-47ea-8b09-60b958b4e498/datanode-8/data/ratis/f8bcb3b7-6544-4505-bcc0-ac63fb52aa23/current/log_inprogress_0
2019-09-23 17:22:26,788 [a41748ab-4e9a-4a99-a107-c015e4324edf@group-DF278A1D03E7:LeaderElection122] INFO  impl.LeaderElection (LeaderElection.java:askForVotes(182)) - a41748ab-4e9a-4a99-a107-c015e4324edf@group-DF278A1D03E7:LeaderElection122: begin an election at term 1 for -1: [a41748ab-4e9a-4a99-a107-c015e4324edf:192.168.34.14:45273, 88a31ab1-6c68-496a-9143-f02147be1aed:192.168.34.14:38082, 16da575b-49d8-417e-9508-80525cac3dd0:192.168.34.14:45728], old=null
2019-09-23 17:22:26,798 [grpc-default-executor-20] INFO  impl.RaftServerImpl (RaftServerImpl.java:setRole(174)) - 16da575b-49d8-417e-9508-80525cac3dd0@group-DF278A1D03E7: changes role from  FOLLOWER to FOLLOWER at term 1 for recognizeCandidate:a41748ab-4e9a-4a99-a107-c015e4324edf
2019-09-23 17:22:26,798 [grpc-default-executor-20] INFO  impl.RoleInfo (RoleInfo.java:shutdownFollowerState(121)) - 16da575b-49d8-417e-9508-80525cac3dd0: shutdown FollowerState
2019-09-23 17:22:26,800 [grpc-default-executor-11] INFO  impl.RaftServerImpl (RaftServerImpl.java:setRole(174)) - 88a31ab1-6c68-496a-9143-f02147be1aed@group-DF278A1D03E7: changes role from  FOLLOWER to FOLLOWER at term 1 for recognizeCandidate:a41748ab-4e9a-4a99-a107-c015e4324edf
2019-09-23 17:22:26,801 [grpc-default-executor-11] INFO  impl.RoleInfo (RoleInfo.java:shutdownFollowerState(121)) - 88a31ab1-6c68-496a-9143-f02147be1aed: shutdown FollowerState
2019-09-23 17:22:26,801 [Thread-3399] INFO  impl.FollowerState (FollowerState.java:run(115)) - 16da575b-49d8-417e-9508-80525cac3dd0: FollowerState was interrupted: java.lang.InterruptedException: sleep interrupted
2019-09-23 17:22:26,800 [grpc-default-executor-20] INFO  impl.RoleInfo (RoleInfo.java:updateAndGet(143)) - 16da575b-49d8-417e-9508-80525cac3dd0: start FollowerState
2019-09-23 17:22:26,801 [Thread-3404] INFO  impl.FollowerState (FollowerState.java:run(115)) - 88a31ab1-6c68-496a-9143-f02147be1aed: FollowerState was interrupted: java.lang.InterruptedException: sleep interrupted
2019-09-23 17:22:26,801 [grpc-default-executor-11] INFO  impl.RoleInfo (RoleInfo.java:updateAndGet(143)) - 88a31ab1-6c68-496a-9143-f02147be1aed: start FollowerState
2019-09-23 17:22:26,864 [bc19b587-0afa-44fa-868a-b1d2a74f7494@group-AEA17C798492:LeaderElection123] INFO  impl.LeaderElection (LeaderElection.java:askForVotes(182)) - bc19b587-0afa-44fa-868a-b1d2a74f7494@group-AEA17C798492:LeaderElection123: begin an election at term 1 for -1: [bc19b587-0afa-44fa-868a-b1d2a74f7494:192.168.34.14:42522], old=null
2019-09-23 17:22:26,864 [bc19b587-0afa-44fa-868a-b1d2a74f7494@group-AEA17C798492:LeaderElection123] INFO  impl.RoleInfo (RoleInfo.java:shutdownLeaderElection(134)) - bc19b587-0afa-44fa-868a-b1d2a74f7494: shutdown LeaderElection
2019-09-23 17:22:26,864 [bc19b587-0afa-44fa-868a-b1d2a74f7494@group-AEA17C798492:LeaderElection123] INFO  impl.RaftServerImpl (RaftServerImpl.java:setRole(174)) - bc19b587-0afa-44fa-868a-b1d2a74f7494@group-AEA17C798492: changes role from CANDIDATE to LEADER at term 1 for changeToLeader
2019-09-23 17:22:26,864 [bc19b587-0afa-44fa-868a-b1d2a74f7494@group-AEA17C798492:LeaderElection123] INFO  impl.RaftServerImpl (ServerState.java:setLeader(253)) - bc19b587-0afa-44fa-868a-b1d2a74f7494@group-AEA17C798492: change Leader from null to bc19b587-0afa-44fa-868a-b1d2a74f7494 at term 1 for becomeLeader, leader elected after 1259ms
2019-09-23 17:22:26,865 [bc19b587-0afa-44fa-868a-b1d2a74f7494@group-AEA17C798492:LeaderElection123] INFO  server.RaftServerConfigKeys (ConfUtils.java:logGet(43)) - raft.server.staging.catchup.gap = 1000 (default)
2019-09-23 17:22:26,865 [bc19b587-0afa-44fa-868a-b1d2a74f7494@group-AEA17C798492:LeaderElection123] INFO  server.RaftServerConfigKeys (ConfUtils.java:logGet(43)) - raft.server.rpc.sleep.time = 25ms (default)
2019-09-23 17:22:26,865 [bc19b587-0afa-44fa-868a-b1d2a74f7494@group-AEA17C798492:LeaderElection123] INFO  server.RaftServerConfigKeys (ConfUtils.java:logGet(43)) - raft.server.write.element-limit = 4096 (default)
2019-09-23 17:22:26,865 [bc19b587-0afa-44fa-868a-b1d2a74f7494@group-AEA17C798492:LeaderElection123] INFO  server.RaftServerConfigKeys (ConfUtils.java:logGet(43)) - raft.server.watch.timeout = 10s (default)
2019-09-23 17:22:26,865 [bc19b587-0afa-44fa-868a-b1d2a74f7494@group-AEA17C798492:LeaderElection123] INFO  server.RaftServerConfigKeys (ConfUtils.java:logGet(43)) - raft.server.watch.timeout.denomination = 1s (default)
2019-09-23 17:22:26,865 [bc19b587-0afa-44fa-868a-b1d2a74f7494@group-AEA17C798492:LeaderElection123] INFO  server.RaftServerConfigKeys (ConfUtils.java:logGet(43)) - raft.server.watch.element-limit = 65536 (default)
2019-09-23 17:22:26,867 [bc19b587-0afa-44fa-868a-b1d2a74f7494@group-AEA17C798492:LeaderElection123] INFO  impl.RoleInfo (RoleInfo.java:updateAndGet(143)) - bc19b587-0afa-44fa-868a-b1d2a74f7494: start LeaderState
2019-09-23 17:22:26,868 [bc19b587-0afa-44fa-868a-b1d2a74f7494@group-AEA17C798492:LeaderElection123] INFO  segmented.SegmentedRaftLogWorker (SegmentedRaftLogWorker.java:startLogSegment(380)) - bc19b587-0afa-44fa-868a-b1d2a74f7494@group-AEA17C798492-SegmentedRaftLogWorker: Starting segment from index:0
2019-09-23 17:22:26,868 [bc19b587-0afa-44fa-868a-b1d2a74f7494@group-AEA17C798492:LeaderElection123] INFO  impl.RaftServerImpl (ServerState.java:setRaftConf(354)) - bc19b587-0afa-44fa-868a-b1d2a74f7494@group-AEA17C798492: set configuration 0: [bc19b587-0afa-44fa-868a-b1d2a74f7494:192.168.34.14:42522], old=null at 0
2019-09-23 17:22:26,889 [a41748ab-4e9a-4a99-a107-c015e4324edf@group-DF278A1D03E7:LeaderElection122] INFO  impl.LeaderElection (LeaderElection.java:logAndReturn(56)) - a41748ab-4e9a-4a99-a107-c015e4324edf@group-DF278A1D03E7:LeaderElection122: Election PASSED; received 1 response(s) [a41748ab-4e9a-4a99-a107-c015e4324edf<-16da575b-49d8-417e-9508-80525cac3dd0#0:OK-t1] and 0 exception(s); a41748ab-4e9a-4a99-a107-c015e4324edf@group-DF278A1D03E7:t1, leader=null, voted=a41748ab-4e9a-4a99-a107-c015e4324edf, raftlog=a41748ab-4e9a-4a99-a107-c015e4324edf@group-DF278A1D03E7-SegmentedRaftLog:OPENED:c-1,f-1,i0, conf=-1: [a41748ab-4e9a-4a99-a107-c015e4324edf:192.168.34.14:45273, 88a31ab1-6c68-496a-9143-f02147be1aed:192.168.34.14:38082, 16da575b-49d8-417e-9508-80525cac3dd0:192.168.34.14:45728], old=null
2019-09-23 17:22:26,889 [a41748ab-4e9a-4a99-a107-c015e4324edf@group-DF278A1D03E7:LeaderElection122] INFO  impl.RoleInfo (RoleInfo.java:shutdownLeaderElection(134)) - a41748ab-4e9a-4a99-a107-c015e4324edf: shutdown LeaderElection
2019-09-23 17:22:26,890 [a41748ab-4e9a-4a99-a107-c015e4324edf@group-DF278A1D03E7:LeaderElection122] INFO  impl.RaftServerImpl (RaftServerImpl.java:setRole(174)) - a41748ab-4e9a-4a99-a107-c015e4324edf@group-DF278A1D03E7: changes role from CANDIDATE to LEADER at term 1 for changeToLeader
2019-09-23 17:22:26,890 [a41748ab-4e9a-4a99-a107-c015e4324edf@group-DF278A1D03E7:LeaderElection122] INFO  impl.RaftServerImpl (ServerState.java:setLeader(253)) - a41748ab-4e9a-4a99-a107-c015e4324edf@group-DF278A1D03E7: change Leader from null to a41748ab-4e9a-4a99-a107-c015e4324edf at term 1 for becomeLeader, leader elected after 1180ms
2019-09-23 17:22:26,890 [a41748ab-4e9a-4a99-a107-c015e4324edf@group-DF278A1D03E7:LeaderElection122] INFO  server.RaftServerConfigKeys (ConfUtils.java:logGet(43)) - raft.server.staging.catchup.gap = 1000 (default)
2019-09-23 17:22:26,890 [a41748ab-4e9a-4a99-a107-c015e4324edf@group-DF278A1D03E7:LeaderElection122] INFO  server.RaftServerConfigKeys (ConfUtils.java:logGet(43)) - raft.server.rpc.sleep.time = 25ms (default)
2019-09-23 17:22:26,890 [a41748ab-4e9a-4a99-a107-c015e4324edf@group-DF278A1D03E7:LeaderElection122] INFO  server.RaftServerConfigKeys (ConfUtils.java:logGet(43)) - raft.server.write.element-limit = 4096 (default)
2019-09-23 17:22:26,890 [a41748ab-4e9a-4a99-a107-c015e4324edf@group-DF278A1D03E7:LeaderElection122] INFO  server.RaftServerConfigKeys (ConfUtils.java:logGet(43)) - raft.server.watch.timeout = 10s (default)
2019-09-23 17:22:26,891 [a41748ab-4e9a-4a99-a107-c015e4324edf@group-DF278A1D03E7:LeaderElection122] INFO  server.RaftServerConfigKeys (ConfUtils.java:logGet(43)) - raft.server.watch.timeout.denomination = 1s (default)
2019-09-23 17:22:26,891 [a41748ab-4e9a-4a99-a107-c015e4324edf@group-DF278A1D03E7:LeaderElection122] INFO  server.RaftServerConfigKeys (ConfUtils.java:logGet(43)) - raft.server.watch.element-limit = 65536 (default)
2019-09-23 17:22:26,893 [a41748ab-4e9a-4a99-a107-c015e4324edf@group-DF278A1D03E7:LeaderElection122] INFO  server.RaftServerConfigKeys (ConfUtils.java:logGet(43)) - raft.server.log.appender.snapshot.chunk.size.max = 16MB (=16777216) (default)
2019-09-23 17:22:26,893 [a41748ab-4e9a-4a99-a107-c015e4324edf@group-DF278A1D03E7:LeaderElection122] INFO  server.RaftServerConfigKeys (ConfUtils.java:logGet(43)) - raft.server.log.appender.buffer.byte-limit = 33554432 (custom)
2019-09-23 17:22:26,893 [a41748ab-4e9a-4a99-a107-c015e4324edf@group-DF278A1D03E7:LeaderElection122] INFO  server.RaftServerConfigKeys (ConfUtils.java:logGet(43)) - raft.server.log.appender.buffer.element-limit = 1 (custom)
2019-09-23 17:22:26,893 [a41748ab-4e9a-4a99-a107-c015e4324edf@group-DF278A1D03E7:LeaderElection122] INFO  grpc.GrpcConfigKeys$Server (ConfUtils.java:logGet(43)) - raft.grpc.server.leader.outstanding.appends.max = 128 (default)
2019-09-23 17:22:26,894 [a41748ab-4e9a-4a99-a107-c015e4324edf@group-DF278A1D03E7:LeaderElection122] INFO  server.RaftServerConfigKeys (ConfUtils.java:logGet(43)) - raft.server.rpc.request.timeout = 3000ms (default)
2019-09-23 17:22:26,894 [a41748ab-4e9a-4a99-a107-c015e4324edf@group-DF278A1D03E7:LeaderElection122] INFO  server.RaftServerConfigKeys (ConfUtils.java:logGet(43)) - raft.server.log.appender.install.snapshot.enabled = false (custom)
2019-09-23 17:22:26,894 [a41748ab-4e9a-4a99-a107-c015e4324edf@group-DF278A1D03E7:LeaderElection122] INFO  server.RaftServerConfigKeys (ConfUtils.java:logGet(43)) - raft.server.log.appender.snapshot.chunk.size.max = 16MB (=16777216) (default)
2019-09-23 17:22:26,894 [a41748ab-4e9a-4a99-a107-c015e4324edf@group-DF278A1D03E7:LeaderElection122] INFO  server.RaftServerConfigKeys (ConfUtils.java:logGet(43)) - raft.server.log.appender.buffer.byte-limit = 33554432 (custom)
2019-09-23 17:22:26,894 [a41748ab-4e9a-4a99-a107-c015e4324edf@group-DF278A1D03E7:LeaderElection122] INFO  server.RaftServerConfigKeys (ConfUtils.java:logGet(43)) - raft.server.log.appender.buffer.element-limit = 1 (custom)
2019-09-23 17:22:26,895 [a41748ab-4e9a-4a99-a107-c015e4324edf@group-DF278A1D03E7:LeaderElection122] INFO  grpc.GrpcConfigKeys$Server (ConfUtils.java:logGet(43)) - raft.grpc.server.leader.outstanding.appends.max = 128 (default)
2019-09-23 17:22:26,895 [a41748ab-4e9a-4a99-a107-c015e4324edf@group-DF278A1D03E7:LeaderElection122] INFO  server.RaftServerConfigKeys (ConfUtils.java:logGet(43)) - raft.server.rpc.request.timeout = 3000ms (default)
2019-09-23 17:22:26,895 [a41748ab-4e9a-4a99-a107-c015e4324edf@group-DF278A1D03E7:LeaderElection122] INFO  server.RaftServerConfigKeys (ConfUtils.java:logGet(43)) - raft.server.log.appender.install.snapshot.enabled = false (custom)
2019-09-23 17:22:26,895 [a41748ab-4e9a-4a99-a107-c015e4324edf@group-DF278A1D03E7:LeaderElection122] INFO  impl.RoleInfo (RoleInfo.java:updateAndGet(143)) - a41748ab-4e9a-4a99-a107-c015e4324edf: start LeaderState
2019-09-23 17:22:26,895 [a41748ab-4e9a-4a99-a107-c015e4324edf@group-DF278A1D03E7:LeaderElection122] INFO  segmented.SegmentedRaftLogWorker (SegmentedRaftLogWorker.java:startLogSegment(380)) - a41748ab-4e9a-4a99-a107-c015e4324edf@group-DF278A1D03E7-SegmentedRaftLogWorker: Starting segment from index:0
2019-09-23 17:22:26,896 [a41748ab-4e9a-4a99-a107-c015e4324edf@group-DF278A1D03E7:LeaderElection122] INFO  impl.RaftServerImpl (ServerState.java:setRaftConf(354)) - a41748ab-4e9a-4a99-a107-c015e4324edf@group-DF278A1D03E7: set configuration 0: [a41748ab-4e9a-4a99-a107-c015e4324edf:192.168.34.14:45273, 88a31ab1-6c68-496a-9143-f02147be1aed:192.168.34.14:38082, 16da575b-49d8-417e-9508-80525cac3dd0:192.168.34.14:45728], old=null at 0
2019-09-23 17:22:26,898 [grpc-default-executor-11] INFO  impl.RaftServerImpl (ServerState.java:setLeader(253)) - 88a31ab1-6c68-496a-9143-f02147be1aed@group-DF278A1D03E7: change Leader from null to a41748ab-4e9a-4a99-a107-c015e4324edf at term 1 for appendEntries, leader elected after 1187ms
2019-09-23 17:22:26,898 [grpc-default-executor-20] INFO  impl.RaftServerImpl (ServerState.java:setLeader(253)) - 16da575b-49d8-417e-9508-80525cac3dd0@group-DF278A1D03E7: change Leader from null to a41748ab-4e9a-4a99-a107-c015e4324edf at term 1 for appendEntries, leader elected after 1188ms
2019-09-23 17:22:26,943 [grpc-default-executor-11] INFO  impl.RaftServerImpl (ServerState.java:setRaftConf(354)) - 88a31ab1-6c68-496a-9143-f02147be1aed@group-DF278A1D03E7: set configuration 0: [a41748ab-4e9a-4a99-a107-c015e4324edf:192.168.34.14:45273, 88a31ab1-6c68-496a-9143-f02147be1aed:192.168.34.14:38082, 16da575b-49d8-417e-9508-80525cac3dd0:192.168.34.14:45728], old=null at 0
2019-09-23 17:22:26,943 [grpc-default-executor-20] INFO  impl.RaftServerImpl (ServerState.java:setRaftConf(354)) - 16da575b-49d8-417e-9508-80525cac3dd0@group-DF278A1D03E7: set configuration 0: [a41748ab-4e9a-4a99-a107-c015e4324edf:192.168.34.14:45273, 88a31ab1-6c68-496a-9143-f02147be1aed:192.168.34.14:38082, 16da575b-49d8-417e-9508-80525cac3dd0:192.168.34.14:45728], old=null at 0
2019-09-23 17:22:26,943 [grpc-default-executor-11] INFO  segmented.SegmentedRaftLogWorker (SegmentedRaftLogWorker.java:startLogSegment(380)) - 88a31ab1-6c68-496a-9143-f02147be1aed@group-DF278A1D03E7-SegmentedRaftLogWorker: Starting segment from index:0
2019-09-23 17:22:26,943 [grpc-default-executor-20] INFO  segmented.SegmentedRaftLogWorker (SegmentedRaftLogWorker.java:startLogSegment(380)) - 16da575b-49d8-417e-9508-80525cac3dd0@group-DF278A1D03E7-SegmentedRaftLogWorker: Starting segment from index:0
2019-09-23 17:22:26,992 [bc19b587-0afa-44fa-868a-b1d2a74f7494@group-AEA17C798492-SegmentedRaftLogWorker] INFO  segmented.SegmentedRaftLogWorker (SegmentedRaftLogWorker.java:execute(569)) - bc19b587-0afa-44fa-868a-b1d2a74f7494@group-AEA17C798492-SegmentedRaftLogWorker: created new log segment /workdir/hadoop-ozone/integration-test/target/test-dir/MiniOzoneClusterImpl-dc27b903-0525-47ea-8b09-60b958b4e498/datanode-6/data/ratis/cd42be85-27e6-4231-8c79-aea17c798492/current/log_inprogress_0
2019-09-23 17:22:26,992 [a41748ab-4e9a-4a99-a107-c015e4324edf@group-DF278A1D03E7-SegmentedRaftLogWorker] INFO  segmented.SegmentedRaftLogWorker (SegmentedRaftLogWorker.java:execute(569)) - a41748ab-4e9a-4a99-a107-c015e4324edf@group-DF278A1D03E7-SegmentedRaftLogWorker: created new log segment /workdir/hadoop-ozone/integration-test/target/test-dir/MiniOzoneClusterImpl-dc27b903-0525-47ea-8b09-60b958b4e498/datanode-9/data/ratis/0b38b2d1-6862-4455-99a1-df278a1d03e7/current/log_inprogress_0
2019-09-23 17:22:27,033 [88a31ab1-6c68-496a-9143-f02147be1aed@group-DF278A1D03E7-SegmentedRaftLogWorker] INFO  segmented.SegmentedRaftLogWorker (SegmentedRaftLogWorker.java:execute(569)) - 88a31ab1-6c68-496a-9143-f02147be1aed@group-DF278A1D03E7-SegmentedRaftLogWorker: created new log segment /workdir/hadoop-ozone/integration-test/target/test-dir/MiniOzoneClusterImpl-dc27b903-0525-47ea-8b09-60b958b4e498/datanode-7/data/ratis/0b38b2d1-6862-4455-99a1-df278a1d03e7/current/log_inprogress_0
2019-09-23 17:22:27,033 [16da575b-49d8-417e-9508-80525cac3dd0@group-DF278A1D03E7-SegmentedRaftLogWorker] INFO  segmented.SegmentedRaftLogWorker (SegmentedRaftLogWorker.java:execute(569)) - 16da575b-49d8-417e-9508-80525cac3dd0@group-DF278A1D03E7-SegmentedRaftLogWorker: created new log segment /workdir/hadoop-ozone/integration-test/target/test-dir/MiniOzoneClusterImpl-dc27b903-0525-47ea-8b09-60b958b4e498/datanode-1/data/ratis/0b38b2d1-6862-4455-99a1-df278a1d03e7/current/log_inprogress_0
2019-09-23 17:22:27,040 [Thread-3413] INFO  impl.FollowerState (FollowerState.java:run(106)) - dee4c762-71db-4d64-ab47-681bb437fd07:group-E9C4DD6AFD65 changes to CANDIDATE, lastRpcTime:1169, electionTimeout:1169ms
2019-09-23 17:22:27,041 [Thread-3413] INFO  impl.RoleInfo (RoleInfo.java:shutdownFollowerState(121)) - dee4c762-71db-4d64-ab47-681bb437fd07: shutdown FollowerState
2019-09-23 17:22:27,041 [Thread-3413] INFO  impl.RaftServerImpl (RaftServerImpl.java:setRole(174)) - dee4c762-71db-4d64-ab47-681bb437fd07@group-E9C4DD6AFD65: changes role from  FOLLOWER to CANDIDATE at term 0 for changeToCandidate
2019-09-23 17:22:27,041 [Thread-3413] INFO  impl.RoleInfo (RoleInfo.java:updateAndGet(143)) - dee4c762-71db-4d64-ab47-681bb437fd07: start LeaderElection
2019-09-23 17:22:27,054 [Thread-3421] INFO  impl.FollowerState (FollowerState.java:run(106)) - 75ab0a4d-5206-4350-91b3-4197023479e2:group-E9C4DD6AFD65 changes to CANDIDATE, lastRpcTime:1098, electionTimeout:1098ms
2019-09-23 17:22:27,054 [Thread-3421] INFO  impl.RoleInfo (RoleInfo.java:shutdownFollowerState(121)) - 75ab0a4d-5206-4350-91b3-4197023479e2: shutdown FollowerState
2019-09-23 17:22:27,054 [Thread-3421] INFO  impl.RaftServerImpl (RaftServerImpl.java:setRole(174)) - 75ab0a4d-5206-4350-91b3-4197023479e2@group-E9C4DD6AFD65: changes role from  FOLLOWER to CANDIDATE at term 0 for changeToCandidate
2019-09-23 17:22:27,054 [Thread-3421] INFO  impl.RoleInfo (RoleInfo.java:updateAndGet(143)) - 75ab0a4d-5206-4350-91b3-4197023479e2: start LeaderElection
2019-09-23 17:22:27,113 [Thread-3420] INFO  impl.FollowerState (FollowerState.java:run(106)) - cf9188cb-18f1-4c06-b3bb-d2975ec16a95:group-E9C4DD6AFD65 changes to CANDIDATE, lastRpcTime:1157, electionTimeout:1157ms
2019-09-23 17:22:27,113 [Thread-3420] INFO  impl.RoleInfo (RoleInfo.java:shutdownFollowerState(121)) - cf9188cb-18f1-4c06-b3bb-d2975ec16a95: shutdown FollowerState
2019-09-23 17:22:27,113 [Thread-3420] INFO  impl.RaftServerImpl (RaftServerImpl.java:setRole(174)) - cf9188cb-18f1-4c06-b3bb-d2975ec16a95@group-E9C4DD6AFD65: changes role from  FOLLOWER to CANDIDATE at term 0 for changeToCandidate
2019-09-23 17:22:27,113 [Thread-3420] INFO  impl.RoleInfo (RoleInfo.java:updateAndGet(143)) - cf9188cb-18f1-4c06-b3bb-d2975ec16a95: start LeaderElection
2019-09-23 17:22:27,121 [75ab0a4d-5206-4350-91b3-4197023479e2@group-E9C4DD6AFD65:LeaderElection125] INFO  impl.LeaderElection (LeaderElection.java:askForVotes(182)) - 75ab0a4d-5206-4350-91b3-4197023479e2@group-E9C4DD6AFD65:LeaderElection125: begin an election at term 1 for -1: [dee4c762-71db-4d64-ab47-681bb437fd07:192.168.34.14:36188, 75ab0a4d-5206-4350-91b3-4197023479e2:192.168.34.14:43851, cf9188cb-18f1-4c06-b3bb-d2975ec16a95:192.168.34.14:35549], old=null
2019-09-23 17:22:27,121 [dee4c762-71db-4d64-ab47-681bb437fd07@group-E9C4DD6AFD65:LeaderElection124] INFO  impl.LeaderElection (LeaderElection.java:askForVotes(182)) - dee4c762-71db-4d64-ab47-681bb437fd07@group-E9C4DD6AFD65:LeaderElection124: begin an election at term 1 for -1: [dee4c762-71db-4d64-ab47-681bb437fd07:192.168.34.14:36188, 75ab0a4d-5206-4350-91b3-4197023479e2:192.168.34.14:43851, cf9188cb-18f1-4c06-b3bb-d2975ec16a95:192.168.34.14:35549], old=null
2019-09-23 17:22:27,179 [cf9188cb-18f1-4c06-b3bb-d2975ec16a95@group-E9C4DD6AFD65:LeaderElection126] INFO  impl.LeaderElection (LeaderElection.java:askForVotes(182)) - cf9188cb-18f1-4c06-b3bb-d2975ec16a95@group-E9C4DD6AFD65:LeaderElection126: begin an election at term 1 for -1: [dee4c762-71db-4d64-ab47-681bb437fd07:192.168.34.14:36188, 75ab0a4d-5206-4350-91b3-4197023479e2:192.168.34.14:43851, cf9188cb-18f1-4c06-b3bb-d2975ec16a95:192.168.34.14:35549], old=null
2019-09-23 17:22:27,180 [dee4c762-71db-4d64-ab47-681bb437fd07@group-E9C4DD6AFD65:LeaderElection124] INFO  impl.LeaderElection (LeaderElection.java:logAndReturn(56)) - dee4c762-71db-4d64-ab47-681bb437fd07@group-E9C4DD6AFD65:LeaderElection124: Election REJECTED; received 2 response(s) [dee4c762-71db-4d64-ab47-681bb437fd07<-75ab0a4d-5206-4350-91b3-4197023479e2#0:FAIL-t1, dee4c762-71db-4d64-ab47-681bb437fd07<-cf9188cb-18f1-4c06-b3bb-d2975ec16a95#0:FAIL-t1] and 0 exception(s); dee4c762-71db-4d64-ab47-681bb437fd07@group-E9C4DD6AFD65:t1, leader=null, voted=dee4c762-71db-4d64-ab47-681bb437fd07, raftlog=dee4c762-71db-4d64-ab47-681bb437fd07@group-E9C4DD6AFD65-SegmentedRaftLog:OPENED:c-1,f-1,i0, conf=-1: [dee4c762-71db-4d64-ab47-681bb437fd07:192.168.34.14:36188, 75ab0a4d-5206-4350-91b3-4197023479e2:192.168.34.14:43851, cf9188cb-18f1-4c06-b3bb-d2975ec16a95:192.168.34.14:35549], old=null
2019-09-23 17:22:27,180 [75ab0a4d-5206-4350-91b3-4197023479e2@group-E9C4DD6AFD65:LeaderElection125] INFO  impl.LeaderElection (LeaderElection.java:logAndReturn(56)) - 75ab0a4d-5206-4350-91b3-4197023479e2@group-E9C4DD6AFD65:LeaderElection125: Election REJECTED; received 2 response(s) [75ab0a4d-5206-4350-91b3-4197023479e2<-dee4c762-71db-4d64-ab47-681bb437fd07#0:FAIL-t1, 75ab0a4d-5206-4350-91b3-4197023479e2<-cf9188cb-18f1-4c06-b3bb-d2975ec16a95#0:FAIL-t1] and 0 exception(s); 75ab0a4d-5206-4350-91b3-4197023479e2@group-E9C4DD6AFD65:t1, leader=null, voted=75ab0a4d-5206-4350-91b3-4197023479e2, raftlog=75ab0a4d-5206-4350-91b3-4197023479e2@group-E9C4DD6AFD65-SegmentedRaftLog:OPENED:c-1,f-1,i0, conf=-1: [dee4c762-71db-4d64-ab47-681bb437fd07:192.168.34.14:36188, 75ab0a4d-5206-4350-91b3-4197023479e2:192.168.34.14:43851, cf9188cb-18f1-4c06-b3bb-d2975ec16a95:192.168.34.14:35549], old=null
2019-09-23 17:22:27,180 [dee4c762-71db-4d64-ab47-681bb437fd07@group-E9C4DD6AFD65:LeaderElection124] INFO  impl.RaftServerImpl (RaftServerImpl.java:setRole(174)) - dee4c762-71db-4d64-ab47-681bb437fd07@group-E9C4DD6AFD65: changes role from CANDIDATE to FOLLOWER at term 1 for DISCOVERED_A_NEW_TERM
2019-09-23 17:22:27,180 [75ab0a4d-5206-4350-91b3-4197023479e2@group-E9C4DD6AFD65:LeaderElection125] INFO  impl.RaftServerImpl (RaftServerImpl.java:setRole(174)) - 75ab0a4d-5206-4350-91b3-4197023479e2@group-E9C4DD6AFD65: changes role from CANDIDATE to FOLLOWER at term 1 for DISCOVERED_A_NEW_TERM
2019-09-23 17:22:27,180 [dee4c762-71db-4d64-ab47-681bb437fd07@group-E9C4DD6AFD65:LeaderElection124] INFO  impl.RoleInfo (RoleInfo.java:shutdownLeaderElection(134)) - dee4c762-71db-4d64-ab47-681bb437fd07: shutdown LeaderElection
2019-09-23 17:22:27,180 [75ab0a4d-5206-4350-91b3-4197023479e2@group-E9C4DD6AFD65:LeaderElection125] INFO  impl.RoleInfo (RoleInfo.java:shutdownLeaderElection(134)) - 75ab0a4d-5206-4350-91b3-4197023479e2: shutdown LeaderElection
2019-09-23 17:22:27,181 [dee4c762-71db-4d64-ab47-681bb437fd07@group-E9C4DD6AFD65:LeaderElection124] INFO  impl.RoleInfo (RoleInfo.java:updateAndGet(143)) - dee4c762-71db-4d64-ab47-681bb437fd07: start FollowerState
2019-09-23 17:22:27,181 [75ab0a4d-5206-4350-91b3-4197023479e2@group-E9C4DD6AFD65:LeaderElection125] INFO  impl.RoleInfo (RoleInfo.java:updateAndGet(143)) - 75ab0a4d-5206-4350-91b3-4197023479e2: start FollowerState
2019-09-23 17:22:27,183 [cf9188cb-18f1-4c06-b3bb-d2975ec16a95@group-E9C4DD6AFD65:LeaderElection126] INFO  impl.LeaderElection (LeaderElection.java:logAndReturn(56)) - cf9188cb-18f1-4c06-b3bb-d2975ec16a95@group-E9C4DD6AFD65:LeaderElection126: Election REJECTED; received 2 response(s) [cf9188cb-18f1-4c06-b3bb-d2975ec16a95<-dee4c762-71db-4d64-ab47-681bb437fd07#0:FAIL-t1, cf9188cb-18f1-4c06-b3bb-d2975ec16a95<-75ab0a4d-5206-4350-91b3-4197023479e2#0:FAIL-t1] and 0 exception(s); cf9188cb-18f1-4c06-b3bb-d2975ec16a95@group-E9C4DD6AFD65:t1, leader=null, voted=cf9188cb-18f1-4c06-b3bb-d2975ec16a95, raftlog=cf9188cb-18f1-4c06-b3bb-d2975ec16a95@group-E9C4DD6AFD65-SegmentedRaftLog:OPENED:c-1,f-1,i0, conf=-1: [dee4c762-71db-4d64-ab47-681bb437fd07:192.168.34.14:36188, 75ab0a4d-5206-4350-91b3-4197023479e2:192.168.34.14:43851, cf9188cb-18f1-4c06-b3bb-d2975ec16a95:192.168.34.14:35549], old=null
2019-09-23 17:22:27,183 [cf9188cb-18f1-4c06-b3bb-d2975ec16a95@group-E9C4DD6AFD65:LeaderElection126] INFO  impl.RaftServerImpl (RaftServerImpl.java:setRole(174)) - cf9188cb-18f1-4c06-b3bb-d2975ec16a95@group-E9C4DD6AFD65: changes role from CANDIDATE to FOLLOWER at term 1 for DISCOVERED_A_NEW_TERM
2019-09-23 17:22:27,183 [cf9188cb-18f1-4c06-b3bb-d2975ec16a95@group-E9C4DD6AFD65:LeaderElection126] INFO  impl.RoleInfo (RoleInfo.java:shutdownLeaderElection(134)) - cf9188cb-18f1-4c06-b3bb-d2975ec16a95: shutdown LeaderElection
2019-09-23 17:22:27,183 [cf9188cb-18f1-4c06-b3bb-d2975ec16a95@group-E9C4DD6AFD65:LeaderElection126] INFO  impl.RoleInfo (RoleInfo.java:updateAndGet(143)) - cf9188cb-18f1-4c06-b3bb-d2975ec16a95: start FollowerState
2019-09-23 17:22:27,246 [Thread-3431] INFO  impl.FollowerState (FollowerState.java:run(106)) - d72208ce-2069-4651-9293-ddc837bc4e94:group-206EF5DB367B changes to CANDIDATE, lastRpcTime:1071, electionTimeout:1071ms
2019-09-23 17:22:27,246 [Thread-3431] INFO  impl.RoleInfo (RoleInfo.java:shutdownFollowerState(121)) - d72208ce-2069-4651-9293-ddc837bc4e94: shutdown FollowerState
2019-09-23 17:22:27,246 [Thread-3431] INFO  impl.RaftServerImpl (RaftServerImpl.java:setRole(174)) - d72208ce-2069-4651-9293-ddc837bc4e94@group-206EF5DB367B: changes role from  FOLLOWER to CANDIDATE at term 0 for changeToCandidate
2019-09-23 17:22:27,246 [Thread-3431] INFO  impl.RoleInfo (RoleInfo.java:updateAndGet(143)) - d72208ce-2069-4651-9293-ddc837bc4e94: start LeaderElection
2019-09-23 17:22:27,257 [Thread-3364] INFO  container.ReplicationManager (ReplicationManager.java:start(162)) - Starting Replication Monitor Thread.
2019-09-23 17:22:27,262 [ReplicationMonitor] INFO  container.ReplicationManager (ReplicationManager.java:run(225)) - Replication Monitor Thread took 0 milliseconds for processing 1 containers.
2019-09-23 17:22:27,296 [Thread-3436] INFO  impl.FollowerState (FollowerState.java:run(106)) - 8fb4cdab-c625-4313-be02-bfab5deacb6d:group-206EF5DB367B changes to CANDIDATE, lastRpcTime:1119, electionTimeout:1117ms
2019-09-23 17:22:27,301 [Thread-3436] INFO  impl.RoleInfo (RoleInfo.java:shutdownFollowerState(121)) - 8fb4cdab-c625-4313-be02-bfab5deacb6d: shutdown FollowerState
2019-09-23 17:22:27,302 [Thread-3436] INFO  impl.RaftServerImpl (RaftServerImpl.java:setRole(174)) - 8fb4cdab-c625-4313-be02-bfab5deacb6d@group-206EF5DB367B: changes role from  FOLLOWER to CANDIDATE at term 0 for changeToCandidate
2019-09-23 17:22:27,305 [Thread-3434] INFO  impl.FollowerState (FollowerState.java:run(106)) - eaf7fe76-8f02-4367-a540-36f6b5b02da9:group-206EF5DB367B changes to CANDIDATE, lastRpcTime:1130, electionTimeout:1128ms
2019-09-23 17:22:27,306 [Thread-3436] INFO  impl.RoleInfo (RoleInfo.java:updateAndGet(143)) - 8fb4cdab-c625-4313-be02-bfab5deacb6d: start LeaderElection
2019-09-23 17:22:27,306 [Thread-3434] INFO  impl.RoleInfo (RoleInfo.java:shutdownFollowerState(121)) - eaf7fe76-8f02-4367-a540-36f6b5b02da9: shutdown FollowerState
2019-09-23 17:22:27,306 [Thread-3434] INFO  impl.RaftServerImpl (RaftServerImpl.java:setRole(174)) - eaf7fe76-8f02-4367-a540-36f6b5b02da9@group-206EF5DB367B: changes role from  FOLLOWER to CANDIDATE at term 0 for changeToCandidate
2019-09-23 17:22:27,306 [Thread-3434] INFO  impl.RoleInfo (RoleInfo.java:updateAndGet(143)) - eaf7fe76-8f02-4367-a540-36f6b5b02da9: start LeaderElection
2019-09-23 17:22:27,348 [d72208ce-2069-4651-9293-ddc837bc4e94@group-206EF5DB367B:LeaderElection127] INFO  impl.LeaderElection (LeaderElection.java:askForVotes(182)) - d72208ce-2069-4651-9293-ddc837bc4e94@group-206EF5DB367B:LeaderElection127: begin an election at term 1 for -1: [8fb4cdab-c625-4313-be02-bfab5deacb6d:192.168.34.14:33986, eaf7fe76-8f02-4367-a540-36f6b5b02da9:192.168.34.14:44815, d72208ce-2069-4651-9293-ddc837bc4e94:192.168.34.14:41565], old=null
2019-09-23 17:22:27,379 [8fb4cdab-c625-4313-be02-bfab5deacb6d@group-206EF5DB367B:LeaderElection128] INFO  impl.LeaderElection (LeaderElection.java:askForVotes(182)) - 8fb4cdab-c625-4313-be02-bfab5deacb6d@group-206EF5DB367B:LeaderElection128: begin an election at term 1 for -1: [8fb4cdab-c625-4313-be02-bfab5deacb6d:192.168.34.14:33986, eaf7fe76-8f02-4367-a540-36f6b5b02da9:192.168.34.14:44815, d72208ce-2069-4651-9293-ddc837bc4e94:192.168.34.14:41565], old=null
2019-09-23 17:22:27,379 [eaf7fe76-8f02-4367-a540-36f6b5b02da9@group-206EF5DB367B:LeaderElection129] INFO  impl.LeaderElection (LeaderElection.java:askForVotes(182)) - eaf7fe76-8f02-4367-a540-36f6b5b02da9@group-206EF5DB367B:LeaderElection129: begin an election at term 1 for -1: [8fb4cdab-c625-4313-be02-bfab5deacb6d:192.168.34.14:33986, eaf7fe76-8f02-4367-a540-36f6b5b02da9:192.168.34.14:44815, d72208ce-2069-4651-9293-ddc837bc4e94:192.168.34.14:41565], old=null
2019-09-23 17:22:27,380 [d72208ce-2069-4651-9293-ddc837bc4e94@group-206EF5DB367B:LeaderElection127] INFO  impl.LeaderElection (LeaderElection.java:logAndReturn(56)) - d72208ce-2069-4651-9293-ddc837bc4e94@group-206EF5DB367B:LeaderElection127: Election REJECTED; received 2 response(s) [d72208ce-2069-4651-9293-ddc837bc4e94<-8fb4cdab-c625-4313-be02-bfab5deacb6d#0:FAIL-t1, d72208ce-2069-4651-9293-ddc837bc4e94<-eaf7fe76-8f02-4367-a540-36f6b5b02da9#0:FAIL-t1] and 0 exception(s); d72208ce-2069-4651-9293-ddc837bc4e94@group-206EF5DB367B:t1, leader=null, voted=d72208ce-2069-4651-9293-ddc837bc4e94, raftlog=d72208ce-2069-4651-9293-ddc837bc4e94@group-206EF5DB367B-SegmentedRaftLog:OPENED:c-1,f-1,i0, conf=-1: [8fb4cdab-c625-4313-be02-bfab5deacb6d:192.168.34.14:33986, eaf7fe76-8f02-4367-a540-36f6b5b02da9:192.168.34.14:44815, d72208ce-2069-4651-9293-ddc837bc4e94:192.168.34.14:41565], old=null
2019-09-23 17:22:27,380 [d72208ce-2069-4651-9293-ddc837bc4e94@group-206EF5DB367B:LeaderElection127] INFO  impl.RaftServerImpl (RaftServerImpl.java:setRole(174)) - d72208ce-2069-4651-9293-ddc837bc4e94@group-206EF5DB367B: changes role from CANDIDATE to FOLLOWER at term 1 for DISCOVERED_A_NEW_TERM
2019-09-23 17:22:27,380 [d72208ce-2069-4651-9293-ddc837bc4e94@group-206EF5DB367B:LeaderElection127] INFO  impl.RoleInfo (RoleInfo.java:shutdownLeaderElection(134)) - d72208ce-2069-4651-9293-ddc837bc4e94: shutdown LeaderElection
2019-09-23 17:22:27,380 [d72208ce-2069-4651-9293-ddc837bc4e94@group-206EF5DB367B:LeaderElection127] INFO  impl.RoleInfo (RoleInfo.java:updateAndGet(143)) - d72208ce-2069-4651-9293-ddc837bc4e94: start FollowerState
2019-09-23 17:22:27,383 [eaf7fe76-8f02-4367-a540-36f6b5b02da9@group-206EF5DB367B:LeaderElection129] INFO  impl.LeaderElection (LeaderElection.java:logAndReturn(56)) - eaf7fe76-8f02-4367-a540-36f6b5b02da9@group-206EF5DB367B:LeaderElection129: Election REJECTED; received 2 response(s) [eaf7fe76-8f02-4367-a540-36f6b5b02da9<-8fb4cdab-c625-4313-be02-bfab5deacb6d#0:FAIL-t1, eaf7fe76-8f02-4367-a540-36f6b5b02da9<-d72208ce-2069-4651-9293-ddc837bc4e94#0:FAIL-t1] and 0 exception(s); eaf7fe76-8f02-4367-a540-36f6b5b02da9@group-206EF5DB367B:t1, leader=null, voted=eaf7fe76-8f02-4367-a540-36f6b5b02da9, raftlog=eaf7fe76-8f02-4367-a540-36f6b5b02da9@group-206EF5DB367B-SegmentedRaftLog:OPENED:c-1,f-1,i0, conf=-1: [8fb4cdab-c625-4313-be02-bfab5deacb6d:192.168.34.14:33986, eaf7fe76-8f02-4367-a540-36f6b5b02da9:192.168.34.14:44815, d72208ce-2069-4651-9293-ddc837bc4e94:192.168.34.14:41565], old=null
2019-09-23 17:22:27,384 [eaf7fe76-8f02-4367-a540-36f6b5b02da9@group-206EF5DB367B:LeaderElection129] INFO  impl.RaftServerImpl (RaftServerImpl.java:setRole(174)) - eaf7fe76-8f02-4367-a540-36f6b5b02da9@group-206EF5DB367B: changes role from CANDIDATE to FOLLOWER at term 1 for DISCOVERED_A_NEW_TERM
2019-09-23 17:22:27,384 [eaf7fe76-8f02-4367-a540-36f6b5b02da9@group-206EF5DB367B:LeaderElection129] INFO  impl.RoleInfo (RoleInfo.java:shutdownLeaderElection(134)) - eaf7fe76-8f02-4367-a540-36f6b5b02da9: shutdown LeaderElection
2019-09-23 17:22:27,384 [eaf7fe76-8f02-4367-a540-36f6b5b02da9@group-206EF5DB367B:LeaderElection129] INFO  impl.RoleInfo (RoleInfo.java:updateAndGet(143)) - eaf7fe76-8f02-4367-a540-36f6b5b02da9: start FollowerState
2019-09-23 17:22:27,384 [8fb4cdab-c625-4313-be02-bfab5deacb6d@group-206EF5DB367B:LeaderElection128] INFO  impl.LeaderElection (LeaderElection.java:logAndReturn(56)) - 8fb4cdab-c625-4313-be02-bfab5deacb6d@group-206EF5DB367B:LeaderElection128: Election REJECTED; received 2 response(s) [8fb4cdab-c625-4313-be02-bfab5deacb6d<-eaf7fe76-8f02-4367-a540-36f6b5b02da9#0:FAIL-t1, 8fb4cdab-c625-4313-be02-bfab5deacb6d<-d72208ce-2069-4651-9293-ddc837bc4e94#0:FAIL-t1] and 0 exception(s); 8fb4cdab-c625-4313-be02-bfab5deacb6d@group-206EF5DB367B:t1, leader=null, voted=8fb4cdab-c625-4313-be02-bfab5deacb6d, raftlog=8fb4cdab-c625-4313-be02-bfab5deacb6d@group-206EF5DB367B-SegmentedRaftLog:OPENED:c-1,f-1,i0, conf=-1: [8fb4cdab-c625-4313-be02-bfab5deacb6d:192.168.34.14:33986, eaf7fe76-8f02-4367-a540-36f6b5b02da9:192.168.34.14:44815, d72208ce-2069-4651-9293-ddc837bc4e94:192.168.34.14:41565], old=null
2019-09-23 17:22:27,384 [8fb4cdab-c625-4313-be02-bfab5deacb6d@group-206EF5DB367B:LeaderElection128] INFO  impl.RaftServerImpl (RaftServerImpl.java:setRole(174)) - 8fb4cdab-c625-4313-be02-bfab5deacb6d@group-206EF5DB367B: changes role from CANDIDATE to FOLLOWER at term 1 for DISCOVERED_A_NEW_TERM
2019-09-23 17:22:27,384 [8fb4cdab-c625-4313-be02-bfab5deacb6d@group-206EF5DB367B:LeaderElection128] INFO  impl.RoleInfo (RoleInfo.java:shutdownLeaderElection(134)) - 8fb4cdab-c625-4313-be02-bfab5deacb6d: shutdown LeaderElection
2019-09-23 17:22:27,385 [8fb4cdab-c625-4313-be02-bfab5deacb6d@group-206EF5DB367B:LeaderElection128] INFO  impl.RoleInfo (RoleInfo.java:updateAndGet(143)) - 8fb4cdab-c625-4313-be02-bfab5deacb6d: start FollowerState
2019-09-23 17:22:28,312 [Thread-3473] INFO  impl.FollowerState (FollowerState.java:run(106)) - cf9188cb-18f1-4c06-b3bb-d2975ec16a95:group-E9C4DD6AFD65 changes to CANDIDATE, lastRpcTime:1128, electionTimeout:1127ms
2019-09-23 17:22:28,312 [Thread-3473] INFO  impl.RoleInfo (RoleInfo.java:shutdownFollowerState(121)) - cf9188cb-18f1-4c06-b3bb-d2975ec16a95: shutdown FollowerState
2019-09-23 17:22:28,312 [Thread-3473] INFO  impl.RaftServerImpl (RaftServerImpl.java:setRole(174)) - cf9188cb-18f1-4c06-b3bb-d2975ec16a95@group-E9C4DD6AFD65: changes role from  FOLLOWER to CANDIDATE at term 1 for changeToCandidate
2019-09-23 17:22:28,312 [Thread-3473] INFO  impl.RoleInfo (RoleInfo.java:updateAndGet(143)) - cf9188cb-18f1-4c06-b3bb-d2975ec16a95: start LeaderElection
2019-09-23 17:22:28,356 [Thread-3472] INFO  impl.FollowerState (FollowerState.java:run(106)) - 75ab0a4d-5206-4350-91b3-4197023479e2:group-E9C4DD6AFD65 changes to CANDIDATE, lastRpcTime:1174, electionTimeout:1174ms
2019-09-23 17:22:28,356 [Thread-3472] INFO  impl.RoleInfo (RoleInfo.java:shutdownFollowerState(121)) - 75ab0a4d-5206-4350-91b3-4197023479e2: shutdown FollowerState
2019-09-23 17:22:28,356 [Thread-3472] INFO  impl.RaftServerImpl (RaftServerImpl.java:setRole(174)) - 75ab0a4d-5206-4350-91b3-4197023479e2@group-E9C4DD6AFD65: changes role from  FOLLOWER to CANDIDATE at term 1 for changeToCandidate
2019-09-23 17:22:28,356 [Thread-3472] INFO  impl.RoleInfo (RoleInfo.java:updateAndGet(143)) - 75ab0a4d-5206-4350-91b3-4197023479e2: start LeaderElection
2019-09-23 17:22:28,372 [Thread-3471] INFO  impl.FollowerState (FollowerState.java:run(106)) - dee4c762-71db-4d64-ab47-681bb437fd07:group-E9C4DD6AFD65 changes to CANDIDATE, lastRpcTime:1191, electionTimeout:1191ms
2019-09-23 17:22:28,373 [Thread-3471] INFO  impl.RoleInfo (RoleInfo.java:shutdownFollowerState(121)) - dee4c762-71db-4d64-ab47-681bb437fd07: shutdown FollowerState
2019-09-23 17:22:28,373 [Thread-3471] INFO  impl.RaftServerImpl (RaftServerImpl.java:setRole(174)) - dee4c762-71db-4d64-ab47-681bb437fd07@group-E9C4DD6AFD65: changes role from  FOLLOWER to CANDIDATE at term 1 for changeToCandidate
2019-09-23 17:22:28,373 [Thread-3471] INFO  impl.RoleInfo (RoleInfo.java:updateAndGet(143)) - dee4c762-71db-4d64-ab47-681bb437fd07: start LeaderElection
2019-09-23 17:22:28,393 [Thread-3487] INFO  impl.FollowerState (FollowerState.java:run(106)) - eaf7fe76-8f02-4367-a540-36f6b5b02da9:group-206EF5DB367B changes to CANDIDATE, lastRpcTime:1008, electionTimeout:1008ms
2019-09-23 17:22:28,393 [Thread-3487] INFO  impl.RoleInfo (RoleInfo.java:shutdownFollowerState(121)) - eaf7fe76-8f02-4367-a540-36f6b5b02da9: shutdown FollowerState
2019-09-23 17:22:28,393 [Thread-3487] INFO  impl.RaftServerImpl (RaftServerImpl.java:setRole(174)) - eaf7fe76-8f02-4367-a540-36f6b5b02da9@group-206EF5DB367B: changes role from  FOLLOWER to CANDIDATE at term 1 for changeToCandidate
2019-09-23 17:22:28,393 [Thread-3487] INFO  impl.RoleInfo (RoleInfo.java:updateAndGet(143)) - eaf7fe76-8f02-4367-a540-36f6b5b02da9: start LeaderElection
2019-09-23 17:22:28,393 [Thread-3488] INFO  impl.FollowerState (FollowerState.java:run(106)) - 8fb4cdab-c625-4313-be02-bfab5deacb6d:group-206EF5DB367B changes to CANDIDATE, lastRpcTime:1008, electionTimeout:1008ms
2019-09-23 17:22:28,393 [Thread-3488] INFO  impl.RoleInfo (RoleInfo.java:shutdownFollowerState(121)) - 8fb4cdab-c625-4313-be02-bfab5deacb6d: shutdown FollowerState
2019-09-23 17:22:28,393 [Thread-3488] INFO  impl.RaftServerImpl (RaftServerImpl.java:setRole(174)) - 8fb4cdab-c625-4313-be02-bfab5deacb6d@group-206EF5DB367B: changes role from  FOLLOWER to CANDIDATE at term 1 for changeToCandidate
2019-09-23 17:22:28,393 [Thread-3488] INFO  impl.RoleInfo (RoleInfo.java:updateAndGet(143)) - 8fb4cdab-c625-4313-be02-bfab5deacb6d: start LeaderElection
2019-09-23 17:22:28,426 [Thread-3486] INFO  impl.FollowerState (FollowerState.java:run(106)) - d72208ce-2069-4651-9293-ddc837bc4e94:group-206EF5DB367B changes to CANDIDATE, lastRpcTime:1045, electionTimeout:1045ms
2019-09-23 17:22:28,426 [Thread-3486] INFO  impl.RoleInfo (RoleInfo.java:shutdownFollowerState(121)) - d72208ce-2069-4651-9293-ddc837bc4e94: shutdown FollowerState
2019-09-23 17:22:28,426 [Thread-3486] INFO  impl.RaftServerImpl (RaftServerImpl.java:setRole(174)) - d72208ce-2069-4651-9293-ddc837bc4e94@group-206EF5DB367B: changes role from  FOLLOWER to CANDIDATE at term 1 for changeToCandidate
2019-09-23 17:22:28,426 [Thread-3486] INFO  impl.RoleInfo (RoleInfo.java:updateAndGet(143)) - d72208ce-2069-4651-9293-ddc837bc4e94: start LeaderElection
2019-09-23 17:22:28,438 [cf9188cb-18f1-4c06-b3bb-d2975ec16a95@group-E9C4DD6AFD65:LeaderElection130] INFO  impl.LeaderElection (LeaderElection.java:askForVotes(182)) - cf9188cb-18f1-4c06-b3bb-d2975ec16a95@group-E9C4DD6AFD65:LeaderElection130: begin an election at term 2 for -1: [dee4c762-71db-4d64-ab47-681bb437fd07:192.168.34.14:36188, 75ab0a4d-5206-4350-91b3-4197023479e2:192.168.34.14:43851, cf9188cb-18f1-4c06-b3bb-d2975ec16a95:192.168.34.14:35549], old=null
2019-09-23 17:22:28,670 [dee4c762-71db-4d64-ab47-681bb437fd07@group-E9C4DD6AFD65:LeaderElection132] INFO  impl.LeaderElection (LeaderElection.java:askForVotes(182)) - dee4c762-71db-4d64-ab47-681bb437fd07@group-E9C4DD6AFD65:LeaderElection132: begin an election at term 2 for -1: [dee4c762-71db-4d64-ab47-681bb437fd07:192.168.34.14:36188, 75ab0a4d-5206-4350-91b3-4197023479e2:192.168.34.14:43851, cf9188cb-18f1-4c06-b3bb-d2975ec16a95:192.168.34.14:35549], old=null
2019-09-23 17:22:28,670 [75ab0a4d-5206-4350-91b3-4197023479e2@group-E9C4DD6AFD65:LeaderElection131] INFO  impl.LeaderElection (LeaderElection.java:askForVotes(182)) - 75ab0a4d-5206-4350-91b3-4197023479e2@group-E9C4DD6AFD65:LeaderElection131: begin an election at term 2 for -1: [dee4c762-71db-4d64-ab47-681bb437fd07:192.168.34.14:36188, 75ab0a4d-5206-4350-91b3-4197023479e2:192.168.34.14:43851, cf9188cb-18f1-4c06-b3bb-d2975ec16a95:192.168.34.14:35549], old=null
2019-09-23 17:22:28,670 [eaf7fe76-8f02-4367-a540-36f6b5b02da9@group-206EF5DB367B:LeaderElection133] INFO  impl.LeaderElection (LeaderElection.java:askForVotes(182)) - eaf7fe76-8f02-4367-a540-36f6b5b02da9@group-206EF5DB367B:LeaderElection133: begin an election at term 2 for -1: [8fb4cdab-c625-4313-be02-bfab5deacb6d:192.168.34.14:33986, eaf7fe76-8f02-4367-a540-36f6b5b02da9:192.168.34.14:44815, d72208ce-2069-4651-9293-ddc837bc4e94:192.168.34.14:41565], old=null
2019-09-23 17:22:28,670 [8fb4cdab-c625-4313-be02-bfab5deacb6d@group-206EF5DB367B:LeaderElection134] INFO  impl.LeaderElection (LeaderElection.java:askForVotes(182)) - 8fb4cdab-c625-4313-be02-bfab5deacb6d@group-206EF5DB367B:LeaderElection134: begin an election at term 2 for -1: [8fb4cdab-c625-4313-be02-bfab5deacb6d:192.168.34.14:33986, eaf7fe76-8f02-4367-a540-36f6b5b02da9:192.168.34.14:44815, d72208ce-2069-4651-9293-ddc837bc4e94:192.168.34.14:41565], old=null
2019-09-23 17:22:28,671 [cf9188cb-18f1-4c06-b3bb-d2975ec16a95@group-E9C4DD6AFD65:LeaderElection130] INFO  impl.LeaderElection (LeaderElection.java:logAndReturn(56)) - cf9188cb-18f1-4c06-b3bb-d2975ec16a95@group-E9C4DD6AFD65:LeaderElection130: Election REJECTED; received 2 response(s) [cf9188cb-18f1-4c06-b3bb-d2975ec16a95<-dee4c762-71db-4d64-ab47-681bb437fd07#0:FAIL-t2, cf9188cb-18f1-4c06-b3bb-d2975ec16a95<-75ab0a4d-5206-4350-91b3-4197023479e2#0:FAIL-t2] and 0 exception(s); cf9188cb-18f1-4c06-b3bb-d2975ec16a95@group-E9C4DD6AFD65:t2, leader=null, voted=cf9188cb-18f1-4c06-b3bb-d2975ec16a95, raftlog=cf9188cb-18f1-4c06-b3bb-d2975ec16a95@group-E9C4DD6AFD65-SegmentedRaftLog:OPENED:c-1,f-1,i0, conf=-1: [dee4c762-71db-4d64-ab47-681bb437fd07:192.168.34.14:36188, 75ab0a4d-5206-4350-91b3-4197023479e2:192.168.34.14:43851, cf9188cb-18f1-4c06-b3bb-d2975ec16a95:192.168.34.14:35549], old=null
2019-09-23 17:22:28,671 [cf9188cb-18f1-4c06-b3bb-d2975ec16a95@group-E9C4DD6AFD65:LeaderElection130] INFO  impl.RaftServerImpl (RaftServerImpl.java:setRole(174)) - cf9188cb-18f1-4c06-b3bb-d2975ec16a95@group-E9C4DD6AFD65: changes role from CANDIDATE to FOLLOWER at term 2 for DISCOVERED_A_NEW_TERM
2019-09-23 17:22:28,672 [cf9188cb-18f1-4c06-b3bb-d2975ec16a95@group-E9C4DD6AFD65:LeaderElection130] INFO  impl.RoleInfo (RoleInfo.java:shutdownLeaderElection(134)) - cf9188cb-18f1-4c06-b3bb-d2975ec16a95: shutdown LeaderElection
2019-09-23 17:22:28,672 [cf9188cb-18f1-4c06-b3bb-d2975ec16a95@group-E9C4DD6AFD65:LeaderElection130] INFO  impl.RoleInfo (RoleInfo.java:updateAndGet(143)) - cf9188cb-18f1-4c06-b3bb-d2975ec16a95: start FollowerState
2019-09-23 17:22:28,674 [dee4c762-71db-4d64-ab47-681bb437fd07@group-E9C4DD6AFD65:LeaderElection132] INFO  impl.LeaderElection (LeaderElection.java:logAndReturn(56)) - dee4c762-71db-4d64-ab47-681bb437fd07@group-E9C4DD6AFD65:LeaderElection132: Election REJECTED; received 2 response(s) [dee4c762-71db-4d64-ab47-681bb437fd07<-75ab0a4d-5206-4350-91b3-4197023479e2#0:FAIL-t2, dee4c762-71db-4d64-ab47-681bb437fd07<-cf9188cb-18f1-4c06-b3bb-d2975ec16a95#0:FAIL-t2] and 0 exception(s); dee4c762-71db-4d64-ab47-681bb437fd07@group-E9C4DD6AFD65:t2, leader=null, voted=dee4c762-71db-4d64-ab47-681bb437fd07, raftlog=dee4c762-71db-4d64-ab47-681bb437fd07@group-E9C4DD6AFD65-SegmentedRaftLog:OPENED:c-1,f-1,i0, conf=-1: [dee4c762-71db-4d64-ab47-681bb437fd07:192.168.34.14:36188, 75ab0a4d-5206-4350-91b3-4197023479e2:192.168.34.14:43851, cf9188cb-18f1-4c06-b3bb-d2975ec16a95:192.168.34.14:35549], old=null
2019-09-23 17:22:28,675 [dee4c762-71db-4d64-ab47-681bb437fd07@group-E9C4DD6AFD65:LeaderElection132] INFO  impl.RaftServerImpl (RaftServerImpl.java:setRole(174)) - dee4c762-71db-4d64-ab47-681bb437fd07@group-E9C4DD6AFD65: changes role from CANDIDATE to FOLLOWER at term 2 for DISCOVERED_A_NEW_TERM
2019-09-23 17:22:28,675 [dee4c762-71db-4d64-ab47-681bb437fd07@group-E9C4DD6AFD65:LeaderElection132] INFO  impl.RoleInfo (RoleInfo.java:shutdownLeaderElection(134)) - dee4c762-71db-4d64-ab47-681bb437fd07: shutdown LeaderElection
2019-09-23 17:22:28,675 [dee4c762-71db-4d64-ab47-681bb437fd07@group-E9C4DD6AFD65:LeaderElection132] INFO  impl.RoleInfo (RoleInfo.java:updateAndGet(143)) - dee4c762-71db-4d64-ab47-681bb437fd07: start FollowerState
2019-09-23 17:22:28,675 [75ab0a4d-5206-4350-91b3-4197023479e2@group-E9C4DD6AFD65:LeaderElection131] INFO  impl.LeaderElection (LeaderElection.java:logAndReturn(56)) - 75ab0a4d-5206-4350-91b3-4197023479e2@group-E9C4DD6AFD65:LeaderElection131: Election REJECTED; received 2 response(s) [75ab0a4d-5206-4350-91b3-4197023479e2<-dee4c762-71db-4d64-ab47-681bb437fd07#0:FAIL-t2, 75ab0a4d-5206-4350-91b3-4197023479e2<-cf9188cb-18f1-4c06-b3bb-d2975ec16a95#0:FAIL-t2] and 0 exception(s); 75ab0a4d-5206-4350-91b3-4197023479e2@group-E9C4DD6AFD65:t2, leader=null, voted=75ab0a4d-5206-4350-91b3-4197023479e2, raftlog=75ab0a4d-5206-4350-91b3-4197023479e2@group-E9C4DD6AFD65-SegmentedRaftLog:OPENED:c-1,f-1,i0, conf=-1: [dee4c762-71db-4d64-ab47-681bb437fd07:192.168.34.14:36188, 75ab0a4d-5206-4350-91b3-4197023479e2:192.168.34.14:43851, cf9188cb-18f1-4c06-b3bb-d2975ec16a95:192.168.34.14:35549], old=null
2019-09-23 17:22:28,675 [75ab0a4d-5206-4350-91b3-4197023479e2@group-E9C4DD6AFD65:LeaderElection131] INFO  impl.RaftServerImpl (RaftServerImpl.java:setRole(174)) - 75ab0a4d-5206-4350-91b3-4197023479e2@group-E9C4DD6AFD65: changes role from CANDIDATE to FOLLOWER at term 2 for DISCOVERED_A_NEW_TERM
2019-09-23 17:22:28,675 [75ab0a4d-5206-4350-91b3-4197023479e2@group-E9C4DD6AFD65:LeaderElection131] INFO  impl.RoleInfo (RoleInfo.java:shutdownLeaderElection(134)) - 75ab0a4d-5206-4350-91b3-4197023479e2: shutdown LeaderElection
2019-09-23 17:22:28,676 [75ab0a4d-5206-4350-91b3-4197023479e2@group-E9C4DD6AFD65:LeaderElection131] INFO  impl.RoleInfo (RoleInfo.java:updateAndGet(143)) - 75ab0a4d-5206-4350-91b3-4197023479e2: start FollowerState
2019-09-23 17:22:28,885 [d72208ce-2069-4651-9293-ddc837bc4e94@group-206EF5DB367B:LeaderElection135] INFO  impl.LeaderElection (LeaderElection.java:askForVotes(182)) - d72208ce-2069-4651-9293-ddc837bc4e94@group-206EF5DB367B:LeaderElection135: begin an election at term 2 for -1: [8fb4cdab-c625-4313-be02-bfab5deacb6d:192.168.34.14:33986, eaf7fe76-8f02-4367-a540-36f6b5b02da9:192.168.34.14:44815, d72208ce-2069-4651-9293-ddc837bc4e94:192.168.34.14:41565], old=null
2019-09-23 17:22:28,886 [eaf7fe76-8f02-4367-a540-36f6b5b02da9@group-206EF5DB367B:LeaderElection133] INFO  impl.LeaderElection (LeaderElection.java:logAndReturn(56)) - eaf7fe76-8f02-4367-a540-36f6b5b02da9@group-206EF5DB367B:LeaderElection133: Election REJECTED; received 2 response(s) [eaf7fe76-8f02-4367-a540-36f6b5b02da9<-8fb4cdab-c625-4313-be02-bfab5deacb6d#0:FAIL-t2, eaf7fe76-8f02-4367-a540-36f6b5b02da9<-d72208ce-2069-4651-9293-ddc837bc4e94#0:FAIL-t2] and 0 exception(s); eaf7fe76-8f02-4367-a540-36f6b5b02da9@group-206EF5DB367B:t2, leader=null, voted=eaf7fe76-8f02-4367-a540-36f6b5b02da9, raftlog=eaf7fe76-8f02-4367-a540-36f6b5b02da9@group-206EF5DB367B-SegmentedRaftLog:OPENED:c-1,f-1,i0, conf=-1: [8fb4cdab-c625-4313-be02-bfab5deacb6d:192.168.34.14:33986, eaf7fe76-8f02-4367-a540-36f6b5b02da9:192.168.34.14:44815, d72208ce-2069-4651-9293-ddc837bc4e94:192.168.34.14:41565], old=null
2019-09-23 17:22:28,886 [8fb4cdab-c625-4313-be02-bfab5deacb6d@group-206EF5DB367B:LeaderElection134] INFO  impl.LeaderElection (LeaderElection.java:logAndReturn(56)) - 8fb4cdab-c625-4313-be02-bfab5deacb6d@group-206EF5DB367B:LeaderElection134: Election REJECTED; received 2 response(s) [8fb4cdab-c625-4313-be02-bfab5deacb6d<-eaf7fe76-8f02-4367-a540-36f6b5b02da9#0:FAIL-t2, 8fb4cdab-c625-4313-be02-bfab5deacb6d<-d72208ce-2069-4651-9293-ddc837bc4e94#0:FAIL-t2] and 0 exception(s); 8fb4cdab-c625-4313-be02-bfab5deacb6d@group-206EF5DB367B:t2, leader=null, voted=8fb4cdab-c625-4313-be02-bfab5deacb6d, raftlog=8fb4cdab-c625-4313-be02-bfab5deacb6d@group-206EF5DB367B-SegmentedRaftLog:OPENED:c-1,f-1,i0, conf=-1: [8fb4cdab-c625-4313-be02-bfab5deacb6d:192.168.34.14:33986, eaf7fe76-8f02-4367-a540-36f6b5b02da9:192.168.34.14:44815, d72208ce-2069-4651-9293-ddc837bc4e94:192.168.34.14:41565], old=null
2019-09-23 17:22:28,886 [eaf7fe76-8f02-4367-a540-36f6b5b02da9@group-206EF5DB367B:LeaderElection133] INFO  impl.RaftServerImpl (RaftServerImpl.java:setRole(174)) - eaf7fe76-8f02-4367-a540-36f6b5b02da9@group-206EF5DB367B: changes role from CANDIDATE to FOLLOWER at term 2 for DISCOVERED_A_NEW_TERM
2019-09-23 17:22:28,887 [8fb4cdab-c625-4313-be02-bfab5deacb6d@group-206EF5DB367B:LeaderElection134] INFO  impl.RaftServerImpl (RaftServerImpl.java:setRole(174)) - 8fb4cdab-c625-4313-be02-bfab5deacb6d@group-206EF5DB367B: changes role from CANDIDATE to FOLLOWER at term 2 for DISCOVERED_A_NEW_TERM
2019-09-23 17:22:28,887 [eaf7fe76-8f02-4367-a540-36f6b5b02da9@group-206EF5DB367B:LeaderElection133] INFO  impl.RoleInfo (RoleInfo.java:shutdownLeaderElection(134)) - eaf7fe76-8f02-4367-a540-36f6b5b02da9: shutdown LeaderElection
2019-09-23 17:22:28,887 [8fb4cdab-c625-4313-be02-bfab5deacb6d@group-206EF5DB367B:LeaderElection134] INFO  impl.RoleInfo (RoleInfo.java:shutdownLeaderElection(134)) - 8fb4cdab-c625-4313-be02-bfab5deacb6d: shutdown LeaderElection
2019-09-23 17:22:28,887 [eaf7fe76-8f02-4367-a540-36f6b5b02da9@group-206EF5DB367B:LeaderElection133] INFO  impl.RoleInfo (RoleInfo.java:updateAndGet(143)) - eaf7fe76-8f02-4367-a540-36f6b5b02da9: start FollowerState
2019-09-23 17:22:28,887 [8fb4cdab-c625-4313-be02-bfab5deacb6d@group-206EF5DB367B:LeaderElection134] INFO  impl.RoleInfo (RoleInfo.java:updateAndGet(143)) - 8fb4cdab-c625-4313-be02-bfab5deacb6d: start FollowerState
2019-09-23 17:22:28,888 [d72208ce-2069-4651-9293-ddc837bc4e94@group-206EF5DB367B:LeaderElection135] INFO  impl.LeaderElection (LeaderElection.java:logAndReturn(56)) - d72208ce-2069-4651-9293-ddc837bc4e94@group-206EF5DB367B:LeaderElection135: Election REJECTED; received 2 response(s) [d72208ce-2069-4651-9293-ddc837bc4e94<-8fb4cdab-c625-4313-be02-bfab5deacb6d#0:FAIL-t2, d72208ce-2069-4651-9293-ddc837bc4e94<-eaf7fe76-8f02-4367-a540-36f6b5b02da9#0:FAIL-t2] and 0 exception(s); d72208ce-2069-4651-9293-ddc837bc4e94@group-206EF5DB367B:t2, leader=null, voted=d72208ce-2069-4651-9293-ddc837bc4e94, raftlog=d72208ce-2069-4651-9293-ddc837bc4e94@group-206EF5DB367B-SegmentedRaftLog:OPENED:c-1,f-1,i0, conf=-1: [8fb4cdab-c625-4313-be02-bfab5deacb6d:192.168.34.14:33986, eaf7fe76-8f02-4367-a540-36f6b5b02da9:192.168.34.14:44815, d72208ce-2069-4651-9293-ddc837bc4e94:192.168.34.14:41565], old=null
2019-09-23 17:22:28,888 [d72208ce-2069-4651-9293-ddc837bc4e94@group-206EF5DB367B:LeaderElection135] INFO  impl.RaftServerImpl (RaftServerImpl.java:setRole(174)) - d72208ce-2069-4651-9293-ddc837bc4e94@group-206EF5DB367B: changes role from CANDIDATE to FOLLOWER at term 2 for DISCOVERED_A_NEW_TERM
2019-09-23 17:22:28,888 [d72208ce-2069-4651-9293-ddc837bc4e94@group-206EF5DB367B:LeaderElection135] INFO  impl.RoleInfo (RoleInfo.java:shutdownLeaderElection(134)) - d72208ce-2069-4651-9293-ddc837bc4e94: shutdown LeaderElection
2019-09-23 17:22:28,888 [d72208ce-2069-4651-9293-ddc837bc4e94@group-206EF5DB367B:LeaderElection135] INFO  impl.RoleInfo (RoleInfo.java:updateAndGet(143)) - d72208ce-2069-4651-9293-ddc837bc4e94: start FollowerState
2019-09-23 17:22:29,690 [Thread-3514] INFO  impl.FollowerState (FollowerState.java:run(106)) - dee4c762-71db-4d64-ab47-681bb437fd07:group-E9C4DD6AFD65 changes to CANDIDATE, lastRpcTime:1015, electionTimeout:1015ms
2019-09-23 17:22:29,691 [Thread-3514] INFO  impl.RoleInfo (RoleInfo.java:shutdownFollowerState(121)) - dee4c762-71db-4d64-ab47-681bb437fd07: shutdown FollowerState
2019-09-23 17:22:29,691 [Thread-3514] INFO  impl.RaftServerImpl (RaftServerImpl.java:setRole(174)) - dee4c762-71db-4d64-ab47-681bb437fd07@group-E9C4DD6AFD65: changes role from  FOLLOWER to CANDIDATE at term 2 for changeToCandidate
2019-09-23 17:22:29,691 [Thread-3514] INFO  impl.RoleInfo (RoleInfo.java:updateAndGet(143)) - dee4c762-71db-4d64-ab47-681bb437fd07: start LeaderElection
2019-09-23 17:22:29,707 [Thread-3515] INFO  impl.FollowerState (FollowerState.java:run(106)) - 75ab0a4d-5206-4350-91b3-4197023479e2:group-E9C4DD6AFD65 changes to CANDIDATE, lastRpcTime:1031, electionTimeout:1031ms
2019-09-23 17:22:29,707 [Thread-3515] INFO  impl.RoleInfo (RoleInfo.java:shutdownFollowerState(121)) - 75ab0a4d-5206-4350-91b3-4197023479e2: shutdown FollowerState
2019-09-23 17:22:29,707 [Thread-3515] INFO  impl.RaftServerImpl (RaftServerImpl.java:setRole(174)) - 75ab0a4d-5206-4350-91b3-4197023479e2@group-E9C4DD6AFD65: changes role from  FOLLOWER to CANDIDATE at term 2 for changeToCandidate
2019-09-23 17:22:29,708 [Thread-3515] INFO  impl.RoleInfo (RoleInfo.java:updateAndGet(143)) - 75ab0a4d-5206-4350-91b3-4197023479e2: start LeaderElection
2019-09-23 17:22:29,723 [Thread-3513] INFO  impl.FollowerState (FollowerState.java:run(106)) - cf9188cb-18f1-4c06-b3bb-d2975ec16a95:group-E9C4DD6AFD65 changes to CANDIDATE, lastRpcTime:1051, electionTimeout:1051ms
2019-09-23 17:22:29,723 [Thread-3513] INFO  impl.RoleInfo (RoleInfo.java:shutdownFollowerState(121)) - cf9188cb-18f1-4c06-b3bb-d2975ec16a95: shutdown FollowerState
2019-09-23 17:22:29,723 [Thread-3513] INFO  impl.RaftServerImpl (RaftServerImpl.java:setRole(174)) - cf9188cb-18f1-4c06-b3bb-d2975ec16a95@group-E9C4DD6AFD65: changes role from  FOLLOWER to CANDIDATE at term 2 for changeToCandidate
2019-09-23 17:22:29,724 [Thread-3513] INFO  impl.RoleInfo (RoleInfo.java:updateAndGet(143)) - cf9188cb-18f1-4c06-b3bb-d2975ec16a95: start LeaderElection
2019-09-23 17:22:29,914 [Thread-3518] INFO  impl.FollowerState (FollowerState.java:run(106)) - eaf7fe76-8f02-4367-a540-36f6b5b02da9:group-206EF5DB367B changes to CANDIDATE, lastRpcTime:1026, electionTimeout:1026ms
2019-09-23 17:22:29,914 [Thread-3518] INFO  impl.RoleInfo (RoleInfo.java:shutdownFollowerState(121)) - eaf7fe76-8f02-4367-a540-36f6b5b02da9: shutdown FollowerState
2019-09-23 17:22:29,914 [Thread-3518] INFO  impl.RaftServerImpl (RaftServerImpl.java:setRole(174)) - eaf7fe76-8f02-4367-a540-36f6b5b02da9@group-206EF5DB367B: changes role from  FOLLOWER to CANDIDATE at term 2 for changeToCandidate
2019-09-23 17:22:29,914 [Thread-3518] INFO  impl.RoleInfo (RoleInfo.java:updateAndGet(143)) - eaf7fe76-8f02-4367-a540-36f6b5b02da9: start LeaderElection
2019-09-23 17:22:29,922 [Thread-3519] INFO  impl.FollowerState (FollowerState.java:run(106)) - 8fb4cdab-c625-4313-be02-bfab5deacb6d:group-206EF5DB367B changes to CANDIDATE, lastRpcTime:1034, electionTimeout:1034ms
2019-09-23 17:22:29,922 [Thread-3519] INFO  impl.RoleInfo (RoleInfo.java:shutdownFollowerState(121)) - 8fb4cdab-c625-4313-be02-bfab5deacb6d: shutdown FollowerState
2019-09-23 17:22:29,922 [Thread-3519] INFO  impl.RaftServerImpl (RaftServerImpl.java:setRole(174)) - 8fb4cdab-c625-4313-be02-bfab5deacb6d@group-206EF5DB367B: changes role from  FOLLOWER to CANDIDATE at term 2 for changeToCandidate
2019-09-23 17:22:29,922 [Thread-3519] INFO  impl.RoleInfo (RoleInfo.java:updateAndGet(143)) - 8fb4cdab-c625-4313-be02-bfab5deacb6d: start LeaderElection
2019-09-23 17:22:29,952 [Thread-3520] INFO  impl.FollowerState (FollowerState.java:run(106)) - d72208ce-2069-4651-9293-ddc837bc4e94:group-206EF5DB367B changes to CANDIDATE, lastRpcTime:1063, electionTimeout:1063ms
2019-09-23 17:22:29,952 [Thread-3520] INFO  impl.RoleInfo (RoleInfo.java:shutdownFollowerState(121)) - d72208ce-2069-4651-9293-ddc837bc4e94: shutdown FollowerState
2019-09-23 17:22:29,952 [Thread-3520] INFO  impl.RaftServerImpl (RaftServerImpl.java:setRole(174)) - d72208ce-2069-4651-9293-ddc837bc4e94@group-206EF5DB367B: changes role from  FOLLOWER to CANDIDATE at term 2 for changeToCandidate
2019-09-23 17:22:29,952 [Thread-3520] INFO  impl.RoleInfo (RoleInfo.java:updateAndGet(143)) - d72208ce-2069-4651-9293-ddc837bc4e94: start LeaderElection
2019-09-23 17:22:32,905 [cf9188cb-18f1-4c06-b3bb-d2975ec16a95@group-E9C4DD6AFD65:LeaderElection138] INFO  impl.LeaderElection (LeaderElection.java:askForVotes(182)) - cf9188cb-18f1-4c06-b3bb-d2975ec16a95@group-E9C4DD6AFD65:LeaderElection138: begin an election at term 3 for -1: [dee4c762-71db-4d64-ab47-681bb437fd07:192.168.34.14:36188, 75ab0a4d-5206-4350-91b3-4197023479e2:192.168.34.14:43851, cf9188cb-18f1-4c06-b3bb-d2975ec16a95:192.168.34.14:35549], old=null
2019-09-23 17:22:32,905 [75ab0a4d-5206-4350-91b3-4197023479e2@group-E9C4DD6AFD65:LeaderElection137] INFO  impl.LeaderElection (LeaderElection.java:askForVotes(182)) - 75ab0a4d-5206-4350-91b3-4197023479e2@group-E9C4DD6AFD65:LeaderElection137: begin an election at term 3 for -1: [dee4c762-71db-4d64-ab47-681bb437fd07:192.168.34.14:36188, 75ab0a4d-5206-4350-91b3-4197023479e2:192.168.34.14:43851, cf9188cb-18f1-4c06-b3bb-d2975ec16a95:192.168.34.14:35549], old=null
2019-09-23 17:22:32,905 [d72208ce-2069-4651-9293-ddc837bc4e94@group-206EF5DB367B:LeaderElection141] INFO  impl.LeaderElection (LeaderElection.java:askForVotes(182)) - d72208ce-2069-4651-9293-ddc837bc4e94@group-206EF5DB367B:LeaderElection141: begin an election at term 3 for -1: [8fb4cdab-c625-4313-be02-bfab5deacb6d:192.168.34.14:33986, eaf7fe76-8f02-4367-a540-36f6b5b02da9:192.168.34.14:44815, d72208ce-2069-4651-9293-ddc837bc4e94:192.168.34.14:41565], old=null
2019-09-23 17:22:32,905 [dee4c762-71db-4d64-ab47-681bb437fd07@group-E9C4DD6AFD65:LeaderElection136] INFO  impl.LeaderElection (LeaderElection.java:askForVotes(182)) - dee4c762-71db-4d64-ab47-681bb437fd07@group-E9C4DD6AFD65:LeaderElection136: begin an election at term 3 for -1: [dee4c762-71db-4d64-ab47-681bb437fd07:192.168.34.14:36188, 75ab0a4d-5206-4350-91b3-4197023479e2:192.168.34.14:43851, cf9188cb-18f1-4c06-b3bb-d2975ec16a95:192.168.34.14:35549], old=null
2019-09-23 17:22:32,905 [eaf7fe76-8f02-4367-a540-36f6b5b02da9@group-206EF5DB367B:LeaderElection139] INFO  impl.LeaderElection (LeaderElection.java:askForVotes(182)) - eaf7fe76-8f02-4367-a540-36f6b5b02da9@group-206EF5DB367B:LeaderElection139: begin an election at term 3 for -1: [8fb4cdab-c625-4313-be02-bfab5deacb6d:192.168.34.14:33986, eaf7fe76-8f02-4367-a540-36f6b5b02da9:192.168.34.14:44815, d72208ce-2069-4651-9293-ddc837bc4e94:192.168.34.14:41565], old=null
2019-09-23 17:22:32,905 [8fb4cdab-c625-4313-be02-bfab5deacb6d@group-206EF5DB367B:LeaderElection140] INFO  impl.LeaderElection (LeaderElection.java:askForVotes(182)) - 8fb4cdab-c625-4313-be02-bfab5deacb6d@group-206EF5DB367B:LeaderElection140: begin an election at term 3 for -1: [8fb4cdab-c625-4313-be02-bfab5deacb6d:192.168.34.14:33986, eaf7fe76-8f02-4367-a540-36f6b5b02da9:192.168.34.14:44815, d72208ce-2069-4651-9293-ddc837bc4e94:192.168.34.14:41565], old=null
2019-09-23 17:22:32,910 [eaf7fe76-8f02-4367-a540-36f6b5b02da9@group-206EF5DB367B:LeaderElection139] INFO  impl.LeaderElection (LeaderElection.java:logAndReturn(56)) - eaf7fe76-8f02-4367-a540-36f6b5b02da9@group-206EF5DB367B:LeaderElection139: Election REJECTED; received 2 response(s) [eaf7fe76-8f02-4367-a540-36f6b5b02da9<-8fb4cdab-c625-4313-be02-bfab5deacb6d#0:FAIL-t3, eaf7fe76-8f02-4367-a540-36f6b5b02da9<-d72208ce-2069-4651-9293-ddc837bc4e94#0:FAIL-t3] and 0 exception(s); eaf7fe76-8f02-4367-a540-36f6b5b02da9@group-206EF5DB367B:t3, leader=null, voted=eaf7fe76-8f02-4367-a540-36f6b5b02da9, raftlog=eaf7fe76-8f02-4367-a540-36f6b5b02da9@group-206EF5DB367B-SegmentedRaftLog:OPENED:c-1,f-1,i0, conf=-1: [8fb4cdab-c625-4313-be02-bfab5deacb6d:192.168.34.14:33986, eaf7fe76-8f02-4367-a540-36f6b5b02da9:192.168.34.14:44815, d72208ce-2069-4651-9293-ddc837bc4e94:192.168.34.14:41565], old=null
2019-09-23 17:22:32,910 [eaf7fe76-8f02-4367-a540-36f6b5b02da9@group-206EF5DB367B:LeaderElection139] INFO  impl.RaftServerImpl (RaftServerImpl.java:setRole(174)) - eaf7fe76-8f02-4367-a540-36f6b5b02da9@group-206EF5DB367B: changes role from CANDIDATE to FOLLOWER at term 3 for DISCOVERED_A_NEW_TERM
2019-09-23 17:22:32,911 [eaf7fe76-8f02-4367-a540-36f6b5b02da9@group-206EF5DB367B:LeaderElection139] INFO  impl.RoleInfo (RoleInfo.java:shutdownLeaderElection(134)) - eaf7fe76-8f02-4367-a540-36f6b5b02da9: shutdown LeaderElection
2019-09-23 17:22:32,911 [eaf7fe76-8f02-4367-a540-36f6b5b02da9@group-206EF5DB367B:LeaderElection139] INFO  impl.RoleInfo (RoleInfo.java:updateAndGet(143)) - eaf7fe76-8f02-4367-a540-36f6b5b02da9: start FollowerState
2019-09-23 17:22:32,912 [8fb4cdab-c625-4313-be02-bfab5deacb6d@group-206EF5DB367B:LeaderElection140] INFO  impl.LeaderElection (LeaderElection.java:logAndReturn(56)) - 8fb4cdab-c625-4313-be02-bfab5deacb6d@group-206EF5DB367B:LeaderElection140: Election REJECTED; received 2 response(s) [8fb4cdab-c625-4313-be02-bfab5deacb6d<-eaf7fe76-8f02-4367-a540-36f6b5b02da9#0:FAIL-t3, 8fb4cdab-c625-4313-be02-bfab5deacb6d<-d72208ce-2069-4651-9293-ddc837bc4e94#0:FAIL-t3] and 0 exception(s); 8fb4cdab-c625-4313-be02-bfab5deacb6d@group-206EF5DB367B:t3, leader=null, voted=8fb4cdab-c625-4313-be02-bfab5deacb6d, raftlog=8fb4cdab-c625-4313-be02-bfab5deacb6d@group-206EF5DB367B-SegmentedRaftLog:OPENED:c-1,f-1,i0, conf=-1: [8fb4cdab-c625-4313-be02-bfab5deacb6d:192.168.34.14:33986, eaf7fe76-8f02-4367-a540-36f6b5b02da9:192.168.34.14:44815, d72208ce-2069-4651-9293-ddc837bc4e94:192.168.34.14:41565], old=null
2019-09-23 17:22:32,912 [8fb4cdab-c625-4313-be02-bfab5deacb6d@group-206EF5DB367B:LeaderElection140] INFO  impl.RaftServerImpl (RaftServerImpl.java:setRole(174)) - 8fb4cdab-c625-4313-be02-bfab5deacb6d@group-206EF5DB367B: changes role from CANDIDATE to FOLLOWER at term 3 for DISCOVERED_A_NEW_TERM
2019-09-23 17:22:32,912 [8fb4cdab-c625-4313-be02-bfab5deacb6d@group-206EF5DB367B:LeaderElection140] INFO  impl.RoleInfo (RoleInfo.java:shutdownLeaderElection(134)) - 8fb4cdab-c625-4313-be02-bfab5deacb6d: shutdown LeaderElection
2019-09-23 17:22:32,912 [8fb4cdab-c625-4313-be02-bfab5deacb6d@group-206EF5DB367B:LeaderElection140] INFO  impl.RoleInfo (RoleInfo.java:updateAndGet(143)) - 8fb4cdab-c625-4313-be02-bfab5deacb6d: start FollowerState
2019-09-23 17:22:32,912 [cf9188cb-18f1-4c06-b3bb-d2975ec16a95@group-E9C4DD6AFD65:LeaderElection138] INFO  impl.LeaderElection (LeaderElection.java:logAndReturn(56)) - cf9188cb-18f1-4c06-b3bb-d2975ec16a95@group-E9C4DD6AFD65:LeaderElection138: Election REJECTED; received 2 response(s) [cf9188cb-18f1-4c06-b3bb-d2975ec16a95<-dee4c762-71db-4d64-ab47-681bb437fd07#0:FAIL-t3, cf9188cb-18f1-4c06-b3bb-d2975ec16a95<-75ab0a4d-5206-4350-91b3-4197023479e2#0:FAIL-t3] and 0 exception(s); cf9188cb-18f1-4c06-b3bb-d2975ec16a95@group-E9C4DD6AFD65:t3, leader=null, voted=cf9188cb-18f1-4c06-b3bb-d2975ec16a95, raftlog=cf9188cb-18f1-4c06-b3bb-d2975ec16a95@group-E9C4DD6AFD65-SegmentedRaftLog:OPENED:c-1,f-1,i0, conf=-1: [dee4c762-71db-4d64-ab47-681bb437fd07:192.168.34.14:36188, 75ab0a4d-5206-4350-91b3-4197023479e2:192.168.34.14:43851, cf9188cb-18f1-4c06-b3bb-d2975ec16a95:192.168.34.14:35549], old=null
2019-09-23 17:22:32,913 [d72208ce-2069-4651-9293-ddc837bc4e94@group-206EF5DB367B:LeaderElection141] INFO  impl.LeaderElection (LeaderElection.java:logAndReturn(56)) - d72208ce-2069-4651-9293-ddc837bc4e94@group-206EF5DB367B:LeaderElection141: Election REJECTED; received 2 response(s) [d72208ce-2069-4651-9293-ddc837bc4e94<-8fb4cdab-c625-4313-be02-bfab5deacb6d#0:FAIL-t3, d72208ce-2069-4651-9293-ddc837bc4e94<-eaf7fe76-8f02-4367-a540-36f6b5b02da9#0:FAIL-t3] and 0 exception(s); d72208ce-2069-4651-9293-ddc837bc4e94@group-206EF5DB367B:t3, leader=null, voted=d72208ce-2069-4651-9293-ddc837bc4e94, raftlog=d72208ce-2069-4651-9293-ddc837bc4e94@group-206EF5DB367B-SegmentedRaftLog:OPENED:c-1,f-1,i0, conf=-1: [8fb4cdab-c625-4313-be02-bfab5deacb6d:192.168.34.14:33986, eaf7fe76-8f02-4367-a540-36f6b5b02da9:192.168.34.14:44815, d72208ce-2069-4651-9293-ddc837bc4e94:192.168.34.14:41565], old=null
2019-09-23 17:22:32,913 [cf9188cb-18f1-4c06-b3bb-d2975ec16a95@group-E9C4DD6AFD65:LeaderElection138] INFO  impl.RaftServerImpl (RaftServerImpl.java:setRole(174)) - cf9188cb-18f1-4c06-b3bb-d2975ec16a95@group-E9C4DD6AFD65: changes role from CANDIDATE to FOLLOWER at term 3 for DISCOVERED_A_NEW_TERM
2019-09-23 17:22:32,913 [d72208ce-2069-4651-9293-ddc837bc4e94@group-206EF5DB367B:LeaderElection141] INFO  impl.RaftServerImpl (RaftServerImpl.java:setRole(174)) - d72208ce-2069-4651-9293-ddc837bc4e94@group-206EF5DB367B: changes role from CANDIDATE to FOLLOWER at term 3 for DISCOVERED_A_NEW_TERM
2019-09-23 17:22:32,913 [dee4c762-71db-4d64-ab47-681bb437fd07@group-E9C4DD6AFD65:LeaderElection136] INFO  impl.LeaderElection (LeaderElection.java:logAndReturn(56)) - dee4c762-71db-4d64-ab47-681bb437fd07@group-E9C4DD6AFD65:LeaderElection136: Election REJECTED; received 2 response(s) [dee4c762-71db-4d64-ab47-681bb437fd07<-75ab0a4d-5206-4350-91b3-4197023479e2#0:FAIL-t3, dee4c762-71db-4d64-ab47-681bb437fd07<-cf9188cb-18f1-4c06-b3bb-d2975ec16a95#0:FAIL-t3] and 0 exception(s); dee4c762-71db-4d64-ab47-681bb437fd07@group-E9C4DD6AFD65:t3, leader=null, voted=dee4c762-71db-4d64-ab47-681bb437fd07, raftlog=dee4c762-71db-4d64-ab47-681bb437fd07@group-E9C4DD6AFD65-SegmentedRaftLog:OPENED:c-1,f-1,i0, conf=-1: [dee4c762-71db-4d64-ab47-681bb437fd07:192.168.34.14:36188, 75ab0a4d-5206-4350-91b3-4197023479e2:192.168.34.14:43851, cf9188cb-18f1-4c06-b3bb-d2975ec16a95:192.168.34.14:35549], old=null
2019-09-23 17:22:32,913 [cf9188cb-18f1-4c06-b3bb-d2975ec16a95@group-E9C4DD6AFD65:LeaderElection138] INFO  impl.RoleInfo (RoleInfo.java:shutdownLeaderElection(134)) - cf9188cb-18f1-4c06-b3bb-d2975ec16a95: shutdown LeaderElection
2019-09-23 17:22:32,914 [dee4c762-71db-4d64-ab47-681bb437fd07@group-E9C4DD6AFD65:LeaderElection136] INFO  impl.RaftServerImpl (RaftServerImpl.java:setRole(174)) - dee4c762-71db-4d64-ab47-681bb437fd07@group-E9C4DD6AFD65: changes role from CANDIDATE to FOLLOWER at term 3 for DISCOVERED_A_NEW_TERM
2019-09-23 17:22:32,914 [dee4c762-71db-4d64-ab47-681bb437fd07@group-E9C4DD6AFD65:LeaderElection136] INFO  impl.RoleInfo (RoleInfo.java:shutdownLeaderElection(134)) - dee4c762-71db-4d64-ab47-681bb437fd07: shutdown LeaderElection
2019-09-23 17:22:32,913 [d72208ce-2069-4651-9293-ddc837bc4e94@group-206EF5DB367B:LeaderElection141] INFO  impl.RoleInfo (RoleInfo.java:shutdownLeaderElection(134)) - d72208ce-2069-4651-9293-ddc837bc4e94: shutdown LeaderElection
2019-09-23 17:22:32,914 [dee4c762-71db-4d64-ab47-681bb437fd07@group-E9C4DD6AFD65:LeaderElection136] INFO  impl.RoleInfo (RoleInfo.java:updateAndGet(143)) - dee4c762-71db-4d64-ab47-681bb437fd07: start FollowerState
2019-09-23 17:22:32,914 [cf9188cb-18f1-4c06-b3bb-d2975ec16a95@group-E9C4DD6AFD65:LeaderElection138] INFO  impl.RoleInfo (RoleInfo.java:updateAndGet(143)) - cf9188cb-18f1-4c06-b3bb-d2975ec16a95: start FollowerState
2019-09-23 17:22:32,914 [d72208ce-2069-4651-9293-ddc837bc4e94@group-206EF5DB367B:LeaderElection141] INFO  impl.RoleInfo (RoleInfo.java:updateAndGet(143)) - d72208ce-2069-4651-9293-ddc837bc4e94: start FollowerState
2019-09-23 17:22:32,915 [75ab0a4d-5206-4350-91b3-4197023479e2@group-E9C4DD6AFD65:LeaderElection137] INFO  impl.LeaderElection (LeaderElection.java:logAndReturn(56)) - 75ab0a4d-5206-4350-91b3-4197023479e2@group-E9C4DD6AFD65:LeaderElection137: Election REJECTED; received 2 response(s) [75ab0a4d-5206-4350-91b3-4197023479e2<-dee4c762-71db-4d64-ab47-681bb437fd07#0:FAIL-t3, 75ab0a4d-5206-4350-91b3-4197023479e2<-cf9188cb-18f1-4c06-b3bb-d2975ec16a95#0:FAIL-t3] and 0 exception(s); 75ab0a4d-5206-4350-91b3-4197023479e2@group-E9C4DD6AFD65:t3, leader=null, voted=75ab0a4d-5206-4350-91b3-4197023479e2, raftlog=75ab0a4d-5206-4350-91b3-4197023479e2@group-E9C4DD6AFD65-SegmentedRaftLog:OPENED:c-1,f-1,i0, conf=-1: [dee4c762-71db-4d64-ab47-681bb437fd07:192.168.34.14:36188, 75ab0a4d-5206-4350-91b3-4197023479e2:192.168.34.14:43851, cf9188cb-18f1-4c06-b3bb-d2975ec16a95:192.168.34.14:35549], old=null
2019-09-23 17:22:32,915 [75ab0a4d-5206-4350-91b3-4197023479e2@group-E9C4DD6AFD65:LeaderElection137] INFO  impl.RaftServerImpl (RaftServerImpl.java:setRole(174)) - 75ab0a4d-5206-4350-91b3-4197023479e2@group-E9C4DD6AFD65: changes role from CANDIDATE to FOLLOWER at term 3 for DISCOVERED_A_NEW_TERM
2019-09-23 17:22:32,916 [75ab0a4d-5206-4350-91b3-4197023479e2@group-E9C4DD6AFD65:LeaderElection137] INFO  impl.RoleInfo (RoleInfo.java:shutdownLeaderElection(134)) - 75ab0a4d-5206-4350-91b3-4197023479e2: shutdown LeaderElection
2019-09-23 17:22:32,916 [75ab0a4d-5206-4350-91b3-4197023479e2@group-E9C4DD6AFD65:LeaderElection137] INFO  impl.RoleInfo (RoleInfo.java:updateAndGet(143)) - 75ab0a4d-5206-4350-91b3-4197023479e2: start FollowerState
2019-09-23 17:22:33,919 [Thread-3563] INFO  impl.FollowerState (FollowerState.java:run(106)) - eaf7fe76-8f02-4367-a540-36f6b5b02da9:group-206EF5DB367B changes to CANDIDATE, lastRpcTime:1007, electionTimeout:1007ms
2019-09-23 17:22:33,919 [Thread-3563] INFO  impl.RoleInfo (RoleInfo.java:shutdownFollowerState(121)) - eaf7fe76-8f02-4367-a540-36f6b5b02da9: shutdown FollowerState
2019-09-23 17:22:33,919 [Thread-3563] INFO  impl.RaftServerImpl (RaftServerImpl.java:setRole(174)) - eaf7fe76-8f02-4367-a540-36f6b5b02da9@group-206EF5DB367B: changes role from  FOLLOWER to CANDIDATE at term 3 for changeToCandidate
2019-09-23 17:22:33,919 [Thread-3563] INFO  impl.RoleInfo (RoleInfo.java:updateAndGet(143)) - eaf7fe76-8f02-4367-a540-36f6b5b02da9: start LeaderElection
2019-09-23 17:22:33,968 [Thread-3567] INFO  impl.FollowerState (FollowerState.java:run(106)) - d72208ce-2069-4651-9293-ddc837bc4e94:group-206EF5DB367B changes to CANDIDATE, lastRpcTime:1054, electionTimeout:1053ms
2019-09-23 17:22:33,969 [Thread-3567] INFO  impl.RoleInfo (RoleInfo.java:shutdownFollowerState(121)) - d72208ce-2069-4651-9293-ddc837bc4e94: shutdown FollowerState
2019-09-23 17:22:33,969 [Thread-3567] INFO  impl.RaftServerImpl (RaftServerImpl.java:setRole(174)) - d72208ce-2069-4651-9293-ddc837bc4e94@group-206EF5DB367B: changes role from  FOLLOWER to CANDIDATE at term 3 for changeToCandidate
2019-09-23 17:22:33,969 [Thread-3567] INFO  impl.RoleInfo (RoleInfo.java:updateAndGet(143)) - d72208ce-2069-4651-9293-ddc837bc4e94: start LeaderElection
2019-09-23 17:22:34,003 [Thread-3568] INFO  impl.FollowerState (FollowerState.java:run(106)) - 75ab0a4d-5206-4350-91b3-4197023479e2:group-E9C4DD6AFD65 changes to CANDIDATE, lastRpcTime:1087, electionTimeout:1087ms
2019-09-23 17:22:34,003 [Thread-3568] INFO  impl.RoleInfo (RoleInfo.java:shutdownFollowerState(121)) - 75ab0a4d-5206-4350-91b3-4197023479e2: shutdown FollowerState
2019-09-23 17:22:34,003 [Thread-3568] INFO  impl.RaftServerImpl (RaftServerImpl.java:setRole(174)) - 75ab0a4d-5206-4350-91b3-4197023479e2@group-E9C4DD6AFD65: changes role from  FOLLOWER to CANDIDATE at term 3 for changeToCandidate
2019-09-23 17:22:34,004 [Thread-3568] INFO  impl.RoleInfo (RoleInfo.java:updateAndGet(143)) - 75ab0a4d-5206-4350-91b3-4197023479e2: start LeaderElection
2019-09-23 17:22:34,023 [Thread-3564] INFO  impl.FollowerState (FollowerState.java:run(106)) - 8fb4cdab-c625-4313-be02-bfab5deacb6d:group-206EF5DB367B changes to CANDIDATE, lastRpcTime:1110, electionTimeout:1110ms
2019-09-23 17:22:34,023 [Thread-3564] INFO  impl.RoleInfo (RoleInfo.java:shutdownFollowerState(121)) - 8fb4cdab-c625-4313-be02-bfab5deacb6d: shutdown FollowerState
2019-09-23 17:22:34,023 [Thread-3564] INFO  impl.RaftServerImpl (RaftServerImpl.java:setRole(174)) - 8fb4cdab-c625-4313-be02-bfab5deacb6d@group-206EF5DB367B: changes role from  FOLLOWER to CANDIDATE at term 3 for changeToCandidate
2019-09-23 17:22:34,023 [Thread-3564] INFO  impl.RoleInfo (RoleInfo.java:updateAndGet(143)) - 8fb4cdab-c625-4313-be02-bfab5deacb6d: start LeaderElection
2019-09-23 17:22:34,082 [Thread-3566] INFO  impl.FollowerState (FollowerState.java:run(106)) - dee4c762-71db-4d64-ab47-681bb437fd07:group-E9C4DD6AFD65 changes to CANDIDATE, lastRpcTime:1167, electionTimeout:1167ms
2019-09-23 17:22:34,082 [Thread-3566] INFO  impl.RoleInfo (RoleInfo.java:shutdownFollowerState(121)) - dee4c762-71db-4d64-ab47-681bb437fd07: shutdown FollowerState
2019-09-23 17:22:34,082 [Thread-3566] INFO  impl.RaftServerImpl (RaftServerImpl.java:setRole(174)) - dee4c762-71db-4d64-ab47-681bb437fd07@group-E9C4DD6AFD65: changes role from  FOLLOWER to CANDIDATE at term 3 for changeToCandidate
2019-09-23 17:22:34,082 [Thread-3566] INFO  impl.RoleInfo (RoleInfo.java:updateAndGet(143)) - dee4c762-71db-4d64-ab47-681bb437fd07: start LeaderElection
2019-09-23 17:22:34,099 [Thread-3565] INFO  impl.FollowerState (FollowerState.java:run(106)) - cf9188cb-18f1-4c06-b3bb-d2975ec16a95:group-E9C4DD6AFD65 changes to CANDIDATE, lastRpcTime:1185, electionTimeout:1184ms
2019-09-23 17:22:34,099 [Thread-3565] INFO  impl.RoleInfo (RoleInfo.java:shutdownFollowerState(121)) - cf9188cb-18f1-4c06-b3bb-d2975ec16a95: shutdown FollowerState
2019-09-23 17:22:34,099 [Thread-3565] INFO  impl.RaftServerImpl (RaftServerImpl.java:setRole(174)) - cf9188cb-18f1-4c06-b3bb-d2975ec16a95@group-E9C4DD6AFD65: changes role from  FOLLOWER to CANDIDATE at term 3 for changeToCandidate
2019-09-23 17:22:34,100 [Thread-3565] INFO  impl.RoleInfo (RoleInfo.java:updateAndGet(143)) - cf9188cb-18f1-4c06-b3bb-d2975ec16a95: start LeaderElection
2019-09-23 17:22:35,527 [main] WARN  io.KeyOutputStream (KeyOutputStream.java:handleException(274)) - Encountered exception java.io.IOException: Unexpected Storage Container Exception: java.util.concurrent.CompletionException: java.util.concurrent.CompletionException: org.apache.ratis.protocol.RaftRetryFailureException: Failed RaftClientRequest:client-9810872C0AF2->8fb4cdab-c625-4313-be02-bfab5deacb6d@group-206EF5DB367B, cid=122, seq=1*, RW, org.apache.hadoop.hdds.scm.XceiverClientRatis$$Lambda$497/1194398327@1db2eebd for 10 attempts with RetryLimited(maxAttempts=10, sleepTime=1000ms) on the pipeline Pipeline[ Id: 97fb03c3-be02-4af7-ad32-206ef5db367b, Nodes: 8fb4cdab-c625-4313-be02-bfab5deacb6d{ip: 192.168.34.14, host: pr-hdds-2167-q77kb-1598226581, networkLocation: /rack1, certSerialId: null}d72208ce-2069-4651-9293-ddc837bc4e94{ip: 192.168.34.14, host: pr-hdds-2167-q77kb-1598226581, networkLocation: /rack1, certSerialId: null}eaf7fe76-8f02-4367-a540-36f6b5b02da9{ip: 192.168.34.14, host: pr-hdds-2167-q77kb-1598226581, networkLocation: /rack1, certSerialId: null}, Type:RATIS, Factor:THREE, State:OPEN]. The last committed block length is 0, uncommitted data length is 1048576 retry count 0
2019-09-23 17:22:35,546 [dee4c762-71db-4d64-ab47-681bb437fd07@group-E9C4DD6AFD65:LeaderElection146] INFO  impl.LeaderElection (LeaderElection.java:askForVotes(182)) - dee4c762-71db-4d64-ab47-681bb437fd07@group-E9C4DD6AFD65:LeaderElection146: begin an election at term 4 for -1: [dee4c762-71db-4d64-ab47-681bb437fd07:192.168.34.14:36188, 75ab0a4d-5206-4350-91b3-4197023479e2:192.168.34.14:43851, cf9188cb-18f1-4c06-b3bb-d2975ec16a95:192.168.34.14:35549], old=null
2019-09-23 17:22:35,546 [d72208ce-2069-4651-9293-ddc837bc4e94@group-206EF5DB367B:LeaderElection143] INFO  impl.LeaderElection (LeaderElection.java:askForVotes(182)) - d72208ce-2069-4651-9293-ddc837bc4e94@group-206EF5DB367B:LeaderElection143: begin an election at term 4 for -1: [8fb4cdab-c625-4313-be02-bfab5deacb6d:192.168.34.14:33986, eaf7fe76-8f02-4367-a540-36f6b5b02da9:192.168.34.14:44815, d72208ce-2069-4651-9293-ddc837bc4e94:192.168.34.14:41565], old=null
2019-09-23 17:22:35,546 [cf9188cb-18f1-4c06-b3bb-d2975ec16a95@group-E9C4DD6AFD65:LeaderElection147] INFO  impl.LeaderElection (LeaderElection.java:askForVotes(182)) - cf9188cb-18f1-4c06-b3bb-d2975ec16a95@group-E9C4DD6AFD65:LeaderElection147: begin an election at term 4 for -1: [dee4c762-71db-4d64-ab47-681bb437fd07:192.168.34.14:36188, 75ab0a4d-5206-4350-91b3-4197023479e2:192.168.34.14:43851, cf9188cb-18f1-4c06-b3bb-d2975ec16a95:192.168.34.14:35549], old=null
2019-09-23 17:22:35,546 [8fb4cdab-c625-4313-be02-bfab5deacb6d@group-206EF5DB367B:LeaderElection145] INFO  impl.LeaderElection (LeaderElection.java:askForVotes(182)) - 8fb4cdab-c625-4313-be02-bfab5deacb6d@group-206EF5DB367B:LeaderElection145: begin an election at term 4 for -1: [8fb4cdab-c625-4313-be02-bfab5deacb6d:192.168.34.14:33986, eaf7fe76-8f02-4367-a540-36f6b5b02da9:192.168.34.14:44815, d72208ce-2069-4651-9293-ddc837bc4e94:192.168.34.14:41565], old=null
2019-09-23 17:22:35,546 [eaf7fe76-8f02-4367-a540-36f6b5b02da9@group-206EF5DB367B:LeaderElection142] INFO  impl.LeaderElection (LeaderElection.java:askForVotes(182)) - eaf7fe76-8f02-4367-a540-36f6b5b02da9@group-206EF5DB367B:LeaderElection142: begin an election at term 4 for -1: [8fb4cdab-c625-4313-be02-bfab5deacb6d:192.168.34.14:33986, eaf7fe76-8f02-4367-a540-36f6b5b02da9:192.168.34.14:44815, d72208ce-2069-4651-9293-ddc837bc4e94:192.168.34.14:41565], old=null
2019-09-23 17:22:35,546 [75ab0a4d-5206-4350-91b3-4197023479e2@group-E9C4DD6AFD65:LeaderElection144] INFO  impl.LeaderElection (LeaderElection.java:askForVotes(182)) - 75ab0a4d-5206-4350-91b3-4197023479e2@group-E9C4DD6AFD65:LeaderElection144: begin an election at term 4 for -1: [dee4c762-71db-4d64-ab47-681bb437fd07:192.168.34.14:36188, 75ab0a4d-5206-4350-91b3-4197023479e2:192.168.34.14:43851, cf9188cb-18f1-4c06-b3bb-d2975ec16a95:192.168.34.14:35549], old=null
2019-09-23 17:22:35,554 [75ab0a4d-5206-4350-91b3-4197023479e2@group-E9C4DD6AFD65:LeaderElection144] INFO  impl.LeaderElection (LeaderElection.java:logAndReturn(56)) - 75ab0a4d-5206-4350-91b3-4197023479e2@group-E9C4DD6AFD65:LeaderElection144: Election REJECTED; received 2 response(s) [75ab0a4d-5206-4350-91b3-4197023479e2<-dee4c762-71db-4d64-ab47-681bb437fd07#0:FAIL-t4, 75ab0a4d-5206-4350-91b3-4197023479e2<-cf9188cb-18f1-4c06-b3bb-d2975ec16a95#0:FAIL-t4] and 0 exception(s); 75ab0a4d-5206-4350-91b3-4197023479e2@group-E9C4DD6AFD65:t4, leader=null, voted=75ab0a4d-5206-4350-91b3-4197023479e2, raftlog=75ab0a4d-5206-4350-91b3-4197023479e2@group-E9C4DD6AFD65-SegmentedRaftLog:OPENED:c-1,f-1,i0, conf=-1: [dee4c762-71db-4d64-ab47-681bb437fd07:192.168.34.14:36188, 75ab0a4d-5206-4350-91b3-4197023479e2:192.168.34.14:43851, cf9188cb-18f1-4c06-b3bb-d2975ec16a95:192.168.34.14:35549], old=null
2019-09-23 17:22:35,554 [75ab0a4d-5206-4350-91b3-4197023479e2@group-E9C4DD6AFD65:LeaderElection144] INFO  impl.RaftServerImpl (RaftServerImpl.java:setRole(174)) - 75ab0a4d-5206-4350-91b3-4197023479e2@group-E9C4DD6AFD65: changes role from CANDIDATE to FOLLOWER at term 4 for DISCOVERED_A_NEW_TERM
2019-09-23 17:22:35,554 [75ab0a4d-5206-4350-91b3-4197023479e2@group-E9C4DD6AFD65:LeaderElection144] INFO  impl.RoleInfo (RoleInfo.java:shutdownLeaderElection(134)) - 75ab0a4d-5206-4350-91b3-4197023479e2: shutdown LeaderElection
2019-09-23 17:22:35,555 [75ab0a4d-5206-4350-91b3-4197023479e2@group-E9C4DD6AFD65:LeaderElection144] INFO  impl.RoleInfo (RoleInfo.java:updateAndGet(143)) - 75ab0a4d-5206-4350-91b3-4197023479e2: start FollowerState
2019-09-23 17:22:35,555 [cf9188cb-18f1-4c06-b3bb-d2975ec16a95@group-E9C4DD6AFD65:LeaderElection147] INFO  impl.LeaderElection (LeaderElection.java:logAndReturn(56)) - cf9188cb-18f1-4c06-b3bb-d2975ec16a95@group-E9C4DD6AFD65:LeaderElection147: Election REJECTED; received 2 response(s) [cf9188cb-18f1-4c06-b3bb-d2975ec16a95<-dee4c762-71db-4d64-ab47-681bb437fd07#0:FAIL-t4, cf9188cb-18f1-4c06-b3bb-d2975ec16a95<-75ab0a4d-5206-4350-91b3-4197023479e2#0:FAIL-t4] and 0 exception(s); cf9188cb-18f1-4c06-b3bb-d2975ec16a95@group-E9C4DD6AFD65:t4, leader=null, voted=cf9188cb-18f1-4c06-b3bb-d2975ec16a95, raftlog=cf9188cb-18f1-4c06-b3bb-d2975ec16a95@group-E9C4DD6AFD65-SegmentedRaftLog:OPENED:c-1,f-1,i0, conf=-1: [dee4c762-71db-4d64-ab47-681bb437fd07:192.168.34.14:36188, 75ab0a4d-5206-4350-91b3-4197023479e2:192.168.34.14:43851, cf9188cb-18f1-4c06-b3bb-d2975ec16a95:192.168.34.14:35549], old=null
2019-09-23 17:22:35,555 [cf9188cb-18f1-4c06-b3bb-d2975ec16a95@group-E9C4DD6AFD65:LeaderElection147] INFO  impl.RaftServerImpl (RaftServerImpl.java:setRole(174)) - cf9188cb-18f1-4c06-b3bb-d2975ec16a95@group-E9C4DD6AFD65: changes role from CANDIDATE to FOLLOWER at term 4 for DISCOVERED_A_NEW_TERM
2019-09-23 17:22:35,555 [eaf7fe76-8f02-4367-a540-36f6b5b02da9@group-206EF5DB367B:LeaderElection142] INFO  impl.LeaderElection (LeaderElection.java:logAndReturn(56)) - eaf7fe76-8f02-4367-a540-36f6b5b02da9@group-206EF5DB367B:LeaderElection142: Election REJECTED; received 2 response(s) [eaf7fe76-8f02-4367-a540-36f6b5b02da9<-8fb4cdab-c625-4313-be02-bfab5deacb6d#0:FAIL-t4, eaf7fe76-8f02-4367-a540-36f6b5b02da9<-d72208ce-2069-4651-9293-ddc837bc4e94#0:FAIL-t4] and 0 exception(s); eaf7fe76-8f02-4367-a540-36f6b5b02da9@group-206EF5DB367B:t4, leader=null, voted=eaf7fe76-8f02-4367-a540-36f6b5b02da9, raftlog=eaf7fe76-8f02-4367-a540-36f6b5b02da9@group-206EF5DB367B-SegmentedRaftLog:OPENED:c-1,f-1,i0, conf=-1: [8fb4cdab-c625-4313-be02-bfab5deacb6d:192.168.34.14:33986, eaf7fe76-8f02-4367-a540-36f6b5b02da9:192.168.34.14:44815, d72208ce-2069-4651-9293-ddc837bc4e94:192.168.34.14:41565], old=null
2019-09-23 17:22:35,555 [cf9188cb-18f1-4c06-b3bb-d2975ec16a95@group-E9C4DD6AFD65:LeaderElection147] INFO  impl.RoleInfo (RoleInfo.java:shutdownLeaderElection(134)) - cf9188cb-18f1-4c06-b3bb-d2975ec16a95: shutdown LeaderElection
2019-09-23 17:22:35,555 [eaf7fe76-8f02-4367-a540-36f6b5b02da9@group-206EF5DB367B:LeaderElection142] INFO  impl.RaftServerImpl (RaftServerImpl.java:setRole(174)) - eaf7fe76-8f02-4367-a540-36f6b5b02da9@group-206EF5DB367B: changes role from CANDIDATE to FOLLOWER at term 4 for DISCOVERED_A_NEW_TERM
2019-09-23 17:22:35,556 [eaf7fe76-8f02-4367-a540-36f6b5b02da9@group-206EF5DB367B:LeaderElection142] INFO  impl.RoleInfo (RoleInfo.java:shutdownLeaderElection(134)) - eaf7fe76-8f02-4367-a540-36f6b5b02da9: shutdown LeaderElection
2019-09-23 17:22:35,555 [dee4c762-71db-4d64-ab47-681bb437fd07@group-E9C4DD6AFD65:LeaderElection146] INFO  impl.LeaderElection (LeaderElection.java:logAndReturn(56)) - dee4c762-71db-4d64-ab47-681bb437fd07@group-E9C4DD6AFD65:LeaderElection146: Election REJECTED; received 2 response(s) [dee4c762-71db-4d64-ab47-681bb437fd07<-75ab0a4d-5206-4350-91b3-4197023479e2#0:FAIL-t4, dee4c762-71db-4d64-ab47-681bb437fd07<-cf9188cb-18f1-4c06-b3bb-d2975ec16a95#0:FAIL-t4] and 0 exception(s); dee4c762-71db-4d64-ab47-681bb437fd07@group-E9C4DD6AFD65:t4, leader=null, voted=dee4c762-71db-4d64-ab47-681bb437fd07, raftlog=dee4c762-71db-4d64-ab47-681bb437fd07@group-E9C4DD6AFD65-SegmentedRaftLog:OPENED:c-1,f-1,i0, conf=-1: [dee4c762-71db-4d64-ab47-681bb437fd07:192.168.34.14:36188, 75ab0a4d-5206-4350-91b3-4197023479e2:192.168.34.14:43851, cf9188cb-18f1-4c06-b3bb-d2975ec16a95:192.168.34.14:35549], old=null
2019-09-23 17:22:35,556 [eaf7fe76-8f02-4367-a540-36f6b5b02da9@group-206EF5DB367B:LeaderElection142] INFO  impl.RoleInfo (RoleInfo.java:updateAndGet(143)) - eaf7fe76-8f02-4367-a540-36f6b5b02da9: start FollowerState
2019-09-23 17:22:35,556 [d72208ce-2069-4651-9293-ddc837bc4e94@group-206EF5DB367B:LeaderElection143] INFO  impl.LeaderElection (LeaderElection.java:logAndReturn(56)) - d72208ce-2069-4651-9293-ddc837bc4e94@group-206EF5DB367B:LeaderElection143: Election REJECTED; received 2 response(s) [d72208ce-2069-4651-9293-ddc837bc4e94<-8fb4cdab-c625-4313-be02-bfab5deacb6d#0:FAIL-t4, d72208ce-2069-4651-9293-ddc837bc4e94<-eaf7fe76-8f02-4367-a540-36f6b5b02da9#0:FAIL-t4] and 0 exception(s); d72208ce-2069-4651-9293-ddc837bc4e94@group-206EF5DB367B:t4, leader=null, voted=d72208ce-2069-4651-9293-ddc837bc4e94, raftlog=d72208ce-2069-4651-9293-ddc837bc4e94@group-206EF5DB367B-SegmentedRaftLog:OPENED:c-1,f-1,i0, conf=-1: [8fb4cdab-c625-4313-be02-bfab5deacb6d:192.168.34.14:33986, eaf7fe76-8f02-4367-a540-36f6b5b02da9:192.168.34.14:44815, d72208ce-2069-4651-9293-ddc837bc4e94:192.168.34.14:41565], old=null
2019-09-23 17:22:35,556 [8fb4cdab-c625-4313-be02-bfab5deacb6d@group-206EF5DB367B:LeaderElection145] INFO  impl.LeaderElection (LeaderElection.java:logAndReturn(56)) - 8fb4cdab-c625-4313-be02-bfab5deacb6d@group-206EF5DB367B:LeaderElection145: Election REJECTED; received 2 response(s) [8fb4cdab-c625-4313-be02-bfab5deacb6d<-eaf7fe76-8f02-4367-a540-36f6b5b02da9#0:FAIL-t4, 8fb4cdab-c625-4313-be02-bfab5deacb6d<-d72208ce-2069-4651-9293-ddc837bc4e94#0:FAIL-t4] and 0 exception(s); 8fb4cdab-c625-4313-be02-bfab5deacb6d@group-206EF5DB367B:t4, leader=null, voted=8fb4cdab-c625-4313-be02-bfab5deacb6d, raftlog=8fb4cdab-c625-4313-be02-bfab5deacb6d@group-206EF5DB367B-SegmentedRaftLog:OPENED:c-1,f-1,i0, conf=-1: [8fb4cdab-c625-4313-be02-bfab5deacb6d:192.168.34.14:33986, eaf7fe76-8f02-4367-a540-36f6b5b02da9:192.168.34.14:44815, d72208ce-2069-4651-9293-ddc837bc4e94:192.168.34.14:41565], old=null
2019-09-23 17:22:35,556 [cf9188cb-18f1-4c06-b3bb-d2975ec16a95@group-E9C4DD6AFD65:LeaderElection147] INFO  impl.RoleInfo (RoleInfo.java:updateAndGet(143)) - cf9188cb-18f1-4c06-b3bb-d2975ec16a95: start FollowerState
2019-09-23 17:22:35,557 [8fb4cdab-c625-4313-be02-bfab5deacb6d@group-206EF5DB367B:LeaderElection145] INFO  impl.RaftServerImpl (RaftServerImpl.java:setRole(174)) - 8fb4cdab-c625-4313-be02-bfab5deacb6d@group-206EF5DB367B: changes role from CANDIDATE to FOLLOWER at term 4 for DISCOVERED_A_NEW_TERM
2019-09-23 17:22:35,556 [d72208ce-2069-4651-9293-ddc837bc4e94@group-206EF5DB367B:LeaderElection143] INFO  impl.RaftServerImpl (RaftServerImpl.java:setRole(174)) - d72208ce-2069-4651-9293-ddc837bc4e94@group-206EF5DB367B: changes role from CANDIDATE to FOLLOWER at term 4 for DISCOVERED_A_NEW_TERM
2019-09-23 17:22:35,557 [d72208ce-2069-4651-9293-ddc837bc4e94@group-206EF5DB367B:LeaderElection143] INFO  impl.RoleInfo (RoleInfo.java:shutdownLeaderElection(134)) - d72208ce-2069-4651-9293-ddc837bc4e94: shutdown LeaderElection
2019-09-23 17:22:35,556 [dee4c762-71db-4d64-ab47-681bb437fd07@group-E9C4DD6AFD65:LeaderElection146] INFO  impl.RaftServerImpl (RaftServerImpl.java:setRole(174)) - dee4c762-71db-4d64-ab47-681bb437fd07@group-E9C4DD6AFD65: changes role from CANDIDATE to FOLLOWER at term 4 for DISCOVERED_A_NEW_TERM
2019-09-23 17:22:35,557 [d72208ce-2069-4651-9293-ddc837bc4e94@group-206EF5DB367B:LeaderElection143] INFO  impl.RoleInfo (RoleInfo.java:updateAndGet(143)) - d72208ce-2069-4651-9293-ddc837bc4e94: start FollowerState
2019-09-23 17:22:35,557 [8fb4cdab-c625-4313-be02-bfab5deacb6d@group-206EF5DB367B:LeaderElection145] INFO  impl.RoleInfo (RoleInfo.java:shutdownLeaderElection(134)) - 8fb4cdab-c625-4313-be02-bfab5deacb6d: shutdown LeaderElection
2019-09-23 17:22:35,557 [dee4c762-71db-4d64-ab47-681bb437fd07@group-E9C4DD6AFD65:LeaderElection146] INFO  impl.RoleInfo (RoleInfo.java:shutdownLeaderElection(134)) - dee4c762-71db-4d64-ab47-681bb437fd07: shutdown LeaderElection
2019-09-23 17:22:35,557 [8fb4cdab-c625-4313-be02-bfab5deacb6d@group-206EF5DB367B:LeaderElection145] INFO  impl.RoleInfo (RoleInfo.java:updateAndGet(143)) - 8fb4cdab-c625-4313-be02-bfab5deacb6d: start FollowerState
2019-09-23 17:22:35,557 [dee4c762-71db-4d64-ab47-681bb437fd07@group-E9C4DD6AFD65:LeaderElection146] INFO  impl.RoleInfo (RoleInfo.java:updateAndGet(143)) - dee4c762-71db-4d64-ab47-681bb437fd07: start FollowerState
2019-09-23 17:22:36,631 [Thread-3605] INFO  impl.FollowerState (FollowerState.java:run(106)) - eaf7fe76-8f02-4367-a540-36f6b5b02da9:group-206EF5DB367B changes to CANDIDATE, lastRpcTime:1074, electionTimeout:1074ms
2019-09-23 17:22:36,632 [Thread-3605] INFO  impl.RoleInfo (RoleInfo.java:shutdownFollowerState(121)) - eaf7fe76-8f02-4367-a540-36f6b5b02da9: shutdown FollowerState
2019-09-23 17:22:36,632 [Thread-3605] INFO  impl.RaftServerImpl (RaftServerImpl.java:setRole(174)) - eaf7fe76-8f02-4367-a540-36f6b5b02da9@group-206EF5DB367B: changes role from  FOLLOWER to CANDIDATE at term 4 for changeToCandidate
2019-09-23 17:22:36,642 [Thread-3605] INFO  impl.RoleInfo (RoleInfo.java:updateAndGet(143)) - eaf7fe76-8f02-4367-a540-36f6b5b02da9: start LeaderElection
2019-09-23 17:22:36,650 [Thread-3604] INFO  impl.FollowerState (FollowerState.java:run(106)) - cf9188cb-18f1-4c06-b3bb-d2975ec16a95:group-E9C4DD6AFD65 changes to CANDIDATE, lastRpcTime:1094, electionTimeout:1093ms
2019-09-23 17:22:36,650 [Thread-3604] INFO  impl.RoleInfo (RoleInfo.java:shutdownFollowerState(121)) - cf9188cb-18f1-4c06-b3bb-d2975ec16a95: shutdown FollowerState
2019-09-23 17:22:36,650 [Thread-3604] INFO  impl.RaftServerImpl (RaftServerImpl.java:setRole(174)) - cf9188cb-18f1-4c06-b3bb-d2975ec16a95@group-E9C4DD6AFD65: changes role from  FOLLOWER to CANDIDATE at term 4 for changeToCandidate
2019-09-23 17:22:36,650 [Thread-3604] INFO  impl.RoleInfo (RoleInfo.java:updateAndGet(143)) - cf9188cb-18f1-4c06-b3bb-d2975ec16a95: start LeaderElection
2019-09-23 17:22:36,659 [eaf7fe76-8f02-4367-a540-36f6b5b02da9@group-206EF5DB367B:LeaderElection148] INFO  impl.LeaderElection (LeaderElection.java:askForVotes(182)) - eaf7fe76-8f02-4367-a540-36f6b5b02da9@group-206EF5DB367B:LeaderElection148: begin an election at term 5 for -1: [8fb4cdab-c625-4313-be02-bfab5deacb6d:192.168.34.14:33986, eaf7fe76-8f02-4367-a540-36f6b5b02da9:192.168.34.14:44815, d72208ce-2069-4651-9293-ddc837bc4e94:192.168.34.14:41565], old=null
2019-09-23 17:22:36,659 [cf9188cb-18f1-4c06-b3bb-d2975ec16a95@group-E9C4DD6AFD65:LeaderElection149] INFO  impl.LeaderElection (LeaderElection.java:askForVotes(182)) - cf9188cb-18f1-4c06-b3bb-d2975ec16a95@group-E9C4DD6AFD65:LeaderElection149: begin an election at term 5 for -1: [dee4c762-71db-4d64-ab47-681bb437fd07:192.168.34.14:36188, 75ab0a4d-5206-4350-91b3-4197023479e2:192.168.34.14:43851, cf9188cb-18f1-4c06-b3bb-d2975ec16a95:192.168.34.14:35549], old=null
2019-09-23 17:22:36,661 [grpc-default-executor-11] INFO  impl.RaftServerImpl (RaftServerImpl.java:setRole(174)) - 8fb4cdab-c625-4313-be02-bfab5deacb6d@group-206EF5DB367B: changes role from  FOLLOWER to FOLLOWER at term 5 for recognizeCandidate:eaf7fe76-8f02-4367-a540-36f6b5b02da9
2019-09-23 17:22:36,662 [grpc-default-executor-11] INFO  impl.RoleInfo (RoleInfo.java:shutdownFollowerState(121)) - 8fb4cdab-c625-4313-be02-bfab5deacb6d: shutdown FollowerState
2019-09-23 17:22:36,662 [grpc-default-executor-18] INFO  impl.RaftServerImpl (RaftServerImpl.java:setRole(174)) - dee4c762-71db-4d64-ab47-681bb437fd07@group-E9C4DD6AFD65: changes role from  FOLLOWER to FOLLOWER at term 5 for recognizeCandidate:cf9188cb-18f1-4c06-b3bb-d2975ec16a95
2019-09-23 17:22:36,662 [grpc-default-executor-11] INFO  impl.RoleInfo (RoleInfo.java:updateAndGet(143)) - 8fb4cdab-c625-4313-be02-bfab5deacb6d: start FollowerState
2019-09-23 17:22:36,662 [Thread-3607] INFO  impl.FollowerState (FollowerState.java:run(115)) - 8fb4cdab-c625-4313-be02-bfab5deacb6d: FollowerState was interrupted: java.lang.InterruptedException: sleep interrupted
2019-09-23 17:22:36,662 [grpc-default-executor-18] INFO  impl.RoleInfo (RoleInfo.java:shutdownFollowerState(121)) - dee4c762-71db-4d64-ab47-681bb437fd07: shutdown FollowerState
2019-09-23 17:22:36,662 [grpc-default-executor-20] INFO  impl.RaftServerImpl (RaftServerImpl.java:setRole(174)) - d72208ce-2069-4651-9293-ddc837bc4e94@group-206EF5DB367B: changes role from  FOLLOWER to FOLLOWER at term 5 for recognizeCandidate:eaf7fe76-8f02-4367-a540-36f6b5b02da9
2019-09-23 17:22:36,663 [grpc-default-executor-6] INFO  impl.RaftServerImpl (RaftServerImpl.java:setRole(174)) - 75ab0a4d-5206-4350-91b3-4197023479e2@group-E9C4DD6AFD65: changes role from  FOLLOWER to FOLLOWER at term 5 for recognizeCandidate:cf9188cb-18f1-4c06-b3bb-d2975ec16a95
2019-09-23 17:22:36,663 [grpc-default-executor-18] INFO  impl.RoleInfo (RoleInfo.java:updateAndGet(143)) - dee4c762-71db-4d64-ab47-681bb437fd07: start FollowerState
2019-09-23 17:22:36,663 [grpc-default-executor-6] INFO  impl.RoleInfo (RoleInfo.java:shutdownFollowerState(121)) - 75ab0a4d-5206-4350-91b3-4197023479e2: shutdown FollowerState
2019-09-23 17:22:36,663 [Thread-3608] INFO  impl.FollowerState (FollowerState.java:run(115)) - dee4c762-71db-4d64-ab47-681bb437fd07: FollowerState was interrupted: java.lang.InterruptedException: sleep interrupted
2019-09-23 17:22:36,663 [grpc-default-executor-20] INFO  impl.RoleInfo (RoleInfo.java:shutdownFollowerState(121)) - d72208ce-2069-4651-9293-ddc837bc4e94: shutdown FollowerState
2019-09-23 17:22:36,664 [Thread-3603] INFO  impl.FollowerState (FollowerState.java:run(115)) - 75ab0a4d-5206-4350-91b3-4197023479e2: FollowerState was interrupted: java.lang.InterruptedException: sleep interrupted
2019-09-23 17:22:36,664 [grpc-default-executor-6] INFO  impl.RoleInfo (RoleInfo.java:updateAndGet(143)) - 75ab0a4d-5206-4350-91b3-4197023479e2: start FollowerState
2019-09-23 17:22:36,664 [Thread-3606] INFO  impl.FollowerState (FollowerState.java:run(115)) - d72208ce-2069-4651-9293-ddc837bc4e94: FollowerState was interrupted: java.lang.InterruptedException: sleep interrupted
2019-09-23 17:22:36,664 [grpc-default-executor-20] INFO  impl.RoleInfo (RoleInfo.java:updateAndGet(143)) - d72208ce-2069-4651-9293-ddc837bc4e94: start FollowerState
2019-09-23 17:22:36,679 [eaf7fe76-8f02-4367-a540-36f6b5b02da9@group-206EF5DB367B:LeaderElection148] INFO  impl.LeaderElection (LeaderElection.java:logAndReturn(56)) - eaf7fe76-8f02-4367-a540-36f6b5b02da9@group-206EF5DB367B:LeaderElection148: Election PASSED; received 1 response(s) [eaf7fe76-8f02-4367-a540-36f6b5b02da9<-8fb4cdab-c625-4313-be02-bfab5deacb6d#0:OK-t5] and 0 exception(s); eaf7fe76-8f02-4367-a540-36f6b5b02da9@group-206EF5DB367B:t5, leader=null, voted=eaf7fe76-8f02-4367-a540-36f6b5b02da9, raftlog=eaf7fe76-8f02-4367-a540-36f6b5b02da9@group-206EF5DB367B-SegmentedRaftLog:OPENED:c-1,f-1,i0, conf=-1: [8fb4cdab-c625-4313-be02-bfab5deacb6d:192.168.34.14:33986, eaf7fe76-8f02-4367-a540-36f6b5b02da9:192.168.34.14:44815, d72208ce-2069-4651-9293-ddc837bc4e94:192.168.34.14:41565], old=null
2019-09-23 17:22:36,679 [cf9188cb-18f1-4c06-b3bb-d2975ec16a95@group-E9C4DD6AFD65:LeaderElection149] INFO  impl.LeaderElection (LeaderElection.java:logAndReturn(56)) - cf9188cb-18f1-4c06-b3bb-d2975ec16a95@group-E9C4DD6AFD65:LeaderElection149: Election PASSED; received 1 response(s) [cf9188cb-18f1-4c06-b3bb-d2975ec16a95<-75ab0a4d-5206-4350-91b3-4197023479e2#0:OK-t5] and 0 exception(s); cf9188cb-18f1-4c06-b3bb-d2975ec16a95@group-E9C4DD6AFD65:t5, leader=null, voted=cf9188cb-18f1-4c06-b3bb-d2975ec16a95, raftlog=cf9188cb-18f1-4c06-b3bb-d2975ec16a95@group-E9C4DD6AFD65-SegmentedRaftLog:OPENED:c-1,f-1,i0, conf=-1: [dee4c762-71db-4d64-ab47-681bb437fd07:192.168.34.14:36188, 75ab0a4d-5206-4350-91b3-4197023479e2:192.168.34.14:43851, cf9188cb-18f1-4c06-b3bb-d2975ec16a95:192.168.34.14:35549], old=null
2019-09-23 17:22:36,679 [eaf7fe76-8f02-4367-a540-36f6b5b02da9@group-206EF5DB367B:LeaderElection148] INFO  impl.RoleInfo (RoleInfo.java:shutdownLeaderElection(134)) - eaf7fe76-8f02-4367-a540-36f6b5b02da9: shutdown LeaderElection
2019-09-23 17:22:36,679 [cf9188cb-18f1-4c06-b3bb-d2975ec16a95@group-E9C4DD6AFD65:LeaderElection149] INFO  impl.RoleInfo (RoleInfo.java:shutdownLeaderElection(134)) - cf9188cb-18f1-4c06-b3bb-d2975ec16a95: shutdown LeaderElection
2019-09-23 17:22:36,679 [eaf7fe76-8f02-4367-a540-36f6b5b02da9@group-206EF5DB367B:LeaderElection148] INFO  impl.RaftServerImpl (RaftServerImpl.java:setRole(174)) - eaf7fe76-8f02-4367-a540-36f6b5b02da9@group-206EF5DB367B: changes role from CANDIDATE to LEADER at term 5 for changeToLeader
2019-09-23 17:22:36,679 [cf9188cb-18f1-4c06-b3bb-d2975ec16a95@group-E9C4DD6AFD65:LeaderElection149] INFO  impl.RaftServerImpl (RaftServerImpl.java:setRole(174)) - cf9188cb-18f1-4c06-b3bb-d2975ec16a95@group-E9C4DD6AFD65: changes role from CANDIDATE to LEADER at term 5 for changeToLeader
2019-09-23 17:22:36,679 [eaf7fe76-8f02-4367-a540-36f6b5b02da9@group-206EF5DB367B:LeaderElection148] INFO  impl.RaftServerImpl (ServerState.java:setLeader(253)) - eaf7fe76-8f02-4367-a540-36f6b5b02da9@group-206EF5DB367B: change Leader from null to eaf7fe76-8f02-4367-a540-36f6b5b02da9 at term 5 for becomeLeader, leader elected after 10518ms
2019-09-23 17:22:36,680 [cf9188cb-18f1-4c06-b3bb-d2975ec16a95@group-E9C4DD6AFD65:LeaderElection149] INFO  impl.RaftServerImpl (ServerState.java:setLeader(253)) - cf9188cb-18f1-4c06-b3bb-d2975ec16a95@group-E9C4DD6AFD65: change Leader from null to cf9188cb-18f1-4c06-b3bb-d2975ec16a95 at term 5 for becomeLeader, leader elected after 10848ms
2019-09-23 17:22:36,680 [eaf7fe76-8f02-4367-a540-36f6b5b02da9@group-206EF5DB367B:LeaderElection148] INFO  server.RaftServerConfigKeys (ConfUtils.java:logGet(43)) - raft.server.staging.catchup.gap = 1000 (default)
2019-09-23 17:22:36,680 [cf9188cb-18f1-4c06-b3bb-d2975ec16a95@group-E9C4DD6AFD65:LeaderElection149] INFO  server.RaftServerConfigKeys (ConfUtils.java:logGet(43)) - raft.server.staging.catchup.gap = 1000 (default)
2019-09-23 17:22:36,680 [eaf7fe76-8f02-4367-a540-36f6b5b02da9@group-206EF5DB367B:LeaderElection148] INFO  server.RaftServerConfigKeys (ConfUtils.java:logGet(43)) - raft.server.rpc.sleep.time = 25ms (default)
2019-09-23 17:22:36,680 [cf9188cb-18f1-4c06-b3bb-d2975ec16a95@group-E9C4DD6AFD65:LeaderElection149] INFO  server.RaftServerConfigKeys (ConfUtils.java:logGet(43)) - raft.server.rpc.sleep.time = 25ms (default)
2019-09-23 17:22:36,680 [eaf7fe76-8f02-4367-a540-36f6b5b02da9@group-206EF5DB367B:LeaderElection148] INFO  server.RaftServerConfigKeys (ConfUtils.java:logGet(43)) - raft.server.write.element-limit = 4096 (default)
2019-09-23 17:22:36,680 [cf9188cb-18f1-4c06-b3bb-d2975ec16a95@group-E9C4DD6AFD65:LeaderElection149] INFO  server.RaftServerConfigKeys (ConfUtils.java:logGet(43)) - raft.server.write.element-limit = 4096 (default)
2019-09-23 17:22:36,681 [eaf7fe76-8f02-4367-a540-36f6b5b02da9@group-206EF5DB367B:LeaderElection148] INFO  server.RaftServerConfigKeys (ConfUtils.java:logGet(43)) - raft.server.watch.timeout = 10s (default)
2019-09-23 17:22:36,681 [cf9188cb-18f1-4c06-b3bb-d2975ec16a95@group-E9C4DD6AFD65:LeaderElection149] INFO  server.RaftServerConfigKeys (ConfUtils.java:logGet(43)) - raft.server.watch.timeout = 10s (default)
2019-09-23 17:22:36,681 [eaf7fe76-8f02-4367-a540-36f6b5b02da9@group-206EF5DB367B:LeaderElection148] INFO  server.RaftServerConfigKeys (ConfUtils.java:logGet(43)) - raft.server.watch.timeout.denomination = 1s (default)
2019-09-23 17:22:36,681 [cf9188cb-18f1-4c06-b3bb-d2975ec16a95@group-E9C4DD6AFD65:LeaderElection149] INFO  server.RaftServerConfigKeys (ConfUtils.java:logGet(43)) - raft.server.watch.timeout.denomination = 1s (default)
2019-09-23 17:22:36,681 [eaf7fe76-8f02-4367-a540-36f6b5b02da9@group-206EF5DB367B:LeaderElection148] INFO  server.RaftServerConfigKeys (ConfUtils.java:logGet(43)) - raft.server.watch.element-limit = 65536 (default)
2019-09-23 17:22:36,681 [cf9188cb-18f1-4c06-b3bb-d2975ec16a95@group-E9C4DD6AFD65:LeaderElection149] INFO  server.RaftServerConfigKeys (ConfUtils.java:logGet(43)) - raft.server.watch.element-limit = 65536 (default)
2019-09-23 17:22:36,686 [eaf7fe76-8f02-4367-a540-36f6b5b02da9@group-206EF5DB367B:LeaderElection148] INFO  server.RaftServerConfigKeys (ConfUtils.java:logGet(43)) - raft.server.log.appender.snapshot.chunk.size.max = 16MB (=16777216) (default)
2019-09-23 17:22:36,686 [cf9188cb-18f1-4c06-b3bb-d2975ec16a95@group-E9C4DD6AFD65:LeaderElection149] INFO  server.RaftServerConfigKeys (ConfUtils.java:logGet(43)) - raft.server.log.appender.snapshot.chunk.size.max = 16MB (=16777216) (default)
2019-09-23 17:22:36,686 [eaf7fe76-8f02-4367-a540-36f6b5b02da9@group-206EF5DB367B:LeaderElection148] INFO  server.RaftServerConfigKeys (ConfUtils.java:logGet(43)) - raft.server.log.appender.buffer.byte-limit = 33554432 (custom)
2019-09-23 17:22:36,687 [cf9188cb-18f1-4c06-b3bb-d2975ec16a95@group-E9C4DD6AFD65:LeaderElection149] INFO  server.RaftServerConfigKeys (ConfUtils.java:logGet(43)) - raft.server.log.appender.buffer.byte-limit = 33554432 (custom)
2019-09-23 17:22:36,687 [eaf7fe76-8f02-4367-a540-36f6b5b02da9@group-206EF5DB367B:LeaderElection148] INFO  server.RaftServerConfigKeys (ConfUtils.java:logGet(43)) - raft.server.log.appender.buffer.element-limit = 1 (custom)
2019-09-23 17:22:36,687 [cf9188cb-18f1-4c06-b3bb-d2975ec16a95@group-E9C4DD6AFD65:LeaderElection149] INFO  server.RaftServerConfigKeys (ConfUtils.java:logGet(43)) - raft.server.log.appender.buffer.element-limit = 1 (custom)
2019-09-23 17:22:36,687 [eaf7fe76-8f02-4367-a540-36f6b5b02da9@group-206EF5DB367B:LeaderElection148] INFO  grpc.GrpcConfigKeys$Server (ConfUtils.java:logGet(43)) - raft.grpc.server.leader.outstanding.appends.max = 128 (default)
2019-09-23 17:22:36,687 [cf9188cb-18f1-4c06-b3bb-d2975ec16a95@group-E9C4DD6AFD65:LeaderElection149] INFO  grpc.GrpcConfigKeys$Server (ConfUtils.java:logGet(43)) - raft.grpc.server.leader.outstanding.appends.max = 128 (default)
2019-09-23 17:22:36,687 [eaf7fe76-8f02-4367-a540-36f6b5b02da9@group-206EF5DB367B:LeaderElection148] INFO  server.RaftServerConfigKeys (ConfUtils.java:logGet(43)) - raft.server.rpc.request.timeout = 3000ms (default)
2019-09-23 17:22:36,687 [cf9188cb-18f1-4c06-b3bb-d2975ec16a95@group-E9C4DD6AFD65:LeaderElection149] INFO  server.RaftServerConfigKeys (ConfUtils.java:logGet(43)) - raft.server.rpc.request.timeout = 3000ms (default)
2019-09-23 17:22:36,688 [eaf7fe76-8f02-4367-a540-36f6b5b02da9@group-206EF5DB367B:LeaderElection148] INFO  server.RaftServerConfigKeys (ConfUtils.java:logGet(43)) - raft.server.log.appender.install.snapshot.enabled = false (custom)
2019-09-23 17:22:36,688 [cf9188cb-18f1-4c06-b3bb-d2975ec16a95@group-E9C4DD6AFD65:LeaderElection149] INFO  server.RaftServerConfigKeys (ConfUtils.java:logGet(43)) - raft.server.log.appender.install.snapshot.enabled = false (custom)
2019-09-23 17:22:36,688 [eaf7fe76-8f02-4367-a540-36f6b5b02da9@group-206EF5DB367B:LeaderElection148] INFO  server.RaftServerConfigKeys (ConfUtils.java:logGet(43)) - raft.server.log.appender.snapshot.chunk.size.max = 16MB (=16777216) (default)
2019-09-23 17:22:36,688 [cf9188cb-18f1-4c06-b3bb-d2975ec16a95@group-E9C4DD6AFD65:LeaderElection149] INFO  server.RaftServerConfigKeys (ConfUtils.java:logGet(43)) - raft.server.log.appender.snapshot.chunk.size.max = 16MB (=16777216) (default)
2019-09-23 17:22:36,688 [eaf7fe76-8f02-4367-a540-36f6b5b02da9@group-206EF5DB367B:LeaderElection148] INFO  server.RaftServerConfigKeys (ConfUtils.java:logGet(43)) - raft.server.log.appender.buffer.byte-limit = 33554432 (custom)
2019-09-23 17:22:36,688 [cf9188cb-18f1-4c06-b3bb-d2975ec16a95@group-E9C4DD6AFD65:LeaderElection149] INFO  server.RaftServerConfigKeys (ConfUtils.java:logGet(43)) - raft.server.log.appender.buffer.byte-limit = 33554432 (custom)
2019-09-23 17:22:36,688 [eaf7fe76-8f02-4367-a540-36f6b5b02da9@group-206EF5DB367B:LeaderElection148] INFO  server.RaftServerConfigKeys (ConfUtils.java:logGet(43)) - raft.server.log.appender.buffer.element-limit = 1 (custom)
2019-09-23 17:22:36,689 [cf9188cb-18f1-4c06-b3bb-d2975ec16a95@group-E9C4DD6AFD65:LeaderElection149] INFO  server.RaftServerConfigKeys (ConfUtils.java:logGet(43)) - raft.server.log.appender.buffer.element-limit = 1 (custom)
2019-09-23 17:22:36,689 [eaf7fe76-8f02-4367-a540-36f6b5b02da9@group-206EF5DB367B:LeaderElection148] INFO  grpc.GrpcConfigKeys$Server (ConfUtils.java:logGet(43)) - raft.grpc.server.leader.outstanding.appends.max = 128 (default)
2019-09-23 17:22:36,689 [cf9188cb-18f1-4c06-b3bb-d2975ec16a95@group-E9C4DD6AFD65:LeaderElection149] INFO  grpc.GrpcConfigKeys$Server (ConfUtils.java:logGet(43)) - raft.grpc.server.leader.outstanding.appends.max = 128 (default)
2019-09-23 17:22:36,689 [eaf7fe76-8f02-4367-a540-36f6b5b02da9@group-206EF5DB367B:LeaderElection148] INFO  server.RaftServerConfigKeys (ConfUtils.java:logGet(43)) - raft.server.rpc.request.timeout = 3000ms (default)
2019-09-23 17:22:36,689 [cf9188cb-18f1-4c06-b3bb-d2975ec16a95@group-E9C4DD6AFD65:LeaderElection149] INFO  server.RaftServerConfigKeys (ConfUtils.java:logGet(43)) - raft.server.rpc.request.timeout = 3000ms (default)
2019-09-23 17:22:36,689 [eaf7fe76-8f02-4367-a540-36f6b5b02da9@group-206EF5DB367B:LeaderElection148] INFO  server.RaftServerConfigKeys (ConfUtils.java:logGet(43)) - raft.server.log.appender.install.snapshot.enabled = false (custom)
2019-09-23 17:22:36,689 [cf9188cb-18f1-4c06-b3bb-d2975ec16a95@group-E9C4DD6AFD65:LeaderElection149] INFO  server.RaftServerConfigKeys (ConfUtils.java:logGet(43)) - raft.server.log.appender.install.snapshot.enabled = false (custom)
2019-09-23 17:22:36,690 [eaf7fe76-8f02-4367-a540-36f6b5b02da9@group-206EF5DB367B:LeaderElection148] INFO  impl.RoleInfo (RoleInfo.java:updateAndGet(143)) - eaf7fe76-8f02-4367-a540-36f6b5b02da9: start LeaderState
2019-09-23 17:22:36,690 [cf9188cb-18f1-4c06-b3bb-d2975ec16a95@group-E9C4DD6AFD65:LeaderElection149] INFO  impl.RoleInfo (RoleInfo.java:updateAndGet(143)) - cf9188cb-18f1-4c06-b3bb-d2975ec16a95: start LeaderState
2019-09-23 17:22:36,690 [eaf7fe76-8f02-4367-a540-36f6b5b02da9@group-206EF5DB367B:LeaderElection148] INFO  segmented.SegmentedRaftLogWorker (SegmentedRaftLogWorker.java:startLogSegment(380)) - eaf7fe76-8f02-4367-a540-36f6b5b02da9@group-206EF5DB367B-SegmentedRaftLogWorker: Starting segment from index:0
2019-09-23 17:22:36,690 [cf9188cb-18f1-4c06-b3bb-d2975ec16a95@group-E9C4DD6AFD65:LeaderElection149] INFO  segmented.SegmentedRaftLogWorker (SegmentedRaftLogWorker.java:startLogSegment(380)) - cf9188cb-18f1-4c06-b3bb-d2975ec16a95@group-E9C4DD6AFD65-SegmentedRaftLogWorker: Starting segment from index:0
2019-09-23 17:22:36,692 [eaf7fe76-8f02-4367-a540-36f6b5b02da9@group-206EF5DB367B:LeaderElection148] INFO  impl.RaftServerImpl (ServerState.java:setRaftConf(354)) - eaf7fe76-8f02-4367-a540-36f6b5b02da9@group-206EF5DB367B: set configuration 0: [8fb4cdab-c625-4313-be02-bfab5deacb6d:192.168.34.14:33986, eaf7fe76-8f02-4367-a540-36f6b5b02da9:192.168.34.14:44815, d72208ce-2069-4651-9293-ddc837bc4e94:192.168.34.14:41565], old=null at 0
2019-09-23 17:22:36,692 [cf9188cb-18f1-4c06-b3bb-d2975ec16a95@group-E9C4DD6AFD65:LeaderElection149] INFO  impl.RaftServerImpl (ServerState.java:setRaftConf(354)) - cf9188cb-18f1-4c06-b3bb-d2975ec16a95@group-E9C4DD6AFD65: set configuration 0: [dee4c762-71db-4d64-ab47-681bb437fd07:192.168.34.14:36188, 75ab0a4d-5206-4350-91b3-4197023479e2:192.168.34.14:43851, cf9188cb-18f1-4c06-b3bb-d2975ec16a95:192.168.34.14:35549], old=null at 0
2019-09-23 17:22:36,693 [grpc-default-executor-6] INFO  impl.RaftServerImpl (ServerState.java:setLeader(253)) - 75ab0a4d-5206-4350-91b3-4197023479e2@group-E9C4DD6AFD65: change Leader from null to cf9188cb-18f1-4c06-b3bb-d2975ec16a95 at term 5 for appendEntries, leader elected after 10862ms
2019-09-23 17:22:36,693 [grpc-default-executor-11] INFO  impl.RaftServerImpl (ServerState.java:setLeader(253)) - 8fb4cdab-c625-4313-be02-bfab5deacb6d@group-206EF5DB367B: change Leader from null to eaf7fe76-8f02-4367-a540-36f6b5b02da9 at term 5 for appendEntries, leader elected after 10531ms
2019-09-23 17:22:36,693 [grpc-default-executor-20] INFO  impl.RaftServerImpl (ServerState.java:setLeader(253)) - dee4c762-71db-4d64-ab47-681bb437fd07@group-E9C4DD6AFD65: change Leader from null to cf9188cb-18f1-4c06-b3bb-d2975ec16a95 at term 5 for appendEntries, leader elected after 10862ms
2019-09-23 17:22:36,694 [grpc-default-executor-11] INFO  impl.RaftServerImpl (ServerState.java:setLeader(253)) - d72208ce-2069-4651-9293-ddc837bc4e94@group-206EF5DB367B: change Leader from null to eaf7fe76-8f02-4367-a540-36f6b5b02da9 at term 5 for appendEntries, leader elected after 10532ms
2019-09-23 17:22:36,695 [grpc-default-executor-11] INFO  impl.RaftServerImpl (ServerState.java:setRaftConf(354)) - 75ab0a4d-5206-4350-91b3-4197023479e2@group-E9C4DD6AFD65: set configuration 0: [dee4c762-71db-4d64-ab47-681bb437fd07:192.168.34.14:36188, 75ab0a4d-5206-4350-91b3-4197023479e2:192.168.34.14:43851, cf9188cb-18f1-4c06-b3bb-d2975ec16a95:192.168.34.14:35549], old=null at 0
2019-09-23 17:22:36,695 [grpc-default-executor-6] INFO  impl.RaftServerImpl (ServerState.java:setRaftConf(354)) - 8fb4cdab-c625-4313-be02-bfab5deacb6d@group-206EF5DB367B: set configuration 0: [8fb4cdab-c625-4313-be02-bfab5deacb6d:192.168.34.14:33986, eaf7fe76-8f02-4367-a540-36f6b5b02da9:192.168.34.14:44815, d72208ce-2069-4651-9293-ddc837bc4e94:192.168.34.14:41565], old=null at 0
2019-09-23 17:22:36,696 [grpc-default-executor-20] INFO  impl.RaftServerImpl (ServerState.java:setRaftConf(354)) - dee4c762-71db-4d64-ab47-681bb437fd07@group-E9C4DD6AFD65: set configuration 0: [dee4c762-71db-4d64-ab47-681bb437fd07:192.168.34.14:36188, 75ab0a4d-5206-4350-91b3-4197023479e2:192.168.34.14:43851, cf9188cb-18f1-4c06-b3bb-d2975ec16a95:192.168.34.14:35549], old=null at 0
2019-09-23 17:22:36,696 [grpc-default-executor-11] INFO  segmented.SegmentedRaftLogWorker (SegmentedRaftLogWorker.java:startLogSegment(380)) - 75ab0a4d-5206-4350-91b3-4197023479e2@group-E9C4DD6AFD65-SegmentedRaftLogWorker: Starting segment from index:0
2019-09-23 17:22:36,696 [grpc-default-executor-18] INFO  impl.RaftServerImpl (ServerState.java:setRaftConf(354)) - d72208ce-2069-4651-9293-ddc837bc4e94@group-206EF5DB367B: set configuration 0: [8fb4cdab-c625-4313-be02-bfab5deacb6d:192.168.34.14:33986, eaf7fe76-8f02-4367-a540-36f6b5b02da9:192.168.34.14:44815, d72208ce-2069-4651-9293-ddc837bc4e94:192.168.34.14:41565], old=null at 0
2019-09-23 17:22:36,696 [grpc-default-executor-20] INFO  segmented.SegmentedRaftLogWorker (SegmentedRaftLogWorker.java:startLogSegment(380)) - dee4c762-71db-4d64-ab47-681bb437fd07@group-E9C4DD6AFD65-SegmentedRaftLogWorker: Starting segment from index:0
2019-09-23 17:22:36,696 [grpc-default-executor-6] INFO  segmented.SegmentedRaftLogWorker (SegmentedRaftLogWorker.java:startLogSegment(380)) - 8fb4cdab-c625-4313-be02-bfab5deacb6d@group-206EF5DB367B-SegmentedRaftLogWorker: Starting segment from index:0
2019-09-23 17:22:36,696 [grpc-default-executor-18] INFO  segmented.SegmentedRaftLogWorker (SegmentedRaftLogWorker.java:startLogSegment(380)) - d72208ce-2069-4651-9293-ddc837bc4e94@group-206EF5DB367B-SegmentedRaftLogWorker: Starting segment from index:0
2019-09-23 17:22:36,760 [d72208ce-2069-4651-9293-ddc837bc4e94@group-206EF5DB367B-SegmentedRaftLogWorker] INFO  segmented.SegmentedRaftLogWorker (SegmentedRaftLogWorker.java:execute(569)) - d72208ce-2069-4651-9293-ddc837bc4e94@group-206EF5DB367B-SegmentedRaftLogWorker: created new log segment /workdir/hadoop-ozone/integration-test/target/test-dir/MiniOzoneClusterImpl-dc27b903-0525-47ea-8b09-60b958b4e498/datanode-2/data/ratis/97fb03c3-be02-4af7-ad32-206ef5db367b/current/log_inprogress_0
2019-09-23 17:22:36,760 [dee4c762-71db-4d64-ab47-681bb437fd07@group-E9C4DD6AFD65-SegmentedRaftLogWorker] INFO  segmented.SegmentedRaftLogWorker (SegmentedRaftLogWorker.java:execute(569)) - dee4c762-71db-4d64-ab47-681bb437fd07@group-E9C4DD6AFD65-SegmentedRaftLogWorker: created new log segment /workdir/hadoop-ozone/integration-test/target/test-dir/MiniOzoneClusterImpl-dc27b903-0525-47ea-8b09-60b958b4e498/datanode-5/data/ratis/4e06c42d-f4b9-4fdd-a2b3-e9c4dd6afd65/current/log_inprogress_0
2019-09-23 17:22:36,760 [cf9188cb-18f1-4c06-b3bb-d2975ec16a95@group-E9C4DD6AFD65-SegmentedRaftLogWorker] INFO  segmented.SegmentedRaftLogWorker (SegmentedRaftLogWorker.java:execute(569)) - cf9188cb-18f1-4c06-b3bb-d2975ec16a95@group-E9C4DD6AFD65-SegmentedRaftLogWorker: created new log segment /workdir/hadoop-ozone/integration-test/target/test-dir/MiniOzoneClusterImpl-dc27b903-0525-47ea-8b09-60b958b4e498/datanode-4/data/ratis/4e06c42d-f4b9-4fdd-a2b3-e9c4dd6afd65/current/log_inprogress_0
2019-09-23 17:22:36,760 [75ab0a4d-5206-4350-91b3-4197023479e2@group-E9C4DD6AFD65-SegmentedRaftLogWorker] INFO  segmented.SegmentedRaftLogWorker (SegmentedRaftLogWorker.java:execute(569)) - 75ab0a4d-5206-4350-91b3-4197023479e2@group-E9C4DD6AFD65-SegmentedRaftLogWorker: created new log segment /workdir/hadoop-ozone/integration-test/target/test-dir/MiniOzoneClusterImpl-dc27b903-0525-47ea-8b09-60b958b4e498/datanode-3/data/ratis/4e06c42d-f4b9-4fdd-a2b3-e9c4dd6afd65/current/log_inprogress_0
2019-09-23 17:22:36,760 [8fb4cdab-c625-4313-be02-bfab5deacb6d@group-206EF5DB367B-SegmentedRaftLogWorker] INFO  segmented.SegmentedRaftLogWorker (SegmentedRaftLogWorker.java:execute(569)) - 8fb4cdab-c625-4313-be02-bfab5deacb6d@group-206EF5DB367B-SegmentedRaftLogWorker: created new log segment /workdir/hadoop-ozone/integration-test/target/test-dir/MiniOzoneClusterImpl-dc27b903-0525-47ea-8b09-60b958b4e498/datanode-0/data/ratis/97fb03c3-be02-4af7-ad32-206ef5db367b/current/log_inprogress_0
2019-09-23 17:22:36,760 [eaf7fe76-8f02-4367-a540-36f6b5b02da9@group-206EF5DB367B-SegmentedRaftLogWorker] INFO  segmented.SegmentedRaftLogWorker (SegmentedRaftLogWorker.java:execute(569)) - eaf7fe76-8f02-4367-a540-36f6b5b02da9@group-206EF5DB367B-SegmentedRaftLogWorker: created new log segment /workdir/hadoop-ozone/integration-test/target/test-dir/MiniOzoneClusterImpl-dc27b903-0525-47ea-8b09-60b958b4e498/datanode-8/data/ratis/97fb03c3-be02-4af7-ad32-206ef5db367b/current/log_inprogress_0
2019-09-23 17:22:39,242 [Datanode State Machine Thread - 0] INFO  statemachine.DatanodeStateMachine (DatanodeStateMachine.java:lambda$startDaemon$0(350)) - Ozone container server started.
2019-09-23 17:22:43,606 [main] INFO  ozoneimpl.OzoneContainer (OzoneContainer.java:stop(231)) - Attempting to stop container services.
2019-09-23 17:22:43,608 [main] INFO  impl.RaftServerProxy (RaftServerProxy.java:lambda$close$4(314)) - 8fb4cdab-c625-4313-be02-bfab5deacb6d: close
2019-09-23 17:22:43,609 [main] INFO  impl.RaftServerImpl (RaftServerImpl.java:lambda$shutdown$3(251)) - 8fb4cdab-c625-4313-be02-bfab5deacb6d@group-206EF5DB367B: shutdown
2019-09-23 17:22:43,609 [ForkJoinPool.commonPool-worker-1] INFO  impl.RaftServerImpl (RaftServerImpl.java:lambda$shutdown$3(251)) - 8fb4cdab-c625-4313-be02-bfab5deacb6d@group-1A960CC3F4D5: shutdown
2019-09-23 17:22:43,609 [main] INFO  util.JmxRegister (JmxRegister.java:unregister(73)) - Successfully un-registered JMX Bean with object name Ratis:service=RaftServer,group=group-206EF5DB367B,id=8fb4cdab-c625-4313-be02-bfab5deacb6d
2019-09-23 17:22:43,610 [ForkJoinPool.commonPool-worker-1] INFO  util.JmxRegister (JmxRegister.java:unregister(73)) - Successfully un-registered JMX Bean with object name Ratis:service=RaftServer,group=group-1A960CC3F4D5,id=8fb4cdab-c625-4313-be02-bfab5deacb6d
2019-09-23 17:22:43,610 [main] INFO  impl.RoleInfo (RoleInfo.java:shutdownFollowerState(121)) - 8fb4cdab-c625-4313-be02-bfab5deacb6d: shutdown FollowerState
2019-09-23 17:22:43,610 [ForkJoinPool.commonPool-worker-1] INFO  impl.RoleInfo (RoleInfo.java:shutdownLeaderState(104)) - 8fb4cdab-c625-4313-be02-bfab5deacb6d: shutdown LeaderState
2019-09-23 17:22:43,611 [main] INFO  impl.StateMachineUpdater (StateMachineUpdater.java:stopAndJoin(125)) - 8fb4cdab-c625-4313-be02-bfab5deacb6d@group-206EF5DB367B-StateMachineUpdater: set stopIndex = 0
2019-09-23 17:22:43,611 [ForkJoinPool.commonPool-worker-1] INFO  impl.PendingRequests (PendingRequests.java:sendNotLeaderResponses(202)) - 8fb4cdab-c625-4313-be02-bfab5deacb6d-PendingRequests: sendNotLeaderResponses
2019-09-23 17:22:43,611 [Thread-3626] INFO  impl.FollowerState (FollowerState.java:run(115)) - 8fb4cdab-c625-4313-be02-bfab5deacb6d: FollowerState was interrupted: java.lang.InterruptedException: sleep interrupted
2019-09-23 17:22:43,612 [main] INFO  impl.RaftServerImpl (ServerState.java:close(385)) - 8fb4cdab-c625-4313-be02-bfab5deacb6d@group-206EF5DB367B: closes. applyIndex: 0
2019-09-23 17:22:43,612 [ForkJoinPool.commonPool-worker-1] INFO  impl.StateMachineUpdater (StateMachineUpdater.java:stopAndJoin(125)) - 8fb4cdab-c625-4313-be02-bfab5deacb6d@group-1A960CC3F4D5-StateMachineUpdater: set stopIndex = 0
2019-09-23 17:22:43,613 [ForkJoinPool.commonPool-worker-1] INFO  impl.RaftServerImpl (ServerState.java:close(385)) - 8fb4cdab-c625-4313-be02-bfab5deacb6d@group-1A960CC3F4D5: closes. applyIndex: 0
2019-09-23 17:22:43,613 [8fb4cdab-c625-4313-be02-bfab5deacb6d@group-206EF5DB367B-SegmentedRaftLogWorker] INFO  segmented.SegmentedRaftLogWorker (SegmentedRaftLogWorker.java:run(313)) - 8fb4cdab-c625-4313-be02-bfab5deacb6d@group-206EF5DB367B-SegmentedRaftLogWorker was interrupted, exiting. There are 0 tasks remaining in the queue.
2019-09-23 17:22:43,613 [8fb4cdab-c625-4313-be02-bfab5deacb6d@group-1A960CC3F4D5-SegmentedRaftLogWorker] INFO  segmented.SegmentedRaftLogWorker (SegmentedRaftLogWorker.java:run(313)) - 8fb4cdab-c625-4313-be02-bfab5deacb6d@group-1A960CC3F4D5-SegmentedRaftLogWorker was interrupted, exiting. There are 0 tasks remaining in the queue.
2019-09-23 17:22:43,624 [main] INFO  segmented.SegmentedRaftLogWorker (SegmentedRaftLogWorker.java:close(228)) - 8fb4cdab-c625-4313-be02-bfab5deacb6d@group-206EF5DB367B-SegmentedRaftLogWorker close()
2019-09-23 17:22:43,624 [ForkJoinPool.commonPool-worker-1] INFO  segmented.SegmentedRaftLogWorker (SegmentedRaftLogWorker.java:close(228)) - 8fb4cdab-c625-4313-be02-bfab5deacb6d@group-1A960CC3F4D5-SegmentedRaftLogWorker close()
2019-09-23 17:22:43,638 [main] INFO  server.GrpcService (GrpcService.java:closeImpl(164)) - 8fb4cdab-c625-4313-be02-bfab5deacb6d: shutdown server with port 33986 now
2019-09-23 17:22:43,641 [grpc-default-executor-20] WARN  server.GrpcServerProtocolService (LogUtils.java:warn(134)) - 8fb4cdab-c625-4313-be02-bfab5deacb6d: installSnapshot onError, lastRequest: eaf7fe76-8f02-4367-a540-36f6b5b02da9->8fb4cdab-c625-4313-be02-bfab5deacb6d#14-t5, previous=(t:5, i:0), leaderCommit=0, initializing? false, entries: <empty>: org.apache.ratis.thirdparty.io.grpc.StatusRuntimeException: CANCELLED: cancelled before receiving half close
2019-09-23 17:22:43,641 [main] INFO  server.GrpcService (GrpcService.java:closeImpl(172)) - 8fb4cdab-c625-4313-be02-bfab5deacb6d: shutdown server with port 33986 successfully
2019-09-23 17:22:43,642 [grpc-default-executor-11] WARN  server.GrpcLogAppender (LogUtils.java:warn(134)) - eaf7fe76-8f02-4367-a540-36f6b5b02da9@group-206EF5DB367B->8fb4cdab-c625-4313-be02-bfab5deacb6d-AppendLogResponseHandler: Failed appendEntries: org.apache.ratis.thirdparty.io.grpc.StatusRuntimeException: CANCELLED: HTTP/2 error code: CANCEL
Received Rst Stream
2019-09-23 17:22:43,642 [grpc-default-executor-11] INFO  impl.FollowerInfo (FollowerInfo.java:lambda$new$0(51)) - eaf7fe76-8f02-4367-a540-36f6b5b02da9@group-206EF5DB367B->8fb4cdab-c625-4313-be02-bfab5deacb6d: nextIndex: updateUnconditionally 1 -> 0
2019-09-23 17:22:43,644 [refreshUsed-/workdir/hadoop-ozone/integration-test/target/test-dir/MiniOzoneClusterImpl-dc27b903-0525-47ea-8b09-60b958b4e498/datanode-0/data/containers] WARN  fs.CachingGetSpaceUsed (CachingGetSpaceUsed.java:run(183)) - Thread Interrupted waiting to refresh disk information: sleep interrupted
2019-09-23 17:22:43,664 [main] INFO  utils.BackgroundService (BackgroundService.java:shutdown(148)) - Shutting down service BlockDeletingService
2019-09-23 17:22:43,674 [main] INFO  statemachine.DatanodeStateMachine (DatanodeStateMachine.java:stopDaemon(395)) - Ozone container server stopped.
2019-09-23 17:22:43,676 [main] INFO  handler.ContextHandler (ContextHandler.java:doStop(910)) - Stopped o.e.j.w.WebAppContext@5f0f70c7{/,null,UNAVAILABLE}{/hddsDatanode}
2019-09-23 17:22:43,677 [main] INFO  server.AbstractConnector (AbstractConnector.java:doStop(318)) - Stopped ServerConnector@1860a7a1{HTTP/1.1,[http/1.1]}{0.0.0.0:0}
2019-09-23 17:22:43,678 [main] INFO  handler.ContextHandler (ContextHandler.java:doStop(910)) - Stopped o.e.j.s.ServletContextHandler@433ef204{/static,jar:file:/home/user/.m2/repository/org/apache/hadoop/hadoop-hdds-container-service/0.5.0-SNAPSHOT/hadoop-hdds-container-service-0.5.0-SNAPSHOT.jar!/webapps/static,UNAVAILABLE}
2019-09-23 17:22:43,678 [main] INFO  handler.ContextHandler (ContextHandler.java:doStop(910)) - Stopped o.e.j.s.ServletContextHandler@7767bd4e{/logs,file:///workdir/hadoop-ozone/integration-test/target/log,UNAVAILABLE}
2019-09-23 17:22:44,199 [grpc-default-executor-6] WARN  server.GrpcLogAppender (LogUtils.java:warn(134)) - eaf7fe76-8f02-4367-a540-36f6b5b02da9@group-206EF5DB367B->8fb4cdab-c625-4313-be02-bfab5deacb6d-AppendLogResponseHandler: Failed appendEntries: org.apache.ratis.thirdparty.io.grpc.StatusRuntimeException: UNAVAILABLE: io exception
2019-09-23 17:22:44,199 [grpc-default-executor-6] INFO  impl.FollowerInfo (FollowerInfo.java:lambda$new$0(51)) - eaf7fe76-8f02-4367-a540-36f6b5b02da9@group-206EF5DB367B->8fb4cdab-c625-4313-be02-bfab5deacb6d: nextIndex: updateUnconditionally 0 -> 0
2019-09-23 17:22:44,320 [main] INFO  ozone.MiniOzoneClusterImpl (MiniOzoneClusterImpl.java:shutdown(314)) - Shutting down the Mini Ozone Cluster
2019-09-23 17:22:44,321 [main] INFO  ozone.MiniOzoneClusterImpl (MiniOzoneClusterImpl.java:stop(330)) - Stopping the Mini Ozone Cluster
2019-09-23 17:22:44,321 [main] INFO  ozone.MiniOzoneClusterImpl (MiniOzoneClusterImpl.java:stopOM(400)) - Stopping the OzoneManager
2019-09-23 17:22:44,321 [main] INFO  ipc.Server (Server.java:stop(3082)) - Stopping server on 42623
2019-09-23 17:22:44,338 [IPC Server listener on 42623] INFO  ipc.Server (Server.java:run(1185)) - Stopping IPC Server listener on 42623
2019-09-23 17:22:44,343 [main] INFO  ratis.OzoneManagerDoubleBuffer (OzoneManagerDoubleBuffer.java:stop(248)) - Stopping OMDoubleBuffer flush thread
2019-09-23 17:22:44,355 [IPC Server Responder] INFO  ipc.Server (Server.java:run(1319)) - Stopping IPC Server Responder
2019-09-23 17:22:44,356 [OMDoubleBufferFlushThread] INFO  ratis.OzoneManagerDoubleBuffer (OzoneManagerDoubleBuffer.java:flushTransactions(191)) - OMDoubleBuffer flush thread OMDoubleBufferFlushThread is interrupted and will exit. OMDoubleBufferFlushThread
2019-09-23 17:22:44,356 [main] INFO  utils.BackgroundService (BackgroundService.java:shutdown(148)) - Shutting down service KeyDeletingService
2019-09-23 17:22:44,357 [main] INFO  handler.ContextHandler (ContextHandler.java:doStop(910)) - Stopped o.e.j.w.WebAppContext@736b21ee{/,null,UNAVAILABLE}{/ozoneManager}
2019-09-23 17:22:44,357 [main] INFO  server.AbstractConnector (AbstractConnector.java:doStop(318)) - Stopped ServerConnector@60deefed{HTTP/1.1,[http/1.1]}{0.0.0.0:0}
2019-09-23 17:22:44,358 [main] INFO  handler.ContextHandler (ContextHandler.java:doStop(910)) - Stopped o.e.j.s.ServletContextHandler@7a3f08b6{/static,file:///workdir/hadoop-ozone/integration-test/target/test-classes/webapps/static,UNAVAILABLE}
2019-09-23 17:22:44,358 [main] INFO  handler.ContextHandler (ContextHandler.java:doStop(910)) - Stopped o.e.j.s.ServletContextHandler@77c66a4f{/logs,file:///workdir/hadoop-ozone/integration-test/target/log,UNAVAILABLE}
2019-09-23 17:22:44,360 [main] INFO  ozone.MiniOzoneClusterImpl (MiniOzoneClusterImpl.java:stopDatanodes(377)) - Stopping the HddsDatanodes
2019-09-23 17:22:44,425 [Datanode State Machine Thread - 0] INFO  statemachine.DatanodeStateMachine (DatanodeStateMachine.java:lambda$startDaemon$0(350)) - Ozone container server started.
2019-09-23 17:22:44,711 [grpc-default-executor-20] WARN  server.GrpcLogAppender (LogUtils.java:warn(134)) - eaf7fe76-8f02-4367-a540-36f6b5b02da9@group-206EF5DB367B->8fb4cdab-c625-4313-be02-bfab5deacb6d-AppendLogResponseHandler: Failed appendEntries: org.apache.ratis.thirdparty.io.grpc.StatusRuntimeException: UNAVAILABLE: io exception
2019-09-23 17:22:44,712 [grpc-default-executor-20] INFO  impl.FollowerInfo (FollowerInfo.java:lambda$new$0(51)) - eaf7fe76-8f02-4367-a540-36f6b5b02da9@group-206EF5DB367B->8fb4cdab-c625-4313-be02-bfab5deacb6d: nextIndex: updateUnconditionally 0 -> 0
2019-09-23 17:22:45,212 [grpc-default-executor-11] WARN  server.GrpcLogAppender (LogUtils.java:warn(134)) - eaf7fe76-8f02-4367-a540-36f6b5b02da9@group-206EF5DB367B->8fb4cdab-c625-4313-be02-bfab5deacb6d-AppendLogResponseHandler: Failed appendEntries: org.apache.ratis.thirdparty.io.grpc.StatusRuntimeException: UNAVAILABLE: io exception
2019-09-23 17:22:45,213 [grpc-default-executor-11] INFO  impl.FollowerInfo (FollowerInfo.java:lambda$new$0(51)) - eaf7fe76-8f02-4367-a540-36f6b5b02da9@group-206EF5DB367B->8fb4cdab-c625-4313-be02-bfab5deacb6d: nextIndex: updateUnconditionally 0 -> 0
2019-09-23 17:22:45,300 [Datanode State Machine Thread - 0] INFO  statemachine.DatanodeStateMachine (DatanodeStateMachine.java:lambda$startDaemon$0(350)) - Ozone container server started.
2019-09-23 17:22:45,712 [grpc-default-executor-11] WARN  server.GrpcLogAppender (LogUtils.java:warn(134)) - eaf7fe76-8f02-4367-a540-36f6b5b02da9@group-206EF5DB367B->8fb4cdab-c625-4313-be02-bfab5deacb6d-AppendLogResponseHandler: Failed appendEntries: org.apache.ratis.thirdparty.io.grpc.StatusRuntimeException: UNAVAILABLE: io exception
2019-09-23 17:22:45,713 [grpc-default-executor-11] INFO  impl.FollowerInfo (FollowerInfo.java:lambda$new$0(51)) - eaf7fe76-8f02-4367-a540-36f6b5b02da9@group-206EF5DB367B->8fb4cdab-c625-4313-be02-bfab5deacb6d: nextIndex: updateUnconditionally 0 -> 0
2019-09-23 17:22:46,213 [grpc-default-executor-20] WARN  server.GrpcLogAppender (LogUtils.java:warn(134)) - eaf7fe76-8f02-4367-a540-36f6b5b02da9@group-206EF5DB367B->8fb4cdab-c625-4313-be02-bfab5deacb6d-AppendLogResponseHandler: Failed appendEntries: org.apache.ratis.thirdparty.io.grpc.StatusRuntimeException: UNAVAILABLE: io exception
2019-09-23 17:22:46,213 [grpc-default-executor-20] INFO  impl.FollowerInfo (FollowerInfo.java:lambda$new$0(51)) - eaf7fe76-8f02-4367-a540-36f6b5b02da9@group-206EF5DB367B->8fb4cdab-c625-4313-be02-bfab5deacb6d: nextIndex: updateUnconditionally 0 -> 0
2019-09-23 17:22:46,713 [grpc-default-executor-11] WARN  server.GrpcLogAppender (LogUtils.java:warn(134)) - eaf7fe76-8f02-4367-a540-36f6b5b02da9@group-206EF5DB367B->8fb4cdab-c625-4313-be02-bfab5deacb6d-AppendLogResponseHandler: Failed appendEntries: org.apache.ratis.thirdparty.io.grpc.StatusRuntimeException: UNAVAILABLE: io exception
2019-09-23 17:22:46,714 [grpc-default-executor-11] INFO  impl.FollowerInfo (FollowerInfo.java:lambda$new$0(51)) - eaf7fe76-8f02-4367-a540-36f6b5b02da9@group-206EF5DB367B->8fb4cdab-c625-4313-be02-bfab5deacb6d: nextIndex: updateUnconditionally 0 -> 0
2019-09-23 17:22:47,214 [grpc-default-executor-6] WARN  server.GrpcLogAppender (LogUtils.java:warn(134)) - eaf7fe76-8f02-4367-a540-36f6b5b02da9@group-206EF5DB367B->8fb4cdab-c625-4313-be02-bfab5deacb6d-AppendLogResponseHandler: Failed appendEntries: org.apache.ratis.thirdparty.io.grpc.StatusRuntimeException: UNAVAILABLE: io exception
2019-09-23 17:22:47,214 [grpc-default-executor-6] INFO  impl.FollowerInfo (FollowerInfo.java:lambda$new$0(51)) - eaf7fe76-8f02-4367-a540-36f6b5b02da9@group-206EF5DB367B->8fb4cdab-c625-4313-be02-bfab5deacb6d: nextIndex: updateUnconditionally 0 -> 0
2019-09-23 17:22:47,715 [grpc-default-executor-20] WARN  server.GrpcLogAppender (LogUtils.java:warn(134)) - eaf7fe76-8f02-4367-a540-36f6b5b02da9@group-206EF5DB367B->8fb4cdab-c625-4313-be02-bfab5deacb6d-AppendLogResponseHandler: Failed appendEntries: org.apache.ratis.thirdparty.io.grpc.StatusRuntimeException: UNAVAILABLE: io exception
2019-09-23 17:22:47,716 [grpc-default-executor-20] INFO  impl.FollowerInfo (FollowerInfo.java:lambda$new$0(51)) - eaf7fe76-8f02-4367-a540-36f6b5b02da9@group-206EF5DB367B->8fb4cdab-c625-4313-be02-bfab5deacb6d: nextIndex: updateUnconditionally 0 -> 0
2019-09-23 17:22:48,216 [grpc-default-executor-6] WARN  server.GrpcLogAppender (LogUtils.java:warn(134)) - eaf7fe76-8f02-4367-a540-36f6b5b02da9@group-206EF5DB367B->8fb4cdab-c625-4313-be02-bfab5deacb6d-AppendLogResponseHandler: Failed appendEntries: org.apache.ratis.thirdparty.io.grpc.StatusRuntimeException: UNAVAILABLE: io exception
2019-09-23 17:22:48,217 [grpc-default-executor-6] INFO  impl.FollowerInfo (FollowerInfo.java:lambda$new$0(51)) - eaf7fe76-8f02-4367-a540-36f6b5b02da9@group-206EF5DB367B->8fb4cdab-c625-4313-be02-bfab5deacb6d: nextIndex: updateUnconditionally 0 -> 0
2019-09-23 17:22:48,718 [grpc-default-executor-11] WARN  server.GrpcLogAppender (LogUtils.java:warn(134)) - eaf7fe76-8f02-4367-a540-36f6b5b02da9@group-206EF5DB367B->8fb4cdab-c625-4313-be02-bfab5deacb6d-AppendLogResponseHandler: Failed appendEntries: org.apache.ratis.thirdparty.io.grpc.StatusRuntimeException: UNAVAILABLE: io exception
2019-09-23 17:22:48,718 [grpc-default-executor-11] INFO  impl.FollowerInfo (FollowerInfo.java:lambda$new$0(51)) - eaf7fe76-8f02-4367-a540-36f6b5b02da9@group-206EF5DB367B->8fb4cdab-c625-4313-be02-bfab5deacb6d: nextIndex: updateUnconditionally 0 -> 0
2019-09-23 17:22:49,219 [grpc-default-executor-11] WARN  server.GrpcLogAppender (LogUtils.java:warn(134)) - eaf7fe76-8f02-4367-a540-36f6b5b02da9@group-206EF5DB367B->8fb4cdab-c625-4313-be02-bfab5deacb6d-AppendLogResponseHandler: Failed appendEntries: org.apache.ratis.thirdparty.io.grpc.StatusRuntimeException: UNAVAILABLE: io exception
2019-09-23 17:22:49,220 [grpc-default-executor-11] INFO  impl.FollowerInfo (FollowerInfo.java:lambda$new$0(51)) - eaf7fe76-8f02-4367-a540-36f6b5b02da9@group-206EF5DB367B->8fb4cdab-c625-4313-be02-bfab5deacb6d: nextIndex: updateUnconditionally 0 -> 0
2019-09-23 17:22:49,362 [main] INFO  ozoneimpl.OzoneContainer (OzoneContainer.java:stop(231)) - Attempting to stop container services.
2019-09-23 17:22:49,362 [ForkJoinPool.commonPool-worker-1] INFO  ozoneimpl.OzoneContainer (OzoneContainer.java:stop(231)) - Attempting to stop container services.
2019-09-23 17:22:49,364 [main] INFO  impl.RaftServerProxy (RaftServerProxy.java:lambda$close$4(314)) - dee4c762-71db-4d64-ab47-681bb437fd07: close
2019-09-23 17:22:49,364 [ForkJoinPool.commonPool-worker-1] INFO  impl.RaftServerProxy (RaftServerProxy.java:lambda$close$4(314)) - d72208ce-2069-4651-9293-ddc837bc4e94: close
2019-09-23 17:22:49,364 [ForkJoinPool.commonPool-worker-1] INFO  impl.RaftServerImpl (RaftServerImpl.java:lambda$shutdown$3(251)) - d72208ce-2069-4651-9293-ddc837bc4e94@group-206EF5DB367B: shutdown
2019-09-23 17:22:49,364 [main] INFO  impl.RaftServerImpl (RaftServerImpl.java:lambda$shutdown$3(251)) - dee4c762-71db-4d64-ab47-681bb437fd07@group-2F3367AF8582: shutdown
2019-09-23 17:22:49,365 [ForkJoinPool.commonPool-worker-1] INFO  util.JmxRegister (JmxRegister.java:unregister(73)) - Successfully un-registered JMX Bean with object name Ratis:service=RaftServer,group=group-206EF5DB367B,id=d72208ce-2069-4651-9293-ddc837bc4e94
2019-09-23 17:22:49,365 [main] INFO  util.JmxRegister (JmxRegister.java:unregister(73)) - Successfully un-registered JMX Bean with object name Ratis:service=RaftServer,group=group-2F3367AF8582,id=dee4c762-71db-4d64-ab47-681bb437fd07
2019-09-23 17:22:49,365 [ForkJoinPool.commonPool-worker-1] INFO  impl.RoleInfo (RoleInfo.java:shutdownFollowerState(121)) - d72208ce-2069-4651-9293-ddc837bc4e94: shutdown FollowerState
2019-09-23 17:22:49,366 [main] INFO  impl.RoleInfo (RoleInfo.java:shutdownLeaderState(104)) - dee4c762-71db-4d64-ab47-681bb437fd07: shutdown LeaderState
2019-09-23 17:22:49,366 [Thread-3629] INFO  impl.FollowerState (FollowerState.java:run(115)) - d72208ce-2069-4651-9293-ddc837bc4e94: FollowerState was interrupted: java.lang.InterruptedException: sleep interrupted
2019-09-23 17:22:49,366 [ForkJoinPool.commonPool-worker-1] INFO  impl.StateMachineUpdater (StateMachineUpdater.java:stopAndJoin(125)) - d72208ce-2069-4651-9293-ddc837bc4e94@group-206EF5DB367B-StateMachineUpdater: set stopIndex = 0
2019-09-23 17:22:49,367 [main] INFO  impl.PendingRequests (PendingRequests.java:sendNotLeaderResponses(202)) - dee4c762-71db-4d64-ab47-681bb437fd07-PendingRequests: sendNotLeaderResponses
2019-09-23 17:22:49,367 [ForkJoinPool.commonPool-worker-1] INFO  impl.RaftServerImpl (ServerState.java:close(385)) - d72208ce-2069-4651-9293-ddc837bc4e94@group-206EF5DB367B: closes. applyIndex: 0
2019-09-23 17:22:49,368 [main] INFO  impl.StateMachineUpdater (StateMachineUpdater.java:stopAndJoin(125)) - dee4c762-71db-4d64-ab47-681bb437fd07@group-2F3367AF8582-StateMachineUpdater: set stopIndex = 0
2019-09-23 17:22:49,368 [d72208ce-2069-4651-9293-ddc837bc4e94@group-206EF5DB367B-SegmentedRaftLogWorker] INFO  segmented.SegmentedRaftLogWorker (SegmentedRaftLogWorker.java:run(313)) - d72208ce-2069-4651-9293-ddc837bc4e94@group-206EF5DB367B-SegmentedRaftLogWorker was interrupted, exiting. There are 0 tasks remaining in the queue.
2019-09-23 17:22:49,369 [main] INFO  impl.RaftServerImpl (ServerState.java:close(385)) - dee4c762-71db-4d64-ab47-681bb437fd07@group-2F3367AF8582: closes. applyIndex: 0
2019-09-23 17:22:49,377 [ForkJoinPool.commonPool-worker-1] INFO  segmented.SegmentedRaftLogWorker (SegmentedRaftLogWorker.java:close(228)) - d72208ce-2069-4651-9293-ddc837bc4e94@group-206EF5DB367B-SegmentedRaftLogWorker close()
2019-09-23 17:22:49,377 [dee4c762-71db-4d64-ab47-681bb437fd07@group-2F3367AF8582-SegmentedRaftLogWorker] INFO  segmented.SegmentedRaftLogWorker (SegmentedRaftLogWorker.java:run(313)) - dee4c762-71db-4d64-ab47-681bb437fd07@group-2F3367AF8582-SegmentedRaftLogWorker was interrupted, exiting. There are 0 tasks remaining in the queue.
2019-09-23 17:22:49,383 [ForkJoinPool.commonPool-worker-1] INFO  impl.RaftServerImpl (RaftServerImpl.java:lambda$shutdown$3(251)) - d72208ce-2069-4651-9293-ddc837bc4e94@group-02EDF0390880: shutdown
2019-09-23 17:22:49,386 [main] INFO  segmented.SegmentedRaftLogWorker (SegmentedRaftLogWorker.java:close(228)) - dee4c762-71db-4d64-ab47-681bb437fd07@group-2F3367AF8582-SegmentedRaftLogWorker close()
2019-09-23 17:22:49,386 [ForkJoinPool.commonPool-worker-1] INFO  util.JmxRegister (JmxRegister.java:unregister(73)) - Successfully un-registered JMX Bean with object name Ratis:service=RaftServer,group=group-02EDF0390880,id=d72208ce-2069-4651-9293-ddc837bc4e94
2019-09-23 17:22:49,413 [ForkJoinPool.commonPool-worker-1] INFO  impl.RoleInfo (RoleInfo.java:shutdownLeaderState(104)) - d72208ce-2069-4651-9293-ddc837bc4e94: shutdown LeaderState
2019-09-23 17:22:49,413 [main] INFO  impl.RaftServerImpl (RaftServerImpl.java:lambda$shutdown$3(251)) - dee4c762-71db-4d64-ab47-681bb437fd07@group-E9C4DD6AFD65: shutdown
2019-09-23 17:22:49,414 [ForkJoinPool.commonPool-worker-1] INFO  impl.PendingRequests (PendingRequests.java:sendNotLeaderResponses(202)) - d72208ce-2069-4651-9293-ddc837bc4e94-PendingRequests: sendNotLeaderResponses
2019-09-23 17:22:49,414 [main] INFO  util.JmxRegister (JmxRegister.java:unregister(73)) - Successfully un-registered JMX Bean with object name Ratis:service=RaftServer,group=group-E9C4DD6AFD65,id=dee4c762-71db-4d64-ab47-681bb437fd07
2019-09-23 17:22:49,415 [main] INFO  impl.RoleInfo (RoleInfo.java:shutdownFollowerState(121)) - dee4c762-71db-4d64-ab47-681bb437fd07: shutdown FollowerState
2019-09-23 17:22:49,415 [ForkJoinPool.commonPool-worker-1] INFO  impl.StateMachineUpdater (StateMachineUpdater.java:stopAndJoin(125)) - d72208ce-2069-4651-9293-ddc837bc4e94@group-02EDF0390880-StateMachineUpdater: set stopIndex = 0
2019-09-23 17:22:49,416 [dee4c762-71db-4d64-ab47-681bb437fd07@group-E9C4DD6AFD65-StateMachineUpdater] INFO  ratis.ContainerStateMachine (ContainerStateMachine.java:takeSnapshot(289)) - group-E9C4DD6AFD65: Taking a snapshot at:(t:5, i:8) file /workdir/hadoop-ozone/integration-test/target/test-dir/MiniOzoneClusterImpl-dc27b903-0525-47ea-8b09-60b958b4e498/datanode-5/data/ratis/4e06c42d-f4b9-4fdd-a2b3-e9c4dd6afd65/sm/snapshot.5_8
2019-09-23 17:22:49,416 [Thread-3627] INFO  impl.FollowerState (FollowerState.java:run(115)) - dee4c762-71db-4d64-ab47-681bb437fd07: FollowerState was interrupted: java.lang.InterruptedException: sleep interrupted
2019-09-23 17:22:49,415 [main] INFO  impl.StateMachineUpdater (StateMachineUpdater.java:stopAndJoin(125)) - dee4c762-71db-4d64-ab47-681bb437fd07@group-E9C4DD6AFD65-StateMachineUpdater: set stopIndex = 12
2019-09-23 17:22:49,416 [ForkJoinPool.commonPool-worker-1] INFO  impl.RaftServerImpl (ServerState.java:close(385)) - d72208ce-2069-4651-9293-ddc837bc4e94@group-02EDF0390880: closes. applyIndex: 0
2019-09-23 17:22:49,417 [d72208ce-2069-4651-9293-ddc837bc4e94@group-02EDF0390880-SegmentedRaftLogWorker] INFO  segmented.SegmentedRaftLogWorker (SegmentedRaftLogWorker.java:run(313)) - d72208ce-2069-4651-9293-ddc837bc4e94@group-02EDF0390880-SegmentedRaftLogWorker was interrupted, exiting. There are 0 tasks remaining in the queue.
2019-09-23 17:22:49,420 [ForkJoinPool.commonPool-worker-1] INFO  segmented.SegmentedRaftLogWorker (SegmentedRaftLogWorker.java:close(228)) - d72208ce-2069-4651-9293-ddc837bc4e94@group-02EDF0390880-SegmentedRaftLogWorker close()
2019-09-23 17:22:49,423 [ForkJoinPool.commonPool-worker-1] INFO  server.GrpcService (GrpcService.java:closeImpl(164)) - d72208ce-2069-4651-9293-ddc837bc4e94: shutdown server with port 41565 now
2019-09-23 17:22:49,425 [grpc-default-executor-6] WARN  server.GrpcServerProtocolService (LogUtils.java:warn(134)) - d72208ce-2069-4651-9293-ddc837bc4e94: installSnapshot onError, lastRequest: eaf7fe76-8f02-4367-a540-36f6b5b02da9->d72208ce-2069-4651-9293-ddc837bc4e94#25-t5, previous=(t:5, i:0), leaderCommit=0, initializing? false, entries: <empty>: org.apache.ratis.thirdparty.io.grpc.StatusRuntimeException: CANCELLED: cancelled before receiving half close
2019-09-23 17:22:49,425 [ForkJoinPool.commonPool-worker-1] INFO  server.GrpcService (GrpcService.java:closeImpl(172)) - d72208ce-2069-4651-9293-ddc837bc4e94: shutdown server with port 41565 successfully
2019-09-23 17:22:49,426 [grpc-default-executor-11] WARN  server.GrpcLogAppender (LogUtils.java:warn(134)) - eaf7fe76-8f02-4367-a540-36f6b5b02da9@group-206EF5DB367B->d72208ce-2069-4651-9293-ddc837bc4e94-AppendLogResponseHandler: Failed appendEntries: org.apache.ratis.thirdparty.io.grpc.StatusRuntimeException: CANCELLED: HTTP/2 error code: CANCEL
Received Rst Stream
2019-09-23 17:22:49,426 [grpc-default-executor-11] INFO  impl.FollowerInfo (FollowerInfo.java:lambda$new$0(51)) - eaf7fe76-8f02-4367-a540-36f6b5b02da9@group-206EF5DB367B->d72208ce-2069-4651-9293-ddc837bc4e94: nextIndex: updateUnconditionally 1 -> 0
2019-09-23 17:22:49,428 [refreshUsed-/workdir/hadoop-ozone/integration-test/target/test-dir/MiniOzoneClusterImpl-dc27b903-0525-47ea-8b09-60b958b4e498/datanode-2/data/containers] WARN  fs.CachingGetSpaceUsed (CachingGetSpaceUsed.java:run(183)) - Thread Interrupted waiting to refresh disk information: sleep interrupted
2019-09-23 17:22:49,430 [dee4c762-71db-4d64-ab47-681bb437fd07@group-E9C4DD6AFD65-StateMachineUpdater] INFO  ratis.ContainerStateMachine (ContainerStateMachine.java:takeSnapshot(300)) - group-E9C4DD6AFD65: Finished taking a snapshot at:(t:5, i:8) file:/workdir/hadoop-ozone/integration-test/target/test-dir/MiniOzoneClusterImpl-dc27b903-0525-47ea-8b09-60b958b4e498/datanode-5/data/ratis/4e06c42d-f4b9-4fdd-a2b3-e9c4dd6afd65/sm/snapshot.5_8 time:15
2019-09-23 17:22:49,432 [dee4c762-71db-4d64-ab47-681bb437fd07@group-E9C4DD6AFD65-StateMachineUpdater] INFO  impl.StateMachineUpdater (StateMachineUpdater.java:takeSnapshot(258)) - dee4c762-71db-4d64-ab47-681bb437fd07@group-E9C4DD6AFD65-StateMachineUpdater: Took a snapshot at index 8
2019-09-23 17:22:49,432 [dee4c762-71db-4d64-ab47-681bb437fd07@group-E9C4DD6AFD65-StateMachineUpdater] INFO  impl.StateMachineUpdater (StateMachineUpdater.java:lambda$new$0(83)) - dee4c762-71db-4d64-ab47-681bb437fd07@group-E9C4DD6AFD65-StateMachineUpdater: snapshotIndex: updateIncreasingly -1 -> 8
2019-09-23 17:22:49,433 [dee4c762-71db-4d64-ab47-681bb437fd07@group-E9C4DD6AFD65-StateMachineUpdater] INFO  ratis.ContainerStateMachine (ContainerStateMachine.java:takeSnapshot(289)) - group-E9C4DD6AFD65: Taking a snapshot at:(t:5, i:8) file /workdir/hadoop-ozone/integration-test/target/test-dir/MiniOzoneClusterImpl-dc27b903-0525-47ea-8b09-60b958b4e498/datanode-5/data/ratis/4e06c42d-f4b9-4fdd-a2b3-e9c4dd6afd65/sm/snapshot.5_8
2019-09-23 17:22:49,441 [dee4c762-71db-4d64-ab47-681bb437fd07@group-E9C4DD6AFD65-StateMachineUpdater] INFO  ratis.ContainerStateMachine (ContainerStateMachine.java:takeSnapshot(300)) - group-E9C4DD6AFD65: Finished taking a snapshot at:(t:5, i:8) file:/workdir/hadoop-ozone/integration-test/target/test-dir/MiniOzoneClusterImpl-dc27b903-0525-47ea-8b09-60b958b4e498/datanode-5/data/ratis/4e06c42d-f4b9-4fdd-a2b3-e9c4dd6afd65/sm/snapshot.5_8 time:8
2019-09-23 17:22:49,441 [dee4c762-71db-4d64-ab47-681bb437fd07@group-E9C4DD6AFD65-StateMachineUpdater] INFO  impl.StateMachineUpdater (StateMachineUpdater.java:takeSnapshot(258)) - dee4c762-71db-4d64-ab47-681bb437fd07@group-E9C4DD6AFD65-StateMachineUpdater: Took a snapshot at index 8
2019-09-23 17:22:49,441 [dee4c762-71db-4d64-ab47-681bb437fd07@group-E9C4DD6AFD65-StateMachineUpdater] INFO  impl.StateMachineUpdater (StateMachineUpdater.java:lambda$new$0(83)) - dee4c762-71db-4d64-ab47-681bb437fd07@group-E9C4DD6AFD65-StateMachineUpdater: snapshotIndex: updateIncreasingly 8 -> 8
2019-09-23 17:22:49,441 [main] INFO  impl.RaftServerImpl (ServerState.java:close(385)) - dee4c762-71db-4d64-ab47-681bb437fd07@group-E9C4DD6AFD65: closes. applyIndex: 12
2019-09-23 17:22:49,442 [dee4c762-71db-4d64-ab47-681bb437fd07@group-E9C4DD6AFD65-SegmentedRaftLogWorker] INFO  segmented.SegmentedRaftLogWorker (SegmentedRaftLogWorker.java:run(313)) - dee4c762-71db-4d64-ab47-681bb437fd07@group-E9C4DD6AFD65-SegmentedRaftLogWorker was interrupted, exiting. There are 0 tasks remaining in the queue.
2019-09-23 17:22:49,445 [main] INFO  segmented.SegmentedRaftLogWorker (SegmentedRaftLogWorker.java:close(228)) - dee4c762-71db-4d64-ab47-681bb437fd07@group-E9C4DD6AFD65-SegmentedRaftLogWorker close()
2019-09-23 17:22:49,448 [main] INFO  server.GrpcService (GrpcService.java:closeImpl(164)) - dee4c762-71db-4d64-ab47-681bb437fd07: shutdown server with port 36188 now
2019-09-23 17:22:49,449 [grpc-default-executor-11] WARN  server.GrpcServerProtocolService (LogUtils.java:warn(134)) - dee4c762-71db-4d64-ab47-681bb437fd07: installSnapshot onError, lastRequest: cf9188cb-18f1-4c06-b3bb-d2975ec16a95->dee4c762-71db-4d64-ab47-681bb437fd07#36-t5, previous=(t:5, i:12), leaderCommit=12, initializing? false, entries: <empty>: org.apache.ratis.thirdparty.io.grpc.StatusRuntimeException: CANCELLED: cancelled before receiving half close
2019-09-23 17:22:49,449 [main] INFO  server.GrpcService (GrpcService.java:closeImpl(172)) - dee4c762-71db-4d64-ab47-681bb437fd07: shutdown server with port 36188 successfully
2019-09-23 17:22:49,449 [grpc-default-executor-20] WARN  server.GrpcLogAppender (LogUtils.java:warn(134)) - cf9188cb-18f1-4c06-b3bb-d2975ec16a95@group-E9C4DD6AFD65->dee4c762-71db-4d64-ab47-681bb437fd07-AppendLogResponseHandler: Failed appendEntries: org.apache.ratis.thirdparty.io.grpc.StatusRuntimeException: CANCELLED: HTTP/2 error code: CANCEL
Received Rst Stream
2019-09-23 17:22:49,449 [grpc-default-executor-20] INFO  impl.FollowerInfo (FollowerInfo.java:lambda$new$0(51)) - cf9188cb-18f1-4c06-b3bb-d2975ec16a95@group-E9C4DD6AFD65->dee4c762-71db-4d64-ab47-681bb437fd07: nextIndex: updateUnconditionally 13 -> 12
2019-09-23 17:22:49,451 [refreshUsed-/workdir/hadoop-ozone/integration-test/target/test-dir/MiniOzoneClusterImpl-dc27b903-0525-47ea-8b09-60b958b4e498/datanode-5/data/containers] WARN  fs.CachingGetSpaceUsed (CachingGetSpaceUsed.java:run(183)) - Thread Interrupted waiting to refresh disk information: sleep interrupted
2019-09-23 17:22:49,457 [ForkJoinPool.commonPool-worker-1] INFO  utils.BackgroundService (BackgroundService.java:shutdown(148)) - Shutting down service BlockDeletingService
2019-09-23 17:22:49,479 [ForkJoinPool.commonPool-worker-1] INFO  statemachine.DatanodeStateMachine (DatanodeStateMachine.java:stopDaemon(395)) - Ozone container server stopped.
2019-09-23 17:22:49,488 [ForkJoinPool.commonPool-worker-1] INFO  handler.ContextHandler (ContextHandler.java:doStop(910)) - Stopped o.e.j.w.WebAppContext@5ac044ef{/,null,UNAVAILABLE}{/hddsDatanode}
2019-09-23 17:22:49,489 [ForkJoinPool.commonPool-worker-1] INFO  server.AbstractConnector (AbstractConnector.java:doStop(318)) - Stopped ServerConnector@6afbe6a1{HTTP/1.1,[http/1.1]}{0.0.0.0:0}
2019-09-23 17:22:49,492 [ForkJoinPool.commonPool-worker-1] INFO  handler.ContextHandler (ContextHandler.java:doStop(910)) - Stopped o.e.j.s.ServletContextHandler@73d62b5{/static,jar:file:/home/user/.m2/repository/org/apache/hadoop/hadoop-hdds-container-service/0.5.0-SNAPSHOT/hadoop-hdds-container-service-0.5.0-SNAPSHOT.jar!/webapps/static,UNAVAILABLE}
2019-09-23 17:22:49,495 [ForkJoinPool.commonPool-worker-1] INFO  handler.ContextHandler (ContextHandler.java:doStop(910)) - Stopped o.e.j.s.ServletContextHandler@4d7cac24{/logs,file:///workdir/hadoop-ozone/integration-test/target/log,UNAVAILABLE}
2019-09-23 17:22:49,503 [main] INFO  utils.BackgroundService (BackgroundService.java:shutdown(148)) - Shutting down service BlockDeletingService
2019-09-23 17:22:49,507 [main] INFO  statemachine.DatanodeStateMachine (DatanodeStateMachine.java:stopDaemon(395)) - Ozone container server stopped.
2019-09-23 17:22:49,507 [main] INFO  handler.ContextHandler (ContextHandler.java:doStop(910)) - Stopped o.e.j.w.WebAppContext@591f6f83{/,null,UNAVAILABLE}{/hddsDatanode}
2019-09-23 17:22:49,508 [main] INFO  server.AbstractConnector (AbstractConnector.java:doStop(318)) - Stopped ServerConnector@2b44605c{HTTP/1.1,[http/1.1]}{0.0.0.0:0}
2019-09-23 17:22:49,509 [main] INFO  handler.ContextHandler (ContextHandler.java:doStop(910)) - Stopped o.e.j.s.ServletContextHandler@6eda012b{/static,jar:file:/home/user/.m2/repository/org/apache/hadoop/hadoop-hdds-container-service/0.5.0-SNAPSHOT/hadoop-hdds-container-service-0.5.0-SNAPSHOT.jar!/webapps/static,UNAVAILABLE}
2019-09-23 17:22:49,509 [main] INFO  handler.ContextHandler (ContextHandler.java:doStop(910)) - Stopped o.e.j.s.ServletContextHandler@714e861f{/logs,file:///workdir/hadoop-ozone/integration-test/target/log,UNAVAILABLE}
2019-09-23 17:22:49,694 [grpc-default-executor-18] WARN  server.GrpcLogAppender (LogUtils.java:warn(134)) - eaf7fe76-8f02-4367-a540-36f6b5b02da9@group-206EF5DB367B->d72208ce-2069-4651-9293-ddc837bc4e94-AppendLogResponseHandler: Failed appendEntries: org.apache.ratis.thirdparty.io.grpc.StatusRuntimeException: UNAVAILABLE: io exception
2019-09-23 17:22:49,694 [grpc-default-executor-18] INFO  impl.FollowerInfo (FollowerInfo.java:lambda$new$0(51)) - eaf7fe76-8f02-4367-a540-36f6b5b02da9@group-206EF5DB367B->d72208ce-2069-4651-9293-ddc837bc4e94: nextIndex: updateUnconditionally 0 -> 0
2019-09-23 17:22:49,719 [grpc-default-executor-20] WARN  server.GrpcLogAppender (LogUtils.java:warn(134)) - eaf7fe76-8f02-4367-a540-36f6b5b02da9@group-206EF5DB367B->8fb4cdab-c625-4313-be02-bfab5deacb6d-AppendLogResponseHandler: Failed appendEntries: org.apache.ratis.thirdparty.io.grpc.StatusRuntimeException: UNAVAILABLE: io exception
2019-09-23 17:22:49,719 [grpc-default-executor-20] INFO  impl.FollowerInfo (FollowerInfo.java:lambda$new$0(51)) - eaf7fe76-8f02-4367-a540-36f6b5b02da9@group-206EF5DB367B->8fb4cdab-c625-4313-be02-bfab5deacb6d: nextIndex: updateUnconditionally 0 -> 0
2019-09-23 17:22:49,837 [grpc-default-executor-11] WARN  server.GrpcLogAppender (LogUtils.java:warn(134)) - cf9188cb-18f1-4c06-b3bb-d2975ec16a95@group-E9C4DD6AFD65->dee4c762-71db-4d64-ab47-681bb437fd07-AppendLogResponseHandler: Failed appendEntries: org.apache.ratis.thirdparty.io.grpc.StatusRuntimeException: UNAVAILABLE: io exception
2019-09-23 17:22:49,838 [grpc-default-executor-11] INFO  impl.FollowerInfo (FollowerInfo.java:lambda$new$0(51)) - cf9188cb-18f1-4c06-b3bb-d2975ec16a95@group-E9C4DD6AFD65->dee4c762-71db-4d64-ab47-681bb437fd07: nextIndex: updateUnconditionally 12 -> 11
2019-09-23 17:22:50,072 [Datanode State Machine Thread - 0] INFO  statemachine.DatanodeStateMachine (DatanodeStateMachine.java:lambda$startDaemon$0(350)) - Ozone container server started.
2019-09-23 17:22:50,194 [grpc-default-executor-11] WARN  server.GrpcLogAppender (LogUtils.java:warn(134)) - eaf7fe76-8f02-4367-a540-36f6b5b02da9@group-206EF5DB367B->d72208ce-2069-4651-9293-ddc837bc4e94-AppendLogResponseHandler: Failed appendEntries: org.apache.ratis.thirdparty.io.grpc.StatusRuntimeException: UNAVAILABLE: io exception
2019-09-23 17:22:50,195 [grpc-default-executor-11] INFO  impl.FollowerInfo (FollowerInfo.java:lambda$new$0(51)) - eaf7fe76-8f02-4367-a540-36f6b5b02da9@group-206EF5DB367B->d72208ce-2069-4651-9293-ddc837bc4e94: nextIndex: updateUnconditionally 0 -> 0
2019-09-23 17:22:50,219 [grpc-default-executor-20] WARN  server.GrpcLogAppender (LogUtils.java:warn(134)) - eaf7fe76-8f02-4367-a540-36f6b5b02da9@group-206EF5DB367B->8fb4cdab-c625-4313-be02-bfab5deacb6d-AppendLogResponseHandler: Failed appendEntries: org.apache.ratis.thirdparty.io.grpc.StatusRuntimeException: UNAVAILABLE: io exception
2019-09-23 17:22:50,219 [grpc-default-executor-20] INFO  impl.FollowerInfo (FollowerInfo.java:lambda$new$0(51)) - eaf7fe76-8f02-4367-a540-36f6b5b02da9@group-206EF5DB367B->8fb4cdab-c625-4313-be02-bfab5deacb6d: nextIndex: updateUnconditionally 0 -> 0
2019-09-23 17:22:50,300 [Datanode State Machine Thread - 0] INFO  statemachine.DatanodeStateMachine (DatanodeStateMachine.java:lambda$startDaemon$0(350)) - Ozone container server started.
2019-09-23 17:22:50,338 [grpc-default-executor-18] WARN  server.GrpcLogAppender (LogUtils.java:warn(134)) - cf9188cb-18f1-4c06-b3bb-d2975ec16a95@group-E9C4DD6AFD65->dee4c762-71db-4d64-ab47-681bb437fd07-AppendLogResponseHandler: Failed appendEntries: org.apache.ratis.thirdparty.io.grpc.StatusRuntimeException: UNAVAILABLE: io exception
2019-09-23 17:22:50,339 [grpc-default-executor-18] INFO  impl.FollowerInfo (FollowerInfo.java:lambda$new$0(51)) - cf9188cb-18f1-4c06-b3bb-d2975ec16a95@group-E9C4DD6AFD65->dee4c762-71db-4d64-ab47-681bb437fd07: nextIndex: updateUnconditionally 11 -> 10
2019-09-23 17:22:50,695 [grpc-default-executor-20] WARN  server.GrpcLogAppender (LogUtils.java:warn(134)) - eaf7fe76-8f02-4367-a540-36f6b5b02da9@group-206EF5DB367B->d72208ce-2069-4651-9293-ddc837bc4e94-AppendLogResponseHandler: Failed appendEntries: org.apache.ratis.thirdparty.io.grpc.StatusRuntimeException: UNAVAILABLE: io exception
2019-09-23 17:22:50,695 [grpc-default-executor-20] INFO  impl.FollowerInfo (FollowerInfo.java:lambda$new$0(51)) - eaf7fe76-8f02-4367-a540-36f6b5b02da9@group-206EF5DB367B->d72208ce-2069-4651-9293-ddc837bc4e94: nextIndex: updateUnconditionally 0 -> 0
2019-09-23 17:22:50,719 [grpc-default-executor-11] WARN  server.GrpcLogAppender (LogUtils.java:warn(134)) - eaf7fe76-8f02-4367-a540-36f6b5b02da9@group-206EF5DB367B->8fb4cdab-c625-4313-be02-bfab5deacb6d-AppendLogResponseHandler: Failed appendEntries: org.apache.ratis.thirdparty.io.grpc.StatusRuntimeException: UNAVAILABLE: io exception
2019-09-23 17:22:50,720 [grpc-default-executor-11] INFO  impl.FollowerInfo (FollowerInfo.java:lambda$new$0(51)) - eaf7fe76-8f02-4367-a540-36f6b5b02da9@group-206EF5DB367B->8fb4cdab-c625-4313-be02-bfab5deacb6d: nextIndex: updateUnconditionally 0 -> 0
2019-09-23 17:22:50,838 [grpc-default-executor-18] WARN  server.GrpcLogAppender (LogUtils.java:warn(134)) - cf9188cb-18f1-4c06-b3bb-d2975ec16a95@group-E9C4DD6AFD65->dee4c762-71db-4d64-ab47-681bb437fd07-AppendLogResponseHandler: Failed appendEntries: org.apache.ratis.thirdparty.io.grpc.StatusRuntimeException: UNAVAILABLE: io exception
2019-09-23 17:22:50,839 [grpc-default-executor-18] INFO  impl.FollowerInfo (FollowerInfo.java:lambda$new$0(51)) - cf9188cb-18f1-4c06-b3bb-d2975ec16a95@group-E9C4DD6AFD65->dee4c762-71db-4d64-ab47-681bb437fd07: nextIndex: updateUnconditionally 10 -> 9
2019-09-23 17:22:51,195 [grpc-default-executor-18] WARN  server.GrpcLogAppender (LogUtils.java:warn(134)) - eaf7fe76-8f02-4367-a540-36f6b5b02da9@group-206EF5DB367B->d72208ce-2069-4651-9293-ddc837bc4e94-AppendLogResponseHandler: Failed appendEntries: org.apache.ratis.thirdparty.io.grpc.StatusRuntimeException: UNAVAILABLE: io exception
2019-09-23 17:22:51,195 [grpc-default-executor-18] INFO  impl.FollowerInfo (FollowerInfo.java:lambda$new$0(51)) - eaf7fe76-8f02-4367-a540-36f6b5b02da9@group-206EF5DB367B->d72208ce-2069-4651-9293-ddc837bc4e94: nextIndex: updateUnconditionally 0 -> 0
2019-09-23 17:22:51,219 [grpc-default-executor-20] WARN  server.GrpcLogAppender (LogUtils.java:warn(134)) - eaf7fe76-8f02-4367-a540-36f6b5b02da9@group-206EF5DB367B->8fb4cdab-c625-4313-be02-bfab5deacb6d-AppendLogResponseHandler: Failed appendEntries: org.apache.ratis.thirdparty.io.grpc.StatusRuntimeException: UNAVAILABLE: io exception
2019-09-23 17:22:51,220 [grpc-default-executor-20] INFO  impl.FollowerInfo (FollowerInfo.java:lambda$new$0(51)) - eaf7fe76-8f02-4367-a540-36f6b5b02da9@group-206EF5DB367B->8fb4cdab-c625-4313-be02-bfab5deacb6d: nextIndex: updateUnconditionally 0 -> 0
2019-09-23 17:22:51,339 [grpc-default-executor-11] WARN  server.GrpcLogAppender (LogUtils.java:warn(134)) - cf9188cb-18f1-4c06-b3bb-d2975ec16a95@group-E9C4DD6AFD65->dee4c762-71db-4d64-ab47-681bb437fd07-AppendLogResponseHandler: Failed appendEntries: org.apache.ratis.thirdparty.io.grpc.StatusRuntimeException: UNAVAILABLE: io exception
2019-09-23 17:22:51,339 [grpc-default-executor-11] INFO  impl.FollowerInfo (FollowerInfo.java:lambda$new$0(51)) - cf9188cb-18f1-4c06-b3bb-d2975ec16a95@group-E9C4DD6AFD65->dee4c762-71db-4d64-ab47-681bb437fd07: nextIndex: updateUnconditionally 9 -> 8
2019-09-23 17:22:51,696 [grpc-default-executor-18] WARN  server.GrpcLogAppender (LogUtils.java:warn(134)) - eaf7fe76-8f02-4367-a540-36f6b5b02da9@group-206EF5DB367B->d72208ce-2069-4651-9293-ddc837bc4e94-AppendLogResponseHandler: Failed appendEntries: org.apache.ratis.thirdparty.io.grpc.StatusRuntimeException: UNAVAILABLE: io exception
2019-09-23 17:22:51,696 [grpc-default-executor-18] INFO  impl.FollowerInfo (FollowerInfo.java:lambda$new$0(51)) - eaf7fe76-8f02-4367-a540-36f6b5b02da9@group-206EF5DB367B->d72208ce-2069-4651-9293-ddc837bc4e94: nextIndex: updateUnconditionally 0 -> 0
2019-09-23 17:22:51,720 [grpc-default-executor-20] WARN  server.GrpcLogAppender (LogUtils.java:warn(134)) - eaf7fe76-8f02-4367-a540-36f6b5b02da9@group-206EF5DB367B->8fb4cdab-c625-4313-be02-bfab5deacb6d-AppendLogResponseHandler: Failed appendEntries: org.apache.ratis.thirdparty.io.grpc.StatusRuntimeException: UNAVAILABLE: io exception
2019-09-23 17:22:51,720 [grpc-default-executor-20] INFO  impl.FollowerInfo (FollowerInfo.java:lambda$new$0(51)) - eaf7fe76-8f02-4367-a540-36f6b5b02da9@group-206EF5DB367B->8fb4cdab-c625-4313-be02-bfab5deacb6d: nextIndex: updateUnconditionally 0 -> 0
2019-09-23 17:22:51,839 [grpc-default-executor-11] WARN  server.GrpcLogAppender (LogUtils.java:warn(134)) - cf9188cb-18f1-4c06-b3bb-d2975ec16a95@group-E9C4DD6AFD65->dee4c762-71db-4d64-ab47-681bb437fd07-AppendLogResponseHandler: Failed appendEntries: org.apache.ratis.thirdparty.io.grpc.StatusRuntimeException: UNAVAILABLE: io exception
2019-09-23 17:22:51,840 [grpc-default-executor-11] INFO  impl.FollowerInfo (FollowerInfo.java:lambda$new$0(51)) - cf9188cb-18f1-4c06-b3bb-d2975ec16a95@group-E9C4DD6AFD65->dee4c762-71db-4d64-ab47-681bb437fd07: nextIndex: updateUnconditionally 8 -> 7
2019-09-23 17:22:52,200 [grpc-default-executor-11] WARN  server.GrpcLogAppender (LogUtils.java:warn(134)) - eaf7fe76-8f02-4367-a540-36f6b5b02da9@group-206EF5DB367B->d72208ce-2069-4651-9293-ddc837bc4e94-AppendLogResponseHandler: Failed appendEntries: org.apache.ratis.thirdparty.io.grpc.StatusRuntimeException: UNAVAILABLE: io exception
2019-09-23 17:22:52,200 [grpc-default-executor-11] INFO  impl.FollowerInfo (FollowerInfo.java:lambda$new$0(51)) - eaf7fe76-8f02-4367-a540-36f6b5b02da9@group-206EF5DB367B->d72208ce-2069-4651-9293-ddc837bc4e94: nextIndex: updateUnconditionally 0 -> 0
2019-09-23 17:22:52,220 [grpc-default-executor-20] WARN  server.GrpcLogAppender (LogUtils.java:warn(134)) - eaf7fe76-8f02-4367-a540-36f6b5b02da9@group-206EF5DB367B->8fb4cdab-c625-4313-be02-bfab5deacb6d-AppendLogResponseHandler: Failed appendEntries: org.apache.ratis.thirdparty.io.grpc.StatusRuntimeException: UNAVAILABLE: io exception
2019-09-23 17:22:52,221 [grpc-default-executor-20] INFO  impl.FollowerInfo (FollowerInfo.java:lambda$new$0(51)) - eaf7fe76-8f02-4367-a540-36f6b5b02da9@group-206EF5DB367B->8fb4cdab-c625-4313-be02-bfab5deacb6d: nextIndex: updateUnconditionally 0 -> 0
2019-09-23 17:22:52,340 [grpc-default-executor-20] WARN  server.GrpcLogAppender (LogUtils.java:warn(134)) - cf9188cb-18f1-4c06-b3bb-d2975ec16a95@group-E9C4DD6AFD65->dee4c762-71db-4d64-ab47-681bb437fd07-AppendLogResponseHandler: Failed appendEntries: org.apache.ratis.thirdparty.io.grpc.StatusRuntimeException: UNAVAILABLE: io exception
2019-09-23 17:22:52,340 [grpc-default-executor-20] INFO  impl.FollowerInfo (FollowerInfo.java:lambda$new$0(51)) - cf9188cb-18f1-4c06-b3bb-d2975ec16a95@group-E9C4DD6AFD65->dee4c762-71db-4d64-ab47-681bb437fd07: nextIndex: updateUnconditionally 7 -> 6
2019-09-23 17:22:52,699 [grpc-default-executor-18] WARN  server.GrpcLogAppender (LogUtils.java:warn(134)) - eaf7fe76-8f02-4367-a540-36f6b5b02da9@group-206EF5DB367B->d72208ce-2069-4651-9293-ddc837bc4e94-AppendLogResponseHandler: Failed appendEntries: org.apache.ratis.thirdparty.io.grpc.StatusRuntimeException: UNAVAILABLE: io exception
2019-09-23 17:22:52,699 [grpc-default-executor-18] INFO  impl.FollowerInfo (FollowerInfo.java:lambda$new$0(51)) - eaf7fe76-8f02-4367-a540-36f6b5b02da9@group-206EF5DB367B->d72208ce-2069-4651-9293-ddc837bc4e94: nextIndex: updateUnconditionally 0 -> 0
2019-09-23 17:22:52,721 [grpc-default-executor-20] WARN  server.GrpcLogAppender (LogUtils.java:warn(134)) - eaf7fe76-8f02-4367-a540-36f6b5b02da9@group-206EF5DB367B->8fb4cdab-c625-4313-be02-bfab5deacb6d-AppendLogResponseHandler: Failed appendEntries: org.apache.ratis.thirdparty.io.grpc.StatusRuntimeException: UNAVAILABLE: io exception
2019-09-23 17:22:52,721 [grpc-default-executor-20] INFO  impl.FollowerInfo (FollowerInfo.java:lambda$new$0(51)) - eaf7fe76-8f02-4367-a540-36f6b5b02da9@group-206EF5DB367B->8fb4cdab-c625-4313-be02-bfab5deacb6d: nextIndex: updateUnconditionally 0 -> 0
2019-09-23 17:22:52,840 [grpc-default-executor-11] WARN  server.GrpcLogAppender (LogUtils.java:warn(134)) - cf9188cb-18f1-4c06-b3bb-d2975ec16a95@group-E9C4DD6AFD65->dee4c762-71db-4d64-ab47-681bb437fd07-AppendLogResponseHandler: Failed appendEntries: org.apache.ratis.thirdparty.io.grpc.StatusRuntimeException: UNAVAILABLE: io exception
2019-09-23 17:22:52,841 [grpc-default-executor-11] INFO  impl.FollowerInfo (FollowerInfo.java:lambda$new$0(51)) - cf9188cb-18f1-4c06-b3bb-d2975ec16a95@group-E9C4DD6AFD65->dee4c762-71db-4d64-ab47-681bb437fd07: nextIndex: updateUnconditionally 6 -> 5
2019-09-23 17:22:53,200 [grpc-default-executor-11] WARN  server.GrpcLogAppender (LogUtils.java:warn(134)) - eaf7fe76-8f02-4367-a540-36f6b5b02da9@group-206EF5DB367B->d72208ce-2069-4651-9293-ddc837bc4e94-AppendLogResponseHandler: Failed appendEntries: org.apache.ratis.thirdparty.io.grpc.StatusRuntimeException: UNAVAILABLE: io exception
2019-09-23 17:22:53,201 [grpc-default-executor-11] INFO  impl.FollowerInfo (FollowerInfo.java:lambda$new$0(51)) - eaf7fe76-8f02-4367-a540-36f6b5b02da9@group-206EF5DB367B->d72208ce-2069-4651-9293-ddc837bc4e94: nextIndex: updateUnconditionally 0 -> 0
2019-09-23 17:22:53,221 [grpc-default-executor-18] WARN  server.GrpcLogAppender (LogUtils.java:warn(134)) - eaf7fe76-8f02-4367-a540-36f6b5b02da9@group-206EF5DB367B->8fb4cdab-c625-4313-be02-bfab5deacb6d-AppendLogResponseHandler: Failed appendEntries: org.apache.ratis.thirdparty.io.grpc.StatusRuntimeException: UNAVAILABLE: io exception
2019-09-23 17:22:53,221 [grpc-default-executor-18] INFO  impl.FollowerInfo (FollowerInfo.java:lambda$new$0(51)) - eaf7fe76-8f02-4367-a540-36f6b5b02da9@group-206EF5DB367B->8fb4cdab-c625-4313-be02-bfab5deacb6d: nextIndex: updateUnconditionally 0 -> 0
2019-09-23 17:22:53,341 [grpc-default-executor-18] WARN  server.GrpcLogAppender (LogUtils.java:warn(134)) - cf9188cb-18f1-4c06-b3bb-d2975ec16a95@group-E9C4DD6AFD65->dee4c762-71db-4d64-ab47-681bb437fd07-AppendLogResponseHandler: Failed appendEntries: org.apache.ratis.thirdparty.io.grpc.StatusRuntimeException: UNAVAILABLE: io exception
2019-09-23 17:22:53,341 [grpc-default-executor-18] INFO  impl.FollowerInfo (FollowerInfo.java:lambda$new$0(51)) - cf9188cb-18f1-4c06-b3bb-d2975ec16a95@group-E9C4DD6AFD65->dee4c762-71db-4d64-ab47-681bb437fd07: nextIndex: updateUnconditionally 5 -> 4
2019-09-23 17:22:53,700 [grpc-default-executor-18] WARN  server.GrpcLogAppender (LogUtils.java:warn(134)) - eaf7fe76-8f02-4367-a540-36f6b5b02da9@group-206EF5DB367B->d72208ce-2069-4651-9293-ddc837bc4e94-AppendLogResponseHandler: Failed appendEntries: org.apache.ratis.thirdparty.io.grpc.StatusRuntimeException: UNAVAILABLE: io exception
2019-09-23 17:22:53,700 [grpc-default-executor-18] INFO  impl.FollowerInfo (FollowerInfo.java:lambda$new$0(51)) - eaf7fe76-8f02-4367-a540-36f6b5b02da9@group-206EF5DB367B->d72208ce-2069-4651-9293-ddc837bc4e94: nextIndex: updateUnconditionally 0 -> 0
2019-09-23 17:22:53,721 [grpc-default-executor-20] WARN  server.GrpcLogAppender (LogUtils.java:warn(134)) - eaf7fe76-8f02-4367-a540-36f6b5b02da9@group-206EF5DB367B->8fb4cdab-c625-4313-be02-bfab5deacb6d-AppendLogResponseHandler: Failed appendEntries: org.apache.ratis.thirdparty.io.grpc.StatusRuntimeException: UNAVAILABLE: io exception
2019-09-23 17:22:53,722 [grpc-default-executor-20] INFO  impl.FollowerInfo (FollowerInfo.java:lambda$new$0(51)) - eaf7fe76-8f02-4367-a540-36f6b5b02da9@group-206EF5DB367B->8fb4cdab-c625-4313-be02-bfab5deacb6d: nextIndex: updateUnconditionally 0 -> 0
2019-09-23 17:22:53,842 [grpc-default-executor-20] WARN  server.GrpcLogAppender (LogUtils.java:warn(134)) - cf9188cb-18f1-4c06-b3bb-d2975ec16a95@group-E9C4DD6AFD65->dee4c762-71db-4d64-ab47-681bb437fd07-AppendLogResponseHandler: Failed appendEntries: org.apache.ratis.thirdparty.io.grpc.StatusRuntimeException: UNAVAILABLE: io exception
2019-09-23 17:22:53,843 [grpc-default-executor-20] INFO  impl.FollowerInfo (FollowerInfo.java:lambda$new$0(51)) - cf9188cb-18f1-4c06-b3bb-d2975ec16a95@group-E9C4DD6AFD65->dee4c762-71db-4d64-ab47-681bb437fd07: nextIndex: updateUnconditionally 4 -> 3
2019-09-23 17:22:54,203 [grpc-default-executor-20] WARN  server.GrpcLogAppender (LogUtils.java:warn(134)) - eaf7fe76-8f02-4367-a540-36f6b5b02da9@group-206EF5DB367B->d72208ce-2069-4651-9293-ddc837bc4e94-AppendLogResponseHandler: Failed appendEntries: org.apache.ratis.thirdparty.io.grpc.StatusRuntimeException: UNAVAILABLE: io exception
2019-09-23 17:22:54,204 [grpc-default-executor-20] INFO  impl.FollowerInfo (FollowerInfo.java:lambda$new$0(51)) - eaf7fe76-8f02-4367-a540-36f6b5b02da9@group-206EF5DB367B->d72208ce-2069-4651-9293-ddc837bc4e94: nextIndex: updateUnconditionally 0 -> 0
2019-09-23 17:22:54,224 [grpc-default-executor-18] WARN  server.GrpcLogAppender (LogUtils.java:warn(134)) - eaf7fe76-8f02-4367-a540-36f6b5b02da9@group-206EF5DB367B->8fb4cdab-c625-4313-be02-bfab5deacb6d-AppendLogResponseHandler: Failed appendEntries: org.apache.ratis.thirdparty.io.grpc.StatusRuntimeException: UNAVAILABLE: io exception
2019-09-23 17:22:54,225 [grpc-default-executor-18] INFO  impl.FollowerInfo (FollowerInfo.java:lambda$new$0(51)) - eaf7fe76-8f02-4367-a540-36f6b5b02da9@group-206EF5DB367B->8fb4cdab-c625-4313-be02-bfab5deacb6d: nextIndex: updateUnconditionally 0 -> 0
2019-09-23 17:22:54,342 [grpc-default-executor-11] WARN  server.GrpcLogAppender (LogUtils.java:warn(134)) - cf9188cb-18f1-4c06-b3bb-d2975ec16a95@group-E9C4DD6AFD65->dee4c762-71db-4d64-ab47-681bb437fd07-AppendLogResponseHandler: Failed appendEntries: org.apache.ratis.thirdparty.io.grpc.StatusRuntimeException: UNAVAILABLE: io exception
2019-09-23 17:22:54,343 [grpc-default-executor-11] INFO  impl.FollowerInfo (FollowerInfo.java:lambda$new$0(51)) - cf9188cb-18f1-4c06-b3bb-d2975ec16a95@group-E9C4DD6AFD65->dee4c762-71db-4d64-ab47-681bb437fd07: nextIndex: updateUnconditionally 3 -> 2
2019-09-23 17:22:54,497 [ForkJoinPool.commonPool-worker-1] INFO  ozoneimpl.OzoneContainer (OzoneContainer.java:stop(231)) - Attempting to stop container services.
2019-09-23 17:22:54,498 [ForkJoinPool.commonPool-worker-1] INFO  impl.RaftServerProxy (RaftServerProxy.java:lambda$close$4(314)) - 75ab0a4d-5206-4350-91b3-4197023479e2: close
2019-09-23 17:22:54,498 [ForkJoinPool.commonPool-worker-1] INFO  impl.RaftServerImpl (RaftServerImpl.java:lambda$shutdown$3(251)) - 75ab0a4d-5206-4350-91b3-4197023479e2@group-E5637EE0DA62: shutdown
2019-09-23 17:22:54,499 [ForkJoinPool.commonPool-worker-1] INFO  util.JmxRegister (JmxRegister.java:unregister(73)) - Successfully un-registered JMX Bean with object name Ratis:service=RaftServer,group=group-E5637EE0DA62,id=75ab0a4d-5206-4350-91b3-4197023479e2
2019-09-23 17:22:54,499 [ForkJoinPool.commonPool-worker-1] INFO  impl.RoleInfo (RoleInfo.java:shutdownLeaderState(104)) - 75ab0a4d-5206-4350-91b3-4197023479e2: shutdown LeaderState
2019-09-23 17:22:54,499 [ForkJoinPool.commonPool-worker-1] INFO  impl.PendingRequests (PendingRequests.java:sendNotLeaderResponses(202)) - 75ab0a4d-5206-4350-91b3-4197023479e2-PendingRequests: sendNotLeaderResponses
2019-09-23 17:22:54,499 [ForkJoinPool.commonPool-worker-1] INFO  impl.StateMachineUpdater (StateMachineUpdater.java:stopAndJoin(125)) - 75ab0a4d-5206-4350-91b3-4197023479e2@group-E5637EE0DA62-StateMachineUpdater: set stopIndex = 0
2019-09-23 17:22:54,500 [ForkJoinPool.commonPool-worker-1] INFO  impl.RaftServerImpl (ServerState.java:close(385)) - 75ab0a4d-5206-4350-91b3-4197023479e2@group-E5637EE0DA62: closes. applyIndex: 0
2019-09-23 17:22:54,500 [75ab0a4d-5206-4350-91b3-4197023479e2@group-E5637EE0DA62-SegmentedRaftLogWorker] INFO  segmented.SegmentedRaftLogWorker (SegmentedRaftLogWorker.java:run(313)) - 75ab0a4d-5206-4350-91b3-4197023479e2@group-E5637EE0DA62-SegmentedRaftLogWorker was interrupted, exiting. There are 0 tasks remaining in the queue.
2019-09-23 17:22:54,508 [ForkJoinPool.commonPool-worker-1] INFO  segmented.SegmentedRaftLogWorker (SegmentedRaftLogWorker.java:close(228)) - 75ab0a4d-5206-4350-91b3-4197023479e2@group-E5637EE0DA62-SegmentedRaftLogWorker close()
2019-09-23 17:22:54,511 [ForkJoinPool.commonPool-worker-1] INFO  impl.RaftServerImpl (RaftServerImpl.java:lambda$shutdown$3(251)) - 75ab0a4d-5206-4350-91b3-4197023479e2@group-E9C4DD6AFD65: shutdown
2019-09-23 17:22:54,511 [ForkJoinPool.commonPool-worker-1] INFO  util.JmxRegister (JmxRegister.java:unregister(73)) - Successfully un-registered JMX Bean with object name Ratis:service=RaftServer,group=group-E9C4DD6AFD65,id=75ab0a4d-5206-4350-91b3-4197023479e2
2019-09-23 17:22:54,512 [main] INFO  ozoneimpl.OzoneContainer (OzoneContainer.java:stop(231)) - Attempting to stop container services.
2019-09-23 17:22:54,512 [ForkJoinPool.commonPool-worker-1] INFO  impl.RoleInfo (RoleInfo.java:shutdownFollowerState(121)) - 75ab0a4d-5206-4350-91b3-4197023479e2: shutdown FollowerState
2019-09-23 17:22:54,512 [ForkJoinPool.commonPool-worker-1] INFO  impl.StateMachineUpdater (StateMachineUpdater.java:stopAndJoin(125)) - 75ab0a4d-5206-4350-91b3-4197023479e2@group-E9C4DD6AFD65-StateMachineUpdater: set stopIndex = 12
2019-09-23 17:22:54,513 [75ab0a4d-5206-4350-91b3-4197023479e2@group-E9C4DD6AFD65-StateMachineUpdater] INFO  ratis.ContainerStateMachine (ContainerStateMachine.java:takeSnapshot(289)) - group-E9C4DD6AFD65: Taking a snapshot at:(t:5, i:8) file /workdir/hadoop-ozone/integration-test/target/test-dir/MiniOzoneClusterImpl-dc27b903-0525-47ea-8b09-60b958b4e498/datanode-3/data/ratis/4e06c42d-f4b9-4fdd-a2b3-e9c4dd6afd65/sm/snapshot.5_8
2019-09-23 17:22:54,513 [Thread-3628] INFO  impl.FollowerState (FollowerState.java:run(115)) - 75ab0a4d-5206-4350-91b3-4197023479e2: FollowerState was interrupted: java.lang.InterruptedException: sleep interrupted
2019-09-23 17:22:54,513 [main] INFO  impl.RaftServerProxy (RaftServerProxy.java:lambda$close$4(314)) - bc19b587-0afa-44fa-868a-b1d2a74f7494: close
2019-09-23 17:22:54,514 [main] INFO  impl.RaftServerImpl (RaftServerImpl.java:lambda$shutdown$3(251)) - bc19b587-0afa-44fa-868a-b1d2a74f7494@group-AEA17C798492: shutdown
2019-09-23 17:22:54,514 [main] INFO  util.JmxRegister (JmxRegister.java:unregister(73)) - Successfully un-registered JMX Bean with object name Ratis:service=RaftServer,group=group-AEA17C798492,id=bc19b587-0afa-44fa-868a-b1d2a74f7494
2019-09-23 17:22:54,514 [main] INFO  impl.RoleInfo (RoleInfo.java:shutdownLeaderState(104)) - bc19b587-0afa-44fa-868a-b1d2a74f7494: shutdown LeaderState
2019-09-23 17:22:54,515 [main] INFO  impl.PendingRequests (PendingRequests.java:sendNotLeaderResponses(202)) - bc19b587-0afa-44fa-868a-b1d2a74f7494-PendingRequests: sendNotLeaderResponses
2019-09-23 17:22:54,515 [main] INFO  impl.StateMachineUpdater (StateMachineUpdater.java:stopAndJoin(125)) - bc19b587-0afa-44fa-868a-b1d2a74f7494@group-AEA17C798492-StateMachineUpdater: set stopIndex = 0
2019-09-23 17:22:54,516 [main] INFO  impl.RaftServerImpl (ServerState.java:close(385)) - bc19b587-0afa-44fa-868a-b1d2a74f7494@group-AEA17C798492: closes. applyIndex: 0
2019-09-23 17:22:54,516 [bc19b587-0afa-44fa-868a-b1d2a74f7494@group-AEA17C798492-SegmentedRaftLogWorker] INFO  segmented.SegmentedRaftLogWorker (SegmentedRaftLogWorker.java:run(313)) - bc19b587-0afa-44fa-868a-b1d2a74f7494@group-AEA17C798492-SegmentedRaftLogWorker was interrupted, exiting. There are 0 tasks remaining in the queue.
2019-09-23 17:22:54,519 [main] INFO  segmented.SegmentedRaftLogWorker (SegmentedRaftLogWorker.java:close(228)) - bc19b587-0afa-44fa-868a-b1d2a74f7494@group-AEA17C798492-SegmentedRaftLogWorker close()
2019-09-23 17:22:54,522 [main] INFO  server.GrpcService (GrpcService.java:closeImpl(164)) - bc19b587-0afa-44fa-868a-b1d2a74f7494: shutdown server with port 42522 now
2019-09-23 17:22:54,525 [main] INFO  server.GrpcService (GrpcService.java:closeImpl(172)) - bc19b587-0afa-44fa-868a-b1d2a74f7494: shutdown server with port 42522 successfully
2019-09-23 17:22:54,527 [refreshUsed-/workdir/hadoop-ozone/integration-test/target/test-dir/MiniOzoneClusterImpl-dc27b903-0525-47ea-8b09-60b958b4e498/datanode-6/data/containers] WARN  fs.CachingGetSpaceUsed (CachingGetSpaceUsed.java:run(183)) - Thread Interrupted waiting to refresh disk information: sleep interrupted
2019-09-23 17:22:54,528 [75ab0a4d-5206-4350-91b3-4197023479e2@group-E9C4DD6AFD65-StateMachineUpdater] INFO  ratis.ContainerStateMachine (ContainerStateMachine.java:takeSnapshot(300)) - group-E9C4DD6AFD65: Finished taking a snapshot at:(t:5, i:8) file:/workdir/hadoop-ozone/integration-test/target/test-dir/MiniOzoneClusterImpl-dc27b903-0525-47ea-8b09-60b958b4e498/datanode-3/data/ratis/4e06c42d-f4b9-4fdd-a2b3-e9c4dd6afd65/sm/snapshot.5_8 time:16
2019-09-23 17:22:54,529 [75ab0a4d-5206-4350-91b3-4197023479e2@group-E9C4DD6AFD65-StateMachineUpdater] INFO  impl.StateMachineUpdater (StateMachineUpdater.java:takeSnapshot(258)) - 75ab0a4d-5206-4350-91b3-4197023479e2@group-E9C4DD6AFD65-StateMachineUpdater: Took a snapshot at index 8
2019-09-23 17:22:54,529 [75ab0a4d-5206-4350-91b3-4197023479e2@group-E9C4DD6AFD65-StateMachineUpdater] INFO  impl.StateMachineUpdater (StateMachineUpdater.java:lambda$new$0(83)) - 75ab0a4d-5206-4350-91b3-4197023479e2@group-E9C4DD6AFD65-StateMachineUpdater: snapshotIndex: updateIncreasingly -1 -> 8
2019-09-23 17:22:54,532 [75ab0a4d-5206-4350-91b3-4197023479e2@group-E9C4DD6AFD65-StateMachineUpdater] INFO  ratis.ContainerStateMachine (ContainerStateMachine.java:takeSnapshot(289)) - group-E9C4DD6AFD65: Taking a snapshot at:(t:5, i:8) file /workdir/hadoop-ozone/integration-test/target/test-dir/MiniOzoneClusterImpl-dc27b903-0525-47ea-8b09-60b958b4e498/datanode-3/data/ratis/4e06c42d-f4b9-4fdd-a2b3-e9c4dd6afd65/sm/snapshot.5_8
2019-09-23 17:22:54,536 [75ab0a4d-5206-4350-91b3-4197023479e2@group-E9C4DD6AFD65-StateMachineUpdater] INFO  ratis.ContainerStateMachine (ContainerStateMachine.java:takeSnapshot(300)) - group-E9C4DD6AFD65: Finished taking a snapshot at:(t:5, i:8) file:/workdir/hadoop-ozone/integration-test/target/test-dir/MiniOzoneClusterImpl-dc27b903-0525-47ea-8b09-60b958b4e498/datanode-3/data/ratis/4e06c42d-f4b9-4fdd-a2b3-e9c4dd6afd65/sm/snapshot.5_8 time:4
2019-09-23 17:22:54,536 [75ab0a4d-5206-4350-91b3-4197023479e2@group-E9C4DD6AFD65-StateMachineUpdater] INFO  impl.StateMachineUpdater (StateMachineUpdater.java:takeSnapshot(258)) - 75ab0a4d-5206-4350-91b3-4197023479e2@group-E9C4DD6AFD65-StateMachineUpdater: Took a snapshot at index 8
2019-09-23 17:22:54,536 [75ab0a4d-5206-4350-91b3-4197023479e2@group-E9C4DD6AFD65-StateMachineUpdater] INFO  impl.StateMachineUpdater (StateMachineUpdater.java:lambda$new$0(83)) - 75ab0a4d-5206-4350-91b3-4197023479e2@group-E9C4DD6AFD65-StateMachineUpdater: snapshotIndex: updateIncreasingly 8 -> 8
2019-09-23 17:22:54,537 [ForkJoinPool.commonPool-worker-1] INFO  impl.RaftServerImpl (ServerState.java:close(385)) - 75ab0a4d-5206-4350-91b3-4197023479e2@group-E9C4DD6AFD65: closes. applyIndex: 12
2019-09-23 17:22:54,537 [75ab0a4d-5206-4350-91b3-4197023479e2@group-E9C4DD6AFD65-SegmentedRaftLogWorker] INFO  segmented.SegmentedRaftLogWorker (SegmentedRaftLogWorker.java:run(313)) - 75ab0a4d-5206-4350-91b3-4197023479e2@group-E9C4DD6AFD65-SegmentedRaftLogWorker was interrupted, exiting. There are 0 tasks remaining in the queue.
2019-09-23 17:22:54,539 [ForkJoinPool.commonPool-worker-1] INFO  segmented.SegmentedRaftLogWorker (SegmentedRaftLogWorker.java:close(228)) - 75ab0a4d-5206-4350-91b3-4197023479e2@group-E9C4DD6AFD65-SegmentedRaftLogWorker close()
2019-09-23 17:22:54,542 [ForkJoinPool.commonPool-worker-1] INFO  server.GrpcService (GrpcService.java:closeImpl(164)) - 75ab0a4d-5206-4350-91b3-4197023479e2: shutdown server with port 43851 now
2019-09-23 17:22:54,543 [grpc-default-executor-18] WARN  server.GrpcServerProtocolService (LogUtils.java:warn(134)) - 75ab0a4d-5206-4350-91b3-4197023479e2: installSnapshot onError, lastRequest: cf9188cb-18f1-4c06-b3bb-d2975ec16a95->75ab0a4d-5206-4350-91b3-4197023479e2#46-t5, previous=(t:5, i:12), leaderCommit=12, initializing? false, entries: <empty>: org.apache.ratis.thirdparty.io.grpc.StatusRuntimeException: CANCELLED: cancelled before receiving half close
2019-09-23 17:22:54,543 [grpc-default-executor-11] WARN  server.GrpcLogAppender (LogUtils.java:warn(134)) - cf9188cb-18f1-4c06-b3bb-d2975ec16a95@group-E9C4DD6AFD65->75ab0a4d-5206-4350-91b3-4197023479e2-AppendLogResponseHandler: Failed appendEntries: org.apache.ratis.thirdparty.io.grpc.StatusRuntimeException: CANCELLED: HTTP/2 error code: CANCEL
Received Rst Stream
2019-09-23 17:22:54,543 [ForkJoinPool.commonPool-worker-1] INFO  server.GrpcService (GrpcService.java:closeImpl(172)) - 75ab0a4d-5206-4350-91b3-4197023479e2: shutdown server with port 43851 successfully
2019-09-23 17:22:54,544 [grpc-default-executor-11] INFO  impl.FollowerInfo (FollowerInfo.java:lambda$new$0(51)) - cf9188cb-18f1-4c06-b3bb-d2975ec16a95@group-E9C4DD6AFD65->75ab0a4d-5206-4350-91b3-4197023479e2: nextIndex: updateUnconditionally 13 -> 12
2019-09-23 17:22:54,546 [refreshUsed-/workdir/hadoop-ozone/integration-test/target/test-dir/MiniOzoneClusterImpl-dc27b903-0525-47ea-8b09-60b958b4e498/datanode-3/data/containers] WARN  fs.CachingGetSpaceUsed (CachingGetSpaceUsed.java:run(183)) - Thread Interrupted waiting to refresh disk information: sleep interrupted
2019-09-23 17:22:54,552 [main] INFO  utils.BackgroundService (BackgroundService.java:shutdown(148)) - Shutting down service BlockDeletingService
2019-09-23 17:22:54,554 [main] INFO  statemachine.DatanodeStateMachine (DatanodeStateMachine.java:stopDaemon(395)) - Ozone container server stopped.
2019-09-23 17:22:54,556 [main] INFO  handler.ContextHandler (ContextHandler.java:doStop(910)) - Stopped o.e.j.w.WebAppContext@5abf6a99{/,null,UNAVAILABLE}{/hddsDatanode}
2019-09-23 17:22:54,557 [main] INFO  server.AbstractConnector (AbstractConnector.java:doStop(318)) - Stopped ServerConnector@dc59ec2{HTTP/1.1,[http/1.1]}{0.0.0.0:0}
2019-09-23 17:22:54,558 [main] INFO  handler.ContextHandler (ContextHandler.java:doStop(910)) - Stopped o.e.j.s.ServletContextHandler@4607d78b{/static,jar:file:/home/user/.m2/repository/org/apache/hadoop/hadoop-hdds-container-service/0.5.0-SNAPSHOT/hadoop-hdds-container-service-0.5.0-SNAPSHOT.jar!/webapps/static,UNAVAILABLE}
2019-09-23 17:22:54,558 [main] INFO  handler.ContextHandler (ContextHandler.java:doStop(910)) - Stopped o.e.j.s.ServletContextHandler@1201769d{/logs,file:///workdir/hadoop-ozone/integration-test/target/log,UNAVAILABLE}
2019-09-23 17:22:54,566 [ForkJoinPool.commonPool-worker-1] INFO  utils.BackgroundService (BackgroundService.java:shutdown(148)) - Shutting down service BlockDeletingService
2019-09-23 17:22:54,568 [ForkJoinPool.commonPool-worker-1] INFO  statemachine.DatanodeStateMachine (DatanodeStateMachine.java:stopDaemon(395)) - Ozone container server stopped.
2019-09-23 17:22:54,588 [ForkJoinPool.commonPool-worker-1] INFO  handler.ContextHandler (ContextHandler.java:doStop(910)) - Stopped o.e.j.w.WebAppContext@11826398{/,null,UNAVAILABLE}{/hddsDatanode}
2019-09-23 17:22:54,589 [ForkJoinPool.commonPool-worker-1] INFO  server.AbstractConnector (AbstractConnector.java:doStop(318)) - Stopped ServerConnector@6c5ca0b6{HTTP/1.1,[http/1.1]}{0.0.0.0:0}
2019-09-23 17:22:54,591 [ForkJoinPool.commonPool-worker-1] INFO  handler.ContextHandler (ContextHandler.java:doStop(910)) - Stopped o.e.j.s.ServletContextHandler@46612bfc{/static,jar:file:/home/user/.m2/repository/org/apache/hadoop/hadoop-hdds-container-service/0.5.0-SNAPSHOT/hadoop-hdds-container-service-0.5.0-SNAPSHOT.jar!/webapps/static,UNAVAILABLE}
2019-09-23 17:22:54,592 [ForkJoinPool.commonPool-worker-1] INFO  handler.ContextHandler (ContextHandler.java:doStop(910)) - Stopped o.e.j.s.ServletContextHandler@1a2773a8{/logs,file:///workdir/hadoop-ozone/integration-test/target/log,UNAVAILABLE}
2019-09-23 17:22:54,703 [grpc-default-executor-20] WARN  server.GrpcLogAppender (LogUtils.java:warn(134)) - eaf7fe76-8f02-4367-a540-36f6b5b02da9@group-206EF5DB367B->d72208ce-2069-4651-9293-ddc837bc4e94-AppendLogResponseHandler: Failed appendEntries: org.apache.ratis.thirdparty.io.grpc.StatusRuntimeException: UNAVAILABLE: io exception
2019-09-23 17:22:54,703 [grpc-default-executor-20] INFO  impl.FollowerInfo (FollowerInfo.java:lambda$new$0(51)) - eaf7fe76-8f02-4367-a540-36f6b5b02da9@group-206EF5DB367B->d72208ce-2069-4651-9293-ddc837bc4e94: nextIndex: updateUnconditionally 0 -> 0
2019-09-23 17:22:54,724 [grpc-default-executor-11] WARN  server.GrpcLogAppender (LogUtils.java:warn(134)) - eaf7fe76-8f02-4367-a540-36f6b5b02da9@group-206EF5DB367B->8fb4cdab-c625-4313-be02-bfab5deacb6d-AppendLogResponseHandler: Failed appendEntries: org.apache.ratis.thirdparty.io.grpc.StatusRuntimeException: UNAVAILABLE: io exception
2019-09-23 17:22:54,724 [grpc-default-executor-11] INFO  impl.FollowerInfo (FollowerInfo.java:lambda$new$0(51)) - eaf7fe76-8f02-4367-a540-36f6b5b02da9@group-206EF5DB367B->8fb4cdab-c625-4313-be02-bfab5deacb6d: nextIndex: updateUnconditionally 0 -> 0
2019-09-23 17:22:54,843 [grpc-default-executor-18] WARN  server.GrpcLogAppender (LogUtils.java:warn(134)) - cf9188cb-18f1-4c06-b3bb-d2975ec16a95@group-E9C4DD6AFD65->dee4c762-71db-4d64-ab47-681bb437fd07-AppendLogResponseHandler: Failed appendEntries: org.apache.ratis.thirdparty.io.grpc.StatusRuntimeException: UNAVAILABLE: io exception
2019-09-23 17:22:54,843 [grpc-default-executor-18] INFO  impl.FollowerInfo (FollowerInfo.java:lambda$new$0(51)) - cf9188cb-18f1-4c06-b3bb-d2975ec16a95@group-E9C4DD6AFD65->dee4c762-71db-4d64-ab47-681bb437fd07: nextIndex: updateUnconditionally 2 -> 1
2019-09-23 17:22:54,854 [grpc-default-executor-20] WARN  server.GrpcLogAppender (LogUtils.java:warn(134)) - cf9188cb-18f1-4c06-b3bb-d2975ec16a95@group-E9C4DD6AFD65->75ab0a4d-5206-4350-91b3-4197023479e2-AppendLogResponseHandler: Failed appendEntries: org.apache.ratis.thirdparty.io.grpc.StatusRuntimeException: UNAVAILABLE: io exception
2019-09-23 17:22:54,854 [grpc-default-executor-20] INFO  impl.FollowerInfo (FollowerInfo.java:lambda$new$0(51)) - cf9188cb-18f1-4c06-b3bb-d2975ec16a95@group-E9C4DD6AFD65->75ab0a4d-5206-4350-91b3-4197023479e2: nextIndex: updateUnconditionally 12 -> 11
2019-09-23 17:22:55,069 [Datanode State Machine Thread - 0] INFO  statemachine.DatanodeStateMachine (DatanodeStateMachine.java:lambda$startDaemon$0(350)) - Ozone container server started.
2019-09-23 17:22:55,203 [grpc-default-executor-11] WARN  server.GrpcLogAppender (LogUtils.java:warn(134)) - eaf7fe76-8f02-4367-a540-36f6b5b02da9@group-206EF5DB367B->d72208ce-2069-4651-9293-ddc837bc4e94-AppendLogResponseHandler: Failed appendEntries: org.apache.ratis.thirdparty.io.grpc.StatusRuntimeException: UNAVAILABLE: io exception
2019-09-23 17:22:55,204 [grpc-default-executor-11] INFO  impl.FollowerInfo (FollowerInfo.java:lambda$new$0(51)) - eaf7fe76-8f02-4367-a540-36f6b5b02da9@group-206EF5DB367B->d72208ce-2069-4651-9293-ddc837bc4e94: nextIndex: updateUnconditionally 0 -> 0
2019-09-23 17:22:55,224 [grpc-default-executor-18] WARN  server.GrpcLogAppender (LogUtils.java:warn(134)) - eaf7fe76-8f02-4367-a540-36f6b5b02da9@group-206EF5DB367B->8fb4cdab-c625-4313-be02-bfab5deacb6d-AppendLogResponseHandler: Failed appendEntries: org.apache.ratis.thirdparty.io.grpc.StatusRuntimeException: UNAVAILABLE: io exception
2019-09-23 17:22:55,225 [grpc-default-executor-18] INFO  impl.FollowerInfo (FollowerInfo.java:lambda$new$0(51)) - eaf7fe76-8f02-4367-a540-36f6b5b02da9@group-206EF5DB367B->8fb4cdab-c625-4313-be02-bfab5deacb6d: nextIndex: updateUnconditionally 0 -> 0
2019-09-23 17:22:55,302 [Datanode State Machine Thread - 0] INFO  statemachine.DatanodeStateMachine (DatanodeStateMachine.java:lambda$startDaemon$0(350)) - Ozone container server started.
2019-09-23 17:22:55,343 [grpc-default-executor-11] WARN  server.GrpcLogAppender (LogUtils.java:warn(134)) - cf9188cb-18f1-4c06-b3bb-d2975ec16a95@group-E9C4DD6AFD65->dee4c762-71db-4d64-ab47-681bb437fd07-AppendLogResponseHandler: Failed appendEntries: org.apache.ratis.thirdparty.io.grpc.StatusRuntimeException: UNAVAILABLE: io exception
2019-09-23 17:22:55,343 [grpc-default-executor-11] INFO  impl.FollowerInfo (FollowerInfo.java:lambda$new$0(51)) - cf9188cb-18f1-4c06-b3bb-d2975ec16a95@group-E9C4DD6AFD65->dee4c762-71db-4d64-ab47-681bb437fd07: nextIndex: updateUnconditionally 1 -> 0
2019-09-23 17:22:55,354 [grpc-default-executor-20] WARN  server.GrpcLogAppender (LogUtils.java:warn(134)) - cf9188cb-18f1-4c06-b3bb-d2975ec16a95@group-E9C4DD6AFD65->75ab0a4d-5206-4350-91b3-4197023479e2-AppendLogResponseHandler: Failed appendEntries: org.apache.ratis.thirdparty.io.grpc.StatusRuntimeException: UNAVAILABLE: io exception
2019-09-23 17:22:55,354 [grpc-default-executor-20] INFO  impl.FollowerInfo (FollowerInfo.java:lambda$new$0(51)) - cf9188cb-18f1-4c06-b3bb-d2975ec16a95@group-E9C4DD6AFD65->75ab0a4d-5206-4350-91b3-4197023479e2: nextIndex: updateUnconditionally 11 -> 10
2019-09-23 17:22:55,705 [grpc-default-executor-20] WARN  server.GrpcLogAppender (LogUtils.java:warn(134)) - eaf7fe76-8f02-4367-a540-36f6b5b02da9@group-206EF5DB367B->d72208ce-2069-4651-9293-ddc837bc4e94-AppendLogResponseHandler: Failed appendEntries: org.apache.ratis.thirdparty.io.grpc.StatusRuntimeException: UNAVAILABLE: io exception
2019-09-23 17:22:55,706 [grpc-default-executor-20] INFO  impl.FollowerInfo (FollowerInfo.java:lambda$new$0(51)) - eaf7fe76-8f02-4367-a540-36f6b5b02da9@group-206EF5DB367B->d72208ce-2069-4651-9293-ddc837bc4e94: nextIndex: updateUnconditionally 0 -> 0
2019-09-23 17:22:55,725 [grpc-default-executor-18] WARN  server.GrpcLogAppender (LogUtils.java:warn(134)) - eaf7fe76-8f02-4367-a540-36f6b5b02da9@group-206EF5DB367B->8fb4cdab-c625-4313-be02-bfab5deacb6d-AppendLogResponseHandler: Failed appendEntries: org.apache.ratis.thirdparty.io.grpc.StatusRuntimeException: UNAVAILABLE: io exception
2019-09-23 17:22:55,725 [grpc-default-executor-18] INFO  impl.FollowerInfo (FollowerInfo.java:lambda$new$0(51)) - eaf7fe76-8f02-4367-a540-36f6b5b02da9@group-206EF5DB367B->8fb4cdab-c625-4313-be02-bfab5deacb6d: nextIndex: updateUnconditionally 0 -> 0
2019-09-23 17:22:55,844 [grpc-default-executor-18] WARN  server.GrpcLogAppender (LogUtils.java:warn(134)) - cf9188cb-18f1-4c06-b3bb-d2975ec16a95@group-E9C4DD6AFD65->dee4c762-71db-4d64-ab47-681bb437fd07-AppendLogResponseHandler: Failed appendEntries: org.apache.ratis.thirdparty.io.grpc.StatusRuntimeException: UNAVAILABLE: io exception
2019-09-23 17:22:55,844 [grpc-default-executor-18] INFO  impl.FollowerInfo (FollowerInfo.java:lambda$new$0(51)) - cf9188cb-18f1-4c06-b3bb-d2975ec16a95@group-E9C4DD6AFD65->dee4c762-71db-4d64-ab47-681bb437fd07: nextIndex: updateUnconditionally 0 -> 0
2019-09-23 17:22:55,855 [grpc-default-executor-11] WARN  server.GrpcLogAppender (LogUtils.java:warn(134)) - cf9188cb-18f1-4c06-b3bb-d2975ec16a95@group-E9C4DD6AFD65->75ab0a4d-5206-4350-91b3-4197023479e2-AppendLogResponseHandler: Failed appendEntries: org.apache.ratis.thirdparty.io.grpc.StatusRuntimeException: UNAVAILABLE: io exception
2019-09-23 17:22:55,855 [grpc-default-executor-11] INFO  impl.FollowerInfo (FollowerInfo.java:lambda$new$0(51)) - cf9188cb-18f1-4c06-b3bb-d2975ec16a95@group-E9C4DD6AFD65->75ab0a4d-5206-4350-91b3-4197023479e2: nextIndex: updateUnconditionally 10 -> 9
2019-09-23 17:22:56,205 [grpc-default-executor-11] WARN  server.GrpcLogAppender (LogUtils.java:warn(134)) - eaf7fe76-8f02-4367-a540-36f6b5b02da9@group-206EF5DB367B->d72208ce-2069-4651-9293-ddc837bc4e94-AppendLogResponseHandler: Failed appendEntries: org.apache.ratis.thirdparty.io.grpc.StatusRuntimeException: UNAVAILABLE: io exception
2019-09-23 17:22:56,205 [grpc-default-executor-11] INFO  impl.FollowerInfo (FollowerInfo.java:lambda$new$0(51)) - eaf7fe76-8f02-4367-a540-36f6b5b02da9@group-206EF5DB367B->d72208ce-2069-4651-9293-ddc837bc4e94: nextIndex: updateUnconditionally 0 -> 0
2019-09-23 17:22:56,225 [grpc-default-executor-20] WARN  server.GrpcLogAppender (LogUtils.java:warn(134)) - eaf7fe76-8f02-4367-a540-36f6b5b02da9@group-206EF5DB367B->8fb4cdab-c625-4313-be02-bfab5deacb6d-AppendLogResponseHandler: Failed appendEntries: org.apache.ratis.thirdparty.io.grpc.StatusRuntimeException: UNAVAILABLE: io exception
2019-09-23 17:22:56,225 [grpc-default-executor-20] INFO  impl.FollowerInfo (FollowerInfo.java:lambda$new$0(51)) - eaf7fe76-8f02-4367-a540-36f6b5b02da9@group-206EF5DB367B->8fb4cdab-c625-4313-be02-bfab5deacb6d: nextIndex: updateUnconditionally 0 -> 0
2019-09-23 17:22:56,345 [grpc-default-executor-20] WARN  server.GrpcLogAppender (LogUtils.java:warn(134)) - cf9188cb-18f1-4c06-b3bb-d2975ec16a95@group-E9C4DD6AFD65->dee4c762-71db-4d64-ab47-681bb437fd07-AppendLogResponseHandler: Failed appendEntries: org.apache.ratis.thirdparty.io.grpc.StatusRuntimeException: UNAVAILABLE: io exception
2019-09-23 17:22:56,346 [grpc-default-executor-20] INFO  impl.FollowerInfo (FollowerInfo.java:lambda$new$0(51)) - cf9188cb-18f1-4c06-b3bb-d2975ec16a95@group-E9C4DD6AFD65->dee4c762-71db-4d64-ab47-681bb437fd07: nextIndex: updateUnconditionally 0 -> 0
2019-09-23 17:22:56,355 [grpc-default-executor-18] WARN  server.GrpcLogAppender (LogUtils.java:warn(134)) - cf9188cb-18f1-4c06-b3bb-d2975ec16a95@group-E9C4DD6AFD65->75ab0a4d-5206-4350-91b3-4197023479e2-AppendLogResponseHandler: Failed appendEntries: org.apache.ratis.thirdparty.io.grpc.StatusRuntimeException: UNAVAILABLE: io exception
2019-09-23 17:22:56,355 [grpc-default-executor-18] INFO  impl.FollowerInfo (FollowerInfo.java:lambda$new$0(51)) - cf9188cb-18f1-4c06-b3bb-d2975ec16a95@group-E9C4DD6AFD65->75ab0a4d-5206-4350-91b3-4197023479e2: nextIndex: updateUnconditionally 9 -> 8
2019-09-23 17:22:56,705 [grpc-default-executor-11] WARN  server.GrpcLogAppender (LogUtils.java:warn(134)) - eaf7fe76-8f02-4367-a540-36f6b5b02da9@group-206EF5DB367B->d72208ce-2069-4651-9293-ddc837bc4e94-AppendLogResponseHandler: Failed appendEntries: org.apache.ratis.thirdparty.io.grpc.StatusRuntimeException: UNAVAILABLE: io exception
2019-09-23 17:22:56,706 [grpc-default-executor-11] INFO  impl.FollowerInfo (FollowerInfo.java:lambda$new$0(51)) - eaf7fe76-8f02-4367-a540-36f6b5b02da9@group-206EF5DB367B->d72208ce-2069-4651-9293-ddc837bc4e94: nextIndex: updateUnconditionally 0 -> 0
2019-09-23 17:22:56,725 [grpc-default-executor-20] WARN  server.GrpcLogAppender (LogUtils.java:warn(134)) - eaf7fe76-8f02-4367-a540-36f6b5b02da9@group-206EF5DB367B->8fb4cdab-c625-4313-be02-bfab5deacb6d-AppendLogResponseHandler: Failed appendEntries: org.apache.ratis.thirdparty.io.grpc.StatusRuntimeException: UNAVAILABLE: io exception
2019-09-23 17:22:56,725 [grpc-default-executor-20] INFO  impl.FollowerInfo (FollowerInfo.java:lambda$new$0(51)) - eaf7fe76-8f02-4367-a540-36f6b5b02da9@group-206EF5DB367B->8fb4cdab-c625-4313-be02-bfab5deacb6d: nextIndex: updateUnconditionally 0 -> 0
2019-09-23 17:22:56,847 [grpc-default-executor-20] WARN  server.GrpcLogAppender (LogUtils.java:warn(134)) - cf9188cb-18f1-4c06-b3bb-d2975ec16a95@group-E9C4DD6AFD65->dee4c762-71db-4d64-ab47-681bb437fd07-AppendLogResponseHandler: Failed appendEntries: org.apache.ratis.thirdparty.io.grpc.StatusRuntimeException: UNAVAILABLE: io exception
2019-09-23 17:22:56,848 [grpc-default-executor-20] INFO  impl.FollowerInfo (FollowerInfo.java:lambda$new$0(51)) - cf9188cb-18f1-4c06-b3bb-d2975ec16a95@group-E9C4DD6AFD65->dee4c762-71db-4d64-ab47-681bb437fd07: nextIndex: updateUnconditionally 0 -> 0
2019-09-23 17:22:56,855 [grpc-default-executor-11] WARN  server.GrpcLogAppender (LogUtils.java:warn(134)) - cf9188cb-18f1-4c06-b3bb-d2975ec16a95@group-E9C4DD6AFD65->75ab0a4d-5206-4350-91b3-4197023479e2-AppendLogResponseHandler: Failed appendEntries: org.apache.ratis.thirdparty.io.grpc.StatusRuntimeException: UNAVAILABLE: io exception
2019-09-23 17:22:56,855 [grpc-default-executor-11] INFO  impl.FollowerInfo (FollowerInfo.java:lambda$new$0(51)) - cf9188cb-18f1-4c06-b3bb-d2975ec16a95@group-E9C4DD6AFD65->75ab0a4d-5206-4350-91b3-4197023479e2: nextIndex: updateUnconditionally 8 -> 7
2019-09-23 17:22:57,206 [grpc-default-executor-11] WARN  server.GrpcLogAppender (LogUtils.java:warn(134)) - eaf7fe76-8f02-4367-a540-36f6b5b02da9@group-206EF5DB367B->d72208ce-2069-4651-9293-ddc837bc4e94-AppendLogResponseHandler: Failed appendEntries: org.apache.ratis.thirdparty.io.grpc.StatusRuntimeException: UNAVAILABLE: io exception
2019-09-23 17:22:57,207 [grpc-default-executor-11] INFO  impl.FollowerInfo (FollowerInfo.java:lambda$new$0(51)) - eaf7fe76-8f02-4367-a540-36f6b5b02da9@group-206EF5DB367B->d72208ce-2069-4651-9293-ddc837bc4e94: nextIndex: updateUnconditionally 0 -> 0
2019-09-23 17:22:57,225 [grpc-default-executor-20] WARN  server.GrpcLogAppender (LogUtils.java:warn(134)) - eaf7fe76-8f02-4367-a540-36f6b5b02da9@group-206EF5DB367B->8fb4cdab-c625-4313-be02-bfab5deacb6d-AppendLogResponseHandler: Failed appendEntries: org.apache.ratis.thirdparty.io.grpc.StatusRuntimeException: UNAVAILABLE: io exception
2019-09-23 17:22:57,226 [grpc-default-executor-20] INFO  impl.FollowerInfo (FollowerInfo.java:lambda$new$0(51)) - eaf7fe76-8f02-4367-a540-36f6b5b02da9@group-206EF5DB367B->8fb4cdab-c625-4313-be02-bfab5deacb6d: nextIndex: updateUnconditionally 0 -> 0
2019-09-23 17:22:57,346 [grpc-default-executor-18] WARN  server.GrpcLogAppender (LogUtils.java:warn(134)) - cf9188cb-18f1-4c06-b3bb-d2975ec16a95@group-E9C4DD6AFD65->dee4c762-71db-4d64-ab47-681bb437fd07-AppendLogResponseHandler: Failed appendEntries: org.apache.ratis.thirdparty.io.grpc.StatusRuntimeException: UNAVAILABLE: io exception
2019-09-23 17:22:57,347 [grpc-default-executor-18] INFO  impl.FollowerInfo (FollowerInfo.java:lambda$new$0(51)) - cf9188cb-18f1-4c06-b3bb-d2975ec16a95@group-E9C4DD6AFD65->dee4c762-71db-4d64-ab47-681bb437fd07: nextIndex: updateUnconditionally 0 -> 0
2019-09-23 17:22:57,355 [grpc-default-executor-11] WARN  server.GrpcLogAppender (LogUtils.java:warn(134)) - cf9188cb-18f1-4c06-b3bb-d2975ec16a95@group-E9C4DD6AFD65->75ab0a4d-5206-4350-91b3-4197023479e2-AppendLogResponseHandler: Failed appendEntries: org.apache.ratis.thirdparty.io.grpc.StatusRuntimeException: UNAVAILABLE: io exception
2019-09-23 17:22:57,356 [grpc-default-executor-11] INFO  impl.FollowerInfo (FollowerInfo.java:lambda$new$0(51)) - cf9188cb-18f1-4c06-b3bb-d2975ec16a95@group-E9C4DD6AFD65->75ab0a4d-5206-4350-91b3-4197023479e2: nextIndex: updateUnconditionally 7 -> 6
2019-09-23 17:22:57,706 [grpc-default-executor-20] WARN  server.GrpcLogAppender (LogUtils.java:warn(134)) - eaf7fe76-8f02-4367-a540-36f6b5b02da9@group-206EF5DB367B->d72208ce-2069-4651-9293-ddc837bc4e94-AppendLogResponseHandler: Failed appendEntries: org.apache.ratis.thirdparty.io.grpc.StatusRuntimeException: UNAVAILABLE: io exception
2019-09-23 17:22:57,707 [grpc-default-executor-20] INFO  impl.FollowerInfo (FollowerInfo.java:lambda$new$0(51)) - eaf7fe76-8f02-4367-a540-36f6b5b02da9@group-206EF5DB367B->d72208ce-2069-4651-9293-ddc837bc4e94: nextIndex: updateUnconditionally 0 -> 0
2019-09-23 17:22:57,726 [grpc-default-executor-18] WARN  server.GrpcLogAppender (LogUtils.java:warn(134)) - eaf7fe76-8f02-4367-a540-36f6b5b02da9@group-206EF5DB367B->8fb4cdab-c625-4313-be02-bfab5deacb6d-AppendLogResponseHandler: Failed appendEntries: org.apache.ratis.thirdparty.io.grpc.StatusRuntimeException: UNAVAILABLE: io exception
2019-09-23 17:22:57,726 [grpc-default-executor-18] INFO  impl.FollowerInfo (FollowerInfo.java:lambda$new$0(51)) - eaf7fe76-8f02-4367-a540-36f6b5b02da9@group-206EF5DB367B->8fb4cdab-c625-4313-be02-bfab5deacb6d: nextIndex: updateUnconditionally 0 -> 0
2019-09-23 17:22:57,847 [grpc-default-executor-11] WARN  server.GrpcLogAppender (LogUtils.java:warn(134)) - cf9188cb-18f1-4c06-b3bb-d2975ec16a95@group-E9C4DD6AFD65->dee4c762-71db-4d64-ab47-681bb437fd07-AppendLogResponseHandler: Failed appendEntries: org.apache.ratis.thirdparty.io.grpc.StatusRuntimeException: UNAVAILABLE: io exception
2019-09-23 17:22:57,847 [grpc-default-executor-11] INFO  impl.FollowerInfo (FollowerInfo.java:lambda$new$0(51)) - cf9188cb-18f1-4c06-b3bb-d2975ec16a95@group-E9C4DD6AFD65->dee4c762-71db-4d64-ab47-681bb437fd07: nextIndex: updateUnconditionally 0 -> 0
2019-09-23 17:22:57,856 [grpc-default-executor-18] WARN  server.GrpcLogAppender (LogUtils.java:warn(134)) - cf9188cb-18f1-4c06-b3bb-d2975ec16a95@group-E9C4DD6AFD65->75ab0a4d-5206-4350-91b3-4197023479e2-AppendLogResponseHandler: Failed appendEntries: org.apache.ratis.thirdparty.io.grpc.StatusRuntimeException: UNAVAILABLE: io exception
2019-09-23 17:22:57,856 [grpc-default-executor-18] INFO  impl.FollowerInfo (FollowerInfo.java:lambda$new$0(51)) - cf9188cb-18f1-4c06-b3bb-d2975ec16a95@group-E9C4DD6AFD65->75ab0a4d-5206-4350-91b3-4197023479e2: nextIndex: updateUnconditionally 6 -> 5
2019-09-23 17:22:58,208 [grpc-default-executor-18] WARN  server.GrpcLogAppender (LogUtils.java:warn(134)) - eaf7fe76-8f02-4367-a540-36f6b5b02da9@group-206EF5DB367B->d72208ce-2069-4651-9293-ddc837bc4e94-AppendLogResponseHandler: Failed appendEntries: org.apache.ratis.thirdparty.io.grpc.StatusRuntimeException: UNAVAILABLE: io exception
2019-09-23 17:22:58,209 [grpc-default-executor-18] INFO  impl.FollowerInfo (FollowerInfo.java:lambda$new$0(51)) - eaf7fe76-8f02-4367-a540-36f6b5b02da9@group-206EF5DB367B->d72208ce-2069-4651-9293-ddc837bc4e94: nextIndex: updateUnconditionally 0 -> 0
2019-09-23 17:22:58,226 [grpc-default-executor-18] WARN  server.GrpcLogAppender (LogUtils.java:warn(134)) - eaf7fe76-8f02-4367-a540-36f6b5b02da9@group-206EF5DB367B->8fb4cdab-c625-4313-be02-bfab5deacb6d-AppendLogResponseHandler: Failed appendEntries: org.apache.ratis.thirdparty.io.grpc.StatusRuntimeException: UNAVAILABLE: io exception
2019-09-23 17:22:58,226 [grpc-default-executor-18] INFO  impl.FollowerInfo (FollowerInfo.java:lambda$new$0(51)) - eaf7fe76-8f02-4367-a540-36f6b5b02da9@group-206EF5DB367B->8fb4cdab-c625-4313-be02-bfab5deacb6d: nextIndex: updateUnconditionally 0 -> 0
2019-09-23 17:22:58,347 [grpc-default-executor-18] WARN  server.GrpcLogAppender (LogUtils.java:warn(134)) - cf9188cb-18f1-4c06-b3bb-d2975ec16a95@group-E9C4DD6AFD65->dee4c762-71db-4d64-ab47-681bb437fd07-AppendLogResponseHandler: Failed appendEntries: org.apache.ratis.thirdparty.io.grpc.StatusRuntimeException: UNAVAILABLE: io exception
2019-09-23 17:22:58,347 [grpc-default-executor-18] INFO  impl.FollowerInfo (FollowerInfo.java:lambda$new$0(51)) - cf9188cb-18f1-4c06-b3bb-d2975ec16a95@group-E9C4DD6AFD65->dee4c762-71db-4d64-ab47-681bb437fd07: nextIndex: updateUnconditionally 0 -> 0
2019-09-23 17:22:58,356 [grpc-default-executor-20] WARN  server.GrpcLogAppender (LogUtils.java:warn(134)) - cf9188cb-18f1-4c06-b3bb-d2975ec16a95@group-E9C4DD6AFD65->75ab0a4d-5206-4350-91b3-4197023479e2-AppendLogResponseHandler: Failed appendEntries: org.apache.ratis.thirdparty.io.grpc.StatusRuntimeException: UNAVAILABLE: io exception
2019-09-23 17:22:58,356 [grpc-default-executor-20] INFO  impl.FollowerInfo (FollowerInfo.java:lambda$new$0(51)) - cf9188cb-18f1-4c06-b3bb-d2975ec16a95@group-E9C4DD6AFD65->75ab0a4d-5206-4350-91b3-4197023479e2: nextIndex: updateUnconditionally 5 -> 4
2019-09-23 17:22:58,708 [grpc-default-executor-11] WARN  server.GrpcLogAppender (LogUtils.java:warn(134)) - eaf7fe76-8f02-4367-a540-36f6b5b02da9@group-206EF5DB367B->d72208ce-2069-4651-9293-ddc837bc4e94-AppendLogResponseHandler: Failed appendEntries: org.apache.ratis.thirdparty.io.grpc.StatusRuntimeException: UNAVAILABLE: io exception
2019-09-23 17:22:58,708 [grpc-default-executor-11] INFO  impl.FollowerInfo (FollowerInfo.java:lambda$new$0(51)) - eaf7fe76-8f02-4367-a540-36f6b5b02da9@group-206EF5DB367B->d72208ce-2069-4651-9293-ddc837bc4e94: nextIndex: updateUnconditionally 0 -> 0
2019-09-23 17:22:58,726 [grpc-default-executor-18] WARN  server.GrpcLogAppender (LogUtils.java:warn(134)) - eaf7fe76-8f02-4367-a540-36f6b5b02da9@group-206EF5DB367B->8fb4cdab-c625-4313-be02-bfab5deacb6d-AppendLogResponseHandler: Failed appendEntries: org.apache.ratis.thirdparty.io.grpc.StatusRuntimeException: UNAVAILABLE: io exception
2019-09-23 17:22:58,727 [grpc-default-executor-18] INFO  impl.FollowerInfo (FollowerInfo.java:lambda$new$0(51)) - eaf7fe76-8f02-4367-a540-36f6b5b02da9@group-206EF5DB367B->8fb4cdab-c625-4313-be02-bfab5deacb6d: nextIndex: updateUnconditionally 0 -> 0
2019-09-23 17:22:58,847 [grpc-default-executor-20] WARN  server.GrpcLogAppender (LogUtils.java:warn(134)) - cf9188cb-18f1-4c06-b3bb-d2975ec16a95@group-E9C4DD6AFD65->dee4c762-71db-4d64-ab47-681bb437fd07-AppendLogResponseHandler: Failed appendEntries: org.apache.ratis.thirdparty.io.grpc.StatusRuntimeException: UNAVAILABLE: io exception
2019-09-23 17:22:58,848 [grpc-default-executor-20] INFO  impl.FollowerInfo (FollowerInfo.java:lambda$new$0(51)) - cf9188cb-18f1-4c06-b3bb-d2975ec16a95@group-E9C4DD6AFD65->dee4c762-71db-4d64-ab47-681bb437fd07: nextIndex: updateUnconditionally 0 -> 0
2019-09-23 17:22:58,856 [grpc-default-executor-18] WARN  server.GrpcLogAppender (LogUtils.java:warn(134)) - cf9188cb-18f1-4c06-b3bb-d2975ec16a95@group-E9C4DD6AFD65->75ab0a4d-5206-4350-91b3-4197023479e2-AppendLogResponseHandler: Failed appendEntries: org.apache.ratis.thirdparty.io.grpc.StatusRuntimeException: UNAVAILABLE: io exception
2019-09-23 17:22:58,857 [grpc-default-executor-18] INFO  impl.FollowerInfo (FollowerInfo.java:lambda$new$0(51)) - cf9188cb-18f1-4c06-b3bb-d2975ec16a95@group-E9C4DD6AFD65->75ab0a4d-5206-4350-91b3-4197023479e2: nextIndex: updateUnconditionally 4 -> 3
2019-09-23 17:22:59,209 [grpc-default-executor-18] WARN  server.GrpcLogAppender (LogUtils.java:warn(134)) - eaf7fe76-8f02-4367-a540-36f6b5b02da9@group-206EF5DB367B->d72208ce-2069-4651-9293-ddc837bc4e94-AppendLogResponseHandler: Failed appendEntries: org.apache.ratis.thirdparty.io.grpc.StatusRuntimeException: UNAVAILABLE: io exception
2019-09-23 17:22:59,210 [grpc-default-executor-18] INFO  impl.FollowerInfo (FollowerInfo.java:lambda$new$0(51)) - eaf7fe76-8f02-4367-a540-36f6b5b02da9@group-206EF5DB367B->d72208ce-2069-4651-9293-ddc837bc4e94: nextIndex: updateUnconditionally 0 -> 0
2019-09-23 17:22:59,227 [grpc-default-executor-11] WARN  server.GrpcLogAppender (LogUtils.java:warn(134)) - eaf7fe76-8f02-4367-a540-36f6b5b02da9@group-206EF5DB367B->8fb4cdab-c625-4313-be02-bfab5deacb6d-AppendLogResponseHandler: Failed appendEntries: org.apache.ratis.thirdparty.io.grpc.StatusRuntimeException: UNAVAILABLE: io exception
2019-09-23 17:22:59,227 [grpc-default-executor-11] INFO  impl.FollowerInfo (FollowerInfo.java:lambda$new$0(51)) - eaf7fe76-8f02-4367-a540-36f6b5b02da9@group-206EF5DB367B->8fb4cdab-c625-4313-be02-bfab5deacb6d: nextIndex: updateUnconditionally 0 -> 0
2019-09-23 17:22:59,348 [grpc-default-executor-20] WARN  server.GrpcLogAppender (LogUtils.java:warn(134)) - cf9188cb-18f1-4c06-b3bb-d2975ec16a95@group-E9C4DD6AFD65->dee4c762-71db-4d64-ab47-681bb437fd07-AppendLogResponseHandler: Failed appendEntries: org.apache.ratis.thirdparty.io.grpc.StatusRuntimeException: UNAVAILABLE: io exception
2019-09-23 17:22:59,348 [grpc-default-executor-20] INFO  impl.FollowerInfo (FollowerInfo.java:lambda$new$0(51)) - cf9188cb-18f1-4c06-b3bb-d2975ec16a95@group-E9C4DD6AFD65->dee4c762-71db-4d64-ab47-681bb437fd07: nextIndex: updateUnconditionally 0 -> 0
2019-09-23 17:22:59,357 [grpc-default-executor-11] WARN  server.GrpcLogAppender (LogUtils.java:warn(134)) - cf9188cb-18f1-4c06-b3bb-d2975ec16a95@group-E9C4DD6AFD65->75ab0a4d-5206-4350-91b3-4197023479e2-AppendLogResponseHandler: Failed appendEntries: org.apache.ratis.thirdparty.io.grpc.StatusRuntimeException: UNAVAILABLE: io exception
2019-09-23 17:22:59,357 [grpc-default-executor-11] INFO  impl.FollowerInfo (FollowerInfo.java:lambda$new$0(51)) - cf9188cb-18f1-4c06-b3bb-d2975ec16a95@group-E9C4DD6AFD65->75ab0a4d-5206-4350-91b3-4197023479e2: nextIndex: updateUnconditionally 3 -> 2
2019-09-23 17:22:59,561 [main] INFO  ozoneimpl.OzoneContainer (OzoneContainer.java:stop(231)) - Attempting to stop container services.
2019-09-23 17:22:59,562 [main] INFO  impl.RaftServerProxy (RaftServerProxy.java:lambda$close$4(314)) - eaf7fe76-8f02-4367-a540-36f6b5b02da9: close
2019-09-23 17:22:59,563 [main] INFO  impl.RaftServerImpl (RaftServerImpl.java:lambda$shutdown$3(251)) - eaf7fe76-8f02-4367-a540-36f6b5b02da9@group-206EF5DB367B: shutdown
2019-09-23 17:22:59,563 [main] INFO  util.JmxRegister (JmxRegister.java:unregister(73)) - Successfully un-registered JMX Bean with object name Ratis:service=RaftServer,group=group-206EF5DB367B,id=eaf7fe76-8f02-4367-a540-36f6b5b02da9
2019-09-23 17:22:59,564 [main] INFO  impl.RoleInfo (RoleInfo.java:shutdownLeaderState(104)) - eaf7fe76-8f02-4367-a540-36f6b5b02da9: shutdown LeaderState
2019-09-23 17:22:59,572 [main] INFO  impl.PendingRequests (PendingRequests.java:sendNotLeaderResponses(202)) - eaf7fe76-8f02-4367-a540-36f6b5b02da9-PendingRequests: sendNotLeaderResponses
2019-09-23 17:22:59,573 [org.apache.ratis.server.impl.LogAppender$AppenderDaemon$$Lambda$610/359850170@7072025d] WARN  server.GrpcLogAppender (GrpcLogAppender.java:mayWait(143)) - eaf7fe76-8f02-4367-a540-36f6b5b02da9@group-206EF5DB367B->8fb4cdab-c625-4313-be02-bfab5deacb6d-GrpcLogAppender: Wait interrupted by java.lang.InterruptedException
2019-09-23 17:22:59,572 [org.apache.ratis.server.impl.LogAppender$AppenderDaemon$$Lambda$610/359850170@80d526d] WARN  server.GrpcLogAppender (GrpcLogAppender.java:mayWait(143)) - eaf7fe76-8f02-4367-a540-36f6b5b02da9@group-206EF5DB367B->d72208ce-2069-4651-9293-ddc837bc4e94-GrpcLogAppender: Wait interrupted by java.lang.InterruptedException
2019-09-23 17:22:59,573 [main] INFO  impl.StateMachineUpdater (StateMachineUpdater.java:stopAndJoin(125)) - eaf7fe76-8f02-4367-a540-36f6b5b02da9@group-206EF5DB367B-StateMachineUpdater: set stopIndex = 0
2019-09-23 17:22:59,574 [main] INFO  impl.RaftServerImpl (ServerState.java:close(385)) - eaf7fe76-8f02-4367-a540-36f6b5b02da9@group-206EF5DB367B: closes. applyIndex: 0
2019-09-23 17:22:59,575 [eaf7fe76-8f02-4367-a540-36f6b5b02da9@group-206EF5DB367B-SegmentedRaftLogWorker] INFO  segmented.SegmentedRaftLogWorker (SegmentedRaftLogWorker.java:run(313)) - eaf7fe76-8f02-4367-a540-36f6b5b02da9@group-206EF5DB367B-SegmentedRaftLogWorker was interrupted, exiting. There are 0 tasks remaining in the queue.
2019-09-23 17:22:59,577 [main] INFO  segmented.SegmentedRaftLogWorker (SegmentedRaftLogWorker.java:close(228)) - eaf7fe76-8f02-4367-a540-36f6b5b02da9@group-206EF5DB367B-SegmentedRaftLogWorker close()
2019-09-23 17:22:59,593 [main] INFO  impl.RaftServerImpl (RaftServerImpl.java:lambda$shutdown$3(251)) - eaf7fe76-8f02-4367-a540-36f6b5b02da9@group-AC63FB52AA23: shutdown
2019-09-23 17:22:59,594 [main] INFO  util.JmxRegister (JmxRegister.java:unregister(73)) - Successfully un-registered JMX Bean with object name Ratis:service=RaftServer,group=group-AC63FB52AA23,id=eaf7fe76-8f02-4367-a540-36f6b5b02da9
2019-09-23 17:22:59,594 [main] INFO  impl.RoleInfo (RoleInfo.java:shutdownLeaderState(104)) - eaf7fe76-8f02-4367-a540-36f6b5b02da9: shutdown LeaderState
2019-09-23 17:22:59,595 [main] INFO  impl.PendingRequests (PendingRequests.java:sendNotLeaderResponses(202)) - eaf7fe76-8f02-4367-a540-36f6b5b02da9-PendingRequests: sendNotLeaderResponses
2019-09-23 17:22:59,595 [ForkJoinPool.commonPool-worker-1] INFO  ozoneimpl.OzoneContainer (OzoneContainer.java:stop(231)) - Attempting to stop container services.
2019-09-23 17:22:59,595 [main] INFO  impl.StateMachineUpdater (StateMachineUpdater.java:stopAndJoin(125)) - eaf7fe76-8f02-4367-a540-36f6b5b02da9@group-AC63FB52AA23-StateMachineUpdater: set stopIndex = 0
2019-09-23 17:22:59,596 [ForkJoinPool.commonPool-worker-1] INFO  impl.RaftServerProxy (RaftServerProxy.java:lambda$close$4(314)) - cf9188cb-18f1-4c06-b3bb-d2975ec16a95: close
2019-09-23 17:22:59,596 [main] INFO  impl.RaftServerImpl (ServerState.java:close(385)) - eaf7fe76-8f02-4367-a540-36f6b5b02da9@group-AC63FB52AA23: closes. applyIndex: 0
2019-09-23 17:22:59,596 [ForkJoinPool.commonPool-worker-1] INFO  impl.RaftServerImpl (RaftServerImpl.java:lambda$shutdown$3(251)) - cf9188cb-18f1-4c06-b3bb-d2975ec16a95@group-E9C4DD6AFD65: shutdown
2019-09-23 17:22:59,596 [eaf7fe76-8f02-4367-a540-36f6b5b02da9@group-AC63FB52AA23-SegmentedRaftLogWorker] INFO  segmented.SegmentedRaftLogWorker (SegmentedRaftLogWorker.java:run(313)) - eaf7fe76-8f02-4367-a540-36f6b5b02da9@group-AC63FB52AA23-SegmentedRaftLogWorker was interrupted, exiting. There are 0 tasks remaining in the queue.
2019-09-23 17:22:59,596 [ForkJoinPool.commonPool-worker-1] INFO  util.JmxRegister (JmxRegister.java:unregister(73)) - Successfully un-registered JMX Bean with object name Ratis:service=RaftServer,group=group-E9C4DD6AFD65,id=cf9188cb-18f1-4c06-b3bb-d2975ec16a95
2019-09-23 17:22:59,597 [main] INFO  segmented.SegmentedRaftLogWorker (SegmentedRaftLogWorker.java:close(228)) - eaf7fe76-8f02-4367-a540-36f6b5b02da9@group-AC63FB52AA23-SegmentedRaftLogWorker close()
2019-09-23 17:22:59,597 [ForkJoinPool.commonPool-worker-1] INFO  impl.RoleInfo (RoleInfo.java:shutdownLeaderState(104)) - cf9188cb-18f1-4c06-b3bb-d2975ec16a95: shutdown LeaderState
2019-09-23 17:22:59,597 [main] INFO  server.GrpcService (GrpcService.java:closeImpl(164)) - eaf7fe76-8f02-4367-a540-36f6b5b02da9: shutdown server with port 44815 now
2019-09-23 17:22:59,603 [org.apache.ratis.server.impl.LogAppender$AppenderDaemon$$Lambda$610/359850170@12cd11ef] WARN  server.GrpcLogAppender (GrpcLogAppender.java:mayWait(143)) - cf9188cb-18f1-4c06-b3bb-d2975ec16a95@group-E9C4DD6AFD65->dee4c762-71db-4d64-ab47-681bb437fd07-GrpcLogAppender: Wait interrupted by java.lang.InterruptedException
2019-09-23 17:22:59,603 [org.apache.ratis.server.impl.LogAppender$AppenderDaemon$$Lambda$610/359850170@70683a5a] WARN  server.GrpcLogAppender (GrpcLogAppender.java:mayWait(143)) - cf9188cb-18f1-4c06-b3bb-d2975ec16a95@group-E9C4DD6AFD65->75ab0a4d-5206-4350-91b3-4197023479e2-GrpcLogAppender: Wait interrupted by java.lang.InterruptedException
2019-09-23 17:22:59,603 [ForkJoinPool.commonPool-worker-1] INFO  impl.PendingRequests (PendingRequests.java:sendNotLeaderResponses(202)) - cf9188cb-18f1-4c06-b3bb-d2975ec16a95-PendingRequests: sendNotLeaderResponses
2019-09-23 17:22:59,603 [main] INFO  server.GrpcService (GrpcService.java:closeImpl(172)) - eaf7fe76-8f02-4367-a540-36f6b5b02da9: shutdown server with port 44815 successfully
2019-09-23 17:22:59,606 [ForkJoinPool.commonPool-worker-1] INFO  impl.StateMachineUpdater (StateMachineUpdater.java:stopAndJoin(125)) - cf9188cb-18f1-4c06-b3bb-d2975ec16a95@group-E9C4DD6AFD65-StateMachineUpdater: set stopIndex = 12
2019-09-23 17:22:59,606 [cf9188cb-18f1-4c06-b3bb-d2975ec16a95@group-E9C4DD6AFD65-StateMachineUpdater] INFO  ratis.ContainerStateMachine (ContainerStateMachine.java:takeSnapshot(289)) - group-E9C4DD6AFD65: Taking a snapshot at:(t:5, i:8) file /workdir/hadoop-ozone/integration-test/target/test-dir/MiniOzoneClusterImpl-dc27b903-0525-47ea-8b09-60b958b4e498/datanode-4/data/ratis/4e06c42d-f4b9-4fdd-a2b3-e9c4dd6afd65/sm/snapshot.5_8
2019-09-23 17:22:59,610 [refreshUsed-/workdir/hadoop-ozone/integration-test/target/test-dir/MiniOzoneClusterImpl-dc27b903-0525-47ea-8b09-60b958b4e498/datanode-8/data/containers] WARN  fs.CachingGetSpaceUsed (CachingGetSpaceUsed.java:run(183)) - Thread Interrupted waiting to refresh disk information: sleep interrupted
2019-09-23 17:22:59,621 [cf9188cb-18f1-4c06-b3bb-d2975ec16a95@group-E9C4DD6AFD65-StateMachineUpdater] INFO  ratis.ContainerStateMachine (ContainerStateMachine.java:takeSnapshot(300)) - group-E9C4DD6AFD65: Finished taking a snapshot at:(t:5, i:8) file:/workdir/hadoop-ozone/integration-test/target/test-dir/MiniOzoneClusterImpl-dc27b903-0525-47ea-8b09-60b958b4e498/datanode-4/data/ratis/4e06c42d-f4b9-4fdd-a2b3-e9c4dd6afd65/sm/snapshot.5_8 time:14
2019-09-23 17:22:59,621 [cf9188cb-18f1-4c06-b3bb-d2975ec16a95@group-E9C4DD6AFD65-StateMachineUpdater] INFO  impl.StateMachineUpdater (StateMachineUpdater.java:takeSnapshot(258)) - cf9188cb-18f1-4c06-b3bb-d2975ec16a95@group-E9C4DD6AFD65-StateMachineUpdater: Took a snapshot at index 8
2019-09-23 17:22:59,622 [cf9188cb-18f1-4c06-b3bb-d2975ec16a95@group-E9C4DD6AFD65-StateMachineUpdater] INFO  impl.StateMachineUpdater (StateMachineUpdater.java:lambda$new$0(83)) - cf9188cb-18f1-4c06-b3bb-d2975ec16a95@group-E9C4DD6AFD65-StateMachineUpdater: snapshotIndex: updateIncreasingly -1 -> 8
2019-09-23 17:22:59,622 [cf9188cb-18f1-4c06-b3bb-d2975ec16a95@group-E9C4DD6AFD65-StateMachineUpdater] INFO  ratis.ContainerStateMachine (ContainerStateMachine.java:takeSnapshot(289)) - group-E9C4DD6AFD65: Taking a snapshot at:(t:5, i:8) file /workdir/hadoop-ozone/integration-test/target/test-dir/MiniOzoneClusterImpl-dc27b903-0525-47ea-8b09-60b958b4e498/datanode-4/data/ratis/4e06c42d-f4b9-4fdd-a2b3-e9c4dd6afd65/sm/snapshot.5_8
2019-09-23 17:22:59,625 [cf9188cb-18f1-4c06-b3bb-d2975ec16a95@group-E9C4DD6AFD65-StateMachineUpdater] INFO  ratis.ContainerStateMachine (ContainerStateMachine.java:takeSnapshot(300)) - group-E9C4DD6AFD65: Finished taking a snapshot at:(t:5, i:8) file:/workdir/hadoop-ozone/integration-test/target/test-dir/MiniOzoneClusterImpl-dc27b903-0525-47ea-8b09-60b958b4e498/datanode-4/data/ratis/4e06c42d-f4b9-4fdd-a2b3-e9c4dd6afd65/sm/snapshot.5_8 time:4
2019-09-23 17:22:59,625 [cf9188cb-18f1-4c06-b3bb-d2975ec16a95@group-E9C4DD6AFD65-StateMachineUpdater] INFO  impl.StateMachineUpdater (StateMachineUpdater.java:takeSnapshot(258)) - cf9188cb-18f1-4c06-b3bb-d2975ec16a95@group-E9C4DD6AFD65-StateMachineUpdater: Took a snapshot at index 8
2019-09-23 17:22:59,626 [cf9188cb-18f1-4c06-b3bb-d2975ec16a95@group-E9C4DD6AFD65-StateMachineUpdater] INFO  impl.StateMachineUpdater (StateMachineUpdater.java:lambda$new$0(83)) - cf9188cb-18f1-4c06-b3bb-d2975ec16a95@group-E9C4DD6AFD65-StateMachineUpdater: snapshotIndex: updateIncreasingly 8 -> 8
2019-09-23 17:22:59,626 [ForkJoinPool.commonPool-worker-1] INFO  impl.RaftServerImpl (ServerState.java:close(385)) - cf9188cb-18f1-4c06-b3bb-d2975ec16a95@group-E9C4DD6AFD65: closes. applyIndex: 12
2019-09-23 17:22:59,626 [cf9188cb-18f1-4c06-b3bb-d2975ec16a95@group-E9C4DD6AFD65-SegmentedRaftLogWorker] INFO  segmented.SegmentedRaftLogWorker (SegmentedRaftLogWorker.java:run(313)) - cf9188cb-18f1-4c06-b3bb-d2975ec16a95@group-E9C4DD6AFD65-SegmentedRaftLogWorker was interrupted, exiting. There are 0 tasks remaining in the queue.
2019-09-23 17:22:59,627 [ForkJoinPool.commonPool-worker-1] INFO  segmented.SegmentedRaftLogWorker (SegmentedRaftLogWorker.java:close(228)) - cf9188cb-18f1-4c06-b3bb-d2975ec16a95@group-E9C4DD6AFD65-SegmentedRaftLogWorker close()
2019-09-23 17:22:59,627 [ForkJoinPool.commonPool-worker-1] INFO  impl.RaftServerImpl (RaftServerImpl.java:lambda$shutdown$3(251)) - cf9188cb-18f1-4c06-b3bb-d2975ec16a95@group-5519F44A3E4A: shutdown
2019-09-23 17:22:59,627 [ForkJoinPool.commonPool-worker-1] INFO  util.JmxRegister (JmxRegister.java:unregister(73)) - Successfully un-registered JMX Bean with object name Ratis:service=RaftServer,group=group-5519F44A3E4A,id=cf9188cb-18f1-4c06-b3bb-d2975ec16a95
2019-09-23 17:22:59,628 [ForkJoinPool.commonPool-worker-1] INFO  impl.RoleInfo (RoleInfo.java:shutdownLeaderState(104)) - cf9188cb-18f1-4c06-b3bb-d2975ec16a95: shutdown LeaderState
2019-09-23 17:22:59,628 [ForkJoinPool.commonPool-worker-1] INFO  impl.PendingRequests (PendingRequests.java:sendNotLeaderResponses(202)) - cf9188cb-18f1-4c06-b3bb-d2975ec16a95-PendingRequests: sendNotLeaderResponses
2019-09-23 17:22:59,628 [ForkJoinPool.commonPool-worker-1] INFO  impl.StateMachineUpdater (StateMachineUpdater.java:stopAndJoin(125)) - cf9188cb-18f1-4c06-b3bb-d2975ec16a95@group-5519F44A3E4A-StateMachineUpdater: set stopIndex = 0
2019-09-23 17:22:59,628 [ForkJoinPool.commonPool-worker-1] INFO  impl.RaftServerImpl (ServerState.java:close(385)) - cf9188cb-18f1-4c06-b3bb-d2975ec16a95@group-5519F44A3E4A: closes. applyIndex: 0
2019-09-23 17:22:59,629 [cf9188cb-18f1-4c06-b3bb-d2975ec16a95@group-5519F44A3E4A-SegmentedRaftLogWorker] INFO  segmented.SegmentedRaftLogWorker (SegmentedRaftLogWorker.java:run(313)) - cf9188cb-18f1-4c06-b3bb-d2975ec16a95@group-5519F44A3E4A-SegmentedRaftLogWorker was interrupted, exiting. There are 0 tasks remaining in the queue.
2019-09-23 17:22:59,629 [ForkJoinPool.commonPool-worker-1] INFO  segmented.SegmentedRaftLogWorker (SegmentedRaftLogWorker.java:close(228)) - cf9188cb-18f1-4c06-b3bb-d2975ec16a95@group-5519F44A3E4A-SegmentedRaftLogWorker close()
2019-09-23 17:22:59,629 [ForkJoinPool.commonPool-worker-1] INFO  server.GrpcService (GrpcService.java:closeImpl(164)) - cf9188cb-18f1-4c06-b3bb-d2975ec16a95: shutdown server with port 35549 now
2019-09-23 17:22:59,630 [grpc-default-executor-18] WARN  client.GrpcClientProtocolService (LogUtils.java:warn(134)) - 1-UnorderedRequestStreamObserver1: onError: org.apache.ratis.thirdparty.io.grpc.StatusRuntimeException: CANCELLED: cancelled before receiving half close
2019-09-23 17:22:59,633 [ForkJoinPool.commonPool-worker-1] INFO  server.GrpcService (GrpcService.java:closeImpl(172)) - cf9188cb-18f1-4c06-b3bb-d2975ec16a95: shutdown server with port 35549 successfully
2019-09-23 17:22:59,637 [refreshUsed-/workdir/hadoop-ozone/integration-test/target/test-dir/MiniOzoneClusterImpl-dc27b903-0525-47ea-8b09-60b958b4e498/datanode-4/data/containers] WARN  fs.CachingGetSpaceUsed (CachingGetSpaceUsed.java:run(183)) - Thread Interrupted waiting to refresh disk information: sleep interrupted
2019-09-23 17:22:59,647 [main] INFO  utils.BackgroundService (BackgroundService.java:shutdown(148)) - Shutting down service BlockDeletingService
2019-09-23 17:22:59,650 [main] INFO  statemachine.DatanodeStateMachine (DatanodeStateMachine.java:stopDaemon(395)) - Ozone container server stopped.
2019-09-23 17:22:59,652 [main] INFO  handler.ContextHandler (ContextHandler.java:doStop(910)) - Stopped o.e.j.w.WebAppContext@7f426ddd{/,null,UNAVAILABLE}{/hddsDatanode}
2019-09-23 17:22:59,653 [main] INFO  server.AbstractConnector (AbstractConnector.java:doStop(318)) - Stopped ServerConnector@28e7bb31{HTTP/1.1,[http/1.1]}{0.0.0.0:0}
2019-09-23 17:22:59,654 [main] INFO  handler.ContextHandler (ContextHandler.java:doStop(910)) - Stopped o.e.j.s.ServletContextHandler@4f64d9cb{/static,jar:file:/home/user/.m2/repository/org/apache/hadoop/hadoop-hdds-container-service/0.5.0-SNAPSHOT/hadoop-hdds-container-service-0.5.0-SNAPSHOT.jar!/webapps/static,UNAVAILABLE}
2019-09-23 17:22:59,654 [main] INFO  handler.ContextHandler (ContextHandler.java:doStop(910)) - Stopped o.e.j.s.ServletContextHandler@55222ee9{/logs,file:///workdir/hadoop-ozone/integration-test/target/log,UNAVAILABLE}
2019-09-23 17:22:59,657 [ForkJoinPool.commonPool-worker-1] INFO  utils.BackgroundService (BackgroundService.java:shutdown(148)) - Shutting down service BlockDeletingService
2019-09-23 17:22:59,659 [ForkJoinPool.commonPool-worker-1] INFO  statemachine.DatanodeStateMachine (DatanodeStateMachine.java:stopDaemon(395)) - Ozone container server stopped.
2019-09-23 17:22:59,663 [ForkJoinPool.commonPool-worker-1] INFO  handler.ContextHandler (ContextHandler.java:doStop(910)) - Stopped o.e.j.w.WebAppContext@3af236d0{/,null,UNAVAILABLE}{/hddsDatanode}
2019-09-23 17:22:59,663 [ForkJoinPool.commonPool-worker-1] INFO  server.AbstractConnector (AbstractConnector.java:doStop(318)) - Stopped ServerConnector@23564dd2{HTTP/1.1,[http/1.1]}{0.0.0.0:0}
2019-09-23 17:22:59,665 [ForkJoinPool.commonPool-worker-1] INFO  handler.ContextHandler (ContextHandler.java:doStop(910)) - Stopped o.e.j.s.ServletContextHandler@250967f1{/static,jar:file:/home/user/.m2/repository/org/apache/hadoop/hadoop-hdds-container-service/0.5.0-SNAPSHOT/hadoop-hdds-container-service-0.5.0-SNAPSHOT.jar!/webapps/static,UNAVAILABLE}
2019-09-23 17:22:59,670 [ForkJoinPool.commonPool-worker-1] INFO  handler.ContextHandler (ContextHandler.java:doStop(910)) - Stopped o.e.j.s.ServletContextHandler@a056b26{/logs,file:///workdir/hadoop-ozone/integration-test/target/log,UNAVAILABLE}
2019-09-23 17:23:00,070 [Datanode State Machine Thread - 0] INFO  statemachine.DatanodeStateMachine (DatanodeStateMachine.java:lambda$startDaemon$0(350)) - Ozone container server started.
2019-09-23 17:23:00,328 [Datanode State Machine Thread - 0] INFO  statemachine.DatanodeStateMachine (DatanodeStateMachine.java:lambda$startDaemon$0(350)) - Ozone container server started.
2019-09-23 17:23:04,656 [main] INFO  ozoneimpl.OzoneContainer (OzoneContainer.java:stop(231)) - Attempting to stop container services.
2019-09-23 17:23:04,658 [main] INFO  impl.RaftServerProxy (RaftServerProxy.java:lambda$close$4(314)) - a41748ab-4e9a-4a99-a107-c015e4324edf: close
2019-09-23 17:23:04,658 [main] INFO  impl.RaftServerImpl (RaftServerImpl.java:lambda$shutdown$3(251)) - a41748ab-4e9a-4a99-a107-c015e4324edf@group-DF278A1D03E7: shutdown
2019-09-23 17:23:04,658 [main] INFO  util.JmxRegister (JmxRegister.java:unregister(73)) - Successfully un-registered JMX Bean with object name Ratis:service=RaftServer,group=group-DF278A1D03E7,id=a41748ab-4e9a-4a99-a107-c015e4324edf
2019-09-23 17:23:04,658 [main] INFO  impl.RoleInfo (RoleInfo.java:shutdownLeaderState(104)) - a41748ab-4e9a-4a99-a107-c015e4324edf: shutdown LeaderState
2019-09-23 17:23:04,666 [org.apache.ratis.server.impl.LogAppender$AppenderDaemon$$Lambda$610/359850170@3938d3] WARN  server.GrpcLogAppender (GrpcLogAppender.java:mayWait(143)) - a41748ab-4e9a-4a99-a107-c015e4324edf@group-DF278A1D03E7->16da575b-49d8-417e-9508-80525cac3dd0-GrpcLogAppender: Wait interrupted by java.lang.InterruptedException
2019-09-23 17:23:04,666 [main] INFO  impl.PendingRequests (PendingRequests.java:sendNotLeaderResponses(202)) - a41748ab-4e9a-4a99-a107-c015e4324edf-PendingRequests: sendNotLeaderResponses
2019-09-23 17:23:04,666 [org.apache.ratis.server.impl.LogAppender$AppenderDaemon$$Lambda$610/359850170@7f9305d6] WARN  server.GrpcLogAppender (GrpcLogAppender.java:mayWait(143)) - a41748ab-4e9a-4a99-a107-c015e4324edf@group-DF278A1D03E7->88a31ab1-6c68-496a-9143-f02147be1aed-GrpcLogAppender: Wait interrupted by java.lang.InterruptedException
2019-09-23 17:23:04,667 [main] INFO  impl.StateMachineUpdater (StateMachineUpdater.java:stopAndJoin(125)) - a41748ab-4e9a-4a99-a107-c015e4324edf@group-DF278A1D03E7-StateMachineUpdater: set stopIndex = 0
2019-09-23 17:23:04,667 [grpc-default-executor-11] INFO  server.GrpcServerProtocolService (GrpcServerProtocolService.java:onCompleted(113)) - 16da575b-49d8-417e-9508-80525cac3dd0: Completed APPEND_ENTRIES, lastRequest: a41748ab-4e9a-4a99-a107-c015e4324edf->16da575b-49d8-417e-9508-80525cac3dd0#75-t1, previous=(t:1, i:0), leaderCommit=0, initializing? false, entries: <empty>
2019-09-23 17:23:04,668 [main] INFO  impl.RaftServerImpl (ServerState.java:close(385)) - a41748ab-4e9a-4a99-a107-c015e4324edf@group-DF278A1D03E7: closes. applyIndex: 0
2019-09-23 17:23:04,667 [grpc-default-executor-20] INFO  server.GrpcServerProtocolService (GrpcServerProtocolService.java:onCompleted(113)) - 88a31ab1-6c68-496a-9143-f02147be1aed: Completed APPEND_ENTRIES, lastRequest: a41748ab-4e9a-4a99-a107-c015e4324edf->88a31ab1-6c68-496a-9143-f02147be1aed#75-t1, previous=(t:1, i:0), leaderCommit=0, initializing? false, entries: <empty>
2019-09-23 17:23:04,668 [a41748ab-4e9a-4a99-a107-c015e4324edf@group-DF278A1D03E7-SegmentedRaftLogWorker] INFO  segmented.SegmentedRaftLogWorker (SegmentedRaftLogWorker.java:run(313)) - a41748ab-4e9a-4a99-a107-c015e4324edf@group-DF278A1D03E7-SegmentedRaftLogWorker was interrupted, exiting. There are 0 tasks remaining in the queue.
2019-09-23 17:23:04,669 [grpc-default-executor-11] INFO  server.GrpcLogAppender (GrpcLogAppender.java:onCompleted(293)) - a41748ab-4e9a-4a99-a107-c015e4324edf@group-DF278A1D03E7->88a31ab1-6c68-496a-9143-f02147be1aed-AppendLogResponseHandler: follower responses appendEntries COMPLETED
2019-09-23 17:23:04,669 [grpc-default-executor-18] INFO  server.GrpcLogAppender (GrpcLogAppender.java:onCompleted(293)) - a41748ab-4e9a-4a99-a107-c015e4324edf@group-DF278A1D03E7->16da575b-49d8-417e-9508-80525cac3dd0-AppendLogResponseHandler: follower responses appendEntries COMPLETED
2019-09-23 17:23:04,669 [main] INFO  segmented.SegmentedRaftLogWorker (SegmentedRaftLogWorker.java:close(228)) - a41748ab-4e9a-4a99-a107-c015e4324edf@group-DF278A1D03E7-SegmentedRaftLogWorker close()
2019-09-23 17:23:04,669 [grpc-default-executor-18] INFO  impl.FollowerInfo (FollowerInfo.java:lambda$new$0(51)) - a41748ab-4e9a-4a99-a107-c015e4324edf@group-DF278A1D03E7->16da575b-49d8-417e-9508-80525cac3dd0: nextIndex: updateUnconditionally 1 -> 0
2019-09-23 17:23:04,669 [grpc-default-executor-11] INFO  impl.FollowerInfo (FollowerInfo.java:lambda$new$0(51)) - a41748ab-4e9a-4a99-a107-c015e4324edf@group-DF278A1D03E7->88a31ab1-6c68-496a-9143-f02147be1aed: nextIndex: updateUnconditionally 1 -> 0
2019-09-23 17:23:04,670 [main] INFO  impl.RaftServerImpl (RaftServerImpl.java:lambda$shutdown$3(251)) - a41748ab-4e9a-4a99-a107-c015e4324edf@group-5CE8CB43D6BF: shutdown
2019-09-23 17:23:04,670 [main] INFO  util.JmxRegister (JmxRegister.java:unregister(73)) - Successfully un-registered JMX Bean with object name Ratis:service=RaftServer,group=group-5CE8CB43D6BF,id=a41748ab-4e9a-4a99-a107-c015e4324edf
2019-09-23 17:23:04,670 [main] INFO  impl.RoleInfo (RoleInfo.java:shutdownLeaderState(104)) - a41748ab-4e9a-4a99-a107-c015e4324edf: shutdown LeaderState
2019-09-23 17:23:04,671 [main] INFO  impl.PendingRequests (PendingRequests.java:sendNotLeaderResponses(202)) - a41748ab-4e9a-4a99-a107-c015e4324edf-PendingRequests: sendNotLeaderResponses
2019-09-23 17:23:04,671 [ForkJoinPool.commonPool-worker-1] INFO  ozoneimpl.OzoneContainer (OzoneContainer.java:stop(231)) - Attempting to stop container services.
2019-09-23 17:23:04,671 [main] INFO  impl.StateMachineUpdater (StateMachineUpdater.java:stopAndJoin(125)) - a41748ab-4e9a-4a99-a107-c015e4324edf@group-5CE8CB43D6BF-StateMachineUpdater: set stopIndex = 0
2019-09-23 17:23:04,672 [ForkJoinPool.commonPool-worker-1] INFO  impl.RaftServerProxy (RaftServerProxy.java:lambda$close$4(314)) - 16da575b-49d8-417e-9508-80525cac3dd0: close
2019-09-23 17:23:04,672 [main] INFO  impl.RaftServerImpl (ServerState.java:close(385)) - a41748ab-4e9a-4a99-a107-c015e4324edf@group-5CE8CB43D6BF: closes. applyIndex: 0
2019-09-23 17:23:04,672 [ForkJoinPool.commonPool-worker-1] INFO  impl.RaftServerImpl (RaftServerImpl.java:lambda$shutdown$3(251)) - 16da575b-49d8-417e-9508-80525cac3dd0@group-DF278A1D03E7: shutdown
2019-09-23 17:23:04,673 [ForkJoinPool.commonPool-worker-1] INFO  util.JmxRegister (JmxRegister.java:unregister(73)) - Successfully un-registered JMX Bean with object name Ratis:service=RaftServer,group=group-DF278A1D03E7,id=16da575b-49d8-417e-9508-80525cac3dd0
2019-09-23 17:23:04,672 [a41748ab-4e9a-4a99-a107-c015e4324edf@group-5CE8CB43D6BF-SegmentedRaftLogWorker] INFO  segmented.SegmentedRaftLogWorker (SegmentedRaftLogWorker.java:run(313)) - a41748ab-4e9a-4a99-a107-c015e4324edf@group-5CE8CB43D6BF-SegmentedRaftLogWorker was interrupted, exiting. There are 0 tasks remaining in the queue.
2019-09-23 17:23:04,673 [ForkJoinPool.commonPool-worker-1] INFO  impl.RoleInfo (RoleInfo.java:shutdownFollowerState(121)) - 16da575b-49d8-417e-9508-80525cac3dd0: shutdown FollowerState
2019-09-23 17:23:04,673 [main] INFO  segmented.SegmentedRaftLogWorker (SegmentedRaftLogWorker.java:close(228)) - a41748ab-4e9a-4a99-a107-c015e4324edf@group-5CE8CB43D6BF-SegmentedRaftLogWorker close()
2019-09-23 17:23:04,673 [ForkJoinPool.commonPool-worker-1] INFO  impl.StateMachineUpdater (StateMachineUpdater.java:stopAndJoin(125)) - 16da575b-49d8-417e-9508-80525cac3dd0@group-DF278A1D03E7-StateMachineUpdater: set stopIndex = 0
2019-09-23 17:23:04,674 [Thread-3450] INFO  impl.FollowerState (FollowerState.java:run(115)) - 16da575b-49d8-417e-9508-80525cac3dd0: FollowerState was interrupted: java.lang.InterruptedException: sleep interrupted
2019-09-23 17:23:04,674 [main] INFO  server.GrpcService (GrpcService.java:closeImpl(164)) - a41748ab-4e9a-4a99-a107-c015e4324edf: shutdown server with port 45273 now
2019-09-23 17:23:04,674 [ForkJoinPool.commonPool-worker-1] INFO  impl.RaftServerImpl (ServerState.java:close(385)) - 16da575b-49d8-417e-9508-80525cac3dd0@group-DF278A1D03E7: closes. applyIndex: 0
2019-09-23 17:23:04,674 [main] INFO  server.GrpcService (GrpcService.java:closeImpl(172)) - a41748ab-4e9a-4a99-a107-c015e4324edf: shutdown server with port 45273 successfully
2019-09-23 17:23:04,674 [16da575b-49d8-417e-9508-80525cac3dd0@group-DF278A1D03E7-SegmentedRaftLogWorker] INFO  segmented.SegmentedRaftLogWorker (SegmentedRaftLogWorker.java:run(313)) - 16da575b-49d8-417e-9508-80525cac3dd0@group-DF278A1D03E7-SegmentedRaftLogWorker was interrupted, exiting. There are 0 tasks remaining in the queue.
2019-09-23 17:23:04,675 [ForkJoinPool.commonPool-worker-1] INFO  segmented.SegmentedRaftLogWorker (SegmentedRaftLogWorker.java:close(228)) - 16da575b-49d8-417e-9508-80525cac3dd0@group-DF278A1D03E7-SegmentedRaftLogWorker close()
2019-09-23 17:23:04,675 [ForkJoinPool.commonPool-worker-1] INFO  impl.RaftServerImpl (RaftServerImpl.java:lambda$shutdown$3(251)) - 16da575b-49d8-417e-9508-80525cac3dd0@group-DFD92C933887: shutdown
2019-09-23 17:23:04,676 [ForkJoinPool.commonPool-worker-1] INFO  util.JmxRegister (JmxRegister.java:unregister(73)) - Successfully un-registered JMX Bean with object name Ratis:service=RaftServer,group=group-DFD92C933887,id=16da575b-49d8-417e-9508-80525cac3dd0
2019-09-23 17:23:04,677 [ForkJoinPool.commonPool-worker-1] INFO  impl.RoleInfo (RoleInfo.java:shutdownLeaderState(104)) - 16da575b-49d8-417e-9508-80525cac3dd0: shutdown LeaderState
2019-09-23 17:23:04,677 [ForkJoinPool.commonPool-worker-1] INFO  impl.PendingRequests (PendingRequests.java:sendNotLeaderResponses(202)) - 16da575b-49d8-417e-9508-80525cac3dd0-PendingRequests: sendNotLeaderResponses
2019-09-23 17:23:04,677 [refreshUsed-/workdir/hadoop-ozone/integration-test/target/test-dir/MiniOzoneClusterImpl-dc27b903-0525-47ea-8b09-60b958b4e498/datanode-9/data/containers] WARN  fs.CachingGetSpaceUsed (CachingGetSpaceUsed.java:run(183)) - Thread Interrupted waiting to refresh disk information: sleep interrupted
2019-09-23 17:23:04,678 [ForkJoinPool.commonPool-worker-1] INFO  impl.StateMachineUpdater (StateMachineUpdater.java:stopAndJoin(125)) - 16da575b-49d8-417e-9508-80525cac3dd0@group-DFD92C933887-StateMachineUpdater: set stopIndex = 0
2019-09-23 17:23:04,679 [ForkJoinPool.commonPool-worker-1] INFO  impl.RaftServerImpl (ServerState.java:close(385)) - 16da575b-49d8-417e-9508-80525cac3dd0@group-DFD92C933887: closes. applyIndex: 0
2019-09-23 17:23:04,679 [16da575b-49d8-417e-9508-80525cac3dd0@group-DFD92C933887-SegmentedRaftLogWorker] INFO  segmented.SegmentedRaftLogWorker (SegmentedRaftLogWorker.java:run(313)) - 16da575b-49d8-417e-9508-80525cac3dd0@group-DFD92C933887-SegmentedRaftLogWorker was interrupted, exiting. There are 0 tasks remaining in the queue.
2019-09-23 17:23:04,680 [ForkJoinPool.commonPool-worker-1] INFO  segmented.SegmentedRaftLogWorker (SegmentedRaftLogWorker.java:close(228)) - 16da575b-49d8-417e-9508-80525cac3dd0@group-DFD92C933887-SegmentedRaftLogWorker close()
2019-09-23 17:23:04,680 [ForkJoinPool.commonPool-worker-1] INFO  server.GrpcService (GrpcService.java:closeImpl(164)) - 16da575b-49d8-417e-9508-80525cac3dd0: shutdown server with port 45728 now
2019-09-23 17:23:04,681 [ForkJoinPool.commonPool-worker-1] INFO  server.GrpcService (GrpcService.java:closeImpl(172)) - 16da575b-49d8-417e-9508-80525cac3dd0: shutdown server with port 45728 successfully
2019-09-23 17:23:04,684 [refreshUsed-/workdir/hadoop-ozone/integration-test/target/test-dir/MiniOzoneClusterImpl-dc27b903-0525-47ea-8b09-60b958b4e498/datanode-1/data/containers] WARN  fs.CachingGetSpaceUsed (CachingGetSpaceUsed.java:run(183)) - Thread Interrupted waiting to refresh disk information: sleep interrupted
2019-09-23 17:23:04,701 [main] INFO  utils.BackgroundService (BackgroundService.java:shutdown(148)) - Shutting down service BlockDeletingService
2019-09-23 17:23:04,703 [main] INFO  statemachine.DatanodeStateMachine (DatanodeStateMachine.java:stopDaemon(395)) - Ozone container server stopped.
2019-09-23 17:23:04,704 [ForkJoinPool.commonPool-worker-1] INFO  utils.BackgroundService (BackgroundService.java:shutdown(148)) - Shutting down service BlockDeletingService
2019-09-23 17:23:04,706 [ForkJoinPool.commonPool-worker-1] INFO  statemachine.DatanodeStateMachine (DatanodeStateMachine.java:stopDaemon(395)) - Ozone container server stopped.
2019-09-23 17:23:04,709 [main] INFO  handler.ContextHandler (ContextHandler.java:doStop(910)) - Stopped o.e.j.w.WebAppContext@4a9b3956{/,null,UNAVAILABLE}{/hddsDatanode}
2019-09-23 17:23:04,709 [ForkJoinPool.commonPool-worker-1] INFO  handler.ContextHandler (ContextHandler.java:doStop(910)) - Stopped o.e.j.w.WebAppContext@54247647{/,null,UNAVAILABLE}{/hddsDatanode}
2019-09-23 17:23:04,710 [main] INFO  server.AbstractConnector (AbstractConnector.java:doStop(318)) - Stopped ServerConnector@4217bce6{HTTP/1.1,[http/1.1]}{0.0.0.0:0}
2019-09-23 17:23:04,710 [ForkJoinPool.commonPool-worker-1] INFO  server.AbstractConnector (AbstractConnector.java:doStop(318)) - Stopped ServerConnector@4975dda1{HTTP/1.1,[http/1.1]}{0.0.0.0:0}
2019-09-23 17:23:04,710 [main] INFO  handler.ContextHandler (ContextHandler.java:doStop(910)) - Stopped o.e.j.s.ServletContextHandler@6bd92538{/static,jar:file:/home/user/.m2/repository/org/apache/hadoop/hadoop-hdds-container-service/0.5.0-SNAPSHOT/hadoop-hdds-container-service-0.5.0-SNAPSHOT.jar!/webapps/static,UNAVAILABLE}
2019-09-23 17:23:04,712 [ForkJoinPool.commonPool-worker-1] INFO  handler.ContextHandler (ContextHandler.java:doStop(910)) - Stopped o.e.j.s.ServletContextHandler@5ed0b4e3{/static,jar:file:/home/user/.m2/repository/org/apache/hadoop/hadoop-hdds-container-service/0.5.0-SNAPSHOT/hadoop-hdds-container-service-0.5.0-SNAPSHOT.jar!/webapps/static,UNAVAILABLE}
2019-09-23 17:23:04,712 [main] INFO  handler.ContextHandler (ContextHandler.java:doStop(910)) - Stopped o.e.j.s.ServletContextHandler@7f51f588{/logs,file:///workdir/hadoop-ozone/integration-test/target/log,UNAVAILABLE}
2019-09-23 17:23:04,714 [ForkJoinPool.commonPool-worker-1] INFO  handler.ContextHandler (ContextHandler.java:doStop(910)) - Stopped o.e.j.s.ServletContextHandler@4ea1aa52{/logs,file:///workdir/hadoop-ozone/integration-test/target/log,UNAVAILABLE}
2019-09-23 17:23:05,074 [Datanode State Machine Thread - 0] INFO  statemachine.DatanodeStateMachine (DatanodeStateMachine.java:lambda$startDaemon$0(350)) - Ozone container server started.
2019-09-23 17:23:06,399 [Thread-3451] INFO  impl.FollowerState (FollowerState.java:run(106)) - 88a31ab1-6c68-496a-9143-f02147be1aed:group-DF278A1D03E7 changes to CANDIDATE, lastRpcTime:2118, electionTimeout:1192ms
2019-09-23 17:23:06,400 [Thread-3451] INFO  impl.RoleInfo (RoleInfo.java:shutdownFollowerState(121)) - 88a31ab1-6c68-496a-9143-f02147be1aed: shutdown FollowerState
2019-09-23 17:23:06,400 [Thread-3451] INFO  impl.RaftServerImpl (RaftServerImpl.java:setRole(174)) - 88a31ab1-6c68-496a-9143-f02147be1aed@group-DF278A1D03E7: changes role from  FOLLOWER to CANDIDATE at term 1 for changeToCandidate
2019-09-23 17:23:06,400 [Thread-3451] INFO  impl.RoleInfo (RoleInfo.java:updateAndGet(143)) - 88a31ab1-6c68-496a-9143-f02147be1aed: start LeaderElection
2019-09-23 17:23:06,401 [88a31ab1-6c68-496a-9143-f02147be1aed@group-DF278A1D03E7:LeaderElection150] INFO  impl.RaftServerImpl (ServerState.java:setLeader(253)) - 88a31ab1-6c68-496a-9143-f02147be1aed@group-DF278A1D03E7: change Leader from a41748ab-4e9a-4a99-a107-c015e4324edf to null at term 1 for initElection
2019-09-23 17:23:09,349 [88a31ab1-6c68-496a-9143-f02147be1aed@group-DF278A1D03E7:LeaderElection150] INFO  impl.LeaderElection (LeaderElection.java:askForVotes(182)) - 88a31ab1-6c68-496a-9143-f02147be1aed@group-DF278A1D03E7:LeaderElection150: begin an election at term 2 for 0: [a41748ab-4e9a-4a99-a107-c015e4324edf:192.168.34.14:45273, 88a31ab1-6c68-496a-9143-f02147be1aed:192.168.34.14:38082, 16da575b-49d8-417e-9508-80525cac3dd0:192.168.34.14:45728], old=null
2019-09-23 17:23:09,357 [88a31ab1-6c68-496a-9143-f02147be1aed@group-DF278A1D03E7:LeaderElection150] INFO  impl.LeaderElection (LogUtils.java:infoOrTrace(149)) - 88a31ab1-6c68-496a-9143-f02147be1aed@group-DF278A1D03E7:LeaderElection150 got exception when requesting votes: {}
java.util.concurrent.ExecutionException: org.apache.ratis.thirdparty.io.grpc.StatusRuntimeException: UNAVAILABLE: io exception
	at java.util.concurrent.FutureTask.report(FutureTask.java:122)
	at java.util.concurrent.FutureTask.get(FutureTask.java:192)
	at org.apache.ratis.server.impl.LeaderElection.waitForResults(LeaderElection.java:263)
	at org.apache.ratis.server.impl.LeaderElection.askForVotes(LeaderElection.java:201)
	at org.apache.ratis.server.impl.LeaderElection.run(LeaderElection.java:133)
	at java.lang.Thread.run(Thread.java:748)
Caused by: org.apache.ratis.thirdparty.io.grpc.StatusRuntimeException: UNAVAILABLE: io exception
	at org.apache.ratis.thirdparty.io.grpc.stub.ClientCalls.toStatusRuntimeException(ClientCalls.java:233)
	at org.apache.ratis.thirdparty.io.grpc.stub.ClientCalls.getUnchecked(ClientCalls.java:214)
	at org.apache.ratis.thirdparty.io.grpc.stub.ClientCalls.blockingUnaryCall(ClientCalls.java:139)
	at org.apache.ratis.proto.grpc.RaftServerProtocolServiceGrpc$RaftServerProtocolServiceBlockingStub.requestVote(RaftServerProtocolServiceGrpc.java:265)
	at org.apache.ratis.grpc.server.GrpcServerProtocolClient.requestVote(GrpcServerProtocolClient.java:90)
	at org.apache.ratis.grpc.server.GrpcService.requestVote(GrpcService.java:204)
	at org.apache.ratis.server.impl.LeaderElection.lambda$submitRequests$1(LeaderElection.java:238)
	at java.util.concurrent.FutureTask.run(FutureTask.java:266)
	at java.util.concurrent.Executors$RunnableAdapter.call(Executors.java:511)
	at java.util.concurrent.FutureTask.run(FutureTask.java:266)
	at java.util.concurrent.ThreadPoolExecutor.runWorker(ThreadPoolExecutor.java:1149)
	at java.util.concurrent.ThreadPoolExecutor$Worker.run(ThreadPoolExecutor.java:624)
	... 1 more
Caused by: org.apache.ratis.thirdparty.io.netty.channel.AbstractChannel$AnnotatedConnectException: Connection refused: /192.168.34.14:45728
	at sun.nio.ch.SocketChannelImpl.checkConnect(Native Method)
	at sun.nio.ch.SocketChannelImpl.finishConnect(SocketChannelImpl.java:717)
	at org.apache.ratis.thirdparty.io.netty.channel.socket.nio.NioSocketChannel.doFinishConnect(NioSocketChannel.java:327)
	at org.apache.ratis.thirdparty.io.netty.channel.nio.AbstractNioChannel$AbstractNioUnsafe.finishConnect(AbstractNioChannel.java:340)
	at org.apache.ratis.thirdparty.io.netty.channel.nio.NioEventLoop.processSelectedKey(NioEventLoop.java:632)
	at org.apache.ratis.thirdparty.io.netty.channel.nio.NioEventLoop.processSelectedKeysOptimized(NioEventLoop.java:579)
	at org.apache.ratis.thirdparty.io.netty.channel.nio.NioEventLoop.processSelectedKeys(NioEventLoop.java:496)
	at org.apache.ratis.thirdparty.io.netty.channel.nio.NioEventLoop.run(NioEventLoop.java:458)
	at org.apache.ratis.thirdparty.io.netty.util.concurrent.SingleThreadEventExecutor$5.run(SingleThreadEventExecutor.java:897)
	at org.apache.ratis.thirdparty.io.netty.util.concurrent.FastThreadLocalRunnable.run(FastThreadLocalRunnable.java:30)
	... 1 more
Caused by: java.net.ConnectException: Connection refused
	... 11 more
2019-09-23 17:23:09,360 [88a31ab1-6c68-496a-9143-f02147be1aed@group-DF278A1D03E7:LeaderElection150] INFO  impl.LeaderElection (LogUtils.java:infoOrTrace(149)) - 88a31ab1-6c68-496a-9143-f02147be1aed@group-DF278A1D03E7:LeaderElection150 got exception when requesting votes: {}
java.util.concurrent.ExecutionException: org.apache.ratis.thirdparty.io.grpc.StatusRuntimeException: UNAVAILABLE: io exception
	at java.util.concurrent.FutureTask.report(FutureTask.java:122)
	at java.util.concurrent.FutureTask.get(FutureTask.java:192)
	at org.apache.ratis.server.impl.LeaderElection.waitForResults(LeaderElection.java:263)
	at org.apache.ratis.server.impl.LeaderElection.askForVotes(LeaderElection.java:201)
	at org.apache.ratis.server.impl.LeaderElection.run(LeaderElection.java:133)
	at java.lang.Thread.run(Thread.java:748)
Caused by: org.apache.ratis.thirdparty.io.grpc.StatusRuntimeException: UNAVAILABLE: io exception
	at org.apache.ratis.thirdparty.io.grpc.stub.ClientCalls.toStatusRuntimeException(ClientCalls.java:233)
	at org.apache.ratis.thirdparty.io.grpc.stub.ClientCalls.getUnchecked(ClientCalls.java:214)
	at org.apache.ratis.thirdparty.io.grpc.stub.ClientCalls.blockingUnaryCall(ClientCalls.java:139)
	at org.apache.ratis.proto.grpc.RaftServerProtocolServiceGrpc$RaftServerProtocolServiceBlockingStub.requestVote(RaftServerProtocolServiceGrpc.java:265)
	at org.apache.ratis.grpc.server.GrpcServerProtocolClient.requestVote(GrpcServerProtocolClient.java:90)
	at org.apache.ratis.grpc.server.GrpcService.requestVote(GrpcService.java:204)
	at org.apache.ratis.server.impl.LeaderElection.lambda$submitRequests$1(LeaderElection.java:238)
	at java.util.concurrent.FutureTask.run(FutureTask.java:266)
	at java.util.concurrent.Executors$RunnableAdapter.call(Executors.java:511)
	at java.util.concurrent.FutureTask.run(FutureTask.java:266)
	at java.util.concurrent.ThreadPoolExecutor.runWorker(ThreadPoolExecutor.java:1149)
	at java.util.concurrent.ThreadPoolExecutor$Worker.run(ThreadPoolExecutor.java:624)
	... 1 more
Caused by: org.apache.ratis.thirdparty.io.netty.channel.AbstractChannel$AnnotatedConnectException: Connection refused: /192.168.34.14:45273
	at sun.nio.ch.SocketChannelImpl.checkConnect(Native Method)
	at sun.nio.ch.SocketChannelImpl.finishConnect(SocketChannelImpl.java:717)
	at org.apache.ratis.thirdparty.io.netty.channel.socket.nio.NioSocketChannel.doFinishConnect(NioSocketChannel.java:327)
	at org.apache.ratis.thirdparty.io.netty.channel.nio.AbstractNioChannel$AbstractNioUnsafe.finishConnect(AbstractNioChannel.java:340)
	at org.apache.ratis.thirdparty.io.netty.channel.nio.NioEventLoop.processSelectedKey(NioEventLoop.java:632)
	at org.apache.ratis.thirdparty.io.netty.channel.nio.NioEventLoop.processSelectedKeysOptimized(NioEventLoop.java:579)
	at org.apache.ratis.thirdparty.io.netty.channel.nio.NioEventLoop.processSelectedKeys(NioEventLoop.java:496)
	at org.apache.ratis.thirdparty.io.netty.channel.nio.NioEventLoop.run(NioEventLoop.java:458)
	at org.apache.ratis.thirdparty.io.netty.util.concurrent.SingleThreadEventExecutor$5.run(SingleThreadEventExecutor.java:897)
	at org.apache.ratis.thirdparty.io.netty.util.concurrent.FastThreadLocalRunnable.run(FastThreadLocalRunnable.java:30)
	... 1 more
Caused by: java.net.ConnectException: Connection refused
	... 11 more
2019-09-23 17:23:09,362 [88a31ab1-6c68-496a-9143-f02147be1aed@group-DF278A1D03E7:LeaderElection150] INFO  impl.LeaderElection (LeaderElection.java:logAndReturn(56)) - 88a31ab1-6c68-496a-9143-f02147be1aed@group-DF278A1D03E7:LeaderElection150: Election REJECTED; received 0 response(s) [] and 2 exception(s); 88a31ab1-6c68-496a-9143-f02147be1aed@group-DF278A1D03E7:t2, leader=null, voted=88a31ab1-6c68-496a-9143-f02147be1aed, raftlog=88a31ab1-6c68-496a-9143-f02147be1aed@group-DF278A1D03E7-SegmentedRaftLog:OPENED:c0,f0,i0, conf=0: [a41748ab-4e9a-4a99-a107-c015e4324edf:192.168.34.14:45273, 88a31ab1-6c68-496a-9143-f02147be1aed:192.168.34.14:38082, 16da575b-49d8-417e-9508-80525cac3dd0:192.168.34.14:45728], old=null
2019-09-23 17:23:09,363 [88a31ab1-6c68-496a-9143-f02147be1aed@group-DF278A1D03E7:LeaderElection150] INFO  impl.LeaderElection (LogUtils.java:infoOrTrace(149)) -   Exception 0: {}
java.util.concurrent.ExecutionException: org.apache.ratis.thirdparty.io.grpc.StatusRuntimeException: UNAVAILABLE: io exception
	at java.util.concurrent.FutureTask.report(FutureTask.java:122)
	at java.util.concurrent.FutureTask.get(FutureTask.java:192)
	at org.apache.ratis.server.impl.LeaderElection.waitForResults(LeaderElection.java:263)
	at org.apache.ratis.server.impl.LeaderElection.askForVotes(LeaderElection.java:201)
	at org.apache.ratis.server.impl.LeaderElection.run(LeaderElection.java:133)
	at java.lang.Thread.run(Thread.java:748)
Caused by: org.apache.ratis.thirdparty.io.grpc.StatusRuntimeException: UNAVAILABLE: io exception
	at org.apache.ratis.thirdparty.io.grpc.stub.ClientCalls.toStatusRuntimeException(ClientCalls.java:233)
	at org.apache.ratis.thirdparty.io.grpc.stub.ClientCalls.getUnchecked(ClientCalls.java:214)
	at org.apache.ratis.thirdparty.io.grpc.stub.ClientCalls.blockingUnaryCall(ClientCalls.java:139)
	at org.apache.ratis.proto.grpc.RaftServerProtocolServiceGrpc$RaftServerProtocolServiceBlockingStub.requestVote(RaftServerProtocolServiceGrpc.java:265)
	at org.apache.ratis.grpc.server.GrpcServerProtocolClient.requestVote(GrpcServerProtocolClient.java:90)
	at org.apache.ratis.grpc.server.GrpcService.requestVote(GrpcService.java:204)
	at org.apache.ratis.server.impl.LeaderElection.lambda$submitRequests$1(LeaderElection.java:238)
	at java.util.concurrent.FutureTask.run(FutureTask.java:266)
	at java.util.concurrent.Executors$RunnableAdapter.call(Executors.java:511)
	at java.util.concurrent.FutureTask.run(FutureTask.java:266)
	at java.util.concurrent.ThreadPoolExecutor.runWorker(ThreadPoolExecutor.java:1149)
	at java.util.concurrent.ThreadPoolExecutor$Worker.run(ThreadPoolExecutor.java:624)
	... 1 more
Caused by: org.apache.ratis.thirdparty.io.netty.channel.AbstractChannel$AnnotatedConnectException: Connection refused: /192.168.34.14:45728
	at sun.nio.ch.SocketChannelImpl.checkConnect(Native Method)
	at sun.nio.ch.SocketChannelImpl.finishConnect(SocketChannelImpl.java:717)
	at org.apache.ratis.thirdparty.io.netty.channel.socket.nio.NioSocketChannel.doFinishConnect(NioSocketChannel.java:327)
	at org.apache.ratis.thirdparty.io.netty.channel.nio.AbstractNioChannel$AbstractNioUnsafe.finishConnect(AbstractNioChannel.java:340)
	at org.apache.ratis.thirdparty.io.netty.channel.nio.NioEventLoop.processSelectedKey(NioEventLoop.java:632)
	at org.apache.ratis.thirdparty.io.netty.channel.nio.NioEventLoop.processSelectedKeysOptimized(NioEventLoop.java:579)
	at org.apache.ratis.thirdparty.io.netty.channel.nio.NioEventLoop.processSelectedKeys(NioEventLoop.java:496)
	at org.apache.ratis.thirdparty.io.netty.channel.nio.NioEventLoop.run(NioEventLoop.java:458)
	at org.apache.ratis.thirdparty.io.netty.util.concurrent.SingleThreadEventExecutor$5.run(SingleThreadEventExecutor.java:897)
	at org.apache.ratis.thirdparty.io.netty.util.concurrent.FastThreadLocalRunnable.run(FastThreadLocalRunnable.java:30)
	... 1 more
Caused by: java.net.ConnectException: Connection refused
	... 11 more
2019-09-23 17:23:09,363 [88a31ab1-6c68-496a-9143-f02147be1aed@group-DF278A1D03E7:LeaderElection150] INFO  impl.LeaderElection (LogUtils.java:infoOrTrace(149)) -   Exception 1: {}
java.util.concurrent.ExecutionException: org.apache.ratis.thirdparty.io.grpc.StatusRuntimeException: UNAVAILABLE: io exception
	at java.util.concurrent.FutureTask.report(FutureTask.java:122)
	at java.util.concurrent.FutureTask.get(FutureTask.java:192)
	at org.apache.ratis.server.impl.LeaderElection.waitForResults(LeaderElection.java:263)
	at org.apache.ratis.server.impl.LeaderElection.askForVotes(LeaderElection.java:201)
	at org.apache.ratis.server.impl.LeaderElection.run(LeaderElection.java:133)
	at java.lang.Thread.run(Thread.java:748)
Caused by: org.apache.ratis.thirdparty.io.grpc.StatusRuntimeException: UNAVAILABLE: io exception
	at org.apache.ratis.thirdparty.io.grpc.stub.ClientCalls.toStatusRuntimeException(ClientCalls.java:233)
	at org.apache.ratis.thirdparty.io.grpc.stub.ClientCalls.getUnchecked(ClientCalls.java:214)
	at org.apache.ratis.thirdparty.io.grpc.stub.ClientCalls.blockingUnaryCall(ClientCalls.java:139)
	at org.apache.ratis.proto.grpc.RaftServerProtocolServiceGrpc$RaftServerProtocolServiceBlockingStub.requestVote(RaftServerProtocolServiceGrpc.java:265)
	at org.apache.ratis.grpc.server.GrpcServerProtocolClient.requestVote(GrpcServerProtocolClient.java:90)
	at org.apache.ratis.grpc.server.GrpcService.requestVote(GrpcService.java:204)
	at org.apache.ratis.server.impl.LeaderElection.lambda$submitRequests$1(LeaderElection.java:238)
	at java.util.concurrent.FutureTask.run(FutureTask.java:266)
	at java.util.concurrent.Executors$RunnableAdapter.call(Executors.java:511)
	at java.util.concurrent.FutureTask.run(FutureTask.java:266)
	at java.util.concurrent.ThreadPoolExecutor.runWorker(ThreadPoolExecutor.java:1149)
	at java.util.concurrent.ThreadPoolExecutor$Worker.run(ThreadPoolExecutor.java:624)
	... 1 more
Caused by: org.apache.ratis.thirdparty.io.netty.channel.AbstractChannel$AnnotatedConnectException: Connection refused: /192.168.34.14:45273
	at sun.nio.ch.SocketChannelImpl.checkConnect(Native Method)
	at sun.nio.ch.SocketChannelImpl.finishConnect(SocketChannelImpl.java:717)
	at org.apache.ratis.thirdparty.io.netty.channel.socket.nio.NioSocketChannel.doFinishConnect(NioSocketChannel.java:327)
	at org.apache.ratis.thirdparty.io.netty.channel.nio.AbstractNioChannel$AbstractNioUnsafe.finishConnect(AbstractNioChannel.java:340)
	at org.apache.ratis.thirdparty.io.netty.channel.nio.NioEventLoop.processSelectedKey(NioEventLoop.java:632)
	at org.apache.ratis.thirdparty.io.netty.channel.nio.NioEventLoop.processSelectedKeysOptimized(NioEventLoop.java:579)
	at org.apache.ratis.thirdparty.io.netty.channel.nio.NioEventLoop.processSelectedKeys(NioEventLoop.java:496)
	at org.apache.ratis.thirdparty.io.netty.channel.nio.NioEventLoop.run(NioEventLoop.java:458)
	at org.apache.ratis.thirdparty.io.netty.util.concurrent.SingleThreadEventExecutor$5.run(SingleThreadEventExecutor.java:897)
	at org.apache.ratis.thirdparty.io.netty.util.concurrent.FastThreadLocalRunnable.run(FastThreadLocalRunnable.java:30)
	... 1 more
Caused by: java.net.ConnectException: Connection refused
	... 11 more
2019-09-23 17:23:09,363 [88a31ab1-6c68-496a-9143-f02147be1aed@group-DF278A1D03E7:LeaderElection150] INFO  impl.RaftServerImpl (RaftServerImpl.java:setRole(174)) - 88a31ab1-6c68-496a-9143-f02147be1aed@group-DF278A1D03E7: changes role from CANDIDATE to FOLLOWER at term 2 for DISCOVERED_A_NEW_TERM
2019-09-23 17:23:09,363 [88a31ab1-6c68-496a-9143-f02147be1aed@group-DF278A1D03E7:LeaderElection150] INFO  impl.RoleInfo (RoleInfo.java:shutdownLeaderElection(134)) - 88a31ab1-6c68-496a-9143-f02147be1aed: shutdown LeaderElection
2019-09-23 17:23:09,364 [88a31ab1-6c68-496a-9143-f02147be1aed@group-DF278A1D03E7:LeaderElection150] INFO  impl.RoleInfo (RoleInfo.java:updateAndGet(143)) - 88a31ab1-6c68-496a-9143-f02147be1aed: start FollowerState
2019-09-23 17:23:09,718 [main] INFO  ozoneimpl.OzoneContainer (OzoneContainer.java:stop(231)) - Attempting to stop container services.
2019-09-23 17:23:09,719 [main] INFO  impl.RaftServerProxy (RaftServerProxy.java:lambda$close$4(314)) - 88a31ab1-6c68-496a-9143-f02147be1aed: close
2019-09-23 17:23:09,719 [main] INFO  impl.RaftServerImpl (RaftServerImpl.java:lambda$shutdown$3(251)) - 88a31ab1-6c68-496a-9143-f02147be1aed@group-DF278A1D03E7: shutdown
2019-09-23 17:23:09,719 [main] INFO  util.JmxRegister (JmxRegister.java:unregister(73)) - Successfully un-registered JMX Bean with object name Ratis:service=RaftServer,group=group-DF278A1D03E7,id=88a31ab1-6c68-496a-9143-f02147be1aed
2019-09-23 17:23:09,720 [main] INFO  impl.RoleInfo (RoleInfo.java:shutdownFollowerState(121)) - 88a31ab1-6c68-496a-9143-f02147be1aed: shutdown FollowerState
2019-09-23 17:23:09,720 [main] INFO  impl.StateMachineUpdater (StateMachineUpdater.java:stopAndJoin(125)) - 88a31ab1-6c68-496a-9143-f02147be1aed@group-DF278A1D03E7-StateMachineUpdater: set stopIndex = 0
2019-09-23 17:23:09,720 [Thread-3893] INFO  impl.FollowerState (FollowerState.java:run(115)) - 88a31ab1-6c68-496a-9143-f02147be1aed: FollowerState was interrupted: java.lang.InterruptedException: sleep interrupted
2019-09-23 17:23:09,721 [main] INFO  impl.RaftServerImpl (ServerState.java:close(385)) - 88a31ab1-6c68-496a-9143-f02147be1aed@group-DF278A1D03E7: closes. applyIndex: 0
2019-09-23 17:23:09,721 [88a31ab1-6c68-496a-9143-f02147be1aed@group-DF278A1D03E7-SegmentedRaftLogWorker] INFO  segmented.SegmentedRaftLogWorker (SegmentedRaftLogWorker.java:run(313)) - 88a31ab1-6c68-496a-9143-f02147be1aed@group-DF278A1D03E7-SegmentedRaftLogWorker was interrupted, exiting. There are 0 tasks remaining in the queue.
2019-09-23 17:23:09,722 [main] INFO  segmented.SegmentedRaftLogWorker (SegmentedRaftLogWorker.java:close(228)) - 88a31ab1-6c68-496a-9143-f02147be1aed@group-DF278A1D03E7-SegmentedRaftLogWorker close()
2019-09-23 17:23:09,722 [main] INFO  impl.RaftServerImpl (RaftServerImpl.java:lambda$shutdown$3(251)) - 88a31ab1-6c68-496a-9143-f02147be1aed@group-56827A8D10A3: shutdown
2019-09-23 17:23:09,723 [main] INFO  util.JmxRegister (JmxRegister.java:unregister(73)) - Successfully un-registered JMX Bean with object name Ratis:service=RaftServer,group=group-56827A8D10A3,id=88a31ab1-6c68-496a-9143-f02147be1aed
2019-09-23 17:23:09,723 [main] INFO  impl.RoleInfo (RoleInfo.java:shutdownLeaderState(104)) - 88a31ab1-6c68-496a-9143-f02147be1aed: shutdown LeaderState
2019-09-23 17:23:09,723 [main] INFO  impl.PendingRequests (PendingRequests.java:sendNotLeaderResponses(202)) - 88a31ab1-6c68-496a-9143-f02147be1aed-PendingRequests: sendNotLeaderResponses
2019-09-23 17:23:09,724 [main] INFO  impl.StateMachineUpdater (StateMachineUpdater.java:stopAndJoin(125)) - 88a31ab1-6c68-496a-9143-f02147be1aed@group-56827A8D10A3-StateMachineUpdater: set stopIndex = 0
2019-09-23 17:23:09,724 [main] INFO  impl.RaftServerImpl (ServerState.java:close(385)) - 88a31ab1-6c68-496a-9143-f02147be1aed@group-56827A8D10A3: closes. applyIndex: 0
2019-09-23 17:23:09,725 [88a31ab1-6c68-496a-9143-f02147be1aed@group-56827A8D10A3-SegmentedRaftLogWorker] INFO  segmented.SegmentedRaftLogWorker (SegmentedRaftLogWorker.java:run(313)) - 88a31ab1-6c68-496a-9143-f02147be1aed@group-56827A8D10A3-SegmentedRaftLogWorker was interrupted, exiting. There are 0 tasks remaining in the queue.
2019-09-23 17:23:09,725 [main] INFO  segmented.SegmentedRaftLogWorker (SegmentedRaftLogWorker.java:close(228)) - 88a31ab1-6c68-496a-9143-f02147be1aed@group-56827A8D10A3-SegmentedRaftLogWorker close()
2019-09-23 17:23:09,725 [main] INFO  server.GrpcService (GrpcService.java:closeImpl(164)) - 88a31ab1-6c68-496a-9143-f02147be1aed: shutdown server with port 38082 now
2019-09-23 17:23:09,726 [main] INFO  server.GrpcService (GrpcService.java:closeImpl(172)) - 88a31ab1-6c68-496a-9143-f02147be1aed: shutdown server with port 38082 successfully
2019-09-23 17:23:09,729 [refreshUsed-/workdir/hadoop-ozone/integration-test/target/test-dir/MiniOzoneClusterImpl-dc27b903-0525-47ea-8b09-60b958b4e498/datanode-7/data/containers] WARN  fs.CachingGetSpaceUsed (CachingGetSpaceUsed.java:run(183)) - Thread Interrupted waiting to refresh disk information: sleep interrupted
2019-09-23 17:23:09,750 [main] INFO  utils.BackgroundService (BackgroundService.java:shutdown(148)) - Shutting down service BlockDeletingService
2019-09-23 17:23:09,753 [main] INFO  statemachine.DatanodeStateMachine (DatanodeStateMachine.java:stopDaemon(395)) - Ozone container server stopped.
2019-09-23 17:23:09,754 [main] INFO  handler.ContextHandler (ContextHandler.java:doStop(910)) - Stopped o.e.j.w.WebAppContext@2cc75b25{/,null,UNAVAILABLE}{/hddsDatanode}
2019-09-23 17:23:09,755 [main] INFO  server.AbstractConnector (AbstractConnector.java:doStop(318)) - Stopped ServerConnector@30036a18{HTTP/1.1,[http/1.1]}{0.0.0.0:0}
2019-09-23 17:23:09,756 [main] INFO  handler.ContextHandler (ContextHandler.java:doStop(910)) - Stopped o.e.j.s.ServletContextHandler@5dcf0772{/static,jar:file:/home/user/.m2/repository/org/apache/hadoop/hadoop-hdds-container-service/0.5.0-SNAPSHOT/hadoop-hdds-container-service-0.5.0-SNAPSHOT.jar!/webapps/static,UNAVAILABLE}
2019-09-23 17:23:09,756 [main] INFO  handler.ContextHandler (ContextHandler.java:doStop(910)) - Stopped o.e.j.s.ServletContextHandler@56c0a61e{/logs,file:///workdir/hadoop-ozone/integration-test/target/log,UNAVAILABLE}
2019-09-23 17:23:09,757 [main] INFO  ozone.MiniOzoneClusterImpl (MiniOzoneClusterImpl.java:stopSCM(392)) - Stopping the StorageContainerManager
2019-09-23 17:23:09,757 [main] INFO  server.StorageContainerManager (StorageContainerManager.java:stop(808)) - Stopping Replication Manager Service.
2019-09-23 17:23:09,757 [main] INFO  container.ReplicationManager (ReplicationManager.java:stop(203)) - Stopping Replication Monitor Thread.
2019-09-23 17:23:09,757 [main] INFO  server.StorageContainerManager (StorageContainerManager.java:stop(815)) - Stopping Lease Manager of the command watchers
2019-09-23 17:23:09,757 [main] INFO  server.StorageContainerManager (StorageContainerManager.java:stop(822)) - Stopping datanode service RPC server
2019-09-23 17:23:09,758 [main] INFO  server.SCMDatanodeProtocolServer (SCMDatanodeProtocolServer.java:stop(367)) - Stopping the RPC server for DataNodes
2019-09-23 17:23:09,758 [main] INFO  ipc.Server (Server.java:stop(3082)) - Stopping server on 34330
2019-09-23 17:23:09,760 [IPC Server listener on 34330] INFO  ipc.Server (Server.java:run(1185)) - Stopping IPC Server listener on 34330
2019-09-23 17:23:09,760 [IPC Server Responder] INFO  ipc.Server (Server.java:run(1319)) - Stopping IPC Server Responder
2019-09-23 17:23:09,807 [SCM Heartbeat Processing Thread - 0] WARN  node.NodeStateManager (NodeStateManager.java:scheduleNextHealthCheck(646)) - Current Thread is interrupted, shutting down HB processing thread for Node Manager.
2019-09-23 17:23:09,807 [main] INFO  server.StorageContainerManager (StorageContainerManager.java:stop(830)) - Stopping block service RPC server
2019-09-23 17:23:09,808 [main] INFO  server.SCMBlockProtocolServer (SCMBlockProtocolServer.java:stop(155)) - Stopping the RPC server for Block Protocol
2019-09-23 17:23:09,808 [main] INFO  ipc.Server (Server.java:stop(3082)) - Stopping server on 42211
2019-09-23 17:23:09,810 [IPC Server listener on 42211] INFO  ipc.Server (Server.java:run(1185)) - Stopping IPC Server listener on 42211
2019-09-23 17:23:09,810 [main] INFO  server.StorageContainerManager (StorageContainerManager.java:stop(837)) - Stopping the StorageContainerLocationProtocol RPC server
2019-09-23 17:23:09,811 [IPC Server Responder] INFO  ipc.Server (Server.java:run(1319)) - Stopping IPC Server Responder
2019-09-23 17:23:09,811 [main] INFO  server.SCMClientProtocolServer (SCMClientProtocolServer.java:stop(159)) - Stopping the RPC server for Client Protocol
2019-09-23 17:23:09,812 [main] INFO  ipc.Server (Server.java:stop(3082)) - Stopping server on 36600
2019-09-23 17:23:09,815 [IPC Server listener on 36600] INFO  ipc.Server (Server.java:run(1185)) - Stopping IPC Server listener on 36600
2019-09-23 17:23:09,822 [main] INFO  server.StorageContainerManager (StorageContainerManager.java:stop(844)) - Stopping Storage Container Manager HTTP server.
2019-09-23 17:23:09,822 [IPC Server Responder] INFO  ipc.Server (Server.java:run(1319)) - Stopping IPC Server Responder
2019-09-23 17:23:09,824 [main] INFO  handler.ContextHandler (ContextHandler.java:doStop(910)) - Stopped o.e.j.w.WebAppContext@76a9a009{/,null,UNAVAILABLE}{/scm}
2019-09-23 17:23:09,824 [main] INFO  server.AbstractConnector (AbstractConnector.java:doStop(318)) - Stopped ServerConnector@9785903{HTTP/1.1,[http/1.1]}{0.0.0.0:0}
2019-09-23 17:23:09,824 [main] INFO  handler.ContextHandler (ContextHandler.java:doStop(910)) - Stopped o.e.j.s.ServletContextHandler@4b4969ea{/static,file:///workdir/hadoop-ozone/integration-test/target/test-classes/webapps/static,UNAVAILABLE}
2019-09-23 17:23:09,825 [main] INFO  handler.ContextHandler (ContextHandler.java:doStop(910)) - Stopped o.e.j.s.ServletContextHandler@19a5b637{/logs,file:///workdir/hadoop-ozone/integration-test/target/log,UNAVAILABLE}
2019-09-23 17:23:09,825 [main] INFO  server.StorageContainerManager (StorageContainerManager.java:stop(855)) - Stopping Block Manager Service.
2019-09-23 17:23:09,826 [main] INFO  utils.BackgroundService (BackgroundService.java:shutdown(148)) - Shutting down service SCMBlockDeletingService
2019-09-23 17:23:09,826 [main] INFO  utils.BackgroundService (BackgroundService.java:shutdown(148)) - Shutting down service SCMBlockDeletingService
2019-09-23 17:23:09,827 [main] INFO  server.StorageContainerManager (StorageContainerManager.java:stop(877)) - Stopping SCM Event Queue.
2019-09-23 17:23:09,832 [main] INFO  impl.MetricsSystemImpl (MetricsSystemImpl.java:stop(210)) - Stopping HddsDatanode metrics system...
2019-09-23 17:23:09,857 [main] INFO  impl.MetricsSystemImpl (MetricsSystemImpl.java:stop(216)) - HddsDatanode metrics system stopped.
]]></system-out>
    <system-err><![CDATA[Sep 23, 2019 5:22:43 PM org.apache.ratis.thirdparty.io.grpc.internal.SerializingExecutor run
SEVERE: Exception while executing runnable org.apache.ratis.thirdparty.io.grpc.internal.ServerImpl$JumpToApplicationThreadServerStreamListener$1Closed@41516e50
org.apache.ratis.thirdparty.io.grpc.StatusRuntimeException: CANCELLED: call already cancelled
	at org.apache.ratis.thirdparty.io.grpc.Status.asRuntimeException(Status.java:517)
	at org.apache.ratis.thirdparty.io.grpc.stub.ServerCalls$ServerCallStreamObserverImpl.onCompleted(ServerCalls.java:356)
	at org.apache.ratis.grpc.server.GrpcServerProtocolService$ServerRequestStreamObserver.onError(GrpcServerProtocolService.java:121)
	at org.apache.ratis.thirdparty.io.grpc.stub.ServerCalls$StreamingServerCallHandler$StreamingServerCallListener.onCancel(ServerCalls.java:269)
	at org.apache.ratis.thirdparty.io.grpc.internal.ServerCallImpl$ServerStreamListenerImpl.closed(ServerCallImpl.java:293)
	at org.apache.ratis.thirdparty.io.grpc.internal.ServerImpl$JumpToApplicationThreadServerStreamListener$1Closed.runInContext(ServerImpl.java:741)
	at org.apache.ratis.thirdparty.io.grpc.internal.ContextRunnable.run(ContextRunnable.java:37)
	at org.apache.ratis.thirdparty.io.grpc.internal.SerializingExecutor.run(SerializingExecutor.java:123)
	at java.util.concurrent.ThreadPoolExecutor.runWorker(ThreadPoolExecutor.java:1149)
	at java.util.concurrent.ThreadPoolExecutor$Worker.run(ThreadPoolExecutor.java:624)
	at java.lang.Thread.run(Thread.java:748)

Sep 23, 2019 5:22:44 PM org.apache.ratis.thirdparty.io.grpc.internal.ManagedChannelOrphanWrapper$ManagedChannelReference cleanQueue
SEVERE: *~*~*~ Channel ManagedChannelImpl{logId=2916, target=192.168.34.14:38870} was not shutdown properly!!! ~*~*~*
    Make sure to call shutdown()/shutdownNow() and wait until awaitTermination() returns true.
java.lang.RuntimeException: ManagedChannel allocation site
	at org.apache.ratis.thirdparty.io.grpc.internal.ManagedChannelOrphanWrapper$ManagedChannelReference.<init>(ManagedChannelOrphanWrapper.java:103)
	at org.apache.ratis.thirdparty.io.grpc.internal.ManagedChannelOrphanWrapper.<init>(ManagedChannelOrphanWrapper.java:53)
	at org.apache.ratis.thirdparty.io.grpc.internal.ManagedChannelOrphanWrapper.<init>(ManagedChannelOrphanWrapper.java:44)
	at org.apache.ratis.thirdparty.io.grpc.internal.AbstractManagedChannelImplBuilder.build(AbstractManagedChannelImplBuilder.java:411)
	at org.apache.ratis.grpc.client.GrpcClientProtocolClient.<init>(GrpcClientProtocolClient.java:127)
	at org.apache.ratis.grpc.client.GrpcClientRpc.lambda$new$0(GrpcClientRpc.java:55)
	at org.apache.ratis.util.PeerProxyMap$PeerAndProxy.lambda$getProxy$0(PeerProxyMap.java:61)
	at org.apache.ratis.util.LifeCycle.startAndTransition(LifeCycle.java:202)
	at org.apache.ratis.util.PeerProxyMap$PeerAndProxy.getProxy(PeerProxyMap.java:60)
	at org.apache.ratis.util.PeerProxyMap.getProxy(PeerProxyMap.java:108)
	at org.apache.ratis.grpc.client.GrpcClientRpc.sendRequestAsync(GrpcClientRpc.java:66)
	at org.apache.ratis.client.impl.OrderedAsync.sendRequest(OrderedAsync.java:208)
	at org.apache.ratis.client.impl.OrderedAsync.sendRequestWithRetry(OrderedAsync.java:169)
	at org.apache.ratis.util.SlidingWindow$Client.sendOrDelayRequest(SlidingWindow.java:278)
	at org.apache.ratis.util.SlidingWindow$Client.retry(SlidingWindow.java:294)
	at org.apache.ratis.client.impl.OrderedAsync.lambda$scheduleWithTimeout$7(OrderedAsync.java:195)
	at org.apache.ratis.util.TimeoutScheduler.lambda$onTimeout$0(TimeoutScheduler.java:113)
	at org.apache.ratis.util.TimeoutScheduler.lambda$onTimeout$1(TimeoutScheduler.java:133)
	at org.apache.ratis.util.LogUtils.runAndLog(LogUtils.java:50)
	at org.apache.ratis.util.LogUtils$1.run(LogUtils.java:91)
	at java.util.concurrent.Executors$RunnableAdapter.call(Executors.java:511)
	at java.util.concurrent.FutureTask.run(FutureTask.java:266)
	at java.util.concurrent.ScheduledThreadPoolExecutor$ScheduledFutureTask.access$201(ScheduledThreadPoolExecutor.java:180)
	at java.util.concurrent.ScheduledThreadPoolExecutor$ScheduledFutureTask.run(ScheduledThreadPoolExecutor.java:293)
	at java.util.concurrent.ThreadPoolExecutor.runWorker(ThreadPoolExecutor.java:1149)
	at java.util.concurrent.ThreadPoolExecutor$Worker.run(ThreadPoolExecutor.java:624)
	at java.lang.Thread.run(Thread.java:748)

Sep 23, 2019 5:22:44 PM org.apache.ratis.thirdparty.io.grpc.internal.ManagedChannelOrphanWrapper$ManagedChannelReference cleanQueue
SEVERE: *~*~*~ Channel ManagedChannelImpl{logId=2947, target=192.168.34.14:39338} was not shutdown properly!!! ~*~*~*
    Make sure to call shutdown()/shutdownNow() and wait until awaitTermination() returns true.
java.lang.RuntimeException: ManagedChannel allocation site
	at org.apache.ratis.thirdparty.io.grpc.internal.ManagedChannelOrphanWrapper$ManagedChannelReference.<init>(ManagedChannelOrphanWrapper.java:103)
	at org.apache.ratis.thirdparty.io.grpc.internal.ManagedChannelOrphanWrapper.<init>(ManagedChannelOrphanWrapper.java:53)
	at org.apache.ratis.thirdparty.io.grpc.internal.ManagedChannelOrphanWrapper.<init>(ManagedChannelOrphanWrapper.java:44)
	at org.apache.ratis.thirdparty.io.grpc.internal.AbstractManagedChannelImplBuilder.build(AbstractManagedChannelImplBuilder.java:411)
	at org.apache.hadoop.hdds.scm.XceiverClientGrpc.connectToDatanode(XceiverClientGrpc.java:181)
	at org.apache.hadoop.hdds.scm.XceiverClientGrpc.reconnect(XceiverClientGrpc.java:429)
	at org.apache.hadoop.hdds.scm.XceiverClientGrpc.sendCommandAsync(XceiverClientGrpc.java:378)
	at org.apache.hadoop.hdds.scm.XceiverClientGrpc.sendCommandWithRetry(XceiverClientGrpc.java:291)
	at org.apache.hadoop.hdds.scm.XceiverClientGrpc.sendCommandWithTraceIDAndRetry(XceiverClientGrpc.java:257)
	at org.apache.hadoop.hdds.scm.XceiverClientGrpc.sendCommand(XceiverClientGrpc.java:240)
	at org.apache.hadoop.hdds.scm.storage.ContainerProtocolCalls.readChunk(ContainerProtocolCalls.java:245)
	at org.apache.hadoop.hdds.scm.storage.ChunkInputStream.readChunk(ChunkInputStream.java:335)
	at org.apache.hadoop.hdds.scm.storage.ChunkInputStream.readChunkFromContainer(ChunkInputStream.java:307)
	at org.apache.hadoop.hdds.scm.storage.ChunkInputStream.prepareRead(ChunkInputStream.java:259)
	at org.apache.hadoop.hdds.scm.storage.ChunkInputStream.read(ChunkInputStream.java:144)
	at org.apache.hadoop.hdds.scm.storage.BlockInputStream.read(BlockInputStream.java:239)
	at org.apache.hadoop.ozone.client.io.KeyInputStream.read(KeyInputStream.java:171)
	at org.apache.hadoop.ozone.client.io.OzoneInputStream.read(OzoneInputStream.java:47)
	at java.io.InputStream.read(InputStream.java:101)
	at org.apache.hadoop.ozone.container.ContainerTestHelper.validateData(ContainerTestHelper.java:714)
	at org.apache.hadoop.ozone.client.rpc.TestFailureHandlingByClient.validateData(TestFailureHandlingByClient.java:413)
	at org.apache.hadoop.ozone.client.rpc.TestFailureHandlingByClient.testBlockWritesWithDnFailures(TestFailureHandlingByClient.java:172)
	at sun.reflect.NativeMethodAccessorImpl.invoke0(Native Method)
	at sun.reflect.NativeMethodAccessorImpl.invoke(NativeMethodAccessorImpl.java:62)
	at sun.reflect.DelegatingMethodAccessorImpl.invoke(DelegatingMethodAccessorImpl.java:43)
	at java.lang.reflect.Method.invoke(Method.java:498)
	at org.junit.runners.model.FrameworkMethod$1.runReflectiveCall(FrameworkMethod.java:47)
	at org.junit.internal.runners.model.ReflectiveCallable.run(ReflectiveCallable.java:12)
	at org.junit.runners.model.FrameworkMethod.invokeExplosively(FrameworkMethod.java:44)
	at org.junit.internal.runners.statements.InvokeMethod.evaluate(InvokeMethod.java:17)
	at org.junit.internal.runners.statements.RunAfters.evaluate(RunAfters.java:27)
	at org.junit.runners.ParentRunner.runLeaf(ParentRunner.java:271)
	at org.junit.runners.BlockJUnit4ClassRunner.runChild(BlockJUnit4ClassRunner.java:70)
	at org.junit.runners.BlockJUnit4ClassRunner.runChild(BlockJUnit4ClassRunner.java:50)
	at org.junit.runners.ParentRunner$3.run(ParentRunner.java:238)
	at org.junit.runners.ParentRunner$1.schedule(ParentRunner.java:63)
	at org.junit.runners.ParentRunner.runChildren(ParentRunner.java:236)
	at org.junit.runners.ParentRunner.access$000(ParentRunner.java:53)
	at org.junit.runners.ParentRunner$2.evaluate(ParentRunner.java:229)
	at org.junit.runners.ParentRunner.run(ParentRunner.java:309)
	at org.apache.maven.surefire.junit4.JUnit4Provider.execute(JUnit4Provider.java:365)
	at org.apache.maven.surefire.junit4.JUnit4Provider.executeWithRerun(JUnit4Provider.java:273)
	at org.apache.maven.surefire.junit4.JUnit4Provider.executeTestSet(JUnit4Provider.java:238)
	at org.apache.maven.surefire.junit4.JUnit4Provider.invoke(JUnit4Provider.java:159)
	at org.apache.maven.surefire.booter.ForkedBooter.invokeProviderInSameClassLoader(ForkedBooter.java:384)
	at org.apache.maven.surefire.booter.ForkedBooter.runSuitesInProcess(ForkedBooter.java:345)
	at org.apache.maven.surefire.booter.ForkedBooter.execute(ForkedBooter.java:126)
	at org.apache.maven.surefire.booter.ForkedBooter.main(ForkedBooter.java:418)

Sep 23, 2019 5:22:44 PM org.apache.ratis.thirdparty.io.grpc.internal.ManagedChannelOrphanWrapper$ManagedChannelReference cleanQueue
SEVERE: *~*~*~ Channel ManagedChannelImpl{logId=2942, target=192.168.34.14:43603} was not shutdown properly!!! ~*~*~*
    Make sure to call shutdown()/shutdownNow() and wait until awaitTermination() returns true.
java.lang.RuntimeException: ManagedChannel allocation site
	at org.apache.ratis.thirdparty.io.grpc.internal.ManagedChannelOrphanWrapper$ManagedChannelReference.<init>(ManagedChannelOrphanWrapper.java:103)
	at org.apache.ratis.thirdparty.io.grpc.internal.ManagedChannelOrphanWrapper.<init>(ManagedChannelOrphanWrapper.java:53)
	at org.apache.ratis.thirdparty.io.grpc.internal.ManagedChannelOrphanWrapper.<init>(ManagedChannelOrphanWrapper.java:44)
	at org.apache.ratis.thirdparty.io.grpc.internal.AbstractManagedChannelImplBuilder.build(AbstractManagedChannelImplBuilder.java:411)
	at org.apache.hadoop.hdds.scm.XceiverClientGrpc.connectToDatanode(XceiverClientGrpc.java:181)
	at org.apache.hadoop.hdds.scm.XceiverClientGrpc.reconnect(XceiverClientGrpc.java:429)
	at org.apache.hadoop.hdds.scm.XceiverClientGrpc.sendCommandAsync(XceiverClientGrpc.java:378)
	at org.apache.hadoop.hdds.scm.XceiverClientGrpc.sendCommandWithRetry(XceiverClientGrpc.java:291)
	at org.apache.hadoop.hdds.scm.XceiverClientGrpc.sendCommandWithTraceIDAndRetry(XceiverClientGrpc.java:257)
	at org.apache.hadoop.hdds.scm.XceiverClientGrpc.sendCommand(XceiverClientGrpc.java:240)
	at org.apache.hadoop.hdds.scm.storage.ContainerProtocolCalls.getBlock(ContainerProtocolCalls.java:118)
	at org.apache.hadoop.hdds.scm.storage.BlockInputStream.getChunkInfos(BlockInputStream.java:167)
	at org.apache.hadoop.hdds.scm.storage.BlockInputStream.initialize(BlockInputStream.java:118)
	at org.apache.hadoop.hdds.scm.storage.BlockInputStream.read(BlockInputStream.java:222)
	at org.apache.hadoop.ozone.client.io.KeyInputStream.read(KeyInputStream.java:171)
	at org.apache.hadoop.ozone.client.io.OzoneInputStream.read(OzoneInputStream.java:47)
	at java.io.InputStream.read(InputStream.java:101)
	at org.apache.hadoop.ozone.container.ContainerTestHelper.validateData(ContainerTestHelper.java:714)
	at org.apache.hadoop.ozone.client.rpc.TestFailureHandlingByClient.validateData(TestFailureHandlingByClient.java:413)
	at org.apache.hadoop.ozone.client.rpc.TestFailureHandlingByClient.testBlockWritesWithDnFailures(TestFailureHandlingByClient.java:172)
	at sun.reflect.NativeMethodAccessorImpl.invoke0(Native Method)
	at sun.reflect.NativeMethodAccessorImpl.invoke(NativeMethodAccessorImpl.java:62)
	at sun.reflect.DelegatingMethodAccessorImpl.invoke(DelegatingMethodAccessorImpl.java:43)
	at java.lang.reflect.Method.invoke(Method.java:498)
	at org.junit.runners.model.FrameworkMethod$1.runReflectiveCall(FrameworkMethod.java:47)
	at org.junit.internal.runners.model.ReflectiveCallable.run(ReflectiveCallable.java:12)
	at org.junit.runners.model.FrameworkMethod.invokeExplosively(FrameworkMethod.java:44)
	at org.junit.internal.runners.statements.InvokeMethod.evaluate(InvokeMethod.java:17)
	at org.junit.internal.runners.statements.RunAfters.evaluate(RunAfters.java:27)
	at org.junit.runners.ParentRunner.runLeaf(ParentRunner.java:271)
	at org.junit.runners.BlockJUnit4ClassRunner.runChild(BlockJUnit4ClassRunner.java:70)
	at org.junit.runners.BlockJUnit4ClassRunner.runChild(BlockJUnit4ClassRunner.java:50)
	at org.junit.runners.ParentRunner$3.run(ParentRunner.java:238)
	at org.junit.runners.ParentRunner$1.schedule(ParentRunner.java:63)
	at org.junit.runners.ParentRunner.runChildren(ParentRunner.java:236)
	at org.junit.runners.ParentRunner.access$000(ParentRunner.java:53)
	at org.junit.runners.ParentRunner$2.evaluate(ParentRunner.java:229)
	at org.junit.runners.ParentRunner.run(ParentRunner.java:309)
	at org.apache.maven.surefire.junit4.JUnit4Provider.execute(JUnit4Provider.java:365)
	at org.apache.maven.surefire.junit4.JUnit4Provider.executeWithRerun(JUnit4Provider.java:273)
	at org.apache.maven.surefire.junit4.JUnit4Provider.executeTestSet(JUnit4Provider.java:238)
	at org.apache.maven.surefire.junit4.JUnit4Provider.invoke(JUnit4Provider.java:159)
	at org.apache.maven.surefire.booter.ForkedBooter.invokeProviderInSameClassLoader(ForkedBooter.java:384)
	at org.apache.maven.surefire.booter.ForkedBooter.runSuitesInProcess(ForkedBooter.java:345)
	at org.apache.maven.surefire.booter.ForkedBooter.execute(ForkedBooter.java:126)
	at org.apache.maven.surefire.booter.ForkedBooter.main(ForkedBooter.java:418)

Sep 23, 2019 5:22:44 PM org.apache.ratis.thirdparty.io.grpc.internal.ManagedChannelOrphanWrapper$ManagedChannelReference cleanQueue
SEVERE: *~*~*~ Channel ManagedChannelImpl{logId=2929, target=192.168.34.14:36093} was not shutdown properly!!! ~*~*~*
    Make sure to call shutdown()/shutdownNow() and wait until awaitTermination() returns true.
java.lang.RuntimeException: ManagedChannel allocation site
	at org.apache.ratis.thirdparty.io.grpc.internal.ManagedChannelOrphanWrapper$ManagedChannelReference.<init>(ManagedChannelOrphanWrapper.java:103)
	at org.apache.ratis.thirdparty.io.grpc.internal.ManagedChannelOrphanWrapper.<init>(ManagedChannelOrphanWrapper.java:53)
	at org.apache.ratis.thirdparty.io.grpc.internal.ManagedChannelOrphanWrapper.<init>(ManagedChannelOrphanWrapper.java:44)
	at org.apache.ratis.thirdparty.io.grpc.internal.AbstractManagedChannelImplBuilder.build(AbstractManagedChannelImplBuilder.java:411)
	at org.apache.hadoop.hdds.scm.XceiverClientGrpc.connectToDatanode(XceiverClientGrpc.java:181)
	at org.apache.hadoop.hdds.scm.XceiverClientGrpc.reconnect(XceiverClientGrpc.java:429)
	at org.apache.hadoop.hdds.scm.XceiverClientGrpc.sendCommandAsync(XceiverClientGrpc.java:378)
	at org.apache.hadoop.hdds.scm.XceiverClientGrpc.sendCommandWithRetry(XceiverClientGrpc.java:291)
	at org.apache.hadoop.hdds.scm.XceiverClientGrpc.sendCommandWithTraceIDAndRetry(XceiverClientGrpc.java:257)
	at org.apache.hadoop.hdds.scm.XceiverClientGrpc.sendCommand(XceiverClientGrpc.java:240)
	at org.apache.hadoop.hdds.scm.storage.ContainerProtocolCalls.getBlock(ContainerProtocolCalls.java:118)
	at org.apache.hadoop.hdds.scm.storage.BlockInputStream.getChunkInfos(BlockInputStream.java:167)
	at org.apache.hadoop.hdds.scm.storage.BlockInputStream.initialize(BlockInputStream.java:118)
	at org.apache.hadoop.hdds.scm.storage.BlockInputStream.read(BlockInputStream.java:222)
	at org.apache.hadoop.ozone.client.io.KeyInputStream.read(KeyInputStream.java:171)
	at org.apache.hadoop.ozone.client.io.OzoneInputStream.read(OzoneInputStream.java:47)
	at java.io.InputStream.read(InputStream.java:101)
	at org.apache.hadoop.ozone.container.ContainerTestHelper.validateData(ContainerTestHelper.java:714)
	at org.apache.hadoop.ozone.client.rpc.TestFailureHandlingByClient.validateData(TestFailureHandlingByClient.java:413)
	at org.apache.hadoop.ozone.client.rpc.TestFailureHandlingByClient.testBlockWritesWithDnFailures(TestFailureHandlingByClient.java:172)
	at sun.reflect.NativeMethodAccessorImpl.invoke0(Native Method)
	at sun.reflect.NativeMethodAccessorImpl.invoke(NativeMethodAccessorImpl.java:62)
	at sun.reflect.DelegatingMethodAccessorImpl.invoke(DelegatingMethodAccessorImpl.java:43)
	at java.lang.reflect.Method.invoke(Method.java:498)
	at org.junit.runners.model.FrameworkMethod$1.runReflectiveCall(FrameworkMethod.java:47)
	at org.junit.internal.runners.model.ReflectiveCallable.run(ReflectiveCallable.java:12)
	at org.junit.runners.model.FrameworkMethod.invokeExplosively(FrameworkMethod.java:44)
	at org.junit.internal.runners.statements.InvokeMethod.evaluate(InvokeMethod.java:17)
	at org.junit.internal.runners.statements.RunAfters.evaluate(RunAfters.java:27)
	at org.junit.runners.ParentRunner.runLeaf(ParentRunner.java:271)
	at org.junit.runners.BlockJUnit4ClassRunner.runChild(BlockJUnit4ClassRunner.java:70)
	at org.junit.runners.BlockJUnit4ClassRunner.runChild(BlockJUnit4ClassRunner.java:50)
	at org.junit.runners.ParentRunner$3.run(ParentRunner.java:238)
	at org.junit.runners.ParentRunner$1.schedule(ParentRunner.java:63)
	at org.junit.runners.ParentRunner.runChildren(ParentRunner.java:236)
	at org.junit.runners.ParentRunner.access$000(ParentRunner.java:53)
	at org.junit.runners.ParentRunner$2.evaluate(ParentRunner.java:229)
	at org.junit.runners.ParentRunner.run(ParentRunner.java:309)
	at org.apache.maven.surefire.junit4.JUnit4Provider.execute(JUnit4Provider.java:365)
	at org.apache.maven.surefire.junit4.JUnit4Provider.executeWithRerun(JUnit4Provider.java:273)
	at org.apache.maven.surefire.junit4.JUnit4Provider.executeTestSet(JUnit4Provider.java:238)
	at org.apache.maven.surefire.junit4.JUnit4Provider.invoke(JUnit4Provider.java:159)
	at org.apache.maven.surefire.booter.ForkedBooter.invokeProviderInSameClassLoader(ForkedBooter.java:384)
	at org.apache.maven.surefire.booter.ForkedBooter.runSuitesInProcess(ForkedBooter.java:345)
	at org.apache.maven.surefire.booter.ForkedBooter.execute(ForkedBooter.java:126)
	at org.apache.maven.surefire.booter.ForkedBooter.main(ForkedBooter.java:418)

Sep 23, 2019 5:22:44 PM org.apache.ratis.thirdparty.io.grpc.internal.ManagedChannelOrphanWrapper$ManagedChannelReference cleanQueue
SEVERE: *~*~*~ Channel ManagedChannelImpl{logId=2937, target=192.168.34.14:44462} was not shutdown properly!!! ~*~*~*
    Make sure to call shutdown()/shutdownNow() and wait until awaitTermination() returns true.
java.lang.RuntimeException: ManagedChannel allocation site
	at org.apache.ratis.thirdparty.io.grpc.internal.ManagedChannelOrphanWrapper$ManagedChannelReference.<init>(ManagedChannelOrphanWrapper.java:103)
	at org.apache.ratis.thirdparty.io.grpc.internal.ManagedChannelOrphanWrapper.<init>(ManagedChannelOrphanWrapper.java:53)
	at org.apache.ratis.thirdparty.io.grpc.internal.ManagedChannelOrphanWrapper.<init>(ManagedChannelOrphanWrapper.java:44)
	at org.apache.ratis.thirdparty.io.grpc.internal.AbstractManagedChannelImplBuilder.build(AbstractManagedChannelImplBuilder.java:411)
	at org.apache.hadoop.hdds.scm.XceiverClientGrpc.connectToDatanode(XceiverClientGrpc.java:181)
	at org.apache.hadoop.hdds.scm.XceiverClientGrpc.reconnect(XceiverClientGrpc.java:429)
	at org.apache.hadoop.hdds.scm.XceiverClientGrpc.sendCommandAsync(XceiverClientGrpc.java:378)
	at org.apache.hadoop.hdds.scm.XceiverClientGrpc.sendCommandWithRetry(XceiverClientGrpc.java:291)
	at org.apache.hadoop.hdds.scm.XceiverClientGrpc.sendCommandWithTraceIDAndRetry(XceiverClientGrpc.java:257)
	at org.apache.hadoop.hdds.scm.XceiverClientGrpc.sendCommand(XceiverClientGrpc.java:240)
	at org.apache.hadoop.hdds.scm.storage.ContainerProtocolCalls.getBlock(ContainerProtocolCalls.java:118)
	at org.apache.hadoop.hdds.scm.storage.BlockInputStream.getChunkInfos(BlockInputStream.java:167)
	at org.apache.hadoop.hdds.scm.storage.BlockInputStream.initialize(BlockInputStream.java:118)
	at org.apache.hadoop.hdds.scm.storage.BlockInputStream.read(BlockInputStream.java:222)
	at org.apache.hadoop.ozone.client.io.KeyInputStream.read(KeyInputStream.java:171)
	at org.apache.hadoop.ozone.client.io.OzoneInputStream.read(OzoneInputStream.java:47)
	at java.io.InputStream.read(InputStream.java:101)
	at org.apache.hadoop.ozone.container.ContainerTestHelper.validateData(ContainerTestHelper.java:714)
	at org.apache.hadoop.ozone.client.rpc.TestFailureHandlingByClient.validateData(TestFailureHandlingByClient.java:413)
	at org.apache.hadoop.ozone.client.rpc.TestFailureHandlingByClient.testBlockWritesWithDnFailures(TestFailureHandlingByClient.java:172)
	at sun.reflect.NativeMethodAccessorImpl.invoke0(Native Method)
	at sun.reflect.NativeMethodAccessorImpl.invoke(NativeMethodAccessorImpl.java:62)
	at sun.reflect.DelegatingMethodAccessorImpl.invoke(DelegatingMethodAccessorImpl.java:43)
	at java.lang.reflect.Method.invoke(Method.java:498)
	at org.junit.runners.model.FrameworkMethod$1.runReflectiveCall(FrameworkMethod.java:47)
	at org.junit.internal.runners.model.ReflectiveCallable.run(ReflectiveCallable.java:12)
	at org.junit.runners.model.FrameworkMethod.invokeExplosively(FrameworkMethod.java:44)
	at org.junit.internal.runners.statements.InvokeMethod.evaluate(InvokeMethod.java:17)
	at org.junit.internal.runners.statements.RunAfters.evaluate(RunAfters.java:27)
	at org.junit.runners.ParentRunner.runLeaf(ParentRunner.java:271)
	at org.junit.runners.BlockJUnit4ClassRunner.runChild(BlockJUnit4ClassRunner.java:70)
	at org.junit.runners.BlockJUnit4ClassRunner.runChild(BlockJUnit4ClassRunner.java:50)
	at org.junit.runners.ParentRunner$3.run(ParentRunner.java:238)
	at org.junit.runners.ParentRunner$1.schedule(ParentRunner.java:63)
	at org.junit.runners.ParentRunner.runChildren(ParentRunner.java:236)
	at org.junit.runners.ParentRunner.access$000(ParentRunner.java:53)
	at org.junit.runners.ParentRunner$2.evaluate(ParentRunner.java:229)
	at org.junit.runners.ParentRunner.run(ParentRunner.java:309)
	at org.apache.maven.surefire.junit4.JUnit4Provider.execute(JUnit4Provider.java:365)
	at org.apache.maven.surefire.junit4.JUnit4Provider.executeWithRerun(JUnit4Provider.java:273)
	at org.apache.maven.surefire.junit4.JUnit4Provider.executeTestSet(JUnit4Provider.java:238)
	at org.apache.maven.surefire.junit4.JUnit4Provider.invoke(JUnit4Provider.java:159)
	at org.apache.maven.surefire.booter.ForkedBooter.invokeProviderInSameClassLoader(ForkedBooter.java:384)
	at org.apache.maven.surefire.booter.ForkedBooter.runSuitesInProcess(ForkedBooter.java:345)
	at org.apache.maven.surefire.booter.ForkedBooter.execute(ForkedBooter.java:126)
	at org.apache.maven.surefire.booter.ForkedBooter.main(ForkedBooter.java:418)

Sep 23, 2019 5:22:44 PM org.apache.ratis.thirdparty.io.grpc.internal.ManagedChannelOrphanWrapper$ManagedChannelReference cleanQueue
SEVERE: *~*~*~ Channel ManagedChannelImpl{logId=2933, target=192.168.34.14:42227} was not shutdown properly!!! ~*~*~*
    Make sure to call shutdown()/shutdownNow() and wait until awaitTermination() returns true.
java.lang.RuntimeException: ManagedChannel allocation site
	at org.apache.ratis.thirdparty.io.grpc.internal.ManagedChannelOrphanWrapper$ManagedChannelReference.<init>(ManagedChannelOrphanWrapper.java:103)
	at org.apache.ratis.thirdparty.io.grpc.internal.ManagedChannelOrphanWrapper.<init>(ManagedChannelOrphanWrapper.java:53)
	at org.apache.ratis.thirdparty.io.grpc.internal.ManagedChannelOrphanWrapper.<init>(ManagedChannelOrphanWrapper.java:44)
	at org.apache.ratis.thirdparty.io.grpc.internal.AbstractManagedChannelImplBuilder.build(AbstractManagedChannelImplBuilder.java:411)
	at org.apache.hadoop.hdds.scm.XceiverClientGrpc.connectToDatanode(XceiverClientGrpc.java:181)
	at org.apache.hadoop.hdds.scm.XceiverClientGrpc.reconnect(XceiverClientGrpc.java:429)
	at org.apache.hadoop.hdds.scm.XceiverClientGrpc.sendCommandAsync(XceiverClientGrpc.java:378)
	at org.apache.hadoop.hdds.scm.XceiverClientGrpc.sendCommandWithRetry(XceiverClientGrpc.java:291)
	at org.apache.hadoop.hdds.scm.XceiverClientGrpc.sendCommandWithTraceIDAndRetry(XceiverClientGrpc.java:257)
	at org.apache.hadoop.hdds.scm.XceiverClientGrpc.sendCommand(XceiverClientGrpc.java:240)
	at org.apache.hadoop.hdds.scm.storage.ContainerProtocolCalls.getBlock(ContainerProtocolCalls.java:118)
	at org.apache.hadoop.hdds.scm.storage.BlockInputStream.getChunkInfos(BlockInputStream.java:167)
	at org.apache.hadoop.hdds.scm.storage.BlockInputStream.initialize(BlockInputStream.java:118)
	at org.apache.hadoop.hdds.scm.storage.BlockInputStream.read(BlockInputStream.java:222)
	at org.apache.hadoop.ozone.client.io.KeyInputStream.read(KeyInputStream.java:171)
	at org.apache.hadoop.ozone.client.io.OzoneInputStream.read(OzoneInputStream.java:47)
	at java.io.InputStream.read(InputStream.java:101)
	at org.apache.hadoop.ozone.container.ContainerTestHelper.validateData(ContainerTestHelper.java:714)
	at org.apache.hadoop.ozone.client.rpc.TestFailureHandlingByClient.validateData(TestFailureHandlingByClient.java:413)
	at org.apache.hadoop.ozone.client.rpc.TestFailureHandlingByClient.testBlockWritesWithDnFailures(TestFailureHandlingByClient.java:172)
	at sun.reflect.NativeMethodAccessorImpl.invoke0(Native Method)
	at sun.reflect.NativeMethodAccessorImpl.invoke(NativeMethodAccessorImpl.java:62)
	at sun.reflect.DelegatingMethodAccessorImpl.invoke(DelegatingMethodAccessorImpl.java:43)
	at java.lang.reflect.Method.invoke(Method.java:498)
	at org.junit.runners.model.FrameworkMethod$1.runReflectiveCall(FrameworkMethod.java:47)
	at org.junit.internal.runners.model.ReflectiveCallable.run(ReflectiveCallable.java:12)
	at org.junit.runners.model.FrameworkMethod.invokeExplosively(FrameworkMethod.java:44)
	at org.junit.internal.runners.statements.InvokeMethod.evaluate(InvokeMethod.java:17)
	at org.junit.internal.runners.statements.RunAfters.evaluate(RunAfters.java:27)
	at org.junit.runners.ParentRunner.runLeaf(ParentRunner.java:271)
	at org.junit.runners.BlockJUnit4ClassRunner.runChild(BlockJUnit4ClassRunner.java:70)
	at org.junit.runners.BlockJUnit4ClassRunner.runChild(BlockJUnit4ClassRunner.java:50)
	at org.junit.runners.ParentRunner$3.run(ParentRunner.java:238)
	at org.junit.runners.ParentRunner$1.schedule(ParentRunner.java:63)
	at org.junit.runners.ParentRunner.runChildren(ParentRunner.java:236)
	at org.junit.runners.ParentRunner.access$000(ParentRunner.java:53)
	at org.junit.runners.ParentRunner$2.evaluate(ParentRunner.java:229)
	at org.junit.runners.ParentRunner.run(ParentRunner.java:309)
	at org.apache.maven.surefire.junit4.JUnit4Provider.execute(JUnit4Provider.java:365)
	at org.apache.maven.surefire.junit4.JUnit4Provider.executeWithRerun(JUnit4Provider.java:273)
	at org.apache.maven.surefire.junit4.JUnit4Provider.executeTestSet(JUnit4Provider.java:238)
	at org.apache.maven.surefire.junit4.JUnit4Provider.invoke(JUnit4Provider.java:159)
	at org.apache.maven.surefire.booter.ForkedBooter.invokeProviderInSameClassLoader(ForkedBooter.java:384)
	at org.apache.maven.surefire.booter.ForkedBooter.runSuitesInProcess(ForkedBooter.java:345)
	at org.apache.maven.surefire.booter.ForkedBooter.execute(ForkedBooter.java:126)
	at org.apache.maven.surefire.booter.ForkedBooter.main(ForkedBooter.java:418)

Sep 23, 2019 5:22:44 PM org.apache.ratis.thirdparty.io.grpc.internal.ManagedChannelOrphanWrapper$ManagedChannelReference cleanQueue
SEVERE: *~*~*~ Channel ManagedChannelImpl{logId=2842, target=192.168.34.14:42710} was not shutdown properly!!! ~*~*~*
    Make sure to call shutdown()/shutdownNow() and wait until awaitTermination() returns true.
java.lang.RuntimeException: ManagedChannel allocation site
	at org.apache.ratis.thirdparty.io.grpc.internal.ManagedChannelOrphanWrapper$ManagedChannelReference.<init>(ManagedChannelOrphanWrapper.java:103)
	at org.apache.ratis.thirdparty.io.grpc.internal.ManagedChannelOrphanWrapper.<init>(ManagedChannelOrphanWrapper.java:53)
	at org.apache.ratis.thirdparty.io.grpc.internal.ManagedChannelOrphanWrapper.<init>(ManagedChannelOrphanWrapper.java:44)
	at org.apache.ratis.thirdparty.io.grpc.internal.AbstractManagedChannelImplBuilder.build(AbstractManagedChannelImplBuilder.java:411)
	at org.apache.ratis.grpc.client.GrpcClientProtocolClient.<init>(GrpcClientProtocolClient.java:127)
	at org.apache.ratis.grpc.client.GrpcClientRpc.lambda$new$0(GrpcClientRpc.java:55)
	at org.apache.ratis.util.PeerProxyMap$PeerAndProxy.lambda$getProxy$0(PeerProxyMap.java:61)
	at org.apache.ratis.util.LifeCycle.startAndTransition(LifeCycle.java:202)
	at org.apache.ratis.util.PeerProxyMap$PeerAndProxy.getProxy(PeerProxyMap.java:60)
	at org.apache.ratis.util.PeerProxyMap.getProxy(PeerProxyMap.java:108)
	at org.apache.ratis.grpc.client.GrpcClientRpc.sendRequestAsync(GrpcClientRpc.java:66)
	at org.apache.ratis.client.impl.OrderedAsync.sendRequest(OrderedAsync.java:208)
	at org.apache.ratis.client.impl.OrderedAsync.sendRequestWithRetry(OrderedAsync.java:169)
	at org.apache.ratis.util.SlidingWindow$Client.sendOrDelayRequest(SlidingWindow.java:278)
	at org.apache.ratis.util.SlidingWindow$Client.retry(SlidingWindow.java:294)
	at org.apache.ratis.client.impl.OrderedAsync.lambda$scheduleWithTimeout$7(OrderedAsync.java:195)
	at org.apache.ratis.util.TimeoutScheduler.lambda$onTimeout$0(TimeoutScheduler.java:113)
	at org.apache.ratis.util.TimeoutScheduler.lambda$onTimeout$1(TimeoutScheduler.java:133)
	at org.apache.ratis.util.LogUtils.runAndLog(LogUtils.java:50)
	at org.apache.ratis.util.LogUtils$1.run(LogUtils.java:91)
	at java.util.concurrent.Executors$RunnableAdapter.call(Executors.java:511)
	at java.util.concurrent.FutureTask.run(FutureTask.java:266)
	at java.util.concurrent.ScheduledThreadPoolExecutor$ScheduledFutureTask.access$201(ScheduledThreadPoolExecutor.java:180)
	at java.util.concurrent.ScheduledThreadPoolExecutor$ScheduledFutureTask.run(ScheduledThreadPoolExecutor.java:293)
	at java.util.concurrent.ThreadPoolExecutor.runWorker(ThreadPoolExecutor.java:1149)
	at java.util.concurrent.ThreadPoolExecutor$Worker.run(ThreadPoolExecutor.java:624)
	at java.lang.Thread.run(Thread.java:748)

Sep 23, 2019 5:22:49 PM org.apache.ratis.thirdparty.io.grpc.internal.SerializingExecutor run
SEVERE: Exception while executing runnable org.apache.ratis.thirdparty.io.grpc.internal.ServerImpl$JumpToApplicationThreadServerStreamListener$1Closed@666d029f
org.apache.ratis.thirdparty.io.grpc.StatusRuntimeException: CANCELLED: call already cancelled
	at org.apache.ratis.thirdparty.io.grpc.Status.asRuntimeException(Status.java:517)
	at org.apache.ratis.thirdparty.io.grpc.stub.ServerCalls$ServerCallStreamObserverImpl.onCompleted(ServerCalls.java:356)
	at org.apache.ratis.grpc.server.GrpcServerProtocolService$ServerRequestStreamObserver.onError(GrpcServerProtocolService.java:121)
	at org.apache.ratis.thirdparty.io.grpc.stub.ServerCalls$StreamingServerCallHandler$StreamingServerCallListener.onCancel(ServerCalls.java:269)
	at org.apache.ratis.thirdparty.io.grpc.internal.ServerCallImpl$ServerStreamListenerImpl.closed(ServerCallImpl.java:293)
	at org.apache.ratis.thirdparty.io.grpc.internal.ServerImpl$JumpToApplicationThreadServerStreamListener$1Closed.runInContext(ServerImpl.java:741)
	at org.apache.ratis.thirdparty.io.grpc.internal.ContextRunnable.run(ContextRunnable.java:37)
	at org.apache.ratis.thirdparty.io.grpc.internal.SerializingExecutor.run(SerializingExecutor.java:123)
	at java.util.concurrent.ThreadPoolExecutor.runWorker(ThreadPoolExecutor.java:1149)
	at java.util.concurrent.ThreadPoolExecutor$Worker.run(ThreadPoolExecutor.java:624)
	at java.lang.Thread.run(Thread.java:748)

Sep 23, 2019 5:22:49 PM org.apache.ratis.thirdparty.io.grpc.internal.SerializingExecutor run
SEVERE: Exception while executing runnable org.apache.ratis.thirdparty.io.grpc.internal.ServerImpl$JumpToApplicationThreadServerStreamListener$1Closed@3153468a
org.apache.ratis.thirdparty.io.grpc.StatusRuntimeException: CANCELLED: call already cancelled
	at org.apache.ratis.thirdparty.io.grpc.Status.asRuntimeException(Status.java:517)
	at org.apache.ratis.thirdparty.io.grpc.stub.ServerCalls$ServerCallStreamObserverImpl.onCompleted(ServerCalls.java:356)
	at org.apache.ratis.grpc.server.GrpcServerProtocolService$ServerRequestStreamObserver.onError(GrpcServerProtocolService.java:121)
	at org.apache.ratis.thirdparty.io.grpc.stub.ServerCalls$StreamingServerCallHandler$StreamingServerCallListener.onCancel(ServerCalls.java:269)
	at org.apache.ratis.thirdparty.io.grpc.internal.ServerCallImpl$ServerStreamListenerImpl.closed(ServerCallImpl.java:293)
	at org.apache.ratis.thirdparty.io.grpc.internal.ServerImpl$JumpToApplicationThreadServerStreamListener$1Closed.runInContext(ServerImpl.java:741)
	at org.apache.ratis.thirdparty.io.grpc.internal.ContextRunnable.run(ContextRunnable.java:37)
	at org.apache.ratis.thirdparty.io.grpc.internal.SerializingExecutor.run(SerializingExecutor.java:123)
	at java.util.concurrent.ThreadPoolExecutor.runWorker(ThreadPoolExecutor.java:1149)
	at java.util.concurrent.ThreadPoolExecutor$Worker.run(ThreadPoolExecutor.java:624)
	at java.lang.Thread.run(Thread.java:748)

Sep 23, 2019 5:22:54 PM org.apache.ratis.thirdparty.io.grpc.internal.SerializingExecutor run
SEVERE: Exception while executing runnable org.apache.ratis.thirdparty.io.grpc.internal.ServerImpl$JumpToApplicationThreadServerStreamListener$1Closed@719954a4
org.apache.ratis.thirdparty.io.grpc.StatusRuntimeException: CANCELLED: call already cancelled
	at org.apache.ratis.thirdparty.io.grpc.Status.asRuntimeException(Status.java:517)
	at org.apache.ratis.thirdparty.io.grpc.stub.ServerCalls$ServerCallStreamObserverImpl.onCompleted(ServerCalls.java:356)
	at org.apache.ratis.grpc.server.GrpcServerProtocolService$ServerRequestStreamObserver.onError(GrpcServerProtocolService.java:121)
	at org.apache.ratis.thirdparty.io.grpc.stub.ServerCalls$StreamingServerCallHandler$StreamingServerCallListener.onCancel(ServerCalls.java:269)
	at org.apache.ratis.thirdparty.io.grpc.internal.ServerCallImpl$ServerStreamListenerImpl.closed(ServerCallImpl.java:293)
	at org.apache.ratis.thirdparty.io.grpc.internal.ServerImpl$JumpToApplicationThreadServerStreamListener$1Closed.runInContext(ServerImpl.java:741)
	at org.apache.ratis.thirdparty.io.grpc.internal.ContextRunnable.run(ContextRunnable.java:37)
	at org.apache.ratis.thirdparty.io.grpc.internal.SerializingExecutor.run(SerializingExecutor.java:123)
	at java.util.concurrent.ThreadPoolExecutor.runWorker(ThreadPoolExecutor.java:1149)
	at java.util.concurrent.ThreadPoolExecutor$Worker.run(ThreadPoolExecutor.java:624)
	at java.lang.Thread.run(Thread.java:748)

]]></system-err>
  </testcase>
</testsuite>