<?xml version="1.0" encoding="UTF-8"?>
<testsuite xmlns:xsi="http://www.w3.org/2001/XMLSchema-instance" xsi:noNamespaceSchemaLocation="https://maven.apache.org/surefire/maven-surefire-plugin/xsd/surefire-test-report.xsd" name="org.apache.hadoop.ozone.freon.TestFreonWithPipelineDestroy" time="35.227" tests="1" errors="1" skipped="0" failures="0">
  <properties>
    <property name="awt.toolkit" value="sun.awt.X11.XToolkit"/>
    <property name="file.encoding.pkg" value="sun.io"/>
    <property name="java.specification.version" value="1.8"/>
    <property name="sun.cpu.isalist" value=""/>
    <property name="sun.jnu.encoding" value="UTF-8"/>
    <property name="java.class.path" value="/tmp/workdir/hadoop-ozone/tools/target/test-classes:/tmp/workdir/hadoop-ozone/tools/target/classes:/tmp/workdir/hadoop-ozone/ozone-manager/target/classes:/tmp/workdir/hadoop-hdds/docs/target/classes:/home/user/.m2/repository/org/bouncycastle/bcprov-jdk15on/1.60/bcprov-jdk15on-1.60.jar:/tmp/workdir/hadoop-ozone/common/target/classes:/home/user/.m2/repository/org/apache/commons/commons-compress/1.4.1/commons-compress-1.4.1.jar:/home/user/.m2/repository/org/tukaani/xz/1.0/xz-1.0.jar:/home/user/.m2/repository/org/apache/hadoop/hadoop-hdfs-client/3.2.0/hadoop-hdfs-client-3.2.0.jar:/home/user/.m2/repository/com/fasterxml/jackson/core/jackson-annotations/2.9.5/jackson-annotations-2.9.5.jar:/tmp/workdir/hadoop-hdds/common/target/classes:/tmp/workdir/hadoop-hdds/config/target/classes:/home/user/.m2/repository/javax/annotation/javax.annotation-api/1.2/javax.annotation-api-1.2.jar:/home/user/.m2/repository/org/apache/ratis/ratis-server/0.4.0-2337318-SNAPSHOT/ratis-server-0.4.0-2337318-SNAPSHOT.jar:/home/user/.m2/repository/org/apache/ratis/ratis-thirdparty-misc/0.2.0/ratis-thirdparty-misc-0.2.0.jar:/home/user/.m2/repository/org/apache/ratis/ratis-proto/0.4.0-2337318-SNAPSHOT/ratis-proto-0.4.0-2337318-SNAPSHOT.jar:/home/user/.m2/repository/org/apache/ratis/ratis-common/0.4.0-2337318-SNAPSHOT/ratis-common-0.4.0-2337318-SNAPSHOT.jar:/home/user/.m2/repository/org/apache/ratis/ratis-client/0.4.0-2337318-SNAPSHOT/ratis-client-0.4.0-2337318-SNAPSHOT.jar:/home/user/.m2/repository/org/apache/ratis/ratis-metrics/0.4.0-2337318-SNAPSHOT/ratis-metrics-0.4.0-2337318-SNAPSHOT.jar:/home/user/.m2/repository/org/apache/ratis/ratis-netty/0.4.0-2337318-SNAPSHOT/ratis-netty-0.4.0-2337318-SNAPSHOT.jar:/home/user/.m2/repository/org/apache/ratis/ratis-grpc/0.4.0-2337318-SNAPSHOT/ratis-grpc-0.4.0-2337318-SNAPSHOT.jar:/home/user/.m2/repository/org/rocksdb/rocksdbjni/6.0.1/rocksdbjni-6.0.1.jar:/home/user/.m2/repository/org/apache/logging/log4j/log4j-api/2.11.0/log4j-api-2.11.0.jar:/home/user/.m2/repository/org/apache/logging/log4j/log4j-core/2.11.0/log4j-core-2.11.0.jar:/home/user/.m2/repository/com/lmax/disruptor/3.4.2/disruptor-3.4.2.jar:/home/user/.m2/repository/org/apache/commons/commons-pool2/2.6.0/commons-pool2-2.6.0.jar:/home/user/.m2/repository/org/bouncycastle/bcpkix-jdk15on/1.60/bcpkix-jdk15on-1.60.jar:/home/user/.m2/repository/commons-validator/commons-validator/1.6/commons-validator-1.6.jar:/home/user/.m2/repository/commons-digester/commons-digester/1.8.1/commons-digester-1.8.1.jar:/home/user/.m2/repository/io/jaegertracing/jaeger-client/0.33.1/jaeger-client-0.33.1.jar:/home/user/.m2/repository/io/jaegertracing/jaeger-thrift/0.33.1/jaeger-thrift-0.33.1.jar:/home/user/.m2/repository/org/apache/thrift/libthrift/0.11.0/libthrift-0.11.0.jar:/home/user/.m2/repository/com/squareup/okhttp3/okhttp/3.9.0/okhttp-3.9.0.jar:/home/user/.m2/repository/com/squareup/okio/okio/1.13.0/okio-1.13.0.jar:/home/user/.m2/repository/io/jaegertracing/jaeger-core/0.33.1/jaeger-core-0.33.1.jar:/home/user/.m2/repository/io/jaegertracing/jaeger-tracerresolver/0.33.1/jaeger-tracerresolver-0.33.1.jar:/home/user/.m2/repository/io/opentracing/contrib/opentracing-tracerresolver/0.1.5/opentracing-tracerresolver-0.1.5.jar:/home/user/.m2/repository/io/opentracing/opentracing-util/0.31.0/opentracing-util-0.31.0.jar:/home/user/.m2/repository/io/opentracing/opentracing-api/0.31.0/opentracing-api-0.31.0.jar:/home/user/.m2/repository/io/opentracing/opentracing-noop/0.31.0/opentracing-noop-0.31.0.jar:/home/user/.m2/repository/org/yaml/snakeyaml/1.16/snakeyaml-1.16.jar:/tmp/workdir/hadoop-hdds/container-service/target/classes:/tmp/workdir/hadoop-hdds/client/target/classes:/tmp/workdir/hadoop-hdds/tools/target/classes:/home/user/.m2/repository/org/xerial/sqlite-jdbc/3.25.2/sqlite-jdbc-3.25.2.jar:/tmp/workdir/hadoop-hdds/server-scm/target/classes:/home/user/.m2/repository/org/hamcrest/hamcrest-all/1.3/hamcrest-all-1.3.jar:/home/user/.m2/repository/info/picocli/picocli/3.9.6/picocli-3.9.6.jar:/home/user/.m2/repository/com/google/protobuf/protobuf-java/2.5.0/protobuf-java-2.5.0.jar:/home/user/.m2/repository/com/google/guava/guava/11.0.2/guava-11.0.2.jar:/tmp/workdir/hadoop-ozone/client/target/classes:/home/user/.m2/repository/org/apache/hadoop/hadoop-ozone-filesystem/0.5.0-SNAPSHOT/hadoop-ozone-filesystem-0.5.0-SNAPSHOT.jar:/tmp/workdir/hadoop-hdds/framework/target/classes:/home/user/.m2/repository/org/apache/hadoop/hadoop-common/3.2.0/hadoop-common-3.2.0.jar:/home/user/.m2/repository/org/apache/hadoop/hadoop-annotations/3.2.0/hadoop-annotations-3.2.0.jar:/usr/lib/jvm/java-1.8-openjdk/jre/../lib/tools.jar:/home/user/.m2/repository/commons-cli/commons-cli/1.2/commons-cli-1.2.jar:/home/user/.m2/repository/org/apache/commons/commons-math3/3.1.1/commons-math3-3.1.1.jar:/home/user/.m2/repository/org/apache/httpcomponents/httpclient/4.5.2/httpclient-4.5.2.jar:/home/user/.m2/repository/org/apache/httpcomponents/httpcore/4.4.4/httpcore-4.4.4.jar:/home/user/.m2/repository/commons-codec/commons-codec/1.11/commons-codec-1.11.jar:/home/user/.m2/repository/commons-io/commons-io/2.5/commons-io-2.5.jar:/home/user/.m2/repository/commons-net/commons-net/3.6/commons-net-3.6.jar:/home/user/.m2/repository/commons-collections/commons-collections/3.2.2/commons-collections-3.2.2.jar:/home/user/.m2/repository/javax/servlet/javax.servlet-api/3.1.0/javax.servlet-api-3.1.0.jar:/home/user/.m2/repository/org/eclipse/jetty/jetty-server/9.3.24.v20180605/jetty-server-9.3.24.v20180605.jar:/home/user/.m2/repository/org/eclipse/jetty/jetty-http/9.3.24.v20180605/jetty-http-9.3.24.v20180605.jar:/home/user/.m2/repository/org/eclipse/jetty/jetty-io/9.3.24.v20180605/jetty-io-9.3.24.v20180605.jar:/home/user/.m2/repository/org/eclipse/jetty/jetty-util/9.3.24.v20180605/jetty-util-9.3.24.v20180605.jar:/home/user/.m2/repository/org/eclipse/jetty/jetty-servlet/9.3.24.v20180605/jetty-servlet-9.3.24.v20180605.jar:/home/user/.m2/repository/org/eclipse/jetty/jetty-security/9.3.24.v20180605/jetty-security-9.3.24.v20180605.jar:/home/user/.m2/repository/org/eclipse/jetty/jetty-webapp/9.3.24.v20180605/jetty-webapp-9.3.24.v20180605.jar:/home/user/.m2/repository/org/eclipse/jetty/jetty-xml/9.3.24.v20180605/jetty-xml-9.3.24.v20180605.jar:/home/user/.m2/repository/javax/servlet/jsp/jsp-api/2.1/jsp-api-2.1.jar:/home/user/.m2/repository/com/sun/jersey/jersey-core/1.19/jersey-core-1.19.jar:/home/user/.m2/repository/javax/ws/rs/jsr311-api/1.1.1/jsr311-api-1.1.1.jar:/home/user/.m2/repository/com/sun/jersey/jersey-servlet/1.19/jersey-servlet-1.19.jar:/home/user/.m2/repository/com/sun/jersey/jersey-json/1.19/jersey-json-1.19.jar:/home/user/.m2/repository/org/codehaus/jettison/jettison/1.1/jettison-1.1.jar:/home/user/.m2/repository/com/sun/xml/bind/jaxb-impl/2.3.0.1/jaxb-impl-2.3.0.1.jar:/home/user/.m2/repository/org/codehaus/jackson/jackson-core-asl/1.9.13/jackson-core-asl-1.9.13.jar:/home/user/.m2/repository/org/codehaus/jackson/jackson-mapper-asl/1.9.13/jackson-mapper-asl-1.9.13.jar:/home/user/.m2/repository/org/codehaus/jackson/jackson-jaxrs/1.9.13/jackson-jaxrs-1.9.13.jar:/home/user/.m2/repository/org/codehaus/jackson/jackson-xc/1.9.13/jackson-xc-1.9.13.jar:/home/user/.m2/repository/com/sun/jersey/jersey-server/1.19/jersey-server-1.19.jar:/home/user/.m2/repository/commons-logging/commons-logging/1.1.3/commons-logging-1.1.3.jar:/home/user/.m2/repository/log4j/log4j/1.2.17/log4j-1.2.17.jar:/home/user/.m2/repository/commons-beanutils/commons-beanutils/1.9.3/commons-beanutils-1.9.3.jar:/home/user/.m2/repository/org/apache/commons/commons-configuration2/2.1.1/commons-configuration2-2.1.1.jar:/home/user/.m2/repository/org/apache/commons/commons-lang3/3.7/commons-lang3-3.7.jar:/home/user/.m2/repository/org/apache/commons/commons-text/1.4/commons-text-1.4.jar:/home/user/.m2/repository/org/slf4j/slf4j-api/1.7.25/slf4j-api-1.7.25.jar:/home/user/.m2/repository/org/slf4j/slf4j-log4j12/1.7.25/slf4j-log4j12-1.7.25.jar:/home/user/.m2/repository/org/apache/avro/avro/1.7.7/avro-1.7.7.jar:/home/user/.m2/repository/com/thoughtworks/paranamer/paranamer/2.3/paranamer-2.3.jar:/home/user/.m2/repository/org/xerial/snappy/snappy-java/1.0.5/snappy-java-1.0.5.jar:/home/user/.m2/repository/com/google/re2j/re2j/1.1/re2j-1.1.jar:/home/user/.m2/repository/com/google/code/gson/gson/2.2.4/gson-2.2.4.jar:/home/user/.m2/repository/org/apache/hadoop/hadoop-auth/3.2.0/hadoop-auth-3.2.0.jar:/home/user/.m2/repository/com/nimbusds/nimbus-jose-jwt/4.41.1/nimbus-jose-jwt-4.41.1.jar:/home/user/.m2/repository/com/github/stephenc/jcip/jcip-annotations/1.0-1/jcip-annotations-1.0-1.jar:/home/user/.m2/repository/net/minidev/json-smart/2.3/json-smart-2.3.jar:/home/user/.m2/repository/net/minidev/accessors-smart/1.2/accessors-smart-1.2.jar:/home/user/.m2/repository/org/apache/curator/curator-framework/2.12.0/curator-framework-2.12.0.jar:/home/user/.m2/repository/com/jcraft/jsch/0.1.54/jsch-0.1.54.jar:/home/user/.m2/repository/org/apache/curator/curator-client/2.12.0/curator-client-2.12.0.jar:/home/user/.m2/repository/org/apache/curator/curator-recipes/2.12.0/curator-recipes-2.12.0.jar:/home/user/.m2/repository/com/google/code/findbugs/jsr305/3.0.0/jsr305-3.0.0.jar:/home/user/.m2/repository/org/apache/htrace/htrace-core4/4.1.0-incubating/htrace-core4-4.1.0-incubating.jar:/home/user/.m2/repository/org/apache/zookeeper/zookeeper/3.4.13/zookeeper-3.4.13.jar:/home/user/.m2/repository/org/apache/yetus/audience-annotations/0.5.0/audience-annotations-0.5.0.jar:/home/user/.m2/repository/org/apache/kerby/kerb-simplekdc/1.0.1/kerb-simplekdc-1.0.1.jar:/home/user/.m2/repository/org/apache/kerby/kerb-client/1.0.1/kerb-client-1.0.1.jar:/home/user/.m2/repository/org/apache/kerby/kerby-config/1.0.1/kerby-config-1.0.1.jar:/home/user/.m2/repository/org/apache/kerby/kerb-core/1.0.1/kerb-core-1.0.1.jar:/home/user/.m2/repository/org/apache/kerby/kerby-pkix/1.0.1/kerby-pkix-1.0.1.jar:/home/user/.m2/repository/org/apache/kerby/kerby-asn1/1.0.1/kerby-asn1-1.0.1.jar:/home/user/.m2/repository/org/apache/kerby/kerby-util/1.0.1/kerby-util-1.0.1.jar:/home/user/.m2/repository/org/apache/kerby/kerb-common/1.0.1/kerb-common-1.0.1.jar:/home/user/.m2/repository/org/apache/kerby/kerb-crypto/1.0.1/kerb-crypto-1.0.1.jar:/home/user/.m2/repository/org/apache/kerby/kerb-util/1.0.1/kerb-util-1.0.1.jar:/home/user/.m2/repository/org/apache/kerby/token-provider/1.0.1/token-provider-1.0.1.jar:/home/user/.m2/repository/org/apache/kerby/kerb-admin/1.0.1/kerb-admin-1.0.1.jar:/home/user/.m2/repository/org/apache/kerby/kerb-server/1.0.1/kerb-server-1.0.1.jar:/home/user/.m2/repository/org/apache/kerby/kerb-identity/1.0.1/kerb-identity-1.0.1.jar:/home/user/.m2/repository/org/apache/kerby/kerby-xdr/1.0.1/kerby-xdr-1.0.1.jar:/home/user/.m2/repository/com/fasterxml/jackson/core/jackson-databind/2.9.5/jackson-databind-2.9.5.jar:/home/user/.m2/repository/com/fasterxml/jackson/core/jackson-core/2.9.5/jackson-core-2.9.5.jar:/home/user/.m2/repository/org/codehaus/woodstox/stax2-api/3.1.4/stax2-api-3.1.4.jar:/home/user/.m2/repository/com/fasterxml/woodstox/woodstox-core/5.0.3/woodstox-core-5.0.3.jar:/home/user/.m2/repository/dnsjava/dnsjava/2.1.7/dnsjava-2.1.7.jar:/home/user/.m2/repository/org/apache/hadoop/hadoop-hdfs/3.2.0/hadoop-hdfs-3.2.0.jar:/home/user/.m2/repository/org/eclipse/jetty/jetty-util-ajax/9.3.24.v20180605/jetty-util-ajax-9.3.24.v20180605.jar:/home/user/.m2/repository/commons-daemon/commons-daemon/1.0.13/commons-daemon-1.0.13.jar:/home/user/.m2/repository/io/netty/netty/3.10.5.Final/netty-3.10.5.Final.jar:/home/user/.m2/repository/io/netty/netty-all/4.0.52.Final/netty-all-4.0.52.Final.jar:/home/user/.m2/repository/org/fusesource/leveldbjni/leveldbjni-all/1.8/leveldbjni-all-1.8.jar:/home/user/.m2/repository/com/sun/xml/bind/jaxb-core/2.3.0.1/jaxb-core-2.3.0.1.jar:/home/user/.m2/repository/javax/xml/bind/jaxb-api/2.3.0/jaxb-api-2.3.0.jar:/home/user/.m2/repository/javax/activation/activation/1.1.1/activation-1.1.1.jar:/home/user/.m2/repository/io/dropwizard/metrics/metrics-core/3.2.4/metrics-core-3.2.4.jar:/home/user/.m2/repository/org/openjdk/jmh/jmh-core/1.19/jmh-core-1.19.jar:/home/user/.m2/repository/net/sf/jopt-simple/jopt-simple/4.6/jopt-simple-4.6.jar:/home/user/.m2/repository/org/openjdk/jmh/jmh-generator-annprocess/1.19/jmh-generator-annprocess-1.19.jar:/home/user/.m2/repository/com/google/code/findbugs/findbugs/3.0.1/findbugs-3.0.1.jar:/home/user/.m2/repository/net/jcip/jcip-annotations/1.0/jcip-annotations-1.0.jar:/home/user/.m2/repository/com/google/code/findbugs/bcel-findbugs/6.0/bcel-findbugs-6.0.jar:/home/user/.m2/repository/com/google/code/findbugs/jFormatString/2.0.1/jFormatString-2.0.1.jar:/home/user/.m2/repository/dom4j/dom4j/1.6.1/dom4j-1.6.1.jar:/home/user/.m2/repository/xml-apis/xml-apis/1.0.b2/xml-apis-1.0.b2.jar:/home/user/.m2/repository/org/ow2/asm/asm-debug-all/5.0.2/asm-debug-all-5.0.2.jar:/home/user/.m2/repository/org/ow2/asm/asm-commons/5.0.2/asm-commons-5.0.2.jar:/home/user/.m2/repository/org/ow2/asm/asm-tree/5.0.2/asm-tree-5.0.2.jar:/home/user/.m2/repository/org/ow2/asm/asm/5.0.4/asm-5.0.4.jar:/home/user/.m2/repository/commons-lang/commons-lang/2.6/commons-lang-2.6.jar:/home/user/.m2/repository/com/apple/AppleJavaExtensions/1.4/AppleJavaExtensions-1.4.jar:/home/user/.m2/repository/jaxen/jaxen/1.1.6/jaxen-1.1.6.jar:/home/user/.m2/repository/junit/junit/4.11/junit-4.11.jar:/home/user/.m2/repository/org/hamcrest/hamcrest-core/1.3/hamcrest-core-1.3.jar:/home/user/.m2/repository/org/apache/hadoop/hadoop-common/3.2.0/hadoop-common-3.2.0-tests.jar:/home/user/.m2/repository/org/apache/hadoop/hadoop-ozone-integration-test/0.5.0-SNAPSHOT/hadoop-ozone-integration-test-0.5.0-SNAPSHOT-tests.jar:/tmp/workdir/hadoop-ozone/objectstore-service/target/classes:/tmp/workdir/hadoop-ozone/s3gateway/target/classes:/home/user/.m2/repository/org/jboss/weld/servlet/weld-servlet/2.4.7.Final/weld-servlet-2.4.7.Final.jar:/home/user/.m2/repository/org/glassfish/jersey/containers/jersey-container-servlet-core/2.27/jersey-container-servlet-core-2.27.jar:/home/user/.m2/repository/org/glassfish/hk2/external/javax.inject/2.5.0-b42/javax.inject-2.5.0-b42.jar:/home/user/.m2/repository/org/glassfish/jersey/core/jersey-common/2.27/jersey-common-2.27.jar:/home/user/.m2/repository/org/glassfish/hk2/osgi-resource-locator/1.0.1/osgi-resource-locator-1.0.1.jar:/home/user/.m2/repository/javax/ws/rs/javax.ws.rs-api/2.1/javax.ws.rs-api-2.1.jar:/home/user/.m2/repository/org/glassfish/jersey/ext/cdi/jersey-cdi1x/2.27/jersey-cdi1x-2.27.jar:/home/user/.m2/repository/org/glassfish/jersey/inject/jersey-hk2/2.27/jersey-hk2-2.27.jar:/home/user/.m2/repository/org/glassfish/hk2/hk2-locator/2.5.0-b42/hk2-locator-2.5.0-b42.jar:/home/user/.m2/repository/org/javassist/javassist/3.22.0-CR2/javassist-3.22.0-CR2.jar:/home/user/.m2/repository/org/glassfish/hk2/hk2-api/2.5.0/hk2-api-2.5.0.jar:/home/user/.m2/repository/org/glassfish/hk2/external/jakarta.inject/2.5.0/jakarta.inject-2.5.0.jar:/home/user/.m2/repository/org/glassfish/hk2/hk2-utils/2.5.0/hk2-utils-2.5.0.jar:/home/user/.m2/repository/jakarta/annotation/jakarta.annotation-api/1.3.4/jakarta.annotation-api-1.3.4.jar:/home/user/.m2/repository/org/glassfish/hk2/external/aopalliance-repackaged/2.5.0/aopalliance-repackaged-2.5.0.jar:/home/user/.m2/repository/com/fasterxml/jackson/dataformat/jackson-dataformat-xml/2.9.0/jackson-dataformat-xml-2.9.0.jar:/home/user/.m2/repository/com/fasterxml/jackson/module/jackson-module-jaxb-annotations/2.9.5/jackson-module-jaxb-annotations-2.9.5.jar:/home/user/.m2/repository/javax/enterprise/cdi-api/1.2/cdi-api-1.2.jar:/home/user/.m2/repository/javax/el/javax.el-api/3.0.0/javax.el-api-3.0.0.jar:/home/user/.m2/repository/javax/interceptor/javax.interceptor-api/1.2/javax.interceptor-api-1.2.jar:/home/user/.m2/repository/javax/inject/javax.inject/1/javax.inject-1.jar:/tmp/workdir/hadoop-ozone/csi/target/classes:/home/user/.m2/repository/com/google/protobuf/protobuf-java-util/3.5.1/protobuf-java-util-3.5.1.jar:/home/user/.m2/repository/io/grpc/grpc-netty/1.17.1/grpc-netty-1.17.1.jar:/home/user/.m2/repository/io/grpc/grpc-core/1.17.1/grpc-core-1.17.1.jar:/home/user/.m2/repository/io/grpc/grpc-context/1.17.1/grpc-context-1.17.1.jar:/home/user/.m2/repository/com/google/errorprone/error_prone_annotations/2.2.0/error_prone_annotations-2.2.0.jar:/home/user/.m2/repository/org/codehaus/mojo/animal-sniffer-annotations/1.17/animal-sniffer-annotations-1.17.jar:/home/user/.m2/repository/io/opencensus/opencensus-api/0.17.0/opencensus-api-0.17.0.jar:/home/user/.m2/repository/io/opencensus/opencensus-contrib-grpc-metrics/0.17.0/opencensus-contrib-grpc-metrics-0.17.0.jar:/home/user/.m2/repository/io/netty/netty-codec-http2/4.1.30.Final/netty-codec-http2-4.1.30.Final.jar:/home/user/.m2/repository/io/netty/netty-codec-http/4.1.30.Final/netty-codec-http-4.1.30.Final.jar:/home/user/.m2/repository/io/netty/netty-codec/4.1.30.Final/netty-codec-4.1.30.Final.jar:/home/user/.m2/repository/io/netty/netty-handler/4.1.30.Final/netty-handler-4.1.30.Final.jar:/home/user/.m2/repository/io/netty/netty-handler-proxy/4.1.30.Final/netty-handler-proxy-4.1.30.Final.jar:/home/user/.m2/repository/io/netty/netty-codec-socks/4.1.30.Final/netty-codec-socks-4.1.30.Final.jar:/home/user/.m2/repository/io/netty/netty-transport-native-epoll/4.1.30.Final/netty-transport-native-epoll-4.1.30.Final.jar:/home/user/.m2/repository/io/netty/netty-common/4.1.30.Final/netty-common-4.1.30.Final.jar:/home/user/.m2/repository/io/netty/netty-buffer/4.1.30.Final/netty-buffer-4.1.30.Final.jar:/home/user/.m2/repository/io/netty/netty-transport/4.1.30.Final/netty-transport-4.1.30.Final.jar:/home/user/.m2/repository/io/netty/netty-resolver/4.1.30.Final/netty-resolver-4.1.30.Final.jar:/home/user/.m2/repository/io/netty/netty-transport-native-unix-common/4.1.30.Final/netty-transport-native-unix-common-4.1.30.Final.jar:/home/user/.m2/repository/io/grpc/grpc-protobuf/1.17.1/grpc-protobuf-1.17.1.jar:/home/user/.m2/repository/com/google/api/grpc/proto-google-common-protos/1.0.0/proto-google-common-protos-1.0.0.jar:/home/user/.m2/repository/io/grpc/grpc-protobuf-lite/1.17.1/grpc-protobuf-lite-1.17.1.jar:/home/user/.m2/repository/io/grpc/grpc-stub/1.17.1/grpc-stub-1.17.1.jar:/tmp/workdir/hadoop-ozone/ozone-recon/target/classes:/tmp/workdir/hadoop-ozone/ozone-recon-codegen/target/classes:/home/user/.m2/repository/com/google/inject/extensions/guice-multibindings/4.0/guice-multibindings-4.0.jar:/home/user/.m2/repository/com/google/inject/guice/4.0/guice-4.0.jar:/home/user/.m2/repository/aopalliance/aopalliance/1.0/aopalliance-1.0.jar:/home/user/.m2/repository/com/google/inject/extensions/guice-servlet/4.0/guice-servlet-4.0.jar:/home/user/.m2/repository/org/glassfish/jersey/containers/jersey-container-servlet/2.27/jersey-container-servlet-2.27.jar:/home/user/.m2/repository/org/glassfish/hk2/guice-bridge/2.5.0/guice-bridge-2.5.0.jar:/home/user/.m2/repository/org/glassfish/jersey/core/jersey-server/2.27/jersey-server-2.27.jar:/home/user/.m2/repository/org/glassfish/jersey/core/jersey-client/2.27/jersey-client-2.27.jar:/home/user/.m2/repository/org/glassfish/jersey/media/jersey-media-jaxb/2.27/jersey-media-jaxb-2.27.jar:/home/user/.m2/repository/javax/validation/validation-api/1.1.0.Final/validation-api-1.1.0.Final.jar:/home/user/.m2/repository/org/glassfish/jersey/media/jersey-media-json-jackson/2.27/jersey-media-json-jackson-2.27.jar:/home/user/.m2/repository/org/glassfish/jersey/ext/jersey-entity-filtering/2.27/jersey-entity-filtering-2.27.jar:/home/user/.m2/repository/com/google/inject/extensions/guice-assistedinject/4.0/guice-assistedinject-4.0.jar:/home/user/.m2/repository/org/jooq/jooq/3.11.10/jooq-3.11.10.jar:/home/user/.m2/repository/org/jooq/jooq-meta/3.11.10/jooq-meta-3.11.10.jar:/home/user/.m2/repository/org/jooq/jooq-codegen/3.11.10/jooq-codegen-3.11.10.jar:/home/user/.m2/repository/com/jolbox/bonecp/0.8.0.RELEASE/bonecp-0.8.0.RELEASE.jar:/home/user/.m2/repository/org/springframework/spring-jdbc/5.1.3.RELEASE/spring-jdbc-5.1.3.RELEASE.jar:/home/user/.m2/repository/org/springframework/spring-beans/5.1.3.RELEASE/spring-beans-5.1.3.RELEASE.jar:/home/user/.m2/repository/org/springframework/spring-core/5.1.3.RELEASE/spring-core-5.1.3.RELEASE.jar:/home/user/.m2/repository/org/springframework/spring-jcl/5.1.3.RELEASE/spring-jcl-5.1.3.RELEASE.jar:/home/user/.m2/repository/org/springframework/spring-tx/5.1.3.RELEASE/spring-tx-5.1.3.RELEASE.jar:/home/user/.m2/repository/org/mockito/mockito-core/2.15.0/mockito-core-2.15.0.jar:/home/user/.m2/repository/net/bytebuddy/byte-buddy/1.7.9/byte-buddy-1.7.9.jar:/home/user/.m2/repository/net/bytebuddy/byte-buddy-agent/1.7.9/byte-buddy-agent-1.7.9.jar:/home/user/.m2/repository/org/objenesis/objenesis/1.0/objenesis-1.0.jar:"/>
    <property name="java.vm.vendor" value="IcedTea"/>
    <property name="sun.arch.data.model" value="64"/>
    <property name="test.build.dir" value="/tmp/workdir/hadoop-ozone/tools/target/test-dir"/>
    <property name="test.cache.data" value=""/>
    <property name="java.vendor.url" value="https://icedtea.classpath.org"/>
    <property name="user.timezone" value=""/>
    <property name="java.vm.specification.version" value="1.8"/>
    <property name="os.name" value="Linux"/>
    <property name="test.build.data" value="/tmp/workdir/hadoop-ozone/tools/target/test-dir"/>
    <property name="user.country" value="US"/>
    <property name="sun.java.launcher" value="SUN_STANDARD"/>
    <property name="sun.boot.library.path" value="/usr/lib/jvm/java-1.8-openjdk/jre/lib/amd64"/>
    <property name="sun.java.command" value="/tmp/workdir/hadoop-ozone/tools/target/surefire/surefirebooter550830664385125683.jar /tmp/workdir/hadoop-ozone/tools/target/surefire 2019-07-10T11-06-22_612-jvmRun1 surefire6986628037699025027tmp surefire_1013798974501399204553tmp"/>
    <property name="surefire.test.class.path" value="/tmp/workdir/hadoop-ozone/tools/target/test-classes:/tmp/workdir/hadoop-ozone/tools/target/classes:/tmp/workdir/hadoop-ozone/ozone-manager/target/classes:/tmp/workdir/hadoop-hdds/docs/target/classes:/home/user/.m2/repository/org/bouncycastle/bcprov-jdk15on/1.60/bcprov-jdk15on-1.60.jar:/tmp/workdir/hadoop-ozone/common/target/classes:/home/user/.m2/repository/org/apache/commons/commons-compress/1.4.1/commons-compress-1.4.1.jar:/home/user/.m2/repository/org/tukaani/xz/1.0/xz-1.0.jar:/home/user/.m2/repository/org/apache/hadoop/hadoop-hdfs-client/3.2.0/hadoop-hdfs-client-3.2.0.jar:/home/user/.m2/repository/com/fasterxml/jackson/core/jackson-annotations/2.9.5/jackson-annotations-2.9.5.jar:/tmp/workdir/hadoop-hdds/common/target/classes:/tmp/workdir/hadoop-hdds/config/target/classes:/home/user/.m2/repository/javax/annotation/javax.annotation-api/1.2/javax.annotation-api-1.2.jar:/home/user/.m2/repository/org/apache/ratis/ratis-server/0.4.0-2337318-SNAPSHOT/ratis-server-0.4.0-2337318-SNAPSHOT.jar:/home/user/.m2/repository/org/apache/ratis/ratis-thirdparty-misc/0.2.0/ratis-thirdparty-misc-0.2.0.jar:/home/user/.m2/repository/org/apache/ratis/ratis-proto/0.4.0-2337318-SNAPSHOT/ratis-proto-0.4.0-2337318-SNAPSHOT.jar:/home/user/.m2/repository/org/apache/ratis/ratis-common/0.4.0-2337318-SNAPSHOT/ratis-common-0.4.0-2337318-SNAPSHOT.jar:/home/user/.m2/repository/org/apache/ratis/ratis-client/0.4.0-2337318-SNAPSHOT/ratis-client-0.4.0-2337318-SNAPSHOT.jar:/home/user/.m2/repository/org/apache/ratis/ratis-metrics/0.4.0-2337318-SNAPSHOT/ratis-metrics-0.4.0-2337318-SNAPSHOT.jar:/home/user/.m2/repository/org/apache/ratis/ratis-netty/0.4.0-2337318-SNAPSHOT/ratis-netty-0.4.0-2337318-SNAPSHOT.jar:/home/user/.m2/repository/org/apache/ratis/ratis-grpc/0.4.0-2337318-SNAPSHOT/ratis-grpc-0.4.0-2337318-SNAPSHOT.jar:/home/user/.m2/repository/org/rocksdb/rocksdbjni/6.0.1/rocksdbjni-6.0.1.jar:/home/user/.m2/repository/org/apache/logging/log4j/log4j-api/2.11.0/log4j-api-2.11.0.jar:/home/user/.m2/repository/org/apache/logging/log4j/log4j-core/2.11.0/log4j-core-2.11.0.jar:/home/user/.m2/repository/com/lmax/disruptor/3.4.2/disruptor-3.4.2.jar:/home/user/.m2/repository/org/apache/commons/commons-pool2/2.6.0/commons-pool2-2.6.0.jar:/home/user/.m2/repository/org/bouncycastle/bcpkix-jdk15on/1.60/bcpkix-jdk15on-1.60.jar:/home/user/.m2/repository/commons-validator/commons-validator/1.6/commons-validator-1.6.jar:/home/user/.m2/repository/commons-digester/commons-digester/1.8.1/commons-digester-1.8.1.jar:/home/user/.m2/repository/io/jaegertracing/jaeger-client/0.33.1/jaeger-client-0.33.1.jar:/home/user/.m2/repository/io/jaegertracing/jaeger-thrift/0.33.1/jaeger-thrift-0.33.1.jar:/home/user/.m2/repository/org/apache/thrift/libthrift/0.11.0/libthrift-0.11.0.jar:/home/user/.m2/repository/com/squareup/okhttp3/okhttp/3.9.0/okhttp-3.9.0.jar:/home/user/.m2/repository/com/squareup/okio/okio/1.13.0/okio-1.13.0.jar:/home/user/.m2/repository/io/jaegertracing/jaeger-core/0.33.1/jaeger-core-0.33.1.jar:/home/user/.m2/repository/io/jaegertracing/jaeger-tracerresolver/0.33.1/jaeger-tracerresolver-0.33.1.jar:/home/user/.m2/repository/io/opentracing/contrib/opentracing-tracerresolver/0.1.5/opentracing-tracerresolver-0.1.5.jar:/home/user/.m2/repository/io/opentracing/opentracing-util/0.31.0/opentracing-util-0.31.0.jar:/home/user/.m2/repository/io/opentracing/opentracing-api/0.31.0/opentracing-api-0.31.0.jar:/home/user/.m2/repository/io/opentracing/opentracing-noop/0.31.0/opentracing-noop-0.31.0.jar:/home/user/.m2/repository/org/yaml/snakeyaml/1.16/snakeyaml-1.16.jar:/tmp/workdir/hadoop-hdds/container-service/target/classes:/tmp/workdir/hadoop-hdds/client/target/classes:/tmp/workdir/hadoop-hdds/tools/target/classes:/home/user/.m2/repository/org/xerial/sqlite-jdbc/3.25.2/sqlite-jdbc-3.25.2.jar:/tmp/workdir/hadoop-hdds/server-scm/target/classes:/home/user/.m2/repository/org/hamcrest/hamcrest-all/1.3/hamcrest-all-1.3.jar:/home/user/.m2/repository/info/picocli/picocli/3.9.6/picocli-3.9.6.jar:/home/user/.m2/repository/com/google/protobuf/protobuf-java/2.5.0/protobuf-java-2.5.0.jar:/home/user/.m2/repository/com/google/guava/guava/11.0.2/guava-11.0.2.jar:/tmp/workdir/hadoop-ozone/client/target/classes:/home/user/.m2/repository/org/apache/hadoop/hadoop-ozone-filesystem/0.5.0-SNAPSHOT/hadoop-ozone-filesystem-0.5.0-SNAPSHOT.jar:/tmp/workdir/hadoop-hdds/framework/target/classes:/home/user/.m2/repository/org/apache/hadoop/hadoop-common/3.2.0/hadoop-common-3.2.0.jar:/home/user/.m2/repository/org/apache/hadoop/hadoop-annotations/3.2.0/hadoop-annotations-3.2.0.jar:/usr/lib/jvm/java-1.8-openjdk/jre/../lib/tools.jar:/home/user/.m2/repository/commons-cli/commons-cli/1.2/commons-cli-1.2.jar:/home/user/.m2/repository/org/apache/commons/commons-math3/3.1.1/commons-math3-3.1.1.jar:/home/user/.m2/repository/org/apache/httpcomponents/httpclient/4.5.2/httpclient-4.5.2.jar:/home/user/.m2/repository/org/apache/httpcomponents/httpcore/4.4.4/httpcore-4.4.4.jar:/home/user/.m2/repository/commons-codec/commons-codec/1.11/commons-codec-1.11.jar:/home/user/.m2/repository/commons-io/commons-io/2.5/commons-io-2.5.jar:/home/user/.m2/repository/commons-net/commons-net/3.6/commons-net-3.6.jar:/home/user/.m2/repository/commons-collections/commons-collections/3.2.2/commons-collections-3.2.2.jar:/home/user/.m2/repository/javax/servlet/javax.servlet-api/3.1.0/javax.servlet-api-3.1.0.jar:/home/user/.m2/repository/org/eclipse/jetty/jetty-server/9.3.24.v20180605/jetty-server-9.3.24.v20180605.jar:/home/user/.m2/repository/org/eclipse/jetty/jetty-http/9.3.24.v20180605/jetty-http-9.3.24.v20180605.jar:/home/user/.m2/repository/org/eclipse/jetty/jetty-io/9.3.24.v20180605/jetty-io-9.3.24.v20180605.jar:/home/user/.m2/repository/org/eclipse/jetty/jetty-util/9.3.24.v20180605/jetty-util-9.3.24.v20180605.jar:/home/user/.m2/repository/org/eclipse/jetty/jetty-servlet/9.3.24.v20180605/jetty-servlet-9.3.24.v20180605.jar:/home/user/.m2/repository/org/eclipse/jetty/jetty-security/9.3.24.v20180605/jetty-security-9.3.24.v20180605.jar:/home/user/.m2/repository/org/eclipse/jetty/jetty-webapp/9.3.24.v20180605/jetty-webapp-9.3.24.v20180605.jar:/home/user/.m2/repository/org/eclipse/jetty/jetty-xml/9.3.24.v20180605/jetty-xml-9.3.24.v20180605.jar:/home/user/.m2/repository/javax/servlet/jsp/jsp-api/2.1/jsp-api-2.1.jar:/home/user/.m2/repository/com/sun/jersey/jersey-core/1.19/jersey-core-1.19.jar:/home/user/.m2/repository/javax/ws/rs/jsr311-api/1.1.1/jsr311-api-1.1.1.jar:/home/user/.m2/repository/com/sun/jersey/jersey-servlet/1.19/jersey-servlet-1.19.jar:/home/user/.m2/repository/com/sun/jersey/jersey-json/1.19/jersey-json-1.19.jar:/home/user/.m2/repository/org/codehaus/jettison/jettison/1.1/jettison-1.1.jar:/home/user/.m2/repository/com/sun/xml/bind/jaxb-impl/2.3.0.1/jaxb-impl-2.3.0.1.jar:/home/user/.m2/repository/org/codehaus/jackson/jackson-core-asl/1.9.13/jackson-core-asl-1.9.13.jar:/home/user/.m2/repository/org/codehaus/jackson/jackson-mapper-asl/1.9.13/jackson-mapper-asl-1.9.13.jar:/home/user/.m2/repository/org/codehaus/jackson/jackson-jaxrs/1.9.13/jackson-jaxrs-1.9.13.jar:/home/user/.m2/repository/org/codehaus/jackson/jackson-xc/1.9.13/jackson-xc-1.9.13.jar:/home/user/.m2/repository/com/sun/jersey/jersey-server/1.19/jersey-server-1.19.jar:/home/user/.m2/repository/commons-logging/commons-logging/1.1.3/commons-logging-1.1.3.jar:/home/user/.m2/repository/log4j/log4j/1.2.17/log4j-1.2.17.jar:/home/user/.m2/repository/commons-beanutils/commons-beanutils/1.9.3/commons-beanutils-1.9.3.jar:/home/user/.m2/repository/org/apache/commons/commons-configuration2/2.1.1/commons-configuration2-2.1.1.jar:/home/user/.m2/repository/org/apache/commons/commons-lang3/3.7/commons-lang3-3.7.jar:/home/user/.m2/repository/org/apache/commons/commons-text/1.4/commons-text-1.4.jar:/home/user/.m2/repository/org/slf4j/slf4j-api/1.7.25/slf4j-api-1.7.25.jar:/home/user/.m2/repository/org/slf4j/slf4j-log4j12/1.7.25/slf4j-log4j12-1.7.25.jar:/home/user/.m2/repository/org/apache/avro/avro/1.7.7/avro-1.7.7.jar:/home/user/.m2/repository/com/thoughtworks/paranamer/paranamer/2.3/paranamer-2.3.jar:/home/user/.m2/repository/org/xerial/snappy/snappy-java/1.0.5/snappy-java-1.0.5.jar:/home/user/.m2/repository/com/google/re2j/re2j/1.1/re2j-1.1.jar:/home/user/.m2/repository/com/google/code/gson/gson/2.2.4/gson-2.2.4.jar:/home/user/.m2/repository/org/apache/hadoop/hadoop-auth/3.2.0/hadoop-auth-3.2.0.jar:/home/user/.m2/repository/com/nimbusds/nimbus-jose-jwt/4.41.1/nimbus-jose-jwt-4.41.1.jar:/home/user/.m2/repository/com/github/stephenc/jcip/jcip-annotations/1.0-1/jcip-annotations-1.0-1.jar:/home/user/.m2/repository/net/minidev/json-smart/2.3/json-smart-2.3.jar:/home/user/.m2/repository/net/minidev/accessors-smart/1.2/accessors-smart-1.2.jar:/home/user/.m2/repository/org/apache/curator/curator-framework/2.12.0/curator-framework-2.12.0.jar:/home/user/.m2/repository/com/jcraft/jsch/0.1.54/jsch-0.1.54.jar:/home/user/.m2/repository/org/apache/curator/curator-client/2.12.0/curator-client-2.12.0.jar:/home/user/.m2/repository/org/apache/curator/curator-recipes/2.12.0/curator-recipes-2.12.0.jar:/home/user/.m2/repository/com/google/code/findbugs/jsr305/3.0.0/jsr305-3.0.0.jar:/home/user/.m2/repository/org/apache/htrace/htrace-core4/4.1.0-incubating/htrace-core4-4.1.0-incubating.jar:/home/user/.m2/repository/org/apache/zookeeper/zookeeper/3.4.13/zookeeper-3.4.13.jar:/home/user/.m2/repository/org/apache/yetus/audience-annotations/0.5.0/audience-annotations-0.5.0.jar:/home/user/.m2/repository/org/apache/kerby/kerb-simplekdc/1.0.1/kerb-simplekdc-1.0.1.jar:/home/user/.m2/repository/org/apache/kerby/kerb-client/1.0.1/kerb-client-1.0.1.jar:/home/user/.m2/repository/org/apache/kerby/kerby-config/1.0.1/kerby-config-1.0.1.jar:/home/user/.m2/repository/org/apache/kerby/kerb-core/1.0.1/kerb-core-1.0.1.jar:/home/user/.m2/repository/org/apache/kerby/kerby-pkix/1.0.1/kerby-pkix-1.0.1.jar:/home/user/.m2/repository/org/apache/kerby/kerby-asn1/1.0.1/kerby-asn1-1.0.1.jar:/home/user/.m2/repository/org/apache/kerby/kerby-util/1.0.1/kerby-util-1.0.1.jar:/home/user/.m2/repository/org/apache/kerby/kerb-common/1.0.1/kerb-common-1.0.1.jar:/home/user/.m2/repository/org/apache/kerby/kerb-crypto/1.0.1/kerb-crypto-1.0.1.jar:/home/user/.m2/repository/org/apache/kerby/kerb-util/1.0.1/kerb-util-1.0.1.jar:/home/user/.m2/repository/org/apache/kerby/token-provider/1.0.1/token-provider-1.0.1.jar:/home/user/.m2/repository/org/apache/kerby/kerb-admin/1.0.1/kerb-admin-1.0.1.jar:/home/user/.m2/repository/org/apache/kerby/kerb-server/1.0.1/kerb-server-1.0.1.jar:/home/user/.m2/repository/org/apache/kerby/kerb-identity/1.0.1/kerb-identity-1.0.1.jar:/home/user/.m2/repository/org/apache/kerby/kerby-xdr/1.0.1/kerby-xdr-1.0.1.jar:/home/user/.m2/repository/com/fasterxml/jackson/core/jackson-databind/2.9.5/jackson-databind-2.9.5.jar:/home/user/.m2/repository/com/fasterxml/jackson/core/jackson-core/2.9.5/jackson-core-2.9.5.jar:/home/user/.m2/repository/org/codehaus/woodstox/stax2-api/3.1.4/stax2-api-3.1.4.jar:/home/user/.m2/repository/com/fasterxml/woodstox/woodstox-core/5.0.3/woodstox-core-5.0.3.jar:/home/user/.m2/repository/dnsjava/dnsjava/2.1.7/dnsjava-2.1.7.jar:/home/user/.m2/repository/org/apache/hadoop/hadoop-hdfs/3.2.0/hadoop-hdfs-3.2.0.jar:/home/user/.m2/repository/org/eclipse/jetty/jetty-util-ajax/9.3.24.v20180605/jetty-util-ajax-9.3.24.v20180605.jar:/home/user/.m2/repository/commons-daemon/commons-daemon/1.0.13/commons-daemon-1.0.13.jar:/home/user/.m2/repository/io/netty/netty/3.10.5.Final/netty-3.10.5.Final.jar:/home/user/.m2/repository/io/netty/netty-all/4.0.52.Final/netty-all-4.0.52.Final.jar:/home/user/.m2/repository/org/fusesource/leveldbjni/leveldbjni-all/1.8/leveldbjni-all-1.8.jar:/home/user/.m2/repository/com/sun/xml/bind/jaxb-core/2.3.0.1/jaxb-core-2.3.0.1.jar:/home/user/.m2/repository/javax/xml/bind/jaxb-api/2.3.0/jaxb-api-2.3.0.jar:/home/user/.m2/repository/javax/activation/activation/1.1.1/activation-1.1.1.jar:/home/user/.m2/repository/io/dropwizard/metrics/metrics-core/3.2.4/metrics-core-3.2.4.jar:/home/user/.m2/repository/org/openjdk/jmh/jmh-core/1.19/jmh-core-1.19.jar:/home/user/.m2/repository/net/sf/jopt-simple/jopt-simple/4.6/jopt-simple-4.6.jar:/home/user/.m2/repository/org/openjdk/jmh/jmh-generator-annprocess/1.19/jmh-generator-annprocess-1.19.jar:/home/user/.m2/repository/com/google/code/findbugs/findbugs/3.0.1/findbugs-3.0.1.jar:/home/user/.m2/repository/net/jcip/jcip-annotations/1.0/jcip-annotations-1.0.jar:/home/user/.m2/repository/com/google/code/findbugs/bcel-findbugs/6.0/bcel-findbugs-6.0.jar:/home/user/.m2/repository/com/google/code/findbugs/jFormatString/2.0.1/jFormatString-2.0.1.jar:/home/user/.m2/repository/dom4j/dom4j/1.6.1/dom4j-1.6.1.jar:/home/user/.m2/repository/xml-apis/xml-apis/1.0.b2/xml-apis-1.0.b2.jar:/home/user/.m2/repository/org/ow2/asm/asm-debug-all/5.0.2/asm-debug-all-5.0.2.jar:/home/user/.m2/repository/org/ow2/asm/asm-commons/5.0.2/asm-commons-5.0.2.jar:/home/user/.m2/repository/org/ow2/asm/asm-tree/5.0.2/asm-tree-5.0.2.jar:/home/user/.m2/repository/org/ow2/asm/asm/5.0.4/asm-5.0.4.jar:/home/user/.m2/repository/commons-lang/commons-lang/2.6/commons-lang-2.6.jar:/home/user/.m2/repository/com/apple/AppleJavaExtensions/1.4/AppleJavaExtensions-1.4.jar:/home/user/.m2/repository/jaxen/jaxen/1.1.6/jaxen-1.1.6.jar:/home/user/.m2/repository/junit/junit/4.11/junit-4.11.jar:/home/user/.m2/repository/org/hamcrest/hamcrest-core/1.3/hamcrest-core-1.3.jar:/home/user/.m2/repository/org/apache/hadoop/hadoop-common/3.2.0/hadoop-common-3.2.0-tests.jar:/home/user/.m2/repository/org/apache/hadoop/hadoop-ozone-integration-test/0.5.0-SNAPSHOT/hadoop-ozone-integration-test-0.5.0-SNAPSHOT-tests.jar:/tmp/workdir/hadoop-ozone/objectstore-service/target/classes:/tmp/workdir/hadoop-ozone/s3gateway/target/classes:/home/user/.m2/repository/org/jboss/weld/servlet/weld-servlet/2.4.7.Final/weld-servlet-2.4.7.Final.jar:/home/user/.m2/repository/org/glassfish/jersey/containers/jersey-container-servlet-core/2.27/jersey-container-servlet-core-2.27.jar:/home/user/.m2/repository/org/glassfish/hk2/external/javax.inject/2.5.0-b42/javax.inject-2.5.0-b42.jar:/home/user/.m2/repository/org/glassfish/jersey/core/jersey-common/2.27/jersey-common-2.27.jar:/home/user/.m2/repository/org/glassfish/hk2/osgi-resource-locator/1.0.1/osgi-resource-locator-1.0.1.jar:/home/user/.m2/repository/javax/ws/rs/javax.ws.rs-api/2.1/javax.ws.rs-api-2.1.jar:/home/user/.m2/repository/org/glassfish/jersey/ext/cdi/jersey-cdi1x/2.27/jersey-cdi1x-2.27.jar:/home/user/.m2/repository/org/glassfish/jersey/inject/jersey-hk2/2.27/jersey-hk2-2.27.jar:/home/user/.m2/repository/org/glassfish/hk2/hk2-locator/2.5.0-b42/hk2-locator-2.5.0-b42.jar:/home/user/.m2/repository/org/javassist/javassist/3.22.0-CR2/javassist-3.22.0-CR2.jar:/home/user/.m2/repository/org/glassfish/hk2/hk2-api/2.5.0/hk2-api-2.5.0.jar:/home/user/.m2/repository/org/glassfish/hk2/external/jakarta.inject/2.5.0/jakarta.inject-2.5.0.jar:/home/user/.m2/repository/org/glassfish/hk2/hk2-utils/2.5.0/hk2-utils-2.5.0.jar:/home/user/.m2/repository/jakarta/annotation/jakarta.annotation-api/1.3.4/jakarta.annotation-api-1.3.4.jar:/home/user/.m2/repository/org/glassfish/hk2/external/aopalliance-repackaged/2.5.0/aopalliance-repackaged-2.5.0.jar:/home/user/.m2/repository/com/fasterxml/jackson/dataformat/jackson-dataformat-xml/2.9.0/jackson-dataformat-xml-2.9.0.jar:/home/user/.m2/repository/com/fasterxml/jackson/module/jackson-module-jaxb-annotations/2.9.5/jackson-module-jaxb-annotations-2.9.5.jar:/home/user/.m2/repository/javax/enterprise/cdi-api/1.2/cdi-api-1.2.jar:/home/user/.m2/repository/javax/el/javax.el-api/3.0.0/javax.el-api-3.0.0.jar:/home/user/.m2/repository/javax/interceptor/javax.interceptor-api/1.2/javax.interceptor-api-1.2.jar:/home/user/.m2/repository/javax/inject/javax.inject/1/javax.inject-1.jar:/tmp/workdir/hadoop-ozone/csi/target/classes:/home/user/.m2/repository/com/google/protobuf/protobuf-java-util/3.5.1/protobuf-java-util-3.5.1.jar:/home/user/.m2/repository/io/grpc/grpc-netty/1.17.1/grpc-netty-1.17.1.jar:/home/user/.m2/repository/io/grpc/grpc-core/1.17.1/grpc-core-1.17.1.jar:/home/user/.m2/repository/io/grpc/grpc-context/1.17.1/grpc-context-1.17.1.jar:/home/user/.m2/repository/com/google/errorprone/error_prone_annotations/2.2.0/error_prone_annotations-2.2.0.jar:/home/user/.m2/repository/org/codehaus/mojo/animal-sniffer-annotations/1.17/animal-sniffer-annotations-1.17.jar:/home/user/.m2/repository/io/opencensus/opencensus-api/0.17.0/opencensus-api-0.17.0.jar:/home/user/.m2/repository/io/opencensus/opencensus-contrib-grpc-metrics/0.17.0/opencensus-contrib-grpc-metrics-0.17.0.jar:/home/user/.m2/repository/io/netty/netty-codec-http2/4.1.30.Final/netty-codec-http2-4.1.30.Final.jar:/home/user/.m2/repository/io/netty/netty-codec-http/4.1.30.Final/netty-codec-http-4.1.30.Final.jar:/home/user/.m2/repository/io/netty/netty-codec/4.1.30.Final/netty-codec-4.1.30.Final.jar:/home/user/.m2/repository/io/netty/netty-handler/4.1.30.Final/netty-handler-4.1.30.Final.jar:/home/user/.m2/repository/io/netty/netty-handler-proxy/4.1.30.Final/netty-handler-proxy-4.1.30.Final.jar:/home/user/.m2/repository/io/netty/netty-codec-socks/4.1.30.Final/netty-codec-socks-4.1.30.Final.jar:/home/user/.m2/repository/io/netty/netty-transport-native-epoll/4.1.30.Final/netty-transport-native-epoll-4.1.30.Final.jar:/home/user/.m2/repository/io/netty/netty-common/4.1.30.Final/netty-common-4.1.30.Final.jar:/home/user/.m2/repository/io/netty/netty-buffer/4.1.30.Final/netty-buffer-4.1.30.Final.jar:/home/user/.m2/repository/io/netty/netty-transport/4.1.30.Final/netty-transport-4.1.30.Final.jar:/home/user/.m2/repository/io/netty/netty-resolver/4.1.30.Final/netty-resolver-4.1.30.Final.jar:/home/user/.m2/repository/io/netty/netty-transport-native-unix-common/4.1.30.Final/netty-transport-native-unix-common-4.1.30.Final.jar:/home/user/.m2/repository/io/grpc/grpc-protobuf/1.17.1/grpc-protobuf-1.17.1.jar:/home/user/.m2/repository/com/google/api/grpc/proto-google-common-protos/1.0.0/proto-google-common-protos-1.0.0.jar:/home/user/.m2/repository/io/grpc/grpc-protobuf-lite/1.17.1/grpc-protobuf-lite-1.17.1.jar:/home/user/.m2/repository/io/grpc/grpc-stub/1.17.1/grpc-stub-1.17.1.jar:/tmp/workdir/hadoop-ozone/ozone-recon/target/classes:/tmp/workdir/hadoop-ozone/ozone-recon-codegen/target/classes:/home/user/.m2/repository/com/google/inject/extensions/guice-multibindings/4.0/guice-multibindings-4.0.jar:/home/user/.m2/repository/com/google/inject/guice/4.0/guice-4.0.jar:/home/user/.m2/repository/aopalliance/aopalliance/1.0/aopalliance-1.0.jar:/home/user/.m2/repository/com/google/inject/extensions/guice-servlet/4.0/guice-servlet-4.0.jar:/home/user/.m2/repository/org/glassfish/jersey/containers/jersey-container-servlet/2.27/jersey-container-servlet-2.27.jar:/home/user/.m2/repository/org/glassfish/hk2/guice-bridge/2.5.0/guice-bridge-2.5.0.jar:/home/user/.m2/repository/org/glassfish/jersey/core/jersey-server/2.27/jersey-server-2.27.jar:/home/user/.m2/repository/org/glassfish/jersey/core/jersey-client/2.27/jersey-client-2.27.jar:/home/user/.m2/repository/org/glassfish/jersey/media/jersey-media-jaxb/2.27/jersey-media-jaxb-2.27.jar:/home/user/.m2/repository/javax/validation/validation-api/1.1.0.Final/validation-api-1.1.0.Final.jar:/home/user/.m2/repository/org/glassfish/jersey/media/jersey-media-json-jackson/2.27/jersey-media-json-jackson-2.27.jar:/home/user/.m2/repository/org/glassfish/jersey/ext/jersey-entity-filtering/2.27/jersey-entity-filtering-2.27.jar:/home/user/.m2/repository/com/google/inject/extensions/guice-assistedinject/4.0/guice-assistedinject-4.0.jar:/home/user/.m2/repository/org/jooq/jooq/3.11.10/jooq-3.11.10.jar:/home/user/.m2/repository/org/jooq/jooq-meta/3.11.10/jooq-meta-3.11.10.jar:/home/user/.m2/repository/org/jooq/jooq-codegen/3.11.10/jooq-codegen-3.11.10.jar:/home/user/.m2/repository/com/jolbox/bonecp/0.8.0.RELEASE/bonecp-0.8.0.RELEASE.jar:/home/user/.m2/repository/org/springframework/spring-jdbc/5.1.3.RELEASE/spring-jdbc-5.1.3.RELEASE.jar:/home/user/.m2/repository/org/springframework/spring-beans/5.1.3.RELEASE/spring-beans-5.1.3.RELEASE.jar:/home/user/.m2/repository/org/springframework/spring-core/5.1.3.RELEASE/spring-core-5.1.3.RELEASE.jar:/home/user/.m2/repository/org/springframework/spring-jcl/5.1.3.RELEASE/spring-jcl-5.1.3.RELEASE.jar:/home/user/.m2/repository/org/springframework/spring-tx/5.1.3.RELEASE/spring-tx-5.1.3.RELEASE.jar:/home/user/.m2/repository/org/mockito/mockito-core/2.15.0/mockito-core-2.15.0.jar:/home/user/.m2/repository/net/bytebuddy/byte-buddy/1.7.9/byte-buddy-1.7.9.jar:/home/user/.m2/repository/net/bytebuddy/byte-buddy-agent/1.7.9/byte-buddy-agent-1.7.9.jar:/home/user/.m2/repository/org/objenesis/objenesis/1.0/objenesis-1.0.jar:"/>
    <property name="sun.cpu.endian" value="little"/>
    <property name="user.home" value="/home/user"/>
    <property name="user.language" value="en"/>
    <property name="java.specification.vendor" value="Oracle Corporation"/>
    <property name="java.home" value="/usr/lib/jvm/java-1.8-openjdk/jre"/>
    <property name="java.security.krb5.conf" value="/tmp/workdir/hadoop-ozone/tools/target/test-classes/krb5.conf"/>
    <property name="basedir" value="/tmp/workdir/hadoop-ozone/tools"/>
    <property name="file.separator" value="/"/>
    <property name="line.separator" value="&#10;"/>
    <property name="java.vm.specification.vendor" value="Oracle Corporation"/>
    <property name="java.specification.name" value="Java Platform API Specification"/>
    <property name="java.awt.graphicsenv" value="sun.awt.X11GraphicsEnvironment"/>
    <property name="surefire.real.class.path" value="/tmp/workdir/hadoop-ozone/tools/target/surefire/surefirebooter550830664385125683.jar"/>
    <property name="hadoop.log.dir" value="/tmp/workdir/hadoop-ozone/tools/target/log"/>
    <property name="sun.boot.class.path" value="/usr/lib/jvm/java-1.8-openjdk/jre/lib/resources.jar:/usr/lib/jvm/java-1.8-openjdk/jre/lib/rt.jar:/usr/lib/jvm/java-1.8-openjdk/jre/lib/sunrsasign.jar:/usr/lib/jvm/java-1.8-openjdk/jre/lib/jsse.jar:/usr/lib/jvm/java-1.8-openjdk/jre/lib/jce.jar:/usr/lib/jvm/java-1.8-openjdk/jre/lib/charsets.jar:/usr/lib/jvm/java-1.8-openjdk/jre/lib/jfr.jar:/usr/lib/jvm/java-1.8-openjdk/jre/classes"/>
    <property name="sun.management.compiler" value="HotSpot 64-Bit Tiered Compilers"/>
    <property name="java.runtime.version" value="1.8.0_212-b04"/>
    <property name="java.net.preferIPv4Stack" value="true"/>
    <property name="user.name" value="jenkins1000"/>
    <property name="path.separator" value=":"/>
    <property name="java.security.egd" value="file:///dev/urandom"/>
    <property name="os.version" value="3.10.0-957.12.2.el7.x86_64"/>
    <property name="java.endorsed.dirs" value="/usr/lib/jvm/java-1.8-openjdk/jre/lib/endorsed"/>
    <property name="java.runtime.name" value="OpenJDK Runtime Environment"/>
    <property name="file.encoding" value="UTF-8"/>
    <property name="java.vm.name" value="OpenJDK 64-Bit Server VM"/>
    <property name="test.build.webapps" value=""/>
    <property name="localRepository" value="/home/user/.m2/repository"/>
    <property name="java.vendor.url.bug" value="https://icedtea.classpath.org/bugzilla"/>
    <property name="java.io.tmpdir" value="/tmp"/>
    <property name="require.test.libhadoop" value=""/>
    <property name="java.version" value="1.8.0_212"/>
    <property name="user.dir" value="/tmp/workdir/hadoop-ozone/tools"/>
    <property name="os.arch" value="amd64"/>
    <property name="java.vm.specification.name" value="Java Virtual Machine Specification"/>
    <property name="test.build.classes" value="/tmp/workdir/hadoop-ozone/tools/target/test-classes"/>
    <property name="java.awt.printerjob" value="sun.print.PSPrinterJob"/>
    <property name="sun.os.patch.level" value="unknown"/>
    <property name="hadoop.tmp.dir" value="/tmp/workdir/hadoop-ozone/tools/target/tmp"/>
    <property name="java.library.path" value="/usr/lib/jvm/java-1.8-openjdk/jre/lib/amd64/server:/usr/lib/jvm/java-1.8-openjdk/jre/lib/amd64:/usr/lib/jvm/java-1.8-openjdk/jre/../lib/amd64:/tmp/workdir/hadoop-ozone/tools/target/native/target/usr/local/lib:/tmp/workdir/hadoop-ozone/tools/../../hadoop-common-project/hadoop-common/target/native/target/usr/local/lib:/usr/java/packages/lib/amd64:/usr/lib64:/lib64:/lib:/usr/lib"/>
    <property name="java.vm.info" value="mixed mode"/>
    <property name="java.vendor" value="IcedTea"/>
    <property name="java.vm.version" value="25.212-b04"/>
    <property name="java.ext.dirs" value="/usr/lib/jvm/java-1.8-openjdk/jre/lib/ext:/usr/java/packages/lib/ext"/>
    <property name="sun.io.unicode.encoding" value="UnicodeLittle"/>
    <property name="java.class.version" value="52.0"/>
  </properties>
  <testcase name="testRestart" classname="org.apache.hadoop.ozone.freon.TestFreonWithPipelineDestroy" time="20.122">
    <error message="Unexpected Storage Container Exception: org.apache.hadoop.hdds.scm.container.common.helpers.StorageContainerException: ContainerID 4 does not exist" type="java.io.IOException">java.io.IOException: Unexpected Storage Container Exception: org.apache.hadoop.hdds.scm.container.common.helpers.StorageContainerException: ContainerID 4 does not exist
	at org.apache.hadoop.hdds.scm.storage.BlockOutputStream.setIoException(BlockOutputStream.java:548)
	at org.apache.hadoop.hdds.scm.storage.BlockOutputStream.validateResponse(BlockOutputStream.java:539)
	at org.apache.hadoop.hdds.scm.storage.BlockOutputStream.lambda$writeChunkToContainer$2(BlockOutputStream.java:614)
	at java.util.concurrent.CompletableFuture.uniApply(CompletableFuture.java:602)
	at java.util.concurrent.CompletableFuture$UniApply.tryFire(CompletableFuture.java:577)
	at java.util.concurrent.CompletableFuture$Completion.run(CompletableFuture.java:442)
	at java.util.concurrent.ThreadPoolExecutor.runWorker(ThreadPoolExecutor.java:1149)
	at java.util.concurrent.ThreadPoolExecutor$Worker.run(ThreadPoolExecutor.java:624)
	at java.lang.Thread.run(Thread.java:748)
Caused by: org.apache.hadoop.hdds.scm.container.common.helpers.StorageContainerException: ContainerID 4 does not exist
	at org.apache.hadoop.hdds.scm.storage.ContainerProtocolCalls.validateContainerResponse(ContainerProtocolCalls.java:536)
	at org.apache.hadoop.hdds.scm.storage.BlockOutputStream.validateResponse(BlockOutputStream.java:536)
	... 7 more
</error>
    <system-out><![CDATA[2019-07-10 11:15:21,133 WARN  server.ServerUtils (ServerUtils.java:getScmDbDir(145)) - ozone.scm.db.dirs is not configured. We recommend adding this setting. Falling back to ozone.metadata.dirs instead.
2019-07-10 11:15:21,220 WARN  server.ServerUtils (ServerUtils.java:getScmDbDir(145)) - ozone.scm.db.dirs is not configured. We recommend adding this setting. Falling back to ozone.metadata.dirs instead.
2019-07-10 11:15:21,223 WARN  server.ServerUtils (ServerUtils.java:getScmDbDir(145)) - ozone.scm.db.dirs is not configured. We recommend adding this setting. Falling back to ozone.metadata.dirs instead.
2019-07-10 11:15:21,237 INFO  util.log (Log.java:initialized(192)) - Logging initialized @854ms
2019-07-10 11:15:21,317 INFO  db.DBStoreBuilder (DBStoreBuilder.java:addTable(110)) - using custom profile for table: deletedBlocks
2019-07-10 11:15:21,317 INFO  db.DBStoreBuilder (DBStoreBuilder.java:processTables(161)) - Using default column profile:DBProfile.DISK for Table:deletedBlocks
2019-07-10 11:15:21,317 INFO  db.DBStoreBuilder (DBStoreBuilder.java:addTable(110)) - using custom profile for table: validCerts
2019-07-10 11:15:21,318 INFO  db.DBStoreBuilder (DBStoreBuilder.java:processTables(161)) - Using default column profile:DBProfile.DISK for Table:validCerts
2019-07-10 11:15:21,318 INFO  db.DBStoreBuilder (DBStoreBuilder.java:addTable(110)) - using custom profile for table: revokedCerts
2019-07-10 11:15:21,318 INFO  db.DBStoreBuilder (DBStoreBuilder.java:processTables(161)) - Using default column profile:DBProfile.DISK for Table:revokedCerts
2019-07-10 11:15:21,328 INFO  db.DBStoreBuilder (DBStoreBuilder.java:addTable(110)) - using custom profile for table: default
2019-07-10 11:15:21,328 INFO  db.DBStoreBuilder (DBStoreBuilder.java:processTables(167)) - Using default column profile:DBProfile.DISK for Table:default
2019-07-10 11:15:21,329 INFO  db.DBStoreBuilder (DBStoreBuilder.java:getDbProfile(198)) - Using default options. DBProfile.DISK
2019-07-10 11:15:21,516 INFO  net.NodeSchemaLoader (NodeSchemaLoader.java:loadSchemaFromFile(125)) - Loading file from sun.misc.CompoundEnumeration@12b0404f
2019-07-10 11:15:21,518 INFO  net.NodeSchemaLoader (NodeSchemaLoader.java:loadSchema(171)) - Loading network topology layer schema file
2019-07-10 11:15:21,628 INFO  node.SCMNodeManager (SCMNodeManager.java:<init>(119)) - Entering startup safe mode.
2019-07-10 11:15:21,718 WARN  server.ServerUtils (ServerUtils.java:getScmDbDir(145)) - ozone.scm.db.dirs is not configured. We recommend adding this setting. Falling back to ozone.metadata.dirs instead.
2019-07-10 11:15:21,783 INFO  pipeline.SCMPipelineManager (SCMPipelineManager.java:initializePipelineState(126)) - No pipeline exists in current db
2019-07-10 11:15:21,786 WARN  server.ServerUtils (ServerUtils.java:getScmDbDir(145)) - ozone.scm.db.dirs is not configured. We recommend adding this setting. Falling back to ozone.metadata.dirs instead.
2019-07-10 11:15:21,905 WARN  events.EventQueue (EventQueue.java:fireEvent(175)) - No event handler registered for event TypedEvent{payloadType=SafeModeStatus, name='SafeModeStatus'}
2019-07-10 11:15:22,275 INFO  ipc.CallQueueManager (CallQueueManager.java:<init>(84)) - Using callQueue: class java.util.concurrent.LinkedBlockingQueue, queueCapacity: 2000, scheduler: class org.apache.hadoop.ipc.DefaultRpcScheduler, ipcBackoff: false.
2019-07-10 11:15:22,304 INFO  ipc.Server (Server.java:run(1074)) - Starting Socket Reader #1 for port 42722
2019-07-10 11:15:22,329 INFO  ipc.CallQueueManager (CallQueueManager.java:<init>(84)) - Using callQueue: class java.util.concurrent.LinkedBlockingQueue, queueCapacity: 2000, scheduler: class org.apache.hadoop.ipc.DefaultRpcScheduler, ipcBackoff: false.
2019-07-10 11:15:22,331 INFO  ipc.Server (Server.java:run(1074)) - Starting Socket Reader #1 for port 33178
2019-07-10 11:15:22,336 INFO  ipc.CallQueueManager (CallQueueManager.java:<init>(84)) - Using callQueue: class java.util.concurrent.LinkedBlockingQueue, queueCapacity: 2000, scheduler: class org.apache.hadoop.ipc.DefaultRpcScheduler, ipcBackoff: false.
2019-07-10 11:15:22,338 INFO  ipc.Server (Server.java:run(1074)) - Starting Socket Reader #1 for port 45627
2019-07-10 11:15:22,482 INFO  hdfs.DFSUtil (DFSUtil.java:httpServerTemplateForNNAndJN(1641)) - Starting Web-server for scm at: http://0.0.0.0:0
2019-07-10 11:15:22,643 INFO  server.AuthenticationFilter (AuthenticationFilter.java:constructSecretProvider(240)) - Unable to initialize FileSignerSecretProvider, falling back to use random secrets.
2019-07-10 11:15:22,661 WARN  http.HttpRequestLog (HttpRequestLog.java:getRequestLog(97)) - Jetty request log can only be enabled using Log4j
2019-07-10 11:15:22,670 INFO  http.HttpServer2 (HttpServer2.java:addGlobalFilter(975)) - Added global filter 'safety' (class=org.apache.hadoop.http.HttpServer2$QuotingInputFilter)
2019-07-10 11:15:22,673 INFO  http.HttpServer2 (HttpServer2.java:addFilter(948)) - Added filter static_user_filter (class=org.apache.hadoop.http.lib.StaticUserWebFilter$StaticUserFilter) to context scm
2019-07-10 11:15:22,674 INFO  http.HttpServer2 (HttpServer2.java:addFilter(958)) - Added filter static_user_filter (class=org.apache.hadoop.http.lib.StaticUserWebFilter$StaticUserFilter) to context logs
2019-07-10 11:15:22,674 INFO  http.HttpServer2 (HttpServer2.java:addFilter(958)) - Added filter static_user_filter (class=org.apache.hadoop.http.lib.StaticUserWebFilter$StaticUserFilter) to context static
2019-07-10 11:15:22,702 INFO  server.StorageContainerManager (StorageContainerManager.java:start(753)) - StorageContainerLocationProtocol RPC server is listening at /0.0.0.0:45627
2019-07-10 11:15:22,760 WARN  impl.MetricsConfig (MetricsConfig.java:loadFirst(134)) - Cannot locate configuration: tried hadoop-metrics2-storagecontainermanager.properties,hadoop-metrics2.properties
2019-07-10 11:15:22,775 INFO  impl.MetricsSystemImpl (MetricsSystemImpl.java:startTimer(374)) - Scheduled Metric snapshot period at 10 second(s).
2019-07-10 11:15:22,775 INFO  impl.MetricsSystemImpl (MetricsSystemImpl.java:start(191)) - StorageContainerManager metrics system started
2019-07-10 11:15:22,960 INFO  server.SCMClientProtocolServer (SCMClientProtocolServer.java:start(149)) - RPC server for Client  is listening at /0.0.0.0:45627
2019-07-10 11:15:22,961 INFO  ipc.Server (Server.java:run(1314)) - IPC Server Responder: starting
2019-07-10 11:15:22,961 INFO  ipc.Server (Server.java:run(1153)) - IPC Server listener on 45627: starting
2019-07-10 11:15:22,965 INFO  server.StorageContainerManager (StorageContainerManager.java:start(762)) - ScmBlockLocationProtocol RPC server is listening at /0.0.0.0:33178
2019-07-10 11:15:22,965 INFO  server.SCMBlockProtocolServer (SCMBlockProtocolServer.java:start(137)) - RPC server for Block Protocol is listening at /0.0.0.0:33178
2019-07-10 11:15:22,967 INFO  ipc.Server (Server.java:run(1153)) - IPC Server listener on 33178: starting
2019-07-10 11:15:22,968 INFO  ipc.Server (Server.java:run(1314)) - IPC Server Responder: starting
2019-07-10 11:15:22,976 INFO  server.StorageContainerManager (StorageContainerManager.java:start(766)) - ScmDatanodeProtocl RPC server is listening at /0.0.0.0:42722
2019-07-10 11:15:22,976 INFO  server.SCMDatanodeProtocolServer (SCMDatanodeProtocolServer.java:start(191)) - RPC server for DataNodes is listening at /0.0.0.0:42722
2019-07-10 11:15:22,979 INFO  ipc.Server (Server.java:run(1314)) - IPC Server Responder: starting
2019-07-10 11:15:22,980 INFO  ipc.Server (Server.java:run(1153)) - IPC Server listener on 42722: starting
2019-07-10 11:15:22,992 INFO  http.HttpServer2 (HttpServer2.java:bindListener(1191)) - Jetty bound to port 35058
2019-07-10 11:15:22,994 INFO  server.Server (Server.java:doStart(351)) - jetty-9.3.24.v20180605, build timestamp: 2018-06-05T17:11:56Z, git hash: 84205aa28f11a4f31f2a3b86d1bba2cc8ab69827
2019-07-10 11:15:23,024 INFO  handler.ContextHandler (ContextHandler.java:doStart(781)) - Started o.e.j.s.ServletContextHandler@413f69cc{/logs,file:///tmp/workdir/hadoop-ozone/tools/target/log,AVAILABLE}
2019-07-10 11:15:23,025 INFO  handler.ContextHandler (ContextHandler.java:doStart(781)) - Started o.e.j.s.ServletContextHandler@1b75c2e3{/static,file:///tmp/workdir/hadoop-hdds/server-scm/target/classes/webapps/static/,AVAILABLE}
2019-07-10 11:15:23,049 INFO  handler.ContextHandler (ContextHandler.java:doStart(781)) - Started o.e.j.w.WebAppContext@3918c187{/,file:///tmp/workdir/hadoop-hdds/server-scm/target/classes/webapps/scm/,AVAILABLE}{/scm}
2019-07-10 11:15:23,053 INFO  server.AbstractConnector (AbstractConnector.java:doStart(278)) - Started ServerConnector@11eadcba{HTTP/1.1,[http/1.1]}{0.0.0.0:35058}
2019-07-10 11:15:23,053 INFO  server.Server (Server.java:doStart(419)) - Started @2670ms
2019-07-10 11:15:23,054 INFO  server.BaseHttpServer (BaseHttpServer.java:updateConnectorAddress(207)) - HTTP server of SCM is listening at http://0.0.0.0:35058
2019-07-10 11:15:23,061 INFO  util.JvmPauseMonitor (JvmPauseMonitor.java:run(188)) - Starting JVM pause monitor
2019-07-10 11:15:23,062 WARN  server.ServerUtils (ServerUtils.java:getDBPath(222)) - ozone.om.db.dirs is not configured. We recommend adding this setting. Falling back to ozone.metadata.dirs instead.
2019-07-10 11:15:23,141 WARN  server.ServerUtils (ServerUtils.java:getDBPath(222)) - ozone.om.db.dirs is not configured. We recommend adding this setting. Falling back to ozone.metadata.dirs instead.
2019-07-10 11:15:23,142 INFO  om.OzoneManager (OzoneManager.java:setOMNodeDetails(621)) - OM Service ID is not set. Setting it to the default ID: omServiceIdDefault
2019-07-10 11:15:23,142 INFO  om.OzoneManager (OzoneManager.java:setOMNodeDetails(627)) - OM Node ID is not set. Setting it to the OmStorage's OmID: f89e9f8e-4e97-4a24-a169-ec3b227061a1
2019-07-10 11:15:23,143 INFO  om.OzoneManager (OzoneManager.java:loadOMHAConfigs(578)) - Found matching OM address with OMServiceId: null, OMNodeId: null, RPC Address: localhost:0 and Ratis port: 9872
2019-07-10 11:15:23,382 WARN  server.ServerUtils (ServerUtils.java:getDBPath(222)) - ozone.om.db.dirs is not configured. We recommend adding this setting. Falling back to ozone.metadata.dirs instead.
2019-07-10 11:15:23,388 INFO  db.DBStoreBuilder (DBStoreBuilder.java:addTable(110)) - using custom profile for table: userTable
2019-07-10 11:15:23,389 INFO  db.DBStoreBuilder (DBStoreBuilder.java:processTables(161)) - Using default column profile:DBProfile.DISK for Table:userTable
2019-07-10 11:15:23,389 INFO  db.DBStoreBuilder (DBStoreBuilder.java:addTable(110)) - using custom profile for table: volumeTable
2019-07-10 11:15:23,389 INFO  db.DBStoreBuilder (DBStoreBuilder.java:processTables(161)) - Using default column profile:DBProfile.DISK for Table:volumeTable
2019-07-10 11:15:23,389 INFO  db.DBStoreBuilder (DBStoreBuilder.java:addTable(110)) - using custom profile for table: bucketTable
2019-07-10 11:15:23,389 INFO  db.DBStoreBuilder (DBStoreBuilder.java:processTables(161)) - Using default column profile:DBProfile.DISK for Table:bucketTable
2019-07-10 11:15:23,390 INFO  db.DBStoreBuilder (DBStoreBuilder.java:addTable(110)) - using custom profile for table: keyTable
2019-07-10 11:15:23,390 INFO  db.DBStoreBuilder (DBStoreBuilder.java:processTables(161)) - Using default column profile:DBProfile.DISK for Table:keyTable
2019-07-10 11:15:23,390 INFO  db.DBStoreBuilder (DBStoreBuilder.java:addTable(110)) - using custom profile for table: deletedTable
2019-07-10 11:15:23,390 INFO  db.DBStoreBuilder (DBStoreBuilder.java:processTables(161)) - Using default column profile:DBProfile.DISK for Table:deletedTable
2019-07-10 11:15:23,390 INFO  db.DBStoreBuilder (DBStoreBuilder.java:addTable(110)) - using custom profile for table: openKeyTable
2019-07-10 11:15:23,391 INFO  db.DBStoreBuilder (DBStoreBuilder.java:processTables(161)) - Using default column profile:DBProfile.DISK for Table:openKeyTable
2019-07-10 11:15:23,391 INFO  db.DBStoreBuilder (DBStoreBuilder.java:addTable(110)) - using custom profile for table: s3Table
2019-07-10 11:15:23,391 INFO  db.DBStoreBuilder (DBStoreBuilder.java:processTables(161)) - Using default column profile:DBProfile.DISK for Table:s3Table
2019-07-10 11:15:23,391 INFO  db.DBStoreBuilder (DBStoreBuilder.java:addTable(110)) - using custom profile for table: multipartInfoTable
2019-07-10 11:15:23,391 INFO  db.DBStoreBuilder (DBStoreBuilder.java:processTables(161)) - Using default column profile:DBProfile.DISK for Table:multipartInfoTable
2019-07-10 11:15:23,392 INFO  db.DBStoreBuilder (DBStoreBuilder.java:addTable(110)) - using custom profile for table: dTokenTable
2019-07-10 11:15:23,392 INFO  db.DBStoreBuilder (DBStoreBuilder.java:processTables(161)) - Using default column profile:DBProfile.DISK for Table:dTokenTable
2019-07-10 11:15:23,392 INFO  db.DBStoreBuilder (DBStoreBuilder.java:addTable(110)) - using custom profile for table: s3SecretTable
2019-07-10 11:15:23,392 INFO  db.DBStoreBuilder (DBStoreBuilder.java:processTables(161)) - Using default column profile:DBProfile.DISK for Table:s3SecretTable
2019-07-10 11:15:23,393 INFO  db.DBStoreBuilder (DBStoreBuilder.java:addTable(110)) - using custom profile for table: prefixTable
2019-07-10 11:15:23,393 INFO  db.DBStoreBuilder (DBStoreBuilder.java:processTables(161)) - Using default column profile:DBProfile.DISK for Table:prefixTable
2019-07-10 11:15:23,393 INFO  db.DBStoreBuilder (DBStoreBuilder.java:addTable(110)) - using custom profile for table: default
2019-07-10 11:15:23,393 INFO  db.DBStoreBuilder (DBStoreBuilder.java:processTables(167)) - Using default column profile:DBProfile.DISK for Table:default
2019-07-10 11:15:23,393 INFO  db.DBStoreBuilder (DBStoreBuilder.java:getDbProfile(198)) - Using default options. DBProfile.DISK
2019-07-10 11:15:24,141 INFO  ipc.CallQueueManager (CallQueueManager.java:<init>(84)) - Using callQueue: class java.util.concurrent.LinkedBlockingQueue, queueCapacity: 2000, scheduler: class org.apache.hadoop.ipc.DefaultRpcScheduler, ipcBackoff: false.
2019-07-10 11:15:24,143 INFO  ipc.Server (Server.java:run(1074)) - Starting Socket Reader #1 for port 39864
2019-07-10 11:15:24,167 WARN  server.ServerUtils (ServerUtils.java:getDBPath(222)) - ozone.om.db.dirs is not configured. We recommend adding this setting. Falling back to ozone.metadata.dirs instead.
2019-07-10 11:15:24,167 INFO  om.OzoneManager (OzoneManager.java:start(1219)) - OzoneManager RPC server is listening at localhost/127.0.0.1:39864
2019-07-10 11:15:24,168 INFO  impl.MetricsSystemImpl (MetricsSystemImpl.java:init(158)) - OzoneManager metrics system started (again)
2019-07-10 11:15:24,169 INFO  ipc.Server (Server.java:run(1314)) - IPC Server Responder: starting
2019-07-10 11:15:24,170 INFO  ipc.Server (Server.java:run(1153)) - IPC Server listener on 39864: starting
2019-07-10 11:15:24,181 INFO  hdfs.DFSUtil (DFSUtil.java:httpServerTemplateForNNAndJN(1641)) - Starting Web-server for ozoneManager at: http://0.0.0.0:0
2019-07-10 11:15:24,182 INFO  server.AuthenticationFilter (AuthenticationFilter.java:constructSecretProvider(240)) - Unable to initialize FileSignerSecretProvider, falling back to use random secrets.
2019-07-10 11:15:24,183 WARN  http.HttpRequestLog (HttpRequestLog.java:getRequestLog(97)) - Jetty request log can only be enabled using Log4j
2019-07-10 11:15:24,185 INFO  http.HttpServer2 (HttpServer2.java:addGlobalFilter(975)) - Added global filter 'safety' (class=org.apache.hadoop.http.HttpServer2$QuotingInputFilter)
2019-07-10 11:15:24,185 INFO  http.HttpServer2 (HttpServer2.java:addFilter(948)) - Added filter static_user_filter (class=org.apache.hadoop.http.lib.StaticUserWebFilter$StaticUserFilter) to context ozoneManager
2019-07-10 11:15:24,185 INFO  http.HttpServer2 (HttpServer2.java:addFilter(958)) - Added filter static_user_filter (class=org.apache.hadoop.http.lib.StaticUserWebFilter$StaticUserFilter) to context static
2019-07-10 11:15:24,186 INFO  http.HttpServer2 (HttpServer2.java:addFilter(958)) - Added filter static_user_filter (class=org.apache.hadoop.http.lib.StaticUserWebFilter$StaticUserFilter) to context logs
2019-07-10 11:15:24,187 INFO  http.HttpServer2 (HttpServer2.java:bindListener(1191)) - Jetty bound to port 41497
2019-07-10 11:15:24,187 INFO  server.Server (Server.java:doStart(351)) - jetty-9.3.24.v20180605, build timestamp: 2018-06-05T17:11:56Z, git hash: 84205aa28f11a4f31f2a3b86d1bba2cc8ab69827
2019-07-10 11:15:24,189 INFO  handler.ContextHandler (ContextHandler.java:doStart(781)) - Started o.e.j.s.ServletContextHandler@85ec632{/logs,file:///tmp/workdir/hadoop-ozone/tools/target/log,AVAILABLE}
2019-07-10 11:15:24,189 INFO  handler.ContextHandler (ContextHandler.java:doStart(781)) - Started o.e.j.s.ServletContextHandler@65ef722a{/static,file:///tmp/workdir/hadoop-ozone/ozone-manager/target/classes/webapps/static/,AVAILABLE}
2019-07-10 11:15:24,194 INFO  handler.ContextHandler (ContextHandler.java:doStart(781)) - Started o.e.j.w.WebAppContext@1c65121{/,file:///tmp/workdir/hadoop-ozone/ozone-manager/target/classes/webapps/ozoneManager/,AVAILABLE}{/ozoneManager}
2019-07-10 11:15:24,194 INFO  server.AbstractConnector (AbstractConnector.java:doStart(278)) - Started ServerConnector@159e366{HTTP/1.1,[http/1.1]}{0.0.0.0:41497}
2019-07-10 11:15:24,195 INFO  server.Server (Server.java:doStart(419)) - Started @3811ms
2019-07-10 11:15:24,195 INFO  server.BaseHttpServer (BaseHttpServer.java:updateConnectorAddress(207)) - HTTP server of OZONEMANAGER is listening at http://0.0.0.0:41497
2019-07-10 11:15:24,458 INFO  impl.MetricsSystemImpl (MetricsSystemImpl.java:init(158)) - HddsDatanode metrics system started (again)
2019-07-10 11:15:24,529 INFO  ozone.HddsDatanodeService (HddsDatanodeService.java:start(185)) - HddsDatanodeService host:hdds1735-v25bk-3750973123 ip:192.168.69.121
2019-07-10 11:15:24,556 INFO  volume.HddsVolume (HddsVolume.java:<init>(176)) - Creating Volume: /tmp/workdir/hadoop-ozone/tools/target/test-dir/MiniOzoneClusterImpl-e8ca5395-a52e-4347-a9f0-c3352ccfa52e/datanode-0/data/containers/hdds of  storage type : DISK and capacity : 52710309888
2019-07-10 11:15:24,557 INFO  volume.VolumeSet (VolumeSet.java:initializeVolumeSet(170)) - Added Volume : /tmp/workdir/hadoop-ozone/tools/target/test-dir/MiniOzoneClusterImpl-e8ca5395-a52e-4347-a9f0-c3352ccfa52e/datanode-0/data/containers/hdds to VolumeSet
2019-07-10 11:15:24,560 INFO  volume.ThrottledAsyncChecker (ThrottledAsyncChecker.java:schedule(140)) - Scheduling a check for org.apache.hadoop.ozone.container.common.volume.HddsVolume@3122b117
2019-07-10 11:15:24,575 INFO  volume.HddsVolumeChecker (HddsVolumeChecker.java:checkAllVolumes(203)) - Scheduled health check for volume org.apache.hadoop.ozone.container.common.volume.HddsVolume@3122b117
2019-07-10 11:15:24,612 INFO  ratis.XceiverServerRatis (XceiverServerRatis.java:newXceiverServerRatis(411)) - Found a free port for the server : 40929
2019-07-10 11:15:24,676 INFO  impl.RaftServerProxy (ConfUtils.java:logGet(43)) - raft.rpc.type = GRPC (default)
2019-07-10 11:15:24,732 INFO  grpc.GrpcFactory (GrpcFactory.java:checkPooledByteBufAllocatorUseCacheForAllThreads(45)) - PERFORMANCE WARNING: useCacheForAllThreads is true that may cause Netty to create a lot garbage objects and, as a result, trigger GC.
	It is recommended to disable useCacheForAllThreads by setting -Dorg.apache.ratis.thirdparty.io.netty.allocator.useCacheForAllThreads=false in command line.
2019-07-10 11:15:24,736 INFO  grpc.GrpcConfigKeys$Server (ConfUtils.java:logGet(43)) - raft.grpc.server.port = 40929 (custom)
2019-07-10 11:15:24,737 INFO  server.GrpcService (ConfUtils.java:logGet(43)) - raft.grpc.message.size.max = 33570816 (custom)
2019-07-10 11:15:24,738 INFO  server.RaftServerConfigKeys (ConfUtils.java:logGet(43)) - raft.server.log.appender.buffer.byte-limit = 33554432 (custom)
2019-07-10 11:15:24,739 INFO  server.GrpcService (ConfUtils.java:logGet(43)) - raft.grpc.flow.control.window = 1MB (=1048576) (default)
2019-07-10 11:15:24,739 INFO  server.RaftServerConfigKeys (ConfUtils.java:logGet(43)) - raft.server.rpc.request.timeout = 3000ms (default)
2019-07-10 11:15:24,880 INFO  server.RaftServerConfigKeys (ConfUtils.java:logGet(43)) - raft.server.storage.dir = [/tmp/workdir/hadoop-ozone/tools/target/test-dir/MiniOzoneClusterImpl-e8ca5395-a52e-4347-a9f0-c3352ccfa52e/datanode-0/data/ratis] (custom)
2019-07-10 11:15:24,885 INFO  server.XceiverServerGrpc (XceiverServerGrpc.java:<init>(97)) - Found a free port for the server : 45043
2019-07-10 11:15:24,911 INFO  replication.SimpleContainerDownloader (SimpleContainerDownloader.java:<init>(72)) - Starting container downloader service to copy containers to replicate.
2019-07-10 11:15:24,922 INFO  hdfs.DFSUtil (DFSUtil.java:httpServerTemplateForNNAndJN(1641)) - Starting Web-server for hddsDatanode at: http://0.0.0.0:0
2019-07-10 11:15:24,923 INFO  server.AuthenticationFilter (AuthenticationFilter.java:constructSecretProvider(240)) - Unable to initialize FileSignerSecretProvider, falling back to use random secrets.
2019-07-10 11:15:24,924 WARN  http.HttpRequestLog (HttpRequestLog.java:getRequestLog(97)) - Jetty request log can only be enabled using Log4j
2019-07-10 11:15:24,925 INFO  http.HttpServer2 (HttpServer2.java:addGlobalFilter(975)) - Added global filter 'safety' (class=org.apache.hadoop.http.HttpServer2$QuotingInputFilter)
2019-07-10 11:15:24,926 INFO  http.HttpServer2 (HttpServer2.java:addFilter(948)) - Added filter static_user_filter (class=org.apache.hadoop.http.lib.StaticUserWebFilter$StaticUserFilter) to context hddsDatanode
2019-07-10 11:15:24,926 INFO  http.HttpServer2 (HttpServer2.java:addFilter(958)) - Added filter static_user_filter (class=org.apache.hadoop.http.lib.StaticUserWebFilter$StaticUserFilter) to context static
2019-07-10 11:15:24,926 INFO  http.HttpServer2 (HttpServer2.java:addFilter(958)) - Added filter static_user_filter (class=org.apache.hadoop.http.lib.StaticUserWebFilter$StaticUserFilter) to context logs
2019-07-10 11:15:24,927 INFO  http.HttpServer2 (HttpServer2.java:bindListener(1191)) - Jetty bound to port 41956
2019-07-10 11:15:24,927 INFO  server.Server (Server.java:doStart(351)) - jetty-9.3.24.v20180605, build timestamp: 2018-06-05T17:11:56Z, git hash: 84205aa28f11a4f31f2a3b86d1bba2cc8ab69827
2019-07-10 11:15:24,929 INFO  handler.ContextHandler (ContextHandler.java:doStart(781)) - Started o.e.j.s.ServletContextHandler@3f4cd155{/logs,file:///tmp/workdir/hadoop-ozone/tools/target/log,AVAILABLE}
2019-07-10 11:15:24,929 INFO  handler.ContextHandler (ContextHandler.java:doStart(781)) - Started o.e.j.s.ServletContextHandler@506dcf55{/static,file:///tmp/workdir/hadoop-hdds/container-service/target/classes/webapps/static,AVAILABLE}
2019-07-10 11:15:24,933 INFO  handler.ContextHandler (ContextHandler.java:doStart(781)) - Started o.e.j.w.WebAppContext@6145b81e{/,file:///tmp/workdir/hadoop-hdds/container-service/target/classes/webapps/hddsDatanode/,AVAILABLE}{/hddsDatanode}
2019-07-10 11:15:24,933 INFO  server.AbstractConnector (AbstractConnector.java:doStart(278)) - Started ServerConnector@64355120{HTTP/1.1,[http/1.1]}{0.0.0.0:41956}
2019-07-10 11:15:24,934 INFO  server.Server (Server.java:doStart(419)) - Started @4551ms
2019-07-10 11:15:24,935 INFO  server.BaseHttpServer (BaseHttpServer.java:updateConnectorAddress(207)) - HTTP server of HDDSDATANODE is listening at http://0.0.0.0:41956
2019-07-10 11:15:25,913 INFO  ozone.HddsDatanodeService (HddsDatanodeService.java:startPlugins(396)) - Started plug-in org.apache.hadoop.ozone.web.OzoneHddsDatanodeService@36920bd6
2019-07-10 11:15:25,915 INFO  impl.MetricsSystemImpl (MetricsSystemImpl.java:init(158)) - HddsDatanode metrics system started (again)
2019-07-10 11:15:25,916 INFO  ozone.HddsDatanodeService (HddsDatanodeService.java:start(185)) - HddsDatanodeService host:hdds1735-v25bk-3750973123 ip:192.168.69.121
2019-07-10 11:15:25,923 INFO  util.JvmPauseMonitor (JvmPauseMonitor.java:run(188)) - Starting JVM pause monitor
2019-07-10 11:15:25,929 INFO  volume.HddsVolume (HddsVolume.java:<init>(176)) - Creating Volume: /tmp/workdir/hadoop-ozone/tools/target/test-dir/MiniOzoneClusterImpl-e8ca5395-a52e-4347-a9f0-c3352ccfa52e/datanode-1/data/containers/hdds of  storage type : DISK and capacity : 52710309888
2019-07-10 11:15:25,930 INFO  volume.VolumeSet (VolumeSet.java:initializeVolumeSet(170)) - Added Volume : /tmp/workdir/hadoop-ozone/tools/target/test-dir/MiniOzoneClusterImpl-e8ca5395-a52e-4347-a9f0-c3352ccfa52e/datanode-1/data/containers/hdds to VolumeSet
2019-07-10 11:15:25,930 INFO  volume.ThrottledAsyncChecker (ThrottledAsyncChecker.java:schedule(140)) - Scheduling a check for org.apache.hadoop.ozone.container.common.volume.HddsVolume@208f0007
2019-07-10 11:15:25,932 INFO  volume.HddsVolumeChecker (HddsVolumeChecker.java:checkAllVolumes(203)) - Scheduled health check for volume org.apache.hadoop.ozone.container.common.volume.HddsVolume@208f0007
2019-07-10 11:15:25,951 INFO  ratis.XceiverServerRatis (XceiverServerRatis.java:newXceiverServerRatis(411)) - Found a free port for the server : 39467
2019-07-10 11:15:25,955 INFO  impl.RaftServerProxy (ConfUtils.java:logGet(43)) - raft.rpc.type = GRPC (default)
2019-07-10 11:15:25,955 INFO  grpc.GrpcFactory (GrpcFactory.java:checkPooledByteBufAllocatorUseCacheForAllThreads(45)) - PERFORMANCE WARNING: useCacheForAllThreads is true that may cause Netty to create a lot garbage objects and, as a result, trigger GC.
	It is recommended to disable useCacheForAllThreads by setting -Dorg.apache.ratis.thirdparty.io.netty.allocator.useCacheForAllThreads=false in command line.
2019-07-10 11:15:25,955 INFO  grpc.GrpcConfigKeys$Server (ConfUtils.java:logGet(43)) - raft.grpc.server.port = 39467 (custom)
2019-07-10 11:15:25,956 INFO  server.GrpcService (ConfUtils.java:logGet(43)) - raft.grpc.message.size.max = 33570816 (custom)
2019-07-10 11:15:25,956 INFO  server.RaftServerConfigKeys (ConfUtils.java:logGet(43)) - raft.server.log.appender.buffer.byte-limit = 33554432 (custom)
2019-07-10 11:15:25,956 INFO  server.GrpcService (ConfUtils.java:logGet(43)) - raft.grpc.flow.control.window = 1MB (=1048576) (default)
2019-07-10 11:15:25,957 INFO  server.RaftServerConfigKeys (ConfUtils.java:logGet(43)) - raft.server.rpc.request.timeout = 3000ms (default)
2019-07-10 11:15:25,959 INFO  server.RaftServerConfigKeys (ConfUtils.java:logGet(43)) - raft.server.storage.dir = [/tmp/workdir/hadoop-ozone/tools/target/test-dir/MiniOzoneClusterImpl-e8ca5395-a52e-4347-a9f0-c3352ccfa52e/datanode-1/data/ratis] (custom)
2019-07-10 11:15:25,959 INFO  server.XceiverServerGrpc (XceiverServerGrpc.java:<init>(97)) - Found a free port for the server : 33768
2019-07-10 11:15:25,960 INFO  replication.SimpleContainerDownloader (SimpleContainerDownloader.java:<init>(72)) - Starting container downloader service to copy containers to replicate.
2019-07-10 11:15:25,962 INFO  hdfs.DFSUtil (DFSUtil.java:httpServerTemplateForNNAndJN(1641)) - Starting Web-server for hddsDatanode at: http://0.0.0.0:0
2019-07-10 11:15:25,966 INFO  server.AuthenticationFilter (AuthenticationFilter.java:constructSecretProvider(240)) - Unable to initialize FileSignerSecretProvider, falling back to use random secrets.
2019-07-10 11:15:25,967 WARN  http.HttpRequestLog (HttpRequestLog.java:getRequestLog(97)) - Jetty request log can only be enabled using Log4j
2019-07-10 11:15:25,971 INFO  http.HttpServer2 (HttpServer2.java:addGlobalFilter(975)) - Added global filter 'safety' (class=org.apache.hadoop.http.HttpServer2$QuotingInputFilter)
2019-07-10 11:15:25,972 INFO  http.HttpServer2 (HttpServer2.java:addFilter(948)) - Added filter static_user_filter (class=org.apache.hadoop.http.lib.StaticUserWebFilter$StaticUserFilter) to context hddsDatanode
2019-07-10 11:15:25,973 INFO  http.HttpServer2 (HttpServer2.java:addFilter(958)) - Added filter static_user_filter (class=org.apache.hadoop.http.lib.StaticUserWebFilter$StaticUserFilter) to context logs
2019-07-10 11:15:25,973 INFO  http.HttpServer2 (HttpServer2.java:addFilter(958)) - Added filter static_user_filter (class=org.apache.hadoop.http.lib.StaticUserWebFilter$StaticUserFilter) to context static
2019-07-10 11:15:25,974 INFO  http.HttpServer2 (HttpServer2.java:bindListener(1191)) - Jetty bound to port 37480
2019-07-10 11:15:25,974 INFO  server.Server (Server.java:doStart(351)) - jetty-9.3.24.v20180605, build timestamp: 2018-06-05T17:11:56Z, git hash: 84205aa28f11a4f31f2a3b86d1bba2cc8ab69827
2019-07-10 11:15:25,979 INFO  handler.ContextHandler (ContextHandler.java:doStart(781)) - Started o.e.j.s.ServletContextHandler@51dae791{/logs,file:///tmp/workdir/hadoop-ozone/tools/target/log,AVAILABLE}
2019-07-10 11:15:25,980 INFO  handler.ContextHandler (ContextHandler.java:doStart(781)) - Started o.e.j.s.ServletContextHandler@5de5e95{/static,file:///tmp/workdir/hadoop-hdds/container-service/target/classes/webapps/static,AVAILABLE}
2019-07-10 11:15:25,987 INFO  handler.ContextHandler (ContextHandler.java:doStart(781)) - Started o.e.j.w.WebAppContext@34c70b5e{/,file:///tmp/workdir/hadoop-hdds/container-service/target/classes/webapps/hddsDatanode/,AVAILABLE}{/hddsDatanode}
2019-07-10 11:15:25,988 INFO  server.AbstractConnector (AbstractConnector.java:doStart(278)) - Started ServerConnector@4f2d995e{HTTP/1.1,[http/1.1]}{0.0.0.0:37480}
2019-07-10 11:15:25,990 INFO  server.Server (Server.java:doStart(419)) - Started @5607ms
2019-07-10 11:15:25,991 INFO  server.BaseHttpServer (BaseHttpServer.java:updateConnectorAddress(207)) - HTTP server of HDDSDATANODE is listening at http://0.0.0.0:37480
2019-07-10 11:15:26,063 INFO  datanode.InitDatanodeState (InitDatanodeState.java:persistContainerDatanodeDetails(140)) - DatanodeDetails is persisted to /tmp/workdir/hadoop-ozone/tools/target/test-dir/MiniOzoneClusterImpl-e8ca5395-a52e-4347-a9f0-c3352ccfa52e/datanode-0/meta/datanode.id
2019-07-10 11:15:26,176 INFO  ozone.HddsDatanodeService (HddsDatanodeService.java:startPlugins(396)) - Started plug-in org.apache.hadoop.ozone.web.OzoneHddsDatanodeService@696db620
2019-07-10 11:15:26,176 INFO  impl.MetricsSystemImpl (MetricsSystemImpl.java:init(158)) - HddsDatanode metrics system started (again)
2019-07-10 11:15:26,177 INFO  ozone.HddsDatanodeService (HddsDatanodeService.java:start(185)) - HddsDatanodeService host:hdds1735-v25bk-3750973123 ip:192.168.69.121
2019-07-10 11:15:26,179 INFO  util.JvmPauseMonitor (JvmPauseMonitor.java:run(188)) - Starting JVM pause monitor
2019-07-10 11:15:26,189 INFO  volume.HddsVolume (HddsVolume.java:<init>(176)) - Creating Volume: /tmp/workdir/hadoop-ozone/tools/target/test-dir/MiniOzoneClusterImpl-e8ca5395-a52e-4347-a9f0-c3352ccfa52e/datanode-2/data/containers/hdds of  storage type : DISK and capacity : 52710309888
2019-07-10 11:15:26,189 INFO  volume.VolumeSet (VolumeSet.java:initializeVolumeSet(170)) - Added Volume : /tmp/workdir/hadoop-ozone/tools/target/test-dir/MiniOzoneClusterImpl-e8ca5395-a52e-4347-a9f0-c3352ccfa52e/datanode-2/data/containers/hdds to VolumeSet
2019-07-10 11:15:26,190 INFO  volume.ThrottledAsyncChecker (ThrottledAsyncChecker.java:schedule(140)) - Scheduling a check for org.apache.hadoop.ozone.container.common.volume.HddsVolume@12a470dd
2019-07-10 11:15:26,190 INFO  volume.HddsVolumeChecker (HddsVolumeChecker.java:checkAllVolumes(203)) - Scheduled health check for volume org.apache.hadoop.ozone.container.common.volume.HddsVolume@12a470dd
2019-07-10 11:15:26,190 INFO  datanode.InitDatanodeState (InitDatanodeState.java:persistContainerDatanodeDetails(140)) - DatanodeDetails is persisted to /tmp/workdir/hadoop-ozone/tools/target/test-dir/MiniOzoneClusterImpl-e8ca5395-a52e-4347-a9f0-c3352ccfa52e/datanode-1/meta/datanode.id
2019-07-10 11:15:26,208 INFO  ratis.XceiverServerRatis (XceiverServerRatis.java:newXceiverServerRatis(411)) - Found a free port for the server : 34017
2019-07-10 11:15:26,210 INFO  impl.RaftServerProxy (ConfUtils.java:logGet(43)) - raft.rpc.type = GRPC (default)
2019-07-10 11:15:26,210 INFO  grpc.GrpcFactory (GrpcFactory.java:checkPooledByteBufAllocatorUseCacheForAllThreads(45)) - PERFORMANCE WARNING: useCacheForAllThreads is true that may cause Netty to create a lot garbage objects and, as a result, trigger GC.
	It is recommended to disable useCacheForAllThreads by setting -Dorg.apache.ratis.thirdparty.io.netty.allocator.useCacheForAllThreads=false in command line.
2019-07-10 11:15:26,210 INFO  grpc.GrpcConfigKeys$Server (ConfUtils.java:logGet(43)) - raft.grpc.server.port = 34017 (custom)
2019-07-10 11:15:26,211 INFO  server.GrpcService (ConfUtils.java:logGet(43)) - raft.grpc.message.size.max = 33570816 (custom)
2019-07-10 11:15:26,211 INFO  server.RaftServerConfigKeys (ConfUtils.java:logGet(43)) - raft.server.log.appender.buffer.byte-limit = 33554432 (custom)
2019-07-10 11:15:26,211 INFO  server.GrpcService (ConfUtils.java:logGet(43)) - raft.grpc.flow.control.window = 1MB (=1048576) (default)
2019-07-10 11:15:26,212 INFO  server.RaftServerConfigKeys (ConfUtils.java:logGet(43)) - raft.server.rpc.request.timeout = 3000ms (default)
2019-07-10 11:15:26,212 INFO  server.RaftServerConfigKeys (ConfUtils.java:logGet(43)) - raft.server.storage.dir = [/tmp/workdir/hadoop-ozone/tools/target/test-dir/MiniOzoneClusterImpl-e8ca5395-a52e-4347-a9f0-c3352ccfa52e/datanode-2/data/ratis] (custom)
2019-07-10 11:15:26,213 INFO  server.XceiverServerGrpc (XceiverServerGrpc.java:<init>(97)) - Found a free port for the server : 33727
2019-07-10 11:15:26,214 INFO  replication.SimpleContainerDownloader (SimpleContainerDownloader.java:<init>(72)) - Starting container downloader service to copy containers to replicate.
2019-07-10 11:15:26,215 INFO  hdfs.DFSUtil (DFSUtil.java:httpServerTemplateForNNAndJN(1641)) - Starting Web-server for hddsDatanode at: http://0.0.0.0:0
2019-07-10 11:15:26,217 INFO  server.AuthenticationFilter (AuthenticationFilter.java:constructSecretProvider(240)) - Unable to initialize FileSignerSecretProvider, falling back to use random secrets.
2019-07-10 11:15:26,218 WARN  http.HttpRequestLog (HttpRequestLog.java:getRequestLog(97)) - Jetty request log can only be enabled using Log4j
2019-07-10 11:15:26,221 INFO  http.HttpServer2 (HttpServer2.java:addGlobalFilter(975)) - Added global filter 'safety' (class=org.apache.hadoop.http.HttpServer2$QuotingInputFilter)
2019-07-10 11:15:26,222 INFO  http.HttpServer2 (HttpServer2.java:addFilter(948)) - Added filter static_user_filter (class=org.apache.hadoop.http.lib.StaticUserWebFilter$StaticUserFilter) to context hddsDatanode
2019-07-10 11:15:26,222 INFO  http.HttpServer2 (HttpServer2.java:addFilter(958)) - Added filter static_user_filter (class=org.apache.hadoop.http.lib.StaticUserWebFilter$StaticUserFilter) to context static
2019-07-10 11:15:26,223 INFO  http.HttpServer2 (HttpServer2.java:addFilter(958)) - Added filter static_user_filter (class=org.apache.hadoop.http.lib.StaticUserWebFilter$StaticUserFilter) to context logs
2019-07-10 11:15:26,224 INFO  http.HttpServer2 (HttpServer2.java:bindListener(1191)) - Jetty bound to port 45178
2019-07-10 11:15:26,224 INFO  server.Server (Server.java:doStart(351)) - jetty-9.3.24.v20180605, build timestamp: 2018-06-05T17:11:56Z, git hash: 84205aa28f11a4f31f2a3b86d1bba2cc8ab69827
2019-07-10 11:15:26,228 INFO  handler.ContextHandler (ContextHandler.java:doStart(781)) - Started o.e.j.s.ServletContextHandler@3a3ed300{/logs,file:///tmp/workdir/hadoop-ozone/tools/target/log,AVAILABLE}
2019-07-10 11:15:26,229 INFO  handler.ContextHandler (ContextHandler.java:doStart(781)) - Started o.e.j.s.ServletContextHandler@39f5b723{/static,file:///tmp/workdir/hadoop-hdds/container-service/target/classes/webapps/static,AVAILABLE}
2019-07-10 11:15:26,235 INFO  handler.ContextHandler (ContextHandler.java:doStart(781)) - Started o.e.j.w.WebAppContext@16736040{/,file:///tmp/workdir/hadoop-hdds/container-service/target/classes/webapps/hddsDatanode/,AVAILABLE}{/hddsDatanode}
2019-07-10 11:15:26,236 INFO  server.AbstractConnector (AbstractConnector.java:doStart(278)) - Started ServerConnector@7c5d1d25{HTTP/1.1,[http/1.1]}{0.0.0.0:45178}
2019-07-10 11:15:26,237 INFO  server.Server (Server.java:doStart(419)) - Started @5853ms
2019-07-10 11:15:26,238 INFO  server.BaseHttpServer (BaseHttpServer.java:updateConnectorAddress(207)) - HTTP server of HDDSDATANODE is listening at http://0.0.0.0:45178
2019-07-10 11:15:26,394 INFO  ozone.HddsDatanodeService (HddsDatanodeService.java:startPlugins(396)) - Started plug-in org.apache.hadoop.ozone.web.OzoneHddsDatanodeService@62cba181
2019-07-10 11:15:26,398 INFO  util.JvmPauseMonitor (JvmPauseMonitor.java:run(188)) - Starting JVM pause monitor
2019-07-10 11:15:26,398 INFO  ozone.MiniOzoneClusterImpl (MiniOzoneClusterImpl.java:lambda$waitForClusterToBeReady$0(142)) - Waiting for cluster to be ready. Got 0 of 3 DN Heartbeats.
2019-07-10 11:15:26,402 INFO  datanode.InitDatanodeState (InitDatanodeState.java:persistContainerDatanodeDetails(140)) - DatanodeDetails is persisted to /tmp/workdir/hadoop-ozone/tools/target/test-dir/MiniOzoneClusterImpl-e8ca5395-a52e-4347-a9f0-c3352ccfa52e/datanode-2/meta/datanode.id
2019-07-10 11:15:27,398 INFO  ozone.MiniOzoneClusterImpl (MiniOzoneClusterImpl.java:lambda$waitForClusterToBeReady$0(142)) - Waiting for cluster to be ready. Got 0 of 3 DN Heartbeats.
2019-07-10 11:15:27,983 INFO  ozoneimpl.OzoneContainer (OzoneContainer.java:start(186)) - Attempting to start container services.
2019-07-10 11:15:27,985 INFO  ozoneimpl.OzoneContainer (OzoneContainer.java:startContainerScrub(160)) - Background container scrubber has been disabled by hdds.containerscrub.enabled
2019-07-10 11:15:27,985 INFO  ratis.XceiverServerRatis (XceiverServerRatis.java:start(428)) - Starting XceiverServerRatis 9b64db8a-0a43-4d88-93dd-97e5dfbc0b69 at port 40929
2019-07-10 11:15:28,023 INFO  impl.RaftServerProxy (RaftServerProxy.java:lambda$start$3(299)) - 9b64db8a-0a43-4d88-93dd-97e5dfbc0b69: start RPC server
2019-07-10 11:15:28,165 INFO  server.GrpcService (GrpcService.java:startImpl(149)) - 9b64db8a-0a43-4d88-93dd-97e5dfbc0b69: GrpcService started, listening on 0.0.0.0/0.0.0.0:40929
2019-07-10 11:15:28,194 INFO  ozoneimpl.OzoneContainer (OzoneContainer.java:start(186)) - Attempting to start container services.
2019-07-10 11:15:28,196 INFO  ozoneimpl.OzoneContainer (OzoneContainer.java:startContainerScrub(160)) - Background container scrubber has been disabled by hdds.containerscrub.enabled
2019-07-10 11:15:28,197 INFO  ratis.XceiverServerRatis (XceiverServerRatis.java:start(428)) - Starting XceiverServerRatis ab757b3f-52e6-4029-9085-8ef832cdc13d at port 39467
2019-07-10 11:15:28,209 INFO  impl.RaftServerProxy (RaftServerProxy.java:lambda$start$3(299)) - ab757b3f-52e6-4029-9085-8ef832cdc13d: start RPC server
2019-07-10 11:15:28,213 INFO  server.GrpcService (GrpcService.java:startImpl(149)) - ab757b3f-52e6-4029-9085-8ef832cdc13d: GrpcService started, listening on 0.0.0.0/0.0.0.0:39467
2019-07-10 11:15:28,400 INFO  ozone.MiniOzoneClusterImpl (MiniOzoneClusterImpl.java:lambda$waitForClusterToBeReady$0(142)) - Waiting for cluster to be ready. Got 0 of 3 DN Heartbeats.
2019-07-10 11:15:28,416 INFO  ozoneimpl.OzoneContainer (OzoneContainer.java:start(186)) - Attempting to start container services.
2019-07-10 11:15:28,418 INFO  ozoneimpl.OzoneContainer (OzoneContainer.java:startContainerScrub(160)) - Background container scrubber has been disabled by hdds.containerscrub.enabled
2019-07-10 11:15:28,418 INFO  ratis.XceiverServerRatis (XceiverServerRatis.java:start(428)) - Starting XceiverServerRatis d71484f8-0c0a-41b2-bb2a-31aaf8221b97 at port 34017
2019-07-10 11:15:28,467 INFO  impl.RaftServerProxy (RaftServerProxy.java:lambda$start$3(299)) - d71484f8-0c0a-41b2-bb2a-31aaf8221b97: start RPC server
2019-07-10 11:15:28,472 INFO  server.GrpcService (GrpcService.java:startImpl(149)) - d71484f8-0c0a-41b2-bb2a-31aaf8221b97: GrpcService started, listening on 0.0.0.0/0.0.0.0:34017
2019-07-10 11:15:29,402 INFO  ozone.MiniOzoneClusterImpl (MiniOzoneClusterImpl.java:lambda$waitForClusterToBeReady$0(142)) - Waiting for cluster to be ready. Got 0 of 3 DN Heartbeats.
2019-07-10 11:15:29,970 INFO  net.NetworkTopology (NetworkTopologyImpl.java:add(109)) - Added a new node: /default-rack/192.168.69.121
2019-07-10 11:15:29,971 INFO  node.SCMNodeManager (SCMNodeManager.java:register(268)) - Registered Data node : 9b64db8a-0a43-4d88-93dd-97e5dfbc0b69{ip: 192.168.69.121, host: hdds1735-v25bk-3750973123, networkLocation: /default-rack, certSerialId: null}
2019-07-10 11:15:29,977 INFO  safemode.SCMSafeModeManager (DataNodeSafeModeRule.java:process(71)) - SCM in safe mode. 1 DataNodes registered, 1 required.
2019-07-10 11:15:29,977 INFO  safemode.SCMSafeModeManager (SCMSafeModeManager.java:validateSafeModeExitRules(177)) - ScmSafeModeManager, all rules are successfully validated
2019-07-10 11:15:29,977 INFO  safemode.SCMSafeModeManager (SCMSafeModeManager.java:exitSafeMode(193)) - SCM exiting safe mode.
2019-07-10 11:15:30,182 INFO  node.SCMNodeManager (SCMNodeManager.java:register(268)) - Registered Data node : ab757b3f-52e6-4029-9085-8ef832cdc13d{ip: 192.168.69.121, host: hdds1735-v25bk-3750973123, networkLocation: /default-rack, certSerialId: null}
2019-07-10 11:15:30,401 INFO  node.SCMNodeManager (SCMNodeManager.java:register(268)) - Registered Data node : d71484f8-0c0a-41b2-bb2a-31aaf8221b97{ip: 192.168.69.121, host: hdds1735-v25bk-3750973123, networkLocation: /default-rack, certSerialId: null}
2019-07-10 11:15:30,402 INFO  ozone.MiniOzoneClusterImpl (MiniOzoneClusterImpl.java:lambda$waitForClusterToBeReady$0(142)) - Cluster is ready. Got 3 of 3 DN Heartbeats.
2019-07-10 11:15:30,578 INFO  impl.RaftServerProxy (RaftServerProxy.java:addNew(89)) - 9b64db8a-0a43-4d88-93dd-97e5dfbc0b69: addNew group-0B8B9B3A399A:[9b64db8a-0a43-4d88-93dd-97e5dfbc0b69:192.168.69.121:40929] returns group-0B8B9B3A399A:java.util.concurrent.CompletableFuture@3dc1a27[Not completed]
2019-07-10 11:15:30,910 INFO  impl.RaftServerImpl (RaftServerImpl.java:<init>(93)) - 9b64db8a-0a43-4d88-93dd-97e5dfbc0b69: new RaftServerImpl for group-0B8B9B3A399A:[9b64db8a-0a43-4d88-93dd-97e5dfbc0b69:192.168.69.121:40929] with ContainerStateMachine:uninitialized
2019-07-10 11:15:30,914 INFO  server.RaftServerConfigKeys (ConfUtils.java:logGet(43)) - raft.server.rpc.timeout.min = 1s (custom)
2019-07-10 11:15:30,915 INFO  server.RaftServerConfigKeys (ConfUtils.java:logGet(43)) - raft.server.rpc.timeout.max = 1200ms (custom)
2019-07-10 11:15:30,916 INFO  server.RaftServerConfigKeys (ConfUtils.java:logGet(43)) - raft.server.rpcslowness.timeout = 120s (custom)
2019-07-10 11:15:30,917 INFO  server.RaftServerConfigKeys (ConfUtils.java:logGet(43)) - raft.server.sleep.deviation.threshold = 300 (default)
2019-07-10 11:15:30,918 INFO  server.RaftServerConfigKeys (ConfUtils.java:logGet(43)) - raft.server.log.appender.install.snapshot.enabled = false (custom)
2019-07-10 11:15:30,930 INFO  impl.RaftServerImpl (ServerState.java:<init>(105)) - 9b64db8a-0a43-4d88-93dd-97e5dfbc0b69:group-0B8B9B3A399A ConfigurationManager, init=-1: [9b64db8a-0a43-4d88-93dd-97e5dfbc0b69:192.168.69.121:40929], old=null, confs=<EMPTY_MAP>
2019-07-10 11:15:30,930 INFO  server.RaftServerConfigKeys (ConfUtils.java:logGet(43)) - raft.server.storage.dir = [/tmp/workdir/hadoop-ozone/tools/target/test-dir/MiniOzoneClusterImpl-e8ca5395-a52e-4347-a9f0-c3352ccfa52e/datanode-0/data/ratis] (custom)
2019-07-10 11:15:30,941 INFO  storage.RaftStorageDirectory (RaftStorageDirectory.java:analyzeStorage(246)) - The storage directory /tmp/workdir/hadoop-ozone/tools/target/test-dir/MiniOzoneClusterImpl-e8ca5395-a52e-4347-a9f0-c3352ccfa52e/datanode-0/data/ratis/6c479b7a-8073-480c-a812-0b8b9b3a399a does not exist. Creating ...
2019-07-10 11:15:30,960 INFO  storage.RaftStorageDirectory (RaftStorageDirectory.java:tryLock(328)) - Lock on /tmp/workdir/hadoop-ozone/tools/target/test-dir/MiniOzoneClusterImpl-e8ca5395-a52e-4347-a9f0-c3352ccfa52e/datanode-0/data/ratis/6c479b7a-8073-480c-a812-0b8b9b3a399a/in_use.lock acquired by nodename 21149@hdds1735-v25bk-3750973123
2019-07-10 11:15:30,977 INFO  storage.RaftStorage (RaftStorage.java:format(72)) - Storage directory /tmp/workdir/hadoop-ozone/tools/target/test-dir/MiniOzoneClusterImpl-e8ca5395-a52e-4347-a9f0-c3352ccfa52e/datanode-0/data/ratis/6c479b7a-8073-480c-a812-0b8b9b3a399a has been successfully formatted.
2019-07-10 11:15:30,980 INFO  ratis.ContainerStateMachine (ContainerStateMachine.java:loadSnapshot(198)) - The snapshot info is null.Setting the last applied index to:(t:0, i:~)
2019-07-10 11:15:30,980 INFO  server.RaftServerConfigKeys (ConfUtils.java:logGet(43)) - raft.server.leader.election.timeout = 120s (custom)
2019-07-10 11:15:30,983 INFO  server.RaftServerConfigKeys (ConfUtils.java:logGet(43)) - raft.server.log.use.memory = false (default)
2019-07-10 11:15:30,990 INFO  server.RaftServerConfigKeys (ConfUtils.java:logGet(43)) - raft.server.log.purge.gap = 1000000000 (custom)
2019-07-10 11:15:30,991 INFO  server.RaftServerConfigKeys (ConfUtils.java:logGet(43)) - raft.server.log.appender.buffer.byte-limit = 33554432 (custom)
2019-07-10 11:15:30,993 INFO  server.RaftServerConfigKeys (ConfUtils.java:logGet(43)) - raft.server.log.segment.size.max = 1048576 (custom)
2019-07-10 11:15:30,999 INFO  server.RaftServerConfigKeys (ConfUtils.java:logGet(43)) - raft.server.log.segment.cache.num.max = 2 (custom)
2019-07-10 11:15:31,015 INFO  segmented.SegmentedRaftLogWorker (SegmentedRaftLogWorker.java:<init>(172)) - new 9b64db8a-0a43-4d88-93dd-97e5dfbc0b69-SegmentedRaftLogWorker:Storage Directory /tmp/workdir/hadoop-ozone/tools/target/test-dir/MiniOzoneClusterImpl-e8ca5395-a52e-4347-a9f0-c3352ccfa52e/datanode-0/data/ratis/6c479b7a-8073-480c-a812-0b8b9b3a399a for RaftStorage:Storage Directory /tmp/workdir/hadoop-ozone/tools/target/test-dir/MiniOzoneClusterImpl-e8ca5395-a52e-4347-a9f0-c3352ccfa52e/datanode-0/data/ratis/6c479b7a-8073-480c-a812-0b8b9b3a399a
2019-07-10 11:15:31,033 INFO  server.RaftServerConfigKeys (ConfUtils.java:logGet(43)) - raft.server.log.queue.byte-limit = 2147483647 (custom)
2019-07-10 11:15:31,034 INFO  server.RaftServerConfigKeys (ConfUtils.java:logGet(43)) - raft.server.log.queue.element-limit = 1024 (custom)
2019-07-10 11:15:31,041 INFO  server.RaftServerConfigKeys (ConfUtils.java:logGet(43)) - raft.server.log.segment.size.max = 1048576 (custom)
2019-07-10 11:15:31,041 INFO  server.RaftServerConfigKeys (ConfUtils.java:logGet(43)) - raft.server.log.preallocated.size = 16384 (custom)
2019-07-10 11:15:31,042 INFO  server.RaftServerConfigKeys (ConfUtils.java:logGet(43)) - raft.server.log.write.buffer.size = 33554432 (custom)
2019-07-10 11:15:31,042 INFO  server.RaftServerConfigKeys (ConfUtils.java:logGet(43)) - raft.server.log.force.sync.num = 128 (default)
2019-07-10 11:15:31,043 INFO  server.RaftServerConfigKeys (ConfUtils.java:logGet(43)) - raft.server.log.statemachine.data.sync = true (default)
2019-07-10 11:15:31,043 INFO  server.RaftServerConfigKeys (ConfUtils.java:logGet(43)) - raft.server.log.statemachine.data.sync.timeout = 10s (default)
2019-07-10 11:15:31,044 INFO  server.RaftServerConfigKeys (ConfUtils.java:logGet(43)) - raft.server.log.statemachine.data.sync.timeout.retry = -1 (default)
2019-07-10 11:15:31,058 INFO  server.RaftServerConfigKeys (ConfUtils.java:logGet(43)) - raft.server.log.statemachine.data.caching.enabled = true (custom)
2019-07-10 11:15:31,063 INFO  segmented.SegmentedRaftLogWorker (SegmentedRaftLogWorker.java:lambda$new$0(132)) - 9b64db8a-0a43-4d88-93dd-97e5dfbc0b69-SegmentedRaftLogWorker:Storage Directory /tmp/workdir/hadoop-ozone/tools/target/test-dir/MiniOzoneClusterImpl-e8ca5395-a52e-4347-a9f0-c3352ccfa52e/datanode-0/data/ratis/6c479b7a-8073-480c-a812-0b8b9b3a399a: flushIndex: setUnconditionally 0 -> -1
2019-07-10 11:15:31,067 INFO  server.RaftServerConfigKeys (ConfUtils.java:logGet(43)) - raft.server.snapshot.auto.trigger.enabled = true (custom)
2019-07-10 11:15:31,068 INFO  server.RaftServerConfigKeys (ConfUtils.java:logGet(43)) - raft.server.snapshot.auto.trigger.threshold = 10000 (custom)
2019-07-10 11:15:31,069 INFO  server.RaftServerConfigKeys (ConfUtils.java:logGet(43)) - raft.server.retrycache.expirytime = 600000ms (custom)
2019-07-10 11:15:31,091 INFO  impl.RaftServerImpl (RaftServerImpl.java:start(180)) - 9b64db8a-0a43-4d88-93dd-97e5dfbc0b69: start group-0B8B9B3A399A
2019-07-10 11:15:31,092 INFO  impl.RaftServerImpl (RaftServerImpl.java:setRole(171)) - 9b64db8a-0a43-4d88-93dd-97e5dfbc0b69:group-0B8B9B3A399A changes role from null to FOLLOWER at term 0 for startAsFollower
2019-07-10 11:15:31,093 INFO  impl.RoleInfo (RoleInfo.java:updateAndGet(143)) - 9b64db8a-0a43-4d88-93dd-97e5dfbc0b69: start FollowerState
2019-07-10 11:15:31,095 INFO  util.JmxRegister (JmxRegister.java:tryRegister(44)) - Successfully registered JMX Bean with object name Ratis:service=RaftServer,group=group-0B8B9B3A399A,id=9b64db8a-0a43-4d88-93dd-97e5dfbc0b69
2019-07-10 11:15:31,160 INFO  pipeline.PipelineStateManager (PipelineStateManager.java:addPipeline(56)) - Created pipeline Pipeline[ Id: 6c479b7a-8073-480c-a812-0b8b9b3a399a, Nodes: 9b64db8a-0a43-4d88-93dd-97e5dfbc0b69{ip: 192.168.69.121, host: hdds1735-v25bk-3750973123, networkLocation: /default-rack, certSerialId: null}, Type:RATIS, Factor:ONE, State:OPEN]
2019-07-10 11:15:31,167 INFO  freon.RandomKeyGenerator (RandomKeyGenerator.java:call(262)) - Number of Threads: 10
2019-07-10 11:15:31,168 INFO  freon.RandomKeyGenerator (RandomKeyGenerator.java:call(267)) - Number of Volumes: 1.
2019-07-10 11:15:31,168 INFO  freon.RandomKeyGenerator (RandomKeyGenerator.java:call(268)) - Number of Buckets per Volume: 1.
2019-07-10 11:15:31,168 INFO  freon.RandomKeyGenerator (RandomKeyGenerator.java:call(269)) - Number of Keys per Bucket: 1.
2019-07-10 11:15:31,169 INFO  freon.RandomKeyGenerator (RandomKeyGenerator.java:call(270)) - Key size: 20971520 bytes
2019-07-10 11:15:31,169 INFO  freon.RandomKeyGenerator (RandomKeyGenerator.java:call(271)) - Buffer size: 4096 bytes
2019-07-10 11:15:31,172 INFO  freon.RandomKeyGenerator (RandomKeyGenerator.java:call(286)) - Data validation is enabled.
2019-07-10 11:15:31,174 INFO  freon.RandomKeyGenerator (RandomKeyGenerator.java:call(299)) - Starting progress bar Thread.

 0.00% |█                                                                                                    |  0/1 Time: 0:00:002019-07-10 11:15:31,182 INFO  impl.RaftServerProxy (RaftServerProxy.java:addNew(89)) - d71484f8-0c0a-41b2-bb2a-31aaf8221b97: addNew group-A7805F3F4532:[d71484f8-0c0a-41b2-bb2a-31aaf8221b97:192.168.69.121:34017] returns group-A7805F3F4532:java.util.concurrent.CompletableFuture@2c0223ca[Not completed]
2019-07-10 11:15:31,215 INFO  impl.RaftServerImpl (RaftServerImpl.java:<init>(93)) - d71484f8-0c0a-41b2-bb2a-31aaf8221b97: new RaftServerImpl for group-A7805F3F4532:[d71484f8-0c0a-41b2-bb2a-31aaf8221b97:192.168.69.121:34017] with ContainerStateMachine:uninitialized
2019-07-10 11:15:31,218 INFO  server.RaftServerConfigKeys (ConfUtils.java:logGet(43)) - raft.server.rpc.timeout.min = 1s (custom)
2019-07-10 11:15:31,218 INFO  server.RaftServerConfigKeys (ConfUtils.java:logGet(43)) - raft.server.rpc.timeout.max = 1200ms (custom)
2019-07-10 11:15:31,218 INFO  server.RaftServerConfigKeys (ConfUtils.java:logGet(43)) - raft.server.rpcslowness.timeout = 120s (custom)
2019-07-10 11:15:31,219 INFO  server.RaftServerConfigKeys (ConfUtils.java:logGet(43)) - raft.server.sleep.deviation.threshold = 300 (default)
2019-07-10 11:15:31,219 INFO  server.RaftServerConfigKeys (ConfUtils.java:logGet(43)) - raft.server.log.appender.install.snapshot.enabled = false (custom)
2019-07-10 11:15:31,219 INFO  impl.RaftServerImpl (ServerState.java:<init>(105)) - d71484f8-0c0a-41b2-bb2a-31aaf8221b97:group-A7805F3F4532 ConfigurationManager, init=-1: [d71484f8-0c0a-41b2-bb2a-31aaf8221b97:192.168.69.121:34017], old=null, confs=<EMPTY_MAP>
2019-07-10 11:15:31,219 INFO  server.RaftServerConfigKeys (ConfUtils.java:logGet(43)) - raft.server.storage.dir = [/tmp/workdir/hadoop-ozone/tools/target/test-dir/MiniOzoneClusterImpl-e8ca5395-a52e-4347-a9f0-c3352ccfa52e/datanode-2/data/ratis] (custom)
2019-07-10 11:15:31,220 INFO  storage.RaftStorageDirectory (RaftStorageDirectory.java:analyzeStorage(246)) - The storage directory /tmp/workdir/hadoop-ozone/tools/target/test-dir/MiniOzoneClusterImpl-e8ca5395-a52e-4347-a9f0-c3352ccfa52e/datanode-2/data/ratis/6372b7d4-2bca-4d55-8e1a-a7805f3f4532 does not exist. Creating ...
2019-07-10 11:15:31,230 INFO  rpc.RpcClient (RpcClient.java:createVolume(289)) - Creating Volume: vol-0-19912, with jenkins1000 as owner.
2019-07-10 11:15:31,234 INFO  storage.RaftStorageDirectory (RaftStorageDirectory.java:tryLock(328)) - Lock on /tmp/workdir/hadoop-ozone/tools/target/test-dir/MiniOzoneClusterImpl-e8ca5395-a52e-4347-a9f0-c3352ccfa52e/datanode-2/data/ratis/6372b7d4-2bca-4d55-8e1a-a7805f3f4532/in_use.lock acquired by nodename 21149@hdds1735-v25bk-3750973123
2019-07-10 11:15:31,261 INFO  storage.RaftStorage (RaftStorage.java:format(72)) - Storage directory /tmp/workdir/hadoop-ozone/tools/target/test-dir/MiniOzoneClusterImpl-e8ca5395-a52e-4347-a9f0-c3352ccfa52e/datanode-2/data/ratis/6372b7d4-2bca-4d55-8e1a-a7805f3f4532 has been successfully formatted.
2019-07-10 11:15:31,262 INFO  ratis.ContainerStateMachine (ContainerStateMachine.java:loadSnapshot(198)) - The snapshot info is null.Setting the last applied index to:(t:0, i:~)
2019-07-10 11:15:31,263 INFO  server.RaftServerConfigKeys (ConfUtils.java:logGet(43)) - raft.server.leader.election.timeout = 120s (custom)
2019-07-10 11:15:31,264 INFO  server.RaftServerConfigKeys (ConfUtils.java:logGet(43)) - raft.server.log.use.memory = false (default)
2019-07-10 11:15:31,265 INFO  server.RaftServerConfigKeys (ConfUtils.java:logGet(43)) - raft.server.log.purge.gap = 1000000000 (custom)
2019-07-10 11:15:31,265 INFO  server.RaftServerConfigKeys (ConfUtils.java:logGet(43)) - raft.server.log.appender.buffer.byte-limit = 33554432 (custom)
2019-07-10 11:15:31,265 INFO  server.RaftServerConfigKeys (ConfUtils.java:logGet(43)) - raft.server.log.segment.size.max = 1048576 (custom)
2019-07-10 11:15:31,266 INFO  server.RaftServerConfigKeys (ConfUtils.java:logGet(43)) - raft.server.log.segment.cache.num.max = 2 (custom)
2019-07-10 11:15:31,266 INFO  segmented.SegmentedRaftLogWorker (SegmentedRaftLogWorker.java:<init>(172)) - new d71484f8-0c0a-41b2-bb2a-31aaf8221b97-SegmentedRaftLogWorker:Storage Directory /tmp/workdir/hadoop-ozone/tools/target/test-dir/MiniOzoneClusterImpl-e8ca5395-a52e-4347-a9f0-c3352ccfa52e/datanode-2/data/ratis/6372b7d4-2bca-4d55-8e1a-a7805f3f4532 for RaftStorage:Storage Directory /tmp/workdir/hadoop-ozone/tools/target/test-dir/MiniOzoneClusterImpl-e8ca5395-a52e-4347-a9f0-c3352ccfa52e/datanode-2/data/ratis/6372b7d4-2bca-4d55-8e1a-a7805f3f4532
2019-07-10 11:15:31,267 INFO  server.RaftServerConfigKeys (ConfUtils.java:logGet(43)) - raft.server.log.queue.byte-limit = 2147483647 (custom)
2019-07-10 11:15:31,267 INFO  server.RaftServerConfigKeys (ConfUtils.java:logGet(43)) - raft.server.log.queue.element-limit = 1024 (custom)
2019-07-10 11:15:31,268 INFO  server.RaftServerConfigKeys (ConfUtils.java:logGet(43)) - raft.server.log.segment.size.max = 1048576 (custom)
2019-07-10 11:15:31,268 INFO  server.RaftServerConfigKeys (ConfUtils.java:logGet(43)) - raft.server.log.preallocated.size = 16384 (custom)
2019-07-10 11:15:31,268 INFO  server.RaftServerConfigKeys (ConfUtils.java:logGet(43)) - raft.server.log.write.buffer.size = 33554432 (custom)
2019-07-10 11:15:31,268 INFO  server.RaftServerConfigKeys (ConfUtils.java:logGet(43)) - raft.server.log.force.sync.num = 128 (default)
2019-07-10 11:15:31,268 INFO  server.RaftServerConfigKeys (ConfUtils.java:logGet(43)) - raft.server.log.statemachine.data.sync = true (default)
2019-07-10 11:15:31,271 INFO  server.RaftServerConfigKeys (ConfUtils.java:logGet(43)) - raft.server.log.statemachine.data.sync.timeout = 10s (default)
2019-07-10 11:15:31,271 INFO  server.RaftServerConfigKeys (ConfUtils.java:logGet(43)) - raft.server.log.statemachine.data.sync.timeout.retry = -1 (default)
2019-07-10 11:15:31,271 INFO  server.RaftServerConfigKeys (ConfUtils.java:logGet(43)) - raft.server.log.statemachine.data.caching.enabled = true (custom)
2019-07-10 11:15:31,272 INFO  segmented.SegmentedRaftLogWorker (SegmentedRaftLogWorker.java:lambda$new$0(132)) - d71484f8-0c0a-41b2-bb2a-31aaf8221b97-SegmentedRaftLogWorker:Storage Directory /tmp/workdir/hadoop-ozone/tools/target/test-dir/MiniOzoneClusterImpl-e8ca5395-a52e-4347-a9f0-c3352ccfa52e/datanode-2/data/ratis/6372b7d4-2bca-4d55-8e1a-a7805f3f4532: flushIndex: setUnconditionally 0 -> -1
2019-07-10 11:15:31,272 INFO  server.RaftServerConfigKeys (ConfUtils.java:logGet(43)) - raft.server.snapshot.auto.trigger.enabled = true (custom)
2019-07-10 11:15:31,272 INFO  server.RaftServerConfigKeys (ConfUtils.java:logGet(43)) - raft.server.snapshot.auto.trigger.threshold = 10000 (custom)
2019-07-10 11:15:31,273 INFO  server.RaftServerConfigKeys (ConfUtils.java:logGet(43)) - raft.server.retrycache.expirytime = 600000ms (custom)
2019-07-10 11:15:31,273 INFO  impl.RaftServerImpl (RaftServerImpl.java:start(180)) - d71484f8-0c0a-41b2-bb2a-31aaf8221b97: start group-A7805F3F4532
2019-07-10 11:15:31,273 INFO  impl.RaftServerImpl (RaftServerImpl.java:setRole(171)) - d71484f8-0c0a-41b2-bb2a-31aaf8221b97:group-A7805F3F4532 changes role from null to FOLLOWER at term 0 for startAsFollower
2019-07-10 11:15:31,273 INFO  impl.RoleInfo (RoleInfo.java:updateAndGet(143)) - d71484f8-0c0a-41b2-bb2a-31aaf8221b97: start FollowerState
2019-07-10 11:15:31,275 INFO  rpc.RpcClient (RpcClient.java:createBucket(426)) - Creating Bucket: vol-0-19912/bucket-0-24126, with Versioning false and Storage Type set to DISK and Encryption set to false 
2019-07-10 11:15:31,277 INFO  util.JmxRegister (JmxRegister.java:tryRegister(44)) - Successfully registered JMX Bean with object name Ratis:service=RaftServer,group=group-A7805F3F4532,id=d71484f8-0c0a-41b2-bb2a-31aaf8221b97
2019-07-10 11:15:31,294 INFO  pipeline.PipelineStateManager (PipelineStateManager.java:addPipeline(56)) - Created pipeline Pipeline[ Id: 6372b7d4-2bca-4d55-8e1a-a7805f3f4532, Nodes: d71484f8-0c0a-41b2-bb2a-31aaf8221b97{ip: 192.168.69.121, host: hdds1735-v25bk-3750973123, networkLocation: /default-rack, certSerialId: null}, Type:RATIS, Factor:ONE, State:OPEN]
2019-07-10 11:15:31,321 INFO  impl.RaftServerProxy (RaftServerProxy.java:addNew(89)) - ab757b3f-52e6-4029-9085-8ef832cdc13d: addNew group-6D66D8299308:[ab757b3f-52e6-4029-9085-8ef832cdc13d:192.168.69.121:39467] returns group-6D66D8299308:java.util.concurrent.CompletableFuture@e7aa6b7[Not completed]
2019-07-10 11:15:31,326 INFO  impl.RaftServerImpl (RaftServerImpl.java:<init>(93)) - ab757b3f-52e6-4029-9085-8ef832cdc13d: new RaftServerImpl for group-6D66D8299308:[ab757b3f-52e6-4029-9085-8ef832cdc13d:192.168.69.121:39467] with ContainerStateMachine:uninitialized
2019-07-10 11:15:31,327 INFO  server.RaftServerConfigKeys (ConfUtils.java:logGet(43)) - raft.server.rpc.timeout.min = 1s (custom)
2019-07-10 11:15:31,327 INFO  server.RaftServerConfigKeys (ConfUtils.java:logGet(43)) - raft.server.rpc.timeout.max = 1200ms (custom)
2019-07-10 11:15:31,327 INFO  server.RaftServerConfigKeys (ConfUtils.java:logGet(43)) - raft.server.rpcslowness.timeout = 120s (custom)
2019-07-10 11:15:31,328 INFO  server.RaftServerConfigKeys (ConfUtils.java:logGet(43)) - raft.server.sleep.deviation.threshold = 300 (default)
2019-07-10 11:15:31,328 INFO  server.RaftServerConfigKeys (ConfUtils.java:logGet(43)) - raft.server.log.appender.install.snapshot.enabled = false (custom)
2019-07-10 11:15:31,328 INFO  impl.RaftServerImpl (ServerState.java:<init>(105)) - ab757b3f-52e6-4029-9085-8ef832cdc13d:group-6D66D8299308 ConfigurationManager, init=-1: [ab757b3f-52e6-4029-9085-8ef832cdc13d:192.168.69.121:39467], old=null, confs=<EMPTY_MAP>
2019-07-10 11:15:31,329 INFO  server.RaftServerConfigKeys (ConfUtils.java:logGet(43)) - raft.server.storage.dir = [/tmp/workdir/hadoop-ozone/tools/target/test-dir/MiniOzoneClusterImpl-e8ca5395-a52e-4347-a9f0-c3352ccfa52e/datanode-1/data/ratis] (custom)
2019-07-10 11:15:31,329 INFO  storage.RaftStorageDirectory (RaftStorageDirectory.java:analyzeStorage(246)) - The storage directory /tmp/workdir/hadoop-ozone/tools/target/test-dir/MiniOzoneClusterImpl-e8ca5395-a52e-4347-a9f0-c3352ccfa52e/datanode-1/data/ratis/7f88c00f-22f1-48c9-b131-6d66d8299308 does not exist. Creating ...
2019-07-10 11:15:31,343 INFO  storage.RaftStorageDirectory (RaftStorageDirectory.java:tryLock(328)) - Lock on /tmp/workdir/hadoop-ozone/tools/target/test-dir/MiniOzoneClusterImpl-e8ca5395-a52e-4347-a9f0-c3352ccfa52e/datanode-1/data/ratis/7f88c00f-22f1-48c9-b131-6d66d8299308/in_use.lock acquired by nodename 21149@hdds1735-v25bk-3750973123
2019-07-10 11:15:31,357 INFO  storage.RaftStorage (RaftStorage.java:format(72)) - Storage directory /tmp/workdir/hadoop-ozone/tools/target/test-dir/MiniOzoneClusterImpl-e8ca5395-a52e-4347-a9f0-c3352ccfa52e/datanode-1/data/ratis/7f88c00f-22f1-48c9-b131-6d66d8299308 has been successfully formatted.
2019-07-10 11:15:31,357 INFO  ratis.ContainerStateMachine (ContainerStateMachine.java:loadSnapshot(198)) - The snapshot info is null.Setting the last applied index to:(t:0, i:~)
2019-07-10 11:15:31,358 INFO  server.RaftServerConfigKeys (ConfUtils.java:logGet(43)) - raft.server.leader.election.timeout = 120s (custom)
2019-07-10 11:15:31,358 INFO  server.RaftServerConfigKeys (ConfUtils.java:logGet(43)) - raft.server.log.use.memory = false (default)
2019-07-10 11:15:31,358 INFO  server.RaftServerConfigKeys (ConfUtils.java:logGet(43)) - raft.server.log.purge.gap = 1000000000 (custom)
2019-07-10 11:15:31,358 INFO  server.RaftServerConfigKeys (ConfUtils.java:logGet(43)) - raft.server.log.appender.buffer.byte-limit = 33554432 (custom)
2019-07-10 11:15:31,359 INFO  server.RaftServerConfigKeys (ConfUtils.java:logGet(43)) - raft.server.log.segment.size.max = 1048576 (custom)
2019-07-10 11:15:31,359 INFO  server.RaftServerConfigKeys (ConfUtils.java:logGet(43)) - raft.server.log.segment.cache.num.max = 2 (custom)
2019-07-10 11:15:31,359 INFO  segmented.SegmentedRaftLogWorker (SegmentedRaftLogWorker.java:<init>(172)) - new ab757b3f-52e6-4029-9085-8ef832cdc13d-SegmentedRaftLogWorker:Storage Directory /tmp/workdir/hadoop-ozone/tools/target/test-dir/MiniOzoneClusterImpl-e8ca5395-a52e-4347-a9f0-c3352ccfa52e/datanode-1/data/ratis/7f88c00f-22f1-48c9-b131-6d66d8299308 for RaftStorage:Storage Directory /tmp/workdir/hadoop-ozone/tools/target/test-dir/MiniOzoneClusterImpl-e8ca5395-a52e-4347-a9f0-c3352ccfa52e/datanode-1/data/ratis/7f88c00f-22f1-48c9-b131-6d66d8299308
2019-07-10 11:15:31,359 INFO  server.RaftServerConfigKeys (ConfUtils.java:logGet(43)) - raft.server.log.queue.byte-limit = 2147483647 (custom)
2019-07-10 11:15:31,359 INFO  server.RaftServerConfigKeys (ConfUtils.java:logGet(43)) - raft.server.log.queue.element-limit = 1024 (custom)
2019-07-10 11:15:31,360 INFO  server.RaftServerConfigKeys (ConfUtils.java:logGet(43)) - raft.server.log.segment.size.max = 1048576 (custom)
2019-07-10 11:15:31,360 INFO  server.RaftServerConfigKeys (ConfUtils.java:logGet(43)) - raft.server.log.preallocated.size = 16384 (custom)
2019-07-10 11:15:31,360 INFO  server.RaftServerConfigKeys (ConfUtils.java:logGet(43)) - raft.server.log.write.buffer.size = 33554432 (custom)
2019-07-10 11:15:31,360 INFO  server.RaftServerConfigKeys (ConfUtils.java:logGet(43)) - raft.server.log.force.sync.num = 128 (default)
2019-07-10 11:15:31,360 INFO  server.RaftServerConfigKeys (ConfUtils.java:logGet(43)) - raft.server.log.statemachine.data.sync = true (default)
2019-07-10 11:15:31,361 INFO  server.RaftServerConfigKeys (ConfUtils.java:logGet(43)) - raft.server.log.statemachine.data.sync.timeout = 10s (default)
2019-07-10 11:15:31,361 INFO  server.RaftServerConfigKeys (ConfUtils.java:logGet(43)) - raft.server.log.statemachine.data.sync.timeout.retry = -1 (default)
2019-07-10 11:15:31,361 INFO  server.RaftServerConfigKeys (ConfUtils.java:logGet(43)) - raft.server.log.statemachine.data.caching.enabled = true (custom)
2019-07-10 11:15:31,362 INFO  segmented.SegmentedRaftLogWorker (SegmentedRaftLogWorker.java:lambda$new$0(132)) - ab757b3f-52e6-4029-9085-8ef832cdc13d-SegmentedRaftLogWorker:Storage Directory /tmp/workdir/hadoop-ozone/tools/target/test-dir/MiniOzoneClusterImpl-e8ca5395-a52e-4347-a9f0-c3352ccfa52e/datanode-1/data/ratis/7f88c00f-22f1-48c9-b131-6d66d8299308: flushIndex: setUnconditionally 0 -> -1
2019-07-10 11:15:31,362 INFO  server.RaftServerConfigKeys (ConfUtils.java:logGet(43)) - raft.server.snapshot.auto.trigger.enabled = true (custom)
2019-07-10 11:15:31,362 INFO  server.RaftServerConfigKeys (ConfUtils.java:logGet(43)) - raft.server.snapshot.auto.trigger.threshold = 10000 (custom)
2019-07-10 11:15:31,362 INFO  server.RaftServerConfigKeys (ConfUtils.java:logGet(43)) - raft.server.retrycache.expirytime = 600000ms (custom)
2019-07-10 11:15:31,363 INFO  impl.RaftServerImpl (RaftServerImpl.java:start(180)) - ab757b3f-52e6-4029-9085-8ef832cdc13d: start group-6D66D8299308
2019-07-10 11:15:31,363 INFO  impl.RaftServerImpl (RaftServerImpl.java:setRole(171)) - ab757b3f-52e6-4029-9085-8ef832cdc13d:group-6D66D8299308 changes role from null to FOLLOWER at term 0 for startAsFollower
2019-07-10 11:15:31,363 INFO  impl.RoleInfo (RoleInfo.java:updateAndGet(143)) - ab757b3f-52e6-4029-9085-8ef832cdc13d: start FollowerState
2019-07-10 11:15:31,363 INFO  util.JmxRegister (JmxRegister.java:tryRegister(44)) - Successfully registered JMX Bean with object name Ratis:service=RaftServer,group=group-6D66D8299308,id=ab757b3f-52e6-4029-9085-8ef832cdc13d
2019-07-10 11:15:31,373 INFO  pipeline.PipelineStateManager (PipelineStateManager.java:addPipeline(56)) - Created pipeline Pipeline[ Id: 7f88c00f-22f1-48c9-b131-6d66d8299308, Nodes: ab757b3f-52e6-4029-9085-8ef832cdc13d{ip: 192.168.69.121, host: hdds1735-v25bk-3750973123, networkLocation: /default-rack, certSerialId: null}, Type:RATIS, Factor:ONE, State:OPEN]
2019-07-10 11:15:31,412 INFO  impl.RaftServerProxy (RaftServerProxy.java:addNew(89)) - d71484f8-0c0a-41b2-bb2a-31aaf8221b97: addNew group-751DABDF5BAF:[ab757b3f-52e6-4029-9085-8ef832cdc13d:192.168.69.121:39467, 9b64db8a-0a43-4d88-93dd-97e5dfbc0b69:192.168.69.121:40929, d71484f8-0c0a-41b2-bb2a-31aaf8221b97:192.168.69.121:34017] returns group-751DABDF5BAF:java.util.concurrent.CompletableFuture@6ed5ed79[Not completed]
2019-07-10 11:15:31,413 INFO  impl.RaftServerProxy (RaftServerProxy.java:addNew(89)) - 9b64db8a-0a43-4d88-93dd-97e5dfbc0b69: addNew group-751DABDF5BAF:[ab757b3f-52e6-4029-9085-8ef832cdc13d:192.168.69.121:39467, 9b64db8a-0a43-4d88-93dd-97e5dfbc0b69:192.168.69.121:40929, d71484f8-0c0a-41b2-bb2a-31aaf8221b97:192.168.69.121:34017] returns group-751DABDF5BAF:java.util.concurrent.CompletableFuture@1186889f[Not completed]
2019-07-10 11:15:31,414 INFO  impl.RaftServerImpl (RaftServerImpl.java:<init>(93)) - d71484f8-0c0a-41b2-bb2a-31aaf8221b97: new RaftServerImpl for group-751DABDF5BAF:[ab757b3f-52e6-4029-9085-8ef832cdc13d:192.168.69.121:39467, 9b64db8a-0a43-4d88-93dd-97e5dfbc0b69:192.168.69.121:40929, d71484f8-0c0a-41b2-bb2a-31aaf8221b97:192.168.69.121:34017] with ContainerStateMachine:uninitialized
2019-07-10 11:15:31,414 INFO  impl.RaftServerProxy (RaftServerProxy.java:addNew(89)) - ab757b3f-52e6-4029-9085-8ef832cdc13d: addNew group-751DABDF5BAF:[ab757b3f-52e6-4029-9085-8ef832cdc13d:192.168.69.121:39467, 9b64db8a-0a43-4d88-93dd-97e5dfbc0b69:192.168.69.121:40929, d71484f8-0c0a-41b2-bb2a-31aaf8221b97:192.168.69.121:34017] returns group-751DABDF5BAF:java.util.concurrent.CompletableFuture@2bd77ec7[Not completed]
2019-07-10 11:15:31,414 INFO  server.RaftServerConfigKeys (ConfUtils.java:logGet(43)) - raft.server.rpc.timeout.min = 1s (custom)
2019-07-10 11:15:31,414 INFO  server.RaftServerConfigKeys (ConfUtils.java:logGet(43)) - raft.server.rpc.timeout.max = 1200ms (custom)
2019-07-10 11:15:31,414 INFO  server.RaftServerConfigKeys (ConfUtils.java:logGet(43)) - raft.server.rpcslowness.timeout = 120s (custom)
2019-07-10 11:15:31,414 INFO  server.RaftServerConfigKeys (ConfUtils.java:logGet(43)) - raft.server.sleep.deviation.threshold = 300 (default)
2019-07-10 11:15:31,415 INFO  server.RaftServerConfigKeys (ConfUtils.java:logGet(43)) - raft.server.log.appender.install.snapshot.enabled = false (custom)
2019-07-10 11:15:31,415 INFO  impl.RaftServerImpl (RaftServerImpl.java:<init>(93)) - 9b64db8a-0a43-4d88-93dd-97e5dfbc0b69: new RaftServerImpl for group-751DABDF5BAF:[ab757b3f-52e6-4029-9085-8ef832cdc13d:192.168.69.121:39467, 9b64db8a-0a43-4d88-93dd-97e5dfbc0b69:192.168.69.121:40929, d71484f8-0c0a-41b2-bb2a-31aaf8221b97:192.168.69.121:34017] with ContainerStateMachine:uninitialized
2019-07-10 11:15:31,415 INFO  impl.RaftServerImpl (ServerState.java:<init>(105)) - d71484f8-0c0a-41b2-bb2a-31aaf8221b97:group-751DABDF5BAF ConfigurationManager, init=-1: [ab757b3f-52e6-4029-9085-8ef832cdc13d:192.168.69.121:39467, 9b64db8a-0a43-4d88-93dd-97e5dfbc0b69:192.168.69.121:40929, d71484f8-0c0a-41b2-bb2a-31aaf8221b97:192.168.69.121:34017], old=null, confs=<EMPTY_MAP>
2019-07-10 11:15:31,415 INFO  server.RaftServerConfigKeys (ConfUtils.java:logGet(43)) - raft.server.rpc.timeout.min = 1s (custom)
2019-07-10 11:15:31,415 INFO  server.RaftServerConfigKeys (ConfUtils.java:logGet(43)) - raft.server.storage.dir = [/tmp/workdir/hadoop-ozone/tools/target/test-dir/MiniOzoneClusterImpl-e8ca5395-a52e-4347-a9f0-c3352ccfa52e/datanode-2/data/ratis] (custom)
2019-07-10 11:15:31,415 INFO  server.RaftServerConfigKeys (ConfUtils.java:logGet(43)) - raft.server.rpc.timeout.max = 1200ms (custom)
2019-07-10 11:15:31,415 INFO  impl.RaftServerImpl (RaftServerImpl.java:<init>(93)) - ab757b3f-52e6-4029-9085-8ef832cdc13d: new RaftServerImpl for group-751DABDF5BAF:[ab757b3f-52e6-4029-9085-8ef832cdc13d:192.168.69.121:39467, 9b64db8a-0a43-4d88-93dd-97e5dfbc0b69:192.168.69.121:40929, d71484f8-0c0a-41b2-bb2a-31aaf8221b97:192.168.69.121:34017] with ContainerStateMachine:uninitialized
2019-07-10 11:15:31,416 INFO  storage.RaftStorageDirectory (RaftStorageDirectory.java:analyzeStorage(246)) - The storage directory /tmp/workdir/hadoop-ozone/tools/target/test-dir/MiniOzoneClusterImpl-e8ca5395-a52e-4347-a9f0-c3352ccfa52e/datanode-2/data/ratis/b17d4661-ae2e-4dd0-a3d6-751dabdf5baf does not exist. Creating ...
2019-07-10 11:15:31,416 INFO  server.RaftServerConfigKeys (ConfUtils.java:logGet(43)) - raft.server.rpc.timeout.min = 1s (custom)
2019-07-10 11:15:31,416 INFO  server.RaftServerConfigKeys (ConfUtils.java:logGet(43)) - raft.server.rpcslowness.timeout = 120s (custom)
2019-07-10 11:15:31,416 INFO  server.RaftServerConfigKeys (ConfUtils.java:logGet(43)) - raft.server.rpc.timeout.max = 1200ms (custom)
2019-07-10 11:15:31,416 INFO  server.RaftServerConfigKeys (ConfUtils.java:logGet(43)) - raft.server.sleep.deviation.threshold = 300 (default)
2019-07-10 11:15:31,417 INFO  server.RaftServerConfigKeys (ConfUtils.java:logGet(43)) - raft.server.rpcslowness.timeout = 120s (custom)
2019-07-10 11:15:31,417 INFO  server.RaftServerConfigKeys (ConfUtils.java:logGet(43)) - raft.server.log.appender.install.snapshot.enabled = false (custom)
2019-07-10 11:15:31,417 INFO  server.RaftServerConfigKeys (ConfUtils.java:logGet(43)) - raft.server.sleep.deviation.threshold = 300 (default)
2019-07-10 11:15:31,417 INFO  impl.RaftServerImpl (ServerState.java:<init>(105)) - 9b64db8a-0a43-4d88-93dd-97e5dfbc0b69:group-751DABDF5BAF ConfigurationManager, init=-1: [ab757b3f-52e6-4029-9085-8ef832cdc13d:192.168.69.121:39467, 9b64db8a-0a43-4d88-93dd-97e5dfbc0b69:192.168.69.121:40929, d71484f8-0c0a-41b2-bb2a-31aaf8221b97:192.168.69.121:34017], old=null, confs=<EMPTY_MAP>
2019-07-10 11:15:31,417 INFO  server.RaftServerConfigKeys (ConfUtils.java:logGet(43)) - raft.server.log.appender.install.snapshot.enabled = false (custom)
2019-07-10 11:15:31,417 INFO  server.RaftServerConfigKeys (ConfUtils.java:logGet(43)) - raft.server.storage.dir = [/tmp/workdir/hadoop-ozone/tools/target/test-dir/MiniOzoneClusterImpl-e8ca5395-a52e-4347-a9f0-c3352ccfa52e/datanode-0/data/ratis] (custom)
2019-07-10 11:15:31,418 INFO  impl.RaftServerImpl (ServerState.java:<init>(105)) - ab757b3f-52e6-4029-9085-8ef832cdc13d:group-751DABDF5BAF ConfigurationManager, init=-1: [ab757b3f-52e6-4029-9085-8ef832cdc13d:192.168.69.121:39467, 9b64db8a-0a43-4d88-93dd-97e5dfbc0b69:192.168.69.121:40929, d71484f8-0c0a-41b2-bb2a-31aaf8221b97:192.168.69.121:34017], old=null, confs=<EMPTY_MAP>
2019-07-10 11:15:31,418 INFO  server.RaftServerConfigKeys (ConfUtils.java:logGet(43)) - raft.server.storage.dir = [/tmp/workdir/hadoop-ozone/tools/target/test-dir/MiniOzoneClusterImpl-e8ca5395-a52e-4347-a9f0-c3352ccfa52e/datanode-1/data/ratis] (custom)
2019-07-10 11:15:31,418 INFO  storage.RaftStorageDirectory (RaftStorageDirectory.java:analyzeStorage(246)) - The storage directory /tmp/workdir/hadoop-ozone/tools/target/test-dir/MiniOzoneClusterImpl-e8ca5395-a52e-4347-a9f0-c3352ccfa52e/datanode-0/data/ratis/b17d4661-ae2e-4dd0-a3d6-751dabdf5baf does not exist. Creating ...
2019-07-10 11:15:31,418 INFO  storage.RaftStorageDirectory (RaftStorageDirectory.java:analyzeStorage(246)) - The storage directory /tmp/workdir/hadoop-ozone/tools/target/test-dir/MiniOzoneClusterImpl-e8ca5395-a52e-4347-a9f0-c3352ccfa52e/datanode-1/data/ratis/b17d4661-ae2e-4dd0-a3d6-751dabdf5baf does not exist. Creating ...
2019-07-10 11:15:31,430 INFO  storage.RaftStorageDirectory (RaftStorageDirectory.java:tryLock(328)) - Lock on /tmp/workdir/hadoop-ozone/tools/target/test-dir/MiniOzoneClusterImpl-e8ca5395-a52e-4347-a9f0-c3352ccfa52e/datanode-0/data/ratis/b17d4661-ae2e-4dd0-a3d6-751dabdf5baf/in_use.lock acquired by nodename 21149@hdds1735-v25bk-3750973123
2019-07-10 11:15:31,430 INFO  storage.RaftStorageDirectory (RaftStorageDirectory.java:tryLock(328)) - Lock on /tmp/workdir/hadoop-ozone/tools/target/test-dir/MiniOzoneClusterImpl-e8ca5395-a52e-4347-a9f0-c3352ccfa52e/datanode-2/data/ratis/b17d4661-ae2e-4dd0-a3d6-751dabdf5baf/in_use.lock acquired by nodename 21149@hdds1735-v25bk-3750973123
2019-07-10 11:15:31,430 INFO  storage.RaftStorageDirectory (RaftStorageDirectory.java:tryLock(328)) - Lock on /tmp/workdir/hadoop-ozone/tools/target/test-dir/MiniOzoneClusterImpl-e8ca5395-a52e-4347-a9f0-c3352ccfa52e/datanode-1/data/ratis/b17d4661-ae2e-4dd0-a3d6-751dabdf5baf/in_use.lock acquired by nodename 21149@hdds1735-v25bk-3750973123
2019-07-10 11:15:31,444 INFO  storage.RaftStorage (RaftStorage.java:format(72)) - Storage directory /tmp/workdir/hadoop-ozone/tools/target/test-dir/MiniOzoneClusterImpl-e8ca5395-a52e-4347-a9f0-c3352ccfa52e/datanode-1/data/ratis/b17d4661-ae2e-4dd0-a3d6-751dabdf5baf has been successfully formatted.
2019-07-10 11:15:31,444 INFO  storage.RaftStorage (RaftStorage.java:format(72)) - Storage directory /tmp/workdir/hadoop-ozone/tools/target/test-dir/MiniOzoneClusterImpl-e8ca5395-a52e-4347-a9f0-c3352ccfa52e/datanode-2/data/ratis/b17d4661-ae2e-4dd0-a3d6-751dabdf5baf has been successfully formatted.
2019-07-10 11:15:31,444 INFO  storage.RaftStorage (RaftStorage.java:format(72)) - Storage directory /tmp/workdir/hadoop-ozone/tools/target/test-dir/MiniOzoneClusterImpl-e8ca5395-a52e-4347-a9f0-c3352ccfa52e/datanode-0/data/ratis/b17d4661-ae2e-4dd0-a3d6-751dabdf5baf has been successfully formatted.
2019-07-10 11:15:31,445 INFO  ratis.ContainerStateMachine (ContainerStateMachine.java:loadSnapshot(198)) - The snapshot info is null.Setting the last applied index to:(t:0, i:~)
2019-07-10 11:15:31,445 INFO  ratis.ContainerStateMachine (ContainerStateMachine.java:loadSnapshot(198)) - The snapshot info is null.Setting the last applied index to:(t:0, i:~)
2019-07-10 11:15:31,445 INFO  ratis.ContainerStateMachine (ContainerStateMachine.java:loadSnapshot(198)) - The snapshot info is null.Setting the last applied index to:(t:0, i:~)
2019-07-10 11:15:31,445 INFO  server.RaftServerConfigKeys (ConfUtils.java:logGet(43)) - raft.server.leader.election.timeout = 120s (custom)
2019-07-10 11:15:31,445 INFO  server.RaftServerConfigKeys (ConfUtils.java:logGet(43)) - raft.server.leader.election.timeout = 120s (custom)
2019-07-10 11:15:31,446 INFO  server.RaftServerConfigKeys (ConfUtils.java:logGet(43)) - raft.server.log.use.memory = false (default)
2019-07-10 11:15:31,445 INFO  server.RaftServerConfigKeys (ConfUtils.java:logGet(43)) - raft.server.leader.election.timeout = 120s (custom)
2019-07-10 11:15:31,446 INFO  server.RaftServerConfigKeys (ConfUtils.java:logGet(43)) - raft.server.log.purge.gap = 1000000000 (custom)
2019-07-10 11:15:31,446 INFO  server.RaftServerConfigKeys (ConfUtils.java:logGet(43)) - raft.server.log.use.memory = false (default)
2019-07-10 11:15:31,446 INFO  server.RaftServerConfigKeys (ConfUtils.java:logGet(43)) - raft.server.log.appender.buffer.byte-limit = 33554432 (custom)
2019-07-10 11:15:31,446 INFO  server.RaftServerConfigKeys (ConfUtils.java:logGet(43)) - raft.server.log.use.memory = false (default)
2019-07-10 11:15:31,447 INFO  server.RaftServerConfigKeys (ConfUtils.java:logGet(43)) - raft.server.log.segment.size.max = 1048576 (custom)
2019-07-10 11:15:31,446 INFO  server.RaftServerConfigKeys (ConfUtils.java:logGet(43)) - raft.server.log.purge.gap = 1000000000 (custom)
2019-07-10 11:15:31,447 INFO  server.RaftServerConfigKeys (ConfUtils.java:logGet(43)) - raft.server.log.segment.cache.num.max = 2 (custom)
2019-07-10 11:15:31,447 INFO  server.RaftServerConfigKeys (ConfUtils.java:logGet(43)) - raft.server.log.purge.gap = 1000000000 (custom)
2019-07-10 11:15:31,447 INFO  segmented.SegmentedRaftLogWorker (SegmentedRaftLogWorker.java:<init>(172)) - new 9b64db8a-0a43-4d88-93dd-97e5dfbc0b69-SegmentedRaftLogWorker:Storage Directory /tmp/workdir/hadoop-ozone/tools/target/test-dir/MiniOzoneClusterImpl-e8ca5395-a52e-4347-a9f0-c3352ccfa52e/datanode-0/data/ratis/b17d4661-ae2e-4dd0-a3d6-751dabdf5baf for RaftStorage:Storage Directory /tmp/workdir/hadoop-ozone/tools/target/test-dir/MiniOzoneClusterImpl-e8ca5395-a52e-4347-a9f0-c3352ccfa52e/datanode-0/data/ratis/b17d4661-ae2e-4dd0-a3d6-751dabdf5baf
2019-07-10 11:15:31,447 INFO  server.RaftServerConfigKeys (ConfUtils.java:logGet(43)) - raft.server.log.appender.buffer.byte-limit = 33554432 (custom)
2019-07-10 11:15:31,448 INFO  server.RaftServerConfigKeys (ConfUtils.java:logGet(43)) - raft.server.log.queue.byte-limit = 2147483647 (custom)
2019-07-10 11:15:31,448 INFO  server.RaftServerConfigKeys (ConfUtils.java:logGet(43)) - raft.server.log.appender.buffer.byte-limit = 33554432 (custom)
2019-07-10 11:15:31,449 INFO  server.RaftServerConfigKeys (ConfUtils.java:logGet(43)) - raft.server.log.queue.element-limit = 1024 (custom)
2019-07-10 11:15:31,449 INFO  server.RaftServerConfigKeys (ConfUtils.java:logGet(43)) - raft.server.log.segment.size.max = 1048576 (custom)
2019-07-10 11:15:31,450 INFO  server.RaftServerConfigKeys (ConfUtils.java:logGet(43)) - raft.server.log.segment.size.max = 1048576 (custom)
2019-07-10 11:15:31,450 INFO  server.RaftServerConfigKeys (ConfUtils.java:logGet(43)) - raft.server.log.segment.size.max = 1048576 (custom)
2019-07-10 11:15:31,450 INFO  server.RaftServerConfigKeys (ConfUtils.java:logGet(43)) - raft.server.log.preallocated.size = 16384 (custom)
2019-07-10 11:15:31,450 INFO  server.RaftServerConfigKeys (ConfUtils.java:logGet(43)) - raft.server.log.segment.cache.num.max = 2 (custom)
2019-07-10 11:15:31,450 INFO  server.RaftServerConfigKeys (ConfUtils.java:logGet(43)) - raft.server.log.write.buffer.size = 33554432 (custom)
2019-07-10 11:15:31,450 INFO  server.RaftServerConfigKeys (ConfUtils.java:logGet(43)) - raft.server.log.segment.cache.num.max = 2 (custom)
2019-07-10 11:15:31,451 INFO  server.RaftServerConfigKeys (ConfUtils.java:logGet(43)) - raft.server.log.force.sync.num = 128 (default)
2019-07-10 11:15:31,451 INFO  segmented.SegmentedRaftLogWorker (SegmentedRaftLogWorker.java:<init>(172)) - new ab757b3f-52e6-4029-9085-8ef832cdc13d-SegmentedRaftLogWorker:Storage Directory /tmp/workdir/hadoop-ozone/tools/target/test-dir/MiniOzoneClusterImpl-e8ca5395-a52e-4347-a9f0-c3352ccfa52e/datanode-1/data/ratis/b17d4661-ae2e-4dd0-a3d6-751dabdf5baf for RaftStorage:Storage Directory /tmp/workdir/hadoop-ozone/tools/target/test-dir/MiniOzoneClusterImpl-e8ca5395-a52e-4347-a9f0-c3352ccfa52e/datanode-1/data/ratis/b17d4661-ae2e-4dd0-a3d6-751dabdf5baf
2019-07-10 11:15:31,451 INFO  server.RaftServerConfigKeys (ConfUtils.java:logGet(43)) - raft.server.log.statemachine.data.sync = true (default)
2019-07-10 11:15:31,451 INFO  segmented.SegmentedRaftLogWorker (SegmentedRaftLogWorker.java:<init>(172)) - new d71484f8-0c0a-41b2-bb2a-31aaf8221b97-SegmentedRaftLogWorker:Storage Directory /tmp/workdir/hadoop-ozone/tools/target/test-dir/MiniOzoneClusterImpl-e8ca5395-a52e-4347-a9f0-c3352ccfa52e/datanode-2/data/ratis/b17d4661-ae2e-4dd0-a3d6-751dabdf5baf for RaftStorage:Storage Directory /tmp/workdir/hadoop-ozone/tools/target/test-dir/MiniOzoneClusterImpl-e8ca5395-a52e-4347-a9f0-c3352ccfa52e/datanode-2/data/ratis/b17d4661-ae2e-4dd0-a3d6-751dabdf5baf
2019-07-10 11:15:31,453 INFO  server.RaftServerConfigKeys (ConfUtils.java:logGet(43)) - raft.server.log.statemachine.data.sync.timeout = 10s (default)
2019-07-10 11:15:31,451 INFO  server.RaftServerConfigKeys (ConfUtils.java:logGet(43)) - raft.server.log.queue.byte-limit = 2147483647 (custom)
2019-07-10 11:15:31,453 INFO  server.RaftServerConfigKeys (ConfUtils.java:logGet(43)) - raft.server.log.statemachine.data.sync.timeout.retry = -1 (default)
2019-07-10 11:15:31,453 INFO  server.RaftServerConfigKeys (ConfUtils.java:logGet(43)) - raft.server.log.queue.byte-limit = 2147483647 (custom)
2019-07-10 11:15:31,455 INFO  server.RaftServerConfigKeys (ConfUtils.java:logGet(43)) - raft.server.log.statemachine.data.caching.enabled = true (custom)
2019-07-10 11:15:31,455 INFO  server.RaftServerConfigKeys (ConfUtils.java:logGet(43)) - raft.server.log.queue.element-limit = 1024 (custom)
2019-07-10 11:15:31,454 INFO  server.RaftServerConfigKeys (ConfUtils.java:logGet(43)) - raft.server.log.queue.element-limit = 1024 (custom)
2019-07-10 11:15:31,455 INFO  segmented.SegmentedRaftLogWorker (SegmentedRaftLogWorker.java:lambda$new$0(132)) - 9b64db8a-0a43-4d88-93dd-97e5dfbc0b69-SegmentedRaftLogWorker:Storage Directory /tmp/workdir/hadoop-ozone/tools/target/test-dir/MiniOzoneClusterImpl-e8ca5395-a52e-4347-a9f0-c3352ccfa52e/datanode-0/data/ratis/b17d4661-ae2e-4dd0-a3d6-751dabdf5baf: flushIndex: setUnconditionally 0 -> -1
2019-07-10 11:15:31,455 INFO  server.RaftServerConfigKeys (ConfUtils.java:logGet(43)) - raft.server.log.segment.size.max = 1048576 (custom)
2019-07-10 11:15:31,455 INFO  server.RaftServerConfigKeys (ConfUtils.java:logGet(43)) - raft.server.log.segment.size.max = 1048576 (custom)
2019-07-10 11:15:31,456 INFO  server.RaftServerConfigKeys (ConfUtils.java:logGet(43)) - raft.server.snapshot.auto.trigger.enabled = true (custom)
2019-07-10 11:15:31,456 INFO  server.RaftServerConfigKeys (ConfUtils.java:logGet(43)) - raft.server.log.preallocated.size = 16384 (custom)
2019-07-10 11:15:31,456 INFO  server.RaftServerConfigKeys (ConfUtils.java:logGet(43)) - raft.server.snapshot.auto.trigger.threshold = 10000 (custom)
2019-07-10 11:15:31,456 INFO  server.RaftServerConfigKeys (ConfUtils.java:logGet(43)) - raft.server.log.preallocated.size = 16384 (custom)
2019-07-10 11:15:31,457 INFO  server.RaftServerConfigKeys (ConfUtils.java:logGet(43)) - raft.server.retrycache.expirytime = 600000ms (custom)
2019-07-10 11:15:31,456 INFO  server.RaftServerConfigKeys (ConfUtils.java:logGet(43)) - raft.server.log.write.buffer.size = 33554432 (custom)
2019-07-10 11:15:31,457 INFO  impl.RaftServerImpl (RaftServerImpl.java:start(180)) - 9b64db8a-0a43-4d88-93dd-97e5dfbc0b69: start group-751DABDF5BAF
2019-07-10 11:15:31,457 INFO  server.RaftServerConfigKeys (ConfUtils.java:logGet(43)) - raft.server.log.write.buffer.size = 33554432 (custom)
2019-07-10 11:15:31,457 INFO  impl.RaftServerImpl (RaftServerImpl.java:setRole(171)) - 9b64db8a-0a43-4d88-93dd-97e5dfbc0b69:group-751DABDF5BAF changes role from null to FOLLOWER at term 0 for startAsFollower
2019-07-10 11:15:31,457 INFO  server.RaftServerConfigKeys (ConfUtils.java:logGet(43)) - raft.server.log.force.sync.num = 128 (default)
2019-07-10 11:15:31,458 INFO  impl.RoleInfo (RoleInfo.java:updateAndGet(143)) - 9b64db8a-0a43-4d88-93dd-97e5dfbc0b69: start FollowerState
2019-07-10 11:15:31,457 INFO  server.RaftServerConfigKeys (ConfUtils.java:logGet(43)) - raft.server.log.force.sync.num = 128 (default)
2019-07-10 11:15:31,458 INFO  server.RaftServerConfigKeys (ConfUtils.java:logGet(43)) - raft.server.log.statemachine.data.sync = true (default)
2019-07-10 11:15:31,458 INFO  util.JmxRegister (JmxRegister.java:tryRegister(44)) - Successfully registered JMX Bean with object name Ratis:service=RaftServer,group=group-751DABDF5BAF,id=9b64db8a-0a43-4d88-93dd-97e5dfbc0b69
2019-07-10 11:15:31,458 INFO  server.RaftServerConfigKeys (ConfUtils.java:logGet(43)) - raft.server.log.statemachine.data.sync = true (default)
2019-07-10 11:15:31,458 INFO  server.RaftServerConfigKeys (ConfUtils.java:logGet(43)) - raft.server.log.statemachine.data.sync.timeout = 10s (default)
2019-07-10 11:15:31,459 INFO  server.RaftServerConfigKeys (ConfUtils.java:logGet(43)) - raft.server.log.statemachine.data.sync.timeout = 10s (default)
2019-07-10 11:15:31,459 INFO  server.RaftServerConfigKeys (ConfUtils.java:logGet(43)) - raft.server.log.statemachine.data.sync.timeout.retry = -1 (default)
2019-07-10 11:15:31,459 INFO  server.RaftServerConfigKeys (ConfUtils.java:logGet(43)) - raft.server.log.statemachine.data.sync.timeout.retry = -1 (default)
2019-07-10 11:15:31,459 INFO  server.RaftServerConfigKeys (ConfUtils.java:logGet(43)) - raft.server.log.statemachine.data.caching.enabled = true (custom)
2019-07-10 11:15:31,460 INFO  server.RaftServerConfigKeys (ConfUtils.java:logGet(43)) - raft.server.log.statemachine.data.caching.enabled = true (custom)
2019-07-10 11:15:31,461 INFO  segmented.SegmentedRaftLogWorker (SegmentedRaftLogWorker.java:lambda$new$0(132)) - d71484f8-0c0a-41b2-bb2a-31aaf8221b97-SegmentedRaftLogWorker:Storage Directory /tmp/workdir/hadoop-ozone/tools/target/test-dir/MiniOzoneClusterImpl-e8ca5395-a52e-4347-a9f0-c3352ccfa52e/datanode-2/data/ratis/b17d4661-ae2e-4dd0-a3d6-751dabdf5baf: flushIndex: setUnconditionally 0 -> -1
2019-07-10 11:15:31,463 INFO  segmented.SegmentedRaftLogWorker (SegmentedRaftLogWorker.java:lambda$new$0(132)) - ab757b3f-52e6-4029-9085-8ef832cdc13d-SegmentedRaftLogWorker:Storage Directory /tmp/workdir/hadoop-ozone/tools/target/test-dir/MiniOzoneClusterImpl-e8ca5395-a52e-4347-a9f0-c3352ccfa52e/datanode-1/data/ratis/b17d4661-ae2e-4dd0-a3d6-751dabdf5baf: flushIndex: setUnconditionally 0 -> -1
2019-07-10 11:15:31,463 INFO  server.RaftServerConfigKeys (ConfUtils.java:logGet(43)) - raft.server.snapshot.auto.trigger.enabled = true (custom)
2019-07-10 11:15:31,463 INFO  server.RaftServerConfigKeys (ConfUtils.java:logGet(43)) - raft.server.snapshot.auto.trigger.enabled = true (custom)
2019-07-10 11:15:31,463 INFO  server.RaftServerConfigKeys (ConfUtils.java:logGet(43)) - raft.server.snapshot.auto.trigger.threshold = 10000 (custom)
2019-07-10 11:15:31,463 INFO  server.RaftServerConfigKeys (ConfUtils.java:logGet(43)) - raft.server.snapshot.auto.trigger.threshold = 10000 (custom)
2019-07-10 11:15:31,464 INFO  server.RaftServerConfigKeys (ConfUtils.java:logGet(43)) - raft.server.retrycache.expirytime = 600000ms (custom)
2019-07-10 11:15:31,465 INFO  server.RaftServerConfigKeys (ConfUtils.java:logGet(43)) - raft.server.retrycache.expirytime = 600000ms (custom)
2019-07-10 11:15:31,466 INFO  impl.RaftServerImpl (RaftServerImpl.java:start(180)) - d71484f8-0c0a-41b2-bb2a-31aaf8221b97: start group-751DABDF5BAF
2019-07-10 11:15:31,468 INFO  impl.RaftServerImpl (RaftServerImpl.java:start(180)) - ab757b3f-52e6-4029-9085-8ef832cdc13d: start group-751DABDF5BAF
2019-07-10 11:15:31,468 INFO  impl.RaftServerImpl (RaftServerImpl.java:setRole(171)) - d71484f8-0c0a-41b2-bb2a-31aaf8221b97:group-751DABDF5BAF changes role from null to FOLLOWER at term 0 for startAsFollower
2019-07-10 11:15:31,468 INFO  impl.RaftServerImpl (RaftServerImpl.java:setRole(171)) - ab757b3f-52e6-4029-9085-8ef832cdc13d:group-751DABDF5BAF changes role from null to FOLLOWER at term 0 for startAsFollower
2019-07-10 11:15:31,468 INFO  impl.RoleInfo (RoleInfo.java:updateAndGet(143)) - d71484f8-0c0a-41b2-bb2a-31aaf8221b97: start FollowerState
2019-07-10 11:15:31,469 INFO  impl.RoleInfo (RoleInfo.java:updateAndGet(143)) - ab757b3f-52e6-4029-9085-8ef832cdc13d: start FollowerState
2019-07-10 11:15:31,470 INFO  util.JmxRegister (JmxRegister.java:tryRegister(44)) - Successfully registered JMX Bean with object name Ratis:service=RaftServer,group=group-751DABDF5BAF,id=d71484f8-0c0a-41b2-bb2a-31aaf8221b97
2019-07-10 11:15:31,471 INFO  util.JmxRegister (JmxRegister.java:tryRegister(44)) - Successfully registered JMX Bean with object name Ratis:service=RaftServer,group=group-751DABDF5BAF,id=ab757b3f-52e6-4029-9085-8ef832cdc13d
2019-07-10 11:15:31,490 INFO  pipeline.PipelineStateManager (PipelineStateManager.java:addPipeline(56)) - Created pipeline Pipeline[ Id: b17d4661-ae2e-4dd0-a3d6-751dabdf5baf, Nodes: d71484f8-0c0a-41b2-bb2a-31aaf8221b97{ip: 192.168.69.121, host: hdds1735-v25bk-3750973123, networkLocation: /default-rack, certSerialId: null}9b64db8a-0a43-4d88-93dd-97e5dfbc0b69{ip: 192.168.69.121, host: hdds1735-v25bk-3750973123, networkLocation: /default-rack, certSerialId: null}ab757b3f-52e6-4029-9085-8ef832cdc13d{ip: 192.168.69.121, host: hdds1735-v25bk-3750973123, networkLocation: /default-rack, certSerialId: null}, Type:RATIS, Factor:THREE, State:OPEN]
2019-07-10 11:15:31,741 INFO  client.GrpcClientProtocolClient (GrpcClientProtocolClient.java:onNext(255)) - client-87C4AD5D4499->d71484f8-0c0a-41b2-bb2a-31aaf8221b97: receive RaftClientReply:client-87C4AD5D4499->d71484f8-0c0a-41b2-bb2a-31aaf8221b97@group-751DABDF5BAF, cid=6, FAILED org.apache.ratis.protocol.NotLeaderException: Server d71484f8-0c0a-41b2-bb2a-31aaf8221b97 is not the leader (null). Request must be sent to leader., logIndex=0, commits[d71484f8-0c0a-41b2-bb2a-31aaf8221b97:c-1]
 0.00% |█                                                                                                    |  0/1 Time: 0:00:012019-07-10 11:15:32,278 INFO  impl.FollowerState (FollowerState.java:run(106)) - 9b64db8a-0a43-4d88-93dd-97e5dfbc0b69:group-0B8B9B3A399A changes to CANDIDATE, lastRpcTime:1185, electionTimeout:1184ms
2019-07-10 11:15:32,279 INFO  impl.RoleInfo (RoleInfo.java:shutdownFollowerState(121)) - 9b64db8a-0a43-4d88-93dd-97e5dfbc0b69: shutdown FollowerState
2019-07-10 11:15:32,279 INFO  impl.RaftServerImpl (RaftServerImpl.java:setRole(171)) - 9b64db8a-0a43-4d88-93dd-97e5dfbc0b69:group-0B8B9B3A399A changes role from FOLLOWER to CANDIDATE at term 0 for changeToCandidate
2019-07-10 11:15:32,285 INFO  impl.RoleInfo (RoleInfo.java:updateAndGet(143)) - 9b64db8a-0a43-4d88-93dd-97e5dfbc0b69: start LeaderElection
2019-07-10 11:15:32,304 INFO  impl.LeaderElection (LeaderElection.java:askForVotes(181)) - 9b64db8a-0a43-4d88-93dd-97e5dfbc0b69:group-0B8B9B3A399A:LeaderElection1: begin an election at term 1 for -1: [9b64db8a-0a43-4d88-93dd-97e5dfbc0b69:192.168.69.121:40929], old=null
2019-07-10 11:15:32,306 INFO  impl.RoleInfo (RoleInfo.java:shutdownLeaderElection(134)) - 9b64db8a-0a43-4d88-93dd-97e5dfbc0b69: shutdown LeaderElection
2019-07-10 11:15:32,307 INFO  impl.RaftServerImpl (RaftServerImpl.java:setRole(171)) - 9b64db8a-0a43-4d88-93dd-97e5dfbc0b69:group-0B8B9B3A399A changes role from CANDIDATE to LEADER at term 1 for changeToLeader
2019-07-10 11:15:32,307 INFO  impl.RaftServerImpl (ServerState.java:setLeader(263)) - 9b64db8a-0a43-4d88-93dd-97e5dfbc0b69:group-0B8B9B3A399A change Leader from null to 9b64db8a-0a43-4d88-93dd-97e5dfbc0b69 at term 1 for becomeLeader, leader elected after 1327ms
2019-07-10 11:15:32,316 INFO  server.RaftServerConfigKeys (ConfUtils.java:logGet(43)) - raft.server.staging.catchup.gap = 1000 (default)
2019-07-10 11:15:32,316 INFO  server.RaftServerConfigKeys (ConfUtils.java:logGet(43)) - raft.server.rpc.sleep.time = 25ms (default)
2019-07-10 11:15:32,320 INFO  server.RaftServerConfigKeys (ConfUtils.java:logGet(43)) - raft.server.write.element-limit = 4096 (default)
2019-07-10 11:15:32,324 INFO  server.RaftServerConfigKeys (ConfUtils.java:logGet(43)) - raft.server.watch.timeout = 10s (default)
2019-07-10 11:15:32,324 INFO  server.RaftServerConfigKeys (ConfUtils.java:logGet(43)) - raft.server.watch.timeout.denomination = 1s (default)
2019-07-10 11:15:32,326 INFO  server.RaftServerConfigKeys (ConfUtils.java:logGet(43)) - raft.server.watch.element-limit = 65536 (default)
2019-07-10 11:15:32,340 INFO  impl.RoleInfo (RoleInfo.java:updateAndGet(143)) - 9b64db8a-0a43-4d88-93dd-97e5dfbc0b69: start LeaderState
2019-07-10 11:15:32,367 INFO  segmented.SegmentedRaftLogWorker (SegmentedRaftLogWorker.java:startLogSegment(380)) - 9b64db8a-0a43-4d88-93dd-97e5dfbc0b69-SegmentedRaftLogWorker:Storage Directory /tmp/workdir/hadoop-ozone/tools/target/test-dir/MiniOzoneClusterImpl-e8ca5395-a52e-4347-a9f0-c3352ccfa52e/datanode-0/data/ratis/6c479b7a-8073-480c-a812-0b8b9b3a399a: Starting segment from index:0
2019-07-10 11:15:32,376 INFO  impl.RaftServerImpl (ServerState.java:setRaftConf(361)) - 9b64db8a-0a43-4d88-93dd-97e5dfbc0b69:group-0B8B9B3A399A set configuration 0: [9b64db8a-0a43-4d88-93dd-97e5dfbc0b69:192.168.69.121:40929], old=null at 0
2019-07-10 11:15:32,430 INFO  impl.FollowerState (FollowerState.java:run(106)) - d71484f8-0c0a-41b2-bb2a-31aaf8221b97:group-A7805F3F4532 changes to CANDIDATE, lastRpcTime:1156, electionTimeout:1155ms
2019-07-10 11:15:32,431 INFO  impl.RoleInfo (RoleInfo.java:shutdownFollowerState(121)) - d71484f8-0c0a-41b2-bb2a-31aaf8221b97: shutdown FollowerState
2019-07-10 11:15:32,432 INFO  impl.RaftServerImpl (RaftServerImpl.java:setRole(171)) - d71484f8-0c0a-41b2-bb2a-31aaf8221b97:group-A7805F3F4532 changes role from FOLLOWER to CANDIDATE at term 0 for changeToCandidate
2019-07-10 11:15:32,432 INFO  impl.RoleInfo (RoleInfo.java:updateAndGet(143)) - d71484f8-0c0a-41b2-bb2a-31aaf8221b97: start LeaderElection
2019-07-10 11:15:32,448 INFO  impl.LeaderElection (LeaderElection.java:askForVotes(181)) - d71484f8-0c0a-41b2-bb2a-31aaf8221b97:group-A7805F3F4532:LeaderElection2: begin an election at term 1 for -1: [d71484f8-0c0a-41b2-bb2a-31aaf8221b97:192.168.69.121:34017], old=null
2019-07-10 11:15:32,449 INFO  impl.RoleInfo (RoleInfo.java:shutdownLeaderElection(134)) - d71484f8-0c0a-41b2-bb2a-31aaf8221b97: shutdown LeaderElection
2019-07-10 11:15:32,449 INFO  impl.RaftServerImpl (RaftServerImpl.java:setRole(171)) - d71484f8-0c0a-41b2-bb2a-31aaf8221b97:group-A7805F3F4532 changes role from CANDIDATE to LEADER at term 1 for changeToLeader
2019-07-10 11:15:32,449 INFO  impl.RaftServerImpl (ServerState.java:setLeader(263)) - d71484f8-0c0a-41b2-bb2a-31aaf8221b97:group-A7805F3F4532 change Leader from null to d71484f8-0c0a-41b2-bb2a-31aaf8221b97 at term 1 for becomeLeader, leader elected after 1185ms
2019-07-10 11:15:32,449 INFO  server.RaftServerConfigKeys (ConfUtils.java:logGet(43)) - raft.server.staging.catchup.gap = 1000 (default)
2019-07-10 11:15:32,449 INFO  server.RaftServerConfigKeys (ConfUtils.java:logGet(43)) - raft.server.rpc.sleep.time = 25ms (default)
2019-07-10 11:15:32,450 INFO  server.RaftServerConfigKeys (ConfUtils.java:logGet(43)) - raft.server.write.element-limit = 4096 (default)
2019-07-10 11:15:32,450 INFO  server.RaftServerConfigKeys (ConfUtils.java:logGet(43)) - raft.server.watch.timeout = 10s (default)
2019-07-10 11:15:32,450 INFO  server.RaftServerConfigKeys (ConfUtils.java:logGet(43)) - raft.server.watch.timeout.denomination = 1s (default)
2019-07-10 11:15:32,450 INFO  server.RaftServerConfigKeys (ConfUtils.java:logGet(43)) - raft.server.watch.element-limit = 65536 (default)
2019-07-10 11:15:32,451 INFO  impl.RoleInfo (RoleInfo.java:updateAndGet(143)) - d71484f8-0c0a-41b2-bb2a-31aaf8221b97: start LeaderState
2019-07-10 11:15:32,451 INFO  segmented.SegmentedRaftLogWorker (SegmentedRaftLogWorker.java:startLogSegment(380)) - d71484f8-0c0a-41b2-bb2a-31aaf8221b97-SegmentedRaftLogWorker:Storage Directory /tmp/workdir/hadoop-ozone/tools/target/test-dir/MiniOzoneClusterImpl-e8ca5395-a52e-4347-a9f0-c3352ccfa52e/datanode-2/data/ratis/6372b7d4-2bca-4d55-8e1a-a7805f3f4532: Starting segment from index:0
2019-07-10 11:15:32,452 INFO  impl.RaftServerImpl (ServerState.java:setRaftConf(361)) - d71484f8-0c0a-41b2-bb2a-31aaf8221b97:group-A7805F3F4532 set configuration 0: [d71484f8-0c0a-41b2-bb2a-31aaf8221b97:192.168.69.121:34017], old=null at 0
2019-07-10 11:15:32,456 INFO  impl.FollowerState (FollowerState.java:run(106)) - ab757b3f-52e6-4029-9085-8ef832cdc13d:group-6D66D8299308 changes to CANDIDATE, lastRpcTime:1092, electionTimeout:1092ms
2019-07-10 11:15:32,456 INFO  impl.RoleInfo (RoleInfo.java:shutdownFollowerState(121)) - ab757b3f-52e6-4029-9085-8ef832cdc13d: shutdown FollowerState
2019-07-10 11:15:32,456 INFO  impl.RaftServerImpl (RaftServerImpl.java:setRole(171)) - ab757b3f-52e6-4029-9085-8ef832cdc13d:group-6D66D8299308 changes role from FOLLOWER to CANDIDATE at term 0 for changeToCandidate
2019-07-10 11:15:32,456 INFO  impl.RoleInfo (RoleInfo.java:updateAndGet(143)) - ab757b3f-52e6-4029-9085-8ef832cdc13d: start LeaderElection
2019-07-10 11:15:32,472 INFO  impl.FollowerState (FollowerState.java:run(106)) - ab757b3f-52e6-4029-9085-8ef832cdc13d:group-751DABDF5BAF changes to CANDIDATE, lastRpcTime:1002, electionTimeout:1002ms
2019-07-10 11:15:32,472 INFO  impl.RoleInfo (RoleInfo.java:shutdownFollowerState(121)) - ab757b3f-52e6-4029-9085-8ef832cdc13d: shutdown FollowerState
2019-07-10 11:15:32,473 INFO  impl.LeaderElection (LeaderElection.java:askForVotes(181)) - ab757b3f-52e6-4029-9085-8ef832cdc13d:group-6D66D8299308:LeaderElection3: begin an election at term 1 for -1: [ab757b3f-52e6-4029-9085-8ef832cdc13d:192.168.69.121:39467], old=null
2019-07-10 11:15:32,473 INFO  impl.RaftServerImpl (RaftServerImpl.java:setRole(171)) - ab757b3f-52e6-4029-9085-8ef832cdc13d:group-751DABDF5BAF changes role from FOLLOWER to CANDIDATE at term 0 for changeToCandidate
2019-07-10 11:15:32,473 INFO  impl.RoleInfo (RoleInfo.java:shutdownLeaderElection(134)) - ab757b3f-52e6-4029-9085-8ef832cdc13d: shutdown LeaderElection
2019-07-10 11:15:32,473 INFO  impl.RoleInfo (RoleInfo.java:updateAndGet(143)) - ab757b3f-52e6-4029-9085-8ef832cdc13d: start LeaderElection
2019-07-10 11:15:32,473 INFO  impl.RaftServerImpl (RaftServerImpl.java:setRole(171)) - ab757b3f-52e6-4029-9085-8ef832cdc13d:group-6D66D8299308 changes role from CANDIDATE to LEADER at term 1 for changeToLeader
2019-07-10 11:15:32,473 INFO  impl.RaftServerImpl (ServerState.java:setLeader(263)) - ab757b3f-52e6-4029-9085-8ef832cdc13d:group-6D66D8299308 change Leader from null to ab757b3f-52e6-4029-9085-8ef832cdc13d at term 1 for becomeLeader, leader elected after 1115ms
2019-07-10 11:15:32,477 INFO  server.RaftServerConfigKeys (ConfUtils.java:logGet(43)) - raft.server.staging.catchup.gap = 1000 (default)
2019-07-10 11:15:32,477 INFO  server.RaftServerConfigKeys (ConfUtils.java:logGet(43)) - raft.server.rpc.sleep.time = 25ms (default)
2019-07-10 11:15:32,478 INFO  server.RaftServerConfigKeys (ConfUtils.java:logGet(43)) - raft.server.write.element-limit = 4096 (default)
2019-07-10 11:15:32,478 INFO  server.RaftServerConfigKeys (ConfUtils.java:logGet(43)) - raft.server.watch.timeout = 10s (default)
2019-07-10 11:15:32,478 INFO  server.RaftServerConfigKeys (ConfUtils.java:logGet(43)) - raft.server.watch.timeout.denomination = 1s (default)
2019-07-10 11:15:32,478 INFO  server.RaftServerConfigKeys (ConfUtils.java:logGet(43)) - raft.server.watch.element-limit = 65536 (default)
2019-07-10 11:15:32,478 INFO  impl.RoleInfo (RoleInfo.java:updateAndGet(143)) - ab757b3f-52e6-4029-9085-8ef832cdc13d: start LeaderState
2019-07-10 11:15:32,479 INFO  segmented.SegmentedRaftLogWorker (SegmentedRaftLogWorker.java:startLogSegment(380)) - ab757b3f-52e6-4029-9085-8ef832cdc13d-SegmentedRaftLogWorker:Storage Directory /tmp/workdir/hadoop-ozone/tools/target/test-dir/MiniOzoneClusterImpl-e8ca5395-a52e-4347-a9f0-c3352ccfa52e/datanode-1/data/ratis/7f88c00f-22f1-48c9-b131-6d66d8299308: Starting segment from index:0
2019-07-10 11:15:32,479 INFO  impl.RaftServerImpl (ServerState.java:setRaftConf(361)) - ab757b3f-52e6-4029-9085-8ef832cdc13d:group-6D66D8299308 set configuration 0: [ab757b3f-52e6-4029-9085-8ef832cdc13d:192.168.69.121:39467], old=null at 0
2019-07-10 11:15:32,491 INFO  impl.LeaderElection (LeaderElection.java:askForVotes(181)) - ab757b3f-52e6-4029-9085-8ef832cdc13d:group-751DABDF5BAF:LeaderElection4: begin an election at term 1 for -1: [ab757b3f-52e6-4029-9085-8ef832cdc13d:192.168.69.121:39467, 9b64db8a-0a43-4d88-93dd-97e5dfbc0b69:192.168.69.121:40929, d71484f8-0c0a-41b2-bb2a-31aaf8221b97:192.168.69.121:34017], old=null
2019-07-10 11:15:32,521 INFO  impl.RaftServerImpl (RaftServerImpl.java:setRole(171)) - 9b64db8a-0a43-4d88-93dd-97e5dfbc0b69:group-751DABDF5BAF changes role from FOLLOWER to FOLLOWER at term 1 for recognizeCandidate:ab757b3f-52e6-4029-9085-8ef832cdc13d
2019-07-10 11:15:32,521 INFO  impl.RaftServerImpl (RaftServerImpl.java:setRole(171)) - d71484f8-0c0a-41b2-bb2a-31aaf8221b97:group-751DABDF5BAF changes role from FOLLOWER to FOLLOWER at term 1 for recognizeCandidate:ab757b3f-52e6-4029-9085-8ef832cdc13d
2019-07-10 11:15:32,521 INFO  impl.RoleInfo (RoleInfo.java:shutdownFollowerState(121)) - 9b64db8a-0a43-4d88-93dd-97e5dfbc0b69: shutdown FollowerState
2019-07-10 11:15:32,521 INFO  impl.RoleInfo (RoleInfo.java:shutdownFollowerState(121)) - d71484f8-0c0a-41b2-bb2a-31aaf8221b97: shutdown FollowerState
2019-07-10 11:15:32,521 INFO  impl.RoleInfo (RoleInfo.java:updateAndGet(143)) - 9b64db8a-0a43-4d88-93dd-97e5dfbc0b69: start FollowerState
2019-07-10 11:15:32,522 INFO  impl.RoleInfo (RoleInfo.java:updateAndGet(143)) - d71484f8-0c0a-41b2-bb2a-31aaf8221b97: start FollowerState
2019-07-10 11:15:32,522 INFO  impl.FollowerState (FollowerState.java:run(114)) - d71484f8-0c0a-41b2-bb2a-31aaf8221b97: FollowerState was interrupted: java.lang.InterruptedException: sleep interrupted
2019-07-10 11:15:32,522 INFO  impl.FollowerState (FollowerState.java:run(114)) - 9b64db8a-0a43-4d88-93dd-97e5dfbc0b69: FollowerState was interrupted: java.lang.InterruptedException: sleep interrupted
2019-07-10 11:15:32,556 INFO  impl.LeaderElection (LeaderElection.java:logAndReturn(56)) - ab757b3f-52e6-4029-9085-8ef832cdc13d:group-751DABDF5BAF:LeaderElection4: Election PASSED; received 1 response(s) [ab757b3f-52e6-4029-9085-8ef832cdc13d<-9b64db8a-0a43-4d88-93dd-97e5dfbc0b69#0:OK-t1] and 0 exception(s); ab757b3f-52e6-4029-9085-8ef832cdc13d:t1, leader=null, voted=ab757b3f-52e6-4029-9085-8ef832cdc13d, raftlog=ab757b3f-52e6-4029-9085-8ef832cdc13d-SegmentedRaftLog:OPENED:c-1,f-1,i0, conf=-1: [ab757b3f-52e6-4029-9085-8ef832cdc13d:192.168.69.121:39467, 9b64db8a-0a43-4d88-93dd-97e5dfbc0b69:192.168.69.121:40929, d71484f8-0c0a-41b2-bb2a-31aaf8221b97:192.168.69.121:34017], old=null
2019-07-10 11:15:32,556 INFO  impl.RoleInfo (RoleInfo.java:shutdownLeaderElection(134)) - ab757b3f-52e6-4029-9085-8ef832cdc13d: shutdown LeaderElection
2019-07-10 11:15:32,556 INFO  impl.RaftServerImpl (RaftServerImpl.java:setRole(171)) - ab757b3f-52e6-4029-9085-8ef832cdc13d:group-751DABDF5BAF changes role from CANDIDATE to LEADER at term 1 for changeToLeader
2019-07-10 11:15:32,557 INFO  impl.RaftServerImpl (ServerState.java:setLeader(263)) - ab757b3f-52e6-4029-9085-8ef832cdc13d:group-751DABDF5BAF change Leader from null to ab757b3f-52e6-4029-9085-8ef832cdc13d at term 1 for becomeLeader, leader elected after 1111ms
2019-07-10 11:15:32,558 INFO  server.RaftServerConfigKeys (ConfUtils.java:logGet(43)) - raft.server.staging.catchup.gap = 1000 (default)
2019-07-10 11:15:32,558 INFO  server.RaftServerConfigKeys (ConfUtils.java:logGet(43)) - raft.server.rpc.sleep.time = 25ms (default)
2019-07-10 11:15:32,558 INFO  server.RaftServerConfigKeys (ConfUtils.java:logGet(43)) - raft.server.write.element-limit = 4096 (default)
2019-07-10 11:15:32,558 INFO  server.RaftServerConfigKeys (ConfUtils.java:logGet(43)) - raft.server.watch.timeout = 10s (default)
2019-07-10 11:15:32,558 INFO  server.RaftServerConfigKeys (ConfUtils.java:logGet(43)) - raft.server.watch.timeout.denomination = 1s (default)
2019-07-10 11:15:32,559 INFO  server.RaftServerConfigKeys (ConfUtils.java:logGet(43)) - raft.server.watch.element-limit = 65536 (default)
2019-07-10 11:15:32,562 INFO  server.RaftServerConfigKeys (ConfUtils.java:logGet(43)) - raft.server.log.appender.snapshot.chunk.size.max = 16MB (=16777216) (default)
2019-07-10 11:15:32,562 INFO  server.RaftServerConfigKeys (ConfUtils.java:logGet(43)) - raft.server.log.appender.buffer.byte-limit = 33554432 (custom)
2019-07-10 11:15:32,563 INFO  server.RaftServerConfigKeys (ConfUtils.java:logGet(43)) - raft.server.log.appender.buffer.element-limit = 1 (custom)
2019-07-10 11:15:32,568 INFO  grpc.GrpcConfigKeys$Server (ConfUtils.java:logGet(43)) - raft.grpc.server.leader.outstanding.appends.max = 128 (default)
2019-07-10 11:15:32,576 INFO  server.RaftServerConfigKeys (ConfUtils.java:logGet(43)) - raft.server.rpc.request.timeout = 3000ms (default)
2019-07-10 11:15:32,576 INFO  server.RaftServerConfigKeys (ConfUtils.java:logGet(43)) - raft.server.log.appender.install.snapshot.enabled = false (custom)
2019-07-10 11:15:32,576 INFO  server.RaftServerConfigKeys (ConfUtils.java:logGet(43)) - raft.server.log.appender.snapshot.chunk.size.max = 16MB (=16777216) (default)
2019-07-10 11:15:32,577 INFO  server.RaftServerConfigKeys (ConfUtils.java:logGet(43)) - raft.server.log.appender.buffer.byte-limit = 33554432 (custom)
2019-07-10 11:15:32,577 INFO  server.RaftServerConfigKeys (ConfUtils.java:logGet(43)) - raft.server.log.appender.buffer.element-limit = 1 (custom)
2019-07-10 11:15:32,577 INFO  grpc.GrpcConfigKeys$Server (ConfUtils.java:logGet(43)) - raft.grpc.server.leader.outstanding.appends.max = 128 (default)
2019-07-10 11:15:32,577 INFO  server.RaftServerConfigKeys (ConfUtils.java:logGet(43)) - raft.server.rpc.request.timeout = 3000ms (default)
2019-07-10 11:15:32,578 INFO  server.RaftServerConfigKeys (ConfUtils.java:logGet(43)) - raft.server.log.appender.install.snapshot.enabled = false (custom)
2019-07-10 11:15:32,579 INFO  impl.RoleInfo (RoleInfo.java:updateAndGet(143)) - ab757b3f-52e6-4029-9085-8ef832cdc13d: start LeaderState
2019-07-10 11:15:32,580 INFO  segmented.SegmentedRaftLogWorker (SegmentedRaftLogWorker.java:startLogSegment(380)) - ab757b3f-52e6-4029-9085-8ef832cdc13d-SegmentedRaftLogWorker:Storage Directory /tmp/workdir/hadoop-ozone/tools/target/test-dir/MiniOzoneClusterImpl-e8ca5395-a52e-4347-a9f0-c3352ccfa52e/datanode-1/data/ratis/b17d4661-ae2e-4dd0-a3d6-751dabdf5baf: Starting segment from index:0
2019-07-10 11:15:32,581 INFO  impl.RaftServerImpl (ServerState.java:setRaftConf(361)) - ab757b3f-52e6-4029-9085-8ef832cdc13d:group-751DABDF5BAF set configuration 0: [ab757b3f-52e6-4029-9085-8ef832cdc13d:192.168.69.121:39467, 9b64db8a-0a43-4d88-93dd-97e5dfbc0b69:192.168.69.121:40929, d71484f8-0c0a-41b2-bb2a-31aaf8221b97:192.168.69.121:34017], old=null at 0
2019-07-10 11:15:32,597 INFO  segmented.SegmentedRaftLogWorker (SegmentedRaftLogWorker.java:execute(569)) - 9b64db8a-0a43-4d88-93dd-97e5dfbc0b69-SegmentedRaftLogWorker:Storage Directory /tmp/workdir/hadoop-ozone/tools/target/test-dir/MiniOzoneClusterImpl-e8ca5395-a52e-4347-a9f0-c3352ccfa52e/datanode-0/data/ratis/6c479b7a-8073-480c-a812-0b8b9b3a399a: created new log segment /tmp/workdir/hadoop-ozone/tools/target/test-dir/MiniOzoneClusterImpl-e8ca5395-a52e-4347-a9f0-c3352ccfa52e/datanode-0/data/ratis/6c479b7a-8073-480c-a812-0b8b9b3a399a/current/log_inprogress_0
2019-07-10 11:15:32,597 INFO  segmented.SegmentedRaftLogWorker (SegmentedRaftLogWorker.java:execute(569)) - d71484f8-0c0a-41b2-bb2a-31aaf8221b97-SegmentedRaftLogWorker:Storage Directory /tmp/workdir/hadoop-ozone/tools/target/test-dir/MiniOzoneClusterImpl-e8ca5395-a52e-4347-a9f0-c3352ccfa52e/datanode-2/data/ratis/6372b7d4-2bca-4d55-8e1a-a7805f3f4532: created new log segment /tmp/workdir/hadoop-ozone/tools/target/test-dir/MiniOzoneClusterImpl-e8ca5395-a52e-4347-a9f0-c3352ccfa52e/datanode-2/data/ratis/6372b7d4-2bca-4d55-8e1a-a7805f3f4532/current/log_inprogress_0
2019-07-10 11:15:32,597 INFO  segmented.SegmentedRaftLogWorker (SegmentedRaftLogWorker.java:execute(569)) - ab757b3f-52e6-4029-9085-8ef832cdc13d-SegmentedRaftLogWorker:Storage Directory /tmp/workdir/hadoop-ozone/tools/target/test-dir/MiniOzoneClusterImpl-e8ca5395-a52e-4347-a9f0-c3352ccfa52e/datanode-1/data/ratis/7f88c00f-22f1-48c9-b131-6d66d8299308: created new log segment /tmp/workdir/hadoop-ozone/tools/target/test-dir/MiniOzoneClusterImpl-e8ca5395-a52e-4347-a9f0-c3352ccfa52e/datanode-1/data/ratis/7f88c00f-22f1-48c9-b131-6d66d8299308/current/log_inprogress_0
2019-07-10 11:15:32,610 INFO  segmented.SegmentedRaftLogWorker (SegmentedRaftLogWorker.java:execute(569)) - ab757b3f-52e6-4029-9085-8ef832cdc13d-SegmentedRaftLogWorker:Storage Directory /tmp/workdir/hadoop-ozone/tools/target/test-dir/MiniOzoneClusterImpl-e8ca5395-a52e-4347-a9f0-c3352ccfa52e/datanode-1/data/ratis/b17d4661-ae2e-4dd0-a3d6-751dabdf5baf: created new log segment /tmp/workdir/hadoop-ozone/tools/target/test-dir/MiniOzoneClusterImpl-e8ca5395-a52e-4347-a9f0-c3352ccfa52e/datanode-1/data/ratis/b17d4661-ae2e-4dd0-a3d6-751dabdf5baf/current/log_inprogress_0
2019-07-10 11:15:32,623 INFO  impl.RaftServerImpl (ServerState.java:setLeader(263)) - 9b64db8a-0a43-4d88-93dd-97e5dfbc0b69:group-751DABDF5BAF change Leader from null to ab757b3f-52e6-4029-9085-8ef832cdc13d at term 1 for appendEntries, leader elected after 1176ms
2019-07-10 11:15:32,624 INFO  impl.RaftServerImpl (ServerState.java:setLeader(263)) - d71484f8-0c0a-41b2-bb2a-31aaf8221b97:group-751DABDF5BAF change Leader from null to ab757b3f-52e6-4029-9085-8ef832cdc13d at term 1 for appendEntries, leader elected after 1178ms
2019-07-10 11:15:32,654 INFO  impl.RaftServerImpl (ServerState.java:setRaftConf(361)) - d71484f8-0c0a-41b2-bb2a-31aaf8221b97:group-751DABDF5BAF set configuration 0: [ab757b3f-52e6-4029-9085-8ef832cdc13d:192.168.69.121:39467, 9b64db8a-0a43-4d88-93dd-97e5dfbc0b69:192.168.69.121:40929, d71484f8-0c0a-41b2-bb2a-31aaf8221b97:192.168.69.121:34017], old=null at 0
2019-07-10 11:15:32,654 INFO  impl.RaftServerImpl (ServerState.java:setRaftConf(361)) - 9b64db8a-0a43-4d88-93dd-97e5dfbc0b69:group-751DABDF5BAF set configuration 0: [ab757b3f-52e6-4029-9085-8ef832cdc13d:192.168.69.121:39467, 9b64db8a-0a43-4d88-93dd-97e5dfbc0b69:192.168.69.121:40929, d71484f8-0c0a-41b2-bb2a-31aaf8221b97:192.168.69.121:34017], old=null at 0
2019-07-10 11:15:32,655 INFO  segmented.SegmentedRaftLogWorker (SegmentedRaftLogWorker.java:startLogSegment(380)) - d71484f8-0c0a-41b2-bb2a-31aaf8221b97-SegmentedRaftLogWorker:Storage Directory /tmp/workdir/hadoop-ozone/tools/target/test-dir/MiniOzoneClusterImpl-e8ca5395-a52e-4347-a9f0-c3352ccfa52e/datanode-2/data/ratis/b17d4661-ae2e-4dd0-a3d6-751dabdf5baf: Starting segment from index:0
2019-07-10 11:15:32,655 INFO  segmented.SegmentedRaftLogWorker (SegmentedRaftLogWorker.java:startLogSegment(380)) - 9b64db8a-0a43-4d88-93dd-97e5dfbc0b69-SegmentedRaftLogWorker:Storage Directory /tmp/workdir/hadoop-ozone/tools/target/test-dir/MiniOzoneClusterImpl-e8ca5395-a52e-4347-a9f0-c3352ccfa52e/datanode-0/data/ratis/b17d4661-ae2e-4dd0-a3d6-751dabdf5baf: Starting segment from index:0
2019-07-10 11:15:32,685 INFO  segmented.SegmentedRaftLogWorker (SegmentedRaftLogWorker.java:execute(569)) - 9b64db8a-0a43-4d88-93dd-97e5dfbc0b69-SegmentedRaftLogWorker:Storage Directory /tmp/workdir/hadoop-ozone/tools/target/test-dir/MiniOzoneClusterImpl-e8ca5395-a52e-4347-a9f0-c3352ccfa52e/datanode-0/data/ratis/b17d4661-ae2e-4dd0-a3d6-751dabdf5baf: created new log segment /tmp/workdir/hadoop-ozone/tools/target/test-dir/MiniOzoneClusterImpl-e8ca5395-a52e-4347-a9f0-c3352ccfa52e/datanode-0/data/ratis/b17d4661-ae2e-4dd0-a3d6-751dabdf5baf/current/log_inprogress_0
2019-07-10 11:15:32,685 INFO  segmented.SegmentedRaftLogWorker (SegmentedRaftLogWorker.java:execute(569)) - d71484f8-0c0a-41b2-bb2a-31aaf8221b97-SegmentedRaftLogWorker:Storage Directory /tmp/workdir/hadoop-ozone/tools/target/test-dir/MiniOzoneClusterImpl-e8ca5395-a52e-4347-a9f0-c3352ccfa52e/datanode-2/data/ratis/b17d4661-ae2e-4dd0-a3d6-751dabdf5baf: created new log segment /tmp/workdir/hadoop-ozone/tools/target/test-dir/MiniOzoneClusterImpl-e8ca5395-a52e-4347-a9f0-c3352ccfa52e/datanode-2/data/ratis/b17d4661-ae2e-4dd0-a3d6-751dabdf5baf/current/log_inprogress_0
2019-07-10 11:15:33,039 INFO  client.GrpcClientProtocolClient (GrpcClientProtocolClient.java:onNext(255)) - client-87C4AD5D4499->ab757b3f-52e6-4029-9085-8ef832cdc13d: receive RaftClientReply:client-87C4AD5D4499->ab757b3f-52e6-4029-9085-8ef832cdc13d@group-751DABDF5BAF, cid=6, SUCCESS, logIndex=1, commits[ab757b3f-52e6-4029-9085-8ef832cdc13d:c1, 9b64db8a-0a43-4d88-93dd-97e5dfbc0b69:c0, d71484f8-0c0a-41b2-bb2a-31aaf8221b97:c0]
2019-07-10 11:15:33,139 INFO  client.GrpcClientProtocolClient (GrpcClientProtocolClient.java:onNext(255)) - client-87C4AD5D4499->ab757b3f-52e6-4029-9085-8ef832cdc13d: receive RaftClientReply:client-87C4AD5D4499->ab757b3f-52e6-4029-9085-8ef832cdc13d@group-751DABDF5BAF, cid=7, SUCCESS, logIndex=3, commits[ab757b3f-52e6-4029-9085-8ef832cdc13d:c8, 9b64db8a-0a43-4d88-93dd-97e5dfbc0b69:c6, d71484f8-0c0a-41b2-bb2a-31aaf8221b97:c6]
2019-07-10 11:15:33,141 INFO  client.GrpcClientProtocolClient (GrpcClientProtocolClient.java:onNext(255)) - client-87C4AD5D4499->ab757b3f-52e6-4029-9085-8ef832cdc13d: receive RaftClientReply:client-87C4AD5D4499->ab757b3f-52e6-4029-9085-8ef832cdc13d@group-751DABDF5BAF, cid=8, SUCCESS, logIndex=4, commits[ab757b3f-52e6-4029-9085-8ef832cdc13d:c8, 9b64db8a-0a43-4d88-93dd-97e5dfbc0b69:c6, d71484f8-0c0a-41b2-bb2a-31aaf8221b97:c6]
 0.00% |█                                                                                                    |  0/1 Time: 0:00:022019-07-10 11:15:33,220 INFO  client.GrpcClientProtocolClient (GrpcClientProtocolClient.java:onNext(255)) - client-87C4AD5D4499->ab757b3f-52e6-4029-9085-8ef832cdc13d: receive RaftClientReply:client-87C4AD5D4499->ab757b3f-52e6-4029-9085-8ef832cdc13d@group-751DABDF5BAF, cid=9, SUCCESS, logIndex=5, commits[ab757b3f-52e6-4029-9085-8ef832cdc13d:c8, 9b64db8a-0a43-4d88-93dd-97e5dfbc0b69:c6, d71484f8-0c0a-41b2-bb2a-31aaf8221b97:c6]
2019-07-10 11:15:33,279 INFO  client.GrpcClientProtocolClient (GrpcClientProtocolClient.java:onNext(255)) - client-87C4AD5D4499->ab757b3f-52e6-4029-9085-8ef832cdc13d: receive RaftClientReply:client-87C4AD5D4499->ab757b3f-52e6-4029-9085-8ef832cdc13d@group-751DABDF5BAF, cid=10, SUCCESS, logIndex=9, commits[ab757b3f-52e6-4029-9085-8ef832cdc13d:c10, 9b64db8a-0a43-4d88-93dd-97e5dfbc0b69:c8, d71484f8-0c0a-41b2-bb2a-31aaf8221b97:c8]
2019-07-10 11:15:33,281 INFO  client.GrpcClientProtocolClient (GrpcClientProtocolClient.java:onNext(255)) - client-87C4AD5D4499->ab757b3f-52e6-4029-9085-8ef832cdc13d: receive RaftClientReply:client-87C4AD5D4499->ab757b3f-52e6-4029-9085-8ef832cdc13d@group-751DABDF5BAF, cid=11, SUCCESS, logIndex=10, commits[ab757b3f-52e6-4029-9085-8ef832cdc13d:c10, 9b64db8a-0a43-4d88-93dd-97e5dfbc0b69:c8, d71484f8-0c0a-41b2-bb2a-31aaf8221b97:c8]
2019-07-10 11:15:33,292 INFO  client.GrpcClientProtocolClient (GrpcClientProtocolClient.java:onNext(255)) - client-87C4AD5D4499->ab757b3f-52e6-4029-9085-8ef832cdc13d: receive RaftClientReply:client-87C4AD5D4499->ab757b3f-52e6-4029-9085-8ef832cdc13d@group-751DABDF5BAF, cid=12, SUCCESS, logIndex=11, commits[ab757b3f-52e6-4029-9085-8ef832cdc13d:c12, 9b64db8a-0a43-4d88-93dd-97e5dfbc0b69:c8, d71484f8-0c0a-41b2-bb2a-31aaf8221b97:c8]
2019-07-10 11:15:33,293 INFO  client.GrpcClientProtocolClient (GrpcClientProtocolClient.java:onNext(255)) - client-87C4AD5D4499->ab757b3f-52e6-4029-9085-8ef832cdc13d: receive RaftClientReply:client-87C4AD5D4499->ab757b3f-52e6-4029-9085-8ef832cdc13d@group-751DABDF5BAF, cid=13, SUCCESS, logIndex=12, commits[ab757b3f-52e6-4029-9085-8ef832cdc13d:c13, 9b64db8a-0a43-4d88-93dd-97e5dfbc0b69:c9, d71484f8-0c0a-41b2-bb2a-31aaf8221b97:c10]
2019-07-10 11:15:33,313 INFO  client.GrpcClientProtocolClient (GrpcClientProtocolClient.java:onNext(255)) - client-87C4AD5D4499->ab757b3f-52e6-4029-9085-8ef832cdc13d: receive RaftClientReply:client-87C4AD5D4499->ab757b3f-52e6-4029-9085-8ef832cdc13d@group-751DABDF5BAF, cid=14, SUCCESS, logIndex=0, commits[ab757b3f-52e6-4029-9085-8ef832cdc13d:c16, 9b64db8a-0a43-4d88-93dd-97e5dfbc0b69:c12, d71484f8-0c0a-41b2-bb2a-31aaf8221b97:c12]
2019-07-10 11:15:33,320 INFO  client.GrpcClientProtocolClient (GrpcClientProtocolClient.java:onNext(255)) - client-87C4AD5D4499->ab757b3f-52e6-4029-9085-8ef832cdc13d: receive RaftClientReply:client-87C4AD5D4499->ab757b3f-52e6-4029-9085-8ef832cdc13d@group-751DABDF5BAF, cid=15, SUCCESS, logIndex=0, commits[ab757b3f-52e6-4029-9085-8ef832cdc13d:c16, 9b64db8a-0a43-4d88-93dd-97e5dfbc0b69:c12, d71484f8-0c0a-41b2-bb2a-31aaf8221b97:c12]
2019-07-10 11:15:33,440 INFO  client.GrpcClientProtocolClient (GrpcClientProtocolClient.java:onNext(255)) - client-87C4AD5D4499->ab757b3f-52e6-4029-9085-8ef832cdc13d: receive RaftClientReply:client-87C4AD5D4499->ab757b3f-52e6-4029-9085-8ef832cdc13d@group-751DABDF5BAF, cid=16, SUCCESS, logIndex=17, commits[ab757b3f-52e6-4029-9085-8ef832cdc13d:c20, 9b64db8a-0a43-4d88-93dd-97e5dfbc0b69:c16, d71484f8-0c0a-41b2-bb2a-31aaf8221b97:c16]
2019-07-10 11:15:33,476 INFO  client.GrpcClientProtocolClient (GrpcClientProtocolClient.java:onNext(255)) - client-87C4AD5D4499->ab757b3f-52e6-4029-9085-8ef832cdc13d: receive RaftClientReply:client-87C4AD5D4499->ab757b3f-52e6-4029-9085-8ef832cdc13d@group-751DABDF5BAF, cid=17, SUCCESS, logIndex=18, commits[ab757b3f-52e6-4029-9085-8ef832cdc13d:c24, 9b64db8a-0a43-4d88-93dd-97e5dfbc0b69:c20, d71484f8-0c0a-41b2-bb2a-31aaf8221b97:c20]
2019-07-10 11:15:33,477 INFO  client.GrpcClientProtocolClient (GrpcClientProtocolClient.java:onNext(255)) - client-87C4AD5D4499->ab757b3f-52e6-4029-9085-8ef832cdc13d: receive RaftClientReply:client-87C4AD5D4499->ab757b3f-52e6-4029-9085-8ef832cdc13d@group-751DABDF5BAF, cid=18, SUCCESS, logIndex=19, commits[ab757b3f-52e6-4029-9085-8ef832cdc13d:c24, 9b64db8a-0a43-4d88-93dd-97e5dfbc0b69:c20, d71484f8-0c0a-41b2-bb2a-31aaf8221b97:c20]
2019-07-10 11:15:33,560 INFO  client.GrpcClientProtocolClient (GrpcClientProtocolClient.java:onNext(255)) - client-87C4AD5D4499->ab757b3f-52e6-4029-9085-8ef832cdc13d: receive RaftClientReply:client-87C4AD5D4499->ab757b3f-52e6-4029-9085-8ef832cdc13d@group-751DABDF5BAF, cid=19, SUCCESS, logIndex=20, commits[ab757b3f-52e6-4029-9085-8ef832cdc13d:c24, 9b64db8a-0a43-4d88-93dd-97e5dfbc0b69:c20, d71484f8-0c0a-41b2-bb2a-31aaf8221b97:c20]
2019-07-10 11:15:33,603 INFO  client.GrpcClientProtocolClient (GrpcClientProtocolClient.java:onNext(255)) - client-87C4AD5D4499->ab757b3f-52e6-4029-9085-8ef832cdc13d: receive RaftClientReply:client-87C4AD5D4499->ab757b3f-52e6-4029-9085-8ef832cdc13d@group-751DABDF5BAF, cid=20, SUCCESS, logIndex=25, commits[ab757b3f-52e6-4029-9085-8ef832cdc13d:c25, 9b64db8a-0a43-4d88-93dd-97e5dfbc0b69:c20, d71484f8-0c0a-41b2-bb2a-31aaf8221b97:c24]
2019-07-10 11:15:33,608 INFO  client.GrpcClientProtocolClient (GrpcClientProtocolClient.java:onNext(255)) - client-87C4AD5D4499->ab757b3f-52e6-4029-9085-8ef832cdc13d: receive RaftClientReply:client-87C4AD5D4499->ab757b3f-52e6-4029-9085-8ef832cdc13d@group-751DABDF5BAF, cid=21, SUCCESS, logIndex=26, commits[ab757b3f-52e6-4029-9085-8ef832cdc13d:c26, 9b64db8a-0a43-4d88-93dd-97e5dfbc0b69:c20, d71484f8-0c0a-41b2-bb2a-31aaf8221b97:c24]
2019-07-10 11:15:33,619 INFO  client.GrpcClientProtocolClient (GrpcClientProtocolClient.java:onNext(255)) - client-87C4AD5D4499->ab757b3f-52e6-4029-9085-8ef832cdc13d: receive RaftClientReply:client-87C4AD5D4499->ab757b3f-52e6-4029-9085-8ef832cdc13d@group-751DABDF5BAF, cid=22, SUCCESS, logIndex=27, commits[ab757b3f-52e6-4029-9085-8ef832cdc13d:c29, 9b64db8a-0a43-4d88-93dd-97e5dfbc0b69:c24, d71484f8-0c0a-41b2-bb2a-31aaf8221b97:c26]
2019-07-10 11:15:33,620 INFO  client.GrpcClientProtocolClient (GrpcClientProtocolClient.java:onNext(255)) - client-87C4AD5D4499->ab757b3f-52e6-4029-9085-8ef832cdc13d: receive RaftClientReply:client-87C4AD5D4499->ab757b3f-52e6-4029-9085-8ef832cdc13d@group-751DABDF5BAF, cid=23, SUCCESS, logIndex=28, commits[ab757b3f-52e6-4029-9085-8ef832cdc13d:c30, 9b64db8a-0a43-4d88-93dd-97e5dfbc0b69:c26, d71484f8-0c0a-41b2-bb2a-31aaf8221b97:c26]
2019-07-10 11:15:33,640 INFO  client.GrpcClientProtocolClient (GrpcClientProtocolClient.java:onNext(255)) - client-87C4AD5D4499->ab757b3f-52e6-4029-9085-8ef832cdc13d: receive RaftClientReply:client-87C4AD5D4499->ab757b3f-52e6-4029-9085-8ef832cdc13d@group-751DABDF5BAF, cid=24, SUCCESS, logIndex=0, commits[ab757b3f-52e6-4029-9085-8ef832cdc13d:c32, 9b64db8a-0a43-4d88-93dd-97e5dfbc0b69:c29, d71484f8-0c0a-41b2-bb2a-31aaf8221b97:c30]
2019-07-10 11:15:33,744 INFO  client.GrpcClientProtocolClient (GrpcClientProtocolClient.java:onNext(255)) - client-87C4AD5D4499->ab757b3f-52e6-4029-9085-8ef832cdc13d: receive RaftClientReply:client-87C4AD5D4499->ab757b3f-52e6-4029-9085-8ef832cdc13d@group-751DABDF5BAF, cid=25, SUCCESS, logIndex=33, commits[ab757b3f-52e6-4029-9085-8ef832cdc13d:c36, 9b64db8a-0a43-4d88-93dd-97e5dfbc0b69:c32, d71484f8-0c0a-41b2-bb2a-31aaf8221b97:c32]
2019-07-10 11:15:33,787 INFO  client.GrpcClientProtocolClient (GrpcClientProtocolClient.java:onNext(255)) - client-87C4AD5D4499->ab757b3f-52e6-4029-9085-8ef832cdc13d: receive RaftClientReply:client-87C4AD5D4499->ab757b3f-52e6-4029-9085-8ef832cdc13d@group-751DABDF5BAF, cid=26, SUCCESS, logIndex=34, commits[ab757b3f-52e6-4029-9085-8ef832cdc13d:c40, 9b64db8a-0a43-4d88-93dd-97e5dfbc0b69:c36, d71484f8-0c0a-41b2-bb2a-31aaf8221b97:c36]
2019-07-10 11:15:33,788 INFO  client.GrpcClientProtocolClient (GrpcClientProtocolClient.java:onNext(255)) - client-87C4AD5D4499->ab757b3f-52e6-4029-9085-8ef832cdc13d: receive RaftClientReply:client-87C4AD5D4499->ab757b3f-52e6-4029-9085-8ef832cdc13d@group-751DABDF5BAF, cid=27, SUCCESS, logIndex=35, commits[ab757b3f-52e6-4029-9085-8ef832cdc13d:c40, 9b64db8a-0a43-4d88-93dd-97e5dfbc0b69:c36, d71484f8-0c0a-41b2-bb2a-31aaf8221b97:c36]
2019-07-10 11:15:33,888 INFO  client.GrpcClientProtocolClient (GrpcClientProtocolClient.java:onNext(255)) - client-87C4AD5D4499->ab757b3f-52e6-4029-9085-8ef832cdc13d: receive RaftClientReply:client-87C4AD5D4499->ab757b3f-52e6-4029-9085-8ef832cdc13d@group-751DABDF5BAF, cid=28, SUCCESS, logIndex=36, commits[ab757b3f-52e6-4029-9085-8ef832cdc13d:c40, 9b64db8a-0a43-4d88-93dd-97e5dfbc0b69:c36, d71484f8-0c0a-41b2-bb2a-31aaf8221b97:c36]
2019-07-10 11:15:33,929 INFO  client.GrpcClientProtocolClient (GrpcClientProtocolClient.java:onNext(255)) - client-87C4AD5D4499->ab757b3f-52e6-4029-9085-8ef832cdc13d: receive RaftClientReply:client-87C4AD5D4499->ab757b3f-52e6-4029-9085-8ef832cdc13d@group-751DABDF5BAF, cid=29, SUCCESS, logIndex=41, commits[ab757b3f-52e6-4029-9085-8ef832cdc13d:c42, 9b64db8a-0a43-4d88-93dd-97e5dfbc0b69:c40, d71484f8-0c0a-41b2-bb2a-31aaf8221b97:c40]
2019-07-10 11:15:33,930 INFO  client.GrpcClientProtocolClient (GrpcClientProtocolClient.java:onNext(255)) - client-87C4AD5D4499->ab757b3f-52e6-4029-9085-8ef832cdc13d: receive RaftClientReply:client-87C4AD5D4499->ab757b3f-52e6-4029-9085-8ef832cdc13d@group-751DABDF5BAF, cid=30, SUCCESS, logIndex=42, commits[ab757b3f-52e6-4029-9085-8ef832cdc13d:c42, 9b64db8a-0a43-4d88-93dd-97e5dfbc0b69:c40, d71484f8-0c0a-41b2-bb2a-31aaf8221b97:c40]
2019-07-10 11:15:33,936 INFO  client.GrpcClientProtocolClient (GrpcClientProtocolClient.java:onNext(255)) - client-87C4AD5D4499->ab757b3f-52e6-4029-9085-8ef832cdc13d: receive RaftClientReply:client-87C4AD5D4499->ab757b3f-52e6-4029-9085-8ef832cdc13d@group-751DABDF5BAF, cid=31, SUCCESS, logIndex=43, commits[ab757b3f-52e6-4029-9085-8ef832cdc13d:c44, 9b64db8a-0a43-4d88-93dd-97e5dfbc0b69:c40, d71484f8-0c0a-41b2-bb2a-31aaf8221b97:c40]
2019-07-10 11:15:33,936 INFO  client.GrpcClientProtocolClient (GrpcClientProtocolClient.java:onNext(255)) - client-87C4AD5D4499->ab757b3f-52e6-4029-9085-8ef832cdc13d: receive RaftClientReply:client-87C4AD5D4499->ab757b3f-52e6-4029-9085-8ef832cdc13d@group-751DABDF5BAF, cid=32, SUCCESS, logIndex=44, commits[ab757b3f-52e6-4029-9085-8ef832cdc13d:c46, 9b64db8a-0a43-4d88-93dd-97e5dfbc0b69:c42, d71484f8-0c0a-41b2-bb2a-31aaf8221b97:c42]
2019-07-10 11:15:33,941 INFO  client.GrpcClientProtocolClient (GrpcClientProtocolClient.java:onNext(255)) - client-87C4AD5D4499->ab757b3f-52e6-4029-9085-8ef832cdc13d: receive RaftClientReply:client-87C4AD5D4499->ab757b3f-52e6-4029-9085-8ef832cdc13d@group-751DABDF5BAF, cid=33, SUCCESS, logIndex=0, commits[ab757b3f-52e6-4029-9085-8ef832cdc13d:c48, 9b64db8a-0a43-4d88-93dd-97e5dfbc0b69:c44, d71484f8-0c0a-41b2-bb2a-31aaf8221b97:c44]
2019-07-10 11:15:33,974 INFO  client.GrpcClientProtocolClient (GrpcClientProtocolClient.java:onNext(255)) - client-87C4AD5D4499->ab757b3f-52e6-4029-9085-8ef832cdc13d: receive RaftClientReply:client-87C4AD5D4499->ab757b3f-52e6-4029-9085-8ef832cdc13d@group-751DABDF5BAF, cid=34, SUCCESS, logIndex=49, commits[ab757b3f-52e6-4029-9085-8ef832cdc13d:c50, 9b64db8a-0a43-4d88-93dd-97e5dfbc0b69:c48, d71484f8-0c0a-41b2-bb2a-31aaf8221b97:c48]
2019-07-10 11:15:33,975 INFO  client.GrpcClientProtocolClient (GrpcClientProtocolClient.java:onNext(255)) - client-87C4AD5D4499->ab757b3f-52e6-4029-9085-8ef832cdc13d: receive RaftClientReply:client-87C4AD5D4499->ab757b3f-52e6-4029-9085-8ef832cdc13d@group-751DABDF5BAF, cid=35, SUCCESS, logIndex=50, commits[ab757b3f-52e6-4029-9085-8ef832cdc13d:c52, 9b64db8a-0a43-4d88-93dd-97e5dfbc0b69:c48, d71484f8-0c0a-41b2-bb2a-31aaf8221b97:c48]
2019-07-10 11:15:33,976 INFO  client.GrpcClientProtocolClient (GrpcClientProtocolClient.java:onNext(255)) - client-87C4AD5D4499->ab757b3f-52e6-4029-9085-8ef832cdc13d: receive RaftClientReply:client-87C4AD5D4499->ab757b3f-52e6-4029-9085-8ef832cdc13d@group-751DABDF5BAF, cid=36, SUCCESS, logIndex=51, commits[ab757b3f-52e6-4029-9085-8ef832cdc13d:c52, 9b64db8a-0a43-4d88-93dd-97e5dfbc0b69:c48, d71484f8-0c0a-41b2-bb2a-31aaf8221b97:c48]
2019-07-10 11:15:33,977 INFO  client.GrpcClientProtocolClient (GrpcClientProtocolClient.java:onNext(255)) - client-87C4AD5D4499->ab757b3f-52e6-4029-9085-8ef832cdc13d: receive RaftClientReply:client-87C4AD5D4499->ab757b3f-52e6-4029-9085-8ef832cdc13d@group-751DABDF5BAF, cid=37, SUCCESS, logIndex=52, commits[ab757b3f-52e6-4029-9085-8ef832cdc13d:c52, 9b64db8a-0a43-4d88-93dd-97e5dfbc0b69:c48, d71484f8-0c0a-41b2-bb2a-31aaf8221b97:c50]
2019-07-10 11:15:33,980 INFO  client.GrpcClientProtocolClient (GrpcClientProtocolClient.java:onNext(255)) - client-87C4AD5D4499->ab757b3f-52e6-4029-9085-8ef832cdc13d: receive RaftClientReply:client-87C4AD5D4499->ab757b3f-52e6-4029-9085-8ef832cdc13d@group-751DABDF5BAF, cid=38, SUCCESS, logIndex=0, commits[ab757b3f-52e6-4029-9085-8ef832cdc13d:c55, 9b64db8a-0a43-4d88-93dd-97e5dfbc0b69:c52, d71484f8-0c0a-41b2-bb2a-31aaf8221b97:c52]
2019-07-10 11:15:34,006 INFO  client.GrpcClientProtocolClient (GrpcClientProtocolClient.java:onNext(255)) - client-87C4AD5D4499->ab757b3f-52e6-4029-9085-8ef832cdc13d: receive RaftClientReply:client-87C4AD5D4499->ab757b3f-52e6-4029-9085-8ef832cdc13d@group-751DABDF5BAF, cid=39, SUCCESS, logIndex=57, commits[ab757b3f-52e6-4029-9085-8ef832cdc13d:c58, 9b64db8a-0a43-4d88-93dd-97e5dfbc0b69:c56, d71484f8-0c0a-41b2-bb2a-31aaf8221b97:c56]
2019-07-10 11:15:34,007 INFO  client.GrpcClientProtocolClient (GrpcClientProtocolClient.java:onNext(255)) - client-87C4AD5D4499->ab757b3f-52e6-4029-9085-8ef832cdc13d: receive RaftClientReply:client-87C4AD5D4499->ab757b3f-52e6-4029-9085-8ef832cdc13d@group-751DABDF5BAF, cid=40, SUCCESS, logIndex=58, commits[ab757b3f-52e6-4029-9085-8ef832cdc13d:c58, 9b64db8a-0a43-4d88-93dd-97e5dfbc0b69:c56, d71484f8-0c0a-41b2-bb2a-31aaf8221b97:c56]
2019-07-10 11:15:34,033 INFO  client.GrpcClientProtocolClient (GrpcClientProtocolClient.java:onNext(255)) - client-87C4AD5D4499->ab757b3f-52e6-4029-9085-8ef832cdc13d: receive RaftClientReply:client-87C4AD5D4499->ab757b3f-52e6-4029-9085-8ef832cdc13d@group-751DABDF5BAF, cid=41, SUCCESS, logIndex=61, commits[ab757b3f-52e6-4029-9085-8ef832cdc13d:c62, 9b64db8a-0a43-4d88-93dd-97e5dfbc0b69:c58, d71484f8-0c0a-41b2-bb2a-31aaf8221b97:c58]
2019-07-10 11:15:34,034 INFO  client.GrpcClientProtocolClient (GrpcClientProtocolClient.java:onNext(255)) - client-87C4AD5D4499->ab757b3f-52e6-4029-9085-8ef832cdc13d: receive RaftClientReply:client-87C4AD5D4499->ab757b3f-52e6-4029-9085-8ef832cdc13d@group-751DABDF5BAF, cid=42, SUCCESS, logIndex=62, commits[ab757b3f-52e6-4029-9085-8ef832cdc13d:c62, 9b64db8a-0a43-4d88-93dd-97e5dfbc0b69:c58, d71484f8-0c0a-41b2-bb2a-31aaf8221b97:c58]
2019-07-10 11:15:34,046 INFO  client.GrpcClientProtocolClient (GrpcClientProtocolClient.java:onNext(255)) - client-87C4AD5D4499->ab757b3f-52e6-4029-9085-8ef832cdc13d: receive RaftClientReply:client-87C4AD5D4499->ab757b3f-52e6-4029-9085-8ef832cdc13d@group-751DABDF5BAF, cid=43, SUCCESS, logIndex=0, commits[ab757b3f-52e6-4029-9085-8ef832cdc13d:c63, 9b64db8a-0a43-4d88-93dd-97e5dfbc0b69:c62, d71484f8-0c0a-41b2-bb2a-31aaf8221b97:c62]
2019-07-10 11:15:34,073 INFO  client.GrpcClientProtocolClient (GrpcClientProtocolClient.java:onNext(255)) - client-87C4AD5D4499->ab757b3f-52e6-4029-9085-8ef832cdc13d: receive RaftClientReply:client-87C4AD5D4499->ab757b3f-52e6-4029-9085-8ef832cdc13d@group-751DABDF5BAF, cid=44, SUCCESS, logIndex=65, commits[ab757b3f-52e6-4029-9085-8ef832cdc13d:c66, 9b64db8a-0a43-4d88-93dd-97e5dfbc0b69:c64, d71484f8-0c0a-41b2-bb2a-31aaf8221b97:c64]
2019-07-10 11:15:34,074 INFO  client.GrpcClientProtocolClient (GrpcClientProtocolClient.java:onNext(255)) - client-87C4AD5D4499->ab757b3f-52e6-4029-9085-8ef832cdc13d: receive RaftClientReply:client-87C4AD5D4499->ab757b3f-52e6-4029-9085-8ef832cdc13d@group-751DABDF5BAF, cid=45, SUCCESS, logIndex=66, commits[ab757b3f-52e6-4029-9085-8ef832cdc13d:c68, 9b64db8a-0a43-4d88-93dd-97e5dfbc0b69:c64, d71484f8-0c0a-41b2-bb2a-31aaf8221b97:c64]
2019-07-10 11:15:34,075 INFO  client.GrpcClientProtocolClient (GrpcClientProtocolClient.java:onNext(255)) - client-87C4AD5D4499->ab757b3f-52e6-4029-9085-8ef832cdc13d: receive RaftClientReply:client-87C4AD5D4499->ab757b3f-52e6-4029-9085-8ef832cdc13d@group-751DABDF5BAF, cid=46, SUCCESS, logIndex=67, commits[ab757b3f-52e6-4029-9085-8ef832cdc13d:c68, 9b64db8a-0a43-4d88-93dd-97e5dfbc0b69:c64, d71484f8-0c0a-41b2-bb2a-31aaf8221b97:c64]
2019-07-10 11:15:34,075 INFO  client.GrpcClientProtocolClient (GrpcClientProtocolClient.java:onNext(255)) - client-87C4AD5D4499->ab757b3f-52e6-4029-9085-8ef832cdc13d: receive RaftClientReply:client-87C4AD5D4499->ab757b3f-52e6-4029-9085-8ef832cdc13d@group-751DABDF5BAF, cid=47, SUCCESS, logIndex=68, commits[ab757b3f-52e6-4029-9085-8ef832cdc13d:c68, 9b64db8a-0a43-4d88-93dd-97e5dfbc0b69:c64, d71484f8-0c0a-41b2-bb2a-31aaf8221b97:c64]
2019-07-10 11:15:34,085 INFO  client.GrpcClientProtocolClient (GrpcClientProtocolClient.java:onNext(255)) - client-87C4AD5D4499->ab757b3f-52e6-4029-9085-8ef832cdc13d: receive RaftClientReply:client-87C4AD5D4499->ab757b3f-52e6-4029-9085-8ef832cdc13d@group-751DABDF5BAF, cid=48, SUCCESS, logIndex=0, commits[ab757b3f-52e6-4029-9085-8ef832cdc13d:c69, 9b64db8a-0a43-4d88-93dd-97e5dfbc0b69:c66, d71484f8-0c0a-41b2-bb2a-31aaf8221b97:c66]
2019-07-10 11:15:34,138 INFO  client.GrpcClientProtocolClient (GrpcClientProtocolClient.java:onNext(255)) - client-87C4AD5D4499->ab757b3f-52e6-4029-9085-8ef832cdc13d: receive RaftClientReply:client-87C4AD5D4499->ab757b3f-52e6-4029-9085-8ef832cdc13d@group-751DABDF5BAF, cid=49, SUCCESS, logIndex=73, commits[ab757b3f-52e6-4029-9085-8ef832cdc13d:c74, 9b64db8a-0a43-4d88-93dd-97e5dfbc0b69:c72, d71484f8-0c0a-41b2-bb2a-31aaf8221b97:c72]
2019-07-10 11:15:34,139 INFO  client.GrpcClientProtocolClient (GrpcClientProtocolClient.java:onNext(255)) - client-87C4AD5D4499->ab757b3f-52e6-4029-9085-8ef832cdc13d: receive RaftClientReply:client-87C4AD5D4499->ab757b3f-52e6-4029-9085-8ef832cdc13d@group-751DABDF5BAF, cid=50, SUCCESS, logIndex=74, commits[ab757b3f-52e6-4029-9085-8ef832cdc13d:c74, 9b64db8a-0a43-4d88-93dd-97e5dfbc0b69:c72, d71484f8-0c0a-41b2-bb2a-31aaf8221b97:c72]
 0.00% |█                                                                                                    |  0/1 Time: 0:00:032019-07-10 11:15:34,612 INFO  client.GrpcClientProtocolClient (GrpcClientProtocolClient.java:onNext(255)) - client-87C4AD5D4499->ab757b3f-52e6-4029-9085-8ef832cdc13d: receive RaftClientReply:client-87C4AD5D4499->ab757b3f-52e6-4029-9085-8ef832cdc13d@group-751DABDF5BAF, cid=51, SUCCESS, logIndex=77, commits[ab757b3f-52e6-4029-9085-8ef832cdc13d:c78, 9b64db8a-0a43-4d88-93dd-97e5dfbc0b69:c74, d71484f8-0c0a-41b2-bb2a-31aaf8221b97:c74]
2019-07-10 11:15:34,613 INFO  client.GrpcClientProtocolClient (GrpcClientProtocolClient.java:onNext(255)) - client-87C4AD5D4499->ab757b3f-52e6-4029-9085-8ef832cdc13d: receive RaftClientReply:client-87C4AD5D4499->ab757b3f-52e6-4029-9085-8ef832cdc13d@group-751DABDF5BAF, cid=52, SUCCESS, logIndex=78, commits[ab757b3f-52e6-4029-9085-8ef832cdc13d:c78, 9b64db8a-0a43-4d88-93dd-97e5dfbc0b69:c74, d71484f8-0c0a-41b2-bb2a-31aaf8221b97:c74]
2019-07-10 11:15:34,631 INFO  client.GrpcClientProtocolClient (GrpcClientProtocolClient.java:onNext(255)) - client-87C4AD5D4499->ab757b3f-52e6-4029-9085-8ef832cdc13d: receive RaftClientReply:client-87C4AD5D4499->ab757b3f-52e6-4029-9085-8ef832cdc13d@group-751DABDF5BAF, cid=53, SUCCESS, logIndex=0, commits[ab757b3f-52e6-4029-9085-8ef832cdc13d:c78, 9b64db8a-0a43-4d88-93dd-97e5dfbc0b69:c78, d71484f8-0c0a-41b2-bb2a-31aaf8221b97:c78]
 100.00% |█████████████████████████████████████████████████████████████████████████████████████████████████████|  1/1 Time: 0:00:04
2019-07-10 11:15:40,223 INFO  pipeline.SCMPipelineManager (SCMPipelineManager.java:finalizeAndDestroyPipeline(307)) - destroying pipeline:Pipeline[ Id: b17d4661-ae2e-4dd0-a3d6-751dabdf5baf, Nodes: d71484f8-0c0a-41b2-bb2a-31aaf8221b97{ip: 192.168.69.121, host: hdds1735-v25bk-3750973123, networkLocation: /default-rack, certSerialId: null}9b64db8a-0a43-4d88-93dd-97e5dfbc0b69{ip: 192.168.69.121, host: hdds1735-v25bk-3750973123, networkLocation: /default-rack, certSerialId: null}ab757b3f-52e6-4029-9085-8ef832cdc13d{ip: 192.168.69.121, host: hdds1735-v25bk-3750973123, networkLocation: /default-rack, certSerialId: null}, Type:RATIS, Factor:THREE, State:OPEN]
2019-07-10 11:15:40,225 INFO  pipeline.PipelineStateManager (PipelineStateManager.java:finalizePipeline(123)) - Pipeline Pipeline[ Id: b17d4661-ae2e-4dd0-a3d6-751dabdf5baf, Nodes: d71484f8-0c0a-41b2-bb2a-31aaf8221b97{ip: 192.168.69.121, host: hdds1735-v25bk-3750973123, networkLocation: /default-rack, certSerialId: null}9b64db8a-0a43-4d88-93dd-97e5dfbc0b69{ip: 192.168.69.121, host: hdds1735-v25bk-3750973123, networkLocation: /default-rack, certSerialId: null}ab757b3f-52e6-4029-9085-8ef832cdc13d{ip: 192.168.69.121, host: hdds1735-v25bk-3750973123, networkLocation: /default-rack, certSerialId: null}, Type:RATIS, Factor:THREE, State:CLOSED] moved to CLOSED state
2019-07-10 11:15:40,226 INFO  container.CloseContainerEventHandler (CloseContainerEventHandler.java:onMessage(61)) - Close container Event triggered for container : #1
2019-07-10 11:15:40,235 INFO  container.CloseContainerEventHandler (CloseContainerEventHandler.java:onMessage(61)) - Close container Event triggered for container : #2
2019-07-10 11:15:40,237 INFO  container.CloseContainerEventHandler (CloseContainerEventHandler.java:onMessage(61)) - Close container Event triggered for container : #3
2019-07-10 11:15:40,246 INFO  impl.RaftServerProxy (RaftServerProxy.java:remove(95)) - d71484f8-0c0a-41b2-bb2a-31aaf8221b97: remove FOLLOWER group-751DABDF5BAF d71484f8-0c0a-41b2-bb2a-31aaf8221b97:t1, leader=ab757b3f-52e6-4029-9085-8ef832cdc13d, voted=ab757b3f-52e6-4029-9085-8ef832cdc13d, raftlog=d71484f8-0c0a-41b2-bb2a-31aaf8221b97-SegmentedRaftLog:OPENED:c80,f80,i80, conf=0: [ab757b3f-52e6-4029-9085-8ef832cdc13d:192.168.69.121:39467, 9b64db8a-0a43-4d88-93dd-97e5dfbc0b69:192.168.69.121:40929, d71484f8-0c0a-41b2-bb2a-31aaf8221b97:192.168.69.121:34017], old=null RUNNING
2019-07-10 11:15:40,250 INFO  impl.RaftServerImpl (RaftServerImpl.java:lambda$shutdown$3(245)) - d71484f8-0c0a-41b2-bb2a-31aaf8221b97: shutdown group-751DABDF5BAF
2019-07-10 11:15:40,251 INFO  util.JmxRegister (JmxRegister.java:unregister(73)) - Successfully un-registered JMX Bean with object name Ratis:service=RaftServer,group=group-751DABDF5BAF,id=d71484f8-0c0a-41b2-bb2a-31aaf8221b97
2019-07-10 11:15:40,251 INFO  impl.RoleInfo (RoleInfo.java:shutdownFollowerState(121)) - d71484f8-0c0a-41b2-bb2a-31aaf8221b97: shutdown FollowerState
2019-07-10 11:15:40,251 INFO  impl.StateMachineUpdater (StateMachineUpdater.java:stopAndJoin(115)) - StateMachineUpdater:d71484f8-0c0a-41b2-bb2a-31aaf8221b97:group-751DABDF5BAF: set stopIndex = 80
2019-07-10 11:15:40,251 INFO  ratis.ContainerStateMachine (ContainerStateMachine.java:takeSnapshot(244)) - Taking snapshot at termIndex:(t:1, i:78)
2019-07-10 11:15:40,251 INFO  impl.FollowerState (FollowerState.java:run(114)) - d71484f8-0c0a-41b2-bb2a-31aaf8221b97: FollowerState was interrupted: java.lang.InterruptedException: sleep interrupted
2019-07-10 11:15:40,253 INFO  ratis.ContainerStateMachine (ContainerStateMachine.java:takeSnapshot(248)) - Taking a snapshot to file /tmp/workdir/hadoop-ozone/tools/target/test-dir/MiniOzoneClusterImpl-e8ca5395-a52e-4347-a9f0-c3352ccfa52e/datanode-2/data/ratis/b17d4661-ae2e-4dd0-a3d6-751dabdf5baf/sm/snapshot.1_78
2019-07-10 11:15:40,267 INFO  impl.StateMachineUpdater (StateMachineUpdater.java:takeSnapshot(242)) - StateMachineUpdater:d71484f8-0c0a-41b2-bb2a-31aaf8221b97:group-751DABDF5BAF: Took a snapshot at index 78
2019-07-10 11:15:40,268 INFO  impl.StateMachineUpdater (StateMachineUpdater.java:lambda$new$0(80)) - StateMachineUpdater:d71484f8-0c0a-41b2-bb2a-31aaf8221b97:group-751DABDF5BAF: snapshotIndex: updateIncreasingly -1 -> 78
2019-07-10 11:15:40,273 INFO  impl.RaftServerImpl (ServerState.java:close(394)) - d71484f8-0c0a-41b2-bb2a-31aaf8221b97:group-751DABDF5BAF closes. The last applied log index is 80
2019-07-10 11:15:40,278 INFO  segmented.SegmentedRaftLogWorker (SegmentedRaftLogWorker.java:run(313)) - d71484f8-0c0a-41b2-bb2a-31aaf8221b97-SegmentedRaftLogWorker:Storage Directory /tmp/workdir/hadoop-ozone/tools/target/test-dir/MiniOzoneClusterImpl-e8ca5395-a52e-4347-a9f0-c3352ccfa52e/datanode-2/data/ratis/b17d4661-ae2e-4dd0-a3d6-751dabdf5baf was interrupted, exiting. There are 0 tasks remaining in the queue.
2019-07-10 11:15:40,280 INFO  segmented.SegmentedRaftLogWorker (SegmentedRaftLogWorker.java:close(228)) - d71484f8-0c0a-41b2-bb2a-31aaf8221b97-SegmentedRaftLogWorker:Storage Directory /tmp/workdir/hadoop-ozone/tools/target/test-dir/MiniOzoneClusterImpl-e8ca5395-a52e-4347-a9f0-c3352ccfa52e/datanode-2/data/ratis/b17d4661-ae2e-4dd0-a3d6-751dabdf5baf close()
2019-07-10 11:15:40,304 INFO  impl.RaftServerProxy (RaftServerProxy.java:remove(95)) - 9b64db8a-0a43-4d88-93dd-97e5dfbc0b69: remove FOLLOWER group-751DABDF5BAF 9b64db8a-0a43-4d88-93dd-97e5dfbc0b69:t1, leader=ab757b3f-52e6-4029-9085-8ef832cdc13d, voted=ab757b3f-52e6-4029-9085-8ef832cdc13d, raftlog=9b64db8a-0a43-4d88-93dd-97e5dfbc0b69-SegmentedRaftLog:OPENED:c80,f80,i80, conf=0: [ab757b3f-52e6-4029-9085-8ef832cdc13d:192.168.69.121:39467, 9b64db8a-0a43-4d88-93dd-97e5dfbc0b69:192.168.69.121:40929, d71484f8-0c0a-41b2-bb2a-31aaf8221b97:192.168.69.121:34017], old=null RUNNING
2019-07-10 11:15:40,305 INFO  impl.RaftServerImpl (RaftServerImpl.java:lambda$shutdown$3(245)) - 9b64db8a-0a43-4d88-93dd-97e5dfbc0b69: shutdown group-751DABDF5BAF
2019-07-10 11:15:40,305 INFO  util.JmxRegister (JmxRegister.java:unregister(73)) - Successfully un-registered JMX Bean with object name Ratis:service=RaftServer,group=group-751DABDF5BAF,id=9b64db8a-0a43-4d88-93dd-97e5dfbc0b69
2019-07-10 11:15:40,305 INFO  impl.RoleInfo (RoleInfo.java:shutdownFollowerState(121)) - 9b64db8a-0a43-4d88-93dd-97e5dfbc0b69: shutdown FollowerState
2019-07-10 11:15:40,305 INFO  impl.StateMachineUpdater (StateMachineUpdater.java:stopAndJoin(115)) - StateMachineUpdater:9b64db8a-0a43-4d88-93dd-97e5dfbc0b69:group-751DABDF5BAF: set stopIndex = 80
2019-07-10 11:15:40,306 INFO  ratis.ContainerStateMachine (ContainerStateMachine.java:takeSnapshot(244)) - Taking snapshot at termIndex:(t:1, i:78)
2019-07-10 11:15:40,306 INFO  impl.FollowerState (FollowerState.java:run(114)) - 9b64db8a-0a43-4d88-93dd-97e5dfbc0b69: FollowerState was interrupted: java.lang.InterruptedException: sleep interrupted
2019-07-10 11:15:40,307 INFO  ratis.ContainerStateMachine (ContainerStateMachine.java:takeSnapshot(248)) - Taking a snapshot to file /tmp/workdir/hadoop-ozone/tools/target/test-dir/MiniOzoneClusterImpl-e8ca5395-a52e-4347-a9f0-c3352ccfa52e/datanode-0/data/ratis/b17d4661-ae2e-4dd0-a3d6-751dabdf5baf/sm/snapshot.1_78
2019-07-10 11:15:40,308 INFO  impl.StateMachineUpdater (StateMachineUpdater.java:takeSnapshot(242)) - StateMachineUpdater:9b64db8a-0a43-4d88-93dd-97e5dfbc0b69:group-751DABDF5BAF: Took a snapshot at index 78
2019-07-10 11:15:40,309 INFO  impl.StateMachineUpdater (StateMachineUpdater.java:lambda$new$0(80)) - StateMachineUpdater:9b64db8a-0a43-4d88-93dd-97e5dfbc0b69:group-751DABDF5BAF: snapshotIndex: updateIncreasingly -1 -> 78
2019-07-10 11:15:40,309 INFO  impl.RaftServerImpl (ServerState.java:close(394)) - 9b64db8a-0a43-4d88-93dd-97e5dfbc0b69:group-751DABDF5BAF closes. The last applied log index is 80
2019-07-10 11:15:40,309 INFO  segmented.SegmentedRaftLogWorker (SegmentedRaftLogWorker.java:run(313)) - 9b64db8a-0a43-4d88-93dd-97e5dfbc0b69-SegmentedRaftLogWorker:Storage Directory /tmp/workdir/hadoop-ozone/tools/target/test-dir/MiniOzoneClusterImpl-e8ca5395-a52e-4347-a9f0-c3352ccfa52e/datanode-0/data/ratis/b17d4661-ae2e-4dd0-a3d6-751dabdf5baf was interrupted, exiting. There are 0 tasks remaining in the queue.
2019-07-10 11:15:40,311 INFO  segmented.SegmentedRaftLogWorker (SegmentedRaftLogWorker.java:close(228)) - 9b64db8a-0a43-4d88-93dd-97e5dfbc0b69-SegmentedRaftLogWorker:Storage Directory /tmp/workdir/hadoop-ozone/tools/target/test-dir/MiniOzoneClusterImpl-e8ca5395-a52e-4347-a9f0-c3352ccfa52e/datanode-0/data/ratis/b17d4661-ae2e-4dd0-a3d6-751dabdf5baf close()
2019-07-10 11:15:40,328 INFO  impl.RaftServerProxy (RaftServerProxy.java:remove(95)) - ab757b3f-52e6-4029-9085-8ef832cdc13d: remove   LEADER group-751DABDF5BAF ab757b3f-52e6-4029-9085-8ef832cdc13d:t1, leader=ab757b3f-52e6-4029-9085-8ef832cdc13d, voted=ab757b3f-52e6-4029-9085-8ef832cdc13d, raftlog=ab757b3f-52e6-4029-9085-8ef832cdc13d-SegmentedRaftLog:OPENED:c80,f80,i80, conf=0: [ab757b3f-52e6-4029-9085-8ef832cdc13d:192.168.69.121:39467, 9b64db8a-0a43-4d88-93dd-97e5dfbc0b69:192.168.69.121:40929, d71484f8-0c0a-41b2-bb2a-31aaf8221b97:192.168.69.121:34017], old=null RUNNING
2019-07-10 11:15:40,328 INFO  impl.RaftServerImpl (RaftServerImpl.java:lambda$shutdown$3(245)) - ab757b3f-52e6-4029-9085-8ef832cdc13d: shutdown group-751DABDF5BAF
2019-07-10 11:15:40,328 INFO  util.JmxRegister (JmxRegister.java:unregister(73)) - Successfully un-registered JMX Bean with object name Ratis:service=RaftServer,group=group-751DABDF5BAF,id=ab757b3f-52e6-4029-9085-8ef832cdc13d
2019-07-10 11:15:40,329 INFO  impl.RoleInfo (RoleInfo.java:shutdownLeaderState(104)) - ab757b3f-52e6-4029-9085-8ef832cdc13d: shutdown LeaderState
2019-07-10 11:15:40,332 INFO  impl.PendingRequests (PendingRequests.java:sendNotLeaderResponses(202)) - ab757b3f-52e6-4029-9085-8ef832cdc13d-PendingRequests: sendNotLeaderResponses
2019-07-10 11:15:40,332 WARN  server.GrpcLogAppender (GrpcLogAppender.java:mayWait(143)) - GrpcLogAppender(ab757b3f-52e6-4029-9085-8ef832cdc13d->9b64db8a-0a43-4d88-93dd-97e5dfbc0b69): Wait interrupted by java.lang.InterruptedException
2019-07-10 11:15:40,332 WARN  server.GrpcLogAppender (GrpcLogAppender.java:mayWait(143)) - GrpcLogAppender(ab757b3f-52e6-4029-9085-8ef832cdc13d->d71484f8-0c0a-41b2-bb2a-31aaf8221b97): Wait interrupted by java.lang.InterruptedException
2019-07-10 11:15:40,341 INFO  server.GrpcServerProtocolService (GrpcServerProtocolService.java:onCompleted(104)) - 9b64db8a-0a43-4d88-93dd-97e5dfbc0b69: appendEntries completed
2019-07-10 11:15:40,341 INFO  server.GrpcServerProtocolService (GrpcServerProtocolService.java:onCompleted(104)) - d71484f8-0c0a-41b2-bb2a-31aaf8221b97: appendEntries completed
2019-07-10 11:15:40,343 INFO  impl.StateMachineUpdater (StateMachineUpdater.java:stopAndJoin(115)) - StateMachineUpdater:ab757b3f-52e6-4029-9085-8ef832cdc13d:group-751DABDF5BAF: set stopIndex = 80
2019-07-10 11:15:40,344 INFO  server.GrpcLogAppender (GrpcLogAppender.java:onCompleted(292)) - ab757b3f-52e6-4029-9085-8ef832cdc13d->9b64db8a-0a43-4d88-93dd-97e5dfbc0b69: follower responses appendEntries COMPLETED
2019-07-10 11:15:40,346 INFO  server.GrpcLogAppender (GrpcLogAppender.java:onCompleted(292)) - ab757b3f-52e6-4029-9085-8ef832cdc13d->d71484f8-0c0a-41b2-bb2a-31aaf8221b97: follower responses appendEntries COMPLETED
2019-07-10 11:15:40,348 INFO  ratis.ContainerStateMachine (ContainerStateMachine.java:takeSnapshot(244)) - Taking snapshot at termIndex:(t:1, i:78)
2019-07-10 11:15:40,350 INFO  ratis.ContainerStateMachine (ContainerStateMachine.java:takeSnapshot(248)) - Taking a snapshot to file /tmp/workdir/hadoop-ozone/tools/target/test-dir/MiniOzoneClusterImpl-e8ca5395-a52e-4347-a9f0-c3352ccfa52e/datanode-1/data/ratis/b17d4661-ae2e-4dd0-a3d6-751dabdf5baf/sm/snapshot.1_78
2019-07-10 11:15:40,353 INFO  impl.StateMachineUpdater (StateMachineUpdater.java:takeSnapshot(242)) - StateMachineUpdater:ab757b3f-52e6-4029-9085-8ef832cdc13d:group-751DABDF5BAF: Took a snapshot at index 78
2019-07-10 11:15:40,353 INFO  impl.StateMachineUpdater (StateMachineUpdater.java:lambda$new$0(80)) - StateMachineUpdater:ab757b3f-52e6-4029-9085-8ef832cdc13d:group-751DABDF5BAF: snapshotIndex: updateIncreasingly -1 -> 78
2019-07-10 11:15:40,353 INFO  impl.FollowerInfo (FollowerInfo.java:lambda$new$0(50)) - ab757b3f-52e6-4029-9085-8ef832cdc13d->d71484f8-0c0a-41b2-bb2a-31aaf8221b97: nextIndex: updateUnconditionally 81 -> 80
2019-07-10 11:15:40,353 INFO  impl.FollowerInfo (FollowerInfo.java:lambda$new$0(50)) - ab757b3f-52e6-4029-9085-8ef832cdc13d->9b64db8a-0a43-4d88-93dd-97e5dfbc0b69: nextIndex: updateUnconditionally 81 -> 80
2019-07-10 11:15:40,355 INFO  impl.RaftServerImpl (ServerState.java:close(394)) - ab757b3f-52e6-4029-9085-8ef832cdc13d:group-751DABDF5BAF closes. The last applied log index is 80
2019-07-10 11:15:40,355 INFO  segmented.SegmentedRaftLogWorker (SegmentedRaftLogWorker.java:run(313)) - ab757b3f-52e6-4029-9085-8ef832cdc13d-SegmentedRaftLogWorker:Storage Directory /tmp/workdir/hadoop-ozone/tools/target/test-dir/MiniOzoneClusterImpl-e8ca5395-a52e-4347-a9f0-c3352ccfa52e/datanode-1/data/ratis/b17d4661-ae2e-4dd0-a3d6-751dabdf5baf was interrupted, exiting. There are 0 tasks remaining in the queue.
2019-07-10 11:15:40,357 INFO  segmented.SegmentedRaftLogWorker (SegmentedRaftLogWorker.java:close(228)) - ab757b3f-52e6-4029-9085-8ef832cdc13d-SegmentedRaftLogWorker:Storage Directory /tmp/workdir/hadoop-ozone/tools/target/test-dir/MiniOzoneClusterImpl-e8ca5395-a52e-4347-a9f0-c3352ccfa52e/datanode-1/data/ratis/b17d4661-ae2e-4dd0-a3d6-751dabdf5baf close()
2019-07-10 11:15:40,366 INFO  pipeline.PipelineStateManager (PipelineStateManager.java:removePipeline(108)) - Pipeline Pipeline[ Id: b17d4661-ae2e-4dd0-a3d6-751dabdf5baf, Nodes: d71484f8-0c0a-41b2-bb2a-31aaf8221b97{ip: 192.168.69.121, host: hdds1735-v25bk-3750973123, networkLocation: /default-rack, certSerialId: null}9b64db8a-0a43-4d88-93dd-97e5dfbc0b69{ip: 192.168.69.121, host: hdds1735-v25bk-3750973123, networkLocation: /default-rack, certSerialId: null}ab757b3f-52e6-4029-9085-8ef832cdc13d{ip: 192.168.69.121, host: hdds1735-v25bk-3750973123, networkLocation: /default-rack, certSerialId: null}, Type:RATIS, Factor:THREE, State:CLOSED] removed from db
2019-07-10 11:15:40,388 INFO  impl.RaftServerProxy (RaftServerProxy.java:addNew(89)) - d71484f8-0c0a-41b2-bb2a-31aaf8221b97: addNew group-B270B5412BA3:[ab757b3f-52e6-4029-9085-8ef832cdc13d:192.168.69.121:39467, 9b64db8a-0a43-4d88-93dd-97e5dfbc0b69:192.168.69.121:40929, d71484f8-0c0a-41b2-bb2a-31aaf8221b97:192.168.69.121:34017] returns group-B270B5412BA3:java.util.concurrent.CompletableFuture@69b9acdf[Not completed]
2019-07-10 11:15:40,392 INFO  impl.RaftServerProxy (RaftServerProxy.java:addNew(89)) - 9b64db8a-0a43-4d88-93dd-97e5dfbc0b69: addNew group-B270B5412BA3:[ab757b3f-52e6-4029-9085-8ef832cdc13d:192.168.69.121:39467, 9b64db8a-0a43-4d88-93dd-97e5dfbc0b69:192.168.69.121:40929, d71484f8-0c0a-41b2-bb2a-31aaf8221b97:192.168.69.121:34017] returns group-B270B5412BA3:java.util.concurrent.CompletableFuture@5c80f302[Not completed]
2019-07-10 11:15:40,392 INFO  impl.RaftServerImpl (RaftServerImpl.java:<init>(93)) - d71484f8-0c0a-41b2-bb2a-31aaf8221b97: new RaftServerImpl for group-B270B5412BA3:[ab757b3f-52e6-4029-9085-8ef832cdc13d:192.168.69.121:39467, 9b64db8a-0a43-4d88-93dd-97e5dfbc0b69:192.168.69.121:40929, d71484f8-0c0a-41b2-bb2a-31aaf8221b97:192.168.69.121:34017] with ContainerStateMachine:uninitialized
2019-07-10 11:15:40,395 INFO  impl.RaftServerProxy (RaftServerProxy.java:addNew(89)) - ab757b3f-52e6-4029-9085-8ef832cdc13d: addNew group-B270B5412BA3:[ab757b3f-52e6-4029-9085-8ef832cdc13d:192.168.69.121:39467, 9b64db8a-0a43-4d88-93dd-97e5dfbc0b69:192.168.69.121:40929, d71484f8-0c0a-41b2-bb2a-31aaf8221b97:192.168.69.121:34017] returns group-B270B5412BA3:java.util.concurrent.CompletableFuture@75faa0df[Not completed]
2019-07-10 11:15:40,397 INFO  server.RaftServerConfigKeys (ConfUtils.java:logGet(43)) - raft.server.rpc.timeout.min = 1s (custom)
2019-07-10 11:15:40,397 INFO  server.RaftServerConfigKeys (ConfUtils.java:logGet(43)) - raft.server.rpc.timeout.max = 1200ms (custom)
2019-07-10 11:15:40,397 INFO  server.RaftServerConfigKeys (ConfUtils.java:logGet(43)) - raft.server.rpcslowness.timeout = 120s (custom)
2019-07-10 11:15:40,397 INFO  server.RaftServerConfigKeys (ConfUtils.java:logGet(43)) - raft.server.sleep.deviation.threshold = 300 (default)
2019-07-10 11:15:40,397 INFO  server.RaftServerConfigKeys (ConfUtils.java:logGet(43)) - raft.server.log.appender.install.snapshot.enabled = false (custom)
2019-07-10 11:15:40,398 INFO  impl.RaftServerImpl (RaftServerImpl.java:<init>(93)) - 9b64db8a-0a43-4d88-93dd-97e5dfbc0b69: new RaftServerImpl for group-B270B5412BA3:[ab757b3f-52e6-4029-9085-8ef832cdc13d:192.168.69.121:39467, 9b64db8a-0a43-4d88-93dd-97e5dfbc0b69:192.168.69.121:40929, d71484f8-0c0a-41b2-bb2a-31aaf8221b97:192.168.69.121:34017] with ContainerStateMachine:uninitialized
2019-07-10 11:15:40,398 INFO  impl.RaftServerImpl (ServerState.java:<init>(105)) - d71484f8-0c0a-41b2-bb2a-31aaf8221b97:group-B270B5412BA3 ConfigurationManager, init=-1: [ab757b3f-52e6-4029-9085-8ef832cdc13d:192.168.69.121:39467, 9b64db8a-0a43-4d88-93dd-97e5dfbc0b69:192.168.69.121:40929, d71484f8-0c0a-41b2-bb2a-31aaf8221b97:192.168.69.121:34017], old=null, confs=<EMPTY_MAP>
2019-07-10 11:15:40,398 INFO  server.RaftServerConfigKeys (ConfUtils.java:logGet(43)) - raft.server.rpc.timeout.min = 1s (custom)
2019-07-10 11:15:40,398 INFO  server.RaftServerConfigKeys (ConfUtils.java:logGet(43)) - raft.server.rpc.timeout.max = 1200ms (custom)
2019-07-10 11:15:40,398 INFO  server.RaftServerConfigKeys (ConfUtils.java:logGet(43)) - raft.server.storage.dir = [/tmp/workdir/hadoop-ozone/tools/target/test-dir/MiniOzoneClusterImpl-e8ca5395-a52e-4347-a9f0-c3352ccfa52e/datanode-2/data/ratis] (custom)
2019-07-10 11:15:40,398 INFO  server.RaftServerConfigKeys (ConfUtils.java:logGet(43)) - raft.server.rpcslowness.timeout = 120s (custom)
2019-07-10 11:15:40,398 INFO  impl.RaftServerImpl (RaftServerImpl.java:<init>(93)) - ab757b3f-52e6-4029-9085-8ef832cdc13d: new RaftServerImpl for group-B270B5412BA3:[ab757b3f-52e6-4029-9085-8ef832cdc13d:192.168.69.121:39467, 9b64db8a-0a43-4d88-93dd-97e5dfbc0b69:192.168.69.121:40929, d71484f8-0c0a-41b2-bb2a-31aaf8221b97:192.168.69.121:34017] with ContainerStateMachine:uninitialized
2019-07-10 11:15:40,399 INFO  server.RaftServerConfigKeys (ConfUtils.java:logGet(43)) - raft.server.sleep.deviation.threshold = 300 (default)
2019-07-10 11:15:40,399 INFO  server.RaftServerConfigKeys (ConfUtils.java:logGet(43)) - raft.server.rpc.timeout.min = 1s (custom)
2019-07-10 11:15:40,399 INFO  storage.RaftStorageDirectory (RaftStorageDirectory.java:analyzeStorage(246)) - The storage directory /tmp/workdir/hadoop-ozone/tools/target/test-dir/MiniOzoneClusterImpl-e8ca5395-a52e-4347-a9f0-c3352ccfa52e/datanode-2/data/ratis/113e2fdc-013b-4962-9da6-b270b5412ba3 does not exist. Creating ...
2019-07-10 11:15:40,399 INFO  server.RaftServerConfigKeys (ConfUtils.java:logGet(43)) - raft.server.rpc.timeout.max = 1200ms (custom)
2019-07-10 11:15:40,399 INFO  server.RaftServerConfigKeys (ConfUtils.java:logGet(43)) - raft.server.log.appender.install.snapshot.enabled = false (custom)
2019-07-10 11:15:40,399 INFO  server.RaftServerConfigKeys (ConfUtils.java:logGet(43)) - raft.server.rpcslowness.timeout = 120s (custom)
2019-07-10 11:15:40,400 INFO  impl.RaftServerImpl (ServerState.java:<init>(105)) - 9b64db8a-0a43-4d88-93dd-97e5dfbc0b69:group-B270B5412BA3 ConfigurationManager, init=-1: [ab757b3f-52e6-4029-9085-8ef832cdc13d:192.168.69.121:39467, 9b64db8a-0a43-4d88-93dd-97e5dfbc0b69:192.168.69.121:40929, d71484f8-0c0a-41b2-bb2a-31aaf8221b97:192.168.69.121:34017], old=null, confs=<EMPTY_MAP>
2019-07-10 11:15:40,400 INFO  server.RaftServerConfigKeys (ConfUtils.java:logGet(43)) - raft.server.sleep.deviation.threshold = 300 (default)
2019-07-10 11:15:40,400 INFO  server.RaftServerConfigKeys (ConfUtils.java:logGet(43)) - raft.server.log.appender.install.snapshot.enabled = false (custom)
2019-07-10 11:15:40,400 INFO  server.RaftServerConfigKeys (ConfUtils.java:logGet(43)) - raft.server.storage.dir = [/tmp/workdir/hadoop-ozone/tools/target/test-dir/MiniOzoneClusterImpl-e8ca5395-a52e-4347-a9f0-c3352ccfa52e/datanode-0/data/ratis] (custom)
2019-07-10 11:15:40,400 INFO  impl.RaftServerImpl (ServerState.java:<init>(105)) - ab757b3f-52e6-4029-9085-8ef832cdc13d:group-B270B5412BA3 ConfigurationManager, init=-1: [ab757b3f-52e6-4029-9085-8ef832cdc13d:192.168.69.121:39467, 9b64db8a-0a43-4d88-93dd-97e5dfbc0b69:192.168.69.121:40929, d71484f8-0c0a-41b2-bb2a-31aaf8221b97:192.168.69.121:34017], old=null, confs=<EMPTY_MAP>
2019-07-10 11:15:40,401 INFO  server.RaftServerConfigKeys (ConfUtils.java:logGet(43)) - raft.server.storage.dir = [/tmp/workdir/hadoop-ozone/tools/target/test-dir/MiniOzoneClusterImpl-e8ca5395-a52e-4347-a9f0-c3352ccfa52e/datanode-1/data/ratis] (custom)
2019-07-10 11:15:40,401 INFO  storage.RaftStorageDirectory (RaftStorageDirectory.java:analyzeStorage(246)) - The storage directory /tmp/workdir/hadoop-ozone/tools/target/test-dir/MiniOzoneClusterImpl-e8ca5395-a52e-4347-a9f0-c3352ccfa52e/datanode-0/data/ratis/113e2fdc-013b-4962-9da6-b270b5412ba3 does not exist. Creating ...
2019-07-10 11:15:40,401 INFO  storage.RaftStorageDirectory (RaftStorageDirectory.java:analyzeStorage(246)) - The storage directory /tmp/workdir/hadoop-ozone/tools/target/test-dir/MiniOzoneClusterImpl-e8ca5395-a52e-4347-a9f0-c3352ccfa52e/datanode-1/data/ratis/113e2fdc-013b-4962-9da6-b270b5412ba3 does not exist. Creating ...
2019-07-10 11:15:40,415 INFO  storage.RaftStorageDirectory (RaftStorageDirectory.java:tryLock(328)) - Lock on /tmp/workdir/hadoop-ozone/tools/target/test-dir/MiniOzoneClusterImpl-e8ca5395-a52e-4347-a9f0-c3352ccfa52e/datanode-1/data/ratis/113e2fdc-013b-4962-9da6-b270b5412ba3/in_use.lock acquired by nodename 21149@hdds1735-v25bk-3750973123
2019-07-10 11:15:40,415 INFO  storage.RaftStorageDirectory (RaftStorageDirectory.java:tryLock(328)) - Lock on /tmp/workdir/hadoop-ozone/tools/target/test-dir/MiniOzoneClusterImpl-e8ca5395-a52e-4347-a9f0-c3352ccfa52e/datanode-2/data/ratis/113e2fdc-013b-4962-9da6-b270b5412ba3/in_use.lock acquired by nodename 21149@hdds1735-v25bk-3750973123
2019-07-10 11:15:40,415 INFO  storage.RaftStorageDirectory (RaftStorageDirectory.java:tryLock(328)) - Lock on /tmp/workdir/hadoop-ozone/tools/target/test-dir/MiniOzoneClusterImpl-e8ca5395-a52e-4347-a9f0-c3352ccfa52e/datanode-0/data/ratis/113e2fdc-013b-4962-9da6-b270b5412ba3/in_use.lock acquired by nodename 21149@hdds1735-v25bk-3750973123
2019-07-10 11:15:40,429 INFO  storage.RaftStorage (RaftStorage.java:format(72)) - Storage directory /tmp/workdir/hadoop-ozone/tools/target/test-dir/MiniOzoneClusterImpl-e8ca5395-a52e-4347-a9f0-c3352ccfa52e/datanode-2/data/ratis/113e2fdc-013b-4962-9da6-b270b5412ba3 has been successfully formatted.
2019-07-10 11:15:40,429 INFO  storage.RaftStorage (RaftStorage.java:format(72)) - Storage directory /tmp/workdir/hadoop-ozone/tools/target/test-dir/MiniOzoneClusterImpl-e8ca5395-a52e-4347-a9f0-c3352ccfa52e/datanode-0/data/ratis/113e2fdc-013b-4962-9da6-b270b5412ba3 has been successfully formatted.
2019-07-10 11:15:40,430 INFO  ratis.ContainerStateMachine (ContainerStateMachine.java:loadSnapshot(198)) - The snapshot info is null.Setting the last applied index to:(t:0, i:~)
2019-07-10 11:15:40,429 INFO  storage.RaftStorage (RaftStorage.java:format(72)) - Storage directory /tmp/workdir/hadoop-ozone/tools/target/test-dir/MiniOzoneClusterImpl-e8ca5395-a52e-4347-a9f0-c3352ccfa52e/datanode-1/data/ratis/113e2fdc-013b-4962-9da6-b270b5412ba3 has been successfully formatted.
2019-07-10 11:15:40,430 INFO  server.RaftServerConfigKeys (ConfUtils.java:logGet(43)) - raft.server.leader.election.timeout = 120s (custom)
2019-07-10 11:15:40,430 INFO  ratis.ContainerStateMachine (ContainerStateMachine.java:loadSnapshot(198)) - The snapshot info is null.Setting the last applied index to:(t:0, i:~)
2019-07-10 11:15:40,430 INFO  ratis.ContainerStateMachine (ContainerStateMachine.java:loadSnapshot(198)) - The snapshot info is null.Setting the last applied index to:(t:0, i:~)
2019-07-10 11:15:40,430 INFO  server.RaftServerConfigKeys (ConfUtils.java:logGet(43)) - raft.server.log.use.memory = false (default)
2019-07-10 11:15:40,430 INFO  server.RaftServerConfigKeys (ConfUtils.java:logGet(43)) - raft.server.leader.election.timeout = 120s (custom)
2019-07-10 11:15:40,430 INFO  server.RaftServerConfigKeys (ConfUtils.java:logGet(43)) - raft.server.leader.election.timeout = 120s (custom)
2019-07-10 11:15:40,431 INFO  server.RaftServerConfigKeys (ConfUtils.java:logGet(43)) - raft.server.log.use.memory = false (default)
2019-07-10 11:15:40,430 INFO  server.RaftServerConfigKeys (ConfUtils.java:logGet(43)) - raft.server.log.purge.gap = 1000000000 (custom)
2019-07-10 11:15:40,431 INFO  server.RaftServerConfigKeys (ConfUtils.java:logGet(43)) - raft.server.log.purge.gap = 1000000000 (custom)
2019-07-10 11:15:40,431 INFO  server.RaftServerConfigKeys (ConfUtils.java:logGet(43)) - raft.server.log.use.memory = false (default)
2019-07-10 11:15:40,431 INFO  server.RaftServerConfigKeys (ConfUtils.java:logGet(43)) - raft.server.log.appender.buffer.byte-limit = 33554432 (custom)
2019-07-10 11:15:40,431 INFO  server.RaftServerConfigKeys (ConfUtils.java:logGet(43)) - raft.server.log.appender.buffer.byte-limit = 33554432 (custom)
2019-07-10 11:15:40,432 INFO  server.RaftServerConfigKeys (ConfUtils.java:logGet(43)) - raft.server.log.segment.size.max = 1048576 (custom)
2019-07-10 11:15:40,432 INFO  server.RaftServerConfigKeys (ConfUtils.java:logGet(43)) - raft.server.log.purge.gap = 1000000000 (custom)
2019-07-10 11:15:40,432 INFO  server.RaftServerConfigKeys (ConfUtils.java:logGet(43)) - raft.server.log.segment.cache.num.max = 2 (custom)
2019-07-10 11:15:40,432 INFO  server.RaftServerConfigKeys (ConfUtils.java:logGet(43)) - raft.server.log.segment.size.max = 1048576 (custom)
2019-07-10 11:15:40,432 INFO  segmented.SegmentedRaftLogWorker (SegmentedRaftLogWorker.java:<init>(172)) - new ab757b3f-52e6-4029-9085-8ef832cdc13d-SegmentedRaftLogWorker:Storage Directory /tmp/workdir/hadoop-ozone/tools/target/test-dir/MiniOzoneClusterImpl-e8ca5395-a52e-4347-a9f0-c3352ccfa52e/datanode-1/data/ratis/113e2fdc-013b-4962-9da6-b270b5412ba3 for RaftStorage:Storage Directory /tmp/workdir/hadoop-ozone/tools/target/test-dir/MiniOzoneClusterImpl-e8ca5395-a52e-4347-a9f0-c3352ccfa52e/datanode-1/data/ratis/113e2fdc-013b-4962-9da6-b270b5412ba3
2019-07-10 11:15:40,432 INFO  server.RaftServerConfigKeys (ConfUtils.java:logGet(43)) - raft.server.log.appender.buffer.byte-limit = 33554432 (custom)
2019-07-10 11:15:40,433 INFO  server.RaftServerConfigKeys (ConfUtils.java:logGet(43)) - raft.server.log.queue.byte-limit = 2147483647 (custom)
2019-07-10 11:15:40,433 INFO  server.RaftServerConfigKeys (ConfUtils.java:logGet(43)) - raft.server.log.segment.cache.num.max = 2 (custom)
2019-07-10 11:15:40,434 INFO  server.RaftServerConfigKeys (ConfUtils.java:logGet(43)) - raft.server.log.queue.element-limit = 1024 (custom)
2019-07-10 11:15:40,434 INFO  server.RaftServerConfigKeys (ConfUtils.java:logGet(43)) - raft.server.log.segment.size.max = 1048576 (custom)
2019-07-10 11:15:40,434 INFO  server.RaftServerConfigKeys (ConfUtils.java:logGet(43)) - raft.server.log.segment.size.max = 1048576 (custom)
2019-07-10 11:15:40,434 INFO  segmented.SegmentedRaftLogWorker (SegmentedRaftLogWorker.java:<init>(172)) - new d71484f8-0c0a-41b2-bb2a-31aaf8221b97-SegmentedRaftLogWorker:Storage Directory /tmp/workdir/hadoop-ozone/tools/target/test-dir/MiniOzoneClusterImpl-e8ca5395-a52e-4347-a9f0-c3352ccfa52e/datanode-2/data/ratis/113e2fdc-013b-4962-9da6-b270b5412ba3 for RaftStorage:Storage Directory /tmp/workdir/hadoop-ozone/tools/target/test-dir/MiniOzoneClusterImpl-e8ca5395-a52e-4347-a9f0-c3352ccfa52e/datanode-2/data/ratis/113e2fdc-013b-4962-9da6-b270b5412ba3
2019-07-10 11:15:40,435 INFO  server.RaftServerConfigKeys (ConfUtils.java:logGet(43)) - raft.server.log.preallocated.size = 16384 (custom)
2019-07-10 11:15:40,435 INFO  server.RaftServerConfigKeys (ConfUtils.java:logGet(43)) - raft.server.log.segment.cache.num.max = 2 (custom)
2019-07-10 11:15:40,435 INFO  server.RaftServerConfigKeys (ConfUtils.java:logGet(43)) - raft.server.log.write.buffer.size = 33554432 (custom)
2019-07-10 11:15:40,435 INFO  server.RaftServerConfigKeys (ConfUtils.java:logGet(43)) - raft.server.log.queue.byte-limit = 2147483647 (custom)
2019-07-10 11:15:40,437 INFO  server.RaftServerConfigKeys (ConfUtils.java:logGet(43)) - raft.server.log.force.sync.num = 128 (default)
2019-07-10 11:15:40,436 INFO  segmented.SegmentedRaftLogWorker (SegmentedRaftLogWorker.java:<init>(172)) - new 9b64db8a-0a43-4d88-93dd-97e5dfbc0b69-SegmentedRaftLogWorker:Storage Directory /tmp/workdir/hadoop-ozone/tools/target/test-dir/MiniOzoneClusterImpl-e8ca5395-a52e-4347-a9f0-c3352ccfa52e/datanode-0/data/ratis/113e2fdc-013b-4962-9da6-b270b5412ba3 for RaftStorage:Storage Directory /tmp/workdir/hadoop-ozone/tools/target/test-dir/MiniOzoneClusterImpl-e8ca5395-a52e-4347-a9f0-c3352ccfa52e/datanode-0/data/ratis/113e2fdc-013b-4962-9da6-b270b5412ba3
2019-07-10 11:15:40,437 INFO  server.RaftServerConfigKeys (ConfUtils.java:logGet(43)) - raft.server.log.statemachine.data.sync = true (default)
2019-07-10 11:15:40,437 INFO  server.RaftServerConfigKeys (ConfUtils.java:logGet(43)) - raft.server.log.queue.element-limit = 1024 (custom)
2019-07-10 11:15:40,437 INFO  server.RaftServerConfigKeys (ConfUtils.java:logGet(43)) - raft.server.log.statemachine.data.sync.timeout = 10s (default)
2019-07-10 11:15:40,437 INFO  server.RaftServerConfigKeys (ConfUtils.java:logGet(43)) - raft.server.log.queue.byte-limit = 2147483647 (custom)
2019-07-10 11:15:40,439 INFO  server.RaftServerConfigKeys (ConfUtils.java:logGet(43)) - raft.server.log.statemachine.data.sync.timeout.retry = -1 (default)
2019-07-10 11:15:40,439 INFO  server.RaftServerConfigKeys (ConfUtils.java:logGet(43)) - raft.server.log.segment.size.max = 1048576 (custom)
2019-07-10 11:15:40,439 INFO  server.RaftServerConfigKeys (ConfUtils.java:logGet(43)) - raft.server.log.statemachine.data.caching.enabled = true (custom)
2019-07-10 11:15:40,439 INFO  server.RaftServerConfigKeys (ConfUtils.java:logGet(43)) - raft.server.log.queue.element-limit = 1024 (custom)
2019-07-10 11:15:40,439 INFO  server.RaftServerConfigKeys (ConfUtils.java:logGet(43)) - raft.server.log.preallocated.size = 16384 (custom)
2019-07-10 11:15:40,440 INFO  segmented.SegmentedRaftLogWorker (SegmentedRaftLogWorker.java:lambda$new$0(132)) - ab757b3f-52e6-4029-9085-8ef832cdc13d-SegmentedRaftLogWorker:Storage Directory /tmp/workdir/hadoop-ozone/tools/target/test-dir/MiniOzoneClusterImpl-e8ca5395-a52e-4347-a9f0-c3352ccfa52e/datanode-1/data/ratis/113e2fdc-013b-4962-9da6-b270b5412ba3: flushIndex: setUnconditionally 0 -> -1
2019-07-10 11:15:40,440 INFO  server.RaftServerConfigKeys (ConfUtils.java:logGet(43)) - raft.server.log.segment.size.max = 1048576 (custom)
2019-07-10 11:15:40,440 INFO  server.RaftServerConfigKeys (ConfUtils.java:logGet(43)) - raft.server.log.write.buffer.size = 33554432 (custom)
2019-07-10 11:15:40,440 INFO  server.RaftServerConfigKeys (ConfUtils.java:logGet(43)) - raft.server.log.preallocated.size = 16384 (custom)
2019-07-10 11:15:40,440 INFO  server.RaftServerConfigKeys (ConfUtils.java:logGet(43)) - raft.server.snapshot.auto.trigger.enabled = true (custom)
2019-07-10 11:15:40,441 INFO  server.RaftServerConfigKeys (ConfUtils.java:logGet(43)) - raft.server.log.write.buffer.size = 33554432 (custom)
2019-07-10 11:15:40,441 INFO  server.RaftServerConfigKeys (ConfUtils.java:logGet(43)) - raft.server.log.force.sync.num = 128 (default)
2019-07-10 11:15:40,441 INFO  server.RaftServerConfigKeys (ConfUtils.java:logGet(43)) - raft.server.log.force.sync.num = 128 (default)
2019-07-10 11:15:40,441 INFO  server.RaftServerConfigKeys (ConfUtils.java:logGet(43)) - raft.server.snapshot.auto.trigger.threshold = 10000 (custom)
2019-07-10 11:15:40,441 INFO  server.RaftServerConfigKeys (ConfUtils.java:logGet(43)) - raft.server.log.statemachine.data.sync = true (default)
2019-07-10 11:15:40,442 INFO  server.RaftServerConfigKeys (ConfUtils.java:logGet(43)) - raft.server.retrycache.expirytime = 600000ms (custom)
2019-07-10 11:15:40,441 INFO  server.RaftServerConfigKeys (ConfUtils.java:logGet(43)) - raft.server.log.statemachine.data.sync = true (default)
2019-07-10 11:15:40,442 INFO  impl.RaftServerImpl (RaftServerImpl.java:start(180)) - ab757b3f-52e6-4029-9085-8ef832cdc13d: start group-B270B5412BA3
2019-07-10 11:15:40,442 INFO  server.RaftServerConfigKeys (ConfUtils.java:logGet(43)) - raft.server.log.statemachine.data.sync.timeout = 10s (default)
2019-07-10 11:15:40,442 INFO  impl.RaftServerImpl (RaftServerImpl.java:setRole(171)) - ab757b3f-52e6-4029-9085-8ef832cdc13d:group-B270B5412BA3 changes role from null to FOLLOWER at term 0 for startAsFollower
2019-07-10 11:15:40,442 INFO  server.RaftServerConfigKeys (ConfUtils.java:logGet(43)) - raft.server.log.statemachine.data.sync.timeout = 10s (default)
2019-07-10 11:15:40,442 INFO  impl.RoleInfo (RoleInfo.java:updateAndGet(143)) - ab757b3f-52e6-4029-9085-8ef832cdc13d: start FollowerState
2019-07-10 11:15:40,442 INFO  server.RaftServerConfigKeys (ConfUtils.java:logGet(43)) - raft.server.log.statemachine.data.sync.timeout.retry = -1 (default)
2019-07-10 11:15:40,443 INFO  server.RaftServerConfigKeys (ConfUtils.java:logGet(43)) - raft.server.log.statemachine.data.sync.timeout.retry = -1 (default)
2019-07-10 11:15:40,443 INFO  server.RaftServerConfigKeys (ConfUtils.java:logGet(43)) - raft.server.log.statemachine.data.caching.enabled = true (custom)
2019-07-10 11:15:40,443 INFO  server.RaftServerConfigKeys (ConfUtils.java:logGet(43)) - raft.server.log.statemachine.data.caching.enabled = true (custom)
2019-07-10 11:15:40,443 INFO  util.JmxRegister (JmxRegister.java:tryRegister(44)) - Successfully registered JMX Bean with object name Ratis:service=RaftServer,group=group-B270B5412BA3,id=ab757b3f-52e6-4029-9085-8ef832cdc13d
2019-07-10 11:15:40,444 INFO  segmented.SegmentedRaftLogWorker (SegmentedRaftLogWorker.java:lambda$new$0(132)) - 9b64db8a-0a43-4d88-93dd-97e5dfbc0b69-SegmentedRaftLogWorker:Storage Directory /tmp/workdir/hadoop-ozone/tools/target/test-dir/MiniOzoneClusterImpl-e8ca5395-a52e-4347-a9f0-c3352ccfa52e/datanode-0/data/ratis/113e2fdc-013b-4962-9da6-b270b5412ba3: flushIndex: setUnconditionally 0 -> -1
2019-07-10 11:15:40,444 INFO  segmented.SegmentedRaftLogWorker (SegmentedRaftLogWorker.java:lambda$new$0(132)) - d71484f8-0c0a-41b2-bb2a-31aaf8221b97-SegmentedRaftLogWorker:Storage Directory /tmp/workdir/hadoop-ozone/tools/target/test-dir/MiniOzoneClusterImpl-e8ca5395-a52e-4347-a9f0-c3352ccfa52e/datanode-2/data/ratis/113e2fdc-013b-4962-9da6-b270b5412ba3: flushIndex: setUnconditionally 0 -> -1
2019-07-10 11:15:40,444 INFO  server.RaftServerConfigKeys (ConfUtils.java:logGet(43)) - raft.server.snapshot.auto.trigger.enabled = true (custom)
2019-07-10 11:15:40,444 INFO  server.RaftServerConfigKeys (ConfUtils.java:logGet(43)) - raft.server.snapshot.auto.trigger.enabled = true (custom)
2019-07-10 11:15:40,444 INFO  server.RaftServerConfigKeys (ConfUtils.java:logGet(43)) - raft.server.snapshot.auto.trigger.threshold = 10000 (custom)
2019-07-10 11:15:40,444 INFO  server.RaftServerConfigKeys (ConfUtils.java:logGet(43)) - raft.server.snapshot.auto.trigger.threshold = 10000 (custom)
2019-07-10 11:15:40,445 INFO  server.RaftServerConfigKeys (ConfUtils.java:logGet(43)) - raft.server.retrycache.expirytime = 600000ms (custom)
2019-07-10 11:15:40,445 INFO  server.RaftServerConfigKeys (ConfUtils.java:logGet(43)) - raft.server.retrycache.expirytime = 600000ms (custom)
2019-07-10 11:15:40,445 INFO  impl.RaftServerImpl (RaftServerImpl.java:start(180)) - 9b64db8a-0a43-4d88-93dd-97e5dfbc0b69: start group-B270B5412BA3
2019-07-10 11:15:40,445 INFO  impl.RaftServerImpl (RaftServerImpl.java:start(180)) - d71484f8-0c0a-41b2-bb2a-31aaf8221b97: start group-B270B5412BA3
2019-07-10 11:15:40,445 INFO  impl.RaftServerImpl (RaftServerImpl.java:setRole(171)) - 9b64db8a-0a43-4d88-93dd-97e5dfbc0b69:group-B270B5412BA3 changes role from null to FOLLOWER at term 0 for startAsFollower
2019-07-10 11:15:40,445 INFO  impl.RaftServerImpl (RaftServerImpl.java:setRole(171)) - d71484f8-0c0a-41b2-bb2a-31aaf8221b97:group-B270B5412BA3 changes role from null to FOLLOWER at term 0 for startAsFollower
2019-07-10 11:15:40,447 INFO  impl.RoleInfo (RoleInfo.java:updateAndGet(143)) - 9b64db8a-0a43-4d88-93dd-97e5dfbc0b69: start FollowerState
2019-07-10 11:15:40,448 INFO  impl.RoleInfo (RoleInfo.java:updateAndGet(143)) - d71484f8-0c0a-41b2-bb2a-31aaf8221b97: start FollowerState
2019-07-10 11:15:40,450 INFO  util.JmxRegister (JmxRegister.java:tryRegister(44)) - Successfully registered JMX Bean with object name Ratis:service=RaftServer,group=group-B270B5412BA3,id=d71484f8-0c0a-41b2-bb2a-31aaf8221b97
2019-07-10 11:15:40,450 INFO  util.JmxRegister (JmxRegister.java:tryRegister(44)) - Successfully registered JMX Bean with object name Ratis:service=RaftServer,group=group-B270B5412BA3,id=9b64db8a-0a43-4d88-93dd-97e5dfbc0b69
2019-07-10 11:15:40,459 INFO  pipeline.PipelineStateManager (PipelineStateManager.java:addPipeline(56)) - Created pipeline Pipeline[ Id: 113e2fdc-013b-4962-9da6-b270b5412ba3, Nodes: d71484f8-0c0a-41b2-bb2a-31aaf8221b97{ip: 192.168.69.121, host: hdds1735-v25bk-3750973123, networkLocation: /default-rack, certSerialId: null}9b64db8a-0a43-4d88-93dd-97e5dfbc0b69{ip: 192.168.69.121, host: hdds1735-v25bk-3750973123, networkLocation: /default-rack, certSerialId: null}ab757b3f-52e6-4029-9085-8ef832cdc13d{ip: 192.168.69.121, host: hdds1735-v25bk-3750973123, networkLocation: /default-rack, certSerialId: null}, Type:RATIS, Factor:THREE, State:OPEN]
2019-07-10 11:15:40,509 INFO  freon.RandomKeyGenerator (RandomKeyGenerator.java:call(262)) - Number of Threads: 10
2019-07-10 11:15:40,509 INFO  freon.RandomKeyGenerator (RandomKeyGenerator.java:call(267)) - Number of Volumes: 1.
2019-07-10 11:15:40,509 INFO  freon.RandomKeyGenerator (RandomKeyGenerator.java:call(268)) - Number of Buckets per Volume: 1.
2019-07-10 11:15:40,509 INFO  freon.RandomKeyGenerator (RandomKeyGenerator.java:call(269)) - Number of Keys per Bucket: 1.
2019-07-10 11:15:40,509 INFO  freon.RandomKeyGenerator (RandomKeyGenerator.java:call(270)) - Key size: 20971520 bytes
2019-07-10 11:15:40,509 INFO  freon.RandomKeyGenerator (RandomKeyGenerator.java:call(271)) - Buffer size: 4096 bytes
2019-07-10 11:15:40,510 INFO  freon.RandomKeyGenerator (RandomKeyGenerator.java:call(286)) - Data validation is enabled.
2019-07-10 11:15:40,510 INFO  freon.RandomKeyGenerator (RandomKeyGenerator.java:call(299)) - Starting progress bar Thread.

 0.00% |█                                                                                                    |  0/1 Time: 0:00:002019-07-10 11:15:40,510 INFO  rpc.RpcClient (RpcClient.java:createVolume(289)) - Creating Volume: vol-0-84065, with jenkins1000 as owner.
2019-07-10 11:15:40,521 INFO  rpc.RpcClient (RpcClient.java:createBucket(426)) - Creating Bucket: vol-0-84065/bucket-0-07944, with Versioning false and Storage Type set to DISK and Encryption set to false 
2019-07-10 11:15:40,558 INFO  client.GrpcClientProtocolClient (GrpcClientProtocolClient.java:onNext(255)) - client-22C6DC302603->d71484f8-0c0a-41b2-bb2a-31aaf8221b97: receive RaftClientReply:client-22C6DC302603->d71484f8-0c0a-41b2-bb2a-31aaf8221b97@group-B270B5412BA3, cid=60, FAILED org.apache.ratis.protocol.NotLeaderException: Server d71484f8-0c0a-41b2-bb2a-31aaf8221b97 is not the leader (null). Request must be sent to leader., logIndex=0, commits[d71484f8-0c0a-41b2-bb2a-31aaf8221b97:c-1]
2019-07-10 11:15:41,452 INFO  impl.FollowerState (FollowerState.java:run(106)) - d71484f8-0c0a-41b2-bb2a-31aaf8221b97:group-B270B5412BA3 changes to CANDIDATE, lastRpcTime:1004, electionTimeout:1002ms
2019-07-10 11:15:41,452 INFO  impl.RoleInfo (RoleInfo.java:shutdownFollowerState(121)) - d71484f8-0c0a-41b2-bb2a-31aaf8221b97: shutdown FollowerState
2019-07-10 11:15:41,452 INFO  impl.RaftServerImpl (RaftServerImpl.java:setRole(171)) - d71484f8-0c0a-41b2-bb2a-31aaf8221b97:group-B270B5412BA3 changes role from FOLLOWER to CANDIDATE at term 0 for changeToCandidate
2019-07-10 11:15:41,453 INFO  impl.RoleInfo (RoleInfo.java:updateAndGet(143)) - d71484f8-0c0a-41b2-bb2a-31aaf8221b97: start LeaderElection
2019-07-10 11:15:41,471 INFO  impl.LeaderElection (LeaderElection.java:askForVotes(181)) - d71484f8-0c0a-41b2-bb2a-31aaf8221b97:group-B270B5412BA3:LeaderElection5: begin an election at term 1 for -1: [ab757b3f-52e6-4029-9085-8ef832cdc13d:192.168.69.121:39467, 9b64db8a-0a43-4d88-93dd-97e5dfbc0b69:192.168.69.121:40929, d71484f8-0c0a-41b2-bb2a-31aaf8221b97:192.168.69.121:34017], old=null
2019-07-10 11:15:41,488 INFO  impl.RaftServerImpl (RaftServerImpl.java:setRole(171)) - ab757b3f-52e6-4029-9085-8ef832cdc13d:group-B270B5412BA3 changes role from FOLLOWER to FOLLOWER at term 1 for recognizeCandidate:d71484f8-0c0a-41b2-bb2a-31aaf8221b97
2019-07-10 11:15:41,489 INFO  impl.RoleInfo (RoleInfo.java:shutdownFollowerState(121)) - ab757b3f-52e6-4029-9085-8ef832cdc13d: shutdown FollowerState
2019-07-10 11:15:41,489 INFO  impl.RaftServerImpl (RaftServerImpl.java:setRole(171)) - 9b64db8a-0a43-4d88-93dd-97e5dfbc0b69:group-B270B5412BA3 changes role from FOLLOWER to FOLLOWER at term 1 for recognizeCandidate:d71484f8-0c0a-41b2-bb2a-31aaf8221b97
2019-07-10 11:15:41,489 INFO  impl.RoleInfo (RoleInfo.java:updateAndGet(143)) - ab757b3f-52e6-4029-9085-8ef832cdc13d: start FollowerState
2019-07-10 11:15:41,489 INFO  impl.FollowerState (FollowerState.java:run(114)) - ab757b3f-52e6-4029-9085-8ef832cdc13d: FollowerState was interrupted: java.lang.InterruptedException: sleep interrupted
2019-07-10 11:15:41,489 INFO  impl.RoleInfo (RoleInfo.java:shutdownFollowerState(121)) - 9b64db8a-0a43-4d88-93dd-97e5dfbc0b69: shutdown FollowerState
2019-07-10 11:15:41,491 INFO  impl.RoleInfo (RoleInfo.java:updateAndGet(143)) - 9b64db8a-0a43-4d88-93dd-97e5dfbc0b69: start FollowerState
2019-07-10 11:15:41,491 INFO  impl.FollowerState (FollowerState.java:run(114)) - 9b64db8a-0a43-4d88-93dd-97e5dfbc0b69: FollowerState was interrupted: java.lang.InterruptedException: sleep interrupted
 0.00% |█                                                                                                    |  0/1 Time: 0:00:012019-07-10 11:15:41,514 INFO  impl.LeaderElection (LeaderElection.java:logAndReturn(56)) - d71484f8-0c0a-41b2-bb2a-31aaf8221b97:group-B270B5412BA3:LeaderElection5: Election PASSED; received 1 response(s) [d71484f8-0c0a-41b2-bb2a-31aaf8221b97<-9b64db8a-0a43-4d88-93dd-97e5dfbc0b69#0:OK-t1] and 0 exception(s); d71484f8-0c0a-41b2-bb2a-31aaf8221b97:t1, leader=null, voted=d71484f8-0c0a-41b2-bb2a-31aaf8221b97, raftlog=d71484f8-0c0a-41b2-bb2a-31aaf8221b97-SegmentedRaftLog:OPENED:c-1,f-1,i0, conf=-1: [ab757b3f-52e6-4029-9085-8ef832cdc13d:192.168.69.121:39467, 9b64db8a-0a43-4d88-93dd-97e5dfbc0b69:192.168.69.121:40929, d71484f8-0c0a-41b2-bb2a-31aaf8221b97:192.168.69.121:34017], old=null
2019-07-10 11:15:41,514 INFO  impl.RoleInfo (RoleInfo.java:shutdownLeaderElection(134)) - d71484f8-0c0a-41b2-bb2a-31aaf8221b97: shutdown LeaderElection
2019-07-10 11:15:41,515 INFO  impl.RaftServerImpl (RaftServerImpl.java:setRole(171)) - d71484f8-0c0a-41b2-bb2a-31aaf8221b97:group-B270B5412BA3 changes role from CANDIDATE to LEADER at term 1 for changeToLeader
2019-07-10 11:15:41,515 INFO  impl.RaftServerImpl (ServerState.java:setLeader(263)) - d71484f8-0c0a-41b2-bb2a-31aaf8221b97:group-B270B5412BA3 change Leader from null to d71484f8-0c0a-41b2-bb2a-31aaf8221b97 at term 1 for becomeLeader, leader elected after 1085ms
2019-07-10 11:15:41,515 INFO  server.RaftServerConfigKeys (ConfUtils.java:logGet(43)) - raft.server.staging.catchup.gap = 1000 (default)
2019-07-10 11:15:41,516 INFO  server.RaftServerConfigKeys (ConfUtils.java:logGet(43)) - raft.server.rpc.sleep.time = 25ms (default)
2019-07-10 11:15:41,516 INFO  server.RaftServerConfigKeys (ConfUtils.java:logGet(43)) - raft.server.write.element-limit = 4096 (default)
2019-07-10 11:15:41,516 INFO  server.RaftServerConfigKeys (ConfUtils.java:logGet(43)) - raft.server.watch.timeout = 10s (default)
2019-07-10 11:15:41,516 INFO  server.RaftServerConfigKeys (ConfUtils.java:logGet(43)) - raft.server.watch.timeout.denomination = 1s (default)
2019-07-10 11:15:41,516 INFO  server.RaftServerConfigKeys (ConfUtils.java:logGet(43)) - raft.server.watch.element-limit = 65536 (default)
2019-07-10 11:15:41,517 INFO  server.RaftServerConfigKeys (ConfUtils.java:logGet(43)) - raft.server.log.appender.snapshot.chunk.size.max = 16MB (=16777216) (default)
2019-07-10 11:15:41,517 INFO  server.RaftServerConfigKeys (ConfUtils.java:logGet(43)) - raft.server.log.appender.buffer.byte-limit = 33554432 (custom)
2019-07-10 11:15:41,517 INFO  server.RaftServerConfigKeys (ConfUtils.java:logGet(43)) - raft.server.log.appender.buffer.element-limit = 1 (custom)
2019-07-10 11:15:41,518 INFO  grpc.GrpcConfigKeys$Server (ConfUtils.java:logGet(43)) - raft.grpc.server.leader.outstanding.appends.max = 128 (default)
2019-07-10 11:15:41,518 INFO  server.RaftServerConfigKeys (ConfUtils.java:logGet(43)) - raft.server.rpc.request.timeout = 3000ms (default)
2019-07-10 11:15:41,518 INFO  server.RaftServerConfigKeys (ConfUtils.java:logGet(43)) - raft.server.log.appender.install.snapshot.enabled = false (custom)
2019-07-10 11:15:41,518 INFO  server.RaftServerConfigKeys (ConfUtils.java:logGet(43)) - raft.server.log.appender.snapshot.chunk.size.max = 16MB (=16777216) (default)
2019-07-10 11:15:41,519 INFO  server.RaftServerConfigKeys (ConfUtils.java:logGet(43)) - raft.server.log.appender.buffer.byte-limit = 33554432 (custom)
2019-07-10 11:15:41,519 INFO  server.RaftServerConfigKeys (ConfUtils.java:logGet(43)) - raft.server.log.appender.buffer.element-limit = 1 (custom)
2019-07-10 11:15:41,519 INFO  grpc.GrpcConfigKeys$Server (ConfUtils.java:logGet(43)) - raft.grpc.server.leader.outstanding.appends.max = 128 (default)
2019-07-10 11:15:41,519 INFO  server.RaftServerConfigKeys (ConfUtils.java:logGet(43)) - raft.server.rpc.request.timeout = 3000ms (default)
2019-07-10 11:15:41,519 INFO  server.RaftServerConfigKeys (ConfUtils.java:logGet(43)) - raft.server.log.appender.install.snapshot.enabled = false (custom)
2019-07-10 11:15:41,520 INFO  impl.RoleInfo (RoleInfo.java:updateAndGet(143)) - d71484f8-0c0a-41b2-bb2a-31aaf8221b97: start LeaderState
2019-07-10 11:15:41,520 INFO  segmented.SegmentedRaftLogWorker (SegmentedRaftLogWorker.java:startLogSegment(380)) - d71484f8-0c0a-41b2-bb2a-31aaf8221b97-SegmentedRaftLogWorker:Storage Directory /tmp/workdir/hadoop-ozone/tools/target/test-dir/MiniOzoneClusterImpl-e8ca5395-a52e-4347-a9f0-c3352ccfa52e/datanode-2/data/ratis/113e2fdc-013b-4962-9da6-b270b5412ba3: Starting segment from index:0
2019-07-10 11:15:41,521 INFO  impl.RaftServerImpl (ServerState.java:setRaftConf(361)) - d71484f8-0c0a-41b2-bb2a-31aaf8221b97:group-B270B5412BA3 set configuration 0: [ab757b3f-52e6-4029-9085-8ef832cdc13d:192.168.69.121:39467, 9b64db8a-0a43-4d88-93dd-97e5dfbc0b69:192.168.69.121:40929, d71484f8-0c0a-41b2-bb2a-31aaf8221b97:192.168.69.121:34017], old=null at 0
2019-07-10 11:15:41,542 INFO  impl.RaftServerImpl (ServerState.java:setLeader(263)) - ab757b3f-52e6-4029-9085-8ef832cdc13d:group-B270B5412BA3 change Leader from null to d71484f8-0c0a-41b2-bb2a-31aaf8221b97 at term 1 for appendEntries, leader elected after 1111ms
2019-07-10 11:15:41,544 INFO  impl.RaftServerImpl (ServerState.java:setLeader(263)) - 9b64db8a-0a43-4d88-93dd-97e5dfbc0b69:group-B270B5412BA3 change Leader from null to d71484f8-0c0a-41b2-bb2a-31aaf8221b97 at term 1 for appendEntries, leader elected after 1113ms
2019-07-10 11:15:41,549 INFO  impl.RaftServerImpl (ServerState.java:setRaftConf(361)) - 9b64db8a-0a43-4d88-93dd-97e5dfbc0b69:group-B270B5412BA3 set configuration 0: [ab757b3f-52e6-4029-9085-8ef832cdc13d:192.168.69.121:39467, 9b64db8a-0a43-4d88-93dd-97e5dfbc0b69:192.168.69.121:40929, d71484f8-0c0a-41b2-bb2a-31aaf8221b97:192.168.69.121:34017], old=null at 0
2019-07-10 11:15:41,549 INFO  impl.RaftServerImpl (ServerState.java:setRaftConf(361)) - ab757b3f-52e6-4029-9085-8ef832cdc13d:group-B270B5412BA3 set configuration 0: [ab757b3f-52e6-4029-9085-8ef832cdc13d:192.168.69.121:39467, 9b64db8a-0a43-4d88-93dd-97e5dfbc0b69:192.168.69.121:40929, d71484f8-0c0a-41b2-bb2a-31aaf8221b97:192.168.69.121:34017], old=null at 0
2019-07-10 11:15:41,549 INFO  segmented.SegmentedRaftLogWorker (SegmentedRaftLogWorker.java:startLogSegment(380)) - 9b64db8a-0a43-4d88-93dd-97e5dfbc0b69-SegmentedRaftLogWorker:Storage Directory /tmp/workdir/hadoop-ozone/tools/target/test-dir/MiniOzoneClusterImpl-e8ca5395-a52e-4347-a9f0-c3352ccfa52e/datanode-0/data/ratis/113e2fdc-013b-4962-9da6-b270b5412ba3: Starting segment from index:0
2019-07-10 11:15:41,550 INFO  segmented.SegmentedRaftLogWorker (SegmentedRaftLogWorker.java:startLogSegment(380)) - ab757b3f-52e6-4029-9085-8ef832cdc13d-SegmentedRaftLogWorker:Storage Directory /tmp/workdir/hadoop-ozone/tools/target/test-dir/MiniOzoneClusterImpl-e8ca5395-a52e-4347-a9f0-c3352ccfa52e/datanode-1/data/ratis/113e2fdc-013b-4962-9da6-b270b5412ba3: Starting segment from index:0
2019-07-10 11:15:41,553 INFO  segmented.SegmentedRaftLogWorker (SegmentedRaftLogWorker.java:execute(569)) - d71484f8-0c0a-41b2-bb2a-31aaf8221b97-SegmentedRaftLogWorker:Storage Directory /tmp/workdir/hadoop-ozone/tools/target/test-dir/MiniOzoneClusterImpl-e8ca5395-a52e-4347-a9f0-c3352ccfa52e/datanode-2/data/ratis/113e2fdc-013b-4962-9da6-b270b5412ba3: created new log segment /tmp/workdir/hadoop-ozone/tools/target/test-dir/MiniOzoneClusterImpl-e8ca5395-a52e-4347-a9f0-c3352ccfa52e/datanode-2/data/ratis/113e2fdc-013b-4962-9da6-b270b5412ba3/current/log_inprogress_0
2019-07-10 11:15:41,584 INFO  segmented.SegmentedRaftLogWorker (SegmentedRaftLogWorker.java:execute(569)) - 9b64db8a-0a43-4d88-93dd-97e5dfbc0b69-SegmentedRaftLogWorker:Storage Directory /tmp/workdir/hadoop-ozone/tools/target/test-dir/MiniOzoneClusterImpl-e8ca5395-a52e-4347-a9f0-c3352ccfa52e/datanode-0/data/ratis/113e2fdc-013b-4962-9da6-b270b5412ba3: created new log segment /tmp/workdir/hadoop-ozone/tools/target/test-dir/MiniOzoneClusterImpl-e8ca5395-a52e-4347-a9f0-c3352ccfa52e/datanode-0/data/ratis/113e2fdc-013b-4962-9da6-b270b5412ba3/current/log_inprogress_0
2019-07-10 11:15:41,584 INFO  segmented.SegmentedRaftLogWorker (SegmentedRaftLogWorker.java:execute(569)) - ab757b3f-52e6-4029-9085-8ef832cdc13d-SegmentedRaftLogWorker:Storage Directory /tmp/workdir/hadoop-ozone/tools/target/test-dir/MiniOzoneClusterImpl-e8ca5395-a52e-4347-a9f0-c3352ccfa52e/datanode-1/data/ratis/113e2fdc-013b-4962-9da6-b270b5412ba3: created new log segment /tmp/workdir/hadoop-ozone/tools/target/test-dir/MiniOzoneClusterImpl-e8ca5395-a52e-4347-a9f0-c3352ccfa52e/datanode-1/data/ratis/113e2fdc-013b-4962-9da6-b270b5412ba3/current/log_inprogress_0
2019-07-10 11:15:41,587 INFO  client.GrpcClientProtocolClient (GrpcClientProtocolClient.java:onNext(255)) - client-22C6DC302603->9b64db8a-0a43-4d88-93dd-97e5dfbc0b69: receive RaftClientReply:client-22C6DC302603->9b64db8a-0a43-4d88-93dd-97e5dfbc0b69@group-B270B5412BA3, cid=60, FAILED org.apache.ratis.protocol.NotLeaderException: Server 9b64db8a-0a43-4d88-93dd-97e5dfbc0b69 is not the leader (d71484f8-0c0a-41b2-bb2a-31aaf8221b97:192.168.69.121:34017). Request must be sent to leader., logIndex=0, commits[9b64db8a-0a43-4d88-93dd-97e5dfbc0b69:c-1, ab757b3f-52e6-4029-9085-8ef832cdc13d:c-1, d71484f8-0c0a-41b2-bb2a-31aaf8221b97:c-1]
2019-07-10 11:15:41,605 INFO  keyvalue.KeyValueHandler (ContainerUtils.java:logAndReturnError(146)) - Operation: CreateContainer : Trace ID: a6270d2b1b583a66:e36964178490d86:7db4437f6b86a91e:0 : Message: Container creation failed, due to disk out of space : Result: DISK_OUT_OF_SPACE
2019-07-10 11:15:41,614 INFO  keyvalue.KeyValueHandler (ContainerUtils.java:logAndReturnError(146)) - Operation: CreateContainer : Trace ID: a6270d2b1b583a66:e36964178490d86:7db4437f6b86a91e:0 : Message: Container creation failed, due to disk out of space : Result: DISK_OUT_OF_SPACE
2019-07-10 11:15:41,617 INFO  keyvalue.KeyValueHandler (ContainerUtils.java:logAndReturnError(146)) - Operation: CreateContainer : Trace ID: a6270d2b1b583a66:e36964178490d86:7db4437f6b86a91e:0 : Message: Container creation failed, due to disk out of space : Result: DISK_OUT_OF_SPACE
11:15:41.609 [pool-68-thread-21] ERROR DNAudit - user=null | ip=null | op=WRITE_CHUNK {blockData=conID: 4 locID: 102416865068908551 bcsId: 0} | ret=FAILURE
org.apache.hadoop.hdds.scm.container.common.helpers.StorageContainerException: ContainerID 4 creation failed
	at org.apache.hadoop.ozone.container.common.impl.HddsDispatcher.dispatchRequest(HddsDispatcher.java:227) ~[classes/:?]
	at org.apache.hadoop.ozone.container.common.impl.HddsDispatcher.dispatch(HddsDispatcher.java:148) ~[classes/:?]
	at org.apache.hadoop.ozone.container.common.transport.server.ratis.ContainerStateMachine.dispatchCommand(ContainerStateMachine.java:346) ~[classes/:?]
	at org.apache.hadoop.ozone.container.common.transport.server.ratis.ContainerStateMachine.runCommand(ContainerStateMachine.java:353) ~[classes/:?]
	at org.apache.hadoop.ozone.container.common.transport.server.ratis.ContainerStateMachine.lambda$handleWriteChunk$0(ContainerStateMachine.java:384) ~[classes/:?]
	at java.util.concurrent.CompletableFuture$AsyncSupply.run(CompletableFuture.java:1590) [?:1.8.0_212]
	at java.util.concurrent.ThreadPoolExecutor.runWorker(ThreadPoolExecutor.java:1149) [?:1.8.0_212]
	at java.util.concurrent.ThreadPoolExecutor$Worker.run(ThreadPoolExecutor.java:624) [?:1.8.0_212]
	at java.lang.Thread.run(Thread.java:748) [?:1.8.0_212]
11:15:41.618 [pool-47-thread-3] ERROR DNAudit - user=null | ip=null | op=WRITE_CHUNK {blockData=conID: 4 locID: 102416865068908551 bcsId: 0} | ret=FAILURE
org.apache.hadoop.hdds.scm.container.common.helpers.StorageContainerException: ContainerID 4 creation failed
	at org.apache.hadoop.ozone.container.common.impl.HddsDispatcher.dispatchRequest(HddsDispatcher.java:227) ~[classes/:?]
	at org.apache.hadoop.ozone.container.common.impl.HddsDispatcher.dispatch(HddsDispatcher.java:148) ~[classes/:?]
	at org.apache.hadoop.ozone.container.common.transport.server.ratis.ContainerStateMachine.dispatchCommand(ContainerStateMachine.java:346) ~[classes/:?]
	at org.apache.hadoop.ozone.container.common.transport.server.ratis.ContainerStateMachine.runCommand(ContainerStateMachine.java:353) ~[classes/:?]
	at org.apache.hadoop.ozone.container.common.transport.server.ratis.ContainerStateMachine.lambda$handleWriteChunk$0(ContainerStateMachine.java:384) ~[classes/:?]
	at java.util.concurrent.CompletableFuture$AsyncSupply.run(CompletableFuture.java:1590) [?:1.8.0_212]
	at java.util.concurrent.ThreadPoolExecutor.runWorker(ThreadPoolExecutor.java:1149) [?:1.8.0_212]
	at java.util.concurrent.ThreadPoolExecutor$Worker.run(ThreadPoolExecutor.java:624) [?:1.8.0_212]
	at java.lang.Thread.run(Thread.java:748) [?:1.8.0_212]
11:15:41.617 [pool-26-thread-21] ERROR DNAudit - user=null | ip=null | op=WRITE_CHUNK {blockData=conID: 4 locID: 102416865068908551 bcsId: 0} | ret=FAILURE
org.apache.hadoop.hdds.scm.container.common.helpers.StorageContainerException: ContainerID 4 creation failed
	at org.apache.hadoop.ozone.container.common.impl.HddsDispatcher.dispatchRequest(HddsDispatcher.java:227) ~[classes/:?]
	at org.apache.hadoop.ozone.container.common.impl.HddsDispatcher.dispatch(HddsDispatcher.java:148) ~[classes/:?]
	at org.apache.hadoop.ozone.container.common.transport.server.ratis.ContainerStateMachine.dispatchCommand(ContainerStateMachine.java:346) ~[classes/:?]
	at org.apache.hadoop.ozone.container.common.transport.server.ratis.ContainerStateMachine.runCommand(ContainerStateMachine.java:353) ~[classes/:?]
	at org.apache.hadoop.ozone.container.common.transport.server.ratis.ContainerStateMachine.lambda$handleWriteChunk$0(ContainerStateMachine.java:384) ~[classes/:?]
	at java.util.concurrent.CompletableFuture$AsyncSupply.run(CompletableFuture.java:1590) [?:1.8.0_212]
	at java.util.concurrent.ThreadPoolExecutor.runWorker(ThreadPoolExecutor.java:1149) [?:1.8.0_212]
	at java.util.concurrent.ThreadPoolExecutor$Worker.run(ThreadPoolExecutor.java:624) [?:1.8.0_212]
	at java.lang.Thread.run(Thread.java:748) [?:1.8.0_212]
2019-07-10 11:15:41,627 INFO  impl.HddsDispatcher (ContainerUtils.java:logAndReturnError(146)) - Operation: WriteChunk : Trace ID: a6270d2b1b583a66:e36964178490d86:7db4437f6b86a91e:0 : Message: ContainerID 4 creation failed : Result: DISK_OUT_OF_SPACE
2019-07-10 11:15:41,627 INFO  impl.HddsDispatcher (ContainerUtils.java:logAndReturnError(146)) - Operation: WriteChunk : Trace ID: a6270d2b1b583a66:e36964178490d86:7db4437f6b86a91e:0 : Message: ContainerID 4 creation failed : Result: DISK_OUT_OF_SPACE
2019-07-10 11:15:41,627 INFO  impl.HddsDispatcher (ContainerUtils.java:logAndReturnError(146)) - Operation: WriteChunk : Trace ID: a6270d2b1b583a66:e36964178490d86:7db4437f6b86a91e:0 : Message: ContainerID 4 creation failed : Result: DISK_OUT_OF_SPACE
11:15:41.642 [pool-73-thread-1] ERROR DNAudit - user=null | ip=null | op=WRITE_CHUNK {blockData=conID: 4 locID: 102416865068908551 bcsId: 0} | ret=FAILURE
org.apache.hadoop.hdds.scm.container.common.helpers.StorageContainerException: ContainerID 4 does not exist
	at org.apache.hadoop.ozone.container.common.impl.HddsDispatcher.dispatchRequest(HddsDispatcher.java:242) ~[classes/:?]
	at org.apache.hadoop.ozone.container.common.impl.HddsDispatcher.dispatch(HddsDispatcher.java:148) ~[classes/:?]
	at org.apache.hadoop.ozone.container.common.transport.server.ratis.ContainerStateMachine.dispatchCommand(ContainerStateMachine.java:346) ~[classes/:?]
	at org.apache.hadoop.ozone.container.common.transport.server.ratis.ContainerStateMachine.runCommand(ContainerStateMachine.java:353) ~[classes/:?]
	at org.apache.hadoop.ozone.container.common.transport.server.ratis.ContainerStateMachine.lambda$applyTransaction$5(ContainerStateMachine.java:620) ~[classes/:?]
	at java.util.concurrent.CompletableFuture$AsyncSupply.run(CompletableFuture.java:1590) [?:1.8.0_212]
	at java.util.concurrent.ThreadPoolExecutor.runWorker(ThreadPoolExecutor.java:1149) [?:1.8.0_212]
	at java.util.concurrent.ThreadPoolExecutor$Worker.run(ThreadPoolExecutor.java:624) [?:1.8.0_212]
	at java.lang.Thread.run(Thread.java:748) [?:1.8.0_212]
2019-07-10 11:15:41,643 INFO  impl.HddsDispatcher (ContainerUtils.java:logAndReturnError(146)) - Operation: WriteChunk : Trace ID: a6270d2b1b583a66:e36964178490d86:7db4437f6b86a91e:0 : Message: ContainerID 4 does not exist : Result: CONTAINER_NOT_FOUND
2019-07-10 11:15:41,647 INFO  client.GrpcClientProtocolClient (GrpcClientProtocolClient.java:onNext(255)) - client-22C6DC302603->d71484f8-0c0a-41b2-bb2a-31aaf8221b97: receive RaftClientReply:client-22C6DC302603->d71484f8-0c0a-41b2-bb2a-31aaf8221b97@group-B270B5412BA3, cid=60, SUCCESS, logIndex=1, commits[d71484f8-0c0a-41b2-bb2a-31aaf8221b97:c1, ab757b3f-52e6-4029-9085-8ef832cdc13d:c0, 9b64db8a-0a43-4d88-93dd-97e5dfbc0b69:c0]
11:15:41.655 [pool-31-thread-1] ERROR DNAudit - user=null | ip=null | op=WRITE_CHUNK {blockData=conID: 4 locID: 102416865068908551 bcsId: 0} | ret=FAILURE
org.apache.hadoop.hdds.scm.container.common.helpers.StorageContainerException: ContainerID 4 does not exist
	at org.apache.hadoop.ozone.container.common.impl.HddsDispatcher.dispatchRequest(HddsDispatcher.java:242) ~[classes/:?]
	at org.apache.hadoop.ozone.container.common.impl.HddsDispatcher.dispatch(HddsDispatcher.java:148) ~[classes/:?]
	at org.apache.hadoop.ozone.container.common.transport.server.ratis.ContainerStateMachine.dispatchCommand(ContainerStateMachine.java:346) ~[classes/:?]
	at org.apache.hadoop.ozone.container.common.transport.server.ratis.ContainerStateMachine.runCommand(ContainerStateMachine.java:353) ~[classes/:?]
	at org.apache.hadoop.ozone.container.common.transport.server.ratis.ContainerStateMachine.lambda$applyTransaction$5(ContainerStateMachine.java:620) ~[classes/:?]
	at java.util.concurrent.CompletableFuture$AsyncSupply.run(CompletableFuture.java:1590) [?:1.8.0_212]
	at java.util.concurrent.ThreadPoolExecutor.runWorker(ThreadPoolExecutor.java:1149) [?:1.8.0_212]
	at java.util.concurrent.ThreadPoolExecutor$Worker.run(ThreadPoolExecutor.java:624) [?:1.8.0_212]
	at java.lang.Thread.run(Thread.java:748) [?:1.8.0_212]
2019-07-10 11:15:41,652 ERROR storage.BlockOutputStream (BlockOutputStream.java:validateResponse(538)) - Unexpected Storage Container Exception: 
org.apache.hadoop.hdds.scm.container.common.helpers.StorageContainerException: ContainerID 4 does not exist
	at org.apache.hadoop.hdds.scm.storage.ContainerProtocolCalls.validateContainerResponse(ContainerProtocolCalls.java:536)
	at org.apache.hadoop.hdds.scm.storage.BlockOutputStream.validateResponse(BlockOutputStream.java:536)
	at org.apache.hadoop.hdds.scm.storage.BlockOutputStream.lambda$writeChunkToContainer$2(BlockOutputStream.java:614)
	at java.util.concurrent.CompletableFuture.uniApply(CompletableFuture.java:602)
	at java.util.concurrent.CompletableFuture$UniApply.tryFire(CompletableFuture.java:577)
	at java.util.concurrent.CompletableFuture$Completion.run(CompletableFuture.java:442)
	at java.util.concurrent.ThreadPoolExecutor.runWorker(ThreadPoolExecutor.java:1149)
	at java.util.concurrent.ThreadPoolExecutor$Worker.run(ThreadPoolExecutor.java:624)
	at java.lang.Thread.run(Thread.java:748)
2019-07-10 11:15:41,655 INFO  impl.HddsDispatcher (ContainerUtils.java:logAndReturnError(146)) - Operation: WriteChunk : Trace ID: a6270d2b1b583a66:e36964178490d86:7db4437f6b86a91e:0 : Message: ContainerID 4 does not exist : Result: CONTAINER_NOT_FOUND
11:15:41.655 [pool-52-thread-1] ERROR DNAudit - user=null | ip=null | op=WRITE_CHUNK {blockData=conID: 4 locID: 102416865068908551 bcsId: 0} | ret=FAILURE
org.apache.hadoop.hdds.scm.container.common.helpers.StorageContainerException: ContainerID 4 does not exist
	at org.apache.hadoop.ozone.container.common.impl.HddsDispatcher.dispatchRequest(HddsDispatcher.java:242) ~[classes/:?]
	at org.apache.hadoop.ozone.container.common.impl.HddsDispatcher.dispatch(HddsDispatcher.java:148) ~[classes/:?]
	at org.apache.hadoop.ozone.container.common.transport.server.ratis.ContainerStateMachine.dispatchCommand(ContainerStateMachine.java:346) ~[classes/:?]
	at org.apache.hadoop.ozone.container.common.transport.server.ratis.ContainerStateMachine.runCommand(ContainerStateMachine.java:353) ~[classes/:?]
	at org.apache.hadoop.ozone.container.common.transport.server.ratis.ContainerStateMachine.lambda$applyTransaction$5(ContainerStateMachine.java:620) ~[classes/:?]
	at java.util.concurrent.CompletableFuture$AsyncSupply.run(CompletableFuture.java:1590) [?:1.8.0_212]
	at java.util.concurrent.ThreadPoolExecutor.runWorker(ThreadPoolExecutor.java:1149) [?:1.8.0_212]
	at java.util.concurrent.ThreadPoolExecutor$Worker.run(ThreadPoolExecutor.java:624) [?:1.8.0_212]
	at java.lang.Thread.run(Thread.java:748) [?:1.8.0_212]
2019-07-10 11:15:41,656 INFO  impl.HddsDispatcher (ContainerUtils.java:logAndReturnError(146)) - Operation: WriteChunk : Trace ID: a6270d2b1b583a66:e36964178490d86:7db4437f6b86a91e:0 : Message: ContainerID 4 does not exist : Result: CONTAINER_NOT_FOUND
11:15:41.656 [pool-73-thread-1] ERROR DNAudit - user=null | ip=null | op=PUT_BLOCK {blockData=[blockId=conID: 4 locID: 102416865068908551 bcsId: 0,size=1048576]} | ret=FAILURE
org.apache.hadoop.hdds.scm.container.common.helpers.StorageContainerException: ContainerID 4 does not exist
	at org.apache.hadoop.ozone.container.common.impl.HddsDispatcher.dispatchRequest(HddsDispatcher.java:242) ~[classes/:?]
	at org.apache.hadoop.ozone.container.common.impl.HddsDispatcher.dispatch(HddsDispatcher.java:148) ~[classes/:?]
	at org.apache.hadoop.ozone.container.common.transport.server.ratis.ContainerStateMachine.dispatchCommand(ContainerStateMachine.java:346) ~[classes/:?]
	at org.apache.hadoop.ozone.container.common.transport.server.ratis.ContainerStateMachine.runCommand(ContainerStateMachine.java:353) ~[classes/:?]
	at org.apache.hadoop.ozone.container.common.transport.server.ratis.ContainerStateMachine.lambda$applyTransaction$5(ContainerStateMachine.java:620) ~[classes/:?]
	at java.util.concurrent.CompletableFuture$AsyncSupply.run(CompletableFuture.java:1590) [?:1.8.0_212]
	at java.util.concurrent.ThreadPoolExecutor.runWorker(ThreadPoolExecutor.java:1149) [?:1.8.0_212]
	at java.util.concurrent.ThreadPoolExecutor$Worker.run(ThreadPoolExecutor.java:624) [?:1.8.0_212]
	at java.lang.Thread.run(Thread.java:748) [?:1.8.0_212]
2019-07-10 11:15:41,658 INFO  impl.HddsDispatcher (ContainerUtils.java:logAndReturnError(146)) - Operation: PutBlock : Trace ID: a6270d2b1b583a66:54aab67fed255c75:7db4437f6b86a91e:0 : Message: ContainerID 4 does not exist : Result: CONTAINER_NOT_FOUND
2019-07-10 11:15:41,660 INFO  keyvalue.KeyValueHandler (ContainerUtils.java:logAndReturnError(146)) - Operation: CreateContainer : Trace ID: a6270d2b1b583a66:31fa30c556ba59f3:7db4437f6b86a91e:0 : Message: Container creation failed, due to disk out of space : Result: DISK_OUT_OF_SPACE
11:15:41.661 [pool-68-thread-24] ERROR DNAudit - user=null | ip=null | op=WRITE_CHUNK {blockData=conID: 4 locID: 102416865068908551 bcsId: 0} | ret=FAILURE
org.apache.hadoop.hdds.scm.container.common.helpers.StorageContainerException: ContainerID 4 creation failed
	at org.apache.hadoop.ozone.container.common.impl.HddsDispatcher.dispatchRequest(HddsDispatcher.java:227) ~[classes/:?]
	at org.apache.hadoop.ozone.container.common.impl.HddsDispatcher.dispatch(HddsDispatcher.java:148) ~[classes/:?]
	at org.apache.hadoop.ozone.container.common.transport.server.ratis.ContainerStateMachine.dispatchCommand(ContainerStateMachine.java:346) ~[classes/:?]
	at org.apache.hadoop.ozone.container.common.transport.server.ratis.ContainerStateMachine.runCommand(ContainerStateMachine.java:353) ~[classes/:?]
	at org.apache.hadoop.ozone.container.common.transport.server.ratis.ContainerStateMachine.lambda$handleWriteChunk$0(ContainerStateMachine.java:384) ~[classes/:?]
	at java.util.concurrent.CompletableFuture$AsyncSupply.run(CompletableFuture.java:1590) [?:1.8.0_212]
	at java.util.concurrent.ThreadPoolExecutor.runWorker(ThreadPoolExecutor.java:1149) [?:1.8.0_212]
	at java.util.concurrent.ThreadPoolExecutor$Worker.run(ThreadPoolExecutor.java:624) [?:1.8.0_212]
	at java.lang.Thread.run(Thread.java:748) [?:1.8.0_212]
2019-07-10 11:15:41,662 INFO  impl.HddsDispatcher (ContainerUtils.java:logAndReturnError(146)) - Operation: WriteChunk : Trace ID: a6270d2b1b583a66:31fa30c556ba59f3:7db4437f6b86a91e:0 : Message: ContainerID 4 creation failed : Result: DISK_OUT_OF_SPACE
2019-07-10 11:15:41,662 INFO  client.GrpcClientProtocolClient (GrpcClientProtocolClient.java:onNext(255)) - client-22C6DC302603->d71484f8-0c0a-41b2-bb2a-31aaf8221b97: receive RaftClientReply:client-22C6DC302603->d71484f8-0c0a-41b2-bb2a-31aaf8221b97@group-B270B5412BA3, cid=61, SUCCESS, logIndex=3, commits[d71484f8-0c0a-41b2-bb2a-31aaf8221b97:c3, ab757b3f-52e6-4029-9085-8ef832cdc13d:c1, 9b64db8a-0a43-4d88-93dd-97e5dfbc0b69:c1]
2019-07-10 11:15:41,666 INFO  keyvalue.KeyValueHandler (ContainerUtils.java:logAndReturnError(146)) - Operation: CreateContainer : Trace ID: a6270d2b1b583a66:31fa30c556ba59f3:7db4437f6b86a91e:0 : Message: Container creation failed, due to disk out of space : Result: DISK_OUT_OF_SPACE
2019-07-10 11:15:41,667 INFO  keyvalue.KeyValueHandler (ContainerUtils.java:logAndReturnError(146)) - Operation: CreateContainer : Trace ID: a6270d2b1b583a66:31fa30c556ba59f3:7db4437f6b86a91e:0 : Message: Container creation failed, due to disk out of space : Result: DISK_OUT_OF_SPACE
11:15:41.667 [pool-47-thread-2] ERROR DNAudit - user=null | ip=null | op=WRITE_CHUNK {blockData=conID: 4 locID: 102416865068908551 bcsId: 0} | ret=FAILURE
org.apache.hadoop.hdds.scm.container.common.helpers.StorageContainerException: ContainerID 4 creation failed
	at org.apache.hadoop.ozone.container.common.impl.HddsDispatcher.dispatchRequest(HddsDispatcher.java:227) ~[classes/:?]
	at org.apache.hadoop.ozone.container.common.impl.HddsDispatcher.dispatch(HddsDispatcher.java:148) ~[classes/:?]
	at org.apache.hadoop.ozone.container.common.transport.server.ratis.ContainerStateMachine.dispatchCommand(ContainerStateMachine.java:346) ~[classes/:?]
	at org.apache.hadoop.ozone.container.common.transport.server.ratis.ContainerStateMachine.runCommand(ContainerStateMachine.java:353) ~[classes/:?]
	at org.apache.hadoop.ozone.container.common.transport.server.ratis.ContainerStateMachine.lambda$handleWriteChunk$0(ContainerStateMachine.java:384) ~[classes/:?]
	at java.util.concurrent.CompletableFuture$AsyncSupply.run(CompletableFuture.java:1590) [?:1.8.0_212]
	at java.util.concurrent.ThreadPoolExecutor.runWorker(ThreadPoolExecutor.java:1149) [?:1.8.0_212]
	at java.util.concurrent.ThreadPoolExecutor$Worker.run(ThreadPoolExecutor.java:624) [?:1.8.0_212]
	at java.lang.Thread.run(Thread.java:748) [?:1.8.0_212]
2019-07-10 11:15:41,667 INFO  impl.HddsDispatcher (ContainerUtils.java:logAndReturnError(146)) - Operation: WriteChunk : Trace ID: a6270d2b1b583a66:31fa30c556ba59f3:7db4437f6b86a91e:0 : Message: ContainerID 4 creation failed : Result: DISK_OUT_OF_SPACE
11:15:41.667 [pool-26-thread-22] ERROR DNAudit - user=null | ip=null | op=WRITE_CHUNK {blockData=conID: 4 locID: 102416865068908551 bcsId: 0} | ret=FAILURE
org.apache.hadoop.hdds.scm.container.common.helpers.StorageContainerException: ContainerID 4 creation failed
	at org.apache.hadoop.ozone.container.common.impl.HddsDispatcher.dispatchRequest(HddsDispatcher.java:227) ~[classes/:?]
	at org.apache.hadoop.ozone.container.common.impl.HddsDispatcher.dispatch(HddsDispatcher.java:148) ~[classes/:?]
	at org.apache.hadoop.ozone.container.common.transport.server.ratis.ContainerStateMachine.dispatchCommand(ContainerStateMachine.java:346) ~[classes/:?]
	at org.apache.hadoop.ozone.container.common.transport.server.ratis.ContainerStateMachine.runCommand(ContainerStateMachine.java:353) ~[classes/:?]
	at org.apache.hadoop.ozone.container.common.transport.server.ratis.ContainerStateMachine.lambda$handleWriteChunk$0(ContainerStateMachine.java:384) ~[classes/:?]
	at java.util.concurrent.CompletableFuture$AsyncSupply.run(CompletableFuture.java:1590) [?:1.8.0_212]
	at java.util.concurrent.ThreadPoolExecutor.runWorker(ThreadPoolExecutor.java:1149) [?:1.8.0_212]
	at java.util.concurrent.ThreadPoolExecutor$Worker.run(ThreadPoolExecutor.java:624) [?:1.8.0_212]
	at java.lang.Thread.run(Thread.java:748) [?:1.8.0_212]
2019-07-10 11:15:41,667 INFO  impl.HddsDispatcher (ContainerUtils.java:logAndReturnError(146)) - Operation: WriteChunk : Trace ID: a6270d2b1b583a66:31fa30c556ba59f3:7db4437f6b86a91e:0 : Message: ContainerID 4 creation failed : Result: DISK_OUT_OF_SPACE
11:15:41.668 [pool-31-thread-1] ERROR DNAudit - user=null | ip=null | op=PUT_BLOCK {blockData=[blockId=conID: 4 locID: 102416865068908551 bcsId: 0,size=1048576]} | ret=FAILURE
org.apache.hadoop.hdds.scm.container.common.helpers.StorageContainerException: ContainerID 4 does not exist
	at org.apache.hadoop.ozone.container.common.impl.HddsDispatcher.dispatchRequest(HddsDispatcher.java:242) ~[classes/:?]
	at org.apache.hadoop.ozone.container.common.impl.HddsDispatcher.dispatch(HddsDispatcher.java:148) ~[classes/:?]
	at org.apache.hadoop.ozone.container.common.transport.server.ratis.ContainerStateMachine.dispatchCommand(ContainerStateMachine.java:346) ~[classes/:?]
	at org.apache.hadoop.ozone.container.common.transport.server.ratis.ContainerStateMachine.runCommand(ContainerStateMachine.java:353) ~[classes/:?]
	at org.apache.hadoop.ozone.container.common.transport.server.ratis.ContainerStateMachine.lambda$applyTransaction$5(ContainerStateMachine.java:620) ~[classes/:?]
	at java.util.concurrent.CompletableFuture$AsyncSupply.run(CompletableFuture.java:1590) [?:1.8.0_212]
	at java.util.concurrent.ThreadPoolExecutor.runWorker(ThreadPoolExecutor.java:1149) [?:1.8.0_212]
	at java.util.concurrent.ThreadPoolExecutor$Worker.run(ThreadPoolExecutor.java:624) [?:1.8.0_212]
	at java.lang.Thread.run(Thread.java:748) [?:1.8.0_212]
2019-07-10 11:15:41,669 INFO  impl.HddsDispatcher (ContainerUtils.java:logAndReturnError(146)) - Operation: PutBlock : Trace ID: a6270d2b1b583a66:54aab67fed255c75:7db4437f6b86a91e:0 : Message: ContainerID 4 does not exist : Result: CONTAINER_NOT_FOUND
11:15:41.669 [pool-52-thread-1] ERROR DNAudit - user=null | ip=null | op=PUT_BLOCK {blockData=[blockId=conID: 4 locID: 102416865068908551 bcsId: 0,size=1048576]} | ret=FAILURE
org.apache.hadoop.hdds.scm.container.common.helpers.StorageContainerException: ContainerID 4 does not exist
	at org.apache.hadoop.ozone.container.common.impl.HddsDispatcher.dispatchRequest(HddsDispatcher.java:242) ~[classes/:?]
	at org.apache.hadoop.ozone.container.common.impl.HddsDispatcher.dispatch(HddsDispatcher.java:148) ~[classes/:?]
	at org.apache.hadoop.ozone.container.common.transport.server.ratis.ContainerStateMachine.dispatchCommand(ContainerStateMachine.java:346) ~[classes/:?]
	at org.apache.hadoop.ozone.container.common.transport.server.ratis.ContainerStateMachine.runCommand(ContainerStateMachine.java:353) ~[classes/:?]
	at org.apache.hadoop.ozone.container.common.transport.server.ratis.ContainerStateMachine.lambda$applyTransaction$5(ContainerStateMachine.java:620) ~[classes/:?]
	at java.util.concurrent.CompletableFuture$AsyncSupply.run(CompletableFuture.java:1590) [?:1.8.0_212]
	at java.util.concurrent.ThreadPoolExecutor.runWorker(ThreadPoolExecutor.java:1149) [?:1.8.0_212]
	at java.util.concurrent.ThreadPoolExecutor$Worker.run(ThreadPoolExecutor.java:624) [?:1.8.0_212]
	at java.lang.Thread.run(Thread.java:748) [?:1.8.0_212]
2019-07-10 11:15:41,670 INFO  impl.HddsDispatcher (ContainerUtils.java:logAndReturnError(146)) - Operation: PutBlock : Trace ID: a6270d2b1b583a66:54aab67fed255c75:7db4437f6b86a91e:0 : Message: ContainerID 4 does not exist : Result: CONTAINER_NOT_FOUND
11:15:41.670 [pool-73-thread-1] ERROR DNAudit - user=null | ip=null | op=WRITE_CHUNK {blockData=conID: 4 locID: 102416865068908551 bcsId: 0} | ret=FAILURE
org.apache.hadoop.hdds.scm.container.common.helpers.StorageContainerException: ContainerID 4 does not exist
	at org.apache.hadoop.ozone.container.common.impl.HddsDispatcher.dispatchRequest(HddsDispatcher.java:242) ~[classes/:?]
	at org.apache.hadoop.ozone.container.common.impl.HddsDispatcher.dispatch(HddsDispatcher.java:148) ~[classes/:?]
	at org.apache.hadoop.ozone.container.common.transport.server.ratis.ContainerStateMachine.dispatchCommand(ContainerStateMachine.java:346) ~[classes/:?]
	at org.apache.hadoop.ozone.container.common.transport.server.ratis.ContainerStateMachine.runCommand(ContainerStateMachine.java:353) ~[classes/:?]
	at org.apache.hadoop.ozone.container.common.transport.server.ratis.ContainerStateMachine.lambda$applyTransaction$5(ContainerStateMachine.java:620) ~[classes/:?]
	at java.util.concurrent.CompletableFuture$AsyncSupply.run(CompletableFuture.java:1590) [?:1.8.0_212]
	at java.util.concurrent.ThreadPoolExecutor.runWorker(ThreadPoolExecutor.java:1149) [?:1.8.0_212]
	at java.util.concurrent.ThreadPoolExecutor$Worker.run(ThreadPoolExecutor.java:624) [?:1.8.0_212]
	at java.lang.Thread.run(Thread.java:748) [?:1.8.0_212]
2019-07-10 11:15:41,671 INFO  impl.HddsDispatcher (ContainerUtils.java:logAndReturnError(146)) - Operation: WriteChunk : Trace ID: a6270d2b1b583a66:31fa30c556ba59f3:7db4437f6b86a91e:0 : Message: ContainerID 4 does not exist : Result: CONTAINER_NOT_FOUND
11:15:41.671 [pool-73-thread-1] ERROR DNAudit - user=null | ip=null | op=PUT_BLOCK {blockData=[blockId=conID: 4 locID: 102416865068908551 bcsId: 0,size=2097152]} | ret=FAILURE
org.apache.hadoop.hdds.scm.container.common.helpers.StorageContainerException: ContainerID 4 does not exist
	at org.apache.hadoop.ozone.container.common.impl.HddsDispatcher.dispatchRequest(HddsDispatcher.java:242) ~[classes/:?]
	at org.apache.hadoop.ozone.container.common.impl.HddsDispatcher.dispatch(HddsDispatcher.java:148) ~[classes/:?]
	at org.apache.hadoop.ozone.container.common.transport.server.ratis.ContainerStateMachine.dispatchCommand(ContainerStateMachine.java:346) ~[classes/:?]
	at org.apache.hadoop.ozone.container.common.transport.server.ratis.ContainerStateMachine.runCommand(ContainerStateMachine.java:353) ~[classes/:?]
	at org.apache.hadoop.ozone.container.common.transport.server.ratis.ContainerStateMachine.lambda$applyTransaction$5(ContainerStateMachine.java:620) ~[classes/:?]
	at java.util.concurrent.CompletableFuture$AsyncSupply.run(CompletableFuture.java:1590) [?:1.8.0_212]
	at java.util.concurrent.ThreadPoolExecutor.runWorker(ThreadPoolExecutor.java:1149) [?:1.8.0_212]
	at java.util.concurrent.ThreadPoolExecutor$Worker.run(ThreadPoolExecutor.java:624) [?:1.8.0_212]
	at java.lang.Thread.run(Thread.java:748) [?:1.8.0_212]
2019-07-10 11:15:41,672 INFO  impl.HddsDispatcher (ContainerUtils.java:logAndReturnError(146)) - Operation: PutBlock : Trace ID: a6270d2b1b583a66:d1ef140a9defcd92:7db4437f6b86a91e:0 : Message: ContainerID 4 does not exist : Result: CONTAINER_NOT_FOUND
2019-07-10 11:15:41,672 INFO  client.GrpcClientProtocolClient (GrpcClientProtocolClient.java:onNext(255)) - client-22C6DC302603->d71484f8-0c0a-41b2-bb2a-31aaf8221b97: receive RaftClientReply:client-22C6DC302603->d71484f8-0c0a-41b2-bb2a-31aaf8221b97@group-B270B5412BA3, cid=62, SUCCESS, logIndex=5, commits[d71484f8-0c0a-41b2-bb2a-31aaf8221b97:c6, ab757b3f-52e6-4029-9085-8ef832cdc13d:c3, 9b64db8a-0a43-4d88-93dd-97e5dfbc0b69:c3]
2019-07-10 11:15:41,673 INFO  client.GrpcClientProtocolClient (GrpcClientProtocolClient.java:onNext(255)) - client-22C6DC302603->d71484f8-0c0a-41b2-bb2a-31aaf8221b97: receive RaftClientReply:client-22C6DC302603->d71484f8-0c0a-41b2-bb2a-31aaf8221b97@group-B270B5412BA3, cid=63, SUCCESS, logIndex=6, commits[d71484f8-0c0a-41b2-bb2a-31aaf8221b97:c6, ab757b3f-52e6-4029-9085-8ef832cdc13d:c3, 9b64db8a-0a43-4d88-93dd-97e5dfbc0b69:c3]
11:15:41.673 [pool-52-thread-1] ERROR DNAudit - user=null | ip=null | op=WRITE_CHUNK {blockData=conID: 4 locID: 102416865068908551 bcsId: 0} | ret=FAILURE
org.apache.hadoop.hdds.scm.container.common.helpers.StorageContainerException: ContainerID 4 does not exist
	at org.apache.hadoop.ozone.container.common.impl.HddsDispatcher.dispatchRequest(HddsDispatcher.java:242) ~[classes/:?]
	at org.apache.hadoop.ozone.container.common.impl.HddsDispatcher.dispatch(HddsDispatcher.java:148) ~[classes/:?]
	at org.apache.hadoop.ozone.container.common.transport.server.ratis.ContainerStateMachine.dispatchCommand(ContainerStateMachine.java:346) ~[classes/:?]
	at org.apache.hadoop.ozone.container.common.transport.server.ratis.ContainerStateMachine.runCommand(ContainerStateMachine.java:353) ~[classes/:?]
	at org.apache.hadoop.ozone.container.common.transport.server.ratis.ContainerStateMachine.lambda$applyTransaction$5(ContainerStateMachine.java:620) ~[classes/:?]
	at java.util.concurrent.CompletableFuture$AsyncSupply.run(CompletableFuture.java:1590) [?:1.8.0_212]
	at java.util.concurrent.ThreadPoolExecutor.runWorker(ThreadPoolExecutor.java:1149) [?:1.8.0_212]
	at java.util.concurrent.ThreadPoolExecutor$Worker.run(ThreadPoolExecutor.java:624) [?:1.8.0_212]
	at java.lang.Thread.run(Thread.java:748) [?:1.8.0_212]
11:15:41.673 [pool-31-thread-1] ERROR DNAudit - user=null | ip=null | op=WRITE_CHUNK {blockData=conID: 4 locID: 102416865068908551 bcsId: 0} | ret=FAILURE
org.apache.hadoop.hdds.scm.container.common.helpers.StorageContainerException: ContainerID 4 does not exist
	at org.apache.hadoop.ozone.container.common.impl.HddsDispatcher.dispatchRequest(HddsDispatcher.java:242) ~[classes/:?]
	at org.apache.hadoop.ozone.container.common.impl.HddsDispatcher.dispatch(HddsDispatcher.java:148) ~[classes/:?]
	at org.apache.hadoop.ozone.container.common.transport.server.ratis.ContainerStateMachine.dispatchCommand(ContainerStateMachine.java:346) ~[classes/:?]
	at org.apache.hadoop.ozone.container.common.transport.server.ratis.ContainerStateMachine.runCommand(ContainerStateMachine.java:353) ~[classes/:?]
	at org.apache.hadoop.ozone.container.common.transport.server.ratis.ContainerStateMachine.lambda$applyTransaction$5(ContainerStateMachine.java:620) ~[classes/:?]
	at java.util.concurrent.CompletableFuture$AsyncSupply.run(CompletableFuture.java:1590) [?:1.8.0_212]
	at java.util.concurrent.ThreadPoolExecutor.runWorker(ThreadPoolExecutor.java:1149) [?:1.8.0_212]
	at java.util.concurrent.ThreadPoolExecutor$Worker.run(ThreadPoolExecutor.java:624) [?:1.8.0_212]
	at java.lang.Thread.run(Thread.java:748) [?:1.8.0_212]
2019-07-10 11:15:41,675 INFO  impl.HddsDispatcher (ContainerUtils.java:logAndReturnError(146)) - Operation: WriteChunk : Trace ID: a6270d2b1b583a66:31fa30c556ba59f3:7db4437f6b86a91e:0 : Message: ContainerID 4 does not exist : Result: CONTAINER_NOT_FOUND
2019-07-10 11:15:41,677 ERROR freon.RandomKeyGenerator (RandomKeyGenerator.java:run(718)) - Exception while adding key: key-0-15323 in bucket: bucket-0-07944 of volume: vol-0-84065.
java.io.IOException: Unexpected Storage Container Exception: org.apache.hadoop.hdds.scm.container.common.helpers.StorageContainerException: ContainerID 4 does not exist
	at org.apache.hadoop.hdds.scm.storage.BlockOutputStream.setIoException(BlockOutputStream.java:548)
	at org.apache.hadoop.hdds.scm.storage.BlockOutputStream.validateResponse(BlockOutputStream.java:539)
	at org.apache.hadoop.hdds.scm.storage.BlockOutputStream.lambda$writeChunkToContainer$2(BlockOutputStream.java:614)
	at java.util.concurrent.CompletableFuture.uniApply(CompletableFuture.java:602)
	at java.util.concurrent.CompletableFuture$UniApply.tryFire(CompletableFuture.java:577)
	at java.util.concurrent.CompletableFuture$Completion.run(CompletableFuture.java:442)
	at java.util.concurrent.ThreadPoolExecutor.runWorker(ThreadPoolExecutor.java:1149)
	at java.util.concurrent.ThreadPoolExecutor$Worker.run(ThreadPoolExecutor.java:624)
	at java.lang.Thread.run(Thread.java:748)
Caused by: org.apache.hadoop.hdds.scm.container.common.helpers.StorageContainerException: ContainerID 4 does not exist
	at org.apache.hadoop.hdds.scm.storage.ContainerProtocolCalls.validateContainerResponse(ContainerProtocolCalls.java:536)
	at org.apache.hadoop.hdds.scm.storage.BlockOutputStream.validateResponse(BlockOutputStream.java:536)
	... 7 more
11:15:41.680 [pool-52-thread-1] ERROR DNAudit - user=null | ip=null | op=PUT_BLOCK {blockData=[blockId=conID: 4 locID: 102416865068908551 bcsId: 0,size=2097152]} | ret=FAILURE
org.apache.hadoop.hdds.scm.container.common.helpers.StorageContainerException: ContainerID 4 does not exist
	at org.apache.hadoop.ozone.container.common.impl.HddsDispatcher.dispatchRequest(HddsDispatcher.java:242) ~[classes/:?]
	at org.apache.hadoop.ozone.container.common.impl.HddsDispatcher.dispatch(HddsDispatcher.java:148) ~[classes/:?]
	at org.apache.hadoop.ozone.container.common.transport.server.ratis.ContainerStateMachine.dispatchCommand(ContainerStateMachine.java:346) ~[classes/:?]
	at org.apache.hadoop.ozone.container.common.transport.server.ratis.ContainerStateMachine.runCommand(ContainerStateMachine.java:353) ~[classes/:?]
	at org.apache.hadoop.ozone.container.common.transport.server.ratis.ContainerStateMachine.lambda$applyTransaction$5(ContainerStateMachine.java:620) ~[classes/:?]
	at java.util.concurrent.CompletableFuture$AsyncSupply.run(CompletableFuture.java:1590) [?:1.8.0_212]
	at java.util.concurrent.ThreadPoolExecutor.runWorker(ThreadPoolExecutor.java:1149) [?:1.8.0_212]
	at java.util.concurrent.ThreadPoolExecutor$Worker.run(ThreadPoolExecutor.java:624) [?:1.8.0_212]
	at java.lang.Thread.run(Thread.java:748) [?:1.8.0_212]
2019-07-10 11:15:41,678 INFO  impl.HddsDispatcher (ContainerUtils.java:logAndReturnError(146)) - Operation: WriteChunk : Trace ID: a6270d2b1b583a66:31fa30c556ba59f3:7db4437f6b86a91e:0 : Message: ContainerID 4 does not exist : Result: CONTAINER_NOT_FOUND
2019-07-10 11:15:41,680 INFO  impl.HddsDispatcher (ContainerUtils.java:logAndReturnError(146)) - Operation: PutBlock : Trace ID: a6270d2b1b583a66:d1ef140a9defcd92:7db4437f6b86a91e:0 : Message: ContainerID 4 does not exist : Result: CONTAINER_NOT_FOUND
11:15:41.681 [pool-31-thread-1] ERROR DNAudit - user=null | ip=null | op=PUT_BLOCK {blockData=[blockId=conID: 4 locID: 102416865068908551 bcsId: 0,size=2097152]} | ret=FAILURE
org.apache.hadoop.hdds.scm.container.common.helpers.StorageContainerException: ContainerID 4 does not exist
	at org.apache.hadoop.ozone.container.common.impl.HddsDispatcher.dispatchRequest(HddsDispatcher.java:242) ~[classes/:?]
	at org.apache.hadoop.ozone.container.common.impl.HddsDispatcher.dispatch(HddsDispatcher.java:148) ~[classes/:?]
	at org.apache.hadoop.ozone.container.common.transport.server.ratis.ContainerStateMachine.dispatchCommand(ContainerStateMachine.java:346) ~[classes/:?]
	at org.apache.hadoop.ozone.container.common.transport.server.ratis.ContainerStateMachine.runCommand(ContainerStateMachine.java:353) ~[classes/:?]
	at org.apache.hadoop.ozone.container.common.transport.server.ratis.ContainerStateMachine.lambda$applyTransaction$5(ContainerStateMachine.java:620) ~[classes/:?]
	at java.util.concurrent.CompletableFuture$AsyncSupply.run(CompletableFuture.java:1590) [?:1.8.0_212]
	at java.util.concurrent.ThreadPoolExecutor.runWorker(ThreadPoolExecutor.java:1149) [?:1.8.0_212]
	at java.util.concurrent.ThreadPoolExecutor$Worker.run(ThreadPoolExecutor.java:624) [?:1.8.0_212]
	at java.lang.Thread.run(Thread.java:748) [?:1.8.0_212]
2019-07-10 11:15:41,682 INFO  impl.HddsDispatcher (ContainerUtils.java:logAndReturnError(146)) - Operation: PutBlock : Trace ID: a6270d2b1b583a66:d1ef140a9defcd92:7db4437f6b86a91e:0 : Message: ContainerID 4 does not exist : Result: CONTAINER_NOT_FOUND
 0.00% |█                                                                                                    |  0/1 Time: 0:00:02 0.00% |█                                                                                                    |  0/1 Time: 0:00:03 0.00% |█                                                                                                    |  0/1 Time: 0:00:04 100.00% |█████████████████████████████████████████████████████████████████████████████████████████████████████|  1/1 Time: 0:00:05
]]></system-out>
    <system-err><![CDATA[ERROR StatusLogger No Log4j 2 configuration file found. Using default configuration (logging only errors to the console), or user programmatically provided configurations. Set system property 'log4j2.debug' to show Log4j 2 internal initialization logging. See https://logging.apache.org/log4j/2.x/manual/configuration.html for instructions on how to configure Log4j 2
Jul 10, 2019 11:15:25 AM com.sun.jersey.server.impl.application.WebApplicationImpl _initiate
INFO: Initiating Jersey application, version 'Jersey: 1.19 02/11/2015 03:25 AM'
Jul 10, 2019 11:15:25 AM com.sun.jersey.server.impl.application.WebApplicationImpl _initiate
INFO: Initiating Jersey application, version 'Jersey: 1.19 02/11/2015 03:25 AM'
Jul 10, 2019 11:15:26 AM com.sun.jersey.server.impl.application.WebApplicationImpl _initiate
INFO: Initiating Jersey application, version 'Jersey: 1.19 02/11/2015 03:25 AM'
]]></system-err>
  </testcase>
</testsuite>