<?xml version="1.0" encoding="UTF-8"?>
<testsuite xmlns:xsi="http://www.w3.org/2001/XMLSchema-instance" xsi:noNamespaceSchemaLocation="https://maven.apache.org/surefire/maven-surefire-plugin/xsd/surefire-test-report.xsd" name="org.apache.hadoop.hdds.scm.pipeline.TestRatisPipelineCreateAndDestory" time="72.198" tests="2" errors="1" skipped="0" failures="0">
  <properties>
    <property name="awt.toolkit" value="sun.awt.X11.XToolkit"/>
    <property name="file.encoding.pkg" value="sun.io"/>
    <property name="java.specification.version" value="1.8"/>
    <property name="sun.cpu.isalist" value=""/>
    <property name="sun.jnu.encoding" value="UTF-8"/>
    <property name="java.class.path" value="/workdir/hadoop-ozone/integration-test/target/test-classes:/workdir/hadoop-ozone/integration-test/target/classes:/home/user/.m2/repository/org/apache/hadoop/hadoop-ozone-common/0.5.0-SNAPSHOT/hadoop-ozone-common-0.5.0-SNAPSHOT.jar:/home/user/.m2/repository/org/apache/commons/commons-compress/1.4.1/commons-compress-1.4.1.jar:/home/user/.m2/repository/org/tukaani/xz/1.0/xz-1.0.jar:/home/user/.m2/repository/org/apache/hadoop/hadoop-common/3.2.0/hadoop-common-3.2.0.jar:/home/user/.m2/repository/org/apache/hadoop/hadoop-hdfs/3.2.0/hadoop-hdfs-3.2.0.jar:/home/user/.m2/repository/org/apache/hadoop/hadoop-hdfs-client/3.2.0/hadoop-hdfs-client-3.2.0.jar:/home/user/.m2/repository/com/fasterxml/jackson/core/jackson-annotations/2.9.5/jackson-annotations-2.9.5.jar:/home/user/.m2/repository/org/apache/hadoop/hadoop-hdds-common/0.5.0-SNAPSHOT/hadoop-hdds-common-0.5.0-SNAPSHOT.jar:/home/user/.m2/repository/javax/annotation/javax.annotation-api/1.2/javax.annotation-api-1.2.jar:/home/user/.m2/repository/org/apache/ratis/ratis-server/0.4.0-2337318-SNAPSHOT/ratis-server-0.4.0-2337318-SNAPSHOT.jar:/home/user/.m2/repository/org/apache/ratis/ratis-thirdparty-misc/0.2.0/ratis-thirdparty-misc-0.2.0.jar:/home/user/.m2/repository/org/apache/ratis/ratis-proto/0.4.0-2337318-SNAPSHOT/ratis-proto-0.4.0-2337318-SNAPSHOT.jar:/home/user/.m2/repository/org/apache/ratis/ratis-common/0.4.0-2337318-SNAPSHOT/ratis-common-0.4.0-2337318-SNAPSHOT.jar:/home/user/.m2/repository/org/apache/ratis/ratis-client/0.4.0-2337318-SNAPSHOT/ratis-client-0.4.0-2337318-SNAPSHOT.jar:/home/user/.m2/repository/org/apache/ratis/ratis-metrics/0.4.0-2337318-SNAPSHOT/ratis-metrics-0.4.0-2337318-SNAPSHOT.jar:/home/user/.m2/repository/org/apache/ratis/ratis-netty/0.4.0-2337318-SNAPSHOT/ratis-netty-0.4.0-2337318-SNAPSHOT.jar:/home/user/.m2/repository/org/apache/ratis/ratis-grpc/0.4.0-2337318-SNAPSHOT/ratis-grpc-0.4.0-2337318-SNAPSHOT.jar:/home/user/.m2/repository/org/rocksdb/rocksdbjni/6.0.1/rocksdbjni-6.0.1.jar:/home/user/.m2/repository/org/apache/logging/log4j/log4j-api/2.11.0/log4j-api-2.11.0.jar:/home/user/.m2/repository/org/apache/logging/log4j/log4j-core/2.11.0/log4j-core-2.11.0.jar:/home/user/.m2/repository/com/lmax/disruptor/3.4.2/disruptor-3.4.2.jar:/home/user/.m2/repository/org/apache/commons/commons-pool2/2.6.0/commons-pool2-2.6.0.jar:/home/user/.m2/repository/org/bouncycastle/bcpkix-jdk15on/1.60/bcpkix-jdk15on-1.60.jar:/home/user/.m2/repository/commons-validator/commons-validator/1.6/commons-validator-1.6.jar:/home/user/.m2/repository/commons-digester/commons-digester/1.8.1/commons-digester-1.8.1.jar:/home/user/.m2/repository/io/jaegertracing/jaeger-client/0.33.1/jaeger-client-0.33.1.jar:/home/user/.m2/repository/io/jaegertracing/jaeger-thrift/0.33.1/jaeger-thrift-0.33.1.jar:/home/user/.m2/repository/org/apache/thrift/libthrift/0.11.0/libthrift-0.11.0.jar:/home/user/.m2/repository/com/squareup/okhttp3/okhttp/3.9.0/okhttp-3.9.0.jar:/home/user/.m2/repository/com/squareup/okio/okio/1.13.0/okio-1.13.0.jar:/home/user/.m2/repository/io/jaegertracing/jaeger-core/0.33.1/jaeger-core-0.33.1.jar:/home/user/.m2/repository/io/jaegertracing/jaeger-tracerresolver/0.33.1/jaeger-tracerresolver-0.33.1.jar:/home/user/.m2/repository/io/opentracing/contrib/opentracing-tracerresolver/0.1.5/opentracing-tracerresolver-0.1.5.jar:/home/user/.m2/repository/io/opentracing/opentracing-util/0.31.0/opentracing-util-0.31.0.jar:/home/user/.m2/repository/io/opentracing/opentracing-api/0.31.0/opentracing-api-0.31.0.jar:/home/user/.m2/repository/io/opentracing/opentracing-noop/0.31.0/opentracing-noop-0.31.0.jar:/home/user/.m2/repository/org/apache/hadoop/hadoop-hdds-server-framework/0.5.0-SNAPSHOT/hadoop-hdds-server-framework-0.5.0-SNAPSHOT.jar:/home/user/.m2/repository/org/apache/hadoop/hadoop-hdds-container-service/0.5.0-SNAPSHOT/hadoop-hdds-container-service-0.5.0-SNAPSHOT.jar:/home/user/.m2/repository/org/apache/hadoop/hadoop-hdds-client/0.5.0-SNAPSHOT/hadoop-hdds-client-0.5.0-SNAPSHOT.jar:/home/user/.m2/repository/org/apache/hadoop/hadoop-hdds-tools/0.5.0-SNAPSHOT/hadoop-hdds-tools-0.5.0-SNAPSHOT.jar:/home/user/.m2/repository/org/apache/hadoop/hadoop-hdds-server-scm/0.5.0-SNAPSHOT/hadoop-hdds-server-scm-0.5.0-SNAPSHOT.jar:/home/user/.m2/repository/org/apache/hadoop/hadoop-hdds-docs/0.5.0-SNAPSHOT/hadoop-hdds-docs-0.5.0-SNAPSHOT.jar:/home/user/.m2/repository/io/dropwizard/metrics/metrics-core/3.2.4/metrics-core-3.2.4.jar:/home/user/.m2/repository/org/hamcrest/hamcrest-all/1.3/hamcrest-all-1.3.jar:/home/user/.m2/repository/org/bouncycastle/bcprov-jdk15on/1.60/bcprov-jdk15on-1.60.jar:/home/user/.m2/repository/info/picocli/picocli/3.9.6/picocli-3.9.6.jar:/home/user/.m2/repository/com/google/protobuf/protobuf-java/2.5.0/protobuf-java-2.5.0.jar:/home/user/.m2/repository/com/google/guava/guava/11.0.2/guava-11.0.2.jar:/home/user/.m2/repository/org/apache/hadoop/hadoop-ozone-ozone-manager/0.5.0-SNAPSHOT/hadoop-ozone-ozone-manager-0.5.0-SNAPSHOT.jar:/home/user/.m2/repository/org/apache/hadoop/hadoop-minikdc/3.2.0/hadoop-minikdc-3.2.0.jar:/home/user/.m2/repository/commons-io/commons-io/2.5/commons-io-2.5.jar:/home/user/.m2/repository/org/apache/kerby/kerb-simplekdc/1.0.1/kerb-simplekdc-1.0.1.jar:/home/user/.m2/repository/org/apache/kerby/kerb-client/1.0.1/kerb-client-1.0.1.jar:/home/user/.m2/repository/org/apache/kerby/kerby-config/1.0.1/kerby-config-1.0.1.jar:/home/user/.m2/repository/org/apache/kerby/kerb-core/1.0.1/kerb-core-1.0.1.jar:/home/user/.m2/repository/org/apache/kerby/kerby-pkix/1.0.1/kerby-pkix-1.0.1.jar:/home/user/.m2/repository/org/apache/kerby/kerby-asn1/1.0.1/kerby-asn1-1.0.1.jar:/home/user/.m2/repository/org/apache/kerby/kerby-util/1.0.1/kerby-util-1.0.1.jar:/home/user/.m2/repository/org/apache/kerby/kerb-common/1.0.1/kerb-common-1.0.1.jar:/home/user/.m2/repository/org/apache/kerby/kerb-crypto/1.0.1/kerb-crypto-1.0.1.jar:/home/user/.m2/repository/org/apache/kerby/kerb-util/1.0.1/kerb-util-1.0.1.jar:/home/user/.m2/repository/org/apache/kerby/token-provider/1.0.1/token-provider-1.0.1.jar:/home/user/.m2/repository/org/apache/kerby/kerb-admin/1.0.1/kerb-admin-1.0.1.jar:/home/user/.m2/repository/org/apache/kerby/kerb-server/1.0.1/kerb-server-1.0.1.jar:/home/user/.m2/repository/org/apache/kerby/kerb-identity/1.0.1/kerb-identity-1.0.1.jar:/home/user/.m2/repository/org/apache/kerby/kerby-xdr/1.0.1/kerby-xdr-1.0.1.jar:/home/user/.m2/repository/org/slf4j/slf4j-log4j12/1.7.25/slf4j-log4j12-1.7.25.jar:/home/user/.m2/repository/org/apache/hadoop/hadoop-ozone-objectstore-service/0.5.0-SNAPSHOT/hadoop-ozone-objectstore-service-0.5.0-SNAPSHOT.jar:/home/user/.m2/repository/org/apache/hadoop/hadoop-ozone-s3gateway/0.5.0-SNAPSHOT/hadoop-ozone-s3gateway-0.5.0-SNAPSHOT.jar:/home/user/.m2/repository/org/jboss/weld/servlet/weld-servlet/2.4.7.Final/weld-servlet-2.4.7.Final.jar:/home/user/.m2/repository/org/glassfish/jersey/containers/jersey-container-servlet-core/2.27/jersey-container-servlet-core-2.27.jar:/home/user/.m2/repository/org/glassfish/hk2/external/javax.inject/2.5.0-b42/javax.inject-2.5.0-b42.jar:/home/user/.m2/repository/org/glassfish/jersey/core/jersey-common/2.27/jersey-common-2.27.jar:/home/user/.m2/repository/org/glassfish/hk2/osgi-resource-locator/1.0.1/osgi-resource-locator-1.0.1.jar:/home/user/.m2/repository/javax/ws/rs/javax.ws.rs-api/2.1/javax.ws.rs-api-2.1.jar:/home/user/.m2/repository/org/glassfish/jersey/ext/cdi/jersey-cdi1x/2.27/jersey-cdi1x-2.27.jar:/home/user/.m2/repository/org/glassfish/jersey/inject/jersey-hk2/2.27/jersey-hk2-2.27.jar:/home/user/.m2/repository/org/glassfish/hk2/hk2-locator/2.5.0-b42/hk2-locator-2.5.0-b42.jar:/home/user/.m2/repository/org/javassist/javassist/3.22.0-CR2/javassist-3.22.0-CR2.jar:/home/user/.m2/repository/org/glassfish/hk2/hk2-api/2.5.0/hk2-api-2.5.0.jar:/home/user/.m2/repository/org/glassfish/hk2/external/jakarta.inject/2.5.0/jakarta.inject-2.5.0.jar:/home/user/.m2/repository/org/glassfish/hk2/hk2-utils/2.5.0/hk2-utils-2.5.0.jar:/home/user/.m2/repository/jakarta/annotation/jakarta.annotation-api/1.3.4/jakarta.annotation-api-1.3.4.jar:/home/user/.m2/repository/org/glassfish/hk2/external/aopalliance-repackaged/2.5.0/aopalliance-repackaged-2.5.0.jar:/home/user/.m2/repository/com/fasterxml/jackson/dataformat/jackson-dataformat-xml/2.9.0/jackson-dataformat-xml-2.9.0.jar:/home/user/.m2/repository/com/fasterxml/jackson/core/jackson-core/2.9.5/jackson-core-2.9.5.jar:/home/user/.m2/repository/com/fasterxml/jackson/module/jackson-module-jaxb-annotations/2.9.5/jackson-module-jaxb-annotations-2.9.5.jar:/home/user/.m2/repository/javax/enterprise/cdi-api/1.2/cdi-api-1.2.jar:/home/user/.m2/repository/javax/el/javax.el-api/3.0.0/javax.el-api-3.0.0.jar:/home/user/.m2/repository/javax/interceptor/javax.interceptor-api/1.2/javax.interceptor-api-1.2.jar:/home/user/.m2/repository/javax/inject/javax.inject/1/javax.inject-1.jar:/home/user/.m2/repository/com/sun/xml/bind/jaxb-impl/2.3.0.1/jaxb-impl-2.3.0.1.jar:/home/user/.m2/repository/com/sun/xml/bind/jaxb-core/2.3.0.1/jaxb-core-2.3.0.1.jar:/home/user/.m2/repository/javax/xml/bind/jaxb-api/2.3.0/jaxb-api-2.3.0.jar:/home/user/.m2/repository/javax/activation/activation/1.1.1/activation-1.1.1.jar:/home/user/.m2/repository/org/apache/hadoop/hadoop-ozone-csi/0.5.0-SNAPSHOT/hadoop-ozone-csi-0.5.0-SNAPSHOT.jar:/home/user/.m2/repository/com/google/protobuf/protobuf-java-util/3.5.1/protobuf-java-util-3.5.1.jar:/home/user/.m2/repository/org/apache/hadoop/hadoop-hdds-config/0.5.0-SNAPSHOT/hadoop-hdds-config-0.5.0-SNAPSHOT.jar:/home/user/.m2/repository/io/grpc/grpc-netty/1.17.1/grpc-netty-1.17.1.jar:/home/user/.m2/repository/io/grpc/grpc-core/1.17.1/grpc-core-1.17.1.jar:/home/user/.m2/repository/io/grpc/grpc-context/1.17.1/grpc-context-1.17.1.jar:/home/user/.m2/repository/com/google/errorprone/error_prone_annotations/2.2.0/error_prone_annotations-2.2.0.jar:/home/user/.m2/repository/org/codehaus/mojo/animal-sniffer-annotations/1.17/animal-sniffer-annotations-1.17.jar:/home/user/.m2/repository/io/opencensus/opencensus-api/0.17.0/opencensus-api-0.17.0.jar:/home/user/.m2/repository/io/opencensus/opencensus-contrib-grpc-metrics/0.17.0/opencensus-contrib-grpc-metrics-0.17.0.jar:/home/user/.m2/repository/io/netty/netty-codec-http2/4.1.30.Final/netty-codec-http2-4.1.30.Final.jar:/home/user/.m2/repository/io/netty/netty-codec-http/4.1.30.Final/netty-codec-http-4.1.30.Final.jar:/home/user/.m2/repository/io/netty/netty-codec/4.1.30.Final/netty-codec-4.1.30.Final.jar:/home/user/.m2/repository/io/netty/netty-handler/4.1.30.Final/netty-handler-4.1.30.Final.jar:/home/user/.m2/repository/io/netty/netty-handler-proxy/4.1.30.Final/netty-handler-proxy-4.1.30.Final.jar:/home/user/.m2/repository/io/netty/netty-codec-socks/4.1.30.Final/netty-codec-socks-4.1.30.Final.jar:/home/user/.m2/repository/io/netty/netty-transport-native-epoll/4.1.30.Final/netty-transport-native-epoll-4.1.30.Final.jar:/home/user/.m2/repository/io/netty/netty-common/4.1.30.Final/netty-common-4.1.30.Final.jar:/home/user/.m2/repository/io/netty/netty-buffer/4.1.30.Final/netty-buffer-4.1.30.Final.jar:/home/user/.m2/repository/io/netty/netty-transport/4.1.30.Final/netty-transport-4.1.30.Final.jar:/home/user/.m2/repository/io/netty/netty-resolver/4.1.30.Final/netty-resolver-4.1.30.Final.jar:/home/user/.m2/repository/io/netty/netty-transport-native-unix-common/4.1.30.Final/netty-transport-native-unix-common-4.1.30.Final.jar:/home/user/.m2/repository/io/grpc/grpc-protobuf/1.17.1/grpc-protobuf-1.17.1.jar:/home/user/.m2/repository/com/google/api/grpc/proto-google-common-protos/1.0.0/proto-google-common-protos-1.0.0.jar:/home/user/.m2/repository/io/grpc/grpc-protobuf-lite/1.17.1/grpc-protobuf-lite-1.17.1.jar:/home/user/.m2/repository/io/grpc/grpc-stub/1.17.1/grpc-stub-1.17.1.jar:/home/user/.m2/repository/org/apache/hadoop/hadoop-ozone-recon/0.5.0-SNAPSHOT/hadoop-ozone-recon-0.5.0-SNAPSHOT.jar:/home/user/.m2/repository/org/apache/hadoop/hadoop-ozone-reconcodegen/0.5.0-SNAPSHOT/hadoop-ozone-reconcodegen-0.5.0-SNAPSHOT.jar:/home/user/.m2/repository/com/google/inject/extensions/guice-multibindings/4.0/guice-multibindings-4.0.jar:/home/user/.m2/repository/com/google/inject/guice/4.0/guice-4.0.jar:/home/user/.m2/repository/aopalliance/aopalliance/1.0/aopalliance-1.0.jar:/home/user/.m2/repository/com/google/inject/extensions/guice-servlet/4.0/guice-servlet-4.0.jar:/home/user/.m2/repository/org/glassfish/jersey/containers/jersey-container-servlet/2.27/jersey-container-servlet-2.27.jar:/home/user/.m2/repository/org/glassfish/hk2/guice-bridge/2.5.0/guice-bridge-2.5.0.jar:/home/user/.m2/repository/org/glassfish/jersey/core/jersey-server/2.27/jersey-server-2.27.jar:/home/user/.m2/repository/org/glassfish/jersey/core/jersey-client/2.27/jersey-client-2.27.jar:/home/user/.m2/repository/org/glassfish/jersey/media/jersey-media-jaxb/2.27/jersey-media-jaxb-2.27.jar:/home/user/.m2/repository/javax/validation/validation-api/1.1.0.Final/validation-api-1.1.0.Final.jar:/home/user/.m2/repository/org/glassfish/jersey/media/jersey-media-json-jackson/2.27/jersey-media-json-jackson-2.27.jar:/home/user/.m2/repository/org/glassfish/jersey/ext/jersey-entity-filtering/2.27/jersey-entity-filtering-2.27.jar:/home/user/.m2/repository/com/google/inject/extensions/guice-assistedinject/4.0/guice-assistedinject-4.0.jar:/home/user/.m2/repository/org/jooq/jooq/3.11.10/jooq-3.11.10.jar:/home/user/.m2/repository/org/jooq/jooq-meta/3.11.10/jooq-meta-3.11.10.jar:/home/user/.m2/repository/org/jooq/jooq-codegen/3.11.10/jooq-codegen-3.11.10.jar:/home/user/.m2/repository/com/jolbox/bonecp/0.8.0.RELEASE/bonecp-0.8.0.RELEASE.jar:/home/user/.m2/repository/org/xerial/sqlite-jdbc/3.25.2/sqlite-jdbc-3.25.2.jar:/home/user/.m2/repository/org/springframework/spring-jdbc/5.1.3.RELEASE/spring-jdbc-5.1.3.RELEASE.jar:/home/user/.m2/repository/org/springframework/spring-beans/5.1.3.RELEASE/spring-beans-5.1.3.RELEASE.jar:/home/user/.m2/repository/org/springframework/spring-core/5.1.3.RELEASE/spring-core-5.1.3.RELEASE.jar:/home/user/.m2/repository/org/springframework/spring-jcl/5.1.3.RELEASE/spring-jcl-5.1.3.RELEASE.jar:/home/user/.m2/repository/org/springframework/spring-tx/5.1.3.RELEASE/spring-tx-5.1.3.RELEASE.jar:/home/user/.m2/repository/org/apache/hadoop/hadoop-ozone-client/0.5.0-SNAPSHOT/hadoop-ozone-client-0.5.0-SNAPSHOT.jar:/home/user/.m2/repository/commons-lang/commons-lang/2.6/commons-lang-2.6.jar:/home/user/.m2/repository/org/apache/hadoop/hadoop-ozone-ozone-manager/0.5.0-SNAPSHOT/hadoop-ozone-ozone-manager-0.5.0-SNAPSHOT-tests.jar:/home/user/.m2/repository/junit/junit/4.11/junit-4.11.jar:/home/user/.m2/repository/org/hamcrest/hamcrest-core/1.3/hamcrest-core-1.3.jar:/home/user/.m2/repository/org/openjdk/jmh/jmh-core/1.19/jmh-core-1.19.jar:/home/user/.m2/repository/net/sf/jopt-simple/jopt-simple/4.6/jopt-simple-4.6.jar:/home/user/.m2/repository/org/apache/commons/commons-math3/3.1.1/commons-math3-3.1.1.jar:/home/user/.m2/repository/org/openjdk/jmh/jmh-generator-annprocess/1.19/jmh-generator-annprocess-1.19.jar:/home/user/.m2/repository/org/mockito/mockito-all/1.8.5/mockito-all-1.8.5.jar:/home/user/.m2/repository/org/apache/hadoop/hadoop-kms/3.2.0/hadoop-kms-3.2.0.jar:/home/user/.m2/repository/org/apache/hadoop/hadoop-auth/3.2.0/hadoop-auth-3.2.0.jar:/home/user/.m2/repository/com/nimbusds/nimbus-jose-jwt/4.41.1/nimbus-jose-jwt-4.41.1.jar:/home/user/.m2/repository/com/github/stephenc/jcip/jcip-annotations/1.0-1/jcip-annotations-1.0-1.jar:/home/user/.m2/repository/net/minidev/json-smart/2.3/json-smart-2.3.jar:/home/user/.m2/repository/net/minidev/accessors-smart/1.2/accessors-smart-1.2.jar:/home/user/.m2/repository/org/ow2/asm/asm/5.0.4/asm-5.0.4.jar:/home/user/.m2/repository/org/apache/curator/curator-framework/2.12.0/curator-framework-2.12.0.jar:/home/user/.m2/repository/com/sun/jersey/jersey-core/1.19/jersey-core-1.19.jar:/home/user/.m2/repository/javax/ws/rs/jsr311-api/1.1.1/jsr311-api-1.1.1.jar:/home/user/.m2/repository/com/sun/jersey/jersey-server/1.19/jersey-server-1.19.jar:/home/user/.m2/repository/javax/servlet/javax.servlet-api/3.1.0/javax.servlet-api-3.1.0.jar:/home/user/.m2/repository/org/eclipse/jetty/jetty-server/9.3.24.v20180605/jetty-server-9.3.24.v20180605.jar:/home/user/.m2/repository/org/eclipse/jetty/jetty-http/9.3.24.v20180605/jetty-http-9.3.24.v20180605.jar:/home/user/.m2/repository/org/eclipse/jetty/jetty-io/9.3.24.v20180605/jetty-io-9.3.24.v20180605.jar:/home/user/.m2/repository/org/eclipse/jetty/jetty-webapp/9.3.24.v20180605/jetty-webapp-9.3.24.v20180605.jar:/home/user/.m2/repository/org/eclipse/jetty/jetty-xml/9.3.24.v20180605/jetty-xml-9.3.24.v20180605.jar:/home/user/.m2/repository/log4j/log4j/1.2.17/log4j-1.2.17.jar:/home/user/.m2/repository/org/slf4j/slf4j-api/1.7.25/slf4j-api-1.7.25.jar:/home/user/.m2/repository/org/slf4j/jul-to-slf4j/1.7.25/jul-to-slf4j-1.7.25.jar:/home/user/.m2/repository/org/eclipse/jetty/jetty-util/9.3.24.v20180605/jetty-util-9.3.24.v20180605.jar:/home/user/.m2/repository/com/fasterxml/jackson/core/jackson-databind/2.9.5/jackson-databind-2.9.5.jar:/home/user/.m2/repository/org/apache/hadoop/hadoop-kms/3.2.0/hadoop-kms-3.2.0-tests.jar:/home/user/.m2/repository/org/apache/hadoop/hadoop-hdds-server-scm/0.5.0-SNAPSHOT/hadoop-hdds-server-scm-0.5.0-SNAPSHOT-tests.jar:/home/user/.m2/repository/org/apache/hadoop/hadoop-hdds-container-service/0.5.0-SNAPSHOT/hadoop-hdds-container-service-0.5.0-SNAPSHOT-tests.jar:/home/user/.m2/repository/org/yaml/snakeyaml/1.16/snakeyaml-1.16.jar:/home/user/.m2/repository/org/apache/hadoop/hadoop-common/3.2.0/hadoop-common-3.2.0-tests.jar:/home/user/.m2/repository/org/apache/hadoop/hadoop-annotations/3.2.0/hadoop-annotations-3.2.0.jar:/usr/lib/jvm/java-1.8-openjdk/jre/../lib/tools.jar:/home/user/.m2/repository/commons-cli/commons-cli/1.2/commons-cli-1.2.jar:/home/user/.m2/repository/org/apache/httpcomponents/httpclient/4.5.2/httpclient-4.5.2.jar:/home/user/.m2/repository/org/apache/httpcomponents/httpcore/4.4.4/httpcore-4.4.4.jar:/home/user/.m2/repository/commons-codec/commons-codec/1.11/commons-codec-1.11.jar:/home/user/.m2/repository/commons-net/commons-net/3.6/commons-net-3.6.jar:/home/user/.m2/repository/commons-collections/commons-collections/3.2.2/commons-collections-3.2.2.jar:/home/user/.m2/repository/org/eclipse/jetty/jetty-servlet/9.3.24.v20180605/jetty-servlet-9.3.24.v20180605.jar:/home/user/.m2/repository/org/eclipse/jetty/jetty-security/9.3.24.v20180605/jetty-security-9.3.24.v20180605.jar:/home/user/.m2/repository/javax/servlet/jsp/jsp-api/2.1/jsp-api-2.1.jar:/home/user/.m2/repository/com/sun/jersey/jersey-servlet/1.19/jersey-servlet-1.19.jar:/home/user/.m2/repository/com/sun/jersey/jersey-json/1.19/jersey-json-1.19.jar:/home/user/.m2/repository/org/codehaus/jettison/jettison/1.1/jettison-1.1.jar:/home/user/.m2/repository/org/codehaus/jackson/jackson-core-asl/1.9.13/jackson-core-asl-1.9.13.jar:/home/user/.m2/repository/org/codehaus/jackson/jackson-mapper-asl/1.9.13/jackson-mapper-asl-1.9.13.jar:/home/user/.m2/repository/org/codehaus/jackson/jackson-jaxrs/1.9.13/jackson-jaxrs-1.9.13.jar:/home/user/.m2/repository/org/codehaus/jackson/jackson-xc/1.9.13/jackson-xc-1.9.13.jar:/home/user/.m2/repository/commons-logging/commons-logging/1.1.3/commons-logging-1.1.3.jar:/home/user/.m2/repository/commons-beanutils/commons-beanutils/1.9.3/commons-beanutils-1.9.3.jar:/home/user/.m2/repository/org/apache/commons/commons-configuration2/2.1.1/commons-configuration2-2.1.1.jar:/home/user/.m2/repository/org/apache/commons/commons-lang3/3.7/commons-lang3-3.7.jar:/home/user/.m2/repository/org/apache/commons/commons-text/1.4/commons-text-1.4.jar:/home/user/.m2/repository/org/apache/avro/avro/1.7.7/avro-1.7.7.jar:/home/user/.m2/repository/com/thoughtworks/paranamer/paranamer/2.3/paranamer-2.3.jar:/home/user/.m2/repository/org/xerial/snappy/snappy-java/1.0.5/snappy-java-1.0.5.jar:/home/user/.m2/repository/com/google/re2j/re2j/1.1/re2j-1.1.jar:/home/user/.m2/repository/com/google/code/gson/gson/2.2.4/gson-2.2.4.jar:/home/user/.m2/repository/com/jcraft/jsch/0.1.54/jsch-0.1.54.jar:/home/user/.m2/repository/org/apache/curator/curator-client/2.12.0/curator-client-2.12.0.jar:/home/user/.m2/repository/org/apache/curator/curator-recipes/2.12.0/curator-recipes-2.12.0.jar:/home/user/.m2/repository/com/google/code/findbugs/jsr305/3.0.0/jsr305-3.0.0.jar:/home/user/.m2/repository/org/apache/htrace/htrace-core4/4.1.0-incubating/htrace-core4-4.1.0-incubating.jar:/home/user/.m2/repository/org/apache/zookeeper/zookeeper/3.4.13/zookeeper-3.4.13.jar:/home/user/.m2/repository/org/apache/yetus/audience-annotations/0.5.0/audience-annotations-0.5.0.jar:/home/user/.m2/repository/org/codehaus/woodstox/stax2-api/3.1.4/stax2-api-3.1.4.jar:/home/user/.m2/repository/com/fasterxml/woodstox/woodstox-core/5.0.3/woodstox-core-5.0.3.jar:/home/user/.m2/repository/dnsjava/dnsjava/2.1.7/dnsjava-2.1.7.jar:/home/user/.m2/repository/org/apache/hadoop/hadoop-hdfs/3.2.0/hadoop-hdfs-3.2.0-tests.jar:/home/user/.m2/repository/org/eclipse/jetty/jetty-util-ajax/9.3.24.v20180605/jetty-util-ajax-9.3.24.v20180605.jar:/home/user/.m2/repository/commons-daemon/commons-daemon/1.0.13/commons-daemon-1.0.13.jar:/home/user/.m2/repository/io/netty/netty/3.10.5.Final/netty-3.10.5.Final.jar:/home/user/.m2/repository/io/netty/netty-all/4.0.52.Final/netty-all-4.0.52.Final.jar:/home/user/.m2/repository/org/fusesource/leveldbjni/leveldbjni-all/1.8/leveldbjni-all-1.8.jar:"/>
    <property name="java.vm.vendor" value="IcedTea"/>
    <property name="sun.arch.data.model" value="64"/>
    <property name="test.build.dir" value="/workdir/hadoop-ozone/integration-test/target/test-dir"/>
    <property name="test.cache.data" value=""/>
    <property name="java.vendor.url" value="https://icedtea.classpath.org"/>
    <property name="user.timezone" value=""/>
    <property name="java.vm.specification.version" value="1.8"/>
    <property name="os.name" value="Linux"/>
    <property name="test.build.data" value="/workdir/hadoop-ozone/integration-test/target/test-dir"/>
    <property name="user.country" value="US"/>
    <property name="sun.java.launcher" value="SUN_STANDARD"/>
    <property name="sun.boot.library.path" value="/usr/lib/jvm/java-1.8-openjdk/jre/lib/amd64"/>
    <property name="sun.java.command" value="/workdir/hadoop-ozone/integration-test/target/surefire/surefirebooter9122410800274031145.jar /workdir/hadoop-ozone/integration-test/target/surefire 2019-08-22T20-16-18_456-jvmRun1 surefire3139450995247779531tmp surefire_44814702983904976981tmp"/>
    <property name="test" value="!TestMiniChaosOzoneCluster"/>
    <property name="surefire.test.class.path" value="/workdir/hadoop-ozone/integration-test/target/test-classes:/workdir/hadoop-ozone/integration-test/target/classes:/home/user/.m2/repository/org/apache/hadoop/hadoop-ozone-common/0.5.0-SNAPSHOT/hadoop-ozone-common-0.5.0-SNAPSHOT.jar:/home/user/.m2/repository/org/apache/commons/commons-compress/1.4.1/commons-compress-1.4.1.jar:/home/user/.m2/repository/org/tukaani/xz/1.0/xz-1.0.jar:/home/user/.m2/repository/org/apache/hadoop/hadoop-common/3.2.0/hadoop-common-3.2.0.jar:/home/user/.m2/repository/org/apache/hadoop/hadoop-hdfs/3.2.0/hadoop-hdfs-3.2.0.jar:/home/user/.m2/repository/org/apache/hadoop/hadoop-hdfs-client/3.2.0/hadoop-hdfs-client-3.2.0.jar:/home/user/.m2/repository/com/fasterxml/jackson/core/jackson-annotations/2.9.5/jackson-annotations-2.9.5.jar:/home/user/.m2/repository/org/apache/hadoop/hadoop-hdds-common/0.5.0-SNAPSHOT/hadoop-hdds-common-0.5.0-SNAPSHOT.jar:/home/user/.m2/repository/javax/annotation/javax.annotation-api/1.2/javax.annotation-api-1.2.jar:/home/user/.m2/repository/org/apache/ratis/ratis-server/0.4.0-2337318-SNAPSHOT/ratis-server-0.4.0-2337318-SNAPSHOT.jar:/home/user/.m2/repository/org/apache/ratis/ratis-thirdparty-misc/0.2.0/ratis-thirdparty-misc-0.2.0.jar:/home/user/.m2/repository/org/apache/ratis/ratis-proto/0.4.0-2337318-SNAPSHOT/ratis-proto-0.4.0-2337318-SNAPSHOT.jar:/home/user/.m2/repository/org/apache/ratis/ratis-common/0.4.0-2337318-SNAPSHOT/ratis-common-0.4.0-2337318-SNAPSHOT.jar:/home/user/.m2/repository/org/apache/ratis/ratis-client/0.4.0-2337318-SNAPSHOT/ratis-client-0.4.0-2337318-SNAPSHOT.jar:/home/user/.m2/repository/org/apache/ratis/ratis-metrics/0.4.0-2337318-SNAPSHOT/ratis-metrics-0.4.0-2337318-SNAPSHOT.jar:/home/user/.m2/repository/org/apache/ratis/ratis-netty/0.4.0-2337318-SNAPSHOT/ratis-netty-0.4.0-2337318-SNAPSHOT.jar:/home/user/.m2/repository/org/apache/ratis/ratis-grpc/0.4.0-2337318-SNAPSHOT/ratis-grpc-0.4.0-2337318-SNAPSHOT.jar:/home/user/.m2/repository/org/rocksdb/rocksdbjni/6.0.1/rocksdbjni-6.0.1.jar:/home/user/.m2/repository/org/apache/logging/log4j/log4j-api/2.11.0/log4j-api-2.11.0.jar:/home/user/.m2/repository/org/apache/logging/log4j/log4j-core/2.11.0/log4j-core-2.11.0.jar:/home/user/.m2/repository/com/lmax/disruptor/3.4.2/disruptor-3.4.2.jar:/home/user/.m2/repository/org/apache/commons/commons-pool2/2.6.0/commons-pool2-2.6.0.jar:/home/user/.m2/repository/org/bouncycastle/bcpkix-jdk15on/1.60/bcpkix-jdk15on-1.60.jar:/home/user/.m2/repository/commons-validator/commons-validator/1.6/commons-validator-1.6.jar:/home/user/.m2/repository/commons-digester/commons-digester/1.8.1/commons-digester-1.8.1.jar:/home/user/.m2/repository/io/jaegertracing/jaeger-client/0.33.1/jaeger-client-0.33.1.jar:/home/user/.m2/repository/io/jaegertracing/jaeger-thrift/0.33.1/jaeger-thrift-0.33.1.jar:/home/user/.m2/repository/org/apache/thrift/libthrift/0.11.0/libthrift-0.11.0.jar:/home/user/.m2/repository/com/squareup/okhttp3/okhttp/3.9.0/okhttp-3.9.0.jar:/home/user/.m2/repository/com/squareup/okio/okio/1.13.0/okio-1.13.0.jar:/home/user/.m2/repository/io/jaegertracing/jaeger-core/0.33.1/jaeger-core-0.33.1.jar:/home/user/.m2/repository/io/jaegertracing/jaeger-tracerresolver/0.33.1/jaeger-tracerresolver-0.33.1.jar:/home/user/.m2/repository/io/opentracing/contrib/opentracing-tracerresolver/0.1.5/opentracing-tracerresolver-0.1.5.jar:/home/user/.m2/repository/io/opentracing/opentracing-util/0.31.0/opentracing-util-0.31.0.jar:/home/user/.m2/repository/io/opentracing/opentracing-api/0.31.0/opentracing-api-0.31.0.jar:/home/user/.m2/repository/io/opentracing/opentracing-noop/0.31.0/opentracing-noop-0.31.0.jar:/home/user/.m2/repository/org/apache/hadoop/hadoop-hdds-server-framework/0.5.0-SNAPSHOT/hadoop-hdds-server-framework-0.5.0-SNAPSHOT.jar:/home/user/.m2/repository/org/apache/hadoop/hadoop-hdds-container-service/0.5.0-SNAPSHOT/hadoop-hdds-container-service-0.5.0-SNAPSHOT.jar:/home/user/.m2/repository/org/apache/hadoop/hadoop-hdds-client/0.5.0-SNAPSHOT/hadoop-hdds-client-0.5.0-SNAPSHOT.jar:/home/user/.m2/repository/org/apache/hadoop/hadoop-hdds-tools/0.5.0-SNAPSHOT/hadoop-hdds-tools-0.5.0-SNAPSHOT.jar:/home/user/.m2/repository/org/apache/hadoop/hadoop-hdds-server-scm/0.5.0-SNAPSHOT/hadoop-hdds-server-scm-0.5.0-SNAPSHOT.jar:/home/user/.m2/repository/org/apache/hadoop/hadoop-hdds-docs/0.5.0-SNAPSHOT/hadoop-hdds-docs-0.5.0-SNAPSHOT.jar:/home/user/.m2/repository/io/dropwizard/metrics/metrics-core/3.2.4/metrics-core-3.2.4.jar:/home/user/.m2/repository/org/hamcrest/hamcrest-all/1.3/hamcrest-all-1.3.jar:/home/user/.m2/repository/org/bouncycastle/bcprov-jdk15on/1.60/bcprov-jdk15on-1.60.jar:/home/user/.m2/repository/info/picocli/picocli/3.9.6/picocli-3.9.6.jar:/home/user/.m2/repository/com/google/protobuf/protobuf-java/2.5.0/protobuf-java-2.5.0.jar:/home/user/.m2/repository/com/google/guava/guava/11.0.2/guava-11.0.2.jar:/home/user/.m2/repository/org/apache/hadoop/hadoop-ozone-ozone-manager/0.5.0-SNAPSHOT/hadoop-ozone-ozone-manager-0.5.0-SNAPSHOT.jar:/home/user/.m2/repository/org/apache/hadoop/hadoop-minikdc/3.2.0/hadoop-minikdc-3.2.0.jar:/home/user/.m2/repository/commons-io/commons-io/2.5/commons-io-2.5.jar:/home/user/.m2/repository/org/apache/kerby/kerb-simplekdc/1.0.1/kerb-simplekdc-1.0.1.jar:/home/user/.m2/repository/org/apache/kerby/kerb-client/1.0.1/kerb-client-1.0.1.jar:/home/user/.m2/repository/org/apache/kerby/kerby-config/1.0.1/kerby-config-1.0.1.jar:/home/user/.m2/repository/org/apache/kerby/kerb-core/1.0.1/kerb-core-1.0.1.jar:/home/user/.m2/repository/org/apache/kerby/kerby-pkix/1.0.1/kerby-pkix-1.0.1.jar:/home/user/.m2/repository/org/apache/kerby/kerby-asn1/1.0.1/kerby-asn1-1.0.1.jar:/home/user/.m2/repository/org/apache/kerby/kerby-util/1.0.1/kerby-util-1.0.1.jar:/home/user/.m2/repository/org/apache/kerby/kerb-common/1.0.1/kerb-common-1.0.1.jar:/home/user/.m2/repository/org/apache/kerby/kerb-crypto/1.0.1/kerb-crypto-1.0.1.jar:/home/user/.m2/repository/org/apache/kerby/kerb-util/1.0.1/kerb-util-1.0.1.jar:/home/user/.m2/repository/org/apache/kerby/token-provider/1.0.1/token-provider-1.0.1.jar:/home/user/.m2/repository/org/apache/kerby/kerb-admin/1.0.1/kerb-admin-1.0.1.jar:/home/user/.m2/repository/org/apache/kerby/kerb-server/1.0.1/kerb-server-1.0.1.jar:/home/user/.m2/repository/org/apache/kerby/kerb-identity/1.0.1/kerb-identity-1.0.1.jar:/home/user/.m2/repository/org/apache/kerby/kerby-xdr/1.0.1/kerby-xdr-1.0.1.jar:/home/user/.m2/repository/org/slf4j/slf4j-log4j12/1.7.25/slf4j-log4j12-1.7.25.jar:/home/user/.m2/repository/org/apache/hadoop/hadoop-ozone-objectstore-service/0.5.0-SNAPSHOT/hadoop-ozone-objectstore-service-0.5.0-SNAPSHOT.jar:/home/user/.m2/repository/org/apache/hadoop/hadoop-ozone-s3gateway/0.5.0-SNAPSHOT/hadoop-ozone-s3gateway-0.5.0-SNAPSHOT.jar:/home/user/.m2/repository/org/jboss/weld/servlet/weld-servlet/2.4.7.Final/weld-servlet-2.4.7.Final.jar:/home/user/.m2/repository/org/glassfish/jersey/containers/jersey-container-servlet-core/2.27/jersey-container-servlet-core-2.27.jar:/home/user/.m2/repository/org/glassfish/hk2/external/javax.inject/2.5.0-b42/javax.inject-2.5.0-b42.jar:/home/user/.m2/repository/org/glassfish/jersey/core/jersey-common/2.27/jersey-common-2.27.jar:/home/user/.m2/repository/org/glassfish/hk2/osgi-resource-locator/1.0.1/osgi-resource-locator-1.0.1.jar:/home/user/.m2/repository/javax/ws/rs/javax.ws.rs-api/2.1/javax.ws.rs-api-2.1.jar:/home/user/.m2/repository/org/glassfish/jersey/ext/cdi/jersey-cdi1x/2.27/jersey-cdi1x-2.27.jar:/home/user/.m2/repository/org/glassfish/jersey/inject/jersey-hk2/2.27/jersey-hk2-2.27.jar:/home/user/.m2/repository/org/glassfish/hk2/hk2-locator/2.5.0-b42/hk2-locator-2.5.0-b42.jar:/home/user/.m2/repository/org/javassist/javassist/3.22.0-CR2/javassist-3.22.0-CR2.jar:/home/user/.m2/repository/org/glassfish/hk2/hk2-api/2.5.0/hk2-api-2.5.0.jar:/home/user/.m2/repository/org/glassfish/hk2/external/jakarta.inject/2.5.0/jakarta.inject-2.5.0.jar:/home/user/.m2/repository/org/glassfish/hk2/hk2-utils/2.5.0/hk2-utils-2.5.0.jar:/home/user/.m2/repository/jakarta/annotation/jakarta.annotation-api/1.3.4/jakarta.annotation-api-1.3.4.jar:/home/user/.m2/repository/org/glassfish/hk2/external/aopalliance-repackaged/2.5.0/aopalliance-repackaged-2.5.0.jar:/home/user/.m2/repository/com/fasterxml/jackson/dataformat/jackson-dataformat-xml/2.9.0/jackson-dataformat-xml-2.9.0.jar:/home/user/.m2/repository/com/fasterxml/jackson/core/jackson-core/2.9.5/jackson-core-2.9.5.jar:/home/user/.m2/repository/com/fasterxml/jackson/module/jackson-module-jaxb-annotations/2.9.5/jackson-module-jaxb-annotations-2.9.5.jar:/home/user/.m2/repository/javax/enterprise/cdi-api/1.2/cdi-api-1.2.jar:/home/user/.m2/repository/javax/el/javax.el-api/3.0.0/javax.el-api-3.0.0.jar:/home/user/.m2/repository/javax/interceptor/javax.interceptor-api/1.2/javax.interceptor-api-1.2.jar:/home/user/.m2/repository/javax/inject/javax.inject/1/javax.inject-1.jar:/home/user/.m2/repository/com/sun/xml/bind/jaxb-impl/2.3.0.1/jaxb-impl-2.3.0.1.jar:/home/user/.m2/repository/com/sun/xml/bind/jaxb-core/2.3.0.1/jaxb-core-2.3.0.1.jar:/home/user/.m2/repository/javax/xml/bind/jaxb-api/2.3.0/jaxb-api-2.3.0.jar:/home/user/.m2/repository/javax/activation/activation/1.1.1/activation-1.1.1.jar:/home/user/.m2/repository/org/apache/hadoop/hadoop-ozone-csi/0.5.0-SNAPSHOT/hadoop-ozone-csi-0.5.0-SNAPSHOT.jar:/home/user/.m2/repository/com/google/protobuf/protobuf-java-util/3.5.1/protobuf-java-util-3.5.1.jar:/home/user/.m2/repository/org/apache/hadoop/hadoop-hdds-config/0.5.0-SNAPSHOT/hadoop-hdds-config-0.5.0-SNAPSHOT.jar:/home/user/.m2/repository/io/grpc/grpc-netty/1.17.1/grpc-netty-1.17.1.jar:/home/user/.m2/repository/io/grpc/grpc-core/1.17.1/grpc-core-1.17.1.jar:/home/user/.m2/repository/io/grpc/grpc-context/1.17.1/grpc-context-1.17.1.jar:/home/user/.m2/repository/com/google/errorprone/error_prone_annotations/2.2.0/error_prone_annotations-2.2.0.jar:/home/user/.m2/repository/org/codehaus/mojo/animal-sniffer-annotations/1.17/animal-sniffer-annotations-1.17.jar:/home/user/.m2/repository/io/opencensus/opencensus-api/0.17.0/opencensus-api-0.17.0.jar:/home/user/.m2/repository/io/opencensus/opencensus-contrib-grpc-metrics/0.17.0/opencensus-contrib-grpc-metrics-0.17.0.jar:/home/user/.m2/repository/io/netty/netty-codec-http2/4.1.30.Final/netty-codec-http2-4.1.30.Final.jar:/home/user/.m2/repository/io/netty/netty-codec-http/4.1.30.Final/netty-codec-http-4.1.30.Final.jar:/home/user/.m2/repository/io/netty/netty-codec/4.1.30.Final/netty-codec-4.1.30.Final.jar:/home/user/.m2/repository/io/netty/netty-handler/4.1.30.Final/netty-handler-4.1.30.Final.jar:/home/user/.m2/repository/io/netty/netty-handler-proxy/4.1.30.Final/netty-handler-proxy-4.1.30.Final.jar:/home/user/.m2/repository/io/netty/netty-codec-socks/4.1.30.Final/netty-codec-socks-4.1.30.Final.jar:/home/user/.m2/repository/io/netty/netty-transport-native-epoll/4.1.30.Final/netty-transport-native-epoll-4.1.30.Final.jar:/home/user/.m2/repository/io/netty/netty-common/4.1.30.Final/netty-common-4.1.30.Final.jar:/home/user/.m2/repository/io/netty/netty-buffer/4.1.30.Final/netty-buffer-4.1.30.Final.jar:/home/user/.m2/repository/io/netty/netty-transport/4.1.30.Final/netty-transport-4.1.30.Final.jar:/home/user/.m2/repository/io/netty/netty-resolver/4.1.30.Final/netty-resolver-4.1.30.Final.jar:/home/user/.m2/repository/io/netty/netty-transport-native-unix-common/4.1.30.Final/netty-transport-native-unix-common-4.1.30.Final.jar:/home/user/.m2/repository/io/grpc/grpc-protobuf/1.17.1/grpc-protobuf-1.17.1.jar:/home/user/.m2/repository/com/google/api/grpc/proto-google-common-protos/1.0.0/proto-google-common-protos-1.0.0.jar:/home/user/.m2/repository/io/grpc/grpc-protobuf-lite/1.17.1/grpc-protobuf-lite-1.17.1.jar:/home/user/.m2/repository/io/grpc/grpc-stub/1.17.1/grpc-stub-1.17.1.jar:/home/user/.m2/repository/org/apache/hadoop/hadoop-ozone-recon/0.5.0-SNAPSHOT/hadoop-ozone-recon-0.5.0-SNAPSHOT.jar:/home/user/.m2/repository/org/apache/hadoop/hadoop-ozone-reconcodegen/0.5.0-SNAPSHOT/hadoop-ozone-reconcodegen-0.5.0-SNAPSHOT.jar:/home/user/.m2/repository/com/google/inject/extensions/guice-multibindings/4.0/guice-multibindings-4.0.jar:/home/user/.m2/repository/com/google/inject/guice/4.0/guice-4.0.jar:/home/user/.m2/repository/aopalliance/aopalliance/1.0/aopalliance-1.0.jar:/home/user/.m2/repository/com/google/inject/extensions/guice-servlet/4.0/guice-servlet-4.0.jar:/home/user/.m2/repository/org/glassfish/jersey/containers/jersey-container-servlet/2.27/jersey-container-servlet-2.27.jar:/home/user/.m2/repository/org/glassfish/hk2/guice-bridge/2.5.0/guice-bridge-2.5.0.jar:/home/user/.m2/repository/org/glassfish/jersey/core/jersey-server/2.27/jersey-server-2.27.jar:/home/user/.m2/repository/org/glassfish/jersey/core/jersey-client/2.27/jersey-client-2.27.jar:/home/user/.m2/repository/org/glassfish/jersey/media/jersey-media-jaxb/2.27/jersey-media-jaxb-2.27.jar:/home/user/.m2/repository/javax/validation/validation-api/1.1.0.Final/validation-api-1.1.0.Final.jar:/home/user/.m2/repository/org/glassfish/jersey/media/jersey-media-json-jackson/2.27/jersey-media-json-jackson-2.27.jar:/home/user/.m2/repository/org/glassfish/jersey/ext/jersey-entity-filtering/2.27/jersey-entity-filtering-2.27.jar:/home/user/.m2/repository/com/google/inject/extensions/guice-assistedinject/4.0/guice-assistedinject-4.0.jar:/home/user/.m2/repository/org/jooq/jooq/3.11.10/jooq-3.11.10.jar:/home/user/.m2/repository/org/jooq/jooq-meta/3.11.10/jooq-meta-3.11.10.jar:/home/user/.m2/repository/org/jooq/jooq-codegen/3.11.10/jooq-codegen-3.11.10.jar:/home/user/.m2/repository/com/jolbox/bonecp/0.8.0.RELEASE/bonecp-0.8.0.RELEASE.jar:/home/user/.m2/repository/org/xerial/sqlite-jdbc/3.25.2/sqlite-jdbc-3.25.2.jar:/home/user/.m2/repository/org/springframework/spring-jdbc/5.1.3.RELEASE/spring-jdbc-5.1.3.RELEASE.jar:/home/user/.m2/repository/org/springframework/spring-beans/5.1.3.RELEASE/spring-beans-5.1.3.RELEASE.jar:/home/user/.m2/repository/org/springframework/spring-core/5.1.3.RELEASE/spring-core-5.1.3.RELEASE.jar:/home/user/.m2/repository/org/springframework/spring-jcl/5.1.3.RELEASE/spring-jcl-5.1.3.RELEASE.jar:/home/user/.m2/repository/org/springframework/spring-tx/5.1.3.RELEASE/spring-tx-5.1.3.RELEASE.jar:/home/user/.m2/repository/org/apache/hadoop/hadoop-ozone-client/0.5.0-SNAPSHOT/hadoop-ozone-client-0.5.0-SNAPSHOT.jar:/home/user/.m2/repository/commons-lang/commons-lang/2.6/commons-lang-2.6.jar:/home/user/.m2/repository/org/apache/hadoop/hadoop-ozone-ozone-manager/0.5.0-SNAPSHOT/hadoop-ozone-ozone-manager-0.5.0-SNAPSHOT-tests.jar:/home/user/.m2/repository/junit/junit/4.11/junit-4.11.jar:/home/user/.m2/repository/org/hamcrest/hamcrest-core/1.3/hamcrest-core-1.3.jar:/home/user/.m2/repository/org/openjdk/jmh/jmh-core/1.19/jmh-core-1.19.jar:/home/user/.m2/repository/net/sf/jopt-simple/jopt-simple/4.6/jopt-simple-4.6.jar:/home/user/.m2/repository/org/apache/commons/commons-math3/3.1.1/commons-math3-3.1.1.jar:/home/user/.m2/repository/org/openjdk/jmh/jmh-generator-annprocess/1.19/jmh-generator-annprocess-1.19.jar:/home/user/.m2/repository/org/mockito/mockito-all/1.8.5/mockito-all-1.8.5.jar:/home/user/.m2/repository/org/apache/hadoop/hadoop-kms/3.2.0/hadoop-kms-3.2.0.jar:/home/user/.m2/repository/org/apache/hadoop/hadoop-auth/3.2.0/hadoop-auth-3.2.0.jar:/home/user/.m2/repository/com/nimbusds/nimbus-jose-jwt/4.41.1/nimbus-jose-jwt-4.41.1.jar:/home/user/.m2/repository/com/github/stephenc/jcip/jcip-annotations/1.0-1/jcip-annotations-1.0-1.jar:/home/user/.m2/repository/net/minidev/json-smart/2.3/json-smart-2.3.jar:/home/user/.m2/repository/net/minidev/accessors-smart/1.2/accessors-smart-1.2.jar:/home/user/.m2/repository/org/ow2/asm/asm/5.0.4/asm-5.0.4.jar:/home/user/.m2/repository/org/apache/curator/curator-framework/2.12.0/curator-framework-2.12.0.jar:/home/user/.m2/repository/com/sun/jersey/jersey-core/1.19/jersey-core-1.19.jar:/home/user/.m2/repository/javax/ws/rs/jsr311-api/1.1.1/jsr311-api-1.1.1.jar:/home/user/.m2/repository/com/sun/jersey/jersey-server/1.19/jersey-server-1.19.jar:/home/user/.m2/repository/javax/servlet/javax.servlet-api/3.1.0/javax.servlet-api-3.1.0.jar:/home/user/.m2/repository/org/eclipse/jetty/jetty-server/9.3.24.v20180605/jetty-server-9.3.24.v20180605.jar:/home/user/.m2/repository/org/eclipse/jetty/jetty-http/9.3.24.v20180605/jetty-http-9.3.24.v20180605.jar:/home/user/.m2/repository/org/eclipse/jetty/jetty-io/9.3.24.v20180605/jetty-io-9.3.24.v20180605.jar:/home/user/.m2/repository/org/eclipse/jetty/jetty-webapp/9.3.24.v20180605/jetty-webapp-9.3.24.v20180605.jar:/home/user/.m2/repository/org/eclipse/jetty/jetty-xml/9.3.24.v20180605/jetty-xml-9.3.24.v20180605.jar:/home/user/.m2/repository/log4j/log4j/1.2.17/log4j-1.2.17.jar:/home/user/.m2/repository/org/slf4j/slf4j-api/1.7.25/slf4j-api-1.7.25.jar:/home/user/.m2/repository/org/slf4j/jul-to-slf4j/1.7.25/jul-to-slf4j-1.7.25.jar:/home/user/.m2/repository/org/eclipse/jetty/jetty-util/9.3.24.v20180605/jetty-util-9.3.24.v20180605.jar:/home/user/.m2/repository/com/fasterxml/jackson/core/jackson-databind/2.9.5/jackson-databind-2.9.5.jar:/home/user/.m2/repository/org/apache/hadoop/hadoop-kms/3.2.0/hadoop-kms-3.2.0-tests.jar:/home/user/.m2/repository/org/apache/hadoop/hadoop-hdds-server-scm/0.5.0-SNAPSHOT/hadoop-hdds-server-scm-0.5.0-SNAPSHOT-tests.jar:/home/user/.m2/repository/org/apache/hadoop/hadoop-hdds-container-service/0.5.0-SNAPSHOT/hadoop-hdds-container-service-0.5.0-SNAPSHOT-tests.jar:/home/user/.m2/repository/org/yaml/snakeyaml/1.16/snakeyaml-1.16.jar:/home/user/.m2/repository/org/apache/hadoop/hadoop-common/3.2.0/hadoop-common-3.2.0-tests.jar:/home/user/.m2/repository/org/apache/hadoop/hadoop-annotations/3.2.0/hadoop-annotations-3.2.0.jar:/usr/lib/jvm/java-1.8-openjdk/jre/../lib/tools.jar:/home/user/.m2/repository/commons-cli/commons-cli/1.2/commons-cli-1.2.jar:/home/user/.m2/repository/org/apache/httpcomponents/httpclient/4.5.2/httpclient-4.5.2.jar:/home/user/.m2/repository/org/apache/httpcomponents/httpcore/4.4.4/httpcore-4.4.4.jar:/home/user/.m2/repository/commons-codec/commons-codec/1.11/commons-codec-1.11.jar:/home/user/.m2/repository/commons-net/commons-net/3.6/commons-net-3.6.jar:/home/user/.m2/repository/commons-collections/commons-collections/3.2.2/commons-collections-3.2.2.jar:/home/user/.m2/repository/org/eclipse/jetty/jetty-servlet/9.3.24.v20180605/jetty-servlet-9.3.24.v20180605.jar:/home/user/.m2/repository/org/eclipse/jetty/jetty-security/9.3.24.v20180605/jetty-security-9.3.24.v20180605.jar:/home/user/.m2/repository/javax/servlet/jsp/jsp-api/2.1/jsp-api-2.1.jar:/home/user/.m2/repository/com/sun/jersey/jersey-servlet/1.19/jersey-servlet-1.19.jar:/home/user/.m2/repository/com/sun/jersey/jersey-json/1.19/jersey-json-1.19.jar:/home/user/.m2/repository/org/codehaus/jettison/jettison/1.1/jettison-1.1.jar:/home/user/.m2/repository/org/codehaus/jackson/jackson-core-asl/1.9.13/jackson-core-asl-1.9.13.jar:/home/user/.m2/repository/org/codehaus/jackson/jackson-mapper-asl/1.9.13/jackson-mapper-asl-1.9.13.jar:/home/user/.m2/repository/org/codehaus/jackson/jackson-jaxrs/1.9.13/jackson-jaxrs-1.9.13.jar:/home/user/.m2/repository/org/codehaus/jackson/jackson-xc/1.9.13/jackson-xc-1.9.13.jar:/home/user/.m2/repository/commons-logging/commons-logging/1.1.3/commons-logging-1.1.3.jar:/home/user/.m2/repository/commons-beanutils/commons-beanutils/1.9.3/commons-beanutils-1.9.3.jar:/home/user/.m2/repository/org/apache/commons/commons-configuration2/2.1.1/commons-configuration2-2.1.1.jar:/home/user/.m2/repository/org/apache/commons/commons-lang3/3.7/commons-lang3-3.7.jar:/home/user/.m2/repository/org/apache/commons/commons-text/1.4/commons-text-1.4.jar:/home/user/.m2/repository/org/apache/avro/avro/1.7.7/avro-1.7.7.jar:/home/user/.m2/repository/com/thoughtworks/paranamer/paranamer/2.3/paranamer-2.3.jar:/home/user/.m2/repository/org/xerial/snappy/snappy-java/1.0.5/snappy-java-1.0.5.jar:/home/user/.m2/repository/com/google/re2j/re2j/1.1/re2j-1.1.jar:/home/user/.m2/repository/com/google/code/gson/gson/2.2.4/gson-2.2.4.jar:/home/user/.m2/repository/com/jcraft/jsch/0.1.54/jsch-0.1.54.jar:/home/user/.m2/repository/org/apache/curator/curator-client/2.12.0/curator-client-2.12.0.jar:/home/user/.m2/repository/org/apache/curator/curator-recipes/2.12.0/curator-recipes-2.12.0.jar:/home/user/.m2/repository/com/google/code/findbugs/jsr305/3.0.0/jsr305-3.0.0.jar:/home/user/.m2/repository/org/apache/htrace/htrace-core4/4.1.0-incubating/htrace-core4-4.1.0-incubating.jar:/home/user/.m2/repository/org/apache/zookeeper/zookeeper/3.4.13/zookeeper-3.4.13.jar:/home/user/.m2/repository/org/apache/yetus/audience-annotations/0.5.0/audience-annotations-0.5.0.jar:/home/user/.m2/repository/org/codehaus/woodstox/stax2-api/3.1.4/stax2-api-3.1.4.jar:/home/user/.m2/repository/com/fasterxml/woodstox/woodstox-core/5.0.3/woodstox-core-5.0.3.jar:/home/user/.m2/repository/dnsjava/dnsjava/2.1.7/dnsjava-2.1.7.jar:/home/user/.m2/repository/org/apache/hadoop/hadoop-hdfs/3.2.0/hadoop-hdfs-3.2.0-tests.jar:/home/user/.m2/repository/org/eclipse/jetty/jetty-util-ajax/9.3.24.v20180605/jetty-util-ajax-9.3.24.v20180605.jar:/home/user/.m2/repository/commons-daemon/commons-daemon/1.0.13/commons-daemon-1.0.13.jar:/home/user/.m2/repository/io/netty/netty/3.10.5.Final/netty-3.10.5.Final.jar:/home/user/.m2/repository/io/netty/netty-all/4.0.52.Final/netty-all-4.0.52.Final.jar:/home/user/.m2/repository/org/fusesource/leveldbjni/leveldbjni-all/1.8/leveldbjni-all-1.8.jar:"/>
    <property name="sun.cpu.endian" value="little"/>
    <property name="user.home" value="/home/user"/>
    <property name="user.language" value="en"/>
    <property name="java.specification.vendor" value="Oracle Corporation"/>
    <property name="java.home" value="/usr/lib/jvm/java-1.8-openjdk/jre"/>
    <property name="java.security.krb5.conf" value="/workdir/hadoop-ozone/integration-test/target/test-classes/krb5.conf"/>
    <property name="basedir" value="/workdir/hadoop-ozone/integration-test"/>
    <property name="file.separator" value="/"/>
    <property name="line.separator" value="&#10;"/>
    <property name="java.vm.specification.vendor" value="Oracle Corporation"/>
    <property name="java.specification.name" value="Java Platform API Specification"/>
    <property name="java.awt.graphicsenv" value="sun.awt.X11GraphicsEnvironment"/>
    <property name="surefire.real.class.path" value="/workdir/hadoop-ozone/integration-test/target/surefire/surefirebooter9122410800274031145.jar"/>
    <property name="hadoop.log.dir" value="/workdir/hadoop-ozone/integration-test/target/log"/>
    <property name="sun.boot.class.path" value="/usr/lib/jvm/java-1.8-openjdk/jre/lib/resources.jar:/usr/lib/jvm/java-1.8-openjdk/jre/lib/rt.jar:/usr/lib/jvm/java-1.8-openjdk/jre/lib/sunrsasign.jar:/usr/lib/jvm/java-1.8-openjdk/jre/lib/jsse.jar:/usr/lib/jvm/java-1.8-openjdk/jre/lib/jce.jar:/usr/lib/jvm/java-1.8-openjdk/jre/lib/charsets.jar:/usr/lib/jvm/java-1.8-openjdk/jre/lib/jfr.jar:/usr/lib/jvm/java-1.8-openjdk/jre/classes"/>
    <property name="sun.management.compiler" value="HotSpot 64-Bit Tiered Compilers"/>
    <property name="java.runtime.version" value="1.8.0_212-b04"/>
    <property name="java.net.preferIPv4Stack" value="true"/>
    <property name="user.name" value="jenkins1000"/>
    <property name="path.separator" value=":"/>
    <property name="java.security.egd" value="file:///dev/urandom"/>
    <property name="os.version" value="3.10.0-957.12.2.el7.x86_64"/>
    <property name="java.endorsed.dirs" value="/usr/lib/jvm/java-1.8-openjdk/jre/lib/endorsed"/>
    <property name="java.runtime.name" value="OpenJDK Runtime Environment"/>
    <property name="file.encoding" value="UTF-8"/>
    <property name="java.vm.name" value="OpenJDK 64-Bit Server VM"/>
    <property name="test.build.webapps" value=""/>
    <property name="localRepository" value="/home/user/.m2/repository"/>
    <property name="java.vendor.url.bug" value="https://icedtea.classpath.org/bugzilla"/>
    <property name="java.io.tmpdir" value="/tmp"/>
    <property name="require.test.libhadoop" value=""/>
    <property name="java.version" value="1.8.0_212"/>
    <property name="user.dir" value="/workdir/hadoop-ozone/integration-test"/>
    <property name="os.arch" value="amd64"/>
    <property name="java.vm.specification.name" value="Java Virtual Machine Specification"/>
    <property name="test.build.classes" value="/workdir/hadoop-ozone/integration-test/target/test-classes"/>
    <property name="java.awt.printerjob" value="sun.print.PSPrinterJob"/>
    <property name="sun.os.patch.level" value="unknown"/>
    <property name="hadoop.tmp.dir" value="/workdir/hadoop-ozone/integration-test/target/tmp"/>
    <property name="java.library.path" value="/usr/lib/jvm/java-1.8-openjdk/jre/lib/amd64/server:/usr/lib/jvm/java-1.8-openjdk/jre/lib/amd64:/usr/lib/jvm/java-1.8-openjdk/jre/../lib/amd64:/workdir/hadoop-ozone/integration-test/target/native/target/usr/local/lib:/workdir/hadoop-ozone/integration-test/../../hadoop-common-project/hadoop-common/target/native/target/usr/local/lib:/usr/java/packages/lib/amd64:/usr/lib64:/lib64:/lib:/usr/lib"/>
    <property name="java.vm.info" value="mixed mode"/>
    <property name="java.vendor" value="IcedTea"/>
    <property name="java.vm.version" value="25.212-b04"/>
    <property name="java.ext.dirs" value="/usr/lib/jvm/java-1.8-openjdk/jre/lib/ext:/usr/java/packages/lib/ext"/>
    <property name="sun.io.unicode.encoding" value="UnicodeLittle"/>
    <property name="java.class.version" value="52.0"/>
  </properties>
  <testcase name="testAutomaticPipelineCreationOnPipelineDestroy" classname="org.apache.hadoop.hdds.scm.pipeline.TestRatisPipelineCreateAndDestory" time="31.378"/>
  <testcase name="testPipelineCreationOnNodeRestart" classname="org.apache.hadoop.hdds.scm.pipeline.TestRatisPipelineCreateAndDestory" time="40.546">
    <error message="test timed out after 30000 milliseconds" type="java.lang.Exception">java.lang.Exception: test timed out after 30000 milliseconds
	at java.lang.Thread.sleep(Native Method)
	at org.apache.hadoop.test.GenericTestUtils.waitFor(GenericTestUtils.java:382)
	at org.apache.hadoop.hdds.scm.pipeline.TestRatisPipelineCreateAndDestory.waitForPipelines(TestRatisPipelineCreateAndDestory.java:126)
	at org.apache.hadoop.hdds.scm.pipeline.TestRatisPipelineCreateAndDestory.testPipelineCreationOnNodeRestart(TestRatisPipelineCreateAndDestory.java:121)
	at sun.reflect.NativeMethodAccessorImpl.invoke0(Native Method)
	at sun.reflect.NativeMethodAccessorImpl.invoke(NativeMethodAccessorImpl.java:62)
	at sun.reflect.DelegatingMethodAccessorImpl.invoke(DelegatingMethodAccessorImpl.java:43)
	at java.lang.reflect.Method.invoke(Method.java:498)
	at org.junit.runners.model.FrameworkMethod$1.runReflectiveCall(FrameworkMethod.java:47)
	at org.junit.internal.runners.model.ReflectiveCallable.run(ReflectiveCallable.java:12)
	at org.junit.runners.model.FrameworkMethod.invokeExplosively(FrameworkMethod.java:44)
	at org.junit.internal.runners.statements.InvokeMethod.evaluate(InvokeMethod.java:17)
	at org.junit.internal.runners.statements.FailOnTimeout$StatementThread.run(FailOnTimeout.java:74)
</error>
    <system-out><![CDATA[2019-08-22 20:19:23,564 [Thread-326] WARN  server.ServerUtils (ServerUtils.java:getScmDbDir(145)) - ozone.scm.db.dirs is not configured. We recommend adding this setting. Falling back to ozone.metadata.dirs instead.
2019-08-22 20:19:23,623 [Thread-326] WARN  server.ServerUtils (ServerUtils.java:getScmDbDir(145)) - ozone.scm.db.dirs is not configured. We recommend adding this setting. Falling back to ozone.metadata.dirs instead.
2019-08-22 20:19:23,623 [Thread-326] WARN  server.ServerUtils (ServerUtils.java:getScmDbDir(145)) - ozone.scm.db.dirs is not configured. We recommend adding this setting. Falling back to ozone.metadata.dirs instead.
2019-08-22 20:19:23,624 [Thread-326] INFO  db.DBStoreBuilder (DBStoreBuilder.java:addTable(110)) - using custom profile for table: deletedBlocks
2019-08-22 20:19:23,624 [Thread-326] INFO  db.DBStoreBuilder (DBStoreBuilder.java:processTables(161)) - Using default column profile:DBProfile.DISK for Table:deletedBlocks
2019-08-22 20:19:23,624 [Thread-326] INFO  db.DBStoreBuilder (DBStoreBuilder.java:addTable(110)) - using custom profile for table: validCerts
2019-08-22 20:19:23,625 [Thread-326] INFO  db.DBStoreBuilder (DBStoreBuilder.java:processTables(161)) - Using default column profile:DBProfile.DISK for Table:validCerts
2019-08-22 20:19:23,625 [Thread-326] INFO  db.DBStoreBuilder (DBStoreBuilder.java:addTable(110)) - using custom profile for table: revokedCerts
2019-08-22 20:19:23,625 [Thread-326] INFO  db.DBStoreBuilder (DBStoreBuilder.java:processTables(161)) - Using default column profile:DBProfile.DISK for Table:revokedCerts
2019-08-22 20:19:23,625 [Thread-326] INFO  db.DBStoreBuilder (DBStoreBuilder.java:addTable(110)) - using custom profile for table: default
2019-08-22 20:19:23,625 [Thread-326] INFO  db.DBStoreBuilder (DBStoreBuilder.java:processTables(167)) - Using default column profile:DBProfile.DISK for Table:default
2019-08-22 20:19:23,625 [Thread-326] INFO  db.DBStoreBuilder (DBStoreBuilder.java:getDbProfile(198)) - Using default options. DBProfile.DISK
2019-08-22 20:19:24,028 [Thread-326] INFO  net.NodeSchemaLoader (NodeSchemaLoader.java:loadSchemaFromFile(125)) - Loading file from sun.misc.CompoundEnumeration@7538ea7
2019-08-22 20:19:24,029 [Thread-326] INFO  net.NodeSchemaLoader (NodeSchemaLoader.java:loadSchema(171)) - Loading network topology layer schema file
2019-08-22 20:19:24,034 [Thread-326] INFO  node.SCMNodeManager (SCMNodeManager.java:<init>(121)) - Entering startup safe mode.
2019-08-22 20:19:24,036 [Thread-326] INFO  algorithms.ContainerPlacementPolicyFactory (ContainerPlacementPolicyFactory.java:getPolicy(55)) - Create container placement policy of type org.apache.hadoop.hdds.scm.container.placement.algorithms.SCMContainerPlacementRandom
2019-08-22 20:19:24,036 [Thread-326] WARN  server.ServerUtils (ServerUtils.java:getScmDbDir(145)) - ozone.scm.db.dirs is not configured. We recommend adding this setting. Falling back to ozone.metadata.dirs instead.
2019-08-22 20:19:24,353 [Thread-326] INFO  pipeline.SCMPipelineManager (SCMPipelineManager.java:initializePipelineState(126)) - No pipeline exists in current db
2019-08-22 20:19:24,354 [Thread-326] WARN  server.ServerUtils (ServerUtils.java:getScmDbDir(145)) - ozone.scm.db.dirs is not configured. We recommend adding this setting. Falling back to ozone.metadata.dirs instead.
2019-08-22 20:19:24,895 [Thread-326] WARN  events.EventQueue (EventQueue.java:fireEvent(175)) - No event handler registered for event TypedEvent{payloadType=SafeModeStatus, name='SafeModeStatus'}
2019-08-22 20:19:24,896 [Thread-326] INFO  ipc.CallQueueManager (CallQueueManager.java:<init>(84)) - Using callQueue: class java.util.concurrent.LinkedBlockingQueue, queueCapacity: 2000, scheduler: class org.apache.hadoop.ipc.DefaultRpcScheduler, ipcBackoff: false.
2019-08-22 20:19:24,897 [Socket Reader #1 for port 33060] INFO  ipc.Server (Server.java:run(1074)) - Starting Socket Reader #1 for port 33060
2019-08-22 20:19:24,900 [Thread-326] INFO  ipc.CallQueueManager (CallQueueManager.java:<init>(84)) - Using callQueue: class java.util.concurrent.LinkedBlockingQueue, queueCapacity: 2000, scheduler: class org.apache.hadoop.ipc.DefaultRpcScheduler, ipcBackoff: false.
2019-08-22 20:19:24,902 [Socket Reader #1 for port 41705] INFO  ipc.Server (Server.java:run(1074)) - Starting Socket Reader #1 for port 41705
2019-08-22 20:19:24,905 [Thread-326] INFO  ipc.CallQueueManager (CallQueueManager.java:<init>(84)) - Using callQueue: class java.util.concurrent.LinkedBlockingQueue, queueCapacity: 2000, scheduler: class org.apache.hadoop.ipc.DefaultRpcScheduler, ipcBackoff: false.
2019-08-22 20:19:24,906 [Socket Reader #1 for port 46138] INFO  ipc.Server (Server.java:run(1074)) - Starting Socket Reader #1 for port 46138
2019-08-22 20:19:24,911 [Thread-326] INFO  hdfs.DFSUtil (DFSUtil.java:httpServerTemplateForNNAndJN(1641)) - Starting Web-server for scm at: http://0.0.0.0:0
2019-08-22 20:19:24,914 [Thread-326] INFO  server.AuthenticationFilter (AuthenticationFilter.java:constructSecretProvider(240)) - Unable to initialize FileSignerSecretProvider, falling back to use random secrets.
2019-08-22 20:19:24,914 [Thread-326] WARN  http.HttpRequestLog (HttpRequestLog.java:getRequestLog(97)) - Jetty request log can only be enabled using Log4j
2019-08-22 20:19:24,918 [Thread-326] INFO  http.HttpServer2 (HttpServer2.java:addGlobalFilter(975)) - Added global filter 'safety' (class=org.apache.hadoop.http.HttpServer2$QuotingInputFilter)
2019-08-22 20:19:24,919 [Thread-326] INFO  http.HttpServer2 (HttpServer2.java:addFilter(948)) - Added filter static_user_filter (class=org.apache.hadoop.http.lib.StaticUserWebFilter$StaticUserFilter) to context scm
2019-08-22 20:19:24,919 [Thread-326] INFO  http.HttpServer2 (HttpServer2.java:addFilter(958)) - Added filter static_user_filter (class=org.apache.hadoop.http.lib.StaticUserWebFilter$StaticUserFilter) to context logs
2019-08-22 20:19:24,919 [Thread-326] INFO  http.HttpServer2 (HttpServer2.java:addFilter(958)) - Added filter static_user_filter (class=org.apache.hadoop.http.lib.StaticUserWebFilter$StaticUserFilter) to context static
2019-08-22 20:19:24,923 [Thread-326] INFO  server.StorageContainerManager (StorageContainerManager.java:start(759)) - StorageContainerLocationProtocol RPC server is listening at /0.0.0.0:46138
2019-08-22 20:19:24,927 [Thread-326] WARN  impl.MetricsConfig (MetricsConfig.java:loadFirst(134)) - Cannot locate configuration: tried hadoop-metrics2-storagecontainermanager.properties,hadoop-metrics2.properties
2019-08-22 20:19:24,928 [Thread-326] INFO  impl.MetricsSystemImpl (MetricsSystemImpl.java:startTimer(374)) - Scheduled Metric snapshot period at 10 second(s).
2019-08-22 20:19:24,929 [Thread-326] INFO  impl.MetricsSystemImpl (MetricsSystemImpl.java:start(191)) - StorageContainerManager metrics system started
2019-08-22 20:19:24,995 [Thread-326] INFO  server.SCMClientProtocolServer (SCMClientProtocolServer.java:start(151)) - RPC server for Client  is listening at /0.0.0.0:46138
2019-08-22 20:19:24,996 [IPC Server Responder] INFO  ipc.Server (Server.java:run(1314)) - IPC Server Responder: starting
2019-08-22 20:19:24,996 [IPC Server listener on 46138] INFO  ipc.Server (Server.java:run(1153)) - IPC Server listener on 46138: starting
2019-08-22 20:19:24,999 [Thread-326] INFO  server.StorageContainerManager (StorageContainerManager.java:start(769)) - ScmBlockLocationProtocol RPC server is listening at /0.0.0.0:41705
2019-08-22 20:19:24,999 [Thread-326] INFO  server.SCMBlockProtocolServer (SCMBlockProtocolServer.java:start(140)) - RPC server for Block Protocol is listening at /0.0.0.0:41705
2019-08-22 20:19:24,999 [IPC Server Responder] INFO  ipc.Server (Server.java:run(1314)) - IPC Server Responder: starting
2019-08-22 20:19:25,000 [IPC Server listener on 41705] INFO  ipc.Server (Server.java:run(1153)) - IPC Server listener on 41705: starting
2019-08-22 20:19:25,003 [Thread-326] INFO  server.StorageContainerManager (StorageContainerManager.java:start(773)) - ScmDatanodeProtocl RPC server is listening at /0.0.0.0:33060
2019-08-22 20:19:25,003 [Thread-326] INFO  server.SCMDatanodeProtocolServer (SCMDatanodeProtocolServer.java:start(191)) - RPC server for DataNodes is listening at /0.0.0.0:33060
2019-08-22 20:19:25,003 [IPC Server Responder] INFO  ipc.Server (Server.java:run(1314)) - IPC Server Responder: starting
2019-08-22 20:19:25,003 [IPC Server listener on 33060] INFO  ipc.Server (Server.java:run(1153)) - IPC Server listener on 33060: starting
2019-08-22 20:19:25,007 [Thread-326] INFO  http.HttpServer2 (HttpServer2.java:bindListener(1191)) - Jetty bound to port 39681
2019-08-22 20:19:25,007 [Thread-326] INFO  server.Server (Server.java:doStart(351)) - jetty-9.3.24.v20180605, build timestamp: 2018-06-05T17:11:56Z, git hash: 84205aa28f11a4f31f2a3b86d1bba2cc8ab69827
2019-08-22 20:19:25,009 [Thread-326] INFO  handler.ContextHandler (ContextHandler.java:doStart(781)) - Started o.e.j.s.ServletContextHandler@5072cc63{/logs,file:///workdir/hadoop-ozone/integration-test/target/log,AVAILABLE}
2019-08-22 20:19:25,010 [Thread-326] INFO  handler.ContextHandler (ContextHandler.java:doStart(781)) - Started o.e.j.s.ServletContextHandler@26349545{/static,file:///workdir/hadoop-ozone/integration-test/target/test-classes/webapps/static,AVAILABLE}
2019-08-22 20:19:25,017 [Thread-326] INFO  handler.ContextHandler (ContextHandler.java:doStart(781)) - Started o.e.j.w.WebAppContext@4f848250{/,file:///workdir/hadoop-ozone/integration-test/target/test-classes/webapps/scm/,AVAILABLE}{/scm}
2019-08-22 20:19:25,018 [Thread-326] INFO  server.AbstractConnector (AbstractConnector.java:doStart(278)) - Started ServerConnector@4246c14b{HTTP/1.1,[http/1.1]}{0.0.0.0:39681}
2019-08-22 20:19:25,018 [Thread-326] INFO  server.Server (Server.java:doStart(419)) - Started @33446ms
2019-08-22 20:19:25,019 [Thread-326] INFO  server.BaseHttpServer (BaseHttpServer.java:updateConnectorAddress(213)) - HTTP server of SCM is listening at http://0.0.0.0:39681
2019-08-22 20:19:25,020 [Thread-326] WARN  server.ServerUtils (ServerUtils.java:getDBPath(222)) - ozone.om.db.dirs is not configured. We recommend adding this setting. Falling back to ozone.metadata.dirs instead.
2019-08-22 20:19:25,020 [org.apache.hadoop.util.JvmPauseMonitor$Monitor@591d227b] INFO  util.JvmPauseMonitor (JvmPauseMonitor.java:run(188)) - Starting JVM pause monitor
2019-08-22 20:19:25,363 [Thread-326] WARN  server.ServerUtils (ServerUtils.java:getDBPath(222)) - ozone.om.db.dirs is not configured. We recommend adding this setting. Falling back to ozone.metadata.dirs instead.
2019-08-22 20:19:25,364 [Thread-326] WARN  server.ServerUtils (ServerUtils.java:getDBPath(222)) - ozone.om.db.dirs is not configured. We recommend adding this setting. Falling back to ozone.metadata.dirs instead.
2019-08-22 20:19:25,365 [Thread-326] INFO  om.OzoneManager (OzoneManager.java:setOMNodeDetails(648)) - OM Service ID is not set. Setting it to the default ID: omServiceIdDefault
2019-08-22 20:19:25,365 [Thread-326] INFO  om.OzoneManager (OzoneManager.java:setOMNodeDetails(654)) - OM Node ID is not set. Setting it to the OmStorage's OmID: c451d396-7c7c-4e46-990b-dde5747e9fba
2019-08-22 20:19:25,365 [Thread-326] INFO  om.OzoneManager (OzoneManager.java:loadOMHAConfigs(605)) - Found matching OM address with OMServiceId: null, OMNodeId: null, RPC Address: localhost:0 and Ratis port: 9872
2019-08-22 20:19:25,373 | INFO  | SCMAudit | user=jenkins1000 | ip=192.168.36.65 | op=GET_SCM_INFO null | ret=SUCCESS |  
2019-08-22 20:19:25,376 [Thread-326] WARN  server.ServerUtils (ServerUtils.java:getDBPath(222)) - ozone.om.db.dirs is not configured. We recommend adding this setting. Falling back to ozone.metadata.dirs instead.
2019-08-22 20:19:25,377 [Thread-326] INFO  db.DBStoreBuilder (DBStoreBuilder.java:addTable(110)) - using custom profile for table: userTable
2019-08-22 20:19:25,377 [Thread-326] INFO  db.DBStoreBuilder (DBStoreBuilder.java:processTables(161)) - Using default column profile:DBProfile.DISK for Table:userTable
2019-08-22 20:19:25,378 [Thread-326] INFO  db.DBStoreBuilder (DBStoreBuilder.java:addTable(110)) - using custom profile for table: volumeTable
2019-08-22 20:19:25,378 [Thread-326] INFO  db.DBStoreBuilder (DBStoreBuilder.java:processTables(161)) - Using default column profile:DBProfile.DISK for Table:volumeTable
2019-08-22 20:19:25,378 [Thread-326] INFO  db.DBStoreBuilder (DBStoreBuilder.java:addTable(110)) - using custom profile for table: bucketTable
2019-08-22 20:19:25,378 [Thread-326] INFO  db.DBStoreBuilder (DBStoreBuilder.java:processTables(161)) - Using default column profile:DBProfile.DISK for Table:bucketTable
2019-08-22 20:19:25,379 [Thread-326] INFO  db.DBStoreBuilder (DBStoreBuilder.java:addTable(110)) - using custom profile for table: keyTable
2019-08-22 20:19:25,379 [Thread-326] INFO  db.DBStoreBuilder (DBStoreBuilder.java:processTables(161)) - Using default column profile:DBProfile.DISK for Table:keyTable
2019-08-22 20:19:25,379 [Thread-326] INFO  db.DBStoreBuilder (DBStoreBuilder.java:addTable(110)) - using custom profile for table: deletedTable
2019-08-22 20:19:25,379 [Thread-326] INFO  db.DBStoreBuilder (DBStoreBuilder.java:processTables(161)) - Using default column profile:DBProfile.DISK for Table:deletedTable
2019-08-22 20:19:25,379 [Thread-326] INFO  db.DBStoreBuilder (DBStoreBuilder.java:addTable(110)) - using custom profile for table: openKeyTable
2019-08-22 20:19:25,380 [Thread-326] INFO  db.DBStoreBuilder (DBStoreBuilder.java:processTables(161)) - Using default column profile:DBProfile.DISK for Table:openKeyTable
2019-08-22 20:19:25,380 [Thread-326] INFO  db.DBStoreBuilder (DBStoreBuilder.java:addTable(110)) - using custom profile for table: s3Table
2019-08-22 20:19:25,380 [Thread-326] INFO  db.DBStoreBuilder (DBStoreBuilder.java:processTables(161)) - Using default column profile:DBProfile.DISK for Table:s3Table
2019-08-22 20:19:25,380 [Thread-326] INFO  db.DBStoreBuilder (DBStoreBuilder.java:addTable(110)) - using custom profile for table: multipartInfoTable
2019-08-22 20:19:25,380 [Thread-326] INFO  db.DBStoreBuilder (DBStoreBuilder.java:processTables(161)) - Using default column profile:DBProfile.DISK for Table:multipartInfoTable
2019-08-22 20:19:25,381 [Thread-326] INFO  db.DBStoreBuilder (DBStoreBuilder.java:addTable(110)) - using custom profile for table: dTokenTable
2019-08-22 20:19:25,381 [Thread-326] INFO  db.DBStoreBuilder (DBStoreBuilder.java:processTables(161)) - Using default column profile:DBProfile.DISK for Table:dTokenTable
2019-08-22 20:19:25,381 [Thread-326] INFO  db.DBStoreBuilder (DBStoreBuilder.java:addTable(110)) - using custom profile for table: s3SecretTable
2019-08-22 20:19:25,381 [Thread-326] INFO  db.DBStoreBuilder (DBStoreBuilder.java:processTables(161)) - Using default column profile:DBProfile.DISK for Table:s3SecretTable
2019-08-22 20:19:25,382 [Thread-326] INFO  db.DBStoreBuilder (DBStoreBuilder.java:addTable(110)) - using custom profile for table: prefixTable
2019-08-22 20:19:25,382 [Thread-326] INFO  db.DBStoreBuilder (DBStoreBuilder.java:processTables(161)) - Using default column profile:DBProfile.DISK for Table:prefixTable
2019-08-22 20:19:25,382 [Thread-326] INFO  db.DBStoreBuilder (DBStoreBuilder.java:addTable(110)) - using custom profile for table: default
2019-08-22 20:19:25,382 [Thread-326] INFO  db.DBStoreBuilder (DBStoreBuilder.java:processTables(167)) - Using default column profile:DBProfile.DISK for Table:default
2019-08-22 20:19:25,382 [Thread-326] INFO  db.DBStoreBuilder (DBStoreBuilder.java:getDbProfile(198)) - Using default options. DBProfile.DISK
2019-08-22 20:19:26,815 [Thread-326] INFO  ipc.CallQueueManager (CallQueueManager.java:<init>(84)) - Using callQueue: class java.util.concurrent.LinkedBlockingQueue, queueCapacity: 2000, scheduler: class org.apache.hadoop.ipc.DefaultRpcScheduler, ipcBackoff: false.
2019-08-22 20:19:26,816 [Socket Reader #1 for port 35623] INFO  ipc.Server (Server.java:run(1074)) - Starting Socket Reader #1 for port 35623
2019-08-22 20:19:26,834 [Thread-326] INFO  om.OzoneManager (OzoneManager.java:start(1259)) - OzoneManager RPC server is listening at localhost/127.0.0.1:35623
2019-08-22 20:19:26,834 [Thread-326] INFO  impl.MetricsSystemImpl (MetricsSystemImpl.java:init(158)) - OzoneManager metrics system started (again)
2019-08-22 20:19:26,835 [IPC Server Responder] INFO  ipc.Server (Server.java:run(1314)) - IPC Server Responder: starting
2019-08-22 20:19:26,836 [IPC Server listener on 35623] INFO  ipc.Server (Server.java:run(1153)) - IPC Server listener on 35623: starting
2019-08-22 20:19:26,841 [Thread-326] INFO  hdfs.DFSUtil (DFSUtil.java:httpServerTemplateForNNAndJN(1641)) - Starting Web-server for ozoneManager at: http://0.0.0.0:0
2019-08-22 20:19:26,843 [Thread-326] INFO  server.AuthenticationFilter (AuthenticationFilter.java:constructSecretProvider(240)) - Unable to initialize FileSignerSecretProvider, falling back to use random secrets.
2019-08-22 20:19:26,844 [Thread-326] WARN  http.HttpRequestLog (HttpRequestLog.java:getRequestLog(97)) - Jetty request log can only be enabled using Log4j
2019-08-22 20:19:26,846 [Thread-326] INFO  http.HttpServer2 (HttpServer2.java:addGlobalFilter(975)) - Added global filter 'safety' (class=org.apache.hadoop.http.HttpServer2$QuotingInputFilter)
2019-08-22 20:19:26,847 [Thread-326] INFO  http.HttpServer2 (HttpServer2.java:addFilter(948)) - Added filter static_user_filter (class=org.apache.hadoop.http.lib.StaticUserWebFilter$StaticUserFilter) to context ozoneManager
2019-08-22 20:19:26,847 [Thread-326] INFO  http.HttpServer2 (HttpServer2.java:addFilter(958)) - Added filter static_user_filter (class=org.apache.hadoop.http.lib.StaticUserWebFilter$StaticUserFilter) to context static
2019-08-22 20:19:26,847 [Thread-326] INFO  http.HttpServer2 (HttpServer2.java:addFilter(958)) - Added filter static_user_filter (class=org.apache.hadoop.http.lib.StaticUserWebFilter$StaticUserFilter) to context logs
2019-08-22 20:19:26,848 [Thread-326] INFO  http.HttpServer2 (HttpServer2.java:bindListener(1191)) - Jetty bound to port 33205
2019-08-22 20:19:26,848 [Thread-326] INFO  server.Server (Server.java:doStart(351)) - jetty-9.3.24.v20180605, build timestamp: 2018-06-05T17:11:56Z, git hash: 84205aa28f11a4f31f2a3b86d1bba2cc8ab69827
2019-08-22 20:19:26,850 [Thread-326] INFO  handler.ContextHandler (ContextHandler.java:doStart(781)) - Started o.e.j.s.ServletContextHandler@aa70583{/logs,file:///workdir/hadoop-ozone/integration-test/target/log,AVAILABLE}
2019-08-22 20:19:26,851 [Thread-326] INFO  handler.ContextHandler (ContextHandler.java:doStart(781)) - Started o.e.j.s.ServletContextHandler@2e862e55{/static,file:///workdir/hadoop-ozone/integration-test/target/test-classes/webapps/static,AVAILABLE}
2019-08-22 20:19:26,857 [Thread-326] INFO  handler.ContextHandler (ContextHandler.java:doStart(781)) - Started o.e.j.w.WebAppContext@5ff507fa{/,file:///workdir/hadoop-ozone/integration-test/target/test-classes/webapps/ozoneManager/,AVAILABLE}{/ozoneManager}
2019-08-22 20:19:26,858 [Thread-326] INFO  server.AbstractConnector (AbstractConnector.java:doStart(278)) - Started ServerConnector@590e4f9b{HTTP/1.1,[http/1.1]}{0.0.0.0:33205}
2019-08-22 20:19:26,859 [Thread-326] INFO  server.Server (Server.java:doStart(419)) - Started @35287ms
2019-08-22 20:19:26,859 [Thread-326] INFO  server.BaseHttpServer (BaseHttpServer.java:updateConnectorAddress(213)) - HTTP server of OZONEMANAGER is listening at http://0.0.0.0:33205
2019-08-22 20:19:26,869 [Thread-326] INFO  impl.MetricsSystemImpl (MetricsSystemImpl.java:init(158)) - HddsDatanode metrics system started (again)
2019-08-22 20:19:26,871 [Thread-326] INFO  ozone.HddsDatanodeService (HddsDatanodeService.java:start(184)) - HddsDatanodeService host:pr-hdds-1975-qxxlx-297662434 ip:192.168.36.65
2019-08-22 20:19:26,878 [Thread-326] INFO  volume.HddsVolume (HddsVolume.java:<init>(176)) - Creating Volume: /workdir/hadoop-ozone/integration-test/target/test-dir/MiniOzoneClusterImpl-892c99a4-2802-4d8a-8333-ae6293701026/datanode-0/data/containers/hdds of  storage type : DISK and capacity : 1482555576320
2019-08-22 20:19:26,878 [Thread-326] INFO  volume.VolumeSet (VolumeSet.java:initializeVolumeSet(170)) - Added Volume : /workdir/hadoop-ozone/integration-test/target/test-dir/MiniOzoneClusterImpl-892c99a4-2802-4d8a-8333-ae6293701026/datanode-0/data/containers/hdds to VolumeSet
2019-08-22 20:19:26,878 [Thread-326] INFO  volume.ThrottledAsyncChecker (ThrottledAsyncChecker.java:schedule(140)) - Scheduling a check for org.apache.hadoop.ozone.container.common.volume.HddsVolume@73971e80
2019-08-22 20:19:26,879 [Thread-326] INFO  volume.HddsVolumeChecker (HddsVolumeChecker.java:checkAllVolumes(203)) - Scheduled health check for volume org.apache.hadoop.ozone.container.common.volume.HddsVolume@73971e80
2019-08-22 20:19:26,897 [Thread-326] INFO  impl.RaftServerProxy (ConfUtils.java:logGet(43)) - raft.rpc.type = GRPC (default)
2019-08-22 20:19:26,898 [Thread-326] INFO  grpc.GrpcFactory (GrpcFactory.java:checkPooledByteBufAllocatorUseCacheForAllThreads(45)) - PERFORMANCE WARNING: useCacheForAllThreads is true that may cause Netty to create a lot garbage objects and, as a result, trigger GC.
	It is recommended to disable useCacheForAllThreads by setting -Dorg.apache.ratis.thirdparty.io.netty.allocator.useCacheForAllThreads=false in command line.
2019-08-22 20:19:26,898 [Thread-326] INFO  grpc.GrpcConfigKeys$Server (ConfUtils.java:logGet(43)) - raft.grpc.server.port = 0 (default)
2019-08-22 20:19:26,899 [Thread-326] INFO  server.GrpcService (ConfUtils.java:logGet(43)) - raft.grpc.message.size.max = 33570816 (custom)
2019-08-22 20:19:26,899 [Thread-326] INFO  server.RaftServerConfigKeys (ConfUtils.java:logGet(43)) - raft.server.log.appender.buffer.byte-limit = 33554432 (custom)
2019-08-22 20:19:26,899 [Thread-326] INFO  server.GrpcService (ConfUtils.java:logGet(43)) - raft.grpc.flow.control.window = 1MB (=1048576) (default)
2019-08-22 20:19:26,899 [Thread-326] INFO  server.RaftServerConfigKeys (ConfUtils.java:logGet(43)) - raft.server.rpc.request.timeout = 3000ms (default)
2019-08-22 20:19:26,900 [Thread-326] INFO  server.RaftServerConfigKeys (ConfUtils.java:logGet(43)) - raft.server.storage.dir = [/workdir/hadoop-ozone/integration-test/target/test-dir/MiniOzoneClusterImpl-892c99a4-2802-4d8a-8333-ae6293701026/datanode-0/data/ratis] (custom)
2019-08-22 20:19:26,901 [Thread-326] INFO  replication.SimpleContainerDownloader (SimpleContainerDownloader.java:<init>(72)) - Starting container downloader service to copy containers to replicate.
2019-08-22 20:19:26,902 [Thread-326] INFO  hdfs.DFSUtil (DFSUtil.java:httpServerTemplateForNNAndJN(1641)) - Starting Web-server for hddsDatanode at: http://0.0.0.0:0
2019-08-22 20:19:26,903 [Thread-326] INFO  server.AuthenticationFilter (AuthenticationFilter.java:constructSecretProvider(240)) - Unable to initialize FileSignerSecretProvider, falling back to use random secrets.
2019-08-22 20:19:26,904 [Thread-326] WARN  http.HttpRequestLog (HttpRequestLog.java:getRequestLog(97)) - Jetty request log can only be enabled using Log4j
2019-08-22 20:19:26,906 [Thread-326] INFO  http.HttpServer2 (HttpServer2.java:addGlobalFilter(975)) - Added global filter 'safety' (class=org.apache.hadoop.http.HttpServer2$QuotingInputFilter)
2019-08-22 20:19:26,906 [Thread-326] INFO  http.HttpServer2 (HttpServer2.java:addFilter(948)) - Added filter static_user_filter (class=org.apache.hadoop.http.lib.StaticUserWebFilter$StaticUserFilter) to context hddsDatanode
2019-08-22 20:19:26,907 [Thread-326] INFO  http.HttpServer2 (HttpServer2.java:addFilter(958)) - Added filter static_user_filter (class=org.apache.hadoop.http.lib.StaticUserWebFilter$StaticUserFilter) to context logs
2019-08-22 20:19:26,907 [Thread-326] INFO  http.HttpServer2 (HttpServer2.java:addFilter(958)) - Added filter static_user_filter (class=org.apache.hadoop.http.lib.StaticUserWebFilter$StaticUserFilter) to context static
2019-08-22 20:19:26,908 [Thread-326] INFO  http.HttpServer2 (HttpServer2.java:bindListener(1191)) - Jetty bound to port 38502
2019-08-22 20:19:26,908 [Thread-326] INFO  server.Server (Server.java:doStart(351)) - jetty-9.3.24.v20180605, build timestamp: 2018-06-05T17:11:56Z, git hash: 84205aa28f11a4f31f2a3b86d1bba2cc8ab69827
2019-08-22 20:19:26,910 [Thread-326] INFO  handler.ContextHandler (ContextHandler.java:doStart(781)) - Started o.e.j.s.ServletContextHandler@715822ab{/logs,file:///workdir/hadoop-ozone/integration-test/target/log,AVAILABLE}
2019-08-22 20:19:26,911 [Thread-326] INFO  handler.ContextHandler (ContextHandler.java:doStart(781)) - Started o.e.j.s.ServletContextHandler@64a70770{/static,jar:file:/home/user/.m2/repository/org/apache/hadoop/hadoop-hdds-container-service/0.5.0-SNAPSHOT/hadoop-hdds-container-service-0.5.0-SNAPSHOT.jar!/webapps/static,AVAILABLE}
2019-08-22 20:19:26,944 [Thread-326] INFO  handler.ContextHandler (ContextHandler.java:doStart(781)) - Started o.e.j.w.WebAppContext@2281f551{/,file:///tmp/jetty-0.0.0.0-38502-hddsDatanode-_-any-3884555202651523955.dir/webapp/,AVAILABLE}{/hddsDatanode}
2019-08-22 20:19:26,945 [Thread-326] INFO  server.AbstractConnector (AbstractConnector.java:doStart(278)) - Started ServerConnector@66c1ca8e{HTTP/1.1,[http/1.1]}{0.0.0.0:38502}
2019-08-22 20:19:26,946 [Thread-326] INFO  server.Server (Server.java:doStart(419)) - Started @35374ms
2019-08-22 20:19:26,946 [Thread-326] INFO  server.BaseHttpServer (BaseHttpServer.java:updateConnectorAddress(213)) - HTTP server of HDDSDATANODE is listening at http://0.0.0.0:38502
2019-08-22 20:19:27,141 | INFO  | ObjectStoreRestHttpServer | Listening HDDS REST traffic on /0.0.0.0:40953 |  
2019-08-22 20:19:27,141 [Thread-326] INFO  ozone.HddsDatanodeService (HddsDatanodeService.java:startPlugins(395)) - Started plug-in org.apache.hadoop.ozone.web.OzoneHddsDatanodeService@1753e5f5
2019-08-22 20:19:27,142 [Thread-326] INFO  impl.MetricsSystemImpl (MetricsSystemImpl.java:init(158)) - HddsDatanode metrics system started (again)
2019-08-22 20:19:27,145 [org.apache.hadoop.util.JvmPauseMonitor$Monitor@28a7096a] INFO  util.JvmPauseMonitor (JvmPauseMonitor.java:run(188)) - Starting JVM pause monitor
2019-08-22 20:19:27,146 [Thread-326] INFO  ozone.HddsDatanodeService (HddsDatanodeService.java:start(184)) - HddsDatanodeService host:pr-hdds-1975-qxxlx-297662434 ip:192.168.36.65
2019-08-22 20:19:27,149 [Datanode State Machine Thread - 0] INFO  datanode.InitDatanodeState (InitDatanodeState.java:persistContainerDatanodeDetails(140)) - DatanodeDetails is persisted to /workdir/hadoop-ozone/integration-test/target/test-dir/MiniOzoneClusterImpl-892c99a4-2802-4d8a-8333-ae6293701026/datanode-0/meta/datanode.id
2019-08-22 20:19:27,155 [Thread-326] INFO  volume.HddsVolume (HddsVolume.java:<init>(176)) - Creating Volume: /workdir/hadoop-ozone/integration-test/target/test-dir/MiniOzoneClusterImpl-892c99a4-2802-4d8a-8333-ae6293701026/datanode-1/data/containers/hdds of  storage type : DISK and capacity : 1482555576320
2019-08-22 20:19:27,156 [Thread-326] INFO  volume.VolumeSet (VolumeSet.java:initializeVolumeSet(170)) - Added Volume : /workdir/hadoop-ozone/integration-test/target/test-dir/MiniOzoneClusterImpl-892c99a4-2802-4d8a-8333-ae6293701026/datanode-1/data/containers/hdds to VolumeSet
2019-08-22 20:19:27,156 [Thread-326] INFO  volume.ThrottledAsyncChecker (ThrottledAsyncChecker.java:schedule(140)) - Scheduling a check for org.apache.hadoop.ozone.container.common.volume.HddsVolume@5942409b
2019-08-22 20:19:27,157 [Thread-326] INFO  volume.HddsVolumeChecker (HddsVolumeChecker.java:checkAllVolumes(203)) - Scheduled health check for volume org.apache.hadoop.ozone.container.common.volume.HddsVolume@5942409b
2019-08-22 20:19:27,185 [Thread-326] INFO  impl.RaftServerProxy (ConfUtils.java:logGet(43)) - raft.rpc.type = GRPC (default)
2019-08-22 20:19:27,185 [Thread-326] INFO  grpc.GrpcFactory (GrpcFactory.java:checkPooledByteBufAllocatorUseCacheForAllThreads(45)) - PERFORMANCE WARNING: useCacheForAllThreads is true that may cause Netty to create a lot garbage objects and, as a result, trigger GC.
	It is recommended to disable useCacheForAllThreads by setting -Dorg.apache.ratis.thirdparty.io.netty.allocator.useCacheForAllThreads=false in command line.
2019-08-22 20:19:27,185 [Thread-326] INFO  grpc.GrpcConfigKeys$Server (ConfUtils.java:logGet(43)) - raft.grpc.server.port = 0 (default)
2019-08-22 20:19:27,186 [Thread-326] INFO  server.GrpcService (ConfUtils.java:logGet(43)) - raft.grpc.message.size.max = 33570816 (custom)
2019-08-22 20:19:27,186 [Thread-326] INFO  server.RaftServerConfigKeys (ConfUtils.java:logGet(43)) - raft.server.log.appender.buffer.byte-limit = 33554432 (custom)
2019-08-22 20:19:27,186 [Thread-326] INFO  server.GrpcService (ConfUtils.java:logGet(43)) - raft.grpc.flow.control.window = 1MB (=1048576) (default)
2019-08-22 20:19:27,186 [Thread-326] INFO  server.RaftServerConfigKeys (ConfUtils.java:logGet(43)) - raft.server.rpc.request.timeout = 3000ms (default)
2019-08-22 20:19:27,187 [Thread-326] INFO  server.RaftServerConfigKeys (ConfUtils.java:logGet(43)) - raft.server.storage.dir = [/workdir/hadoop-ozone/integration-test/target/test-dir/MiniOzoneClusterImpl-892c99a4-2802-4d8a-8333-ae6293701026/datanode-1/data/ratis] (custom)
2019-08-22 20:19:27,188 [Thread-326] INFO  replication.SimpleContainerDownloader (SimpleContainerDownloader.java:<init>(72)) - Starting container downloader service to copy containers to replicate.
2019-08-22 20:19:27,189 [Thread-326] INFO  hdfs.DFSUtil (DFSUtil.java:httpServerTemplateForNNAndJN(1641)) - Starting Web-server for hddsDatanode at: http://0.0.0.0:0
2019-08-22 20:19:27,191 [Thread-326] INFO  server.AuthenticationFilter (AuthenticationFilter.java:constructSecretProvider(240)) - Unable to initialize FileSignerSecretProvider, falling back to use random secrets.
2019-08-22 20:19:27,191 [Thread-326] WARN  http.HttpRequestLog (HttpRequestLog.java:getRequestLog(97)) - Jetty request log can only be enabled using Log4j
2019-08-22 20:19:27,193 [Thread-326] INFO  http.HttpServer2 (HttpServer2.java:addGlobalFilter(975)) - Added global filter 'safety' (class=org.apache.hadoop.http.HttpServer2$QuotingInputFilter)
2019-08-22 20:19:27,194 [Thread-326] INFO  http.HttpServer2 (HttpServer2.java:addFilter(948)) - Added filter static_user_filter (class=org.apache.hadoop.http.lib.StaticUserWebFilter$StaticUserFilter) to context hddsDatanode
2019-08-22 20:19:27,194 [Thread-326] INFO  http.HttpServer2 (HttpServer2.java:addFilter(958)) - Added filter static_user_filter (class=org.apache.hadoop.http.lib.StaticUserWebFilter$StaticUserFilter) to context static
2019-08-22 20:19:27,194 [Thread-326] INFO  http.HttpServer2 (HttpServer2.java:addFilter(958)) - Added filter static_user_filter (class=org.apache.hadoop.http.lib.StaticUserWebFilter$StaticUserFilter) to context logs
2019-08-22 20:19:27,195 [Thread-326] INFO  http.HttpServer2 (HttpServer2.java:bindListener(1191)) - Jetty bound to port 38032
2019-08-22 20:19:27,195 [Thread-326] INFO  server.Server (Server.java:doStart(351)) - jetty-9.3.24.v20180605, build timestamp: 2018-06-05T17:11:56Z, git hash: 84205aa28f11a4f31f2a3b86d1bba2cc8ab69827
2019-08-22 20:19:27,197 [Thread-326] INFO  handler.ContextHandler (ContextHandler.java:doStart(781)) - Started o.e.j.s.ServletContextHandler@67137c0f{/logs,file:///workdir/hadoop-ozone/integration-test/target/log,AVAILABLE}
2019-08-22 20:19:27,198 [Thread-326] INFO  handler.ContextHandler (ContextHandler.java:doStart(781)) - Started o.e.j.s.ServletContextHandler@57dab78a{/static,jar:file:/home/user/.m2/repository/org/apache/hadoop/hadoop-hdds-container-service/0.5.0-SNAPSHOT/hadoop-hdds-container-service-0.5.0-SNAPSHOT.jar!/webapps/static,AVAILABLE}
2019-08-22 20:19:27,234 [Thread-326] INFO  handler.ContextHandler (ContextHandler.java:doStart(781)) - Started o.e.j.w.WebAppContext@2201b81b{/,file:///tmp/jetty-0.0.0.0-38032-hddsDatanode-_-any-8098985041396344796.dir/webapp/,AVAILABLE}{/hddsDatanode}
2019-08-22 20:19:27,235 [Thread-326] INFO  server.AbstractConnector (AbstractConnector.java:doStart(278)) - Started ServerConnector@1766bf89{HTTP/1.1,[http/1.1]}{0.0.0.0:38032}
2019-08-22 20:19:27,236 [Thread-326] INFO  server.Server (Server.java:doStart(419)) - Started @35664ms
2019-08-22 20:19:27,237 [Thread-326] INFO  server.BaseHttpServer (BaseHttpServer.java:updateConnectorAddress(213)) - HTTP server of HDDSDATANODE is listening at http://0.0.0.0:38032
2019-08-22 20:19:27,418 | INFO  | ObjectStoreRestHttpServer | Listening HDDS REST traffic on /0.0.0.0:36903 |  
2019-08-22 20:19:27,418 [Thread-326] INFO  ozone.HddsDatanodeService (HddsDatanodeService.java:startPlugins(395)) - Started plug-in org.apache.hadoop.ozone.web.OzoneHddsDatanodeService@5e3de107
2019-08-22 20:19:27,419 [Thread-326] INFO  impl.MetricsSystemImpl (MetricsSystemImpl.java:init(158)) - HddsDatanode metrics system started (again)
2019-08-22 20:19:27,422 [org.apache.hadoop.util.JvmPauseMonitor$Monitor@7a57a1c] INFO  util.JvmPauseMonitor (JvmPauseMonitor.java:run(188)) - Starting JVM pause monitor
2019-08-22 20:19:27,423 [Thread-326] INFO  ozone.HddsDatanodeService (HddsDatanodeService.java:start(184)) - HddsDatanodeService host:pr-hdds-1975-qxxlx-297662434 ip:192.168.36.65
2019-08-22 20:19:27,425 [Datanode State Machine Thread - 0] INFO  datanode.InitDatanodeState (InitDatanodeState.java:persistContainerDatanodeDetails(140)) - DatanodeDetails is persisted to /workdir/hadoop-ozone/integration-test/target/test-dir/MiniOzoneClusterImpl-892c99a4-2802-4d8a-8333-ae6293701026/datanode-1/meta/datanode.id
2019-08-22 20:19:27,430 [Thread-326] INFO  volume.HddsVolume (HddsVolume.java:<init>(176)) - Creating Volume: /workdir/hadoop-ozone/integration-test/target/test-dir/MiniOzoneClusterImpl-892c99a4-2802-4d8a-8333-ae6293701026/datanode-2/data/containers/hdds of  storage type : DISK and capacity : 1482555576320
2019-08-22 20:19:27,431 [Thread-326] INFO  volume.VolumeSet (VolumeSet.java:initializeVolumeSet(170)) - Added Volume : /workdir/hadoop-ozone/integration-test/target/test-dir/MiniOzoneClusterImpl-892c99a4-2802-4d8a-8333-ae6293701026/datanode-2/data/containers/hdds to VolumeSet
2019-08-22 20:19:27,431 [Thread-326] INFO  volume.ThrottledAsyncChecker (ThrottledAsyncChecker.java:schedule(140)) - Scheduling a check for org.apache.hadoop.ozone.container.common.volume.HddsVolume@45c362d7
2019-08-22 20:19:27,431 [Thread-326] INFO  volume.HddsVolumeChecker (HddsVolumeChecker.java:checkAllVolumes(203)) - Scheduled health check for volume org.apache.hadoop.ozone.container.common.volume.HddsVolume@45c362d7
2019-08-22 20:19:27,450 [Thread-326] INFO  impl.RaftServerProxy (ConfUtils.java:logGet(43)) - raft.rpc.type = GRPC (default)
2019-08-22 20:19:27,450 [Thread-326] INFO  grpc.GrpcFactory (GrpcFactory.java:checkPooledByteBufAllocatorUseCacheForAllThreads(45)) - PERFORMANCE WARNING: useCacheForAllThreads is true that may cause Netty to create a lot garbage objects and, as a result, trigger GC.
	It is recommended to disable useCacheForAllThreads by setting -Dorg.apache.ratis.thirdparty.io.netty.allocator.useCacheForAllThreads=false in command line.
2019-08-22 20:19:27,450 [Thread-326] INFO  grpc.GrpcConfigKeys$Server (ConfUtils.java:logGet(43)) - raft.grpc.server.port = 0 (default)
2019-08-22 20:19:27,450 [Thread-326] INFO  server.GrpcService (ConfUtils.java:logGet(43)) - raft.grpc.message.size.max = 33570816 (custom)
2019-08-22 20:19:27,451 [Thread-326] INFO  server.RaftServerConfigKeys (ConfUtils.java:logGet(43)) - raft.server.log.appender.buffer.byte-limit = 33554432 (custom)
2019-08-22 20:19:27,451 [Thread-326] INFO  server.GrpcService (ConfUtils.java:logGet(43)) - raft.grpc.flow.control.window = 1MB (=1048576) (default)
2019-08-22 20:19:27,451 [Thread-326] INFO  server.RaftServerConfigKeys (ConfUtils.java:logGet(43)) - raft.server.rpc.request.timeout = 3000ms (default)
2019-08-22 20:19:27,452 [Thread-326] INFO  server.RaftServerConfigKeys (ConfUtils.java:logGet(43)) - raft.server.storage.dir = [/workdir/hadoop-ozone/integration-test/target/test-dir/MiniOzoneClusterImpl-892c99a4-2802-4d8a-8333-ae6293701026/datanode-2/data/ratis] (custom)
2019-08-22 20:19:27,452 [Thread-326] INFO  replication.SimpleContainerDownloader (SimpleContainerDownloader.java:<init>(72)) - Starting container downloader service to copy containers to replicate.
2019-08-22 20:19:27,453 [Thread-326] INFO  hdfs.DFSUtil (DFSUtil.java:httpServerTemplateForNNAndJN(1641)) - Starting Web-server for hddsDatanode at: http://0.0.0.0:0
2019-08-22 20:19:27,455 [Thread-326] INFO  server.AuthenticationFilter (AuthenticationFilter.java:constructSecretProvider(240)) - Unable to initialize FileSignerSecretProvider, falling back to use random secrets.
2019-08-22 20:19:27,456 [Thread-326] WARN  http.HttpRequestLog (HttpRequestLog.java:getRequestLog(97)) - Jetty request log can only be enabled using Log4j
2019-08-22 20:19:27,458 [Thread-326] INFO  http.HttpServer2 (HttpServer2.java:addGlobalFilter(975)) - Added global filter 'safety' (class=org.apache.hadoop.http.HttpServer2$QuotingInputFilter)
2019-08-22 20:19:27,459 [Thread-326] INFO  http.HttpServer2 (HttpServer2.java:addFilter(948)) - Added filter static_user_filter (class=org.apache.hadoop.http.lib.StaticUserWebFilter$StaticUserFilter) to context hddsDatanode
2019-08-22 20:19:27,459 [Thread-326] INFO  http.HttpServer2 (HttpServer2.java:addFilter(958)) - Added filter static_user_filter (class=org.apache.hadoop.http.lib.StaticUserWebFilter$StaticUserFilter) to context logs
2019-08-22 20:19:27,460 [Thread-326] INFO  http.HttpServer2 (HttpServer2.java:addFilter(958)) - Added filter static_user_filter (class=org.apache.hadoop.http.lib.StaticUserWebFilter$StaticUserFilter) to context static
2019-08-22 20:19:27,461 [Thread-326] INFO  http.HttpServer2 (HttpServer2.java:bindListener(1191)) - Jetty bound to port 41123
2019-08-22 20:19:27,461 [Thread-326] INFO  server.Server (Server.java:doStart(351)) - jetty-9.3.24.v20180605, build timestamp: 2018-06-05T17:11:56Z, git hash: 84205aa28f11a4f31f2a3b86d1bba2cc8ab69827
2019-08-22 20:19:27,463 [Thread-326] INFO  handler.ContextHandler (ContextHandler.java:doStart(781)) - Started o.e.j.s.ServletContextHandler@7bfb22b3{/logs,file:///workdir/hadoop-ozone/integration-test/target/log,AVAILABLE}
2019-08-22 20:19:27,464 [Thread-326] INFO  handler.ContextHandler (ContextHandler.java:doStart(781)) - Started o.e.j.s.ServletContextHandler@3331d0ba{/static,jar:file:/home/user/.m2/repository/org/apache/hadoop/hadoop-hdds-container-service/0.5.0-SNAPSHOT/hadoop-hdds-container-service-0.5.0-SNAPSHOT.jar!/webapps/static,AVAILABLE}
2019-08-22 20:19:27,511 [Thread-326] INFO  handler.ContextHandler (ContextHandler.java:doStart(781)) - Started o.e.j.w.WebAppContext@223796c{/,file:///tmp/jetty-0.0.0.0-41123-hddsDatanode-_-any-3086143877188568712.dir/webapp/,AVAILABLE}{/hddsDatanode}
2019-08-22 20:19:27,511 [Thread-326] INFO  server.AbstractConnector (AbstractConnector.java:doStart(278)) - Started ServerConnector@84177f8{HTTP/1.1,[http/1.1]}{0.0.0.0:41123}
2019-08-22 20:19:27,513 [Thread-326] INFO  server.Server (Server.java:doStart(419)) - Started @35941ms
2019-08-22 20:19:27,513 [Thread-326] INFO  server.BaseHttpServer (BaseHttpServer.java:updateConnectorAddress(213)) - HTTP server of HDDSDATANODE is listening at http://0.0.0.0:41123
2019-08-22 20:19:27,647 | INFO  | ObjectStoreRestHttpServer | Listening HDDS REST traffic on /0.0.0.0:36864 |  
2019-08-22 20:19:27,647 [Thread-326] INFO  ozone.HddsDatanodeService (HddsDatanodeService.java:startPlugins(395)) - Started plug-in org.apache.hadoop.ozone.web.OzoneHddsDatanodeService@639e9d5b
2019-08-22 20:19:27,648 [Thread-326] INFO  ozone.MiniOzoneClusterImpl (MiniOzoneClusterImpl.java:lambda$waitForClusterToBeReady$0(142)) - Waiting for cluster to be ready. Got 0 of 3 DN Heartbeats.
2019-08-22 20:19:27,650 [org.apache.hadoop.util.JvmPauseMonitor$Monitor@7c494cae] INFO  util.JvmPauseMonitor (JvmPauseMonitor.java:run(188)) - Starting JVM pause monitor
2019-08-22 20:19:27,651 [Datanode State Machine Thread - 0] INFO  datanode.InitDatanodeState (InitDatanodeState.java:persistContainerDatanodeDetails(140)) - DatanodeDetails is persisted to /workdir/hadoop-ozone/integration-test/target/test-dir/MiniOzoneClusterImpl-892c99a4-2802-4d8a-8333-ae6293701026/datanode-2/meta/datanode.id
2019-08-22 20:19:28,648 [Thread-326] INFO  ozone.MiniOzoneClusterImpl (MiniOzoneClusterImpl.java:lambda$waitForClusterToBeReady$0(142)) - Waiting for cluster to be ready. Got 0 of 3 DN Heartbeats.
2019-08-22 20:19:29,150 | INFO  | SCMAudit | user=jenkins1000 | ip=192.168.36.65 | op=GET_VERSION null | ret=SUCCESS |  
2019-08-22 20:19:29,178 [Datanode State Machine Thread - 0] INFO  ozoneimpl.OzoneContainer (OzoneContainer.java:start(186)) - Attempting to start container services.
2019-08-22 20:19:29,179 [Datanode State Machine Thread - 0] INFO  ozoneimpl.OzoneContainer (OzoneContainer.java:startContainerScrub(160)) - Background container scrubber has been disabled by hdds.containerscrub.enabled
2019-08-22 20:19:29,180 [Datanode State Machine Thread - 0] INFO  ratis.XceiverServerRatis (XceiverServerRatis.java:start(404)) - Starting XceiverServerRatis 8a8bf17e-3e0b-4281-9eb2-f0900650cab0 at port 0
2019-08-22 20:19:29,187 [Datanode State Machine Thread - 0] INFO  impl.RaftServerProxy (RaftServerProxy.java:lambda$start$3(299)) - 8a8bf17e-3e0b-4281-9eb2-f0900650cab0: start RPC server
2019-08-22 20:19:29,190 [Datanode State Machine Thread - 0] INFO  server.GrpcService (GrpcService.java:startImpl(149)) - 8a8bf17e-3e0b-4281-9eb2-f0900650cab0: GrpcService started, listening on 0.0.0.0/0.0.0.0:42990
2019-08-22 20:19:29,190 [Datanode State Machine Thread - 0] INFO  ratis.XceiverServerRatis (XceiverServerRatis.java:start(414)) - XceiverServerRatis 8a8bf17e-3e0b-4281-9eb2-f0900650cab0 is started using port 42990
2019-08-22 20:19:29,191 [Datanode State Machine Thread - 0] INFO  server.XceiverServerGrpc (XceiverServerGrpc.java:start(161)) - XceiverServerGrpc 8a8bf17e-3e0b-4281-9eb2-f0900650cab0 is started using port 37935
2019-08-22 20:19:29,424 | INFO  | SCMAudit | user=jenkins1000 | ip=192.168.36.65 | op=GET_VERSION null | ret=SUCCESS |  
2019-08-22 20:19:29,487 [Datanode State Machine Thread - 0] INFO  ozoneimpl.OzoneContainer (OzoneContainer.java:start(186)) - Attempting to start container services.
2019-08-22 20:19:29,489 [Datanode State Machine Thread - 0] INFO  ozoneimpl.OzoneContainer (OzoneContainer.java:startContainerScrub(160)) - Background container scrubber has been disabled by hdds.containerscrub.enabled
2019-08-22 20:19:29,489 [Datanode State Machine Thread - 0] INFO  ratis.XceiverServerRatis (XceiverServerRatis.java:start(404)) - Starting XceiverServerRatis aecc5ed5-ad68-40d1-9c43-97df2574d85d at port 0
2019-08-22 20:19:29,497 [Datanode State Machine Thread - 0] INFO  impl.RaftServerProxy (RaftServerProxy.java:lambda$start$3(299)) - aecc5ed5-ad68-40d1-9c43-97df2574d85d: start RPC server
2019-08-22 20:19:29,499 [Datanode State Machine Thread - 0] INFO  server.GrpcService (GrpcService.java:startImpl(149)) - aecc5ed5-ad68-40d1-9c43-97df2574d85d: GrpcService started, listening on 0.0.0.0/0.0.0.0:38592
2019-08-22 20:19:29,499 [Datanode State Machine Thread - 0] INFO  ratis.XceiverServerRatis (XceiverServerRatis.java:start(414)) - XceiverServerRatis aecc5ed5-ad68-40d1-9c43-97df2574d85d is started using port 38592
2019-08-22 20:19:29,500 [Datanode State Machine Thread - 0] INFO  server.XceiverServerGrpc (XceiverServerGrpc.java:start(161)) - XceiverServerGrpc aecc5ed5-ad68-40d1-9c43-97df2574d85d is started using port 33112
2019-08-22 20:19:29,650 [Thread-326] INFO  ozone.MiniOzoneClusterImpl (MiniOzoneClusterImpl.java:lambda$waitForClusterToBeReady$0(142)) - Waiting for cluster to be ready. Got 0 of 3 DN Heartbeats.
2019-08-22 20:19:29,651 | INFO  | SCMAudit | user=jenkins1000 | ip=192.168.36.65 | op=GET_VERSION null | ret=SUCCESS |  
2019-08-22 20:19:29,810 [Datanode State Machine Thread - 0] INFO  ozoneimpl.OzoneContainer (OzoneContainer.java:start(186)) - Attempting to start container services.
2019-08-22 20:19:29,813 [Datanode State Machine Thread - 0] INFO  ozoneimpl.OzoneContainer (OzoneContainer.java:startContainerScrub(160)) - Background container scrubber has been disabled by hdds.containerscrub.enabled
2019-08-22 20:19:29,813 [Datanode State Machine Thread - 0] INFO  ratis.XceiverServerRatis (XceiverServerRatis.java:start(404)) - Starting XceiverServerRatis bcfc59bc-b95c-41d3-8a94-8ed3aa2ce859 at port 0
2019-08-22 20:19:29,820 [Datanode State Machine Thread - 0] INFO  impl.RaftServerProxy (RaftServerProxy.java:lambda$start$3(299)) - bcfc59bc-b95c-41d3-8a94-8ed3aa2ce859: start RPC server
2019-08-22 20:19:29,822 [Datanode State Machine Thread - 0] INFO  server.GrpcService (GrpcService.java:startImpl(149)) - bcfc59bc-b95c-41d3-8a94-8ed3aa2ce859: GrpcService started, listening on 0.0.0.0/0.0.0.0:39978
2019-08-22 20:19:29,822 [Datanode State Machine Thread - 0] INFO  ratis.XceiverServerRatis (XceiverServerRatis.java:start(414)) - XceiverServerRatis bcfc59bc-b95c-41d3-8a94-8ed3aa2ce859 is started using port 39978
2019-08-22 20:19:29,822 [Datanode State Machine Thread - 0] INFO  server.XceiverServerGrpc (XceiverServerGrpc.java:start(161)) - XceiverServerGrpc bcfc59bc-b95c-41d3-8a94-8ed3aa2ce859 is started using port 40652
2019-08-22 20:19:30,650 [Thread-326] INFO  ozone.MiniOzoneClusterImpl (MiniOzoneClusterImpl.java:lambda$waitForClusterToBeReady$0(142)) - Waiting for cluster to be ready. Got 0 of 3 DN Heartbeats.
2019-08-22 20:19:31,150 [IPC Server handler 0 on 33060] INFO  net.NetworkTopology (NetworkTopologyImpl.java:add(110)) - Added a new node: /default-rack/8a8bf17e-3e0b-4281-9eb2-f0900650cab0
2019-08-22 20:19:31,151 [IPC Server handler 0 on 33060] INFO  node.SCMNodeManager (SCMNodeManager.java:register(273)) - Registered Data node : 8a8bf17e-3e0b-4281-9eb2-f0900650cab0{ip: 192.168.36.65, host: pr-hdds-1975-qxxlx-297662434, networkLocation: /default-rack, certSerialId: null}
2019-08-22 20:19:31,155 [EventQueue-NodeRegistrationContainerReportForDataNodeSafeModeRule] INFO  safemode.SCMSafeModeManager (DataNodeSafeModeRule.java:process(71)) - SCM in safe mode. 1 DataNodes registered, 1 required.
2019-08-22 20:19:31,156 [EventQueue-NodeRegistrationContainerReportForDataNodeSafeModeRule] INFO  safemode.SCMSafeModeManager (SCMSafeModeManager.java:validateSafeModeExitRules(177)) - ScmSafeModeManager, all rules are successfully validated
2019-08-22 20:19:31,156 [EventQueue-NodeRegistrationContainerReportForDataNodeSafeModeRule] INFO  safemode.SCMSafeModeManager (SCMSafeModeManager.java:exitSafeMode(193)) - SCM exiting safe mode.
2019-08-22 20:19:31,157 | INFO  | SCMAudit | user=jenkins1000 | ip=192.168.36.65 | op=REGISTER {datanodeDetails=8a8bf17e-3e0b-4281-9eb2-f0900650cab0{ip: 192.168.36.65, host: pr-hdds-1975-qxxlx-297662434, networkLocation: /default-rack, certSerialId: null}} | ret=SUCCESS |  
2019-08-22 20:19:31,177 [grpc-default-executor-0] INFO  impl.RaftServerProxy (RaftServerProxy.java:addNew(89)) - 8a8bf17e-3e0b-4281-9eb2-f0900650cab0: addNew group-390DE5088A21:[8a8bf17e-3e0b-4281-9eb2-f0900650cab0:192.168.36.65:42990] returns group-390DE5088A21:java.util.concurrent.CompletableFuture@3ad48c52[Not completed]
2019-08-22 20:19:31,179 [pool-113-thread-1] INFO  impl.RaftServerImpl (RaftServerImpl.java:<init>(93)) - 8a8bf17e-3e0b-4281-9eb2-f0900650cab0: new RaftServerImpl for group-390DE5088A21:[8a8bf17e-3e0b-4281-9eb2-f0900650cab0:192.168.36.65:42990] with ContainerStateMachine:uninitialized
2019-08-22 20:19:31,181 [pool-113-thread-1] INFO  server.RaftServerConfigKeys (ConfUtils.java:logGet(43)) - raft.server.rpc.timeout.min = 5s (custom)
2019-08-22 20:19:31,181 [pool-113-thread-1] INFO  server.RaftServerConfigKeys (ConfUtils.java:logGet(43)) - raft.server.rpc.timeout.max = 5200ms (custom)
2019-08-22 20:19:31,181 [pool-113-thread-1] INFO  server.RaftServerConfigKeys (ConfUtils.java:logGet(43)) - raft.server.rpcslowness.timeout = 120s (custom)
2019-08-22 20:19:31,181 [pool-113-thread-1] INFO  server.RaftServerConfigKeys (ConfUtils.java:logGet(43)) - raft.server.sleep.deviation.threshold = 300 (default)
2019-08-22 20:19:31,181 [pool-113-thread-1] INFO  server.RaftServerConfigKeys (ConfUtils.java:logGet(43)) - raft.server.log.appender.install.snapshot.enabled = false (custom)
2019-08-22 20:19:31,182 [pool-113-thread-1] INFO  impl.RaftServerImpl (ServerState.java:<init>(105)) - 8a8bf17e-3e0b-4281-9eb2-f0900650cab0:group-390DE5088A21 ConfigurationManager, init=-1: [8a8bf17e-3e0b-4281-9eb2-f0900650cab0:192.168.36.65:42990], old=null, confs=<EMPTY_MAP>
2019-08-22 20:19:31,182 [pool-113-thread-1] INFO  server.RaftServerConfigKeys (ConfUtils.java:logGet(43)) - raft.server.storage.dir = [/workdir/hadoop-ozone/integration-test/target/test-dir/MiniOzoneClusterImpl-892c99a4-2802-4d8a-8333-ae6293701026/datanode-0/data/ratis] (custom)
2019-08-22 20:19:31,183 [pool-113-thread-1] INFO  storage.RaftStorageDirectory (RaftStorageDirectory.java:analyzeStorage(246)) - The storage directory /workdir/hadoop-ozone/integration-test/target/test-dir/MiniOzoneClusterImpl-892c99a4-2802-4d8a-8333-ae6293701026/datanode-0/data/ratis/3b892bf8-b4c0-4131-b943-390de5088a21 does not exist. Creating ...
2019-08-22 20:19:31,425 [IPC Server handler 4 on 33060] INFO  net.NetworkTopology (NetworkTopologyImpl.java:add(110)) - Added a new node: /default-rack/aecc5ed5-ad68-40d1-9c43-97df2574d85d
2019-08-22 20:19:31,425 [IPC Server handler 4 on 33060] INFO  node.SCMNodeManager (SCMNodeManager.java:register(273)) - Registered Data node : aecc5ed5-ad68-40d1-9c43-97df2574d85d{ip: 192.168.36.65, host: pr-hdds-1975-qxxlx-297662434, networkLocation: /default-rack, certSerialId: null}
2019-08-22 20:19:31,426 | INFO  | SCMAudit | user=jenkins1000 | ip=192.168.36.65 | op=REGISTER {datanodeDetails=aecc5ed5-ad68-40d1-9c43-97df2574d85d{ip: 192.168.36.65, host: pr-hdds-1975-qxxlx-297662434, networkLocation: /default-rack, certSerialId: null}} | ret=SUCCESS |  
2019-08-22 20:19:31,613 [pool-113-thread-1] INFO  storage.RaftStorageDirectory (RaftStorageDirectory.java:tryLock(328)) - Lock on /workdir/hadoop-ozone/integration-test/target/test-dir/MiniOzoneClusterImpl-892c99a4-2802-4d8a-8333-ae6293701026/datanode-0/data/ratis/3b892bf8-b4c0-4131-b943-390de5088a21/in_use.lock acquired by nodename 4922@pr-hdds-1975-qxxlx-297662434
2019-08-22 20:19:31,651 [Thread-326] INFO  ozone.MiniOzoneClusterImpl (MiniOzoneClusterImpl.java:lambda$waitForClusterToBeReady$0(142)) - Waiting for cluster to be ready. Got 2 of 3 DN Heartbeats.
2019-08-22 20:19:31,652 [IPC Server handler 5 on 33060] INFO  net.NetworkTopology (NetworkTopologyImpl.java:add(110)) - Added a new node: /default-rack/bcfc59bc-b95c-41d3-8a94-8ed3aa2ce859
2019-08-22 20:19:31,653 [IPC Server handler 5 on 33060] INFO  node.SCMNodeManager (SCMNodeManager.java:register(273)) - Registered Data node : bcfc59bc-b95c-41d3-8a94-8ed3aa2ce859{ip: 192.168.36.65, host: pr-hdds-1975-qxxlx-297662434, networkLocation: /default-rack, certSerialId: null}
2019-08-22 20:19:31,653 | INFO  | SCMAudit | user=jenkins1000 | ip=192.168.36.65 | op=REGISTER {datanodeDetails=bcfc59bc-b95c-41d3-8a94-8ed3aa2ce859{ip: 192.168.36.65, host: pr-hdds-1975-qxxlx-297662434, networkLocation: /default-rack, certSerialId: null}} | ret=SUCCESS |  
2019-08-22 20:19:32,153 [pool-113-thread-1] INFO  storage.RaftStorage (RaftStorage.java:format(72)) - Storage directory /workdir/hadoop-ozone/integration-test/target/test-dir/MiniOzoneClusterImpl-892c99a4-2802-4d8a-8333-ae6293701026/datanode-0/data/ratis/3b892bf8-b4c0-4131-b943-390de5088a21 has been successfully formatted.
2019-08-22 20:19:32,153 [pool-113-thread-1] INFO  ratis.ContainerStateMachine (ContainerStateMachine.java:loadSnapshot(226)) - group-390DE5088A21: The snapshot info is null. Setting the last applied indexto:(t:0, i:~)
2019-08-22 20:19:32,154 [pool-113-thread-1] INFO  server.RaftServerConfigKeys (ConfUtils.java:logGet(43)) - raft.server.leader.election.timeout = 120s (custom)
2019-08-22 20:19:32,154 [pool-113-thread-1] INFO  server.RaftServerConfigKeys (ConfUtils.java:logGet(43)) - raft.server.log.use.memory = false (default)
2019-08-22 20:19:32,154 [pool-113-thread-1] INFO  server.RaftServerConfigKeys (ConfUtils.java:logGet(43)) - raft.server.log.purge.gap = 1000000 (custom)
2019-08-22 20:19:32,154 [pool-113-thread-1] INFO  server.RaftServerConfigKeys (ConfUtils.java:logGet(43)) - raft.server.log.appender.buffer.byte-limit = 33554432 (custom)
2019-08-22 20:19:32,155 [pool-113-thread-1] INFO  server.RaftServerConfigKeys (ConfUtils.java:logGet(43)) - raft.server.log.segment.size.max = 1048576 (custom)
2019-08-22 20:19:32,155 [pool-113-thread-1] INFO  server.RaftServerConfigKeys (ConfUtils.java:logGet(43)) - raft.server.log.segment.cache.num.max = 2 (custom)
2019-08-22 20:19:32,155 [pool-113-thread-1] INFO  segmented.SegmentedRaftLogWorker (SegmentedRaftLogWorker.java:<init>(172)) - new 8a8bf17e-3e0b-4281-9eb2-f0900650cab0-SegmentedRaftLogWorker:Storage Directory /workdir/hadoop-ozone/integration-test/target/test-dir/MiniOzoneClusterImpl-892c99a4-2802-4d8a-8333-ae6293701026/datanode-0/data/ratis/3b892bf8-b4c0-4131-b943-390de5088a21 for RaftStorage:Storage Directory /workdir/hadoop-ozone/integration-test/target/test-dir/MiniOzoneClusterImpl-892c99a4-2802-4d8a-8333-ae6293701026/datanode-0/data/ratis/3b892bf8-b4c0-4131-b943-390de5088a21
2019-08-22 20:19:32,156 [pool-113-thread-1] INFO  server.RaftServerConfigKeys (ConfUtils.java:logGet(43)) - raft.server.log.queue.byte-limit = 2147483647 (custom)
2019-08-22 20:19:32,156 [pool-113-thread-1] INFO  server.RaftServerConfigKeys (ConfUtils.java:logGet(43)) - raft.server.log.queue.element-limit = 1024 (custom)
2019-08-22 20:19:32,157 [pool-113-thread-1] INFO  server.RaftServerConfigKeys (ConfUtils.java:logGet(43)) - raft.server.log.segment.size.max = 1048576 (custom)
2019-08-22 20:19:32,157 [pool-113-thread-1] INFO  server.RaftServerConfigKeys (ConfUtils.java:logGet(43)) - raft.server.log.preallocated.size = 16384 (custom)
2019-08-22 20:19:32,157 [pool-113-thread-1] INFO  server.RaftServerConfigKeys (ConfUtils.java:logGet(43)) - raft.server.log.write.buffer.size = 33554432 (custom)
2019-08-22 20:19:32,158 [pool-113-thread-1] INFO  server.RaftServerConfigKeys (ConfUtils.java:logGet(43)) - raft.server.log.force.sync.num = 128 (default)
2019-08-22 20:19:32,158 [pool-113-thread-1] INFO  server.RaftServerConfigKeys (ConfUtils.java:logGet(43)) - raft.server.log.statemachine.data.sync = true (default)
2019-08-22 20:19:32,158 [pool-113-thread-1] INFO  server.RaftServerConfigKeys (ConfUtils.java:logGet(43)) - raft.server.log.statemachine.data.sync.timeout = 10s (default)
2019-08-22 20:19:32,158 [pool-113-thread-1] INFO  server.RaftServerConfigKeys (ConfUtils.java:logGet(43)) - raft.server.log.statemachine.data.sync.timeout.retry = -1 (default)
2019-08-22 20:19:32,159 [pool-113-thread-1] INFO  server.RaftServerConfigKeys (ConfUtils.java:logGet(43)) - raft.server.log.statemachine.data.caching.enabled = true (custom)
2019-08-22 20:19:32,160 [pool-113-thread-1] INFO  segmented.SegmentedRaftLogWorker (SegmentedRaftLogWorker.java:lambda$new$0(132)) - 8a8bf17e-3e0b-4281-9eb2-f0900650cab0-SegmentedRaftLogWorker:Storage Directory /workdir/hadoop-ozone/integration-test/target/test-dir/MiniOzoneClusterImpl-892c99a4-2802-4d8a-8333-ae6293701026/datanode-0/data/ratis/3b892bf8-b4c0-4131-b943-390de5088a21: flushIndex: setUnconditionally 0 -> -1
2019-08-22 20:19:32,161 [pool-113-thread-1] INFO  server.RaftServerConfigKeys (ConfUtils.java:logGet(43)) - raft.server.snapshot.auto.trigger.enabled = true (custom)
2019-08-22 20:19:32,161 [pool-113-thread-1] INFO  server.RaftServerConfigKeys (ConfUtils.java:logGet(43)) - raft.server.snapshot.auto.trigger.threshold = 10000 (custom)
2019-08-22 20:19:32,161 [pool-113-thread-1] INFO  server.RaftServerConfigKeys (ConfUtils.java:logGet(43)) - raft.server.retrycache.expirytime = 600000ms (custom)
2019-08-22 20:19:32,162 [pool-113-thread-1] INFO  impl.RaftServerImpl (RaftServerImpl.java:start(180)) - 8a8bf17e-3e0b-4281-9eb2-f0900650cab0: start group-390DE5088A21
2019-08-22 20:19:32,162 [pool-113-thread-1] INFO  impl.RaftServerImpl (RaftServerImpl.java:setRole(171)) - 8a8bf17e-3e0b-4281-9eb2-f0900650cab0:group-390DE5088A21 changes role from null to FOLLOWER at term 0 for startAsFollower
2019-08-22 20:19:32,162 [pool-113-thread-1] INFO  impl.RoleInfo (RoleInfo.java:updateAndGet(143)) - 8a8bf17e-3e0b-4281-9eb2-f0900650cab0: start FollowerState
2019-08-22 20:19:32,163 [pool-113-thread-1] INFO  util.JmxRegister (JmxRegister.java:tryRegister(44)) - Successfully registered JMX Bean with object name Ratis:service=RaftServer,group=group-390DE5088A21,id=8a8bf17e-3e0b-4281-9eb2-f0900650cab0
2019-08-22 20:19:32,173 [RatisPipelineUtilsThread] INFO  pipeline.PipelineStateManager (PipelineStateManager.java:addPipeline(56)) - Created pipeline Pipeline[ Id: 3b892bf8-b4c0-4131-b943-390de5088a21, Nodes: 8a8bf17e-3e0b-4281-9eb2-f0900650cab0{ip: 192.168.36.65, host: pr-hdds-1975-qxxlx-297662434, networkLocation: /default-rack, certSerialId: null}, Type:RATIS, Factor:ONE, State:OPEN]
2019-08-22 20:19:32,189 [grpc-default-executor-0] INFO  impl.RaftServerProxy (RaftServerProxy.java:addNew(89)) - aecc5ed5-ad68-40d1-9c43-97df2574d85d: addNew group-0BC407C4BAB3:[aecc5ed5-ad68-40d1-9c43-97df2574d85d:192.168.36.65:38592] returns group-0BC407C4BAB3:java.util.concurrent.CompletableFuture@4453d1d9[Not completed]
2019-08-22 20:19:32,191 [pool-124-thread-1] INFO  impl.RaftServerImpl (RaftServerImpl.java:<init>(93)) - aecc5ed5-ad68-40d1-9c43-97df2574d85d: new RaftServerImpl for group-0BC407C4BAB3:[aecc5ed5-ad68-40d1-9c43-97df2574d85d:192.168.36.65:38592] with ContainerStateMachine:uninitialized
2019-08-22 20:19:32,192 [pool-124-thread-1] INFO  server.RaftServerConfigKeys (ConfUtils.java:logGet(43)) - raft.server.rpc.timeout.min = 5s (custom)
2019-08-22 20:19:32,193 [pool-124-thread-1] INFO  server.RaftServerConfigKeys (ConfUtils.java:logGet(43)) - raft.server.rpc.timeout.max = 5200ms (custom)
2019-08-22 20:19:32,193 [pool-124-thread-1] INFO  server.RaftServerConfigKeys (ConfUtils.java:logGet(43)) - raft.server.rpcslowness.timeout = 120s (custom)
2019-08-22 20:19:32,193 [pool-124-thread-1] INFO  server.RaftServerConfigKeys (ConfUtils.java:logGet(43)) - raft.server.sleep.deviation.threshold = 300 (default)
2019-08-22 20:19:32,193 [pool-124-thread-1] INFO  server.RaftServerConfigKeys (ConfUtils.java:logGet(43)) - raft.server.log.appender.install.snapshot.enabled = false (custom)
2019-08-22 20:19:32,193 [pool-124-thread-1] INFO  impl.RaftServerImpl (ServerState.java:<init>(105)) - aecc5ed5-ad68-40d1-9c43-97df2574d85d:group-0BC407C4BAB3 ConfigurationManager, init=-1: [aecc5ed5-ad68-40d1-9c43-97df2574d85d:192.168.36.65:38592], old=null, confs=<EMPTY_MAP>
2019-08-22 20:19:32,193 [pool-124-thread-1] INFO  server.RaftServerConfigKeys (ConfUtils.java:logGet(43)) - raft.server.storage.dir = [/workdir/hadoop-ozone/integration-test/target/test-dir/MiniOzoneClusterImpl-892c99a4-2802-4d8a-8333-ae6293701026/datanode-1/data/ratis] (custom)
2019-08-22 20:19:32,194 [pool-124-thread-1] INFO  storage.RaftStorageDirectory (RaftStorageDirectory.java:analyzeStorage(246)) - The storage directory /workdir/hadoop-ozone/integration-test/target/test-dir/MiniOzoneClusterImpl-892c99a4-2802-4d8a-8333-ae6293701026/datanode-1/data/ratis/c765f756-70e1-4f14-ad24-0bc407c4bab3 does not exist. Creating ...
2019-08-22 20:19:32,540 [pool-124-thread-1] INFO  storage.RaftStorageDirectory (RaftStorageDirectory.java:tryLock(328)) - Lock on /workdir/hadoop-ozone/integration-test/target/test-dir/MiniOzoneClusterImpl-892c99a4-2802-4d8a-8333-ae6293701026/datanode-1/data/ratis/c765f756-70e1-4f14-ad24-0bc407c4bab3/in_use.lock acquired by nodename 4922@pr-hdds-1975-qxxlx-297662434
2019-08-22 20:19:32,651 [Thread-326] INFO  ozone.MiniOzoneClusterImpl (MiniOzoneClusterImpl.java:lambda$waitForClusterToBeReady$0(142)) - Cluster is ready. Got 3 of 3 DN Heartbeats.
2019-08-22 20:19:32,834 [pool-124-thread-1] INFO  storage.RaftStorage (RaftStorage.java:format(72)) - Storage directory /workdir/hadoop-ozone/integration-test/target/test-dir/MiniOzoneClusterImpl-892c99a4-2802-4d8a-8333-ae6293701026/datanode-1/data/ratis/c765f756-70e1-4f14-ad24-0bc407c4bab3 has been successfully formatted.
2019-08-22 20:19:32,834 [pool-124-thread-1] INFO  ratis.ContainerStateMachine (ContainerStateMachine.java:loadSnapshot(226)) - group-0BC407C4BAB3: The snapshot info is null. Setting the last applied indexto:(t:0, i:~)
2019-08-22 20:19:32,834 [pool-124-thread-1] INFO  server.RaftServerConfigKeys (ConfUtils.java:logGet(43)) - raft.server.leader.election.timeout = 120s (custom)
2019-08-22 20:19:32,835 [pool-124-thread-1] INFO  server.RaftServerConfigKeys (ConfUtils.java:logGet(43)) - raft.server.log.use.memory = false (default)
2019-08-22 20:19:32,835 [pool-124-thread-1] INFO  server.RaftServerConfigKeys (ConfUtils.java:logGet(43)) - raft.server.log.purge.gap = 1000000 (custom)
2019-08-22 20:19:32,835 [pool-124-thread-1] INFO  server.RaftServerConfigKeys (ConfUtils.java:logGet(43)) - raft.server.log.appender.buffer.byte-limit = 33554432 (custom)
2019-08-22 20:19:32,835 [pool-124-thread-1] INFO  server.RaftServerConfigKeys (ConfUtils.java:logGet(43)) - raft.server.log.segment.size.max = 1048576 (custom)
2019-08-22 20:19:32,835 [pool-124-thread-1] INFO  server.RaftServerConfigKeys (ConfUtils.java:logGet(43)) - raft.server.log.segment.cache.num.max = 2 (custom)
2019-08-22 20:19:32,836 [pool-124-thread-1] INFO  segmented.SegmentedRaftLogWorker (SegmentedRaftLogWorker.java:<init>(172)) - new aecc5ed5-ad68-40d1-9c43-97df2574d85d-SegmentedRaftLogWorker:Storage Directory /workdir/hadoop-ozone/integration-test/target/test-dir/MiniOzoneClusterImpl-892c99a4-2802-4d8a-8333-ae6293701026/datanode-1/data/ratis/c765f756-70e1-4f14-ad24-0bc407c4bab3 for RaftStorage:Storage Directory /workdir/hadoop-ozone/integration-test/target/test-dir/MiniOzoneClusterImpl-892c99a4-2802-4d8a-8333-ae6293701026/datanode-1/data/ratis/c765f756-70e1-4f14-ad24-0bc407c4bab3
2019-08-22 20:19:32,836 [pool-124-thread-1] INFO  server.RaftServerConfigKeys (ConfUtils.java:logGet(43)) - raft.server.log.queue.byte-limit = 2147483647 (custom)
2019-08-22 20:19:32,836 [pool-124-thread-1] INFO  server.RaftServerConfigKeys (ConfUtils.java:logGet(43)) - raft.server.log.queue.element-limit = 1024 (custom)
2019-08-22 20:19:32,836 [pool-124-thread-1] INFO  server.RaftServerConfigKeys (ConfUtils.java:logGet(43)) - raft.server.log.segment.size.max = 1048576 (custom)
2019-08-22 20:19:32,837 [pool-124-thread-1] INFO  server.RaftServerConfigKeys (ConfUtils.java:logGet(43)) - raft.server.log.preallocated.size = 16384 (custom)
2019-08-22 20:19:32,837 [pool-124-thread-1] INFO  server.RaftServerConfigKeys (ConfUtils.java:logGet(43)) - raft.server.log.write.buffer.size = 33554432 (custom)
2019-08-22 20:19:32,837 [pool-124-thread-1] INFO  server.RaftServerConfigKeys (ConfUtils.java:logGet(43)) - raft.server.log.force.sync.num = 128 (default)
2019-08-22 20:19:32,837 [pool-124-thread-1] INFO  server.RaftServerConfigKeys (ConfUtils.java:logGet(43)) - raft.server.log.statemachine.data.sync = true (default)
2019-08-22 20:19:32,837 [pool-124-thread-1] INFO  server.RaftServerConfigKeys (ConfUtils.java:logGet(43)) - raft.server.log.statemachine.data.sync.timeout = 10s (default)
2019-08-22 20:19:32,837 [pool-124-thread-1] INFO  server.RaftServerConfigKeys (ConfUtils.java:logGet(43)) - raft.server.log.statemachine.data.sync.timeout.retry = -1 (default)
2019-08-22 20:19:32,838 [pool-124-thread-1] INFO  server.RaftServerConfigKeys (ConfUtils.java:logGet(43)) - raft.server.log.statemachine.data.caching.enabled = true (custom)
2019-08-22 20:19:32,838 [pool-124-thread-1] INFO  segmented.SegmentedRaftLogWorker (SegmentedRaftLogWorker.java:lambda$new$0(132)) - aecc5ed5-ad68-40d1-9c43-97df2574d85d-SegmentedRaftLogWorker:Storage Directory /workdir/hadoop-ozone/integration-test/target/test-dir/MiniOzoneClusterImpl-892c99a4-2802-4d8a-8333-ae6293701026/datanode-1/data/ratis/c765f756-70e1-4f14-ad24-0bc407c4bab3: flushIndex: setUnconditionally 0 -> -1
2019-08-22 20:19:32,838 [pool-124-thread-1] INFO  server.RaftServerConfigKeys (ConfUtils.java:logGet(43)) - raft.server.snapshot.auto.trigger.enabled = true (custom)
2019-08-22 20:19:32,839 [pool-124-thread-1] INFO  server.RaftServerConfigKeys (ConfUtils.java:logGet(43)) - raft.server.snapshot.auto.trigger.threshold = 10000 (custom)
2019-08-22 20:19:32,839 [pool-124-thread-1] INFO  server.RaftServerConfigKeys (ConfUtils.java:logGet(43)) - raft.server.retrycache.expirytime = 600000ms (custom)
2019-08-22 20:19:32,839 [pool-124-thread-1] INFO  impl.RaftServerImpl (RaftServerImpl.java:start(180)) - aecc5ed5-ad68-40d1-9c43-97df2574d85d: start group-0BC407C4BAB3
2019-08-22 20:19:32,839 [pool-124-thread-1] INFO  impl.RaftServerImpl (RaftServerImpl.java:setRole(171)) - aecc5ed5-ad68-40d1-9c43-97df2574d85d:group-0BC407C4BAB3 changes role from null to FOLLOWER at term 0 for startAsFollower
2019-08-22 20:19:32,840 [pool-124-thread-1] INFO  impl.RoleInfo (RoleInfo.java:updateAndGet(143)) - aecc5ed5-ad68-40d1-9c43-97df2574d85d: start FollowerState
2019-08-22 20:19:32,846 [pool-124-thread-1] INFO  util.JmxRegister (JmxRegister.java:tryRegister(44)) - Successfully registered JMX Bean with object name Ratis:service=RaftServer,group=group-0BC407C4BAB3,id=aecc5ed5-ad68-40d1-9c43-97df2574d85d
2019-08-22 20:19:32,855 [RatisPipelineUtilsThread] INFO  pipeline.PipelineStateManager (PipelineStateManager.java:addPipeline(56)) - Created pipeline Pipeline[ Id: c765f756-70e1-4f14-ad24-0bc407c4bab3, Nodes: aecc5ed5-ad68-40d1-9c43-97df2574d85d{ip: 192.168.36.65, host: pr-hdds-1975-qxxlx-297662434, networkLocation: /default-rack, certSerialId: null}, Type:RATIS, Factor:ONE, State:OPEN]
2019-08-22 20:19:32,867 [grpc-default-executor-0] INFO  impl.RaftServerProxy (RaftServerProxy.java:addNew(89)) - bcfc59bc-b95c-41d3-8a94-8ed3aa2ce859: addNew group-26B8FD71F654:[bcfc59bc-b95c-41d3-8a94-8ed3aa2ce859:192.168.36.65:39978] returns group-26B8FD71F654:java.util.concurrent.CompletableFuture@5506a41[Not completed]
2019-08-22 20:19:32,869 [pool-135-thread-1] INFO  impl.RaftServerImpl (RaftServerImpl.java:<init>(93)) - bcfc59bc-b95c-41d3-8a94-8ed3aa2ce859: new RaftServerImpl for group-26B8FD71F654:[bcfc59bc-b95c-41d3-8a94-8ed3aa2ce859:192.168.36.65:39978] with ContainerStateMachine:uninitialized
2019-08-22 20:19:32,871 [pool-135-thread-1] INFO  server.RaftServerConfigKeys (ConfUtils.java:logGet(43)) - raft.server.rpc.timeout.min = 5s (custom)
2019-08-22 20:19:32,871 [pool-135-thread-1] INFO  server.RaftServerConfigKeys (ConfUtils.java:logGet(43)) - raft.server.rpc.timeout.max = 5200ms (custom)
2019-08-22 20:19:32,871 [pool-135-thread-1] INFO  server.RaftServerConfigKeys (ConfUtils.java:logGet(43)) - raft.server.rpcslowness.timeout = 120s (custom)
2019-08-22 20:19:32,871 [pool-135-thread-1] INFO  server.RaftServerConfigKeys (ConfUtils.java:logGet(43)) - raft.server.sleep.deviation.threshold = 300 (default)
2019-08-22 20:19:32,871 [pool-135-thread-1] INFO  server.RaftServerConfigKeys (ConfUtils.java:logGet(43)) - raft.server.log.appender.install.snapshot.enabled = false (custom)
2019-08-22 20:19:32,871 [pool-135-thread-1] INFO  impl.RaftServerImpl (ServerState.java:<init>(105)) - bcfc59bc-b95c-41d3-8a94-8ed3aa2ce859:group-26B8FD71F654 ConfigurationManager, init=-1: [bcfc59bc-b95c-41d3-8a94-8ed3aa2ce859:192.168.36.65:39978], old=null, confs=<EMPTY_MAP>
2019-08-22 20:19:32,872 [pool-135-thread-1] INFO  server.RaftServerConfigKeys (ConfUtils.java:logGet(43)) - raft.server.storage.dir = [/workdir/hadoop-ozone/integration-test/target/test-dir/MiniOzoneClusterImpl-892c99a4-2802-4d8a-8333-ae6293701026/datanode-2/data/ratis] (custom)
2019-08-22 20:19:32,872 [pool-135-thread-1] INFO  storage.RaftStorageDirectory (RaftStorageDirectory.java:analyzeStorage(246)) - The storage directory /workdir/hadoop-ozone/integration-test/target/test-dir/MiniOzoneClusterImpl-892c99a4-2802-4d8a-8333-ae6293701026/datanode-2/data/ratis/62d34f2a-04dd-463c-aef9-26b8fd71f654 does not exist. Creating ...
2019-08-22 20:19:33,147 | INFO  | SCMAudit | user=jenkins1000 | ip=192.168.36.65 | op=SEND_HEARTBEAT {datanodeUUID=8a8bf17e-3e0b-4281-9eb2-f0900650cab0, command=[]} | ret=SUCCESS |  
2019-08-22 20:19:33,424 | INFO  | SCMAudit | user=jenkins1000 | ip=192.168.36.65 | op=SEND_HEARTBEAT {datanodeUUID=aecc5ed5-ad68-40d1-9c43-97df2574d85d, command=[]} | ret=SUCCESS |  
2019-08-22 20:19:33,555 [pool-135-thread-1] INFO  storage.RaftStorageDirectory (RaftStorageDirectory.java:tryLock(328)) - Lock on /workdir/hadoop-ozone/integration-test/target/test-dir/MiniOzoneClusterImpl-892c99a4-2802-4d8a-8333-ae6293701026/datanode-2/data/ratis/62d34f2a-04dd-463c-aef9-26b8fd71f654/in_use.lock acquired by nodename 4922@pr-hdds-1975-qxxlx-297662434
2019-08-22 20:19:33,619 [pool-135-thread-1] INFO  storage.RaftStorage (RaftStorage.java:format(72)) - Storage directory /workdir/hadoop-ozone/integration-test/target/test-dir/MiniOzoneClusterImpl-892c99a4-2802-4d8a-8333-ae6293701026/datanode-2/data/ratis/62d34f2a-04dd-463c-aef9-26b8fd71f654 has been successfully formatted.
2019-08-22 20:19:33,620 [pool-135-thread-1] INFO  ratis.ContainerStateMachine (ContainerStateMachine.java:loadSnapshot(226)) - group-26B8FD71F654: The snapshot info is null. Setting the last applied indexto:(t:0, i:~)
2019-08-22 20:19:33,620 [pool-135-thread-1] INFO  server.RaftServerConfigKeys (ConfUtils.java:logGet(43)) - raft.server.leader.election.timeout = 120s (custom)
2019-08-22 20:19:33,620 [pool-135-thread-1] INFO  server.RaftServerConfigKeys (ConfUtils.java:logGet(43)) - raft.server.log.use.memory = false (default)
2019-08-22 20:19:33,621 [pool-135-thread-1] INFO  server.RaftServerConfigKeys (ConfUtils.java:logGet(43)) - raft.server.log.purge.gap = 1000000 (custom)
2019-08-22 20:19:33,621 [pool-135-thread-1] INFO  server.RaftServerConfigKeys (ConfUtils.java:logGet(43)) - raft.server.log.appender.buffer.byte-limit = 33554432 (custom)
2019-08-22 20:19:33,621 [pool-135-thread-1] INFO  server.RaftServerConfigKeys (ConfUtils.java:logGet(43)) - raft.server.log.segment.size.max = 1048576 (custom)
2019-08-22 20:19:33,621 [pool-135-thread-1] INFO  server.RaftServerConfigKeys (ConfUtils.java:logGet(43)) - raft.server.log.segment.cache.num.max = 2 (custom)
2019-08-22 20:19:33,621 [pool-135-thread-1] INFO  segmented.SegmentedRaftLogWorker (SegmentedRaftLogWorker.java:<init>(172)) - new bcfc59bc-b95c-41d3-8a94-8ed3aa2ce859-SegmentedRaftLogWorker:Storage Directory /workdir/hadoop-ozone/integration-test/target/test-dir/MiniOzoneClusterImpl-892c99a4-2802-4d8a-8333-ae6293701026/datanode-2/data/ratis/62d34f2a-04dd-463c-aef9-26b8fd71f654 for RaftStorage:Storage Directory /workdir/hadoop-ozone/integration-test/target/test-dir/MiniOzoneClusterImpl-892c99a4-2802-4d8a-8333-ae6293701026/datanode-2/data/ratis/62d34f2a-04dd-463c-aef9-26b8fd71f654
2019-08-22 20:19:33,622 [pool-135-thread-1] INFO  server.RaftServerConfigKeys (ConfUtils.java:logGet(43)) - raft.server.log.queue.byte-limit = 2147483647 (custom)
2019-08-22 20:19:33,622 [pool-135-thread-1] INFO  server.RaftServerConfigKeys (ConfUtils.java:logGet(43)) - raft.server.log.queue.element-limit = 1024 (custom)
2019-08-22 20:19:33,622 [pool-135-thread-1] INFO  server.RaftServerConfigKeys (ConfUtils.java:logGet(43)) - raft.server.log.segment.size.max = 1048576 (custom)
2019-08-22 20:19:33,623 [pool-135-thread-1] INFO  server.RaftServerConfigKeys (ConfUtils.java:logGet(43)) - raft.server.log.preallocated.size = 16384 (custom)
2019-08-22 20:19:33,623 [pool-135-thread-1] INFO  server.RaftServerConfigKeys (ConfUtils.java:logGet(43)) - raft.server.log.write.buffer.size = 33554432 (custom)
2019-08-22 20:19:33,623 [pool-135-thread-1] INFO  server.RaftServerConfigKeys (ConfUtils.java:logGet(43)) - raft.server.log.force.sync.num = 128 (default)
2019-08-22 20:19:33,623 [pool-135-thread-1] INFO  server.RaftServerConfigKeys (ConfUtils.java:logGet(43)) - raft.server.log.statemachine.data.sync = true (default)
2019-08-22 20:19:33,623 [pool-135-thread-1] INFO  server.RaftServerConfigKeys (ConfUtils.java:logGet(43)) - raft.server.log.statemachine.data.sync.timeout = 10s (default)
2019-08-22 20:19:33,624 [pool-135-thread-1] INFO  server.RaftServerConfigKeys (ConfUtils.java:logGet(43)) - raft.server.log.statemachine.data.sync.timeout.retry = -1 (default)
2019-08-22 20:19:33,624 [pool-135-thread-1] INFO  server.RaftServerConfigKeys (ConfUtils.java:logGet(43)) - raft.server.log.statemachine.data.caching.enabled = true (custom)
2019-08-22 20:19:33,625 [pool-135-thread-1] INFO  segmented.SegmentedRaftLogWorker (SegmentedRaftLogWorker.java:lambda$new$0(132)) - bcfc59bc-b95c-41d3-8a94-8ed3aa2ce859-SegmentedRaftLogWorker:Storage Directory /workdir/hadoop-ozone/integration-test/target/test-dir/MiniOzoneClusterImpl-892c99a4-2802-4d8a-8333-ae6293701026/datanode-2/data/ratis/62d34f2a-04dd-463c-aef9-26b8fd71f654: flushIndex: setUnconditionally 0 -> -1
2019-08-22 20:19:33,625 [pool-135-thread-1] INFO  server.RaftServerConfigKeys (ConfUtils.java:logGet(43)) - raft.server.snapshot.auto.trigger.enabled = true (custom)
2019-08-22 20:19:33,625 [pool-135-thread-1] INFO  server.RaftServerConfigKeys (ConfUtils.java:logGet(43)) - raft.server.snapshot.auto.trigger.threshold = 10000 (custom)
2019-08-22 20:19:33,625 [pool-135-thread-1] INFO  server.RaftServerConfigKeys (ConfUtils.java:logGet(43)) - raft.server.retrycache.expirytime = 600000ms (custom)
2019-08-22 20:19:33,626 [pool-135-thread-1] INFO  impl.RaftServerImpl (RaftServerImpl.java:start(180)) - bcfc59bc-b95c-41d3-8a94-8ed3aa2ce859: start group-26B8FD71F654
2019-08-22 20:19:33,626 [pool-135-thread-1] INFO  impl.RaftServerImpl (RaftServerImpl.java:setRole(171)) - bcfc59bc-b95c-41d3-8a94-8ed3aa2ce859:group-26B8FD71F654 changes role from null to FOLLOWER at term 0 for startAsFollower
2019-08-22 20:19:33,626 [pool-135-thread-1] INFO  impl.RoleInfo (RoleInfo.java:updateAndGet(143)) - bcfc59bc-b95c-41d3-8a94-8ed3aa2ce859: start FollowerState
2019-08-22 20:19:33,627 [pool-135-thread-1] INFO  util.JmxRegister (JmxRegister.java:tryRegister(44)) - Successfully registered JMX Bean with object name Ratis:service=RaftServer,group=group-26B8FD71F654,id=bcfc59bc-b95c-41d3-8a94-8ed3aa2ce859
2019-08-22 20:19:33,633 [RatisPipelineUtilsThread] INFO  pipeline.PipelineStateManager (PipelineStateManager.java:addPipeline(56)) - Created pipeline Pipeline[ Id: 62d34f2a-04dd-463c-aef9-26b8fd71f654, Nodes: bcfc59bc-b95c-41d3-8a94-8ed3aa2ce859{ip: 192.168.36.65, host: pr-hdds-1975-qxxlx-297662434, networkLocation: /default-rack, certSerialId: null}, Type:RATIS, Factor:ONE, State:OPEN]
2019-08-22 20:19:33,657 | INFO  | SCMAudit | user=jenkins1000 | ip=192.168.36.65 | op=SEND_HEARTBEAT {datanodeUUID=bcfc59bc-b95c-41d3-8a94-8ed3aa2ce859, command=[]} | ret=SUCCESS |  
2019-08-22 20:19:33,671 [grpc-default-executor-2] INFO  impl.RaftServerProxy (RaftServerProxy.java:addNew(89)) - 8a8bf17e-3e0b-4281-9eb2-f0900650cab0: addNew group-8433B0A91521:[8a8bf17e-3e0b-4281-9eb2-f0900650cab0:192.168.36.65:42990, bcfc59bc-b95c-41d3-8a94-8ed3aa2ce859:192.168.36.65:39978, aecc5ed5-ad68-40d1-9c43-97df2574d85d:192.168.36.65:38592] returns group-8433B0A91521:java.util.concurrent.CompletableFuture@1378d62b[Not completed]
2019-08-22 20:19:33,671 [grpc-default-executor-0] INFO  impl.RaftServerProxy (RaftServerProxy.java:addNew(89)) - aecc5ed5-ad68-40d1-9c43-97df2574d85d: addNew group-8433B0A91521:[8a8bf17e-3e0b-4281-9eb2-f0900650cab0:192.168.36.65:42990, bcfc59bc-b95c-41d3-8a94-8ed3aa2ce859:192.168.36.65:39978, aecc5ed5-ad68-40d1-9c43-97df2574d85d:192.168.36.65:38592] returns group-8433B0A91521:java.util.concurrent.CompletableFuture@6c43a441[Not completed]
2019-08-22 20:19:33,671 [grpc-default-executor-1] INFO  impl.RaftServerProxy (RaftServerProxy.java:addNew(89)) - bcfc59bc-b95c-41d3-8a94-8ed3aa2ce859: addNew group-8433B0A91521:[8a8bf17e-3e0b-4281-9eb2-f0900650cab0:192.168.36.65:42990, bcfc59bc-b95c-41d3-8a94-8ed3aa2ce859:192.168.36.65:39978, aecc5ed5-ad68-40d1-9c43-97df2574d85d:192.168.36.65:38592] returns group-8433B0A91521:java.util.concurrent.CompletableFuture@668bbb29[Not completed]
2019-08-22 20:19:33,674 [pool-135-thread-1] INFO  impl.RaftServerImpl (RaftServerImpl.java:<init>(93)) - bcfc59bc-b95c-41d3-8a94-8ed3aa2ce859: new RaftServerImpl for group-8433B0A91521:[8a8bf17e-3e0b-4281-9eb2-f0900650cab0:192.168.36.65:42990, bcfc59bc-b95c-41d3-8a94-8ed3aa2ce859:192.168.36.65:39978, aecc5ed5-ad68-40d1-9c43-97df2574d85d:192.168.36.65:38592] with ContainerStateMachine:uninitialized
2019-08-22 20:19:33,674 [pool-135-thread-1] INFO  server.RaftServerConfigKeys (ConfUtils.java:logGet(43)) - raft.server.rpc.timeout.min = 5s (custom)
2019-08-22 20:19:33,675 [pool-135-thread-1] INFO  server.RaftServerConfigKeys (ConfUtils.java:logGet(43)) - raft.server.rpc.timeout.max = 5200ms (custom)
2019-08-22 20:19:33,675 [pool-135-thread-1] INFO  server.RaftServerConfigKeys (ConfUtils.java:logGet(43)) - raft.server.rpcslowness.timeout = 120s (custom)
2019-08-22 20:19:33,675 [pool-135-thread-1] INFO  server.RaftServerConfigKeys (ConfUtils.java:logGet(43)) - raft.server.sleep.deviation.threshold = 300 (default)
2019-08-22 20:19:33,675 [pool-135-thread-1] INFO  server.RaftServerConfigKeys (ConfUtils.java:logGet(43)) - raft.server.log.appender.install.snapshot.enabled = false (custom)
2019-08-22 20:19:33,675 [pool-135-thread-1] INFO  impl.RaftServerImpl (ServerState.java:<init>(105)) - bcfc59bc-b95c-41d3-8a94-8ed3aa2ce859:group-8433B0A91521 ConfigurationManager, init=-1: [8a8bf17e-3e0b-4281-9eb2-f0900650cab0:192.168.36.65:42990, bcfc59bc-b95c-41d3-8a94-8ed3aa2ce859:192.168.36.65:39978, aecc5ed5-ad68-40d1-9c43-97df2574d85d:192.168.36.65:38592], old=null, confs=<EMPTY_MAP>
2019-08-22 20:19:33,676 [pool-124-thread-1] INFO  impl.RaftServerImpl (RaftServerImpl.java:<init>(93)) - aecc5ed5-ad68-40d1-9c43-97df2574d85d: new RaftServerImpl for group-8433B0A91521:[8a8bf17e-3e0b-4281-9eb2-f0900650cab0:192.168.36.65:42990, bcfc59bc-b95c-41d3-8a94-8ed3aa2ce859:192.168.36.65:39978, aecc5ed5-ad68-40d1-9c43-97df2574d85d:192.168.36.65:38592] with ContainerStateMachine:uninitialized
2019-08-22 20:19:33,676 [pool-135-thread-1] INFO  server.RaftServerConfigKeys (ConfUtils.java:logGet(43)) - raft.server.storage.dir = [/workdir/hadoop-ozone/integration-test/target/test-dir/MiniOzoneClusterImpl-892c99a4-2802-4d8a-8333-ae6293701026/datanode-2/data/ratis] (custom)
2019-08-22 20:19:33,676 [pool-124-thread-1] INFO  server.RaftServerConfigKeys (ConfUtils.java:logGet(43)) - raft.server.rpc.timeout.min = 5s (custom)
2019-08-22 20:19:33,676 [pool-124-thread-1] INFO  server.RaftServerConfigKeys (ConfUtils.java:logGet(43)) - raft.server.rpc.timeout.max = 5200ms (custom)
2019-08-22 20:19:33,676 [pool-135-thread-1] INFO  storage.RaftStorageDirectory (RaftStorageDirectory.java:analyzeStorage(246)) - The storage directory /workdir/hadoop-ozone/integration-test/target/test-dir/MiniOzoneClusterImpl-892c99a4-2802-4d8a-8333-ae6293701026/datanode-2/data/ratis/777a1c3c-7675-481a-bace-8433b0a91521 does not exist. Creating ...
2019-08-22 20:19:33,676 [pool-124-thread-1] INFO  server.RaftServerConfigKeys (ConfUtils.java:logGet(43)) - raft.server.rpcslowness.timeout = 120s (custom)
2019-08-22 20:19:33,676 [pool-113-thread-1] INFO  impl.RaftServerImpl (RaftServerImpl.java:<init>(93)) - 8a8bf17e-3e0b-4281-9eb2-f0900650cab0: new RaftServerImpl for group-8433B0A91521:[8a8bf17e-3e0b-4281-9eb2-f0900650cab0:192.168.36.65:42990, bcfc59bc-b95c-41d3-8a94-8ed3aa2ce859:192.168.36.65:39978, aecc5ed5-ad68-40d1-9c43-97df2574d85d:192.168.36.65:38592] with ContainerStateMachine:uninitialized
2019-08-22 20:19:33,677 [pool-124-thread-1] INFO  server.RaftServerConfigKeys (ConfUtils.java:logGet(43)) - raft.server.sleep.deviation.threshold = 300 (default)
2019-08-22 20:19:33,677 [pool-113-thread-1] INFO  server.RaftServerConfigKeys (ConfUtils.java:logGet(43)) - raft.server.rpc.timeout.min = 5s (custom)
2019-08-22 20:19:33,677 [pool-124-thread-1] INFO  server.RaftServerConfigKeys (ConfUtils.java:logGet(43)) - raft.server.log.appender.install.snapshot.enabled = false (custom)
2019-08-22 20:19:33,677 [pool-113-thread-1] INFO  server.RaftServerConfigKeys (ConfUtils.java:logGet(43)) - raft.server.rpc.timeout.max = 5200ms (custom)
2019-08-22 20:19:33,678 [pool-124-thread-1] INFO  impl.RaftServerImpl (ServerState.java:<init>(105)) - aecc5ed5-ad68-40d1-9c43-97df2574d85d:group-8433B0A91521 ConfigurationManager, init=-1: [8a8bf17e-3e0b-4281-9eb2-f0900650cab0:192.168.36.65:42990, bcfc59bc-b95c-41d3-8a94-8ed3aa2ce859:192.168.36.65:39978, aecc5ed5-ad68-40d1-9c43-97df2574d85d:192.168.36.65:38592], old=null, confs=<EMPTY_MAP>
2019-08-22 20:19:33,678 [pool-113-thread-1] INFO  server.RaftServerConfigKeys (ConfUtils.java:logGet(43)) - raft.server.rpcslowness.timeout = 120s (custom)
2019-08-22 20:19:33,678 [pool-124-thread-1] INFO  server.RaftServerConfigKeys (ConfUtils.java:logGet(43)) - raft.server.storage.dir = [/workdir/hadoop-ozone/integration-test/target/test-dir/MiniOzoneClusterImpl-892c99a4-2802-4d8a-8333-ae6293701026/datanode-1/data/ratis] (custom)
2019-08-22 20:19:33,678 [pool-113-thread-1] INFO  server.RaftServerConfigKeys (ConfUtils.java:logGet(43)) - raft.server.sleep.deviation.threshold = 300 (default)
2019-08-22 20:19:33,679 [pool-113-thread-1] INFO  server.RaftServerConfigKeys (ConfUtils.java:logGet(43)) - raft.server.log.appender.install.snapshot.enabled = false (custom)
2019-08-22 20:19:33,679 [pool-113-thread-1] INFO  impl.RaftServerImpl (ServerState.java:<init>(105)) - 8a8bf17e-3e0b-4281-9eb2-f0900650cab0:group-8433B0A91521 ConfigurationManager, init=-1: [8a8bf17e-3e0b-4281-9eb2-f0900650cab0:192.168.36.65:42990, bcfc59bc-b95c-41d3-8a94-8ed3aa2ce859:192.168.36.65:39978, aecc5ed5-ad68-40d1-9c43-97df2574d85d:192.168.36.65:38592], old=null, confs=<EMPTY_MAP>
2019-08-22 20:19:33,679 [pool-124-thread-1] INFO  storage.RaftStorageDirectory (RaftStorageDirectory.java:analyzeStorage(246)) - The storage directory /workdir/hadoop-ozone/integration-test/target/test-dir/MiniOzoneClusterImpl-892c99a4-2802-4d8a-8333-ae6293701026/datanode-1/data/ratis/777a1c3c-7675-481a-bace-8433b0a91521 does not exist. Creating ...
2019-08-22 20:19:33,679 [pool-113-thread-1] INFO  server.RaftServerConfigKeys (ConfUtils.java:logGet(43)) - raft.server.storage.dir = [/workdir/hadoop-ozone/integration-test/target/test-dir/MiniOzoneClusterImpl-892c99a4-2802-4d8a-8333-ae6293701026/datanode-0/data/ratis] (custom)
2019-08-22 20:19:33,680 [pool-113-thread-1] INFO  storage.RaftStorageDirectory (RaftStorageDirectory.java:analyzeStorage(246)) - The storage directory /workdir/hadoop-ozone/integration-test/target/test-dir/MiniOzoneClusterImpl-892c99a4-2802-4d8a-8333-ae6293701026/datanode-0/data/ratis/777a1c3c-7675-481a-bace-8433b0a91521 does not exist. Creating ...
2019-08-22 20:19:33,710 [pool-113-thread-1] INFO  storage.RaftStorageDirectory (RaftStorageDirectory.java:tryLock(328)) - Lock on /workdir/hadoop-ozone/integration-test/target/test-dir/MiniOzoneClusterImpl-892c99a4-2802-4d8a-8333-ae6293701026/datanode-0/data/ratis/777a1c3c-7675-481a-bace-8433b0a91521/in_use.lock acquired by nodename 4922@pr-hdds-1975-qxxlx-297662434
2019-08-22 20:19:33,710 [pool-124-thread-1] INFO  storage.RaftStorageDirectory (RaftStorageDirectory.java:tryLock(328)) - Lock on /workdir/hadoop-ozone/integration-test/target/test-dir/MiniOzoneClusterImpl-892c99a4-2802-4d8a-8333-ae6293701026/datanode-1/data/ratis/777a1c3c-7675-481a-bace-8433b0a91521/in_use.lock acquired by nodename 4922@pr-hdds-1975-qxxlx-297662434
2019-08-22 20:19:33,710 [pool-135-thread-1] INFO  storage.RaftStorageDirectory (RaftStorageDirectory.java:tryLock(328)) - Lock on /workdir/hadoop-ozone/integration-test/target/test-dir/MiniOzoneClusterImpl-892c99a4-2802-4d8a-8333-ae6293701026/datanode-2/data/ratis/777a1c3c-7675-481a-bace-8433b0a91521/in_use.lock acquired by nodename 4922@pr-hdds-1975-qxxlx-297662434
2019-08-22 20:19:33,738 [pool-135-thread-1] INFO  storage.RaftStorage (RaftStorage.java:format(72)) - Storage directory /workdir/hadoop-ozone/integration-test/target/test-dir/MiniOzoneClusterImpl-892c99a4-2802-4d8a-8333-ae6293701026/datanode-2/data/ratis/777a1c3c-7675-481a-bace-8433b0a91521 has been successfully formatted.
2019-08-22 20:19:33,738 [pool-113-thread-1] INFO  storage.RaftStorage (RaftStorage.java:format(72)) - Storage directory /workdir/hadoop-ozone/integration-test/target/test-dir/MiniOzoneClusterImpl-892c99a4-2802-4d8a-8333-ae6293701026/datanode-0/data/ratis/777a1c3c-7675-481a-bace-8433b0a91521 has been successfully formatted.
2019-08-22 20:19:33,739 [pool-135-thread-1] INFO  ratis.ContainerStateMachine (ContainerStateMachine.java:loadSnapshot(226)) - group-8433B0A91521: The snapshot info is null. Setting the last applied indexto:(t:0, i:~)
2019-08-22 20:19:33,738 [pool-124-thread-1] INFO  storage.RaftStorage (RaftStorage.java:format(72)) - Storage directory /workdir/hadoop-ozone/integration-test/target/test-dir/MiniOzoneClusterImpl-892c99a4-2802-4d8a-8333-ae6293701026/datanode-1/data/ratis/777a1c3c-7675-481a-bace-8433b0a91521 has been successfully formatted.
2019-08-22 20:19:33,739 [pool-135-thread-1] INFO  server.RaftServerConfigKeys (ConfUtils.java:logGet(43)) - raft.server.leader.election.timeout = 120s (custom)
2019-08-22 20:19:33,739 [pool-113-thread-1] INFO  ratis.ContainerStateMachine (ContainerStateMachine.java:loadSnapshot(226)) - group-8433B0A91521: The snapshot info is null. Setting the last applied indexto:(t:0, i:~)
2019-08-22 20:19:33,739 [pool-135-thread-1] INFO  server.RaftServerConfigKeys (ConfUtils.java:logGet(43)) - raft.server.log.use.memory = false (default)
2019-08-22 20:19:33,739 [pool-124-thread-1] INFO  ratis.ContainerStateMachine (ContainerStateMachine.java:loadSnapshot(226)) - group-8433B0A91521: The snapshot info is null. Setting the last applied indexto:(t:0, i:~)
2019-08-22 20:19:33,740 [pool-135-thread-1] INFO  server.RaftServerConfigKeys (ConfUtils.java:logGet(43)) - raft.server.log.purge.gap = 1000000 (custom)
2019-08-22 20:19:33,739 [pool-113-thread-1] INFO  server.RaftServerConfigKeys (ConfUtils.java:logGet(43)) - raft.server.leader.election.timeout = 120s (custom)
2019-08-22 20:19:33,740 [pool-135-thread-1] INFO  server.RaftServerConfigKeys (ConfUtils.java:logGet(43)) - raft.server.log.appender.buffer.byte-limit = 33554432 (custom)
2019-08-22 20:19:33,740 [pool-124-thread-1] INFO  server.RaftServerConfigKeys (ConfUtils.java:logGet(43)) - raft.server.leader.election.timeout = 120s (custom)
2019-08-22 20:19:33,740 [pool-135-thread-1] INFO  server.RaftServerConfigKeys (ConfUtils.java:logGet(43)) - raft.server.log.segment.size.max = 1048576 (custom)
2019-08-22 20:19:33,740 [pool-113-thread-1] INFO  server.RaftServerConfigKeys (ConfUtils.java:logGet(43)) - raft.server.log.use.memory = false (default)
2019-08-22 20:19:33,741 [pool-135-thread-1] INFO  server.RaftServerConfigKeys (ConfUtils.java:logGet(43)) - raft.server.log.segment.cache.num.max = 2 (custom)
2019-08-22 20:19:33,741 [pool-124-thread-1] INFO  server.RaftServerConfigKeys (ConfUtils.java:logGet(43)) - raft.server.log.use.memory = false (default)
2019-08-22 20:19:33,741 [pool-135-thread-1] INFO  segmented.SegmentedRaftLogWorker (SegmentedRaftLogWorker.java:<init>(172)) - new bcfc59bc-b95c-41d3-8a94-8ed3aa2ce859-SegmentedRaftLogWorker:Storage Directory /workdir/hadoop-ozone/integration-test/target/test-dir/MiniOzoneClusterImpl-892c99a4-2802-4d8a-8333-ae6293701026/datanode-2/data/ratis/777a1c3c-7675-481a-bace-8433b0a91521 for RaftStorage:Storage Directory /workdir/hadoop-ozone/integration-test/target/test-dir/MiniOzoneClusterImpl-892c99a4-2802-4d8a-8333-ae6293701026/datanode-2/data/ratis/777a1c3c-7675-481a-bace-8433b0a91521
2019-08-22 20:19:33,741 [pool-113-thread-1] INFO  server.RaftServerConfigKeys (ConfUtils.java:logGet(43)) - raft.server.log.purge.gap = 1000000 (custom)
2019-08-22 20:19:33,741 [pool-135-thread-1] INFO  server.RaftServerConfigKeys (ConfUtils.java:logGet(43)) - raft.server.log.queue.byte-limit = 2147483647 (custom)
2019-08-22 20:19:33,741 [pool-124-thread-1] INFO  server.RaftServerConfigKeys (ConfUtils.java:logGet(43)) - raft.server.log.purge.gap = 1000000 (custom)
2019-08-22 20:19:33,742 [pool-135-thread-1] INFO  server.RaftServerConfigKeys (ConfUtils.java:logGet(43)) - raft.server.log.queue.element-limit = 1024 (custom)
2019-08-22 20:19:33,742 [pool-113-thread-1] INFO  server.RaftServerConfigKeys (ConfUtils.java:logGet(43)) - raft.server.log.appender.buffer.byte-limit = 33554432 (custom)
2019-08-22 20:19:33,742 [pool-135-thread-1] INFO  server.RaftServerConfigKeys (ConfUtils.java:logGet(43)) - raft.server.log.segment.size.max = 1048576 (custom)
2019-08-22 20:19:33,742 [pool-124-thread-1] INFO  server.RaftServerConfigKeys (ConfUtils.java:logGet(43)) - raft.server.log.appender.buffer.byte-limit = 33554432 (custom)
2019-08-22 20:19:33,742 [pool-135-thread-1] INFO  server.RaftServerConfigKeys (ConfUtils.java:logGet(43)) - raft.server.log.preallocated.size = 16384 (custom)
2019-08-22 20:19:33,742 [pool-113-thread-1] INFO  server.RaftServerConfigKeys (ConfUtils.java:logGet(43)) - raft.server.log.segment.size.max = 1048576 (custom)
2019-08-22 20:19:33,743 [pool-135-thread-1] INFO  server.RaftServerConfigKeys (ConfUtils.java:logGet(43)) - raft.server.log.write.buffer.size = 33554432 (custom)
2019-08-22 20:19:33,743 [pool-124-thread-1] INFO  server.RaftServerConfigKeys (ConfUtils.java:logGet(43)) - raft.server.log.segment.size.max = 1048576 (custom)
2019-08-22 20:19:33,743 [pool-135-thread-1] INFO  server.RaftServerConfigKeys (ConfUtils.java:logGet(43)) - raft.server.log.force.sync.num = 128 (default)
2019-08-22 20:19:33,743 [pool-113-thread-1] INFO  server.RaftServerConfigKeys (ConfUtils.java:logGet(43)) - raft.server.log.segment.cache.num.max = 2 (custom)
2019-08-22 20:19:33,743 [pool-135-thread-1] INFO  server.RaftServerConfigKeys (ConfUtils.java:logGet(43)) - raft.server.log.statemachine.data.sync = true (default)
2019-08-22 20:19:33,743 [pool-124-thread-1] INFO  server.RaftServerConfigKeys (ConfUtils.java:logGet(43)) - raft.server.log.segment.cache.num.max = 2 (custom)
2019-08-22 20:19:33,744 [pool-135-thread-1] INFO  server.RaftServerConfigKeys (ConfUtils.java:logGet(43)) - raft.server.log.statemachine.data.sync.timeout = 10s (default)
2019-08-22 20:19:33,744 [pool-113-thread-1] INFO  segmented.SegmentedRaftLogWorker (SegmentedRaftLogWorker.java:<init>(172)) - new 8a8bf17e-3e0b-4281-9eb2-f0900650cab0-SegmentedRaftLogWorker:Storage Directory /workdir/hadoop-ozone/integration-test/target/test-dir/MiniOzoneClusterImpl-892c99a4-2802-4d8a-8333-ae6293701026/datanode-0/data/ratis/777a1c3c-7675-481a-bace-8433b0a91521 for RaftStorage:Storage Directory /workdir/hadoop-ozone/integration-test/target/test-dir/MiniOzoneClusterImpl-892c99a4-2802-4d8a-8333-ae6293701026/datanode-0/data/ratis/777a1c3c-7675-481a-bace-8433b0a91521
2019-08-22 20:19:33,744 [pool-135-thread-1] INFO  server.RaftServerConfigKeys (ConfUtils.java:logGet(43)) - raft.server.log.statemachine.data.sync.timeout.retry = -1 (default)
2019-08-22 20:19:33,744 [pool-124-thread-1] INFO  segmented.SegmentedRaftLogWorker (SegmentedRaftLogWorker.java:<init>(172)) - new aecc5ed5-ad68-40d1-9c43-97df2574d85d-SegmentedRaftLogWorker:Storage Directory /workdir/hadoop-ozone/integration-test/target/test-dir/MiniOzoneClusterImpl-892c99a4-2802-4d8a-8333-ae6293701026/datanode-1/data/ratis/777a1c3c-7675-481a-bace-8433b0a91521 for RaftStorage:Storage Directory /workdir/hadoop-ozone/integration-test/target/test-dir/MiniOzoneClusterImpl-892c99a4-2802-4d8a-8333-ae6293701026/datanode-1/data/ratis/777a1c3c-7675-481a-bace-8433b0a91521
2019-08-22 20:19:33,745 [pool-135-thread-1] INFO  server.RaftServerConfigKeys (ConfUtils.java:logGet(43)) - raft.server.log.statemachine.data.caching.enabled = true (custom)
2019-08-22 20:19:33,744 [pool-113-thread-1] INFO  server.RaftServerConfigKeys (ConfUtils.java:logGet(43)) - raft.server.log.queue.byte-limit = 2147483647 (custom)
2019-08-22 20:19:33,745 [pool-124-thread-1] INFO  server.RaftServerConfigKeys (ConfUtils.java:logGet(43)) - raft.server.log.queue.byte-limit = 2147483647 (custom)
2019-08-22 20:19:33,745 [pool-135-thread-1] INFO  segmented.SegmentedRaftLogWorker (SegmentedRaftLogWorker.java:lambda$new$0(132)) - bcfc59bc-b95c-41d3-8a94-8ed3aa2ce859-SegmentedRaftLogWorker:Storage Directory /workdir/hadoop-ozone/integration-test/target/test-dir/MiniOzoneClusterImpl-892c99a4-2802-4d8a-8333-ae6293701026/datanode-2/data/ratis/777a1c3c-7675-481a-bace-8433b0a91521: flushIndex: setUnconditionally 0 -> -1
2019-08-22 20:19:33,745 [pool-113-thread-1] INFO  server.RaftServerConfigKeys (ConfUtils.java:logGet(43)) - raft.server.log.queue.element-limit = 1024 (custom)
2019-08-22 20:19:33,745 [pool-124-thread-1] INFO  server.RaftServerConfigKeys (ConfUtils.java:logGet(43)) - raft.server.log.queue.element-limit = 1024 (custom)
2019-08-22 20:19:33,746 [pool-135-thread-1] INFO  server.RaftServerConfigKeys (ConfUtils.java:logGet(43)) - raft.server.snapshot.auto.trigger.enabled = true (custom)
2019-08-22 20:19:33,746 [pool-113-thread-1] INFO  server.RaftServerConfigKeys (ConfUtils.java:logGet(43)) - raft.server.log.segment.size.max = 1048576 (custom)
2019-08-22 20:19:33,746 [pool-135-thread-1] INFO  server.RaftServerConfigKeys (ConfUtils.java:logGet(43)) - raft.server.snapshot.auto.trigger.threshold = 10000 (custom)
2019-08-22 20:19:33,746 [pool-124-thread-1] INFO  server.RaftServerConfigKeys (ConfUtils.java:logGet(43)) - raft.server.log.segment.size.max = 1048576 (custom)
2019-08-22 20:19:33,746 [pool-135-thread-1] INFO  server.RaftServerConfigKeys (ConfUtils.java:logGet(43)) - raft.server.retrycache.expirytime = 600000ms (custom)
2019-08-22 20:19:33,746 [pool-124-thread-1] INFO  server.RaftServerConfigKeys (ConfUtils.java:logGet(43)) - raft.server.log.preallocated.size = 16384 (custom)
2019-08-22 20:19:33,746 [pool-113-thread-1] INFO  server.RaftServerConfigKeys (ConfUtils.java:logGet(43)) - raft.server.log.preallocated.size = 16384 (custom)
2019-08-22 20:19:33,747 [pool-135-thread-1] INFO  impl.RaftServerImpl (RaftServerImpl.java:start(180)) - bcfc59bc-b95c-41d3-8a94-8ed3aa2ce859: start group-8433B0A91521
2019-08-22 20:19:33,747 [pool-124-thread-1] INFO  server.RaftServerConfigKeys (ConfUtils.java:logGet(43)) - raft.server.log.write.buffer.size = 33554432 (custom)
2019-08-22 20:19:33,747 [pool-135-thread-1] INFO  impl.RaftServerImpl (RaftServerImpl.java:setRole(171)) - bcfc59bc-b95c-41d3-8a94-8ed3aa2ce859:group-8433B0A91521 changes role from null to FOLLOWER at term 0 for startAsFollower
2019-08-22 20:19:33,747 [pool-113-thread-1] INFO  server.RaftServerConfigKeys (ConfUtils.java:logGet(43)) - raft.server.log.write.buffer.size = 33554432 (custom)
2019-08-22 20:19:33,747 [pool-135-thread-1] INFO  impl.RoleInfo (RoleInfo.java:updateAndGet(143)) - bcfc59bc-b95c-41d3-8a94-8ed3aa2ce859: start FollowerState
2019-08-22 20:19:33,747 [pool-124-thread-1] INFO  server.RaftServerConfigKeys (ConfUtils.java:logGet(43)) - raft.server.log.force.sync.num = 128 (default)
2019-08-22 20:19:33,747 [pool-113-thread-1] INFO  server.RaftServerConfigKeys (ConfUtils.java:logGet(43)) - raft.server.log.force.sync.num = 128 (default)
2019-08-22 20:19:33,748 [pool-124-thread-1] INFO  server.RaftServerConfigKeys (ConfUtils.java:logGet(43)) - raft.server.log.statemachine.data.sync = true (default)
2019-08-22 20:19:33,748 [pool-113-thread-1] INFO  server.RaftServerConfigKeys (ConfUtils.java:logGet(43)) - raft.server.log.statemachine.data.sync = true (default)
2019-08-22 20:19:33,748 [pool-135-thread-1] INFO  util.JmxRegister (JmxRegister.java:tryRegister(44)) - Successfully registered JMX Bean with object name Ratis:service=RaftServer,group=group-8433B0A91521,id=bcfc59bc-b95c-41d3-8a94-8ed3aa2ce859
2019-08-22 20:19:33,748 [pool-113-thread-1] INFO  server.RaftServerConfigKeys (ConfUtils.java:logGet(43)) - raft.server.log.statemachine.data.sync.timeout = 10s (default)
2019-08-22 20:19:33,748 [pool-124-thread-1] INFO  server.RaftServerConfigKeys (ConfUtils.java:logGet(43)) - raft.server.log.statemachine.data.sync.timeout = 10s (default)
2019-08-22 20:19:33,749 [pool-113-thread-1] INFO  server.RaftServerConfigKeys (ConfUtils.java:logGet(43)) - raft.server.log.statemachine.data.sync.timeout.retry = -1 (default)
2019-08-22 20:19:33,749 [pool-124-thread-1] INFO  server.RaftServerConfigKeys (ConfUtils.java:logGet(43)) - raft.server.log.statemachine.data.sync.timeout.retry = -1 (default)
2019-08-22 20:19:33,749 [pool-113-thread-1] INFO  server.RaftServerConfigKeys (ConfUtils.java:logGet(43)) - raft.server.log.statemachine.data.caching.enabled = true (custom)
2019-08-22 20:19:33,749 [pool-124-thread-1] INFO  server.RaftServerConfigKeys (ConfUtils.java:logGet(43)) - raft.server.log.statemachine.data.caching.enabled = true (custom)
2019-08-22 20:19:33,750 [pool-113-thread-1] INFO  segmented.SegmentedRaftLogWorker (SegmentedRaftLogWorker.java:lambda$new$0(132)) - 8a8bf17e-3e0b-4281-9eb2-f0900650cab0-SegmentedRaftLogWorker:Storage Directory /workdir/hadoop-ozone/integration-test/target/test-dir/MiniOzoneClusterImpl-892c99a4-2802-4d8a-8333-ae6293701026/datanode-0/data/ratis/777a1c3c-7675-481a-bace-8433b0a91521: flushIndex: setUnconditionally 0 -> -1
2019-08-22 20:19:33,750 [pool-124-thread-1] INFO  segmented.SegmentedRaftLogWorker (SegmentedRaftLogWorker.java:lambda$new$0(132)) - aecc5ed5-ad68-40d1-9c43-97df2574d85d-SegmentedRaftLogWorker:Storage Directory /workdir/hadoop-ozone/integration-test/target/test-dir/MiniOzoneClusterImpl-892c99a4-2802-4d8a-8333-ae6293701026/datanode-1/data/ratis/777a1c3c-7675-481a-bace-8433b0a91521: flushIndex: setUnconditionally 0 -> -1
2019-08-22 20:19:33,750 [pool-113-thread-1] INFO  server.RaftServerConfigKeys (ConfUtils.java:logGet(43)) - raft.server.snapshot.auto.trigger.enabled = true (custom)
2019-08-22 20:19:33,750 [pool-124-thread-1] INFO  server.RaftServerConfigKeys (ConfUtils.java:logGet(43)) - raft.server.snapshot.auto.trigger.enabled = true (custom)
2019-08-22 20:19:33,751 [pool-113-thread-1] INFO  server.RaftServerConfigKeys (ConfUtils.java:logGet(43)) - raft.server.snapshot.auto.trigger.threshold = 10000 (custom)
2019-08-22 20:19:33,751 [pool-124-thread-1] INFO  server.RaftServerConfigKeys (ConfUtils.java:logGet(43)) - raft.server.snapshot.auto.trigger.threshold = 10000 (custom)
2019-08-22 20:19:33,751 [pool-113-thread-1] INFO  server.RaftServerConfigKeys (ConfUtils.java:logGet(43)) - raft.server.retrycache.expirytime = 600000ms (custom)
2019-08-22 20:19:33,751 [pool-124-thread-1] INFO  server.RaftServerConfigKeys (ConfUtils.java:logGet(43)) - raft.server.retrycache.expirytime = 600000ms (custom)
2019-08-22 20:19:33,753 [pool-113-thread-1] INFO  impl.RaftServerImpl (RaftServerImpl.java:start(180)) - 8a8bf17e-3e0b-4281-9eb2-f0900650cab0: start group-8433B0A91521
2019-08-22 20:19:33,753 [pool-124-thread-1] INFO  impl.RaftServerImpl (RaftServerImpl.java:start(180)) - aecc5ed5-ad68-40d1-9c43-97df2574d85d: start group-8433B0A91521
2019-08-22 20:19:33,754 [pool-113-thread-1] INFO  impl.RaftServerImpl (RaftServerImpl.java:setRole(171)) - 8a8bf17e-3e0b-4281-9eb2-f0900650cab0:group-8433B0A91521 changes role from null to FOLLOWER at term 0 for startAsFollower
2019-08-22 20:19:33,754 [pool-124-thread-1] INFO  impl.RaftServerImpl (RaftServerImpl.java:setRole(171)) - aecc5ed5-ad68-40d1-9c43-97df2574d85d:group-8433B0A91521 changes role from null to FOLLOWER at term 0 for startAsFollower
2019-08-22 20:19:33,754 [pool-113-thread-1] INFO  impl.RoleInfo (RoleInfo.java:updateAndGet(143)) - 8a8bf17e-3e0b-4281-9eb2-f0900650cab0: start FollowerState
2019-08-22 20:19:33,754 [pool-124-thread-1] INFO  impl.RoleInfo (RoleInfo.java:updateAndGet(143)) - aecc5ed5-ad68-40d1-9c43-97df2574d85d: start FollowerState
2019-08-22 20:19:33,755 [pool-113-thread-1] INFO  util.JmxRegister (JmxRegister.java:tryRegister(44)) - Successfully registered JMX Bean with object name Ratis:service=RaftServer,group=group-8433B0A91521,id=8a8bf17e-3e0b-4281-9eb2-f0900650cab0
2019-08-22 20:19:33,755 [pool-124-thread-1] INFO  util.JmxRegister (JmxRegister.java:tryRegister(44)) - Successfully registered JMX Bean with object name Ratis:service=RaftServer,group=group-8433B0A91521,id=aecc5ed5-ad68-40d1-9c43-97df2574d85d
2019-08-22 20:19:33,762 [RatisPipelineUtilsThread] INFO  pipeline.PipelineStateManager (PipelineStateManager.java:addPipeline(56)) - Created pipeline Pipeline[ Id: 777a1c3c-7675-481a-bace-8433b0a91521, Nodes: aecc5ed5-ad68-40d1-9c43-97df2574d85d{ip: 192.168.36.65, host: pr-hdds-1975-qxxlx-297662434, networkLocation: /default-rack, certSerialId: null}8a8bf17e-3e0b-4281-9eb2-f0900650cab0{ip: 192.168.36.65, host: pr-hdds-1975-qxxlx-297662434, networkLocation: /default-rack, certSerialId: null}bcfc59bc-b95c-41d3-8a94-8ed3aa2ce859{ip: 192.168.36.65, host: pr-hdds-1975-qxxlx-297662434, networkLocation: /default-rack, certSerialId: null}, Type:RATIS, Factor:THREE, State:OPEN]
2019-08-22 20:19:33,771 [Thread-326] INFO  datanode.ObjectStoreHandler (ObjectStoreHandler.java:close(155)) - Closing ObjectStoreHandler.
2019-08-22 20:19:33,772 [Thread-326] INFO  ozone.HddsDatanodeService (HddsDatanodeService.java:stop(451)) - Stopped plug-in org.apache.hadoop.ozone.web.OzoneHddsDatanodeService@1753e5f5
2019-08-22 20:19:34,145 [Datanode State Machine Thread - 0] INFO  statemachine.DatanodeStateMachine (DatanodeStateMachine.java:lambda$startDaemon$0(350)) - Ozone container server started.
2019-08-22 20:19:34,158 [Thread-498] INFO  container.ReplicationManager (ReplicationManager.java:start(152)) - Starting Replication Monitor Thread.
2019-08-22 20:19:34,160 [ReplicationMonitor] INFO  container.ReplicationManager (ReplicationManager.java:run(215)) - Replication Monitor Thread took 0 milliseconds for processing 0 containers.
2019-08-22 20:19:34,425 | INFO  | SCMAudit | user=jenkins1000 | ip=192.168.36.65 | op=SEND_HEARTBEAT {datanodeUUID=aecc5ed5-ad68-40d1-9c43-97df2574d85d, command=[]} | ret=SUCCESS |  
2019-08-22 20:19:34,651 | INFO  | SCMAudit | user=jenkins1000 | ip=192.168.36.65 | op=SEND_HEARTBEAT {datanodeUUID=bcfc59bc-b95c-41d3-8a94-8ed3aa2ce859, command=[]} | ret=SUCCESS |  
2019-08-22 20:19:35,424 | INFO  | SCMAudit | user=jenkins1000 | ip=192.168.36.65 | op=SEND_HEARTBEAT {datanodeUUID=aecc5ed5-ad68-40d1-9c43-97df2574d85d, command=[]} | ret=SUCCESS |  
2019-08-22 20:19:35,651 | INFO  | SCMAudit | user=jenkins1000 | ip=192.168.36.65 | op=SEND_HEARTBEAT {datanodeUUID=bcfc59bc-b95c-41d3-8a94-8ed3aa2ce859, command=[]} | ret=SUCCESS |  
2019-08-22 20:19:36,425 | INFO  | SCMAudit | user=jenkins1000 | ip=192.168.36.65 | op=SEND_HEARTBEAT {datanodeUUID=aecc5ed5-ad68-40d1-9c43-97df2574d85d, command=[]} | ret=SUCCESS |  
2019-08-22 20:19:36,652 | INFO  | SCMAudit | user=jenkins1000 | ip=192.168.36.65 | op=SEND_HEARTBEAT {datanodeUUID=bcfc59bc-b95c-41d3-8a94-8ed3aa2ce859, command=[]} | ret=SUCCESS |  
2019-08-22 20:19:37,242 [Thread-500] INFO  impl.FollowerState (FollowerState.java:run(106)) - 8a8bf17e-3e0b-4281-9eb2-f0900650cab0:group-390DE5088A21 changes to CANDIDATE, lastRpcTime:5079, electionTimeout:5079ms
2019-08-22 20:19:37,242 [Thread-500] INFO  impl.RoleInfo (RoleInfo.java:shutdownFollowerState(121)) - 8a8bf17e-3e0b-4281-9eb2-f0900650cab0: shutdown FollowerState
2019-08-22 20:19:37,243 [Thread-500] INFO  impl.RaftServerImpl (RaftServerImpl.java:setRole(171)) - 8a8bf17e-3e0b-4281-9eb2-f0900650cab0:group-390DE5088A21 changes role from FOLLOWER to CANDIDATE at term 0 for changeToCandidate
2019-08-22 20:19:37,243 [Thread-500] INFO  impl.RoleInfo (RoleInfo.java:updateAndGet(143)) - 8a8bf17e-3e0b-4281-9eb2-f0900650cab0: start LeaderElection
2019-08-22 20:19:37,278 [8a8bf17e-3e0b-4281-9eb2-f0900650cab0:group-390DE5088A21:LeaderElection13] INFO  impl.LeaderElection (LeaderElection.java:askForVotes(181)) - 8a8bf17e-3e0b-4281-9eb2-f0900650cab0:group-390DE5088A21:LeaderElection13: begin an election at term 1 for -1: [8a8bf17e-3e0b-4281-9eb2-f0900650cab0:192.168.36.65:42990], old=null
2019-08-22 20:19:37,278 [8a8bf17e-3e0b-4281-9eb2-f0900650cab0:group-390DE5088A21:LeaderElection13] INFO  impl.RoleInfo (RoleInfo.java:shutdownLeaderElection(134)) - 8a8bf17e-3e0b-4281-9eb2-f0900650cab0: shutdown LeaderElection
2019-08-22 20:19:37,278 [8a8bf17e-3e0b-4281-9eb2-f0900650cab0:group-390DE5088A21:LeaderElection13] INFO  impl.RaftServerImpl (RaftServerImpl.java:setRole(171)) - 8a8bf17e-3e0b-4281-9eb2-f0900650cab0:group-390DE5088A21 changes role from CANDIDATE to LEADER at term 1 for changeToLeader
2019-08-22 20:19:37,278 [8a8bf17e-3e0b-4281-9eb2-f0900650cab0:group-390DE5088A21:LeaderElection13] INFO  impl.RaftServerImpl (ServerState.java:setLeader(263)) - 8a8bf17e-3e0b-4281-9eb2-f0900650cab0:group-390DE5088A21 change Leader from null to 8a8bf17e-3e0b-4281-9eb2-f0900650cab0 at term 1 for becomeLeader, leader elected after 5124ms
2019-08-22 20:19:37,279 [8a8bf17e-3e0b-4281-9eb2-f0900650cab0:group-390DE5088A21:LeaderElection13] INFO  server.RaftServerConfigKeys (ConfUtils.java:logGet(43)) - raft.server.staging.catchup.gap = 1000 (default)
2019-08-22 20:19:37,279 [8a8bf17e-3e0b-4281-9eb2-f0900650cab0:group-390DE5088A21:LeaderElection13] INFO  server.RaftServerConfigKeys (ConfUtils.java:logGet(43)) - raft.server.rpc.sleep.time = 25ms (default)
2019-08-22 20:19:37,279 [8a8bf17e-3e0b-4281-9eb2-f0900650cab0:group-390DE5088A21:LeaderElection13] INFO  server.RaftServerConfigKeys (ConfUtils.java:logGet(43)) - raft.server.write.element-limit = 4096 (default)
2019-08-22 20:19:37,279 [8a8bf17e-3e0b-4281-9eb2-f0900650cab0:group-390DE5088A21:LeaderElection13] INFO  server.RaftServerConfigKeys (ConfUtils.java:logGet(43)) - raft.server.watch.timeout = 10s (default)
2019-08-22 20:19:37,280 [8a8bf17e-3e0b-4281-9eb2-f0900650cab0:group-390DE5088A21:LeaderElection13] INFO  server.RaftServerConfigKeys (ConfUtils.java:logGet(43)) - raft.server.watch.timeout.denomination = 1s (default)
2019-08-22 20:19:37,280 [8a8bf17e-3e0b-4281-9eb2-f0900650cab0:group-390DE5088A21:LeaderElection13] INFO  server.RaftServerConfigKeys (ConfUtils.java:logGet(43)) - raft.server.watch.element-limit = 65536 (default)
2019-08-22 20:19:37,280 [8a8bf17e-3e0b-4281-9eb2-f0900650cab0:group-390DE5088A21:LeaderElection13] INFO  impl.RoleInfo (RoleInfo.java:updateAndGet(143)) - 8a8bf17e-3e0b-4281-9eb2-f0900650cab0: start LeaderState
2019-08-22 20:19:37,281 [8a8bf17e-3e0b-4281-9eb2-f0900650cab0:group-390DE5088A21:LeaderElection13] INFO  segmented.SegmentedRaftLogWorker (SegmentedRaftLogWorker.java:startLogSegment(380)) - 8a8bf17e-3e0b-4281-9eb2-f0900650cab0-SegmentedRaftLogWorker:Storage Directory /workdir/hadoop-ozone/integration-test/target/test-dir/MiniOzoneClusterImpl-892c99a4-2802-4d8a-8333-ae6293701026/datanode-0/data/ratis/3b892bf8-b4c0-4131-b943-390de5088a21: Starting segment from index:0
2019-08-22 20:19:37,282 [8a8bf17e-3e0b-4281-9eb2-f0900650cab0:group-390DE5088A21:LeaderElection13] INFO  impl.RaftServerImpl (ServerState.java:setRaftConf(361)) - 8a8bf17e-3e0b-4281-9eb2-f0900650cab0:group-390DE5088A21 set configuration 0: [8a8bf17e-3e0b-4281-9eb2-f0900650cab0:192.168.36.65:42990], old=null at 0
2019-08-22 20:19:37,339 [8a8bf17e-3e0b-4281-9eb2-f0900650cab0-SegmentedRaftLogWorker:Storage Directory /workdir/hadoop-ozone/integration-test/target/test-dir/MiniOzoneClusterImpl-892c99a4-2802-4d8a-8333-ae6293701026/datanode-0/data/ratis/3b892bf8-b4c0-4131-b943-390de5088a21] INFO  segmented.SegmentedRaftLogWorker (SegmentedRaftLogWorker.java:execute(569)) - 8a8bf17e-3e0b-4281-9eb2-f0900650cab0-SegmentedRaftLogWorker:Storage Directory /workdir/hadoop-ozone/integration-test/target/test-dir/MiniOzoneClusterImpl-892c99a4-2802-4d8a-8333-ae6293701026/datanode-0/data/ratis/3b892bf8-b4c0-4131-b943-390de5088a21: created new log segment /workdir/hadoop-ozone/integration-test/target/test-dir/MiniOzoneClusterImpl-892c99a4-2802-4d8a-8333-ae6293701026/datanode-0/data/ratis/3b892bf8-b4c0-4131-b943-390de5088a21/current/log_inprogress_0
2019-08-22 20:19:37,424 | INFO  | SCMAudit | user=jenkins1000 | ip=192.168.36.65 | op=SEND_HEARTBEAT {datanodeUUID=aecc5ed5-ad68-40d1-9c43-97df2574d85d, command=[]} | ret=SUCCESS |  
2019-08-22 20:19:37,651 | INFO  | SCMAudit | user=jenkins1000 | ip=192.168.36.65 | op=SEND_HEARTBEAT {datanodeUUID=bcfc59bc-b95c-41d3-8a94-8ed3aa2ce859, command=[]} | ret=SUCCESS |  
2019-08-22 20:19:37,923 [Thread-503] INFO  impl.FollowerState (FollowerState.java:run(106)) - aecc5ed5-ad68-40d1-9c43-97df2574d85d:group-0BC407C4BAB3 changes to CANDIDATE, lastRpcTime:5083, electionTimeout:5083ms
2019-08-22 20:19:37,923 [Thread-503] INFO  impl.RoleInfo (RoleInfo.java:shutdownFollowerState(121)) - aecc5ed5-ad68-40d1-9c43-97df2574d85d: shutdown FollowerState
2019-08-22 20:19:37,924 [Thread-503] INFO  impl.RaftServerImpl (RaftServerImpl.java:setRole(171)) - aecc5ed5-ad68-40d1-9c43-97df2574d85d:group-0BC407C4BAB3 changes role from FOLLOWER to CANDIDATE at term 0 for changeToCandidate
2019-08-22 20:19:37,924 [Thread-503] INFO  impl.RoleInfo (RoleInfo.java:updateAndGet(143)) - aecc5ed5-ad68-40d1-9c43-97df2574d85d: start LeaderElection
2019-08-22 20:19:37,955 [aecc5ed5-ad68-40d1-9c43-97df2574d85d:group-0BC407C4BAB3:LeaderElection14] INFO  impl.LeaderElection (LeaderElection.java:askForVotes(181)) - aecc5ed5-ad68-40d1-9c43-97df2574d85d:group-0BC407C4BAB3:LeaderElection14: begin an election at term 1 for -1: [aecc5ed5-ad68-40d1-9c43-97df2574d85d:192.168.36.65:38592], old=null
2019-08-22 20:19:37,955 [aecc5ed5-ad68-40d1-9c43-97df2574d85d:group-0BC407C4BAB3:LeaderElection14] INFO  impl.RoleInfo (RoleInfo.java:shutdownLeaderElection(134)) - aecc5ed5-ad68-40d1-9c43-97df2574d85d: shutdown LeaderElection
2019-08-22 20:19:37,956 [aecc5ed5-ad68-40d1-9c43-97df2574d85d:group-0BC407C4BAB3:LeaderElection14] INFO  impl.RaftServerImpl (RaftServerImpl.java:setRole(171)) - aecc5ed5-ad68-40d1-9c43-97df2574d85d:group-0BC407C4BAB3 changes role from CANDIDATE to LEADER at term 1 for changeToLeader
2019-08-22 20:19:37,956 [aecc5ed5-ad68-40d1-9c43-97df2574d85d:group-0BC407C4BAB3:LeaderElection14] INFO  impl.RaftServerImpl (ServerState.java:setLeader(263)) - aecc5ed5-ad68-40d1-9c43-97df2574d85d:group-0BC407C4BAB3 change Leader from null to aecc5ed5-ad68-40d1-9c43-97df2574d85d at term 1 for becomeLeader, leader elected after 5121ms
2019-08-22 20:19:37,956 [aecc5ed5-ad68-40d1-9c43-97df2574d85d:group-0BC407C4BAB3:LeaderElection14] INFO  server.RaftServerConfigKeys (ConfUtils.java:logGet(43)) - raft.server.staging.catchup.gap = 1000 (default)
2019-08-22 20:19:37,956 [aecc5ed5-ad68-40d1-9c43-97df2574d85d:group-0BC407C4BAB3:LeaderElection14] INFO  server.RaftServerConfigKeys (ConfUtils.java:logGet(43)) - raft.server.rpc.sleep.time = 25ms (default)
2019-08-22 20:19:37,956 [aecc5ed5-ad68-40d1-9c43-97df2574d85d:group-0BC407C4BAB3:LeaderElection14] INFO  server.RaftServerConfigKeys (ConfUtils.java:logGet(43)) - raft.server.write.element-limit = 4096 (default)
2019-08-22 20:19:37,957 [aecc5ed5-ad68-40d1-9c43-97df2574d85d:group-0BC407C4BAB3:LeaderElection14] INFO  server.RaftServerConfigKeys (ConfUtils.java:logGet(43)) - raft.server.watch.timeout = 10s (default)
2019-08-22 20:19:37,957 [aecc5ed5-ad68-40d1-9c43-97df2574d85d:group-0BC407C4BAB3:LeaderElection14] INFO  server.RaftServerConfigKeys (ConfUtils.java:logGet(43)) - raft.server.watch.timeout.denomination = 1s (default)
2019-08-22 20:19:37,957 [aecc5ed5-ad68-40d1-9c43-97df2574d85d:group-0BC407C4BAB3:LeaderElection14] INFO  server.RaftServerConfigKeys (ConfUtils.java:logGet(43)) - raft.server.watch.element-limit = 65536 (default)
2019-08-22 20:19:37,957 [aecc5ed5-ad68-40d1-9c43-97df2574d85d:group-0BC407C4BAB3:LeaderElection14] INFO  impl.RoleInfo (RoleInfo.java:updateAndGet(143)) - aecc5ed5-ad68-40d1-9c43-97df2574d85d: start LeaderState
2019-08-22 20:19:37,958 [aecc5ed5-ad68-40d1-9c43-97df2574d85d:group-0BC407C4BAB3:LeaderElection14] INFO  segmented.SegmentedRaftLogWorker (SegmentedRaftLogWorker.java:startLogSegment(380)) - aecc5ed5-ad68-40d1-9c43-97df2574d85d-SegmentedRaftLogWorker:Storage Directory /workdir/hadoop-ozone/integration-test/target/test-dir/MiniOzoneClusterImpl-892c99a4-2802-4d8a-8333-ae6293701026/datanode-1/data/ratis/c765f756-70e1-4f14-ad24-0bc407c4bab3: Starting segment from index:0
2019-08-22 20:19:37,958 [aecc5ed5-ad68-40d1-9c43-97df2574d85d:group-0BC407C4BAB3:LeaderElection14] INFO  impl.RaftServerImpl (ServerState.java:setRaftConf(361)) - aecc5ed5-ad68-40d1-9c43-97df2574d85d:group-0BC407C4BAB3 set configuration 0: [aecc5ed5-ad68-40d1-9c43-97df2574d85d:192.168.36.65:38592], old=null at 0
2019-08-22 20:19:38,002 [aecc5ed5-ad68-40d1-9c43-97df2574d85d-SegmentedRaftLogWorker:Storage Directory /workdir/hadoop-ozone/integration-test/target/test-dir/MiniOzoneClusterImpl-892c99a4-2802-4d8a-8333-ae6293701026/datanode-1/data/ratis/c765f756-70e1-4f14-ad24-0bc407c4bab3] INFO  segmented.SegmentedRaftLogWorker (SegmentedRaftLogWorker.java:execute(569)) - aecc5ed5-ad68-40d1-9c43-97df2574d85d-SegmentedRaftLogWorker:Storage Directory /workdir/hadoop-ozone/integration-test/target/test-dir/MiniOzoneClusterImpl-892c99a4-2802-4d8a-8333-ae6293701026/datanode-1/data/ratis/c765f756-70e1-4f14-ad24-0bc407c4bab3: created new log segment /workdir/hadoop-ozone/integration-test/target/test-dir/MiniOzoneClusterImpl-892c99a4-2802-4d8a-8333-ae6293701026/datanode-1/data/ratis/c765f756-70e1-4f14-ad24-0bc407c4bab3/current/log_inprogress_0
2019-08-22 20:19:38,425 | INFO  | SCMAudit | user=jenkins1000 | ip=192.168.36.65 | op=SEND_HEARTBEAT {datanodeUUID=aecc5ed5-ad68-40d1-9c43-97df2574d85d, command=[]} | ret=SUCCESS |  
2019-08-22 20:19:38,651 | INFO  | SCMAudit | user=jenkins1000 | ip=192.168.36.65 | op=SEND_HEARTBEAT {datanodeUUID=bcfc59bc-b95c-41d3-8a94-8ed3aa2ce859, command=[]} | ret=SUCCESS |  
2019-08-22 20:19:38,773 [Thread-326] INFO  ozoneimpl.OzoneContainer (OzoneContainer.java:stop(199)) - Attempting to stop container services.
2019-08-22 20:19:38,774 [Thread-326] INFO  impl.RaftServerProxy (RaftServerProxy.java:lambda$close$4(314)) - 8a8bf17e-3e0b-4281-9eb2-f0900650cab0: close
2019-08-22 20:19:38,774 [Thread-326] INFO  impl.RaftServerImpl (RaftServerImpl.java:lambda$shutdown$3(245)) - 8a8bf17e-3e0b-4281-9eb2-f0900650cab0: shutdown group-390DE5088A21
2019-08-22 20:19:38,774 [ForkJoinPool.commonPool-worker-1] INFO  impl.RaftServerImpl (RaftServerImpl.java:lambda$shutdown$3(245)) - 8a8bf17e-3e0b-4281-9eb2-f0900650cab0: shutdown group-8433B0A91521
2019-08-22 20:19:38,775 [Thread-326] INFO  util.JmxRegister (JmxRegister.java:unregister(73)) - Successfully un-registered JMX Bean with object name Ratis:service=RaftServer,group=group-390DE5088A21,id=8a8bf17e-3e0b-4281-9eb2-f0900650cab0
2019-08-22 20:19:38,775 [ForkJoinPool.commonPool-worker-1] INFO  util.JmxRegister (JmxRegister.java:unregister(73)) - Successfully un-registered JMX Bean with object name Ratis:service=RaftServer,group=group-8433B0A91521,id=8a8bf17e-3e0b-4281-9eb2-f0900650cab0
2019-08-22 20:19:38,775 [Thread-326] INFO  impl.RoleInfo (RoleInfo.java:shutdownLeaderState(104)) - 8a8bf17e-3e0b-4281-9eb2-f0900650cab0: shutdown LeaderState
2019-08-22 20:19:38,775 [ForkJoinPool.commonPool-worker-1] INFO  impl.RoleInfo (RoleInfo.java:shutdownFollowerState(121)) - 8a8bf17e-3e0b-4281-9eb2-f0900650cab0: shutdown FollowerState
2019-08-22 20:19:38,776 [Thread-326] INFO  impl.PendingRequests (PendingRequests.java:sendNotLeaderResponses(202)) - 8a8bf17e-3e0b-4281-9eb2-f0900650cab0-PendingRequests: sendNotLeaderResponses
2019-08-22 20:19:38,776 [Thread-513] INFO  impl.FollowerState (FollowerState.java:run(114)) - 8a8bf17e-3e0b-4281-9eb2-f0900650cab0: FollowerState was interrupted: java.lang.InterruptedException: sleep interrupted
2019-08-22 20:19:38,776 [ForkJoinPool.commonPool-worker-1] INFO  impl.StateMachineUpdater (StateMachineUpdater.java:stopAndJoin(115)) - StateMachineUpdater:8a8bf17e-3e0b-4281-9eb2-f0900650cab0:group-8433B0A91521: set stopIndex = -1
2019-08-22 20:19:38,783 [ForkJoinPool.commonPool-worker-1] INFO  impl.RaftServerImpl (ServerState.java:close(394)) - 8a8bf17e-3e0b-4281-9eb2-f0900650cab0:group-8433B0A91521 closes. The last applied log index is -1
2019-08-22 20:19:38,781 [Thread-326] INFO  impl.StateMachineUpdater (StateMachineUpdater.java:stopAndJoin(115)) - StateMachineUpdater:8a8bf17e-3e0b-4281-9eb2-f0900650cab0:group-390DE5088A21: set stopIndex = 0
2019-08-22 20:19:38,783 [8a8bf17e-3e0b-4281-9eb2-f0900650cab0-SegmentedRaftLogWorker:Storage Directory /workdir/hadoop-ozone/integration-test/target/test-dir/MiniOzoneClusterImpl-892c99a4-2802-4d8a-8333-ae6293701026/datanode-0/data/ratis/777a1c3c-7675-481a-bace-8433b0a91521] INFO  segmented.SegmentedRaftLogWorker (SegmentedRaftLogWorker.java:run(313)) - 8a8bf17e-3e0b-4281-9eb2-f0900650cab0-SegmentedRaftLogWorker:Storage Directory /workdir/hadoop-ozone/integration-test/target/test-dir/MiniOzoneClusterImpl-892c99a4-2802-4d8a-8333-ae6293701026/datanode-0/data/ratis/777a1c3c-7675-481a-bace-8433b0a91521 was interrupted, exiting. There are 0 tasks remaining in the queue.
2019-08-22 20:19:38,783 [Thread-326] INFO  impl.RaftServerImpl (ServerState.java:close(394)) - 8a8bf17e-3e0b-4281-9eb2-f0900650cab0:group-390DE5088A21 closes. The last applied log index is 0
2019-08-22 20:19:38,783 [ForkJoinPool.commonPool-worker-1] INFO  segmented.SegmentedRaftLogWorker (SegmentedRaftLogWorker.java:close(228)) - 8a8bf17e-3e0b-4281-9eb2-f0900650cab0-SegmentedRaftLogWorker:Storage Directory /workdir/hadoop-ozone/integration-test/target/test-dir/MiniOzoneClusterImpl-892c99a4-2802-4d8a-8333-ae6293701026/datanode-0/data/ratis/777a1c3c-7675-481a-bace-8433b0a91521 close()
2019-08-22 20:19:38,784 [8a8bf17e-3e0b-4281-9eb2-f0900650cab0-SegmentedRaftLogWorker:Storage Directory /workdir/hadoop-ozone/integration-test/target/test-dir/MiniOzoneClusterImpl-892c99a4-2802-4d8a-8333-ae6293701026/datanode-0/data/ratis/3b892bf8-b4c0-4131-b943-390de5088a21] INFO  segmented.SegmentedRaftLogWorker (SegmentedRaftLogWorker.java:run(313)) - 8a8bf17e-3e0b-4281-9eb2-f0900650cab0-SegmentedRaftLogWorker:Storage Directory /workdir/hadoop-ozone/integration-test/target/test-dir/MiniOzoneClusterImpl-892c99a4-2802-4d8a-8333-ae6293701026/datanode-0/data/ratis/3b892bf8-b4c0-4131-b943-390de5088a21 was interrupted, exiting. There are 0 tasks remaining in the queue.
2019-08-22 20:19:38,787 [Thread-326] INFO  segmented.SegmentedRaftLogWorker (SegmentedRaftLogWorker.java:close(228)) - 8a8bf17e-3e0b-4281-9eb2-f0900650cab0-SegmentedRaftLogWorker:Storage Directory /workdir/hadoop-ozone/integration-test/target/test-dir/MiniOzoneClusterImpl-892c99a4-2802-4d8a-8333-ae6293701026/datanode-0/data/ratis/3b892bf8-b4c0-4131-b943-390de5088a21 close()
2019-08-22 20:19:38,792 [Thread-506] INFO  impl.FollowerState (FollowerState.java:run(106)) - bcfc59bc-b95c-41d3-8a94-8ed3aa2ce859:group-26B8FD71F654 changes to CANDIDATE, lastRpcTime:5166, electionTimeout:5164ms
2019-08-22 20:19:38,792 [Thread-326] INFO  server.GrpcService (GrpcService.java:closeImpl(155)) - 8a8bf17e-3e0b-4281-9eb2-f0900650cab0: shutdown server with port 42990 now
2019-08-22 20:19:38,793 [Thread-506] INFO  impl.RoleInfo (RoleInfo.java:shutdownFollowerState(121)) - bcfc59bc-b95c-41d3-8a94-8ed3aa2ce859: shutdown FollowerState
2019-08-22 20:19:38,793 [Thread-506] INFO  impl.RaftServerImpl (RaftServerImpl.java:setRole(171)) - bcfc59bc-b95c-41d3-8a94-8ed3aa2ce859:group-26B8FD71F654 changes role from FOLLOWER to CANDIDATE at term 0 for changeToCandidate
2019-08-22 20:19:38,794 [Thread-506] INFO  impl.RoleInfo (RoleInfo.java:updateAndGet(143)) - bcfc59bc-b95c-41d3-8a94-8ed3aa2ce859: start LeaderElection
2019-08-22 20:19:38,794 [Thread-326] INFO  server.GrpcService (GrpcService.java:closeImpl(163)) - 8a8bf17e-3e0b-4281-9eb2-f0900650cab0: shutdown server with port 42990 successfully
2019-08-22 20:19:38,800 [Thread-326] INFO  utils.BackgroundService (BackgroundService.java:shutdown(148)) - Shutting down service BlockDeletingService
2019-08-22 20:19:38,801 [refreshUsed-/workdir/hadoop-ozone/integration-test/target/test-dir/MiniOzoneClusterImpl-892c99a4-2802-4d8a-8333-ae6293701026/datanode-0/data/containers] WARN  fs.CachingGetSpaceUsed (CachingGetSpaceUsed.java:run(183)) - Thread Interrupted waiting to refresh disk information: sleep interrupted
2019-08-22 20:19:38,822 [Thread-326] INFO  statemachine.DatanodeStateMachine (DatanodeStateMachine.java:stopDaemon(395)) - Ozone container server stopped.
2019-08-22 20:19:38,824 [Thread-326] INFO  handler.ContextHandler (ContextHandler.java:doStop(910)) - Stopped o.e.j.w.WebAppContext@2281f551{/,null,UNAVAILABLE}{/hddsDatanode}
2019-08-22 20:19:38,825 [Thread-326] INFO  server.AbstractConnector (AbstractConnector.java:doStop(318)) - Stopped ServerConnector@66c1ca8e{HTTP/1.1,[http/1.1]}{0.0.0.0:0}
2019-08-22 20:19:38,825 [Thread-326] INFO  handler.ContextHandler (ContextHandler.java:doStop(910)) - Stopped o.e.j.s.ServletContextHandler@64a70770{/static,jar:file:/home/user/.m2/repository/org/apache/hadoop/hadoop-hdds-container-service/0.5.0-SNAPSHOT/hadoop-hdds-container-service-0.5.0-SNAPSHOT.jar!/webapps/static,UNAVAILABLE}
2019-08-22 20:19:38,825 [Thread-326] INFO  handler.ContextHandler (ContextHandler.java:doStop(910)) - Stopped o.e.j.s.ServletContextHandler@715822ab{/logs,file:///workdir/hadoop-ozone/integration-test/target/log,UNAVAILABLE}
2019-08-22 20:19:38,826 [Thread-326] INFO  datanode.ObjectStoreHandler (ObjectStoreHandler.java:close(155)) - Closing ObjectStoreHandler.
2019-08-22 20:19:38,827 [Thread-326] INFO  ozone.HddsDatanodeService (HddsDatanodeService.java:stop(451)) - Stopped plug-in org.apache.hadoop.ozone.web.OzoneHddsDatanodeService@5e3de107
2019-08-22 20:19:38,848 [bcfc59bc-b95c-41d3-8a94-8ed3aa2ce859:group-26B8FD71F654:LeaderElection15] INFO  impl.LeaderElection (LeaderElection.java:askForVotes(181)) - bcfc59bc-b95c-41d3-8a94-8ed3aa2ce859:group-26B8FD71F654:LeaderElection15: begin an election at term 1 for -1: [bcfc59bc-b95c-41d3-8a94-8ed3aa2ce859:192.168.36.65:39978], old=null
2019-08-22 20:19:38,848 [bcfc59bc-b95c-41d3-8a94-8ed3aa2ce859:group-26B8FD71F654:LeaderElection15] INFO  impl.RoleInfo (RoleInfo.java:shutdownLeaderElection(134)) - bcfc59bc-b95c-41d3-8a94-8ed3aa2ce859: shutdown LeaderElection
2019-08-22 20:19:38,849 [bcfc59bc-b95c-41d3-8a94-8ed3aa2ce859:group-26B8FD71F654:LeaderElection15] INFO  impl.RaftServerImpl (RaftServerImpl.java:setRole(171)) - bcfc59bc-b95c-41d3-8a94-8ed3aa2ce859:group-26B8FD71F654 changes role from CANDIDATE to LEADER at term 1 for changeToLeader
2019-08-22 20:19:38,849 [bcfc59bc-b95c-41d3-8a94-8ed3aa2ce859:group-26B8FD71F654:LeaderElection15] INFO  impl.RaftServerImpl (ServerState.java:setLeader(263)) - bcfc59bc-b95c-41d3-8a94-8ed3aa2ce859:group-26B8FD71F654 change Leader from null to bcfc59bc-b95c-41d3-8a94-8ed3aa2ce859 at term 1 for becomeLeader, leader elected after 5228ms
2019-08-22 20:19:38,849 [bcfc59bc-b95c-41d3-8a94-8ed3aa2ce859:group-26B8FD71F654:LeaderElection15] INFO  server.RaftServerConfigKeys (ConfUtils.java:logGet(43)) - raft.server.staging.catchup.gap = 1000 (default)
2019-08-22 20:19:38,849 [bcfc59bc-b95c-41d3-8a94-8ed3aa2ce859:group-26B8FD71F654:LeaderElection15] INFO  server.RaftServerConfigKeys (ConfUtils.java:logGet(43)) - raft.server.rpc.sleep.time = 25ms (default)
2019-08-22 20:19:38,849 [bcfc59bc-b95c-41d3-8a94-8ed3aa2ce859:group-26B8FD71F654:LeaderElection15] INFO  server.RaftServerConfigKeys (ConfUtils.java:logGet(43)) - raft.server.write.element-limit = 4096 (default)
2019-08-22 20:19:38,850 [bcfc59bc-b95c-41d3-8a94-8ed3aa2ce859:group-26B8FD71F654:LeaderElection15] INFO  server.RaftServerConfigKeys (ConfUtils.java:logGet(43)) - raft.server.watch.timeout = 10s (default)
2019-08-22 20:19:38,850 [bcfc59bc-b95c-41d3-8a94-8ed3aa2ce859:group-26B8FD71F654:LeaderElection15] INFO  server.RaftServerConfigKeys (ConfUtils.java:logGet(43)) - raft.server.watch.timeout.denomination = 1s (default)
2019-08-22 20:19:38,850 [bcfc59bc-b95c-41d3-8a94-8ed3aa2ce859:group-26B8FD71F654:LeaderElection15] INFO  server.RaftServerConfigKeys (ConfUtils.java:logGet(43)) - raft.server.watch.element-limit = 65536 (default)
2019-08-22 20:19:38,850 [bcfc59bc-b95c-41d3-8a94-8ed3aa2ce859:group-26B8FD71F654:LeaderElection15] INFO  impl.RoleInfo (RoleInfo.java:updateAndGet(143)) - bcfc59bc-b95c-41d3-8a94-8ed3aa2ce859: start LeaderState
2019-08-22 20:19:38,851 [bcfc59bc-b95c-41d3-8a94-8ed3aa2ce859:group-26B8FD71F654:LeaderElection15] INFO  segmented.SegmentedRaftLogWorker (SegmentedRaftLogWorker.java:startLogSegment(380)) - bcfc59bc-b95c-41d3-8a94-8ed3aa2ce859-SegmentedRaftLogWorker:Storage Directory /workdir/hadoop-ozone/integration-test/target/test-dir/MiniOzoneClusterImpl-892c99a4-2802-4d8a-8333-ae6293701026/datanode-2/data/ratis/62d34f2a-04dd-463c-aef9-26b8fd71f654: Starting segment from index:0
2019-08-22 20:19:38,851 [bcfc59bc-b95c-41d3-8a94-8ed3aa2ce859:group-26B8FD71F654:LeaderElection15] INFO  impl.RaftServerImpl (ServerState.java:setRaftConf(361)) - bcfc59bc-b95c-41d3-8a94-8ed3aa2ce859:group-26B8FD71F654 set configuration 0: [bcfc59bc-b95c-41d3-8a94-8ed3aa2ce859:192.168.36.65:39978], old=null at 0
2019-08-22 20:19:38,894 [Thread-514] INFO  impl.FollowerState (FollowerState.java:run(106)) - aecc5ed5-ad68-40d1-9c43-97df2574d85d:group-8433B0A91521 changes to CANDIDATE, lastRpcTime:5139, electionTimeout:5139ms
2019-08-22 20:19:38,894 [Thread-514] INFO  impl.RoleInfo (RoleInfo.java:shutdownFollowerState(121)) - aecc5ed5-ad68-40d1-9c43-97df2574d85d: shutdown FollowerState
2019-08-22 20:19:38,894 [Thread-514] INFO  impl.RaftServerImpl (RaftServerImpl.java:setRole(171)) - aecc5ed5-ad68-40d1-9c43-97df2574d85d:group-8433B0A91521 changes role from FOLLOWER to CANDIDATE at term 0 for changeToCandidate
2019-08-22 20:19:38,895 [Thread-514] INFO  impl.RoleInfo (RoleInfo.java:updateAndGet(143)) - aecc5ed5-ad68-40d1-9c43-97df2574d85d: start LeaderElection
2019-08-22 20:19:38,910 [bcfc59bc-b95c-41d3-8a94-8ed3aa2ce859-SegmentedRaftLogWorker:Storage Directory /workdir/hadoop-ozone/integration-test/target/test-dir/MiniOzoneClusterImpl-892c99a4-2802-4d8a-8333-ae6293701026/datanode-2/data/ratis/62d34f2a-04dd-463c-aef9-26b8fd71f654] INFO  segmented.SegmentedRaftLogWorker (SegmentedRaftLogWorker.java:execute(569)) - bcfc59bc-b95c-41d3-8a94-8ed3aa2ce859-SegmentedRaftLogWorker:Storage Directory /workdir/hadoop-ozone/integration-test/target/test-dir/MiniOzoneClusterImpl-892c99a4-2802-4d8a-8333-ae6293701026/datanode-2/data/ratis/62d34f2a-04dd-463c-aef9-26b8fd71f654: created new log segment /workdir/hadoop-ozone/integration-test/target/test-dir/MiniOzoneClusterImpl-892c99a4-2802-4d8a-8333-ae6293701026/datanode-2/data/ratis/62d34f2a-04dd-463c-aef9-26b8fd71f654/current/log_inprogress_0
2019-08-22 20:19:38,910 [aecc5ed5-ad68-40d1-9c43-97df2574d85d:group-8433B0A91521:LeaderElection16] INFO  impl.LeaderElection (LeaderElection.java:askForVotes(181)) - aecc5ed5-ad68-40d1-9c43-97df2574d85d:group-8433B0A91521:LeaderElection16: begin an election at term 1 for -1: [8a8bf17e-3e0b-4281-9eb2-f0900650cab0:192.168.36.65:42990, bcfc59bc-b95c-41d3-8a94-8ed3aa2ce859:192.168.36.65:39978, aecc5ed5-ad68-40d1-9c43-97df2574d85d:192.168.36.65:38592], old=null
2019-08-22 20:19:38,916 [aecc5ed5-ad68-40d1-9c43-97df2574d85d:group-8433B0A91521:LeaderElection16] INFO  impl.LeaderElection (LogUtils.java:infoOrTrace(149)) - aecc5ed5-ad68-40d1-9c43-97df2574d85d:group-8433B0A91521:LeaderElection16 got exception when requesting votes: {}
java.util.concurrent.ExecutionException: org.apache.ratis.thirdparty.io.grpc.StatusRuntimeException: UNAVAILABLE: io exception
	at java.util.concurrent.FutureTask.report(FutureTask.java:122)
	at java.util.concurrent.FutureTask.get(FutureTask.java:192)
	at org.apache.ratis.server.impl.LeaderElection.waitForResults(LeaderElection.java:262)
	at org.apache.ratis.server.impl.LeaderElection.askForVotes(LeaderElection.java:200)
	at org.apache.ratis.server.impl.LeaderElection.run(LeaderElection.java:130)
	at java.lang.Thread.run(Thread.java:748)
Caused by: org.apache.ratis.thirdparty.io.grpc.StatusRuntimeException: UNAVAILABLE: io exception
	at org.apache.ratis.thirdparty.io.grpc.stub.ClientCalls.toStatusRuntimeException(ClientCalls.java:233)
	at org.apache.ratis.thirdparty.io.grpc.stub.ClientCalls.getUnchecked(ClientCalls.java:214)
	at org.apache.ratis.thirdparty.io.grpc.stub.ClientCalls.blockingUnaryCall(ClientCalls.java:139)
	at org.apache.ratis.proto.grpc.RaftServerProtocolServiceGrpc$RaftServerProtocolServiceBlockingStub.requestVote(RaftServerProtocolServiceGrpc.java:265)
	at org.apache.ratis.grpc.server.GrpcServerProtocolClient.requestVote(GrpcServerProtocolClient.java:83)
	at org.apache.ratis.grpc.server.GrpcService.requestVote(GrpcService.java:195)
	at org.apache.ratis.server.impl.LeaderElection.lambda$submitRequests$1(LeaderElection.java:237)
	at java.util.concurrent.FutureTask.run(FutureTask.java:266)
	at java.util.concurrent.Executors$RunnableAdapter.call(Executors.java:511)
	at java.util.concurrent.FutureTask.run(FutureTask.java:266)
	at java.util.concurrent.ThreadPoolExecutor.runWorker(ThreadPoolExecutor.java:1149)
	at java.util.concurrent.ThreadPoolExecutor$Worker.run(ThreadPoolExecutor.java:624)
	... 1 more
Caused by: org.apache.ratis.thirdparty.io.netty.channel.AbstractChannel$AnnotatedConnectException: Connection refused: /192.168.36.65:42990
	at sun.nio.ch.SocketChannelImpl.checkConnect(Native Method)
	at sun.nio.ch.SocketChannelImpl.finishConnect(SocketChannelImpl.java:717)
	at org.apache.ratis.thirdparty.io.netty.channel.socket.nio.NioSocketChannel.doFinishConnect(NioSocketChannel.java:327)
	at org.apache.ratis.thirdparty.io.netty.channel.nio.AbstractNioChannel$AbstractNioUnsafe.finishConnect(AbstractNioChannel.java:340)
	at org.apache.ratis.thirdparty.io.netty.channel.nio.NioEventLoop.processSelectedKey(NioEventLoop.java:632)
	at org.apache.ratis.thirdparty.io.netty.channel.nio.NioEventLoop.processSelectedKeysOptimized(NioEventLoop.java:579)
	at org.apache.ratis.thirdparty.io.netty.channel.nio.NioEventLoop.processSelectedKeys(NioEventLoop.java:496)
	at org.apache.ratis.thirdparty.io.netty.channel.nio.NioEventLoop.run(NioEventLoop.java:458)
	at org.apache.ratis.thirdparty.io.netty.util.concurrent.SingleThreadEventExecutor$5.run(SingleThreadEventExecutor.java:897)
	at org.apache.ratis.thirdparty.io.netty.util.concurrent.FastThreadLocalRunnable.run(FastThreadLocalRunnable.java:30)
	... 1 more
Caused by: java.net.ConnectException: Connection refused
	... 11 more
2019-08-22 20:19:38,921 [grpc-default-executor-0] INFO  impl.RaftServerImpl (RaftServerImpl.java:setRole(171)) - bcfc59bc-b95c-41d3-8a94-8ed3aa2ce859:group-8433B0A91521 changes role from FOLLOWER to FOLLOWER at term 1 for recognizeCandidate:aecc5ed5-ad68-40d1-9c43-97df2574d85d
2019-08-22 20:19:38,922 [grpc-default-executor-0] INFO  impl.RoleInfo (RoleInfo.java:shutdownFollowerState(121)) - bcfc59bc-b95c-41d3-8a94-8ed3aa2ce859: shutdown FollowerState
2019-08-22 20:19:38,922 [Thread-509] INFO  impl.FollowerState (FollowerState.java:run(114)) - bcfc59bc-b95c-41d3-8a94-8ed3aa2ce859: FollowerState was interrupted: java.lang.InterruptedException: sleep interrupted
2019-08-22 20:19:38,922 [grpc-default-executor-0] INFO  impl.RoleInfo (RoleInfo.java:updateAndGet(143)) - bcfc59bc-b95c-41d3-8a94-8ed3aa2ce859: start FollowerState
2019-08-22 20:19:38,952 [aecc5ed5-ad68-40d1-9c43-97df2574d85d:group-8433B0A91521:LeaderElection16] INFO  impl.LeaderElection (LeaderElection.java:logAndReturn(56)) - aecc5ed5-ad68-40d1-9c43-97df2574d85d:group-8433B0A91521:LeaderElection16: Election PASSED; received 1 response(s) [aecc5ed5-ad68-40d1-9c43-97df2574d85d<-bcfc59bc-b95c-41d3-8a94-8ed3aa2ce859#0:OK-t1] and 1 exception(s); aecc5ed5-ad68-40d1-9c43-97df2574d85d:t1, leader=null, voted=aecc5ed5-ad68-40d1-9c43-97df2574d85d, raftlog=aecc5ed5-ad68-40d1-9c43-97df2574d85d-SegmentedRaftLog:OPENED:c-1,f-1,i0, conf=-1: [8a8bf17e-3e0b-4281-9eb2-f0900650cab0:192.168.36.65:42990, bcfc59bc-b95c-41d3-8a94-8ed3aa2ce859:192.168.36.65:39978, aecc5ed5-ad68-40d1-9c43-97df2574d85d:192.168.36.65:38592], old=null
2019-08-22 20:19:38,952 [aecc5ed5-ad68-40d1-9c43-97df2574d85d:group-8433B0A91521:LeaderElection16] INFO  impl.LeaderElection (LogUtils.java:infoOrTrace(149)) -   Exception 0: {}
java.util.concurrent.ExecutionException: org.apache.ratis.thirdparty.io.grpc.StatusRuntimeException: UNAVAILABLE: io exception
	at java.util.concurrent.FutureTask.report(FutureTask.java:122)
	at java.util.concurrent.FutureTask.get(FutureTask.java:192)
	at org.apache.ratis.server.impl.LeaderElection.waitForResults(LeaderElection.java:262)
	at org.apache.ratis.server.impl.LeaderElection.askForVotes(LeaderElection.java:200)
	at org.apache.ratis.server.impl.LeaderElection.run(LeaderElection.java:130)
	at java.lang.Thread.run(Thread.java:748)
Caused by: org.apache.ratis.thirdparty.io.grpc.StatusRuntimeException: UNAVAILABLE: io exception
	at org.apache.ratis.thirdparty.io.grpc.stub.ClientCalls.toStatusRuntimeException(ClientCalls.java:233)
	at org.apache.ratis.thirdparty.io.grpc.stub.ClientCalls.getUnchecked(ClientCalls.java:214)
	at org.apache.ratis.thirdparty.io.grpc.stub.ClientCalls.blockingUnaryCall(ClientCalls.java:139)
	at org.apache.ratis.proto.grpc.RaftServerProtocolServiceGrpc$RaftServerProtocolServiceBlockingStub.requestVote(RaftServerProtocolServiceGrpc.java:265)
	at org.apache.ratis.grpc.server.GrpcServerProtocolClient.requestVote(GrpcServerProtocolClient.java:83)
	at org.apache.ratis.grpc.server.GrpcService.requestVote(GrpcService.java:195)
	at org.apache.ratis.server.impl.LeaderElection.lambda$submitRequests$1(LeaderElection.java:237)
	at java.util.concurrent.FutureTask.run(FutureTask.java:266)
	at java.util.concurrent.Executors$RunnableAdapter.call(Executors.java:511)
	at java.util.concurrent.FutureTask.run(FutureTask.java:266)
	at java.util.concurrent.ThreadPoolExecutor.runWorker(ThreadPoolExecutor.java:1149)
	at java.util.concurrent.ThreadPoolExecutor$Worker.run(ThreadPoolExecutor.java:624)
	... 1 more
Caused by: org.apache.ratis.thirdparty.io.netty.channel.AbstractChannel$AnnotatedConnectException: Connection refused: /192.168.36.65:42990
	at sun.nio.ch.SocketChannelImpl.checkConnect(Native Method)
	at sun.nio.ch.SocketChannelImpl.finishConnect(SocketChannelImpl.java:717)
	at org.apache.ratis.thirdparty.io.netty.channel.socket.nio.NioSocketChannel.doFinishConnect(NioSocketChannel.java:327)
	at org.apache.ratis.thirdparty.io.netty.channel.nio.AbstractNioChannel$AbstractNioUnsafe.finishConnect(AbstractNioChannel.java:340)
	at org.apache.ratis.thirdparty.io.netty.channel.nio.NioEventLoop.processSelectedKey(NioEventLoop.java:632)
	at org.apache.ratis.thirdparty.io.netty.channel.nio.NioEventLoop.processSelectedKeysOptimized(NioEventLoop.java:579)
	at org.apache.ratis.thirdparty.io.netty.channel.nio.NioEventLoop.processSelectedKeys(NioEventLoop.java:496)
	at org.apache.ratis.thirdparty.io.netty.channel.nio.NioEventLoop.run(NioEventLoop.java:458)
	at org.apache.ratis.thirdparty.io.netty.util.concurrent.SingleThreadEventExecutor$5.run(SingleThreadEventExecutor.java:897)
	at org.apache.ratis.thirdparty.io.netty.util.concurrent.FastThreadLocalRunnable.run(FastThreadLocalRunnable.java:30)
	... 1 more
Caused by: java.net.ConnectException: Connection refused
	... 11 more
2019-08-22 20:19:38,953 [aecc5ed5-ad68-40d1-9c43-97df2574d85d:group-8433B0A91521:LeaderElection16] INFO  impl.RoleInfo (RoleInfo.java:shutdownLeaderElection(134)) - aecc5ed5-ad68-40d1-9c43-97df2574d85d: shutdown LeaderElection
2019-08-22 20:19:38,954 [aecc5ed5-ad68-40d1-9c43-97df2574d85d:group-8433B0A91521:LeaderElection16] INFO  impl.RaftServerImpl (RaftServerImpl.java:setRole(171)) - aecc5ed5-ad68-40d1-9c43-97df2574d85d:group-8433B0A91521 changes role from CANDIDATE to LEADER at term 1 for changeToLeader
2019-08-22 20:19:38,954 [aecc5ed5-ad68-40d1-9c43-97df2574d85d:group-8433B0A91521:LeaderElection16] INFO  impl.RaftServerImpl (ServerState.java:setLeader(263)) - aecc5ed5-ad68-40d1-9c43-97df2574d85d:group-8433B0A91521 change Leader from null to aecc5ed5-ad68-40d1-9c43-97df2574d85d at term 1 for becomeLeader, leader elected after 5214ms
2019-08-22 20:19:38,954 [aecc5ed5-ad68-40d1-9c43-97df2574d85d:group-8433B0A91521:LeaderElection16] INFO  server.RaftServerConfigKeys (ConfUtils.java:logGet(43)) - raft.server.staging.catchup.gap = 1000 (default)
2019-08-22 20:19:38,954 [aecc5ed5-ad68-40d1-9c43-97df2574d85d:group-8433B0A91521:LeaderElection16] INFO  server.RaftServerConfigKeys (ConfUtils.java:logGet(43)) - raft.server.rpc.sleep.time = 25ms (default)
2019-08-22 20:19:38,955 [aecc5ed5-ad68-40d1-9c43-97df2574d85d:group-8433B0A91521:LeaderElection16] INFO  server.RaftServerConfigKeys (ConfUtils.java:logGet(43)) - raft.server.write.element-limit = 4096 (default)
2019-08-22 20:19:38,955 [aecc5ed5-ad68-40d1-9c43-97df2574d85d:group-8433B0A91521:LeaderElection16] INFO  server.RaftServerConfigKeys (ConfUtils.java:logGet(43)) - raft.server.watch.timeout = 10s (default)
2019-08-22 20:19:38,955 [aecc5ed5-ad68-40d1-9c43-97df2574d85d:group-8433B0A91521:LeaderElection16] INFO  server.RaftServerConfigKeys (ConfUtils.java:logGet(43)) - raft.server.watch.timeout.denomination = 1s (default)
2019-08-22 20:19:38,955 [aecc5ed5-ad68-40d1-9c43-97df2574d85d:group-8433B0A91521:LeaderElection16] INFO  server.RaftServerConfigKeys (ConfUtils.java:logGet(43)) - raft.server.watch.element-limit = 65536 (default)
2019-08-22 20:19:38,955 [aecc5ed5-ad68-40d1-9c43-97df2574d85d:group-8433B0A91521:LeaderElection16] INFO  server.RaftServerConfigKeys (ConfUtils.java:logGet(43)) - raft.server.log.appender.snapshot.chunk.size.max = 16MB (=16777216) (default)
2019-08-22 20:19:38,956 [aecc5ed5-ad68-40d1-9c43-97df2574d85d:group-8433B0A91521:LeaderElection16] INFO  server.RaftServerConfigKeys (ConfUtils.java:logGet(43)) - raft.server.log.appender.buffer.byte-limit = 33554432 (custom)
2019-08-22 20:19:38,956 [aecc5ed5-ad68-40d1-9c43-97df2574d85d:group-8433B0A91521:LeaderElection16] INFO  server.RaftServerConfigKeys (ConfUtils.java:logGet(43)) - raft.server.log.appender.buffer.element-limit = 1 (custom)
2019-08-22 20:19:38,956 [aecc5ed5-ad68-40d1-9c43-97df2574d85d:group-8433B0A91521:LeaderElection16] INFO  grpc.GrpcConfigKeys$Server (ConfUtils.java:logGet(43)) - raft.grpc.server.leader.outstanding.appends.max = 128 (default)
2019-08-22 20:19:38,956 [aecc5ed5-ad68-40d1-9c43-97df2574d85d:group-8433B0A91521:LeaderElection16] INFO  server.RaftServerConfigKeys (ConfUtils.java:logGet(43)) - raft.server.rpc.request.timeout = 3000ms (default)
2019-08-22 20:19:38,957 [aecc5ed5-ad68-40d1-9c43-97df2574d85d:group-8433B0A91521:LeaderElection16] INFO  server.RaftServerConfigKeys (ConfUtils.java:logGet(43)) - raft.server.log.appender.install.snapshot.enabled = false (custom)
2019-08-22 20:19:38,957 [aecc5ed5-ad68-40d1-9c43-97df2574d85d:group-8433B0A91521:LeaderElection16] INFO  server.RaftServerConfigKeys (ConfUtils.java:logGet(43)) - raft.server.log.appender.snapshot.chunk.size.max = 16MB (=16777216) (default)
2019-08-22 20:19:38,957 [aecc5ed5-ad68-40d1-9c43-97df2574d85d:group-8433B0A91521:LeaderElection16] INFO  server.RaftServerConfigKeys (ConfUtils.java:logGet(43)) - raft.server.log.appender.buffer.byte-limit = 33554432 (custom)
2019-08-22 20:19:38,957 [aecc5ed5-ad68-40d1-9c43-97df2574d85d:group-8433B0A91521:LeaderElection16] INFO  server.RaftServerConfigKeys (ConfUtils.java:logGet(43)) - raft.server.log.appender.buffer.element-limit = 1 (custom)
2019-08-22 20:19:38,957 [aecc5ed5-ad68-40d1-9c43-97df2574d85d:group-8433B0A91521:LeaderElection16] INFO  grpc.GrpcConfigKeys$Server (ConfUtils.java:logGet(43)) - raft.grpc.server.leader.outstanding.appends.max = 128 (default)
2019-08-22 20:19:38,958 [aecc5ed5-ad68-40d1-9c43-97df2574d85d:group-8433B0A91521:LeaderElection16] INFO  server.RaftServerConfigKeys (ConfUtils.java:logGet(43)) - raft.server.rpc.request.timeout = 3000ms (default)
2019-08-22 20:19:38,958 [aecc5ed5-ad68-40d1-9c43-97df2574d85d:group-8433B0A91521:LeaderElection16] INFO  server.RaftServerConfigKeys (ConfUtils.java:logGet(43)) - raft.server.log.appender.install.snapshot.enabled = false (custom)
2019-08-22 20:19:38,958 [aecc5ed5-ad68-40d1-9c43-97df2574d85d:group-8433B0A91521:LeaderElection16] INFO  impl.RoleInfo (RoleInfo.java:updateAndGet(143)) - aecc5ed5-ad68-40d1-9c43-97df2574d85d: start LeaderState
2019-08-22 20:19:38,958 [aecc5ed5-ad68-40d1-9c43-97df2574d85d:group-8433B0A91521:LeaderElection16] INFO  segmented.SegmentedRaftLogWorker (SegmentedRaftLogWorker.java:startLogSegment(380)) - aecc5ed5-ad68-40d1-9c43-97df2574d85d-SegmentedRaftLogWorker:Storage Directory /workdir/hadoop-ozone/integration-test/target/test-dir/MiniOzoneClusterImpl-892c99a4-2802-4d8a-8333-ae6293701026/datanode-1/data/ratis/777a1c3c-7675-481a-bace-8433b0a91521: Starting segment from index:0
2019-08-22 20:19:38,959 [aecc5ed5-ad68-40d1-9c43-97df2574d85d:group-8433B0A91521:LeaderElection16] INFO  impl.RaftServerImpl (ServerState.java:setRaftConf(361)) - aecc5ed5-ad68-40d1-9c43-97df2574d85d:group-8433B0A91521 set configuration 0: [8a8bf17e-3e0b-4281-9eb2-f0900650cab0:192.168.36.65:42990, bcfc59bc-b95c-41d3-8a94-8ed3aa2ce859:192.168.36.65:39978, aecc5ed5-ad68-40d1-9c43-97df2574d85d:192.168.36.65:38592], old=null at 0
2019-08-22 20:19:38,991 [grpc-default-executor-0] WARN  server.GrpcLogAppender (LogUtils.java:warn(134)) - aecc5ed5-ad68-40d1-9c43-97df2574d85d->8a8bf17e-3e0b-4281-9eb2-f0900650cab0: Failed appendEntries: org.apache.ratis.thirdparty.io.grpc.StatusRuntimeException: UNAVAILABLE: io exception
2019-08-22 20:19:38,993 [grpc-default-executor-0] INFO  impl.FollowerInfo (FollowerInfo.java:lambda$new$0(50)) - aecc5ed5-ad68-40d1-9c43-97df2574d85d->8a8bf17e-3e0b-4281-9eb2-f0900650cab0: nextIndex: updateUnconditionally 0 -> 0
2019-08-22 20:19:38,995 [grpc-default-executor-0] INFO  impl.RaftServerImpl (ServerState.java:setLeader(263)) - bcfc59bc-b95c-41d3-8a94-8ed3aa2ce859:group-8433B0A91521 change Leader from null to aecc5ed5-ad68-40d1-9c43-97df2574d85d at term 1 for appendEntries, leader elected after 5256ms
2019-08-22 20:19:39,000 [grpc-default-executor-0] INFO  impl.RaftServerImpl (ServerState.java:setRaftConf(361)) - bcfc59bc-b95c-41d3-8a94-8ed3aa2ce859:group-8433B0A91521 set configuration 0: [8a8bf17e-3e0b-4281-9eb2-f0900650cab0:192.168.36.65:42990, bcfc59bc-b95c-41d3-8a94-8ed3aa2ce859:192.168.36.65:39978, aecc5ed5-ad68-40d1-9c43-97df2574d85d:192.168.36.65:38592], old=null at 0
2019-08-22 20:19:39,001 [grpc-default-executor-0] INFO  segmented.SegmentedRaftLogWorker (SegmentedRaftLogWorker.java:startLogSegment(380)) - bcfc59bc-b95c-41d3-8a94-8ed3aa2ce859-SegmentedRaftLogWorker:Storage Directory /workdir/hadoop-ozone/integration-test/target/test-dir/MiniOzoneClusterImpl-892c99a4-2802-4d8a-8333-ae6293701026/datanode-2/data/ratis/777a1c3c-7675-481a-bace-8433b0a91521: Starting segment from index:0
2019-08-22 20:19:39,030 [aecc5ed5-ad68-40d1-9c43-97df2574d85d-SegmentedRaftLogWorker:Storage Directory /workdir/hadoop-ozone/integration-test/target/test-dir/MiniOzoneClusterImpl-892c99a4-2802-4d8a-8333-ae6293701026/datanode-1/data/ratis/777a1c3c-7675-481a-bace-8433b0a91521] INFO  segmented.SegmentedRaftLogWorker (SegmentedRaftLogWorker.java:execute(569)) - aecc5ed5-ad68-40d1-9c43-97df2574d85d-SegmentedRaftLogWorker:Storage Directory /workdir/hadoop-ozone/integration-test/target/test-dir/MiniOzoneClusterImpl-892c99a4-2802-4d8a-8333-ae6293701026/datanode-1/data/ratis/777a1c3c-7675-481a-bace-8433b0a91521: created new log segment /workdir/hadoop-ozone/integration-test/target/test-dir/MiniOzoneClusterImpl-892c99a4-2802-4d8a-8333-ae6293701026/datanode-1/data/ratis/777a1c3c-7675-481a-bace-8433b0a91521/current/log_inprogress_0
2019-08-22 20:19:39,037 [grpc-default-executor-0] WARN  server.GrpcLogAppender (LogUtils.java:warn(134)) - aecc5ed5-ad68-40d1-9c43-97df2574d85d->8a8bf17e-3e0b-4281-9eb2-f0900650cab0: Failed appendEntries: org.apache.ratis.thirdparty.io.grpc.StatusRuntimeException: UNAVAILABLE: io exception
2019-08-22 20:19:39,038 [grpc-default-executor-0] INFO  impl.FollowerInfo (FollowerInfo.java:lambda$new$0(50)) - aecc5ed5-ad68-40d1-9c43-97df2574d85d->8a8bf17e-3e0b-4281-9eb2-f0900650cab0: nextIndex: updateUnconditionally 1 -> 0
2019-08-22 20:19:39,039 [EventQueue-StaleNodeForStaleNodeHandler] INFO  node.StaleNodeHandler (StaleNodeHandler.java:onMessage(58)) - Datanode 8a8bf17e-3e0b-4281-9eb2-f0900650cab0{ip: 192.168.36.65, host: pr-hdds-1975-qxxlx-297662434, networkLocation: /default-rack, certSerialId: null} moved to stale state. Finalizing its pipelines [PipelineID=3b892bf8-b4c0-4131-b943-390de5088a21, PipelineID=777a1c3c-7675-481a-bace-8433b0a91521]
2019-08-22 20:19:39,040 [EventQueue-StaleNodeForStaleNodeHandler] INFO  pipeline.SCMPipelineManager (SCMPipelineManager.java:finalizeAndDestroyPipeline(309)) - destroying pipeline:Pipeline[ Id: 3b892bf8-b4c0-4131-b943-390de5088a21, Nodes: 8a8bf17e-3e0b-4281-9eb2-f0900650cab0{ip: 192.168.36.65, host: pr-hdds-1975-qxxlx-297662434, networkLocation: /default-rack, certSerialId: null}, Type:RATIS, Factor:ONE, State:OPEN]
2019-08-22 20:19:39,040 [EventQueue-StaleNodeForStaleNodeHandler] INFO  pipeline.PipelineStateManager (PipelineStateManager.java:finalizePipeline(123)) - Pipeline Pipeline[ Id: 3b892bf8-b4c0-4131-b943-390de5088a21, Nodes: 8a8bf17e-3e0b-4281-9eb2-f0900650cab0{ip: 192.168.36.65, host: pr-hdds-1975-qxxlx-297662434, networkLocation: /default-rack, certSerialId: null}, Type:RATIS, Factor:ONE, State:CLOSED] moved to CLOSED state
2019-08-22 20:19:39,042 [EventQueue-StaleNodeForStaleNodeHandler] INFO  pipeline.SCMPipelineManager (SCMPipelineManager.java:finalizeAndDestroyPipeline(309)) - destroying pipeline:Pipeline[ Id: 777a1c3c-7675-481a-bace-8433b0a91521, Nodes: aecc5ed5-ad68-40d1-9c43-97df2574d85d{ip: 192.168.36.65, host: pr-hdds-1975-qxxlx-297662434, networkLocation: /default-rack, certSerialId: null}8a8bf17e-3e0b-4281-9eb2-f0900650cab0{ip: 192.168.36.65, host: pr-hdds-1975-qxxlx-297662434, networkLocation: /default-rack, certSerialId: null}bcfc59bc-b95c-41d3-8a94-8ed3aa2ce859{ip: 192.168.36.65, host: pr-hdds-1975-qxxlx-297662434, networkLocation: /default-rack, certSerialId: null}, Type:RATIS, Factor:THREE, State:OPEN]
2019-08-22 20:19:39,042 [EventQueue-StaleNodeForStaleNodeHandler] INFO  pipeline.PipelineStateManager (PipelineStateManager.java:finalizePipeline(123)) - Pipeline Pipeline[ Id: 777a1c3c-7675-481a-bace-8433b0a91521, Nodes: aecc5ed5-ad68-40d1-9c43-97df2574d85d{ip: 192.168.36.65, host: pr-hdds-1975-qxxlx-297662434, networkLocation: /default-rack, certSerialId: null}8a8bf17e-3e0b-4281-9eb2-f0900650cab0{ip: 192.168.36.65, host: pr-hdds-1975-qxxlx-297662434, networkLocation: /default-rack, certSerialId: null}bcfc59bc-b95c-41d3-8a94-8ed3aa2ce859{ip: 192.168.36.65, host: pr-hdds-1975-qxxlx-297662434, networkLocation: /default-rack, certSerialId: null}, Type:RATIS, Factor:THREE, State:CLOSED] moved to CLOSED state
2019-08-22 20:19:39,047 [bcfc59bc-b95c-41d3-8a94-8ed3aa2ce859-SegmentedRaftLogWorker:Storage Directory /workdir/hadoop-ozone/integration-test/target/test-dir/MiniOzoneClusterImpl-892c99a4-2802-4d8a-8333-ae6293701026/datanode-2/data/ratis/777a1c3c-7675-481a-bace-8433b0a91521] INFO  segmented.SegmentedRaftLogWorker (SegmentedRaftLogWorker.java:execute(569)) - bcfc59bc-b95c-41d3-8a94-8ed3aa2ce859-SegmentedRaftLogWorker:Storage Directory /workdir/hadoop-ozone/integration-test/target/test-dir/MiniOzoneClusterImpl-892c99a4-2802-4d8a-8333-ae6293701026/datanode-2/data/ratis/777a1c3c-7675-481a-bace-8433b0a91521: created new log segment /workdir/hadoop-ozone/integration-test/target/test-dir/MiniOzoneClusterImpl-892c99a4-2802-4d8a-8333-ae6293701026/datanode-2/data/ratis/777a1c3c-7675-481a-bace-8433b0a91521/current/log_inprogress_0
2019-08-22 20:19:39,423 [Datanode State Machine Thread - 0] INFO  statemachine.DatanodeStateMachine (DatanodeStateMachine.java:lambda$startDaemon$0(350)) - Ozone container server started.
2019-08-22 20:19:39,652 | INFO  | SCMAudit | user=jenkins1000 | ip=192.168.36.65 | op=SEND_HEARTBEAT {datanodeUUID=bcfc59bc-b95c-41d3-8a94-8ed3aa2ce859, command=[]} | ret=SUCCESS |  
2019-08-22 20:19:40,652 | INFO  | SCMAudit | user=jenkins1000 | ip=192.168.36.65 | op=SEND_HEARTBEAT {datanodeUUID=bcfc59bc-b95c-41d3-8a94-8ed3aa2ce859, command=[]} | ret=SUCCESS |  
2019-08-22 20:19:41,541 [grpc-default-executor-0] WARN  server.GrpcLogAppender (LogUtils.java:warn(134)) - aecc5ed5-ad68-40d1-9c43-97df2574d85d->8a8bf17e-3e0b-4281-9eb2-f0900650cab0: Failed appendEntries: org.apache.ratis.thirdparty.io.grpc.StatusRuntimeException: UNAVAILABLE: io exception
2019-08-22 20:19:41,542 [grpc-default-executor-0] INFO  impl.FollowerInfo (FollowerInfo.java:lambda$new$0(50)) - aecc5ed5-ad68-40d1-9c43-97df2574d85d->8a8bf17e-3e0b-4281-9eb2-f0900650cab0: nextIndex: updateUnconditionally 0 -> 0
2019-08-22 20:19:41,651 | INFO  | SCMAudit | user=jenkins1000 | ip=192.168.36.65 | op=SEND_HEARTBEAT {datanodeUUID=bcfc59bc-b95c-41d3-8a94-8ed3aa2ce859, command=[]} | ret=SUCCESS |  
2019-08-22 20:19:42,652 | INFO  | SCMAudit | user=jenkins1000 | ip=192.168.36.65 | op=SEND_HEARTBEAT {datanodeUUID=bcfc59bc-b95c-41d3-8a94-8ed3aa2ce859, command=[]} | ret=SUCCESS |  
2019-08-22 20:19:43,654 | INFO  | SCMAudit | user=jenkins1000 | ip=192.168.36.65 | op=SEND_HEARTBEAT {datanodeUUID=bcfc59bc-b95c-41d3-8a94-8ed3aa2ce859, command=[]} | ret=SUCCESS |  
2019-08-22 20:19:43,828 [Thread-326] INFO  ozoneimpl.OzoneContainer (OzoneContainer.java:stop(199)) - Attempting to stop container services.
2019-08-22 20:19:43,829 [Thread-326] INFO  impl.RaftServerProxy (RaftServerProxy.java:lambda$close$4(314)) - aecc5ed5-ad68-40d1-9c43-97df2574d85d: close
2019-08-22 20:19:43,829 [Thread-326] INFO  impl.RaftServerImpl (RaftServerImpl.java:lambda$shutdown$3(245)) - aecc5ed5-ad68-40d1-9c43-97df2574d85d: shutdown group-0BC407C4BAB3
2019-08-22 20:19:43,830 [ForkJoinPool.commonPool-worker-0] INFO  impl.RaftServerImpl (RaftServerImpl.java:lambda$shutdown$3(245)) - aecc5ed5-ad68-40d1-9c43-97df2574d85d: shutdown group-8433B0A91521
2019-08-22 20:19:43,830 [Thread-326] INFO  util.JmxRegister (JmxRegister.java:unregister(73)) - Successfully un-registered JMX Bean with object name Ratis:service=RaftServer,group=group-0BC407C4BAB3,id=aecc5ed5-ad68-40d1-9c43-97df2574d85d
2019-08-22 20:19:43,830 [ForkJoinPool.commonPool-worker-0] INFO  util.JmxRegister (JmxRegister.java:unregister(73)) - Successfully un-registered JMX Bean with object name Ratis:service=RaftServer,group=group-8433B0A91521,id=aecc5ed5-ad68-40d1-9c43-97df2574d85d
2019-08-22 20:19:43,831 [Thread-326] INFO  impl.RoleInfo (RoleInfo.java:shutdownLeaderState(104)) - aecc5ed5-ad68-40d1-9c43-97df2574d85d: shutdown LeaderState
2019-08-22 20:19:43,831 [ForkJoinPool.commonPool-worker-0] INFO  impl.RoleInfo (RoleInfo.java:shutdownLeaderState(104)) - aecc5ed5-ad68-40d1-9c43-97df2574d85d: shutdown LeaderState
2019-08-22 20:19:43,831 [Thread-326] INFO  impl.PendingRequests (PendingRequests.java:sendNotLeaderResponses(202)) - aecc5ed5-ad68-40d1-9c43-97df2574d85d-PendingRequests: sendNotLeaderResponses
2019-08-22 20:19:43,834 [ForkJoinPool.commonPool-worker-0] INFO  impl.PendingRequests (PendingRequests.java:sendNotLeaderResponses(202)) - aecc5ed5-ad68-40d1-9c43-97df2574d85d-PendingRequests: sendNotLeaderResponses
2019-08-22 20:19:43,834 [org.apache.ratis.server.impl.LogAppender$AppenderDaemon$$Lambda$447/1490046348@530cbdf4] WARN  server.GrpcLogAppender (GrpcLogAppender.java:mayWait(143)) - GrpcLogAppender(aecc5ed5-ad68-40d1-9c43-97df2574d85d->8a8bf17e-3e0b-4281-9eb2-f0900650cab0): Wait interrupted by java.lang.InterruptedException
2019-08-22 20:19:43,834 [org.apache.ratis.server.impl.LogAppender$AppenderDaemon$$Lambda$447/1490046348@1715498c] WARN  server.GrpcLogAppender (GrpcLogAppender.java:mayWait(143)) - GrpcLogAppender(aecc5ed5-ad68-40d1-9c43-97df2574d85d->bcfc59bc-b95c-41d3-8a94-8ed3aa2ce859): Wait interrupted by java.lang.InterruptedException
2019-08-22 20:19:43,835 [ForkJoinPool.commonPool-worker-0] INFO  impl.StateMachineUpdater (StateMachineUpdater.java:stopAndJoin(115)) - StateMachineUpdater:aecc5ed5-ad68-40d1-9c43-97df2574d85d:group-8433B0A91521: set stopIndex = 0
2019-08-22 20:19:43,835 [Thread-326] INFO  impl.StateMachineUpdater (StateMachineUpdater.java:stopAndJoin(115)) - StateMachineUpdater:aecc5ed5-ad68-40d1-9c43-97df2574d85d:group-0BC407C4BAB3: set stopIndex = 0
2019-08-22 20:19:43,838 [ForkJoinPool.commonPool-worker-0] INFO  impl.RaftServerImpl (ServerState.java:close(394)) - aecc5ed5-ad68-40d1-9c43-97df2574d85d:group-8433B0A91521 closes. The last applied log index is 0
2019-08-22 20:19:43,840 [Thread-326] INFO  impl.RaftServerImpl (ServerState.java:close(394)) - aecc5ed5-ad68-40d1-9c43-97df2574d85d:group-0BC407C4BAB3 closes. The last applied log index is 0
2019-08-22 20:19:43,840 [aecc5ed5-ad68-40d1-9c43-97df2574d85d-SegmentedRaftLogWorker:Storage Directory /workdir/hadoop-ozone/integration-test/target/test-dir/MiniOzoneClusterImpl-892c99a4-2802-4d8a-8333-ae6293701026/datanode-1/data/ratis/777a1c3c-7675-481a-bace-8433b0a91521] INFO  segmented.SegmentedRaftLogWorker (SegmentedRaftLogWorker.java:run(313)) - aecc5ed5-ad68-40d1-9c43-97df2574d85d-SegmentedRaftLogWorker:Storage Directory /workdir/hadoop-ozone/integration-test/target/test-dir/MiniOzoneClusterImpl-892c99a4-2802-4d8a-8333-ae6293701026/datanode-1/data/ratis/777a1c3c-7675-481a-bace-8433b0a91521 was interrupted, exiting. There are 0 tasks remaining in the queue.
2019-08-22 20:19:43,840 [aecc5ed5-ad68-40d1-9c43-97df2574d85d-SegmentedRaftLogWorker:Storage Directory /workdir/hadoop-ozone/integration-test/target/test-dir/MiniOzoneClusterImpl-892c99a4-2802-4d8a-8333-ae6293701026/datanode-1/data/ratis/c765f756-70e1-4f14-ad24-0bc407c4bab3] INFO  segmented.SegmentedRaftLogWorker (SegmentedRaftLogWorker.java:run(313)) - aecc5ed5-ad68-40d1-9c43-97df2574d85d-SegmentedRaftLogWorker:Storage Directory /workdir/hadoop-ozone/integration-test/target/test-dir/MiniOzoneClusterImpl-892c99a4-2802-4d8a-8333-ae6293701026/datanode-1/data/ratis/c765f756-70e1-4f14-ad24-0bc407c4bab3 was interrupted, exiting. There are 0 tasks remaining in the queue.
2019-08-22 20:19:43,842 [ForkJoinPool.commonPool-worker-0] INFO  segmented.SegmentedRaftLogWorker (SegmentedRaftLogWorker.java:close(228)) - aecc5ed5-ad68-40d1-9c43-97df2574d85d-SegmentedRaftLogWorker:Storage Directory /workdir/hadoop-ozone/integration-test/target/test-dir/MiniOzoneClusterImpl-892c99a4-2802-4d8a-8333-ae6293701026/datanode-1/data/ratis/777a1c3c-7675-481a-bace-8433b0a91521 close()
2019-08-22 20:19:43,843 [Thread-326] INFO  segmented.SegmentedRaftLogWorker (SegmentedRaftLogWorker.java:close(228)) - aecc5ed5-ad68-40d1-9c43-97df2574d85d-SegmentedRaftLogWorker:Storage Directory /workdir/hadoop-ozone/integration-test/target/test-dir/MiniOzoneClusterImpl-892c99a4-2802-4d8a-8333-ae6293701026/datanode-1/data/ratis/c765f756-70e1-4f14-ad24-0bc407c4bab3 close()
2019-08-22 20:19:43,843 [grpc-default-executor-0] INFO  server.GrpcServerProtocolService (GrpcServerProtocolService.java:onCompleted(104)) - bcfc59bc-b95c-41d3-8a94-8ed3aa2ce859: appendEntries completed
2019-08-22 20:19:43,845 [Thread-326] INFO  server.GrpcService (GrpcService.java:closeImpl(155)) - aecc5ed5-ad68-40d1-9c43-97df2574d85d: shutdown server with port 38592 now
2019-08-22 20:19:43,847 [Thread-326] INFO  server.GrpcService (GrpcService.java:closeImpl(163)) - aecc5ed5-ad68-40d1-9c43-97df2574d85d: shutdown server with port 38592 successfully
2019-08-22 20:19:43,848 [grpc-default-executor-0] INFO  server.GrpcLogAppender (GrpcLogAppender.java:onError(281)) - GrpcLogAppender(aecc5ed5-ad68-40d1-9c43-97df2574d85d->bcfc59bc-b95c-41d3-8a94-8ed3aa2ce859) is stopped
2019-08-22 20:19:43,850 [Thread-326] INFO  utils.BackgroundService (BackgroundService.java:shutdown(148)) - Shutting down service BlockDeletingService
2019-08-22 20:19:43,853 [refreshUsed-/workdir/hadoop-ozone/integration-test/target/test-dir/MiniOzoneClusterImpl-892c99a4-2802-4d8a-8333-ae6293701026/datanode-1/data/containers] WARN  fs.CachingGetSpaceUsed (CachingGetSpaceUsed.java:run(183)) - Thread Interrupted waiting to refresh disk information: sleep interrupted
2019-08-22 20:19:43,874 [Thread-326] INFO  statemachine.DatanodeStateMachine (DatanodeStateMachine.java:stopDaemon(395)) - Ozone container server stopped.
2019-08-22 20:19:43,875 [Thread-326] INFO  handler.ContextHandler (ContextHandler.java:doStop(910)) - Stopped o.e.j.w.WebAppContext@2201b81b{/,null,UNAVAILABLE}{/hddsDatanode}
2019-08-22 20:19:43,876 [Thread-326] INFO  server.AbstractConnector (AbstractConnector.java:doStop(318)) - Stopped ServerConnector@1766bf89{HTTP/1.1,[http/1.1]}{0.0.0.0:0}
2019-08-22 20:19:43,876 [Thread-326] INFO  handler.ContextHandler (ContextHandler.java:doStop(910)) - Stopped o.e.j.s.ServletContextHandler@57dab78a{/static,jar:file:/home/user/.m2/repository/org/apache/hadoop/hadoop-hdds-container-service/0.5.0-SNAPSHOT/hadoop-hdds-container-service-0.5.0-SNAPSHOT.jar!/webapps/static,UNAVAILABLE}
2019-08-22 20:19:43,877 [Thread-326] INFO  handler.ContextHandler (ContextHandler.java:doStop(910)) - Stopped o.e.j.s.ServletContextHandler@67137c0f{/logs,file:///workdir/hadoop-ozone/integration-test/target/log,UNAVAILABLE}
2019-08-22 20:19:43,878 [Thread-326] INFO  datanode.ObjectStoreHandler (ObjectStoreHandler.java:close(155)) - Closing ObjectStoreHandler.
2019-08-22 20:19:43,880 [Thread-326] INFO  ozone.HddsDatanodeService (HddsDatanodeService.java:stop(451)) - Stopped plug-in org.apache.hadoop.ozone.web.OzoneHddsDatanodeService@639e9d5b
2019-08-22 20:19:44,041 [EventQueue-StaleNodeForStaleNodeHandler] INFO  node.StaleNodeHandler (StaleNodeHandler.java:onMessage(58)) - Datanode aecc5ed5-ad68-40d1-9c43-97df2574d85d{ip: 192.168.36.65, host: pr-hdds-1975-qxxlx-297662434, networkLocation: /default-rack, certSerialId: null} moved to stale state. Finalizing its pipelines [PipelineID=c765f756-70e1-4f14-ad24-0bc407c4bab3, PipelineID=777a1c3c-7675-481a-bace-8433b0a91521]
2019-08-22 20:19:44,041 [EventQueue-StaleNodeForStaleNodeHandler] INFO  pipeline.SCMPipelineManager (SCMPipelineManager.java:finalizeAndDestroyPipeline(309)) - destroying pipeline:Pipeline[ Id: c765f756-70e1-4f14-ad24-0bc407c4bab3, Nodes: aecc5ed5-ad68-40d1-9c43-97df2574d85d{ip: 192.168.36.65, host: pr-hdds-1975-qxxlx-297662434, networkLocation: /default-rack, certSerialId: null}, Type:RATIS, Factor:ONE, State:OPEN]
2019-08-22 20:19:44,041 [EventQueue-StaleNodeForStaleNodeHandler] INFO  pipeline.PipelineStateManager (PipelineStateManager.java:finalizePipeline(123)) - Pipeline Pipeline[ Id: c765f756-70e1-4f14-ad24-0bc407c4bab3, Nodes: aecc5ed5-ad68-40d1-9c43-97df2574d85d{ip: 192.168.36.65, host: pr-hdds-1975-qxxlx-297662434, networkLocation: /default-rack, certSerialId: null}, Type:RATIS, Factor:ONE, State:CLOSED] moved to CLOSED state
2019-08-22 20:19:44,042 [EventQueue-StaleNodeForStaleNodeHandler] INFO  pipeline.SCMPipelineManager (SCMPipelineManager.java:finalizeAndDestroyPipeline(309)) - destroying pipeline:Pipeline[ Id: 777a1c3c-7675-481a-bace-8433b0a91521, Nodes: aecc5ed5-ad68-40d1-9c43-97df2574d85d{ip: 192.168.36.65, host: pr-hdds-1975-qxxlx-297662434, networkLocation: /default-rack, certSerialId: null}8a8bf17e-3e0b-4281-9eb2-f0900650cab0{ip: 192.168.36.65, host: pr-hdds-1975-qxxlx-297662434, networkLocation: /default-rack, certSerialId: null}bcfc59bc-b95c-41d3-8a94-8ed3aa2ce859{ip: 192.168.36.65, host: pr-hdds-1975-qxxlx-297662434, networkLocation: /default-rack, certSerialId: null}, Type:RATIS, Factor:THREE, State:CLOSED]
2019-08-22 20:19:44,650 [Datanode State Machine Thread - 0] INFO  statemachine.DatanodeStateMachine (DatanodeStateMachine.java:lambda$startDaemon$0(350)) - Ozone container server started.
2019-08-22 20:19:48,881 [Thread-326] INFO  ozoneimpl.OzoneContainer (OzoneContainer.java:stop(199)) - Attempting to stop container services.
2019-08-22 20:19:48,882 [Thread-326] INFO  impl.RaftServerProxy (RaftServerProxy.java:lambda$close$4(314)) - bcfc59bc-b95c-41d3-8a94-8ed3aa2ce859: close
2019-08-22 20:19:48,882 [Thread-326] INFO  impl.RaftServerImpl (RaftServerImpl.java:lambda$shutdown$3(245)) - bcfc59bc-b95c-41d3-8a94-8ed3aa2ce859: shutdown group-26B8FD71F654
2019-08-22 20:19:48,883 [Thread-326] INFO  util.JmxRegister (JmxRegister.java:unregister(73)) - Successfully un-registered JMX Bean with object name Ratis:service=RaftServer,group=group-26B8FD71F654,id=bcfc59bc-b95c-41d3-8a94-8ed3aa2ce859
2019-08-22 20:19:48,884 [Thread-326] INFO  impl.RoleInfo (RoleInfo.java:shutdownLeaderState(104)) - bcfc59bc-b95c-41d3-8a94-8ed3aa2ce859: shutdown LeaderState
2019-08-22 20:19:48,884 [Thread-326] INFO  impl.PendingRequests (PendingRequests.java:sendNotLeaderResponses(202)) - bcfc59bc-b95c-41d3-8a94-8ed3aa2ce859-PendingRequests: sendNotLeaderResponses
2019-08-22 20:19:48,884 [Thread-326] INFO  impl.StateMachineUpdater (StateMachineUpdater.java:stopAndJoin(115)) - StateMachineUpdater:bcfc59bc-b95c-41d3-8a94-8ed3aa2ce859:group-26B8FD71F654: set stopIndex = 0
2019-08-22 20:19:48,886 [Thread-326] INFO  impl.RaftServerImpl (ServerState.java:close(394)) - bcfc59bc-b95c-41d3-8a94-8ed3aa2ce859:group-26B8FD71F654 closes. The last applied log index is 0
2019-08-22 20:19:48,886 [bcfc59bc-b95c-41d3-8a94-8ed3aa2ce859-SegmentedRaftLogWorker:Storage Directory /workdir/hadoop-ozone/integration-test/target/test-dir/MiniOzoneClusterImpl-892c99a4-2802-4d8a-8333-ae6293701026/datanode-2/data/ratis/62d34f2a-04dd-463c-aef9-26b8fd71f654] INFO  segmented.SegmentedRaftLogWorker (SegmentedRaftLogWorker.java:run(313)) - bcfc59bc-b95c-41d3-8a94-8ed3aa2ce859-SegmentedRaftLogWorker:Storage Directory /workdir/hadoop-ozone/integration-test/target/test-dir/MiniOzoneClusterImpl-892c99a4-2802-4d8a-8333-ae6293701026/datanode-2/data/ratis/62d34f2a-04dd-463c-aef9-26b8fd71f654 was interrupted, exiting. There are 0 tasks remaining in the queue.
2019-08-22 20:19:48,887 [Thread-326] INFO  segmented.SegmentedRaftLogWorker (SegmentedRaftLogWorker.java:close(228)) - bcfc59bc-b95c-41d3-8a94-8ed3aa2ce859-SegmentedRaftLogWorker:Storage Directory /workdir/hadoop-ozone/integration-test/target/test-dir/MiniOzoneClusterImpl-892c99a4-2802-4d8a-8333-ae6293701026/datanode-2/data/ratis/62d34f2a-04dd-463c-aef9-26b8fd71f654 close()
2019-08-22 20:19:48,888 [Thread-326] INFO  impl.RaftServerImpl (RaftServerImpl.java:lambda$shutdown$3(245)) - bcfc59bc-b95c-41d3-8a94-8ed3aa2ce859: shutdown group-8433B0A91521
2019-08-22 20:19:48,889 [Thread-326] INFO  util.JmxRegister (JmxRegister.java:unregister(73)) - Successfully un-registered JMX Bean with object name Ratis:service=RaftServer,group=group-8433B0A91521,id=bcfc59bc-b95c-41d3-8a94-8ed3aa2ce859
2019-08-22 20:19:48,889 [Thread-326] INFO  impl.RoleInfo (RoleInfo.java:shutdownFollowerState(121)) - bcfc59bc-b95c-41d3-8a94-8ed3aa2ce859: shutdown FollowerState
2019-08-22 20:19:48,889 [Thread-326] INFO  impl.StateMachineUpdater (StateMachineUpdater.java:stopAndJoin(115)) - StateMachineUpdater:bcfc59bc-b95c-41d3-8a94-8ed3aa2ce859:group-8433B0A91521: set stopIndex = 0
2019-08-22 20:19:48,890 [Thread-527] INFO  impl.FollowerState (FollowerState.java:run(114)) - bcfc59bc-b95c-41d3-8a94-8ed3aa2ce859: FollowerState was interrupted: java.lang.InterruptedException: sleep interrupted
2019-08-22 20:19:48,890 [Thread-326] INFO  impl.RaftServerImpl (ServerState.java:close(394)) - bcfc59bc-b95c-41d3-8a94-8ed3aa2ce859:group-8433B0A91521 closes. The last applied log index is 0
2019-08-22 20:19:48,892 [bcfc59bc-b95c-41d3-8a94-8ed3aa2ce859-SegmentedRaftLogWorker:Storage Directory /workdir/hadoop-ozone/integration-test/target/test-dir/MiniOzoneClusterImpl-892c99a4-2802-4d8a-8333-ae6293701026/datanode-2/data/ratis/777a1c3c-7675-481a-bace-8433b0a91521] INFO  segmented.SegmentedRaftLogWorker (SegmentedRaftLogWorker.java:run(313)) - bcfc59bc-b95c-41d3-8a94-8ed3aa2ce859-SegmentedRaftLogWorker:Storage Directory /workdir/hadoop-ozone/integration-test/target/test-dir/MiniOzoneClusterImpl-892c99a4-2802-4d8a-8333-ae6293701026/datanode-2/data/ratis/777a1c3c-7675-481a-bace-8433b0a91521 was interrupted, exiting. There are 0 tasks remaining in the queue.
2019-08-22 20:19:48,893 [Thread-326] INFO  segmented.SegmentedRaftLogWorker (SegmentedRaftLogWorker.java:close(228)) - bcfc59bc-b95c-41d3-8a94-8ed3aa2ce859-SegmentedRaftLogWorker:Storage Directory /workdir/hadoop-ozone/integration-test/target/test-dir/MiniOzoneClusterImpl-892c99a4-2802-4d8a-8333-ae6293701026/datanode-2/data/ratis/777a1c3c-7675-481a-bace-8433b0a91521 close()
2019-08-22 20:19:48,894 [Thread-326] INFO  server.GrpcService (GrpcService.java:closeImpl(155)) - bcfc59bc-b95c-41d3-8a94-8ed3aa2ce859: shutdown server with port 39978 now
2019-08-22 20:19:48,894 [Thread-326] INFO  server.GrpcService (GrpcService.java:closeImpl(163)) - bcfc59bc-b95c-41d3-8a94-8ed3aa2ce859: shutdown server with port 39978 successfully
2019-08-22 20:19:48,896 [Thread-326] INFO  utils.BackgroundService (BackgroundService.java:shutdown(148)) - Shutting down service BlockDeletingService
2019-08-22 20:19:48,898 [refreshUsed-/workdir/hadoop-ozone/integration-test/target/test-dir/MiniOzoneClusterImpl-892c99a4-2802-4d8a-8333-ae6293701026/datanode-2/data/containers] WARN  fs.CachingGetSpaceUsed (CachingGetSpaceUsed.java:run(183)) - Thread Interrupted waiting to refresh disk information: sleep interrupted
2019-08-22 20:19:48,919 [Thread-326] INFO  statemachine.DatanodeStateMachine (DatanodeStateMachine.java:stopDaemon(395)) - Ozone container server stopped.
2019-08-22 20:19:48,920 [Thread-326] INFO  handler.ContextHandler (ContextHandler.java:doStop(910)) - Stopped o.e.j.w.WebAppContext@223796c{/,null,UNAVAILABLE}{/hddsDatanode}
2019-08-22 20:19:48,920 [Thread-326] INFO  server.AbstractConnector (AbstractConnector.java:doStop(318)) - Stopped ServerConnector@84177f8{HTTP/1.1,[http/1.1]}{0.0.0.0:0}
2019-08-22 20:19:48,921 [Thread-326] INFO  handler.ContextHandler (ContextHandler.java:doStop(910)) - Stopped o.e.j.s.ServletContextHandler@3331d0ba{/static,jar:file:/home/user/.m2/repository/org/apache/hadoop/hadoop-hdds-container-service/0.5.0-SNAPSHOT/hadoop-hdds-container-service-0.5.0-SNAPSHOT.jar!/webapps/static,UNAVAILABLE}
2019-08-22 20:19:48,921 [Thread-326] INFO  handler.ContextHandler (ContextHandler.java:doStop(910)) - Stopped o.e.j.s.ServletContextHandler@7bfb22b3{/logs,file:///workdir/hadoop-ozone/integration-test/target/log,UNAVAILABLE}
2019-08-22 20:19:48,926 [Thread-326] INFO  impl.MetricsSystemImpl (MetricsSystemImpl.java:init(158)) - HddsDatanode metrics system started (again)
2019-08-22 20:19:48,973 [Thread-326] INFO  ozone.HddsDatanodeService (HddsDatanodeService.java:start(184)) - HddsDatanodeService host:pr-hdds-1975-qxxlx-297662434 ip:192.168.36.65
2019-08-22 20:19:48,977 [Thread-326] INFO  volume.VolumeUsage (VolumeUsage.java:loadScmUsed(144)) - Cached ScmUsed found for /workdir/hadoop-ozone/integration-test/target/test-dir/MiniOzoneClusterImpl-892c99a4-2802-4d8a-8333-ae6293701026/datanode-0/data/containers : 4096 
2019-08-22 20:19:48,978 [Thread-326] INFO  volume.HddsVolume (HddsVolume.java:<init>(176)) - Creating Volume: /workdir/hadoop-ozone/integration-test/target/test-dir/MiniOzoneClusterImpl-892c99a4-2802-4d8a-8333-ae6293701026/datanode-0/data/containers/hdds of  storage type : DISK and capacity : 1482555576320
2019-08-22 20:19:48,978 [Thread-326] INFO  volume.VolumeSet (VolumeSet.java:initializeVolumeSet(170)) - Added Volume : /workdir/hadoop-ozone/integration-test/target/test-dir/MiniOzoneClusterImpl-892c99a4-2802-4d8a-8333-ae6293701026/datanode-0/data/containers/hdds to VolumeSet
2019-08-22 20:19:48,978 [Thread-326] INFO  volume.ThrottledAsyncChecker (ThrottledAsyncChecker.java:schedule(140)) - Scheduling a check for org.apache.hadoop.ozone.container.common.volume.HddsVolume@2c0385e5
2019-08-22 20:19:48,979 [Thread-326] INFO  volume.HddsVolumeChecker (HddsVolumeChecker.java:checkAllVolumes(203)) - Scheduled health check for volume org.apache.hadoop.ozone.container.common.volume.HddsVolume@2c0385e5
2019-08-22 20:19:49,001 [Thread-326] INFO  impl.RaftServerProxy (ConfUtils.java:logGet(43)) - raft.rpc.type = GRPC (default)
2019-08-22 20:19:49,001 [Thread-326] INFO  grpc.GrpcFactory (GrpcFactory.java:checkPooledByteBufAllocatorUseCacheForAllThreads(45)) - PERFORMANCE WARNING: useCacheForAllThreads is true that may cause Netty to create a lot garbage objects and, as a result, trigger GC.
	It is recommended to disable useCacheForAllThreads by setting -Dorg.apache.ratis.thirdparty.io.netty.allocator.useCacheForAllThreads=false in command line.
2019-08-22 20:19:49,001 [Thread-326] INFO  grpc.GrpcConfigKeys$Server (ConfUtils.java:logGet(43)) - raft.grpc.server.port = 42990 (custom)
2019-08-22 20:19:49,002 [Thread-326] INFO  server.GrpcService (ConfUtils.java:logGet(43)) - raft.grpc.message.size.max = 33570816 (custom)
2019-08-22 20:19:49,002 [Thread-326] INFO  server.RaftServerConfigKeys (ConfUtils.java:logGet(43)) - raft.server.log.appender.buffer.byte-limit = 33554432 (custom)
2019-08-22 20:19:49,002 [Thread-326] INFO  server.GrpcService (ConfUtils.java:logGet(43)) - raft.grpc.flow.control.window = 1MB (=1048576) (default)
2019-08-22 20:19:49,002 [Thread-326] INFO  server.RaftServerConfigKeys (ConfUtils.java:logGet(43)) - raft.server.rpc.request.timeout = 3000ms (default)
2019-08-22 20:19:49,003 [Thread-326] INFO  server.RaftServerConfigKeys (ConfUtils.java:logGet(43)) - raft.server.storage.dir = [/workdir/hadoop-ozone/integration-test/target/test-dir/MiniOzoneClusterImpl-892c99a4-2802-4d8a-8333-ae6293701026/datanode-0/data/ratis] (custom)
2019-08-22 20:19:49,003 [Thread-326] INFO  impl.RaftServerProxy (RaftServerProxy.java:lambda$null$0(191)) - 8a8bf17e-3e0b-4281-9eb2-f0900650cab0: found a subdirectory /workdir/hadoop-ozone/integration-test/target/test-dir/MiniOzoneClusterImpl-892c99a4-2802-4d8a-8333-ae6293701026/datanode-0/data/ratis/3b892bf8-b4c0-4131-b943-390de5088a21
2019-08-22 20:19:49,004 [Thread-326] INFO  impl.RaftServerProxy (RaftServerProxy.java:addNew(89)) - 8a8bf17e-3e0b-4281-9eb2-f0900650cab0: addNew group-390DE5088A21:[] returns group-390DE5088A21:java.util.concurrent.CompletableFuture@39120b66[Not completed]
2019-08-22 20:19:49,005 [Thread-326] INFO  impl.RaftServerProxy (RaftServerProxy.java:lambda$null$0(191)) - 8a8bf17e-3e0b-4281-9eb2-f0900650cab0: found a subdirectory /workdir/hadoop-ozone/integration-test/target/test-dir/MiniOzoneClusterImpl-892c99a4-2802-4d8a-8333-ae6293701026/datanode-0/data/ratis/777a1c3c-7675-481a-bace-8433b0a91521
2019-08-22 20:19:49,005 [Thread-326] INFO  impl.RaftServerProxy (RaftServerProxy.java:addNew(89)) - 8a8bf17e-3e0b-4281-9eb2-f0900650cab0: addNew group-8433B0A91521:[] returns group-8433B0A91521:java.util.concurrent.CompletableFuture@35352a6a[Not completed]
2019-08-22 20:19:49,006 [Thread-326] INFO  replication.SimpleContainerDownloader (SimpleContainerDownloader.java:<init>(72)) - Starting container downloader service to copy containers to replicate.
2019-08-22 20:19:49,008 [pool-148-thread-1] INFO  impl.RaftServerImpl (RaftServerImpl.java:<init>(93)) - 8a8bf17e-3e0b-4281-9eb2-f0900650cab0: new RaftServerImpl for group-390DE5088A21:[] with ContainerStateMachine:uninitialized
2019-08-22 20:19:49,008 [pool-148-thread-1] INFO  server.RaftServerConfigKeys (ConfUtils.java:logGet(43)) - raft.server.rpc.timeout.min = 5s (custom)
2019-08-22 20:19:49,008 [Thread-326] INFO  hdfs.DFSUtil (DFSUtil.java:httpServerTemplateForNNAndJN(1641)) - Starting Web-server for hddsDatanode at: http://0.0.0.0:38502
2019-08-22 20:19:49,009 [pool-148-thread-1] INFO  server.RaftServerConfigKeys (ConfUtils.java:logGet(43)) - raft.server.rpc.timeout.max = 5200ms (custom)
2019-08-22 20:19:49,011 [pool-148-thread-1] INFO  server.RaftServerConfigKeys (ConfUtils.java:logGet(43)) - raft.server.rpcslowness.timeout = 120s (custom)
2019-08-22 20:19:49,011 [pool-148-thread-1] INFO  server.RaftServerConfigKeys (ConfUtils.java:logGet(43)) - raft.server.sleep.deviation.threshold = 300 (default)
2019-08-22 20:19:49,012 [pool-148-thread-1] INFO  server.RaftServerConfigKeys (ConfUtils.java:logGet(43)) - raft.server.log.appender.install.snapshot.enabled = false (custom)
2019-08-22 20:19:49,013 [Thread-326] INFO  server.AuthenticationFilter (AuthenticationFilter.java:constructSecretProvider(240)) - Unable to initialize FileSignerSecretProvider, falling back to use random secrets.
2019-08-22 20:19:49,013 [pool-148-thread-1] INFO  impl.RaftServerImpl (ServerState.java:<init>(105)) - 8a8bf17e-3e0b-4281-9eb2-f0900650cab0:group-390DE5088A21 ConfigurationManager, init=-1: [], old=null, confs=<EMPTY_MAP>
2019-08-22 20:19:49,014 [pool-148-thread-1] INFO  server.RaftServerConfigKeys (ConfUtils.java:logGet(43)) - raft.server.storage.dir = [/workdir/hadoop-ozone/integration-test/target/test-dir/MiniOzoneClusterImpl-892c99a4-2802-4d8a-8333-ae6293701026/datanode-0/data/ratis] (custom)
2019-08-22 20:19:49,014 [Thread-326] WARN  http.HttpRequestLog (HttpRequestLog.java:getRequestLog(97)) - Jetty request log can only be enabled using Log4j
2019-08-22 20:19:49,016 [Thread-326] INFO  http.HttpServer2 (HttpServer2.java:addGlobalFilter(975)) - Added global filter 'safety' (class=org.apache.hadoop.http.HttpServer2$QuotingInputFilter)
2019-08-22 20:19:49,016 [Thread-326] INFO  http.HttpServer2 (HttpServer2.java:addFilter(948)) - Added filter static_user_filter (class=org.apache.hadoop.http.lib.StaticUserWebFilter$StaticUserFilter) to context hddsDatanode
2019-08-22 20:19:49,017 [Thread-326] INFO  http.HttpServer2 (HttpServer2.java:addFilter(958)) - Added filter static_user_filter (class=org.apache.hadoop.http.lib.StaticUserWebFilter$StaticUserFilter) to context static
2019-08-22 20:19:49,017 [Thread-326] INFO  http.HttpServer2 (HttpServer2.java:addFilter(958)) - Added filter static_user_filter (class=org.apache.hadoop.http.lib.StaticUserWebFilter$StaticUserFilter) to context logs
2019-08-22 20:19:49,018 [Thread-326] INFO  http.HttpServer2 (HttpServer2.java:bindListener(1191)) - Jetty bound to port 38502
2019-08-22 20:19:49,018 [Thread-326] INFO  server.Server (Server.java:doStart(351)) - jetty-9.3.24.v20180605, build timestamp: 2018-06-05T17:11:56Z, git hash: 84205aa28f11a4f31f2a3b86d1bba2cc8ab69827
2019-08-22 20:19:49,020 [Thread-326] INFO  handler.ContextHandler (ContextHandler.java:doStart(781)) - Started o.e.j.s.ServletContextHandler@15d0776f{/logs,file:///workdir/hadoop-ozone/integration-test/target/log,AVAILABLE}
2019-08-22 20:19:49,020 [Thread-326] INFO  handler.ContextHandler (ContextHandler.java:doStart(781)) - Started o.e.j.s.ServletContextHandler@597c4871{/static,jar:file:/home/user/.m2/repository/org/apache/hadoop/hadoop-hdds-container-service/0.5.0-SNAPSHOT/hadoop-hdds-container-service-0.5.0-SNAPSHOT.jar!/webapps/static,AVAILABLE}
2019-08-22 20:19:49,042 [EventQueue-StaleNodeForStaleNodeHandler] INFO  node.StaleNodeHandler (StaleNodeHandler.java:onMessage(58)) - Datanode bcfc59bc-b95c-41d3-8a94-8ed3aa2ce859{ip: 192.168.36.65, host: pr-hdds-1975-qxxlx-297662434, networkLocation: /default-rack, certSerialId: null} moved to stale state. Finalizing its pipelines [PipelineID=62d34f2a-04dd-463c-aef9-26b8fd71f654, PipelineID=777a1c3c-7675-481a-bace-8433b0a91521]
2019-08-22 20:19:49,042 [EventQueue-StaleNodeForStaleNodeHandler] INFO  pipeline.SCMPipelineManager (SCMPipelineManager.java:finalizeAndDestroyPipeline(309)) - destroying pipeline:Pipeline[ Id: 62d34f2a-04dd-463c-aef9-26b8fd71f654, Nodes: bcfc59bc-b95c-41d3-8a94-8ed3aa2ce859{ip: 192.168.36.65, host: pr-hdds-1975-qxxlx-297662434, networkLocation: /default-rack, certSerialId: null}, Type:RATIS, Factor:ONE, State:OPEN]
2019-08-22 20:19:49,042 [EventQueue-StaleNodeForStaleNodeHandler] INFO  pipeline.PipelineStateManager (PipelineStateManager.java:finalizePipeline(123)) - Pipeline Pipeline[ Id: 62d34f2a-04dd-463c-aef9-26b8fd71f654, Nodes: bcfc59bc-b95c-41d3-8a94-8ed3aa2ce859{ip: 192.168.36.65, host: pr-hdds-1975-qxxlx-297662434, networkLocation: /default-rack, certSerialId: null}, Type:RATIS, Factor:ONE, State:CLOSED] moved to CLOSED state
2019-08-22 20:19:49,043 [EventQueue-StaleNodeForStaleNodeHandler] INFO  pipeline.SCMPipelineManager (SCMPipelineManager.java:finalizeAndDestroyPipeline(309)) - destroying pipeline:Pipeline[ Id: 777a1c3c-7675-481a-bace-8433b0a91521, Nodes: aecc5ed5-ad68-40d1-9c43-97df2574d85d{ip: 192.168.36.65, host: pr-hdds-1975-qxxlx-297662434, networkLocation: /default-rack, certSerialId: null}8a8bf17e-3e0b-4281-9eb2-f0900650cab0{ip: 192.168.36.65, host: pr-hdds-1975-qxxlx-297662434, networkLocation: /default-rack, certSerialId: null}bcfc59bc-b95c-41d3-8a94-8ed3aa2ce859{ip: 192.168.36.65, host: pr-hdds-1975-qxxlx-297662434, networkLocation: /default-rack, certSerialId: null}, Type:RATIS, Factor:THREE, State:CLOSED]
2019-08-22 20:19:49,049 [Thread-326] INFO  handler.ContextHandler (ContextHandler.java:doStart(781)) - Started o.e.j.w.WebAppContext@5d686d5b{/,file:///tmp/jetty-0.0.0.0-38502-hddsDatanode-_-any-5463730291247253862.dir/webapp/,AVAILABLE}{/hddsDatanode}
2019-08-22 20:19:49,050 [Thread-326] INFO  server.AbstractConnector (AbstractConnector.java:doStart(278)) - Started ServerConnector@40d1d6c8{HTTP/1.1,[http/1.1]}{0.0.0.0:38502}
2019-08-22 20:19:49,051 [Thread-326] INFO  server.Server (Server.java:doStart(419)) - Started @57479ms
2019-08-22 20:19:49,051 [Thread-326] INFO  server.BaseHttpServer (BaseHttpServer.java:updateConnectorAddress(213)) - HTTP server of HDDSDATANODE is listening at http://0.0.0.0:38502
2019-08-22 20:19:49,181 | INFO  | ObjectStoreRestHttpServer | Listening HDDS REST traffic on /0.0.0.0:34532 |  
2019-08-22 20:19:49,181 [Thread-326] INFO  ozone.HddsDatanodeService (HddsDatanodeService.java:startPlugins(395)) - Started plug-in org.apache.hadoop.ozone.web.OzoneHddsDatanodeService@160349ee
2019-08-22 20:19:49,183 [org.apache.hadoop.util.JvmPauseMonitor$Monitor@58a7bd9b] INFO  util.JvmPauseMonitor (JvmPauseMonitor.java:run(188)) - Starting JVM pause monitor
2019-08-22 20:19:49,184 [Thread-326] INFO  impl.MetricsSystemImpl (MetricsSystemImpl.java:init(158)) - HddsDatanode metrics system started (again)
2019-08-22 20:19:49,189 [Thread-326] INFO  ozone.HddsDatanodeService (HddsDatanodeService.java:start(184)) - HddsDatanodeService host:pr-hdds-1975-qxxlx-297662434 ip:192.168.36.65
2019-08-22 20:19:49,191 [Thread-326] INFO  volume.VolumeUsage (VolumeUsage.java:loadScmUsed(144)) - Cached ScmUsed found for /workdir/hadoop-ozone/integration-test/target/test-dir/MiniOzoneClusterImpl-892c99a4-2802-4d8a-8333-ae6293701026/datanode-1/data/containers : 4096 
2019-08-22 20:19:49,192 [Thread-326] INFO  volume.HddsVolume (HddsVolume.java:<init>(176)) - Creating Volume: /workdir/hadoop-ozone/integration-test/target/test-dir/MiniOzoneClusterImpl-892c99a4-2802-4d8a-8333-ae6293701026/datanode-1/data/containers/hdds of  storage type : DISK and capacity : 1482555576320
2019-08-22 20:19:49,192 [Thread-326] INFO  volume.VolumeSet (VolumeSet.java:initializeVolumeSet(170)) - Added Volume : /workdir/hadoop-ozone/integration-test/target/test-dir/MiniOzoneClusterImpl-892c99a4-2802-4d8a-8333-ae6293701026/datanode-1/data/containers/hdds to VolumeSet
2019-08-22 20:19:49,193 [Thread-326] INFO  volume.ThrottledAsyncChecker (ThrottledAsyncChecker.java:schedule(140)) - Scheduling a check for org.apache.hadoop.ozone.container.common.volume.HddsVolume@455eaa17
2019-08-22 20:19:49,193 [Thread-326] INFO  volume.HddsVolumeChecker (HddsVolumeChecker.java:checkAllVolumes(203)) - Scheduled health check for volume org.apache.hadoop.ozone.container.common.volume.HddsVolume@455eaa17
2019-08-22 20:19:49,213 [Thread-326] INFO  impl.RaftServerProxy (ConfUtils.java:logGet(43)) - raft.rpc.type = GRPC (default)
2019-08-22 20:19:49,214 [Thread-326] INFO  grpc.GrpcFactory (GrpcFactory.java:checkPooledByteBufAllocatorUseCacheForAllThreads(45)) - PERFORMANCE WARNING: useCacheForAllThreads is true that may cause Netty to create a lot garbage objects and, as a result, trigger GC.
	It is recommended to disable useCacheForAllThreads by setting -Dorg.apache.ratis.thirdparty.io.netty.allocator.useCacheForAllThreads=false in command line.
2019-08-22 20:19:49,214 [Thread-326] INFO  grpc.GrpcConfigKeys$Server (ConfUtils.java:logGet(43)) - raft.grpc.server.port = 38592 (custom)
2019-08-22 20:19:49,214 [Thread-326] INFO  server.GrpcService (ConfUtils.java:logGet(43)) - raft.grpc.message.size.max = 33570816 (custom)
2019-08-22 20:19:49,214 [Thread-326] INFO  server.RaftServerConfigKeys (ConfUtils.java:logGet(43)) - raft.server.log.appender.buffer.byte-limit = 33554432 (custom)
2019-08-22 20:19:49,214 [Thread-326] INFO  server.GrpcService (ConfUtils.java:logGet(43)) - raft.grpc.flow.control.window = 1MB (=1048576) (default)
2019-08-22 20:19:49,215 [Thread-326] INFO  server.RaftServerConfigKeys (ConfUtils.java:logGet(43)) - raft.server.rpc.request.timeout = 3000ms (default)
2019-08-22 20:19:49,215 [Thread-326] INFO  server.RaftServerConfigKeys (ConfUtils.java:logGet(43)) - raft.server.storage.dir = [/workdir/hadoop-ozone/integration-test/target/test-dir/MiniOzoneClusterImpl-892c99a4-2802-4d8a-8333-ae6293701026/datanode-1/data/ratis] (custom)
2019-08-22 20:19:49,216 [Thread-326] INFO  impl.RaftServerProxy (RaftServerProxy.java:lambda$null$0(191)) - aecc5ed5-ad68-40d1-9c43-97df2574d85d: found a subdirectory /workdir/hadoop-ozone/integration-test/target/test-dir/MiniOzoneClusterImpl-892c99a4-2802-4d8a-8333-ae6293701026/datanode-1/data/ratis/c765f756-70e1-4f14-ad24-0bc407c4bab3
2019-08-22 20:19:49,216 [Thread-326] INFO  impl.RaftServerProxy (RaftServerProxy.java:addNew(89)) - aecc5ed5-ad68-40d1-9c43-97df2574d85d: addNew group-0BC407C4BAB3:[] returns group-0BC407C4BAB3:java.util.concurrent.CompletableFuture@5830aa9e[Not completed]
2019-08-22 20:19:49,216 [Thread-326] INFO  impl.RaftServerProxy (RaftServerProxy.java:lambda$null$0(191)) - aecc5ed5-ad68-40d1-9c43-97df2574d85d: found a subdirectory /workdir/hadoop-ozone/integration-test/target/test-dir/MiniOzoneClusterImpl-892c99a4-2802-4d8a-8333-ae6293701026/datanode-1/data/ratis/777a1c3c-7675-481a-bace-8433b0a91521
2019-08-22 20:19:49,217 [Thread-326] INFO  impl.RaftServerProxy (RaftServerProxy.java:addNew(89)) - aecc5ed5-ad68-40d1-9c43-97df2574d85d: addNew group-8433B0A91521:[] returns group-8433B0A91521:java.util.concurrent.CompletableFuture@53b56ac[Not completed]
2019-08-22 20:19:49,217 [Thread-326] INFO  replication.SimpleContainerDownloader (SimpleContainerDownloader.java:<init>(72)) - Starting container downloader service to copy containers to replicate.
2019-08-22 20:19:49,220 [Thread-326] INFO  hdfs.DFSUtil (DFSUtil.java:httpServerTemplateForNNAndJN(1641)) - Starting Web-server for hddsDatanode at: http://0.0.0.0:38032
2019-08-22 20:19:49,220 [pool-159-thread-1] INFO  impl.RaftServerImpl (RaftServerImpl.java:<init>(93)) - aecc5ed5-ad68-40d1-9c43-97df2574d85d: new RaftServerImpl for group-0BC407C4BAB3:[] with ContainerStateMachine:uninitialized
2019-08-22 20:19:49,222 [pool-159-thread-1] INFO  server.RaftServerConfigKeys (ConfUtils.java:logGet(43)) - raft.server.rpc.timeout.min = 5s (custom)
2019-08-22 20:19:49,222 [pool-159-thread-1] INFO  server.RaftServerConfigKeys (ConfUtils.java:logGet(43)) - raft.server.rpc.timeout.max = 5200ms (custom)
2019-08-22 20:19:49,222 [pool-159-thread-1] INFO  server.RaftServerConfigKeys (ConfUtils.java:logGet(43)) - raft.server.rpcslowness.timeout = 120s (custom)
2019-08-22 20:19:49,222 [pool-159-thread-1] INFO  server.RaftServerConfigKeys (ConfUtils.java:logGet(43)) - raft.server.sleep.deviation.threshold = 300 (default)
2019-08-22 20:19:49,222 [pool-159-thread-1] INFO  server.RaftServerConfigKeys (ConfUtils.java:logGet(43)) - raft.server.log.appender.install.snapshot.enabled = false (custom)
2019-08-22 20:19:49,223 [pool-159-thread-1] INFO  impl.RaftServerImpl (ServerState.java:<init>(105)) - aecc5ed5-ad68-40d1-9c43-97df2574d85d:group-0BC407C4BAB3 ConfigurationManager, init=-1: [], old=null, confs=<EMPTY_MAP>
2019-08-22 20:19:49,223 [pool-159-thread-1] INFO  server.RaftServerConfigKeys (ConfUtils.java:logGet(43)) - raft.server.storage.dir = [/workdir/hadoop-ozone/integration-test/target/test-dir/MiniOzoneClusterImpl-892c99a4-2802-4d8a-8333-ae6293701026/datanode-1/data/ratis] (custom)
2019-08-22 20:19:49,223 [Thread-326] INFO  server.AuthenticationFilter (AuthenticationFilter.java:constructSecretProvider(240)) - Unable to initialize FileSignerSecretProvider, falling back to use random secrets.
2019-08-22 20:19:49,224 [Thread-326] WARN  http.HttpRequestLog (HttpRequestLog.java:getRequestLog(97)) - Jetty request log can only be enabled using Log4j
2019-08-22 20:19:49,225 [Thread-326] INFO  http.HttpServer2 (HttpServer2.java:addGlobalFilter(975)) - Added global filter 'safety' (class=org.apache.hadoop.http.HttpServer2$QuotingInputFilter)
2019-08-22 20:19:49,226 [Thread-326] INFO  http.HttpServer2 (HttpServer2.java:addFilter(948)) - Added filter static_user_filter (class=org.apache.hadoop.http.lib.StaticUserWebFilter$StaticUserFilter) to context hddsDatanode
2019-08-22 20:19:49,226 [Thread-326] INFO  http.HttpServer2 (HttpServer2.java:addFilter(958)) - Added filter static_user_filter (class=org.apache.hadoop.http.lib.StaticUserWebFilter$StaticUserFilter) to context static
2019-08-22 20:19:49,226 [Thread-326] INFO  http.HttpServer2 (HttpServer2.java:addFilter(958)) - Added filter static_user_filter (class=org.apache.hadoop.http.lib.StaticUserWebFilter$StaticUserFilter) to context logs
2019-08-22 20:19:49,227 [Thread-326] INFO  http.HttpServer2 (HttpServer2.java:bindListener(1191)) - Jetty bound to port 38032
2019-08-22 20:19:49,227 [Thread-326] INFO  server.Server (Server.java:doStart(351)) - jetty-9.3.24.v20180605, build timestamp: 2018-06-05T17:11:56Z, git hash: 84205aa28f11a4f31f2a3b86d1bba2cc8ab69827
2019-08-22 20:19:49,229 [Thread-326] INFO  handler.ContextHandler (ContextHandler.java:doStart(781)) - Started o.e.j.s.ServletContextHandler@512c6603{/logs,file:///workdir/hadoop-ozone/integration-test/target/log,AVAILABLE}
2019-08-22 20:19:49,229 [Thread-326] INFO  handler.ContextHandler (ContextHandler.java:doStart(781)) - Started o.e.j.s.ServletContextHandler@3adbd26{/static,jar:file:/home/user/.m2/repository/org/apache/hadoop/hadoop-hdds-container-service/0.5.0-SNAPSHOT/hadoop-hdds-container-service-0.5.0-SNAPSHOT.jar!/webapps/static,AVAILABLE}
2019-08-22 20:19:49,263 [Thread-326] INFO  handler.ContextHandler (ContextHandler.java:doStart(781)) - Started o.e.j.w.WebAppContext@7a334042{/,file:///tmp/jetty-0.0.0.0-38032-hddsDatanode-_-any-1332943923818965408.dir/webapp/,AVAILABLE}{/hddsDatanode}
2019-08-22 20:19:49,263 [Thread-326] INFO  server.AbstractConnector (AbstractConnector.java:doStart(278)) - Started ServerConnector@5dcc45a7{HTTP/1.1,[http/1.1]}{0.0.0.0:38032}
2019-08-22 20:19:49,265 [Thread-326] INFO  server.Server (Server.java:doStart(419)) - Started @57693ms
2019-08-22 20:19:49,265 [Thread-326] INFO  server.BaseHttpServer (BaseHttpServer.java:updateConnectorAddress(213)) - HTTP server of HDDSDATANODE is listening at http://0.0.0.0:38032
2019-08-22 20:19:49,387 | INFO  | ObjectStoreRestHttpServer | Listening HDDS REST traffic on /0.0.0.0:37740 |  
2019-08-22 20:19:49,387 [Thread-326] INFO  ozone.HddsDatanodeService (HddsDatanodeService.java:startPlugins(395)) - Started plug-in org.apache.hadoop.ozone.web.OzoneHddsDatanodeService@3b2a5000
2019-08-22 20:19:49,389 [org.apache.hadoop.util.JvmPauseMonitor$Monitor@2dd0bec1] INFO  util.JvmPauseMonitor (JvmPauseMonitor.java:run(188)) - Starting JVM pause monitor
2019-08-22 20:19:49,390 [Thread-326] INFO  impl.MetricsSystemImpl (MetricsSystemImpl.java:init(158)) - HddsDatanode metrics system started (again)
2019-08-22 20:19:49,394 [Thread-326] INFO  ozone.HddsDatanodeService (HddsDatanodeService.java:start(184)) - HddsDatanodeService host:pr-hdds-1975-qxxlx-297662434 ip:192.168.36.65
2019-08-22 20:19:49,396 [Thread-326] INFO  volume.VolumeUsage (VolumeUsage.java:loadScmUsed(144)) - Cached ScmUsed found for /workdir/hadoop-ozone/integration-test/target/test-dir/MiniOzoneClusterImpl-892c99a4-2802-4d8a-8333-ae6293701026/datanode-2/data/containers : 4096 
2019-08-22 20:19:49,396 [Thread-326] INFO  volume.HddsVolume (HddsVolume.java:<init>(176)) - Creating Volume: /workdir/hadoop-ozone/integration-test/target/test-dir/MiniOzoneClusterImpl-892c99a4-2802-4d8a-8333-ae6293701026/datanode-2/data/containers/hdds of  storage type : DISK and capacity : 1482555576320
2019-08-22 20:19:49,396 [Thread-326] INFO  volume.VolumeSet (VolumeSet.java:initializeVolumeSet(170)) - Added Volume : /workdir/hadoop-ozone/integration-test/target/test-dir/MiniOzoneClusterImpl-892c99a4-2802-4d8a-8333-ae6293701026/datanode-2/data/containers/hdds to VolumeSet
2019-08-22 20:19:49,396 [Thread-326] INFO  volume.ThrottledAsyncChecker (ThrottledAsyncChecker.java:schedule(140)) - Scheduling a check for org.apache.hadoop.ozone.container.common.volume.HddsVolume@24b14f8c
2019-08-22 20:19:49,397 [Thread-326] INFO  volume.HddsVolumeChecker (HddsVolumeChecker.java:checkAllVolumes(203)) - Scheduled health check for volume org.apache.hadoop.ozone.container.common.volume.HddsVolume@24b14f8c
2019-08-22 20:19:49,412 [Thread-326] INFO  impl.RaftServerProxy (ConfUtils.java:logGet(43)) - raft.rpc.type = GRPC (default)
2019-08-22 20:19:49,412 [Thread-326] INFO  grpc.GrpcFactory (GrpcFactory.java:checkPooledByteBufAllocatorUseCacheForAllThreads(45)) - PERFORMANCE WARNING: useCacheForAllThreads is true that may cause Netty to create a lot garbage objects and, as a result, trigger GC.
	It is recommended to disable useCacheForAllThreads by setting -Dorg.apache.ratis.thirdparty.io.netty.allocator.useCacheForAllThreads=false in command line.
2019-08-22 20:19:49,412 [Thread-326] INFO  grpc.GrpcConfigKeys$Server (ConfUtils.java:logGet(43)) - raft.grpc.server.port = 39978 (custom)
2019-08-22 20:19:49,412 [Thread-326] INFO  server.GrpcService (ConfUtils.java:logGet(43)) - raft.grpc.message.size.max = 33570816 (custom)
2019-08-22 20:19:49,412 [Thread-326] INFO  server.RaftServerConfigKeys (ConfUtils.java:logGet(43)) - raft.server.log.appender.buffer.byte-limit = 33554432 (custom)
2019-08-22 20:19:49,412 [Thread-326] INFO  server.GrpcService (ConfUtils.java:logGet(43)) - raft.grpc.flow.control.window = 1MB (=1048576) (default)
2019-08-22 20:19:49,412 [Thread-326] INFO  server.RaftServerConfigKeys (ConfUtils.java:logGet(43)) - raft.server.rpc.request.timeout = 3000ms (default)
2019-08-22 20:19:49,413 [Thread-326] INFO  server.RaftServerConfigKeys (ConfUtils.java:logGet(43)) - raft.server.storage.dir = [/workdir/hadoop-ozone/integration-test/target/test-dir/MiniOzoneClusterImpl-892c99a4-2802-4d8a-8333-ae6293701026/datanode-2/data/ratis] (custom)
2019-08-22 20:19:49,413 [Thread-326] INFO  impl.RaftServerProxy (RaftServerProxy.java:lambda$null$0(191)) - bcfc59bc-b95c-41d3-8a94-8ed3aa2ce859: found a subdirectory /workdir/hadoop-ozone/integration-test/target/test-dir/MiniOzoneClusterImpl-892c99a4-2802-4d8a-8333-ae6293701026/datanode-2/data/ratis/777a1c3c-7675-481a-bace-8433b0a91521
2019-08-22 20:19:49,414 [Thread-326] INFO  impl.RaftServerProxy (RaftServerProxy.java:addNew(89)) - bcfc59bc-b95c-41d3-8a94-8ed3aa2ce859: addNew group-8433B0A91521:[] returns group-8433B0A91521:java.util.concurrent.CompletableFuture@5754d235[Not completed]
2019-08-22 20:19:49,414 [Thread-326] INFO  impl.RaftServerProxy (RaftServerProxy.java:lambda$null$0(191)) - bcfc59bc-b95c-41d3-8a94-8ed3aa2ce859: found a subdirectory /workdir/hadoop-ozone/integration-test/target/test-dir/MiniOzoneClusterImpl-892c99a4-2802-4d8a-8333-ae6293701026/datanode-2/data/ratis/62d34f2a-04dd-463c-aef9-26b8fd71f654
2019-08-22 20:19:49,414 [Thread-326] INFO  impl.RaftServerProxy (RaftServerProxy.java:addNew(89)) - bcfc59bc-b95c-41d3-8a94-8ed3aa2ce859: addNew group-26B8FD71F654:[] returns group-26B8FD71F654:java.util.concurrent.CompletableFuture@5d933bc8[Not completed]
2019-08-22 20:19:49,415 [Thread-326] INFO  replication.SimpleContainerDownloader (SimpleContainerDownloader.java:<init>(72)) - Starting container downloader service to copy containers to replicate.
2019-08-22 20:19:49,416 [pool-170-thread-1] INFO  impl.RaftServerImpl (RaftServerImpl.java:<init>(93)) - bcfc59bc-b95c-41d3-8a94-8ed3aa2ce859: new RaftServerImpl for group-8433B0A91521:[] with ContainerStateMachine:uninitialized
2019-08-22 20:19:49,417 [pool-170-thread-1] INFO  server.RaftServerConfigKeys (ConfUtils.java:logGet(43)) - raft.server.rpc.timeout.min = 5s (custom)
2019-08-22 20:19:49,417 [Thread-326] INFO  hdfs.DFSUtil (DFSUtil.java:httpServerTemplateForNNAndJN(1641)) - Starting Web-server for hddsDatanode at: http://0.0.0.0:41123
2019-08-22 20:19:49,417 [pool-170-thread-1] INFO  server.RaftServerConfigKeys (ConfUtils.java:logGet(43)) - raft.server.rpc.timeout.max = 5200ms (custom)
2019-08-22 20:19:49,417 [pool-170-thread-1] INFO  server.RaftServerConfigKeys (ConfUtils.java:logGet(43)) - raft.server.rpcslowness.timeout = 120s (custom)
2019-08-22 20:19:49,418 [pool-170-thread-1] INFO  server.RaftServerConfigKeys (ConfUtils.java:logGet(43)) - raft.server.sleep.deviation.threshold = 300 (default)
2019-08-22 20:19:49,418 [pool-170-thread-1] INFO  server.RaftServerConfigKeys (ConfUtils.java:logGet(43)) - raft.server.log.appender.install.snapshot.enabled = false (custom)
2019-08-22 20:19:49,418 [pool-170-thread-1] INFO  impl.RaftServerImpl (ServerState.java:<init>(105)) - bcfc59bc-b95c-41d3-8a94-8ed3aa2ce859:group-8433B0A91521 ConfigurationManager, init=-1: [], old=null, confs=<EMPTY_MAP>
2019-08-22 20:19:49,418 [pool-170-thread-1] INFO  server.RaftServerConfigKeys (ConfUtils.java:logGet(43)) - raft.server.storage.dir = [/workdir/hadoop-ozone/integration-test/target/test-dir/MiniOzoneClusterImpl-892c99a4-2802-4d8a-8333-ae6293701026/datanode-2/data/ratis] (custom)
2019-08-22 20:19:49,419 [Thread-326] INFO  server.AuthenticationFilter (AuthenticationFilter.java:constructSecretProvider(240)) - Unable to initialize FileSignerSecretProvider, falling back to use random secrets.
2019-08-22 20:19:49,419 [Thread-326] WARN  http.HttpRequestLog (HttpRequestLog.java:getRequestLog(97)) - Jetty request log can only be enabled using Log4j
2019-08-22 20:19:49,420 [Thread-326] INFO  http.HttpServer2 (HttpServer2.java:addGlobalFilter(975)) - Added global filter 'safety' (class=org.apache.hadoop.http.HttpServer2$QuotingInputFilter)
2019-08-22 20:19:49,421 [Thread-326] INFO  http.HttpServer2 (HttpServer2.java:addFilter(948)) - Added filter static_user_filter (class=org.apache.hadoop.http.lib.StaticUserWebFilter$StaticUserFilter) to context hddsDatanode
2019-08-22 20:19:49,421 [Thread-326] INFO  http.HttpServer2 (HttpServer2.java:addFilter(958)) - Added filter static_user_filter (class=org.apache.hadoop.http.lib.StaticUserWebFilter$StaticUserFilter) to context static
2019-08-22 20:19:49,421 [Thread-326] INFO  http.HttpServer2 (HttpServer2.java:addFilter(958)) - Added filter static_user_filter (class=org.apache.hadoop.http.lib.StaticUserWebFilter$StaticUserFilter) to context logs
2019-08-22 20:19:49,422 [Thread-326] INFO  http.HttpServer2 (HttpServer2.java:bindListener(1191)) - Jetty bound to port 41123
2019-08-22 20:19:49,422 [Thread-326] INFO  server.Server (Server.java:doStart(351)) - jetty-9.3.24.v20180605, build timestamp: 2018-06-05T17:11:56Z, git hash: 84205aa28f11a4f31f2a3b86d1bba2cc8ab69827
2019-08-22 20:19:49,424 [Thread-326] INFO  handler.ContextHandler (ContextHandler.java:doStart(781)) - Started o.e.j.s.ServletContextHandler@4cd1158e{/logs,file:///workdir/hadoop-ozone/integration-test/target/log,AVAILABLE}
2019-08-22 20:19:49,424 [Thread-326] INFO  handler.ContextHandler (ContextHandler.java:doStart(781)) - Started o.e.j.s.ServletContextHandler@3b23d152{/static,jar:file:/home/user/.m2/repository/org/apache/hadoop/hadoop-hdds-container-service/0.5.0-SNAPSHOT/hadoop-hdds-container-service-0.5.0-SNAPSHOT.jar!/webapps/static,AVAILABLE}
2019-08-22 20:19:49,452 [Thread-326] INFO  handler.ContextHandler (ContextHandler.java:doStart(781)) - Started o.e.j.w.WebAppContext@b71e4f0{/,file:///tmp/jetty-0.0.0.0-41123-hddsDatanode-_-any-298299991084037685.dir/webapp/,AVAILABLE}{/hddsDatanode}
2019-08-22 20:19:49,453 [Thread-326] INFO  server.AbstractConnector (AbstractConnector.java:doStart(278)) - Started ServerConnector@30f8795f{HTTP/1.1,[http/1.1]}{0.0.0.0:41123}
2019-08-22 20:19:49,454 [Thread-326] INFO  server.Server (Server.java:doStart(419)) - Started @57882ms
2019-08-22 20:19:49,454 [Thread-326] INFO  server.BaseHttpServer (BaseHttpServer.java:updateConnectorAddress(213)) - HTTP server of HDDSDATANODE is listening at http://0.0.0.0:41123
2019-08-22 20:19:49,555 [pool-148-thread-1] INFO  storage.RaftStorageDirectory (RaftStorageDirectory.java:tryLock(328)) - Lock on /workdir/hadoop-ozone/integration-test/target/test-dir/MiniOzoneClusterImpl-892c99a4-2802-4d8a-8333-ae6293701026/datanode-0/data/ratis/3b892bf8-b4c0-4131-b943-390de5088a21/in_use.lock acquired by nodename 4922@pr-hdds-1975-qxxlx-297662434
2019-08-22 20:19:49,557 [pool-159-thread-1] INFO  storage.RaftStorageDirectory (RaftStorageDirectory.java:tryLock(328)) - Lock on /workdir/hadoop-ozone/integration-test/target/test-dir/MiniOzoneClusterImpl-892c99a4-2802-4d8a-8333-ae6293701026/datanode-1/data/ratis/c765f756-70e1-4f14-ad24-0bc407c4bab3/in_use.lock acquired by nodename 4922@pr-hdds-1975-qxxlx-297662434
2019-08-22 20:19:49,557 [pool-148-thread-1] INFO  ratis.ContainerStateMachine (ContainerStateMachine.java:loadSnapshot(226)) - group-390DE5088A21: The snapshot info is null. Setting the last applied indexto:(t:0, i:~)
2019-08-22 20:19:49,557 [pool-148-thread-1] INFO  server.RaftServerConfigKeys (ConfUtils.java:logGet(43)) - raft.server.leader.election.timeout = 120s (custom)
2019-08-22 20:19:49,558 [pool-159-thread-1] INFO  ratis.ContainerStateMachine (ContainerStateMachine.java:loadSnapshot(226)) - group-0BC407C4BAB3: The snapshot info is null. Setting the last applied indexto:(t:0, i:~)
2019-08-22 20:19:49,558 [pool-148-thread-1] INFO  server.RaftServerConfigKeys (ConfUtils.java:logGet(43)) - raft.server.log.use.memory = false (default)
2019-08-22 20:19:49,558 [pool-159-thread-1] INFO  server.RaftServerConfigKeys (ConfUtils.java:logGet(43)) - raft.server.leader.election.timeout = 120s (custom)
2019-08-22 20:19:49,558 [pool-148-thread-1] INFO  server.RaftServerConfigKeys (ConfUtils.java:logGet(43)) - raft.server.log.purge.gap = 1000000 (custom)
2019-08-22 20:19:49,558 [pool-159-thread-1] INFO  server.RaftServerConfigKeys (ConfUtils.java:logGet(43)) - raft.server.log.use.memory = false (default)
2019-08-22 20:19:49,558 [pool-148-thread-1] INFO  server.RaftServerConfigKeys (ConfUtils.java:logGet(43)) - raft.server.log.appender.buffer.byte-limit = 33554432 (custom)
2019-08-22 20:19:49,559 [pool-159-thread-1] INFO  server.RaftServerConfigKeys (ConfUtils.java:logGet(43)) - raft.server.log.purge.gap = 1000000 (custom)
2019-08-22 20:19:49,559 [pool-148-thread-1] INFO  server.RaftServerConfigKeys (ConfUtils.java:logGet(43)) - raft.server.log.segment.size.max = 1048576 (custom)
2019-08-22 20:19:49,559 [pool-159-thread-1] INFO  server.RaftServerConfigKeys (ConfUtils.java:logGet(43)) - raft.server.log.appender.buffer.byte-limit = 33554432 (custom)
2019-08-22 20:19:49,559 [pool-148-thread-1] INFO  server.RaftServerConfigKeys (ConfUtils.java:logGet(43)) - raft.server.log.segment.cache.num.max = 2 (custom)
2019-08-22 20:19:49,559 [pool-159-thread-1] INFO  server.RaftServerConfigKeys (ConfUtils.java:logGet(43)) - raft.server.log.segment.size.max = 1048576 (custom)
2019-08-22 20:19:49,559 [pool-148-thread-1] INFO  segmented.SegmentedRaftLogWorker (SegmentedRaftLogWorker.java:<init>(172)) - new 8a8bf17e-3e0b-4281-9eb2-f0900650cab0-SegmentedRaftLogWorker:Storage Directory /workdir/hadoop-ozone/integration-test/target/test-dir/MiniOzoneClusterImpl-892c99a4-2802-4d8a-8333-ae6293701026/datanode-0/data/ratis/3b892bf8-b4c0-4131-b943-390de5088a21 for RaftStorage:Storage Directory /workdir/hadoop-ozone/integration-test/target/test-dir/MiniOzoneClusterImpl-892c99a4-2802-4d8a-8333-ae6293701026/datanode-0/data/ratis/3b892bf8-b4c0-4131-b943-390de5088a21
2019-08-22 20:19:49,560 [pool-159-thread-1] INFO  server.RaftServerConfigKeys (ConfUtils.java:logGet(43)) - raft.server.log.segment.cache.num.max = 2 (custom)
2019-08-22 20:19:49,560 [pool-148-thread-1] INFO  server.RaftServerConfigKeys (ConfUtils.java:logGet(43)) - raft.server.log.queue.byte-limit = 2147483647 (custom)
2019-08-22 20:19:49,560 [pool-159-thread-1] INFO  segmented.SegmentedRaftLogWorker (SegmentedRaftLogWorker.java:<init>(172)) - new aecc5ed5-ad68-40d1-9c43-97df2574d85d-SegmentedRaftLogWorker:Storage Directory /workdir/hadoop-ozone/integration-test/target/test-dir/MiniOzoneClusterImpl-892c99a4-2802-4d8a-8333-ae6293701026/datanode-1/data/ratis/c765f756-70e1-4f14-ad24-0bc407c4bab3 for RaftStorage:Storage Directory /workdir/hadoop-ozone/integration-test/target/test-dir/MiniOzoneClusterImpl-892c99a4-2802-4d8a-8333-ae6293701026/datanode-1/data/ratis/c765f756-70e1-4f14-ad24-0bc407c4bab3
2019-08-22 20:19:49,560 [pool-148-thread-1] INFO  server.RaftServerConfigKeys (ConfUtils.java:logGet(43)) - raft.server.log.queue.element-limit = 1024 (custom)
2019-08-22 20:19:49,560 [pool-159-thread-1] INFO  server.RaftServerConfigKeys (ConfUtils.java:logGet(43)) - raft.server.log.queue.byte-limit = 2147483647 (custom)
2019-08-22 20:19:49,560 [pool-148-thread-1] INFO  server.RaftServerConfigKeys (ConfUtils.java:logGet(43)) - raft.server.log.segment.size.max = 1048576 (custom)
2019-08-22 20:19:49,561 [pool-159-thread-1] INFO  server.RaftServerConfigKeys (ConfUtils.java:logGet(43)) - raft.server.log.queue.element-limit = 1024 (custom)
2019-08-22 20:19:49,561 [pool-148-thread-1] INFO  server.RaftServerConfigKeys (ConfUtils.java:logGet(43)) - raft.server.log.preallocated.size = 16384 (custom)
2019-08-22 20:19:49,561 [pool-159-thread-1] INFO  server.RaftServerConfigKeys (ConfUtils.java:logGet(43)) - raft.server.log.segment.size.max = 1048576 (custom)
2019-08-22 20:19:49,561 [pool-148-thread-1] INFO  server.RaftServerConfigKeys (ConfUtils.java:logGet(43)) - raft.server.log.write.buffer.size = 33554432 (custom)
2019-08-22 20:19:49,561 [pool-159-thread-1] INFO  server.RaftServerConfigKeys (ConfUtils.java:logGet(43)) - raft.server.log.preallocated.size = 16384 (custom)
2019-08-22 20:19:49,561 [pool-148-thread-1] INFO  server.RaftServerConfigKeys (ConfUtils.java:logGet(43)) - raft.server.log.force.sync.num = 128 (default)
2019-08-22 20:19:49,561 [pool-159-thread-1] INFO  server.RaftServerConfigKeys (ConfUtils.java:logGet(43)) - raft.server.log.write.buffer.size = 33554432 (custom)
2019-08-22 20:19:49,562 [pool-148-thread-1] INFO  server.RaftServerConfigKeys (ConfUtils.java:logGet(43)) - raft.server.log.statemachine.data.sync = true (default)
2019-08-22 20:19:49,562 [pool-159-thread-1] INFO  server.RaftServerConfigKeys (ConfUtils.java:logGet(43)) - raft.server.log.force.sync.num = 128 (default)
2019-08-22 20:19:49,562 [pool-148-thread-1] INFO  server.RaftServerConfigKeys (ConfUtils.java:logGet(43)) - raft.server.log.statemachine.data.sync.timeout = 10s (default)
2019-08-22 20:19:49,562 [pool-159-thread-1] INFO  server.RaftServerConfigKeys (ConfUtils.java:logGet(43)) - raft.server.log.statemachine.data.sync = true (default)
2019-08-22 20:19:49,562 [pool-148-thread-1] INFO  server.RaftServerConfigKeys (ConfUtils.java:logGet(43)) - raft.server.log.statemachine.data.sync.timeout.retry = -1 (default)
2019-08-22 20:19:49,563 [pool-159-thread-1] INFO  server.RaftServerConfigKeys (ConfUtils.java:logGet(43)) - raft.server.log.statemachine.data.sync.timeout = 10s (default)
2019-08-22 20:19:49,641 [pool-148-thread-1] INFO  server.RaftServerConfigKeys (ConfUtils.java:logGet(43)) - raft.server.log.statemachine.data.caching.enabled = true (custom)
2019-08-22 20:19:49,646 [pool-159-thread-1] INFO  server.RaftServerConfigKeys (ConfUtils.java:logGet(43)) - raft.server.log.statemachine.data.sync.timeout.retry = -1 (default)
2019-08-22 20:19:49,657 [pool-159-thread-1] INFO  server.RaftServerConfigKeys (ConfUtils.java:logGet(43)) - raft.server.log.statemachine.data.caching.enabled = true (custom)
2019-08-22 20:19:49,726 [pool-148-thread-1] INFO  impl.RaftServerImpl (ServerState.java:setRaftConf(361)) - 8a8bf17e-3e0b-4281-9eb2-f0900650cab0:group-390DE5088A21 set configuration 0: [8a8bf17e-3e0b-4281-9eb2-f0900650cab0:192.168.36.65:42990], old=null at 0
2019-08-22 20:19:49,726 [pool-159-thread-1] INFO  impl.RaftServerImpl (ServerState.java:setRaftConf(361)) - aecc5ed5-ad68-40d1-9c43-97df2574d85d:group-0BC407C4BAB3 set configuration 0: [aecc5ed5-ad68-40d1-9c43-97df2574d85d:192.168.36.65:38592], old=null at 0
2019-08-22 20:19:49,727 [pool-148-thread-1] INFO  segmented.LogSegment (LogSegment.java:loadSegment(145)) - Successfully read 1 entries from segment file /workdir/hadoop-ozone/integration-test/target/test-dir/MiniOzoneClusterImpl-892c99a4-2802-4d8a-8333-ae6293701026/datanode-0/data/ratis/3b892bf8-b4c0-4131-b943-390de5088a21/current/log_inprogress_0
2019-08-22 20:19:49,727 [pool-159-thread-1] INFO  segmented.LogSegment (LogSegment.java:loadSegment(145)) - Successfully read 1 entries from segment file /workdir/hadoop-ozone/integration-test/target/test-dir/MiniOzoneClusterImpl-892c99a4-2802-4d8a-8333-ae6293701026/datanode-1/data/ratis/c765f756-70e1-4f14-ad24-0bc407c4bab3/current/log_inprogress_0
2019-08-22 20:19:49,728 [pool-148-thread-1] INFO  segmented.SegmentedRaftLogWorker (SegmentedRaftLogWorker.java:lambda$new$0(132)) - 8a8bf17e-3e0b-4281-9eb2-f0900650cab0-SegmentedRaftLogWorker:Storage Directory /workdir/hadoop-ozone/integration-test/target/test-dir/MiniOzoneClusterImpl-892c99a4-2802-4d8a-8333-ae6293701026/datanode-0/data/ratis/3b892bf8-b4c0-4131-b943-390de5088a21: flushIndex: setUnconditionally 0 -> 0
2019-08-22 20:19:49,728 [pool-159-thread-1] INFO  segmented.SegmentedRaftLogWorker (SegmentedRaftLogWorker.java:lambda$new$0(132)) - aecc5ed5-ad68-40d1-9c43-97df2574d85d-SegmentedRaftLogWorker:Storage Directory /workdir/hadoop-ozone/integration-test/target/test-dir/MiniOzoneClusterImpl-892c99a4-2802-4d8a-8333-ae6293701026/datanode-1/data/ratis/c765f756-70e1-4f14-ad24-0bc407c4bab3: flushIndex: setUnconditionally 0 -> 0
2019-08-22 20:19:49,764 | INFO  | ObjectStoreRestHttpServer | Listening HDDS REST traffic on /0.0.0.0:44152 |  
2019-08-22 20:19:49,764 [pool-148-thread-1] INFO  server.RaftServerConfigKeys (ConfUtils.java:logGet(43)) - raft.server.snapshot.auto.trigger.enabled = true (custom)
2019-08-22 20:19:49,764 [pool-159-thread-1] INFO  server.RaftServerConfigKeys (ConfUtils.java:logGet(43)) - raft.server.snapshot.auto.trigger.enabled = true (custom)
2019-08-22 20:19:49,764 [pool-148-thread-1] INFO  server.RaftServerConfigKeys (ConfUtils.java:logGet(43)) - raft.server.snapshot.auto.trigger.threshold = 10000 (custom)
2019-08-22 20:19:49,764 [Thread-326] INFO  ozone.HddsDatanodeService (HddsDatanodeService.java:startPlugins(395)) - Started plug-in org.apache.hadoop.ozone.web.OzoneHddsDatanodeService@26cd4e4e
2019-08-22 20:19:49,765 [pool-148-thread-1] INFO  server.RaftServerConfigKeys (ConfUtils.java:logGet(43)) - raft.server.retrycache.expirytime = 600000ms (custom)
2019-08-22 20:19:49,764 [pool-159-thread-1] INFO  server.RaftServerConfigKeys (ConfUtils.java:logGet(43)) - raft.server.snapshot.auto.trigger.threshold = 10000 (custom)
2019-08-22 20:19:49,765 [Thread-326] INFO  pipeline.SCMPipelineManager (SCMPipelineManager.java:finalizeAndDestroyPipeline(309)) - destroying pipeline:Pipeline[ Id: 777a1c3c-7675-481a-bace-8433b0a91521, Nodes: aecc5ed5-ad68-40d1-9c43-97df2574d85d{ip: 192.168.36.65, host: pr-hdds-1975-qxxlx-297662434, networkLocation: /default-rack, certSerialId: null}8a8bf17e-3e0b-4281-9eb2-f0900650cab0{ip: 192.168.36.65, host: pr-hdds-1975-qxxlx-297662434, networkLocation: /default-rack, certSerialId: null}bcfc59bc-b95c-41d3-8a94-8ed3aa2ce859{ip: 192.168.36.65, host: pr-hdds-1975-qxxlx-297662434, networkLocation: /default-rack, certSerialId: null}, Type:RATIS, Factor:THREE, State:OPEN]
2019-08-22 20:19:49,765 [pool-159-thread-1] INFO  server.RaftServerConfigKeys (ConfUtils.java:logGet(43)) - raft.server.retrycache.expirytime = 600000ms (custom)
2019-08-22 20:19:49,767 [pool-148-thread-1] INFO  impl.RaftServerImpl (RaftServerImpl.java:<init>(93)) - 8a8bf17e-3e0b-4281-9eb2-f0900650cab0: new RaftServerImpl for group-8433B0A91521:[] with ContainerStateMachine:uninitialized
2019-08-22 20:19:49,767 [org.apache.hadoop.util.JvmPauseMonitor$Monitor@6fda30c6] INFO  util.JvmPauseMonitor (JvmPauseMonitor.java:run(188)) - Starting JVM pause monitor
2019-08-22 20:19:49,767 [pool-148-thread-1] INFO  server.RaftServerConfigKeys (ConfUtils.java:logGet(43)) - raft.server.rpc.timeout.min = 5s (custom)
2019-08-22 20:19:49,767 [pool-148-thread-1] INFO  server.RaftServerConfigKeys (ConfUtils.java:logGet(43)) - raft.server.rpc.timeout.max = 5200ms (custom)
2019-08-22 20:19:49,768 [pool-148-thread-1] INFO  server.RaftServerConfigKeys (ConfUtils.java:logGet(43)) - raft.server.rpcslowness.timeout = 120s (custom)
2019-08-22 20:19:49,768 [pool-148-thread-1] INFO  server.RaftServerConfigKeys (ConfUtils.java:logGet(43)) - raft.server.sleep.deviation.threshold = 300 (default)
2019-08-22 20:19:49,768 [pool-159-thread-1] INFO  impl.RaftServerImpl (RaftServerImpl.java:<init>(93)) - aecc5ed5-ad68-40d1-9c43-97df2574d85d: new RaftServerImpl for group-8433B0A91521:[] with ContainerStateMachine:uninitialized
2019-08-22 20:19:49,768 [pool-148-thread-1] INFO  server.RaftServerConfigKeys (ConfUtils.java:logGet(43)) - raft.server.log.appender.install.snapshot.enabled = false (custom)
2019-08-22 20:19:49,768 [pool-159-thread-1] INFO  server.RaftServerConfigKeys (ConfUtils.java:logGet(43)) - raft.server.rpc.timeout.min = 5s (custom)
2019-08-22 20:19:49,768 [pool-148-thread-1] INFO  impl.RaftServerImpl (ServerState.java:<init>(105)) - 8a8bf17e-3e0b-4281-9eb2-f0900650cab0:group-8433B0A91521 ConfigurationManager, init=-1: [], old=null, confs=<EMPTY_MAP>
2019-08-22 20:19:49,768 [pool-159-thread-1] INFO  server.RaftServerConfigKeys (ConfUtils.java:logGet(43)) - raft.server.rpc.timeout.max = 5200ms (custom)
2019-08-22 20:19:49,769 [pool-148-thread-1] INFO  server.RaftServerConfigKeys (ConfUtils.java:logGet(43)) - raft.server.storage.dir = [/workdir/hadoop-ozone/integration-test/target/test-dir/MiniOzoneClusterImpl-892c99a4-2802-4d8a-8333-ae6293701026/datanode-0/data/ratis] (custom)
2019-08-22 20:19:49,769 [pool-159-thread-1] INFO  server.RaftServerConfigKeys (ConfUtils.java:logGet(43)) - raft.server.rpcslowness.timeout = 120s (custom)
2019-08-22 20:19:49,769 [pool-159-thread-1] INFO  server.RaftServerConfigKeys (ConfUtils.java:logGet(43)) - raft.server.sleep.deviation.threshold = 300 (default)
2019-08-22 20:19:49,769 [pool-159-thread-1] INFO  server.RaftServerConfigKeys (ConfUtils.java:logGet(43)) - raft.server.log.appender.install.snapshot.enabled = false (custom)
2019-08-22 20:19:49,769 [pool-159-thread-1] INFO  impl.RaftServerImpl (ServerState.java:<init>(105)) - aecc5ed5-ad68-40d1-9c43-97df2574d85d:group-8433B0A91521 ConfigurationManager, init=-1: [], old=null, confs=<EMPTY_MAP>
2019-08-22 20:19:49,770 [pool-159-thread-1] INFO  server.RaftServerConfigKeys (ConfUtils.java:logGet(43)) - raft.server.storage.dir = [/workdir/hadoop-ozone/integration-test/target/test-dir/MiniOzoneClusterImpl-892c99a4-2802-4d8a-8333-ae6293701026/datanode-1/data/ratis] (custom)
2019-08-22 20:19:49,772 [Thread-326] WARN  pipeline.RatisPipelineUtils (RatisPipelineUtils.java:destroyPipeline(66)) - Pipeline destroy failed for pipeline=PipelineID=777a1c3c-7675-481a-bace-8433b0a91521 dn=aecc5ed5-ad68-40d1-9c43-97df2574d85d{ip: 192.168.36.65, host: pr-hdds-1975-qxxlx-297662434, networkLocation: /default-rack, certSerialId: null}
2019-08-22 20:19:49,775 [Thread-326] WARN  pipeline.RatisPipelineUtils (RatisPipelineUtils.java:destroyPipeline(66)) - Pipeline destroy failed for pipeline=PipelineID=777a1c3c-7675-481a-bace-8433b0a91521 dn=8a8bf17e-3e0b-4281-9eb2-f0900650cab0{ip: 192.168.36.65, host: pr-hdds-1975-qxxlx-297662434, networkLocation: /default-rack, certSerialId: null}
2019-08-22 20:19:49,779 [Thread-326] WARN  pipeline.RatisPipelineUtils (RatisPipelineUtils.java:destroyPipeline(66)) - Pipeline destroy failed for pipeline=PipelineID=777a1c3c-7675-481a-bace-8433b0a91521 dn=bcfc59bc-b95c-41d3-8a94-8ed3aa2ce859{ip: 192.168.36.65, host: pr-hdds-1975-qxxlx-297662434, networkLocation: /default-rack, certSerialId: null}
2019-08-22 20:19:49,779 [Thread-326] INFO  pipeline.PipelineStateManager (PipelineStateManager.java:removePipeline(108)) - Pipeline Pipeline[ Id: 777a1c3c-7675-481a-bace-8433b0a91521, Nodes: aecc5ed5-ad68-40d1-9c43-97df2574d85d{ip: 192.168.36.65, host: pr-hdds-1975-qxxlx-297662434, networkLocation: /default-rack, certSerialId: null}8a8bf17e-3e0b-4281-9eb2-f0900650cab0{ip: 192.168.36.65, host: pr-hdds-1975-qxxlx-297662434, networkLocation: /default-rack, certSerialId: null}bcfc59bc-b95c-41d3-8a94-8ed3aa2ce859{ip: 192.168.36.65, host: pr-hdds-1975-qxxlx-297662434, networkLocation: /default-rack, certSerialId: null}, Type:RATIS, Factor:THREE, State:CLOSED] removed from db
2019-08-22 20:19:49,813 [pool-170-thread-1] INFO  storage.RaftStorageDirectory (RaftStorageDirectory.java:tryLock(328)) - Lock on /workdir/hadoop-ozone/integration-test/target/test-dir/MiniOzoneClusterImpl-892c99a4-2802-4d8a-8333-ae6293701026/datanode-2/data/ratis/777a1c3c-7675-481a-bace-8433b0a91521/in_use.lock acquired by nodename 4922@pr-hdds-1975-qxxlx-297662434
2019-08-22 20:19:49,813 [pool-170-thread-1] INFO  ratis.ContainerStateMachine (ContainerStateMachine.java:loadSnapshot(226)) - group-8433B0A91521: The snapshot info is null. Setting the last applied indexto:(t:0, i:~)
2019-08-22 20:19:49,814 [pool-170-thread-1] INFO  server.RaftServerConfigKeys (ConfUtils.java:logGet(43)) - raft.server.leader.election.timeout = 120s (custom)
2019-08-22 20:19:49,814 [pool-170-thread-1] INFO  server.RaftServerConfigKeys (ConfUtils.java:logGet(43)) - raft.server.log.use.memory = false (default)
2019-08-22 20:19:49,814 [pool-170-thread-1] INFO  server.RaftServerConfigKeys (ConfUtils.java:logGet(43)) - raft.server.log.purge.gap = 1000000 (custom)
2019-08-22 20:19:49,814 [pool-170-thread-1] INFO  server.RaftServerConfigKeys (ConfUtils.java:logGet(43)) - raft.server.log.appender.buffer.byte-limit = 33554432 (custom)
2019-08-22 20:19:49,814 [pool-170-thread-1] INFO  server.RaftServerConfigKeys (ConfUtils.java:logGet(43)) - raft.server.log.segment.size.max = 1048576 (custom)
2019-08-22 20:19:49,815 [pool-170-thread-1] INFO  server.RaftServerConfigKeys (ConfUtils.java:logGet(43)) - raft.server.log.segment.cache.num.max = 2 (custom)
2019-08-22 20:19:49,815 [pool-170-thread-1] INFO  segmented.SegmentedRaftLogWorker (SegmentedRaftLogWorker.java:<init>(172)) - new bcfc59bc-b95c-41d3-8a94-8ed3aa2ce859-SegmentedRaftLogWorker:Storage Directory /workdir/hadoop-ozone/integration-test/target/test-dir/MiniOzoneClusterImpl-892c99a4-2802-4d8a-8333-ae6293701026/datanode-2/data/ratis/777a1c3c-7675-481a-bace-8433b0a91521 for RaftStorage:Storage Directory /workdir/hadoop-ozone/integration-test/target/test-dir/MiniOzoneClusterImpl-892c99a4-2802-4d8a-8333-ae6293701026/datanode-2/data/ratis/777a1c3c-7675-481a-bace-8433b0a91521
2019-08-22 20:19:49,815 [pool-170-thread-1] INFO  server.RaftServerConfigKeys (ConfUtils.java:logGet(43)) - raft.server.log.queue.byte-limit = 2147483647 (custom)
2019-08-22 20:19:49,815 [pool-170-thread-1] INFO  server.RaftServerConfigKeys (ConfUtils.java:logGet(43)) - raft.server.log.queue.element-limit = 1024 (custom)
2019-08-22 20:19:49,815 [pool-170-thread-1] INFO  server.RaftServerConfigKeys (ConfUtils.java:logGet(43)) - raft.server.log.segment.size.max = 1048576 (custom)
2019-08-22 20:19:49,815 [pool-170-thread-1] INFO  server.RaftServerConfigKeys (ConfUtils.java:logGet(43)) - raft.server.log.preallocated.size = 16384 (custom)
2019-08-22 20:19:49,816 [pool-170-thread-1] INFO  server.RaftServerConfigKeys (ConfUtils.java:logGet(43)) - raft.server.log.write.buffer.size = 33554432 (custom)
2019-08-22 20:19:49,816 [pool-170-thread-1] INFO  server.RaftServerConfigKeys (ConfUtils.java:logGet(43)) - raft.server.log.force.sync.num = 128 (default)
2019-08-22 20:19:49,816 [pool-170-thread-1] INFO  server.RaftServerConfigKeys (ConfUtils.java:logGet(43)) - raft.server.log.statemachine.data.sync = true (default)
2019-08-22 20:19:49,816 [pool-170-thread-1] INFO  server.RaftServerConfigKeys (ConfUtils.java:logGet(43)) - raft.server.log.statemachine.data.sync.timeout = 10s (default)
2019-08-22 20:19:49,816 [pool-170-thread-1] INFO  server.RaftServerConfigKeys (ConfUtils.java:logGet(43)) - raft.server.log.statemachine.data.sync.timeout.retry = -1 (default)
2019-08-22 20:19:49,817 [pool-170-thread-1] INFO  server.RaftServerConfigKeys (ConfUtils.java:logGet(43)) - raft.server.log.statemachine.data.caching.enabled = true (custom)
2019-08-22 20:19:49,818 [pool-170-thread-1] INFO  impl.RaftServerImpl (ServerState.java:setRaftConf(361)) - bcfc59bc-b95c-41d3-8a94-8ed3aa2ce859:group-8433B0A91521 set configuration 0: [8a8bf17e-3e0b-4281-9eb2-f0900650cab0:192.168.36.65:42990, bcfc59bc-b95c-41d3-8a94-8ed3aa2ce859:192.168.36.65:39978, aecc5ed5-ad68-40d1-9c43-97df2574d85d:192.168.36.65:38592], old=null at 0
2019-08-22 20:19:49,818 [pool-170-thread-1] INFO  segmented.LogSegment (LogSegment.java:loadSegment(145)) - Successfully read 1 entries from segment file /workdir/hadoop-ozone/integration-test/target/test-dir/MiniOzoneClusterImpl-892c99a4-2802-4d8a-8333-ae6293701026/datanode-2/data/ratis/777a1c3c-7675-481a-bace-8433b0a91521/current/log_inprogress_0
2019-08-22 20:19:49,818 [pool-170-thread-1] INFO  segmented.SegmentedRaftLogWorker (SegmentedRaftLogWorker.java:lambda$new$0(132)) - bcfc59bc-b95c-41d3-8a94-8ed3aa2ce859-SegmentedRaftLogWorker:Storage Directory /workdir/hadoop-ozone/integration-test/target/test-dir/MiniOzoneClusterImpl-892c99a4-2802-4d8a-8333-ae6293701026/datanode-2/data/ratis/777a1c3c-7675-481a-bace-8433b0a91521: flushIndex: setUnconditionally 0 -> 0
2019-08-22 20:19:49,851 [pool-170-thread-1] INFO  server.RaftServerConfigKeys (ConfUtils.java:logGet(43)) - raft.server.snapshot.auto.trigger.enabled = true (custom)
2019-08-22 20:19:49,851 [pool-170-thread-1] INFO  server.RaftServerConfigKeys (ConfUtils.java:logGet(43)) - raft.server.snapshot.auto.trigger.threshold = 10000 (custom)
2019-08-22 20:19:49,851 [pool-170-thread-1] INFO  server.RaftServerConfigKeys (ConfUtils.java:logGet(43)) - raft.server.retrycache.expirytime = 600000ms (custom)
2019-08-22 20:19:49,853 [pool-170-thread-1] INFO  impl.RaftServerImpl (RaftServerImpl.java:<init>(93)) - bcfc59bc-b95c-41d3-8a94-8ed3aa2ce859: new RaftServerImpl for group-26B8FD71F654:[] with ContainerStateMachine:uninitialized
2019-08-22 20:19:49,853 [pool-170-thread-1] INFO  server.RaftServerConfigKeys (ConfUtils.java:logGet(43)) - raft.server.rpc.timeout.min = 5s (custom)
2019-08-22 20:19:49,853 [pool-170-thread-1] INFO  server.RaftServerConfigKeys (ConfUtils.java:logGet(43)) - raft.server.rpc.timeout.max = 5200ms (custom)
2019-08-22 20:19:49,853 [pool-170-thread-1] INFO  server.RaftServerConfigKeys (ConfUtils.java:logGet(43)) - raft.server.rpcslowness.timeout = 120s (custom)
2019-08-22 20:19:49,854 [pool-170-thread-1] INFO  server.RaftServerConfigKeys (ConfUtils.java:logGet(43)) - raft.server.sleep.deviation.threshold = 300 (default)
2019-08-22 20:19:49,854 [pool-170-thread-1] INFO  server.RaftServerConfigKeys (ConfUtils.java:logGet(43)) - raft.server.log.appender.install.snapshot.enabled = false (custom)
2019-08-22 20:19:49,854 [pool-170-thread-1] INFO  impl.RaftServerImpl (ServerState.java:<init>(105)) - bcfc59bc-b95c-41d3-8a94-8ed3aa2ce859:group-26B8FD71F654 ConfigurationManager, init=-1: [], old=null, confs=<EMPTY_MAP>
2019-08-22 20:19:49,854 [pool-170-thread-1] INFO  server.RaftServerConfigKeys (ConfUtils.java:logGet(43)) - raft.server.storage.dir = [/workdir/hadoop-ozone/integration-test/target/test-dir/MiniOzoneClusterImpl-892c99a4-2802-4d8a-8333-ae6293701026/datanode-2/data/ratis] (custom)
2019-08-22 20:19:49,959 [pool-148-thread-1] INFO  storage.RaftStorageDirectory (RaftStorageDirectory.java:tryLock(328)) - Lock on /workdir/hadoop-ozone/integration-test/target/test-dir/MiniOzoneClusterImpl-892c99a4-2802-4d8a-8333-ae6293701026/datanode-0/data/ratis/777a1c3c-7675-481a-bace-8433b0a91521/in_use.lock acquired by nodename 4922@pr-hdds-1975-qxxlx-297662434
2019-08-22 20:19:49,959 [pool-159-thread-1] INFO  storage.RaftStorageDirectory (RaftStorageDirectory.java:tryLock(328)) - Lock on /workdir/hadoop-ozone/integration-test/target/test-dir/MiniOzoneClusterImpl-892c99a4-2802-4d8a-8333-ae6293701026/datanode-1/data/ratis/777a1c3c-7675-481a-bace-8433b0a91521/in_use.lock acquired by nodename 4922@pr-hdds-1975-qxxlx-297662434
2019-08-22 20:19:49,960 [pool-148-thread-1] INFO  ratis.ContainerStateMachine (ContainerStateMachine.java:loadSnapshot(226)) - group-8433B0A91521: The snapshot info is null. Setting the last applied indexto:(t:0, i:~)
2019-08-22 20:19:49,960 [pool-159-thread-1] INFO  ratis.ContainerStateMachine (ContainerStateMachine.java:loadSnapshot(226)) - group-8433B0A91521: The snapshot info is null. Setting the last applied indexto:(t:0, i:~)
2019-08-22 20:19:49,961 [pool-148-thread-1] INFO  server.RaftServerConfigKeys (ConfUtils.java:logGet(43)) - raft.server.leader.election.timeout = 120s (custom)
2019-08-22 20:19:49,961 [pool-159-thread-1] INFO  server.RaftServerConfigKeys (ConfUtils.java:logGet(43)) - raft.server.leader.election.timeout = 120s (custom)
2019-08-22 20:19:49,961 [pool-148-thread-1] INFO  server.RaftServerConfigKeys (ConfUtils.java:logGet(43)) - raft.server.log.use.memory = false (default)
2019-08-22 20:19:49,961 [pool-159-thread-1] INFO  server.RaftServerConfigKeys (ConfUtils.java:logGet(43)) - raft.server.log.use.memory = false (default)
2019-08-22 20:19:49,961 [pool-148-thread-1] INFO  server.RaftServerConfigKeys (ConfUtils.java:logGet(43)) - raft.server.log.purge.gap = 1000000 (custom)
2019-08-22 20:19:49,961 [pool-159-thread-1] INFO  server.RaftServerConfigKeys (ConfUtils.java:logGet(43)) - raft.server.log.purge.gap = 1000000 (custom)
2019-08-22 20:19:49,961 [pool-148-thread-1] INFO  server.RaftServerConfigKeys (ConfUtils.java:logGet(43)) - raft.server.log.appender.buffer.byte-limit = 33554432 (custom)
2019-08-22 20:19:49,962 [pool-159-thread-1] INFO  server.RaftServerConfigKeys (ConfUtils.java:logGet(43)) - raft.server.log.appender.buffer.byte-limit = 33554432 (custom)
2019-08-22 20:19:49,962 [pool-148-thread-1] INFO  server.RaftServerConfigKeys (ConfUtils.java:logGet(43)) - raft.server.log.segment.size.max = 1048576 (custom)
2019-08-22 20:19:49,962 [pool-159-thread-1] INFO  server.RaftServerConfigKeys (ConfUtils.java:logGet(43)) - raft.server.log.segment.size.max = 1048576 (custom)
2019-08-22 20:19:49,962 [pool-148-thread-1] INFO  server.RaftServerConfigKeys (ConfUtils.java:logGet(43)) - raft.server.log.segment.cache.num.max = 2 (custom)
2019-08-22 20:19:49,962 [pool-159-thread-1] INFO  server.RaftServerConfigKeys (ConfUtils.java:logGet(43)) - raft.server.log.segment.cache.num.max = 2 (custom)
2019-08-22 20:19:49,962 [pool-148-thread-1] INFO  segmented.SegmentedRaftLogWorker (SegmentedRaftLogWorker.java:<init>(172)) - new 8a8bf17e-3e0b-4281-9eb2-f0900650cab0-SegmentedRaftLogWorker:Storage Directory /workdir/hadoop-ozone/integration-test/target/test-dir/MiniOzoneClusterImpl-892c99a4-2802-4d8a-8333-ae6293701026/datanode-0/data/ratis/777a1c3c-7675-481a-bace-8433b0a91521 for RaftStorage:Storage Directory /workdir/hadoop-ozone/integration-test/target/test-dir/MiniOzoneClusterImpl-892c99a4-2802-4d8a-8333-ae6293701026/datanode-0/data/ratis/777a1c3c-7675-481a-bace-8433b0a91521
2019-08-22 20:19:49,963 [pool-159-thread-1] INFO  segmented.SegmentedRaftLogWorker (SegmentedRaftLogWorker.java:<init>(172)) - new aecc5ed5-ad68-40d1-9c43-97df2574d85d-SegmentedRaftLogWorker:Storage Directory /workdir/hadoop-ozone/integration-test/target/test-dir/MiniOzoneClusterImpl-892c99a4-2802-4d8a-8333-ae6293701026/datanode-1/data/ratis/777a1c3c-7675-481a-bace-8433b0a91521 for RaftStorage:Storage Directory /workdir/hadoop-ozone/integration-test/target/test-dir/MiniOzoneClusterImpl-892c99a4-2802-4d8a-8333-ae6293701026/datanode-1/data/ratis/777a1c3c-7675-481a-bace-8433b0a91521
2019-08-22 20:19:49,963 [pool-148-thread-1] INFO  server.RaftServerConfigKeys (ConfUtils.java:logGet(43)) - raft.server.log.queue.byte-limit = 2147483647 (custom)
2019-08-22 20:19:49,963 [pool-159-thread-1] INFO  server.RaftServerConfigKeys (ConfUtils.java:logGet(43)) - raft.server.log.queue.byte-limit = 2147483647 (custom)
2019-08-22 20:19:49,963 [pool-148-thread-1] INFO  server.RaftServerConfigKeys (ConfUtils.java:logGet(43)) - raft.server.log.queue.element-limit = 1024 (custom)
2019-08-22 20:19:49,963 [pool-159-thread-1] INFO  server.RaftServerConfigKeys (ConfUtils.java:logGet(43)) - raft.server.log.queue.element-limit = 1024 (custom)
2019-08-22 20:19:49,963 [pool-148-thread-1] INFO  server.RaftServerConfigKeys (ConfUtils.java:logGet(43)) - raft.server.log.segment.size.max = 1048576 (custom)
2019-08-22 20:19:49,964 [pool-159-thread-1] INFO  server.RaftServerConfigKeys (ConfUtils.java:logGet(43)) - raft.server.log.segment.size.max = 1048576 (custom)
2019-08-22 20:19:49,964 [pool-148-thread-1] INFO  server.RaftServerConfigKeys (ConfUtils.java:logGet(43)) - raft.server.log.preallocated.size = 16384 (custom)
2019-08-22 20:19:49,964 [pool-159-thread-1] INFO  server.RaftServerConfigKeys (ConfUtils.java:logGet(43)) - raft.server.log.preallocated.size = 16384 (custom)
2019-08-22 20:19:49,964 [pool-148-thread-1] INFO  server.RaftServerConfigKeys (ConfUtils.java:logGet(43)) - raft.server.log.write.buffer.size = 33554432 (custom)
2019-08-22 20:19:49,964 [pool-159-thread-1] INFO  server.RaftServerConfigKeys (ConfUtils.java:logGet(43)) - raft.server.log.write.buffer.size = 33554432 (custom)
2019-08-22 20:19:49,964 [pool-148-thread-1] INFO  server.RaftServerConfigKeys (ConfUtils.java:logGet(43)) - raft.server.log.force.sync.num = 128 (default)
2019-08-22 20:19:49,964 [pool-159-thread-1] INFO  server.RaftServerConfigKeys (ConfUtils.java:logGet(43)) - raft.server.log.force.sync.num = 128 (default)
2019-08-22 20:19:49,965 [pool-148-thread-1] INFO  server.RaftServerConfigKeys (ConfUtils.java:logGet(43)) - raft.server.log.statemachine.data.sync = true (default)
2019-08-22 20:19:49,965 [pool-159-thread-1] INFO  server.RaftServerConfigKeys (ConfUtils.java:logGet(43)) - raft.server.log.statemachine.data.sync = true (default)
2019-08-22 20:19:49,965 [pool-148-thread-1] INFO  server.RaftServerConfigKeys (ConfUtils.java:logGet(43)) - raft.server.log.statemachine.data.sync.timeout = 10s (default)
2019-08-22 20:19:49,965 [pool-159-thread-1] INFO  server.RaftServerConfigKeys (ConfUtils.java:logGet(43)) - raft.server.log.statemachine.data.sync.timeout = 10s (default)
2019-08-22 20:19:49,965 [pool-148-thread-1] INFO  server.RaftServerConfigKeys (ConfUtils.java:logGet(43)) - raft.server.log.statemachine.data.sync.timeout.retry = -1 (default)
2019-08-22 20:19:49,965 [pool-159-thread-1] INFO  server.RaftServerConfigKeys (ConfUtils.java:logGet(43)) - raft.server.log.statemachine.data.sync.timeout.retry = -1 (default)
2019-08-22 20:19:49,966 [pool-148-thread-1] INFO  server.RaftServerConfigKeys (ConfUtils.java:logGet(43)) - raft.server.log.statemachine.data.caching.enabled = true (custom)
2019-08-22 20:19:49,966 [pool-159-thread-1] INFO  server.RaftServerConfigKeys (ConfUtils.java:logGet(43)) - raft.server.log.statemachine.data.caching.enabled = true (custom)
2019-08-22 20:19:49,966 [pool-148-thread-1] INFO  segmented.SegmentedRaftLogWorker (SegmentedRaftLogWorker.java:lambda$new$0(132)) - 8a8bf17e-3e0b-4281-9eb2-f0900650cab0-SegmentedRaftLogWorker:Storage Directory /workdir/hadoop-ozone/integration-test/target/test-dir/MiniOzoneClusterImpl-892c99a4-2802-4d8a-8333-ae6293701026/datanode-0/data/ratis/777a1c3c-7675-481a-bace-8433b0a91521: flushIndex: setUnconditionally 0 -> -1
2019-08-22 20:19:49,967 [pool-148-thread-1] INFO  server.RaftServerConfigKeys (ConfUtils.java:logGet(43)) - raft.server.snapshot.auto.trigger.enabled = true (custom)
2019-08-22 20:19:49,967 [pool-148-thread-1] INFO  server.RaftServerConfigKeys (ConfUtils.java:logGet(43)) - raft.server.snapshot.auto.trigger.threshold = 10000 (custom)
2019-08-22 20:19:49,967 [pool-159-thread-1] INFO  impl.RaftServerImpl (ServerState.java:setRaftConf(361)) - aecc5ed5-ad68-40d1-9c43-97df2574d85d:group-8433B0A91521 set configuration 0: [8a8bf17e-3e0b-4281-9eb2-f0900650cab0:192.168.36.65:42990, bcfc59bc-b95c-41d3-8a94-8ed3aa2ce859:192.168.36.65:39978, aecc5ed5-ad68-40d1-9c43-97df2574d85d:192.168.36.65:38592], old=null at 0
2019-08-22 20:19:49,967 [pool-148-thread-1] INFO  server.RaftServerConfigKeys (ConfUtils.java:logGet(43)) - raft.server.retrycache.expirytime = 600000ms (custom)
2019-08-22 20:19:49,967 [pool-159-thread-1] INFO  segmented.LogSegment (LogSegment.java:loadSegment(145)) - Successfully read 1 entries from segment file /workdir/hadoop-ozone/integration-test/target/test-dir/MiniOzoneClusterImpl-892c99a4-2802-4d8a-8333-ae6293701026/datanode-1/data/ratis/777a1c3c-7675-481a-bace-8433b0a91521/current/log_inprogress_0
2019-08-22 20:19:49,967 [pool-159-thread-1] INFO  segmented.SegmentedRaftLogWorker (SegmentedRaftLogWorker.java:lambda$new$0(132)) - aecc5ed5-ad68-40d1-9c43-97df2574d85d-SegmentedRaftLogWorker:Storage Directory /workdir/hadoop-ozone/integration-test/target/test-dir/MiniOzoneClusterImpl-892c99a4-2802-4d8a-8333-ae6293701026/datanode-1/data/ratis/777a1c3c-7675-481a-bace-8433b0a91521: flushIndex: setUnconditionally 0 -> 0
2019-08-22 20:19:50,003 [pool-159-thread-1] INFO  server.RaftServerConfigKeys (ConfUtils.java:logGet(43)) - raft.server.snapshot.auto.trigger.enabled = true (custom)
2019-08-22 20:19:50,003 [pool-159-thread-1] INFO  server.RaftServerConfigKeys (ConfUtils.java:logGet(43)) - raft.server.snapshot.auto.trigger.threshold = 10000 (custom)
2019-08-22 20:19:50,003 [pool-159-thread-1] INFO  server.RaftServerConfigKeys (ConfUtils.java:logGet(43)) - raft.server.retrycache.expirytime = 600000ms (custom)
2019-08-22 20:19:50,291 [pool-170-thread-1] INFO  storage.RaftStorageDirectory (RaftStorageDirectory.java:tryLock(328)) - Lock on /workdir/hadoop-ozone/integration-test/target/test-dir/MiniOzoneClusterImpl-892c99a4-2802-4d8a-8333-ae6293701026/datanode-2/data/ratis/62d34f2a-04dd-463c-aef9-26b8fd71f654/in_use.lock acquired by nodename 4922@pr-hdds-1975-qxxlx-297662434
2019-08-22 20:19:50,293 [pool-170-thread-1] INFO  ratis.ContainerStateMachine (ContainerStateMachine.java:loadSnapshot(226)) - group-26B8FD71F654: The snapshot info is null. Setting the last applied indexto:(t:0, i:~)
2019-08-22 20:19:50,293 [pool-170-thread-1] INFO  server.RaftServerConfigKeys (ConfUtils.java:logGet(43)) - raft.server.leader.election.timeout = 120s (custom)
2019-08-22 20:19:50,293 [pool-170-thread-1] INFO  server.RaftServerConfigKeys (ConfUtils.java:logGet(43)) - raft.server.log.use.memory = false (default)
2019-08-22 20:19:50,293 [pool-170-thread-1] INFO  server.RaftServerConfigKeys (ConfUtils.java:logGet(43)) - raft.server.log.purge.gap = 1000000 (custom)
2019-08-22 20:19:50,293 [pool-170-thread-1] INFO  server.RaftServerConfigKeys (ConfUtils.java:logGet(43)) - raft.server.log.appender.buffer.byte-limit = 33554432 (custom)
2019-08-22 20:19:50,294 [pool-170-thread-1] INFO  server.RaftServerConfigKeys (ConfUtils.java:logGet(43)) - raft.server.log.segment.size.max = 1048576 (custom)
2019-08-22 20:19:50,294 [pool-170-thread-1] INFO  server.RaftServerConfigKeys (ConfUtils.java:logGet(43)) - raft.server.log.segment.cache.num.max = 2 (custom)
2019-08-22 20:19:50,294 [pool-170-thread-1] INFO  segmented.SegmentedRaftLogWorker (SegmentedRaftLogWorker.java:<init>(172)) - new bcfc59bc-b95c-41d3-8a94-8ed3aa2ce859-SegmentedRaftLogWorker:Storage Directory /workdir/hadoop-ozone/integration-test/target/test-dir/MiniOzoneClusterImpl-892c99a4-2802-4d8a-8333-ae6293701026/datanode-2/data/ratis/62d34f2a-04dd-463c-aef9-26b8fd71f654 for RaftStorage:Storage Directory /workdir/hadoop-ozone/integration-test/target/test-dir/MiniOzoneClusterImpl-892c99a4-2802-4d8a-8333-ae6293701026/datanode-2/data/ratis/62d34f2a-04dd-463c-aef9-26b8fd71f654
2019-08-22 20:19:50,294 [pool-170-thread-1] INFO  server.RaftServerConfigKeys (ConfUtils.java:logGet(43)) - raft.server.log.queue.byte-limit = 2147483647 (custom)
2019-08-22 20:19:50,295 [pool-170-thread-1] INFO  server.RaftServerConfigKeys (ConfUtils.java:logGet(43)) - raft.server.log.queue.element-limit = 1024 (custom)
2019-08-22 20:19:50,295 [pool-170-thread-1] INFO  server.RaftServerConfigKeys (ConfUtils.java:logGet(43)) - raft.server.log.segment.size.max = 1048576 (custom)
2019-08-22 20:19:50,295 [pool-170-thread-1] INFO  server.RaftServerConfigKeys (ConfUtils.java:logGet(43)) - raft.server.log.preallocated.size = 16384 (custom)
2019-08-22 20:19:50,295 [pool-170-thread-1] INFO  server.RaftServerConfigKeys (ConfUtils.java:logGet(43)) - raft.server.log.write.buffer.size = 33554432 (custom)
2019-08-22 20:19:50,295 [pool-170-thread-1] INFO  server.RaftServerConfigKeys (ConfUtils.java:logGet(43)) - raft.server.log.force.sync.num = 128 (default)
2019-08-22 20:19:50,296 [pool-170-thread-1] INFO  server.RaftServerConfigKeys (ConfUtils.java:logGet(43)) - raft.server.log.statemachine.data.sync = true (default)
2019-08-22 20:19:50,296 [pool-170-thread-1] INFO  server.RaftServerConfigKeys (ConfUtils.java:logGet(43)) - raft.server.log.statemachine.data.sync.timeout = 10s (default)
2019-08-22 20:19:50,296 [pool-170-thread-1] INFO  server.RaftServerConfigKeys (ConfUtils.java:logGet(43)) - raft.server.log.statemachine.data.sync.timeout.retry = -1 (default)
2019-08-22 20:19:50,296 [pool-170-thread-1] INFO  server.RaftServerConfigKeys (ConfUtils.java:logGet(43)) - raft.server.log.statemachine.data.caching.enabled = true (custom)
2019-08-22 20:19:50,297 [pool-170-thread-1] INFO  impl.RaftServerImpl (ServerState.java:setRaftConf(361)) - bcfc59bc-b95c-41d3-8a94-8ed3aa2ce859:group-26B8FD71F654 set configuration 0: [bcfc59bc-b95c-41d3-8a94-8ed3aa2ce859:192.168.36.65:39978], old=null at 0
2019-08-22 20:19:50,298 [pool-170-thread-1] INFO  segmented.LogSegment (LogSegment.java:loadSegment(145)) - Successfully read 1 entries from segment file /workdir/hadoop-ozone/integration-test/target/test-dir/MiniOzoneClusterImpl-892c99a4-2802-4d8a-8333-ae6293701026/datanode-2/data/ratis/62d34f2a-04dd-463c-aef9-26b8fd71f654/current/log_inprogress_0
2019-08-22 20:19:50,298 [pool-170-thread-1] INFO  segmented.SegmentedRaftLogWorker (SegmentedRaftLogWorker.java:lambda$new$0(132)) - bcfc59bc-b95c-41d3-8a94-8ed3aa2ce859-SegmentedRaftLogWorker:Storage Directory /workdir/hadoop-ozone/integration-test/target/test-dir/MiniOzoneClusterImpl-892c99a4-2802-4d8a-8333-ae6293701026/datanode-2/data/ratis/62d34f2a-04dd-463c-aef9-26b8fd71f654: flushIndex: setUnconditionally 0 -> 0
2019-08-22 20:19:50,333 [pool-170-thread-1] INFO  server.RaftServerConfigKeys (ConfUtils.java:logGet(43)) - raft.server.snapshot.auto.trigger.enabled = true (custom)
2019-08-22 20:19:50,334 [pool-170-thread-1] INFO  server.RaftServerConfigKeys (ConfUtils.java:logGet(43)) - raft.server.snapshot.auto.trigger.threshold = 10000 (custom)
2019-08-22 20:19:50,334 [pool-170-thread-1] INFO  server.RaftServerConfigKeys (ConfUtils.java:logGet(43)) - raft.server.retrycache.expirytime = 600000ms (custom)
2019-08-22 20:19:51,184 | INFO  | SCMAudit | user=jenkins1000 | ip=192.168.36.65 | op=GET_VERSION null | ret=SUCCESS |  
2019-08-22 20:19:51,186 [Datanode State Machine Thread - 0] INFO  ozoneimpl.OzoneContainer (OzoneContainer.java:start(186)) - Attempting to start container services.
2019-08-22 20:19:51,186 [Datanode State Machine Thread - 0] INFO  ozoneimpl.OzoneContainer (OzoneContainer.java:startContainerScrub(160)) - Background container scrubber has been disabled by hdds.containerscrub.enabled
2019-08-22 20:19:51,186 [Datanode State Machine Thread - 0] INFO  ratis.XceiverServerRatis (XceiverServerRatis.java:start(404)) - Starting XceiverServerRatis 8a8bf17e-3e0b-4281-9eb2-f0900650cab0 at port 42990
2019-08-22 20:19:51,195 [Datanode State Machine Thread - 0] INFO  impl.RaftServerImpl (RaftServerImpl.java:start(180)) - 8a8bf17e-3e0b-4281-9eb2-f0900650cab0: start group-8433B0A91521
2019-08-22 20:19:51,195 [ForkJoinPool.commonPool-worker-0] INFO  impl.RaftServerImpl (RaftServerImpl.java:start(180)) - 8a8bf17e-3e0b-4281-9eb2-f0900650cab0: start group-390DE5088A21
2019-08-22 20:19:51,197 [Datanode State Machine Thread - 0] INFO  impl.RaftServerImpl (RaftServerImpl.java:setRole(171)) - 8a8bf17e-3e0b-4281-9eb2-f0900650cab0:group-8433B0A91521 changes role from null to FOLLOWER at term 0 for startInitializing
2019-08-22 20:19:51,198 [ForkJoinPool.commonPool-worker-0] INFO  impl.RaftServerImpl (RaftServerImpl.java:setRole(171)) - 8a8bf17e-3e0b-4281-9eb2-f0900650cab0:group-390DE5088A21 changes role from null to FOLLOWER at term 1 for startAsFollower
2019-08-22 20:19:51,198 [ForkJoinPool.commonPool-worker-0] INFO  impl.RoleInfo (RoleInfo.java:updateAndGet(143)) - 8a8bf17e-3e0b-4281-9eb2-f0900650cab0: start FollowerState
2019-08-22 20:19:51,199 [Datanode State Machine Thread - 0] INFO  util.JmxRegister (JmxRegister.java:tryRegister(44)) - Successfully registered JMX Bean with object name Ratis:service=RaftServer,group=group-8433B0A91521,id=8a8bf17e-3e0b-4281-9eb2-f0900650cab0
2019-08-22 20:19:51,199 [ForkJoinPool.commonPool-worker-0] INFO  util.JmxRegister (JmxRegister.java:tryRegister(44)) - Successfully registered JMX Bean with object name Ratis:service=RaftServer,group=group-390DE5088A21,id=8a8bf17e-3e0b-4281-9eb2-f0900650cab0
2019-08-22 20:19:51,202 [Datanode State Machine Thread - 0] INFO  impl.RaftServerProxy (RaftServerProxy.java:lambda$start$3(299)) - 8a8bf17e-3e0b-4281-9eb2-f0900650cab0: start RPC server
2019-08-22 20:19:51,209 [Datanode State Machine Thread - 0] INFO  server.GrpcService (GrpcService.java:startImpl(149)) - 8a8bf17e-3e0b-4281-9eb2-f0900650cab0: GrpcService started, listening on 0.0.0.0/0.0.0.0:42990
2019-08-22 20:19:51,390 | INFO  | SCMAudit | user=jenkins1000 | ip=192.168.36.65 | op=GET_VERSION null | ret=SUCCESS |  
2019-08-22 20:19:51,391 [Datanode State Machine Thread - 0] INFO  ozoneimpl.OzoneContainer (OzoneContainer.java:start(186)) - Attempting to start container services.
2019-08-22 20:19:51,391 [Datanode State Machine Thread - 0] INFO  ozoneimpl.OzoneContainer (OzoneContainer.java:startContainerScrub(160)) - Background container scrubber has been disabled by hdds.containerscrub.enabled
2019-08-22 20:19:51,391 [Datanode State Machine Thread - 0] INFO  ratis.XceiverServerRatis (XceiverServerRatis.java:start(404)) - Starting XceiverServerRatis aecc5ed5-ad68-40d1-9c43-97df2574d85d at port 38592
2019-08-22 20:19:51,399 [Datanode State Machine Thread - 0] INFO  impl.RaftServerImpl (RaftServerImpl.java:start(180)) - aecc5ed5-ad68-40d1-9c43-97df2574d85d: start group-8433B0A91521
2019-08-22 20:19:51,399 [ForkJoinPool.commonPool-worker-0] INFO  impl.RaftServerImpl (RaftServerImpl.java:start(180)) - aecc5ed5-ad68-40d1-9c43-97df2574d85d: start group-0BC407C4BAB3
2019-08-22 20:19:51,401 [Datanode State Machine Thread - 0] INFO  impl.RaftServerImpl (RaftServerImpl.java:setRole(171)) - aecc5ed5-ad68-40d1-9c43-97df2574d85d:group-8433B0A91521 changes role from null to FOLLOWER at term 1 for startAsFollower
2019-08-22 20:19:51,402 [ForkJoinPool.commonPool-worker-0] INFO  impl.RaftServerImpl (RaftServerImpl.java:setRole(171)) - aecc5ed5-ad68-40d1-9c43-97df2574d85d:group-0BC407C4BAB3 changes role from null to FOLLOWER at term 1 for startAsFollower
2019-08-22 20:19:51,402 [Datanode State Machine Thread - 0] INFO  impl.RoleInfo (RoleInfo.java:updateAndGet(143)) - aecc5ed5-ad68-40d1-9c43-97df2574d85d: start FollowerState
2019-08-22 20:19:51,402 [ForkJoinPool.commonPool-worker-0] INFO  impl.RoleInfo (RoleInfo.java:updateAndGet(143)) - aecc5ed5-ad68-40d1-9c43-97df2574d85d: start FollowerState
2019-08-22 20:19:51,403 [Datanode State Machine Thread - 0] INFO  util.JmxRegister (JmxRegister.java:tryRegister(44)) - Successfully registered JMX Bean with object name Ratis:service=RaftServer,group=group-8433B0A91521,id=aecc5ed5-ad68-40d1-9c43-97df2574d85d
2019-08-22 20:19:51,404 [ForkJoinPool.commonPool-worker-0] INFO  util.JmxRegister (JmxRegister.java:tryRegister(44)) - Successfully registered JMX Bean with object name Ratis:service=RaftServer,group=group-0BC407C4BAB3,id=aecc5ed5-ad68-40d1-9c43-97df2574d85d
2019-08-22 20:19:51,406 [Datanode State Machine Thread - 0] INFO  impl.RaftServerProxy (RaftServerProxy.java:lambda$start$3(299)) - aecc5ed5-ad68-40d1-9c43-97df2574d85d: start RPC server
2019-08-22 20:19:51,407 [Datanode State Machine Thread - 0] INFO  server.GrpcService (GrpcService.java:startImpl(149)) - aecc5ed5-ad68-40d1-9c43-97df2574d85d: GrpcService started, listening on 0.0.0.0/0.0.0.0:38592
2019-08-22 20:19:51,769 | INFO  | SCMAudit | user=jenkins1000 | ip=192.168.36.65 | op=GET_VERSION null | ret=SUCCESS |  
2019-08-22 20:19:51,770 [Datanode State Machine Thread - 0] INFO  ozoneimpl.OzoneContainer (OzoneContainer.java:start(186)) - Attempting to start container services.
2019-08-22 20:19:51,770 [Datanode State Machine Thread - 0] INFO  ozoneimpl.OzoneContainer (OzoneContainer.java:startContainerScrub(160)) - Background container scrubber has been disabled by hdds.containerscrub.enabled
2019-08-22 20:19:51,771 [Datanode State Machine Thread - 0] INFO  ratis.XceiverServerRatis (XceiverServerRatis.java:start(404)) - Starting XceiverServerRatis bcfc59bc-b95c-41d3-8a94-8ed3aa2ce859 at port 39978
2019-08-22 20:19:51,779 [Datanode State Machine Thread - 0] INFO  impl.RaftServerImpl (RaftServerImpl.java:start(180)) - bcfc59bc-b95c-41d3-8a94-8ed3aa2ce859: start group-26B8FD71F654
2019-08-22 20:19:51,780 [ForkJoinPool.commonPool-worker-0] INFO  impl.RaftServerImpl (RaftServerImpl.java:start(180)) - bcfc59bc-b95c-41d3-8a94-8ed3aa2ce859: start group-8433B0A91521
2019-08-22 20:19:51,781 [Datanode State Machine Thread - 0] INFO  impl.RaftServerImpl (RaftServerImpl.java:setRole(171)) - bcfc59bc-b95c-41d3-8a94-8ed3aa2ce859:group-26B8FD71F654 changes role from null to FOLLOWER at term 1 for startAsFollower
2019-08-22 20:19:51,782 [ForkJoinPool.commonPool-worker-0] INFO  impl.RaftServerImpl (RaftServerImpl.java:setRole(171)) - bcfc59bc-b95c-41d3-8a94-8ed3aa2ce859:group-8433B0A91521 changes role from null to FOLLOWER at term 1 for startAsFollower
2019-08-22 20:19:51,782 [Datanode State Machine Thread - 0] INFO  impl.RoleInfo (RoleInfo.java:updateAndGet(143)) - bcfc59bc-b95c-41d3-8a94-8ed3aa2ce859: start FollowerState
2019-08-22 20:19:51,783 [ForkJoinPool.commonPool-worker-0] INFO  impl.RoleInfo (RoleInfo.java:updateAndGet(143)) - bcfc59bc-b95c-41d3-8a94-8ed3aa2ce859: start FollowerState
2019-08-22 20:19:51,783 [Datanode State Machine Thread - 0] INFO  util.JmxRegister (JmxRegister.java:tryRegister(44)) - Successfully registered JMX Bean with object name Ratis:service=RaftServer,group=group-26B8FD71F654,id=bcfc59bc-b95c-41d3-8a94-8ed3aa2ce859
2019-08-22 20:19:51,783 [ForkJoinPool.commonPool-worker-0] INFO  util.JmxRegister (JmxRegister.java:tryRegister(44)) - Successfully registered JMX Bean with object name Ratis:service=RaftServer,group=group-8433B0A91521,id=bcfc59bc-b95c-41d3-8a94-8ed3aa2ce859
2019-08-22 20:19:51,786 [Datanode State Machine Thread - 0] INFO  impl.RaftServerProxy (RaftServerProxy.java:lambda$start$3(299)) - bcfc59bc-b95c-41d3-8a94-8ed3aa2ce859: start RPC server
2019-08-22 20:19:51,787 [Datanode State Machine Thread - 0] INFO  server.GrpcService (GrpcService.java:startImpl(149)) - bcfc59bc-b95c-41d3-8a94-8ed3aa2ce859: GrpcService started, listening on 0.0.0.0/0.0.0.0:39978
2019-08-22 20:19:53,188 | INFO  | SCMAudit | user=jenkins1000 | ip=192.168.36.65 | op=REGISTER {datanodeDetails=8a8bf17e-3e0b-4281-9eb2-f0900650cab0{ip: 192.168.36.65, host: pr-hdds-1975-qxxlx-297662434, networkLocation: /default-rack, certSerialId: null}} | ret=SUCCESS |  
2019-08-22 20:19:53,204 [grpc-default-executor-0] INFO  impl.RaftServerProxy (RaftServerProxy.java:remove(95)) - 8a8bf17e-3e0b-4281-9eb2-f0900650cab0: remove FOLLOWER group-8433B0A91521 8a8bf17e-3e0b-4281-9eb2-f0900650cab0:t0, leader=null, voted=null, raftlog=8a8bf17e-3e0b-4281-9eb2-f0900650cab0-SegmentedRaftLog:OPENED:c-1,f-1,i0, conf=-1: [], old=null STARTING
2019-08-22 20:19:53,205 [grpc-default-executor-0] INFO  impl.RaftServerImpl (RaftServerImpl.java:lambda$shutdown$3(245)) - 8a8bf17e-3e0b-4281-9eb2-f0900650cab0: shutdown group-8433B0A91521
2019-08-22 20:19:53,205 [grpc-default-executor-0] INFO  util.JmxRegister (JmxRegister.java:unregister(73)) - Successfully un-registered JMX Bean with object name Ratis:service=RaftServer,group=group-8433B0A91521,id=8a8bf17e-3e0b-4281-9eb2-f0900650cab0
2019-08-22 20:19:53,205 [grpc-default-executor-0] INFO  impl.StateMachineUpdater (StateMachineUpdater.java:stopAndJoin(115)) - StateMachineUpdater:8a8bf17e-3e0b-4281-9eb2-f0900650cab0:group-8433B0A91521: set stopIndex = -1
2019-08-22 20:19:53,206 [grpc-default-executor-0] INFO  impl.RaftServerImpl (ServerState.java:close(394)) - 8a8bf17e-3e0b-4281-9eb2-f0900650cab0:group-8433B0A91521 closes. The last applied log index is -1
2019-08-22 20:19:53,206 [8a8bf17e-3e0b-4281-9eb2-f0900650cab0-SegmentedRaftLogWorker:Storage Directory /workdir/hadoop-ozone/integration-test/target/test-dir/MiniOzoneClusterImpl-892c99a4-2802-4d8a-8333-ae6293701026/datanode-0/data/ratis/777a1c3c-7675-481a-bace-8433b0a91521] INFO  segmented.SegmentedRaftLogWorker (SegmentedRaftLogWorker.java:run(313)) - 8a8bf17e-3e0b-4281-9eb2-f0900650cab0-SegmentedRaftLogWorker:Storage Directory /workdir/hadoop-ozone/integration-test/target/test-dir/MiniOzoneClusterImpl-892c99a4-2802-4d8a-8333-ae6293701026/datanode-0/data/ratis/777a1c3c-7675-481a-bace-8433b0a91521 was interrupted, exiting. There are 0 tasks remaining in the queue.
2019-08-22 20:19:53,206 [grpc-default-executor-0] INFO  segmented.SegmentedRaftLogWorker (SegmentedRaftLogWorker.java:close(228)) - 8a8bf17e-3e0b-4281-9eb2-f0900650cab0-SegmentedRaftLogWorker:Storage Directory /workdir/hadoop-ozone/integration-test/target/test-dir/MiniOzoneClusterImpl-892c99a4-2802-4d8a-8333-ae6293701026/datanode-0/data/ratis/777a1c3c-7675-481a-bace-8433b0a91521 close()
2019-08-22 20:19:53,391 | INFO  | SCMAudit | user=jenkins1000 | ip=192.168.36.65 | op=REGISTER {datanodeDetails=aecc5ed5-ad68-40d1-9c43-97df2574d85d{ip: 192.168.36.65, host: pr-hdds-1975-qxxlx-297662434, networkLocation: /default-rack, certSerialId: null}} | ret=SUCCESS |  
2019-08-22 20:19:53,402 [grpc-default-executor-0] INFO  impl.RaftServerProxy (RaftServerProxy.java:remove(95)) - aecc5ed5-ad68-40d1-9c43-97df2574d85d: remove FOLLOWER group-8433B0A91521 aecc5ed5-ad68-40d1-9c43-97df2574d85d:t1, leader=null, voted=aecc5ed5-ad68-40d1-9c43-97df2574d85d, raftlog=aecc5ed5-ad68-40d1-9c43-97df2574d85d-SegmentedRaftLog:OPENED:c-1,f0,i0, conf=0: [8a8bf17e-3e0b-4281-9eb2-f0900650cab0:192.168.36.65:42990, bcfc59bc-b95c-41d3-8a94-8ed3aa2ce859:192.168.36.65:39978, aecc5ed5-ad68-40d1-9c43-97df2574d85d:192.168.36.65:38592], old=null RUNNING
2019-08-22 20:19:53,403 [grpc-default-executor-0] INFO  impl.RaftServerImpl (RaftServerImpl.java:lambda$shutdown$3(245)) - aecc5ed5-ad68-40d1-9c43-97df2574d85d: shutdown group-8433B0A91521
2019-08-22 20:19:53,403 [grpc-default-executor-0] INFO  util.JmxRegister (JmxRegister.java:unregister(73)) - Successfully un-registered JMX Bean with object name Ratis:service=RaftServer,group=group-8433B0A91521,id=aecc5ed5-ad68-40d1-9c43-97df2574d85d
2019-08-22 20:19:53,403 [grpc-default-executor-0] INFO  impl.RoleInfo (RoleInfo.java:shutdownFollowerState(121)) - aecc5ed5-ad68-40d1-9c43-97df2574d85d: shutdown FollowerState
2019-08-22 20:19:53,403 [grpc-default-executor-0] INFO  impl.StateMachineUpdater (StateMachineUpdater.java:stopAndJoin(115)) - StateMachineUpdater:aecc5ed5-ad68-40d1-9c43-97df2574d85d:group-8433B0A91521: set stopIndex = -1
2019-08-22 20:19:53,403 [Thread-586] INFO  impl.FollowerState (FollowerState.java:run(114)) - aecc5ed5-ad68-40d1-9c43-97df2574d85d: FollowerState was interrupted: java.lang.InterruptedException: sleep interrupted
2019-08-22 20:19:53,403 [grpc-default-executor-0] INFO  impl.RaftServerImpl (ServerState.java:close(394)) - aecc5ed5-ad68-40d1-9c43-97df2574d85d:group-8433B0A91521 closes. The last applied log index is -1
2019-08-22 20:19:53,405 [aecc5ed5-ad68-40d1-9c43-97df2574d85d-SegmentedRaftLogWorker:Storage Directory /workdir/hadoop-ozone/integration-test/target/test-dir/MiniOzoneClusterImpl-892c99a4-2802-4d8a-8333-ae6293701026/datanode-1/data/ratis/777a1c3c-7675-481a-bace-8433b0a91521] INFO  segmented.SegmentedRaftLogWorker (SegmentedRaftLogWorker.java:run(313)) - aecc5ed5-ad68-40d1-9c43-97df2574d85d-SegmentedRaftLogWorker:Storage Directory /workdir/hadoop-ozone/integration-test/target/test-dir/MiniOzoneClusterImpl-892c99a4-2802-4d8a-8333-ae6293701026/datanode-1/data/ratis/777a1c3c-7675-481a-bace-8433b0a91521 was interrupted, exiting. There are 0 tasks remaining in the queue.
2019-08-22 20:19:53,407 [grpc-default-executor-0] INFO  segmented.SegmentedRaftLogWorker (SegmentedRaftLogWorker.java:close(228)) - aecc5ed5-ad68-40d1-9c43-97df2574d85d-SegmentedRaftLogWorker:Storage Directory /workdir/hadoop-ozone/integration-test/target/test-dir/MiniOzoneClusterImpl-892c99a4-2802-4d8a-8333-ae6293701026/datanode-1/data/ratis/777a1c3c-7675-481a-bace-8433b0a91521 close()
2019-08-22 20:19:53,548 [main] INFO  ozone.MiniOzoneClusterImpl (MiniOzoneClusterImpl.java:shutdown(321)) - Shutting down the Mini Ozone Cluster
2019-08-22 20:19:53,549 | INFO  | SCMAudit | user=null | ip=null | op=GET_SCM_INFO null | ret=SUCCESS |  
2019-08-22 20:19:53,549 [main] INFO  ozone.MiniOzoneClusterImpl (MiniOzoneClusterImpl.java:stop(336)) - Stopping the Mini Ozone Cluster
2019-08-22 20:19:53,549 [main] INFO  ozone.MiniOzoneClusterImpl (MiniOzoneClusterImpl.java:stop(338)) - Stopping the OzoneManager
2019-08-22 20:19:53,551 [main] INFO  ipc.Server (Server.java:stop(3082)) - Stopping server on 35623
2019-08-22 20:19:53,563 [IPC Server listener on 35623] INFO  ipc.Server (Server.java:run(1185)) - Stopping IPC Server listener on 35623
2019-08-22 20:19:53,565 [main] INFO  ratis.OzoneManagerDoubleBuffer (OzoneManagerDoubleBuffer.java:stop(248)) - Stopping OMDoubleBuffer flush thread
2019-08-22 20:19:53,565 [IPC Server Responder] INFO  ipc.Server (Server.java:run(1319)) - Stopping IPC Server Responder
2019-08-22 20:19:53,579 [OMDoubleBufferFlushThread] INFO  ratis.OzoneManagerDoubleBuffer (OzoneManagerDoubleBuffer.java:flushTransactions(191)) - OMDoubleBuffer flush thread OMDoubleBufferFlushThread is interrupted and will exit. OMDoubleBufferFlushThread
2019-08-22 20:19:53,581 [main] INFO  utils.BackgroundService (BackgroundService.java:shutdown(148)) - Shutting down service KeyDeletingService
2019-08-22 20:19:53,586 [main] INFO  handler.ContextHandler (ContextHandler.java:doStop(910)) - Stopped o.e.j.w.WebAppContext@5ff507fa{/,null,UNAVAILABLE}{/ozoneManager}
2019-08-22 20:19:53,586 [main] INFO  server.AbstractConnector (AbstractConnector.java:doStop(318)) - Stopped ServerConnector@590e4f9b{HTTP/1.1,[http/1.1]}{0.0.0.0:0}
2019-08-22 20:19:53,588 [main] INFO  handler.ContextHandler (ContextHandler.java:doStop(910)) - Stopped o.e.j.s.ServletContextHandler@2e862e55{/static,file:///workdir/hadoop-ozone/integration-test/target/test-classes/webapps/static,UNAVAILABLE}
2019-08-22 20:19:53,589 [main] INFO  handler.ContextHandler (ContextHandler.java:doStop(910)) - Stopped o.e.j.s.ServletContextHandler@aa70583{/logs,file:///workdir/hadoop-ozone/integration-test/target/log,UNAVAILABLE}
2019-08-22 20:19:53,593 [main] INFO  ozone.MiniOzoneClusterImpl (MiniOzoneClusterImpl.java:stop(344)) - Shutting the HddsDatanodes
2019-08-22 20:19:53,593 [main] INFO  datanode.ObjectStoreHandler (ObjectStoreHandler.java:close(155)) - Closing ObjectStoreHandler.
2019-08-22 20:19:53,593 [ForkJoinPool.commonPool-worker-0] INFO  datanode.ObjectStoreHandler (ObjectStoreHandler.java:close(155)) - Closing ObjectStoreHandler.
2019-08-22 20:19:53,594 [main] INFO  ozone.HddsDatanodeService (HddsDatanodeService.java:stop(451)) - Stopped plug-in org.apache.hadoop.ozone.web.OzoneHddsDatanodeService@3b2a5000
2019-08-22 20:19:53,594 [ForkJoinPool.commonPool-worker-0] INFO  ozone.HddsDatanodeService (HddsDatanodeService.java:stop(451)) - Stopped plug-in org.apache.hadoop.ozone.web.OzoneHddsDatanodeService@160349ee
2019-08-22 20:19:53,769 | INFO  | SCMAudit | user=jenkins1000 | ip=192.168.36.65 | op=REGISTER {datanodeDetails=bcfc59bc-b95c-41d3-8a94-8ed3aa2ce859{ip: 192.168.36.65, host: pr-hdds-1975-qxxlx-297662434, networkLocation: /default-rack, certSerialId: null}} | ret=SUCCESS |  
2019-08-22 20:19:53,778 [grpc-default-executor-0] INFO  impl.RaftServerProxy (RaftServerProxy.java:remove(95)) - bcfc59bc-b95c-41d3-8a94-8ed3aa2ce859: remove FOLLOWER group-8433B0A91521 bcfc59bc-b95c-41d3-8a94-8ed3aa2ce859:t1, leader=null, voted=aecc5ed5-ad68-40d1-9c43-97df2574d85d, raftlog=bcfc59bc-b95c-41d3-8a94-8ed3aa2ce859-SegmentedRaftLog:OPENED:c-1,f0,i0, conf=0: [8a8bf17e-3e0b-4281-9eb2-f0900650cab0:192.168.36.65:42990, bcfc59bc-b95c-41d3-8a94-8ed3aa2ce859:192.168.36.65:39978, aecc5ed5-ad68-40d1-9c43-97df2574d85d:192.168.36.65:38592], old=null RUNNING
2019-08-22 20:19:53,779 [grpc-default-executor-0] INFO  impl.RaftServerImpl (RaftServerImpl.java:lambda$shutdown$3(245)) - bcfc59bc-b95c-41d3-8a94-8ed3aa2ce859: shutdown group-8433B0A91521
2019-08-22 20:19:53,779 [grpc-default-executor-0] INFO  util.JmxRegister (JmxRegister.java:unregister(73)) - Successfully un-registered JMX Bean with object name Ratis:service=RaftServer,group=group-8433B0A91521,id=bcfc59bc-b95c-41d3-8a94-8ed3aa2ce859
2019-08-22 20:19:53,779 [grpc-default-executor-0] INFO  impl.RoleInfo (RoleInfo.java:shutdownFollowerState(121)) - bcfc59bc-b95c-41d3-8a94-8ed3aa2ce859: shutdown FollowerState
2019-08-22 20:19:53,779 [grpc-default-executor-0] INFO  impl.StateMachineUpdater (StateMachineUpdater.java:stopAndJoin(115)) - StateMachineUpdater:bcfc59bc-b95c-41d3-8a94-8ed3aa2ce859:group-8433B0A91521: set stopIndex = -1
2019-08-22 20:19:53,780 [Thread-589] INFO  impl.FollowerState (FollowerState.java:run(114)) - bcfc59bc-b95c-41d3-8a94-8ed3aa2ce859: FollowerState was interrupted: java.lang.InterruptedException: sleep interrupted
2019-08-22 20:19:53,780 [grpc-default-executor-0] INFO  impl.RaftServerImpl (ServerState.java:close(394)) - bcfc59bc-b95c-41d3-8a94-8ed3aa2ce859:group-8433B0A91521 closes. The last applied log index is -1
2019-08-22 20:19:53,781 [bcfc59bc-b95c-41d3-8a94-8ed3aa2ce859-SegmentedRaftLogWorker:Storage Directory /workdir/hadoop-ozone/integration-test/target/test-dir/MiniOzoneClusterImpl-892c99a4-2802-4d8a-8333-ae6293701026/datanode-2/data/ratis/777a1c3c-7675-481a-bace-8433b0a91521] INFO  segmented.SegmentedRaftLogWorker (SegmentedRaftLogWorker.java:run(313)) - bcfc59bc-b95c-41d3-8a94-8ed3aa2ce859-SegmentedRaftLogWorker:Storage Directory /workdir/hadoop-ozone/integration-test/target/test-dir/MiniOzoneClusterImpl-892c99a4-2802-4d8a-8333-ae6293701026/datanode-2/data/ratis/777a1c3c-7675-481a-bace-8433b0a91521 was interrupted, exiting. There are 0 tasks remaining in the queue.
2019-08-22 20:19:53,783 [grpc-default-executor-0] INFO  segmented.SegmentedRaftLogWorker (SegmentedRaftLogWorker.java:close(228)) - bcfc59bc-b95c-41d3-8a94-8ed3aa2ce859-SegmentedRaftLogWorker:Storage Directory /workdir/hadoop-ozone/integration-test/target/test-dir/MiniOzoneClusterImpl-892c99a4-2802-4d8a-8333-ae6293701026/datanode-2/data/ratis/777a1c3c-7675-481a-bace-8433b0a91521 close()
2019-08-22 20:19:55,183 [Datanode State Machine Thread - 0] INFO  statemachine.DatanodeStateMachine (DatanodeStateMachine.java:lambda$startDaemon$0(350)) - Ozone container server started.
2019-08-22 20:19:55,389 [Datanode State Machine Thread - 0] INFO  statemachine.DatanodeStateMachine (DatanodeStateMachine.java:lambda$startDaemon$0(350)) - Ozone container server started.
2019-08-22 20:19:55,769 | INFO  | SCMAudit | user=jenkins1000 | ip=192.168.36.65 | op=SEND_HEARTBEAT {datanodeUUID=bcfc59bc-b95c-41d3-8a94-8ed3aa2ce859, command=[]} | ret=SUCCESS |  
2019-08-22 20:19:56,054 [grpc-default-executor-0] INFO  impl.RaftServerProxy (RaftServerProxy.java:addNew(89)) - bcfc59bc-b95c-41d3-8a94-8ed3aa2ce859: addNew group-1754B4BDEA16:[bcfc59bc-b95c-41d3-8a94-8ed3aa2ce859:192.168.36.65:39978] returns group-1754B4BDEA16:java.util.concurrent.CompletableFuture@403cba6d[Not completed]
2019-08-22 20:19:56,055 [pool-170-thread-1] INFO  impl.RaftServerImpl (RaftServerImpl.java:<init>(93)) - bcfc59bc-b95c-41d3-8a94-8ed3aa2ce859: new RaftServerImpl for group-1754B4BDEA16:[bcfc59bc-b95c-41d3-8a94-8ed3aa2ce859:192.168.36.65:39978] with ContainerStateMachine:uninitialized
2019-08-22 20:19:56,055 [pool-170-thread-1] INFO  server.RaftServerConfigKeys (ConfUtils.java:logGet(43)) - raft.server.rpc.timeout.min = 5s (custom)
2019-08-22 20:19:56,056 [pool-170-thread-1] INFO  server.RaftServerConfigKeys (ConfUtils.java:logGet(43)) - raft.server.rpc.timeout.max = 5200ms (custom)
2019-08-22 20:19:56,056 [pool-170-thread-1] INFO  server.RaftServerConfigKeys (ConfUtils.java:logGet(43)) - raft.server.rpcslowness.timeout = 120s (custom)
2019-08-22 20:19:56,056 [pool-170-thread-1] INFO  server.RaftServerConfigKeys (ConfUtils.java:logGet(43)) - raft.server.sleep.deviation.threshold = 300 (default)
2019-08-22 20:19:56,056 [pool-170-thread-1] INFO  server.RaftServerConfigKeys (ConfUtils.java:logGet(43)) - raft.server.log.appender.install.snapshot.enabled = false (custom)
2019-08-22 20:19:56,056 [pool-170-thread-1] INFO  impl.RaftServerImpl (ServerState.java:<init>(105)) - bcfc59bc-b95c-41d3-8a94-8ed3aa2ce859:group-1754B4BDEA16 ConfigurationManager, init=-1: [bcfc59bc-b95c-41d3-8a94-8ed3aa2ce859:192.168.36.65:39978], old=null, confs=<EMPTY_MAP>
2019-08-22 20:19:56,056 [pool-170-thread-1] INFO  server.RaftServerConfigKeys (ConfUtils.java:logGet(43)) - raft.server.storage.dir = [/workdir/hadoop-ozone/integration-test/target/test-dir/MiniOzoneClusterImpl-892c99a4-2802-4d8a-8333-ae6293701026/datanode-2/data/ratis] (custom)
2019-08-22 20:19:56,056 [pool-170-thread-1] INFO  storage.RaftStorageDirectory (RaftStorageDirectory.java:analyzeStorage(246)) - The storage directory /workdir/hadoop-ozone/integration-test/target/test-dir/MiniOzoneClusterImpl-892c99a4-2802-4d8a-8333-ae6293701026/datanode-2/data/ratis/e952a930-3d46-4c48-a666-1754b4bdea16 does not exist. Creating ...
2019-08-22 20:19:56,072 [pool-170-thread-1] INFO  storage.RaftStorageDirectory (RaftStorageDirectory.java:tryLock(328)) - Lock on /workdir/hadoop-ozone/integration-test/target/test-dir/MiniOzoneClusterImpl-892c99a4-2802-4d8a-8333-ae6293701026/datanode-2/data/ratis/e952a930-3d46-4c48-a666-1754b4bdea16/in_use.lock acquired by nodename 4922@pr-hdds-1975-qxxlx-297662434
2019-08-22 20:19:56,093 [pool-170-thread-1] INFO  storage.RaftStorage (RaftStorage.java:format(72)) - Storage directory /workdir/hadoop-ozone/integration-test/target/test-dir/MiniOzoneClusterImpl-892c99a4-2802-4d8a-8333-ae6293701026/datanode-2/data/ratis/e952a930-3d46-4c48-a666-1754b4bdea16 has been successfully formatted.
2019-08-22 20:19:56,094 [pool-170-thread-1] INFO  ratis.ContainerStateMachine (ContainerStateMachine.java:loadSnapshot(226)) - group-1754B4BDEA16: The snapshot info is null. Setting the last applied indexto:(t:0, i:~)
2019-08-22 20:19:56,094 [pool-170-thread-1] INFO  server.RaftServerConfigKeys (ConfUtils.java:logGet(43)) - raft.server.leader.election.timeout = 120s (custom)
2019-08-22 20:19:56,094 [pool-170-thread-1] INFO  server.RaftServerConfigKeys (ConfUtils.java:logGet(43)) - raft.server.log.use.memory = false (default)
2019-08-22 20:19:56,094 [pool-170-thread-1] INFO  server.RaftServerConfigKeys (ConfUtils.java:logGet(43)) - raft.server.log.purge.gap = 1000000 (custom)
2019-08-22 20:19:56,094 [pool-170-thread-1] INFO  server.RaftServerConfigKeys (ConfUtils.java:logGet(43)) - raft.server.log.appender.buffer.byte-limit = 33554432 (custom)
2019-08-22 20:19:56,094 [pool-170-thread-1] INFO  server.RaftServerConfigKeys (ConfUtils.java:logGet(43)) - raft.server.log.segment.size.max = 1048576 (custom)
2019-08-22 20:19:56,094 [pool-170-thread-1] INFO  server.RaftServerConfigKeys (ConfUtils.java:logGet(43)) - raft.server.log.segment.cache.num.max = 2 (custom)
2019-08-22 20:19:56,094 [pool-170-thread-1] INFO  segmented.SegmentedRaftLogWorker (SegmentedRaftLogWorker.java:<init>(172)) - new bcfc59bc-b95c-41d3-8a94-8ed3aa2ce859-SegmentedRaftLogWorker:Storage Directory /workdir/hadoop-ozone/integration-test/target/test-dir/MiniOzoneClusterImpl-892c99a4-2802-4d8a-8333-ae6293701026/datanode-2/data/ratis/e952a930-3d46-4c48-a666-1754b4bdea16 for RaftStorage:Storage Directory /workdir/hadoop-ozone/integration-test/target/test-dir/MiniOzoneClusterImpl-892c99a4-2802-4d8a-8333-ae6293701026/datanode-2/data/ratis/e952a930-3d46-4c48-a666-1754b4bdea16
2019-08-22 20:19:56,095 [pool-170-thread-1] INFO  server.RaftServerConfigKeys (ConfUtils.java:logGet(43)) - raft.server.log.queue.byte-limit = 2147483647 (custom)
2019-08-22 20:19:56,095 [pool-170-thread-1] INFO  server.RaftServerConfigKeys (ConfUtils.java:logGet(43)) - raft.server.log.queue.element-limit = 1024 (custom)
2019-08-22 20:19:56,095 [pool-170-thread-1] INFO  server.RaftServerConfigKeys (ConfUtils.java:logGet(43)) - raft.server.log.segment.size.max = 1048576 (custom)
2019-08-22 20:19:56,095 [pool-170-thread-1] INFO  server.RaftServerConfigKeys (ConfUtils.java:logGet(43)) - raft.server.log.preallocated.size = 16384 (custom)
2019-08-22 20:19:56,095 [pool-170-thread-1] INFO  server.RaftServerConfigKeys (ConfUtils.java:logGet(43)) - raft.server.log.write.buffer.size = 33554432 (custom)
2019-08-22 20:19:56,095 [pool-170-thread-1] INFO  server.RaftServerConfigKeys (ConfUtils.java:logGet(43)) - raft.server.log.force.sync.num = 128 (default)
2019-08-22 20:19:56,095 [pool-170-thread-1] INFO  server.RaftServerConfigKeys (ConfUtils.java:logGet(43)) - raft.server.log.statemachine.data.sync = true (default)
2019-08-22 20:19:56,095 [pool-170-thread-1] INFO  server.RaftServerConfigKeys (ConfUtils.java:logGet(43)) - raft.server.log.statemachine.data.sync.timeout = 10s (default)
2019-08-22 20:19:56,096 [pool-170-thread-1] INFO  server.RaftServerConfigKeys (ConfUtils.java:logGet(43)) - raft.server.log.statemachine.data.sync.timeout.retry = -1 (default)
2019-08-22 20:19:56,096 [pool-170-thread-1] INFO  server.RaftServerConfigKeys (ConfUtils.java:logGet(43)) - raft.server.log.statemachine.data.caching.enabled = true (custom)
2019-08-22 20:19:56,096 [pool-170-thread-1] INFO  segmented.SegmentedRaftLogWorker (SegmentedRaftLogWorker.java:lambda$new$0(132)) - bcfc59bc-b95c-41d3-8a94-8ed3aa2ce859-SegmentedRaftLogWorker:Storage Directory /workdir/hadoop-ozone/integration-test/target/test-dir/MiniOzoneClusterImpl-892c99a4-2802-4d8a-8333-ae6293701026/datanode-2/data/ratis/e952a930-3d46-4c48-a666-1754b4bdea16: flushIndex: setUnconditionally 0 -> -1
2019-08-22 20:19:56,096 [pool-170-thread-1] INFO  server.RaftServerConfigKeys (ConfUtils.java:logGet(43)) - raft.server.snapshot.auto.trigger.enabled = true (custom)
2019-08-22 20:19:56,096 [pool-170-thread-1] INFO  server.RaftServerConfigKeys (ConfUtils.java:logGet(43)) - raft.server.snapshot.auto.trigger.threshold = 10000 (custom)
2019-08-22 20:19:56,096 [pool-170-thread-1] INFO  server.RaftServerConfigKeys (ConfUtils.java:logGet(43)) - raft.server.retrycache.expirytime = 600000ms (custom)
2019-08-22 20:19:56,097 [pool-170-thread-1] INFO  impl.RaftServerImpl (RaftServerImpl.java:start(180)) - bcfc59bc-b95c-41d3-8a94-8ed3aa2ce859: start group-1754B4BDEA16
2019-08-22 20:19:56,097 [pool-170-thread-1] INFO  impl.RaftServerImpl (RaftServerImpl.java:setRole(171)) - bcfc59bc-b95c-41d3-8a94-8ed3aa2ce859:group-1754B4BDEA16 changes role from null to FOLLOWER at term 0 for startAsFollower
2019-08-22 20:19:56,097 [pool-170-thread-1] INFO  impl.RoleInfo (RoleInfo.java:updateAndGet(143)) - bcfc59bc-b95c-41d3-8a94-8ed3aa2ce859: start FollowerState
2019-08-22 20:19:56,097 [pool-170-thread-1] INFO  util.JmxRegister (JmxRegister.java:tryRegister(44)) - Successfully registered JMX Bean with object name Ratis:service=RaftServer,group=group-1754B4BDEA16,id=bcfc59bc-b95c-41d3-8a94-8ed3aa2ce859
2019-08-22 20:19:56,102 [RatisPipelineUtilsThread] INFO  pipeline.PipelineStateManager (PipelineStateManager.java:addPipeline(56)) - Created pipeline Pipeline[ Id: e952a930-3d46-4c48-a666-1754b4bdea16, Nodes: bcfc59bc-b95c-41d3-8a94-8ed3aa2ce859{ip: 192.168.36.65, host: pr-hdds-1975-qxxlx-297662434, networkLocation: /default-rack, certSerialId: null}, Type:RATIS, Factor:ONE, State:OPEN]
2019-08-22 20:19:56,339 [Thread-585] INFO  impl.FollowerState (FollowerState.java:run(106)) - 8a8bf17e-3e0b-4281-9eb2-f0900650cab0:group-390DE5088A21 changes to CANDIDATE, lastRpcTime:5140, electionTimeout:5140ms
2019-08-22 20:19:56,339 [Thread-585] INFO  impl.RoleInfo (RoleInfo.java:shutdownFollowerState(121)) - 8a8bf17e-3e0b-4281-9eb2-f0900650cab0: shutdown FollowerState
2019-08-22 20:19:56,339 [Thread-585] INFO  impl.RaftServerImpl (RaftServerImpl.java:setRole(171)) - 8a8bf17e-3e0b-4281-9eb2-f0900650cab0:group-390DE5088A21 changes role from FOLLOWER to CANDIDATE at term 1 for changeToCandidate
2019-08-22 20:19:56,339 [Thread-585] INFO  impl.RoleInfo (RoleInfo.java:updateAndGet(143)) - 8a8bf17e-3e0b-4281-9eb2-f0900650cab0: start LeaderElection
2019-08-22 20:19:56,359 [8a8bf17e-3e0b-4281-9eb2-f0900650cab0:group-390DE5088A21:LeaderElection17] INFO  impl.LeaderElection (LeaderElection.java:askForVotes(181)) - 8a8bf17e-3e0b-4281-9eb2-f0900650cab0:group-390DE5088A21:LeaderElection17: begin an election at term 2 for 0: [8a8bf17e-3e0b-4281-9eb2-f0900650cab0:192.168.36.65:42990], old=null
2019-08-22 20:19:56,359 [8a8bf17e-3e0b-4281-9eb2-f0900650cab0:group-390DE5088A21:LeaderElection17] INFO  impl.RoleInfo (RoleInfo.java:shutdownLeaderElection(134)) - 8a8bf17e-3e0b-4281-9eb2-f0900650cab0: shutdown LeaderElection
2019-08-22 20:19:56,359 [8a8bf17e-3e0b-4281-9eb2-f0900650cab0:group-390DE5088A21:LeaderElection17] INFO  impl.RaftServerImpl (RaftServerImpl.java:setRole(171)) - 8a8bf17e-3e0b-4281-9eb2-f0900650cab0:group-390DE5088A21 changes role from CANDIDATE to LEADER at term 2 for changeToLeader
2019-08-22 20:19:56,359 [8a8bf17e-3e0b-4281-9eb2-f0900650cab0:group-390DE5088A21:LeaderElection17] INFO  impl.RaftServerImpl (ServerState.java:setLeader(263)) - 8a8bf17e-3e0b-4281-9eb2-f0900650cab0:group-390DE5088A21 change Leader from null to 8a8bf17e-3e0b-4281-9eb2-f0900650cab0 at term 2 for becomeLeader, leader elected after 6801ms
2019-08-22 20:19:56,360 [8a8bf17e-3e0b-4281-9eb2-f0900650cab0:group-390DE5088A21:LeaderElection17] INFO  server.RaftServerConfigKeys (ConfUtils.java:logGet(43)) - raft.server.staging.catchup.gap = 1000 (default)
2019-08-22 20:19:56,360 [8a8bf17e-3e0b-4281-9eb2-f0900650cab0:group-390DE5088A21:LeaderElection17] INFO  server.RaftServerConfigKeys (ConfUtils.java:logGet(43)) - raft.server.rpc.sleep.time = 25ms (default)
2019-08-22 20:19:56,360 [8a8bf17e-3e0b-4281-9eb2-f0900650cab0:group-390DE5088A21:LeaderElection17] INFO  server.RaftServerConfigKeys (ConfUtils.java:logGet(43)) - raft.server.write.element-limit = 4096 (default)
2019-08-22 20:19:56,360 [8a8bf17e-3e0b-4281-9eb2-f0900650cab0:group-390DE5088A21:LeaderElection17] INFO  server.RaftServerConfigKeys (ConfUtils.java:logGet(43)) - raft.server.watch.timeout = 10s (default)
2019-08-22 20:19:56,360 [8a8bf17e-3e0b-4281-9eb2-f0900650cab0:group-390DE5088A21:LeaderElection17] INFO  server.RaftServerConfigKeys (ConfUtils.java:logGet(43)) - raft.server.watch.timeout.denomination = 1s (default)
2019-08-22 20:19:56,361 [8a8bf17e-3e0b-4281-9eb2-f0900650cab0:group-390DE5088A21:LeaderElection17] INFO  server.RaftServerConfigKeys (ConfUtils.java:logGet(43)) - raft.server.watch.element-limit = 65536 (default)
2019-08-22 20:19:56,361 [8a8bf17e-3e0b-4281-9eb2-f0900650cab0:group-390DE5088A21:LeaderElection17] INFO  impl.RoleInfo (RoleInfo.java:updateAndGet(143)) - 8a8bf17e-3e0b-4281-9eb2-f0900650cab0: start LeaderState
2019-08-22 20:19:56,362 [8a8bf17e-3e0b-4281-9eb2-f0900650cab0:group-390DE5088A21:LeaderElection17] INFO  segmented.SegmentedRaftLogWorker (SegmentedRaftLogWorker.java:rollLogSegment(385)) - 8a8bf17e-3e0b-4281-9eb2-f0900650cab0-SegmentedRaftLogWorker:Storage Directory /workdir/hadoop-ozone/integration-test/target/test-dir/MiniOzoneClusterImpl-892c99a4-2802-4d8a-8333-ae6293701026/datanode-0/data/ratis/3b892bf8-b4c0-4131-b943-390de5088a21: Rolling segment log-0_0 to index:0
2019-08-22 20:19:56,365 [8a8bf17e-3e0b-4281-9eb2-f0900650cab0-SegmentedRaftLogWorker:Storage Directory /workdir/hadoop-ozone/integration-test/target/test-dir/MiniOzoneClusterImpl-892c99a4-2802-4d8a-8333-ae6293701026/datanode-0/data/ratis/3b892bf8-b4c0-4131-b943-390de5088a21] INFO  segmented.SegmentedRaftLogWorker (SegmentedRaftLogWorker.java:execute(526)) - 8a8bf17e-3e0b-4281-9eb2-f0900650cab0-SegmentedRaftLogWorker:Storage Directory /workdir/hadoop-ozone/integration-test/target/test-dir/MiniOzoneClusterImpl-892c99a4-2802-4d8a-8333-ae6293701026/datanode-0/data/ratis/3b892bf8-b4c0-4131-b943-390de5088a21: Rolled log segment from /workdir/hadoop-ozone/integration-test/target/test-dir/MiniOzoneClusterImpl-892c99a4-2802-4d8a-8333-ae6293701026/datanode-0/data/ratis/3b892bf8-b4c0-4131-b943-390de5088a21/current/log_inprogress_0 to /workdir/hadoop-ozone/integration-test/target/test-dir/MiniOzoneClusterImpl-892c99a4-2802-4d8a-8333-ae6293701026/datanode-0/data/ratis/3b892bf8-b4c0-4131-b943-390de5088a21/current/log_0-0
2019-08-22 20:19:56,376 [8a8bf17e-3e0b-4281-9eb2-f0900650cab0:group-390DE5088A21:LeaderElection17] INFO  impl.RaftServerImpl (ServerState.java:setRaftConf(361)) - 8a8bf17e-3e0b-4281-9eb2-f0900650cab0:group-390DE5088A21 set configuration 1: [8a8bf17e-3e0b-4281-9eb2-f0900650cab0:192.168.36.65:42990], old=null at 1
2019-08-22 20:19:56,425 [8a8bf17e-3e0b-4281-9eb2-f0900650cab0-SegmentedRaftLogWorker:Storage Directory /workdir/hadoop-ozone/integration-test/target/test-dir/MiniOzoneClusterImpl-892c99a4-2802-4d8a-8333-ae6293701026/datanode-0/data/ratis/3b892bf8-b4c0-4131-b943-390de5088a21] INFO  segmented.SegmentedRaftLogWorker (SegmentedRaftLogWorker.java:execute(569)) - 8a8bf17e-3e0b-4281-9eb2-f0900650cab0-SegmentedRaftLogWorker:Storage Directory /workdir/hadoop-ozone/integration-test/target/test-dir/MiniOzoneClusterImpl-892c99a4-2802-4d8a-8333-ae6293701026/datanode-0/data/ratis/3b892bf8-b4c0-4131-b943-390de5088a21: created new log segment /workdir/hadoop-ozone/integration-test/target/test-dir/MiniOzoneClusterImpl-892c99a4-2802-4d8a-8333-ae6293701026/datanode-0/data/ratis/3b892bf8-b4c0-4131-b943-390de5088a21/current/log_inprogress_1
2019-08-22 20:19:56,508 [Thread-587] INFO  impl.FollowerState (FollowerState.java:run(106)) - aecc5ed5-ad68-40d1-9c43-97df2574d85d:group-0BC407C4BAB3 changes to CANDIDATE, lastRpcTime:5105, electionTimeout:5105ms
2019-08-22 20:19:56,508 [Thread-587] INFO  impl.RoleInfo (RoleInfo.java:shutdownFollowerState(121)) - aecc5ed5-ad68-40d1-9c43-97df2574d85d: shutdown FollowerState
2019-08-22 20:19:56,508 [Thread-587] INFO  impl.RaftServerImpl (RaftServerImpl.java:setRole(171)) - aecc5ed5-ad68-40d1-9c43-97df2574d85d:group-0BC407C4BAB3 changes role from FOLLOWER to CANDIDATE at term 1 for changeToCandidate
2019-08-22 20:19:56,508 [Thread-587] INFO  impl.RoleInfo (RoleInfo.java:updateAndGet(143)) - aecc5ed5-ad68-40d1-9c43-97df2574d85d: start LeaderElection
2019-08-22 20:19:56,538 [aecc5ed5-ad68-40d1-9c43-97df2574d85d:group-0BC407C4BAB3:LeaderElection18] INFO  impl.LeaderElection (LeaderElection.java:askForVotes(181)) - aecc5ed5-ad68-40d1-9c43-97df2574d85d:group-0BC407C4BAB3:LeaderElection18: begin an election at term 2 for 0: [aecc5ed5-ad68-40d1-9c43-97df2574d85d:192.168.36.65:38592], old=null
2019-08-22 20:19:56,538 [aecc5ed5-ad68-40d1-9c43-97df2574d85d:group-0BC407C4BAB3:LeaderElection18] INFO  impl.RoleInfo (RoleInfo.java:shutdownLeaderElection(134)) - aecc5ed5-ad68-40d1-9c43-97df2574d85d: shutdown LeaderElection
2019-08-22 20:19:56,538 [aecc5ed5-ad68-40d1-9c43-97df2574d85d:group-0BC407C4BAB3:LeaderElection18] INFO  impl.RaftServerImpl (RaftServerImpl.java:setRole(171)) - aecc5ed5-ad68-40d1-9c43-97df2574d85d:group-0BC407C4BAB3 changes role from CANDIDATE to LEADER at term 2 for changeToLeader
2019-08-22 20:19:56,538 [aecc5ed5-ad68-40d1-9c43-97df2574d85d:group-0BC407C4BAB3:LeaderElection18] INFO  impl.RaftServerImpl (ServerState.java:setLeader(263)) - aecc5ed5-ad68-40d1-9c43-97df2574d85d:group-0BC407C4BAB3 change Leader from null to aecc5ed5-ad68-40d1-9c43-97df2574d85d at term 2 for becomeLeader, leader elected after 6980ms
2019-08-22 20:19:56,539 [aecc5ed5-ad68-40d1-9c43-97df2574d85d:group-0BC407C4BAB3:LeaderElection18] INFO  server.RaftServerConfigKeys (ConfUtils.java:logGet(43)) - raft.server.staging.catchup.gap = 1000 (default)
2019-08-22 20:19:56,539 [aecc5ed5-ad68-40d1-9c43-97df2574d85d:group-0BC407C4BAB3:LeaderElection18] INFO  server.RaftServerConfigKeys (ConfUtils.java:logGet(43)) - raft.server.rpc.sleep.time = 25ms (default)
2019-08-22 20:19:56,539 [aecc5ed5-ad68-40d1-9c43-97df2574d85d:group-0BC407C4BAB3:LeaderElection18] INFO  server.RaftServerConfigKeys (ConfUtils.java:logGet(43)) - raft.server.write.element-limit = 4096 (default)
2019-08-22 20:19:56,540 [aecc5ed5-ad68-40d1-9c43-97df2574d85d:group-0BC407C4BAB3:LeaderElection18] INFO  server.RaftServerConfigKeys (ConfUtils.java:logGet(43)) - raft.server.watch.timeout = 10s (default)
2019-08-22 20:19:56,540 [aecc5ed5-ad68-40d1-9c43-97df2574d85d:group-0BC407C4BAB3:LeaderElection18] INFO  server.RaftServerConfigKeys (ConfUtils.java:logGet(43)) - raft.server.watch.timeout.denomination = 1s (default)
2019-08-22 20:19:56,540 [aecc5ed5-ad68-40d1-9c43-97df2574d85d:group-0BC407C4BAB3:LeaderElection18] INFO  server.RaftServerConfigKeys (ConfUtils.java:logGet(43)) - raft.server.watch.element-limit = 65536 (default)
2019-08-22 20:19:56,540 [aecc5ed5-ad68-40d1-9c43-97df2574d85d:group-0BC407C4BAB3:LeaderElection18] INFO  impl.RoleInfo (RoleInfo.java:updateAndGet(143)) - aecc5ed5-ad68-40d1-9c43-97df2574d85d: start LeaderState
2019-08-22 20:19:56,540 [aecc5ed5-ad68-40d1-9c43-97df2574d85d:group-0BC407C4BAB3:LeaderElection18] INFO  segmented.SegmentedRaftLogWorker (SegmentedRaftLogWorker.java:rollLogSegment(385)) - aecc5ed5-ad68-40d1-9c43-97df2574d85d-SegmentedRaftLogWorker:Storage Directory /workdir/hadoop-ozone/integration-test/target/test-dir/MiniOzoneClusterImpl-892c99a4-2802-4d8a-8333-ae6293701026/datanode-1/data/ratis/c765f756-70e1-4f14-ad24-0bc407c4bab3: Rolling segment log-0_0 to index:0
2019-08-22 20:19:56,542 [aecc5ed5-ad68-40d1-9c43-97df2574d85d:group-0BC407C4BAB3:LeaderElection18] INFO  impl.RaftServerImpl (ServerState.java:setRaftConf(361)) - aecc5ed5-ad68-40d1-9c43-97df2574d85d:group-0BC407C4BAB3 set configuration 1: [aecc5ed5-ad68-40d1-9c43-97df2574d85d:192.168.36.65:38592], old=null at 1
2019-08-22 20:19:56,543 [aecc5ed5-ad68-40d1-9c43-97df2574d85d-SegmentedRaftLogWorker:Storage Directory /workdir/hadoop-ozone/integration-test/target/test-dir/MiniOzoneClusterImpl-892c99a4-2802-4d8a-8333-ae6293701026/datanode-1/data/ratis/c765f756-70e1-4f14-ad24-0bc407c4bab3] INFO  segmented.SegmentedRaftLogWorker (SegmentedRaftLogWorker.java:execute(526)) - aecc5ed5-ad68-40d1-9c43-97df2574d85d-SegmentedRaftLogWorker:Storage Directory /workdir/hadoop-ozone/integration-test/target/test-dir/MiniOzoneClusterImpl-892c99a4-2802-4d8a-8333-ae6293701026/datanode-1/data/ratis/c765f756-70e1-4f14-ad24-0bc407c4bab3: Rolled log segment from /workdir/hadoop-ozone/integration-test/target/test-dir/MiniOzoneClusterImpl-892c99a4-2802-4d8a-8333-ae6293701026/datanode-1/data/ratis/c765f756-70e1-4f14-ad24-0bc407c4bab3/current/log_inprogress_0 to /workdir/hadoop-ozone/integration-test/target/test-dir/MiniOzoneClusterImpl-892c99a4-2802-4d8a-8333-ae6293701026/datanode-1/data/ratis/c765f756-70e1-4f14-ad24-0bc407c4bab3/current/log_0-0
2019-08-22 20:19:56,621 [aecc5ed5-ad68-40d1-9c43-97df2574d85d-SegmentedRaftLogWorker:Storage Directory /workdir/hadoop-ozone/integration-test/target/test-dir/MiniOzoneClusterImpl-892c99a4-2802-4d8a-8333-ae6293701026/datanode-1/data/ratis/c765f756-70e1-4f14-ad24-0bc407c4bab3] INFO  segmented.SegmentedRaftLogWorker (SegmentedRaftLogWorker.java:execute(569)) - aecc5ed5-ad68-40d1-9c43-97df2574d85d-SegmentedRaftLogWorker:Storage Directory /workdir/hadoop-ozone/integration-test/target/test-dir/MiniOzoneClusterImpl-892c99a4-2802-4d8a-8333-ae6293701026/datanode-1/data/ratis/c765f756-70e1-4f14-ad24-0bc407c4bab3: created new log segment /workdir/hadoop-ozone/integration-test/target/test-dir/MiniOzoneClusterImpl-892c99a4-2802-4d8a-8333-ae6293701026/datanode-1/data/ratis/c765f756-70e1-4f14-ad24-0bc407c4bab3/current/log_inprogress_1
2019-08-22 20:19:56,769 | INFO  | SCMAudit | user=jenkins1000 | ip=192.168.36.65 | op=SEND_HEARTBEAT {datanodeUUID=bcfc59bc-b95c-41d3-8a94-8ed3aa2ce859, command=[]} | ret=SUCCESS |  
2019-08-22 20:19:56,876 [Thread-588] INFO  impl.FollowerState (FollowerState.java:run(106)) - bcfc59bc-b95c-41d3-8a94-8ed3aa2ce859:group-26B8FD71F654 changes to CANDIDATE, lastRpcTime:5093, electionTimeout:5093ms
2019-08-22 20:19:56,876 [Thread-588] INFO  impl.RoleInfo (RoleInfo.java:shutdownFollowerState(121)) - bcfc59bc-b95c-41d3-8a94-8ed3aa2ce859: shutdown FollowerState
2019-08-22 20:19:56,877 [Thread-588] INFO  impl.RaftServerImpl (RaftServerImpl.java:setRole(171)) - bcfc59bc-b95c-41d3-8a94-8ed3aa2ce859:group-26B8FD71F654 changes role from FOLLOWER to CANDIDATE at term 1 for changeToCandidate
2019-08-22 20:19:56,877 [Thread-588] INFO  impl.RoleInfo (RoleInfo.java:updateAndGet(143)) - bcfc59bc-b95c-41d3-8a94-8ed3aa2ce859: start LeaderElection
2019-08-22 20:19:56,939 [bcfc59bc-b95c-41d3-8a94-8ed3aa2ce859:group-26B8FD71F654:LeaderElection19] INFO  impl.LeaderElection (LeaderElection.java:askForVotes(181)) - bcfc59bc-b95c-41d3-8a94-8ed3aa2ce859:group-26B8FD71F654:LeaderElection19: begin an election at term 2 for 0: [bcfc59bc-b95c-41d3-8a94-8ed3aa2ce859:192.168.36.65:39978], old=null
2019-08-22 20:19:56,939 [bcfc59bc-b95c-41d3-8a94-8ed3aa2ce859:group-26B8FD71F654:LeaderElection19] INFO  impl.RoleInfo (RoleInfo.java:shutdownLeaderElection(134)) - bcfc59bc-b95c-41d3-8a94-8ed3aa2ce859: shutdown LeaderElection
2019-08-22 20:19:56,939 [bcfc59bc-b95c-41d3-8a94-8ed3aa2ce859:group-26B8FD71F654:LeaderElection19] INFO  impl.RaftServerImpl (RaftServerImpl.java:setRole(171)) - bcfc59bc-b95c-41d3-8a94-8ed3aa2ce859:group-26B8FD71F654 changes role from CANDIDATE to LEADER at term 2 for changeToLeader
2019-08-22 20:19:56,940 [bcfc59bc-b95c-41d3-8a94-8ed3aa2ce859:group-26B8FD71F654:LeaderElection19] INFO  impl.RaftServerImpl (ServerState.java:setLeader(263)) - bcfc59bc-b95c-41d3-8a94-8ed3aa2ce859:group-26B8FD71F654 change Leader from null to bcfc59bc-b95c-41d3-8a94-8ed3aa2ce859 at term 2 for becomeLeader, leader elected after 6646ms
2019-08-22 20:19:56,940 [bcfc59bc-b95c-41d3-8a94-8ed3aa2ce859:group-26B8FD71F654:LeaderElection19] INFO  server.RaftServerConfigKeys (ConfUtils.java:logGet(43)) - raft.server.staging.catchup.gap = 1000 (default)
2019-08-22 20:19:56,940 [bcfc59bc-b95c-41d3-8a94-8ed3aa2ce859:group-26B8FD71F654:LeaderElection19] INFO  server.RaftServerConfigKeys (ConfUtils.java:logGet(43)) - raft.server.rpc.sleep.time = 25ms (default)
2019-08-22 20:19:56,940 [bcfc59bc-b95c-41d3-8a94-8ed3aa2ce859:group-26B8FD71F654:LeaderElection19] INFO  server.RaftServerConfigKeys (ConfUtils.java:logGet(43)) - raft.server.write.element-limit = 4096 (default)
2019-08-22 20:19:56,940 [bcfc59bc-b95c-41d3-8a94-8ed3aa2ce859:group-26B8FD71F654:LeaderElection19] INFO  server.RaftServerConfigKeys (ConfUtils.java:logGet(43)) - raft.server.watch.timeout = 10s (default)
2019-08-22 20:19:56,940 [bcfc59bc-b95c-41d3-8a94-8ed3aa2ce859:group-26B8FD71F654:LeaderElection19] INFO  server.RaftServerConfigKeys (ConfUtils.java:logGet(43)) - raft.server.watch.timeout.denomination = 1s (default)
2019-08-22 20:19:56,940 [bcfc59bc-b95c-41d3-8a94-8ed3aa2ce859:group-26B8FD71F654:LeaderElection19] INFO  server.RaftServerConfigKeys (ConfUtils.java:logGet(43)) - raft.server.watch.element-limit = 65536 (default)
2019-08-22 20:19:56,941 [bcfc59bc-b95c-41d3-8a94-8ed3aa2ce859:group-26B8FD71F654:LeaderElection19] INFO  impl.RoleInfo (RoleInfo.java:updateAndGet(143)) - bcfc59bc-b95c-41d3-8a94-8ed3aa2ce859: start LeaderState
2019-08-22 20:19:56,941 [bcfc59bc-b95c-41d3-8a94-8ed3aa2ce859:group-26B8FD71F654:LeaderElection19] INFO  segmented.SegmentedRaftLogWorker (SegmentedRaftLogWorker.java:rollLogSegment(385)) - bcfc59bc-b95c-41d3-8a94-8ed3aa2ce859-SegmentedRaftLogWorker:Storage Directory /workdir/hadoop-ozone/integration-test/target/test-dir/MiniOzoneClusterImpl-892c99a4-2802-4d8a-8333-ae6293701026/datanode-2/data/ratis/62d34f2a-04dd-463c-aef9-26b8fd71f654: Rolling segment log-0_0 to index:0
2019-08-22 20:19:56,943 [bcfc59bc-b95c-41d3-8a94-8ed3aa2ce859:group-26B8FD71F654:LeaderElection19] INFO  impl.RaftServerImpl (ServerState.java:setRaftConf(361)) - bcfc59bc-b95c-41d3-8a94-8ed3aa2ce859:group-26B8FD71F654 set configuration 1: [bcfc59bc-b95c-41d3-8a94-8ed3aa2ce859:192.168.36.65:39978], old=null at 1
2019-08-22 20:19:56,944 [bcfc59bc-b95c-41d3-8a94-8ed3aa2ce859-SegmentedRaftLogWorker:Storage Directory /workdir/hadoop-ozone/integration-test/target/test-dir/MiniOzoneClusterImpl-892c99a4-2802-4d8a-8333-ae6293701026/datanode-2/data/ratis/62d34f2a-04dd-463c-aef9-26b8fd71f654] INFO  segmented.SegmentedRaftLogWorker (SegmentedRaftLogWorker.java:execute(526)) - bcfc59bc-b95c-41d3-8a94-8ed3aa2ce859-SegmentedRaftLogWorker:Storage Directory /workdir/hadoop-ozone/integration-test/target/test-dir/MiniOzoneClusterImpl-892c99a4-2802-4d8a-8333-ae6293701026/datanode-2/data/ratis/62d34f2a-04dd-463c-aef9-26b8fd71f654: Rolled log segment from /workdir/hadoop-ozone/integration-test/target/test-dir/MiniOzoneClusterImpl-892c99a4-2802-4d8a-8333-ae6293701026/datanode-2/data/ratis/62d34f2a-04dd-463c-aef9-26b8fd71f654/current/log_inprogress_0 to /workdir/hadoop-ozone/integration-test/target/test-dir/MiniOzoneClusterImpl-892c99a4-2802-4d8a-8333-ae6293701026/datanode-2/data/ratis/62d34f2a-04dd-463c-aef9-26b8fd71f654/current/log_0-0
2019-08-22 20:19:56,996 [bcfc59bc-b95c-41d3-8a94-8ed3aa2ce859-SegmentedRaftLogWorker:Storage Directory /workdir/hadoop-ozone/integration-test/target/test-dir/MiniOzoneClusterImpl-892c99a4-2802-4d8a-8333-ae6293701026/datanode-2/data/ratis/62d34f2a-04dd-463c-aef9-26b8fd71f654] INFO  segmented.SegmentedRaftLogWorker (SegmentedRaftLogWorker.java:execute(569)) - bcfc59bc-b95c-41d3-8a94-8ed3aa2ce859-SegmentedRaftLogWorker:Storage Directory /workdir/hadoop-ozone/integration-test/target/test-dir/MiniOzoneClusterImpl-892c99a4-2802-4d8a-8333-ae6293701026/datanode-2/data/ratis/62d34f2a-04dd-463c-aef9-26b8fd71f654: created new log segment /workdir/hadoop-ozone/integration-test/target/test-dir/MiniOzoneClusterImpl-892c99a4-2802-4d8a-8333-ae6293701026/datanode-2/data/ratis/62d34f2a-04dd-463c-aef9-26b8fd71f654/current/log_inprogress_1
2019-08-22 20:19:57,769 | INFO  | SCMAudit | user=jenkins1000 | ip=192.168.36.65 | op=SEND_HEARTBEAT {datanodeUUID=bcfc59bc-b95c-41d3-8a94-8ed3aa2ce859, command=[]} | ret=SUCCESS |  
2019-08-22 20:19:58,595 [main] INFO  ozoneimpl.OzoneContainer (OzoneContainer.java:stop(199)) - Attempting to stop container services.
2019-08-22 20:19:58,595 [ForkJoinPool.commonPool-worker-0] INFO  ozoneimpl.OzoneContainer (OzoneContainer.java:stop(199)) - Attempting to stop container services.
2019-08-22 20:19:58,596 [main] INFO  impl.RaftServerProxy (RaftServerProxy.java:lambda$close$4(314)) - aecc5ed5-ad68-40d1-9c43-97df2574d85d: close
2019-08-22 20:19:58,596 [ForkJoinPool.commonPool-worker-0] INFO  impl.RaftServerProxy (RaftServerProxy.java:lambda$close$4(314)) - 8a8bf17e-3e0b-4281-9eb2-f0900650cab0: close
2019-08-22 20:19:58,596 [main] INFO  impl.RaftServerImpl (RaftServerImpl.java:lambda$shutdown$3(245)) - aecc5ed5-ad68-40d1-9c43-97df2574d85d: shutdown group-0BC407C4BAB3
2019-08-22 20:19:58,596 [ForkJoinPool.commonPool-worker-0] INFO  impl.RaftServerImpl (RaftServerImpl.java:lambda$shutdown$3(245)) - 8a8bf17e-3e0b-4281-9eb2-f0900650cab0: shutdown group-390DE5088A21
2019-08-22 20:19:58,596 [main] INFO  util.JmxRegister (JmxRegister.java:unregister(73)) - Successfully un-registered JMX Bean with object name Ratis:service=RaftServer,group=group-0BC407C4BAB3,id=aecc5ed5-ad68-40d1-9c43-97df2574d85d
2019-08-22 20:19:58,596 [ForkJoinPool.commonPool-worker-0] INFO  util.JmxRegister (JmxRegister.java:unregister(73)) - Successfully un-registered JMX Bean with object name Ratis:service=RaftServer,group=group-390DE5088A21,id=8a8bf17e-3e0b-4281-9eb2-f0900650cab0
2019-08-22 20:19:58,597 [main] INFO  impl.RoleInfo (RoleInfo.java:shutdownLeaderState(104)) - aecc5ed5-ad68-40d1-9c43-97df2574d85d: shutdown LeaderState
2019-08-22 20:19:58,597 [ForkJoinPool.commonPool-worker-0] INFO  impl.RoleInfo (RoleInfo.java:shutdownLeaderState(104)) - 8a8bf17e-3e0b-4281-9eb2-f0900650cab0: shutdown LeaderState
2019-08-22 20:19:58,597 [main] INFO  impl.PendingRequests (PendingRequests.java:sendNotLeaderResponses(202)) - aecc5ed5-ad68-40d1-9c43-97df2574d85d-PendingRequests: sendNotLeaderResponses
2019-08-22 20:19:58,597 [ForkJoinPool.commonPool-worker-0] INFO  impl.PendingRequests (PendingRequests.java:sendNotLeaderResponses(202)) - 8a8bf17e-3e0b-4281-9eb2-f0900650cab0-PendingRequests: sendNotLeaderResponses
2019-08-22 20:19:58,601 [main] INFO  impl.StateMachineUpdater (StateMachineUpdater.java:stopAndJoin(115)) - StateMachineUpdater:aecc5ed5-ad68-40d1-9c43-97df2574d85d:group-0BC407C4BAB3: set stopIndex = 2
2019-08-22 20:19:58,604 [ForkJoinPool.commonPool-worker-0] INFO  impl.StateMachineUpdater (StateMachineUpdater.java:stopAndJoin(115)) - StateMachineUpdater:8a8bf17e-3e0b-4281-9eb2-f0900650cab0:group-390DE5088A21: set stopIndex = 2
2019-08-22 20:19:58,604 [main] INFO  impl.RaftServerImpl (ServerState.java:close(394)) - aecc5ed5-ad68-40d1-9c43-97df2574d85d:group-0BC407C4BAB3 closes. The last applied log index is 2
2019-08-22 20:19:58,604 [ForkJoinPool.commonPool-worker-0] INFO  impl.RaftServerImpl (ServerState.java:close(394)) - 8a8bf17e-3e0b-4281-9eb2-f0900650cab0:group-390DE5088A21 closes. The last applied log index is 2
2019-08-22 20:19:58,604 [aecc5ed5-ad68-40d1-9c43-97df2574d85d-SegmentedRaftLogWorker:Storage Directory /workdir/hadoop-ozone/integration-test/target/test-dir/MiniOzoneClusterImpl-892c99a4-2802-4d8a-8333-ae6293701026/datanode-1/data/ratis/c765f756-70e1-4f14-ad24-0bc407c4bab3] INFO  segmented.SegmentedRaftLogWorker (SegmentedRaftLogWorker.java:run(313)) - aecc5ed5-ad68-40d1-9c43-97df2574d85d-SegmentedRaftLogWorker:Storage Directory /workdir/hadoop-ozone/integration-test/target/test-dir/MiniOzoneClusterImpl-892c99a4-2802-4d8a-8333-ae6293701026/datanode-1/data/ratis/c765f756-70e1-4f14-ad24-0bc407c4bab3 was interrupted, exiting. There are 0 tasks remaining in the queue.
2019-08-22 20:19:58,604 [8a8bf17e-3e0b-4281-9eb2-f0900650cab0-SegmentedRaftLogWorker:Storage Directory /workdir/hadoop-ozone/integration-test/target/test-dir/MiniOzoneClusterImpl-892c99a4-2802-4d8a-8333-ae6293701026/datanode-0/data/ratis/3b892bf8-b4c0-4131-b943-390de5088a21] INFO  segmented.SegmentedRaftLogWorker (SegmentedRaftLogWorker.java:run(313)) - 8a8bf17e-3e0b-4281-9eb2-f0900650cab0-SegmentedRaftLogWorker:Storage Directory /workdir/hadoop-ozone/integration-test/target/test-dir/MiniOzoneClusterImpl-892c99a4-2802-4d8a-8333-ae6293701026/datanode-0/data/ratis/3b892bf8-b4c0-4131-b943-390de5088a21 was interrupted, exiting. There are 0 tasks remaining in the queue.
2019-08-22 20:19:58,605 [main] INFO  segmented.SegmentedRaftLogWorker (SegmentedRaftLogWorker.java:close(228)) - aecc5ed5-ad68-40d1-9c43-97df2574d85d-SegmentedRaftLogWorker:Storage Directory /workdir/hadoop-ozone/integration-test/target/test-dir/MiniOzoneClusterImpl-892c99a4-2802-4d8a-8333-ae6293701026/datanode-1/data/ratis/c765f756-70e1-4f14-ad24-0bc407c4bab3 close()
2019-08-22 20:19:58,606 [ForkJoinPool.commonPool-worker-0] INFO  segmented.SegmentedRaftLogWorker (SegmentedRaftLogWorker.java:close(228)) - 8a8bf17e-3e0b-4281-9eb2-f0900650cab0-SegmentedRaftLogWorker:Storage Directory /workdir/hadoop-ozone/integration-test/target/test-dir/MiniOzoneClusterImpl-892c99a4-2802-4d8a-8333-ae6293701026/datanode-0/data/ratis/3b892bf8-b4c0-4131-b943-390de5088a21 close()
2019-08-22 20:19:58,608 [main] INFO  server.GrpcService (GrpcService.java:closeImpl(155)) - aecc5ed5-ad68-40d1-9c43-97df2574d85d: shutdown server with port 38592 now
2019-08-22 20:19:58,609 [ForkJoinPool.commonPool-worker-0] INFO  server.GrpcService (GrpcService.java:closeImpl(155)) - 8a8bf17e-3e0b-4281-9eb2-f0900650cab0: shutdown server with port 42990 now
2019-08-22 20:19:58,610 [main] INFO  server.GrpcService (GrpcService.java:closeImpl(163)) - aecc5ed5-ad68-40d1-9c43-97df2574d85d: shutdown server with port 38592 successfully
2019-08-22 20:19:58,611 [ForkJoinPool.commonPool-worker-0] INFO  server.GrpcService (GrpcService.java:closeImpl(163)) - 8a8bf17e-3e0b-4281-9eb2-f0900650cab0: shutdown server with port 42990 successfully
2019-08-22 20:19:58,611 [main] INFO  utils.BackgroundService (BackgroundService.java:shutdown(148)) - Shutting down service BlockDeletingService
2019-08-22 20:19:58,612 [ForkJoinPool.commonPool-worker-0] INFO  utils.BackgroundService (BackgroundService.java:shutdown(148)) - Shutting down service BlockDeletingService
2019-08-22 20:19:58,613 [refreshUsed-/workdir/hadoop-ozone/integration-test/target/test-dir/MiniOzoneClusterImpl-892c99a4-2802-4d8a-8333-ae6293701026/datanode-1/data/containers] WARN  fs.CachingGetSpaceUsed (CachingGetSpaceUsed.java:run(183)) - Thread Interrupted waiting to refresh disk information: sleep interrupted
2019-08-22 20:19:58,613 [refreshUsed-/workdir/hadoop-ozone/integration-test/target/test-dir/MiniOzoneClusterImpl-892c99a4-2802-4d8a-8333-ae6293701026/datanode-0/data/containers] WARN  fs.CachingGetSpaceUsed (CachingGetSpaceUsed.java:run(183)) - Thread Interrupted waiting to refresh disk information: sleep interrupted
2019-08-22 20:19:58,629 [ForkJoinPool.commonPool-worker-0] INFO  statemachine.DatanodeStateMachine (DatanodeStateMachine.java:stopDaemon(395)) - Ozone container server stopped.
2019-08-22 20:19:58,629 [main] INFO  statemachine.DatanodeStateMachine (DatanodeStateMachine.java:stopDaemon(395)) - Ozone container server stopped.
2019-08-22 20:19:58,632 [ForkJoinPool.commonPool-worker-0] INFO  handler.ContextHandler (ContextHandler.java:doStop(910)) - Stopped o.e.j.w.WebAppContext@5d686d5b{/,null,UNAVAILABLE}{/hddsDatanode}
2019-08-22 20:19:58,632 [main] INFO  handler.ContextHandler (ContextHandler.java:doStop(910)) - Stopped o.e.j.w.WebAppContext@7a334042{/,null,UNAVAILABLE}{/hddsDatanode}
2019-08-22 20:19:58,633 [ForkJoinPool.commonPool-worker-0] INFO  server.AbstractConnector (AbstractConnector.java:doStop(318)) - Stopped ServerConnector@40d1d6c8{HTTP/1.1,[http/1.1]}{0.0.0.0:38502}
2019-08-22 20:19:58,634 [main] INFO  server.AbstractConnector (AbstractConnector.java:doStop(318)) - Stopped ServerConnector@5dcc45a7{HTTP/1.1,[http/1.1]}{0.0.0.0:38032}
2019-08-22 20:19:58,634 [ForkJoinPool.commonPool-worker-0] INFO  handler.ContextHandler (ContextHandler.java:doStop(910)) - Stopped o.e.j.s.ServletContextHandler@597c4871{/static,jar:file:/home/user/.m2/repository/org/apache/hadoop/hadoop-hdds-container-service/0.5.0-SNAPSHOT/hadoop-hdds-container-service-0.5.0-SNAPSHOT.jar!/webapps/static,UNAVAILABLE}
2019-08-22 20:19:58,634 [main] INFO  handler.ContextHandler (ContextHandler.java:doStop(910)) - Stopped o.e.j.s.ServletContextHandler@3adbd26{/static,jar:file:/home/user/.m2/repository/org/apache/hadoop/hadoop-hdds-container-service/0.5.0-SNAPSHOT/hadoop-hdds-container-service-0.5.0-SNAPSHOT.jar!/webapps/static,UNAVAILABLE}
2019-08-22 20:19:58,635 [ForkJoinPool.commonPool-worker-0] INFO  handler.ContextHandler (ContextHandler.java:doStop(910)) - Stopped o.e.j.s.ServletContextHandler@15d0776f{/logs,file:///workdir/hadoop-ozone/integration-test/target/log,UNAVAILABLE}
2019-08-22 20:19:58,636 [main] INFO  handler.ContextHandler (ContextHandler.java:doStop(910)) - Stopped o.e.j.s.ServletContextHandler@512c6603{/logs,file:///workdir/hadoop-ozone/integration-test/target/log,UNAVAILABLE}
2019-08-22 20:19:58,636 [ForkJoinPool.commonPool-worker-0] INFO  datanode.ObjectStoreHandler (ObjectStoreHandler.java:close(155)) - Closing ObjectStoreHandler.
2019-08-22 20:19:58,637 [ForkJoinPool.commonPool-worker-0] INFO  ozone.HddsDatanodeService (HddsDatanodeService.java:stop(451)) - Stopped plug-in org.apache.hadoop.ozone.web.OzoneHddsDatanodeService@26cd4e4e
2019-08-22 20:19:58,768 [Datanode State Machine Thread - 0] INFO  statemachine.DatanodeStateMachine (DatanodeStateMachine.java:lambda$startDaemon$0(350)) - Ozone container server started.
2019-08-22 20:20:01,129 [Thread-595] INFO  impl.FollowerState (FollowerState.java:run(106)) - bcfc59bc-b95c-41d3-8a94-8ed3aa2ce859:group-1754B4BDEA16 changes to CANDIDATE, lastRpcTime:5032, electionTimeout:5032ms
2019-08-22 20:20:01,130 [Thread-595] INFO  impl.RoleInfo (RoleInfo.java:shutdownFollowerState(121)) - bcfc59bc-b95c-41d3-8a94-8ed3aa2ce859: shutdown FollowerState
2019-08-22 20:20:01,130 [Thread-595] INFO  impl.RaftServerImpl (RaftServerImpl.java:setRole(171)) - bcfc59bc-b95c-41d3-8a94-8ed3aa2ce859:group-1754B4BDEA16 changes role from FOLLOWER to CANDIDATE at term 0 for changeToCandidate
2019-08-22 20:20:01,130 [Thread-595] INFO  impl.RoleInfo (RoleInfo.java:updateAndGet(143)) - bcfc59bc-b95c-41d3-8a94-8ed3aa2ce859: start LeaderElection
2019-08-22 20:20:01,813 [bcfc59bc-b95c-41d3-8a94-8ed3aa2ce859:group-1754B4BDEA16:LeaderElection20] INFO  impl.LeaderElection (LeaderElection.java:askForVotes(181)) - bcfc59bc-b95c-41d3-8a94-8ed3aa2ce859:group-1754B4BDEA16:LeaderElection20: begin an election at term 1 for -1: [bcfc59bc-b95c-41d3-8a94-8ed3aa2ce859:192.168.36.65:39978], old=null
2019-08-22 20:20:01,814 [bcfc59bc-b95c-41d3-8a94-8ed3aa2ce859:group-1754B4BDEA16:LeaderElection20] INFO  impl.RoleInfo (RoleInfo.java:shutdownLeaderElection(134)) - bcfc59bc-b95c-41d3-8a94-8ed3aa2ce859: shutdown LeaderElection
2019-08-22 20:20:01,814 [bcfc59bc-b95c-41d3-8a94-8ed3aa2ce859:group-1754B4BDEA16:LeaderElection20] INFO  impl.RaftServerImpl (RaftServerImpl.java:setRole(171)) - bcfc59bc-b95c-41d3-8a94-8ed3aa2ce859:group-1754B4BDEA16 changes role from CANDIDATE to LEADER at term 1 for changeToLeader
2019-08-22 20:20:01,814 [bcfc59bc-b95c-41d3-8a94-8ed3aa2ce859:group-1754B4BDEA16:LeaderElection20] INFO  impl.RaftServerImpl (ServerState.java:setLeader(263)) - bcfc59bc-b95c-41d3-8a94-8ed3aa2ce859:group-1754B4BDEA16 change Leader from null to bcfc59bc-b95c-41d3-8a94-8ed3aa2ce859 at term 1 for becomeLeader, leader elected after 5720ms
2019-08-22 20:20:01,814 [bcfc59bc-b95c-41d3-8a94-8ed3aa2ce859:group-1754B4BDEA16:LeaderElection20] INFO  server.RaftServerConfigKeys (ConfUtils.java:logGet(43)) - raft.server.staging.catchup.gap = 1000 (default)
2019-08-22 20:20:01,814 [bcfc59bc-b95c-41d3-8a94-8ed3aa2ce859:group-1754B4BDEA16:LeaderElection20] INFO  server.RaftServerConfigKeys (ConfUtils.java:logGet(43)) - raft.server.rpc.sleep.time = 25ms (default)
2019-08-22 20:20:01,814 [bcfc59bc-b95c-41d3-8a94-8ed3aa2ce859:group-1754B4BDEA16:LeaderElection20] INFO  server.RaftServerConfigKeys (ConfUtils.java:logGet(43)) - raft.server.write.element-limit = 4096 (default)
2019-08-22 20:20:01,815 [bcfc59bc-b95c-41d3-8a94-8ed3aa2ce859:group-1754B4BDEA16:LeaderElection20] INFO  server.RaftServerConfigKeys (ConfUtils.java:logGet(43)) - raft.server.watch.timeout = 10s (default)
2019-08-22 20:20:01,815 [bcfc59bc-b95c-41d3-8a94-8ed3aa2ce859:group-1754B4BDEA16:LeaderElection20] INFO  server.RaftServerConfigKeys (ConfUtils.java:logGet(43)) - raft.server.watch.timeout.denomination = 1s (default)
2019-08-22 20:20:01,815 [bcfc59bc-b95c-41d3-8a94-8ed3aa2ce859:group-1754B4BDEA16:LeaderElection20] INFO  server.RaftServerConfigKeys (ConfUtils.java:logGet(43)) - raft.server.watch.element-limit = 65536 (default)
2019-08-22 20:20:01,815 [bcfc59bc-b95c-41d3-8a94-8ed3aa2ce859:group-1754B4BDEA16:LeaderElection20] INFO  impl.RoleInfo (RoleInfo.java:updateAndGet(143)) - bcfc59bc-b95c-41d3-8a94-8ed3aa2ce859: start LeaderState
2019-08-22 20:20:01,816 [bcfc59bc-b95c-41d3-8a94-8ed3aa2ce859:group-1754B4BDEA16:LeaderElection20] INFO  segmented.SegmentedRaftLogWorker (SegmentedRaftLogWorker.java:startLogSegment(380)) - bcfc59bc-b95c-41d3-8a94-8ed3aa2ce859-SegmentedRaftLogWorker:Storage Directory /workdir/hadoop-ozone/integration-test/target/test-dir/MiniOzoneClusterImpl-892c99a4-2802-4d8a-8333-ae6293701026/datanode-2/data/ratis/e952a930-3d46-4c48-a666-1754b4bdea16: Starting segment from index:0
2019-08-22 20:20:01,816 [bcfc59bc-b95c-41d3-8a94-8ed3aa2ce859:group-1754B4BDEA16:LeaderElection20] INFO  impl.RaftServerImpl (ServerState.java:setRaftConf(361)) - bcfc59bc-b95c-41d3-8a94-8ed3aa2ce859:group-1754B4BDEA16 set configuration 0: [bcfc59bc-b95c-41d3-8a94-8ed3aa2ce859:192.168.36.65:39978], old=null at 0
2019-08-22 20:20:01,909 [bcfc59bc-b95c-41d3-8a94-8ed3aa2ce859-SegmentedRaftLogWorker:Storage Directory /workdir/hadoop-ozone/integration-test/target/test-dir/MiniOzoneClusterImpl-892c99a4-2802-4d8a-8333-ae6293701026/datanode-2/data/ratis/e952a930-3d46-4c48-a666-1754b4bdea16] INFO  segmented.SegmentedRaftLogWorker (SegmentedRaftLogWorker.java:execute(569)) - bcfc59bc-b95c-41d3-8a94-8ed3aa2ce859-SegmentedRaftLogWorker:Storage Directory /workdir/hadoop-ozone/integration-test/target/test-dir/MiniOzoneClusterImpl-892c99a4-2802-4d8a-8333-ae6293701026/datanode-2/data/ratis/e952a930-3d46-4c48-a666-1754b4bdea16: created new log segment /workdir/hadoop-ozone/integration-test/target/test-dir/MiniOzoneClusterImpl-892c99a4-2802-4d8a-8333-ae6293701026/datanode-2/data/ratis/e952a930-3d46-4c48-a666-1754b4bdea16/current/log_inprogress_0
2019-08-22 20:20:03,045 [EventQueue-StaleNodeForStaleNodeHandler] INFO  node.StaleNodeHandler (StaleNodeHandler.java:onMessage(58)) - Datanode bcfc59bc-b95c-41d3-8a94-8ed3aa2ce859{ip: 192.168.36.65, host: pr-hdds-1975-qxxlx-297662434, networkLocation: /default-rack, certSerialId: null} moved to stale state. Finalizing its pipelines [PipelineID=e952a930-3d46-4c48-a666-1754b4bdea16, PipelineID=62d34f2a-04dd-463c-aef9-26b8fd71f654]
2019-08-22 20:20:03,046 [EventQueue-StaleNodeForStaleNodeHandler] INFO  pipeline.SCMPipelineManager (SCMPipelineManager.java:finalizeAndDestroyPipeline(309)) - destroying pipeline:Pipeline[ Id: e952a930-3d46-4c48-a666-1754b4bdea16, Nodes: bcfc59bc-b95c-41d3-8a94-8ed3aa2ce859{ip: 192.168.36.65, host: pr-hdds-1975-qxxlx-297662434, networkLocation: /default-rack, certSerialId: null}, Type:RATIS, Factor:ONE, State:OPEN]
2019-08-22 20:20:03,046 [EventQueue-StaleNodeForStaleNodeHandler] INFO  pipeline.PipelineStateManager (PipelineStateManager.java:finalizePipeline(123)) - Pipeline Pipeline[ Id: e952a930-3d46-4c48-a666-1754b4bdea16, Nodes: bcfc59bc-b95c-41d3-8a94-8ed3aa2ce859{ip: 192.168.36.65, host: pr-hdds-1975-qxxlx-297662434, networkLocation: /default-rack, certSerialId: null}, Type:RATIS, Factor:ONE, State:CLOSED] moved to CLOSED state
2019-08-22 20:20:03,046 [EventQueue-StaleNodeForStaleNodeHandler] INFO  pipeline.SCMPipelineManager (SCMPipelineManager.java:finalizeAndDestroyPipeline(309)) - destroying pipeline:Pipeline[ Id: 62d34f2a-04dd-463c-aef9-26b8fd71f654, Nodes: bcfc59bc-b95c-41d3-8a94-8ed3aa2ce859{ip: 192.168.36.65, host: pr-hdds-1975-qxxlx-297662434, networkLocation: /default-rack, certSerialId: null}, Type:RATIS, Factor:ONE, State:CLOSED]
2019-08-22 20:20:03,637 [ForkJoinPool.commonPool-worker-0] INFO  ozoneimpl.OzoneContainer (OzoneContainer.java:stop(199)) - Attempting to stop container services.
2019-08-22 20:20:03,638 [ForkJoinPool.commonPool-worker-0] INFO  impl.RaftServerProxy (RaftServerProxy.java:lambda$close$4(314)) - bcfc59bc-b95c-41d3-8a94-8ed3aa2ce859: close
2019-08-22 20:20:03,638 [ForkJoinPool.commonPool-worker-0] INFO  impl.RaftServerImpl (RaftServerImpl.java:lambda$shutdown$3(245)) - bcfc59bc-b95c-41d3-8a94-8ed3aa2ce859: shutdown group-1754B4BDEA16
2019-08-22 20:20:03,638 [ForkJoinPool.commonPool-worker-0] INFO  util.JmxRegister (JmxRegister.java:unregister(73)) - Successfully un-registered JMX Bean with object name Ratis:service=RaftServer,group=group-1754B4BDEA16,id=bcfc59bc-b95c-41d3-8a94-8ed3aa2ce859
2019-08-22 20:20:03,638 [ForkJoinPool.commonPool-worker-0] INFO  impl.RoleInfo (RoleInfo.java:shutdownLeaderState(104)) - bcfc59bc-b95c-41d3-8a94-8ed3aa2ce859: shutdown LeaderState
2019-08-22 20:20:03,639 [ForkJoinPool.commonPool-worker-0] INFO  impl.PendingRequests (PendingRequests.java:sendNotLeaderResponses(202)) - bcfc59bc-b95c-41d3-8a94-8ed3aa2ce859-PendingRequests: sendNotLeaderResponses
2019-08-22 20:20:03,639 [ForkJoinPool.commonPool-worker-0] INFO  impl.StateMachineUpdater (StateMachineUpdater.java:stopAndJoin(115)) - StateMachineUpdater:bcfc59bc-b95c-41d3-8a94-8ed3aa2ce859:group-1754B4BDEA16: set stopIndex = 0
2019-08-22 20:20:03,639 [ForkJoinPool.commonPool-worker-0] INFO  impl.RaftServerImpl (ServerState.java:close(394)) - bcfc59bc-b95c-41d3-8a94-8ed3aa2ce859:group-1754B4BDEA16 closes. The last applied log index is 0
2019-08-22 20:20:03,640 [bcfc59bc-b95c-41d3-8a94-8ed3aa2ce859-SegmentedRaftLogWorker:Storage Directory /workdir/hadoop-ozone/integration-test/target/test-dir/MiniOzoneClusterImpl-892c99a4-2802-4d8a-8333-ae6293701026/datanode-2/data/ratis/e952a930-3d46-4c48-a666-1754b4bdea16] INFO  segmented.SegmentedRaftLogWorker (SegmentedRaftLogWorker.java:run(313)) - bcfc59bc-b95c-41d3-8a94-8ed3aa2ce859-SegmentedRaftLogWorker:Storage Directory /workdir/hadoop-ozone/integration-test/target/test-dir/MiniOzoneClusterImpl-892c99a4-2802-4d8a-8333-ae6293701026/datanode-2/data/ratis/e952a930-3d46-4c48-a666-1754b4bdea16 was interrupted, exiting. There are 0 tasks remaining in the queue.
2019-08-22 20:20:03,641 [ForkJoinPool.commonPool-worker-0] INFO  segmented.SegmentedRaftLogWorker (SegmentedRaftLogWorker.java:close(228)) - bcfc59bc-b95c-41d3-8a94-8ed3aa2ce859-SegmentedRaftLogWorker:Storage Directory /workdir/hadoop-ozone/integration-test/target/test-dir/MiniOzoneClusterImpl-892c99a4-2802-4d8a-8333-ae6293701026/datanode-2/data/ratis/e952a930-3d46-4c48-a666-1754b4bdea16 close()
2019-08-22 20:20:03,642 [ForkJoinPool.commonPool-worker-0] INFO  impl.RaftServerImpl (RaftServerImpl.java:lambda$shutdown$3(245)) - bcfc59bc-b95c-41d3-8a94-8ed3aa2ce859: shutdown group-26B8FD71F654
2019-08-22 20:20:03,642 [ForkJoinPool.commonPool-worker-0] INFO  util.JmxRegister (JmxRegister.java:unregister(73)) - Successfully un-registered JMX Bean with object name Ratis:service=RaftServer,group=group-26B8FD71F654,id=bcfc59bc-b95c-41d3-8a94-8ed3aa2ce859
2019-08-22 20:20:03,642 [ForkJoinPool.commonPool-worker-0] INFO  impl.RoleInfo (RoleInfo.java:shutdownLeaderState(104)) - bcfc59bc-b95c-41d3-8a94-8ed3aa2ce859: shutdown LeaderState
2019-08-22 20:20:03,642 [ForkJoinPool.commonPool-worker-0] INFO  impl.PendingRequests (PendingRequests.java:sendNotLeaderResponses(202)) - bcfc59bc-b95c-41d3-8a94-8ed3aa2ce859-PendingRequests: sendNotLeaderResponses
2019-08-22 20:20:03,644 [ForkJoinPool.commonPool-worker-0] INFO  impl.StateMachineUpdater (StateMachineUpdater.java:stopAndJoin(115)) - StateMachineUpdater:bcfc59bc-b95c-41d3-8a94-8ed3aa2ce859:group-26B8FD71F654: set stopIndex = 2
2019-08-22 20:20:03,645 [ForkJoinPool.commonPool-worker-0] INFO  impl.RaftServerImpl (ServerState.java:close(394)) - bcfc59bc-b95c-41d3-8a94-8ed3aa2ce859:group-26B8FD71F654 closes. The last applied log index is 2
2019-08-22 20:20:03,645 [bcfc59bc-b95c-41d3-8a94-8ed3aa2ce859-SegmentedRaftLogWorker:Storage Directory /workdir/hadoop-ozone/integration-test/target/test-dir/MiniOzoneClusterImpl-892c99a4-2802-4d8a-8333-ae6293701026/datanode-2/data/ratis/62d34f2a-04dd-463c-aef9-26b8fd71f654] INFO  segmented.SegmentedRaftLogWorker (SegmentedRaftLogWorker.java:run(313)) - bcfc59bc-b95c-41d3-8a94-8ed3aa2ce859-SegmentedRaftLogWorker:Storage Directory /workdir/hadoop-ozone/integration-test/target/test-dir/MiniOzoneClusterImpl-892c99a4-2802-4d8a-8333-ae6293701026/datanode-2/data/ratis/62d34f2a-04dd-463c-aef9-26b8fd71f654 was interrupted, exiting. There are 0 tasks remaining in the queue.
2019-08-22 20:20:03,645 [ForkJoinPool.commonPool-worker-0] INFO  segmented.SegmentedRaftLogWorker (SegmentedRaftLogWorker.java:close(228)) - bcfc59bc-b95c-41d3-8a94-8ed3aa2ce859-SegmentedRaftLogWorker:Storage Directory /workdir/hadoop-ozone/integration-test/target/test-dir/MiniOzoneClusterImpl-892c99a4-2802-4d8a-8333-ae6293701026/datanode-2/data/ratis/62d34f2a-04dd-463c-aef9-26b8fd71f654 close()
2019-08-22 20:20:03,648 [ForkJoinPool.commonPool-worker-0] INFO  server.GrpcService (GrpcService.java:closeImpl(155)) - bcfc59bc-b95c-41d3-8a94-8ed3aa2ce859: shutdown server with port 39978 now
2019-08-22 20:20:03,649 [ForkJoinPool.commonPool-worker-0] INFO  server.GrpcService (GrpcService.java:closeImpl(163)) - bcfc59bc-b95c-41d3-8a94-8ed3aa2ce859: shutdown server with port 39978 successfully
2019-08-22 20:20:03,650 [ForkJoinPool.commonPool-worker-0] INFO  utils.BackgroundService (BackgroundService.java:shutdown(148)) - Shutting down service BlockDeletingService
2019-08-22 20:20:03,651 [refreshUsed-/workdir/hadoop-ozone/integration-test/target/test-dir/MiniOzoneClusterImpl-892c99a4-2802-4d8a-8333-ae6293701026/datanode-2/data/containers] WARN  fs.CachingGetSpaceUsed (CachingGetSpaceUsed.java:run(183)) - Thread Interrupted waiting to refresh disk information: sleep interrupted
2019-08-22 20:20:03,663 [ForkJoinPool.commonPool-worker-0] INFO  statemachine.DatanodeStateMachine (DatanodeStateMachine.java:stopDaemon(395)) - Ozone container server stopped.
2019-08-22 20:20:03,665 [ForkJoinPool.commonPool-worker-0] INFO  handler.ContextHandler (ContextHandler.java:doStop(910)) - Stopped o.e.j.w.WebAppContext@b71e4f0{/,null,UNAVAILABLE}{/hddsDatanode}
2019-08-22 20:20:03,666 [ForkJoinPool.commonPool-worker-0] INFO  server.AbstractConnector (AbstractConnector.java:doStop(318)) - Stopped ServerConnector@30f8795f{HTTP/1.1,[http/1.1]}{0.0.0.0:41123}
2019-08-22 20:20:03,666 [ForkJoinPool.commonPool-worker-0] INFO  handler.ContextHandler (ContextHandler.java:doStop(910)) - Stopped o.e.j.s.ServletContextHandler@3b23d152{/static,jar:file:/home/user/.m2/repository/org/apache/hadoop/hadoop-hdds-container-service/0.5.0-SNAPSHOT/hadoop-hdds-container-service-0.5.0-SNAPSHOT.jar!/webapps/static,UNAVAILABLE}
2019-08-22 20:20:03,667 [ForkJoinPool.commonPool-worker-0] INFO  handler.ContextHandler (ContextHandler.java:doStop(910)) - Stopped o.e.j.s.ServletContextHandler@4cd1158e{/logs,file:///workdir/hadoop-ozone/integration-test/target/log,UNAVAILABLE}
2019-08-22 20:20:03,667 [main] INFO  ozone.MiniOzoneClusterImpl (MiniOzoneClusterImpl.java:stop(353)) - Stopping the StorageContainerManager
2019-08-22 20:20:03,668 [main] INFO  server.StorageContainerManager (StorageContainerManager.java:stop(797)) - Stopping Replication Manager Service.
2019-08-22 20:20:03,668 [main] INFO  container.ReplicationManager (ReplicationManager.java:stop(193)) - Stopping Replication Monitor Thread.
2019-08-22 20:20:03,668 [main] INFO  server.StorageContainerManager (StorageContainerManager.java:stop(804)) - Stopping Lease Manager of the command watchers
2019-08-22 20:20:03,668 [main] INFO  server.StorageContainerManager (StorageContainerManager.java:stop(811)) - Stopping datanode service RPC server
2019-08-22 20:20:03,668 [main] INFO  server.SCMDatanodeProtocolServer (SCMDatanodeProtocolServer.java:stop(367)) - Stopping the RPC server for DataNodes
2019-08-22 20:20:03,669 [main] INFO  ipc.Server (Server.java:stop(3082)) - Stopping server on 33060
2019-08-22 20:20:03,670 [IPC Server listener on 33060] INFO  ipc.Server (Server.java:run(1185)) - Stopping IPC Server listener on 33060
2019-08-22 20:20:03,671 [IPC Server Responder] INFO  ipc.Server (Server.java:run(1319)) - Stopping IPC Server Responder
2019-08-22 20:20:04,046 [SCM Heartbeat Processing Thread - 0] WARN  node.NodeStateManager (NodeStateManager.java:scheduleNextHealthCheck(646)) - Current Thread is interrupted, shutting down HB processing thread for Node Manager.
2019-08-22 20:20:04,046 [main] INFO  server.StorageContainerManager (StorageContainerManager.java:stop(819)) - Stopping block service RPC server
2019-08-22 20:20:04,046 [main] INFO  server.SCMBlockProtocolServer (SCMBlockProtocolServer.java:stop(148)) - Stopping the RPC server for Block Protocol
2019-08-22 20:20:04,047 [main] INFO  ipc.Server (Server.java:stop(3082)) - Stopping server on 41705
2019-08-22 20:20:04,049 [IPC Server listener on 41705] INFO  ipc.Server (Server.java:run(1185)) - Stopping IPC Server listener on 41705
2019-08-22 20:20:04,049 [main] INFO  server.StorageContainerManager (StorageContainerManager.java:stop(826)) - Stopping the StorageContainerLocationProtocol RPC server
2019-08-22 20:20:04,049 [IPC Server Responder] INFO  ipc.Server (Server.java:run(1319)) - Stopping IPC Server Responder
2019-08-22 20:20:04,050 [main] INFO  server.SCMClientProtocolServer (SCMClientProtocolServer.java:stop(159)) - Stopping the RPC server for Client Protocol
2019-08-22 20:20:04,051 [main] INFO  ipc.Server (Server.java:stop(3082)) - Stopping server on 46138
2019-08-22 20:20:04,053 [IPC Server listener on 46138] INFO  ipc.Server (Server.java:run(1185)) - Stopping IPC Server listener on 46138
2019-08-22 20:20:04,053 [main] INFO  server.StorageContainerManager (StorageContainerManager.java:stop(833)) - Stopping Storage Container Manager HTTP server.
2019-08-22 20:20:04,053 [IPC Server Responder] INFO  ipc.Server (Server.java:run(1319)) - Stopping IPC Server Responder
2019-08-22 20:20:04,055 [main] INFO  handler.ContextHandler (ContextHandler.java:doStop(910)) - Stopped o.e.j.w.WebAppContext@4f848250{/,null,UNAVAILABLE}{/scm}
2019-08-22 20:20:04,056 [main] INFO  server.AbstractConnector (AbstractConnector.java:doStop(318)) - Stopped ServerConnector@4246c14b{HTTP/1.1,[http/1.1]}{0.0.0.0:0}
2019-08-22 20:20:04,056 [main] INFO  handler.ContextHandler (ContextHandler.java:doStop(910)) - Stopped o.e.j.s.ServletContextHandler@26349545{/static,file:///workdir/hadoop-ozone/integration-test/target/test-classes/webapps/static,UNAVAILABLE}
2019-08-22 20:20:04,057 [main] INFO  handler.ContextHandler (ContextHandler.java:doStop(910)) - Stopped o.e.j.s.ServletContextHandler@5072cc63{/logs,file:///workdir/hadoop-ozone/integration-test/target/log,UNAVAILABLE}
2019-08-22 20:20:04,058 [main] INFO  server.StorageContainerManager (StorageContainerManager.java:stop(844)) - Stopping Block Manager Service.
2019-08-22 20:20:04,058 [main] INFO  utils.BackgroundService (BackgroundService.java:shutdown(148)) - Shutting down service SCMBlockDeletingService
2019-08-22 20:20:04,058 [main] INFO  utils.BackgroundService (BackgroundService.java:shutdown(148)) - Shutting down service SCMBlockDeletingService
2019-08-22 20:20:04,059 [main] INFO  server.StorageContainerManager (StorageContainerManager.java:stop(866)) - Stopping SCM Event Queue.
2019-08-22 20:20:04,064 [main] INFO  impl.MetricsSystemImpl (MetricsSystemImpl.java:stop(210)) - Stopping HddsDatanode metrics system...
2019-08-22 20:20:04,070 [main] INFO  impl.MetricsSystemImpl (MetricsSystemImpl.java:stop(216)) - HddsDatanode metrics system stopped.
]]></system-out>
    <system-err><![CDATA[Aug 22, 2019 8:19:26 PM com.sun.jersey.server.impl.application.WebApplicationImpl _initiate
INFO: Initiating Jersey application, version 'Jersey: 1.19 02/11/2015 03:25 AM'
Aug 22, 2019 8:19:27 PM com.sun.jersey.server.impl.application.WebApplicationImpl _initiate
INFO: Initiating Jersey application, version 'Jersey: 1.19 02/11/2015 03:25 AM'
Aug 22, 2019 8:19:27 PM com.sun.jersey.server.impl.application.WebApplicationImpl _initiate
INFO: Initiating Jersey application, version 'Jersey: 1.19 02/11/2015 03:25 AM'
Aug 22, 2019 8:19:49 PM com.sun.jersey.server.impl.application.WebApplicationImpl _initiate
INFO: Initiating Jersey application, version 'Jersey: 1.19 02/11/2015 03:25 AM'
Aug 22, 2019 8:19:49 PM com.sun.jersey.server.impl.application.WebApplicationImpl _initiate
INFO: Initiating Jersey application, version 'Jersey: 1.19 02/11/2015 03:25 AM'
Aug 22, 2019 8:19:49 PM com.sun.jersey.server.impl.application.WebApplicationImpl _initiate
INFO: Initiating Jersey application, version 'Jersey: 1.19 02/11/2015 03:25 AM'
]]></system-err>
  </testcase>
</testsuite>