<?xml version="1.0" encoding="UTF-8"?>
<testsuite xmlns:xsi="http://www.w3.org/2001/XMLSchema-instance" xsi:noNamespaceSchemaLocation="https://maven.apache.org/surefire/maven-surefire-plugin/xsd/surefire-test-report.xsd" name="org.apache.hadoop.ozone.om.TestOzoneManagerHA" time="690.505" tests="24" errors="0" skipped="0" failures="1">
  <properties>
    <property name="awt.toolkit" value="sun.awt.X11.XToolkit"/>
    <property name="file.encoding.pkg" value="sun.io"/>
    <property name="java.specification.version" value="1.8"/>
    <property name="sun.cpu.isalist" value=""/>
    <property name="sun.jnu.encoding" value="UTF-8"/>
    <property name="java.class.path" value="/workdir/hadoop-ozone/integration-test/target/test-classes:/workdir/hadoop-ozone/integration-test/target/classes:/home/user/.m2/repository/org/apache/hadoop/hadoop-ozone-common/0.5.0-SNAPSHOT/hadoop-ozone-common-0.5.0-SNAPSHOT.jar:/home/user/.m2/repository/org/apache/commons/commons-compress/1.4.1/commons-compress-1.4.1.jar:/home/user/.m2/repository/org/tukaani/xz/1.0/xz-1.0.jar:/home/user/.m2/repository/org/apache/hadoop/hadoop-common/3.2.0/hadoop-common-3.2.0.jar:/home/user/.m2/repository/org/apache/hadoop/hadoop-hdfs/3.2.0/hadoop-hdfs-3.2.0.jar:/home/user/.m2/repository/org/apache/hadoop/hadoop-hdfs-client/3.2.0/hadoop-hdfs-client-3.2.0.jar:/home/user/.m2/repository/com/fasterxml/jackson/core/jackson-annotations/2.9.5/jackson-annotations-2.9.5.jar:/home/user/.m2/repository/org/apache/hadoop/hadoop-hdds-common/0.5.0-SNAPSHOT/hadoop-hdds-common-0.5.0-SNAPSHOT.jar:/home/user/.m2/repository/javax/annotation/javax.annotation-api/1.2/javax.annotation-api-1.2.jar:/home/user/.m2/repository/org/apache/ratis/ratis-server/0.4.0-2337318-SNAPSHOT/ratis-server-0.4.0-2337318-SNAPSHOT.jar:/home/user/.m2/repository/org/apache/ratis/ratis-thirdparty-misc/0.2.0/ratis-thirdparty-misc-0.2.0.jar:/home/user/.m2/repository/org/apache/ratis/ratis-proto/0.4.0-2337318-SNAPSHOT/ratis-proto-0.4.0-2337318-SNAPSHOT.jar:/home/user/.m2/repository/org/apache/ratis/ratis-common/0.4.0-2337318-SNAPSHOT/ratis-common-0.4.0-2337318-SNAPSHOT.jar:/home/user/.m2/repository/org/apache/ratis/ratis-client/0.4.0-2337318-SNAPSHOT/ratis-client-0.4.0-2337318-SNAPSHOT.jar:/home/user/.m2/repository/org/apache/ratis/ratis-metrics/0.4.0-2337318-SNAPSHOT/ratis-metrics-0.4.0-2337318-SNAPSHOT.jar:/home/user/.m2/repository/org/apache/ratis/ratis-netty/0.4.0-2337318-SNAPSHOT/ratis-netty-0.4.0-2337318-SNAPSHOT.jar:/home/user/.m2/repository/org/apache/ratis/ratis-grpc/0.4.0-2337318-SNAPSHOT/ratis-grpc-0.4.0-2337318-SNAPSHOT.jar:/home/user/.m2/repository/org/rocksdb/rocksdbjni/6.0.1/rocksdbjni-6.0.1.jar:/home/user/.m2/repository/org/apache/logging/log4j/log4j-api/2.11.0/log4j-api-2.11.0.jar:/home/user/.m2/repository/org/apache/logging/log4j/log4j-core/2.11.0/log4j-core-2.11.0.jar:/home/user/.m2/repository/com/lmax/disruptor/3.4.2/disruptor-3.4.2.jar:/home/user/.m2/repository/org/apache/commons/commons-pool2/2.6.0/commons-pool2-2.6.0.jar:/home/user/.m2/repository/org/bouncycastle/bcpkix-jdk15on/1.60/bcpkix-jdk15on-1.60.jar:/home/user/.m2/repository/commons-validator/commons-validator/1.6/commons-validator-1.6.jar:/home/user/.m2/repository/commons-digester/commons-digester/1.8.1/commons-digester-1.8.1.jar:/home/user/.m2/repository/io/jaegertracing/jaeger-client/0.33.1/jaeger-client-0.33.1.jar:/home/user/.m2/repository/io/jaegertracing/jaeger-thrift/0.33.1/jaeger-thrift-0.33.1.jar:/home/user/.m2/repository/org/apache/thrift/libthrift/0.11.0/libthrift-0.11.0.jar:/home/user/.m2/repository/com/squareup/okhttp3/okhttp/3.9.0/okhttp-3.9.0.jar:/home/user/.m2/repository/com/squareup/okio/okio/1.13.0/okio-1.13.0.jar:/home/user/.m2/repository/io/jaegertracing/jaeger-core/0.33.1/jaeger-core-0.33.1.jar:/home/user/.m2/repository/io/jaegertracing/jaeger-tracerresolver/0.33.1/jaeger-tracerresolver-0.33.1.jar:/home/user/.m2/repository/io/opentracing/contrib/opentracing-tracerresolver/0.1.5/opentracing-tracerresolver-0.1.5.jar:/home/user/.m2/repository/io/opentracing/opentracing-util/0.31.0/opentracing-util-0.31.0.jar:/home/user/.m2/repository/io/opentracing/opentracing-api/0.31.0/opentracing-api-0.31.0.jar:/home/user/.m2/repository/io/opentracing/opentracing-noop/0.31.0/opentracing-noop-0.31.0.jar:/home/user/.m2/repository/org/apache/hadoop/hadoop-hdds-server-framework/0.5.0-SNAPSHOT/hadoop-hdds-server-framework-0.5.0-SNAPSHOT.jar:/home/user/.m2/repository/org/apache/hadoop/hadoop-hdds-container-service/0.5.0-SNAPSHOT/hadoop-hdds-container-service-0.5.0-SNAPSHOT.jar:/home/user/.m2/repository/org/apache/hadoop/hadoop-hdds-client/0.5.0-SNAPSHOT/hadoop-hdds-client-0.5.0-SNAPSHOT.jar:/home/user/.m2/repository/org/apache/hadoop/hadoop-hdds-tools/0.5.0-SNAPSHOT/hadoop-hdds-tools-0.5.0-SNAPSHOT.jar:/home/user/.m2/repository/org/apache/hadoop/hadoop-hdds-server-scm/0.5.0-SNAPSHOT/hadoop-hdds-server-scm-0.5.0-SNAPSHOT.jar:/home/user/.m2/repository/org/apache/hadoop/hadoop-hdds-docs/0.5.0-SNAPSHOT/hadoop-hdds-docs-0.5.0-SNAPSHOT.jar:/home/user/.m2/repository/io/dropwizard/metrics/metrics-core/3.2.4/metrics-core-3.2.4.jar:/home/user/.m2/repository/org/hamcrest/hamcrest-all/1.3/hamcrest-all-1.3.jar:/home/user/.m2/repository/org/bouncycastle/bcprov-jdk15on/1.60/bcprov-jdk15on-1.60.jar:/home/user/.m2/repository/info/picocli/picocli/3.9.6/picocli-3.9.6.jar:/home/user/.m2/repository/com/google/protobuf/protobuf-java/2.5.0/protobuf-java-2.5.0.jar:/home/user/.m2/repository/com/google/guava/guava/11.0.2/guava-11.0.2.jar:/home/user/.m2/repository/org/apache/hadoop/hadoop-ozone-ozone-manager/0.5.0-SNAPSHOT/hadoop-ozone-ozone-manager-0.5.0-SNAPSHOT.jar:/home/user/.m2/repository/org/apache/hadoop/hadoop-minikdc/3.2.0/hadoop-minikdc-3.2.0.jar:/home/user/.m2/repository/commons-io/commons-io/2.5/commons-io-2.5.jar:/home/user/.m2/repository/org/apache/kerby/kerb-simplekdc/1.0.1/kerb-simplekdc-1.0.1.jar:/home/user/.m2/repository/org/apache/kerby/kerb-client/1.0.1/kerb-client-1.0.1.jar:/home/user/.m2/repository/org/apache/kerby/kerby-config/1.0.1/kerby-config-1.0.1.jar:/home/user/.m2/repository/org/apache/kerby/kerb-core/1.0.1/kerb-core-1.0.1.jar:/home/user/.m2/repository/org/apache/kerby/kerby-pkix/1.0.1/kerby-pkix-1.0.1.jar:/home/user/.m2/repository/org/apache/kerby/kerby-asn1/1.0.1/kerby-asn1-1.0.1.jar:/home/user/.m2/repository/org/apache/kerby/kerby-util/1.0.1/kerby-util-1.0.1.jar:/home/user/.m2/repository/org/apache/kerby/kerb-common/1.0.1/kerb-common-1.0.1.jar:/home/user/.m2/repository/org/apache/kerby/kerb-crypto/1.0.1/kerb-crypto-1.0.1.jar:/home/user/.m2/repository/org/apache/kerby/kerb-util/1.0.1/kerb-util-1.0.1.jar:/home/user/.m2/repository/org/apache/kerby/token-provider/1.0.1/token-provider-1.0.1.jar:/home/user/.m2/repository/org/apache/kerby/kerb-admin/1.0.1/kerb-admin-1.0.1.jar:/home/user/.m2/repository/org/apache/kerby/kerb-server/1.0.1/kerb-server-1.0.1.jar:/home/user/.m2/repository/org/apache/kerby/kerb-identity/1.0.1/kerb-identity-1.0.1.jar:/home/user/.m2/repository/org/apache/kerby/kerby-xdr/1.0.1/kerby-xdr-1.0.1.jar:/home/user/.m2/repository/org/slf4j/slf4j-log4j12/1.7.25/slf4j-log4j12-1.7.25.jar:/home/user/.m2/repository/org/apache/hadoop/hadoop-ozone-objectstore-service/0.5.0-SNAPSHOT/hadoop-ozone-objectstore-service-0.5.0-SNAPSHOT.jar:/home/user/.m2/repository/org/apache/hadoop/hadoop-ozone-s3gateway/0.5.0-SNAPSHOT/hadoop-ozone-s3gateway-0.5.0-SNAPSHOT.jar:/home/user/.m2/repository/org/jboss/weld/servlet/weld-servlet/2.4.7.Final/weld-servlet-2.4.7.Final.jar:/home/user/.m2/repository/org/glassfish/jersey/containers/jersey-container-servlet-core/2.27/jersey-container-servlet-core-2.27.jar:/home/user/.m2/repository/org/glassfish/hk2/external/javax.inject/2.5.0-b42/javax.inject-2.5.0-b42.jar:/home/user/.m2/repository/org/glassfish/jersey/core/jersey-common/2.27/jersey-common-2.27.jar:/home/user/.m2/repository/org/glassfish/hk2/osgi-resource-locator/1.0.1/osgi-resource-locator-1.0.1.jar:/home/user/.m2/repository/javax/ws/rs/javax.ws.rs-api/2.1/javax.ws.rs-api-2.1.jar:/home/user/.m2/repository/org/glassfish/jersey/ext/cdi/jersey-cdi1x/2.27/jersey-cdi1x-2.27.jar:/home/user/.m2/repository/org/glassfish/jersey/inject/jersey-hk2/2.27/jersey-hk2-2.27.jar:/home/user/.m2/repository/org/glassfish/hk2/hk2-locator/2.5.0-b42/hk2-locator-2.5.0-b42.jar:/home/user/.m2/repository/org/javassist/javassist/3.22.0-CR2/javassist-3.22.0-CR2.jar:/home/user/.m2/repository/org/glassfish/hk2/hk2-api/2.5.0/hk2-api-2.5.0.jar:/home/user/.m2/repository/org/glassfish/hk2/external/jakarta.inject/2.5.0/jakarta.inject-2.5.0.jar:/home/user/.m2/repository/org/glassfish/hk2/hk2-utils/2.5.0/hk2-utils-2.5.0.jar:/home/user/.m2/repository/jakarta/annotation/jakarta.annotation-api/1.3.4/jakarta.annotation-api-1.3.4.jar:/home/user/.m2/repository/org/glassfish/hk2/external/aopalliance-repackaged/2.5.0/aopalliance-repackaged-2.5.0.jar:/home/user/.m2/repository/com/fasterxml/jackson/dataformat/jackson-dataformat-xml/2.9.0/jackson-dataformat-xml-2.9.0.jar:/home/user/.m2/repository/com/fasterxml/jackson/core/jackson-core/2.9.5/jackson-core-2.9.5.jar:/home/user/.m2/repository/com/fasterxml/jackson/module/jackson-module-jaxb-annotations/2.9.5/jackson-module-jaxb-annotations-2.9.5.jar:/home/user/.m2/repository/javax/enterprise/cdi-api/1.2/cdi-api-1.2.jar:/home/user/.m2/repository/javax/el/javax.el-api/3.0.0/javax.el-api-3.0.0.jar:/home/user/.m2/repository/javax/interceptor/javax.interceptor-api/1.2/javax.interceptor-api-1.2.jar:/home/user/.m2/repository/javax/inject/javax.inject/1/javax.inject-1.jar:/home/user/.m2/repository/com/sun/xml/bind/jaxb-impl/2.3.0.1/jaxb-impl-2.3.0.1.jar:/home/user/.m2/repository/com/sun/xml/bind/jaxb-core/2.3.0.1/jaxb-core-2.3.0.1.jar:/home/user/.m2/repository/javax/xml/bind/jaxb-api/2.3.0/jaxb-api-2.3.0.jar:/home/user/.m2/repository/javax/activation/activation/1.1.1/activation-1.1.1.jar:/home/user/.m2/repository/org/apache/hadoop/hadoop-ozone-csi/0.5.0-SNAPSHOT/hadoop-ozone-csi-0.5.0-SNAPSHOT.jar:/home/user/.m2/repository/com/google/protobuf/protobuf-java-util/3.5.1/protobuf-java-util-3.5.1.jar:/home/user/.m2/repository/org/apache/hadoop/hadoop-hdds-config/0.5.0-SNAPSHOT/hadoop-hdds-config-0.5.0-SNAPSHOT.jar:/home/user/.m2/repository/io/grpc/grpc-netty/1.17.1/grpc-netty-1.17.1.jar:/home/user/.m2/repository/io/grpc/grpc-core/1.17.1/grpc-core-1.17.1.jar:/home/user/.m2/repository/io/grpc/grpc-context/1.17.1/grpc-context-1.17.1.jar:/home/user/.m2/repository/com/google/errorprone/error_prone_annotations/2.2.0/error_prone_annotations-2.2.0.jar:/home/user/.m2/repository/org/codehaus/mojo/animal-sniffer-annotations/1.17/animal-sniffer-annotations-1.17.jar:/home/user/.m2/repository/io/opencensus/opencensus-api/0.17.0/opencensus-api-0.17.0.jar:/home/user/.m2/repository/io/opencensus/opencensus-contrib-grpc-metrics/0.17.0/opencensus-contrib-grpc-metrics-0.17.0.jar:/home/user/.m2/repository/io/netty/netty-codec-http2/4.1.30.Final/netty-codec-http2-4.1.30.Final.jar:/home/user/.m2/repository/io/netty/netty-codec-http/4.1.30.Final/netty-codec-http-4.1.30.Final.jar:/home/user/.m2/repository/io/netty/netty-codec/4.1.30.Final/netty-codec-4.1.30.Final.jar:/home/user/.m2/repository/io/netty/netty-handler/4.1.30.Final/netty-handler-4.1.30.Final.jar:/home/user/.m2/repository/io/netty/netty-handler-proxy/4.1.30.Final/netty-handler-proxy-4.1.30.Final.jar:/home/user/.m2/repository/io/netty/netty-codec-socks/4.1.30.Final/netty-codec-socks-4.1.30.Final.jar:/home/user/.m2/repository/io/netty/netty-transport-native-epoll/4.1.30.Final/netty-transport-native-epoll-4.1.30.Final.jar:/home/user/.m2/repository/io/netty/netty-common/4.1.30.Final/netty-common-4.1.30.Final.jar:/home/user/.m2/repository/io/netty/netty-buffer/4.1.30.Final/netty-buffer-4.1.30.Final.jar:/home/user/.m2/repository/io/netty/netty-transport/4.1.30.Final/netty-transport-4.1.30.Final.jar:/home/user/.m2/repository/io/netty/netty-resolver/4.1.30.Final/netty-resolver-4.1.30.Final.jar:/home/user/.m2/repository/io/netty/netty-transport-native-unix-common/4.1.30.Final/netty-transport-native-unix-common-4.1.30.Final.jar:/home/user/.m2/repository/io/grpc/grpc-protobuf/1.17.1/grpc-protobuf-1.17.1.jar:/home/user/.m2/repository/com/google/api/grpc/proto-google-common-protos/1.0.0/proto-google-common-protos-1.0.0.jar:/home/user/.m2/repository/io/grpc/grpc-protobuf-lite/1.17.1/grpc-protobuf-lite-1.17.1.jar:/home/user/.m2/repository/io/grpc/grpc-stub/1.17.1/grpc-stub-1.17.1.jar:/home/user/.m2/repository/org/apache/hadoop/hadoop-ozone-recon/0.5.0-SNAPSHOT/hadoop-ozone-recon-0.5.0-SNAPSHOT.jar:/home/user/.m2/repository/org/apache/hadoop/hadoop-ozone-reconcodegen/0.5.0-SNAPSHOT/hadoop-ozone-reconcodegen-0.5.0-SNAPSHOT.jar:/home/user/.m2/repository/com/google/inject/extensions/guice-multibindings/4.0/guice-multibindings-4.0.jar:/home/user/.m2/repository/com/google/inject/guice/4.0/guice-4.0.jar:/home/user/.m2/repository/aopalliance/aopalliance/1.0/aopalliance-1.0.jar:/home/user/.m2/repository/com/google/inject/extensions/guice-servlet/4.0/guice-servlet-4.0.jar:/home/user/.m2/repository/org/glassfish/jersey/containers/jersey-container-servlet/2.27/jersey-container-servlet-2.27.jar:/home/user/.m2/repository/org/glassfish/hk2/guice-bridge/2.5.0/guice-bridge-2.5.0.jar:/home/user/.m2/repository/org/glassfish/jersey/core/jersey-server/2.27/jersey-server-2.27.jar:/home/user/.m2/repository/org/glassfish/jersey/core/jersey-client/2.27/jersey-client-2.27.jar:/home/user/.m2/repository/org/glassfish/jersey/media/jersey-media-jaxb/2.27/jersey-media-jaxb-2.27.jar:/home/user/.m2/repository/javax/validation/validation-api/1.1.0.Final/validation-api-1.1.0.Final.jar:/home/user/.m2/repository/org/glassfish/jersey/media/jersey-media-json-jackson/2.27/jersey-media-json-jackson-2.27.jar:/home/user/.m2/repository/org/glassfish/jersey/ext/jersey-entity-filtering/2.27/jersey-entity-filtering-2.27.jar:/home/user/.m2/repository/com/google/inject/extensions/guice-assistedinject/4.0/guice-assistedinject-4.0.jar:/home/user/.m2/repository/org/jooq/jooq/3.11.10/jooq-3.11.10.jar:/home/user/.m2/repository/org/jooq/jooq-meta/3.11.10/jooq-meta-3.11.10.jar:/home/user/.m2/repository/org/jooq/jooq-codegen/3.11.10/jooq-codegen-3.11.10.jar:/home/user/.m2/repository/com/jolbox/bonecp/0.8.0.RELEASE/bonecp-0.8.0.RELEASE.jar:/home/user/.m2/repository/org/xerial/sqlite-jdbc/3.25.2/sqlite-jdbc-3.25.2.jar:/home/user/.m2/repository/org/springframework/spring-jdbc/5.1.3.RELEASE/spring-jdbc-5.1.3.RELEASE.jar:/home/user/.m2/repository/org/springframework/spring-beans/5.1.3.RELEASE/spring-beans-5.1.3.RELEASE.jar:/home/user/.m2/repository/org/springframework/spring-core/5.1.3.RELEASE/spring-core-5.1.3.RELEASE.jar:/home/user/.m2/repository/org/springframework/spring-jcl/5.1.3.RELEASE/spring-jcl-5.1.3.RELEASE.jar:/home/user/.m2/repository/org/springframework/spring-tx/5.1.3.RELEASE/spring-tx-5.1.3.RELEASE.jar:/home/user/.m2/repository/org/apache/hadoop/hadoop-ozone-client/0.5.0-SNAPSHOT/hadoop-ozone-client-0.5.0-SNAPSHOT.jar:/home/user/.m2/repository/commons-lang/commons-lang/2.6/commons-lang-2.6.jar:/home/user/.m2/repository/org/apache/hadoop/hadoop-ozone-ozone-manager/0.5.0-SNAPSHOT/hadoop-ozone-ozone-manager-0.5.0-SNAPSHOT-tests.jar:/home/user/.m2/repository/junit/junit/4.11/junit-4.11.jar:/home/user/.m2/repository/org/hamcrest/hamcrest-core/1.3/hamcrest-core-1.3.jar:/home/user/.m2/repository/org/openjdk/jmh/jmh-core/1.19/jmh-core-1.19.jar:/home/user/.m2/repository/net/sf/jopt-simple/jopt-simple/4.6/jopt-simple-4.6.jar:/home/user/.m2/repository/org/apache/commons/commons-math3/3.1.1/commons-math3-3.1.1.jar:/home/user/.m2/repository/org/openjdk/jmh/jmh-generator-annprocess/1.19/jmh-generator-annprocess-1.19.jar:/home/user/.m2/repository/org/mockito/mockito-all/1.8.5/mockito-all-1.8.5.jar:/home/user/.m2/repository/org/apache/hadoop/hadoop-kms/3.2.0/hadoop-kms-3.2.0.jar:/home/user/.m2/repository/org/apache/hadoop/hadoop-auth/3.2.0/hadoop-auth-3.2.0.jar:/home/user/.m2/repository/com/nimbusds/nimbus-jose-jwt/4.41.1/nimbus-jose-jwt-4.41.1.jar:/home/user/.m2/repository/com/github/stephenc/jcip/jcip-annotations/1.0-1/jcip-annotations-1.0-1.jar:/home/user/.m2/repository/net/minidev/json-smart/2.3/json-smart-2.3.jar:/home/user/.m2/repository/net/minidev/accessors-smart/1.2/accessors-smart-1.2.jar:/home/user/.m2/repository/org/ow2/asm/asm/5.0.4/asm-5.0.4.jar:/home/user/.m2/repository/org/apache/curator/curator-framework/2.12.0/curator-framework-2.12.0.jar:/home/user/.m2/repository/com/sun/jersey/jersey-core/1.19/jersey-core-1.19.jar:/home/user/.m2/repository/javax/ws/rs/jsr311-api/1.1.1/jsr311-api-1.1.1.jar:/home/user/.m2/repository/com/sun/jersey/jersey-server/1.19/jersey-server-1.19.jar:/home/user/.m2/repository/javax/servlet/javax.servlet-api/3.1.0/javax.servlet-api-3.1.0.jar:/home/user/.m2/repository/org/eclipse/jetty/jetty-server/9.3.24.v20180605/jetty-server-9.3.24.v20180605.jar:/home/user/.m2/repository/org/eclipse/jetty/jetty-http/9.3.24.v20180605/jetty-http-9.3.24.v20180605.jar:/home/user/.m2/repository/org/eclipse/jetty/jetty-io/9.3.24.v20180605/jetty-io-9.3.24.v20180605.jar:/home/user/.m2/repository/org/eclipse/jetty/jetty-webapp/9.3.24.v20180605/jetty-webapp-9.3.24.v20180605.jar:/home/user/.m2/repository/org/eclipse/jetty/jetty-xml/9.3.24.v20180605/jetty-xml-9.3.24.v20180605.jar:/home/user/.m2/repository/log4j/log4j/1.2.17/log4j-1.2.17.jar:/home/user/.m2/repository/org/slf4j/slf4j-api/1.7.25/slf4j-api-1.7.25.jar:/home/user/.m2/repository/org/slf4j/jul-to-slf4j/1.7.25/jul-to-slf4j-1.7.25.jar:/home/user/.m2/repository/org/eclipse/jetty/jetty-util/9.3.24.v20180605/jetty-util-9.3.24.v20180605.jar:/home/user/.m2/repository/com/fasterxml/jackson/core/jackson-databind/2.9.5/jackson-databind-2.9.5.jar:/home/user/.m2/repository/org/apache/hadoop/hadoop-kms/3.2.0/hadoop-kms-3.2.0-tests.jar:/home/user/.m2/repository/org/apache/hadoop/hadoop-hdds-server-scm/0.5.0-SNAPSHOT/hadoop-hdds-server-scm-0.5.0-SNAPSHOT-tests.jar:/home/user/.m2/repository/org/apache/hadoop/hadoop-hdds-container-service/0.5.0-SNAPSHOT/hadoop-hdds-container-service-0.5.0-SNAPSHOT-tests.jar:/home/user/.m2/repository/org/yaml/snakeyaml/1.16/snakeyaml-1.16.jar:/home/user/.m2/repository/org/apache/hadoop/hadoop-common/3.2.0/hadoop-common-3.2.0-tests.jar:/home/user/.m2/repository/org/apache/hadoop/hadoop-annotations/3.2.0/hadoop-annotations-3.2.0.jar:/usr/lib/jvm/java-1.8-openjdk/jre/../lib/tools.jar:/home/user/.m2/repository/commons-cli/commons-cli/1.2/commons-cli-1.2.jar:/home/user/.m2/repository/org/apache/httpcomponents/httpclient/4.5.2/httpclient-4.5.2.jar:/home/user/.m2/repository/org/apache/httpcomponents/httpcore/4.4.4/httpcore-4.4.4.jar:/home/user/.m2/repository/commons-codec/commons-codec/1.11/commons-codec-1.11.jar:/home/user/.m2/repository/commons-net/commons-net/3.6/commons-net-3.6.jar:/home/user/.m2/repository/commons-collections/commons-collections/3.2.2/commons-collections-3.2.2.jar:/home/user/.m2/repository/org/eclipse/jetty/jetty-servlet/9.3.24.v20180605/jetty-servlet-9.3.24.v20180605.jar:/home/user/.m2/repository/org/eclipse/jetty/jetty-security/9.3.24.v20180605/jetty-security-9.3.24.v20180605.jar:/home/user/.m2/repository/javax/servlet/jsp/jsp-api/2.1/jsp-api-2.1.jar:/home/user/.m2/repository/com/sun/jersey/jersey-servlet/1.19/jersey-servlet-1.19.jar:/home/user/.m2/repository/com/sun/jersey/jersey-json/1.19/jersey-json-1.19.jar:/home/user/.m2/repository/org/codehaus/jettison/jettison/1.1/jettison-1.1.jar:/home/user/.m2/repository/org/codehaus/jackson/jackson-core-asl/1.9.13/jackson-core-asl-1.9.13.jar:/home/user/.m2/repository/org/codehaus/jackson/jackson-mapper-asl/1.9.13/jackson-mapper-asl-1.9.13.jar:/home/user/.m2/repository/org/codehaus/jackson/jackson-jaxrs/1.9.13/jackson-jaxrs-1.9.13.jar:/home/user/.m2/repository/org/codehaus/jackson/jackson-xc/1.9.13/jackson-xc-1.9.13.jar:/home/user/.m2/repository/commons-logging/commons-logging/1.1.3/commons-logging-1.1.3.jar:/home/user/.m2/repository/commons-beanutils/commons-beanutils/1.9.3/commons-beanutils-1.9.3.jar:/home/user/.m2/repository/org/apache/commons/commons-configuration2/2.1.1/commons-configuration2-2.1.1.jar:/home/user/.m2/repository/org/apache/commons/commons-lang3/3.7/commons-lang3-3.7.jar:/home/user/.m2/repository/org/apache/commons/commons-text/1.4/commons-text-1.4.jar:/home/user/.m2/repository/org/apache/avro/avro/1.7.7/avro-1.7.7.jar:/home/user/.m2/repository/com/thoughtworks/paranamer/paranamer/2.3/paranamer-2.3.jar:/home/user/.m2/repository/org/xerial/snappy/snappy-java/1.0.5/snappy-java-1.0.5.jar:/home/user/.m2/repository/com/google/re2j/re2j/1.1/re2j-1.1.jar:/home/user/.m2/repository/com/google/code/gson/gson/2.2.4/gson-2.2.4.jar:/home/user/.m2/repository/com/jcraft/jsch/0.1.54/jsch-0.1.54.jar:/home/user/.m2/repository/org/apache/curator/curator-client/2.12.0/curator-client-2.12.0.jar:/home/user/.m2/repository/org/apache/curator/curator-recipes/2.12.0/curator-recipes-2.12.0.jar:/home/user/.m2/repository/com/google/code/findbugs/jsr305/3.0.0/jsr305-3.0.0.jar:/home/user/.m2/repository/org/apache/htrace/htrace-core4/4.1.0-incubating/htrace-core4-4.1.0-incubating.jar:/home/user/.m2/repository/org/apache/zookeeper/zookeeper/3.4.13/zookeeper-3.4.13.jar:/home/user/.m2/repository/org/apache/yetus/audience-annotations/0.5.0/audience-annotations-0.5.0.jar:/home/user/.m2/repository/org/codehaus/woodstox/stax2-api/3.1.4/stax2-api-3.1.4.jar:/home/user/.m2/repository/com/fasterxml/woodstox/woodstox-core/5.0.3/woodstox-core-5.0.3.jar:/home/user/.m2/repository/dnsjava/dnsjava/2.1.7/dnsjava-2.1.7.jar:/home/user/.m2/repository/org/apache/hadoop/hadoop-hdfs/3.2.0/hadoop-hdfs-3.2.0-tests.jar:/home/user/.m2/repository/org/eclipse/jetty/jetty-util-ajax/9.3.24.v20180605/jetty-util-ajax-9.3.24.v20180605.jar:/home/user/.m2/repository/commons-daemon/commons-daemon/1.0.13/commons-daemon-1.0.13.jar:/home/user/.m2/repository/io/netty/netty/3.10.5.Final/netty-3.10.5.Final.jar:/home/user/.m2/repository/io/netty/netty-all/4.0.52.Final/netty-all-4.0.52.Final.jar:/home/user/.m2/repository/org/fusesource/leveldbjni/leveldbjni-all/1.8/leveldbjni-all-1.8.jar:"/>
    <property name="java.vm.vendor" value="IcedTea"/>
    <property name="sun.arch.data.model" value="64"/>
    <property name="test.build.dir" value="/workdir/hadoop-ozone/integration-test/target/test-dir"/>
    <property name="test.cache.data" value=""/>
    <property name="java.vendor.url" value="https://icedtea.classpath.org"/>
    <property name="user.timezone" value=""/>
    <property name="java.vm.specification.version" value="1.8"/>
    <property name="os.name" value="Linux"/>
    <property name="test.build.data" value="/workdir/hadoop-ozone/integration-test/target/test-dir"/>
    <property name="user.country" value="US"/>
    <property name="sun.java.launcher" value="SUN_STANDARD"/>
    <property name="sun.boot.library.path" value="/usr/lib/jvm/java-1.8-openjdk/jre/lib/amd64"/>
    <property name="sun.java.command" value="/workdir/hadoop-ozone/integration-test/target/surefire/surefirebooter3412502769399444535.jar /workdir/hadoop-ozone/integration-test/target/surefire 2019-08-22T20-16-18_456-jvmRun1 surefire6143518111439803703tmp surefire_464283722521153776229tmp"/>
    <property name="test" value="!TestMiniChaosOzoneCluster"/>
    <property name="surefire.test.class.path" value="/workdir/hadoop-ozone/integration-test/target/test-classes:/workdir/hadoop-ozone/integration-test/target/classes:/home/user/.m2/repository/org/apache/hadoop/hadoop-ozone-common/0.5.0-SNAPSHOT/hadoop-ozone-common-0.5.0-SNAPSHOT.jar:/home/user/.m2/repository/org/apache/commons/commons-compress/1.4.1/commons-compress-1.4.1.jar:/home/user/.m2/repository/org/tukaani/xz/1.0/xz-1.0.jar:/home/user/.m2/repository/org/apache/hadoop/hadoop-common/3.2.0/hadoop-common-3.2.0.jar:/home/user/.m2/repository/org/apache/hadoop/hadoop-hdfs/3.2.0/hadoop-hdfs-3.2.0.jar:/home/user/.m2/repository/org/apache/hadoop/hadoop-hdfs-client/3.2.0/hadoop-hdfs-client-3.2.0.jar:/home/user/.m2/repository/com/fasterxml/jackson/core/jackson-annotations/2.9.5/jackson-annotations-2.9.5.jar:/home/user/.m2/repository/org/apache/hadoop/hadoop-hdds-common/0.5.0-SNAPSHOT/hadoop-hdds-common-0.5.0-SNAPSHOT.jar:/home/user/.m2/repository/javax/annotation/javax.annotation-api/1.2/javax.annotation-api-1.2.jar:/home/user/.m2/repository/org/apache/ratis/ratis-server/0.4.0-2337318-SNAPSHOT/ratis-server-0.4.0-2337318-SNAPSHOT.jar:/home/user/.m2/repository/org/apache/ratis/ratis-thirdparty-misc/0.2.0/ratis-thirdparty-misc-0.2.0.jar:/home/user/.m2/repository/org/apache/ratis/ratis-proto/0.4.0-2337318-SNAPSHOT/ratis-proto-0.4.0-2337318-SNAPSHOT.jar:/home/user/.m2/repository/org/apache/ratis/ratis-common/0.4.0-2337318-SNAPSHOT/ratis-common-0.4.0-2337318-SNAPSHOT.jar:/home/user/.m2/repository/org/apache/ratis/ratis-client/0.4.0-2337318-SNAPSHOT/ratis-client-0.4.0-2337318-SNAPSHOT.jar:/home/user/.m2/repository/org/apache/ratis/ratis-metrics/0.4.0-2337318-SNAPSHOT/ratis-metrics-0.4.0-2337318-SNAPSHOT.jar:/home/user/.m2/repository/org/apache/ratis/ratis-netty/0.4.0-2337318-SNAPSHOT/ratis-netty-0.4.0-2337318-SNAPSHOT.jar:/home/user/.m2/repository/org/apache/ratis/ratis-grpc/0.4.0-2337318-SNAPSHOT/ratis-grpc-0.4.0-2337318-SNAPSHOT.jar:/home/user/.m2/repository/org/rocksdb/rocksdbjni/6.0.1/rocksdbjni-6.0.1.jar:/home/user/.m2/repository/org/apache/logging/log4j/log4j-api/2.11.0/log4j-api-2.11.0.jar:/home/user/.m2/repository/org/apache/logging/log4j/log4j-core/2.11.0/log4j-core-2.11.0.jar:/home/user/.m2/repository/com/lmax/disruptor/3.4.2/disruptor-3.4.2.jar:/home/user/.m2/repository/org/apache/commons/commons-pool2/2.6.0/commons-pool2-2.6.0.jar:/home/user/.m2/repository/org/bouncycastle/bcpkix-jdk15on/1.60/bcpkix-jdk15on-1.60.jar:/home/user/.m2/repository/commons-validator/commons-validator/1.6/commons-validator-1.6.jar:/home/user/.m2/repository/commons-digester/commons-digester/1.8.1/commons-digester-1.8.1.jar:/home/user/.m2/repository/io/jaegertracing/jaeger-client/0.33.1/jaeger-client-0.33.1.jar:/home/user/.m2/repository/io/jaegertracing/jaeger-thrift/0.33.1/jaeger-thrift-0.33.1.jar:/home/user/.m2/repository/org/apache/thrift/libthrift/0.11.0/libthrift-0.11.0.jar:/home/user/.m2/repository/com/squareup/okhttp3/okhttp/3.9.0/okhttp-3.9.0.jar:/home/user/.m2/repository/com/squareup/okio/okio/1.13.0/okio-1.13.0.jar:/home/user/.m2/repository/io/jaegertracing/jaeger-core/0.33.1/jaeger-core-0.33.1.jar:/home/user/.m2/repository/io/jaegertracing/jaeger-tracerresolver/0.33.1/jaeger-tracerresolver-0.33.1.jar:/home/user/.m2/repository/io/opentracing/contrib/opentracing-tracerresolver/0.1.5/opentracing-tracerresolver-0.1.5.jar:/home/user/.m2/repository/io/opentracing/opentracing-util/0.31.0/opentracing-util-0.31.0.jar:/home/user/.m2/repository/io/opentracing/opentracing-api/0.31.0/opentracing-api-0.31.0.jar:/home/user/.m2/repository/io/opentracing/opentracing-noop/0.31.0/opentracing-noop-0.31.0.jar:/home/user/.m2/repository/org/apache/hadoop/hadoop-hdds-server-framework/0.5.0-SNAPSHOT/hadoop-hdds-server-framework-0.5.0-SNAPSHOT.jar:/home/user/.m2/repository/org/apache/hadoop/hadoop-hdds-container-service/0.5.0-SNAPSHOT/hadoop-hdds-container-service-0.5.0-SNAPSHOT.jar:/home/user/.m2/repository/org/apache/hadoop/hadoop-hdds-client/0.5.0-SNAPSHOT/hadoop-hdds-client-0.5.0-SNAPSHOT.jar:/home/user/.m2/repository/org/apache/hadoop/hadoop-hdds-tools/0.5.0-SNAPSHOT/hadoop-hdds-tools-0.5.0-SNAPSHOT.jar:/home/user/.m2/repository/org/apache/hadoop/hadoop-hdds-server-scm/0.5.0-SNAPSHOT/hadoop-hdds-server-scm-0.5.0-SNAPSHOT.jar:/home/user/.m2/repository/org/apache/hadoop/hadoop-hdds-docs/0.5.0-SNAPSHOT/hadoop-hdds-docs-0.5.0-SNAPSHOT.jar:/home/user/.m2/repository/io/dropwizard/metrics/metrics-core/3.2.4/metrics-core-3.2.4.jar:/home/user/.m2/repository/org/hamcrest/hamcrest-all/1.3/hamcrest-all-1.3.jar:/home/user/.m2/repository/org/bouncycastle/bcprov-jdk15on/1.60/bcprov-jdk15on-1.60.jar:/home/user/.m2/repository/info/picocli/picocli/3.9.6/picocli-3.9.6.jar:/home/user/.m2/repository/com/google/protobuf/protobuf-java/2.5.0/protobuf-java-2.5.0.jar:/home/user/.m2/repository/com/google/guava/guava/11.0.2/guava-11.0.2.jar:/home/user/.m2/repository/org/apache/hadoop/hadoop-ozone-ozone-manager/0.5.0-SNAPSHOT/hadoop-ozone-ozone-manager-0.5.0-SNAPSHOT.jar:/home/user/.m2/repository/org/apache/hadoop/hadoop-minikdc/3.2.0/hadoop-minikdc-3.2.0.jar:/home/user/.m2/repository/commons-io/commons-io/2.5/commons-io-2.5.jar:/home/user/.m2/repository/org/apache/kerby/kerb-simplekdc/1.0.1/kerb-simplekdc-1.0.1.jar:/home/user/.m2/repository/org/apache/kerby/kerb-client/1.0.1/kerb-client-1.0.1.jar:/home/user/.m2/repository/org/apache/kerby/kerby-config/1.0.1/kerby-config-1.0.1.jar:/home/user/.m2/repository/org/apache/kerby/kerb-core/1.0.1/kerb-core-1.0.1.jar:/home/user/.m2/repository/org/apache/kerby/kerby-pkix/1.0.1/kerby-pkix-1.0.1.jar:/home/user/.m2/repository/org/apache/kerby/kerby-asn1/1.0.1/kerby-asn1-1.0.1.jar:/home/user/.m2/repository/org/apache/kerby/kerby-util/1.0.1/kerby-util-1.0.1.jar:/home/user/.m2/repository/org/apache/kerby/kerb-common/1.0.1/kerb-common-1.0.1.jar:/home/user/.m2/repository/org/apache/kerby/kerb-crypto/1.0.1/kerb-crypto-1.0.1.jar:/home/user/.m2/repository/org/apache/kerby/kerb-util/1.0.1/kerb-util-1.0.1.jar:/home/user/.m2/repository/org/apache/kerby/token-provider/1.0.1/token-provider-1.0.1.jar:/home/user/.m2/repository/org/apache/kerby/kerb-admin/1.0.1/kerb-admin-1.0.1.jar:/home/user/.m2/repository/org/apache/kerby/kerb-server/1.0.1/kerb-server-1.0.1.jar:/home/user/.m2/repository/org/apache/kerby/kerb-identity/1.0.1/kerb-identity-1.0.1.jar:/home/user/.m2/repository/org/apache/kerby/kerby-xdr/1.0.1/kerby-xdr-1.0.1.jar:/home/user/.m2/repository/org/slf4j/slf4j-log4j12/1.7.25/slf4j-log4j12-1.7.25.jar:/home/user/.m2/repository/org/apache/hadoop/hadoop-ozone-objectstore-service/0.5.0-SNAPSHOT/hadoop-ozone-objectstore-service-0.5.0-SNAPSHOT.jar:/home/user/.m2/repository/org/apache/hadoop/hadoop-ozone-s3gateway/0.5.0-SNAPSHOT/hadoop-ozone-s3gateway-0.5.0-SNAPSHOT.jar:/home/user/.m2/repository/org/jboss/weld/servlet/weld-servlet/2.4.7.Final/weld-servlet-2.4.7.Final.jar:/home/user/.m2/repository/org/glassfish/jersey/containers/jersey-container-servlet-core/2.27/jersey-container-servlet-core-2.27.jar:/home/user/.m2/repository/org/glassfish/hk2/external/javax.inject/2.5.0-b42/javax.inject-2.5.0-b42.jar:/home/user/.m2/repository/org/glassfish/jersey/core/jersey-common/2.27/jersey-common-2.27.jar:/home/user/.m2/repository/org/glassfish/hk2/osgi-resource-locator/1.0.1/osgi-resource-locator-1.0.1.jar:/home/user/.m2/repository/javax/ws/rs/javax.ws.rs-api/2.1/javax.ws.rs-api-2.1.jar:/home/user/.m2/repository/org/glassfish/jersey/ext/cdi/jersey-cdi1x/2.27/jersey-cdi1x-2.27.jar:/home/user/.m2/repository/org/glassfish/jersey/inject/jersey-hk2/2.27/jersey-hk2-2.27.jar:/home/user/.m2/repository/org/glassfish/hk2/hk2-locator/2.5.0-b42/hk2-locator-2.5.0-b42.jar:/home/user/.m2/repository/org/javassist/javassist/3.22.0-CR2/javassist-3.22.0-CR2.jar:/home/user/.m2/repository/org/glassfish/hk2/hk2-api/2.5.0/hk2-api-2.5.0.jar:/home/user/.m2/repository/org/glassfish/hk2/external/jakarta.inject/2.5.0/jakarta.inject-2.5.0.jar:/home/user/.m2/repository/org/glassfish/hk2/hk2-utils/2.5.0/hk2-utils-2.5.0.jar:/home/user/.m2/repository/jakarta/annotation/jakarta.annotation-api/1.3.4/jakarta.annotation-api-1.3.4.jar:/home/user/.m2/repository/org/glassfish/hk2/external/aopalliance-repackaged/2.5.0/aopalliance-repackaged-2.5.0.jar:/home/user/.m2/repository/com/fasterxml/jackson/dataformat/jackson-dataformat-xml/2.9.0/jackson-dataformat-xml-2.9.0.jar:/home/user/.m2/repository/com/fasterxml/jackson/core/jackson-core/2.9.5/jackson-core-2.9.5.jar:/home/user/.m2/repository/com/fasterxml/jackson/module/jackson-module-jaxb-annotations/2.9.5/jackson-module-jaxb-annotations-2.9.5.jar:/home/user/.m2/repository/javax/enterprise/cdi-api/1.2/cdi-api-1.2.jar:/home/user/.m2/repository/javax/el/javax.el-api/3.0.0/javax.el-api-3.0.0.jar:/home/user/.m2/repository/javax/interceptor/javax.interceptor-api/1.2/javax.interceptor-api-1.2.jar:/home/user/.m2/repository/javax/inject/javax.inject/1/javax.inject-1.jar:/home/user/.m2/repository/com/sun/xml/bind/jaxb-impl/2.3.0.1/jaxb-impl-2.3.0.1.jar:/home/user/.m2/repository/com/sun/xml/bind/jaxb-core/2.3.0.1/jaxb-core-2.3.0.1.jar:/home/user/.m2/repository/javax/xml/bind/jaxb-api/2.3.0/jaxb-api-2.3.0.jar:/home/user/.m2/repository/javax/activation/activation/1.1.1/activation-1.1.1.jar:/home/user/.m2/repository/org/apache/hadoop/hadoop-ozone-csi/0.5.0-SNAPSHOT/hadoop-ozone-csi-0.5.0-SNAPSHOT.jar:/home/user/.m2/repository/com/google/protobuf/protobuf-java-util/3.5.1/protobuf-java-util-3.5.1.jar:/home/user/.m2/repository/org/apache/hadoop/hadoop-hdds-config/0.5.0-SNAPSHOT/hadoop-hdds-config-0.5.0-SNAPSHOT.jar:/home/user/.m2/repository/io/grpc/grpc-netty/1.17.1/grpc-netty-1.17.1.jar:/home/user/.m2/repository/io/grpc/grpc-core/1.17.1/grpc-core-1.17.1.jar:/home/user/.m2/repository/io/grpc/grpc-context/1.17.1/grpc-context-1.17.1.jar:/home/user/.m2/repository/com/google/errorprone/error_prone_annotations/2.2.0/error_prone_annotations-2.2.0.jar:/home/user/.m2/repository/org/codehaus/mojo/animal-sniffer-annotations/1.17/animal-sniffer-annotations-1.17.jar:/home/user/.m2/repository/io/opencensus/opencensus-api/0.17.0/opencensus-api-0.17.0.jar:/home/user/.m2/repository/io/opencensus/opencensus-contrib-grpc-metrics/0.17.0/opencensus-contrib-grpc-metrics-0.17.0.jar:/home/user/.m2/repository/io/netty/netty-codec-http2/4.1.30.Final/netty-codec-http2-4.1.30.Final.jar:/home/user/.m2/repository/io/netty/netty-codec-http/4.1.30.Final/netty-codec-http-4.1.30.Final.jar:/home/user/.m2/repository/io/netty/netty-codec/4.1.30.Final/netty-codec-4.1.30.Final.jar:/home/user/.m2/repository/io/netty/netty-handler/4.1.30.Final/netty-handler-4.1.30.Final.jar:/home/user/.m2/repository/io/netty/netty-handler-proxy/4.1.30.Final/netty-handler-proxy-4.1.30.Final.jar:/home/user/.m2/repository/io/netty/netty-codec-socks/4.1.30.Final/netty-codec-socks-4.1.30.Final.jar:/home/user/.m2/repository/io/netty/netty-transport-native-epoll/4.1.30.Final/netty-transport-native-epoll-4.1.30.Final.jar:/home/user/.m2/repository/io/netty/netty-common/4.1.30.Final/netty-common-4.1.30.Final.jar:/home/user/.m2/repository/io/netty/netty-buffer/4.1.30.Final/netty-buffer-4.1.30.Final.jar:/home/user/.m2/repository/io/netty/netty-transport/4.1.30.Final/netty-transport-4.1.30.Final.jar:/home/user/.m2/repository/io/netty/netty-resolver/4.1.30.Final/netty-resolver-4.1.30.Final.jar:/home/user/.m2/repository/io/netty/netty-transport-native-unix-common/4.1.30.Final/netty-transport-native-unix-common-4.1.30.Final.jar:/home/user/.m2/repository/io/grpc/grpc-protobuf/1.17.1/grpc-protobuf-1.17.1.jar:/home/user/.m2/repository/com/google/api/grpc/proto-google-common-protos/1.0.0/proto-google-common-protos-1.0.0.jar:/home/user/.m2/repository/io/grpc/grpc-protobuf-lite/1.17.1/grpc-protobuf-lite-1.17.1.jar:/home/user/.m2/repository/io/grpc/grpc-stub/1.17.1/grpc-stub-1.17.1.jar:/home/user/.m2/repository/org/apache/hadoop/hadoop-ozone-recon/0.5.0-SNAPSHOT/hadoop-ozone-recon-0.5.0-SNAPSHOT.jar:/home/user/.m2/repository/org/apache/hadoop/hadoop-ozone-reconcodegen/0.5.0-SNAPSHOT/hadoop-ozone-reconcodegen-0.5.0-SNAPSHOT.jar:/home/user/.m2/repository/com/google/inject/extensions/guice-multibindings/4.0/guice-multibindings-4.0.jar:/home/user/.m2/repository/com/google/inject/guice/4.0/guice-4.0.jar:/home/user/.m2/repository/aopalliance/aopalliance/1.0/aopalliance-1.0.jar:/home/user/.m2/repository/com/google/inject/extensions/guice-servlet/4.0/guice-servlet-4.0.jar:/home/user/.m2/repository/org/glassfish/jersey/containers/jersey-container-servlet/2.27/jersey-container-servlet-2.27.jar:/home/user/.m2/repository/org/glassfish/hk2/guice-bridge/2.5.0/guice-bridge-2.5.0.jar:/home/user/.m2/repository/org/glassfish/jersey/core/jersey-server/2.27/jersey-server-2.27.jar:/home/user/.m2/repository/org/glassfish/jersey/core/jersey-client/2.27/jersey-client-2.27.jar:/home/user/.m2/repository/org/glassfish/jersey/media/jersey-media-jaxb/2.27/jersey-media-jaxb-2.27.jar:/home/user/.m2/repository/javax/validation/validation-api/1.1.0.Final/validation-api-1.1.0.Final.jar:/home/user/.m2/repository/org/glassfish/jersey/media/jersey-media-json-jackson/2.27/jersey-media-json-jackson-2.27.jar:/home/user/.m2/repository/org/glassfish/jersey/ext/jersey-entity-filtering/2.27/jersey-entity-filtering-2.27.jar:/home/user/.m2/repository/com/google/inject/extensions/guice-assistedinject/4.0/guice-assistedinject-4.0.jar:/home/user/.m2/repository/org/jooq/jooq/3.11.10/jooq-3.11.10.jar:/home/user/.m2/repository/org/jooq/jooq-meta/3.11.10/jooq-meta-3.11.10.jar:/home/user/.m2/repository/org/jooq/jooq-codegen/3.11.10/jooq-codegen-3.11.10.jar:/home/user/.m2/repository/com/jolbox/bonecp/0.8.0.RELEASE/bonecp-0.8.0.RELEASE.jar:/home/user/.m2/repository/org/xerial/sqlite-jdbc/3.25.2/sqlite-jdbc-3.25.2.jar:/home/user/.m2/repository/org/springframework/spring-jdbc/5.1.3.RELEASE/spring-jdbc-5.1.3.RELEASE.jar:/home/user/.m2/repository/org/springframework/spring-beans/5.1.3.RELEASE/spring-beans-5.1.3.RELEASE.jar:/home/user/.m2/repository/org/springframework/spring-core/5.1.3.RELEASE/spring-core-5.1.3.RELEASE.jar:/home/user/.m2/repository/org/springframework/spring-jcl/5.1.3.RELEASE/spring-jcl-5.1.3.RELEASE.jar:/home/user/.m2/repository/org/springframework/spring-tx/5.1.3.RELEASE/spring-tx-5.1.3.RELEASE.jar:/home/user/.m2/repository/org/apache/hadoop/hadoop-ozone-client/0.5.0-SNAPSHOT/hadoop-ozone-client-0.5.0-SNAPSHOT.jar:/home/user/.m2/repository/commons-lang/commons-lang/2.6/commons-lang-2.6.jar:/home/user/.m2/repository/org/apache/hadoop/hadoop-ozone-ozone-manager/0.5.0-SNAPSHOT/hadoop-ozone-ozone-manager-0.5.0-SNAPSHOT-tests.jar:/home/user/.m2/repository/junit/junit/4.11/junit-4.11.jar:/home/user/.m2/repository/org/hamcrest/hamcrest-core/1.3/hamcrest-core-1.3.jar:/home/user/.m2/repository/org/openjdk/jmh/jmh-core/1.19/jmh-core-1.19.jar:/home/user/.m2/repository/net/sf/jopt-simple/jopt-simple/4.6/jopt-simple-4.6.jar:/home/user/.m2/repository/org/apache/commons/commons-math3/3.1.1/commons-math3-3.1.1.jar:/home/user/.m2/repository/org/openjdk/jmh/jmh-generator-annprocess/1.19/jmh-generator-annprocess-1.19.jar:/home/user/.m2/repository/org/mockito/mockito-all/1.8.5/mockito-all-1.8.5.jar:/home/user/.m2/repository/org/apache/hadoop/hadoop-kms/3.2.0/hadoop-kms-3.2.0.jar:/home/user/.m2/repository/org/apache/hadoop/hadoop-auth/3.2.0/hadoop-auth-3.2.0.jar:/home/user/.m2/repository/com/nimbusds/nimbus-jose-jwt/4.41.1/nimbus-jose-jwt-4.41.1.jar:/home/user/.m2/repository/com/github/stephenc/jcip/jcip-annotations/1.0-1/jcip-annotations-1.0-1.jar:/home/user/.m2/repository/net/minidev/json-smart/2.3/json-smart-2.3.jar:/home/user/.m2/repository/net/minidev/accessors-smart/1.2/accessors-smart-1.2.jar:/home/user/.m2/repository/org/ow2/asm/asm/5.0.4/asm-5.0.4.jar:/home/user/.m2/repository/org/apache/curator/curator-framework/2.12.0/curator-framework-2.12.0.jar:/home/user/.m2/repository/com/sun/jersey/jersey-core/1.19/jersey-core-1.19.jar:/home/user/.m2/repository/javax/ws/rs/jsr311-api/1.1.1/jsr311-api-1.1.1.jar:/home/user/.m2/repository/com/sun/jersey/jersey-server/1.19/jersey-server-1.19.jar:/home/user/.m2/repository/javax/servlet/javax.servlet-api/3.1.0/javax.servlet-api-3.1.0.jar:/home/user/.m2/repository/org/eclipse/jetty/jetty-server/9.3.24.v20180605/jetty-server-9.3.24.v20180605.jar:/home/user/.m2/repository/org/eclipse/jetty/jetty-http/9.3.24.v20180605/jetty-http-9.3.24.v20180605.jar:/home/user/.m2/repository/org/eclipse/jetty/jetty-io/9.3.24.v20180605/jetty-io-9.3.24.v20180605.jar:/home/user/.m2/repository/org/eclipse/jetty/jetty-webapp/9.3.24.v20180605/jetty-webapp-9.3.24.v20180605.jar:/home/user/.m2/repository/org/eclipse/jetty/jetty-xml/9.3.24.v20180605/jetty-xml-9.3.24.v20180605.jar:/home/user/.m2/repository/log4j/log4j/1.2.17/log4j-1.2.17.jar:/home/user/.m2/repository/org/slf4j/slf4j-api/1.7.25/slf4j-api-1.7.25.jar:/home/user/.m2/repository/org/slf4j/jul-to-slf4j/1.7.25/jul-to-slf4j-1.7.25.jar:/home/user/.m2/repository/org/eclipse/jetty/jetty-util/9.3.24.v20180605/jetty-util-9.3.24.v20180605.jar:/home/user/.m2/repository/com/fasterxml/jackson/core/jackson-databind/2.9.5/jackson-databind-2.9.5.jar:/home/user/.m2/repository/org/apache/hadoop/hadoop-kms/3.2.0/hadoop-kms-3.2.0-tests.jar:/home/user/.m2/repository/org/apache/hadoop/hadoop-hdds-server-scm/0.5.0-SNAPSHOT/hadoop-hdds-server-scm-0.5.0-SNAPSHOT-tests.jar:/home/user/.m2/repository/org/apache/hadoop/hadoop-hdds-container-service/0.5.0-SNAPSHOT/hadoop-hdds-container-service-0.5.0-SNAPSHOT-tests.jar:/home/user/.m2/repository/org/yaml/snakeyaml/1.16/snakeyaml-1.16.jar:/home/user/.m2/repository/org/apache/hadoop/hadoop-common/3.2.0/hadoop-common-3.2.0-tests.jar:/home/user/.m2/repository/org/apache/hadoop/hadoop-annotations/3.2.0/hadoop-annotations-3.2.0.jar:/usr/lib/jvm/java-1.8-openjdk/jre/../lib/tools.jar:/home/user/.m2/repository/commons-cli/commons-cli/1.2/commons-cli-1.2.jar:/home/user/.m2/repository/org/apache/httpcomponents/httpclient/4.5.2/httpclient-4.5.2.jar:/home/user/.m2/repository/org/apache/httpcomponents/httpcore/4.4.4/httpcore-4.4.4.jar:/home/user/.m2/repository/commons-codec/commons-codec/1.11/commons-codec-1.11.jar:/home/user/.m2/repository/commons-net/commons-net/3.6/commons-net-3.6.jar:/home/user/.m2/repository/commons-collections/commons-collections/3.2.2/commons-collections-3.2.2.jar:/home/user/.m2/repository/org/eclipse/jetty/jetty-servlet/9.3.24.v20180605/jetty-servlet-9.3.24.v20180605.jar:/home/user/.m2/repository/org/eclipse/jetty/jetty-security/9.3.24.v20180605/jetty-security-9.3.24.v20180605.jar:/home/user/.m2/repository/javax/servlet/jsp/jsp-api/2.1/jsp-api-2.1.jar:/home/user/.m2/repository/com/sun/jersey/jersey-servlet/1.19/jersey-servlet-1.19.jar:/home/user/.m2/repository/com/sun/jersey/jersey-json/1.19/jersey-json-1.19.jar:/home/user/.m2/repository/org/codehaus/jettison/jettison/1.1/jettison-1.1.jar:/home/user/.m2/repository/org/codehaus/jackson/jackson-core-asl/1.9.13/jackson-core-asl-1.9.13.jar:/home/user/.m2/repository/org/codehaus/jackson/jackson-mapper-asl/1.9.13/jackson-mapper-asl-1.9.13.jar:/home/user/.m2/repository/org/codehaus/jackson/jackson-jaxrs/1.9.13/jackson-jaxrs-1.9.13.jar:/home/user/.m2/repository/org/codehaus/jackson/jackson-xc/1.9.13/jackson-xc-1.9.13.jar:/home/user/.m2/repository/commons-logging/commons-logging/1.1.3/commons-logging-1.1.3.jar:/home/user/.m2/repository/commons-beanutils/commons-beanutils/1.9.3/commons-beanutils-1.9.3.jar:/home/user/.m2/repository/org/apache/commons/commons-configuration2/2.1.1/commons-configuration2-2.1.1.jar:/home/user/.m2/repository/org/apache/commons/commons-lang3/3.7/commons-lang3-3.7.jar:/home/user/.m2/repository/org/apache/commons/commons-text/1.4/commons-text-1.4.jar:/home/user/.m2/repository/org/apache/avro/avro/1.7.7/avro-1.7.7.jar:/home/user/.m2/repository/com/thoughtworks/paranamer/paranamer/2.3/paranamer-2.3.jar:/home/user/.m2/repository/org/xerial/snappy/snappy-java/1.0.5/snappy-java-1.0.5.jar:/home/user/.m2/repository/com/google/re2j/re2j/1.1/re2j-1.1.jar:/home/user/.m2/repository/com/google/code/gson/gson/2.2.4/gson-2.2.4.jar:/home/user/.m2/repository/com/jcraft/jsch/0.1.54/jsch-0.1.54.jar:/home/user/.m2/repository/org/apache/curator/curator-client/2.12.0/curator-client-2.12.0.jar:/home/user/.m2/repository/org/apache/curator/curator-recipes/2.12.0/curator-recipes-2.12.0.jar:/home/user/.m2/repository/com/google/code/findbugs/jsr305/3.0.0/jsr305-3.0.0.jar:/home/user/.m2/repository/org/apache/htrace/htrace-core4/4.1.0-incubating/htrace-core4-4.1.0-incubating.jar:/home/user/.m2/repository/org/apache/zookeeper/zookeeper/3.4.13/zookeeper-3.4.13.jar:/home/user/.m2/repository/org/apache/yetus/audience-annotations/0.5.0/audience-annotations-0.5.0.jar:/home/user/.m2/repository/org/codehaus/woodstox/stax2-api/3.1.4/stax2-api-3.1.4.jar:/home/user/.m2/repository/com/fasterxml/woodstox/woodstox-core/5.0.3/woodstox-core-5.0.3.jar:/home/user/.m2/repository/dnsjava/dnsjava/2.1.7/dnsjava-2.1.7.jar:/home/user/.m2/repository/org/apache/hadoop/hadoop-hdfs/3.2.0/hadoop-hdfs-3.2.0-tests.jar:/home/user/.m2/repository/org/eclipse/jetty/jetty-util-ajax/9.3.24.v20180605/jetty-util-ajax-9.3.24.v20180605.jar:/home/user/.m2/repository/commons-daemon/commons-daemon/1.0.13/commons-daemon-1.0.13.jar:/home/user/.m2/repository/io/netty/netty/3.10.5.Final/netty-3.10.5.Final.jar:/home/user/.m2/repository/io/netty/netty-all/4.0.52.Final/netty-all-4.0.52.Final.jar:/home/user/.m2/repository/org/fusesource/leveldbjni/leveldbjni-all/1.8/leveldbjni-all-1.8.jar:"/>
    <property name="sun.cpu.endian" value="little"/>
    <property name="user.home" value="/home/user"/>
    <property name="user.language" value="en"/>
    <property name="java.specification.vendor" value="Oracle Corporation"/>
    <property name="java.home" value="/usr/lib/jvm/java-1.8-openjdk/jre"/>
    <property name="java.security.krb5.conf" value="/workdir/hadoop-ozone/integration-test/target/test-classes/krb5.conf"/>
    <property name="basedir" value="/workdir/hadoop-ozone/integration-test"/>
    <property name="file.separator" value="/"/>
    <property name="line.separator" value="&#10;"/>
    <property name="java.vm.specification.vendor" value="Oracle Corporation"/>
    <property name="java.specification.name" value="Java Platform API Specification"/>
    <property name="java.awt.graphicsenv" value="sun.awt.X11GraphicsEnvironment"/>
    <property name="surefire.real.class.path" value="/workdir/hadoop-ozone/integration-test/target/surefire/surefirebooter3412502769399444535.jar"/>
    <property name="hadoop.log.dir" value="/workdir/hadoop-ozone/integration-test/target/log"/>
    <property name="sun.boot.class.path" value="/usr/lib/jvm/java-1.8-openjdk/jre/lib/resources.jar:/usr/lib/jvm/java-1.8-openjdk/jre/lib/rt.jar:/usr/lib/jvm/java-1.8-openjdk/jre/lib/sunrsasign.jar:/usr/lib/jvm/java-1.8-openjdk/jre/lib/jsse.jar:/usr/lib/jvm/java-1.8-openjdk/jre/lib/jce.jar:/usr/lib/jvm/java-1.8-openjdk/jre/lib/charsets.jar:/usr/lib/jvm/java-1.8-openjdk/jre/lib/jfr.jar:/usr/lib/jvm/java-1.8-openjdk/jre/classes"/>
    <property name="sun.management.compiler" value="HotSpot 64-Bit Tiered Compilers"/>
    <property name="java.runtime.version" value="1.8.0_212-b04"/>
    <property name="java.net.preferIPv4Stack" value="true"/>
    <property name="user.name" value="jenkins1000"/>
    <property name="path.separator" value=":"/>
    <property name="java.security.egd" value="file:///dev/urandom"/>
    <property name="os.version" value="3.10.0-957.12.2.el7.x86_64"/>
    <property name="java.endorsed.dirs" value="/usr/lib/jvm/java-1.8-openjdk/jre/lib/endorsed"/>
    <property name="java.runtime.name" value="OpenJDK Runtime Environment"/>
    <property name="file.encoding" value="UTF-8"/>
    <property name="java.vm.name" value="OpenJDK 64-Bit Server VM"/>
    <property name="test.build.webapps" value=""/>
    <property name="localRepository" value="/home/user/.m2/repository"/>
    <property name="java.vendor.url.bug" value="https://icedtea.classpath.org/bugzilla"/>
    <property name="java.io.tmpdir" value="/tmp"/>
    <property name="require.test.libhadoop" value=""/>
    <property name="java.version" value="1.8.0_212"/>
    <property name="user.dir" value="/workdir/hadoop-ozone/integration-test"/>
    <property name="os.arch" value="amd64"/>
    <property name="java.vm.specification.name" value="Java Virtual Machine Specification"/>
    <property name="test.build.classes" value="/workdir/hadoop-ozone/integration-test/target/test-classes"/>
    <property name="java.awt.printerjob" value="sun.print.PSPrinterJob"/>
    <property name="sun.os.patch.level" value="unknown"/>
    <property name="hadoop.tmp.dir" value="/workdir/hadoop-ozone/integration-test/target/tmp"/>
    <property name="java.library.path" value="/usr/lib/jvm/java-1.8-openjdk/jre/lib/amd64/server:/usr/lib/jvm/java-1.8-openjdk/jre/lib/amd64:/usr/lib/jvm/java-1.8-openjdk/jre/../lib/amd64:/workdir/hadoop-ozone/integration-test/target/native/target/usr/local/lib:/workdir/hadoop-ozone/integration-test/../../hadoop-common-project/hadoop-common/target/native/target/usr/local/lib:/usr/java/packages/lib/amd64:/usr/lib64:/lib64:/lib:/usr/lib"/>
    <property name="java.vm.info" value="mixed mode"/>
    <property name="java.vendor" value="IcedTea"/>
    <property name="java.vm.version" value="25.212-b04"/>
    <property name="java.ext.dirs" value="/usr/lib/jvm/java-1.8-openjdk/jre/lib/ext:/usr/java/packages/lib/ext"/>
    <property name="sun.io.unicode.encoding" value="UnicodeLittle"/>
    <property name="java.class.version" value="52.0"/>
  </properties>
  <testcase name="testMultipartUpload" classname="org.apache.hadoop.ozone.om.TestOzoneManagerHA" time="28.446"/>
  <testcase name="testOMRatisSnapshot" classname="org.apache.hadoop.ozone.om.TestOzoneManagerHA" time="15.75"/>
  <testcase name="testFileOperationsWithRecursive" classname="org.apache.hadoop.ozone.om.TestOzoneManagerHA" time="28.258"/>
  <testcase name="testOMRetryProxy" classname="org.apache.hadoop.ozone.om.TestOzoneManagerHA" time="114.034"/>
  <testcase name="testOMProxyProviderFailoverToCurrentLeader" classname="org.apache.hadoop.ozone.om.TestOzoneManagerHA" time="15.612"/>
  <testcase name="testAddBucketAcl" classname="org.apache.hadoop.ozone.om.TestOzoneManagerHA" time="17.367"/>
  <testcase name="testMultipartUploadWithOneOmNodeDown" classname="org.apache.hadoop.ozone.om.TestOzoneManagerHA" time="19.177"/>
  <testcase name="testAllBucketOperations" classname="org.apache.hadoop.ozone.om.TestOzoneManagerHA" time="13.72"/>
  <testcase name="testOMProxyProviderFailoverOnConnectionFailure" classname="org.apache.hadoop.ozone.om.TestOzoneManagerHA" time="16.528"/>
  <testcase name="testAllOMNodesRunning" classname="org.apache.hadoop.ozone.om.TestOzoneManagerHA" time="14.39"/>
  <testcase name="testRemoveBucketAcl" classname="org.apache.hadoop.ozone.om.TestOzoneManagerHA" time="14.539"/>
  <testcase name="testAddPrefixAcl" classname="org.apache.hadoop.ozone.om.TestOzoneManagerHA" time="20.944"/>
  <testcase name="testReadRequest" classname="org.apache.hadoop.ozone.om.TestOzoneManagerHA" time="14.17"/>
  <testcase name="testRemoveKeyAcl" classname="org.apache.hadoop.ozone.om.TestOzoneManagerHA" time="23.371"/>
  <testcase name="testAllVolumeOperations" classname="org.apache.hadoop.ozone.om.TestOzoneManagerHA" time="14.852"/>
  <testcase name="testSetBucketAcl" classname="org.apache.hadoop.ozone.om.TestOzoneManagerHA" time="20.37"/>
  <testcase name="testAddKeyAcl" classname="org.apache.hadoop.ozone.om.TestOzoneManagerHA" time="16.939"/>
  <testcase name="testFileOperationsWithNonRecursive" classname="org.apache.hadoop.ozone.om.TestOzoneManagerHA" time="25.869"/>
  <testcase name="testOMProxyProviderInitialization" classname="org.apache.hadoop.ozone.om.TestOzoneManagerHA" time="14.985"/>
  <testcase name="testRemovePrefixAcl" classname="org.apache.hadoop.ozone.om.TestOzoneManagerHA" time="14.311"/>
  <testcase name="testOneOMNodeDown" classname="org.apache.hadoop.ozone.om.TestOzoneManagerHA" time="21.734"/>
  <testcase name="testSetKeyAcl" classname="org.apache.hadoop.ozone.om.TestOzoneManagerHA" time="24.278"/>
  <testcase name="testTwoOMNodesDown" classname="org.apache.hadoop.ozone.om.TestOzoneManagerHA" time="160.749">
    <failure message=" Expected to find &apos;NotLeaderException&apos; but got unexpected exception: org.apache.hadoop.ipc.RemoteException(java.lang.NullPointerException): java.lang.NullPointerException&#10;	at org.apache.hadoop.ozone.om.helpers.OMRatisHelper.getOMResponseFromRaftClientReply(OMRatisHelper.java:105)&#10;	at org.apache.hadoop.ozone.om.ratis.OzoneManagerRatisServer.processReply(OzoneManagerRatisServer.java:178)&#10;	at org.apache.hadoop.ozone.om.ratis.OzoneManagerRatisServer.submitRequest(OzoneManagerRatisServer.java:131)&#10;	at org.apache.hadoop.ozone.protocolPB.OzoneManagerProtocolServerSideTranslatorPB.submitRequestToRatis(OzoneManagerProtocolServerSideTranslatorPB.java:163)&#10;	at org.apache.hadoop.ozone.protocolPB.OzoneManagerProtocolServerSideTranslatorPB.submitRequest(OzoneManagerProtocolServerSideTranslatorPB.java:107)&#10;	at org.apache.hadoop.ozone.protocol.proto.OzoneManagerProtocolProtos$OzoneManagerService$2.callBlockingMethod(OzoneManagerProtocolProtos.java)&#10;	at org.apache.hadoop.ipc.ProtobufRpcEngine$Server$ProtoBufRpcInvoker.call(ProtobufRpcEngine.java:524)&#10;	at org.apache.hadoop.ipc.RPC$Server.call(RPC.java:1025)&#10;	at org.apache.hadoop.ipc.Server$RpcCall.run(Server.java:876)&#10;	at org.apache.hadoop.ipc.Server$RpcCall.run(Server.java:822)&#10;	at java.security.AccessController.doPrivileged(Native Method)&#10;	at javax.security.auth.Subject.doAs(Subject.java:422)&#10;	at org.apache.hadoop.security.UserGroupInformation.doAs(UserGroupInformation.java:1730)&#10;	at org.apache.hadoop.ipc.Server$Handler.run(Server.java:2682)&#10;&#10;	at org.apache.hadoop.ipc.Client.getRpcResponse(Client.java:1511)&#10;	at org.apache.hadoop.ipc.Client.call(Client.java:1457)&#10;	at org.apache.hadoop.ipc.Client.call(Client.java:1367)&#10;	at org.apache.hadoop.ipc.ProtobufRpcEngine$Invoker.invoke(ProtobufRpcEngine.java:228)&#10;	at org.apache.hadoop.ipc.ProtobufRpcEngine$Invoker.invoke(ProtobufRpcEngine.java:116)&#10;	at com.sun.proxy.$Proxy48.submitRequest(Unknown Source)&#10;	at sun.reflect.GeneratedMethodAccessor30.invoke(Unknown Source)&#10;	at sun.reflect.DelegatingMethodAccessorImpl.invoke(DelegatingMethodAccessorImpl.java:43)&#10;	at java.lang.reflect.Method.invoke(Method.java:498)&#10;	at org.apache.hadoop.io.retry.RetryInvocationHandler.invokeMethod(RetryInvocationHandler.java:422)&#10;	at org.apache.hadoop.io.retry.RetryInvocationHandler$Call.invokeMethod(RetryInvocationHandler.java:165)&#10;	at org.apache.hadoop.io.retry.RetryInvocationHandler$Call.invoke(RetryInvocationHandler.java:157)&#10;	at org.apache.hadoop.io.retry.RetryInvocationHandler$Call.invokeOnce(RetryInvocationHandler.java:95)&#10;	at org.apache.hadoop.io.retry.RetryInvocationHandler.invoke(RetryInvocationHandler.java:359)&#10;	at com.sun.proxy.$Proxy48.submitRequest(Unknown Source)&#10;	at sun.reflect.GeneratedMethodAccessor29.invoke(Unknown Source)&#10;	at sun.reflect.DelegatingMethodAccessorImpl.invoke(DelegatingMethodAccessorImpl.java:43)&#10;	at java.lang.reflect.Method.invoke(Method.java:498)&#10;	at org.apache.hadoop.hdds.tracing.TraceAllMethod.invoke(TraceAllMethod.java:66)&#10;	at com.sun.proxy.$Proxy48.submitRequest(Unknown Source)&#10;	at org.apache.hadoop.ozone.om.protocolPB.OzoneManagerProtocolClientSideTranslatorPB.submitRequest(OzoneManagerProtocolClientSideTranslatorPB.java:331)&#10;	at org.apache.hadoop.ozone.om.protocolPB.OzoneManagerProtocolClientSideTranslatorPB.createVolume(OzoneManagerProtocolClientSideTranslatorPB.java:364)&#10;	at org.apache.hadoop.ozone.client.rpc.RpcClient.createVolume(RpcClient.java:298)&#10;	at sun.reflect.GeneratedMethodAccessor112.invoke(Unknown Source)&#10;	at sun.reflect.DelegatingMethodAccessorImpl.invoke(DelegatingMethodAccessorImpl.java:43)&#10;	at java.lang.reflect.Method.invoke(Method.java:498)&#10;	at org.apache.hadoop.ozone.client.OzoneClientInvocationHandler.invoke(OzoneClientInvocationHandler.java:54)&#10;	at com.sun.proxy.$Proxy99.createVolume(Unknown Source)&#10;	at sun.reflect.GeneratedMethodAccessor111.invoke(Unknown Source)&#10;	at sun.reflect.DelegatingMethodAccessorImpl.invoke(DelegatingMethodAccessorImpl.java:43)&#10;	at java.lang.reflect.Method.invoke(Method.java:498)&#10;	at org.apache.hadoop.hdds.tracing.TraceAllMethod.invoke(TraceAllMethod.java:66)&#10;	at com.sun.proxy.$Proxy99.createVolume(Unknown Source)&#10;	at org.apache.hadoop.ozone.client.ObjectStore.createVolume(ObjectStore.java:102)&#10;	at org.apache.hadoop.ozone.om.TestOzoneManagerHA.createKeyTest(TestOzoneManagerHA.java:524)&#10;	at org.apache.hadoop.ozone.om.TestOzoneManagerHA.testTwoOMNodesDown(TestOzoneManagerHA.java:261)&#10;	at sun.reflect.NativeMethodAccessorImpl.invoke0(Native Method)&#10;	at sun.reflect.NativeMethodAccessorImpl.invoke(NativeMethodAccessorImpl.java:62)&#10;	at sun.reflect.DelegatingMethodAccessorImpl.invoke(DelegatingMethodAccessorImpl.java:43)&#10;	at java.lang.reflect.Method.invoke(Method.java:498)&#10;	at org.junit.runners.model.FrameworkMethod$1.runReflectiveCall(FrameworkMethod.java:47)&#10;	at org.junit.internal.runners.model.ReflectiveCallable.run(ReflectiveCallable.java:12)&#10;	at org.junit.runners.model.FrameworkMethod.invokeExplosively(FrameworkMethod.java:44)&#10;	at org.junit.internal.runners.statements.InvokeMethod.evaluate(InvokeMethod.java:17)&#10;	at org.junit.internal.runners.statements.RunBefores.evaluate(RunBefores.java:26)&#10;	at org.junit.internal.runners.statements.RunAfters.evaluate(RunAfters.java:27)&#10;	at org.junit.rules.ExpectedException$ExpectedExceptionStatement.evaluate(ExpectedException.java:168)&#10;	at org.junit.internal.runners.statements.FailOnTimeout$StatementThread.run(FailOnTimeout.java:74)&#10;" type="java.lang.AssertionError">java.lang.AssertionError: 
 Expected to find 'NotLeaderException' but got unexpected exception: org.apache.hadoop.ipc.RemoteException(java.lang.NullPointerException): java.lang.NullPointerException
	at org.apache.hadoop.ozone.om.helpers.OMRatisHelper.getOMResponseFromRaftClientReply(OMRatisHelper.java:105)
	at org.apache.hadoop.ozone.om.ratis.OzoneManagerRatisServer.processReply(OzoneManagerRatisServer.java:178)
	at org.apache.hadoop.ozone.om.ratis.OzoneManagerRatisServer.submitRequest(OzoneManagerRatisServer.java:131)
	at org.apache.hadoop.ozone.protocolPB.OzoneManagerProtocolServerSideTranslatorPB.submitRequestToRatis(OzoneManagerProtocolServerSideTranslatorPB.java:163)
	at org.apache.hadoop.ozone.protocolPB.OzoneManagerProtocolServerSideTranslatorPB.submitRequest(OzoneManagerProtocolServerSideTranslatorPB.java:107)
	at org.apache.hadoop.ozone.protocol.proto.OzoneManagerProtocolProtos$OzoneManagerService$2.callBlockingMethod(OzoneManagerProtocolProtos.java)
	at org.apache.hadoop.ipc.ProtobufRpcEngine$Server$ProtoBufRpcInvoker.call(ProtobufRpcEngine.java:524)
	at org.apache.hadoop.ipc.RPC$Server.call(RPC.java:1025)
	at org.apache.hadoop.ipc.Server$RpcCall.run(Server.java:876)
	at org.apache.hadoop.ipc.Server$RpcCall.run(Server.java:822)
	at java.security.AccessController.doPrivileged(Native Method)
	at javax.security.auth.Subject.doAs(Subject.java:422)
	at org.apache.hadoop.security.UserGroupInformation.doAs(UserGroupInformation.java:1730)
	at org.apache.hadoop.ipc.Server$Handler.run(Server.java:2682)

	at org.apache.hadoop.ipc.Client.getRpcResponse(Client.java:1511)
	at org.apache.hadoop.ipc.Client.call(Client.java:1457)
	at org.apache.hadoop.ipc.Client.call(Client.java:1367)
	at org.apache.hadoop.ipc.ProtobufRpcEngine$Invoker.invoke(ProtobufRpcEngine.java:228)
	at org.apache.hadoop.ipc.ProtobufRpcEngine$Invoker.invoke(ProtobufRpcEngine.java:116)
	at com.sun.proxy.$Proxy48.submitRequest(Unknown Source)
	at sun.reflect.GeneratedMethodAccessor30.invoke(Unknown Source)
	at sun.reflect.DelegatingMethodAccessorImpl.invoke(DelegatingMethodAccessorImpl.java:43)
	at java.lang.reflect.Method.invoke(Method.java:498)
	at org.apache.hadoop.io.retry.RetryInvocationHandler.invokeMethod(RetryInvocationHandler.java:422)
	at org.apache.hadoop.io.retry.RetryInvocationHandler$Call.invokeMethod(RetryInvocationHandler.java:165)
	at org.apache.hadoop.io.retry.RetryInvocationHandler$Call.invoke(RetryInvocationHandler.java:157)
	at org.apache.hadoop.io.retry.RetryInvocationHandler$Call.invokeOnce(RetryInvocationHandler.java:95)
	at org.apache.hadoop.io.retry.RetryInvocationHandler.invoke(RetryInvocationHandler.java:359)
	at com.sun.proxy.$Proxy48.submitRequest(Unknown Source)
	at sun.reflect.GeneratedMethodAccessor29.invoke(Unknown Source)
	at sun.reflect.DelegatingMethodAccessorImpl.invoke(DelegatingMethodAccessorImpl.java:43)
	at java.lang.reflect.Method.invoke(Method.java:498)
	at org.apache.hadoop.hdds.tracing.TraceAllMethod.invoke(TraceAllMethod.java:66)
	at com.sun.proxy.$Proxy48.submitRequest(Unknown Source)
	at org.apache.hadoop.ozone.om.protocolPB.OzoneManagerProtocolClientSideTranslatorPB.submitRequest(OzoneManagerProtocolClientSideTranslatorPB.java:331)
	at org.apache.hadoop.ozone.om.protocolPB.OzoneManagerProtocolClientSideTranslatorPB.createVolume(OzoneManagerProtocolClientSideTranslatorPB.java:364)
	at org.apache.hadoop.ozone.client.rpc.RpcClient.createVolume(RpcClient.java:298)
	at sun.reflect.GeneratedMethodAccessor112.invoke(Unknown Source)
	at sun.reflect.DelegatingMethodAccessorImpl.invoke(DelegatingMethodAccessorImpl.java:43)
	at java.lang.reflect.Method.invoke(Method.java:498)
	at org.apache.hadoop.ozone.client.OzoneClientInvocationHandler.invoke(OzoneClientInvocationHandler.java:54)
	at com.sun.proxy.$Proxy99.createVolume(Unknown Source)
	at sun.reflect.GeneratedMethodAccessor111.invoke(Unknown Source)
	at sun.reflect.DelegatingMethodAccessorImpl.invoke(DelegatingMethodAccessorImpl.java:43)
	at java.lang.reflect.Method.invoke(Method.java:498)
	at org.apache.hadoop.hdds.tracing.TraceAllMethod.invoke(TraceAllMethod.java:66)
	at com.sun.proxy.$Proxy99.createVolume(Unknown Source)
	at org.apache.hadoop.ozone.client.ObjectStore.createVolume(ObjectStore.java:102)
	at org.apache.hadoop.ozone.om.TestOzoneManagerHA.createKeyTest(TestOzoneManagerHA.java:524)
	at org.apache.hadoop.ozone.om.TestOzoneManagerHA.testTwoOMNodesDown(TestOzoneManagerHA.java:261)
	at sun.reflect.NativeMethodAccessorImpl.invoke0(Native Method)
	at sun.reflect.NativeMethodAccessorImpl.invoke(NativeMethodAccessorImpl.java:62)
	at sun.reflect.DelegatingMethodAccessorImpl.invoke(DelegatingMethodAccessorImpl.java:43)
	at java.lang.reflect.Method.invoke(Method.java:498)
	at org.junit.runners.model.FrameworkMethod$1.runReflectiveCall(FrameworkMethod.java:47)
	at org.junit.internal.runners.model.ReflectiveCallable.run(ReflectiveCallable.java:12)
	at org.junit.runners.model.FrameworkMethod.invokeExplosively(FrameworkMethod.java:44)
	at org.junit.internal.runners.statements.InvokeMethod.evaluate(InvokeMethod.java:17)
	at org.junit.internal.runners.statements.RunBefores.evaluate(RunBefores.java:26)
	at org.junit.internal.runners.statements.RunAfters.evaluate(RunAfters.java:27)
	at org.junit.rules.ExpectedException$ExpectedExceptionStatement.evaluate(ExpectedException.java:168)
	at org.junit.internal.runners.statements.FailOnTimeout$StatementThread.run(FailOnTimeout.java:74)

	at org.apache.hadoop.test.GenericTestUtils.assertExceptionContains(GenericTestUtils.java:350)
	at org.apache.hadoop.test.GenericTestUtils.assertExceptionContains(GenericTestUtils.java:327)
	at org.apache.hadoop.ozone.om.TestOzoneManagerHA.createKeyTest(TestOzoneManagerHA.java:560)
	at org.apache.hadoop.ozone.om.TestOzoneManagerHA.testTwoOMNodesDown(TestOzoneManagerHA.java:261)
	at sun.reflect.NativeMethodAccessorImpl.invoke0(Native Method)
	at sun.reflect.NativeMethodAccessorImpl.invoke(NativeMethodAccessorImpl.java:62)
	at sun.reflect.DelegatingMethodAccessorImpl.invoke(DelegatingMethodAccessorImpl.java:43)
	at java.lang.reflect.Method.invoke(Method.java:498)
	at org.junit.runners.model.FrameworkMethod$1.runReflectiveCall(FrameworkMethod.java:47)
	at org.junit.internal.runners.model.ReflectiveCallable.run(ReflectiveCallable.java:12)
	at org.junit.runners.model.FrameworkMethod.invokeExplosively(FrameworkMethod.java:44)
	at org.junit.internal.runners.statements.InvokeMethod.evaluate(InvokeMethod.java:17)
	at org.junit.internal.runners.statements.RunBefores.evaluate(RunBefores.java:26)
	at org.junit.internal.runners.statements.RunAfters.evaluate(RunAfters.java:27)
	at org.junit.rules.ExpectedException$ExpectedExceptionStatement.evaluate(ExpectedException.java:168)
	at org.junit.internal.runners.statements.FailOnTimeout$StatementThread.run(FailOnTimeout.java:74)
Caused by: org.apache.hadoop.ipc.RemoteException(java.lang.NullPointerException): java.lang.NullPointerException
	at org.apache.hadoop.ozone.om.helpers.OMRatisHelper.getOMResponseFromRaftClientReply(OMRatisHelper.java:105)
	at org.apache.hadoop.ozone.om.ratis.OzoneManagerRatisServer.processReply(OzoneManagerRatisServer.java:178)
	at org.apache.hadoop.ozone.om.ratis.OzoneManagerRatisServer.submitRequest(OzoneManagerRatisServer.java:131)
	at org.apache.hadoop.ozone.protocolPB.OzoneManagerProtocolServerSideTranslatorPB.submitRequestToRatis(OzoneManagerProtocolServerSideTranslatorPB.java:163)
	at org.apache.hadoop.ozone.protocolPB.OzoneManagerProtocolServerSideTranslatorPB.submitRequest(OzoneManagerProtocolServerSideTranslatorPB.java:107)
	at org.apache.hadoop.ozone.protocol.proto.OzoneManagerProtocolProtos$OzoneManagerService$2.callBlockingMethod(OzoneManagerProtocolProtos.java)
	at org.apache.hadoop.ipc.ProtobufRpcEngine$Server$ProtoBufRpcInvoker.call(ProtobufRpcEngine.java:524)
	at org.apache.hadoop.ipc.RPC$Server.call(RPC.java:1025)
	at org.apache.hadoop.ipc.Server$RpcCall.run(Server.java:876)
	at org.apache.hadoop.ipc.Server$RpcCall.run(Server.java:822)
	at java.security.AccessController.doPrivileged(Native Method)
	at javax.security.auth.Subject.doAs(Subject.java:422)
	at org.apache.hadoop.security.UserGroupInformation.doAs(UserGroupInformation.java:1730)
	at org.apache.hadoop.ipc.Server$Handler.run(Server.java:2682)

	at org.apache.hadoop.ipc.Client.getRpcResponse(Client.java:1511)
	at org.apache.hadoop.ipc.Client.call(Client.java:1457)
	at org.apache.hadoop.ipc.Client.call(Client.java:1367)
	at org.apache.hadoop.ipc.ProtobufRpcEngine$Invoker.invoke(ProtobufRpcEngine.java:228)
	at org.apache.hadoop.ipc.ProtobufRpcEngine$Invoker.invoke(ProtobufRpcEngine.java:116)
	at com.sun.proxy.$Proxy48.submitRequest(Unknown Source)
	at sun.reflect.GeneratedMethodAccessor30.invoke(Unknown Source)
	at sun.reflect.DelegatingMethodAccessorImpl.invoke(DelegatingMethodAccessorImpl.java:43)
	at java.lang.reflect.Method.invoke(Method.java:498)
	at org.apache.hadoop.io.retry.RetryInvocationHandler.invokeMethod(RetryInvocationHandler.java:422)
	at org.apache.hadoop.io.retry.RetryInvocationHandler$Call.invokeMethod(RetryInvocationHandler.java:165)
	at org.apache.hadoop.io.retry.RetryInvocationHandler$Call.invoke(RetryInvocationHandler.java:157)
	at org.apache.hadoop.io.retry.RetryInvocationHandler$Call.invokeOnce(RetryInvocationHandler.java:95)
	at org.apache.hadoop.io.retry.RetryInvocationHandler.invoke(RetryInvocationHandler.java:359)
	at com.sun.proxy.$Proxy48.submitRequest(Unknown Source)
	at sun.reflect.GeneratedMethodAccessor29.invoke(Unknown Source)
	at sun.reflect.DelegatingMethodAccessorImpl.invoke(DelegatingMethodAccessorImpl.java:43)
	at java.lang.reflect.Method.invoke(Method.java:498)
	at org.apache.hadoop.hdds.tracing.TraceAllMethod.invoke(TraceAllMethod.java:66)
	at com.sun.proxy.$Proxy48.submitRequest(Unknown Source)
	at org.apache.hadoop.ozone.om.protocolPB.OzoneManagerProtocolClientSideTranslatorPB.submitRequest(OzoneManagerProtocolClientSideTranslatorPB.java:331)
	at org.apache.hadoop.ozone.om.protocolPB.OzoneManagerProtocolClientSideTranslatorPB.createVolume(OzoneManagerProtocolClientSideTranslatorPB.java:364)
	at org.apache.hadoop.ozone.client.rpc.RpcClient.createVolume(RpcClient.java:298)
	at sun.reflect.GeneratedMethodAccessor112.invoke(Unknown Source)
	at sun.reflect.DelegatingMethodAccessorImpl.invoke(DelegatingMethodAccessorImpl.java:43)
	at java.lang.reflect.Method.invoke(Method.java:498)
	at org.apache.hadoop.ozone.client.OzoneClientInvocationHandler.invoke(OzoneClientInvocationHandler.java:54)
	at com.sun.proxy.$Proxy99.createVolume(Unknown Source)
	at sun.reflect.GeneratedMethodAccessor111.invoke(Unknown Source)
	at sun.reflect.DelegatingMethodAccessorImpl.invoke(DelegatingMethodAccessorImpl.java:43)
	at java.lang.reflect.Method.invoke(Method.java:498)
	at org.apache.hadoop.hdds.tracing.TraceAllMethod.invoke(TraceAllMethod.java:66)
	at com.sun.proxy.$Proxy99.createVolume(Unknown Source)
	at org.apache.hadoop.ozone.client.ObjectStore.createVolume(ObjectStore.java:102)
	at org.apache.hadoop.ozone.om.TestOzoneManagerHA.createKeyTest(TestOzoneManagerHA.java:524)
	... 13 more
</failure>
    <system-out><![CDATA[2019-08-22 21:26:14,081 [Thread-7213] WARN  server.ServerUtils (ServerUtils.java:getScmDbDir(145)) - ozone.scm.db.dirs is not configured. We recommend adding this setting. Falling back to ozone.metadata.dirs instead.
2019-08-22 21:26:14,103 [Thread-7213] WARN  server.ServerUtils (ServerUtils.java:getScmDbDir(145)) - ozone.scm.db.dirs is not configured. We recommend adding this setting. Falling back to ozone.metadata.dirs instead.
2019-08-22 21:26:14,103 [Thread-7213] WARN  server.ServerUtils (ServerUtils.java:getScmDbDir(145)) - ozone.scm.db.dirs is not configured. We recommend adding this setting. Falling back to ozone.metadata.dirs instead.
2019-08-22 21:26:14,104 [Thread-7213] INFO  db.DBStoreBuilder (DBStoreBuilder.java:addTable(110)) - using custom profile for table: deletedBlocks
2019-08-22 21:26:14,104 [Thread-7213] INFO  db.DBStoreBuilder (DBStoreBuilder.java:processTables(161)) - Using default column profile:DBProfile.DISK for Table:deletedBlocks
2019-08-22 21:26:14,104 [Thread-7213] INFO  db.DBStoreBuilder (DBStoreBuilder.java:addTable(110)) - using custom profile for table: validCerts
2019-08-22 21:26:14,104 [Thread-7213] INFO  db.DBStoreBuilder (DBStoreBuilder.java:processTables(161)) - Using default column profile:DBProfile.DISK for Table:validCerts
2019-08-22 21:26:14,105 [Thread-7213] INFO  db.DBStoreBuilder (DBStoreBuilder.java:addTable(110)) - using custom profile for table: revokedCerts
2019-08-22 21:26:14,105 [Thread-7213] INFO  db.DBStoreBuilder (DBStoreBuilder.java:processTables(161)) - Using default column profile:DBProfile.DISK for Table:revokedCerts
2019-08-22 21:26:14,105 [Thread-7213] INFO  db.DBStoreBuilder (DBStoreBuilder.java:addTable(110)) - using custom profile for table: default
2019-08-22 21:26:14,105 [Thread-7213] INFO  db.DBStoreBuilder (DBStoreBuilder.java:processTables(167)) - Using default column profile:DBProfile.DISK for Table:default
2019-08-22 21:26:14,105 [Thread-7213] INFO  db.DBStoreBuilder (DBStoreBuilder.java:getDbProfile(198)) - Using default options. DBProfile.DISK
2019-08-22 21:26:14,325 [Thread-7213] INFO  net.NodeSchemaLoader (NodeSchemaLoader.java:loadSchemaFromFile(125)) - Loading file from sun.misc.CompoundEnumeration@1711cf8c
2019-08-22 21:26:14,325 [Thread-7213] INFO  net.NodeSchemaLoader (NodeSchemaLoader.java:loadSchema(171)) - Loading network topology layer schema file
2019-08-22 21:26:14,328 [Thread-7213] WARN  server.ServerUtils (ServerUtils.java:sanitizeUserArgs(70)) - ozone.scm.stale.node.interval value = 300000 is larger than max = 100000 based on the key value of ozone.scm.heartbeat.thread.interval, reset to the max value 100000.
2019-08-22 21:26:14,329 [Thread-7213] WARN  server.ServerUtils (ServerUtils.java:sanitizeUserArgs(70)) - ozone.scm.stale.node.interval value = 300000 is larger than max = 100000 based on the key value of ozone.scm.heartbeat.thread.interval, reset to the max value 100000.
2019-08-22 21:26:14,329 [Thread-7213] INFO  node.SCMNodeManager (SCMNodeManager.java:<init>(121)) - Entering startup safe mode.
2019-08-22 21:26:14,330 [Thread-7213] INFO  algorithms.ContainerPlacementPolicyFactory (ContainerPlacementPolicyFactory.java:getPolicy(55)) - Create container placement policy of type org.apache.hadoop.hdds.scm.container.placement.algorithms.SCMContainerPlacementRandom
2019-08-22 21:26:14,330 [Thread-7213] WARN  server.ServerUtils (ServerUtils.java:getScmDbDir(145)) - ozone.scm.db.dirs is not configured. We recommend adding this setting. Falling back to ozone.metadata.dirs instead.
2019-08-22 21:26:14,422 [Thread-7213] INFO  pipeline.SCMPipelineManager (SCMPipelineManager.java:initializePipelineState(126)) - No pipeline exists in current db
2019-08-22 21:26:14,423 [Thread-7213] WARN  server.ServerUtils (ServerUtils.java:getScmDbDir(145)) - ozone.scm.db.dirs is not configured. We recommend adding this setting. Falling back to ozone.metadata.dirs instead.
2019-08-22 21:26:14,531 [Thread-7213] WARN  events.EventQueue (EventQueue.java:fireEvent(175)) - No event handler registered for event TypedEvent{payloadType=SafeModeStatus, name='SafeModeStatus'}
2019-08-22 21:26:14,532 [Thread-7213] INFO  ipc.CallQueueManager (CallQueueManager.java:<init>(84)) - Using callQueue: class java.util.concurrent.LinkedBlockingQueue, queueCapacity: 2000, scheduler: class org.apache.hadoop.ipc.DefaultRpcScheduler, ipcBackoff: false.
2019-08-22 21:26:14,532 [Socket Reader #1 for port 45796] INFO  ipc.Server (Server.java:run(1074)) - Starting Socket Reader #1 for port 45796
2019-08-22 21:26:14,536 [Thread-7213] INFO  ipc.CallQueueManager (CallQueueManager.java:<init>(84)) - Using callQueue: class java.util.concurrent.LinkedBlockingQueue, queueCapacity: 2000, scheduler: class org.apache.hadoop.ipc.DefaultRpcScheduler, ipcBackoff: false.
2019-08-22 21:26:14,536 [Socket Reader #1 for port 39638] INFO  ipc.Server (Server.java:run(1074)) - Starting Socket Reader #1 for port 39638
2019-08-22 21:26:14,539 [Thread-7213] INFO  ipc.CallQueueManager (CallQueueManager.java:<init>(84)) - Using callQueue: class java.util.concurrent.LinkedBlockingQueue, queueCapacity: 2000, scheduler: class org.apache.hadoop.ipc.DefaultRpcScheduler, ipcBackoff: false.
2019-08-22 21:26:14,539 [Socket Reader #1 for port 43160] INFO  ipc.Server (Server.java:run(1074)) - Starting Socket Reader #1 for port 43160
2019-08-22 21:26:14,542 [Thread-7213] INFO  hdfs.DFSUtil (DFSUtil.java:httpServerTemplateForNNAndJN(1641)) - Starting Web-server for scm at: http://0.0.0.0:0
2019-08-22 21:26:14,543 [Thread-7213] INFO  server.AuthenticationFilter (AuthenticationFilter.java:constructSecretProvider(240)) - Unable to initialize FileSignerSecretProvider, falling back to use random secrets.
2019-08-22 21:26:14,544 [Thread-7213] WARN  http.HttpRequestLog (HttpRequestLog.java:getRequestLog(97)) - Jetty request log can only be enabled using Log4j
2019-08-22 21:26:14,545 [Thread-7213] INFO  http.HttpServer2 (HttpServer2.java:addGlobalFilter(975)) - Added global filter 'safety' (class=org.apache.hadoop.http.HttpServer2$QuotingInputFilter)
2019-08-22 21:26:14,545 [Thread-7213] INFO  http.HttpServer2 (HttpServer2.java:addFilter(948)) - Added filter static_user_filter (class=org.apache.hadoop.http.lib.StaticUserWebFilter$StaticUserFilter) to context scm
2019-08-22 21:26:14,545 [Thread-7213] INFO  http.HttpServer2 (HttpServer2.java:addFilter(958)) - Added filter static_user_filter (class=org.apache.hadoop.http.lib.StaticUserWebFilter$StaticUserFilter) to context logs
2019-08-22 21:26:14,546 [Thread-7213] INFO  http.HttpServer2 (HttpServer2.java:addFilter(958)) - Added filter static_user_filter (class=org.apache.hadoop.http.lib.StaticUserWebFilter$StaticUserFilter) to context static
2019-08-22 21:26:14,547 [Thread-7213] INFO  server.StorageContainerManager (StorageContainerManager.java:start(759)) - StorageContainerLocationProtocol RPC server is listening at /0.0.0.0:43160
2019-08-22 21:26:14,548 [Thread-7213] WARN  impl.MetricsConfig (MetricsConfig.java:loadFirst(134)) - Cannot locate configuration: tried hadoop-metrics2-storagecontainermanager.properties,hadoop-metrics2.properties
2019-08-22 21:26:14,549 [Thread-7213] INFO  impl.MetricsSystemImpl (MetricsSystemImpl.java:startTimer(374)) - Scheduled Metric snapshot period at 10 second(s).
2019-08-22 21:26:14,549 [Thread-7213] INFO  impl.MetricsSystemImpl (MetricsSystemImpl.java:start(191)) - StorageContainerManager metrics system started
2019-08-22 21:26:14,952 [Thread-7213] INFO  server.SCMClientProtocolServer (SCMClientProtocolServer.java:start(151)) - RPC server for Client  is listening at /0.0.0.0:43160
2019-08-22 21:26:14,953 [IPC Server Responder] INFO  ipc.Server (Server.java:run(1314)) - IPC Server Responder: starting
2019-08-22 21:26:14,953 [IPC Server listener on 43160] INFO  ipc.Server (Server.java:run(1153)) - IPC Server listener on 43160: starting
2019-08-22 21:26:14,962 [Thread-7213] INFO  server.StorageContainerManager (StorageContainerManager.java:start(769)) - ScmBlockLocationProtocol RPC server is listening at /0.0.0.0:39638
2019-08-22 21:26:14,962 [Thread-7213] INFO  server.SCMBlockProtocolServer (SCMBlockProtocolServer.java:start(140)) - RPC server for Block Protocol is listening at /0.0.0.0:39638
2019-08-22 21:26:14,962 [IPC Server listener on 39638] INFO  ipc.Server (Server.java:run(1153)) - IPC Server listener on 39638: starting
2019-08-22 21:26:14,962 [IPC Server Responder] INFO  ipc.Server (Server.java:run(1314)) - IPC Server Responder: starting
2019-08-22 21:26:14,974 [Thread-7213] INFO  server.StorageContainerManager (StorageContainerManager.java:start(773)) - ScmDatanodeProtocl RPC server is listening at /0.0.0.0:45796
2019-08-22 21:26:14,974 [Thread-7213] INFO  server.SCMDatanodeProtocolServer (SCMDatanodeProtocolServer.java:start(191)) - RPC server for DataNodes is listening at /0.0.0.0:45796
2019-08-22 21:26:14,974 [IPC Server Responder] INFO  ipc.Server (Server.java:run(1314)) - IPC Server Responder: starting
2019-08-22 21:26:14,974 [IPC Server listener on 45796] INFO  ipc.Server (Server.java:run(1153)) - IPC Server listener on 45796: starting
2019-08-22 21:26:14,979 [Thread-7213] INFO  http.HttpServer2 (HttpServer2.java:bindListener(1191)) - Jetty bound to port 33295
2019-08-22 21:26:14,979 [Thread-7213] INFO  server.Server (Server.java:doStart(351)) - jetty-9.3.24.v20180605, build timestamp: 2018-06-05T17:11:56Z, git hash: 84205aa28f11a4f31f2a3b86d1bba2cc8ab69827
2019-08-22 21:26:14,980 [Thread-7213] INFO  handler.ContextHandler (ContextHandler.java:doStart(781)) - Started o.e.j.s.ServletContextHandler@11659280{/logs,file:///workdir/hadoop-ozone/integration-test/target/log,AVAILABLE}
2019-08-22 21:26:14,981 [Thread-7213] INFO  handler.ContextHandler (ContextHandler.java:doStart(781)) - Started o.e.j.s.ServletContextHandler@278b4af1{/static,file:///workdir/hadoop-ozone/integration-test/target/test-classes/webapps/static,AVAILABLE}
2019-08-22 21:26:14,984 [Thread-7213] INFO  handler.ContextHandler (ContextHandler.java:doStart(781)) - Started o.e.j.w.WebAppContext@407f9b73{/,file:///workdir/hadoop-ozone/integration-test/target/test-classes/webapps/scm/,AVAILABLE}{/scm}
2019-08-22 21:26:14,984 [Thread-7213] INFO  server.AbstractConnector (AbstractConnector.java:doStart(278)) - Started ServerConnector@1863266a{HTTP/1.1,[http/1.1]}{0.0.0.0:33295}
2019-08-22 21:26:14,986 [Thread-7213] INFO  server.Server (Server.java:doStart(419)) - Started @511011ms
2019-08-22 21:26:14,987 [Thread-7213] INFO  server.BaseHttpServer (BaseHttpServer.java:updateConnectorAddress(213)) - HTTP server of SCM is listening at http://0.0.0.0:33295
2019-08-22 21:26:14,991 [org.apache.hadoop.util.JvmPauseMonitor$Monitor@7b0188c7] INFO  util.JvmPauseMonitor (JvmPauseMonitor.java:run(188)) - Starting JVM pause monitor
2019-08-22 21:26:14,991 [Thread-7213] WARN  server.ServerUtils (ServerUtils.java:getDBPath(222)) - ozone.om.db.dirs is not configured. We recommend adding this setting. Falling back to ozone.metadata.dirs instead.
2019-08-22 21:26:15,015 [Thread-7213] WARN  server.ServerUtils (ServerUtils.java:getDBPath(222)) - ozone.om.db.dirs is not configured. We recommend adding this setting. Falling back to ozone.metadata.dirs instead.
2019-08-22 21:26:15,015 [Thread-7213] WARN  server.ServerUtils (ServerUtils.java:getDBPath(222)) - ozone.om.db.dirs is not configured. We recommend adding this setting. Falling back to ozone.metadata.dirs instead.
2019-08-22 21:26:15,016 [Thread-7213] INFO  om.OzoneManager (OzoneManager.java:setOMNodeSpecificConfigs(694)) - Setting configuration key ozone.om.http-address with value of key ozone.om.http-address.omNode-1: 127.0.0.1:13130
2019-08-22 21:26:15,016 [Thread-7213] INFO  om.OzoneManager (OzoneManager.java:setOMNodeSpecificConfigs(694)) - Setting configuration key ozone.om.https-address with value of key ozone.om.https-address.omNode-1: 127.0.0.1:13131
2019-08-22 21:26:15,016 [Thread-7213] INFO  om.OzoneManager (OzoneManager.java:loadOMHAConfigs(605)) - Found matching OM address with OMServiceId: om-service-test1, OMNodeId: omNode-1, RPC Address: localhost:13128 and Ratis port: 13132
2019-08-22 21:26:15,024 | INFO  | SCMAudit | user=jenkins1000 | ip=192.168.36.65 | op=GET_SCM_INFO null | ret=SUCCESS |  
2019-08-22 21:26:15,027 [Thread-7213] WARN  server.ServerUtils (ServerUtils.java:getDBPath(222)) - ozone.om.db.dirs is not configured. We recommend adding this setting. Falling back to ozone.metadata.dirs instead.
2019-08-22 21:26:15,027 [Thread-7213] INFO  db.DBStoreBuilder (DBStoreBuilder.java:addTable(110)) - using custom profile for table: userTable
2019-08-22 21:26:15,027 [Thread-7213] INFO  db.DBStoreBuilder (DBStoreBuilder.java:processTables(161)) - Using default column profile:DBProfile.DISK for Table:userTable
2019-08-22 21:26:15,028 [Thread-7213] INFO  db.DBStoreBuilder (DBStoreBuilder.java:addTable(110)) - using custom profile for table: volumeTable
2019-08-22 21:26:15,028 [Thread-7213] INFO  db.DBStoreBuilder (DBStoreBuilder.java:processTables(161)) - Using default column profile:DBProfile.DISK for Table:volumeTable
2019-08-22 21:26:15,028 [Thread-7213] INFO  db.DBStoreBuilder (DBStoreBuilder.java:addTable(110)) - using custom profile for table: bucketTable
2019-08-22 21:26:15,028 [Thread-7213] INFO  db.DBStoreBuilder (DBStoreBuilder.java:processTables(161)) - Using default column profile:DBProfile.DISK for Table:bucketTable
2019-08-22 21:26:15,028 [Thread-7213] INFO  db.DBStoreBuilder (DBStoreBuilder.java:addTable(110)) - using custom profile for table: keyTable
2019-08-22 21:26:15,028 [Thread-7213] INFO  db.DBStoreBuilder (DBStoreBuilder.java:processTables(161)) - Using default column profile:DBProfile.DISK for Table:keyTable
2019-08-22 21:26:15,028 [Thread-7213] INFO  db.DBStoreBuilder (DBStoreBuilder.java:addTable(110)) - using custom profile for table: deletedTable
2019-08-22 21:26:15,028 [Thread-7213] INFO  db.DBStoreBuilder (DBStoreBuilder.java:processTables(161)) - Using default column profile:DBProfile.DISK for Table:deletedTable
2019-08-22 21:26:15,028 [Thread-7213] INFO  db.DBStoreBuilder (DBStoreBuilder.java:addTable(110)) - using custom profile for table: openKeyTable
2019-08-22 21:26:15,029 [Thread-7213] INFO  db.DBStoreBuilder (DBStoreBuilder.java:processTables(161)) - Using default column profile:DBProfile.DISK for Table:openKeyTable
2019-08-22 21:26:15,029 [Thread-7213] INFO  db.DBStoreBuilder (DBStoreBuilder.java:addTable(110)) - using custom profile for table: s3Table
2019-08-22 21:26:15,029 [Thread-7213] INFO  db.DBStoreBuilder (DBStoreBuilder.java:processTables(161)) - Using default column profile:DBProfile.DISK for Table:s3Table
2019-08-22 21:26:15,029 [Thread-7213] INFO  db.DBStoreBuilder (DBStoreBuilder.java:addTable(110)) - using custom profile for table: multipartInfoTable
2019-08-22 21:26:15,029 [Thread-7213] INFO  db.DBStoreBuilder (DBStoreBuilder.java:processTables(161)) - Using default column profile:DBProfile.DISK for Table:multipartInfoTable
2019-08-22 21:26:15,029 [Thread-7213] INFO  db.DBStoreBuilder (DBStoreBuilder.java:addTable(110)) - using custom profile for table: dTokenTable
2019-08-22 21:26:15,029 [Thread-7213] INFO  db.DBStoreBuilder (DBStoreBuilder.java:processTables(161)) - Using default column profile:DBProfile.DISK for Table:dTokenTable
2019-08-22 21:26:15,029 [Thread-7213] INFO  db.DBStoreBuilder (DBStoreBuilder.java:addTable(110)) - using custom profile for table: s3SecretTable
2019-08-22 21:26:15,029 [Thread-7213] INFO  db.DBStoreBuilder (DBStoreBuilder.java:processTables(161)) - Using default column profile:DBProfile.DISK for Table:s3SecretTable
2019-08-22 21:26:15,030 [Thread-7213] INFO  db.DBStoreBuilder (DBStoreBuilder.java:addTable(110)) - using custom profile for table: prefixTable
2019-08-22 21:26:15,030 [Thread-7213] INFO  db.DBStoreBuilder (DBStoreBuilder.java:processTables(161)) - Using default column profile:DBProfile.DISK for Table:prefixTable
2019-08-22 21:26:15,030 [Thread-7213] INFO  db.DBStoreBuilder (DBStoreBuilder.java:addTable(110)) - using custom profile for table: default
2019-08-22 21:26:15,030 [Thread-7213] INFO  db.DBStoreBuilder (DBStoreBuilder.java:processTables(167)) - Using default column profile:DBProfile.DISK for Table:default
2019-08-22 21:26:15,030 [Thread-7213] INFO  db.DBStoreBuilder (DBStoreBuilder.java:getDbProfile(198)) - Using default options. DBProfile.DISK
2019-08-22 21:26:16,589 [Thread-7213] WARN  scm.HddsServerUtil (HddsServerUtil.java:getDefaultRatisDirectory(354)) - Storage directory for Ratis is not configured. It is a good idea to map this to an SSD disk. Falling back to ozone.metadata.dirs
2019-08-22 21:26:16,593 [KeyDeletingService#0] WARN  utils.BackgroundService (BackgroundService.java:lambda$run$0(135)) - Background task fails to execute, retrying in next interval
java.util.concurrent.ExecutionException: java.lang.NullPointerException
	at java.util.concurrent.FutureTask.report(FutureTask.java:122)
	at java.util.concurrent.FutureTask.get(FutureTask.java:206)
	at org.apache.hadoop.utils.BackgroundService$PeriodicalTask.lambda$run$0(BackgroundService.java:129)
	at java.util.stream.ForEachOps$ForEachOp$OfRef.accept(ForEachOps.java:184)
	at java.util.ArrayList$ArrayListSpliterator.forEachRemaining(ArrayList.java:1382)
	at java.util.stream.AbstractPipeline.copyInto(AbstractPipeline.java:482)
	at java.util.stream.ForEachOps$ForEachTask.compute(ForEachOps.java:291)
	at java.util.concurrent.CountedCompleter.exec(CountedCompleter.java:731)
	at java.util.concurrent.ForkJoinTask.doExec(ForkJoinTask.java:289)
	at java.util.concurrent.ForkJoinTask.doInvoke(ForkJoinTask.java:401)
	at java.util.concurrent.ForkJoinTask.invoke(ForkJoinTask.java:734)
	at java.util.stream.ForEachOps$ForEachOp.evaluateParallel(ForEachOps.java:160)
	at java.util.stream.ForEachOps$ForEachOp$OfRef.evaluateParallel(ForEachOps.java:174)
	at java.util.stream.AbstractPipeline.evaluate(AbstractPipeline.java:233)
	at java.util.stream.ReferencePipeline.forEach(ReferencePipeline.java:418)
	at java.util.stream.ReferencePipeline$Head.forEach(ReferencePipeline.java:583)
	at org.apache.hadoop.utils.BackgroundService$PeriodicalTask.run(BackgroundService.java:125)
	at java.util.concurrent.Executors$RunnableAdapter.call(Executors.java:511)
	at java.util.concurrent.FutureTask.runAndReset(FutureTask.java:308)
	at java.util.concurrent.ScheduledThreadPoolExecutor$ScheduledFutureTask.access$301(ScheduledThreadPoolExecutor.java:180)
	at java.util.concurrent.ScheduledThreadPoolExecutor$ScheduledFutureTask.run(ScheduledThreadPoolExecutor.java:294)
	at java.util.concurrent.ThreadPoolExecutor.runWorker(ThreadPoolExecutor.java:1149)
	at java.util.concurrent.ThreadPoolExecutor$Worker.run(ThreadPoolExecutor.java:624)
	at java.lang.Thread.run(Thread.java:748)
Caused by: java.lang.NullPointerException
	at org.apache.hadoop.ozone.om.OzoneManager.isLeader(OzoneManager.java:3408)
	at org.apache.hadoop.ozone.om.KeyDeletingService.shouldRun(KeyDeletingService.java:120)
	at org.apache.hadoop.ozone.om.KeyDeletingService.access$100(KeyDeletingService.java:58)
	at org.apache.hadoop.ozone.om.KeyDeletingService$KeyDeletingTask.call(KeyDeletingService.java:149)
	at org.apache.hadoop.ozone.om.KeyDeletingService$KeyDeletingTask.call(KeyDeletingService.java:137)
	at java.util.concurrent.FutureTask.run(FutureTask.java:266)
	at java.util.concurrent.Executors$RunnableAdapter.call(Executors.java:511)
	at java.util.concurrent.FutureTask.run(FutureTask.java:266)
	at java.util.concurrent.Executors$RunnableAdapter.call(Executors.java:511)
	at java.util.concurrent.FutureTask.run(FutureTask.java:266)
	at java.util.concurrent.ScheduledThreadPoolExecutor$ScheduledFutureTask.access$201(ScheduledThreadPoolExecutor.java:180)
	at java.util.concurrent.ScheduledThreadPoolExecutor$ScheduledFutureTask.run(ScheduledThreadPoolExecutor.java:293)
	... 3 more
2019-08-22 21:26:16,593 [Thread-7213] INFO  ratis.OzoneManagerRatisServer (OzoneManagerRatisServer.java:<init>(241)) - Instantiating OM Ratis server with GroupID: om-service-test1 and Raft Peers: localhost:13132, localhost:13138, localhost:13144
2019-08-22 21:26:16,597 [Thread-7213] INFO  impl.RaftServerProxy (ConfUtils.java:logGet(43)) - raft.rpc.type = GRPC (default)
2019-08-22 21:26:16,597 [Thread-7213] INFO  grpc.GrpcFactory (GrpcFactory.java:checkPooledByteBufAllocatorUseCacheForAllThreads(45)) - PERFORMANCE WARNING: useCacheForAllThreads is true that may cause Netty to create a lot garbage objects and, as a result, trigger GC.
	It is recommended to disable useCacheForAllThreads by setting -Dorg.apache.ratis.thirdparty.io.netty.allocator.useCacheForAllThreads=false in command line.
2019-08-22 21:26:16,598 [Thread-7213] INFO  grpc.GrpcConfigKeys$Server (ConfUtils.java:logGet(43)) - raft.grpc.server.port = 13132 (custom)
2019-08-22 21:26:16,598 [Thread-7213] INFO  server.GrpcService (ConfUtils.java:logGet(43)) - raft.grpc.message.size.max = 33554432 (custom)
2019-08-22 21:26:16,598 [Thread-7213] INFO  server.RaftServerConfigKeys (ConfUtils.java:logGet(43)) - raft.server.log.appender.buffer.byte-limit = 33554432 (custom)
2019-08-22 21:26:16,598 [Thread-7213] INFO  server.GrpcService (ConfUtils.java:logGet(43)) - raft.grpc.flow.control.window = 1MB (=1048576) (default)
2019-08-22 21:26:16,599 [Thread-7213] INFO  server.RaftServerConfigKeys (ConfUtils.java:logGet(43)) - raft.server.rpc.request.timeout = 3000ms (default)
2019-08-22 21:26:16,599 [Thread-7213] INFO  server.RaftServerConfigKeys (ConfUtils.java:logGet(43)) - raft.server.storage.dir = [/workdir/hadoop-ozone/integration-test/target/test-dir/MiniOzoneClusterImpl-cf6507f4-c152-47c1-a61c-419edf2db18f/omNode-1/ratis] (custom)
2019-08-22 21:26:16,600 [Thread-7213] INFO  impl.RaftServerProxy (RaftServerProxy.java:addNew(89)) - omNode-1: addNew group-523986131536:[omNode-3:localhost:13144, omNode-1:localhost:13132, omNode-2:localhost:13138] returns group-523986131536:java.util.concurrent.CompletableFuture@747ef256[Not completed]
2019-08-22 21:26:16,600 [pool-1495-thread-1] INFO  impl.RaftServerImpl (RaftServerImpl.java:<init>(93)) - omNode-1: new RaftServerImpl for group-523986131536:[omNode-3:localhost:13144, omNode-1:localhost:13132, omNode-2:localhost:13138] with OzoneManagerStateMachine:uninitialized
2019-08-22 21:26:16,600 [Thread-7213] INFO  om.OzoneManager (OzoneManager.java:initializeRatisServer(1401)) - OzoneManager Ratis server initialized at port 13132
2019-08-22 21:26:16,603 [pool-1495-thread-1] INFO  server.RaftServerConfigKeys (ConfUtils.java:logGet(43)) - raft.server.rpc.timeout.min = 1s (custom)
2019-08-22 21:26:16,604 [Thread-7213] WARN  scm.HddsServerUtil (HddsServerUtil.java:getDefaultRatisDirectory(354)) - Storage directory for Ratis is not configured. It is a good idea to map this to an SSD disk. Falling back to ozone.metadata.dirs
2019-08-22 21:26:16,604 [pool-1495-thread-1] INFO  server.RaftServerConfigKeys (ConfUtils.java:logGet(43)) - raft.server.rpc.timeout.max = 1200ms (custom)
2019-08-22 21:26:16,604 [Thread-7213] WARN  scm.HddsServerUtil (HddsServerUtil.java:getDefaultRatisDirectory(354)) - Storage directory for Ratis is not configured. It is a good idea to map this to an SSD disk. Falling back to ozone.metadata.dirs
2019-08-22 21:26:16,604 [pool-1495-thread-1] INFO  server.RaftServerConfigKeys (ConfUtils.java:logGet(43)) - raft.server.rpcslowness.timeout = 2s (custom)
2019-08-22 21:26:16,604 [pool-1495-thread-1] INFO  server.RaftServerConfigKeys (ConfUtils.java:logGet(43)) - raft.server.sleep.deviation.threshold = 300 (default)
2019-08-22 21:26:16,604 [Thread-7213] INFO  snapshot.OzoneManagerSnapshotProvider (OzoneManagerSnapshotProvider.java:<init>(81)) - Initializing OM Snapshot Provider
2019-08-22 21:26:16,605 [pool-1495-thread-1] INFO  server.RaftServerConfigKeys (ConfUtils.java:logGet(43)) - raft.server.log.appender.install.snapshot.enabled = false (custom)
2019-08-22 21:26:16,605 [pool-1495-thread-1] INFO  impl.RaftServerImpl (ServerState.java:<init>(105)) - omNode-1:group-523986131536 ConfigurationManager, init=-1: [omNode-3:localhost:13144, omNode-1:localhost:13132, omNode-2:localhost:13138], old=null, confs=<EMPTY_MAP>
2019-08-22 21:26:16,605 [pool-1495-thread-1] INFO  server.RaftServerConfigKeys (ConfUtils.java:logGet(43)) - raft.server.storage.dir = [/workdir/hadoop-ozone/integration-test/target/test-dir/MiniOzoneClusterImpl-cf6507f4-c152-47c1-a61c-419edf2db18f/omNode-1/ratis] (custom)
2019-08-22 21:26:16,605 [pool-1495-thread-1] INFO  storage.RaftStorageDirectory (RaftStorageDirectory.java:analyzeStorage(246)) - The storage directory /workdir/hadoop-ozone/integration-test/target/test-dir/MiniOzoneClusterImpl-cf6507f4-c152-47c1-a61c-419edf2db18f/omNode-1/ratis/c9bc4cf4-3bc3-3c60-a66b-523986131536 does not exist. Creating ...
2019-08-22 21:26:16,606 [Thread-7213] INFO  ipc.CallQueueManager (CallQueueManager.java:<init>(84)) - Using callQueue: class java.util.concurrent.LinkedBlockingQueue, queueCapacity: 2000, scheduler: class org.apache.hadoop.ipc.DefaultRpcScheduler, ipcBackoff: false.
2019-08-22 21:26:16,607 [Socket Reader #1 for port 13128] INFO  ipc.Server (Server.java:run(1074)) - Starting Socket Reader #1 for port 13128
2019-08-22 21:26:16,626 [pool-1495-thread-1] INFO  storage.RaftStorageDirectory (RaftStorageDirectory.java:tryLock(328)) - Lock on /workdir/hadoop-ozone/integration-test/target/test-dir/MiniOzoneClusterImpl-cf6507f4-c152-47c1-a61c-419edf2db18f/omNode-1/ratis/c9bc4cf4-3bc3-3c60-a66b-523986131536/in_use.lock acquired by nodename 24060@pr-hdds-1975-qxxlx-297662434
2019-08-22 21:26:16,627 [Thread-7213] INFO  om.OzoneManager (OzoneManager.java:start(1259)) - OzoneManager RPC server is listening at localhost/127.0.0.1:13128
2019-08-22 21:26:16,627 [Thread-7213] INFO  impl.MetricsSystemImpl (MetricsSystemImpl.java:init(158)) - OzoneManager metrics system started (again)
2019-08-22 21:26:16,627 [Thread-7213] INFO  ratis.OzoneManagerRatisServer (OzoneManagerRatisServer.java:start(331)) - Starting OzoneManagerRatisServer omNode-1 at port 13132
2019-08-22 21:26:16,659 [pool-1495-thread-1] INFO  storage.RaftStorage (RaftStorage.java:format(72)) - Storage directory /workdir/hadoop-ozone/integration-test/target/test-dir/MiniOzoneClusterImpl-cf6507f4-c152-47c1-a61c-419edf2db18f/omNode-1/ratis/c9bc4cf4-3bc3-3c60-a66b-523986131536 has been successfully formatted.
2019-08-22 21:26:16,659 [pool-1495-thread-1] INFO  server.RaftServerConfigKeys (ConfUtils.java:logGet(43)) - raft.server.leader.election.timeout = 2s (custom)
2019-08-22 21:26:16,659 [pool-1495-thread-1] INFO  server.RaftServerConfigKeys (ConfUtils.java:logGet(43)) - raft.server.log.use.memory = false (default)
2019-08-22 21:26:16,659 [pool-1495-thread-1] INFO  server.RaftServerConfigKeys (ConfUtils.java:logGet(43)) - raft.server.log.purge.gap = 1000000 (custom)
2019-08-22 21:26:16,660 [pool-1495-thread-1] INFO  server.RaftServerConfigKeys (ConfUtils.java:logGet(43)) - raft.server.log.appender.buffer.byte-limit = 33554432 (custom)
2019-08-22 21:26:16,660 [pool-1495-thread-1] INFO  server.RaftServerConfigKeys (ConfUtils.java:logGet(43)) - raft.server.log.segment.size.max = 16384 (custom)
2019-08-22 21:26:16,660 [pool-1495-thread-1] INFO  server.RaftServerConfigKeys (ConfUtils.java:logGet(43)) - raft.server.log.segment.cache.num.max = 2 (custom)
2019-08-22 21:26:16,660 [pool-1495-thread-1] INFO  segmented.SegmentedRaftLogWorker (SegmentedRaftLogWorker.java:<init>(172)) - new omNode-1-SegmentedRaftLogWorker:Storage Directory /workdir/hadoop-ozone/integration-test/target/test-dir/MiniOzoneClusterImpl-cf6507f4-c152-47c1-a61c-419edf2db18f/omNode-1/ratis/c9bc4cf4-3bc3-3c60-a66b-523986131536 for RaftStorage:Storage Directory /workdir/hadoop-ozone/integration-test/target/test-dir/MiniOzoneClusterImpl-cf6507f4-c152-47c1-a61c-419edf2db18f/omNode-1/ratis/c9bc4cf4-3bc3-3c60-a66b-523986131536
2019-08-22 21:26:16,660 [pool-1495-thread-1] INFO  server.RaftServerConfigKeys (ConfUtils.java:logGet(43)) - raft.server.log.queue.byte-limit = 64MB (=67108864) (default)
2019-08-22 21:26:16,660 [pool-1495-thread-1] INFO  server.RaftServerConfigKeys (ConfUtils.java:logGet(43)) - raft.server.log.queue.element-limit = 4096 (default)
2019-08-22 21:26:16,660 [pool-1495-thread-1] INFO  server.RaftServerConfigKeys (ConfUtils.java:logGet(43)) - raft.server.log.segment.size.max = 16384 (custom)
2019-08-22 21:26:16,660 [pool-1495-thread-1] INFO  server.RaftServerConfigKeys (ConfUtils.java:logGet(43)) - raft.server.log.preallocated.size = 16384 (custom)
2019-08-22 21:26:16,660 [pool-1495-thread-1] INFO  server.RaftServerConfigKeys (ConfUtils.java:logGet(43)) - raft.server.log.write.buffer.size = 64KB (=65536) (default)
2019-08-22 21:26:16,661 [pool-1495-thread-1] INFO  server.RaftServerConfigKeys (ConfUtils.java:logGet(43)) - raft.server.log.force.sync.num = 128 (default)
2019-08-22 21:26:16,661 [pool-1495-thread-1] INFO  server.RaftServerConfigKeys (ConfUtils.java:logGet(43)) - raft.server.log.statemachine.data.sync = true (default)
2019-08-22 21:26:16,661 [pool-1495-thread-1] INFO  server.RaftServerConfigKeys (ConfUtils.java:logGet(43)) - raft.server.log.statemachine.data.sync.timeout = 10s (default)
2019-08-22 21:26:16,661 [pool-1495-thread-1] INFO  server.RaftServerConfigKeys (ConfUtils.java:logGet(43)) - raft.server.log.statemachine.data.sync.timeout.retry = -1 (default)
2019-08-22 21:26:16,661 [pool-1495-thread-1] INFO  server.RaftServerConfigKeys (ConfUtils.java:logGet(43)) - raft.server.log.statemachine.data.caching.enabled = false (default)
2019-08-22 21:26:16,661 [pool-1495-thread-1] INFO  segmented.SegmentedRaftLogWorker (SegmentedRaftLogWorker.java:lambda$new$0(132)) - omNode-1-SegmentedRaftLogWorker:Storage Directory /workdir/hadoop-ozone/integration-test/target/test-dir/MiniOzoneClusterImpl-cf6507f4-c152-47c1-a61c-419edf2db18f/omNode-1/ratis/c9bc4cf4-3bc3-3c60-a66b-523986131536: flushIndex: setUnconditionally 0 -> -1
2019-08-22 21:26:16,662 [pool-1495-thread-1] INFO  server.RaftServerConfigKeys (ConfUtils.java:logGet(43)) - raft.server.snapshot.auto.trigger.enabled = true (custom)
2019-08-22 21:26:16,662 [pool-1495-thread-1] INFO  server.RaftServerConfigKeys (ConfUtils.java:logGet(43)) - raft.server.snapshot.auto.trigger.threshold = 50 (custom)
2019-08-22 21:26:16,662 [pool-1495-thread-1] INFO  server.RaftServerConfigKeys (ConfUtils.java:logGet(43)) - raft.server.retrycache.expirytime = 600000ms (custom)
2019-08-22 21:26:16,662 [Thread-7213] INFO  impl.RaftServerImpl (RaftServerImpl.java:start(180)) - omNode-1: start group-523986131536
2019-08-22 21:26:16,665 [Thread-7213] INFO  impl.RaftServerImpl (RaftServerImpl.java:setRole(171)) - omNode-1:group-523986131536 changes role from null to FOLLOWER at term 0 for startAsFollower
2019-08-22 21:26:16,666 [Thread-7213] INFO  impl.RoleInfo (RoleInfo.java:updateAndGet(143)) - omNode-1: start FollowerState
2019-08-22 21:26:16,666 [Thread-7213] INFO  util.JmxRegister (JmxRegister.java:tryRegister(44)) - Successfully registered JMX Bean with object name Ratis:service=RaftServer,group=group-523986131536,id=omNode-1
2019-08-22 21:26:16,668 [Thread-7213] INFO  impl.RaftServerProxy (RaftServerProxy.java:lambda$start$3(299)) - omNode-1: start RPC server
2019-08-22 21:26:16,670 [Thread-7213] INFO  server.GrpcService (GrpcService.java:startImpl(149)) - omNode-1: GrpcService started, listening on 0.0.0.0/0.0.0.0:13132
2019-08-22 21:26:16,671 [IPC Server listener on 13128] INFO  ipc.Server (Server.java:run(1153)) - IPC Server listener on 13128: starting
2019-08-22 21:26:16,671 [IPC Server Responder] INFO  ipc.Server (Server.java:run(1314)) - IPC Server Responder: starting
2019-08-22 21:26:16,680 [Thread-7213] INFO  hdfs.DFSUtil (DFSUtil.java:httpServerTemplateForNNAndJN(1641)) - Starting Web-server for ozoneManager at: http://0.0.0.0:13130
2019-08-22 21:26:16,681 [Thread-7213] INFO  server.AuthenticationFilter (AuthenticationFilter.java:constructSecretProvider(240)) - Unable to initialize FileSignerSecretProvider, falling back to use random secrets.
2019-08-22 21:26:16,681 [Thread-7213] WARN  http.HttpRequestLog (HttpRequestLog.java:getRequestLog(97)) - Jetty request log can only be enabled using Log4j
2019-08-22 21:26:16,683 [Thread-7213] INFO  http.HttpServer2 (HttpServer2.java:addGlobalFilter(975)) - Added global filter 'safety' (class=org.apache.hadoop.http.HttpServer2$QuotingInputFilter)
2019-08-22 21:26:16,683 [Thread-7213] INFO  http.HttpServer2 (HttpServer2.java:addFilter(948)) - Added filter static_user_filter (class=org.apache.hadoop.http.lib.StaticUserWebFilter$StaticUserFilter) to context ozoneManager
2019-08-22 21:26:16,683 [Thread-7213] INFO  http.HttpServer2 (HttpServer2.java:addFilter(958)) - Added filter static_user_filter (class=org.apache.hadoop.http.lib.StaticUserWebFilter$StaticUserFilter) to context static
2019-08-22 21:26:16,683 [Thread-7213] INFO  http.HttpServer2 (HttpServer2.java:addFilter(958)) - Added filter static_user_filter (class=org.apache.hadoop.http.lib.StaticUserWebFilter$StaticUserFilter) to context logs
2019-08-22 21:26:16,684 [Thread-7213] INFO  http.HttpServer2 (HttpServer2.java:bindListener(1191)) - Jetty bound to port 13130
2019-08-22 21:26:16,684 [Thread-7213] INFO  server.Server (Server.java:doStart(351)) - jetty-9.3.24.v20180605, build timestamp: 2018-06-05T17:11:56Z, git hash: 84205aa28f11a4f31f2a3b86d1bba2cc8ab69827
2019-08-22 21:26:16,685 [Thread-7213] INFO  handler.ContextHandler (ContextHandler.java:doStart(781)) - Started o.e.j.s.ServletContextHandler@49f16d2e{/logs,file:///workdir/hadoop-ozone/integration-test/target/log,AVAILABLE}
2019-08-22 21:26:16,686 [Thread-7213] INFO  handler.ContextHandler (ContextHandler.java:doStart(781)) - Started o.e.j.s.ServletContextHandler@7c46b1fc{/static,file:///workdir/hadoop-ozone/integration-test/target/test-classes/webapps/static,AVAILABLE}
2019-08-22 21:26:16,690 [Thread-7213] INFO  handler.ContextHandler (ContextHandler.java:doStart(781)) - Started o.e.j.w.WebAppContext@7cabe82{/,file:///workdir/hadoop-ozone/integration-test/target/test-classes/webapps/ozoneManager/,AVAILABLE}{/ozoneManager}
2019-08-22 21:26:16,690 [Thread-7213] INFO  server.AbstractConnector (AbstractConnector.java:doStart(278)) - Started ServerConnector@19222cc0{HTTP/1.1,[http/1.1]}{0.0.0.0:13130}
2019-08-22 21:26:16,692 [Thread-7213] INFO  server.Server (Server.java:doStart(419)) - Started @512716ms
2019-08-22 21:26:16,692 [Thread-7213] INFO  server.BaseHttpServer (BaseHttpServer.java:updateConnectorAddress(213)) - HTTP server of OZONEMANAGER is listening at http://0.0.0.0:13130
2019-08-22 21:26:16,693 [Thread-7213] INFO  ozone.MiniOzoneHAClusterImpl (MiniOzoneHAClusterImpl.java:createOMService(258)) - Started OzoneManager RPC server at localhost/127.0.0.1:13128
2019-08-22 21:26:16,693 [Thread-7213] WARN  server.ServerUtils (ServerUtils.java:getDBPath(222)) - ozone.om.db.dirs is not configured. We recommend adding this setting. Falling back to ozone.metadata.dirs instead.
2019-08-22 21:26:16,707 [Thread-7213] WARN  server.ServerUtils (ServerUtils.java:getDBPath(222)) - ozone.om.db.dirs is not configured. We recommend adding this setting. Falling back to ozone.metadata.dirs instead.
2019-08-22 21:26:16,707 [Thread-7213] WARN  server.ServerUtils (ServerUtils.java:getDBPath(222)) - ozone.om.db.dirs is not configured. We recommend adding this setting. Falling back to ozone.metadata.dirs instead.
2019-08-22 21:26:16,708 [Thread-7213] INFO  om.OzoneManager (OzoneManager.java:setOMNodeSpecificConfigs(694)) - Setting configuration key ozone.om.http-address with value of key ozone.om.http-address.omNode-2: 127.0.0.1:13136
2019-08-22 21:26:16,708 [Thread-7213] INFO  om.OzoneManager (OzoneManager.java:setOMNodeSpecificConfigs(694)) - Setting configuration key ozone.om.https-address with value of key ozone.om.https-address.omNode-2: 127.0.0.1:13137
2019-08-22 21:26:16,708 [Thread-7213] INFO  om.OzoneManager (OzoneManager.java:loadOMHAConfigs(605)) - Found matching OM address with OMServiceId: om-service-test1, OMNodeId: omNode-2, RPC Address: localhost:13134 and Ratis port: 13138
2019-08-22 21:26:16,710 | INFO  | SCMAudit | user=jenkins1000 | ip=192.168.36.65 | op=GET_SCM_INFO null | ret=SUCCESS |  
2019-08-22 21:26:16,716 [Thread-7213] WARN  server.ServerUtils (ServerUtils.java:getDBPath(222)) - ozone.om.db.dirs is not configured. We recommend adding this setting. Falling back to ozone.metadata.dirs instead.
2019-08-22 21:26:16,717 [Thread-7213] INFO  db.DBStoreBuilder (DBStoreBuilder.java:addTable(110)) - using custom profile for table: userTable
2019-08-22 21:26:16,717 [Thread-7213] INFO  db.DBStoreBuilder (DBStoreBuilder.java:processTables(161)) - Using default column profile:DBProfile.DISK for Table:userTable
2019-08-22 21:26:16,717 [Thread-7213] INFO  db.DBStoreBuilder (DBStoreBuilder.java:addTable(110)) - using custom profile for table: volumeTable
2019-08-22 21:26:16,717 [Thread-7213] INFO  db.DBStoreBuilder (DBStoreBuilder.java:processTables(161)) - Using default column profile:DBProfile.DISK for Table:volumeTable
2019-08-22 21:26:16,717 [Thread-7213] INFO  db.DBStoreBuilder (DBStoreBuilder.java:addTable(110)) - using custom profile for table: bucketTable
2019-08-22 21:26:16,717 [Thread-7213] INFO  db.DBStoreBuilder (DBStoreBuilder.java:processTables(161)) - Using default column profile:DBProfile.DISK for Table:bucketTable
2019-08-22 21:26:16,718 [Thread-7213] INFO  db.DBStoreBuilder (DBStoreBuilder.java:addTable(110)) - using custom profile for table: keyTable
2019-08-22 21:26:16,718 [Thread-7213] INFO  db.DBStoreBuilder (DBStoreBuilder.java:processTables(161)) - Using default column profile:DBProfile.DISK for Table:keyTable
2019-08-22 21:26:16,718 [Thread-7213] INFO  db.DBStoreBuilder (DBStoreBuilder.java:addTable(110)) - using custom profile for table: deletedTable
2019-08-22 21:26:16,718 [Thread-7213] INFO  db.DBStoreBuilder (DBStoreBuilder.java:processTables(161)) - Using default column profile:DBProfile.DISK for Table:deletedTable
2019-08-22 21:26:16,718 [Thread-7213] INFO  db.DBStoreBuilder (DBStoreBuilder.java:addTable(110)) - using custom profile for table: openKeyTable
2019-08-22 21:26:16,718 [Thread-7213] INFO  db.DBStoreBuilder (DBStoreBuilder.java:processTables(161)) - Using default column profile:DBProfile.DISK for Table:openKeyTable
2019-08-22 21:26:16,718 [Thread-7213] INFO  db.DBStoreBuilder (DBStoreBuilder.java:addTable(110)) - using custom profile for table: s3Table
2019-08-22 21:26:16,719 [Thread-7213] INFO  db.DBStoreBuilder (DBStoreBuilder.java:processTables(161)) - Using default column profile:DBProfile.DISK for Table:s3Table
2019-08-22 21:26:16,719 [Thread-7213] INFO  db.DBStoreBuilder (DBStoreBuilder.java:addTable(110)) - using custom profile for table: multipartInfoTable
2019-08-22 21:26:16,719 [Thread-7213] INFO  db.DBStoreBuilder (DBStoreBuilder.java:processTables(161)) - Using default column profile:DBProfile.DISK for Table:multipartInfoTable
2019-08-22 21:26:16,719 [Thread-7213] INFO  db.DBStoreBuilder (DBStoreBuilder.java:addTable(110)) - using custom profile for table: dTokenTable
2019-08-22 21:26:16,719 [Thread-7213] INFO  db.DBStoreBuilder (DBStoreBuilder.java:processTables(161)) - Using default column profile:DBProfile.DISK for Table:dTokenTable
2019-08-22 21:26:16,719 [Thread-7213] INFO  db.DBStoreBuilder (DBStoreBuilder.java:addTable(110)) - using custom profile for table: s3SecretTable
2019-08-22 21:26:16,719 [Thread-7213] INFO  db.DBStoreBuilder (DBStoreBuilder.java:processTables(161)) - Using default column profile:DBProfile.DISK for Table:s3SecretTable
2019-08-22 21:26:16,719 [Thread-7213] INFO  db.DBStoreBuilder (DBStoreBuilder.java:addTable(110)) - using custom profile for table: prefixTable
2019-08-22 21:26:16,720 [Thread-7213] INFO  db.DBStoreBuilder (DBStoreBuilder.java:processTables(161)) - Using default column profile:DBProfile.DISK for Table:prefixTable
2019-08-22 21:26:16,720 [Thread-7213] INFO  db.DBStoreBuilder (DBStoreBuilder.java:addTable(110)) - using custom profile for table: default
2019-08-22 21:26:16,720 [Thread-7213] INFO  db.DBStoreBuilder (DBStoreBuilder.java:processTables(167)) - Using default column profile:DBProfile.DISK for Table:default
2019-08-22 21:26:16,720 [Thread-7213] INFO  db.DBStoreBuilder (DBStoreBuilder.java:getDbProfile(198)) - Using default options. DBProfile.DISK
2019-08-22 21:26:17,450 [Thread-7213] WARN  scm.HddsServerUtil (HddsServerUtil.java:getDefaultRatisDirectory(354)) - Storage directory for Ratis is not configured. It is a good idea to map this to an SSD disk. Falling back to ozone.metadata.dirs
2019-08-22 21:26:17,454 [Thread-7213] INFO  ratis.OzoneManagerRatisServer (OzoneManagerRatisServer.java:<init>(241)) - Instantiating OM Ratis server with GroupID: om-service-test1 and Raft Peers: localhost:13138, localhost:13132, localhost:13144
2019-08-22 21:26:17,454 [KeyDeletingService#0] WARN  utils.BackgroundService (BackgroundService.java:lambda$run$0(135)) - Background task fails to execute, retrying in next interval
java.util.concurrent.ExecutionException: java.lang.NullPointerException
	at java.util.concurrent.FutureTask.report(FutureTask.java:122)
	at java.util.concurrent.FutureTask.get(FutureTask.java:206)
	at org.apache.hadoop.utils.BackgroundService$PeriodicalTask.lambda$run$0(BackgroundService.java:129)
	at java.util.stream.ForEachOps$ForEachOp$OfRef.accept(ForEachOps.java:184)
	at java.util.ArrayList$ArrayListSpliterator.forEachRemaining(ArrayList.java:1382)
	at java.util.stream.AbstractPipeline.copyInto(AbstractPipeline.java:482)
	at java.util.stream.ForEachOps$ForEachTask.compute(ForEachOps.java:291)
	at java.util.concurrent.CountedCompleter.exec(CountedCompleter.java:731)
	at java.util.concurrent.ForkJoinTask.doExec(ForkJoinTask.java:289)
	at java.util.concurrent.ForkJoinTask.doInvoke(ForkJoinTask.java:401)
	at java.util.concurrent.ForkJoinTask.invoke(ForkJoinTask.java:734)
	at java.util.stream.ForEachOps$ForEachOp.evaluateParallel(ForEachOps.java:160)
	at java.util.stream.ForEachOps$ForEachOp$OfRef.evaluateParallel(ForEachOps.java:174)
	at java.util.stream.AbstractPipeline.evaluate(AbstractPipeline.java:233)
	at java.util.stream.ReferencePipeline.forEach(ReferencePipeline.java:418)
	at java.util.stream.ReferencePipeline$Head.forEach(ReferencePipeline.java:583)
	at org.apache.hadoop.utils.BackgroundService$PeriodicalTask.run(BackgroundService.java:125)
	at java.util.concurrent.Executors$RunnableAdapter.call(Executors.java:511)
	at java.util.concurrent.FutureTask.runAndReset(FutureTask.java:308)
	at java.util.concurrent.ScheduledThreadPoolExecutor$ScheduledFutureTask.access$301(ScheduledThreadPoolExecutor.java:180)
	at java.util.concurrent.ScheduledThreadPoolExecutor$ScheduledFutureTask.run(ScheduledThreadPoolExecutor.java:294)
	at java.util.concurrent.ThreadPoolExecutor.runWorker(ThreadPoolExecutor.java:1149)
	at java.util.concurrent.ThreadPoolExecutor$Worker.run(ThreadPoolExecutor.java:624)
	at java.lang.Thread.run(Thread.java:748)
Caused by: java.lang.NullPointerException
	at org.apache.hadoop.ozone.om.OzoneManager.isLeader(OzoneManager.java:3408)
	at org.apache.hadoop.ozone.om.KeyDeletingService.shouldRun(KeyDeletingService.java:120)
	at org.apache.hadoop.ozone.om.KeyDeletingService.access$100(KeyDeletingService.java:58)
	at org.apache.hadoop.ozone.om.KeyDeletingService$KeyDeletingTask.call(KeyDeletingService.java:149)
	at org.apache.hadoop.ozone.om.KeyDeletingService$KeyDeletingTask.call(KeyDeletingService.java:137)
	at java.util.concurrent.FutureTask.run(FutureTask.java:266)
	at java.util.concurrent.Executors$RunnableAdapter.call(Executors.java:511)
	at java.util.concurrent.FutureTask.run(FutureTask.java:266)
	at java.util.concurrent.Executors$RunnableAdapter.call(Executors.java:511)
	at java.util.concurrent.FutureTask.run(FutureTask.java:266)
	at java.util.concurrent.ScheduledThreadPoolExecutor$ScheduledFutureTask.access$201(ScheduledThreadPoolExecutor.java:180)
	at java.util.concurrent.ScheduledThreadPoolExecutor$ScheduledFutureTask.run(ScheduledThreadPoolExecutor.java:293)
	... 3 more
2019-08-22 21:26:17,454 [Thread-7213] INFO  impl.RaftServerProxy (ConfUtils.java:logGet(43)) - raft.rpc.type = GRPC (default)
2019-08-22 21:26:17,463 [Thread-7213] INFO  grpc.GrpcFactory (GrpcFactory.java:checkPooledByteBufAllocatorUseCacheForAllThreads(45)) - PERFORMANCE WARNING: useCacheForAllThreads is true that may cause Netty to create a lot garbage objects and, as a result, trigger GC.
	It is recommended to disable useCacheForAllThreads by setting -Dorg.apache.ratis.thirdparty.io.netty.allocator.useCacheForAllThreads=false in command line.
2019-08-22 21:26:17,463 [Thread-7213] INFO  grpc.GrpcConfigKeys$Server (ConfUtils.java:logGet(43)) - raft.grpc.server.port = 13138 (custom)
2019-08-22 21:26:17,464 [Thread-7213] INFO  server.GrpcService (ConfUtils.java:logGet(43)) - raft.grpc.message.size.max = 33554432 (custom)
2019-08-22 21:26:17,464 [Thread-7213] INFO  server.RaftServerConfigKeys (ConfUtils.java:logGet(43)) - raft.server.log.appender.buffer.byte-limit = 33554432 (custom)
2019-08-22 21:26:17,464 [Thread-7213] INFO  server.GrpcService (ConfUtils.java:logGet(43)) - raft.grpc.flow.control.window = 1MB (=1048576) (default)
2019-08-22 21:26:17,464 [Thread-7213] INFO  server.RaftServerConfigKeys (ConfUtils.java:logGet(43)) - raft.server.rpc.request.timeout = 3000ms (default)
2019-08-22 21:26:17,465 [Thread-7213] INFO  server.RaftServerConfigKeys (ConfUtils.java:logGet(43)) - raft.server.storage.dir = [/workdir/hadoop-ozone/integration-test/target/test-dir/MiniOzoneClusterImpl-cf6507f4-c152-47c1-a61c-419edf2db18f/omNode-2/ratis] (custom)
2019-08-22 21:26:17,465 [Thread-7213] INFO  impl.RaftServerProxy (RaftServerProxy.java:addNew(89)) - omNode-2: addNew group-523986131536:[omNode-3:localhost:13144, omNode-1:localhost:13132, omNode-2:localhost:13138] returns group-523986131536:java.util.concurrent.CompletableFuture@6ea9d352[Not completed]
2019-08-22 21:26:17,466 [pool-1511-thread-1] INFO  impl.RaftServerImpl (RaftServerImpl.java:<init>(93)) - omNode-2: new RaftServerImpl for group-523986131536:[omNode-3:localhost:13144, omNode-1:localhost:13132, omNode-2:localhost:13138] with OzoneManagerStateMachine:uninitialized
2019-08-22 21:26:17,466 [Thread-7213] INFO  om.OzoneManager (OzoneManager.java:initializeRatisServer(1401)) - OzoneManager Ratis server initialized at port 13138
2019-08-22 21:26:17,468 [pool-1511-thread-1] INFO  server.RaftServerConfigKeys (ConfUtils.java:logGet(43)) - raft.server.rpc.timeout.min = 1s (custom)
2019-08-22 21:26:17,468 [Thread-7213] WARN  scm.HddsServerUtil (HddsServerUtil.java:getDefaultRatisDirectory(354)) - Storage directory for Ratis is not configured. It is a good idea to map this to an SSD disk. Falling back to ozone.metadata.dirs
2019-08-22 21:26:17,468 [pool-1511-thread-1] INFO  server.RaftServerConfigKeys (ConfUtils.java:logGet(43)) - raft.server.rpc.timeout.max = 1200ms (custom)
2019-08-22 21:26:17,468 [pool-1511-thread-1] INFO  server.RaftServerConfigKeys (ConfUtils.java:logGet(43)) - raft.server.rpcslowness.timeout = 2s (custom)
2019-08-22 21:26:17,469 [Thread-7213] WARN  scm.HddsServerUtil (HddsServerUtil.java:getDefaultRatisDirectory(354)) - Storage directory for Ratis is not configured. It is a good idea to map this to an SSD disk. Falling back to ozone.metadata.dirs
2019-08-22 21:26:17,469 [pool-1511-thread-1] INFO  server.RaftServerConfigKeys (ConfUtils.java:logGet(43)) - raft.server.sleep.deviation.threshold = 300 (default)
2019-08-22 21:26:17,469 [pool-1511-thread-1] INFO  server.RaftServerConfigKeys (ConfUtils.java:logGet(43)) - raft.server.log.appender.install.snapshot.enabled = false (custom)
2019-08-22 21:26:17,469 [Thread-7213] INFO  snapshot.OzoneManagerSnapshotProvider (OzoneManagerSnapshotProvider.java:<init>(81)) - Initializing OM Snapshot Provider
2019-08-22 21:26:17,469 [pool-1511-thread-1] INFO  impl.RaftServerImpl (ServerState.java:<init>(105)) - omNode-2:group-523986131536 ConfigurationManager, init=-1: [omNode-3:localhost:13144, omNode-1:localhost:13132, omNode-2:localhost:13138], old=null, confs=<EMPTY_MAP>
2019-08-22 21:26:17,469 [pool-1511-thread-1] INFO  server.RaftServerConfigKeys (ConfUtils.java:logGet(43)) - raft.server.storage.dir = [/workdir/hadoop-ozone/integration-test/target/test-dir/MiniOzoneClusterImpl-cf6507f4-c152-47c1-a61c-419edf2db18f/omNode-2/ratis] (custom)
2019-08-22 21:26:17,470 [pool-1511-thread-1] INFO  storage.RaftStorageDirectory (RaftStorageDirectory.java:analyzeStorage(246)) - The storage directory /workdir/hadoop-ozone/integration-test/target/test-dir/MiniOzoneClusterImpl-cf6507f4-c152-47c1-a61c-419edf2db18f/omNode-2/ratis/c9bc4cf4-3bc3-3c60-a66b-523986131536 does not exist. Creating ...
2019-08-22 21:26:17,470 [Thread-7213] INFO  ipc.CallQueueManager (CallQueueManager.java:<init>(84)) - Using callQueue: class java.util.concurrent.LinkedBlockingQueue, queueCapacity: 2000, scheduler: class org.apache.hadoop.ipc.DefaultRpcScheduler, ipcBackoff: false.
2019-08-22 21:26:17,471 [Socket Reader #1 for port 13134] INFO  ipc.Server (Server.java:run(1074)) - Starting Socket Reader #1 for port 13134
2019-08-22 21:26:17,488 [Thread-7213] INFO  om.OzoneManager (OzoneManager.java:start(1259)) - OzoneManager RPC server is listening at localhost/127.0.0.1:13134
2019-08-22 21:26:17,488 [Thread-7213] INFO  impl.MetricsSystemImpl (MetricsSystemImpl.java:init(158)) - OzoneManager metrics system started (again)
2019-08-22 21:26:17,488 [Thread-7213] INFO  ratis.OzoneManagerRatisServer (OzoneManagerRatisServer.java:start(331)) - Starting OzoneManagerRatisServer omNode-2 at port 13138
2019-08-22 21:26:17,489 [pool-1511-thread-1] INFO  storage.RaftStorageDirectory (RaftStorageDirectory.java:tryLock(328)) - Lock on /workdir/hadoop-ozone/integration-test/target/test-dir/MiniOzoneClusterImpl-cf6507f4-c152-47c1-a61c-419edf2db18f/omNode-2/ratis/c9bc4cf4-3bc3-3c60-a66b-523986131536/in_use.lock acquired by nodename 24060@pr-hdds-1975-qxxlx-297662434
2019-08-22 21:26:17,505 [pool-1511-thread-1] INFO  storage.RaftStorage (RaftStorage.java:format(72)) - Storage directory /workdir/hadoop-ozone/integration-test/target/test-dir/MiniOzoneClusterImpl-cf6507f4-c152-47c1-a61c-419edf2db18f/omNode-2/ratis/c9bc4cf4-3bc3-3c60-a66b-523986131536 has been successfully formatted.
2019-08-22 21:26:17,506 [pool-1511-thread-1] INFO  server.RaftServerConfigKeys (ConfUtils.java:logGet(43)) - raft.server.leader.election.timeout = 2s (custom)
2019-08-22 21:26:17,506 [pool-1511-thread-1] INFO  server.RaftServerConfigKeys (ConfUtils.java:logGet(43)) - raft.server.log.use.memory = false (default)
2019-08-22 21:26:17,506 [pool-1511-thread-1] INFO  server.RaftServerConfigKeys (ConfUtils.java:logGet(43)) - raft.server.log.purge.gap = 1000000 (custom)
2019-08-22 21:26:17,506 [pool-1511-thread-1] INFO  server.RaftServerConfigKeys (ConfUtils.java:logGet(43)) - raft.server.log.appender.buffer.byte-limit = 33554432 (custom)
2019-08-22 21:26:17,506 [pool-1511-thread-1] INFO  server.RaftServerConfigKeys (ConfUtils.java:logGet(43)) - raft.server.log.segment.size.max = 16384 (custom)
2019-08-22 21:26:17,506 [pool-1511-thread-1] INFO  server.RaftServerConfigKeys (ConfUtils.java:logGet(43)) - raft.server.log.segment.cache.num.max = 2 (custom)
2019-08-22 21:26:17,506 [pool-1511-thread-1] INFO  segmented.SegmentedRaftLogWorker (SegmentedRaftLogWorker.java:<init>(172)) - new omNode-2-SegmentedRaftLogWorker:Storage Directory /workdir/hadoop-ozone/integration-test/target/test-dir/MiniOzoneClusterImpl-cf6507f4-c152-47c1-a61c-419edf2db18f/omNode-2/ratis/c9bc4cf4-3bc3-3c60-a66b-523986131536 for RaftStorage:Storage Directory /workdir/hadoop-ozone/integration-test/target/test-dir/MiniOzoneClusterImpl-cf6507f4-c152-47c1-a61c-419edf2db18f/omNode-2/ratis/c9bc4cf4-3bc3-3c60-a66b-523986131536
2019-08-22 21:26:17,506 [pool-1511-thread-1] INFO  server.RaftServerConfigKeys (ConfUtils.java:logGet(43)) - raft.server.log.queue.byte-limit = 64MB (=67108864) (default)
2019-08-22 21:26:17,507 [pool-1511-thread-1] INFO  server.RaftServerConfigKeys (ConfUtils.java:logGet(43)) - raft.server.log.queue.element-limit = 4096 (default)
2019-08-22 21:26:17,507 [pool-1511-thread-1] INFO  server.RaftServerConfigKeys (ConfUtils.java:logGet(43)) - raft.server.log.segment.size.max = 16384 (custom)
2019-08-22 21:26:17,507 [pool-1511-thread-1] INFO  server.RaftServerConfigKeys (ConfUtils.java:logGet(43)) - raft.server.log.preallocated.size = 16384 (custom)
2019-08-22 21:26:17,507 [pool-1511-thread-1] INFO  server.RaftServerConfigKeys (ConfUtils.java:logGet(43)) - raft.server.log.write.buffer.size = 64KB (=65536) (default)
2019-08-22 21:26:17,507 [pool-1511-thread-1] INFO  server.RaftServerConfigKeys (ConfUtils.java:logGet(43)) - raft.server.log.force.sync.num = 128 (default)
2019-08-22 21:26:17,507 [pool-1511-thread-1] INFO  server.RaftServerConfigKeys (ConfUtils.java:logGet(43)) - raft.server.log.statemachine.data.sync = true (default)
2019-08-22 21:26:17,507 [pool-1511-thread-1] INFO  server.RaftServerConfigKeys (ConfUtils.java:logGet(43)) - raft.server.log.statemachine.data.sync.timeout = 10s (default)
2019-08-22 21:26:17,507 [pool-1511-thread-1] INFO  server.RaftServerConfigKeys (ConfUtils.java:logGet(43)) - raft.server.log.statemachine.data.sync.timeout.retry = -1 (default)
2019-08-22 21:26:17,507 [pool-1511-thread-1] INFO  server.RaftServerConfigKeys (ConfUtils.java:logGet(43)) - raft.server.log.statemachine.data.caching.enabled = false (default)
2019-08-22 21:26:17,507 [pool-1511-thread-1] INFO  segmented.SegmentedRaftLogWorker (SegmentedRaftLogWorker.java:lambda$new$0(132)) - omNode-2-SegmentedRaftLogWorker:Storage Directory /workdir/hadoop-ozone/integration-test/target/test-dir/MiniOzoneClusterImpl-cf6507f4-c152-47c1-a61c-419edf2db18f/omNode-2/ratis/c9bc4cf4-3bc3-3c60-a66b-523986131536: flushIndex: setUnconditionally 0 -> -1
2019-08-22 21:26:17,508 [pool-1511-thread-1] INFO  server.RaftServerConfigKeys (ConfUtils.java:logGet(43)) - raft.server.snapshot.auto.trigger.enabled = true (custom)
2019-08-22 21:26:17,508 [pool-1511-thread-1] INFO  server.RaftServerConfigKeys (ConfUtils.java:logGet(43)) - raft.server.snapshot.auto.trigger.threshold = 50 (custom)
2019-08-22 21:26:17,508 [pool-1511-thread-1] INFO  server.RaftServerConfigKeys (ConfUtils.java:logGet(43)) - raft.server.retrycache.expirytime = 600000ms (custom)
2019-08-22 21:26:17,508 [Thread-7213] INFO  impl.RaftServerImpl (RaftServerImpl.java:start(180)) - omNode-2: start group-523986131536
2019-08-22 21:26:17,511 [Thread-7213] INFO  impl.RaftServerImpl (RaftServerImpl.java:setRole(171)) - omNode-2:group-523986131536 changes role from null to FOLLOWER at term 0 for startAsFollower
2019-08-22 21:26:17,511 [Thread-7213] INFO  impl.RoleInfo (RoleInfo.java:updateAndGet(143)) - omNode-2: start FollowerState
2019-08-22 21:26:17,511 [Thread-7213] INFO  util.JmxRegister (JmxRegister.java:tryRegister(44)) - Successfully registered JMX Bean with object name Ratis:service=RaftServer,group=group-523986131536,id=omNode-2
2019-08-22 21:26:17,512 [Thread-7213] INFO  impl.RaftServerProxy (RaftServerProxy.java:lambda$start$3(299)) - omNode-2: start RPC server
2019-08-22 21:26:17,513 [Thread-7213] INFO  server.GrpcService (GrpcService.java:startImpl(149)) - omNode-2: GrpcService started, listening on 0.0.0.0/0.0.0.0:13138
2019-08-22 21:26:17,514 [IPC Server Responder] INFO  ipc.Server (Server.java:run(1314)) - IPC Server Responder: starting
2019-08-22 21:26:17,514 [IPC Server listener on 13134] INFO  ipc.Server (Server.java:run(1153)) - IPC Server listener on 13134: starting
2019-08-22 21:26:17,520 [Thread-7213] INFO  hdfs.DFSUtil (DFSUtil.java:httpServerTemplateForNNAndJN(1641)) - Starting Web-server for ozoneManager at: http://0.0.0.0:13136
2019-08-22 21:26:17,521 [Thread-7213] INFO  server.AuthenticationFilter (AuthenticationFilter.java:constructSecretProvider(240)) - Unable to initialize FileSignerSecretProvider, falling back to use random secrets.
2019-08-22 21:26:17,521 [Thread-7213] WARN  http.HttpRequestLog (HttpRequestLog.java:getRequestLog(97)) - Jetty request log can only be enabled using Log4j
2019-08-22 21:26:17,522 [Thread-7213] INFO  http.HttpServer2 (HttpServer2.java:addGlobalFilter(975)) - Added global filter 'safety' (class=org.apache.hadoop.http.HttpServer2$QuotingInputFilter)
2019-08-22 21:26:17,522 [Thread-7213] INFO  http.HttpServer2 (HttpServer2.java:addFilter(948)) - Added filter static_user_filter (class=org.apache.hadoop.http.lib.StaticUserWebFilter$StaticUserFilter) to context ozoneManager
2019-08-22 21:26:17,522 [Thread-7213] INFO  http.HttpServer2 (HttpServer2.java:addFilter(958)) - Added filter static_user_filter (class=org.apache.hadoop.http.lib.StaticUserWebFilter$StaticUserFilter) to context static
2019-08-22 21:26:17,523 [Thread-7213] INFO  http.HttpServer2 (HttpServer2.java:addFilter(958)) - Added filter static_user_filter (class=org.apache.hadoop.http.lib.StaticUserWebFilter$StaticUserFilter) to context logs
2019-08-22 21:26:17,523 [Thread-7213] INFO  http.HttpServer2 (HttpServer2.java:bindListener(1191)) - Jetty bound to port 13136
2019-08-22 21:26:17,523 [Thread-7213] INFO  server.Server (Server.java:doStart(351)) - jetty-9.3.24.v20180605, build timestamp: 2018-06-05T17:11:56Z, git hash: 84205aa28f11a4f31f2a3b86d1bba2cc8ab69827
2019-08-22 21:26:17,524 [Thread-7213] INFO  handler.ContextHandler (ContextHandler.java:doStart(781)) - Started o.e.j.s.ServletContextHandler@56d29ecb{/logs,file:///workdir/hadoop-ozone/integration-test/target/log,AVAILABLE}
2019-08-22 21:26:17,525 [Thread-7213] INFO  handler.ContextHandler (ContextHandler.java:doStart(781)) - Started o.e.j.s.ServletContextHandler@ff66537{/static,file:///workdir/hadoop-ozone/integration-test/target/test-classes/webapps/static,AVAILABLE}
2019-08-22 21:26:17,528 [Thread-7213] INFO  handler.ContextHandler (ContextHandler.java:doStart(781)) - Started o.e.j.w.WebAppContext@1e0c72ad{/,file:///workdir/hadoop-ozone/integration-test/target/test-classes/webapps/ozoneManager/,AVAILABLE}{/ozoneManager}
2019-08-22 21:26:17,528 [Thread-7213] INFO  server.AbstractConnector (AbstractConnector.java:doStart(278)) - Started ServerConnector@2daf7ba6{HTTP/1.1,[http/1.1]}{0.0.0.0:13136}
2019-08-22 21:26:17,529 [Thread-7213] INFO  server.Server (Server.java:doStart(419)) - Started @513554ms
2019-08-22 21:26:17,530 [Thread-7213] INFO  server.BaseHttpServer (BaseHttpServer.java:updateConnectorAddress(213)) - HTTP server of OZONEMANAGER is listening at http://0.0.0.0:13136
2019-08-22 21:26:17,530 [Thread-7213] INFO  ozone.MiniOzoneHAClusterImpl (MiniOzoneHAClusterImpl.java:createOMService(258)) - Started OzoneManager RPC server at localhost/127.0.0.1:13134
2019-08-22 21:26:17,530 [Thread-7213] WARN  server.ServerUtils (ServerUtils.java:getDBPath(222)) - ozone.om.db.dirs is not configured. We recommend adding this setting. Falling back to ozone.metadata.dirs instead.
2019-08-22 21:26:17,549 [Thread-7213] WARN  server.ServerUtils (ServerUtils.java:getDBPath(222)) - ozone.om.db.dirs is not configured. We recommend adding this setting. Falling back to ozone.metadata.dirs instead.
2019-08-22 21:26:17,549 [Thread-7213] WARN  server.ServerUtils (ServerUtils.java:getDBPath(222)) - ozone.om.db.dirs is not configured. We recommend adding this setting. Falling back to ozone.metadata.dirs instead.
2019-08-22 21:26:17,550 [Thread-7213] INFO  om.OzoneManager (OzoneManager.java:setOMNodeSpecificConfigs(694)) - Setting configuration key ozone.om.http-address with value of key ozone.om.http-address.omNode-3: 127.0.0.1:13142
2019-08-22 21:26:17,550 [Thread-7213] INFO  om.OzoneManager (OzoneManager.java:setOMNodeSpecificConfigs(694)) - Setting configuration key ozone.om.https-address with value of key ozone.om.https-address.omNode-3: 127.0.0.1:13143
2019-08-22 21:26:17,550 [Thread-7213] INFO  om.OzoneManager (OzoneManager.java:loadOMHAConfigs(605)) - Found matching OM address with OMServiceId: om-service-test1, OMNodeId: omNode-3, RPC Address: localhost:13140 and Ratis port: 13144
2019-08-22 21:26:17,551 | INFO  | SCMAudit | user=jenkins1000 | ip=192.168.36.65 | op=GET_SCM_INFO null | ret=SUCCESS |  
2019-08-22 21:26:17,554 [Thread-7213] WARN  server.ServerUtils (ServerUtils.java:getDBPath(222)) - ozone.om.db.dirs is not configured. We recommend adding this setting. Falling back to ozone.metadata.dirs instead.
2019-08-22 21:26:17,554 [Thread-7213] INFO  db.DBStoreBuilder (DBStoreBuilder.java:addTable(110)) - using custom profile for table: userTable
2019-08-22 21:26:17,554 [Thread-7213] INFO  db.DBStoreBuilder (DBStoreBuilder.java:processTables(161)) - Using default column profile:DBProfile.DISK for Table:userTable
2019-08-22 21:26:17,554 [Thread-7213] INFO  db.DBStoreBuilder (DBStoreBuilder.java:addTable(110)) - using custom profile for table: volumeTable
2019-08-22 21:26:17,554 [Thread-7213] INFO  db.DBStoreBuilder (DBStoreBuilder.java:processTables(161)) - Using default column profile:DBProfile.DISK for Table:volumeTable
2019-08-22 21:26:17,554 [Thread-7213] INFO  db.DBStoreBuilder (DBStoreBuilder.java:addTable(110)) - using custom profile for table: bucketTable
2019-08-22 21:26:17,554 [Thread-7213] INFO  db.DBStoreBuilder (DBStoreBuilder.java:processTables(161)) - Using default column profile:DBProfile.DISK for Table:bucketTable
2019-08-22 21:26:17,555 [Thread-7213] INFO  db.DBStoreBuilder (DBStoreBuilder.java:addTable(110)) - using custom profile for table: keyTable
2019-08-22 21:26:17,555 [Thread-7213] INFO  db.DBStoreBuilder (DBStoreBuilder.java:processTables(161)) - Using default column profile:DBProfile.DISK for Table:keyTable
2019-08-22 21:26:17,555 [Thread-7213] INFO  db.DBStoreBuilder (DBStoreBuilder.java:addTable(110)) - using custom profile for table: deletedTable
2019-08-22 21:26:17,555 [Thread-7213] INFO  db.DBStoreBuilder (DBStoreBuilder.java:processTables(161)) - Using default column profile:DBProfile.DISK for Table:deletedTable
2019-08-22 21:26:17,555 [Thread-7213] INFO  db.DBStoreBuilder (DBStoreBuilder.java:addTable(110)) - using custom profile for table: openKeyTable
2019-08-22 21:26:17,555 [Thread-7213] INFO  db.DBStoreBuilder (DBStoreBuilder.java:processTables(161)) - Using default column profile:DBProfile.DISK for Table:openKeyTable
2019-08-22 21:26:17,555 [Thread-7213] INFO  db.DBStoreBuilder (DBStoreBuilder.java:addTable(110)) - using custom profile for table: s3Table
2019-08-22 21:26:17,555 [Thread-7213] INFO  db.DBStoreBuilder (DBStoreBuilder.java:processTables(161)) - Using default column profile:DBProfile.DISK for Table:s3Table
2019-08-22 21:26:17,555 [Thread-7213] INFO  db.DBStoreBuilder (DBStoreBuilder.java:addTable(110)) - using custom profile for table: multipartInfoTable
2019-08-22 21:26:17,556 [Thread-7213] INFO  db.DBStoreBuilder (DBStoreBuilder.java:processTables(161)) - Using default column profile:DBProfile.DISK for Table:multipartInfoTable
2019-08-22 21:26:17,556 [Thread-7213] INFO  db.DBStoreBuilder (DBStoreBuilder.java:addTable(110)) - using custom profile for table: dTokenTable
2019-08-22 21:26:17,556 [Thread-7213] INFO  db.DBStoreBuilder (DBStoreBuilder.java:processTables(161)) - Using default column profile:DBProfile.DISK for Table:dTokenTable
2019-08-22 21:26:17,556 [Thread-7213] INFO  db.DBStoreBuilder (DBStoreBuilder.java:addTable(110)) - using custom profile for table: s3SecretTable
2019-08-22 21:26:17,556 [Thread-7213] INFO  db.DBStoreBuilder (DBStoreBuilder.java:processTables(161)) - Using default column profile:DBProfile.DISK for Table:s3SecretTable
2019-08-22 21:26:17,556 [Thread-7213] INFO  db.DBStoreBuilder (DBStoreBuilder.java:addTable(110)) - using custom profile for table: prefixTable
2019-08-22 21:26:17,556 [Thread-7213] INFO  db.DBStoreBuilder (DBStoreBuilder.java:processTables(161)) - Using default column profile:DBProfile.DISK for Table:prefixTable
2019-08-22 21:26:17,556 [Thread-7213] INFO  db.DBStoreBuilder (DBStoreBuilder.java:addTable(110)) - using custom profile for table: default
2019-08-22 21:26:17,556 [Thread-7213] INFO  db.DBStoreBuilder (DBStoreBuilder.java:processTables(167)) - Using default column profile:DBProfile.DISK for Table:default
2019-08-22 21:26:17,557 [Thread-7213] INFO  db.DBStoreBuilder (DBStoreBuilder.java:getDbProfile(198)) - Using default options. DBProfile.DISK
2019-08-22 21:26:17,697 [Thread-7313] INFO  impl.FollowerState (FollowerState.java:run(106)) - omNode-1:group-523986131536 changes to CANDIDATE, lastRpcTime:1031, electionTimeout:1031ms
2019-08-22 21:26:17,698 [Thread-7313] INFO  impl.RoleInfo (RoleInfo.java:shutdownFollowerState(121)) - omNode-1: shutdown FollowerState
2019-08-22 21:26:17,698 [Thread-7313] INFO  impl.RaftServerImpl (RaftServerImpl.java:setRole(171)) - omNode-1:group-523986131536 changes role from FOLLOWER to CANDIDATE at term 0 for changeToCandidate
2019-08-22 21:26:17,698 [Thread-7313] INFO  impl.RoleInfo (RoleInfo.java:updateAndGet(143)) - omNode-1: start LeaderElection
2019-08-22 21:26:17,804 [omNode-1:group-523986131536:LeaderElection54] INFO  impl.LeaderElection (LeaderElection.java:askForVotes(181)) - omNode-1:group-523986131536:LeaderElection54: begin an election at term 1 for -1: [omNode-3:localhost:13144, omNode-1:localhost:13132, omNode-2:localhost:13138], old=null
2019-08-22 21:26:17,811 [omNode-1:group-523986131536:LeaderElection54] INFO  impl.LeaderElection (LogUtils.java:infoOrTrace(149)) - omNode-1:group-523986131536:LeaderElection54 got exception when requesting votes: {}
java.util.concurrent.ExecutionException: org.apache.ratis.thirdparty.io.grpc.StatusRuntimeException: UNAVAILABLE: io exception
	at java.util.concurrent.FutureTask.report(FutureTask.java:122)
	at java.util.concurrent.FutureTask.get(FutureTask.java:192)
	at org.apache.ratis.server.impl.LeaderElection.waitForResults(LeaderElection.java:262)
	at org.apache.ratis.server.impl.LeaderElection.askForVotes(LeaderElection.java:200)
	at org.apache.ratis.server.impl.LeaderElection.run(LeaderElection.java:130)
	at java.lang.Thread.run(Thread.java:748)
Caused by: org.apache.ratis.thirdparty.io.grpc.StatusRuntimeException: UNAVAILABLE: io exception
	at org.apache.ratis.thirdparty.io.grpc.stub.ClientCalls.toStatusRuntimeException(ClientCalls.java:233)
	at org.apache.ratis.thirdparty.io.grpc.stub.ClientCalls.getUnchecked(ClientCalls.java:214)
	at org.apache.ratis.thirdparty.io.grpc.stub.ClientCalls.blockingUnaryCall(ClientCalls.java:139)
	at org.apache.ratis.proto.grpc.RaftServerProtocolServiceGrpc$RaftServerProtocolServiceBlockingStub.requestVote(RaftServerProtocolServiceGrpc.java:265)
	at org.apache.ratis.grpc.server.GrpcServerProtocolClient.requestVote(GrpcServerProtocolClient.java:83)
	at org.apache.ratis.grpc.server.GrpcService.requestVote(GrpcService.java:195)
	at org.apache.ratis.server.impl.LeaderElection.lambda$submitRequests$1(LeaderElection.java:237)
	at java.util.concurrent.FutureTask.run(FutureTask.java:266)
	at java.util.concurrent.Executors$RunnableAdapter.call(Executors.java:511)
	at java.util.concurrent.FutureTask.run(FutureTask.java:266)
	at java.util.concurrent.ThreadPoolExecutor.runWorker(ThreadPoolExecutor.java:1149)
	at java.util.concurrent.ThreadPoolExecutor$Worker.run(ThreadPoolExecutor.java:624)
	... 1 more
Caused by: org.apache.ratis.thirdparty.io.netty.channel.AbstractChannel$AnnotatedConnectException: Connection refused: localhost/127.0.0.1:13144
	at sun.nio.ch.SocketChannelImpl.checkConnect(Native Method)
	at sun.nio.ch.SocketChannelImpl.finishConnect(SocketChannelImpl.java:717)
	at org.apache.ratis.thirdparty.io.netty.channel.socket.nio.NioSocketChannel.doFinishConnect(NioSocketChannel.java:327)
	at org.apache.ratis.thirdparty.io.netty.channel.nio.AbstractNioChannel$AbstractNioUnsafe.finishConnect(AbstractNioChannel.java:340)
	at org.apache.ratis.thirdparty.io.netty.channel.nio.NioEventLoop.processSelectedKey(NioEventLoop.java:632)
	at org.apache.ratis.thirdparty.io.netty.channel.nio.NioEventLoop.processSelectedKeysOptimized(NioEventLoop.java:579)
	at org.apache.ratis.thirdparty.io.netty.channel.nio.NioEventLoop.processSelectedKeys(NioEventLoop.java:496)
	at org.apache.ratis.thirdparty.io.netty.channel.nio.NioEventLoop.run(NioEventLoop.java:458)
	at org.apache.ratis.thirdparty.io.netty.util.concurrent.SingleThreadEventExecutor$5.run(SingleThreadEventExecutor.java:897)
	at org.apache.ratis.thirdparty.io.netty.util.concurrent.FastThreadLocalRunnable.run(FastThreadLocalRunnable.java:30)
	... 1 more
Caused by: java.net.ConnectException: Connection refused
	... 11 more
2019-08-22 21:26:17,819 [grpc-default-executor-5] INFO  impl.RaftServerImpl (RaftServerImpl.java:setRole(171)) - omNode-2:group-523986131536 changes role from FOLLOWER to FOLLOWER at term 1 for recognizeCandidate:omNode-1
2019-08-22 21:26:17,820 [grpc-default-executor-5] INFO  impl.RoleInfo (RoleInfo.java:shutdownFollowerState(121)) - omNode-2: shutdown FollowerState
2019-08-22 21:26:17,820 [grpc-default-executor-5] INFO  impl.RoleInfo (RoleInfo.java:updateAndGet(143)) - omNode-2: start FollowerState
2019-08-22 21:26:17,820 [Thread-7352] INFO  impl.FollowerState (FollowerState.java:run(114)) - omNode-2: FollowerState was interrupted: java.lang.InterruptedException: sleep interrupted
2019-08-22 21:26:17,843 [omNode-1:group-523986131536:LeaderElection54] INFO  impl.LeaderElection (LeaderElection.java:logAndReturn(56)) - omNode-1:group-523986131536:LeaderElection54: Election PASSED; received 1 response(s) [omNode-1<-omNode-2#0:OK-t1] and 1 exception(s); omNode-1:t1, leader=null, voted=omNode-1, raftlog=omNode-1-SegmentedRaftLog:OPENED:c-1,f-1,i0, conf=-1: [omNode-3:localhost:13144, omNode-1:localhost:13132, omNode-2:localhost:13138], old=null
2019-08-22 21:26:17,843 [omNode-1:group-523986131536:LeaderElection54] INFO  impl.LeaderElection (LogUtils.java:infoOrTrace(149)) -   Exception 0: {}
java.util.concurrent.ExecutionException: org.apache.ratis.thirdparty.io.grpc.StatusRuntimeException: UNAVAILABLE: io exception
	at java.util.concurrent.FutureTask.report(FutureTask.java:122)
	at java.util.concurrent.FutureTask.get(FutureTask.java:192)
	at org.apache.ratis.server.impl.LeaderElection.waitForResults(LeaderElection.java:262)
	at org.apache.ratis.server.impl.LeaderElection.askForVotes(LeaderElection.java:200)
	at org.apache.ratis.server.impl.LeaderElection.run(LeaderElection.java:130)
	at java.lang.Thread.run(Thread.java:748)
Caused by: org.apache.ratis.thirdparty.io.grpc.StatusRuntimeException: UNAVAILABLE: io exception
	at org.apache.ratis.thirdparty.io.grpc.stub.ClientCalls.toStatusRuntimeException(ClientCalls.java:233)
	at org.apache.ratis.thirdparty.io.grpc.stub.ClientCalls.getUnchecked(ClientCalls.java:214)
	at org.apache.ratis.thirdparty.io.grpc.stub.ClientCalls.blockingUnaryCall(ClientCalls.java:139)
	at org.apache.ratis.proto.grpc.RaftServerProtocolServiceGrpc$RaftServerProtocolServiceBlockingStub.requestVote(RaftServerProtocolServiceGrpc.java:265)
	at org.apache.ratis.grpc.server.GrpcServerProtocolClient.requestVote(GrpcServerProtocolClient.java:83)
	at org.apache.ratis.grpc.server.GrpcService.requestVote(GrpcService.java:195)
	at org.apache.ratis.server.impl.LeaderElection.lambda$submitRequests$1(LeaderElection.java:237)
	at java.util.concurrent.FutureTask.run(FutureTask.java:266)
	at java.util.concurrent.Executors$RunnableAdapter.call(Executors.java:511)
	at java.util.concurrent.FutureTask.run(FutureTask.java:266)
	at java.util.concurrent.ThreadPoolExecutor.runWorker(ThreadPoolExecutor.java:1149)
	at java.util.concurrent.ThreadPoolExecutor$Worker.run(ThreadPoolExecutor.java:624)
	... 1 more
Caused by: org.apache.ratis.thirdparty.io.netty.channel.AbstractChannel$AnnotatedConnectException: Connection refused: localhost/127.0.0.1:13144
	at sun.nio.ch.SocketChannelImpl.checkConnect(Native Method)
	at sun.nio.ch.SocketChannelImpl.finishConnect(SocketChannelImpl.java:717)
	at org.apache.ratis.thirdparty.io.netty.channel.socket.nio.NioSocketChannel.doFinishConnect(NioSocketChannel.java:327)
	at org.apache.ratis.thirdparty.io.netty.channel.nio.AbstractNioChannel$AbstractNioUnsafe.finishConnect(AbstractNioChannel.java:340)
	at org.apache.ratis.thirdparty.io.netty.channel.nio.NioEventLoop.processSelectedKey(NioEventLoop.java:632)
	at org.apache.ratis.thirdparty.io.netty.channel.nio.NioEventLoop.processSelectedKeysOptimized(NioEventLoop.java:579)
	at org.apache.ratis.thirdparty.io.netty.channel.nio.NioEventLoop.processSelectedKeys(NioEventLoop.java:496)
	at org.apache.ratis.thirdparty.io.netty.channel.nio.NioEventLoop.run(NioEventLoop.java:458)
	at org.apache.ratis.thirdparty.io.netty.util.concurrent.SingleThreadEventExecutor$5.run(SingleThreadEventExecutor.java:897)
	at org.apache.ratis.thirdparty.io.netty.util.concurrent.FastThreadLocalRunnable.run(FastThreadLocalRunnable.java:30)
	... 1 more
Caused by: java.net.ConnectException: Connection refused
	... 11 more
2019-08-22 21:26:17,843 [omNode-1:group-523986131536:LeaderElection54] INFO  impl.RoleInfo (RoleInfo.java:shutdownLeaderElection(134)) - omNode-1: shutdown LeaderElection
2019-08-22 21:26:17,846 [omNode-1:group-523986131536:LeaderElection54] INFO  impl.RaftServerImpl (RaftServerImpl.java:setRole(171)) - omNode-1:group-523986131536 changes role from CANDIDATE to LEADER at term 1 for changeToLeader
2019-08-22 21:26:17,846 [omNode-1:group-523986131536:LeaderElection54] INFO  impl.RaftServerImpl (ServerState.java:setLeader(263)) - omNode-1:group-523986131536 change Leader from null to omNode-1 at term 1 for becomeLeader, leader elected after 1187ms
2019-08-22 21:26:17,846 [omNode-1:group-523986131536:LeaderElection54] INFO  server.RaftServerConfigKeys (ConfUtils.java:logGet(43)) - raft.server.staging.catchup.gap = 1000 (default)
2019-08-22 21:26:17,847 [omNode-1:group-523986131536:LeaderElection54] INFO  server.RaftServerConfigKeys (ConfUtils.java:logGet(43)) - raft.server.rpc.sleep.time = 25ms (default)
2019-08-22 21:26:17,847 [omNode-1:group-523986131536:LeaderElection54] INFO  server.RaftServerConfigKeys (ConfUtils.java:logGet(43)) - raft.server.write.element-limit = 4096 (default)
2019-08-22 21:26:17,847 [omNode-1:group-523986131536:LeaderElection54] INFO  server.RaftServerConfigKeys (ConfUtils.java:logGet(43)) - raft.server.watch.timeout = 10s (default)
2019-08-22 21:26:17,847 [omNode-1:group-523986131536:LeaderElection54] INFO  server.RaftServerConfigKeys (ConfUtils.java:logGet(43)) - raft.server.watch.timeout.denomination = 1s (default)
2019-08-22 21:26:17,847 [omNode-1:group-523986131536:LeaderElection54] INFO  server.RaftServerConfigKeys (ConfUtils.java:logGet(43)) - raft.server.watch.element-limit = 65536 (default)
2019-08-22 21:26:17,848 [omNode-1:group-523986131536:LeaderElection54] INFO  server.RaftServerConfigKeys (ConfUtils.java:logGet(43)) - raft.server.log.appender.snapshot.chunk.size.max = 16MB (=16777216) (default)
2019-08-22 21:26:17,848 [omNode-1:group-523986131536:LeaderElection54] INFO  server.RaftServerConfigKeys (ConfUtils.java:logGet(43)) - raft.server.log.appender.buffer.byte-limit = 33554432 (custom)
2019-08-22 21:26:17,848 [omNode-1:group-523986131536:LeaderElection54] INFO  server.RaftServerConfigKeys (ConfUtils.java:logGet(43)) - raft.server.log.appender.buffer.element-limit = 1024 (custom)
2019-08-22 21:26:17,848 [omNode-1:group-523986131536:LeaderElection54] INFO  grpc.GrpcConfigKeys$Server (ConfUtils.java:logGet(43)) - raft.grpc.server.leader.outstanding.appends.max = 128 (default)
2019-08-22 21:26:17,849 [omNode-1:group-523986131536:LeaderElection54] INFO  server.RaftServerConfigKeys (ConfUtils.java:logGet(43)) - raft.server.rpc.request.timeout = 3000ms (default)
2019-08-22 21:26:17,849 [omNode-1:group-523986131536:LeaderElection54] INFO  server.RaftServerConfigKeys (ConfUtils.java:logGet(43)) - raft.server.log.appender.install.snapshot.enabled = false (custom)
2019-08-22 21:26:17,849 [omNode-1:group-523986131536:LeaderElection54] INFO  server.RaftServerConfigKeys (ConfUtils.java:logGet(43)) - raft.server.log.appender.snapshot.chunk.size.max = 16MB (=16777216) (default)
2019-08-22 21:26:17,849 [omNode-1:group-523986131536:LeaderElection54] INFO  server.RaftServerConfigKeys (ConfUtils.java:logGet(43)) - raft.server.log.appender.buffer.byte-limit = 33554432 (custom)
2019-08-22 21:26:17,849 [omNode-1:group-523986131536:LeaderElection54] INFO  server.RaftServerConfigKeys (ConfUtils.java:logGet(43)) - raft.server.log.appender.buffer.element-limit = 1024 (custom)
2019-08-22 21:26:17,849 [omNode-1:group-523986131536:LeaderElection54] INFO  grpc.GrpcConfigKeys$Server (ConfUtils.java:logGet(43)) - raft.grpc.server.leader.outstanding.appends.max = 128 (default)
2019-08-22 21:26:17,850 [omNode-1:group-523986131536:LeaderElection54] INFO  server.RaftServerConfigKeys (ConfUtils.java:logGet(43)) - raft.server.rpc.request.timeout = 3000ms (default)
2019-08-22 21:26:17,850 [omNode-1:group-523986131536:LeaderElection54] INFO  server.RaftServerConfigKeys (ConfUtils.java:logGet(43)) - raft.server.log.appender.install.snapshot.enabled = false (custom)
2019-08-22 21:26:17,850 [omNode-1:group-523986131536:LeaderElection54] INFO  impl.RoleInfo (RoleInfo.java:updateAndGet(143)) - omNode-1: start LeaderState
2019-08-22 21:26:17,851 [omNode-1:group-523986131536:LeaderElection54] INFO  segmented.SegmentedRaftLogWorker (SegmentedRaftLogWorker.java:startLogSegment(380)) - omNode-1-SegmentedRaftLogWorker:Storage Directory /workdir/hadoop-ozone/integration-test/target/test-dir/MiniOzoneClusterImpl-cf6507f4-c152-47c1-a61c-419edf2db18f/omNode-1/ratis/c9bc4cf4-3bc3-3c60-a66b-523986131536: Starting segment from index:0
2019-08-22 21:26:17,854 [omNode-1:group-523986131536:LeaderElection54] INFO  impl.RaftServerImpl (ServerState.java:setRaftConf(361)) - omNode-1:group-523986131536 set configuration 0: [omNode-3:localhost:13144, omNode-1:localhost:13132, omNode-2:localhost:13138], old=null at 0
2019-08-22 21:26:17,859 [grpc-default-executor-5] WARN  server.GrpcLogAppender (LogUtils.java:warn(134)) - omNode-1->omNode-3: Failed appendEntries: org.apache.ratis.thirdparty.io.grpc.StatusRuntimeException: UNAVAILABLE: io exception
2019-08-22 21:26:17,860 [grpc-default-executor-5] INFO  impl.FollowerInfo (FollowerInfo.java:lambda$new$0(50)) - omNode-1->omNode-3: nextIndex: updateUnconditionally 0 -> 0
2019-08-22 21:26:17,863 [grpc-default-executor-6] INFO  impl.RaftServerImpl (ServerState.java:setLeader(263)) - omNode-2:group-523986131536 change Leader from null to omNode-1 at term 1 for appendEntries, leader elected after 357ms
2019-08-22 21:26:17,865 [grpc-default-executor-6] INFO  impl.RaftServerImpl (ServerState.java:setRaftConf(361)) - omNode-2:group-523986131536 set configuration 0: [omNode-3:localhost:13144, omNode-1:localhost:13132, omNode-2:localhost:13138], old=null at 0
2019-08-22 21:26:17,866 [grpc-default-executor-6] INFO  segmented.SegmentedRaftLogWorker (SegmentedRaftLogWorker.java:startLogSegment(380)) - omNode-2-SegmentedRaftLogWorker:Storage Directory /workdir/hadoop-ozone/integration-test/target/test-dir/MiniOzoneClusterImpl-cf6507f4-c152-47c1-a61c-419edf2db18f/omNode-2/ratis/c9bc4cf4-3bc3-3c60-a66b-523986131536: Starting segment from index:0
2019-08-22 21:26:17,870 [omNode-1-SegmentedRaftLogWorker:Storage Directory /workdir/hadoop-ozone/integration-test/target/test-dir/MiniOzoneClusterImpl-cf6507f4-c152-47c1-a61c-419edf2db18f/omNode-1/ratis/c9bc4cf4-3bc3-3c60-a66b-523986131536] INFO  segmented.SegmentedRaftLogWorker (SegmentedRaftLogWorker.java:execute(569)) - omNode-1-SegmentedRaftLogWorker:Storage Directory /workdir/hadoop-ozone/integration-test/target/test-dir/MiniOzoneClusterImpl-cf6507f4-c152-47c1-a61c-419edf2db18f/omNode-1/ratis/c9bc4cf4-3bc3-3c60-a66b-523986131536: created new log segment /workdir/hadoop-ozone/integration-test/target/test-dir/MiniOzoneClusterImpl-cf6507f4-c152-47c1-a61c-419edf2db18f/omNode-1/ratis/c9bc4cf4-3bc3-3c60-a66b-523986131536/current/log_inprogress_0
2019-08-22 21:26:17,877 [grpc-default-executor-3] WARN  server.GrpcLogAppender (LogUtils.java:warn(134)) - omNode-1->omNode-3: Failed appendEntries: org.apache.ratis.thirdparty.io.grpc.StatusRuntimeException: UNAVAILABLE: io exception
2019-08-22 21:26:17,877 [grpc-default-executor-3] INFO  impl.FollowerInfo (FollowerInfo.java:lambda$new$0(50)) - omNode-1->omNode-3: nextIndex: updateUnconditionally 1 -> 0
2019-08-22 21:26:17,885 [omNode-2-SegmentedRaftLogWorker:Storage Directory /workdir/hadoop-ozone/integration-test/target/test-dir/MiniOzoneClusterImpl-cf6507f4-c152-47c1-a61c-419edf2db18f/omNode-2/ratis/c9bc4cf4-3bc3-3c60-a66b-523986131536] INFO  segmented.SegmentedRaftLogWorker (SegmentedRaftLogWorker.java:execute(569)) - omNode-2-SegmentedRaftLogWorker:Storage Directory /workdir/hadoop-ozone/integration-test/target/test-dir/MiniOzoneClusterImpl-cf6507f4-c152-47c1-a61c-419edf2db18f/omNode-2/ratis/c9bc4cf4-3bc3-3c60-a66b-523986131536: created new log segment /workdir/hadoop-ozone/integration-test/target/test-dir/MiniOzoneClusterImpl-cf6507f4-c152-47c1-a61c-419edf2db18f/omNode-2/ratis/c9bc4cf4-3bc3-3c60-a66b-523986131536/current/log_inprogress_0
2019-08-22 21:26:18,377 [grpc-default-executor-3] WARN  server.GrpcLogAppender (LogUtils.java:warn(134)) - omNode-1->omNode-3: Failed appendEntries: org.apache.ratis.thirdparty.io.grpc.StatusRuntimeException: UNAVAILABLE: io exception
2019-08-22 21:26:18,378 [grpc-default-executor-3] INFO  impl.FollowerInfo (FollowerInfo.java:lambda$new$0(50)) - omNode-1->omNode-3: nextIndex: updateUnconditionally 0 -> 0
2019-08-22 21:26:18,407 [Thread-7213] WARN  scm.HddsServerUtil (HddsServerUtil.java:getDefaultRatisDirectory(354)) - Storage directory for Ratis is not configured. It is a good idea to map this to an SSD disk. Falling back to ozone.metadata.dirs
2019-08-22 21:26:18,411 [KeyDeletingService#0] WARN  utils.BackgroundService (BackgroundService.java:lambda$run$0(135)) - Background task fails to execute, retrying in next interval
java.util.concurrent.ExecutionException: java.lang.NullPointerException
	at java.util.concurrent.FutureTask.report(FutureTask.java:122)
	at java.util.concurrent.FutureTask.get(FutureTask.java:206)
	at org.apache.hadoop.utils.BackgroundService$PeriodicalTask.lambda$run$0(BackgroundService.java:129)
	at java.util.stream.ForEachOps$ForEachOp$OfRef.accept(ForEachOps.java:184)
	at java.util.ArrayList$ArrayListSpliterator.forEachRemaining(ArrayList.java:1382)
	at java.util.stream.AbstractPipeline.copyInto(AbstractPipeline.java:482)
	at java.util.stream.ForEachOps$ForEachTask.compute(ForEachOps.java:291)
	at java.util.concurrent.CountedCompleter.exec(CountedCompleter.java:731)
	at java.util.concurrent.ForkJoinTask.doExec(ForkJoinTask.java:289)
	at java.util.concurrent.ForkJoinTask.doInvoke(ForkJoinTask.java:401)
	at java.util.concurrent.ForkJoinTask.invoke(ForkJoinTask.java:734)
	at java.util.stream.ForEachOps$ForEachOp.evaluateParallel(ForEachOps.java:160)
	at java.util.stream.ForEachOps$ForEachOp$OfRef.evaluateParallel(ForEachOps.java:174)
	at java.util.stream.AbstractPipeline.evaluate(AbstractPipeline.java:233)
	at java.util.stream.ReferencePipeline.forEach(ReferencePipeline.java:418)
	at java.util.stream.ReferencePipeline$Head.forEach(ReferencePipeline.java:583)
	at org.apache.hadoop.utils.BackgroundService$PeriodicalTask.run(BackgroundService.java:125)
	at java.util.concurrent.Executors$RunnableAdapter.call(Executors.java:511)
	at java.util.concurrent.FutureTask.runAndReset(FutureTask.java:308)
	at java.util.concurrent.ScheduledThreadPoolExecutor$ScheduledFutureTask.access$301(ScheduledThreadPoolExecutor.java:180)
	at java.util.concurrent.ScheduledThreadPoolExecutor$ScheduledFutureTask.run(ScheduledThreadPoolExecutor.java:294)
	at java.util.concurrent.ThreadPoolExecutor.runWorker(ThreadPoolExecutor.java:1149)
	at java.util.concurrent.ThreadPoolExecutor$Worker.run(ThreadPoolExecutor.java:624)
	at java.lang.Thread.run(Thread.java:748)
Caused by: java.lang.NullPointerException
	at org.apache.hadoop.ozone.om.OzoneManager.isLeader(OzoneManager.java:3408)
	at org.apache.hadoop.ozone.om.KeyDeletingService.shouldRun(KeyDeletingService.java:120)
	at org.apache.hadoop.ozone.om.KeyDeletingService.access$100(KeyDeletingService.java:58)
	at org.apache.hadoop.ozone.om.KeyDeletingService$KeyDeletingTask.call(KeyDeletingService.java:149)
	at org.apache.hadoop.ozone.om.KeyDeletingService$KeyDeletingTask.call(KeyDeletingService.java:137)
	at java.util.concurrent.FutureTask.run(FutureTask.java:266)
	at java.util.concurrent.Executors$RunnableAdapter.call(Executors.java:511)
	at java.util.concurrent.FutureTask.run(FutureTask.java:266)
	at java.util.concurrent.Executors$RunnableAdapter.call(Executors.java:511)
	at java.util.concurrent.FutureTask.run(FutureTask.java:266)
	at java.util.concurrent.ScheduledThreadPoolExecutor$ScheduledFutureTask.access$201(ScheduledThreadPoolExecutor.java:180)
	at java.util.concurrent.ScheduledThreadPoolExecutor$ScheduledFutureTask.run(ScheduledThreadPoolExecutor.java:293)
	... 3 more
2019-08-22 21:26:18,411 [Thread-7213] INFO  ratis.OzoneManagerRatisServer (OzoneManagerRatisServer.java:<init>(241)) - Instantiating OM Ratis server with GroupID: om-service-test1 and Raft Peers: localhost:13144, localhost:13132, localhost:13138
2019-08-22 21:26:18,413 [Thread-7213] INFO  impl.RaftServerProxy (ConfUtils.java:logGet(43)) - raft.rpc.type = GRPC (default)
2019-08-22 21:26:18,413 [Thread-7213] INFO  grpc.GrpcFactory (GrpcFactory.java:checkPooledByteBufAllocatorUseCacheForAllThreads(45)) - PERFORMANCE WARNING: useCacheForAllThreads is true that may cause Netty to create a lot garbage objects and, as a result, trigger GC.
	It is recommended to disable useCacheForAllThreads by setting -Dorg.apache.ratis.thirdparty.io.netty.allocator.useCacheForAllThreads=false in command line.
2019-08-22 21:26:18,414 [Thread-7213] INFO  grpc.GrpcConfigKeys$Server (ConfUtils.java:logGet(43)) - raft.grpc.server.port = 13144 (custom)
2019-08-22 21:26:18,414 [Thread-7213] INFO  server.GrpcService (ConfUtils.java:logGet(43)) - raft.grpc.message.size.max = 33554432 (custom)
2019-08-22 21:26:18,414 [Thread-7213] INFO  server.RaftServerConfigKeys (ConfUtils.java:logGet(43)) - raft.server.log.appender.buffer.byte-limit = 33554432 (custom)
2019-08-22 21:26:18,414 [Thread-7213] INFO  server.GrpcService (ConfUtils.java:logGet(43)) - raft.grpc.flow.control.window = 1MB (=1048576) (default)
2019-08-22 21:26:18,414 [Thread-7213] INFO  server.RaftServerConfigKeys (ConfUtils.java:logGet(43)) - raft.server.rpc.request.timeout = 3000ms (default)
2019-08-22 21:26:18,415 [Thread-7213] INFO  server.RaftServerConfigKeys (ConfUtils.java:logGet(43)) - raft.server.storage.dir = [/workdir/hadoop-ozone/integration-test/target/test-dir/MiniOzoneClusterImpl-cf6507f4-c152-47c1-a61c-419edf2db18f/omNode-3/ratis] (custom)
2019-08-22 21:26:18,415 [Thread-7213] INFO  impl.RaftServerProxy (RaftServerProxy.java:addNew(89)) - omNode-3: addNew group-523986131536:[omNode-3:localhost:13144, omNode-1:localhost:13132, omNode-2:localhost:13138] returns group-523986131536:java.util.concurrent.CompletableFuture@3b0e8dbd[Not completed]
2019-08-22 21:26:18,415 [pool-1527-thread-1] INFO  impl.RaftServerImpl (RaftServerImpl.java:<init>(93)) - omNode-3: new RaftServerImpl for group-523986131536:[omNode-3:localhost:13144, omNode-1:localhost:13132, omNode-2:localhost:13138] with OzoneManagerStateMachine:uninitialized
2019-08-22 21:26:18,415 [Thread-7213] INFO  om.OzoneManager (OzoneManager.java:initializeRatisServer(1401)) - OzoneManager Ratis server initialized at port 13144
2019-08-22 21:26:18,417 [pool-1527-thread-1] INFO  server.RaftServerConfigKeys (ConfUtils.java:logGet(43)) - raft.server.rpc.timeout.min = 1s (custom)
2019-08-22 21:26:18,417 [Thread-7213] WARN  scm.HddsServerUtil (HddsServerUtil.java:getDefaultRatisDirectory(354)) - Storage directory for Ratis is not configured. It is a good idea to map this to an SSD disk. Falling back to ozone.metadata.dirs
2019-08-22 21:26:18,417 [pool-1527-thread-1] INFO  server.RaftServerConfigKeys (ConfUtils.java:logGet(43)) - raft.server.rpc.timeout.max = 1200ms (custom)
2019-08-22 21:26:18,417 [Thread-7213] WARN  scm.HddsServerUtil (HddsServerUtil.java:getDefaultRatisDirectory(354)) - Storage directory for Ratis is not configured. It is a good idea to map this to an SSD disk. Falling back to ozone.metadata.dirs
2019-08-22 21:26:18,417 [pool-1527-thread-1] INFO  server.RaftServerConfigKeys (ConfUtils.java:logGet(43)) - raft.server.rpcslowness.timeout = 2s (custom)
2019-08-22 21:26:18,417 [pool-1527-thread-1] INFO  server.RaftServerConfigKeys (ConfUtils.java:logGet(43)) - raft.server.sleep.deviation.threshold = 300 (default)
2019-08-22 21:26:18,417 [Thread-7213] INFO  snapshot.OzoneManagerSnapshotProvider (OzoneManagerSnapshotProvider.java:<init>(81)) - Initializing OM Snapshot Provider
2019-08-22 21:26:18,418 [pool-1527-thread-1] INFO  server.RaftServerConfigKeys (ConfUtils.java:logGet(43)) - raft.server.log.appender.install.snapshot.enabled = false (custom)
2019-08-22 21:26:18,418 [pool-1527-thread-1] INFO  impl.RaftServerImpl (ServerState.java:<init>(105)) - omNode-3:group-523986131536 ConfigurationManager, init=-1: [omNode-3:localhost:13144, omNode-1:localhost:13132, omNode-2:localhost:13138], old=null, confs=<EMPTY_MAP>
2019-08-22 21:26:18,418 [pool-1527-thread-1] INFO  server.RaftServerConfigKeys (ConfUtils.java:logGet(43)) - raft.server.storage.dir = [/workdir/hadoop-ozone/integration-test/target/test-dir/MiniOzoneClusterImpl-cf6507f4-c152-47c1-a61c-419edf2db18f/omNode-3/ratis] (custom)
2019-08-22 21:26:18,418 [pool-1527-thread-1] INFO  storage.RaftStorageDirectory (RaftStorageDirectory.java:analyzeStorage(246)) - The storage directory /workdir/hadoop-ozone/integration-test/target/test-dir/MiniOzoneClusterImpl-cf6507f4-c152-47c1-a61c-419edf2db18f/omNode-3/ratis/c9bc4cf4-3bc3-3c60-a66b-523986131536 does not exist. Creating ...
2019-08-22 21:26:18,418 [Thread-7213] INFO  ipc.CallQueueManager (CallQueueManager.java:<init>(84)) - Using callQueue: class java.util.concurrent.LinkedBlockingQueue, queueCapacity: 2000, scheduler: class org.apache.hadoop.ipc.DefaultRpcScheduler, ipcBackoff: false.
2019-08-22 21:26:18,419 [Socket Reader #1 for port 13140] INFO  ipc.Server (Server.java:run(1074)) - Starting Socket Reader #1 for port 13140
2019-08-22 21:26:18,431 [pool-1527-thread-1] INFO  storage.RaftStorageDirectory (RaftStorageDirectory.java:tryLock(328)) - Lock on /workdir/hadoop-ozone/integration-test/target/test-dir/MiniOzoneClusterImpl-cf6507f4-c152-47c1-a61c-419edf2db18f/omNode-3/ratis/c9bc4cf4-3bc3-3c60-a66b-523986131536/in_use.lock acquired by nodename 24060@pr-hdds-1975-qxxlx-297662434
2019-08-22 21:26:18,432 [Thread-7213] INFO  om.OzoneManager (OzoneManager.java:start(1259)) - OzoneManager RPC server is listening at localhost/127.0.0.1:13140
2019-08-22 21:26:18,432 [Thread-7213] INFO  impl.MetricsSystemImpl (MetricsSystemImpl.java:init(158)) - OzoneManager metrics system started (again)
2019-08-22 21:26:18,433 [Thread-7213] INFO  ratis.OzoneManagerRatisServer (OzoneManagerRatisServer.java:start(331)) - Starting OzoneManagerRatisServer omNode-3 at port 13144
2019-08-22 21:26:18,448 [pool-1527-thread-1] INFO  storage.RaftStorage (RaftStorage.java:format(72)) - Storage directory /workdir/hadoop-ozone/integration-test/target/test-dir/MiniOzoneClusterImpl-cf6507f4-c152-47c1-a61c-419edf2db18f/omNode-3/ratis/c9bc4cf4-3bc3-3c60-a66b-523986131536 has been successfully formatted.
2019-08-22 21:26:18,448 [pool-1527-thread-1] INFO  server.RaftServerConfigKeys (ConfUtils.java:logGet(43)) - raft.server.leader.election.timeout = 2s (custom)
2019-08-22 21:26:18,448 [pool-1527-thread-1] INFO  server.RaftServerConfigKeys (ConfUtils.java:logGet(43)) - raft.server.log.use.memory = false (default)
2019-08-22 21:26:18,448 [pool-1527-thread-1] INFO  server.RaftServerConfigKeys (ConfUtils.java:logGet(43)) - raft.server.log.purge.gap = 1000000 (custom)
2019-08-22 21:26:18,448 [pool-1527-thread-1] INFO  server.RaftServerConfigKeys (ConfUtils.java:logGet(43)) - raft.server.log.appender.buffer.byte-limit = 33554432 (custom)
2019-08-22 21:26:18,448 [pool-1527-thread-1] INFO  server.RaftServerConfigKeys (ConfUtils.java:logGet(43)) - raft.server.log.segment.size.max = 16384 (custom)
2019-08-22 21:26:18,449 [pool-1527-thread-1] INFO  server.RaftServerConfigKeys (ConfUtils.java:logGet(43)) - raft.server.log.segment.cache.num.max = 2 (custom)
2019-08-22 21:26:18,449 [pool-1527-thread-1] INFO  segmented.SegmentedRaftLogWorker (SegmentedRaftLogWorker.java:<init>(172)) - new omNode-3-SegmentedRaftLogWorker:Storage Directory /workdir/hadoop-ozone/integration-test/target/test-dir/MiniOzoneClusterImpl-cf6507f4-c152-47c1-a61c-419edf2db18f/omNode-3/ratis/c9bc4cf4-3bc3-3c60-a66b-523986131536 for RaftStorage:Storage Directory /workdir/hadoop-ozone/integration-test/target/test-dir/MiniOzoneClusterImpl-cf6507f4-c152-47c1-a61c-419edf2db18f/omNode-3/ratis/c9bc4cf4-3bc3-3c60-a66b-523986131536
2019-08-22 21:26:18,449 [pool-1527-thread-1] INFO  server.RaftServerConfigKeys (ConfUtils.java:logGet(43)) - raft.server.log.queue.byte-limit = 64MB (=67108864) (default)
2019-08-22 21:26:18,449 [pool-1527-thread-1] INFO  server.RaftServerConfigKeys (ConfUtils.java:logGet(43)) - raft.server.log.queue.element-limit = 4096 (default)
2019-08-22 21:26:18,449 [pool-1527-thread-1] INFO  server.RaftServerConfigKeys (ConfUtils.java:logGet(43)) - raft.server.log.segment.size.max = 16384 (custom)
2019-08-22 21:26:18,449 [pool-1527-thread-1] INFO  server.RaftServerConfigKeys (ConfUtils.java:logGet(43)) - raft.server.log.preallocated.size = 16384 (custom)
2019-08-22 21:26:18,449 [pool-1527-thread-1] INFO  server.RaftServerConfigKeys (ConfUtils.java:logGet(43)) - raft.server.log.write.buffer.size = 64KB (=65536) (default)
2019-08-22 21:26:18,449 [pool-1527-thread-1] INFO  server.RaftServerConfigKeys (ConfUtils.java:logGet(43)) - raft.server.log.force.sync.num = 128 (default)
2019-08-22 21:26:18,449 [pool-1527-thread-1] INFO  server.RaftServerConfigKeys (ConfUtils.java:logGet(43)) - raft.server.log.statemachine.data.sync = true (default)
2019-08-22 21:26:18,449 [pool-1527-thread-1] INFO  server.RaftServerConfigKeys (ConfUtils.java:logGet(43)) - raft.server.log.statemachine.data.sync.timeout = 10s (default)
2019-08-22 21:26:18,449 [pool-1527-thread-1] INFO  server.RaftServerConfigKeys (ConfUtils.java:logGet(43)) - raft.server.log.statemachine.data.sync.timeout.retry = -1 (default)
2019-08-22 21:26:18,450 [pool-1527-thread-1] INFO  server.RaftServerConfigKeys (ConfUtils.java:logGet(43)) - raft.server.log.statemachine.data.caching.enabled = false (default)
2019-08-22 21:26:18,450 [pool-1527-thread-1] INFO  segmented.SegmentedRaftLogWorker (SegmentedRaftLogWorker.java:lambda$new$0(132)) - omNode-3-SegmentedRaftLogWorker:Storage Directory /workdir/hadoop-ozone/integration-test/target/test-dir/MiniOzoneClusterImpl-cf6507f4-c152-47c1-a61c-419edf2db18f/omNode-3/ratis/c9bc4cf4-3bc3-3c60-a66b-523986131536: flushIndex: setUnconditionally 0 -> -1
2019-08-22 21:26:18,450 [pool-1527-thread-1] INFO  server.RaftServerConfigKeys (ConfUtils.java:logGet(43)) - raft.server.snapshot.auto.trigger.enabled = true (custom)
2019-08-22 21:26:18,450 [pool-1527-thread-1] INFO  server.RaftServerConfigKeys (ConfUtils.java:logGet(43)) - raft.server.snapshot.auto.trigger.threshold = 50 (custom)
2019-08-22 21:26:18,450 [pool-1527-thread-1] INFO  server.RaftServerConfigKeys (ConfUtils.java:logGet(43)) - raft.server.retrycache.expirytime = 600000ms (custom)
2019-08-22 21:26:18,451 [Thread-7213] INFO  impl.RaftServerImpl (RaftServerImpl.java:start(180)) - omNode-3: start group-523986131536
2019-08-22 21:26:18,455 [Thread-7213] INFO  impl.RaftServerImpl (RaftServerImpl.java:setRole(171)) - omNode-3:group-523986131536 changes role from null to FOLLOWER at term 0 for startAsFollower
2019-08-22 21:26:18,456 [Thread-7213] INFO  impl.RoleInfo (RoleInfo.java:updateAndGet(143)) - omNode-3: start FollowerState
2019-08-22 21:26:18,456 [Thread-7213] INFO  util.JmxRegister (JmxRegister.java:tryRegister(44)) - Successfully registered JMX Bean with object name Ratis:service=RaftServer,group=group-523986131536,id=omNode-3
2019-08-22 21:26:18,460 [Thread-7213] INFO  impl.RaftServerProxy (RaftServerProxy.java:lambda$start$3(299)) - omNode-3: start RPC server
2019-08-22 21:26:18,469 [Thread-7213] INFO  server.GrpcService (GrpcService.java:startImpl(149)) - omNode-3: GrpcService started, listening on 0.0.0.0/0.0.0.0:13144
2019-08-22 21:26:18,476 [IPC Server Responder] INFO  ipc.Server (Server.java:run(1314)) - IPC Server Responder: starting
2019-08-22 21:26:18,477 [IPC Server listener on 13140] INFO  ipc.Server (Server.java:run(1153)) - IPC Server listener on 13140: starting
2019-08-22 21:26:18,488 [Thread-7213] INFO  hdfs.DFSUtil (DFSUtil.java:httpServerTemplateForNNAndJN(1641)) - Starting Web-server for ozoneManager at: http://0.0.0.0:13142
2019-08-22 21:26:18,490 [Thread-7213] INFO  server.AuthenticationFilter (AuthenticationFilter.java:constructSecretProvider(240)) - Unable to initialize FileSignerSecretProvider, falling back to use random secrets.
2019-08-22 21:26:18,490 [Thread-7213] WARN  http.HttpRequestLog (HttpRequestLog.java:getRequestLog(97)) - Jetty request log can only be enabled using Log4j
2019-08-22 21:26:18,492 [Thread-7213] INFO  http.HttpServer2 (HttpServer2.java:addGlobalFilter(975)) - Added global filter 'safety' (class=org.apache.hadoop.http.HttpServer2$QuotingInputFilter)
2019-08-22 21:26:18,492 [Thread-7213] INFO  http.HttpServer2 (HttpServer2.java:addFilter(948)) - Added filter static_user_filter (class=org.apache.hadoop.http.lib.StaticUserWebFilter$StaticUserFilter) to context ozoneManager
2019-08-22 21:26:18,492 [Thread-7213] INFO  http.HttpServer2 (HttpServer2.java:addFilter(958)) - Added filter static_user_filter (class=org.apache.hadoop.http.lib.StaticUserWebFilter$StaticUserFilter) to context static
2019-08-22 21:26:18,492 [Thread-7213] INFO  http.HttpServer2 (HttpServer2.java:addFilter(958)) - Added filter static_user_filter (class=org.apache.hadoop.http.lib.StaticUserWebFilter$StaticUserFilter) to context logs
2019-08-22 21:26:18,493 [Thread-7213] INFO  http.HttpServer2 (HttpServer2.java:bindListener(1191)) - Jetty bound to port 13142
2019-08-22 21:26:18,493 [Thread-7213] INFO  server.Server (Server.java:doStart(351)) - jetty-9.3.24.v20180605, build timestamp: 2018-06-05T17:11:56Z, git hash: 84205aa28f11a4f31f2a3b86d1bba2cc8ab69827
2019-08-22 21:26:18,495 [Thread-7213] INFO  handler.ContextHandler (ContextHandler.java:doStart(781)) - Started o.e.j.s.ServletContextHandler@17c65e4c{/logs,file:///workdir/hadoop-ozone/integration-test/target/log,AVAILABLE}
2019-08-22 21:26:18,495 [Thread-7213] INFO  handler.ContextHandler (ContextHandler.java:doStart(781)) - Started o.e.j.s.ServletContextHandler@52840c07{/static,file:///workdir/hadoop-ozone/integration-test/target/test-classes/webapps/static,AVAILABLE}
2019-08-22 21:26:18,499 [Thread-7213] INFO  handler.ContextHandler (ContextHandler.java:doStart(781)) - Started o.e.j.w.WebAppContext@192d22b5{/,file:///workdir/hadoop-ozone/integration-test/target/test-classes/webapps/ozoneManager/,AVAILABLE}{/ozoneManager}
2019-08-22 21:26:18,499 [Thread-7213] INFO  server.AbstractConnector (AbstractConnector.java:doStart(278)) - Started ServerConnector@27ea6652{HTTP/1.1,[http/1.1]}{0.0.0.0:13142}
2019-08-22 21:26:18,502 [Thread-7213] INFO  server.Server (Server.java:doStart(419)) - Started @514527ms
2019-08-22 21:26:18,503 [Thread-7213] INFO  server.BaseHttpServer (BaseHttpServer.java:updateConnectorAddress(213)) - HTTP server of OZONEMANAGER is listening at http://0.0.0.0:13142
2019-08-22 21:26:18,503 [Thread-7213] INFO  ozone.MiniOzoneHAClusterImpl (MiniOzoneHAClusterImpl.java:createOMService(258)) - Started OzoneManager RPC server at localhost/127.0.0.1:13140
2019-08-22 21:26:18,505 [Thread-7213] INFO  impl.MetricsSystemImpl (MetricsSystemImpl.java:init(158)) - HddsDatanode metrics system started (again)
2019-08-22 21:26:18,521 [Thread-7213] INFO  ozone.HddsDatanodeService (HddsDatanodeService.java:start(184)) - HddsDatanodeService host:pr-hdds-1975-qxxlx-297662434 ip:192.168.36.65
2019-08-22 21:26:18,532 [Thread-7213] INFO  volume.HddsVolume (HddsVolume.java:<init>(176)) - Creating Volume: /workdir/hadoop-ozone/integration-test/target/test-dir/MiniOzoneClusterImpl-cf6507f4-c152-47c1-a61c-419edf2db18f/datanode-0/data/containers/hdds of  storage type : DISK and capacity : 1482555576320
2019-08-22 21:26:18,533 [Thread-7213] INFO  volume.VolumeSet (VolumeSet.java:initializeVolumeSet(170)) - Added Volume : /workdir/hadoop-ozone/integration-test/target/test-dir/MiniOzoneClusterImpl-cf6507f4-c152-47c1-a61c-419edf2db18f/datanode-0/data/containers/hdds to VolumeSet
2019-08-22 21:26:18,533 [Thread-7213] INFO  volume.ThrottledAsyncChecker (ThrottledAsyncChecker.java:schedule(140)) - Scheduling a check for org.apache.hadoop.ozone.container.common.volume.HddsVolume@572fcc9
2019-08-22 21:26:18,533 [Thread-7213] INFO  volume.HddsVolumeChecker (HddsVolumeChecker.java:checkAllVolumes(203)) - Scheduled health check for volume org.apache.hadoop.ozone.container.common.volume.HddsVolume@572fcc9
2019-08-22 21:26:18,551 [Thread-7213] INFO  impl.RaftServerProxy (ConfUtils.java:logGet(43)) - raft.rpc.type = GRPC (default)
2019-08-22 21:26:18,552 [Thread-7213] INFO  grpc.GrpcFactory (GrpcFactory.java:checkPooledByteBufAllocatorUseCacheForAllThreads(45)) - PERFORMANCE WARNING: useCacheForAllThreads is true that may cause Netty to create a lot garbage objects and, as a result, trigger GC.
	It is recommended to disable useCacheForAllThreads by setting -Dorg.apache.ratis.thirdparty.io.netty.allocator.useCacheForAllThreads=false in command line.
2019-08-22 21:26:18,552 [Thread-7213] INFO  grpc.GrpcConfigKeys$Server (ConfUtils.java:logGet(43)) - raft.grpc.server.port = 0 (default)
2019-08-22 21:26:18,552 [Thread-7213] INFO  server.GrpcService (ConfUtils.java:logGet(43)) - raft.grpc.message.size.max = 33570816 (custom)
2019-08-22 21:26:18,552 [Thread-7213] INFO  server.RaftServerConfigKeys (ConfUtils.java:logGet(43)) - raft.server.log.appender.buffer.byte-limit = 33554432 (custom)
2019-08-22 21:26:18,552 [Thread-7213] INFO  server.GrpcService (ConfUtils.java:logGet(43)) - raft.grpc.flow.control.window = 1MB (=1048576) (default)
2019-08-22 21:26:18,552 [Thread-7213] INFO  server.RaftServerConfigKeys (ConfUtils.java:logGet(43)) - raft.server.rpc.request.timeout = 3000ms (default)
2019-08-22 21:26:18,553 [Thread-7213] INFO  server.RaftServerConfigKeys (ConfUtils.java:logGet(43)) - raft.server.storage.dir = [/workdir/hadoop-ozone/integration-test/target/test-dir/MiniOzoneClusterImpl-cf6507f4-c152-47c1-a61c-419edf2db18f/datanode-0/data/ratis] (custom)
2019-08-22 21:26:18,553 [Thread-7213] INFO  replication.SimpleContainerDownloader (SimpleContainerDownloader.java:<init>(72)) - Starting container downloader service to copy containers to replicate.
2019-08-22 21:26:18,554 [Thread-7213] INFO  hdfs.DFSUtil (DFSUtil.java:httpServerTemplateForNNAndJN(1641)) - Starting Web-server for hddsDatanode at: http://0.0.0.0:0
2019-08-22 21:26:18,555 [Thread-7213] INFO  server.AuthenticationFilter (AuthenticationFilter.java:constructSecretProvider(240)) - Unable to initialize FileSignerSecretProvider, falling back to use random secrets.
2019-08-22 21:26:18,556 [Thread-7213] WARN  http.HttpRequestLog (HttpRequestLog.java:getRequestLog(97)) - Jetty request log can only be enabled using Log4j
2019-08-22 21:26:18,557 [Thread-7213] INFO  http.HttpServer2 (HttpServer2.java:addGlobalFilter(975)) - Added global filter 'safety' (class=org.apache.hadoop.http.HttpServer2$QuotingInputFilter)
2019-08-22 21:26:18,557 [Thread-7213] INFO  http.HttpServer2 (HttpServer2.java:addFilter(948)) - Added filter static_user_filter (class=org.apache.hadoop.http.lib.StaticUserWebFilter$StaticUserFilter) to context hddsDatanode
2019-08-22 21:26:18,557 [Thread-7213] INFO  http.HttpServer2 (HttpServer2.java:addFilter(958)) - Added filter static_user_filter (class=org.apache.hadoop.http.lib.StaticUserWebFilter$StaticUserFilter) to context logs
2019-08-22 21:26:18,557 [Thread-7213] INFO  http.HttpServer2 (HttpServer2.java:addFilter(958)) - Added filter static_user_filter (class=org.apache.hadoop.http.lib.StaticUserWebFilter$StaticUserFilter) to context static
2019-08-22 21:26:18,558 [Thread-7213] INFO  http.HttpServer2 (HttpServer2.java:bindListener(1191)) - Jetty bound to port 38559
2019-08-22 21:26:18,558 [Thread-7213] INFO  server.Server (Server.java:doStart(351)) - jetty-9.3.24.v20180605, build timestamp: 2018-06-05T17:11:56Z, git hash: 84205aa28f11a4f31f2a3b86d1bba2cc8ab69827
2019-08-22 21:26:18,559 [Thread-7213] INFO  handler.ContextHandler (ContextHandler.java:doStart(781)) - Started o.e.j.s.ServletContextHandler@3b58a370{/logs,file:///workdir/hadoop-ozone/integration-test/target/log,AVAILABLE}
2019-08-22 21:26:18,560 [Thread-7213] INFO  handler.ContextHandler (ContextHandler.java:doStart(781)) - Started o.e.j.s.ServletContextHandler@6179e6b2{/static,jar:file:/home/user/.m2/repository/org/apache/hadoop/hadoop-hdds-container-service/0.5.0-SNAPSHOT/hadoop-hdds-container-service-0.5.0-SNAPSHOT.jar!/webapps/static,AVAILABLE}
2019-08-22 21:26:18,587 [Thread-7213] INFO  handler.ContextHandler (ContextHandler.java:doStart(781)) - Started o.e.j.w.WebAppContext@47de212a{/,file:///tmp/jetty-0.0.0.0-38559-hddsDatanode-_-any-1193860744317199338.dir/webapp/,AVAILABLE}{/hddsDatanode}
2019-08-22 21:26:18,588 [Thread-7213] INFO  server.AbstractConnector (AbstractConnector.java:doStart(278)) - Started ServerConnector@4c7dfab3{HTTP/1.1,[http/1.1]}{0.0.0.0:38559}
2019-08-22 21:26:18,591 [Thread-7213] INFO  server.Server (Server.java:doStart(419)) - Started @514615ms
2019-08-22 21:26:18,591 [Thread-7213] INFO  server.BaseHttpServer (BaseHttpServer.java:updateConnectorAddress(213)) - HTTP server of HDDSDATANODE is listening at http://0.0.0.0:38559
2019-08-22 21:26:18,728 | INFO  | ObjectStoreRestHttpServer | Listening HDDS REST traffic on /0.0.0.0:38462 |  
2019-08-22 21:26:18,728 [Thread-7213] INFO  ozone.HddsDatanodeService (HddsDatanodeService.java:startPlugins(395)) - Started plug-in org.apache.hadoop.ozone.web.OzoneHddsDatanodeService@26a5b3af
2019-08-22 21:26:18,728 [Thread-7213] INFO  ozone.MiniOzoneClusterImpl (MiniOzoneClusterImpl.java:lambda$waitForClusterToBeReady$0(142)) - Waiting for cluster to be ready. Got 0 of 1 DN Heartbeats.
2019-08-22 21:26:18,734 [org.apache.hadoop.util.JvmPauseMonitor$Monitor@31b7549] INFO  util.JvmPauseMonitor (JvmPauseMonitor.java:run(188)) - Starting JVM pause monitor
2019-08-22 21:26:18,735 [Datanode State Machine Thread - 0] INFO  datanode.InitDatanodeState (InitDatanodeState.java:persistContainerDatanodeDetails(140)) - DatanodeDetails is persisted to /workdir/hadoop-ozone/integration-test/target/test-dir/MiniOzoneClusterImpl-cf6507f4-c152-47c1-a61c-419edf2db18f/datanode-0/meta/datanode.id
2019-08-22 21:26:18,907 [grpc-default-executor-3] INFO  impl.RaftServerImpl (ServerState.java:setLeader(263)) - omNode-3:group-523986131536 change Leader from null to omNode-1 at term 1 for appendEntries, leader elected after 459ms
2019-08-22 21:26:18,916 [grpc-default-executor-3] INFO  impl.RaftServerImpl (ServerState.java:setRaftConf(361)) - omNode-3:group-523986131536 set configuration 0: [omNode-3:localhost:13144, omNode-1:localhost:13132, omNode-2:localhost:13138], old=null at 0
2019-08-22 21:26:18,917 [grpc-default-executor-3] INFO  segmented.SegmentedRaftLogWorker (SegmentedRaftLogWorker.java:startLogSegment(380)) - omNode-3-SegmentedRaftLogWorker:Storage Directory /workdir/hadoop-ozone/integration-test/target/test-dir/MiniOzoneClusterImpl-cf6507f4-c152-47c1-a61c-419edf2db18f/omNode-3/ratis/c9bc4cf4-3bc3-3c60-a66b-523986131536: Starting segment from index:0
2019-08-22 21:26:18,944 [omNode-3-SegmentedRaftLogWorker:Storage Directory /workdir/hadoop-ozone/integration-test/target/test-dir/MiniOzoneClusterImpl-cf6507f4-c152-47c1-a61c-419edf2db18f/omNode-3/ratis/c9bc4cf4-3bc3-3c60-a66b-523986131536] INFO  segmented.SegmentedRaftLogWorker (SegmentedRaftLogWorker.java:execute(569)) - omNode-3-SegmentedRaftLogWorker:Storage Directory /workdir/hadoop-ozone/integration-test/target/test-dir/MiniOzoneClusterImpl-cf6507f4-c152-47c1-a61c-419edf2db18f/omNode-3/ratis/c9bc4cf4-3bc3-3c60-a66b-523986131536: created new log segment /workdir/hadoop-ozone/integration-test/target/test-dir/MiniOzoneClusterImpl-cf6507f4-c152-47c1-a61c-419edf2db18f/omNode-3/ratis/c9bc4cf4-3bc3-3c60-a66b-523986131536/current/log_inprogress_0
2019-08-22 21:26:19,729 [Thread-7213] INFO  ozone.MiniOzoneClusterImpl (MiniOzoneClusterImpl.java:lambda$waitForClusterToBeReady$0(142)) - Waiting for cluster to be ready. Got 0 of 1 DN Heartbeats.
2019-08-22 21:26:20,729 [Thread-7213] INFO  ozone.MiniOzoneClusterImpl (MiniOzoneClusterImpl.java:lambda$waitForClusterToBeReady$0(142)) - Waiting for cluster to be ready. Got 0 of 1 DN Heartbeats.
2019-08-22 21:26:20,742 | INFO  | SCMAudit | user=jenkins1000 | ip=192.168.36.65 | op=GET_VERSION null | ret=SUCCESS |  
2019-08-22 21:26:20,762 [Datanode State Machine Thread - 0] INFO  ozoneimpl.OzoneContainer (OzoneContainer.java:start(186)) - Attempting to start container services.
2019-08-22 21:26:20,766 [Datanode State Machine Thread - 0] INFO  ozoneimpl.OzoneContainer (OzoneContainer.java:startContainerScrub(160)) - Background container scrubber has been disabled by hdds.containerscrub.enabled
2019-08-22 21:26:20,766 [Datanode State Machine Thread - 0] INFO  ratis.XceiverServerRatis (XceiverServerRatis.java:start(404)) - Starting XceiverServerRatis 5c1d6db1-13a6-44c6-b93f-b1706e8ca29c at port 0
2019-08-22 21:26:20,772 [Datanode State Machine Thread - 0] INFO  impl.RaftServerProxy (RaftServerProxy.java:lambda$start$3(299)) - 5c1d6db1-13a6-44c6-b93f-b1706e8ca29c: start RPC server
2019-08-22 21:26:20,773 [Datanode State Machine Thread - 0] INFO  server.GrpcService (GrpcService.java:startImpl(149)) - 5c1d6db1-13a6-44c6-b93f-b1706e8ca29c: GrpcService started, listening on 0.0.0.0/0.0.0.0:40663
2019-08-22 21:26:20,773 [Datanode State Machine Thread - 0] INFO  ratis.XceiverServerRatis (XceiverServerRatis.java:start(414)) - XceiverServerRatis 5c1d6db1-13a6-44c6-b93f-b1706e8ca29c is started using port 40663
2019-08-22 21:26:20,774 [Datanode State Machine Thread - 0] INFO  server.XceiverServerGrpc (XceiverServerGrpc.java:start(161)) - XceiverServerGrpc 5c1d6db1-13a6-44c6-b93f-b1706e8ca29c is started using port 45918
2019-08-22 21:26:21,730 [Thread-7213] INFO  ozone.MiniOzoneClusterImpl (MiniOzoneClusterImpl.java:lambda$waitForClusterToBeReady$0(142)) - Waiting for cluster to be ready. Got 0 of 1 DN Heartbeats.
2019-08-22 21:26:22,730 [Thread-7213] INFO  ozone.MiniOzoneClusterImpl (MiniOzoneClusterImpl.java:lambda$waitForClusterToBeReady$0(142)) - Waiting for cluster to be ready. Got 0 of 1 DN Heartbeats.
2019-08-22 21:26:22,740 [IPC Server handler 0 on 45796] INFO  net.NetworkTopology (NetworkTopologyImpl.java:add(110)) - Added a new node: /default-rack/5c1d6db1-13a6-44c6-b93f-b1706e8ca29c
2019-08-22 21:26:22,743 [IPC Server handler 0 on 45796] INFO  node.SCMNodeManager (SCMNodeManager.java:register(273)) - Registered Data node : 5c1d6db1-13a6-44c6-b93f-b1706e8ca29c{ip: 192.168.36.65, host: pr-hdds-1975-qxxlx-297662434, networkLocation: /default-rack, certSerialId: null}
2019-08-22 21:26:22,758 [EventQueue-NodeRegistrationContainerReportForDataNodeSafeModeRule] INFO  safemode.SCMSafeModeManager (DataNodeSafeModeRule.java:process(71)) - SCM in safe mode. 1 DataNodes registered, 1 required.
2019-08-22 21:26:22,761 [EventQueue-NodeRegistrationContainerReportForContainerSafeModeRule] INFO  safemode.SCMSafeModeManager (SCMSafeModeManager.java:validateSafeModeExitRules(177)) - ScmSafeModeManager, all rules are successfully validated
2019-08-22 21:26:22,761 | INFO  | SCMAudit | user=jenkins1000 | ip=192.168.36.65 | op=REGISTER {datanodeDetails=5c1d6db1-13a6-44c6-b93f-b1706e8ca29c{ip: 192.168.36.65, host: pr-hdds-1975-qxxlx-297662434, networkLocation: /default-rack, certSerialId: null}} | ret=SUCCESS |  
2019-08-22 21:26:22,761 [EventQueue-NodeRegistrationContainerReportForContainerSafeModeRule] INFO  safemode.SCMSafeModeManager (SCMSafeModeManager.java:exitSafeMode(193)) - SCM exiting safe mode.
2019-08-22 21:26:22,779 [grpc-default-executor-3] INFO  impl.RaftServerProxy (RaftServerProxy.java:addNew(89)) - 5c1d6db1-13a6-44c6-b93f-b1706e8ca29c: addNew group-24D3CCCA055A:[5c1d6db1-13a6-44c6-b93f-b1706e8ca29c:192.168.36.65:40663] returns group-24D3CCCA055A:java.util.concurrent.CompletableFuture@120cce47[Not completed]
2019-08-22 21:26:22,781 [pool-1535-thread-1] INFO  impl.RaftServerImpl (RaftServerImpl.java:<init>(93)) - 5c1d6db1-13a6-44c6-b93f-b1706e8ca29c: new RaftServerImpl for group-24D3CCCA055A:[5c1d6db1-13a6-44c6-b93f-b1706e8ca29c:192.168.36.65:40663] with ContainerStateMachine:uninitialized
2019-08-22 21:26:22,781 [pool-1535-thread-1] INFO  server.RaftServerConfigKeys (ConfUtils.java:logGet(43)) - raft.server.rpc.timeout.min = 5s (custom)
2019-08-22 21:26:22,781 [pool-1535-thread-1] INFO  server.RaftServerConfigKeys (ConfUtils.java:logGet(43)) - raft.server.rpc.timeout.max = 5200ms (custom)
2019-08-22 21:26:22,781 [pool-1535-thread-1] INFO  server.RaftServerConfigKeys (ConfUtils.java:logGet(43)) - raft.server.rpcslowness.timeout = 120s (custom)
2019-08-22 21:26:22,781 [pool-1535-thread-1] INFO  server.RaftServerConfigKeys (ConfUtils.java:logGet(43)) - raft.server.sleep.deviation.threshold = 300 (default)
2019-08-22 21:26:22,782 [pool-1535-thread-1] INFO  server.RaftServerConfigKeys (ConfUtils.java:logGet(43)) - raft.server.log.appender.install.snapshot.enabled = false (custom)
2019-08-22 21:26:22,782 [pool-1535-thread-1] INFO  impl.RaftServerImpl (ServerState.java:<init>(105)) - 5c1d6db1-13a6-44c6-b93f-b1706e8ca29c:group-24D3CCCA055A ConfigurationManager, init=-1: [5c1d6db1-13a6-44c6-b93f-b1706e8ca29c:192.168.36.65:40663], old=null, confs=<EMPTY_MAP>
2019-08-22 21:26:22,782 [pool-1535-thread-1] INFO  server.RaftServerConfigKeys (ConfUtils.java:logGet(43)) - raft.server.storage.dir = [/workdir/hadoop-ozone/integration-test/target/test-dir/MiniOzoneClusterImpl-cf6507f4-c152-47c1-a61c-419edf2db18f/datanode-0/data/ratis] (custom)
2019-08-22 21:26:22,806 [pool-1535-thread-1] INFO  storage.RaftStorageDirectory (RaftStorageDirectory.java:analyzeStorage(246)) - The storage directory /workdir/hadoop-ozone/integration-test/target/test-dir/MiniOzoneClusterImpl-cf6507f4-c152-47c1-a61c-419edf2db18f/datanode-0/data/ratis/8b5af401-3838-4f04-b950-24d3ccca055a does not exist. Creating ...
2019-08-22 21:26:23,731 [Thread-7213] INFO  ozone.MiniOzoneClusterImpl (MiniOzoneClusterImpl.java:lambda$waitForClusterToBeReady$0(142)) - Cluster is ready. Got 1 of 1 DN Heartbeats.
2019-08-22 21:26:23,764 [Thread-7213] INFO  ipc.Server (Server.java:stop(3082)) - Stopping server on 13128
2019-08-22 21:26:23,770 [IPC Server listener on 13128] INFO  ipc.Server (Server.java:run(1185)) - Stopping IPC Server listener on 13128
2019-08-22 21:26:23,771 [IPC Server Responder] INFO  ipc.Server (Server.java:run(1319)) - Stopping IPC Server Responder
2019-08-22 21:26:23,771 [Thread-7213] INFO  impl.RaftServerProxy (RaftServerProxy.java:lambda$close$4(314)) - omNode-1: close
2019-08-22 21:26:23,774 [Thread-7213] INFO  impl.RaftServerImpl (RaftServerImpl.java:lambda$shutdown$3(245)) - omNode-1: shutdown group-523986131536
2019-08-22 21:26:23,775 [Thread-7213] INFO  util.JmxRegister (JmxRegister.java:unregister(73)) - Successfully un-registered JMX Bean with object name Ratis:service=RaftServer,group=group-523986131536,id=omNode-1
2019-08-22 21:26:23,775 [Thread-7213] INFO  impl.RoleInfo (RoleInfo.java:shutdownLeaderState(104)) - omNode-1: shutdown LeaderState
2019-08-22 21:26:23,780 [Thread-7213] INFO  impl.PendingRequests (PendingRequests.java:sendNotLeaderResponses(202)) - omNode-1-PendingRequests: sendNotLeaderResponses
2019-08-22 21:26:23,780 [org.apache.ratis.server.impl.LogAppender$AppenderDaemon$$Lambda$225/1524531159@1b7227f3] WARN  server.GrpcLogAppender (GrpcLogAppender.java:mayWait(143)) - GrpcLogAppender(omNode-1->omNode-2): Wait interrupted by java.lang.InterruptedException
2019-08-22 21:26:23,780 [org.apache.ratis.server.impl.LogAppender$AppenderDaemon$$Lambda$225/1524531159@b585e6c] WARN  server.GrpcLogAppender (GrpcLogAppender.java:mayWait(143)) - GrpcLogAppender(omNode-1->omNode-3): Wait interrupted by java.lang.InterruptedException
2019-08-22 21:26:23,785 [Thread-7213] INFO  impl.StateMachineUpdater (StateMachineUpdater.java:stopAndJoin(115)) - StateMachineUpdater:omNode-1:group-523986131536: set stopIndex = 0
2019-08-22 21:26:23,785 [grpc-default-executor-5] INFO  server.GrpcServerProtocolService (GrpcServerProtocolService.java:onCompleted(104)) - omNode-3: appendEntries completed
2019-08-22 21:26:23,785 [grpc-default-executor-3] INFO  server.GrpcServerProtocolService (GrpcServerProtocolService.java:onCompleted(104)) - omNode-2: appendEntries completed
2019-08-22 21:26:23,785 [StateMachineUpdater:omNode-1:group-523986131536] INFO  ratis.ContainerStateMachine (OzoneManagerStateMachine.java:takeSnapshot(225)) - Saving Ratis snapshot on the OM.
2019-08-22 21:26:23,786 [grpc-default-executor-3] INFO  server.GrpcLogAppender (GrpcLogAppender.java:onCompleted(292)) - omNode-1->omNode-3: follower responses appendEntries COMPLETED
2019-08-22 21:26:23,789 [grpc-default-executor-6] INFO  server.GrpcLogAppender (GrpcLogAppender.java:onCompleted(292)) - omNode-1->omNode-2: follower responses appendEntries COMPLETED
2019-08-22 21:26:23,789 [grpc-default-executor-3] INFO  impl.FollowerInfo (FollowerInfo.java:lambda$new$0(50)) - omNode-1->omNode-3: nextIndex: updateUnconditionally 1 -> 0
2019-08-22 21:26:23,789 [grpc-default-executor-6] INFO  impl.FollowerInfo (FollowerInfo.java:lambda$new$0(50)) - omNode-1->omNode-2: nextIndex: updateUnconditionally 1 -> 0
2019-08-22 21:26:24,740 | INFO  | SCMAudit | user=jenkins1000 | ip=192.168.36.65 | op=SEND_HEARTBEAT {datanodeUUID=5c1d6db1-13a6-44c6-b93f-b1706e8ca29c, command=[]} | ret=SUCCESS |  
2019-08-22 21:26:24,893 [Thread-7404] INFO  impl.FollowerState (FollowerState.java:run(106)) - omNode-3:group-523986131536 changes to CANDIDATE, lastRpcTime:1430, electionTimeout:1130ms
2019-08-22 21:26:24,894 [Thread-7404] INFO  impl.RoleInfo (RoleInfo.java:shutdownFollowerState(121)) - omNode-3: shutdown FollowerState
2019-08-22 21:26:24,894 [Thread-7404] INFO  impl.RaftServerImpl (RaftServerImpl.java:setRole(171)) - omNode-3:group-523986131536 changes role from FOLLOWER to CANDIDATE at term 1 for changeToCandidate
2019-08-22 21:26:24,894 [Thread-7404] INFO  impl.RoleInfo (RoleInfo.java:updateAndGet(143)) - omNode-3: start LeaderElection
2019-08-22 21:26:24,907 [omNode-3:group-523986131536:LeaderElection55] INFO  impl.RaftServerImpl (ServerState.java:setLeader(263)) - omNode-3:group-523986131536 change Leader from omNode-1 to null at term 1 for initElection
2019-08-22 21:26:25,006 [pool-1535-thread-1] INFO  storage.RaftStorageDirectory (RaftStorageDirectory.java:tryLock(328)) - Lock on /workdir/hadoop-ozone/integration-test/target/test-dir/MiniOzoneClusterImpl-cf6507f4-c152-47c1-a61c-419edf2db18f/datanode-0/data/ratis/8b5af401-3838-4f04-b950-24d3ccca055a/in_use.lock acquired by nodename 24060@pr-hdds-1975-qxxlx-297662434
2019-08-22 21:26:25,006 [omNode-3:group-523986131536:LeaderElection55] INFO  impl.LeaderElection (LeaderElection.java:askForVotes(181)) - omNode-3:group-523986131536:LeaderElection55: begin an election at term 2 for 0: [omNode-3:localhost:13144, omNode-1:localhost:13132, omNode-2:localhost:13138], old=null
2019-08-22 21:26:25,006 [StateMachineUpdater:omNode-1:group-523986131536] INFO  om.OzoneManager (OzoneManager.java:saveRatisSnapshot(1446)) - Saved Ratis Snapshot on the OM with snapshotIndex 0
2019-08-22 21:26:25,006 [StateMachineUpdater:omNode-1:group-523986131536] INFO  impl.StateMachineUpdater (StateMachineUpdater.java:takeSnapshot(242)) - StateMachineUpdater:omNode-1:group-523986131536: Took a snapshot at index 0
2019-08-22 21:26:25,006 [StateMachineUpdater:omNode-1:group-523986131536] INFO  impl.StateMachineUpdater (StateMachineUpdater.java:lambda$new$0(80)) - StateMachineUpdater:omNode-1:group-523986131536: snapshotIndex: updateIncreasingly -1 -> 0
2019-08-22 21:26:25,007 [Thread-7213] INFO  impl.RaftServerImpl (ServerState.java:close(394)) - omNode-1:group-523986131536 closes. The last applied log index is 0
2019-08-22 21:26:25,008 [omNode-1-SegmentedRaftLogWorker:Storage Directory /workdir/hadoop-ozone/integration-test/target/test-dir/MiniOzoneClusterImpl-cf6507f4-c152-47c1-a61c-419edf2db18f/omNode-1/ratis/c9bc4cf4-3bc3-3c60-a66b-523986131536] INFO  segmented.SegmentedRaftLogWorker (SegmentedRaftLogWorker.java:run(313)) - omNode-1-SegmentedRaftLogWorker:Storage Directory /workdir/hadoop-ozone/integration-test/target/test-dir/MiniOzoneClusterImpl-cf6507f4-c152-47c1-a61c-419edf2db18f/omNode-1/ratis/c9bc4cf4-3bc3-3c60-a66b-523986131536 was interrupted, exiting. There are 0 tasks remaining in the queue.
2019-08-22 21:26:25,012 [Thread-7213] INFO  segmented.SegmentedRaftLogWorker (SegmentedRaftLogWorker.java:close(228)) - omNode-1-SegmentedRaftLogWorker:Storage Directory /workdir/hadoop-ozone/integration-test/target/test-dir/MiniOzoneClusterImpl-cf6507f4-c152-47c1-a61c-419edf2db18f/omNode-1/ratis/c9bc4cf4-3bc3-3c60-a66b-523986131536 close()
2019-08-22 21:26:25,017 [Thread-7213] INFO  server.GrpcService (GrpcService.java:closeImpl(155)) - omNode-1: shutdown server with port 13132 now
2019-08-22 21:26:25,017 [Thread-7213] INFO  server.GrpcService (GrpcService.java:closeImpl(163)) - omNode-1: shutdown server with port 13132 successfully
2019-08-22 21:26:25,017 [Thread-7213] INFO  ratis.OzoneManagerDoubleBuffer (OzoneManagerDoubleBuffer.java:stop(248)) - Stopping OMDoubleBuffer flush thread
2019-08-22 21:26:25,019 [OMDoubleBufferFlushThread] INFO  ratis.OzoneManagerDoubleBuffer (OzoneManagerDoubleBuffer.java:flushTransactions(191)) - OMDoubleBuffer flush thread OMDoubleBufferFlushThread is interrupted and will exit. OMDoubleBufferFlushThread
2019-08-22 21:26:25,020 [Thread-7213] INFO  utils.BackgroundService (BackgroundService.java:shutdown(148)) - Shutting down service KeyDeletingService
2019-08-22 21:26:25,020 [omNode-3:group-523986131536:LeaderElection55] INFO  impl.LeaderElection (LogUtils.java:infoOrTrace(149)) - omNode-3:group-523986131536:LeaderElection55 got exception when requesting votes: {}
java.util.concurrent.ExecutionException: org.apache.ratis.thirdparty.io.grpc.StatusRuntimeException: UNAVAILABLE: io exception
	at java.util.concurrent.FutureTask.report(FutureTask.java:122)
	at java.util.concurrent.FutureTask.get(FutureTask.java:192)
	at org.apache.ratis.server.impl.LeaderElection.waitForResults(LeaderElection.java:262)
	at org.apache.ratis.server.impl.LeaderElection.askForVotes(LeaderElection.java:200)
	at org.apache.ratis.server.impl.LeaderElection.run(LeaderElection.java:130)
	at java.lang.Thread.run(Thread.java:748)
Caused by: org.apache.ratis.thirdparty.io.grpc.StatusRuntimeException: UNAVAILABLE: io exception
	at org.apache.ratis.thirdparty.io.grpc.stub.ClientCalls.toStatusRuntimeException(ClientCalls.java:233)
	at org.apache.ratis.thirdparty.io.grpc.stub.ClientCalls.getUnchecked(ClientCalls.java:214)
	at org.apache.ratis.thirdparty.io.grpc.stub.ClientCalls.blockingUnaryCall(ClientCalls.java:139)
	at org.apache.ratis.proto.grpc.RaftServerProtocolServiceGrpc$RaftServerProtocolServiceBlockingStub.requestVote(RaftServerProtocolServiceGrpc.java:265)
	at org.apache.ratis.grpc.server.GrpcServerProtocolClient.requestVote(GrpcServerProtocolClient.java:83)
	at org.apache.ratis.grpc.server.GrpcService.requestVote(GrpcService.java:195)
	at org.apache.ratis.server.impl.LeaderElection.lambda$submitRequests$1(LeaderElection.java:237)
	at java.util.concurrent.FutureTask.run(FutureTask.java:266)
	at java.util.concurrent.Executors$RunnableAdapter.call(Executors.java:511)
	at java.util.concurrent.FutureTask.run(FutureTask.java:266)
	at java.util.concurrent.ThreadPoolExecutor.runWorker(ThreadPoolExecutor.java:1149)
	at java.util.concurrent.ThreadPoolExecutor$Worker.run(ThreadPoolExecutor.java:624)
	... 1 more
Caused by: org.apache.ratis.thirdparty.io.netty.channel.AbstractChannel$AnnotatedSocketException: Connection reset by peer: localhost/127.0.0.1:13132
	at sun.nio.ch.SocketChannelImpl.checkConnect(Native Method)
	at sun.nio.ch.SocketChannelImpl.finishConnect(SocketChannelImpl.java:717)
	at org.apache.ratis.thirdparty.io.netty.channel.socket.nio.NioSocketChannel.doFinishConnect(NioSocketChannel.java:327)
	at org.apache.ratis.thirdparty.io.netty.channel.nio.AbstractNioChannel$AbstractNioUnsafe.finishConnect(AbstractNioChannel.java:340)
	at org.apache.ratis.thirdparty.io.netty.channel.nio.NioEventLoop.processSelectedKey(NioEventLoop.java:632)
	at org.apache.ratis.thirdparty.io.netty.channel.nio.NioEventLoop.processSelectedKeysOptimized(NioEventLoop.java:579)
	at org.apache.ratis.thirdparty.io.netty.channel.nio.NioEventLoop.processSelectedKeys(NioEventLoop.java:496)
	at org.apache.ratis.thirdparty.io.netty.channel.nio.NioEventLoop.run(NioEventLoop.java:458)
	at org.apache.ratis.thirdparty.io.netty.util.concurrent.SingleThreadEventExecutor$5.run(SingleThreadEventExecutor.java:897)
	at org.apache.ratis.thirdparty.io.netty.util.concurrent.FastThreadLocalRunnable.run(FastThreadLocalRunnable.java:30)
	... 1 more
Caused by: java.net.SocketException: Connection reset by peer
	... 11 more
2019-08-22 21:26:25,023 [Thread-7213] INFO  handler.ContextHandler (ContextHandler.java:doStop(910)) - Stopped o.e.j.w.WebAppContext@7cabe82{/,null,UNAVAILABLE}{/ozoneManager}
2019-08-22 21:26:25,024 [Thread-7213] INFO  server.AbstractConnector (AbstractConnector.java:doStop(318)) - Stopped ServerConnector@19222cc0{HTTP/1.1,[http/1.1]}{0.0.0.0:13130}
2019-08-22 21:26:25,027 [grpc-default-executor-6] INFO  impl.RaftServerImpl (ServerState.java:setLeader(263)) - omNode-2:group-523986131536 change Leader from omNode-1 to null at term 2 for updateCurrentTerm
2019-08-22 21:26:25,027 [Thread-7213] INFO  handler.ContextHandler (ContextHandler.java:doStop(910)) - Stopped o.e.j.s.ServletContextHandler@7c46b1fc{/static,file:///workdir/hadoop-ozone/integration-test/target/test-classes/webapps/static,UNAVAILABLE}
2019-08-22 21:26:25,027 [grpc-default-executor-6] INFO  impl.RaftServerImpl (RaftServerImpl.java:setRole(171)) - omNode-2:group-523986131536 changes role from FOLLOWER to FOLLOWER at term 2 for recognizeCandidate:omNode-3
2019-08-22 21:26:25,027 [Thread-7213] INFO  handler.ContextHandler (ContextHandler.java:doStop(910)) - Stopped o.e.j.s.ServletContextHandler@49f16d2e{/logs,file:///workdir/hadoop-ozone/integration-test/target/log,UNAVAILABLE}
2019-08-22 21:26:25,027 [grpc-default-executor-6] INFO  impl.RoleInfo (RoleInfo.java:shutdownFollowerState(121)) - omNode-2: shutdown FollowerState
2019-08-22 21:26:25,028 [grpc-default-executor-6] INFO  impl.RoleInfo (RoleInfo.java:updateAndGet(143)) - omNode-2: start FollowerState
2019-08-22 21:26:25,028 [Thread-7385] INFO  impl.FollowerState (FollowerState.java:run(114)) - omNode-2: FollowerState was interrupted: java.lang.InterruptedException: sleep interrupted
2019-08-22 21:26:25,030 [Thread-7213] INFO  ipc.Server (Server.java:stop(3082)) - Stopping server on 13134
2019-08-22 21:26:25,034 [IPC Server listener on 13134] INFO  ipc.Server (Server.java:run(1185)) - Stopping IPC Server listener on 13134
2019-08-22 21:26:25,034 [IPC Server Responder] INFO  ipc.Server (Server.java:run(1319)) - Stopping IPC Server Responder
2019-08-22 21:26:25,034 [Thread-7213] INFO  impl.RaftServerProxy (RaftServerProxy.java:lambda$close$4(314)) - omNode-2: close
2019-08-22 21:26:25,037 [Thread-7213] INFO  impl.RaftServerImpl (RaftServerImpl.java:lambda$shutdown$3(245)) - omNode-2: shutdown group-523986131536
2019-08-22 21:26:25,037 [Thread-7213] INFO  util.JmxRegister (JmxRegister.java:unregister(73)) - Successfully un-registered JMX Bean with object name Ratis:service=RaftServer,group=group-523986131536,id=omNode-2
2019-08-22 21:26:25,038 [Thread-7213] INFO  impl.RoleInfo (RoleInfo.java:shutdownFollowerState(121)) - omNode-2: shutdown FollowerState
2019-08-22 21:26:25,038 [Thread-7213] INFO  impl.StateMachineUpdater (StateMachineUpdater.java:stopAndJoin(115)) - StateMachineUpdater:omNode-2:group-523986131536: set stopIndex = 0
2019-08-22 21:26:25,038 [StateMachineUpdater:omNode-2:group-523986131536] INFO  ratis.ContainerStateMachine (OzoneManagerStateMachine.java:takeSnapshot(225)) - Saving Ratis snapshot on the OM.
2019-08-22 21:26:25,038 [Thread-7496] INFO  impl.FollowerState (FollowerState.java:run(114)) - omNode-2: FollowerState was interrupted: java.lang.InterruptedException: sleep interrupted
2019-08-22 21:26:25,069 [StateMachineUpdater:omNode-2:group-523986131536] INFO  om.OzoneManager (OzoneManager.java:saveRatisSnapshot(1446)) - Saved Ratis Snapshot on the OM with snapshotIndex 0
2019-08-22 21:26:25,069 [pool-1535-thread-1] INFO  storage.RaftStorage (RaftStorage.java:format(72)) - Storage directory /workdir/hadoop-ozone/integration-test/target/test-dir/MiniOzoneClusterImpl-cf6507f4-c152-47c1-a61c-419edf2db18f/datanode-0/data/ratis/8b5af401-3838-4f04-b950-24d3ccca055a has been successfully formatted.
2019-08-22 21:26:25,069 [StateMachineUpdater:omNode-2:group-523986131536] INFO  impl.StateMachineUpdater (StateMachineUpdater.java:takeSnapshot(242)) - StateMachineUpdater:omNode-2:group-523986131536: Took a snapshot at index 0
2019-08-22 21:26:25,069 [StateMachineUpdater:omNode-2:group-523986131536] INFO  impl.StateMachineUpdater (StateMachineUpdater.java:lambda$new$0(80)) - StateMachineUpdater:omNode-2:group-523986131536: snapshotIndex: updateIncreasingly -1 -> 0
2019-08-22 21:26:25,069 [pool-1535-thread-1] INFO  ratis.ContainerStateMachine (ContainerStateMachine.java:loadSnapshot(226)) - group-24D3CCCA055A: The snapshot info is null. Setting the last applied indexto:(t:0, i:~)
2019-08-22 21:26:25,077 [pool-1535-thread-1] INFO  server.RaftServerConfigKeys (ConfUtils.java:logGet(43)) - raft.server.leader.election.timeout = 120s (custom)
2019-08-22 21:26:25,077 [Thread-7213] INFO  impl.RaftServerImpl (ServerState.java:close(394)) - omNode-2:group-523986131536 closes. The last applied log index is 0
2019-08-22 21:26:25,078 [omNode-3:group-523986131536:LeaderElection55] INFO  impl.LeaderElection (LeaderElection.java:logAndReturn(56)) - omNode-3:group-523986131536:LeaderElection55: Election PASSED; received 1 response(s) [omNode-3<-omNode-2#0:OK-t2] and 1 exception(s); omNode-3:t2, leader=null, voted=omNode-3, raftlog=omNode-3-SegmentedRaftLog:OPENED:c0,f0,i0, conf=0: [omNode-3:localhost:13144, omNode-1:localhost:13132, omNode-2:localhost:13138], old=null
2019-08-22 21:26:25,078 [omNode-2-SegmentedRaftLogWorker:Storage Directory /workdir/hadoop-ozone/integration-test/target/test-dir/MiniOzoneClusterImpl-cf6507f4-c152-47c1-a61c-419edf2db18f/omNode-2/ratis/c9bc4cf4-3bc3-3c60-a66b-523986131536] INFO  segmented.SegmentedRaftLogWorker (SegmentedRaftLogWorker.java:run(313)) - omNode-2-SegmentedRaftLogWorker:Storage Directory /workdir/hadoop-ozone/integration-test/target/test-dir/MiniOzoneClusterImpl-cf6507f4-c152-47c1-a61c-419edf2db18f/omNode-2/ratis/c9bc4cf4-3bc3-3c60-a66b-523986131536 was interrupted, exiting. There are 0 tasks remaining in the queue.
2019-08-22 21:26:25,078 [pool-1535-thread-1] INFO  server.RaftServerConfigKeys (ConfUtils.java:logGet(43)) - raft.server.log.use.memory = false (default)
2019-08-22 21:26:25,078 [omNode-3:group-523986131536:LeaderElection55] INFO  impl.LeaderElection (LogUtils.java:infoOrTrace(149)) -   Exception 0: {}
java.util.concurrent.ExecutionException: org.apache.ratis.thirdparty.io.grpc.StatusRuntimeException: UNAVAILABLE: io exception
	at java.util.concurrent.FutureTask.report(FutureTask.java:122)
	at java.util.concurrent.FutureTask.get(FutureTask.java:192)
	at org.apache.ratis.server.impl.LeaderElection.waitForResults(LeaderElection.java:262)
	at org.apache.ratis.server.impl.LeaderElection.askForVotes(LeaderElection.java:200)
	at org.apache.ratis.server.impl.LeaderElection.run(LeaderElection.java:130)
	at java.lang.Thread.run(Thread.java:748)
Caused by: org.apache.ratis.thirdparty.io.grpc.StatusRuntimeException: UNAVAILABLE: io exception
	at org.apache.ratis.thirdparty.io.grpc.stub.ClientCalls.toStatusRuntimeException(ClientCalls.java:233)
	at org.apache.ratis.thirdparty.io.grpc.stub.ClientCalls.getUnchecked(ClientCalls.java:214)
	at org.apache.ratis.thirdparty.io.grpc.stub.ClientCalls.blockingUnaryCall(ClientCalls.java:139)
	at org.apache.ratis.proto.grpc.RaftServerProtocolServiceGrpc$RaftServerProtocolServiceBlockingStub.requestVote(RaftServerProtocolServiceGrpc.java:265)
	at org.apache.ratis.grpc.server.GrpcServerProtocolClient.requestVote(GrpcServerProtocolClient.java:83)
	at org.apache.ratis.grpc.server.GrpcService.requestVote(GrpcService.java:195)
	at org.apache.ratis.server.impl.LeaderElection.lambda$submitRequests$1(LeaderElection.java:237)
	at java.util.concurrent.FutureTask.run(FutureTask.java:266)
	at java.util.concurrent.Executors$RunnableAdapter.call(Executors.java:511)
	at java.util.concurrent.FutureTask.run(FutureTask.java:266)
	at java.util.concurrent.ThreadPoolExecutor.runWorker(ThreadPoolExecutor.java:1149)
	at java.util.concurrent.ThreadPoolExecutor$Worker.run(ThreadPoolExecutor.java:624)
	... 1 more
Caused by: org.apache.ratis.thirdparty.io.netty.channel.AbstractChannel$AnnotatedSocketException: Connection reset by peer: localhost/127.0.0.1:13132
	at sun.nio.ch.SocketChannelImpl.checkConnect(Native Method)
	at sun.nio.ch.SocketChannelImpl.finishConnect(SocketChannelImpl.java:717)
	at org.apache.ratis.thirdparty.io.netty.channel.socket.nio.NioSocketChannel.doFinishConnect(NioSocketChannel.java:327)
	at org.apache.ratis.thirdparty.io.netty.channel.nio.AbstractNioChannel$AbstractNioUnsafe.finishConnect(AbstractNioChannel.java:340)
	at org.apache.ratis.thirdparty.io.netty.channel.nio.NioEventLoop.processSelectedKey(NioEventLoop.java:632)
	at org.apache.ratis.thirdparty.io.netty.channel.nio.NioEventLoop.processSelectedKeysOptimized(NioEventLoop.java:579)
	at org.apache.ratis.thirdparty.io.netty.channel.nio.NioEventLoop.processSelectedKeys(NioEventLoop.java:496)
	at org.apache.ratis.thirdparty.io.netty.channel.nio.NioEventLoop.run(NioEventLoop.java:458)
	at org.apache.ratis.thirdparty.io.netty.util.concurrent.SingleThreadEventExecutor$5.run(SingleThreadEventExecutor.java:897)
	at org.apache.ratis.thirdparty.io.netty.util.concurrent.FastThreadLocalRunnable.run(FastThreadLocalRunnable.java:30)
	... 1 more
Caused by: java.net.SocketException: Connection reset by peer
	... 11 more
2019-08-22 21:26:25,080 [Thread-7213] INFO  segmented.SegmentedRaftLogWorker (SegmentedRaftLogWorker.java:close(228)) - omNode-2-SegmentedRaftLogWorker:Storage Directory /workdir/hadoop-ozone/integration-test/target/test-dir/MiniOzoneClusterImpl-cf6507f4-c152-47c1-a61c-419edf2db18f/omNode-2/ratis/c9bc4cf4-3bc3-3c60-a66b-523986131536 close()
2019-08-22 21:26:25,080 [pool-1535-thread-1] INFO  server.RaftServerConfigKeys (ConfUtils.java:logGet(43)) - raft.server.log.purge.gap = 1000000 (custom)
2019-08-22 21:26:25,086 [Thread-7213] INFO  server.GrpcService (GrpcService.java:closeImpl(155)) - omNode-2: shutdown server with port 13138 now
2019-08-22 21:26:25,081 [omNode-3:group-523986131536:LeaderElection55] INFO  impl.RoleInfo (RoleInfo.java:shutdownLeaderElection(134)) - omNode-3: shutdown LeaderElection
2019-08-22 21:26:25,086 [omNode-3:group-523986131536:LeaderElection55] INFO  impl.RaftServerImpl (RaftServerImpl.java:setRole(171)) - omNode-3:group-523986131536 changes role from CANDIDATE to LEADER at term 2 for changeToLeader
2019-08-22 21:26:25,086 [pool-1535-thread-1] INFO  server.RaftServerConfigKeys (ConfUtils.java:logGet(43)) - raft.server.log.appender.buffer.byte-limit = 33554432 (custom)
2019-08-22 21:26:25,086 [omNode-3:group-523986131536:LeaderElection55] INFO  impl.RaftServerImpl (ServerState.java:setLeader(263)) - omNode-3:group-523986131536 change Leader from null to omNode-3 at term 2 for becomeLeader, leader elected after 178ms
2019-08-22 21:26:25,086 [Thread-7213] INFO  server.GrpcService (GrpcService.java:closeImpl(163)) - omNode-2: shutdown server with port 13138 successfully
2019-08-22 21:26:25,086 [pool-1535-thread-1] INFO  server.RaftServerConfigKeys (ConfUtils.java:logGet(43)) - raft.server.log.segment.size.max = 1048576 (custom)
2019-08-22 21:26:25,087 [Thread-7213] INFO  ratis.OzoneManagerDoubleBuffer (OzoneManagerDoubleBuffer.java:stop(248)) - Stopping OMDoubleBuffer flush thread
2019-08-22 21:26:25,086 [omNode-3:group-523986131536:LeaderElection55] INFO  server.RaftServerConfigKeys (ConfUtils.java:logGet(43)) - raft.server.staging.catchup.gap = 1000 (default)
2019-08-22 21:26:25,087 [OMDoubleBufferFlushThread] INFO  ratis.OzoneManagerDoubleBuffer (OzoneManagerDoubleBuffer.java:flushTransactions(191)) - OMDoubleBuffer flush thread OMDoubleBufferFlushThread is interrupted and will exit. OMDoubleBufferFlushThread
2019-08-22 21:26:25,087 [pool-1535-thread-1] INFO  server.RaftServerConfigKeys (ConfUtils.java:logGet(43)) - raft.server.log.segment.cache.num.max = 2 (custom)
2019-08-22 21:26:25,087 [Thread-7213] INFO  utils.BackgroundService (BackgroundService.java:shutdown(148)) - Shutting down service KeyDeletingService
2019-08-22 21:26:25,087 [omNode-3:group-523986131536:LeaderElection55] INFO  server.RaftServerConfigKeys (ConfUtils.java:logGet(43)) - raft.server.rpc.sleep.time = 25ms (default)
2019-08-22 21:26:25,087 [pool-1535-thread-1] INFO  segmented.SegmentedRaftLogWorker (SegmentedRaftLogWorker.java:<init>(172)) - new 5c1d6db1-13a6-44c6-b93f-b1706e8ca29c-SegmentedRaftLogWorker:Storage Directory /workdir/hadoop-ozone/integration-test/target/test-dir/MiniOzoneClusterImpl-cf6507f4-c152-47c1-a61c-419edf2db18f/datanode-0/data/ratis/8b5af401-3838-4f04-b950-24d3ccca055a for RaftStorage:Storage Directory /workdir/hadoop-ozone/integration-test/target/test-dir/MiniOzoneClusterImpl-cf6507f4-c152-47c1-a61c-419edf2db18f/datanode-0/data/ratis/8b5af401-3838-4f04-b950-24d3ccca055a
2019-08-22 21:26:25,088 [omNode-3:group-523986131536:LeaderElection55] INFO  server.RaftServerConfigKeys (ConfUtils.java:logGet(43)) - raft.server.write.element-limit = 4096 (default)
2019-08-22 21:26:25,088 [pool-1535-thread-1] INFO  server.RaftServerConfigKeys (ConfUtils.java:logGet(43)) - raft.server.log.queue.byte-limit = 2147483647 (custom)
2019-08-22 21:26:25,088 [omNode-3:group-523986131536:LeaderElection55] INFO  server.RaftServerConfigKeys (ConfUtils.java:logGet(43)) - raft.server.watch.timeout = 10s (default)
2019-08-22 21:26:25,088 [Thread-7213] INFO  handler.ContextHandler (ContextHandler.java:doStop(910)) - Stopped o.e.j.w.WebAppContext@1e0c72ad{/,null,UNAVAILABLE}{/ozoneManager}
2019-08-22 21:26:25,088 [pool-1535-thread-1] INFO  server.RaftServerConfigKeys (ConfUtils.java:logGet(43)) - raft.server.log.queue.element-limit = 1024 (custom)
2019-08-22 21:26:25,088 [omNode-3:group-523986131536:LeaderElection55] INFO  server.RaftServerConfigKeys (ConfUtils.java:logGet(43)) - raft.server.watch.timeout.denomination = 1s (default)
2019-08-22 21:26:25,088 [pool-1535-thread-1] INFO  server.RaftServerConfigKeys (ConfUtils.java:logGet(43)) - raft.server.log.segment.size.max = 1048576 (custom)
2019-08-22 21:26:25,089 [Thread-7213] INFO  server.AbstractConnector (AbstractConnector.java:doStop(318)) - Stopped ServerConnector@2daf7ba6{HTTP/1.1,[http/1.1]}{0.0.0.0:13136}
2019-08-22 21:26:25,088 [omNode-3:group-523986131536:LeaderElection55] INFO  server.RaftServerConfigKeys (ConfUtils.java:logGet(43)) - raft.server.watch.element-limit = 65536 (default)
2019-08-22 21:26:25,089 [Thread-7213] INFO  handler.ContextHandler (ContextHandler.java:doStop(910)) - Stopped o.e.j.s.ServletContextHandler@ff66537{/static,file:///workdir/hadoop-ozone/integration-test/target/test-classes/webapps/static,UNAVAILABLE}
2019-08-22 21:26:25,089 [pool-1535-thread-1] INFO  server.RaftServerConfigKeys (ConfUtils.java:logGet(43)) - raft.server.log.preallocated.size = 16384 (custom)
2019-08-22 21:26:25,089 [Thread-7213] INFO  handler.ContextHandler (ContextHandler.java:doStop(910)) - Stopped o.e.j.s.ServletContextHandler@56d29ecb{/logs,file:///workdir/hadoop-ozone/integration-test/target/log,UNAVAILABLE}
2019-08-22 21:26:25,089 [omNode-3:group-523986131536:LeaderElection55] INFO  server.RaftServerConfigKeys (ConfUtils.java:logGet(43)) - raft.server.log.appender.snapshot.chunk.size.max = 16MB (=16777216) (default)
2019-08-22 21:26:25,089 [pool-1535-thread-1] INFO  server.RaftServerConfigKeys (ConfUtils.java:logGet(43)) - raft.server.log.write.buffer.size = 33554432 (custom)
2019-08-22 21:26:25,090 [omNode-3:group-523986131536:LeaderElection55] INFO  server.RaftServerConfigKeys (ConfUtils.java:logGet(43)) - raft.server.log.appender.buffer.byte-limit = 33554432 (custom)
2019-08-22 21:26:25,090 [pool-1535-thread-1] INFO  server.RaftServerConfigKeys (ConfUtils.java:logGet(43)) - raft.server.log.force.sync.num = 128 (default)
2019-08-22 21:26:25,090 [omNode-3:group-523986131536:LeaderElection55] INFO  server.RaftServerConfigKeys (ConfUtils.java:logGet(43)) - raft.server.log.appender.buffer.element-limit = 1024 (custom)
2019-08-22 21:26:25,090 [pool-1535-thread-1] INFO  server.RaftServerConfigKeys (ConfUtils.java:logGet(43)) - raft.server.log.statemachine.data.sync = true (default)
2019-08-22 21:26:25,090 [omNode-3:group-523986131536:LeaderElection55] INFO  grpc.GrpcConfigKeys$Server (ConfUtils.java:logGet(43)) - raft.grpc.server.leader.outstanding.appends.max = 128 (default)
2019-08-22 21:26:25,090 [pool-1535-thread-1] INFO  server.RaftServerConfigKeys (ConfUtils.java:logGet(43)) - raft.server.log.statemachine.data.sync.timeout = 10s (default)
2019-08-22 21:26:25,090 [omNode-3:group-523986131536:LeaderElection55] INFO  server.RaftServerConfigKeys (ConfUtils.java:logGet(43)) - raft.server.rpc.request.timeout = 3000ms (default)
2019-08-22 21:26:25,091 [pool-1535-thread-1] INFO  server.RaftServerConfigKeys (ConfUtils.java:logGet(43)) - raft.server.log.statemachine.data.sync.timeout.retry = -1 (default)
2019-08-22 21:26:25,091 [omNode-3:group-523986131536:LeaderElection55] INFO  server.RaftServerConfigKeys (ConfUtils.java:logGet(43)) - raft.server.log.appender.install.snapshot.enabled = false (custom)
2019-08-22 21:26:25,091 [pool-1535-thread-1] INFO  server.RaftServerConfigKeys (ConfUtils.java:logGet(43)) - raft.server.log.statemachine.data.caching.enabled = true (custom)
2019-08-22 21:26:25,091 [omNode-3:group-523986131536:LeaderElection55] INFO  server.RaftServerConfigKeys (ConfUtils.java:logGet(43)) - raft.server.log.appender.snapshot.chunk.size.max = 16MB (=16777216) (default)
2019-08-22 21:26:25,091 [omNode-3:group-523986131536:LeaderElection55] INFO  server.RaftServerConfigKeys (ConfUtils.java:logGet(43)) - raft.server.log.appender.buffer.byte-limit = 33554432 (custom)
2019-08-22 21:26:25,091 [pool-1535-thread-1] INFO  segmented.SegmentedRaftLogWorker (SegmentedRaftLogWorker.java:lambda$new$0(132)) - 5c1d6db1-13a6-44c6-b93f-b1706e8ca29c-SegmentedRaftLogWorker:Storage Directory /workdir/hadoop-ozone/integration-test/target/test-dir/MiniOzoneClusterImpl-cf6507f4-c152-47c1-a61c-419edf2db18f/datanode-0/data/ratis/8b5af401-3838-4f04-b950-24d3ccca055a: flushIndex: setUnconditionally 0 -> -1
2019-08-22 21:26:25,091 [omNode-3:group-523986131536:LeaderElection55] INFO  server.RaftServerConfigKeys (ConfUtils.java:logGet(43)) - raft.server.log.appender.buffer.element-limit = 1024 (custom)
2019-08-22 21:26:25,092 [pool-1535-thread-1] INFO  server.RaftServerConfigKeys (ConfUtils.java:logGet(43)) - raft.server.snapshot.auto.trigger.enabled = true (custom)
2019-08-22 21:26:25,092 [omNode-3:group-523986131536:LeaderElection55] INFO  grpc.GrpcConfigKeys$Server (ConfUtils.java:logGet(43)) - raft.grpc.server.leader.outstanding.appends.max = 128 (default)
2019-08-22 21:26:25,092 [pool-1535-thread-1] INFO  server.RaftServerConfigKeys (ConfUtils.java:logGet(43)) - raft.server.snapshot.auto.trigger.threshold = 10000 (custom)
2019-08-22 21:26:25,092 [omNode-3:group-523986131536:LeaderElection55] INFO  server.RaftServerConfigKeys (ConfUtils.java:logGet(43)) - raft.server.rpc.request.timeout = 3000ms (default)
2019-08-22 21:26:25,092 [pool-1535-thread-1] INFO  server.RaftServerConfigKeys (ConfUtils.java:logGet(43)) - raft.server.retrycache.expirytime = 600000ms (custom)
2019-08-22 21:26:25,092 [omNode-3:group-523986131536:LeaderElection55] INFO  server.RaftServerConfigKeys (ConfUtils.java:logGet(43)) - raft.server.log.appender.install.snapshot.enabled = false (custom)
2019-08-22 21:26:25,092 [pool-1535-thread-1] INFO  impl.RaftServerImpl (RaftServerImpl.java:start(180)) - 5c1d6db1-13a6-44c6-b93f-b1706e8ca29c: start group-24D3CCCA055A
2019-08-22 21:26:25,092 [omNode-3:group-523986131536:LeaderElection55] INFO  impl.RoleInfo (RoleInfo.java:updateAndGet(143)) - omNode-3: start LeaderState
2019-08-22 21:26:25,092 [pool-1535-thread-1] INFO  impl.RaftServerImpl (RaftServerImpl.java:setRole(171)) - 5c1d6db1-13a6-44c6-b93f-b1706e8ca29c:group-24D3CCCA055A changes role from null to FOLLOWER at term 0 for startAsFollower
2019-08-22 21:26:25,093 [pool-1535-thread-1] INFO  impl.RoleInfo (RoleInfo.java:updateAndGet(143)) - 5c1d6db1-13a6-44c6-b93f-b1706e8ca29c: start FollowerState
2019-08-22 21:26:25,093 [omNode-3:group-523986131536:LeaderElection55] INFO  segmented.SegmentedRaftLogWorker (SegmentedRaftLogWorker.java:rollLogSegment(385)) - omNode-3-SegmentedRaftLogWorker:Storage Directory /workdir/hadoop-ozone/integration-test/target/test-dir/MiniOzoneClusterImpl-cf6507f4-c152-47c1-a61c-419edf2db18f/omNode-3/ratis/c9bc4cf4-3bc3-3c60-a66b-523986131536: Rolling segment log-0_0 to index:0
2019-08-22 21:26:25,101 [pool-1535-thread-1] INFO  util.JmxRegister (JmxRegister.java:tryRegister(44)) - Successfully registered JMX Bean with object name Ratis:service=RaftServer,group=group-24D3CCCA055A,id=5c1d6db1-13a6-44c6-b93f-b1706e8ca29c
2019-08-22 21:26:25,102 [omNode-3-SegmentedRaftLogWorker:Storage Directory /workdir/hadoop-ozone/integration-test/target/test-dir/MiniOzoneClusterImpl-cf6507f4-c152-47c1-a61c-419edf2db18f/omNode-3/ratis/c9bc4cf4-3bc3-3c60-a66b-523986131536] INFO  segmented.SegmentedRaftLogWorker (SegmentedRaftLogWorker.java:execute(526)) - omNode-3-SegmentedRaftLogWorker:Storage Directory /workdir/hadoop-ozone/integration-test/target/test-dir/MiniOzoneClusterImpl-cf6507f4-c152-47c1-a61c-419edf2db18f/omNode-3/ratis/c9bc4cf4-3bc3-3c60-a66b-523986131536: Rolled log segment from /workdir/hadoop-ozone/integration-test/target/test-dir/MiniOzoneClusterImpl-cf6507f4-c152-47c1-a61c-419edf2db18f/omNode-3/ratis/c9bc4cf4-3bc3-3c60-a66b-523986131536/current/log_inprogress_0 to /workdir/hadoop-ozone/integration-test/target/test-dir/MiniOzoneClusterImpl-cf6507f4-c152-47c1-a61c-419edf2db18f/omNode-3/ratis/c9bc4cf4-3bc3-3c60-a66b-523986131536/current/log_0-0
2019-08-22 21:26:25,109 [omNode-3:group-523986131536:LeaderElection55] INFO  impl.RaftServerImpl (ServerState.java:setRaftConf(361)) - omNode-3:group-523986131536 set configuration 1: [omNode-3:localhost:13144, omNode-1:localhost:13132, omNode-2:localhost:13138], old=null at 1
2019-08-22 21:26:25,114 [grpc-default-executor-6] WARN  server.GrpcLogAppender (LogUtils.java:warn(134)) - omNode-3->omNode-1: Failed appendEntries: org.apache.ratis.thirdparty.io.grpc.StatusRuntimeException: UNAVAILABLE: io exception
2019-08-22 21:26:25,114 [grpc-default-executor-6] INFO  impl.FollowerInfo (FollowerInfo.java:lambda$new$0(50)) - omNode-3->omNode-1: nextIndex: updateUnconditionally 1 -> 0
2019-08-22 21:26:25,115 [grpc-default-executor-5] WARN  server.GrpcLogAppender (LogUtils.java:warn(134)) - omNode-3->omNode-2: Failed appendEntries: org.apache.ratis.thirdparty.io.grpc.StatusRuntimeException: UNAVAILABLE: io exception
2019-08-22 21:26:25,115 [RatisPipelineUtilsThread] INFO  pipeline.PipelineStateManager (PipelineStateManager.java:addPipeline(56)) - Created pipeline Pipeline[ Id: 8b5af401-3838-4f04-b950-24d3ccca055a, Nodes: 5c1d6db1-13a6-44c6-b93f-b1706e8ca29c{ip: 192.168.36.65, host: pr-hdds-1975-qxxlx-297662434, networkLocation: /default-rack, certSerialId: null}, Type:RATIS, Factor:ONE, State:OPEN]
2019-08-22 21:26:25,116 [grpc-default-executor-5] INFO  impl.FollowerInfo (FollowerInfo.java:lambda$new$0(50)) - omNode-3->omNode-2: nextIndex: updateUnconditionally 1 -> 0
2019-08-22 21:26:25,131 [omNode-3-SegmentedRaftLogWorker:Storage Directory /workdir/hadoop-ozone/integration-test/target/test-dir/MiniOzoneClusterImpl-cf6507f4-c152-47c1-a61c-419edf2db18f/omNode-3/ratis/c9bc4cf4-3bc3-3c60-a66b-523986131536] INFO  segmented.SegmentedRaftLogWorker (SegmentedRaftLogWorker.java:execute(569)) - omNode-3-SegmentedRaftLogWorker:Storage Directory /workdir/hadoop-ozone/integration-test/target/test-dir/MiniOzoneClusterImpl-cf6507f4-c152-47c1-a61c-419edf2db18f/omNode-3/ratis/c9bc4cf4-3bc3-3c60-a66b-523986131536: created new log segment /workdir/hadoop-ozone/integration-test/target/test-dir/MiniOzoneClusterImpl-cf6507f4-c152-47c1-a61c-419edf2db18f/omNode-3/ratis/c9bc4cf4-3bc3-3c60-a66b-523986131536/current/log_inprogress_1
2019-08-22 21:26:25,616 [grpc-default-executor-6] WARN  server.GrpcLogAppender (LogUtils.java:warn(134)) - omNode-3->omNode-1: Failed appendEntries: org.apache.ratis.thirdparty.io.grpc.StatusRuntimeException: UNAVAILABLE: io exception
2019-08-22 21:26:25,617 [grpc-default-executor-4] WARN  server.GrpcLogAppender (LogUtils.java:warn(134)) - omNode-3->omNode-2: Failed appendEntries: org.apache.ratis.thirdparty.io.grpc.StatusRuntimeException: UNAVAILABLE: io exception
2019-08-22 21:26:25,617 [grpc-default-executor-6] INFO  impl.FollowerInfo (FollowerInfo.java:lambda$new$0(50)) - omNode-3->omNode-1: nextIndex: updateUnconditionally 0 -> 0
2019-08-22 21:26:25,617 [grpc-default-executor-4] INFO  impl.FollowerInfo (FollowerInfo.java:lambda$new$0(50)) - omNode-3->omNode-2: nextIndex: updateUnconditionally 0 -> 0
2019-08-22 21:26:25,740 | INFO  | SCMAudit | user=jenkins1000 | ip=192.168.36.65 | op=SEND_HEARTBEAT {datanodeUUID=5c1d6db1-13a6-44c6-b93f-b1706e8ca29c, command=[]} | ret=SUCCESS |  
2019-08-22 21:26:25,768 [Thread-7483] INFO  container.ReplicationManager (ReplicationManager.java:start(152)) - Starting Replication Monitor Thread.
2019-08-22 21:26:25,772 [ReplicationMonitor] INFO  container.ReplicationManager (ReplicationManager.java:run(215)) - Replication Monitor Thread took 0 milliseconds for processing 0 containers.
2019-08-22 21:26:26,117 [grpc-default-executor-4] WARN  server.GrpcLogAppender (LogUtils.java:warn(134)) - omNode-3->omNode-1: Failed appendEntries: org.apache.ratis.thirdparty.io.grpc.StatusRuntimeException: UNAVAILABLE: io exception
2019-08-22 21:26:26,117 [grpc-default-executor-4] INFO  impl.FollowerInfo (FollowerInfo.java:lambda$new$0(50)) - omNode-3->omNode-1: nextIndex: updateUnconditionally 0 -> 0
2019-08-22 21:26:26,118 [grpc-default-executor-3] WARN  server.GrpcLogAppender (LogUtils.java:warn(134)) - omNode-3->omNode-2: Failed appendEntries: org.apache.ratis.thirdparty.io.grpc.StatusRuntimeException: UNAVAILABLE: io exception
2019-08-22 21:26:26,118 [grpc-default-executor-3] INFO  impl.FollowerInfo (FollowerInfo.java:lambda$new$0(50)) - omNode-3->omNode-2: nextIndex: updateUnconditionally 0 -> 0
2019-08-22 21:26:26,618 [grpc-default-executor-3] WARN  server.GrpcLogAppender (LogUtils.java:warn(134)) - omNode-3->omNode-1: Failed appendEntries: org.apache.ratis.thirdparty.io.grpc.StatusRuntimeException: UNAVAILABLE: io exception
2019-08-22 21:26:26,618 [grpc-default-executor-3] INFO  impl.FollowerInfo (FollowerInfo.java:lambda$new$0(50)) - omNode-3->omNode-1: nextIndex: updateUnconditionally 0 -> 0
2019-08-22 21:26:26,618 [grpc-default-executor-6] WARN  server.GrpcLogAppender (LogUtils.java:warn(134)) - omNode-3->omNode-2: Failed appendEntries: org.apache.ratis.thirdparty.io.grpc.StatusRuntimeException: UNAVAILABLE: io exception
2019-08-22 21:26:26,619 [grpc-default-executor-6] INFO  impl.FollowerInfo (FollowerInfo.java:lambda$new$0(50)) - omNode-3->omNode-2: nextIndex: updateUnconditionally 0 -> 0
2019-08-22 21:26:26,740 | INFO  | SCMAudit | user=jenkins1000 | ip=192.168.36.65 | op=SEND_HEARTBEAT {datanodeUUID=5c1d6db1-13a6-44c6-b93f-b1706e8ca29c, command=[]} | ret=SUCCESS |  
2019-08-22 21:26:27,120 [grpc-default-executor-4] WARN  server.GrpcLogAppender (LogUtils.java:warn(134)) - omNode-3->omNode-1: Failed appendEntries: org.apache.ratis.thirdparty.io.grpc.StatusRuntimeException: UNAVAILABLE: io exception
2019-08-22 21:26:27,120 [grpc-default-executor-5] WARN  server.GrpcLogAppender (LogUtils.java:warn(134)) - omNode-3->omNode-2: Failed appendEntries: org.apache.ratis.thirdparty.io.grpc.StatusRuntimeException: UNAVAILABLE: io exception
2019-08-22 21:26:27,120 [grpc-default-executor-4] INFO  impl.FollowerInfo (FollowerInfo.java:lambda$new$0(50)) - omNode-3->omNode-1: nextIndex: updateUnconditionally 0 -> 0
2019-08-22 21:26:27,120 [grpc-default-executor-5] INFO  impl.FollowerInfo (FollowerInfo.java:lambda$new$0(50)) - omNode-3->omNode-2: nextIndex: updateUnconditionally 0 -> 0
2019-08-22 21:26:27,620 [grpc-default-executor-5] WARN  server.GrpcLogAppender (LogUtils.java:warn(134)) - omNode-3->omNode-1: Failed appendEntries: org.apache.ratis.thirdparty.io.grpc.StatusRuntimeException: UNAVAILABLE: io exception
2019-08-22 21:26:27,620 [grpc-default-executor-7] WARN  server.GrpcLogAppender (LogUtils.java:warn(134)) - omNode-3->omNode-2: Failed appendEntries: org.apache.ratis.thirdparty.io.grpc.StatusRuntimeException: UNAVAILABLE: io exception
2019-08-22 21:26:27,620 [grpc-default-executor-5] INFO  impl.FollowerInfo (FollowerInfo.java:lambda$new$0(50)) - omNode-3->omNode-1: nextIndex: updateUnconditionally 0 -> 0
2019-08-22 21:26:27,621 [grpc-default-executor-7] INFO  impl.FollowerInfo (FollowerInfo.java:lambda$new$0(50)) - omNode-3->omNode-2: nextIndex: updateUnconditionally 0 -> 0
2019-08-22 21:26:27,741 | INFO  | SCMAudit | user=jenkins1000 | ip=192.168.36.65 | op=SEND_HEARTBEAT {datanodeUUID=5c1d6db1-13a6-44c6-b93f-b1706e8ca29c, command=[]} | ret=SUCCESS |  
2019-08-22 21:26:28,123 [grpc-default-executor-3] WARN  server.GrpcLogAppender (LogUtils.java:warn(134)) - omNode-3->omNode-1: Failed appendEntries: org.apache.ratis.thirdparty.io.grpc.StatusRuntimeException: UNAVAILABLE: io exception
2019-08-22 21:26:28,123 [grpc-default-executor-7] WARN  server.GrpcLogAppender (LogUtils.java:warn(134)) - omNode-3->omNode-2: Failed appendEntries: org.apache.ratis.thirdparty.io.grpc.StatusRuntimeException: UNAVAILABLE: io exception
2019-08-22 21:26:28,124 [grpc-default-executor-3] INFO  impl.FollowerInfo (FollowerInfo.java:lambda$new$0(50)) - omNode-3->omNode-1: nextIndex: updateUnconditionally 0 -> 0
2019-08-22 21:26:28,124 [grpc-default-executor-7] INFO  impl.FollowerInfo (FollowerInfo.java:lambda$new$0(50)) - omNode-3->omNode-2: nextIndex: updateUnconditionally 0 -> 0
2019-08-22 21:26:28,623 [grpc-default-executor-7] WARN  server.GrpcLogAppender (LogUtils.java:warn(134)) - omNode-3->omNode-2: Failed appendEntries: org.apache.ratis.thirdparty.io.grpc.StatusRuntimeException: UNAVAILABLE: io exception
2019-08-22 21:26:28,624 [grpc-default-executor-6] WARN  server.GrpcLogAppender (LogUtils.java:warn(134)) - omNode-3->omNode-1: Failed appendEntries: org.apache.ratis.thirdparty.io.grpc.StatusRuntimeException: UNAVAILABLE: io exception
2019-08-22 21:26:28,624 [grpc-default-executor-7] INFO  impl.FollowerInfo (FollowerInfo.java:lambda$new$0(50)) - omNode-3->omNode-2: nextIndex: updateUnconditionally 0 -> 0
2019-08-22 21:26:28,624 [grpc-default-executor-6] INFO  impl.FollowerInfo (FollowerInfo.java:lambda$new$0(50)) - omNode-3->omNode-1: nextIndex: updateUnconditionally 0 -> 0
2019-08-22 21:26:28,741 | INFO  | SCMAudit | user=jenkins1000 | ip=192.168.36.65 | op=SEND_HEARTBEAT {datanodeUUID=5c1d6db1-13a6-44c6-b93f-b1706e8ca29c, command=[]} | ret=SUCCESS |  
2019-08-22 21:26:29,109 [Thread-7213] INFO  rpc.RpcClient (RpcClient.java:createVolume(293)) - Creating Volume: volume87016, with user00018 as owner.
2019-08-22 21:26:29,111 [Thread-7213] INFO  retry.RetryInvocationHandler (RetryInvocationHandler.java:log(411)) - com.google.protobuf.ServiceException: java.io.EOFException: End of File Exception between local host is: "pr-hdds-1975-qxxlx-297662434/192.168.36.65"; destination host is: "localhost":13128; : java.io.EOFException; For more details see:  http://wiki.apache.org/hadoop/EOFException, while invoking $Proxy48.submitRequest over nodeId=omNode-1,nodeAddress=127.0.0.1:13128. Trying to failover immediately.
2019-08-22 21:26:29,124 [grpc-default-executor-5] WARN  server.GrpcLogAppender (LogUtils.java:warn(134)) - omNode-3->omNode-1: Failed appendEntries: org.apache.ratis.thirdparty.io.grpc.StatusRuntimeException: UNAVAILABLE: io exception
2019-08-22 21:26:29,124 [grpc-default-executor-3] WARN  server.GrpcLogAppender (LogUtils.java:warn(134)) - omNode-3->omNode-2: Failed appendEntries: org.apache.ratis.thirdparty.io.grpc.StatusRuntimeException: UNAVAILABLE: io exception
2019-08-22 21:26:29,125 [grpc-default-executor-5] INFO  impl.FollowerInfo (FollowerInfo.java:lambda$new$0(50)) - omNode-3->omNode-1: nextIndex: updateUnconditionally 0 -> 0
2019-08-22 21:26:29,125 [grpc-default-executor-3] INFO  impl.FollowerInfo (FollowerInfo.java:lambda$new$0(50)) - omNode-3->omNode-2: nextIndex: updateUnconditionally 0 -> 0
2019-08-22 21:26:29,626 [grpc-default-executor-7] WARN  server.GrpcLogAppender (LogUtils.java:warn(134)) - omNode-3->omNode-1: Failed appendEntries: org.apache.ratis.thirdparty.io.grpc.StatusRuntimeException: UNAVAILABLE: io exception
2019-08-22 21:26:29,626 [grpc-default-executor-3] WARN  server.GrpcLogAppender (LogUtils.java:warn(134)) - omNode-3->omNode-2: Failed appendEntries: org.apache.ratis.thirdparty.io.grpc.StatusRuntimeException: UNAVAILABLE: io exception
2019-08-22 21:26:29,626 [grpc-default-executor-7] INFO  impl.FollowerInfo (FollowerInfo.java:lambda$new$0(50)) - omNode-3->omNode-1: nextIndex: updateUnconditionally 0 -> 0
2019-08-22 21:26:29,626 [grpc-default-executor-3] INFO  impl.FollowerInfo (FollowerInfo.java:lambda$new$0(50)) - omNode-3->omNode-2: nextIndex: updateUnconditionally 0 -> 0
2019-08-22 21:26:29,741 | INFO  | SCMAudit | user=jenkins1000 | ip=192.168.36.65 | op=SEND_HEARTBEAT {datanodeUUID=5c1d6db1-13a6-44c6-b93f-b1706e8ca29c, command=[]} | ret=SUCCESS |  
2019-08-22 21:26:30,112 [Thread-7213] INFO  ipc.Client (Client.java:handleConnectionFailure(948)) - Retrying connect to server: localhost/127.0.0.1:13134. Already tried 0 time(s); retry policy is RetryUpToMaximumCountWithFixedSleep(maxRetries=10, sleepTime=1000 MILLISECONDS)
2019-08-22 21:26:30,126 [grpc-default-executor-6] WARN  server.GrpcLogAppender (LogUtils.java:warn(134)) - omNode-3->omNode-2: Failed appendEntries: org.apache.ratis.thirdparty.io.grpc.StatusRuntimeException: UNAVAILABLE: io exception
2019-08-22 21:26:30,126 [grpc-default-executor-7] WARN  server.GrpcLogAppender (LogUtils.java:warn(134)) - omNode-3->omNode-1: Failed appendEntries: org.apache.ratis.thirdparty.io.grpc.StatusRuntimeException: UNAVAILABLE: io exception
2019-08-22 21:26:30,127 [grpc-default-executor-6] INFO  impl.FollowerInfo (FollowerInfo.java:lambda$new$0(50)) - omNode-3->omNode-2: nextIndex: updateUnconditionally 0 -> 0
2019-08-22 21:26:30,127 [grpc-default-executor-7] INFO  impl.FollowerInfo (FollowerInfo.java:lambda$new$0(50)) - omNode-3->omNode-1: nextIndex: updateUnconditionally 0 -> 0
2019-08-22 21:26:30,200 [Thread-7501] INFO  impl.FollowerState (FollowerState.java:run(106)) - 5c1d6db1-13a6-44c6-b93f-b1706e8ca29c:group-24D3CCCA055A changes to CANDIDATE, lastRpcTime:5107, electionTimeout:5107ms
2019-08-22 21:26:30,200 [Thread-7501] INFO  impl.RoleInfo (RoleInfo.java:shutdownFollowerState(121)) - 5c1d6db1-13a6-44c6-b93f-b1706e8ca29c: shutdown FollowerState
2019-08-22 21:26:30,200 [Thread-7501] INFO  impl.RaftServerImpl (RaftServerImpl.java:setRole(171)) - 5c1d6db1-13a6-44c6-b93f-b1706e8ca29c:group-24D3CCCA055A changes role from FOLLOWER to CANDIDATE at term 0 for changeToCandidate
2019-08-22 21:26:30,201 [Thread-7501] INFO  impl.RoleInfo (RoleInfo.java:updateAndGet(143)) - 5c1d6db1-13a6-44c6-b93f-b1706e8ca29c: start LeaderElection
2019-08-22 21:26:30,234 [5c1d6db1-13a6-44c6-b93f-b1706e8ca29c:group-24D3CCCA055A:LeaderElection56] INFO  impl.LeaderElection (LeaderElection.java:askForVotes(181)) - 5c1d6db1-13a6-44c6-b93f-b1706e8ca29c:group-24D3CCCA055A:LeaderElection56: begin an election at term 1 for -1: [5c1d6db1-13a6-44c6-b93f-b1706e8ca29c:192.168.36.65:40663], old=null
2019-08-22 21:26:30,234 [5c1d6db1-13a6-44c6-b93f-b1706e8ca29c:group-24D3CCCA055A:LeaderElection56] INFO  impl.RoleInfo (RoleInfo.java:shutdownLeaderElection(134)) - 5c1d6db1-13a6-44c6-b93f-b1706e8ca29c: shutdown LeaderElection
2019-08-22 21:26:30,234 [5c1d6db1-13a6-44c6-b93f-b1706e8ca29c:group-24D3CCCA055A:LeaderElection56] INFO  impl.RaftServerImpl (RaftServerImpl.java:setRole(171)) - 5c1d6db1-13a6-44c6-b93f-b1706e8ca29c:group-24D3CCCA055A changes role from CANDIDATE to LEADER at term 1 for changeToLeader
2019-08-22 21:26:30,234 [5c1d6db1-13a6-44c6-b93f-b1706e8ca29c:group-24D3CCCA055A:LeaderElection56] INFO  impl.RaftServerImpl (ServerState.java:setLeader(263)) - 5c1d6db1-13a6-44c6-b93f-b1706e8ca29c:group-24D3CCCA055A change Leader from null to 5c1d6db1-13a6-44c6-b93f-b1706e8ca29c at term 1 for becomeLeader, leader elected after 5165ms
2019-08-22 21:26:30,237 [5c1d6db1-13a6-44c6-b93f-b1706e8ca29c:group-24D3CCCA055A:LeaderElection56] INFO  server.RaftServerConfigKeys (ConfUtils.java:logGet(43)) - raft.server.staging.catchup.gap = 1000 (default)
2019-08-22 21:26:30,237 [5c1d6db1-13a6-44c6-b93f-b1706e8ca29c:group-24D3CCCA055A:LeaderElection56] INFO  server.RaftServerConfigKeys (ConfUtils.java:logGet(43)) - raft.server.rpc.sleep.time = 25ms (default)
2019-08-22 21:26:30,238 [5c1d6db1-13a6-44c6-b93f-b1706e8ca29c:group-24D3CCCA055A:LeaderElection56] INFO  server.RaftServerConfigKeys (ConfUtils.java:logGet(43)) - raft.server.write.element-limit = 4096 (default)
2019-08-22 21:26:30,238 [5c1d6db1-13a6-44c6-b93f-b1706e8ca29c:group-24D3CCCA055A:LeaderElection56] INFO  server.RaftServerConfigKeys (ConfUtils.java:logGet(43)) - raft.server.watch.timeout = 10s (default)
2019-08-22 21:26:30,238 [5c1d6db1-13a6-44c6-b93f-b1706e8ca29c:group-24D3CCCA055A:LeaderElection56] INFO  server.RaftServerConfigKeys (ConfUtils.java:logGet(43)) - raft.server.watch.timeout.denomination = 1s (default)
2019-08-22 21:26:30,238 [5c1d6db1-13a6-44c6-b93f-b1706e8ca29c:group-24D3CCCA055A:LeaderElection56] INFO  server.RaftServerConfigKeys (ConfUtils.java:logGet(43)) - raft.server.watch.element-limit = 65536 (default)
2019-08-22 21:26:30,238 [5c1d6db1-13a6-44c6-b93f-b1706e8ca29c:group-24D3CCCA055A:LeaderElection56] INFO  impl.RoleInfo (RoleInfo.java:updateAndGet(143)) - 5c1d6db1-13a6-44c6-b93f-b1706e8ca29c: start LeaderState
2019-08-22 21:26:30,238 [5c1d6db1-13a6-44c6-b93f-b1706e8ca29c:group-24D3CCCA055A:LeaderElection56] INFO  segmented.SegmentedRaftLogWorker (SegmentedRaftLogWorker.java:startLogSegment(380)) - 5c1d6db1-13a6-44c6-b93f-b1706e8ca29c-SegmentedRaftLogWorker:Storage Directory /workdir/hadoop-ozone/integration-test/target/test-dir/MiniOzoneClusterImpl-cf6507f4-c152-47c1-a61c-419edf2db18f/datanode-0/data/ratis/8b5af401-3838-4f04-b950-24d3ccca055a: Starting segment from index:0
2019-08-22 21:26:30,239 [5c1d6db1-13a6-44c6-b93f-b1706e8ca29c:group-24D3CCCA055A:LeaderElection56] INFO  impl.RaftServerImpl (ServerState.java:setRaftConf(361)) - 5c1d6db1-13a6-44c6-b93f-b1706e8ca29c:group-24D3CCCA055A set configuration 0: [5c1d6db1-13a6-44c6-b93f-b1706e8ca29c:192.168.36.65:40663], old=null at 0
2019-08-22 21:26:30,290 [5c1d6db1-13a6-44c6-b93f-b1706e8ca29c-SegmentedRaftLogWorker:Storage Directory /workdir/hadoop-ozone/integration-test/target/test-dir/MiniOzoneClusterImpl-cf6507f4-c152-47c1-a61c-419edf2db18f/datanode-0/data/ratis/8b5af401-3838-4f04-b950-24d3ccca055a] INFO  segmented.SegmentedRaftLogWorker (SegmentedRaftLogWorker.java:execute(569)) - 5c1d6db1-13a6-44c6-b93f-b1706e8ca29c-SegmentedRaftLogWorker:Storage Directory /workdir/hadoop-ozone/integration-test/target/test-dir/MiniOzoneClusterImpl-cf6507f4-c152-47c1-a61c-419edf2db18f/datanode-0/data/ratis/8b5af401-3838-4f04-b950-24d3ccca055a: created new log segment /workdir/hadoop-ozone/integration-test/target/test-dir/MiniOzoneClusterImpl-cf6507f4-c152-47c1-a61c-419edf2db18f/datanode-0/data/ratis/8b5af401-3838-4f04-b950-24d3ccca055a/current/log_inprogress_0
2019-08-22 21:26:30,627 [grpc-default-executor-3] WARN  server.GrpcLogAppender (LogUtils.java:warn(134)) - omNode-3->omNode-2: Failed appendEntries: org.apache.ratis.thirdparty.io.grpc.StatusRuntimeException: UNAVAILABLE: io exception
2019-08-22 21:26:30,627 [grpc-default-executor-8] WARN  server.GrpcLogAppender (LogUtils.java:warn(134)) - omNode-3->omNode-1: Failed appendEntries: org.apache.ratis.thirdparty.io.grpc.StatusRuntimeException: UNAVAILABLE: io exception
2019-08-22 21:26:30,627 [grpc-default-executor-3] INFO  impl.FollowerInfo (FollowerInfo.java:lambda$new$0(50)) - omNode-3->omNode-2: nextIndex: updateUnconditionally 0 -> 0
2019-08-22 21:26:30,628 [grpc-default-executor-8] INFO  impl.FollowerInfo (FollowerInfo.java:lambda$new$0(50)) - omNode-3->omNode-1: nextIndex: updateUnconditionally 0 -> 0
2019-08-22 21:26:30,740 | INFO  | SCMAudit | user=jenkins1000 | ip=192.168.36.65 | op=SEND_HEARTBEAT {datanodeUUID=5c1d6db1-13a6-44c6-b93f-b1706e8ca29c, command=[]} | ret=SUCCESS |  
2019-08-22 21:26:31,113 [Thread-7213] INFO  ipc.Client (Client.java:handleConnectionFailure(948)) - Retrying connect to server: localhost/127.0.0.1:13134. Already tried 1 time(s); retry policy is RetryUpToMaximumCountWithFixedSleep(maxRetries=10, sleepTime=1000 MILLISECONDS)
2019-08-22 21:26:31,128 [grpc-default-executor-6] WARN  server.GrpcLogAppender (LogUtils.java:warn(134)) - omNode-3->omNode-2: Failed appendEntries: org.apache.ratis.thirdparty.io.grpc.StatusRuntimeException: UNAVAILABLE: io exception
2019-08-22 21:26:31,128 [grpc-default-executor-5] WARN  server.GrpcLogAppender (LogUtils.java:warn(134)) - omNode-3->omNode-1: Failed appendEntries: org.apache.ratis.thirdparty.io.grpc.StatusRuntimeException: UNAVAILABLE: io exception
2019-08-22 21:26:31,128 [grpc-default-executor-6] INFO  impl.FollowerInfo (FollowerInfo.java:lambda$new$0(50)) - omNode-3->omNode-2: nextIndex: updateUnconditionally 0 -> 0
2019-08-22 21:26:31,128 [grpc-default-executor-5] INFO  impl.FollowerInfo (FollowerInfo.java:lambda$new$0(50)) - omNode-3->omNode-1: nextIndex: updateUnconditionally 0 -> 0
2019-08-22 21:26:31,629 [grpc-default-executor-7] WARN  server.GrpcLogAppender (LogUtils.java:warn(134)) - omNode-3->omNode-2: Failed appendEntries: org.apache.ratis.thirdparty.io.grpc.StatusRuntimeException: UNAVAILABLE: io exception
2019-08-22 21:26:31,629 [grpc-default-executor-8] WARN  server.GrpcLogAppender (LogUtils.java:warn(134)) - omNode-3->omNode-1: Failed appendEntries: org.apache.ratis.thirdparty.io.grpc.StatusRuntimeException: UNAVAILABLE: io exception
2019-08-22 21:26:31,630 [grpc-default-executor-7] INFO  impl.FollowerInfo (FollowerInfo.java:lambda$new$0(50)) - omNode-3->omNode-2: nextIndex: updateUnconditionally 0 -> 0
2019-08-22 21:26:31,630 [grpc-default-executor-8] INFO  impl.FollowerInfo (FollowerInfo.java:lambda$new$0(50)) - omNode-3->omNode-1: nextIndex: updateUnconditionally 0 -> 0
2019-08-22 21:26:31,741 | INFO  | SCMAudit | user=jenkins1000 | ip=192.168.36.65 | op=SEND_HEARTBEAT {datanodeUUID=5c1d6db1-13a6-44c6-b93f-b1706e8ca29c, command=[]} | ret=SUCCESS |  
2019-08-22 21:26:32,114 [Thread-7213] INFO  ipc.Client (Client.java:handleConnectionFailure(948)) - Retrying connect to server: localhost/127.0.0.1:13134. Already tried 2 time(s); retry policy is RetryUpToMaximumCountWithFixedSleep(maxRetries=10, sleepTime=1000 MILLISECONDS)
2019-08-22 21:26:32,129 [grpc-default-executor-4] WARN  server.GrpcLogAppender (LogUtils.java:warn(134)) - omNode-3->omNode-1: Failed appendEntries: org.apache.ratis.thirdparty.io.grpc.StatusRuntimeException: UNAVAILABLE: io exception
2019-08-22 21:26:32,129 [grpc-default-executor-3] WARN  server.GrpcLogAppender (LogUtils.java:warn(134)) - omNode-3->omNode-2: Failed appendEntries: org.apache.ratis.thirdparty.io.grpc.StatusRuntimeException: UNAVAILABLE: io exception
2019-08-22 21:26:32,130 [grpc-default-executor-4] INFO  impl.FollowerInfo (FollowerInfo.java:lambda$new$0(50)) - omNode-3->omNode-1: nextIndex: updateUnconditionally 0 -> 0
2019-08-22 21:26:32,130 [grpc-default-executor-3] INFO  impl.FollowerInfo (FollowerInfo.java:lambda$new$0(50)) - omNode-3->omNode-2: nextIndex: updateUnconditionally 0 -> 0
2019-08-22 21:26:32,630 [grpc-default-executor-5] WARN  server.GrpcLogAppender (LogUtils.java:warn(134)) - omNode-3->omNode-1: Failed appendEntries: org.apache.ratis.thirdparty.io.grpc.StatusRuntimeException: UNAVAILABLE: io exception
2019-08-22 21:26:32,630 [grpc-default-executor-5] INFO  impl.FollowerInfo (FollowerInfo.java:lambda$new$0(50)) - omNode-3->omNode-1: nextIndex: updateUnconditionally 0 -> 0
2019-08-22 21:26:32,633 [grpc-default-executor-5] WARN  server.GrpcLogAppender (LogUtils.java:warn(134)) - omNode-3->omNode-2: Failed appendEntries: org.apache.ratis.thirdparty.io.grpc.StatusRuntimeException: UNAVAILABLE: io exception
2019-08-22 21:26:32,634 [grpc-default-executor-5] INFO  impl.FollowerInfo (FollowerInfo.java:lambda$new$0(50)) - omNode-3->omNode-2: nextIndex: updateUnconditionally 0 -> 0
2019-08-22 21:26:32,741 | INFO  | SCMAudit | user=jenkins1000 | ip=192.168.36.65 | op=SEND_HEARTBEAT {datanodeUUID=5c1d6db1-13a6-44c6-b93f-b1706e8ca29c, command=[]} | ret=SUCCESS |  
2019-08-22 21:26:33,115 [Thread-7213] INFO  ipc.Client (Client.java:handleConnectionFailure(948)) - Retrying connect to server: localhost/127.0.0.1:13134. Already tried 3 time(s); retry policy is RetryUpToMaximumCountWithFixedSleep(maxRetries=10, sleepTime=1000 MILLISECONDS)
2019-08-22 21:26:33,131 [grpc-default-executor-8] WARN  server.GrpcLogAppender (LogUtils.java:warn(134)) - omNode-3->omNode-2: Failed appendEntries: org.apache.ratis.thirdparty.io.grpc.StatusRuntimeException: UNAVAILABLE: io exception
2019-08-22 21:26:33,131 [grpc-default-executor-3] WARN  server.GrpcLogAppender (LogUtils.java:warn(134)) - omNode-3->omNode-1: Failed appendEntries: org.apache.ratis.thirdparty.io.grpc.StatusRuntimeException: UNAVAILABLE: io exception
2019-08-22 21:26:33,132 [grpc-default-executor-8] INFO  impl.FollowerInfo (FollowerInfo.java:lambda$new$0(50)) - omNode-3->omNode-2: nextIndex: updateUnconditionally 0 -> 0
2019-08-22 21:26:33,132 [grpc-default-executor-3] INFO  impl.FollowerInfo (FollowerInfo.java:lambda$new$0(50)) - omNode-3->omNode-1: nextIndex: updateUnconditionally 0 -> 0
2019-08-22 21:26:33,632 [grpc-default-executor-3] WARN  server.GrpcLogAppender (LogUtils.java:warn(134)) - omNode-3->omNode-2: Failed appendEntries: org.apache.ratis.thirdparty.io.grpc.StatusRuntimeException: UNAVAILABLE: io exception
2019-08-22 21:26:33,632 [grpc-default-executor-5] WARN  server.GrpcLogAppender (LogUtils.java:warn(134)) - omNode-3->omNode-1: Failed appendEntries: org.apache.ratis.thirdparty.io.grpc.StatusRuntimeException: UNAVAILABLE: io exception
2019-08-22 21:26:33,632 [grpc-default-executor-3] INFO  impl.FollowerInfo (FollowerInfo.java:lambda$new$0(50)) - omNode-3->omNode-2: nextIndex: updateUnconditionally 0 -> 0
2019-08-22 21:26:33,633 [grpc-default-executor-5] INFO  impl.FollowerInfo (FollowerInfo.java:lambda$new$0(50)) - omNode-3->omNode-1: nextIndex: updateUnconditionally 0 -> 0
2019-08-22 21:26:33,741 | INFO  | SCMAudit | user=jenkins1000 | ip=192.168.36.65 | op=SEND_HEARTBEAT {datanodeUUID=5c1d6db1-13a6-44c6-b93f-b1706e8ca29c, command=[]} | ret=SUCCESS |  
2019-08-22 21:26:34,116 [Thread-7213] INFO  ipc.Client (Client.java:handleConnectionFailure(948)) - Retrying connect to server: localhost/127.0.0.1:13134. Already tried 4 time(s); retry policy is RetryUpToMaximumCountWithFixedSleep(maxRetries=10, sleepTime=1000 MILLISECONDS)
2019-08-22 21:26:34,133 [grpc-default-executor-5] WARN  server.GrpcLogAppender (LogUtils.java:warn(134)) - omNode-3->omNode-1: Failed appendEntries: org.apache.ratis.thirdparty.io.grpc.StatusRuntimeException: UNAVAILABLE: io exception
2019-08-22 21:26:34,133 [grpc-default-executor-4] WARN  server.GrpcLogAppender (LogUtils.java:warn(134)) - omNode-3->omNode-2: Failed appendEntries: org.apache.ratis.thirdparty.io.grpc.StatusRuntimeException: UNAVAILABLE: io exception
2019-08-22 21:26:34,134 [grpc-default-executor-5] INFO  impl.FollowerInfo (FollowerInfo.java:lambda$new$0(50)) - omNode-3->omNode-1: nextIndex: updateUnconditionally 0 -> 0
2019-08-22 21:26:34,134 [grpc-default-executor-4] INFO  impl.FollowerInfo (FollowerInfo.java:lambda$new$0(50)) - omNode-3->omNode-2: nextIndex: updateUnconditionally 0 -> 0
2019-08-22 21:26:34,634 [grpc-default-executor-4] WARN  server.GrpcLogAppender (LogUtils.java:warn(134)) - omNode-3->omNode-2: Failed appendEntries: org.apache.ratis.thirdparty.io.grpc.StatusRuntimeException: UNAVAILABLE: io exception
2019-08-22 21:26:34,634 [grpc-default-executor-5] WARN  server.GrpcLogAppender (LogUtils.java:warn(134)) - omNode-3->omNode-1: Failed appendEntries: org.apache.ratis.thirdparty.io.grpc.StatusRuntimeException: UNAVAILABLE: io exception
2019-08-22 21:26:34,634 [grpc-default-executor-4] INFO  impl.FollowerInfo (FollowerInfo.java:lambda$new$0(50)) - omNode-3->omNode-2: nextIndex: updateUnconditionally 0 -> 0
2019-08-22 21:26:34,634 [grpc-default-executor-5] INFO  impl.FollowerInfo (FollowerInfo.java:lambda$new$0(50)) - omNode-3->omNode-1: nextIndex: updateUnconditionally 0 -> 0
2019-08-22 21:26:34,742 | INFO  | SCMAudit | user=jenkins1000 | ip=192.168.36.65 | op=SEND_HEARTBEAT {datanodeUUID=5c1d6db1-13a6-44c6-b93f-b1706e8ca29c, command=[]} | ret=SUCCESS |  
2019-08-22 21:26:35,117 [Thread-7213] INFO  ipc.Client (Client.java:handleConnectionFailure(948)) - Retrying connect to server: localhost/127.0.0.1:13134. Already tried 5 time(s); retry policy is RetryUpToMaximumCountWithFixedSleep(maxRetries=10, sleepTime=1000 MILLISECONDS)
2019-08-22 21:26:35,135 [grpc-default-executor-5] WARN  server.GrpcLogAppender (LogUtils.java:warn(134)) - omNode-3->omNode-1: Failed appendEntries: org.apache.ratis.thirdparty.io.grpc.StatusRuntimeException: UNAVAILABLE: io exception
2019-08-22 21:26:35,135 [grpc-default-executor-3] WARN  server.GrpcLogAppender (LogUtils.java:warn(134)) - omNode-3->omNode-2: Failed appendEntries: org.apache.ratis.thirdparty.io.grpc.StatusRuntimeException: UNAVAILABLE: io exception
2019-08-22 21:26:35,136 [grpc-default-executor-5] INFO  impl.FollowerInfo (FollowerInfo.java:lambda$new$0(50)) - omNode-3->omNode-1: nextIndex: updateUnconditionally 0 -> 0
2019-08-22 21:26:35,136 [grpc-default-executor-3] INFO  impl.FollowerInfo (FollowerInfo.java:lambda$new$0(50)) - omNode-3->omNode-2: nextIndex: updateUnconditionally 0 -> 0
2019-08-22 21:26:35,637 [grpc-default-executor-7] WARN  server.GrpcLogAppender (LogUtils.java:warn(134)) - omNode-3->omNode-1: Failed appendEntries: org.apache.ratis.thirdparty.io.grpc.StatusRuntimeException: UNAVAILABLE: io exception
2019-08-22 21:26:35,637 [grpc-default-executor-4] WARN  server.GrpcLogAppender (LogUtils.java:warn(134)) - omNode-3->omNode-2: Failed appendEntries: org.apache.ratis.thirdparty.io.grpc.StatusRuntimeException: UNAVAILABLE: io exception
2019-08-22 21:26:35,638 [grpc-default-executor-7] INFO  impl.FollowerInfo (FollowerInfo.java:lambda$new$0(50)) - omNode-3->omNode-1: nextIndex: updateUnconditionally 0 -> 0
2019-08-22 21:26:35,638 [grpc-default-executor-4] INFO  impl.FollowerInfo (FollowerInfo.java:lambda$new$0(50)) - omNode-3->omNode-2: nextIndex: updateUnconditionally 0 -> 0
2019-08-22 21:26:35,742 | INFO  | SCMAudit | user=jenkins1000 | ip=192.168.36.65 | op=SEND_HEARTBEAT {datanodeUUID=5c1d6db1-13a6-44c6-b93f-b1706e8ca29c, command=[]} | ret=SUCCESS |  
2019-08-22 21:26:36,118 [Thread-7213] INFO  ipc.Client (Client.java:handleConnectionFailure(948)) - Retrying connect to server: localhost/127.0.0.1:13134. Already tried 6 time(s); retry policy is RetryUpToMaximumCountWithFixedSleep(maxRetries=10, sleepTime=1000 MILLISECONDS)
2019-08-22 21:26:36,137 [grpc-default-executor-5] WARN  server.GrpcLogAppender (LogUtils.java:warn(134)) - omNode-3->omNode-1: Failed appendEntries: org.apache.ratis.thirdparty.io.grpc.StatusRuntimeException: UNAVAILABLE: io exception
2019-08-22 21:26:36,137 [grpc-default-executor-8] WARN  server.GrpcLogAppender (LogUtils.java:warn(134)) - omNode-3->omNode-2: Failed appendEntries: org.apache.ratis.thirdparty.io.grpc.StatusRuntimeException: UNAVAILABLE: io exception
2019-08-22 21:26:36,138 [grpc-default-executor-5] INFO  impl.FollowerInfo (FollowerInfo.java:lambda$new$0(50)) - omNode-3->omNode-1: nextIndex: updateUnconditionally 0 -> 0
2019-08-22 21:26:36,138 [grpc-default-executor-8] INFO  impl.FollowerInfo (FollowerInfo.java:lambda$new$0(50)) - omNode-3->omNode-2: nextIndex: updateUnconditionally 0 -> 0
2019-08-22 21:26:36,638 [grpc-default-executor-7] WARN  server.GrpcLogAppender (LogUtils.java:warn(134)) - omNode-3->omNode-1: Failed appendEntries: org.apache.ratis.thirdparty.io.grpc.StatusRuntimeException: UNAVAILABLE: io exception
2019-08-22 21:26:36,638 [grpc-default-executor-8] WARN  server.GrpcLogAppender (LogUtils.java:warn(134)) - omNode-3->omNode-2: Failed appendEntries: org.apache.ratis.thirdparty.io.grpc.StatusRuntimeException: UNAVAILABLE: io exception
2019-08-22 21:26:36,639 [grpc-default-executor-7] INFO  impl.FollowerInfo (FollowerInfo.java:lambda$new$0(50)) - omNode-3->omNode-1: nextIndex: updateUnconditionally 0 -> 0
2019-08-22 21:26:36,639 [grpc-default-executor-8] INFO  impl.FollowerInfo (FollowerInfo.java:lambda$new$0(50)) - omNode-3->omNode-2: nextIndex: updateUnconditionally 0 -> 0
2019-08-22 21:26:36,742 | INFO  | SCMAudit | user=jenkins1000 | ip=192.168.36.65 | op=SEND_HEARTBEAT {datanodeUUID=5c1d6db1-13a6-44c6-b93f-b1706e8ca29c, command=[]} | ret=SUCCESS |  
2019-08-22 21:26:37,119 [Thread-7213] INFO  ipc.Client (Client.java:handleConnectionFailure(948)) - Retrying connect to server: localhost/127.0.0.1:13134. Already tried 7 time(s); retry policy is RetryUpToMaximumCountWithFixedSleep(maxRetries=10, sleepTime=1000 MILLISECONDS)
2019-08-22 21:26:37,140 [grpc-default-executor-4] WARN  server.GrpcLogAppender (LogUtils.java:warn(134)) - omNode-3->omNode-1: Failed appendEntries: org.apache.ratis.thirdparty.io.grpc.StatusRuntimeException: UNAVAILABLE: io exception
2019-08-22 21:26:37,140 [grpc-default-executor-7] WARN  server.GrpcLogAppender (LogUtils.java:warn(134)) - omNode-3->omNode-2: Failed appendEntries: org.apache.ratis.thirdparty.io.grpc.StatusRuntimeException: UNAVAILABLE: io exception
2019-08-22 21:26:37,140 [grpc-default-executor-4] INFO  impl.FollowerInfo (FollowerInfo.java:lambda$new$0(50)) - omNode-3->omNode-1: nextIndex: updateUnconditionally 0 -> 0
2019-08-22 21:26:37,141 [grpc-default-executor-7] INFO  impl.FollowerInfo (FollowerInfo.java:lambda$new$0(50)) - omNode-3->omNode-2: nextIndex: updateUnconditionally 0 -> 0
2019-08-22 21:26:37,641 [grpc-default-executor-6] WARN  server.GrpcLogAppender (LogUtils.java:warn(134)) - omNode-3->omNode-1: Failed appendEntries: org.apache.ratis.thirdparty.io.grpc.StatusRuntimeException: UNAVAILABLE: io exception
2019-08-22 21:26:37,641 [grpc-default-executor-8] WARN  server.GrpcLogAppender (LogUtils.java:warn(134)) - omNode-3->omNode-2: Failed appendEntries: org.apache.ratis.thirdparty.io.grpc.StatusRuntimeException: UNAVAILABLE: io exception
2019-08-22 21:26:37,642 [grpc-default-executor-6] INFO  impl.FollowerInfo (FollowerInfo.java:lambda$new$0(50)) - omNode-3->omNode-1: nextIndex: updateUnconditionally 0 -> 0
2019-08-22 21:26:37,642 [grpc-default-executor-8] INFO  impl.FollowerInfo (FollowerInfo.java:lambda$new$0(50)) - omNode-3->omNode-2: nextIndex: updateUnconditionally 0 -> 0
2019-08-22 21:26:37,742 | INFO  | SCMAudit | user=jenkins1000 | ip=192.168.36.65 | op=SEND_HEARTBEAT {datanodeUUID=5c1d6db1-13a6-44c6-b93f-b1706e8ca29c, command=[]} | ret=SUCCESS |  
2019-08-22 21:26:38,121 [Thread-7213] INFO  ipc.Client (Client.java:handleConnectionFailure(948)) - Retrying connect to server: localhost/127.0.0.1:13134. Already tried 8 time(s); retry policy is RetryUpToMaximumCountWithFixedSleep(maxRetries=10, sleepTime=1000 MILLISECONDS)
2019-08-22 21:26:38,142 [grpc-default-executor-7] WARN  server.GrpcLogAppender (LogUtils.java:warn(134)) - omNode-3->omNode-2: Failed appendEntries: org.apache.ratis.thirdparty.io.grpc.StatusRuntimeException: UNAVAILABLE: io exception
2019-08-22 21:26:38,142 [grpc-default-executor-4] WARN  server.GrpcLogAppender (LogUtils.java:warn(134)) - omNode-3->omNode-1: Failed appendEntries: org.apache.ratis.thirdparty.io.grpc.StatusRuntimeException: UNAVAILABLE: io exception
2019-08-22 21:26:38,142 [grpc-default-executor-7] INFO  impl.FollowerInfo (FollowerInfo.java:lambda$new$0(50)) - omNode-3->omNode-2: nextIndex: updateUnconditionally 0 -> 0
2019-08-22 21:26:38,143 [grpc-default-executor-4] INFO  impl.FollowerInfo (FollowerInfo.java:lambda$new$0(50)) - omNode-3->omNode-1: nextIndex: updateUnconditionally 0 -> 0
2019-08-22 21:26:38,643 [grpc-default-executor-4] WARN  server.GrpcLogAppender (LogUtils.java:warn(134)) - omNode-3->omNode-1: Failed appendEntries: org.apache.ratis.thirdparty.io.grpc.StatusRuntimeException: UNAVAILABLE: io exception
2019-08-22 21:26:38,643 [grpc-default-executor-6] WARN  server.GrpcLogAppender (LogUtils.java:warn(134)) - omNode-3->omNode-2: Failed appendEntries: org.apache.ratis.thirdparty.io.grpc.StatusRuntimeException: UNAVAILABLE: io exception
2019-08-22 21:26:38,644 [grpc-default-executor-4] INFO  impl.FollowerInfo (FollowerInfo.java:lambda$new$0(50)) - omNode-3->omNode-1: nextIndex: updateUnconditionally 0 -> 0
2019-08-22 21:26:38,644 [grpc-default-executor-6] INFO  impl.FollowerInfo (FollowerInfo.java:lambda$new$0(50)) - omNode-3->omNode-2: nextIndex: updateUnconditionally 0 -> 0
2019-08-22 21:26:38,742 | INFO  | SCMAudit | user=jenkins1000 | ip=192.168.36.65 | op=SEND_HEARTBEAT {datanodeUUID=5c1d6db1-13a6-44c6-b93f-b1706e8ca29c, command=[]} | ret=SUCCESS |  
2019-08-22 21:26:39,122 [Thread-7213] INFO  ipc.Client (Client.java:handleConnectionFailure(948)) - Retrying connect to server: localhost/127.0.0.1:13134. Already tried 9 time(s); retry policy is RetryUpToMaximumCountWithFixedSleep(maxRetries=10, sleepTime=1000 MILLISECONDS)
2019-08-22 21:26:39,124 [Thread-7213] INFO  retry.RetryInvocationHandler (RetryInvocationHandler.java:log(411)) - com.google.protobuf.ServiceException: java.net.ConnectException: Call From pr-hdds-1975-qxxlx-297662434/192.168.36.65 to localhost:13134 failed on connection exception: java.net.ConnectException: Connection refused; For more details see:  http://wiki.apache.org/hadoop/ConnectionRefused, while invoking $Proxy48.submitRequest over nodeId=omNode-2,nodeAddress=127.0.0.1:13134 after 1 failover attempts. Trying to failover immediately.
2019-08-22 21:26:39,136 [IPC Server handler 0 on 13140] WARN  ipc.Server (Server.java:logException(2724)) - IPC Server handler 0 on 13140, call Call#653 Retry#2 org.apache.hadoop.ozone.om.protocol.OzoneManagerProtocol.submitRequest from 127.0.0.1:50586
java.lang.NullPointerException
	at org.apache.hadoop.ozone.om.helpers.OMRatisHelper.getOMResponseFromRaftClientReply(OMRatisHelper.java:105)
	at org.apache.hadoop.ozone.om.ratis.OzoneManagerRatisServer.processReply(OzoneManagerRatisServer.java:178)
	at org.apache.hadoop.ozone.om.ratis.OzoneManagerRatisServer.submitRequest(OzoneManagerRatisServer.java:131)
	at org.apache.hadoop.ozone.protocolPB.OzoneManagerProtocolServerSideTranslatorPB.submitRequestToRatis(OzoneManagerProtocolServerSideTranslatorPB.java:163)
	at org.apache.hadoop.ozone.protocolPB.OzoneManagerProtocolServerSideTranslatorPB.submitRequest(OzoneManagerProtocolServerSideTranslatorPB.java:107)
	at org.apache.hadoop.ozone.protocol.proto.OzoneManagerProtocolProtos$OzoneManagerService$2.callBlockingMethod(OzoneManagerProtocolProtos.java)
	at org.apache.hadoop.ipc.ProtobufRpcEngine$Server$ProtoBufRpcInvoker.call(ProtobufRpcEngine.java:524)
	at org.apache.hadoop.ipc.RPC$Server.call(RPC.java:1025)
	at org.apache.hadoop.ipc.Server$RpcCall.run(Server.java:876)
	at org.apache.hadoop.ipc.Server$RpcCall.run(Server.java:822)
	at java.security.AccessController.doPrivileged(Native Method)
	at javax.security.auth.Subject.doAs(Subject.java:422)
	at org.apache.hadoop.security.UserGroupInformation.doAs(UserGroupInformation.java:1730)
	at org.apache.hadoop.ipc.Server$Handler.run(Server.java:2682)
2019-08-22 21:26:39,140 [Thread-7213] INFO  retry.RetryInvocationHandler (RetryInvocationHandler.java:log(411)) - com.google.protobuf.ServiceException: org.apache.hadoop.ipc.RemoteException(java.lang.NullPointerException): java.lang.NullPointerException
	at org.apache.hadoop.ozone.om.helpers.OMRatisHelper.getOMResponseFromRaftClientReply(OMRatisHelper.java:105)
	at org.apache.hadoop.ozone.om.ratis.OzoneManagerRatisServer.processReply(OzoneManagerRatisServer.java:178)
	at org.apache.hadoop.ozone.om.ratis.OzoneManagerRatisServer.submitRequest(OzoneManagerRatisServer.java:131)
	at org.apache.hadoop.ozone.protocolPB.OzoneManagerProtocolServerSideTranslatorPB.submitRequestToRatis(OzoneManagerProtocolServerSideTranslatorPB.java:163)
	at org.apache.hadoop.ozone.protocolPB.OzoneManagerProtocolServerSideTranslatorPB.submitRequest(OzoneManagerProtocolServerSideTranslatorPB.java:107)
	at org.apache.hadoop.ozone.protocol.proto.OzoneManagerProtocolProtos$OzoneManagerService$2.callBlockingMethod(OzoneManagerProtocolProtos.java)
	at org.apache.hadoop.ipc.ProtobufRpcEngine$Server$ProtoBufRpcInvoker.call(ProtobufRpcEngine.java:524)
	at org.apache.hadoop.ipc.RPC$Server.call(RPC.java:1025)
	at org.apache.hadoop.ipc.Server$RpcCall.run(Server.java:876)
	at org.apache.hadoop.ipc.Server$RpcCall.run(Server.java:822)
	at java.security.AccessController.doPrivileged(Native Method)
	at javax.security.auth.Subject.doAs(Subject.java:422)
	at org.apache.hadoop.security.UserGroupInformation.doAs(UserGroupInformation.java:1730)
	at org.apache.hadoop.ipc.Server$Handler.run(Server.java:2682)
, while invoking $Proxy48.submitRequest over nodeId=omNode-3,nodeAddress=127.0.0.1:13140 after 2 failover attempts. Trying to failover immediately.
2019-08-22 21:26:39,144 [grpc-default-executor-5] WARN  server.GrpcLogAppender (LogUtils.java:warn(134)) - omNode-3->omNode-1: Failed appendEntries: org.apache.ratis.thirdparty.io.grpc.StatusRuntimeException: UNAVAILABLE: io exception
2019-08-22 21:26:39,144 [grpc-default-executor-3] WARN  server.GrpcLogAppender (LogUtils.java:warn(134)) - omNode-3->omNode-2: Failed appendEntries: org.apache.ratis.thirdparty.io.grpc.StatusRuntimeException: UNAVAILABLE: io exception
2019-08-22 21:26:39,144 [grpc-default-executor-5] INFO  impl.FollowerInfo (FollowerInfo.java:lambda$new$0(50)) - omNode-3->omNode-1: nextIndex: updateUnconditionally 0 -> 0
2019-08-22 21:26:39,145 [grpc-default-executor-3] INFO  impl.FollowerInfo (FollowerInfo.java:lambda$new$0(50)) - omNode-3->omNode-2: nextIndex: updateUnconditionally 0 -> 0
2019-08-22 21:26:39,645 [grpc-default-executor-5] WARN  server.GrpcLogAppender (LogUtils.java:warn(134)) - omNode-3->omNode-2: Failed appendEntries: org.apache.ratis.thirdparty.io.grpc.StatusRuntimeException: UNAVAILABLE: io exception
2019-08-22 21:26:39,645 [grpc-default-executor-3] WARN  server.GrpcLogAppender (LogUtils.java:warn(134)) - omNode-3->omNode-1: Failed appendEntries: org.apache.ratis.thirdparty.io.grpc.StatusRuntimeException: UNAVAILABLE: io exception
2019-08-22 21:26:39,645 [grpc-default-executor-5] INFO  impl.FollowerInfo (FollowerInfo.java:lambda$new$0(50)) - omNode-3->omNode-2: nextIndex: updateUnconditionally 0 -> 0
2019-08-22 21:26:39,646 [grpc-default-executor-3] INFO  impl.FollowerInfo (FollowerInfo.java:lambda$new$0(50)) - omNode-3->omNode-1: nextIndex: updateUnconditionally 0 -> 0
2019-08-22 21:26:39,742 | INFO  | SCMAudit | user=jenkins1000 | ip=192.168.36.65 | op=SEND_HEARTBEAT {datanodeUUID=5c1d6db1-13a6-44c6-b93f-b1706e8ca29c, command=[]} | ret=SUCCESS |  
2019-08-22 21:26:40,144 [Thread-7213] INFO  ipc.Client (Client.java:handleConnectionFailure(948)) - Retrying connect to server: localhost/127.0.0.1:13128. Already tried 0 time(s); retry policy is RetryUpToMaximumCountWithFixedSleep(maxRetries=10, sleepTime=1000 MILLISECONDS)
2019-08-22 21:26:40,147 [grpc-default-executor-5] WARN  server.GrpcLogAppender (LogUtils.java:warn(134)) - omNode-3->omNode-1: Failed appendEntries: org.apache.ratis.thirdparty.io.grpc.StatusRuntimeException: UNAVAILABLE: io exception
2019-08-22 21:26:40,147 [grpc-default-executor-7] WARN  server.GrpcLogAppender (LogUtils.java:warn(134)) - omNode-3->omNode-2: Failed appendEntries: org.apache.ratis.thirdparty.io.grpc.StatusRuntimeException: UNAVAILABLE: io exception
2019-08-22 21:26:40,148 [grpc-default-executor-5] INFO  impl.FollowerInfo (FollowerInfo.java:lambda$new$0(50)) - omNode-3->omNode-1: nextIndex: updateUnconditionally 0 -> 0
2019-08-22 21:26:40,148 [grpc-default-executor-7] INFO  impl.FollowerInfo (FollowerInfo.java:lambda$new$0(50)) - omNode-3->omNode-2: nextIndex: updateUnconditionally 0 -> 0
2019-08-22 21:26:40,648 [grpc-default-executor-5] WARN  server.GrpcLogAppender (LogUtils.java:warn(134)) - omNode-3->omNode-2: Failed appendEntries: org.apache.ratis.thirdparty.io.grpc.StatusRuntimeException: UNAVAILABLE: io exception
2019-08-22 21:26:40,648 [grpc-default-executor-7] WARN  server.GrpcLogAppender (LogUtils.java:warn(134)) - omNode-3->omNode-1: Failed appendEntries: org.apache.ratis.thirdparty.io.grpc.StatusRuntimeException: UNAVAILABLE: io exception
2019-08-22 21:26:40,649 [grpc-default-executor-5] INFO  impl.FollowerInfo (FollowerInfo.java:lambda$new$0(50)) - omNode-3->omNode-2: nextIndex: updateUnconditionally 0 -> 0
2019-08-22 21:26:40,649 [grpc-default-executor-7] INFO  impl.FollowerInfo (FollowerInfo.java:lambda$new$0(50)) - omNode-3->omNode-1: nextIndex: updateUnconditionally 0 -> 0
2019-08-22 21:26:40,743 | INFO  | SCMAudit | user=jenkins1000 | ip=192.168.36.65 | op=SEND_HEARTBEAT {datanodeUUID=5c1d6db1-13a6-44c6-b93f-b1706e8ca29c, command=[]} | ret=SUCCESS |  
2019-08-22 21:26:41,148 [Thread-7213] INFO  ipc.Client (Client.java:handleConnectionFailure(948)) - Retrying connect to server: localhost/127.0.0.1:13128. Already tried 1 time(s); retry policy is RetryUpToMaximumCountWithFixedSleep(maxRetries=10, sleepTime=1000 MILLISECONDS)
2019-08-22 21:26:41,151 [grpc-default-executor-4] WARN  server.GrpcLogAppender (LogUtils.java:warn(134)) - omNode-3->omNode-2: Failed appendEntries: org.apache.ratis.thirdparty.io.grpc.StatusRuntimeException: UNAVAILABLE: io exception
2019-08-22 21:26:41,151 [grpc-default-executor-5] WARN  server.GrpcLogAppender (LogUtils.java:warn(134)) - omNode-3->omNode-1: Failed appendEntries: org.apache.ratis.thirdparty.io.grpc.StatusRuntimeException: UNAVAILABLE: io exception
2019-08-22 21:26:41,151 [grpc-default-executor-4] INFO  impl.FollowerInfo (FollowerInfo.java:lambda$new$0(50)) - omNode-3->omNode-2: nextIndex: updateUnconditionally 0 -> 0
2019-08-22 21:26:41,151 [grpc-default-executor-5] INFO  impl.FollowerInfo (FollowerInfo.java:lambda$new$0(50)) - omNode-3->omNode-1: nextIndex: updateUnconditionally 0 -> 0
2019-08-22 21:26:41,651 [grpc-default-executor-4] WARN  server.GrpcLogAppender (LogUtils.java:warn(134)) - omNode-3->omNode-2: Failed appendEntries: org.apache.ratis.thirdparty.io.grpc.StatusRuntimeException: UNAVAILABLE: io exception
2019-08-22 21:26:41,651 [grpc-default-executor-5] WARN  server.GrpcLogAppender (LogUtils.java:warn(134)) - omNode-3->omNode-1: Failed appendEntries: org.apache.ratis.thirdparty.io.grpc.StatusRuntimeException: UNAVAILABLE: io exception
2019-08-22 21:26:41,652 [grpc-default-executor-4] INFO  impl.FollowerInfo (FollowerInfo.java:lambda$new$0(50)) - omNode-3->omNode-2: nextIndex: updateUnconditionally 0 -> 0
2019-08-22 21:26:41,652 [grpc-default-executor-5] INFO  impl.FollowerInfo (FollowerInfo.java:lambda$new$0(50)) - omNode-3->omNode-1: nextIndex: updateUnconditionally 0 -> 0
2019-08-22 21:26:41,743 | INFO  | SCMAudit | user=jenkins1000 | ip=192.168.36.65 | op=SEND_HEARTBEAT {datanodeUUID=5c1d6db1-13a6-44c6-b93f-b1706e8ca29c, command=[]} | ret=SUCCESS |  
2019-08-22 21:26:42,149 [Thread-7213] INFO  ipc.Client (Client.java:handleConnectionFailure(948)) - Retrying connect to server: localhost/127.0.0.1:13128. Already tried 2 time(s); retry policy is RetryUpToMaximumCountWithFixedSleep(maxRetries=10, sleepTime=1000 MILLISECONDS)
2019-08-22 21:26:42,152 [grpc-default-executor-5] WARN  server.GrpcLogAppender (LogUtils.java:warn(134)) - omNode-3->omNode-2: Failed appendEntries: org.apache.ratis.thirdparty.io.grpc.StatusRuntimeException: UNAVAILABLE: io exception
2019-08-22 21:26:42,152 [grpc-default-executor-4] WARN  server.GrpcLogAppender (LogUtils.java:warn(134)) - omNode-3->omNode-1: Failed appendEntries: org.apache.ratis.thirdparty.io.grpc.StatusRuntimeException: UNAVAILABLE: io exception
2019-08-22 21:26:42,153 [grpc-default-executor-5] INFO  impl.FollowerInfo (FollowerInfo.java:lambda$new$0(50)) - omNode-3->omNode-2: nextIndex: updateUnconditionally 0 -> 0
2019-08-22 21:26:42,153 [grpc-default-executor-4] INFO  impl.FollowerInfo (FollowerInfo.java:lambda$new$0(50)) - omNode-3->omNode-1: nextIndex: updateUnconditionally 0 -> 0
2019-08-22 21:26:42,653 [grpc-default-executor-5] WARN  server.GrpcLogAppender (LogUtils.java:warn(134)) - omNode-3->omNode-1: Failed appendEntries: org.apache.ratis.thirdparty.io.grpc.StatusRuntimeException: UNAVAILABLE: io exception
2019-08-22 21:26:42,653 [grpc-default-executor-7] WARN  server.GrpcLogAppender (LogUtils.java:warn(134)) - omNode-3->omNode-2: Failed appendEntries: org.apache.ratis.thirdparty.io.grpc.StatusRuntimeException: UNAVAILABLE: io exception
2019-08-22 21:26:42,653 [grpc-default-executor-5] INFO  impl.FollowerInfo (FollowerInfo.java:lambda$new$0(50)) - omNode-3->omNode-1: nextIndex: updateUnconditionally 0 -> 0
2019-08-22 21:26:42,654 [grpc-default-executor-7] INFO  impl.FollowerInfo (FollowerInfo.java:lambda$new$0(50)) - omNode-3->omNode-2: nextIndex: updateUnconditionally 0 -> 0
2019-08-22 21:26:42,742 | INFO  | SCMAudit | user=jenkins1000 | ip=192.168.36.65 | op=SEND_HEARTBEAT {datanodeUUID=5c1d6db1-13a6-44c6-b93f-b1706e8ca29c, command=[]} | ret=SUCCESS |  
2019-08-22 21:26:43,151 [Thread-7213] INFO  ipc.Client (Client.java:handleConnectionFailure(948)) - Retrying connect to server: localhost/127.0.0.1:13128. Already tried 3 time(s); retry policy is RetryUpToMaximumCountWithFixedSleep(maxRetries=10, sleepTime=1000 MILLISECONDS)
2019-08-22 21:26:43,154 [grpc-default-executor-5] WARN  server.GrpcLogAppender (LogUtils.java:warn(134)) - omNode-3->omNode-2: Failed appendEntries: org.apache.ratis.thirdparty.io.grpc.StatusRuntimeException: UNAVAILABLE: io exception
2019-08-22 21:26:43,154 [grpc-default-executor-4] WARN  server.GrpcLogAppender (LogUtils.java:warn(134)) - omNode-3->omNode-1: Failed appendEntries: org.apache.ratis.thirdparty.io.grpc.StatusRuntimeException: UNAVAILABLE: io exception
2019-08-22 21:26:43,154 [grpc-default-executor-5] INFO  impl.FollowerInfo (FollowerInfo.java:lambda$new$0(50)) - omNode-3->omNode-2: nextIndex: updateUnconditionally 0 -> 0
2019-08-22 21:26:43,154 [grpc-default-executor-4] INFO  impl.FollowerInfo (FollowerInfo.java:lambda$new$0(50)) - omNode-3->omNode-1: nextIndex: updateUnconditionally 0 -> 0
2019-08-22 21:26:43,655 [grpc-default-executor-5] WARN  server.GrpcLogAppender (LogUtils.java:warn(134)) - omNode-3->omNode-2: Failed appendEntries: org.apache.ratis.thirdparty.io.grpc.StatusRuntimeException: UNAVAILABLE: io exception
2019-08-22 21:26:43,655 [grpc-default-executor-4] WARN  server.GrpcLogAppender (LogUtils.java:warn(134)) - omNode-3->omNode-1: Failed appendEntries: org.apache.ratis.thirdparty.io.grpc.StatusRuntimeException: UNAVAILABLE: io exception
2019-08-22 21:26:43,655 [grpc-default-executor-5] INFO  impl.FollowerInfo (FollowerInfo.java:lambda$new$0(50)) - omNode-3->omNode-2: nextIndex: updateUnconditionally 0 -> 0
2019-08-22 21:26:43,656 [grpc-default-executor-4] INFO  impl.FollowerInfo (FollowerInfo.java:lambda$new$0(50)) - omNode-3->omNode-1: nextIndex: updateUnconditionally 0 -> 0
2019-08-22 21:26:43,743 | INFO  | SCMAudit | user=jenkins1000 | ip=192.168.36.65 | op=SEND_HEARTBEAT {datanodeUUID=5c1d6db1-13a6-44c6-b93f-b1706e8ca29c, command=[]} | ret=SUCCESS |  
2019-08-22 21:26:44,152 [Thread-7213] INFO  ipc.Client (Client.java:handleConnectionFailure(948)) - Retrying connect to server: localhost/127.0.0.1:13128. Already tried 4 time(s); retry policy is RetryUpToMaximumCountWithFixedSleep(maxRetries=10, sleepTime=1000 MILLISECONDS)
2019-08-22 21:26:44,155 [grpc-default-executor-7] WARN  server.GrpcLogAppender (LogUtils.java:warn(134)) - omNode-3->omNode-1: Failed appendEntries: org.apache.ratis.thirdparty.io.grpc.StatusRuntimeException: UNAVAILABLE: io exception
2019-08-22 21:26:44,156 [grpc-default-executor-3] WARN  server.GrpcLogAppender (LogUtils.java:warn(134)) - omNode-3->omNode-2: Failed appendEntries: org.apache.ratis.thirdparty.io.grpc.StatusRuntimeException: UNAVAILABLE: io exception
2019-08-22 21:26:44,156 [grpc-default-executor-7] INFO  impl.FollowerInfo (FollowerInfo.java:lambda$new$0(50)) - omNode-3->omNode-1: nextIndex: updateUnconditionally 0 -> 0
2019-08-22 21:26:44,156 [grpc-default-executor-3] INFO  impl.FollowerInfo (FollowerInfo.java:lambda$new$0(50)) - omNode-3->omNode-2: nextIndex: updateUnconditionally 0 -> 0
2019-08-22 21:26:44,657 [grpc-default-executor-3] WARN  server.GrpcLogAppender (LogUtils.java:warn(134)) - omNode-3->omNode-1: Failed appendEntries: org.apache.ratis.thirdparty.io.grpc.StatusRuntimeException: UNAVAILABLE: io exception
2019-08-22 21:26:44,657 [grpc-default-executor-7] WARN  server.GrpcLogAppender (LogUtils.java:warn(134)) - omNode-3->omNode-2: Failed appendEntries: org.apache.ratis.thirdparty.io.grpc.StatusRuntimeException: UNAVAILABLE: io exception
2019-08-22 21:26:44,657 [grpc-default-executor-3] INFO  impl.FollowerInfo (FollowerInfo.java:lambda$new$0(50)) - omNode-3->omNode-1: nextIndex: updateUnconditionally 0 -> 0
2019-08-22 21:26:44,658 [grpc-default-executor-7] INFO  impl.FollowerInfo (FollowerInfo.java:lambda$new$0(50)) - omNode-3->omNode-2: nextIndex: updateUnconditionally 0 -> 0
2019-08-22 21:26:44,743 | INFO  | SCMAudit | user=jenkins1000 | ip=192.168.36.65 | op=SEND_HEARTBEAT {datanodeUUID=5c1d6db1-13a6-44c6-b93f-b1706e8ca29c, command=[]} | ret=SUCCESS |  
2019-08-22 21:26:45,156 [Thread-7213] INFO  ipc.Client (Client.java:handleConnectionFailure(948)) - Retrying connect to server: localhost/127.0.0.1:13128. Already tried 5 time(s); retry policy is RetryUpToMaximumCountWithFixedSleep(maxRetries=10, sleepTime=1000 MILLISECONDS)
2019-08-22 21:26:45,158 [grpc-default-executor-6] WARN  server.GrpcLogAppender (LogUtils.java:warn(134)) - omNode-3->omNode-1: Failed appendEntries: org.apache.ratis.thirdparty.io.grpc.StatusRuntimeException: UNAVAILABLE: io exception
2019-08-22 21:26:45,158 [grpc-default-executor-8] WARN  server.GrpcLogAppender (LogUtils.java:warn(134)) - omNode-3->omNode-2: Failed appendEntries: org.apache.ratis.thirdparty.io.grpc.StatusRuntimeException: UNAVAILABLE: io exception
2019-08-22 21:26:45,158 [grpc-default-executor-6] INFO  impl.FollowerInfo (FollowerInfo.java:lambda$new$0(50)) - omNode-3->omNode-1: nextIndex: updateUnconditionally 0 -> 0
2019-08-22 21:26:45,158 [grpc-default-executor-8] INFO  impl.FollowerInfo (FollowerInfo.java:lambda$new$0(50)) - omNode-3->omNode-2: nextIndex: updateUnconditionally 0 -> 0
2019-08-22 21:26:45,659 [grpc-default-executor-6] WARN  server.GrpcLogAppender (LogUtils.java:warn(134)) - omNode-3->omNode-1: Failed appendEntries: org.apache.ratis.thirdparty.io.grpc.StatusRuntimeException: UNAVAILABLE: io exception
2019-08-22 21:26:45,659 [grpc-default-executor-7] WARN  server.GrpcLogAppender (LogUtils.java:warn(134)) - omNode-3->omNode-2: Failed appendEntries: org.apache.ratis.thirdparty.io.grpc.StatusRuntimeException: UNAVAILABLE: io exception
2019-08-22 21:26:45,659 [grpc-default-executor-6] INFO  impl.FollowerInfo (FollowerInfo.java:lambda$new$0(50)) - omNode-3->omNode-1: nextIndex: updateUnconditionally 0 -> 0
2019-08-22 21:26:45,659 [grpc-default-executor-7] INFO  impl.FollowerInfo (FollowerInfo.java:lambda$new$0(50)) - omNode-3->omNode-2: nextIndex: updateUnconditionally 0 -> 0
2019-08-22 21:26:45,743 | INFO  | SCMAudit | user=jenkins1000 | ip=192.168.36.65 | op=SEND_HEARTBEAT {datanodeUUID=5c1d6db1-13a6-44c6-b93f-b1706e8ca29c, command=[]} | ret=SUCCESS |  
2019-08-22 21:26:46,164 [Thread-7213] INFO  ipc.Client (Client.java:handleConnectionFailure(948)) - Retrying connect to server: localhost/127.0.0.1:13128. Already tried 6 time(s); retry policy is RetryUpToMaximumCountWithFixedSleep(maxRetries=10, sleepTime=1000 MILLISECONDS)
2019-08-22 21:26:46,166 [grpc-default-executor-7] WARN  server.GrpcLogAppender (LogUtils.java:warn(134)) - omNode-3->omNode-2: Failed appendEntries: org.apache.ratis.thirdparty.io.grpc.StatusRuntimeException: UNAVAILABLE: io exception
2019-08-22 21:26:46,166 [grpc-default-executor-8] WARN  server.GrpcLogAppender (LogUtils.java:warn(134)) - omNode-3->omNode-1: Failed appendEntries: org.apache.ratis.thirdparty.io.grpc.StatusRuntimeException: UNAVAILABLE: io exception
2019-08-22 21:26:46,167 [grpc-default-executor-7] INFO  impl.FollowerInfo (FollowerInfo.java:lambda$new$0(50)) - omNode-3->omNode-2: nextIndex: updateUnconditionally 0 -> 0
2019-08-22 21:26:46,167 [grpc-default-executor-8] INFO  impl.FollowerInfo (FollowerInfo.java:lambda$new$0(50)) - omNode-3->omNode-1: nextIndex: updateUnconditionally 0 -> 0
2019-08-22 21:26:46,666 [grpc-default-executor-8] WARN  server.GrpcLogAppender (LogUtils.java:warn(134)) - omNode-3->omNode-2: Failed appendEntries: org.apache.ratis.thirdparty.io.grpc.StatusRuntimeException: UNAVAILABLE: io exception
2019-08-22 21:26:46,666 [grpc-default-executor-4] WARN  server.GrpcLogAppender (LogUtils.java:warn(134)) - omNode-3->omNode-1: Failed appendEntries: org.apache.ratis.thirdparty.io.grpc.StatusRuntimeException: UNAVAILABLE: io exception
2019-08-22 21:26:46,667 [grpc-default-executor-8] INFO  impl.FollowerInfo (FollowerInfo.java:lambda$new$0(50)) - omNode-3->omNode-2: nextIndex: updateUnconditionally 0 -> 0
2019-08-22 21:26:46,667 [grpc-default-executor-4] INFO  impl.FollowerInfo (FollowerInfo.java:lambda$new$0(50)) - omNode-3->omNode-1: nextIndex: updateUnconditionally 0 -> 0
2019-08-22 21:26:46,744 | INFO  | SCMAudit | user=jenkins1000 | ip=192.168.36.65 | op=SEND_HEARTBEAT {datanodeUUID=5c1d6db1-13a6-44c6-b93f-b1706e8ca29c, command=[]} | ret=SUCCESS |  
2019-08-22 21:26:47,167 [Thread-7213] INFO  ipc.Client (Client.java:handleConnectionFailure(948)) - Retrying connect to server: localhost/127.0.0.1:13128. Already tried 7 time(s); retry policy is RetryUpToMaximumCountWithFixedSleep(maxRetries=10, sleepTime=1000 MILLISECONDS)
2019-08-22 21:26:47,170 [grpc-default-executor-8] WARN  server.GrpcLogAppender (LogUtils.java:warn(134)) - omNode-3->omNode-1: Failed appendEntries: org.apache.ratis.thirdparty.io.grpc.StatusRuntimeException: UNAVAILABLE: io exception
2019-08-22 21:26:47,170 [grpc-default-executor-7] WARN  server.GrpcLogAppender (LogUtils.java:warn(134)) - omNode-3->omNode-2: Failed appendEntries: org.apache.ratis.thirdparty.io.grpc.StatusRuntimeException: UNAVAILABLE: io exception
2019-08-22 21:26:47,170 [grpc-default-executor-8] INFO  impl.FollowerInfo (FollowerInfo.java:lambda$new$0(50)) - omNode-3->omNode-1: nextIndex: updateUnconditionally 0 -> 0
2019-08-22 21:26:47,171 [grpc-default-executor-7] INFO  impl.FollowerInfo (FollowerInfo.java:lambda$new$0(50)) - omNode-3->omNode-2: nextIndex: updateUnconditionally 0 -> 0
2019-08-22 21:26:47,671 [grpc-default-executor-7] WARN  server.GrpcLogAppender (LogUtils.java:warn(134)) - omNode-3->omNode-1: Failed appendEntries: org.apache.ratis.thirdparty.io.grpc.StatusRuntimeException: UNAVAILABLE: io exception
2019-08-22 21:26:47,671 [grpc-default-executor-8] WARN  server.GrpcLogAppender (LogUtils.java:warn(134)) - omNode-3->omNode-2: Failed appendEntries: org.apache.ratis.thirdparty.io.grpc.StatusRuntimeException: UNAVAILABLE: io exception
2019-08-22 21:26:47,671 [grpc-default-executor-7] INFO  impl.FollowerInfo (FollowerInfo.java:lambda$new$0(50)) - omNode-3->omNode-1: nextIndex: updateUnconditionally 0 -> 0
2019-08-22 21:26:47,671 [grpc-default-executor-8] INFO  impl.FollowerInfo (FollowerInfo.java:lambda$new$0(50)) - omNode-3->omNode-2: nextIndex: updateUnconditionally 0 -> 0
2019-08-22 21:26:47,744 | INFO  | SCMAudit | user=jenkins1000 | ip=192.168.36.65 | op=SEND_HEARTBEAT {datanodeUUID=5c1d6db1-13a6-44c6-b93f-b1706e8ca29c, command=[]} | ret=SUCCESS |  
2019-08-22 21:26:48,171 [Thread-7213] INFO  ipc.Client (Client.java:handleConnectionFailure(948)) - Retrying connect to server: localhost/127.0.0.1:13128. Already tried 8 time(s); retry policy is RetryUpToMaximumCountWithFixedSleep(maxRetries=10, sleepTime=1000 MILLISECONDS)
2019-08-22 21:26:48,173 [grpc-default-executor-3] WARN  server.GrpcLogAppender (LogUtils.java:warn(134)) - omNode-3->omNode-1: Failed appendEntries: org.apache.ratis.thirdparty.io.grpc.StatusRuntimeException: UNAVAILABLE: io exception
2019-08-22 21:26:48,173 [grpc-default-executor-4] WARN  server.GrpcLogAppender (LogUtils.java:warn(134)) - omNode-3->omNode-2: Failed appendEntries: org.apache.ratis.thirdparty.io.grpc.StatusRuntimeException: UNAVAILABLE: io exception
2019-08-22 21:26:48,174 [grpc-default-executor-3] INFO  impl.FollowerInfo (FollowerInfo.java:lambda$new$0(50)) - omNode-3->omNode-1: nextIndex: updateUnconditionally 0 -> 0
2019-08-22 21:26:48,174 [grpc-default-executor-4] INFO  impl.FollowerInfo (FollowerInfo.java:lambda$new$0(50)) - omNode-3->omNode-2: nextIndex: updateUnconditionally 0 -> 0
2019-08-22 21:26:48,674 [grpc-default-executor-7] WARN  server.GrpcLogAppender (LogUtils.java:warn(134)) - omNode-3->omNode-2: Failed appendEntries: org.apache.ratis.thirdparty.io.grpc.StatusRuntimeException: UNAVAILABLE: io exception
2019-08-22 21:26:48,674 [grpc-default-executor-3] WARN  server.GrpcLogAppender (LogUtils.java:warn(134)) - omNode-3->omNode-1: Failed appendEntries: org.apache.ratis.thirdparty.io.grpc.StatusRuntimeException: UNAVAILABLE: io exception
2019-08-22 21:26:48,675 [grpc-default-executor-7] INFO  impl.FollowerInfo (FollowerInfo.java:lambda$new$0(50)) - omNode-3->omNode-2: nextIndex: updateUnconditionally 0 -> 0
2019-08-22 21:26:48,675 [grpc-default-executor-3] INFO  impl.FollowerInfo (FollowerInfo.java:lambda$new$0(50)) - omNode-3->omNode-1: nextIndex: updateUnconditionally 0 -> 0
2019-08-22 21:26:48,743 | INFO  | SCMAudit | user=jenkins1000 | ip=192.168.36.65 | op=SEND_HEARTBEAT {datanodeUUID=5c1d6db1-13a6-44c6-b93f-b1706e8ca29c, command=[]} | ret=SUCCESS |  
2019-08-22 21:26:49,175 [Thread-7213] INFO  ipc.Client (Client.java:handleConnectionFailure(948)) - Retrying connect to server: localhost/127.0.0.1:13128. Already tried 9 time(s); retry policy is RetryUpToMaximumCountWithFixedSleep(maxRetries=10, sleepTime=1000 MILLISECONDS)
2019-08-22 21:26:49,177 [Thread-7213] INFO  retry.RetryInvocationHandler (RetryInvocationHandler.java:log(411)) - com.google.protobuf.ServiceException: java.net.ConnectException: Call From pr-hdds-1975-qxxlx-297662434/192.168.36.65 to localhost:13128 failed on connection exception: java.net.ConnectException: Connection refused; For more details see:  http://wiki.apache.org/hadoop/ConnectionRefused, while invoking $Proxy48.submitRequest over nodeId=omNode-1,nodeAddress=127.0.0.1:13128 after 3 failover attempts. Trying to failover immediately.
2019-08-22 21:26:49,177 [grpc-default-executor-3] WARN  server.GrpcLogAppender (LogUtils.java:warn(134)) - omNode-3->omNode-2: Failed appendEntries: org.apache.ratis.thirdparty.io.grpc.StatusRuntimeException: UNAVAILABLE: io exception
2019-08-22 21:26:49,177 [grpc-default-executor-7] WARN  server.GrpcLogAppender (LogUtils.java:warn(134)) - omNode-3->omNode-1: Failed appendEntries: org.apache.ratis.thirdparty.io.grpc.StatusRuntimeException: UNAVAILABLE: io exception
2019-08-22 21:26:49,178 [grpc-default-executor-3] INFO  impl.FollowerInfo (FollowerInfo.java:lambda$new$0(50)) - omNode-3->omNode-2: nextIndex: updateUnconditionally 0 -> 0
2019-08-22 21:26:49,178 [grpc-default-executor-7] INFO  impl.FollowerInfo (FollowerInfo.java:lambda$new$0(50)) - omNode-3->omNode-1: nextIndex: updateUnconditionally 0 -> 0
2019-08-22 21:26:49,679 [grpc-default-executor-7] WARN  server.GrpcLogAppender (LogUtils.java:warn(134)) - omNode-3->omNode-1: Failed appendEntries: org.apache.ratis.thirdparty.io.grpc.StatusRuntimeException: UNAVAILABLE: io exception
2019-08-22 21:26:49,679 [grpc-default-executor-4] WARN  server.GrpcLogAppender (LogUtils.java:warn(134)) - omNode-3->omNode-2: Failed appendEntries: org.apache.ratis.thirdparty.io.grpc.StatusRuntimeException: UNAVAILABLE: io exception
2019-08-22 21:26:49,679 [grpc-default-executor-7] INFO  impl.FollowerInfo (FollowerInfo.java:lambda$new$0(50)) - omNode-3->omNode-1: nextIndex: updateUnconditionally 0 -> 0
2019-08-22 21:26:49,680 [grpc-default-executor-4] INFO  impl.FollowerInfo (FollowerInfo.java:lambda$new$0(50)) - omNode-3->omNode-2: nextIndex: updateUnconditionally 0 -> 0
2019-08-22 21:26:49,744 | INFO  | SCMAudit | user=jenkins1000 | ip=192.168.36.65 | op=SEND_HEARTBEAT {datanodeUUID=5c1d6db1-13a6-44c6-b93f-b1706e8ca29c, command=[]} | ret=SUCCESS |  
2019-08-22 21:26:50,178 [Thread-7213] INFO  ipc.Client (Client.java:handleConnectionFailure(948)) - Retrying connect to server: localhost/127.0.0.1:13134. Already tried 0 time(s); retry policy is RetryUpToMaximumCountWithFixedSleep(maxRetries=10, sleepTime=1000 MILLISECONDS)
2019-08-22 21:26:50,180 [grpc-default-executor-8] WARN  server.GrpcLogAppender (LogUtils.java:warn(134)) - omNode-3->omNode-1: Failed appendEntries: org.apache.ratis.thirdparty.io.grpc.StatusRuntimeException: UNAVAILABLE: io exception
2019-08-22 21:26:50,180 [grpc-default-executor-7] WARN  server.GrpcLogAppender (LogUtils.java:warn(134)) - omNode-3->omNode-2: Failed appendEntries: org.apache.ratis.thirdparty.io.grpc.StatusRuntimeException: UNAVAILABLE: io exception
2019-08-22 21:26:50,181 [grpc-default-executor-8] INFO  impl.FollowerInfo (FollowerInfo.java:lambda$new$0(50)) - omNode-3->omNode-1: nextIndex: updateUnconditionally 0 -> 0
2019-08-22 21:26:50,181 [grpc-default-executor-7] INFO  impl.FollowerInfo (FollowerInfo.java:lambda$new$0(50)) - omNode-3->omNode-2: nextIndex: updateUnconditionally 0 -> 0
2019-08-22 21:26:50,681 [grpc-default-executor-3] WARN  server.GrpcLogAppender (LogUtils.java:warn(134)) - omNode-3->omNode-1: Failed appendEntries: org.apache.ratis.thirdparty.io.grpc.StatusRuntimeException: UNAVAILABLE: io exception
2019-08-22 21:26:50,681 [grpc-default-executor-4] WARN  server.GrpcLogAppender (LogUtils.java:warn(134)) - omNode-3->omNode-2: Failed appendEntries: org.apache.ratis.thirdparty.io.grpc.StatusRuntimeException: UNAVAILABLE: io exception
2019-08-22 21:26:50,681 [grpc-default-executor-3] INFO  impl.FollowerInfo (FollowerInfo.java:lambda$new$0(50)) - omNode-3->omNode-1: nextIndex: updateUnconditionally 0 -> 0
2019-08-22 21:26:50,682 [grpc-default-executor-4] INFO  impl.FollowerInfo (FollowerInfo.java:lambda$new$0(50)) - omNode-3->omNode-2: nextIndex: updateUnconditionally 0 -> 0
2019-08-22 21:26:50,744 | INFO  | SCMAudit | user=jenkins1000 | ip=192.168.36.65 | op=SEND_HEARTBEAT {datanodeUUID=5c1d6db1-13a6-44c6-b93f-b1706e8ca29c, command=[]} | ret=SUCCESS |  
2019-08-22 21:26:51,179 [Thread-7213] INFO  ipc.Client (Client.java:handleConnectionFailure(948)) - Retrying connect to server: localhost/127.0.0.1:13134. Already tried 1 time(s); retry policy is RetryUpToMaximumCountWithFixedSleep(maxRetries=10, sleepTime=1000 MILLISECONDS)
2019-08-22 21:26:51,182 [grpc-default-executor-5] WARN  server.GrpcLogAppender (LogUtils.java:warn(134)) - omNode-3->omNode-2: Failed appendEntries: org.apache.ratis.thirdparty.io.grpc.StatusRuntimeException: UNAVAILABLE: io exception
2019-08-22 21:26:51,182 [grpc-default-executor-6] WARN  server.GrpcLogAppender (LogUtils.java:warn(134)) - omNode-3->omNode-1: Failed appendEntries: org.apache.ratis.thirdparty.io.grpc.StatusRuntimeException: UNAVAILABLE: io exception
2019-08-22 21:26:51,183 [grpc-default-executor-5] INFO  impl.FollowerInfo (FollowerInfo.java:lambda$new$0(50)) - omNode-3->omNode-2: nextIndex: updateUnconditionally 0 -> 0
2019-08-22 21:26:51,183 [grpc-default-executor-6] INFO  impl.FollowerInfo (FollowerInfo.java:lambda$new$0(50)) - omNode-3->omNode-1: nextIndex: updateUnconditionally 0 -> 0
2019-08-22 21:26:51,683 [grpc-default-executor-3] WARN  server.GrpcLogAppender (LogUtils.java:warn(134)) - omNode-3->omNode-1: Failed appendEntries: org.apache.ratis.thirdparty.io.grpc.StatusRuntimeException: UNAVAILABLE: io exception
2019-08-22 21:26:51,683 [grpc-default-executor-6] WARN  server.GrpcLogAppender (LogUtils.java:warn(134)) - omNode-3->omNode-2: Failed appendEntries: org.apache.ratis.thirdparty.io.grpc.StatusRuntimeException: UNAVAILABLE: io exception
2019-08-22 21:26:51,683 [grpc-default-executor-3] INFO  impl.FollowerInfo (FollowerInfo.java:lambda$new$0(50)) - omNode-3->omNode-1: nextIndex: updateUnconditionally 0 -> 0
2019-08-22 21:26:51,684 [grpc-default-executor-6] INFO  impl.FollowerInfo (FollowerInfo.java:lambda$new$0(50)) - omNode-3->omNode-2: nextIndex: updateUnconditionally 0 -> 0
2019-08-22 21:26:51,744 | INFO  | SCMAudit | user=jenkins1000 | ip=192.168.36.65 | op=SEND_HEARTBEAT {datanodeUUID=5c1d6db1-13a6-44c6-b93f-b1706e8ca29c, command=[]} | ret=SUCCESS |  
2019-08-22 21:26:52,182 [Thread-7213] INFO  ipc.Client (Client.java:handleConnectionFailure(948)) - Retrying connect to server: localhost/127.0.0.1:13134. Already tried 2 time(s); retry policy is RetryUpToMaximumCountWithFixedSleep(maxRetries=10, sleepTime=1000 MILLISECONDS)
2019-08-22 21:26:52,184 [grpc-default-executor-4] WARN  server.GrpcLogAppender (LogUtils.java:warn(134)) - omNode-3->omNode-2: Failed appendEntries: org.apache.ratis.thirdparty.io.grpc.StatusRuntimeException: UNAVAILABLE: io exception
2019-08-22 21:26:52,184 [grpc-default-executor-5] WARN  server.GrpcLogAppender (LogUtils.java:warn(134)) - omNode-3->omNode-1: Failed appendEntries: org.apache.ratis.thirdparty.io.grpc.StatusRuntimeException: UNAVAILABLE: io exception
2019-08-22 21:26:52,184 [grpc-default-executor-4] INFO  impl.FollowerInfo (FollowerInfo.java:lambda$new$0(50)) - omNode-3->omNode-2: nextIndex: updateUnconditionally 0 -> 0
2019-08-22 21:26:52,184 [grpc-default-executor-5] INFO  impl.FollowerInfo (FollowerInfo.java:lambda$new$0(50)) - omNode-3->omNode-1: nextIndex: updateUnconditionally 0 -> 0
2019-08-22 21:26:52,685 [grpc-default-executor-4] WARN  server.GrpcLogAppender (LogUtils.java:warn(134)) - omNode-3->omNode-1: Failed appendEntries: org.apache.ratis.thirdparty.io.grpc.StatusRuntimeException: UNAVAILABLE: io exception
2019-08-22 21:26:52,685 [grpc-default-executor-3] WARN  server.GrpcLogAppender (LogUtils.java:warn(134)) - omNode-3->omNode-2: Failed appendEntries: org.apache.ratis.thirdparty.io.grpc.StatusRuntimeException: UNAVAILABLE: io exception
2019-08-22 21:26:52,686 [grpc-default-executor-4] INFO  impl.FollowerInfo (FollowerInfo.java:lambda$new$0(50)) - omNode-3->omNode-1: nextIndex: updateUnconditionally 0 -> 0
2019-08-22 21:26:52,686 [grpc-default-executor-3] INFO  impl.FollowerInfo (FollowerInfo.java:lambda$new$0(50)) - omNode-3->omNode-2: nextIndex: updateUnconditionally 0 -> 0
2019-08-22 21:26:52,745 | INFO  | SCMAudit | user=jenkins1000 | ip=192.168.36.65 | op=SEND_HEARTBEAT {datanodeUUID=5c1d6db1-13a6-44c6-b93f-b1706e8ca29c, command=[]} | ret=SUCCESS |  
2019-08-22 21:26:53,183 [Thread-7213] INFO  ipc.Client (Client.java:handleConnectionFailure(948)) - Retrying connect to server: localhost/127.0.0.1:13134. Already tried 3 time(s); retry policy is RetryUpToMaximumCountWithFixedSleep(maxRetries=10, sleepTime=1000 MILLISECONDS)
2019-08-22 21:26:53,185 [grpc-default-executor-6] WARN  server.GrpcLogAppender (LogUtils.java:warn(134)) - omNode-3->omNode-1: Failed appendEntries: org.apache.ratis.thirdparty.io.grpc.StatusRuntimeException: UNAVAILABLE: io exception
2019-08-22 21:26:53,186 [grpc-default-executor-4] WARN  server.GrpcLogAppender (LogUtils.java:warn(134)) - omNode-3->omNode-2: Failed appendEntries: org.apache.ratis.thirdparty.io.grpc.StatusRuntimeException: UNAVAILABLE: io exception
2019-08-22 21:26:53,186 [grpc-default-executor-6] INFO  impl.FollowerInfo (FollowerInfo.java:lambda$new$0(50)) - omNode-3->omNode-1: nextIndex: updateUnconditionally 0 -> 0
2019-08-22 21:26:53,186 [grpc-default-executor-4] INFO  impl.FollowerInfo (FollowerInfo.java:lambda$new$0(50)) - omNode-3->omNode-2: nextIndex: updateUnconditionally 0 -> 0
2019-08-22 21:26:53,686 [grpc-default-executor-4] WARN  server.GrpcLogAppender (LogUtils.java:warn(134)) - omNode-3->omNode-1: Failed appendEntries: org.apache.ratis.thirdparty.io.grpc.StatusRuntimeException: UNAVAILABLE: io exception
2019-08-22 21:26:53,686 [grpc-default-executor-3] WARN  server.GrpcLogAppender (LogUtils.java:warn(134)) - omNode-3->omNode-2: Failed appendEntries: org.apache.ratis.thirdparty.io.grpc.StatusRuntimeException: UNAVAILABLE: io exception
2019-08-22 21:26:53,687 [grpc-default-executor-4] INFO  impl.FollowerInfo (FollowerInfo.java:lambda$new$0(50)) - omNode-3->omNode-1: nextIndex: updateUnconditionally 0 -> 0
2019-08-22 21:26:53,687 [grpc-default-executor-3] INFO  impl.FollowerInfo (FollowerInfo.java:lambda$new$0(50)) - omNode-3->omNode-2: nextIndex: updateUnconditionally 0 -> 0
2019-08-22 21:26:53,745 | INFO  | SCMAudit | user=jenkins1000 | ip=192.168.36.65 | op=SEND_HEARTBEAT {datanodeUUID=5c1d6db1-13a6-44c6-b93f-b1706e8ca29c, command=[]} | ret=SUCCESS |  
2019-08-22 21:26:54,184 [Thread-7213] INFO  ipc.Client (Client.java:handleConnectionFailure(948)) - Retrying connect to server: localhost/127.0.0.1:13134. Already tried 4 time(s); retry policy is RetryUpToMaximumCountWithFixedSleep(maxRetries=10, sleepTime=1000 MILLISECONDS)
2019-08-22 21:26:54,189 [grpc-default-executor-3] WARN  server.GrpcLogAppender (LogUtils.java:warn(134)) - omNode-3->omNode-2: Failed appendEntries: org.apache.ratis.thirdparty.io.grpc.StatusRuntimeException: UNAVAILABLE: io exception
2019-08-22 21:26:54,189 [grpc-default-executor-4] WARN  server.GrpcLogAppender (LogUtils.java:warn(134)) - omNode-3->omNode-1: Failed appendEntries: org.apache.ratis.thirdparty.io.grpc.StatusRuntimeException: UNAVAILABLE: io exception
2019-08-22 21:26:54,189 [grpc-default-executor-3] INFO  impl.FollowerInfo (FollowerInfo.java:lambda$new$0(50)) - omNode-3->omNode-2: nextIndex: updateUnconditionally 0 -> 0
2019-08-22 21:26:54,190 [grpc-default-executor-4] INFO  impl.FollowerInfo (FollowerInfo.java:lambda$new$0(50)) - omNode-3->omNode-1: nextIndex: updateUnconditionally 0 -> 0
2019-08-22 21:26:54,689 [grpc-default-executor-4] WARN  server.GrpcLogAppender (LogUtils.java:warn(134)) - omNode-3->omNode-1: Failed appendEntries: org.apache.ratis.thirdparty.io.grpc.StatusRuntimeException: UNAVAILABLE: io exception
2019-08-22 21:26:54,689 [grpc-default-executor-3] WARN  server.GrpcLogAppender (LogUtils.java:warn(134)) - omNode-3->omNode-2: Failed appendEntries: org.apache.ratis.thirdparty.io.grpc.StatusRuntimeException: UNAVAILABLE: io exception
2019-08-22 21:26:54,689 [grpc-default-executor-4] INFO  impl.FollowerInfo (FollowerInfo.java:lambda$new$0(50)) - omNode-3->omNode-1: nextIndex: updateUnconditionally 0 -> 0
2019-08-22 21:26:54,689 [grpc-default-executor-3] INFO  impl.FollowerInfo (FollowerInfo.java:lambda$new$0(50)) - omNode-3->omNode-2: nextIndex: updateUnconditionally 0 -> 0
2019-08-22 21:26:54,746 | INFO  | SCMAudit | user=jenkins1000 | ip=192.168.36.65 | op=SEND_HEARTBEAT {datanodeUUID=5c1d6db1-13a6-44c6-b93f-b1706e8ca29c, command=[]} | ret=SUCCESS |  
2019-08-22 21:26:55,189 [Thread-7213] INFO  ipc.Client (Client.java:handleConnectionFailure(948)) - Retrying connect to server: localhost/127.0.0.1:13134. Already tried 5 time(s); retry policy is RetryUpToMaximumCountWithFixedSleep(maxRetries=10, sleepTime=1000 MILLISECONDS)
2019-08-22 21:26:55,191 [grpc-default-executor-4] WARN  server.GrpcLogAppender (LogUtils.java:warn(134)) - omNode-3->omNode-2: Failed appendEntries: org.apache.ratis.thirdparty.io.grpc.StatusRuntimeException: UNAVAILABLE: io exception
2019-08-22 21:26:55,191 [grpc-default-executor-3] WARN  server.GrpcLogAppender (LogUtils.java:warn(134)) - omNode-3->omNode-1: Failed appendEntries: org.apache.ratis.thirdparty.io.grpc.StatusRuntimeException: UNAVAILABLE: io exception
2019-08-22 21:26:55,191 [grpc-default-executor-4] INFO  impl.FollowerInfo (FollowerInfo.java:lambda$new$0(50)) - omNode-3->omNode-2: nextIndex: updateUnconditionally 0 -> 0
2019-08-22 21:26:55,192 [grpc-default-executor-3] INFO  impl.FollowerInfo (FollowerInfo.java:lambda$new$0(50)) - omNode-3->omNode-1: nextIndex: updateUnconditionally 0 -> 0
2019-08-22 21:26:55,692 [grpc-default-executor-7] WARN  server.GrpcLogAppender (LogUtils.java:warn(134)) - omNode-3->omNode-1: Failed appendEntries: org.apache.ratis.thirdparty.io.grpc.StatusRuntimeException: UNAVAILABLE: io exception
2019-08-22 21:26:55,692 [grpc-default-executor-8] WARN  server.GrpcLogAppender (LogUtils.java:warn(134)) - omNode-3->omNode-2: Failed appendEntries: org.apache.ratis.thirdparty.io.grpc.StatusRuntimeException: UNAVAILABLE: io exception
2019-08-22 21:26:55,693 [grpc-default-executor-7] INFO  impl.FollowerInfo (FollowerInfo.java:lambda$new$0(50)) - omNode-3->omNode-1: nextIndex: updateUnconditionally 0 -> 0
2019-08-22 21:26:55,693 [grpc-default-executor-8] INFO  impl.FollowerInfo (FollowerInfo.java:lambda$new$0(50)) - omNode-3->omNode-2: nextIndex: updateUnconditionally 0 -> 0
2019-08-22 21:26:55,746 | INFO  | SCMAudit | user=jenkins1000 | ip=192.168.36.65 | op=SEND_HEARTBEAT {datanodeUUID=5c1d6db1-13a6-44c6-b93f-b1706e8ca29c, command=[]} | ret=SUCCESS |  
2019-08-22 21:26:56,190 [Thread-7213] INFO  ipc.Client (Client.java:handleConnectionFailure(948)) - Retrying connect to server: localhost/127.0.0.1:13134. Already tried 6 time(s); retry policy is RetryUpToMaximumCountWithFixedSleep(maxRetries=10, sleepTime=1000 MILLISECONDS)
2019-08-22 21:26:56,193 [grpc-default-executor-8] WARN  server.GrpcLogAppender (LogUtils.java:warn(134)) - omNode-3->omNode-2: Failed appendEntries: org.apache.ratis.thirdparty.io.grpc.StatusRuntimeException: UNAVAILABLE: io exception
2019-08-22 21:26:56,193 [grpc-default-executor-3] WARN  server.GrpcLogAppender (LogUtils.java:warn(134)) - omNode-3->omNode-1: Failed appendEntries: org.apache.ratis.thirdparty.io.grpc.StatusRuntimeException: UNAVAILABLE: io exception
2019-08-22 21:26:56,193 [grpc-default-executor-8] INFO  impl.FollowerInfo (FollowerInfo.java:lambda$new$0(50)) - omNode-3->omNode-2: nextIndex: updateUnconditionally 0 -> 0
2019-08-22 21:26:56,194 [grpc-default-executor-3] INFO  impl.FollowerInfo (FollowerInfo.java:lambda$new$0(50)) - omNode-3->omNode-1: nextIndex: updateUnconditionally 0 -> 0
2019-08-22 21:26:56,694 [grpc-default-executor-8] WARN  server.GrpcLogAppender (LogUtils.java:warn(134)) - omNode-3->omNode-2: Failed appendEntries: org.apache.ratis.thirdparty.io.grpc.StatusRuntimeException: UNAVAILABLE: io exception
2019-08-22 21:26:56,694 [grpc-default-executor-8] INFO  impl.FollowerInfo (FollowerInfo.java:lambda$new$0(50)) - omNode-3->omNode-2: nextIndex: updateUnconditionally 0 -> 0
2019-08-22 21:26:56,694 [grpc-default-executor-3] WARN  server.GrpcLogAppender (LogUtils.java:warn(134)) - omNode-3->omNode-1: Failed appendEntries: org.apache.ratis.thirdparty.io.grpc.StatusRuntimeException: UNAVAILABLE: io exception
2019-08-22 21:26:56,695 [grpc-default-executor-3] INFO  impl.FollowerInfo (FollowerInfo.java:lambda$new$0(50)) - omNode-3->omNode-1: nextIndex: updateUnconditionally 0 -> 0
2019-08-22 21:26:56,746 | INFO  | SCMAudit | user=jenkins1000 | ip=192.168.36.65 | op=SEND_HEARTBEAT {datanodeUUID=5c1d6db1-13a6-44c6-b93f-b1706e8ca29c, command=[]} | ret=SUCCESS |  
2019-08-22 21:26:57,193 [Thread-7213] INFO  ipc.Client (Client.java:handleConnectionFailure(948)) - Retrying connect to server: localhost/127.0.0.1:13134. Already tried 7 time(s); retry policy is RetryUpToMaximumCountWithFixedSleep(maxRetries=10, sleepTime=1000 MILLISECONDS)
2019-08-22 21:26:57,194 [grpc-default-executor-3] WARN  server.GrpcLogAppender (LogUtils.java:warn(134)) - omNode-3->omNode-1: Failed appendEntries: org.apache.ratis.thirdparty.io.grpc.StatusRuntimeException: UNAVAILABLE: io exception
2019-08-22 21:26:57,195 [grpc-default-executor-8] WARN  server.GrpcLogAppender (LogUtils.java:warn(134)) - omNode-3->omNode-2: Failed appendEntries: org.apache.ratis.thirdparty.io.grpc.StatusRuntimeException: UNAVAILABLE: io exception
2019-08-22 21:26:57,195 [grpc-default-executor-3] INFO  impl.FollowerInfo (FollowerInfo.java:lambda$new$0(50)) - omNode-3->omNode-1: nextIndex: updateUnconditionally 0 -> 0
2019-08-22 21:26:57,195 [grpc-default-executor-8] INFO  impl.FollowerInfo (FollowerInfo.java:lambda$new$0(50)) - omNode-3->omNode-2: nextIndex: updateUnconditionally 0 -> 0
2019-08-22 21:26:57,696 [grpc-default-executor-3] WARN  server.GrpcLogAppender (LogUtils.java:warn(134)) - omNode-3->omNode-1: Failed appendEntries: org.apache.ratis.thirdparty.io.grpc.StatusRuntimeException: UNAVAILABLE: io exception
2019-08-22 21:26:57,696 [grpc-default-executor-5] WARN  server.GrpcLogAppender (LogUtils.java:warn(134)) - omNode-3->omNode-2: Failed appendEntries: org.apache.ratis.thirdparty.io.grpc.StatusRuntimeException: UNAVAILABLE: io exception
2019-08-22 21:26:57,696 [grpc-default-executor-3] INFO  impl.FollowerInfo (FollowerInfo.java:lambda$new$0(50)) - omNode-3->omNode-1: nextIndex: updateUnconditionally 0 -> 0
2019-08-22 21:26:57,697 [grpc-default-executor-5] INFO  impl.FollowerInfo (FollowerInfo.java:lambda$new$0(50)) - omNode-3->omNode-2: nextIndex: updateUnconditionally 0 -> 0
2019-08-22 21:26:57,746 | INFO  | SCMAudit | user=jenkins1000 | ip=192.168.36.65 | op=SEND_HEARTBEAT {datanodeUUID=5c1d6db1-13a6-44c6-b93f-b1706e8ca29c, command=[]} | ret=SUCCESS |  
2019-08-22 21:26:58,196 [Thread-7213] INFO  ipc.Client (Client.java:handleConnectionFailure(948)) - Retrying connect to server: localhost/127.0.0.1:13134. Already tried 8 time(s); retry policy is RetryUpToMaximumCountWithFixedSleep(maxRetries=10, sleepTime=1000 MILLISECONDS)
2019-08-22 21:26:58,199 [grpc-default-executor-3] WARN  server.GrpcLogAppender (LogUtils.java:warn(134)) - omNode-3->omNode-2: Failed appendEntries: org.apache.ratis.thirdparty.io.grpc.StatusRuntimeException: UNAVAILABLE: io exception
2019-08-22 21:26:58,199 [grpc-default-executor-5] WARN  server.GrpcLogAppender (LogUtils.java:warn(134)) - omNode-3->omNode-1: Failed appendEntries: org.apache.ratis.thirdparty.io.grpc.StatusRuntimeException: UNAVAILABLE: io exception
2019-08-22 21:26:58,199 [grpc-default-executor-3] INFO  impl.FollowerInfo (FollowerInfo.java:lambda$new$0(50)) - omNode-3->omNode-2: nextIndex: updateUnconditionally 0 -> 0
2019-08-22 21:26:58,200 [grpc-default-executor-5] INFO  impl.FollowerInfo (FollowerInfo.java:lambda$new$0(50)) - omNode-3->omNode-1: nextIndex: updateUnconditionally 0 -> 0
2019-08-22 21:26:58,699 [grpc-default-executor-5] WARN  server.GrpcLogAppender (LogUtils.java:warn(134)) - omNode-3->omNode-2: Failed appendEntries: org.apache.ratis.thirdparty.io.grpc.StatusRuntimeException: UNAVAILABLE: io exception
2019-08-22 21:26:58,699 [grpc-default-executor-3] WARN  server.GrpcLogAppender (LogUtils.java:warn(134)) - omNode-3->omNode-1: Failed appendEntries: org.apache.ratis.thirdparty.io.grpc.StatusRuntimeException: UNAVAILABLE: io exception
2019-08-22 21:26:58,700 [grpc-default-executor-5] INFO  impl.FollowerInfo (FollowerInfo.java:lambda$new$0(50)) - omNode-3->omNode-2: nextIndex: updateUnconditionally 0 -> 0
2019-08-22 21:26:58,700 [grpc-default-executor-3] INFO  impl.FollowerInfo (FollowerInfo.java:lambda$new$0(50)) - omNode-3->omNode-1: nextIndex: updateUnconditionally 0 -> 0
2019-08-22 21:26:58,746 | INFO  | SCMAudit | user=jenkins1000 | ip=192.168.36.65 | op=SEND_HEARTBEAT {datanodeUUID=5c1d6db1-13a6-44c6-b93f-b1706e8ca29c, command=[]} | ret=SUCCESS |  
2019-08-22 21:26:59,198 [Thread-7213] INFO  ipc.Client (Client.java:handleConnectionFailure(948)) - Retrying connect to server: localhost/127.0.0.1:13134. Already tried 9 time(s); retry policy is RetryUpToMaximumCountWithFixedSleep(maxRetries=10, sleepTime=1000 MILLISECONDS)
2019-08-22 21:26:59,199 [Thread-7213] INFO  retry.RetryInvocationHandler (RetryInvocationHandler.java:log(411)) - com.google.protobuf.ServiceException: java.net.ConnectException: Call From pr-hdds-1975-qxxlx-297662434/192.168.36.65 to localhost:13134 failed on connection exception: java.net.ConnectException: Connection refused; For more details see:  http://wiki.apache.org/hadoop/ConnectionRefused, while invoking $Proxy48.submitRequest over nodeId=omNode-2,nodeAddress=127.0.0.1:13134 after 4 failover attempts. Trying to failover immediately.
2019-08-22 21:26:59,201 [grpc-default-executor-3] WARN  server.GrpcLogAppender (LogUtils.java:warn(134)) - omNode-3->omNode-2: Failed appendEntries: org.apache.ratis.thirdparty.io.grpc.StatusRuntimeException: UNAVAILABLE: io exception
2019-08-22 21:26:59,201 [grpc-default-executor-7] WARN  server.GrpcLogAppender (LogUtils.java:warn(134)) - omNode-3->omNode-1: Failed appendEntries: org.apache.ratis.thirdparty.io.grpc.StatusRuntimeException: UNAVAILABLE: io exception
2019-08-22 21:26:59,208 [grpc-default-executor-3] INFO  impl.FollowerInfo (FollowerInfo.java:lambda$new$0(50)) - omNode-3->omNode-2: nextIndex: updateUnconditionally 0 -> 0
2019-08-22 21:26:59,208 [grpc-default-executor-7] INFO  impl.FollowerInfo (FollowerInfo.java:lambda$new$0(50)) - omNode-3->omNode-1: nextIndex: updateUnconditionally 0 -> 0
2019-08-22 21:26:59,209 [IPC Server handler 1 on 13140] WARN  ipc.Server (Server.java:logException(2724)) - IPC Server handler 1 on 13140, call Call#653 Retry#5 org.apache.hadoop.ozone.om.protocol.OzoneManagerProtocol.submitRequest from 127.0.0.1:50924
java.lang.NullPointerException
	at org.apache.hadoop.ozone.om.helpers.OMRatisHelper.getOMResponseFromRaftClientReply(OMRatisHelper.java:105)
	at org.apache.hadoop.ozone.om.ratis.OzoneManagerRatisServer.processReply(OzoneManagerRatisServer.java:178)
	at org.apache.hadoop.ozone.om.ratis.OzoneManagerRatisServer.submitRequest(OzoneManagerRatisServer.java:131)
	at org.apache.hadoop.ozone.protocolPB.OzoneManagerProtocolServerSideTranslatorPB.submitRequestToRatis(OzoneManagerProtocolServerSideTranslatorPB.java:163)
	at org.apache.hadoop.ozone.protocolPB.OzoneManagerProtocolServerSideTranslatorPB.submitRequest(OzoneManagerProtocolServerSideTranslatorPB.java:107)
	at org.apache.hadoop.ozone.protocol.proto.OzoneManagerProtocolProtos$OzoneManagerService$2.callBlockingMethod(OzoneManagerProtocolProtos.java)
	at org.apache.hadoop.ipc.ProtobufRpcEngine$Server$ProtoBufRpcInvoker.call(ProtobufRpcEngine.java:524)
	at org.apache.hadoop.ipc.RPC$Server.call(RPC.java:1025)
	at org.apache.hadoop.ipc.Server$RpcCall.run(Server.java:876)
	at org.apache.hadoop.ipc.Server$RpcCall.run(Server.java:822)
	at java.security.AccessController.doPrivileged(Native Method)
	at javax.security.auth.Subject.doAs(Subject.java:422)
	at org.apache.hadoop.security.UserGroupInformation.doAs(UserGroupInformation.java:1730)
	at org.apache.hadoop.ipc.Server$Handler.run(Server.java:2682)
2019-08-22 21:26:59,213 [Thread-7213] INFO  retry.RetryInvocationHandler (RetryInvocationHandler.java:log(411)) - com.google.protobuf.ServiceException: org.apache.hadoop.ipc.RemoteException(java.lang.NullPointerException): java.lang.NullPointerException
	at org.apache.hadoop.ozone.om.helpers.OMRatisHelper.getOMResponseFromRaftClientReply(OMRatisHelper.java:105)
	at org.apache.hadoop.ozone.om.ratis.OzoneManagerRatisServer.processReply(OzoneManagerRatisServer.java:178)
	at org.apache.hadoop.ozone.om.ratis.OzoneManagerRatisServer.submitRequest(OzoneManagerRatisServer.java:131)
	at org.apache.hadoop.ozone.protocolPB.OzoneManagerProtocolServerSideTranslatorPB.submitRequestToRatis(OzoneManagerProtocolServerSideTranslatorPB.java:163)
	at org.apache.hadoop.ozone.protocolPB.OzoneManagerProtocolServerSideTranslatorPB.submitRequest(OzoneManagerProtocolServerSideTranslatorPB.java:107)
	at org.apache.hadoop.ozone.protocol.proto.OzoneManagerProtocolProtos$OzoneManagerService$2.callBlockingMethod(OzoneManagerProtocolProtos.java)
	at org.apache.hadoop.ipc.ProtobufRpcEngine$Server$ProtoBufRpcInvoker.call(ProtobufRpcEngine.java:524)
	at org.apache.hadoop.ipc.RPC$Server.call(RPC.java:1025)
	at org.apache.hadoop.ipc.Server$RpcCall.run(Server.java:876)
	at org.apache.hadoop.ipc.Server$RpcCall.run(Server.java:822)
	at java.security.AccessController.doPrivileged(Native Method)
	at javax.security.auth.Subject.doAs(Subject.java:422)
	at org.apache.hadoop.security.UserGroupInformation.doAs(UserGroupInformation.java:1730)
	at org.apache.hadoop.ipc.Server$Handler.run(Server.java:2682)
, while invoking $Proxy48.submitRequest over nodeId=omNode-3,nodeAddress=127.0.0.1:13140 after 5 failover attempts. Trying to failover immediately.
2019-08-22 21:26:59,701 [grpc-default-executor-6] WARN  server.GrpcLogAppender (LogUtils.java:warn(134)) - omNode-3->omNode-1: Failed appendEntries: org.apache.ratis.thirdparty.io.grpc.StatusRuntimeException: UNAVAILABLE: io exception
2019-08-22 21:26:59,701 [grpc-default-executor-3] WARN  server.GrpcLogAppender (LogUtils.java:warn(134)) - omNode-3->omNode-2: Failed appendEntries: org.apache.ratis.thirdparty.io.grpc.StatusRuntimeException: UNAVAILABLE: io exception
2019-08-22 21:26:59,702 [grpc-default-executor-6] INFO  impl.FollowerInfo (FollowerInfo.java:lambda$new$0(50)) - omNode-3->omNode-1: nextIndex: updateUnconditionally 0 -> 0
2019-08-22 21:26:59,702 [grpc-default-executor-3] INFO  impl.FollowerInfo (FollowerInfo.java:lambda$new$0(50)) - omNode-3->omNode-2: nextIndex: updateUnconditionally 0 -> 0
2019-08-22 21:26:59,745 | INFO  | SCMAudit | user=jenkins1000 | ip=192.168.36.65 | op=SEND_HEARTBEAT {datanodeUUID=5c1d6db1-13a6-44c6-b93f-b1706e8ca29c, command=[]} | ret=SUCCESS |  
2019-08-22 21:27:00,202 [grpc-default-executor-3] WARN  server.GrpcLogAppender (LogUtils.java:warn(134)) - omNode-3->omNode-1: Failed appendEntries: org.apache.ratis.thirdparty.io.grpc.StatusRuntimeException: UNAVAILABLE: io exception
2019-08-22 21:27:00,202 [grpc-default-executor-6] WARN  server.GrpcLogAppender (LogUtils.java:warn(134)) - omNode-3->omNode-2: Failed appendEntries: org.apache.ratis.thirdparty.io.grpc.StatusRuntimeException: UNAVAILABLE: io exception
2019-08-22 21:27:00,203 [grpc-default-executor-3] INFO  impl.FollowerInfo (FollowerInfo.java:lambda$new$0(50)) - omNode-3->omNode-1: nextIndex: updateUnconditionally 0 -> 0
2019-08-22 21:27:00,203 [grpc-default-executor-6] INFO  impl.FollowerInfo (FollowerInfo.java:lambda$new$0(50)) - omNode-3->omNode-2: nextIndex: updateUnconditionally 0 -> 0
2019-08-22 21:27:00,234 [Thread-7213] INFO  ipc.Client (Client.java:handleConnectionFailure(948)) - Retrying connect to server: localhost/127.0.0.1:13128. Already tried 0 time(s); retry policy is RetryUpToMaximumCountWithFixedSleep(maxRetries=10, sleepTime=1000 MILLISECONDS)
2019-08-22 21:27:00,703 [grpc-default-executor-3] WARN  server.GrpcLogAppender (LogUtils.java:warn(134)) - omNode-3->omNode-2: Failed appendEntries: org.apache.ratis.thirdparty.io.grpc.StatusRuntimeException: UNAVAILABLE: io exception
2019-08-22 21:27:00,703 [grpc-default-executor-8] WARN  server.GrpcLogAppender (LogUtils.java:warn(134)) - omNode-3->omNode-1: Failed appendEntries: org.apache.ratis.thirdparty.io.grpc.StatusRuntimeException: UNAVAILABLE: io exception
2019-08-22 21:27:00,704 [grpc-default-executor-3] INFO  impl.FollowerInfo (FollowerInfo.java:lambda$new$0(50)) - omNode-3->omNode-2: nextIndex: updateUnconditionally 0 -> 0
2019-08-22 21:27:00,704 [grpc-default-executor-8] INFO  impl.FollowerInfo (FollowerInfo.java:lambda$new$0(50)) - omNode-3->omNode-1: nextIndex: updateUnconditionally 0 -> 0
2019-08-22 21:27:00,746 | INFO  | SCMAudit | user=jenkins1000 | ip=192.168.36.65 | op=SEND_HEARTBEAT {datanodeUUID=5c1d6db1-13a6-44c6-b93f-b1706e8ca29c, command=[]} | ret=SUCCESS |  
2019-08-22 21:27:01,204 [grpc-default-executor-3] WARN  server.GrpcLogAppender (LogUtils.java:warn(134)) - omNode-3->omNode-1: Failed appendEntries: org.apache.ratis.thirdparty.io.grpc.StatusRuntimeException: UNAVAILABLE: io exception
2019-08-22 21:27:01,205 [grpc-default-executor-6] WARN  server.GrpcLogAppender (LogUtils.java:warn(134)) - omNode-3->omNode-2: Failed appendEntries: org.apache.ratis.thirdparty.io.grpc.StatusRuntimeException: UNAVAILABLE: io exception
2019-08-22 21:27:01,205 [grpc-default-executor-3] INFO  impl.FollowerInfo (FollowerInfo.java:lambda$new$0(50)) - omNode-3->omNode-1: nextIndex: updateUnconditionally 0 -> 0
2019-08-22 21:27:01,205 [grpc-default-executor-6] INFO  impl.FollowerInfo (FollowerInfo.java:lambda$new$0(50)) - omNode-3->omNode-2: nextIndex: updateUnconditionally 0 -> 0
2019-08-22 21:27:01,237 [Thread-7213] INFO  ipc.Client (Client.java:handleConnectionFailure(948)) - Retrying connect to server: localhost/127.0.0.1:13128. Already tried 1 time(s); retry policy is RetryUpToMaximumCountWithFixedSleep(maxRetries=10, sleepTime=1000 MILLISECONDS)
2019-08-22 21:27:01,704 [grpc-default-executor-6] WARN  server.GrpcLogAppender (LogUtils.java:warn(134)) - omNode-3->omNode-2: Failed appendEntries: org.apache.ratis.thirdparty.io.grpc.StatusRuntimeException: UNAVAILABLE: io exception
2019-08-22 21:27:01,704 [grpc-default-executor-3] WARN  server.GrpcLogAppender (LogUtils.java:warn(134)) - omNode-3->omNode-1: Failed appendEntries: org.apache.ratis.thirdparty.io.grpc.StatusRuntimeException: UNAVAILABLE: io exception
2019-08-22 21:27:01,705 [grpc-default-executor-6] INFO  impl.FollowerInfo (FollowerInfo.java:lambda$new$0(50)) - omNode-3->omNode-2: nextIndex: updateUnconditionally 0 -> 0
2019-08-22 21:27:01,705 [grpc-default-executor-3] INFO  impl.FollowerInfo (FollowerInfo.java:lambda$new$0(50)) - omNode-3->omNode-1: nextIndex: updateUnconditionally 0 -> 0
2019-08-22 21:27:01,746 | INFO  | SCMAudit | user=jenkins1000 | ip=192.168.36.65 | op=SEND_HEARTBEAT {datanodeUUID=5c1d6db1-13a6-44c6-b93f-b1706e8ca29c, command=[]} | ret=SUCCESS |  
2019-08-22 21:27:02,206 [grpc-default-executor-7] WARN  server.GrpcLogAppender (LogUtils.java:warn(134)) - omNode-3->omNode-2: Failed appendEntries: org.apache.ratis.thirdparty.io.grpc.StatusRuntimeException: UNAVAILABLE: io exception
2019-08-22 21:27:02,206 [grpc-default-executor-8] WARN  server.GrpcLogAppender (LogUtils.java:warn(134)) - omNode-3->omNode-1: Failed appendEntries: org.apache.ratis.thirdparty.io.grpc.StatusRuntimeException: UNAVAILABLE: io exception
2019-08-22 21:27:02,206 [grpc-default-executor-7] INFO  impl.FollowerInfo (FollowerInfo.java:lambda$new$0(50)) - omNode-3->omNode-2: nextIndex: updateUnconditionally 0 -> 0
2019-08-22 21:27:02,207 [grpc-default-executor-8] INFO  impl.FollowerInfo (FollowerInfo.java:lambda$new$0(50)) - omNode-3->omNode-1: nextIndex: updateUnconditionally 0 -> 0
2019-08-22 21:27:02,241 [Thread-7213] INFO  ipc.Client (Client.java:handleConnectionFailure(948)) - Retrying connect to server: localhost/127.0.0.1:13128. Already tried 2 time(s); retry policy is RetryUpToMaximumCountWithFixedSleep(maxRetries=10, sleepTime=1000 MILLISECONDS)
2019-08-22 21:27:02,706 [grpc-default-executor-7] WARN  server.GrpcLogAppender (LogUtils.java:warn(134)) - omNode-3->omNode-1: Failed appendEntries: org.apache.ratis.thirdparty.io.grpc.StatusRuntimeException: UNAVAILABLE: io exception
2019-08-22 21:27:02,706 [grpc-default-executor-5] WARN  server.GrpcLogAppender (LogUtils.java:warn(134)) - omNode-3->omNode-2: Failed appendEntries: org.apache.ratis.thirdparty.io.grpc.StatusRuntimeException: UNAVAILABLE: io exception
2019-08-22 21:27:02,707 [grpc-default-executor-7] INFO  impl.FollowerInfo (FollowerInfo.java:lambda$new$0(50)) - omNode-3->omNode-1: nextIndex: updateUnconditionally 0 -> 0
2019-08-22 21:27:02,707 [grpc-default-executor-5] INFO  impl.FollowerInfo (FollowerInfo.java:lambda$new$0(50)) - omNode-3->omNode-2: nextIndex: updateUnconditionally 0 -> 0
2019-08-22 21:27:02,745 | INFO  | SCMAudit | user=jenkins1000 | ip=192.168.36.65 | op=SEND_HEARTBEAT {datanodeUUID=5c1d6db1-13a6-44c6-b93f-b1706e8ca29c, command=[]} | ret=SUCCESS |  
2019-08-22 21:27:03,207 [grpc-default-executor-5] WARN  server.GrpcLogAppender (LogUtils.java:warn(134)) - omNode-3->omNode-1: Failed appendEntries: org.apache.ratis.thirdparty.io.grpc.StatusRuntimeException: UNAVAILABLE: io exception
2019-08-22 21:27:03,207 [grpc-default-executor-7] WARN  server.GrpcLogAppender (LogUtils.java:warn(134)) - omNode-3->omNode-2: Failed appendEntries: org.apache.ratis.thirdparty.io.grpc.StatusRuntimeException: UNAVAILABLE: io exception
2019-08-22 21:27:03,208 [grpc-default-executor-5] INFO  impl.FollowerInfo (FollowerInfo.java:lambda$new$0(50)) - omNode-3->omNode-1: nextIndex: updateUnconditionally 0 -> 0
2019-08-22 21:27:03,208 [grpc-default-executor-7] INFO  impl.FollowerInfo (FollowerInfo.java:lambda$new$0(50)) - omNode-3->omNode-2: nextIndex: updateUnconditionally 0 -> 0
2019-08-22 21:27:03,245 [Thread-7213] INFO  ipc.Client (Client.java:handleConnectionFailure(948)) - Retrying connect to server: localhost/127.0.0.1:13128. Already tried 3 time(s); retry policy is RetryUpToMaximumCountWithFixedSleep(maxRetries=10, sleepTime=1000 MILLISECONDS)
2019-08-22 21:27:03,708 [grpc-default-executor-6] WARN  server.GrpcLogAppender (LogUtils.java:warn(134)) - omNode-3->omNode-2: Failed appendEntries: org.apache.ratis.thirdparty.io.grpc.StatusRuntimeException: UNAVAILABLE: io exception
2019-08-22 21:27:03,708 [grpc-default-executor-4] WARN  server.GrpcLogAppender (LogUtils.java:warn(134)) - omNode-3->omNode-1: Failed appendEntries: org.apache.ratis.thirdparty.io.grpc.StatusRuntimeException: UNAVAILABLE: io exception
2019-08-22 21:27:03,709 [grpc-default-executor-6] INFO  impl.FollowerInfo (FollowerInfo.java:lambda$new$0(50)) - omNode-3->omNode-2: nextIndex: updateUnconditionally 0 -> 0
2019-08-22 21:27:03,709 [grpc-default-executor-4] INFO  impl.FollowerInfo (FollowerInfo.java:lambda$new$0(50)) - omNode-3->omNode-1: nextIndex: updateUnconditionally 0 -> 0
2019-08-22 21:27:03,746 | INFO  | SCMAudit | user=jenkins1000 | ip=192.168.36.65 | op=SEND_HEARTBEAT {datanodeUUID=5c1d6db1-13a6-44c6-b93f-b1706e8ca29c, command=[]} | ret=SUCCESS |  
2019-08-22 21:27:04,209 [grpc-default-executor-6] WARN  server.GrpcLogAppender (LogUtils.java:warn(134)) - omNode-3->omNode-2: Failed appendEntries: org.apache.ratis.thirdparty.io.grpc.StatusRuntimeException: UNAVAILABLE: io exception
2019-08-22 21:27:04,209 [grpc-default-executor-4] WARN  server.GrpcLogAppender (LogUtils.java:warn(134)) - omNode-3->omNode-1: Failed appendEntries: org.apache.ratis.thirdparty.io.grpc.StatusRuntimeException: UNAVAILABLE: io exception
2019-08-22 21:27:04,209 [grpc-default-executor-6] INFO  impl.FollowerInfo (FollowerInfo.java:lambda$new$0(50)) - omNode-3->omNode-2: nextIndex: updateUnconditionally 0 -> 0
2019-08-22 21:27:04,210 [grpc-default-executor-4] INFO  impl.FollowerInfo (FollowerInfo.java:lambda$new$0(50)) - omNode-3->omNode-1: nextIndex: updateUnconditionally 0 -> 0
2019-08-22 21:27:04,248 [Thread-7213] INFO  ipc.Client (Client.java:handleConnectionFailure(948)) - Retrying connect to server: localhost/127.0.0.1:13128. Already tried 4 time(s); retry policy is RetryUpToMaximumCountWithFixedSleep(maxRetries=10, sleepTime=1000 MILLISECONDS)
2019-08-22 21:27:04,709 [grpc-default-executor-4] WARN  server.GrpcLogAppender (LogUtils.java:warn(134)) - omNode-3->omNode-2: Failed appendEntries: org.apache.ratis.thirdparty.io.grpc.StatusRuntimeException: UNAVAILABLE: io exception
2019-08-22 21:27:04,709 [grpc-default-executor-7] WARN  server.GrpcLogAppender (LogUtils.java:warn(134)) - omNode-3->omNode-1: Failed appendEntries: org.apache.ratis.thirdparty.io.grpc.StatusRuntimeException: UNAVAILABLE: io exception
2019-08-22 21:27:04,710 [grpc-default-executor-4] INFO  impl.FollowerInfo (FollowerInfo.java:lambda$new$0(50)) - omNode-3->omNode-2: nextIndex: updateUnconditionally 0 -> 0
2019-08-22 21:27:04,710 [grpc-default-executor-7] INFO  impl.FollowerInfo (FollowerInfo.java:lambda$new$0(50)) - omNode-3->omNode-1: nextIndex: updateUnconditionally 0 -> 0
2019-08-22 21:27:04,746 | INFO  | SCMAudit | user=jenkins1000 | ip=192.168.36.65 | op=SEND_HEARTBEAT {datanodeUUID=5c1d6db1-13a6-44c6-b93f-b1706e8ca29c, command=[]} | ret=SUCCESS |  
2019-08-22 21:27:05,211 [grpc-default-executor-4] WARN  server.GrpcLogAppender (LogUtils.java:warn(134)) - omNode-3->omNode-1: Failed appendEntries: org.apache.ratis.thirdparty.io.grpc.StatusRuntimeException: UNAVAILABLE: io exception
2019-08-22 21:27:05,211 [grpc-default-executor-7] WARN  server.GrpcLogAppender (LogUtils.java:warn(134)) - omNode-3->omNode-2: Failed appendEntries: org.apache.ratis.thirdparty.io.grpc.StatusRuntimeException: UNAVAILABLE: io exception
2019-08-22 21:27:05,211 [grpc-default-executor-4] INFO  impl.FollowerInfo (FollowerInfo.java:lambda$new$0(50)) - omNode-3->omNode-1: nextIndex: updateUnconditionally 0 -> 0
2019-08-22 21:27:05,211 [grpc-default-executor-7] INFO  impl.FollowerInfo (FollowerInfo.java:lambda$new$0(50)) - omNode-3->omNode-2: nextIndex: updateUnconditionally 0 -> 0
2019-08-22 21:27:05,252 [Thread-7213] INFO  ipc.Client (Client.java:handleConnectionFailure(948)) - Retrying connect to server: localhost/127.0.0.1:13128. Already tried 5 time(s); retry policy is RetryUpToMaximumCountWithFixedSleep(maxRetries=10, sleepTime=1000 MILLISECONDS)
2019-08-22 21:27:05,712 [grpc-default-executor-6] WARN  server.GrpcLogAppender (LogUtils.java:warn(134)) - omNode-3->omNode-2: Failed appendEntries: org.apache.ratis.thirdparty.io.grpc.StatusRuntimeException: UNAVAILABLE: io exception
2019-08-22 21:27:05,712 [grpc-default-executor-8] WARN  server.GrpcLogAppender (LogUtils.java:warn(134)) - omNode-3->omNode-1: Failed appendEntries: org.apache.ratis.thirdparty.io.grpc.StatusRuntimeException: UNAVAILABLE: io exception
2019-08-22 21:27:05,712 [grpc-default-executor-6] INFO  impl.FollowerInfo (FollowerInfo.java:lambda$new$0(50)) - omNode-3->omNode-2: nextIndex: updateUnconditionally 0 -> 0
2019-08-22 21:27:05,712 [grpc-default-executor-8] INFO  impl.FollowerInfo (FollowerInfo.java:lambda$new$0(50)) - omNode-3->omNode-1: nextIndex: updateUnconditionally 0 -> 0
2019-08-22 21:27:05,746 | INFO  | SCMAudit | user=jenkins1000 | ip=192.168.36.65 | op=SEND_HEARTBEAT {datanodeUUID=5c1d6db1-13a6-44c6-b93f-b1706e8ca29c, command=[]} | ret=SUCCESS |  
2019-08-22 21:27:06,212 [grpc-default-executor-3] WARN  server.GrpcLogAppender (LogUtils.java:warn(134)) - omNode-3->omNode-2: Failed appendEntries: org.apache.ratis.thirdparty.io.grpc.StatusRuntimeException: UNAVAILABLE: io exception
2019-08-22 21:27:06,212 [grpc-default-executor-8] WARN  server.GrpcLogAppender (LogUtils.java:warn(134)) - omNode-3->omNode-1: Failed appendEntries: org.apache.ratis.thirdparty.io.grpc.StatusRuntimeException: UNAVAILABLE: io exception
2019-08-22 21:27:06,213 [grpc-default-executor-3] INFO  impl.FollowerInfo (FollowerInfo.java:lambda$new$0(50)) - omNode-3->omNode-2: nextIndex: updateUnconditionally 0 -> 0
2019-08-22 21:27:06,213 [grpc-default-executor-8] INFO  impl.FollowerInfo (FollowerInfo.java:lambda$new$0(50)) - omNode-3->omNode-1: nextIndex: updateUnconditionally 0 -> 0
2019-08-22 21:27:06,256 [Thread-7213] INFO  ipc.Client (Client.java:handleConnectionFailure(948)) - Retrying connect to server: localhost/127.0.0.1:13128. Already tried 6 time(s); retry policy is RetryUpToMaximumCountWithFixedSleep(maxRetries=10, sleepTime=1000 MILLISECONDS)
2019-08-22 21:27:06,714 [grpc-default-executor-3] WARN  server.GrpcLogAppender (LogUtils.java:warn(134)) - omNode-3->omNode-2: Failed appendEntries: org.apache.ratis.thirdparty.io.grpc.StatusRuntimeException: UNAVAILABLE: io exception
2019-08-22 21:27:06,714 [grpc-default-executor-3] INFO  impl.FollowerInfo (FollowerInfo.java:lambda$new$0(50)) - omNode-3->omNode-2: nextIndex: updateUnconditionally 0 -> 0
2019-08-22 21:27:06,714 [grpc-default-executor-8] WARN  server.GrpcLogAppender (LogUtils.java:warn(134)) - omNode-3->omNode-1: Failed appendEntries: org.apache.ratis.thirdparty.io.grpc.StatusRuntimeException: UNAVAILABLE: io exception
2019-08-22 21:27:06,715 [grpc-default-executor-8] INFO  impl.FollowerInfo (FollowerInfo.java:lambda$new$0(50)) - omNode-3->omNode-1: nextIndex: updateUnconditionally 0 -> 0
2019-08-22 21:27:06,747 | INFO  | SCMAudit | user=jenkins1000 | ip=192.168.36.65 | op=SEND_HEARTBEAT {datanodeUUID=5c1d6db1-13a6-44c6-b93f-b1706e8ca29c, command=[]} | ret=SUCCESS |  
2019-08-22 21:27:07,216 [grpc-default-executor-8] WARN  server.GrpcLogAppender (LogUtils.java:warn(134)) - omNode-3->omNode-2: Failed appendEntries: org.apache.ratis.thirdparty.io.grpc.StatusRuntimeException: UNAVAILABLE: io exception
2019-08-22 21:27:07,216 [grpc-default-executor-3] WARN  server.GrpcLogAppender (LogUtils.java:warn(134)) - omNode-3->omNode-1: Failed appendEntries: org.apache.ratis.thirdparty.io.grpc.StatusRuntimeException: UNAVAILABLE: io exception
2019-08-22 21:27:07,216 [grpc-default-executor-8] INFO  impl.FollowerInfo (FollowerInfo.java:lambda$new$0(50)) - omNode-3->omNode-2: nextIndex: updateUnconditionally 0 -> 0
2019-08-22 21:27:07,217 [grpc-default-executor-3] INFO  impl.FollowerInfo (FollowerInfo.java:lambda$new$0(50)) - omNode-3->omNode-1: nextIndex: updateUnconditionally 0 -> 0
2019-08-22 21:27:07,266 [Thread-7213] INFO  ipc.Client (Client.java:handleConnectionFailure(948)) - Retrying connect to server: localhost/127.0.0.1:13128. Already tried 7 time(s); retry policy is RetryUpToMaximumCountWithFixedSleep(maxRetries=10, sleepTime=1000 MILLISECONDS)
2019-08-22 21:27:07,717 [grpc-default-executor-3] WARN  server.GrpcLogAppender (LogUtils.java:warn(134)) - omNode-3->omNode-1: Failed appendEntries: org.apache.ratis.thirdparty.io.grpc.StatusRuntimeException: UNAVAILABLE: io exception
2019-08-22 21:27:07,717 [grpc-default-executor-4] WARN  server.GrpcLogAppender (LogUtils.java:warn(134)) - omNode-3->omNode-2: Failed appendEntries: org.apache.ratis.thirdparty.io.grpc.StatusRuntimeException: UNAVAILABLE: io exception
2019-08-22 21:27:07,717 [grpc-default-executor-3] INFO  impl.FollowerInfo (FollowerInfo.java:lambda$new$0(50)) - omNode-3->omNode-1: nextIndex: updateUnconditionally 0 -> 0
2019-08-22 21:27:07,717 [grpc-default-executor-4] INFO  impl.FollowerInfo (FollowerInfo.java:lambda$new$0(50)) - omNode-3->omNode-2: nextIndex: updateUnconditionally 0 -> 0
2019-08-22 21:27:07,748 | INFO  | SCMAudit | user=jenkins1000 | ip=192.168.36.65 | op=SEND_HEARTBEAT {datanodeUUID=5c1d6db1-13a6-44c6-b93f-b1706e8ca29c, command=[]} | ret=SUCCESS |  
2019-08-22 21:27:08,217 [grpc-default-executor-4] WARN  server.GrpcLogAppender (LogUtils.java:warn(134)) - omNode-3->omNode-2: Failed appendEntries: org.apache.ratis.thirdparty.io.grpc.StatusRuntimeException: UNAVAILABLE: io exception
2019-08-22 21:27:08,217 [grpc-default-executor-7] WARN  server.GrpcLogAppender (LogUtils.java:warn(134)) - omNode-3->omNode-1: Failed appendEntries: org.apache.ratis.thirdparty.io.grpc.StatusRuntimeException: UNAVAILABLE: io exception
2019-08-22 21:27:08,218 [grpc-default-executor-4] INFO  impl.FollowerInfo (FollowerInfo.java:lambda$new$0(50)) - omNode-3->omNode-2: nextIndex: updateUnconditionally 0 -> 0
2019-08-22 21:27:08,218 [grpc-default-executor-7] INFO  impl.FollowerInfo (FollowerInfo.java:lambda$new$0(50)) - omNode-3->omNode-1: nextIndex: updateUnconditionally 0 -> 0
2019-08-22 21:27:08,269 [Thread-7213] INFO  ipc.Client (Client.java:handleConnectionFailure(948)) - Retrying connect to server: localhost/127.0.0.1:13128. Already tried 8 time(s); retry policy is RetryUpToMaximumCountWithFixedSleep(maxRetries=10, sleepTime=1000 MILLISECONDS)
2019-08-22 21:27:08,717 [grpc-default-executor-6] WARN  server.GrpcLogAppender (LogUtils.java:warn(134)) - omNode-3->omNode-1: Failed appendEntries: org.apache.ratis.thirdparty.io.grpc.StatusRuntimeException: UNAVAILABLE: io exception
2019-08-22 21:27:08,717 [grpc-default-executor-4] WARN  server.GrpcLogAppender (LogUtils.java:warn(134)) - omNode-3->omNode-2: Failed appendEntries: org.apache.ratis.thirdparty.io.grpc.StatusRuntimeException: UNAVAILABLE: io exception
2019-08-22 21:27:08,718 [grpc-default-executor-6] INFO  impl.FollowerInfo (FollowerInfo.java:lambda$new$0(50)) - omNode-3->omNode-1: nextIndex: updateUnconditionally 0 -> 0
2019-08-22 21:27:08,718 [grpc-default-executor-4] INFO  impl.FollowerInfo (FollowerInfo.java:lambda$new$0(50)) - omNode-3->omNode-2: nextIndex: updateUnconditionally 0 -> 0
2019-08-22 21:27:08,746 | INFO  | SCMAudit | user=jenkins1000 | ip=192.168.36.65 | op=SEND_HEARTBEAT {datanodeUUID=5c1d6db1-13a6-44c6-b93f-b1706e8ca29c, command=[]} | ret=SUCCESS |  
2019-08-22 21:27:09,219 [grpc-default-executor-4] WARN  server.GrpcLogAppender (LogUtils.java:warn(134)) - omNode-3->omNode-1: Failed appendEntries: org.apache.ratis.thirdparty.io.grpc.StatusRuntimeException: UNAVAILABLE: io exception
2019-08-22 21:27:09,219 [grpc-default-executor-7] WARN  server.GrpcLogAppender (LogUtils.java:warn(134)) - omNode-3->omNode-2: Failed appendEntries: org.apache.ratis.thirdparty.io.grpc.StatusRuntimeException: UNAVAILABLE: io exception
2019-08-22 21:27:09,219 [grpc-default-executor-4] INFO  impl.FollowerInfo (FollowerInfo.java:lambda$new$0(50)) - omNode-3->omNode-1: nextIndex: updateUnconditionally 0 -> 0
2019-08-22 21:27:09,220 [grpc-default-executor-7] INFO  impl.FollowerInfo (FollowerInfo.java:lambda$new$0(50)) - omNode-3->omNode-2: nextIndex: updateUnconditionally 0 -> 0
2019-08-22 21:27:09,273 [Thread-7213] INFO  ipc.Client (Client.java:handleConnectionFailure(948)) - Retrying connect to server: localhost/127.0.0.1:13128. Already tried 9 time(s); retry policy is RetryUpToMaximumCountWithFixedSleep(maxRetries=10, sleepTime=1000 MILLISECONDS)
2019-08-22 21:27:09,274 [Thread-7213] INFO  retry.RetryInvocationHandler (RetryInvocationHandler.java:log(411)) - com.google.protobuf.ServiceException: java.net.ConnectException: Call From pr-hdds-1975-qxxlx-297662434/192.168.36.65 to localhost:13128 failed on connection exception: java.net.ConnectException: Connection refused; For more details see:  http://wiki.apache.org/hadoop/ConnectionRefused, while invoking $Proxy48.submitRequest over nodeId=omNode-1,nodeAddress=127.0.0.1:13128 after 6 failover attempts. Trying to failover immediately.
2019-08-22 21:27:09,719 [grpc-default-executor-7] WARN  server.GrpcLogAppender (LogUtils.java:warn(134)) - omNode-3->omNode-2: Failed appendEntries: org.apache.ratis.thirdparty.io.grpc.StatusRuntimeException: UNAVAILABLE: io exception
2019-08-22 21:27:09,719 [grpc-default-executor-3] WARN  server.GrpcLogAppender (LogUtils.java:warn(134)) - omNode-3->omNode-1: Failed appendEntries: org.apache.ratis.thirdparty.io.grpc.StatusRuntimeException: UNAVAILABLE: io exception
2019-08-22 21:27:09,719 [grpc-default-executor-7] INFO  impl.FollowerInfo (FollowerInfo.java:lambda$new$0(50)) - omNode-3->omNode-2: nextIndex: updateUnconditionally 0 -> 0
2019-08-22 21:27:09,720 [grpc-default-executor-3] INFO  impl.FollowerInfo (FollowerInfo.java:lambda$new$0(50)) - omNode-3->omNode-1: nextIndex: updateUnconditionally 0 -> 0
2019-08-22 21:27:09,747 | INFO  | SCMAudit | user=jenkins1000 | ip=192.168.36.65 | op=SEND_HEARTBEAT {datanodeUUID=5c1d6db1-13a6-44c6-b93f-b1706e8ca29c, command=[]} | ret=SUCCESS |  
2019-08-22 21:27:10,221 [grpc-default-executor-7] WARN  server.GrpcLogAppender (LogUtils.java:warn(134)) - omNode-3->omNode-1: Failed appendEntries: org.apache.ratis.thirdparty.io.grpc.StatusRuntimeException: UNAVAILABLE: io exception
2019-08-22 21:27:10,221 [grpc-default-executor-3] WARN  server.GrpcLogAppender (LogUtils.java:warn(134)) - omNode-3->omNode-2: Failed appendEntries: org.apache.ratis.thirdparty.io.grpc.StatusRuntimeException: UNAVAILABLE: io exception
2019-08-22 21:27:10,221 [grpc-default-executor-7] INFO  impl.FollowerInfo (FollowerInfo.java:lambda$new$0(50)) - omNode-3->omNode-1: nextIndex: updateUnconditionally 0 -> 0
2019-08-22 21:27:10,221 [grpc-default-executor-3] INFO  impl.FollowerInfo (FollowerInfo.java:lambda$new$0(50)) - omNode-3->omNode-2: nextIndex: updateUnconditionally 0 -> 0
2019-08-22 21:27:10,276 [Thread-7213] INFO  ipc.Client (Client.java:handleConnectionFailure(948)) - Retrying connect to server: localhost/127.0.0.1:13134. Already tried 0 time(s); retry policy is RetryUpToMaximumCountWithFixedSleep(maxRetries=10, sleepTime=1000 MILLISECONDS)
2019-08-22 21:27:10,721 [grpc-default-executor-6] WARN  server.GrpcLogAppender (LogUtils.java:warn(134)) - omNode-3->omNode-2: Failed appendEntries: org.apache.ratis.thirdparty.io.grpc.StatusRuntimeException: UNAVAILABLE: io exception
2019-08-22 21:27:10,721 [grpc-default-executor-7] WARN  server.GrpcLogAppender (LogUtils.java:warn(134)) - omNode-3->omNode-1: Failed appendEntries: org.apache.ratis.thirdparty.io.grpc.StatusRuntimeException: UNAVAILABLE: io exception
2019-08-22 21:27:10,721 [grpc-default-executor-6] INFO  impl.FollowerInfo (FollowerInfo.java:lambda$new$0(50)) - omNode-3->omNode-2: nextIndex: updateUnconditionally 0 -> 0
2019-08-22 21:27:10,721 [grpc-default-executor-7] INFO  impl.FollowerInfo (FollowerInfo.java:lambda$new$0(50)) - omNode-3->omNode-1: nextIndex: updateUnconditionally 0 -> 0
2019-08-22 21:27:10,747 | INFO  | SCMAudit | user=jenkins1000 | ip=192.168.36.65 | op=SEND_HEARTBEAT {datanodeUUID=5c1d6db1-13a6-44c6-b93f-b1706e8ca29c, command=[]} | ret=SUCCESS |  
2019-08-22 21:27:11,222 [grpc-default-executor-5] WARN  server.GrpcLogAppender (LogUtils.java:warn(134)) - omNode-3->omNode-2: Failed appendEntries: org.apache.ratis.thirdparty.io.grpc.StatusRuntimeException: UNAVAILABLE: io exception
2019-08-22 21:27:11,222 [grpc-default-executor-3] WARN  server.GrpcLogAppender (LogUtils.java:warn(134)) - omNode-3->omNode-1: Failed appendEntries: org.apache.ratis.thirdparty.io.grpc.StatusRuntimeException: UNAVAILABLE: io exception
2019-08-22 21:27:11,222 [grpc-default-executor-5] INFO  impl.FollowerInfo (FollowerInfo.java:lambda$new$0(50)) - omNode-3->omNode-2: nextIndex: updateUnconditionally 0 -> 0
2019-08-22 21:27:11,223 [grpc-default-executor-3] INFO  impl.FollowerInfo (FollowerInfo.java:lambda$new$0(50)) - omNode-3->omNode-1: nextIndex: updateUnconditionally 0 -> 0
2019-08-22 21:27:11,277 [Thread-7213] INFO  ipc.Client (Client.java:handleConnectionFailure(948)) - Retrying connect to server: localhost/127.0.0.1:13134. Already tried 1 time(s); retry policy is RetryUpToMaximumCountWithFixedSleep(maxRetries=10, sleepTime=1000 MILLISECONDS)
2019-08-22 21:27:11,723 [grpc-default-executor-5] WARN  server.GrpcLogAppender (LogUtils.java:warn(134)) - omNode-3->omNode-2: Failed appendEntries: org.apache.ratis.thirdparty.io.grpc.StatusRuntimeException: UNAVAILABLE: io exception
2019-08-22 21:27:11,723 [grpc-default-executor-4] WARN  server.GrpcLogAppender (LogUtils.java:warn(134)) - omNode-3->omNode-1: Failed appendEntries: org.apache.ratis.thirdparty.io.grpc.StatusRuntimeException: UNAVAILABLE: io exception
2019-08-22 21:27:11,723 [grpc-default-executor-5] INFO  impl.FollowerInfo (FollowerInfo.java:lambda$new$0(50)) - omNode-3->omNode-2: nextIndex: updateUnconditionally 0 -> 0
2019-08-22 21:27:11,723 [grpc-default-executor-4] INFO  impl.FollowerInfo (FollowerInfo.java:lambda$new$0(50)) - omNode-3->omNode-1: nextIndex: updateUnconditionally 0 -> 0
2019-08-22 21:27:11,748 | INFO  | SCMAudit | user=jenkins1000 | ip=192.168.36.65 | op=SEND_HEARTBEAT {datanodeUUID=5c1d6db1-13a6-44c6-b93f-b1706e8ca29c, command=[]} | ret=SUCCESS |  
2019-08-22 21:27:12,223 [grpc-default-executor-7] WARN  server.GrpcLogAppender (LogUtils.java:warn(134)) - omNode-3->omNode-2: Failed appendEntries: org.apache.ratis.thirdparty.io.grpc.StatusRuntimeException: UNAVAILABLE: io exception
2019-08-22 21:27:12,223 [grpc-default-executor-6] WARN  server.GrpcLogAppender (LogUtils.java:warn(134)) - omNode-3->omNode-1: Failed appendEntries: org.apache.ratis.thirdparty.io.grpc.StatusRuntimeException: UNAVAILABLE: io exception
2019-08-22 21:27:12,223 [grpc-default-executor-7] INFO  impl.FollowerInfo (FollowerInfo.java:lambda$new$0(50)) - omNode-3->omNode-2: nextIndex: updateUnconditionally 0 -> 0
2019-08-22 21:27:12,223 [grpc-default-executor-6] INFO  impl.FollowerInfo (FollowerInfo.java:lambda$new$0(50)) - omNode-3->omNode-1: nextIndex: updateUnconditionally 0 -> 0
2019-08-22 21:27:12,280 [Thread-7213] INFO  ipc.Client (Client.java:handleConnectionFailure(948)) - Retrying connect to server: localhost/127.0.0.1:13134. Already tried 2 time(s); retry policy is RetryUpToMaximumCountWithFixedSleep(maxRetries=10, sleepTime=1000 MILLISECONDS)
2019-08-22 21:27:12,723 [grpc-default-executor-7] WARN  server.GrpcLogAppender (LogUtils.java:warn(134)) - omNode-3->omNode-1: Failed appendEntries: org.apache.ratis.thirdparty.io.grpc.StatusRuntimeException: UNAVAILABLE: io exception
2019-08-22 21:27:12,724 [grpc-default-executor-3] WARN  server.GrpcLogAppender (LogUtils.java:warn(134)) - omNode-3->omNode-2: Failed appendEntries: org.apache.ratis.thirdparty.io.grpc.StatusRuntimeException: UNAVAILABLE: io exception
2019-08-22 21:27:12,724 [grpc-default-executor-7] INFO  impl.FollowerInfo (FollowerInfo.java:lambda$new$0(50)) - omNode-3->omNode-1: nextIndex: updateUnconditionally 0 -> 0
2019-08-22 21:27:12,724 [grpc-default-executor-3] INFO  impl.FollowerInfo (FollowerInfo.java:lambda$new$0(50)) - omNode-3->omNode-2: nextIndex: updateUnconditionally 0 -> 0
2019-08-22 21:27:12,749 | INFO  | SCMAudit | user=jenkins1000 | ip=192.168.36.65 | op=SEND_HEARTBEAT {datanodeUUID=5c1d6db1-13a6-44c6-b93f-b1706e8ca29c, command=[]} | ret=SUCCESS |  
2019-08-22 21:27:13,224 [grpc-default-executor-7] WARN  server.GrpcLogAppender (LogUtils.java:warn(134)) - omNode-3->omNode-2: Failed appendEntries: org.apache.ratis.thirdparty.io.grpc.StatusRuntimeException: UNAVAILABLE: io exception
2019-08-22 21:27:13,224 [grpc-default-executor-3] WARN  server.GrpcLogAppender (LogUtils.java:warn(134)) - omNode-3->omNode-1: Failed appendEntries: org.apache.ratis.thirdparty.io.grpc.StatusRuntimeException: UNAVAILABLE: io exception
2019-08-22 21:27:13,225 [grpc-default-executor-7] INFO  impl.FollowerInfo (FollowerInfo.java:lambda$new$0(50)) - omNode-3->omNode-2: nextIndex: updateUnconditionally 0 -> 0
2019-08-22 21:27:13,225 [grpc-default-executor-3] INFO  impl.FollowerInfo (FollowerInfo.java:lambda$new$0(50)) - omNode-3->omNode-1: nextIndex: updateUnconditionally 0 -> 0
2019-08-22 21:27:13,281 [Thread-7213] INFO  ipc.Client (Client.java:handleConnectionFailure(948)) - Retrying connect to server: localhost/127.0.0.1:13134. Already tried 3 time(s); retry policy is RetryUpToMaximumCountWithFixedSleep(maxRetries=10, sleepTime=1000 MILLISECONDS)
2019-08-22 21:27:13,725 [grpc-default-executor-6] WARN  server.GrpcLogAppender (LogUtils.java:warn(134)) - omNode-3->omNode-2: Failed appendEntries: org.apache.ratis.thirdparty.io.grpc.StatusRuntimeException: UNAVAILABLE: io exception
2019-08-22 21:27:13,725 [grpc-default-executor-3] WARN  server.GrpcLogAppender (LogUtils.java:warn(134)) - omNode-3->omNode-1: Failed appendEntries: org.apache.ratis.thirdparty.io.grpc.StatusRuntimeException: UNAVAILABLE: io exception
2019-08-22 21:27:13,725 [grpc-default-executor-6] INFO  impl.FollowerInfo (FollowerInfo.java:lambda$new$0(50)) - omNode-3->omNode-2: nextIndex: updateUnconditionally 0 -> 0
2019-08-22 21:27:13,726 [grpc-default-executor-3] INFO  impl.FollowerInfo (FollowerInfo.java:lambda$new$0(50)) - omNode-3->omNode-1: nextIndex: updateUnconditionally 0 -> 0
2019-08-22 21:27:13,749 | INFO  | SCMAudit | user=jenkins1000 | ip=192.168.36.65 | op=SEND_HEARTBEAT {datanodeUUID=5c1d6db1-13a6-44c6-b93f-b1706e8ca29c, command=[]} | ret=SUCCESS |  
2019-08-22 21:27:14,226 [grpc-default-executor-6] WARN  server.GrpcLogAppender (LogUtils.java:warn(134)) - omNode-3->omNode-2: Failed appendEntries: org.apache.ratis.thirdparty.io.grpc.StatusRuntimeException: UNAVAILABLE: io exception
2019-08-22 21:27:14,226 [grpc-default-executor-3] WARN  server.GrpcLogAppender (LogUtils.java:warn(134)) - omNode-3->omNode-1: Failed appendEntries: org.apache.ratis.thirdparty.io.grpc.StatusRuntimeException: UNAVAILABLE: io exception
2019-08-22 21:27:14,227 [grpc-default-executor-6] INFO  impl.FollowerInfo (FollowerInfo.java:lambda$new$0(50)) - omNode-3->omNode-2: nextIndex: updateUnconditionally 0 -> 0
2019-08-22 21:27:14,227 [grpc-default-executor-3] INFO  impl.FollowerInfo (FollowerInfo.java:lambda$new$0(50)) - omNode-3->omNode-1: nextIndex: updateUnconditionally 0 -> 0
2019-08-22 21:27:14,284 [Thread-7213] INFO  ipc.Client (Client.java:handleConnectionFailure(948)) - Retrying connect to server: localhost/127.0.0.1:13134. Already tried 4 time(s); retry policy is RetryUpToMaximumCountWithFixedSleep(maxRetries=10, sleepTime=1000 MILLISECONDS)
2019-08-22 21:27:14,727 [grpc-default-executor-7] WARN  server.GrpcLogAppender (LogUtils.java:warn(134)) - omNode-3->omNode-1: Failed appendEntries: org.apache.ratis.thirdparty.io.grpc.StatusRuntimeException: UNAVAILABLE: io exception
2019-08-22 21:27:14,727 [grpc-default-executor-6] WARN  server.GrpcLogAppender (LogUtils.java:warn(134)) - omNode-3->omNode-2: Failed appendEntries: org.apache.ratis.thirdparty.io.grpc.StatusRuntimeException: UNAVAILABLE: io exception
2019-08-22 21:27:14,728 [grpc-default-executor-7] INFO  impl.FollowerInfo (FollowerInfo.java:lambda$new$0(50)) - omNode-3->omNode-1: nextIndex: updateUnconditionally 0 -> 0
2019-08-22 21:27:14,728 [grpc-default-executor-6] INFO  impl.FollowerInfo (FollowerInfo.java:lambda$new$0(50)) - omNode-3->omNode-2: nextIndex: updateUnconditionally 0 -> 0
2019-08-22 21:27:14,750 | INFO  | SCMAudit | user=jenkins1000 | ip=192.168.36.65 | op=SEND_HEARTBEAT {datanodeUUID=5c1d6db1-13a6-44c6-b93f-b1706e8ca29c, command=[]} | ret=SUCCESS |  
2019-08-22 21:27:15,228 [grpc-default-executor-7] WARN  server.GrpcLogAppender (LogUtils.java:warn(134)) - omNode-3->omNode-1: Failed appendEntries: org.apache.ratis.thirdparty.io.grpc.StatusRuntimeException: UNAVAILABLE: io exception
2019-08-22 21:27:15,228 [grpc-default-executor-4] WARN  server.GrpcLogAppender (LogUtils.java:warn(134)) - omNode-3->omNode-2: Failed appendEntries: org.apache.ratis.thirdparty.io.grpc.StatusRuntimeException: UNAVAILABLE: io exception
2019-08-22 21:27:15,228 [grpc-default-executor-7] INFO  impl.FollowerInfo (FollowerInfo.java:lambda$new$0(50)) - omNode-3->omNode-1: nextIndex: updateUnconditionally 0 -> 0
2019-08-22 21:27:15,228 [grpc-default-executor-4] INFO  impl.FollowerInfo (FollowerInfo.java:lambda$new$0(50)) - omNode-3->omNode-2: nextIndex: updateUnconditionally 0 -> 0
2019-08-22 21:27:15,287 [Thread-7213] INFO  ipc.Client (Client.java:handleConnectionFailure(948)) - Retrying connect to server: localhost/127.0.0.1:13134. Already tried 5 time(s); retry policy is RetryUpToMaximumCountWithFixedSleep(maxRetries=10, sleepTime=1000 MILLISECONDS)
2019-08-22 21:27:15,729 [grpc-default-executor-7] WARN  server.GrpcLogAppender (LogUtils.java:warn(134)) - omNode-3->omNode-1: Failed appendEntries: org.apache.ratis.thirdparty.io.grpc.StatusRuntimeException: UNAVAILABLE: io exception
2019-08-22 21:27:15,729 [grpc-default-executor-6] WARN  server.GrpcLogAppender (LogUtils.java:warn(134)) - omNode-3->omNode-2: Failed appendEntries: org.apache.ratis.thirdparty.io.grpc.StatusRuntimeException: UNAVAILABLE: io exception
2019-08-22 21:27:15,729 [grpc-default-executor-7] INFO  impl.FollowerInfo (FollowerInfo.java:lambda$new$0(50)) - omNode-3->omNode-1: nextIndex: updateUnconditionally 0 -> 0
2019-08-22 21:27:15,729 [grpc-default-executor-6] INFO  impl.FollowerInfo (FollowerInfo.java:lambda$new$0(50)) - omNode-3->omNode-2: nextIndex: updateUnconditionally 0 -> 0
2019-08-22 21:27:15,750 | INFO  | SCMAudit | user=jenkins1000 | ip=192.168.36.65 | op=SEND_HEARTBEAT {datanodeUUID=5c1d6db1-13a6-44c6-b93f-b1706e8ca29c, command=[]} | ret=SUCCESS |  
2019-08-22 21:27:16,228 [grpc-default-executor-6] WARN  server.GrpcLogAppender (LogUtils.java:warn(134)) - omNode-3->omNode-1: Failed appendEntries: org.apache.ratis.thirdparty.io.grpc.StatusRuntimeException: UNAVAILABLE: io exception
2019-08-22 21:27:16,228 [grpc-default-executor-4] WARN  server.GrpcLogAppender (LogUtils.java:warn(134)) - omNode-3->omNode-2: Failed appendEntries: org.apache.ratis.thirdparty.io.grpc.StatusRuntimeException: UNAVAILABLE: io exception
2019-08-22 21:27:16,229 [grpc-default-executor-6] INFO  impl.FollowerInfo (FollowerInfo.java:lambda$new$0(50)) - omNode-3->omNode-1: nextIndex: updateUnconditionally 0 -> 0
2019-08-22 21:27:16,229 [grpc-default-executor-4] INFO  impl.FollowerInfo (FollowerInfo.java:lambda$new$0(50)) - omNode-3->omNode-2: nextIndex: updateUnconditionally 0 -> 0
2019-08-22 21:27:16,290 [Thread-7213] INFO  ipc.Client (Client.java:handleConnectionFailure(948)) - Retrying connect to server: localhost/127.0.0.1:13134. Already tried 6 time(s); retry policy is RetryUpToMaximumCountWithFixedSleep(maxRetries=10, sleepTime=1000 MILLISECONDS)
2019-08-22 21:27:16,729 [grpc-default-executor-6] WARN  server.GrpcLogAppender (LogUtils.java:warn(134)) - omNode-3->omNode-2: Failed appendEntries: org.apache.ratis.thirdparty.io.grpc.StatusRuntimeException: UNAVAILABLE: io exception
2019-08-22 21:27:16,729 [grpc-default-executor-7] WARN  server.GrpcLogAppender (LogUtils.java:warn(134)) - omNode-3->omNode-1: Failed appendEntries: org.apache.ratis.thirdparty.io.grpc.StatusRuntimeException: UNAVAILABLE: io exception
2019-08-22 21:27:16,730 [grpc-default-executor-6] INFO  impl.FollowerInfo (FollowerInfo.java:lambda$new$0(50)) - omNode-3->omNode-2: nextIndex: updateUnconditionally 0 -> 0
2019-08-22 21:27:16,730 [grpc-default-executor-7] INFO  impl.FollowerInfo (FollowerInfo.java:lambda$new$0(50)) - omNode-3->omNode-1: nextIndex: updateUnconditionally 0 -> 0
2019-08-22 21:27:16,751 | INFO  | SCMAudit | user=jenkins1000 | ip=192.168.36.65 | op=SEND_HEARTBEAT {datanodeUUID=5c1d6db1-13a6-44c6-b93f-b1706e8ca29c, command=[]} | ret=SUCCESS |  
2019-08-22 21:27:17,230 [grpc-default-executor-7] WARN  server.GrpcLogAppender (LogUtils.java:warn(134)) - omNode-3->omNode-2: Failed appendEntries: org.apache.ratis.thirdparty.io.grpc.StatusRuntimeException: UNAVAILABLE: io exception
2019-08-22 21:27:17,230 [grpc-default-executor-6] WARN  server.GrpcLogAppender (LogUtils.java:warn(134)) - omNode-3->omNode-1: Failed appendEntries: org.apache.ratis.thirdparty.io.grpc.StatusRuntimeException: UNAVAILABLE: io exception
2019-08-22 21:27:17,230 [grpc-default-executor-7] INFO  impl.FollowerInfo (FollowerInfo.java:lambda$new$0(50)) - omNode-3->omNode-2: nextIndex: updateUnconditionally 0 -> 0
2019-08-22 21:27:17,230 [grpc-default-executor-6] INFO  impl.FollowerInfo (FollowerInfo.java:lambda$new$0(50)) - omNode-3->omNode-1: nextIndex: updateUnconditionally 0 -> 0
2019-08-22 21:27:17,291 [Thread-7213] INFO  ipc.Client (Client.java:handleConnectionFailure(948)) - Retrying connect to server: localhost/127.0.0.1:13134. Already tried 7 time(s); retry policy is RetryUpToMaximumCountWithFixedSleep(maxRetries=10, sleepTime=1000 MILLISECONDS)
2019-08-22 21:27:17,730 [grpc-default-executor-6] WARN  server.GrpcLogAppender (LogUtils.java:warn(134)) - omNode-3->omNode-2: Failed appendEntries: org.apache.ratis.thirdparty.io.grpc.StatusRuntimeException: UNAVAILABLE: io exception
2019-08-22 21:27:17,730 [grpc-default-executor-7] WARN  server.GrpcLogAppender (LogUtils.java:warn(134)) - omNode-3->omNode-1: Failed appendEntries: org.apache.ratis.thirdparty.io.grpc.StatusRuntimeException: UNAVAILABLE: io exception
2019-08-22 21:27:17,731 [grpc-default-executor-6] INFO  impl.FollowerInfo (FollowerInfo.java:lambda$new$0(50)) - omNode-3->omNode-2: nextIndex: updateUnconditionally 0 -> 0
2019-08-22 21:27:17,731 [grpc-default-executor-7] INFO  impl.FollowerInfo (FollowerInfo.java:lambda$new$0(50)) - omNode-3->omNode-1: nextIndex: updateUnconditionally 0 -> 0
2019-08-22 21:27:17,751 | INFO  | SCMAudit | user=jenkins1000 | ip=192.168.36.65 | op=SEND_HEARTBEAT {datanodeUUID=5c1d6db1-13a6-44c6-b93f-b1706e8ca29c, command=[]} | ret=SUCCESS |  
2019-08-22 21:27:18,231 [grpc-default-executor-7] WARN  server.GrpcLogAppender (LogUtils.java:warn(134)) - omNode-3->omNode-1: Failed appendEntries: org.apache.ratis.thirdparty.io.grpc.StatusRuntimeException: UNAVAILABLE: io exception
2019-08-22 21:27:18,231 [grpc-default-executor-3] WARN  server.GrpcLogAppender (LogUtils.java:warn(134)) - omNode-3->omNode-2: Failed appendEntries: org.apache.ratis.thirdparty.io.grpc.StatusRuntimeException: UNAVAILABLE: io exception
2019-08-22 21:27:18,231 [grpc-default-executor-7] INFO  impl.FollowerInfo (FollowerInfo.java:lambda$new$0(50)) - omNode-3->omNode-1: nextIndex: updateUnconditionally 0 -> 0
2019-08-22 21:27:18,231 [grpc-default-executor-3] INFO  impl.FollowerInfo (FollowerInfo.java:lambda$new$0(50)) - omNode-3->omNode-2: nextIndex: updateUnconditionally 0 -> 0
2019-08-22 21:27:18,292 [Thread-7213] INFO  ipc.Client (Client.java:handleConnectionFailure(948)) - Retrying connect to server: localhost/127.0.0.1:13134. Already tried 8 time(s); retry policy is RetryUpToMaximumCountWithFixedSleep(maxRetries=10, sleepTime=1000 MILLISECONDS)
2019-08-22 21:27:18,731 [grpc-default-executor-3] WARN  server.GrpcLogAppender (LogUtils.java:warn(134)) - omNode-3->omNode-1: Failed appendEntries: org.apache.ratis.thirdparty.io.grpc.StatusRuntimeException: UNAVAILABLE: io exception
2019-08-22 21:27:18,731 [grpc-default-executor-8] WARN  server.GrpcLogAppender (LogUtils.java:warn(134)) - omNode-3->omNode-2: Failed appendEntries: org.apache.ratis.thirdparty.io.grpc.StatusRuntimeException: UNAVAILABLE: io exception
2019-08-22 21:27:18,732 [grpc-default-executor-3] INFO  impl.FollowerInfo (FollowerInfo.java:lambda$new$0(50)) - omNode-3->omNode-1: nextIndex: updateUnconditionally 0 -> 0
2019-08-22 21:27:18,732 [grpc-default-executor-8] INFO  impl.FollowerInfo (FollowerInfo.java:lambda$new$0(50)) - omNode-3->omNode-2: nextIndex: updateUnconditionally 0 -> 0
2019-08-22 21:27:18,751 | INFO  | SCMAudit | user=jenkins1000 | ip=192.168.36.65 | op=SEND_HEARTBEAT {datanodeUUID=5c1d6db1-13a6-44c6-b93f-b1706e8ca29c, command=[]} | ret=SUCCESS |  
2019-08-22 21:27:19,232 [grpc-default-executor-3] WARN  server.GrpcLogAppender (LogUtils.java:warn(134)) - omNode-3->omNode-2: Failed appendEntries: org.apache.ratis.thirdparty.io.grpc.StatusRuntimeException: UNAVAILABLE: io exception
2019-08-22 21:27:19,232 [grpc-default-executor-8] WARN  server.GrpcLogAppender (LogUtils.java:warn(134)) - omNode-3->omNode-1: Failed appendEntries: org.apache.ratis.thirdparty.io.grpc.StatusRuntimeException: UNAVAILABLE: io exception
2019-08-22 21:27:19,232 [grpc-default-executor-3] INFO  impl.FollowerInfo (FollowerInfo.java:lambda$new$0(50)) - omNode-3->omNode-2: nextIndex: updateUnconditionally 0 -> 0
2019-08-22 21:27:19,232 [grpc-default-executor-8] INFO  impl.FollowerInfo (FollowerInfo.java:lambda$new$0(50)) - omNode-3->omNode-1: nextIndex: updateUnconditionally 0 -> 0
2019-08-22 21:27:19,293 [Thread-7213] INFO  ipc.Client (Client.java:handleConnectionFailure(948)) - Retrying connect to server: localhost/127.0.0.1:13134. Already tried 9 time(s); retry policy is RetryUpToMaximumCountWithFixedSleep(maxRetries=10, sleepTime=1000 MILLISECONDS)
2019-08-22 21:27:19,295 [Thread-7213] INFO  retry.RetryInvocationHandler (RetryInvocationHandler.java:log(411)) - com.google.protobuf.ServiceException: java.net.ConnectException: Call From pr-hdds-1975-qxxlx-297662434/192.168.36.65 to localhost:13134 failed on connection exception: java.net.ConnectException: Connection refused; For more details see:  http://wiki.apache.org/hadoop/ConnectionRefused, while invoking $Proxy48.submitRequest over nodeId=omNode-2,nodeAddress=127.0.0.1:13134 after 7 failover attempts. Trying to failover immediately.
2019-08-22 21:27:19,303 [IPC Server handler 2 on 13140] WARN  ipc.Server (Server.java:logException(2724)) - IPC Server handler 2 on 13140, call Call#653 Retry#8 org.apache.hadoop.ozone.om.protocol.OzoneManagerProtocol.submitRequest from 127.0.0.1:51246
java.lang.NullPointerException
	at org.apache.hadoop.ozone.om.helpers.OMRatisHelper.getOMResponseFromRaftClientReply(OMRatisHelper.java:105)
	at org.apache.hadoop.ozone.om.ratis.OzoneManagerRatisServer.processReply(OzoneManagerRatisServer.java:178)
	at org.apache.hadoop.ozone.om.ratis.OzoneManagerRatisServer.submitRequest(OzoneManagerRatisServer.java:131)
	at org.apache.hadoop.ozone.protocolPB.OzoneManagerProtocolServerSideTranslatorPB.submitRequestToRatis(OzoneManagerProtocolServerSideTranslatorPB.java:163)
	at org.apache.hadoop.ozone.protocolPB.OzoneManagerProtocolServerSideTranslatorPB.submitRequest(OzoneManagerProtocolServerSideTranslatorPB.java:107)
	at org.apache.hadoop.ozone.protocol.proto.OzoneManagerProtocolProtos$OzoneManagerService$2.callBlockingMethod(OzoneManagerProtocolProtos.java)
	at org.apache.hadoop.ipc.ProtobufRpcEngine$Server$ProtoBufRpcInvoker.call(ProtobufRpcEngine.java:524)
	at org.apache.hadoop.ipc.RPC$Server.call(RPC.java:1025)
	at org.apache.hadoop.ipc.Server$RpcCall.run(Server.java:876)
	at org.apache.hadoop.ipc.Server$RpcCall.run(Server.java:822)
	at java.security.AccessController.doPrivileged(Native Method)
	at javax.security.auth.Subject.doAs(Subject.java:422)
	at org.apache.hadoop.security.UserGroupInformation.doAs(UserGroupInformation.java:1730)
	at org.apache.hadoop.ipc.Server$Handler.run(Server.java:2682)
2019-08-22 21:27:19,306 [Thread-7213] INFO  retry.RetryInvocationHandler (RetryInvocationHandler.java:log(411)) - com.google.protobuf.ServiceException: org.apache.hadoop.ipc.RemoteException(java.lang.NullPointerException): java.lang.NullPointerException
	at org.apache.hadoop.ozone.om.helpers.OMRatisHelper.getOMResponseFromRaftClientReply(OMRatisHelper.java:105)
	at org.apache.hadoop.ozone.om.ratis.OzoneManagerRatisServer.processReply(OzoneManagerRatisServer.java:178)
	at org.apache.hadoop.ozone.om.ratis.OzoneManagerRatisServer.submitRequest(OzoneManagerRatisServer.java:131)
	at org.apache.hadoop.ozone.protocolPB.OzoneManagerProtocolServerSideTranslatorPB.submitRequestToRatis(OzoneManagerProtocolServerSideTranslatorPB.java:163)
	at org.apache.hadoop.ozone.protocolPB.OzoneManagerProtocolServerSideTranslatorPB.submitRequest(OzoneManagerProtocolServerSideTranslatorPB.java:107)
	at org.apache.hadoop.ozone.protocol.proto.OzoneManagerProtocolProtos$OzoneManagerService$2.callBlockingMethod(OzoneManagerProtocolProtos.java)
	at org.apache.hadoop.ipc.ProtobufRpcEngine$Server$ProtoBufRpcInvoker.call(ProtobufRpcEngine.java:524)
	at org.apache.hadoop.ipc.RPC$Server.call(RPC.java:1025)
	at org.apache.hadoop.ipc.Server$RpcCall.run(Server.java:876)
	at org.apache.hadoop.ipc.Server$RpcCall.run(Server.java:822)
	at java.security.AccessController.doPrivileged(Native Method)
	at javax.security.auth.Subject.doAs(Subject.java:422)
	at org.apache.hadoop.security.UserGroupInformation.doAs(UserGroupInformation.java:1730)
	at org.apache.hadoop.ipc.Server$Handler.run(Server.java:2682)
, while invoking $Proxy48.submitRequest over nodeId=omNode-3,nodeAddress=127.0.0.1:13140 after 8 failover attempts. Trying to failover immediately.
2019-08-22 21:27:19,733 [grpc-default-executor-3] WARN  server.GrpcLogAppender (LogUtils.java:warn(134)) - omNode-3->omNode-2: Failed appendEntries: org.apache.ratis.thirdparty.io.grpc.StatusRuntimeException: UNAVAILABLE: io exception
2019-08-22 21:27:19,733 [grpc-default-executor-7] WARN  server.GrpcLogAppender (LogUtils.java:warn(134)) - omNode-3->omNode-1: Failed appendEntries: org.apache.ratis.thirdparty.io.grpc.StatusRuntimeException: UNAVAILABLE: io exception
2019-08-22 21:27:19,734 [grpc-default-executor-3] INFO  impl.FollowerInfo (FollowerInfo.java:lambda$new$0(50)) - omNode-3->omNode-2: nextIndex: updateUnconditionally 0 -> 0
2019-08-22 21:27:19,734 [grpc-default-executor-7] INFO  impl.FollowerInfo (FollowerInfo.java:lambda$new$0(50)) - omNode-3->omNode-1: nextIndex: updateUnconditionally 0 -> 0
2019-08-22 21:27:19,751 | INFO  | SCMAudit | user=jenkins1000 | ip=192.168.36.65 | op=SEND_HEARTBEAT {datanodeUUID=5c1d6db1-13a6-44c6-b93f-b1706e8ca29c, command=[]} | ret=SUCCESS |  
2019-08-22 21:27:20,234 [grpc-default-executor-4] WARN  server.GrpcLogAppender (LogUtils.java:warn(134)) - omNode-3->omNode-1: Failed appendEntries: org.apache.ratis.thirdparty.io.grpc.StatusRuntimeException: UNAVAILABLE: io exception
2019-08-22 21:27:20,234 [grpc-default-executor-5] WARN  server.GrpcLogAppender (LogUtils.java:warn(134)) - omNode-3->omNode-2: Failed appendEntries: org.apache.ratis.thirdparty.io.grpc.StatusRuntimeException: UNAVAILABLE: io exception
2019-08-22 21:27:20,235 [grpc-default-executor-4] INFO  impl.FollowerInfo (FollowerInfo.java:lambda$new$0(50)) - omNode-3->omNode-1: nextIndex: updateUnconditionally 0 -> 0
2019-08-22 21:27:20,235 [grpc-default-executor-5] INFO  impl.FollowerInfo (FollowerInfo.java:lambda$new$0(50)) - omNode-3->omNode-2: nextIndex: updateUnconditionally 0 -> 0
2019-08-22 21:27:20,307 [Thread-7213] INFO  ipc.Client (Client.java:handleConnectionFailure(948)) - Retrying connect to server: localhost/127.0.0.1:13128. Already tried 0 time(s); retry policy is RetryUpToMaximumCountWithFixedSleep(maxRetries=10, sleepTime=1000 MILLISECONDS)
2019-08-22 21:27:20,734 [grpc-default-executor-7] WARN  server.GrpcLogAppender (LogUtils.java:warn(134)) - omNode-3->omNode-1: Failed appendEntries: org.apache.ratis.thirdparty.io.grpc.StatusRuntimeException: UNAVAILABLE: io exception
2019-08-22 21:27:20,734 [grpc-default-executor-8] WARN  server.GrpcLogAppender (LogUtils.java:warn(134)) - omNode-3->omNode-2: Failed appendEntries: org.apache.ratis.thirdparty.io.grpc.StatusRuntimeException: UNAVAILABLE: io exception
2019-08-22 21:27:20,735 [grpc-default-executor-7] INFO  impl.FollowerInfo (FollowerInfo.java:lambda$new$0(50)) - omNode-3->omNode-1: nextIndex: updateUnconditionally 0 -> 0
2019-08-22 21:27:20,735 [grpc-default-executor-8] INFO  impl.FollowerInfo (FollowerInfo.java:lambda$new$0(50)) - omNode-3->omNode-2: nextIndex: updateUnconditionally 0 -> 0
2019-08-22 21:27:20,751 | INFO  | SCMAudit | user=jenkins1000 | ip=192.168.36.65 | op=SEND_HEARTBEAT {datanodeUUID=5c1d6db1-13a6-44c6-b93f-b1706e8ca29c, command=[]} | ret=SUCCESS |  
2019-08-22 21:27:21,236 [grpc-default-executor-8] WARN  server.GrpcLogAppender (LogUtils.java:warn(134)) - omNode-3->omNode-2: Failed appendEntries: org.apache.ratis.thirdparty.io.grpc.StatusRuntimeException: UNAVAILABLE: io exception
2019-08-22 21:27:21,236 [grpc-default-executor-7] WARN  server.GrpcLogAppender (LogUtils.java:warn(134)) - omNode-3->omNode-1: Failed appendEntries: org.apache.ratis.thirdparty.io.grpc.StatusRuntimeException: UNAVAILABLE: io exception
2019-08-22 21:27:21,236 [grpc-default-executor-8] INFO  impl.FollowerInfo (FollowerInfo.java:lambda$new$0(50)) - omNode-3->omNode-2: nextIndex: updateUnconditionally 0 -> 0
2019-08-22 21:27:21,236 [grpc-default-executor-7] INFO  impl.FollowerInfo (FollowerInfo.java:lambda$new$0(50)) - omNode-3->omNode-1: nextIndex: updateUnconditionally 0 -> 0
2019-08-22 21:27:21,310 [Thread-7213] INFO  ipc.Client (Client.java:handleConnectionFailure(948)) - Retrying connect to server: localhost/127.0.0.1:13128. Already tried 1 time(s); retry policy is RetryUpToMaximumCountWithFixedSleep(maxRetries=10, sleepTime=1000 MILLISECONDS)
2019-08-22 21:27:21,736 [grpc-default-executor-8] WARN  server.GrpcLogAppender (LogUtils.java:warn(134)) - omNode-3->omNode-1: Failed appendEntries: org.apache.ratis.thirdparty.io.grpc.StatusRuntimeException: UNAVAILABLE: io exception
2019-08-22 21:27:21,736 [grpc-default-executor-5] WARN  server.GrpcLogAppender (LogUtils.java:warn(134)) - omNode-3->omNode-2: Failed appendEntries: org.apache.ratis.thirdparty.io.grpc.StatusRuntimeException: UNAVAILABLE: io exception
2019-08-22 21:27:21,737 [grpc-default-executor-8] INFO  impl.FollowerInfo (FollowerInfo.java:lambda$new$0(50)) - omNode-3->omNode-1: nextIndex: updateUnconditionally 0 -> 0
2019-08-22 21:27:21,737 [grpc-default-executor-5] INFO  impl.FollowerInfo (FollowerInfo.java:lambda$new$0(50)) - omNode-3->omNode-2: nextIndex: updateUnconditionally 0 -> 0
2019-08-22 21:27:21,752 | INFO  | SCMAudit | user=jenkins1000 | ip=192.168.36.65 | op=SEND_HEARTBEAT {datanodeUUID=5c1d6db1-13a6-44c6-b93f-b1706e8ca29c, command=[]} | ret=SUCCESS |  
2019-08-22 21:27:22,237 [grpc-default-executor-8] WARN  server.GrpcLogAppender (LogUtils.java:warn(134)) - omNode-3->omNode-2: Failed appendEntries: org.apache.ratis.thirdparty.io.grpc.StatusRuntimeException: UNAVAILABLE: io exception
2019-08-22 21:27:22,237 [grpc-default-executor-4] WARN  server.GrpcLogAppender (LogUtils.java:warn(134)) - omNode-3->omNode-1: Failed appendEntries: org.apache.ratis.thirdparty.io.grpc.StatusRuntimeException: UNAVAILABLE: io exception
2019-08-22 21:27:22,237 [grpc-default-executor-8] INFO  impl.FollowerInfo (FollowerInfo.java:lambda$new$0(50)) - omNode-3->omNode-2: nextIndex: updateUnconditionally 0 -> 0
2019-08-22 21:27:22,237 [grpc-default-executor-4] INFO  impl.FollowerInfo (FollowerInfo.java:lambda$new$0(50)) - omNode-3->omNode-1: nextIndex: updateUnconditionally 0 -> 0
2019-08-22 21:27:22,314 [Thread-7213] INFO  ipc.Client (Client.java:handleConnectionFailure(948)) - Retrying connect to server: localhost/127.0.0.1:13128. Already tried 2 time(s); retry policy is RetryUpToMaximumCountWithFixedSleep(maxRetries=10, sleepTime=1000 MILLISECONDS)
2019-08-22 21:27:22,738 [grpc-default-executor-8] WARN  server.GrpcLogAppender (LogUtils.java:warn(134)) - omNode-3->omNode-1: Failed appendEntries: org.apache.ratis.thirdparty.io.grpc.StatusRuntimeException: UNAVAILABLE: io exception
2019-08-22 21:27:22,738 [grpc-default-executor-4] WARN  server.GrpcLogAppender (LogUtils.java:warn(134)) - omNode-3->omNode-2: Failed appendEntries: org.apache.ratis.thirdparty.io.grpc.StatusRuntimeException: UNAVAILABLE: io exception
2019-08-22 21:27:22,738 [grpc-default-executor-8] INFO  impl.FollowerInfo (FollowerInfo.java:lambda$new$0(50)) - omNode-3->omNode-1: nextIndex: updateUnconditionally 0 -> 0
2019-08-22 21:27:22,738 [grpc-default-executor-4] INFO  impl.FollowerInfo (FollowerInfo.java:lambda$new$0(50)) - omNode-3->omNode-2: nextIndex: updateUnconditionally 0 -> 0
2019-08-22 21:27:22,752 | INFO  | SCMAudit | user=jenkins1000 | ip=192.168.36.65 | op=SEND_HEARTBEAT {datanodeUUID=5c1d6db1-13a6-44c6-b93f-b1706e8ca29c, command=[]} | ret=SUCCESS |  
2019-08-22 21:27:23,238 [grpc-default-executor-4] WARN  server.GrpcLogAppender (LogUtils.java:warn(134)) - omNode-3->omNode-1: Failed appendEntries: org.apache.ratis.thirdparty.io.grpc.StatusRuntimeException: UNAVAILABLE: io exception
2019-08-22 21:27:23,238 [grpc-default-executor-8] WARN  server.GrpcLogAppender (LogUtils.java:warn(134)) - omNode-3->omNode-2: Failed appendEntries: org.apache.ratis.thirdparty.io.grpc.StatusRuntimeException: UNAVAILABLE: io exception
2019-08-22 21:27:23,239 [grpc-default-executor-4] INFO  impl.FollowerInfo (FollowerInfo.java:lambda$new$0(50)) - omNode-3->omNode-1: nextIndex: updateUnconditionally 0 -> 0
2019-08-22 21:27:23,239 [grpc-default-executor-8] INFO  impl.FollowerInfo (FollowerInfo.java:lambda$new$0(50)) - omNode-3->omNode-2: nextIndex: updateUnconditionally 0 -> 0
2019-08-22 21:27:23,318 [Thread-7213] INFO  ipc.Client (Client.java:handleConnectionFailure(948)) - Retrying connect to server: localhost/127.0.0.1:13128. Already tried 3 time(s); retry policy is RetryUpToMaximumCountWithFixedSleep(maxRetries=10, sleepTime=1000 MILLISECONDS)
2019-08-22 21:27:23,738 [grpc-default-executor-6] WARN  server.GrpcLogAppender (LogUtils.java:warn(134)) - omNode-3->omNode-1: Failed appendEntries: org.apache.ratis.thirdparty.io.grpc.StatusRuntimeException: UNAVAILABLE: io exception
2019-08-22 21:27:23,738 [grpc-default-executor-8] WARN  server.GrpcLogAppender (LogUtils.java:warn(134)) - omNode-3->omNode-2: Failed appendEntries: org.apache.ratis.thirdparty.io.grpc.StatusRuntimeException: UNAVAILABLE: io exception
2019-08-22 21:27:23,739 [grpc-default-executor-6] INFO  impl.FollowerInfo (FollowerInfo.java:lambda$new$0(50)) - omNode-3->omNode-1: nextIndex: updateUnconditionally 0 -> 0
2019-08-22 21:27:23,739 [grpc-default-executor-8] INFO  impl.FollowerInfo (FollowerInfo.java:lambda$new$0(50)) - omNode-3->omNode-2: nextIndex: updateUnconditionally 0 -> 0
2019-08-22 21:27:23,752 | INFO  | SCMAudit | user=jenkins1000 | ip=192.168.36.65 | op=SEND_HEARTBEAT {datanodeUUID=5c1d6db1-13a6-44c6-b93f-b1706e8ca29c, command=[]} | ret=SUCCESS |  
2019-08-22 21:27:24,239 [grpc-default-executor-8] WARN  server.GrpcLogAppender (LogUtils.java:warn(134)) - omNode-3->omNode-1: Failed appendEntries: org.apache.ratis.thirdparty.io.grpc.StatusRuntimeException: UNAVAILABLE: io exception
2019-08-22 21:27:24,240 [grpc-default-executor-6] WARN  server.GrpcLogAppender (LogUtils.java:warn(134)) - omNode-3->omNode-2: Failed appendEntries: org.apache.ratis.thirdparty.io.grpc.StatusRuntimeException: UNAVAILABLE: io exception
2019-08-22 21:27:24,240 [grpc-default-executor-8] INFO  impl.FollowerInfo (FollowerInfo.java:lambda$new$0(50)) - omNode-3->omNode-1: nextIndex: updateUnconditionally 0 -> 0
2019-08-22 21:27:24,240 [grpc-default-executor-6] INFO  impl.FollowerInfo (FollowerInfo.java:lambda$new$0(50)) - omNode-3->omNode-2: nextIndex: updateUnconditionally 0 -> 0
2019-08-22 21:27:24,321 [Thread-7213] INFO  ipc.Client (Client.java:handleConnectionFailure(948)) - Retrying connect to server: localhost/127.0.0.1:13128. Already tried 4 time(s); retry policy is RetryUpToMaximumCountWithFixedSleep(maxRetries=10, sleepTime=1000 MILLISECONDS)
2019-08-22 21:27:24,740 [grpc-default-executor-5] WARN  server.GrpcLogAppender (LogUtils.java:warn(134)) - omNode-3->omNode-2: Failed appendEntries: org.apache.ratis.thirdparty.io.grpc.StatusRuntimeException: UNAVAILABLE: io exception
2019-08-22 21:27:24,740 [grpc-default-executor-4] WARN  server.GrpcLogAppender (LogUtils.java:warn(134)) - omNode-3->omNode-1: Failed appendEntries: org.apache.ratis.thirdparty.io.grpc.StatusRuntimeException: UNAVAILABLE: io exception
2019-08-22 21:27:24,741 [grpc-default-executor-5] INFO  impl.FollowerInfo (FollowerInfo.java:lambda$new$0(50)) - omNode-3->omNode-2: nextIndex: updateUnconditionally 0 -> 0
2019-08-22 21:27:24,741 [grpc-default-executor-4] INFO  impl.FollowerInfo (FollowerInfo.java:lambda$new$0(50)) - omNode-3->omNode-1: nextIndex: updateUnconditionally 0 -> 0
2019-08-22 21:27:24,752 | INFO  | SCMAudit | user=jenkins1000 | ip=192.168.36.65 | op=SEND_HEARTBEAT {datanodeUUID=5c1d6db1-13a6-44c6-b93f-b1706e8ca29c, command=[]} | ret=SUCCESS |  
2019-08-22 21:27:25,240 [grpc-default-executor-5] WARN  server.GrpcLogAppender (LogUtils.java:warn(134)) - omNode-3->omNode-1: Failed appendEntries: org.apache.ratis.thirdparty.io.grpc.StatusRuntimeException: UNAVAILABLE: io exception
2019-08-22 21:27:25,240 [grpc-default-executor-7] WARN  server.GrpcLogAppender (LogUtils.java:warn(134)) - omNode-3->omNode-2: Failed appendEntries: org.apache.ratis.thirdparty.io.grpc.StatusRuntimeException: UNAVAILABLE: io exception
2019-08-22 21:27:25,240 [grpc-default-executor-5] INFO  impl.FollowerInfo (FollowerInfo.java:lambda$new$0(50)) - omNode-3->omNode-1: nextIndex: updateUnconditionally 0 -> 0
2019-08-22 21:27:25,241 [grpc-default-executor-7] INFO  impl.FollowerInfo (FollowerInfo.java:lambda$new$0(50)) - omNode-3->omNode-2: nextIndex: updateUnconditionally 0 -> 0
2019-08-22 21:27:25,325 [Thread-7213] INFO  ipc.Client (Client.java:handleConnectionFailure(948)) - Retrying connect to server: localhost/127.0.0.1:13128. Already tried 5 time(s); retry policy is RetryUpToMaximumCountWithFixedSleep(maxRetries=10, sleepTime=1000 MILLISECONDS)
2019-08-22 21:27:25,741 [grpc-default-executor-4] WARN  server.GrpcLogAppender (LogUtils.java:warn(134)) - omNode-3->omNode-1: Failed appendEntries: org.apache.ratis.thirdparty.io.grpc.StatusRuntimeException: UNAVAILABLE: io exception
2019-08-22 21:27:25,741 [grpc-default-executor-5] WARN  server.GrpcLogAppender (LogUtils.java:warn(134)) - omNode-3->omNode-2: Failed appendEntries: org.apache.ratis.thirdparty.io.grpc.StatusRuntimeException: UNAVAILABLE: io exception
2019-08-22 21:27:25,742 [grpc-default-executor-4] INFO  impl.FollowerInfo (FollowerInfo.java:lambda$new$0(50)) - omNode-3->omNode-1: nextIndex: updateUnconditionally 0 -> 0
2019-08-22 21:27:25,742 [grpc-default-executor-5] INFO  impl.FollowerInfo (FollowerInfo.java:lambda$new$0(50)) - omNode-3->omNode-2: nextIndex: updateUnconditionally 0 -> 0
2019-08-22 21:27:25,753 | INFO  | SCMAudit | user=jenkins1000 | ip=192.168.36.65 | op=SEND_HEARTBEAT {datanodeUUID=5c1d6db1-13a6-44c6-b93f-b1706e8ca29c, command=[]} | ret=SUCCESS |  
2019-08-22 21:27:26,242 [grpc-default-executor-8] WARN  server.GrpcLogAppender (LogUtils.java:warn(134)) - omNode-3->omNode-2: Failed appendEntries: org.apache.ratis.thirdparty.io.grpc.StatusRuntimeException: UNAVAILABLE: io exception
2019-08-22 21:27:26,242 [grpc-default-executor-5] WARN  server.GrpcLogAppender (LogUtils.java:warn(134)) - omNode-3->omNode-1: Failed appendEntries: org.apache.ratis.thirdparty.io.grpc.StatusRuntimeException: UNAVAILABLE: io exception
2019-08-22 21:27:26,243 [grpc-default-executor-8] INFO  impl.FollowerInfo (FollowerInfo.java:lambda$new$0(50)) - omNode-3->omNode-2: nextIndex: updateUnconditionally 0 -> 0
2019-08-22 21:27:26,243 [grpc-default-executor-5] INFO  impl.FollowerInfo (FollowerInfo.java:lambda$new$0(50)) - omNode-3->omNode-1: nextIndex: updateUnconditionally 0 -> 0
2019-08-22 21:27:26,328 [Thread-7213] INFO  ipc.Client (Client.java:handleConnectionFailure(948)) - Retrying connect to server: localhost/127.0.0.1:13128. Already tried 6 time(s); retry policy is RetryUpToMaximumCountWithFixedSleep(maxRetries=10, sleepTime=1000 MILLISECONDS)
2019-08-22 21:27:26,743 [grpc-default-executor-5] WARN  server.GrpcLogAppender (LogUtils.java:warn(134)) - omNode-3->omNode-2: Failed appendEntries: org.apache.ratis.thirdparty.io.grpc.StatusRuntimeException: UNAVAILABLE: io exception
2019-08-22 21:27:26,743 [grpc-default-executor-4] WARN  server.GrpcLogAppender (LogUtils.java:warn(134)) - omNode-3->omNode-1: Failed appendEntries: org.apache.ratis.thirdparty.io.grpc.StatusRuntimeException: UNAVAILABLE: io exception
2019-08-22 21:27:26,743 [grpc-default-executor-5] INFO  impl.FollowerInfo (FollowerInfo.java:lambda$new$0(50)) - omNode-3->omNode-2: nextIndex: updateUnconditionally 0 -> 0
2019-08-22 21:27:26,744 [grpc-default-executor-4] INFO  impl.FollowerInfo (FollowerInfo.java:lambda$new$0(50)) - omNode-3->omNode-1: nextIndex: updateUnconditionally 0 -> 0
2019-08-22 21:27:26,753 | INFO  | SCMAudit | user=jenkins1000 | ip=192.168.36.65 | op=SEND_HEARTBEAT {datanodeUUID=5c1d6db1-13a6-44c6-b93f-b1706e8ca29c, command=[]} | ret=SUCCESS |  
2019-08-22 21:27:27,243 [grpc-default-executor-5] WARN  server.GrpcLogAppender (LogUtils.java:warn(134)) - omNode-3->omNode-2: Failed appendEntries: org.apache.ratis.thirdparty.io.grpc.StatusRuntimeException: UNAVAILABLE: io exception
2019-08-22 21:27:27,243 [grpc-default-executor-4] WARN  server.GrpcLogAppender (LogUtils.java:warn(134)) - omNode-3->omNode-1: Failed appendEntries: org.apache.ratis.thirdparty.io.grpc.StatusRuntimeException: UNAVAILABLE: io exception
2019-08-22 21:27:27,244 [grpc-default-executor-5] INFO  impl.FollowerInfo (FollowerInfo.java:lambda$new$0(50)) - omNode-3->omNode-2: nextIndex: updateUnconditionally 0 -> 0
2019-08-22 21:27:27,244 [grpc-default-executor-4] INFO  impl.FollowerInfo (FollowerInfo.java:lambda$new$0(50)) - omNode-3->omNode-1: nextIndex: updateUnconditionally 0 -> 0
2019-08-22 21:27:27,329 [Thread-7213] INFO  ipc.Client (Client.java:handleConnectionFailure(948)) - Retrying connect to server: localhost/127.0.0.1:13128. Already tried 7 time(s); retry policy is RetryUpToMaximumCountWithFixedSleep(maxRetries=10, sleepTime=1000 MILLISECONDS)
2019-08-22 21:27:27,744 [grpc-default-executor-5] WARN  server.GrpcLogAppender (LogUtils.java:warn(134)) - omNode-3->omNode-1: Failed appendEntries: org.apache.ratis.thirdparty.io.grpc.StatusRuntimeException: UNAVAILABLE: io exception
2019-08-22 21:27:27,744 [grpc-default-executor-4] WARN  server.GrpcLogAppender (LogUtils.java:warn(134)) - omNode-3->omNode-2: Failed appendEntries: org.apache.ratis.thirdparty.io.grpc.StatusRuntimeException: UNAVAILABLE: io exception
2019-08-22 21:27:27,744 [grpc-default-executor-5] INFO  impl.FollowerInfo (FollowerInfo.java:lambda$new$0(50)) - omNode-3->omNode-1: nextIndex: updateUnconditionally 0 -> 0
2019-08-22 21:27:27,744 [grpc-default-executor-4] INFO  impl.FollowerInfo (FollowerInfo.java:lambda$new$0(50)) - omNode-3->omNode-2: nextIndex: updateUnconditionally 0 -> 0
2019-08-22 21:27:27,752 | INFO  | SCMAudit | user=jenkins1000 | ip=192.168.36.65 | op=SEND_HEARTBEAT {datanodeUUID=5c1d6db1-13a6-44c6-b93f-b1706e8ca29c, command=[]} | ret=SUCCESS |  
2019-08-22 21:27:28,245 [grpc-default-executor-4] WARN  server.GrpcLogAppender (LogUtils.java:warn(134)) - omNode-3->omNode-2: Failed appendEntries: org.apache.ratis.thirdparty.io.grpc.StatusRuntimeException: UNAVAILABLE: io exception
2019-08-22 21:27:28,245 [grpc-default-executor-5] WARN  server.GrpcLogAppender (LogUtils.java:warn(134)) - omNode-3->omNode-1: Failed appendEntries: org.apache.ratis.thirdparty.io.grpc.StatusRuntimeException: UNAVAILABLE: io exception
2019-08-22 21:27:28,245 [grpc-default-executor-4] INFO  impl.FollowerInfo (FollowerInfo.java:lambda$new$0(50)) - omNode-3->omNode-2: nextIndex: updateUnconditionally 0 -> 0
2019-08-22 21:27:28,245 [grpc-default-executor-5] INFO  impl.FollowerInfo (FollowerInfo.java:lambda$new$0(50)) - omNode-3->omNode-1: nextIndex: updateUnconditionally 0 -> 0
2019-08-22 21:27:28,330 [Thread-7213] INFO  ipc.Client (Client.java:handleConnectionFailure(948)) - Retrying connect to server: localhost/127.0.0.1:13128. Already tried 8 time(s); retry policy is RetryUpToMaximumCountWithFixedSleep(maxRetries=10, sleepTime=1000 MILLISECONDS)
2019-08-22 21:27:28,746 [grpc-default-executor-6] WARN  server.GrpcLogAppender (LogUtils.java:warn(134)) - omNode-3->omNode-2: Failed appendEntries: org.apache.ratis.thirdparty.io.grpc.StatusRuntimeException: UNAVAILABLE: io exception
2019-08-22 21:27:28,746 [grpc-default-executor-5] WARN  server.GrpcLogAppender (LogUtils.java:warn(134)) - omNode-3->omNode-1: Failed appendEntries: org.apache.ratis.thirdparty.io.grpc.StatusRuntimeException: UNAVAILABLE: io exception
2019-08-22 21:27:28,746 [grpc-default-executor-6] INFO  impl.FollowerInfo (FollowerInfo.java:lambda$new$0(50)) - omNode-3->omNode-2: nextIndex: updateUnconditionally 0 -> 0
2019-08-22 21:27:28,746 [grpc-default-executor-5] INFO  impl.FollowerInfo (FollowerInfo.java:lambda$new$0(50)) - omNode-3->omNode-1: nextIndex: updateUnconditionally 0 -> 0
2019-08-22 21:27:28,753 | INFO  | SCMAudit | user=jenkins1000 | ip=192.168.36.65 | op=SEND_HEARTBEAT {datanodeUUID=5c1d6db1-13a6-44c6-b93f-b1706e8ca29c, command=[]} | ret=SUCCESS |  
2019-08-22 21:27:29,246 [grpc-default-executor-8] WARN  server.GrpcLogAppender (LogUtils.java:warn(134)) - omNode-3->omNode-1: Failed appendEntries: org.apache.ratis.thirdparty.io.grpc.StatusRuntimeException: UNAVAILABLE: io exception
2019-08-22 21:27:29,246 [grpc-default-executor-6] WARN  server.GrpcLogAppender (LogUtils.java:warn(134)) - omNode-3->omNode-2: Failed appendEntries: org.apache.ratis.thirdparty.io.grpc.StatusRuntimeException: UNAVAILABLE: io exception
2019-08-22 21:27:29,247 [grpc-default-executor-8] INFO  impl.FollowerInfo (FollowerInfo.java:lambda$new$0(50)) - omNode-3->omNode-1: nextIndex: updateUnconditionally 0 -> 0
2019-08-22 21:27:29,247 [grpc-default-executor-6] INFO  impl.FollowerInfo (FollowerInfo.java:lambda$new$0(50)) - omNode-3->omNode-2: nextIndex: updateUnconditionally 0 -> 0
2019-08-22 21:27:29,331 [Thread-7213] INFO  ipc.Client (Client.java:handleConnectionFailure(948)) - Retrying connect to server: localhost/127.0.0.1:13128. Already tried 9 time(s); retry policy is RetryUpToMaximumCountWithFixedSleep(maxRetries=10, sleepTime=1000 MILLISECONDS)
2019-08-22 21:27:29,334 [Thread-7213] INFO  retry.RetryInvocationHandler (RetryInvocationHandler.java:log(411)) - com.google.protobuf.ServiceException: java.net.ConnectException: Call From pr-hdds-1975-qxxlx-297662434/192.168.36.65 to localhost:13128 failed on connection exception: java.net.ConnectException: Connection refused; For more details see:  http://wiki.apache.org/hadoop/ConnectionRefused, while invoking $Proxy48.submitRequest over nodeId=omNode-1,nodeAddress=127.0.0.1:13128 after 9 failover attempts. Trying to failover immediately.
2019-08-22 21:27:29,747 [grpc-default-executor-7] WARN  server.GrpcLogAppender (LogUtils.java:warn(134)) - omNode-3->omNode-2: Failed appendEntries: org.apache.ratis.thirdparty.io.grpc.StatusRuntimeException: UNAVAILABLE: io exception
2019-08-22 21:27:29,747 [grpc-default-executor-8] WARN  server.GrpcLogAppender (LogUtils.java:warn(134)) - omNode-3->omNode-1: Failed appendEntries: org.apache.ratis.thirdparty.io.grpc.StatusRuntimeException: UNAVAILABLE: io exception
2019-08-22 21:27:29,747 [grpc-default-executor-7] INFO  impl.FollowerInfo (FollowerInfo.java:lambda$new$0(50)) - omNode-3->omNode-2: nextIndex: updateUnconditionally 0 -> 0
2019-08-22 21:27:29,747 [grpc-default-executor-8] INFO  impl.FollowerInfo (FollowerInfo.java:lambda$new$0(50)) - omNode-3->omNode-1: nextIndex: updateUnconditionally 0 -> 0
2019-08-22 21:27:29,753 | INFO  | SCMAudit | user=jenkins1000 | ip=192.168.36.65 | op=SEND_HEARTBEAT {datanodeUUID=5c1d6db1-13a6-44c6-b93f-b1706e8ca29c, command=[]} | ret=SUCCESS |  
2019-08-22 21:27:30,247 [grpc-default-executor-8] WARN  server.GrpcLogAppender (LogUtils.java:warn(134)) - omNode-3->omNode-1: Failed appendEntries: org.apache.ratis.thirdparty.io.grpc.StatusRuntimeException: UNAVAILABLE: io exception
2019-08-22 21:27:30,247 [grpc-default-executor-7] WARN  server.GrpcLogAppender (LogUtils.java:warn(134)) - omNode-3->omNode-2: Failed appendEntries: org.apache.ratis.thirdparty.io.grpc.StatusRuntimeException: UNAVAILABLE: io exception
2019-08-22 21:27:30,248 [grpc-default-executor-8] INFO  impl.FollowerInfo (FollowerInfo.java:lambda$new$0(50)) - omNode-3->omNode-1: nextIndex: updateUnconditionally 0 -> 0
2019-08-22 21:27:30,248 [grpc-default-executor-7] INFO  impl.FollowerInfo (FollowerInfo.java:lambda$new$0(50)) - omNode-3->omNode-2: nextIndex: updateUnconditionally 0 -> 0
2019-08-22 21:27:30,335 [Thread-7213] INFO  ipc.Client (Client.java:handleConnectionFailure(948)) - Retrying connect to server: localhost/127.0.0.1:13134. Already tried 0 time(s); retry policy is RetryUpToMaximumCountWithFixedSleep(maxRetries=10, sleepTime=1000 MILLISECONDS)
2019-08-22 21:27:30,748 [grpc-default-executor-7] WARN  server.GrpcLogAppender (LogUtils.java:warn(134)) - omNode-3->omNode-2: Failed appendEntries: org.apache.ratis.thirdparty.io.grpc.StatusRuntimeException: UNAVAILABLE: io exception
2019-08-22 21:27:30,748 [grpc-default-executor-8] WARN  server.GrpcLogAppender (LogUtils.java:warn(134)) - omNode-3->omNode-1: Failed appendEntries: org.apache.ratis.thirdparty.io.grpc.StatusRuntimeException: UNAVAILABLE: io exception
2019-08-22 21:27:30,748 [grpc-default-executor-7] INFO  impl.FollowerInfo (FollowerInfo.java:lambda$new$0(50)) - omNode-3->omNode-2: nextIndex: updateUnconditionally 0 -> 0
2019-08-22 21:27:30,749 [grpc-default-executor-8] INFO  impl.FollowerInfo (FollowerInfo.java:lambda$new$0(50)) - omNode-3->omNode-1: nextIndex: updateUnconditionally 0 -> 0
2019-08-22 21:27:30,753 | INFO  | SCMAudit | user=jenkins1000 | ip=192.168.36.65 | op=SEND_HEARTBEAT {datanodeUUID=5c1d6db1-13a6-44c6-b93f-b1706e8ca29c, command=[]} | ret=SUCCESS |  
2019-08-22 21:27:31,249 [grpc-default-executor-7] WARN  server.GrpcLogAppender (LogUtils.java:warn(134)) - omNode-3->omNode-1: Failed appendEntries: org.apache.ratis.thirdparty.io.grpc.StatusRuntimeException: UNAVAILABLE: io exception
2019-08-22 21:27:31,249 [grpc-default-executor-6] WARN  server.GrpcLogAppender (LogUtils.java:warn(134)) - omNode-3->omNode-2: Failed appendEntries: org.apache.ratis.thirdparty.io.grpc.StatusRuntimeException: UNAVAILABLE: io exception
2019-08-22 21:27:31,249 [grpc-default-executor-7] INFO  impl.FollowerInfo (FollowerInfo.java:lambda$new$0(50)) - omNode-3->omNode-1: nextIndex: updateUnconditionally 0 -> 0
2019-08-22 21:27:31,250 [grpc-default-executor-6] INFO  impl.FollowerInfo (FollowerInfo.java:lambda$new$0(50)) - omNode-3->omNode-2: nextIndex: updateUnconditionally 0 -> 0
2019-08-22 21:27:31,336 [Thread-7213] INFO  ipc.Client (Client.java:handleConnectionFailure(948)) - Retrying connect to server: localhost/127.0.0.1:13134. Already tried 1 time(s); retry policy is RetryUpToMaximumCountWithFixedSleep(maxRetries=10, sleepTime=1000 MILLISECONDS)
2019-08-22 21:27:31,750 [grpc-default-executor-6] WARN  server.GrpcLogAppender (LogUtils.java:warn(134)) - omNode-3->omNode-1: Failed appendEntries: org.apache.ratis.thirdparty.io.grpc.StatusRuntimeException: UNAVAILABLE: io exception
2019-08-22 21:27:31,750 [grpc-default-executor-7] WARN  server.GrpcLogAppender (LogUtils.java:warn(134)) - omNode-3->omNode-2: Failed appendEntries: org.apache.ratis.thirdparty.io.grpc.StatusRuntimeException: UNAVAILABLE: io exception
2019-08-22 21:27:31,750 [grpc-default-executor-6] INFO  impl.FollowerInfo (FollowerInfo.java:lambda$new$0(50)) - omNode-3->omNode-1: nextIndex: updateUnconditionally 0 -> 0
2019-08-22 21:27:31,750 [grpc-default-executor-7] INFO  impl.FollowerInfo (FollowerInfo.java:lambda$new$0(50)) - omNode-3->omNode-2: nextIndex: updateUnconditionally 0 -> 0
2019-08-22 21:27:31,753 | INFO  | SCMAudit | user=jenkins1000 | ip=192.168.36.65 | op=SEND_HEARTBEAT {datanodeUUID=5c1d6db1-13a6-44c6-b93f-b1706e8ca29c, command=[]} | ret=SUCCESS |  
2019-08-22 21:27:32,251 [grpc-default-executor-7] WARN  server.GrpcLogAppender (LogUtils.java:warn(134)) - omNode-3->omNode-1: Failed appendEntries: org.apache.ratis.thirdparty.io.grpc.StatusRuntimeException: UNAVAILABLE: io exception
2019-08-22 21:27:32,251 [grpc-default-executor-6] WARN  server.GrpcLogAppender (LogUtils.java:warn(134)) - omNode-3->omNode-2: Failed appendEntries: org.apache.ratis.thirdparty.io.grpc.StatusRuntimeException: UNAVAILABLE: io exception
2019-08-22 21:27:32,251 [grpc-default-executor-7] INFO  impl.FollowerInfo (FollowerInfo.java:lambda$new$0(50)) - omNode-3->omNode-1: nextIndex: updateUnconditionally 0 -> 0
2019-08-22 21:27:32,251 [grpc-default-executor-6] INFO  impl.FollowerInfo (FollowerInfo.java:lambda$new$0(50)) - omNode-3->omNode-2: nextIndex: updateUnconditionally 0 -> 0
2019-08-22 21:27:32,337 [Thread-7213] INFO  ipc.Client (Client.java:handleConnectionFailure(948)) - Retrying connect to server: localhost/127.0.0.1:13134. Already tried 2 time(s); retry policy is RetryUpToMaximumCountWithFixedSleep(maxRetries=10, sleepTime=1000 MILLISECONDS)
2019-08-22 21:27:32,751 [grpc-default-executor-4] WARN  server.GrpcLogAppender (LogUtils.java:warn(134)) - omNode-3->omNode-2: Failed appendEntries: org.apache.ratis.thirdparty.io.grpc.StatusRuntimeException: UNAVAILABLE: io exception
2019-08-22 21:27:32,751 [grpc-default-executor-8] WARN  server.GrpcLogAppender (LogUtils.java:warn(134)) - omNode-3->omNode-1: Failed appendEntries: org.apache.ratis.thirdparty.io.grpc.StatusRuntimeException: UNAVAILABLE: io exception
2019-08-22 21:27:32,751 [grpc-default-executor-4] INFO  impl.FollowerInfo (FollowerInfo.java:lambda$new$0(50)) - omNode-3->omNode-2: nextIndex: updateUnconditionally 0 -> 0
2019-08-22 21:27:32,751 [grpc-default-executor-8] INFO  impl.FollowerInfo (FollowerInfo.java:lambda$new$0(50)) - omNode-3->omNode-1: nextIndex: updateUnconditionally 0 -> 0
2019-08-22 21:27:32,753 | INFO  | SCMAudit | user=jenkins1000 | ip=192.168.36.65 | op=SEND_HEARTBEAT {datanodeUUID=5c1d6db1-13a6-44c6-b93f-b1706e8ca29c, command=[]} | ret=SUCCESS |  
2019-08-22 21:27:33,252 [grpc-default-executor-7] WARN  server.GrpcLogAppender (LogUtils.java:warn(134)) - omNode-3->omNode-2: Failed appendEntries: org.apache.ratis.thirdparty.io.grpc.StatusRuntimeException: UNAVAILABLE: io exception
2019-08-22 21:27:33,252 [grpc-default-executor-8] WARN  server.GrpcLogAppender (LogUtils.java:warn(134)) - omNode-3->omNode-1: Failed appendEntries: org.apache.ratis.thirdparty.io.grpc.StatusRuntimeException: UNAVAILABLE: io exception
2019-08-22 21:27:33,252 [grpc-default-executor-7] INFO  impl.FollowerInfo (FollowerInfo.java:lambda$new$0(50)) - omNode-3->omNode-2: nextIndex: updateUnconditionally 0 -> 0
2019-08-22 21:27:33,252 [grpc-default-executor-8] INFO  impl.FollowerInfo (FollowerInfo.java:lambda$new$0(50)) - omNode-3->omNode-1: nextIndex: updateUnconditionally 0 -> 0
2019-08-22 21:27:33,338 [Thread-7213] INFO  ipc.Client (Client.java:handleConnectionFailure(948)) - Retrying connect to server: localhost/127.0.0.1:13134. Already tried 3 time(s); retry policy is RetryUpToMaximumCountWithFixedSleep(maxRetries=10, sleepTime=1000 MILLISECONDS)
2019-08-22 21:27:33,752 [grpc-default-executor-8] WARN  server.GrpcLogAppender (LogUtils.java:warn(134)) - omNode-3->omNode-1: Failed appendEntries: org.apache.ratis.thirdparty.io.grpc.StatusRuntimeException: UNAVAILABLE: io exception
2019-08-22 21:27:33,752 [grpc-default-executor-5] WARN  server.GrpcLogAppender (LogUtils.java:warn(134)) - omNode-3->omNode-2: Failed appendEntries: org.apache.ratis.thirdparty.io.grpc.StatusRuntimeException: UNAVAILABLE: io exception
2019-08-22 21:27:33,752 [grpc-default-executor-8] INFO  impl.FollowerInfo (FollowerInfo.java:lambda$new$0(50)) - omNode-3->omNode-1: nextIndex: updateUnconditionally 0 -> 0
2019-08-22 21:27:33,752 [grpc-default-executor-5] INFO  impl.FollowerInfo (FollowerInfo.java:lambda$new$0(50)) - omNode-3->omNode-2: nextIndex: updateUnconditionally 0 -> 0
2019-08-22 21:27:33,753 | INFO  | SCMAudit | user=jenkins1000 | ip=192.168.36.65 | op=SEND_HEARTBEAT {datanodeUUID=5c1d6db1-13a6-44c6-b93f-b1706e8ca29c, command=[]} | ret=SUCCESS |  
2019-08-22 21:27:34,253 [grpc-default-executor-6] WARN  server.GrpcLogAppender (LogUtils.java:warn(134)) - omNode-3->omNode-2: Failed appendEntries: org.apache.ratis.thirdparty.io.grpc.StatusRuntimeException: UNAVAILABLE: io exception
2019-08-22 21:27:34,253 [grpc-default-executor-8] WARN  server.GrpcLogAppender (LogUtils.java:warn(134)) - omNode-3->omNode-1: Failed appendEntries: org.apache.ratis.thirdparty.io.grpc.StatusRuntimeException: UNAVAILABLE: io exception
2019-08-22 21:27:34,253 [grpc-default-executor-6] INFO  impl.FollowerInfo (FollowerInfo.java:lambda$new$0(50)) - omNode-3->omNode-2: nextIndex: updateUnconditionally 0 -> 0
2019-08-22 21:27:34,253 [grpc-default-executor-8] INFO  impl.FollowerInfo (FollowerInfo.java:lambda$new$0(50)) - omNode-3->omNode-1: nextIndex: updateUnconditionally 0 -> 0
2019-08-22 21:27:34,339 [Thread-7213] INFO  ipc.Client (Client.java:handleConnectionFailure(948)) - Retrying connect to server: localhost/127.0.0.1:13134. Already tried 4 time(s); retry policy is RetryUpToMaximumCountWithFixedSleep(maxRetries=10, sleepTime=1000 MILLISECONDS)
2019-08-22 21:27:34,753 | INFO  | SCMAudit | user=jenkins1000 | ip=192.168.36.65 | op=SEND_HEARTBEAT {datanodeUUID=5c1d6db1-13a6-44c6-b93f-b1706e8ca29c, command=[]} | ret=SUCCESS |  
2019-08-22 21:27:34,753 [grpc-default-executor-6] WARN  server.GrpcLogAppender (LogUtils.java:warn(134)) - omNode-3->omNode-2: Failed appendEntries: org.apache.ratis.thirdparty.io.grpc.StatusRuntimeException: UNAVAILABLE: io exception
2019-08-22 21:27:34,753 [grpc-default-executor-7] WARN  server.GrpcLogAppender (LogUtils.java:warn(134)) - omNode-3->omNode-1: Failed appendEntries: org.apache.ratis.thirdparty.io.grpc.StatusRuntimeException: UNAVAILABLE: io exception
2019-08-22 21:27:34,754 [grpc-default-executor-6] INFO  impl.FollowerInfo (FollowerInfo.java:lambda$new$0(50)) - omNode-3->omNode-2: nextIndex: updateUnconditionally 0 -> 0
2019-08-22 21:27:34,754 [grpc-default-executor-7] INFO  impl.FollowerInfo (FollowerInfo.java:lambda$new$0(50)) - omNode-3->omNode-1: nextIndex: updateUnconditionally 0 -> 0
2019-08-22 21:27:35,254 [grpc-default-executor-7] WARN  server.GrpcLogAppender (LogUtils.java:warn(134)) - omNode-3->omNode-1: Failed appendEntries: org.apache.ratis.thirdparty.io.grpc.StatusRuntimeException: UNAVAILABLE: io exception
2019-08-22 21:27:35,254 [grpc-default-executor-6] WARN  server.GrpcLogAppender (LogUtils.java:warn(134)) - omNode-3->omNode-2: Failed appendEntries: org.apache.ratis.thirdparty.io.grpc.StatusRuntimeException: UNAVAILABLE: io exception
2019-08-22 21:27:35,255 [grpc-default-executor-7] INFO  impl.FollowerInfo (FollowerInfo.java:lambda$new$0(50)) - omNode-3->omNode-1: nextIndex: updateUnconditionally 0 -> 0
2019-08-22 21:27:35,255 [grpc-default-executor-6] INFO  impl.FollowerInfo (FollowerInfo.java:lambda$new$0(50)) - omNode-3->omNode-2: nextIndex: updateUnconditionally 0 -> 0
2019-08-22 21:27:35,340 [Thread-7213] INFO  ipc.Client (Client.java:handleConnectionFailure(948)) - Retrying connect to server: localhost/127.0.0.1:13134. Already tried 5 time(s); retry policy is RetryUpToMaximumCountWithFixedSleep(maxRetries=10, sleepTime=1000 MILLISECONDS)
2019-08-22 21:27:35,753 | INFO  | SCMAudit | user=jenkins1000 | ip=192.168.36.65 | op=SEND_HEARTBEAT {datanodeUUID=5c1d6db1-13a6-44c6-b93f-b1706e8ca29c, command=[]} | ret=SUCCESS |  
2019-08-22 21:27:35,755 [grpc-default-executor-6] WARN  server.GrpcLogAppender (LogUtils.java:warn(134)) - omNode-3->omNode-2: Failed appendEntries: org.apache.ratis.thirdparty.io.grpc.StatusRuntimeException: UNAVAILABLE: io exception
2019-08-22 21:27:35,755 [grpc-default-executor-7] WARN  server.GrpcLogAppender (LogUtils.java:warn(134)) - omNode-3->omNode-1: Failed appendEntries: org.apache.ratis.thirdparty.io.grpc.StatusRuntimeException: UNAVAILABLE: io exception
2019-08-22 21:27:35,755 [grpc-default-executor-6] INFO  impl.FollowerInfo (FollowerInfo.java:lambda$new$0(50)) - omNode-3->omNode-2: nextIndex: updateUnconditionally 0 -> 0
2019-08-22 21:27:35,755 [grpc-default-executor-7] INFO  impl.FollowerInfo (FollowerInfo.java:lambda$new$0(50)) - omNode-3->omNode-1: nextIndex: updateUnconditionally 0 -> 0
2019-08-22 21:27:36,255 [grpc-default-executor-7] WARN  server.GrpcLogAppender (LogUtils.java:warn(134)) - omNode-3->omNode-1: Failed appendEntries: org.apache.ratis.thirdparty.io.grpc.StatusRuntimeException: UNAVAILABLE: io exception
2019-08-22 21:27:36,255 [grpc-default-executor-8] WARN  server.GrpcLogAppender (LogUtils.java:warn(134)) - omNode-3->omNode-2: Failed appendEntries: org.apache.ratis.thirdparty.io.grpc.StatusRuntimeException: UNAVAILABLE: io exception
2019-08-22 21:27:36,256 [grpc-default-executor-7] INFO  impl.FollowerInfo (FollowerInfo.java:lambda$new$0(50)) - omNode-3->omNode-1: nextIndex: updateUnconditionally 0 -> 0
2019-08-22 21:27:36,256 [grpc-default-executor-8] INFO  impl.FollowerInfo (FollowerInfo.java:lambda$new$0(50)) - omNode-3->omNode-2: nextIndex: updateUnconditionally 0 -> 0
2019-08-22 21:27:36,341 [Thread-7213] INFO  ipc.Client (Client.java:handleConnectionFailure(948)) - Retrying connect to server: localhost/127.0.0.1:13134. Already tried 6 time(s); retry policy is RetryUpToMaximumCountWithFixedSleep(maxRetries=10, sleepTime=1000 MILLISECONDS)
2019-08-22 21:27:36,753 | INFO  | SCMAudit | user=jenkins1000 | ip=192.168.36.65 | op=SEND_HEARTBEAT {datanodeUUID=5c1d6db1-13a6-44c6-b93f-b1706e8ca29c, command=[]} | ret=SUCCESS |  
2019-08-22 21:27:36,756 [grpc-default-executor-6] WARN  server.GrpcLogAppender (LogUtils.java:warn(134)) - omNode-3->omNode-1: Failed appendEntries: org.apache.ratis.thirdparty.io.grpc.StatusRuntimeException: UNAVAILABLE: io exception
2019-08-22 21:27:36,756 [grpc-default-executor-3] WARN  server.GrpcLogAppender (LogUtils.java:warn(134)) - omNode-3->omNode-2: Failed appendEntries: org.apache.ratis.thirdparty.io.grpc.StatusRuntimeException: UNAVAILABLE: io exception
2019-08-22 21:27:36,756 [grpc-default-executor-6] INFO  impl.FollowerInfo (FollowerInfo.java:lambda$new$0(50)) - omNode-3->omNode-1: nextIndex: updateUnconditionally 0 -> 0
2019-08-22 21:27:36,757 [grpc-default-executor-3] INFO  impl.FollowerInfo (FollowerInfo.java:lambda$new$0(50)) - omNode-3->omNode-2: nextIndex: updateUnconditionally 0 -> 0
2019-08-22 21:27:37,257 [grpc-default-executor-3] WARN  server.GrpcLogAppender (LogUtils.java:warn(134)) - omNode-3->omNode-1: Failed appendEntries: org.apache.ratis.thirdparty.io.grpc.StatusRuntimeException: UNAVAILABLE: io exception
2019-08-22 21:27:37,257 [grpc-default-executor-8] WARN  server.GrpcLogAppender (LogUtils.java:warn(134)) - omNode-3->omNode-2: Failed appendEntries: org.apache.ratis.thirdparty.io.grpc.StatusRuntimeException: UNAVAILABLE: io exception
2019-08-22 21:27:37,257 [grpc-default-executor-3] INFO  impl.FollowerInfo (FollowerInfo.java:lambda$new$0(50)) - omNode-3->omNode-1: nextIndex: updateUnconditionally 0 -> 0
2019-08-22 21:27:37,258 [grpc-default-executor-8] INFO  impl.FollowerInfo (FollowerInfo.java:lambda$new$0(50)) - omNode-3->omNode-2: nextIndex: updateUnconditionally 0 -> 0
2019-08-22 21:27:37,342 [Thread-7213] INFO  ipc.Client (Client.java:handleConnectionFailure(948)) - Retrying connect to server: localhost/127.0.0.1:13134. Already tried 7 time(s); retry policy is RetryUpToMaximumCountWithFixedSleep(maxRetries=10, sleepTime=1000 MILLISECONDS)
2019-08-22 21:27:37,753 | INFO  | SCMAudit | user=jenkins1000 | ip=192.168.36.65 | op=SEND_HEARTBEAT {datanodeUUID=5c1d6db1-13a6-44c6-b93f-b1706e8ca29c, command=[]} | ret=SUCCESS |  
2019-08-22 21:27:37,757 [grpc-default-executor-3] WARN  server.GrpcLogAppender (LogUtils.java:warn(134)) - omNode-3->omNode-1: Failed appendEntries: org.apache.ratis.thirdparty.io.grpc.StatusRuntimeException: UNAVAILABLE: io exception
2019-08-22 21:27:37,757 [grpc-default-executor-8] WARN  server.GrpcLogAppender (LogUtils.java:warn(134)) - omNode-3->omNode-2: Failed appendEntries: org.apache.ratis.thirdparty.io.grpc.StatusRuntimeException: UNAVAILABLE: io exception
2019-08-22 21:27:37,758 [grpc-default-executor-3] INFO  impl.FollowerInfo (FollowerInfo.java:lambda$new$0(50)) - omNode-3->omNode-1: nextIndex: updateUnconditionally 0 -> 0
2019-08-22 21:27:37,758 [grpc-default-executor-8] INFO  impl.FollowerInfo (FollowerInfo.java:lambda$new$0(50)) - omNode-3->omNode-2: nextIndex: updateUnconditionally 0 -> 0
2019-08-22 21:27:38,258 [grpc-default-executor-5] WARN  server.GrpcLogAppender (LogUtils.java:warn(134)) - omNode-3->omNode-1: Failed appendEntries: org.apache.ratis.thirdparty.io.grpc.StatusRuntimeException: UNAVAILABLE: io exception
2019-08-22 21:27:38,258 [grpc-default-executor-4] WARN  server.GrpcLogAppender (LogUtils.java:warn(134)) - omNode-3->omNode-2: Failed appendEntries: org.apache.ratis.thirdparty.io.grpc.StatusRuntimeException: UNAVAILABLE: io exception
2019-08-22 21:27:38,258 [grpc-default-executor-5] INFO  impl.FollowerInfo (FollowerInfo.java:lambda$new$0(50)) - omNode-3->omNode-1: nextIndex: updateUnconditionally 0 -> 0
2019-08-22 21:27:38,258 [grpc-default-executor-4] INFO  impl.FollowerInfo (FollowerInfo.java:lambda$new$0(50)) - omNode-3->omNode-2: nextIndex: updateUnconditionally 0 -> 0
2019-08-22 21:27:38,343 [Thread-7213] INFO  ipc.Client (Client.java:handleConnectionFailure(948)) - Retrying connect to server: localhost/127.0.0.1:13134. Already tried 8 time(s); retry policy is RetryUpToMaximumCountWithFixedSleep(maxRetries=10, sleepTime=1000 MILLISECONDS)
2019-08-22 21:27:38,754 | INFO  | SCMAudit | user=jenkins1000 | ip=192.168.36.65 | op=SEND_HEARTBEAT {datanodeUUID=5c1d6db1-13a6-44c6-b93f-b1706e8ca29c, command=[]} | ret=SUCCESS |  
2019-08-22 21:27:38,760 [grpc-default-executor-4] WARN  server.GrpcLogAppender (LogUtils.java:warn(134)) - omNode-3->omNode-2: Failed appendEntries: org.apache.ratis.thirdparty.io.grpc.StatusRuntimeException: UNAVAILABLE: io exception
2019-08-22 21:27:38,760 [grpc-default-executor-5] WARN  server.GrpcLogAppender (LogUtils.java:warn(134)) - omNode-3->omNode-1: Failed appendEntries: org.apache.ratis.thirdparty.io.grpc.StatusRuntimeException: UNAVAILABLE: io exception
2019-08-22 21:27:38,760 [grpc-default-executor-4] INFO  impl.FollowerInfo (FollowerInfo.java:lambda$new$0(50)) - omNode-3->omNode-2: nextIndex: updateUnconditionally 0 -> 0
2019-08-22 21:27:38,761 [grpc-default-executor-5] INFO  impl.FollowerInfo (FollowerInfo.java:lambda$new$0(50)) - omNode-3->omNode-1: nextIndex: updateUnconditionally 0 -> 0
2019-08-22 21:27:39,260 [grpc-default-executor-5] WARN  server.GrpcLogAppender (LogUtils.java:warn(134)) - omNode-3->omNode-1: Failed appendEntries: org.apache.ratis.thirdparty.io.grpc.StatusRuntimeException: UNAVAILABLE: io exception
2019-08-22 21:27:39,260 [grpc-default-executor-4] WARN  server.GrpcLogAppender (LogUtils.java:warn(134)) - omNode-3->omNode-2: Failed appendEntries: org.apache.ratis.thirdparty.io.grpc.StatusRuntimeException: UNAVAILABLE: io exception
2019-08-22 21:27:39,260 [grpc-default-executor-5] INFO  impl.FollowerInfo (FollowerInfo.java:lambda$new$0(50)) - omNode-3->omNode-1: nextIndex: updateUnconditionally 0 -> 0
2019-08-22 21:27:39,261 [grpc-default-executor-4] INFO  impl.FollowerInfo (FollowerInfo.java:lambda$new$0(50)) - omNode-3->omNode-2: nextIndex: updateUnconditionally 0 -> 0
2019-08-22 21:27:39,344 [Thread-7213] INFO  ipc.Client (Client.java:handleConnectionFailure(948)) - Retrying connect to server: localhost/127.0.0.1:13134. Already tried 9 time(s); retry policy is RetryUpToMaximumCountWithFixedSleep(maxRetries=10, sleepTime=1000 MILLISECONDS)
2019-08-22 21:27:39,346 [Thread-7213] ERROR ha.OMFailoverProxyProvider (OzoneManagerProtocolClientSideTranslatorPB.java:getRetryAction(261)) - Failed to connect to OM. Attempted 10 retries and 10 failovers
2019-08-22 21:27:39,375 [Thread-7213] INFO  rpc.RpcClient (RpcClient.java:createVolume(293)) - Creating Volume: volume23455, with user26574 as owner.
2019-08-22 21:27:39,754 | INFO  | SCMAudit | user=jenkins1000 | ip=192.168.36.65 | op=SEND_HEARTBEAT {datanodeUUID=5c1d6db1-13a6-44c6-b93f-b1706e8ca29c, command=[]} | ret=SUCCESS |  
2019-08-22 21:27:39,761 [grpc-default-executor-4] WARN  server.GrpcLogAppender (LogUtils.java:warn(134)) - omNode-3->omNode-1: Failed appendEntries: org.apache.ratis.thirdparty.io.grpc.StatusRuntimeException: UNAVAILABLE: io exception
2019-08-22 21:27:39,761 [grpc-default-executor-5] WARN  server.GrpcLogAppender (LogUtils.java:warn(134)) - omNode-3->omNode-2: Failed appendEntries: org.apache.ratis.thirdparty.io.grpc.StatusRuntimeException: UNAVAILABLE: io exception
2019-08-22 21:27:39,761 [grpc-default-executor-4] INFO  impl.FollowerInfo (FollowerInfo.java:lambda$new$0(50)) - omNode-3->omNode-1: nextIndex: updateUnconditionally 0 -> 0
2019-08-22 21:27:39,761 [grpc-default-executor-5] INFO  impl.FollowerInfo (FollowerInfo.java:lambda$new$0(50)) - omNode-3->omNode-2: nextIndex: updateUnconditionally 0 -> 0
2019-08-22 21:27:40,267 [grpc-default-executor-3] WARN  server.GrpcLogAppender (LogUtils.java:warn(134)) - omNode-3->omNode-2: Failed appendEntries: org.apache.ratis.thirdparty.io.grpc.StatusRuntimeException: UNAVAILABLE: io exception
2019-08-22 21:27:40,267 [grpc-default-executor-5] WARN  server.GrpcLogAppender (LogUtils.java:warn(134)) - omNode-3->omNode-1: Failed appendEntries: org.apache.ratis.thirdparty.io.grpc.StatusRuntimeException: UNAVAILABLE: io exception
2019-08-22 21:27:40,268 [grpc-default-executor-3] INFO  impl.FollowerInfo (FollowerInfo.java:lambda$new$0(50)) - omNode-3->omNode-2: nextIndex: updateUnconditionally 0 -> 0
2019-08-22 21:27:40,268 [grpc-default-executor-5] INFO  impl.FollowerInfo (FollowerInfo.java:lambda$new$0(50)) - omNode-3->omNode-1: nextIndex: updateUnconditionally 0 -> 0
2019-08-22 21:27:40,377 [Thread-7213] INFO  ipc.Client (Client.java:handleConnectionFailure(948)) - Retrying connect to server: localhost/127.0.0.1:13134. Already tried 0 time(s); retry policy is RetryUpToMaximumCountWithFixedSleep(maxRetries=10, sleepTime=1000 MILLISECONDS)
2019-08-22 21:27:40,754 | INFO  | SCMAudit | user=jenkins1000 | ip=192.168.36.65 | op=SEND_HEARTBEAT {datanodeUUID=5c1d6db1-13a6-44c6-b93f-b1706e8ca29c, command=[]} | ret=SUCCESS |  
2019-08-22 21:27:40,762 [grpc-default-executor-8] WARN  server.GrpcLogAppender (LogUtils.java:warn(134)) - omNode-3->omNode-1: Failed appendEntries: org.apache.ratis.thirdparty.io.grpc.StatusRuntimeException: UNAVAILABLE: io exception
2019-08-22 21:27:40,762 [grpc-default-executor-4] WARN  server.GrpcLogAppender (LogUtils.java:warn(134)) - omNode-3->omNode-2: Failed appendEntries: org.apache.ratis.thirdparty.io.grpc.StatusRuntimeException: UNAVAILABLE: io exception
2019-08-22 21:27:40,762 [grpc-default-executor-8] INFO  impl.FollowerInfo (FollowerInfo.java:lambda$new$0(50)) - omNode-3->omNode-1: nextIndex: updateUnconditionally 0 -> 0
2019-08-22 21:27:40,762 [grpc-default-executor-4] INFO  impl.FollowerInfo (FollowerInfo.java:lambda$new$0(50)) - omNode-3->omNode-2: nextIndex: updateUnconditionally 0 -> 0
2019-08-22 21:27:41,263 [grpc-default-executor-3] WARN  server.GrpcLogAppender (LogUtils.java:warn(134)) - omNode-3->omNode-1: Failed appendEntries: org.apache.ratis.thirdparty.io.grpc.StatusRuntimeException: UNAVAILABLE: io exception
2019-08-22 21:27:41,263 [grpc-default-executor-6] WARN  server.GrpcLogAppender (LogUtils.java:warn(134)) - omNode-3->omNode-2: Failed appendEntries: org.apache.ratis.thirdparty.io.grpc.StatusRuntimeException: UNAVAILABLE: io exception
2019-08-22 21:27:41,264 [grpc-default-executor-3] INFO  impl.FollowerInfo (FollowerInfo.java:lambda$new$0(50)) - omNode-3->omNode-1: nextIndex: updateUnconditionally 0 -> 0
2019-08-22 21:27:41,264 [grpc-default-executor-6] INFO  impl.FollowerInfo (FollowerInfo.java:lambda$new$0(50)) - omNode-3->omNode-2: nextIndex: updateUnconditionally 0 -> 0
2019-08-22 21:27:41,378 [Thread-7213] INFO  ipc.Client (Client.java:handleConnectionFailure(948)) - Retrying connect to server: localhost/127.0.0.1:13134. Already tried 1 time(s); retry policy is RetryUpToMaximumCountWithFixedSleep(maxRetries=10, sleepTime=1000 MILLISECONDS)
2019-08-22 21:27:41,755 | INFO  | SCMAudit | user=jenkins1000 | ip=192.168.36.65 | op=SEND_HEARTBEAT {datanodeUUID=5c1d6db1-13a6-44c6-b93f-b1706e8ca29c, command=[]} | ret=SUCCESS |  
2019-08-22 21:27:41,764 [grpc-default-executor-3] WARN  server.GrpcLogAppender (LogUtils.java:warn(134)) - omNode-3->omNode-1: Failed appendEntries: org.apache.ratis.thirdparty.io.grpc.StatusRuntimeException: UNAVAILABLE: io exception
2019-08-22 21:27:41,764 [grpc-default-executor-6] WARN  server.GrpcLogAppender (LogUtils.java:warn(134)) - omNode-3->omNode-2: Failed appendEntries: org.apache.ratis.thirdparty.io.grpc.StatusRuntimeException: UNAVAILABLE: io exception
2019-08-22 21:27:41,764 [grpc-default-executor-3] INFO  impl.FollowerInfo (FollowerInfo.java:lambda$new$0(50)) - omNode-3->omNode-1: nextIndex: updateUnconditionally 0 -> 0
2019-08-22 21:27:41,764 [grpc-default-executor-6] INFO  impl.FollowerInfo (FollowerInfo.java:lambda$new$0(50)) - omNode-3->omNode-2: nextIndex: updateUnconditionally 0 -> 0
2019-08-22 21:27:42,264 [grpc-default-executor-4] WARN  server.GrpcLogAppender (LogUtils.java:warn(134)) - omNode-3->omNode-1: Failed appendEntries: org.apache.ratis.thirdparty.io.grpc.StatusRuntimeException: UNAVAILABLE: io exception
2019-08-22 21:27:42,264 [grpc-default-executor-5] WARN  server.GrpcLogAppender (LogUtils.java:warn(134)) - omNode-3->omNode-2: Failed appendEntries: org.apache.ratis.thirdparty.io.grpc.StatusRuntimeException: UNAVAILABLE: io exception
2019-08-22 21:27:42,265 [grpc-default-executor-4] INFO  impl.FollowerInfo (FollowerInfo.java:lambda$new$0(50)) - omNode-3->omNode-1: nextIndex: updateUnconditionally 0 -> 0
2019-08-22 21:27:42,265 [grpc-default-executor-5] INFO  impl.FollowerInfo (FollowerInfo.java:lambda$new$0(50)) - omNode-3->omNode-2: nextIndex: updateUnconditionally 0 -> 0
2019-08-22 21:27:42,379 [Thread-7213] INFO  ipc.Client (Client.java:handleConnectionFailure(948)) - Retrying connect to server: localhost/127.0.0.1:13134. Already tried 2 time(s); retry policy is RetryUpToMaximumCountWithFixedSleep(maxRetries=10, sleepTime=1000 MILLISECONDS)
2019-08-22 21:27:42,756 | INFO  | SCMAudit | user=jenkins1000 | ip=192.168.36.65 | op=SEND_HEARTBEAT {datanodeUUID=5c1d6db1-13a6-44c6-b93f-b1706e8ca29c, command=[]} | ret=SUCCESS |  
2019-08-22 21:27:42,767 [grpc-default-executor-4] WARN  server.GrpcLogAppender (LogUtils.java:warn(134)) - omNode-3->omNode-2: Failed appendEntries: org.apache.ratis.thirdparty.io.grpc.StatusRuntimeException: UNAVAILABLE: io exception
2019-08-22 21:27:42,768 [grpc-default-executor-4] INFO  impl.FollowerInfo (FollowerInfo.java:lambda$new$0(50)) - omNode-3->omNode-2: nextIndex: updateUnconditionally 0 -> 0
2019-08-22 21:27:42,767 [grpc-default-executor-5] WARN  server.GrpcLogAppender (LogUtils.java:warn(134)) - omNode-3->omNode-1: Failed appendEntries: org.apache.ratis.thirdparty.io.grpc.StatusRuntimeException: UNAVAILABLE: io exception
2019-08-22 21:27:42,769 [grpc-default-executor-5] INFO  impl.FollowerInfo (FollowerInfo.java:lambda$new$0(50)) - omNode-3->omNode-1: nextIndex: updateUnconditionally 0 -> 0
2019-08-22 21:27:43,266 [grpc-default-executor-8] WARN  server.GrpcLogAppender (LogUtils.java:warn(134)) - omNode-3->omNode-1: Failed appendEntries: org.apache.ratis.thirdparty.io.grpc.StatusRuntimeException: UNAVAILABLE: io exception
2019-08-22 21:27:43,266 [grpc-default-executor-7] WARN  server.GrpcLogAppender (LogUtils.java:warn(134)) - omNode-3->omNode-2: Failed appendEntries: org.apache.ratis.thirdparty.io.grpc.StatusRuntimeException: UNAVAILABLE: io exception
2019-08-22 21:27:43,266 [grpc-default-executor-8] INFO  impl.FollowerInfo (FollowerInfo.java:lambda$new$0(50)) - omNode-3->omNode-1: nextIndex: updateUnconditionally 0 -> 0
2019-08-22 21:27:43,266 [grpc-default-executor-7] INFO  impl.FollowerInfo (FollowerInfo.java:lambda$new$0(50)) - omNode-3->omNode-2: nextIndex: updateUnconditionally 0 -> 0
2019-08-22 21:27:43,381 [Thread-7213] INFO  ipc.Client (Client.java:handleConnectionFailure(948)) - Retrying connect to server: localhost/127.0.0.1:13134. Already tried 3 time(s); retry policy is RetryUpToMaximumCountWithFixedSleep(maxRetries=10, sleepTime=1000 MILLISECONDS)
2019-08-22 21:27:43,754 | INFO  | SCMAudit | user=jenkins1000 | ip=192.168.36.65 | op=SEND_HEARTBEAT {datanodeUUID=5c1d6db1-13a6-44c6-b93f-b1706e8ca29c, command=[]} | ret=SUCCESS |  
2019-08-22 21:27:43,766 [grpc-default-executor-7] WARN  server.GrpcLogAppender (LogUtils.java:warn(134)) - omNode-3->omNode-1: Failed appendEntries: org.apache.ratis.thirdparty.io.grpc.StatusRuntimeException: UNAVAILABLE: io exception
2019-08-22 21:27:43,766 [grpc-default-executor-8] WARN  server.GrpcLogAppender (LogUtils.java:warn(134)) - omNode-3->omNode-2: Failed appendEntries: org.apache.ratis.thirdparty.io.grpc.StatusRuntimeException: UNAVAILABLE: io exception
2019-08-22 21:27:43,767 [grpc-default-executor-7] INFO  impl.FollowerInfo (FollowerInfo.java:lambda$new$0(50)) - omNode-3->omNode-1: nextIndex: updateUnconditionally 0 -> 0
2019-08-22 21:27:43,767 [grpc-default-executor-8] INFO  impl.FollowerInfo (FollowerInfo.java:lambda$new$0(50)) - omNode-3->omNode-2: nextIndex: updateUnconditionally 0 -> 0
2019-08-22 21:27:44,267 [grpc-default-executor-8] WARN  server.GrpcLogAppender (LogUtils.java:warn(134)) - omNode-3->omNode-1: Failed appendEntries: org.apache.ratis.thirdparty.io.grpc.StatusRuntimeException: UNAVAILABLE: io exception
2019-08-22 21:27:44,267 [grpc-default-executor-4] WARN  server.GrpcLogAppender (LogUtils.java:warn(134)) - omNode-3->omNode-2: Failed appendEntries: org.apache.ratis.thirdparty.io.grpc.StatusRuntimeException: UNAVAILABLE: io exception
2019-08-22 21:27:44,268 [grpc-default-executor-8] INFO  impl.FollowerInfo (FollowerInfo.java:lambda$new$0(50)) - omNode-3->omNode-1: nextIndex: updateUnconditionally 0 -> 0
2019-08-22 21:27:44,268 [grpc-default-executor-4] INFO  impl.FollowerInfo (FollowerInfo.java:lambda$new$0(50)) - omNode-3->omNode-2: nextIndex: updateUnconditionally 0 -> 0
2019-08-22 21:27:44,382 [Thread-7213] INFO  ipc.Client (Client.java:handleConnectionFailure(948)) - Retrying connect to server: localhost/127.0.0.1:13134. Already tried 4 time(s); retry policy is RetryUpToMaximumCountWithFixedSleep(maxRetries=10, sleepTime=1000 MILLISECONDS)
2019-08-22 21:27:44,755 | INFO  | SCMAudit | user=jenkins1000 | ip=192.168.36.65 | op=SEND_HEARTBEAT {datanodeUUID=5c1d6db1-13a6-44c6-b93f-b1706e8ca29c, command=[]} | ret=SUCCESS |  
2019-08-22 21:27:44,767 [grpc-default-executor-4] WARN  server.GrpcLogAppender (LogUtils.java:warn(134)) - omNode-3->omNode-2: Failed appendEntries: org.apache.ratis.thirdparty.io.grpc.StatusRuntimeException: UNAVAILABLE: io exception
2019-08-22 21:27:44,767 [grpc-default-executor-8] WARN  server.GrpcLogAppender (LogUtils.java:warn(134)) - omNode-3->omNode-1: Failed appendEntries: org.apache.ratis.thirdparty.io.grpc.StatusRuntimeException: UNAVAILABLE: io exception
2019-08-22 21:27:44,768 [grpc-default-executor-4] INFO  impl.FollowerInfo (FollowerInfo.java:lambda$new$0(50)) - omNode-3->omNode-2: nextIndex: updateUnconditionally 0 -> 0
2019-08-22 21:27:44,768 [grpc-default-executor-8] INFO  impl.FollowerInfo (FollowerInfo.java:lambda$new$0(50)) - omNode-3->omNode-1: nextIndex: updateUnconditionally 0 -> 0
2019-08-22 21:27:45,268 [grpc-default-executor-7] WARN  server.GrpcLogAppender (LogUtils.java:warn(134)) - omNode-3->omNode-1: Failed appendEntries: org.apache.ratis.thirdparty.io.grpc.StatusRuntimeException: UNAVAILABLE: io exception
2019-08-22 21:27:45,268 [grpc-default-executor-4] WARN  server.GrpcLogAppender (LogUtils.java:warn(134)) - omNode-3->omNode-2: Failed appendEntries: org.apache.ratis.thirdparty.io.grpc.StatusRuntimeException: UNAVAILABLE: io exception
2019-08-22 21:27:45,268 [grpc-default-executor-7] INFO  impl.FollowerInfo (FollowerInfo.java:lambda$new$0(50)) - omNode-3->omNode-1: nextIndex: updateUnconditionally 0 -> 0
2019-08-22 21:27:45,268 [grpc-default-executor-4] INFO  impl.FollowerInfo (FollowerInfo.java:lambda$new$0(50)) - omNode-3->omNode-2: nextIndex: updateUnconditionally 0 -> 0
2019-08-22 21:27:45,383 [Thread-7213] INFO  ipc.Client (Client.java:handleConnectionFailure(948)) - Retrying connect to server: localhost/127.0.0.1:13134. Already tried 5 time(s); retry policy is RetryUpToMaximumCountWithFixedSleep(maxRetries=10, sleepTime=1000 MILLISECONDS)
2019-08-22 21:27:45,755 | INFO  | SCMAudit | user=jenkins1000 | ip=192.168.36.65 | op=SEND_HEARTBEAT {datanodeUUID=5c1d6db1-13a6-44c6-b93f-b1706e8ca29c, command=[]} | ret=SUCCESS |  
2019-08-22 21:27:45,768 [grpc-default-executor-3] WARN  server.GrpcLogAppender (LogUtils.java:warn(134)) - omNode-3->omNode-2: Failed appendEntries: org.apache.ratis.thirdparty.io.grpc.StatusRuntimeException: UNAVAILABLE: io exception
2019-08-22 21:27:45,768 [grpc-default-executor-5] WARN  server.GrpcLogAppender (LogUtils.java:warn(134)) - omNode-3->omNode-1: Failed appendEntries: org.apache.ratis.thirdparty.io.grpc.StatusRuntimeException: UNAVAILABLE: io exception
2019-08-22 21:27:45,769 [grpc-default-executor-3] INFO  impl.FollowerInfo (FollowerInfo.java:lambda$new$0(50)) - omNode-3->omNode-2: nextIndex: updateUnconditionally 0 -> 0
2019-08-22 21:27:45,769 [grpc-default-executor-5] INFO  impl.FollowerInfo (FollowerInfo.java:lambda$new$0(50)) - omNode-3->omNode-1: nextIndex: updateUnconditionally 0 -> 0
2019-08-22 21:27:46,269 [grpc-default-executor-3] WARN  server.GrpcLogAppender (LogUtils.java:warn(134)) - omNode-3->omNode-2: Failed appendEntries: org.apache.ratis.thirdparty.io.grpc.StatusRuntimeException: UNAVAILABLE: io exception
2019-08-22 21:27:46,269 [grpc-default-executor-8] WARN  server.GrpcLogAppender (LogUtils.java:warn(134)) - omNode-3->omNode-1: Failed appendEntries: org.apache.ratis.thirdparty.io.grpc.StatusRuntimeException: UNAVAILABLE: io exception
2019-08-22 21:27:46,269 [grpc-default-executor-3] INFO  impl.FollowerInfo (FollowerInfo.java:lambda$new$0(50)) - omNode-3->omNode-2: nextIndex: updateUnconditionally 0 -> 0
2019-08-22 21:27:46,269 [grpc-default-executor-8] INFO  impl.FollowerInfo (FollowerInfo.java:lambda$new$0(50)) - omNode-3->omNode-1: nextIndex: updateUnconditionally 0 -> 0
2019-08-22 21:27:46,384 [Thread-7213] INFO  ipc.Client (Client.java:handleConnectionFailure(948)) - Retrying connect to server: localhost/127.0.0.1:13134. Already tried 6 time(s); retry policy is RetryUpToMaximumCountWithFixedSleep(maxRetries=10, sleepTime=1000 MILLISECONDS)
2019-08-22 21:27:46,755 | INFO  | SCMAudit | user=jenkins1000 | ip=192.168.36.65 | op=SEND_HEARTBEAT {datanodeUUID=5c1d6db1-13a6-44c6-b93f-b1706e8ca29c, command=[]} | ret=SUCCESS |  
2019-08-22 21:27:46,769 [grpc-default-executor-8] WARN  server.GrpcLogAppender (LogUtils.java:warn(134)) - omNode-3->omNode-1: Failed appendEntries: org.apache.ratis.thirdparty.io.grpc.StatusRuntimeException: UNAVAILABLE: io exception
2019-08-22 21:27:46,769 [grpc-default-executor-3] WARN  server.GrpcLogAppender (LogUtils.java:warn(134)) - omNode-3->omNode-2: Failed appendEntries: org.apache.ratis.thirdparty.io.grpc.StatusRuntimeException: UNAVAILABLE: io exception
2019-08-22 21:27:46,770 [grpc-default-executor-8] INFO  impl.FollowerInfo (FollowerInfo.java:lambda$new$0(50)) - omNode-3->omNode-1: nextIndex: updateUnconditionally 0 -> 0
2019-08-22 21:27:46,770 [grpc-default-executor-3] INFO  impl.FollowerInfo (FollowerInfo.java:lambda$new$0(50)) - omNode-3->omNode-2: nextIndex: updateUnconditionally 0 -> 0
2019-08-22 21:27:47,270 [grpc-default-executor-3] WARN  server.GrpcLogAppender (LogUtils.java:warn(134)) - omNode-3->omNode-1: Failed appendEntries: org.apache.ratis.thirdparty.io.grpc.StatusRuntimeException: UNAVAILABLE: io exception
2019-08-22 21:27:47,270 [grpc-default-executor-8] WARN  server.GrpcLogAppender (LogUtils.java:warn(134)) - omNode-3->omNode-2: Failed appendEntries: org.apache.ratis.thirdparty.io.grpc.StatusRuntimeException: UNAVAILABLE: io exception
2019-08-22 21:27:47,270 [grpc-default-executor-3] INFO  impl.FollowerInfo (FollowerInfo.java:lambda$new$0(50)) - omNode-3->omNode-1: nextIndex: updateUnconditionally 0 -> 0
2019-08-22 21:27:47,270 [grpc-default-executor-8] INFO  impl.FollowerInfo (FollowerInfo.java:lambda$new$0(50)) - omNode-3->omNode-2: nextIndex: updateUnconditionally 0 -> 0
2019-08-22 21:27:47,385 [Thread-7213] INFO  ipc.Client (Client.java:handleConnectionFailure(948)) - Retrying connect to server: localhost/127.0.0.1:13134. Already tried 7 time(s); retry policy is RetryUpToMaximumCountWithFixedSleep(maxRetries=10, sleepTime=1000 MILLISECONDS)
2019-08-22 21:27:47,756 | INFO  | SCMAudit | user=jenkins1000 | ip=192.168.36.65 | op=SEND_HEARTBEAT {datanodeUUID=5c1d6db1-13a6-44c6-b93f-b1706e8ca29c, command=[]} | ret=SUCCESS |  
2019-08-22 21:27:47,770 [grpc-default-executor-6] WARN  server.GrpcLogAppender (LogUtils.java:warn(134)) - omNode-3->omNode-1: Failed appendEntries: org.apache.ratis.thirdparty.io.grpc.StatusRuntimeException: UNAVAILABLE: io exception
2019-08-22 21:27:47,770 [grpc-default-executor-5] WARN  server.GrpcLogAppender (LogUtils.java:warn(134)) - omNode-3->omNode-2: Failed appendEntries: org.apache.ratis.thirdparty.io.grpc.StatusRuntimeException: UNAVAILABLE: io exception
2019-08-22 21:27:47,771 [grpc-default-executor-6] INFO  impl.FollowerInfo (FollowerInfo.java:lambda$new$0(50)) - omNode-3->omNode-1: nextIndex: updateUnconditionally 0 -> 0
2019-08-22 21:27:47,771 [grpc-default-executor-5] INFO  impl.FollowerInfo (FollowerInfo.java:lambda$new$0(50)) - omNode-3->omNode-2: nextIndex: updateUnconditionally 0 -> 0
2019-08-22 21:27:48,270 [grpc-default-executor-4] WARN  server.GrpcLogAppender (LogUtils.java:warn(134)) - omNode-3->omNode-1: Failed appendEntries: org.apache.ratis.thirdparty.io.grpc.StatusRuntimeException: UNAVAILABLE: io exception
2019-08-22 21:27:48,270 [grpc-default-executor-7] WARN  server.GrpcLogAppender (LogUtils.java:warn(134)) - omNode-3->omNode-2: Failed appendEntries: org.apache.ratis.thirdparty.io.grpc.StatusRuntimeException: UNAVAILABLE: io exception
2019-08-22 21:27:48,271 [grpc-default-executor-4] INFO  impl.FollowerInfo (FollowerInfo.java:lambda$new$0(50)) - omNode-3->omNode-1: nextIndex: updateUnconditionally 0 -> 0
2019-08-22 21:27:48,271 [grpc-default-executor-7] INFO  impl.FollowerInfo (FollowerInfo.java:lambda$new$0(50)) - omNode-3->omNode-2: nextIndex: updateUnconditionally 0 -> 0
2019-08-22 21:27:48,386 [Thread-7213] INFO  ipc.Client (Client.java:handleConnectionFailure(948)) - Retrying connect to server: localhost/127.0.0.1:13134. Already tried 8 time(s); retry policy is RetryUpToMaximumCountWithFixedSleep(maxRetries=10, sleepTime=1000 MILLISECONDS)
2019-08-22 21:27:48,756 | INFO  | SCMAudit | user=jenkins1000 | ip=192.168.36.65 | op=SEND_HEARTBEAT {datanodeUUID=5c1d6db1-13a6-44c6-b93f-b1706e8ca29c, command=[]} | ret=SUCCESS |  
2019-08-22 21:27:48,771 [grpc-default-executor-3] WARN  server.GrpcLogAppender (LogUtils.java:warn(134)) - omNode-3->omNode-1: Failed appendEntries: org.apache.ratis.thirdparty.io.grpc.StatusRuntimeException: UNAVAILABLE: io exception
2019-08-22 21:27:48,771 [grpc-default-executor-6] WARN  server.GrpcLogAppender (LogUtils.java:warn(134)) - omNode-3->omNode-2: Failed appendEntries: org.apache.ratis.thirdparty.io.grpc.StatusRuntimeException: UNAVAILABLE: io exception
2019-08-22 21:27:48,771 [grpc-default-executor-3] INFO  impl.FollowerInfo (FollowerInfo.java:lambda$new$0(50)) - omNode-3->omNode-1: nextIndex: updateUnconditionally 0 -> 0
2019-08-22 21:27:48,771 [grpc-default-executor-6] INFO  impl.FollowerInfo (FollowerInfo.java:lambda$new$0(50)) - omNode-3->omNode-2: nextIndex: updateUnconditionally 0 -> 0
2019-08-22 21:27:49,271 [grpc-default-executor-8] WARN  server.GrpcLogAppender (LogUtils.java:warn(134)) - omNode-3->omNode-2: Failed appendEntries: org.apache.ratis.thirdparty.io.grpc.StatusRuntimeException: UNAVAILABLE: io exception
2019-08-22 21:27:49,272 [grpc-default-executor-3] WARN  server.GrpcLogAppender (LogUtils.java:warn(134)) - omNode-3->omNode-1: Failed appendEntries: org.apache.ratis.thirdparty.io.grpc.StatusRuntimeException: UNAVAILABLE: io exception
2019-08-22 21:27:49,272 [grpc-default-executor-8] INFO  impl.FollowerInfo (FollowerInfo.java:lambda$new$0(50)) - omNode-3->omNode-2: nextIndex: updateUnconditionally 0 -> 0
2019-08-22 21:27:49,272 [grpc-default-executor-3] INFO  impl.FollowerInfo (FollowerInfo.java:lambda$new$0(50)) - omNode-3->omNode-1: nextIndex: updateUnconditionally 0 -> 0
2019-08-22 21:27:49,387 [Thread-7213] INFO  ipc.Client (Client.java:handleConnectionFailure(948)) - Retrying connect to server: localhost/127.0.0.1:13134. Already tried 9 time(s); retry policy is RetryUpToMaximumCountWithFixedSleep(maxRetries=10, sleepTime=1000 MILLISECONDS)
2019-08-22 21:27:49,389 [Thread-7213] INFO  retry.RetryInvocationHandler (RetryInvocationHandler.java:log(411)) - com.google.protobuf.ServiceException: java.net.ConnectException: Call From pr-hdds-1975-qxxlx-297662434/192.168.36.65 to localhost:13134 failed on connection exception: java.net.ConnectException: Connection refused; For more details see:  http://wiki.apache.org/hadoop/ConnectionRefused, while invoking $Proxy48.submitRequest over nodeId=omNode-2,nodeAddress=127.0.0.1:13134. Trying to failover immediately.
2019-08-22 21:27:49,398 [IPC Server handler 3 on 13140] WARN  ipc.Server (Server.java:logException(2724)) - IPC Server handler 3 on 13140, call Call#724 Retry#1 org.apache.hadoop.ozone.om.protocol.OzoneManagerProtocol.submitRequest from 127.0.0.1:51750
java.lang.NullPointerException
	at org.apache.hadoop.ozone.om.helpers.OMRatisHelper.getOMResponseFromRaftClientReply(OMRatisHelper.java:105)
	at org.apache.hadoop.ozone.om.ratis.OzoneManagerRatisServer.processReply(OzoneManagerRatisServer.java:178)
	at org.apache.hadoop.ozone.om.ratis.OzoneManagerRatisServer.submitRequest(OzoneManagerRatisServer.java:131)
	at org.apache.hadoop.ozone.protocolPB.OzoneManagerProtocolServerSideTranslatorPB.submitRequestToRatis(OzoneManagerProtocolServerSideTranslatorPB.java:163)
	at org.apache.hadoop.ozone.protocolPB.OzoneManagerProtocolServerSideTranslatorPB.submitRequest(OzoneManagerProtocolServerSideTranslatorPB.java:107)
	at org.apache.hadoop.ozone.protocol.proto.OzoneManagerProtocolProtos$OzoneManagerService$2.callBlockingMethod(OzoneManagerProtocolProtos.java)
	at org.apache.hadoop.ipc.ProtobufRpcEngine$Server$ProtoBufRpcInvoker.call(ProtobufRpcEngine.java:524)
	at org.apache.hadoop.ipc.RPC$Server.call(RPC.java:1025)
	at org.apache.hadoop.ipc.Server$RpcCall.run(Server.java:876)
	at org.apache.hadoop.ipc.Server$RpcCall.run(Server.java:822)
	at java.security.AccessController.doPrivileged(Native Method)
	at javax.security.auth.Subject.doAs(Subject.java:422)
	at org.apache.hadoop.security.UserGroupInformation.doAs(UserGroupInformation.java:1730)
	at org.apache.hadoop.ipc.Server$Handler.run(Server.java:2682)
2019-08-22 21:27:49,400 [Thread-7213] INFO  retry.RetryInvocationHandler (RetryInvocationHandler.java:log(411)) - com.google.protobuf.ServiceException: org.apache.hadoop.ipc.RemoteException(java.lang.NullPointerException): java.lang.NullPointerException
	at org.apache.hadoop.ozone.om.helpers.OMRatisHelper.getOMResponseFromRaftClientReply(OMRatisHelper.java:105)
	at org.apache.hadoop.ozone.om.ratis.OzoneManagerRatisServer.processReply(OzoneManagerRatisServer.java:178)
	at org.apache.hadoop.ozone.om.ratis.OzoneManagerRatisServer.submitRequest(OzoneManagerRatisServer.java:131)
	at org.apache.hadoop.ozone.protocolPB.OzoneManagerProtocolServerSideTranslatorPB.submitRequestToRatis(OzoneManagerProtocolServerSideTranslatorPB.java:163)
	at org.apache.hadoop.ozone.protocolPB.OzoneManagerProtocolServerSideTranslatorPB.submitRequest(OzoneManagerProtocolServerSideTranslatorPB.java:107)
	at org.apache.hadoop.ozone.protocol.proto.OzoneManagerProtocolProtos$OzoneManagerService$2.callBlockingMethod(OzoneManagerProtocolProtos.java)
	at org.apache.hadoop.ipc.ProtobufRpcEngine$Server$ProtoBufRpcInvoker.call(ProtobufRpcEngine.java:524)
	at org.apache.hadoop.ipc.RPC$Server.call(RPC.java:1025)
	at org.apache.hadoop.ipc.Server$RpcCall.run(Server.java:876)
	at org.apache.hadoop.ipc.Server$RpcCall.run(Server.java:822)
	at java.security.AccessController.doPrivileged(Native Method)
	at javax.security.auth.Subject.doAs(Subject.java:422)
	at org.apache.hadoop.security.UserGroupInformation.doAs(UserGroupInformation.java:1730)
	at org.apache.hadoop.ipc.Server$Handler.run(Server.java:2682)
, while invoking $Proxy48.submitRequest over nodeId=omNode-3,nodeAddress=127.0.0.1:13140 after 1 failover attempts. Trying to failover immediately.
2019-08-22 21:27:49,756 | INFO  | SCMAudit | user=jenkins1000 | ip=192.168.36.65 | op=SEND_HEARTBEAT {datanodeUUID=5c1d6db1-13a6-44c6-b93f-b1706e8ca29c, command=[]} | ret=SUCCESS |  
2019-08-22 21:27:49,772 [grpc-default-executor-8] WARN  server.GrpcLogAppender (LogUtils.java:warn(134)) - omNode-3->omNode-2: Failed appendEntries: org.apache.ratis.thirdparty.io.grpc.StatusRuntimeException: UNAVAILABLE: io exception
2019-08-22 21:27:49,772 [grpc-default-executor-4] WARN  server.GrpcLogAppender (LogUtils.java:warn(134)) - omNode-3->omNode-1: Failed appendEntries: org.apache.ratis.thirdparty.io.grpc.StatusRuntimeException: UNAVAILABLE: io exception
2019-08-22 21:27:49,772 [grpc-default-executor-8] INFO  impl.FollowerInfo (FollowerInfo.java:lambda$new$0(50)) - omNode-3->omNode-2: nextIndex: updateUnconditionally 0 -> 0
2019-08-22 21:27:49,772 [grpc-default-executor-4] INFO  impl.FollowerInfo (FollowerInfo.java:lambda$new$0(50)) - omNode-3->omNode-1: nextIndex: updateUnconditionally 0 -> 0
2019-08-22 21:27:50,272 [grpc-default-executor-4] WARN  server.GrpcLogAppender (LogUtils.java:warn(134)) - omNode-3->omNode-2: Failed appendEntries: org.apache.ratis.thirdparty.io.grpc.StatusRuntimeException: UNAVAILABLE: io exception
2019-08-22 21:27:50,272 [grpc-default-executor-8] WARN  server.GrpcLogAppender (LogUtils.java:warn(134)) - omNode-3->omNode-1: Failed appendEntries: org.apache.ratis.thirdparty.io.grpc.StatusRuntimeException: UNAVAILABLE: io exception
2019-08-22 21:27:50,272 [grpc-default-executor-4] INFO  impl.FollowerInfo (FollowerInfo.java:lambda$new$0(50)) - omNode-3->omNode-2: nextIndex: updateUnconditionally 0 -> 0
2019-08-22 21:27:50,273 [grpc-default-executor-8] INFO  impl.FollowerInfo (FollowerInfo.java:lambda$new$0(50)) - omNode-3->omNode-1: nextIndex: updateUnconditionally 0 -> 0
2019-08-22 21:27:50,401 [Thread-7213] INFO  ipc.Client (Client.java:handleConnectionFailure(948)) - Retrying connect to server: localhost/127.0.0.1:13128. Already tried 0 time(s); retry policy is RetryUpToMaximumCountWithFixedSleep(maxRetries=10, sleepTime=1000 MILLISECONDS)
2019-08-22 21:27:50,756 | INFO  | SCMAudit | user=jenkins1000 | ip=192.168.36.65 | op=SEND_HEARTBEAT {datanodeUUID=5c1d6db1-13a6-44c6-b93f-b1706e8ca29c, command=[]} | ret=SUCCESS |  
2019-08-22 21:27:50,773 [grpc-default-executor-8] WARN  server.GrpcLogAppender (LogUtils.java:warn(134)) - omNode-3->omNode-2: Failed appendEntries: org.apache.ratis.thirdparty.io.grpc.StatusRuntimeException: UNAVAILABLE: io exception
2019-08-22 21:27:50,773 [grpc-default-executor-5] WARN  server.GrpcLogAppender (LogUtils.java:warn(134)) - omNode-3->omNode-1: Failed appendEntries: org.apache.ratis.thirdparty.io.grpc.StatusRuntimeException: UNAVAILABLE: io exception
2019-08-22 21:27:50,773 [grpc-default-executor-8] INFO  impl.FollowerInfo (FollowerInfo.java:lambda$new$0(50)) - omNode-3->omNode-2: nextIndex: updateUnconditionally 0 -> 0
2019-08-22 21:27:50,773 [grpc-default-executor-5] INFO  impl.FollowerInfo (FollowerInfo.java:lambda$new$0(50)) - omNode-3->omNode-1: nextIndex: updateUnconditionally 0 -> 0
2019-08-22 21:27:51,273 [grpc-default-executor-5] WARN  server.GrpcLogAppender (LogUtils.java:warn(134)) - omNode-3->omNode-2: Failed appendEntries: org.apache.ratis.thirdparty.io.grpc.StatusRuntimeException: UNAVAILABLE: io exception
2019-08-22 21:27:51,273 [grpc-default-executor-4] WARN  server.GrpcLogAppender (LogUtils.java:warn(134)) - omNode-3->omNode-1: Failed appendEntries: org.apache.ratis.thirdparty.io.grpc.StatusRuntimeException: UNAVAILABLE: io exception
2019-08-22 21:27:51,274 [grpc-default-executor-5] INFO  impl.FollowerInfo (FollowerInfo.java:lambda$new$0(50)) - omNode-3->omNode-2: nextIndex: updateUnconditionally 0 -> 0
2019-08-22 21:27:51,274 [grpc-default-executor-4] INFO  impl.FollowerInfo (FollowerInfo.java:lambda$new$0(50)) - omNode-3->omNode-1: nextIndex: updateUnconditionally 0 -> 0
2019-08-22 21:27:51,402 [Thread-7213] INFO  ipc.Client (Client.java:handleConnectionFailure(948)) - Retrying connect to server: localhost/127.0.0.1:13128. Already tried 1 time(s); retry policy is RetryUpToMaximumCountWithFixedSleep(maxRetries=10, sleepTime=1000 MILLISECONDS)
2019-08-22 21:27:51,757 | INFO  | SCMAudit | user=jenkins1000 | ip=192.168.36.65 | op=SEND_HEARTBEAT {datanodeUUID=5c1d6db1-13a6-44c6-b93f-b1706e8ca29c, command=[]} | ret=SUCCESS |  
2019-08-22 21:27:51,774 [grpc-default-executor-4] WARN  server.GrpcLogAppender (LogUtils.java:warn(134)) - omNode-3->omNode-2: Failed appendEntries: org.apache.ratis.thirdparty.io.grpc.StatusRuntimeException: UNAVAILABLE: io exception
2019-08-22 21:27:51,774 [grpc-default-executor-8] WARN  server.GrpcLogAppender (LogUtils.java:warn(134)) - omNode-3->omNode-1: Failed appendEntries: org.apache.ratis.thirdparty.io.grpc.StatusRuntimeException: UNAVAILABLE: io exception
2019-08-22 21:27:51,774 [grpc-default-executor-4] INFO  impl.FollowerInfo (FollowerInfo.java:lambda$new$0(50)) - omNode-3->omNode-2: nextIndex: updateUnconditionally 0 -> 0
2019-08-22 21:27:51,774 [grpc-default-executor-8] INFO  impl.FollowerInfo (FollowerInfo.java:lambda$new$0(50)) - omNode-3->omNode-1: nextIndex: updateUnconditionally 0 -> 0
2019-08-22 21:27:52,275 [grpc-default-executor-5] WARN  server.GrpcLogAppender (LogUtils.java:warn(134)) - omNode-3->omNode-2: Failed appendEntries: org.apache.ratis.thirdparty.io.grpc.StatusRuntimeException: UNAVAILABLE: io exception
2019-08-22 21:27:52,275 [grpc-default-executor-7] WARN  server.GrpcLogAppender (LogUtils.java:warn(134)) - omNode-3->omNode-1: Failed appendEntries: org.apache.ratis.thirdparty.io.grpc.StatusRuntimeException: UNAVAILABLE: io exception
2019-08-22 21:27:52,275 [grpc-default-executor-5] INFO  impl.FollowerInfo (FollowerInfo.java:lambda$new$0(50)) - omNode-3->omNode-2: nextIndex: updateUnconditionally 0 -> 0
2019-08-22 21:27:52,275 [grpc-default-executor-7] INFO  impl.FollowerInfo (FollowerInfo.java:lambda$new$0(50)) - omNode-3->omNode-1: nextIndex: updateUnconditionally 0 -> 0
2019-08-22 21:27:52,403 [Thread-7213] INFO  ipc.Client (Client.java:handleConnectionFailure(948)) - Retrying connect to server: localhost/127.0.0.1:13128. Already tried 2 time(s); retry policy is RetryUpToMaximumCountWithFixedSleep(maxRetries=10, sleepTime=1000 MILLISECONDS)
2019-08-22 21:27:52,756 | INFO  | SCMAudit | user=jenkins1000 | ip=192.168.36.65 | op=SEND_HEARTBEAT {datanodeUUID=5c1d6db1-13a6-44c6-b93f-b1706e8ca29c, command=[]} | ret=SUCCESS |  
2019-08-22 21:27:52,774 [grpc-default-executor-8] WARN  server.GrpcLogAppender (LogUtils.java:warn(134)) - omNode-3->omNode-2: Failed appendEntries: org.apache.ratis.thirdparty.io.grpc.StatusRuntimeException: UNAVAILABLE: io exception
2019-08-22 21:27:52,775 [grpc-default-executor-4] WARN  server.GrpcLogAppender (LogUtils.java:warn(134)) - omNode-3->omNode-1: Failed appendEntries: org.apache.ratis.thirdparty.io.grpc.StatusRuntimeException: UNAVAILABLE: io exception
2019-08-22 21:27:52,775 [grpc-default-executor-8] INFO  impl.FollowerInfo (FollowerInfo.java:lambda$new$0(50)) - omNode-3->omNode-2: nextIndex: updateUnconditionally 0 -> 0
2019-08-22 21:27:52,775 [grpc-default-executor-4] INFO  impl.FollowerInfo (FollowerInfo.java:lambda$new$0(50)) - omNode-3->omNode-1: nextIndex: updateUnconditionally 0 -> 0
2019-08-22 21:27:53,276 [grpc-default-executor-7] WARN  server.GrpcLogAppender (LogUtils.java:warn(134)) - omNode-3->omNode-2: Failed appendEntries: org.apache.ratis.thirdparty.io.grpc.StatusRuntimeException: UNAVAILABLE: io exception
2019-08-22 21:27:53,276 [grpc-default-executor-3] WARN  server.GrpcLogAppender (LogUtils.java:warn(134)) - omNode-3->omNode-1: Failed appendEntries: org.apache.ratis.thirdparty.io.grpc.StatusRuntimeException: UNAVAILABLE: io exception
2019-08-22 21:27:53,276 [grpc-default-executor-7] INFO  impl.FollowerInfo (FollowerInfo.java:lambda$new$0(50)) - omNode-3->omNode-2: nextIndex: updateUnconditionally 0 -> 0
2019-08-22 21:27:53,276 [grpc-default-executor-3] INFO  impl.FollowerInfo (FollowerInfo.java:lambda$new$0(50)) - omNode-3->omNode-1: nextIndex: updateUnconditionally 0 -> 0
2019-08-22 21:27:53,404 [Thread-7213] INFO  ipc.Client (Client.java:handleConnectionFailure(948)) - Retrying connect to server: localhost/127.0.0.1:13128. Already tried 3 time(s); retry policy is RetryUpToMaximumCountWithFixedSleep(maxRetries=10, sleepTime=1000 MILLISECONDS)
2019-08-22 21:27:53,757 | INFO  | SCMAudit | user=jenkins1000 | ip=192.168.36.65 | op=SEND_HEARTBEAT {datanodeUUID=5c1d6db1-13a6-44c6-b93f-b1706e8ca29c, command=[]} | ret=SUCCESS |  
2019-08-22 21:27:53,776 [grpc-default-executor-6] WARN  server.GrpcLogAppender (LogUtils.java:warn(134)) - omNode-3->omNode-1: Failed appendEntries: org.apache.ratis.thirdparty.io.grpc.StatusRuntimeException: UNAVAILABLE: io exception
2019-08-22 21:27:53,776 [grpc-default-executor-8] WARN  server.GrpcLogAppender (LogUtils.java:warn(134)) - omNode-3->omNode-2: Failed appendEntries: org.apache.ratis.thirdparty.io.grpc.StatusRuntimeException: UNAVAILABLE: io exception
2019-08-22 21:27:53,776 [grpc-default-executor-6] INFO  impl.FollowerInfo (FollowerInfo.java:lambda$new$0(50)) - omNode-3->omNode-1: nextIndex: updateUnconditionally 0 -> 0
2019-08-22 21:27:53,776 [grpc-default-executor-8] INFO  impl.FollowerInfo (FollowerInfo.java:lambda$new$0(50)) - omNode-3->omNode-2: nextIndex: updateUnconditionally 0 -> 0
2019-08-22 21:27:54,276 [grpc-default-executor-7] WARN  server.GrpcLogAppender (LogUtils.java:warn(134)) - omNode-3->omNode-2: Failed appendEntries: org.apache.ratis.thirdparty.io.grpc.StatusRuntimeException: UNAVAILABLE: io exception
2019-08-22 21:27:54,276 [grpc-default-executor-4] WARN  server.GrpcLogAppender (LogUtils.java:warn(134)) - omNode-3->omNode-1: Failed appendEntries: org.apache.ratis.thirdparty.io.grpc.StatusRuntimeException: UNAVAILABLE: io exception
2019-08-22 21:27:54,277 [grpc-default-executor-7] INFO  impl.FollowerInfo (FollowerInfo.java:lambda$new$0(50)) - omNode-3->omNode-2: nextIndex: updateUnconditionally 0 -> 0
2019-08-22 21:27:54,277 [grpc-default-executor-4] INFO  impl.FollowerInfo (FollowerInfo.java:lambda$new$0(50)) - omNode-3->omNode-1: nextIndex: updateUnconditionally 0 -> 0
2019-08-22 21:27:54,405 [Thread-7213] INFO  ipc.Client (Client.java:handleConnectionFailure(948)) - Retrying connect to server: localhost/127.0.0.1:13128. Already tried 4 time(s); retry policy is RetryUpToMaximumCountWithFixedSleep(maxRetries=10, sleepTime=1000 MILLISECONDS)
2019-08-22 21:27:54,757 | INFO  | SCMAudit | user=jenkins1000 | ip=192.168.36.65 | op=SEND_HEARTBEAT {datanodeUUID=5c1d6db1-13a6-44c6-b93f-b1706e8ca29c, command=[]} | ret=SUCCESS |  
2019-08-22 21:27:54,777 [grpc-default-executor-8] WARN  server.GrpcLogAppender (LogUtils.java:warn(134)) - omNode-3->omNode-1: Failed appendEntries: org.apache.ratis.thirdparty.io.grpc.StatusRuntimeException: UNAVAILABLE: io exception
2019-08-22 21:27:54,777 [grpc-default-executor-6] WARN  server.GrpcLogAppender (LogUtils.java:warn(134)) - omNode-3->omNode-2: Failed appendEntries: org.apache.ratis.thirdparty.io.grpc.StatusRuntimeException: UNAVAILABLE: io exception
2019-08-22 21:27:54,777 [grpc-default-executor-8] INFO  impl.FollowerInfo (FollowerInfo.java:lambda$new$0(50)) - omNode-3->omNode-1: nextIndex: updateUnconditionally 0 -> 0
2019-08-22 21:27:54,778 [grpc-default-executor-6] INFO  impl.FollowerInfo (FollowerInfo.java:lambda$new$0(50)) - omNode-3->omNode-2: nextIndex: updateUnconditionally 0 -> 0
2019-08-22 21:27:55,277 [grpc-default-executor-8] WARN  server.GrpcLogAppender (LogUtils.java:warn(134)) - omNode-3->omNode-2: Failed appendEntries: org.apache.ratis.thirdparty.io.grpc.StatusRuntimeException: UNAVAILABLE: io exception
2019-08-22 21:27:55,277 [grpc-default-executor-4] WARN  server.GrpcLogAppender (LogUtils.java:warn(134)) - omNode-3->omNode-1: Failed appendEntries: org.apache.ratis.thirdparty.io.grpc.StatusRuntimeException: UNAVAILABLE: io exception
2019-08-22 21:27:55,278 [grpc-default-executor-8] INFO  impl.FollowerInfo (FollowerInfo.java:lambda$new$0(50)) - omNode-3->omNode-2: nextIndex: updateUnconditionally 0 -> 0
2019-08-22 21:27:55,278 [grpc-default-executor-4] INFO  impl.FollowerInfo (FollowerInfo.java:lambda$new$0(50)) - omNode-3->omNode-1: nextIndex: updateUnconditionally 0 -> 0
2019-08-22 21:27:55,406 [Thread-7213] INFO  ipc.Client (Client.java:handleConnectionFailure(948)) - Retrying connect to server: localhost/127.0.0.1:13128. Already tried 5 time(s); retry policy is RetryUpToMaximumCountWithFixedSleep(maxRetries=10, sleepTime=1000 MILLISECONDS)
2019-08-22 21:27:55,758 | INFO  | SCMAudit | user=jenkins1000 | ip=192.168.36.65 | op=SEND_HEARTBEAT {datanodeUUID=5c1d6db1-13a6-44c6-b93f-b1706e8ca29c, command=[]} | ret=SUCCESS |  
2019-08-22 21:27:55,778 [grpc-default-executor-6] WARN  server.GrpcLogAppender (LogUtils.java:warn(134)) - omNode-3->omNode-2: Failed appendEntries: org.apache.ratis.thirdparty.io.grpc.StatusRuntimeException: UNAVAILABLE: io exception
2019-08-22 21:27:55,778 [grpc-default-executor-8] WARN  server.GrpcLogAppender (LogUtils.java:warn(134)) - omNode-3->omNode-1: Failed appendEntries: org.apache.ratis.thirdparty.io.grpc.StatusRuntimeException: UNAVAILABLE: io exception
2019-08-22 21:27:55,778 [grpc-default-executor-6] INFO  impl.FollowerInfo (FollowerInfo.java:lambda$new$0(50)) - omNode-3->omNode-2: nextIndex: updateUnconditionally 0 -> 0
2019-08-22 21:27:55,778 [grpc-default-executor-8] INFO  impl.FollowerInfo (FollowerInfo.java:lambda$new$0(50)) - omNode-3->omNode-1: nextIndex: updateUnconditionally 0 -> 0
2019-08-22 21:27:56,279 [grpc-default-executor-4] WARN  server.GrpcLogAppender (LogUtils.java:warn(134)) - omNode-3->omNode-2: Failed appendEntries: org.apache.ratis.thirdparty.io.grpc.StatusRuntimeException: UNAVAILABLE: io exception
2019-08-22 21:27:56,279 [grpc-default-executor-5] WARN  server.GrpcLogAppender (LogUtils.java:warn(134)) - omNode-3->omNode-1: Failed appendEntries: org.apache.ratis.thirdparty.io.grpc.StatusRuntimeException: UNAVAILABLE: io exception
2019-08-22 21:27:56,279 [grpc-default-executor-4] INFO  impl.FollowerInfo (FollowerInfo.java:lambda$new$0(50)) - omNode-3->omNode-2: nextIndex: updateUnconditionally 0 -> 0
2019-08-22 21:27:56,279 [grpc-default-executor-5] INFO  impl.FollowerInfo (FollowerInfo.java:lambda$new$0(50)) - omNode-3->omNode-1: nextIndex: updateUnconditionally 0 -> 0
2019-08-22 21:27:56,407 [Thread-7213] INFO  ipc.Client (Client.java:handleConnectionFailure(948)) - Retrying connect to server: localhost/127.0.0.1:13128. Already tried 6 time(s); retry policy is RetryUpToMaximumCountWithFixedSleep(maxRetries=10, sleepTime=1000 MILLISECONDS)
2019-08-22 21:27:56,758 | INFO  | SCMAudit | user=jenkins1000 | ip=192.168.36.65 | op=SEND_HEARTBEAT {datanodeUUID=5c1d6db1-13a6-44c6-b93f-b1706e8ca29c, command=[]} | ret=SUCCESS |  
2019-08-22 21:27:56,779 [grpc-default-executor-7] WARN  server.GrpcLogAppender (LogUtils.java:warn(134)) - omNode-3->omNode-2: Failed appendEntries: org.apache.ratis.thirdparty.io.grpc.StatusRuntimeException: UNAVAILABLE: io exception
2019-08-22 21:27:56,779 [grpc-default-executor-6] WARN  server.GrpcLogAppender (LogUtils.java:warn(134)) - omNode-3->omNode-1: Failed appendEntries: org.apache.ratis.thirdparty.io.grpc.StatusRuntimeException: UNAVAILABLE: io exception
2019-08-22 21:27:56,780 [grpc-default-executor-7] INFO  impl.FollowerInfo (FollowerInfo.java:lambda$new$0(50)) - omNode-3->omNode-2: nextIndex: updateUnconditionally 0 -> 0
2019-08-22 21:27:56,780 [grpc-default-executor-6] INFO  impl.FollowerInfo (FollowerInfo.java:lambda$new$0(50)) - omNode-3->omNode-1: nextIndex: updateUnconditionally 0 -> 0
2019-08-22 21:27:57,280 [grpc-default-executor-7] WARN  server.GrpcLogAppender (LogUtils.java:warn(134)) - omNode-3->omNode-2: Failed appendEntries: org.apache.ratis.thirdparty.io.grpc.StatusRuntimeException: UNAVAILABLE: io exception
2019-08-22 21:27:57,280 [grpc-default-executor-3] WARN  server.GrpcLogAppender (LogUtils.java:warn(134)) - omNode-3->omNode-1: Failed appendEntries: org.apache.ratis.thirdparty.io.grpc.StatusRuntimeException: UNAVAILABLE: io exception
2019-08-22 21:27:57,280 [grpc-default-executor-7] INFO  impl.FollowerInfo (FollowerInfo.java:lambda$new$0(50)) - omNode-3->omNode-2: nextIndex: updateUnconditionally 0 -> 0
2019-08-22 21:27:57,280 [grpc-default-executor-3] INFO  impl.FollowerInfo (FollowerInfo.java:lambda$new$0(50)) - omNode-3->omNode-1: nextIndex: updateUnconditionally 0 -> 0
2019-08-22 21:27:57,410 [Thread-7213] INFO  ipc.Client (Client.java:handleConnectionFailure(948)) - Retrying connect to server: localhost/127.0.0.1:13128. Already tried 7 time(s); retry policy is RetryUpToMaximumCountWithFixedSleep(maxRetries=10, sleepTime=1000 MILLISECONDS)
2019-08-22 21:27:57,758 | INFO  | SCMAudit | user=jenkins1000 | ip=192.168.36.65 | op=SEND_HEARTBEAT {datanodeUUID=5c1d6db1-13a6-44c6-b93f-b1706e8ca29c, command=[]} | ret=SUCCESS |  
2019-08-22 21:27:57,780 [grpc-default-executor-5] WARN  server.GrpcLogAppender (LogUtils.java:warn(134)) - omNode-3->omNode-2: Failed appendEntries: org.apache.ratis.thirdparty.io.grpc.StatusRuntimeException: UNAVAILABLE: io exception
2019-08-22 21:27:57,780 [grpc-default-executor-4] WARN  server.GrpcLogAppender (LogUtils.java:warn(134)) - omNode-3->omNode-1: Failed appendEntries: org.apache.ratis.thirdparty.io.grpc.StatusRuntimeException: UNAVAILABLE: io exception
2019-08-22 21:27:57,780 [grpc-default-executor-5] INFO  impl.FollowerInfo (FollowerInfo.java:lambda$new$0(50)) - omNode-3->omNode-2: nextIndex: updateUnconditionally 0 -> 0
2019-08-22 21:27:57,781 [grpc-default-executor-4] INFO  impl.FollowerInfo (FollowerInfo.java:lambda$new$0(50)) - omNode-3->omNode-1: nextIndex: updateUnconditionally 0 -> 0
2019-08-22 21:27:58,281 [grpc-default-executor-4] WARN  server.GrpcLogAppender (LogUtils.java:warn(134)) - omNode-3->omNode-2: Failed appendEntries: org.apache.ratis.thirdparty.io.grpc.StatusRuntimeException: UNAVAILABLE: io exception
2019-08-22 21:27:58,281 [grpc-default-executor-7] WARN  server.GrpcLogAppender (LogUtils.java:warn(134)) - omNode-3->omNode-1: Failed appendEntries: org.apache.ratis.thirdparty.io.grpc.StatusRuntimeException: UNAVAILABLE: io exception
2019-08-22 21:27:58,281 [grpc-default-executor-4] INFO  impl.FollowerInfo (FollowerInfo.java:lambda$new$0(50)) - omNode-3->omNode-2: nextIndex: updateUnconditionally 0 -> 0
2019-08-22 21:27:58,281 [grpc-default-executor-7] INFO  impl.FollowerInfo (FollowerInfo.java:lambda$new$0(50)) - omNode-3->omNode-1: nextIndex: updateUnconditionally 0 -> 0
2019-08-22 21:27:58,411 [Thread-7213] INFO  ipc.Client (Client.java:handleConnectionFailure(948)) - Retrying connect to server: localhost/127.0.0.1:13128. Already tried 8 time(s); retry policy is RetryUpToMaximumCountWithFixedSleep(maxRetries=10, sleepTime=1000 MILLISECONDS)
2019-08-22 21:27:58,758 | INFO  | SCMAudit | user=jenkins1000 | ip=192.168.36.65 | op=SEND_HEARTBEAT {datanodeUUID=5c1d6db1-13a6-44c6-b93f-b1706e8ca29c, command=[]} | ret=SUCCESS |  
2019-08-22 21:27:58,781 [grpc-default-executor-4] WARN  server.GrpcLogAppender (LogUtils.java:warn(134)) - omNode-3->omNode-2: Failed appendEntries: org.apache.ratis.thirdparty.io.grpc.StatusRuntimeException: UNAVAILABLE: io exception
2019-08-22 21:27:58,781 [grpc-default-executor-7] WARN  server.GrpcLogAppender (LogUtils.java:warn(134)) - omNode-3->omNode-1: Failed appendEntries: org.apache.ratis.thirdparty.io.grpc.StatusRuntimeException: UNAVAILABLE: io exception
2019-08-22 21:27:58,782 [grpc-default-executor-4] INFO  impl.FollowerInfo (FollowerInfo.java:lambda$new$0(50)) - omNode-3->omNode-2: nextIndex: updateUnconditionally 0 -> 0
2019-08-22 21:27:58,782 [grpc-default-executor-7] INFO  impl.FollowerInfo (FollowerInfo.java:lambda$new$0(50)) - omNode-3->omNode-1: nextIndex: updateUnconditionally 0 -> 0
2019-08-22 21:27:59,282 [grpc-default-executor-3] WARN  server.GrpcLogAppender (LogUtils.java:warn(134)) - omNode-3->omNode-1: Failed appendEntries: org.apache.ratis.thirdparty.io.grpc.StatusRuntimeException: UNAVAILABLE: io exception
2019-08-22 21:27:59,282 [grpc-default-executor-8] WARN  server.GrpcLogAppender (LogUtils.java:warn(134)) - omNode-3->omNode-2: Failed appendEntries: org.apache.ratis.thirdparty.io.grpc.StatusRuntimeException: UNAVAILABLE: io exception
2019-08-22 21:27:59,282 [grpc-default-executor-3] INFO  impl.FollowerInfo (FollowerInfo.java:lambda$new$0(50)) - omNode-3->omNode-1: nextIndex: updateUnconditionally 0 -> 0
2019-08-22 21:27:59,282 [grpc-default-executor-8] INFO  impl.FollowerInfo (FollowerInfo.java:lambda$new$0(50)) - omNode-3->omNode-2: nextIndex: updateUnconditionally 0 -> 0
2019-08-22 21:27:59,412 [Thread-7213] INFO  ipc.Client (Client.java:handleConnectionFailure(948)) - Retrying connect to server: localhost/127.0.0.1:13128. Already tried 9 time(s); retry policy is RetryUpToMaximumCountWithFixedSleep(maxRetries=10, sleepTime=1000 MILLISECONDS)
2019-08-22 21:27:59,414 [Thread-7213] INFO  retry.RetryInvocationHandler (RetryInvocationHandler.java:log(411)) - com.google.protobuf.ServiceException: java.net.ConnectException: Call From pr-hdds-1975-qxxlx-297662434/192.168.36.65 to localhost:13128 failed on connection exception: java.net.ConnectException: Connection refused; For more details see:  http://wiki.apache.org/hadoop/ConnectionRefused, while invoking $Proxy48.submitRequest over nodeId=omNode-1,nodeAddress=127.0.0.1:13128 after 2 failover attempts. Trying to failover immediately.
2019-08-22 21:27:59,759 | INFO  | SCMAudit | user=jenkins1000 | ip=192.168.36.65 | op=SEND_HEARTBEAT {datanodeUUID=5c1d6db1-13a6-44c6-b93f-b1706e8ca29c, command=[]} | ret=SUCCESS |  
2019-08-22 21:27:59,782 [grpc-default-executor-8] WARN  server.GrpcLogAppender (LogUtils.java:warn(134)) - omNode-3->omNode-2: Failed appendEntries: org.apache.ratis.thirdparty.io.grpc.StatusRuntimeException: UNAVAILABLE: io exception
2019-08-22 21:27:59,782 [grpc-default-executor-4] WARN  server.GrpcLogAppender (LogUtils.java:warn(134)) - omNode-3->omNode-1: Failed appendEntries: org.apache.ratis.thirdparty.io.grpc.StatusRuntimeException: UNAVAILABLE: io exception
2019-08-22 21:27:59,783 [grpc-default-executor-8] INFO  impl.FollowerInfo (FollowerInfo.java:lambda$new$0(50)) - omNode-3->omNode-2: nextIndex: updateUnconditionally 0 -> 0
2019-08-22 21:27:59,783 [grpc-default-executor-4] INFO  impl.FollowerInfo (FollowerInfo.java:lambda$new$0(50)) - omNode-3->omNode-1: nextIndex: updateUnconditionally 0 -> 0
2019-08-22 21:28:00,283 [grpc-default-executor-3] WARN  server.GrpcLogAppender (LogUtils.java:warn(134)) - omNode-3->omNode-1: Failed appendEntries: org.apache.ratis.thirdparty.io.grpc.StatusRuntimeException: UNAVAILABLE: io exception
2019-08-22 21:28:00,283 [grpc-default-executor-6] WARN  server.GrpcLogAppender (LogUtils.java:warn(134)) - omNode-3->omNode-2: Failed appendEntries: org.apache.ratis.thirdparty.io.grpc.StatusRuntimeException: UNAVAILABLE: io exception
2019-08-22 21:28:00,283 [grpc-default-executor-3] INFO  impl.FollowerInfo (FollowerInfo.java:lambda$new$0(50)) - omNode-3->omNode-1: nextIndex: updateUnconditionally 0 -> 0
2019-08-22 21:28:00,284 [grpc-default-executor-6] INFO  impl.FollowerInfo (FollowerInfo.java:lambda$new$0(50)) - omNode-3->omNode-2: nextIndex: updateUnconditionally 0 -> 0
2019-08-22 21:28:00,415 [Thread-7213] INFO  ipc.Client (Client.java:handleConnectionFailure(948)) - Retrying connect to server: localhost/127.0.0.1:13134. Already tried 0 time(s); retry policy is RetryUpToMaximumCountWithFixedSleep(maxRetries=10, sleepTime=1000 MILLISECONDS)
2019-08-22 21:28:00,759 | INFO  | SCMAudit | user=jenkins1000 | ip=192.168.36.65 | op=SEND_HEARTBEAT {datanodeUUID=5c1d6db1-13a6-44c6-b93f-b1706e8ca29c, command=[]} | ret=SUCCESS |  
2019-08-22 21:28:00,783 [grpc-default-executor-8] WARN  server.GrpcLogAppender (LogUtils.java:warn(134)) - omNode-3->omNode-1: Failed appendEntries: org.apache.ratis.thirdparty.io.grpc.StatusRuntimeException: UNAVAILABLE: io exception
2019-08-22 21:28:00,783 [grpc-default-executor-4] WARN  server.GrpcLogAppender (LogUtils.java:warn(134)) - omNode-3->omNode-2: Failed appendEntries: org.apache.ratis.thirdparty.io.grpc.StatusRuntimeException: UNAVAILABLE: io exception
2019-08-22 21:28:00,784 [grpc-default-executor-8] INFO  impl.FollowerInfo (FollowerInfo.java:lambda$new$0(50)) - omNode-3->omNode-1: nextIndex: updateUnconditionally 0 -> 0
2019-08-22 21:28:00,784 [grpc-default-executor-4] INFO  impl.FollowerInfo (FollowerInfo.java:lambda$new$0(50)) - omNode-3->omNode-2: nextIndex: updateUnconditionally 0 -> 0
2019-08-22 21:28:01,284 [grpc-default-executor-4] WARN  server.GrpcLogAppender (LogUtils.java:warn(134)) - omNode-3->omNode-2: Failed appendEntries: org.apache.ratis.thirdparty.io.grpc.StatusRuntimeException: UNAVAILABLE: io exception
2019-08-22 21:28:01,284 [grpc-default-executor-3] WARN  server.GrpcLogAppender (LogUtils.java:warn(134)) - omNode-3->omNode-1: Failed appendEntries: org.apache.ratis.thirdparty.io.grpc.StatusRuntimeException: UNAVAILABLE: io exception
2019-08-22 21:28:01,285 [grpc-default-executor-4] INFO  impl.FollowerInfo (FollowerInfo.java:lambda$new$0(50)) - omNode-3->omNode-2: nextIndex: updateUnconditionally 0 -> 0
2019-08-22 21:28:01,285 [grpc-default-executor-3] INFO  impl.FollowerInfo (FollowerInfo.java:lambda$new$0(50)) - omNode-3->omNode-1: nextIndex: updateUnconditionally 0 -> 0
2019-08-22 21:28:01,417 [Thread-7213] INFO  ipc.Client (Client.java:handleConnectionFailure(948)) - Retrying connect to server: localhost/127.0.0.1:13134. Already tried 1 time(s); retry policy is RetryUpToMaximumCountWithFixedSleep(maxRetries=10, sleepTime=1000 MILLISECONDS)
2019-08-22 21:28:01,759 | INFO  | SCMAudit | user=jenkins1000 | ip=192.168.36.65 | op=SEND_HEARTBEAT {datanodeUUID=5c1d6db1-13a6-44c6-b93f-b1706e8ca29c, command=[]} | ret=SUCCESS |  
2019-08-22 21:28:01,785 [grpc-default-executor-7] WARN  server.GrpcLogAppender (LogUtils.java:warn(134)) - omNode-3->omNode-2: Failed appendEntries: org.apache.ratis.thirdparty.io.grpc.StatusRuntimeException: UNAVAILABLE: io exception
2019-08-22 21:28:01,785 [grpc-default-executor-5] WARN  server.GrpcLogAppender (LogUtils.java:warn(134)) - omNode-3->omNode-1: Failed appendEntries: org.apache.ratis.thirdparty.io.grpc.StatusRuntimeException: UNAVAILABLE: io exception
2019-08-22 21:28:01,785 [grpc-default-executor-7] INFO  impl.FollowerInfo (FollowerInfo.java:lambda$new$0(50)) - omNode-3->omNode-2: nextIndex: updateUnconditionally 0 -> 0
2019-08-22 21:28:01,785 [grpc-default-executor-5] INFO  impl.FollowerInfo (FollowerInfo.java:lambda$new$0(50)) - omNode-3->omNode-1: nextIndex: updateUnconditionally 0 -> 0
2019-08-22 21:28:02,285 [grpc-default-executor-8] WARN  server.GrpcLogAppender (LogUtils.java:warn(134)) - omNode-3->omNode-2: Failed appendEntries: org.apache.ratis.thirdparty.io.grpc.StatusRuntimeException: UNAVAILABLE: io exception
2019-08-22 21:28:02,285 [grpc-default-executor-7] WARN  server.GrpcLogAppender (LogUtils.java:warn(134)) - omNode-3->omNode-1: Failed appendEntries: org.apache.ratis.thirdparty.io.grpc.StatusRuntimeException: UNAVAILABLE: io exception
2019-08-22 21:28:02,286 [grpc-default-executor-8] INFO  impl.FollowerInfo (FollowerInfo.java:lambda$new$0(50)) - omNode-3->omNode-2: nextIndex: updateUnconditionally 0 -> 0
2019-08-22 21:28:02,286 [grpc-default-executor-7] INFO  impl.FollowerInfo (FollowerInfo.java:lambda$new$0(50)) - omNode-3->omNode-1: nextIndex: updateUnconditionally 0 -> 0
2019-08-22 21:28:02,418 [Thread-7213] INFO  ipc.Client (Client.java:handleConnectionFailure(948)) - Retrying connect to server: localhost/127.0.0.1:13134. Already tried 2 time(s); retry policy is RetryUpToMaximumCountWithFixedSleep(maxRetries=10, sleepTime=1000 MILLISECONDS)
2019-08-22 21:28:02,759 | INFO  | SCMAudit | user=jenkins1000 | ip=192.168.36.65 | op=SEND_HEARTBEAT {datanodeUUID=5c1d6db1-13a6-44c6-b93f-b1706e8ca29c, command=[]} | ret=SUCCESS |  
2019-08-22 21:28:02,786 [grpc-default-executor-3] WARN  server.GrpcLogAppender (LogUtils.java:warn(134)) - omNode-3->omNode-1: Failed appendEntries: org.apache.ratis.thirdparty.io.grpc.StatusRuntimeException: UNAVAILABLE: io exception
2019-08-22 21:28:02,786 [grpc-default-executor-6] WARN  server.GrpcLogAppender (LogUtils.java:warn(134)) - omNode-3->omNode-2: Failed appendEntries: org.apache.ratis.thirdparty.io.grpc.StatusRuntimeException: UNAVAILABLE: io exception
2019-08-22 21:28:02,786 [grpc-default-executor-3] INFO  impl.FollowerInfo (FollowerInfo.java:lambda$new$0(50)) - omNode-3->omNode-1: nextIndex: updateUnconditionally 0 -> 0
2019-08-22 21:28:02,787 [grpc-default-executor-6] INFO  impl.FollowerInfo (FollowerInfo.java:lambda$new$0(50)) - omNode-3->omNode-2: nextIndex: updateUnconditionally 0 -> 0
2019-08-22 21:28:03,286 [grpc-default-executor-6] WARN  server.GrpcLogAppender (LogUtils.java:warn(134)) - omNode-3->omNode-2: Failed appendEntries: org.apache.ratis.thirdparty.io.grpc.StatusRuntimeException: UNAVAILABLE: io exception
2019-08-22 21:28:03,286 [grpc-default-executor-8] WARN  server.GrpcLogAppender (LogUtils.java:warn(134)) - omNode-3->omNode-1: Failed appendEntries: org.apache.ratis.thirdparty.io.grpc.StatusRuntimeException: UNAVAILABLE: io exception
2019-08-22 21:28:03,287 [grpc-default-executor-6] INFO  impl.FollowerInfo (FollowerInfo.java:lambda$new$0(50)) - omNode-3->omNode-2: nextIndex: updateUnconditionally 0 -> 0
2019-08-22 21:28:03,287 [grpc-default-executor-8] INFO  impl.FollowerInfo (FollowerInfo.java:lambda$new$0(50)) - omNode-3->omNode-1: nextIndex: updateUnconditionally 0 -> 0
2019-08-22 21:28:03,420 [Thread-7213] INFO  ipc.Client (Client.java:handleConnectionFailure(948)) - Retrying connect to server: localhost/127.0.0.1:13134. Already tried 3 time(s); retry policy is RetryUpToMaximumCountWithFixedSleep(maxRetries=10, sleepTime=1000 MILLISECONDS)
2019-08-22 21:28:03,759 | INFO  | SCMAudit | user=jenkins1000 | ip=192.168.36.65 | op=SEND_HEARTBEAT {datanodeUUID=5c1d6db1-13a6-44c6-b93f-b1706e8ca29c, command=[]} | ret=SUCCESS |  
2019-08-22 21:28:03,788 [grpc-default-executor-6] WARN  server.GrpcLogAppender (LogUtils.java:warn(134)) - omNode-3->omNode-2: Failed appendEntries: org.apache.ratis.thirdparty.io.grpc.StatusRuntimeException: UNAVAILABLE: io exception
2019-08-22 21:28:03,788 [grpc-default-executor-8] WARN  server.GrpcLogAppender (LogUtils.java:warn(134)) - omNode-3->omNode-1: Failed appendEntries: org.apache.ratis.thirdparty.io.grpc.StatusRuntimeException: UNAVAILABLE: io exception
2019-08-22 21:28:03,788 [grpc-default-executor-6] INFO  impl.FollowerInfo (FollowerInfo.java:lambda$new$0(50)) - omNode-3->omNode-2: nextIndex: updateUnconditionally 0 -> 0
2019-08-22 21:28:03,788 [grpc-default-executor-8] INFO  impl.FollowerInfo (FollowerInfo.java:lambda$new$0(50)) - omNode-3->omNode-1: nextIndex: updateUnconditionally 0 -> 0
2019-08-22 21:28:04,288 [grpc-default-executor-5] WARN  server.GrpcLogAppender (LogUtils.java:warn(134)) - omNode-3->omNode-2: Failed appendEntries: org.apache.ratis.thirdparty.io.grpc.StatusRuntimeException: UNAVAILABLE: io exception
2019-08-22 21:28:04,288 [grpc-default-executor-4] WARN  server.GrpcLogAppender (LogUtils.java:warn(134)) - omNode-3->omNode-1: Failed appendEntries: org.apache.ratis.thirdparty.io.grpc.StatusRuntimeException: UNAVAILABLE: io exception
2019-08-22 21:28:04,288 [grpc-default-executor-5] INFO  impl.FollowerInfo (FollowerInfo.java:lambda$new$0(50)) - omNode-3->omNode-2: nextIndex: updateUnconditionally 0 -> 0
2019-08-22 21:28:04,289 [grpc-default-executor-4] INFO  impl.FollowerInfo (FollowerInfo.java:lambda$new$0(50)) - omNode-3->omNode-1: nextIndex: updateUnconditionally 0 -> 0
2019-08-22 21:28:04,421 [Thread-7213] INFO  ipc.Client (Client.java:handleConnectionFailure(948)) - Retrying connect to server: localhost/127.0.0.1:13134. Already tried 4 time(s); retry policy is RetryUpToMaximumCountWithFixedSleep(maxRetries=10, sleepTime=1000 MILLISECONDS)
2019-08-22 21:28:04,759 | INFO  | SCMAudit | user=jenkins1000 | ip=192.168.36.65 | op=SEND_HEARTBEAT {datanodeUUID=5c1d6db1-13a6-44c6-b93f-b1706e8ca29c, command=[]} | ret=SUCCESS |  
2019-08-22 21:28:04,788 [grpc-default-executor-5] WARN  server.GrpcLogAppender (LogUtils.java:warn(134)) - omNode-3->omNode-1: Failed appendEntries: org.apache.ratis.thirdparty.io.grpc.StatusRuntimeException: UNAVAILABLE: io exception
2019-08-22 21:28:04,788 [grpc-default-executor-7] WARN  server.GrpcLogAppender (LogUtils.java:warn(134)) - omNode-3->omNode-2: Failed appendEntries: org.apache.ratis.thirdparty.io.grpc.StatusRuntimeException: UNAVAILABLE: io exception
2019-08-22 21:28:04,789 [grpc-default-executor-5] INFO  impl.FollowerInfo (FollowerInfo.java:lambda$new$0(50)) - omNode-3->omNode-1: nextIndex: updateUnconditionally 0 -> 0
2019-08-22 21:28:04,789 [grpc-default-executor-7] INFO  impl.FollowerInfo (FollowerInfo.java:lambda$new$0(50)) - omNode-3->omNode-2: nextIndex: updateUnconditionally 0 -> 0
2019-08-22 21:28:05,289 [grpc-default-executor-4] WARN  server.GrpcLogAppender (LogUtils.java:warn(134)) - omNode-3->omNode-2: Failed appendEntries: org.apache.ratis.thirdparty.io.grpc.StatusRuntimeException: UNAVAILABLE: io exception
2019-08-22 21:28:05,289 [grpc-default-executor-8] WARN  server.GrpcLogAppender (LogUtils.java:warn(134)) - omNode-3->omNode-1: Failed appendEntries: org.apache.ratis.thirdparty.io.grpc.StatusRuntimeException: UNAVAILABLE: io exception
2019-08-22 21:28:05,289 [grpc-default-executor-4] INFO  impl.FollowerInfo (FollowerInfo.java:lambda$new$0(50)) - omNode-3->omNode-2: nextIndex: updateUnconditionally 0 -> 0
2019-08-22 21:28:05,290 [grpc-default-executor-8] INFO  impl.FollowerInfo (FollowerInfo.java:lambda$new$0(50)) - omNode-3->omNode-1: nextIndex: updateUnconditionally 0 -> 0
2019-08-22 21:28:05,422 [Thread-7213] INFO  ipc.Client (Client.java:handleConnectionFailure(948)) - Retrying connect to server: localhost/127.0.0.1:13134. Already tried 5 time(s); retry policy is RetryUpToMaximumCountWithFixedSleep(maxRetries=10, sleepTime=1000 MILLISECONDS)
2019-08-22 21:28:05,759 | INFO  | SCMAudit | user=jenkins1000 | ip=192.168.36.65 | op=SEND_HEARTBEAT {datanodeUUID=5c1d6db1-13a6-44c6-b93f-b1706e8ca29c, command=[]} | ret=SUCCESS |  
2019-08-22 21:28:05,789 [grpc-default-executor-4] WARN  server.GrpcLogAppender (LogUtils.java:warn(134)) - omNode-3->omNode-2: Failed appendEntries: org.apache.ratis.thirdparty.io.grpc.StatusRuntimeException: UNAVAILABLE: io exception
2019-08-22 21:28:05,789 [grpc-default-executor-5] WARN  server.GrpcLogAppender (LogUtils.java:warn(134)) - omNode-3->omNode-1: Failed appendEntries: org.apache.ratis.thirdparty.io.grpc.StatusRuntimeException: UNAVAILABLE: io exception
2019-08-22 21:28:05,790 [grpc-default-executor-4] INFO  impl.FollowerInfo (FollowerInfo.java:lambda$new$0(50)) - omNode-3->omNode-2: nextIndex: updateUnconditionally 0 -> 0
2019-08-22 21:28:05,790 [grpc-default-executor-5] INFO  impl.FollowerInfo (FollowerInfo.java:lambda$new$0(50)) - omNode-3->omNode-1: nextIndex: updateUnconditionally 0 -> 0
2019-08-22 21:28:06,290 [grpc-default-executor-7] WARN  server.GrpcLogAppender (LogUtils.java:warn(134)) - omNode-3->omNode-1: Failed appendEntries: org.apache.ratis.thirdparty.io.grpc.StatusRuntimeException: UNAVAILABLE: io exception
2019-08-22 21:28:06,290 [grpc-default-executor-3] WARN  server.GrpcLogAppender (LogUtils.java:warn(134)) - omNode-3->omNode-2: Failed appendEntries: org.apache.ratis.thirdparty.io.grpc.StatusRuntimeException: UNAVAILABLE: io exception
2019-08-22 21:28:06,291 [grpc-default-executor-7] INFO  impl.FollowerInfo (FollowerInfo.java:lambda$new$0(50)) - omNode-3->omNode-1: nextIndex: updateUnconditionally 0 -> 0
2019-08-22 21:28:06,291 [grpc-default-executor-3] INFO  impl.FollowerInfo (FollowerInfo.java:lambda$new$0(50)) - omNode-3->omNode-2: nextIndex: updateUnconditionally 0 -> 0
2019-08-22 21:28:06,423 [Thread-7213] INFO  ipc.Client (Client.java:handleConnectionFailure(948)) - Retrying connect to server: localhost/127.0.0.1:13134. Already tried 6 time(s); retry policy is RetryUpToMaximumCountWithFixedSleep(maxRetries=10, sleepTime=1000 MILLISECONDS)
2019-08-22 21:28:06,758 | INFO  | SCMAudit | user=jenkins1000 | ip=192.168.36.65 | op=SEND_HEARTBEAT {datanodeUUID=5c1d6db1-13a6-44c6-b93f-b1706e8ca29c, command=[]} | ret=SUCCESS |  
2019-08-22 21:28:06,791 [grpc-default-executor-5] WARN  server.GrpcLogAppender (LogUtils.java:warn(134)) - omNode-3->omNode-1: Failed appendEntries: org.apache.ratis.thirdparty.io.grpc.StatusRuntimeException: UNAVAILABLE: io exception
2019-08-22 21:28:06,791 [grpc-default-executor-7] WARN  server.GrpcLogAppender (LogUtils.java:warn(134)) - omNode-3->omNode-2: Failed appendEntries: org.apache.ratis.thirdparty.io.grpc.StatusRuntimeException: UNAVAILABLE: io exception
2019-08-22 21:28:06,791 [grpc-default-executor-5] INFO  impl.FollowerInfo (FollowerInfo.java:lambda$new$0(50)) - omNode-3->omNode-1: nextIndex: updateUnconditionally 0 -> 0
2019-08-22 21:28:06,791 [grpc-default-executor-7] INFO  impl.FollowerInfo (FollowerInfo.java:lambda$new$0(50)) - omNode-3->omNode-2: nextIndex: updateUnconditionally 0 -> 0
2019-08-22 21:28:07,291 [grpc-default-executor-3] WARN  server.GrpcLogAppender (LogUtils.java:warn(134)) - omNode-3->omNode-1: Failed appendEntries: org.apache.ratis.thirdparty.io.grpc.StatusRuntimeException: UNAVAILABLE: io exception
2019-08-22 21:28:07,291 [grpc-default-executor-7] WARN  server.GrpcLogAppender (LogUtils.java:warn(134)) - omNode-3->omNode-2: Failed appendEntries: org.apache.ratis.thirdparty.io.grpc.StatusRuntimeException: UNAVAILABLE: io exception
2019-08-22 21:28:07,292 [grpc-default-executor-3] INFO  impl.FollowerInfo (FollowerInfo.java:lambda$new$0(50)) - omNode-3->omNode-1: nextIndex: updateUnconditionally 0 -> 0
2019-08-22 21:28:07,292 [grpc-default-executor-7] INFO  impl.FollowerInfo (FollowerInfo.java:lambda$new$0(50)) - omNode-3->omNode-2: nextIndex: updateUnconditionally 0 -> 0
2019-08-22 21:28:07,424 [Thread-7213] INFO  ipc.Client (Client.java:handleConnectionFailure(948)) - Retrying connect to server: localhost/127.0.0.1:13134. Already tried 7 time(s); retry policy is RetryUpToMaximumCountWithFixedSleep(maxRetries=10, sleepTime=1000 MILLISECONDS)
2019-08-22 21:28:07,760 | INFO  | SCMAudit | user=jenkins1000 | ip=192.168.36.65 | op=SEND_HEARTBEAT {datanodeUUID=5c1d6db1-13a6-44c6-b93f-b1706e8ca29c, command=[]} | ret=SUCCESS |  
2019-08-22 21:28:07,792 [grpc-default-executor-7] WARN  server.GrpcLogAppender (LogUtils.java:warn(134)) - omNode-3->omNode-1: Failed appendEntries: org.apache.ratis.thirdparty.io.grpc.StatusRuntimeException: UNAVAILABLE: io exception
2019-08-22 21:28:07,792 [grpc-default-executor-5] WARN  server.GrpcLogAppender (LogUtils.java:warn(134)) - omNode-3->omNode-2: Failed appendEntries: org.apache.ratis.thirdparty.io.grpc.StatusRuntimeException: UNAVAILABLE: io exception
2019-08-22 21:28:07,792 [grpc-default-executor-7] INFO  impl.FollowerInfo (FollowerInfo.java:lambda$new$0(50)) - omNode-3->omNode-1: nextIndex: updateUnconditionally 0 -> 0
2019-08-22 21:28:07,792 [grpc-default-executor-5] INFO  impl.FollowerInfo (FollowerInfo.java:lambda$new$0(50)) - omNode-3->omNode-2: nextIndex: updateUnconditionally 0 -> 0
2019-08-22 21:28:08,292 [grpc-default-executor-7] WARN  server.GrpcLogAppender (LogUtils.java:warn(134)) - omNode-3->omNode-1: Failed appendEntries: org.apache.ratis.thirdparty.io.grpc.StatusRuntimeException: UNAVAILABLE: io exception
2019-08-22 21:28:08,292 [grpc-default-executor-6] WARN  server.GrpcLogAppender (LogUtils.java:warn(134)) - omNode-3->omNode-2: Failed appendEntries: org.apache.ratis.thirdparty.io.grpc.StatusRuntimeException: UNAVAILABLE: io exception
2019-08-22 21:28:08,293 [grpc-default-executor-7] INFO  impl.FollowerInfo (FollowerInfo.java:lambda$new$0(50)) - omNode-3->omNode-1: nextIndex: updateUnconditionally 0 -> 0
2019-08-22 21:28:08,293 [grpc-default-executor-6] INFO  impl.FollowerInfo (FollowerInfo.java:lambda$new$0(50)) - omNode-3->omNode-2: nextIndex: updateUnconditionally 0 -> 0
2019-08-22 21:28:08,425 [Thread-7213] INFO  ipc.Client (Client.java:handleConnectionFailure(948)) - Retrying connect to server: localhost/127.0.0.1:13134. Already tried 8 time(s); retry policy is RetryUpToMaximumCountWithFixedSleep(maxRetries=10, sleepTime=1000 MILLISECONDS)
2019-08-22 21:28:08,759 | INFO  | SCMAudit | user=jenkins1000 | ip=192.168.36.65 | op=SEND_HEARTBEAT {datanodeUUID=5c1d6db1-13a6-44c6-b93f-b1706e8ca29c, command=[]} | ret=SUCCESS |  
2019-08-22 21:28:08,793 [grpc-default-executor-3] WARN  server.GrpcLogAppender (LogUtils.java:warn(134)) - omNode-3->omNode-1: Failed appendEntries: org.apache.ratis.thirdparty.io.grpc.StatusRuntimeException: UNAVAILABLE: io exception
2019-08-22 21:28:08,793 [grpc-default-executor-8] WARN  server.GrpcLogAppender (LogUtils.java:warn(134)) - omNode-3->omNode-2: Failed appendEntries: org.apache.ratis.thirdparty.io.grpc.StatusRuntimeException: UNAVAILABLE: io exception
2019-08-22 21:28:08,793 [grpc-default-executor-3] INFO  impl.FollowerInfo (FollowerInfo.java:lambda$new$0(50)) - omNode-3->omNode-1: nextIndex: updateUnconditionally 0 -> 0
2019-08-22 21:28:08,793 [grpc-default-executor-8] INFO  impl.FollowerInfo (FollowerInfo.java:lambda$new$0(50)) - omNode-3->omNode-2: nextIndex: updateUnconditionally 0 -> 0
2019-08-22 21:28:09,293 [grpc-default-executor-3] WARN  server.GrpcLogAppender (LogUtils.java:warn(134)) - omNode-3->omNode-2: Failed appendEntries: org.apache.ratis.thirdparty.io.grpc.StatusRuntimeException: UNAVAILABLE: io exception
2019-08-22 21:28:09,293 [grpc-default-executor-8] WARN  server.GrpcLogAppender (LogUtils.java:warn(134)) - omNode-3->omNode-1: Failed appendEntries: org.apache.ratis.thirdparty.io.grpc.StatusRuntimeException: UNAVAILABLE: io exception
2019-08-22 21:28:09,294 [grpc-default-executor-3] INFO  impl.FollowerInfo (FollowerInfo.java:lambda$new$0(50)) - omNode-3->omNode-2: nextIndex: updateUnconditionally 0 -> 0
2019-08-22 21:28:09,294 [grpc-default-executor-8] INFO  impl.FollowerInfo (FollowerInfo.java:lambda$new$0(50)) - omNode-3->omNode-1: nextIndex: updateUnconditionally 0 -> 0
2019-08-22 21:28:09,427 [Thread-7213] INFO  ipc.Client (Client.java:handleConnectionFailure(948)) - Retrying connect to server: localhost/127.0.0.1:13134. Already tried 9 time(s); retry policy is RetryUpToMaximumCountWithFixedSleep(maxRetries=10, sleepTime=1000 MILLISECONDS)
2019-08-22 21:28:09,428 [Thread-7213] INFO  retry.RetryInvocationHandler (RetryInvocationHandler.java:log(411)) - com.google.protobuf.ServiceException: java.net.ConnectException: Call From pr-hdds-1975-qxxlx-297662434/192.168.36.65 to localhost:13134 failed on connection exception: java.net.ConnectException: Connection refused; For more details see:  http://wiki.apache.org/hadoop/ConnectionRefused, while invoking $Proxy48.submitRequest over nodeId=omNode-2,nodeAddress=127.0.0.1:13134 after 3 failover attempts. Trying to failover immediately.
2019-08-22 21:28:09,436 [IPC Server handler 4 on 13140] WARN  ipc.Server (Server.java:logException(2724)) - IPC Server handler 4 on 13140, call Call#724 Retry#4 org.apache.hadoop.ozone.om.protocol.OzoneManagerProtocol.submitRequest from 127.0.0.1:52074
java.lang.NullPointerException
	at org.apache.hadoop.ozone.om.helpers.OMRatisHelper.getOMResponseFromRaftClientReply(OMRatisHelper.java:105)
	at org.apache.hadoop.ozone.om.ratis.OzoneManagerRatisServer.processReply(OzoneManagerRatisServer.java:178)
	at org.apache.hadoop.ozone.om.ratis.OzoneManagerRatisServer.submitRequest(OzoneManagerRatisServer.java:131)
	at org.apache.hadoop.ozone.protocolPB.OzoneManagerProtocolServerSideTranslatorPB.submitRequestToRatis(OzoneManagerProtocolServerSideTranslatorPB.java:163)
	at org.apache.hadoop.ozone.protocolPB.OzoneManagerProtocolServerSideTranslatorPB.submitRequest(OzoneManagerProtocolServerSideTranslatorPB.java:107)
	at org.apache.hadoop.ozone.protocol.proto.OzoneManagerProtocolProtos$OzoneManagerService$2.callBlockingMethod(OzoneManagerProtocolProtos.java)
	at org.apache.hadoop.ipc.ProtobufRpcEngine$Server$ProtoBufRpcInvoker.call(ProtobufRpcEngine.java:524)
	at org.apache.hadoop.ipc.RPC$Server.call(RPC.java:1025)
	at org.apache.hadoop.ipc.Server$RpcCall.run(Server.java:876)
	at org.apache.hadoop.ipc.Server$RpcCall.run(Server.java:822)
	at java.security.AccessController.doPrivileged(Native Method)
	at javax.security.auth.Subject.doAs(Subject.java:422)
	at org.apache.hadoop.security.UserGroupInformation.doAs(UserGroupInformation.java:1730)
	at org.apache.hadoop.ipc.Server$Handler.run(Server.java:2682)
2019-08-22 21:28:09,440 [Thread-7213] INFO  retry.RetryInvocationHandler (RetryInvocationHandler.java:log(411)) - com.google.protobuf.ServiceException: org.apache.hadoop.ipc.RemoteException(java.lang.NullPointerException): java.lang.NullPointerException
	at org.apache.hadoop.ozone.om.helpers.OMRatisHelper.getOMResponseFromRaftClientReply(OMRatisHelper.java:105)
	at org.apache.hadoop.ozone.om.ratis.OzoneManagerRatisServer.processReply(OzoneManagerRatisServer.java:178)
	at org.apache.hadoop.ozone.om.ratis.OzoneManagerRatisServer.submitRequest(OzoneManagerRatisServer.java:131)
	at org.apache.hadoop.ozone.protocolPB.OzoneManagerProtocolServerSideTranslatorPB.submitRequestToRatis(OzoneManagerProtocolServerSideTranslatorPB.java:163)
	at org.apache.hadoop.ozone.protocolPB.OzoneManagerProtocolServerSideTranslatorPB.submitRequest(OzoneManagerProtocolServerSideTranslatorPB.java:107)
	at org.apache.hadoop.ozone.protocol.proto.OzoneManagerProtocolProtos$OzoneManagerService$2.callBlockingMethod(OzoneManagerProtocolProtos.java)
	at org.apache.hadoop.ipc.ProtobufRpcEngine$Server$ProtoBufRpcInvoker.call(ProtobufRpcEngine.java:524)
	at org.apache.hadoop.ipc.RPC$Server.call(RPC.java:1025)
	at org.apache.hadoop.ipc.Server$RpcCall.run(Server.java:876)
	at org.apache.hadoop.ipc.Server$RpcCall.run(Server.java:822)
	at java.security.AccessController.doPrivileged(Native Method)
	at javax.security.auth.Subject.doAs(Subject.java:422)
	at org.apache.hadoop.security.UserGroupInformation.doAs(UserGroupInformation.java:1730)
	at org.apache.hadoop.ipc.Server$Handler.run(Server.java:2682)
, while invoking $Proxy48.submitRequest over nodeId=omNode-3,nodeAddress=127.0.0.1:13140 after 4 failover attempts. Trying to failover immediately.
2019-08-22 21:28:09,759 | INFO  | SCMAudit | user=jenkins1000 | ip=192.168.36.65 | op=SEND_HEARTBEAT {datanodeUUID=5c1d6db1-13a6-44c6-b93f-b1706e8ca29c, command=[]} | ret=SUCCESS |  
2019-08-22 21:28:09,794 [grpc-default-executor-8] WARN  server.GrpcLogAppender (LogUtils.java:warn(134)) - omNode-3->omNode-2: Failed appendEntries: org.apache.ratis.thirdparty.io.grpc.StatusRuntimeException: UNAVAILABLE: io exception
2019-08-22 21:28:09,794 [grpc-default-executor-6] WARN  server.GrpcLogAppender (LogUtils.java:warn(134)) - omNode-3->omNode-1: Failed appendEntries: org.apache.ratis.thirdparty.io.grpc.StatusRuntimeException: UNAVAILABLE: io exception
2019-08-22 21:28:09,794 [grpc-default-executor-8] INFO  impl.FollowerInfo (FollowerInfo.java:lambda$new$0(50)) - omNode-3->omNode-2: nextIndex: updateUnconditionally 0 -> 0
2019-08-22 21:28:09,795 [grpc-default-executor-6] INFO  impl.FollowerInfo (FollowerInfo.java:lambda$new$0(50)) - omNode-3->omNode-1: nextIndex: updateUnconditionally 0 -> 0
2019-08-22 21:28:10,294 [grpc-default-executor-6] WARN  server.GrpcLogAppender (LogUtils.java:warn(134)) - omNode-3->omNode-1: Failed appendEntries: org.apache.ratis.thirdparty.io.grpc.StatusRuntimeException: UNAVAILABLE: io exception
2019-08-22 21:28:10,294 [grpc-default-executor-7] WARN  server.GrpcLogAppender (LogUtils.java:warn(134)) - omNode-3->omNode-2: Failed appendEntries: org.apache.ratis.thirdparty.io.grpc.StatusRuntimeException: UNAVAILABLE: io exception
2019-08-22 21:28:10,295 [grpc-default-executor-6] INFO  impl.FollowerInfo (FollowerInfo.java:lambda$new$0(50)) - omNode-3->omNode-1: nextIndex: updateUnconditionally 0 -> 0
2019-08-22 21:28:10,295 [grpc-default-executor-7] INFO  impl.FollowerInfo (FollowerInfo.java:lambda$new$0(50)) - omNode-3->omNode-2: nextIndex: updateUnconditionally 0 -> 0
2019-08-22 21:28:10,440 [Thread-7213] INFO  ipc.Client (Client.java:handleConnectionFailure(948)) - Retrying connect to server: localhost/127.0.0.1:13128. Already tried 0 time(s); retry policy is RetryUpToMaximumCountWithFixedSleep(maxRetries=10, sleepTime=1000 MILLISECONDS)
2019-08-22 21:28:10,760 | INFO  | SCMAudit | user=jenkins1000 | ip=192.168.36.65 | op=SEND_HEARTBEAT {datanodeUUID=5c1d6db1-13a6-44c6-b93f-b1706e8ca29c, command=[]} | ret=SUCCESS |  
2019-08-22 21:28:10,795 [grpc-default-executor-7] WARN  server.GrpcLogAppender (LogUtils.java:warn(134)) - omNode-3->omNode-2: Failed appendEntries: org.apache.ratis.thirdparty.io.grpc.StatusRuntimeException: UNAVAILABLE: io exception
2019-08-22 21:28:10,795 [grpc-default-executor-3] WARN  server.GrpcLogAppender (LogUtils.java:warn(134)) - omNode-3->omNode-1: Failed appendEntries: org.apache.ratis.thirdparty.io.grpc.StatusRuntimeException: UNAVAILABLE: io exception
2019-08-22 21:28:10,795 [grpc-default-executor-7] INFO  impl.FollowerInfo (FollowerInfo.java:lambda$new$0(50)) - omNode-3->omNode-2: nextIndex: updateUnconditionally 0 -> 0
2019-08-22 21:28:10,795 [grpc-default-executor-3] INFO  impl.FollowerInfo (FollowerInfo.java:lambda$new$0(50)) - omNode-3->omNode-1: nextIndex: updateUnconditionally 0 -> 0
2019-08-22 21:28:11,296 [grpc-default-executor-3] WARN  server.GrpcLogAppender (LogUtils.java:warn(134)) - omNode-3->omNode-1: Failed appendEntries: org.apache.ratis.thirdparty.io.grpc.StatusRuntimeException: UNAVAILABLE: io exception
2019-08-22 21:28:11,296 [grpc-default-executor-6] WARN  server.GrpcLogAppender (LogUtils.java:warn(134)) - omNode-3->omNode-2: Failed appendEntries: org.apache.ratis.thirdparty.io.grpc.StatusRuntimeException: UNAVAILABLE: io exception
2019-08-22 21:28:11,296 [grpc-default-executor-3] INFO  impl.FollowerInfo (FollowerInfo.java:lambda$new$0(50)) - omNode-3->omNode-1: nextIndex: updateUnconditionally 0 -> 0
2019-08-22 21:28:11,296 [grpc-default-executor-6] INFO  impl.FollowerInfo (FollowerInfo.java:lambda$new$0(50)) - omNode-3->omNode-2: nextIndex: updateUnconditionally 0 -> 0
2019-08-22 21:28:11,441 [Thread-7213] INFO  ipc.Client (Client.java:handleConnectionFailure(948)) - Retrying connect to server: localhost/127.0.0.1:13128. Already tried 1 time(s); retry policy is RetryUpToMaximumCountWithFixedSleep(maxRetries=10, sleepTime=1000 MILLISECONDS)
2019-08-22 21:28:11,760 | INFO  | SCMAudit | user=jenkins1000 | ip=192.168.36.65 | op=SEND_HEARTBEAT {datanodeUUID=5c1d6db1-13a6-44c6-b93f-b1706e8ca29c, command=[]} | ret=SUCCESS |  
2019-08-22 21:28:11,796 [grpc-default-executor-6] WARN  server.GrpcLogAppender (LogUtils.java:warn(134)) - omNode-3->omNode-2: Failed appendEntries: org.apache.ratis.thirdparty.io.grpc.StatusRuntimeException: UNAVAILABLE: io exception
2019-08-22 21:28:11,796 [grpc-default-executor-3] WARN  server.GrpcLogAppender (LogUtils.java:warn(134)) - omNode-3->omNode-1: Failed appendEntries: org.apache.ratis.thirdparty.io.grpc.StatusRuntimeException: UNAVAILABLE: io exception
2019-08-22 21:28:11,797 [grpc-default-executor-6] INFO  impl.FollowerInfo (FollowerInfo.java:lambda$new$0(50)) - omNode-3->omNode-2: nextIndex: updateUnconditionally 0 -> 0
2019-08-22 21:28:11,797 [grpc-default-executor-3] INFO  impl.FollowerInfo (FollowerInfo.java:lambda$new$0(50)) - omNode-3->omNode-1: nextIndex: updateUnconditionally 0 -> 0
2019-08-22 21:28:12,297 [grpc-default-executor-8] WARN  server.GrpcLogAppender (LogUtils.java:warn(134)) - omNode-3->omNode-1: Failed appendEntries: org.apache.ratis.thirdparty.io.grpc.StatusRuntimeException: UNAVAILABLE: io exception
2019-08-22 21:28:12,297 [grpc-default-executor-5] WARN  server.GrpcLogAppender (LogUtils.java:warn(134)) - omNode-3->omNode-2: Failed appendEntries: org.apache.ratis.thirdparty.io.grpc.StatusRuntimeException: UNAVAILABLE: io exception
2019-08-22 21:28:12,297 [grpc-default-executor-8] INFO  impl.FollowerInfo (FollowerInfo.java:lambda$new$0(50)) - omNode-3->omNode-1: nextIndex: updateUnconditionally 0 -> 0
2019-08-22 21:28:12,298 [grpc-default-executor-5] INFO  impl.FollowerInfo (FollowerInfo.java:lambda$new$0(50)) - omNode-3->omNode-2: nextIndex: updateUnconditionally 0 -> 0
2019-08-22 21:28:12,442 [Thread-7213] INFO  ipc.Client (Client.java:handleConnectionFailure(948)) - Retrying connect to server: localhost/127.0.0.1:13128. Already tried 2 time(s); retry policy is RetryUpToMaximumCountWithFixedSleep(maxRetries=10, sleepTime=1000 MILLISECONDS)
2019-08-22 21:28:12,760 | INFO  | SCMAudit | user=jenkins1000 | ip=192.168.36.65 | op=SEND_HEARTBEAT {datanodeUUID=5c1d6db1-13a6-44c6-b93f-b1706e8ca29c, command=[]} | ret=SUCCESS |  
2019-08-22 21:28:12,798 [grpc-default-executor-5] WARN  server.GrpcLogAppender (LogUtils.java:warn(134)) - omNode-3->omNode-2: Failed appendEntries: org.apache.ratis.thirdparty.io.grpc.StatusRuntimeException: UNAVAILABLE: io exception
2019-08-22 21:28:12,798 [grpc-default-executor-8] WARN  server.GrpcLogAppender (LogUtils.java:warn(134)) - omNode-3->omNode-1: Failed appendEntries: org.apache.ratis.thirdparty.io.grpc.StatusRuntimeException: UNAVAILABLE: io exception
2019-08-22 21:28:12,798 [grpc-default-executor-5] INFO  impl.FollowerInfo (FollowerInfo.java:lambda$new$0(50)) - omNode-3->omNode-2: nextIndex: updateUnconditionally 0 -> 0
2019-08-22 21:28:12,798 [grpc-default-executor-8] INFO  impl.FollowerInfo (FollowerInfo.java:lambda$new$0(50)) - omNode-3->omNode-1: nextIndex: updateUnconditionally 0 -> 0
2019-08-22 21:28:13,298 [grpc-default-executor-4] WARN  server.GrpcLogAppender (LogUtils.java:warn(134)) - omNode-3->omNode-2: Failed appendEntries: org.apache.ratis.thirdparty.io.grpc.StatusRuntimeException: UNAVAILABLE: io exception
2019-08-22 21:28:13,298 [grpc-default-executor-6] WARN  server.GrpcLogAppender (LogUtils.java:warn(134)) - omNode-3->omNode-1: Failed appendEntries: org.apache.ratis.thirdparty.io.grpc.StatusRuntimeException: UNAVAILABLE: io exception
2019-08-22 21:28:13,298 [grpc-default-executor-4] INFO  impl.FollowerInfo (FollowerInfo.java:lambda$new$0(50)) - omNode-3->omNode-2: nextIndex: updateUnconditionally 0 -> 0
2019-08-22 21:28:13,299 [grpc-default-executor-6] INFO  impl.FollowerInfo (FollowerInfo.java:lambda$new$0(50)) - omNode-3->omNode-1: nextIndex: updateUnconditionally 0 -> 0
2019-08-22 21:28:13,444 [Thread-7213] INFO  ipc.Client (Client.java:handleConnectionFailure(948)) - Retrying connect to server: localhost/127.0.0.1:13128. Already tried 3 time(s); retry policy is RetryUpToMaximumCountWithFixedSleep(maxRetries=10, sleepTime=1000 MILLISECONDS)
2019-08-22 21:28:13,760 | INFO  | SCMAudit | user=jenkins1000 | ip=192.168.36.65 | op=SEND_HEARTBEAT {datanodeUUID=5c1d6db1-13a6-44c6-b93f-b1706e8ca29c, command=[]} | ret=SUCCESS |  
2019-08-22 21:28:13,799 [grpc-default-executor-4] WARN  server.GrpcLogAppender (LogUtils.java:warn(134)) - omNode-3->omNode-2: Failed appendEntries: org.apache.ratis.thirdparty.io.grpc.StatusRuntimeException: UNAVAILABLE: io exception
2019-08-22 21:28:13,799 [grpc-default-executor-6] WARN  server.GrpcLogAppender (LogUtils.java:warn(134)) - omNode-3->omNode-1: Failed appendEntries: org.apache.ratis.thirdparty.io.grpc.StatusRuntimeException: UNAVAILABLE: io exception
2019-08-22 21:28:13,800 [grpc-default-executor-4] INFO  impl.FollowerInfo (FollowerInfo.java:lambda$new$0(50)) - omNode-3->omNode-2: nextIndex: updateUnconditionally 0 -> 0
2019-08-22 21:28:13,800 [grpc-default-executor-6] INFO  impl.FollowerInfo (FollowerInfo.java:lambda$new$0(50)) - omNode-3->omNode-1: nextIndex: updateUnconditionally 0 -> 0
2019-08-22 21:28:14,300 [grpc-default-executor-4] WARN  server.GrpcLogAppender (LogUtils.java:warn(134)) - omNode-3->omNode-1: Failed appendEntries: org.apache.ratis.thirdparty.io.grpc.StatusRuntimeException: UNAVAILABLE: io exception
2019-08-22 21:28:14,300 [grpc-default-executor-6] WARN  server.GrpcLogAppender (LogUtils.java:warn(134)) - omNode-3->omNode-2: Failed appendEntries: org.apache.ratis.thirdparty.io.grpc.StatusRuntimeException: UNAVAILABLE: io exception
2019-08-22 21:28:14,300 [grpc-default-executor-4] INFO  impl.FollowerInfo (FollowerInfo.java:lambda$new$0(50)) - omNode-3->omNode-1: nextIndex: updateUnconditionally 0 -> 0
2019-08-22 21:28:14,300 [grpc-default-executor-6] INFO  impl.FollowerInfo (FollowerInfo.java:lambda$new$0(50)) - omNode-3->omNode-2: nextIndex: updateUnconditionally 0 -> 0
2019-08-22 21:28:14,447 [Thread-7213] INFO  ipc.Client (Client.java:handleConnectionFailure(948)) - Retrying connect to server: localhost/127.0.0.1:13128. Already tried 4 time(s); retry policy is RetryUpToMaximumCountWithFixedSleep(maxRetries=10, sleepTime=1000 MILLISECONDS)
2019-08-22 21:28:14,759 | INFO  | SCMAudit | user=jenkins1000 | ip=192.168.36.65 | op=SEND_HEARTBEAT {datanodeUUID=5c1d6db1-13a6-44c6-b93f-b1706e8ca29c, command=[]} | ret=SUCCESS |  
2019-08-22 21:28:14,800 [grpc-default-executor-7] WARN  server.GrpcLogAppender (LogUtils.java:warn(134)) - omNode-3->omNode-2: Failed appendEntries: org.apache.ratis.thirdparty.io.grpc.StatusRuntimeException: UNAVAILABLE: io exception
2019-08-22 21:28:14,800 [grpc-default-executor-3] WARN  server.GrpcLogAppender (LogUtils.java:warn(134)) - omNode-3->omNode-1: Failed appendEntries: org.apache.ratis.thirdparty.io.grpc.StatusRuntimeException: UNAVAILABLE: io exception
2019-08-22 21:28:14,800 [grpc-default-executor-7] INFO  impl.FollowerInfo (FollowerInfo.java:lambda$new$0(50)) - omNode-3->omNode-2: nextIndex: updateUnconditionally 0 -> 0
2019-08-22 21:28:14,801 [grpc-default-executor-3] INFO  impl.FollowerInfo (FollowerInfo.java:lambda$new$0(50)) - omNode-3->omNode-1: nextIndex: updateUnconditionally 0 -> 0
2019-08-22 21:28:15,300 [grpc-default-executor-5] WARN  server.GrpcLogAppender (LogUtils.java:warn(134)) - omNode-3->omNode-2: Failed appendEntries: org.apache.ratis.thirdparty.io.grpc.StatusRuntimeException: UNAVAILABLE: io exception
2019-08-22 21:28:15,300 [grpc-default-executor-6] WARN  server.GrpcLogAppender (LogUtils.java:warn(134)) - omNode-3->omNode-1: Failed appendEntries: org.apache.ratis.thirdparty.io.grpc.StatusRuntimeException: UNAVAILABLE: io exception
2019-08-22 21:28:15,301 [grpc-default-executor-5] INFO  impl.FollowerInfo (FollowerInfo.java:lambda$new$0(50)) - omNode-3->omNode-2: nextIndex: updateUnconditionally 0 -> 0
2019-08-22 21:28:15,301 [grpc-default-executor-6] INFO  impl.FollowerInfo (FollowerInfo.java:lambda$new$0(50)) - omNode-3->omNode-1: nextIndex: updateUnconditionally 0 -> 0
2019-08-22 21:28:15,450 [Thread-7213] INFO  ipc.Client (Client.java:handleConnectionFailure(948)) - Retrying connect to server: localhost/127.0.0.1:13128. Already tried 5 time(s); retry policy is RetryUpToMaximumCountWithFixedSleep(maxRetries=10, sleepTime=1000 MILLISECONDS)
2019-08-22 21:28:15,760 | INFO  | SCMAudit | user=jenkins1000 | ip=192.168.36.65 | op=SEND_HEARTBEAT {datanodeUUID=5c1d6db1-13a6-44c6-b93f-b1706e8ca29c, command=[]} | ret=SUCCESS |  
2019-08-22 21:28:15,801 [grpc-default-executor-7] WARN  server.GrpcLogAppender (LogUtils.java:warn(134)) - omNode-3->omNode-1: Failed appendEntries: org.apache.ratis.thirdparty.io.grpc.StatusRuntimeException: UNAVAILABLE: io exception
2019-08-22 21:28:15,801 [grpc-default-executor-4] WARN  server.GrpcLogAppender (LogUtils.java:warn(134)) - omNode-3->omNode-2: Failed appendEntries: org.apache.ratis.thirdparty.io.grpc.StatusRuntimeException: UNAVAILABLE: io exception
2019-08-22 21:28:15,801 [grpc-default-executor-7] INFO  impl.FollowerInfo (FollowerInfo.java:lambda$new$0(50)) - omNode-3->omNode-1: nextIndex: updateUnconditionally 0 -> 0
2019-08-22 21:28:15,801 [grpc-default-executor-4] INFO  impl.FollowerInfo (FollowerInfo.java:lambda$new$0(50)) - omNode-3->omNode-2: nextIndex: updateUnconditionally 0 -> 0
2019-08-22 21:28:16,301 [grpc-default-executor-6] WARN  server.GrpcLogAppender (LogUtils.java:warn(134)) - omNode-3->omNode-1: Failed appendEntries: org.apache.ratis.thirdparty.io.grpc.StatusRuntimeException: UNAVAILABLE: io exception
2019-08-22 21:28:16,301 [grpc-default-executor-8] WARN  server.GrpcLogAppender (LogUtils.java:warn(134)) - omNode-3->omNode-2: Failed appendEntries: org.apache.ratis.thirdparty.io.grpc.StatusRuntimeException: UNAVAILABLE: io exception
2019-08-22 21:28:16,302 [grpc-default-executor-6] INFO  impl.FollowerInfo (FollowerInfo.java:lambda$new$0(50)) - omNode-3->omNode-1: nextIndex: updateUnconditionally 0 -> 0
2019-08-22 21:28:16,302 [grpc-default-executor-8] INFO  impl.FollowerInfo (FollowerInfo.java:lambda$new$0(50)) - omNode-3->omNode-2: nextIndex: updateUnconditionally 0 -> 0
2019-08-22 21:28:16,451 [Thread-7213] INFO  ipc.Client (Client.java:handleConnectionFailure(948)) - Retrying connect to server: localhost/127.0.0.1:13128. Already tried 6 time(s); retry policy is RetryUpToMaximumCountWithFixedSleep(maxRetries=10, sleepTime=1000 MILLISECONDS)
2019-08-22 21:28:16,760 | INFO  | SCMAudit | user=jenkins1000 | ip=192.168.36.65 | op=SEND_HEARTBEAT {datanodeUUID=5c1d6db1-13a6-44c6-b93f-b1706e8ca29c, command=[]} | ret=SUCCESS |  
2019-08-22 21:28:16,802 [grpc-default-executor-3] WARN  server.GrpcLogAppender (LogUtils.java:warn(134)) - omNode-3->omNode-2: Failed appendEntries: org.apache.ratis.thirdparty.io.grpc.StatusRuntimeException: UNAVAILABLE: io exception
2019-08-22 21:28:16,802 [grpc-default-executor-6] WARN  server.GrpcLogAppender (LogUtils.java:warn(134)) - omNode-3->omNode-1: Failed appendEntries: org.apache.ratis.thirdparty.io.grpc.StatusRuntimeException: UNAVAILABLE: io exception
2019-08-22 21:28:16,802 [grpc-default-executor-3] INFO  impl.FollowerInfo (FollowerInfo.java:lambda$new$0(50)) - omNode-3->omNode-2: nextIndex: updateUnconditionally 0 -> 0
2019-08-22 21:28:16,803 [grpc-default-executor-6] INFO  impl.FollowerInfo (FollowerInfo.java:lambda$new$0(50)) - omNode-3->omNode-1: nextIndex: updateUnconditionally 0 -> 0
2019-08-22 21:28:17,303 [grpc-default-executor-3] WARN  server.GrpcLogAppender (LogUtils.java:warn(134)) - omNode-3->omNode-2: Failed appendEntries: org.apache.ratis.thirdparty.io.grpc.StatusRuntimeException: UNAVAILABLE: io exception
2019-08-22 21:28:17,303 [grpc-default-executor-6] WARN  server.GrpcLogAppender (LogUtils.java:warn(134)) - omNode-3->omNode-1: Failed appendEntries: org.apache.ratis.thirdparty.io.grpc.StatusRuntimeException: UNAVAILABLE: io exception
2019-08-22 21:28:17,303 [grpc-default-executor-3] INFO  impl.FollowerInfo (FollowerInfo.java:lambda$new$0(50)) - omNode-3->omNode-2: nextIndex: updateUnconditionally 0 -> 0
2019-08-22 21:28:17,303 [grpc-default-executor-6] INFO  impl.FollowerInfo (FollowerInfo.java:lambda$new$0(50)) - omNode-3->omNode-1: nextIndex: updateUnconditionally 0 -> 0
2019-08-22 21:28:17,453 [Thread-7213] INFO  ipc.Client (Client.java:handleConnectionFailure(948)) - Retrying connect to server: localhost/127.0.0.1:13128. Already tried 7 time(s); retry policy is RetryUpToMaximumCountWithFixedSleep(maxRetries=10, sleepTime=1000 MILLISECONDS)
2019-08-22 21:28:18,002 | INFO  | SCMAudit | user=jenkins1000 | ip=192.168.36.65 | op=SEND_HEARTBEAT {datanodeUUID=5c1d6db1-13a6-44c6-b93f-b1706e8ca29c, command=[]} | ret=SUCCESS |  
2019-08-22 21:28:18,018 [grpc-default-executor-5] WARN  server.GrpcLogAppender (LogUtils.java:warn(134)) - omNode-3->omNode-1: Failed appendEntries: org.apache.ratis.thirdparty.io.grpc.StatusRuntimeException: UNAVAILABLE: io exception
2019-08-22 21:28:18,018 [grpc-default-executor-7] WARN  server.GrpcLogAppender (LogUtils.java:warn(134)) - omNode-3->omNode-2: Failed appendEntries: org.apache.ratis.thirdparty.io.grpc.StatusRuntimeException: UNAVAILABLE: io exception
2019-08-22 21:28:18,018 [grpc-default-executor-5] INFO  impl.FollowerInfo (FollowerInfo.java:lambda$new$0(50)) - omNode-3->omNode-1: nextIndex: updateUnconditionally 0 -> 0
2019-08-22 21:28:18,018 [grpc-default-executor-7] INFO  impl.FollowerInfo (FollowerInfo.java:lambda$new$0(50)) - omNode-3->omNode-2: nextIndex: updateUnconditionally 0 -> 0
2019-08-22 21:28:18,454 [Thread-7213] INFO  ipc.Client (Client.java:handleConnectionFailure(948)) - Retrying connect to server: localhost/127.0.0.1:13128. Already tried 8 time(s); retry policy is RetryUpToMaximumCountWithFixedSleep(maxRetries=10, sleepTime=1000 MILLISECONDS)
2019-08-22 21:28:18,518 [grpc-default-executor-7] WARN  server.GrpcLogAppender (LogUtils.java:warn(134)) - omNode-3->omNode-1: Failed appendEntries: org.apache.ratis.thirdparty.io.grpc.StatusRuntimeException: UNAVAILABLE: io exception
2019-08-22 21:28:18,519 [grpc-default-executor-7] INFO  impl.FollowerInfo (FollowerInfo.java:lambda$new$0(50)) - omNode-3->omNode-1: nextIndex: updateUnconditionally 0 -> 0
2019-08-22 21:28:18,519 [grpc-default-executor-3] WARN  server.GrpcLogAppender (LogUtils.java:warn(134)) - omNode-3->omNode-2: Failed appendEntries: org.apache.ratis.thirdparty.io.grpc.StatusRuntimeException: UNAVAILABLE: io exception
2019-08-22 21:28:18,519 [grpc-default-executor-3] INFO  impl.FollowerInfo (FollowerInfo.java:lambda$new$0(50)) - omNode-3->omNode-2: nextIndex: updateUnconditionally 0 -> 0
2019-08-22 21:28:18,760 | INFO  | SCMAudit | user=jenkins1000 | ip=192.168.36.65 | op=SEND_HEARTBEAT {datanodeUUID=5c1d6db1-13a6-44c6-b93f-b1706e8ca29c, command=[]} | ret=SUCCESS |  
2019-08-22 21:28:19,017 [grpc-default-executor-5] WARN  server.GrpcLogAppender (LogUtils.java:warn(134)) - omNode-3->omNode-1: Failed appendEntries: org.apache.ratis.thirdparty.io.grpc.StatusRuntimeException: UNAVAILABLE: io exception
2019-08-22 21:28:19,017 [grpc-default-executor-5] INFO  impl.FollowerInfo (FollowerInfo.java:lambda$new$0(50)) - omNode-3->omNode-1: nextIndex: updateUnconditionally 0 -> 0
2019-08-22 21:28:19,019 [grpc-default-executor-3] WARN  server.GrpcLogAppender (LogUtils.java:warn(134)) - omNode-3->omNode-2: Failed appendEntries: org.apache.ratis.thirdparty.io.grpc.StatusRuntimeException: UNAVAILABLE: io exception
2019-08-22 21:28:19,020 [grpc-default-executor-3] INFO  impl.FollowerInfo (FollowerInfo.java:lambda$new$0(50)) - omNode-3->omNode-2: nextIndex: updateUnconditionally 0 -> 0
2019-08-22 21:28:19,455 [Thread-7213] INFO  ipc.Client (Client.java:handleConnectionFailure(948)) - Retrying connect to server: localhost/127.0.0.1:13128. Already tried 9 time(s); retry policy is RetryUpToMaximumCountWithFixedSleep(maxRetries=10, sleepTime=1000 MILLISECONDS)
2019-08-22 21:28:19,457 [Thread-7213] INFO  retry.RetryInvocationHandler (RetryInvocationHandler.java:log(411)) - com.google.protobuf.ServiceException: java.net.ConnectException: Call From pr-hdds-1975-qxxlx-297662434/192.168.36.65 to localhost:13128 failed on connection exception: java.net.ConnectException: Connection refused; For more details see:  http://wiki.apache.org/hadoop/ConnectionRefused, while invoking $Proxy48.submitRequest over nodeId=omNode-1,nodeAddress=127.0.0.1:13128 after 5 failover attempts. Trying to failover immediately.
2019-08-22 21:28:19,517 [grpc-default-executor-7] WARN  server.GrpcLogAppender (LogUtils.java:warn(134)) - omNode-3->omNode-1: Failed appendEntries: org.apache.ratis.thirdparty.io.grpc.StatusRuntimeException: UNAVAILABLE: io exception
2019-08-22 21:28:19,517 [grpc-default-executor-7] INFO  impl.FollowerInfo (FollowerInfo.java:lambda$new$0(50)) - omNode-3->omNode-1: nextIndex: updateUnconditionally 0 -> 0
2019-08-22 21:28:19,520 [grpc-default-executor-5] WARN  server.GrpcLogAppender (LogUtils.java:warn(134)) - omNode-3->omNode-2: Failed appendEntries: org.apache.ratis.thirdparty.io.grpc.StatusRuntimeException: UNAVAILABLE: io exception
2019-08-22 21:28:19,520 [grpc-default-executor-5] INFO  impl.FollowerInfo (FollowerInfo.java:lambda$new$0(50)) - omNode-3->omNode-2: nextIndex: updateUnconditionally 0 -> 0
2019-08-22 21:28:19,760 | INFO  | SCMAudit | user=jenkins1000 | ip=192.168.36.65 | op=SEND_HEARTBEAT {datanodeUUID=5c1d6db1-13a6-44c6-b93f-b1706e8ca29c, command=[]} | ret=SUCCESS |  
2019-08-22 21:28:20,018 [grpc-default-executor-3] WARN  server.GrpcLogAppender (LogUtils.java:warn(134)) - omNode-3->omNode-1: Failed appendEntries: org.apache.ratis.thirdparty.io.grpc.StatusRuntimeException: UNAVAILABLE: io exception
2019-08-22 21:28:20,018 [grpc-default-executor-3] INFO  impl.FollowerInfo (FollowerInfo.java:lambda$new$0(50)) - omNode-3->omNode-1: nextIndex: updateUnconditionally 0 -> 0
2019-08-22 21:28:20,020 [grpc-default-executor-7] WARN  server.GrpcLogAppender (LogUtils.java:warn(134)) - omNode-3->omNode-2: Failed appendEntries: org.apache.ratis.thirdparty.io.grpc.StatusRuntimeException: UNAVAILABLE: io exception
2019-08-22 21:28:20,020 [grpc-default-executor-7] INFO  impl.FollowerInfo (FollowerInfo.java:lambda$new$0(50)) - omNode-3->omNode-2: nextIndex: updateUnconditionally 0 -> 0
2019-08-22 21:28:20,457 [Thread-7213] INFO  ipc.Client (Client.java:handleConnectionFailure(948)) - Retrying connect to server: localhost/127.0.0.1:13134. Already tried 0 time(s); retry policy is RetryUpToMaximumCountWithFixedSleep(maxRetries=10, sleepTime=1000 MILLISECONDS)
2019-08-22 21:28:20,518 [grpc-default-executor-7] WARN  server.GrpcLogAppender (LogUtils.java:warn(134)) - omNode-3->omNode-1: Failed appendEntries: org.apache.ratis.thirdparty.io.grpc.StatusRuntimeException: UNAVAILABLE: io exception
2019-08-22 21:28:20,519 [grpc-default-executor-7] INFO  impl.FollowerInfo (FollowerInfo.java:lambda$new$0(50)) - omNode-3->omNode-1: nextIndex: updateUnconditionally 0 -> 0
2019-08-22 21:28:20,520 [grpc-default-executor-5] WARN  server.GrpcLogAppender (LogUtils.java:warn(134)) - omNode-3->omNode-2: Failed appendEntries: org.apache.ratis.thirdparty.io.grpc.StatusRuntimeException: UNAVAILABLE: io exception
2019-08-22 21:28:20,521 [grpc-default-executor-5] INFO  impl.FollowerInfo (FollowerInfo.java:lambda$new$0(50)) - omNode-3->omNode-2: nextIndex: updateUnconditionally 0 -> 0
2019-08-22 21:28:20,760 | INFO  | SCMAudit | user=jenkins1000 | ip=192.168.36.65 | op=SEND_HEARTBEAT {datanodeUUID=5c1d6db1-13a6-44c6-b93f-b1706e8ca29c, command=[]} | ret=SUCCESS |  
2019-08-22 21:28:21,019 [grpc-default-executor-5] WARN  server.GrpcLogAppender (LogUtils.java:warn(134)) - omNode-3->omNode-1: Failed appendEntries: org.apache.ratis.thirdparty.io.grpc.StatusRuntimeException: UNAVAILABLE: io exception
2019-08-22 21:28:21,020 [grpc-default-executor-5] INFO  impl.FollowerInfo (FollowerInfo.java:lambda$new$0(50)) - omNode-3->omNode-1: nextIndex: updateUnconditionally 0 -> 0
2019-08-22 21:28:21,021 [grpc-default-executor-3] WARN  server.GrpcLogAppender (LogUtils.java:warn(134)) - omNode-3->omNode-2: Failed appendEntries: org.apache.ratis.thirdparty.io.grpc.StatusRuntimeException: UNAVAILABLE: io exception
2019-08-22 21:28:21,021 [grpc-default-executor-3] INFO  impl.FollowerInfo (FollowerInfo.java:lambda$new$0(50)) - omNode-3->omNode-2: nextIndex: updateUnconditionally 0 -> 0
2019-08-22 21:28:21,459 [Thread-7213] INFO  ipc.Client (Client.java:handleConnectionFailure(948)) - Retrying connect to server: localhost/127.0.0.1:13134. Already tried 1 time(s); retry policy is RetryUpToMaximumCountWithFixedSleep(maxRetries=10, sleepTime=1000 MILLISECONDS)
2019-08-22 21:28:21,520 [grpc-default-executor-7] WARN  server.GrpcLogAppender (LogUtils.java:warn(134)) - omNode-3->omNode-1: Failed appendEntries: org.apache.ratis.thirdparty.io.grpc.StatusRuntimeException: UNAVAILABLE: io exception
2019-08-22 21:28:21,520 [grpc-default-executor-7] INFO  impl.FollowerInfo (FollowerInfo.java:lambda$new$0(50)) - omNode-3->omNode-1: nextIndex: updateUnconditionally 0 -> 0
2019-08-22 21:28:21,521 [grpc-default-executor-3] WARN  server.GrpcLogAppender (LogUtils.java:warn(134)) - omNode-3->omNode-2: Failed appendEntries: org.apache.ratis.thirdparty.io.grpc.StatusRuntimeException: UNAVAILABLE: io exception
2019-08-22 21:28:21,522 [grpc-default-executor-3] INFO  impl.FollowerInfo (FollowerInfo.java:lambda$new$0(50)) - omNode-3->omNode-2: nextIndex: updateUnconditionally 0 -> 0
2019-08-22 21:28:21,760 | INFO  | SCMAudit | user=jenkins1000 | ip=192.168.36.65 | op=SEND_HEARTBEAT {datanodeUUID=5c1d6db1-13a6-44c6-b93f-b1706e8ca29c, command=[]} | ret=SUCCESS |  
2019-08-22 21:28:22,020 [grpc-default-executor-3] WARN  server.GrpcLogAppender (LogUtils.java:warn(134)) - omNode-3->omNode-1: Failed appendEntries: org.apache.ratis.thirdparty.io.grpc.StatusRuntimeException: UNAVAILABLE: io exception
2019-08-22 21:28:22,021 [grpc-default-executor-3] INFO  impl.FollowerInfo (FollowerInfo.java:lambda$new$0(50)) - omNode-3->omNode-1: nextIndex: updateUnconditionally 0 -> 0
2019-08-22 21:28:22,022 [grpc-default-executor-5] WARN  server.GrpcLogAppender (LogUtils.java:warn(134)) - omNode-3->omNode-2: Failed appendEntries: org.apache.ratis.thirdparty.io.grpc.StatusRuntimeException: UNAVAILABLE: io exception
2019-08-22 21:28:22,022 [grpc-default-executor-5] INFO  impl.FollowerInfo (FollowerInfo.java:lambda$new$0(50)) - omNode-3->omNode-2: nextIndex: updateUnconditionally 0 -> 0
2019-08-22 21:28:22,460 [Thread-7213] INFO  ipc.Client (Client.java:handleConnectionFailure(948)) - Retrying connect to server: localhost/127.0.0.1:13134. Already tried 2 time(s); retry policy is RetryUpToMaximumCountWithFixedSleep(maxRetries=10, sleepTime=1000 MILLISECONDS)
2019-08-22 21:28:22,521 [grpc-default-executor-5] WARN  server.GrpcLogAppender (LogUtils.java:warn(134)) - omNode-3->omNode-1: Failed appendEntries: org.apache.ratis.thirdparty.io.grpc.StatusRuntimeException: UNAVAILABLE: io exception
2019-08-22 21:28:22,521 [grpc-default-executor-5] INFO  impl.FollowerInfo (FollowerInfo.java:lambda$new$0(50)) - omNode-3->omNode-1: nextIndex: updateUnconditionally 0 -> 0
2019-08-22 21:28:22,522 [grpc-default-executor-7] WARN  server.GrpcLogAppender (LogUtils.java:warn(134)) - omNode-3->omNode-2: Failed appendEntries: org.apache.ratis.thirdparty.io.grpc.StatusRuntimeException: UNAVAILABLE: io exception
2019-08-22 21:28:22,522 [grpc-default-executor-7] INFO  impl.FollowerInfo (FollowerInfo.java:lambda$new$0(50)) - omNode-3->omNode-2: nextIndex: updateUnconditionally 0 -> 0
2019-08-22 21:28:22,760 | INFO  | SCMAudit | user=jenkins1000 | ip=192.168.36.65 | op=SEND_HEARTBEAT {datanodeUUID=5c1d6db1-13a6-44c6-b93f-b1706e8ca29c, command=[]} | ret=SUCCESS |  
2019-08-22 21:28:23,021 [grpc-default-executor-7] WARN  server.GrpcLogAppender (LogUtils.java:warn(134)) - omNode-3->omNode-1: Failed appendEntries: org.apache.ratis.thirdparty.io.grpc.StatusRuntimeException: UNAVAILABLE: io exception
2019-08-22 21:28:23,021 [grpc-default-executor-7] INFO  impl.FollowerInfo (FollowerInfo.java:lambda$new$0(50)) - omNode-3->omNode-1: nextIndex: updateUnconditionally 0 -> 0
2019-08-22 21:28:23,022 [grpc-default-executor-3] WARN  server.GrpcLogAppender (LogUtils.java:warn(134)) - omNode-3->omNode-2: Failed appendEntries: org.apache.ratis.thirdparty.io.grpc.StatusRuntimeException: UNAVAILABLE: io exception
2019-08-22 21:28:23,023 [grpc-default-executor-3] INFO  impl.FollowerInfo (FollowerInfo.java:lambda$new$0(50)) - omNode-3->omNode-2: nextIndex: updateUnconditionally 0 -> 0
2019-08-22 21:28:23,461 [Thread-7213] INFO  ipc.Client (Client.java:handleConnectionFailure(948)) - Retrying connect to server: localhost/127.0.0.1:13134. Already tried 3 time(s); retry policy is RetryUpToMaximumCountWithFixedSleep(maxRetries=10, sleepTime=1000 MILLISECONDS)
2019-08-22 21:28:23,522 [grpc-default-executor-6] WARN  server.GrpcLogAppender (LogUtils.java:warn(134)) - omNode-3->omNode-1: Failed appendEntries: org.apache.ratis.thirdparty.io.grpc.StatusRuntimeException: UNAVAILABLE: io exception
2019-08-22 21:28:23,523 [grpc-default-executor-6] INFO  impl.FollowerInfo (FollowerInfo.java:lambda$new$0(50)) - omNode-3->omNode-1: nextIndex: updateUnconditionally 0 -> 0
2019-08-22 21:28:23,523 [grpc-default-executor-5] WARN  server.GrpcLogAppender (LogUtils.java:warn(134)) - omNode-3->omNode-2: Failed appendEntries: org.apache.ratis.thirdparty.io.grpc.StatusRuntimeException: UNAVAILABLE: io exception
2019-08-22 21:28:23,523 [grpc-default-executor-5] INFO  impl.FollowerInfo (FollowerInfo.java:lambda$new$0(50)) - omNode-3->omNode-2: nextIndex: updateUnconditionally 0 -> 0
2019-08-22 21:28:23,760 | INFO  | SCMAudit | user=jenkins1000 | ip=192.168.36.65 | op=SEND_HEARTBEAT {datanodeUUID=5c1d6db1-13a6-44c6-b93f-b1706e8ca29c, command=[]} | ret=SUCCESS |  
2019-08-22 21:28:24,022 [grpc-default-executor-3] WARN  server.GrpcLogAppender (LogUtils.java:warn(134)) - omNode-3->omNode-1: Failed appendEntries: org.apache.ratis.thirdparty.io.grpc.StatusRuntimeException: UNAVAILABLE: io exception
2019-08-22 21:28:24,023 [grpc-default-executor-3] INFO  impl.FollowerInfo (FollowerInfo.java:lambda$new$0(50)) - omNode-3->omNode-1: nextIndex: updateUnconditionally 0 -> 0
2019-08-22 21:28:24,023 [grpc-default-executor-7] WARN  server.GrpcLogAppender (LogUtils.java:warn(134)) - omNode-3->omNode-2: Failed appendEntries: org.apache.ratis.thirdparty.io.grpc.StatusRuntimeException: UNAVAILABLE: io exception
2019-08-22 21:28:24,023 [grpc-default-executor-7] INFO  impl.FollowerInfo (FollowerInfo.java:lambda$new$0(50)) - omNode-3->omNode-2: nextIndex: updateUnconditionally 0 -> 0
2019-08-22 21:28:24,462 [Thread-7213] INFO  ipc.Client (Client.java:handleConnectionFailure(948)) - Retrying connect to server: localhost/127.0.0.1:13134. Already tried 4 time(s); retry policy is RetryUpToMaximumCountWithFixedSleep(maxRetries=10, sleepTime=1000 MILLISECONDS)
2019-08-22 21:28:24,523 [grpc-default-executor-7] WARN  server.GrpcLogAppender (LogUtils.java:warn(134)) - omNode-3->omNode-1: Failed appendEntries: org.apache.ratis.thirdparty.io.grpc.StatusRuntimeException: UNAVAILABLE: io exception
2019-08-22 21:28:24,523 [grpc-default-executor-7] INFO  impl.FollowerInfo (FollowerInfo.java:lambda$new$0(50)) - omNode-3->omNode-1: nextIndex: updateUnconditionally 0 -> 0
2019-08-22 21:28:24,523 [grpc-default-executor-6] WARN  server.GrpcLogAppender (LogUtils.java:warn(134)) - omNode-3->omNode-2: Failed appendEntries: org.apache.ratis.thirdparty.io.grpc.StatusRuntimeException: UNAVAILABLE: io exception
2019-08-22 21:28:24,524 [grpc-default-executor-6] INFO  impl.FollowerInfo (FollowerInfo.java:lambda$new$0(50)) - omNode-3->omNode-2: nextIndex: updateUnconditionally 0 -> 0
2019-08-22 21:28:24,760 | INFO  | SCMAudit | user=jenkins1000 | ip=192.168.36.65 | op=SEND_HEARTBEAT {datanodeUUID=5c1d6db1-13a6-44c6-b93f-b1706e8ca29c, command=[]} | ret=SUCCESS |  
2019-08-22 21:28:25,023 [grpc-default-executor-6] WARN  server.GrpcLogAppender (LogUtils.java:warn(134)) - omNode-3->omNode-1: Failed appendEntries: org.apache.ratis.thirdparty.io.grpc.StatusRuntimeException: UNAVAILABLE: io exception
2019-08-22 21:28:25,023 [grpc-default-executor-5] WARN  server.GrpcLogAppender (LogUtils.java:warn(134)) - omNode-3->omNode-2: Failed appendEntries: org.apache.ratis.thirdparty.io.grpc.StatusRuntimeException: UNAVAILABLE: io exception
2019-08-22 21:28:25,024 [grpc-default-executor-6] INFO  impl.FollowerInfo (FollowerInfo.java:lambda$new$0(50)) - omNode-3->omNode-1: nextIndex: updateUnconditionally 0 -> 0
2019-08-22 21:28:25,024 [grpc-default-executor-5] INFO  impl.FollowerInfo (FollowerInfo.java:lambda$new$0(50)) - omNode-3->omNode-2: nextIndex: updateUnconditionally 0 -> 0
2019-08-22 21:28:25,463 [Thread-7213] INFO  ipc.Client (Client.java:handleConnectionFailure(948)) - Retrying connect to server: localhost/127.0.0.1:13134. Already tried 5 time(s); retry policy is RetryUpToMaximumCountWithFixedSleep(maxRetries=10, sleepTime=1000 MILLISECONDS)
2019-08-22 21:28:25,524 [grpc-default-executor-5] WARN  server.GrpcLogAppender (LogUtils.java:warn(134)) - omNode-3->omNode-1: Failed appendEntries: org.apache.ratis.thirdparty.io.grpc.StatusRuntimeException: UNAVAILABLE: io exception
2019-08-22 21:28:25,524 [grpc-default-executor-3] WARN  server.GrpcLogAppender (LogUtils.java:warn(134)) - omNode-3->omNode-2: Failed appendEntries: org.apache.ratis.thirdparty.io.grpc.StatusRuntimeException: UNAVAILABLE: io exception
2019-08-22 21:28:25,524 [grpc-default-executor-5] INFO  impl.FollowerInfo (FollowerInfo.java:lambda$new$0(50)) - omNode-3->omNode-1: nextIndex: updateUnconditionally 0 -> 0
2019-08-22 21:28:25,524 [grpc-default-executor-3] INFO  impl.FollowerInfo (FollowerInfo.java:lambda$new$0(50)) - omNode-3->omNode-2: nextIndex: updateUnconditionally 0 -> 0
2019-08-22 21:28:25,761 | INFO  | SCMAudit | user=jenkins1000 | ip=192.168.36.65 | op=SEND_HEARTBEAT {datanodeUUID=5c1d6db1-13a6-44c6-b93f-b1706e8ca29c, command=[]} | ret=SUCCESS |  
2019-08-22 21:28:26,024 [grpc-default-executor-7] WARN  server.GrpcLogAppender (LogUtils.java:warn(134)) - omNode-3->omNode-1: Failed appendEntries: org.apache.ratis.thirdparty.io.grpc.StatusRuntimeException: UNAVAILABLE: io exception
2019-08-22 21:28:26,024 [grpc-default-executor-6] WARN  server.GrpcLogAppender (LogUtils.java:warn(134)) - omNode-3->omNode-2: Failed appendEntries: org.apache.ratis.thirdparty.io.grpc.StatusRuntimeException: UNAVAILABLE: io exception
2019-08-22 21:28:26,025 [grpc-default-executor-7] INFO  impl.FollowerInfo (FollowerInfo.java:lambda$new$0(50)) - omNode-3->omNode-1: nextIndex: updateUnconditionally 0 -> 0
2019-08-22 21:28:26,025 [grpc-default-executor-6] INFO  impl.FollowerInfo (FollowerInfo.java:lambda$new$0(50)) - omNode-3->omNode-2: nextIndex: updateUnconditionally 0 -> 0
2019-08-22 21:28:26,464 [Thread-7213] INFO  ipc.Client (Client.java:handleConnectionFailure(948)) - Retrying connect to server: localhost/127.0.0.1:13134. Already tried 6 time(s); retry policy is RetryUpToMaximumCountWithFixedSleep(maxRetries=10, sleepTime=1000 MILLISECONDS)
2019-08-22 21:28:26,525 [grpc-default-executor-7] WARN  server.GrpcLogAppender (LogUtils.java:warn(134)) - omNode-3->omNode-1: Failed appendEntries: org.apache.ratis.thirdparty.io.grpc.StatusRuntimeException: UNAVAILABLE: io exception
2019-08-22 21:28:26,525 [grpc-default-executor-8] WARN  server.GrpcLogAppender (LogUtils.java:warn(134)) - omNode-3->omNode-2: Failed appendEntries: org.apache.ratis.thirdparty.io.grpc.StatusRuntimeException: UNAVAILABLE: io exception
2019-08-22 21:28:26,525 [grpc-default-executor-7] INFO  impl.FollowerInfo (FollowerInfo.java:lambda$new$0(50)) - omNode-3->omNode-1: nextIndex: updateUnconditionally 0 -> 0
2019-08-22 21:28:26,526 [grpc-default-executor-8] INFO  impl.FollowerInfo (FollowerInfo.java:lambda$new$0(50)) - omNode-3->omNode-2: nextIndex: updateUnconditionally 0 -> 0
2019-08-22 21:28:26,761 | INFO  | SCMAudit | user=jenkins1000 | ip=192.168.36.65 | op=SEND_HEARTBEAT {datanodeUUID=5c1d6db1-13a6-44c6-b93f-b1706e8ca29c, command=[]} | ret=SUCCESS |  
2019-08-22 21:28:27,025 [grpc-default-executor-4] WARN  server.GrpcLogAppender (LogUtils.java:warn(134)) - omNode-3->omNode-1: Failed appendEntries: org.apache.ratis.thirdparty.io.grpc.StatusRuntimeException: UNAVAILABLE: io exception
2019-08-22 21:28:27,025 [grpc-default-executor-3] WARN  server.GrpcLogAppender (LogUtils.java:warn(134)) - omNode-3->omNode-2: Failed appendEntries: org.apache.ratis.thirdparty.io.grpc.StatusRuntimeException: UNAVAILABLE: io exception
2019-08-22 21:28:27,026 [grpc-default-executor-4] INFO  impl.FollowerInfo (FollowerInfo.java:lambda$new$0(50)) - omNode-3->omNode-1: nextIndex: updateUnconditionally 0 -> 0
2019-08-22 21:28:27,026 [grpc-default-executor-3] INFO  impl.FollowerInfo (FollowerInfo.java:lambda$new$0(50)) - omNode-3->omNode-2: nextIndex: updateUnconditionally 0 -> 0
2019-08-22 21:28:27,465 [Thread-7213] INFO  ipc.Client (Client.java:handleConnectionFailure(948)) - Retrying connect to server: localhost/127.0.0.1:13134. Already tried 7 time(s); retry policy is RetryUpToMaximumCountWithFixedSleep(maxRetries=10, sleepTime=1000 MILLISECONDS)
2019-08-22 21:28:27,526 [grpc-default-executor-3] WARN  server.GrpcLogAppender (LogUtils.java:warn(134)) - omNode-3->omNode-1: Failed appendEntries: org.apache.ratis.thirdparty.io.grpc.StatusRuntimeException: UNAVAILABLE: io exception
2019-08-22 21:28:27,526 [grpc-default-executor-8] WARN  server.GrpcLogAppender (LogUtils.java:warn(134)) - omNode-3->omNode-2: Failed appendEntries: org.apache.ratis.thirdparty.io.grpc.StatusRuntimeException: UNAVAILABLE: io exception
2019-08-22 21:28:27,526 [grpc-default-executor-3] INFO  impl.FollowerInfo (FollowerInfo.java:lambda$new$0(50)) - omNode-3->omNode-1: nextIndex: updateUnconditionally 0 -> 0
2019-08-22 21:28:27,526 [grpc-default-executor-8] INFO  impl.FollowerInfo (FollowerInfo.java:lambda$new$0(50)) - omNode-3->omNode-2: nextIndex: updateUnconditionally 0 -> 0
2019-08-22 21:28:27,760 | INFO  | SCMAudit | user=jenkins1000 | ip=192.168.36.65 | op=SEND_HEARTBEAT {datanodeUUID=5c1d6db1-13a6-44c6-b93f-b1706e8ca29c, command=[]} | ret=SUCCESS |  
2019-08-22 21:28:28,026 [grpc-default-executor-3] WARN  server.GrpcLogAppender (LogUtils.java:warn(134)) - omNode-3->omNode-2: Failed appendEntries: org.apache.ratis.thirdparty.io.grpc.StatusRuntimeException: UNAVAILABLE: io exception
2019-08-22 21:28:28,026 [grpc-default-executor-8] WARN  server.GrpcLogAppender (LogUtils.java:warn(134)) - omNode-3->omNode-1: Failed appendEntries: org.apache.ratis.thirdparty.io.grpc.StatusRuntimeException: UNAVAILABLE: io exception
2019-08-22 21:28:28,026 [grpc-default-executor-3] INFO  impl.FollowerInfo (FollowerInfo.java:lambda$new$0(50)) - omNode-3->omNode-2: nextIndex: updateUnconditionally 0 -> 0
2019-08-22 21:28:28,027 [grpc-default-executor-8] INFO  impl.FollowerInfo (FollowerInfo.java:lambda$new$0(50)) - omNode-3->omNode-1: nextIndex: updateUnconditionally 0 -> 0
2019-08-22 21:28:28,466 [Thread-7213] INFO  ipc.Client (Client.java:handleConnectionFailure(948)) - Retrying connect to server: localhost/127.0.0.1:13134. Already tried 8 time(s); retry policy is RetryUpToMaximumCountWithFixedSleep(maxRetries=10, sleepTime=1000 MILLISECONDS)
2019-08-22 21:28:28,526 [grpc-default-executor-6] WARN  server.GrpcLogAppender (LogUtils.java:warn(134)) - omNode-3->omNode-2: Failed appendEntries: org.apache.ratis.thirdparty.io.grpc.StatusRuntimeException: UNAVAILABLE: io exception
2019-08-22 21:28:28,526 [grpc-default-executor-7] WARN  server.GrpcLogAppender (LogUtils.java:warn(134)) - omNode-3->omNode-1: Failed appendEntries: org.apache.ratis.thirdparty.io.grpc.StatusRuntimeException: UNAVAILABLE: io exception
2019-08-22 21:28:28,527 [grpc-default-executor-6] INFO  impl.FollowerInfo (FollowerInfo.java:lambda$new$0(50)) - omNode-3->omNode-2: nextIndex: updateUnconditionally 0 -> 0
2019-08-22 21:28:28,527 [grpc-default-executor-7] INFO  impl.FollowerInfo (FollowerInfo.java:lambda$new$0(50)) - omNode-3->omNode-1: nextIndex: updateUnconditionally 0 -> 0
2019-08-22 21:28:28,761 | INFO  | SCMAudit | user=jenkins1000 | ip=192.168.36.65 | op=SEND_HEARTBEAT {datanodeUUID=5c1d6db1-13a6-44c6-b93f-b1706e8ca29c, command=[]} | ret=SUCCESS |  
2019-08-22 21:28:29,027 [grpc-default-executor-6] WARN  server.GrpcLogAppender (LogUtils.java:warn(134)) - omNode-3->omNode-2: Failed appendEntries: org.apache.ratis.thirdparty.io.grpc.StatusRuntimeException: UNAVAILABLE: io exception
2019-08-22 21:28:29,027 [grpc-default-executor-3] WARN  server.GrpcLogAppender (LogUtils.java:warn(134)) - omNode-3->omNode-1: Failed appendEntries: org.apache.ratis.thirdparty.io.grpc.StatusRuntimeException: UNAVAILABLE: io exception
2019-08-22 21:28:29,027 [grpc-default-executor-6] INFO  impl.FollowerInfo (FollowerInfo.java:lambda$new$0(50)) - omNode-3->omNode-2: nextIndex: updateUnconditionally 0 -> 0
2019-08-22 21:28:29,028 [grpc-default-executor-3] INFO  impl.FollowerInfo (FollowerInfo.java:lambda$new$0(50)) - omNode-3->omNode-1: nextIndex: updateUnconditionally 0 -> 0
2019-08-22 21:28:29,468 [Thread-7213] INFO  ipc.Client (Client.java:handleConnectionFailure(948)) - Retrying connect to server: localhost/127.0.0.1:13134. Already tried 9 time(s); retry policy is RetryUpToMaximumCountWithFixedSleep(maxRetries=10, sleepTime=1000 MILLISECONDS)
2019-08-22 21:28:29,469 [Thread-7213] INFO  retry.RetryInvocationHandler (RetryInvocationHandler.java:log(411)) - com.google.protobuf.ServiceException: java.net.ConnectException: Call From pr-hdds-1975-qxxlx-297662434/192.168.36.65 to localhost:13134 failed on connection exception: java.net.ConnectException: Connection refused; For more details see:  http://wiki.apache.org/hadoop/ConnectionRefused, while invoking $Proxy48.submitRequest over nodeId=omNode-2,nodeAddress=127.0.0.1:13134 after 6 failover attempts. Trying to failover immediately.
2019-08-22 21:28:29,478 [IPC Server handler 6 on 13140] WARN  ipc.Server (Server.java:logException(2724)) - IPC Server handler 6 on 13140, call Call#724 Retry#7 org.apache.hadoop.ozone.om.protocol.OzoneManagerProtocol.submitRequest from 127.0.0.1:52408
java.lang.NullPointerException
	at org.apache.hadoop.ozone.om.helpers.OMRatisHelper.getOMResponseFromRaftClientReply(OMRatisHelper.java:105)
	at org.apache.hadoop.ozone.om.ratis.OzoneManagerRatisServer.processReply(OzoneManagerRatisServer.java:178)
	at org.apache.hadoop.ozone.om.ratis.OzoneManagerRatisServer.submitRequest(OzoneManagerRatisServer.java:131)
	at org.apache.hadoop.ozone.protocolPB.OzoneManagerProtocolServerSideTranslatorPB.submitRequestToRatis(OzoneManagerProtocolServerSideTranslatorPB.java:163)
	at org.apache.hadoop.ozone.protocolPB.OzoneManagerProtocolServerSideTranslatorPB.submitRequest(OzoneManagerProtocolServerSideTranslatorPB.java:107)
	at org.apache.hadoop.ozone.protocol.proto.OzoneManagerProtocolProtos$OzoneManagerService$2.callBlockingMethod(OzoneManagerProtocolProtos.java)
	at org.apache.hadoop.ipc.ProtobufRpcEngine$Server$ProtoBufRpcInvoker.call(ProtobufRpcEngine.java:524)
	at org.apache.hadoop.ipc.RPC$Server.call(RPC.java:1025)
	at org.apache.hadoop.ipc.Server$RpcCall.run(Server.java:876)
	at org.apache.hadoop.ipc.Server$RpcCall.run(Server.java:822)
	at java.security.AccessController.doPrivileged(Native Method)
	at javax.security.auth.Subject.doAs(Subject.java:422)
	at org.apache.hadoop.security.UserGroupInformation.doAs(UserGroupInformation.java:1730)
	at org.apache.hadoop.ipc.Server$Handler.run(Server.java:2682)
2019-08-22 21:28:29,481 [Thread-7213] INFO  retry.RetryInvocationHandler (RetryInvocationHandler.java:log(411)) - com.google.protobuf.ServiceException: org.apache.hadoop.ipc.RemoteException(java.lang.NullPointerException): java.lang.NullPointerException
	at org.apache.hadoop.ozone.om.helpers.OMRatisHelper.getOMResponseFromRaftClientReply(OMRatisHelper.java:105)
	at org.apache.hadoop.ozone.om.ratis.OzoneManagerRatisServer.processReply(OzoneManagerRatisServer.java:178)
	at org.apache.hadoop.ozone.om.ratis.OzoneManagerRatisServer.submitRequest(OzoneManagerRatisServer.java:131)
	at org.apache.hadoop.ozone.protocolPB.OzoneManagerProtocolServerSideTranslatorPB.submitRequestToRatis(OzoneManagerProtocolServerSideTranslatorPB.java:163)
	at org.apache.hadoop.ozone.protocolPB.OzoneManagerProtocolServerSideTranslatorPB.submitRequest(OzoneManagerProtocolServerSideTranslatorPB.java:107)
	at org.apache.hadoop.ozone.protocol.proto.OzoneManagerProtocolProtos$OzoneManagerService$2.callBlockingMethod(OzoneManagerProtocolProtos.java)
	at org.apache.hadoop.ipc.ProtobufRpcEngine$Server$ProtoBufRpcInvoker.call(ProtobufRpcEngine.java:524)
	at org.apache.hadoop.ipc.RPC$Server.call(RPC.java:1025)
	at org.apache.hadoop.ipc.Server$RpcCall.run(Server.java:876)
	at org.apache.hadoop.ipc.Server$RpcCall.run(Server.java:822)
	at java.security.AccessController.doPrivileged(Native Method)
	at javax.security.auth.Subject.doAs(Subject.java:422)
	at org.apache.hadoop.security.UserGroupInformation.doAs(UserGroupInformation.java:1730)
	at org.apache.hadoop.ipc.Server$Handler.run(Server.java:2682)
, while invoking $Proxy48.submitRequest over nodeId=omNode-3,nodeAddress=127.0.0.1:13140 after 7 failover attempts. Trying to failover immediately.
2019-08-22 21:28:29,528 [grpc-default-executor-5] WARN  server.GrpcLogAppender (LogUtils.java:warn(134)) - omNode-3->omNode-2: Failed appendEntries: org.apache.ratis.thirdparty.io.grpc.StatusRuntimeException: UNAVAILABLE: io exception
2019-08-22 21:28:29,528 [grpc-default-executor-8] WARN  server.GrpcLogAppender (LogUtils.java:warn(134)) - omNode-3->omNode-1: Failed appendEntries: org.apache.ratis.thirdparty.io.grpc.StatusRuntimeException: UNAVAILABLE: io exception
2019-08-22 21:28:29,528 [grpc-default-executor-5] INFO  impl.FollowerInfo (FollowerInfo.java:lambda$new$0(50)) - omNode-3->omNode-2: nextIndex: updateUnconditionally 0 -> 0
2019-08-22 21:28:29,529 [grpc-default-executor-8] INFO  impl.FollowerInfo (FollowerInfo.java:lambda$new$0(50)) - omNode-3->omNode-1: nextIndex: updateUnconditionally 0 -> 0
2019-08-22 21:28:29,761 | INFO  | SCMAudit | user=jenkins1000 | ip=192.168.36.65 | op=SEND_HEARTBEAT {datanodeUUID=5c1d6db1-13a6-44c6-b93f-b1706e8ca29c, command=[]} | ret=SUCCESS |  
2019-08-22 21:28:30,028 [grpc-default-executor-5] WARN  server.GrpcLogAppender (LogUtils.java:warn(134)) - omNode-3->omNode-1: Failed appendEntries: org.apache.ratis.thirdparty.io.grpc.StatusRuntimeException: UNAVAILABLE: io exception
2019-08-22 21:28:30,028 [grpc-default-executor-3] WARN  server.GrpcLogAppender (LogUtils.java:warn(134)) - omNode-3->omNode-2: Failed appendEntries: org.apache.ratis.thirdparty.io.grpc.StatusRuntimeException: UNAVAILABLE: io exception
2019-08-22 21:28:30,029 [grpc-default-executor-5] INFO  impl.FollowerInfo (FollowerInfo.java:lambda$new$0(50)) - omNode-3->omNode-1: nextIndex: updateUnconditionally 0 -> 0
2019-08-22 21:28:30,029 [grpc-default-executor-3] INFO  impl.FollowerInfo (FollowerInfo.java:lambda$new$0(50)) - omNode-3->omNode-2: nextIndex: updateUnconditionally 0 -> 0
2019-08-22 21:28:30,484 [Thread-7213] INFO  ipc.Client (Client.java:handleConnectionFailure(948)) - Retrying connect to server: localhost/127.0.0.1:13128. Already tried 0 time(s); retry policy is RetryUpToMaximumCountWithFixedSleep(maxRetries=10, sleepTime=1000 MILLISECONDS)
2019-08-22 21:28:30,529 [grpc-default-executor-4] WARN  server.GrpcLogAppender (LogUtils.java:warn(134)) - omNode-3->omNode-2: Failed appendEntries: org.apache.ratis.thirdparty.io.grpc.StatusRuntimeException: UNAVAILABLE: io exception
2019-08-22 21:28:30,529 [grpc-default-executor-7] WARN  server.GrpcLogAppender (LogUtils.java:warn(134)) - omNode-3->omNode-1: Failed appendEntries: org.apache.ratis.thirdparty.io.grpc.StatusRuntimeException: UNAVAILABLE: io exception
2019-08-22 21:28:30,529 [grpc-default-executor-4] INFO  impl.FollowerInfo (FollowerInfo.java:lambda$new$0(50)) - omNode-3->omNode-2: nextIndex: updateUnconditionally 0 -> 0
2019-08-22 21:28:30,530 [grpc-default-executor-7] INFO  impl.FollowerInfo (FollowerInfo.java:lambda$new$0(50)) - omNode-3->omNode-1: nextIndex: updateUnconditionally 0 -> 0
2019-08-22 21:28:30,761 | INFO  | SCMAudit | user=jenkins1000 | ip=192.168.36.65 | op=SEND_HEARTBEAT {datanodeUUID=5c1d6db1-13a6-44c6-b93f-b1706e8ca29c, command=[]} | ret=SUCCESS |  
2019-08-22 21:28:31,029 [grpc-default-executor-4] WARN  server.GrpcLogAppender (LogUtils.java:warn(134)) - omNode-3->omNode-2: Failed appendEntries: org.apache.ratis.thirdparty.io.grpc.StatusRuntimeException: UNAVAILABLE: io exception
2019-08-22 21:28:31,029 [grpc-default-executor-8] WARN  server.GrpcLogAppender (LogUtils.java:warn(134)) - omNode-3->omNode-1: Failed appendEntries: org.apache.ratis.thirdparty.io.grpc.StatusRuntimeException: UNAVAILABLE: io exception
2019-08-22 21:28:31,030 [grpc-default-executor-4] INFO  impl.FollowerInfo (FollowerInfo.java:lambda$new$0(50)) - omNode-3->omNode-2: nextIndex: updateUnconditionally 0 -> 0
2019-08-22 21:28:31,030 [grpc-default-executor-8] INFO  impl.FollowerInfo (FollowerInfo.java:lambda$new$0(50)) - omNode-3->omNode-1: nextIndex: updateUnconditionally 0 -> 0
2019-08-22 21:28:31,485 [Thread-7213] INFO  ipc.Client (Client.java:handleConnectionFailure(948)) - Retrying connect to server: localhost/127.0.0.1:13128. Already tried 1 time(s); retry policy is RetryUpToMaximumCountWithFixedSleep(maxRetries=10, sleepTime=1000 MILLISECONDS)
2019-08-22 21:28:31,530 [grpc-default-executor-8] WARN  server.GrpcLogAppender (LogUtils.java:warn(134)) - omNode-3->omNode-2: Failed appendEntries: org.apache.ratis.thirdparty.io.grpc.StatusRuntimeException: UNAVAILABLE: io exception
2019-08-22 21:28:31,530 [grpc-default-executor-5] WARN  server.GrpcLogAppender (LogUtils.java:warn(134)) - omNode-3->omNode-1: Failed appendEntries: org.apache.ratis.thirdparty.io.grpc.StatusRuntimeException: UNAVAILABLE: io exception
2019-08-22 21:28:31,530 [grpc-default-executor-8] INFO  impl.FollowerInfo (FollowerInfo.java:lambda$new$0(50)) - omNode-3->omNode-2: nextIndex: updateUnconditionally 0 -> 0
2019-08-22 21:28:31,530 [grpc-default-executor-5] INFO  impl.FollowerInfo (FollowerInfo.java:lambda$new$0(50)) - omNode-3->omNode-1: nextIndex: updateUnconditionally 0 -> 0
2019-08-22 21:28:31,761 | INFO  | SCMAudit | user=jenkins1000 | ip=192.168.36.65 | op=SEND_HEARTBEAT {datanodeUUID=5c1d6db1-13a6-44c6-b93f-b1706e8ca29c, command=[]} | ret=SUCCESS |  
2019-08-22 21:28:32,030 [grpc-default-executor-5] WARN  server.GrpcLogAppender (LogUtils.java:warn(134)) - omNode-3->omNode-1: Failed appendEntries: org.apache.ratis.thirdparty.io.grpc.StatusRuntimeException: UNAVAILABLE: io exception
2019-08-22 21:28:32,030 [grpc-default-executor-7] WARN  server.GrpcLogAppender (LogUtils.java:warn(134)) - omNode-3->omNode-2: Failed appendEntries: org.apache.ratis.thirdparty.io.grpc.StatusRuntimeException: UNAVAILABLE: io exception
2019-08-22 21:28:32,031 [grpc-default-executor-5] INFO  impl.FollowerInfo (FollowerInfo.java:lambda$new$0(50)) - omNode-3->omNode-1: nextIndex: updateUnconditionally 0 -> 0
2019-08-22 21:28:32,031 [grpc-default-executor-7] INFO  impl.FollowerInfo (FollowerInfo.java:lambda$new$0(50)) - omNode-3->omNode-2: nextIndex: updateUnconditionally 0 -> 0
2019-08-22 21:28:32,486 [Thread-7213] INFO  ipc.Client (Client.java:handleConnectionFailure(948)) - Retrying connect to server: localhost/127.0.0.1:13128. Already tried 2 time(s); retry policy is RetryUpToMaximumCountWithFixedSleep(maxRetries=10, sleepTime=1000 MILLISECONDS)
2019-08-22 21:28:32,531 [grpc-default-executor-8] WARN  server.GrpcLogAppender (LogUtils.java:warn(134)) - omNode-3->omNode-1: Failed appendEntries: org.apache.ratis.thirdparty.io.grpc.StatusRuntimeException: UNAVAILABLE: io exception
2019-08-22 21:28:32,531 [grpc-default-executor-6] WARN  server.GrpcLogAppender (LogUtils.java:warn(134)) - omNode-3->omNode-2: Failed appendEntries: org.apache.ratis.thirdparty.io.grpc.StatusRuntimeException: UNAVAILABLE: io exception
2019-08-22 21:28:32,531 [grpc-default-executor-8] INFO  impl.FollowerInfo (FollowerInfo.java:lambda$new$0(50)) - omNode-3->omNode-1: nextIndex: updateUnconditionally 0 -> 0
2019-08-22 21:28:32,531 [grpc-default-executor-6] INFO  impl.FollowerInfo (FollowerInfo.java:lambda$new$0(50)) - omNode-3->omNode-2: nextIndex: updateUnconditionally 0 -> 0
2019-08-22 21:28:32,762 | INFO  | SCMAudit | user=jenkins1000 | ip=192.168.36.65 | op=SEND_HEARTBEAT {datanodeUUID=5c1d6db1-13a6-44c6-b93f-b1706e8ca29c, command=[]} | ret=SUCCESS |  
2019-08-22 21:28:33,031 [grpc-default-executor-8] WARN  server.GrpcLogAppender (LogUtils.java:warn(134)) - omNode-3->omNode-2: Failed appendEntries: org.apache.ratis.thirdparty.io.grpc.StatusRuntimeException: UNAVAILABLE: io exception
2019-08-22 21:28:33,031 [grpc-default-executor-3] WARN  server.GrpcLogAppender (LogUtils.java:warn(134)) - omNode-3->omNode-1: Failed appendEntries: org.apache.ratis.thirdparty.io.grpc.StatusRuntimeException: UNAVAILABLE: io exception
2019-08-22 21:28:33,032 [grpc-default-executor-8] INFO  impl.FollowerInfo (FollowerInfo.java:lambda$new$0(50)) - omNode-3->omNode-2: nextIndex: updateUnconditionally 0 -> 0
2019-08-22 21:28:33,032 [grpc-default-executor-3] INFO  impl.FollowerInfo (FollowerInfo.java:lambda$new$0(50)) - omNode-3->omNode-1: nextIndex: updateUnconditionally 0 -> 0
2019-08-22 21:28:33,487 [Thread-7213] INFO  ipc.Client (Client.java:handleConnectionFailure(948)) - Retrying connect to server: localhost/127.0.0.1:13128. Already tried 3 time(s); retry policy is RetryUpToMaximumCountWithFixedSleep(maxRetries=10, sleepTime=1000 MILLISECONDS)
2019-08-22 21:28:33,532 [grpc-default-executor-6] WARN  server.GrpcLogAppender (LogUtils.java:warn(134)) - omNode-3->omNode-1: Failed appendEntries: org.apache.ratis.thirdparty.io.grpc.StatusRuntimeException: UNAVAILABLE: io exception
2019-08-22 21:28:33,532 [grpc-default-executor-5] WARN  server.GrpcLogAppender (LogUtils.java:warn(134)) - omNode-3->omNode-2: Failed appendEntries: org.apache.ratis.thirdparty.io.grpc.StatusRuntimeException: UNAVAILABLE: io exception
2019-08-22 21:28:33,532 [grpc-default-executor-6] INFO  impl.FollowerInfo (FollowerInfo.java:lambda$new$0(50)) - omNode-3->omNode-1: nextIndex: updateUnconditionally 0 -> 0
2019-08-22 21:28:33,532 [grpc-default-executor-5] INFO  impl.FollowerInfo (FollowerInfo.java:lambda$new$0(50)) - omNode-3->omNode-2: nextIndex: updateUnconditionally 0 -> 0
2019-08-22 21:28:33,762 | INFO  | SCMAudit | user=jenkins1000 | ip=192.168.36.65 | op=SEND_HEARTBEAT {datanodeUUID=5c1d6db1-13a6-44c6-b93f-b1706e8ca29c, command=[]} | ret=SUCCESS |  
2019-08-22 21:28:34,032 [grpc-default-executor-5] WARN  server.GrpcLogAppender (LogUtils.java:warn(134)) - omNode-3->omNode-1: Failed appendEntries: org.apache.ratis.thirdparty.io.grpc.StatusRuntimeException: UNAVAILABLE: io exception
2019-08-22 21:28:34,032 [grpc-default-executor-8] WARN  server.GrpcLogAppender (LogUtils.java:warn(134)) - omNode-3->omNode-2: Failed appendEntries: org.apache.ratis.thirdparty.io.grpc.StatusRuntimeException: UNAVAILABLE: io exception
2019-08-22 21:28:34,032 [grpc-default-executor-5] INFO  impl.FollowerInfo (FollowerInfo.java:lambda$new$0(50)) - omNode-3->omNode-1: nextIndex: updateUnconditionally 0 -> 0
2019-08-22 21:28:34,033 [grpc-default-executor-8] INFO  impl.FollowerInfo (FollowerInfo.java:lambda$new$0(50)) - omNode-3->omNode-2: nextIndex: updateUnconditionally 0 -> 0
2019-08-22 21:28:34,488 [Thread-7213] INFO  ipc.Client (Client.java:handleConnectionFailure(948)) - Retrying connect to server: localhost/127.0.0.1:13128. Already tried 4 time(s); retry policy is RetryUpToMaximumCountWithFixedSleep(maxRetries=10, sleepTime=1000 MILLISECONDS)
2019-08-22 21:28:34,533 [grpc-default-executor-7] WARN  server.GrpcLogAppender (LogUtils.java:warn(134)) - omNode-3->omNode-2: Failed appendEntries: org.apache.ratis.thirdparty.io.grpc.StatusRuntimeException: UNAVAILABLE: io exception
2019-08-22 21:28:34,533 [grpc-default-executor-5] WARN  server.GrpcLogAppender (LogUtils.java:warn(134)) - omNode-3->omNode-1: Failed appendEntries: org.apache.ratis.thirdparty.io.grpc.StatusRuntimeException: UNAVAILABLE: io exception
2019-08-22 21:28:34,533 [grpc-default-executor-7] INFO  impl.FollowerInfo (FollowerInfo.java:lambda$new$0(50)) - omNode-3->omNode-2: nextIndex: updateUnconditionally 0 -> 0
2019-08-22 21:28:34,533 [grpc-default-executor-5] INFO  impl.FollowerInfo (FollowerInfo.java:lambda$new$0(50)) - omNode-3->omNode-1: nextIndex: updateUnconditionally 0 -> 0
2019-08-22 21:28:34,761 | INFO  | SCMAudit | user=jenkins1000 | ip=192.168.36.65 | op=SEND_HEARTBEAT {datanodeUUID=5c1d6db1-13a6-44c6-b93f-b1706e8ca29c, command=[]} | ret=SUCCESS |  
2019-08-22 21:28:35,033 [grpc-default-executor-8] WARN  server.GrpcLogAppender (LogUtils.java:warn(134)) - omNode-3->omNode-1: Failed appendEntries: org.apache.ratis.thirdparty.io.grpc.StatusRuntimeException: UNAVAILABLE: io exception
2019-08-22 21:28:35,033 [grpc-default-executor-4] WARN  server.GrpcLogAppender (LogUtils.java:warn(134)) - omNode-3->omNode-2: Failed appendEntries: org.apache.ratis.thirdparty.io.grpc.StatusRuntimeException: UNAVAILABLE: io exception
2019-08-22 21:28:35,033 [grpc-default-executor-8] INFO  impl.FollowerInfo (FollowerInfo.java:lambda$new$0(50)) - omNode-3->omNode-1: nextIndex: updateUnconditionally 0 -> 0
2019-08-22 21:28:35,033 [grpc-default-executor-4] INFO  impl.FollowerInfo (FollowerInfo.java:lambda$new$0(50)) - omNode-3->omNode-2: nextIndex: updateUnconditionally 0 -> 0
2019-08-22 21:28:35,489 [Thread-7213] INFO  ipc.Client (Client.java:handleConnectionFailure(948)) - Retrying connect to server: localhost/127.0.0.1:13128. Already tried 5 time(s); retry policy is RetryUpToMaximumCountWithFixedSleep(maxRetries=10, sleepTime=1000 MILLISECONDS)
2019-08-22 21:28:35,534 [grpc-default-executor-6] WARN  server.GrpcLogAppender (LogUtils.java:warn(134)) - omNode-3->omNode-1: Failed appendEntries: org.apache.ratis.thirdparty.io.grpc.StatusRuntimeException: UNAVAILABLE: io exception
2019-08-22 21:28:35,534 [grpc-default-executor-3] WARN  server.GrpcLogAppender (LogUtils.java:warn(134)) - omNode-3->omNode-2: Failed appendEntries: org.apache.ratis.thirdparty.io.grpc.StatusRuntimeException: UNAVAILABLE: io exception
2019-08-22 21:28:35,534 [grpc-default-executor-6] INFO  impl.FollowerInfo (FollowerInfo.java:lambda$new$0(50)) - omNode-3->omNode-1: nextIndex: updateUnconditionally 0 -> 0
2019-08-22 21:28:35,534 [grpc-default-executor-3] INFO  impl.FollowerInfo (FollowerInfo.java:lambda$new$0(50)) - omNode-3->omNode-2: nextIndex: updateUnconditionally 0 -> 0
2019-08-22 21:28:35,761 | INFO  | SCMAudit | user=jenkins1000 | ip=192.168.36.65 | op=SEND_HEARTBEAT {datanodeUUID=5c1d6db1-13a6-44c6-b93f-b1706e8ca29c, command=[]} | ret=SUCCESS |  
2019-08-22 21:28:36,034 [grpc-default-executor-8] WARN  server.GrpcLogAppender (LogUtils.java:warn(134)) - omNode-3->omNode-1: Failed appendEntries: org.apache.ratis.thirdparty.io.grpc.StatusRuntimeException: UNAVAILABLE: io exception
2019-08-22 21:28:36,034 [grpc-default-executor-4] WARN  server.GrpcLogAppender (LogUtils.java:warn(134)) - omNode-3->omNode-2: Failed appendEntries: org.apache.ratis.thirdparty.io.grpc.StatusRuntimeException: UNAVAILABLE: io exception
2019-08-22 21:28:36,034 [grpc-default-executor-8] INFO  impl.FollowerInfo (FollowerInfo.java:lambda$new$0(50)) - omNode-3->omNode-1: nextIndex: updateUnconditionally 0 -> 0
2019-08-22 21:28:36,034 [grpc-default-executor-4] INFO  impl.FollowerInfo (FollowerInfo.java:lambda$new$0(50)) - omNode-3->omNode-2: nextIndex: updateUnconditionally 0 -> 0
2019-08-22 21:28:36,490 [Thread-7213] INFO  ipc.Client (Client.java:handleConnectionFailure(948)) - Retrying connect to server: localhost/127.0.0.1:13128. Already tried 6 time(s); retry policy is RetryUpToMaximumCountWithFixedSleep(maxRetries=10, sleepTime=1000 MILLISECONDS)
2019-08-22 21:28:36,534 [grpc-default-executor-6] WARN  server.GrpcLogAppender (LogUtils.java:warn(134)) - omNode-3->omNode-2: Failed appendEntries: org.apache.ratis.thirdparty.io.grpc.StatusRuntimeException: UNAVAILABLE: io exception
2019-08-22 21:28:36,534 [grpc-default-executor-8] WARN  server.GrpcLogAppender (LogUtils.java:warn(134)) - omNode-3->omNode-1: Failed appendEntries: org.apache.ratis.thirdparty.io.grpc.StatusRuntimeException: UNAVAILABLE: io exception
2019-08-22 21:28:36,535 [grpc-default-executor-6] INFO  impl.FollowerInfo (FollowerInfo.java:lambda$new$0(50)) - omNode-3->omNode-2: nextIndex: updateUnconditionally 0 -> 0
2019-08-22 21:28:36,535 [grpc-default-executor-8] INFO  impl.FollowerInfo (FollowerInfo.java:lambda$new$0(50)) - omNode-3->omNode-1: nextIndex: updateUnconditionally 0 -> 0
2019-08-22 21:28:36,762 | INFO  | SCMAudit | user=jenkins1000 | ip=192.168.36.65 | op=SEND_HEARTBEAT {datanodeUUID=5c1d6db1-13a6-44c6-b93f-b1706e8ca29c, command=[]} | ret=SUCCESS |  
2019-08-22 21:28:37,035 [grpc-default-executor-5] WARN  server.GrpcLogAppender (LogUtils.java:warn(134)) - omNode-3->omNode-1: Failed appendEntries: org.apache.ratis.thirdparty.io.grpc.StatusRuntimeException: UNAVAILABLE: io exception
2019-08-22 21:28:37,035 [grpc-default-executor-4] WARN  server.GrpcLogAppender (LogUtils.java:warn(134)) - omNode-3->omNode-2: Failed appendEntries: org.apache.ratis.thirdparty.io.grpc.StatusRuntimeException: UNAVAILABLE: io exception
2019-08-22 21:28:37,035 [grpc-default-executor-5] INFO  impl.FollowerInfo (FollowerInfo.java:lambda$new$0(50)) - omNode-3->omNode-1: nextIndex: updateUnconditionally 0 -> 0
2019-08-22 21:28:37,036 [grpc-default-executor-4] INFO  impl.FollowerInfo (FollowerInfo.java:lambda$new$0(50)) - omNode-3->omNode-2: nextIndex: updateUnconditionally 0 -> 0
2019-08-22 21:28:37,491 [Thread-7213] INFO  ipc.Client (Client.java:handleConnectionFailure(948)) - Retrying connect to server: localhost/127.0.0.1:13128. Already tried 7 time(s); retry policy is RetryUpToMaximumCountWithFixedSleep(maxRetries=10, sleepTime=1000 MILLISECONDS)
2019-08-22 21:28:37,535 [grpc-default-executor-5] WARN  server.GrpcLogAppender (LogUtils.java:warn(134)) - omNode-3->omNode-1: Failed appendEntries: org.apache.ratis.thirdparty.io.grpc.StatusRuntimeException: UNAVAILABLE: io exception
2019-08-22 21:28:37,535 [grpc-default-executor-6] WARN  server.GrpcLogAppender (LogUtils.java:warn(134)) - omNode-3->omNode-2: Failed appendEntries: org.apache.ratis.thirdparty.io.grpc.StatusRuntimeException: UNAVAILABLE: io exception
2019-08-22 21:28:37,536 [grpc-default-executor-5] INFO  impl.FollowerInfo (FollowerInfo.java:lambda$new$0(50)) - omNode-3->omNode-1: nextIndex: updateUnconditionally 0 -> 0
2019-08-22 21:28:37,536 [grpc-default-executor-6] INFO  impl.FollowerInfo (FollowerInfo.java:lambda$new$0(50)) - omNode-3->omNode-2: nextIndex: updateUnconditionally 0 -> 0
2019-08-22 21:28:37,762 | INFO  | SCMAudit | user=jenkins1000 | ip=192.168.36.65 | op=SEND_HEARTBEAT {datanodeUUID=5c1d6db1-13a6-44c6-b93f-b1706e8ca29c, command=[]} | ret=SUCCESS |  
2019-08-22 21:28:38,036 [grpc-default-executor-5] WARN  server.GrpcLogAppender (LogUtils.java:warn(134)) - omNode-3->omNode-2: Failed appendEntries: org.apache.ratis.thirdparty.io.grpc.StatusRuntimeException: UNAVAILABLE: io exception
2019-08-22 21:28:38,036 [grpc-default-executor-4] WARN  server.GrpcLogAppender (LogUtils.java:warn(134)) - omNode-3->omNode-1: Failed appendEntries: org.apache.ratis.thirdparty.io.grpc.StatusRuntimeException: UNAVAILABLE: io exception
2019-08-22 21:28:38,036 [grpc-default-executor-5] INFO  impl.FollowerInfo (FollowerInfo.java:lambda$new$0(50)) - omNode-3->omNode-2: nextIndex: updateUnconditionally 0 -> 0
2019-08-22 21:28:38,036 [grpc-default-executor-4] INFO  impl.FollowerInfo (FollowerInfo.java:lambda$new$0(50)) - omNode-3->omNode-1: nextIndex: updateUnconditionally 0 -> 0
2019-08-22 21:28:38,492 [Thread-7213] INFO  ipc.Client (Client.java:handleConnectionFailure(948)) - Retrying connect to server: localhost/127.0.0.1:13128. Already tried 8 time(s); retry policy is RetryUpToMaximumCountWithFixedSleep(maxRetries=10, sleepTime=1000 MILLISECONDS)
2019-08-22 21:28:38,536 [grpc-default-executor-4] WARN  server.GrpcLogAppender (LogUtils.java:warn(134)) - omNode-3->omNode-1: Failed appendEntries: org.apache.ratis.thirdparty.io.grpc.StatusRuntimeException: UNAVAILABLE: io exception
2019-08-22 21:28:38,536 [grpc-default-executor-6] WARN  server.GrpcLogAppender (LogUtils.java:warn(134)) - omNode-3->omNode-2: Failed appendEntries: org.apache.ratis.thirdparty.io.grpc.StatusRuntimeException: UNAVAILABLE: io exception
2019-08-22 21:28:38,537 [grpc-default-executor-4] INFO  impl.FollowerInfo (FollowerInfo.java:lambda$new$0(50)) - omNode-3->omNode-1: nextIndex: updateUnconditionally 0 -> 0
2019-08-22 21:28:38,537 [grpc-default-executor-6] INFO  impl.FollowerInfo (FollowerInfo.java:lambda$new$0(50)) - omNode-3->omNode-2: nextIndex: updateUnconditionally 0 -> 0
2019-08-22 21:28:38,762 | INFO  | SCMAudit | user=jenkins1000 | ip=192.168.36.65 | op=SEND_HEARTBEAT {datanodeUUID=5c1d6db1-13a6-44c6-b93f-b1706e8ca29c, command=[]} | ret=SUCCESS |  
2019-08-22 21:28:39,037 [grpc-default-executor-3] WARN  server.GrpcLogAppender (LogUtils.java:warn(134)) - omNode-3->omNode-2: Failed appendEntries: org.apache.ratis.thirdparty.io.grpc.StatusRuntimeException: UNAVAILABLE: io exception
2019-08-22 21:28:39,037 [grpc-default-executor-5] WARN  server.GrpcLogAppender (LogUtils.java:warn(134)) - omNode-3->omNode-1: Failed appendEntries: org.apache.ratis.thirdparty.io.grpc.StatusRuntimeException: UNAVAILABLE: io exception
2019-08-22 21:28:39,037 [grpc-default-executor-3] INFO  impl.FollowerInfo (FollowerInfo.java:lambda$new$0(50)) - omNode-3->omNode-2: nextIndex: updateUnconditionally 0 -> 0
2019-08-22 21:28:39,037 [grpc-default-executor-5] INFO  impl.FollowerInfo (FollowerInfo.java:lambda$new$0(50)) - omNode-3->omNode-1: nextIndex: updateUnconditionally 0 -> 0
2019-08-22 21:28:39,493 [Thread-7213] INFO  ipc.Client (Client.java:handleConnectionFailure(948)) - Retrying connect to server: localhost/127.0.0.1:13128. Already tried 9 time(s); retry policy is RetryUpToMaximumCountWithFixedSleep(maxRetries=10, sleepTime=1000 MILLISECONDS)
2019-08-22 21:28:39,494 [Thread-7213] INFO  retry.RetryInvocationHandler (RetryInvocationHandler.java:log(411)) - com.google.protobuf.ServiceException: java.net.ConnectException: Call From pr-hdds-1975-qxxlx-297662434/192.168.36.65 to localhost:13128 failed on connection exception: java.net.ConnectException: Connection refused; For more details see:  http://wiki.apache.org/hadoop/ConnectionRefused, while invoking $Proxy48.submitRequest over nodeId=omNode-1,nodeAddress=127.0.0.1:13128 after 8 failover attempts. Trying to failover immediately.
2019-08-22 21:28:39,537 [grpc-default-executor-8] WARN  server.GrpcLogAppender (LogUtils.java:warn(134)) - omNode-3->omNode-1: Failed appendEntries: org.apache.ratis.thirdparty.io.grpc.StatusRuntimeException: UNAVAILABLE: io exception
2019-08-22 21:28:39,537 [grpc-default-executor-5] WARN  server.GrpcLogAppender (LogUtils.java:warn(134)) - omNode-3->omNode-2: Failed appendEntries: org.apache.ratis.thirdparty.io.grpc.StatusRuntimeException: UNAVAILABLE: io exception
2019-08-22 21:28:39,538 [grpc-default-executor-8] INFO  impl.FollowerInfo (FollowerInfo.java:lambda$new$0(50)) - omNode-3->omNode-1: nextIndex: updateUnconditionally 0 -> 0
2019-08-22 21:28:39,538 [grpc-default-executor-5] INFO  impl.FollowerInfo (FollowerInfo.java:lambda$new$0(50)) - omNode-3->omNode-2: nextIndex: updateUnconditionally 0 -> 0
2019-08-22 21:28:39,762 | INFO  | SCMAudit | user=jenkins1000 | ip=192.168.36.65 | op=SEND_HEARTBEAT {datanodeUUID=5c1d6db1-13a6-44c6-b93f-b1706e8ca29c, command=[]} | ret=SUCCESS |  
2019-08-22 21:28:40,038 [grpc-default-executor-4] WARN  server.GrpcLogAppender (LogUtils.java:warn(134)) - omNode-3->omNode-2: Failed appendEntries: org.apache.ratis.thirdparty.io.grpc.StatusRuntimeException: UNAVAILABLE: io exception
2019-08-22 21:28:40,038 [grpc-default-executor-8] WARN  server.GrpcLogAppender (LogUtils.java:warn(134)) - omNode-3->omNode-1: Failed appendEntries: org.apache.ratis.thirdparty.io.grpc.StatusRuntimeException: UNAVAILABLE: io exception
2019-08-22 21:28:40,038 [grpc-default-executor-4] INFO  impl.FollowerInfo (FollowerInfo.java:lambda$new$0(50)) - omNode-3->omNode-2: nextIndex: updateUnconditionally 0 -> 0
2019-08-22 21:28:40,038 [grpc-default-executor-8] INFO  impl.FollowerInfo (FollowerInfo.java:lambda$new$0(50)) - omNode-3->omNode-1: nextIndex: updateUnconditionally 0 -> 0
2019-08-22 21:28:40,495 [Thread-7213] INFO  ipc.Client (Client.java:handleConnectionFailure(948)) - Retrying connect to server: localhost/127.0.0.1:13134. Already tried 0 time(s); retry policy is RetryUpToMaximumCountWithFixedSleep(maxRetries=10, sleepTime=1000 MILLISECONDS)
2019-08-22 21:28:40,538 [grpc-default-executor-4] WARN  server.GrpcLogAppender (LogUtils.java:warn(134)) - omNode-3->omNode-2: Failed appendEntries: org.apache.ratis.thirdparty.io.grpc.StatusRuntimeException: UNAVAILABLE: io exception
2019-08-22 21:28:40,539 [grpc-default-executor-4] INFO  impl.FollowerInfo (FollowerInfo.java:lambda$new$0(50)) - omNode-3->omNode-2: nextIndex: updateUnconditionally 0 -> 0
2019-08-22 21:28:40,539 [grpc-default-executor-3] WARN  server.GrpcLogAppender (LogUtils.java:warn(134)) - omNode-3->omNode-1: Failed appendEntries: org.apache.ratis.thirdparty.io.grpc.StatusRuntimeException: UNAVAILABLE: io exception
2019-08-22 21:28:40,539 [grpc-default-executor-3] INFO  impl.FollowerInfo (FollowerInfo.java:lambda$new$0(50)) - omNode-3->omNode-1: nextIndex: updateUnconditionally 0 -> 0
2019-08-22 21:28:40,762 | INFO  | SCMAudit | user=jenkins1000 | ip=192.168.36.65 | op=SEND_HEARTBEAT {datanodeUUID=5c1d6db1-13a6-44c6-b93f-b1706e8ca29c, command=[]} | ret=SUCCESS |  
2019-08-22 21:28:41,039 [grpc-default-executor-7] WARN  server.GrpcLogAppender (LogUtils.java:warn(134)) - omNode-3->omNode-2: Failed appendEntries: org.apache.ratis.thirdparty.io.grpc.StatusRuntimeException: UNAVAILABLE: io exception
2019-08-22 21:28:41,039 [grpc-default-executor-6] WARN  server.GrpcLogAppender (LogUtils.java:warn(134)) - omNode-3->omNode-1: Failed appendEntries: org.apache.ratis.thirdparty.io.grpc.StatusRuntimeException: UNAVAILABLE: io exception
2019-08-22 21:28:41,039 [grpc-default-executor-7] INFO  impl.FollowerInfo (FollowerInfo.java:lambda$new$0(50)) - omNode-3->omNode-2: nextIndex: updateUnconditionally 0 -> 0
2019-08-22 21:28:41,040 [grpc-default-executor-6] INFO  impl.FollowerInfo (FollowerInfo.java:lambda$new$0(50)) - omNode-3->omNode-1: nextIndex: updateUnconditionally 0 -> 0
2019-08-22 21:28:41,496 [Thread-7213] INFO  ipc.Client (Client.java:handleConnectionFailure(948)) - Retrying connect to server: localhost/127.0.0.1:13134. Already tried 1 time(s); retry policy is RetryUpToMaximumCountWithFixedSleep(maxRetries=10, sleepTime=1000 MILLISECONDS)
2019-08-22 21:28:41,539 [grpc-default-executor-4] WARN  server.GrpcLogAppender (LogUtils.java:warn(134)) - omNode-3->omNode-2: Failed appendEntries: org.apache.ratis.thirdparty.io.grpc.StatusRuntimeException: UNAVAILABLE: io exception
2019-08-22 21:28:41,540 [grpc-default-executor-3] WARN  server.GrpcLogAppender (LogUtils.java:warn(134)) - omNode-3->omNode-1: Failed appendEntries: org.apache.ratis.thirdparty.io.grpc.StatusRuntimeException: UNAVAILABLE: io exception
2019-08-22 21:28:41,540 [grpc-default-executor-4] INFO  impl.FollowerInfo (FollowerInfo.java:lambda$new$0(50)) - omNode-3->omNode-2: nextIndex: updateUnconditionally 0 -> 0
2019-08-22 21:28:41,540 [grpc-default-executor-3] INFO  impl.FollowerInfo (FollowerInfo.java:lambda$new$0(50)) - omNode-3->omNode-1: nextIndex: updateUnconditionally 0 -> 0
2019-08-22 21:28:41,762 | INFO  | SCMAudit | user=jenkins1000 | ip=192.168.36.65 | op=SEND_HEARTBEAT {datanodeUUID=5c1d6db1-13a6-44c6-b93f-b1706e8ca29c, command=[]} | ret=SUCCESS |  
2019-08-22 21:28:42,040 [grpc-default-executor-7] WARN  server.GrpcLogAppender (LogUtils.java:warn(134)) - omNode-3->omNode-1: Failed appendEntries: org.apache.ratis.thirdparty.io.grpc.StatusRuntimeException: UNAVAILABLE: io exception
2019-08-22 21:28:42,040 [grpc-default-executor-6] WARN  server.GrpcLogAppender (LogUtils.java:warn(134)) - omNode-3->omNode-2: Failed appendEntries: org.apache.ratis.thirdparty.io.grpc.StatusRuntimeException: UNAVAILABLE: io exception
2019-08-22 21:28:42,040 [grpc-default-executor-7] INFO  impl.FollowerInfo (FollowerInfo.java:lambda$new$0(50)) - omNode-3->omNode-1: nextIndex: updateUnconditionally 0 -> 0
2019-08-22 21:28:42,040 [grpc-default-executor-6] INFO  impl.FollowerInfo (FollowerInfo.java:lambda$new$0(50)) - omNode-3->omNode-2: nextIndex: updateUnconditionally 0 -> 0
2019-08-22 21:28:42,497 [Thread-7213] INFO  ipc.Client (Client.java:handleConnectionFailure(948)) - Retrying connect to server: localhost/127.0.0.1:13134. Already tried 2 time(s); retry policy is RetryUpToMaximumCountWithFixedSleep(maxRetries=10, sleepTime=1000 MILLISECONDS)
2019-08-22 21:28:42,540 [grpc-default-executor-5] WARN  server.GrpcLogAppender (LogUtils.java:warn(134)) - omNode-3->omNode-1: Failed appendEntries: org.apache.ratis.thirdparty.io.grpc.StatusRuntimeException: UNAVAILABLE: io exception
2019-08-22 21:28:42,540 [grpc-default-executor-8] WARN  server.GrpcLogAppender (LogUtils.java:warn(134)) - omNode-3->omNode-2: Failed appendEntries: org.apache.ratis.thirdparty.io.grpc.StatusRuntimeException: UNAVAILABLE: io exception
2019-08-22 21:28:42,541 [grpc-default-executor-5] INFO  impl.FollowerInfo (FollowerInfo.java:lambda$new$0(50)) - omNode-3->omNode-1: nextIndex: updateUnconditionally 0 -> 0
2019-08-22 21:28:42,541 [grpc-default-executor-8] INFO  impl.FollowerInfo (FollowerInfo.java:lambda$new$0(50)) - omNode-3->omNode-2: nextIndex: updateUnconditionally 0 -> 0
2019-08-22 21:28:42,763 | INFO  | SCMAudit | user=jenkins1000 | ip=192.168.36.65 | op=SEND_HEARTBEAT {datanodeUUID=5c1d6db1-13a6-44c6-b93f-b1706e8ca29c, command=[]} | ret=SUCCESS |  
2019-08-22 21:28:43,041 [grpc-default-executor-4] WARN  server.GrpcLogAppender (LogUtils.java:warn(134)) - omNode-3->omNode-2: Failed appendEntries: org.apache.ratis.thirdparty.io.grpc.StatusRuntimeException: UNAVAILABLE: io exception
2019-08-22 21:28:43,041 [grpc-default-executor-3] WARN  server.GrpcLogAppender (LogUtils.java:warn(134)) - omNode-3->omNode-1: Failed appendEntries: org.apache.ratis.thirdparty.io.grpc.StatusRuntimeException: UNAVAILABLE: io exception
2019-08-22 21:28:43,041 [grpc-default-executor-4] INFO  impl.FollowerInfo (FollowerInfo.java:lambda$new$0(50)) - omNode-3->omNode-2: nextIndex: updateUnconditionally 0 -> 0
2019-08-22 21:28:43,041 [grpc-default-executor-3] INFO  impl.FollowerInfo (FollowerInfo.java:lambda$new$0(50)) - omNode-3->omNode-1: nextIndex: updateUnconditionally 0 -> 0
2019-08-22 21:28:43,498 [Thread-7213] INFO  ipc.Client (Client.java:handleConnectionFailure(948)) - Retrying connect to server: localhost/127.0.0.1:13134. Already tried 3 time(s); retry policy is RetryUpToMaximumCountWithFixedSleep(maxRetries=10, sleepTime=1000 MILLISECONDS)
2019-08-22 21:28:43,543 [grpc-default-executor-8] WARN  server.GrpcLogAppender (LogUtils.java:warn(134)) - omNode-3->omNode-2: Failed appendEntries: org.apache.ratis.thirdparty.io.grpc.StatusRuntimeException: UNAVAILABLE: io exception
2019-08-22 21:28:43,543 [grpc-default-executor-6] WARN  server.GrpcLogAppender (LogUtils.java:warn(134)) - omNode-3->omNode-1: Failed appendEntries: org.apache.ratis.thirdparty.io.grpc.StatusRuntimeException: UNAVAILABLE: io exception
2019-08-22 21:28:43,544 [grpc-default-executor-8] INFO  impl.FollowerInfo (FollowerInfo.java:lambda$new$0(50)) - omNode-3->omNode-2: nextIndex: updateUnconditionally 0 -> 0
2019-08-22 21:28:43,544 [grpc-default-executor-6] INFO  impl.FollowerInfo (FollowerInfo.java:lambda$new$0(50)) - omNode-3->omNode-1: nextIndex: updateUnconditionally 0 -> 0
2019-08-22 21:28:43,764 | INFO  | SCMAudit | user=jenkins1000 | ip=192.168.36.65 | op=SEND_HEARTBEAT {datanodeUUID=5c1d6db1-13a6-44c6-b93f-b1706e8ca29c, command=[]} | ret=SUCCESS |  
2019-08-22 21:28:44,043 [grpc-default-executor-7] WARN  server.GrpcLogAppender (LogUtils.java:warn(134)) - omNode-3->omNode-1: Failed appendEntries: org.apache.ratis.thirdparty.io.grpc.StatusRuntimeException: UNAVAILABLE: io exception
2019-08-22 21:28:44,043 [grpc-default-executor-4] WARN  server.GrpcLogAppender (LogUtils.java:warn(134)) - omNode-3->omNode-2: Failed appendEntries: org.apache.ratis.thirdparty.io.grpc.StatusRuntimeException: UNAVAILABLE: io exception
2019-08-22 21:28:44,044 [grpc-default-executor-7] INFO  impl.FollowerInfo (FollowerInfo.java:lambda$new$0(50)) - omNode-3->omNode-1: nextIndex: updateUnconditionally 0 -> 0
2019-08-22 21:28:44,044 [grpc-default-executor-4] INFO  impl.FollowerInfo (FollowerInfo.java:lambda$new$0(50)) - omNode-3->omNode-2: nextIndex: updateUnconditionally 0 -> 0
2019-08-22 21:28:44,501 [Thread-7213] INFO  ipc.Client (Client.java:handleConnectionFailure(948)) - Retrying connect to server: localhost/127.0.0.1:13134. Already tried 4 time(s); retry policy is RetryUpToMaximumCountWithFixedSleep(maxRetries=10, sleepTime=1000 MILLISECONDS)
2019-08-22 21:28:44,544 [grpc-default-executor-8] WARN  server.GrpcLogAppender (LogUtils.java:warn(134)) - omNode-3->omNode-2: Failed appendEntries: org.apache.ratis.thirdparty.io.grpc.StatusRuntimeException: UNAVAILABLE: io exception
2019-08-22 21:28:44,544 [grpc-default-executor-6] WARN  server.GrpcLogAppender (LogUtils.java:warn(134)) - omNode-3->omNode-1: Failed appendEntries: org.apache.ratis.thirdparty.io.grpc.StatusRuntimeException: UNAVAILABLE: io exception
2019-08-22 21:28:44,544 [grpc-default-executor-8] INFO  impl.FollowerInfo (FollowerInfo.java:lambda$new$0(50)) - omNode-3->omNode-2: nextIndex: updateUnconditionally 0 -> 0
2019-08-22 21:28:44,544 [grpc-default-executor-6] INFO  impl.FollowerInfo (FollowerInfo.java:lambda$new$0(50)) - omNode-3->omNode-1: nextIndex: updateUnconditionally 0 -> 0
2019-08-22 21:28:44,763 | INFO  | SCMAudit | user=jenkins1000 | ip=192.168.36.65 | op=SEND_HEARTBEAT {datanodeUUID=5c1d6db1-13a6-44c6-b93f-b1706e8ca29c, command=[]} | ret=SUCCESS |  
2019-08-22 21:28:45,044 [grpc-default-executor-5] WARN  server.GrpcLogAppender (LogUtils.java:warn(134)) - omNode-3->omNode-2: Failed appendEntries: org.apache.ratis.thirdparty.io.grpc.StatusRuntimeException: UNAVAILABLE: io exception
2019-08-22 21:28:45,044 [grpc-default-executor-4] WARN  server.GrpcLogAppender (LogUtils.java:warn(134)) - omNode-3->omNode-1: Failed appendEntries: org.apache.ratis.thirdparty.io.grpc.StatusRuntimeException: UNAVAILABLE: io exception
2019-08-22 21:28:45,045 [grpc-default-executor-5] INFO  impl.FollowerInfo (FollowerInfo.java:lambda$new$0(50)) - omNode-3->omNode-2: nextIndex: updateUnconditionally 0 -> 0
2019-08-22 21:28:45,045 [grpc-default-executor-4] INFO  impl.FollowerInfo (FollowerInfo.java:lambda$new$0(50)) - omNode-3->omNode-1: nextIndex: updateUnconditionally 0 -> 0
2019-08-22 21:28:45,502 [Thread-7213] INFO  ipc.Client (Client.java:handleConnectionFailure(948)) - Retrying connect to server: localhost/127.0.0.1:13134. Already tried 5 time(s); retry policy is RetryUpToMaximumCountWithFixedSleep(maxRetries=10, sleepTime=1000 MILLISECONDS)
2019-08-22 21:28:45,545 [grpc-default-executor-5] WARN  server.GrpcLogAppender (LogUtils.java:warn(134)) - omNode-3->omNode-1: Failed appendEntries: org.apache.ratis.thirdparty.io.grpc.StatusRuntimeException: UNAVAILABLE: io exception
2019-08-22 21:28:45,545 [grpc-default-executor-4] WARN  server.GrpcLogAppender (LogUtils.java:warn(134)) - omNode-3->omNode-2: Failed appendEntries: org.apache.ratis.thirdparty.io.grpc.StatusRuntimeException: UNAVAILABLE: io exception
2019-08-22 21:28:45,545 [grpc-default-executor-5] INFO  impl.FollowerInfo (FollowerInfo.java:lambda$new$0(50)) - omNode-3->omNode-1: nextIndex: updateUnconditionally 0 -> 0
2019-08-22 21:28:45,546 [grpc-default-executor-4] INFO  impl.FollowerInfo (FollowerInfo.java:lambda$new$0(50)) - omNode-3->omNode-2: nextIndex: updateUnconditionally 0 -> 0
2019-08-22 21:28:45,764 | INFO  | SCMAudit | user=jenkins1000 | ip=192.168.36.65 | op=SEND_HEARTBEAT {datanodeUUID=5c1d6db1-13a6-44c6-b93f-b1706e8ca29c, command=[]} | ret=SUCCESS |  
2019-08-22 21:28:46,046 [grpc-default-executor-7] WARN  server.GrpcLogAppender (LogUtils.java:warn(134)) - omNode-3->omNode-2: Failed appendEntries: org.apache.ratis.thirdparty.io.grpc.StatusRuntimeException: UNAVAILABLE: io exception
2019-08-22 21:28:46,046 [grpc-default-executor-3] WARN  server.GrpcLogAppender (LogUtils.java:warn(134)) - omNode-3->omNode-1: Failed appendEntries: org.apache.ratis.thirdparty.io.grpc.StatusRuntimeException: UNAVAILABLE: io exception
2019-08-22 21:28:46,046 [grpc-default-executor-7] INFO  impl.FollowerInfo (FollowerInfo.java:lambda$new$0(50)) - omNode-3->omNode-2: nextIndex: updateUnconditionally 0 -> 0
2019-08-22 21:28:46,046 [grpc-default-executor-3] INFO  impl.FollowerInfo (FollowerInfo.java:lambda$new$0(50)) - omNode-3->omNode-1: nextIndex: updateUnconditionally 0 -> 0
2019-08-22 21:28:46,503 [Thread-7213] INFO  ipc.Client (Client.java:handleConnectionFailure(948)) - Retrying connect to server: localhost/127.0.0.1:13134. Already tried 6 time(s); retry policy is RetryUpToMaximumCountWithFixedSleep(maxRetries=10, sleepTime=1000 MILLISECONDS)
2019-08-22 21:28:46,546 [grpc-default-executor-8] WARN  server.GrpcLogAppender (LogUtils.java:warn(134)) - omNode-3->omNode-2: Failed appendEntries: org.apache.ratis.thirdparty.io.grpc.StatusRuntimeException: UNAVAILABLE: io exception
2019-08-22 21:28:46,546 [grpc-default-executor-7] WARN  server.GrpcLogAppender (LogUtils.java:warn(134)) - omNode-3->omNode-1: Failed appendEntries: org.apache.ratis.thirdparty.io.grpc.StatusRuntimeException: UNAVAILABLE: io exception
2019-08-22 21:28:46,547 [grpc-default-executor-8] INFO  impl.FollowerInfo (FollowerInfo.java:lambda$new$0(50)) - omNode-3->omNode-2: nextIndex: updateUnconditionally 0 -> 0
2019-08-22 21:28:46,547 [grpc-default-executor-7] INFO  impl.FollowerInfo (FollowerInfo.java:lambda$new$0(50)) - omNode-3->omNode-1: nextIndex: updateUnconditionally 0 -> 0
2019-08-22 21:28:46,764 | INFO  | SCMAudit | user=jenkins1000 | ip=192.168.36.65 | op=SEND_HEARTBEAT {datanodeUUID=5c1d6db1-13a6-44c6-b93f-b1706e8ca29c, command=[]} | ret=SUCCESS |  
2019-08-22 21:28:47,046 [grpc-default-executor-8] WARN  server.GrpcLogAppender (LogUtils.java:warn(134)) - omNode-3->omNode-1: Failed appendEntries: org.apache.ratis.thirdparty.io.grpc.StatusRuntimeException: UNAVAILABLE: io exception
2019-08-22 21:28:47,046 [grpc-default-executor-7] WARN  server.GrpcLogAppender (LogUtils.java:warn(134)) - omNode-3->omNode-2: Failed appendEntries: org.apache.ratis.thirdparty.io.grpc.StatusRuntimeException: UNAVAILABLE: io exception
2019-08-22 21:28:47,047 [grpc-default-executor-8] INFO  impl.FollowerInfo (FollowerInfo.java:lambda$new$0(50)) - omNode-3->omNode-1: nextIndex: updateUnconditionally 0 -> 0
2019-08-22 21:28:47,047 [grpc-default-executor-7] INFO  impl.FollowerInfo (FollowerInfo.java:lambda$new$0(50)) - omNode-3->omNode-2: nextIndex: updateUnconditionally 0 -> 0
2019-08-22 21:28:47,504 [Thread-7213] INFO  ipc.Client (Client.java:handleConnectionFailure(948)) - Retrying connect to server: localhost/127.0.0.1:13134. Already tried 7 time(s); retry policy is RetryUpToMaximumCountWithFixedSleep(maxRetries=10, sleepTime=1000 MILLISECONDS)
2019-08-22 21:28:47,547 [grpc-default-executor-3] WARN  server.GrpcLogAppender (LogUtils.java:warn(134)) - omNode-3->omNode-1: Failed appendEntries: org.apache.ratis.thirdparty.io.grpc.StatusRuntimeException: UNAVAILABLE: io exception
2019-08-22 21:28:47,547 [grpc-default-executor-6] WARN  server.GrpcLogAppender (LogUtils.java:warn(134)) - omNode-3->omNode-2: Failed appendEntries: org.apache.ratis.thirdparty.io.grpc.StatusRuntimeException: UNAVAILABLE: io exception
2019-08-22 21:28:47,548 [grpc-default-executor-3] INFO  impl.FollowerInfo (FollowerInfo.java:lambda$new$0(50)) - omNode-3->omNode-1: nextIndex: updateUnconditionally 0 -> 0
2019-08-22 21:28:47,548 [grpc-default-executor-6] INFO  impl.FollowerInfo (FollowerInfo.java:lambda$new$0(50)) - omNode-3->omNode-2: nextIndex: updateUnconditionally 0 -> 0
2019-08-22 21:28:47,764 | INFO  | SCMAudit | user=jenkins1000 | ip=192.168.36.65 | op=SEND_HEARTBEAT {datanodeUUID=5c1d6db1-13a6-44c6-b93f-b1706e8ca29c, command=[]} | ret=SUCCESS |  
2019-08-22 21:28:48,048 [grpc-default-executor-5] WARN  server.GrpcLogAppender (LogUtils.java:warn(134)) - omNode-3->omNode-1: Failed appendEntries: org.apache.ratis.thirdparty.io.grpc.StatusRuntimeException: UNAVAILABLE: io exception
2019-08-22 21:28:48,048 [grpc-default-executor-4] WARN  server.GrpcLogAppender (LogUtils.java:warn(134)) - omNode-3->omNode-2: Failed appendEntries: org.apache.ratis.thirdparty.io.grpc.StatusRuntimeException: UNAVAILABLE: io exception
2019-08-22 21:28:48,048 [grpc-default-executor-5] INFO  impl.FollowerInfo (FollowerInfo.java:lambda$new$0(50)) - omNode-3->omNode-1: nextIndex: updateUnconditionally 0 -> 0
2019-08-22 21:28:48,048 [grpc-default-executor-4] INFO  impl.FollowerInfo (FollowerInfo.java:lambda$new$0(50)) - omNode-3->omNode-2: nextIndex: updateUnconditionally 0 -> 0
2019-08-22 21:28:48,509 [Thread-7213] INFO  ipc.Client (Client.java:handleConnectionFailure(948)) - Retrying connect to server: localhost/127.0.0.1:13134. Already tried 8 time(s); retry policy is RetryUpToMaximumCountWithFixedSleep(maxRetries=10, sleepTime=1000 MILLISECONDS)
2019-08-22 21:28:48,548 [grpc-default-executor-6] WARN  server.GrpcLogAppender (LogUtils.java:warn(134)) - omNode-3->omNode-2: Failed appendEntries: org.apache.ratis.thirdparty.io.grpc.StatusRuntimeException: UNAVAILABLE: io exception
2019-08-22 21:28:48,548 [grpc-default-executor-3] WARN  server.GrpcLogAppender (LogUtils.java:warn(134)) - omNode-3->omNode-1: Failed appendEntries: org.apache.ratis.thirdparty.io.grpc.StatusRuntimeException: UNAVAILABLE: io exception
2019-08-22 21:28:48,548 [grpc-default-executor-6] INFO  impl.FollowerInfo (FollowerInfo.java:lambda$new$0(50)) - omNode-3->omNode-2: nextIndex: updateUnconditionally 0 -> 0
2019-08-22 21:28:48,549 [grpc-default-executor-3] INFO  impl.FollowerInfo (FollowerInfo.java:lambda$new$0(50)) - omNode-3->omNode-1: nextIndex: updateUnconditionally 0 -> 0
2019-08-22 21:28:48,765 | INFO  | SCMAudit | user=jenkins1000 | ip=192.168.36.65 | op=SEND_HEARTBEAT {datanodeUUID=5c1d6db1-13a6-44c6-b93f-b1706e8ca29c, command=[]} | ret=SUCCESS |  
2019-08-22 21:28:49,048 [grpc-default-executor-6] WARN  server.GrpcLogAppender (LogUtils.java:warn(134)) - omNode-3->omNode-1: Failed appendEntries: org.apache.ratis.thirdparty.io.grpc.StatusRuntimeException: UNAVAILABLE: io exception
2019-08-22 21:28:49,048 [grpc-default-executor-7] WARN  server.GrpcLogAppender (LogUtils.java:warn(134)) - omNode-3->omNode-2: Failed appendEntries: org.apache.ratis.thirdparty.io.grpc.StatusRuntimeException: UNAVAILABLE: io exception
2019-08-22 21:28:49,049 [grpc-default-executor-6] INFO  impl.FollowerInfo (FollowerInfo.java:lambda$new$0(50)) - omNode-3->omNode-1: nextIndex: updateUnconditionally 0 -> 0
2019-08-22 21:28:49,049 [grpc-default-executor-7] INFO  impl.FollowerInfo (FollowerInfo.java:lambda$new$0(50)) - omNode-3->omNode-2: nextIndex: updateUnconditionally 0 -> 0
2019-08-22 21:28:49,510 [Thread-7213] INFO  ipc.Client (Client.java:handleConnectionFailure(948)) - Retrying connect to server: localhost/127.0.0.1:13134. Already tried 9 time(s); retry policy is RetryUpToMaximumCountWithFixedSleep(maxRetries=10, sleepTime=1000 MILLISECONDS)
2019-08-22 21:28:49,511 [Thread-7213] INFO  retry.RetryInvocationHandler (RetryInvocationHandler.java:log(411)) - com.google.protobuf.ServiceException: java.net.ConnectException: Call From pr-hdds-1975-qxxlx-297662434/192.168.36.65 to localhost:13134 failed on connection exception: java.net.ConnectException: Connection refused; For more details see:  http://wiki.apache.org/hadoop/ConnectionRefused, while invoking $Proxy48.submitRequest over nodeId=omNode-2,nodeAddress=127.0.0.1:13134 after 9 failover attempts. Trying to failover immediately.
2019-08-22 21:28:49,518 [IPC Server handler 0 on 13140] WARN  ipc.Server (Server.java:logException(2724)) - IPC Server handler 0 on 13140, call Call#724 Retry#10 org.apache.hadoop.ozone.om.protocol.OzoneManagerProtocol.submitRequest from 127.0.0.1:52726
java.lang.NullPointerException
	at org.apache.hadoop.ozone.om.helpers.OMRatisHelper.getOMResponseFromRaftClientReply(OMRatisHelper.java:105)
	at org.apache.hadoop.ozone.om.ratis.OzoneManagerRatisServer.processReply(OzoneManagerRatisServer.java:178)
	at org.apache.hadoop.ozone.om.ratis.OzoneManagerRatisServer.submitRequest(OzoneManagerRatisServer.java:131)
	at org.apache.hadoop.ozone.protocolPB.OzoneManagerProtocolServerSideTranslatorPB.submitRequestToRatis(OzoneManagerProtocolServerSideTranslatorPB.java:163)
	at org.apache.hadoop.ozone.protocolPB.OzoneManagerProtocolServerSideTranslatorPB.submitRequest(OzoneManagerProtocolServerSideTranslatorPB.java:107)
	at org.apache.hadoop.ozone.protocol.proto.OzoneManagerProtocolProtos$OzoneManagerService$2.callBlockingMethod(OzoneManagerProtocolProtos.java)
	at org.apache.hadoop.ipc.ProtobufRpcEngine$Server$ProtoBufRpcInvoker.call(ProtobufRpcEngine.java:524)
	at org.apache.hadoop.ipc.RPC$Server.call(RPC.java:1025)
	at org.apache.hadoop.ipc.Server$RpcCall.run(Server.java:876)
	at org.apache.hadoop.ipc.Server$RpcCall.run(Server.java:822)
	at java.security.AccessController.doPrivileged(Native Method)
	at javax.security.auth.Subject.doAs(Subject.java:422)
	at org.apache.hadoop.security.UserGroupInformation.doAs(UserGroupInformation.java:1730)
	at org.apache.hadoop.ipc.Server$Handler.run(Server.java:2682)
2019-08-22 21:28:49,521 [Thread-7213] ERROR ha.OMFailoverProxyProvider (OzoneManagerProtocolClientSideTranslatorPB.java:getRetryAction(261)) - Failed to connect to OM. Attempted 10 retries and 10 failovers
2019-08-22 21:28:49,522 [Thread-7213] INFO  ozone.MiniOzoneClusterImpl (MiniOzoneClusterImpl.java:shutdown(321)) - Shutting down the Mini Ozone Cluster
2019-08-22 21:28:49,523 | INFO  | SCMAudit | user=null | ip=null | op=GET_SCM_INFO null | ret=SUCCESS |  
2019-08-22 21:28:49,523 [Thread-7213] INFO  ozone.MiniOzoneHAClusterImpl (MiniOzoneHAClusterImpl.java:stop(132)) - Stopping the OzoneManager omNode-3
2019-08-22 21:28:49,523 [Thread-7213] INFO  ipc.Server (Server.java:stop(3082)) - Stopping server on 13140
2019-08-22 21:28:49,529 [IPC Server listener on 13140] INFO  ipc.Server (Server.java:run(1185)) - Stopping IPC Server listener on 13140
2019-08-22 21:28:49,529 [IPC Server Responder] INFO  ipc.Server (Server.java:run(1319)) - Stopping IPC Server Responder
2019-08-22 21:28:49,530 [Thread-7213] INFO  impl.RaftServerProxy (RaftServerProxy.java:lambda$close$4(314)) - omNode-3: close
2019-08-22 21:28:49,532 [Thread-7213] INFO  impl.RaftServerImpl (RaftServerImpl.java:lambda$shutdown$3(245)) - omNode-3: shutdown group-523986131536
2019-08-22 21:28:49,533 [Thread-7213] INFO  util.JmxRegister (JmxRegister.java:unregister(73)) - Successfully un-registered JMX Bean with object name Ratis:service=RaftServer,group=group-523986131536,id=omNode-3
2019-08-22 21:28:49,533 [Thread-7213] INFO  impl.RoleInfo (RoleInfo.java:shutdownLeaderState(104)) - omNode-3: shutdown LeaderState
2019-08-22 21:28:49,537 [Thread-7213] INFO  impl.PendingRequests (PendingRequests.java:sendNotLeaderResponses(202)) - omNode-3-PendingRequests: sendNotLeaderResponses
2019-08-22 21:28:49,537 [org.apache.ratis.server.impl.LogAppender$AppenderDaemon$$Lambda$225/1524531159@631b5a85] WARN  server.GrpcLogAppender (GrpcLogAppender.java:mayWait(143)) - GrpcLogAppender(omNode-3->omNode-2): Wait interrupted by java.lang.InterruptedException
2019-08-22 21:28:49,537 [org.apache.ratis.server.impl.LogAppender$AppenderDaemon$$Lambda$225/1524531159@3f7e087] WARN  server.GrpcLogAppender (GrpcLogAppender.java:mayWait(143)) - GrpcLogAppender(omNode-3->omNode-1): Wait interrupted by java.lang.InterruptedException
2019-08-22 21:28:49,543 [Thread-7213] INFO  impl.StateMachineUpdater (StateMachineUpdater.java:stopAndJoin(115)) - StateMachineUpdater:omNode-3:group-523986131536: set stopIndex = 0
2019-08-22 21:28:49,543 [StateMachineUpdater:omNode-3:group-523986131536] INFO  ratis.ContainerStateMachine (OzoneManagerStateMachine.java:takeSnapshot(225)) - Saving Ratis snapshot on the OM.
2019-08-22 21:28:49,566 [StateMachineUpdater:omNode-3:group-523986131536] INFO  om.OzoneManager (OzoneManager.java:saveRatisSnapshot(1446)) - Saved Ratis Snapshot on the OM with snapshotIndex 0
2019-08-22 21:28:49,567 [StateMachineUpdater:omNode-3:group-523986131536] INFO  impl.StateMachineUpdater (StateMachineUpdater.java:takeSnapshot(242)) - StateMachineUpdater:omNode-3:group-523986131536: Took a snapshot at index 0
2019-08-22 21:28:49,567 [StateMachineUpdater:omNode-3:group-523986131536] INFO  impl.StateMachineUpdater (StateMachineUpdater.java:lambda$new$0(80)) - StateMachineUpdater:omNode-3:group-523986131536: snapshotIndex: updateIncreasingly -1 -> 0
2019-08-22 21:28:49,567 [Thread-7213] INFO  impl.RaftServerImpl (ServerState.java:close(394)) - omNode-3:group-523986131536 closes. The last applied log index is 0
2019-08-22 21:28:49,568 [omNode-3-SegmentedRaftLogWorker:Storage Directory /workdir/hadoop-ozone/integration-test/target/test-dir/MiniOzoneClusterImpl-cf6507f4-c152-47c1-a61c-419edf2db18f/omNode-3/ratis/c9bc4cf4-3bc3-3c60-a66b-523986131536] INFO  segmented.SegmentedRaftLogWorker (SegmentedRaftLogWorker.java:run(313)) - omNode-3-SegmentedRaftLogWorker:Storage Directory /workdir/hadoop-ozone/integration-test/target/test-dir/MiniOzoneClusterImpl-cf6507f4-c152-47c1-a61c-419edf2db18f/omNode-3/ratis/c9bc4cf4-3bc3-3c60-a66b-523986131536 was interrupted, exiting. There are 0 tasks remaining in the queue.
2019-08-22 21:28:49,571 [Thread-7213] INFO  segmented.SegmentedRaftLogWorker (SegmentedRaftLogWorker.java:close(228)) - omNode-3-SegmentedRaftLogWorker:Storage Directory /workdir/hadoop-ozone/integration-test/target/test-dir/MiniOzoneClusterImpl-cf6507f4-c152-47c1-a61c-419edf2db18f/omNode-3/ratis/c9bc4cf4-3bc3-3c60-a66b-523986131536 close()
2019-08-22 21:28:49,588 [Thread-7213] INFO  server.GrpcService (GrpcService.java:closeImpl(155)) - omNode-3: shutdown server with port 13144 now
2019-08-22 21:28:49,591 [Thread-7213] INFO  server.GrpcService (GrpcService.java:closeImpl(163)) - omNode-3: shutdown server with port 13144 successfully
2019-08-22 21:28:49,591 [Thread-7213] INFO  ratis.OzoneManagerDoubleBuffer (OzoneManagerDoubleBuffer.java:stop(248)) - Stopping OMDoubleBuffer flush thread
2019-08-22 21:28:49,592 [OMDoubleBufferFlushThread] INFO  ratis.OzoneManagerDoubleBuffer (OzoneManagerDoubleBuffer.java:flushTransactions(191)) - OMDoubleBuffer flush thread OMDoubleBufferFlushThread is interrupted and will exit. OMDoubleBufferFlushThread
2019-08-22 21:28:49,592 [Thread-7213] INFO  utils.BackgroundService (BackgroundService.java:shutdown(148)) - Shutting down service KeyDeletingService
2019-08-22 21:28:49,594 [Thread-7213] INFO  handler.ContextHandler (ContextHandler.java:doStop(910)) - Stopped o.e.j.w.WebAppContext@192d22b5{/,null,UNAVAILABLE}{/ozoneManager}
2019-08-22 21:28:49,595 [Thread-7213] INFO  server.AbstractConnector (AbstractConnector.java:doStop(318)) - Stopped ServerConnector@27ea6652{HTTP/1.1,[http/1.1]}{0.0.0.0:13142}
2019-08-22 21:28:49,595 [Thread-7213] INFO  handler.ContextHandler (ContextHandler.java:doStop(910)) - Stopped o.e.j.s.ServletContextHandler@52840c07{/static,file:///workdir/hadoop-ozone/integration-test/target/test-classes/webapps/static,UNAVAILABLE}
2019-08-22 21:28:49,596 [Thread-7213] INFO  handler.ContextHandler (ContextHandler.java:doStop(910)) - Stopped o.e.j.s.ServletContextHandler@17c65e4c{/logs,file:///workdir/hadoop-ozone/integration-test/target/log,UNAVAILABLE}
2019-08-22 21:28:49,599 [Thread-7213] INFO  ozone.MiniOzoneHAClusterImpl (MiniOzoneHAClusterImpl.java:stop(132)) - Stopping the OzoneManager omNode-1
2019-08-22 21:28:49,599 [Thread-7213] INFO  ipc.Server (Server.java:stop(3082)) - Stopping server on 13128
2019-08-22 21:28:49,599 [Thread-7213] INFO  ratis.OzoneManagerDoubleBuffer (OzoneManagerDoubleBuffer.java:stop(260)) - OMDoubleBuffer flush thread is not running.
2019-08-22 21:28:49,599 [Thread-7213] INFO  ozone.MiniOzoneHAClusterImpl (MiniOzoneHAClusterImpl.java:stop(132)) - Stopping the OzoneManager omNode-2
2019-08-22 21:28:49,599 [Thread-7213] INFO  ipc.Server (Server.java:stop(3082)) - Stopping server on 13134
2019-08-22 21:28:49,599 [Thread-7213] INFO  ratis.OzoneManagerDoubleBuffer (OzoneManagerDoubleBuffer.java:stop(260)) - OMDoubleBuffer flush thread is not running.
2019-08-22 21:28:49,599 [Thread-7213] INFO  ozone.MiniOzoneClusterImpl (MiniOzoneClusterImpl.java:stop(336)) - Stopping the Mini Ozone Cluster
2019-08-22 21:28:49,600 [Thread-7213] INFO  ozone.MiniOzoneClusterImpl (MiniOzoneClusterImpl.java:stop(344)) - Shutting the HddsDatanodes
2019-08-22 21:28:49,600 [Thread-7213] INFO  datanode.ObjectStoreHandler (ObjectStoreHandler.java:close(155)) - Closing ObjectStoreHandler.
2019-08-22 21:28:49,600 [Thread-7213] INFO  ozone.HddsDatanodeService (HddsDatanodeService.java:stop(451)) - Stopped plug-in org.apache.hadoop.ozone.web.OzoneHddsDatanodeService@26a5b3af
2019-08-22 21:28:49,763 [Datanode State Machine Thread - 0] INFO  statemachine.DatanodeStateMachine (DatanodeStateMachine.java:lambda$startDaemon$0(350)) - Ozone container server started.
2019-08-22 21:28:54,601 [Thread-7213] INFO  ozoneimpl.OzoneContainer (OzoneContainer.java:stop(199)) - Attempting to stop container services.
2019-08-22 21:28:54,602 [Thread-7213] INFO  impl.RaftServerProxy (RaftServerProxy.java:lambda$close$4(314)) - 5c1d6db1-13a6-44c6-b93f-b1706e8ca29c: close
2019-08-22 21:28:54,602 [Thread-7213] INFO  impl.RaftServerImpl (RaftServerImpl.java:lambda$shutdown$3(245)) - 5c1d6db1-13a6-44c6-b93f-b1706e8ca29c: shutdown group-24D3CCCA055A
2019-08-22 21:28:54,602 [Thread-7213] INFO  util.JmxRegister (JmxRegister.java:unregister(73)) - Successfully un-registered JMX Bean with object name Ratis:service=RaftServer,group=group-24D3CCCA055A,id=5c1d6db1-13a6-44c6-b93f-b1706e8ca29c
2019-08-22 21:28:54,603 [Thread-7213] INFO  impl.RoleInfo (RoleInfo.java:shutdownLeaderState(104)) - 5c1d6db1-13a6-44c6-b93f-b1706e8ca29c: shutdown LeaderState
2019-08-22 21:28:54,603 [Thread-7213] INFO  impl.PendingRequests (PendingRequests.java:sendNotLeaderResponses(202)) - 5c1d6db1-13a6-44c6-b93f-b1706e8ca29c-PendingRequests: sendNotLeaderResponses
2019-08-22 21:28:54,604 [Thread-7213] INFO  impl.StateMachineUpdater (StateMachineUpdater.java:stopAndJoin(115)) - StateMachineUpdater:5c1d6db1-13a6-44c6-b93f-b1706e8ca29c:group-24D3CCCA055A: set stopIndex = 0
2019-08-22 21:28:54,607 [Thread-7213] INFO  impl.RaftServerImpl (ServerState.java:close(394)) - 5c1d6db1-13a6-44c6-b93f-b1706e8ca29c:group-24D3CCCA055A closes. The last applied log index is 0
2019-08-22 21:28:54,608 [5c1d6db1-13a6-44c6-b93f-b1706e8ca29c-SegmentedRaftLogWorker:Storage Directory /workdir/hadoop-ozone/integration-test/target/test-dir/MiniOzoneClusterImpl-cf6507f4-c152-47c1-a61c-419edf2db18f/datanode-0/data/ratis/8b5af401-3838-4f04-b950-24d3ccca055a] INFO  segmented.SegmentedRaftLogWorker (SegmentedRaftLogWorker.java:run(313)) - 5c1d6db1-13a6-44c6-b93f-b1706e8ca29c-SegmentedRaftLogWorker:Storage Directory /workdir/hadoop-ozone/integration-test/target/test-dir/MiniOzoneClusterImpl-cf6507f4-c152-47c1-a61c-419edf2db18f/datanode-0/data/ratis/8b5af401-3838-4f04-b950-24d3ccca055a was interrupted, exiting. There are 0 tasks remaining in the queue.
2019-08-22 21:28:54,610 [Thread-7213] INFO  segmented.SegmentedRaftLogWorker (SegmentedRaftLogWorker.java:close(228)) - 5c1d6db1-13a6-44c6-b93f-b1706e8ca29c-SegmentedRaftLogWorker:Storage Directory /workdir/hadoop-ozone/integration-test/target/test-dir/MiniOzoneClusterImpl-cf6507f4-c152-47c1-a61c-419edf2db18f/datanode-0/data/ratis/8b5af401-3838-4f04-b950-24d3ccca055a close()
2019-08-22 21:28:54,612 [Thread-7213] INFO  server.GrpcService (GrpcService.java:closeImpl(155)) - 5c1d6db1-13a6-44c6-b93f-b1706e8ca29c: shutdown server with port 40663 now
2019-08-22 21:28:54,615 [Thread-7213] INFO  server.GrpcService (GrpcService.java:closeImpl(163)) - 5c1d6db1-13a6-44c6-b93f-b1706e8ca29c: shutdown server with port 40663 successfully
2019-08-22 21:28:54,617 [Thread-7213] INFO  utils.BackgroundService (BackgroundService.java:shutdown(148)) - Shutting down service BlockDeletingService
2019-08-22 21:28:54,621 [refreshUsed-/workdir/hadoop-ozone/integration-test/target/test-dir/MiniOzoneClusterImpl-cf6507f4-c152-47c1-a61c-419edf2db18f/datanode-0/data/containers] WARN  fs.CachingGetSpaceUsed (CachingGetSpaceUsed.java:run(183)) - Thread Interrupted waiting to refresh disk information: sleep interrupted
2019-08-22 21:28:54,645 [Thread-7213] INFO  statemachine.DatanodeStateMachine (DatanodeStateMachine.java:stopDaemon(395)) - Ozone container server stopped.
2019-08-22 21:28:54,647 [Thread-7213] INFO  handler.ContextHandler (ContextHandler.java:doStop(910)) - Stopped o.e.j.w.WebAppContext@47de212a{/,null,UNAVAILABLE}{/hddsDatanode}
2019-08-22 21:28:54,647 [Thread-7213] INFO  server.AbstractConnector (AbstractConnector.java:doStop(318)) - Stopped ServerConnector@4c7dfab3{HTTP/1.1,[http/1.1]}{0.0.0.0:0}
2019-08-22 21:28:54,648 [Thread-7213] INFO  handler.ContextHandler (ContextHandler.java:doStop(910)) - Stopped o.e.j.s.ServletContextHandler@6179e6b2{/static,jar:file:/home/user/.m2/repository/org/apache/hadoop/hadoop-hdds-container-service/0.5.0-SNAPSHOT/hadoop-hdds-container-service-0.5.0-SNAPSHOT.jar!/webapps/static,UNAVAILABLE}
2019-08-22 21:28:54,648 [Thread-7213] INFO  handler.ContextHandler (ContextHandler.java:doStop(910)) - Stopped o.e.j.s.ServletContextHandler@3b58a370{/logs,file:///workdir/hadoop-ozone/integration-test/target/log,UNAVAILABLE}
2019-08-22 21:28:54,649 [Thread-7213] INFO  ozone.MiniOzoneClusterImpl (MiniOzoneClusterImpl.java:stop(353)) - Stopping the StorageContainerManager
2019-08-22 21:28:54,649 [Thread-7213] INFO  server.StorageContainerManager (StorageContainerManager.java:stop(797)) - Stopping Replication Manager Service.
2019-08-22 21:28:54,649 [Thread-7213] INFO  container.ReplicationManager (ReplicationManager.java:stop(193)) - Stopping Replication Monitor Thread.
2019-08-22 21:28:54,649 [Thread-7213] INFO  server.StorageContainerManager (StorageContainerManager.java:stop(804)) - Stopping Lease Manager of the command watchers
2019-08-22 21:28:54,650 [Thread-7213] INFO  server.StorageContainerManager (StorageContainerManager.java:stop(811)) - Stopping datanode service RPC server
2019-08-22 21:28:54,650 [Thread-7213] INFO  server.SCMDatanodeProtocolServer (SCMDatanodeProtocolServer.java:stop(367)) - Stopping the RPC server for DataNodes
2019-08-22 21:28:54,650 [Thread-7213] INFO  ipc.Server (Server.java:stop(3082)) - Stopping server on 45796
2019-08-22 21:28:54,653 [IPC Server listener on 45796] INFO  ipc.Server (Server.java:run(1185)) - Stopping IPC Server listener on 45796
2019-08-22 21:28:54,654 [IPC Server Responder] INFO  ipc.Server (Server.java:run(1319)) - Stopping IPC Server Responder
2019-08-22 21:28:54,753 [SCM Heartbeat Processing Thread - 0] WARN  node.NodeStateManager (NodeStateManager.java:scheduleNextHealthCheck(646)) - Current Thread is interrupted, shutting down HB processing thread for Node Manager.
2019-08-22 21:28:54,753 [Thread-7213] INFO  server.StorageContainerManager (StorageContainerManager.java:stop(819)) - Stopping block service RPC server
2019-08-22 21:28:54,753 [Thread-7213] INFO  server.SCMBlockProtocolServer (SCMBlockProtocolServer.java:stop(148)) - Stopping the RPC server for Block Protocol
2019-08-22 21:28:54,754 [Thread-7213] INFO  ipc.Server (Server.java:stop(3082)) - Stopping server on 39638
2019-08-22 21:28:54,765 [IPC Server listener on 39638] INFO  ipc.Server (Server.java:run(1185)) - Stopping IPC Server listener on 39638
2019-08-22 21:28:54,766 [IPC Server Responder] INFO  ipc.Server (Server.java:run(1319)) - Stopping IPC Server Responder
2019-08-22 21:28:54,766 [Thread-7213] INFO  server.StorageContainerManager (StorageContainerManager.java:stop(826)) - Stopping the StorageContainerLocationProtocol RPC server
2019-08-22 21:28:54,768 [Thread-7213] INFO  server.SCMClientProtocolServer (SCMClientProtocolServer.java:stop(159)) - Stopping the RPC server for Client Protocol
2019-08-22 21:28:54,768 [Thread-7213] INFO  ipc.Server (Server.java:stop(3082)) - Stopping server on 43160
2019-08-22 21:28:54,771 [IPC Server listener on 43160] INFO  ipc.Server (Server.java:run(1185)) - Stopping IPC Server listener on 43160
2019-08-22 21:28:54,771 [Thread-7213] INFO  server.StorageContainerManager (StorageContainerManager.java:stop(833)) - Stopping Storage Container Manager HTTP server.
2019-08-22 21:28:54,772 [IPC Server Responder] INFO  ipc.Server (Server.java:run(1319)) - Stopping IPC Server Responder
2019-08-22 21:28:54,775 [Thread-7213] INFO  handler.ContextHandler (ContextHandler.java:doStop(910)) - Stopped o.e.j.w.WebAppContext@407f9b73{/,null,UNAVAILABLE}{/scm}
2019-08-22 21:28:54,775 [Thread-7213] INFO  server.AbstractConnector (AbstractConnector.java:doStop(318)) - Stopped ServerConnector@1863266a{HTTP/1.1,[http/1.1]}{0.0.0.0:0}
2019-08-22 21:28:54,776 [Thread-7213] INFO  handler.ContextHandler (ContextHandler.java:doStop(910)) - Stopped o.e.j.s.ServletContextHandler@278b4af1{/static,file:///workdir/hadoop-ozone/integration-test/target/test-classes/webapps/static,UNAVAILABLE}
2019-08-22 21:28:54,776 [Thread-7213] INFO  handler.ContextHandler (ContextHandler.java:doStop(910)) - Stopped o.e.j.s.ServletContextHandler@11659280{/logs,file:///workdir/hadoop-ozone/integration-test/target/log,UNAVAILABLE}
2019-08-22 21:28:54,777 [Thread-7213] INFO  server.StorageContainerManager (StorageContainerManager.java:stop(844)) - Stopping Block Manager Service.
2019-08-22 21:28:54,777 [Thread-7213] INFO  utils.BackgroundService (BackgroundService.java:shutdown(148)) - Shutting down service SCMBlockDeletingService
2019-08-22 21:28:54,777 [Thread-7213] INFO  utils.BackgroundService (BackgroundService.java:shutdown(148)) - Shutting down service SCMBlockDeletingService
2019-08-22 21:28:54,778 [Thread-7213] INFO  server.StorageContainerManager (StorageContainerManager.java:stop(866)) - Stopping SCM Event Queue.
2019-08-22 21:28:54,783 [Thread-7213] INFO  impl.MetricsSystemImpl (MetricsSystemImpl.java:stop(210)) - Stopping HddsDatanode metrics system...
2019-08-22 21:28:54,791 [Thread-7213] INFO  impl.MetricsSystemImpl (MetricsSystemImpl.java:stop(216)) - HddsDatanode metrics system stopped.
]]></system-out>
    <system-err><![CDATA[Aug 22, 2019 9:26:18 PM com.sun.jersey.server.impl.application.WebApplicationImpl _initiate
INFO: Initiating Jersey application, version 'Jersey: 1.19 02/11/2015 03:25 AM'
Aug 22, 2019 9:28:18 PM org.apache.ratis.thirdparty.io.grpc.internal.ManagedChannelOrphanWrapper$ManagedChannelReference cleanQueue
SEVERE: *~*~*~ Channel ManagedChannelImpl{logId=1169, target=192.168.36.65:46799} was not shutdown properly!!! ~*~*~*
    Make sure to call shutdown()/shutdownNow() and wait until awaitTermination() returns true.
java.lang.RuntimeException: ManagedChannel allocation site
	at org.apache.ratis.thirdparty.io.grpc.internal.ManagedChannelOrphanWrapper$ManagedChannelReference.<init>(ManagedChannelOrphanWrapper.java:103)
	at org.apache.ratis.thirdparty.io.grpc.internal.ManagedChannelOrphanWrapper.<init>(ManagedChannelOrphanWrapper.java:53)
	at org.apache.ratis.thirdparty.io.grpc.internal.ManagedChannelOrphanWrapper.<init>(ManagedChannelOrphanWrapper.java:44)
	at org.apache.ratis.thirdparty.io.grpc.internal.AbstractManagedChannelImplBuilder.build(AbstractManagedChannelImplBuilder.java:411)
	at org.apache.hadoop.hdds.scm.XceiverClientGrpc.connectToDatanode(XceiverClientGrpc.java:174)
	at org.apache.hadoop.hdds.scm.XceiverClientGrpc.reconnect(XceiverClientGrpc.java:422)
	at org.apache.hadoop.hdds.scm.XceiverClientGrpc.sendCommandAsync(XceiverClientGrpc.java:371)
	at org.apache.hadoop.hdds.scm.XceiverClientGrpc.sendCommandAsync(XceiverClientGrpc.java:346)
	at org.apache.hadoop.hdds.scm.storage.ContainerProtocolCalls.writeChunkAsync(ContainerProtocolCalls.java:310)
	at org.apache.hadoop.hdds.scm.storage.BlockOutputStream.writeChunkToContainer(BlockOutputStream.java:601)
	at org.apache.hadoop.hdds.scm.storage.BlockOutputStream.writeChunk(BlockOutputStream.java:459)
	at org.apache.hadoop.hdds.scm.storage.BlockOutputStream.handleFlush(BlockOutputStream.java:470)
	at org.apache.hadoop.hdds.scm.storage.BlockOutputStream.close(BlockOutputStream.java:493)
	at org.apache.hadoop.ozone.client.io.BlockOutputStreamEntry.close(BlockOutputStreamEntry.java:143)
	at org.apache.hadoop.ozone.client.io.KeyOutputStream.handleFlushOrClose(KeyOutputStream.java:434)
	at org.apache.hadoop.ozone.client.io.KeyOutputStream.close(KeyOutputStream.java:472)
	at org.apache.hadoop.ozone.client.io.OzoneOutputStream.close(OzoneOutputStream.java:60)
	at org.apache.hadoop.ozone.om.TestOzoneManagerHA.createKeyTest(TestOzoneManagerHA.java:546)
	at org.apache.hadoop.ozone.om.TestOzoneManagerHA.testOneOMNodeDown(TestOzoneManagerHA.java:247)
	at sun.reflect.NativeMethodAccessorImpl.invoke0(Native Method)
	at sun.reflect.NativeMethodAccessorImpl.invoke(NativeMethodAccessorImpl.java:62)
	at sun.reflect.DelegatingMethodAccessorImpl.invoke(DelegatingMethodAccessorImpl.java:43)
	at java.lang.reflect.Method.invoke(Method.java:498)
	at org.junit.runners.model.FrameworkMethod$1.runReflectiveCall(FrameworkMethod.java:47)
	at org.junit.internal.runners.model.ReflectiveCallable.run(ReflectiveCallable.java:12)
	at org.junit.runners.model.FrameworkMethod.invokeExplosively(FrameworkMethod.java:44)
	at org.junit.internal.runners.statements.InvokeMethod.evaluate(InvokeMethod.java:17)
	at org.junit.internal.runners.statements.RunBefores.evaluate(RunBefores.java:26)
	at org.junit.internal.runners.statements.RunAfters.evaluate(RunAfters.java:27)
	at org.junit.rules.ExpectedException$ExpectedExceptionStatement.evaluate(ExpectedException.java:168)
	at org.junit.internal.runners.statements.FailOnTimeout$StatementThread.run(FailOnTimeout.java:74)

Aug 22, 2019 9:28:18 PM org.apache.ratis.thirdparty.io.grpc.internal.ManagedChannelOrphanWrapper$ManagedChannelReference cleanQueue
SEVERE: *~*~*~ Channel ManagedChannelImpl{logId=1243, target=192.168.36.65:40989} was not shutdown properly!!! ~*~*~*
    Make sure to call shutdown()/shutdownNow() and wait until awaitTermination() returns true.
java.lang.RuntimeException: ManagedChannel allocation site
	at org.apache.ratis.thirdparty.io.grpc.internal.ManagedChannelOrphanWrapper$ManagedChannelReference.<init>(ManagedChannelOrphanWrapper.java:103)
	at org.apache.ratis.thirdparty.io.grpc.internal.ManagedChannelOrphanWrapper.<init>(ManagedChannelOrphanWrapper.java:53)
	at org.apache.ratis.thirdparty.io.grpc.internal.ManagedChannelOrphanWrapper.<init>(ManagedChannelOrphanWrapper.java:44)
	at org.apache.ratis.thirdparty.io.grpc.internal.AbstractManagedChannelImplBuilder.build(AbstractManagedChannelImplBuilder.java:411)
	at org.apache.hadoop.hdds.scm.XceiverClientGrpc.connectToDatanode(XceiverClientGrpc.java:174)
	at org.apache.hadoop.hdds.scm.XceiverClientGrpc.reconnect(XceiverClientGrpc.java:422)
	at org.apache.hadoop.hdds.scm.XceiverClientGrpc.sendCommandAsync(XceiverClientGrpc.java:371)
	at org.apache.hadoop.hdds.scm.XceiverClientGrpc.sendCommandAsync(XceiverClientGrpc.java:346)
	at org.apache.hadoop.hdds.scm.storage.ContainerProtocolCalls.writeChunkAsync(ContainerProtocolCalls.java:310)
	at org.apache.hadoop.hdds.scm.storage.BlockOutputStream.writeChunkToContainer(BlockOutputStream.java:601)
	at org.apache.hadoop.hdds.scm.storage.BlockOutputStream.writeChunk(BlockOutputStream.java:459)
	at org.apache.hadoop.hdds.scm.storage.BlockOutputStream.handleFlush(BlockOutputStream.java:470)
	at org.apache.hadoop.hdds.scm.storage.BlockOutputStream.close(BlockOutputStream.java:493)
	at org.apache.hadoop.ozone.client.io.BlockOutputStreamEntry.close(BlockOutputStreamEntry.java:143)
	at org.apache.hadoop.ozone.client.io.KeyOutputStream.handleFlushOrClose(KeyOutputStream.java:434)
	at org.apache.hadoop.ozone.client.io.KeyOutputStream.close(KeyOutputStream.java:472)
	at org.apache.hadoop.ozone.client.io.OzoneOutputStream.close(OzoneOutputStream.java:60)
	at org.apache.hadoop.ozone.om.TestOzoneManagerHA.createKey(TestOzoneManagerHA.java:1138)
	at org.apache.hadoop.ozone.om.TestOzoneManagerHA.testSetKeyAcl(TestOzoneManagerHA.java:890)
	at sun.reflect.NativeMethodAccessorImpl.invoke0(Native Method)
	at sun.reflect.NativeMethodAccessorImpl.invoke(NativeMethodAccessorImpl.java:62)
	at sun.reflect.DelegatingMethodAccessorImpl.invoke(DelegatingMethodAccessorImpl.java:43)
	at java.lang.reflect.Method.invoke(Method.java:498)
	at org.junit.runners.model.FrameworkMethod$1.runReflectiveCall(FrameworkMethod.java:47)
	at org.junit.internal.runners.model.ReflectiveCallable.run(ReflectiveCallable.java:12)
	at org.junit.runners.model.FrameworkMethod.invokeExplosively(FrameworkMethod.java:44)
	at org.junit.internal.runners.statements.InvokeMethod.evaluate(InvokeMethod.java:17)
	at org.junit.internal.runners.statements.RunBefores.evaluate(RunBefores.java:26)
	at org.junit.internal.runners.statements.RunAfters.evaluate(RunAfters.java:27)
	at org.junit.rules.ExpectedException$ExpectedExceptionStatement.evaluate(ExpectedException.java:168)
	at org.junit.internal.runners.statements.FailOnTimeout$StatementThread.run(FailOnTimeout.java:74)

]]></system-err>
  </testcase>
  <testcase name="testSetPrefixAcl" classname="org.apache.hadoop.ozone.om.TestOzoneManagerHA" time="20.018"/>
</testsuite>