<?xml version="1.0" encoding="UTF-8"?>
<testsuite xmlns:xsi="http://www.w3.org/2001/XMLSchema-instance" xsi:noNamespaceSchemaLocation="https://maven.apache.org/surefire/maven-surefire-plugin/xsd/surefire-test-report.xsd" name="org.apache.hadoop.ozone.client.rpc.TestBlockOutputStreamWithFailures" time="733.351" tests="8" errors="1" skipped="0" failures="1">
  <properties>
    <property name="awt.toolkit" value="sun.awt.X11.XToolkit"/>
    <property name="file.encoding.pkg" value="sun.io"/>
    <property name="java.specification.version" value="1.8"/>
    <property name="sun.cpu.isalist" value=""/>
    <property name="sun.jnu.encoding" value="UTF-8"/>
    <property name="java.class.path" value="/workdir/hadoop-ozone/integration-test/target/test-classes:/workdir/hadoop-ozone/integration-test/target/classes:/home/user/.m2/repository/org/apache/hadoop/hadoop-ozone-common/0.5.0-SNAPSHOT/hadoop-ozone-common-0.5.0-SNAPSHOT.jar:/home/user/.m2/repository/org/apache/commons/commons-compress/1.4.1/commons-compress-1.4.1.jar:/home/user/.m2/repository/org/tukaani/xz/1.0/xz-1.0.jar:/home/user/.m2/repository/org/apache/hadoop/hadoop-common/3.2.0/hadoop-common-3.2.0.jar:/home/user/.m2/repository/org/apache/hadoop/hadoop-hdfs/3.2.0/hadoop-hdfs-3.2.0.jar:/home/user/.m2/repository/org/apache/hadoop/hadoop-hdfs-client/3.2.0/hadoop-hdfs-client-3.2.0.jar:/home/user/.m2/repository/com/fasterxml/jackson/core/jackson-annotations/2.9.9/jackson-annotations-2.9.9.jar:/home/user/.m2/repository/org/apache/hadoop/hadoop-hdds-common/0.5.0-SNAPSHOT/hadoop-hdds-common-0.5.0-SNAPSHOT.jar:/home/user/.m2/repository/javax/annotation/javax.annotation-api/1.2/javax.annotation-api-1.2.jar:/home/user/.m2/repository/org/apache/ratis/ratis-server/0.4.0/ratis-server-0.4.0.jar:/home/user/.m2/repository/org/apache/ratis/ratis-thirdparty-misc/0.2.0/ratis-thirdparty-misc-0.2.0.jar:/home/user/.m2/repository/org/apache/ratis/ratis-proto/0.4.0/ratis-proto-0.4.0.jar:/home/user/.m2/repository/org/apache/ratis/ratis-common/0.4.0/ratis-common-0.4.0.jar:/home/user/.m2/repository/org/apache/ratis/ratis-client/0.4.0/ratis-client-0.4.0.jar:/home/user/.m2/repository/org/apache/ratis/ratis-metrics/0.4.0/ratis-metrics-0.4.0.jar:/home/user/.m2/repository/com/github/joshelser/dropwizard-metrics-hadoop-metrics2-reporter/0.1.2/dropwizard-metrics-hadoop-metrics2-reporter-0.1.2.jar:/home/user/.m2/repository/io/dropwizard/metrics/metrics-jvm/3.2.5/metrics-jvm-3.2.5.jar:/home/user/.m2/repository/io/dropwizard/metrics/metrics-ganglia/3.2.5/metrics-ganglia-3.2.5.jar:/home/user/.m2/repository/info/ganglia/gmetric4j/gmetric4j/1.0.7/gmetric4j-1.0.7.jar:/home/user/.m2/repository/org/apache/ratis/ratis-netty/0.4.0/ratis-netty-0.4.0.jar:/home/user/.m2/repository/org/apache/ratis/ratis-grpc/0.4.0/ratis-grpc-0.4.0.jar:/home/user/.m2/repository/org/rocksdb/rocksdbjni/6.0.1/rocksdbjni-6.0.1.jar:/home/user/.m2/repository/org/apache/logging/log4j/log4j-api/2.11.0/log4j-api-2.11.0.jar:/home/user/.m2/repository/org/apache/logging/log4j/log4j-core/2.11.0/log4j-core-2.11.0.jar:/home/user/.m2/repository/com/lmax/disruptor/3.4.2/disruptor-3.4.2.jar:/home/user/.m2/repository/org/apache/commons/commons-pool2/2.6.0/commons-pool2-2.6.0.jar:/home/user/.m2/repository/org/bouncycastle/bcpkix-jdk15on/1.60/bcpkix-jdk15on-1.60.jar:/home/user/.m2/repository/commons-validator/commons-validator/1.6/commons-validator-1.6.jar:/home/user/.m2/repository/commons-digester/commons-digester/1.8.1/commons-digester-1.8.1.jar:/home/user/.m2/repository/io/jaegertracing/jaeger-client/0.34.0/jaeger-client-0.34.0.jar:/home/user/.m2/repository/io/jaegertracing/jaeger-thrift/0.34.0/jaeger-thrift-0.34.0.jar:/home/user/.m2/repository/org/apache/thrift/libthrift/0.12.0/libthrift-0.12.0.jar:/home/user/.m2/repository/com/squareup/okhttp3/okhttp/3.9.0/okhttp-3.9.0.jar:/home/user/.m2/repository/com/squareup/okio/okio/1.13.0/okio-1.13.0.jar:/home/user/.m2/repository/io/jaegertracing/jaeger-core/0.34.0/jaeger-core-0.34.0.jar:/home/user/.m2/repository/io/jaegertracing/jaeger-tracerresolver/0.34.0/jaeger-tracerresolver-0.34.0.jar:/home/user/.m2/repository/io/opentracing/contrib/opentracing-tracerresolver/0.1.5/opentracing-tracerresolver-0.1.5.jar:/home/user/.m2/repository/io/opentracing/opentracing-util/0.31.0/opentracing-util-0.31.0.jar:/home/user/.m2/repository/io/opentracing/opentracing-api/0.31.0/opentracing-api-0.31.0.jar:/home/user/.m2/repository/io/opentracing/opentracing-noop/0.31.0/opentracing-noop-0.31.0.jar:/home/user/.m2/repository/org/apache/hadoop/hadoop-hdds-server-framework/0.5.0-SNAPSHOT/hadoop-hdds-server-framework-0.5.0-SNAPSHOT.jar:/home/user/.m2/repository/org/apache/hadoop/hadoop-hdds-container-service/0.5.0-SNAPSHOT/hadoop-hdds-container-service-0.5.0-SNAPSHOT.jar:/home/user/.m2/repository/org/apache/hadoop/hadoop-hdds-client/0.5.0-SNAPSHOT/hadoop-hdds-client-0.5.0-SNAPSHOT.jar:/home/user/.m2/repository/org/apache/hadoop/hadoop-hdds-tools/0.5.0-SNAPSHOT/hadoop-hdds-tools-0.5.0-SNAPSHOT.jar:/home/user/.m2/repository/org/apache/hadoop/hadoop-hdds-server-scm/0.5.0-SNAPSHOT/hadoop-hdds-server-scm-0.5.0-SNAPSHOT.jar:/home/user/.m2/repository/org/apache/hadoop/hadoop-hdds-docs/0.5.0-SNAPSHOT/hadoop-hdds-docs-0.5.0-SNAPSHOT.jar:/home/user/.m2/repository/io/dropwizard/metrics/metrics-core/3.2.4/metrics-core-3.2.4.jar:/home/user/.m2/repository/org/hamcrest/hamcrest-all/1.3/hamcrest-all-1.3.jar:/home/user/.m2/repository/org/bouncycastle/bcprov-jdk15on/1.60/bcprov-jdk15on-1.60.jar:/home/user/.m2/repository/info/picocli/picocli/3.9.6/picocli-3.9.6.jar:/home/user/.m2/repository/com/google/protobuf/protobuf-java/2.5.0/protobuf-java-2.5.0.jar:/home/user/.m2/repository/com/google/guava/guava/11.0.2/guava-11.0.2.jar:/home/user/.m2/repository/org/apache/hadoop/hadoop-ozone-ozone-manager/0.5.0-SNAPSHOT/hadoop-ozone-ozone-manager-0.5.0-SNAPSHOT.jar:/home/user/.m2/repository/org/apache/hadoop/hadoop-minikdc/3.2.0/hadoop-minikdc-3.2.0.jar:/home/user/.m2/repository/commons-io/commons-io/2.5/commons-io-2.5.jar:/home/user/.m2/repository/org/apache/kerby/kerb-simplekdc/1.0.1/kerb-simplekdc-1.0.1.jar:/home/user/.m2/repository/org/apache/kerby/kerb-client/1.0.1/kerb-client-1.0.1.jar:/home/user/.m2/repository/org/apache/kerby/kerby-config/1.0.1/kerby-config-1.0.1.jar:/home/user/.m2/repository/org/apache/kerby/kerb-core/1.0.1/kerb-core-1.0.1.jar:/home/user/.m2/repository/org/apache/kerby/kerby-pkix/1.0.1/kerby-pkix-1.0.1.jar:/home/user/.m2/repository/org/apache/kerby/kerby-asn1/1.0.1/kerby-asn1-1.0.1.jar:/home/user/.m2/repository/org/apache/kerby/kerby-util/1.0.1/kerby-util-1.0.1.jar:/home/user/.m2/repository/org/apache/kerby/kerb-common/1.0.1/kerb-common-1.0.1.jar:/home/user/.m2/repository/org/apache/kerby/kerb-crypto/1.0.1/kerb-crypto-1.0.1.jar:/home/user/.m2/repository/org/apache/kerby/kerb-util/1.0.1/kerb-util-1.0.1.jar:/home/user/.m2/repository/org/apache/kerby/token-provider/1.0.1/token-provider-1.0.1.jar:/home/user/.m2/repository/org/apache/kerby/kerb-admin/1.0.1/kerb-admin-1.0.1.jar:/home/user/.m2/repository/org/apache/kerby/kerb-server/1.0.1/kerb-server-1.0.1.jar:/home/user/.m2/repository/org/apache/kerby/kerb-identity/1.0.1/kerb-identity-1.0.1.jar:/home/user/.m2/repository/org/apache/kerby/kerby-xdr/1.0.1/kerby-xdr-1.0.1.jar:/home/user/.m2/repository/org/slf4j/slf4j-log4j12/1.7.25/slf4j-log4j12-1.7.25.jar:/home/user/.m2/repository/org/apache/hadoop/hadoop-ozone-s3gateway/0.5.0-SNAPSHOT/hadoop-ozone-s3gateway-0.5.0-SNAPSHOT.jar:/home/user/.m2/repository/org/jboss/weld/servlet/weld-servlet/2.4.7.Final/weld-servlet-2.4.7.Final.jar:/home/user/.m2/repository/org/glassfish/jersey/containers/jersey-container-servlet-core/2.27/jersey-container-servlet-core-2.27.jar:/home/user/.m2/repository/org/glassfish/hk2/external/javax.inject/2.5.0-b42/javax.inject-2.5.0-b42.jar:/home/user/.m2/repository/org/glassfish/jersey/core/jersey-common/2.27/jersey-common-2.27.jar:/home/user/.m2/repository/org/glassfish/hk2/osgi-resource-locator/1.0.1/osgi-resource-locator-1.0.1.jar:/home/user/.m2/repository/javax/ws/rs/javax.ws.rs-api/2.1/javax.ws.rs-api-2.1.jar:/home/user/.m2/repository/org/glassfish/jersey/ext/cdi/jersey-cdi1x/2.27/jersey-cdi1x-2.27.jar:/home/user/.m2/repository/org/glassfish/jersey/inject/jersey-hk2/2.27/jersey-hk2-2.27.jar:/home/user/.m2/repository/org/glassfish/hk2/hk2-locator/2.5.0-b42/hk2-locator-2.5.0-b42.jar:/home/user/.m2/repository/org/javassist/javassist/3.22.0-CR2/javassist-3.22.0-CR2.jar:/home/user/.m2/repository/org/glassfish/hk2/hk2-api/2.5.0/hk2-api-2.5.0.jar:/home/user/.m2/repository/org/glassfish/hk2/external/jakarta.inject/2.5.0/jakarta.inject-2.5.0.jar:/home/user/.m2/repository/org/glassfish/hk2/hk2-utils/2.5.0/hk2-utils-2.5.0.jar:/home/user/.m2/repository/jakarta/annotation/jakarta.annotation-api/1.3.4/jakarta.annotation-api-1.3.4.jar:/home/user/.m2/repository/org/glassfish/hk2/external/aopalliance-repackaged/2.5.0/aopalliance-repackaged-2.5.0.jar:/home/user/.m2/repository/com/fasterxml/jackson/dataformat/jackson-dataformat-xml/2.9.0/jackson-dataformat-xml-2.9.0.jar:/home/user/.m2/repository/com/fasterxml/jackson/core/jackson-core/2.9.9/jackson-core-2.9.9.jar:/home/user/.m2/repository/com/fasterxml/jackson/module/jackson-module-jaxb-annotations/2.9.9/jackson-module-jaxb-annotations-2.9.9.jar:/home/user/.m2/repository/javax/enterprise/cdi-api/1.2/cdi-api-1.2.jar:/home/user/.m2/repository/javax/el/javax.el-api/3.0.0/javax.el-api-3.0.0.jar:/home/user/.m2/repository/javax/interceptor/javax.interceptor-api/1.2/javax.interceptor-api-1.2.jar:/home/user/.m2/repository/javax/inject/javax.inject/1/javax.inject-1.jar:/home/user/.m2/repository/com/sun/xml/bind/jaxb-impl/2.3.0.1/jaxb-impl-2.3.0.1.jar:/home/user/.m2/repository/com/sun/xml/bind/jaxb-core/2.3.0.1/jaxb-core-2.3.0.1.jar:/home/user/.m2/repository/javax/xml/bind/jaxb-api/2.3.0/jaxb-api-2.3.0.jar:/home/user/.m2/repository/javax/activation/activation/1.1.1/activation-1.1.1.jar:/home/user/.m2/repository/org/apache/hadoop/hadoop-ozone-csi/0.5.0-SNAPSHOT/hadoop-ozone-csi-0.5.0-SNAPSHOT.jar:/home/user/.m2/repository/com/google/protobuf/protobuf-java-util/3.5.1/protobuf-java-util-3.5.1.jar:/home/user/.m2/repository/org/apache/hadoop/hadoop-hdds-config/0.5.0-SNAPSHOT/hadoop-hdds-config-0.5.0-SNAPSHOT.jar:/home/user/.m2/repository/io/grpc/grpc-netty/1.17.1/grpc-netty-1.17.1.jar:/home/user/.m2/repository/io/grpc/grpc-core/1.17.1/grpc-core-1.17.1.jar:/home/user/.m2/repository/io/grpc/grpc-context/1.17.1/grpc-context-1.17.1.jar:/home/user/.m2/repository/com/google/errorprone/error_prone_annotations/2.2.0/error_prone_annotations-2.2.0.jar:/home/user/.m2/repository/org/codehaus/mojo/animal-sniffer-annotations/1.17/animal-sniffer-annotations-1.17.jar:/home/user/.m2/repository/io/opencensus/opencensus-api/0.17.0/opencensus-api-0.17.0.jar:/home/user/.m2/repository/io/opencensus/opencensus-contrib-grpc-metrics/0.17.0/opencensus-contrib-grpc-metrics-0.17.0.jar:/home/user/.m2/repository/io/netty/netty-codec-http2/4.1.30.Final/netty-codec-http2-4.1.30.Final.jar:/home/user/.m2/repository/io/netty/netty-codec-http/4.1.30.Final/netty-codec-http-4.1.30.Final.jar:/home/user/.m2/repository/io/netty/netty-codec/4.1.30.Final/netty-codec-4.1.30.Final.jar:/home/user/.m2/repository/io/netty/netty-handler/4.1.30.Final/netty-handler-4.1.30.Final.jar:/home/user/.m2/repository/io/netty/netty-handler-proxy/4.1.30.Final/netty-handler-proxy-4.1.30.Final.jar:/home/user/.m2/repository/io/netty/netty-codec-socks/4.1.30.Final/netty-codec-socks-4.1.30.Final.jar:/home/user/.m2/repository/io/netty/netty-transport-native-epoll/4.1.30.Final/netty-transport-native-epoll-4.1.30.Final.jar:/home/user/.m2/repository/io/netty/netty-common/4.1.30.Final/netty-common-4.1.30.Final.jar:/home/user/.m2/repository/io/netty/netty-buffer/4.1.30.Final/netty-buffer-4.1.30.Final.jar:/home/user/.m2/repository/io/netty/netty-transport/4.1.30.Final/netty-transport-4.1.30.Final.jar:/home/user/.m2/repository/io/netty/netty-resolver/4.1.30.Final/netty-resolver-4.1.30.Final.jar:/home/user/.m2/repository/io/netty/netty-transport-native-unix-common/4.1.30.Final/netty-transport-native-unix-common-4.1.30.Final.jar:/home/user/.m2/repository/io/grpc/grpc-protobuf/1.17.1/grpc-protobuf-1.17.1.jar:/home/user/.m2/repository/com/google/api/grpc/proto-google-common-protos/1.0.0/proto-google-common-protos-1.0.0.jar:/home/user/.m2/repository/io/grpc/grpc-protobuf-lite/1.17.1/grpc-protobuf-lite-1.17.1.jar:/home/user/.m2/repository/io/grpc/grpc-stub/1.17.1/grpc-stub-1.17.1.jar:/home/user/.m2/repository/org/apache/hadoop/hadoop-ozone-recon/0.5.0-SNAPSHOT/hadoop-ozone-recon-0.5.0-SNAPSHOT.jar:/home/user/.m2/repository/org/apache/hadoop/hadoop-ozone-reconcodegen/0.5.0-SNAPSHOT/hadoop-ozone-reconcodegen-0.5.0-SNAPSHOT.jar:/home/user/.m2/repository/com/google/inject/extensions/guice-multibindings/4.0/guice-multibindings-4.0.jar:/home/user/.m2/repository/com/google/inject/guice/4.0/guice-4.0.jar:/home/user/.m2/repository/aopalliance/aopalliance/1.0/aopalliance-1.0.jar:/home/user/.m2/repository/com/google/inject/extensions/guice-servlet/4.0/guice-servlet-4.0.jar:/home/user/.m2/repository/org/glassfish/jersey/containers/jersey-container-servlet/2.27/jersey-container-servlet-2.27.jar:/home/user/.m2/repository/org/glassfish/hk2/guice-bridge/2.5.0/guice-bridge-2.5.0.jar:/home/user/.m2/repository/org/glassfish/jersey/core/jersey-server/2.27/jersey-server-2.27.jar:/home/user/.m2/repository/org/glassfish/jersey/core/jersey-client/2.27/jersey-client-2.27.jar:/home/user/.m2/repository/org/glassfish/jersey/media/jersey-media-jaxb/2.27/jersey-media-jaxb-2.27.jar:/home/user/.m2/repository/javax/validation/validation-api/1.1.0.Final/validation-api-1.1.0.Final.jar:/home/user/.m2/repository/org/glassfish/jersey/media/jersey-media-json-jackson/2.27/jersey-media-json-jackson-2.27.jar:/home/user/.m2/repository/org/glassfish/jersey/ext/jersey-entity-filtering/2.27/jersey-entity-filtering-2.27.jar:/home/user/.m2/repository/com/google/inject/extensions/guice-assistedinject/4.0/guice-assistedinject-4.0.jar:/home/user/.m2/repository/org/jooq/jooq/3.11.10/jooq-3.11.10.jar:/home/user/.m2/repository/org/jooq/jooq-meta/3.11.10/jooq-meta-3.11.10.jar:/home/user/.m2/repository/org/jooq/jooq-codegen/3.11.10/jooq-codegen-3.11.10.jar:/home/user/.m2/repository/com/jolbox/bonecp/0.8.0.RELEASE/bonecp-0.8.0.RELEASE.jar:/home/user/.m2/repository/org/xerial/sqlite-jdbc/3.25.2/sqlite-jdbc-3.25.2.jar:/home/user/.m2/repository/org/springframework/spring-jdbc/5.1.3.RELEASE/spring-jdbc-5.1.3.RELEASE.jar:/home/user/.m2/repository/org/springframework/spring-beans/5.1.3.RELEASE/spring-beans-5.1.3.RELEASE.jar:/home/user/.m2/repository/org/springframework/spring-core/5.1.3.RELEASE/spring-core-5.1.3.RELEASE.jar:/home/user/.m2/repository/org/springframework/spring-jcl/5.1.3.RELEASE/spring-jcl-5.1.3.RELEASE.jar:/home/user/.m2/repository/org/springframework/spring-tx/5.1.3.RELEASE/spring-tx-5.1.3.RELEASE.jar:/home/user/.m2/repository/org/apache/hadoop/hadoop-ozone-client/0.5.0-SNAPSHOT/hadoop-ozone-client-0.5.0-SNAPSHOT.jar:/home/user/.m2/repository/commons-lang/commons-lang/2.6/commons-lang-2.6.jar:/home/user/.m2/repository/org/apache/hadoop/hadoop-ozone-ozone-manager/0.5.0-SNAPSHOT/hadoop-ozone-ozone-manager-0.5.0-SNAPSHOT-tests.jar:/home/user/.m2/repository/junit/junit/4.11/junit-4.11.jar:/home/user/.m2/repository/org/hamcrest/hamcrest-core/1.3/hamcrest-core-1.3.jar:/home/user/.m2/repository/org/openjdk/jmh/jmh-core/1.19/jmh-core-1.19.jar:/home/user/.m2/repository/net/sf/jopt-simple/jopt-simple/4.6/jopt-simple-4.6.jar:/home/user/.m2/repository/org/apache/commons/commons-math3/3.1.1/commons-math3-3.1.1.jar:/home/user/.m2/repository/org/openjdk/jmh/jmh-generator-annprocess/1.19/jmh-generator-annprocess-1.19.jar:/home/user/.m2/repository/org/mockito/mockito-all/1.8.5/mockito-all-1.8.5.jar:/home/user/.m2/repository/org/apache/hadoop/hadoop-kms/3.2.0/hadoop-kms-3.2.0.jar:/home/user/.m2/repository/org/apache/hadoop/hadoop-auth/3.2.0/hadoop-auth-3.2.0.jar:/home/user/.m2/repository/com/nimbusds/nimbus-jose-jwt/4.41.1/nimbus-jose-jwt-4.41.1.jar:/home/user/.m2/repository/com/github/stephenc/jcip/jcip-annotations/1.0-1/jcip-annotations-1.0-1.jar:/home/user/.m2/repository/net/minidev/json-smart/2.3/json-smart-2.3.jar:/home/user/.m2/repository/net/minidev/accessors-smart/1.2/accessors-smart-1.2.jar:/home/user/.m2/repository/org/ow2/asm/asm/5.0.4/asm-5.0.4.jar:/home/user/.m2/repository/org/apache/curator/curator-framework/2.12.0/curator-framework-2.12.0.jar:/home/user/.m2/repository/com/sun/jersey/jersey-core/1.19/jersey-core-1.19.jar:/home/user/.m2/repository/javax/ws/rs/jsr311-api/1.1.1/jsr311-api-1.1.1.jar:/home/user/.m2/repository/com/sun/jersey/jersey-server/1.19/jersey-server-1.19.jar:/home/user/.m2/repository/javax/servlet/javax.servlet-api/3.1.0/javax.servlet-api-3.1.0.jar:/home/user/.m2/repository/org/eclipse/jetty/jetty-server/9.3.25.v20180904/jetty-server-9.3.25.v20180904.jar:/home/user/.m2/repository/org/eclipse/jetty/jetty-http/9.3.25.v20180904/jetty-http-9.3.25.v20180904.jar:/home/user/.m2/repository/org/eclipse/jetty/jetty-io/9.3.25.v20180904/jetty-io-9.3.25.v20180904.jar:/home/user/.m2/repository/org/eclipse/jetty/jetty-webapp/9.3.25.v20180904/jetty-webapp-9.3.25.v20180904.jar:/home/user/.m2/repository/org/eclipse/jetty/jetty-xml/9.3.25.v20180904/jetty-xml-9.3.25.v20180904.jar:/home/user/.m2/repository/log4j/log4j/1.2.17/log4j-1.2.17.jar:/home/user/.m2/repository/org/slf4j/slf4j-api/1.7.25/slf4j-api-1.7.25.jar:/home/user/.m2/repository/org/slf4j/jul-to-slf4j/1.7.25/jul-to-slf4j-1.7.25.jar:/home/user/.m2/repository/org/eclipse/jetty/jetty-util/9.3.25.v20180904/jetty-util-9.3.25.v20180904.jar:/home/user/.m2/repository/com/fasterxml/jackson/core/jackson-databind/2.9.9/jackson-databind-2.9.9.jar:/home/user/.m2/repository/org/apache/hadoop/hadoop-kms/3.2.0/hadoop-kms-3.2.0-tests.jar:/home/user/.m2/repository/org/apache/hadoop/hadoop-hdds-server-scm/0.5.0-SNAPSHOT/hadoop-hdds-server-scm-0.5.0-SNAPSHOT-tests.jar:/home/user/.m2/repository/org/apache/hadoop/hadoop-hdds-container-service/0.5.0-SNAPSHOT/hadoop-hdds-container-service-0.5.0-SNAPSHOT-tests.jar:/home/user/.m2/repository/org/yaml/snakeyaml/1.16/snakeyaml-1.16.jar:/home/user/.m2/repository/org/apache/hadoop/hadoop-common/3.2.0/hadoop-common-3.2.0-tests.jar:/home/user/.m2/repository/org/apache/hadoop/hadoop-annotations/3.2.0/hadoop-annotations-3.2.0.jar:/usr/lib/jvm/java-1.8-openjdk/jre/../lib/tools.jar:/home/user/.m2/repository/commons-cli/commons-cli/1.2/commons-cli-1.2.jar:/home/user/.m2/repository/org/apache/httpcomponents/httpclient/4.5.2/httpclient-4.5.2.jar:/home/user/.m2/repository/org/apache/httpcomponents/httpcore/4.4.4/httpcore-4.4.4.jar:/home/user/.m2/repository/commons-codec/commons-codec/1.11/commons-codec-1.11.jar:/home/user/.m2/repository/commons-net/commons-net/3.6/commons-net-3.6.jar:/home/user/.m2/repository/commons-collections/commons-collections/3.2.2/commons-collections-3.2.2.jar:/home/user/.m2/repository/org/eclipse/jetty/jetty-servlet/9.3.25.v20180904/jetty-servlet-9.3.25.v20180904.jar:/home/user/.m2/repository/org/eclipse/jetty/jetty-security/9.3.25.v20180904/jetty-security-9.3.25.v20180904.jar:/home/user/.m2/repository/javax/servlet/jsp/jsp-api/2.1/jsp-api-2.1.jar:/home/user/.m2/repository/com/sun/jersey/jersey-servlet/1.19/jersey-servlet-1.19.jar:/home/user/.m2/repository/com/sun/jersey/jersey-json/1.19/jersey-json-1.19.jar:/home/user/.m2/repository/org/codehaus/jettison/jettison/1.1/jettison-1.1.jar:/home/user/.m2/repository/org/codehaus/jackson/jackson-core-asl/1.9.13/jackson-core-asl-1.9.13.jar:/home/user/.m2/repository/org/codehaus/jackson/jackson-mapper-asl/1.9.13/jackson-mapper-asl-1.9.13.jar:/home/user/.m2/repository/org/codehaus/jackson/jackson-jaxrs/1.9.13/jackson-jaxrs-1.9.13.jar:/home/user/.m2/repository/org/codehaus/jackson/jackson-xc/1.9.13/jackson-xc-1.9.13.jar:/home/user/.m2/repository/commons-logging/commons-logging/1.1.3/commons-logging-1.1.3.jar:/home/user/.m2/repository/commons-beanutils/commons-beanutils/1.9.4/commons-beanutils-1.9.4.jar:/home/user/.m2/repository/org/apache/commons/commons-configuration2/2.1.1/commons-configuration2-2.1.1.jar:/home/user/.m2/repository/org/apache/commons/commons-lang3/3.7/commons-lang3-3.7.jar:/home/user/.m2/repository/org/apache/commons/commons-text/1.4/commons-text-1.4.jar:/home/user/.m2/repository/org/apache/avro/avro/1.7.7/avro-1.7.7.jar:/home/user/.m2/repository/com/thoughtworks/paranamer/paranamer/2.3/paranamer-2.3.jar:/home/user/.m2/repository/org/xerial/snappy/snappy-java/1.0.5/snappy-java-1.0.5.jar:/home/user/.m2/repository/com/google/re2j/re2j/1.1/re2j-1.1.jar:/home/user/.m2/repository/com/google/code/gson/gson/2.2.4/gson-2.2.4.jar:/home/user/.m2/repository/com/jcraft/jsch/0.1.54/jsch-0.1.54.jar:/home/user/.m2/repository/org/apache/curator/curator-client/2.12.0/curator-client-2.12.0.jar:/home/user/.m2/repository/org/apache/curator/curator-recipes/2.12.0/curator-recipes-2.12.0.jar:/home/user/.m2/repository/com/google/code/findbugs/jsr305/3.0.0/jsr305-3.0.0.jar:/home/user/.m2/repository/org/apache/htrace/htrace-core4/4.1.0-incubating/htrace-core4-4.1.0-incubating.jar:/home/user/.m2/repository/org/apache/zookeeper/zookeeper/3.4.13/zookeeper-3.4.13.jar:/home/user/.m2/repository/jline/jline/0.9.94/jline-0.9.94.jar:/home/user/.m2/repository/org/apache/yetus/audience-annotations/0.5.0/audience-annotations-0.5.0.jar:/home/user/.m2/repository/org/codehaus/woodstox/stax2-api/3.1.4/stax2-api-3.1.4.jar:/home/user/.m2/repository/com/fasterxml/woodstox/woodstox-core/5.0.3/woodstox-core-5.0.3.jar:/home/user/.m2/repository/dnsjava/dnsjava/2.1.7/dnsjava-2.1.7.jar:/home/user/.m2/repository/org/apache/hadoop/hadoop-hdfs/3.2.0/hadoop-hdfs-3.2.0-tests.jar:/home/user/.m2/repository/org/eclipse/jetty/jetty-util-ajax/9.3.25.v20180904/jetty-util-ajax-9.3.25.v20180904.jar:/home/user/.m2/repository/commons-daemon/commons-daemon/1.0.13/commons-daemon-1.0.13.jar:/home/user/.m2/repository/io/netty/netty/3.10.5.Final/netty-3.10.5.Final.jar:/home/user/.m2/repository/io/netty/netty-all/4.0.52.Final/netty-all-4.0.52.Final.jar:/home/user/.m2/repository/org/fusesource/leveldbjni/leveldbjni-all/1.8/leveldbjni-all-1.8.jar:"/>
    <property name="java.vm.vendor" value="IcedTea"/>
    <property name="sun.arch.data.model" value="64"/>
    <property name="test.build.dir" value="/workdir/hadoop-ozone/integration-test/target/test-dir"/>
    <property name="test.cache.data" value=""/>
    <property name="java.vendor.url" value="https://icedtea.classpath.org"/>
    <property name="user.timezone" value=""/>
    <property name="java.vm.specification.version" value="1.8"/>
    <property name="os.name" value="Linux"/>
    <property name="test.build.data" value="/workdir/hadoop-ozone/integration-test/target/test-dir"/>
    <property name="user.country" value="US"/>
    <property name="sun.java.launcher" value="SUN_STANDARD"/>
    <property name="sun.boot.library.path" value="/usr/lib/jvm/java-1.8-openjdk/jre/lib/amd64"/>
    <property name="sun.java.command" value="/workdir/hadoop-ozone/integration-test/target/surefire/surefirebooter849441191193162119.jar /workdir/hadoop-ozone/integration-test/target/surefire 2019-09-24T09-16-03_567-jvmRun1 surefire7730654286587947813tmp surefire_631934495548796198720tmp"/>
    <property name="test" value="!TestMiniChaosOzoneCluster"/>
    <property name="surefire.test.class.path" value="/workdir/hadoop-ozone/integration-test/target/test-classes:/workdir/hadoop-ozone/integration-test/target/classes:/home/user/.m2/repository/org/apache/hadoop/hadoop-ozone-common/0.5.0-SNAPSHOT/hadoop-ozone-common-0.5.0-SNAPSHOT.jar:/home/user/.m2/repository/org/apache/commons/commons-compress/1.4.1/commons-compress-1.4.1.jar:/home/user/.m2/repository/org/tukaani/xz/1.0/xz-1.0.jar:/home/user/.m2/repository/org/apache/hadoop/hadoop-common/3.2.0/hadoop-common-3.2.0.jar:/home/user/.m2/repository/org/apache/hadoop/hadoop-hdfs/3.2.0/hadoop-hdfs-3.2.0.jar:/home/user/.m2/repository/org/apache/hadoop/hadoop-hdfs-client/3.2.0/hadoop-hdfs-client-3.2.0.jar:/home/user/.m2/repository/com/fasterxml/jackson/core/jackson-annotations/2.9.9/jackson-annotations-2.9.9.jar:/home/user/.m2/repository/org/apache/hadoop/hadoop-hdds-common/0.5.0-SNAPSHOT/hadoop-hdds-common-0.5.0-SNAPSHOT.jar:/home/user/.m2/repository/javax/annotation/javax.annotation-api/1.2/javax.annotation-api-1.2.jar:/home/user/.m2/repository/org/apache/ratis/ratis-server/0.4.0/ratis-server-0.4.0.jar:/home/user/.m2/repository/org/apache/ratis/ratis-thirdparty-misc/0.2.0/ratis-thirdparty-misc-0.2.0.jar:/home/user/.m2/repository/org/apache/ratis/ratis-proto/0.4.0/ratis-proto-0.4.0.jar:/home/user/.m2/repository/org/apache/ratis/ratis-common/0.4.0/ratis-common-0.4.0.jar:/home/user/.m2/repository/org/apache/ratis/ratis-client/0.4.0/ratis-client-0.4.0.jar:/home/user/.m2/repository/org/apache/ratis/ratis-metrics/0.4.0/ratis-metrics-0.4.0.jar:/home/user/.m2/repository/com/github/joshelser/dropwizard-metrics-hadoop-metrics2-reporter/0.1.2/dropwizard-metrics-hadoop-metrics2-reporter-0.1.2.jar:/home/user/.m2/repository/io/dropwizard/metrics/metrics-jvm/3.2.5/metrics-jvm-3.2.5.jar:/home/user/.m2/repository/io/dropwizard/metrics/metrics-ganglia/3.2.5/metrics-ganglia-3.2.5.jar:/home/user/.m2/repository/info/ganglia/gmetric4j/gmetric4j/1.0.7/gmetric4j-1.0.7.jar:/home/user/.m2/repository/org/apache/ratis/ratis-netty/0.4.0/ratis-netty-0.4.0.jar:/home/user/.m2/repository/org/apache/ratis/ratis-grpc/0.4.0/ratis-grpc-0.4.0.jar:/home/user/.m2/repository/org/rocksdb/rocksdbjni/6.0.1/rocksdbjni-6.0.1.jar:/home/user/.m2/repository/org/apache/logging/log4j/log4j-api/2.11.0/log4j-api-2.11.0.jar:/home/user/.m2/repository/org/apache/logging/log4j/log4j-core/2.11.0/log4j-core-2.11.0.jar:/home/user/.m2/repository/com/lmax/disruptor/3.4.2/disruptor-3.4.2.jar:/home/user/.m2/repository/org/apache/commons/commons-pool2/2.6.0/commons-pool2-2.6.0.jar:/home/user/.m2/repository/org/bouncycastle/bcpkix-jdk15on/1.60/bcpkix-jdk15on-1.60.jar:/home/user/.m2/repository/commons-validator/commons-validator/1.6/commons-validator-1.6.jar:/home/user/.m2/repository/commons-digester/commons-digester/1.8.1/commons-digester-1.8.1.jar:/home/user/.m2/repository/io/jaegertracing/jaeger-client/0.34.0/jaeger-client-0.34.0.jar:/home/user/.m2/repository/io/jaegertracing/jaeger-thrift/0.34.0/jaeger-thrift-0.34.0.jar:/home/user/.m2/repository/org/apache/thrift/libthrift/0.12.0/libthrift-0.12.0.jar:/home/user/.m2/repository/com/squareup/okhttp3/okhttp/3.9.0/okhttp-3.9.0.jar:/home/user/.m2/repository/com/squareup/okio/okio/1.13.0/okio-1.13.0.jar:/home/user/.m2/repository/io/jaegertracing/jaeger-core/0.34.0/jaeger-core-0.34.0.jar:/home/user/.m2/repository/io/jaegertracing/jaeger-tracerresolver/0.34.0/jaeger-tracerresolver-0.34.0.jar:/home/user/.m2/repository/io/opentracing/contrib/opentracing-tracerresolver/0.1.5/opentracing-tracerresolver-0.1.5.jar:/home/user/.m2/repository/io/opentracing/opentracing-util/0.31.0/opentracing-util-0.31.0.jar:/home/user/.m2/repository/io/opentracing/opentracing-api/0.31.0/opentracing-api-0.31.0.jar:/home/user/.m2/repository/io/opentracing/opentracing-noop/0.31.0/opentracing-noop-0.31.0.jar:/home/user/.m2/repository/org/apache/hadoop/hadoop-hdds-server-framework/0.5.0-SNAPSHOT/hadoop-hdds-server-framework-0.5.0-SNAPSHOT.jar:/home/user/.m2/repository/org/apache/hadoop/hadoop-hdds-container-service/0.5.0-SNAPSHOT/hadoop-hdds-container-service-0.5.0-SNAPSHOT.jar:/home/user/.m2/repository/org/apache/hadoop/hadoop-hdds-client/0.5.0-SNAPSHOT/hadoop-hdds-client-0.5.0-SNAPSHOT.jar:/home/user/.m2/repository/org/apache/hadoop/hadoop-hdds-tools/0.5.0-SNAPSHOT/hadoop-hdds-tools-0.5.0-SNAPSHOT.jar:/home/user/.m2/repository/org/apache/hadoop/hadoop-hdds-server-scm/0.5.0-SNAPSHOT/hadoop-hdds-server-scm-0.5.0-SNAPSHOT.jar:/home/user/.m2/repository/org/apache/hadoop/hadoop-hdds-docs/0.5.0-SNAPSHOT/hadoop-hdds-docs-0.5.0-SNAPSHOT.jar:/home/user/.m2/repository/io/dropwizard/metrics/metrics-core/3.2.4/metrics-core-3.2.4.jar:/home/user/.m2/repository/org/hamcrest/hamcrest-all/1.3/hamcrest-all-1.3.jar:/home/user/.m2/repository/org/bouncycastle/bcprov-jdk15on/1.60/bcprov-jdk15on-1.60.jar:/home/user/.m2/repository/info/picocli/picocli/3.9.6/picocli-3.9.6.jar:/home/user/.m2/repository/com/google/protobuf/protobuf-java/2.5.0/protobuf-java-2.5.0.jar:/home/user/.m2/repository/com/google/guava/guava/11.0.2/guava-11.0.2.jar:/home/user/.m2/repository/org/apache/hadoop/hadoop-ozone-ozone-manager/0.5.0-SNAPSHOT/hadoop-ozone-ozone-manager-0.5.0-SNAPSHOT.jar:/home/user/.m2/repository/org/apache/hadoop/hadoop-minikdc/3.2.0/hadoop-minikdc-3.2.0.jar:/home/user/.m2/repository/commons-io/commons-io/2.5/commons-io-2.5.jar:/home/user/.m2/repository/org/apache/kerby/kerb-simplekdc/1.0.1/kerb-simplekdc-1.0.1.jar:/home/user/.m2/repository/org/apache/kerby/kerb-client/1.0.1/kerb-client-1.0.1.jar:/home/user/.m2/repository/org/apache/kerby/kerby-config/1.0.1/kerby-config-1.0.1.jar:/home/user/.m2/repository/org/apache/kerby/kerb-core/1.0.1/kerb-core-1.0.1.jar:/home/user/.m2/repository/org/apache/kerby/kerby-pkix/1.0.1/kerby-pkix-1.0.1.jar:/home/user/.m2/repository/org/apache/kerby/kerby-asn1/1.0.1/kerby-asn1-1.0.1.jar:/home/user/.m2/repository/org/apache/kerby/kerby-util/1.0.1/kerby-util-1.0.1.jar:/home/user/.m2/repository/org/apache/kerby/kerb-common/1.0.1/kerb-common-1.0.1.jar:/home/user/.m2/repository/org/apache/kerby/kerb-crypto/1.0.1/kerb-crypto-1.0.1.jar:/home/user/.m2/repository/org/apache/kerby/kerb-util/1.0.1/kerb-util-1.0.1.jar:/home/user/.m2/repository/org/apache/kerby/token-provider/1.0.1/token-provider-1.0.1.jar:/home/user/.m2/repository/org/apache/kerby/kerb-admin/1.0.1/kerb-admin-1.0.1.jar:/home/user/.m2/repository/org/apache/kerby/kerb-server/1.0.1/kerb-server-1.0.1.jar:/home/user/.m2/repository/org/apache/kerby/kerb-identity/1.0.1/kerb-identity-1.0.1.jar:/home/user/.m2/repository/org/apache/kerby/kerby-xdr/1.0.1/kerby-xdr-1.0.1.jar:/home/user/.m2/repository/org/slf4j/slf4j-log4j12/1.7.25/slf4j-log4j12-1.7.25.jar:/home/user/.m2/repository/org/apache/hadoop/hadoop-ozone-s3gateway/0.5.0-SNAPSHOT/hadoop-ozone-s3gateway-0.5.0-SNAPSHOT.jar:/home/user/.m2/repository/org/jboss/weld/servlet/weld-servlet/2.4.7.Final/weld-servlet-2.4.7.Final.jar:/home/user/.m2/repository/org/glassfish/jersey/containers/jersey-container-servlet-core/2.27/jersey-container-servlet-core-2.27.jar:/home/user/.m2/repository/org/glassfish/hk2/external/javax.inject/2.5.0-b42/javax.inject-2.5.0-b42.jar:/home/user/.m2/repository/org/glassfish/jersey/core/jersey-common/2.27/jersey-common-2.27.jar:/home/user/.m2/repository/org/glassfish/hk2/osgi-resource-locator/1.0.1/osgi-resource-locator-1.0.1.jar:/home/user/.m2/repository/javax/ws/rs/javax.ws.rs-api/2.1/javax.ws.rs-api-2.1.jar:/home/user/.m2/repository/org/glassfish/jersey/ext/cdi/jersey-cdi1x/2.27/jersey-cdi1x-2.27.jar:/home/user/.m2/repository/org/glassfish/jersey/inject/jersey-hk2/2.27/jersey-hk2-2.27.jar:/home/user/.m2/repository/org/glassfish/hk2/hk2-locator/2.5.0-b42/hk2-locator-2.5.0-b42.jar:/home/user/.m2/repository/org/javassist/javassist/3.22.0-CR2/javassist-3.22.0-CR2.jar:/home/user/.m2/repository/org/glassfish/hk2/hk2-api/2.5.0/hk2-api-2.5.0.jar:/home/user/.m2/repository/org/glassfish/hk2/external/jakarta.inject/2.5.0/jakarta.inject-2.5.0.jar:/home/user/.m2/repository/org/glassfish/hk2/hk2-utils/2.5.0/hk2-utils-2.5.0.jar:/home/user/.m2/repository/jakarta/annotation/jakarta.annotation-api/1.3.4/jakarta.annotation-api-1.3.4.jar:/home/user/.m2/repository/org/glassfish/hk2/external/aopalliance-repackaged/2.5.0/aopalliance-repackaged-2.5.0.jar:/home/user/.m2/repository/com/fasterxml/jackson/dataformat/jackson-dataformat-xml/2.9.0/jackson-dataformat-xml-2.9.0.jar:/home/user/.m2/repository/com/fasterxml/jackson/core/jackson-core/2.9.9/jackson-core-2.9.9.jar:/home/user/.m2/repository/com/fasterxml/jackson/module/jackson-module-jaxb-annotations/2.9.9/jackson-module-jaxb-annotations-2.9.9.jar:/home/user/.m2/repository/javax/enterprise/cdi-api/1.2/cdi-api-1.2.jar:/home/user/.m2/repository/javax/el/javax.el-api/3.0.0/javax.el-api-3.0.0.jar:/home/user/.m2/repository/javax/interceptor/javax.interceptor-api/1.2/javax.interceptor-api-1.2.jar:/home/user/.m2/repository/javax/inject/javax.inject/1/javax.inject-1.jar:/home/user/.m2/repository/com/sun/xml/bind/jaxb-impl/2.3.0.1/jaxb-impl-2.3.0.1.jar:/home/user/.m2/repository/com/sun/xml/bind/jaxb-core/2.3.0.1/jaxb-core-2.3.0.1.jar:/home/user/.m2/repository/javax/xml/bind/jaxb-api/2.3.0/jaxb-api-2.3.0.jar:/home/user/.m2/repository/javax/activation/activation/1.1.1/activation-1.1.1.jar:/home/user/.m2/repository/org/apache/hadoop/hadoop-ozone-csi/0.5.0-SNAPSHOT/hadoop-ozone-csi-0.5.0-SNAPSHOT.jar:/home/user/.m2/repository/com/google/protobuf/protobuf-java-util/3.5.1/protobuf-java-util-3.5.1.jar:/home/user/.m2/repository/org/apache/hadoop/hadoop-hdds-config/0.5.0-SNAPSHOT/hadoop-hdds-config-0.5.0-SNAPSHOT.jar:/home/user/.m2/repository/io/grpc/grpc-netty/1.17.1/grpc-netty-1.17.1.jar:/home/user/.m2/repository/io/grpc/grpc-core/1.17.1/grpc-core-1.17.1.jar:/home/user/.m2/repository/io/grpc/grpc-context/1.17.1/grpc-context-1.17.1.jar:/home/user/.m2/repository/com/google/errorprone/error_prone_annotations/2.2.0/error_prone_annotations-2.2.0.jar:/home/user/.m2/repository/org/codehaus/mojo/animal-sniffer-annotations/1.17/animal-sniffer-annotations-1.17.jar:/home/user/.m2/repository/io/opencensus/opencensus-api/0.17.0/opencensus-api-0.17.0.jar:/home/user/.m2/repository/io/opencensus/opencensus-contrib-grpc-metrics/0.17.0/opencensus-contrib-grpc-metrics-0.17.0.jar:/home/user/.m2/repository/io/netty/netty-codec-http2/4.1.30.Final/netty-codec-http2-4.1.30.Final.jar:/home/user/.m2/repository/io/netty/netty-codec-http/4.1.30.Final/netty-codec-http-4.1.30.Final.jar:/home/user/.m2/repository/io/netty/netty-codec/4.1.30.Final/netty-codec-4.1.30.Final.jar:/home/user/.m2/repository/io/netty/netty-handler/4.1.30.Final/netty-handler-4.1.30.Final.jar:/home/user/.m2/repository/io/netty/netty-handler-proxy/4.1.30.Final/netty-handler-proxy-4.1.30.Final.jar:/home/user/.m2/repository/io/netty/netty-codec-socks/4.1.30.Final/netty-codec-socks-4.1.30.Final.jar:/home/user/.m2/repository/io/netty/netty-transport-native-epoll/4.1.30.Final/netty-transport-native-epoll-4.1.30.Final.jar:/home/user/.m2/repository/io/netty/netty-common/4.1.30.Final/netty-common-4.1.30.Final.jar:/home/user/.m2/repository/io/netty/netty-buffer/4.1.30.Final/netty-buffer-4.1.30.Final.jar:/home/user/.m2/repository/io/netty/netty-transport/4.1.30.Final/netty-transport-4.1.30.Final.jar:/home/user/.m2/repository/io/netty/netty-resolver/4.1.30.Final/netty-resolver-4.1.30.Final.jar:/home/user/.m2/repository/io/netty/netty-transport-native-unix-common/4.1.30.Final/netty-transport-native-unix-common-4.1.30.Final.jar:/home/user/.m2/repository/io/grpc/grpc-protobuf/1.17.1/grpc-protobuf-1.17.1.jar:/home/user/.m2/repository/com/google/api/grpc/proto-google-common-protos/1.0.0/proto-google-common-protos-1.0.0.jar:/home/user/.m2/repository/io/grpc/grpc-protobuf-lite/1.17.1/grpc-protobuf-lite-1.17.1.jar:/home/user/.m2/repository/io/grpc/grpc-stub/1.17.1/grpc-stub-1.17.1.jar:/home/user/.m2/repository/org/apache/hadoop/hadoop-ozone-recon/0.5.0-SNAPSHOT/hadoop-ozone-recon-0.5.0-SNAPSHOT.jar:/home/user/.m2/repository/org/apache/hadoop/hadoop-ozone-reconcodegen/0.5.0-SNAPSHOT/hadoop-ozone-reconcodegen-0.5.0-SNAPSHOT.jar:/home/user/.m2/repository/com/google/inject/extensions/guice-multibindings/4.0/guice-multibindings-4.0.jar:/home/user/.m2/repository/com/google/inject/guice/4.0/guice-4.0.jar:/home/user/.m2/repository/aopalliance/aopalliance/1.0/aopalliance-1.0.jar:/home/user/.m2/repository/com/google/inject/extensions/guice-servlet/4.0/guice-servlet-4.0.jar:/home/user/.m2/repository/org/glassfish/jersey/containers/jersey-container-servlet/2.27/jersey-container-servlet-2.27.jar:/home/user/.m2/repository/org/glassfish/hk2/guice-bridge/2.5.0/guice-bridge-2.5.0.jar:/home/user/.m2/repository/org/glassfish/jersey/core/jersey-server/2.27/jersey-server-2.27.jar:/home/user/.m2/repository/org/glassfish/jersey/core/jersey-client/2.27/jersey-client-2.27.jar:/home/user/.m2/repository/org/glassfish/jersey/media/jersey-media-jaxb/2.27/jersey-media-jaxb-2.27.jar:/home/user/.m2/repository/javax/validation/validation-api/1.1.0.Final/validation-api-1.1.0.Final.jar:/home/user/.m2/repository/org/glassfish/jersey/media/jersey-media-json-jackson/2.27/jersey-media-json-jackson-2.27.jar:/home/user/.m2/repository/org/glassfish/jersey/ext/jersey-entity-filtering/2.27/jersey-entity-filtering-2.27.jar:/home/user/.m2/repository/com/google/inject/extensions/guice-assistedinject/4.0/guice-assistedinject-4.0.jar:/home/user/.m2/repository/org/jooq/jooq/3.11.10/jooq-3.11.10.jar:/home/user/.m2/repository/org/jooq/jooq-meta/3.11.10/jooq-meta-3.11.10.jar:/home/user/.m2/repository/org/jooq/jooq-codegen/3.11.10/jooq-codegen-3.11.10.jar:/home/user/.m2/repository/com/jolbox/bonecp/0.8.0.RELEASE/bonecp-0.8.0.RELEASE.jar:/home/user/.m2/repository/org/xerial/sqlite-jdbc/3.25.2/sqlite-jdbc-3.25.2.jar:/home/user/.m2/repository/org/springframework/spring-jdbc/5.1.3.RELEASE/spring-jdbc-5.1.3.RELEASE.jar:/home/user/.m2/repository/org/springframework/spring-beans/5.1.3.RELEASE/spring-beans-5.1.3.RELEASE.jar:/home/user/.m2/repository/org/springframework/spring-core/5.1.3.RELEASE/spring-core-5.1.3.RELEASE.jar:/home/user/.m2/repository/org/springframework/spring-jcl/5.1.3.RELEASE/spring-jcl-5.1.3.RELEASE.jar:/home/user/.m2/repository/org/springframework/spring-tx/5.1.3.RELEASE/spring-tx-5.1.3.RELEASE.jar:/home/user/.m2/repository/org/apache/hadoop/hadoop-ozone-client/0.5.0-SNAPSHOT/hadoop-ozone-client-0.5.0-SNAPSHOT.jar:/home/user/.m2/repository/commons-lang/commons-lang/2.6/commons-lang-2.6.jar:/home/user/.m2/repository/org/apache/hadoop/hadoop-ozone-ozone-manager/0.5.0-SNAPSHOT/hadoop-ozone-ozone-manager-0.5.0-SNAPSHOT-tests.jar:/home/user/.m2/repository/junit/junit/4.11/junit-4.11.jar:/home/user/.m2/repository/org/hamcrest/hamcrest-core/1.3/hamcrest-core-1.3.jar:/home/user/.m2/repository/org/openjdk/jmh/jmh-core/1.19/jmh-core-1.19.jar:/home/user/.m2/repository/net/sf/jopt-simple/jopt-simple/4.6/jopt-simple-4.6.jar:/home/user/.m2/repository/org/apache/commons/commons-math3/3.1.1/commons-math3-3.1.1.jar:/home/user/.m2/repository/org/openjdk/jmh/jmh-generator-annprocess/1.19/jmh-generator-annprocess-1.19.jar:/home/user/.m2/repository/org/mockito/mockito-all/1.8.5/mockito-all-1.8.5.jar:/home/user/.m2/repository/org/apache/hadoop/hadoop-kms/3.2.0/hadoop-kms-3.2.0.jar:/home/user/.m2/repository/org/apache/hadoop/hadoop-auth/3.2.0/hadoop-auth-3.2.0.jar:/home/user/.m2/repository/com/nimbusds/nimbus-jose-jwt/4.41.1/nimbus-jose-jwt-4.41.1.jar:/home/user/.m2/repository/com/github/stephenc/jcip/jcip-annotations/1.0-1/jcip-annotations-1.0-1.jar:/home/user/.m2/repository/net/minidev/json-smart/2.3/json-smart-2.3.jar:/home/user/.m2/repository/net/minidev/accessors-smart/1.2/accessors-smart-1.2.jar:/home/user/.m2/repository/org/ow2/asm/asm/5.0.4/asm-5.0.4.jar:/home/user/.m2/repository/org/apache/curator/curator-framework/2.12.0/curator-framework-2.12.0.jar:/home/user/.m2/repository/com/sun/jersey/jersey-core/1.19/jersey-core-1.19.jar:/home/user/.m2/repository/javax/ws/rs/jsr311-api/1.1.1/jsr311-api-1.1.1.jar:/home/user/.m2/repository/com/sun/jersey/jersey-server/1.19/jersey-server-1.19.jar:/home/user/.m2/repository/javax/servlet/javax.servlet-api/3.1.0/javax.servlet-api-3.1.0.jar:/home/user/.m2/repository/org/eclipse/jetty/jetty-server/9.3.25.v20180904/jetty-server-9.3.25.v20180904.jar:/home/user/.m2/repository/org/eclipse/jetty/jetty-http/9.3.25.v20180904/jetty-http-9.3.25.v20180904.jar:/home/user/.m2/repository/org/eclipse/jetty/jetty-io/9.3.25.v20180904/jetty-io-9.3.25.v20180904.jar:/home/user/.m2/repository/org/eclipse/jetty/jetty-webapp/9.3.25.v20180904/jetty-webapp-9.3.25.v20180904.jar:/home/user/.m2/repository/org/eclipse/jetty/jetty-xml/9.3.25.v20180904/jetty-xml-9.3.25.v20180904.jar:/home/user/.m2/repository/log4j/log4j/1.2.17/log4j-1.2.17.jar:/home/user/.m2/repository/org/slf4j/slf4j-api/1.7.25/slf4j-api-1.7.25.jar:/home/user/.m2/repository/org/slf4j/jul-to-slf4j/1.7.25/jul-to-slf4j-1.7.25.jar:/home/user/.m2/repository/org/eclipse/jetty/jetty-util/9.3.25.v20180904/jetty-util-9.3.25.v20180904.jar:/home/user/.m2/repository/com/fasterxml/jackson/core/jackson-databind/2.9.9/jackson-databind-2.9.9.jar:/home/user/.m2/repository/org/apache/hadoop/hadoop-kms/3.2.0/hadoop-kms-3.2.0-tests.jar:/home/user/.m2/repository/org/apache/hadoop/hadoop-hdds-server-scm/0.5.0-SNAPSHOT/hadoop-hdds-server-scm-0.5.0-SNAPSHOT-tests.jar:/home/user/.m2/repository/org/apache/hadoop/hadoop-hdds-container-service/0.5.0-SNAPSHOT/hadoop-hdds-container-service-0.5.0-SNAPSHOT-tests.jar:/home/user/.m2/repository/org/yaml/snakeyaml/1.16/snakeyaml-1.16.jar:/home/user/.m2/repository/org/apache/hadoop/hadoop-common/3.2.0/hadoop-common-3.2.0-tests.jar:/home/user/.m2/repository/org/apache/hadoop/hadoop-annotations/3.2.0/hadoop-annotations-3.2.0.jar:/usr/lib/jvm/java-1.8-openjdk/jre/../lib/tools.jar:/home/user/.m2/repository/commons-cli/commons-cli/1.2/commons-cli-1.2.jar:/home/user/.m2/repository/org/apache/httpcomponents/httpclient/4.5.2/httpclient-4.5.2.jar:/home/user/.m2/repository/org/apache/httpcomponents/httpcore/4.4.4/httpcore-4.4.4.jar:/home/user/.m2/repository/commons-codec/commons-codec/1.11/commons-codec-1.11.jar:/home/user/.m2/repository/commons-net/commons-net/3.6/commons-net-3.6.jar:/home/user/.m2/repository/commons-collections/commons-collections/3.2.2/commons-collections-3.2.2.jar:/home/user/.m2/repository/org/eclipse/jetty/jetty-servlet/9.3.25.v20180904/jetty-servlet-9.3.25.v20180904.jar:/home/user/.m2/repository/org/eclipse/jetty/jetty-security/9.3.25.v20180904/jetty-security-9.3.25.v20180904.jar:/home/user/.m2/repository/javax/servlet/jsp/jsp-api/2.1/jsp-api-2.1.jar:/home/user/.m2/repository/com/sun/jersey/jersey-servlet/1.19/jersey-servlet-1.19.jar:/home/user/.m2/repository/com/sun/jersey/jersey-json/1.19/jersey-json-1.19.jar:/home/user/.m2/repository/org/codehaus/jettison/jettison/1.1/jettison-1.1.jar:/home/user/.m2/repository/org/codehaus/jackson/jackson-core-asl/1.9.13/jackson-core-asl-1.9.13.jar:/home/user/.m2/repository/org/codehaus/jackson/jackson-mapper-asl/1.9.13/jackson-mapper-asl-1.9.13.jar:/home/user/.m2/repository/org/codehaus/jackson/jackson-jaxrs/1.9.13/jackson-jaxrs-1.9.13.jar:/home/user/.m2/repository/org/codehaus/jackson/jackson-xc/1.9.13/jackson-xc-1.9.13.jar:/home/user/.m2/repository/commons-logging/commons-logging/1.1.3/commons-logging-1.1.3.jar:/home/user/.m2/repository/commons-beanutils/commons-beanutils/1.9.4/commons-beanutils-1.9.4.jar:/home/user/.m2/repository/org/apache/commons/commons-configuration2/2.1.1/commons-configuration2-2.1.1.jar:/home/user/.m2/repository/org/apache/commons/commons-lang3/3.7/commons-lang3-3.7.jar:/home/user/.m2/repository/org/apache/commons/commons-text/1.4/commons-text-1.4.jar:/home/user/.m2/repository/org/apache/avro/avro/1.7.7/avro-1.7.7.jar:/home/user/.m2/repository/com/thoughtworks/paranamer/paranamer/2.3/paranamer-2.3.jar:/home/user/.m2/repository/org/xerial/snappy/snappy-java/1.0.5/snappy-java-1.0.5.jar:/home/user/.m2/repository/com/google/re2j/re2j/1.1/re2j-1.1.jar:/home/user/.m2/repository/com/google/code/gson/gson/2.2.4/gson-2.2.4.jar:/home/user/.m2/repository/com/jcraft/jsch/0.1.54/jsch-0.1.54.jar:/home/user/.m2/repository/org/apache/curator/curator-client/2.12.0/curator-client-2.12.0.jar:/home/user/.m2/repository/org/apache/curator/curator-recipes/2.12.0/curator-recipes-2.12.0.jar:/home/user/.m2/repository/com/google/code/findbugs/jsr305/3.0.0/jsr305-3.0.0.jar:/home/user/.m2/repository/org/apache/htrace/htrace-core4/4.1.0-incubating/htrace-core4-4.1.0-incubating.jar:/home/user/.m2/repository/org/apache/zookeeper/zookeeper/3.4.13/zookeeper-3.4.13.jar:/home/user/.m2/repository/jline/jline/0.9.94/jline-0.9.94.jar:/home/user/.m2/repository/org/apache/yetus/audience-annotations/0.5.0/audience-annotations-0.5.0.jar:/home/user/.m2/repository/org/codehaus/woodstox/stax2-api/3.1.4/stax2-api-3.1.4.jar:/home/user/.m2/repository/com/fasterxml/woodstox/woodstox-core/5.0.3/woodstox-core-5.0.3.jar:/home/user/.m2/repository/dnsjava/dnsjava/2.1.7/dnsjava-2.1.7.jar:/home/user/.m2/repository/org/apache/hadoop/hadoop-hdfs/3.2.0/hadoop-hdfs-3.2.0-tests.jar:/home/user/.m2/repository/org/eclipse/jetty/jetty-util-ajax/9.3.25.v20180904/jetty-util-ajax-9.3.25.v20180904.jar:/home/user/.m2/repository/commons-daemon/commons-daemon/1.0.13/commons-daemon-1.0.13.jar:/home/user/.m2/repository/io/netty/netty/3.10.5.Final/netty-3.10.5.Final.jar:/home/user/.m2/repository/io/netty/netty-all/4.0.52.Final/netty-all-4.0.52.Final.jar:/home/user/.m2/repository/org/fusesource/leveldbjni/leveldbjni-all/1.8/leveldbjni-all-1.8.jar:"/>
    <property name="sun.cpu.endian" value="little"/>
    <property name="user.home" value="/home/user"/>
    <property name="user.language" value="en"/>
    <property name="java.specification.vendor" value="Oracle Corporation"/>
    <property name="java.home" value="/usr/lib/jvm/java-1.8-openjdk/jre"/>
    <property name="java.security.krb5.conf" value="/workdir/hadoop-ozone/integration-test/target/test-classes/krb5.conf"/>
    <property name="basedir" value="/workdir/hadoop-ozone/integration-test"/>
    <property name="file.separator" value="/"/>
    <property name="line.separator" value="&#10;"/>
    <property name="java.vm.specification.vendor" value="Oracle Corporation"/>
    <property name="java.specification.name" value="Java Platform API Specification"/>
    <property name="java.awt.graphicsenv" value="sun.awt.X11GraphicsEnvironment"/>
    <property name="surefire.real.class.path" value="/workdir/hadoop-ozone/integration-test/target/surefire/surefirebooter849441191193162119.jar"/>
    <property name="hadoop.log.dir" value="/workdir/hadoop-ozone/integration-test/target/log"/>
    <property name="sun.boot.class.path" value="/usr/lib/jvm/java-1.8-openjdk/jre/lib/resources.jar:/usr/lib/jvm/java-1.8-openjdk/jre/lib/rt.jar:/usr/lib/jvm/java-1.8-openjdk/jre/lib/sunrsasign.jar:/usr/lib/jvm/java-1.8-openjdk/jre/lib/jsse.jar:/usr/lib/jvm/java-1.8-openjdk/jre/lib/jce.jar:/usr/lib/jvm/java-1.8-openjdk/jre/lib/charsets.jar:/usr/lib/jvm/java-1.8-openjdk/jre/lib/jfr.jar:/usr/lib/jvm/java-1.8-openjdk/jre/classes"/>
    <property name="sun.management.compiler" value="HotSpot 64-Bit Tiered Compilers"/>
    <property name="java.runtime.version" value="1.8.0_212-b04"/>
    <property name="java.net.preferIPv4Stack" value="true"/>
    <property name="user.name" value="jenkins1000"/>
    <property name="path.separator" value=":"/>
    <property name="java.security.egd" value="file:///dev/urandom"/>
    <property name="os.version" value="3.10.0-957.12.2.el7.x86_64"/>
    <property name="java.endorsed.dirs" value="/usr/lib/jvm/java-1.8-openjdk/jre/lib/endorsed"/>
    <property name="java.runtime.name" value="OpenJDK Runtime Environment"/>
    <property name="file.encoding" value="UTF-8"/>
    <property name="java.vm.name" value="OpenJDK 64-Bit Server VM"/>
    <property name="test.build.webapps" value=""/>
    <property name="localRepository" value="/home/user/.m2/repository"/>
    <property name="java.vendor.url.bug" value="https://icedtea.classpath.org/bugzilla"/>
    <property name="java.io.tmpdir" value="/tmp"/>
    <property name="require.test.libhadoop" value=""/>
    <property name="java.version" value="1.8.0_212"/>
    <property name="user.dir" value="/workdir/hadoop-ozone/integration-test"/>
    <property name="os.arch" value="amd64"/>
    <property name="java.vm.specification.name" value="Java Virtual Machine Specification"/>
    <property name="test.build.classes" value="/workdir/hadoop-ozone/integration-test/target/test-classes"/>
    <property name="java.awt.printerjob" value="sun.print.PSPrinterJob"/>
    <property name="sun.os.patch.level" value="unknown"/>
    <property name="hadoop.tmp.dir" value="/workdir/hadoop-ozone/integration-test/target/tmp"/>
    <property name="java.library.path" value="/usr/lib/jvm/java-1.8-openjdk/jre/lib/amd64/server:/usr/lib/jvm/java-1.8-openjdk/jre/lib/amd64:/usr/lib/jvm/java-1.8-openjdk/jre/../lib/amd64:/workdir/hadoop-ozone/integration-test/target/native/target/usr/local/lib:/workdir/hadoop-ozone/integration-test/../../hadoop-common-project/hadoop-common/target/native/target/usr/local/lib:/usr/java/packages/lib/amd64:/usr/lib64:/lib64:/lib:/usr/lib"/>
    <property name="java.vm.info" value="mixed mode"/>
    <property name="java.vendor" value="IcedTea"/>
    <property name="java.vm.version" value="25.212-b04"/>
    <property name="java.ext.dirs" value="/usr/lib/jvm/java-1.8-openjdk/jre/lib/ext:/usr/java/packages/lib/ext"/>
    <property name="sun.io.unicode.encoding" value="UnicodeLittle"/>
    <property name="java.class.version" value="52.0"/>
  </properties>
  <testcase name="test2DatanodesFailure" classname="org.apache.hadoop.ozone.client.rpc.TestBlockOutputStreamWithFailures" time="105.79">
    <error message="Allocated 0 blocks. Requested 1 blocks" type="INTERNAL_ERROR org.apache.hadoop.ozone.om.exceptions.OMException">INTERNAL_ERROR org.apache.hadoop.ozone.om.exceptions.OMException: Allocated 0 blocks. Requested 1 blocks
	at org.apache.hadoop.ozone.om.protocolPB.OzoneManagerProtocolClientSideTranslatorPB.handleError(OzoneManagerProtocolClientSideTranslatorPB.java:732)
	at org.apache.hadoop.ozone.om.protocolPB.OzoneManagerProtocolClientSideTranslatorPB.allocateBlock(OzoneManagerProtocolClientSideTranslatorPB.java:764)
	at sun.reflect.NativeMethodAccessorImpl.invoke0(Native Method)
	at sun.reflect.NativeMethodAccessorImpl.invoke(NativeMethodAccessorImpl.java:62)
	at sun.reflect.DelegatingMethodAccessorImpl.invoke(DelegatingMethodAccessorImpl.java:43)
	at java.lang.reflect.Method.invoke(Method.java:498)
	at org.apache.hadoop.hdds.tracing.TraceAllMethod.invoke(TraceAllMethod.java:66)
	at com.sun.proxy.$Proxy37.allocateBlock(Unknown Source)
	at org.apache.hadoop.ozone.client.io.BlockOutputStreamEntryPool.allocateNewBlock(BlockOutputStreamEntryPool.java:248)
	at org.apache.hadoop.ozone.client.io.BlockOutputStreamEntryPool.allocateBlockIfNeeded(BlockOutputStreamEntryPool.java:296)
	at org.apache.hadoop.ozone.client.io.KeyOutputStream.handleWrite(KeyOutputStream.java:198)
	at org.apache.hadoop.ozone.client.io.KeyOutputStream.handleRetry(KeyOutputStream.java:375)
	at org.apache.hadoop.ozone.client.io.KeyOutputStream.handleException(KeyOutputStream.java:324)
	at org.apache.hadoop.ozone.client.io.KeyOutputStream.handleFlushOrClose(KeyOutputStream.java:449)
	at org.apache.hadoop.ozone.client.io.KeyOutputStream.flush(KeyOutputStream.java:397)
	at org.apache.hadoop.ozone.client.io.OzoneOutputStream.flush(OzoneOutputStream.java:54)
	at org.apache.hadoop.ozone.client.rpc.TestBlockOutputStreamWithFailures.test2DatanodesFailure(TestBlockOutputStreamWithFailures.java:502)
	at sun.reflect.NativeMethodAccessorImpl.invoke0(Native Method)
	at sun.reflect.NativeMethodAccessorImpl.invoke(NativeMethodAccessorImpl.java:62)
	at sun.reflect.DelegatingMethodAccessorImpl.invoke(DelegatingMethodAccessorImpl.java:43)
	at java.lang.reflect.Method.invoke(Method.java:498)
	at org.junit.runners.model.FrameworkMethod$1.runReflectiveCall(FrameworkMethod.java:47)
	at org.junit.internal.runners.model.ReflectiveCallable.run(ReflectiveCallable.java:12)
	at org.junit.runners.model.FrameworkMethod.invokeExplosively(FrameworkMethod.java:44)
	at org.junit.internal.runners.statements.InvokeMethod.evaluate(InvokeMethod.java:17)
	at org.junit.internal.runners.statements.RunBefores.evaluate(RunBefores.java:26)
	at org.junit.internal.runners.statements.RunAfters.evaluate(RunAfters.java:27)
	at org.junit.runners.ParentRunner.runLeaf(ParentRunner.java:271)
	at org.junit.runners.BlockJUnit4ClassRunner.runChild(BlockJUnit4ClassRunner.java:70)
	at org.junit.runners.BlockJUnit4ClassRunner.runChild(BlockJUnit4ClassRunner.java:50)
	at org.junit.runners.ParentRunner$3.run(ParentRunner.java:238)
	at org.junit.runners.ParentRunner$1.schedule(ParentRunner.java:63)
	at org.junit.runners.ParentRunner.runChildren(ParentRunner.java:236)
	at org.junit.runners.ParentRunner.access$000(ParentRunner.java:53)
	at org.junit.runners.ParentRunner$2.evaluate(ParentRunner.java:229)
	at org.junit.runners.ParentRunner.run(ParentRunner.java:309)
	at org.apache.maven.surefire.junit4.JUnit4Provider.execute(JUnit4Provider.java:365)
	at org.apache.maven.surefire.junit4.JUnit4Provider.executeWithRerun(JUnit4Provider.java:273)
	at org.apache.maven.surefire.junit4.JUnit4Provider.executeTestSet(JUnit4Provider.java:238)
	at org.apache.maven.surefire.junit4.JUnit4Provider.invoke(JUnit4Provider.java:159)
	at org.apache.maven.surefire.booter.ForkedBooter.invokeProviderInSameClassLoader(ForkedBooter.java:384)
	at org.apache.maven.surefire.booter.ForkedBooter.runSuitesInProcess(ForkedBooter.java:345)
	at org.apache.maven.surefire.booter.ForkedBooter.execute(ForkedBooter.java:126)
	at org.apache.maven.surefire.booter.ForkedBooter.main(ForkedBooter.java:418)
</error>
    <system-out><![CDATA[2019-09-24 10:04:11,509 [main] WARN  server.ServerUtils (ServerUtils.java:getScmDbDir(145)) - ozone.scm.db.dirs is not configured. We recommend adding this setting. Falling back to ozone.metadata.dirs instead.
2019-09-24 10:04:11,709 [main] WARN  server.ServerUtils (ServerUtils.java:getScmDbDir(145)) - ozone.scm.db.dirs is not configured. We recommend adding this setting. Falling back to ozone.metadata.dirs instead.
2019-09-24 10:04:11,714 [main] WARN  server.ServerUtils (ServerUtils.java:getScmDbDir(145)) - ozone.scm.db.dirs is not configured. We recommend adding this setting. Falling back to ozone.metadata.dirs instead.
2019-09-24 10:04:11,744 [main] INFO  util.log (Log.java:initialized(192)) - Logging initialized @926ms
2019-09-24 10:04:11,885 [main] INFO  db.DBStoreBuilder (DBStoreBuilder.java:addTable(110)) - using custom profile for table: deletedBlocks
2019-09-24 10:04:11,885 [main] INFO  db.DBStoreBuilder (DBStoreBuilder.java:processTables(161)) - Using default column profile:DBProfile.DISK for Table:deletedBlocks
2019-09-24 10:04:11,886 [main] INFO  db.DBStoreBuilder (DBStoreBuilder.java:addTable(110)) - using custom profile for table: validCerts
2019-09-24 10:04:11,886 [main] INFO  db.DBStoreBuilder (DBStoreBuilder.java:processTables(161)) - Using default column profile:DBProfile.DISK for Table:validCerts
2019-09-24 10:04:11,887 [main] INFO  db.DBStoreBuilder (DBStoreBuilder.java:addTable(110)) - using custom profile for table: revokedCerts
2019-09-24 10:04:11,887 [main] INFO  db.DBStoreBuilder (DBStoreBuilder.java:processTables(161)) - Using default column profile:DBProfile.DISK for Table:revokedCerts
2019-09-24 10:04:11,903 [main] INFO  db.DBStoreBuilder (DBStoreBuilder.java:addTable(110)) - using custom profile for table: default
2019-09-24 10:04:11,903 [main] INFO  db.DBStoreBuilder (DBStoreBuilder.java:processTables(167)) - Using default column profile:DBProfile.DISK for Table:default
2019-09-24 10:04:11,906 [main] INFO  db.DBStoreBuilder (DBStoreBuilder.java:getDbProfile(198)) - Using default options. DBProfile.DISK
2019-09-24 10:04:12,192 [main] INFO  net.NodeSchemaLoader (NodeSchemaLoader.java:loadSchemaFromFile(125)) - Loading file from sun.misc.CompoundEnumeration@71d44a3
2019-09-24 10:04:12,194 [main] INFO  net.NodeSchemaLoader (NodeSchemaLoader.java:loadSchema(171)) - Loading network topology layer schema file
2019-09-24 10:04:12,295 [main] INFO  node.SCMNodeManager (SCMNodeManager.java:<init>(114)) - Entering startup safe mode.
2019-09-24 10:04:12,378 [main] INFO  algorithms.ContainerPlacementPolicyFactory (ContainerPlacementPolicyFactory.java:getPolicy(57)) - Create container placement policy of type org.apache.hadoop.hdds.scm.container.placement.algorithms.SCMContainerPlacementRandom
2019-09-24 10:04:12,393 [main] WARN  server.ServerUtils (ServerUtils.java:getScmDbDir(145)) - ozone.scm.db.dirs is not configured. We recommend adding this setting. Falling back to ozone.metadata.dirs instead.
2019-09-24 10:04:12,458 [main] INFO  pipeline.SCMPipelineManager (SCMPipelineManager.java:initializePipelineState(132)) - No pipeline exists in current db
2019-09-24 10:04:12,461 [main] WARN  server.ServerUtils (ServerUtils.java:getScmDbDir(145)) - ozone.scm.db.dirs is not configured. We recommend adding this setting. Falling back to ozone.metadata.dirs instead.
2019-09-24 10:04:12,577 [main] WARN  events.EventQueue (EventQueue.java:fireEvent(183)) - No event handler registered for event TypedEvent{payloadType=SafeModeStatus, name='SafeModeStatus'}
2019-09-24 10:04:12,947 [main] INFO  ipc.CallQueueManager (CallQueueManager.java:<init>(84)) - Using callQueue: class java.util.concurrent.LinkedBlockingQueue, queueCapacity: 2000, scheduler: class org.apache.hadoop.ipc.DefaultRpcScheduler, ipcBackoff: false.
2019-09-24 10:04:12,981 [Socket Reader #1 for port 35886] INFO  ipc.Server (Server.java:run(1074)) - Starting Socket Reader #1 for port 35886
2019-09-24 10:04:13,124 [main] INFO  ipc.CallQueueManager (CallQueueManager.java:<init>(84)) - Using callQueue: class java.util.concurrent.LinkedBlockingQueue, queueCapacity: 2000, scheduler: class org.apache.hadoop.ipc.DefaultRpcScheduler, ipcBackoff: false.
2019-09-24 10:04:13,125 [Socket Reader #1 for port 44613] INFO  ipc.Server (Server.java:run(1074)) - Starting Socket Reader #1 for port 44613
2019-09-24 10:04:13,136 [main] INFO  ipc.CallQueueManager (CallQueueManager.java:<init>(84)) - Using callQueue: class java.util.concurrent.LinkedBlockingQueue, queueCapacity: 2000, scheduler: class org.apache.hadoop.ipc.DefaultRpcScheduler, ipcBackoff: false.
2019-09-24 10:04:13,137 [Socket Reader #1 for port 39200] INFO  ipc.Server (Server.java:run(1074)) - Starting Socket Reader #1 for port 39200
2019-09-24 10:04:13,163 [main] INFO  hdfs.DFSUtil (DFSUtil.java:httpServerTemplateForNNAndJN(1641)) - Starting Web-server for scm at: http://0.0.0.0:0
2019-09-24 10:04:13,331 [main] INFO  server.AuthenticationFilter (AuthenticationFilter.java:constructSecretProvider(240)) - Unable to initialize FileSignerSecretProvider, falling back to use random secrets.
2019-09-24 10:04:13,340 [main] WARN  http.HttpRequestLog (HttpRequestLog.java:getRequestLog(97)) - Jetty request log can only be enabled using Log4j
2019-09-24 10:04:13,349 [main] INFO  http.HttpServer2 (HttpServer2.java:addGlobalFilter(975)) - Added global filter 'safety' (class=org.apache.hadoop.http.HttpServer2$QuotingInputFilter)
2019-09-24 10:04:13,353 [main] INFO  http.HttpServer2 (HttpServer2.java:addFilter(948)) - Added filter static_user_filter (class=org.apache.hadoop.http.lib.StaticUserWebFilter$StaticUserFilter) to context scm
2019-09-24 10:04:13,353 [main] INFO  http.HttpServer2 (HttpServer2.java:addFilter(958)) - Added filter static_user_filter (class=org.apache.hadoop.http.lib.StaticUserWebFilter$StaticUserFilter) to context static
2019-09-24 10:04:13,353 [main] INFO  http.HttpServer2 (HttpServer2.java:addFilter(958)) - Added filter static_user_filter (class=org.apache.hadoop.http.lib.StaticUserWebFilter$StaticUserFilter) to context logs
2019-09-24 10:04:13,385 [main] INFO  server.StorageContainerManager (StorageContainerManager.java:start(770)) - StorageContainerLocationProtocol RPC server is listening at /0.0.0.0:39200
2019-09-24 10:04:13,445 [main] WARN  impl.MetricsConfig (MetricsConfig.java:loadFirst(134)) - Cannot locate configuration: tried hadoop-metrics2-storagecontainermanager.properties,hadoop-metrics2.properties
2019-09-24 10:04:13,458 [main] INFO  impl.MetricsSystemImpl (MetricsSystemImpl.java:startTimer(374)) - Scheduled Metric snapshot period at 10 second(s).
2019-09-24 10:04:13,459 [main] INFO  impl.MetricsSystemImpl (MetricsSystemImpl.java:start(191)) - StorageContainerManager metrics system started
2019-09-24 10:04:13,692 [main] INFO  server.SCMClientProtocolServer (SCMClientProtocolServer.java:start(151)) - RPC server for Client  is listening at /0.0.0.0:39200
2019-09-24 10:04:13,693 [IPC Server Responder] INFO  ipc.Server (Server.java:run(1314)) - IPC Server Responder: starting
2019-09-24 10:04:13,693 [IPC Server listener on 39200] INFO  ipc.Server (Server.java:run(1153)) - IPC Server listener on 39200: starting
2019-09-24 10:04:13,696 [main] INFO  server.StorageContainerManager (StorageContainerManager.java:start(780)) - ScmBlockLocationProtocol RPC server is listening at /0.0.0.0:44613
2019-09-24 10:04:13,697 [main] INFO  server.SCMBlockProtocolServer (SCMBlockProtocolServer.java:start(146)) - RPC server for Block Protocol is listening at /0.0.0.0:44613
2019-09-24 10:04:13,698 [IPC Server Responder] INFO  ipc.Server (Server.java:run(1314)) - IPC Server Responder: starting
2019-09-24 10:04:13,698 [IPC Server listener on 44613] INFO  ipc.Server (Server.java:run(1153)) - IPC Server listener on 44613: starting
2019-09-24 10:04:13,700 [main] INFO  server.StorageContainerManager (StorageContainerManager.java:start(784)) - ScmDatanodeProtocl RPC server is listening at /0.0.0.0:35886
2019-09-24 10:04:13,700 [main] INFO  server.SCMDatanodeProtocolServer (SCMDatanodeProtocolServer.java:start(191)) - RPC server for DataNodes is listening at /0.0.0.0:35886
2019-09-24 10:04:13,701 [IPC Server Responder] INFO  ipc.Server (Server.java:run(1314)) - IPC Server Responder: starting
2019-09-24 10:04:13,701 [IPC Server listener on 35886] INFO  ipc.Server (Server.java:run(1153)) - IPC Server listener on 35886: starting
2019-09-24 10:04:13,705 [main] INFO  http.HttpServer2 (HttpServer2.java:bindListener(1191)) - Jetty bound to port 43419
2019-09-24 10:04:13,707 [main] INFO  server.Server (Server.java:doStart(351)) - jetty-9.3.25.v20180904, build timestamp: 2018-09-04T21:11:46Z, git hash: 3ce520221d0240229c862b122d2b06c12a625732
2019-09-24 10:04:13,743 [main] INFO  handler.ContextHandler (ContextHandler.java:doStart(781)) - Started o.e.j.s.ServletContextHandler@71cf1b07{/logs,file:///workdir/hadoop-ozone/integration-test/target/log,AVAILABLE}
2019-09-24 10:04:13,744 [main] INFO  handler.ContextHandler (ContextHandler.java:doStart(781)) - Started o.e.j.s.ServletContextHandler@4fce136b{/static,file:///workdir/hadoop-ozone/integration-test/target/test-classes/webapps/static,AVAILABLE}
2019-09-24 10:04:13,775 [main] INFO  handler.ContextHandler (ContextHandler.java:doStart(781)) - Started o.e.j.w.WebAppContext@27e0f2f5{/,file:///workdir/hadoop-ozone/integration-test/target/test-classes/webapps/scm/,AVAILABLE}{/scm}
2019-09-24 10:04:13,780 [main] INFO  server.AbstractConnector (AbstractConnector.java:doStart(278)) - Started ServerConnector@3dd69f5a{HTTP/1.1,[http/1.1]}{0.0.0.0:43419}
2019-09-24 10:04:13,781 [main] INFO  server.Server (Server.java:doStart(419)) - Started @2962ms
2019-09-24 10:04:13,783 [main] INFO  impl.MetricsSinkAdapter (MetricsSinkAdapter.java:start(204)) - Sink prometheus started
2019-09-24 10:04:13,783 [main] INFO  impl.MetricsSystemImpl (MetricsSystemImpl.java:registerSink(301)) - Registered sink prometheus
2019-09-24 10:04:13,785 [main] INFO  server.BaseHttpServer (BaseHttpServer.java:updateConnectorAddress(215)) - HTTP server of SCM is listening at http://0.0.0.0:43419
2019-09-24 10:04:13,793 [org.apache.hadoop.util.JvmPauseMonitor$Monitor@7fb9f71f] INFO  util.JvmPauseMonitor (JvmPauseMonitor.java:run(188)) - Starting JVM pause monitor
2019-09-24 10:04:13,798 [main] WARN  server.ServerUtils (ServerUtils.java:getDBPath(222)) - ozone.om.db.dirs is not configured. We recommend adding this setting. Falling back to ozone.metadata.dirs instead.
2019-09-24 10:04:13,980 [main] WARN  server.ServerUtils (ServerUtils.java:getDBPath(222)) - ozone.om.db.dirs is not configured. We recommend adding this setting. Falling back to ozone.metadata.dirs instead.
2019-09-24 10:04:13,981 [main] WARN  server.ServerUtils (ServerUtils.java:getDBPath(222)) - ozone.om.db.dirs is not configured. We recommend adding this setting. Falling back to ozone.metadata.dirs instead.
2019-09-24 10:04:13,982 [main] INFO  om.OzoneManager (OzoneManager.java:setOMNodeDetails(652)) - OM Service ID is not set. Setting it to the default ID: omServiceIdDefault
2019-09-24 10:04:13,982 [main] INFO  om.OzoneManager (OzoneManager.java:setOMNodeDetails(658)) - OM Node ID is not set. Setting it to the OmStorage's OmID: 1dec0310-cf98-4c64-a6e6-d96f4537dc4c
2019-09-24 10:04:13,983 [main] INFO  om.OzoneManager (OzoneManager.java:loadOMHAConfigs(609)) - Found matching OM address with OMServiceId: null, OMNodeId: null, RPC Address: localhost:0 and Ratis port: 9872
2019-09-24 10:04:14,679 [main] WARN  server.ServerUtils (ServerUtils.java:getDBPath(222)) - ozone.om.db.dirs is not configured. We recommend adding this setting. Falling back to ozone.metadata.dirs instead.
2019-09-24 10:04:14,686 [main] INFO  db.DBStoreBuilder (DBStoreBuilder.java:addTable(110)) - using custom profile for table: userTable
2019-09-24 10:04:14,686 [main] INFO  db.DBStoreBuilder (DBStoreBuilder.java:processTables(161)) - Using default column profile:DBProfile.DISK for Table:userTable
2019-09-24 10:04:14,686 [main] INFO  db.DBStoreBuilder (DBStoreBuilder.java:addTable(110)) - using custom profile for table: volumeTable
2019-09-24 10:04:14,687 [main] INFO  db.DBStoreBuilder (DBStoreBuilder.java:processTables(161)) - Using default column profile:DBProfile.DISK for Table:volumeTable
2019-09-24 10:04:14,687 [main] INFO  db.DBStoreBuilder (DBStoreBuilder.java:addTable(110)) - using custom profile for table: bucketTable
2019-09-24 10:04:14,687 [main] INFO  db.DBStoreBuilder (DBStoreBuilder.java:processTables(161)) - Using default column profile:DBProfile.DISK for Table:bucketTable
2019-09-24 10:04:14,687 [main] INFO  db.DBStoreBuilder (DBStoreBuilder.java:addTable(110)) - using custom profile for table: keyTable
2019-09-24 10:04:14,688 [main] INFO  db.DBStoreBuilder (DBStoreBuilder.java:processTables(161)) - Using default column profile:DBProfile.DISK for Table:keyTable
2019-09-24 10:04:14,688 [main] INFO  db.DBStoreBuilder (DBStoreBuilder.java:addTable(110)) - using custom profile for table: deletedTable
2019-09-24 10:04:14,688 [main] INFO  db.DBStoreBuilder (DBStoreBuilder.java:processTables(161)) - Using default column profile:DBProfile.DISK for Table:deletedTable
2019-09-24 10:04:14,688 [main] INFO  db.DBStoreBuilder (DBStoreBuilder.java:addTable(110)) - using custom profile for table: openKeyTable
2019-09-24 10:04:14,689 [main] INFO  db.DBStoreBuilder (DBStoreBuilder.java:processTables(161)) - Using default column profile:DBProfile.DISK for Table:openKeyTable
2019-09-24 10:04:14,689 [main] INFO  db.DBStoreBuilder (DBStoreBuilder.java:addTable(110)) - using custom profile for table: s3Table
2019-09-24 10:04:14,689 [main] INFO  db.DBStoreBuilder (DBStoreBuilder.java:processTables(161)) - Using default column profile:DBProfile.DISK for Table:s3Table
2019-09-24 10:04:14,689 [main] INFO  db.DBStoreBuilder (DBStoreBuilder.java:addTable(110)) - using custom profile for table: multipartInfoTable
2019-09-24 10:04:14,690 [main] INFO  db.DBStoreBuilder (DBStoreBuilder.java:processTables(161)) - Using default column profile:DBProfile.DISK for Table:multipartInfoTable
2019-09-24 10:04:14,690 [main] INFO  db.DBStoreBuilder (DBStoreBuilder.java:addTable(110)) - using custom profile for table: dTokenTable
2019-09-24 10:04:14,690 [main] INFO  db.DBStoreBuilder (DBStoreBuilder.java:processTables(161)) - Using default column profile:DBProfile.DISK for Table:dTokenTable
2019-09-24 10:04:14,690 [main] INFO  db.DBStoreBuilder (DBStoreBuilder.java:addTable(110)) - using custom profile for table: s3SecretTable
2019-09-24 10:04:14,691 [main] INFO  db.DBStoreBuilder (DBStoreBuilder.java:processTables(161)) - Using default column profile:DBProfile.DISK for Table:s3SecretTable
2019-09-24 10:04:14,691 [main] INFO  db.DBStoreBuilder (DBStoreBuilder.java:addTable(110)) - using custom profile for table: prefixTable
2019-09-24 10:04:14,691 [main] INFO  db.DBStoreBuilder (DBStoreBuilder.java:processTables(161)) - Using default column profile:DBProfile.DISK for Table:prefixTable
2019-09-24 10:04:14,691 [main] INFO  db.DBStoreBuilder (DBStoreBuilder.java:addTable(110)) - using custom profile for table: default
2019-09-24 10:04:14,692 [main] INFO  db.DBStoreBuilder (DBStoreBuilder.java:processTables(167)) - Using default column profile:DBProfile.DISK for Table:default
2019-09-24 10:04:14,692 [main] INFO  db.DBStoreBuilder (DBStoreBuilder.java:getDbProfile(198)) - Using default options. DBProfile.DISK
2019-09-24 10:04:15,235 [main] INFO  ipc.CallQueueManager (CallQueueManager.java:<init>(84)) - Using callQueue: class java.util.concurrent.LinkedBlockingQueue, queueCapacity: 2000, scheduler: class org.apache.hadoop.ipc.DefaultRpcScheduler, ipcBackoff: false.
2019-09-24 10:04:15,236 [Socket Reader #1 for port 44149] INFO  ipc.Server (Server.java:run(1074)) - Starting Socket Reader #1 for port 44149
2019-09-24 10:04:15,258 [main] INFO  om.OzoneManager (OzoneManager.java:start(1243)) - OzoneManager RPC server is listening at localhost/127.0.0.1:44149
2019-09-24 10:04:15,258 [main] INFO  impl.MetricsSystemImpl (MetricsSystemImpl.java:init(158)) - OzoneManager metrics system started (again)
2019-09-24 10:04:15,260 [IPC Server listener on 44149] INFO  ipc.Server (Server.java:run(1153)) - IPC Server listener on 44149: starting
2019-09-24 10:04:15,260 [IPC Server Responder] INFO  ipc.Server (Server.java:run(1314)) - IPC Server Responder: starting
2019-09-24 10:04:15,266 [main] INFO  hdfs.DFSUtil (DFSUtil.java:httpServerTemplateForNNAndJN(1641)) - Starting Web-server for ozoneManager at: http://0.0.0.0:0
2019-09-24 10:04:15,268 [main] INFO  server.AuthenticationFilter (AuthenticationFilter.java:constructSecretProvider(240)) - Unable to initialize FileSignerSecretProvider, falling back to use random secrets.
2019-09-24 10:04:15,268 [main] WARN  http.HttpRequestLog (HttpRequestLog.java:getRequestLog(97)) - Jetty request log can only be enabled using Log4j
2019-09-24 10:04:15,272 [main] INFO  http.HttpServer2 (HttpServer2.java:addGlobalFilter(975)) - Added global filter 'safety' (class=org.apache.hadoop.http.HttpServer2$QuotingInputFilter)
2019-09-24 10:04:15,273 [main] INFO  http.HttpServer2 (HttpServer2.java:addFilter(948)) - Added filter static_user_filter (class=org.apache.hadoop.http.lib.StaticUserWebFilter$StaticUserFilter) to context ozoneManager
2019-09-24 10:04:15,273 [main] INFO  http.HttpServer2 (HttpServer2.java:addFilter(958)) - Added filter static_user_filter (class=org.apache.hadoop.http.lib.StaticUserWebFilter$StaticUserFilter) to context logs
2019-09-24 10:04:15,274 [main] INFO  http.HttpServer2 (HttpServer2.java:addFilter(958)) - Added filter static_user_filter (class=org.apache.hadoop.http.lib.StaticUserWebFilter$StaticUserFilter) to context static
2019-09-24 10:04:15,276 [main] INFO  http.HttpServer2 (HttpServer2.java:bindListener(1191)) - Jetty bound to port 37850
2019-09-24 10:04:15,276 [main] INFO  server.Server (Server.java:doStart(351)) - jetty-9.3.25.v20180904, build timestamp: 2018-09-04T21:11:46Z, git hash: 3ce520221d0240229c862b122d2b06c12a625732
2019-09-24 10:04:15,278 [main] INFO  handler.ContextHandler (ContextHandler.java:doStart(781)) - Started o.e.j.s.ServletContextHandler@1542af63{/logs,file:///workdir/hadoop-ozone/integration-test/target/log,AVAILABLE}
2019-09-24 10:04:15,279 [main] INFO  handler.ContextHandler (ContextHandler.java:doStart(781)) - Started o.e.j.s.ServletContextHandler@20ed3303{/static,file:///workdir/hadoop-ozone/integration-test/target/test-classes/webapps/static,AVAILABLE}
2019-09-24 10:04:15,285 [main] INFO  handler.ContextHandler (ContextHandler.java:doStart(781)) - Started o.e.j.w.WebAppContext@319854f0{/,file:///workdir/hadoop-ozone/integration-test/target/test-classes/webapps/ozoneManager/,AVAILABLE}{/ozoneManager}
2019-09-24 10:04:15,286 [main] INFO  server.AbstractConnector (AbstractConnector.java:doStart(278)) - Started ServerConnector@748fe51d{HTTP/1.1,[http/1.1]}{0.0.0.0:37850}
2019-09-24 10:04:15,286 [main] INFO  server.Server (Server.java:doStart(419)) - Started @4468ms
2019-09-24 10:04:15,287 [main] WARN  impl.MetricsSystemImpl (MetricsSystemImpl.java:register(276)) - Sink prometheus already exists!
2019-09-24 10:04:15,288 [main] INFO  server.BaseHttpServer (BaseHttpServer.java:updateConnectorAddress(215)) - HTTP server of OZONEMANAGER is listening at http://0.0.0.0:37850
2019-09-24 10:04:15,587 [main] INFO  impl.MetricsSystemImpl (MetricsSystemImpl.java:init(158)) - HddsDatanode metrics system started (again)
2019-09-24 10:04:15,642 [main] INFO  ozone.HddsDatanodeService (HddsDatanodeService.java:start(184)) - HddsDatanodeService host:pr-hdds-2167-zx9qf-3539961911 ip:192.168.151.86
2019-09-24 10:04:15,677 [main] INFO  volume.HddsVolume (HddsVolume.java:<init>(176)) - Creating Volume: /workdir/hadoop-ozone/integration-test/target/test-dir/MiniOzoneClusterImpl-d70413e3-a1ae-4d90-b762-cca2fb58af6e/datanode-0/data/containers/hdds of  storage type : DISK and capacity : 1482555576320
2019-09-24 10:04:15,679 [main] INFO  volume.VolumeSet (VolumeSet.java:initializeVolumeSet(170)) - Added Volume : /workdir/hadoop-ozone/integration-test/target/test-dir/MiniOzoneClusterImpl-d70413e3-a1ae-4d90-b762-cca2fb58af6e/datanode-0/data/containers/hdds to VolumeSet
2019-09-24 10:04:15,682 [main] INFO  volume.ThrottledAsyncChecker (ThrottledAsyncChecker.java:schedule(139)) - Scheduling a check for org.apache.hadoop.ozone.container.common.volume.HddsVolume@69da0b12
2019-09-24 10:04:15,697 [main] INFO  volume.HddsVolumeChecker (HddsVolumeChecker.java:checkAllVolumes(202)) - Scheduled health check for volume org.apache.hadoop.ozone.container.common.volume.HddsVolume@69da0b12
2019-09-24 10:04:15,805 [main] INFO  impl.RaftServerProxy (ConfUtils.java:logGet(43)) - raft.rpc.type = GRPC (default)
2019-09-24 10:04:15,873 [main] INFO  grpc.GrpcFactory (GrpcFactory.java:checkPooledByteBufAllocatorUseCacheForAllThreads(45)) - PERFORMANCE WARNING: useCacheForAllThreads is true that may cause Netty to create a lot garbage objects and, as a result, trigger GC.
	It is recommended to disable useCacheForAllThreads by setting -Dorg.apache.ratis.thirdparty.io.netty.allocator.useCacheForAllThreads=false in command line.
2019-09-24 10:04:15,878 [main] INFO  grpc.GrpcConfigKeys$Server (ConfUtils.java:logGet(43)) - raft.grpc.server.port = 0 (default)
2019-09-24 10:04:15,879 [main] INFO  server.GrpcService (ConfUtils.java:logGet(43)) - raft.grpc.message.size.max = 33570816 (custom)
2019-09-24 10:04:15,880 [main] INFO  server.RaftServerConfigKeys (ConfUtils.java:logGet(43)) - raft.server.log.appender.buffer.byte-limit = 33554432 (custom)
2019-09-24 10:04:15,881 [main] INFO  server.GrpcService (ConfUtils.java:logGet(43)) - raft.grpc.flow.control.window = 1MB (=1048576) (default)
2019-09-24 10:04:15,882 [main] INFO  server.RaftServerConfigKeys (ConfUtils.java:logGet(43)) - raft.server.rpc.request.timeout = 3000ms (default)
2019-09-24 10:04:16,046 [main] INFO  server.RaftServerConfigKeys (ConfUtils.java:logGet(43)) - raft.server.storage.dir = [/workdir/hadoop-ozone/integration-test/target/test-dir/MiniOzoneClusterImpl-d70413e3-a1ae-4d90-b762-cca2fb58af6e/datanode-0/data/ratis] (custom)
2019-09-24 10:04:16,101 [main] INFO  hdfs.DFSUtil (DFSUtil.java:httpServerTemplateForNNAndJN(1641)) - Starting Web-server for hddsDatanode at: http://0.0.0.0:0
2019-09-24 10:04:16,105 [main] INFO  server.AuthenticationFilter (AuthenticationFilter.java:constructSecretProvider(240)) - Unable to initialize FileSignerSecretProvider, falling back to use random secrets.
2019-09-24 10:04:16,107 [main] WARN  http.HttpRequestLog (HttpRequestLog.java:getRequestLog(97)) - Jetty request log can only be enabled using Log4j
2019-09-24 10:04:16,110 [main] INFO  http.HttpServer2 (HttpServer2.java:addGlobalFilter(975)) - Added global filter 'safety' (class=org.apache.hadoop.http.HttpServer2$QuotingInputFilter)
2019-09-24 10:04:16,111 [main] INFO  http.HttpServer2 (HttpServer2.java:addFilter(948)) - Added filter static_user_filter (class=org.apache.hadoop.http.lib.StaticUserWebFilter$StaticUserFilter) to context hddsDatanode
2019-09-24 10:04:16,112 [main] INFO  http.HttpServer2 (HttpServer2.java:addFilter(958)) - Added filter static_user_filter (class=org.apache.hadoop.http.lib.StaticUserWebFilter$StaticUserFilter) to context logs
2019-09-24 10:04:16,112 [main] INFO  http.HttpServer2 (HttpServer2.java:addFilter(958)) - Added filter static_user_filter (class=org.apache.hadoop.http.lib.StaticUserWebFilter$StaticUserFilter) to context static
2019-09-24 10:04:16,115 [main] INFO  http.HttpServer2 (HttpServer2.java:bindListener(1191)) - Jetty bound to port 33368
2019-09-24 10:04:16,116 [main] INFO  server.Server (Server.java:doStart(351)) - jetty-9.3.25.v20180904, build timestamp: 2018-09-04T21:11:46Z, git hash: 3ce520221d0240229c862b122d2b06c12a625732
2019-09-24 10:04:16,119 [main] INFO  handler.ContextHandler (ContextHandler.java:doStart(781)) - Started o.e.j.s.ServletContextHandler@26dc9bd5{/logs,file:///workdir/hadoop-ozone/integration-test/target/log,AVAILABLE}
2019-09-24 10:04:16,120 [main] INFO  handler.ContextHandler (ContextHandler.java:doStart(781)) - Started o.e.j.s.ServletContextHandler@43045f9f{/static,jar:file:/home/user/.m2/repository/org/apache/hadoop/hadoop-hdds-container-service/0.5.0-SNAPSHOT/hadoop-hdds-container-service-0.5.0-SNAPSHOT.jar!/webapps/static,AVAILABLE}
2019-09-24 10:04:16,168 [main] INFO  handler.ContextHandler (ContextHandler.java:doStart(781)) - Started o.e.j.w.WebAppContext@122d6c22{/,file:///tmp/jetty-0.0.0.0-33368-hddsDatanode-_-any-5472901192268538198.dir/webapp/,AVAILABLE}{/hddsDatanode}
2019-09-24 10:04:16,170 [main] INFO  server.AbstractConnector (AbstractConnector.java:doStart(278)) - Started ServerConnector@2f5ac102{HTTP/1.1,[http/1.1]}{0.0.0.0:33368}
2019-09-24 10:04:16,171 [main] INFO  server.Server (Server.java:doStart(419)) - Started @5352ms
2019-09-24 10:04:16,173 [main] WARN  impl.MetricsSystemImpl (MetricsSystemImpl.java:register(276)) - Sink prometheus already exists!
2019-09-24 10:04:16,174 [main] INFO  server.BaseHttpServer (BaseHttpServer.java:updateConnectorAddress(215)) - HTTP server of HDDSDATANODE is listening at http://0.0.0.0:33368
2019-09-24 10:04:16,176 [main] INFO  impl.MetricsSystemImpl (MetricsSystemImpl.java:init(158)) - HddsDatanode metrics system started (again)
2019-09-24 10:04:16,180 [main] INFO  ozone.HddsDatanodeService (HddsDatanodeService.java:start(184)) - HddsDatanodeService host:pr-hdds-2167-zx9qf-3539961911 ip:192.168.151.86
2019-09-24 10:04:16,183 [org.apache.hadoop.util.JvmPauseMonitor$Monitor@793bea3e] INFO  util.JvmPauseMonitor (JvmPauseMonitor.java:run(188)) - Starting JVM pause monitor
2019-09-24 10:04:16,189 [main] INFO  volume.HddsVolume (HddsVolume.java:<init>(176)) - Creating Volume: /workdir/hadoop-ozone/integration-test/target/test-dir/MiniOzoneClusterImpl-d70413e3-a1ae-4d90-b762-cca2fb58af6e/datanode-1/data/containers/hdds of  storage type : DISK and capacity : 1482555576320
2019-09-24 10:04:16,190 [main] INFO  volume.VolumeSet (VolumeSet.java:initializeVolumeSet(170)) - Added Volume : /workdir/hadoop-ozone/integration-test/target/test-dir/MiniOzoneClusterImpl-d70413e3-a1ae-4d90-b762-cca2fb58af6e/datanode-1/data/containers/hdds to VolumeSet
2019-09-24 10:04:16,190 [main] INFO  volume.ThrottledAsyncChecker (ThrottledAsyncChecker.java:schedule(139)) - Scheduling a check for org.apache.hadoop.ozone.container.common.volume.HddsVolume@7e74a380
2019-09-24 10:04:16,191 [main] INFO  volume.HddsVolumeChecker (HddsVolumeChecker.java:checkAllVolumes(202)) - Scheduled health check for volume org.apache.hadoop.ozone.container.common.volume.HddsVolume@7e74a380
2019-09-24 10:04:16,208 [main] INFO  impl.RaftServerProxy (ConfUtils.java:logGet(43)) - raft.rpc.type = GRPC (default)
2019-09-24 10:04:16,209 [main] INFO  grpc.GrpcFactory (GrpcFactory.java:checkPooledByteBufAllocatorUseCacheForAllThreads(45)) - PERFORMANCE WARNING: useCacheForAllThreads is true that may cause Netty to create a lot garbage objects and, as a result, trigger GC.
	It is recommended to disable useCacheForAllThreads by setting -Dorg.apache.ratis.thirdparty.io.netty.allocator.useCacheForAllThreads=false in command line.
2019-09-24 10:04:16,209 [main] INFO  grpc.GrpcConfigKeys$Server (ConfUtils.java:logGet(43)) - raft.grpc.server.port = 0 (default)
2019-09-24 10:04:16,209 [main] INFO  server.GrpcService (ConfUtils.java:logGet(43)) - raft.grpc.message.size.max = 33570816 (custom)
2019-09-24 10:04:16,210 [main] INFO  server.RaftServerConfigKeys (ConfUtils.java:logGet(43)) - raft.server.log.appender.buffer.byte-limit = 33554432 (custom)
2019-09-24 10:04:16,210 [main] INFO  server.GrpcService (ConfUtils.java:logGet(43)) - raft.grpc.flow.control.window = 1MB (=1048576) (default)
2019-09-24 10:04:16,210 [main] INFO  server.RaftServerConfigKeys (ConfUtils.java:logGet(43)) - raft.server.rpc.request.timeout = 3000ms (default)
2019-09-24 10:04:16,211 [main] INFO  server.RaftServerConfigKeys (ConfUtils.java:logGet(43)) - raft.server.storage.dir = [/workdir/hadoop-ozone/integration-test/target/test-dir/MiniOzoneClusterImpl-d70413e3-a1ae-4d90-b762-cca2fb58af6e/datanode-1/data/ratis] (custom)
2019-09-24 10:04:16,213 [main] INFO  hdfs.DFSUtil (DFSUtil.java:httpServerTemplateForNNAndJN(1641)) - Starting Web-server for hddsDatanode at: http://0.0.0.0:0
2019-09-24 10:04:16,214 [main] INFO  server.AuthenticationFilter (AuthenticationFilter.java:constructSecretProvider(240)) - Unable to initialize FileSignerSecretProvider, falling back to use random secrets.
2019-09-24 10:04:16,216 [main] WARN  http.HttpRequestLog (HttpRequestLog.java:getRequestLog(97)) - Jetty request log can only be enabled using Log4j
2019-09-24 10:04:16,218 [main] INFO  http.HttpServer2 (HttpServer2.java:addGlobalFilter(975)) - Added global filter 'safety' (class=org.apache.hadoop.http.HttpServer2$QuotingInputFilter)
2019-09-24 10:04:16,219 [main] INFO  http.HttpServer2 (HttpServer2.java:addFilter(948)) - Added filter static_user_filter (class=org.apache.hadoop.http.lib.StaticUserWebFilter$StaticUserFilter) to context hddsDatanode
2019-09-24 10:04:16,220 [main] INFO  http.HttpServer2 (HttpServer2.java:addFilter(958)) - Added filter static_user_filter (class=org.apache.hadoop.http.lib.StaticUserWebFilter$StaticUserFilter) to context logs
2019-09-24 10:04:16,220 [main] INFO  http.HttpServer2 (HttpServer2.java:addFilter(958)) - Added filter static_user_filter (class=org.apache.hadoop.http.lib.StaticUserWebFilter$StaticUserFilter) to context static
2019-09-24 10:04:16,222 [main] INFO  http.HttpServer2 (HttpServer2.java:bindListener(1191)) - Jetty bound to port 44557
2019-09-24 10:04:16,222 [main] INFO  server.Server (Server.java:doStart(351)) - jetty-9.3.25.v20180904, build timestamp: 2018-09-04T21:11:46Z, git hash: 3ce520221d0240229c862b122d2b06c12a625732
2019-09-24 10:04:16,228 [main] INFO  handler.ContextHandler (ContextHandler.java:doStart(781)) - Started o.e.j.s.ServletContextHandler@2f1d0bbc{/logs,file:///workdir/hadoop-ozone/integration-test/target/log,AVAILABLE}
2019-09-24 10:04:16,229 [main] INFO  handler.ContextHandler (ContextHandler.java:doStart(781)) - Started o.e.j.s.ServletContextHandler@a9f023e{/static,jar:file:/home/user/.m2/repository/org/apache/hadoop/hadoop-hdds-container-service/0.5.0-SNAPSHOT/hadoop-hdds-container-service-0.5.0-SNAPSHOT.jar!/webapps/static,AVAILABLE}
2019-09-24 10:04:16,275 [main] INFO  handler.ContextHandler (ContextHandler.java:doStart(781)) - Started o.e.j.w.WebAppContext@a92be4f{/,file:///tmp/jetty-0.0.0.0-44557-hddsDatanode-_-any-3752896777977073262.dir/webapp/,AVAILABLE}{/hddsDatanode}
2019-09-24 10:04:16,277 [main] INFO  server.AbstractConnector (AbstractConnector.java:doStart(278)) - Started ServerConnector@53e800f9{HTTP/1.1,[http/1.1]}{0.0.0.0:44557}
2019-09-24 10:04:16,278 [main] INFO  server.Server (Server.java:doStart(419)) - Started @5460ms
2019-09-24 10:04:16,279 [main] WARN  impl.MetricsSystemImpl (MetricsSystemImpl.java:register(276)) - Sink prometheus already exists!
2019-09-24 10:04:16,280 [main] INFO  server.BaseHttpServer (BaseHttpServer.java:updateConnectorAddress(215)) - HTTP server of HDDSDATANODE is listening at http://0.0.0.0:44557
2019-09-24 10:04:16,280 [main] INFO  impl.MetricsSystemImpl (MetricsSystemImpl.java:init(158)) - HddsDatanode metrics system started (again)
2019-09-24 10:04:16,285 [org.apache.hadoop.util.JvmPauseMonitor$Monitor@4ecaca63] INFO  util.JvmPauseMonitor (JvmPauseMonitor.java:run(188)) - Starting JVM pause monitor
2019-09-24 10:04:16,286 [main] INFO  ozone.HddsDatanodeService (HddsDatanodeService.java:start(184)) - HddsDatanodeService host:pr-hdds-2167-zx9qf-3539961911 ip:192.168.151.86
2019-09-24 10:04:16,296 [main] INFO  volume.HddsVolume (HddsVolume.java:<init>(176)) - Creating Volume: /workdir/hadoop-ozone/integration-test/target/test-dir/MiniOzoneClusterImpl-d70413e3-a1ae-4d90-b762-cca2fb58af6e/datanode-2/data/containers/hdds of  storage type : DISK and capacity : 1482555576320
2019-09-24 10:04:16,297 [main] INFO  volume.VolumeSet (VolumeSet.java:initializeVolumeSet(170)) - Added Volume : /workdir/hadoop-ozone/integration-test/target/test-dir/MiniOzoneClusterImpl-d70413e3-a1ae-4d90-b762-cca2fb58af6e/datanode-2/data/containers/hdds to VolumeSet
2019-09-24 10:04:16,297 [main] INFO  volume.ThrottledAsyncChecker (ThrottledAsyncChecker.java:schedule(139)) - Scheduling a check for org.apache.hadoop.ozone.container.common.volume.HddsVolume@7fe82967
2019-09-24 10:04:16,298 [main] INFO  volume.HddsVolumeChecker (HddsVolumeChecker.java:checkAllVolumes(202)) - Scheduled health check for volume org.apache.hadoop.ozone.container.common.volume.HddsVolume@7fe82967
2019-09-24 10:04:16,316 [main] INFO  impl.RaftServerProxy (ConfUtils.java:logGet(43)) - raft.rpc.type = GRPC (default)
2019-09-24 10:04:16,317 [main] INFO  grpc.GrpcFactory (GrpcFactory.java:checkPooledByteBufAllocatorUseCacheForAllThreads(45)) - PERFORMANCE WARNING: useCacheForAllThreads is true that may cause Netty to create a lot garbage objects and, as a result, trigger GC.
	It is recommended to disable useCacheForAllThreads by setting -Dorg.apache.ratis.thirdparty.io.netty.allocator.useCacheForAllThreads=false in command line.
2019-09-24 10:04:16,317 [main] INFO  grpc.GrpcConfigKeys$Server (ConfUtils.java:logGet(43)) - raft.grpc.server.port = 0 (default)
2019-09-24 10:04:16,318 [main] INFO  server.GrpcService (ConfUtils.java:logGet(43)) - raft.grpc.message.size.max = 33570816 (custom)
2019-09-24 10:04:16,318 [main] INFO  server.RaftServerConfigKeys (ConfUtils.java:logGet(43)) - raft.server.log.appender.buffer.byte-limit = 33554432 (custom)
2019-09-24 10:04:16,318 [main] INFO  server.GrpcService (ConfUtils.java:logGet(43)) - raft.grpc.flow.control.window = 1MB (=1048576) (default)
2019-09-24 10:04:16,319 [main] INFO  server.RaftServerConfigKeys (ConfUtils.java:logGet(43)) - raft.server.rpc.request.timeout = 3000ms (default)
2019-09-24 10:04:16,320 [main] INFO  server.RaftServerConfigKeys (ConfUtils.java:logGet(43)) - raft.server.storage.dir = [/workdir/hadoop-ozone/integration-test/target/test-dir/MiniOzoneClusterImpl-d70413e3-a1ae-4d90-b762-cca2fb58af6e/datanode-2/data/ratis] (custom)
2019-09-24 10:04:16,322 [Datanode State Machine Thread - 0] INFO  datanode.InitDatanodeState (InitDatanodeState.java:persistContainerDatanodeDetails(140)) - DatanodeDetails is persisted to /workdir/hadoop-ozone/integration-test/target/test-dir/MiniOzoneClusterImpl-d70413e3-a1ae-4d90-b762-cca2fb58af6e/datanode-0/meta/datanode.id
2019-09-24 10:04:16,322 [main] INFO  hdfs.DFSUtil (DFSUtil.java:httpServerTemplateForNNAndJN(1641)) - Starting Web-server for hddsDatanode at: http://0.0.0.0:0
2019-09-24 10:04:16,327 [Datanode State Machine Thread - 0] INFO  datanode.InitDatanodeState (InitDatanodeState.java:persistContainerDatanodeDetails(140)) - DatanodeDetails is persisted to /workdir/hadoop-ozone/integration-test/target/test-dir/MiniOzoneClusterImpl-d70413e3-a1ae-4d90-b762-cca2fb58af6e/datanode-1/meta/datanode.id
2019-09-24 10:04:16,327 [main] INFO  server.AuthenticationFilter (AuthenticationFilter.java:constructSecretProvider(240)) - Unable to initialize FileSignerSecretProvider, falling back to use random secrets.
2019-09-24 10:04:16,328 [main] WARN  http.HttpRequestLog (HttpRequestLog.java:getRequestLog(97)) - Jetty request log can only be enabled using Log4j
2019-09-24 10:04:16,331 [main] INFO  http.HttpServer2 (HttpServer2.java:addGlobalFilter(975)) - Added global filter 'safety' (class=org.apache.hadoop.http.HttpServer2$QuotingInputFilter)
2019-09-24 10:04:16,332 [main] INFO  http.HttpServer2 (HttpServer2.java:addFilter(948)) - Added filter static_user_filter (class=org.apache.hadoop.http.lib.StaticUserWebFilter$StaticUserFilter) to context hddsDatanode
2019-09-24 10:04:16,332 [main] INFO  http.HttpServer2 (HttpServer2.java:addFilter(958)) - Added filter static_user_filter (class=org.apache.hadoop.http.lib.StaticUserWebFilter$StaticUserFilter) to context static
2019-09-24 10:04:16,332 [main] INFO  http.HttpServer2 (HttpServer2.java:addFilter(958)) - Added filter static_user_filter (class=org.apache.hadoop.http.lib.StaticUserWebFilter$StaticUserFilter) to context logs
2019-09-24 10:04:16,334 [main] INFO  http.HttpServer2 (HttpServer2.java:bindListener(1191)) - Jetty bound to port 35724
2019-09-24 10:04:16,334 [main] INFO  server.Server (Server.java:doStart(351)) - jetty-9.3.25.v20180904, build timestamp: 2018-09-04T21:11:46Z, git hash: 3ce520221d0240229c862b122d2b06c12a625732
2019-09-24 10:04:16,337 [main] INFO  handler.ContextHandler (ContextHandler.java:doStart(781)) - Started o.e.j.s.ServletContextHandler@4d21c56e{/logs,file:///workdir/hadoop-ozone/integration-test/target/log,AVAILABLE}
2019-09-24 10:04:16,337 [main] INFO  handler.ContextHandler (ContextHandler.java:doStart(781)) - Started o.e.j.s.ServletContextHandler@7100dea{/static,jar:file:/home/user/.m2/repository/org/apache/hadoop/hadoop-hdds-container-service/0.5.0-SNAPSHOT/hadoop-hdds-container-service-0.5.0-SNAPSHOT.jar!/webapps/static,AVAILABLE}
2019-09-24 10:04:16,366 [main] INFO  handler.ContextHandler (ContextHandler.java:doStart(781)) - Started o.e.j.w.WebAppContext@6b350309{/,file:///tmp/jetty-0.0.0.0-35724-hddsDatanode-_-any-2558441960665677125.dir/webapp/,AVAILABLE}{/hddsDatanode}
2019-09-24 10:04:16,367 [main] INFO  server.AbstractConnector (AbstractConnector.java:doStart(278)) - Started ServerConnector@7ecec90d{HTTP/1.1,[http/1.1]}{0.0.0.0:35724}
2019-09-24 10:04:16,369 [main] INFO  server.Server (Server.java:doStart(419)) - Started @5550ms
2019-09-24 10:04:16,369 [main] WARN  impl.MetricsSystemImpl (MetricsSystemImpl.java:register(276)) - Sink prometheus already exists!
2019-09-24 10:04:16,370 [main] INFO  server.BaseHttpServer (BaseHttpServer.java:updateConnectorAddress(215)) - HTTP server of HDDSDATANODE is listening at http://0.0.0.0:35724
2019-09-24 10:04:16,371 [main] INFO  impl.MetricsSystemImpl (MetricsSystemImpl.java:init(158)) - HddsDatanode metrics system started (again)
2019-09-24 10:04:16,374 [org.apache.hadoop.util.JvmPauseMonitor$Monitor@14f3f953] INFO  util.JvmPauseMonitor (JvmPauseMonitor.java:run(188)) - Starting JVM pause monitor
2019-09-24 10:04:16,376 [main] INFO  ozone.HddsDatanodeService (HddsDatanodeService.java:start(184)) - HddsDatanodeService host:pr-hdds-2167-zx9qf-3539961911 ip:192.168.151.86
2019-09-24 10:04:16,377 [Datanode State Machine Thread - 0] INFO  datanode.InitDatanodeState (InitDatanodeState.java:persistContainerDatanodeDetails(140)) - DatanodeDetails is persisted to /workdir/hadoop-ozone/integration-test/target/test-dir/MiniOzoneClusterImpl-d70413e3-a1ae-4d90-b762-cca2fb58af6e/datanode-2/meta/datanode.id
2019-09-24 10:04:16,387 [main] INFO  volume.HddsVolume (HddsVolume.java:<init>(176)) - Creating Volume: /workdir/hadoop-ozone/integration-test/target/test-dir/MiniOzoneClusterImpl-d70413e3-a1ae-4d90-b762-cca2fb58af6e/datanode-3/data/containers/hdds of  storage type : DISK and capacity : 1482555576320
2019-09-24 10:04:16,387 [main] INFO  volume.VolumeSet (VolumeSet.java:initializeVolumeSet(170)) - Added Volume : /workdir/hadoop-ozone/integration-test/target/test-dir/MiniOzoneClusterImpl-d70413e3-a1ae-4d90-b762-cca2fb58af6e/datanode-3/data/containers/hdds to VolumeSet
2019-09-24 10:04:16,388 [main] INFO  volume.ThrottledAsyncChecker (ThrottledAsyncChecker.java:schedule(139)) - Scheduling a check for org.apache.hadoop.ozone.container.common.volume.HddsVolume@5484117b
2019-09-24 10:04:16,389 [main] INFO  volume.HddsVolumeChecker (HddsVolumeChecker.java:checkAllVolumes(202)) - Scheduled health check for volume org.apache.hadoop.ozone.container.common.volume.HddsVolume@5484117b
2019-09-24 10:04:16,411 [main] INFO  impl.RaftServerProxy (ConfUtils.java:logGet(43)) - raft.rpc.type = GRPC (default)
2019-09-24 10:04:16,411 [main] INFO  grpc.GrpcFactory (GrpcFactory.java:checkPooledByteBufAllocatorUseCacheForAllThreads(45)) - PERFORMANCE WARNING: useCacheForAllThreads is true that may cause Netty to create a lot garbage objects and, as a result, trigger GC.
	It is recommended to disable useCacheForAllThreads by setting -Dorg.apache.ratis.thirdparty.io.netty.allocator.useCacheForAllThreads=false in command line.
2019-09-24 10:04:16,412 [main] INFO  grpc.GrpcConfigKeys$Server (ConfUtils.java:logGet(43)) - raft.grpc.server.port = 0 (default)
2019-09-24 10:04:16,412 [main] INFO  server.GrpcService (ConfUtils.java:logGet(43)) - raft.grpc.message.size.max = 33570816 (custom)
2019-09-24 10:04:16,412 [main] INFO  server.RaftServerConfigKeys (ConfUtils.java:logGet(43)) - raft.server.log.appender.buffer.byte-limit = 33554432 (custom)
2019-09-24 10:04:16,413 [main] INFO  server.GrpcService (ConfUtils.java:logGet(43)) - raft.grpc.flow.control.window = 1MB (=1048576) (default)
2019-09-24 10:04:16,413 [main] INFO  server.RaftServerConfigKeys (ConfUtils.java:logGet(43)) - raft.server.rpc.request.timeout = 3000ms (default)
2019-09-24 10:04:16,414 [main] INFO  server.RaftServerConfigKeys (ConfUtils.java:logGet(43)) - raft.server.storage.dir = [/workdir/hadoop-ozone/integration-test/target/test-dir/MiniOzoneClusterImpl-d70413e3-a1ae-4d90-b762-cca2fb58af6e/datanode-3/data/ratis] (custom)
2019-09-24 10:04:16,416 [main] INFO  hdfs.DFSUtil (DFSUtil.java:httpServerTemplateForNNAndJN(1641)) - Starting Web-server for hddsDatanode at: http://0.0.0.0:0
2019-09-24 10:04:16,418 [main] INFO  server.AuthenticationFilter (AuthenticationFilter.java:constructSecretProvider(240)) - Unable to initialize FileSignerSecretProvider, falling back to use random secrets.
2019-09-24 10:04:16,419 [main] WARN  http.HttpRequestLog (HttpRequestLog.java:getRequestLog(97)) - Jetty request log can only be enabled using Log4j
2019-09-24 10:04:16,421 [main] INFO  http.HttpServer2 (HttpServer2.java:addGlobalFilter(975)) - Added global filter 'safety' (class=org.apache.hadoop.http.HttpServer2$QuotingInputFilter)
2019-09-24 10:04:16,422 [main] INFO  http.HttpServer2 (HttpServer2.java:addFilter(948)) - Added filter static_user_filter (class=org.apache.hadoop.http.lib.StaticUserWebFilter$StaticUserFilter) to context hddsDatanode
2019-09-24 10:04:16,423 [main] INFO  http.HttpServer2 (HttpServer2.java:addFilter(958)) - Added filter static_user_filter (class=org.apache.hadoop.http.lib.StaticUserWebFilter$StaticUserFilter) to context logs
2019-09-24 10:04:16,423 [main] INFO  http.HttpServer2 (HttpServer2.java:addFilter(958)) - Added filter static_user_filter (class=org.apache.hadoop.http.lib.StaticUserWebFilter$StaticUserFilter) to context static
2019-09-24 10:04:16,424 [main] INFO  http.HttpServer2 (HttpServer2.java:bindListener(1191)) - Jetty bound to port 36119
2019-09-24 10:04:16,424 [main] INFO  server.Server (Server.java:doStart(351)) - jetty-9.3.25.v20180904, build timestamp: 2018-09-04T21:11:46Z, git hash: 3ce520221d0240229c862b122d2b06c12a625732
2019-09-24 10:04:16,431 [main] INFO  handler.ContextHandler (ContextHandler.java:doStart(781)) - Started o.e.j.s.ServletContextHandler@43af351a{/logs,file:///workdir/hadoop-ozone/integration-test/target/log,AVAILABLE}
2019-09-24 10:04:16,431 [main] INFO  handler.ContextHandler (ContextHandler.java:doStart(781)) - Started o.e.j.s.ServletContextHandler@72f9f27c{/static,jar:file:/home/user/.m2/repository/org/apache/hadoop/hadoop-hdds-container-service/0.5.0-SNAPSHOT/hadoop-hdds-container-service-0.5.0-SNAPSHOT.jar!/webapps/static,AVAILABLE}
2019-09-24 10:04:16,475 [main] INFO  handler.ContextHandler (ContextHandler.java:doStart(781)) - Started o.e.j.w.WebAppContext@317a118b{/,file:///tmp/jetty-0.0.0.0-36119-hddsDatanode-_-any-4054989994985939535.dir/webapp/,AVAILABLE}{/hddsDatanode}
2019-09-24 10:04:16,477 [main] INFO  server.AbstractConnector (AbstractConnector.java:doStart(278)) - Started ServerConnector@56dfab87{HTTP/1.1,[http/1.1]}{0.0.0.0:36119}
2019-09-24 10:04:16,479 [main] INFO  server.Server (Server.java:doStart(419)) - Started @5660ms
2019-09-24 10:04:16,479 [main] WARN  impl.MetricsSystemImpl (MetricsSystemImpl.java:register(276)) - Sink prometheus already exists!
2019-09-24 10:04:16,480 [main] INFO  server.BaseHttpServer (BaseHttpServer.java:updateConnectorAddress(215)) - HTTP server of HDDSDATANODE is listening at http://0.0.0.0:36119
2019-09-24 10:04:16,481 [main] INFO  impl.MetricsSystemImpl (MetricsSystemImpl.java:init(158)) - HddsDatanode metrics system started (again)
2019-09-24 10:04:16,485 [org.apache.hadoop.util.JvmPauseMonitor$Monitor@1686dde0] INFO  util.JvmPauseMonitor (JvmPauseMonitor.java:run(188)) - Starting JVM pause monitor
2019-09-24 10:04:16,486 [main] INFO  ozone.HddsDatanodeService (HddsDatanodeService.java:start(184)) - HddsDatanodeService host:pr-hdds-2167-zx9qf-3539961911 ip:192.168.151.86
2019-09-24 10:04:16,488 [Datanode State Machine Thread - 0] INFO  datanode.InitDatanodeState (InitDatanodeState.java:persistContainerDatanodeDetails(140)) - DatanodeDetails is persisted to /workdir/hadoop-ozone/integration-test/target/test-dir/MiniOzoneClusterImpl-d70413e3-a1ae-4d90-b762-cca2fb58af6e/datanode-3/meta/datanode.id
2019-09-24 10:04:16,497 [main] INFO  volume.HddsVolume (HddsVolume.java:<init>(176)) - Creating Volume: /workdir/hadoop-ozone/integration-test/target/test-dir/MiniOzoneClusterImpl-d70413e3-a1ae-4d90-b762-cca2fb58af6e/datanode-4/data/containers/hdds of  storage type : DISK and capacity : 1482555576320
2019-09-24 10:04:16,498 [main] INFO  volume.VolumeSet (VolumeSet.java:initializeVolumeSet(170)) - Added Volume : /workdir/hadoop-ozone/integration-test/target/test-dir/MiniOzoneClusterImpl-d70413e3-a1ae-4d90-b762-cca2fb58af6e/datanode-4/data/containers/hdds to VolumeSet
2019-09-24 10:04:16,498 [main] INFO  volume.ThrottledAsyncChecker (ThrottledAsyncChecker.java:schedule(139)) - Scheduling a check for org.apache.hadoop.ozone.container.common.volume.HddsVolume@242b6e1a
2019-09-24 10:04:16,499 [main] INFO  volume.HddsVolumeChecker (HddsVolumeChecker.java:checkAllVolumes(202)) - Scheduled health check for volume org.apache.hadoop.ozone.container.common.volume.HddsVolume@242b6e1a
2019-09-24 10:04:16,519 [main] INFO  impl.RaftServerProxy (ConfUtils.java:logGet(43)) - raft.rpc.type = GRPC (default)
2019-09-24 10:04:16,520 [main] INFO  grpc.GrpcFactory (GrpcFactory.java:checkPooledByteBufAllocatorUseCacheForAllThreads(45)) - PERFORMANCE WARNING: useCacheForAllThreads is true that may cause Netty to create a lot garbage objects and, as a result, trigger GC.
	It is recommended to disable useCacheForAllThreads by setting -Dorg.apache.ratis.thirdparty.io.netty.allocator.useCacheForAllThreads=false in command line.
2019-09-24 10:04:16,520 [main] INFO  grpc.GrpcConfigKeys$Server (ConfUtils.java:logGet(43)) - raft.grpc.server.port = 0 (default)
2019-09-24 10:04:16,520 [main] INFO  server.GrpcService (ConfUtils.java:logGet(43)) - raft.grpc.message.size.max = 33570816 (custom)
2019-09-24 10:04:16,521 [main] INFO  server.RaftServerConfigKeys (ConfUtils.java:logGet(43)) - raft.server.log.appender.buffer.byte-limit = 33554432 (custom)
2019-09-24 10:04:16,521 [main] INFO  server.GrpcService (ConfUtils.java:logGet(43)) - raft.grpc.flow.control.window = 1MB (=1048576) (default)
2019-09-24 10:04:16,521 [main] INFO  server.RaftServerConfigKeys (ConfUtils.java:logGet(43)) - raft.server.rpc.request.timeout = 3000ms (default)
2019-09-24 10:04:16,522 [main] INFO  server.RaftServerConfigKeys (ConfUtils.java:logGet(43)) - raft.server.storage.dir = [/workdir/hadoop-ozone/integration-test/target/test-dir/MiniOzoneClusterImpl-d70413e3-a1ae-4d90-b762-cca2fb58af6e/datanode-4/data/ratis] (custom)
2019-09-24 10:04:16,525 [main] INFO  hdfs.DFSUtil (DFSUtil.java:httpServerTemplateForNNAndJN(1641)) - Starting Web-server for hddsDatanode at: http://0.0.0.0:0
2019-09-24 10:04:16,527 [main] INFO  server.AuthenticationFilter (AuthenticationFilter.java:constructSecretProvider(240)) - Unable to initialize FileSignerSecretProvider, falling back to use random secrets.
2019-09-24 10:04:16,527 [main] WARN  http.HttpRequestLog (HttpRequestLog.java:getRequestLog(97)) - Jetty request log can only be enabled using Log4j
2019-09-24 10:04:16,529 [main] INFO  http.HttpServer2 (HttpServer2.java:addGlobalFilter(975)) - Added global filter 'safety' (class=org.apache.hadoop.http.HttpServer2$QuotingInputFilter)
2019-09-24 10:04:16,530 [main] INFO  http.HttpServer2 (HttpServer2.java:addFilter(948)) - Added filter static_user_filter (class=org.apache.hadoop.http.lib.StaticUserWebFilter$StaticUserFilter) to context hddsDatanode
2019-09-24 10:04:16,530 [main] INFO  http.HttpServer2 (HttpServer2.java:addFilter(958)) - Added filter static_user_filter (class=org.apache.hadoop.http.lib.StaticUserWebFilter$StaticUserFilter) to context logs
2019-09-24 10:04:16,531 [main] INFO  http.HttpServer2 (HttpServer2.java:addFilter(958)) - Added filter static_user_filter (class=org.apache.hadoop.http.lib.StaticUserWebFilter$StaticUserFilter) to context static
2019-09-24 10:04:16,532 [main] INFO  http.HttpServer2 (HttpServer2.java:bindListener(1191)) - Jetty bound to port 39689
2019-09-24 10:04:16,532 [main] INFO  server.Server (Server.java:doStart(351)) - jetty-9.3.25.v20180904, build timestamp: 2018-09-04T21:11:46Z, git hash: 3ce520221d0240229c862b122d2b06c12a625732
2019-09-24 10:04:16,537 [main] INFO  handler.ContextHandler (ContextHandler.java:doStart(781)) - Started o.e.j.s.ServletContextHandler@2cae9b8{/logs,file:///workdir/hadoop-ozone/integration-test/target/log,AVAILABLE}
2019-09-24 10:04:16,538 [main] INFO  handler.ContextHandler (ContextHandler.java:doStart(781)) - Started o.e.j.s.ServletContextHandler@6f94fb9d{/static,jar:file:/home/user/.m2/repository/org/apache/hadoop/hadoop-hdds-container-service/0.5.0-SNAPSHOT/hadoop-hdds-container-service-0.5.0-SNAPSHOT.jar!/webapps/static,AVAILABLE}
2019-09-24 10:04:16,567 [main] INFO  handler.ContextHandler (ContextHandler.java:doStart(781)) - Started o.e.j.w.WebAppContext@142213d5{/,file:///tmp/jetty-0.0.0.0-39689-hddsDatanode-_-any-7878742699648884094.dir/webapp/,AVAILABLE}{/hddsDatanode}
2019-09-24 10:04:16,569 [main] INFO  server.AbstractConnector (AbstractConnector.java:doStart(278)) - Started ServerConnector@934b52f{HTTP/1.1,[http/1.1]}{0.0.0.0:39689}
2019-09-24 10:04:16,570 [main] INFO  server.Server (Server.java:doStart(419)) - Started @5751ms
2019-09-24 10:04:16,570 [main] WARN  impl.MetricsSystemImpl (MetricsSystemImpl.java:register(276)) - Sink prometheus already exists!
2019-09-24 10:04:16,571 [main] INFO  server.BaseHttpServer (BaseHttpServer.java:updateConnectorAddress(215)) - HTTP server of HDDSDATANODE is listening at http://0.0.0.0:39689
2019-09-24 10:04:16,572 [main] INFO  impl.MetricsSystemImpl (MetricsSystemImpl.java:init(158)) - HddsDatanode metrics system started (again)
2019-09-24 10:04:16,576 [org.apache.hadoop.util.JvmPauseMonitor$Monitor@49d92aec] INFO  util.JvmPauseMonitor (JvmPauseMonitor.java:run(188)) - Starting JVM pause monitor
2019-09-24 10:04:16,579 [main] INFO  ozone.HddsDatanodeService (HddsDatanodeService.java:start(184)) - HddsDatanodeService host:pr-hdds-2167-zx9qf-3539961911 ip:192.168.151.86
2019-09-24 10:04:16,580 [Datanode State Machine Thread - 0] INFO  datanode.InitDatanodeState (InitDatanodeState.java:persistContainerDatanodeDetails(140)) - DatanodeDetails is persisted to /workdir/hadoop-ozone/integration-test/target/test-dir/MiniOzoneClusterImpl-d70413e3-a1ae-4d90-b762-cca2fb58af6e/datanode-4/meta/datanode.id
2019-09-24 10:04:16,588 [main] INFO  volume.HddsVolume (HddsVolume.java:<init>(176)) - Creating Volume: /workdir/hadoop-ozone/integration-test/target/test-dir/MiniOzoneClusterImpl-d70413e3-a1ae-4d90-b762-cca2fb58af6e/datanode-5/data/containers/hdds of  storage type : DISK and capacity : 1482555576320
2019-09-24 10:04:16,589 [main] INFO  volume.VolumeSet (VolumeSet.java:initializeVolumeSet(170)) - Added Volume : /workdir/hadoop-ozone/integration-test/target/test-dir/MiniOzoneClusterImpl-d70413e3-a1ae-4d90-b762-cca2fb58af6e/datanode-5/data/containers/hdds to VolumeSet
2019-09-24 10:04:16,589 [main] INFO  volume.ThrottledAsyncChecker (ThrottledAsyncChecker.java:schedule(139)) - Scheduling a check for org.apache.hadoop.ozone.container.common.volume.HddsVolume@2f5b8250
2019-09-24 10:04:16,590 [main] INFO  volume.HddsVolumeChecker (HddsVolumeChecker.java:checkAllVolumes(202)) - Scheduled health check for volume org.apache.hadoop.ozone.container.common.volume.HddsVolume@2f5b8250
2019-09-24 10:04:16,609 [main] INFO  impl.RaftServerProxy (ConfUtils.java:logGet(43)) - raft.rpc.type = GRPC (default)
2019-09-24 10:04:16,609 [main] INFO  grpc.GrpcFactory (GrpcFactory.java:checkPooledByteBufAllocatorUseCacheForAllThreads(45)) - PERFORMANCE WARNING: useCacheForAllThreads is true that may cause Netty to create a lot garbage objects and, as a result, trigger GC.
	It is recommended to disable useCacheForAllThreads by setting -Dorg.apache.ratis.thirdparty.io.netty.allocator.useCacheForAllThreads=false in command line.
2019-09-24 10:04:16,610 [main] INFO  grpc.GrpcConfigKeys$Server (ConfUtils.java:logGet(43)) - raft.grpc.server.port = 0 (default)
2019-09-24 10:04:16,610 [main] INFO  server.GrpcService (ConfUtils.java:logGet(43)) - raft.grpc.message.size.max = 33570816 (custom)
2019-09-24 10:04:16,610 [main] INFO  server.RaftServerConfigKeys (ConfUtils.java:logGet(43)) - raft.server.log.appender.buffer.byte-limit = 33554432 (custom)
2019-09-24 10:04:16,610 [main] INFO  server.GrpcService (ConfUtils.java:logGet(43)) - raft.grpc.flow.control.window = 1MB (=1048576) (default)
2019-09-24 10:04:16,611 [main] INFO  server.RaftServerConfigKeys (ConfUtils.java:logGet(43)) - raft.server.rpc.request.timeout = 3000ms (default)
2019-09-24 10:04:16,611 [main] INFO  server.RaftServerConfigKeys (ConfUtils.java:logGet(43)) - raft.server.storage.dir = [/workdir/hadoop-ozone/integration-test/target/test-dir/MiniOzoneClusterImpl-d70413e3-a1ae-4d90-b762-cca2fb58af6e/datanode-5/data/ratis] (custom)
2019-09-24 10:04:16,613 [main] INFO  hdfs.DFSUtil (DFSUtil.java:httpServerTemplateForNNAndJN(1641)) - Starting Web-server for hddsDatanode at: http://0.0.0.0:0
2019-09-24 10:04:16,615 [main] INFO  server.AuthenticationFilter (AuthenticationFilter.java:constructSecretProvider(240)) - Unable to initialize FileSignerSecretProvider, falling back to use random secrets.
2019-09-24 10:04:16,615 [main] WARN  http.HttpRequestLog (HttpRequestLog.java:getRequestLog(97)) - Jetty request log can only be enabled using Log4j
2019-09-24 10:04:16,617 [main] INFO  http.HttpServer2 (HttpServer2.java:addGlobalFilter(975)) - Added global filter 'safety' (class=org.apache.hadoop.http.HttpServer2$QuotingInputFilter)
2019-09-24 10:04:16,617 [main] INFO  http.HttpServer2 (HttpServer2.java:addFilter(948)) - Added filter static_user_filter (class=org.apache.hadoop.http.lib.StaticUserWebFilter$StaticUserFilter) to context hddsDatanode
2019-09-24 10:04:16,618 [main] INFO  http.HttpServer2 (HttpServer2.java:addFilter(958)) - Added filter static_user_filter (class=org.apache.hadoop.http.lib.StaticUserWebFilter$StaticUserFilter) to context logs
2019-09-24 10:04:16,618 [main] INFO  http.HttpServer2 (HttpServer2.java:addFilter(958)) - Added filter static_user_filter (class=org.apache.hadoop.http.lib.StaticUserWebFilter$StaticUserFilter) to context static
2019-09-24 10:04:16,619 [main] INFO  http.HttpServer2 (HttpServer2.java:bindListener(1191)) - Jetty bound to port 37297
2019-09-24 10:04:16,619 [main] INFO  server.Server (Server.java:doStart(351)) - jetty-9.3.25.v20180904, build timestamp: 2018-09-04T21:11:46Z, git hash: 3ce520221d0240229c862b122d2b06c12a625732
2019-09-24 10:04:16,621 [main] INFO  handler.ContextHandler (ContextHandler.java:doStart(781)) - Started o.e.j.s.ServletContextHandler@31ddb930{/logs,file:///workdir/hadoop-ozone/integration-test/target/log,AVAILABLE}
2019-09-24 10:04:16,622 [main] INFO  handler.ContextHandler (ContextHandler.java:doStart(781)) - Started o.e.j.s.ServletContextHandler@3c3c4a71{/static,jar:file:/home/user/.m2/repository/org/apache/hadoop/hadoop-hdds-container-service/0.5.0-SNAPSHOT/hadoop-hdds-container-service-0.5.0-SNAPSHOT.jar!/webapps/static,AVAILABLE}
2019-09-24 10:04:16,655 [main] INFO  handler.ContextHandler (ContextHandler.java:doStart(781)) - Started o.e.j.w.WebAppContext@10f7918f{/,file:///tmp/jetty-0.0.0.0-37297-hddsDatanode-_-any-4168383660726307842.dir/webapp/,AVAILABLE}{/hddsDatanode}
2019-09-24 10:04:16,656 [main] INFO  server.AbstractConnector (AbstractConnector.java:doStart(278)) - Started ServerConnector@64d4f7c7{HTTP/1.1,[http/1.1]}{0.0.0.0:37297}
2019-09-24 10:04:16,657 [main] INFO  server.Server (Server.java:doStart(419)) - Started @5838ms
2019-09-24 10:04:16,657 [main] WARN  impl.MetricsSystemImpl (MetricsSystemImpl.java:register(276)) - Sink prometheus already exists!
2019-09-24 10:04:16,658 [main] INFO  server.BaseHttpServer (BaseHttpServer.java:updateConnectorAddress(215)) - HTTP server of HDDSDATANODE is listening at http://0.0.0.0:37297
2019-09-24 10:04:16,658 [main] INFO  impl.MetricsSystemImpl (MetricsSystemImpl.java:init(158)) - HddsDatanode metrics system started (again)
2019-09-24 10:04:16,661 [org.apache.hadoop.util.JvmPauseMonitor$Monitor@223966ff] INFO  util.JvmPauseMonitor (JvmPauseMonitor.java:run(188)) - Starting JVM pause monitor
2019-09-24 10:04:16,665 [main] INFO  ozone.HddsDatanodeService (HddsDatanodeService.java:start(184)) - HddsDatanodeService host:pr-hdds-2167-zx9qf-3539961911 ip:192.168.151.86
2019-09-24 10:04:16,665 [Datanode State Machine Thread - 0] INFO  datanode.InitDatanodeState (InitDatanodeState.java:persistContainerDatanodeDetails(140)) - DatanodeDetails is persisted to /workdir/hadoop-ozone/integration-test/target/test-dir/MiniOzoneClusterImpl-d70413e3-a1ae-4d90-b762-cca2fb58af6e/datanode-5/meta/datanode.id
2019-09-24 10:04:16,674 [main] INFO  volume.HddsVolume (HddsVolume.java:<init>(176)) - Creating Volume: /workdir/hadoop-ozone/integration-test/target/test-dir/MiniOzoneClusterImpl-d70413e3-a1ae-4d90-b762-cca2fb58af6e/datanode-6/data/containers/hdds of  storage type : DISK and capacity : 1482555576320
2019-09-24 10:04:16,674 [main] INFO  volume.VolumeSet (VolumeSet.java:initializeVolumeSet(170)) - Added Volume : /workdir/hadoop-ozone/integration-test/target/test-dir/MiniOzoneClusterImpl-d70413e3-a1ae-4d90-b762-cca2fb58af6e/datanode-6/data/containers/hdds to VolumeSet
2019-09-24 10:04:16,675 [main] INFO  volume.ThrottledAsyncChecker (ThrottledAsyncChecker.java:schedule(139)) - Scheduling a check for org.apache.hadoop.ozone.container.common.volume.HddsVolume@524270b8
2019-09-24 10:04:16,675 [main] INFO  volume.HddsVolumeChecker (HddsVolumeChecker.java:checkAllVolumes(202)) - Scheduled health check for volume org.apache.hadoop.ozone.container.common.volume.HddsVolume@524270b8
2019-09-24 10:04:16,695 [main] INFO  impl.RaftServerProxy (ConfUtils.java:logGet(43)) - raft.rpc.type = GRPC (default)
2019-09-24 10:04:16,696 [main] INFO  grpc.GrpcFactory (GrpcFactory.java:checkPooledByteBufAllocatorUseCacheForAllThreads(45)) - PERFORMANCE WARNING: useCacheForAllThreads is true that may cause Netty to create a lot garbage objects and, as a result, trigger GC.
	It is recommended to disable useCacheForAllThreads by setting -Dorg.apache.ratis.thirdparty.io.netty.allocator.useCacheForAllThreads=false in command line.
2019-09-24 10:04:16,696 [main] INFO  grpc.GrpcConfigKeys$Server (ConfUtils.java:logGet(43)) - raft.grpc.server.port = 0 (default)
2019-09-24 10:04:16,696 [main] INFO  server.GrpcService (ConfUtils.java:logGet(43)) - raft.grpc.message.size.max = 33570816 (custom)
2019-09-24 10:04:16,697 [main] INFO  server.RaftServerConfigKeys (ConfUtils.java:logGet(43)) - raft.server.log.appender.buffer.byte-limit = 33554432 (custom)
2019-09-24 10:04:16,697 [main] INFO  server.GrpcService (ConfUtils.java:logGet(43)) - raft.grpc.flow.control.window = 1MB (=1048576) (default)
2019-09-24 10:04:16,697 [main] INFO  server.RaftServerConfigKeys (ConfUtils.java:logGet(43)) - raft.server.rpc.request.timeout = 3000ms (default)
2019-09-24 10:04:16,698 [main] INFO  server.RaftServerConfigKeys (ConfUtils.java:logGet(43)) - raft.server.storage.dir = [/workdir/hadoop-ozone/integration-test/target/test-dir/MiniOzoneClusterImpl-d70413e3-a1ae-4d90-b762-cca2fb58af6e/datanode-6/data/ratis] (custom)
2019-09-24 10:04:16,700 [main] INFO  hdfs.DFSUtil (DFSUtil.java:httpServerTemplateForNNAndJN(1641)) - Starting Web-server for hddsDatanode at: http://0.0.0.0:0
2019-09-24 10:04:16,703 [main] INFO  server.AuthenticationFilter (AuthenticationFilter.java:constructSecretProvider(240)) - Unable to initialize FileSignerSecretProvider, falling back to use random secrets.
2019-09-24 10:04:16,703 [main] WARN  http.HttpRequestLog (HttpRequestLog.java:getRequestLog(97)) - Jetty request log can only be enabled using Log4j
2019-09-24 10:04:16,705 [main] INFO  http.HttpServer2 (HttpServer2.java:addGlobalFilter(975)) - Added global filter 'safety' (class=org.apache.hadoop.http.HttpServer2$QuotingInputFilter)
2019-09-24 10:04:16,706 [main] INFO  http.HttpServer2 (HttpServer2.java:addFilter(948)) - Added filter static_user_filter (class=org.apache.hadoop.http.lib.StaticUserWebFilter$StaticUserFilter) to context hddsDatanode
2019-09-24 10:04:16,706 [main] INFO  http.HttpServer2 (HttpServer2.java:addFilter(958)) - Added filter static_user_filter (class=org.apache.hadoop.http.lib.StaticUserWebFilter$StaticUserFilter) to context static
2019-09-24 10:04:16,706 [main] INFO  http.HttpServer2 (HttpServer2.java:addFilter(958)) - Added filter static_user_filter (class=org.apache.hadoop.http.lib.StaticUserWebFilter$StaticUserFilter) to context logs
2019-09-24 10:04:16,707 [main] INFO  http.HttpServer2 (HttpServer2.java:bindListener(1191)) - Jetty bound to port 33775
2019-09-24 10:04:16,707 [main] INFO  server.Server (Server.java:doStart(351)) - jetty-9.3.25.v20180904, build timestamp: 2018-09-04T21:11:46Z, git hash: 3ce520221d0240229c862b122d2b06c12a625732
2019-09-24 10:04:16,709 [main] INFO  handler.ContextHandler (ContextHandler.java:doStart(781)) - Started o.e.j.s.ServletContextHandler@66b59b7d{/logs,file:///workdir/hadoop-ozone/integration-test/target/log,AVAILABLE}
2019-09-24 10:04:16,709 [main] INFO  handler.ContextHandler (ContextHandler.java:doStart(781)) - Started o.e.j.s.ServletContextHandler@4437ac07{/static,jar:file:/home/user/.m2/repository/org/apache/hadoop/hadoop-hdds-container-service/0.5.0-SNAPSHOT/hadoop-hdds-container-service-0.5.0-SNAPSHOT.jar!/webapps/static,AVAILABLE}
2019-09-24 10:04:16,739 [main] INFO  handler.ContextHandler (ContextHandler.java:doStart(781)) - Started o.e.j.w.WebAppContext@648d0e6d{/,file:///tmp/jetty-0.0.0.0-33775-hddsDatanode-_-any-8475309726722738793.dir/webapp/,AVAILABLE}{/hddsDatanode}
2019-09-24 10:04:16,740 [main] INFO  server.AbstractConnector (AbstractConnector.java:doStart(278)) - Started ServerConnector@79e66b2f{HTTP/1.1,[http/1.1]}{0.0.0.0:33775}
2019-09-24 10:04:16,740 [main] INFO  server.Server (Server.java:doStart(419)) - Started @5922ms
2019-09-24 10:04:16,740 [main] WARN  impl.MetricsSystemImpl (MetricsSystemImpl.java:register(276)) - Sink prometheus already exists!
2019-09-24 10:04:16,741 [main] INFO  server.BaseHttpServer (BaseHttpServer.java:updateConnectorAddress(215)) - HTTP server of HDDSDATANODE is listening at http://0.0.0.0:33775
2019-09-24 10:04:16,744 [org.apache.hadoop.util.JvmPauseMonitor$Monitor@3c971250] INFO  util.JvmPauseMonitor (JvmPauseMonitor.java:run(188)) - Starting JVM pause monitor
2019-09-24 10:04:16,745 [main] INFO  ozone.MiniOzoneClusterImpl (MiniOzoneClusterImpl.java:lambda$waitForClusterToBeReady$0(147)) - Waiting for cluster to be ready. Got 0 of 7 DN Heartbeats.
2019-09-24 10:04:16,747 [Datanode State Machine Thread - 0] INFO  datanode.InitDatanodeState (InitDatanodeState.java:persistContainerDatanodeDetails(140)) - DatanodeDetails is persisted to /workdir/hadoop-ozone/integration-test/target/test-dir/MiniOzoneClusterImpl-d70413e3-a1ae-4d90-b762-cca2fb58af6e/datanode-6/meta/datanode.id
2019-09-24 10:04:17,745 [main] INFO  ozone.MiniOzoneClusterImpl (MiniOzoneClusterImpl.java:lambda$waitForClusterToBeReady$0(147)) - Waiting for cluster to be ready. Got 0 of 7 DN Heartbeats.
2019-09-24 10:04:18,745 [main] INFO  ozone.MiniOzoneClusterImpl (MiniOzoneClusterImpl.java:lambda$waitForClusterToBeReady$0(147)) - Waiting for cluster to be ready. Got 0 of 7 DN Heartbeats.
2019-09-24 10:04:19,746 [main] INFO  ozone.MiniOzoneClusterImpl (MiniOzoneClusterImpl.java:lambda$waitForClusterToBeReady$0(147)) - Waiting for cluster to be ready. Got 0 of 7 DN Heartbeats.
2019-09-24 10:04:19,855 [Datanode State Machine Thread - 0] INFO  ozoneimpl.OzoneContainer (OzoneContainer.java:start(217)) - Attempting to start container services.
2019-09-24 10:04:19,855 [Datanode State Machine Thread - 0] INFO  ozoneimpl.OzoneContainer (OzoneContainer.java:start(217)) - Attempting to start container services.
2019-09-24 10:04:19,855 [Datanode State Machine Thread - 0] INFO  ozoneimpl.OzoneContainer (OzoneContainer.java:start(217)) - Attempting to start container services.
2019-09-24 10:04:19,855 [Datanode State Machine Thread - 0] INFO  ozoneimpl.OzoneContainer (OzoneContainer.java:start(217)) - Attempting to start container services.
2019-09-24 10:04:19,855 [Datanode State Machine Thread - 0] INFO  ozoneimpl.OzoneContainer (OzoneContainer.java:start(217)) - Attempting to start container services.
2019-09-24 10:04:19,855 [Datanode State Machine Thread - 0] INFO  ozoneimpl.OzoneContainer (OzoneContainer.java:start(217)) - Attempting to start container services.
2019-09-24 10:04:19,855 [Datanode State Machine Thread - 0] INFO  ozoneimpl.OzoneContainer (OzoneContainer.java:start(217)) - Attempting to start container services.
2019-09-24 10:04:19,866 [Datanode State Machine Thread - 0] INFO  ozoneimpl.OzoneContainer (OzoneContainer.java:startContainerScrub(179)) - Background container scanner has been disabled.
2019-09-24 10:04:19,867 [Datanode State Machine Thread - 0] INFO  ozoneimpl.OzoneContainer (OzoneContainer.java:startContainerScrub(179)) - Background container scanner has been disabled.
2019-09-24 10:04:19,867 [Datanode State Machine Thread - 0] INFO  ozoneimpl.OzoneContainer (OzoneContainer.java:startContainerScrub(179)) - Background container scanner has been disabled.
2019-09-24 10:04:19,867 [Datanode State Machine Thread - 0] INFO  ratis.XceiverServerRatis (XceiverServerRatis.java:start(411)) - Starting XceiverServerRatis ac166eba-0491-4751-a0f9-d2aec0fce4ec at port 0
2019-09-24 10:04:19,867 [Datanode State Machine Thread - 0] INFO  ozoneimpl.OzoneContainer (OzoneContainer.java:startContainerScrub(179)) - Background container scanner has been disabled.
2019-09-24 10:04:19,867 [Datanode State Machine Thread - 0] INFO  ozoneimpl.OzoneContainer (OzoneContainer.java:startContainerScrub(179)) - Background container scanner has been disabled.
2019-09-24 10:04:19,867 [Datanode State Machine Thread - 0] INFO  ozoneimpl.OzoneContainer (OzoneContainer.java:startContainerScrub(179)) - Background container scanner has been disabled.
2019-09-24 10:04:19,867 [Datanode State Machine Thread - 0] INFO  ratis.XceiverServerRatis (XceiverServerRatis.java:start(411)) - Starting XceiverServerRatis 73f5925b-aae6-4cfe-b968-198325afa02f at port 0
2019-09-24 10:04:19,867 [Datanode State Machine Thread - 0] INFO  ozoneimpl.OzoneContainer (OzoneContainer.java:startContainerScrub(179)) - Background container scanner has been disabled.
2019-09-24 10:04:19,869 [Datanode State Machine Thread - 0] INFO  ratis.XceiverServerRatis (XceiverServerRatis.java:start(411)) - Starting XceiverServerRatis 6466b95d-6b72-4d21-84c8-24cbcbf62e03 at port 0
2019-09-24 10:04:19,869 [Datanode State Machine Thread - 0] INFO  ratis.XceiverServerRatis (XceiverServerRatis.java:start(411)) - Starting XceiverServerRatis 173df53c-8dc6-4b11-a763-b64e2e347262 at port 0
2019-09-24 10:04:19,869 [Datanode State Machine Thread - 0] INFO  ratis.XceiverServerRatis (XceiverServerRatis.java:start(411)) - Starting XceiverServerRatis c7ed17ba-dd2e-4d16-a999-1242f7359890 at port 0
2019-09-24 10:04:19,868 [Datanode State Machine Thread - 0] INFO  ratis.XceiverServerRatis (XceiverServerRatis.java:start(411)) - Starting XceiverServerRatis e624d7f2-a550-4cbc-b004-265b2259dace at port 0
2019-09-24 10:04:19,870 [Datanode State Machine Thread - 0] INFO  ratis.XceiverServerRatis (XceiverServerRatis.java:start(411)) - Starting XceiverServerRatis 9fbd6b61-d2a0-4662-aa0c-aa486ff00031 at port 0
2019-09-24 10:04:19,948 [Datanode State Machine Thread - 0] INFO  impl.RaftServerProxy (RaftServerProxy.java:lambda$start$3(299)) - 6466b95d-6b72-4d21-84c8-24cbcbf62e03: start RPC server
2019-09-24 10:04:19,950 [Datanode State Machine Thread - 0] INFO  impl.RaftServerProxy (RaftServerProxy.java:lambda$start$3(299)) - c7ed17ba-dd2e-4d16-a999-1242f7359890: start RPC server
2019-09-24 10:04:19,950 [Datanode State Machine Thread - 0] INFO  impl.RaftServerProxy (RaftServerProxy.java:lambda$start$3(299)) - ac166eba-0491-4751-a0f9-d2aec0fce4ec: start RPC server
2019-09-24 10:04:19,950 [Datanode State Machine Thread - 0] INFO  impl.RaftServerProxy (RaftServerProxy.java:lambda$start$3(299)) - 173df53c-8dc6-4b11-a763-b64e2e347262: start RPC server
2019-09-24 10:04:19,950 [Datanode State Machine Thread - 0] INFO  impl.RaftServerProxy (RaftServerProxy.java:lambda$start$3(299)) - 9fbd6b61-d2a0-4662-aa0c-aa486ff00031: start RPC server
2019-09-24 10:04:19,950 [Datanode State Machine Thread - 0] INFO  impl.RaftServerProxy (RaftServerProxy.java:lambda$start$3(299)) - 73f5925b-aae6-4cfe-b968-198325afa02f: start RPC server
2019-09-24 10:04:19,950 [Datanode State Machine Thread - 0] INFO  impl.RaftServerProxy (RaftServerProxy.java:lambda$start$3(299)) - e624d7f2-a550-4cbc-b004-265b2259dace: start RPC server
2019-09-24 10:04:20,109 [Datanode State Machine Thread - 0] INFO  server.GrpcService (GrpcService.java:startImpl(158)) - 6466b95d-6b72-4d21-84c8-24cbcbf62e03: GrpcService started, listening on 0.0.0.0/0.0.0.0:42626
2019-09-24 10:04:20,109 [Datanode State Machine Thread - 0] INFO  server.GrpcService (GrpcService.java:startImpl(158)) - e624d7f2-a550-4cbc-b004-265b2259dace: GrpcService started, listening on 0.0.0.0/0.0.0.0:39586
2019-09-24 10:04:20,109 [Datanode State Machine Thread - 0] INFO  server.GrpcService (GrpcService.java:startImpl(158)) - 9fbd6b61-d2a0-4662-aa0c-aa486ff00031: GrpcService started, listening on 0.0.0.0/0.0.0.0:45499
2019-09-24 10:04:20,109 [Datanode State Machine Thread - 0] INFO  server.GrpcService (GrpcService.java:startImpl(158)) - c7ed17ba-dd2e-4d16-a999-1242f7359890: GrpcService started, listening on 0.0.0.0/0.0.0.0:39246
2019-09-24 10:04:20,109 [Datanode State Machine Thread - 0] INFO  server.GrpcService (GrpcService.java:startImpl(158)) - 73f5925b-aae6-4cfe-b968-198325afa02f: GrpcService started, listening on 0.0.0.0/0.0.0.0:43477
2019-09-24 10:04:20,109 [Datanode State Machine Thread - 0] INFO  server.GrpcService (GrpcService.java:startImpl(158)) - ac166eba-0491-4751-a0f9-d2aec0fce4ec: GrpcService started, listening on 0.0.0.0/0.0.0.0:34380
2019-09-24 10:04:20,109 [Datanode State Machine Thread - 0] INFO  server.GrpcService (GrpcService.java:startImpl(158)) - 173df53c-8dc6-4b11-a763-b64e2e347262: GrpcService started, listening on 0.0.0.0/0.0.0.0:46014
2019-09-24 10:04:20,112 [Datanode State Machine Thread - 0] INFO  ratis.XceiverServerRatis (XceiverServerRatis.java:start(421)) - XceiverServerRatis ac166eba-0491-4751-a0f9-d2aec0fce4ec is started using port 34380
2019-09-24 10:04:20,112 [Datanode State Machine Thread - 0] INFO  ratis.XceiverServerRatis (XceiverServerRatis.java:start(421)) - XceiverServerRatis 73f5925b-aae6-4cfe-b968-198325afa02f is started using port 43477
2019-09-24 10:04:20,112 [Datanode State Machine Thread - 0] INFO  ratis.XceiverServerRatis (XceiverServerRatis.java:start(421)) - XceiverServerRatis c7ed17ba-dd2e-4d16-a999-1242f7359890 is started using port 39246
2019-09-24 10:04:20,112 [Datanode State Machine Thread - 0] INFO  ratis.XceiverServerRatis (XceiverServerRatis.java:start(421)) - XceiverServerRatis 9fbd6b61-d2a0-4662-aa0c-aa486ff00031 is started using port 45499
2019-09-24 10:04:20,112 [Datanode State Machine Thread - 0] INFO  ratis.XceiverServerRatis (XceiverServerRatis.java:start(421)) - XceiverServerRatis e624d7f2-a550-4cbc-b004-265b2259dace is started using port 39586
2019-09-24 10:04:20,112 [Datanode State Machine Thread - 0] INFO  ratis.XceiverServerRatis (XceiverServerRatis.java:start(421)) - XceiverServerRatis 6466b95d-6b72-4d21-84c8-24cbcbf62e03 is started using port 42626
2019-09-24 10:04:20,113 [Datanode State Machine Thread - 0] INFO  ratis.XceiverServerRatis (XceiverServerRatis.java:start(421)) - XceiverServerRatis 173df53c-8dc6-4b11-a763-b64e2e347262 is started using port 46014
2019-09-24 10:04:20,129 [Datanode State Machine Thread - 0] INFO  server.XceiverServerGrpc (XceiverServerGrpc.java:start(149)) - XceiverServerGrpc ac166eba-0491-4751-a0f9-d2aec0fce4ec is started using port 39337
2019-09-24 10:04:20,130 [Datanode State Machine Thread - 0] INFO  server.XceiverServerGrpc (XceiverServerGrpc.java:start(149)) - XceiverServerGrpc 173df53c-8dc6-4b11-a763-b64e2e347262 is started using port 35793
2019-09-24 10:04:20,130 [Datanode State Machine Thread - 0] INFO  server.XceiverServerGrpc (XceiverServerGrpc.java:start(149)) - XceiverServerGrpc 73f5925b-aae6-4cfe-b968-198325afa02f is started using port 39532
2019-09-24 10:04:20,130 [Datanode State Machine Thread - 0] INFO  server.XceiverServerGrpc (XceiverServerGrpc.java:start(149)) - XceiverServerGrpc 9fbd6b61-d2a0-4662-aa0c-aa486ff00031 is started using port 37807
2019-09-24 10:04:20,129 [Datanode State Machine Thread - 0] INFO  server.XceiverServerGrpc (XceiverServerGrpc.java:start(149)) - XceiverServerGrpc 6466b95d-6b72-4d21-84c8-24cbcbf62e03 is started using port 41514
2019-09-24 10:04:20,129 [Datanode State Machine Thread - 0] INFO  server.XceiverServerGrpc (XceiverServerGrpc.java:start(149)) - XceiverServerGrpc c7ed17ba-dd2e-4d16-a999-1242f7359890 is started using port 43983
2019-09-24 10:04:20,129 [Datanode State Machine Thread - 0] INFO  server.XceiverServerGrpc (XceiverServerGrpc.java:start(149)) - XceiverServerGrpc e624d7f2-a550-4cbc-b004-265b2259dace is started using port 38970
2019-09-24 10:04:20,224 [IPC Server handler 2 on 35886] INFO  net.NetworkTopology (NetworkTopologyImpl.java:add(111)) - Added a new node: /default-rack/c7ed17ba-dd2e-4d16-a999-1242f7359890
2019-09-24 10:04:20,224 [IPC Server handler 2 on 35886] INFO  node.SCMNodeManager (SCMNodeManager.java:register(266)) - Registered Data node : c7ed17ba-dd2e-4d16-a999-1242f7359890{ip: 192.168.151.86, host: pr-hdds-2167-zx9qf-3539961911, networkLocation: /default-rack, certSerialId: null}
2019-09-24 10:04:20,229 [EventQueue-NodeRegistrationContainerReportForDataNodeSafeModeRule] INFO  safemode.SCMSafeModeManager (DataNodeSafeModeRule.java:process(71)) - SCM in safe mode. 1 DataNodes registered, 1 required.
2019-09-24 10:04:20,229 [EventQueue-NodeRegistrationContainerReportForDataNodeSafeModeRule] INFO  safemode.SCMSafeModeManager (SCMSafeModeManager.java:validateSafeModeExitRules(177)) - ScmSafeModeManager, all rules are successfully validated
2019-09-24 10:04:20,229 [EventQueue-NodeRegistrationContainerReportForDataNodeSafeModeRule] INFO  safemode.SCMSafeModeManager (SCMSafeModeManager.java:exitSafeMode(193)) - SCM exiting safe mode.
2019-09-24 10:04:20,287 [IPC Server handler 1 on 35886] INFO  net.NetworkTopology (NetworkTopologyImpl.java:add(111)) - Added a new node: /default-rack/173df53c-8dc6-4b11-a763-b64e2e347262
2019-09-24 10:04:20,288 [IPC Server handler 1 on 35886] INFO  node.SCMNodeManager (SCMNodeManager.java:register(266)) - Registered Data node : 173df53c-8dc6-4b11-a763-b64e2e347262{ip: 192.168.151.86, host: pr-hdds-2167-zx9qf-3539961911, networkLocation: /default-rack, certSerialId: null}
2019-09-24 10:04:20,380 [IPC Server handler 3 on 35886] INFO  net.NetworkTopology (NetworkTopologyImpl.java:add(111)) - Added a new node: /default-rack/ac166eba-0491-4751-a0f9-d2aec0fce4ec
2019-09-24 10:04:20,380 [IPC Server handler 3 on 35886] INFO  node.SCMNodeManager (SCMNodeManager.java:register(266)) - Registered Data node : ac166eba-0491-4751-a0f9-d2aec0fce4ec{ip: 192.168.151.86, host: pr-hdds-2167-zx9qf-3539961911, networkLocation: /default-rack, certSerialId: null}
2019-09-24 10:04:20,489 [IPC Server handler 4 on 35886] INFO  net.NetworkTopology (NetworkTopologyImpl.java:add(111)) - Added a new node: /default-rack/9fbd6b61-d2a0-4662-aa0c-aa486ff00031
2019-09-24 10:04:20,489 [IPC Server handler 4 on 35886] INFO  node.SCMNodeManager (SCMNodeManager.java:register(266)) - Registered Data node : 9fbd6b61-d2a0-4662-aa0c-aa486ff00031{ip: 192.168.151.86, host: pr-hdds-2167-zx9qf-3539961911, networkLocation: /default-rack, certSerialId: null}
2019-09-24 10:04:20,580 [IPC Server handler 5 on 35886] INFO  net.NetworkTopology (NetworkTopologyImpl.java:add(111)) - Added a new node: /default-rack/73f5925b-aae6-4cfe-b968-198325afa02f
2019-09-24 10:04:20,581 [IPC Server handler 5 on 35886] INFO  node.SCMNodeManager (SCMNodeManager.java:register(266)) - Registered Data node : 73f5925b-aae6-4cfe-b968-198325afa02f{ip: 192.168.151.86, host: pr-hdds-2167-zx9qf-3539961911, networkLocation: /default-rack, certSerialId: null}
2019-09-24 10:04:20,665 [IPC Server handler 8 on 35886] INFO  net.NetworkTopology (NetworkTopologyImpl.java:add(111)) - Added a new node: /default-rack/e624d7f2-a550-4cbc-b004-265b2259dace
2019-09-24 10:04:20,665 [IPC Server handler 8 on 35886] INFO  node.SCMNodeManager (SCMNodeManager.java:register(266)) - Registered Data node : e624d7f2-a550-4cbc-b004-265b2259dace{ip: 192.168.151.86, host: pr-hdds-2167-zx9qf-3539961911, networkLocation: /default-rack, certSerialId: null}
2019-09-24 10:04:20,743 [grpc-default-executor-0] INFO  impl.RaftServerProxy (RaftServerProxy.java:addNew(89)) - c7ed17ba-dd2e-4d16-a999-1242f7359890: addNew group-390EC2DFA1CB:[c7ed17ba-dd2e-4d16-a999-1242f7359890:192.168.151.86:39246] returns group-390EC2DFA1CB:java.util.concurrent.CompletableFuture@64a0d73e[Not completed]
2019-09-24 10:04:20,748 [main] INFO  ozone.MiniOzoneClusterImpl (MiniOzoneClusterImpl.java:lambda$waitForClusterToBeReady$0(147)) - Waiting for cluster to be ready. Got 6 of 7 DN Heartbeats.
2019-09-24 10:04:20,752 [IPC Server handler 2 on 35886] INFO  net.NetworkTopology (NetworkTopologyImpl.java:add(111)) - Added a new node: /default-rack/6466b95d-6b72-4d21-84c8-24cbcbf62e03
2019-09-24 10:04:20,753 [IPC Server handler 2 on 35886] INFO  node.SCMNodeManager (SCMNodeManager.java:register(266)) - Registered Data node : 6466b95d-6b72-4d21-84c8-24cbcbf62e03{ip: 192.168.151.86, host: pr-hdds-2167-zx9qf-3539961911, networkLocation: /default-rack, certSerialId: null}
2019-09-24 10:04:20,761 [pool-27-thread-1] INFO  impl.RaftServerImpl (RaftServerImpl.java:<init>(95)) - c7ed17ba-dd2e-4d16-a999-1242f7359890: new RaftServerImpl for group-390EC2DFA1CB:[c7ed17ba-dd2e-4d16-a999-1242f7359890:192.168.151.86:39246] with ContainerStateMachine:uninitialized
2019-09-24 10:04:20,762 [pool-27-thread-1] INFO  server.RaftServerConfigKeys (ConfUtils.java:logGet(43)) - raft.server.rpc.timeout.min = 5s (custom)
2019-09-24 10:04:20,767 [pool-27-thread-1] INFO  server.RaftServerConfigKeys (ConfUtils.java:logGet(43)) - raft.server.rpc.timeout.max = 5200ms (custom)
2019-09-24 10:04:20,768 [pool-27-thread-1] INFO  server.RaftServerConfigKeys (ConfUtils.java:logGet(43)) - raft.server.rpcslowness.timeout = 120s (custom)
2019-09-24 10:04:20,768 [pool-27-thread-1] INFO  server.RaftServerConfigKeys (ConfUtils.java:logGet(43)) - raft.server.sleep.deviation.threshold = 300 (default)
2019-09-24 10:04:20,769 [pool-27-thread-1] INFO  server.RaftServerConfigKeys (ConfUtils.java:logGet(43)) - raft.server.log.appender.install.snapshot.enabled = false (custom)
2019-09-24 10:04:20,776 [pool-27-thread-1] INFO  impl.RaftServerImpl (ServerState.java:<init>(103)) - c7ed17ba-dd2e-4d16-a999-1242f7359890@group-390EC2DFA1CB: ConfigurationManager, init=-1: [c7ed17ba-dd2e-4d16-a999-1242f7359890:192.168.151.86:39246], old=null, confs=<EMPTY_MAP>
2019-09-24 10:04:20,776 [pool-27-thread-1] INFO  server.RaftServerConfigKeys (ConfUtils.java:logGet(43)) - raft.server.storage.dir = [/workdir/hadoop-ozone/integration-test/target/test-dir/MiniOzoneClusterImpl-d70413e3-a1ae-4d90-b762-cca2fb58af6e/datanode-0/data/ratis] (custom)
2019-09-24 10:04:20,783 [pool-27-thread-1] INFO  storage.RaftStorageDirectory (RaftStorageDirectory.java:analyzeStorage(246)) - The storage directory /workdir/hadoop-ozone/integration-test/target/test-dir/MiniOzoneClusterImpl-d70413e3-a1ae-4d90-b762-cca2fb58af6e/datanode-0/data/ratis/e970bfbc-0edf-444d-8950-390ec2dfa1cb does not exist. Creating ...
2019-09-24 10:04:20,860 [pool-27-thread-1] INFO  storage.RaftStorageDirectory (RaftStorageDirectory.java:tryLock(328)) - Lock on /workdir/hadoop-ozone/integration-test/target/test-dir/MiniOzoneClusterImpl-d70413e3-a1ae-4d90-b762-cca2fb58af6e/datanode-0/data/ratis/e970bfbc-0edf-444d-8950-390ec2dfa1cb/in_use.lock acquired by nodename 21292@pr-hdds-2167-zx9qf-3539961911
2019-09-24 10:04:20,892 [pool-27-thread-1] INFO  storage.RaftStorage (RaftStorage.java:format(72)) - Storage directory /workdir/hadoop-ozone/integration-test/target/test-dir/MiniOzoneClusterImpl-d70413e3-a1ae-4d90-b762-cca2fb58af6e/datanode-0/data/ratis/e970bfbc-0edf-444d-8950-390ec2dfa1cb has been successfully formatted.
2019-09-24 10:04:20,895 [pool-27-thread-1] INFO  ratis.ContainerStateMachine (ContainerStateMachine.java:loadSnapshot(230)) - group-390EC2DFA1CB: The snapshot info is null. Setting the last applied indexto:(t:0, i:~)
2019-09-24 10:04:20,895 [pool-27-thread-1] INFO  server.RaftServerConfigKeys (ConfUtils.java:logGet(43)) - raft.server.notification.no-leader.timeout = 120s (custom)
2019-09-24 10:04:20,898 [pool-27-thread-1] INFO  server.RaftServerConfigKeys (ConfUtils.java:logGet(43)) - raft.server.log.use.memory = false (default)
2019-09-24 10:04:20,904 [pool-27-thread-1] INFO  server.RaftServerConfigKeys (ConfUtils.java:logGet(43)) - raft.server.log.purge.gap = 1000000 (custom)
2019-09-24 10:04:20,905 [pool-27-thread-1] INFO  server.RaftServerConfigKeys (ConfUtils.java:logGet(43)) - raft.server.log.appender.buffer.byte-limit = 33554432 (custom)
2019-09-24 10:04:20,907 [pool-27-thread-1] INFO  server.RaftServerConfigKeys (ConfUtils.java:logGet(43)) - raft.server.log.segment.size.max = 1048576 (custom)
2019-09-24 10:04:20,912 [pool-27-thread-1] INFO  server.RaftServerConfigKeys (ConfUtils.java:logGet(43)) - raft.server.log.segment.cache.num.max = 2 (custom)
2019-09-24 10:04:20,919 [pool-27-thread-1] INFO  segmented.SegmentedRaftLogWorker (SegmentedRaftLogWorker.java:<init>(172)) - new c7ed17ba-dd2e-4d16-a999-1242f7359890@group-390EC2DFA1CB-SegmentedRaftLogWorker for RaftStorage:Storage Directory /workdir/hadoop-ozone/integration-test/target/test-dir/MiniOzoneClusterImpl-d70413e3-a1ae-4d90-b762-cca2fb58af6e/datanode-0/data/ratis/e970bfbc-0edf-444d-8950-390ec2dfa1cb
2019-09-24 10:04:20,921 [pool-27-thread-1] INFO  impl.MetricsSystemImpl (MetricsSystemImpl.java:init(158)) - ratis metrics system started (again)
2019-09-24 10:04:20,927 [pool-27-thread-1] INFO  metrics.MetricRegistries (MetricRegistriesLoader.java:load(64)) - Loaded MetricRegistries class org.apache.ratis.metrics.impl.MetricRegistriesImpl
2019-09-24 10:04:20,957 [pool-27-thread-1] INFO  server.RaftServerConfigKeys (ConfUtils.java:logGet(43)) - raft.server.log.queue.byte-limit = 2147483647 (custom)
2019-09-24 10:04:20,958 [pool-27-thread-1] INFO  server.RaftServerConfigKeys (ConfUtils.java:logGet(43)) - raft.server.log.queue.element-limit = 1024 (custom)
2019-09-24 10:04:20,961 [pool-27-thread-1] INFO  server.RaftServerConfigKeys (ConfUtils.java:logGet(43)) - raft.server.log.segment.size.max = 1048576 (custom)
2019-09-24 10:04:20,961 [pool-27-thread-1] INFO  server.RaftServerConfigKeys (ConfUtils.java:logGet(43)) - raft.server.log.preallocated.size = 16384 (custom)
2019-09-24 10:04:20,962 [pool-27-thread-1] INFO  server.RaftServerConfigKeys (ConfUtils.java:logGet(43)) - raft.server.log.write.buffer.size = 33554432 (custom)
2019-09-24 10:04:20,962 [pool-27-thread-1] INFO  server.RaftServerConfigKeys (ConfUtils.java:logGet(43)) - raft.server.log.force.sync.num = 128 (default)
2019-09-24 10:04:20,963 [pool-27-thread-1] INFO  server.RaftServerConfigKeys (ConfUtils.java:logGet(43)) - raft.server.log.statemachine.data.sync = true (default)
2019-09-24 10:04:20,963 [pool-27-thread-1] INFO  server.RaftServerConfigKeys (ConfUtils.java:logGet(43)) - raft.server.log.statemachine.data.sync.timeout = 10s (default)
2019-09-24 10:04:20,963 [pool-27-thread-1] INFO  server.RaftServerConfigKeys (ConfUtils.java:logGet(43)) - raft.server.log.statemachine.data.sync.timeout.retry = -1 (default)
2019-09-24 10:04:20,972 [pool-27-thread-1] INFO  server.RaftServerConfigKeys (ConfUtils.java:logGet(43)) - raft.server.log.statemachine.data.caching.enabled = true (custom)
2019-09-24 10:04:20,976 [pool-27-thread-1] INFO  segmented.SegmentedRaftLogWorker (SegmentedRaftLogWorker.java:lambda$new$0(132)) - c7ed17ba-dd2e-4d16-a999-1242f7359890@group-390EC2DFA1CB-SegmentedRaftLogWorker: flushIndex: setUnconditionally 0 -> -1
2019-09-24 10:04:20,981 [pool-27-thread-1] INFO  server.RaftServerConfigKeys (ConfUtils.java:logGet(43)) - raft.server.snapshot.auto.trigger.enabled = true (custom)
2019-09-24 10:04:20,982 [pool-27-thread-1] INFO  server.RaftServerConfigKeys (ConfUtils.java:logGet(43)) - raft.server.snapshot.auto.trigger.threshold = 10000 (custom)
2019-09-24 10:04:20,982 [pool-27-thread-1] INFO  server.RaftServerConfigKeys (ConfUtils.java:logGet(43)) - raft.server.snapshot.retention.num.files = 5 (custom)
2019-09-24 10:04:20,983 [pool-27-thread-1] INFO  server.RaftServerConfigKeys (ConfUtils.java:logGet(43)) - raft.server.retrycache.expirytime = 600000ms (custom)
2019-09-24 10:04:21,009 [pool-27-thread-1] INFO  impl.RaftServerImpl (RaftServerImpl.java:start(185)) - c7ed17ba-dd2e-4d16-a999-1242f7359890@group-390EC2DFA1CB: start as a follower, conf=-1: [c7ed17ba-dd2e-4d16-a999-1242f7359890:192.168.151.86:39246], old=null
2019-09-24 10:04:21,010 [pool-27-thread-1] INFO  impl.RaftServerImpl (RaftServerImpl.java:setRole(174)) - c7ed17ba-dd2e-4d16-a999-1242f7359890@group-390EC2DFA1CB: changes role from      null to FOLLOWER at term 0 for startAsFollower
2019-09-24 10:04:21,011 [pool-27-thread-1] INFO  impl.RoleInfo (RoleInfo.java:updateAndGet(143)) - c7ed17ba-dd2e-4d16-a999-1242f7359890: start FollowerState
2019-09-24 10:04:21,013 [pool-27-thread-1] INFO  util.JmxRegister (JmxRegister.java:tryRegister(44)) - Successfully registered JMX Bean with object name Ratis:service=RaftServer,group=group-390EC2DFA1CB,id=c7ed17ba-dd2e-4d16-a999-1242f7359890
2019-09-24 10:04:21,070 [RatisPipelineUtilsThread] INFO  pipeline.PipelineStateManager (PipelineStateManager.java:addPipeline(56)) - Created pipeline Pipeline[ Id: e970bfbc-0edf-444d-8950-390ec2dfa1cb, Nodes: c7ed17ba-dd2e-4d16-a999-1242f7359890{ip: 192.168.151.86, host: pr-hdds-2167-zx9qf-3539961911, networkLocation: /default-rack, certSerialId: null}, Type:RATIS, Factor:ONE, State:OPEN]
2019-09-24 10:04:21,091 [grpc-default-executor-0] INFO  impl.RaftServerProxy (RaftServerProxy.java:addNew(89)) - e624d7f2-a550-4cbc-b004-265b2259dace: addNew group-2A0E5F53C3F4:[e624d7f2-a550-4cbc-b004-265b2259dace:192.168.151.86:39586] returns group-2A0E5F53C3F4:java.util.concurrent.CompletableFuture@1312878c[Not completed]
2019-09-24 10:04:21,128 [pool-77-thread-1] INFO  impl.RaftServerImpl (RaftServerImpl.java:<init>(95)) - e624d7f2-a550-4cbc-b004-265b2259dace: new RaftServerImpl for group-2A0E5F53C3F4:[e624d7f2-a550-4cbc-b004-265b2259dace:192.168.151.86:39586] with ContainerStateMachine:uninitialized
2019-09-24 10:04:21,129 [pool-77-thread-1] INFO  server.RaftServerConfigKeys (ConfUtils.java:logGet(43)) - raft.server.rpc.timeout.min = 5s (custom)
2019-09-24 10:04:21,130 [pool-77-thread-1] INFO  server.RaftServerConfigKeys (ConfUtils.java:logGet(43)) - raft.server.rpc.timeout.max = 5200ms (custom)
2019-09-24 10:04:21,131 [pool-77-thread-1] INFO  server.RaftServerConfigKeys (ConfUtils.java:logGet(43)) - raft.server.rpcslowness.timeout = 120s (custom)
2019-09-24 10:04:21,131 [pool-77-thread-1] INFO  server.RaftServerConfigKeys (ConfUtils.java:logGet(43)) - raft.server.sleep.deviation.threshold = 300 (default)
2019-09-24 10:04:21,131 [pool-77-thread-1] INFO  server.RaftServerConfigKeys (ConfUtils.java:logGet(43)) - raft.server.log.appender.install.snapshot.enabled = false (custom)
2019-09-24 10:04:21,131 [pool-77-thread-1] INFO  impl.RaftServerImpl (ServerState.java:<init>(103)) - e624d7f2-a550-4cbc-b004-265b2259dace@group-2A0E5F53C3F4: ConfigurationManager, init=-1: [e624d7f2-a550-4cbc-b004-265b2259dace:192.168.151.86:39586], old=null, confs=<EMPTY_MAP>
2019-09-24 10:04:21,131 [pool-77-thread-1] INFO  server.RaftServerConfigKeys (ConfUtils.java:logGet(43)) - raft.server.storage.dir = [/workdir/hadoop-ozone/integration-test/target/test-dir/MiniOzoneClusterImpl-d70413e3-a1ae-4d90-b762-cca2fb58af6e/datanode-5/data/ratis] (custom)
2019-09-24 10:04:21,132 [pool-77-thread-1] INFO  storage.RaftStorageDirectory (RaftStorageDirectory.java:analyzeStorage(246)) - The storage directory /workdir/hadoop-ozone/integration-test/target/test-dir/MiniOzoneClusterImpl-d70413e3-a1ae-4d90-b762-cca2fb58af6e/datanode-5/data/ratis/1e9c3679-b921-4e75-b687-2a0e5f53c3f4 does not exist. Creating ...
2019-09-24 10:04:21,176 [pool-77-thread-1] INFO  storage.RaftStorageDirectory (RaftStorageDirectory.java:tryLock(328)) - Lock on /workdir/hadoop-ozone/integration-test/target/test-dir/MiniOzoneClusterImpl-d70413e3-a1ae-4d90-b762-cca2fb58af6e/datanode-5/data/ratis/1e9c3679-b921-4e75-b687-2a0e5f53c3f4/in_use.lock acquired by nodename 21292@pr-hdds-2167-zx9qf-3539961911
2019-09-24 10:04:21,191 [pool-77-thread-1] INFO  storage.RaftStorage (RaftStorage.java:format(72)) - Storage directory /workdir/hadoop-ozone/integration-test/target/test-dir/MiniOzoneClusterImpl-d70413e3-a1ae-4d90-b762-cca2fb58af6e/datanode-5/data/ratis/1e9c3679-b921-4e75-b687-2a0e5f53c3f4 has been successfully formatted.
2019-09-24 10:04:21,194 [pool-77-thread-1] INFO  ratis.ContainerStateMachine (ContainerStateMachine.java:loadSnapshot(230)) - group-2A0E5F53C3F4: The snapshot info is null. Setting the last applied indexto:(t:0, i:~)
2019-09-24 10:04:21,195 [pool-77-thread-1] INFO  server.RaftServerConfigKeys (ConfUtils.java:logGet(43)) - raft.server.notification.no-leader.timeout = 120s (custom)
2019-09-24 10:04:21,195 [pool-77-thread-1] INFO  server.RaftServerConfigKeys (ConfUtils.java:logGet(43)) - raft.server.log.use.memory = false (default)
2019-09-24 10:04:21,195 [pool-77-thread-1] INFO  server.RaftServerConfigKeys (ConfUtils.java:logGet(43)) - raft.server.log.purge.gap = 1000000 (custom)
2019-09-24 10:04:21,196 [pool-77-thread-1] INFO  server.RaftServerConfigKeys (ConfUtils.java:logGet(43)) - raft.server.log.appender.buffer.byte-limit = 33554432 (custom)
2019-09-24 10:04:21,196 [pool-77-thread-1] INFO  server.RaftServerConfigKeys (ConfUtils.java:logGet(43)) - raft.server.log.segment.size.max = 1048576 (custom)
2019-09-24 10:04:21,196 [pool-77-thread-1] INFO  server.RaftServerConfigKeys (ConfUtils.java:logGet(43)) - raft.server.log.segment.cache.num.max = 2 (custom)
2019-09-24 10:04:21,196 [pool-77-thread-1] INFO  segmented.SegmentedRaftLogWorker (SegmentedRaftLogWorker.java:<init>(172)) - new e624d7f2-a550-4cbc-b004-265b2259dace@group-2A0E5F53C3F4-SegmentedRaftLogWorker for RaftStorage:Storage Directory /workdir/hadoop-ozone/integration-test/target/test-dir/MiniOzoneClusterImpl-d70413e3-a1ae-4d90-b762-cca2fb58af6e/datanode-5/data/ratis/1e9c3679-b921-4e75-b687-2a0e5f53c3f4
2019-09-24 10:04:21,204 [pool-77-thread-1] INFO  server.RaftServerConfigKeys (ConfUtils.java:logGet(43)) - raft.server.log.queue.byte-limit = 2147483647 (custom)
2019-09-24 10:04:21,204 [pool-77-thread-1] INFO  server.RaftServerConfigKeys (ConfUtils.java:logGet(43)) - raft.server.log.queue.element-limit = 1024 (custom)
2019-09-24 10:04:21,205 [pool-77-thread-1] INFO  server.RaftServerConfigKeys (ConfUtils.java:logGet(43)) - raft.server.log.segment.size.max = 1048576 (custom)
2019-09-24 10:04:21,205 [pool-77-thread-1] INFO  server.RaftServerConfigKeys (ConfUtils.java:logGet(43)) - raft.server.log.preallocated.size = 16384 (custom)
2019-09-24 10:04:21,205 [pool-77-thread-1] INFO  server.RaftServerConfigKeys (ConfUtils.java:logGet(43)) - raft.server.log.write.buffer.size = 33554432 (custom)
2019-09-24 10:04:21,205 [pool-77-thread-1] INFO  server.RaftServerConfigKeys (ConfUtils.java:logGet(43)) - raft.server.log.force.sync.num = 128 (default)
2019-09-24 10:04:21,206 [pool-77-thread-1] INFO  server.RaftServerConfigKeys (ConfUtils.java:logGet(43)) - raft.server.log.statemachine.data.sync = true (default)
2019-09-24 10:04:21,206 [pool-77-thread-1] INFO  server.RaftServerConfigKeys (ConfUtils.java:logGet(43)) - raft.server.log.statemachine.data.sync.timeout = 10s (default)
2019-09-24 10:04:21,206 [pool-77-thread-1] INFO  server.RaftServerConfigKeys (ConfUtils.java:logGet(43)) - raft.server.log.statemachine.data.sync.timeout.retry = -1 (default)
2019-09-24 10:04:21,206 [pool-77-thread-1] INFO  server.RaftServerConfigKeys (ConfUtils.java:logGet(43)) - raft.server.log.statemachine.data.caching.enabled = true (custom)
2019-09-24 10:04:21,207 [pool-77-thread-1] INFO  segmented.SegmentedRaftLogWorker (SegmentedRaftLogWorker.java:lambda$new$0(132)) - e624d7f2-a550-4cbc-b004-265b2259dace@group-2A0E5F53C3F4-SegmentedRaftLogWorker: flushIndex: setUnconditionally 0 -> -1
2019-09-24 10:04:21,207 [pool-77-thread-1] INFO  server.RaftServerConfigKeys (ConfUtils.java:logGet(43)) - raft.server.snapshot.auto.trigger.enabled = true (custom)
2019-09-24 10:04:21,207 [pool-77-thread-1] INFO  server.RaftServerConfigKeys (ConfUtils.java:logGet(43)) - raft.server.snapshot.auto.trigger.threshold = 10000 (custom)
2019-09-24 10:04:21,207 [pool-77-thread-1] INFO  server.RaftServerConfigKeys (ConfUtils.java:logGet(43)) - raft.server.snapshot.retention.num.files = 5 (custom)
2019-09-24 10:04:21,208 [pool-77-thread-1] INFO  server.RaftServerConfigKeys (ConfUtils.java:logGet(43)) - raft.server.retrycache.expirytime = 600000ms (custom)
2019-09-24 10:04:21,213 [pool-77-thread-1] INFO  impl.RaftServerImpl (RaftServerImpl.java:start(185)) - e624d7f2-a550-4cbc-b004-265b2259dace@group-2A0E5F53C3F4: start as a follower, conf=-1: [e624d7f2-a550-4cbc-b004-265b2259dace:192.168.151.86:39586], old=null
2019-09-24 10:04:21,213 [pool-77-thread-1] INFO  impl.RaftServerImpl (RaftServerImpl.java:setRole(174)) - e624d7f2-a550-4cbc-b004-265b2259dace@group-2A0E5F53C3F4: changes role from      null to FOLLOWER at term 0 for startAsFollower
2019-09-24 10:04:21,213 [pool-77-thread-1] INFO  impl.RoleInfo (RoleInfo.java:updateAndGet(143)) - e624d7f2-a550-4cbc-b004-265b2259dace: start FollowerState
2019-09-24 10:04:21,216 [pool-77-thread-1] INFO  util.JmxRegister (JmxRegister.java:tryRegister(44)) - Successfully registered JMX Bean with object name Ratis:service=RaftServer,group=group-2A0E5F53C3F4,id=e624d7f2-a550-4cbc-b004-265b2259dace
2019-09-24 10:04:21,231 [RatisPipelineUtilsThread] INFO  pipeline.PipelineStateManager (PipelineStateManager.java:addPipeline(56)) - Created pipeline Pipeline[ Id: 1e9c3679-b921-4e75-b687-2a0e5f53c3f4, Nodes: e624d7f2-a550-4cbc-b004-265b2259dace{ip: 192.168.151.86, host: pr-hdds-2167-zx9qf-3539961911, networkLocation: /default-rack, certSerialId: null}, Type:RATIS, Factor:ONE, State:OPEN]
2019-09-24 10:04:21,261 [grpc-default-executor-0] INFO  impl.RaftServerProxy (RaftServerProxy.java:addNew(89)) - ac166eba-0491-4751-a0f9-d2aec0fce4ec: addNew group-8B9B73852F1C:[ac166eba-0491-4751-a0f9-d2aec0fce4ec:192.168.151.86:34380] returns group-8B9B73852F1C:java.util.concurrent.CompletableFuture@5748da0a[Not completed]
2019-09-24 10:04:21,298 [pool-47-thread-1] INFO  impl.RaftServerImpl (RaftServerImpl.java:<init>(95)) - ac166eba-0491-4751-a0f9-d2aec0fce4ec: new RaftServerImpl for group-8B9B73852F1C:[ac166eba-0491-4751-a0f9-d2aec0fce4ec:192.168.151.86:34380] with ContainerStateMachine:uninitialized
2019-09-24 10:04:21,298 [pool-47-thread-1] INFO  server.RaftServerConfigKeys (ConfUtils.java:logGet(43)) - raft.server.rpc.timeout.min = 5s (custom)
2019-09-24 10:04:21,299 [pool-47-thread-1] INFO  server.RaftServerConfigKeys (ConfUtils.java:logGet(43)) - raft.server.rpc.timeout.max = 5200ms (custom)
2019-09-24 10:04:21,299 [pool-47-thread-1] INFO  server.RaftServerConfigKeys (ConfUtils.java:logGet(43)) - raft.server.rpcslowness.timeout = 120s (custom)
2019-09-24 10:04:21,299 [pool-47-thread-1] INFO  server.RaftServerConfigKeys (ConfUtils.java:logGet(43)) - raft.server.sleep.deviation.threshold = 300 (default)
2019-09-24 10:04:21,299 [pool-47-thread-1] INFO  server.RaftServerConfigKeys (ConfUtils.java:logGet(43)) - raft.server.log.appender.install.snapshot.enabled = false (custom)
2019-09-24 10:04:21,299 [pool-47-thread-1] INFO  impl.RaftServerImpl (ServerState.java:<init>(103)) - ac166eba-0491-4751-a0f9-d2aec0fce4ec@group-8B9B73852F1C: ConfigurationManager, init=-1: [ac166eba-0491-4751-a0f9-d2aec0fce4ec:192.168.151.86:34380], old=null, confs=<EMPTY_MAP>
2019-09-24 10:04:21,300 [pool-47-thread-1] INFO  server.RaftServerConfigKeys (ConfUtils.java:logGet(43)) - raft.server.storage.dir = [/workdir/hadoop-ozone/integration-test/target/test-dir/MiniOzoneClusterImpl-d70413e3-a1ae-4d90-b762-cca2fb58af6e/datanode-2/data/ratis] (custom)
2019-09-24 10:04:21,300 [pool-47-thread-1] INFO  storage.RaftStorageDirectory (RaftStorageDirectory.java:analyzeStorage(246)) - The storage directory /workdir/hadoop-ozone/integration-test/target/test-dir/MiniOzoneClusterImpl-d70413e3-a1ae-4d90-b762-cca2fb58af6e/datanode-2/data/ratis/0cf2fa99-6df8-48ed-a878-8b9b73852f1c does not exist. Creating ...
2019-09-24 10:04:21,345 [pool-47-thread-1] INFO  storage.RaftStorageDirectory (RaftStorageDirectory.java:tryLock(328)) - Lock on /workdir/hadoop-ozone/integration-test/target/test-dir/MiniOzoneClusterImpl-d70413e3-a1ae-4d90-b762-cca2fb58af6e/datanode-2/data/ratis/0cf2fa99-6df8-48ed-a878-8b9b73852f1c/in_use.lock acquired by nodename 21292@pr-hdds-2167-zx9qf-3539961911
2019-09-24 10:04:21,358 [pool-47-thread-1] INFO  storage.RaftStorage (RaftStorage.java:format(72)) - Storage directory /workdir/hadoop-ozone/integration-test/target/test-dir/MiniOzoneClusterImpl-d70413e3-a1ae-4d90-b762-cca2fb58af6e/datanode-2/data/ratis/0cf2fa99-6df8-48ed-a878-8b9b73852f1c has been successfully formatted.
2019-09-24 10:04:21,358 [pool-47-thread-1] INFO  ratis.ContainerStateMachine (ContainerStateMachine.java:loadSnapshot(230)) - group-8B9B73852F1C: The snapshot info is null. Setting the last applied indexto:(t:0, i:~)
2019-09-24 10:04:21,359 [pool-47-thread-1] INFO  server.RaftServerConfigKeys (ConfUtils.java:logGet(43)) - raft.server.notification.no-leader.timeout = 120s (custom)
2019-09-24 10:04:21,359 [pool-47-thread-1] INFO  server.RaftServerConfigKeys (ConfUtils.java:logGet(43)) - raft.server.log.use.memory = false (default)
2019-09-24 10:04:21,359 [pool-47-thread-1] INFO  server.RaftServerConfigKeys (ConfUtils.java:logGet(43)) - raft.server.log.purge.gap = 1000000 (custom)
2019-09-24 10:04:21,359 [pool-47-thread-1] INFO  server.RaftServerConfigKeys (ConfUtils.java:logGet(43)) - raft.server.log.appender.buffer.byte-limit = 33554432 (custom)
2019-09-24 10:04:21,360 [pool-47-thread-1] INFO  server.RaftServerConfigKeys (ConfUtils.java:logGet(43)) - raft.server.log.segment.size.max = 1048576 (custom)
2019-09-24 10:04:21,360 [pool-47-thread-1] INFO  server.RaftServerConfigKeys (ConfUtils.java:logGet(43)) - raft.server.log.segment.cache.num.max = 2 (custom)
2019-09-24 10:04:21,360 [pool-47-thread-1] INFO  segmented.SegmentedRaftLogWorker (SegmentedRaftLogWorker.java:<init>(172)) - new ac166eba-0491-4751-a0f9-d2aec0fce4ec@group-8B9B73852F1C-SegmentedRaftLogWorker for RaftStorage:Storage Directory /workdir/hadoop-ozone/integration-test/target/test-dir/MiniOzoneClusterImpl-d70413e3-a1ae-4d90-b762-cca2fb58af6e/datanode-2/data/ratis/0cf2fa99-6df8-48ed-a878-8b9b73852f1c
2019-09-24 10:04:21,396 [pool-47-thread-1] INFO  server.RaftServerConfigKeys (ConfUtils.java:logGet(43)) - raft.server.log.queue.byte-limit = 2147483647 (custom)
2019-09-24 10:04:21,397 [pool-47-thread-1] INFO  server.RaftServerConfigKeys (ConfUtils.java:logGet(43)) - raft.server.log.queue.element-limit = 1024 (custom)
2019-09-24 10:04:21,397 [pool-47-thread-1] INFO  server.RaftServerConfigKeys (ConfUtils.java:logGet(43)) - raft.server.log.segment.size.max = 1048576 (custom)
2019-09-24 10:04:21,398 [pool-47-thread-1] INFO  server.RaftServerConfigKeys (ConfUtils.java:logGet(43)) - raft.server.log.preallocated.size = 16384 (custom)
2019-09-24 10:04:21,398 [pool-47-thread-1] INFO  server.RaftServerConfigKeys (ConfUtils.java:logGet(43)) - raft.server.log.write.buffer.size = 33554432 (custom)
2019-09-24 10:04:21,398 [pool-47-thread-1] INFO  server.RaftServerConfigKeys (ConfUtils.java:logGet(43)) - raft.server.log.force.sync.num = 128 (default)
2019-09-24 10:04:21,398 [pool-47-thread-1] INFO  server.RaftServerConfigKeys (ConfUtils.java:logGet(43)) - raft.server.log.statemachine.data.sync = true (default)
2019-09-24 10:04:21,398 [pool-47-thread-1] INFO  server.RaftServerConfigKeys (ConfUtils.java:logGet(43)) - raft.server.log.statemachine.data.sync.timeout = 10s (default)
2019-09-24 10:04:21,399 [pool-47-thread-1] INFO  server.RaftServerConfigKeys (ConfUtils.java:logGet(43)) - raft.server.log.statemachine.data.sync.timeout.retry = -1 (default)
2019-09-24 10:04:21,399 [pool-47-thread-1] INFO  server.RaftServerConfigKeys (ConfUtils.java:logGet(43)) - raft.server.log.statemachine.data.caching.enabled = true (custom)
2019-09-24 10:04:21,400 [pool-47-thread-1] INFO  segmented.SegmentedRaftLogWorker (SegmentedRaftLogWorker.java:lambda$new$0(132)) - ac166eba-0491-4751-a0f9-d2aec0fce4ec@group-8B9B73852F1C-SegmentedRaftLogWorker: flushIndex: setUnconditionally 0 -> -1
2019-09-24 10:04:21,400 [pool-47-thread-1] INFO  server.RaftServerConfigKeys (ConfUtils.java:logGet(43)) - raft.server.snapshot.auto.trigger.enabled = true (custom)
2019-09-24 10:04:21,400 [pool-47-thread-1] INFO  server.RaftServerConfigKeys (ConfUtils.java:logGet(43)) - raft.server.snapshot.auto.trigger.threshold = 10000 (custom)
2019-09-24 10:04:21,401 [pool-47-thread-1] INFO  server.RaftServerConfigKeys (ConfUtils.java:logGet(43)) - raft.server.snapshot.retention.num.files = 5 (custom)
2019-09-24 10:04:21,401 [pool-47-thread-1] INFO  server.RaftServerConfigKeys (ConfUtils.java:logGet(43)) - raft.server.retrycache.expirytime = 600000ms (custom)
2019-09-24 10:04:21,407 [pool-47-thread-1] INFO  impl.RaftServerImpl (RaftServerImpl.java:start(185)) - ac166eba-0491-4751-a0f9-d2aec0fce4ec@group-8B9B73852F1C: start as a follower, conf=-1: [ac166eba-0491-4751-a0f9-d2aec0fce4ec:192.168.151.86:34380], old=null
2019-09-24 10:04:21,407 [pool-47-thread-1] INFO  impl.RaftServerImpl (RaftServerImpl.java:setRole(174)) - ac166eba-0491-4751-a0f9-d2aec0fce4ec@group-8B9B73852F1C: changes role from      null to FOLLOWER at term 0 for startAsFollower
2019-09-24 10:04:21,408 [pool-47-thread-1] INFO  impl.RoleInfo (RoleInfo.java:updateAndGet(143)) - ac166eba-0491-4751-a0f9-d2aec0fce4ec: start FollowerState
2019-09-24 10:04:21,408 [pool-47-thread-1] INFO  util.JmxRegister (JmxRegister.java:tryRegister(44)) - Successfully registered JMX Bean with object name Ratis:service=RaftServer,group=group-8B9B73852F1C,id=ac166eba-0491-4751-a0f9-d2aec0fce4ec
2019-09-24 10:04:21,421 [RatisPipelineUtilsThread] INFO  pipeline.PipelineStateManager (PipelineStateManager.java:addPipeline(56)) - Created pipeline Pipeline[ Id: 0cf2fa99-6df8-48ed-a878-8b9b73852f1c, Nodes: ac166eba-0491-4751-a0f9-d2aec0fce4ec{ip: 192.168.151.86, host: pr-hdds-2167-zx9qf-3539961911, networkLocation: /default-rack, certSerialId: null}, Type:RATIS, Factor:ONE, State:OPEN]
2019-09-24 10:04:21,448 [grpc-default-executor-0] INFO  impl.RaftServerProxy (RaftServerProxy.java:addNew(89)) - 9fbd6b61-d2a0-4662-aa0c-aa486ff00031: addNew group-AC1EB102B9DB:[9fbd6b61-d2a0-4662-aa0c-aa486ff00031:192.168.151.86:45499] returns group-AC1EB102B9DB:java.util.concurrent.CompletableFuture@48cbdb4b[Not completed]
2019-09-24 10:04:21,454 [pool-57-thread-1] INFO  impl.RaftServerImpl (RaftServerImpl.java:<init>(95)) - 9fbd6b61-d2a0-4662-aa0c-aa486ff00031: new RaftServerImpl for group-AC1EB102B9DB:[9fbd6b61-d2a0-4662-aa0c-aa486ff00031:192.168.151.86:45499] with ContainerStateMachine:uninitialized
2019-09-24 10:04:21,454 [pool-57-thread-1] INFO  server.RaftServerConfigKeys (ConfUtils.java:logGet(43)) - raft.server.rpc.timeout.min = 5s (custom)
2019-09-24 10:04:21,454 [pool-57-thread-1] INFO  server.RaftServerConfigKeys (ConfUtils.java:logGet(43)) - raft.server.rpc.timeout.max = 5200ms (custom)
2019-09-24 10:04:21,454 [pool-57-thread-1] INFO  server.RaftServerConfigKeys (ConfUtils.java:logGet(43)) - raft.server.rpcslowness.timeout = 120s (custom)
2019-09-24 10:04:21,454 [pool-57-thread-1] INFO  server.RaftServerConfigKeys (ConfUtils.java:logGet(43)) - raft.server.sleep.deviation.threshold = 300 (default)
2019-09-24 10:04:21,455 [pool-57-thread-1] INFO  server.RaftServerConfigKeys (ConfUtils.java:logGet(43)) - raft.server.log.appender.install.snapshot.enabled = false (custom)
2019-09-24 10:04:21,455 [pool-57-thread-1] INFO  impl.RaftServerImpl (ServerState.java:<init>(103)) - 9fbd6b61-d2a0-4662-aa0c-aa486ff00031@group-AC1EB102B9DB: ConfigurationManager, init=-1: [9fbd6b61-d2a0-4662-aa0c-aa486ff00031:192.168.151.86:45499], old=null, confs=<EMPTY_MAP>
2019-09-24 10:04:21,455 [pool-57-thread-1] INFO  server.RaftServerConfigKeys (ConfUtils.java:logGet(43)) - raft.server.storage.dir = [/workdir/hadoop-ozone/integration-test/target/test-dir/MiniOzoneClusterImpl-d70413e3-a1ae-4d90-b762-cca2fb58af6e/datanode-3/data/ratis] (custom)
2019-09-24 10:04:21,456 [pool-57-thread-1] INFO  storage.RaftStorageDirectory (RaftStorageDirectory.java:analyzeStorage(246)) - The storage directory /workdir/hadoop-ozone/integration-test/target/test-dir/MiniOzoneClusterImpl-d70413e3-a1ae-4d90-b762-cca2fb58af6e/datanode-3/data/ratis/ac6eed07-4a7a-42c2-9957-ac1eb102b9db does not exist. Creating ...
2019-09-24 10:04:21,499 [pool-57-thread-1] INFO  storage.RaftStorageDirectory (RaftStorageDirectory.java:tryLock(328)) - Lock on /workdir/hadoop-ozone/integration-test/target/test-dir/MiniOzoneClusterImpl-d70413e3-a1ae-4d90-b762-cca2fb58af6e/datanode-3/data/ratis/ac6eed07-4a7a-42c2-9957-ac1eb102b9db/in_use.lock acquired by nodename 21292@pr-hdds-2167-zx9qf-3539961911
2019-09-24 10:04:21,510 [pool-57-thread-1] INFO  storage.RaftStorage (RaftStorage.java:format(72)) - Storage directory /workdir/hadoop-ozone/integration-test/target/test-dir/MiniOzoneClusterImpl-d70413e3-a1ae-4d90-b762-cca2fb58af6e/datanode-3/data/ratis/ac6eed07-4a7a-42c2-9957-ac1eb102b9db has been successfully formatted.
2019-09-24 10:04:21,511 [pool-57-thread-1] INFO  ratis.ContainerStateMachine (ContainerStateMachine.java:loadSnapshot(230)) - group-AC1EB102B9DB: The snapshot info is null. Setting the last applied indexto:(t:0, i:~)
2019-09-24 10:04:21,511 [pool-57-thread-1] INFO  server.RaftServerConfigKeys (ConfUtils.java:logGet(43)) - raft.server.notification.no-leader.timeout = 120s (custom)
2019-09-24 10:04:21,511 [pool-57-thread-1] INFO  server.RaftServerConfigKeys (ConfUtils.java:logGet(43)) - raft.server.log.use.memory = false (default)
2019-09-24 10:04:21,511 [pool-57-thread-1] INFO  server.RaftServerConfigKeys (ConfUtils.java:logGet(43)) - raft.server.log.purge.gap = 1000000 (custom)
2019-09-24 10:04:21,512 [pool-57-thread-1] INFO  server.RaftServerConfigKeys (ConfUtils.java:logGet(43)) - raft.server.log.appender.buffer.byte-limit = 33554432 (custom)
2019-09-24 10:04:21,512 [pool-57-thread-1] INFO  server.RaftServerConfigKeys (ConfUtils.java:logGet(43)) - raft.server.log.segment.size.max = 1048576 (custom)
2019-09-24 10:04:21,512 [pool-57-thread-1] INFO  server.RaftServerConfigKeys (ConfUtils.java:logGet(43)) - raft.server.log.segment.cache.num.max = 2 (custom)
2019-09-24 10:04:21,512 [pool-57-thread-1] INFO  segmented.SegmentedRaftLogWorker (SegmentedRaftLogWorker.java:<init>(172)) - new 9fbd6b61-d2a0-4662-aa0c-aa486ff00031@group-AC1EB102B9DB-SegmentedRaftLogWorker for RaftStorage:Storage Directory /workdir/hadoop-ozone/integration-test/target/test-dir/MiniOzoneClusterImpl-d70413e3-a1ae-4d90-b762-cca2fb58af6e/datanode-3/data/ratis/ac6eed07-4a7a-42c2-9957-ac1eb102b9db
2019-09-24 10:04:21,515 [pool-57-thread-1] INFO  server.RaftServerConfigKeys (ConfUtils.java:logGet(43)) - raft.server.log.queue.byte-limit = 2147483647 (custom)
2019-09-24 10:04:21,516 [pool-57-thread-1] INFO  server.RaftServerConfigKeys (ConfUtils.java:logGet(43)) - raft.server.log.queue.element-limit = 1024 (custom)
2019-09-24 10:04:21,516 [pool-57-thread-1] INFO  server.RaftServerConfigKeys (ConfUtils.java:logGet(43)) - raft.server.log.segment.size.max = 1048576 (custom)
2019-09-24 10:04:21,516 [pool-57-thread-1] INFO  server.RaftServerConfigKeys (ConfUtils.java:logGet(43)) - raft.server.log.preallocated.size = 16384 (custom)
2019-09-24 10:04:21,516 [pool-57-thread-1] INFO  server.RaftServerConfigKeys (ConfUtils.java:logGet(43)) - raft.server.log.write.buffer.size = 33554432 (custom)
2019-09-24 10:04:21,516 [pool-57-thread-1] INFO  server.RaftServerConfigKeys (ConfUtils.java:logGet(43)) - raft.server.log.force.sync.num = 128 (default)
2019-09-24 10:04:21,516 [pool-57-thread-1] INFO  server.RaftServerConfigKeys (ConfUtils.java:logGet(43)) - raft.server.log.statemachine.data.sync = true (default)
2019-09-24 10:04:21,517 [pool-57-thread-1] INFO  server.RaftServerConfigKeys (ConfUtils.java:logGet(43)) - raft.server.log.statemachine.data.sync.timeout = 10s (default)
2019-09-24 10:04:21,517 [pool-57-thread-1] INFO  server.RaftServerConfigKeys (ConfUtils.java:logGet(43)) - raft.server.log.statemachine.data.sync.timeout.retry = -1 (default)
2019-09-24 10:04:21,517 [pool-57-thread-1] INFO  server.RaftServerConfigKeys (ConfUtils.java:logGet(43)) - raft.server.log.statemachine.data.caching.enabled = true (custom)
2019-09-24 10:04:21,517 [pool-57-thread-1] INFO  segmented.SegmentedRaftLogWorker (SegmentedRaftLogWorker.java:lambda$new$0(132)) - 9fbd6b61-d2a0-4662-aa0c-aa486ff00031@group-AC1EB102B9DB-SegmentedRaftLogWorker: flushIndex: setUnconditionally 0 -> -1
2019-09-24 10:04:21,518 [pool-57-thread-1] INFO  server.RaftServerConfigKeys (ConfUtils.java:logGet(43)) - raft.server.snapshot.auto.trigger.enabled = true (custom)
2019-09-24 10:04:21,518 [pool-57-thread-1] INFO  server.RaftServerConfigKeys (ConfUtils.java:logGet(43)) - raft.server.snapshot.auto.trigger.threshold = 10000 (custom)
2019-09-24 10:04:21,518 [pool-57-thread-1] INFO  server.RaftServerConfigKeys (ConfUtils.java:logGet(43)) - raft.server.snapshot.retention.num.files = 5 (custom)
2019-09-24 10:04:21,518 [pool-57-thread-1] INFO  server.RaftServerConfigKeys (ConfUtils.java:logGet(43)) - raft.server.retrycache.expirytime = 600000ms (custom)
2019-09-24 10:04:21,522 [pool-57-thread-1] INFO  impl.RaftServerImpl (RaftServerImpl.java:start(185)) - 9fbd6b61-d2a0-4662-aa0c-aa486ff00031@group-AC1EB102B9DB: start as a follower, conf=-1: [9fbd6b61-d2a0-4662-aa0c-aa486ff00031:192.168.151.86:45499], old=null
2019-09-24 10:04:21,522 [pool-57-thread-1] INFO  impl.RaftServerImpl (RaftServerImpl.java:setRole(174)) - 9fbd6b61-d2a0-4662-aa0c-aa486ff00031@group-AC1EB102B9DB: changes role from      null to FOLLOWER at term 0 for startAsFollower
2019-09-24 10:04:21,522 [pool-57-thread-1] INFO  impl.RoleInfo (RoleInfo.java:updateAndGet(143)) - 9fbd6b61-d2a0-4662-aa0c-aa486ff00031: start FollowerState
2019-09-24 10:04:21,522 [pool-57-thread-1] INFO  util.JmxRegister (JmxRegister.java:tryRegister(44)) - Successfully registered JMX Bean with object name Ratis:service=RaftServer,group=group-AC1EB102B9DB,id=9fbd6b61-d2a0-4662-aa0c-aa486ff00031
2019-09-24 10:04:21,536 [RatisPipelineUtilsThread] INFO  pipeline.PipelineStateManager (PipelineStateManager.java:addPipeline(56)) - Created pipeline Pipeline[ Id: ac6eed07-4a7a-42c2-9957-ac1eb102b9db, Nodes: 9fbd6b61-d2a0-4662-aa0c-aa486ff00031{ip: 192.168.151.86, host: pr-hdds-2167-zx9qf-3539961911, networkLocation: /default-rack, certSerialId: null}, Type:RATIS, Factor:ONE, State:OPEN]
2019-09-24 10:04:21,552 [grpc-default-executor-0] INFO  impl.RaftServerProxy (RaftServerProxy.java:addNew(89)) - 173df53c-8dc6-4b11-a763-b64e2e347262: addNew group-401EF4A6389C:[173df53c-8dc6-4b11-a763-b64e2e347262:192.168.151.86:46014] returns group-401EF4A6389C:java.util.concurrent.CompletableFuture@2317eed[Not completed]
2019-09-24 10:04:21,554 [pool-37-thread-1] INFO  impl.RaftServerImpl (RaftServerImpl.java:<init>(95)) - 173df53c-8dc6-4b11-a763-b64e2e347262: new RaftServerImpl for group-401EF4A6389C:[173df53c-8dc6-4b11-a763-b64e2e347262:192.168.151.86:46014] with ContainerStateMachine:uninitialized
2019-09-24 10:04:21,554 [pool-37-thread-1] INFO  server.RaftServerConfigKeys (ConfUtils.java:logGet(43)) - raft.server.rpc.timeout.min = 5s (custom)
2019-09-24 10:04:21,554 [pool-37-thread-1] INFO  server.RaftServerConfigKeys (ConfUtils.java:logGet(43)) - raft.server.rpc.timeout.max = 5200ms (custom)
2019-09-24 10:04:21,554 [pool-37-thread-1] INFO  server.RaftServerConfigKeys (ConfUtils.java:logGet(43)) - raft.server.rpcslowness.timeout = 120s (custom)
2019-09-24 10:04:21,554 [pool-37-thread-1] INFO  server.RaftServerConfigKeys (ConfUtils.java:logGet(43)) - raft.server.sleep.deviation.threshold = 300 (default)
2019-09-24 10:04:21,555 [pool-37-thread-1] INFO  server.RaftServerConfigKeys (ConfUtils.java:logGet(43)) - raft.server.log.appender.install.snapshot.enabled = false (custom)
2019-09-24 10:04:21,555 [pool-37-thread-1] INFO  impl.RaftServerImpl (ServerState.java:<init>(103)) - 173df53c-8dc6-4b11-a763-b64e2e347262@group-401EF4A6389C: ConfigurationManager, init=-1: [173df53c-8dc6-4b11-a763-b64e2e347262:192.168.151.86:46014], old=null, confs=<EMPTY_MAP>
2019-09-24 10:04:21,555 [pool-37-thread-1] INFO  server.RaftServerConfigKeys (ConfUtils.java:logGet(43)) - raft.server.storage.dir = [/workdir/hadoop-ozone/integration-test/target/test-dir/MiniOzoneClusterImpl-d70413e3-a1ae-4d90-b762-cca2fb58af6e/datanode-1/data/ratis] (custom)
2019-09-24 10:04:21,555 [pool-37-thread-1] INFO  storage.RaftStorageDirectory (RaftStorageDirectory.java:analyzeStorage(246)) - The storage directory /workdir/hadoop-ozone/integration-test/target/test-dir/MiniOzoneClusterImpl-d70413e3-a1ae-4d90-b762-cca2fb58af6e/datanode-1/data/ratis/5ec84ff2-6021-43db-9432-401ef4a6389c does not exist. Creating ...
2019-09-24 10:04:21,569 [pool-37-thread-1] INFO  storage.RaftStorageDirectory (RaftStorageDirectory.java:tryLock(328)) - Lock on /workdir/hadoop-ozone/integration-test/target/test-dir/MiniOzoneClusterImpl-d70413e3-a1ae-4d90-b762-cca2fb58af6e/datanode-1/data/ratis/5ec84ff2-6021-43db-9432-401ef4a6389c/in_use.lock acquired by nodename 21292@pr-hdds-2167-zx9qf-3539961911
2019-09-24 10:04:21,581 [pool-37-thread-1] INFO  storage.RaftStorage (RaftStorage.java:format(72)) - Storage directory /workdir/hadoop-ozone/integration-test/target/test-dir/MiniOzoneClusterImpl-d70413e3-a1ae-4d90-b762-cca2fb58af6e/datanode-1/data/ratis/5ec84ff2-6021-43db-9432-401ef4a6389c has been successfully formatted.
2019-09-24 10:04:21,581 [pool-37-thread-1] INFO  ratis.ContainerStateMachine (ContainerStateMachine.java:loadSnapshot(230)) - group-401EF4A6389C: The snapshot info is null. Setting the last applied indexto:(t:0, i:~)
2019-09-24 10:04:21,581 [pool-37-thread-1] INFO  server.RaftServerConfigKeys (ConfUtils.java:logGet(43)) - raft.server.notification.no-leader.timeout = 120s (custom)
2019-09-24 10:04:21,582 [pool-37-thread-1] INFO  server.RaftServerConfigKeys (ConfUtils.java:logGet(43)) - raft.server.log.use.memory = false (default)
2019-09-24 10:04:21,582 [pool-37-thread-1] INFO  server.RaftServerConfigKeys (ConfUtils.java:logGet(43)) - raft.server.log.purge.gap = 1000000 (custom)
2019-09-24 10:04:21,582 [pool-37-thread-1] INFO  server.RaftServerConfigKeys (ConfUtils.java:logGet(43)) - raft.server.log.appender.buffer.byte-limit = 33554432 (custom)
2019-09-24 10:04:21,582 [pool-37-thread-1] INFO  server.RaftServerConfigKeys (ConfUtils.java:logGet(43)) - raft.server.log.segment.size.max = 1048576 (custom)
2019-09-24 10:04:21,582 [pool-37-thread-1] INFO  server.RaftServerConfigKeys (ConfUtils.java:logGet(43)) - raft.server.log.segment.cache.num.max = 2 (custom)
2019-09-24 10:04:21,582 [pool-37-thread-1] INFO  segmented.SegmentedRaftLogWorker (SegmentedRaftLogWorker.java:<init>(172)) - new 173df53c-8dc6-4b11-a763-b64e2e347262@group-401EF4A6389C-SegmentedRaftLogWorker for RaftStorage:Storage Directory /workdir/hadoop-ozone/integration-test/target/test-dir/MiniOzoneClusterImpl-d70413e3-a1ae-4d90-b762-cca2fb58af6e/datanode-1/data/ratis/5ec84ff2-6021-43db-9432-401ef4a6389c
2019-09-24 10:04:21,585 [pool-37-thread-1] INFO  server.RaftServerConfigKeys (ConfUtils.java:logGet(43)) - raft.server.log.queue.byte-limit = 2147483647 (custom)
2019-09-24 10:04:21,585 [pool-37-thread-1] INFO  server.RaftServerConfigKeys (ConfUtils.java:logGet(43)) - raft.server.log.queue.element-limit = 1024 (custom)
2019-09-24 10:04:21,586 [pool-37-thread-1] INFO  server.RaftServerConfigKeys (ConfUtils.java:logGet(43)) - raft.server.log.segment.size.max = 1048576 (custom)
2019-09-24 10:04:21,586 [pool-37-thread-1] INFO  server.RaftServerConfigKeys (ConfUtils.java:logGet(43)) - raft.server.log.preallocated.size = 16384 (custom)
2019-09-24 10:04:21,586 [pool-37-thread-1] INFO  server.RaftServerConfigKeys (ConfUtils.java:logGet(43)) - raft.server.log.write.buffer.size = 33554432 (custom)
2019-09-24 10:04:21,587 [pool-37-thread-1] INFO  server.RaftServerConfigKeys (ConfUtils.java:logGet(43)) - raft.server.log.force.sync.num = 128 (default)
2019-09-24 10:04:21,587 [pool-37-thread-1] INFO  server.RaftServerConfigKeys (ConfUtils.java:logGet(43)) - raft.server.log.statemachine.data.sync = true (default)
2019-09-24 10:04:21,587 [pool-37-thread-1] INFO  server.RaftServerConfigKeys (ConfUtils.java:logGet(43)) - raft.server.log.statemachine.data.sync.timeout = 10s (default)
2019-09-24 10:04:21,587 [pool-37-thread-1] INFO  server.RaftServerConfigKeys (ConfUtils.java:logGet(43)) - raft.server.log.statemachine.data.sync.timeout.retry = -1 (default)
2019-09-24 10:04:21,588 [pool-37-thread-1] INFO  server.RaftServerConfigKeys (ConfUtils.java:logGet(43)) - raft.server.log.statemachine.data.caching.enabled = true (custom)
2019-09-24 10:04:21,588 [pool-37-thread-1] INFO  segmented.SegmentedRaftLogWorker (SegmentedRaftLogWorker.java:lambda$new$0(132)) - 173df53c-8dc6-4b11-a763-b64e2e347262@group-401EF4A6389C-SegmentedRaftLogWorker: flushIndex: setUnconditionally 0 -> -1
2019-09-24 10:04:21,588 [pool-37-thread-1] INFO  server.RaftServerConfigKeys (ConfUtils.java:logGet(43)) - raft.server.snapshot.auto.trigger.enabled = true (custom)
2019-09-24 10:04:21,589 [pool-37-thread-1] INFO  server.RaftServerConfigKeys (ConfUtils.java:logGet(43)) - raft.server.snapshot.auto.trigger.threshold = 10000 (custom)
2019-09-24 10:04:21,589 [pool-37-thread-1] INFO  server.RaftServerConfigKeys (ConfUtils.java:logGet(43)) - raft.server.snapshot.retention.num.files = 5 (custom)
2019-09-24 10:04:21,589 [pool-37-thread-1] INFO  server.RaftServerConfigKeys (ConfUtils.java:logGet(43)) - raft.server.retrycache.expirytime = 600000ms (custom)
2019-09-24 10:04:21,591 [pool-37-thread-1] INFO  impl.RaftServerImpl (RaftServerImpl.java:start(185)) - 173df53c-8dc6-4b11-a763-b64e2e347262@group-401EF4A6389C: start as a follower, conf=-1: [173df53c-8dc6-4b11-a763-b64e2e347262:192.168.151.86:46014], old=null
2019-09-24 10:04:21,592 [pool-37-thread-1] INFO  impl.RaftServerImpl (RaftServerImpl.java:setRole(174)) - 173df53c-8dc6-4b11-a763-b64e2e347262@group-401EF4A6389C: changes role from      null to FOLLOWER at term 0 for startAsFollower
2019-09-24 10:04:21,592 [pool-37-thread-1] INFO  impl.RoleInfo (RoleInfo.java:updateAndGet(143)) - 173df53c-8dc6-4b11-a763-b64e2e347262: start FollowerState
2019-09-24 10:04:21,592 [pool-37-thread-1] INFO  util.JmxRegister (JmxRegister.java:tryRegister(44)) - Successfully registered JMX Bean with object name Ratis:service=RaftServer,group=group-401EF4A6389C,id=173df53c-8dc6-4b11-a763-b64e2e347262
2019-09-24 10:04:21,603 [RatisPipelineUtilsThread] INFO  pipeline.PipelineStateManager (PipelineStateManager.java:addPipeline(56)) - Created pipeline Pipeline[ Id: 5ec84ff2-6021-43db-9432-401ef4a6389c, Nodes: 173df53c-8dc6-4b11-a763-b64e2e347262{ip: 192.168.151.86, host: pr-hdds-2167-zx9qf-3539961911, networkLocation: /default-rack, certSerialId: null}, Type:RATIS, Factor:ONE, State:OPEN]
2019-09-24 10:04:21,622 [grpc-default-executor-0] INFO  impl.RaftServerProxy (RaftServerProxy.java:addNew(89)) - 73f5925b-aae6-4cfe-b968-198325afa02f: addNew group-B429C787C2D8:[73f5925b-aae6-4cfe-b968-198325afa02f:192.168.151.86:43477] returns group-B429C787C2D8:java.util.concurrent.CompletableFuture@674fd8dc[Not completed]
2019-09-24 10:04:21,624 [pool-67-thread-1] INFO  impl.RaftServerImpl (RaftServerImpl.java:<init>(95)) - 73f5925b-aae6-4cfe-b968-198325afa02f: new RaftServerImpl for group-B429C787C2D8:[73f5925b-aae6-4cfe-b968-198325afa02f:192.168.151.86:43477] with ContainerStateMachine:uninitialized
2019-09-24 10:04:21,624 [pool-67-thread-1] INFO  server.RaftServerConfigKeys (ConfUtils.java:logGet(43)) - raft.server.rpc.timeout.min = 5s (custom)
2019-09-24 10:04:21,624 [pool-67-thread-1] INFO  server.RaftServerConfigKeys (ConfUtils.java:logGet(43)) - raft.server.rpc.timeout.max = 5200ms (custom)
2019-09-24 10:04:21,624 [pool-67-thread-1] INFO  server.RaftServerConfigKeys (ConfUtils.java:logGet(43)) - raft.server.rpcslowness.timeout = 120s (custom)
2019-09-24 10:04:21,624 [pool-67-thread-1] INFO  server.RaftServerConfigKeys (ConfUtils.java:logGet(43)) - raft.server.sleep.deviation.threshold = 300 (default)
2019-09-24 10:04:21,624 [pool-67-thread-1] INFO  server.RaftServerConfigKeys (ConfUtils.java:logGet(43)) - raft.server.log.appender.install.snapshot.enabled = false (custom)
2019-09-24 10:04:21,624 [pool-67-thread-1] INFO  impl.RaftServerImpl (ServerState.java:<init>(103)) - 73f5925b-aae6-4cfe-b968-198325afa02f@group-B429C787C2D8: ConfigurationManager, init=-1: [73f5925b-aae6-4cfe-b968-198325afa02f:192.168.151.86:43477], old=null, confs=<EMPTY_MAP>
2019-09-24 10:04:21,625 [pool-67-thread-1] INFO  server.RaftServerConfigKeys (ConfUtils.java:logGet(43)) - raft.server.storage.dir = [/workdir/hadoop-ozone/integration-test/target/test-dir/MiniOzoneClusterImpl-d70413e3-a1ae-4d90-b762-cca2fb58af6e/datanode-4/data/ratis] (custom)
2019-09-24 10:04:21,625 [pool-67-thread-1] INFO  storage.RaftStorageDirectory (RaftStorageDirectory.java:analyzeStorage(246)) - The storage directory /workdir/hadoop-ozone/integration-test/target/test-dir/MiniOzoneClusterImpl-d70413e3-a1ae-4d90-b762-cca2fb58af6e/datanode-4/data/ratis/399fdcf4-9cbb-46ef-9b7e-b429c787c2d8 does not exist. Creating ...
2019-09-24 10:04:21,632 [pool-67-thread-1] INFO  storage.RaftStorageDirectory (RaftStorageDirectory.java:tryLock(328)) - Lock on /workdir/hadoop-ozone/integration-test/target/test-dir/MiniOzoneClusterImpl-d70413e3-a1ae-4d90-b762-cca2fb58af6e/datanode-4/data/ratis/399fdcf4-9cbb-46ef-9b7e-b429c787c2d8/in_use.lock acquired by nodename 21292@pr-hdds-2167-zx9qf-3539961911
2019-09-24 10:04:21,646 [pool-67-thread-1] INFO  storage.RaftStorage (RaftStorage.java:format(72)) - Storage directory /workdir/hadoop-ozone/integration-test/target/test-dir/MiniOzoneClusterImpl-d70413e3-a1ae-4d90-b762-cca2fb58af6e/datanode-4/data/ratis/399fdcf4-9cbb-46ef-9b7e-b429c787c2d8 has been successfully formatted.
2019-09-24 10:04:21,646 [pool-67-thread-1] INFO  ratis.ContainerStateMachine (ContainerStateMachine.java:loadSnapshot(230)) - group-B429C787C2D8: The snapshot info is null. Setting the last applied indexto:(t:0, i:~)
2019-09-24 10:04:21,646 [pool-67-thread-1] INFO  server.RaftServerConfigKeys (ConfUtils.java:logGet(43)) - raft.server.notification.no-leader.timeout = 120s (custom)
2019-09-24 10:04:21,646 [pool-67-thread-1] INFO  server.RaftServerConfigKeys (ConfUtils.java:logGet(43)) - raft.server.log.use.memory = false (default)
2019-09-24 10:04:21,646 [pool-67-thread-1] INFO  server.RaftServerConfigKeys (ConfUtils.java:logGet(43)) - raft.server.log.purge.gap = 1000000 (custom)
2019-09-24 10:04:21,646 [pool-67-thread-1] INFO  server.RaftServerConfigKeys (ConfUtils.java:logGet(43)) - raft.server.log.appender.buffer.byte-limit = 33554432 (custom)
2019-09-24 10:04:21,647 [pool-67-thread-1] INFO  server.RaftServerConfigKeys (ConfUtils.java:logGet(43)) - raft.server.log.segment.size.max = 1048576 (custom)
2019-09-24 10:04:21,647 [pool-67-thread-1] INFO  server.RaftServerConfigKeys (ConfUtils.java:logGet(43)) - raft.server.log.segment.cache.num.max = 2 (custom)
2019-09-24 10:04:21,647 [pool-67-thread-1] INFO  segmented.SegmentedRaftLogWorker (SegmentedRaftLogWorker.java:<init>(172)) - new 73f5925b-aae6-4cfe-b968-198325afa02f@group-B429C787C2D8-SegmentedRaftLogWorker for RaftStorage:Storage Directory /workdir/hadoop-ozone/integration-test/target/test-dir/MiniOzoneClusterImpl-d70413e3-a1ae-4d90-b762-cca2fb58af6e/datanode-4/data/ratis/399fdcf4-9cbb-46ef-9b7e-b429c787c2d8
2019-09-24 10:04:21,650 [pool-67-thread-1] INFO  server.RaftServerConfigKeys (ConfUtils.java:logGet(43)) - raft.server.log.queue.byte-limit = 2147483647 (custom)
2019-09-24 10:04:21,650 [pool-67-thread-1] INFO  server.RaftServerConfigKeys (ConfUtils.java:logGet(43)) - raft.server.log.queue.element-limit = 1024 (custom)
2019-09-24 10:04:21,650 [pool-67-thread-1] INFO  server.RaftServerConfigKeys (ConfUtils.java:logGet(43)) - raft.server.log.segment.size.max = 1048576 (custom)
2019-09-24 10:04:21,650 [pool-67-thread-1] INFO  server.RaftServerConfigKeys (ConfUtils.java:logGet(43)) - raft.server.log.preallocated.size = 16384 (custom)
2019-09-24 10:04:21,650 [pool-67-thread-1] INFO  server.RaftServerConfigKeys (ConfUtils.java:logGet(43)) - raft.server.log.write.buffer.size = 33554432 (custom)
2019-09-24 10:04:21,650 [pool-67-thread-1] INFO  server.RaftServerConfigKeys (ConfUtils.java:logGet(43)) - raft.server.log.force.sync.num = 128 (default)
2019-09-24 10:04:21,651 [pool-67-thread-1] INFO  server.RaftServerConfigKeys (ConfUtils.java:logGet(43)) - raft.server.log.statemachine.data.sync = true (default)
2019-09-24 10:04:21,651 [pool-67-thread-1] INFO  server.RaftServerConfigKeys (ConfUtils.java:logGet(43)) - raft.server.log.statemachine.data.sync.timeout = 10s (default)
2019-09-24 10:04:21,651 [pool-67-thread-1] INFO  server.RaftServerConfigKeys (ConfUtils.java:logGet(43)) - raft.server.log.statemachine.data.sync.timeout.retry = -1 (default)
2019-09-24 10:04:21,651 [pool-67-thread-1] INFO  server.RaftServerConfigKeys (ConfUtils.java:logGet(43)) - raft.server.log.statemachine.data.caching.enabled = true (custom)
2019-09-24 10:04:21,651 [pool-67-thread-1] INFO  segmented.SegmentedRaftLogWorker (SegmentedRaftLogWorker.java:lambda$new$0(132)) - 73f5925b-aae6-4cfe-b968-198325afa02f@group-B429C787C2D8-SegmentedRaftLogWorker: flushIndex: setUnconditionally 0 -> -1
2019-09-24 10:04:21,652 [pool-67-thread-1] INFO  server.RaftServerConfigKeys (ConfUtils.java:logGet(43)) - raft.server.snapshot.auto.trigger.enabled = true (custom)
2019-09-24 10:04:21,652 [pool-67-thread-1] INFO  server.RaftServerConfigKeys (ConfUtils.java:logGet(43)) - raft.server.snapshot.auto.trigger.threshold = 10000 (custom)
2019-09-24 10:04:21,652 [pool-67-thread-1] INFO  server.RaftServerConfigKeys (ConfUtils.java:logGet(43)) - raft.server.snapshot.retention.num.files = 5 (custom)
2019-09-24 10:04:21,652 [pool-67-thread-1] INFO  server.RaftServerConfigKeys (ConfUtils.java:logGet(43)) - raft.server.retrycache.expirytime = 600000ms (custom)
2019-09-24 10:04:21,655 [pool-67-thread-1] INFO  impl.RaftServerImpl (RaftServerImpl.java:start(185)) - 73f5925b-aae6-4cfe-b968-198325afa02f@group-B429C787C2D8: start as a follower, conf=-1: [73f5925b-aae6-4cfe-b968-198325afa02f:192.168.151.86:43477], old=null
2019-09-24 10:04:21,655 [pool-67-thread-1] INFO  impl.RaftServerImpl (RaftServerImpl.java:setRole(174)) - 73f5925b-aae6-4cfe-b968-198325afa02f@group-B429C787C2D8: changes role from      null to FOLLOWER at term 0 for startAsFollower
2019-09-24 10:04:21,655 [pool-67-thread-1] INFO  impl.RoleInfo (RoleInfo.java:updateAndGet(143)) - 73f5925b-aae6-4cfe-b968-198325afa02f: start FollowerState
2019-09-24 10:04:21,655 [pool-67-thread-1] INFO  util.JmxRegister (JmxRegister.java:tryRegister(44)) - Successfully registered JMX Bean with object name Ratis:service=RaftServer,group=group-B429C787C2D8,id=73f5925b-aae6-4cfe-b968-198325afa02f
2019-09-24 10:04:21,667 [RatisPipelineUtilsThread] INFO  pipeline.PipelineStateManager (PipelineStateManager.java:addPipeline(56)) - Created pipeline Pipeline[ Id: 399fdcf4-9cbb-46ef-9b7e-b429c787c2d8, Nodes: 73f5925b-aae6-4cfe-b968-198325afa02f{ip: 192.168.151.86, host: pr-hdds-2167-zx9qf-3539961911, networkLocation: /default-rack, certSerialId: null}, Type:RATIS, Factor:ONE, State:OPEN]
2019-09-24 10:04:21,680 [grpc-default-executor-0] INFO  impl.RaftServerProxy (RaftServerProxy.java:addNew(89)) - 6466b95d-6b72-4d21-84c8-24cbcbf62e03: addNew group-BACD66DCB554:[6466b95d-6b72-4d21-84c8-24cbcbf62e03:192.168.151.86:42626] returns group-BACD66DCB554:java.util.concurrent.CompletableFuture@79ac0d92[Not completed]
2019-09-24 10:04:21,682 [pool-87-thread-1] INFO  impl.RaftServerImpl (RaftServerImpl.java:<init>(95)) - 6466b95d-6b72-4d21-84c8-24cbcbf62e03: new RaftServerImpl for group-BACD66DCB554:[6466b95d-6b72-4d21-84c8-24cbcbf62e03:192.168.151.86:42626] with ContainerStateMachine:uninitialized
2019-09-24 10:04:21,683 [pool-87-thread-1] INFO  server.RaftServerConfigKeys (ConfUtils.java:logGet(43)) - raft.server.rpc.timeout.min = 5s (custom)
2019-09-24 10:04:21,683 [pool-87-thread-1] INFO  server.RaftServerConfigKeys (ConfUtils.java:logGet(43)) - raft.server.rpc.timeout.max = 5200ms (custom)
2019-09-24 10:04:21,683 [pool-87-thread-1] INFO  server.RaftServerConfigKeys (ConfUtils.java:logGet(43)) - raft.server.rpcslowness.timeout = 120s (custom)
2019-09-24 10:04:21,683 [pool-87-thread-1] INFO  server.RaftServerConfigKeys (ConfUtils.java:logGet(43)) - raft.server.sleep.deviation.threshold = 300 (default)
2019-09-24 10:04:21,683 [pool-87-thread-1] INFO  server.RaftServerConfigKeys (ConfUtils.java:logGet(43)) - raft.server.log.appender.install.snapshot.enabled = false (custom)
2019-09-24 10:04:21,683 [pool-87-thread-1] INFO  impl.RaftServerImpl (ServerState.java:<init>(103)) - 6466b95d-6b72-4d21-84c8-24cbcbf62e03@group-BACD66DCB554: ConfigurationManager, init=-1: [6466b95d-6b72-4d21-84c8-24cbcbf62e03:192.168.151.86:42626], old=null, confs=<EMPTY_MAP>
2019-09-24 10:04:21,684 [pool-87-thread-1] INFO  server.RaftServerConfigKeys (ConfUtils.java:logGet(43)) - raft.server.storage.dir = [/workdir/hadoop-ozone/integration-test/target/test-dir/MiniOzoneClusterImpl-d70413e3-a1ae-4d90-b762-cca2fb58af6e/datanode-6/data/ratis] (custom)
2019-09-24 10:04:21,684 [pool-87-thread-1] INFO  storage.RaftStorageDirectory (RaftStorageDirectory.java:analyzeStorage(246)) - The storage directory /workdir/hadoop-ozone/integration-test/target/test-dir/MiniOzoneClusterImpl-d70413e3-a1ae-4d90-b762-cca2fb58af6e/datanode-6/data/ratis/7eed4b7e-6dbd-4c7b-9752-bacd66dcb554 does not exist. Creating ...
2019-09-24 10:04:21,715 [pool-87-thread-1] INFO  storage.RaftStorageDirectory (RaftStorageDirectory.java:tryLock(328)) - Lock on /workdir/hadoop-ozone/integration-test/target/test-dir/MiniOzoneClusterImpl-d70413e3-a1ae-4d90-b762-cca2fb58af6e/datanode-6/data/ratis/7eed4b7e-6dbd-4c7b-9752-bacd66dcb554/in_use.lock acquired by nodename 21292@pr-hdds-2167-zx9qf-3539961911
2019-09-24 10:04:21,731 [pool-87-thread-1] INFO  storage.RaftStorage (RaftStorage.java:format(72)) - Storage directory /workdir/hadoop-ozone/integration-test/target/test-dir/MiniOzoneClusterImpl-d70413e3-a1ae-4d90-b762-cca2fb58af6e/datanode-6/data/ratis/7eed4b7e-6dbd-4c7b-9752-bacd66dcb554 has been successfully formatted.
2019-09-24 10:04:21,731 [pool-87-thread-1] INFO  ratis.ContainerStateMachine (ContainerStateMachine.java:loadSnapshot(230)) - group-BACD66DCB554: The snapshot info is null. Setting the last applied indexto:(t:0, i:~)
2019-09-24 10:04:21,732 [pool-87-thread-1] INFO  server.RaftServerConfigKeys (ConfUtils.java:logGet(43)) - raft.server.notification.no-leader.timeout = 120s (custom)
2019-09-24 10:04:21,732 [pool-87-thread-1] INFO  server.RaftServerConfigKeys (ConfUtils.java:logGet(43)) - raft.server.log.use.memory = false (default)
2019-09-24 10:04:21,732 [pool-87-thread-1] INFO  server.RaftServerConfigKeys (ConfUtils.java:logGet(43)) - raft.server.log.purge.gap = 1000000 (custom)
2019-09-24 10:04:21,732 [pool-87-thread-1] INFO  server.RaftServerConfigKeys (ConfUtils.java:logGet(43)) - raft.server.log.appender.buffer.byte-limit = 33554432 (custom)
2019-09-24 10:04:21,732 [pool-87-thread-1] INFO  server.RaftServerConfigKeys (ConfUtils.java:logGet(43)) - raft.server.log.segment.size.max = 1048576 (custom)
2019-09-24 10:04:21,732 [pool-87-thread-1] INFO  server.RaftServerConfigKeys (ConfUtils.java:logGet(43)) - raft.server.log.segment.cache.num.max = 2 (custom)
2019-09-24 10:04:21,732 [pool-87-thread-1] INFO  segmented.SegmentedRaftLogWorker (SegmentedRaftLogWorker.java:<init>(172)) - new 6466b95d-6b72-4d21-84c8-24cbcbf62e03@group-BACD66DCB554-SegmentedRaftLogWorker for RaftStorage:Storage Directory /workdir/hadoop-ozone/integration-test/target/test-dir/MiniOzoneClusterImpl-d70413e3-a1ae-4d90-b762-cca2fb58af6e/datanode-6/data/ratis/7eed4b7e-6dbd-4c7b-9752-bacd66dcb554
2019-09-24 10:04:21,735 [pool-87-thread-1] INFO  server.RaftServerConfigKeys (ConfUtils.java:logGet(43)) - raft.server.log.queue.byte-limit = 2147483647 (custom)
2019-09-24 10:04:21,735 [pool-87-thread-1] INFO  server.RaftServerConfigKeys (ConfUtils.java:logGet(43)) - raft.server.log.queue.element-limit = 1024 (custom)
2019-09-24 10:04:21,735 [pool-87-thread-1] INFO  server.RaftServerConfigKeys (ConfUtils.java:logGet(43)) - raft.server.log.segment.size.max = 1048576 (custom)
2019-09-24 10:04:21,735 [pool-87-thread-1] INFO  server.RaftServerConfigKeys (ConfUtils.java:logGet(43)) - raft.server.log.preallocated.size = 16384 (custom)
2019-09-24 10:04:21,735 [pool-87-thread-1] INFO  server.RaftServerConfigKeys (ConfUtils.java:logGet(43)) - raft.server.log.write.buffer.size = 33554432 (custom)
2019-09-24 10:04:21,735 [pool-87-thread-1] INFO  server.RaftServerConfigKeys (ConfUtils.java:logGet(43)) - raft.server.log.force.sync.num = 128 (default)
2019-09-24 10:04:21,736 [pool-87-thread-1] INFO  server.RaftServerConfigKeys (ConfUtils.java:logGet(43)) - raft.server.log.statemachine.data.sync = true (default)
2019-09-24 10:04:21,736 [pool-87-thread-1] INFO  server.RaftServerConfigKeys (ConfUtils.java:logGet(43)) - raft.server.log.statemachine.data.sync.timeout = 10s (default)
2019-09-24 10:04:21,736 [pool-87-thread-1] INFO  server.RaftServerConfigKeys (ConfUtils.java:logGet(43)) - raft.server.log.statemachine.data.sync.timeout.retry = -1 (default)
2019-09-24 10:04:21,736 [pool-87-thread-1] INFO  server.RaftServerConfigKeys (ConfUtils.java:logGet(43)) - raft.server.log.statemachine.data.caching.enabled = true (custom)
2019-09-24 10:04:21,736 [pool-87-thread-1] INFO  segmented.SegmentedRaftLogWorker (SegmentedRaftLogWorker.java:lambda$new$0(132)) - 6466b95d-6b72-4d21-84c8-24cbcbf62e03@group-BACD66DCB554-SegmentedRaftLogWorker: flushIndex: setUnconditionally 0 -> -1
2019-09-24 10:04:21,737 [pool-87-thread-1] INFO  server.RaftServerConfigKeys (ConfUtils.java:logGet(43)) - raft.server.snapshot.auto.trigger.enabled = true (custom)
2019-09-24 10:04:21,737 [pool-87-thread-1] INFO  server.RaftServerConfigKeys (ConfUtils.java:logGet(43)) - raft.server.snapshot.auto.trigger.threshold = 10000 (custom)
2019-09-24 10:04:21,737 [pool-87-thread-1] INFO  server.RaftServerConfigKeys (ConfUtils.java:logGet(43)) - raft.server.snapshot.retention.num.files = 5 (custom)
2019-09-24 10:04:21,737 [pool-87-thread-1] INFO  server.RaftServerConfigKeys (ConfUtils.java:logGet(43)) - raft.server.retrycache.expirytime = 600000ms (custom)
2019-09-24 10:04:21,739 [pool-87-thread-1] INFO  impl.RaftServerImpl (RaftServerImpl.java:start(185)) - 6466b95d-6b72-4d21-84c8-24cbcbf62e03@group-BACD66DCB554: start as a follower, conf=-1: [6466b95d-6b72-4d21-84c8-24cbcbf62e03:192.168.151.86:42626], old=null
2019-09-24 10:04:21,739 [pool-87-thread-1] INFO  impl.RaftServerImpl (RaftServerImpl.java:setRole(174)) - 6466b95d-6b72-4d21-84c8-24cbcbf62e03@group-BACD66DCB554: changes role from      null to FOLLOWER at term 0 for startAsFollower
2019-09-24 10:04:21,739 [pool-87-thread-1] INFO  impl.RoleInfo (RoleInfo.java:updateAndGet(143)) - 6466b95d-6b72-4d21-84c8-24cbcbf62e03: start FollowerState
2019-09-24 10:04:21,740 [pool-87-thread-1] INFO  util.JmxRegister (JmxRegister.java:tryRegister(44)) - Successfully registered JMX Bean with object name Ratis:service=RaftServer,group=group-BACD66DCB554,id=6466b95d-6b72-4d21-84c8-24cbcbf62e03
2019-09-24 10:04:21,755 [main] INFO  ozone.MiniOzoneClusterImpl (MiniOzoneClusterImpl.java:lambda$waitForClusterToBeReady$0(147)) - Cluster is ready. Got 7 of 7 DN Heartbeats.
2019-09-24 10:04:21,757 [RatisPipelineUtilsThread] INFO  pipeline.PipelineStateManager (PipelineStateManager.java:addPipeline(56)) - Created pipeline Pipeline[ Id: 7eed4b7e-6dbd-4c7b-9752-bacd66dcb554, Nodes: 6466b95d-6b72-4d21-84c8-24cbcbf62e03{ip: 192.168.151.86, host: pr-hdds-2167-zx9qf-3539961911, networkLocation: /default-rack, certSerialId: null}, Type:RATIS, Factor:ONE, State:OPEN]
2019-09-24 10:04:21,788 [grpc-default-executor-2] INFO  impl.RaftServerProxy (RaftServerProxy.java:addNew(89)) - c7ed17ba-dd2e-4d16-a999-1242f7359890: addNew group-BD290831E39A:[e624d7f2-a550-4cbc-b004-265b2259dace:192.168.151.86:39586, ac166eba-0491-4751-a0f9-d2aec0fce4ec:192.168.151.86:34380, c7ed17ba-dd2e-4d16-a999-1242f7359890:192.168.151.86:39246] returns group-BD290831E39A:java.util.concurrent.CompletableFuture@3e978e6[Not completed]
2019-09-24 10:04:21,788 [grpc-default-executor-1] INFO  impl.RaftServerProxy (RaftServerProxy.java:addNew(89)) - ac166eba-0491-4751-a0f9-d2aec0fce4ec: addNew group-BD290831E39A:[e624d7f2-a550-4cbc-b004-265b2259dace:192.168.151.86:39586, ac166eba-0491-4751-a0f9-d2aec0fce4ec:192.168.151.86:34380, c7ed17ba-dd2e-4d16-a999-1242f7359890:192.168.151.86:39246] returns group-BD290831E39A:java.util.concurrent.CompletableFuture@3f2aad5b[Not completed]
2019-09-24 10:04:21,788 [grpc-default-executor-0] INFO  impl.RaftServerProxy (RaftServerProxy.java:addNew(89)) - e624d7f2-a550-4cbc-b004-265b2259dace: addNew group-BD290831E39A:[e624d7f2-a550-4cbc-b004-265b2259dace:192.168.151.86:39586, ac166eba-0491-4751-a0f9-d2aec0fce4ec:192.168.151.86:34380, c7ed17ba-dd2e-4d16-a999-1242f7359890:192.168.151.86:39246] returns group-BD290831E39A:java.util.concurrent.CompletableFuture@763eaec9[Not completed]
2019-09-24 10:04:21,789 [pool-27-thread-1] INFO  impl.RaftServerImpl (RaftServerImpl.java:<init>(95)) - c7ed17ba-dd2e-4d16-a999-1242f7359890: new RaftServerImpl for group-BD290831E39A:[e624d7f2-a550-4cbc-b004-265b2259dace:192.168.151.86:39586, ac166eba-0491-4751-a0f9-d2aec0fce4ec:192.168.151.86:34380, c7ed17ba-dd2e-4d16-a999-1242f7359890:192.168.151.86:39246] with ContainerStateMachine:uninitialized
2019-09-24 10:04:21,789 [pool-27-thread-1] INFO  server.RaftServerConfigKeys (ConfUtils.java:logGet(43)) - raft.server.rpc.timeout.min = 5s (custom)
2019-09-24 10:04:21,790 [pool-27-thread-1] INFO  server.RaftServerConfigKeys (ConfUtils.java:logGet(43)) - raft.server.rpc.timeout.max = 5200ms (custom)
2019-09-24 10:04:21,790 [pool-27-thread-1] INFO  server.RaftServerConfigKeys (ConfUtils.java:logGet(43)) - raft.server.rpcslowness.timeout = 120s (custom)
2019-09-24 10:04:21,790 [pool-27-thread-1] INFO  server.RaftServerConfigKeys (ConfUtils.java:logGet(43)) - raft.server.sleep.deviation.threshold = 300 (default)
2019-09-24 10:04:21,790 [pool-27-thread-1] INFO  server.RaftServerConfigKeys (ConfUtils.java:logGet(43)) - raft.server.log.appender.install.snapshot.enabled = false (custom)
2019-09-24 10:04:21,790 [pool-27-thread-1] INFO  impl.RaftServerImpl (ServerState.java:<init>(103)) - c7ed17ba-dd2e-4d16-a999-1242f7359890@group-BD290831E39A: ConfigurationManager, init=-1: [e624d7f2-a550-4cbc-b004-265b2259dace:192.168.151.86:39586, ac166eba-0491-4751-a0f9-d2aec0fce4ec:192.168.151.86:34380, c7ed17ba-dd2e-4d16-a999-1242f7359890:192.168.151.86:39246], old=null, confs=<EMPTY_MAP>
2019-09-24 10:04:21,790 [pool-27-thread-1] INFO  server.RaftServerConfigKeys (ConfUtils.java:logGet(43)) - raft.server.storage.dir = [/workdir/hadoop-ozone/integration-test/target/test-dir/MiniOzoneClusterImpl-d70413e3-a1ae-4d90-b762-cca2fb58af6e/datanode-0/data/ratis] (custom)
2019-09-24 10:04:21,790 [pool-77-thread-1] INFO  impl.RaftServerImpl (RaftServerImpl.java:<init>(95)) - e624d7f2-a550-4cbc-b004-265b2259dace: new RaftServerImpl for group-BD290831E39A:[e624d7f2-a550-4cbc-b004-265b2259dace:192.168.151.86:39586, ac166eba-0491-4751-a0f9-d2aec0fce4ec:192.168.151.86:34380, c7ed17ba-dd2e-4d16-a999-1242f7359890:192.168.151.86:39246] with ContainerStateMachine:uninitialized
2019-09-24 10:04:21,790 [pool-27-thread-1] INFO  storage.RaftStorageDirectory (RaftStorageDirectory.java:analyzeStorage(246)) - The storage directory /workdir/hadoop-ozone/integration-test/target/test-dir/MiniOzoneClusterImpl-d70413e3-a1ae-4d90-b762-cca2fb58af6e/datanode-0/data/ratis/df7d5d25-9aa9-4428-bdda-bd290831e39a does not exist. Creating ...
2019-09-24 10:04:21,791 [pool-77-thread-1] INFO  server.RaftServerConfigKeys (ConfUtils.java:logGet(43)) - raft.server.rpc.timeout.min = 5s (custom)
2019-09-24 10:04:21,791 [pool-77-thread-1] INFO  server.RaftServerConfigKeys (ConfUtils.java:logGet(43)) - raft.server.rpc.timeout.max = 5200ms (custom)
2019-09-24 10:04:21,791 [pool-77-thread-1] INFO  server.RaftServerConfigKeys (ConfUtils.java:logGet(43)) - raft.server.rpcslowness.timeout = 120s (custom)
2019-09-24 10:04:21,791 [pool-77-thread-1] INFO  server.RaftServerConfigKeys (ConfUtils.java:logGet(43)) - raft.server.sleep.deviation.threshold = 300 (default)
2019-09-24 10:04:21,791 [pool-77-thread-1] INFO  server.RaftServerConfigKeys (ConfUtils.java:logGet(43)) - raft.server.log.appender.install.snapshot.enabled = false (custom)
2019-09-24 10:04:21,791 [pool-77-thread-1] INFO  impl.RaftServerImpl (ServerState.java:<init>(103)) - e624d7f2-a550-4cbc-b004-265b2259dace@group-BD290831E39A: ConfigurationManager, init=-1: [e624d7f2-a550-4cbc-b004-265b2259dace:192.168.151.86:39586, ac166eba-0491-4751-a0f9-d2aec0fce4ec:192.168.151.86:34380, c7ed17ba-dd2e-4d16-a999-1242f7359890:192.168.151.86:39246], old=null, confs=<EMPTY_MAP>
2019-09-24 10:04:21,792 [pool-77-thread-1] INFO  server.RaftServerConfigKeys (ConfUtils.java:logGet(43)) - raft.server.storage.dir = [/workdir/hadoop-ozone/integration-test/target/test-dir/MiniOzoneClusterImpl-d70413e3-a1ae-4d90-b762-cca2fb58af6e/datanode-5/data/ratis] (custom)
2019-09-24 10:04:21,792 [pool-47-thread-1] INFO  impl.RaftServerImpl (RaftServerImpl.java:<init>(95)) - ac166eba-0491-4751-a0f9-d2aec0fce4ec: new RaftServerImpl for group-BD290831E39A:[e624d7f2-a550-4cbc-b004-265b2259dace:192.168.151.86:39586, ac166eba-0491-4751-a0f9-d2aec0fce4ec:192.168.151.86:34380, c7ed17ba-dd2e-4d16-a999-1242f7359890:192.168.151.86:39246] with ContainerStateMachine:uninitialized
2019-09-24 10:04:21,792 [pool-77-thread-1] INFO  storage.RaftStorageDirectory (RaftStorageDirectory.java:analyzeStorage(246)) - The storage directory /workdir/hadoop-ozone/integration-test/target/test-dir/MiniOzoneClusterImpl-d70413e3-a1ae-4d90-b762-cca2fb58af6e/datanode-5/data/ratis/df7d5d25-9aa9-4428-bdda-bd290831e39a does not exist. Creating ...
2019-09-24 10:04:21,792 [pool-47-thread-1] INFO  server.RaftServerConfigKeys (ConfUtils.java:logGet(43)) - raft.server.rpc.timeout.min = 5s (custom)
2019-09-24 10:04:21,792 [pool-47-thread-1] INFO  server.RaftServerConfigKeys (ConfUtils.java:logGet(43)) - raft.server.rpc.timeout.max = 5200ms (custom)
2019-09-24 10:04:21,792 [pool-47-thread-1] INFO  server.RaftServerConfigKeys (ConfUtils.java:logGet(43)) - raft.server.rpcslowness.timeout = 120s (custom)
2019-09-24 10:04:21,793 [pool-47-thread-1] INFO  server.RaftServerConfigKeys (ConfUtils.java:logGet(43)) - raft.server.sleep.deviation.threshold = 300 (default)
2019-09-24 10:04:21,793 [pool-47-thread-1] INFO  server.RaftServerConfigKeys (ConfUtils.java:logGet(43)) - raft.server.log.appender.install.snapshot.enabled = false (custom)
2019-09-24 10:04:21,793 [pool-47-thread-1] INFO  impl.RaftServerImpl (ServerState.java:<init>(103)) - ac166eba-0491-4751-a0f9-d2aec0fce4ec@group-BD290831E39A: ConfigurationManager, init=-1: [e624d7f2-a550-4cbc-b004-265b2259dace:192.168.151.86:39586, ac166eba-0491-4751-a0f9-d2aec0fce4ec:192.168.151.86:34380, c7ed17ba-dd2e-4d16-a999-1242f7359890:192.168.151.86:39246], old=null, confs=<EMPTY_MAP>
2019-09-24 10:04:21,793 [pool-47-thread-1] INFO  server.RaftServerConfigKeys (ConfUtils.java:logGet(43)) - raft.server.storage.dir = [/workdir/hadoop-ozone/integration-test/target/test-dir/MiniOzoneClusterImpl-d70413e3-a1ae-4d90-b762-cca2fb58af6e/datanode-2/data/ratis] (custom)
2019-09-24 10:04:21,794 [pool-47-thread-1] INFO  storage.RaftStorageDirectory (RaftStorageDirectory.java:analyzeStorage(246)) - The storage directory /workdir/hadoop-ozone/integration-test/target/test-dir/MiniOzoneClusterImpl-d70413e3-a1ae-4d90-b762-cca2fb58af6e/datanode-2/data/ratis/df7d5d25-9aa9-4428-bdda-bd290831e39a does not exist. Creating ...
2019-09-24 10:04:21,805 [pool-27-thread-1] INFO  storage.RaftStorageDirectory (RaftStorageDirectory.java:tryLock(328)) - Lock on /workdir/hadoop-ozone/integration-test/target/test-dir/MiniOzoneClusterImpl-d70413e3-a1ae-4d90-b762-cca2fb58af6e/datanode-0/data/ratis/df7d5d25-9aa9-4428-bdda-bd290831e39a/in_use.lock acquired by nodename 21292@pr-hdds-2167-zx9qf-3539961911
2019-09-24 10:04:21,805 [pool-47-thread-1] INFO  storage.RaftStorageDirectory (RaftStorageDirectory.java:tryLock(328)) - Lock on /workdir/hadoop-ozone/integration-test/target/test-dir/MiniOzoneClusterImpl-d70413e3-a1ae-4d90-b762-cca2fb58af6e/datanode-2/data/ratis/df7d5d25-9aa9-4428-bdda-bd290831e39a/in_use.lock acquired by nodename 21292@pr-hdds-2167-zx9qf-3539961911
2019-09-24 10:04:21,805 [pool-77-thread-1] INFO  storage.RaftStorageDirectory (RaftStorageDirectory.java:tryLock(328)) - Lock on /workdir/hadoop-ozone/integration-test/target/test-dir/MiniOzoneClusterImpl-d70413e3-a1ae-4d90-b762-cca2fb58af6e/datanode-5/data/ratis/df7d5d25-9aa9-4428-bdda-bd290831e39a/in_use.lock acquired by nodename 21292@pr-hdds-2167-zx9qf-3539961911
2019-09-24 10:04:21,818 [pool-77-thread-1] INFO  storage.RaftStorage (RaftStorage.java:format(72)) - Storage directory /workdir/hadoop-ozone/integration-test/target/test-dir/MiniOzoneClusterImpl-d70413e3-a1ae-4d90-b762-cca2fb58af6e/datanode-5/data/ratis/df7d5d25-9aa9-4428-bdda-bd290831e39a has been successfully formatted.
2019-09-24 10:04:21,818 [pool-47-thread-1] INFO  storage.RaftStorage (RaftStorage.java:format(72)) - Storage directory /workdir/hadoop-ozone/integration-test/target/test-dir/MiniOzoneClusterImpl-d70413e3-a1ae-4d90-b762-cca2fb58af6e/datanode-2/data/ratis/df7d5d25-9aa9-4428-bdda-bd290831e39a has been successfully formatted.
2019-09-24 10:04:21,818 [pool-27-thread-1] INFO  storage.RaftStorage (RaftStorage.java:format(72)) - Storage directory /workdir/hadoop-ozone/integration-test/target/test-dir/MiniOzoneClusterImpl-d70413e3-a1ae-4d90-b762-cca2fb58af6e/datanode-0/data/ratis/df7d5d25-9aa9-4428-bdda-bd290831e39a has been successfully formatted.
2019-09-24 10:04:21,819 [pool-77-thread-1] INFO  ratis.ContainerStateMachine (ContainerStateMachine.java:loadSnapshot(230)) - group-BD290831E39A: The snapshot info is null. Setting the last applied indexto:(t:0, i:~)
2019-09-24 10:04:21,819 [pool-27-thread-1] INFO  ratis.ContainerStateMachine (ContainerStateMachine.java:loadSnapshot(230)) - group-BD290831E39A: The snapshot info is null. Setting the last applied indexto:(t:0, i:~)
2019-09-24 10:04:21,819 [pool-47-thread-1] INFO  ratis.ContainerStateMachine (ContainerStateMachine.java:loadSnapshot(230)) - group-BD290831E39A: The snapshot info is null. Setting the last applied indexto:(t:0, i:~)
2019-09-24 10:04:21,819 [pool-27-thread-1] INFO  server.RaftServerConfigKeys (ConfUtils.java:logGet(43)) - raft.server.notification.no-leader.timeout = 120s (custom)
2019-09-24 10:04:21,819 [pool-77-thread-1] INFO  server.RaftServerConfigKeys (ConfUtils.java:logGet(43)) - raft.server.notification.no-leader.timeout = 120s (custom)
2019-09-24 10:04:21,819 [pool-27-thread-1] INFO  server.RaftServerConfigKeys (ConfUtils.java:logGet(43)) - raft.server.log.use.memory = false (default)
2019-09-24 10:04:21,819 [pool-47-thread-1] INFO  server.RaftServerConfigKeys (ConfUtils.java:logGet(43)) - raft.server.notification.no-leader.timeout = 120s (custom)
2019-09-24 10:04:21,819 [pool-27-thread-1] INFO  server.RaftServerConfigKeys (ConfUtils.java:logGet(43)) - raft.server.log.purge.gap = 1000000 (custom)
2019-09-24 10:04:21,819 [pool-77-thread-1] INFO  server.RaftServerConfigKeys (ConfUtils.java:logGet(43)) - raft.server.log.use.memory = false (default)
2019-09-24 10:04:21,820 [pool-27-thread-1] INFO  server.RaftServerConfigKeys (ConfUtils.java:logGet(43)) - raft.server.log.appender.buffer.byte-limit = 33554432 (custom)
2019-09-24 10:04:21,820 [pool-47-thread-1] INFO  server.RaftServerConfigKeys (ConfUtils.java:logGet(43)) - raft.server.log.use.memory = false (default)
2019-09-24 10:04:21,820 [pool-27-thread-1] INFO  server.RaftServerConfigKeys (ConfUtils.java:logGet(43)) - raft.server.log.segment.size.max = 1048576 (custom)
2019-09-24 10:04:21,820 [pool-77-thread-1] INFO  server.RaftServerConfigKeys (ConfUtils.java:logGet(43)) - raft.server.log.purge.gap = 1000000 (custom)
2019-09-24 10:04:21,820 [pool-27-thread-1] INFO  server.RaftServerConfigKeys (ConfUtils.java:logGet(43)) - raft.server.log.segment.cache.num.max = 2 (custom)
2019-09-24 10:04:21,820 [pool-47-thread-1] INFO  server.RaftServerConfigKeys (ConfUtils.java:logGet(43)) - raft.server.log.purge.gap = 1000000 (custom)
2019-09-24 10:04:21,820 [pool-27-thread-1] INFO  segmented.SegmentedRaftLogWorker (SegmentedRaftLogWorker.java:<init>(172)) - new c7ed17ba-dd2e-4d16-a999-1242f7359890@group-BD290831E39A-SegmentedRaftLogWorker for RaftStorage:Storage Directory /workdir/hadoop-ozone/integration-test/target/test-dir/MiniOzoneClusterImpl-d70413e3-a1ae-4d90-b762-cca2fb58af6e/datanode-0/data/ratis/df7d5d25-9aa9-4428-bdda-bd290831e39a
2019-09-24 10:04:21,820 [pool-77-thread-1] INFO  server.RaftServerConfigKeys (ConfUtils.java:logGet(43)) - raft.server.log.appender.buffer.byte-limit = 33554432 (custom)
2019-09-24 10:04:21,821 [pool-27-thread-1] INFO  server.RaftServerConfigKeys (ConfUtils.java:logGet(43)) - raft.server.log.queue.byte-limit = 2147483647 (custom)
2019-09-24 10:04:21,820 [pool-47-thread-1] INFO  server.RaftServerConfigKeys (ConfUtils.java:logGet(43)) - raft.server.log.appender.buffer.byte-limit = 33554432 (custom)
2019-09-24 10:04:21,821 [pool-27-thread-1] INFO  server.RaftServerConfigKeys (ConfUtils.java:logGet(43)) - raft.server.log.queue.element-limit = 1024 (custom)
2019-09-24 10:04:21,821 [pool-77-thread-1] INFO  server.RaftServerConfigKeys (ConfUtils.java:logGet(43)) - raft.server.log.segment.size.max = 1048576 (custom)
2019-09-24 10:04:21,821 [pool-27-thread-1] INFO  server.RaftServerConfigKeys (ConfUtils.java:logGet(43)) - raft.server.log.segment.size.max = 1048576 (custom)
2019-09-24 10:04:21,821 [pool-47-thread-1] INFO  server.RaftServerConfigKeys (ConfUtils.java:logGet(43)) - raft.server.log.segment.size.max = 1048576 (custom)
2019-09-24 10:04:21,821 [pool-27-thread-1] INFO  server.RaftServerConfigKeys (ConfUtils.java:logGet(43)) - raft.server.log.preallocated.size = 16384 (custom)
2019-09-24 10:04:21,821 [pool-77-thread-1] INFO  server.RaftServerConfigKeys (ConfUtils.java:logGet(43)) - raft.server.log.segment.cache.num.max = 2 (custom)
2019-09-24 10:04:21,822 [pool-27-thread-1] INFO  server.RaftServerConfigKeys (ConfUtils.java:logGet(43)) - raft.server.log.write.buffer.size = 33554432 (custom)
2019-09-24 10:04:21,821 [pool-47-thread-1] INFO  server.RaftServerConfigKeys (ConfUtils.java:logGet(43)) - raft.server.log.segment.cache.num.max = 2 (custom)
2019-09-24 10:04:21,822 [pool-27-thread-1] INFO  server.RaftServerConfigKeys (ConfUtils.java:logGet(43)) - raft.server.log.force.sync.num = 128 (default)
2019-09-24 10:04:21,822 [pool-77-thread-1] INFO  segmented.SegmentedRaftLogWorker (SegmentedRaftLogWorker.java:<init>(172)) - new e624d7f2-a550-4cbc-b004-265b2259dace@group-BD290831E39A-SegmentedRaftLogWorker for RaftStorage:Storage Directory /workdir/hadoop-ozone/integration-test/target/test-dir/MiniOzoneClusterImpl-d70413e3-a1ae-4d90-b762-cca2fb58af6e/datanode-5/data/ratis/df7d5d25-9aa9-4428-bdda-bd290831e39a
2019-09-24 10:04:21,822 [pool-27-thread-1] INFO  server.RaftServerConfigKeys (ConfUtils.java:logGet(43)) - raft.server.log.statemachine.data.sync = true (default)
2019-09-24 10:04:21,822 [pool-47-thread-1] INFO  segmented.SegmentedRaftLogWorker (SegmentedRaftLogWorker.java:<init>(172)) - new ac166eba-0491-4751-a0f9-d2aec0fce4ec@group-BD290831E39A-SegmentedRaftLogWorker for RaftStorage:Storage Directory /workdir/hadoop-ozone/integration-test/target/test-dir/MiniOzoneClusterImpl-d70413e3-a1ae-4d90-b762-cca2fb58af6e/datanode-2/data/ratis/df7d5d25-9aa9-4428-bdda-bd290831e39a
2019-09-24 10:04:21,822 [pool-27-thread-1] INFO  server.RaftServerConfigKeys (ConfUtils.java:logGet(43)) - raft.server.log.statemachine.data.sync.timeout = 10s (default)
2019-09-24 10:04:21,822 [pool-77-thread-1] INFO  server.RaftServerConfigKeys (ConfUtils.java:logGet(43)) - raft.server.log.queue.byte-limit = 2147483647 (custom)
2019-09-24 10:04:21,823 [pool-27-thread-1] INFO  server.RaftServerConfigKeys (ConfUtils.java:logGet(43)) - raft.server.log.statemachine.data.sync.timeout.retry = -1 (default)
2019-09-24 10:04:21,823 [pool-47-thread-1] INFO  server.RaftServerConfigKeys (ConfUtils.java:logGet(43)) - raft.server.log.queue.byte-limit = 2147483647 (custom)
2019-09-24 10:04:21,823 [pool-27-thread-1] INFO  server.RaftServerConfigKeys (ConfUtils.java:logGet(43)) - raft.server.log.statemachine.data.caching.enabled = true (custom)
2019-09-24 10:04:21,823 [pool-77-thread-1] INFO  server.RaftServerConfigKeys (ConfUtils.java:logGet(43)) - raft.server.log.queue.element-limit = 1024 (custom)
2019-09-24 10:04:21,823 [pool-47-thread-1] INFO  server.RaftServerConfigKeys (ConfUtils.java:logGet(43)) - raft.server.log.queue.element-limit = 1024 (custom)
2019-09-24 10:04:21,823 [pool-77-thread-1] INFO  server.RaftServerConfigKeys (ConfUtils.java:logGet(43)) - raft.server.log.segment.size.max = 1048576 (custom)
2019-09-24 10:04:21,823 [pool-47-thread-1] INFO  server.RaftServerConfigKeys (ConfUtils.java:logGet(43)) - raft.server.log.segment.size.max = 1048576 (custom)
2019-09-24 10:04:21,823 [pool-27-thread-1] INFO  segmented.SegmentedRaftLogWorker (SegmentedRaftLogWorker.java:lambda$new$0(132)) - c7ed17ba-dd2e-4d16-a999-1242f7359890@group-BD290831E39A-SegmentedRaftLogWorker: flushIndex: setUnconditionally 0 -> -1
2019-09-24 10:04:21,824 [pool-47-thread-1] INFO  server.RaftServerConfigKeys (ConfUtils.java:logGet(43)) - raft.server.log.preallocated.size = 16384 (custom)
2019-09-24 10:04:21,824 [pool-47-thread-1] INFO  server.RaftServerConfigKeys (ConfUtils.java:logGet(43)) - raft.server.log.write.buffer.size = 33554432 (custom)
2019-09-24 10:04:21,823 [pool-77-thread-1] INFO  server.RaftServerConfigKeys (ConfUtils.java:logGet(43)) - raft.server.log.preallocated.size = 16384 (custom)
2019-09-24 10:04:21,824 [pool-27-thread-1] INFO  server.RaftServerConfigKeys (ConfUtils.java:logGet(43)) - raft.server.snapshot.auto.trigger.enabled = true (custom)
2019-09-24 10:04:21,824 [pool-47-thread-1] INFO  server.RaftServerConfigKeys (ConfUtils.java:logGet(43)) - raft.server.log.force.sync.num = 128 (default)
2019-09-24 10:04:21,824 [pool-27-thread-1] INFO  server.RaftServerConfigKeys (ConfUtils.java:logGet(43)) - raft.server.snapshot.auto.trigger.threshold = 10000 (custom)
2019-09-24 10:04:21,824 [pool-77-thread-1] INFO  server.RaftServerConfigKeys (ConfUtils.java:logGet(43)) - raft.server.log.write.buffer.size = 33554432 (custom)
2019-09-24 10:04:21,824 [pool-27-thread-1] INFO  server.RaftServerConfigKeys (ConfUtils.java:logGet(43)) - raft.server.snapshot.retention.num.files = 5 (custom)
2019-09-24 10:04:21,824 [pool-47-thread-1] INFO  server.RaftServerConfigKeys (ConfUtils.java:logGet(43)) - raft.server.log.statemachine.data.sync = true (default)
2019-09-24 10:04:21,825 [pool-27-thread-1] INFO  server.RaftServerConfigKeys (ConfUtils.java:logGet(43)) - raft.server.retrycache.expirytime = 600000ms (custom)
2019-09-24 10:04:21,825 [pool-77-thread-1] INFO  server.RaftServerConfigKeys (ConfUtils.java:logGet(43)) - raft.server.log.force.sync.num = 128 (default)
2019-09-24 10:04:21,825 [pool-47-thread-1] INFO  server.RaftServerConfigKeys (ConfUtils.java:logGet(43)) - raft.server.log.statemachine.data.sync.timeout = 10s (default)
2019-09-24 10:04:21,825 [pool-77-thread-1] INFO  server.RaftServerConfigKeys (ConfUtils.java:logGet(43)) - raft.server.log.statemachine.data.sync = true (default)
2019-09-24 10:04:21,825 [pool-47-thread-1] INFO  server.RaftServerConfigKeys (ConfUtils.java:logGet(43)) - raft.server.log.statemachine.data.sync.timeout.retry = -1 (default)
2019-09-24 10:04:21,825 [pool-77-thread-1] INFO  server.RaftServerConfigKeys (ConfUtils.java:logGet(43)) - raft.server.log.statemachine.data.sync.timeout = 10s (default)
2019-09-24 10:04:21,825 [pool-47-thread-1] INFO  server.RaftServerConfigKeys (ConfUtils.java:logGet(43)) - raft.server.log.statemachine.data.caching.enabled = true (custom)
2019-09-24 10:04:21,825 [pool-77-thread-1] INFO  server.RaftServerConfigKeys (ConfUtils.java:logGet(43)) - raft.server.log.statemachine.data.sync.timeout.retry = -1 (default)
2019-09-24 10:04:21,826 [pool-47-thread-1] INFO  segmented.SegmentedRaftLogWorker (SegmentedRaftLogWorker.java:lambda$new$0(132)) - ac166eba-0491-4751-a0f9-d2aec0fce4ec@group-BD290831E39A-SegmentedRaftLogWorker: flushIndex: setUnconditionally 0 -> -1
2019-09-24 10:04:21,826 [pool-77-thread-1] INFO  server.RaftServerConfigKeys (ConfUtils.java:logGet(43)) - raft.server.log.statemachine.data.caching.enabled = true (custom)
2019-09-24 10:04:21,826 [pool-47-thread-1] INFO  server.RaftServerConfigKeys (ConfUtils.java:logGet(43)) - raft.server.snapshot.auto.trigger.enabled = true (custom)
2019-09-24 10:04:21,826 [pool-77-thread-1] INFO  segmented.SegmentedRaftLogWorker (SegmentedRaftLogWorker.java:lambda$new$0(132)) - e624d7f2-a550-4cbc-b004-265b2259dace@group-BD290831E39A-SegmentedRaftLogWorker: flushIndex: setUnconditionally 0 -> -1
2019-09-24 10:04:21,826 [pool-47-thread-1] INFO  server.RaftServerConfigKeys (ConfUtils.java:logGet(43)) - raft.server.snapshot.auto.trigger.threshold = 10000 (custom)
2019-09-24 10:04:21,826 [pool-47-thread-1] INFO  server.RaftServerConfigKeys (ConfUtils.java:logGet(43)) - raft.server.snapshot.retention.num.files = 5 (custom)
2019-09-24 10:04:21,826 [pool-77-thread-1] INFO  server.RaftServerConfigKeys (ConfUtils.java:logGet(43)) - raft.server.snapshot.auto.trigger.enabled = true (custom)
2019-09-24 10:04:21,826 [pool-47-thread-1] INFO  server.RaftServerConfigKeys (ConfUtils.java:logGet(43)) - raft.server.retrycache.expirytime = 600000ms (custom)
2019-09-24 10:04:21,826 [pool-77-thread-1] INFO  server.RaftServerConfigKeys (ConfUtils.java:logGet(43)) - raft.server.snapshot.auto.trigger.threshold = 10000 (custom)
2019-09-24 10:04:21,827 [pool-77-thread-1] INFO  server.RaftServerConfigKeys (ConfUtils.java:logGet(43)) - raft.server.snapshot.retention.num.files = 5 (custom)
2019-09-24 10:04:21,827 [pool-77-thread-1] INFO  server.RaftServerConfigKeys (ConfUtils.java:logGet(43)) - raft.server.retrycache.expirytime = 600000ms (custom)
2019-09-24 10:04:21,828 [pool-27-thread-1] INFO  impl.RaftServerImpl (RaftServerImpl.java:start(185)) - c7ed17ba-dd2e-4d16-a999-1242f7359890@group-BD290831E39A: start as a follower, conf=-1: [e624d7f2-a550-4cbc-b004-265b2259dace:192.168.151.86:39586, ac166eba-0491-4751-a0f9-d2aec0fce4ec:192.168.151.86:34380, c7ed17ba-dd2e-4d16-a999-1242f7359890:192.168.151.86:39246], old=null
2019-09-24 10:04:21,829 [pool-27-thread-1] INFO  impl.RaftServerImpl (RaftServerImpl.java:setRole(174)) - c7ed17ba-dd2e-4d16-a999-1242f7359890@group-BD290831E39A: changes role from      null to FOLLOWER at term 0 for startAsFollower
2019-09-24 10:04:21,829 [pool-27-thread-1] INFO  impl.RoleInfo (RoleInfo.java:updateAndGet(143)) - c7ed17ba-dd2e-4d16-a999-1242f7359890: start FollowerState
2019-09-24 10:04:21,829 [pool-27-thread-1] INFO  util.JmxRegister (JmxRegister.java:tryRegister(44)) - Successfully registered JMX Bean with object name Ratis:service=RaftServer,group=group-BD290831E39A,id=c7ed17ba-dd2e-4d16-a999-1242f7359890
2019-09-24 10:04:21,829 [pool-47-thread-1] INFO  impl.RaftServerImpl (RaftServerImpl.java:start(185)) - ac166eba-0491-4751-a0f9-d2aec0fce4ec@group-BD290831E39A: start as a follower, conf=-1: [e624d7f2-a550-4cbc-b004-265b2259dace:192.168.151.86:39586, ac166eba-0491-4751-a0f9-d2aec0fce4ec:192.168.151.86:34380, c7ed17ba-dd2e-4d16-a999-1242f7359890:192.168.151.86:39246], old=null
2019-09-24 10:04:21,830 [pool-47-thread-1] INFO  impl.RaftServerImpl (RaftServerImpl.java:setRole(174)) - ac166eba-0491-4751-a0f9-d2aec0fce4ec@group-BD290831E39A: changes role from      null to FOLLOWER at term 0 for startAsFollower
2019-09-24 10:04:21,830 [pool-77-thread-1] INFO  impl.RaftServerImpl (RaftServerImpl.java:start(185)) - e624d7f2-a550-4cbc-b004-265b2259dace@group-BD290831E39A: start as a follower, conf=-1: [e624d7f2-a550-4cbc-b004-265b2259dace:192.168.151.86:39586, ac166eba-0491-4751-a0f9-d2aec0fce4ec:192.168.151.86:34380, c7ed17ba-dd2e-4d16-a999-1242f7359890:192.168.151.86:39246], old=null
2019-09-24 10:04:21,830 [pool-47-thread-1] INFO  impl.RoleInfo (RoleInfo.java:updateAndGet(143)) - ac166eba-0491-4751-a0f9-d2aec0fce4ec: start FollowerState
2019-09-24 10:04:21,830 [pool-77-thread-1] INFO  impl.RaftServerImpl (RaftServerImpl.java:setRole(174)) - e624d7f2-a550-4cbc-b004-265b2259dace@group-BD290831E39A: changes role from      null to FOLLOWER at term 0 for startAsFollower
2019-09-24 10:04:21,830 [pool-77-thread-1] INFO  impl.RoleInfo (RoleInfo.java:updateAndGet(143)) - e624d7f2-a550-4cbc-b004-265b2259dace: start FollowerState
2019-09-24 10:04:21,830 [pool-47-thread-1] INFO  util.JmxRegister (JmxRegister.java:tryRegister(44)) - Successfully registered JMX Bean with object name Ratis:service=RaftServer,group=group-BD290831E39A,id=ac166eba-0491-4751-a0f9-d2aec0fce4ec
2019-09-24 10:04:21,830 [pool-77-thread-1] INFO  util.JmxRegister (JmxRegister.java:tryRegister(44)) - Successfully registered JMX Bean with object name Ratis:service=RaftServer,group=group-BD290831E39A,id=e624d7f2-a550-4cbc-b004-265b2259dace
2019-09-24 10:04:21,850 [RatisPipelineUtilsThread] INFO  pipeline.PipelineStateManager (PipelineStateManager.java:addPipeline(56)) - Created pipeline Pipeline[ Id: df7d5d25-9aa9-4428-bdda-bd290831e39a, Nodes: c7ed17ba-dd2e-4d16-a999-1242f7359890{ip: 192.168.151.86, host: pr-hdds-2167-zx9qf-3539961911, networkLocation: /default-rack, certSerialId: null}e624d7f2-a550-4cbc-b004-265b2259dace{ip: 192.168.151.86, host: pr-hdds-2167-zx9qf-3539961911, networkLocation: /default-rack, certSerialId: null}ac166eba-0491-4751-a0f9-d2aec0fce4ec{ip: 192.168.151.86, host: pr-hdds-2167-zx9qf-3539961911, networkLocation: /default-rack, certSerialId: null}, Type:RATIS, Factor:THREE, State:OPEN]
2019-09-24 10:04:21,877 [grpc-default-executor-0] INFO  impl.RaftServerProxy (RaftServerProxy.java:addNew(89)) - 173df53c-8dc6-4b11-a763-b64e2e347262: addNew group-0703CE367BA1:[173df53c-8dc6-4b11-a763-b64e2e347262:192.168.151.86:46014, 9fbd6b61-d2a0-4662-aa0c-aa486ff00031:192.168.151.86:45499, 73f5925b-aae6-4cfe-b968-198325afa02f:192.168.151.86:43477] returns group-0703CE367BA1:java.util.concurrent.CompletableFuture@6ac4fd15[Not completed]
2019-09-24 10:04:21,877 [grpc-default-executor-2] INFO  impl.RaftServerProxy (RaftServerProxy.java:addNew(89)) - 9fbd6b61-d2a0-4662-aa0c-aa486ff00031: addNew group-0703CE367BA1:[173df53c-8dc6-4b11-a763-b64e2e347262:192.168.151.86:46014, 9fbd6b61-d2a0-4662-aa0c-aa486ff00031:192.168.151.86:45499, 73f5925b-aae6-4cfe-b968-198325afa02f:192.168.151.86:43477] returns group-0703CE367BA1:java.util.concurrent.CompletableFuture@4767d017[Not completed]
2019-09-24 10:04:21,877 [grpc-default-executor-1] INFO  impl.RaftServerProxy (RaftServerProxy.java:addNew(89)) - 73f5925b-aae6-4cfe-b968-198325afa02f: addNew group-0703CE367BA1:[173df53c-8dc6-4b11-a763-b64e2e347262:192.168.151.86:46014, 9fbd6b61-d2a0-4662-aa0c-aa486ff00031:192.168.151.86:45499, 73f5925b-aae6-4cfe-b968-198325afa02f:192.168.151.86:43477] returns group-0703CE367BA1:java.util.concurrent.CompletableFuture@7e17a760[Not completed]
2019-09-24 10:04:21,879 [pool-37-thread-1] INFO  impl.RaftServerImpl (RaftServerImpl.java:<init>(95)) - 173df53c-8dc6-4b11-a763-b64e2e347262: new RaftServerImpl for group-0703CE367BA1:[173df53c-8dc6-4b11-a763-b64e2e347262:192.168.151.86:46014, 9fbd6b61-d2a0-4662-aa0c-aa486ff00031:192.168.151.86:45499, 73f5925b-aae6-4cfe-b968-198325afa02f:192.168.151.86:43477] with ContainerStateMachine:uninitialized
2019-09-24 10:04:21,879 [pool-37-thread-1] INFO  server.RaftServerConfigKeys (ConfUtils.java:logGet(43)) - raft.server.rpc.timeout.min = 5s (custom)
2019-09-24 10:04:21,879 [pool-37-thread-1] INFO  server.RaftServerConfigKeys (ConfUtils.java:logGet(43)) - raft.server.rpc.timeout.max = 5200ms (custom)
2019-09-24 10:04:21,880 [pool-37-thread-1] INFO  server.RaftServerConfigKeys (ConfUtils.java:logGet(43)) - raft.server.rpcslowness.timeout = 120s (custom)
2019-09-24 10:04:21,880 [pool-37-thread-1] INFO  server.RaftServerConfigKeys (ConfUtils.java:logGet(43)) - raft.server.sleep.deviation.threshold = 300 (default)
2019-09-24 10:04:21,880 [pool-37-thread-1] INFO  server.RaftServerConfigKeys (ConfUtils.java:logGet(43)) - raft.server.log.appender.install.snapshot.enabled = false (custom)
2019-09-24 10:04:21,880 [pool-37-thread-1] INFO  impl.RaftServerImpl (ServerState.java:<init>(103)) - 173df53c-8dc6-4b11-a763-b64e2e347262@group-0703CE367BA1: ConfigurationManager, init=-1: [173df53c-8dc6-4b11-a763-b64e2e347262:192.168.151.86:46014, 9fbd6b61-d2a0-4662-aa0c-aa486ff00031:192.168.151.86:45499, 73f5925b-aae6-4cfe-b968-198325afa02f:192.168.151.86:43477], old=null, confs=<EMPTY_MAP>
2019-09-24 10:04:21,880 [pool-37-thread-1] INFO  server.RaftServerConfigKeys (ConfUtils.java:logGet(43)) - raft.server.storage.dir = [/workdir/hadoop-ozone/integration-test/target/test-dir/MiniOzoneClusterImpl-d70413e3-a1ae-4d90-b762-cca2fb58af6e/datanode-1/data/ratis] (custom)
2019-09-24 10:04:21,880 [pool-37-thread-1] INFO  storage.RaftStorageDirectory (RaftStorageDirectory.java:analyzeStorage(246)) - The storage directory /workdir/hadoop-ozone/integration-test/target/test-dir/MiniOzoneClusterImpl-d70413e3-a1ae-4d90-b762-cca2fb58af6e/datanode-1/data/ratis/5319fc9f-e9f7-46c4-be08-0703ce367ba1 does not exist. Creating ...
2019-09-24 10:04:21,881 [pool-67-thread-1] INFO  impl.RaftServerImpl (RaftServerImpl.java:<init>(95)) - 73f5925b-aae6-4cfe-b968-198325afa02f: new RaftServerImpl for group-0703CE367BA1:[173df53c-8dc6-4b11-a763-b64e2e347262:192.168.151.86:46014, 9fbd6b61-d2a0-4662-aa0c-aa486ff00031:192.168.151.86:45499, 73f5925b-aae6-4cfe-b968-198325afa02f:192.168.151.86:43477] with ContainerStateMachine:uninitialized
2019-09-24 10:04:21,881 [pool-67-thread-1] INFO  server.RaftServerConfigKeys (ConfUtils.java:logGet(43)) - raft.server.rpc.timeout.min = 5s (custom)
2019-09-24 10:04:21,881 [pool-67-thread-1] INFO  server.RaftServerConfigKeys (ConfUtils.java:logGet(43)) - raft.server.rpc.timeout.max = 5200ms (custom)
2019-09-24 10:04:21,881 [pool-67-thread-1] INFO  server.RaftServerConfigKeys (ConfUtils.java:logGet(43)) - raft.server.rpcslowness.timeout = 120s (custom)
2019-09-24 10:04:21,881 [pool-57-thread-1] INFO  impl.RaftServerImpl (RaftServerImpl.java:<init>(95)) - 9fbd6b61-d2a0-4662-aa0c-aa486ff00031: new RaftServerImpl for group-0703CE367BA1:[173df53c-8dc6-4b11-a763-b64e2e347262:192.168.151.86:46014, 9fbd6b61-d2a0-4662-aa0c-aa486ff00031:192.168.151.86:45499, 73f5925b-aae6-4cfe-b968-198325afa02f:192.168.151.86:43477] with ContainerStateMachine:uninitialized
2019-09-24 10:04:21,881 [pool-67-thread-1] INFO  server.RaftServerConfigKeys (ConfUtils.java:logGet(43)) - raft.server.sleep.deviation.threshold = 300 (default)
2019-09-24 10:04:21,882 [pool-57-thread-1] INFO  server.RaftServerConfigKeys (ConfUtils.java:logGet(43)) - raft.server.rpc.timeout.min = 5s (custom)
2019-09-24 10:04:21,882 [pool-67-thread-1] INFO  server.RaftServerConfigKeys (ConfUtils.java:logGet(43)) - raft.server.log.appender.install.snapshot.enabled = false (custom)
2019-09-24 10:04:21,882 [pool-57-thread-1] INFO  server.RaftServerConfigKeys (ConfUtils.java:logGet(43)) - raft.server.rpc.timeout.max = 5200ms (custom)
2019-09-24 10:04:21,882 [pool-67-thread-1] INFO  impl.RaftServerImpl (ServerState.java:<init>(103)) - 73f5925b-aae6-4cfe-b968-198325afa02f@group-0703CE367BA1: ConfigurationManager, init=-1: [173df53c-8dc6-4b11-a763-b64e2e347262:192.168.151.86:46014, 9fbd6b61-d2a0-4662-aa0c-aa486ff00031:192.168.151.86:45499, 73f5925b-aae6-4cfe-b968-198325afa02f:192.168.151.86:43477], old=null, confs=<EMPTY_MAP>
2019-09-24 10:04:21,882 [pool-57-thread-1] INFO  server.RaftServerConfigKeys (ConfUtils.java:logGet(43)) - raft.server.rpcslowness.timeout = 120s (custom)
2019-09-24 10:04:21,882 [pool-57-thread-1] INFO  server.RaftServerConfigKeys (ConfUtils.java:logGet(43)) - raft.server.sleep.deviation.threshold = 300 (default)
2019-09-24 10:04:21,882 [pool-67-thread-1] INFO  server.RaftServerConfigKeys (ConfUtils.java:logGet(43)) - raft.server.storage.dir = [/workdir/hadoop-ozone/integration-test/target/test-dir/MiniOzoneClusterImpl-d70413e3-a1ae-4d90-b762-cca2fb58af6e/datanode-4/data/ratis] (custom)
2019-09-24 10:04:21,882 [pool-57-thread-1] INFO  server.RaftServerConfigKeys (ConfUtils.java:logGet(43)) - raft.server.log.appender.install.snapshot.enabled = false (custom)
2019-09-24 10:04:21,882 [pool-57-thread-1] INFO  impl.RaftServerImpl (ServerState.java:<init>(103)) - 9fbd6b61-d2a0-4662-aa0c-aa486ff00031@group-0703CE367BA1: ConfigurationManager, init=-1: [173df53c-8dc6-4b11-a763-b64e2e347262:192.168.151.86:46014, 9fbd6b61-d2a0-4662-aa0c-aa486ff00031:192.168.151.86:45499, 73f5925b-aae6-4cfe-b968-198325afa02f:192.168.151.86:43477], old=null, confs=<EMPTY_MAP>
2019-09-24 10:04:21,883 [pool-57-thread-1] INFO  server.RaftServerConfigKeys (ConfUtils.java:logGet(43)) - raft.server.storage.dir = [/workdir/hadoop-ozone/integration-test/target/test-dir/MiniOzoneClusterImpl-d70413e3-a1ae-4d90-b762-cca2fb58af6e/datanode-3/data/ratis] (custom)
2019-09-24 10:04:21,883 [pool-67-thread-1] INFO  storage.RaftStorageDirectory (RaftStorageDirectory.java:analyzeStorage(246)) - The storage directory /workdir/hadoop-ozone/integration-test/target/test-dir/MiniOzoneClusterImpl-d70413e3-a1ae-4d90-b762-cca2fb58af6e/datanode-4/data/ratis/5319fc9f-e9f7-46c4-be08-0703ce367ba1 does not exist. Creating ...
2019-09-24 10:04:21,883 [pool-57-thread-1] INFO  storage.RaftStorageDirectory (RaftStorageDirectory.java:analyzeStorage(246)) - The storage directory /workdir/hadoop-ozone/integration-test/target/test-dir/MiniOzoneClusterImpl-d70413e3-a1ae-4d90-b762-cca2fb58af6e/datanode-3/data/ratis/5319fc9f-e9f7-46c4-be08-0703ce367ba1 does not exist. Creating ...
2019-09-24 10:04:21,926 [pool-37-thread-1] INFO  storage.RaftStorageDirectory (RaftStorageDirectory.java:tryLock(328)) - Lock on /workdir/hadoop-ozone/integration-test/target/test-dir/MiniOzoneClusterImpl-d70413e3-a1ae-4d90-b762-cca2fb58af6e/datanode-1/data/ratis/5319fc9f-e9f7-46c4-be08-0703ce367ba1/in_use.lock acquired by nodename 21292@pr-hdds-2167-zx9qf-3539961911
2019-09-24 10:04:21,926 [pool-57-thread-1] INFO  storage.RaftStorageDirectory (RaftStorageDirectory.java:tryLock(328)) - Lock on /workdir/hadoop-ozone/integration-test/target/test-dir/MiniOzoneClusterImpl-d70413e3-a1ae-4d90-b762-cca2fb58af6e/datanode-3/data/ratis/5319fc9f-e9f7-46c4-be08-0703ce367ba1/in_use.lock acquired by nodename 21292@pr-hdds-2167-zx9qf-3539961911
2019-09-24 10:04:21,926 [pool-67-thread-1] INFO  storage.RaftStorageDirectory (RaftStorageDirectory.java:tryLock(328)) - Lock on /workdir/hadoop-ozone/integration-test/target/test-dir/MiniOzoneClusterImpl-d70413e3-a1ae-4d90-b762-cca2fb58af6e/datanode-4/data/ratis/5319fc9f-e9f7-46c4-be08-0703ce367ba1/in_use.lock acquired by nodename 21292@pr-hdds-2167-zx9qf-3539961911
2019-09-24 10:04:21,937 [pool-67-thread-1] INFO  storage.RaftStorage (RaftStorage.java:format(72)) - Storage directory /workdir/hadoop-ozone/integration-test/target/test-dir/MiniOzoneClusterImpl-d70413e3-a1ae-4d90-b762-cca2fb58af6e/datanode-4/data/ratis/5319fc9f-e9f7-46c4-be08-0703ce367ba1 has been successfully formatted.
2019-09-24 10:04:21,937 [pool-57-thread-1] INFO  storage.RaftStorage (RaftStorage.java:format(72)) - Storage directory /workdir/hadoop-ozone/integration-test/target/test-dir/MiniOzoneClusterImpl-d70413e3-a1ae-4d90-b762-cca2fb58af6e/datanode-3/data/ratis/5319fc9f-e9f7-46c4-be08-0703ce367ba1 has been successfully formatted.
2019-09-24 10:04:21,938 [pool-67-thread-1] INFO  ratis.ContainerStateMachine (ContainerStateMachine.java:loadSnapshot(230)) - group-0703CE367BA1: The snapshot info is null. Setting the last applied indexto:(t:0, i:~)
2019-09-24 10:04:21,937 [pool-37-thread-1] INFO  storage.RaftStorage (RaftStorage.java:format(72)) - Storage directory /workdir/hadoop-ozone/integration-test/target/test-dir/MiniOzoneClusterImpl-d70413e3-a1ae-4d90-b762-cca2fb58af6e/datanode-1/data/ratis/5319fc9f-e9f7-46c4-be08-0703ce367ba1 has been successfully formatted.
2019-09-24 10:04:21,938 [pool-67-thread-1] INFO  server.RaftServerConfigKeys (ConfUtils.java:logGet(43)) - raft.server.notification.no-leader.timeout = 120s (custom)
2019-09-24 10:04:21,938 [pool-57-thread-1] INFO  ratis.ContainerStateMachine (ContainerStateMachine.java:loadSnapshot(230)) - group-0703CE367BA1: The snapshot info is null. Setting the last applied indexto:(t:0, i:~)
2019-09-24 10:04:21,938 [pool-37-thread-1] INFO  ratis.ContainerStateMachine (ContainerStateMachine.java:loadSnapshot(230)) - group-0703CE367BA1: The snapshot info is null. Setting the last applied indexto:(t:0, i:~)
2019-09-24 10:04:21,938 [pool-67-thread-1] INFO  server.RaftServerConfigKeys (ConfUtils.java:logGet(43)) - raft.server.log.use.memory = false (default)
2019-09-24 10:04:21,938 [pool-37-thread-1] INFO  server.RaftServerConfigKeys (ConfUtils.java:logGet(43)) - raft.server.notification.no-leader.timeout = 120s (custom)
2019-09-24 10:04:21,938 [pool-57-thread-1] INFO  server.RaftServerConfigKeys (ConfUtils.java:logGet(43)) - raft.server.notification.no-leader.timeout = 120s (custom)
2019-09-24 10:04:21,938 [pool-37-thread-1] INFO  server.RaftServerConfigKeys (ConfUtils.java:logGet(43)) - raft.server.log.use.memory = false (default)
2019-09-24 10:04:21,938 [pool-67-thread-1] INFO  server.RaftServerConfigKeys (ConfUtils.java:logGet(43)) - raft.server.log.purge.gap = 1000000 (custom)
2019-09-24 10:04:21,939 [pool-37-thread-1] INFO  server.RaftServerConfigKeys (ConfUtils.java:logGet(43)) - raft.server.log.purge.gap = 1000000 (custom)
2019-09-24 10:04:21,939 [pool-57-thread-1] INFO  server.RaftServerConfigKeys (ConfUtils.java:logGet(43)) - raft.server.log.use.memory = false (default)
2019-09-24 10:04:21,939 [pool-37-thread-1] INFO  server.RaftServerConfigKeys (ConfUtils.java:logGet(43)) - raft.server.log.appender.buffer.byte-limit = 33554432 (custom)
2019-09-24 10:04:21,939 [pool-67-thread-1] INFO  server.RaftServerConfigKeys (ConfUtils.java:logGet(43)) - raft.server.log.appender.buffer.byte-limit = 33554432 (custom)
2019-09-24 10:04:21,939 [pool-37-thread-1] INFO  server.RaftServerConfigKeys (ConfUtils.java:logGet(43)) - raft.server.log.segment.size.max = 1048576 (custom)
2019-09-24 10:04:21,939 [pool-57-thread-1] INFO  server.RaftServerConfigKeys (ConfUtils.java:logGet(43)) - raft.server.log.purge.gap = 1000000 (custom)
2019-09-24 10:04:21,939 [pool-37-thread-1] INFO  server.RaftServerConfigKeys (ConfUtils.java:logGet(43)) - raft.server.log.segment.cache.num.max = 2 (custom)
2019-09-24 10:04:21,939 [pool-67-thread-1] INFO  server.RaftServerConfigKeys (ConfUtils.java:logGet(43)) - raft.server.log.segment.size.max = 1048576 (custom)
2019-09-24 10:04:21,940 [pool-37-thread-1] INFO  segmented.SegmentedRaftLogWorker (SegmentedRaftLogWorker.java:<init>(172)) - new 173df53c-8dc6-4b11-a763-b64e2e347262@group-0703CE367BA1-SegmentedRaftLogWorker for RaftStorage:Storage Directory /workdir/hadoop-ozone/integration-test/target/test-dir/MiniOzoneClusterImpl-d70413e3-a1ae-4d90-b762-cca2fb58af6e/datanode-1/data/ratis/5319fc9f-e9f7-46c4-be08-0703ce367ba1
2019-09-24 10:04:21,939 [pool-57-thread-1] INFO  server.RaftServerConfigKeys (ConfUtils.java:logGet(43)) - raft.server.log.appender.buffer.byte-limit = 33554432 (custom)
2019-09-24 10:04:21,940 [pool-37-thread-1] INFO  server.RaftServerConfigKeys (ConfUtils.java:logGet(43)) - raft.server.log.queue.byte-limit = 2147483647 (custom)
2019-09-24 10:04:21,940 [pool-67-thread-1] INFO  server.RaftServerConfigKeys (ConfUtils.java:logGet(43)) - raft.server.log.segment.cache.num.max = 2 (custom)
2019-09-24 10:04:21,940 [pool-37-thread-1] INFO  server.RaftServerConfigKeys (ConfUtils.java:logGet(43)) - raft.server.log.queue.element-limit = 1024 (custom)
2019-09-24 10:04:21,940 [pool-57-thread-1] INFO  server.RaftServerConfigKeys (ConfUtils.java:logGet(43)) - raft.server.log.segment.size.max = 1048576 (custom)
2019-09-24 10:04:21,940 [pool-37-thread-1] INFO  server.RaftServerConfigKeys (ConfUtils.java:logGet(43)) - raft.server.log.segment.size.max = 1048576 (custom)
2019-09-24 10:04:21,940 [pool-37-thread-1] INFO  server.RaftServerConfigKeys (ConfUtils.java:logGet(43)) - raft.server.log.preallocated.size = 16384 (custom)
2019-09-24 10:04:21,940 [pool-67-thread-1] INFO  segmented.SegmentedRaftLogWorker (SegmentedRaftLogWorker.java:<init>(172)) - new 73f5925b-aae6-4cfe-b968-198325afa02f@group-0703CE367BA1-SegmentedRaftLogWorker for RaftStorage:Storage Directory /workdir/hadoop-ozone/integration-test/target/test-dir/MiniOzoneClusterImpl-d70413e3-a1ae-4d90-b762-cca2fb58af6e/datanode-4/data/ratis/5319fc9f-e9f7-46c4-be08-0703ce367ba1
2019-09-24 10:04:21,940 [pool-37-thread-1] INFO  server.RaftServerConfigKeys (ConfUtils.java:logGet(43)) - raft.server.log.write.buffer.size = 33554432 (custom)
2019-09-24 10:04:21,940 [pool-57-thread-1] INFO  server.RaftServerConfigKeys (ConfUtils.java:logGet(43)) - raft.server.log.segment.cache.num.max = 2 (custom)
2019-09-24 10:04:21,941 [pool-37-thread-1] INFO  server.RaftServerConfigKeys (ConfUtils.java:logGet(43)) - raft.server.log.force.sync.num = 128 (default)
2019-09-24 10:04:21,941 [pool-67-thread-1] INFO  server.RaftServerConfigKeys (ConfUtils.java:logGet(43)) - raft.server.log.queue.byte-limit = 2147483647 (custom)
2019-09-24 10:04:21,941 [pool-37-thread-1] INFO  server.RaftServerConfigKeys (ConfUtils.java:logGet(43)) - raft.server.log.statemachine.data.sync = true (default)
2019-09-24 10:04:21,941 [pool-57-thread-1] INFO  segmented.SegmentedRaftLogWorker (SegmentedRaftLogWorker.java:<init>(172)) - new 9fbd6b61-d2a0-4662-aa0c-aa486ff00031@group-0703CE367BA1-SegmentedRaftLogWorker for RaftStorage:Storage Directory /workdir/hadoop-ozone/integration-test/target/test-dir/MiniOzoneClusterImpl-d70413e3-a1ae-4d90-b762-cca2fb58af6e/datanode-3/data/ratis/5319fc9f-e9f7-46c4-be08-0703ce367ba1
2019-09-24 10:04:21,941 [pool-37-thread-1] INFO  server.RaftServerConfigKeys (ConfUtils.java:logGet(43)) - raft.server.log.statemachine.data.sync.timeout = 10s (default)
2019-09-24 10:04:21,941 [pool-67-thread-1] INFO  server.RaftServerConfigKeys (ConfUtils.java:logGet(43)) - raft.server.log.queue.element-limit = 1024 (custom)
2019-09-24 10:04:21,941 [pool-37-thread-1] INFO  server.RaftServerConfigKeys (ConfUtils.java:logGet(43)) - raft.server.log.statemachine.data.sync.timeout.retry = -1 (default)
2019-09-24 10:04:21,941 [pool-57-thread-1] INFO  server.RaftServerConfigKeys (ConfUtils.java:logGet(43)) - raft.server.log.queue.byte-limit = 2147483647 (custom)
2019-09-24 10:04:21,942 [pool-37-thread-1] INFO  server.RaftServerConfigKeys (ConfUtils.java:logGet(43)) - raft.server.log.statemachine.data.caching.enabled = true (custom)
2019-09-24 10:04:21,942 [pool-67-thread-1] INFO  server.RaftServerConfigKeys (ConfUtils.java:logGet(43)) - raft.server.log.segment.size.max = 1048576 (custom)
2019-09-24 10:04:21,942 [pool-57-thread-1] INFO  server.RaftServerConfigKeys (ConfUtils.java:logGet(43)) - raft.server.log.queue.element-limit = 1024 (custom)
2019-09-24 10:04:21,942 [pool-37-thread-1] INFO  segmented.SegmentedRaftLogWorker (SegmentedRaftLogWorker.java:lambda$new$0(132)) - 173df53c-8dc6-4b11-a763-b64e2e347262@group-0703CE367BA1-SegmentedRaftLogWorker: flushIndex: setUnconditionally 0 -> -1
2019-09-24 10:04:21,942 [pool-67-thread-1] INFO  server.RaftServerConfigKeys (ConfUtils.java:logGet(43)) - raft.server.log.preallocated.size = 16384 (custom)
2019-09-24 10:04:21,942 [pool-57-thread-1] INFO  server.RaftServerConfigKeys (ConfUtils.java:logGet(43)) - raft.server.log.segment.size.max = 1048576 (custom)
2019-09-24 10:04:21,942 [pool-37-thread-1] INFO  server.RaftServerConfigKeys (ConfUtils.java:logGet(43)) - raft.server.snapshot.auto.trigger.enabled = true (custom)
2019-09-24 10:04:21,942 [pool-67-thread-1] INFO  server.RaftServerConfigKeys (ConfUtils.java:logGet(43)) - raft.server.log.write.buffer.size = 33554432 (custom)
2019-09-24 10:04:21,943 [pool-37-thread-1] INFO  server.RaftServerConfigKeys (ConfUtils.java:logGet(43)) - raft.server.snapshot.auto.trigger.threshold = 10000 (custom)
2019-09-24 10:04:21,943 [pool-57-thread-1] INFO  server.RaftServerConfigKeys (ConfUtils.java:logGet(43)) - raft.server.log.preallocated.size = 16384 (custom)
2019-09-24 10:04:21,943 [pool-37-thread-1] INFO  server.RaftServerConfigKeys (ConfUtils.java:logGet(43)) - raft.server.snapshot.retention.num.files = 5 (custom)
2019-09-24 10:04:21,943 [pool-67-thread-1] INFO  server.RaftServerConfigKeys (ConfUtils.java:logGet(43)) - raft.server.log.force.sync.num = 128 (default)
2019-09-24 10:04:21,943 [pool-37-thread-1] INFO  server.RaftServerConfigKeys (ConfUtils.java:logGet(43)) - raft.server.retrycache.expirytime = 600000ms (custom)
2019-09-24 10:04:21,943 [pool-57-thread-1] INFO  server.RaftServerConfigKeys (ConfUtils.java:logGet(43)) - raft.server.log.write.buffer.size = 33554432 (custom)
2019-09-24 10:04:21,943 [pool-67-thread-1] INFO  server.RaftServerConfigKeys (ConfUtils.java:logGet(43)) - raft.server.log.statemachine.data.sync = true (default)
2019-09-24 10:04:21,943 [pool-57-thread-1] INFO  server.RaftServerConfigKeys (ConfUtils.java:logGet(43)) - raft.server.log.force.sync.num = 128 (default)
2019-09-24 10:04:21,943 [pool-67-thread-1] INFO  server.RaftServerConfigKeys (ConfUtils.java:logGet(43)) - raft.server.log.statemachine.data.sync.timeout = 10s (default)
2019-09-24 10:04:21,944 [pool-57-thread-1] INFO  server.RaftServerConfigKeys (ConfUtils.java:logGet(43)) - raft.server.log.statemachine.data.sync = true (default)
2019-09-24 10:04:21,944 [pool-67-thread-1] INFO  server.RaftServerConfigKeys (ConfUtils.java:logGet(43)) - raft.server.log.statemachine.data.sync.timeout.retry = -1 (default)
2019-09-24 10:04:21,944 [pool-57-thread-1] INFO  server.RaftServerConfigKeys (ConfUtils.java:logGet(43)) - raft.server.log.statemachine.data.sync.timeout = 10s (default)
2019-09-24 10:04:21,944 [pool-67-thread-1] INFO  server.RaftServerConfigKeys (ConfUtils.java:logGet(43)) - raft.server.log.statemachine.data.caching.enabled = true (custom)
2019-09-24 10:04:21,944 [pool-57-thread-1] INFO  server.RaftServerConfigKeys (ConfUtils.java:logGet(43)) - raft.server.log.statemachine.data.sync.timeout.retry = -1 (default)
2019-09-24 10:04:21,944 [pool-67-thread-1] INFO  segmented.SegmentedRaftLogWorker (SegmentedRaftLogWorker.java:lambda$new$0(132)) - 73f5925b-aae6-4cfe-b968-198325afa02f@group-0703CE367BA1-SegmentedRaftLogWorker: flushIndex: setUnconditionally 0 -> -1
2019-09-24 10:04:21,944 [pool-57-thread-1] INFO  server.RaftServerConfigKeys (ConfUtils.java:logGet(43)) - raft.server.log.statemachine.data.caching.enabled = true (custom)
2019-09-24 10:04:21,945 [pool-67-thread-1] INFO  server.RaftServerConfigKeys (ConfUtils.java:logGet(43)) - raft.server.snapshot.auto.trigger.enabled = true (custom)
2019-09-24 10:04:21,945 [pool-67-thread-1] INFO  server.RaftServerConfigKeys (ConfUtils.java:logGet(43)) - raft.server.snapshot.auto.trigger.threshold = 10000 (custom)
2019-09-24 10:04:21,945 [pool-57-thread-1] INFO  segmented.SegmentedRaftLogWorker (SegmentedRaftLogWorker.java:lambda$new$0(132)) - 9fbd6b61-d2a0-4662-aa0c-aa486ff00031@group-0703CE367BA1-SegmentedRaftLogWorker: flushIndex: setUnconditionally 0 -> -1
2019-09-24 10:04:21,945 [pool-67-thread-1] INFO  server.RaftServerConfigKeys (ConfUtils.java:logGet(43)) - raft.server.snapshot.retention.num.files = 5 (custom)
2019-09-24 10:04:21,945 [pool-57-thread-1] INFO  server.RaftServerConfigKeys (ConfUtils.java:logGet(43)) - raft.server.snapshot.auto.trigger.enabled = true (custom)
2019-09-24 10:04:21,945 [pool-67-thread-1] INFO  server.RaftServerConfigKeys (ConfUtils.java:logGet(43)) - raft.server.retrycache.expirytime = 600000ms (custom)
2019-09-24 10:04:21,945 [pool-57-thread-1] INFO  server.RaftServerConfigKeys (ConfUtils.java:logGet(43)) - raft.server.snapshot.auto.trigger.threshold = 10000 (custom)
2019-09-24 10:04:21,945 [pool-57-thread-1] INFO  server.RaftServerConfigKeys (ConfUtils.java:logGet(43)) - raft.server.snapshot.retention.num.files = 5 (custom)
2019-09-24 10:04:21,946 [pool-37-thread-1] INFO  impl.RaftServerImpl (RaftServerImpl.java:start(185)) - 173df53c-8dc6-4b11-a763-b64e2e347262@group-0703CE367BA1: start as a follower, conf=-1: [173df53c-8dc6-4b11-a763-b64e2e347262:192.168.151.86:46014, 9fbd6b61-d2a0-4662-aa0c-aa486ff00031:192.168.151.86:45499, 73f5925b-aae6-4cfe-b968-198325afa02f:192.168.151.86:43477], old=null
2019-09-24 10:04:21,946 [pool-57-thread-1] INFO  server.RaftServerConfigKeys (ConfUtils.java:logGet(43)) - raft.server.retrycache.expirytime = 600000ms (custom)
2019-09-24 10:04:21,946 [pool-37-thread-1] INFO  impl.RaftServerImpl (RaftServerImpl.java:setRole(174)) - 173df53c-8dc6-4b11-a763-b64e2e347262@group-0703CE367BA1: changes role from      null to FOLLOWER at term 0 for startAsFollower
2019-09-24 10:04:21,946 [pool-37-thread-1] INFO  impl.RoleInfo (RoleInfo.java:updateAndGet(143)) - 173df53c-8dc6-4b11-a763-b64e2e347262: start FollowerState
2019-09-24 10:04:21,946 [pool-37-thread-1] INFO  util.JmxRegister (JmxRegister.java:tryRegister(44)) - Successfully registered JMX Bean with object name Ratis:service=RaftServer,group=group-0703CE367BA1,id=173df53c-8dc6-4b11-a763-b64e2e347262
2019-09-24 10:04:21,948 [pool-67-thread-1] INFO  impl.RaftServerImpl (RaftServerImpl.java:start(185)) - 73f5925b-aae6-4cfe-b968-198325afa02f@group-0703CE367BA1: start as a follower, conf=-1: [173df53c-8dc6-4b11-a763-b64e2e347262:192.168.151.86:46014, 9fbd6b61-d2a0-4662-aa0c-aa486ff00031:192.168.151.86:45499, 73f5925b-aae6-4cfe-b968-198325afa02f:192.168.151.86:43477], old=null
2019-09-24 10:04:21,948 [pool-67-thread-1] INFO  impl.RaftServerImpl (RaftServerImpl.java:setRole(174)) - 73f5925b-aae6-4cfe-b968-198325afa02f@group-0703CE367BA1: changes role from      null to FOLLOWER at term 0 for startAsFollower
2019-09-24 10:04:21,948 [pool-67-thread-1] INFO  impl.RoleInfo (RoleInfo.java:updateAndGet(143)) - 73f5925b-aae6-4cfe-b968-198325afa02f: start FollowerState
2019-09-24 10:04:21,951 [pool-67-thread-1] INFO  util.JmxRegister (JmxRegister.java:tryRegister(44)) - Successfully registered JMX Bean with object name Ratis:service=RaftServer,group=group-0703CE367BA1,id=73f5925b-aae6-4cfe-b968-198325afa02f
2019-09-24 10:04:21,951 [pool-57-thread-1] INFO  impl.RaftServerImpl (RaftServerImpl.java:start(185)) - 9fbd6b61-d2a0-4662-aa0c-aa486ff00031@group-0703CE367BA1: start as a follower, conf=-1: [173df53c-8dc6-4b11-a763-b64e2e347262:192.168.151.86:46014, 9fbd6b61-d2a0-4662-aa0c-aa486ff00031:192.168.151.86:45499, 73f5925b-aae6-4cfe-b968-198325afa02f:192.168.151.86:43477], old=null
2019-09-24 10:04:21,951 [pool-57-thread-1] INFO  impl.RaftServerImpl (RaftServerImpl.java:setRole(174)) - 9fbd6b61-d2a0-4662-aa0c-aa486ff00031@group-0703CE367BA1: changes role from      null to FOLLOWER at term 0 for startAsFollower
2019-09-24 10:04:21,952 [pool-57-thread-1] INFO  impl.RoleInfo (RoleInfo.java:updateAndGet(143)) - 9fbd6b61-d2a0-4662-aa0c-aa486ff00031: start FollowerState
2019-09-24 10:04:21,954 [pool-57-thread-1] INFO  util.JmxRegister (JmxRegister.java:tryRegister(44)) - Successfully registered JMX Bean with object name Ratis:service=RaftServer,group=group-0703CE367BA1,id=9fbd6b61-d2a0-4662-aa0c-aa486ff00031
2019-09-24 10:04:21,966 [RatisPipelineUtilsThread] INFO  pipeline.PipelineStateManager (PipelineStateManager.java:addPipeline(56)) - Created pipeline Pipeline[ Id: 5319fc9f-e9f7-46c4-be08-0703ce367ba1, Nodes: 9fbd6b61-d2a0-4662-aa0c-aa486ff00031{ip: 192.168.151.86, host: pr-hdds-2167-zx9qf-3539961911, networkLocation: /default-rack, certSerialId: null}173df53c-8dc6-4b11-a763-b64e2e347262{ip: 192.168.151.86, host: pr-hdds-2167-zx9qf-3539961911, networkLocation: /default-rack, certSerialId: null}73f5925b-aae6-4cfe-b968-198325afa02f{ip: 192.168.151.86, host: pr-hdds-2167-zx9qf-3539961911, networkLocation: /default-rack, certSerialId: null}, Type:RATIS, Factor:THREE, State:OPEN]
2019-09-24 10:04:22,395 [main] INFO  rpc.RpcClient (RpcClient.java:createVolume(276)) - Creating Volume: testblockoutputstream, with jenkins1000 as owner.
2019-09-24 10:04:22,499 [IPC Server handler 3 on 44149] INFO  volume.OMVolumeCreateRequest (OMVolumeCreateRequest.java:validateAndUpdateCache(189)) - created volume:testblockoutputstream for user:jenkins1000
2019-09-24 10:04:22,526 [main] INFO  rpc.RpcClient (RpcClient.java:createBucket(415)) - Creating Bucket: testblockoutputstream/testblockoutputstream, with Versioning false and Storage Type set to DISK and Encryption set to false 
2019-09-24 10:04:22,855 [main] INFO  impl.MetricsSystemImpl (MetricsSystemImpl.java:init(158)) - XceiverClientMetrics metrics system started (again)
2019-09-24 10:04:23,244 [Thread-238] INFO  container.ReplicationManager (ReplicationManager.java:start(162)) - Starting Replication Monitor Thread.
2019-09-24 10:04:23,248 [ReplicationMonitor] INFO  container.ReplicationManager (ReplicationManager.java:run(225)) - Replication Monitor Thread took 3 milliseconds for processing 1 containers.
2019-09-24 10:04:26,125 [Thread-240] INFO  impl.FollowerState (FollowerState.java:run(106)) - c7ed17ba-dd2e-4d16-a999-1242f7359890:group-390EC2DFA1CB changes to CANDIDATE, lastRpcTime:5113, electionTimeout:5113ms
2019-09-24 10:04:26,129 [Thread-240] INFO  impl.RoleInfo (RoleInfo.java:shutdownFollowerState(121)) - c7ed17ba-dd2e-4d16-a999-1242f7359890: shutdown FollowerState
2019-09-24 10:04:26,130 [Thread-240] INFO  impl.RaftServerImpl (RaftServerImpl.java:setRole(174)) - c7ed17ba-dd2e-4d16-a999-1242f7359890@group-390EC2DFA1CB: changes role from  FOLLOWER to CANDIDATE at term 0 for changeToCandidate
2019-09-24 10:04:26,136 [Thread-240] INFO  impl.RoleInfo (RoleInfo.java:updateAndGet(143)) - c7ed17ba-dd2e-4d16-a999-1242f7359890: start LeaderElection
2019-09-24 10:04:26,273 [c7ed17ba-dd2e-4d16-a999-1242f7359890@group-390EC2DFA1CB:LeaderElection1] INFO  impl.LeaderElection (LeaderElection.java:askForVotes(182)) - c7ed17ba-dd2e-4d16-a999-1242f7359890@group-390EC2DFA1CB:LeaderElection1: begin an election at term 1 for -1: [c7ed17ba-dd2e-4d16-a999-1242f7359890:192.168.151.86:39246], old=null
2019-09-24 10:04:26,276 [c7ed17ba-dd2e-4d16-a999-1242f7359890@group-390EC2DFA1CB:LeaderElection1] INFO  impl.RoleInfo (RoleInfo.java:shutdownLeaderElection(134)) - c7ed17ba-dd2e-4d16-a999-1242f7359890: shutdown LeaderElection
2019-09-24 10:04:26,277 [c7ed17ba-dd2e-4d16-a999-1242f7359890@group-390EC2DFA1CB:LeaderElection1] INFO  impl.RaftServerImpl (RaftServerImpl.java:setRole(174)) - c7ed17ba-dd2e-4d16-a999-1242f7359890@group-390EC2DFA1CB: changes role from CANDIDATE to LEADER at term 1 for changeToLeader
2019-09-24 10:04:26,277 [c7ed17ba-dd2e-4d16-a999-1242f7359890@group-390EC2DFA1CB:LeaderElection1] INFO  impl.RaftServerImpl (ServerState.java:setLeader(253)) - c7ed17ba-dd2e-4d16-a999-1242f7359890@group-390EC2DFA1CB: change Leader from null to c7ed17ba-dd2e-4d16-a999-1242f7359890 at term 1 for becomeLeader, leader elected after 5381ms
2019-09-24 10:04:26,286 [c7ed17ba-dd2e-4d16-a999-1242f7359890@group-390EC2DFA1CB:LeaderElection1] INFO  server.RaftServerConfigKeys (ConfUtils.java:logGet(43)) - raft.server.staging.catchup.gap = 1000 (default)
2019-09-24 10:04:26,286 [c7ed17ba-dd2e-4d16-a999-1242f7359890@group-390EC2DFA1CB:LeaderElection1] INFO  server.RaftServerConfigKeys (ConfUtils.java:logGet(43)) - raft.server.rpc.sleep.time = 25ms (default)
2019-09-24 10:04:26,290 [c7ed17ba-dd2e-4d16-a999-1242f7359890@group-390EC2DFA1CB:LeaderElection1] INFO  server.RaftServerConfigKeys (ConfUtils.java:logGet(43)) - raft.server.write.element-limit = 4096 (default)
2019-09-24 10:04:26,293 [c7ed17ba-dd2e-4d16-a999-1242f7359890@group-390EC2DFA1CB:LeaderElection1] INFO  server.RaftServerConfigKeys (ConfUtils.java:logGet(43)) - raft.server.watch.timeout = 10s (default)
2019-09-24 10:04:26,293 [c7ed17ba-dd2e-4d16-a999-1242f7359890@group-390EC2DFA1CB:LeaderElection1] INFO  server.RaftServerConfigKeys (ConfUtils.java:logGet(43)) - raft.server.watch.timeout.denomination = 1s (default)
2019-09-24 10:04:26,294 [c7ed17ba-dd2e-4d16-a999-1242f7359890@group-390EC2DFA1CB:LeaderElection1] INFO  server.RaftServerConfigKeys (ConfUtils.java:logGet(43)) - raft.server.watch.element-limit = 65536 (default)
2019-09-24 10:04:26,307 [c7ed17ba-dd2e-4d16-a999-1242f7359890@group-390EC2DFA1CB:LeaderElection1] INFO  impl.RoleInfo (RoleInfo.java:updateAndGet(143)) - c7ed17ba-dd2e-4d16-a999-1242f7359890: start LeaderState
2019-09-24 10:04:26,324 [Thread-243] INFO  impl.FollowerState (FollowerState.java:run(106)) - e624d7f2-a550-4cbc-b004-265b2259dace:group-2A0E5F53C3F4 changes to CANDIDATE, lastRpcTime:5110, electionTimeout:5108ms
2019-09-24 10:04:26,327 [Thread-243] INFO  impl.RoleInfo (RoleInfo.java:shutdownFollowerState(121)) - e624d7f2-a550-4cbc-b004-265b2259dace: shutdown FollowerState
2019-09-24 10:04:26,327 [Thread-243] INFO  impl.RaftServerImpl (RaftServerImpl.java:setRole(174)) - e624d7f2-a550-4cbc-b004-265b2259dace@group-2A0E5F53C3F4: changes role from  FOLLOWER to CANDIDATE at term 0 for changeToCandidate
2019-09-24 10:04:26,327 [Thread-243] INFO  impl.RoleInfo (RoleInfo.java:updateAndGet(143)) - e624d7f2-a550-4cbc-b004-265b2259dace: start LeaderElection
2019-09-24 10:04:26,364 [c7ed17ba-dd2e-4d16-a999-1242f7359890@group-390EC2DFA1CB:LeaderElection1] INFO  segmented.SegmentedRaftLogWorker (SegmentedRaftLogWorker.java:startLogSegment(380)) - c7ed17ba-dd2e-4d16-a999-1242f7359890@group-390EC2DFA1CB-SegmentedRaftLogWorker: Starting segment from index:0
2019-09-24 10:04:26,367 [e624d7f2-a550-4cbc-b004-265b2259dace@group-2A0E5F53C3F4:LeaderElection2] INFO  impl.LeaderElection (LeaderElection.java:askForVotes(182)) - e624d7f2-a550-4cbc-b004-265b2259dace@group-2A0E5F53C3F4:LeaderElection2: begin an election at term 1 for -1: [e624d7f2-a550-4cbc-b004-265b2259dace:192.168.151.86:39586], old=null
2019-09-24 10:04:26,369 [e624d7f2-a550-4cbc-b004-265b2259dace@group-2A0E5F53C3F4:LeaderElection2] INFO  impl.RoleInfo (RoleInfo.java:shutdownLeaderElection(134)) - e624d7f2-a550-4cbc-b004-265b2259dace: shutdown LeaderElection
2019-09-24 10:04:26,369 [e624d7f2-a550-4cbc-b004-265b2259dace@group-2A0E5F53C3F4:LeaderElection2] INFO  impl.RaftServerImpl (RaftServerImpl.java:setRole(174)) - e624d7f2-a550-4cbc-b004-265b2259dace@group-2A0E5F53C3F4: changes role from CANDIDATE to LEADER at term 1 for changeToLeader
2019-09-24 10:04:26,369 [e624d7f2-a550-4cbc-b004-265b2259dace@group-2A0E5F53C3F4:LeaderElection2] INFO  impl.RaftServerImpl (ServerState.java:setLeader(253)) - e624d7f2-a550-4cbc-b004-265b2259dace@group-2A0E5F53C3F4: change Leader from null to e624d7f2-a550-4cbc-b004-265b2259dace at term 1 for becomeLeader, leader elected after 5174ms
2019-09-24 10:04:26,371 [e624d7f2-a550-4cbc-b004-265b2259dace@group-2A0E5F53C3F4:LeaderElection2] INFO  server.RaftServerConfigKeys (ConfUtils.java:logGet(43)) - raft.server.staging.catchup.gap = 1000 (default)
2019-09-24 10:04:26,371 [e624d7f2-a550-4cbc-b004-265b2259dace@group-2A0E5F53C3F4:LeaderElection2] INFO  server.RaftServerConfigKeys (ConfUtils.java:logGet(43)) - raft.server.rpc.sleep.time = 25ms (default)
2019-09-24 10:04:26,372 [e624d7f2-a550-4cbc-b004-265b2259dace@group-2A0E5F53C3F4:LeaderElection2] INFO  server.RaftServerConfigKeys (ConfUtils.java:logGet(43)) - raft.server.write.element-limit = 4096 (default)
2019-09-24 10:04:26,372 [e624d7f2-a550-4cbc-b004-265b2259dace@group-2A0E5F53C3F4:LeaderElection2] INFO  server.RaftServerConfigKeys (ConfUtils.java:logGet(43)) - raft.server.watch.timeout = 10s (default)
2019-09-24 10:04:26,372 [e624d7f2-a550-4cbc-b004-265b2259dace@group-2A0E5F53C3F4:LeaderElection2] INFO  server.RaftServerConfigKeys (ConfUtils.java:logGet(43)) - raft.server.watch.timeout.denomination = 1s (default)
2019-09-24 10:04:26,372 [e624d7f2-a550-4cbc-b004-265b2259dace@group-2A0E5F53C3F4:LeaderElection2] INFO  server.RaftServerConfigKeys (ConfUtils.java:logGet(43)) - raft.server.watch.element-limit = 65536 (default)
2019-09-24 10:04:26,374 [c7ed17ba-dd2e-4d16-a999-1242f7359890@group-390EC2DFA1CB:LeaderElection1] INFO  impl.RaftServerImpl (ServerState.java:setRaftConf(354)) - c7ed17ba-dd2e-4d16-a999-1242f7359890@group-390EC2DFA1CB: set configuration 0: [c7ed17ba-dd2e-4d16-a999-1242f7359890:192.168.151.86:39246], old=null at 0
2019-09-24 10:04:26,378 [e624d7f2-a550-4cbc-b004-265b2259dace@group-2A0E5F53C3F4:LeaderElection2] INFO  impl.RoleInfo (RoleInfo.java:updateAndGet(143)) - e624d7f2-a550-4cbc-b004-265b2259dace: start LeaderState
2019-09-24 10:04:26,378 [e624d7f2-a550-4cbc-b004-265b2259dace@group-2A0E5F53C3F4:LeaderElection2] INFO  segmented.SegmentedRaftLogWorker (SegmentedRaftLogWorker.java:startLogSegment(380)) - e624d7f2-a550-4cbc-b004-265b2259dace@group-2A0E5F53C3F4-SegmentedRaftLogWorker: Starting segment from index:0
2019-09-24 10:04:26,379 [e624d7f2-a550-4cbc-b004-265b2259dace@group-2A0E5F53C3F4:LeaderElection2] INFO  impl.RaftServerImpl (ServerState.java:setRaftConf(354)) - e624d7f2-a550-4cbc-b004-265b2259dace@group-2A0E5F53C3F4: set configuration 0: [e624d7f2-a550-4cbc-b004-265b2259dace:192.168.151.86:39586], old=null at 0
2019-09-24 10:04:26,463 [Thread-246] INFO  impl.FollowerState (FollowerState.java:run(106)) - ac166eba-0491-4751-a0f9-d2aec0fce4ec:group-8B9B73852F1C changes to CANDIDATE, lastRpcTime:5055, electionTimeout:5055ms
2019-09-24 10:04:26,464 [Thread-246] INFO  impl.RoleInfo (RoleInfo.java:shutdownFollowerState(121)) - ac166eba-0491-4751-a0f9-d2aec0fce4ec: shutdown FollowerState
2019-09-24 10:04:26,464 [Thread-246] INFO  impl.RaftServerImpl (RaftServerImpl.java:setRole(174)) - ac166eba-0491-4751-a0f9-d2aec0fce4ec@group-8B9B73852F1C: changes role from  FOLLOWER to CANDIDATE at term 0 for changeToCandidate
2019-09-24 10:04:26,464 [Thread-246] INFO  impl.RoleInfo (RoleInfo.java:updateAndGet(143)) - ac166eba-0491-4751-a0f9-d2aec0fce4ec: start LeaderElection
2019-09-24 10:04:26,486 [ac166eba-0491-4751-a0f9-d2aec0fce4ec@group-8B9B73852F1C:LeaderElection3] INFO  impl.LeaderElection (LeaderElection.java:askForVotes(182)) - ac166eba-0491-4751-a0f9-d2aec0fce4ec@group-8B9B73852F1C:LeaderElection3: begin an election at term 1 for -1: [ac166eba-0491-4751-a0f9-d2aec0fce4ec:192.168.151.86:34380], old=null
2019-09-24 10:04:26,486 [ac166eba-0491-4751-a0f9-d2aec0fce4ec@group-8B9B73852F1C:LeaderElection3] INFO  impl.RoleInfo (RoleInfo.java:shutdownLeaderElection(134)) - ac166eba-0491-4751-a0f9-d2aec0fce4ec: shutdown LeaderElection
2019-09-24 10:04:26,486 [ac166eba-0491-4751-a0f9-d2aec0fce4ec@group-8B9B73852F1C:LeaderElection3] INFO  impl.RaftServerImpl (RaftServerImpl.java:setRole(174)) - ac166eba-0491-4751-a0f9-d2aec0fce4ec@group-8B9B73852F1C: changes role from CANDIDATE to LEADER at term 1 for changeToLeader
2019-09-24 10:04:26,486 [ac166eba-0491-4751-a0f9-d2aec0fce4ec@group-8B9B73852F1C:LeaderElection3] INFO  impl.RaftServerImpl (ServerState.java:setLeader(253)) - ac166eba-0491-4751-a0f9-d2aec0fce4ec@group-8B9B73852F1C: change Leader from null to ac166eba-0491-4751-a0f9-d2aec0fce4ec at term 1 for becomeLeader, leader elected after 5127ms
2019-09-24 10:04:26,488 [ac166eba-0491-4751-a0f9-d2aec0fce4ec@group-8B9B73852F1C:LeaderElection3] INFO  server.RaftServerConfigKeys (ConfUtils.java:logGet(43)) - raft.server.staging.catchup.gap = 1000 (default)
2019-09-24 10:04:26,488 [ac166eba-0491-4751-a0f9-d2aec0fce4ec@group-8B9B73852F1C:LeaderElection3] INFO  server.RaftServerConfigKeys (ConfUtils.java:logGet(43)) - raft.server.rpc.sleep.time = 25ms (default)
2019-09-24 10:04:26,488 [ac166eba-0491-4751-a0f9-d2aec0fce4ec@group-8B9B73852F1C:LeaderElection3] INFO  server.RaftServerConfigKeys (ConfUtils.java:logGet(43)) - raft.server.write.element-limit = 4096 (default)
2019-09-24 10:04:26,488 [ac166eba-0491-4751-a0f9-d2aec0fce4ec@group-8B9B73852F1C:LeaderElection3] INFO  server.RaftServerConfigKeys (ConfUtils.java:logGet(43)) - raft.server.watch.timeout = 10s (default)
2019-09-24 10:04:26,488 [ac166eba-0491-4751-a0f9-d2aec0fce4ec@group-8B9B73852F1C:LeaderElection3] INFO  server.RaftServerConfigKeys (ConfUtils.java:logGet(43)) - raft.server.watch.timeout.denomination = 1s (default)
2019-09-24 10:04:26,489 [ac166eba-0491-4751-a0f9-d2aec0fce4ec@group-8B9B73852F1C:LeaderElection3] INFO  server.RaftServerConfigKeys (ConfUtils.java:logGet(43)) - raft.server.watch.element-limit = 65536 (default)
2019-09-24 10:04:26,491 [ac166eba-0491-4751-a0f9-d2aec0fce4ec@group-8B9B73852F1C:LeaderElection3] INFO  impl.RoleInfo (RoleInfo.java:updateAndGet(143)) - ac166eba-0491-4751-a0f9-d2aec0fce4ec: start LeaderState
2019-09-24 10:04:26,492 [ac166eba-0491-4751-a0f9-d2aec0fce4ec@group-8B9B73852F1C:LeaderElection3] INFO  segmented.SegmentedRaftLogWorker (SegmentedRaftLogWorker.java:startLogSegment(380)) - ac166eba-0491-4751-a0f9-d2aec0fce4ec@group-8B9B73852F1C-SegmentedRaftLogWorker: Starting segment from index:0
2019-09-24 10:04:26,492 [ac166eba-0491-4751-a0f9-d2aec0fce4ec@group-8B9B73852F1C:LeaderElection3] INFO  impl.RaftServerImpl (ServerState.java:setRaftConf(354)) - ac166eba-0491-4751-a0f9-d2aec0fce4ec@group-8B9B73852F1C: set configuration 0: [ac166eba-0491-4751-a0f9-d2aec0fce4ec:192.168.151.86:34380], old=null at 0
2019-09-24 10:04:26,565 [e624d7f2-a550-4cbc-b004-265b2259dace@group-2A0E5F53C3F4-SegmentedRaftLogWorker] INFO  segmented.SegmentedRaftLogWorker (SegmentedRaftLogWorker.java:execute(569)) - e624d7f2-a550-4cbc-b004-265b2259dace@group-2A0E5F53C3F4-SegmentedRaftLogWorker: created new log segment /workdir/hadoop-ozone/integration-test/target/test-dir/MiniOzoneClusterImpl-d70413e3-a1ae-4d90-b762-cca2fb58af6e/datanode-5/data/ratis/1e9c3679-b921-4e75-b687-2a0e5f53c3f4/current/log_inprogress_0
2019-09-24 10:04:26,565 [c7ed17ba-dd2e-4d16-a999-1242f7359890@group-390EC2DFA1CB-SegmentedRaftLogWorker] INFO  segmented.SegmentedRaftLogWorker (SegmentedRaftLogWorker.java:execute(569)) - c7ed17ba-dd2e-4d16-a999-1242f7359890@group-390EC2DFA1CB-SegmentedRaftLogWorker: created new log segment /workdir/hadoop-ozone/integration-test/target/test-dir/MiniOzoneClusterImpl-d70413e3-a1ae-4d90-b762-cca2fb58af6e/datanode-0/data/ratis/e970bfbc-0edf-444d-8950-390ec2dfa1cb/current/log_inprogress_0
2019-09-24 10:04:26,565 [ac166eba-0491-4751-a0f9-d2aec0fce4ec@group-8B9B73852F1C-SegmentedRaftLogWorker] INFO  segmented.SegmentedRaftLogWorker (SegmentedRaftLogWorker.java:execute(569)) - ac166eba-0491-4751-a0f9-d2aec0fce4ec@group-8B9B73852F1C-SegmentedRaftLogWorker: created new log segment /workdir/hadoop-ozone/integration-test/target/test-dir/MiniOzoneClusterImpl-d70413e3-a1ae-4d90-b762-cca2fb58af6e/datanode-2/data/ratis/0cf2fa99-6df8-48ed-a878-8b9b73852f1c/current/log_inprogress_0
2019-09-24 10:04:26,592 [Thread-249] INFO  impl.FollowerState (FollowerState.java:run(106)) - 9fbd6b61-d2a0-4662-aa0c-aa486ff00031:group-AC1EB102B9DB changes to CANDIDATE, lastRpcTime:5069, electionTimeout:5069ms
2019-09-24 10:04:26,592 [Thread-249] INFO  impl.RoleInfo (RoleInfo.java:shutdownFollowerState(121)) - 9fbd6b61-d2a0-4662-aa0c-aa486ff00031: shutdown FollowerState
2019-09-24 10:04:26,592 [Thread-249] INFO  impl.RaftServerImpl (RaftServerImpl.java:setRole(174)) - 9fbd6b61-d2a0-4662-aa0c-aa486ff00031@group-AC1EB102B9DB: changes role from  FOLLOWER to CANDIDATE at term 0 for changeToCandidate
2019-09-24 10:04:26,592 [Thread-249] INFO  impl.RoleInfo (RoleInfo.java:updateAndGet(143)) - 9fbd6b61-d2a0-4662-aa0c-aa486ff00031: start LeaderElection
2019-09-24 10:04:26,635 [9fbd6b61-d2a0-4662-aa0c-aa486ff00031@group-AC1EB102B9DB:LeaderElection4] INFO  impl.LeaderElection (LeaderElection.java:askForVotes(182)) - 9fbd6b61-d2a0-4662-aa0c-aa486ff00031@group-AC1EB102B9DB:LeaderElection4: begin an election at term 1 for -1: [9fbd6b61-d2a0-4662-aa0c-aa486ff00031:192.168.151.86:45499], old=null
2019-09-24 10:04:26,636 [9fbd6b61-d2a0-4662-aa0c-aa486ff00031@group-AC1EB102B9DB:LeaderElection4] INFO  impl.RoleInfo (RoleInfo.java:shutdownLeaderElection(134)) - 9fbd6b61-d2a0-4662-aa0c-aa486ff00031: shutdown LeaderElection
2019-09-24 10:04:26,636 [9fbd6b61-d2a0-4662-aa0c-aa486ff00031@group-AC1EB102B9DB:LeaderElection4] INFO  impl.RaftServerImpl (RaftServerImpl.java:setRole(174)) - 9fbd6b61-d2a0-4662-aa0c-aa486ff00031@group-AC1EB102B9DB: changes role from CANDIDATE to LEADER at term 1 for changeToLeader
2019-09-24 10:04:26,636 [9fbd6b61-d2a0-4662-aa0c-aa486ff00031@group-AC1EB102B9DB:LeaderElection4] INFO  impl.RaftServerImpl (ServerState.java:setLeader(253)) - 9fbd6b61-d2a0-4662-aa0c-aa486ff00031@group-AC1EB102B9DB: change Leader from null to 9fbd6b61-d2a0-4662-aa0c-aa486ff00031 at term 1 for becomeLeader, leader elected after 5124ms
2019-09-24 10:04:26,639 [9fbd6b61-d2a0-4662-aa0c-aa486ff00031@group-AC1EB102B9DB:LeaderElection4] INFO  server.RaftServerConfigKeys (ConfUtils.java:logGet(43)) - raft.server.staging.catchup.gap = 1000 (default)
2019-09-24 10:04:26,639 [9fbd6b61-d2a0-4662-aa0c-aa486ff00031@group-AC1EB102B9DB:LeaderElection4] INFO  server.RaftServerConfigKeys (ConfUtils.java:logGet(43)) - raft.server.rpc.sleep.time = 25ms (default)
2019-09-24 10:04:26,640 [9fbd6b61-d2a0-4662-aa0c-aa486ff00031@group-AC1EB102B9DB:LeaderElection4] INFO  server.RaftServerConfigKeys (ConfUtils.java:logGet(43)) - raft.server.write.element-limit = 4096 (default)
2019-09-24 10:04:26,640 [9fbd6b61-d2a0-4662-aa0c-aa486ff00031@group-AC1EB102B9DB:LeaderElection4] INFO  server.RaftServerConfigKeys (ConfUtils.java:logGet(43)) - raft.server.watch.timeout = 10s (default)
2019-09-24 10:04:26,640 [9fbd6b61-d2a0-4662-aa0c-aa486ff00031@group-AC1EB102B9DB:LeaderElection4] INFO  server.RaftServerConfigKeys (ConfUtils.java:logGet(43)) - raft.server.watch.timeout.denomination = 1s (default)
2019-09-24 10:04:26,640 [9fbd6b61-d2a0-4662-aa0c-aa486ff00031@group-AC1EB102B9DB:LeaderElection4] INFO  server.RaftServerConfigKeys (ConfUtils.java:logGet(43)) - raft.server.watch.element-limit = 65536 (default)
2019-09-24 10:04:26,644 [9fbd6b61-d2a0-4662-aa0c-aa486ff00031@group-AC1EB102B9DB:LeaderElection4] INFO  impl.RoleInfo (RoleInfo.java:updateAndGet(143)) - 9fbd6b61-d2a0-4662-aa0c-aa486ff00031: start LeaderState
2019-09-24 10:04:26,644 [9fbd6b61-d2a0-4662-aa0c-aa486ff00031@group-AC1EB102B9DB:LeaderElection4] INFO  segmented.SegmentedRaftLogWorker (SegmentedRaftLogWorker.java:startLogSegment(380)) - 9fbd6b61-d2a0-4662-aa0c-aa486ff00031@group-AC1EB102B9DB-SegmentedRaftLogWorker: Starting segment from index:0
2019-09-24 10:04:26,645 [9fbd6b61-d2a0-4662-aa0c-aa486ff00031@group-AC1EB102B9DB:LeaderElection4] INFO  impl.RaftServerImpl (ServerState.java:setRaftConf(354)) - 9fbd6b61-d2a0-4662-aa0c-aa486ff00031@group-AC1EB102B9DB: set configuration 0: [9fbd6b61-d2a0-4662-aa0c-aa486ff00031:192.168.151.86:45499], old=null at 0
2019-09-24 10:04:26,769 [9fbd6b61-d2a0-4662-aa0c-aa486ff00031@group-AC1EB102B9DB-SegmentedRaftLogWorker] INFO  segmented.SegmentedRaftLogWorker (SegmentedRaftLogWorker.java:execute(569)) - 9fbd6b61-d2a0-4662-aa0c-aa486ff00031@group-AC1EB102B9DB-SegmentedRaftLogWorker: created new log segment /workdir/hadoop-ozone/integration-test/target/test-dir/MiniOzoneClusterImpl-d70413e3-a1ae-4d90-b762-cca2fb58af6e/datanode-3/data/ratis/ac6eed07-4a7a-42c2-9957-ac1eb102b9db/current/log_inprogress_0
2019-09-24 10:04:26,777 [Thread-252] INFO  impl.FollowerState (FollowerState.java:run(106)) - 173df53c-8dc6-4b11-a763-b64e2e347262:group-401EF4A6389C changes to CANDIDATE, lastRpcTime:5185, electionTimeout:5185ms
2019-09-24 10:04:26,777 [Thread-252] INFO  impl.RoleInfo (RoleInfo.java:shutdownFollowerState(121)) - 173df53c-8dc6-4b11-a763-b64e2e347262: shutdown FollowerState
2019-09-24 10:04:26,778 [Thread-252] INFO  impl.RaftServerImpl (RaftServerImpl.java:setRole(174)) - 173df53c-8dc6-4b11-a763-b64e2e347262@group-401EF4A6389C: changes role from  FOLLOWER to CANDIDATE at term 0 for changeToCandidate
2019-09-24 10:04:26,778 [Thread-252] INFO  impl.RoleInfo (RoleInfo.java:updateAndGet(143)) - 173df53c-8dc6-4b11-a763-b64e2e347262: start LeaderElection
2019-09-24 10:04:26,797 [173df53c-8dc6-4b11-a763-b64e2e347262@group-401EF4A6389C:LeaderElection5] INFO  impl.LeaderElection (LeaderElection.java:askForVotes(182)) - 173df53c-8dc6-4b11-a763-b64e2e347262@group-401EF4A6389C:LeaderElection5: begin an election at term 1 for -1: [173df53c-8dc6-4b11-a763-b64e2e347262:192.168.151.86:46014], old=null
2019-09-24 10:04:26,797 [173df53c-8dc6-4b11-a763-b64e2e347262@group-401EF4A6389C:LeaderElection5] INFO  impl.RoleInfo (RoleInfo.java:shutdownLeaderElection(134)) - 173df53c-8dc6-4b11-a763-b64e2e347262: shutdown LeaderElection
2019-09-24 10:04:26,797 [173df53c-8dc6-4b11-a763-b64e2e347262@group-401EF4A6389C:LeaderElection5] INFO  impl.RaftServerImpl (RaftServerImpl.java:setRole(174)) - 173df53c-8dc6-4b11-a763-b64e2e347262@group-401EF4A6389C: changes role from CANDIDATE to LEADER at term 1 for changeToLeader
2019-09-24 10:04:26,797 [173df53c-8dc6-4b11-a763-b64e2e347262@group-401EF4A6389C:LeaderElection5] INFO  impl.RaftServerImpl (ServerState.java:setLeader(253)) - 173df53c-8dc6-4b11-a763-b64e2e347262@group-401EF4A6389C: change Leader from null to 173df53c-8dc6-4b11-a763-b64e2e347262 at term 1 for becomeLeader, leader elected after 5215ms
2019-09-24 10:04:26,799 [173df53c-8dc6-4b11-a763-b64e2e347262@group-401EF4A6389C:LeaderElection5] INFO  server.RaftServerConfigKeys (ConfUtils.java:logGet(43)) - raft.server.staging.catchup.gap = 1000 (default)
2019-09-24 10:04:26,799 [173df53c-8dc6-4b11-a763-b64e2e347262@group-401EF4A6389C:LeaderElection5] INFO  server.RaftServerConfigKeys (ConfUtils.java:logGet(43)) - raft.server.rpc.sleep.time = 25ms (default)
2019-09-24 10:04:26,800 [173df53c-8dc6-4b11-a763-b64e2e347262@group-401EF4A6389C:LeaderElection5] INFO  server.RaftServerConfigKeys (ConfUtils.java:logGet(43)) - raft.server.write.element-limit = 4096 (default)
2019-09-24 10:04:26,800 [173df53c-8dc6-4b11-a763-b64e2e347262@group-401EF4A6389C:LeaderElection5] INFO  server.RaftServerConfigKeys (ConfUtils.java:logGet(43)) - raft.server.watch.timeout = 10s (default)
2019-09-24 10:04:26,800 [173df53c-8dc6-4b11-a763-b64e2e347262@group-401EF4A6389C:LeaderElection5] INFO  server.RaftServerConfigKeys (ConfUtils.java:logGet(43)) - raft.server.watch.timeout.denomination = 1s (default)
2019-09-24 10:04:26,802 [173df53c-8dc6-4b11-a763-b64e2e347262@group-401EF4A6389C:LeaderElection5] INFO  server.RaftServerConfigKeys (ConfUtils.java:logGet(43)) - raft.server.watch.element-limit = 65536 (default)
2019-09-24 10:04:26,805 [173df53c-8dc6-4b11-a763-b64e2e347262@group-401EF4A6389C:LeaderElection5] INFO  impl.RoleInfo (RoleInfo.java:updateAndGet(143)) - 173df53c-8dc6-4b11-a763-b64e2e347262: start LeaderState
2019-09-24 10:04:26,805 [173df53c-8dc6-4b11-a763-b64e2e347262@group-401EF4A6389C:LeaderElection5] INFO  segmented.SegmentedRaftLogWorker (SegmentedRaftLogWorker.java:startLogSegment(380)) - 173df53c-8dc6-4b11-a763-b64e2e347262@group-401EF4A6389C-SegmentedRaftLogWorker: Starting segment from index:0
2019-09-24 10:04:26,805 [173df53c-8dc6-4b11-a763-b64e2e347262@group-401EF4A6389C:LeaderElection5] INFO  impl.RaftServerImpl (ServerState.java:setRaftConf(354)) - 173df53c-8dc6-4b11-a763-b64e2e347262@group-401EF4A6389C: set configuration 0: [173df53c-8dc6-4b11-a763-b64e2e347262:192.168.151.86:46014], old=null at 0
2019-09-24 10:04:26,841 [Thread-258] INFO  impl.FollowerState (FollowerState.java:run(106)) - 6466b95d-6b72-4d21-84c8-24cbcbf62e03:group-BACD66DCB554 changes to CANDIDATE, lastRpcTime:5101, electionTimeout:5068ms
2019-09-24 10:04:26,842 [Thread-258] INFO  impl.RoleInfo (RoleInfo.java:shutdownFollowerState(121)) - 6466b95d-6b72-4d21-84c8-24cbcbf62e03: shutdown FollowerState
2019-09-24 10:04:26,842 [Thread-258] INFO  impl.RaftServerImpl (RaftServerImpl.java:setRole(174)) - 6466b95d-6b72-4d21-84c8-24cbcbf62e03@group-BACD66DCB554: changes role from  FOLLOWER to CANDIDATE at term 0 for changeToCandidate
2019-09-24 10:04:26,842 [Thread-258] INFO  impl.RoleInfo (RoleInfo.java:updateAndGet(143)) - 6466b95d-6b72-4d21-84c8-24cbcbf62e03: start LeaderElection
2019-09-24 10:04:26,850 [Thread-255] INFO  impl.FollowerState (FollowerState.java:run(106)) - 73f5925b-aae6-4cfe-b968-198325afa02f:group-B429C787C2D8 changes to CANDIDATE, lastRpcTime:5195, electionTimeout:5195ms
2019-09-24 10:04:26,851 [Thread-255] INFO  impl.RoleInfo (RoleInfo.java:shutdownFollowerState(121)) - 73f5925b-aae6-4cfe-b968-198325afa02f: shutdown FollowerState
2019-09-24 10:04:26,851 [Thread-255] INFO  impl.RaftServerImpl (RaftServerImpl.java:setRole(174)) - 73f5925b-aae6-4cfe-b968-198325afa02f@group-B429C787C2D8: changes role from  FOLLOWER to CANDIDATE at term 0 for changeToCandidate
2019-09-24 10:04:26,851 [Thread-255] INFO  impl.RoleInfo (RoleInfo.java:updateAndGet(143)) - 73f5925b-aae6-4cfe-b968-198325afa02f: start LeaderElection
2019-09-24 10:04:26,855 [173df53c-8dc6-4b11-a763-b64e2e347262@group-401EF4A6389C-SegmentedRaftLogWorker] INFO  segmented.SegmentedRaftLogWorker (SegmentedRaftLogWorker.java:execute(569)) - 173df53c-8dc6-4b11-a763-b64e2e347262@group-401EF4A6389C-SegmentedRaftLogWorker: created new log segment /workdir/hadoop-ozone/integration-test/target/test-dir/MiniOzoneClusterImpl-d70413e3-a1ae-4d90-b762-cca2fb58af6e/datanode-1/data/ratis/5ec84ff2-6021-43db-9432-401ef4a6389c/current/log_inprogress_0
2019-09-24 10:04:26,856 [6466b95d-6b72-4d21-84c8-24cbcbf62e03@group-BACD66DCB554:LeaderElection6] INFO  impl.LeaderElection (LeaderElection.java:askForVotes(182)) - 6466b95d-6b72-4d21-84c8-24cbcbf62e03@group-BACD66DCB554:LeaderElection6: begin an election at term 1 for -1: [6466b95d-6b72-4d21-84c8-24cbcbf62e03:192.168.151.86:42626], old=null
2019-09-24 10:04:26,856 [6466b95d-6b72-4d21-84c8-24cbcbf62e03@group-BACD66DCB554:LeaderElection6] INFO  impl.RoleInfo (RoleInfo.java:shutdownLeaderElection(134)) - 6466b95d-6b72-4d21-84c8-24cbcbf62e03: shutdown LeaderElection
2019-09-24 10:04:26,856 [6466b95d-6b72-4d21-84c8-24cbcbf62e03@group-BACD66DCB554:LeaderElection6] INFO  impl.RaftServerImpl (RaftServerImpl.java:setRole(174)) - 6466b95d-6b72-4d21-84c8-24cbcbf62e03@group-BACD66DCB554: changes role from CANDIDATE to LEADER at term 1 for changeToLeader
2019-09-24 10:04:26,856 [6466b95d-6b72-4d21-84c8-24cbcbf62e03@group-BACD66DCB554:LeaderElection6] INFO  impl.RaftServerImpl (ServerState.java:setLeader(253)) - 6466b95d-6b72-4d21-84c8-24cbcbf62e03@group-BACD66DCB554: change Leader from null to 6466b95d-6b72-4d21-84c8-24cbcbf62e03 at term 1 for becomeLeader, leader elected after 5124ms
2019-09-24 10:04:26,858 [6466b95d-6b72-4d21-84c8-24cbcbf62e03@group-BACD66DCB554:LeaderElection6] INFO  server.RaftServerConfigKeys (ConfUtils.java:logGet(43)) - raft.server.staging.catchup.gap = 1000 (default)
2019-09-24 10:04:26,858 [6466b95d-6b72-4d21-84c8-24cbcbf62e03@group-BACD66DCB554:LeaderElection6] INFO  server.RaftServerConfigKeys (ConfUtils.java:logGet(43)) - raft.server.rpc.sleep.time = 25ms (default)
2019-09-24 10:04:26,859 [6466b95d-6b72-4d21-84c8-24cbcbf62e03@group-BACD66DCB554:LeaderElection6] INFO  server.RaftServerConfigKeys (ConfUtils.java:logGet(43)) - raft.server.write.element-limit = 4096 (default)
2019-09-24 10:04:26,859 [6466b95d-6b72-4d21-84c8-24cbcbf62e03@group-BACD66DCB554:LeaderElection6] INFO  server.RaftServerConfigKeys (ConfUtils.java:logGet(43)) - raft.server.watch.timeout = 10s (default)
2019-09-24 10:04:26,859 [6466b95d-6b72-4d21-84c8-24cbcbf62e03@group-BACD66DCB554:LeaderElection6] INFO  server.RaftServerConfigKeys (ConfUtils.java:logGet(43)) - raft.server.watch.timeout.denomination = 1s (default)
2019-09-24 10:04:26,859 [6466b95d-6b72-4d21-84c8-24cbcbf62e03@group-BACD66DCB554:LeaderElection6] INFO  server.RaftServerConfigKeys (ConfUtils.java:logGet(43)) - raft.server.watch.element-limit = 65536 (default)
2019-09-24 10:04:26,862 [6466b95d-6b72-4d21-84c8-24cbcbf62e03@group-BACD66DCB554:LeaderElection6] INFO  impl.RoleInfo (RoleInfo.java:updateAndGet(143)) - 6466b95d-6b72-4d21-84c8-24cbcbf62e03: start LeaderState
2019-09-24 10:04:26,862 [6466b95d-6b72-4d21-84c8-24cbcbf62e03@group-BACD66DCB554:LeaderElection6] INFO  segmented.SegmentedRaftLogWorker (SegmentedRaftLogWorker.java:startLogSegment(380)) - 6466b95d-6b72-4d21-84c8-24cbcbf62e03@group-BACD66DCB554-SegmentedRaftLogWorker: Starting segment from index:0
2019-09-24 10:04:26,863 [6466b95d-6b72-4d21-84c8-24cbcbf62e03@group-BACD66DCB554:LeaderElection6] INFO  impl.RaftServerImpl (ServerState.java:setRaftConf(354)) - 6466b95d-6b72-4d21-84c8-24cbcbf62e03@group-BACD66DCB554: set configuration 0: [6466b95d-6b72-4d21-84c8-24cbcbf62e03:192.168.151.86:42626], old=null at 0
2019-09-24 10:04:26,893 [73f5925b-aae6-4cfe-b968-198325afa02f@group-B429C787C2D8:LeaderElection7] INFO  impl.LeaderElection (LeaderElection.java:askForVotes(182)) - 73f5925b-aae6-4cfe-b968-198325afa02f@group-B429C787C2D8:LeaderElection7: begin an election at term 1 for -1: [73f5925b-aae6-4cfe-b968-198325afa02f:192.168.151.86:43477], old=null
2019-09-24 10:04:26,894 [73f5925b-aae6-4cfe-b968-198325afa02f@group-B429C787C2D8:LeaderElection7] INFO  impl.RoleInfo (RoleInfo.java:shutdownLeaderElection(134)) - 73f5925b-aae6-4cfe-b968-198325afa02f: shutdown LeaderElection
2019-09-24 10:04:26,894 [73f5925b-aae6-4cfe-b968-198325afa02f@group-B429C787C2D8:LeaderElection7] INFO  impl.RaftServerImpl (RaftServerImpl.java:setRole(174)) - 73f5925b-aae6-4cfe-b968-198325afa02f@group-B429C787C2D8: changes role from CANDIDATE to LEADER at term 1 for changeToLeader
2019-09-24 10:04:26,894 [73f5925b-aae6-4cfe-b968-198325afa02f@group-B429C787C2D8:LeaderElection7] INFO  impl.RaftServerImpl (ServerState.java:setLeader(253)) - 73f5925b-aae6-4cfe-b968-198325afa02f@group-B429C787C2D8: change Leader from null to 73f5925b-aae6-4cfe-b968-198325afa02f at term 1 for becomeLeader, leader elected after 5247ms
2019-09-24 10:04:26,896 [73f5925b-aae6-4cfe-b968-198325afa02f@group-B429C787C2D8:LeaderElection7] INFO  server.RaftServerConfigKeys (ConfUtils.java:logGet(43)) - raft.server.staging.catchup.gap = 1000 (default)
2019-09-24 10:04:26,896 [73f5925b-aae6-4cfe-b968-198325afa02f@group-B429C787C2D8:LeaderElection7] INFO  server.RaftServerConfigKeys (ConfUtils.java:logGet(43)) - raft.server.rpc.sleep.time = 25ms (default)
2019-09-24 10:04:26,897 [73f5925b-aae6-4cfe-b968-198325afa02f@group-B429C787C2D8:LeaderElection7] INFO  server.RaftServerConfigKeys (ConfUtils.java:logGet(43)) - raft.server.write.element-limit = 4096 (default)
2019-09-24 10:04:26,897 [73f5925b-aae6-4cfe-b968-198325afa02f@group-B429C787C2D8:LeaderElection7] INFO  server.RaftServerConfigKeys (ConfUtils.java:logGet(43)) - raft.server.watch.timeout = 10s (default)
2019-09-24 10:04:26,897 [73f5925b-aae6-4cfe-b968-198325afa02f@group-B429C787C2D8:LeaderElection7] INFO  server.RaftServerConfigKeys (ConfUtils.java:logGet(43)) - raft.server.watch.timeout.denomination = 1s (default)
2019-09-24 10:04:26,897 [73f5925b-aae6-4cfe-b968-198325afa02f@group-B429C787C2D8:LeaderElection7] INFO  server.RaftServerConfigKeys (ConfUtils.java:logGet(43)) - raft.server.watch.element-limit = 65536 (default)
2019-09-24 10:04:26,900 [73f5925b-aae6-4cfe-b968-198325afa02f@group-B429C787C2D8:LeaderElection7] INFO  impl.RoleInfo (RoleInfo.java:updateAndGet(143)) - 73f5925b-aae6-4cfe-b968-198325afa02f: start LeaderState
2019-09-24 10:04:26,901 [73f5925b-aae6-4cfe-b968-198325afa02f@group-B429C787C2D8:LeaderElection7] INFO  segmented.SegmentedRaftLogWorker (SegmentedRaftLogWorker.java:startLogSegment(380)) - 73f5925b-aae6-4cfe-b968-198325afa02f@group-B429C787C2D8-SegmentedRaftLogWorker: Starting segment from index:0
2019-09-24 10:04:26,901 [73f5925b-aae6-4cfe-b968-198325afa02f@group-B429C787C2D8:LeaderElection7] INFO  impl.RaftServerImpl (ServerState.java:setRaftConf(354)) - 73f5925b-aae6-4cfe-b968-198325afa02f@group-B429C787C2D8: set configuration 0: [73f5925b-aae6-4cfe-b968-198325afa02f:192.168.151.86:43477], old=null at 0
2019-09-24 10:04:26,938 [Thread-266] INFO  impl.FollowerState (FollowerState.java:run(106)) - e624d7f2-a550-4cbc-b004-265b2259dace:group-BD290831E39A changes to CANDIDATE, lastRpcTime:5107, electionTimeout:5107ms
2019-09-24 10:04:26,938 [6466b95d-6b72-4d21-84c8-24cbcbf62e03@group-BACD66DCB554-SegmentedRaftLogWorker] INFO  segmented.SegmentedRaftLogWorker (SegmentedRaftLogWorker.java:execute(569)) - 6466b95d-6b72-4d21-84c8-24cbcbf62e03@group-BACD66DCB554-SegmentedRaftLogWorker: created new log segment /workdir/hadoop-ozone/integration-test/target/test-dir/MiniOzoneClusterImpl-d70413e3-a1ae-4d90-b762-cca2fb58af6e/datanode-6/data/ratis/7eed4b7e-6dbd-4c7b-9752-bacd66dcb554/current/log_inprogress_0
2019-09-24 10:04:26,938 [Thread-263] INFO  impl.FollowerState (FollowerState.java:run(106)) - c7ed17ba-dd2e-4d16-a999-1242f7359890:group-BD290831E39A changes to CANDIDATE, lastRpcTime:5109, electionTimeout:5096ms
2019-09-24 10:04:26,938 [Thread-266] INFO  impl.RoleInfo (RoleInfo.java:shutdownFollowerState(121)) - e624d7f2-a550-4cbc-b004-265b2259dace: shutdown FollowerState
2019-09-24 10:04:26,938 [Thread-263] INFO  impl.RoleInfo (RoleInfo.java:shutdownFollowerState(121)) - c7ed17ba-dd2e-4d16-a999-1242f7359890: shutdown FollowerState
2019-09-24 10:04:26,939 [Thread-266] INFO  impl.RaftServerImpl (RaftServerImpl.java:setRole(174)) - e624d7f2-a550-4cbc-b004-265b2259dace@group-BD290831E39A: changes role from  FOLLOWER to CANDIDATE at term 0 for changeToCandidate
2019-09-24 10:04:26,939 [Thread-263] INFO  impl.RaftServerImpl (RaftServerImpl.java:setRole(174)) - c7ed17ba-dd2e-4d16-a999-1242f7359890@group-BD290831E39A: changes role from  FOLLOWER to CANDIDATE at term 0 for changeToCandidate
2019-09-24 10:04:26,939 [Thread-266] INFO  impl.RoleInfo (RoleInfo.java:updateAndGet(143)) - e624d7f2-a550-4cbc-b004-265b2259dace: start LeaderElection
2019-09-24 10:04:26,939 [Thread-263] INFO  impl.RoleInfo (RoleInfo.java:updateAndGet(143)) - c7ed17ba-dd2e-4d16-a999-1242f7359890: start LeaderElection
2019-09-24 10:04:26,949 [Thread-265] INFO  impl.FollowerState (FollowerState.java:run(106)) - ac166eba-0491-4751-a0f9-d2aec0fce4ec:group-BD290831E39A changes to CANDIDATE, lastRpcTime:5119, electionTimeout:5119ms
2019-09-24 10:04:26,950 [Thread-265] INFO  impl.RoleInfo (RoleInfo.java:shutdownFollowerState(121)) - ac166eba-0491-4751-a0f9-d2aec0fce4ec: shutdown FollowerState
2019-09-24 10:04:26,950 [Thread-265] INFO  impl.RaftServerImpl (RaftServerImpl.java:setRole(174)) - ac166eba-0491-4751-a0f9-d2aec0fce4ec@group-BD290831E39A: changes role from  FOLLOWER to CANDIDATE at term 0 for changeToCandidate
2019-09-24 10:04:26,950 [Thread-265] INFO  impl.RoleInfo (RoleInfo.java:updateAndGet(143)) - ac166eba-0491-4751-a0f9-d2aec0fce4ec: start LeaderElection
2019-09-24 10:04:26,953 [73f5925b-aae6-4cfe-b968-198325afa02f@group-B429C787C2D8-SegmentedRaftLogWorker] INFO  segmented.SegmentedRaftLogWorker (SegmentedRaftLogWorker.java:execute(569)) - 73f5925b-aae6-4cfe-b968-198325afa02f@group-B429C787C2D8-SegmentedRaftLogWorker: created new log segment /workdir/hadoop-ozone/integration-test/target/test-dir/MiniOzoneClusterImpl-d70413e3-a1ae-4d90-b762-cca2fb58af6e/datanode-4/data/ratis/399fdcf4-9cbb-46ef-9b7e-b429c787c2d8/current/log_inprogress_0
2019-09-24 10:04:26,953 [c7ed17ba-dd2e-4d16-a999-1242f7359890@group-BD290831E39A:LeaderElection9] INFO  impl.LeaderElection (LeaderElection.java:askForVotes(182)) - c7ed17ba-dd2e-4d16-a999-1242f7359890@group-BD290831E39A:LeaderElection9: begin an election at term 1 for -1: [e624d7f2-a550-4cbc-b004-265b2259dace:192.168.151.86:39586, ac166eba-0491-4751-a0f9-d2aec0fce4ec:192.168.151.86:34380, c7ed17ba-dd2e-4d16-a999-1242f7359890:192.168.151.86:39246], old=null
2019-09-24 10:04:26,953 [e624d7f2-a550-4cbc-b004-265b2259dace@group-BD290831E39A:LeaderElection8] INFO  impl.LeaderElection (LeaderElection.java:askForVotes(182)) - e624d7f2-a550-4cbc-b004-265b2259dace@group-BD290831E39A:LeaderElection8: begin an election at term 1 for -1: [e624d7f2-a550-4cbc-b004-265b2259dace:192.168.151.86:39586, ac166eba-0491-4751-a0f9-d2aec0fce4ec:192.168.151.86:34380, c7ed17ba-dd2e-4d16-a999-1242f7359890:192.168.151.86:39246], old=null
2019-09-24 10:04:26,967 [ac166eba-0491-4751-a0f9-d2aec0fce4ec@group-BD290831E39A:LeaderElection10] INFO  impl.LeaderElection (LeaderElection.java:askForVotes(182)) - ac166eba-0491-4751-a0f9-d2aec0fce4ec@group-BD290831E39A:LeaderElection10: begin an election at term 1 for -1: [e624d7f2-a550-4cbc-b004-265b2259dace:192.168.151.86:39586, ac166eba-0491-4751-a0f9-d2aec0fce4ec:192.168.151.86:34380, c7ed17ba-dd2e-4d16-a999-1242f7359890:192.168.151.86:39246], old=null
2019-09-24 10:04:26,970 [Thread-274] INFO  impl.FollowerState (FollowerState.java:run(106)) - 73f5925b-aae6-4cfe-b968-198325afa02f:group-0703CE367BA1 changes to CANDIDATE, lastRpcTime:5021, electionTimeout:5019ms
2019-09-24 10:04:26,970 [Thread-274] INFO  impl.RoleInfo (RoleInfo.java:shutdownFollowerState(121)) - 73f5925b-aae6-4cfe-b968-198325afa02f: shutdown FollowerState
2019-09-24 10:04:26,970 [Thread-274] INFO  impl.RaftServerImpl (RaftServerImpl.java:setRole(174)) - 73f5925b-aae6-4cfe-b968-198325afa02f@group-0703CE367BA1: changes role from  FOLLOWER to CANDIDATE at term 0 for changeToCandidate
2019-09-24 10:04:26,970 [Thread-274] INFO  impl.RoleInfo (RoleInfo.java:updateAndGet(143)) - 73f5925b-aae6-4cfe-b968-198325afa02f: start LeaderElection
2019-09-24 10:04:26,977 [Thread-272] INFO  impl.FollowerState (FollowerState.java:run(106)) - 173df53c-8dc6-4b11-a763-b64e2e347262:group-0703CE367BA1 changes to CANDIDATE, lastRpcTime:5031, electionTimeout:5027ms
2019-09-24 10:04:26,978 [Thread-272] INFO  impl.RoleInfo (RoleInfo.java:shutdownFollowerState(121)) - 173df53c-8dc6-4b11-a763-b64e2e347262: shutdown FollowerState
2019-09-24 10:04:26,979 [Thread-272] INFO  impl.RaftServerImpl (RaftServerImpl.java:setRole(174)) - 173df53c-8dc6-4b11-a763-b64e2e347262@group-0703CE367BA1: changes role from  FOLLOWER to CANDIDATE at term 0 for changeToCandidate
2019-09-24 10:04:26,979 [Thread-272] INFO  impl.RoleInfo (RoleInfo.java:updateAndGet(143)) - 173df53c-8dc6-4b11-a763-b64e2e347262: start LeaderElection
2019-09-24 10:04:26,991 [73f5925b-aae6-4cfe-b968-198325afa02f@group-0703CE367BA1:LeaderElection11] INFO  impl.LeaderElection (LeaderElection.java:askForVotes(182)) - 73f5925b-aae6-4cfe-b968-198325afa02f@group-0703CE367BA1:LeaderElection11: begin an election at term 1 for -1: [173df53c-8dc6-4b11-a763-b64e2e347262:192.168.151.86:46014, 9fbd6b61-d2a0-4662-aa0c-aa486ff00031:192.168.151.86:45499, 73f5925b-aae6-4cfe-b968-198325afa02f:192.168.151.86:43477], old=null
2019-09-24 10:04:26,991 [173df53c-8dc6-4b11-a763-b64e2e347262@group-0703CE367BA1:LeaderElection12] INFO  impl.LeaderElection (LeaderElection.java:askForVotes(182)) - 173df53c-8dc6-4b11-a763-b64e2e347262@group-0703CE367BA1:LeaderElection12: begin an election at term 1 for -1: [173df53c-8dc6-4b11-a763-b64e2e347262:192.168.151.86:46014, 9fbd6b61-d2a0-4662-aa0c-aa486ff00031:192.168.151.86:45499, 73f5925b-aae6-4cfe-b968-198325afa02f:192.168.151.86:43477], old=null
2019-09-24 10:04:27,032 [grpc-default-executor-3] INFO  impl.RaftServerImpl (RaftServerImpl.java:setRole(174)) - 9fbd6b61-d2a0-4662-aa0c-aa486ff00031@group-0703CE367BA1: changes role from  FOLLOWER to FOLLOWER at term 1 for recognizeCandidate:173df53c-8dc6-4b11-a763-b64e2e347262
2019-09-24 10:04:27,032 [grpc-default-executor-3] INFO  impl.RoleInfo (RoleInfo.java:shutdownFollowerState(121)) - 9fbd6b61-d2a0-4662-aa0c-aa486ff00031: shutdown FollowerState
2019-09-24 10:04:27,032 [grpc-default-executor-3] INFO  impl.RoleInfo (RoleInfo.java:updateAndGet(143)) - 9fbd6b61-d2a0-4662-aa0c-aa486ff00031: start FollowerState
2019-09-24 10:04:27,032 [Thread-276] INFO  impl.FollowerState (FollowerState.java:run(115)) - 9fbd6b61-d2a0-4662-aa0c-aa486ff00031: FollowerState was interrupted: java.lang.InterruptedException: sleep interrupted
2019-09-24 10:04:27,038 [ac166eba-0491-4751-a0f9-d2aec0fce4ec@group-BD290831E39A:LeaderElection10] INFO  impl.LeaderElection (LeaderElection.java:logAndReturn(56)) - ac166eba-0491-4751-a0f9-d2aec0fce4ec@group-BD290831E39A:LeaderElection10: Election REJECTED; received 2 response(s) [ac166eba-0491-4751-a0f9-d2aec0fce4ec<-e624d7f2-a550-4cbc-b004-265b2259dace#0:FAIL-t1, ac166eba-0491-4751-a0f9-d2aec0fce4ec<-c7ed17ba-dd2e-4d16-a999-1242f7359890#0:FAIL-t1] and 0 exception(s); ac166eba-0491-4751-a0f9-d2aec0fce4ec@group-BD290831E39A:t1, leader=null, voted=ac166eba-0491-4751-a0f9-d2aec0fce4ec, raftlog=ac166eba-0491-4751-a0f9-d2aec0fce4ec@group-BD290831E39A-SegmentedRaftLog:OPENED:c-1,f-1,i0, conf=-1: [e624d7f2-a550-4cbc-b004-265b2259dace:192.168.151.86:39586, ac166eba-0491-4751-a0f9-d2aec0fce4ec:192.168.151.86:34380, c7ed17ba-dd2e-4d16-a999-1242f7359890:192.168.151.86:39246], old=null
2019-09-24 10:04:27,038 [e624d7f2-a550-4cbc-b004-265b2259dace@group-BD290831E39A:LeaderElection8] INFO  impl.LeaderElection (LeaderElection.java:logAndReturn(56)) - e624d7f2-a550-4cbc-b004-265b2259dace@group-BD290831E39A:LeaderElection8: Election REJECTED; received 2 response(s) [e624d7f2-a550-4cbc-b004-265b2259dace<-ac166eba-0491-4751-a0f9-d2aec0fce4ec#0:FAIL-t1, e624d7f2-a550-4cbc-b004-265b2259dace<-c7ed17ba-dd2e-4d16-a999-1242f7359890#0:FAIL-t1] and 0 exception(s); e624d7f2-a550-4cbc-b004-265b2259dace@group-BD290831E39A:t1, leader=null, voted=e624d7f2-a550-4cbc-b004-265b2259dace, raftlog=e624d7f2-a550-4cbc-b004-265b2259dace@group-BD290831E39A-SegmentedRaftLog:OPENED:c-1,f-1,i0, conf=-1: [e624d7f2-a550-4cbc-b004-265b2259dace:192.168.151.86:39586, ac166eba-0491-4751-a0f9-d2aec0fce4ec:192.168.151.86:34380, c7ed17ba-dd2e-4d16-a999-1242f7359890:192.168.151.86:39246], old=null
2019-09-24 10:04:27,038 [ac166eba-0491-4751-a0f9-d2aec0fce4ec@group-BD290831E39A:LeaderElection10] INFO  impl.RaftServerImpl (RaftServerImpl.java:setRole(174)) - ac166eba-0491-4751-a0f9-d2aec0fce4ec@group-BD290831E39A: changes role from CANDIDATE to FOLLOWER at term 1 for DISCOVERED_A_NEW_TERM
2019-09-24 10:04:27,042 [e624d7f2-a550-4cbc-b004-265b2259dace@group-BD290831E39A:LeaderElection8] INFO  impl.RaftServerImpl (RaftServerImpl.java:setRole(174)) - e624d7f2-a550-4cbc-b004-265b2259dace@group-BD290831E39A: changes role from CANDIDATE to FOLLOWER at term 1 for DISCOVERED_A_NEW_TERM
2019-09-24 10:04:27,043 [ac166eba-0491-4751-a0f9-d2aec0fce4ec@group-BD290831E39A:LeaderElection10] INFO  impl.RoleInfo (RoleInfo.java:shutdownLeaderElection(134)) - ac166eba-0491-4751-a0f9-d2aec0fce4ec: shutdown LeaderElection
2019-09-24 10:04:27,046 [c7ed17ba-dd2e-4d16-a999-1242f7359890@group-BD290831E39A:LeaderElection9] INFO  impl.LeaderElection (LeaderElection.java:logAndReturn(56)) - c7ed17ba-dd2e-4d16-a999-1242f7359890@group-BD290831E39A:LeaderElection9: Election REJECTED; received 2 response(s) [c7ed17ba-dd2e-4d16-a999-1242f7359890<-e624d7f2-a550-4cbc-b004-265b2259dace#0:FAIL-t1, c7ed17ba-dd2e-4d16-a999-1242f7359890<-ac166eba-0491-4751-a0f9-d2aec0fce4ec#0:FAIL-t1] and 0 exception(s); c7ed17ba-dd2e-4d16-a999-1242f7359890@group-BD290831E39A:t1, leader=null, voted=c7ed17ba-dd2e-4d16-a999-1242f7359890, raftlog=c7ed17ba-dd2e-4d16-a999-1242f7359890@group-BD290831E39A-SegmentedRaftLog:OPENED:c-1,f-1,i0, conf=-1: [e624d7f2-a550-4cbc-b004-265b2259dace:192.168.151.86:39586, ac166eba-0491-4751-a0f9-d2aec0fce4ec:192.168.151.86:34380, c7ed17ba-dd2e-4d16-a999-1242f7359890:192.168.151.86:39246], old=null
2019-09-24 10:04:27,043 [e624d7f2-a550-4cbc-b004-265b2259dace@group-BD290831E39A:LeaderElection8] INFO  impl.RoleInfo (RoleInfo.java:shutdownLeaderElection(134)) - e624d7f2-a550-4cbc-b004-265b2259dace: shutdown LeaderElection
2019-09-24 10:04:27,048 [c7ed17ba-dd2e-4d16-a999-1242f7359890@group-BD290831E39A:LeaderElection9] INFO  impl.RaftServerImpl (RaftServerImpl.java:setRole(174)) - c7ed17ba-dd2e-4d16-a999-1242f7359890@group-BD290831E39A: changes role from CANDIDATE to FOLLOWER at term 1 for DISCOVERED_A_NEW_TERM
2019-09-24 10:04:27,048 [ac166eba-0491-4751-a0f9-d2aec0fce4ec@group-BD290831E39A:LeaderElection10] INFO  impl.RoleInfo (RoleInfo.java:updateAndGet(143)) - ac166eba-0491-4751-a0f9-d2aec0fce4ec: start FollowerState
2019-09-24 10:04:27,053 [e624d7f2-a550-4cbc-b004-265b2259dace@group-BD290831E39A:LeaderElection8] INFO  impl.RoleInfo (RoleInfo.java:updateAndGet(143)) - e624d7f2-a550-4cbc-b004-265b2259dace: start FollowerState
2019-09-24 10:04:27,053 [c7ed17ba-dd2e-4d16-a999-1242f7359890@group-BD290831E39A:LeaderElection9] INFO  impl.RoleInfo (RoleInfo.java:shutdownLeaderElection(134)) - c7ed17ba-dd2e-4d16-a999-1242f7359890: shutdown LeaderElection
2019-09-24 10:04:27,055 [c7ed17ba-dd2e-4d16-a999-1242f7359890@group-BD290831E39A:LeaderElection9] INFO  impl.RoleInfo (RoleInfo.java:updateAndGet(143)) - c7ed17ba-dd2e-4d16-a999-1242f7359890: start FollowerState
2019-09-24 10:04:27,079 [73f5925b-aae6-4cfe-b968-198325afa02f@group-0703CE367BA1:LeaderElection11] INFO  impl.LeaderElection (LeaderElection.java:logAndReturn(56)) - 73f5925b-aae6-4cfe-b968-198325afa02f@group-0703CE367BA1:LeaderElection11: Election REJECTED; received 2 response(s) [73f5925b-aae6-4cfe-b968-198325afa02f<-173df53c-8dc6-4b11-a763-b64e2e347262#0:FAIL-t1, 73f5925b-aae6-4cfe-b968-198325afa02f<-9fbd6b61-d2a0-4662-aa0c-aa486ff00031#0:FAIL-t1] and 0 exception(s); 73f5925b-aae6-4cfe-b968-198325afa02f@group-0703CE367BA1:t1, leader=null, voted=73f5925b-aae6-4cfe-b968-198325afa02f, raftlog=73f5925b-aae6-4cfe-b968-198325afa02f@group-0703CE367BA1-SegmentedRaftLog:OPENED:c-1,f-1,i0, conf=-1: [173df53c-8dc6-4b11-a763-b64e2e347262:192.168.151.86:46014, 9fbd6b61-d2a0-4662-aa0c-aa486ff00031:192.168.151.86:45499, 73f5925b-aae6-4cfe-b968-198325afa02f:192.168.151.86:43477], old=null
2019-09-24 10:04:27,080 [173df53c-8dc6-4b11-a763-b64e2e347262@group-0703CE367BA1:LeaderElection12] INFO  impl.LeaderElection (LeaderElection.java:logAndReturn(56)) - 173df53c-8dc6-4b11-a763-b64e2e347262@group-0703CE367BA1:LeaderElection12: Election PASSED; received 2 response(s) [173df53c-8dc6-4b11-a763-b64e2e347262<-9fbd6b61-d2a0-4662-aa0c-aa486ff00031#0:OK-t1, 173df53c-8dc6-4b11-a763-b64e2e347262<-73f5925b-aae6-4cfe-b968-198325afa02f#0:FAIL-t1] and 0 exception(s); 173df53c-8dc6-4b11-a763-b64e2e347262@group-0703CE367BA1:t1, leader=null, voted=173df53c-8dc6-4b11-a763-b64e2e347262, raftlog=173df53c-8dc6-4b11-a763-b64e2e347262@group-0703CE367BA1-SegmentedRaftLog:OPENED:c-1,f-1,i0, conf=-1: [173df53c-8dc6-4b11-a763-b64e2e347262:192.168.151.86:46014, 9fbd6b61-d2a0-4662-aa0c-aa486ff00031:192.168.151.86:45499, 73f5925b-aae6-4cfe-b968-198325afa02f:192.168.151.86:43477], old=null
2019-09-24 10:04:27,080 [73f5925b-aae6-4cfe-b968-198325afa02f@group-0703CE367BA1:LeaderElection11] INFO  impl.RaftServerImpl (RaftServerImpl.java:setRole(174)) - 73f5925b-aae6-4cfe-b968-198325afa02f@group-0703CE367BA1: changes role from CANDIDATE to FOLLOWER at term 1 for DISCOVERED_A_NEW_TERM
2019-09-24 10:04:27,082 [73f5925b-aae6-4cfe-b968-198325afa02f@group-0703CE367BA1:LeaderElection11] INFO  impl.RoleInfo (RoleInfo.java:shutdownLeaderElection(134)) - 73f5925b-aae6-4cfe-b968-198325afa02f: shutdown LeaderElection
2019-09-24 10:04:27,082 [173df53c-8dc6-4b11-a763-b64e2e347262@group-0703CE367BA1:LeaderElection12] INFO  impl.RoleInfo (RoleInfo.java:shutdownLeaderElection(134)) - 173df53c-8dc6-4b11-a763-b64e2e347262: shutdown LeaderElection
2019-09-24 10:04:27,084 [73f5925b-aae6-4cfe-b968-198325afa02f@group-0703CE367BA1:LeaderElection11] INFO  impl.RoleInfo (RoleInfo.java:updateAndGet(143)) - 73f5925b-aae6-4cfe-b968-198325afa02f: start FollowerState
2019-09-24 10:04:27,084 [173df53c-8dc6-4b11-a763-b64e2e347262@group-0703CE367BA1:LeaderElection12] INFO  impl.RaftServerImpl (RaftServerImpl.java:setRole(174)) - 173df53c-8dc6-4b11-a763-b64e2e347262@group-0703CE367BA1: changes role from CANDIDATE to LEADER at term 1 for changeToLeader
2019-09-24 10:04:27,084 [173df53c-8dc6-4b11-a763-b64e2e347262@group-0703CE367BA1:LeaderElection12] INFO  impl.RaftServerImpl (ServerState.java:setLeader(253)) - 173df53c-8dc6-4b11-a763-b64e2e347262@group-0703CE367BA1: change Leader from null to 173df53c-8dc6-4b11-a763-b64e2e347262 at term 1 for becomeLeader, leader elected after 5145ms
2019-09-24 10:04:27,084 [173df53c-8dc6-4b11-a763-b64e2e347262@group-0703CE367BA1:LeaderElection12] INFO  server.RaftServerConfigKeys (ConfUtils.java:logGet(43)) - raft.server.staging.catchup.gap = 1000 (default)
2019-09-24 10:04:27,084 [173df53c-8dc6-4b11-a763-b64e2e347262@group-0703CE367BA1:LeaderElection12] INFO  server.RaftServerConfigKeys (ConfUtils.java:logGet(43)) - raft.server.rpc.sleep.time = 25ms (default)
2019-09-24 10:04:27,085 [173df53c-8dc6-4b11-a763-b64e2e347262@group-0703CE367BA1:LeaderElection12] INFO  server.RaftServerConfigKeys (ConfUtils.java:logGet(43)) - raft.server.write.element-limit = 4096 (default)
2019-09-24 10:04:27,085 [173df53c-8dc6-4b11-a763-b64e2e347262@group-0703CE367BA1:LeaderElection12] INFO  server.RaftServerConfigKeys (ConfUtils.java:logGet(43)) - raft.server.watch.timeout = 10s (default)
2019-09-24 10:04:27,085 [173df53c-8dc6-4b11-a763-b64e2e347262@group-0703CE367BA1:LeaderElection12] INFO  server.RaftServerConfigKeys (ConfUtils.java:logGet(43)) - raft.server.watch.timeout.denomination = 1s (default)
2019-09-24 10:04:27,085 [173df53c-8dc6-4b11-a763-b64e2e347262@group-0703CE367BA1:LeaderElection12] INFO  server.RaftServerConfigKeys (ConfUtils.java:logGet(43)) - raft.server.watch.element-limit = 65536 (default)
2019-09-24 10:04:27,091 [173df53c-8dc6-4b11-a763-b64e2e347262@group-0703CE367BA1:LeaderElection12] INFO  server.RaftServerConfigKeys (ConfUtils.java:logGet(43)) - raft.server.log.appender.snapshot.chunk.size.max = 16MB (=16777216) (default)
2019-09-24 10:04:27,091 [173df53c-8dc6-4b11-a763-b64e2e347262@group-0703CE367BA1:LeaderElection12] INFO  server.RaftServerConfigKeys (ConfUtils.java:logGet(43)) - raft.server.log.appender.buffer.byte-limit = 33554432 (custom)
2019-09-24 10:04:27,092 [173df53c-8dc6-4b11-a763-b64e2e347262@group-0703CE367BA1:LeaderElection12] INFO  server.RaftServerConfigKeys (ConfUtils.java:logGet(43)) - raft.server.log.appender.buffer.element-limit = 1 (custom)
2019-09-24 10:04:27,096 [173df53c-8dc6-4b11-a763-b64e2e347262@group-0703CE367BA1:LeaderElection12] INFO  grpc.GrpcConfigKeys$Server (ConfUtils.java:logGet(43)) - raft.grpc.server.leader.outstanding.appends.max = 128 (default)
2019-09-24 10:04:27,097 [173df53c-8dc6-4b11-a763-b64e2e347262@group-0703CE367BA1:LeaderElection12] INFO  server.RaftServerConfigKeys (ConfUtils.java:logGet(43)) - raft.server.rpc.request.timeout = 3000ms (default)
2019-09-24 10:04:27,097 [173df53c-8dc6-4b11-a763-b64e2e347262@group-0703CE367BA1:LeaderElection12] INFO  server.RaftServerConfigKeys (ConfUtils.java:logGet(43)) - raft.server.log.appender.install.snapshot.enabled = false (custom)
2019-09-24 10:04:27,098 [173df53c-8dc6-4b11-a763-b64e2e347262@group-0703CE367BA1:LeaderElection12] INFO  server.RaftServerConfigKeys (ConfUtils.java:logGet(43)) - raft.server.log.appender.snapshot.chunk.size.max = 16MB (=16777216) (default)
2019-09-24 10:04:27,098 [173df53c-8dc6-4b11-a763-b64e2e347262@group-0703CE367BA1:LeaderElection12] INFO  server.RaftServerConfigKeys (ConfUtils.java:logGet(43)) - raft.server.log.appender.buffer.byte-limit = 33554432 (custom)
2019-09-24 10:04:27,099 [173df53c-8dc6-4b11-a763-b64e2e347262@group-0703CE367BA1:LeaderElection12] INFO  server.RaftServerConfigKeys (ConfUtils.java:logGet(43)) - raft.server.log.appender.buffer.element-limit = 1 (custom)
2019-09-24 10:04:27,099 [173df53c-8dc6-4b11-a763-b64e2e347262@group-0703CE367BA1:LeaderElection12] INFO  grpc.GrpcConfigKeys$Server (ConfUtils.java:logGet(43)) - raft.grpc.server.leader.outstanding.appends.max = 128 (default)
2019-09-24 10:04:27,099 [173df53c-8dc6-4b11-a763-b64e2e347262@group-0703CE367BA1:LeaderElection12] INFO  server.RaftServerConfigKeys (ConfUtils.java:logGet(43)) - raft.server.rpc.request.timeout = 3000ms (default)
2019-09-24 10:04:27,099 [173df53c-8dc6-4b11-a763-b64e2e347262@group-0703CE367BA1:LeaderElection12] INFO  server.RaftServerConfigKeys (ConfUtils.java:logGet(43)) - raft.server.log.appender.install.snapshot.enabled = false (custom)
2019-09-24 10:04:27,101 [173df53c-8dc6-4b11-a763-b64e2e347262@group-0703CE367BA1:LeaderElection12] INFO  impl.RoleInfo (RoleInfo.java:updateAndGet(143)) - 173df53c-8dc6-4b11-a763-b64e2e347262: start LeaderState
2019-09-24 10:04:27,101 [173df53c-8dc6-4b11-a763-b64e2e347262@group-0703CE367BA1:LeaderElection12] INFO  segmented.SegmentedRaftLogWorker (SegmentedRaftLogWorker.java:startLogSegment(380)) - 173df53c-8dc6-4b11-a763-b64e2e347262@group-0703CE367BA1-SegmentedRaftLogWorker: Starting segment from index:0
2019-09-24 10:04:27,102 [173df53c-8dc6-4b11-a763-b64e2e347262@group-0703CE367BA1:LeaderElection12] INFO  impl.RaftServerImpl (ServerState.java:setRaftConf(354)) - 173df53c-8dc6-4b11-a763-b64e2e347262@group-0703CE367BA1: set configuration 0: [173df53c-8dc6-4b11-a763-b64e2e347262:192.168.151.86:46014, 9fbd6b61-d2a0-4662-aa0c-aa486ff00031:192.168.151.86:45499, 73f5925b-aae6-4cfe-b968-198325afa02f:192.168.151.86:43477], old=null at 0
2019-09-24 10:04:27,147 [173df53c-8dc6-4b11-a763-b64e2e347262@group-0703CE367BA1-SegmentedRaftLogWorker] INFO  segmented.SegmentedRaftLogWorker (SegmentedRaftLogWorker.java:execute(569)) - 173df53c-8dc6-4b11-a763-b64e2e347262@group-0703CE367BA1-SegmentedRaftLogWorker: created new log segment /workdir/hadoop-ozone/integration-test/target/test-dir/MiniOzoneClusterImpl-d70413e3-a1ae-4d90-b762-cca2fb58af6e/datanode-1/data/ratis/5319fc9f-e9f7-46c4-be08-0703ce367ba1/current/log_inprogress_0
2019-09-24 10:04:27,159 [grpc-default-executor-3] INFO  impl.RaftServerImpl (ServerState.java:setLeader(253)) - 73f5925b-aae6-4cfe-b968-198325afa02f@group-0703CE367BA1: change Leader from null to 173df53c-8dc6-4b11-a763-b64e2e347262 at term 1 for appendEntries, leader elected after 5221ms
2019-09-24 10:04:27,159 [grpc-default-executor-7] INFO  impl.RaftServerImpl (ServerState.java:setLeader(253)) - 9fbd6b61-d2a0-4662-aa0c-aa486ff00031@group-0703CE367BA1: change Leader from null to 173df53c-8dc6-4b11-a763-b64e2e347262 at term 1 for appendEntries, leader elected after 5220ms
2019-09-24 10:04:27,209 [grpc-default-executor-7] INFO  impl.RaftServerImpl (ServerState.java:setRaftConf(354)) - 73f5925b-aae6-4cfe-b968-198325afa02f@group-0703CE367BA1: set configuration 0: [173df53c-8dc6-4b11-a763-b64e2e347262:192.168.151.86:46014, 9fbd6b61-d2a0-4662-aa0c-aa486ff00031:192.168.151.86:45499, 73f5925b-aae6-4cfe-b968-198325afa02f:192.168.151.86:43477], old=null at 0
2019-09-24 10:04:27,209 [grpc-default-executor-1] INFO  impl.RaftServerImpl (ServerState.java:setRaftConf(354)) - 9fbd6b61-d2a0-4662-aa0c-aa486ff00031@group-0703CE367BA1: set configuration 0: [173df53c-8dc6-4b11-a763-b64e2e347262:192.168.151.86:46014, 9fbd6b61-d2a0-4662-aa0c-aa486ff00031:192.168.151.86:45499, 73f5925b-aae6-4cfe-b968-198325afa02f:192.168.151.86:43477], old=null at 0
2019-09-24 10:04:27,209 [grpc-default-executor-7] INFO  segmented.SegmentedRaftLogWorker (SegmentedRaftLogWorker.java:startLogSegment(380)) - 73f5925b-aae6-4cfe-b968-198325afa02f@group-0703CE367BA1-SegmentedRaftLogWorker: Starting segment from index:0
2019-09-24 10:04:27,210 [grpc-default-executor-1] INFO  segmented.SegmentedRaftLogWorker (SegmentedRaftLogWorker.java:startLogSegment(380)) - 9fbd6b61-d2a0-4662-aa0c-aa486ff00031@group-0703CE367BA1-SegmentedRaftLogWorker: Starting segment from index:0
2019-09-24 10:04:27,295 [9fbd6b61-d2a0-4662-aa0c-aa486ff00031@group-0703CE367BA1-SegmentedRaftLogWorker] INFO  segmented.SegmentedRaftLogWorker (SegmentedRaftLogWorker.java:execute(569)) - 9fbd6b61-d2a0-4662-aa0c-aa486ff00031@group-0703CE367BA1-SegmentedRaftLogWorker: created new log segment /workdir/hadoop-ozone/integration-test/target/test-dir/MiniOzoneClusterImpl-d70413e3-a1ae-4d90-b762-cca2fb58af6e/datanode-3/data/ratis/5319fc9f-e9f7-46c4-be08-0703ce367ba1/current/log_inprogress_0
2019-09-24 10:04:27,295 [73f5925b-aae6-4cfe-b968-198325afa02f@group-0703CE367BA1-SegmentedRaftLogWorker] INFO  segmented.SegmentedRaftLogWorker (SegmentedRaftLogWorker.java:execute(569)) - 73f5925b-aae6-4cfe-b968-198325afa02f@group-0703CE367BA1-SegmentedRaftLogWorker: created new log segment /workdir/hadoop-ozone/integration-test/target/test-dir/MiniOzoneClusterImpl-d70413e3-a1ae-4d90-b762-cca2fb58af6e/datanode-4/data/ratis/5319fc9f-e9f7-46c4-be08-0703ce367ba1/current/log_inprogress_0
2019-09-24 10:04:28,398 [Datanode State Machine Thread - 0] INFO  statemachine.DatanodeStateMachine (DatanodeStateMachine.java:lambda$startDaemon$0(350)) - Ozone container server started.
2019-09-24 10:04:32,074 [Thread-323] INFO  impl.FollowerState (FollowerState.java:run(106)) - c7ed17ba-dd2e-4d16-a999-1242f7359890:group-BD290831E39A changes to CANDIDATE, lastRpcTime:5019, electionTimeout:5017ms
2019-09-24 10:04:32,075 [Thread-323] INFO  impl.RoleInfo (RoleInfo.java:shutdownFollowerState(121)) - c7ed17ba-dd2e-4d16-a999-1242f7359890: shutdown FollowerState
2019-09-24 10:04:32,075 [Thread-323] INFO  impl.RaftServerImpl (RaftServerImpl.java:setRole(174)) - c7ed17ba-dd2e-4d16-a999-1242f7359890@group-BD290831E39A: changes role from  FOLLOWER to CANDIDATE at term 1 for changeToCandidate
2019-09-24 10:04:32,075 [Thread-323] INFO  impl.RoleInfo (RoleInfo.java:updateAndGet(143)) - c7ed17ba-dd2e-4d16-a999-1242f7359890: start LeaderElection
2019-09-24 10:04:32,088 [Thread-322] INFO  impl.FollowerState (FollowerState.java:run(106)) - e624d7f2-a550-4cbc-b004-265b2259dace:group-BD290831E39A changes to CANDIDATE, lastRpcTime:5034, electionTimeout:5031ms
2019-09-24 10:04:32,088 [Thread-322] INFO  impl.RoleInfo (RoleInfo.java:shutdownFollowerState(121)) - e624d7f2-a550-4cbc-b004-265b2259dace: shutdown FollowerState
2019-09-24 10:04:32,089 [Thread-322] INFO  impl.RaftServerImpl (RaftServerImpl.java:setRole(174)) - e624d7f2-a550-4cbc-b004-265b2259dace@group-BD290831E39A: changes role from  FOLLOWER to CANDIDATE at term 1 for changeToCandidate
2019-09-24 10:04:32,089 [Thread-322] INFO  impl.RoleInfo (RoleInfo.java:updateAndGet(143)) - e624d7f2-a550-4cbc-b004-265b2259dace: start LeaderElection
2019-09-24 10:04:32,206 [Thread-321] INFO  impl.FollowerState (FollowerState.java:run(106)) - ac166eba-0491-4751-a0f9-d2aec0fce4ec:group-BD290831E39A changes to CANDIDATE, lastRpcTime:5157, electionTimeout:5150ms
2019-09-24 10:04:32,206 [Thread-321] INFO  impl.RoleInfo (RoleInfo.java:shutdownFollowerState(121)) - ac166eba-0491-4751-a0f9-d2aec0fce4ec: shutdown FollowerState
2019-09-24 10:04:32,206 [Thread-321] INFO  impl.RaftServerImpl (RaftServerImpl.java:setRole(174)) - ac166eba-0491-4751-a0f9-d2aec0fce4ec@group-BD290831E39A: changes role from  FOLLOWER to CANDIDATE at term 1 for changeToCandidate
2019-09-24 10:04:32,206 [Thread-321] INFO  impl.RoleInfo (RoleInfo.java:updateAndGet(143)) - ac166eba-0491-4751-a0f9-d2aec0fce4ec: start LeaderElection
2019-09-24 10:04:32,275 [c7ed17ba-dd2e-4d16-a999-1242f7359890@group-BD290831E39A:LeaderElection13] INFO  impl.LeaderElection (LeaderElection.java:askForVotes(182)) - c7ed17ba-dd2e-4d16-a999-1242f7359890@group-BD290831E39A:LeaderElection13: begin an election at term 2 for -1: [e624d7f2-a550-4cbc-b004-265b2259dace:192.168.151.86:39586, ac166eba-0491-4751-a0f9-d2aec0fce4ec:192.168.151.86:34380, c7ed17ba-dd2e-4d16-a999-1242f7359890:192.168.151.86:39246], old=null
2019-09-24 10:04:32,275 [e624d7f2-a550-4cbc-b004-265b2259dace@group-BD290831E39A:LeaderElection14] INFO  impl.LeaderElection (LeaderElection.java:askForVotes(182)) - e624d7f2-a550-4cbc-b004-265b2259dace@group-BD290831E39A:LeaderElection14: begin an election at term 2 for -1: [e624d7f2-a550-4cbc-b004-265b2259dace:192.168.151.86:39586, ac166eba-0491-4751-a0f9-d2aec0fce4ec:192.168.151.86:34380, c7ed17ba-dd2e-4d16-a999-1242f7359890:192.168.151.86:39246], old=null
2019-09-24 10:04:32,275 [ac166eba-0491-4751-a0f9-d2aec0fce4ec@group-BD290831E39A:LeaderElection15] INFO  impl.LeaderElection (LeaderElection.java:askForVotes(182)) - ac166eba-0491-4751-a0f9-d2aec0fce4ec@group-BD290831E39A:LeaderElection15: begin an election at term 2 for -1: [e624d7f2-a550-4cbc-b004-265b2259dace:192.168.151.86:39586, ac166eba-0491-4751-a0f9-d2aec0fce4ec:192.168.151.86:34380, c7ed17ba-dd2e-4d16-a999-1242f7359890:192.168.151.86:39246], old=null
2019-09-24 10:04:32,294 [ac166eba-0491-4751-a0f9-d2aec0fce4ec@group-BD290831E39A:LeaderElection15] INFO  impl.LeaderElection (LeaderElection.java:logAndReturn(56)) - ac166eba-0491-4751-a0f9-d2aec0fce4ec@group-BD290831E39A:LeaderElection15: Election REJECTED; received 2 response(s) [ac166eba-0491-4751-a0f9-d2aec0fce4ec<-e624d7f2-a550-4cbc-b004-265b2259dace#0:FAIL-t2, ac166eba-0491-4751-a0f9-d2aec0fce4ec<-c7ed17ba-dd2e-4d16-a999-1242f7359890#0:FAIL-t2] and 0 exception(s); ac166eba-0491-4751-a0f9-d2aec0fce4ec@group-BD290831E39A:t2, leader=null, voted=ac166eba-0491-4751-a0f9-d2aec0fce4ec, raftlog=ac166eba-0491-4751-a0f9-d2aec0fce4ec@group-BD290831E39A-SegmentedRaftLog:OPENED:c-1,f-1,i0, conf=-1: [e624d7f2-a550-4cbc-b004-265b2259dace:192.168.151.86:39586, ac166eba-0491-4751-a0f9-d2aec0fce4ec:192.168.151.86:34380, c7ed17ba-dd2e-4d16-a999-1242f7359890:192.168.151.86:39246], old=null
2019-09-24 10:04:32,294 [c7ed17ba-dd2e-4d16-a999-1242f7359890@group-BD290831E39A:LeaderElection13] INFO  impl.LeaderElection (LeaderElection.java:logAndReturn(56)) - c7ed17ba-dd2e-4d16-a999-1242f7359890@group-BD290831E39A:LeaderElection13: Election REJECTED; received 2 response(s) [c7ed17ba-dd2e-4d16-a999-1242f7359890<-e624d7f2-a550-4cbc-b004-265b2259dace#0:FAIL-t2, c7ed17ba-dd2e-4d16-a999-1242f7359890<-ac166eba-0491-4751-a0f9-d2aec0fce4ec#0:FAIL-t2] and 0 exception(s); c7ed17ba-dd2e-4d16-a999-1242f7359890@group-BD290831E39A:t2, leader=null, voted=c7ed17ba-dd2e-4d16-a999-1242f7359890, raftlog=c7ed17ba-dd2e-4d16-a999-1242f7359890@group-BD290831E39A-SegmentedRaftLog:OPENED:c-1,f-1,i0, conf=-1: [e624d7f2-a550-4cbc-b004-265b2259dace:192.168.151.86:39586, ac166eba-0491-4751-a0f9-d2aec0fce4ec:192.168.151.86:34380, c7ed17ba-dd2e-4d16-a999-1242f7359890:192.168.151.86:39246], old=null
2019-09-24 10:04:32,295 [ac166eba-0491-4751-a0f9-d2aec0fce4ec@group-BD290831E39A:LeaderElection15] INFO  impl.RaftServerImpl (RaftServerImpl.java:setRole(174)) - ac166eba-0491-4751-a0f9-d2aec0fce4ec@group-BD290831E39A: changes role from CANDIDATE to FOLLOWER at term 2 for DISCOVERED_A_NEW_TERM
2019-09-24 10:04:32,297 [c7ed17ba-dd2e-4d16-a999-1242f7359890@group-BD290831E39A:LeaderElection13] INFO  impl.RaftServerImpl (RaftServerImpl.java:setRole(174)) - c7ed17ba-dd2e-4d16-a999-1242f7359890@group-BD290831E39A: changes role from CANDIDATE to FOLLOWER at term 2 for DISCOVERED_A_NEW_TERM
2019-09-24 10:04:32,299 [ac166eba-0491-4751-a0f9-d2aec0fce4ec@group-BD290831E39A:LeaderElection15] INFO  impl.RoleInfo (RoleInfo.java:shutdownLeaderElection(134)) - ac166eba-0491-4751-a0f9-d2aec0fce4ec: shutdown LeaderElection
2019-09-24 10:04:32,301 [c7ed17ba-dd2e-4d16-a999-1242f7359890@group-BD290831E39A:LeaderElection13] INFO  impl.RoleInfo (RoleInfo.java:shutdownLeaderElection(134)) - c7ed17ba-dd2e-4d16-a999-1242f7359890: shutdown LeaderElection
2019-09-24 10:04:32,301 [ac166eba-0491-4751-a0f9-d2aec0fce4ec@group-BD290831E39A:LeaderElection15] INFO  impl.RoleInfo (RoleInfo.java:updateAndGet(143)) - ac166eba-0491-4751-a0f9-d2aec0fce4ec: start FollowerState
2019-09-24 10:04:32,301 [c7ed17ba-dd2e-4d16-a999-1242f7359890@group-BD290831E39A:LeaderElection13] INFO  impl.RoleInfo (RoleInfo.java:updateAndGet(143)) - c7ed17ba-dd2e-4d16-a999-1242f7359890: start FollowerState
2019-09-24 10:04:32,301 [e624d7f2-a550-4cbc-b004-265b2259dace@group-BD290831E39A:LeaderElection14] INFO  impl.LeaderElection (LeaderElection.java:logAndReturn(56)) - e624d7f2-a550-4cbc-b004-265b2259dace@group-BD290831E39A:LeaderElection14: Election REJECTED; received 2 response(s) [e624d7f2-a550-4cbc-b004-265b2259dace<-ac166eba-0491-4751-a0f9-d2aec0fce4ec#0:FAIL-t2, e624d7f2-a550-4cbc-b004-265b2259dace<-c7ed17ba-dd2e-4d16-a999-1242f7359890#0:FAIL-t2] and 0 exception(s); e624d7f2-a550-4cbc-b004-265b2259dace@group-BD290831E39A:t2, leader=null, voted=e624d7f2-a550-4cbc-b004-265b2259dace, raftlog=e624d7f2-a550-4cbc-b004-265b2259dace@group-BD290831E39A-SegmentedRaftLog:OPENED:c-1,f-1,i0, conf=-1: [e624d7f2-a550-4cbc-b004-265b2259dace:192.168.151.86:39586, ac166eba-0491-4751-a0f9-d2aec0fce4ec:192.168.151.86:34380, c7ed17ba-dd2e-4d16-a999-1242f7359890:192.168.151.86:39246], old=null
2019-09-24 10:04:32,304 [e624d7f2-a550-4cbc-b004-265b2259dace@group-BD290831E39A:LeaderElection14] INFO  impl.RaftServerImpl (RaftServerImpl.java:setRole(174)) - e624d7f2-a550-4cbc-b004-265b2259dace@group-BD290831E39A: changes role from CANDIDATE to FOLLOWER at term 2 for DISCOVERED_A_NEW_TERM
2019-09-24 10:04:32,305 [e624d7f2-a550-4cbc-b004-265b2259dace@group-BD290831E39A:LeaderElection14] INFO  impl.RoleInfo (RoleInfo.java:shutdownLeaderElection(134)) - e624d7f2-a550-4cbc-b004-265b2259dace: shutdown LeaderElection
2019-09-24 10:04:32,305 [e624d7f2-a550-4cbc-b004-265b2259dace@group-BD290831E39A:LeaderElection14] INFO  impl.RoleInfo (RoleInfo.java:updateAndGet(143)) - e624d7f2-a550-4cbc-b004-265b2259dace: start FollowerState
2019-09-24 10:04:32,403 [EventQueue-StaleNodeForStaleNodeHandler] INFO  node.StaleNodeHandler (StaleNodeHandler.java:onMessage(58)) - Datanode 9fbd6b61-d2a0-4662-aa0c-aa486ff00031{ip: 192.168.151.86, host: pr-hdds-2167-zx9qf-3539961911, networkLocation: /default-rack, certSerialId: null} moved to stale state. Finalizing its pipelines [PipelineID=ac6eed07-4a7a-42c2-9957-ac1eb102b9db, PipelineID=5319fc9f-e9f7-46c4-be08-0703ce367ba1]
2019-09-24 10:04:32,407 [EventQueue-StaleNodeForStaleNodeHandler] INFO  pipeline.SCMPipelineManager (SCMPipelineManager.java:finalizeAndDestroyPipeline(315)) - destroying pipeline:Pipeline[ Id: ac6eed07-4a7a-42c2-9957-ac1eb102b9db, Nodes: 9fbd6b61-d2a0-4662-aa0c-aa486ff00031{ip: 192.168.151.86, host: pr-hdds-2167-zx9qf-3539961911, networkLocation: /default-rack, certSerialId: null}, Type:RATIS, Factor:ONE, State:OPEN]
2019-09-24 10:04:32,409 [EventQueue-StaleNodeForStaleNodeHandler] INFO  pipeline.PipelineStateManager (PipelineStateManager.java:finalizePipeline(123)) - Pipeline Pipeline[ Id: ac6eed07-4a7a-42c2-9957-ac1eb102b9db, Nodes: 9fbd6b61-d2a0-4662-aa0c-aa486ff00031{ip: 192.168.151.86, host: pr-hdds-2167-zx9qf-3539961911, networkLocation: /default-rack, certSerialId: null}, Type:RATIS, Factor:ONE, State:CLOSED] moved to CLOSED state
2019-09-24 10:04:32,410 [EventQueue-StaleNodeForStaleNodeHandler] INFO  pipeline.SCMPipelineManager (SCMPipelineManager.java:finalizeAndDestroyPipeline(315)) - destroying pipeline:Pipeline[ Id: 5319fc9f-e9f7-46c4-be08-0703ce367ba1, Nodes: 9fbd6b61-d2a0-4662-aa0c-aa486ff00031{ip: 192.168.151.86, host: pr-hdds-2167-zx9qf-3539961911, networkLocation: /default-rack, certSerialId: null}173df53c-8dc6-4b11-a763-b64e2e347262{ip: 192.168.151.86, host: pr-hdds-2167-zx9qf-3539961911, networkLocation: /default-rack, certSerialId: null}73f5925b-aae6-4cfe-b968-198325afa02f{ip: 192.168.151.86, host: pr-hdds-2167-zx9qf-3539961911, networkLocation: /default-rack, certSerialId: null}, Type:RATIS, Factor:THREE, State:OPEN]
2019-09-24 10:04:32,411 [EventQueue-StaleNodeForStaleNodeHandler] INFO  pipeline.PipelineStateManager (PipelineStateManager.java:finalizePipeline(123)) - Pipeline Pipeline[ Id: 5319fc9f-e9f7-46c4-be08-0703ce367ba1, Nodes: 9fbd6b61-d2a0-4662-aa0c-aa486ff00031{ip: 192.168.151.86, host: pr-hdds-2167-zx9qf-3539961911, networkLocation: /default-rack, certSerialId: null}173df53c-8dc6-4b11-a763-b64e2e347262{ip: 192.168.151.86, host: pr-hdds-2167-zx9qf-3539961911, networkLocation: /default-rack, certSerialId: null}73f5925b-aae6-4cfe-b968-198325afa02f{ip: 192.168.151.86, host: pr-hdds-2167-zx9qf-3539961911, networkLocation: /default-rack, certSerialId: null}, Type:RATIS, Factor:THREE, State:CLOSED] moved to CLOSED state
2019-09-24 10:04:32,411 [EventQueue-CloseContainerForCloseContainerEventHandler] INFO  container.CloseContainerEventHandler (CloseContainerEventHandler.java:onMessage(61)) - Close container Event triggered for container : #1
2019-09-24 10:04:32,722 [main] INFO  ozoneimpl.OzoneContainer (OzoneContainer.java:stop(231)) - Attempting to stop container services.
2019-09-24 10:04:32,726 [main] INFO  impl.RaftServerProxy (RaftServerProxy.java:lambda$close$4(314)) - 9fbd6b61-d2a0-4662-aa0c-aa486ff00031: close
2019-09-24 10:04:32,728 [ForkJoinPool.commonPool-worker-1] INFO  impl.RaftServerImpl (RaftServerImpl.java:lambda$shutdown$3(251)) - 9fbd6b61-d2a0-4662-aa0c-aa486ff00031@group-0703CE367BA1: shutdown
2019-09-24 10:04:32,728 [main] INFO  impl.RaftServerImpl (RaftServerImpl.java:lambda$shutdown$3(251)) - 9fbd6b61-d2a0-4662-aa0c-aa486ff00031@group-AC1EB102B9DB: shutdown
2019-09-24 10:04:32,729 [ForkJoinPool.commonPool-worker-1] INFO  util.JmxRegister (JmxRegister.java:unregister(73)) - Successfully un-registered JMX Bean with object name Ratis:service=RaftServer,group=group-0703CE367BA1,id=9fbd6b61-d2a0-4662-aa0c-aa486ff00031
2019-09-24 10:04:32,729 [main] INFO  util.JmxRegister (JmxRegister.java:unregister(73)) - Successfully un-registered JMX Bean with object name Ratis:service=RaftServer,group=group-AC1EB102B9DB,id=9fbd6b61-d2a0-4662-aa0c-aa486ff00031
2019-09-24 10:04:32,729 [ForkJoinPool.commonPool-worker-1] INFO  impl.RoleInfo (RoleInfo.java:shutdownFollowerState(121)) - 9fbd6b61-d2a0-4662-aa0c-aa486ff00031: shutdown FollowerState
2019-09-24 10:04:32,729 [main] INFO  impl.RoleInfo (RoleInfo.java:shutdownLeaderState(104)) - 9fbd6b61-d2a0-4662-aa0c-aa486ff00031: shutdown LeaderState
2019-09-24 10:04:32,730 [Thread-320] INFO  impl.FollowerState (FollowerState.java:run(115)) - 9fbd6b61-d2a0-4662-aa0c-aa486ff00031: FollowerState was interrupted: java.lang.InterruptedException: sleep interrupted
2019-09-24 10:04:32,730 [ForkJoinPool.commonPool-worker-1] INFO  impl.StateMachineUpdater (StateMachineUpdater.java:stopAndJoin(125)) - 9fbd6b61-d2a0-4662-aa0c-aa486ff00031@group-0703CE367BA1-StateMachineUpdater: set stopIndex = 16
2019-09-24 10:04:32,730 [9fbd6b61-d2a0-4662-aa0c-aa486ff00031@group-0703CE367BA1-StateMachineUpdater] INFO  ratis.ContainerStateMachine (ContainerStateMachine.java:takeSnapshot(289)) - group-0703CE367BA1: Taking a snapshot at:(t:1, i:14) file /workdir/hadoop-ozone/integration-test/target/test-dir/MiniOzoneClusterImpl-d70413e3-a1ae-4d90-b762-cca2fb58af6e/datanode-3/data/ratis/5319fc9f-e9f7-46c4-be08-0703ce367ba1/sm/snapshot.1_14
2019-09-24 10:04:32,732 [main] INFO  impl.PendingRequests (PendingRequests.java:sendNotLeaderResponses(202)) - 9fbd6b61-d2a0-4662-aa0c-aa486ff00031-PendingRequests: sendNotLeaderResponses
2019-09-24 10:04:32,734 [main] INFO  impl.StateMachineUpdater (StateMachineUpdater.java:stopAndJoin(125)) - 9fbd6b61-d2a0-4662-aa0c-aa486ff00031@group-AC1EB102B9DB-StateMachineUpdater: set stopIndex = 0
2019-09-24 10:04:32,736 [main] INFO  impl.RaftServerImpl (ServerState.java:close(385)) - 9fbd6b61-d2a0-4662-aa0c-aa486ff00031@group-AC1EB102B9DB: closes. applyIndex: 0
2019-09-24 10:04:32,739 [9fbd6b61-d2a0-4662-aa0c-aa486ff00031@group-AC1EB102B9DB-SegmentedRaftLogWorker] INFO  segmented.SegmentedRaftLogWorker (SegmentedRaftLogWorker.java:run(313)) - 9fbd6b61-d2a0-4662-aa0c-aa486ff00031@group-AC1EB102B9DB-SegmentedRaftLogWorker was interrupted, exiting. There are 0 tasks remaining in the queue.
2019-09-24 10:04:32,742 [main] INFO  segmented.SegmentedRaftLogWorker (SegmentedRaftLogWorker.java:close(228)) - 9fbd6b61-d2a0-4662-aa0c-aa486ff00031@group-AC1EB102B9DB-SegmentedRaftLogWorker close()
2019-09-24 10:04:32,770 [9fbd6b61-d2a0-4662-aa0c-aa486ff00031@group-0703CE367BA1-StateMachineUpdater] INFO  ratis.ContainerStateMachine (ContainerStateMachine.java:takeSnapshot(300)) - group-0703CE367BA1: Finished taking a snapshot at:(t:1, i:14) file:/workdir/hadoop-ozone/integration-test/target/test-dir/MiniOzoneClusterImpl-d70413e3-a1ae-4d90-b762-cca2fb58af6e/datanode-3/data/ratis/5319fc9f-e9f7-46c4-be08-0703ce367ba1/sm/snapshot.1_14 time:40
2019-09-24 10:04:32,771 [9fbd6b61-d2a0-4662-aa0c-aa486ff00031@group-0703CE367BA1-StateMachineUpdater] INFO  impl.StateMachineUpdater (StateMachineUpdater.java:takeSnapshot(258)) - 9fbd6b61-d2a0-4662-aa0c-aa486ff00031@group-0703CE367BA1-StateMachineUpdater: Took a snapshot at index 14
2019-09-24 10:04:32,771 [9fbd6b61-d2a0-4662-aa0c-aa486ff00031@group-0703CE367BA1-StateMachineUpdater] INFO  impl.StateMachineUpdater (StateMachineUpdater.java:lambda$new$0(83)) - 9fbd6b61-d2a0-4662-aa0c-aa486ff00031@group-0703CE367BA1-StateMachineUpdater: snapshotIndex: updateIncreasingly -1 -> 14
2019-09-24 10:04:32,777 [9fbd6b61-d2a0-4662-aa0c-aa486ff00031@group-0703CE367BA1-StateMachineUpdater] INFO  ratis.ContainerStateMachine (ContainerStateMachine.java:takeSnapshot(289)) - group-0703CE367BA1: Taking a snapshot at:(t:1, i:14) file /workdir/hadoop-ozone/integration-test/target/test-dir/MiniOzoneClusterImpl-d70413e3-a1ae-4d90-b762-cca2fb58af6e/datanode-3/data/ratis/5319fc9f-e9f7-46c4-be08-0703ce367ba1/sm/snapshot.1_14
2019-09-24 10:04:32,783 [9fbd6b61-d2a0-4662-aa0c-aa486ff00031@group-0703CE367BA1-StateMachineUpdater] INFO  ratis.ContainerStateMachine (ContainerStateMachine.java:takeSnapshot(300)) - group-0703CE367BA1: Finished taking a snapshot at:(t:1, i:14) file:/workdir/hadoop-ozone/integration-test/target/test-dir/MiniOzoneClusterImpl-d70413e3-a1ae-4d90-b762-cca2fb58af6e/datanode-3/data/ratis/5319fc9f-e9f7-46c4-be08-0703ce367ba1/sm/snapshot.1_14 time:6
2019-09-24 10:04:32,783 [9fbd6b61-d2a0-4662-aa0c-aa486ff00031@group-0703CE367BA1-StateMachineUpdater] INFO  impl.StateMachineUpdater (StateMachineUpdater.java:takeSnapshot(258)) - 9fbd6b61-d2a0-4662-aa0c-aa486ff00031@group-0703CE367BA1-StateMachineUpdater: Took a snapshot at index 14
2019-09-24 10:04:32,783 [9fbd6b61-d2a0-4662-aa0c-aa486ff00031@group-0703CE367BA1-StateMachineUpdater] INFO  impl.StateMachineUpdater (StateMachineUpdater.java:lambda$new$0(83)) - 9fbd6b61-d2a0-4662-aa0c-aa486ff00031@group-0703CE367BA1-StateMachineUpdater: snapshotIndex: updateIncreasingly 14 -> 14
2019-09-24 10:04:32,784 [ForkJoinPool.commonPool-worker-1] INFO  impl.RaftServerImpl (ServerState.java:close(385)) - 9fbd6b61-d2a0-4662-aa0c-aa486ff00031@group-0703CE367BA1: closes. applyIndex: 16
2019-09-24 10:04:32,784 [9fbd6b61-d2a0-4662-aa0c-aa486ff00031@group-0703CE367BA1-SegmentedRaftLogWorker] INFO  segmented.SegmentedRaftLogWorker (SegmentedRaftLogWorker.java:run(313)) - 9fbd6b61-d2a0-4662-aa0c-aa486ff00031@group-0703CE367BA1-SegmentedRaftLogWorker was interrupted, exiting. There are 0 tasks remaining in the queue.
2019-09-24 10:04:32,786 [ForkJoinPool.commonPool-worker-1] INFO  segmented.SegmentedRaftLogWorker (SegmentedRaftLogWorker.java:close(228)) - 9fbd6b61-d2a0-4662-aa0c-aa486ff00031@group-0703CE367BA1-SegmentedRaftLogWorker close()
2019-09-24 10:04:32,787 [main] INFO  server.GrpcService (GrpcService.java:closeImpl(164)) - 9fbd6b61-d2a0-4662-aa0c-aa486ff00031: shutdown server with port 45499 now
2019-09-24 10:04:32,792 [main] INFO  server.GrpcService (GrpcService.java:closeImpl(172)) - 9fbd6b61-d2a0-4662-aa0c-aa486ff00031: shutdown server with port 45499 successfully
2019-09-24 10:04:32,793 [grpc-default-executor-3] WARN  server.GrpcLogAppender (LogUtils.java:warn(134)) - 173df53c-8dc6-4b11-a763-b64e2e347262@group-0703CE367BA1->9fbd6b61-d2a0-4662-aa0c-aa486ff00031-AppendLogResponseHandler: Failed appendEntries: org.apache.ratis.thirdparty.io.grpc.StatusRuntimeException: CANCELLED: HTTP/2 error code: CANCEL
Received Rst Stream
2019-09-24 10:04:32,794 [grpc-default-executor-7] WARN  server.GrpcServerProtocolService (LogUtils.java:warn(134)) - 9fbd6b61-d2a0-4662-aa0c-aa486ff00031: installSnapshot onError, lastRequest: 173df53c-8dc6-4b11-a763-b64e2e347262->9fbd6b61-d2a0-4662-aa0c-aa486ff00031#19-t1, previous=(t:1, i:16), leaderCommit=16, initializing? false, entries: <empty>: org.apache.ratis.thirdparty.io.grpc.StatusRuntimeException: CANCELLED: cancelled before receiving half close
2019-09-24 10:04:32,797 [refreshUsed-/workdir/hadoop-ozone/integration-test/target/test-dir/MiniOzoneClusterImpl-d70413e3-a1ae-4d90-b762-cca2fb58af6e/datanode-3/data/containers] WARN  fs.CachingGetSpaceUsed (CachingGetSpaceUsed.java:run(183)) - Thread Interrupted waiting to refresh disk information: sleep interrupted
2019-09-24 10:04:32,799 [grpc-default-executor-3] INFO  impl.FollowerInfo (FollowerInfo.java:lambda$new$0(51)) - 173df53c-8dc6-4b11-a763-b64e2e347262@group-0703CE367BA1->9fbd6b61-d2a0-4662-aa0c-aa486ff00031: nextIndex: updateUnconditionally 17 -> 16
2019-09-24 10:04:32,813 [main] INFO  utils.BackgroundService (BackgroundService.java:shutdown(148)) - Shutting down service BlockDeletingService
2019-09-24 10:04:32,818 [main] INFO  statemachine.DatanodeStateMachine (DatanodeStateMachine.java:stopDaemon(395)) - Ozone container server stopped.
2019-09-24 10:04:32,822 [main] INFO  handler.ContextHandler (ContextHandler.java:doStop(910)) - Stopped o.e.j.w.WebAppContext@317a118b{/,null,UNAVAILABLE}{/hddsDatanode}
2019-09-24 10:04:32,828 [main] INFO  server.AbstractConnector (AbstractConnector.java:doStop(318)) - Stopped ServerConnector@56dfab87{HTTP/1.1,[http/1.1]}{0.0.0.0:0}
2019-09-24 10:04:32,828 [main] INFO  handler.ContextHandler (ContextHandler.java:doStop(910)) - Stopped o.e.j.s.ServletContextHandler@72f9f27c{/static,jar:file:/home/user/.m2/repository/org/apache/hadoop/hadoop-hdds-container-service/0.5.0-SNAPSHOT/hadoop-hdds-container-service-0.5.0-SNAPSHOT.jar!/webapps/static,UNAVAILABLE}
2019-09-24 10:04:32,828 [main] INFO  handler.ContextHandler (ContextHandler.java:doStop(910)) - Stopped o.e.j.s.ServletContextHandler@43af351a{/logs,file:///workdir/hadoop-ozone/integration-test/target/log,UNAVAILABLE}
2019-09-24 10:04:33,379 [Datanode State Machine Thread - 0] INFO  statemachine.DatanodeStateMachine (DatanodeStateMachine.java:lambda$startDaemon$0(350)) - Ozone container server started.
2019-09-24 10:04:35,227 [grpc-default-executor-7] WARN  server.GrpcLogAppender (LogUtils.java:warn(134)) - 173df53c-8dc6-4b11-a763-b64e2e347262@group-0703CE367BA1->9fbd6b61-d2a0-4662-aa0c-aa486ff00031-AppendLogResponseHandler: Failed appendEntries: org.apache.ratis.thirdparty.io.grpc.StatusRuntimeException: UNAVAILABLE: io exception
2019-09-24 10:04:35,230 [grpc-default-executor-7] INFO  impl.FollowerInfo (FollowerInfo.java:lambda$new$0(51)) - 173df53c-8dc6-4b11-a763-b64e2e347262@group-0703CE367BA1->9fbd6b61-d2a0-4662-aa0c-aa486ff00031: nextIndex: updateUnconditionally 16 -> 15
2019-09-24 10:04:37,315 [Thread-394] INFO  impl.FollowerState (FollowerState.java:run(106)) - ac166eba-0491-4751-a0f9-d2aec0fce4ec:group-BD290831E39A changes to CANDIDATE, lastRpcTime:5013, electionTimeout:5012ms
2019-09-24 10:04:37,315 [Thread-395] INFO  impl.FollowerState (FollowerState.java:run(106)) - c7ed17ba-dd2e-4d16-a999-1242f7359890:group-BD290831E39A changes to CANDIDATE, lastRpcTime:5013, electionTimeout:5011ms
2019-09-24 10:04:37,315 [Thread-395] INFO  impl.RoleInfo (RoleInfo.java:shutdownFollowerState(121)) - c7ed17ba-dd2e-4d16-a999-1242f7359890: shutdown FollowerState
2019-09-24 10:04:37,315 [Thread-394] INFO  impl.RoleInfo (RoleInfo.java:shutdownFollowerState(121)) - ac166eba-0491-4751-a0f9-d2aec0fce4ec: shutdown FollowerState
2019-09-24 10:04:37,316 [Thread-395] INFO  impl.RaftServerImpl (RaftServerImpl.java:setRole(174)) - c7ed17ba-dd2e-4d16-a999-1242f7359890@group-BD290831E39A: changes role from  FOLLOWER to CANDIDATE at term 2 for changeToCandidate
2019-09-24 10:04:37,316 [Thread-394] INFO  impl.RaftServerImpl (RaftServerImpl.java:setRole(174)) - ac166eba-0491-4751-a0f9-d2aec0fce4ec@group-BD290831E39A: changes role from  FOLLOWER to CANDIDATE at term 2 for changeToCandidate
2019-09-24 10:04:37,316 [Thread-394] INFO  impl.RoleInfo (RoleInfo.java:updateAndGet(143)) - ac166eba-0491-4751-a0f9-d2aec0fce4ec: start LeaderElection
2019-09-24 10:04:37,316 [Thread-395] INFO  impl.RoleInfo (RoleInfo.java:updateAndGet(143)) - c7ed17ba-dd2e-4d16-a999-1242f7359890: start LeaderElection
2019-09-24 10:04:37,398 [c7ed17ba-dd2e-4d16-a999-1242f7359890@group-BD290831E39A:LeaderElection17] INFO  impl.LeaderElection (LeaderElection.java:askForVotes(182)) - c7ed17ba-dd2e-4d16-a999-1242f7359890@group-BD290831E39A:LeaderElection17: begin an election at term 3 for -1: [e624d7f2-a550-4cbc-b004-265b2259dace:192.168.151.86:39586, ac166eba-0491-4751-a0f9-d2aec0fce4ec:192.168.151.86:34380, c7ed17ba-dd2e-4d16-a999-1242f7359890:192.168.151.86:39246], old=null
2019-09-24 10:04:37,398 [ac166eba-0491-4751-a0f9-d2aec0fce4ec@group-BD290831E39A:LeaderElection16] INFO  impl.LeaderElection (LeaderElection.java:askForVotes(182)) - ac166eba-0491-4751-a0f9-d2aec0fce4ec@group-BD290831E39A:LeaderElection16: begin an election at term 3 for -1: [e624d7f2-a550-4cbc-b004-265b2259dace:192.168.151.86:39586, ac166eba-0491-4751-a0f9-d2aec0fce4ec:192.168.151.86:34380, c7ed17ba-dd2e-4d16-a999-1242f7359890:192.168.151.86:39246], old=null
2019-09-24 10:04:37,411 [grpc-default-executor-7] INFO  impl.RaftServerImpl (RaftServerImpl.java:setRole(174)) - e624d7f2-a550-4cbc-b004-265b2259dace@group-BD290831E39A: changes role from  FOLLOWER to FOLLOWER at term 3 for recognizeCandidate:c7ed17ba-dd2e-4d16-a999-1242f7359890
2019-09-24 10:04:37,412 [grpc-default-executor-7] INFO  impl.RoleInfo (RoleInfo.java:shutdownFollowerState(121)) - e624d7f2-a550-4cbc-b004-265b2259dace: shutdown FollowerState
2019-09-24 10:04:37,412 [grpc-default-executor-7] INFO  impl.RoleInfo (RoleInfo.java:updateAndGet(143)) - e624d7f2-a550-4cbc-b004-265b2259dace: start FollowerState
2019-09-24 10:04:37,413 [Thread-396] INFO  impl.FollowerState (FollowerState.java:run(115)) - e624d7f2-a550-4cbc-b004-265b2259dace: FollowerState was interrupted: java.lang.InterruptedException: sleep interrupted
2019-09-24 10:04:37,413 [EventQueue-StaleNodeForStaleNodeHandler] INFO  node.StaleNodeHandler (StaleNodeHandler.java:onMessage(58)) - Datanode 173df53c-8dc6-4b11-a763-b64e2e347262{ip: 192.168.151.86, host: pr-hdds-2167-zx9qf-3539961911, networkLocation: /default-rack, certSerialId: null} moved to stale state. Finalizing its pipelines [PipelineID=5ec84ff2-6021-43db-9432-401ef4a6389c, PipelineID=5319fc9f-e9f7-46c4-be08-0703ce367ba1]
2019-09-24 10:04:37,422 [EventQueue-StaleNodeForStaleNodeHandler] INFO  pipeline.SCMPipelineManager (SCMPipelineManager.java:finalizeAndDestroyPipeline(315)) - destroying pipeline:Pipeline[ Id: 5ec84ff2-6021-43db-9432-401ef4a6389c, Nodes: 173df53c-8dc6-4b11-a763-b64e2e347262{ip: 192.168.151.86, host: pr-hdds-2167-zx9qf-3539961911, networkLocation: /default-rack, certSerialId: null}, Type:RATIS, Factor:ONE, State:OPEN]
2019-09-24 10:04:37,422 [EventQueue-StaleNodeForStaleNodeHandler] INFO  pipeline.PipelineStateManager (PipelineStateManager.java:finalizePipeline(123)) - Pipeline Pipeline[ Id: 5ec84ff2-6021-43db-9432-401ef4a6389c, Nodes: 173df53c-8dc6-4b11-a763-b64e2e347262{ip: 192.168.151.86, host: pr-hdds-2167-zx9qf-3539961911, networkLocation: /default-rack, certSerialId: null}, Type:RATIS, Factor:ONE, State:CLOSED] moved to CLOSED state
2019-09-24 10:04:37,422 [EventQueue-StaleNodeForStaleNodeHandler] INFO  pipeline.SCMPipelineManager (SCMPipelineManager.java:finalizeAndDestroyPipeline(315)) - destroying pipeline:Pipeline[ Id: 5319fc9f-e9f7-46c4-be08-0703ce367ba1, Nodes: 9fbd6b61-d2a0-4662-aa0c-aa486ff00031{ip: 192.168.151.86, host: pr-hdds-2167-zx9qf-3539961911, networkLocation: /default-rack, certSerialId: null}173df53c-8dc6-4b11-a763-b64e2e347262{ip: 192.168.151.86, host: pr-hdds-2167-zx9qf-3539961911, networkLocation: /default-rack, certSerialId: null}73f5925b-aae6-4cfe-b968-198325afa02f{ip: 192.168.151.86, host: pr-hdds-2167-zx9qf-3539961911, networkLocation: /default-rack, certSerialId: null}, Type:RATIS, Factor:THREE, State:CLOSED]
2019-09-24 10:04:37,441 [ac166eba-0491-4751-a0f9-d2aec0fce4ec@group-BD290831E39A:LeaderElection16] INFO  impl.LeaderElection (LeaderElection.java:logAndReturn(56)) - ac166eba-0491-4751-a0f9-d2aec0fce4ec@group-BD290831E39A:LeaderElection16: Election REJECTED; received 2 response(s) [ac166eba-0491-4751-a0f9-d2aec0fce4ec<-e624d7f2-a550-4cbc-b004-265b2259dace#0:FAIL-t3, ac166eba-0491-4751-a0f9-d2aec0fce4ec<-c7ed17ba-dd2e-4d16-a999-1242f7359890#0:FAIL-t3] and 0 exception(s); ac166eba-0491-4751-a0f9-d2aec0fce4ec@group-BD290831E39A:t3, leader=null, voted=ac166eba-0491-4751-a0f9-d2aec0fce4ec, raftlog=ac166eba-0491-4751-a0f9-d2aec0fce4ec@group-BD290831E39A-SegmentedRaftLog:OPENED:c-1,f-1,i0, conf=-1: [e624d7f2-a550-4cbc-b004-265b2259dace:192.168.151.86:39586, ac166eba-0491-4751-a0f9-d2aec0fce4ec:192.168.151.86:34380, c7ed17ba-dd2e-4d16-a999-1242f7359890:192.168.151.86:39246], old=null
2019-09-24 10:04:37,441 [c7ed17ba-dd2e-4d16-a999-1242f7359890@group-BD290831E39A:LeaderElection17] INFO  impl.LeaderElection (LeaderElection.java:logAndReturn(56)) - c7ed17ba-dd2e-4d16-a999-1242f7359890@group-BD290831E39A:LeaderElection17: Election PASSED; received 2 response(s) [c7ed17ba-dd2e-4d16-a999-1242f7359890<-e624d7f2-a550-4cbc-b004-265b2259dace#0:OK-t3, c7ed17ba-dd2e-4d16-a999-1242f7359890<-ac166eba-0491-4751-a0f9-d2aec0fce4ec#0:FAIL-t3] and 0 exception(s); c7ed17ba-dd2e-4d16-a999-1242f7359890@group-BD290831E39A:t3, leader=null, voted=c7ed17ba-dd2e-4d16-a999-1242f7359890, raftlog=c7ed17ba-dd2e-4d16-a999-1242f7359890@group-BD290831E39A-SegmentedRaftLog:OPENED:c-1,f-1,i0, conf=-1: [e624d7f2-a550-4cbc-b004-265b2259dace:192.168.151.86:39586, ac166eba-0491-4751-a0f9-d2aec0fce4ec:192.168.151.86:34380, c7ed17ba-dd2e-4d16-a999-1242f7359890:192.168.151.86:39246], old=null
2019-09-24 10:04:37,442 [c7ed17ba-dd2e-4d16-a999-1242f7359890@group-BD290831E39A:LeaderElection17] INFO  impl.RoleInfo (RoleInfo.java:shutdownLeaderElection(134)) - c7ed17ba-dd2e-4d16-a999-1242f7359890: shutdown LeaderElection
2019-09-24 10:04:37,442 [ac166eba-0491-4751-a0f9-d2aec0fce4ec@group-BD290831E39A:LeaderElection16] INFO  impl.RaftServerImpl (RaftServerImpl.java:setRole(174)) - ac166eba-0491-4751-a0f9-d2aec0fce4ec@group-BD290831E39A: changes role from CANDIDATE to FOLLOWER at term 3 for DISCOVERED_A_NEW_TERM
2019-09-24 10:04:37,447 [ac166eba-0491-4751-a0f9-d2aec0fce4ec@group-BD290831E39A:LeaderElection16] INFO  impl.RoleInfo (RoleInfo.java:shutdownLeaderElection(134)) - ac166eba-0491-4751-a0f9-d2aec0fce4ec: shutdown LeaderElection
2019-09-24 10:04:37,447 [c7ed17ba-dd2e-4d16-a999-1242f7359890@group-BD290831E39A:LeaderElection17] INFO  impl.RaftServerImpl (RaftServerImpl.java:setRole(174)) - c7ed17ba-dd2e-4d16-a999-1242f7359890@group-BD290831E39A: changes role from CANDIDATE to LEADER at term 3 for changeToLeader
2019-09-24 10:04:37,447 [ac166eba-0491-4751-a0f9-d2aec0fce4ec@group-BD290831E39A:LeaderElection16] INFO  impl.RoleInfo (RoleInfo.java:updateAndGet(143)) - ac166eba-0491-4751-a0f9-d2aec0fce4ec: start FollowerState
2019-09-24 10:04:37,447 [c7ed17ba-dd2e-4d16-a999-1242f7359890@group-BD290831E39A:LeaderElection17] INFO  impl.RaftServerImpl (ServerState.java:setLeader(253)) - c7ed17ba-dd2e-4d16-a999-1242f7359890@group-BD290831E39A: change Leader from null to c7ed17ba-dd2e-4d16-a999-1242f7359890 at term 3 for becomeLeader, leader elected after 15628ms
2019-09-24 10:04:37,449 [c7ed17ba-dd2e-4d16-a999-1242f7359890@group-BD290831E39A:LeaderElection17] INFO  server.RaftServerConfigKeys (ConfUtils.java:logGet(43)) - raft.server.staging.catchup.gap = 1000 (default)
2019-09-24 10:04:37,449 [c7ed17ba-dd2e-4d16-a999-1242f7359890@group-BD290831E39A:LeaderElection17] INFO  server.RaftServerConfigKeys (ConfUtils.java:logGet(43)) - raft.server.rpc.sleep.time = 25ms (default)
2019-09-24 10:04:37,449 [c7ed17ba-dd2e-4d16-a999-1242f7359890@group-BD290831E39A:LeaderElection17] INFO  server.RaftServerConfigKeys (ConfUtils.java:logGet(43)) - raft.server.write.element-limit = 4096 (default)
2019-09-24 10:04:37,449 [c7ed17ba-dd2e-4d16-a999-1242f7359890@group-BD290831E39A:LeaderElection17] INFO  server.RaftServerConfigKeys (ConfUtils.java:logGet(43)) - raft.server.watch.timeout = 10s (default)
2019-09-24 10:04:37,450 [c7ed17ba-dd2e-4d16-a999-1242f7359890@group-BD290831E39A:LeaderElection17] INFO  server.RaftServerConfigKeys (ConfUtils.java:logGet(43)) - raft.server.watch.timeout.denomination = 1s (default)
2019-09-24 10:04:37,450 [c7ed17ba-dd2e-4d16-a999-1242f7359890@group-BD290831E39A:LeaderElection17] INFO  server.RaftServerConfigKeys (ConfUtils.java:logGet(43)) - raft.server.watch.element-limit = 65536 (default)
2019-09-24 10:04:37,454 [c7ed17ba-dd2e-4d16-a999-1242f7359890@group-BD290831E39A:LeaderElection17] INFO  server.RaftServerConfigKeys (ConfUtils.java:logGet(43)) - raft.server.log.appender.snapshot.chunk.size.max = 16MB (=16777216) (default)
2019-09-24 10:04:37,455 [c7ed17ba-dd2e-4d16-a999-1242f7359890@group-BD290831E39A:LeaderElection17] INFO  server.RaftServerConfigKeys (ConfUtils.java:logGet(43)) - raft.server.log.appender.buffer.byte-limit = 33554432 (custom)
2019-09-24 10:04:37,455 [c7ed17ba-dd2e-4d16-a999-1242f7359890@group-BD290831E39A:LeaderElection17] INFO  server.RaftServerConfigKeys (ConfUtils.java:logGet(43)) - raft.server.log.appender.buffer.element-limit = 1 (custom)
2019-09-24 10:04:37,455 [c7ed17ba-dd2e-4d16-a999-1242f7359890@group-BD290831E39A:LeaderElection17] INFO  grpc.GrpcConfigKeys$Server (ConfUtils.java:logGet(43)) - raft.grpc.server.leader.outstanding.appends.max = 128 (default)
2019-09-24 10:04:37,457 [c7ed17ba-dd2e-4d16-a999-1242f7359890@group-BD290831E39A:LeaderElection17] INFO  server.RaftServerConfigKeys (ConfUtils.java:logGet(43)) - raft.server.rpc.request.timeout = 3000ms (default)
2019-09-24 10:04:37,457 [c7ed17ba-dd2e-4d16-a999-1242f7359890@group-BD290831E39A:LeaderElection17] INFO  server.RaftServerConfigKeys (ConfUtils.java:logGet(43)) - raft.server.log.appender.install.snapshot.enabled = false (custom)
2019-09-24 10:04:37,457 [c7ed17ba-dd2e-4d16-a999-1242f7359890@group-BD290831E39A:LeaderElection17] INFO  server.RaftServerConfigKeys (ConfUtils.java:logGet(43)) - raft.server.log.appender.snapshot.chunk.size.max = 16MB (=16777216) (default)
2019-09-24 10:04:37,458 [c7ed17ba-dd2e-4d16-a999-1242f7359890@group-BD290831E39A:LeaderElection17] INFO  server.RaftServerConfigKeys (ConfUtils.java:logGet(43)) - raft.server.log.appender.buffer.byte-limit = 33554432 (custom)
2019-09-24 10:04:37,458 [c7ed17ba-dd2e-4d16-a999-1242f7359890@group-BD290831E39A:LeaderElection17] INFO  server.RaftServerConfigKeys (ConfUtils.java:logGet(43)) - raft.server.log.appender.buffer.element-limit = 1 (custom)
2019-09-24 10:04:37,458 [c7ed17ba-dd2e-4d16-a999-1242f7359890@group-BD290831E39A:LeaderElection17] INFO  grpc.GrpcConfigKeys$Server (ConfUtils.java:logGet(43)) - raft.grpc.server.leader.outstanding.appends.max = 128 (default)
2019-09-24 10:04:37,458 [c7ed17ba-dd2e-4d16-a999-1242f7359890@group-BD290831E39A:LeaderElection17] INFO  server.RaftServerConfigKeys (ConfUtils.java:logGet(43)) - raft.server.rpc.request.timeout = 3000ms (default)
2019-09-24 10:04:37,458 [c7ed17ba-dd2e-4d16-a999-1242f7359890@group-BD290831E39A:LeaderElection17] INFO  server.RaftServerConfigKeys (ConfUtils.java:logGet(43)) - raft.server.log.appender.install.snapshot.enabled = false (custom)
2019-09-24 10:04:37,459 [c7ed17ba-dd2e-4d16-a999-1242f7359890@group-BD290831E39A:LeaderElection17] INFO  impl.RoleInfo (RoleInfo.java:updateAndGet(143)) - c7ed17ba-dd2e-4d16-a999-1242f7359890: start LeaderState
2019-09-24 10:04:37,459 [c7ed17ba-dd2e-4d16-a999-1242f7359890@group-BD290831E39A:LeaderElection17] INFO  segmented.SegmentedRaftLogWorker (SegmentedRaftLogWorker.java:startLogSegment(380)) - c7ed17ba-dd2e-4d16-a999-1242f7359890@group-BD290831E39A-SegmentedRaftLogWorker: Starting segment from index:0
2019-09-24 10:04:37,461 [c7ed17ba-dd2e-4d16-a999-1242f7359890@group-BD290831E39A:LeaderElection17] INFO  impl.RaftServerImpl (ServerState.java:setRaftConf(354)) - c7ed17ba-dd2e-4d16-a999-1242f7359890@group-BD290831E39A: set configuration 0: [e624d7f2-a550-4cbc-b004-265b2259dace:192.168.151.86:39586, ac166eba-0491-4751-a0f9-d2aec0fce4ec:192.168.151.86:34380, c7ed17ba-dd2e-4d16-a999-1242f7359890:192.168.151.86:39246], old=null at 0
2019-09-24 10:04:37,489 [grpc-default-executor-3] INFO  impl.RaftServerImpl (ServerState.java:setLeader(253)) - e624d7f2-a550-4cbc-b004-265b2259dace@group-BD290831E39A: change Leader from null to c7ed17ba-dd2e-4d16-a999-1242f7359890 at term 3 for appendEntries, leader elected after 15669ms
2019-09-24 10:04:37,489 [grpc-default-executor-7] INFO  impl.RaftServerImpl (ServerState.java:setLeader(253)) - ac166eba-0491-4751-a0f9-d2aec0fce4ec@group-BD290831E39A: change Leader from null to c7ed17ba-dd2e-4d16-a999-1242f7359890 at term 3 for appendEntries, leader elected after 15669ms
2019-09-24 10:04:37,492 [grpc-default-executor-3] INFO  impl.RaftServerImpl (ServerState.java:setRaftConf(354)) - e624d7f2-a550-4cbc-b004-265b2259dace@group-BD290831E39A: set configuration 0: [e624d7f2-a550-4cbc-b004-265b2259dace:192.168.151.86:39586, ac166eba-0491-4751-a0f9-d2aec0fce4ec:192.168.151.86:34380, c7ed17ba-dd2e-4d16-a999-1242f7359890:192.168.151.86:39246], old=null at 0
2019-09-24 10:04:37,492 [grpc-default-executor-7] INFO  impl.RaftServerImpl (ServerState.java:setRaftConf(354)) - ac166eba-0491-4751-a0f9-d2aec0fce4ec@group-BD290831E39A: set configuration 0: [e624d7f2-a550-4cbc-b004-265b2259dace:192.168.151.86:39586, ac166eba-0491-4751-a0f9-d2aec0fce4ec:192.168.151.86:34380, c7ed17ba-dd2e-4d16-a999-1242f7359890:192.168.151.86:39246], old=null at 0
2019-09-24 10:04:37,492 [grpc-default-executor-3] INFO  segmented.SegmentedRaftLogWorker (SegmentedRaftLogWorker.java:startLogSegment(380)) - e624d7f2-a550-4cbc-b004-265b2259dace@group-BD290831E39A-SegmentedRaftLogWorker: Starting segment from index:0
2019-09-24 10:04:37,493 [grpc-default-executor-7] INFO  segmented.SegmentedRaftLogWorker (SegmentedRaftLogWorker.java:startLogSegment(380)) - ac166eba-0491-4751-a0f9-d2aec0fce4ec@group-BD290831E39A-SegmentedRaftLogWorker: Starting segment from index:0
2019-09-24 10:04:37,537 [c7ed17ba-dd2e-4d16-a999-1242f7359890@group-BD290831E39A-SegmentedRaftLogWorker] INFO  segmented.SegmentedRaftLogWorker (SegmentedRaftLogWorker.java:execute(569)) - c7ed17ba-dd2e-4d16-a999-1242f7359890@group-BD290831E39A-SegmentedRaftLogWorker: created new log segment /workdir/hadoop-ozone/integration-test/target/test-dir/MiniOzoneClusterImpl-d70413e3-a1ae-4d90-b762-cca2fb58af6e/datanode-0/data/ratis/df7d5d25-9aa9-4428-bdda-bd290831e39a/current/log_inprogress_0
2019-09-24 10:04:37,565 [e624d7f2-a550-4cbc-b004-265b2259dace@group-BD290831E39A-SegmentedRaftLogWorker] INFO  segmented.SegmentedRaftLogWorker (SegmentedRaftLogWorker.java:execute(569)) - e624d7f2-a550-4cbc-b004-265b2259dace@group-BD290831E39A-SegmentedRaftLogWorker: created new log segment /workdir/hadoop-ozone/integration-test/target/test-dir/MiniOzoneClusterImpl-d70413e3-a1ae-4d90-b762-cca2fb58af6e/datanode-5/data/ratis/df7d5d25-9aa9-4428-bdda-bd290831e39a/current/log_inprogress_0
2019-09-24 10:04:37,591 [ac166eba-0491-4751-a0f9-d2aec0fce4ec@group-BD290831E39A-SegmentedRaftLogWorker] INFO  segmented.SegmentedRaftLogWorker (SegmentedRaftLogWorker.java:execute(569)) - ac166eba-0491-4751-a0f9-d2aec0fce4ec@group-BD290831E39A-SegmentedRaftLogWorker: created new log segment /workdir/hadoop-ozone/integration-test/target/test-dir/MiniOzoneClusterImpl-d70413e3-a1ae-4d90-b762-cca2fb58af6e/datanode-2/data/ratis/df7d5d25-9aa9-4428-bdda-bd290831e39a/current/log_inprogress_0
2019-09-24 10:04:37,725 [grpc-default-executor-4] WARN  server.GrpcLogAppender (LogUtils.java:warn(134)) - 173df53c-8dc6-4b11-a763-b64e2e347262@group-0703CE367BA1->9fbd6b61-d2a0-4662-aa0c-aa486ff00031-AppendLogResponseHandler: Failed appendEntries: org.apache.ratis.thirdparty.io.grpc.StatusRuntimeException: UNAVAILABLE: io exception
2019-09-24 10:04:37,727 [grpc-default-executor-4] INFO  impl.FollowerInfo (FollowerInfo.java:lambda$new$0(51)) - 173df53c-8dc6-4b11-a763-b64e2e347262@group-0703CE367BA1->9fbd6b61-d2a0-4662-aa0c-aa486ff00031: nextIndex: updateUnconditionally 15 -> 14
2019-09-24 10:04:37,831 [main] INFO  ozoneimpl.OzoneContainer (OzoneContainer.java:stop(231)) - Attempting to stop container services.
2019-09-24 10:04:37,832 [main] INFO  impl.RaftServerProxy (RaftServerProxy.java:lambda$close$4(314)) - 173df53c-8dc6-4b11-a763-b64e2e347262: close
2019-09-24 10:04:37,833 [main] INFO  impl.RaftServerImpl (RaftServerImpl.java:lambda$shutdown$3(251)) - 173df53c-8dc6-4b11-a763-b64e2e347262@group-401EF4A6389C: shutdown
2019-09-24 10:04:37,833 [ForkJoinPool.commonPool-worker-0] INFO  impl.RaftServerImpl (RaftServerImpl.java:lambda$shutdown$3(251)) - 173df53c-8dc6-4b11-a763-b64e2e347262@group-0703CE367BA1: shutdown
2019-09-24 10:04:37,833 [main] INFO  util.JmxRegister (JmxRegister.java:unregister(73)) - Successfully un-registered JMX Bean with object name Ratis:service=RaftServer,group=group-401EF4A6389C,id=173df53c-8dc6-4b11-a763-b64e2e347262
2019-09-24 10:04:37,833 [ForkJoinPool.commonPool-worker-0] INFO  util.JmxRegister (JmxRegister.java:unregister(73)) - Successfully un-registered JMX Bean with object name Ratis:service=RaftServer,group=group-0703CE367BA1,id=173df53c-8dc6-4b11-a763-b64e2e347262
2019-09-24 10:04:37,834 [main] INFO  impl.RoleInfo (RoleInfo.java:shutdownLeaderState(104)) - 173df53c-8dc6-4b11-a763-b64e2e347262: shutdown LeaderState
2019-09-24 10:04:37,834 [ForkJoinPool.commonPool-worker-0] INFO  impl.RoleInfo (RoleInfo.java:shutdownLeaderState(104)) - 173df53c-8dc6-4b11-a763-b64e2e347262: shutdown LeaderState
2019-09-24 10:04:37,834 [main] INFO  impl.PendingRequests (PendingRequests.java:sendNotLeaderResponses(202)) - 173df53c-8dc6-4b11-a763-b64e2e347262-PendingRequests: sendNotLeaderResponses
2019-09-24 10:04:37,841 [org.apache.ratis.server.impl.LogAppender$AppenderDaemon$$Lambda$550/1997968147@43a38280] WARN  server.GrpcLogAppender (GrpcLogAppender.java:mayWait(143)) - 173df53c-8dc6-4b11-a763-b64e2e347262@group-0703CE367BA1->73f5925b-aae6-4cfe-b968-198325afa02f-GrpcLogAppender: Wait interrupted by java.lang.InterruptedException
2019-09-24 10:04:37,840 [org.apache.ratis.server.impl.LogAppender$AppenderDaemon$$Lambda$550/1997968147@39cfc76a] WARN  server.GrpcLogAppender (GrpcLogAppender.java:mayWait(143)) - 173df53c-8dc6-4b11-a763-b64e2e347262@group-0703CE367BA1->9fbd6b61-d2a0-4662-aa0c-aa486ff00031-GrpcLogAppender: Wait interrupted by java.lang.InterruptedException
2019-09-24 10:04:37,841 [main] INFO  impl.StateMachineUpdater (StateMachineUpdater.java:stopAndJoin(125)) - 173df53c-8dc6-4b11-a763-b64e2e347262@group-401EF4A6389C-StateMachineUpdater: set stopIndex = 0
2019-09-24 10:04:37,838 [ForkJoinPool.commonPool-worker-0] INFO  impl.PendingRequests (PendingRequests.java:sendNotLeaderResponses(202)) - 173df53c-8dc6-4b11-a763-b64e2e347262-PendingRequests: sendNotLeaderResponses
2019-09-24 10:04:37,841 [main] INFO  impl.RaftServerImpl (ServerState.java:close(385)) - 173df53c-8dc6-4b11-a763-b64e2e347262@group-401EF4A6389C: closes. applyIndex: 0
2019-09-24 10:04:37,851 [grpc-default-executor-4] INFO  server.GrpcServerProtocolService (GrpcServerProtocolService.java:onCompleted(113)) - 73f5925b-aae6-4cfe-b968-198325afa02f: Completed APPEND_ENTRIES, lastRequest: 173df53c-8dc6-4b11-a763-b64e2e347262->73f5925b-aae6-4cfe-b968-198325afa02f#21-t1, previous=(t:1, i:16), leaderCommit=16, initializing? false, entries: <empty>
2019-09-24 10:04:37,854 [173df53c-8dc6-4b11-a763-b64e2e347262@group-401EF4A6389C-SegmentedRaftLogWorker] INFO  segmented.SegmentedRaftLogWorker (SegmentedRaftLogWorker.java:run(313)) - 173df53c-8dc6-4b11-a763-b64e2e347262@group-401EF4A6389C-SegmentedRaftLogWorker was interrupted, exiting. There are 0 tasks remaining in the queue.
2019-09-24 10:04:37,856 [main] INFO  segmented.SegmentedRaftLogWorker (SegmentedRaftLogWorker.java:close(228)) - 173df53c-8dc6-4b11-a763-b64e2e347262@group-401EF4A6389C-SegmentedRaftLogWorker close()
2019-09-24 10:04:37,858 [grpc-default-executor-4] INFO  server.GrpcLogAppender (GrpcLogAppender.java:onCompleted(293)) - 173df53c-8dc6-4b11-a763-b64e2e347262@group-0703CE367BA1->73f5925b-aae6-4cfe-b968-198325afa02f-AppendLogResponseHandler: follower responses appendEntries COMPLETED
2019-09-24 10:04:37,864 [grpc-default-executor-4] INFO  impl.FollowerInfo (FollowerInfo.java:lambda$new$0(51)) - 173df53c-8dc6-4b11-a763-b64e2e347262@group-0703CE367BA1->73f5925b-aae6-4cfe-b968-198325afa02f: nextIndex: updateUnconditionally 17 -> 16
2019-09-24 10:04:37,868 [ForkJoinPool.commonPool-worker-0] INFO  impl.StateMachineUpdater (StateMachineUpdater.java:stopAndJoin(125)) - 173df53c-8dc6-4b11-a763-b64e2e347262@group-0703CE367BA1-StateMachineUpdater: set stopIndex = 16
2019-09-24 10:04:37,868 [173df53c-8dc6-4b11-a763-b64e2e347262@group-0703CE367BA1-StateMachineUpdater] INFO  ratis.ContainerStateMachine (ContainerStateMachine.java:takeSnapshot(289)) - group-0703CE367BA1: Taking a snapshot at:(t:1, i:14) file /workdir/hadoop-ozone/integration-test/target/test-dir/MiniOzoneClusterImpl-d70413e3-a1ae-4d90-b762-cca2fb58af6e/datanode-1/data/ratis/5319fc9f-e9f7-46c4-be08-0703ce367ba1/sm/snapshot.1_14
2019-09-24 10:04:37,947 [173df53c-8dc6-4b11-a763-b64e2e347262@group-0703CE367BA1-StateMachineUpdater] INFO  ratis.ContainerStateMachine (ContainerStateMachine.java:takeSnapshot(300)) - group-0703CE367BA1: Finished taking a snapshot at:(t:1, i:14) file:/workdir/hadoop-ozone/integration-test/target/test-dir/MiniOzoneClusterImpl-d70413e3-a1ae-4d90-b762-cca2fb58af6e/datanode-1/data/ratis/5319fc9f-e9f7-46c4-be08-0703ce367ba1/sm/snapshot.1_14 time:78
2019-09-24 10:04:37,947 [173df53c-8dc6-4b11-a763-b64e2e347262@group-0703CE367BA1-StateMachineUpdater] INFO  impl.StateMachineUpdater (StateMachineUpdater.java:takeSnapshot(258)) - 173df53c-8dc6-4b11-a763-b64e2e347262@group-0703CE367BA1-StateMachineUpdater: Took a snapshot at index 14
2019-09-24 10:04:37,947 [173df53c-8dc6-4b11-a763-b64e2e347262@group-0703CE367BA1-StateMachineUpdater] INFO  impl.StateMachineUpdater (StateMachineUpdater.java:lambda$new$0(83)) - 173df53c-8dc6-4b11-a763-b64e2e347262@group-0703CE367BA1-StateMachineUpdater: snapshotIndex: updateIncreasingly -1 -> 14
2019-09-24 10:04:37,948 [173df53c-8dc6-4b11-a763-b64e2e347262@group-0703CE367BA1-StateMachineUpdater] INFO  ratis.ContainerStateMachine (ContainerStateMachine.java:takeSnapshot(289)) - group-0703CE367BA1: Taking a snapshot at:(t:1, i:14) file /workdir/hadoop-ozone/integration-test/target/test-dir/MiniOzoneClusterImpl-d70413e3-a1ae-4d90-b762-cca2fb58af6e/datanode-1/data/ratis/5319fc9f-e9f7-46c4-be08-0703ce367ba1/sm/snapshot.1_14
2019-09-24 10:04:37,980 [173df53c-8dc6-4b11-a763-b64e2e347262@group-0703CE367BA1-StateMachineUpdater] INFO  ratis.ContainerStateMachine (ContainerStateMachine.java:takeSnapshot(300)) - group-0703CE367BA1: Finished taking a snapshot at:(t:1, i:14) file:/workdir/hadoop-ozone/integration-test/target/test-dir/MiniOzoneClusterImpl-d70413e3-a1ae-4d90-b762-cca2fb58af6e/datanode-1/data/ratis/5319fc9f-e9f7-46c4-be08-0703ce367ba1/sm/snapshot.1_14 time:33
2019-09-24 10:04:37,981 [173df53c-8dc6-4b11-a763-b64e2e347262@group-0703CE367BA1-StateMachineUpdater] INFO  impl.StateMachineUpdater (StateMachineUpdater.java:takeSnapshot(258)) - 173df53c-8dc6-4b11-a763-b64e2e347262@group-0703CE367BA1-StateMachineUpdater: Took a snapshot at index 14
2019-09-24 10:04:37,981 [173df53c-8dc6-4b11-a763-b64e2e347262@group-0703CE367BA1-StateMachineUpdater] INFO  impl.StateMachineUpdater (StateMachineUpdater.java:lambda$new$0(83)) - 173df53c-8dc6-4b11-a763-b64e2e347262@group-0703CE367BA1-StateMachineUpdater: snapshotIndex: updateIncreasingly 14 -> 14
2019-09-24 10:04:37,981 [ForkJoinPool.commonPool-worker-0] INFO  impl.RaftServerImpl (ServerState.java:close(385)) - 173df53c-8dc6-4b11-a763-b64e2e347262@group-0703CE367BA1: closes. applyIndex: 16
2019-09-24 10:04:37,982 [173df53c-8dc6-4b11-a763-b64e2e347262@group-0703CE367BA1-SegmentedRaftLogWorker] INFO  segmented.SegmentedRaftLogWorker (SegmentedRaftLogWorker.java:run(313)) - 173df53c-8dc6-4b11-a763-b64e2e347262@group-0703CE367BA1-SegmentedRaftLogWorker was interrupted, exiting. There are 0 tasks remaining in the queue.
2019-09-24 10:04:37,984 [ForkJoinPool.commonPool-worker-0] INFO  segmented.SegmentedRaftLogWorker (SegmentedRaftLogWorker.java:close(228)) - 173df53c-8dc6-4b11-a763-b64e2e347262@group-0703CE367BA1-SegmentedRaftLogWorker close()
2019-09-24 10:04:37,988 [main] INFO  server.GrpcService (GrpcService.java:closeImpl(164)) - 173df53c-8dc6-4b11-a763-b64e2e347262: shutdown server with port 46014 now
2019-09-24 10:04:37,989 [main] INFO  server.GrpcService (GrpcService.java:closeImpl(172)) - 173df53c-8dc6-4b11-a763-b64e2e347262: shutdown server with port 46014 successfully
2019-09-24 10:04:37,990 [grpc-default-executor-7] WARN  client.GrpcClientProtocolService (LogUtils.java:warn(134)) - 3-UnorderedRequestStreamObserver3: onError: org.apache.ratis.thirdparty.io.grpc.StatusRuntimeException: CANCELLED: cancelled before receiving half close
2019-09-24 10:04:37,997 [refreshUsed-/workdir/hadoop-ozone/integration-test/target/test-dir/MiniOzoneClusterImpl-d70413e3-a1ae-4d90-b762-cca2fb58af6e/datanode-1/data/containers] WARN  fs.CachingGetSpaceUsed (CachingGetSpaceUsed.java:run(183)) - Thread Interrupted waiting to refresh disk information: sleep interrupted
2019-09-24 10:04:38,011 [main] INFO  utils.BackgroundService (BackgroundService.java:shutdown(148)) - Shutting down service BlockDeletingService
2019-09-24 10:04:38,015 [main] INFO  statemachine.DatanodeStateMachine (DatanodeStateMachine.java:stopDaemon(395)) - Ozone container server stopped.
2019-09-24 10:04:38,016 [main] INFO  handler.ContextHandler (ContextHandler.java:doStop(910)) - Stopped o.e.j.w.WebAppContext@a92be4f{/,null,UNAVAILABLE}{/hddsDatanode}
2019-09-24 10:04:38,017 [main] INFO  server.AbstractConnector (AbstractConnector.java:doStop(318)) - Stopped ServerConnector@53e800f9{HTTP/1.1,[http/1.1]}{0.0.0.0:0}
2019-09-24 10:04:38,018 [main] INFO  handler.ContextHandler (ContextHandler.java:doStop(910)) - Stopped o.e.j.s.ServletContextHandler@a9f023e{/static,jar:file:/home/user/.m2/repository/org/apache/hadoop/hadoop-hdds-container-service/0.5.0-SNAPSHOT/hadoop-hdds-container-service-0.5.0-SNAPSHOT.jar!/webapps/static,UNAVAILABLE}
2019-09-24 10:04:38,018 [main] INFO  handler.ContextHandler (ContextHandler.java:doStop(910)) - Stopped o.e.j.s.ServletContextHandler@2f1d0bbc{/logs,file:///workdir/hadoop-ozone/integration-test/target/log,UNAVAILABLE}
2019-09-24 10:04:47,272 [Thread-324] INFO  impl.FollowerState (FollowerState.java:run(106)) - 73f5925b-aae6-4cfe-b968-198325afa02f:group-0703CE367BA1 changes to CANDIDATE, lastRpcTime:9547, electionTimeout:5067ms
2019-09-24 10:04:47,272 [Thread-324] INFO  impl.RoleInfo (RoleInfo.java:shutdownFollowerState(121)) - 73f5925b-aae6-4cfe-b968-198325afa02f: shutdown FollowerState
2019-09-24 10:04:47,273 [Thread-324] INFO  impl.RaftServerImpl (RaftServerImpl.java:setRole(174)) - 73f5925b-aae6-4cfe-b968-198325afa02f@group-0703CE367BA1: changes role from  FOLLOWER to CANDIDATE at term 1 for changeToCandidate
2019-09-24 10:04:47,273 [Thread-324] INFO  impl.RoleInfo (RoleInfo.java:updateAndGet(143)) - 73f5925b-aae6-4cfe-b968-198325afa02f: start LeaderElection
2019-09-24 10:04:47,274 [73f5925b-aae6-4cfe-b968-198325afa02f@group-0703CE367BA1:LeaderElection18] INFO  impl.RaftServerImpl (ServerState.java:setLeader(253)) - 73f5925b-aae6-4cfe-b968-198325afa02f@group-0703CE367BA1: change Leader from 173df53c-8dc6-4b11-a763-b64e2e347262 to null at term 1 for initElection
2019-09-24 10:04:47,364 [73f5925b-aae6-4cfe-b968-198325afa02f@group-0703CE367BA1:LeaderElection18] INFO  impl.LeaderElection (LeaderElection.java:askForVotes(182)) - 73f5925b-aae6-4cfe-b968-198325afa02f@group-0703CE367BA1:LeaderElection18: begin an election at term 2 for 0: [173df53c-8dc6-4b11-a763-b64e2e347262:192.168.151.86:46014, 9fbd6b61-d2a0-4662-aa0c-aa486ff00031:192.168.151.86:45499, 73f5925b-aae6-4cfe-b968-198325afa02f:192.168.151.86:43477], old=null
2019-09-24 10:04:47,373 [73f5925b-aae6-4cfe-b968-198325afa02f@group-0703CE367BA1:LeaderElection18] INFO  impl.LeaderElection (LogUtils.java:infoOrTrace(149)) - 73f5925b-aae6-4cfe-b968-198325afa02f@group-0703CE367BA1:LeaderElection18 got exception when requesting votes: {}
java.util.concurrent.ExecutionException: org.apache.ratis.thirdparty.io.grpc.StatusRuntimeException: UNAVAILABLE: io exception
	at java.util.concurrent.FutureTask.report(FutureTask.java:122)
	at java.util.concurrent.FutureTask.get(FutureTask.java:192)
	at org.apache.ratis.server.impl.LeaderElection.waitForResults(LeaderElection.java:263)
	at org.apache.ratis.server.impl.LeaderElection.askForVotes(LeaderElection.java:201)
	at org.apache.ratis.server.impl.LeaderElection.run(LeaderElection.java:133)
	at java.lang.Thread.run(Thread.java:748)
Caused by: org.apache.ratis.thirdparty.io.grpc.StatusRuntimeException: UNAVAILABLE: io exception
	at org.apache.ratis.thirdparty.io.grpc.stub.ClientCalls.toStatusRuntimeException(ClientCalls.java:233)
	at org.apache.ratis.thirdparty.io.grpc.stub.ClientCalls.getUnchecked(ClientCalls.java:214)
	at org.apache.ratis.thirdparty.io.grpc.stub.ClientCalls.blockingUnaryCall(ClientCalls.java:139)
	at org.apache.ratis.proto.grpc.RaftServerProtocolServiceGrpc$RaftServerProtocolServiceBlockingStub.requestVote(RaftServerProtocolServiceGrpc.java:265)
	at org.apache.ratis.grpc.server.GrpcServerProtocolClient.requestVote(GrpcServerProtocolClient.java:90)
	at org.apache.ratis.grpc.server.GrpcService.requestVote(GrpcService.java:204)
	at org.apache.ratis.server.impl.LeaderElection.lambda$submitRequests$1(LeaderElection.java:238)
	at java.util.concurrent.FutureTask.run(FutureTask.java:266)
	at java.util.concurrent.Executors$RunnableAdapter.call(Executors.java:511)
	at java.util.concurrent.FutureTask.run(FutureTask.java:266)
	at java.util.concurrent.ThreadPoolExecutor.runWorker(ThreadPoolExecutor.java:1149)
	at java.util.concurrent.ThreadPoolExecutor$Worker.run(ThreadPoolExecutor.java:624)
	... 1 more
Caused by: org.apache.ratis.thirdparty.io.netty.channel.AbstractChannel$AnnotatedConnectException: Connection refused: /192.168.151.86:46014
	at sun.nio.ch.SocketChannelImpl.checkConnect(Native Method)
	at sun.nio.ch.SocketChannelImpl.finishConnect(SocketChannelImpl.java:717)
	at org.apache.ratis.thirdparty.io.netty.channel.socket.nio.NioSocketChannel.doFinishConnect(NioSocketChannel.java:327)
	at org.apache.ratis.thirdparty.io.netty.channel.nio.AbstractNioChannel$AbstractNioUnsafe.finishConnect(AbstractNioChannel.java:340)
	at org.apache.ratis.thirdparty.io.netty.channel.nio.NioEventLoop.processSelectedKey(NioEventLoop.java:632)
	at org.apache.ratis.thirdparty.io.netty.channel.nio.NioEventLoop.processSelectedKeysOptimized(NioEventLoop.java:579)
	at org.apache.ratis.thirdparty.io.netty.channel.nio.NioEventLoop.processSelectedKeys(NioEventLoop.java:496)
	at org.apache.ratis.thirdparty.io.netty.channel.nio.NioEventLoop.run(NioEventLoop.java:458)
	at org.apache.ratis.thirdparty.io.netty.util.concurrent.SingleThreadEventExecutor$5.run(SingleThreadEventExecutor.java:897)
	at org.apache.ratis.thirdparty.io.netty.util.concurrent.FastThreadLocalRunnable.run(FastThreadLocalRunnable.java:30)
	... 1 more
Caused by: java.net.ConnectException: Connection refused
	... 11 more
2019-09-24 10:04:47,381 [73f5925b-aae6-4cfe-b968-198325afa02f@group-0703CE367BA1:LeaderElection18] INFO  impl.LeaderElection (LogUtils.java:infoOrTrace(149)) - 73f5925b-aae6-4cfe-b968-198325afa02f@group-0703CE367BA1:LeaderElection18 got exception when requesting votes: {}
java.util.concurrent.ExecutionException: org.apache.ratis.thirdparty.io.grpc.StatusRuntimeException: UNAVAILABLE: io exception
	at java.util.concurrent.FutureTask.report(FutureTask.java:122)
	at java.util.concurrent.FutureTask.get(FutureTask.java:192)
	at org.apache.ratis.server.impl.LeaderElection.waitForResults(LeaderElection.java:263)
	at org.apache.ratis.server.impl.LeaderElection.askForVotes(LeaderElection.java:201)
	at org.apache.ratis.server.impl.LeaderElection.run(LeaderElection.java:133)
	at java.lang.Thread.run(Thread.java:748)
Caused by: org.apache.ratis.thirdparty.io.grpc.StatusRuntimeException: UNAVAILABLE: io exception
	at org.apache.ratis.thirdparty.io.grpc.stub.ClientCalls.toStatusRuntimeException(ClientCalls.java:233)
	at org.apache.ratis.thirdparty.io.grpc.stub.ClientCalls.getUnchecked(ClientCalls.java:214)
	at org.apache.ratis.thirdparty.io.grpc.stub.ClientCalls.blockingUnaryCall(ClientCalls.java:139)
	at org.apache.ratis.proto.grpc.RaftServerProtocolServiceGrpc$RaftServerProtocolServiceBlockingStub.requestVote(RaftServerProtocolServiceGrpc.java:265)
	at org.apache.ratis.grpc.server.GrpcServerProtocolClient.requestVote(GrpcServerProtocolClient.java:90)
	at org.apache.ratis.grpc.server.GrpcService.requestVote(GrpcService.java:204)
	at org.apache.ratis.server.impl.LeaderElection.lambda$submitRequests$1(LeaderElection.java:238)
	at java.util.concurrent.FutureTask.run(FutureTask.java:266)
	at java.util.concurrent.Executors$RunnableAdapter.call(Executors.java:511)
	at java.util.concurrent.FutureTask.run(FutureTask.java:266)
	at java.util.concurrent.ThreadPoolExecutor.runWorker(ThreadPoolExecutor.java:1149)
	at java.util.concurrent.ThreadPoolExecutor$Worker.run(ThreadPoolExecutor.java:624)
	... 1 more
Caused by: org.apache.ratis.thirdparty.io.netty.channel.AbstractChannel$AnnotatedConnectException: Connection refused: /192.168.151.86:45499
	at sun.nio.ch.SocketChannelImpl.checkConnect(Native Method)
	at sun.nio.ch.SocketChannelImpl.finishConnect(SocketChannelImpl.java:717)
	at org.apache.ratis.thirdparty.io.netty.channel.socket.nio.NioSocketChannel.doFinishConnect(NioSocketChannel.java:327)
	at org.apache.ratis.thirdparty.io.netty.channel.nio.AbstractNioChannel$AbstractNioUnsafe.finishConnect(AbstractNioChannel.java:340)
	at org.apache.ratis.thirdparty.io.netty.channel.nio.NioEventLoop.processSelectedKey(NioEventLoop.java:632)
	at org.apache.ratis.thirdparty.io.netty.channel.nio.NioEventLoop.processSelectedKeysOptimized(NioEventLoop.java:579)
	at org.apache.ratis.thirdparty.io.netty.channel.nio.NioEventLoop.processSelectedKeys(NioEventLoop.java:496)
	at org.apache.ratis.thirdparty.io.netty.channel.nio.NioEventLoop.run(NioEventLoop.java:458)
	at org.apache.ratis.thirdparty.io.netty.util.concurrent.SingleThreadEventExecutor$5.run(SingleThreadEventExecutor.java:897)
	at org.apache.ratis.thirdparty.io.netty.util.concurrent.FastThreadLocalRunnable.run(FastThreadLocalRunnable.java:30)
	... 1 more
Caused by: java.net.ConnectException: Connection refused
	... 11 more
2019-09-24 10:04:47,384 [73f5925b-aae6-4cfe-b968-198325afa02f@group-0703CE367BA1:LeaderElection18] INFO  impl.LeaderElection (LeaderElection.java:logAndReturn(56)) - 73f5925b-aae6-4cfe-b968-198325afa02f@group-0703CE367BA1:LeaderElection18: Election REJECTED; received 0 response(s) [] and 2 exception(s); 73f5925b-aae6-4cfe-b968-198325afa02f@group-0703CE367BA1:t2, leader=null, voted=73f5925b-aae6-4cfe-b968-198325afa02f, raftlog=73f5925b-aae6-4cfe-b968-198325afa02f@group-0703CE367BA1-SegmentedRaftLog:OPENED:c16,f16,i16, conf=0: [173df53c-8dc6-4b11-a763-b64e2e347262:192.168.151.86:46014, 9fbd6b61-d2a0-4662-aa0c-aa486ff00031:192.168.151.86:45499, 73f5925b-aae6-4cfe-b968-198325afa02f:192.168.151.86:43477], old=null
2019-09-24 10:04:47,385 [73f5925b-aae6-4cfe-b968-198325afa02f@group-0703CE367BA1:LeaderElection18] INFO  impl.LeaderElection (LogUtils.java:infoOrTrace(149)) -   Exception 0: {}
java.util.concurrent.ExecutionException: org.apache.ratis.thirdparty.io.grpc.StatusRuntimeException: UNAVAILABLE: io exception
	at java.util.concurrent.FutureTask.report(FutureTask.java:122)
	at java.util.concurrent.FutureTask.get(FutureTask.java:192)
	at org.apache.ratis.server.impl.LeaderElection.waitForResults(LeaderElection.java:263)
	at org.apache.ratis.server.impl.LeaderElection.askForVotes(LeaderElection.java:201)
	at org.apache.ratis.server.impl.LeaderElection.run(LeaderElection.java:133)
	at java.lang.Thread.run(Thread.java:748)
Caused by: org.apache.ratis.thirdparty.io.grpc.StatusRuntimeException: UNAVAILABLE: io exception
	at org.apache.ratis.thirdparty.io.grpc.stub.ClientCalls.toStatusRuntimeException(ClientCalls.java:233)
	at org.apache.ratis.thirdparty.io.grpc.stub.ClientCalls.getUnchecked(ClientCalls.java:214)
	at org.apache.ratis.thirdparty.io.grpc.stub.ClientCalls.blockingUnaryCall(ClientCalls.java:139)
	at org.apache.ratis.proto.grpc.RaftServerProtocolServiceGrpc$RaftServerProtocolServiceBlockingStub.requestVote(RaftServerProtocolServiceGrpc.java:265)
	at org.apache.ratis.grpc.server.GrpcServerProtocolClient.requestVote(GrpcServerProtocolClient.java:90)
	at org.apache.ratis.grpc.server.GrpcService.requestVote(GrpcService.java:204)
	at org.apache.ratis.server.impl.LeaderElection.lambda$submitRequests$1(LeaderElection.java:238)
	at java.util.concurrent.FutureTask.run(FutureTask.java:266)
	at java.util.concurrent.Executors$RunnableAdapter.call(Executors.java:511)
	at java.util.concurrent.FutureTask.run(FutureTask.java:266)
	at java.util.concurrent.ThreadPoolExecutor.runWorker(ThreadPoolExecutor.java:1149)
	at java.util.concurrent.ThreadPoolExecutor$Worker.run(ThreadPoolExecutor.java:624)
	... 1 more
Caused by: org.apache.ratis.thirdparty.io.netty.channel.AbstractChannel$AnnotatedConnectException: Connection refused: /192.168.151.86:46014
	at sun.nio.ch.SocketChannelImpl.checkConnect(Native Method)
	at sun.nio.ch.SocketChannelImpl.finishConnect(SocketChannelImpl.java:717)
	at org.apache.ratis.thirdparty.io.netty.channel.socket.nio.NioSocketChannel.doFinishConnect(NioSocketChannel.java:327)
	at org.apache.ratis.thirdparty.io.netty.channel.nio.AbstractNioChannel$AbstractNioUnsafe.finishConnect(AbstractNioChannel.java:340)
	at org.apache.ratis.thirdparty.io.netty.channel.nio.NioEventLoop.processSelectedKey(NioEventLoop.java:632)
	at org.apache.ratis.thirdparty.io.netty.channel.nio.NioEventLoop.processSelectedKeysOptimized(NioEventLoop.java:579)
	at org.apache.ratis.thirdparty.io.netty.channel.nio.NioEventLoop.processSelectedKeys(NioEventLoop.java:496)
	at org.apache.ratis.thirdparty.io.netty.channel.nio.NioEventLoop.run(NioEventLoop.java:458)
	at org.apache.ratis.thirdparty.io.netty.util.concurrent.SingleThreadEventExecutor$5.run(SingleThreadEventExecutor.java:897)
	at org.apache.ratis.thirdparty.io.netty.util.concurrent.FastThreadLocalRunnable.run(FastThreadLocalRunnable.java:30)
	... 1 more
Caused by: java.net.ConnectException: Connection refused
	... 11 more
2019-09-24 10:04:47,385 [73f5925b-aae6-4cfe-b968-198325afa02f@group-0703CE367BA1:LeaderElection18] INFO  impl.LeaderElection (LogUtils.java:infoOrTrace(149)) -   Exception 1: {}
java.util.concurrent.ExecutionException: org.apache.ratis.thirdparty.io.grpc.StatusRuntimeException: UNAVAILABLE: io exception
	at java.util.concurrent.FutureTask.report(FutureTask.java:122)
	at java.util.concurrent.FutureTask.get(FutureTask.java:192)
	at org.apache.ratis.server.impl.LeaderElection.waitForResults(LeaderElection.java:263)
	at org.apache.ratis.server.impl.LeaderElection.askForVotes(LeaderElection.java:201)
	at org.apache.ratis.server.impl.LeaderElection.run(LeaderElection.java:133)
	at java.lang.Thread.run(Thread.java:748)
Caused by: org.apache.ratis.thirdparty.io.grpc.StatusRuntimeException: UNAVAILABLE: io exception
	at org.apache.ratis.thirdparty.io.grpc.stub.ClientCalls.toStatusRuntimeException(ClientCalls.java:233)
	at org.apache.ratis.thirdparty.io.grpc.stub.ClientCalls.getUnchecked(ClientCalls.java:214)
	at org.apache.ratis.thirdparty.io.grpc.stub.ClientCalls.blockingUnaryCall(ClientCalls.java:139)
	at org.apache.ratis.proto.grpc.RaftServerProtocolServiceGrpc$RaftServerProtocolServiceBlockingStub.requestVote(RaftServerProtocolServiceGrpc.java:265)
	at org.apache.ratis.grpc.server.GrpcServerProtocolClient.requestVote(GrpcServerProtocolClient.java:90)
	at org.apache.ratis.grpc.server.GrpcService.requestVote(GrpcService.java:204)
	at org.apache.ratis.server.impl.LeaderElection.lambda$submitRequests$1(LeaderElection.java:238)
	at java.util.concurrent.FutureTask.run(FutureTask.java:266)
	at java.util.concurrent.Executors$RunnableAdapter.call(Executors.java:511)
	at java.util.concurrent.FutureTask.run(FutureTask.java:266)
	at java.util.concurrent.ThreadPoolExecutor.runWorker(ThreadPoolExecutor.java:1149)
	at java.util.concurrent.ThreadPoolExecutor$Worker.run(ThreadPoolExecutor.java:624)
	... 1 more
Caused by: org.apache.ratis.thirdparty.io.netty.channel.AbstractChannel$AnnotatedConnectException: Connection refused: /192.168.151.86:45499
	at sun.nio.ch.SocketChannelImpl.checkConnect(Native Method)
	at sun.nio.ch.SocketChannelImpl.finishConnect(SocketChannelImpl.java:717)
	at org.apache.ratis.thirdparty.io.netty.channel.socket.nio.NioSocketChannel.doFinishConnect(NioSocketChannel.java:327)
	at org.apache.ratis.thirdparty.io.netty.channel.nio.AbstractNioChannel$AbstractNioUnsafe.finishConnect(AbstractNioChannel.java:340)
	at org.apache.ratis.thirdparty.io.netty.channel.nio.NioEventLoop.processSelectedKey(NioEventLoop.java:632)
	at org.apache.ratis.thirdparty.io.netty.channel.nio.NioEventLoop.processSelectedKeysOptimized(NioEventLoop.java:579)
	at org.apache.ratis.thirdparty.io.netty.channel.nio.NioEventLoop.processSelectedKeys(NioEventLoop.java:496)
	at org.apache.ratis.thirdparty.io.netty.channel.nio.NioEventLoop.run(NioEventLoop.java:458)
	at org.apache.ratis.thirdparty.io.netty.util.concurrent.SingleThreadEventExecutor$5.run(SingleThreadEventExecutor.java:897)
	at org.apache.ratis.thirdparty.io.netty.util.concurrent.FastThreadLocalRunnable.run(FastThreadLocalRunnable.java:30)
	... 1 more
Caused by: java.net.ConnectException: Connection refused
	... 11 more
2019-09-24 10:04:47,386 [73f5925b-aae6-4cfe-b968-198325afa02f@group-0703CE367BA1:LeaderElection18] INFO  impl.RaftServerImpl (RaftServerImpl.java:setRole(174)) - 73f5925b-aae6-4cfe-b968-198325afa02f@group-0703CE367BA1: changes role from CANDIDATE to FOLLOWER at term 2 for DISCOVERED_A_NEW_TERM
2019-09-24 10:04:47,386 [73f5925b-aae6-4cfe-b968-198325afa02f@group-0703CE367BA1:LeaderElection18] INFO  impl.RoleInfo (RoleInfo.java:shutdownLeaderElection(134)) - 73f5925b-aae6-4cfe-b968-198325afa02f: shutdown LeaderElection
2019-09-24 10:04:47,386 [73f5925b-aae6-4cfe-b968-198325afa02f@group-0703CE367BA1:LeaderElection18] INFO  impl.RoleInfo (RoleInfo.java:updateAndGet(143)) - 73f5925b-aae6-4cfe-b968-198325afa02f: start FollowerState
2019-09-24 10:04:52,491 [Thread-445] INFO  impl.FollowerState (FollowerState.java:run(106)) - 73f5925b-aae6-4cfe-b968-198325afa02f:group-0703CE367BA1 changes to CANDIDATE, lastRpcTime:5104, electionTimeout:5104ms
2019-09-24 10:04:52,498 [Thread-445] INFO  impl.RoleInfo (RoleInfo.java:shutdownFollowerState(121)) - 73f5925b-aae6-4cfe-b968-198325afa02f: shutdown FollowerState
2019-09-24 10:04:52,498 [Thread-445] INFO  impl.RaftServerImpl (RaftServerImpl.java:setRole(174)) - 73f5925b-aae6-4cfe-b968-198325afa02f@group-0703CE367BA1: changes role from  FOLLOWER to CANDIDATE at term 2 for changeToCandidate
2019-09-24 10:04:52,498 [Thread-445] INFO  impl.RoleInfo (RoleInfo.java:updateAndGet(143)) - 73f5925b-aae6-4cfe-b968-198325afa02f: start LeaderElection
2019-09-24 10:04:56,020 [73f5925b-aae6-4cfe-b968-198325afa02f@group-0703CE367BA1:LeaderElection19] INFO  impl.LeaderElection (LeaderElection.java:askForVotes(182)) - 73f5925b-aae6-4cfe-b968-198325afa02f@group-0703CE367BA1:LeaderElection19: begin an election at term 3 for 0: [173df53c-8dc6-4b11-a763-b64e2e347262:192.168.151.86:46014, 9fbd6b61-d2a0-4662-aa0c-aa486ff00031:192.168.151.86:45499, 73f5925b-aae6-4cfe-b968-198325afa02f:192.168.151.86:43477], old=null
2019-09-24 10:04:56,023 [73f5925b-aae6-4cfe-b968-198325afa02f@group-0703CE367BA1:LeaderElection19] INFO  impl.LeaderElection (LogUtils.java:infoOrTrace(149)) - 73f5925b-aae6-4cfe-b968-198325afa02f@group-0703CE367BA1:LeaderElection19 got exception when requesting votes: {}
java.util.concurrent.ExecutionException: org.apache.ratis.thirdparty.io.grpc.StatusRuntimeException: UNAVAILABLE: io exception
	at java.util.concurrent.FutureTask.report(FutureTask.java:122)
	at java.util.concurrent.FutureTask.get(FutureTask.java:192)
	at org.apache.ratis.server.impl.LeaderElection.waitForResults(LeaderElection.java:263)
	at org.apache.ratis.server.impl.LeaderElection.askForVotes(LeaderElection.java:201)
	at org.apache.ratis.server.impl.LeaderElection.run(LeaderElection.java:133)
	at java.lang.Thread.run(Thread.java:748)
Caused by: org.apache.ratis.thirdparty.io.grpc.StatusRuntimeException: UNAVAILABLE: io exception
	at org.apache.ratis.thirdparty.io.grpc.stub.ClientCalls.toStatusRuntimeException(ClientCalls.java:233)
	at org.apache.ratis.thirdparty.io.grpc.stub.ClientCalls.getUnchecked(ClientCalls.java:214)
	at org.apache.ratis.thirdparty.io.grpc.stub.ClientCalls.blockingUnaryCall(ClientCalls.java:139)
	at org.apache.ratis.proto.grpc.RaftServerProtocolServiceGrpc$RaftServerProtocolServiceBlockingStub.requestVote(RaftServerProtocolServiceGrpc.java:265)
	at org.apache.ratis.grpc.server.GrpcServerProtocolClient.requestVote(GrpcServerProtocolClient.java:90)
	at org.apache.ratis.grpc.server.GrpcService.requestVote(GrpcService.java:204)
	at org.apache.ratis.server.impl.LeaderElection.lambda$submitRequests$1(LeaderElection.java:238)
	at java.util.concurrent.FutureTask.run(FutureTask.java:266)
	at java.util.concurrent.Executors$RunnableAdapter.call(Executors.java:511)
	at java.util.concurrent.FutureTask.run(FutureTask.java:266)
	at java.util.concurrent.ThreadPoolExecutor.runWorker(ThreadPoolExecutor.java:1149)
	at java.util.concurrent.ThreadPoolExecutor$Worker.run(ThreadPoolExecutor.java:624)
	... 1 more
Caused by: org.apache.ratis.thirdparty.io.netty.channel.AbstractChannel$AnnotatedConnectException: Connection refused: /192.168.151.86:46014
	at sun.nio.ch.SocketChannelImpl.checkConnect(Native Method)
	at sun.nio.ch.SocketChannelImpl.finishConnect(SocketChannelImpl.java:717)
	at org.apache.ratis.thirdparty.io.netty.channel.socket.nio.NioSocketChannel.doFinishConnect(NioSocketChannel.java:327)
	at org.apache.ratis.thirdparty.io.netty.channel.nio.AbstractNioChannel$AbstractNioUnsafe.finishConnect(AbstractNioChannel.java:340)
	at org.apache.ratis.thirdparty.io.netty.channel.nio.NioEventLoop.processSelectedKey(NioEventLoop.java:632)
	at org.apache.ratis.thirdparty.io.netty.channel.nio.NioEventLoop.processSelectedKeysOptimized(NioEventLoop.java:579)
	at org.apache.ratis.thirdparty.io.netty.channel.nio.NioEventLoop.processSelectedKeys(NioEventLoop.java:496)
	at org.apache.ratis.thirdparty.io.netty.channel.nio.NioEventLoop.run(NioEventLoop.java:458)
	at org.apache.ratis.thirdparty.io.netty.util.concurrent.SingleThreadEventExecutor$5.run(SingleThreadEventExecutor.java:897)
	at org.apache.ratis.thirdparty.io.netty.util.concurrent.FastThreadLocalRunnable.run(FastThreadLocalRunnable.java:30)
	... 1 more
Caused by: java.net.ConnectException: Connection refused
	... 11 more
2019-09-24 10:04:56,027 [73f5925b-aae6-4cfe-b968-198325afa02f@group-0703CE367BA1:LeaderElection19] INFO  impl.LeaderElection (LogUtils.java:infoOrTrace(149)) - 73f5925b-aae6-4cfe-b968-198325afa02f@group-0703CE367BA1:LeaderElection19 got exception when requesting votes: {}
java.util.concurrent.ExecutionException: org.apache.ratis.thirdparty.io.grpc.StatusRuntimeException: UNAVAILABLE: io exception
	at java.util.concurrent.FutureTask.report(FutureTask.java:122)
	at java.util.concurrent.FutureTask.get(FutureTask.java:192)
	at org.apache.ratis.server.impl.LeaderElection.waitForResults(LeaderElection.java:263)
	at org.apache.ratis.server.impl.LeaderElection.askForVotes(LeaderElection.java:201)
	at org.apache.ratis.server.impl.LeaderElection.run(LeaderElection.java:133)
	at java.lang.Thread.run(Thread.java:748)
Caused by: org.apache.ratis.thirdparty.io.grpc.StatusRuntimeException: UNAVAILABLE: io exception
	at org.apache.ratis.thirdparty.io.grpc.stub.ClientCalls.toStatusRuntimeException(ClientCalls.java:233)
	at org.apache.ratis.thirdparty.io.grpc.stub.ClientCalls.getUnchecked(ClientCalls.java:214)
	at org.apache.ratis.thirdparty.io.grpc.stub.ClientCalls.blockingUnaryCall(ClientCalls.java:139)
	at org.apache.ratis.proto.grpc.RaftServerProtocolServiceGrpc$RaftServerProtocolServiceBlockingStub.requestVote(RaftServerProtocolServiceGrpc.java:265)
	at org.apache.ratis.grpc.server.GrpcServerProtocolClient.requestVote(GrpcServerProtocolClient.java:90)
	at org.apache.ratis.grpc.server.GrpcService.requestVote(GrpcService.java:204)
	at org.apache.ratis.server.impl.LeaderElection.lambda$submitRequests$1(LeaderElection.java:238)
	at java.util.concurrent.FutureTask.run(FutureTask.java:266)
	at java.util.concurrent.Executors$RunnableAdapter.call(Executors.java:511)
	at java.util.concurrent.FutureTask.run(FutureTask.java:266)
	at java.util.concurrent.ThreadPoolExecutor.runWorker(ThreadPoolExecutor.java:1149)
	at java.util.concurrent.ThreadPoolExecutor$Worker.run(ThreadPoolExecutor.java:624)
	... 1 more
Caused by: org.apache.ratis.thirdparty.io.netty.channel.AbstractChannel$AnnotatedConnectException: Connection refused: /192.168.151.86:45499
	at sun.nio.ch.SocketChannelImpl.checkConnect(Native Method)
	at sun.nio.ch.SocketChannelImpl.finishConnect(SocketChannelImpl.java:717)
	at org.apache.ratis.thirdparty.io.netty.channel.socket.nio.NioSocketChannel.doFinishConnect(NioSocketChannel.java:327)
	at org.apache.ratis.thirdparty.io.netty.channel.nio.AbstractNioChannel$AbstractNioUnsafe.finishConnect(AbstractNioChannel.java:340)
	at org.apache.ratis.thirdparty.io.netty.channel.nio.NioEventLoop.processSelectedKey(NioEventLoop.java:632)
	at org.apache.ratis.thirdparty.io.netty.channel.nio.NioEventLoop.processSelectedKeysOptimized(NioEventLoop.java:579)
	at org.apache.ratis.thirdparty.io.netty.channel.nio.NioEventLoop.processSelectedKeys(NioEventLoop.java:496)
	at org.apache.ratis.thirdparty.io.netty.channel.nio.NioEventLoop.run(NioEventLoop.java:458)
	at org.apache.ratis.thirdparty.io.netty.util.concurrent.SingleThreadEventExecutor$5.run(SingleThreadEventExecutor.java:897)
	at org.apache.ratis.thirdparty.io.netty.util.concurrent.FastThreadLocalRunnable.run(FastThreadLocalRunnable.java:30)
	... 1 more
Caused by: java.net.ConnectException: Connection refused
	... 11 more
2019-09-24 10:04:56,030 [73f5925b-aae6-4cfe-b968-198325afa02f@group-0703CE367BA1:LeaderElection19] INFO  impl.LeaderElection (LeaderElection.java:logAndReturn(56)) - 73f5925b-aae6-4cfe-b968-198325afa02f@group-0703CE367BA1:LeaderElection19: Election REJECTED; received 0 response(s) [] and 2 exception(s); 73f5925b-aae6-4cfe-b968-198325afa02f@group-0703CE367BA1:t3, leader=null, voted=73f5925b-aae6-4cfe-b968-198325afa02f, raftlog=73f5925b-aae6-4cfe-b968-198325afa02f@group-0703CE367BA1-SegmentedRaftLog:OPENED:c16,f16,i16, conf=0: [173df53c-8dc6-4b11-a763-b64e2e347262:192.168.151.86:46014, 9fbd6b61-d2a0-4662-aa0c-aa486ff00031:192.168.151.86:45499, 73f5925b-aae6-4cfe-b968-198325afa02f:192.168.151.86:43477], old=null
2019-09-24 10:04:56,031 [73f5925b-aae6-4cfe-b968-198325afa02f@group-0703CE367BA1:LeaderElection19] INFO  impl.LeaderElection (LogUtils.java:infoOrTrace(149)) -   Exception 0: {}
java.util.concurrent.ExecutionException: org.apache.ratis.thirdparty.io.grpc.StatusRuntimeException: UNAVAILABLE: io exception
	at java.util.concurrent.FutureTask.report(FutureTask.java:122)
	at java.util.concurrent.FutureTask.get(FutureTask.java:192)
	at org.apache.ratis.server.impl.LeaderElection.waitForResults(LeaderElection.java:263)
	at org.apache.ratis.server.impl.LeaderElection.askForVotes(LeaderElection.java:201)
	at org.apache.ratis.server.impl.LeaderElection.run(LeaderElection.java:133)
	at java.lang.Thread.run(Thread.java:748)
Caused by: org.apache.ratis.thirdparty.io.grpc.StatusRuntimeException: UNAVAILABLE: io exception
	at org.apache.ratis.thirdparty.io.grpc.stub.ClientCalls.toStatusRuntimeException(ClientCalls.java:233)
	at org.apache.ratis.thirdparty.io.grpc.stub.ClientCalls.getUnchecked(ClientCalls.java:214)
	at org.apache.ratis.thirdparty.io.grpc.stub.ClientCalls.blockingUnaryCall(ClientCalls.java:139)
	at org.apache.ratis.proto.grpc.RaftServerProtocolServiceGrpc$RaftServerProtocolServiceBlockingStub.requestVote(RaftServerProtocolServiceGrpc.java:265)
	at org.apache.ratis.grpc.server.GrpcServerProtocolClient.requestVote(GrpcServerProtocolClient.java:90)
	at org.apache.ratis.grpc.server.GrpcService.requestVote(GrpcService.java:204)
	at org.apache.ratis.server.impl.LeaderElection.lambda$submitRequests$1(LeaderElection.java:238)
	at java.util.concurrent.FutureTask.run(FutureTask.java:266)
	at java.util.concurrent.Executors$RunnableAdapter.call(Executors.java:511)
	at java.util.concurrent.FutureTask.run(FutureTask.java:266)
	at java.util.concurrent.ThreadPoolExecutor.runWorker(ThreadPoolExecutor.java:1149)
	at java.util.concurrent.ThreadPoolExecutor$Worker.run(ThreadPoolExecutor.java:624)
	... 1 more
Caused by: org.apache.ratis.thirdparty.io.netty.channel.AbstractChannel$AnnotatedConnectException: Connection refused: /192.168.151.86:46014
	at sun.nio.ch.SocketChannelImpl.checkConnect(Native Method)
	at sun.nio.ch.SocketChannelImpl.finishConnect(SocketChannelImpl.java:717)
	at org.apache.ratis.thirdparty.io.netty.channel.socket.nio.NioSocketChannel.doFinishConnect(NioSocketChannel.java:327)
	at org.apache.ratis.thirdparty.io.netty.channel.nio.AbstractNioChannel$AbstractNioUnsafe.finishConnect(AbstractNioChannel.java:340)
	at org.apache.ratis.thirdparty.io.netty.channel.nio.NioEventLoop.processSelectedKey(NioEventLoop.java:632)
	at org.apache.ratis.thirdparty.io.netty.channel.nio.NioEventLoop.processSelectedKeysOptimized(NioEventLoop.java:579)
	at org.apache.ratis.thirdparty.io.netty.channel.nio.NioEventLoop.processSelectedKeys(NioEventLoop.java:496)
	at org.apache.ratis.thirdparty.io.netty.channel.nio.NioEventLoop.run(NioEventLoop.java:458)
	at org.apache.ratis.thirdparty.io.netty.util.concurrent.SingleThreadEventExecutor$5.run(SingleThreadEventExecutor.java:897)
	at org.apache.ratis.thirdparty.io.netty.util.concurrent.FastThreadLocalRunnable.run(FastThreadLocalRunnable.java:30)
	... 1 more
Caused by: java.net.ConnectException: Connection refused
	... 11 more
2019-09-24 10:04:56,031 [73f5925b-aae6-4cfe-b968-198325afa02f@group-0703CE367BA1:LeaderElection19] INFO  impl.LeaderElection (LogUtils.java:infoOrTrace(149)) -   Exception 1: {}
java.util.concurrent.ExecutionException: org.apache.ratis.thirdparty.io.grpc.StatusRuntimeException: UNAVAILABLE: io exception
	at java.util.concurrent.FutureTask.report(FutureTask.java:122)
	at java.util.concurrent.FutureTask.get(FutureTask.java:192)
	at org.apache.ratis.server.impl.LeaderElection.waitForResults(LeaderElection.java:263)
	at org.apache.ratis.server.impl.LeaderElection.askForVotes(LeaderElection.java:201)
	at org.apache.ratis.server.impl.LeaderElection.run(LeaderElection.java:133)
	at java.lang.Thread.run(Thread.java:748)
Caused by: org.apache.ratis.thirdparty.io.grpc.StatusRuntimeException: UNAVAILABLE: io exception
	at org.apache.ratis.thirdparty.io.grpc.stub.ClientCalls.toStatusRuntimeException(ClientCalls.java:233)
	at org.apache.ratis.thirdparty.io.grpc.stub.ClientCalls.getUnchecked(ClientCalls.java:214)
	at org.apache.ratis.thirdparty.io.grpc.stub.ClientCalls.blockingUnaryCall(ClientCalls.java:139)
	at org.apache.ratis.proto.grpc.RaftServerProtocolServiceGrpc$RaftServerProtocolServiceBlockingStub.requestVote(RaftServerProtocolServiceGrpc.java:265)
	at org.apache.ratis.grpc.server.GrpcServerProtocolClient.requestVote(GrpcServerProtocolClient.java:90)
	at org.apache.ratis.grpc.server.GrpcService.requestVote(GrpcService.java:204)
	at org.apache.ratis.server.impl.LeaderElection.lambda$submitRequests$1(LeaderElection.java:238)
	at java.util.concurrent.FutureTask.run(FutureTask.java:266)
	at java.util.concurrent.Executors$RunnableAdapter.call(Executors.java:511)
	at java.util.concurrent.FutureTask.run(FutureTask.java:266)
	at java.util.concurrent.ThreadPoolExecutor.runWorker(ThreadPoolExecutor.java:1149)
	at java.util.concurrent.ThreadPoolExecutor$Worker.run(ThreadPoolExecutor.java:624)
	... 1 more
Caused by: org.apache.ratis.thirdparty.io.netty.channel.AbstractChannel$AnnotatedConnectException: Connection refused: /192.168.151.86:45499
	at sun.nio.ch.SocketChannelImpl.checkConnect(Native Method)
	at sun.nio.ch.SocketChannelImpl.finishConnect(SocketChannelImpl.java:717)
	at org.apache.ratis.thirdparty.io.netty.channel.socket.nio.NioSocketChannel.doFinishConnect(NioSocketChannel.java:327)
	at org.apache.ratis.thirdparty.io.netty.channel.nio.AbstractNioChannel$AbstractNioUnsafe.finishConnect(AbstractNioChannel.java:340)
	at org.apache.ratis.thirdparty.io.netty.channel.nio.NioEventLoop.processSelectedKey(NioEventLoop.java:632)
	at org.apache.ratis.thirdparty.io.netty.channel.nio.NioEventLoop.processSelectedKeysOptimized(NioEventLoop.java:579)
	at org.apache.ratis.thirdparty.io.netty.channel.nio.NioEventLoop.processSelectedKeys(NioEventLoop.java:496)
	at org.apache.ratis.thirdparty.io.netty.channel.nio.NioEventLoop.run(NioEventLoop.java:458)
	at org.apache.ratis.thirdparty.io.netty.util.concurrent.SingleThreadEventExecutor$5.run(SingleThreadEventExecutor.java:897)
	at org.apache.ratis.thirdparty.io.netty.util.concurrent.FastThreadLocalRunnable.run(FastThreadLocalRunnable.java:30)
	... 1 more
Caused by: java.net.ConnectException: Connection refused
	... 11 more
2019-09-24 10:04:56,032 [73f5925b-aae6-4cfe-b968-198325afa02f@group-0703CE367BA1:LeaderElection19] INFO  impl.RaftServerImpl (RaftServerImpl.java:setRole(174)) - 73f5925b-aae6-4cfe-b968-198325afa02f@group-0703CE367BA1: changes role from CANDIDATE to FOLLOWER at term 3 for DISCOVERED_A_NEW_TERM
2019-09-24 10:04:56,032 [73f5925b-aae6-4cfe-b968-198325afa02f@group-0703CE367BA1:LeaderElection19] INFO  impl.RoleInfo (RoleInfo.java:shutdownLeaderElection(134)) - 73f5925b-aae6-4cfe-b968-198325afa02f: shutdown LeaderElection
2019-09-24 10:04:56,032 [73f5925b-aae6-4cfe-b968-198325afa02f@group-0703CE367BA1:LeaderElection19] INFO  impl.RoleInfo (RoleInfo.java:updateAndGet(143)) - 73f5925b-aae6-4cfe-b968-198325afa02f: start FollowerState
2019-09-24 10:05:01,162 [Thread-467] INFO  impl.FollowerState (FollowerState.java:run(106)) - 73f5925b-aae6-4cfe-b968-198325afa02f:group-0703CE367BA1 changes to CANDIDATE, lastRpcTime:5129, electionTimeout:5129ms
2019-09-24 10:05:01,165 [Thread-467] INFO  impl.RoleInfo (RoleInfo.java:shutdownFollowerState(121)) - 73f5925b-aae6-4cfe-b968-198325afa02f: shutdown FollowerState
2019-09-24 10:05:01,165 [Thread-467] INFO  impl.RaftServerImpl (RaftServerImpl.java:setRole(174)) - 73f5925b-aae6-4cfe-b968-198325afa02f@group-0703CE367BA1: changes role from  FOLLOWER to CANDIDATE at term 3 for changeToCandidate
2019-09-24 10:05:01,165 [Thread-467] INFO  impl.RoleInfo (RoleInfo.java:updateAndGet(143)) - 73f5925b-aae6-4cfe-b968-198325afa02f: start LeaderElection
2019-09-24 10:05:01,199 [73f5925b-aae6-4cfe-b968-198325afa02f@group-0703CE367BA1:LeaderElection20] INFO  impl.LeaderElection (LeaderElection.java:askForVotes(182)) - 73f5925b-aae6-4cfe-b968-198325afa02f@group-0703CE367BA1:LeaderElection20: begin an election at term 4 for 0: [173df53c-8dc6-4b11-a763-b64e2e347262:192.168.151.86:46014, 9fbd6b61-d2a0-4662-aa0c-aa486ff00031:192.168.151.86:45499, 73f5925b-aae6-4cfe-b968-198325afa02f:192.168.151.86:43477], old=null
2019-09-24 10:05:01,200 [73f5925b-aae6-4cfe-b968-198325afa02f@group-0703CE367BA1:LeaderElection20] INFO  impl.LeaderElection (LogUtils.java:infoOrTrace(149)) - 73f5925b-aae6-4cfe-b968-198325afa02f@group-0703CE367BA1:LeaderElection20 got exception when requesting votes: {}
java.util.concurrent.ExecutionException: org.apache.ratis.thirdparty.io.grpc.StatusRuntimeException: UNAVAILABLE: io exception
	at java.util.concurrent.FutureTask.report(FutureTask.java:122)
	at java.util.concurrent.FutureTask.get(FutureTask.java:192)
	at org.apache.ratis.server.impl.LeaderElection.waitForResults(LeaderElection.java:263)
	at org.apache.ratis.server.impl.LeaderElection.askForVotes(LeaderElection.java:201)
	at org.apache.ratis.server.impl.LeaderElection.run(LeaderElection.java:133)
	at java.lang.Thread.run(Thread.java:748)
Caused by: org.apache.ratis.thirdparty.io.grpc.StatusRuntimeException: UNAVAILABLE: io exception
	at org.apache.ratis.thirdparty.io.grpc.stub.ClientCalls.toStatusRuntimeException(ClientCalls.java:233)
	at org.apache.ratis.thirdparty.io.grpc.stub.ClientCalls.getUnchecked(ClientCalls.java:214)
	at org.apache.ratis.thirdparty.io.grpc.stub.ClientCalls.blockingUnaryCall(ClientCalls.java:139)
	at org.apache.ratis.proto.grpc.RaftServerProtocolServiceGrpc$RaftServerProtocolServiceBlockingStub.requestVote(RaftServerProtocolServiceGrpc.java:265)
	at org.apache.ratis.grpc.server.GrpcServerProtocolClient.requestVote(GrpcServerProtocolClient.java:90)
	at org.apache.ratis.grpc.server.GrpcService.requestVote(GrpcService.java:204)
	at org.apache.ratis.server.impl.LeaderElection.lambda$submitRequests$1(LeaderElection.java:238)
	at java.util.concurrent.FutureTask.run(FutureTask.java:266)
	at java.util.concurrent.Executors$RunnableAdapter.call(Executors.java:511)
	at java.util.concurrent.FutureTask.run(FutureTask.java:266)
	at java.util.concurrent.ThreadPoolExecutor.runWorker(ThreadPoolExecutor.java:1149)
	at java.util.concurrent.ThreadPoolExecutor$Worker.run(ThreadPoolExecutor.java:624)
	... 1 more
Caused by: org.apache.ratis.thirdparty.io.netty.channel.AbstractChannel$AnnotatedConnectException: Connection refused: /192.168.151.86:45499
	at sun.nio.ch.SocketChannelImpl.checkConnect(Native Method)
	at sun.nio.ch.SocketChannelImpl.finishConnect(SocketChannelImpl.java:717)
	at org.apache.ratis.thirdparty.io.netty.channel.socket.nio.NioSocketChannel.doFinishConnect(NioSocketChannel.java:327)
	at org.apache.ratis.thirdparty.io.netty.channel.nio.AbstractNioChannel$AbstractNioUnsafe.finishConnect(AbstractNioChannel.java:340)
	at org.apache.ratis.thirdparty.io.netty.channel.nio.NioEventLoop.processSelectedKey(NioEventLoop.java:632)
	at org.apache.ratis.thirdparty.io.netty.channel.nio.NioEventLoop.processSelectedKeysOptimized(NioEventLoop.java:579)
	at org.apache.ratis.thirdparty.io.netty.channel.nio.NioEventLoop.processSelectedKeys(NioEventLoop.java:496)
	at org.apache.ratis.thirdparty.io.netty.channel.nio.NioEventLoop.run(NioEventLoop.java:458)
	at org.apache.ratis.thirdparty.io.netty.util.concurrent.SingleThreadEventExecutor$5.run(SingleThreadEventExecutor.java:897)
	at org.apache.ratis.thirdparty.io.netty.util.concurrent.FastThreadLocalRunnable.run(FastThreadLocalRunnable.java:30)
	... 1 more
Caused by: java.net.ConnectException: Connection refused
	... 11 more
2019-09-24 10:05:01,203 [73f5925b-aae6-4cfe-b968-198325afa02f@group-0703CE367BA1:LeaderElection20] INFO  impl.LeaderElection (LogUtils.java:infoOrTrace(149)) - 73f5925b-aae6-4cfe-b968-198325afa02f@group-0703CE367BA1:LeaderElection20 got exception when requesting votes: {}
java.util.concurrent.ExecutionException: org.apache.ratis.thirdparty.io.grpc.StatusRuntimeException: UNAVAILABLE: io exception
	at java.util.concurrent.FutureTask.report(FutureTask.java:122)
	at java.util.concurrent.FutureTask.get(FutureTask.java:192)
	at org.apache.ratis.server.impl.LeaderElection.waitForResults(LeaderElection.java:263)
	at org.apache.ratis.server.impl.LeaderElection.askForVotes(LeaderElection.java:201)
	at org.apache.ratis.server.impl.LeaderElection.run(LeaderElection.java:133)
	at java.lang.Thread.run(Thread.java:748)
Caused by: org.apache.ratis.thirdparty.io.grpc.StatusRuntimeException: UNAVAILABLE: io exception
	at org.apache.ratis.thirdparty.io.grpc.stub.ClientCalls.toStatusRuntimeException(ClientCalls.java:233)
	at org.apache.ratis.thirdparty.io.grpc.stub.ClientCalls.getUnchecked(ClientCalls.java:214)
	at org.apache.ratis.thirdparty.io.grpc.stub.ClientCalls.blockingUnaryCall(ClientCalls.java:139)
	at org.apache.ratis.proto.grpc.RaftServerProtocolServiceGrpc$RaftServerProtocolServiceBlockingStub.requestVote(RaftServerProtocolServiceGrpc.java:265)
	at org.apache.ratis.grpc.server.GrpcServerProtocolClient.requestVote(GrpcServerProtocolClient.java:90)
	at org.apache.ratis.grpc.server.GrpcService.requestVote(GrpcService.java:204)
	at org.apache.ratis.server.impl.LeaderElection.lambda$submitRequests$1(LeaderElection.java:238)
	at java.util.concurrent.FutureTask.run(FutureTask.java:266)
	at java.util.concurrent.Executors$RunnableAdapter.call(Executors.java:511)
	at java.util.concurrent.FutureTask.run(FutureTask.java:266)
	at java.util.concurrent.ThreadPoolExecutor.runWorker(ThreadPoolExecutor.java:1149)
	at java.util.concurrent.ThreadPoolExecutor$Worker.run(ThreadPoolExecutor.java:624)
	... 1 more
Caused by: org.apache.ratis.thirdparty.io.netty.channel.AbstractChannel$AnnotatedConnectException: Connection refused: /192.168.151.86:46014
	at sun.nio.ch.SocketChannelImpl.checkConnect(Native Method)
	at sun.nio.ch.SocketChannelImpl.finishConnect(SocketChannelImpl.java:717)
	at org.apache.ratis.thirdparty.io.netty.channel.socket.nio.NioSocketChannel.doFinishConnect(NioSocketChannel.java:327)
	at org.apache.ratis.thirdparty.io.netty.channel.nio.AbstractNioChannel$AbstractNioUnsafe.finishConnect(AbstractNioChannel.java:340)
	at org.apache.ratis.thirdparty.io.netty.channel.nio.NioEventLoop.processSelectedKey(NioEventLoop.java:632)
	at org.apache.ratis.thirdparty.io.netty.channel.nio.NioEventLoop.processSelectedKeysOptimized(NioEventLoop.java:579)
	at org.apache.ratis.thirdparty.io.netty.channel.nio.NioEventLoop.processSelectedKeys(NioEventLoop.java:496)
	at org.apache.ratis.thirdparty.io.netty.channel.nio.NioEventLoop.run(NioEventLoop.java:458)
	at org.apache.ratis.thirdparty.io.netty.util.concurrent.SingleThreadEventExecutor$5.run(SingleThreadEventExecutor.java:897)
	at org.apache.ratis.thirdparty.io.netty.util.concurrent.FastThreadLocalRunnable.run(FastThreadLocalRunnable.java:30)
	... 1 more
Caused by: java.net.ConnectException: Connection refused
	... 11 more
2019-09-24 10:05:01,206 [73f5925b-aae6-4cfe-b968-198325afa02f@group-0703CE367BA1:LeaderElection20] INFO  impl.LeaderElection (LeaderElection.java:logAndReturn(56)) - 73f5925b-aae6-4cfe-b968-198325afa02f@group-0703CE367BA1:LeaderElection20: Election REJECTED; received 0 response(s) [] and 2 exception(s); 73f5925b-aae6-4cfe-b968-198325afa02f@group-0703CE367BA1:t4, leader=null, voted=73f5925b-aae6-4cfe-b968-198325afa02f, raftlog=73f5925b-aae6-4cfe-b968-198325afa02f@group-0703CE367BA1-SegmentedRaftLog:OPENED:c16,f16,i16, conf=0: [173df53c-8dc6-4b11-a763-b64e2e347262:192.168.151.86:46014, 9fbd6b61-d2a0-4662-aa0c-aa486ff00031:192.168.151.86:45499, 73f5925b-aae6-4cfe-b968-198325afa02f:192.168.151.86:43477], old=null
2019-09-24 10:05:01,206 [73f5925b-aae6-4cfe-b968-198325afa02f@group-0703CE367BA1:LeaderElection20] INFO  impl.LeaderElection (LogUtils.java:infoOrTrace(149)) -   Exception 0: {}
java.util.concurrent.ExecutionException: org.apache.ratis.thirdparty.io.grpc.StatusRuntimeException: UNAVAILABLE: io exception
	at java.util.concurrent.FutureTask.report(FutureTask.java:122)
	at java.util.concurrent.FutureTask.get(FutureTask.java:192)
	at org.apache.ratis.server.impl.LeaderElection.waitForResults(LeaderElection.java:263)
	at org.apache.ratis.server.impl.LeaderElection.askForVotes(LeaderElection.java:201)
	at org.apache.ratis.server.impl.LeaderElection.run(LeaderElection.java:133)
	at java.lang.Thread.run(Thread.java:748)
Caused by: org.apache.ratis.thirdparty.io.grpc.StatusRuntimeException: UNAVAILABLE: io exception
	at org.apache.ratis.thirdparty.io.grpc.stub.ClientCalls.toStatusRuntimeException(ClientCalls.java:233)
	at org.apache.ratis.thirdparty.io.grpc.stub.ClientCalls.getUnchecked(ClientCalls.java:214)
	at org.apache.ratis.thirdparty.io.grpc.stub.ClientCalls.blockingUnaryCall(ClientCalls.java:139)
	at org.apache.ratis.proto.grpc.RaftServerProtocolServiceGrpc$RaftServerProtocolServiceBlockingStub.requestVote(RaftServerProtocolServiceGrpc.java:265)
	at org.apache.ratis.grpc.server.GrpcServerProtocolClient.requestVote(GrpcServerProtocolClient.java:90)
	at org.apache.ratis.grpc.server.GrpcService.requestVote(GrpcService.java:204)
	at org.apache.ratis.server.impl.LeaderElection.lambda$submitRequests$1(LeaderElection.java:238)
	at java.util.concurrent.FutureTask.run(FutureTask.java:266)
	at java.util.concurrent.Executors$RunnableAdapter.call(Executors.java:511)
	at java.util.concurrent.FutureTask.run(FutureTask.java:266)
	at java.util.concurrent.ThreadPoolExecutor.runWorker(ThreadPoolExecutor.java:1149)
	at java.util.concurrent.ThreadPoolExecutor$Worker.run(ThreadPoolExecutor.java:624)
	... 1 more
Caused by: org.apache.ratis.thirdparty.io.netty.channel.AbstractChannel$AnnotatedConnectException: Connection refused: /192.168.151.86:45499
	at sun.nio.ch.SocketChannelImpl.checkConnect(Native Method)
	at sun.nio.ch.SocketChannelImpl.finishConnect(SocketChannelImpl.java:717)
	at org.apache.ratis.thirdparty.io.netty.channel.socket.nio.NioSocketChannel.doFinishConnect(NioSocketChannel.java:327)
	at org.apache.ratis.thirdparty.io.netty.channel.nio.AbstractNioChannel$AbstractNioUnsafe.finishConnect(AbstractNioChannel.java:340)
	at org.apache.ratis.thirdparty.io.netty.channel.nio.NioEventLoop.processSelectedKey(NioEventLoop.java:632)
	at org.apache.ratis.thirdparty.io.netty.channel.nio.NioEventLoop.processSelectedKeysOptimized(NioEventLoop.java:579)
	at org.apache.ratis.thirdparty.io.netty.channel.nio.NioEventLoop.processSelectedKeys(NioEventLoop.java:496)
	at org.apache.ratis.thirdparty.io.netty.channel.nio.NioEventLoop.run(NioEventLoop.java:458)
	at org.apache.ratis.thirdparty.io.netty.util.concurrent.SingleThreadEventExecutor$5.run(SingleThreadEventExecutor.java:897)
	at org.apache.ratis.thirdparty.io.netty.util.concurrent.FastThreadLocalRunnable.run(FastThreadLocalRunnable.java:30)
	... 1 more
Caused by: java.net.ConnectException: Connection refused
	... 11 more
2019-09-24 10:05:01,207 [73f5925b-aae6-4cfe-b968-198325afa02f@group-0703CE367BA1:LeaderElection20] INFO  impl.LeaderElection (LogUtils.java:infoOrTrace(149)) -   Exception 1: {}
java.util.concurrent.ExecutionException: org.apache.ratis.thirdparty.io.grpc.StatusRuntimeException: UNAVAILABLE: io exception
	at java.util.concurrent.FutureTask.report(FutureTask.java:122)
	at java.util.concurrent.FutureTask.get(FutureTask.java:192)
	at org.apache.ratis.server.impl.LeaderElection.waitForResults(LeaderElection.java:263)
	at org.apache.ratis.server.impl.LeaderElection.askForVotes(LeaderElection.java:201)
	at org.apache.ratis.server.impl.LeaderElection.run(LeaderElection.java:133)
	at java.lang.Thread.run(Thread.java:748)
Caused by: org.apache.ratis.thirdparty.io.grpc.StatusRuntimeException: UNAVAILABLE: io exception
	at org.apache.ratis.thirdparty.io.grpc.stub.ClientCalls.toStatusRuntimeException(ClientCalls.java:233)
	at org.apache.ratis.thirdparty.io.grpc.stub.ClientCalls.getUnchecked(ClientCalls.java:214)
	at org.apache.ratis.thirdparty.io.grpc.stub.ClientCalls.blockingUnaryCall(ClientCalls.java:139)
	at org.apache.ratis.proto.grpc.RaftServerProtocolServiceGrpc$RaftServerProtocolServiceBlockingStub.requestVote(RaftServerProtocolServiceGrpc.java:265)
	at org.apache.ratis.grpc.server.GrpcServerProtocolClient.requestVote(GrpcServerProtocolClient.java:90)
	at org.apache.ratis.grpc.server.GrpcService.requestVote(GrpcService.java:204)
	at org.apache.ratis.server.impl.LeaderElection.lambda$submitRequests$1(LeaderElection.java:238)
	at java.util.concurrent.FutureTask.run(FutureTask.java:266)
	at java.util.concurrent.Executors$RunnableAdapter.call(Executors.java:511)
	at java.util.concurrent.FutureTask.run(FutureTask.java:266)
	at java.util.concurrent.ThreadPoolExecutor.runWorker(ThreadPoolExecutor.java:1149)
	at java.util.concurrent.ThreadPoolExecutor$Worker.run(ThreadPoolExecutor.java:624)
	... 1 more
Caused by: org.apache.ratis.thirdparty.io.netty.channel.AbstractChannel$AnnotatedConnectException: Connection refused: /192.168.151.86:46014
	at sun.nio.ch.SocketChannelImpl.checkConnect(Native Method)
	at sun.nio.ch.SocketChannelImpl.finishConnect(SocketChannelImpl.java:717)
	at org.apache.ratis.thirdparty.io.netty.channel.socket.nio.NioSocketChannel.doFinishConnect(NioSocketChannel.java:327)
	at org.apache.ratis.thirdparty.io.netty.channel.nio.AbstractNioChannel$AbstractNioUnsafe.finishConnect(AbstractNioChannel.java:340)
	at org.apache.ratis.thirdparty.io.netty.channel.nio.NioEventLoop.processSelectedKey(NioEventLoop.java:632)
	at org.apache.ratis.thirdparty.io.netty.channel.nio.NioEventLoop.processSelectedKeysOptimized(NioEventLoop.java:579)
	at org.apache.ratis.thirdparty.io.netty.channel.nio.NioEventLoop.processSelectedKeys(NioEventLoop.java:496)
	at org.apache.ratis.thirdparty.io.netty.channel.nio.NioEventLoop.run(NioEventLoop.java:458)
	at org.apache.ratis.thirdparty.io.netty.util.concurrent.SingleThreadEventExecutor$5.run(SingleThreadEventExecutor.java:897)
	at org.apache.ratis.thirdparty.io.netty.util.concurrent.FastThreadLocalRunnable.run(FastThreadLocalRunnable.java:30)
	... 1 more
Caused by: java.net.ConnectException: Connection refused
	... 11 more
2019-09-24 10:05:01,207 [73f5925b-aae6-4cfe-b968-198325afa02f@group-0703CE367BA1:LeaderElection20] INFO  impl.RaftServerImpl (RaftServerImpl.java:setRole(174)) - 73f5925b-aae6-4cfe-b968-198325afa02f@group-0703CE367BA1: changes role from CANDIDATE to FOLLOWER at term 4 for DISCOVERED_A_NEW_TERM
2019-09-24 10:05:01,207 [73f5925b-aae6-4cfe-b968-198325afa02f@group-0703CE367BA1:LeaderElection20] INFO  impl.RoleInfo (RoleInfo.java:shutdownLeaderElection(134)) - 73f5925b-aae6-4cfe-b968-198325afa02f: shutdown LeaderElection
2019-09-24 10:05:01,207 [73f5925b-aae6-4cfe-b968-198325afa02f@group-0703CE367BA1:LeaderElection20] INFO  impl.RoleInfo (RoleInfo.java:updateAndGet(143)) - 73f5925b-aae6-4cfe-b968-198325afa02f: start FollowerState
2019-09-24 10:05:06,229 [Thread-482] INFO  impl.FollowerState (FollowerState.java:run(106)) - 73f5925b-aae6-4cfe-b968-198325afa02f:group-0703CE367BA1 changes to CANDIDATE, lastRpcTime:5021, electionTimeout:5021ms
2019-09-24 10:05:06,232 [Thread-482] INFO  impl.RoleInfo (RoleInfo.java:shutdownFollowerState(121)) - 73f5925b-aae6-4cfe-b968-198325afa02f: shutdown FollowerState
2019-09-24 10:05:06,232 [Thread-482] INFO  impl.RaftServerImpl (RaftServerImpl.java:setRole(174)) - 73f5925b-aae6-4cfe-b968-198325afa02f@group-0703CE367BA1: changes role from  FOLLOWER to CANDIDATE at term 4 for changeToCandidate
2019-09-24 10:05:06,232 [Thread-482] INFO  impl.RoleInfo (RoleInfo.java:updateAndGet(143)) - 73f5925b-aae6-4cfe-b968-198325afa02f: start LeaderElection
2019-09-24 10:05:06,243 [73f5925b-aae6-4cfe-b968-198325afa02f@group-0703CE367BA1:LeaderElection21] INFO  impl.LeaderElection (LeaderElection.java:askForVotes(182)) - 73f5925b-aae6-4cfe-b968-198325afa02f@group-0703CE367BA1:LeaderElection21: begin an election at term 5 for 0: [173df53c-8dc6-4b11-a763-b64e2e347262:192.168.151.86:46014, 9fbd6b61-d2a0-4662-aa0c-aa486ff00031:192.168.151.86:45499, 73f5925b-aae6-4cfe-b968-198325afa02f:192.168.151.86:43477], old=null
2019-09-24 10:05:06,245 [73f5925b-aae6-4cfe-b968-198325afa02f@group-0703CE367BA1:LeaderElection21] INFO  impl.LeaderElection (LogUtils.java:infoOrTrace(149)) - 73f5925b-aae6-4cfe-b968-198325afa02f@group-0703CE367BA1:LeaderElection21 got exception when requesting votes: {}
java.util.concurrent.ExecutionException: org.apache.ratis.thirdparty.io.grpc.StatusRuntimeException: UNAVAILABLE: io exception
	at java.util.concurrent.FutureTask.report(FutureTask.java:122)
	at java.util.concurrent.FutureTask.get(FutureTask.java:192)
	at org.apache.ratis.server.impl.LeaderElection.waitForResults(LeaderElection.java:263)
	at org.apache.ratis.server.impl.LeaderElection.askForVotes(LeaderElection.java:201)
	at org.apache.ratis.server.impl.LeaderElection.run(LeaderElection.java:133)
	at java.lang.Thread.run(Thread.java:748)
Caused by: org.apache.ratis.thirdparty.io.grpc.StatusRuntimeException: UNAVAILABLE: io exception
	at org.apache.ratis.thirdparty.io.grpc.stub.ClientCalls.toStatusRuntimeException(ClientCalls.java:233)
	at org.apache.ratis.thirdparty.io.grpc.stub.ClientCalls.getUnchecked(ClientCalls.java:214)
	at org.apache.ratis.thirdparty.io.grpc.stub.ClientCalls.blockingUnaryCall(ClientCalls.java:139)
	at org.apache.ratis.proto.grpc.RaftServerProtocolServiceGrpc$RaftServerProtocolServiceBlockingStub.requestVote(RaftServerProtocolServiceGrpc.java:265)
	at org.apache.ratis.grpc.server.GrpcServerProtocolClient.requestVote(GrpcServerProtocolClient.java:90)
	at org.apache.ratis.grpc.server.GrpcService.requestVote(GrpcService.java:204)
	at org.apache.ratis.server.impl.LeaderElection.lambda$submitRequests$1(LeaderElection.java:238)
	at java.util.concurrent.FutureTask.run(FutureTask.java:266)
	at java.util.concurrent.Executors$RunnableAdapter.call(Executors.java:511)
	at java.util.concurrent.FutureTask.run(FutureTask.java:266)
	at java.util.concurrent.ThreadPoolExecutor.runWorker(ThreadPoolExecutor.java:1149)
	at java.util.concurrent.ThreadPoolExecutor$Worker.run(ThreadPoolExecutor.java:624)
	... 1 more
Caused by: org.apache.ratis.thirdparty.io.netty.channel.AbstractChannel$AnnotatedConnectException: Connection refused: /192.168.151.86:45499
	at sun.nio.ch.SocketChannelImpl.checkConnect(Native Method)
	at sun.nio.ch.SocketChannelImpl.finishConnect(SocketChannelImpl.java:717)
	at org.apache.ratis.thirdparty.io.netty.channel.socket.nio.NioSocketChannel.doFinishConnect(NioSocketChannel.java:327)
	at org.apache.ratis.thirdparty.io.netty.channel.nio.AbstractNioChannel$AbstractNioUnsafe.finishConnect(AbstractNioChannel.java:340)
	at org.apache.ratis.thirdparty.io.netty.channel.nio.NioEventLoop.processSelectedKey(NioEventLoop.java:632)
	at org.apache.ratis.thirdparty.io.netty.channel.nio.NioEventLoop.processSelectedKeysOptimized(NioEventLoop.java:579)
	at org.apache.ratis.thirdparty.io.netty.channel.nio.NioEventLoop.processSelectedKeys(NioEventLoop.java:496)
	at org.apache.ratis.thirdparty.io.netty.channel.nio.NioEventLoop.run(NioEventLoop.java:458)
	at org.apache.ratis.thirdparty.io.netty.util.concurrent.SingleThreadEventExecutor$5.run(SingleThreadEventExecutor.java:897)
	at org.apache.ratis.thirdparty.io.netty.util.concurrent.FastThreadLocalRunnable.run(FastThreadLocalRunnable.java:30)
	... 1 more
Caused by: java.net.ConnectException: Connection refused
	... 11 more
2019-09-24 10:05:06,247 [73f5925b-aae6-4cfe-b968-198325afa02f@group-0703CE367BA1:LeaderElection21] INFO  impl.LeaderElection (LogUtils.java:infoOrTrace(149)) - 73f5925b-aae6-4cfe-b968-198325afa02f@group-0703CE367BA1:LeaderElection21 got exception when requesting votes: {}
java.util.concurrent.ExecutionException: org.apache.ratis.thirdparty.io.grpc.StatusRuntimeException: UNAVAILABLE: io exception
	at java.util.concurrent.FutureTask.report(FutureTask.java:122)
	at java.util.concurrent.FutureTask.get(FutureTask.java:192)
	at org.apache.ratis.server.impl.LeaderElection.waitForResults(LeaderElection.java:263)
	at org.apache.ratis.server.impl.LeaderElection.askForVotes(LeaderElection.java:201)
	at org.apache.ratis.server.impl.LeaderElection.run(LeaderElection.java:133)
	at java.lang.Thread.run(Thread.java:748)
Caused by: org.apache.ratis.thirdparty.io.grpc.StatusRuntimeException: UNAVAILABLE: io exception
	at org.apache.ratis.thirdparty.io.grpc.stub.ClientCalls.toStatusRuntimeException(ClientCalls.java:233)
	at org.apache.ratis.thirdparty.io.grpc.stub.ClientCalls.getUnchecked(ClientCalls.java:214)
	at org.apache.ratis.thirdparty.io.grpc.stub.ClientCalls.blockingUnaryCall(ClientCalls.java:139)
	at org.apache.ratis.proto.grpc.RaftServerProtocolServiceGrpc$RaftServerProtocolServiceBlockingStub.requestVote(RaftServerProtocolServiceGrpc.java:265)
	at org.apache.ratis.grpc.server.GrpcServerProtocolClient.requestVote(GrpcServerProtocolClient.java:90)
	at org.apache.ratis.grpc.server.GrpcService.requestVote(GrpcService.java:204)
	at org.apache.ratis.server.impl.LeaderElection.lambda$submitRequests$1(LeaderElection.java:238)
	at java.util.concurrent.FutureTask.run(FutureTask.java:266)
	at java.util.concurrent.Executors$RunnableAdapter.call(Executors.java:511)
	at java.util.concurrent.FutureTask.run(FutureTask.java:266)
	at java.util.concurrent.ThreadPoolExecutor.runWorker(ThreadPoolExecutor.java:1149)
	at java.util.concurrent.ThreadPoolExecutor$Worker.run(ThreadPoolExecutor.java:624)
	... 1 more
Caused by: org.apache.ratis.thirdparty.io.netty.channel.AbstractChannel$AnnotatedConnectException: Connection refused: /192.168.151.86:46014
	at sun.nio.ch.SocketChannelImpl.checkConnect(Native Method)
	at sun.nio.ch.SocketChannelImpl.finishConnect(SocketChannelImpl.java:717)
	at org.apache.ratis.thirdparty.io.netty.channel.socket.nio.NioSocketChannel.doFinishConnect(NioSocketChannel.java:327)
	at org.apache.ratis.thirdparty.io.netty.channel.nio.AbstractNioChannel$AbstractNioUnsafe.finishConnect(AbstractNioChannel.java:340)
	at org.apache.ratis.thirdparty.io.netty.channel.nio.NioEventLoop.processSelectedKey(NioEventLoop.java:632)
	at org.apache.ratis.thirdparty.io.netty.channel.nio.NioEventLoop.processSelectedKeysOptimized(NioEventLoop.java:579)
	at org.apache.ratis.thirdparty.io.netty.channel.nio.NioEventLoop.processSelectedKeys(NioEventLoop.java:496)
	at org.apache.ratis.thirdparty.io.netty.channel.nio.NioEventLoop.run(NioEventLoop.java:458)
	at org.apache.ratis.thirdparty.io.netty.util.concurrent.SingleThreadEventExecutor$5.run(SingleThreadEventExecutor.java:897)
	at org.apache.ratis.thirdparty.io.netty.util.concurrent.FastThreadLocalRunnable.run(FastThreadLocalRunnable.java:30)
	... 1 more
Caused by: java.net.ConnectException: Connection refused
	... 11 more
2019-09-24 10:05:06,249 [73f5925b-aae6-4cfe-b968-198325afa02f@group-0703CE367BA1:LeaderElection21] INFO  impl.LeaderElection (LeaderElection.java:logAndReturn(56)) - 73f5925b-aae6-4cfe-b968-198325afa02f@group-0703CE367BA1:LeaderElection21: Election REJECTED; received 0 response(s) [] and 2 exception(s); 73f5925b-aae6-4cfe-b968-198325afa02f@group-0703CE367BA1:t5, leader=null, voted=73f5925b-aae6-4cfe-b968-198325afa02f, raftlog=73f5925b-aae6-4cfe-b968-198325afa02f@group-0703CE367BA1-SegmentedRaftLog:OPENED:c16,f16,i16, conf=0: [173df53c-8dc6-4b11-a763-b64e2e347262:192.168.151.86:46014, 9fbd6b61-d2a0-4662-aa0c-aa486ff00031:192.168.151.86:45499, 73f5925b-aae6-4cfe-b968-198325afa02f:192.168.151.86:43477], old=null
2019-09-24 10:05:06,250 [73f5925b-aae6-4cfe-b968-198325afa02f@group-0703CE367BA1:LeaderElection21] INFO  impl.LeaderElection (LogUtils.java:infoOrTrace(149)) -   Exception 0: {}
java.util.concurrent.ExecutionException: org.apache.ratis.thirdparty.io.grpc.StatusRuntimeException: UNAVAILABLE: io exception
	at java.util.concurrent.FutureTask.report(FutureTask.java:122)
	at java.util.concurrent.FutureTask.get(FutureTask.java:192)
	at org.apache.ratis.server.impl.LeaderElection.waitForResults(LeaderElection.java:263)
	at org.apache.ratis.server.impl.LeaderElection.askForVotes(LeaderElection.java:201)
	at org.apache.ratis.server.impl.LeaderElection.run(LeaderElection.java:133)
	at java.lang.Thread.run(Thread.java:748)
Caused by: org.apache.ratis.thirdparty.io.grpc.StatusRuntimeException: UNAVAILABLE: io exception
	at org.apache.ratis.thirdparty.io.grpc.stub.ClientCalls.toStatusRuntimeException(ClientCalls.java:233)
	at org.apache.ratis.thirdparty.io.grpc.stub.ClientCalls.getUnchecked(ClientCalls.java:214)
	at org.apache.ratis.thirdparty.io.grpc.stub.ClientCalls.blockingUnaryCall(ClientCalls.java:139)
	at org.apache.ratis.proto.grpc.RaftServerProtocolServiceGrpc$RaftServerProtocolServiceBlockingStub.requestVote(RaftServerProtocolServiceGrpc.java:265)
	at org.apache.ratis.grpc.server.GrpcServerProtocolClient.requestVote(GrpcServerProtocolClient.java:90)
	at org.apache.ratis.grpc.server.GrpcService.requestVote(GrpcService.java:204)
	at org.apache.ratis.server.impl.LeaderElection.lambda$submitRequests$1(LeaderElection.java:238)
	at java.util.concurrent.FutureTask.run(FutureTask.java:266)
	at java.util.concurrent.Executors$RunnableAdapter.call(Executors.java:511)
	at java.util.concurrent.FutureTask.run(FutureTask.java:266)
	at java.util.concurrent.ThreadPoolExecutor.runWorker(ThreadPoolExecutor.java:1149)
	at java.util.concurrent.ThreadPoolExecutor$Worker.run(ThreadPoolExecutor.java:624)
	... 1 more
Caused by: org.apache.ratis.thirdparty.io.netty.channel.AbstractChannel$AnnotatedConnectException: Connection refused: /192.168.151.86:45499
	at sun.nio.ch.SocketChannelImpl.checkConnect(Native Method)
	at sun.nio.ch.SocketChannelImpl.finishConnect(SocketChannelImpl.java:717)
	at org.apache.ratis.thirdparty.io.netty.channel.socket.nio.NioSocketChannel.doFinishConnect(NioSocketChannel.java:327)
	at org.apache.ratis.thirdparty.io.netty.channel.nio.AbstractNioChannel$AbstractNioUnsafe.finishConnect(AbstractNioChannel.java:340)
	at org.apache.ratis.thirdparty.io.netty.channel.nio.NioEventLoop.processSelectedKey(NioEventLoop.java:632)
	at org.apache.ratis.thirdparty.io.netty.channel.nio.NioEventLoop.processSelectedKeysOptimized(NioEventLoop.java:579)
	at org.apache.ratis.thirdparty.io.netty.channel.nio.NioEventLoop.processSelectedKeys(NioEventLoop.java:496)
	at org.apache.ratis.thirdparty.io.netty.channel.nio.NioEventLoop.run(NioEventLoop.java:458)
	at org.apache.ratis.thirdparty.io.netty.util.concurrent.SingleThreadEventExecutor$5.run(SingleThreadEventExecutor.java:897)
	at org.apache.ratis.thirdparty.io.netty.util.concurrent.FastThreadLocalRunnable.run(FastThreadLocalRunnable.java:30)
	... 1 more
Caused by: java.net.ConnectException: Connection refused
	... 11 more
2019-09-24 10:05:06,250 [73f5925b-aae6-4cfe-b968-198325afa02f@group-0703CE367BA1:LeaderElection21] INFO  impl.LeaderElection (LogUtils.java:infoOrTrace(149)) -   Exception 1: {}
java.util.concurrent.ExecutionException: org.apache.ratis.thirdparty.io.grpc.StatusRuntimeException: UNAVAILABLE: io exception
	at java.util.concurrent.FutureTask.report(FutureTask.java:122)
	at java.util.concurrent.FutureTask.get(FutureTask.java:192)
	at org.apache.ratis.server.impl.LeaderElection.waitForResults(LeaderElection.java:263)
	at org.apache.ratis.server.impl.LeaderElection.askForVotes(LeaderElection.java:201)
	at org.apache.ratis.server.impl.LeaderElection.run(LeaderElection.java:133)
	at java.lang.Thread.run(Thread.java:748)
Caused by: org.apache.ratis.thirdparty.io.grpc.StatusRuntimeException: UNAVAILABLE: io exception
	at org.apache.ratis.thirdparty.io.grpc.stub.ClientCalls.toStatusRuntimeException(ClientCalls.java:233)
	at org.apache.ratis.thirdparty.io.grpc.stub.ClientCalls.getUnchecked(ClientCalls.java:214)
	at org.apache.ratis.thirdparty.io.grpc.stub.ClientCalls.blockingUnaryCall(ClientCalls.java:139)
	at org.apache.ratis.proto.grpc.RaftServerProtocolServiceGrpc$RaftServerProtocolServiceBlockingStub.requestVote(RaftServerProtocolServiceGrpc.java:265)
	at org.apache.ratis.grpc.server.GrpcServerProtocolClient.requestVote(GrpcServerProtocolClient.java:90)
	at org.apache.ratis.grpc.server.GrpcService.requestVote(GrpcService.java:204)
	at org.apache.ratis.server.impl.LeaderElection.lambda$submitRequests$1(LeaderElection.java:238)
	at java.util.concurrent.FutureTask.run(FutureTask.java:266)
	at java.util.concurrent.Executors$RunnableAdapter.call(Executors.java:511)
	at java.util.concurrent.FutureTask.run(FutureTask.java:266)
	at java.util.concurrent.ThreadPoolExecutor.runWorker(ThreadPoolExecutor.java:1149)
	at java.util.concurrent.ThreadPoolExecutor$Worker.run(ThreadPoolExecutor.java:624)
	... 1 more
Caused by: org.apache.ratis.thirdparty.io.netty.channel.AbstractChannel$AnnotatedConnectException: Connection refused: /192.168.151.86:46014
	at sun.nio.ch.SocketChannelImpl.checkConnect(Native Method)
	at sun.nio.ch.SocketChannelImpl.finishConnect(SocketChannelImpl.java:717)
	at org.apache.ratis.thirdparty.io.netty.channel.socket.nio.NioSocketChannel.doFinishConnect(NioSocketChannel.java:327)
	at org.apache.ratis.thirdparty.io.netty.channel.nio.AbstractNioChannel$AbstractNioUnsafe.finishConnect(AbstractNioChannel.java:340)
	at org.apache.ratis.thirdparty.io.netty.channel.nio.NioEventLoop.processSelectedKey(NioEventLoop.java:632)
	at org.apache.ratis.thirdparty.io.netty.channel.nio.NioEventLoop.processSelectedKeysOptimized(NioEventLoop.java:579)
	at org.apache.ratis.thirdparty.io.netty.channel.nio.NioEventLoop.processSelectedKeys(NioEventLoop.java:496)
	at org.apache.ratis.thirdparty.io.netty.channel.nio.NioEventLoop.run(NioEventLoop.java:458)
	at org.apache.ratis.thirdparty.io.netty.util.concurrent.SingleThreadEventExecutor$5.run(SingleThreadEventExecutor.java:897)
	at org.apache.ratis.thirdparty.io.netty.util.concurrent.FastThreadLocalRunnable.run(FastThreadLocalRunnable.java:30)
	... 1 more
Caused by: java.net.ConnectException: Connection refused
	... 11 more
2019-09-24 10:05:06,251 [73f5925b-aae6-4cfe-b968-198325afa02f@group-0703CE367BA1:LeaderElection21] INFO  impl.RaftServerImpl (RaftServerImpl.java:setRole(174)) - 73f5925b-aae6-4cfe-b968-198325afa02f@group-0703CE367BA1: changes role from CANDIDATE to FOLLOWER at term 5 for DISCOVERED_A_NEW_TERM
2019-09-24 10:05:06,251 [73f5925b-aae6-4cfe-b968-198325afa02f@group-0703CE367BA1:LeaderElection21] INFO  impl.RoleInfo (RoleInfo.java:shutdownLeaderElection(134)) - 73f5925b-aae6-4cfe-b968-198325afa02f: shutdown LeaderElection
2019-09-24 10:05:06,251 [73f5925b-aae6-4cfe-b968-198325afa02f@group-0703CE367BA1:LeaderElection21] INFO  impl.RoleInfo (RoleInfo.java:updateAndGet(143)) - 73f5925b-aae6-4cfe-b968-198325afa02f: start FollowerState
2019-09-24 10:05:11,306 [Thread-496] INFO  impl.FollowerState (FollowerState.java:run(106)) - 73f5925b-aae6-4cfe-b968-198325afa02f:group-0703CE367BA1 changes to CANDIDATE, lastRpcTime:5054, electionTimeout:5054ms
2019-09-24 10:05:11,309 [Thread-496] INFO  impl.RoleInfo (RoleInfo.java:shutdownFollowerState(121)) - 73f5925b-aae6-4cfe-b968-198325afa02f: shutdown FollowerState
2019-09-24 10:05:11,309 [Thread-496] INFO  impl.RaftServerImpl (RaftServerImpl.java:setRole(174)) - 73f5925b-aae6-4cfe-b968-198325afa02f@group-0703CE367BA1: changes role from  FOLLOWER to CANDIDATE at term 5 for changeToCandidate
2019-09-24 10:05:11,309 [Thread-496] INFO  impl.RoleInfo (RoleInfo.java:updateAndGet(143)) - 73f5925b-aae6-4cfe-b968-198325afa02f: start LeaderElection
2019-09-24 10:05:11,380 [73f5925b-aae6-4cfe-b968-198325afa02f@group-0703CE367BA1:LeaderElection22] INFO  impl.LeaderElection (LeaderElection.java:askForVotes(182)) - 73f5925b-aae6-4cfe-b968-198325afa02f@group-0703CE367BA1:LeaderElection22: begin an election at term 6 for 0: [173df53c-8dc6-4b11-a763-b64e2e347262:192.168.151.86:46014, 9fbd6b61-d2a0-4662-aa0c-aa486ff00031:192.168.151.86:45499, 73f5925b-aae6-4cfe-b968-198325afa02f:192.168.151.86:43477], old=null
2019-09-24 10:05:11,381 [73f5925b-aae6-4cfe-b968-198325afa02f@group-0703CE367BA1:LeaderElection22] INFO  impl.LeaderElection (LogUtils.java:infoOrTrace(149)) - 73f5925b-aae6-4cfe-b968-198325afa02f@group-0703CE367BA1:LeaderElection22 got exception when requesting votes: {}
java.util.concurrent.ExecutionException: org.apache.ratis.thirdparty.io.grpc.StatusRuntimeException: UNAVAILABLE: io exception
	at java.util.concurrent.FutureTask.report(FutureTask.java:122)
	at java.util.concurrent.FutureTask.get(FutureTask.java:192)
	at org.apache.ratis.server.impl.LeaderElection.waitForResults(LeaderElection.java:263)
	at org.apache.ratis.server.impl.LeaderElection.askForVotes(LeaderElection.java:201)
	at org.apache.ratis.server.impl.LeaderElection.run(LeaderElection.java:133)
	at java.lang.Thread.run(Thread.java:748)
Caused by: org.apache.ratis.thirdparty.io.grpc.StatusRuntimeException: UNAVAILABLE: io exception
	at org.apache.ratis.thirdparty.io.grpc.stub.ClientCalls.toStatusRuntimeException(ClientCalls.java:233)
	at org.apache.ratis.thirdparty.io.grpc.stub.ClientCalls.getUnchecked(ClientCalls.java:214)
	at org.apache.ratis.thirdparty.io.grpc.stub.ClientCalls.blockingUnaryCall(ClientCalls.java:139)
	at org.apache.ratis.proto.grpc.RaftServerProtocolServiceGrpc$RaftServerProtocolServiceBlockingStub.requestVote(RaftServerProtocolServiceGrpc.java:265)
	at org.apache.ratis.grpc.server.GrpcServerProtocolClient.requestVote(GrpcServerProtocolClient.java:90)
	at org.apache.ratis.grpc.server.GrpcService.requestVote(GrpcService.java:204)
	at org.apache.ratis.server.impl.LeaderElection.lambda$submitRequests$1(LeaderElection.java:238)
	at java.util.concurrent.FutureTask.run(FutureTask.java:266)
	at java.util.concurrent.Executors$RunnableAdapter.call(Executors.java:511)
	at java.util.concurrent.FutureTask.run(FutureTask.java:266)
	at java.util.concurrent.ThreadPoolExecutor.runWorker(ThreadPoolExecutor.java:1149)
	at java.util.concurrent.ThreadPoolExecutor$Worker.run(ThreadPoolExecutor.java:624)
	... 1 more
Caused by: org.apache.ratis.thirdparty.io.netty.channel.AbstractChannel$AnnotatedConnectException: Connection refused: /192.168.151.86:46014
	at sun.nio.ch.SocketChannelImpl.checkConnect(Native Method)
	at sun.nio.ch.SocketChannelImpl.finishConnect(SocketChannelImpl.java:717)
	at org.apache.ratis.thirdparty.io.netty.channel.socket.nio.NioSocketChannel.doFinishConnect(NioSocketChannel.java:327)
	at org.apache.ratis.thirdparty.io.netty.channel.nio.AbstractNioChannel$AbstractNioUnsafe.finishConnect(AbstractNioChannel.java:340)
	at org.apache.ratis.thirdparty.io.netty.channel.nio.NioEventLoop.processSelectedKey(NioEventLoop.java:632)
	at org.apache.ratis.thirdparty.io.netty.channel.nio.NioEventLoop.processSelectedKeysOptimized(NioEventLoop.java:579)
	at org.apache.ratis.thirdparty.io.netty.channel.nio.NioEventLoop.processSelectedKeys(NioEventLoop.java:496)
	at org.apache.ratis.thirdparty.io.netty.channel.nio.NioEventLoop.run(NioEventLoop.java:458)
	at org.apache.ratis.thirdparty.io.netty.util.concurrent.SingleThreadEventExecutor$5.run(SingleThreadEventExecutor.java:897)
	at org.apache.ratis.thirdparty.io.netty.util.concurrent.FastThreadLocalRunnable.run(FastThreadLocalRunnable.java:30)
	... 1 more
Caused by: java.net.ConnectException: Connection refused
	... 11 more
2019-09-24 10:05:11,383 [73f5925b-aae6-4cfe-b968-198325afa02f@group-0703CE367BA1:LeaderElection22] INFO  impl.LeaderElection (LogUtils.java:infoOrTrace(149)) - 73f5925b-aae6-4cfe-b968-198325afa02f@group-0703CE367BA1:LeaderElection22 got exception when requesting votes: {}
java.util.concurrent.ExecutionException: org.apache.ratis.thirdparty.io.grpc.StatusRuntimeException: UNAVAILABLE: io exception
	at java.util.concurrent.FutureTask.report(FutureTask.java:122)
	at java.util.concurrent.FutureTask.get(FutureTask.java:192)
	at org.apache.ratis.server.impl.LeaderElection.waitForResults(LeaderElection.java:263)
	at org.apache.ratis.server.impl.LeaderElection.askForVotes(LeaderElection.java:201)
	at org.apache.ratis.server.impl.LeaderElection.run(LeaderElection.java:133)
	at java.lang.Thread.run(Thread.java:748)
Caused by: org.apache.ratis.thirdparty.io.grpc.StatusRuntimeException: UNAVAILABLE: io exception
	at org.apache.ratis.thirdparty.io.grpc.stub.ClientCalls.toStatusRuntimeException(ClientCalls.java:233)
	at org.apache.ratis.thirdparty.io.grpc.stub.ClientCalls.getUnchecked(ClientCalls.java:214)
	at org.apache.ratis.thirdparty.io.grpc.stub.ClientCalls.blockingUnaryCall(ClientCalls.java:139)
	at org.apache.ratis.proto.grpc.RaftServerProtocolServiceGrpc$RaftServerProtocolServiceBlockingStub.requestVote(RaftServerProtocolServiceGrpc.java:265)
	at org.apache.ratis.grpc.server.GrpcServerProtocolClient.requestVote(GrpcServerProtocolClient.java:90)
	at org.apache.ratis.grpc.server.GrpcService.requestVote(GrpcService.java:204)
	at org.apache.ratis.server.impl.LeaderElection.lambda$submitRequests$1(LeaderElection.java:238)
	at java.util.concurrent.FutureTask.run(FutureTask.java:266)
	at java.util.concurrent.Executors$RunnableAdapter.call(Executors.java:511)
	at java.util.concurrent.FutureTask.run(FutureTask.java:266)
	at java.util.concurrent.ThreadPoolExecutor.runWorker(ThreadPoolExecutor.java:1149)
	at java.util.concurrent.ThreadPoolExecutor$Worker.run(ThreadPoolExecutor.java:624)
	... 1 more
Caused by: org.apache.ratis.thirdparty.io.netty.channel.AbstractChannel$AnnotatedConnectException: Connection refused: /192.168.151.86:45499
	at sun.nio.ch.SocketChannelImpl.checkConnect(Native Method)
	at sun.nio.ch.SocketChannelImpl.finishConnect(SocketChannelImpl.java:717)
	at org.apache.ratis.thirdparty.io.netty.channel.socket.nio.NioSocketChannel.doFinishConnect(NioSocketChannel.java:327)
	at org.apache.ratis.thirdparty.io.netty.channel.nio.AbstractNioChannel$AbstractNioUnsafe.finishConnect(AbstractNioChannel.java:340)
	at org.apache.ratis.thirdparty.io.netty.channel.nio.NioEventLoop.processSelectedKey(NioEventLoop.java:632)
	at org.apache.ratis.thirdparty.io.netty.channel.nio.NioEventLoop.processSelectedKeysOptimized(NioEventLoop.java:579)
	at org.apache.ratis.thirdparty.io.netty.channel.nio.NioEventLoop.processSelectedKeys(NioEventLoop.java:496)
	at org.apache.ratis.thirdparty.io.netty.channel.nio.NioEventLoop.run(NioEventLoop.java:458)
	at org.apache.ratis.thirdparty.io.netty.util.concurrent.SingleThreadEventExecutor$5.run(SingleThreadEventExecutor.java:897)
	at org.apache.ratis.thirdparty.io.netty.util.concurrent.FastThreadLocalRunnable.run(FastThreadLocalRunnable.java:30)
	... 1 more
Caused by: java.net.ConnectException: Connection refused
	... 11 more
2019-09-24 10:05:11,386 [73f5925b-aae6-4cfe-b968-198325afa02f@group-0703CE367BA1:LeaderElection22] INFO  impl.LeaderElection (LeaderElection.java:logAndReturn(56)) - 73f5925b-aae6-4cfe-b968-198325afa02f@group-0703CE367BA1:LeaderElection22: Election REJECTED; received 0 response(s) [] and 2 exception(s); 73f5925b-aae6-4cfe-b968-198325afa02f@group-0703CE367BA1:t6, leader=null, voted=73f5925b-aae6-4cfe-b968-198325afa02f, raftlog=73f5925b-aae6-4cfe-b968-198325afa02f@group-0703CE367BA1-SegmentedRaftLog:OPENED:c16,f16,i16, conf=0: [173df53c-8dc6-4b11-a763-b64e2e347262:192.168.151.86:46014, 9fbd6b61-d2a0-4662-aa0c-aa486ff00031:192.168.151.86:45499, 73f5925b-aae6-4cfe-b968-198325afa02f:192.168.151.86:43477], old=null
2019-09-24 10:05:11,386 [73f5925b-aae6-4cfe-b968-198325afa02f@group-0703CE367BA1:LeaderElection22] INFO  impl.LeaderElection (LogUtils.java:infoOrTrace(149)) -   Exception 0: {}
java.util.concurrent.ExecutionException: org.apache.ratis.thirdparty.io.grpc.StatusRuntimeException: UNAVAILABLE: io exception
	at java.util.concurrent.FutureTask.report(FutureTask.java:122)
	at java.util.concurrent.FutureTask.get(FutureTask.java:192)
	at org.apache.ratis.server.impl.LeaderElection.waitForResults(LeaderElection.java:263)
	at org.apache.ratis.server.impl.LeaderElection.askForVotes(LeaderElection.java:201)
	at org.apache.ratis.server.impl.LeaderElection.run(LeaderElection.java:133)
	at java.lang.Thread.run(Thread.java:748)
Caused by: org.apache.ratis.thirdparty.io.grpc.StatusRuntimeException: UNAVAILABLE: io exception
	at org.apache.ratis.thirdparty.io.grpc.stub.ClientCalls.toStatusRuntimeException(ClientCalls.java:233)
	at org.apache.ratis.thirdparty.io.grpc.stub.ClientCalls.getUnchecked(ClientCalls.java:214)
	at org.apache.ratis.thirdparty.io.grpc.stub.ClientCalls.blockingUnaryCall(ClientCalls.java:139)
	at org.apache.ratis.proto.grpc.RaftServerProtocolServiceGrpc$RaftServerProtocolServiceBlockingStub.requestVote(RaftServerProtocolServiceGrpc.java:265)
	at org.apache.ratis.grpc.server.GrpcServerProtocolClient.requestVote(GrpcServerProtocolClient.java:90)
	at org.apache.ratis.grpc.server.GrpcService.requestVote(GrpcService.java:204)
	at org.apache.ratis.server.impl.LeaderElection.lambda$submitRequests$1(LeaderElection.java:238)
	at java.util.concurrent.FutureTask.run(FutureTask.java:266)
	at java.util.concurrent.Executors$RunnableAdapter.call(Executors.java:511)
	at java.util.concurrent.FutureTask.run(FutureTask.java:266)
	at java.util.concurrent.ThreadPoolExecutor.runWorker(ThreadPoolExecutor.java:1149)
	at java.util.concurrent.ThreadPoolExecutor$Worker.run(ThreadPoolExecutor.java:624)
	... 1 more
Caused by: org.apache.ratis.thirdparty.io.netty.channel.AbstractChannel$AnnotatedConnectException: Connection refused: /192.168.151.86:46014
	at sun.nio.ch.SocketChannelImpl.checkConnect(Native Method)
	at sun.nio.ch.SocketChannelImpl.finishConnect(SocketChannelImpl.java:717)
	at org.apache.ratis.thirdparty.io.netty.channel.socket.nio.NioSocketChannel.doFinishConnect(NioSocketChannel.java:327)
	at org.apache.ratis.thirdparty.io.netty.channel.nio.AbstractNioChannel$AbstractNioUnsafe.finishConnect(AbstractNioChannel.java:340)
	at org.apache.ratis.thirdparty.io.netty.channel.nio.NioEventLoop.processSelectedKey(NioEventLoop.java:632)
	at org.apache.ratis.thirdparty.io.netty.channel.nio.NioEventLoop.processSelectedKeysOptimized(NioEventLoop.java:579)
	at org.apache.ratis.thirdparty.io.netty.channel.nio.NioEventLoop.processSelectedKeys(NioEventLoop.java:496)
	at org.apache.ratis.thirdparty.io.netty.channel.nio.NioEventLoop.run(NioEventLoop.java:458)
	at org.apache.ratis.thirdparty.io.netty.util.concurrent.SingleThreadEventExecutor$5.run(SingleThreadEventExecutor.java:897)
	at org.apache.ratis.thirdparty.io.netty.util.concurrent.FastThreadLocalRunnable.run(FastThreadLocalRunnable.java:30)
	... 1 more
Caused by: java.net.ConnectException: Connection refused
	... 11 more
2019-09-24 10:05:11,386 [73f5925b-aae6-4cfe-b968-198325afa02f@group-0703CE367BA1:LeaderElection22] INFO  impl.LeaderElection (LogUtils.java:infoOrTrace(149)) -   Exception 1: {}
java.util.concurrent.ExecutionException: org.apache.ratis.thirdparty.io.grpc.StatusRuntimeException: UNAVAILABLE: io exception
	at java.util.concurrent.FutureTask.report(FutureTask.java:122)
	at java.util.concurrent.FutureTask.get(FutureTask.java:192)
	at org.apache.ratis.server.impl.LeaderElection.waitForResults(LeaderElection.java:263)
	at org.apache.ratis.server.impl.LeaderElection.askForVotes(LeaderElection.java:201)
	at org.apache.ratis.server.impl.LeaderElection.run(LeaderElection.java:133)
	at java.lang.Thread.run(Thread.java:748)
Caused by: org.apache.ratis.thirdparty.io.grpc.StatusRuntimeException: UNAVAILABLE: io exception
	at org.apache.ratis.thirdparty.io.grpc.stub.ClientCalls.toStatusRuntimeException(ClientCalls.java:233)
	at org.apache.ratis.thirdparty.io.grpc.stub.ClientCalls.getUnchecked(ClientCalls.java:214)
	at org.apache.ratis.thirdparty.io.grpc.stub.ClientCalls.blockingUnaryCall(ClientCalls.java:139)
	at org.apache.ratis.proto.grpc.RaftServerProtocolServiceGrpc$RaftServerProtocolServiceBlockingStub.requestVote(RaftServerProtocolServiceGrpc.java:265)
	at org.apache.ratis.grpc.server.GrpcServerProtocolClient.requestVote(GrpcServerProtocolClient.java:90)
	at org.apache.ratis.grpc.server.GrpcService.requestVote(GrpcService.java:204)
	at org.apache.ratis.server.impl.LeaderElection.lambda$submitRequests$1(LeaderElection.java:238)
	at java.util.concurrent.FutureTask.run(FutureTask.java:266)
	at java.util.concurrent.Executors$RunnableAdapter.call(Executors.java:511)
	at java.util.concurrent.FutureTask.run(FutureTask.java:266)
	at java.util.concurrent.ThreadPoolExecutor.runWorker(ThreadPoolExecutor.java:1149)
	at java.util.concurrent.ThreadPoolExecutor$Worker.run(ThreadPoolExecutor.java:624)
	... 1 more
Caused by: org.apache.ratis.thirdparty.io.netty.channel.AbstractChannel$AnnotatedConnectException: Connection refused: /192.168.151.86:45499
	at sun.nio.ch.SocketChannelImpl.checkConnect(Native Method)
	at sun.nio.ch.SocketChannelImpl.finishConnect(SocketChannelImpl.java:717)
	at org.apache.ratis.thirdparty.io.netty.channel.socket.nio.NioSocketChannel.doFinishConnect(NioSocketChannel.java:327)
	at org.apache.ratis.thirdparty.io.netty.channel.nio.AbstractNioChannel$AbstractNioUnsafe.finishConnect(AbstractNioChannel.java:340)
	at org.apache.ratis.thirdparty.io.netty.channel.nio.NioEventLoop.processSelectedKey(NioEventLoop.java:632)
	at org.apache.ratis.thirdparty.io.netty.channel.nio.NioEventLoop.processSelectedKeysOptimized(NioEventLoop.java:579)
	at org.apache.ratis.thirdparty.io.netty.channel.nio.NioEventLoop.processSelectedKeys(NioEventLoop.java:496)
	at org.apache.ratis.thirdparty.io.netty.channel.nio.NioEventLoop.run(NioEventLoop.java:458)
	at org.apache.ratis.thirdparty.io.netty.util.concurrent.SingleThreadEventExecutor$5.run(SingleThreadEventExecutor.java:897)
	at org.apache.ratis.thirdparty.io.netty.util.concurrent.FastThreadLocalRunnable.run(FastThreadLocalRunnable.java:30)
	... 1 more
Caused by: java.net.ConnectException: Connection refused
	... 11 more
2019-09-24 10:05:11,386 [73f5925b-aae6-4cfe-b968-198325afa02f@group-0703CE367BA1:LeaderElection22] INFO  impl.RaftServerImpl (RaftServerImpl.java:setRole(174)) - 73f5925b-aae6-4cfe-b968-198325afa02f@group-0703CE367BA1: changes role from CANDIDATE to FOLLOWER at term 6 for DISCOVERED_A_NEW_TERM
2019-09-24 10:05:11,387 [73f5925b-aae6-4cfe-b968-198325afa02f@group-0703CE367BA1:LeaderElection22] INFO  impl.RoleInfo (RoleInfo.java:shutdownLeaderElection(134)) - 73f5925b-aae6-4cfe-b968-198325afa02f: shutdown LeaderElection
2019-09-24 10:05:11,387 [73f5925b-aae6-4cfe-b968-198325afa02f@group-0703CE367BA1:LeaderElection22] INFO  impl.RoleInfo (RoleInfo.java:updateAndGet(143)) - 73f5925b-aae6-4cfe-b968-198325afa02f: start FollowerState
2019-09-24 10:05:16,522 [Thread-510] INFO  impl.FollowerState (FollowerState.java:run(106)) - 73f5925b-aae6-4cfe-b968-198325afa02f:group-0703CE367BA1 changes to CANDIDATE, lastRpcTime:5135, electionTimeout:5135ms
2019-09-24 10:05:16,525 [Thread-510] INFO  impl.RoleInfo (RoleInfo.java:shutdownFollowerState(121)) - 73f5925b-aae6-4cfe-b968-198325afa02f: shutdown FollowerState
2019-09-24 10:05:16,525 [Thread-510] INFO  impl.RaftServerImpl (RaftServerImpl.java:setRole(174)) - 73f5925b-aae6-4cfe-b968-198325afa02f@group-0703CE367BA1: changes role from  FOLLOWER to CANDIDATE at term 6 for changeToCandidate
2019-09-24 10:05:16,525 [Thread-510] INFO  impl.RoleInfo (RoleInfo.java:updateAndGet(143)) - 73f5925b-aae6-4cfe-b968-198325afa02f: start LeaderElection
2019-09-24 10:05:16,537 [73f5925b-aae6-4cfe-b968-198325afa02f@group-0703CE367BA1:LeaderElection23] INFO  impl.LeaderElection (LeaderElection.java:askForVotes(182)) - 73f5925b-aae6-4cfe-b968-198325afa02f@group-0703CE367BA1:LeaderElection23: begin an election at term 7 for 0: [173df53c-8dc6-4b11-a763-b64e2e347262:192.168.151.86:46014, 9fbd6b61-d2a0-4662-aa0c-aa486ff00031:192.168.151.86:45499, 73f5925b-aae6-4cfe-b968-198325afa02f:192.168.151.86:43477], old=null
2019-09-24 10:05:16,539 [73f5925b-aae6-4cfe-b968-198325afa02f@group-0703CE367BA1:LeaderElection23] INFO  impl.LeaderElection (LogUtils.java:infoOrTrace(149)) - 73f5925b-aae6-4cfe-b968-198325afa02f@group-0703CE367BA1:LeaderElection23 got exception when requesting votes: {}
java.util.concurrent.ExecutionException: org.apache.ratis.thirdparty.io.grpc.StatusRuntimeException: UNAVAILABLE: io exception
	at java.util.concurrent.FutureTask.report(FutureTask.java:122)
	at java.util.concurrent.FutureTask.get(FutureTask.java:192)
	at org.apache.ratis.server.impl.LeaderElection.waitForResults(LeaderElection.java:263)
	at org.apache.ratis.server.impl.LeaderElection.askForVotes(LeaderElection.java:201)
	at org.apache.ratis.server.impl.LeaderElection.run(LeaderElection.java:133)
	at java.lang.Thread.run(Thread.java:748)
Caused by: org.apache.ratis.thirdparty.io.grpc.StatusRuntimeException: UNAVAILABLE: io exception
	at org.apache.ratis.thirdparty.io.grpc.stub.ClientCalls.toStatusRuntimeException(ClientCalls.java:233)
	at org.apache.ratis.thirdparty.io.grpc.stub.ClientCalls.getUnchecked(ClientCalls.java:214)
	at org.apache.ratis.thirdparty.io.grpc.stub.ClientCalls.blockingUnaryCall(ClientCalls.java:139)
	at org.apache.ratis.proto.grpc.RaftServerProtocolServiceGrpc$RaftServerProtocolServiceBlockingStub.requestVote(RaftServerProtocolServiceGrpc.java:265)
	at org.apache.ratis.grpc.server.GrpcServerProtocolClient.requestVote(GrpcServerProtocolClient.java:90)
	at org.apache.ratis.grpc.server.GrpcService.requestVote(GrpcService.java:204)
	at org.apache.ratis.server.impl.LeaderElection.lambda$submitRequests$1(LeaderElection.java:238)
	at java.util.concurrent.FutureTask.run(FutureTask.java:266)
	at java.util.concurrent.Executors$RunnableAdapter.call(Executors.java:511)
	at java.util.concurrent.FutureTask.run(FutureTask.java:266)
	at java.util.concurrent.ThreadPoolExecutor.runWorker(ThreadPoolExecutor.java:1149)
	at java.util.concurrent.ThreadPoolExecutor$Worker.run(ThreadPoolExecutor.java:624)
	... 1 more
Caused by: org.apache.ratis.thirdparty.io.netty.channel.AbstractChannel$AnnotatedConnectException: Connection refused: /192.168.151.86:46014
	at sun.nio.ch.SocketChannelImpl.checkConnect(Native Method)
	at sun.nio.ch.SocketChannelImpl.finishConnect(SocketChannelImpl.java:717)
	at org.apache.ratis.thirdparty.io.netty.channel.socket.nio.NioSocketChannel.doFinishConnect(NioSocketChannel.java:327)
	at org.apache.ratis.thirdparty.io.netty.channel.nio.AbstractNioChannel$AbstractNioUnsafe.finishConnect(AbstractNioChannel.java:340)
	at org.apache.ratis.thirdparty.io.netty.channel.nio.NioEventLoop.processSelectedKey(NioEventLoop.java:632)
	at org.apache.ratis.thirdparty.io.netty.channel.nio.NioEventLoop.processSelectedKeysOptimized(NioEventLoop.java:579)
	at org.apache.ratis.thirdparty.io.netty.channel.nio.NioEventLoop.processSelectedKeys(NioEventLoop.java:496)
	at org.apache.ratis.thirdparty.io.netty.channel.nio.NioEventLoop.run(NioEventLoop.java:458)
	at org.apache.ratis.thirdparty.io.netty.util.concurrent.SingleThreadEventExecutor$5.run(SingleThreadEventExecutor.java:897)
	at org.apache.ratis.thirdparty.io.netty.util.concurrent.FastThreadLocalRunnable.run(FastThreadLocalRunnable.java:30)
	... 1 more
Caused by: java.net.ConnectException: Connection refused
	... 11 more
2019-09-24 10:05:16,541 [73f5925b-aae6-4cfe-b968-198325afa02f@group-0703CE367BA1:LeaderElection23] INFO  impl.LeaderElection (LogUtils.java:infoOrTrace(149)) - 73f5925b-aae6-4cfe-b968-198325afa02f@group-0703CE367BA1:LeaderElection23 got exception when requesting votes: {}
java.util.concurrent.ExecutionException: org.apache.ratis.thirdparty.io.grpc.StatusRuntimeException: UNAVAILABLE: io exception
	at java.util.concurrent.FutureTask.report(FutureTask.java:122)
	at java.util.concurrent.FutureTask.get(FutureTask.java:192)
	at org.apache.ratis.server.impl.LeaderElection.waitForResults(LeaderElection.java:263)
	at org.apache.ratis.server.impl.LeaderElection.askForVotes(LeaderElection.java:201)
	at org.apache.ratis.server.impl.LeaderElection.run(LeaderElection.java:133)
	at java.lang.Thread.run(Thread.java:748)
Caused by: org.apache.ratis.thirdparty.io.grpc.StatusRuntimeException: UNAVAILABLE: io exception
	at org.apache.ratis.thirdparty.io.grpc.stub.ClientCalls.toStatusRuntimeException(ClientCalls.java:233)
	at org.apache.ratis.thirdparty.io.grpc.stub.ClientCalls.getUnchecked(ClientCalls.java:214)
	at org.apache.ratis.thirdparty.io.grpc.stub.ClientCalls.blockingUnaryCall(ClientCalls.java:139)
	at org.apache.ratis.proto.grpc.RaftServerProtocolServiceGrpc$RaftServerProtocolServiceBlockingStub.requestVote(RaftServerProtocolServiceGrpc.java:265)
	at org.apache.ratis.grpc.server.GrpcServerProtocolClient.requestVote(GrpcServerProtocolClient.java:90)
	at org.apache.ratis.grpc.server.GrpcService.requestVote(GrpcService.java:204)
	at org.apache.ratis.server.impl.LeaderElection.lambda$submitRequests$1(LeaderElection.java:238)
	at java.util.concurrent.FutureTask.run(FutureTask.java:266)
	at java.util.concurrent.Executors$RunnableAdapter.call(Executors.java:511)
	at java.util.concurrent.FutureTask.run(FutureTask.java:266)
	at java.util.concurrent.ThreadPoolExecutor.runWorker(ThreadPoolExecutor.java:1149)
	at java.util.concurrent.ThreadPoolExecutor$Worker.run(ThreadPoolExecutor.java:624)
	... 1 more
Caused by: org.apache.ratis.thirdparty.io.netty.channel.AbstractChannel$AnnotatedConnectException: Connection refused: /192.168.151.86:45499
	at sun.nio.ch.SocketChannelImpl.checkConnect(Native Method)
	at sun.nio.ch.SocketChannelImpl.finishConnect(SocketChannelImpl.java:717)
	at org.apache.ratis.thirdparty.io.netty.channel.socket.nio.NioSocketChannel.doFinishConnect(NioSocketChannel.java:327)
	at org.apache.ratis.thirdparty.io.netty.channel.nio.AbstractNioChannel$AbstractNioUnsafe.finishConnect(AbstractNioChannel.java:340)
	at org.apache.ratis.thirdparty.io.netty.channel.nio.NioEventLoop.processSelectedKey(NioEventLoop.java:632)
	at org.apache.ratis.thirdparty.io.netty.channel.nio.NioEventLoop.processSelectedKeysOptimized(NioEventLoop.java:579)
	at org.apache.ratis.thirdparty.io.netty.channel.nio.NioEventLoop.processSelectedKeys(NioEventLoop.java:496)
	at org.apache.ratis.thirdparty.io.netty.channel.nio.NioEventLoop.run(NioEventLoop.java:458)
	at org.apache.ratis.thirdparty.io.netty.util.concurrent.SingleThreadEventExecutor$5.run(SingleThreadEventExecutor.java:897)
	at org.apache.ratis.thirdparty.io.netty.util.concurrent.FastThreadLocalRunnable.run(FastThreadLocalRunnable.java:30)
	... 1 more
Caused by: java.net.ConnectException: Connection refused
	... 11 more
2019-09-24 10:05:16,544 [73f5925b-aae6-4cfe-b968-198325afa02f@group-0703CE367BA1:LeaderElection23] INFO  impl.LeaderElection (LeaderElection.java:logAndReturn(56)) - 73f5925b-aae6-4cfe-b968-198325afa02f@group-0703CE367BA1:LeaderElection23: Election REJECTED; received 0 response(s) [] and 2 exception(s); 73f5925b-aae6-4cfe-b968-198325afa02f@group-0703CE367BA1:t7, leader=null, voted=73f5925b-aae6-4cfe-b968-198325afa02f, raftlog=73f5925b-aae6-4cfe-b968-198325afa02f@group-0703CE367BA1-SegmentedRaftLog:OPENED:c16,f16,i16, conf=0: [173df53c-8dc6-4b11-a763-b64e2e347262:192.168.151.86:46014, 9fbd6b61-d2a0-4662-aa0c-aa486ff00031:192.168.151.86:45499, 73f5925b-aae6-4cfe-b968-198325afa02f:192.168.151.86:43477], old=null
2019-09-24 10:05:16,544 [73f5925b-aae6-4cfe-b968-198325afa02f@group-0703CE367BA1:LeaderElection23] INFO  impl.LeaderElection (LogUtils.java:infoOrTrace(149)) -   Exception 0: {}
java.util.concurrent.ExecutionException: org.apache.ratis.thirdparty.io.grpc.StatusRuntimeException: UNAVAILABLE: io exception
	at java.util.concurrent.FutureTask.report(FutureTask.java:122)
	at java.util.concurrent.FutureTask.get(FutureTask.java:192)
	at org.apache.ratis.server.impl.LeaderElection.waitForResults(LeaderElection.java:263)
	at org.apache.ratis.server.impl.LeaderElection.askForVotes(LeaderElection.java:201)
	at org.apache.ratis.server.impl.LeaderElection.run(LeaderElection.java:133)
	at java.lang.Thread.run(Thread.java:748)
Caused by: org.apache.ratis.thirdparty.io.grpc.StatusRuntimeException: UNAVAILABLE: io exception
	at org.apache.ratis.thirdparty.io.grpc.stub.ClientCalls.toStatusRuntimeException(ClientCalls.java:233)
	at org.apache.ratis.thirdparty.io.grpc.stub.ClientCalls.getUnchecked(ClientCalls.java:214)
	at org.apache.ratis.thirdparty.io.grpc.stub.ClientCalls.blockingUnaryCall(ClientCalls.java:139)
	at org.apache.ratis.proto.grpc.RaftServerProtocolServiceGrpc$RaftServerProtocolServiceBlockingStub.requestVote(RaftServerProtocolServiceGrpc.java:265)
	at org.apache.ratis.grpc.server.GrpcServerProtocolClient.requestVote(GrpcServerProtocolClient.java:90)
	at org.apache.ratis.grpc.server.GrpcService.requestVote(GrpcService.java:204)
	at org.apache.ratis.server.impl.LeaderElection.lambda$submitRequests$1(LeaderElection.java:238)
	at java.util.concurrent.FutureTask.run(FutureTask.java:266)
	at java.util.concurrent.Executors$RunnableAdapter.call(Executors.java:511)
	at java.util.concurrent.FutureTask.run(FutureTask.java:266)
	at java.util.concurrent.ThreadPoolExecutor.runWorker(ThreadPoolExecutor.java:1149)
	at java.util.concurrent.ThreadPoolExecutor$Worker.run(ThreadPoolExecutor.java:624)
	... 1 more
Caused by: org.apache.ratis.thirdparty.io.netty.channel.AbstractChannel$AnnotatedConnectException: Connection refused: /192.168.151.86:46014
	at sun.nio.ch.SocketChannelImpl.checkConnect(Native Method)
	at sun.nio.ch.SocketChannelImpl.finishConnect(SocketChannelImpl.java:717)
	at org.apache.ratis.thirdparty.io.netty.channel.socket.nio.NioSocketChannel.doFinishConnect(NioSocketChannel.java:327)
	at org.apache.ratis.thirdparty.io.netty.channel.nio.AbstractNioChannel$AbstractNioUnsafe.finishConnect(AbstractNioChannel.java:340)
	at org.apache.ratis.thirdparty.io.netty.channel.nio.NioEventLoop.processSelectedKey(NioEventLoop.java:632)
	at org.apache.ratis.thirdparty.io.netty.channel.nio.NioEventLoop.processSelectedKeysOptimized(NioEventLoop.java:579)
	at org.apache.ratis.thirdparty.io.netty.channel.nio.NioEventLoop.processSelectedKeys(NioEventLoop.java:496)
	at org.apache.ratis.thirdparty.io.netty.channel.nio.NioEventLoop.run(NioEventLoop.java:458)
	at org.apache.ratis.thirdparty.io.netty.util.concurrent.SingleThreadEventExecutor$5.run(SingleThreadEventExecutor.java:897)
	at org.apache.ratis.thirdparty.io.netty.util.concurrent.FastThreadLocalRunnable.run(FastThreadLocalRunnable.java:30)
	... 1 more
Caused by: java.net.ConnectException: Connection refused
	... 11 more
2019-09-24 10:05:16,545 [73f5925b-aae6-4cfe-b968-198325afa02f@group-0703CE367BA1:LeaderElection23] INFO  impl.LeaderElection (LogUtils.java:infoOrTrace(149)) -   Exception 1: {}
java.util.concurrent.ExecutionException: org.apache.ratis.thirdparty.io.grpc.StatusRuntimeException: UNAVAILABLE: io exception
	at java.util.concurrent.FutureTask.report(FutureTask.java:122)
	at java.util.concurrent.FutureTask.get(FutureTask.java:192)
	at org.apache.ratis.server.impl.LeaderElection.waitForResults(LeaderElection.java:263)
	at org.apache.ratis.server.impl.LeaderElection.askForVotes(LeaderElection.java:201)
	at org.apache.ratis.server.impl.LeaderElection.run(LeaderElection.java:133)
	at java.lang.Thread.run(Thread.java:748)
Caused by: org.apache.ratis.thirdparty.io.grpc.StatusRuntimeException: UNAVAILABLE: io exception
	at org.apache.ratis.thirdparty.io.grpc.stub.ClientCalls.toStatusRuntimeException(ClientCalls.java:233)
	at org.apache.ratis.thirdparty.io.grpc.stub.ClientCalls.getUnchecked(ClientCalls.java:214)
	at org.apache.ratis.thirdparty.io.grpc.stub.ClientCalls.blockingUnaryCall(ClientCalls.java:139)
	at org.apache.ratis.proto.grpc.RaftServerProtocolServiceGrpc$RaftServerProtocolServiceBlockingStub.requestVote(RaftServerProtocolServiceGrpc.java:265)
	at org.apache.ratis.grpc.server.GrpcServerProtocolClient.requestVote(GrpcServerProtocolClient.java:90)
	at org.apache.ratis.grpc.server.GrpcService.requestVote(GrpcService.java:204)
	at org.apache.ratis.server.impl.LeaderElection.lambda$submitRequests$1(LeaderElection.java:238)
	at java.util.concurrent.FutureTask.run(FutureTask.java:266)
	at java.util.concurrent.Executors$RunnableAdapter.call(Executors.java:511)
	at java.util.concurrent.FutureTask.run(FutureTask.java:266)
	at java.util.concurrent.ThreadPoolExecutor.runWorker(ThreadPoolExecutor.java:1149)
	at java.util.concurrent.ThreadPoolExecutor$Worker.run(ThreadPoolExecutor.java:624)
	... 1 more
Caused by: org.apache.ratis.thirdparty.io.netty.channel.AbstractChannel$AnnotatedConnectException: Connection refused: /192.168.151.86:45499
	at sun.nio.ch.SocketChannelImpl.checkConnect(Native Method)
	at sun.nio.ch.SocketChannelImpl.finishConnect(SocketChannelImpl.java:717)
	at org.apache.ratis.thirdparty.io.netty.channel.socket.nio.NioSocketChannel.doFinishConnect(NioSocketChannel.java:327)
	at org.apache.ratis.thirdparty.io.netty.channel.nio.AbstractNioChannel$AbstractNioUnsafe.finishConnect(AbstractNioChannel.java:340)
	at org.apache.ratis.thirdparty.io.netty.channel.nio.NioEventLoop.processSelectedKey(NioEventLoop.java:632)
	at org.apache.ratis.thirdparty.io.netty.channel.nio.NioEventLoop.processSelectedKeysOptimized(NioEventLoop.java:579)
	at org.apache.ratis.thirdparty.io.netty.channel.nio.NioEventLoop.processSelectedKeys(NioEventLoop.java:496)
	at org.apache.ratis.thirdparty.io.netty.channel.nio.NioEventLoop.run(NioEventLoop.java:458)
	at org.apache.ratis.thirdparty.io.netty.util.concurrent.SingleThreadEventExecutor$5.run(SingleThreadEventExecutor.java:897)
	at org.apache.ratis.thirdparty.io.netty.util.concurrent.FastThreadLocalRunnable.run(FastThreadLocalRunnable.java:30)
	... 1 more
Caused by: java.net.ConnectException: Connection refused
	... 11 more
2019-09-24 10:05:16,546 [73f5925b-aae6-4cfe-b968-198325afa02f@group-0703CE367BA1:LeaderElection23] INFO  impl.RaftServerImpl (RaftServerImpl.java:setRole(174)) - 73f5925b-aae6-4cfe-b968-198325afa02f@group-0703CE367BA1: changes role from CANDIDATE to FOLLOWER at term 7 for DISCOVERED_A_NEW_TERM
2019-09-24 10:05:16,546 [73f5925b-aae6-4cfe-b968-198325afa02f@group-0703CE367BA1:LeaderElection23] INFO  impl.RoleInfo (RoleInfo.java:shutdownLeaderElection(134)) - 73f5925b-aae6-4cfe-b968-198325afa02f: shutdown LeaderElection
2019-09-24 10:05:16,546 [73f5925b-aae6-4cfe-b968-198325afa02f@group-0703CE367BA1:LeaderElection23] INFO  impl.RoleInfo (RoleInfo.java:updateAndGet(143)) - 73f5925b-aae6-4cfe-b968-198325afa02f: start FollowerState
2019-09-24 10:05:21,696 [Thread-525] INFO  impl.FollowerState (FollowerState.java:run(106)) - 73f5925b-aae6-4cfe-b968-198325afa02f:group-0703CE367BA1 changes to CANDIDATE, lastRpcTime:5149, electionTimeout:5149ms
2019-09-24 10:05:21,705 [Thread-525] INFO  impl.RoleInfo (RoleInfo.java:shutdownFollowerState(121)) - 73f5925b-aae6-4cfe-b968-198325afa02f: shutdown FollowerState
2019-09-24 10:05:21,705 [Thread-525] INFO  impl.RaftServerImpl (RaftServerImpl.java:setRole(174)) - 73f5925b-aae6-4cfe-b968-198325afa02f@group-0703CE367BA1: changes role from  FOLLOWER to CANDIDATE at term 7 for changeToCandidate
2019-09-24 10:05:21,706 [Thread-525] INFO  impl.RoleInfo (RoleInfo.java:updateAndGet(143)) - 73f5925b-aae6-4cfe-b968-198325afa02f: start LeaderElection
2019-09-24 10:05:21,722 [73f5925b-aae6-4cfe-b968-198325afa02f@group-0703CE367BA1:LeaderElection24] INFO  impl.LeaderElection (LeaderElection.java:askForVotes(182)) - 73f5925b-aae6-4cfe-b968-198325afa02f@group-0703CE367BA1:LeaderElection24: begin an election at term 8 for 0: [173df53c-8dc6-4b11-a763-b64e2e347262:192.168.151.86:46014, 9fbd6b61-d2a0-4662-aa0c-aa486ff00031:192.168.151.86:45499, 73f5925b-aae6-4cfe-b968-198325afa02f:192.168.151.86:43477], old=null
2019-09-24 10:05:21,725 [73f5925b-aae6-4cfe-b968-198325afa02f@group-0703CE367BA1:LeaderElection24] INFO  impl.LeaderElection (LogUtils.java:infoOrTrace(149)) - 73f5925b-aae6-4cfe-b968-198325afa02f@group-0703CE367BA1:LeaderElection24 got exception when requesting votes: {}
java.util.concurrent.ExecutionException: org.apache.ratis.thirdparty.io.grpc.StatusRuntimeException: UNAVAILABLE: io exception
	at java.util.concurrent.FutureTask.report(FutureTask.java:122)
	at java.util.concurrent.FutureTask.get(FutureTask.java:192)
	at org.apache.ratis.server.impl.LeaderElection.waitForResults(LeaderElection.java:263)
	at org.apache.ratis.server.impl.LeaderElection.askForVotes(LeaderElection.java:201)
	at org.apache.ratis.server.impl.LeaderElection.run(LeaderElection.java:133)
	at java.lang.Thread.run(Thread.java:748)
Caused by: org.apache.ratis.thirdparty.io.grpc.StatusRuntimeException: UNAVAILABLE: io exception
	at org.apache.ratis.thirdparty.io.grpc.stub.ClientCalls.toStatusRuntimeException(ClientCalls.java:233)
	at org.apache.ratis.thirdparty.io.grpc.stub.ClientCalls.getUnchecked(ClientCalls.java:214)
	at org.apache.ratis.thirdparty.io.grpc.stub.ClientCalls.blockingUnaryCall(ClientCalls.java:139)
	at org.apache.ratis.proto.grpc.RaftServerProtocolServiceGrpc$RaftServerProtocolServiceBlockingStub.requestVote(RaftServerProtocolServiceGrpc.java:265)
	at org.apache.ratis.grpc.server.GrpcServerProtocolClient.requestVote(GrpcServerProtocolClient.java:90)
	at org.apache.ratis.grpc.server.GrpcService.requestVote(GrpcService.java:204)
	at org.apache.ratis.server.impl.LeaderElection.lambda$submitRequests$1(LeaderElection.java:238)
	at java.util.concurrent.FutureTask.run(FutureTask.java:266)
	at java.util.concurrent.Executors$RunnableAdapter.call(Executors.java:511)
	at java.util.concurrent.FutureTask.run(FutureTask.java:266)
	at java.util.concurrent.ThreadPoolExecutor.runWorker(ThreadPoolExecutor.java:1149)
	at java.util.concurrent.ThreadPoolExecutor$Worker.run(ThreadPoolExecutor.java:624)
	... 1 more
Caused by: org.apache.ratis.thirdparty.io.netty.channel.AbstractChannel$AnnotatedConnectException: Connection refused: /192.168.151.86:46014
	at sun.nio.ch.SocketChannelImpl.checkConnect(Native Method)
	at sun.nio.ch.SocketChannelImpl.finishConnect(SocketChannelImpl.java:717)
	at org.apache.ratis.thirdparty.io.netty.channel.socket.nio.NioSocketChannel.doFinishConnect(NioSocketChannel.java:327)
	at org.apache.ratis.thirdparty.io.netty.channel.nio.AbstractNioChannel$AbstractNioUnsafe.finishConnect(AbstractNioChannel.java:340)
	at org.apache.ratis.thirdparty.io.netty.channel.nio.NioEventLoop.processSelectedKey(NioEventLoop.java:632)
	at org.apache.ratis.thirdparty.io.netty.channel.nio.NioEventLoop.processSelectedKeysOptimized(NioEventLoop.java:579)
	at org.apache.ratis.thirdparty.io.netty.channel.nio.NioEventLoop.processSelectedKeys(NioEventLoop.java:496)
	at org.apache.ratis.thirdparty.io.netty.channel.nio.NioEventLoop.run(NioEventLoop.java:458)
	at org.apache.ratis.thirdparty.io.netty.util.concurrent.SingleThreadEventExecutor$5.run(SingleThreadEventExecutor.java:897)
	at org.apache.ratis.thirdparty.io.netty.util.concurrent.FastThreadLocalRunnable.run(FastThreadLocalRunnable.java:30)
	... 1 more
Caused by: java.net.ConnectException: Connection refused
	... 11 more
2019-09-24 10:05:21,727 [73f5925b-aae6-4cfe-b968-198325afa02f@group-0703CE367BA1:LeaderElection24] INFO  impl.LeaderElection (LogUtils.java:infoOrTrace(149)) - 73f5925b-aae6-4cfe-b968-198325afa02f@group-0703CE367BA1:LeaderElection24 got exception when requesting votes: {}
java.util.concurrent.ExecutionException: org.apache.ratis.thirdparty.io.grpc.StatusRuntimeException: UNAVAILABLE: io exception
	at java.util.concurrent.FutureTask.report(FutureTask.java:122)
	at java.util.concurrent.FutureTask.get(FutureTask.java:192)
	at org.apache.ratis.server.impl.LeaderElection.waitForResults(LeaderElection.java:263)
	at org.apache.ratis.server.impl.LeaderElection.askForVotes(LeaderElection.java:201)
	at org.apache.ratis.server.impl.LeaderElection.run(LeaderElection.java:133)
	at java.lang.Thread.run(Thread.java:748)
Caused by: org.apache.ratis.thirdparty.io.grpc.StatusRuntimeException: UNAVAILABLE: io exception
	at org.apache.ratis.thirdparty.io.grpc.stub.ClientCalls.toStatusRuntimeException(ClientCalls.java:233)
	at org.apache.ratis.thirdparty.io.grpc.stub.ClientCalls.getUnchecked(ClientCalls.java:214)
	at org.apache.ratis.thirdparty.io.grpc.stub.ClientCalls.blockingUnaryCall(ClientCalls.java:139)
	at org.apache.ratis.proto.grpc.RaftServerProtocolServiceGrpc$RaftServerProtocolServiceBlockingStub.requestVote(RaftServerProtocolServiceGrpc.java:265)
	at org.apache.ratis.grpc.server.GrpcServerProtocolClient.requestVote(GrpcServerProtocolClient.java:90)
	at org.apache.ratis.grpc.server.GrpcService.requestVote(GrpcService.java:204)
	at org.apache.ratis.server.impl.LeaderElection.lambda$submitRequests$1(LeaderElection.java:238)
	at java.util.concurrent.FutureTask.run(FutureTask.java:266)
	at java.util.concurrent.Executors$RunnableAdapter.call(Executors.java:511)
	at java.util.concurrent.FutureTask.run(FutureTask.java:266)
	at java.util.concurrent.ThreadPoolExecutor.runWorker(ThreadPoolExecutor.java:1149)
	at java.util.concurrent.ThreadPoolExecutor$Worker.run(ThreadPoolExecutor.java:624)
	... 1 more
Caused by: org.apache.ratis.thirdparty.io.netty.channel.AbstractChannel$AnnotatedConnectException: Connection refused: /192.168.151.86:45499
	at sun.nio.ch.SocketChannelImpl.checkConnect(Native Method)
	at sun.nio.ch.SocketChannelImpl.finishConnect(SocketChannelImpl.java:717)
	at org.apache.ratis.thirdparty.io.netty.channel.socket.nio.NioSocketChannel.doFinishConnect(NioSocketChannel.java:327)
	at org.apache.ratis.thirdparty.io.netty.channel.nio.AbstractNioChannel$AbstractNioUnsafe.finishConnect(AbstractNioChannel.java:340)
	at org.apache.ratis.thirdparty.io.netty.channel.nio.NioEventLoop.processSelectedKey(NioEventLoop.java:632)
	at org.apache.ratis.thirdparty.io.netty.channel.nio.NioEventLoop.processSelectedKeysOptimized(NioEventLoop.java:579)
	at org.apache.ratis.thirdparty.io.netty.channel.nio.NioEventLoop.processSelectedKeys(NioEventLoop.java:496)
	at org.apache.ratis.thirdparty.io.netty.channel.nio.NioEventLoop.run(NioEventLoop.java:458)
	at org.apache.ratis.thirdparty.io.netty.util.concurrent.SingleThreadEventExecutor$5.run(SingleThreadEventExecutor.java:897)
	at org.apache.ratis.thirdparty.io.netty.util.concurrent.FastThreadLocalRunnable.run(FastThreadLocalRunnable.java:30)
	... 1 more
Caused by: java.net.ConnectException: Connection refused
	... 11 more
2019-09-24 10:05:21,730 [73f5925b-aae6-4cfe-b968-198325afa02f@group-0703CE367BA1:LeaderElection24] INFO  impl.LeaderElection (LeaderElection.java:logAndReturn(56)) - 73f5925b-aae6-4cfe-b968-198325afa02f@group-0703CE367BA1:LeaderElection24: Election REJECTED; received 0 response(s) [] and 2 exception(s); 73f5925b-aae6-4cfe-b968-198325afa02f@group-0703CE367BA1:t8, leader=null, voted=73f5925b-aae6-4cfe-b968-198325afa02f, raftlog=73f5925b-aae6-4cfe-b968-198325afa02f@group-0703CE367BA1-SegmentedRaftLog:OPENED:c16,f16,i16, conf=0: [173df53c-8dc6-4b11-a763-b64e2e347262:192.168.151.86:46014, 9fbd6b61-d2a0-4662-aa0c-aa486ff00031:192.168.151.86:45499, 73f5925b-aae6-4cfe-b968-198325afa02f:192.168.151.86:43477], old=null
2019-09-24 10:05:21,730 [73f5925b-aae6-4cfe-b968-198325afa02f@group-0703CE367BA1:LeaderElection24] INFO  impl.LeaderElection (LogUtils.java:infoOrTrace(149)) -   Exception 0: {}
java.util.concurrent.ExecutionException: org.apache.ratis.thirdparty.io.grpc.StatusRuntimeException: UNAVAILABLE: io exception
	at java.util.concurrent.FutureTask.report(FutureTask.java:122)
	at java.util.concurrent.FutureTask.get(FutureTask.java:192)
	at org.apache.ratis.server.impl.LeaderElection.waitForResults(LeaderElection.java:263)
	at org.apache.ratis.server.impl.LeaderElection.askForVotes(LeaderElection.java:201)
	at org.apache.ratis.server.impl.LeaderElection.run(LeaderElection.java:133)
	at java.lang.Thread.run(Thread.java:748)
Caused by: org.apache.ratis.thirdparty.io.grpc.StatusRuntimeException: UNAVAILABLE: io exception
	at org.apache.ratis.thirdparty.io.grpc.stub.ClientCalls.toStatusRuntimeException(ClientCalls.java:233)
	at org.apache.ratis.thirdparty.io.grpc.stub.ClientCalls.getUnchecked(ClientCalls.java:214)
	at org.apache.ratis.thirdparty.io.grpc.stub.ClientCalls.blockingUnaryCall(ClientCalls.java:139)
	at org.apache.ratis.proto.grpc.RaftServerProtocolServiceGrpc$RaftServerProtocolServiceBlockingStub.requestVote(RaftServerProtocolServiceGrpc.java:265)
	at org.apache.ratis.grpc.server.GrpcServerProtocolClient.requestVote(GrpcServerProtocolClient.java:90)
	at org.apache.ratis.grpc.server.GrpcService.requestVote(GrpcService.java:204)
	at org.apache.ratis.server.impl.LeaderElection.lambda$submitRequests$1(LeaderElection.java:238)
	at java.util.concurrent.FutureTask.run(FutureTask.java:266)
	at java.util.concurrent.Executors$RunnableAdapter.call(Executors.java:511)
	at java.util.concurrent.FutureTask.run(FutureTask.java:266)
	at java.util.concurrent.ThreadPoolExecutor.runWorker(ThreadPoolExecutor.java:1149)
	at java.util.concurrent.ThreadPoolExecutor$Worker.run(ThreadPoolExecutor.java:624)
	... 1 more
Caused by: org.apache.ratis.thirdparty.io.netty.channel.AbstractChannel$AnnotatedConnectException: Connection refused: /192.168.151.86:46014
	at sun.nio.ch.SocketChannelImpl.checkConnect(Native Method)
	at sun.nio.ch.SocketChannelImpl.finishConnect(SocketChannelImpl.java:717)
	at org.apache.ratis.thirdparty.io.netty.channel.socket.nio.NioSocketChannel.doFinishConnect(NioSocketChannel.java:327)
	at org.apache.ratis.thirdparty.io.netty.channel.nio.AbstractNioChannel$AbstractNioUnsafe.finishConnect(AbstractNioChannel.java:340)
	at org.apache.ratis.thirdparty.io.netty.channel.nio.NioEventLoop.processSelectedKey(NioEventLoop.java:632)
	at org.apache.ratis.thirdparty.io.netty.channel.nio.NioEventLoop.processSelectedKeysOptimized(NioEventLoop.java:579)
	at org.apache.ratis.thirdparty.io.netty.channel.nio.NioEventLoop.processSelectedKeys(NioEventLoop.java:496)
	at org.apache.ratis.thirdparty.io.netty.channel.nio.NioEventLoop.run(NioEventLoop.java:458)
	at org.apache.ratis.thirdparty.io.netty.util.concurrent.SingleThreadEventExecutor$5.run(SingleThreadEventExecutor.java:897)
	at org.apache.ratis.thirdparty.io.netty.util.concurrent.FastThreadLocalRunnable.run(FastThreadLocalRunnable.java:30)
	... 1 more
Caused by: java.net.ConnectException: Connection refused
	... 11 more
2019-09-24 10:05:21,730 [73f5925b-aae6-4cfe-b968-198325afa02f@group-0703CE367BA1:LeaderElection24] INFO  impl.LeaderElection (LogUtils.java:infoOrTrace(149)) -   Exception 1: {}
java.util.concurrent.ExecutionException: org.apache.ratis.thirdparty.io.grpc.StatusRuntimeException: UNAVAILABLE: io exception
	at java.util.concurrent.FutureTask.report(FutureTask.java:122)
	at java.util.concurrent.FutureTask.get(FutureTask.java:192)
	at org.apache.ratis.server.impl.LeaderElection.waitForResults(LeaderElection.java:263)
	at org.apache.ratis.server.impl.LeaderElection.askForVotes(LeaderElection.java:201)
	at org.apache.ratis.server.impl.LeaderElection.run(LeaderElection.java:133)
	at java.lang.Thread.run(Thread.java:748)
Caused by: org.apache.ratis.thirdparty.io.grpc.StatusRuntimeException: UNAVAILABLE: io exception
	at org.apache.ratis.thirdparty.io.grpc.stub.ClientCalls.toStatusRuntimeException(ClientCalls.java:233)
	at org.apache.ratis.thirdparty.io.grpc.stub.ClientCalls.getUnchecked(ClientCalls.java:214)
	at org.apache.ratis.thirdparty.io.grpc.stub.ClientCalls.blockingUnaryCall(ClientCalls.java:139)
	at org.apache.ratis.proto.grpc.RaftServerProtocolServiceGrpc$RaftServerProtocolServiceBlockingStub.requestVote(RaftServerProtocolServiceGrpc.java:265)
	at org.apache.ratis.grpc.server.GrpcServerProtocolClient.requestVote(GrpcServerProtocolClient.java:90)
	at org.apache.ratis.grpc.server.GrpcService.requestVote(GrpcService.java:204)
	at org.apache.ratis.server.impl.LeaderElection.lambda$submitRequests$1(LeaderElection.java:238)
	at java.util.concurrent.FutureTask.run(FutureTask.java:266)
	at java.util.concurrent.Executors$RunnableAdapter.call(Executors.java:511)
	at java.util.concurrent.FutureTask.run(FutureTask.java:266)
	at java.util.concurrent.ThreadPoolExecutor.runWorker(ThreadPoolExecutor.java:1149)
	at java.util.concurrent.ThreadPoolExecutor$Worker.run(ThreadPoolExecutor.java:624)
	... 1 more
Caused by: org.apache.ratis.thirdparty.io.netty.channel.AbstractChannel$AnnotatedConnectException: Connection refused: /192.168.151.86:45499
	at sun.nio.ch.SocketChannelImpl.checkConnect(Native Method)
	at sun.nio.ch.SocketChannelImpl.finishConnect(SocketChannelImpl.java:717)
	at org.apache.ratis.thirdparty.io.netty.channel.socket.nio.NioSocketChannel.doFinishConnect(NioSocketChannel.java:327)
	at org.apache.ratis.thirdparty.io.netty.channel.nio.AbstractNioChannel$AbstractNioUnsafe.finishConnect(AbstractNioChannel.java:340)
	at org.apache.ratis.thirdparty.io.netty.channel.nio.NioEventLoop.processSelectedKey(NioEventLoop.java:632)
	at org.apache.ratis.thirdparty.io.netty.channel.nio.NioEventLoop.processSelectedKeysOptimized(NioEventLoop.java:579)
	at org.apache.ratis.thirdparty.io.netty.channel.nio.NioEventLoop.processSelectedKeys(NioEventLoop.java:496)
	at org.apache.ratis.thirdparty.io.netty.channel.nio.NioEventLoop.run(NioEventLoop.java:458)
	at org.apache.ratis.thirdparty.io.netty.util.concurrent.SingleThreadEventExecutor$5.run(SingleThreadEventExecutor.java:897)
	at org.apache.ratis.thirdparty.io.netty.util.concurrent.FastThreadLocalRunnable.run(FastThreadLocalRunnable.java:30)
	... 1 more
Caused by: java.net.ConnectException: Connection refused
	... 11 more
2019-09-24 10:05:21,731 [73f5925b-aae6-4cfe-b968-198325afa02f@group-0703CE367BA1:LeaderElection24] INFO  impl.RaftServerImpl (RaftServerImpl.java:setRole(174)) - 73f5925b-aae6-4cfe-b968-198325afa02f@group-0703CE367BA1: changes role from CANDIDATE to FOLLOWER at term 8 for DISCOVERED_A_NEW_TERM
2019-09-24 10:05:21,731 [73f5925b-aae6-4cfe-b968-198325afa02f@group-0703CE367BA1:LeaderElection24] INFO  impl.RoleInfo (RoleInfo.java:shutdownLeaderElection(134)) - 73f5925b-aae6-4cfe-b968-198325afa02f: shutdown LeaderElection
2019-09-24 10:05:21,731 [73f5925b-aae6-4cfe-b968-198325afa02f@group-0703CE367BA1:LeaderElection24] INFO  impl.RoleInfo (RoleInfo.java:updateAndGet(143)) - 73f5925b-aae6-4cfe-b968-198325afa02f: start FollowerState
2019-09-24 10:05:26,921 [Thread-546] INFO  impl.FollowerState (FollowerState.java:run(106)) - 73f5925b-aae6-4cfe-b968-198325afa02f:group-0703CE367BA1 changes to CANDIDATE, lastRpcTime:5189, electionTimeout:5189ms
2019-09-24 10:05:26,923 [Thread-546] INFO  impl.RoleInfo (RoleInfo.java:shutdownFollowerState(121)) - 73f5925b-aae6-4cfe-b968-198325afa02f: shutdown FollowerState
2019-09-24 10:05:26,924 [Thread-546] INFO  impl.RaftServerImpl (RaftServerImpl.java:setRole(174)) - 73f5925b-aae6-4cfe-b968-198325afa02f@group-0703CE367BA1: changes role from  FOLLOWER to CANDIDATE at term 8 for changeToCandidate
2019-09-24 10:05:26,924 [Thread-546] INFO  impl.RoleInfo (RoleInfo.java:updateAndGet(143)) - 73f5925b-aae6-4cfe-b968-198325afa02f: start LeaderElection
2019-09-24 10:05:29,788 [73f5925b-aae6-4cfe-b968-198325afa02f@group-0703CE367BA1:LeaderElection25] INFO  impl.LeaderElection (LeaderElection.java:askForVotes(182)) - 73f5925b-aae6-4cfe-b968-198325afa02f@group-0703CE367BA1:LeaderElection25: begin an election at term 9 for 0: [173df53c-8dc6-4b11-a763-b64e2e347262:192.168.151.86:46014, 9fbd6b61-d2a0-4662-aa0c-aa486ff00031:192.168.151.86:45499, 73f5925b-aae6-4cfe-b968-198325afa02f:192.168.151.86:43477], old=null
2019-09-24 10:05:29,789 [73f5925b-aae6-4cfe-b968-198325afa02f@group-0703CE367BA1:LeaderElection25] INFO  impl.LeaderElection (LogUtils.java:infoOrTrace(149)) - 73f5925b-aae6-4cfe-b968-198325afa02f@group-0703CE367BA1:LeaderElection25 got exception when requesting votes: {}
java.util.concurrent.ExecutionException: org.apache.ratis.thirdparty.io.grpc.StatusRuntimeException: UNAVAILABLE: io exception
	at java.util.concurrent.FutureTask.report(FutureTask.java:122)
	at java.util.concurrent.FutureTask.get(FutureTask.java:192)
	at org.apache.ratis.server.impl.LeaderElection.waitForResults(LeaderElection.java:263)
	at org.apache.ratis.server.impl.LeaderElection.askForVotes(LeaderElection.java:201)
	at org.apache.ratis.server.impl.LeaderElection.run(LeaderElection.java:133)
	at java.lang.Thread.run(Thread.java:748)
Caused by: org.apache.ratis.thirdparty.io.grpc.StatusRuntimeException: UNAVAILABLE: io exception
	at org.apache.ratis.thirdparty.io.grpc.stub.ClientCalls.toStatusRuntimeException(ClientCalls.java:233)
	at org.apache.ratis.thirdparty.io.grpc.stub.ClientCalls.getUnchecked(ClientCalls.java:214)
	at org.apache.ratis.thirdparty.io.grpc.stub.ClientCalls.blockingUnaryCall(ClientCalls.java:139)
	at org.apache.ratis.proto.grpc.RaftServerProtocolServiceGrpc$RaftServerProtocolServiceBlockingStub.requestVote(RaftServerProtocolServiceGrpc.java:265)
	at org.apache.ratis.grpc.server.GrpcServerProtocolClient.requestVote(GrpcServerProtocolClient.java:90)
	at org.apache.ratis.grpc.server.GrpcService.requestVote(GrpcService.java:204)
	at org.apache.ratis.server.impl.LeaderElection.lambda$submitRequests$1(LeaderElection.java:238)
	at java.util.concurrent.FutureTask.run(FutureTask.java:266)
	at java.util.concurrent.Executors$RunnableAdapter.call(Executors.java:511)
	at java.util.concurrent.FutureTask.run(FutureTask.java:266)
	at java.util.concurrent.ThreadPoolExecutor.runWorker(ThreadPoolExecutor.java:1149)
	at java.util.concurrent.ThreadPoolExecutor$Worker.run(ThreadPoolExecutor.java:624)
	... 1 more
Caused by: org.apache.ratis.thirdparty.io.netty.channel.AbstractChannel$AnnotatedConnectException: Connection refused: /192.168.151.86:45499
	at sun.nio.ch.SocketChannelImpl.checkConnect(Native Method)
	at sun.nio.ch.SocketChannelImpl.finishConnect(SocketChannelImpl.java:717)
	at org.apache.ratis.thirdparty.io.netty.channel.socket.nio.NioSocketChannel.doFinishConnect(NioSocketChannel.java:327)
	at org.apache.ratis.thirdparty.io.netty.channel.nio.AbstractNioChannel$AbstractNioUnsafe.finishConnect(AbstractNioChannel.java:340)
	at org.apache.ratis.thirdparty.io.netty.channel.nio.NioEventLoop.processSelectedKey(NioEventLoop.java:632)
	at org.apache.ratis.thirdparty.io.netty.channel.nio.NioEventLoop.processSelectedKeysOptimized(NioEventLoop.java:579)
	at org.apache.ratis.thirdparty.io.netty.channel.nio.NioEventLoop.processSelectedKeys(NioEventLoop.java:496)
	at org.apache.ratis.thirdparty.io.netty.channel.nio.NioEventLoop.run(NioEventLoop.java:458)
	at org.apache.ratis.thirdparty.io.netty.util.concurrent.SingleThreadEventExecutor$5.run(SingleThreadEventExecutor.java:897)
	at org.apache.ratis.thirdparty.io.netty.util.concurrent.FastThreadLocalRunnable.run(FastThreadLocalRunnable.java:30)
	... 1 more
Caused by: java.net.ConnectException: Connection refused
	... 11 more
2019-09-24 10:05:29,792 [73f5925b-aae6-4cfe-b968-198325afa02f@group-0703CE367BA1:LeaderElection25] INFO  impl.LeaderElection (LogUtils.java:infoOrTrace(149)) - 73f5925b-aae6-4cfe-b968-198325afa02f@group-0703CE367BA1:LeaderElection25 got exception when requesting votes: {}
java.util.concurrent.ExecutionException: org.apache.ratis.thirdparty.io.grpc.StatusRuntimeException: UNAVAILABLE: io exception
	at java.util.concurrent.FutureTask.report(FutureTask.java:122)
	at java.util.concurrent.FutureTask.get(FutureTask.java:192)
	at org.apache.ratis.server.impl.LeaderElection.waitForResults(LeaderElection.java:263)
	at org.apache.ratis.server.impl.LeaderElection.askForVotes(LeaderElection.java:201)
	at org.apache.ratis.server.impl.LeaderElection.run(LeaderElection.java:133)
	at java.lang.Thread.run(Thread.java:748)
Caused by: org.apache.ratis.thirdparty.io.grpc.StatusRuntimeException: UNAVAILABLE: io exception
	at org.apache.ratis.thirdparty.io.grpc.stub.ClientCalls.toStatusRuntimeException(ClientCalls.java:233)
	at org.apache.ratis.thirdparty.io.grpc.stub.ClientCalls.getUnchecked(ClientCalls.java:214)
	at org.apache.ratis.thirdparty.io.grpc.stub.ClientCalls.blockingUnaryCall(ClientCalls.java:139)
	at org.apache.ratis.proto.grpc.RaftServerProtocolServiceGrpc$RaftServerProtocolServiceBlockingStub.requestVote(RaftServerProtocolServiceGrpc.java:265)
	at org.apache.ratis.grpc.server.GrpcServerProtocolClient.requestVote(GrpcServerProtocolClient.java:90)
	at org.apache.ratis.grpc.server.GrpcService.requestVote(GrpcService.java:204)
	at org.apache.ratis.server.impl.LeaderElection.lambda$submitRequests$1(LeaderElection.java:238)
	at java.util.concurrent.FutureTask.run(FutureTask.java:266)
	at java.util.concurrent.Executors$RunnableAdapter.call(Executors.java:511)
	at java.util.concurrent.FutureTask.run(FutureTask.java:266)
	at java.util.concurrent.ThreadPoolExecutor.runWorker(ThreadPoolExecutor.java:1149)
	at java.util.concurrent.ThreadPoolExecutor$Worker.run(ThreadPoolExecutor.java:624)
	... 1 more
Caused by: org.apache.ratis.thirdparty.io.netty.channel.AbstractChannel$AnnotatedConnectException: Connection refused: /192.168.151.86:46014
	at sun.nio.ch.SocketChannelImpl.checkConnect(Native Method)
	at sun.nio.ch.SocketChannelImpl.finishConnect(SocketChannelImpl.java:717)
	at org.apache.ratis.thirdparty.io.netty.channel.socket.nio.NioSocketChannel.doFinishConnect(NioSocketChannel.java:327)
	at org.apache.ratis.thirdparty.io.netty.channel.nio.AbstractNioChannel$AbstractNioUnsafe.finishConnect(AbstractNioChannel.java:340)
	at org.apache.ratis.thirdparty.io.netty.channel.nio.NioEventLoop.processSelectedKey(NioEventLoop.java:632)
	at org.apache.ratis.thirdparty.io.netty.channel.nio.NioEventLoop.processSelectedKeysOptimized(NioEventLoop.java:579)
	at org.apache.ratis.thirdparty.io.netty.channel.nio.NioEventLoop.processSelectedKeys(NioEventLoop.java:496)
	at org.apache.ratis.thirdparty.io.netty.channel.nio.NioEventLoop.run(NioEventLoop.java:458)
	at org.apache.ratis.thirdparty.io.netty.util.concurrent.SingleThreadEventExecutor$5.run(SingleThreadEventExecutor.java:897)
	at org.apache.ratis.thirdparty.io.netty.util.concurrent.FastThreadLocalRunnable.run(FastThreadLocalRunnable.java:30)
	... 1 more
Caused by: java.net.ConnectException: Connection refused
	... 11 more
2019-09-24 10:05:29,793 [73f5925b-aae6-4cfe-b968-198325afa02f@group-0703CE367BA1:LeaderElection25] INFO  impl.LeaderElection (LeaderElection.java:logAndReturn(56)) - 73f5925b-aae6-4cfe-b968-198325afa02f@group-0703CE367BA1:LeaderElection25: Election REJECTED; received 0 response(s) [] and 2 exception(s); 73f5925b-aae6-4cfe-b968-198325afa02f@group-0703CE367BA1:t9, leader=null, voted=73f5925b-aae6-4cfe-b968-198325afa02f, raftlog=73f5925b-aae6-4cfe-b968-198325afa02f@group-0703CE367BA1-SegmentedRaftLog:OPENED:c16,f16,i16, conf=0: [173df53c-8dc6-4b11-a763-b64e2e347262:192.168.151.86:46014, 9fbd6b61-d2a0-4662-aa0c-aa486ff00031:192.168.151.86:45499, 73f5925b-aae6-4cfe-b968-198325afa02f:192.168.151.86:43477], old=null
2019-09-24 10:05:29,793 [73f5925b-aae6-4cfe-b968-198325afa02f@group-0703CE367BA1:LeaderElection25] INFO  impl.LeaderElection (LogUtils.java:infoOrTrace(149)) -   Exception 0: {}
java.util.concurrent.ExecutionException: org.apache.ratis.thirdparty.io.grpc.StatusRuntimeException: UNAVAILABLE: io exception
	at java.util.concurrent.FutureTask.report(FutureTask.java:122)
	at java.util.concurrent.FutureTask.get(FutureTask.java:192)
	at org.apache.ratis.server.impl.LeaderElection.waitForResults(LeaderElection.java:263)
	at org.apache.ratis.server.impl.LeaderElection.askForVotes(LeaderElection.java:201)
	at org.apache.ratis.server.impl.LeaderElection.run(LeaderElection.java:133)
	at java.lang.Thread.run(Thread.java:748)
Caused by: org.apache.ratis.thirdparty.io.grpc.StatusRuntimeException: UNAVAILABLE: io exception
	at org.apache.ratis.thirdparty.io.grpc.stub.ClientCalls.toStatusRuntimeException(ClientCalls.java:233)
	at org.apache.ratis.thirdparty.io.grpc.stub.ClientCalls.getUnchecked(ClientCalls.java:214)
	at org.apache.ratis.thirdparty.io.grpc.stub.ClientCalls.blockingUnaryCall(ClientCalls.java:139)
	at org.apache.ratis.proto.grpc.RaftServerProtocolServiceGrpc$RaftServerProtocolServiceBlockingStub.requestVote(RaftServerProtocolServiceGrpc.java:265)
	at org.apache.ratis.grpc.server.GrpcServerProtocolClient.requestVote(GrpcServerProtocolClient.java:90)
	at org.apache.ratis.grpc.server.GrpcService.requestVote(GrpcService.java:204)
	at org.apache.ratis.server.impl.LeaderElection.lambda$submitRequests$1(LeaderElection.java:238)
	at java.util.concurrent.FutureTask.run(FutureTask.java:266)
	at java.util.concurrent.Executors$RunnableAdapter.call(Executors.java:511)
	at java.util.concurrent.FutureTask.run(FutureTask.java:266)
	at java.util.concurrent.ThreadPoolExecutor.runWorker(ThreadPoolExecutor.java:1149)
	at java.util.concurrent.ThreadPoolExecutor$Worker.run(ThreadPoolExecutor.java:624)
	... 1 more
Caused by: org.apache.ratis.thirdparty.io.netty.channel.AbstractChannel$AnnotatedConnectException: Connection refused: /192.168.151.86:45499
	at sun.nio.ch.SocketChannelImpl.checkConnect(Native Method)
	at sun.nio.ch.SocketChannelImpl.finishConnect(SocketChannelImpl.java:717)
	at org.apache.ratis.thirdparty.io.netty.channel.socket.nio.NioSocketChannel.doFinishConnect(NioSocketChannel.java:327)
	at org.apache.ratis.thirdparty.io.netty.channel.nio.AbstractNioChannel$AbstractNioUnsafe.finishConnect(AbstractNioChannel.java:340)
	at org.apache.ratis.thirdparty.io.netty.channel.nio.NioEventLoop.processSelectedKey(NioEventLoop.java:632)
	at org.apache.ratis.thirdparty.io.netty.channel.nio.NioEventLoop.processSelectedKeysOptimized(NioEventLoop.java:579)
	at org.apache.ratis.thirdparty.io.netty.channel.nio.NioEventLoop.processSelectedKeys(NioEventLoop.java:496)
	at org.apache.ratis.thirdparty.io.netty.channel.nio.NioEventLoop.run(NioEventLoop.java:458)
	at org.apache.ratis.thirdparty.io.netty.util.concurrent.SingleThreadEventExecutor$5.run(SingleThreadEventExecutor.java:897)
	at org.apache.ratis.thirdparty.io.netty.util.concurrent.FastThreadLocalRunnable.run(FastThreadLocalRunnable.java:30)
	... 1 more
Caused by: java.net.ConnectException: Connection refused
	... 11 more
2019-09-24 10:05:29,794 [73f5925b-aae6-4cfe-b968-198325afa02f@group-0703CE367BA1:LeaderElection25] INFO  impl.LeaderElection (LogUtils.java:infoOrTrace(149)) -   Exception 1: {}
java.util.concurrent.ExecutionException: org.apache.ratis.thirdparty.io.grpc.StatusRuntimeException: UNAVAILABLE: io exception
	at java.util.concurrent.FutureTask.report(FutureTask.java:122)
	at java.util.concurrent.FutureTask.get(FutureTask.java:192)
	at org.apache.ratis.server.impl.LeaderElection.waitForResults(LeaderElection.java:263)
	at org.apache.ratis.server.impl.LeaderElection.askForVotes(LeaderElection.java:201)
	at org.apache.ratis.server.impl.LeaderElection.run(LeaderElection.java:133)
	at java.lang.Thread.run(Thread.java:748)
Caused by: org.apache.ratis.thirdparty.io.grpc.StatusRuntimeException: UNAVAILABLE: io exception
	at org.apache.ratis.thirdparty.io.grpc.stub.ClientCalls.toStatusRuntimeException(ClientCalls.java:233)
	at org.apache.ratis.thirdparty.io.grpc.stub.ClientCalls.getUnchecked(ClientCalls.java:214)
	at org.apache.ratis.thirdparty.io.grpc.stub.ClientCalls.blockingUnaryCall(ClientCalls.java:139)
	at org.apache.ratis.proto.grpc.RaftServerProtocolServiceGrpc$RaftServerProtocolServiceBlockingStub.requestVote(RaftServerProtocolServiceGrpc.java:265)
	at org.apache.ratis.grpc.server.GrpcServerProtocolClient.requestVote(GrpcServerProtocolClient.java:90)
	at org.apache.ratis.grpc.server.GrpcService.requestVote(GrpcService.java:204)
	at org.apache.ratis.server.impl.LeaderElection.lambda$submitRequests$1(LeaderElection.java:238)
	at java.util.concurrent.FutureTask.run(FutureTask.java:266)
	at java.util.concurrent.Executors$RunnableAdapter.call(Executors.java:511)
	at java.util.concurrent.FutureTask.run(FutureTask.java:266)
	at java.util.concurrent.ThreadPoolExecutor.runWorker(ThreadPoolExecutor.java:1149)
	at java.util.concurrent.ThreadPoolExecutor$Worker.run(ThreadPoolExecutor.java:624)
	... 1 more
Caused by: org.apache.ratis.thirdparty.io.netty.channel.AbstractChannel$AnnotatedConnectException: Connection refused: /192.168.151.86:46014
	at sun.nio.ch.SocketChannelImpl.checkConnect(Native Method)
	at sun.nio.ch.SocketChannelImpl.finishConnect(SocketChannelImpl.java:717)
	at org.apache.ratis.thirdparty.io.netty.channel.socket.nio.NioSocketChannel.doFinishConnect(NioSocketChannel.java:327)
	at org.apache.ratis.thirdparty.io.netty.channel.nio.AbstractNioChannel$AbstractNioUnsafe.finishConnect(AbstractNioChannel.java:340)
	at org.apache.ratis.thirdparty.io.netty.channel.nio.NioEventLoop.processSelectedKey(NioEventLoop.java:632)
	at org.apache.ratis.thirdparty.io.netty.channel.nio.NioEventLoop.processSelectedKeysOptimized(NioEventLoop.java:579)
	at org.apache.ratis.thirdparty.io.netty.channel.nio.NioEventLoop.processSelectedKeys(NioEventLoop.java:496)
	at org.apache.ratis.thirdparty.io.netty.channel.nio.NioEventLoop.run(NioEventLoop.java:458)
	at org.apache.ratis.thirdparty.io.netty.util.concurrent.SingleThreadEventExecutor$5.run(SingleThreadEventExecutor.java:897)
	at org.apache.ratis.thirdparty.io.netty.util.concurrent.FastThreadLocalRunnable.run(FastThreadLocalRunnable.java:30)
	... 1 more
Caused by: java.net.ConnectException: Connection refused
	... 11 more
2019-09-24 10:05:29,794 [73f5925b-aae6-4cfe-b968-198325afa02f@group-0703CE367BA1:LeaderElection25] INFO  impl.RaftServerImpl (RaftServerImpl.java:setRole(174)) - 73f5925b-aae6-4cfe-b968-198325afa02f@group-0703CE367BA1: changes role from CANDIDATE to FOLLOWER at term 9 for DISCOVERED_A_NEW_TERM
2019-09-24 10:05:29,795 [73f5925b-aae6-4cfe-b968-198325afa02f@group-0703CE367BA1:LeaderElection25] INFO  impl.RoleInfo (RoleInfo.java:shutdownLeaderElection(134)) - 73f5925b-aae6-4cfe-b968-198325afa02f: shutdown LeaderElection
2019-09-24 10:05:29,795 [73f5925b-aae6-4cfe-b968-198325afa02f@group-0703CE367BA1:LeaderElection25] INFO  impl.RoleInfo (RoleInfo.java:updateAndGet(143)) - 73f5925b-aae6-4cfe-b968-198325afa02f: start FollowerState
2019-09-24 10:05:34,905 [Thread-567] INFO  impl.FollowerState (FollowerState.java:run(106)) - 73f5925b-aae6-4cfe-b968-198325afa02f:group-0703CE367BA1 changes to CANDIDATE, lastRpcTime:5110, electionTimeout:5110ms
2019-09-24 10:05:34,908 [Thread-567] INFO  impl.RoleInfo (RoleInfo.java:shutdownFollowerState(121)) - 73f5925b-aae6-4cfe-b968-198325afa02f: shutdown FollowerState
2019-09-24 10:05:34,908 [Thread-567] INFO  impl.RaftServerImpl (RaftServerImpl.java:setRole(174)) - 73f5925b-aae6-4cfe-b968-198325afa02f@group-0703CE367BA1: changes role from  FOLLOWER to CANDIDATE at term 9 for changeToCandidate
2019-09-24 10:05:34,908 [Thread-567] INFO  impl.RoleInfo (RoleInfo.java:updateAndGet(143)) - 73f5925b-aae6-4cfe-b968-198325afa02f: start LeaderElection
2019-09-24 10:05:34,930 [73f5925b-aae6-4cfe-b968-198325afa02f@group-0703CE367BA1:LeaderElection26] INFO  impl.LeaderElection (LeaderElection.java:askForVotes(182)) - 73f5925b-aae6-4cfe-b968-198325afa02f@group-0703CE367BA1:LeaderElection26: begin an election at term 10 for 0: [173df53c-8dc6-4b11-a763-b64e2e347262:192.168.151.86:46014, 9fbd6b61-d2a0-4662-aa0c-aa486ff00031:192.168.151.86:45499, 73f5925b-aae6-4cfe-b968-198325afa02f:192.168.151.86:43477], old=null
2019-09-24 10:05:34,931 [73f5925b-aae6-4cfe-b968-198325afa02f@group-0703CE367BA1:LeaderElection26] INFO  impl.LeaderElection (LogUtils.java:infoOrTrace(149)) - 73f5925b-aae6-4cfe-b968-198325afa02f@group-0703CE367BA1:LeaderElection26 got exception when requesting votes: {}
java.util.concurrent.ExecutionException: org.apache.ratis.thirdparty.io.grpc.StatusRuntimeException: UNAVAILABLE: io exception
	at java.util.concurrent.FutureTask.report(FutureTask.java:122)
	at java.util.concurrent.FutureTask.get(FutureTask.java:192)
	at org.apache.ratis.server.impl.LeaderElection.waitForResults(LeaderElection.java:263)
	at org.apache.ratis.server.impl.LeaderElection.askForVotes(LeaderElection.java:201)
	at org.apache.ratis.server.impl.LeaderElection.run(LeaderElection.java:133)
	at java.lang.Thread.run(Thread.java:748)
Caused by: org.apache.ratis.thirdparty.io.grpc.StatusRuntimeException: UNAVAILABLE: io exception
	at org.apache.ratis.thirdparty.io.grpc.stub.ClientCalls.toStatusRuntimeException(ClientCalls.java:233)
	at org.apache.ratis.thirdparty.io.grpc.stub.ClientCalls.getUnchecked(ClientCalls.java:214)
	at org.apache.ratis.thirdparty.io.grpc.stub.ClientCalls.blockingUnaryCall(ClientCalls.java:139)
	at org.apache.ratis.proto.grpc.RaftServerProtocolServiceGrpc$RaftServerProtocolServiceBlockingStub.requestVote(RaftServerProtocolServiceGrpc.java:265)
	at org.apache.ratis.grpc.server.GrpcServerProtocolClient.requestVote(GrpcServerProtocolClient.java:90)
	at org.apache.ratis.grpc.server.GrpcService.requestVote(GrpcService.java:204)
	at org.apache.ratis.server.impl.LeaderElection.lambda$submitRequests$1(LeaderElection.java:238)
	at java.util.concurrent.FutureTask.run(FutureTask.java:266)
	at java.util.concurrent.Executors$RunnableAdapter.call(Executors.java:511)
	at java.util.concurrent.FutureTask.run(FutureTask.java:266)
	at java.util.concurrent.ThreadPoolExecutor.runWorker(ThreadPoolExecutor.java:1149)
	at java.util.concurrent.ThreadPoolExecutor$Worker.run(ThreadPoolExecutor.java:624)
	... 1 more
Caused by: org.apache.ratis.thirdparty.io.netty.channel.AbstractChannel$AnnotatedConnectException: Connection refused: /192.168.151.86:45499
	at sun.nio.ch.SocketChannelImpl.checkConnect(Native Method)
	at sun.nio.ch.SocketChannelImpl.finishConnect(SocketChannelImpl.java:717)
	at org.apache.ratis.thirdparty.io.netty.channel.socket.nio.NioSocketChannel.doFinishConnect(NioSocketChannel.java:327)
	at org.apache.ratis.thirdparty.io.netty.channel.nio.AbstractNioChannel$AbstractNioUnsafe.finishConnect(AbstractNioChannel.java:340)
	at org.apache.ratis.thirdparty.io.netty.channel.nio.NioEventLoop.processSelectedKey(NioEventLoop.java:632)
	at org.apache.ratis.thirdparty.io.netty.channel.nio.NioEventLoop.processSelectedKeysOptimized(NioEventLoop.java:579)
	at org.apache.ratis.thirdparty.io.netty.channel.nio.NioEventLoop.processSelectedKeys(NioEventLoop.java:496)
	at org.apache.ratis.thirdparty.io.netty.channel.nio.NioEventLoop.run(NioEventLoop.java:458)
	at org.apache.ratis.thirdparty.io.netty.util.concurrent.SingleThreadEventExecutor$5.run(SingleThreadEventExecutor.java:897)
	at org.apache.ratis.thirdparty.io.netty.util.concurrent.FastThreadLocalRunnable.run(FastThreadLocalRunnable.java:30)
	... 1 more
Caused by: java.net.ConnectException: Connection refused
	... 11 more
2019-09-24 10:05:34,934 [73f5925b-aae6-4cfe-b968-198325afa02f@group-0703CE367BA1:LeaderElection26] INFO  impl.LeaderElection (LogUtils.java:infoOrTrace(149)) - 73f5925b-aae6-4cfe-b968-198325afa02f@group-0703CE367BA1:LeaderElection26 got exception when requesting votes: {}
java.util.concurrent.ExecutionException: org.apache.ratis.thirdparty.io.grpc.StatusRuntimeException: UNAVAILABLE: io exception
	at java.util.concurrent.FutureTask.report(FutureTask.java:122)
	at java.util.concurrent.FutureTask.get(FutureTask.java:192)
	at org.apache.ratis.server.impl.LeaderElection.waitForResults(LeaderElection.java:263)
	at org.apache.ratis.server.impl.LeaderElection.askForVotes(LeaderElection.java:201)
	at org.apache.ratis.server.impl.LeaderElection.run(LeaderElection.java:133)
	at java.lang.Thread.run(Thread.java:748)
Caused by: org.apache.ratis.thirdparty.io.grpc.StatusRuntimeException: UNAVAILABLE: io exception
	at org.apache.ratis.thirdparty.io.grpc.stub.ClientCalls.toStatusRuntimeException(ClientCalls.java:233)
	at org.apache.ratis.thirdparty.io.grpc.stub.ClientCalls.getUnchecked(ClientCalls.java:214)
	at org.apache.ratis.thirdparty.io.grpc.stub.ClientCalls.blockingUnaryCall(ClientCalls.java:139)
	at org.apache.ratis.proto.grpc.RaftServerProtocolServiceGrpc$RaftServerProtocolServiceBlockingStub.requestVote(RaftServerProtocolServiceGrpc.java:265)
	at org.apache.ratis.grpc.server.GrpcServerProtocolClient.requestVote(GrpcServerProtocolClient.java:90)
	at org.apache.ratis.grpc.server.GrpcService.requestVote(GrpcService.java:204)
	at org.apache.ratis.server.impl.LeaderElection.lambda$submitRequests$1(LeaderElection.java:238)
	at java.util.concurrent.FutureTask.run(FutureTask.java:266)
	at java.util.concurrent.Executors$RunnableAdapter.call(Executors.java:511)
	at java.util.concurrent.FutureTask.run(FutureTask.java:266)
	at java.util.concurrent.ThreadPoolExecutor.runWorker(ThreadPoolExecutor.java:1149)
	at java.util.concurrent.ThreadPoolExecutor$Worker.run(ThreadPoolExecutor.java:624)
	... 1 more
Caused by: org.apache.ratis.thirdparty.io.netty.channel.AbstractChannel$AnnotatedConnectException: Connection refused: /192.168.151.86:46014
	at sun.nio.ch.SocketChannelImpl.checkConnect(Native Method)
	at sun.nio.ch.SocketChannelImpl.finishConnect(SocketChannelImpl.java:717)
	at org.apache.ratis.thirdparty.io.netty.channel.socket.nio.NioSocketChannel.doFinishConnect(NioSocketChannel.java:327)
	at org.apache.ratis.thirdparty.io.netty.channel.nio.AbstractNioChannel$AbstractNioUnsafe.finishConnect(AbstractNioChannel.java:340)
	at org.apache.ratis.thirdparty.io.netty.channel.nio.NioEventLoop.processSelectedKey(NioEventLoop.java:632)
	at org.apache.ratis.thirdparty.io.netty.channel.nio.NioEventLoop.processSelectedKeysOptimized(NioEventLoop.java:579)
	at org.apache.ratis.thirdparty.io.netty.channel.nio.NioEventLoop.processSelectedKeys(NioEventLoop.java:496)
	at org.apache.ratis.thirdparty.io.netty.channel.nio.NioEventLoop.run(NioEventLoop.java:458)
	at org.apache.ratis.thirdparty.io.netty.util.concurrent.SingleThreadEventExecutor$5.run(SingleThreadEventExecutor.java:897)
	at org.apache.ratis.thirdparty.io.netty.util.concurrent.FastThreadLocalRunnable.run(FastThreadLocalRunnable.java:30)
	... 1 more
Caused by: java.net.ConnectException: Connection refused
	... 11 more
2019-09-24 10:05:34,937 [73f5925b-aae6-4cfe-b968-198325afa02f@group-0703CE367BA1:LeaderElection26] INFO  impl.LeaderElection (LeaderElection.java:logAndReturn(56)) - 73f5925b-aae6-4cfe-b968-198325afa02f@group-0703CE367BA1:LeaderElection26: Election REJECTED; received 0 response(s) [] and 2 exception(s); 73f5925b-aae6-4cfe-b968-198325afa02f@group-0703CE367BA1:t10, leader=null, voted=73f5925b-aae6-4cfe-b968-198325afa02f, raftlog=73f5925b-aae6-4cfe-b968-198325afa02f@group-0703CE367BA1-SegmentedRaftLog:OPENED:c16,f16,i16, conf=0: [173df53c-8dc6-4b11-a763-b64e2e347262:192.168.151.86:46014, 9fbd6b61-d2a0-4662-aa0c-aa486ff00031:192.168.151.86:45499, 73f5925b-aae6-4cfe-b968-198325afa02f:192.168.151.86:43477], old=null
2019-09-24 10:05:34,937 [73f5925b-aae6-4cfe-b968-198325afa02f@group-0703CE367BA1:LeaderElection26] INFO  impl.LeaderElection (LogUtils.java:infoOrTrace(149)) -   Exception 0: {}
java.util.concurrent.ExecutionException: org.apache.ratis.thirdparty.io.grpc.StatusRuntimeException: UNAVAILABLE: io exception
	at java.util.concurrent.FutureTask.report(FutureTask.java:122)
	at java.util.concurrent.FutureTask.get(FutureTask.java:192)
	at org.apache.ratis.server.impl.LeaderElection.waitForResults(LeaderElection.java:263)
	at org.apache.ratis.server.impl.LeaderElection.askForVotes(LeaderElection.java:201)
	at org.apache.ratis.server.impl.LeaderElection.run(LeaderElection.java:133)
	at java.lang.Thread.run(Thread.java:748)
Caused by: org.apache.ratis.thirdparty.io.grpc.StatusRuntimeException: UNAVAILABLE: io exception
	at org.apache.ratis.thirdparty.io.grpc.stub.ClientCalls.toStatusRuntimeException(ClientCalls.java:233)
	at org.apache.ratis.thirdparty.io.grpc.stub.ClientCalls.getUnchecked(ClientCalls.java:214)
	at org.apache.ratis.thirdparty.io.grpc.stub.ClientCalls.blockingUnaryCall(ClientCalls.java:139)
	at org.apache.ratis.proto.grpc.RaftServerProtocolServiceGrpc$RaftServerProtocolServiceBlockingStub.requestVote(RaftServerProtocolServiceGrpc.java:265)
	at org.apache.ratis.grpc.server.GrpcServerProtocolClient.requestVote(GrpcServerProtocolClient.java:90)
	at org.apache.ratis.grpc.server.GrpcService.requestVote(GrpcService.java:204)
	at org.apache.ratis.server.impl.LeaderElection.lambda$submitRequests$1(LeaderElection.java:238)
	at java.util.concurrent.FutureTask.run(FutureTask.java:266)
	at java.util.concurrent.Executors$RunnableAdapter.call(Executors.java:511)
	at java.util.concurrent.FutureTask.run(FutureTask.java:266)
	at java.util.concurrent.ThreadPoolExecutor.runWorker(ThreadPoolExecutor.java:1149)
	at java.util.concurrent.ThreadPoolExecutor$Worker.run(ThreadPoolExecutor.java:624)
	... 1 more
Caused by: org.apache.ratis.thirdparty.io.netty.channel.AbstractChannel$AnnotatedConnectException: Connection refused: /192.168.151.86:45499
	at sun.nio.ch.SocketChannelImpl.checkConnect(Native Method)
	at sun.nio.ch.SocketChannelImpl.finishConnect(SocketChannelImpl.java:717)
	at org.apache.ratis.thirdparty.io.netty.channel.socket.nio.NioSocketChannel.doFinishConnect(NioSocketChannel.java:327)
	at org.apache.ratis.thirdparty.io.netty.channel.nio.AbstractNioChannel$AbstractNioUnsafe.finishConnect(AbstractNioChannel.java:340)
	at org.apache.ratis.thirdparty.io.netty.channel.nio.NioEventLoop.processSelectedKey(NioEventLoop.java:632)
	at org.apache.ratis.thirdparty.io.netty.channel.nio.NioEventLoop.processSelectedKeysOptimized(NioEventLoop.java:579)
	at org.apache.ratis.thirdparty.io.netty.channel.nio.NioEventLoop.processSelectedKeys(NioEventLoop.java:496)
	at org.apache.ratis.thirdparty.io.netty.channel.nio.NioEventLoop.run(NioEventLoop.java:458)
	at org.apache.ratis.thirdparty.io.netty.util.concurrent.SingleThreadEventExecutor$5.run(SingleThreadEventExecutor.java:897)
	at org.apache.ratis.thirdparty.io.netty.util.concurrent.FastThreadLocalRunnable.run(FastThreadLocalRunnable.java:30)
	... 1 more
Caused by: java.net.ConnectException: Connection refused
	... 11 more
2019-09-24 10:05:34,937 [73f5925b-aae6-4cfe-b968-198325afa02f@group-0703CE367BA1:LeaderElection26] INFO  impl.LeaderElection (LogUtils.java:infoOrTrace(149)) -   Exception 1: {}
java.util.concurrent.ExecutionException: org.apache.ratis.thirdparty.io.grpc.StatusRuntimeException: UNAVAILABLE: io exception
	at java.util.concurrent.FutureTask.report(FutureTask.java:122)
	at java.util.concurrent.FutureTask.get(FutureTask.java:192)
	at org.apache.ratis.server.impl.LeaderElection.waitForResults(LeaderElection.java:263)
	at org.apache.ratis.server.impl.LeaderElection.askForVotes(LeaderElection.java:201)
	at org.apache.ratis.server.impl.LeaderElection.run(LeaderElection.java:133)
	at java.lang.Thread.run(Thread.java:748)
Caused by: org.apache.ratis.thirdparty.io.grpc.StatusRuntimeException: UNAVAILABLE: io exception
	at org.apache.ratis.thirdparty.io.grpc.stub.ClientCalls.toStatusRuntimeException(ClientCalls.java:233)
	at org.apache.ratis.thirdparty.io.grpc.stub.ClientCalls.getUnchecked(ClientCalls.java:214)
	at org.apache.ratis.thirdparty.io.grpc.stub.ClientCalls.blockingUnaryCall(ClientCalls.java:139)
	at org.apache.ratis.proto.grpc.RaftServerProtocolServiceGrpc$RaftServerProtocolServiceBlockingStub.requestVote(RaftServerProtocolServiceGrpc.java:265)
	at org.apache.ratis.grpc.server.GrpcServerProtocolClient.requestVote(GrpcServerProtocolClient.java:90)
	at org.apache.ratis.grpc.server.GrpcService.requestVote(GrpcService.java:204)
	at org.apache.ratis.server.impl.LeaderElection.lambda$submitRequests$1(LeaderElection.java:238)
	at java.util.concurrent.FutureTask.run(FutureTask.java:266)
	at java.util.concurrent.Executors$RunnableAdapter.call(Executors.java:511)
	at java.util.concurrent.FutureTask.run(FutureTask.java:266)
	at java.util.concurrent.ThreadPoolExecutor.runWorker(ThreadPoolExecutor.java:1149)
	at java.util.concurrent.ThreadPoolExecutor$Worker.run(ThreadPoolExecutor.java:624)
	... 1 more
Caused by: org.apache.ratis.thirdparty.io.netty.channel.AbstractChannel$AnnotatedConnectException: Connection refused: /192.168.151.86:46014
	at sun.nio.ch.SocketChannelImpl.checkConnect(Native Method)
	at sun.nio.ch.SocketChannelImpl.finishConnect(SocketChannelImpl.java:717)
	at org.apache.ratis.thirdparty.io.netty.channel.socket.nio.NioSocketChannel.doFinishConnect(NioSocketChannel.java:327)
	at org.apache.ratis.thirdparty.io.netty.channel.nio.AbstractNioChannel$AbstractNioUnsafe.finishConnect(AbstractNioChannel.java:340)
	at org.apache.ratis.thirdparty.io.netty.channel.nio.NioEventLoop.processSelectedKey(NioEventLoop.java:632)
	at org.apache.ratis.thirdparty.io.netty.channel.nio.NioEventLoop.processSelectedKeysOptimized(NioEventLoop.java:579)
	at org.apache.ratis.thirdparty.io.netty.channel.nio.NioEventLoop.processSelectedKeys(NioEventLoop.java:496)
	at org.apache.ratis.thirdparty.io.netty.channel.nio.NioEventLoop.run(NioEventLoop.java:458)
	at org.apache.ratis.thirdparty.io.netty.util.concurrent.SingleThreadEventExecutor$5.run(SingleThreadEventExecutor.java:897)
	at org.apache.ratis.thirdparty.io.netty.util.concurrent.FastThreadLocalRunnable.run(FastThreadLocalRunnable.java:30)
	... 1 more
Caused by: java.net.ConnectException: Connection refused
	... 11 more
2019-09-24 10:05:34,938 [73f5925b-aae6-4cfe-b968-198325afa02f@group-0703CE367BA1:LeaderElection26] INFO  impl.RaftServerImpl (RaftServerImpl.java:setRole(174)) - 73f5925b-aae6-4cfe-b968-198325afa02f@group-0703CE367BA1: changes role from CANDIDATE to FOLLOWER at term 10 for DISCOVERED_A_NEW_TERM
2019-09-24 10:05:34,938 [73f5925b-aae6-4cfe-b968-198325afa02f@group-0703CE367BA1:LeaderElection26] INFO  impl.RoleInfo (RoleInfo.java:shutdownLeaderElection(134)) - 73f5925b-aae6-4cfe-b968-198325afa02f: shutdown LeaderElection
2019-09-24 10:05:34,938 [73f5925b-aae6-4cfe-b968-198325afa02f@group-0703CE367BA1:LeaderElection26] INFO  impl.RoleInfo (RoleInfo.java:updateAndGet(143)) - 73f5925b-aae6-4cfe-b968-198325afa02f: start FollowerState
2019-09-24 10:05:38,423 [RatisPipelineUtilsThread] WARN  pipeline.RatisPipelineUtils (RatisPipelineUtils.java:destroyPipeline(67)) - Pipeline destroy failed for pipeline=PipelineID=ac6eed07-4a7a-42c2-9957-ac1eb102b9db dn=9fbd6b61-d2a0-4662-aa0c-aa486ff00031{ip: 192.168.151.86, host: pr-hdds-2167-zx9qf-3539961911, networkLocation: /default-rack, certSerialId: null}
2019-09-24 10:05:38,426 [RatisPipelineUtilsThread] INFO  pipeline.PipelineStateManager (PipelineStateManager.java:removePipeline(108)) - Pipeline Pipeline[ Id: ac6eed07-4a7a-42c2-9957-ac1eb102b9db, Nodes: 9fbd6b61-d2a0-4662-aa0c-aa486ff00031{ip: 192.168.151.86, host: pr-hdds-2167-zx9qf-3539961911, networkLocation: /default-rack, certSerialId: null}, Type:RATIS, Factor:ONE, State:CLOSED] removed from db
2019-09-24 10:05:38,430 [RatisPipelineUtilsThread] WARN  pipeline.RatisPipelineUtils (RatisPipelineUtils.java:destroyPipeline(67)) - Pipeline destroy failed for pipeline=PipelineID=5319fc9f-e9f7-46c4-be08-0703ce367ba1 dn=9fbd6b61-d2a0-4662-aa0c-aa486ff00031{ip: 192.168.151.86, host: pr-hdds-2167-zx9qf-3539961911, networkLocation: /default-rack, certSerialId: null}
2019-09-24 10:05:38,433 [RatisPipelineUtilsThread] WARN  pipeline.RatisPipelineUtils (RatisPipelineUtils.java:destroyPipeline(67)) - Pipeline destroy failed for pipeline=PipelineID=5319fc9f-e9f7-46c4-be08-0703ce367ba1 dn=173df53c-8dc6-4b11-a763-b64e2e347262{ip: 192.168.151.86, host: pr-hdds-2167-zx9qf-3539961911, networkLocation: /default-rack, certSerialId: null}
2019-09-24 10:05:38,438 [grpc-default-executor-3] INFO  impl.RaftServerProxy (RaftServerProxy.java:remove(95)) - 73f5925b-aae6-4cfe-b968-198325afa02f: remove  FOLLOWER 73f5925b-aae6-4cfe-b968-198325afa02f@group-0703CE367BA1:t10, leader=null, voted=73f5925b-aae6-4cfe-b968-198325afa02f, raftlog=73f5925b-aae6-4cfe-b968-198325afa02f@group-0703CE367BA1-SegmentedRaftLog:OPENED:c16,f16,i16, conf=0: [173df53c-8dc6-4b11-a763-b64e2e347262:192.168.151.86:46014, 9fbd6b61-d2a0-4662-aa0c-aa486ff00031:192.168.151.86:45499, 73f5925b-aae6-4cfe-b968-198325afa02f:192.168.151.86:43477], old=null RUNNING
2019-09-24 10:05:38,448 [grpc-default-executor-3] INFO  impl.RaftServerImpl (RaftServerImpl.java:lambda$shutdown$3(251)) - 73f5925b-aae6-4cfe-b968-198325afa02f@group-0703CE367BA1: shutdown
2019-09-24 10:05:38,449 [grpc-default-executor-3] INFO  util.JmxRegister (JmxRegister.java:unregister(73)) - Successfully un-registered JMX Bean with object name Ratis:service=RaftServer,group=group-0703CE367BA1,id=73f5925b-aae6-4cfe-b968-198325afa02f
2019-09-24 10:05:38,449 [grpc-default-executor-3] INFO  impl.RoleInfo (RoleInfo.java:shutdownFollowerState(121)) - 73f5925b-aae6-4cfe-b968-198325afa02f: shutdown FollowerState
2019-09-24 10:05:38,449 [grpc-default-executor-3] INFO  impl.StateMachineUpdater (StateMachineUpdater.java:stopAndJoin(125)) - 73f5925b-aae6-4cfe-b968-198325afa02f@group-0703CE367BA1-StateMachineUpdater: set stopIndex = 16
2019-09-24 10:05:38,449 [Thread-581] INFO  impl.FollowerState (FollowerState.java:run(115)) - 73f5925b-aae6-4cfe-b968-198325afa02f: FollowerState was interrupted: java.lang.InterruptedException: sleep interrupted
2019-09-24 10:05:38,451 [73f5925b-aae6-4cfe-b968-198325afa02f@group-0703CE367BA1-StateMachineUpdater] INFO  ratis.ContainerStateMachine (ContainerStateMachine.java:takeSnapshot(289)) - group-0703CE367BA1: Taking a snapshot at:(t:1, i:14) file /workdir/hadoop-ozone/integration-test/target/test-dir/MiniOzoneClusterImpl-d70413e3-a1ae-4d90-b762-cca2fb58af6e/datanode-4/data/ratis/5319fc9f-e9f7-46c4-be08-0703ce367ba1/sm/snapshot.1_14
2019-09-24 10:05:38,498 [73f5925b-aae6-4cfe-b968-198325afa02f@group-0703CE367BA1-StateMachineUpdater] INFO  ratis.ContainerStateMachine (ContainerStateMachine.java:takeSnapshot(300)) - group-0703CE367BA1: Finished taking a snapshot at:(t:1, i:14) file:/workdir/hadoop-ozone/integration-test/target/test-dir/MiniOzoneClusterImpl-d70413e3-a1ae-4d90-b762-cca2fb58af6e/datanode-4/data/ratis/5319fc9f-e9f7-46c4-be08-0703ce367ba1/sm/snapshot.1_14 time:50
2019-09-24 10:05:38,499 [73f5925b-aae6-4cfe-b968-198325afa02f@group-0703CE367BA1-StateMachineUpdater] INFO  impl.StateMachineUpdater (StateMachineUpdater.java:takeSnapshot(258)) - 73f5925b-aae6-4cfe-b968-198325afa02f@group-0703CE367BA1-StateMachineUpdater: Took a snapshot at index 14
2019-09-24 10:05:38,499 [73f5925b-aae6-4cfe-b968-198325afa02f@group-0703CE367BA1-StateMachineUpdater] INFO  impl.StateMachineUpdater (StateMachineUpdater.java:lambda$new$0(83)) - 73f5925b-aae6-4cfe-b968-198325afa02f@group-0703CE367BA1-StateMachineUpdater: snapshotIndex: updateIncreasingly -1 -> 14
2019-09-24 10:05:38,499 [73f5925b-aae6-4cfe-b968-198325afa02f@group-0703CE367BA1-StateMachineUpdater] INFO  ratis.ContainerStateMachine (ContainerStateMachine.java:takeSnapshot(289)) - group-0703CE367BA1: Taking a snapshot at:(t:1, i:14) file /workdir/hadoop-ozone/integration-test/target/test-dir/MiniOzoneClusterImpl-d70413e3-a1ae-4d90-b762-cca2fb58af6e/datanode-4/data/ratis/5319fc9f-e9f7-46c4-be08-0703ce367ba1/sm/snapshot.1_14
2019-09-24 10:05:38,551 [73f5925b-aae6-4cfe-b968-198325afa02f@group-0703CE367BA1-StateMachineUpdater] INFO  ratis.ContainerStateMachine (ContainerStateMachine.java:takeSnapshot(300)) - group-0703CE367BA1: Finished taking a snapshot at:(t:1, i:14) file:/workdir/hadoop-ozone/integration-test/target/test-dir/MiniOzoneClusterImpl-d70413e3-a1ae-4d90-b762-cca2fb58af6e/datanode-4/data/ratis/5319fc9f-e9f7-46c4-be08-0703ce367ba1/sm/snapshot.1_14 time:51
2019-09-24 10:05:38,552 [73f5925b-aae6-4cfe-b968-198325afa02f@group-0703CE367BA1-StateMachineUpdater] INFO  impl.StateMachineUpdater (StateMachineUpdater.java:takeSnapshot(258)) - 73f5925b-aae6-4cfe-b968-198325afa02f@group-0703CE367BA1-StateMachineUpdater: Took a snapshot at index 14
2019-09-24 10:05:38,552 [73f5925b-aae6-4cfe-b968-198325afa02f@group-0703CE367BA1-StateMachineUpdater] INFO  impl.StateMachineUpdater (StateMachineUpdater.java:lambda$new$0(83)) - 73f5925b-aae6-4cfe-b968-198325afa02f@group-0703CE367BA1-StateMachineUpdater: snapshotIndex: updateIncreasingly 14 -> 14
2019-09-24 10:05:38,552 [grpc-default-executor-3] INFO  impl.RaftServerImpl (ServerState.java:close(385)) - 73f5925b-aae6-4cfe-b968-198325afa02f@group-0703CE367BA1: closes. applyIndex: 16
2019-09-24 10:05:38,553 [73f5925b-aae6-4cfe-b968-198325afa02f@group-0703CE367BA1-SegmentedRaftLogWorker] INFO  segmented.SegmentedRaftLogWorker (SegmentedRaftLogWorker.java:run(313)) - 73f5925b-aae6-4cfe-b968-198325afa02f@group-0703CE367BA1-SegmentedRaftLogWorker was interrupted, exiting. There are 0 tasks remaining in the queue.
2019-09-24 10:05:38,556 [grpc-default-executor-3] INFO  segmented.SegmentedRaftLogWorker (SegmentedRaftLogWorker.java:close(228)) - 73f5925b-aae6-4cfe-b968-198325afa02f@group-0703CE367BA1-SegmentedRaftLogWorker close()
2019-09-24 10:05:38,605 [grpc-default-executor-3] INFO  interfaces.Container (KeyValueContainer.java:flushAndSyncDB(386)) - Container 1 is synced with bcsId 14.
2019-09-24 10:05:38,606 [grpc-default-executor-3] INFO  interfaces.Container (KeyValueContainer.java:flushAndSyncDB(386)) - Container 1 is synced with bcsId 14.
2019-09-24 10:05:38,620 [EventQueue-IncrementalContainerReportForIncrementalContainerReportHandler] INFO  container.IncrementalContainerReportHandler (AbstractContainerReportHandler.java:updateContainerState(169)) - Moving container #1 to QUASI_CLOSED state, datanode 73f5925b-aae6-4cfe-b968-198325afa02f{ip: 192.168.151.86, host: pr-hdds-2167-zx9qf-3539961911, networkLocation: /default-rack, certSerialId: null} reported QUASI_CLOSED replica.
2019-09-24 10:05:38,621 [RatisPipelineUtilsThread] INFO  pipeline.PipelineStateManager (PipelineStateManager.java:removePipeline(108)) - Pipeline Pipeline[ Id: 5319fc9f-e9f7-46c4-be08-0703ce367ba1, Nodes: 9fbd6b61-d2a0-4662-aa0c-aa486ff00031{ip: 192.168.151.86, host: pr-hdds-2167-zx9qf-3539961911, networkLocation: /default-rack, certSerialId: null}173df53c-8dc6-4b11-a763-b64e2e347262{ip: 192.168.151.86, host: pr-hdds-2167-zx9qf-3539961911, networkLocation: /default-rack, certSerialId: null}73f5925b-aae6-4cfe-b968-198325afa02f{ip: 192.168.151.86, host: pr-hdds-2167-zx9qf-3539961911, networkLocation: /default-rack, certSerialId: null}, Type:RATIS, Factor:THREE, State:CLOSED] removed from db
2019-09-24 10:05:38,813 [main] WARN  io.KeyOutputStream (KeyOutputStream.java:handleException(274)) - Encountered exception java.io.IOException: Unexpected Storage Container Exception: java.util.concurrent.CompletionException: java.util.concurrent.CompletionException: org.apache.ratis.protocol.GroupMismatchException: 73f5925b-aae6-4cfe-b968-198325afa02f: group-0703CE367BA1 not found. on the pipeline Pipeline[ Id: 5319fc9f-e9f7-46c4-be08-0703ce367ba1, Nodes: 9fbd6b61-d2a0-4662-aa0c-aa486ff00031{ip: 192.168.151.86, host: pr-hdds-2167-zx9qf-3539961911, networkLocation: /default-rack, certSerialId: null}173df53c-8dc6-4b11-a763-b64e2e347262{ip: 192.168.151.86, host: pr-hdds-2167-zx9qf-3539961911, networkLocation: /default-rack, certSerialId: null}73f5925b-aae6-4cfe-b968-198325afa02f{ip: 192.168.151.86, host: pr-hdds-2167-zx9qf-3539961911, networkLocation: /default-rack, certSerialId: null}, Type:RATIS, Factor:THREE, State:OPEN]. The last committed block length is 450, uncommitted data length is 350 retry count 0
2019-09-24 10:05:40,541 [main] WARN  scm.XceiverClientRatis (XceiverClientRatis.java:watchForCommit(292)) - 3 way commit failed on pipeline Pipeline[ Id: df7d5d25-9aa9-4428-bdda-bd290831e39a, Nodes: c7ed17ba-dd2e-4d16-a999-1242f7359890{ip: 192.168.151.86, host: pr-hdds-2167-zx9qf-3539961911, networkLocation: /default-rack, certSerialId: null}e624d7f2-a550-4cbc-b004-265b2259dace{ip: 192.168.151.86, host: pr-hdds-2167-zx9qf-3539961911, networkLocation: /default-rack, certSerialId: null}ac166eba-0491-4751-a0f9-d2aec0fce4ec{ip: 192.168.151.86, host: pr-hdds-2167-zx9qf-3539961911, networkLocation: /default-rack, certSerialId: null}, Type:RATIS, Factor:THREE, State:OPEN]
java.util.concurrent.TimeoutException
	at java.util.concurrent.CompletableFuture.timedGet(CompletableFuture.java:1771)
	at java.util.concurrent.CompletableFuture.get(CompletableFuture.java:1915)
	at org.apache.hadoop.hdds.scm.XceiverClientRatis.watchForCommit(XceiverClientRatis.java:289)
	at org.apache.hadoop.hdds.scm.storage.CommitWatcher.watchForCommit(CommitWatcher.java:194)
	at org.apache.hadoop.hdds.scm.storage.CommitWatcher.watchOnLastIndex(CommitWatcher.java:157)
	at org.apache.hadoop.hdds.scm.storage.BlockOutputStream.watchForCommit(BlockOutputStream.java:347)
	at org.apache.hadoop.hdds.scm.storage.BlockOutputStream.handleFlush(BlockOutputStream.java:479)
	at org.apache.hadoop.hdds.scm.storage.BlockOutputStream.flush(BlockOutputStream.java:428)
	at org.apache.hadoop.ozone.client.io.BlockOutputStreamEntry.flush(BlockOutputStreamEntry.java:136)
	at org.apache.hadoop.ozone.client.io.KeyOutputStream.handleFlushOrClose(KeyOutputStream.java:443)
	at org.apache.hadoop.ozone.client.io.KeyOutputStream.flush(KeyOutputStream.java:397)
	at org.apache.hadoop.ozone.client.io.OzoneOutputStream.flush(OzoneOutputStream.java:54)
	at org.apache.hadoop.ozone.client.rpc.TestBlockOutputStreamWithFailures.test2DatanodesFailure(TestBlockOutputStreamWithFailures.java:502)
	at sun.reflect.NativeMethodAccessorImpl.invoke0(Native Method)
	at sun.reflect.NativeMethodAccessorImpl.invoke(NativeMethodAccessorImpl.java:62)
	at sun.reflect.DelegatingMethodAccessorImpl.invoke(DelegatingMethodAccessorImpl.java:43)
	at java.lang.reflect.Method.invoke(Method.java:498)
	at org.junit.runners.model.FrameworkMethod$1.runReflectiveCall(FrameworkMethod.java:47)
	at org.junit.internal.runners.model.ReflectiveCallable.run(ReflectiveCallable.java:12)
	at org.junit.runners.model.FrameworkMethod.invokeExplosively(FrameworkMethod.java:44)
	at org.junit.internal.runners.statements.InvokeMethod.evaluate(InvokeMethod.java:17)
	at org.junit.internal.runners.statements.RunBefores.evaluate(RunBefores.java:26)
	at org.junit.internal.runners.statements.RunAfters.evaluate(RunAfters.java:27)
	at org.junit.runners.ParentRunner.runLeaf(ParentRunner.java:271)
	at org.junit.runners.BlockJUnit4ClassRunner.runChild(BlockJUnit4ClassRunner.java:70)
	at org.junit.runners.BlockJUnit4ClassRunner.runChild(BlockJUnit4ClassRunner.java:50)
	at org.junit.runners.ParentRunner$3.run(ParentRunner.java:238)
	at org.junit.runners.ParentRunner$1.schedule(ParentRunner.java:63)
	at org.junit.runners.ParentRunner.runChildren(ParentRunner.java:236)
	at org.junit.runners.ParentRunner.access$000(ParentRunner.java:53)
	at org.junit.runners.ParentRunner$2.evaluate(ParentRunner.java:229)
	at org.junit.runners.ParentRunner.run(ParentRunner.java:309)
	at org.apache.maven.surefire.junit4.JUnit4Provider.execute(JUnit4Provider.java:365)
	at org.apache.maven.surefire.junit4.JUnit4Provider.executeWithRerun(JUnit4Provider.java:273)
	at org.apache.maven.surefire.junit4.JUnit4Provider.executeTestSet(JUnit4Provider.java:238)
	at org.apache.maven.surefire.junit4.JUnit4Provider.invoke(JUnit4Provider.java:159)
	at org.apache.maven.surefire.booter.ForkedBooter.invokeProviderInSameClassLoader(ForkedBooter.java:384)
	at org.apache.maven.surefire.booter.ForkedBooter.runSuitesInProcess(ForkedBooter.java:345)
	at org.apache.maven.surefire.booter.ForkedBooter.execute(ForkedBooter.java:126)
	at org.apache.maven.surefire.booter.ForkedBooter.main(ForkedBooter.java:418)
2019-09-24 10:05:41,543 [main] WARN  storage.CommitWatcher (CommitWatcher.java:watchForCommit(203)) - watchForCommit failed for index 14
java.util.concurrent.TimeoutException
	at java.util.concurrent.CompletableFuture.timedGet(CompletableFuture.java:1771)
	at java.util.concurrent.CompletableFuture.get(CompletableFuture.java:1915)
	at org.apache.hadoop.hdds.scm.XceiverClientRatis.watchForCommit(XceiverClientRatis.java:298)
	at org.apache.hadoop.hdds.scm.storage.CommitWatcher.watchForCommit(CommitWatcher.java:194)
	at org.apache.hadoop.hdds.scm.storage.CommitWatcher.watchOnLastIndex(CommitWatcher.java:157)
	at org.apache.hadoop.hdds.scm.storage.BlockOutputStream.watchForCommit(BlockOutputStream.java:347)
	at org.apache.hadoop.hdds.scm.storage.BlockOutputStream.handleFlush(BlockOutputStream.java:479)
	at org.apache.hadoop.hdds.scm.storage.BlockOutputStream.flush(BlockOutputStream.java:428)
	at org.apache.hadoop.ozone.client.io.BlockOutputStreamEntry.flush(BlockOutputStreamEntry.java:136)
	at org.apache.hadoop.ozone.client.io.KeyOutputStream.handleFlushOrClose(KeyOutputStream.java:443)
	at org.apache.hadoop.ozone.client.io.KeyOutputStream.flush(KeyOutputStream.java:397)
	at org.apache.hadoop.ozone.client.io.OzoneOutputStream.flush(OzoneOutputStream.java:54)
	at org.apache.hadoop.ozone.client.rpc.TestBlockOutputStreamWithFailures.test2DatanodesFailure(TestBlockOutputStreamWithFailures.java:502)
	at sun.reflect.NativeMethodAccessorImpl.invoke0(Native Method)
	at sun.reflect.NativeMethodAccessorImpl.invoke(NativeMethodAccessorImpl.java:62)
	at sun.reflect.DelegatingMethodAccessorImpl.invoke(DelegatingMethodAccessorImpl.java:43)
	at java.lang.reflect.Method.invoke(Method.java:498)
	at org.junit.runners.model.FrameworkMethod$1.runReflectiveCall(FrameworkMethod.java:47)
	at org.junit.internal.runners.model.ReflectiveCallable.run(ReflectiveCallable.java:12)
	at org.junit.runners.model.FrameworkMethod.invokeExplosively(FrameworkMethod.java:44)
	at org.junit.internal.runners.statements.InvokeMethod.evaluate(InvokeMethod.java:17)
	at org.junit.internal.runners.statements.RunBefores.evaluate(RunBefores.java:26)
	at org.junit.internal.runners.statements.RunAfters.evaluate(RunAfters.java:27)
	at org.junit.runners.ParentRunner.runLeaf(ParentRunner.java:271)
	at org.junit.runners.BlockJUnit4ClassRunner.runChild(BlockJUnit4ClassRunner.java:70)
	at org.junit.runners.BlockJUnit4ClassRunner.runChild(BlockJUnit4ClassRunner.java:50)
	at org.junit.runners.ParentRunner$3.run(ParentRunner.java:238)
	at org.junit.runners.ParentRunner$1.schedule(ParentRunner.java:63)
	at org.junit.runners.ParentRunner.runChildren(ParentRunner.java:236)
	at org.junit.runners.ParentRunner.access$000(ParentRunner.java:53)
	at org.junit.runners.ParentRunner$2.evaluate(ParentRunner.java:229)
	at org.junit.runners.ParentRunner.run(ParentRunner.java:309)
	at org.apache.maven.surefire.junit4.JUnit4Provider.execute(JUnit4Provider.java:365)
	at org.apache.maven.surefire.junit4.JUnit4Provider.executeWithRerun(JUnit4Provider.java:273)
	at org.apache.maven.surefire.junit4.JUnit4Provider.executeTestSet(JUnit4Provider.java:238)
	at org.apache.maven.surefire.junit4.JUnit4Provider.invoke(JUnit4Provider.java:159)
	at org.apache.maven.surefire.booter.ForkedBooter.invokeProviderInSameClassLoader(ForkedBooter.java:384)
	at org.apache.maven.surefire.booter.ForkedBooter.runSuitesInProcess(ForkedBooter.java:345)
	at org.apache.maven.surefire.booter.ForkedBooter.execute(ForkedBooter.java:126)
	at org.apache.maven.surefire.booter.ForkedBooter.main(ForkedBooter.java:418)
2019-09-24 10:05:41,544 [main] WARN  io.KeyOutputStream (KeyOutputStream.java:handleException(274)) - Encountered exception java.io.IOException: Unexpected Storage Container Exception: java.io.IOException: Unexpected Storage Container Exception: java.util.concurrent.TimeoutException on the pipeline Pipeline[ Id: df7d5d25-9aa9-4428-bdda-bd290831e39a, Nodes: c7ed17ba-dd2e-4d16-a999-1242f7359890{ip: 192.168.151.86, host: pr-hdds-2167-zx9qf-3539961911, networkLocation: /default-rack, certSerialId: null}e624d7f2-a550-4cbc-b004-265b2259dace{ip: 192.168.151.86, host: pr-hdds-2167-zx9qf-3539961911, networkLocation: /default-rack, certSerialId: null}ac166eba-0491-4751-a0f9-d2aec0fce4ec{ip: 192.168.151.86, host: pr-hdds-2167-zx9qf-3539961911, networkLocation: /default-rack, certSerialId: null}, Type:RATIS, Factor:THREE, State:OPEN]. The last committed block length is 400, uncommitted data length is 50 retry count 0
2019-09-24 10:05:41,549 [IPC Server handler 17 on 44613] WARN  block.BlockManagerImpl (BlockManagerImpl.java:allocateBlock(192)) - Pipeline creation failed for type:RATIS factor:THREE. Retrying get pipelines call once.
org.apache.hadoop.hdds.scm.pipeline.InsufficientDatanodesException: Cannot create pipeline of factor 3 using 2 nodes.
	at org.apache.hadoop.hdds.scm.pipeline.RatisPipelineProvider.create(RatisPipelineProvider.java:153)
	at org.apache.hadoop.hdds.scm.pipeline.PipelineFactory.create(PipelineFactory.java:58)
	at org.apache.hadoop.hdds.scm.pipeline.SCMPipelineManager.createPipeline(SCMPipelineManager.java:155)
	at org.apache.hadoop.hdds.scm.block.BlockManagerImpl.allocateBlock(BlockManagerImpl.java:190)
	at org.apache.hadoop.hdds.scm.server.SCMBlockProtocolServer.allocateBlock(SCMBlockProtocolServer.java:182)
	at org.apache.hadoop.ozone.protocolPB.ScmBlockLocationProtocolServerSideTranslatorPB.allocateScmBlock(ScmBlockLocationProtocolServerSideTranslatorPB.java:183)
	at org.apache.hadoop.ozone.protocolPB.ScmBlockLocationProtocolServerSideTranslatorPB.processMessage(ScmBlockLocationProtocolServerSideTranslatorPB.java:141)
	at org.apache.hadoop.ozone.protocolPB.ScmBlockLocationProtocolServerSideTranslatorPB.send(ScmBlockLocationProtocolServerSideTranslatorPB.java:116)
	at org.apache.hadoop.hdds.protocol.proto.ScmBlockLocationProtocolProtos$ScmBlockLocationProtocolService$2.callBlockingMethod(ScmBlockLocationProtocolProtos.java:13157)
	at org.apache.hadoop.ipc.ProtobufRpcEngine$Server$ProtoBufRpcInvoker.call(ProtobufRpcEngine.java:524)
	at org.apache.hadoop.ipc.RPC$Server.call(RPC.java:1025)
	at org.apache.hadoop.ipc.Server$RpcCall.run(Server.java:876)
	at org.apache.hadoop.ipc.Server$RpcCall.run(Server.java:822)
	at java.security.AccessController.doPrivileged(Native Method)
	at javax.security.auth.Subject.doAs(Subject.java:422)
	at org.apache.hadoop.security.UserGroupInformation.doAs(UserGroupInformation.java:1730)
	at org.apache.hadoop.ipc.Server$Handler.run(Server.java:2682)
2019-09-24 10:05:41,552 [IPC Server handler 17 on 44613] INFO  block.BlockManagerImpl (BlockManagerImpl.java:allocateBlock(198)) - Could not find available pipeline of type:RATIS and factor:THREE even after retrying
2019-09-24 10:05:41,552 [IPC Server handler 17 on 44613] ERROR block.BlockManagerImpl (BlockManagerImpl.java:allocateBlock(222)) - Unable to allocate a block for the size: 800, type: RATIS, factor: THREE
2019-09-24 10:05:41,555 [main] ERROR io.BlockOutputStreamEntryPool (BlockOutputStreamEntryPool.java:allocateBlockIfNeeded(299)) - Try to allocate more blocks for write failed, already allocated 0 blocks for this write.
INTERNAL_ERROR org.apache.hadoop.ozone.om.exceptions.OMException: Allocated 0 blocks. Requested 1 blocks
	at org.apache.hadoop.ozone.om.protocolPB.OzoneManagerProtocolClientSideTranslatorPB.handleError(OzoneManagerProtocolClientSideTranslatorPB.java:732)
	at org.apache.hadoop.ozone.om.protocolPB.OzoneManagerProtocolClientSideTranslatorPB.allocateBlock(OzoneManagerProtocolClientSideTranslatorPB.java:764)
	at sun.reflect.NativeMethodAccessorImpl.invoke0(Native Method)
	at sun.reflect.NativeMethodAccessorImpl.invoke(NativeMethodAccessorImpl.java:62)
	at sun.reflect.DelegatingMethodAccessorImpl.invoke(DelegatingMethodAccessorImpl.java:43)
	at java.lang.reflect.Method.invoke(Method.java:498)
	at org.apache.hadoop.hdds.tracing.TraceAllMethod.invoke(TraceAllMethod.java:66)
	at com.sun.proxy.$Proxy37.allocateBlock(Unknown Source)
	at org.apache.hadoop.ozone.client.io.BlockOutputStreamEntryPool.allocateNewBlock(BlockOutputStreamEntryPool.java:248)
	at org.apache.hadoop.ozone.client.io.BlockOutputStreamEntryPool.allocateBlockIfNeeded(BlockOutputStreamEntryPool.java:296)
	at org.apache.hadoop.ozone.client.io.KeyOutputStream.handleWrite(KeyOutputStream.java:198)
	at org.apache.hadoop.ozone.client.io.KeyOutputStream.handleRetry(KeyOutputStream.java:375)
	at org.apache.hadoop.ozone.client.io.KeyOutputStream.handleException(KeyOutputStream.java:324)
	at org.apache.hadoop.ozone.client.io.KeyOutputStream.handleFlushOrClose(KeyOutputStream.java:449)
	at org.apache.hadoop.ozone.client.io.KeyOutputStream.flush(KeyOutputStream.java:397)
	at org.apache.hadoop.ozone.client.io.OzoneOutputStream.flush(OzoneOutputStream.java:54)
	at org.apache.hadoop.ozone.client.rpc.TestBlockOutputStreamWithFailures.test2DatanodesFailure(TestBlockOutputStreamWithFailures.java:502)
	at sun.reflect.NativeMethodAccessorImpl.invoke0(Native Method)
	at sun.reflect.NativeMethodAccessorImpl.invoke(NativeMethodAccessorImpl.java:62)
	at sun.reflect.DelegatingMethodAccessorImpl.invoke(DelegatingMethodAccessorImpl.java:43)
	at java.lang.reflect.Method.invoke(Method.java:498)
	at org.junit.runners.model.FrameworkMethod$1.runReflectiveCall(FrameworkMethod.java:47)
	at org.junit.internal.runners.model.ReflectiveCallable.run(ReflectiveCallable.java:12)
	at org.junit.runners.model.FrameworkMethod.invokeExplosively(FrameworkMethod.java:44)
	at org.junit.internal.runners.statements.InvokeMethod.evaluate(InvokeMethod.java:17)
	at org.junit.internal.runners.statements.RunBefores.evaluate(RunBefores.java:26)
	at org.junit.internal.runners.statements.RunAfters.evaluate(RunAfters.java:27)
	at org.junit.runners.ParentRunner.runLeaf(ParentRunner.java:271)
	at org.junit.runners.BlockJUnit4ClassRunner.runChild(BlockJUnit4ClassRunner.java:70)
	at org.junit.runners.BlockJUnit4ClassRunner.runChild(BlockJUnit4ClassRunner.java:50)
	at org.junit.runners.ParentRunner$3.run(ParentRunner.java:238)
	at org.junit.runners.ParentRunner$1.schedule(ParentRunner.java:63)
	at org.junit.runners.ParentRunner.runChildren(ParentRunner.java:236)
	at org.junit.runners.ParentRunner.access$000(ParentRunner.java:53)
	at org.junit.runners.ParentRunner$2.evaluate(ParentRunner.java:229)
	at org.junit.runners.ParentRunner.run(ParentRunner.java:309)
	at org.apache.maven.surefire.junit4.JUnit4Provider.execute(JUnit4Provider.java:365)
	at org.apache.maven.surefire.junit4.JUnit4Provider.executeWithRerun(JUnit4Provider.java:273)
	at org.apache.maven.surefire.junit4.JUnit4Provider.executeTestSet(JUnit4Provider.java:238)
	at org.apache.maven.surefire.junit4.JUnit4Provider.invoke(JUnit4Provider.java:159)
	at org.apache.maven.surefire.booter.ForkedBooter.invokeProviderInSameClassLoader(ForkedBooter.java:384)
	at org.apache.maven.surefire.booter.ForkedBooter.runSuitesInProcess(ForkedBooter.java:345)
	at org.apache.maven.surefire.booter.ForkedBooter.execute(ForkedBooter.java:126)
	at org.apache.maven.surefire.booter.ForkedBooter.main(ForkedBooter.java:418)
2019-09-24 10:05:41,557 [main] INFO  ozone.MiniOzoneClusterImpl (MiniOzoneClusterImpl.java:shutdown(314)) - Shutting down the Mini Ozone Cluster
2019-09-24 10:05:41,557 [main] INFO  ozone.MiniOzoneClusterImpl (MiniOzoneClusterImpl.java:stop(330)) - Stopping the Mini Ozone Cluster
2019-09-24 10:05:41,557 [main] INFO  ozone.MiniOzoneClusterImpl (MiniOzoneClusterImpl.java:stopOM(400)) - Stopping the OzoneManager
2019-09-24 10:05:41,558 [main] INFO  ipc.Server (Server.java:stop(3082)) - Stopping server on 44149
2019-09-24 10:05:41,564 [IPC Server listener on 44149] INFO  ipc.Server (Server.java:run(1185)) - Stopping IPC Server listener on 44149
2019-09-24 10:05:41,566 [main] INFO  ratis.OzoneManagerDoubleBuffer (OzoneManagerDoubleBuffer.java:stop(248)) - Stopping OMDoubleBuffer flush thread
2019-09-24 10:05:41,566 [IPC Server Responder] INFO  ipc.Server (Server.java:run(1319)) - Stopping IPC Server Responder
2019-09-24 10:05:41,570 [OMDoubleBufferFlushThread] INFO  ratis.OzoneManagerDoubleBuffer (OzoneManagerDoubleBuffer.java:flushTransactions(191)) - OMDoubleBuffer flush thread OMDoubleBufferFlushThread is interrupted and will exit. OMDoubleBufferFlushThread
2019-09-24 10:05:41,576 [main] INFO  utils.BackgroundService (BackgroundService.java:shutdown(148)) - Shutting down service KeyDeletingService
2019-09-24 10:05:41,591 [main] INFO  handler.ContextHandler (ContextHandler.java:doStop(910)) - Stopped o.e.j.w.WebAppContext@319854f0{/,null,UNAVAILABLE}{/ozoneManager}
2019-09-24 10:05:41,591 [main] INFO  server.AbstractConnector (AbstractConnector.java:doStop(318)) - Stopped ServerConnector@748fe51d{HTTP/1.1,[http/1.1]}{0.0.0.0:0}
2019-09-24 10:05:41,592 [main] INFO  handler.ContextHandler (ContextHandler.java:doStop(910)) - Stopped o.e.j.s.ServletContextHandler@20ed3303{/static,file:///workdir/hadoop-ozone/integration-test/target/test-classes/webapps/static,UNAVAILABLE}
2019-09-24 10:05:41,592 [main] INFO  handler.ContextHandler (ContextHandler.java:doStop(910)) - Stopped o.e.j.s.ServletContextHandler@1542af63{/logs,file:///workdir/hadoop-ozone/integration-test/target/log,UNAVAILABLE}
2019-09-24 10:05:41,595 [main] INFO  ozone.MiniOzoneClusterImpl (MiniOzoneClusterImpl.java:stopDatanodes(377)) - Stopping the HddsDatanodes
2019-09-24 10:05:41,617 [Datanode State Machine Thread - 0] INFO  statemachine.DatanodeStateMachine (DatanodeStateMachine.java:lambda$startDaemon$0(350)) - Ozone container server started.
2019-09-24 10:05:42,125 [Datanode State Machine Thread - 0] INFO  statemachine.DatanodeStateMachine (DatanodeStateMachine.java:lambda$startDaemon$0(350)) - Ozone container server started.
2019-09-24 10:05:43,426 [RatisPipelineUtilsThread] WARN  pipeline.RatisPipelineUtils (RatisPipelineUtils.java:destroyPipeline(67)) - Pipeline destroy failed for pipeline=PipelineID=5ec84ff2-6021-43db-9432-401ef4a6389c dn=173df53c-8dc6-4b11-a763-b64e2e347262{ip: 192.168.151.86, host: pr-hdds-2167-zx9qf-3539961911, networkLocation: /default-rack, certSerialId: null}
2019-09-24 10:05:43,427 [RatisPipelineUtilsThread] INFO  pipeline.PipelineStateManager (PipelineStateManager.java:removePipeline(108)) - Pipeline Pipeline[ Id: 5ec84ff2-6021-43db-9432-401ef4a6389c, Nodes: 173df53c-8dc6-4b11-a763-b64e2e347262{ip: 192.168.151.86, host: pr-hdds-2167-zx9qf-3539961911, networkLocation: /default-rack, certSerialId: null}, Type:RATIS, Factor:ONE, State:CLOSED] removed from db
2019-09-24 10:05:43,429 [RatisPipelineUtilsThread] WARN  pipeline.RatisPipelineUtils (RatisPipelineUtils.java:destroyPipeline(67)) - Pipeline destroy failed for pipeline=PipelineID=5319fc9f-e9f7-46c4-be08-0703ce367ba1 dn=9fbd6b61-d2a0-4662-aa0c-aa486ff00031{ip: 192.168.151.86, host: pr-hdds-2167-zx9qf-3539961911, networkLocation: /default-rack, certSerialId: null}
2019-09-24 10:05:43,431 [RatisPipelineUtilsThread] WARN  pipeline.RatisPipelineUtils (RatisPipelineUtils.java:destroyPipeline(67)) - Pipeline destroy failed for pipeline=PipelineID=5319fc9f-e9f7-46c4-be08-0703ce367ba1 dn=173df53c-8dc6-4b11-a763-b64e2e347262{ip: 192.168.151.86, host: pr-hdds-2167-zx9qf-3539961911, networkLocation: /default-rack, certSerialId: null}
2019-09-24 10:05:43,434 [grpc-default-executor-7] INFO  impl.RaftServerProxy (RaftServerProxy.java:remove(95)) - 73f5925b-aae6-4cfe-b968-198325afa02f: remove group-0703CE367BA1:null
2019-09-24 10:05:43,444 [RatisPipelineUtilsThread] WARN  pipeline.RatisPipelineUtils (RatisPipelineUtils.java:destroyPipeline(67)) - Pipeline destroy failed for pipeline=PipelineID=5319fc9f-e9f7-46c4-be08-0703ce367ba1 dn=73f5925b-aae6-4cfe-b968-198325afa02f{ip: 192.168.151.86, host: pr-hdds-2167-zx9qf-3539961911, networkLocation: /default-rack, certSerialId: null}
2019-09-24 10:05:43,444 [RatisPipelineUtilsThread] ERROR pipeline.SCMPipelineManager (Scheduler.java:lambda$schedule$1(70)) - Destroy pipeline failed for pipeline:Pipeline[ Id: 5319fc9f-e9f7-46c4-be08-0703ce367ba1, Nodes: 9fbd6b61-d2a0-4662-aa0c-aa486ff00031{ip: 192.168.151.86, host: pr-hdds-2167-zx9qf-3539961911, networkLocation: /default-rack, certSerialId: null}173df53c-8dc6-4b11-a763-b64e2e347262{ip: 192.168.151.86, host: pr-hdds-2167-zx9qf-3539961911, networkLocation: /default-rack, certSerialId: null}73f5925b-aae6-4cfe-b968-198325afa02f{ip: 192.168.151.86, host: pr-hdds-2167-zx9qf-3539961911, networkLocation: /default-rack, certSerialId: null}, Type:RATIS, Factor:THREE, State:CLOSED]
org.apache.hadoop.hdds.scm.pipeline.PipelineNotFoundException: PipelineID=5319fc9f-e9f7-46c4-be08-0703ce367ba1 not found
	at org.apache.hadoop.hdds.scm.pipeline.PipelineStateMap.getPipeline(PipelineStateMap.java:132)
	at org.apache.hadoop.hdds.scm.pipeline.PipelineStateMap.removePipeline(PipelineStateMap.java:322)
	at org.apache.hadoop.hdds.scm.pipeline.PipelineStateManager.removePipeline(PipelineStateManager.java:107)
	at org.apache.hadoop.hdds.scm.pipeline.SCMPipelineManager.removePipeline(SCMPipelineManager.java:427)
	at org.apache.hadoop.hdds.scm.pipeline.SCMPipelineManager.destroyPipeline(SCMPipelineManager.java:413)
	at org.apache.hadoop.hdds.scm.pipeline.SCMPipelineManager.lambda$finalizeAndDestroyPipeline$0(SCMPipelineManager.java:322)
	at org.apache.hadoop.hdds.utils.Scheduler.lambda$schedule$1(Scheduler.java:68)
	at java.util.concurrent.Executors$RunnableAdapter.call(Executors.java:511)
	at java.util.concurrent.FutureTask.run(FutureTask.java:266)
	at java.util.concurrent.ScheduledThreadPoolExecutor$ScheduledFutureTask.access$201(ScheduledThreadPoolExecutor.java:180)
	at java.util.concurrent.ScheduledThreadPoolExecutor$ScheduledFutureTask.run(ScheduledThreadPoolExecutor.java:293)
	at java.util.concurrent.ThreadPoolExecutor.runWorker(ThreadPoolExecutor.java:1149)
	at java.util.concurrent.ThreadPoolExecutor$Worker.run(ThreadPoolExecutor.java:624)
	at java.lang.Thread.run(Thread.java:748)
2019-09-24 10:05:45,628 [EventQueue-StaleNodeForStaleNodeHandler] INFO  node.StaleNodeHandler (StaleNodeHandler.java:onMessage(58)) - Datanode 73f5925b-aae6-4cfe-b968-198325afa02f{ip: 192.168.151.86, host: pr-hdds-2167-zx9qf-3539961911, networkLocation: /default-rack, certSerialId: null} moved to stale state. Finalizing its pipelines [PipelineID=399fdcf4-9cbb-46ef-9b7e-b429c787c2d8]
2019-09-24 10:05:45,629 [EventQueue-StaleNodeForStaleNodeHandler] INFO  pipeline.SCMPipelineManager (SCMPipelineManager.java:finalizeAndDestroyPipeline(315)) - destroying pipeline:Pipeline[ Id: 399fdcf4-9cbb-46ef-9b7e-b429c787c2d8, Nodes: 73f5925b-aae6-4cfe-b968-198325afa02f{ip: 192.168.151.86, host: pr-hdds-2167-zx9qf-3539961911, networkLocation: /default-rack, certSerialId: null}, Type:RATIS, Factor:ONE, State:OPEN]
2019-09-24 10:05:45,630 [EventQueue-StaleNodeForStaleNodeHandler] INFO  pipeline.PipelineStateManager (PipelineStateManager.java:finalizePipeline(123)) - Pipeline Pipeline[ Id: 399fdcf4-9cbb-46ef-9b7e-b429c787c2d8, Nodes: 73f5925b-aae6-4cfe-b968-198325afa02f{ip: 192.168.151.86, host: pr-hdds-2167-zx9qf-3539961911, networkLocation: /default-rack, certSerialId: null}, Type:RATIS, Factor:ONE, State:CLOSED] moved to CLOSED state
2019-09-24 10:05:46,129 [EventQueue-StaleNodeForStaleNodeHandler] INFO  node.StaleNodeHandler (StaleNodeHandler.java:onMessage(58)) - Datanode ac166eba-0491-4751-a0f9-d2aec0fce4ec{ip: 192.168.151.86, host: pr-hdds-2167-zx9qf-3539961911, networkLocation: /default-rack, certSerialId: null} moved to stale state. Finalizing its pipelines [PipelineID=df7d5d25-9aa9-4428-bdda-bd290831e39a, PipelineID=0cf2fa99-6df8-48ed-a878-8b9b73852f1c]
2019-09-24 10:05:46,129 [EventQueue-StaleNodeForStaleNodeHandler] INFO  pipeline.SCMPipelineManager (SCMPipelineManager.java:finalizeAndDestroyPipeline(315)) - destroying pipeline:Pipeline[ Id: df7d5d25-9aa9-4428-bdda-bd290831e39a, Nodes: c7ed17ba-dd2e-4d16-a999-1242f7359890{ip: 192.168.151.86, host: pr-hdds-2167-zx9qf-3539961911, networkLocation: /default-rack, certSerialId: null}e624d7f2-a550-4cbc-b004-265b2259dace{ip: 192.168.151.86, host: pr-hdds-2167-zx9qf-3539961911, networkLocation: /default-rack, certSerialId: null}ac166eba-0491-4751-a0f9-d2aec0fce4ec{ip: 192.168.151.86, host: pr-hdds-2167-zx9qf-3539961911, networkLocation: /default-rack, certSerialId: null}, Type:RATIS, Factor:THREE, State:OPEN]
2019-09-24 10:05:46,129 [EventQueue-StaleNodeForStaleNodeHandler] INFO  pipeline.PipelineStateManager (PipelineStateManager.java:finalizePipeline(123)) - Pipeline Pipeline[ Id: df7d5d25-9aa9-4428-bdda-bd290831e39a, Nodes: c7ed17ba-dd2e-4d16-a999-1242f7359890{ip: 192.168.151.86, host: pr-hdds-2167-zx9qf-3539961911, networkLocation: /default-rack, certSerialId: null}e624d7f2-a550-4cbc-b004-265b2259dace{ip: 192.168.151.86, host: pr-hdds-2167-zx9qf-3539961911, networkLocation: /default-rack, certSerialId: null}ac166eba-0491-4751-a0f9-d2aec0fce4ec{ip: 192.168.151.86, host: pr-hdds-2167-zx9qf-3539961911, networkLocation: /default-rack, certSerialId: null}, Type:RATIS, Factor:THREE, State:CLOSED] moved to CLOSED state
2019-09-24 10:05:46,130 [EventQueue-CloseContainerForCloseContainerEventHandler] INFO  container.CloseContainerEventHandler (CloseContainerEventHandler.java:onMessage(61)) - Close container Event triggered for container : #2
2019-09-24 10:05:46,134 [EventQueue-StaleNodeForStaleNodeHandler] INFO  pipeline.SCMPipelineManager (SCMPipelineManager.java:finalizeAndDestroyPipeline(315)) - destroying pipeline:Pipeline[ Id: 0cf2fa99-6df8-48ed-a878-8b9b73852f1c, Nodes: ac166eba-0491-4751-a0f9-d2aec0fce4ec{ip: 192.168.151.86, host: pr-hdds-2167-zx9qf-3539961911, networkLocation: /default-rack, certSerialId: null}, Type:RATIS, Factor:ONE, State:OPEN]
2019-09-24 10:05:46,136 [EventQueue-StaleNodeForStaleNodeHandler] INFO  pipeline.PipelineStateManager (PipelineStateManager.java:finalizePipeline(123)) - Pipeline Pipeline[ Id: 0cf2fa99-6df8-48ed-a878-8b9b73852f1c, Nodes: ac166eba-0491-4751-a0f9-d2aec0fce4ec{ip: 192.168.151.86, host: pr-hdds-2167-zx9qf-3539961911, networkLocation: /default-rack, certSerialId: null}, Type:RATIS, Factor:ONE, State:CLOSED] moved to CLOSED state
2019-09-24 10:05:46,598 [ForkJoinPool.commonPool-worker-0] INFO  ozoneimpl.OzoneContainer (OzoneContainer.java:stop(231)) - Attempting to stop container services.
2019-09-24 10:05:46,598 [main] INFO  ozoneimpl.OzoneContainer (OzoneContainer.java:stop(231)) - Attempting to stop container services.
2019-09-24 10:05:46,599 [ForkJoinPool.commonPool-worker-0] INFO  impl.RaftServerProxy (RaftServerProxy.java:lambda$close$4(314)) - ac166eba-0491-4751-a0f9-d2aec0fce4ec: close
2019-09-24 10:05:46,599 [main] INFO  impl.RaftServerProxy (RaftServerProxy.java:lambda$close$4(314)) - 73f5925b-aae6-4cfe-b968-198325afa02f: close
2019-09-24 10:05:46,599 [ForkJoinPool.commonPool-worker-0] INFO  impl.RaftServerImpl (RaftServerImpl.java:lambda$shutdown$3(251)) - ac166eba-0491-4751-a0f9-d2aec0fce4ec@group-BD290831E39A: shutdown
2019-09-24 10:05:46,600 [main] INFO  impl.RaftServerImpl (RaftServerImpl.java:lambda$shutdown$3(251)) - 73f5925b-aae6-4cfe-b968-198325afa02f@group-B429C787C2D8: shutdown
2019-09-24 10:05:46,600 [ForkJoinPool.commonPool-worker-0] INFO  util.JmxRegister (JmxRegister.java:unregister(73)) - Successfully un-registered JMX Bean with object name Ratis:service=RaftServer,group=group-BD290831E39A,id=ac166eba-0491-4751-a0f9-d2aec0fce4ec
2019-09-24 10:05:46,600 [main] INFO  util.JmxRegister (JmxRegister.java:unregister(73)) - Successfully un-registered JMX Bean with object name Ratis:service=RaftServer,group=group-B429C787C2D8,id=73f5925b-aae6-4cfe-b968-198325afa02f
2019-09-24 10:05:46,600 [ForkJoinPool.commonPool-worker-0] INFO  impl.RoleInfo (RoleInfo.java:shutdownFollowerState(121)) - ac166eba-0491-4751-a0f9-d2aec0fce4ec: shutdown FollowerState
2019-09-24 10:05:46,601 [main] INFO  impl.RoleInfo (RoleInfo.java:shutdownLeaderState(104)) - 73f5925b-aae6-4cfe-b968-198325afa02f: shutdown LeaderState
2019-09-24 10:05:46,601 [Thread-410] INFO  impl.FollowerState (FollowerState.java:run(115)) - ac166eba-0491-4751-a0f9-d2aec0fce4ec: FollowerState was interrupted: java.lang.InterruptedException: sleep interrupted
2019-09-24 10:05:46,601 [ForkJoinPool.commonPool-worker-0] INFO  impl.StateMachineUpdater (StateMachineUpdater.java:stopAndJoin(125)) - ac166eba-0491-4751-a0f9-d2aec0fce4ec@group-BD290831E39A-StateMachineUpdater: set stopIndex = 16
2019-09-24 10:05:46,604 [main] INFO  impl.PendingRequests (PendingRequests.java:sendNotLeaderResponses(202)) - 73f5925b-aae6-4cfe-b968-198325afa02f-PendingRequests: sendNotLeaderResponses
2019-09-24 10:05:46,601 [ac166eba-0491-4751-a0f9-d2aec0fce4ec@group-BD290831E39A-StateMachineUpdater] INFO  ratis.ContainerStateMachine (ContainerStateMachine.java:takeSnapshot(289)) - group-BD290831E39A: Taking a snapshot at:(t:3, i:16) file /workdir/hadoop-ozone/integration-test/target/test-dir/MiniOzoneClusterImpl-d70413e3-a1ae-4d90-b762-cca2fb58af6e/datanode-2/data/ratis/df7d5d25-9aa9-4428-bdda-bd290831e39a/sm/snapshot.3_16
2019-09-24 10:05:46,604 [main] INFO  impl.StateMachineUpdater (StateMachineUpdater.java:stopAndJoin(125)) - 73f5925b-aae6-4cfe-b968-198325afa02f@group-B429C787C2D8-StateMachineUpdater: set stopIndex = 0
2019-09-24 10:05:46,605 [main] INFO  impl.RaftServerImpl (ServerState.java:close(385)) - 73f5925b-aae6-4cfe-b968-198325afa02f@group-B429C787C2D8: closes. applyIndex: 0
2019-09-24 10:05:46,606 [73f5925b-aae6-4cfe-b968-198325afa02f@group-B429C787C2D8-SegmentedRaftLogWorker] INFO  segmented.SegmentedRaftLogWorker (SegmentedRaftLogWorker.java:run(313)) - 73f5925b-aae6-4cfe-b968-198325afa02f@group-B429C787C2D8-SegmentedRaftLogWorker was interrupted, exiting. There are 0 tasks remaining in the queue.
2019-09-24 10:05:46,607 [main] INFO  segmented.SegmentedRaftLogWorker (SegmentedRaftLogWorker.java:close(228)) - 73f5925b-aae6-4cfe-b968-198325afa02f@group-B429C787C2D8-SegmentedRaftLogWorker close()
2019-09-24 10:05:46,611 [main] INFO  server.GrpcService (GrpcService.java:closeImpl(164)) - 73f5925b-aae6-4cfe-b968-198325afa02f: shutdown server with port 43477 now
2019-09-24 10:05:46,611 [ac166eba-0491-4751-a0f9-d2aec0fce4ec@group-BD290831E39A-StateMachineUpdater] INFO  ratis.ContainerStateMachine (ContainerStateMachine.java:takeSnapshot(300)) - group-BD290831E39A: Finished taking a snapshot at:(t:3, i:16) file:/workdir/hadoop-ozone/integration-test/target/test-dir/MiniOzoneClusterImpl-d70413e3-a1ae-4d90-b762-cca2fb58af6e/datanode-2/data/ratis/df7d5d25-9aa9-4428-bdda-bd290831e39a/sm/snapshot.3_16 time:11
2019-09-24 10:05:46,612 [ac166eba-0491-4751-a0f9-d2aec0fce4ec@group-BD290831E39A-StateMachineUpdater] INFO  impl.StateMachineUpdater (StateMachineUpdater.java:takeSnapshot(258)) - ac166eba-0491-4751-a0f9-d2aec0fce4ec@group-BD290831E39A-StateMachineUpdater: Took a snapshot at index 16
2019-09-24 10:05:46,612 [ac166eba-0491-4751-a0f9-d2aec0fce4ec@group-BD290831E39A-StateMachineUpdater] INFO  impl.StateMachineUpdater (StateMachineUpdater.java:lambda$new$0(83)) - ac166eba-0491-4751-a0f9-d2aec0fce4ec@group-BD290831E39A-StateMachineUpdater: snapshotIndex: updateIncreasingly -1 -> 16
2019-09-24 10:05:46,613 [ForkJoinPool.commonPool-worker-0] INFO  impl.RaftServerImpl (ServerState.java:close(385)) - ac166eba-0491-4751-a0f9-d2aec0fce4ec@group-BD290831E39A: closes. applyIndex: 16
2019-09-24 10:05:46,613 [main] INFO  server.GrpcService (GrpcService.java:closeImpl(172)) - 73f5925b-aae6-4cfe-b968-198325afa02f: shutdown server with port 43477 successfully
2019-09-24 10:05:46,613 [ac166eba-0491-4751-a0f9-d2aec0fce4ec@group-BD290831E39A-SegmentedRaftLogWorker] INFO  segmented.SegmentedRaftLogWorker (SegmentedRaftLogWorker.java:run(313)) - ac166eba-0491-4751-a0f9-d2aec0fce4ec@group-BD290831E39A-SegmentedRaftLogWorker was interrupted, exiting. There are 0 tasks remaining in the queue.
2019-09-24 10:05:46,616 [ForkJoinPool.commonPool-worker-0] INFO  segmented.SegmentedRaftLogWorker (SegmentedRaftLogWorker.java:close(228)) - ac166eba-0491-4751-a0f9-d2aec0fce4ec@group-BD290831E39A-SegmentedRaftLogWorker close()
2019-09-24 10:05:46,618 [ForkJoinPool.commonPool-worker-0] INFO  impl.RaftServerImpl (RaftServerImpl.java:lambda$shutdown$3(251)) - ac166eba-0491-4751-a0f9-d2aec0fce4ec@group-8B9B73852F1C: shutdown
2019-09-24 10:05:46,618 [ForkJoinPool.commonPool-worker-0] INFO  util.JmxRegister (JmxRegister.java:unregister(73)) - Successfully un-registered JMX Bean with object name Ratis:service=RaftServer,group=group-8B9B73852F1C,id=ac166eba-0491-4751-a0f9-d2aec0fce4ec
2019-09-24 10:05:46,619 [ForkJoinPool.commonPool-worker-0] INFO  impl.RoleInfo (RoleInfo.java:shutdownLeaderState(104)) - ac166eba-0491-4751-a0f9-d2aec0fce4ec: shutdown LeaderState
2019-09-24 10:05:46,619 [ForkJoinPool.commonPool-worker-0] INFO  impl.PendingRequests (PendingRequests.java:sendNotLeaderResponses(202)) - ac166eba-0491-4751-a0f9-d2aec0fce4ec-PendingRequests: sendNotLeaderResponses
2019-09-24 10:05:46,619 [refreshUsed-/workdir/hadoop-ozone/integration-test/target/test-dir/MiniOzoneClusterImpl-d70413e3-a1ae-4d90-b762-cca2fb58af6e/datanode-4/data/containers] WARN  fs.CachingGetSpaceUsed (CachingGetSpaceUsed.java:run(183)) - Thread Interrupted waiting to refresh disk information: sleep interrupted
2019-09-24 10:05:46,619 [ForkJoinPool.commonPool-worker-0] INFO  impl.StateMachineUpdater (StateMachineUpdater.java:stopAndJoin(125)) - ac166eba-0491-4751-a0f9-d2aec0fce4ec@group-8B9B73852F1C-StateMachineUpdater: set stopIndex = 0
2019-09-24 10:05:46,620 [ForkJoinPool.commonPool-worker-0] INFO  impl.RaftServerImpl (ServerState.java:close(385)) - ac166eba-0491-4751-a0f9-d2aec0fce4ec@group-8B9B73852F1C: closes. applyIndex: 0
2019-09-24 10:05:46,620 [ac166eba-0491-4751-a0f9-d2aec0fce4ec@group-8B9B73852F1C-SegmentedRaftLogWorker] INFO  segmented.SegmentedRaftLogWorker (SegmentedRaftLogWorker.java:run(313)) - ac166eba-0491-4751-a0f9-d2aec0fce4ec@group-8B9B73852F1C-SegmentedRaftLogWorker was interrupted, exiting. There are 0 tasks remaining in the queue.
2019-09-24 10:05:46,622 [ForkJoinPool.commonPool-worker-0] INFO  segmented.SegmentedRaftLogWorker (SegmentedRaftLogWorker.java:close(228)) - ac166eba-0491-4751-a0f9-d2aec0fce4ec@group-8B9B73852F1C-SegmentedRaftLogWorker close()
2019-09-24 10:05:46,624 [ForkJoinPool.commonPool-worker-0] INFO  server.GrpcService (GrpcService.java:closeImpl(164)) - ac166eba-0491-4751-a0f9-d2aec0fce4ec: shutdown server with port 34380 now
2019-09-24 10:05:46,626 [ForkJoinPool.commonPool-worker-0] INFO  server.GrpcService (GrpcService.java:closeImpl(172)) - ac166eba-0491-4751-a0f9-d2aec0fce4ec: shutdown server with port 34380 successfully
2019-09-24 10:05:46,626 [grpc-default-executor-4] WARN  server.GrpcServerProtocolService (LogUtils.java:warn(134)) - ac166eba-0491-4751-a0f9-d2aec0fce4ec: installSnapshot onError, lastRequest: c7ed17ba-dd2e-4d16-a999-1242f7359890->ac166eba-0491-4751-a0f9-d2aec0fce4ec#43-t3, previous=(t:3, i:16), leaderCommit=16, initializing? false, entries: <empty>: org.apache.ratis.thirdparty.io.grpc.StatusRuntimeException: CANCELLED: cancelled before receiving half close
2019-09-24 10:05:46,627 [grpc-default-executor-7] WARN  server.GrpcLogAppender (LogUtils.java:warn(134)) - c7ed17ba-dd2e-4d16-a999-1242f7359890@group-BD290831E39A->ac166eba-0491-4751-a0f9-d2aec0fce4ec-AppendLogResponseHandler: Failed appendEntries: org.apache.ratis.thirdparty.io.grpc.StatusRuntimeException: CANCELLED: HTTP/2 error code: CANCEL
Received Rst Stream
2019-09-24 10:05:46,639 [grpc-default-executor-7] INFO  impl.FollowerInfo (FollowerInfo.java:lambda$new$0(51)) - c7ed17ba-dd2e-4d16-a999-1242f7359890@group-BD290831E39A->ac166eba-0491-4751-a0f9-d2aec0fce4ec: nextIndex: updateUnconditionally 17 -> 16
2019-09-24 10:05:46,652 [refreshUsed-/workdir/hadoop-ozone/integration-test/target/test-dir/MiniOzoneClusterImpl-d70413e3-a1ae-4d90-b762-cca2fb58af6e/datanode-2/data/containers] WARN  fs.CachingGetSpaceUsed (CachingGetSpaceUsed.java:run(183)) - Thread Interrupted waiting to refresh disk information: sleep interrupted
2019-09-24 10:05:46,656 [main] INFO  utils.BackgroundService (BackgroundService.java:shutdown(148)) - Shutting down service BlockDeletingService
2019-09-24 10:05:46,660 [main] INFO  statemachine.DatanodeStateMachine (DatanodeStateMachine.java:stopDaemon(395)) - Ozone container server stopped.
2019-09-24 10:05:46,661 [main] INFO  handler.ContextHandler (ContextHandler.java:doStop(910)) - Stopped o.e.j.w.WebAppContext@142213d5{/,null,UNAVAILABLE}{/hddsDatanode}
2019-09-24 10:05:46,662 [main] INFO  server.AbstractConnector (AbstractConnector.java:doStop(318)) - Stopped ServerConnector@934b52f{HTTP/1.1,[http/1.1]}{0.0.0.0:0}
2019-09-24 10:05:46,662 [main] INFO  handler.ContextHandler (ContextHandler.java:doStop(910)) - Stopped o.e.j.s.ServletContextHandler@6f94fb9d{/static,jar:file:/home/user/.m2/repository/org/apache/hadoop/hadoop-hdds-container-service/0.5.0-SNAPSHOT/hadoop-hdds-container-service-0.5.0-SNAPSHOT.jar!/webapps/static,UNAVAILABLE}
2019-09-24 10:05:46,663 [main] INFO  handler.ContextHandler (ContextHandler.java:doStop(910)) - Stopped o.e.j.s.ServletContextHandler@2cae9b8{/logs,file:///workdir/hadoop-ozone/integration-test/target/log,UNAVAILABLE}
2019-09-24 10:05:46,667 [ForkJoinPool.commonPool-worker-0] INFO  utils.BackgroundService (BackgroundService.java:shutdown(148)) - Shutting down service BlockDeletingService
2019-09-24 10:05:46,670 [ForkJoinPool.commonPool-worker-0] INFO  statemachine.DatanodeStateMachine (DatanodeStateMachine.java:stopDaemon(395)) - Ozone container server stopped.
2019-09-24 10:05:46,673 [ForkJoinPool.commonPool-worker-0] INFO  handler.ContextHandler (ContextHandler.java:doStop(910)) - Stopped o.e.j.w.WebAppContext@6b350309{/,null,UNAVAILABLE}{/hddsDatanode}
2019-09-24 10:05:46,674 [ForkJoinPool.commonPool-worker-0] INFO  server.AbstractConnector (AbstractConnector.java:doStop(318)) - Stopped ServerConnector@7ecec90d{HTTP/1.1,[http/1.1]}{0.0.0.0:0}
2019-09-24 10:05:46,675 [ForkJoinPool.commonPool-worker-0] INFO  handler.ContextHandler (ContextHandler.java:doStop(910)) - Stopped o.e.j.s.ServletContextHandler@7100dea{/static,jar:file:/home/user/.m2/repository/org/apache/hadoop/hadoop-hdds-container-service/0.5.0-SNAPSHOT/hadoop-hdds-container-service-0.5.0-SNAPSHOT.jar!/webapps/static,UNAVAILABLE}
2019-09-24 10:05:46,676 [ForkJoinPool.commonPool-worker-0] INFO  handler.ContextHandler (ContextHandler.java:doStop(910)) - Stopped o.e.j.s.ServletContextHandler@4d21c56e{/logs,file:///workdir/hadoop-ozone/integration-test/target/log,UNAVAILABLE}
2019-09-24 10:05:46,854 [Datanode State Machine Thread - 0] INFO  statemachine.DatanodeStateMachine (DatanodeStateMachine.java:lambda$startDaemon$0(350)) - Ozone container server started.
2019-09-24 10:05:47,047 [grpc-default-executor-3] WARN  server.GrpcLogAppender (LogUtils.java:warn(134)) - c7ed17ba-dd2e-4d16-a999-1242f7359890@group-BD290831E39A->ac166eba-0491-4751-a0f9-d2aec0fce4ec-AppendLogResponseHandler: Failed appendEntries: org.apache.ratis.thirdparty.io.grpc.StatusRuntimeException: UNAVAILABLE: io exception
2019-09-24 10:05:47,047 [grpc-default-executor-3] INFO  impl.FollowerInfo (FollowerInfo.java:lambda$new$0(51)) - c7ed17ba-dd2e-4d16-a999-1242f7359890@group-BD290831E39A->ac166eba-0491-4751-a0f9-d2aec0fce4ec: nextIndex: updateUnconditionally 16 -> 15
2019-09-24 10:05:47,125 [Datanode State Machine Thread - 0] INFO  statemachine.DatanodeStateMachine (DatanodeStateMachine.java:lambda$startDaemon$0(350)) - Ozone container server started.
2019-09-24 10:05:49,552 [grpc-default-executor-8] WARN  server.GrpcLogAppender (LogUtils.java:warn(134)) - c7ed17ba-dd2e-4d16-a999-1242f7359890@group-BD290831E39A->ac166eba-0491-4751-a0f9-d2aec0fce4ec-AppendLogResponseHandler: Failed appendEntries: org.apache.ratis.thirdparty.io.grpc.StatusRuntimeException: UNAVAILABLE: io exception
2019-09-24 10:05:49,553 [grpc-default-executor-8] INFO  impl.FollowerInfo (FollowerInfo.java:lambda$new$0(51)) - c7ed17ba-dd2e-4d16-a999-1242f7359890@group-BD290831E39A->ac166eba-0491-4751-a0f9-d2aec0fce4ec: nextIndex: updateUnconditionally 15 -> 14
2019-09-24 10:05:50,945 [EventQueue-StaleNodeForStaleNodeHandler] INFO  node.StaleNodeHandler (StaleNodeHandler.java:onMessage(58)) - Datanode 6466b95d-6b72-4d21-84c8-24cbcbf62e03{ip: 192.168.151.86, host: pr-hdds-2167-zx9qf-3539961911, networkLocation: /default-rack, certSerialId: null} moved to stale state. Finalizing its pipelines [PipelineID=7eed4b7e-6dbd-4c7b-9752-bacd66dcb554]
2019-09-24 10:05:50,946 [EventQueue-StaleNodeForStaleNodeHandler] INFO  pipeline.SCMPipelineManager (SCMPipelineManager.java:finalizeAndDestroyPipeline(315)) - destroying pipeline:Pipeline[ Id: 7eed4b7e-6dbd-4c7b-9752-bacd66dcb554, Nodes: 6466b95d-6b72-4d21-84c8-24cbcbf62e03{ip: 192.168.151.86, host: pr-hdds-2167-zx9qf-3539961911, networkLocation: /default-rack, certSerialId: null}, Type:RATIS, Factor:ONE, State:OPEN]
2019-09-24 10:05:50,946 [EventQueue-StaleNodeForStaleNodeHandler] INFO  pipeline.PipelineStateManager (PipelineStateManager.java:finalizePipeline(123)) - Pipeline Pipeline[ Id: 7eed4b7e-6dbd-4c7b-9752-bacd66dcb554, Nodes: 6466b95d-6b72-4d21-84c8-24cbcbf62e03{ip: 192.168.151.86, host: pr-hdds-2167-zx9qf-3539961911, networkLocation: /default-rack, certSerialId: null}, Type:RATIS, Factor:ONE, State:CLOSED] moved to CLOSED state
2019-09-24 10:05:51,145 [EventQueue-StaleNodeForStaleNodeHandler] INFO  node.StaleNodeHandler (StaleNodeHandler.java:onMessage(58)) - Datanode c7ed17ba-dd2e-4d16-a999-1242f7359890{ip: 192.168.151.86, host: pr-hdds-2167-zx9qf-3539961911, networkLocation: /default-rack, certSerialId: null} moved to stale state. Finalizing its pipelines [PipelineID=df7d5d25-9aa9-4428-bdda-bd290831e39a, PipelineID=e970bfbc-0edf-444d-8950-390ec2dfa1cb]
2019-09-24 10:05:51,146 [EventQueue-StaleNodeForStaleNodeHandler] INFO  pipeline.SCMPipelineManager (SCMPipelineManager.java:finalizeAndDestroyPipeline(315)) - destroying pipeline:Pipeline[ Id: df7d5d25-9aa9-4428-bdda-bd290831e39a, Nodes: c7ed17ba-dd2e-4d16-a999-1242f7359890{ip: 192.168.151.86, host: pr-hdds-2167-zx9qf-3539961911, networkLocation: /default-rack, certSerialId: null}e624d7f2-a550-4cbc-b004-265b2259dace{ip: 192.168.151.86, host: pr-hdds-2167-zx9qf-3539961911, networkLocation: /default-rack, certSerialId: null}ac166eba-0491-4751-a0f9-d2aec0fce4ec{ip: 192.168.151.86, host: pr-hdds-2167-zx9qf-3539961911, networkLocation: /default-rack, certSerialId: null}, Type:RATIS, Factor:THREE, State:CLOSED]
2019-09-24 10:05:51,146 [EventQueue-StaleNodeForStaleNodeHandler] INFO  pipeline.SCMPipelineManager (SCMPipelineManager.java:finalizeAndDestroyPipeline(315)) - destroying pipeline:Pipeline[ Id: e970bfbc-0edf-444d-8950-390ec2dfa1cb, Nodes: c7ed17ba-dd2e-4d16-a999-1242f7359890{ip: 192.168.151.86, host: pr-hdds-2167-zx9qf-3539961911, networkLocation: /default-rack, certSerialId: null}, Type:RATIS, Factor:ONE, State:OPEN]
2019-09-24 10:05:51,146 [EventQueue-StaleNodeForStaleNodeHandler] INFO  pipeline.PipelineStateManager (PipelineStateManager.java:finalizePipeline(123)) - Pipeline Pipeline[ Id: e970bfbc-0edf-444d-8950-390ec2dfa1cb, Nodes: c7ed17ba-dd2e-4d16-a999-1242f7359890{ip: 192.168.151.86, host: pr-hdds-2167-zx9qf-3539961911, networkLocation: /default-rack, certSerialId: null}, Type:RATIS, Factor:ONE, State:CLOSED] moved to CLOSED state
2019-09-24 10:05:51,665 [main] INFO  ozoneimpl.OzoneContainer (OzoneContainer.java:stop(231)) - Attempting to stop container services.
2019-09-24 10:05:51,667 [main] INFO  impl.RaftServerProxy (RaftServerProxy.java:lambda$close$4(314)) - 6466b95d-6b72-4d21-84c8-24cbcbf62e03: close
2019-09-24 10:05:51,667 [main] INFO  impl.RaftServerImpl (RaftServerImpl.java:lambda$shutdown$3(251)) - 6466b95d-6b72-4d21-84c8-24cbcbf62e03@group-BACD66DCB554: shutdown
2019-09-24 10:05:51,667 [main] INFO  util.JmxRegister (JmxRegister.java:unregister(73)) - Successfully un-registered JMX Bean with object name Ratis:service=RaftServer,group=group-BACD66DCB554,id=6466b95d-6b72-4d21-84c8-24cbcbf62e03
2019-09-24 10:05:51,668 [main] INFO  impl.RoleInfo (RoleInfo.java:shutdownLeaderState(104)) - 6466b95d-6b72-4d21-84c8-24cbcbf62e03: shutdown LeaderState
2019-09-24 10:05:51,668 [main] INFO  impl.PendingRequests (PendingRequests.java:sendNotLeaderResponses(202)) - 6466b95d-6b72-4d21-84c8-24cbcbf62e03-PendingRequests: sendNotLeaderResponses
2019-09-24 10:05:51,669 [main] INFO  impl.StateMachineUpdater (StateMachineUpdater.java:stopAndJoin(125)) - 6466b95d-6b72-4d21-84c8-24cbcbf62e03@group-BACD66DCB554-StateMachineUpdater: set stopIndex = 0
2019-09-24 10:05:51,669 [main] INFO  impl.RaftServerImpl (ServerState.java:close(385)) - 6466b95d-6b72-4d21-84c8-24cbcbf62e03@group-BACD66DCB554: closes. applyIndex: 0
2019-09-24 10:05:51,670 [6466b95d-6b72-4d21-84c8-24cbcbf62e03@group-BACD66DCB554-SegmentedRaftLogWorker] INFO  segmented.SegmentedRaftLogWorker (SegmentedRaftLogWorker.java:run(313)) - 6466b95d-6b72-4d21-84c8-24cbcbf62e03@group-BACD66DCB554-SegmentedRaftLogWorker was interrupted, exiting. There are 0 tasks remaining in the queue.
2019-09-24 10:05:51,671 [main] INFO  segmented.SegmentedRaftLogWorker (SegmentedRaftLogWorker.java:close(228)) - 6466b95d-6b72-4d21-84c8-24cbcbf62e03@group-BACD66DCB554-SegmentedRaftLogWorker close()
2019-09-24 10:05:51,673 [main] INFO  server.GrpcService (GrpcService.java:closeImpl(164)) - 6466b95d-6b72-4d21-84c8-24cbcbf62e03: shutdown server with port 42626 now
2019-09-24 10:05:51,674 [main] INFO  server.GrpcService (GrpcService.java:closeImpl(172)) - 6466b95d-6b72-4d21-84c8-24cbcbf62e03: shutdown server with port 42626 successfully
2019-09-24 10:05:51,675 [refreshUsed-/workdir/hadoop-ozone/integration-test/target/test-dir/MiniOzoneClusterImpl-d70413e3-a1ae-4d90-b762-cca2fb58af6e/datanode-6/data/containers] WARN  fs.CachingGetSpaceUsed (CachingGetSpaceUsed.java:run(183)) - Thread Interrupted waiting to refresh disk information: sleep interrupted
2019-09-24 10:05:51,677 [ForkJoinPool.commonPool-worker-0] INFO  ozoneimpl.OzoneContainer (OzoneContainer.java:stop(231)) - Attempting to stop container services.
2019-09-24 10:05:51,677 [ForkJoinPool.commonPool-worker-0] INFO  impl.RaftServerProxy (RaftServerProxy.java:lambda$close$4(314)) - c7ed17ba-dd2e-4d16-a999-1242f7359890: close
2019-09-24 10:05:51,678 [ForkJoinPool.commonPool-worker-0] INFO  impl.RaftServerImpl (RaftServerImpl.java:lambda$shutdown$3(251)) - c7ed17ba-dd2e-4d16-a999-1242f7359890@group-BD290831E39A: shutdown
2019-09-24 10:05:51,678 [ForkJoinPool.commonPool-worker-0] INFO  util.JmxRegister (JmxRegister.java:unregister(73)) - Successfully un-registered JMX Bean with object name Ratis:service=RaftServer,group=group-BD290831E39A,id=c7ed17ba-dd2e-4d16-a999-1242f7359890
2019-09-24 10:05:51,679 [ForkJoinPool.commonPool-worker-0] INFO  impl.RoleInfo (RoleInfo.java:shutdownLeaderState(104)) - c7ed17ba-dd2e-4d16-a999-1242f7359890: shutdown LeaderState
2019-09-24 10:05:51,681 [ForkJoinPool.commonPool-worker-0] INFO  impl.PendingRequests (PendingRequests.java:sendNotLeaderResponses(202)) - c7ed17ba-dd2e-4d16-a999-1242f7359890-PendingRequests: sendNotLeaderResponses
2019-09-24 10:05:51,681 [org.apache.ratis.server.impl.LogAppender$AppenderDaemon$$Lambda$550/1997968147@17b4e9ee] WARN  server.GrpcLogAppender (GrpcLogAppender.java:mayWait(143)) - c7ed17ba-dd2e-4d16-a999-1242f7359890@group-BD290831E39A->e624d7f2-a550-4cbc-b004-265b2259dace-GrpcLogAppender: Wait interrupted by java.lang.InterruptedException
2019-09-24 10:05:51,681 [org.apache.ratis.server.impl.LogAppender$AppenderDaemon$$Lambda$550/1997968147@3f6776c2] WARN  server.GrpcLogAppender (GrpcLogAppender.java:mayWait(143)) - c7ed17ba-dd2e-4d16-a999-1242f7359890@group-BD290831E39A->ac166eba-0491-4751-a0f9-d2aec0fce4ec-GrpcLogAppender: Wait interrupted by java.lang.InterruptedException
2019-09-24 10:05:51,684 [ForkJoinPool.commonPool-worker-0] INFO  impl.StateMachineUpdater (StateMachineUpdater.java:stopAndJoin(125)) - c7ed17ba-dd2e-4d16-a999-1242f7359890@group-BD290831E39A-StateMachineUpdater: set stopIndex = 16
2019-09-24 10:05:51,684 [grpc-default-executor-8] INFO  server.GrpcServerProtocolService (GrpcServerProtocolService.java:onCompleted(113)) - e624d7f2-a550-4cbc-b004-265b2259dace: Completed APPEND_ENTRIES, lastRequest: c7ed17ba-dd2e-4d16-a999-1242f7359890->e624d7f2-a550-4cbc-b004-265b2259dace#45-t3, previous=(t:3, i:16), leaderCommit=16, initializing? false, entries: <empty>
2019-09-24 10:05:51,684 [c7ed17ba-dd2e-4d16-a999-1242f7359890@group-BD290831E39A-StateMachineUpdater] INFO  ratis.ContainerStateMachine (ContainerStateMachine.java:takeSnapshot(289)) - group-BD290831E39A: Taking a snapshot at:(t:3, i:16) file /workdir/hadoop-ozone/integration-test/target/test-dir/MiniOzoneClusterImpl-d70413e3-a1ae-4d90-b762-cca2fb58af6e/datanode-0/data/ratis/df7d5d25-9aa9-4428-bdda-bd290831e39a/sm/snapshot.3_16
2019-09-24 10:05:51,684 [grpc-default-executor-8] INFO  server.GrpcLogAppender (GrpcLogAppender.java:onCompleted(293)) - c7ed17ba-dd2e-4d16-a999-1242f7359890@group-BD290831E39A->e624d7f2-a550-4cbc-b004-265b2259dace-AppendLogResponseHandler: follower responses appendEntries COMPLETED
2019-09-24 10:05:51,685 [grpc-default-executor-8] INFO  impl.FollowerInfo (FollowerInfo.java:lambda$new$0(51)) - c7ed17ba-dd2e-4d16-a999-1242f7359890@group-BD290831E39A->e624d7f2-a550-4cbc-b004-265b2259dace: nextIndex: updateUnconditionally 17 -> 16
2019-09-24 10:05:51,692 [main] INFO  utils.BackgroundService (BackgroundService.java:shutdown(148)) - Shutting down service BlockDeletingService
2019-09-24 10:05:51,692 [c7ed17ba-dd2e-4d16-a999-1242f7359890@group-BD290831E39A-StateMachineUpdater] INFO  ratis.ContainerStateMachine (ContainerStateMachine.java:takeSnapshot(300)) - group-BD290831E39A: Finished taking a snapshot at:(t:3, i:16) file:/workdir/hadoop-ozone/integration-test/target/test-dir/MiniOzoneClusterImpl-d70413e3-a1ae-4d90-b762-cca2fb58af6e/datanode-0/data/ratis/df7d5d25-9aa9-4428-bdda-bd290831e39a/sm/snapshot.3_16 time:9
2019-09-24 10:05:51,694 [c7ed17ba-dd2e-4d16-a999-1242f7359890@group-BD290831E39A-StateMachineUpdater] INFO  impl.StateMachineUpdater (StateMachineUpdater.java:takeSnapshot(258)) - c7ed17ba-dd2e-4d16-a999-1242f7359890@group-BD290831E39A-StateMachineUpdater: Took a snapshot at index 16
2019-09-24 10:05:51,694 [c7ed17ba-dd2e-4d16-a999-1242f7359890@group-BD290831E39A-StateMachineUpdater] INFO  impl.StateMachineUpdater (StateMachineUpdater.java:lambda$new$0(83)) - c7ed17ba-dd2e-4d16-a999-1242f7359890@group-BD290831E39A-StateMachineUpdater: snapshotIndex: updateIncreasingly -1 -> 16
2019-09-24 10:05:51,694 [main] INFO  statemachine.DatanodeStateMachine (DatanodeStateMachine.java:stopDaemon(395)) - Ozone container server stopped.
2019-09-24 10:05:51,695 [ForkJoinPool.commonPool-worker-0] INFO  impl.RaftServerImpl (ServerState.java:close(385)) - c7ed17ba-dd2e-4d16-a999-1242f7359890@group-BD290831E39A: closes. applyIndex: 16
2019-09-24 10:05:51,695 [c7ed17ba-dd2e-4d16-a999-1242f7359890@group-BD290831E39A-SegmentedRaftLogWorker] INFO  segmented.SegmentedRaftLogWorker (SegmentedRaftLogWorker.java:run(313)) - c7ed17ba-dd2e-4d16-a999-1242f7359890@group-BD290831E39A-SegmentedRaftLogWorker was interrupted, exiting. There are 0 tasks remaining in the queue.
2019-09-24 10:05:51,696 [ForkJoinPool.commonPool-worker-0] INFO  segmented.SegmentedRaftLogWorker (SegmentedRaftLogWorker.java:close(228)) - c7ed17ba-dd2e-4d16-a999-1242f7359890@group-BD290831E39A-SegmentedRaftLogWorker close()
2019-09-24 10:05:51,697 [ForkJoinPool.commonPool-worker-0] INFO  impl.RaftServerImpl (RaftServerImpl.java:lambda$shutdown$3(251)) - c7ed17ba-dd2e-4d16-a999-1242f7359890@group-390EC2DFA1CB: shutdown
2019-09-24 10:05:51,698 [ForkJoinPool.commonPool-worker-0] INFO  util.JmxRegister (JmxRegister.java:unregister(73)) - Successfully un-registered JMX Bean with object name Ratis:service=RaftServer,group=group-390EC2DFA1CB,id=c7ed17ba-dd2e-4d16-a999-1242f7359890
2019-09-24 10:05:51,698 [main] INFO  handler.ContextHandler (ContextHandler.java:doStop(910)) - Stopped o.e.j.w.WebAppContext@648d0e6d{/,null,UNAVAILABLE}{/hddsDatanode}
2019-09-24 10:05:51,698 [ForkJoinPool.commonPool-worker-0] INFO  impl.RoleInfo (RoleInfo.java:shutdownLeaderState(104)) - c7ed17ba-dd2e-4d16-a999-1242f7359890: shutdown LeaderState
2019-09-24 10:05:51,698 [ForkJoinPool.commonPool-worker-0] INFO  impl.PendingRequests (PendingRequests.java:sendNotLeaderResponses(202)) - c7ed17ba-dd2e-4d16-a999-1242f7359890-PendingRequests: sendNotLeaderResponses
2019-09-24 10:05:51,699 [main] INFO  server.AbstractConnector (AbstractConnector.java:doStop(318)) - Stopped ServerConnector@79e66b2f{HTTP/1.1,[http/1.1]}{0.0.0.0:0}
2019-09-24 10:05:51,699 [ForkJoinPool.commonPool-worker-0] INFO  impl.StateMachineUpdater (StateMachineUpdater.java:stopAndJoin(125)) - c7ed17ba-dd2e-4d16-a999-1242f7359890@group-390EC2DFA1CB-StateMachineUpdater: set stopIndex = 0
2019-09-24 10:05:51,699 [main] INFO  handler.ContextHandler (ContextHandler.java:doStop(910)) - Stopped o.e.j.s.ServletContextHandler@4437ac07{/static,jar:file:/home/user/.m2/repository/org/apache/hadoop/hadoop-hdds-container-service/0.5.0-SNAPSHOT/hadoop-hdds-container-service-0.5.0-SNAPSHOT.jar!/webapps/static,UNAVAILABLE}
2019-09-24 10:05:51,699 [ForkJoinPool.commonPool-worker-0] INFO  impl.RaftServerImpl (ServerState.java:close(385)) - c7ed17ba-dd2e-4d16-a999-1242f7359890@group-390EC2DFA1CB: closes. applyIndex: 0
2019-09-24 10:05:51,700 [main] INFO  handler.ContextHandler (ContextHandler.java:doStop(910)) - Stopped o.e.j.s.ServletContextHandler@66b59b7d{/logs,file:///workdir/hadoop-ozone/integration-test/target/log,UNAVAILABLE}
2019-09-24 10:05:51,700 [c7ed17ba-dd2e-4d16-a999-1242f7359890@group-390EC2DFA1CB-SegmentedRaftLogWorker] INFO  segmented.SegmentedRaftLogWorker (SegmentedRaftLogWorker.java:run(313)) - c7ed17ba-dd2e-4d16-a999-1242f7359890@group-390EC2DFA1CB-SegmentedRaftLogWorker was interrupted, exiting. There are 0 tasks remaining in the queue.
2019-09-24 10:05:51,703 [ForkJoinPool.commonPool-worker-0] INFO  segmented.SegmentedRaftLogWorker (SegmentedRaftLogWorker.java:close(228)) - c7ed17ba-dd2e-4d16-a999-1242f7359890@group-390EC2DFA1CB-SegmentedRaftLogWorker close()
2019-09-24 10:05:51,704 [ForkJoinPool.commonPool-worker-0] INFO  server.GrpcService (GrpcService.java:closeImpl(164)) - c7ed17ba-dd2e-4d16-a999-1242f7359890: shutdown server with port 39246 now
2019-09-24 10:05:51,704 [grpc-default-executor-4] WARN  client.GrpcClientProtocolService (LogUtils.java:warn(134)) - 1-UnorderedRequestStreamObserver1: onError: org.apache.ratis.thirdparty.io.grpc.StatusRuntimeException: CANCELLED: cancelled before receiving half close
2019-09-24 10:05:51,705 [ForkJoinPool.commonPool-worker-0] INFO  server.GrpcService (GrpcService.java:closeImpl(172)) - c7ed17ba-dd2e-4d16-a999-1242f7359890: shutdown server with port 39246 successfully
2019-09-24 10:05:51,707 [refreshUsed-/workdir/hadoop-ozone/integration-test/target/test-dir/MiniOzoneClusterImpl-d70413e3-a1ae-4d90-b762-cca2fb58af6e/datanode-0/data/containers] WARN  fs.CachingGetSpaceUsed (CachingGetSpaceUsed.java:run(183)) - Thread Interrupted waiting to refresh disk information: sleep interrupted
2019-09-24 10:05:51,724 [ForkJoinPool.commonPool-worker-0] INFO  utils.BackgroundService (BackgroundService.java:shutdown(148)) - Shutting down service BlockDeletingService
2019-09-24 10:05:51,727 [ForkJoinPool.commonPool-worker-0] INFO  statemachine.DatanodeStateMachine (DatanodeStateMachine.java:stopDaemon(395)) - Ozone container server stopped.
2019-09-24 10:05:51,730 [ForkJoinPool.commonPool-worker-0] INFO  handler.ContextHandler (ContextHandler.java:doStop(910)) - Stopped o.e.j.w.WebAppContext@122d6c22{/,null,UNAVAILABLE}{/hddsDatanode}
2019-09-24 10:05:51,731 [ForkJoinPool.commonPool-worker-0] INFO  server.AbstractConnector (AbstractConnector.java:doStop(318)) - Stopped ServerConnector@2f5ac102{HTTP/1.1,[http/1.1]}{0.0.0.0:0}
2019-09-24 10:05:51,731 [ForkJoinPool.commonPool-worker-0] INFO  handler.ContextHandler (ContextHandler.java:doStop(910)) - Stopped o.e.j.s.ServletContextHandler@43045f9f{/static,jar:file:/home/user/.m2/repository/org/apache/hadoop/hadoop-hdds-container-service/0.5.0-SNAPSHOT/hadoop-hdds-container-service-0.5.0-SNAPSHOT.jar!/webapps/static,UNAVAILABLE}
2019-09-24 10:05:51,732 [ForkJoinPool.commonPool-worker-0] INFO  handler.ContextHandler (ContextHandler.java:doStop(910)) - Stopped o.e.j.s.ServletContextHandler@26dc9bd5{/logs,file:///workdir/hadoop-ozone/integration-test/target/log,UNAVAILABLE}
2019-09-24 10:05:52,133 [Datanode State Machine Thread - 0] INFO  statemachine.DatanodeStateMachine (DatanodeStateMachine.java:lambda$startDaemon$0(350)) - Ozone container server started.
2019-09-24 10:05:56,154 [EventQueue-StaleNodeForStaleNodeHandler] INFO  node.StaleNodeHandler (StaleNodeHandler.java:onMessage(58)) - Datanode e624d7f2-a550-4cbc-b004-265b2259dace{ip: 192.168.151.86, host: pr-hdds-2167-zx9qf-3539961911, networkLocation: /default-rack, certSerialId: null} moved to stale state. Finalizing its pipelines [PipelineID=df7d5d25-9aa9-4428-bdda-bd290831e39a, PipelineID=1e9c3679-b921-4e75-b687-2a0e5f53c3f4]
2019-09-24 10:05:56,156 [EventQueue-StaleNodeForStaleNodeHandler] INFO  pipeline.SCMPipelineManager (SCMPipelineManager.java:finalizeAndDestroyPipeline(315)) - destroying pipeline:Pipeline[ Id: df7d5d25-9aa9-4428-bdda-bd290831e39a, Nodes: c7ed17ba-dd2e-4d16-a999-1242f7359890{ip: 192.168.151.86, host: pr-hdds-2167-zx9qf-3539961911, networkLocation: /default-rack, certSerialId: null}e624d7f2-a550-4cbc-b004-265b2259dace{ip: 192.168.151.86, host: pr-hdds-2167-zx9qf-3539961911, networkLocation: /default-rack, certSerialId: null}ac166eba-0491-4751-a0f9-d2aec0fce4ec{ip: 192.168.151.86, host: pr-hdds-2167-zx9qf-3539961911, networkLocation: /default-rack, certSerialId: null}, Type:RATIS, Factor:THREE, State:CLOSED]
2019-09-24 10:05:56,157 [EventQueue-StaleNodeForStaleNodeHandler] INFO  pipeline.SCMPipelineManager (SCMPipelineManager.java:finalizeAndDestroyPipeline(315)) - destroying pipeline:Pipeline[ Id: 1e9c3679-b921-4e75-b687-2a0e5f53c3f4, Nodes: e624d7f2-a550-4cbc-b004-265b2259dace{ip: 192.168.151.86, host: pr-hdds-2167-zx9qf-3539961911, networkLocation: /default-rack, certSerialId: null}, Type:RATIS, Factor:ONE, State:OPEN]
2019-09-24 10:05:56,157 [EventQueue-StaleNodeForStaleNodeHandler] INFO  pipeline.PipelineStateManager (PipelineStateManager.java:finalizePipeline(123)) - Pipeline Pipeline[ Id: 1e9c3679-b921-4e75-b687-2a0e5f53c3f4, Nodes: e624d7f2-a550-4cbc-b004-265b2259dace{ip: 192.168.151.86, host: pr-hdds-2167-zx9qf-3539961911, networkLocation: /default-rack, certSerialId: null}, Type:RATIS, Factor:ONE, State:CLOSED] moved to CLOSED state
2019-09-24 10:05:56,705 [main] INFO  ozoneimpl.OzoneContainer (OzoneContainer.java:stop(231)) - Attempting to stop container services.
2019-09-24 10:05:56,709 [main] INFO  impl.RaftServerProxy (RaftServerProxy.java:lambda$close$4(314)) - e624d7f2-a550-4cbc-b004-265b2259dace: close
2019-09-24 10:05:56,710 [main] INFO  impl.RaftServerImpl (RaftServerImpl.java:lambda$shutdown$3(251)) - e624d7f2-a550-4cbc-b004-265b2259dace@group-BD290831E39A: shutdown
2019-09-24 10:05:56,710 [ForkJoinPool.commonPool-worker-1] INFO  impl.RaftServerImpl (RaftServerImpl.java:lambda$shutdown$3(251)) - e624d7f2-a550-4cbc-b004-265b2259dace@group-2A0E5F53C3F4: shutdown
2019-09-24 10:05:56,710 [main] INFO  util.JmxRegister (JmxRegister.java:unregister(73)) - Successfully un-registered JMX Bean with object name Ratis:service=RaftServer,group=group-BD290831E39A,id=e624d7f2-a550-4cbc-b004-265b2259dace
2019-09-24 10:05:56,710 [ForkJoinPool.commonPool-worker-1] INFO  util.JmxRegister (JmxRegister.java:unregister(73)) - Successfully un-registered JMX Bean with object name Ratis:service=RaftServer,group=group-2A0E5F53C3F4,id=e624d7f2-a550-4cbc-b004-265b2259dace
2019-09-24 10:05:56,711 [main] INFO  impl.RoleInfo (RoleInfo.java:shutdownFollowerState(121)) - e624d7f2-a550-4cbc-b004-265b2259dace: shutdown FollowerState
2019-09-24 10:05:56,711 [ForkJoinPool.commonPool-worker-1] INFO  impl.RoleInfo (RoleInfo.java:shutdownLeaderState(104)) - e624d7f2-a550-4cbc-b004-265b2259dace: shutdown LeaderState
2019-09-24 10:05:56,711 [main] INFO  impl.StateMachineUpdater (StateMachineUpdater.java:stopAndJoin(125)) - e624d7f2-a550-4cbc-b004-265b2259dace@group-BD290831E39A-StateMachineUpdater: set stopIndex = 16
2019-09-24 10:05:56,712 [ForkJoinPool.commonPool-worker-1] INFO  impl.PendingRequests (PendingRequests.java:sendNotLeaderResponses(202)) - e624d7f2-a550-4cbc-b004-265b2259dace-PendingRequests: sendNotLeaderResponses
2019-09-24 10:05:56,712 [Thread-409] INFO  impl.FollowerState (FollowerState.java:run(115)) - e624d7f2-a550-4cbc-b004-265b2259dace: FollowerState was interrupted: java.lang.InterruptedException: sleep interrupted
2019-09-24 10:05:56,712 [e624d7f2-a550-4cbc-b004-265b2259dace@group-BD290831E39A-StateMachineUpdater] INFO  ratis.ContainerStateMachine (ContainerStateMachine.java:takeSnapshot(289)) - group-BD290831E39A: Taking a snapshot at:(t:3, i:16) file /workdir/hadoop-ozone/integration-test/target/test-dir/MiniOzoneClusterImpl-d70413e3-a1ae-4d90-b762-cca2fb58af6e/datanode-5/data/ratis/df7d5d25-9aa9-4428-bdda-bd290831e39a/sm/snapshot.3_16
2019-09-24 10:05:56,713 [ForkJoinPool.commonPool-worker-1] INFO  impl.StateMachineUpdater (StateMachineUpdater.java:stopAndJoin(125)) - e624d7f2-a550-4cbc-b004-265b2259dace@group-2A0E5F53C3F4-StateMachineUpdater: set stopIndex = 0
2019-09-24 10:05:56,713 [ForkJoinPool.commonPool-worker-1] INFO  impl.RaftServerImpl (ServerState.java:close(385)) - e624d7f2-a550-4cbc-b004-265b2259dace@group-2A0E5F53C3F4: closes. applyIndex: 0
2019-09-24 10:05:56,714 [e624d7f2-a550-4cbc-b004-265b2259dace@group-2A0E5F53C3F4-SegmentedRaftLogWorker] INFO  segmented.SegmentedRaftLogWorker (SegmentedRaftLogWorker.java:run(313)) - e624d7f2-a550-4cbc-b004-265b2259dace@group-2A0E5F53C3F4-SegmentedRaftLogWorker was interrupted, exiting. There are 0 tasks remaining in the queue.
2019-09-24 10:05:56,714 [ForkJoinPool.commonPool-worker-1] INFO  segmented.SegmentedRaftLogWorker (SegmentedRaftLogWorker.java:close(228)) - e624d7f2-a550-4cbc-b004-265b2259dace@group-2A0E5F53C3F4-SegmentedRaftLogWorker close()
2019-09-24 10:05:56,753 [e624d7f2-a550-4cbc-b004-265b2259dace@group-BD290831E39A-StateMachineUpdater] INFO  ratis.ContainerStateMachine (ContainerStateMachine.java:takeSnapshot(300)) - group-BD290831E39A: Finished taking a snapshot at:(t:3, i:16) file:/workdir/hadoop-ozone/integration-test/target/test-dir/MiniOzoneClusterImpl-d70413e3-a1ae-4d90-b762-cca2fb58af6e/datanode-5/data/ratis/df7d5d25-9aa9-4428-bdda-bd290831e39a/sm/snapshot.3_16 time:42
2019-09-24 10:05:56,754 [e624d7f2-a550-4cbc-b004-265b2259dace@group-BD290831E39A-StateMachineUpdater] INFO  impl.StateMachineUpdater (StateMachineUpdater.java:takeSnapshot(258)) - e624d7f2-a550-4cbc-b004-265b2259dace@group-BD290831E39A-StateMachineUpdater: Took a snapshot at index 16
2019-09-24 10:05:56,754 [e624d7f2-a550-4cbc-b004-265b2259dace@group-BD290831E39A-StateMachineUpdater] INFO  impl.StateMachineUpdater (StateMachineUpdater.java:lambda$new$0(83)) - e624d7f2-a550-4cbc-b004-265b2259dace@group-BD290831E39A-StateMachineUpdater: snapshotIndex: updateIncreasingly -1 -> 16
2019-09-24 10:05:56,754 [main] INFO  impl.RaftServerImpl (ServerState.java:close(385)) - e624d7f2-a550-4cbc-b004-265b2259dace@group-BD290831E39A: closes. applyIndex: 16
2019-09-24 10:05:56,755 [e624d7f2-a550-4cbc-b004-265b2259dace@group-BD290831E39A-SegmentedRaftLogWorker] INFO  segmented.SegmentedRaftLogWorker (SegmentedRaftLogWorker.java:run(313)) - e624d7f2-a550-4cbc-b004-265b2259dace@group-BD290831E39A-SegmentedRaftLogWorker was interrupted, exiting. There are 0 tasks remaining in the queue.
2019-09-24 10:05:56,755 [main] INFO  segmented.SegmentedRaftLogWorker (SegmentedRaftLogWorker.java:close(228)) - e624d7f2-a550-4cbc-b004-265b2259dace@group-BD290831E39A-SegmentedRaftLogWorker close()
2019-09-24 10:05:56,757 [main] INFO  server.GrpcService (GrpcService.java:closeImpl(164)) - e624d7f2-a550-4cbc-b004-265b2259dace: shutdown server with port 39586 now
2019-09-24 10:05:56,758 [main] INFO  server.GrpcService (GrpcService.java:closeImpl(172)) - e624d7f2-a550-4cbc-b004-265b2259dace: shutdown server with port 39586 successfully
2019-09-24 10:05:56,767 [refreshUsed-/workdir/hadoop-ozone/integration-test/target/test-dir/MiniOzoneClusterImpl-d70413e3-a1ae-4d90-b762-cca2fb58af6e/datanode-5/data/containers] WARN  fs.CachingGetSpaceUsed (CachingGetSpaceUsed.java:run(183)) - Thread Interrupted waiting to refresh disk information: sleep interrupted
2019-09-24 10:05:56,787 [main] INFO  utils.BackgroundService (BackgroundService.java:shutdown(148)) - Shutting down service BlockDeletingService
2019-09-24 10:05:56,789 [main] INFO  statemachine.DatanodeStateMachine (DatanodeStateMachine.java:stopDaemon(395)) - Ozone container server stopped.
2019-09-24 10:05:56,791 [main] INFO  handler.ContextHandler (ContextHandler.java:doStop(910)) - Stopped o.e.j.w.WebAppContext@10f7918f{/,null,UNAVAILABLE}{/hddsDatanode}
2019-09-24 10:05:56,792 [main] INFO  server.AbstractConnector (AbstractConnector.java:doStop(318)) - Stopped ServerConnector@64d4f7c7{HTTP/1.1,[http/1.1]}{0.0.0.0:0}
2019-09-24 10:05:56,793 [main] INFO  handler.ContextHandler (ContextHandler.java:doStop(910)) - Stopped o.e.j.s.ServletContextHandler@3c3c4a71{/static,jar:file:/home/user/.m2/repository/org/apache/hadoop/hadoop-hdds-container-service/0.5.0-SNAPSHOT/hadoop-hdds-container-service-0.5.0-SNAPSHOT.jar!/webapps/static,UNAVAILABLE}
2019-09-24 10:05:56,793 [main] INFO  handler.ContextHandler (ContextHandler.java:doStop(910)) - Stopped o.e.j.s.ServletContextHandler@31ddb930{/logs,file:///workdir/hadoop-ozone/integration-test/target/log,UNAVAILABLE}
2019-09-24 10:05:56,794 [main] INFO  ozone.MiniOzoneClusterImpl (MiniOzoneClusterImpl.java:stopSCM(392)) - Stopping the StorageContainerManager
2019-09-24 10:05:56,794 [main] INFO  server.StorageContainerManager (StorageContainerManager.java:stop(808)) - Stopping Replication Manager Service.
2019-09-24 10:05:56,795 [main] INFO  container.ReplicationManager (ReplicationManager.java:stop(203)) - Stopping Replication Monitor Thread.
2019-09-24 10:05:56,795 [main] INFO  server.StorageContainerManager (StorageContainerManager.java:stop(815)) - Stopping Lease Manager of the command watchers
2019-09-24 10:05:56,795 [main] INFO  server.StorageContainerManager (StorageContainerManager.java:stop(822)) - Stopping datanode service RPC server
2019-09-24 10:05:56,796 [main] INFO  server.SCMDatanodeProtocolServer (SCMDatanodeProtocolServer.java:stop(367)) - Stopping the RPC server for DataNodes
2019-09-24 10:05:56,796 [main] INFO  ipc.Server (Server.java:stop(3082)) - Stopping server on 35886
2019-09-24 10:05:56,797 [IPC Server listener on 35886] INFO  ipc.Server (Server.java:run(1185)) - Stopping IPC Server listener on 35886
2019-09-24 10:05:56,797 [IPC Server Responder] INFO  ipc.Server (Server.java:run(1319)) - Stopping IPC Server Responder
2019-09-24 10:05:56,855 [SCM Heartbeat Processing Thread - 0] WARN  node.NodeStateManager (NodeStateManager.java:scheduleNextHealthCheck(646)) - Current Thread is interrupted, shutting down HB processing thread for Node Manager.
2019-09-24 10:05:56,855 [main] INFO  server.StorageContainerManager (StorageContainerManager.java:stop(830)) - Stopping block service RPC server
2019-09-24 10:05:56,855 [main] INFO  server.SCMBlockProtocolServer (SCMBlockProtocolServer.java:stop(155)) - Stopping the RPC server for Block Protocol
2019-09-24 10:05:56,855 [main] INFO  ipc.Server (Server.java:stop(3082)) - Stopping server on 44613
2019-09-24 10:05:56,856 [IPC Server listener on 44613] INFO  ipc.Server (Server.java:run(1185)) - Stopping IPC Server listener on 44613
2019-09-24 10:05:56,856 [main] INFO  server.StorageContainerManager (StorageContainerManager.java:stop(837)) - Stopping the StorageContainerLocationProtocol RPC server
2019-09-24 10:05:56,856 [IPC Server Responder] INFO  ipc.Server (Server.java:run(1319)) - Stopping IPC Server Responder
2019-09-24 10:05:56,857 [main] INFO  server.SCMClientProtocolServer (SCMClientProtocolServer.java:stop(159)) - Stopping the RPC server for Client Protocol
2019-09-24 10:05:56,857 [main] INFO  ipc.Server (Server.java:stop(3082)) - Stopping server on 39200
2019-09-24 10:05:56,977 [IPC Server listener on 39200] INFO  ipc.Server (Server.java:run(1185)) - Stopping IPC Server listener on 39200
2019-09-24 10:05:56,993 [main] INFO  server.StorageContainerManager (StorageContainerManager.java:stop(844)) - Stopping Storage Container Manager HTTP server.
2019-09-24 10:05:57,022 [IPC Server Responder] INFO  ipc.Server (Server.java:run(1319)) - Stopping IPC Server Responder
2019-09-24 10:05:57,037 [main] INFO  handler.ContextHandler (ContextHandler.java:doStop(910)) - Stopped o.e.j.w.WebAppContext@27e0f2f5{/,null,UNAVAILABLE}{/scm}
2019-09-24 10:05:57,039 [main] INFO  server.AbstractConnector (AbstractConnector.java:doStop(318)) - Stopped ServerConnector@3dd69f5a{HTTP/1.1,[http/1.1]}{0.0.0.0:0}
2019-09-24 10:05:57,039 [main] INFO  handler.ContextHandler (ContextHandler.java:doStop(910)) - Stopped o.e.j.s.ServletContextHandler@4fce136b{/static,file:///workdir/hadoop-ozone/integration-test/target/test-classes/webapps/static,UNAVAILABLE}
2019-09-24 10:05:57,046 [main] INFO  handler.ContextHandler (ContextHandler.java:doStop(910)) - Stopped o.e.j.s.ServletContextHandler@71cf1b07{/logs,file:///workdir/hadoop-ozone/integration-test/target/log,UNAVAILABLE}
2019-09-24 10:05:57,047 [main] INFO  server.StorageContainerManager (StorageContainerManager.java:stop(855)) - Stopping Block Manager Service.
2019-09-24 10:05:57,047 [main] INFO  utils.BackgroundService (BackgroundService.java:shutdown(148)) - Shutting down service SCMBlockDeletingService
2019-09-24 10:05:57,048 [main] INFO  utils.BackgroundService (BackgroundService.java:shutdown(148)) - Shutting down service SCMBlockDeletingService
2019-09-24 10:05:57,048 [main] INFO  server.StorageContainerManager (StorageContainerManager.java:stop(877)) - Stopping SCM Event Queue.
2019-09-24 10:05:57,059 [main] INFO  impl.MetricsSystemImpl (MetricsSystemImpl.java:stop(210)) - Stopping XceiverClientMetrics metrics system...
2019-09-24 10:05:57,067 [prometheus] INFO  impl.MetricsSinkAdapter (MetricsSinkAdapter.java:publishMetricsFromQueue(141)) - prometheus thread interrupted.
2019-09-24 10:05:57,068 [main] INFO  impl.MetricsSystemImpl (MetricsSystemImpl.java:stop(216)) - XceiverClientMetrics metrics system stopped.
]]></system-out>
    <system-err><![CDATA[ERROR StatusLogger No Log4j 2 configuration file found. Using default configuration (logging only errors to the console), or user programmatically provided configurations. Set system property 'log4j2.debug' to show Log4j 2 internal initialization logging. See https://logging.apache.org/log4j/2.x/manual/configuration.html for instructions on how to configure Log4j 2
Sep 24, 2019 10:04:32 AM org.apache.ratis.thirdparty.io.grpc.internal.SerializingExecutor run
SEVERE: Exception while executing runnable org.apache.ratis.thirdparty.io.grpc.internal.ServerImpl$JumpToApplicationThreadServerStreamListener$1Closed@6f3fb446
org.apache.ratis.thirdparty.io.grpc.StatusRuntimeException: CANCELLED: call already cancelled
	at org.apache.ratis.thirdparty.io.grpc.Status.asRuntimeException(Status.java:517)
	at org.apache.ratis.thirdparty.io.grpc.stub.ServerCalls$ServerCallStreamObserverImpl.onCompleted(ServerCalls.java:356)
	at org.apache.ratis.grpc.server.GrpcServerProtocolService$ServerRequestStreamObserver.onError(GrpcServerProtocolService.java:121)
	at org.apache.ratis.thirdparty.io.grpc.stub.ServerCalls$StreamingServerCallHandler$StreamingServerCallListener.onCancel(ServerCalls.java:269)
	at org.apache.ratis.thirdparty.io.grpc.internal.ServerCallImpl$ServerStreamListenerImpl.closed(ServerCallImpl.java:293)
	at org.apache.ratis.thirdparty.io.grpc.internal.ServerImpl$JumpToApplicationThreadServerStreamListener$1Closed.runInContext(ServerImpl.java:741)
	at org.apache.ratis.thirdparty.io.grpc.internal.ContextRunnable.run(ContextRunnable.java:37)
	at org.apache.ratis.thirdparty.io.grpc.internal.SerializingExecutor.run(SerializingExecutor.java:123)
	at java.util.concurrent.ThreadPoolExecutor.runWorker(ThreadPoolExecutor.java:1149)
	at java.util.concurrent.ThreadPoolExecutor$Worker.run(ThreadPoolExecutor.java:624)
	at java.lang.Thread.run(Thread.java:748)

Sep 24, 2019 10:05:46 AM org.apache.ratis.thirdparty.io.grpc.internal.SerializingExecutor run
SEVERE: Exception while executing runnable org.apache.ratis.thirdparty.io.grpc.internal.ServerImpl$JumpToApplicationThreadServerStreamListener$1Closed@78c9cd70
org.apache.ratis.thirdparty.io.grpc.StatusRuntimeException: CANCELLED: call already cancelled
	at org.apache.ratis.thirdparty.io.grpc.Status.asRuntimeException(Status.java:517)
	at org.apache.ratis.thirdparty.io.grpc.stub.ServerCalls$ServerCallStreamObserverImpl.onCompleted(ServerCalls.java:356)
	at org.apache.ratis.grpc.server.GrpcServerProtocolService$ServerRequestStreamObserver.onError(GrpcServerProtocolService.java:121)
	at org.apache.ratis.thirdparty.io.grpc.stub.ServerCalls$StreamingServerCallHandler$StreamingServerCallListener.onCancel(ServerCalls.java:269)
	at org.apache.ratis.thirdparty.io.grpc.internal.ServerCallImpl$ServerStreamListenerImpl.closed(ServerCallImpl.java:293)
	at org.apache.ratis.thirdparty.io.grpc.internal.ServerImpl$JumpToApplicationThreadServerStreamListener$1Closed.runInContext(ServerImpl.java:741)
	at org.apache.ratis.thirdparty.io.grpc.internal.ContextRunnable.run(ContextRunnable.java:37)
	at org.apache.ratis.thirdparty.io.grpc.internal.SerializingExecutor.run(SerializingExecutor.java:123)
	at java.util.concurrent.ThreadPoolExecutor.runWorker(ThreadPoolExecutor.java:1149)
	at java.util.concurrent.ThreadPoolExecutor$Worker.run(ThreadPoolExecutor.java:624)
	at java.lang.Thread.run(Thread.java:748)

]]></system-err>
  </testcase>
  <testcase name="testDatanodeFailureWithPreAllocation" classname="org.apache.hadoop.ozone.client.rpc.TestBlockOutputStreamWithFailures" time="222.474"/>
  <testcase name="testDatanodeFailureWithSingleNodeRatis" classname="org.apache.hadoop.ozone.client.rpc.TestBlockOutputStreamWithFailures" time="222.444"/>
  <testcase name="testWatchForCommitWithSingleNodeRatis" classname="org.apache.hadoop.ozone.client.rpc.TestBlockOutputStreamWithFailures" time="34.853"/>
  <testcase name="testWatchForCommitDatanodeFailure" classname="org.apache.hadoop.ozone.client.rpc.TestBlockOutputStreamWithFailures" time="34.238">
    <failure message="expected:&lt;61&gt; but was:&lt;62&gt;" type="java.lang.AssertionError"><![CDATA[java.lang.AssertionError: expected:<61> but was:<62>
	at org.junit.Assert.fail(Assert.java:88)
	at org.junit.Assert.failNotEquals(Assert.java:743)
	at org.junit.Assert.assertEquals(Assert.java:118)
	at org.junit.Assert.assertEquals(Assert.java:555)
	at org.junit.Assert.assertEquals(Assert.java:542)
	at org.apache.hadoop.ozone.client.rpc.TestBlockOutputStreamWithFailures.testWatchForCommitDatanodeFailure(TestBlockOutputStreamWithFailures.java:336)
	at sun.reflect.NativeMethodAccessorImpl.invoke0(Native Method)
	at sun.reflect.NativeMethodAccessorImpl.invoke(NativeMethodAccessorImpl.java:62)
	at sun.reflect.DelegatingMethodAccessorImpl.invoke(DelegatingMethodAccessorImpl.java:43)
	at java.lang.reflect.Method.invoke(Method.java:498)
	at org.junit.runners.model.FrameworkMethod$1.runReflectiveCall(FrameworkMethod.java:47)
	at org.junit.internal.runners.model.ReflectiveCallable.run(ReflectiveCallable.java:12)
	at org.junit.runners.model.FrameworkMethod.invokeExplosively(FrameworkMethod.java:44)
	at org.junit.internal.runners.statements.InvokeMethod.evaluate(InvokeMethod.java:17)
	at org.junit.internal.runners.statements.RunBefores.evaluate(RunBefores.java:26)
	at org.junit.internal.runners.statements.RunAfters.evaluate(RunAfters.java:27)
	at org.junit.runners.ParentRunner.runLeaf(ParentRunner.java:271)
	at org.junit.runners.BlockJUnit4ClassRunner.runChild(BlockJUnit4ClassRunner.java:70)
	at org.junit.runners.BlockJUnit4ClassRunner.runChild(BlockJUnit4ClassRunner.java:50)
	at org.junit.runners.ParentRunner$3.run(ParentRunner.java:238)
	at org.junit.runners.ParentRunner$1.schedule(ParentRunner.java:63)
	at org.junit.runners.ParentRunner.runChildren(ParentRunner.java:236)
	at org.junit.runners.ParentRunner.access$000(ParentRunner.java:53)
	at org.junit.runners.ParentRunner$2.evaluate(ParentRunner.java:229)
	at org.junit.runners.ParentRunner.run(ParentRunner.java:309)
	at org.apache.maven.surefire.junit4.JUnit4Provider.execute(JUnit4Provider.java:365)
	at org.apache.maven.surefire.junit4.JUnit4Provider.executeWithRerun(JUnit4Provider.java:273)
	at org.apache.maven.surefire.junit4.JUnit4Provider.executeTestSet(JUnit4Provider.java:238)
	at org.apache.maven.surefire.junit4.JUnit4Provider.invoke(JUnit4Provider.java:159)
	at org.apache.maven.surefire.booter.ForkedBooter.invokeProviderInSameClassLoader(ForkedBooter.java:384)
	at org.apache.maven.surefire.booter.ForkedBooter.runSuitesInProcess(ForkedBooter.java:345)
	at org.apache.maven.surefire.booter.ForkedBooter.execute(ForkedBooter.java:126)
	at org.apache.maven.surefire.booter.ForkedBooter.main(ForkedBooter.java:418)
]]></failure>
    <system-out><![CDATA[2019-09-24 10:13:56,926 [main] WARN  server.ServerUtils (ServerUtils.java:getScmDbDir(145)) - ozone.scm.db.dirs is not configured. We recommend adding this setting. Falling back to ozone.metadata.dirs instead.
2019-09-24 10:13:56,955 [main] WARN  server.ServerUtils (ServerUtils.java:getScmDbDir(145)) - ozone.scm.db.dirs is not configured. We recommend adding this setting. Falling back to ozone.metadata.dirs instead.
2019-09-24 10:13:56,956 [main] WARN  server.ServerUtils (ServerUtils.java:getScmDbDir(145)) - ozone.scm.db.dirs is not configured. We recommend adding this setting. Falling back to ozone.metadata.dirs instead.
2019-09-24 10:13:56,956 [main] INFO  db.DBStoreBuilder (DBStoreBuilder.java:addTable(110)) - using custom profile for table: deletedBlocks
2019-09-24 10:13:56,956 [main] INFO  db.DBStoreBuilder (DBStoreBuilder.java:processTables(161)) - Using default column profile:DBProfile.DISK for Table:deletedBlocks
2019-09-24 10:13:56,957 [main] INFO  db.DBStoreBuilder (DBStoreBuilder.java:addTable(110)) - using custom profile for table: validCerts
2019-09-24 10:13:56,957 [main] INFO  db.DBStoreBuilder (DBStoreBuilder.java:processTables(161)) - Using default column profile:DBProfile.DISK for Table:validCerts
2019-09-24 10:13:56,957 [main] INFO  db.DBStoreBuilder (DBStoreBuilder.java:addTable(110)) - using custom profile for table: revokedCerts
2019-09-24 10:13:56,957 [main] INFO  db.DBStoreBuilder (DBStoreBuilder.java:processTables(161)) - Using default column profile:DBProfile.DISK for Table:revokedCerts
2019-09-24 10:13:56,957 [main] INFO  db.DBStoreBuilder (DBStoreBuilder.java:addTable(110)) - using custom profile for table: default
2019-09-24 10:13:56,958 [main] INFO  db.DBStoreBuilder (DBStoreBuilder.java:processTables(167)) - Using default column profile:DBProfile.DISK for Table:default
2019-09-24 10:13:56,958 [main] INFO  db.DBStoreBuilder (DBStoreBuilder.java:getDbProfile(198)) - Using default options. DBProfile.DISK
2019-09-24 10:13:57,115 [main] INFO  net.NodeSchemaLoader (NodeSchemaLoader.java:loadSchemaFromFile(125)) - Loading file from sun.misc.CompoundEnumeration@6c951ada
2019-09-24 10:13:57,115 [main] INFO  net.NodeSchemaLoader (NodeSchemaLoader.java:loadSchema(171)) - Loading network topology layer schema file
2019-09-24 10:13:57,120 [main] INFO  node.SCMNodeManager (SCMNodeManager.java:<init>(114)) - Entering startup safe mode.
2019-09-24 10:13:57,121 [main] INFO  algorithms.ContainerPlacementPolicyFactory (ContainerPlacementPolicyFactory.java:getPolicy(57)) - Create container placement policy of type org.apache.hadoop.hdds.scm.container.placement.algorithms.SCMContainerPlacementRandom
2019-09-24 10:13:57,121 [main] WARN  server.ServerUtils (ServerUtils.java:getScmDbDir(145)) - ozone.scm.db.dirs is not configured. We recommend adding this setting. Falling back to ozone.metadata.dirs instead.
2019-09-24 10:13:57,143 [main] INFO  pipeline.SCMPipelineManager (SCMPipelineManager.java:initializePipelineState(132)) - No pipeline exists in current db
2019-09-24 10:13:57,144 [main] WARN  server.ServerUtils (ServerUtils.java:getScmDbDir(145)) - ozone.scm.db.dirs is not configured. We recommend adding this setting. Falling back to ozone.metadata.dirs instead.
2019-09-24 10:13:57,168 [main] WARN  events.EventQueue (EventQueue.java:fireEvent(183)) - No event handler registered for event TypedEvent{payloadType=SafeModeStatus, name='SafeModeStatus'}
2019-09-24 10:13:57,169 [main] INFO  ipc.CallQueueManager (CallQueueManager.java:<init>(84)) - Using callQueue: class java.util.concurrent.LinkedBlockingQueue, queueCapacity: 2000, scheduler: class org.apache.hadoop.ipc.DefaultRpcScheduler, ipcBackoff: false.
2019-09-24 10:13:57,170 [Socket Reader #1 for port 36590] INFO  ipc.Server (Server.java:run(1074)) - Starting Socket Reader #1 for port 36590
2019-09-24 10:13:57,174 [main] INFO  ipc.CallQueueManager (CallQueueManager.java:<init>(84)) - Using callQueue: class java.util.concurrent.LinkedBlockingQueue, queueCapacity: 2000, scheduler: class org.apache.hadoop.ipc.DefaultRpcScheduler, ipcBackoff: false.
2019-09-24 10:13:57,174 [Socket Reader #1 for port 40682] INFO  ipc.Server (Server.java:run(1074)) - Starting Socket Reader #1 for port 40682
2019-09-24 10:13:57,179 [main] INFO  ipc.CallQueueManager (CallQueueManager.java:<init>(84)) - Using callQueue: class java.util.concurrent.LinkedBlockingQueue, queueCapacity: 2000, scheduler: class org.apache.hadoop.ipc.DefaultRpcScheduler, ipcBackoff: false.
2019-09-24 10:13:57,180 [Socket Reader #1 for port 42640] INFO  ipc.Server (Server.java:run(1074)) - Starting Socket Reader #1 for port 42640
2019-09-24 10:13:57,185 [main] INFO  hdfs.DFSUtil (DFSUtil.java:httpServerTemplateForNNAndJN(1641)) - Starting Web-server for scm at: http://0.0.0.0:0
2019-09-24 10:13:57,187 [main] INFO  server.AuthenticationFilter (AuthenticationFilter.java:constructSecretProvider(240)) - Unable to initialize FileSignerSecretProvider, falling back to use random secrets.
2019-09-24 10:13:57,188 [main] WARN  http.HttpRequestLog (HttpRequestLog.java:getRequestLog(97)) - Jetty request log can only be enabled using Log4j
2019-09-24 10:13:57,191 [main] INFO  http.HttpServer2 (HttpServer2.java:addGlobalFilter(975)) - Added global filter 'safety' (class=org.apache.hadoop.http.HttpServer2$QuotingInputFilter)
2019-09-24 10:13:57,192 [main] INFO  http.HttpServer2 (HttpServer2.java:addFilter(948)) - Added filter static_user_filter (class=org.apache.hadoop.http.lib.StaticUserWebFilter$StaticUserFilter) to context scm
2019-09-24 10:13:57,192 [main] INFO  http.HttpServer2 (HttpServer2.java:addFilter(958)) - Added filter static_user_filter (class=org.apache.hadoop.http.lib.StaticUserWebFilter$StaticUserFilter) to context static
2019-09-24 10:13:57,192 [main] INFO  http.HttpServer2 (HttpServer2.java:addFilter(958)) - Added filter static_user_filter (class=org.apache.hadoop.http.lib.StaticUserWebFilter$StaticUserFilter) to context logs
2019-09-24 10:13:57,194 [main] INFO  server.StorageContainerManager (StorageContainerManager.java:start(770)) - StorageContainerLocationProtocol RPC server is listening at /0.0.0.0:42640
2019-09-24 10:13:57,197 [main] WARN  impl.MetricsConfig (MetricsConfig.java:loadFirst(134)) - Cannot locate configuration: tried hadoop-metrics2-storagecontainermanager.properties,hadoop-metrics2.properties
2019-09-24 10:13:57,198 [main] INFO  impl.MetricsSystemImpl (MetricsSystemImpl.java:startTimer(374)) - Scheduled Metric snapshot period at 10 second(s).
2019-09-24 10:13:57,198 [main] INFO  impl.MetricsSystemImpl (MetricsSystemImpl.java:start(191)) - StorageContainerManager metrics system started
2019-09-24 10:13:57,249 [main] WARN  impl.MetricsSystemImpl (MetricsSystemImpl.java:register(276)) - Sink prometheus already exists!
2019-09-24 10:13:57,349 [main] INFO  server.SCMClientProtocolServer (SCMClientProtocolServer.java:start(151)) - RPC server for Client  is listening at /0.0.0.0:42640
2019-09-24 10:13:57,349 [IPC Server Responder] INFO  ipc.Server (Server.java:run(1314)) - IPC Server Responder: starting
2019-09-24 10:13:57,349 [IPC Server listener on 42640] INFO  ipc.Server (Server.java:run(1153)) - IPC Server listener on 42640: starting
2019-09-24 10:13:57,354 [main] INFO  server.StorageContainerManager (StorageContainerManager.java:start(780)) - ScmBlockLocationProtocol RPC server is listening at /0.0.0.0:40682
2019-09-24 10:13:57,354 [main] INFO  server.SCMBlockProtocolServer (SCMBlockProtocolServer.java:start(146)) - RPC server for Block Protocol is listening at /0.0.0.0:40682
2019-09-24 10:13:57,355 [IPC Server Responder] INFO  ipc.Server (Server.java:run(1314)) - IPC Server Responder: starting
2019-09-24 10:13:57,355 [IPC Server listener on 40682] INFO  ipc.Server (Server.java:run(1153)) - IPC Server listener on 40682: starting
2019-09-24 10:13:57,359 [main] INFO  server.StorageContainerManager (StorageContainerManager.java:start(784)) - ScmDatanodeProtocl RPC server is listening at /0.0.0.0:36590
2019-09-24 10:13:57,359 [main] INFO  server.SCMDatanodeProtocolServer (SCMDatanodeProtocolServer.java:start(191)) - RPC server for DataNodes is listening at /0.0.0.0:36590
2019-09-24 10:13:57,359 [IPC Server Responder] INFO  ipc.Server (Server.java:run(1314)) - IPC Server Responder: starting
2019-09-24 10:13:57,359 [IPC Server listener on 36590] INFO  ipc.Server (Server.java:run(1153)) - IPC Server listener on 36590: starting
2019-09-24 10:13:57,364 [main] INFO  http.HttpServer2 (HttpServer2.java:bindListener(1191)) - Jetty bound to port 33900
2019-09-24 10:13:57,364 [main] INFO  server.Server (Server.java:doStart(351)) - jetty-9.3.25.v20180904, build timestamp: 2018-09-04T21:11:46Z, git hash: 3ce520221d0240229c862b122d2b06c12a625732
2019-09-24 10:13:57,366 [main] INFO  handler.ContextHandler (ContextHandler.java:doStart(781)) - Started o.e.j.s.ServletContextHandler@6a09484c{/logs,file:///workdir/hadoop-ozone/integration-test/target/log,AVAILABLE}
2019-09-24 10:13:57,366 [main] INFO  handler.ContextHandler (ContextHandler.java:doStart(781)) - Started o.e.j.s.ServletContextHandler@50ec4bfc{/static,file:///workdir/hadoop-ozone/integration-test/target/test-classes/webapps/static,AVAILABLE}
2019-09-24 10:13:57,370 [main] INFO  handler.ContextHandler (ContextHandler.java:doStart(781)) - Started o.e.j.w.WebAppContext@fddd7ae{/,file:///workdir/hadoop-ozone/integration-test/target/test-classes/webapps/scm/,AVAILABLE}{/scm}
2019-09-24 10:13:57,370 [main] INFO  server.AbstractConnector (AbstractConnector.java:doStart(278)) - Started ServerConnector@3f6cce7f{HTTP/1.1,[http/1.1]}{0.0.0.0:33900}
2019-09-24 10:13:57,371 [main] INFO  server.Server (Server.java:doStart(419)) - Started @586553ms
2019-09-24 10:13:57,371 [main] WARN  impl.MetricsSystemImpl (MetricsSystemImpl.java:register(276)) - Sink prometheus already exists!
2019-09-24 10:13:57,372 [main] INFO  server.BaseHttpServer (BaseHttpServer.java:updateConnectorAddress(215)) - HTTP server of SCM is listening at http://0.0.0.0:33900
2019-09-24 10:13:57,374 [main] WARN  server.ServerUtils (ServerUtils.java:getDBPath(222)) - ozone.om.db.dirs is not configured. We recommend adding this setting. Falling back to ozone.metadata.dirs instead.
2019-09-24 10:13:57,374 [org.apache.hadoop.util.JvmPauseMonitor$Monitor@7b9088f2] INFO  util.JvmPauseMonitor (JvmPauseMonitor.java:run(188)) - Starting JVM pause monitor
2019-09-24 10:13:57,388 [main] WARN  server.ServerUtils (ServerUtils.java:getDBPath(222)) - ozone.om.db.dirs is not configured. We recommend adding this setting. Falling back to ozone.metadata.dirs instead.
2019-09-24 10:13:57,388 [main] WARN  server.ServerUtils (ServerUtils.java:getDBPath(222)) - ozone.om.db.dirs is not configured. We recommend adding this setting. Falling back to ozone.metadata.dirs instead.
2019-09-24 10:13:57,389 [main] INFO  om.OzoneManager (OzoneManager.java:setOMNodeDetails(652)) - OM Service ID is not set. Setting it to the default ID: omServiceIdDefault
2019-09-24 10:13:57,389 [main] INFO  om.OzoneManager (OzoneManager.java:setOMNodeDetails(658)) - OM Node ID is not set. Setting it to the OmStorage's OmID: 871de34a-0907-4d66-8280-ebe5ab5b4147
2019-09-24 10:13:57,390 [main] INFO  om.OzoneManager (OzoneManager.java:loadOMHAConfigs(609)) - Found matching OM address with OMServiceId: null, OMNodeId: null, RPC Address: localhost:0 and Ratis port: 9872
2019-09-24 10:13:57,397 [main] WARN  server.ServerUtils (ServerUtils.java:getDBPath(222)) - ozone.om.db.dirs is not configured. We recommend adding this setting. Falling back to ozone.metadata.dirs instead.
2019-09-24 10:13:57,398 [main] INFO  db.DBStoreBuilder (DBStoreBuilder.java:addTable(110)) - using custom profile for table: userTable
2019-09-24 10:13:57,398 [main] INFO  db.DBStoreBuilder (DBStoreBuilder.java:processTables(161)) - Using default column profile:DBProfile.DISK for Table:userTable
2019-09-24 10:13:57,399 [main] INFO  db.DBStoreBuilder (DBStoreBuilder.java:addTable(110)) - using custom profile for table: volumeTable
2019-09-24 10:13:57,399 [main] INFO  db.DBStoreBuilder (DBStoreBuilder.java:processTables(161)) - Using default column profile:DBProfile.DISK for Table:volumeTable
2019-09-24 10:13:57,399 [main] INFO  db.DBStoreBuilder (DBStoreBuilder.java:addTable(110)) - using custom profile for table: bucketTable
2019-09-24 10:13:57,399 [main] INFO  db.DBStoreBuilder (DBStoreBuilder.java:processTables(161)) - Using default column profile:DBProfile.DISK for Table:bucketTable
2019-09-24 10:13:57,400 [main] INFO  db.DBStoreBuilder (DBStoreBuilder.java:addTable(110)) - using custom profile for table: keyTable
2019-09-24 10:13:57,400 [main] INFO  db.DBStoreBuilder (DBStoreBuilder.java:processTables(161)) - Using default column profile:DBProfile.DISK for Table:keyTable
2019-09-24 10:13:57,400 [main] INFO  db.DBStoreBuilder (DBStoreBuilder.java:addTable(110)) - using custom profile for table: deletedTable
2019-09-24 10:13:57,400 [main] INFO  db.DBStoreBuilder (DBStoreBuilder.java:processTables(161)) - Using default column profile:DBProfile.DISK for Table:deletedTable
2019-09-24 10:13:57,400 [main] INFO  db.DBStoreBuilder (DBStoreBuilder.java:addTable(110)) - using custom profile for table: openKeyTable
2019-09-24 10:13:57,401 [main] INFO  db.DBStoreBuilder (DBStoreBuilder.java:processTables(161)) - Using default column profile:DBProfile.DISK for Table:openKeyTable
2019-09-24 10:13:57,401 [main] INFO  db.DBStoreBuilder (DBStoreBuilder.java:addTable(110)) - using custom profile for table: s3Table
2019-09-24 10:13:57,401 [main] INFO  db.DBStoreBuilder (DBStoreBuilder.java:processTables(161)) - Using default column profile:DBProfile.DISK for Table:s3Table
2019-09-24 10:13:57,401 [main] INFO  db.DBStoreBuilder (DBStoreBuilder.java:addTable(110)) - using custom profile for table: multipartInfoTable
2019-09-24 10:13:57,402 [main] INFO  db.DBStoreBuilder (DBStoreBuilder.java:processTables(161)) - Using default column profile:DBProfile.DISK for Table:multipartInfoTable
2019-09-24 10:13:57,402 [main] INFO  db.DBStoreBuilder (DBStoreBuilder.java:addTable(110)) - using custom profile for table: dTokenTable
2019-09-24 10:13:57,402 [main] INFO  db.DBStoreBuilder (DBStoreBuilder.java:processTables(161)) - Using default column profile:DBProfile.DISK for Table:dTokenTable
2019-09-24 10:13:57,402 [main] INFO  db.DBStoreBuilder (DBStoreBuilder.java:addTable(110)) - using custom profile for table: s3SecretTable
2019-09-24 10:13:57,402 [main] INFO  db.DBStoreBuilder (DBStoreBuilder.java:processTables(161)) - Using default column profile:DBProfile.DISK for Table:s3SecretTable
2019-09-24 10:13:57,403 [main] INFO  db.DBStoreBuilder (DBStoreBuilder.java:addTable(110)) - using custom profile for table: prefixTable
2019-09-24 10:13:57,403 [main] INFO  db.DBStoreBuilder (DBStoreBuilder.java:processTables(161)) - Using default column profile:DBProfile.DISK for Table:prefixTable
2019-09-24 10:13:57,403 [main] INFO  db.DBStoreBuilder (DBStoreBuilder.java:addTable(110)) - using custom profile for table: default
2019-09-24 10:13:57,403 [main] INFO  db.DBStoreBuilder (DBStoreBuilder.java:processTables(167)) - Using default column profile:DBProfile.DISK for Table:default
2019-09-24 10:13:57,404 [main] INFO  db.DBStoreBuilder (DBStoreBuilder.java:getDbProfile(198)) - Using default options. DBProfile.DISK
2019-09-24 10:13:57,831 [main] INFO  ipc.CallQueueManager (CallQueueManager.java:<init>(84)) - Using callQueue: class java.util.concurrent.LinkedBlockingQueue, queueCapacity: 2000, scheduler: class org.apache.hadoop.ipc.DefaultRpcScheduler, ipcBackoff: false.
2019-09-24 10:13:57,832 [Socket Reader #1 for port 39790] INFO  ipc.Server (Server.java:run(1074)) - Starting Socket Reader #1 for port 39790
2019-09-24 10:13:57,843 [main] INFO  om.OzoneManager (OzoneManager.java:start(1243)) - OzoneManager RPC server is listening at localhost/127.0.0.1:39790
2019-09-24 10:13:57,843 [main] INFO  impl.MetricsSystemImpl (MetricsSystemImpl.java:init(158)) - OzoneManager metrics system started (again)
2019-09-24 10:13:57,844 [IPC Server Responder] INFO  ipc.Server (Server.java:run(1314)) - IPC Server Responder: starting
2019-09-24 10:13:57,846 [IPC Server listener on 39790] INFO  ipc.Server (Server.java:run(1153)) - IPC Server listener on 39790: starting
2019-09-24 10:13:57,849 [main] INFO  hdfs.DFSUtil (DFSUtil.java:httpServerTemplateForNNAndJN(1641)) - Starting Web-server for ozoneManager at: http://0.0.0.0:0
2019-09-24 10:13:57,851 [main] INFO  server.AuthenticationFilter (AuthenticationFilter.java:constructSecretProvider(240)) - Unable to initialize FileSignerSecretProvider, falling back to use random secrets.
2019-09-24 10:13:57,851 [main] WARN  http.HttpRequestLog (HttpRequestLog.java:getRequestLog(97)) - Jetty request log can only be enabled using Log4j
2019-09-24 10:13:57,854 [main] INFO  http.HttpServer2 (HttpServer2.java:addGlobalFilter(975)) - Added global filter 'safety' (class=org.apache.hadoop.http.HttpServer2$QuotingInputFilter)
2019-09-24 10:13:57,854 [main] INFO  http.HttpServer2 (HttpServer2.java:addFilter(948)) - Added filter static_user_filter (class=org.apache.hadoop.http.lib.StaticUserWebFilter$StaticUserFilter) to context ozoneManager
2019-09-24 10:13:57,854 [main] INFO  http.HttpServer2 (HttpServer2.java:addFilter(958)) - Added filter static_user_filter (class=org.apache.hadoop.http.lib.StaticUserWebFilter$StaticUserFilter) to context static
2019-09-24 10:13:57,855 [main] INFO  http.HttpServer2 (HttpServer2.java:addFilter(958)) - Added filter static_user_filter (class=org.apache.hadoop.http.lib.StaticUserWebFilter$StaticUserFilter) to context logs
2019-09-24 10:13:57,856 [main] INFO  http.HttpServer2 (HttpServer2.java:bindListener(1191)) - Jetty bound to port 38751
2019-09-24 10:13:57,856 [main] INFO  server.Server (Server.java:doStart(351)) - jetty-9.3.25.v20180904, build timestamp: 2018-09-04T21:11:46Z, git hash: 3ce520221d0240229c862b122d2b06c12a625732
2019-09-24 10:13:57,857 [main] INFO  handler.ContextHandler (ContextHandler.java:doStart(781)) - Started o.e.j.s.ServletContextHandler@3820cfe{/logs,file:///workdir/hadoop-ozone/integration-test/target/log,AVAILABLE}
2019-09-24 10:13:57,858 [main] INFO  handler.ContextHandler (ContextHandler.java:doStart(781)) - Started o.e.j.s.ServletContextHandler@5ec9eefa{/static,file:///workdir/hadoop-ozone/integration-test/target/test-classes/webapps/static,AVAILABLE}
2019-09-24 10:13:57,863 [main] INFO  handler.ContextHandler (ContextHandler.java:doStart(781)) - Started o.e.j.w.WebAppContext@4f664bee{/,file:///workdir/hadoop-ozone/integration-test/target/test-classes/webapps/ozoneManager/,AVAILABLE}{/ozoneManager}
2019-09-24 10:13:57,863 [main] INFO  server.AbstractConnector (AbstractConnector.java:doStart(278)) - Started ServerConnector@76563ae7{HTTP/1.1,[http/1.1]}{0.0.0.0:38751}
2019-09-24 10:13:57,864 [main] INFO  server.Server (Server.java:doStart(419)) - Started @587046ms
2019-09-24 10:13:57,864 [main] WARN  impl.MetricsSystemImpl (MetricsSystemImpl.java:register(276)) - Sink prometheus already exists!
2019-09-24 10:13:57,865 [main] INFO  server.BaseHttpServer (BaseHttpServer.java:updateConnectorAddress(215)) - HTTP server of OZONEMANAGER is listening at http://0.0.0.0:38751
2019-09-24 10:13:57,881 [main] INFO  impl.MetricsSystemImpl (MetricsSystemImpl.java:init(158)) - HddsDatanode metrics system started (again)
2019-09-24 10:13:57,884 [main] INFO  ozone.HddsDatanodeService (HddsDatanodeService.java:start(184)) - HddsDatanodeService host:pr-hdds-2167-zx9qf-3539961911 ip:192.168.151.86
2019-09-24 10:13:57,889 [main] INFO  volume.HddsVolume (HddsVolume.java:<init>(176)) - Creating Volume: /workdir/hadoop-ozone/integration-test/target/test-dir/MiniOzoneClusterImpl-6e222164-f983-4504-86c8-7ced57a751c7/datanode-0/data/containers/hdds of  storage type : DISK and capacity : 1482555576320
2019-09-24 10:13:57,889 [main] INFO  volume.VolumeSet (VolumeSet.java:initializeVolumeSet(170)) - Added Volume : /workdir/hadoop-ozone/integration-test/target/test-dir/MiniOzoneClusterImpl-6e222164-f983-4504-86c8-7ced57a751c7/datanode-0/data/containers/hdds to VolumeSet
2019-09-24 10:13:57,889 [main] INFO  volume.ThrottledAsyncChecker (ThrottledAsyncChecker.java:schedule(139)) - Scheduling a check for org.apache.hadoop.ozone.container.common.volume.HddsVolume@4981d95b
2019-09-24 10:13:57,891 [main] INFO  volume.HddsVolumeChecker (HddsVolumeChecker.java:checkAllVolumes(202)) - Scheduled health check for volume org.apache.hadoop.ozone.container.common.volume.HddsVolume@4981d95b
2019-09-24 10:13:57,903 [main] INFO  impl.RaftServerProxy (ConfUtils.java:logGet(43)) - raft.rpc.type = GRPC (default)
2019-09-24 10:13:57,903 [main] INFO  grpc.GrpcFactory (GrpcFactory.java:checkPooledByteBufAllocatorUseCacheForAllThreads(45)) - PERFORMANCE WARNING: useCacheForAllThreads is true that may cause Netty to create a lot garbage objects and, as a result, trigger GC.
	It is recommended to disable useCacheForAllThreads by setting -Dorg.apache.ratis.thirdparty.io.netty.allocator.useCacheForAllThreads=false in command line.
2019-09-24 10:13:57,904 [main] INFO  grpc.GrpcConfigKeys$Server (ConfUtils.java:logGet(43)) - raft.grpc.server.port = 0 (default)
2019-09-24 10:13:57,904 [main] INFO  server.GrpcService (ConfUtils.java:logGet(43)) - raft.grpc.message.size.max = 33570816 (custom)
2019-09-24 10:13:57,904 [main] INFO  server.RaftServerConfigKeys (ConfUtils.java:logGet(43)) - raft.server.log.appender.buffer.byte-limit = 33554432 (custom)
2019-09-24 10:13:57,904 [main] INFO  server.GrpcService (ConfUtils.java:logGet(43)) - raft.grpc.flow.control.window = 1MB (=1048576) (default)
2019-09-24 10:13:57,904 [main] INFO  server.RaftServerConfigKeys (ConfUtils.java:logGet(43)) - raft.server.rpc.request.timeout = 3000ms (default)
2019-09-24 10:13:57,905 [main] INFO  server.RaftServerConfigKeys (ConfUtils.java:logGet(43)) - raft.server.storage.dir = [/workdir/hadoop-ozone/integration-test/target/test-dir/MiniOzoneClusterImpl-6e222164-f983-4504-86c8-7ced57a751c7/datanode-0/data/ratis] (custom)
2019-09-24 10:13:57,907 [main] INFO  hdfs.DFSUtil (DFSUtil.java:httpServerTemplateForNNAndJN(1641)) - Starting Web-server for hddsDatanode at: http://0.0.0.0:0
2019-09-24 10:13:57,908 [main] INFO  server.AuthenticationFilter (AuthenticationFilter.java:constructSecretProvider(240)) - Unable to initialize FileSignerSecretProvider, falling back to use random secrets.
2019-09-24 10:13:57,908 [main] WARN  http.HttpRequestLog (HttpRequestLog.java:getRequestLog(97)) - Jetty request log can only be enabled using Log4j
2019-09-24 10:13:57,909 [main] INFO  http.HttpServer2 (HttpServer2.java:addGlobalFilter(975)) - Added global filter 'safety' (class=org.apache.hadoop.http.HttpServer2$QuotingInputFilter)
2019-09-24 10:13:57,910 [main] INFO  http.HttpServer2 (HttpServer2.java:addFilter(948)) - Added filter static_user_filter (class=org.apache.hadoop.http.lib.StaticUserWebFilter$StaticUserFilter) to context hddsDatanode
2019-09-24 10:13:57,910 [main] INFO  http.HttpServer2 (HttpServer2.java:addFilter(958)) - Added filter static_user_filter (class=org.apache.hadoop.http.lib.StaticUserWebFilter$StaticUserFilter) to context static
2019-09-24 10:13:57,910 [main] INFO  http.HttpServer2 (HttpServer2.java:addFilter(958)) - Added filter static_user_filter (class=org.apache.hadoop.http.lib.StaticUserWebFilter$StaticUserFilter) to context logs
2019-09-24 10:13:57,911 [main] INFO  http.HttpServer2 (HttpServer2.java:bindListener(1191)) - Jetty bound to port 46088
2019-09-24 10:13:57,911 [main] INFO  server.Server (Server.java:doStart(351)) - jetty-9.3.25.v20180904, build timestamp: 2018-09-04T21:11:46Z, git hash: 3ce520221d0240229c862b122d2b06c12a625732
2019-09-24 10:13:57,912 [main] INFO  handler.ContextHandler (ContextHandler.java:doStart(781)) - Started o.e.j.s.ServletContextHandler@6486fe7b{/logs,file:///workdir/hadoop-ozone/integration-test/target/log,AVAILABLE}
2019-09-24 10:13:57,913 [main] INFO  handler.ContextHandler (ContextHandler.java:doStart(781)) - Started o.e.j.s.ServletContextHandler@4645679e{/static,jar:file:/home/user/.m2/repository/org/apache/hadoop/hadoop-hdds-container-service/0.5.0-SNAPSHOT/hadoop-hdds-container-service-0.5.0-SNAPSHOT.jar!/webapps/static,AVAILABLE}
2019-09-24 10:13:57,940 [main] INFO  handler.ContextHandler (ContextHandler.java:doStart(781)) - Started o.e.j.w.WebAppContext@6c4ce583{/,file:///tmp/jetty-0.0.0.0-46088-hddsDatanode-_-any-8732447763856410234.dir/webapp/,AVAILABLE}{/hddsDatanode}
2019-09-24 10:13:57,940 [main] INFO  server.AbstractConnector (AbstractConnector.java:doStart(278)) - Started ServerConnector@755b5f30{HTTP/1.1,[http/1.1]}{0.0.0.0:46088}
2019-09-24 10:13:57,942 [main] INFO  server.Server (Server.java:doStart(419)) - Started @587123ms
2019-09-24 10:13:57,942 [main] WARN  impl.MetricsSystemImpl (MetricsSystemImpl.java:register(276)) - Sink prometheus already exists!
2019-09-24 10:13:57,943 [main] INFO  server.BaseHttpServer (BaseHttpServer.java:updateConnectorAddress(215)) - HTTP server of HDDSDATANODE is listening at http://0.0.0.0:46088
2019-09-24 10:13:57,943 [main] INFO  impl.MetricsSystemImpl (MetricsSystemImpl.java:init(158)) - HddsDatanode metrics system started (again)
2019-09-24 10:13:57,947 [org.apache.hadoop.util.JvmPauseMonitor$Monitor@3101e543] INFO  util.JvmPauseMonitor (JvmPauseMonitor.java:run(188)) - Starting JVM pause monitor
2019-09-24 10:13:57,947 [main] INFO  ozone.HddsDatanodeService (HddsDatanodeService.java:start(184)) - HddsDatanodeService host:pr-hdds-2167-zx9qf-3539961911 ip:192.168.151.86
2019-09-24 10:13:57,948 [Datanode State Machine Thread - 0] INFO  datanode.InitDatanodeState (InitDatanodeState.java:persistContainerDatanodeDetails(140)) - DatanodeDetails is persisted to /workdir/hadoop-ozone/integration-test/target/test-dir/MiniOzoneClusterImpl-6e222164-f983-4504-86c8-7ced57a751c7/datanode-0/meta/datanode.id
2019-09-24 10:13:57,953 [main] INFO  volume.HddsVolume (HddsVolume.java:<init>(176)) - Creating Volume: /workdir/hadoop-ozone/integration-test/target/test-dir/MiniOzoneClusterImpl-6e222164-f983-4504-86c8-7ced57a751c7/datanode-1/data/containers/hdds of  storage type : DISK and capacity : 1482555576320
2019-09-24 10:13:57,954 [main] INFO  volume.VolumeSet (VolumeSet.java:initializeVolumeSet(170)) - Added Volume : /workdir/hadoop-ozone/integration-test/target/test-dir/MiniOzoneClusterImpl-6e222164-f983-4504-86c8-7ced57a751c7/datanode-1/data/containers/hdds to VolumeSet
2019-09-24 10:13:57,954 [main] INFO  volume.ThrottledAsyncChecker (ThrottledAsyncChecker.java:schedule(139)) - Scheduling a check for org.apache.hadoop.ozone.container.common.volume.HddsVolume@6ad6443
2019-09-24 10:13:57,954 [main] INFO  volume.HddsVolumeChecker (HddsVolumeChecker.java:checkAllVolumes(202)) - Scheduled health check for volume org.apache.hadoop.ozone.container.common.volume.HddsVolume@6ad6443
2019-09-24 10:13:57,972 [main] INFO  impl.RaftServerProxy (ConfUtils.java:logGet(43)) - raft.rpc.type = GRPC (default)
2019-09-24 10:13:57,972 [main] INFO  grpc.GrpcFactory (GrpcFactory.java:checkPooledByteBufAllocatorUseCacheForAllThreads(45)) - PERFORMANCE WARNING: useCacheForAllThreads is true that may cause Netty to create a lot garbage objects and, as a result, trigger GC.
	It is recommended to disable useCacheForAllThreads by setting -Dorg.apache.ratis.thirdparty.io.netty.allocator.useCacheForAllThreads=false in command line.
2019-09-24 10:13:57,972 [main] INFO  grpc.GrpcConfigKeys$Server (ConfUtils.java:logGet(43)) - raft.grpc.server.port = 0 (default)
2019-09-24 10:13:57,973 [main] INFO  server.GrpcService (ConfUtils.java:logGet(43)) - raft.grpc.message.size.max = 33570816 (custom)
2019-09-24 10:13:57,973 [main] INFO  server.RaftServerConfigKeys (ConfUtils.java:logGet(43)) - raft.server.log.appender.buffer.byte-limit = 33554432 (custom)
2019-09-24 10:13:57,973 [main] INFO  server.GrpcService (ConfUtils.java:logGet(43)) - raft.grpc.flow.control.window = 1MB (=1048576) (default)
2019-09-24 10:13:57,973 [main] INFO  server.RaftServerConfigKeys (ConfUtils.java:logGet(43)) - raft.server.rpc.request.timeout = 3000ms (default)
2019-09-24 10:13:57,974 [main] INFO  server.RaftServerConfigKeys (ConfUtils.java:logGet(43)) - raft.server.storage.dir = [/workdir/hadoop-ozone/integration-test/target/test-dir/MiniOzoneClusterImpl-6e222164-f983-4504-86c8-7ced57a751c7/datanode-1/data/ratis] (custom)
2019-09-24 10:13:57,975 [main] INFO  hdfs.DFSUtil (DFSUtil.java:httpServerTemplateForNNAndJN(1641)) - Starting Web-server for hddsDatanode at: http://0.0.0.0:0
2019-09-24 10:13:57,977 [main] INFO  server.AuthenticationFilter (AuthenticationFilter.java:constructSecretProvider(240)) - Unable to initialize FileSignerSecretProvider, falling back to use random secrets.
2019-09-24 10:13:57,977 [main] WARN  http.HttpRequestLog (HttpRequestLog.java:getRequestLog(97)) - Jetty request log can only be enabled using Log4j
2019-09-24 10:13:57,979 [main] INFO  http.HttpServer2 (HttpServer2.java:addGlobalFilter(975)) - Added global filter 'safety' (class=org.apache.hadoop.http.HttpServer2$QuotingInputFilter)
2019-09-24 10:13:57,979 [main] INFO  http.HttpServer2 (HttpServer2.java:addFilter(948)) - Added filter static_user_filter (class=org.apache.hadoop.http.lib.StaticUserWebFilter$StaticUserFilter) to context hddsDatanode
2019-09-24 10:13:57,979 [main] INFO  http.HttpServer2 (HttpServer2.java:addFilter(958)) - Added filter static_user_filter (class=org.apache.hadoop.http.lib.StaticUserWebFilter$StaticUserFilter) to context logs
2019-09-24 10:13:57,980 [main] INFO  http.HttpServer2 (HttpServer2.java:addFilter(958)) - Added filter static_user_filter (class=org.apache.hadoop.http.lib.StaticUserWebFilter$StaticUserFilter) to context static
2019-09-24 10:13:57,980 [main] INFO  http.HttpServer2 (HttpServer2.java:bindListener(1191)) - Jetty bound to port 43237
2019-09-24 10:13:57,980 [main] INFO  server.Server (Server.java:doStart(351)) - jetty-9.3.25.v20180904, build timestamp: 2018-09-04T21:11:46Z, git hash: 3ce520221d0240229c862b122d2b06c12a625732
2019-09-24 10:13:57,981 [main] INFO  handler.ContextHandler (ContextHandler.java:doStart(781)) - Started o.e.j.s.ServletContextHandler@2f0ccb34{/logs,file:///workdir/hadoop-ozone/integration-test/target/log,AVAILABLE}
2019-09-24 10:13:57,982 [main] INFO  handler.ContextHandler (ContextHandler.java:doStart(781)) - Started o.e.j.s.ServletContextHandler@55296b50{/static,jar:file:/home/user/.m2/repository/org/apache/hadoop/hadoop-hdds-container-service/0.5.0-SNAPSHOT/hadoop-hdds-container-service-0.5.0-SNAPSHOT.jar!/webapps/static,AVAILABLE}
2019-09-24 10:13:58,009 [main] INFO  handler.ContextHandler (ContextHandler.java:doStart(781)) - Started o.e.j.w.WebAppContext@509a6095{/,file:///tmp/jetty-0.0.0.0-43237-hddsDatanode-_-any-1699963224806376826.dir/webapp/,AVAILABLE}{/hddsDatanode}
2019-09-24 10:13:58,009 [main] INFO  server.AbstractConnector (AbstractConnector.java:doStart(278)) - Started ServerConnector@57cabdc3{HTTP/1.1,[http/1.1]}{0.0.0.0:43237}
2019-09-24 10:13:58,011 [main] INFO  server.Server (Server.java:doStart(419)) - Started @587191ms
2019-09-24 10:13:58,011 [main] WARN  impl.MetricsSystemImpl (MetricsSystemImpl.java:register(276)) - Sink prometheus already exists!
2019-09-24 10:13:58,012 [main] INFO  server.BaseHttpServer (BaseHttpServer.java:updateConnectorAddress(215)) - HTTP server of HDDSDATANODE is listening at http://0.0.0.0:43237
2019-09-24 10:13:58,012 [main] INFO  impl.MetricsSystemImpl (MetricsSystemImpl.java:init(158)) - HddsDatanode metrics system started (again)
2019-09-24 10:13:58,017 [org.apache.hadoop.util.JvmPauseMonitor$Monitor@368890d6] INFO  util.JvmPauseMonitor (JvmPauseMonitor.java:run(188)) - Starting JVM pause monitor
2019-09-24 10:13:58,018 [Datanode State Machine Thread - 0] INFO  datanode.InitDatanodeState (InitDatanodeState.java:persistContainerDatanodeDetails(140)) - DatanodeDetails is persisted to /workdir/hadoop-ozone/integration-test/target/test-dir/MiniOzoneClusterImpl-6e222164-f983-4504-86c8-7ced57a751c7/datanode-1/meta/datanode.id
2019-09-24 10:13:58,018 [main] INFO  ozone.HddsDatanodeService (HddsDatanodeService.java:start(184)) - HddsDatanodeService host:pr-hdds-2167-zx9qf-3539961911 ip:192.168.151.86
2019-09-24 10:13:58,024 [main] INFO  volume.HddsVolume (HddsVolume.java:<init>(176)) - Creating Volume: /workdir/hadoop-ozone/integration-test/target/test-dir/MiniOzoneClusterImpl-6e222164-f983-4504-86c8-7ced57a751c7/datanode-2/data/containers/hdds of  storage type : DISK and capacity : 1482555576320
2019-09-24 10:13:58,024 [main] INFO  volume.VolumeSet (VolumeSet.java:initializeVolumeSet(170)) - Added Volume : /workdir/hadoop-ozone/integration-test/target/test-dir/MiniOzoneClusterImpl-6e222164-f983-4504-86c8-7ced57a751c7/datanode-2/data/containers/hdds to VolumeSet
2019-09-24 10:13:58,025 [main] INFO  volume.ThrottledAsyncChecker (ThrottledAsyncChecker.java:schedule(139)) - Scheduling a check for org.apache.hadoop.ozone.container.common.volume.HddsVolume@15d236fd
2019-09-24 10:13:58,025 [main] INFO  volume.HddsVolumeChecker (HddsVolumeChecker.java:checkAllVolumes(202)) - Scheduled health check for volume org.apache.hadoop.ozone.container.common.volume.HddsVolume@15d236fd
2019-09-24 10:13:58,043 [main] INFO  impl.RaftServerProxy (ConfUtils.java:logGet(43)) - raft.rpc.type = GRPC (default)
2019-09-24 10:13:58,043 [main] INFO  grpc.GrpcFactory (GrpcFactory.java:checkPooledByteBufAllocatorUseCacheForAllThreads(45)) - PERFORMANCE WARNING: useCacheForAllThreads is true that may cause Netty to create a lot garbage objects and, as a result, trigger GC.
	It is recommended to disable useCacheForAllThreads by setting -Dorg.apache.ratis.thirdparty.io.netty.allocator.useCacheForAllThreads=false in command line.
2019-09-24 10:13:58,043 [main] INFO  grpc.GrpcConfigKeys$Server (ConfUtils.java:logGet(43)) - raft.grpc.server.port = 0 (default)
2019-09-24 10:13:58,043 [main] INFO  server.GrpcService (ConfUtils.java:logGet(43)) - raft.grpc.message.size.max = 33570816 (custom)
2019-09-24 10:13:58,044 [main] INFO  server.RaftServerConfigKeys (ConfUtils.java:logGet(43)) - raft.server.log.appender.buffer.byte-limit = 33554432 (custom)
2019-09-24 10:13:58,044 [main] INFO  server.GrpcService (ConfUtils.java:logGet(43)) - raft.grpc.flow.control.window = 1MB (=1048576) (default)
2019-09-24 10:13:58,044 [main] INFO  server.RaftServerConfigKeys (ConfUtils.java:logGet(43)) - raft.server.rpc.request.timeout = 3000ms (default)
2019-09-24 10:13:58,045 [main] INFO  server.RaftServerConfigKeys (ConfUtils.java:logGet(43)) - raft.server.storage.dir = [/workdir/hadoop-ozone/integration-test/target/test-dir/MiniOzoneClusterImpl-6e222164-f983-4504-86c8-7ced57a751c7/datanode-2/data/ratis] (custom)
2019-09-24 10:13:58,046 [main] INFO  hdfs.DFSUtil (DFSUtil.java:httpServerTemplateForNNAndJN(1641)) - Starting Web-server for hddsDatanode at: http://0.0.0.0:0
2019-09-24 10:13:58,047 [main] INFO  server.AuthenticationFilter (AuthenticationFilter.java:constructSecretProvider(240)) - Unable to initialize FileSignerSecretProvider, falling back to use random secrets.
2019-09-24 10:13:58,048 [main] WARN  http.HttpRequestLog (HttpRequestLog.java:getRequestLog(97)) - Jetty request log can only be enabled using Log4j
2019-09-24 10:13:58,050 [main] INFO  http.HttpServer2 (HttpServer2.java:addGlobalFilter(975)) - Added global filter 'safety' (class=org.apache.hadoop.http.HttpServer2$QuotingInputFilter)
2019-09-24 10:13:58,050 [main] INFO  http.HttpServer2 (HttpServer2.java:addFilter(948)) - Added filter static_user_filter (class=org.apache.hadoop.http.lib.StaticUserWebFilter$StaticUserFilter) to context hddsDatanode
2019-09-24 10:13:58,051 [main] INFO  http.HttpServer2 (HttpServer2.java:addFilter(958)) - Added filter static_user_filter (class=org.apache.hadoop.http.lib.StaticUserWebFilter$StaticUserFilter) to context static
2019-09-24 10:13:58,051 [main] INFO  http.HttpServer2 (HttpServer2.java:addFilter(958)) - Added filter static_user_filter (class=org.apache.hadoop.http.lib.StaticUserWebFilter$StaticUserFilter) to context logs
2019-09-24 10:13:58,052 [main] INFO  http.HttpServer2 (HttpServer2.java:bindListener(1191)) - Jetty bound to port 44351
2019-09-24 10:13:58,052 [main] INFO  server.Server (Server.java:doStart(351)) - jetty-9.3.25.v20180904, build timestamp: 2018-09-04T21:11:46Z, git hash: 3ce520221d0240229c862b122d2b06c12a625732
2019-09-24 10:13:58,054 [main] INFO  handler.ContextHandler (ContextHandler.java:doStart(781)) - Started o.e.j.s.ServletContextHandler@5c448ef{/logs,file:///workdir/hadoop-ozone/integration-test/target/log,AVAILABLE}
2019-09-24 10:13:58,055 [main] INFO  handler.ContextHandler (ContextHandler.java:doStart(781)) - Started o.e.j.s.ServletContextHandler@49c1e294{/static,jar:file:/home/user/.m2/repository/org/apache/hadoop/hadoop-hdds-container-service/0.5.0-SNAPSHOT/hadoop-hdds-container-service-0.5.0-SNAPSHOT.jar!/webapps/static,AVAILABLE}
2019-09-24 10:13:58,098 [main] INFO  handler.ContextHandler (ContextHandler.java:doStart(781)) - Started o.e.j.w.WebAppContext@203e705e{/,file:///tmp/jetty-0.0.0.0-44351-hddsDatanode-_-any-1278606282100953157.dir/webapp/,AVAILABLE}{/hddsDatanode}
2019-09-24 10:13:58,099 [main] INFO  server.AbstractConnector (AbstractConnector.java:doStart(278)) - Started ServerConnector@78c74647{HTTP/1.1,[http/1.1]}{0.0.0.0:44351}
2019-09-24 10:13:58,100 [main] INFO  server.Server (Server.java:doStart(419)) - Started @587281ms
2019-09-24 10:13:58,100 [main] WARN  impl.MetricsSystemImpl (MetricsSystemImpl.java:register(276)) - Sink prometheus already exists!
2019-09-24 10:13:58,101 [main] INFO  server.BaseHttpServer (BaseHttpServer.java:updateConnectorAddress(215)) - HTTP server of HDDSDATANODE is listening at http://0.0.0.0:44351
2019-09-24 10:13:58,101 [main] INFO  impl.MetricsSystemImpl (MetricsSystemImpl.java:init(158)) - HddsDatanode metrics system started (again)
2019-09-24 10:13:58,105 [org.apache.hadoop.util.JvmPauseMonitor$Monitor@237b0ae1] INFO  util.JvmPauseMonitor (JvmPauseMonitor.java:run(188)) - Starting JVM pause monitor
2019-09-24 10:13:58,106 [Datanode State Machine Thread - 0] INFO  datanode.InitDatanodeState (InitDatanodeState.java:persistContainerDatanodeDetails(140)) - DatanodeDetails is persisted to /workdir/hadoop-ozone/integration-test/target/test-dir/MiniOzoneClusterImpl-6e222164-f983-4504-86c8-7ced57a751c7/datanode-2/meta/datanode.id
2019-09-24 10:13:58,106 [main] INFO  ozone.HddsDatanodeService (HddsDatanodeService.java:start(184)) - HddsDatanodeService host:pr-hdds-2167-zx9qf-3539961911 ip:192.168.151.86
2019-09-24 10:13:58,112 [main] INFO  volume.HddsVolume (HddsVolume.java:<init>(176)) - Creating Volume: /workdir/hadoop-ozone/integration-test/target/test-dir/MiniOzoneClusterImpl-6e222164-f983-4504-86c8-7ced57a751c7/datanode-3/data/containers/hdds of  storage type : DISK and capacity : 1482555576320
2019-09-24 10:13:58,112 [main] INFO  volume.VolumeSet (VolumeSet.java:initializeVolumeSet(170)) - Added Volume : /workdir/hadoop-ozone/integration-test/target/test-dir/MiniOzoneClusterImpl-6e222164-f983-4504-86c8-7ced57a751c7/datanode-3/data/containers/hdds to VolumeSet
2019-09-24 10:13:58,113 [main] INFO  volume.ThrottledAsyncChecker (ThrottledAsyncChecker.java:schedule(139)) - Scheduling a check for org.apache.hadoop.ozone.container.common.volume.HddsVolume@6e95973c
2019-09-24 10:13:58,113 [main] INFO  volume.HddsVolumeChecker (HddsVolumeChecker.java:checkAllVolumes(202)) - Scheduled health check for volume org.apache.hadoop.ozone.container.common.volume.HddsVolume@6e95973c
2019-09-24 10:13:58,126 [main] INFO  impl.RaftServerProxy (ConfUtils.java:logGet(43)) - raft.rpc.type = GRPC (default)
2019-09-24 10:13:58,126 [main] INFO  grpc.GrpcFactory (GrpcFactory.java:checkPooledByteBufAllocatorUseCacheForAllThreads(45)) - PERFORMANCE WARNING: useCacheForAllThreads is true that may cause Netty to create a lot garbage objects and, as a result, trigger GC.
	It is recommended to disable useCacheForAllThreads by setting -Dorg.apache.ratis.thirdparty.io.netty.allocator.useCacheForAllThreads=false in command line.
2019-09-24 10:13:58,126 [main] INFO  grpc.GrpcConfigKeys$Server (ConfUtils.java:logGet(43)) - raft.grpc.server.port = 0 (default)
2019-09-24 10:13:58,126 [main] INFO  server.GrpcService (ConfUtils.java:logGet(43)) - raft.grpc.message.size.max = 33570816 (custom)
2019-09-24 10:13:58,127 [main] INFO  server.RaftServerConfigKeys (ConfUtils.java:logGet(43)) - raft.server.log.appender.buffer.byte-limit = 33554432 (custom)
2019-09-24 10:13:58,127 [main] INFO  server.GrpcService (ConfUtils.java:logGet(43)) - raft.grpc.flow.control.window = 1MB (=1048576) (default)
2019-09-24 10:13:58,127 [main] INFO  server.RaftServerConfigKeys (ConfUtils.java:logGet(43)) - raft.server.rpc.request.timeout = 3000ms (default)
2019-09-24 10:13:58,127 [main] INFO  server.RaftServerConfigKeys (ConfUtils.java:logGet(43)) - raft.server.storage.dir = [/workdir/hadoop-ozone/integration-test/target/test-dir/MiniOzoneClusterImpl-6e222164-f983-4504-86c8-7ced57a751c7/datanode-3/data/ratis] (custom)
2019-09-24 10:13:58,128 [main] INFO  hdfs.DFSUtil (DFSUtil.java:httpServerTemplateForNNAndJN(1641)) - Starting Web-server for hddsDatanode at: http://0.0.0.0:0
2019-09-24 10:13:58,129 [main] INFO  server.AuthenticationFilter (AuthenticationFilter.java:constructSecretProvider(240)) - Unable to initialize FileSignerSecretProvider, falling back to use random secrets.
2019-09-24 10:13:58,130 [main] WARN  http.HttpRequestLog (HttpRequestLog.java:getRequestLog(97)) - Jetty request log can only be enabled using Log4j
2019-09-24 10:13:58,131 [main] INFO  http.HttpServer2 (HttpServer2.java:addGlobalFilter(975)) - Added global filter 'safety' (class=org.apache.hadoop.http.HttpServer2$QuotingInputFilter)
2019-09-24 10:13:58,131 [main] INFO  http.HttpServer2 (HttpServer2.java:addFilter(948)) - Added filter static_user_filter (class=org.apache.hadoop.http.lib.StaticUserWebFilter$StaticUserFilter) to context hddsDatanode
2019-09-24 10:13:58,131 [main] INFO  http.HttpServer2 (HttpServer2.java:addFilter(958)) - Added filter static_user_filter (class=org.apache.hadoop.http.lib.StaticUserWebFilter$StaticUserFilter) to context logs
2019-09-24 10:13:58,132 [main] INFO  http.HttpServer2 (HttpServer2.java:addFilter(958)) - Added filter static_user_filter (class=org.apache.hadoop.http.lib.StaticUserWebFilter$StaticUserFilter) to context static
2019-09-24 10:13:58,132 [main] INFO  http.HttpServer2 (HttpServer2.java:bindListener(1191)) - Jetty bound to port 33656
2019-09-24 10:13:58,132 [main] INFO  server.Server (Server.java:doStart(351)) - jetty-9.3.25.v20180904, build timestamp: 2018-09-04T21:11:46Z, git hash: 3ce520221d0240229c862b122d2b06c12a625732
2019-09-24 10:13:58,134 [main] INFO  handler.ContextHandler (ContextHandler.java:doStart(781)) - Started o.e.j.s.ServletContextHandler@4d4c1ba9{/logs,file:///workdir/hadoop-ozone/integration-test/target/log,AVAILABLE}
2019-09-24 10:13:58,134 [main] INFO  handler.ContextHandler (ContextHandler.java:doStart(781)) - Started o.e.j.s.ServletContextHandler@115c946b{/static,jar:file:/home/user/.m2/repository/org/apache/hadoop/hadoop-hdds-container-service/0.5.0-SNAPSHOT/hadoop-hdds-container-service-0.5.0-SNAPSHOT.jar!/webapps/static,AVAILABLE}
2019-09-24 10:13:58,161 [main] INFO  handler.ContextHandler (ContextHandler.java:doStart(781)) - Started o.e.j.w.WebAppContext@3869a6e5{/,file:///tmp/jetty-0.0.0.0-33656-hddsDatanode-_-any-370778629771175212.dir/webapp/,AVAILABLE}{/hddsDatanode}
2019-09-24 10:13:58,161 [main] INFO  server.AbstractConnector (AbstractConnector.java:doStart(278)) - Started ServerConnector@e3899fd{HTTP/1.1,[http/1.1]}{0.0.0.0:33656}
2019-09-24 10:13:58,161 [main] INFO  server.Server (Server.java:doStart(419)) - Started @587343ms
2019-09-24 10:13:58,163 [main] WARN  impl.MetricsSystemImpl (MetricsSystemImpl.java:register(276)) - Sink prometheus already exists!
2019-09-24 10:13:58,163 [main] INFO  server.BaseHttpServer (BaseHttpServer.java:updateConnectorAddress(215)) - HTTP server of HDDSDATANODE is listening at http://0.0.0.0:33656
2019-09-24 10:13:58,164 [main] INFO  impl.MetricsSystemImpl (MetricsSystemImpl.java:init(158)) - HddsDatanode metrics system started (again)
2019-09-24 10:13:58,169 [org.apache.hadoop.util.JvmPauseMonitor$Monitor@56decf20] INFO  util.JvmPauseMonitor (JvmPauseMonitor.java:run(188)) - Starting JVM pause monitor
2019-09-24 10:13:58,170 [Datanode State Machine Thread - 0] INFO  datanode.InitDatanodeState (InitDatanodeState.java:persistContainerDatanodeDetails(140)) - DatanodeDetails is persisted to /workdir/hadoop-ozone/integration-test/target/test-dir/MiniOzoneClusterImpl-6e222164-f983-4504-86c8-7ced57a751c7/datanode-3/meta/datanode.id
2019-09-24 10:13:58,170 [main] INFO  ozone.HddsDatanodeService (HddsDatanodeService.java:start(184)) - HddsDatanodeService host:pr-hdds-2167-zx9qf-3539961911 ip:192.168.151.86
2019-09-24 10:13:58,177 [main] INFO  volume.HddsVolume (HddsVolume.java:<init>(176)) - Creating Volume: /workdir/hadoop-ozone/integration-test/target/test-dir/MiniOzoneClusterImpl-6e222164-f983-4504-86c8-7ced57a751c7/datanode-4/data/containers/hdds of  storage type : DISK and capacity : 1482555576320
2019-09-24 10:13:58,178 [main] INFO  volume.VolumeSet (VolumeSet.java:initializeVolumeSet(170)) - Added Volume : /workdir/hadoop-ozone/integration-test/target/test-dir/MiniOzoneClusterImpl-6e222164-f983-4504-86c8-7ced57a751c7/datanode-4/data/containers/hdds to VolumeSet
2019-09-24 10:13:58,178 [main] INFO  volume.ThrottledAsyncChecker (ThrottledAsyncChecker.java:schedule(139)) - Scheduling a check for org.apache.hadoop.ozone.container.common.volume.HddsVolume@79195c22
2019-09-24 10:13:58,179 [main] INFO  volume.HddsVolumeChecker (HddsVolumeChecker.java:checkAllVolumes(202)) - Scheduled health check for volume org.apache.hadoop.ozone.container.common.volume.HddsVolume@79195c22
2019-09-24 10:13:58,199 [main] INFO  impl.RaftServerProxy (ConfUtils.java:logGet(43)) - raft.rpc.type = GRPC (default)
2019-09-24 10:13:58,199 [main] INFO  grpc.GrpcFactory (GrpcFactory.java:checkPooledByteBufAllocatorUseCacheForAllThreads(45)) - PERFORMANCE WARNING: useCacheForAllThreads is true that may cause Netty to create a lot garbage objects and, as a result, trigger GC.
	It is recommended to disable useCacheForAllThreads by setting -Dorg.apache.ratis.thirdparty.io.netty.allocator.useCacheForAllThreads=false in command line.
2019-09-24 10:13:58,199 [main] INFO  grpc.GrpcConfigKeys$Server (ConfUtils.java:logGet(43)) - raft.grpc.server.port = 0 (default)
2019-09-24 10:13:58,200 [main] INFO  server.GrpcService (ConfUtils.java:logGet(43)) - raft.grpc.message.size.max = 33570816 (custom)
2019-09-24 10:13:58,200 [main] INFO  server.RaftServerConfigKeys (ConfUtils.java:logGet(43)) - raft.server.log.appender.buffer.byte-limit = 33554432 (custom)
2019-09-24 10:13:58,200 [main] INFO  server.GrpcService (ConfUtils.java:logGet(43)) - raft.grpc.flow.control.window = 1MB (=1048576) (default)
2019-09-24 10:13:58,200 [main] INFO  server.RaftServerConfigKeys (ConfUtils.java:logGet(43)) - raft.server.rpc.request.timeout = 3000ms (default)
2019-09-24 10:13:58,201 [main] INFO  server.RaftServerConfigKeys (ConfUtils.java:logGet(43)) - raft.server.storage.dir = [/workdir/hadoop-ozone/integration-test/target/test-dir/MiniOzoneClusterImpl-6e222164-f983-4504-86c8-7ced57a751c7/datanode-4/data/ratis] (custom)
2019-09-24 10:13:58,202 [main] INFO  hdfs.DFSUtil (DFSUtil.java:httpServerTemplateForNNAndJN(1641)) - Starting Web-server for hddsDatanode at: http://0.0.0.0:0
2019-09-24 10:13:58,204 [main] INFO  server.AuthenticationFilter (AuthenticationFilter.java:constructSecretProvider(240)) - Unable to initialize FileSignerSecretProvider, falling back to use random secrets.
2019-09-24 10:13:58,204 [main] WARN  http.HttpRequestLog (HttpRequestLog.java:getRequestLog(97)) - Jetty request log can only be enabled using Log4j
2019-09-24 10:13:58,206 [main] INFO  http.HttpServer2 (HttpServer2.java:addGlobalFilter(975)) - Added global filter 'safety' (class=org.apache.hadoop.http.HttpServer2$QuotingInputFilter)
2019-09-24 10:13:58,207 [main] INFO  http.HttpServer2 (HttpServer2.java:addFilter(948)) - Added filter static_user_filter (class=org.apache.hadoop.http.lib.StaticUserWebFilter$StaticUserFilter) to context hddsDatanode
2019-09-24 10:13:58,207 [main] INFO  http.HttpServer2 (HttpServer2.java:addFilter(958)) - Added filter static_user_filter (class=org.apache.hadoop.http.lib.StaticUserWebFilter$StaticUserFilter) to context static
2019-09-24 10:13:58,207 [main] INFO  http.HttpServer2 (HttpServer2.java:addFilter(958)) - Added filter static_user_filter (class=org.apache.hadoop.http.lib.StaticUserWebFilter$StaticUserFilter) to context logs
2019-09-24 10:13:58,208 [main] INFO  http.HttpServer2 (HttpServer2.java:bindListener(1191)) - Jetty bound to port 40895
2019-09-24 10:13:58,209 [main] INFO  server.Server (Server.java:doStart(351)) - jetty-9.3.25.v20180904, build timestamp: 2018-09-04T21:11:46Z, git hash: 3ce520221d0240229c862b122d2b06c12a625732
2019-09-24 10:13:58,210 [main] INFO  handler.ContextHandler (ContextHandler.java:doStart(781)) - Started o.e.j.s.ServletContextHandler@4863c8ac{/logs,file:///workdir/hadoop-ozone/integration-test/target/log,AVAILABLE}
2019-09-24 10:13:58,211 [main] INFO  handler.ContextHandler (ContextHandler.java:doStart(781)) - Started o.e.j.s.ServletContextHandler@6cdee57{/static,jar:file:/home/user/.m2/repository/org/apache/hadoop/hadoop-hdds-container-service/0.5.0-SNAPSHOT/hadoop-hdds-container-service-0.5.0-SNAPSHOT.jar!/webapps/static,AVAILABLE}
2019-09-24 10:13:58,246 [main] INFO  handler.ContextHandler (ContextHandler.java:doStart(781)) - Started o.e.j.w.WebAppContext@27e44e9c{/,file:///tmp/jetty-0.0.0.0-40895-hddsDatanode-_-any-8986028619539428048.dir/webapp/,AVAILABLE}{/hddsDatanode}
2019-09-24 10:13:58,247 [main] INFO  server.AbstractConnector (AbstractConnector.java:doStart(278)) - Started ServerConnector@2f09e6b2{HTTP/1.1,[http/1.1]}{0.0.0.0:40895}
2019-09-24 10:13:58,248 [main] INFO  server.Server (Server.java:doStart(419)) - Started @587430ms
2019-09-24 10:13:58,249 [main] WARN  impl.MetricsSystemImpl (MetricsSystemImpl.java:register(276)) - Sink prometheus already exists!
2019-09-24 10:13:58,250 [main] INFO  server.BaseHttpServer (BaseHttpServer.java:updateConnectorAddress(215)) - HTTP server of HDDSDATANODE is listening at http://0.0.0.0:40895
2019-09-24 10:13:58,250 [main] INFO  impl.MetricsSystemImpl (MetricsSystemImpl.java:init(158)) - HddsDatanode metrics system started (again)
2019-09-24 10:13:58,256 [org.apache.hadoop.util.JvmPauseMonitor$Monitor@27d7fec5] INFO  util.JvmPauseMonitor (JvmPauseMonitor.java:run(188)) - Starting JVM pause monitor
2019-09-24 10:13:58,258 [Datanode State Machine Thread - 0] INFO  datanode.InitDatanodeState (InitDatanodeState.java:persistContainerDatanodeDetails(140)) - DatanodeDetails is persisted to /workdir/hadoop-ozone/integration-test/target/test-dir/MiniOzoneClusterImpl-6e222164-f983-4504-86c8-7ced57a751c7/datanode-4/meta/datanode.id
2019-09-24 10:13:58,258 [main] INFO  ozone.HddsDatanodeService (HddsDatanodeService.java:start(184)) - HddsDatanodeService host:pr-hdds-2167-zx9qf-3539961911 ip:192.168.151.86
2019-09-24 10:13:58,264 [main] INFO  volume.HddsVolume (HddsVolume.java:<init>(176)) - Creating Volume: /workdir/hadoop-ozone/integration-test/target/test-dir/MiniOzoneClusterImpl-6e222164-f983-4504-86c8-7ced57a751c7/datanode-5/data/containers/hdds of  storage type : DISK and capacity : 1482555576320
2019-09-24 10:13:58,265 [main] INFO  volume.VolumeSet (VolumeSet.java:initializeVolumeSet(170)) - Added Volume : /workdir/hadoop-ozone/integration-test/target/test-dir/MiniOzoneClusterImpl-6e222164-f983-4504-86c8-7ced57a751c7/datanode-5/data/containers/hdds to VolumeSet
2019-09-24 10:13:58,265 [main] INFO  volume.ThrottledAsyncChecker (ThrottledAsyncChecker.java:schedule(139)) - Scheduling a check for org.apache.hadoop.ozone.container.common.volume.HddsVolume@242ff747
2019-09-24 10:13:58,265 [main] INFO  volume.HddsVolumeChecker (HddsVolumeChecker.java:checkAllVolumes(202)) - Scheduled health check for volume org.apache.hadoop.ozone.container.common.volume.HddsVolume@242ff747
2019-09-24 10:13:58,279 [main] INFO  impl.RaftServerProxy (ConfUtils.java:logGet(43)) - raft.rpc.type = GRPC (default)
2019-09-24 10:13:58,280 [main] INFO  grpc.GrpcFactory (GrpcFactory.java:checkPooledByteBufAllocatorUseCacheForAllThreads(45)) - PERFORMANCE WARNING: useCacheForAllThreads is true that may cause Netty to create a lot garbage objects and, as a result, trigger GC.
	It is recommended to disable useCacheForAllThreads by setting -Dorg.apache.ratis.thirdparty.io.netty.allocator.useCacheForAllThreads=false in command line.
2019-09-24 10:13:58,280 [main] INFO  grpc.GrpcConfigKeys$Server (ConfUtils.java:logGet(43)) - raft.grpc.server.port = 0 (default)
2019-09-24 10:13:58,280 [main] INFO  server.GrpcService (ConfUtils.java:logGet(43)) - raft.grpc.message.size.max = 33570816 (custom)
2019-09-24 10:13:58,280 [main] INFO  server.RaftServerConfigKeys (ConfUtils.java:logGet(43)) - raft.server.log.appender.buffer.byte-limit = 33554432 (custom)
2019-09-24 10:13:58,280 [main] INFO  server.GrpcService (ConfUtils.java:logGet(43)) - raft.grpc.flow.control.window = 1MB (=1048576) (default)
2019-09-24 10:13:58,281 [main] INFO  server.RaftServerConfigKeys (ConfUtils.java:logGet(43)) - raft.server.rpc.request.timeout = 3000ms (default)
2019-09-24 10:13:58,281 [main] INFO  server.RaftServerConfigKeys (ConfUtils.java:logGet(43)) - raft.server.storage.dir = [/workdir/hadoop-ozone/integration-test/target/test-dir/MiniOzoneClusterImpl-6e222164-f983-4504-86c8-7ced57a751c7/datanode-5/data/ratis] (custom)
2019-09-24 10:13:58,282 [main] INFO  hdfs.DFSUtil (DFSUtil.java:httpServerTemplateForNNAndJN(1641)) - Starting Web-server for hddsDatanode at: http://0.0.0.0:0
2019-09-24 10:13:58,284 [main] INFO  server.AuthenticationFilter (AuthenticationFilter.java:constructSecretProvider(240)) - Unable to initialize FileSignerSecretProvider, falling back to use random secrets.
2019-09-24 10:13:58,284 [main] WARN  http.HttpRequestLog (HttpRequestLog.java:getRequestLog(97)) - Jetty request log can only be enabled using Log4j
2019-09-24 10:13:58,287 [main] INFO  http.HttpServer2 (HttpServer2.java:addGlobalFilter(975)) - Added global filter 'safety' (class=org.apache.hadoop.http.HttpServer2$QuotingInputFilter)
2019-09-24 10:13:58,288 [main] INFO  http.HttpServer2 (HttpServer2.java:addFilter(948)) - Added filter static_user_filter (class=org.apache.hadoop.http.lib.StaticUserWebFilter$StaticUserFilter) to context hddsDatanode
2019-09-24 10:13:58,288 [main] INFO  http.HttpServer2 (HttpServer2.java:addFilter(958)) - Added filter static_user_filter (class=org.apache.hadoop.http.lib.StaticUserWebFilter$StaticUserFilter) to context static
2019-09-24 10:13:58,288 [main] INFO  http.HttpServer2 (HttpServer2.java:addFilter(958)) - Added filter static_user_filter (class=org.apache.hadoop.http.lib.StaticUserWebFilter$StaticUserFilter) to context logs
2019-09-24 10:13:58,289 [main] INFO  http.HttpServer2 (HttpServer2.java:bindListener(1191)) - Jetty bound to port 40365
2019-09-24 10:13:58,290 [main] INFO  server.Server (Server.java:doStart(351)) - jetty-9.3.25.v20180904, build timestamp: 2018-09-04T21:11:46Z, git hash: 3ce520221d0240229c862b122d2b06c12a625732
2019-09-24 10:13:58,292 [main] INFO  handler.ContextHandler (ContextHandler.java:doStart(781)) - Started o.e.j.s.ServletContextHandler@1ea930eb{/logs,file:///workdir/hadoop-ozone/integration-test/target/log,AVAILABLE}
2019-09-24 10:13:58,292 [main] INFO  handler.ContextHandler (ContextHandler.java:doStart(781)) - Started o.e.j.s.ServletContextHandler@1fe8f5e8{/static,jar:file:/home/user/.m2/repository/org/apache/hadoop/hadoop-hdds-container-service/0.5.0-SNAPSHOT/hadoop-hdds-container-service-0.5.0-SNAPSHOT.jar!/webapps/static,AVAILABLE}
2019-09-24 10:13:58,337 [main] INFO  handler.ContextHandler (ContextHandler.java:doStart(781)) - Started o.e.j.w.WebAppContext@2bf2d6eb{/,file:///tmp/jetty-0.0.0.0-40365-hddsDatanode-_-any-7215104182463414603.dir/webapp/,AVAILABLE}{/hddsDatanode}
2019-09-24 10:13:58,337 [main] INFO  server.AbstractConnector (AbstractConnector.java:doStart(278)) - Started ServerConnector@6d6cd1e0{HTTP/1.1,[http/1.1]}{0.0.0.0:40365}
2019-09-24 10:13:58,339 [main] INFO  server.Server (Server.java:doStart(419)) - Started @587521ms
2019-09-24 10:13:58,339 [main] WARN  impl.MetricsSystemImpl (MetricsSystemImpl.java:register(276)) - Sink prometheus already exists!
2019-09-24 10:13:58,340 [main] INFO  server.BaseHttpServer (BaseHttpServer.java:updateConnectorAddress(215)) - HTTP server of HDDSDATANODE is listening at http://0.0.0.0:40365
2019-09-24 10:13:58,340 [main] INFO  impl.MetricsSystemImpl (MetricsSystemImpl.java:init(158)) - HddsDatanode metrics system started (again)
2019-09-24 10:13:58,346 [org.apache.hadoop.util.JvmPauseMonitor$Monitor@5249de9] INFO  util.JvmPauseMonitor (JvmPauseMonitor.java:run(188)) - Starting JVM pause monitor
2019-09-24 10:13:58,347 [main] INFO  ozone.HddsDatanodeService (HddsDatanodeService.java:start(184)) - HddsDatanodeService host:pr-hdds-2167-zx9qf-3539961911 ip:192.168.151.86
2019-09-24 10:13:58,347 [Datanode State Machine Thread - 0] INFO  datanode.InitDatanodeState (InitDatanodeState.java:persistContainerDatanodeDetails(140)) - DatanodeDetails is persisted to /workdir/hadoop-ozone/integration-test/target/test-dir/MiniOzoneClusterImpl-6e222164-f983-4504-86c8-7ced57a751c7/datanode-5/meta/datanode.id
2019-09-24 10:13:58,354 [main] INFO  volume.HddsVolume (HddsVolume.java:<init>(176)) - Creating Volume: /workdir/hadoop-ozone/integration-test/target/test-dir/MiniOzoneClusterImpl-6e222164-f983-4504-86c8-7ced57a751c7/datanode-6/data/containers/hdds of  storage type : DISK and capacity : 1482555576320
2019-09-24 10:13:58,354 [main] INFO  volume.VolumeSet (VolumeSet.java:initializeVolumeSet(170)) - Added Volume : /workdir/hadoop-ozone/integration-test/target/test-dir/MiniOzoneClusterImpl-6e222164-f983-4504-86c8-7ced57a751c7/datanode-6/data/containers/hdds to VolumeSet
2019-09-24 10:13:58,354 [main] INFO  volume.ThrottledAsyncChecker (ThrottledAsyncChecker.java:schedule(139)) - Scheduling a check for org.apache.hadoop.ozone.container.common.volume.HddsVolume@3ca3648
2019-09-24 10:13:58,355 [main] INFO  volume.HddsVolumeChecker (HddsVolumeChecker.java:checkAllVolumes(202)) - Scheduled health check for volume org.apache.hadoop.ozone.container.common.volume.HddsVolume@3ca3648
2019-09-24 10:13:58,371 [main] INFO  impl.RaftServerProxy (ConfUtils.java:logGet(43)) - raft.rpc.type = GRPC (default)
2019-09-24 10:13:58,372 [main] INFO  grpc.GrpcFactory (GrpcFactory.java:checkPooledByteBufAllocatorUseCacheForAllThreads(45)) - PERFORMANCE WARNING: useCacheForAllThreads is true that may cause Netty to create a lot garbage objects and, as a result, trigger GC.
	It is recommended to disable useCacheForAllThreads by setting -Dorg.apache.ratis.thirdparty.io.netty.allocator.useCacheForAllThreads=false in command line.
2019-09-24 10:13:58,372 [main] INFO  grpc.GrpcConfigKeys$Server (ConfUtils.java:logGet(43)) - raft.grpc.server.port = 0 (default)
2019-09-24 10:13:58,372 [main] INFO  server.GrpcService (ConfUtils.java:logGet(43)) - raft.grpc.message.size.max = 33570816 (custom)
2019-09-24 10:13:58,372 [main] INFO  server.RaftServerConfigKeys (ConfUtils.java:logGet(43)) - raft.server.log.appender.buffer.byte-limit = 33554432 (custom)
2019-09-24 10:13:58,372 [main] INFO  server.GrpcService (ConfUtils.java:logGet(43)) - raft.grpc.flow.control.window = 1MB (=1048576) (default)
2019-09-24 10:13:58,373 [main] INFO  server.RaftServerConfigKeys (ConfUtils.java:logGet(43)) - raft.server.rpc.request.timeout = 3000ms (default)
2019-09-24 10:13:58,373 [main] INFO  server.RaftServerConfigKeys (ConfUtils.java:logGet(43)) - raft.server.storage.dir = [/workdir/hadoop-ozone/integration-test/target/test-dir/MiniOzoneClusterImpl-6e222164-f983-4504-86c8-7ced57a751c7/datanode-6/data/ratis] (custom)
2019-09-24 10:13:58,374 [main] INFO  hdfs.DFSUtil (DFSUtil.java:httpServerTemplateForNNAndJN(1641)) - Starting Web-server for hddsDatanode at: http://0.0.0.0:0
2019-09-24 10:13:58,376 [main] INFO  server.AuthenticationFilter (AuthenticationFilter.java:constructSecretProvider(240)) - Unable to initialize FileSignerSecretProvider, falling back to use random secrets.
2019-09-24 10:13:58,377 [main] WARN  http.HttpRequestLog (HttpRequestLog.java:getRequestLog(97)) - Jetty request log can only be enabled using Log4j
2019-09-24 10:13:58,379 [main] INFO  http.HttpServer2 (HttpServer2.java:addGlobalFilter(975)) - Added global filter 'safety' (class=org.apache.hadoop.http.HttpServer2$QuotingInputFilter)
2019-09-24 10:13:58,380 [main] INFO  http.HttpServer2 (HttpServer2.java:addFilter(948)) - Added filter static_user_filter (class=org.apache.hadoop.http.lib.StaticUserWebFilter$StaticUserFilter) to context hddsDatanode
2019-09-24 10:13:58,380 [main] INFO  http.HttpServer2 (HttpServer2.java:addFilter(958)) - Added filter static_user_filter (class=org.apache.hadoop.http.lib.StaticUserWebFilter$StaticUserFilter) to context static
2019-09-24 10:13:58,381 [main] INFO  http.HttpServer2 (HttpServer2.java:addFilter(958)) - Added filter static_user_filter (class=org.apache.hadoop.http.lib.StaticUserWebFilter$StaticUserFilter) to context logs
2019-09-24 10:13:58,382 [main] INFO  http.HttpServer2 (HttpServer2.java:bindListener(1191)) - Jetty bound to port 34274
2019-09-24 10:13:58,382 [main] INFO  server.Server (Server.java:doStart(351)) - jetty-9.3.25.v20180904, build timestamp: 2018-09-04T21:11:46Z, git hash: 3ce520221d0240229c862b122d2b06c12a625732
2019-09-24 10:13:58,384 [main] INFO  handler.ContextHandler (ContextHandler.java:doStart(781)) - Started o.e.j.s.ServletContextHandler@42cf6349{/logs,file:///workdir/hadoop-ozone/integration-test/target/log,AVAILABLE}
2019-09-24 10:13:58,384 [main] INFO  handler.ContextHandler (ContextHandler.java:doStart(781)) - Started o.e.j.s.ServletContextHandler@1a2e563e{/static,jar:file:/home/user/.m2/repository/org/apache/hadoop/hadoop-hdds-container-service/0.5.0-SNAPSHOT/hadoop-hdds-container-service-0.5.0-SNAPSHOT.jar!/webapps/static,AVAILABLE}
2019-09-24 10:13:58,427 [main] INFO  handler.ContextHandler (ContextHandler.java:doStart(781)) - Started o.e.j.w.WebAppContext@1c1fa494{/,file:///tmp/jetty-0.0.0.0-34274-hddsDatanode-_-any-3099860232977587197.dir/webapp/,AVAILABLE}{/hddsDatanode}
2019-09-24 10:13:58,428 [main] INFO  server.AbstractConnector (AbstractConnector.java:doStart(278)) - Started ServerConnector@77c66a4f{HTTP/1.1,[http/1.1]}{0.0.0.0:34274}
2019-09-24 10:13:58,438 [main] INFO  server.Server (Server.java:doStart(419)) - Started @587620ms
2019-09-24 10:13:58,438 [main] WARN  impl.MetricsSystemImpl (MetricsSystemImpl.java:register(276)) - Sink prometheus already exists!
2019-09-24 10:13:58,439 [main] INFO  server.BaseHttpServer (BaseHttpServer.java:updateConnectorAddress(215)) - HTTP server of HDDSDATANODE is listening at http://0.0.0.0:34274
2019-09-24 10:13:58,439 [main] INFO  ozone.MiniOzoneClusterImpl (MiniOzoneClusterImpl.java:lambda$waitForClusterToBeReady$0(147)) - Waiting for cluster to be ready. Got 0 of 7 DN Heartbeats.
2019-09-24 10:13:58,441 [org.apache.hadoop.util.JvmPauseMonitor$Monitor@773dc53d] INFO  util.JvmPauseMonitor (JvmPauseMonitor.java:run(188)) - Starting JVM pause monitor
2019-09-24 10:13:58,442 [Datanode State Machine Thread - 0] INFO  datanode.InitDatanodeState (InitDatanodeState.java:persistContainerDatanodeDetails(140)) - DatanodeDetails is persisted to /workdir/hadoop-ozone/integration-test/target/test-dir/MiniOzoneClusterImpl-6e222164-f983-4504-86c8-7ced57a751c7/datanode-6/meta/datanode.id
2019-09-24 10:13:59,440 [main] INFO  ozone.MiniOzoneClusterImpl (MiniOzoneClusterImpl.java:lambda$waitForClusterToBeReady$0(147)) - Waiting for cluster to be ready. Got 0 of 7 DN Heartbeats.
2019-09-24 10:13:59,970 [Datanode State Machine Thread - 0] INFO  ozoneimpl.OzoneContainer (OzoneContainer.java:start(217)) - Attempting to start container services.
2019-09-24 10:13:59,971 [Datanode State Machine Thread - 0] INFO  ozoneimpl.OzoneContainer (OzoneContainer.java:startContainerScrub(179)) - Background container scanner has been disabled.
2019-09-24 10:13:59,971 [Datanode State Machine Thread - 0] INFO  ratis.XceiverServerRatis (XceiverServerRatis.java:start(411)) - Starting XceiverServerRatis b86aa6c7-3dbe-40f9-b91b-7e4f8c702e5b at port 0
2019-09-24 10:13:59,978 [Datanode State Machine Thread - 0] INFO  impl.RaftServerProxy (RaftServerProxy.java:lambda$start$3(299)) - b86aa6c7-3dbe-40f9-b91b-7e4f8c702e5b: start RPC server
2019-09-24 10:13:59,987 [Datanode State Machine Thread - 0] INFO  server.GrpcService (GrpcService.java:startImpl(158)) - b86aa6c7-3dbe-40f9-b91b-7e4f8c702e5b: GrpcService started, listening on 0.0.0.0/0.0.0.0:43305
2019-09-24 10:13:59,987 [Datanode State Machine Thread - 0] INFO  ratis.XceiverServerRatis (XceiverServerRatis.java:start(421)) - XceiverServerRatis b86aa6c7-3dbe-40f9-b91b-7e4f8c702e5b is started using port 43305
2019-09-24 10:13:59,988 [Datanode State Machine Thread - 0] INFO  server.XceiverServerGrpc (XceiverServerGrpc.java:start(149)) - XceiverServerGrpc b86aa6c7-3dbe-40f9-b91b-7e4f8c702e5b is started using port 45164
2019-09-24 10:14:00,048 [Datanode State Machine Thread - 0] INFO  ozoneimpl.OzoneContainer (OzoneContainer.java:start(217)) - Attempting to start container services.
2019-09-24 10:14:00,049 [Datanode State Machine Thread - 0] INFO  ozoneimpl.OzoneContainer (OzoneContainer.java:startContainerScrub(179)) - Background container scanner has been disabled.
2019-09-24 10:14:00,049 [Datanode State Machine Thread - 0] INFO  ratis.XceiverServerRatis (XceiverServerRatis.java:start(411)) - Starting XceiverServerRatis cf71df45-b016-41f8-9b9b-982faefd7fda at port 0
2019-09-24 10:14:00,058 [Datanode State Machine Thread - 0] INFO  impl.RaftServerProxy (RaftServerProxy.java:lambda$start$3(299)) - cf71df45-b016-41f8-9b9b-982faefd7fda: start RPC server
2019-09-24 10:14:00,059 [Datanode State Machine Thread - 0] INFO  server.GrpcService (GrpcService.java:startImpl(158)) - cf71df45-b016-41f8-9b9b-982faefd7fda: GrpcService started, listening on 0.0.0.0/0.0.0.0:45257
2019-09-24 10:14:00,059 [Datanode State Machine Thread - 0] INFO  ratis.XceiverServerRatis (XceiverServerRatis.java:start(421)) - XceiverServerRatis cf71df45-b016-41f8-9b9b-982faefd7fda is started using port 45257
2019-09-24 10:14:00,062 [Datanode State Machine Thread - 0] INFO  server.XceiverServerGrpc (XceiverServerGrpc.java:start(149)) - XceiverServerGrpc cf71df45-b016-41f8-9b9b-982faefd7fda is started using port 41869
2019-09-24 10:14:00,117 [Datanode State Machine Thread - 0] INFO  ozoneimpl.OzoneContainer (OzoneContainer.java:start(217)) - Attempting to start container services.
2019-09-24 10:14:00,118 [Datanode State Machine Thread - 0] INFO  ozoneimpl.OzoneContainer (OzoneContainer.java:startContainerScrub(179)) - Background container scanner has been disabled.
2019-09-24 10:14:00,118 [Datanode State Machine Thread - 0] INFO  ratis.XceiverServerRatis (XceiverServerRatis.java:start(411)) - Starting XceiverServerRatis 4b136bd6-92d7-47bb-9276-71c0b5ae5f48 at port 0
2019-09-24 10:14:00,126 [Datanode State Machine Thread - 0] INFO  impl.RaftServerProxy (RaftServerProxy.java:lambda$start$3(299)) - 4b136bd6-92d7-47bb-9276-71c0b5ae5f48: start RPC server
2019-09-24 10:14:00,127 [Datanode State Machine Thread - 0] INFO  server.GrpcService (GrpcService.java:startImpl(158)) - 4b136bd6-92d7-47bb-9276-71c0b5ae5f48: GrpcService started, listening on 0.0.0.0/0.0.0.0:41495
2019-09-24 10:14:00,127 [Datanode State Machine Thread - 0] INFO  ratis.XceiverServerRatis (XceiverServerRatis.java:start(421)) - XceiverServerRatis 4b136bd6-92d7-47bb-9276-71c0b5ae5f48 is started using port 41495
2019-09-24 10:14:00,127 [Datanode State Machine Thread - 0] INFO  server.XceiverServerGrpc (XceiverServerGrpc.java:start(149)) - XceiverServerGrpc 4b136bd6-92d7-47bb-9276-71c0b5ae5f48 is started using port 45751
2019-09-24 10:14:00,182 [Datanode State Machine Thread - 0] INFO  ozoneimpl.OzoneContainer (OzoneContainer.java:start(217)) - Attempting to start container services.
2019-09-24 10:14:00,182 [Datanode State Machine Thread - 0] INFO  ozoneimpl.OzoneContainer (OzoneContainer.java:startContainerScrub(179)) - Background container scanner has been disabled.
2019-09-24 10:14:00,182 [Datanode State Machine Thread - 0] INFO  ratis.XceiverServerRatis (XceiverServerRatis.java:start(411)) - Starting XceiverServerRatis 6a7af362-491e-49cd-b30f-2f9aa366d0e8 at port 0
2019-09-24 10:14:00,190 [Datanode State Machine Thread - 0] INFO  impl.RaftServerProxy (RaftServerProxy.java:lambda$start$3(299)) - 6a7af362-491e-49cd-b30f-2f9aa366d0e8: start RPC server
2019-09-24 10:14:00,191 [Datanode State Machine Thread - 0] INFO  server.GrpcService (GrpcService.java:startImpl(158)) - 6a7af362-491e-49cd-b30f-2f9aa366d0e8: GrpcService started, listening on 0.0.0.0/0.0.0.0:42953
2019-09-24 10:14:00,192 [Datanode State Machine Thread - 0] INFO  ratis.XceiverServerRatis (XceiverServerRatis.java:start(421)) - XceiverServerRatis 6a7af362-491e-49cd-b30f-2f9aa366d0e8 is started using port 42953
2019-09-24 10:14:00,193 [Datanode State Machine Thread - 0] INFO  server.XceiverServerGrpc (XceiverServerGrpc.java:start(149)) - XceiverServerGrpc 6a7af362-491e-49cd-b30f-2f9aa366d0e8 is started using port 43899
2019-09-24 10:14:00,270 [Datanode State Machine Thread - 0] INFO  ozoneimpl.OzoneContainer (OzoneContainer.java:start(217)) - Attempting to start container services.
2019-09-24 10:14:00,270 [Datanode State Machine Thread - 0] INFO  ozoneimpl.OzoneContainer (OzoneContainer.java:startContainerScrub(179)) - Background container scanner has been disabled.
2019-09-24 10:14:00,271 [Datanode State Machine Thread - 0] INFO  ratis.XceiverServerRatis (XceiverServerRatis.java:start(411)) - Starting XceiverServerRatis ca834742-0914-4d68-a49d-04c1c4eb314f at port 0
2019-09-24 10:14:00,278 [Datanode State Machine Thread - 0] INFO  impl.RaftServerProxy (RaftServerProxy.java:lambda$start$3(299)) - ca834742-0914-4d68-a49d-04c1c4eb314f: start RPC server
2019-09-24 10:14:00,278 [Datanode State Machine Thread - 0] INFO  server.GrpcService (GrpcService.java:startImpl(158)) - ca834742-0914-4d68-a49d-04c1c4eb314f: GrpcService started, listening on 0.0.0.0/0.0.0.0:46285
2019-09-24 10:14:00,278 [Datanode State Machine Thread - 0] INFO  ratis.XceiverServerRatis (XceiverServerRatis.java:start(421)) - XceiverServerRatis ca834742-0914-4d68-a49d-04c1c4eb314f is started using port 46285
2019-09-24 10:14:00,279 [Datanode State Machine Thread - 0] INFO  server.XceiverServerGrpc (XceiverServerGrpc.java:start(149)) - XceiverServerGrpc ca834742-0914-4d68-a49d-04c1c4eb314f is started using port 41615
2019-09-24 10:14:00,361 [Datanode State Machine Thread - 0] INFO  ozoneimpl.OzoneContainer (OzoneContainer.java:start(217)) - Attempting to start container services.
2019-09-24 10:14:00,361 [Datanode State Machine Thread - 0] INFO  ozoneimpl.OzoneContainer (OzoneContainer.java:startContainerScrub(179)) - Background container scanner has been disabled.
2019-09-24 10:14:00,361 [Datanode State Machine Thread - 0] INFO  ratis.XceiverServerRatis (XceiverServerRatis.java:start(411)) - Starting XceiverServerRatis df23de65-1753-4a96-89f5-61d98b5b33f2 at port 0
2019-09-24 10:14:00,369 [Datanode State Machine Thread - 0] INFO  impl.RaftServerProxy (RaftServerProxy.java:lambda$start$3(299)) - df23de65-1753-4a96-89f5-61d98b5b33f2: start RPC server
2019-09-24 10:14:00,371 [Datanode State Machine Thread - 0] INFO  server.GrpcService (GrpcService.java:startImpl(158)) - df23de65-1753-4a96-89f5-61d98b5b33f2: GrpcService started, listening on 0.0.0.0/0.0.0.0:44638
2019-09-24 10:14:00,371 [Datanode State Machine Thread - 0] INFO  ratis.XceiverServerRatis (XceiverServerRatis.java:start(421)) - XceiverServerRatis df23de65-1753-4a96-89f5-61d98b5b33f2 is started using port 44638
2019-09-24 10:14:00,374 [Datanode State Machine Thread - 0] INFO  server.XceiverServerGrpc (XceiverServerGrpc.java:start(149)) - XceiverServerGrpc df23de65-1753-4a96-89f5-61d98b5b33f2 is started using port 35156
2019-09-24 10:14:00,441 [main] INFO  ozone.MiniOzoneClusterImpl (MiniOzoneClusterImpl.java:lambda$waitForClusterToBeReady$0(147)) - Waiting for cluster to be ready. Got 0 of 7 DN Heartbeats.
2019-09-24 10:14:00,454 [Datanode State Machine Thread - 0] INFO  ozoneimpl.OzoneContainer (OzoneContainer.java:start(217)) - Attempting to start container services.
2019-09-24 10:14:00,454 [Datanode State Machine Thread - 0] INFO  ozoneimpl.OzoneContainer (OzoneContainer.java:startContainerScrub(179)) - Background container scanner has been disabled.
2019-09-24 10:14:00,455 [Datanode State Machine Thread - 0] INFO  ratis.XceiverServerRatis (XceiverServerRatis.java:start(411)) - Starting XceiverServerRatis e8ee721d-c47f-4ec8-9e06-9f61dddfbf75 at port 0
2019-09-24 10:14:00,462 [Datanode State Machine Thread - 0] INFO  impl.RaftServerProxy (RaftServerProxy.java:lambda$start$3(299)) - e8ee721d-c47f-4ec8-9e06-9f61dddfbf75: start RPC server
2019-09-24 10:14:00,462 [Datanode State Machine Thread - 0] INFO  server.GrpcService (GrpcService.java:startImpl(158)) - e8ee721d-c47f-4ec8-9e06-9f61dddfbf75: GrpcService started, listening on 0.0.0.0/0.0.0.0:42204
2019-09-24 10:14:00,463 [Datanode State Machine Thread - 0] INFO  ratis.XceiverServerRatis (XceiverServerRatis.java:start(421)) - XceiverServerRatis e8ee721d-c47f-4ec8-9e06-9f61dddfbf75 is started using port 42204
2019-09-24 10:14:00,465 [Datanode State Machine Thread - 0] INFO  server.XceiverServerGrpc (XceiverServerGrpc.java:start(149)) - XceiverServerGrpc e8ee721d-c47f-4ec8-9e06-9f61dddfbf75 is started using port 33676
2019-09-24 10:14:01,441 [main] INFO  ozone.MiniOzoneClusterImpl (MiniOzoneClusterImpl.java:lambda$waitForClusterToBeReady$0(147)) - Waiting for cluster to be ready. Got 0 of 7 DN Heartbeats.
2019-09-24 10:14:01,951 [IPC Server handler 1 on 36590] INFO  net.NetworkTopology (NetworkTopologyImpl.java:add(111)) - Added a new node: /default-rack/b86aa6c7-3dbe-40f9-b91b-7e4f8c702e5b
2019-09-24 10:14:01,952 [IPC Server handler 1 on 36590] INFO  node.SCMNodeManager (SCMNodeManager.java:register(266)) - Registered Data node : b86aa6c7-3dbe-40f9-b91b-7e4f8c702e5b{ip: 192.168.151.86, host: pr-hdds-2167-zx9qf-3539961911, networkLocation: /default-rack, certSerialId: null}
2019-09-24 10:14:01,953 [EventQueue-NodeRegistrationContainerReportForDataNodeSafeModeRule] INFO  safemode.SCMSafeModeManager (DataNodeSafeModeRule.java:process(71)) - SCM in safe mode. 1 DataNodes registered, 1 required.
2019-09-24 10:14:01,955 [EventQueue-NodeRegistrationContainerReportForDataNodeSafeModeRule] INFO  safemode.SCMSafeModeManager (SCMSafeModeManager.java:validateSafeModeExitRules(177)) - ScmSafeModeManager, all rules are successfully validated
2019-09-24 10:14:01,955 [EventQueue-NodeRegistrationContainerReportForDataNodeSafeModeRule] INFO  safemode.SCMSafeModeManager (SCMSafeModeManager.java:exitSafeMode(193)) - SCM exiting safe mode.
2019-09-24 10:14:01,965 [grpc-default-executor-3] INFO  impl.RaftServerProxy (RaftServerProxy.java:addNew(89)) - b86aa6c7-3dbe-40f9-b91b-7e4f8c702e5b: addNew group-FA0441925729:[b86aa6c7-3dbe-40f9-b91b-7e4f8c702e5b:192.168.151.86:43305] returns group-FA0441925729:java.util.concurrent.CompletableFuture@290dcd43[Not completed]
2019-09-24 10:14:01,967 [pool-409-thread-1] INFO  impl.RaftServerImpl (RaftServerImpl.java:<init>(95)) - b86aa6c7-3dbe-40f9-b91b-7e4f8c702e5b: new RaftServerImpl for group-FA0441925729:[b86aa6c7-3dbe-40f9-b91b-7e4f8c702e5b:192.168.151.86:43305] with ContainerStateMachine:uninitialized
2019-09-24 10:14:01,967 [pool-409-thread-1] INFO  server.RaftServerConfigKeys (ConfUtils.java:logGet(43)) - raft.server.rpc.timeout.min = 5s (custom)
2019-09-24 10:14:01,967 [pool-409-thread-1] INFO  server.RaftServerConfigKeys (ConfUtils.java:logGet(43)) - raft.server.rpc.timeout.max = 5200ms (custom)
2019-09-24 10:14:01,967 [pool-409-thread-1] INFO  server.RaftServerConfigKeys (ConfUtils.java:logGet(43)) - raft.server.rpcslowness.timeout = 120s (custom)
2019-09-24 10:14:01,967 [pool-409-thread-1] INFO  server.RaftServerConfigKeys (ConfUtils.java:logGet(43)) - raft.server.sleep.deviation.threshold = 300 (default)
2019-09-24 10:14:01,967 [pool-409-thread-1] INFO  server.RaftServerConfigKeys (ConfUtils.java:logGet(43)) - raft.server.log.appender.install.snapshot.enabled = false (custom)
2019-09-24 10:14:01,968 [pool-409-thread-1] INFO  impl.RaftServerImpl (ServerState.java:<init>(103)) - b86aa6c7-3dbe-40f9-b91b-7e4f8c702e5b@group-FA0441925729: ConfigurationManager, init=-1: [b86aa6c7-3dbe-40f9-b91b-7e4f8c702e5b:192.168.151.86:43305], old=null, confs=<EMPTY_MAP>
2019-09-24 10:14:01,968 [pool-409-thread-1] INFO  server.RaftServerConfigKeys (ConfUtils.java:logGet(43)) - raft.server.storage.dir = [/workdir/hadoop-ozone/integration-test/target/test-dir/MiniOzoneClusterImpl-6e222164-f983-4504-86c8-7ced57a751c7/datanode-0/data/ratis] (custom)
2019-09-24 10:14:01,968 [pool-409-thread-1] INFO  storage.RaftStorageDirectory (RaftStorageDirectory.java:analyzeStorage(246)) - The storage directory /workdir/hadoop-ozone/integration-test/target/test-dir/MiniOzoneClusterImpl-6e222164-f983-4504-86c8-7ced57a751c7/datanode-0/data/ratis/389985f9-ed43-4a63-a859-fa0441925729 does not exist. Creating ...
2019-09-24 10:14:01,990 [pool-409-thread-1] INFO  storage.RaftStorageDirectory (RaftStorageDirectory.java:tryLock(328)) - Lock on /workdir/hadoop-ozone/integration-test/target/test-dir/MiniOzoneClusterImpl-6e222164-f983-4504-86c8-7ced57a751c7/datanode-0/data/ratis/389985f9-ed43-4a63-a859-fa0441925729/in_use.lock acquired by nodename 21292@pr-hdds-2167-zx9qf-3539961911
2019-09-24 10:14:02,005 [pool-409-thread-1] INFO  storage.RaftStorage (RaftStorage.java:format(72)) - Storage directory /workdir/hadoop-ozone/integration-test/target/test-dir/MiniOzoneClusterImpl-6e222164-f983-4504-86c8-7ced57a751c7/datanode-0/data/ratis/389985f9-ed43-4a63-a859-fa0441925729 has been successfully formatted.
2019-09-24 10:14:02,005 [pool-409-thread-1] INFO  ratis.ContainerStateMachine (ContainerStateMachine.java:loadSnapshot(230)) - group-FA0441925729: The snapshot info is null. Setting the last applied indexto:(t:0, i:~)
2019-09-24 10:14:02,005 [pool-409-thread-1] INFO  server.RaftServerConfigKeys (ConfUtils.java:logGet(43)) - raft.server.notification.no-leader.timeout = 120s (custom)
2019-09-24 10:14:02,005 [pool-409-thread-1] INFO  server.RaftServerConfigKeys (ConfUtils.java:logGet(43)) - raft.server.log.use.memory = false (default)
2019-09-24 10:14:02,006 [pool-409-thread-1] INFO  server.RaftServerConfigKeys (ConfUtils.java:logGet(43)) - raft.server.log.purge.gap = 1000000 (custom)
2019-09-24 10:14:02,006 [pool-409-thread-1] INFO  server.RaftServerConfigKeys (ConfUtils.java:logGet(43)) - raft.server.log.appender.buffer.byte-limit = 33554432 (custom)
2019-09-24 10:14:02,006 [pool-409-thread-1] INFO  server.RaftServerConfigKeys (ConfUtils.java:logGet(43)) - raft.server.log.segment.size.max = 1048576 (custom)
2019-09-24 10:14:02,006 [pool-409-thread-1] INFO  server.RaftServerConfigKeys (ConfUtils.java:logGet(43)) - raft.server.log.segment.cache.num.max = 2 (custom)
2019-09-24 10:14:02,006 [pool-409-thread-1] INFO  segmented.SegmentedRaftLogWorker (SegmentedRaftLogWorker.java:<init>(172)) - new b86aa6c7-3dbe-40f9-b91b-7e4f8c702e5b@group-FA0441925729-SegmentedRaftLogWorker for RaftStorage:Storage Directory /workdir/hadoop-ozone/integration-test/target/test-dir/MiniOzoneClusterImpl-6e222164-f983-4504-86c8-7ced57a751c7/datanode-0/data/ratis/389985f9-ed43-4a63-a859-fa0441925729
2019-09-24 10:14:02,008 [pool-409-thread-1] INFO  server.RaftServerConfigKeys (ConfUtils.java:logGet(43)) - raft.server.log.queue.byte-limit = 2147483647 (custom)
2019-09-24 10:14:02,008 [pool-409-thread-1] INFO  server.RaftServerConfigKeys (ConfUtils.java:logGet(43)) - raft.server.log.queue.element-limit = 1024 (custom)
2019-09-24 10:14:02,009 [pool-409-thread-1] INFO  server.RaftServerConfigKeys (ConfUtils.java:logGet(43)) - raft.server.log.segment.size.max = 1048576 (custom)
2019-09-24 10:14:02,009 [pool-409-thread-1] INFO  server.RaftServerConfigKeys (ConfUtils.java:logGet(43)) - raft.server.log.preallocated.size = 16384 (custom)
2019-09-24 10:14:02,009 [pool-409-thread-1] INFO  server.RaftServerConfigKeys (ConfUtils.java:logGet(43)) - raft.server.log.write.buffer.size = 33554432 (custom)
2019-09-24 10:14:02,009 [pool-409-thread-1] INFO  server.RaftServerConfigKeys (ConfUtils.java:logGet(43)) - raft.server.log.force.sync.num = 128 (default)
2019-09-24 10:14:02,009 [pool-409-thread-1] INFO  server.RaftServerConfigKeys (ConfUtils.java:logGet(43)) - raft.server.log.statemachine.data.sync = true (default)
2019-09-24 10:14:02,009 [pool-409-thread-1] INFO  server.RaftServerConfigKeys (ConfUtils.java:logGet(43)) - raft.server.log.statemachine.data.sync.timeout = 10s (default)
2019-09-24 10:14:02,009 [pool-409-thread-1] INFO  server.RaftServerConfigKeys (ConfUtils.java:logGet(43)) - raft.server.log.statemachine.data.sync.timeout.retry = -1 (default)
2019-09-24 10:14:02,010 [pool-409-thread-1] INFO  server.RaftServerConfigKeys (ConfUtils.java:logGet(43)) - raft.server.log.statemachine.data.caching.enabled = true (custom)
2019-09-24 10:14:02,010 [pool-409-thread-1] INFO  segmented.SegmentedRaftLogWorker (SegmentedRaftLogWorker.java:lambda$new$0(132)) - b86aa6c7-3dbe-40f9-b91b-7e4f8c702e5b@group-FA0441925729-SegmentedRaftLogWorker: flushIndex: setUnconditionally 0 -> -1
2019-09-24 10:14:02,010 [pool-409-thread-1] INFO  server.RaftServerConfigKeys (ConfUtils.java:logGet(43)) - raft.server.snapshot.auto.trigger.enabled = true (custom)
2019-09-24 10:14:02,010 [pool-409-thread-1] INFO  server.RaftServerConfigKeys (ConfUtils.java:logGet(43)) - raft.server.snapshot.auto.trigger.threshold = 10000 (custom)
2019-09-24 10:14:02,011 [pool-409-thread-1] INFO  server.RaftServerConfigKeys (ConfUtils.java:logGet(43)) - raft.server.snapshot.retention.num.files = 5 (custom)
2019-09-24 10:14:02,011 [pool-409-thread-1] INFO  server.RaftServerConfigKeys (ConfUtils.java:logGet(43)) - raft.server.retrycache.expirytime = 600000ms (custom)
2019-09-24 10:14:02,012 [pool-409-thread-1] INFO  impl.RaftServerImpl (RaftServerImpl.java:start(185)) - b86aa6c7-3dbe-40f9-b91b-7e4f8c702e5b@group-FA0441925729: start as a follower, conf=-1: [b86aa6c7-3dbe-40f9-b91b-7e4f8c702e5b:192.168.151.86:43305], old=null
2019-09-24 10:14:02,013 [pool-409-thread-1] INFO  impl.RaftServerImpl (RaftServerImpl.java:setRole(174)) - b86aa6c7-3dbe-40f9-b91b-7e4f8c702e5b@group-FA0441925729: changes role from      null to FOLLOWER at term 0 for startAsFollower
2019-09-24 10:14:02,013 [pool-409-thread-1] INFO  impl.RoleInfo (RoleInfo.java:updateAndGet(143)) - b86aa6c7-3dbe-40f9-b91b-7e4f8c702e5b: start FollowerState
2019-09-24 10:14:02,013 [pool-409-thread-1] INFO  util.JmxRegister (JmxRegister.java:tryRegister(44)) - Successfully registered JMX Bean with object name Ratis:service=RaftServer,group=group-FA0441925729,id=b86aa6c7-3dbe-40f9-b91b-7e4f8c702e5b
2019-09-24 10:14:02,017 [IPC Server handler 2 on 36590] INFO  net.NetworkTopology (NetworkTopologyImpl.java:add(111)) - Added a new node: /default-rack/cf71df45-b016-41f8-9b9b-982faefd7fda
2019-09-24 10:14:02,018 [IPC Server handler 2 on 36590] INFO  node.SCMNodeManager (SCMNodeManager.java:register(266)) - Registered Data node : cf71df45-b016-41f8-9b9b-982faefd7fda{ip: 192.168.151.86, host: pr-hdds-2167-zx9qf-3539961911, networkLocation: /default-rack, certSerialId: null}
2019-09-24 10:14:02,018 [RatisPipelineUtilsThread] INFO  pipeline.PipelineStateManager (PipelineStateManager.java:addPipeline(56)) - Created pipeline Pipeline[ Id: 389985f9-ed43-4a63-a859-fa0441925729, Nodes: b86aa6c7-3dbe-40f9-b91b-7e4f8c702e5b{ip: 192.168.151.86, host: pr-hdds-2167-zx9qf-3539961911, networkLocation: /default-rack, certSerialId: null}, Type:RATIS, Factor:ONE, State:OPEN]
2019-09-24 10:14:02,024 [grpc-default-executor-3] INFO  impl.RaftServerProxy (RaftServerProxy.java:addNew(89)) - cf71df45-b016-41f8-9b9b-982faefd7fda: addNew group-6FF4108BFC54:[cf71df45-b016-41f8-9b9b-982faefd7fda:192.168.151.86:45257] returns group-6FF4108BFC54:java.util.concurrent.CompletableFuture@47965d86[Not completed]
2019-09-24 10:14:02,025 [pool-419-thread-1] INFO  impl.RaftServerImpl (RaftServerImpl.java:<init>(95)) - cf71df45-b016-41f8-9b9b-982faefd7fda: new RaftServerImpl for group-6FF4108BFC54:[cf71df45-b016-41f8-9b9b-982faefd7fda:192.168.151.86:45257] with ContainerStateMachine:uninitialized
2019-09-24 10:14:02,025 [pool-419-thread-1] INFO  server.RaftServerConfigKeys (ConfUtils.java:logGet(43)) - raft.server.rpc.timeout.min = 5s (custom)
2019-09-24 10:14:02,025 [pool-419-thread-1] INFO  server.RaftServerConfigKeys (ConfUtils.java:logGet(43)) - raft.server.rpc.timeout.max = 5200ms (custom)
2019-09-24 10:14:02,026 [pool-419-thread-1] INFO  server.RaftServerConfigKeys (ConfUtils.java:logGet(43)) - raft.server.rpcslowness.timeout = 120s (custom)
2019-09-24 10:14:02,026 [pool-419-thread-1] INFO  server.RaftServerConfigKeys (ConfUtils.java:logGet(43)) - raft.server.sleep.deviation.threshold = 300 (default)
2019-09-24 10:14:02,026 [pool-419-thread-1] INFO  server.RaftServerConfigKeys (ConfUtils.java:logGet(43)) - raft.server.log.appender.install.snapshot.enabled = false (custom)
2019-09-24 10:14:02,026 [pool-419-thread-1] INFO  impl.RaftServerImpl (ServerState.java:<init>(103)) - cf71df45-b016-41f8-9b9b-982faefd7fda@group-6FF4108BFC54: ConfigurationManager, init=-1: [cf71df45-b016-41f8-9b9b-982faefd7fda:192.168.151.86:45257], old=null, confs=<EMPTY_MAP>
2019-09-24 10:14:02,026 [pool-419-thread-1] INFO  server.RaftServerConfigKeys (ConfUtils.java:logGet(43)) - raft.server.storage.dir = [/workdir/hadoop-ozone/integration-test/target/test-dir/MiniOzoneClusterImpl-6e222164-f983-4504-86c8-7ced57a751c7/datanode-1/data/ratis] (custom)
2019-09-24 10:14:02,026 [pool-419-thread-1] INFO  storage.RaftStorageDirectory (RaftStorageDirectory.java:analyzeStorage(246)) - The storage directory /workdir/hadoop-ozone/integration-test/target/test-dir/MiniOzoneClusterImpl-6e222164-f983-4504-86c8-7ced57a751c7/datanode-1/data/ratis/8b025051-6aed-4e0a-a7e8-6ff4108bfc54 does not exist. Creating ...
2019-09-24 10:14:02,039 [pool-419-thread-1] INFO  storage.RaftStorageDirectory (RaftStorageDirectory.java:tryLock(328)) - Lock on /workdir/hadoop-ozone/integration-test/target/test-dir/MiniOzoneClusterImpl-6e222164-f983-4504-86c8-7ced57a751c7/datanode-1/data/ratis/8b025051-6aed-4e0a-a7e8-6ff4108bfc54/in_use.lock acquired by nodename 21292@pr-hdds-2167-zx9qf-3539961911
2019-09-24 10:14:02,052 [pool-419-thread-1] INFO  storage.RaftStorage (RaftStorage.java:format(72)) - Storage directory /workdir/hadoop-ozone/integration-test/target/test-dir/MiniOzoneClusterImpl-6e222164-f983-4504-86c8-7ced57a751c7/datanode-1/data/ratis/8b025051-6aed-4e0a-a7e8-6ff4108bfc54 has been successfully formatted.
2019-09-24 10:14:02,052 [pool-419-thread-1] INFO  ratis.ContainerStateMachine (ContainerStateMachine.java:loadSnapshot(230)) - group-6FF4108BFC54: The snapshot info is null. Setting the last applied indexto:(t:0, i:~)
2019-09-24 10:14:02,052 [pool-419-thread-1] INFO  server.RaftServerConfigKeys (ConfUtils.java:logGet(43)) - raft.server.notification.no-leader.timeout = 120s (custom)
2019-09-24 10:14:02,052 [pool-419-thread-1] INFO  server.RaftServerConfigKeys (ConfUtils.java:logGet(43)) - raft.server.log.use.memory = false (default)
2019-09-24 10:14:02,053 [pool-419-thread-1] INFO  server.RaftServerConfigKeys (ConfUtils.java:logGet(43)) - raft.server.log.purge.gap = 1000000 (custom)
2019-09-24 10:14:02,053 [pool-419-thread-1] INFO  server.RaftServerConfigKeys (ConfUtils.java:logGet(43)) - raft.server.log.appender.buffer.byte-limit = 33554432 (custom)
2019-09-24 10:14:02,053 [pool-419-thread-1] INFO  server.RaftServerConfigKeys (ConfUtils.java:logGet(43)) - raft.server.log.segment.size.max = 1048576 (custom)
2019-09-24 10:14:02,053 [pool-419-thread-1] INFO  server.RaftServerConfigKeys (ConfUtils.java:logGet(43)) - raft.server.log.segment.cache.num.max = 2 (custom)
2019-09-24 10:14:02,053 [pool-419-thread-1] INFO  segmented.SegmentedRaftLogWorker (SegmentedRaftLogWorker.java:<init>(172)) - new cf71df45-b016-41f8-9b9b-982faefd7fda@group-6FF4108BFC54-SegmentedRaftLogWorker for RaftStorage:Storage Directory /workdir/hadoop-ozone/integration-test/target/test-dir/MiniOzoneClusterImpl-6e222164-f983-4504-86c8-7ced57a751c7/datanode-1/data/ratis/8b025051-6aed-4e0a-a7e8-6ff4108bfc54
2019-09-24 10:14:02,054 [pool-419-thread-1] INFO  server.RaftServerConfigKeys (ConfUtils.java:logGet(43)) - raft.server.log.queue.byte-limit = 2147483647 (custom)
2019-09-24 10:14:02,054 [pool-419-thread-1] INFO  server.RaftServerConfigKeys (ConfUtils.java:logGet(43)) - raft.server.log.queue.element-limit = 1024 (custom)
2019-09-24 10:14:02,055 [pool-419-thread-1] INFO  server.RaftServerConfigKeys (ConfUtils.java:logGet(43)) - raft.server.log.segment.size.max = 1048576 (custom)
2019-09-24 10:14:02,055 [pool-419-thread-1] INFO  server.RaftServerConfigKeys (ConfUtils.java:logGet(43)) - raft.server.log.preallocated.size = 16384 (custom)
2019-09-24 10:14:02,055 [pool-419-thread-1] INFO  server.RaftServerConfigKeys (ConfUtils.java:logGet(43)) - raft.server.log.write.buffer.size = 33554432 (custom)
2019-09-24 10:14:02,055 [pool-419-thread-1] INFO  server.RaftServerConfigKeys (ConfUtils.java:logGet(43)) - raft.server.log.force.sync.num = 128 (default)
2019-09-24 10:14:02,055 [pool-419-thread-1] INFO  server.RaftServerConfigKeys (ConfUtils.java:logGet(43)) - raft.server.log.statemachine.data.sync = true (default)
2019-09-24 10:14:02,055 [pool-419-thread-1] INFO  server.RaftServerConfigKeys (ConfUtils.java:logGet(43)) - raft.server.log.statemachine.data.sync.timeout = 10s (default)
2019-09-24 10:14:02,055 [pool-419-thread-1] INFO  server.RaftServerConfigKeys (ConfUtils.java:logGet(43)) - raft.server.log.statemachine.data.sync.timeout.retry = -1 (default)
2019-09-24 10:14:02,055 [pool-419-thread-1] INFO  server.RaftServerConfigKeys (ConfUtils.java:logGet(43)) - raft.server.log.statemachine.data.caching.enabled = true (custom)
2019-09-24 10:14:02,056 [pool-419-thread-1] INFO  segmented.SegmentedRaftLogWorker (SegmentedRaftLogWorker.java:lambda$new$0(132)) - cf71df45-b016-41f8-9b9b-982faefd7fda@group-6FF4108BFC54-SegmentedRaftLogWorker: flushIndex: setUnconditionally 0 -> -1
2019-09-24 10:14:02,056 [pool-419-thread-1] INFO  server.RaftServerConfigKeys (ConfUtils.java:logGet(43)) - raft.server.snapshot.auto.trigger.enabled = true (custom)
2019-09-24 10:14:02,056 [pool-419-thread-1] INFO  server.RaftServerConfigKeys (ConfUtils.java:logGet(43)) - raft.server.snapshot.auto.trigger.threshold = 10000 (custom)
2019-09-24 10:14:02,056 [pool-419-thread-1] INFO  server.RaftServerConfigKeys (ConfUtils.java:logGet(43)) - raft.server.snapshot.retention.num.files = 5 (custom)
2019-09-24 10:14:02,056 [pool-419-thread-1] INFO  server.RaftServerConfigKeys (ConfUtils.java:logGet(43)) - raft.server.retrycache.expirytime = 600000ms (custom)
2019-09-24 10:14:02,058 [pool-419-thread-1] INFO  impl.RaftServerImpl (RaftServerImpl.java:start(185)) - cf71df45-b016-41f8-9b9b-982faefd7fda@group-6FF4108BFC54: start as a follower, conf=-1: [cf71df45-b016-41f8-9b9b-982faefd7fda:192.168.151.86:45257], old=null
2019-09-24 10:14:02,058 [pool-419-thread-1] INFO  impl.RaftServerImpl (RaftServerImpl.java:setRole(174)) - cf71df45-b016-41f8-9b9b-982faefd7fda@group-6FF4108BFC54: changes role from      null to FOLLOWER at term 0 for startAsFollower
2019-09-24 10:14:02,058 [pool-419-thread-1] INFO  impl.RoleInfo (RoleInfo.java:updateAndGet(143)) - cf71df45-b016-41f8-9b9b-982faefd7fda: start FollowerState
2019-09-24 10:14:02,058 [pool-419-thread-1] INFO  util.JmxRegister (JmxRegister.java:tryRegister(44)) - Successfully registered JMX Bean with object name Ratis:service=RaftServer,group=group-6FF4108BFC54,id=cf71df45-b016-41f8-9b9b-982faefd7fda
2019-09-24 10:14:02,063 [RatisPipelineUtilsThread] INFO  pipeline.PipelineStateManager (PipelineStateManager.java:addPipeline(56)) - Created pipeline Pipeline[ Id: 8b025051-6aed-4e0a-a7e8-6ff4108bfc54, Nodes: cf71df45-b016-41f8-9b9b-982faefd7fda{ip: 192.168.151.86, host: pr-hdds-2167-zx9qf-3539961911, networkLocation: /default-rack, certSerialId: null}, Type:RATIS, Factor:ONE, State:OPEN]
2019-09-24 10:14:02,106 [IPC Server handler 3 on 36590] INFO  net.NetworkTopology (NetworkTopologyImpl.java:add(111)) - Added a new node: /default-rack/4b136bd6-92d7-47bb-9276-71c0b5ae5f48
2019-09-24 10:14:02,106 [IPC Server handler 3 on 36590] INFO  node.SCMNodeManager (SCMNodeManager.java:register(266)) - Registered Data node : 4b136bd6-92d7-47bb-9276-71c0b5ae5f48{ip: 192.168.151.86, host: pr-hdds-2167-zx9qf-3539961911, networkLocation: /default-rack, certSerialId: null}
2019-09-24 10:14:02,115 [grpc-default-executor-3] INFO  impl.RaftServerProxy (RaftServerProxy.java:addNew(89)) - 4b136bd6-92d7-47bb-9276-71c0b5ae5f48: addNew group-79E2C810C82A:[4b136bd6-92d7-47bb-9276-71c0b5ae5f48:192.168.151.86:41495] returns group-79E2C810C82A:java.util.concurrent.CompletableFuture@7acd3cb5[Not completed]
2019-09-24 10:14:02,117 [pool-429-thread-1] INFO  impl.RaftServerImpl (RaftServerImpl.java:<init>(95)) - 4b136bd6-92d7-47bb-9276-71c0b5ae5f48: new RaftServerImpl for group-79E2C810C82A:[4b136bd6-92d7-47bb-9276-71c0b5ae5f48:192.168.151.86:41495] with ContainerStateMachine:uninitialized
2019-09-24 10:14:02,117 [pool-429-thread-1] INFO  server.RaftServerConfigKeys (ConfUtils.java:logGet(43)) - raft.server.rpc.timeout.min = 5s (custom)
2019-09-24 10:14:02,117 [pool-429-thread-1] INFO  server.RaftServerConfigKeys (ConfUtils.java:logGet(43)) - raft.server.rpc.timeout.max = 5200ms (custom)
2019-09-24 10:14:02,117 [pool-429-thread-1] INFO  server.RaftServerConfigKeys (ConfUtils.java:logGet(43)) - raft.server.rpcslowness.timeout = 120s (custom)
2019-09-24 10:14:02,118 [pool-429-thread-1] INFO  server.RaftServerConfigKeys (ConfUtils.java:logGet(43)) - raft.server.sleep.deviation.threshold = 300 (default)
2019-09-24 10:14:02,118 [pool-429-thread-1] INFO  server.RaftServerConfigKeys (ConfUtils.java:logGet(43)) - raft.server.log.appender.install.snapshot.enabled = false (custom)
2019-09-24 10:14:02,118 [pool-429-thread-1] INFO  impl.RaftServerImpl (ServerState.java:<init>(103)) - 4b136bd6-92d7-47bb-9276-71c0b5ae5f48@group-79E2C810C82A: ConfigurationManager, init=-1: [4b136bd6-92d7-47bb-9276-71c0b5ae5f48:192.168.151.86:41495], old=null, confs=<EMPTY_MAP>
2019-09-24 10:14:02,118 [pool-429-thread-1] INFO  server.RaftServerConfigKeys (ConfUtils.java:logGet(43)) - raft.server.storage.dir = [/workdir/hadoop-ozone/integration-test/target/test-dir/MiniOzoneClusterImpl-6e222164-f983-4504-86c8-7ced57a751c7/datanode-2/data/ratis] (custom)
2019-09-24 10:14:02,118 [pool-429-thread-1] INFO  storage.RaftStorageDirectory (RaftStorageDirectory.java:analyzeStorage(246)) - The storage directory /workdir/hadoop-ozone/integration-test/target/test-dir/MiniOzoneClusterImpl-6e222164-f983-4504-86c8-7ced57a751c7/datanode-2/data/ratis/86a28454-043f-4383-bb34-79e2c810c82a does not exist. Creating ...
2019-09-24 10:14:02,132 [pool-429-thread-1] INFO  storage.RaftStorageDirectory (RaftStorageDirectory.java:tryLock(328)) - Lock on /workdir/hadoop-ozone/integration-test/target/test-dir/MiniOzoneClusterImpl-6e222164-f983-4504-86c8-7ced57a751c7/datanode-2/data/ratis/86a28454-043f-4383-bb34-79e2c810c82a/in_use.lock acquired by nodename 21292@pr-hdds-2167-zx9qf-3539961911
2019-09-24 10:14:02,145 [pool-429-thread-1] INFO  storage.RaftStorage (RaftStorage.java:format(72)) - Storage directory /workdir/hadoop-ozone/integration-test/target/test-dir/MiniOzoneClusterImpl-6e222164-f983-4504-86c8-7ced57a751c7/datanode-2/data/ratis/86a28454-043f-4383-bb34-79e2c810c82a has been successfully formatted.
2019-09-24 10:14:02,146 [pool-429-thread-1] INFO  ratis.ContainerStateMachine (ContainerStateMachine.java:loadSnapshot(230)) - group-79E2C810C82A: The snapshot info is null. Setting the last applied indexto:(t:0, i:~)
2019-09-24 10:14:02,146 [pool-429-thread-1] INFO  server.RaftServerConfigKeys (ConfUtils.java:logGet(43)) - raft.server.notification.no-leader.timeout = 120s (custom)
2019-09-24 10:14:02,146 [pool-429-thread-1] INFO  server.RaftServerConfigKeys (ConfUtils.java:logGet(43)) - raft.server.log.use.memory = false (default)
2019-09-24 10:14:02,146 [pool-429-thread-1] INFO  server.RaftServerConfigKeys (ConfUtils.java:logGet(43)) - raft.server.log.purge.gap = 1000000 (custom)
2019-09-24 10:14:02,146 [pool-429-thread-1] INFO  server.RaftServerConfigKeys (ConfUtils.java:logGet(43)) - raft.server.log.appender.buffer.byte-limit = 33554432 (custom)
2019-09-24 10:14:02,146 [pool-429-thread-1] INFO  server.RaftServerConfigKeys (ConfUtils.java:logGet(43)) - raft.server.log.segment.size.max = 1048576 (custom)
2019-09-24 10:14:02,146 [pool-429-thread-1] INFO  server.RaftServerConfigKeys (ConfUtils.java:logGet(43)) - raft.server.log.segment.cache.num.max = 2 (custom)
2019-09-24 10:14:02,147 [pool-429-thread-1] INFO  segmented.SegmentedRaftLogWorker (SegmentedRaftLogWorker.java:<init>(172)) - new 4b136bd6-92d7-47bb-9276-71c0b5ae5f48@group-79E2C810C82A-SegmentedRaftLogWorker for RaftStorage:Storage Directory /workdir/hadoop-ozone/integration-test/target/test-dir/MiniOzoneClusterImpl-6e222164-f983-4504-86c8-7ced57a751c7/datanode-2/data/ratis/86a28454-043f-4383-bb34-79e2c810c82a
2019-09-24 10:14:02,149 [pool-429-thread-1] INFO  server.RaftServerConfigKeys (ConfUtils.java:logGet(43)) - raft.server.log.queue.byte-limit = 2147483647 (custom)
2019-09-24 10:14:02,149 [pool-429-thread-1] INFO  server.RaftServerConfigKeys (ConfUtils.java:logGet(43)) - raft.server.log.queue.element-limit = 1024 (custom)
2019-09-24 10:14:02,149 [pool-429-thread-1] INFO  server.RaftServerConfigKeys (ConfUtils.java:logGet(43)) - raft.server.log.segment.size.max = 1048576 (custom)
2019-09-24 10:14:02,150 [pool-429-thread-1] INFO  server.RaftServerConfigKeys (ConfUtils.java:logGet(43)) - raft.server.log.preallocated.size = 16384 (custom)
2019-09-24 10:14:02,150 [pool-429-thread-1] INFO  server.RaftServerConfigKeys (ConfUtils.java:logGet(43)) - raft.server.log.write.buffer.size = 33554432 (custom)
2019-09-24 10:14:02,150 [pool-429-thread-1] INFO  server.RaftServerConfigKeys (ConfUtils.java:logGet(43)) - raft.server.log.force.sync.num = 128 (default)
2019-09-24 10:14:02,150 [pool-429-thread-1] INFO  server.RaftServerConfigKeys (ConfUtils.java:logGet(43)) - raft.server.log.statemachine.data.sync = true (default)
2019-09-24 10:14:02,150 [pool-429-thread-1] INFO  server.RaftServerConfigKeys (ConfUtils.java:logGet(43)) - raft.server.log.statemachine.data.sync.timeout = 10s (default)
2019-09-24 10:14:02,150 [pool-429-thread-1] INFO  server.RaftServerConfigKeys (ConfUtils.java:logGet(43)) - raft.server.log.statemachine.data.sync.timeout.retry = -1 (default)
2019-09-24 10:14:02,150 [pool-429-thread-1] INFO  server.RaftServerConfigKeys (ConfUtils.java:logGet(43)) - raft.server.log.statemachine.data.caching.enabled = true (custom)
2019-09-24 10:14:02,151 [pool-429-thread-1] INFO  segmented.SegmentedRaftLogWorker (SegmentedRaftLogWorker.java:lambda$new$0(132)) - 4b136bd6-92d7-47bb-9276-71c0b5ae5f48@group-79E2C810C82A-SegmentedRaftLogWorker: flushIndex: setUnconditionally 0 -> -1
2019-09-24 10:14:02,151 [pool-429-thread-1] INFO  server.RaftServerConfigKeys (ConfUtils.java:logGet(43)) - raft.server.snapshot.auto.trigger.enabled = true (custom)
2019-09-24 10:14:02,151 [pool-429-thread-1] INFO  server.RaftServerConfigKeys (ConfUtils.java:logGet(43)) - raft.server.snapshot.auto.trigger.threshold = 10000 (custom)
2019-09-24 10:14:02,151 [pool-429-thread-1] INFO  server.RaftServerConfigKeys (ConfUtils.java:logGet(43)) - raft.server.snapshot.retention.num.files = 5 (custom)
2019-09-24 10:14:02,151 [pool-429-thread-1] INFO  server.RaftServerConfigKeys (ConfUtils.java:logGet(43)) - raft.server.retrycache.expirytime = 600000ms (custom)
2019-09-24 10:14:02,153 [pool-429-thread-1] INFO  impl.RaftServerImpl (RaftServerImpl.java:start(185)) - 4b136bd6-92d7-47bb-9276-71c0b5ae5f48@group-79E2C810C82A: start as a follower, conf=-1: [4b136bd6-92d7-47bb-9276-71c0b5ae5f48:192.168.151.86:41495], old=null
2019-09-24 10:14:02,154 [pool-429-thread-1] INFO  impl.RaftServerImpl (RaftServerImpl.java:setRole(174)) - 4b136bd6-92d7-47bb-9276-71c0b5ae5f48@group-79E2C810C82A: changes role from      null to FOLLOWER at term 0 for startAsFollower
2019-09-24 10:14:02,154 [pool-429-thread-1] INFO  impl.RoleInfo (RoleInfo.java:updateAndGet(143)) - 4b136bd6-92d7-47bb-9276-71c0b5ae5f48: start FollowerState
2019-09-24 10:14:02,154 [pool-429-thread-1] INFO  util.JmxRegister (JmxRegister.java:tryRegister(44)) - Successfully registered JMX Bean with object name Ratis:service=RaftServer,group=group-79E2C810C82A,id=4b136bd6-92d7-47bb-9276-71c0b5ae5f48
2019-09-24 10:14:02,159 [RatisPipelineUtilsThread] INFO  pipeline.PipelineStateManager (PipelineStateManager.java:addPipeline(56)) - Created pipeline Pipeline[ Id: 86a28454-043f-4383-bb34-79e2c810c82a, Nodes: 4b136bd6-92d7-47bb-9276-71c0b5ae5f48{ip: 192.168.151.86, host: pr-hdds-2167-zx9qf-3539961911, networkLocation: /default-rack, certSerialId: null}, Type:RATIS, Factor:ONE, State:OPEN]
2019-09-24 10:14:02,170 [IPC Server handler 4 on 36590] INFO  net.NetworkTopology (NetworkTopologyImpl.java:add(111)) - Added a new node: /default-rack/6a7af362-491e-49cd-b30f-2f9aa366d0e8
2019-09-24 10:14:02,171 [IPC Server handler 4 on 36590] INFO  node.SCMNodeManager (SCMNodeManager.java:register(266)) - Registered Data node : 6a7af362-491e-49cd-b30f-2f9aa366d0e8{ip: 192.168.151.86, host: pr-hdds-2167-zx9qf-3539961911, networkLocation: /default-rack, certSerialId: null}
2019-09-24 10:14:02,171 [grpc-default-executor-9] INFO  impl.RaftServerProxy (RaftServerProxy.java:addNew(89)) - 4b136bd6-92d7-47bb-9276-71c0b5ae5f48: addNew group-F07334A61175:[4b136bd6-92d7-47bb-9276-71c0b5ae5f48:192.168.151.86:41495, cf71df45-b016-41f8-9b9b-982faefd7fda:192.168.151.86:45257, b86aa6c7-3dbe-40f9-b91b-7e4f8c702e5b:192.168.151.86:43305] returns group-F07334A61175:java.util.concurrent.CompletableFuture@541640b8[Not completed]
2019-09-24 10:14:02,171 [grpc-default-executor-3] INFO  impl.RaftServerProxy (RaftServerProxy.java:addNew(89)) - b86aa6c7-3dbe-40f9-b91b-7e4f8c702e5b: addNew group-F07334A61175:[4b136bd6-92d7-47bb-9276-71c0b5ae5f48:192.168.151.86:41495, cf71df45-b016-41f8-9b9b-982faefd7fda:192.168.151.86:45257, b86aa6c7-3dbe-40f9-b91b-7e4f8c702e5b:192.168.151.86:43305] returns group-F07334A61175:java.util.concurrent.CompletableFuture@38fc4bfa[Not completed]
2019-09-24 10:14:02,172 [grpc-default-executor-8] INFO  impl.RaftServerProxy (RaftServerProxy.java:addNew(89)) - cf71df45-b016-41f8-9b9b-982faefd7fda: addNew group-F07334A61175:[4b136bd6-92d7-47bb-9276-71c0b5ae5f48:192.168.151.86:41495, cf71df45-b016-41f8-9b9b-982faefd7fda:192.168.151.86:45257, b86aa6c7-3dbe-40f9-b91b-7e4f8c702e5b:192.168.151.86:43305] returns group-F07334A61175:java.util.concurrent.CompletableFuture@7abe8188[Not completed]
2019-09-24 10:14:02,173 [pool-429-thread-1] INFO  impl.RaftServerImpl (RaftServerImpl.java:<init>(95)) - 4b136bd6-92d7-47bb-9276-71c0b5ae5f48: new RaftServerImpl for group-F07334A61175:[4b136bd6-92d7-47bb-9276-71c0b5ae5f48:192.168.151.86:41495, cf71df45-b016-41f8-9b9b-982faefd7fda:192.168.151.86:45257, b86aa6c7-3dbe-40f9-b91b-7e4f8c702e5b:192.168.151.86:43305] with ContainerStateMachine:uninitialized
2019-09-24 10:14:02,173 [pool-429-thread-1] INFO  server.RaftServerConfigKeys (ConfUtils.java:logGet(43)) - raft.server.rpc.timeout.min = 5s (custom)
2019-09-24 10:14:02,173 [pool-429-thread-1] INFO  server.RaftServerConfigKeys (ConfUtils.java:logGet(43)) - raft.server.rpc.timeout.max = 5200ms (custom)
2019-09-24 10:14:02,173 [pool-429-thread-1] INFO  server.RaftServerConfigKeys (ConfUtils.java:logGet(43)) - raft.server.rpcslowness.timeout = 120s (custom)
2019-09-24 10:14:02,173 [pool-429-thread-1] INFO  server.RaftServerConfigKeys (ConfUtils.java:logGet(43)) - raft.server.sleep.deviation.threshold = 300 (default)
2019-09-24 10:14:02,173 [pool-429-thread-1] INFO  server.RaftServerConfigKeys (ConfUtils.java:logGet(43)) - raft.server.log.appender.install.snapshot.enabled = false (custom)
2019-09-24 10:14:02,173 [pool-419-thread-1] INFO  impl.RaftServerImpl (RaftServerImpl.java:<init>(95)) - cf71df45-b016-41f8-9b9b-982faefd7fda: new RaftServerImpl for group-F07334A61175:[4b136bd6-92d7-47bb-9276-71c0b5ae5f48:192.168.151.86:41495, cf71df45-b016-41f8-9b9b-982faefd7fda:192.168.151.86:45257, b86aa6c7-3dbe-40f9-b91b-7e4f8c702e5b:192.168.151.86:43305] with ContainerStateMachine:uninitialized
2019-09-24 10:14:02,173 [pool-429-thread-1] INFO  impl.RaftServerImpl (ServerState.java:<init>(103)) - 4b136bd6-92d7-47bb-9276-71c0b5ae5f48@group-F07334A61175: ConfigurationManager, init=-1: [4b136bd6-92d7-47bb-9276-71c0b5ae5f48:192.168.151.86:41495, cf71df45-b016-41f8-9b9b-982faefd7fda:192.168.151.86:45257, b86aa6c7-3dbe-40f9-b91b-7e4f8c702e5b:192.168.151.86:43305], old=null, confs=<EMPTY_MAP>
2019-09-24 10:14:02,173 [pool-419-thread-1] INFO  server.RaftServerConfigKeys (ConfUtils.java:logGet(43)) - raft.server.rpc.timeout.min = 5s (custom)
2019-09-24 10:14:02,174 [pool-429-thread-1] INFO  server.RaftServerConfigKeys (ConfUtils.java:logGet(43)) - raft.server.storage.dir = [/workdir/hadoop-ozone/integration-test/target/test-dir/MiniOzoneClusterImpl-6e222164-f983-4504-86c8-7ced57a751c7/datanode-2/data/ratis] (custom)
2019-09-24 10:14:02,174 [pool-419-thread-1] INFO  server.RaftServerConfigKeys (ConfUtils.java:logGet(43)) - raft.server.rpc.timeout.max = 5200ms (custom)
2019-09-24 10:14:02,174 [pool-409-thread-1] INFO  impl.RaftServerImpl (RaftServerImpl.java:<init>(95)) - b86aa6c7-3dbe-40f9-b91b-7e4f8c702e5b: new RaftServerImpl for group-F07334A61175:[4b136bd6-92d7-47bb-9276-71c0b5ae5f48:192.168.151.86:41495, cf71df45-b016-41f8-9b9b-982faefd7fda:192.168.151.86:45257, b86aa6c7-3dbe-40f9-b91b-7e4f8c702e5b:192.168.151.86:43305] with ContainerStateMachine:uninitialized
2019-09-24 10:14:02,174 [pool-429-thread-1] INFO  storage.RaftStorageDirectory (RaftStorageDirectory.java:analyzeStorage(246)) - The storage directory /workdir/hadoop-ozone/integration-test/target/test-dir/MiniOzoneClusterImpl-6e222164-f983-4504-86c8-7ced57a751c7/datanode-2/data/ratis/32b10c15-7fd6-4d2a-9e1c-f07334a61175 does not exist. Creating ...
2019-09-24 10:14:02,174 [pool-419-thread-1] INFO  server.RaftServerConfigKeys (ConfUtils.java:logGet(43)) - raft.server.rpcslowness.timeout = 120s (custom)
2019-09-24 10:14:02,174 [pool-409-thread-1] INFO  server.RaftServerConfigKeys (ConfUtils.java:logGet(43)) - raft.server.rpc.timeout.min = 5s (custom)
2019-09-24 10:14:02,174 [pool-419-thread-1] INFO  server.RaftServerConfigKeys (ConfUtils.java:logGet(43)) - raft.server.sleep.deviation.threshold = 300 (default)
2019-09-24 10:14:02,174 [pool-409-thread-1] INFO  server.RaftServerConfigKeys (ConfUtils.java:logGet(43)) - raft.server.rpc.timeout.max = 5200ms (custom)
2019-09-24 10:14:02,174 [pool-419-thread-1] INFO  server.RaftServerConfigKeys (ConfUtils.java:logGet(43)) - raft.server.log.appender.install.snapshot.enabled = false (custom)
2019-09-24 10:14:02,175 [pool-409-thread-1] INFO  server.RaftServerConfigKeys (ConfUtils.java:logGet(43)) - raft.server.rpcslowness.timeout = 120s (custom)
2019-09-24 10:14:02,175 [pool-419-thread-1] INFO  impl.RaftServerImpl (ServerState.java:<init>(103)) - cf71df45-b016-41f8-9b9b-982faefd7fda@group-F07334A61175: ConfigurationManager, init=-1: [4b136bd6-92d7-47bb-9276-71c0b5ae5f48:192.168.151.86:41495, cf71df45-b016-41f8-9b9b-982faefd7fda:192.168.151.86:45257, b86aa6c7-3dbe-40f9-b91b-7e4f8c702e5b:192.168.151.86:43305], old=null, confs=<EMPTY_MAP>
2019-09-24 10:14:02,175 [pool-409-thread-1] INFO  server.RaftServerConfigKeys (ConfUtils.java:logGet(43)) - raft.server.sleep.deviation.threshold = 300 (default)
2019-09-24 10:14:02,175 [pool-419-thread-1] INFO  server.RaftServerConfigKeys (ConfUtils.java:logGet(43)) - raft.server.storage.dir = [/workdir/hadoop-ozone/integration-test/target/test-dir/MiniOzoneClusterImpl-6e222164-f983-4504-86c8-7ced57a751c7/datanode-1/data/ratis] (custom)
2019-09-24 10:14:02,175 [pool-409-thread-1] INFO  server.RaftServerConfigKeys (ConfUtils.java:logGet(43)) - raft.server.log.appender.install.snapshot.enabled = false (custom)
2019-09-24 10:14:02,175 [pool-409-thread-1] INFO  impl.RaftServerImpl (ServerState.java:<init>(103)) - b86aa6c7-3dbe-40f9-b91b-7e4f8c702e5b@group-F07334A61175: ConfigurationManager, init=-1: [4b136bd6-92d7-47bb-9276-71c0b5ae5f48:192.168.151.86:41495, cf71df45-b016-41f8-9b9b-982faefd7fda:192.168.151.86:45257, b86aa6c7-3dbe-40f9-b91b-7e4f8c702e5b:192.168.151.86:43305], old=null, confs=<EMPTY_MAP>
2019-09-24 10:14:02,175 [pool-419-thread-1] INFO  storage.RaftStorageDirectory (RaftStorageDirectory.java:analyzeStorage(246)) - The storage directory /workdir/hadoop-ozone/integration-test/target/test-dir/MiniOzoneClusterImpl-6e222164-f983-4504-86c8-7ced57a751c7/datanode-1/data/ratis/32b10c15-7fd6-4d2a-9e1c-f07334a61175 does not exist. Creating ...
2019-09-24 10:14:02,176 [pool-409-thread-1] INFO  server.RaftServerConfigKeys (ConfUtils.java:logGet(43)) - raft.server.storage.dir = [/workdir/hadoop-ozone/integration-test/target/test-dir/MiniOzoneClusterImpl-6e222164-f983-4504-86c8-7ced57a751c7/datanode-0/data/ratis] (custom)
2019-09-24 10:14:02,176 [pool-409-thread-1] INFO  storage.RaftStorageDirectory (RaftStorageDirectory.java:analyzeStorage(246)) - The storage directory /workdir/hadoop-ozone/integration-test/target/test-dir/MiniOzoneClusterImpl-6e222164-f983-4504-86c8-7ced57a751c7/datanode-0/data/ratis/32b10c15-7fd6-4d2a-9e1c-f07334a61175 does not exist. Creating ...
2019-09-24 10:14:02,188 [pool-409-thread-1] INFO  storage.RaftStorageDirectory (RaftStorageDirectory.java:tryLock(328)) - Lock on /workdir/hadoop-ozone/integration-test/target/test-dir/MiniOzoneClusterImpl-6e222164-f983-4504-86c8-7ced57a751c7/datanode-0/data/ratis/32b10c15-7fd6-4d2a-9e1c-f07334a61175/in_use.lock acquired by nodename 21292@pr-hdds-2167-zx9qf-3539961911
2019-09-24 10:14:02,188 [pool-419-thread-1] INFO  storage.RaftStorageDirectory (RaftStorageDirectory.java:tryLock(328)) - Lock on /workdir/hadoop-ozone/integration-test/target/test-dir/MiniOzoneClusterImpl-6e222164-f983-4504-86c8-7ced57a751c7/datanode-1/data/ratis/32b10c15-7fd6-4d2a-9e1c-f07334a61175/in_use.lock acquired by nodename 21292@pr-hdds-2167-zx9qf-3539961911
2019-09-24 10:14:02,188 [pool-429-thread-1] INFO  storage.RaftStorageDirectory (RaftStorageDirectory.java:tryLock(328)) - Lock on /workdir/hadoop-ozone/integration-test/target/test-dir/MiniOzoneClusterImpl-6e222164-f983-4504-86c8-7ced57a751c7/datanode-2/data/ratis/32b10c15-7fd6-4d2a-9e1c-f07334a61175/in_use.lock acquired by nodename 21292@pr-hdds-2167-zx9qf-3539961911
2019-09-24 10:14:02,212 [pool-419-thread-1] INFO  storage.RaftStorage (RaftStorage.java:format(72)) - Storage directory /workdir/hadoop-ozone/integration-test/target/test-dir/MiniOzoneClusterImpl-6e222164-f983-4504-86c8-7ced57a751c7/datanode-1/data/ratis/32b10c15-7fd6-4d2a-9e1c-f07334a61175 has been successfully formatted.
2019-09-24 10:14:02,213 [pool-409-thread-1] INFO  storage.RaftStorage (RaftStorage.java:format(72)) - Storage directory /workdir/hadoop-ozone/integration-test/target/test-dir/MiniOzoneClusterImpl-6e222164-f983-4504-86c8-7ced57a751c7/datanode-0/data/ratis/32b10c15-7fd6-4d2a-9e1c-f07334a61175 has been successfully formatted.
2019-09-24 10:14:02,213 [pool-419-thread-1] INFO  ratis.ContainerStateMachine (ContainerStateMachine.java:loadSnapshot(230)) - group-F07334A61175: The snapshot info is null. Setting the last applied indexto:(t:0, i:~)
2019-09-24 10:14:02,213 [pool-429-thread-1] INFO  storage.RaftStorage (RaftStorage.java:format(72)) - Storage directory /workdir/hadoop-ozone/integration-test/target/test-dir/MiniOzoneClusterImpl-6e222164-f983-4504-86c8-7ced57a751c7/datanode-2/data/ratis/32b10c15-7fd6-4d2a-9e1c-f07334a61175 has been successfully formatted.
2019-09-24 10:14:02,213 [pool-419-thread-1] INFO  server.RaftServerConfigKeys (ConfUtils.java:logGet(43)) - raft.server.notification.no-leader.timeout = 120s (custom)
2019-09-24 10:14:02,213 [pool-409-thread-1] INFO  ratis.ContainerStateMachine (ContainerStateMachine.java:loadSnapshot(230)) - group-F07334A61175: The snapshot info is null. Setting the last applied indexto:(t:0, i:~)
2019-09-24 10:14:02,213 [pool-419-thread-1] INFO  server.RaftServerConfigKeys (ConfUtils.java:logGet(43)) - raft.server.log.use.memory = false (default)
2019-09-24 10:14:02,213 [pool-429-thread-1] INFO  ratis.ContainerStateMachine (ContainerStateMachine.java:loadSnapshot(230)) - group-F07334A61175: The snapshot info is null. Setting the last applied indexto:(t:0, i:~)
2019-09-24 10:14:02,214 [pool-419-thread-1] INFO  server.RaftServerConfigKeys (ConfUtils.java:logGet(43)) - raft.server.log.purge.gap = 1000000 (custom)
2019-09-24 10:14:02,213 [pool-409-thread-1] INFO  server.RaftServerConfigKeys (ConfUtils.java:logGet(43)) - raft.server.notification.no-leader.timeout = 120s (custom)
2019-09-24 10:14:02,214 [pool-419-thread-1] INFO  server.RaftServerConfigKeys (ConfUtils.java:logGet(43)) - raft.server.log.appender.buffer.byte-limit = 33554432 (custom)
2019-09-24 10:14:02,214 [pool-429-thread-1] INFO  server.RaftServerConfigKeys (ConfUtils.java:logGet(43)) - raft.server.notification.no-leader.timeout = 120s (custom)
2019-09-24 10:14:02,214 [pool-419-thread-1] INFO  server.RaftServerConfigKeys (ConfUtils.java:logGet(43)) - raft.server.log.segment.size.max = 1048576 (custom)
2019-09-24 10:14:02,214 [pool-409-thread-1] INFO  server.RaftServerConfigKeys (ConfUtils.java:logGet(43)) - raft.server.log.use.memory = false (default)
2019-09-24 10:14:02,214 [pool-419-thread-1] INFO  server.RaftServerConfigKeys (ConfUtils.java:logGet(43)) - raft.server.log.segment.cache.num.max = 2 (custom)
2019-09-24 10:14:02,214 [pool-429-thread-1] INFO  server.RaftServerConfigKeys (ConfUtils.java:logGet(43)) - raft.server.log.use.memory = false (default)
2019-09-24 10:14:02,215 [pool-419-thread-1] INFO  segmented.SegmentedRaftLogWorker (SegmentedRaftLogWorker.java:<init>(172)) - new cf71df45-b016-41f8-9b9b-982faefd7fda@group-F07334A61175-SegmentedRaftLogWorker for RaftStorage:Storage Directory /workdir/hadoop-ozone/integration-test/target/test-dir/MiniOzoneClusterImpl-6e222164-f983-4504-86c8-7ced57a751c7/datanode-1/data/ratis/32b10c15-7fd6-4d2a-9e1c-f07334a61175
2019-09-24 10:14:02,215 [pool-409-thread-1] INFO  server.RaftServerConfigKeys (ConfUtils.java:logGet(43)) - raft.server.log.purge.gap = 1000000 (custom)
2019-09-24 10:14:02,215 [pool-419-thread-1] INFO  server.RaftServerConfigKeys (ConfUtils.java:logGet(43)) - raft.server.log.queue.byte-limit = 2147483647 (custom)
2019-09-24 10:14:02,215 [pool-429-thread-1] INFO  server.RaftServerConfigKeys (ConfUtils.java:logGet(43)) - raft.server.log.purge.gap = 1000000 (custom)
2019-09-24 10:14:02,215 [pool-419-thread-1] INFO  server.RaftServerConfigKeys (ConfUtils.java:logGet(43)) - raft.server.log.queue.element-limit = 1024 (custom)
2019-09-24 10:14:02,215 [pool-409-thread-1] INFO  server.RaftServerConfigKeys (ConfUtils.java:logGet(43)) - raft.server.log.appender.buffer.byte-limit = 33554432 (custom)
2019-09-24 10:14:02,216 [pool-419-thread-1] INFO  server.RaftServerConfigKeys (ConfUtils.java:logGet(43)) - raft.server.log.segment.size.max = 1048576 (custom)
2019-09-24 10:14:02,216 [pool-419-thread-1] INFO  server.RaftServerConfigKeys (ConfUtils.java:logGet(43)) - raft.server.log.preallocated.size = 16384 (custom)
2019-09-24 10:14:02,215 [pool-429-thread-1] INFO  server.RaftServerConfigKeys (ConfUtils.java:logGet(43)) - raft.server.log.appender.buffer.byte-limit = 33554432 (custom)
2019-09-24 10:14:02,216 [pool-419-thread-1] INFO  server.RaftServerConfigKeys (ConfUtils.java:logGet(43)) - raft.server.log.write.buffer.size = 33554432 (custom)
2019-09-24 10:14:02,216 [pool-409-thread-1] INFO  server.RaftServerConfigKeys (ConfUtils.java:logGet(43)) - raft.server.log.segment.size.max = 1048576 (custom)
2019-09-24 10:14:02,216 [pool-419-thread-1] INFO  server.RaftServerConfigKeys (ConfUtils.java:logGet(43)) - raft.server.log.force.sync.num = 128 (default)
2019-09-24 10:14:02,216 [pool-429-thread-1] INFO  server.RaftServerConfigKeys (ConfUtils.java:logGet(43)) - raft.server.log.segment.size.max = 1048576 (custom)
2019-09-24 10:14:02,217 [pool-419-thread-1] INFO  server.RaftServerConfigKeys (ConfUtils.java:logGet(43)) - raft.server.log.statemachine.data.sync = true (default)
2019-09-24 10:14:02,216 [pool-409-thread-1] INFO  server.RaftServerConfigKeys (ConfUtils.java:logGet(43)) - raft.server.log.segment.cache.num.max = 2 (custom)
2019-09-24 10:14:02,217 [pool-419-thread-1] INFO  server.RaftServerConfigKeys (ConfUtils.java:logGet(43)) - raft.server.log.statemachine.data.sync.timeout = 10s (default)
2019-09-24 10:14:02,217 [pool-429-thread-1] INFO  server.RaftServerConfigKeys (ConfUtils.java:logGet(43)) - raft.server.log.segment.cache.num.max = 2 (custom)
2019-09-24 10:14:02,217 [pool-419-thread-1] INFO  server.RaftServerConfigKeys (ConfUtils.java:logGet(43)) - raft.server.log.statemachine.data.sync.timeout.retry = -1 (default)
2019-09-24 10:14:02,217 [pool-409-thread-1] INFO  segmented.SegmentedRaftLogWorker (SegmentedRaftLogWorker.java:<init>(172)) - new b86aa6c7-3dbe-40f9-b91b-7e4f8c702e5b@group-F07334A61175-SegmentedRaftLogWorker for RaftStorage:Storage Directory /workdir/hadoop-ozone/integration-test/target/test-dir/MiniOzoneClusterImpl-6e222164-f983-4504-86c8-7ced57a751c7/datanode-0/data/ratis/32b10c15-7fd6-4d2a-9e1c-f07334a61175
2019-09-24 10:14:02,218 [pool-419-thread-1] INFO  server.RaftServerConfigKeys (ConfUtils.java:logGet(43)) - raft.server.log.statemachine.data.caching.enabled = true (custom)
2019-09-24 10:14:02,217 [pool-429-thread-1] INFO  segmented.SegmentedRaftLogWorker (SegmentedRaftLogWorker.java:<init>(172)) - new 4b136bd6-92d7-47bb-9276-71c0b5ae5f48@group-F07334A61175-SegmentedRaftLogWorker for RaftStorage:Storage Directory /workdir/hadoop-ozone/integration-test/target/test-dir/MiniOzoneClusterImpl-6e222164-f983-4504-86c8-7ced57a751c7/datanode-2/data/ratis/32b10c15-7fd6-4d2a-9e1c-f07334a61175
2019-09-24 10:14:02,218 [pool-409-thread-1] INFO  server.RaftServerConfigKeys (ConfUtils.java:logGet(43)) - raft.server.log.queue.byte-limit = 2147483647 (custom)
2019-09-24 10:14:02,218 [pool-419-thread-1] INFO  segmented.SegmentedRaftLogWorker (SegmentedRaftLogWorker.java:lambda$new$0(132)) - cf71df45-b016-41f8-9b9b-982faefd7fda@group-F07334A61175-SegmentedRaftLogWorker: flushIndex: setUnconditionally 0 -> -1
2019-09-24 10:14:02,218 [pool-429-thread-1] INFO  server.RaftServerConfigKeys (ConfUtils.java:logGet(43)) - raft.server.log.queue.byte-limit = 2147483647 (custom)
2019-09-24 10:14:02,218 [pool-409-thread-1] INFO  server.RaftServerConfigKeys (ConfUtils.java:logGet(43)) - raft.server.log.queue.element-limit = 1024 (custom)
2019-09-24 10:14:02,218 [pool-419-thread-1] INFO  server.RaftServerConfigKeys (ConfUtils.java:logGet(43)) - raft.server.snapshot.auto.trigger.enabled = true (custom)
2019-09-24 10:14:02,218 [pool-429-thread-1] INFO  server.RaftServerConfigKeys (ConfUtils.java:logGet(43)) - raft.server.log.queue.element-limit = 1024 (custom)
2019-09-24 10:14:02,219 [pool-419-thread-1] INFO  server.RaftServerConfigKeys (ConfUtils.java:logGet(43)) - raft.server.snapshot.auto.trigger.threshold = 10000 (custom)
2019-09-24 10:14:02,219 [pool-409-thread-1] INFO  server.RaftServerConfigKeys (ConfUtils.java:logGet(43)) - raft.server.log.segment.size.max = 1048576 (custom)
2019-09-24 10:14:02,219 [pool-419-thread-1] INFO  server.RaftServerConfigKeys (ConfUtils.java:logGet(43)) - raft.server.snapshot.retention.num.files = 5 (custom)
2019-09-24 10:14:02,219 [pool-429-thread-1] INFO  server.RaftServerConfigKeys (ConfUtils.java:logGet(43)) - raft.server.log.segment.size.max = 1048576 (custom)
2019-09-24 10:14:02,219 [pool-419-thread-1] INFO  server.RaftServerConfigKeys (ConfUtils.java:logGet(43)) - raft.server.retrycache.expirytime = 600000ms (custom)
2019-09-24 10:14:02,219 [pool-409-thread-1] INFO  server.RaftServerConfigKeys (ConfUtils.java:logGet(43)) - raft.server.log.preallocated.size = 16384 (custom)
2019-09-24 10:14:02,219 [pool-429-thread-1] INFO  server.RaftServerConfigKeys (ConfUtils.java:logGet(43)) - raft.server.log.preallocated.size = 16384 (custom)
2019-09-24 10:14:02,220 [pool-409-thread-1] INFO  server.RaftServerConfigKeys (ConfUtils.java:logGet(43)) - raft.server.log.write.buffer.size = 33554432 (custom)
2019-09-24 10:14:02,220 [pool-429-thread-1] INFO  server.RaftServerConfigKeys (ConfUtils.java:logGet(43)) - raft.server.log.write.buffer.size = 33554432 (custom)
2019-09-24 10:14:02,220 [pool-409-thread-1] INFO  server.RaftServerConfigKeys (ConfUtils.java:logGet(43)) - raft.server.log.force.sync.num = 128 (default)
2019-09-24 10:14:02,220 [pool-429-thread-1] INFO  server.RaftServerConfigKeys (ConfUtils.java:logGet(43)) - raft.server.log.force.sync.num = 128 (default)
2019-09-24 10:14:02,220 [pool-409-thread-1] INFO  server.RaftServerConfigKeys (ConfUtils.java:logGet(43)) - raft.server.log.statemachine.data.sync = true (default)
2019-09-24 10:14:02,220 [pool-429-thread-1] INFO  server.RaftServerConfigKeys (ConfUtils.java:logGet(43)) - raft.server.log.statemachine.data.sync = true (default)
2019-09-24 10:14:02,220 [pool-409-thread-1] INFO  server.RaftServerConfigKeys (ConfUtils.java:logGet(43)) - raft.server.log.statemachine.data.sync.timeout = 10s (default)
2019-09-24 10:14:02,220 [pool-429-thread-1] INFO  server.RaftServerConfigKeys (ConfUtils.java:logGet(43)) - raft.server.log.statemachine.data.sync.timeout = 10s (default)
2019-09-24 10:14:02,221 [pool-409-thread-1] INFO  server.RaftServerConfigKeys (ConfUtils.java:logGet(43)) - raft.server.log.statemachine.data.sync.timeout.retry = -1 (default)
2019-09-24 10:14:02,221 [pool-429-thread-1] INFO  server.RaftServerConfigKeys (ConfUtils.java:logGet(43)) - raft.server.log.statemachine.data.sync.timeout.retry = -1 (default)
2019-09-24 10:14:02,221 [pool-409-thread-1] INFO  server.RaftServerConfigKeys (ConfUtils.java:logGet(43)) - raft.server.log.statemachine.data.caching.enabled = true (custom)
2019-09-24 10:14:02,221 [pool-419-thread-1] INFO  impl.RaftServerImpl (RaftServerImpl.java:start(185)) - cf71df45-b016-41f8-9b9b-982faefd7fda@group-F07334A61175: start as a follower, conf=-1: [4b136bd6-92d7-47bb-9276-71c0b5ae5f48:192.168.151.86:41495, cf71df45-b016-41f8-9b9b-982faefd7fda:192.168.151.86:45257, b86aa6c7-3dbe-40f9-b91b-7e4f8c702e5b:192.168.151.86:43305], old=null
2019-09-24 10:14:02,221 [pool-429-thread-1] INFO  server.RaftServerConfigKeys (ConfUtils.java:logGet(43)) - raft.server.log.statemachine.data.caching.enabled = true (custom)
2019-09-24 10:14:02,221 [pool-409-thread-1] INFO  segmented.SegmentedRaftLogWorker (SegmentedRaftLogWorker.java:lambda$new$0(132)) - b86aa6c7-3dbe-40f9-b91b-7e4f8c702e5b@group-F07334A61175-SegmentedRaftLogWorker: flushIndex: setUnconditionally 0 -> -1
2019-09-24 10:14:02,221 [pool-419-thread-1] INFO  impl.RaftServerImpl (RaftServerImpl.java:setRole(174)) - cf71df45-b016-41f8-9b9b-982faefd7fda@group-F07334A61175: changes role from      null to FOLLOWER at term 0 for startAsFollower
2019-09-24 10:14:02,222 [pool-429-thread-1] INFO  segmented.SegmentedRaftLogWorker (SegmentedRaftLogWorker.java:lambda$new$0(132)) - 4b136bd6-92d7-47bb-9276-71c0b5ae5f48@group-F07334A61175-SegmentedRaftLogWorker: flushIndex: setUnconditionally 0 -> -1
2019-09-24 10:14:02,222 [pool-409-thread-1] INFO  server.RaftServerConfigKeys (ConfUtils.java:logGet(43)) - raft.server.snapshot.auto.trigger.enabled = true (custom)
2019-09-24 10:14:02,222 [pool-419-thread-1] INFO  impl.RoleInfo (RoleInfo.java:updateAndGet(143)) - cf71df45-b016-41f8-9b9b-982faefd7fda: start FollowerState
2019-09-24 10:14:02,222 [pool-409-thread-1] INFO  server.RaftServerConfigKeys (ConfUtils.java:logGet(43)) - raft.server.snapshot.auto.trigger.threshold = 10000 (custom)
2019-09-24 10:14:02,222 [pool-429-thread-1] INFO  server.RaftServerConfigKeys (ConfUtils.java:logGet(43)) - raft.server.snapshot.auto.trigger.enabled = true (custom)
2019-09-24 10:14:02,222 [pool-409-thread-1] INFO  server.RaftServerConfigKeys (ConfUtils.java:logGet(43)) - raft.server.snapshot.retention.num.files = 5 (custom)
2019-09-24 10:14:02,234 [pool-419-thread-1] INFO  util.JmxRegister (JmxRegister.java:tryRegister(44)) - Successfully registered JMX Bean with object name Ratis:service=RaftServer,group=group-F07334A61175,id=cf71df45-b016-41f8-9b9b-982faefd7fda
2019-09-24 10:14:02,234 [pool-409-thread-1] INFO  server.RaftServerConfigKeys (ConfUtils.java:logGet(43)) - raft.server.retrycache.expirytime = 600000ms (custom)
2019-09-24 10:14:02,234 [pool-429-thread-1] INFO  server.RaftServerConfigKeys (ConfUtils.java:logGet(43)) - raft.server.snapshot.auto.trigger.threshold = 10000 (custom)
2019-09-24 10:14:02,235 [pool-429-thread-1] INFO  server.RaftServerConfigKeys (ConfUtils.java:logGet(43)) - raft.server.snapshot.retention.num.files = 5 (custom)
2019-09-24 10:14:02,242 [pool-429-thread-1] INFO  server.RaftServerConfigKeys (ConfUtils.java:logGet(43)) - raft.server.retrycache.expirytime = 600000ms (custom)
2019-09-24 10:14:02,247 [pool-409-thread-1] INFO  impl.RaftServerImpl (RaftServerImpl.java:start(185)) - b86aa6c7-3dbe-40f9-b91b-7e4f8c702e5b@group-F07334A61175: start as a follower, conf=-1: [4b136bd6-92d7-47bb-9276-71c0b5ae5f48:192.168.151.86:41495, cf71df45-b016-41f8-9b9b-982faefd7fda:192.168.151.86:45257, b86aa6c7-3dbe-40f9-b91b-7e4f8c702e5b:192.168.151.86:43305], old=null
2019-09-24 10:14:02,248 [pool-409-thread-1] INFO  impl.RaftServerImpl (RaftServerImpl.java:setRole(174)) - b86aa6c7-3dbe-40f9-b91b-7e4f8c702e5b@group-F07334A61175: changes role from      null to FOLLOWER at term 0 for startAsFollower
2019-09-24 10:14:02,248 [pool-429-thread-1] INFO  impl.RaftServerImpl (RaftServerImpl.java:start(185)) - 4b136bd6-92d7-47bb-9276-71c0b5ae5f48@group-F07334A61175: start as a follower, conf=-1: [4b136bd6-92d7-47bb-9276-71c0b5ae5f48:192.168.151.86:41495, cf71df45-b016-41f8-9b9b-982faefd7fda:192.168.151.86:45257, b86aa6c7-3dbe-40f9-b91b-7e4f8c702e5b:192.168.151.86:43305], old=null
2019-09-24 10:14:02,248 [pool-409-thread-1] INFO  impl.RoleInfo (RoleInfo.java:updateAndGet(143)) - b86aa6c7-3dbe-40f9-b91b-7e4f8c702e5b: start FollowerState
2019-09-24 10:14:02,248 [pool-429-thread-1] INFO  impl.RaftServerImpl (RaftServerImpl.java:setRole(174)) - 4b136bd6-92d7-47bb-9276-71c0b5ae5f48@group-F07334A61175: changes role from      null to FOLLOWER at term 0 for startAsFollower
2019-09-24 10:14:02,248 [pool-429-thread-1] INFO  impl.RoleInfo (RoleInfo.java:updateAndGet(143)) - 4b136bd6-92d7-47bb-9276-71c0b5ae5f48: start FollowerState
2019-09-24 10:14:02,248 [pool-409-thread-1] INFO  util.JmxRegister (JmxRegister.java:tryRegister(44)) - Successfully registered JMX Bean with object name Ratis:service=RaftServer,group=group-F07334A61175,id=b86aa6c7-3dbe-40f9-b91b-7e4f8c702e5b
2019-09-24 10:14:02,249 [pool-429-thread-1] INFO  util.JmxRegister (JmxRegister.java:tryRegister(44)) - Successfully registered JMX Bean with object name Ratis:service=RaftServer,group=group-F07334A61175,id=4b136bd6-92d7-47bb-9276-71c0b5ae5f48
2019-09-24 10:14:02,256 [RatisPipelineUtilsThread] INFO  pipeline.PipelineStateManager (PipelineStateManager.java:addPipeline(56)) - Created pipeline Pipeline[ Id: 32b10c15-7fd6-4d2a-9e1c-f07334a61175, Nodes: b86aa6c7-3dbe-40f9-b91b-7e4f8c702e5b{ip: 192.168.151.86, host: pr-hdds-2167-zx9qf-3539961911, networkLocation: /default-rack, certSerialId: null}cf71df45-b016-41f8-9b9b-982faefd7fda{ip: 192.168.151.86, host: pr-hdds-2167-zx9qf-3539961911, networkLocation: /default-rack, certSerialId: null}4b136bd6-92d7-47bb-9276-71c0b5ae5f48{ip: 192.168.151.86, host: pr-hdds-2167-zx9qf-3539961911, networkLocation: /default-rack, certSerialId: null}, Type:RATIS, Factor:THREE, State:OPEN]
2019-09-24 10:14:02,258 [IPC Server handler 5 on 36590] INFO  net.NetworkTopology (NetworkTopologyImpl.java:add(111)) - Added a new node: /default-rack/ca834742-0914-4d68-a49d-04c1c4eb314f
2019-09-24 10:14:02,258 [IPC Server handler 5 on 36590] INFO  node.SCMNodeManager (SCMNodeManager.java:register(266)) - Registered Data node : ca834742-0914-4d68-a49d-04c1c4eb314f{ip: 192.168.151.86, host: pr-hdds-2167-zx9qf-3539961911, networkLocation: /default-rack, certSerialId: null}
2019-09-24 10:14:02,347 [IPC Server handler 6 on 36590] INFO  net.NetworkTopology (NetworkTopologyImpl.java:add(111)) - Added a new node: /default-rack/df23de65-1753-4a96-89f5-61d98b5b33f2
2019-09-24 10:14:02,350 [IPC Server handler 6 on 36590] INFO  node.SCMNodeManager (SCMNodeManager.java:register(266)) - Registered Data node : df23de65-1753-4a96-89f5-61d98b5b33f2{ip: 192.168.151.86, host: pr-hdds-2167-zx9qf-3539961911, networkLocation: /default-rack, certSerialId: null}
2019-09-24 10:14:02,359 [grpc-default-executor-8] INFO  impl.RaftServerProxy (RaftServerProxy.java:addNew(89)) - 6a7af362-491e-49cd-b30f-2f9aa366d0e8: addNew group-18D592EB57FB:[6a7af362-491e-49cd-b30f-2f9aa366d0e8:192.168.151.86:42953] returns group-18D592EB57FB:java.util.concurrent.CompletableFuture@353fc3b6[Not completed]
2019-09-24 10:14:02,361 [pool-439-thread-1] INFO  impl.RaftServerImpl (RaftServerImpl.java:<init>(95)) - 6a7af362-491e-49cd-b30f-2f9aa366d0e8: new RaftServerImpl for group-18D592EB57FB:[6a7af362-491e-49cd-b30f-2f9aa366d0e8:192.168.151.86:42953] with ContainerStateMachine:uninitialized
2019-09-24 10:14:02,361 [pool-439-thread-1] INFO  server.RaftServerConfigKeys (ConfUtils.java:logGet(43)) - raft.server.rpc.timeout.min = 5s (custom)
2019-09-24 10:14:02,361 [pool-439-thread-1] INFO  server.RaftServerConfigKeys (ConfUtils.java:logGet(43)) - raft.server.rpc.timeout.max = 5200ms (custom)
2019-09-24 10:14:02,361 [pool-439-thread-1] INFO  server.RaftServerConfigKeys (ConfUtils.java:logGet(43)) - raft.server.rpcslowness.timeout = 120s (custom)
2019-09-24 10:14:02,362 [pool-439-thread-1] INFO  server.RaftServerConfigKeys (ConfUtils.java:logGet(43)) - raft.server.sleep.deviation.threshold = 300 (default)
2019-09-24 10:14:02,362 [pool-439-thread-1] INFO  server.RaftServerConfigKeys (ConfUtils.java:logGet(43)) - raft.server.log.appender.install.snapshot.enabled = false (custom)
2019-09-24 10:14:02,362 [pool-439-thread-1] INFO  impl.RaftServerImpl (ServerState.java:<init>(103)) - 6a7af362-491e-49cd-b30f-2f9aa366d0e8@group-18D592EB57FB: ConfigurationManager, init=-1: [6a7af362-491e-49cd-b30f-2f9aa366d0e8:192.168.151.86:42953], old=null, confs=<EMPTY_MAP>
2019-09-24 10:14:02,362 [pool-439-thread-1] INFO  server.RaftServerConfigKeys (ConfUtils.java:logGet(43)) - raft.server.storage.dir = [/workdir/hadoop-ozone/integration-test/target/test-dir/MiniOzoneClusterImpl-6e222164-f983-4504-86c8-7ced57a751c7/datanode-3/data/ratis] (custom)
2019-09-24 10:14:02,363 [pool-439-thread-1] INFO  storage.RaftStorageDirectory (RaftStorageDirectory.java:analyzeStorage(246)) - The storage directory /workdir/hadoop-ozone/integration-test/target/test-dir/MiniOzoneClusterImpl-6e222164-f983-4504-86c8-7ced57a751c7/datanode-3/data/ratis/32d32828-4484-4c3c-88f8-18d592eb57fb does not exist. Creating ...
2019-09-24 10:14:02,387 [pool-439-thread-1] INFO  storage.RaftStorageDirectory (RaftStorageDirectory.java:tryLock(328)) - Lock on /workdir/hadoop-ozone/integration-test/target/test-dir/MiniOzoneClusterImpl-6e222164-f983-4504-86c8-7ced57a751c7/datanode-3/data/ratis/32d32828-4484-4c3c-88f8-18d592eb57fb/in_use.lock acquired by nodename 21292@pr-hdds-2167-zx9qf-3539961911
2019-09-24 10:14:02,400 [pool-439-thread-1] INFO  storage.RaftStorage (RaftStorage.java:format(72)) - Storage directory /workdir/hadoop-ozone/integration-test/target/test-dir/MiniOzoneClusterImpl-6e222164-f983-4504-86c8-7ced57a751c7/datanode-3/data/ratis/32d32828-4484-4c3c-88f8-18d592eb57fb has been successfully formatted.
2019-09-24 10:14:02,400 [pool-439-thread-1] INFO  ratis.ContainerStateMachine (ContainerStateMachine.java:loadSnapshot(230)) - group-18D592EB57FB: The snapshot info is null. Setting the last applied indexto:(t:0, i:~)
2019-09-24 10:14:02,400 [pool-439-thread-1] INFO  server.RaftServerConfigKeys (ConfUtils.java:logGet(43)) - raft.server.notification.no-leader.timeout = 120s (custom)
2019-09-24 10:14:02,400 [pool-439-thread-1] INFO  server.RaftServerConfigKeys (ConfUtils.java:logGet(43)) - raft.server.log.use.memory = false (default)
2019-09-24 10:14:02,401 [pool-439-thread-1] INFO  server.RaftServerConfigKeys (ConfUtils.java:logGet(43)) - raft.server.log.purge.gap = 1000000 (custom)
2019-09-24 10:14:02,401 [pool-439-thread-1] INFO  server.RaftServerConfigKeys (ConfUtils.java:logGet(43)) - raft.server.log.appender.buffer.byte-limit = 33554432 (custom)
2019-09-24 10:14:02,401 [pool-439-thread-1] INFO  server.RaftServerConfigKeys (ConfUtils.java:logGet(43)) - raft.server.log.segment.size.max = 1048576 (custom)
2019-09-24 10:14:02,401 [pool-439-thread-1] INFO  server.RaftServerConfigKeys (ConfUtils.java:logGet(43)) - raft.server.log.segment.cache.num.max = 2 (custom)
2019-09-24 10:14:02,401 [pool-439-thread-1] INFO  segmented.SegmentedRaftLogWorker (SegmentedRaftLogWorker.java:<init>(172)) - new 6a7af362-491e-49cd-b30f-2f9aa366d0e8@group-18D592EB57FB-SegmentedRaftLogWorker for RaftStorage:Storage Directory /workdir/hadoop-ozone/integration-test/target/test-dir/MiniOzoneClusterImpl-6e222164-f983-4504-86c8-7ced57a751c7/datanode-3/data/ratis/32d32828-4484-4c3c-88f8-18d592eb57fb
2019-09-24 10:14:02,403 [pool-439-thread-1] INFO  server.RaftServerConfigKeys (ConfUtils.java:logGet(43)) - raft.server.log.queue.byte-limit = 2147483647 (custom)
2019-09-24 10:14:02,403 [pool-439-thread-1] INFO  server.RaftServerConfigKeys (ConfUtils.java:logGet(43)) - raft.server.log.queue.element-limit = 1024 (custom)
2019-09-24 10:14:02,403 [pool-439-thread-1] INFO  server.RaftServerConfigKeys (ConfUtils.java:logGet(43)) - raft.server.log.segment.size.max = 1048576 (custom)
2019-09-24 10:14:02,403 [pool-439-thread-1] INFO  server.RaftServerConfigKeys (ConfUtils.java:logGet(43)) - raft.server.log.preallocated.size = 16384 (custom)
2019-09-24 10:14:02,404 [pool-439-thread-1] INFO  server.RaftServerConfigKeys (ConfUtils.java:logGet(43)) - raft.server.log.write.buffer.size = 33554432 (custom)
2019-09-24 10:14:02,404 [pool-439-thread-1] INFO  server.RaftServerConfigKeys (ConfUtils.java:logGet(43)) - raft.server.log.force.sync.num = 128 (default)
2019-09-24 10:14:02,404 [pool-439-thread-1] INFO  server.RaftServerConfigKeys (ConfUtils.java:logGet(43)) - raft.server.log.statemachine.data.sync = true (default)
2019-09-24 10:14:02,404 [pool-439-thread-1] INFO  server.RaftServerConfigKeys (ConfUtils.java:logGet(43)) - raft.server.log.statemachine.data.sync.timeout = 10s (default)
2019-09-24 10:14:02,404 [pool-439-thread-1] INFO  server.RaftServerConfigKeys (ConfUtils.java:logGet(43)) - raft.server.log.statemachine.data.sync.timeout.retry = -1 (default)
2019-09-24 10:14:02,405 [pool-439-thread-1] INFO  server.RaftServerConfigKeys (ConfUtils.java:logGet(43)) - raft.server.log.statemachine.data.caching.enabled = true (custom)
2019-09-24 10:14:02,405 [pool-439-thread-1] INFO  segmented.SegmentedRaftLogWorker (SegmentedRaftLogWorker.java:lambda$new$0(132)) - 6a7af362-491e-49cd-b30f-2f9aa366d0e8@group-18D592EB57FB-SegmentedRaftLogWorker: flushIndex: setUnconditionally 0 -> -1
2019-09-24 10:14:02,405 [pool-439-thread-1] INFO  server.RaftServerConfigKeys (ConfUtils.java:logGet(43)) - raft.server.snapshot.auto.trigger.enabled = true (custom)
2019-09-24 10:14:02,405 [pool-439-thread-1] INFO  server.RaftServerConfigKeys (ConfUtils.java:logGet(43)) - raft.server.snapshot.auto.trigger.threshold = 10000 (custom)
2019-09-24 10:14:02,406 [pool-439-thread-1] INFO  server.RaftServerConfigKeys (ConfUtils.java:logGet(43)) - raft.server.snapshot.retention.num.files = 5 (custom)
2019-09-24 10:14:02,406 [pool-439-thread-1] INFO  server.RaftServerConfigKeys (ConfUtils.java:logGet(43)) - raft.server.retrycache.expirytime = 600000ms (custom)
2019-09-24 10:14:02,408 [pool-439-thread-1] INFO  impl.RaftServerImpl (RaftServerImpl.java:start(185)) - 6a7af362-491e-49cd-b30f-2f9aa366d0e8@group-18D592EB57FB: start as a follower, conf=-1: [6a7af362-491e-49cd-b30f-2f9aa366d0e8:192.168.151.86:42953], old=null
2019-09-24 10:14:02,408 [pool-439-thread-1] INFO  impl.RaftServerImpl (RaftServerImpl.java:setRole(174)) - 6a7af362-491e-49cd-b30f-2f9aa366d0e8@group-18D592EB57FB: changes role from      null to FOLLOWER at term 0 for startAsFollower
2019-09-24 10:14:02,408 [pool-439-thread-1] INFO  impl.RoleInfo (RoleInfo.java:updateAndGet(143)) - 6a7af362-491e-49cd-b30f-2f9aa366d0e8: start FollowerState
2019-09-24 10:14:02,408 [pool-439-thread-1] INFO  util.JmxRegister (JmxRegister.java:tryRegister(44)) - Successfully registered JMX Bean with object name Ratis:service=RaftServer,group=group-18D592EB57FB,id=6a7af362-491e-49cd-b30f-2f9aa366d0e8
2019-09-24 10:14:02,413 [RatisPipelineUtilsThread] INFO  pipeline.PipelineStateManager (PipelineStateManager.java:addPipeline(56)) - Created pipeline Pipeline[ Id: 32d32828-4484-4c3c-88f8-18d592eb57fb, Nodes: 6a7af362-491e-49cd-b30f-2f9aa366d0e8{ip: 192.168.151.86, host: pr-hdds-2167-zx9qf-3539961911, networkLocation: /default-rack, certSerialId: null}, Type:RATIS, Factor:ONE, State:OPEN]
2019-09-24 10:14:02,421 [grpc-default-executor-8] INFO  impl.RaftServerProxy (RaftServerProxy.java:addNew(89)) - ca834742-0914-4d68-a49d-04c1c4eb314f: addNew group-A59842B64ADB:[ca834742-0914-4d68-a49d-04c1c4eb314f:192.168.151.86:46285] returns group-A59842B64ADB:java.util.concurrent.CompletableFuture@75c87aed[Not completed]
2019-09-24 10:14:02,423 [pool-449-thread-1] INFO  impl.RaftServerImpl (RaftServerImpl.java:<init>(95)) - ca834742-0914-4d68-a49d-04c1c4eb314f: new RaftServerImpl for group-A59842B64ADB:[ca834742-0914-4d68-a49d-04c1c4eb314f:192.168.151.86:46285] with ContainerStateMachine:uninitialized
2019-09-24 10:14:02,423 [pool-449-thread-1] INFO  server.RaftServerConfigKeys (ConfUtils.java:logGet(43)) - raft.server.rpc.timeout.min = 5s (custom)
2019-09-24 10:14:02,423 [pool-449-thread-1] INFO  server.RaftServerConfigKeys (ConfUtils.java:logGet(43)) - raft.server.rpc.timeout.max = 5200ms (custom)
2019-09-24 10:14:02,423 [pool-449-thread-1] INFO  server.RaftServerConfigKeys (ConfUtils.java:logGet(43)) - raft.server.rpcslowness.timeout = 120s (custom)
2019-09-24 10:14:02,423 [pool-449-thread-1] INFO  server.RaftServerConfigKeys (ConfUtils.java:logGet(43)) - raft.server.sleep.deviation.threshold = 300 (default)
2019-09-24 10:14:02,423 [pool-449-thread-1] INFO  server.RaftServerConfigKeys (ConfUtils.java:logGet(43)) - raft.server.log.appender.install.snapshot.enabled = false (custom)
2019-09-24 10:14:02,423 [pool-449-thread-1] INFO  impl.RaftServerImpl (ServerState.java:<init>(103)) - ca834742-0914-4d68-a49d-04c1c4eb314f@group-A59842B64ADB: ConfigurationManager, init=-1: [ca834742-0914-4d68-a49d-04c1c4eb314f:192.168.151.86:46285], old=null, confs=<EMPTY_MAP>
2019-09-24 10:14:02,424 [pool-449-thread-1] INFO  server.RaftServerConfigKeys (ConfUtils.java:logGet(43)) - raft.server.storage.dir = [/workdir/hadoop-ozone/integration-test/target/test-dir/MiniOzoneClusterImpl-6e222164-f983-4504-86c8-7ced57a751c7/datanode-4/data/ratis] (custom)
2019-09-24 10:14:02,424 [pool-449-thread-1] INFO  storage.RaftStorageDirectory (RaftStorageDirectory.java:analyzeStorage(246)) - The storage directory /workdir/hadoop-ozone/integration-test/target/test-dir/MiniOzoneClusterImpl-6e222164-f983-4504-86c8-7ced57a751c7/datanode-4/data/ratis/ebc07516-96c8-4f4f-b7fa-a59842b64adb does not exist. Creating ...
2019-09-24 10:14:02,438 [pool-449-thread-1] INFO  storage.RaftStorageDirectory (RaftStorageDirectory.java:tryLock(328)) - Lock on /workdir/hadoop-ozone/integration-test/target/test-dir/MiniOzoneClusterImpl-6e222164-f983-4504-86c8-7ced57a751c7/datanode-4/data/ratis/ebc07516-96c8-4f4f-b7fa-a59842b64adb/in_use.lock acquired by nodename 21292@pr-hdds-2167-zx9qf-3539961911
2019-09-24 10:14:02,442 [IPC Server handler 0 on 36590] INFO  net.NetworkTopology (NetworkTopologyImpl.java:add(111)) - Added a new node: /default-rack/e8ee721d-c47f-4ec8-9e06-9f61dddfbf75
2019-09-24 10:14:02,442 [main] INFO  ozone.MiniOzoneClusterImpl (MiniOzoneClusterImpl.java:lambda$waitForClusterToBeReady$0(147)) - Cluster is ready. Got 7 of 7 DN Heartbeats.
2019-09-24 10:14:02,442 [IPC Server handler 0 on 36590] INFO  node.SCMNodeManager (SCMNodeManager.java:register(266)) - Registered Data node : e8ee721d-c47f-4ec8-9e06-9f61dddfbf75{ip: 192.168.151.86, host: pr-hdds-2167-zx9qf-3539961911, networkLocation: /default-rack, certSerialId: null}
2019-09-24 10:14:02,454 [pool-449-thread-1] INFO  storage.RaftStorage (RaftStorage.java:format(72)) - Storage directory /workdir/hadoop-ozone/integration-test/target/test-dir/MiniOzoneClusterImpl-6e222164-f983-4504-86c8-7ced57a751c7/datanode-4/data/ratis/ebc07516-96c8-4f4f-b7fa-a59842b64adb has been successfully formatted.
2019-09-24 10:14:02,454 [pool-449-thread-1] INFO  ratis.ContainerStateMachine (ContainerStateMachine.java:loadSnapshot(230)) - group-A59842B64ADB: The snapshot info is null. Setting the last applied indexto:(t:0, i:~)
2019-09-24 10:14:02,455 [pool-449-thread-1] INFO  server.RaftServerConfigKeys (ConfUtils.java:logGet(43)) - raft.server.notification.no-leader.timeout = 120s (custom)
2019-09-24 10:14:02,455 [pool-449-thread-1] INFO  server.RaftServerConfigKeys (ConfUtils.java:logGet(43)) - raft.server.log.use.memory = false (default)
2019-09-24 10:14:02,455 [pool-449-thread-1] INFO  server.RaftServerConfigKeys (ConfUtils.java:logGet(43)) - raft.server.log.purge.gap = 1000000 (custom)
2019-09-24 10:14:02,455 [pool-449-thread-1] INFO  server.RaftServerConfigKeys (ConfUtils.java:logGet(43)) - raft.server.log.appender.buffer.byte-limit = 33554432 (custom)
2019-09-24 10:14:02,455 [pool-449-thread-1] INFO  server.RaftServerConfigKeys (ConfUtils.java:logGet(43)) - raft.server.log.segment.size.max = 1048576 (custom)
2019-09-24 10:14:02,455 [pool-449-thread-1] INFO  server.RaftServerConfigKeys (ConfUtils.java:logGet(43)) - raft.server.log.segment.cache.num.max = 2 (custom)
2019-09-24 10:14:02,455 [pool-449-thread-1] INFO  segmented.SegmentedRaftLogWorker (SegmentedRaftLogWorker.java:<init>(172)) - new ca834742-0914-4d68-a49d-04c1c4eb314f@group-A59842B64ADB-SegmentedRaftLogWorker for RaftStorage:Storage Directory /workdir/hadoop-ozone/integration-test/target/test-dir/MiniOzoneClusterImpl-6e222164-f983-4504-86c8-7ced57a751c7/datanode-4/data/ratis/ebc07516-96c8-4f4f-b7fa-a59842b64adb
2019-09-24 10:14:02,459 [pool-449-thread-1] INFO  server.RaftServerConfigKeys (ConfUtils.java:logGet(43)) - raft.server.log.queue.byte-limit = 2147483647 (custom)
2019-09-24 10:14:02,459 [pool-449-thread-1] INFO  server.RaftServerConfigKeys (ConfUtils.java:logGet(43)) - raft.server.log.queue.element-limit = 1024 (custom)
2019-09-24 10:14:02,459 [pool-449-thread-1] INFO  server.RaftServerConfigKeys (ConfUtils.java:logGet(43)) - raft.server.log.segment.size.max = 1048576 (custom)
2019-09-24 10:14:02,459 [pool-449-thread-1] INFO  server.RaftServerConfigKeys (ConfUtils.java:logGet(43)) - raft.server.log.preallocated.size = 16384 (custom)
2019-09-24 10:14:02,460 [pool-449-thread-1] INFO  server.RaftServerConfigKeys (ConfUtils.java:logGet(43)) - raft.server.log.write.buffer.size = 33554432 (custom)
2019-09-24 10:14:02,460 [pool-449-thread-1] INFO  server.RaftServerConfigKeys (ConfUtils.java:logGet(43)) - raft.server.log.force.sync.num = 128 (default)
2019-09-24 10:14:02,460 [pool-449-thread-1] INFO  server.RaftServerConfigKeys (ConfUtils.java:logGet(43)) - raft.server.log.statemachine.data.sync = true (default)
2019-09-24 10:14:02,460 [pool-449-thread-1] INFO  server.RaftServerConfigKeys (ConfUtils.java:logGet(43)) - raft.server.log.statemachine.data.sync.timeout = 10s (default)
2019-09-24 10:14:02,467 [pool-449-thread-1] INFO  server.RaftServerConfigKeys (ConfUtils.java:logGet(43)) - raft.server.log.statemachine.data.sync.timeout.retry = -1 (default)
2019-09-24 10:14:02,477 [pool-449-thread-1] INFO  server.RaftServerConfigKeys (ConfUtils.java:logGet(43)) - raft.server.log.statemachine.data.caching.enabled = true (custom)
2019-09-24 10:14:02,477 [pool-449-thread-1] INFO  segmented.SegmentedRaftLogWorker (SegmentedRaftLogWorker.java:lambda$new$0(132)) - ca834742-0914-4d68-a49d-04c1c4eb314f@group-A59842B64ADB-SegmentedRaftLogWorker: flushIndex: setUnconditionally 0 -> -1
2019-09-24 10:14:02,477 [pool-449-thread-1] INFO  server.RaftServerConfigKeys (ConfUtils.java:logGet(43)) - raft.server.snapshot.auto.trigger.enabled = true (custom)
2019-09-24 10:14:02,477 [pool-449-thread-1] INFO  server.RaftServerConfigKeys (ConfUtils.java:logGet(43)) - raft.server.snapshot.auto.trigger.threshold = 10000 (custom)
2019-09-24 10:14:02,477 [pool-449-thread-1] INFO  server.RaftServerConfigKeys (ConfUtils.java:logGet(43)) - raft.server.snapshot.retention.num.files = 5 (custom)
2019-09-24 10:14:02,478 [pool-449-thread-1] INFO  server.RaftServerConfigKeys (ConfUtils.java:logGet(43)) - raft.server.retrycache.expirytime = 600000ms (custom)
2019-09-24 10:14:02,479 [pool-449-thread-1] INFO  impl.RaftServerImpl (RaftServerImpl.java:start(185)) - ca834742-0914-4d68-a49d-04c1c4eb314f@group-A59842B64ADB: start as a follower, conf=-1: [ca834742-0914-4d68-a49d-04c1c4eb314f:192.168.151.86:46285], old=null
2019-09-24 10:14:02,479 [pool-449-thread-1] INFO  impl.RaftServerImpl (RaftServerImpl.java:setRole(174)) - ca834742-0914-4d68-a49d-04c1c4eb314f@group-A59842B64ADB: changes role from      null to FOLLOWER at term 0 for startAsFollower
2019-09-24 10:14:02,479 [pool-449-thread-1] INFO  impl.RoleInfo (RoleInfo.java:updateAndGet(143)) - ca834742-0914-4d68-a49d-04c1c4eb314f: start FollowerState
2019-09-24 10:14:02,482 [pool-449-thread-1] INFO  util.JmxRegister (JmxRegister.java:tryRegister(44)) - Successfully registered JMX Bean with object name Ratis:service=RaftServer,group=group-A59842B64ADB,id=ca834742-0914-4d68-a49d-04c1c4eb314f
2019-09-24 10:14:02,486 [RatisPipelineUtilsThread] INFO  pipeline.PipelineStateManager (PipelineStateManager.java:addPipeline(56)) - Created pipeline Pipeline[ Id: ebc07516-96c8-4f4f-b7fa-a59842b64adb, Nodes: ca834742-0914-4d68-a49d-04c1c4eb314f{ip: 192.168.151.86, host: pr-hdds-2167-zx9qf-3539961911, networkLocation: /default-rack, certSerialId: null}, Type:RATIS, Factor:ONE, State:OPEN]
2019-09-24 10:14:02,487 [main] INFO  rpc.RpcClient (RpcClient.java:createVolume(276)) - Creating Volume: testblockoutputstream, with jenkins1000 as owner.
2019-09-24 10:14:02,495 [grpc-default-executor-8] INFO  impl.RaftServerProxy (RaftServerProxy.java:addNew(89)) - df23de65-1753-4a96-89f5-61d98b5b33f2: addNew group-D177E9B2211D:[df23de65-1753-4a96-89f5-61d98b5b33f2:192.168.151.86:44638] returns group-D177E9B2211D:java.util.concurrent.CompletableFuture@3119da7d[Not completed]
2019-09-24 10:14:02,495 [IPC Server handler 3 on 39790] INFO  volume.OMVolumeCreateRequest (OMVolumeCreateRequest.java:validateAndUpdateCache(189)) - created volume:testblockoutputstream for user:jenkins1000
2019-09-24 10:14:02,500 [pool-459-thread-1] INFO  impl.RaftServerImpl (RaftServerImpl.java:<init>(95)) - df23de65-1753-4a96-89f5-61d98b5b33f2: new RaftServerImpl for group-D177E9B2211D:[df23de65-1753-4a96-89f5-61d98b5b33f2:192.168.151.86:44638] with ContainerStateMachine:uninitialized
2019-09-24 10:14:02,500 [pool-459-thread-1] INFO  server.RaftServerConfigKeys (ConfUtils.java:logGet(43)) - raft.server.rpc.timeout.min = 5s (custom)
2019-09-24 10:14:02,500 [pool-459-thread-1] INFO  server.RaftServerConfigKeys (ConfUtils.java:logGet(43)) - raft.server.rpc.timeout.max = 5200ms (custom)
2019-09-24 10:14:02,507 [pool-459-thread-1] INFO  server.RaftServerConfigKeys (ConfUtils.java:logGet(43)) - raft.server.rpcslowness.timeout = 120s (custom)
2019-09-24 10:14:02,507 [pool-459-thread-1] INFO  server.RaftServerConfigKeys (ConfUtils.java:logGet(43)) - raft.server.sleep.deviation.threshold = 300 (default)
2019-09-24 10:14:02,507 [pool-459-thread-1] INFO  server.RaftServerConfigKeys (ConfUtils.java:logGet(43)) - raft.server.log.appender.install.snapshot.enabled = false (custom)
2019-09-24 10:14:02,507 [main] INFO  rpc.RpcClient (RpcClient.java:createBucket(415)) - Creating Bucket: testblockoutputstream/testblockoutputstream, with Versioning false and Storage Type set to DISK and Encryption set to false 
2019-09-24 10:14:02,509 [pool-459-thread-1] INFO  impl.RaftServerImpl (ServerState.java:<init>(103)) - df23de65-1753-4a96-89f5-61d98b5b33f2@group-D177E9B2211D: ConfigurationManager, init=-1: [df23de65-1753-4a96-89f5-61d98b5b33f2:192.168.151.86:44638], old=null, confs=<EMPTY_MAP>
2019-09-24 10:14:02,509 [pool-459-thread-1] INFO  server.RaftServerConfigKeys (ConfUtils.java:logGet(43)) - raft.server.storage.dir = [/workdir/hadoop-ozone/integration-test/target/test-dir/MiniOzoneClusterImpl-6e222164-f983-4504-86c8-7ced57a751c7/datanode-5/data/ratis] (custom)
2019-09-24 10:14:02,510 [pool-459-thread-1] INFO  storage.RaftStorageDirectory (RaftStorageDirectory.java:analyzeStorage(246)) - The storage directory /workdir/hadoop-ozone/integration-test/target/test-dir/MiniOzoneClusterImpl-6e222164-f983-4504-86c8-7ced57a751c7/datanode-5/data/ratis/fad80ffb-15c0-41f1-a4e9-d177e9b2211d does not exist. Creating ...
2019-09-24 10:14:02,523 [pool-459-thread-1] INFO  storage.RaftStorageDirectory (RaftStorageDirectory.java:tryLock(328)) - Lock on /workdir/hadoop-ozone/integration-test/target/test-dir/MiniOzoneClusterImpl-6e222164-f983-4504-86c8-7ced57a751c7/datanode-5/data/ratis/fad80ffb-15c0-41f1-a4e9-d177e9b2211d/in_use.lock acquired by nodename 21292@pr-hdds-2167-zx9qf-3539961911
2019-09-24 10:14:02,544 [pool-459-thread-1] INFO  storage.RaftStorage (RaftStorage.java:format(72)) - Storage directory /workdir/hadoop-ozone/integration-test/target/test-dir/MiniOzoneClusterImpl-6e222164-f983-4504-86c8-7ced57a751c7/datanode-5/data/ratis/fad80ffb-15c0-41f1-a4e9-d177e9b2211d has been successfully formatted.
2019-09-24 10:14:02,544 [pool-459-thread-1] INFO  ratis.ContainerStateMachine (ContainerStateMachine.java:loadSnapshot(230)) - group-D177E9B2211D: The snapshot info is null. Setting the last applied indexto:(t:0, i:~)
2019-09-24 10:14:02,544 [pool-459-thread-1] INFO  server.RaftServerConfigKeys (ConfUtils.java:logGet(43)) - raft.server.notification.no-leader.timeout = 120s (custom)
2019-09-24 10:14:02,544 [pool-459-thread-1] INFO  server.RaftServerConfigKeys (ConfUtils.java:logGet(43)) - raft.server.log.use.memory = false (default)
2019-09-24 10:14:02,545 [pool-459-thread-1] INFO  server.RaftServerConfigKeys (ConfUtils.java:logGet(43)) - raft.server.log.purge.gap = 1000000 (custom)
2019-09-24 10:14:02,545 [pool-459-thread-1] INFO  server.RaftServerConfigKeys (ConfUtils.java:logGet(43)) - raft.server.log.appender.buffer.byte-limit = 33554432 (custom)
2019-09-24 10:14:02,545 [pool-459-thread-1] INFO  server.RaftServerConfigKeys (ConfUtils.java:logGet(43)) - raft.server.log.segment.size.max = 1048576 (custom)
2019-09-24 10:14:02,545 [pool-459-thread-1] INFO  server.RaftServerConfigKeys (ConfUtils.java:logGet(43)) - raft.server.log.segment.cache.num.max = 2 (custom)
2019-09-24 10:14:02,545 [pool-459-thread-1] INFO  segmented.SegmentedRaftLogWorker (SegmentedRaftLogWorker.java:<init>(172)) - new df23de65-1753-4a96-89f5-61d98b5b33f2@group-D177E9B2211D-SegmentedRaftLogWorker for RaftStorage:Storage Directory /workdir/hadoop-ozone/integration-test/target/test-dir/MiniOzoneClusterImpl-6e222164-f983-4504-86c8-7ced57a751c7/datanode-5/data/ratis/fad80ffb-15c0-41f1-a4e9-d177e9b2211d
2019-09-24 10:14:02,547 [pool-459-thread-1] INFO  server.RaftServerConfigKeys (ConfUtils.java:logGet(43)) - raft.server.log.queue.byte-limit = 2147483647 (custom)
2019-09-24 10:14:02,547 [pool-459-thread-1] INFO  server.RaftServerConfigKeys (ConfUtils.java:logGet(43)) - raft.server.log.queue.element-limit = 1024 (custom)
2019-09-24 10:14:02,547 [pool-459-thread-1] INFO  server.RaftServerConfigKeys (ConfUtils.java:logGet(43)) - raft.server.log.segment.size.max = 1048576 (custom)
2019-09-24 10:14:02,547 [pool-459-thread-1] INFO  server.RaftServerConfigKeys (ConfUtils.java:logGet(43)) - raft.server.log.preallocated.size = 16384 (custom)
2019-09-24 10:14:02,547 [pool-459-thread-1] INFO  server.RaftServerConfigKeys (ConfUtils.java:logGet(43)) - raft.server.log.write.buffer.size = 33554432 (custom)
2019-09-24 10:14:02,548 [pool-459-thread-1] INFO  server.RaftServerConfigKeys (ConfUtils.java:logGet(43)) - raft.server.log.force.sync.num = 128 (default)
2019-09-24 10:14:02,548 [pool-459-thread-1] INFO  server.RaftServerConfigKeys (ConfUtils.java:logGet(43)) - raft.server.log.statemachine.data.sync = true (default)
2019-09-24 10:14:02,548 [pool-459-thread-1] INFO  server.RaftServerConfigKeys (ConfUtils.java:logGet(43)) - raft.server.log.statemachine.data.sync.timeout = 10s (default)
2019-09-24 10:14:02,548 [pool-459-thread-1] INFO  server.RaftServerConfigKeys (ConfUtils.java:logGet(43)) - raft.server.log.statemachine.data.sync.timeout.retry = -1 (default)
2019-09-24 10:14:02,548 [pool-459-thread-1] INFO  server.RaftServerConfigKeys (ConfUtils.java:logGet(43)) - raft.server.log.statemachine.data.caching.enabled = true (custom)
2019-09-24 10:14:02,548 [pool-459-thread-1] INFO  segmented.SegmentedRaftLogWorker (SegmentedRaftLogWorker.java:lambda$new$0(132)) - df23de65-1753-4a96-89f5-61d98b5b33f2@group-D177E9B2211D-SegmentedRaftLogWorker: flushIndex: setUnconditionally 0 -> -1
2019-09-24 10:14:02,549 [pool-459-thread-1] INFO  server.RaftServerConfigKeys (ConfUtils.java:logGet(43)) - raft.server.snapshot.auto.trigger.enabled = true (custom)
2019-09-24 10:14:02,549 [pool-459-thread-1] INFO  server.RaftServerConfigKeys (ConfUtils.java:logGet(43)) - raft.server.snapshot.auto.trigger.threshold = 10000 (custom)
2019-09-24 10:14:02,549 [pool-459-thread-1] INFO  server.RaftServerConfigKeys (ConfUtils.java:logGet(43)) - raft.server.snapshot.retention.num.files = 5 (custom)
2019-09-24 10:14:02,549 [pool-459-thread-1] INFO  server.RaftServerConfigKeys (ConfUtils.java:logGet(43)) - raft.server.retrycache.expirytime = 600000ms (custom)
2019-09-24 10:14:02,551 [pool-459-thread-1] INFO  impl.RaftServerImpl (RaftServerImpl.java:start(185)) - df23de65-1753-4a96-89f5-61d98b5b33f2@group-D177E9B2211D: start as a follower, conf=-1: [df23de65-1753-4a96-89f5-61d98b5b33f2:192.168.151.86:44638], old=null
2019-09-24 10:14:02,551 [pool-459-thread-1] INFO  impl.RaftServerImpl (RaftServerImpl.java:setRole(174)) - df23de65-1753-4a96-89f5-61d98b5b33f2@group-D177E9B2211D: changes role from      null to FOLLOWER at term 0 for startAsFollower
2019-09-24 10:14:02,551 [pool-459-thread-1] INFO  impl.RoleInfo (RoleInfo.java:updateAndGet(143)) - df23de65-1753-4a96-89f5-61d98b5b33f2: start FollowerState
2019-09-24 10:14:02,551 [pool-459-thread-1] INFO  util.JmxRegister (JmxRegister.java:tryRegister(44)) - Successfully registered JMX Bean with object name Ratis:service=RaftServer,group=group-D177E9B2211D,id=df23de65-1753-4a96-89f5-61d98b5b33f2
2019-09-24 10:14:02,560 [RatisPipelineUtilsThread] INFO  pipeline.PipelineStateManager (PipelineStateManager.java:addPipeline(56)) - Created pipeline Pipeline[ Id: fad80ffb-15c0-41f1-a4e9-d177e9b2211d, Nodes: df23de65-1753-4a96-89f5-61d98b5b33f2{ip: 192.168.151.86, host: pr-hdds-2167-zx9qf-3539961911, networkLocation: /default-rack, certSerialId: null}, Type:RATIS, Factor:ONE, State:OPEN]
2019-09-24 10:14:02,568 [grpc-default-executor-8] INFO  impl.RaftServerProxy (RaftServerProxy.java:addNew(89)) - e8ee721d-c47f-4ec8-9e06-9f61dddfbf75: addNew group-20EEFD0BC069:[e8ee721d-c47f-4ec8-9e06-9f61dddfbf75:192.168.151.86:42204] returns group-20EEFD0BC069:java.util.concurrent.CompletableFuture@1b3c57bc[Not completed]
2019-09-24 10:14:02,571 [pool-469-thread-1] INFO  impl.RaftServerImpl (RaftServerImpl.java:<init>(95)) - e8ee721d-c47f-4ec8-9e06-9f61dddfbf75: new RaftServerImpl for group-20EEFD0BC069:[e8ee721d-c47f-4ec8-9e06-9f61dddfbf75:192.168.151.86:42204] with ContainerStateMachine:uninitialized
2019-09-24 10:14:02,571 [pool-469-thread-1] INFO  server.RaftServerConfigKeys (ConfUtils.java:logGet(43)) - raft.server.rpc.timeout.min = 5s (custom)
2019-09-24 10:14:02,571 [pool-469-thread-1] INFO  server.RaftServerConfigKeys (ConfUtils.java:logGet(43)) - raft.server.rpc.timeout.max = 5200ms (custom)
2019-09-24 10:14:02,571 [pool-469-thread-1] INFO  server.RaftServerConfigKeys (ConfUtils.java:logGet(43)) - raft.server.rpcslowness.timeout = 120s (custom)
2019-09-24 10:14:02,571 [pool-469-thread-1] INFO  server.RaftServerConfigKeys (ConfUtils.java:logGet(43)) - raft.server.sleep.deviation.threshold = 300 (default)
2019-09-24 10:14:02,571 [pool-469-thread-1] INFO  server.RaftServerConfigKeys (ConfUtils.java:logGet(43)) - raft.server.log.appender.install.snapshot.enabled = false (custom)
2019-09-24 10:14:02,571 [pool-469-thread-1] INFO  impl.RaftServerImpl (ServerState.java:<init>(103)) - e8ee721d-c47f-4ec8-9e06-9f61dddfbf75@group-20EEFD0BC069: ConfigurationManager, init=-1: [e8ee721d-c47f-4ec8-9e06-9f61dddfbf75:192.168.151.86:42204], old=null, confs=<EMPTY_MAP>
2019-09-24 10:14:02,572 [pool-469-thread-1] INFO  server.RaftServerConfigKeys (ConfUtils.java:logGet(43)) - raft.server.storage.dir = [/workdir/hadoop-ozone/integration-test/target/test-dir/MiniOzoneClusterImpl-6e222164-f983-4504-86c8-7ced57a751c7/datanode-6/data/ratis] (custom)
2019-09-24 10:14:02,572 [pool-469-thread-1] INFO  storage.RaftStorageDirectory (RaftStorageDirectory.java:analyzeStorage(246)) - The storage directory /workdir/hadoop-ozone/integration-test/target/test-dir/MiniOzoneClusterImpl-6e222164-f983-4504-86c8-7ced57a751c7/datanode-6/data/ratis/2227e4cf-8461-4456-82c3-20eefd0bc069 does not exist. Creating ...
2019-09-24 10:14:02,585 [pool-469-thread-1] INFO  storage.RaftStorageDirectory (RaftStorageDirectory.java:tryLock(328)) - Lock on /workdir/hadoop-ozone/integration-test/target/test-dir/MiniOzoneClusterImpl-6e222164-f983-4504-86c8-7ced57a751c7/datanode-6/data/ratis/2227e4cf-8461-4456-82c3-20eefd0bc069/in_use.lock acquired by nodename 21292@pr-hdds-2167-zx9qf-3539961911
2019-09-24 10:14:02,598 [pool-469-thread-1] INFO  storage.RaftStorage (RaftStorage.java:format(72)) - Storage directory /workdir/hadoop-ozone/integration-test/target/test-dir/MiniOzoneClusterImpl-6e222164-f983-4504-86c8-7ced57a751c7/datanode-6/data/ratis/2227e4cf-8461-4456-82c3-20eefd0bc069 has been successfully formatted.
2019-09-24 10:14:02,599 [pool-469-thread-1] INFO  ratis.ContainerStateMachine (ContainerStateMachine.java:loadSnapshot(230)) - group-20EEFD0BC069: The snapshot info is null. Setting the last applied indexto:(t:0, i:~)
2019-09-24 10:14:02,599 [pool-469-thread-1] INFO  server.RaftServerConfigKeys (ConfUtils.java:logGet(43)) - raft.server.notification.no-leader.timeout = 120s (custom)
2019-09-24 10:14:02,599 [pool-469-thread-1] INFO  server.RaftServerConfigKeys (ConfUtils.java:logGet(43)) - raft.server.log.use.memory = false (default)
2019-09-24 10:14:02,599 [pool-469-thread-1] INFO  server.RaftServerConfigKeys (ConfUtils.java:logGet(43)) - raft.server.log.purge.gap = 1000000 (custom)
2019-09-24 10:14:02,599 [pool-469-thread-1] INFO  server.RaftServerConfigKeys (ConfUtils.java:logGet(43)) - raft.server.log.appender.buffer.byte-limit = 33554432 (custom)
2019-09-24 10:14:02,599 [pool-469-thread-1] INFO  server.RaftServerConfigKeys (ConfUtils.java:logGet(43)) - raft.server.log.segment.size.max = 1048576 (custom)
2019-09-24 10:14:02,600 [pool-469-thread-1] INFO  server.RaftServerConfigKeys (ConfUtils.java:logGet(43)) - raft.server.log.segment.cache.num.max = 2 (custom)
2019-09-24 10:14:02,600 [pool-469-thread-1] INFO  segmented.SegmentedRaftLogWorker (SegmentedRaftLogWorker.java:<init>(172)) - new e8ee721d-c47f-4ec8-9e06-9f61dddfbf75@group-20EEFD0BC069-SegmentedRaftLogWorker for RaftStorage:Storage Directory /workdir/hadoop-ozone/integration-test/target/test-dir/MiniOzoneClusterImpl-6e222164-f983-4504-86c8-7ced57a751c7/datanode-6/data/ratis/2227e4cf-8461-4456-82c3-20eefd0bc069
2019-09-24 10:14:02,601 [pool-469-thread-1] INFO  server.RaftServerConfigKeys (ConfUtils.java:logGet(43)) - raft.server.log.queue.byte-limit = 2147483647 (custom)
2019-09-24 10:14:02,601 [pool-469-thread-1] INFO  server.RaftServerConfigKeys (ConfUtils.java:logGet(43)) - raft.server.log.queue.element-limit = 1024 (custom)
2019-09-24 10:14:02,602 [pool-469-thread-1] INFO  server.RaftServerConfigKeys (ConfUtils.java:logGet(43)) - raft.server.log.segment.size.max = 1048576 (custom)
2019-09-24 10:14:02,602 [pool-469-thread-1] INFO  server.RaftServerConfigKeys (ConfUtils.java:logGet(43)) - raft.server.log.preallocated.size = 16384 (custom)
2019-09-24 10:14:02,602 [pool-469-thread-1] INFO  server.RaftServerConfigKeys (ConfUtils.java:logGet(43)) - raft.server.log.write.buffer.size = 33554432 (custom)
2019-09-24 10:14:02,602 [pool-469-thread-1] INFO  server.RaftServerConfigKeys (ConfUtils.java:logGet(43)) - raft.server.log.force.sync.num = 128 (default)
2019-09-24 10:14:02,602 [pool-469-thread-1] INFO  server.RaftServerConfigKeys (ConfUtils.java:logGet(43)) - raft.server.log.statemachine.data.sync = true (default)
2019-09-24 10:14:02,602 [pool-469-thread-1] INFO  server.RaftServerConfigKeys (ConfUtils.java:logGet(43)) - raft.server.log.statemachine.data.sync.timeout = 10s (default)
2019-09-24 10:14:02,602 [pool-469-thread-1] INFO  server.RaftServerConfigKeys (ConfUtils.java:logGet(43)) - raft.server.log.statemachine.data.sync.timeout.retry = -1 (default)
2019-09-24 10:14:02,603 [pool-469-thread-1] INFO  server.RaftServerConfigKeys (ConfUtils.java:logGet(43)) - raft.server.log.statemachine.data.caching.enabled = true (custom)
2019-09-24 10:14:02,603 [pool-469-thread-1] INFO  segmented.SegmentedRaftLogWorker (SegmentedRaftLogWorker.java:lambda$new$0(132)) - e8ee721d-c47f-4ec8-9e06-9f61dddfbf75@group-20EEFD0BC069-SegmentedRaftLogWorker: flushIndex: setUnconditionally 0 -> -1
2019-09-24 10:14:02,603 [pool-469-thread-1] INFO  server.RaftServerConfigKeys (ConfUtils.java:logGet(43)) - raft.server.snapshot.auto.trigger.enabled = true (custom)
2019-09-24 10:14:02,603 [pool-469-thread-1] INFO  server.RaftServerConfigKeys (ConfUtils.java:logGet(43)) - raft.server.snapshot.auto.trigger.threshold = 10000 (custom)
2019-09-24 10:14:02,603 [pool-469-thread-1] INFO  server.RaftServerConfigKeys (ConfUtils.java:logGet(43)) - raft.server.snapshot.retention.num.files = 5 (custom)
2019-09-24 10:14:02,603 [pool-469-thread-1] INFO  server.RaftServerConfigKeys (ConfUtils.java:logGet(43)) - raft.server.retrycache.expirytime = 600000ms (custom)
2019-09-24 10:14:02,605 [pool-469-thread-1] INFO  impl.RaftServerImpl (RaftServerImpl.java:start(185)) - e8ee721d-c47f-4ec8-9e06-9f61dddfbf75@group-20EEFD0BC069: start as a follower, conf=-1: [e8ee721d-c47f-4ec8-9e06-9f61dddfbf75:192.168.151.86:42204], old=null
2019-09-24 10:14:02,605 [pool-469-thread-1] INFO  impl.RaftServerImpl (RaftServerImpl.java:setRole(174)) - e8ee721d-c47f-4ec8-9e06-9f61dddfbf75@group-20EEFD0BC069: changes role from      null to FOLLOWER at term 0 for startAsFollower
2019-09-24 10:14:02,605 [pool-469-thread-1] INFO  impl.RoleInfo (RoleInfo.java:updateAndGet(143)) - e8ee721d-c47f-4ec8-9e06-9f61dddfbf75: start FollowerState
2019-09-24 10:14:02,605 [pool-469-thread-1] INFO  util.JmxRegister (JmxRegister.java:tryRegister(44)) - Successfully registered JMX Bean with object name Ratis:service=RaftServer,group=group-20EEFD0BC069,id=e8ee721d-c47f-4ec8-9e06-9f61dddfbf75
2019-09-24 10:14:02,611 [RatisPipelineUtilsThread] INFO  pipeline.PipelineStateManager (PipelineStateManager.java:addPipeline(56)) - Created pipeline Pipeline[ Id: 2227e4cf-8461-4456-82c3-20eefd0bc069, Nodes: e8ee721d-c47f-4ec8-9e06-9f61dddfbf75{ip: 192.168.151.86, host: pr-hdds-2167-zx9qf-3539961911, networkLocation: /default-rack, certSerialId: null}, Type:RATIS, Factor:ONE, State:OPEN]
2019-09-24 10:14:02,628 [grpc-default-executor-9] INFO  impl.RaftServerProxy (RaftServerProxy.java:addNew(89)) - 6a7af362-491e-49cd-b30f-2f9aa366d0e8: addNew group-548A67E273A2:[ca834742-0914-4d68-a49d-04c1c4eb314f:192.168.151.86:46285, df23de65-1753-4a96-89f5-61d98b5b33f2:192.168.151.86:44638, 6a7af362-491e-49cd-b30f-2f9aa366d0e8:192.168.151.86:42953] returns group-548A67E273A2:java.util.concurrent.CompletableFuture@f3300cd[Not completed]
2019-09-24 10:14:02,628 [grpc-default-executor-3] INFO  impl.RaftServerProxy (RaftServerProxy.java:addNew(89)) - df23de65-1753-4a96-89f5-61d98b5b33f2: addNew group-548A67E273A2:[ca834742-0914-4d68-a49d-04c1c4eb314f:192.168.151.86:46285, df23de65-1753-4a96-89f5-61d98b5b33f2:192.168.151.86:44638, 6a7af362-491e-49cd-b30f-2f9aa366d0e8:192.168.151.86:42953] returns group-548A67E273A2:java.util.concurrent.CompletableFuture@1464547c[Not completed]
2019-09-24 10:14:02,628 [grpc-default-executor-8] INFO  impl.RaftServerProxy (RaftServerProxy.java:addNew(89)) - ca834742-0914-4d68-a49d-04c1c4eb314f: addNew group-548A67E273A2:[ca834742-0914-4d68-a49d-04c1c4eb314f:192.168.151.86:46285, df23de65-1753-4a96-89f5-61d98b5b33f2:192.168.151.86:44638, 6a7af362-491e-49cd-b30f-2f9aa366d0e8:192.168.151.86:42953] returns group-548A67E273A2:java.util.concurrent.CompletableFuture@6535d46d[Not completed]
2019-09-24 10:14:02,630 [pool-449-thread-1] INFO  impl.RaftServerImpl (RaftServerImpl.java:<init>(95)) - ca834742-0914-4d68-a49d-04c1c4eb314f: new RaftServerImpl for group-548A67E273A2:[ca834742-0914-4d68-a49d-04c1c4eb314f:192.168.151.86:46285, df23de65-1753-4a96-89f5-61d98b5b33f2:192.168.151.86:44638, 6a7af362-491e-49cd-b30f-2f9aa366d0e8:192.168.151.86:42953] with ContainerStateMachine:uninitialized
2019-09-24 10:14:02,630 [pool-449-thread-1] INFO  server.RaftServerConfigKeys (ConfUtils.java:logGet(43)) - raft.server.rpc.timeout.min = 5s (custom)
2019-09-24 10:14:02,630 [pool-449-thread-1] INFO  server.RaftServerConfigKeys (ConfUtils.java:logGet(43)) - raft.server.rpc.timeout.max = 5200ms (custom)
2019-09-24 10:14:02,630 [pool-449-thread-1] INFO  server.RaftServerConfigKeys (ConfUtils.java:logGet(43)) - raft.server.rpcslowness.timeout = 120s (custom)
2019-09-24 10:14:02,631 [pool-449-thread-1] INFO  server.RaftServerConfigKeys (ConfUtils.java:logGet(43)) - raft.server.sleep.deviation.threshold = 300 (default)
2019-09-24 10:14:02,631 [pool-459-thread-1] INFO  impl.RaftServerImpl (RaftServerImpl.java:<init>(95)) - df23de65-1753-4a96-89f5-61d98b5b33f2: new RaftServerImpl for group-548A67E273A2:[ca834742-0914-4d68-a49d-04c1c4eb314f:192.168.151.86:46285, df23de65-1753-4a96-89f5-61d98b5b33f2:192.168.151.86:44638, 6a7af362-491e-49cd-b30f-2f9aa366d0e8:192.168.151.86:42953] with ContainerStateMachine:uninitialized
2019-09-24 10:14:02,631 [pool-449-thread-1] INFO  server.RaftServerConfigKeys (ConfUtils.java:logGet(43)) - raft.server.log.appender.install.snapshot.enabled = false (custom)
2019-09-24 10:14:02,631 [pool-459-thread-1] INFO  server.RaftServerConfigKeys (ConfUtils.java:logGet(43)) - raft.server.rpc.timeout.min = 5s (custom)
2019-09-24 10:14:02,631 [pool-449-thread-1] INFO  impl.RaftServerImpl (ServerState.java:<init>(103)) - ca834742-0914-4d68-a49d-04c1c4eb314f@group-548A67E273A2: ConfigurationManager, init=-1: [ca834742-0914-4d68-a49d-04c1c4eb314f:192.168.151.86:46285, df23de65-1753-4a96-89f5-61d98b5b33f2:192.168.151.86:44638, 6a7af362-491e-49cd-b30f-2f9aa366d0e8:192.168.151.86:42953], old=null, confs=<EMPTY_MAP>
2019-09-24 10:14:02,631 [pool-459-thread-1] INFO  server.RaftServerConfigKeys (ConfUtils.java:logGet(43)) - raft.server.rpc.timeout.max = 5200ms (custom)
2019-09-24 10:14:02,631 [pool-449-thread-1] INFO  server.RaftServerConfigKeys (ConfUtils.java:logGet(43)) - raft.server.storage.dir = [/workdir/hadoop-ozone/integration-test/target/test-dir/MiniOzoneClusterImpl-6e222164-f983-4504-86c8-7ced57a751c7/datanode-4/data/ratis] (custom)
2019-09-24 10:14:02,631 [pool-459-thread-1] INFO  server.RaftServerConfigKeys (ConfUtils.java:logGet(43)) - raft.server.rpcslowness.timeout = 120s (custom)
2019-09-24 10:14:02,631 [pool-439-thread-1] INFO  impl.RaftServerImpl (RaftServerImpl.java:<init>(95)) - 6a7af362-491e-49cd-b30f-2f9aa366d0e8: new RaftServerImpl for group-548A67E273A2:[ca834742-0914-4d68-a49d-04c1c4eb314f:192.168.151.86:46285, df23de65-1753-4a96-89f5-61d98b5b33f2:192.168.151.86:44638, 6a7af362-491e-49cd-b30f-2f9aa366d0e8:192.168.151.86:42953] with ContainerStateMachine:uninitialized
2019-09-24 10:14:02,631 [pool-449-thread-1] INFO  storage.RaftStorageDirectory (RaftStorageDirectory.java:analyzeStorage(246)) - The storage directory /workdir/hadoop-ozone/integration-test/target/test-dir/MiniOzoneClusterImpl-6e222164-f983-4504-86c8-7ced57a751c7/datanode-4/data/ratis/cbbe5f78-b027-473c-bfb8-548a67e273a2 does not exist. Creating ...
2019-09-24 10:14:02,631 [pool-459-thread-1] INFO  server.RaftServerConfigKeys (ConfUtils.java:logGet(43)) - raft.server.sleep.deviation.threshold = 300 (default)
2019-09-24 10:14:02,631 [pool-439-thread-1] INFO  server.RaftServerConfigKeys (ConfUtils.java:logGet(43)) - raft.server.rpc.timeout.min = 5s (custom)
2019-09-24 10:14:02,632 [pool-459-thread-1] INFO  server.RaftServerConfigKeys (ConfUtils.java:logGet(43)) - raft.server.log.appender.install.snapshot.enabled = false (custom)
2019-09-24 10:14:02,632 [pool-439-thread-1] INFO  server.RaftServerConfigKeys (ConfUtils.java:logGet(43)) - raft.server.rpc.timeout.max = 5200ms (custom)
2019-09-24 10:14:02,632 [pool-459-thread-1] INFO  impl.RaftServerImpl (ServerState.java:<init>(103)) - df23de65-1753-4a96-89f5-61d98b5b33f2@group-548A67E273A2: ConfigurationManager, init=-1: [ca834742-0914-4d68-a49d-04c1c4eb314f:192.168.151.86:46285, df23de65-1753-4a96-89f5-61d98b5b33f2:192.168.151.86:44638, 6a7af362-491e-49cd-b30f-2f9aa366d0e8:192.168.151.86:42953], old=null, confs=<EMPTY_MAP>
2019-09-24 10:14:02,632 [pool-439-thread-1] INFO  server.RaftServerConfigKeys (ConfUtils.java:logGet(43)) - raft.server.rpcslowness.timeout = 120s (custom)
2019-09-24 10:14:02,632 [pool-459-thread-1] INFO  server.RaftServerConfigKeys (ConfUtils.java:logGet(43)) - raft.server.storage.dir = [/workdir/hadoop-ozone/integration-test/target/test-dir/MiniOzoneClusterImpl-6e222164-f983-4504-86c8-7ced57a751c7/datanode-5/data/ratis] (custom)
2019-09-24 10:14:02,632 [pool-439-thread-1] INFO  server.RaftServerConfigKeys (ConfUtils.java:logGet(43)) - raft.server.sleep.deviation.threshold = 300 (default)
2019-09-24 10:14:02,632 [pool-439-thread-1] INFO  server.RaftServerConfigKeys (ConfUtils.java:logGet(43)) - raft.server.log.appender.install.snapshot.enabled = false (custom)
2019-09-24 10:14:02,632 [pool-459-thread-1] INFO  storage.RaftStorageDirectory (RaftStorageDirectory.java:analyzeStorage(246)) - The storage directory /workdir/hadoop-ozone/integration-test/target/test-dir/MiniOzoneClusterImpl-6e222164-f983-4504-86c8-7ced57a751c7/datanode-5/data/ratis/cbbe5f78-b027-473c-bfb8-548a67e273a2 does not exist. Creating ...
2019-09-24 10:14:02,633 [pool-439-thread-1] INFO  impl.RaftServerImpl (ServerState.java:<init>(103)) - 6a7af362-491e-49cd-b30f-2f9aa366d0e8@group-548A67E273A2: ConfigurationManager, init=-1: [ca834742-0914-4d68-a49d-04c1c4eb314f:192.168.151.86:46285, df23de65-1753-4a96-89f5-61d98b5b33f2:192.168.151.86:44638, 6a7af362-491e-49cd-b30f-2f9aa366d0e8:192.168.151.86:42953], old=null, confs=<EMPTY_MAP>
2019-09-24 10:14:02,633 [pool-439-thread-1] INFO  server.RaftServerConfigKeys (ConfUtils.java:logGet(43)) - raft.server.storage.dir = [/workdir/hadoop-ozone/integration-test/target/test-dir/MiniOzoneClusterImpl-6e222164-f983-4504-86c8-7ced57a751c7/datanode-3/data/ratis] (custom)
2019-09-24 10:14:02,633 [pool-439-thread-1] INFO  storage.RaftStorageDirectory (RaftStorageDirectory.java:analyzeStorage(246)) - The storage directory /workdir/hadoop-ozone/integration-test/target/test-dir/MiniOzoneClusterImpl-6e222164-f983-4504-86c8-7ced57a751c7/datanode-3/data/ratis/cbbe5f78-b027-473c-bfb8-548a67e273a2 does not exist. Creating ...
2019-09-24 10:14:02,645 [pool-439-thread-1] INFO  storage.RaftStorageDirectory (RaftStorageDirectory.java:tryLock(328)) - Lock on /workdir/hadoop-ozone/integration-test/target/test-dir/MiniOzoneClusterImpl-6e222164-f983-4504-86c8-7ced57a751c7/datanode-3/data/ratis/cbbe5f78-b027-473c-bfb8-548a67e273a2/in_use.lock acquired by nodename 21292@pr-hdds-2167-zx9qf-3539961911
2019-09-24 10:14:02,645 [pool-449-thread-1] INFO  storage.RaftStorageDirectory (RaftStorageDirectory.java:tryLock(328)) - Lock on /workdir/hadoop-ozone/integration-test/target/test-dir/MiniOzoneClusterImpl-6e222164-f983-4504-86c8-7ced57a751c7/datanode-4/data/ratis/cbbe5f78-b027-473c-bfb8-548a67e273a2/in_use.lock acquired by nodename 21292@pr-hdds-2167-zx9qf-3539961911
2019-09-24 10:14:02,645 [pool-459-thread-1] INFO  storage.RaftStorageDirectory (RaftStorageDirectory.java:tryLock(328)) - Lock on /workdir/hadoop-ozone/integration-test/target/test-dir/MiniOzoneClusterImpl-6e222164-f983-4504-86c8-7ced57a751c7/datanode-5/data/ratis/cbbe5f78-b027-473c-bfb8-548a67e273a2/in_use.lock acquired by nodename 21292@pr-hdds-2167-zx9qf-3539961911
2019-09-24 10:14:02,659 [pool-439-thread-1] INFO  storage.RaftStorage (RaftStorage.java:format(72)) - Storage directory /workdir/hadoop-ozone/integration-test/target/test-dir/MiniOzoneClusterImpl-6e222164-f983-4504-86c8-7ced57a751c7/datanode-3/data/ratis/cbbe5f78-b027-473c-bfb8-548a67e273a2 has been successfully formatted.
2019-09-24 10:14:02,659 [pool-459-thread-1] INFO  storage.RaftStorage (RaftStorage.java:format(72)) - Storage directory /workdir/hadoop-ozone/integration-test/target/test-dir/MiniOzoneClusterImpl-6e222164-f983-4504-86c8-7ced57a751c7/datanode-5/data/ratis/cbbe5f78-b027-473c-bfb8-548a67e273a2 has been successfully formatted.
2019-09-24 10:14:02,659 [pool-439-thread-1] INFO  ratis.ContainerStateMachine (ContainerStateMachine.java:loadSnapshot(230)) - group-548A67E273A2: The snapshot info is null. Setting the last applied indexto:(t:0, i:~)
2019-09-24 10:14:02,659 [pool-449-thread-1] INFO  storage.RaftStorage (RaftStorage.java:format(72)) - Storage directory /workdir/hadoop-ozone/integration-test/target/test-dir/MiniOzoneClusterImpl-6e222164-f983-4504-86c8-7ced57a751c7/datanode-4/data/ratis/cbbe5f78-b027-473c-bfb8-548a67e273a2 has been successfully formatted.
2019-09-24 10:14:02,659 [pool-439-thread-1] INFO  server.RaftServerConfigKeys (ConfUtils.java:logGet(43)) - raft.server.notification.no-leader.timeout = 120s (custom)
2019-09-24 10:14:02,659 [pool-459-thread-1] INFO  ratis.ContainerStateMachine (ContainerStateMachine.java:loadSnapshot(230)) - group-548A67E273A2: The snapshot info is null. Setting the last applied indexto:(t:0, i:~)
2019-09-24 10:14:02,659 [pool-439-thread-1] INFO  server.RaftServerConfigKeys (ConfUtils.java:logGet(43)) - raft.server.log.use.memory = false (default)
2019-09-24 10:14:02,659 [pool-449-thread-1] INFO  ratis.ContainerStateMachine (ContainerStateMachine.java:loadSnapshot(230)) - group-548A67E273A2: The snapshot info is null. Setting the last applied indexto:(t:0, i:~)
2019-09-24 10:14:02,660 [pool-439-thread-1] INFO  server.RaftServerConfigKeys (ConfUtils.java:logGet(43)) - raft.server.log.purge.gap = 1000000 (custom)
2019-09-24 10:14:02,660 [pool-459-thread-1] INFO  server.RaftServerConfigKeys (ConfUtils.java:logGet(43)) - raft.server.notification.no-leader.timeout = 120s (custom)
2019-09-24 10:14:02,660 [pool-439-thread-1] INFO  server.RaftServerConfigKeys (ConfUtils.java:logGet(43)) - raft.server.log.appender.buffer.byte-limit = 33554432 (custom)
2019-09-24 10:14:02,660 [pool-449-thread-1] INFO  server.RaftServerConfigKeys (ConfUtils.java:logGet(43)) - raft.server.notification.no-leader.timeout = 120s (custom)
2019-09-24 10:14:02,660 [pool-439-thread-1] INFO  server.RaftServerConfigKeys (ConfUtils.java:logGet(43)) - raft.server.log.segment.size.max = 1048576 (custom)
2019-09-24 10:14:02,660 [pool-459-thread-1] INFO  server.RaftServerConfigKeys (ConfUtils.java:logGet(43)) - raft.server.log.use.memory = false (default)
2019-09-24 10:14:02,660 [pool-439-thread-1] INFO  server.RaftServerConfigKeys (ConfUtils.java:logGet(43)) - raft.server.log.segment.cache.num.max = 2 (custom)
2019-09-24 10:14:02,660 [pool-449-thread-1] INFO  server.RaftServerConfigKeys (ConfUtils.java:logGet(43)) - raft.server.log.use.memory = false (default)
2019-09-24 10:14:02,661 [pool-439-thread-1] INFO  segmented.SegmentedRaftLogWorker (SegmentedRaftLogWorker.java:<init>(172)) - new 6a7af362-491e-49cd-b30f-2f9aa366d0e8@group-548A67E273A2-SegmentedRaftLogWorker for RaftStorage:Storage Directory /workdir/hadoop-ozone/integration-test/target/test-dir/MiniOzoneClusterImpl-6e222164-f983-4504-86c8-7ced57a751c7/datanode-3/data/ratis/cbbe5f78-b027-473c-bfb8-548a67e273a2
2019-09-24 10:14:02,661 [pool-459-thread-1] INFO  server.RaftServerConfigKeys (ConfUtils.java:logGet(43)) - raft.server.log.purge.gap = 1000000 (custom)
2019-09-24 10:14:02,661 [pool-439-thread-1] INFO  server.RaftServerConfigKeys (ConfUtils.java:logGet(43)) - raft.server.log.queue.byte-limit = 2147483647 (custom)
2019-09-24 10:14:02,661 [pool-449-thread-1] INFO  server.RaftServerConfigKeys (ConfUtils.java:logGet(43)) - raft.server.log.purge.gap = 1000000 (custom)
2019-09-24 10:14:02,661 [pool-439-thread-1] INFO  server.RaftServerConfigKeys (ConfUtils.java:logGet(43)) - raft.server.log.queue.element-limit = 1024 (custom)
2019-09-24 10:14:02,661 [pool-459-thread-1] INFO  server.RaftServerConfigKeys (ConfUtils.java:logGet(43)) - raft.server.log.appender.buffer.byte-limit = 33554432 (custom)
2019-09-24 10:14:02,662 [pool-439-thread-1] INFO  server.RaftServerConfigKeys (ConfUtils.java:logGet(43)) - raft.server.log.segment.size.max = 1048576 (custom)
2019-09-24 10:14:02,662 [pool-439-thread-1] INFO  server.RaftServerConfigKeys (ConfUtils.java:logGet(43)) - raft.server.log.preallocated.size = 16384 (custom)
2019-09-24 10:14:02,661 [pool-449-thread-1] INFO  server.RaftServerConfigKeys (ConfUtils.java:logGet(43)) - raft.server.log.appender.buffer.byte-limit = 33554432 (custom)
2019-09-24 10:14:02,662 [pool-439-thread-1] INFO  server.RaftServerConfigKeys (ConfUtils.java:logGet(43)) - raft.server.log.write.buffer.size = 33554432 (custom)
2019-09-24 10:14:02,662 [pool-459-thread-1] INFO  server.RaftServerConfigKeys (ConfUtils.java:logGet(43)) - raft.server.log.segment.size.max = 1048576 (custom)
2019-09-24 10:14:02,662 [pool-439-thread-1] INFO  server.RaftServerConfigKeys (ConfUtils.java:logGet(43)) - raft.server.log.force.sync.num = 128 (default)
2019-09-24 10:14:02,662 [pool-449-thread-1] INFO  server.RaftServerConfigKeys (ConfUtils.java:logGet(43)) - raft.server.log.segment.size.max = 1048576 (custom)
2019-09-24 10:14:02,663 [pool-439-thread-1] INFO  server.RaftServerConfigKeys (ConfUtils.java:logGet(43)) - raft.server.log.statemachine.data.sync = true (default)
2019-09-24 10:14:02,662 [pool-459-thread-1] INFO  server.RaftServerConfigKeys (ConfUtils.java:logGet(43)) - raft.server.log.segment.cache.num.max = 2 (custom)
2019-09-24 10:14:02,663 [pool-439-thread-1] INFO  server.RaftServerConfigKeys (ConfUtils.java:logGet(43)) - raft.server.log.statemachine.data.sync.timeout = 10s (default)
2019-09-24 10:14:02,663 [pool-449-thread-1] INFO  server.RaftServerConfigKeys (ConfUtils.java:logGet(43)) - raft.server.log.segment.cache.num.max = 2 (custom)
2019-09-24 10:14:02,663 [pool-439-thread-1] INFO  server.RaftServerConfigKeys (ConfUtils.java:logGet(43)) - raft.server.log.statemachine.data.sync.timeout.retry = -1 (default)
2019-09-24 10:14:02,663 [pool-459-thread-1] INFO  segmented.SegmentedRaftLogWorker (SegmentedRaftLogWorker.java:<init>(172)) - new df23de65-1753-4a96-89f5-61d98b5b33f2@group-548A67E273A2-SegmentedRaftLogWorker for RaftStorage:Storage Directory /workdir/hadoop-ozone/integration-test/target/test-dir/MiniOzoneClusterImpl-6e222164-f983-4504-86c8-7ced57a751c7/datanode-5/data/ratis/cbbe5f78-b027-473c-bfb8-548a67e273a2
2019-09-24 10:14:02,663 [pool-439-thread-1] INFO  server.RaftServerConfigKeys (ConfUtils.java:logGet(43)) - raft.server.log.statemachine.data.caching.enabled = true (custom)
2019-09-24 10:14:02,663 [pool-449-thread-1] INFO  segmented.SegmentedRaftLogWorker (SegmentedRaftLogWorker.java:<init>(172)) - new ca834742-0914-4d68-a49d-04c1c4eb314f@group-548A67E273A2-SegmentedRaftLogWorker for RaftStorage:Storage Directory /workdir/hadoop-ozone/integration-test/target/test-dir/MiniOzoneClusterImpl-6e222164-f983-4504-86c8-7ced57a751c7/datanode-4/data/ratis/cbbe5f78-b027-473c-bfb8-548a67e273a2
2019-09-24 10:14:02,663 [pool-459-thread-1] INFO  server.RaftServerConfigKeys (ConfUtils.java:logGet(43)) - raft.server.log.queue.byte-limit = 2147483647 (custom)
2019-09-24 10:14:02,664 [pool-439-thread-1] INFO  segmented.SegmentedRaftLogWorker (SegmentedRaftLogWorker.java:lambda$new$0(132)) - 6a7af362-491e-49cd-b30f-2f9aa366d0e8@group-548A67E273A2-SegmentedRaftLogWorker: flushIndex: setUnconditionally 0 -> -1
2019-09-24 10:14:02,664 [pool-449-thread-1] INFO  server.RaftServerConfigKeys (ConfUtils.java:logGet(43)) - raft.server.log.queue.byte-limit = 2147483647 (custom)
2019-09-24 10:14:02,664 [pool-459-thread-1] INFO  server.RaftServerConfigKeys (ConfUtils.java:logGet(43)) - raft.server.log.queue.element-limit = 1024 (custom)
2019-09-24 10:14:02,664 [pool-439-thread-1] INFO  server.RaftServerConfigKeys (ConfUtils.java:logGet(43)) - raft.server.snapshot.auto.trigger.enabled = true (custom)
2019-09-24 10:14:02,664 [pool-449-thread-1] INFO  server.RaftServerConfigKeys (ConfUtils.java:logGet(43)) - raft.server.log.queue.element-limit = 1024 (custom)
2019-09-24 10:14:02,664 [pool-439-thread-1] INFO  server.RaftServerConfigKeys (ConfUtils.java:logGet(43)) - raft.server.snapshot.auto.trigger.threshold = 10000 (custom)
2019-09-24 10:14:02,665 [pool-439-thread-1] INFO  server.RaftServerConfigKeys (ConfUtils.java:logGet(43)) - raft.server.snapshot.retention.num.files = 5 (custom)
2019-09-24 10:14:02,664 [pool-459-thread-1] INFO  server.RaftServerConfigKeys (ConfUtils.java:logGet(43)) - raft.server.log.segment.size.max = 1048576 (custom)
2019-09-24 10:14:02,665 [pool-439-thread-1] INFO  server.RaftServerConfigKeys (ConfUtils.java:logGet(43)) - raft.server.retrycache.expirytime = 600000ms (custom)
2019-09-24 10:14:02,665 [pool-449-thread-1] INFO  server.RaftServerConfigKeys (ConfUtils.java:logGet(43)) - raft.server.log.segment.size.max = 1048576 (custom)
2019-09-24 10:14:02,665 [pool-459-thread-1] INFO  server.RaftServerConfigKeys (ConfUtils.java:logGet(43)) - raft.server.log.preallocated.size = 16384 (custom)
2019-09-24 10:14:02,665 [pool-449-thread-1] INFO  server.RaftServerConfigKeys (ConfUtils.java:logGet(43)) - raft.server.log.preallocated.size = 16384 (custom)
2019-09-24 10:14:02,665 [pool-459-thread-1] INFO  server.RaftServerConfigKeys (ConfUtils.java:logGet(43)) - raft.server.log.write.buffer.size = 33554432 (custom)
2019-09-24 10:14:02,665 [pool-449-thread-1] INFO  server.RaftServerConfigKeys (ConfUtils.java:logGet(43)) - raft.server.log.write.buffer.size = 33554432 (custom)
2019-09-24 10:14:02,666 [pool-459-thread-1] INFO  server.RaftServerConfigKeys (ConfUtils.java:logGet(43)) - raft.server.log.force.sync.num = 128 (default)
2019-09-24 10:14:02,666 [pool-449-thread-1] INFO  server.RaftServerConfigKeys (ConfUtils.java:logGet(43)) - raft.server.log.force.sync.num = 128 (default)
2019-09-24 10:14:02,666 [pool-459-thread-1] INFO  server.RaftServerConfigKeys (ConfUtils.java:logGet(43)) - raft.server.log.statemachine.data.sync = true (default)
2019-09-24 10:14:02,666 [pool-449-thread-1] INFO  server.RaftServerConfigKeys (ConfUtils.java:logGet(43)) - raft.server.log.statemachine.data.sync = true (default)
2019-09-24 10:14:02,666 [pool-459-thread-1] INFO  server.RaftServerConfigKeys (ConfUtils.java:logGet(43)) - raft.server.log.statemachine.data.sync.timeout = 10s (default)
2019-09-24 10:14:02,666 [pool-449-thread-1] INFO  server.RaftServerConfigKeys (ConfUtils.java:logGet(43)) - raft.server.log.statemachine.data.sync.timeout = 10s (default)
2019-09-24 10:14:02,666 [pool-459-thread-1] INFO  server.RaftServerConfigKeys (ConfUtils.java:logGet(43)) - raft.server.log.statemachine.data.sync.timeout.retry = -1 (default)
2019-09-24 10:14:02,667 [pool-449-thread-1] INFO  server.RaftServerConfigKeys (ConfUtils.java:logGet(43)) - raft.server.log.statemachine.data.sync.timeout.retry = -1 (default)
2019-09-24 10:14:02,667 [pool-459-thread-1] INFO  server.RaftServerConfigKeys (ConfUtils.java:logGet(43)) - raft.server.log.statemachine.data.caching.enabled = true (custom)
2019-09-24 10:14:02,667 [pool-449-thread-1] INFO  server.RaftServerConfigKeys (ConfUtils.java:logGet(43)) - raft.server.log.statemachine.data.caching.enabled = true (custom)
2019-09-24 10:14:02,667 [pool-439-thread-1] INFO  impl.RaftServerImpl (RaftServerImpl.java:start(185)) - 6a7af362-491e-49cd-b30f-2f9aa366d0e8@group-548A67E273A2: start as a follower, conf=-1: [ca834742-0914-4d68-a49d-04c1c4eb314f:192.168.151.86:46285, df23de65-1753-4a96-89f5-61d98b5b33f2:192.168.151.86:44638, 6a7af362-491e-49cd-b30f-2f9aa366d0e8:192.168.151.86:42953], old=null
2019-09-24 10:14:02,667 [pool-449-thread-1] INFO  segmented.SegmentedRaftLogWorker (SegmentedRaftLogWorker.java:lambda$new$0(132)) - ca834742-0914-4d68-a49d-04c1c4eb314f@group-548A67E273A2-SegmentedRaftLogWorker: flushIndex: setUnconditionally 0 -> -1
2019-09-24 10:14:02,667 [pool-459-thread-1] INFO  segmented.SegmentedRaftLogWorker (SegmentedRaftLogWorker.java:lambda$new$0(132)) - df23de65-1753-4a96-89f5-61d98b5b33f2@group-548A67E273A2-SegmentedRaftLogWorker: flushIndex: setUnconditionally 0 -> -1
2019-09-24 10:14:02,668 [pool-449-thread-1] INFO  server.RaftServerConfigKeys (ConfUtils.java:logGet(43)) - raft.server.snapshot.auto.trigger.enabled = true (custom)
2019-09-24 10:14:02,668 [pool-449-thread-1] INFO  server.RaftServerConfigKeys (ConfUtils.java:logGet(43)) - raft.server.snapshot.auto.trigger.threshold = 10000 (custom)
2019-09-24 10:14:02,667 [pool-439-thread-1] INFO  impl.RaftServerImpl (RaftServerImpl.java:setRole(174)) - 6a7af362-491e-49cd-b30f-2f9aa366d0e8@group-548A67E273A2: changes role from      null to FOLLOWER at term 0 for startAsFollower
2019-09-24 10:14:02,668 [pool-449-thread-1] INFO  server.RaftServerConfigKeys (ConfUtils.java:logGet(43)) - raft.server.snapshot.retention.num.files = 5 (custom)
2019-09-24 10:14:02,668 [pool-459-thread-1] INFO  server.RaftServerConfigKeys (ConfUtils.java:logGet(43)) - raft.server.snapshot.auto.trigger.enabled = true (custom)
2019-09-24 10:14:02,668 [pool-449-thread-1] INFO  server.RaftServerConfigKeys (ConfUtils.java:logGet(43)) - raft.server.retrycache.expirytime = 600000ms (custom)
2019-09-24 10:14:02,668 [pool-439-thread-1] INFO  impl.RoleInfo (RoleInfo.java:updateAndGet(143)) - 6a7af362-491e-49cd-b30f-2f9aa366d0e8: start FollowerState
2019-09-24 10:14:02,668 [pool-459-thread-1] INFO  server.RaftServerConfigKeys (ConfUtils.java:logGet(43)) - raft.server.snapshot.auto.trigger.threshold = 10000 (custom)
2019-09-24 10:14:02,669 [pool-459-thread-1] INFO  server.RaftServerConfigKeys (ConfUtils.java:logGet(43)) - raft.server.snapshot.retention.num.files = 5 (custom)
2019-09-24 10:14:02,669 [pool-459-thread-1] INFO  server.RaftServerConfigKeys (ConfUtils.java:logGet(43)) - raft.server.retrycache.expirytime = 600000ms (custom)
2019-09-24 10:14:02,669 [pool-439-thread-1] INFO  util.JmxRegister (JmxRegister.java:tryRegister(44)) - Successfully registered JMX Bean with object name Ratis:service=RaftServer,group=group-548A67E273A2,id=6a7af362-491e-49cd-b30f-2f9aa366d0e8
2019-09-24 10:14:02,670 [pool-449-thread-1] INFO  impl.RaftServerImpl (RaftServerImpl.java:start(185)) - ca834742-0914-4d68-a49d-04c1c4eb314f@group-548A67E273A2: start as a follower, conf=-1: [ca834742-0914-4d68-a49d-04c1c4eb314f:192.168.151.86:46285, df23de65-1753-4a96-89f5-61d98b5b33f2:192.168.151.86:44638, 6a7af362-491e-49cd-b30f-2f9aa366d0e8:192.168.151.86:42953], old=null
2019-09-24 10:14:02,673 [pool-449-thread-1] INFO  impl.RaftServerImpl (RaftServerImpl.java:setRole(174)) - ca834742-0914-4d68-a49d-04c1c4eb314f@group-548A67E273A2: changes role from      null to FOLLOWER at term 0 for startAsFollower
2019-09-24 10:14:02,673 [pool-449-thread-1] INFO  impl.RoleInfo (RoleInfo.java:updateAndGet(143)) - ca834742-0914-4d68-a49d-04c1c4eb314f: start FollowerState
2019-09-24 10:14:02,673 [pool-449-thread-1] INFO  util.JmxRegister (JmxRegister.java:tryRegister(44)) - Successfully registered JMX Bean with object name Ratis:service=RaftServer,group=group-548A67E273A2,id=ca834742-0914-4d68-a49d-04c1c4eb314f
2019-09-24 10:14:02,674 [pool-459-thread-1] INFO  impl.RaftServerImpl (RaftServerImpl.java:start(185)) - df23de65-1753-4a96-89f5-61d98b5b33f2@group-548A67E273A2: start as a follower, conf=-1: [ca834742-0914-4d68-a49d-04c1c4eb314f:192.168.151.86:46285, df23de65-1753-4a96-89f5-61d98b5b33f2:192.168.151.86:44638, 6a7af362-491e-49cd-b30f-2f9aa366d0e8:192.168.151.86:42953], old=null
2019-09-24 10:14:02,674 [pool-459-thread-1] INFO  impl.RaftServerImpl (RaftServerImpl.java:setRole(174)) - df23de65-1753-4a96-89f5-61d98b5b33f2@group-548A67E273A2: changes role from      null to FOLLOWER at term 0 for startAsFollower
2019-09-24 10:14:02,674 [pool-459-thread-1] INFO  impl.RoleInfo (RoleInfo.java:updateAndGet(143)) - df23de65-1753-4a96-89f5-61d98b5b33f2: start FollowerState
2019-09-24 10:14:02,674 [pool-459-thread-1] INFO  util.JmxRegister (JmxRegister.java:tryRegister(44)) - Successfully registered JMX Bean with object name Ratis:service=RaftServer,group=group-548A67E273A2,id=df23de65-1753-4a96-89f5-61d98b5b33f2
2019-09-24 10:14:02,680 [RatisPipelineUtilsThread] INFO  pipeline.PipelineStateManager (PipelineStateManager.java:addPipeline(56)) - Created pipeline Pipeline[ Id: cbbe5f78-b027-473c-bfb8-548a67e273a2, Nodes: 6a7af362-491e-49cd-b30f-2f9aa366d0e8{ip: 192.168.151.86, host: pr-hdds-2167-zx9qf-3539961911, networkLocation: /default-rack, certSerialId: null}ca834742-0914-4d68-a49d-04c1c4eb314f{ip: 192.168.151.86, host: pr-hdds-2167-zx9qf-3539961911, networkLocation: /default-rack, certSerialId: null}df23de65-1753-4a96-89f5-61d98b5b33f2{ip: 192.168.151.86, host: pr-hdds-2167-zx9qf-3539961911, networkLocation: /default-rack, certSerialId: null}, Type:RATIS, Factor:THREE, State:OPEN]
2019-09-24 10:14:04,956 [Thread-3035] INFO  container.ReplicationManager (ReplicationManager.java:start(162)) - Starting Replication Monitor Thread.
2019-09-24 10:14:04,960 [ReplicationMonitor] INFO  container.ReplicationManager (ReplicationManager.java:run(225)) - Replication Monitor Thread took 1 milliseconds for processing 1 containers.
2019-09-24 10:14:07,172 [Thread-3040] INFO  impl.FollowerState (FollowerState.java:run(106)) - cf71df45-b016-41f8-9b9b-982faefd7fda:group-6FF4108BFC54 changes to CANDIDATE, lastRpcTime:5114, electionTimeout:5114ms
2019-09-24 10:14:07,174 [Thread-3040] INFO  impl.RoleInfo (RoleInfo.java:shutdownFollowerState(121)) - cf71df45-b016-41f8-9b9b-982faefd7fda: shutdown FollowerState
2019-09-24 10:14:07,174 [Thread-3040] INFO  impl.RaftServerImpl (RaftServerImpl.java:setRole(174)) - cf71df45-b016-41f8-9b9b-982faefd7fda@group-6FF4108BFC54: changes role from  FOLLOWER to CANDIDATE at term 0 for changeToCandidate
2019-09-24 10:14:07,174 [Thread-3040] INFO  impl.RoleInfo (RoleInfo.java:updateAndGet(143)) - cf71df45-b016-41f8-9b9b-982faefd7fda: start LeaderElection
2019-09-24 10:14:07,200 [Thread-3037] INFO  impl.FollowerState (FollowerState.java:run(106)) - b86aa6c7-3dbe-40f9-b91b-7e4f8c702e5b:group-FA0441925729 changes to CANDIDATE, lastRpcTime:5187, electionTimeout:5173ms
2019-09-24 10:14:07,201 [Thread-3037] INFO  impl.RoleInfo (RoleInfo.java:shutdownFollowerState(121)) - b86aa6c7-3dbe-40f9-b91b-7e4f8c702e5b: shutdown FollowerState
2019-09-24 10:14:07,201 [Thread-3037] INFO  impl.RaftServerImpl (RaftServerImpl.java:setRole(174)) - b86aa6c7-3dbe-40f9-b91b-7e4f8c702e5b@group-FA0441925729: changes role from  FOLLOWER to CANDIDATE at term 0 for changeToCandidate
2019-09-24 10:14:07,201 [Thread-3037] INFO  impl.RoleInfo (RoleInfo.java:updateAndGet(143)) - b86aa6c7-3dbe-40f9-b91b-7e4f8c702e5b: start LeaderElection
2019-09-24 10:14:07,231 [cf71df45-b016-41f8-9b9b-982faefd7fda@group-6FF4108BFC54:LeaderElection65] INFO  impl.LeaderElection (LeaderElection.java:askForVotes(182)) - cf71df45-b016-41f8-9b9b-982faefd7fda@group-6FF4108BFC54:LeaderElection65: begin an election at term 1 for -1: [cf71df45-b016-41f8-9b9b-982faefd7fda:192.168.151.86:45257], old=null
2019-09-24 10:14:07,231 [b86aa6c7-3dbe-40f9-b91b-7e4f8c702e5b@group-FA0441925729:LeaderElection66] INFO  impl.LeaderElection (LeaderElection.java:askForVotes(182)) - b86aa6c7-3dbe-40f9-b91b-7e4f8c702e5b@group-FA0441925729:LeaderElection66: begin an election at term 1 for -1: [b86aa6c7-3dbe-40f9-b91b-7e4f8c702e5b:192.168.151.86:43305], old=null
2019-09-24 10:14:07,231 [cf71df45-b016-41f8-9b9b-982faefd7fda@group-6FF4108BFC54:LeaderElection65] INFO  impl.RoleInfo (RoleInfo.java:shutdownLeaderElection(134)) - cf71df45-b016-41f8-9b9b-982faefd7fda: shutdown LeaderElection
2019-09-24 10:14:07,231 [b86aa6c7-3dbe-40f9-b91b-7e4f8c702e5b@group-FA0441925729:LeaderElection66] INFO  impl.RoleInfo (RoleInfo.java:shutdownLeaderElection(134)) - b86aa6c7-3dbe-40f9-b91b-7e4f8c702e5b: shutdown LeaderElection
2019-09-24 10:14:07,231 [cf71df45-b016-41f8-9b9b-982faefd7fda@group-6FF4108BFC54:LeaderElection65] INFO  impl.RaftServerImpl (RaftServerImpl.java:setRole(174)) - cf71df45-b016-41f8-9b9b-982faefd7fda@group-6FF4108BFC54: changes role from CANDIDATE to LEADER at term 1 for changeToLeader
2019-09-24 10:14:07,231 [b86aa6c7-3dbe-40f9-b91b-7e4f8c702e5b@group-FA0441925729:LeaderElection66] INFO  impl.RaftServerImpl (RaftServerImpl.java:setRole(174)) - b86aa6c7-3dbe-40f9-b91b-7e4f8c702e5b@group-FA0441925729: changes role from CANDIDATE to LEADER at term 1 for changeToLeader
2019-09-24 10:14:07,231 [cf71df45-b016-41f8-9b9b-982faefd7fda@group-6FF4108BFC54:LeaderElection65] INFO  impl.RaftServerImpl (ServerState.java:setLeader(253)) - cf71df45-b016-41f8-9b9b-982faefd7fda@group-6FF4108BFC54: change Leader from null to cf71df45-b016-41f8-9b9b-982faefd7fda at term 1 for becomeLeader, leader elected after 5178ms
2019-09-24 10:14:07,231 [b86aa6c7-3dbe-40f9-b91b-7e4f8c702e5b@group-FA0441925729:LeaderElection66] INFO  impl.RaftServerImpl (ServerState.java:setLeader(253)) - b86aa6c7-3dbe-40f9-b91b-7e4f8c702e5b@group-FA0441925729: change Leader from null to b86aa6c7-3dbe-40f9-b91b-7e4f8c702e5b at term 1 for becomeLeader, leader elected after 5226ms
2019-09-24 10:14:07,232 [cf71df45-b016-41f8-9b9b-982faefd7fda@group-6FF4108BFC54:LeaderElection65] INFO  server.RaftServerConfigKeys (ConfUtils.java:logGet(43)) - raft.server.staging.catchup.gap = 1000 (default)
2019-09-24 10:14:07,232 [b86aa6c7-3dbe-40f9-b91b-7e4f8c702e5b@group-FA0441925729:LeaderElection66] INFO  server.RaftServerConfigKeys (ConfUtils.java:logGet(43)) - raft.server.staging.catchup.gap = 1000 (default)
2019-09-24 10:14:07,232 [cf71df45-b016-41f8-9b9b-982faefd7fda@group-6FF4108BFC54:LeaderElection65] INFO  server.RaftServerConfigKeys (ConfUtils.java:logGet(43)) - raft.server.rpc.sleep.time = 25ms (default)
2019-09-24 10:14:07,232 [b86aa6c7-3dbe-40f9-b91b-7e4f8c702e5b@group-FA0441925729:LeaderElection66] INFO  server.RaftServerConfigKeys (ConfUtils.java:logGet(43)) - raft.server.rpc.sleep.time = 25ms (default)
2019-09-24 10:14:07,232 [cf71df45-b016-41f8-9b9b-982faefd7fda@group-6FF4108BFC54:LeaderElection65] INFO  server.RaftServerConfigKeys (ConfUtils.java:logGet(43)) - raft.server.write.element-limit = 4096 (default)
2019-09-24 10:14:07,232 [b86aa6c7-3dbe-40f9-b91b-7e4f8c702e5b@group-FA0441925729:LeaderElection66] INFO  server.RaftServerConfigKeys (ConfUtils.java:logGet(43)) - raft.server.write.element-limit = 4096 (default)
2019-09-24 10:14:07,233 [cf71df45-b016-41f8-9b9b-982faefd7fda@group-6FF4108BFC54:LeaderElection65] INFO  server.RaftServerConfigKeys (ConfUtils.java:logGet(43)) - raft.server.watch.timeout = 10s (default)
2019-09-24 10:14:07,233 [b86aa6c7-3dbe-40f9-b91b-7e4f8c702e5b@group-FA0441925729:LeaderElection66] INFO  server.RaftServerConfigKeys (ConfUtils.java:logGet(43)) - raft.server.watch.timeout = 10s (default)
2019-09-24 10:14:07,233 [cf71df45-b016-41f8-9b9b-982faefd7fda@group-6FF4108BFC54:LeaderElection65] INFO  server.RaftServerConfigKeys (ConfUtils.java:logGet(43)) - raft.server.watch.timeout.denomination = 1s (default)
2019-09-24 10:14:07,233 [b86aa6c7-3dbe-40f9-b91b-7e4f8c702e5b@group-FA0441925729:LeaderElection66] INFO  server.RaftServerConfigKeys (ConfUtils.java:logGet(43)) - raft.server.watch.timeout.denomination = 1s (default)
2019-09-24 10:14:07,233 [cf71df45-b016-41f8-9b9b-982faefd7fda@group-6FF4108BFC54:LeaderElection65] INFO  server.RaftServerConfigKeys (ConfUtils.java:logGet(43)) - raft.server.watch.element-limit = 65536 (default)
2019-09-24 10:14:07,233 [b86aa6c7-3dbe-40f9-b91b-7e4f8c702e5b@group-FA0441925729:LeaderElection66] INFO  server.RaftServerConfigKeys (ConfUtils.java:logGet(43)) - raft.server.watch.element-limit = 65536 (default)
2019-09-24 10:14:07,237 [cf71df45-b016-41f8-9b9b-982faefd7fda@group-6FF4108BFC54:LeaderElection65] INFO  impl.RoleInfo (RoleInfo.java:updateAndGet(143)) - cf71df45-b016-41f8-9b9b-982faefd7fda: start LeaderState
2019-09-24 10:14:07,237 [b86aa6c7-3dbe-40f9-b91b-7e4f8c702e5b@group-FA0441925729:LeaderElection66] INFO  impl.RoleInfo (RoleInfo.java:updateAndGet(143)) - b86aa6c7-3dbe-40f9-b91b-7e4f8c702e5b: start LeaderState
2019-09-24 10:14:07,238 [b86aa6c7-3dbe-40f9-b91b-7e4f8c702e5b@group-FA0441925729:LeaderElection66] INFO  segmented.SegmentedRaftLogWorker (SegmentedRaftLogWorker.java:startLogSegment(380)) - b86aa6c7-3dbe-40f9-b91b-7e4f8c702e5b@group-FA0441925729-SegmentedRaftLogWorker: Starting segment from index:0
2019-09-24 10:14:07,238 [cf71df45-b016-41f8-9b9b-982faefd7fda@group-6FF4108BFC54:LeaderElection65] INFO  segmented.SegmentedRaftLogWorker (SegmentedRaftLogWorker.java:startLogSegment(380)) - cf71df45-b016-41f8-9b9b-982faefd7fda@group-6FF4108BFC54-SegmentedRaftLogWorker: Starting segment from index:0
2019-09-24 10:14:07,239 [b86aa6c7-3dbe-40f9-b91b-7e4f8c702e5b@group-FA0441925729:LeaderElection66] INFO  impl.RaftServerImpl (ServerState.java:setRaftConf(354)) - b86aa6c7-3dbe-40f9-b91b-7e4f8c702e5b@group-FA0441925729: set configuration 0: [b86aa6c7-3dbe-40f9-b91b-7e4f8c702e5b:192.168.151.86:43305], old=null at 0
2019-09-24 10:14:07,239 [cf71df45-b016-41f8-9b9b-982faefd7fda@group-6FF4108BFC54:LeaderElection65] INFO  impl.RaftServerImpl (ServerState.java:setRaftConf(354)) - cf71df45-b016-41f8-9b9b-982faefd7fda@group-6FF4108BFC54: set configuration 0: [cf71df45-b016-41f8-9b9b-982faefd7fda:192.168.151.86:45257], old=null at 0
2019-09-24 10:14:07,267 [b86aa6c7-3dbe-40f9-b91b-7e4f8c702e5b@group-FA0441925729-SegmentedRaftLogWorker] INFO  segmented.SegmentedRaftLogWorker (SegmentedRaftLogWorker.java:execute(569)) - b86aa6c7-3dbe-40f9-b91b-7e4f8c702e5b@group-FA0441925729-SegmentedRaftLogWorker: created new log segment /workdir/hadoop-ozone/integration-test/target/test-dir/MiniOzoneClusterImpl-6e222164-f983-4504-86c8-7ced57a751c7/datanode-0/data/ratis/389985f9-ed43-4a63-a859-fa0441925729/current/log_inprogress_0
2019-09-24 10:14:07,267 [cf71df45-b016-41f8-9b9b-982faefd7fda@group-6FF4108BFC54-SegmentedRaftLogWorker] INFO  segmented.SegmentedRaftLogWorker (SegmentedRaftLogWorker.java:execute(569)) - cf71df45-b016-41f8-9b9b-982faefd7fda@group-6FF4108BFC54-SegmentedRaftLogWorker: created new log segment /workdir/hadoop-ozone/integration-test/target/test-dir/MiniOzoneClusterImpl-6e222164-f983-4504-86c8-7ced57a751c7/datanode-1/data/ratis/8b025051-6aed-4e0a-a7e8-6ff4108bfc54/current/log_inprogress_0
2019-09-24 10:14:07,272 [Thread-3046] INFO  impl.FollowerState (FollowerState.java:run(106)) - cf71df45-b016-41f8-9b9b-982faefd7fda:group-F07334A61175 changes to CANDIDATE, lastRpcTime:5050, electionTimeout:5038ms
2019-09-24 10:14:07,272 [Thread-3046] INFO  impl.RoleInfo (RoleInfo.java:shutdownFollowerState(121)) - cf71df45-b016-41f8-9b9b-982faefd7fda: shutdown FollowerState
2019-09-24 10:14:07,273 [Thread-3046] INFO  impl.RaftServerImpl (RaftServerImpl.java:setRole(174)) - cf71df45-b016-41f8-9b9b-982faefd7fda@group-F07334A61175: changes role from  FOLLOWER to CANDIDATE at term 0 for changeToCandidate
2019-09-24 10:14:07,273 [Thread-3046] INFO  impl.RoleInfo (RoleInfo.java:updateAndGet(143)) - cf71df45-b016-41f8-9b9b-982faefd7fda: start LeaderElection
2019-09-24 10:14:07,292 [cf71df45-b016-41f8-9b9b-982faefd7fda@group-F07334A61175:LeaderElection67] INFO  impl.LeaderElection (LeaderElection.java:askForVotes(182)) - cf71df45-b016-41f8-9b9b-982faefd7fda@group-F07334A61175:LeaderElection67: begin an election at term 1 for -1: [4b136bd6-92d7-47bb-9276-71c0b5ae5f48:192.168.151.86:41495, cf71df45-b016-41f8-9b9b-982faefd7fda:192.168.151.86:45257, b86aa6c7-3dbe-40f9-b91b-7e4f8c702e5b:192.168.151.86:43305], old=null
2019-09-24 10:14:07,296 [grpc-default-executor-8] INFO  impl.RaftServerImpl (RaftServerImpl.java:setRole(174)) - b86aa6c7-3dbe-40f9-b91b-7e4f8c702e5b@group-F07334A61175: changes role from  FOLLOWER to FOLLOWER at term 1 for recognizeCandidate:cf71df45-b016-41f8-9b9b-982faefd7fda
2019-09-24 10:14:07,296 [grpc-default-executor-3] INFO  impl.RaftServerImpl (RaftServerImpl.java:setRole(174)) - 4b136bd6-92d7-47bb-9276-71c0b5ae5f48@group-F07334A61175: changes role from  FOLLOWER to FOLLOWER at term 1 for recognizeCandidate:cf71df45-b016-41f8-9b9b-982faefd7fda
2019-09-24 10:14:07,297 [grpc-default-executor-8] INFO  impl.RoleInfo (RoleInfo.java:shutdownFollowerState(121)) - b86aa6c7-3dbe-40f9-b91b-7e4f8c702e5b: shutdown FollowerState
2019-09-24 10:14:07,297 [grpc-default-executor-3] INFO  impl.RoleInfo (RoleInfo.java:shutdownFollowerState(121)) - 4b136bd6-92d7-47bb-9276-71c0b5ae5f48: shutdown FollowerState
2019-09-24 10:14:07,297 [Thread-3050] INFO  impl.FollowerState (FollowerState.java:run(115)) - b86aa6c7-3dbe-40f9-b91b-7e4f8c702e5b: FollowerState was interrupted: java.lang.InterruptedException: sleep interrupted
2019-09-24 10:14:07,297 [grpc-default-executor-8] INFO  impl.RoleInfo (RoleInfo.java:updateAndGet(143)) - b86aa6c7-3dbe-40f9-b91b-7e4f8c702e5b: start FollowerState
2019-09-24 10:14:07,297 [Thread-3051] INFO  impl.FollowerState (FollowerState.java:run(115)) - 4b136bd6-92d7-47bb-9276-71c0b5ae5f48: FollowerState was interrupted: java.lang.InterruptedException: sleep interrupted
2019-09-24 10:14:07,297 [grpc-default-executor-3] INFO  impl.RoleInfo (RoleInfo.java:updateAndGet(143)) - 4b136bd6-92d7-47bb-9276-71c0b5ae5f48: start FollowerState
2019-09-24 10:14:07,307 [Thread-3043] INFO  impl.FollowerState (FollowerState.java:run(106)) - 4b136bd6-92d7-47bb-9276-71c0b5ae5f48:group-79E2C810C82A changes to CANDIDATE, lastRpcTime:5153, electionTimeout:5153ms
2019-09-24 10:14:07,307 [Thread-3043] INFO  impl.RoleInfo (RoleInfo.java:shutdownFollowerState(121)) - 4b136bd6-92d7-47bb-9276-71c0b5ae5f48: shutdown FollowerState
2019-09-24 10:14:07,307 [Thread-3043] INFO  impl.RaftServerImpl (RaftServerImpl.java:setRole(174)) - 4b136bd6-92d7-47bb-9276-71c0b5ae5f48@group-79E2C810C82A: changes role from  FOLLOWER to CANDIDATE at term 0 for changeToCandidate
2019-09-24 10:14:07,308 [Thread-3043] INFO  impl.RoleInfo (RoleInfo.java:updateAndGet(143)) - 4b136bd6-92d7-47bb-9276-71c0b5ae5f48: start LeaderElection
2019-09-24 10:14:07,327 [4b136bd6-92d7-47bb-9276-71c0b5ae5f48@group-79E2C810C82A:LeaderElection68] INFO  impl.LeaderElection (LeaderElection.java:askForVotes(182)) - 4b136bd6-92d7-47bb-9276-71c0b5ae5f48@group-79E2C810C82A:LeaderElection68: begin an election at term 1 for -1: [4b136bd6-92d7-47bb-9276-71c0b5ae5f48:192.168.151.86:41495], old=null
2019-09-24 10:14:07,327 [4b136bd6-92d7-47bb-9276-71c0b5ae5f48@group-79E2C810C82A:LeaderElection68] INFO  impl.RoleInfo (RoleInfo.java:shutdownLeaderElection(134)) - 4b136bd6-92d7-47bb-9276-71c0b5ae5f48: shutdown LeaderElection
2019-09-24 10:14:07,327 [4b136bd6-92d7-47bb-9276-71c0b5ae5f48@group-79E2C810C82A:LeaderElection68] INFO  impl.RaftServerImpl (RaftServerImpl.java:setRole(174)) - 4b136bd6-92d7-47bb-9276-71c0b5ae5f48@group-79E2C810C82A: changes role from CANDIDATE to LEADER at term 1 for changeToLeader
2019-09-24 10:14:07,330 [4b136bd6-92d7-47bb-9276-71c0b5ae5f48@group-79E2C810C82A:LeaderElection68] INFO  impl.RaftServerImpl (ServerState.java:setLeader(253)) - 4b136bd6-92d7-47bb-9276-71c0b5ae5f48@group-79E2C810C82A: change Leader from null to 4b136bd6-92d7-47bb-9276-71c0b5ae5f48 at term 1 for becomeLeader, leader elected after 5184ms
2019-09-24 10:14:07,347 [cf71df45-b016-41f8-9b9b-982faefd7fda@group-F07334A61175:LeaderElection67] INFO  impl.LeaderElection (LeaderElection.java:logAndReturn(56)) - cf71df45-b016-41f8-9b9b-982faefd7fda@group-F07334A61175:LeaderElection67: Election PASSED; received 1 response(s) [cf71df45-b016-41f8-9b9b-982faefd7fda<-b86aa6c7-3dbe-40f9-b91b-7e4f8c702e5b#0:OK-t1] and 0 exception(s); cf71df45-b016-41f8-9b9b-982faefd7fda@group-F07334A61175:t1, leader=null, voted=cf71df45-b016-41f8-9b9b-982faefd7fda, raftlog=cf71df45-b016-41f8-9b9b-982faefd7fda@group-F07334A61175-SegmentedRaftLog:OPENED:c-1,f-1,i0, conf=-1: [4b136bd6-92d7-47bb-9276-71c0b5ae5f48:192.168.151.86:41495, cf71df45-b016-41f8-9b9b-982faefd7fda:192.168.151.86:45257, b86aa6c7-3dbe-40f9-b91b-7e4f8c702e5b:192.168.151.86:43305], old=null
2019-09-24 10:14:07,347 [4b136bd6-92d7-47bb-9276-71c0b5ae5f48@group-79E2C810C82A:LeaderElection68] INFO  server.RaftServerConfigKeys (ConfUtils.java:logGet(43)) - raft.server.staging.catchup.gap = 1000 (default)
2019-09-24 10:14:07,347 [cf71df45-b016-41f8-9b9b-982faefd7fda@group-F07334A61175:LeaderElection67] INFO  impl.RoleInfo (RoleInfo.java:shutdownLeaderElection(134)) - cf71df45-b016-41f8-9b9b-982faefd7fda: shutdown LeaderElection
2019-09-24 10:14:07,348 [4b136bd6-92d7-47bb-9276-71c0b5ae5f48@group-79E2C810C82A:LeaderElection68] INFO  server.RaftServerConfigKeys (ConfUtils.java:logGet(43)) - raft.server.rpc.sleep.time = 25ms (default)
2019-09-24 10:14:07,350 [cf71df45-b016-41f8-9b9b-982faefd7fda@group-F07334A61175:LeaderElection67] INFO  impl.RaftServerImpl (RaftServerImpl.java:setRole(174)) - cf71df45-b016-41f8-9b9b-982faefd7fda@group-F07334A61175: changes role from CANDIDATE to LEADER at term 1 for changeToLeader
2019-09-24 10:14:07,350 [4b136bd6-92d7-47bb-9276-71c0b5ae5f48@group-79E2C810C82A:LeaderElection68] INFO  server.RaftServerConfigKeys (ConfUtils.java:logGet(43)) - raft.server.write.element-limit = 4096 (default)
2019-09-24 10:14:07,350 [cf71df45-b016-41f8-9b9b-982faefd7fda@group-F07334A61175:LeaderElection67] INFO  impl.RaftServerImpl (ServerState.java:setLeader(253)) - cf71df45-b016-41f8-9b9b-982faefd7fda@group-F07334A61175: change Leader from null to cf71df45-b016-41f8-9b9b-982faefd7fda at term 1 for becomeLeader, leader elected after 5137ms
2019-09-24 10:14:07,350 [4b136bd6-92d7-47bb-9276-71c0b5ae5f48@group-79E2C810C82A:LeaderElection68] INFO  server.RaftServerConfigKeys (ConfUtils.java:logGet(43)) - raft.server.watch.timeout = 10s (default)
2019-09-24 10:14:07,351 [cf71df45-b016-41f8-9b9b-982faefd7fda@group-F07334A61175:LeaderElection67] INFO  server.RaftServerConfigKeys (ConfUtils.java:logGet(43)) - raft.server.staging.catchup.gap = 1000 (default)
2019-09-24 10:14:07,351 [4b136bd6-92d7-47bb-9276-71c0b5ae5f48@group-79E2C810C82A:LeaderElection68] INFO  server.RaftServerConfigKeys (ConfUtils.java:logGet(43)) - raft.server.watch.timeout.denomination = 1s (default)
2019-09-24 10:14:07,351 [cf71df45-b016-41f8-9b9b-982faefd7fda@group-F07334A61175:LeaderElection67] INFO  server.RaftServerConfigKeys (ConfUtils.java:logGet(43)) - raft.server.rpc.sleep.time = 25ms (default)
2019-09-24 10:14:07,351 [4b136bd6-92d7-47bb-9276-71c0b5ae5f48@group-79E2C810C82A:LeaderElection68] INFO  server.RaftServerConfigKeys (ConfUtils.java:logGet(43)) - raft.server.watch.element-limit = 65536 (default)
2019-09-24 10:14:07,351 [cf71df45-b016-41f8-9b9b-982faefd7fda@group-F07334A61175:LeaderElection67] INFO  server.RaftServerConfigKeys (ConfUtils.java:logGet(43)) - raft.server.write.element-limit = 4096 (default)
2019-09-24 10:14:07,351 [cf71df45-b016-41f8-9b9b-982faefd7fda@group-F07334A61175:LeaderElection67] INFO  server.RaftServerConfigKeys (ConfUtils.java:logGet(43)) - raft.server.watch.timeout = 10s (default)
2019-09-24 10:14:07,351 [cf71df45-b016-41f8-9b9b-982faefd7fda@group-F07334A61175:LeaderElection67] INFO  server.RaftServerConfigKeys (ConfUtils.java:logGet(43)) - raft.server.watch.timeout.denomination = 1s (default)
2019-09-24 10:14:07,351 [cf71df45-b016-41f8-9b9b-982faefd7fda@group-F07334A61175:LeaderElection67] INFO  server.RaftServerConfigKeys (ConfUtils.java:logGet(43)) - raft.server.watch.element-limit = 65536 (default)
2019-09-24 10:14:07,354 [4b136bd6-92d7-47bb-9276-71c0b5ae5f48@group-79E2C810C82A:LeaderElection68] INFO  impl.RoleInfo (RoleInfo.java:updateAndGet(143)) - 4b136bd6-92d7-47bb-9276-71c0b5ae5f48: start LeaderState
2019-09-24 10:14:07,354 [4b136bd6-92d7-47bb-9276-71c0b5ae5f48@group-79E2C810C82A:LeaderElection68] INFO  segmented.SegmentedRaftLogWorker (SegmentedRaftLogWorker.java:startLogSegment(380)) - 4b136bd6-92d7-47bb-9276-71c0b5ae5f48@group-79E2C810C82A-SegmentedRaftLogWorker: Starting segment from index:0
2019-09-24 10:14:07,354 [4b136bd6-92d7-47bb-9276-71c0b5ae5f48@group-79E2C810C82A:LeaderElection68] INFO  impl.RaftServerImpl (ServerState.java:setRaftConf(354)) - 4b136bd6-92d7-47bb-9276-71c0b5ae5f48@group-79E2C810C82A: set configuration 0: [4b136bd6-92d7-47bb-9276-71c0b5ae5f48:192.168.151.86:41495], old=null at 0
2019-09-24 10:14:07,354 [cf71df45-b016-41f8-9b9b-982faefd7fda@group-F07334A61175:LeaderElection67] INFO  server.RaftServerConfigKeys (ConfUtils.java:logGet(43)) - raft.server.log.appender.snapshot.chunk.size.max = 16MB (=16777216) (default)
2019-09-24 10:14:07,357 [cf71df45-b016-41f8-9b9b-982faefd7fda@group-F07334A61175:LeaderElection67] INFO  server.RaftServerConfigKeys (ConfUtils.java:logGet(43)) - raft.server.log.appender.buffer.byte-limit = 33554432 (custom)
2019-09-24 10:14:07,357 [cf71df45-b016-41f8-9b9b-982faefd7fda@group-F07334A61175:LeaderElection67] INFO  server.RaftServerConfigKeys (ConfUtils.java:logGet(43)) - raft.server.log.appender.buffer.element-limit = 1 (custom)
2019-09-24 10:14:07,358 [cf71df45-b016-41f8-9b9b-982faefd7fda@group-F07334A61175:LeaderElection67] INFO  grpc.GrpcConfigKeys$Server (ConfUtils.java:logGet(43)) - raft.grpc.server.leader.outstanding.appends.max = 128 (default)
2019-09-24 10:14:07,358 [cf71df45-b016-41f8-9b9b-982faefd7fda@group-F07334A61175:LeaderElection67] INFO  server.RaftServerConfigKeys (ConfUtils.java:logGet(43)) - raft.server.rpc.request.timeout = 3000ms (default)
2019-09-24 10:14:07,358 [cf71df45-b016-41f8-9b9b-982faefd7fda@group-F07334A61175:LeaderElection67] INFO  server.RaftServerConfigKeys (ConfUtils.java:logGet(43)) - raft.server.log.appender.install.snapshot.enabled = false (custom)
2019-09-24 10:14:07,358 [cf71df45-b016-41f8-9b9b-982faefd7fda@group-F07334A61175:LeaderElection67] INFO  server.RaftServerConfigKeys (ConfUtils.java:logGet(43)) - raft.server.log.appender.snapshot.chunk.size.max = 16MB (=16777216) (default)
2019-09-24 10:14:07,358 [cf71df45-b016-41f8-9b9b-982faefd7fda@group-F07334A61175:LeaderElection67] INFO  server.RaftServerConfigKeys (ConfUtils.java:logGet(43)) - raft.server.log.appender.buffer.byte-limit = 33554432 (custom)
2019-09-24 10:14:07,359 [cf71df45-b016-41f8-9b9b-982faefd7fda@group-F07334A61175:LeaderElection67] INFO  server.RaftServerConfigKeys (ConfUtils.java:logGet(43)) - raft.server.log.appender.buffer.element-limit = 1 (custom)
2019-09-24 10:14:07,359 [cf71df45-b016-41f8-9b9b-982faefd7fda@group-F07334A61175:LeaderElection67] INFO  grpc.GrpcConfigKeys$Server (ConfUtils.java:logGet(43)) - raft.grpc.server.leader.outstanding.appends.max = 128 (default)
2019-09-24 10:14:07,359 [cf71df45-b016-41f8-9b9b-982faefd7fda@group-F07334A61175:LeaderElection67] INFO  server.RaftServerConfigKeys (ConfUtils.java:logGet(43)) - raft.server.rpc.request.timeout = 3000ms (default)
2019-09-24 10:14:07,359 [cf71df45-b016-41f8-9b9b-982faefd7fda@group-F07334A61175:LeaderElection67] INFO  server.RaftServerConfigKeys (ConfUtils.java:logGet(43)) - raft.server.log.appender.install.snapshot.enabled = false (custom)
2019-09-24 10:14:07,359 [cf71df45-b016-41f8-9b9b-982faefd7fda@group-F07334A61175:LeaderElection67] INFO  impl.RoleInfo (RoleInfo.java:updateAndGet(143)) - cf71df45-b016-41f8-9b9b-982faefd7fda: start LeaderState
2019-09-24 10:14:07,360 [cf71df45-b016-41f8-9b9b-982faefd7fda@group-F07334A61175:LeaderElection67] INFO  segmented.SegmentedRaftLogWorker (SegmentedRaftLogWorker.java:startLogSegment(380)) - cf71df45-b016-41f8-9b9b-982faefd7fda@group-F07334A61175-SegmentedRaftLogWorker: Starting segment from index:0
2019-09-24 10:14:07,361 [cf71df45-b016-41f8-9b9b-982faefd7fda@group-F07334A61175:LeaderElection67] INFO  impl.RaftServerImpl (ServerState.java:setRaftConf(354)) - cf71df45-b016-41f8-9b9b-982faefd7fda@group-F07334A61175: set configuration 0: [4b136bd6-92d7-47bb-9276-71c0b5ae5f48:192.168.151.86:41495, cf71df45-b016-41f8-9b9b-982faefd7fda:192.168.151.86:45257, b86aa6c7-3dbe-40f9-b91b-7e4f8c702e5b:192.168.151.86:43305], old=null at 0
2019-09-24 10:14:07,387 [grpc-default-executor-3] INFO  impl.RaftServerImpl (ServerState.java:setLeader(253)) - b86aa6c7-3dbe-40f9-b91b-7e4f8c702e5b@group-F07334A61175: change Leader from null to cf71df45-b016-41f8-9b9b-982faefd7fda at term 1 for appendEntries, leader elected after 5173ms
2019-09-24 10:14:07,387 [grpc-default-executor-8] INFO  impl.RaftServerImpl (ServerState.java:setLeader(253)) - 4b136bd6-92d7-47bb-9276-71c0b5ae5f48@group-F07334A61175: change Leader from null to cf71df45-b016-41f8-9b9b-982faefd7fda at term 1 for appendEntries, leader elected after 5173ms
2019-09-24 10:14:07,390 [4b136bd6-92d7-47bb-9276-71c0b5ae5f48@group-79E2C810C82A-SegmentedRaftLogWorker] INFO  segmented.SegmentedRaftLogWorker (SegmentedRaftLogWorker.java:execute(569)) - 4b136bd6-92d7-47bb-9276-71c0b5ae5f48@group-79E2C810C82A-SegmentedRaftLogWorker: created new log segment /workdir/hadoop-ozone/integration-test/target/test-dir/MiniOzoneClusterImpl-6e222164-f983-4504-86c8-7ced57a751c7/datanode-2/data/ratis/86a28454-043f-4383-bb34-79e2c810c82a/current/log_inprogress_0
2019-09-24 10:14:07,390 [cf71df45-b016-41f8-9b9b-982faefd7fda@group-F07334A61175-SegmentedRaftLogWorker] INFO  segmented.SegmentedRaftLogWorker (SegmentedRaftLogWorker.java:execute(569)) - cf71df45-b016-41f8-9b9b-982faefd7fda@group-F07334A61175-SegmentedRaftLogWorker: created new log segment /workdir/hadoop-ozone/integration-test/target/test-dir/MiniOzoneClusterImpl-6e222164-f983-4504-86c8-7ced57a751c7/datanode-1/data/ratis/32b10c15-7fd6-4d2a-9e1c-f07334a61175/current/log_inprogress_0
2019-09-24 10:14:07,392 [grpc-default-executor-8] INFO  impl.RaftServerImpl (ServerState.java:setRaftConf(354)) - b86aa6c7-3dbe-40f9-b91b-7e4f8c702e5b@group-F07334A61175: set configuration 0: [4b136bd6-92d7-47bb-9276-71c0b5ae5f48:192.168.151.86:41495, cf71df45-b016-41f8-9b9b-982faefd7fda:192.168.151.86:45257, b86aa6c7-3dbe-40f9-b91b-7e4f8c702e5b:192.168.151.86:43305], old=null at 0
2019-09-24 10:14:07,392 [grpc-default-executor-3] INFO  impl.RaftServerImpl (ServerState.java:setRaftConf(354)) - 4b136bd6-92d7-47bb-9276-71c0b5ae5f48@group-F07334A61175: set configuration 0: [4b136bd6-92d7-47bb-9276-71c0b5ae5f48:192.168.151.86:41495, cf71df45-b016-41f8-9b9b-982faefd7fda:192.168.151.86:45257, b86aa6c7-3dbe-40f9-b91b-7e4f8c702e5b:192.168.151.86:43305], old=null at 0
2019-09-24 10:14:07,392 [grpc-default-executor-8] INFO  segmented.SegmentedRaftLogWorker (SegmentedRaftLogWorker.java:startLogSegment(380)) - b86aa6c7-3dbe-40f9-b91b-7e4f8c702e5b@group-F07334A61175-SegmentedRaftLogWorker: Starting segment from index:0
2019-09-24 10:14:07,392 [grpc-default-executor-3] INFO  segmented.SegmentedRaftLogWorker (SegmentedRaftLogWorker.java:startLogSegment(380)) - 4b136bd6-92d7-47bb-9276-71c0b5ae5f48@group-F07334A61175-SegmentedRaftLogWorker: Starting segment from index:0
2019-09-24 10:14:07,417 [4b136bd6-92d7-47bb-9276-71c0b5ae5f48@group-F07334A61175-SegmentedRaftLogWorker] INFO  segmented.SegmentedRaftLogWorker (SegmentedRaftLogWorker.java:execute(569)) - 4b136bd6-92d7-47bb-9276-71c0b5ae5f48@group-F07334A61175-SegmentedRaftLogWorker: created new log segment /workdir/hadoop-ozone/integration-test/target/test-dir/MiniOzoneClusterImpl-6e222164-f983-4504-86c8-7ced57a751c7/datanode-2/data/ratis/32b10c15-7fd6-4d2a-9e1c-f07334a61175/current/log_inprogress_0
2019-09-24 10:14:07,417 [b86aa6c7-3dbe-40f9-b91b-7e4f8c702e5b@group-F07334A61175-SegmentedRaftLogWorker] INFO  segmented.SegmentedRaftLogWorker (SegmentedRaftLogWorker.java:execute(569)) - b86aa6c7-3dbe-40f9-b91b-7e4f8c702e5b@group-F07334A61175-SegmentedRaftLogWorker: created new log segment /workdir/hadoop-ozone/integration-test/target/test-dir/MiniOzoneClusterImpl-6e222164-f983-4504-86c8-7ced57a751c7/datanode-0/data/ratis/32b10c15-7fd6-4d2a-9e1c-f07334a61175/current/log_inprogress_0
2019-09-24 10:14:07,535 [Thread-3055] INFO  impl.FollowerState (FollowerState.java:run(106)) - 6a7af362-491e-49cd-b30f-2f9aa366d0e8:group-18D592EB57FB changes to CANDIDATE, lastRpcTime:5126, electionTimeout:5126ms
2019-09-24 10:14:07,535 [Thread-3055] INFO  impl.RoleInfo (RoleInfo.java:shutdownFollowerState(121)) - 6a7af362-491e-49cd-b30f-2f9aa366d0e8: shutdown FollowerState
2019-09-24 10:14:07,535 [Thread-3055] INFO  impl.RaftServerImpl (RaftServerImpl.java:setRole(174)) - 6a7af362-491e-49cd-b30f-2f9aa366d0e8@group-18D592EB57FB: changes role from  FOLLOWER to CANDIDATE at term 0 for changeToCandidate
2019-09-24 10:14:07,535 [Thread-3055] INFO  impl.RoleInfo (RoleInfo.java:updateAndGet(143)) - 6a7af362-491e-49cd-b30f-2f9aa366d0e8: start LeaderElection
2019-09-24 10:14:07,542 [Thread-3060] INFO  impl.FollowerState (FollowerState.java:run(106)) - ca834742-0914-4d68-a49d-04c1c4eb314f:group-A59842B64ADB changes to CANDIDATE, lastRpcTime:5059, electionTimeout:5057ms
2019-09-24 10:14:07,542 [Thread-3060] INFO  impl.RoleInfo (RoleInfo.java:shutdownFollowerState(121)) - ca834742-0914-4d68-a49d-04c1c4eb314f: shutdown FollowerState
2019-09-24 10:14:07,542 [Thread-3060] INFO  impl.RaftServerImpl (RaftServerImpl.java:setRole(174)) - ca834742-0914-4d68-a49d-04c1c4eb314f@group-A59842B64ADB: changes role from  FOLLOWER to CANDIDATE at term 0 for changeToCandidate
2019-09-24 10:14:07,543 [Thread-3060] INFO  impl.RoleInfo (RoleInfo.java:updateAndGet(143)) - ca834742-0914-4d68-a49d-04c1c4eb314f: start LeaderElection
2019-09-24 10:14:07,572 [ca834742-0914-4d68-a49d-04c1c4eb314f@group-A59842B64ADB:LeaderElection70] INFO  impl.LeaderElection (LeaderElection.java:askForVotes(182)) - ca834742-0914-4d68-a49d-04c1c4eb314f@group-A59842B64ADB:LeaderElection70: begin an election at term 1 for -1: [ca834742-0914-4d68-a49d-04c1c4eb314f:192.168.151.86:46285], old=null
2019-09-24 10:14:07,572 [6a7af362-491e-49cd-b30f-2f9aa366d0e8@group-18D592EB57FB:LeaderElection69] INFO  impl.LeaderElection (LeaderElection.java:askForVotes(182)) - 6a7af362-491e-49cd-b30f-2f9aa366d0e8@group-18D592EB57FB:LeaderElection69: begin an election at term 1 for -1: [6a7af362-491e-49cd-b30f-2f9aa366d0e8:192.168.151.86:42953], old=null
2019-09-24 10:14:07,572 [ca834742-0914-4d68-a49d-04c1c4eb314f@group-A59842B64ADB:LeaderElection70] INFO  impl.RoleInfo (RoleInfo.java:shutdownLeaderElection(134)) - ca834742-0914-4d68-a49d-04c1c4eb314f: shutdown LeaderElection
2019-09-24 10:14:07,572 [6a7af362-491e-49cd-b30f-2f9aa366d0e8@group-18D592EB57FB:LeaderElection69] INFO  impl.RoleInfo (RoleInfo.java:shutdownLeaderElection(134)) - 6a7af362-491e-49cd-b30f-2f9aa366d0e8: shutdown LeaderElection
2019-09-24 10:14:07,572 [ca834742-0914-4d68-a49d-04c1c4eb314f@group-A59842B64ADB:LeaderElection70] INFO  impl.RaftServerImpl (RaftServerImpl.java:setRole(174)) - ca834742-0914-4d68-a49d-04c1c4eb314f@group-A59842B64ADB: changes role from CANDIDATE to LEADER at term 1 for changeToLeader
2019-09-24 10:14:07,572 [6a7af362-491e-49cd-b30f-2f9aa366d0e8@group-18D592EB57FB:LeaderElection69] INFO  impl.RaftServerImpl (RaftServerImpl.java:setRole(174)) - 6a7af362-491e-49cd-b30f-2f9aa366d0e8@group-18D592EB57FB: changes role from CANDIDATE to LEADER at term 1 for changeToLeader
2019-09-24 10:14:07,572 [ca834742-0914-4d68-a49d-04c1c4eb314f@group-A59842B64ADB:LeaderElection70] INFO  impl.RaftServerImpl (ServerState.java:setLeader(253)) - ca834742-0914-4d68-a49d-04c1c4eb314f@group-A59842B64ADB: change Leader from null to ca834742-0914-4d68-a49d-04c1c4eb314f at term 1 for becomeLeader, leader elected after 5117ms
2019-09-24 10:14:07,572 [6a7af362-491e-49cd-b30f-2f9aa366d0e8@group-18D592EB57FB:LeaderElection69] INFO  impl.RaftServerImpl (ServerState.java:setLeader(253)) - 6a7af362-491e-49cd-b30f-2f9aa366d0e8@group-18D592EB57FB: change Leader from null to 6a7af362-491e-49cd-b30f-2f9aa366d0e8 at term 1 for becomeLeader, leader elected after 5172ms
2019-09-24 10:14:07,573 [ca834742-0914-4d68-a49d-04c1c4eb314f@group-A59842B64ADB:LeaderElection70] INFO  server.RaftServerConfigKeys (ConfUtils.java:logGet(43)) - raft.server.staging.catchup.gap = 1000 (default)
2019-09-24 10:14:07,573 [6a7af362-491e-49cd-b30f-2f9aa366d0e8@group-18D592EB57FB:LeaderElection69] INFO  server.RaftServerConfigKeys (ConfUtils.java:logGet(43)) - raft.server.staging.catchup.gap = 1000 (default)
2019-09-24 10:14:07,573 [ca834742-0914-4d68-a49d-04c1c4eb314f@group-A59842B64ADB:LeaderElection70] INFO  server.RaftServerConfigKeys (ConfUtils.java:logGet(43)) - raft.server.rpc.sleep.time = 25ms (default)
2019-09-24 10:14:07,573 [6a7af362-491e-49cd-b30f-2f9aa366d0e8@group-18D592EB57FB:LeaderElection69] INFO  server.RaftServerConfigKeys (ConfUtils.java:logGet(43)) - raft.server.rpc.sleep.time = 25ms (default)
2019-09-24 10:14:07,573 [ca834742-0914-4d68-a49d-04c1c4eb314f@group-A59842B64ADB:LeaderElection70] INFO  server.RaftServerConfigKeys (ConfUtils.java:logGet(43)) - raft.server.write.element-limit = 4096 (default)
2019-09-24 10:14:07,573 [6a7af362-491e-49cd-b30f-2f9aa366d0e8@group-18D592EB57FB:LeaderElection69] INFO  server.RaftServerConfigKeys (ConfUtils.java:logGet(43)) - raft.server.write.element-limit = 4096 (default)
2019-09-24 10:14:07,573 [ca834742-0914-4d68-a49d-04c1c4eb314f@group-A59842B64ADB:LeaderElection70] INFO  server.RaftServerConfigKeys (ConfUtils.java:logGet(43)) - raft.server.watch.timeout = 10s (default)
2019-09-24 10:14:07,573 [6a7af362-491e-49cd-b30f-2f9aa366d0e8@group-18D592EB57FB:LeaderElection69] INFO  server.RaftServerConfigKeys (ConfUtils.java:logGet(43)) - raft.server.watch.timeout = 10s (default)
2019-09-24 10:14:07,573 [ca834742-0914-4d68-a49d-04c1c4eb314f@group-A59842B64ADB:LeaderElection70] INFO  server.RaftServerConfigKeys (ConfUtils.java:logGet(43)) - raft.server.watch.timeout.denomination = 1s (default)
2019-09-24 10:14:07,573 [6a7af362-491e-49cd-b30f-2f9aa366d0e8@group-18D592EB57FB:LeaderElection69] INFO  server.RaftServerConfigKeys (ConfUtils.java:logGet(43)) - raft.server.watch.timeout.denomination = 1s (default)
2019-09-24 10:14:07,574 [ca834742-0914-4d68-a49d-04c1c4eb314f@group-A59842B64ADB:LeaderElection70] INFO  server.RaftServerConfigKeys (ConfUtils.java:logGet(43)) - raft.server.watch.element-limit = 65536 (default)
2019-09-24 10:14:07,574 [6a7af362-491e-49cd-b30f-2f9aa366d0e8@group-18D592EB57FB:LeaderElection69] INFO  server.RaftServerConfigKeys (ConfUtils.java:logGet(43)) - raft.server.watch.element-limit = 65536 (default)
2019-09-24 10:14:07,576 [ca834742-0914-4d68-a49d-04c1c4eb314f@group-A59842B64ADB:LeaderElection70] INFO  impl.RoleInfo (RoleInfo.java:updateAndGet(143)) - ca834742-0914-4d68-a49d-04c1c4eb314f: start LeaderState
2019-09-24 10:14:07,577 [6a7af362-491e-49cd-b30f-2f9aa366d0e8@group-18D592EB57FB:LeaderElection69] INFO  impl.RoleInfo (RoleInfo.java:updateAndGet(143)) - 6a7af362-491e-49cd-b30f-2f9aa366d0e8: start LeaderState
2019-09-24 10:14:07,577 [ca834742-0914-4d68-a49d-04c1c4eb314f@group-A59842B64ADB:LeaderElection70] INFO  segmented.SegmentedRaftLogWorker (SegmentedRaftLogWorker.java:startLogSegment(380)) - ca834742-0914-4d68-a49d-04c1c4eb314f@group-A59842B64ADB-SegmentedRaftLogWorker: Starting segment from index:0
2019-09-24 10:14:07,577 [6a7af362-491e-49cd-b30f-2f9aa366d0e8@group-18D592EB57FB:LeaderElection69] INFO  segmented.SegmentedRaftLogWorker (SegmentedRaftLogWorker.java:startLogSegment(380)) - 6a7af362-491e-49cd-b30f-2f9aa366d0e8@group-18D592EB57FB-SegmentedRaftLogWorker: Starting segment from index:0
2019-09-24 10:14:07,577 [ca834742-0914-4d68-a49d-04c1c4eb314f@group-A59842B64ADB:LeaderElection70] INFO  impl.RaftServerImpl (ServerState.java:setRaftConf(354)) - ca834742-0914-4d68-a49d-04c1c4eb314f@group-A59842B64ADB: set configuration 0: [ca834742-0914-4d68-a49d-04c1c4eb314f:192.168.151.86:46285], old=null at 0
2019-09-24 10:14:07,594 [6a7af362-491e-49cd-b30f-2f9aa366d0e8@group-18D592EB57FB:LeaderElection69] INFO  impl.RaftServerImpl (ServerState.java:setRaftConf(354)) - 6a7af362-491e-49cd-b30f-2f9aa366d0e8@group-18D592EB57FB: set configuration 0: [6a7af362-491e-49cd-b30f-2f9aa366d0e8:192.168.151.86:42953], old=null at 0
2019-09-24 10:14:07,607 [ca834742-0914-4d68-a49d-04c1c4eb314f@group-A59842B64ADB-SegmentedRaftLogWorker] INFO  segmented.SegmentedRaftLogWorker (SegmentedRaftLogWorker.java:execute(569)) - ca834742-0914-4d68-a49d-04c1c4eb314f@group-A59842B64ADB-SegmentedRaftLogWorker: created new log segment /workdir/hadoop-ozone/integration-test/target/test-dir/MiniOzoneClusterImpl-6e222164-f983-4504-86c8-7ced57a751c7/datanode-4/data/ratis/ebc07516-96c8-4f4f-b7fa-a59842b64adb/current/log_inprogress_0
2019-09-24 10:14:07,610 [6a7af362-491e-49cd-b30f-2f9aa366d0e8@group-18D592EB57FB-SegmentedRaftLogWorker] INFO  segmented.SegmentedRaftLogWorker (SegmentedRaftLogWorker.java:execute(569)) - 6a7af362-491e-49cd-b30f-2f9aa366d0e8@group-18D592EB57FB-SegmentedRaftLogWorker: created new log segment /workdir/hadoop-ozone/integration-test/target/test-dir/MiniOzoneClusterImpl-6e222164-f983-4504-86c8-7ced57a751c7/datanode-3/data/ratis/32d32828-4484-4c3c-88f8-18d592eb57fb/current/log_inprogress_0
2019-09-24 10:14:07,625 [Thread-3063] INFO  impl.FollowerState (FollowerState.java:run(106)) - df23de65-1753-4a96-89f5-61d98b5b33f2:group-D177E9B2211D changes to CANDIDATE, lastRpcTime:5074, electionTimeout:5074ms
2019-09-24 10:14:07,626 [Thread-3063] INFO  impl.RoleInfo (RoleInfo.java:shutdownFollowerState(121)) - df23de65-1753-4a96-89f5-61d98b5b33f2: shutdown FollowerState
2019-09-24 10:14:07,626 [Thread-3063] INFO  impl.RaftServerImpl (RaftServerImpl.java:setRole(174)) - df23de65-1753-4a96-89f5-61d98b5b33f2@group-D177E9B2211D: changes role from  FOLLOWER to CANDIDATE at term 0 for changeToCandidate
2019-09-24 10:14:07,626 [Thread-3063] INFO  impl.RoleInfo (RoleInfo.java:updateAndGet(143)) - df23de65-1753-4a96-89f5-61d98b5b33f2: start LeaderElection
2019-09-24 10:14:07,633 [Thread-3066] INFO  impl.FollowerState (FollowerState.java:run(106)) - e8ee721d-c47f-4ec8-9e06-9f61dddfbf75:group-20EEFD0BC069 changes to CANDIDATE, lastRpcTime:5024, electionTimeout:5021ms
2019-09-24 10:14:07,633 [Thread-3066] INFO  impl.RoleInfo (RoleInfo.java:shutdownFollowerState(121)) - e8ee721d-c47f-4ec8-9e06-9f61dddfbf75: shutdown FollowerState
2019-09-24 10:14:07,633 [Thread-3066] INFO  impl.RaftServerImpl (RaftServerImpl.java:setRole(174)) - e8ee721d-c47f-4ec8-9e06-9f61dddfbf75@group-20EEFD0BC069: changes role from  FOLLOWER to CANDIDATE at term 0 for changeToCandidate
2019-09-24 10:14:07,633 [Thread-3066] INFO  impl.RoleInfo (RoleInfo.java:updateAndGet(143)) - e8ee721d-c47f-4ec8-9e06-9f61dddfbf75: start LeaderElection
2019-09-24 10:14:07,637 [df23de65-1753-4a96-89f5-61d98b5b33f2@group-D177E9B2211D:LeaderElection71] INFO  impl.LeaderElection (LeaderElection.java:askForVotes(182)) - df23de65-1753-4a96-89f5-61d98b5b33f2@group-D177E9B2211D:LeaderElection71: begin an election at term 1 for -1: [df23de65-1753-4a96-89f5-61d98b5b33f2:192.168.151.86:44638], old=null
2019-09-24 10:14:07,637 [df23de65-1753-4a96-89f5-61d98b5b33f2@group-D177E9B2211D:LeaderElection71] INFO  impl.RoleInfo (RoleInfo.java:shutdownLeaderElection(134)) - df23de65-1753-4a96-89f5-61d98b5b33f2: shutdown LeaderElection
2019-09-24 10:14:07,637 [df23de65-1753-4a96-89f5-61d98b5b33f2@group-D177E9B2211D:LeaderElection71] INFO  impl.RaftServerImpl (RaftServerImpl.java:setRole(174)) - df23de65-1753-4a96-89f5-61d98b5b33f2@group-D177E9B2211D: changes role from CANDIDATE to LEADER at term 1 for changeToLeader
2019-09-24 10:14:07,637 [df23de65-1753-4a96-89f5-61d98b5b33f2@group-D177E9B2211D:LeaderElection71] INFO  impl.RaftServerImpl (ServerState.java:setLeader(253)) - df23de65-1753-4a96-89f5-61d98b5b33f2@group-D177E9B2211D: change Leader from null to df23de65-1753-4a96-89f5-61d98b5b33f2 at term 1 for becomeLeader, leader elected after 5092ms
2019-09-24 10:14:07,637 [df23de65-1753-4a96-89f5-61d98b5b33f2@group-D177E9B2211D:LeaderElection71] INFO  server.RaftServerConfigKeys (ConfUtils.java:logGet(43)) - raft.server.staging.catchup.gap = 1000 (default)
2019-09-24 10:14:07,637 [df23de65-1753-4a96-89f5-61d98b5b33f2@group-D177E9B2211D:LeaderElection71] INFO  server.RaftServerConfigKeys (ConfUtils.java:logGet(43)) - raft.server.rpc.sleep.time = 25ms (default)
2019-09-24 10:14:07,638 [df23de65-1753-4a96-89f5-61d98b5b33f2@group-D177E9B2211D:LeaderElection71] INFO  server.RaftServerConfigKeys (ConfUtils.java:logGet(43)) - raft.server.write.element-limit = 4096 (default)
2019-09-24 10:14:07,638 [df23de65-1753-4a96-89f5-61d98b5b33f2@group-D177E9B2211D:LeaderElection71] INFO  server.RaftServerConfigKeys (ConfUtils.java:logGet(43)) - raft.server.watch.timeout = 10s (default)
2019-09-24 10:14:07,638 [df23de65-1753-4a96-89f5-61d98b5b33f2@group-D177E9B2211D:LeaderElection71] INFO  server.RaftServerConfigKeys (ConfUtils.java:logGet(43)) - raft.server.watch.timeout.denomination = 1s (default)
2019-09-24 10:14:07,638 [df23de65-1753-4a96-89f5-61d98b5b33f2@group-D177E9B2211D:LeaderElection71] INFO  server.RaftServerConfigKeys (ConfUtils.java:logGet(43)) - raft.server.watch.element-limit = 65536 (default)
2019-09-24 10:14:07,639 [df23de65-1753-4a96-89f5-61d98b5b33f2@group-D177E9B2211D:LeaderElection71] INFO  impl.RoleInfo (RoleInfo.java:updateAndGet(143)) - df23de65-1753-4a96-89f5-61d98b5b33f2: start LeaderState
2019-09-24 10:14:07,639 [df23de65-1753-4a96-89f5-61d98b5b33f2@group-D177E9B2211D:LeaderElection71] INFO  segmented.SegmentedRaftLogWorker (SegmentedRaftLogWorker.java:startLogSegment(380)) - df23de65-1753-4a96-89f5-61d98b5b33f2@group-D177E9B2211D-SegmentedRaftLogWorker: Starting segment from index:0
2019-09-24 10:14:07,640 [df23de65-1753-4a96-89f5-61d98b5b33f2@group-D177E9B2211D:LeaderElection71] INFO  impl.RaftServerImpl (ServerState.java:setRaftConf(354)) - df23de65-1753-4a96-89f5-61d98b5b33f2@group-D177E9B2211D: set configuration 0: [df23de65-1753-4a96-89f5-61d98b5b33f2:192.168.151.86:44638], old=null at 0
2019-09-24 10:14:07,655 [e8ee721d-c47f-4ec8-9e06-9f61dddfbf75@group-20EEFD0BC069:LeaderElection72] INFO  impl.LeaderElection (LeaderElection.java:askForVotes(182)) - e8ee721d-c47f-4ec8-9e06-9f61dddfbf75@group-20EEFD0BC069:LeaderElection72: begin an election at term 1 for -1: [e8ee721d-c47f-4ec8-9e06-9f61dddfbf75:192.168.151.86:42204], old=null
2019-09-24 10:14:07,655 [e8ee721d-c47f-4ec8-9e06-9f61dddfbf75@group-20EEFD0BC069:LeaderElection72] INFO  impl.RoleInfo (RoleInfo.java:shutdownLeaderElection(134)) - e8ee721d-c47f-4ec8-9e06-9f61dddfbf75: shutdown LeaderElection
2019-09-24 10:14:07,655 [e8ee721d-c47f-4ec8-9e06-9f61dddfbf75@group-20EEFD0BC069:LeaderElection72] INFO  impl.RaftServerImpl (RaftServerImpl.java:setRole(174)) - e8ee721d-c47f-4ec8-9e06-9f61dddfbf75@group-20EEFD0BC069: changes role from CANDIDATE to LEADER at term 1 for changeToLeader
2019-09-24 10:14:07,655 [e8ee721d-c47f-4ec8-9e06-9f61dddfbf75@group-20EEFD0BC069:LeaderElection72] INFO  impl.RaftServerImpl (ServerState.java:setLeader(253)) - e8ee721d-c47f-4ec8-9e06-9f61dddfbf75@group-20EEFD0BC069: change Leader from null to e8ee721d-c47f-4ec8-9e06-9f61dddfbf75 at term 1 for becomeLeader, leader elected after 5056ms
2019-09-24 10:14:07,655 [e8ee721d-c47f-4ec8-9e06-9f61dddfbf75@group-20EEFD0BC069:LeaderElection72] INFO  server.RaftServerConfigKeys (ConfUtils.java:logGet(43)) - raft.server.staging.catchup.gap = 1000 (default)
2019-09-24 10:14:07,656 [e8ee721d-c47f-4ec8-9e06-9f61dddfbf75@group-20EEFD0BC069:LeaderElection72] INFO  server.RaftServerConfigKeys (ConfUtils.java:logGet(43)) - raft.server.rpc.sleep.time = 25ms (default)
2019-09-24 10:14:07,656 [e8ee721d-c47f-4ec8-9e06-9f61dddfbf75@group-20EEFD0BC069:LeaderElection72] INFO  server.RaftServerConfigKeys (ConfUtils.java:logGet(43)) - raft.server.write.element-limit = 4096 (default)
2019-09-24 10:14:07,656 [e8ee721d-c47f-4ec8-9e06-9f61dddfbf75@group-20EEFD0BC069:LeaderElection72] INFO  server.RaftServerConfigKeys (ConfUtils.java:logGet(43)) - raft.server.watch.timeout = 10s (default)
2019-09-24 10:14:07,656 [e8ee721d-c47f-4ec8-9e06-9f61dddfbf75@group-20EEFD0BC069:LeaderElection72] INFO  server.RaftServerConfigKeys (ConfUtils.java:logGet(43)) - raft.server.watch.timeout.denomination = 1s (default)
2019-09-24 10:14:07,656 [e8ee721d-c47f-4ec8-9e06-9f61dddfbf75@group-20EEFD0BC069:LeaderElection72] INFO  server.RaftServerConfigKeys (ConfUtils.java:logGet(43)) - raft.server.watch.element-limit = 65536 (default)
2019-09-24 10:14:07,657 [df23de65-1753-4a96-89f5-61d98b5b33f2@group-D177E9B2211D-SegmentedRaftLogWorker] INFO  segmented.SegmentedRaftLogWorker (SegmentedRaftLogWorker.java:execute(569)) - df23de65-1753-4a96-89f5-61d98b5b33f2@group-D177E9B2211D-SegmentedRaftLogWorker: created new log segment /workdir/hadoop-ozone/integration-test/target/test-dir/MiniOzoneClusterImpl-6e222164-f983-4504-86c8-7ced57a751c7/datanode-5/data/ratis/fad80ffb-15c0-41f1-a4e9-d177e9b2211d/current/log_inprogress_0
2019-09-24 10:14:07,659 [e8ee721d-c47f-4ec8-9e06-9f61dddfbf75@group-20EEFD0BC069:LeaderElection72] INFO  impl.RoleInfo (RoleInfo.java:updateAndGet(143)) - e8ee721d-c47f-4ec8-9e06-9f61dddfbf75: start LeaderState
2019-09-24 10:14:07,659 [e8ee721d-c47f-4ec8-9e06-9f61dddfbf75@group-20EEFD0BC069:LeaderElection72] INFO  segmented.SegmentedRaftLogWorker (SegmentedRaftLogWorker.java:startLogSegment(380)) - e8ee721d-c47f-4ec8-9e06-9f61dddfbf75@group-20EEFD0BC069-SegmentedRaftLogWorker: Starting segment from index:0
2019-09-24 10:14:07,660 [e8ee721d-c47f-4ec8-9e06-9f61dddfbf75@group-20EEFD0BC069:LeaderElection72] INFO  impl.RaftServerImpl (ServerState.java:setRaftConf(354)) - e8ee721d-c47f-4ec8-9e06-9f61dddfbf75@group-20EEFD0BC069: set configuration 0: [e8ee721d-c47f-4ec8-9e06-9f61dddfbf75:192.168.151.86:42204], old=null at 0
2019-09-24 10:14:07,677 [e8ee721d-c47f-4ec8-9e06-9f61dddfbf75@group-20EEFD0BC069-SegmentedRaftLogWorker] INFO  segmented.SegmentedRaftLogWorker (SegmentedRaftLogWorker.java:execute(569)) - e8ee721d-c47f-4ec8-9e06-9f61dddfbf75@group-20EEFD0BC069-SegmentedRaftLogWorker: created new log segment /workdir/hadoop-ozone/integration-test/target/test-dir/MiniOzoneClusterImpl-6e222164-f983-4504-86c8-7ced57a751c7/datanode-6/data/ratis/2227e4cf-8461-4456-82c3-20eefd0bc069/current/log_inprogress_0
2019-09-24 10:14:07,766 [Thread-3069] INFO  impl.FollowerState (FollowerState.java:run(106)) - 6a7af362-491e-49cd-b30f-2f9aa366d0e8:group-548A67E273A2 changes to CANDIDATE, lastRpcTime:5097, electionTimeout:5097ms
2019-09-24 10:14:07,766 [Thread-3069] INFO  impl.RoleInfo (RoleInfo.java:shutdownFollowerState(121)) - 6a7af362-491e-49cd-b30f-2f9aa366d0e8: shutdown FollowerState
2019-09-24 10:14:07,766 [Thread-3069] INFO  impl.RaftServerImpl (RaftServerImpl.java:setRole(174)) - 6a7af362-491e-49cd-b30f-2f9aa366d0e8@group-548A67E273A2: changes role from  FOLLOWER to CANDIDATE at term 0 for changeToCandidate
2019-09-24 10:14:07,766 [Thread-3069] INFO  impl.RoleInfo (RoleInfo.java:updateAndGet(143)) - 6a7af362-491e-49cd-b30f-2f9aa366d0e8: start LeaderElection
2019-09-24 10:14:07,781 [6a7af362-491e-49cd-b30f-2f9aa366d0e8@group-548A67E273A2:LeaderElection73] INFO  impl.LeaderElection (LeaderElection.java:askForVotes(182)) - 6a7af362-491e-49cd-b30f-2f9aa366d0e8@group-548A67E273A2:LeaderElection73: begin an election at term 1 for -1: [ca834742-0914-4d68-a49d-04c1c4eb314f:192.168.151.86:46285, df23de65-1753-4a96-89f5-61d98b5b33f2:192.168.151.86:44638, 6a7af362-491e-49cd-b30f-2f9aa366d0e8:192.168.151.86:42953], old=null
2019-09-24 10:14:07,784 [grpc-default-executor-8] INFO  impl.RaftServerImpl (RaftServerImpl.java:setRole(174)) - df23de65-1753-4a96-89f5-61d98b5b33f2@group-548A67E273A2: changes role from  FOLLOWER to FOLLOWER at term 1 for recognizeCandidate:6a7af362-491e-49cd-b30f-2f9aa366d0e8
2019-09-24 10:14:07,785 [grpc-default-executor-8] INFO  impl.RoleInfo (RoleInfo.java:shutdownFollowerState(121)) - df23de65-1753-4a96-89f5-61d98b5b33f2: shutdown FollowerState
2019-09-24 10:14:07,791 [grpc-default-executor-8] INFO  impl.RoleInfo (RoleInfo.java:updateAndGet(143)) - df23de65-1753-4a96-89f5-61d98b5b33f2: start FollowerState
2019-09-24 10:14:07,791 [Thread-3075] INFO  impl.FollowerState (FollowerState.java:run(115)) - df23de65-1753-4a96-89f5-61d98b5b33f2: FollowerState was interrupted: java.lang.InterruptedException: sleep interrupted
2019-09-24 10:14:07,791 [grpc-default-executor-9] INFO  impl.RaftServerImpl (RaftServerImpl.java:setRole(174)) - ca834742-0914-4d68-a49d-04c1c4eb314f@group-548A67E273A2: changes role from  FOLLOWER to FOLLOWER at term 1 for recognizeCandidate:6a7af362-491e-49cd-b30f-2f9aa366d0e8
2019-09-24 10:14:07,795 [grpc-default-executor-9] INFO  impl.RoleInfo (RoleInfo.java:shutdownFollowerState(121)) - ca834742-0914-4d68-a49d-04c1c4eb314f: shutdown FollowerState
2019-09-24 10:14:07,795 [grpc-default-executor-9] INFO  impl.RoleInfo (RoleInfo.java:updateAndGet(143)) - ca834742-0914-4d68-a49d-04c1c4eb314f: start FollowerState
2019-09-24 10:14:07,795 [Thread-3073] INFO  impl.FollowerState (FollowerState.java:run(115)) - ca834742-0914-4d68-a49d-04c1c4eb314f: FollowerState was interrupted: java.lang.InterruptedException: sleep interrupted
2019-09-24 10:14:07,819 [6a7af362-491e-49cd-b30f-2f9aa366d0e8@group-548A67E273A2:LeaderElection73] INFO  impl.LeaderElection (LeaderElection.java:logAndReturn(56)) - 6a7af362-491e-49cd-b30f-2f9aa366d0e8@group-548A67E273A2:LeaderElection73: Election PASSED; received 1 response(s) [6a7af362-491e-49cd-b30f-2f9aa366d0e8<-df23de65-1753-4a96-89f5-61d98b5b33f2#0:OK-t1] and 0 exception(s); 6a7af362-491e-49cd-b30f-2f9aa366d0e8@group-548A67E273A2:t1, leader=null, voted=6a7af362-491e-49cd-b30f-2f9aa366d0e8, raftlog=6a7af362-491e-49cd-b30f-2f9aa366d0e8@group-548A67E273A2-SegmentedRaftLog:OPENED:c-1,f-1,i0, conf=-1: [ca834742-0914-4d68-a49d-04c1c4eb314f:192.168.151.86:46285, df23de65-1753-4a96-89f5-61d98b5b33f2:192.168.151.86:44638, 6a7af362-491e-49cd-b30f-2f9aa366d0e8:192.168.151.86:42953], old=null
2019-09-24 10:14:07,819 [6a7af362-491e-49cd-b30f-2f9aa366d0e8@group-548A67E273A2:LeaderElection73] INFO  impl.RoleInfo (RoleInfo.java:shutdownLeaderElection(134)) - 6a7af362-491e-49cd-b30f-2f9aa366d0e8: shutdown LeaderElection
2019-09-24 10:14:07,819 [6a7af362-491e-49cd-b30f-2f9aa366d0e8@group-548A67E273A2:LeaderElection73] INFO  impl.RaftServerImpl (RaftServerImpl.java:setRole(174)) - 6a7af362-491e-49cd-b30f-2f9aa366d0e8@group-548A67E273A2: changes role from CANDIDATE to LEADER at term 1 for changeToLeader
2019-09-24 10:14:07,819 [6a7af362-491e-49cd-b30f-2f9aa366d0e8@group-548A67E273A2:LeaderElection73] INFO  impl.RaftServerImpl (ServerState.java:setLeader(253)) - 6a7af362-491e-49cd-b30f-2f9aa366d0e8@group-548A67E273A2: change Leader from null to 6a7af362-491e-49cd-b30f-2f9aa366d0e8 at term 1 for becomeLeader, leader elected after 5160ms
2019-09-24 10:14:07,820 [6a7af362-491e-49cd-b30f-2f9aa366d0e8@group-548A67E273A2:LeaderElection73] INFO  server.RaftServerConfigKeys (ConfUtils.java:logGet(43)) - raft.server.staging.catchup.gap = 1000 (default)
2019-09-24 10:14:07,820 [6a7af362-491e-49cd-b30f-2f9aa366d0e8@group-548A67E273A2:LeaderElection73] INFO  server.RaftServerConfigKeys (ConfUtils.java:logGet(43)) - raft.server.rpc.sleep.time = 25ms (default)
2019-09-24 10:14:07,820 [6a7af362-491e-49cd-b30f-2f9aa366d0e8@group-548A67E273A2:LeaderElection73] INFO  server.RaftServerConfigKeys (ConfUtils.java:logGet(43)) - raft.server.write.element-limit = 4096 (default)
2019-09-24 10:14:07,820 [6a7af362-491e-49cd-b30f-2f9aa366d0e8@group-548A67E273A2:LeaderElection73] INFO  server.RaftServerConfigKeys (ConfUtils.java:logGet(43)) - raft.server.watch.timeout = 10s (default)
2019-09-24 10:14:07,820 [6a7af362-491e-49cd-b30f-2f9aa366d0e8@group-548A67E273A2:LeaderElection73] INFO  server.RaftServerConfigKeys (ConfUtils.java:logGet(43)) - raft.server.watch.timeout.denomination = 1s (default)
2019-09-24 10:14:07,820 [6a7af362-491e-49cd-b30f-2f9aa366d0e8@group-548A67E273A2:LeaderElection73] INFO  server.RaftServerConfigKeys (ConfUtils.java:logGet(43)) - raft.server.watch.element-limit = 65536 (default)
2019-09-24 10:14:07,823 [6a7af362-491e-49cd-b30f-2f9aa366d0e8@group-548A67E273A2:LeaderElection73] INFO  server.RaftServerConfigKeys (ConfUtils.java:logGet(43)) - raft.server.log.appender.snapshot.chunk.size.max = 16MB (=16777216) (default)
2019-09-24 10:14:07,823 [6a7af362-491e-49cd-b30f-2f9aa366d0e8@group-548A67E273A2:LeaderElection73] INFO  server.RaftServerConfigKeys (ConfUtils.java:logGet(43)) - raft.server.log.appender.buffer.byte-limit = 33554432 (custom)
2019-09-24 10:14:07,823 [6a7af362-491e-49cd-b30f-2f9aa366d0e8@group-548A67E273A2:LeaderElection73] INFO  server.RaftServerConfigKeys (ConfUtils.java:logGet(43)) - raft.server.log.appender.buffer.element-limit = 1 (custom)
2019-09-24 10:14:07,824 [6a7af362-491e-49cd-b30f-2f9aa366d0e8@group-548A67E273A2:LeaderElection73] INFO  grpc.GrpcConfigKeys$Server (ConfUtils.java:logGet(43)) - raft.grpc.server.leader.outstanding.appends.max = 128 (default)
2019-09-24 10:14:07,824 [6a7af362-491e-49cd-b30f-2f9aa366d0e8@group-548A67E273A2:LeaderElection73] INFO  server.RaftServerConfigKeys (ConfUtils.java:logGet(43)) - raft.server.rpc.request.timeout = 3000ms (default)
2019-09-24 10:14:07,824 [6a7af362-491e-49cd-b30f-2f9aa366d0e8@group-548A67E273A2:LeaderElection73] INFO  server.RaftServerConfigKeys (ConfUtils.java:logGet(43)) - raft.server.log.appender.install.snapshot.enabled = false (custom)
2019-09-24 10:14:07,824 [6a7af362-491e-49cd-b30f-2f9aa366d0e8@group-548A67E273A2:LeaderElection73] INFO  server.RaftServerConfigKeys (ConfUtils.java:logGet(43)) - raft.server.log.appender.snapshot.chunk.size.max = 16MB (=16777216) (default)
2019-09-24 10:14:07,824 [6a7af362-491e-49cd-b30f-2f9aa366d0e8@group-548A67E273A2:LeaderElection73] INFO  server.RaftServerConfigKeys (ConfUtils.java:logGet(43)) - raft.server.log.appender.buffer.byte-limit = 33554432 (custom)
2019-09-24 10:14:07,825 [6a7af362-491e-49cd-b30f-2f9aa366d0e8@group-548A67E273A2:LeaderElection73] INFO  server.RaftServerConfigKeys (ConfUtils.java:logGet(43)) - raft.server.log.appender.buffer.element-limit = 1 (custom)
2019-09-24 10:14:07,825 [6a7af362-491e-49cd-b30f-2f9aa366d0e8@group-548A67E273A2:LeaderElection73] INFO  grpc.GrpcConfigKeys$Server (ConfUtils.java:logGet(43)) - raft.grpc.server.leader.outstanding.appends.max = 128 (default)
2019-09-24 10:14:07,825 [6a7af362-491e-49cd-b30f-2f9aa366d0e8@group-548A67E273A2:LeaderElection73] INFO  server.RaftServerConfigKeys (ConfUtils.java:logGet(43)) - raft.server.rpc.request.timeout = 3000ms (default)
2019-09-24 10:14:07,825 [6a7af362-491e-49cd-b30f-2f9aa366d0e8@group-548A67E273A2:LeaderElection73] INFO  server.RaftServerConfigKeys (ConfUtils.java:logGet(43)) - raft.server.log.appender.install.snapshot.enabled = false (custom)
2019-09-24 10:14:07,825 [6a7af362-491e-49cd-b30f-2f9aa366d0e8@group-548A67E273A2:LeaderElection73] INFO  impl.RoleInfo (RoleInfo.java:updateAndGet(143)) - 6a7af362-491e-49cd-b30f-2f9aa366d0e8: start LeaderState
2019-09-24 10:14:07,826 [6a7af362-491e-49cd-b30f-2f9aa366d0e8@group-548A67E273A2:LeaderElection73] INFO  segmented.SegmentedRaftLogWorker (SegmentedRaftLogWorker.java:startLogSegment(380)) - 6a7af362-491e-49cd-b30f-2f9aa366d0e8@group-548A67E273A2-SegmentedRaftLogWorker: Starting segment from index:0
2019-09-24 10:14:07,826 [6a7af362-491e-49cd-b30f-2f9aa366d0e8@group-548A67E273A2:LeaderElection73] INFO  impl.RaftServerImpl (ServerState.java:setRaftConf(354)) - 6a7af362-491e-49cd-b30f-2f9aa366d0e8@group-548A67E273A2: set configuration 0: [ca834742-0914-4d68-a49d-04c1c4eb314f:192.168.151.86:46285, df23de65-1753-4a96-89f5-61d98b5b33f2:192.168.151.86:44638, 6a7af362-491e-49cd-b30f-2f9aa366d0e8:192.168.151.86:42953], old=null at 0
2019-09-24 10:14:07,864 [grpc-default-executor-12] INFO  impl.RaftServerImpl (ServerState.java:setLeader(253)) - ca834742-0914-4d68-a49d-04c1c4eb314f@group-548A67E273A2: change Leader from null to 6a7af362-491e-49cd-b30f-2f9aa366d0e8 at term 1 for appendEntries, leader elected after 5203ms
2019-09-24 10:14:07,865 [grpc-default-executor-8] INFO  impl.RaftServerImpl (ServerState.java:setLeader(253)) - df23de65-1753-4a96-89f5-61d98b5b33f2@group-548A67E273A2: change Leader from null to 6a7af362-491e-49cd-b30f-2f9aa366d0e8 at term 1 for appendEntries, leader elected after 5205ms
2019-09-24 10:14:07,865 [6a7af362-491e-49cd-b30f-2f9aa366d0e8@group-548A67E273A2-SegmentedRaftLogWorker] INFO  segmented.SegmentedRaftLogWorker (SegmentedRaftLogWorker.java:execute(569)) - 6a7af362-491e-49cd-b30f-2f9aa366d0e8@group-548A67E273A2-SegmentedRaftLogWorker: created new log segment /workdir/hadoop-ozone/integration-test/target/test-dir/MiniOzoneClusterImpl-6e222164-f983-4504-86c8-7ced57a751c7/datanode-3/data/ratis/cbbe5f78-b027-473c-bfb8-548a67e273a2/current/log_inprogress_0
2019-09-24 10:14:07,872 [grpc-default-executor-12] INFO  impl.RaftServerImpl (ServerState.java:setRaftConf(354)) - ca834742-0914-4d68-a49d-04c1c4eb314f@group-548A67E273A2: set configuration 0: [ca834742-0914-4d68-a49d-04c1c4eb314f:192.168.151.86:46285, df23de65-1753-4a96-89f5-61d98b5b33f2:192.168.151.86:44638, 6a7af362-491e-49cd-b30f-2f9aa366d0e8:192.168.151.86:42953], old=null at 0
2019-09-24 10:14:07,872 [grpc-default-executor-8] INFO  impl.RaftServerImpl (ServerState.java:setRaftConf(354)) - df23de65-1753-4a96-89f5-61d98b5b33f2@group-548A67E273A2: set configuration 0: [ca834742-0914-4d68-a49d-04c1c4eb314f:192.168.151.86:46285, df23de65-1753-4a96-89f5-61d98b5b33f2:192.168.151.86:44638, 6a7af362-491e-49cd-b30f-2f9aa366d0e8:192.168.151.86:42953], old=null at 0
2019-09-24 10:14:07,872 [grpc-default-executor-12] INFO  segmented.SegmentedRaftLogWorker (SegmentedRaftLogWorker.java:startLogSegment(380)) - ca834742-0914-4d68-a49d-04c1c4eb314f@group-548A67E273A2-SegmentedRaftLogWorker: Starting segment from index:0
2019-09-24 10:14:07,872 [grpc-default-executor-8] INFO  segmented.SegmentedRaftLogWorker (SegmentedRaftLogWorker.java:startLogSegment(380)) - df23de65-1753-4a96-89f5-61d98b5b33f2@group-548A67E273A2-SegmentedRaftLogWorker: Starting segment from index:0
2019-09-24 10:14:07,909 [ca834742-0914-4d68-a49d-04c1c4eb314f@group-548A67E273A2-SegmentedRaftLogWorker] INFO  segmented.SegmentedRaftLogWorker (SegmentedRaftLogWorker.java:execute(569)) - ca834742-0914-4d68-a49d-04c1c4eb314f@group-548A67E273A2-SegmentedRaftLogWorker: created new log segment /workdir/hadoop-ozone/integration-test/target/test-dir/MiniOzoneClusterImpl-6e222164-f983-4504-86c8-7ced57a751c7/datanode-4/data/ratis/cbbe5f78-b027-473c-bfb8-548a67e273a2/current/log_inprogress_0
2019-09-24 10:14:07,909 [df23de65-1753-4a96-89f5-61d98b5b33f2@group-548A67E273A2-SegmentedRaftLogWorker] INFO  segmented.SegmentedRaftLogWorker (SegmentedRaftLogWorker.java:execute(569)) - df23de65-1753-4a96-89f5-61d98b5b33f2@group-548A67E273A2-SegmentedRaftLogWorker: created new log segment /workdir/hadoop-ozone/integration-test/target/test-dir/MiniOzoneClusterImpl-6e222164-f983-4504-86c8-7ced57a751c7/datanode-5/data/ratis/cbbe5f78-b027-473c-bfb8-548a67e273a2/current/log_inprogress_0
2019-09-24 10:14:09,109 [main] WARN  scm.XceiverClientRatis (XceiverClientRatis.java:watchForCommit(292)) - 3 way commit failed on pipeline Pipeline[ Id: 32b10c15-7fd6-4d2a-9e1c-f07334a61175, Nodes: b86aa6c7-3dbe-40f9-b91b-7e4f8c702e5b{ip: 192.168.151.86, host: pr-hdds-2167-zx9qf-3539961911, networkLocation: /default-rack, certSerialId: null}cf71df45-b016-41f8-9b9b-982faefd7fda{ip: 192.168.151.86, host: pr-hdds-2167-zx9qf-3539961911, networkLocation: /default-rack, certSerialId: null}4b136bd6-92d7-47bb-9276-71c0b5ae5f48{ip: 192.168.151.86, host: pr-hdds-2167-zx9qf-3539961911, networkLocation: /default-rack, certSerialId: null}, Type:RATIS, Factor:THREE, State:OPEN]
java.util.concurrent.TimeoutException
	at java.util.concurrent.CompletableFuture.timedGet(CompletableFuture.java:1771)
	at java.util.concurrent.CompletableFuture.get(CompletableFuture.java:1915)
	at org.apache.hadoop.hdds.scm.XceiverClientRatis.watchForCommit(XceiverClientRatis.java:289)
	at org.apache.hadoop.hdds.scm.storage.CommitWatcher.watchForCommit(CommitWatcher.java:194)
	at org.apache.hadoop.hdds.scm.storage.CommitWatcher.watchOnLastIndex(CommitWatcher.java:157)
	at org.apache.hadoop.hdds.scm.storage.BlockOutputStream.watchForCommit(BlockOutputStream.java:347)
	at org.apache.hadoop.hdds.scm.storage.BlockOutputStream.handleFlush(BlockOutputStream.java:479)
	at org.apache.hadoop.hdds.scm.storage.BlockOutputStream.flush(BlockOutputStream.java:428)
	at org.apache.hadoop.ozone.client.io.BlockOutputStreamEntry.flush(BlockOutputStreamEntry.java:136)
	at org.apache.hadoop.ozone.client.io.KeyOutputStream.handleFlushOrClose(KeyOutputStream.java:443)
	at org.apache.hadoop.ozone.client.io.KeyOutputStream.flush(KeyOutputStream.java:397)
	at org.apache.hadoop.ozone.client.io.OzoneOutputStream.flush(OzoneOutputStream.java:54)
	at org.apache.hadoop.ozone.client.rpc.TestBlockOutputStreamWithFailures.testWatchForCommitDatanodeFailure(TestBlockOutputStreamWithFailures.java:330)
	at sun.reflect.NativeMethodAccessorImpl.invoke0(Native Method)
	at sun.reflect.NativeMethodAccessorImpl.invoke(NativeMethodAccessorImpl.java:62)
	at sun.reflect.DelegatingMethodAccessorImpl.invoke(DelegatingMethodAccessorImpl.java:43)
	at java.lang.reflect.Method.invoke(Method.java:498)
	at org.junit.runners.model.FrameworkMethod$1.runReflectiveCall(FrameworkMethod.java:47)
	at org.junit.internal.runners.model.ReflectiveCallable.run(ReflectiveCallable.java:12)
	at org.junit.runners.model.FrameworkMethod.invokeExplosively(FrameworkMethod.java:44)
	at org.junit.internal.runners.statements.InvokeMethod.evaluate(InvokeMethod.java:17)
	at org.junit.internal.runners.statements.RunBefores.evaluate(RunBefores.java:26)
	at org.junit.internal.runners.statements.RunAfters.evaluate(RunAfters.java:27)
	at org.junit.runners.ParentRunner.runLeaf(ParentRunner.java:271)
	at org.junit.runners.BlockJUnit4ClassRunner.runChild(BlockJUnit4ClassRunner.java:70)
	at org.junit.runners.BlockJUnit4ClassRunner.runChild(BlockJUnit4ClassRunner.java:50)
	at org.junit.runners.ParentRunner$3.run(ParentRunner.java:238)
	at org.junit.runners.ParentRunner$1.schedule(ParentRunner.java:63)
	at org.junit.runners.ParentRunner.runChildren(ParentRunner.java:236)
	at org.junit.runners.ParentRunner.access$000(ParentRunner.java:53)
	at org.junit.runners.ParentRunner$2.evaluate(ParentRunner.java:229)
	at org.junit.runners.ParentRunner.run(ParentRunner.java:309)
	at org.apache.maven.surefire.junit4.JUnit4Provider.execute(JUnit4Provider.java:365)
	at org.apache.maven.surefire.junit4.JUnit4Provider.executeWithRerun(JUnit4Provider.java:273)
	at org.apache.maven.surefire.junit4.JUnit4Provider.executeTestSet(JUnit4Provider.java:238)
	at org.apache.maven.surefire.junit4.JUnit4Provider.invoke(JUnit4Provider.java:159)
	at org.apache.maven.surefire.booter.ForkedBooter.invokeProviderInSameClassLoader(ForkedBooter.java:384)
	at org.apache.maven.surefire.booter.ForkedBooter.runSuitesInProcess(ForkedBooter.java:345)
	at org.apache.maven.surefire.booter.ForkedBooter.execute(ForkedBooter.java:126)
	at org.apache.maven.surefire.booter.ForkedBooter.main(ForkedBooter.java:418)
2019-09-24 10:14:10,110 [main] WARN  storage.CommitWatcher (CommitWatcher.java:watchForCommit(203)) - watchForCommit failed for index 12
java.util.concurrent.TimeoutException
	at java.util.concurrent.CompletableFuture.timedGet(CompletableFuture.java:1771)
	at java.util.concurrent.CompletableFuture.get(CompletableFuture.java:1915)
	at org.apache.hadoop.hdds.scm.XceiverClientRatis.watchForCommit(XceiverClientRatis.java:298)
	at org.apache.hadoop.hdds.scm.storage.CommitWatcher.watchForCommit(CommitWatcher.java:194)
	at org.apache.hadoop.hdds.scm.storage.CommitWatcher.watchOnLastIndex(CommitWatcher.java:157)
	at org.apache.hadoop.hdds.scm.storage.BlockOutputStream.watchForCommit(BlockOutputStream.java:347)
	at org.apache.hadoop.hdds.scm.storage.BlockOutputStream.handleFlush(BlockOutputStream.java:479)
	at org.apache.hadoop.hdds.scm.storage.BlockOutputStream.flush(BlockOutputStream.java:428)
	at org.apache.hadoop.ozone.client.io.BlockOutputStreamEntry.flush(BlockOutputStreamEntry.java:136)
	at org.apache.hadoop.ozone.client.io.KeyOutputStream.handleFlushOrClose(KeyOutputStream.java:443)
	at org.apache.hadoop.ozone.client.io.KeyOutputStream.flush(KeyOutputStream.java:397)
	at org.apache.hadoop.ozone.client.io.OzoneOutputStream.flush(OzoneOutputStream.java:54)
	at org.apache.hadoop.ozone.client.rpc.TestBlockOutputStreamWithFailures.testWatchForCommitDatanodeFailure(TestBlockOutputStreamWithFailures.java:330)
	at sun.reflect.NativeMethodAccessorImpl.invoke0(Native Method)
	at sun.reflect.NativeMethodAccessorImpl.invoke(NativeMethodAccessorImpl.java:62)
	at sun.reflect.DelegatingMethodAccessorImpl.invoke(DelegatingMethodAccessorImpl.java:43)
	at java.lang.reflect.Method.invoke(Method.java:498)
	at org.junit.runners.model.FrameworkMethod$1.runReflectiveCall(FrameworkMethod.java:47)
	at org.junit.internal.runners.model.ReflectiveCallable.run(ReflectiveCallable.java:12)
	at org.junit.runners.model.FrameworkMethod.invokeExplosively(FrameworkMethod.java:44)
	at org.junit.internal.runners.statements.InvokeMethod.evaluate(InvokeMethod.java:17)
	at org.junit.internal.runners.statements.RunBefores.evaluate(RunBefores.java:26)
	at org.junit.internal.runners.statements.RunAfters.evaluate(RunAfters.java:27)
	at org.junit.runners.ParentRunner.runLeaf(ParentRunner.java:271)
	at org.junit.runners.BlockJUnit4ClassRunner.runChild(BlockJUnit4ClassRunner.java:70)
	at org.junit.runners.BlockJUnit4ClassRunner.runChild(BlockJUnit4ClassRunner.java:50)
	at org.junit.runners.ParentRunner$3.run(ParentRunner.java:238)
	at org.junit.runners.ParentRunner$1.schedule(ParentRunner.java:63)
	at org.junit.runners.ParentRunner.runChildren(ParentRunner.java:236)
	at org.junit.runners.ParentRunner.access$000(ParentRunner.java:53)
	at org.junit.runners.ParentRunner$2.evaluate(ParentRunner.java:229)
	at org.junit.runners.ParentRunner.run(ParentRunner.java:309)
	at org.apache.maven.surefire.junit4.JUnit4Provider.execute(JUnit4Provider.java:365)
	at org.apache.maven.surefire.junit4.JUnit4Provider.executeWithRerun(JUnit4Provider.java:273)
	at org.apache.maven.surefire.junit4.JUnit4Provider.executeTestSet(JUnit4Provider.java:238)
	at org.apache.maven.surefire.junit4.JUnit4Provider.invoke(JUnit4Provider.java:159)
	at org.apache.maven.surefire.booter.ForkedBooter.invokeProviderInSameClassLoader(ForkedBooter.java:384)
	at org.apache.maven.surefire.booter.ForkedBooter.runSuitesInProcess(ForkedBooter.java:345)
	at org.apache.maven.surefire.booter.ForkedBooter.execute(ForkedBooter.java:126)
	at org.apache.maven.surefire.booter.ForkedBooter.main(ForkedBooter.java:418)
2019-09-24 10:14:10,111 [main] WARN  io.KeyOutputStream (KeyOutputStream.java:handleException(274)) - Encountered exception java.io.IOException: Unexpected Storage Container Exception: java.io.IOException: Unexpected Storage Container Exception: java.util.concurrent.TimeoutException on the pipeline Pipeline[ Id: 32b10c15-7fd6-4d2a-9e1c-f07334a61175, Nodes: b86aa6c7-3dbe-40f9-b91b-7e4f8c702e5b{ip: 192.168.151.86, host: pr-hdds-2167-zx9qf-3539961911, networkLocation: /default-rack, certSerialId: null}cf71df45-b016-41f8-9b9b-982faefd7fda{ip: 192.168.151.86, host: pr-hdds-2167-zx9qf-3539961911, networkLocation: /default-rack, certSerialId: null}4b136bd6-92d7-47bb-9276-71c0b5ae5f48{ip: 192.168.151.86, host: pr-hdds-2167-zx9qf-3539961911, networkLocation: /default-rack, certSerialId: null}, Type:RATIS, Factor:THREE, State:OPEN]. The last committed block length is 400, uncommitted data length is 50 retry count 0
2019-09-24 10:14:10,294 [main] INFO  ozone.MiniOzoneClusterImpl (MiniOzoneClusterImpl.java:shutdown(314)) - Shutting down the Mini Ozone Cluster
2019-09-24 10:14:10,295 [main] INFO  ozone.MiniOzoneClusterImpl (MiniOzoneClusterImpl.java:stop(330)) - Stopping the Mini Ozone Cluster
2019-09-24 10:14:10,295 [main] INFO  ozone.MiniOzoneClusterImpl (MiniOzoneClusterImpl.java:stopOM(400)) - Stopping the OzoneManager
2019-09-24 10:14:10,295 [main] INFO  ipc.Server (Server.java:stop(3082)) - Stopping server on 39790
2019-09-24 10:14:10,315 [IPC Server listener on 39790] INFO  ipc.Server (Server.java:run(1185)) - Stopping IPC Server listener on 39790
2019-09-24 10:14:10,317 [main] INFO  ratis.OzoneManagerDoubleBuffer (OzoneManagerDoubleBuffer.java:stop(248)) - Stopping OMDoubleBuffer flush thread
2019-09-24 10:14:10,325 [IPC Server Responder] INFO  ipc.Server (Server.java:run(1319)) - Stopping IPC Server Responder
2019-09-24 10:14:10,328 [OMDoubleBufferFlushThread] INFO  ratis.OzoneManagerDoubleBuffer (OzoneManagerDoubleBuffer.java:flushTransactions(191)) - OMDoubleBuffer flush thread OMDoubleBufferFlushThread is interrupted and will exit. OMDoubleBufferFlushThread
2019-09-24 10:14:10,328 [main] INFO  utils.BackgroundService (BackgroundService.java:shutdown(148)) - Shutting down service KeyDeletingService
2019-09-24 10:14:10,330 [main] INFO  handler.ContextHandler (ContextHandler.java:doStop(910)) - Stopped o.e.j.w.WebAppContext@4f664bee{/,null,UNAVAILABLE}{/ozoneManager}
2019-09-24 10:14:10,330 [main] INFO  server.AbstractConnector (AbstractConnector.java:doStop(318)) - Stopped ServerConnector@76563ae7{HTTP/1.1,[http/1.1]}{0.0.0.0:0}
2019-09-24 10:14:10,330 [main] INFO  handler.ContextHandler (ContextHandler.java:doStop(910)) - Stopped o.e.j.s.ServletContextHandler@5ec9eefa{/static,file:///workdir/hadoop-ozone/integration-test/target/test-classes/webapps/static,UNAVAILABLE}
2019-09-24 10:14:10,331 [main] INFO  handler.ContextHandler (ContextHandler.java:doStop(910)) - Stopped o.e.j.s.ServletContextHandler@3820cfe{/logs,file:///workdir/hadoop-ozone/integration-test/target/log,UNAVAILABLE}
2019-09-24 10:14:10,333 [main] INFO  ozone.MiniOzoneClusterImpl (MiniOzoneClusterImpl.java:stopDatanodes(377)) - Stopping the HddsDatanodes
2019-09-24 10:14:10,912 [Datanode State Machine Thread - 0] INFO  statemachine.DatanodeStateMachine (DatanodeStateMachine.java:lambda$startDaemon$0(350)) - Ozone container server started.
2019-09-24 10:14:11,221 [Datanode State Machine Thread - 0] INFO  statemachine.DatanodeStateMachine (DatanodeStateMachine.java:lambda$startDaemon$0(350)) - Ozone container server started.
2019-09-24 10:14:14,966 [EventQueue-StaleNodeForStaleNodeHandler] INFO  node.StaleNodeHandler (StaleNodeHandler.java:onMessage(58)) - Datanode cf71df45-b016-41f8-9b9b-982faefd7fda{ip: 192.168.151.86, host: pr-hdds-2167-zx9qf-3539961911, networkLocation: /default-rack, certSerialId: null} moved to stale state. Finalizing its pipelines [PipelineID=32b10c15-7fd6-4d2a-9e1c-f07334a61175, PipelineID=8b025051-6aed-4e0a-a7e8-6ff4108bfc54]
2019-09-24 10:14:14,967 [EventQueue-StaleNodeForStaleNodeHandler] INFO  pipeline.SCMPipelineManager (SCMPipelineManager.java:finalizeAndDestroyPipeline(315)) - destroying pipeline:Pipeline[ Id: 32b10c15-7fd6-4d2a-9e1c-f07334a61175, Nodes: b86aa6c7-3dbe-40f9-b91b-7e4f8c702e5b{ip: 192.168.151.86, host: pr-hdds-2167-zx9qf-3539961911, networkLocation: /default-rack, certSerialId: null}cf71df45-b016-41f8-9b9b-982faefd7fda{ip: 192.168.151.86, host: pr-hdds-2167-zx9qf-3539961911, networkLocation: /default-rack, certSerialId: null}4b136bd6-92d7-47bb-9276-71c0b5ae5f48{ip: 192.168.151.86, host: pr-hdds-2167-zx9qf-3539961911, networkLocation: /default-rack, certSerialId: null}, Type:RATIS, Factor:THREE, State:OPEN]
2019-09-24 10:14:14,967 [EventQueue-StaleNodeForStaleNodeHandler] INFO  pipeline.PipelineStateManager (PipelineStateManager.java:finalizePipeline(123)) - Pipeline Pipeline[ Id: 32b10c15-7fd6-4d2a-9e1c-f07334a61175, Nodes: b86aa6c7-3dbe-40f9-b91b-7e4f8c702e5b{ip: 192.168.151.86, host: pr-hdds-2167-zx9qf-3539961911, networkLocation: /default-rack, certSerialId: null}cf71df45-b016-41f8-9b9b-982faefd7fda{ip: 192.168.151.86, host: pr-hdds-2167-zx9qf-3539961911, networkLocation: /default-rack, certSerialId: null}4b136bd6-92d7-47bb-9276-71c0b5ae5f48{ip: 192.168.151.86, host: pr-hdds-2167-zx9qf-3539961911, networkLocation: /default-rack, certSerialId: null}, Type:RATIS, Factor:THREE, State:CLOSED] moved to CLOSED state
2019-09-24 10:14:14,968 [EventQueue-CloseContainerForCloseContainerEventHandler] INFO  container.CloseContainerEventHandler (CloseContainerEventHandler.java:onMessage(61)) - Close container Event triggered for container : #1
2019-09-24 10:14:14,971 [EventQueue-StaleNodeForStaleNodeHandler] INFO  pipeline.SCMPipelineManager (SCMPipelineManager.java:finalizeAndDestroyPipeline(315)) - destroying pipeline:Pipeline[ Id: 8b025051-6aed-4e0a-a7e8-6ff4108bfc54, Nodes: cf71df45-b016-41f8-9b9b-982faefd7fda{ip: 192.168.151.86, host: pr-hdds-2167-zx9qf-3539961911, networkLocation: /default-rack, certSerialId: null}, Type:RATIS, Factor:ONE, State:OPEN]
2019-09-24 10:14:14,973 [EventQueue-StaleNodeForStaleNodeHandler] INFO  pipeline.PipelineStateManager (PipelineStateManager.java:finalizePipeline(123)) - Pipeline Pipeline[ Id: 8b025051-6aed-4e0a-a7e8-6ff4108bfc54, Nodes: cf71df45-b016-41f8-9b9b-982faefd7fda{ip: 192.168.151.86, host: pr-hdds-2167-zx9qf-3539961911, networkLocation: /default-rack, certSerialId: null}, Type:RATIS, Factor:ONE, State:CLOSED] moved to CLOSED state
2019-09-24 10:14:15,266 [EventQueue-StaleNodeForStaleNodeHandler] INFO  node.StaleNodeHandler (StaleNodeHandler.java:onMessage(58)) - Datanode ca834742-0914-4d68-a49d-04c1c4eb314f{ip: 192.168.151.86, host: pr-hdds-2167-zx9qf-3539961911, networkLocation: /default-rack, certSerialId: null} moved to stale state. Finalizing its pipelines [PipelineID=ebc07516-96c8-4f4f-b7fa-a59842b64adb, PipelineID=cbbe5f78-b027-473c-bfb8-548a67e273a2]
2019-09-24 10:14:15,267 [EventQueue-StaleNodeForStaleNodeHandler] INFO  pipeline.SCMPipelineManager (SCMPipelineManager.java:finalizeAndDestroyPipeline(315)) - destroying pipeline:Pipeline[ Id: ebc07516-96c8-4f4f-b7fa-a59842b64adb, Nodes: ca834742-0914-4d68-a49d-04c1c4eb314f{ip: 192.168.151.86, host: pr-hdds-2167-zx9qf-3539961911, networkLocation: /default-rack, certSerialId: null}, Type:RATIS, Factor:ONE, State:OPEN]
2019-09-24 10:14:15,267 [EventQueue-StaleNodeForStaleNodeHandler] INFO  pipeline.PipelineStateManager (PipelineStateManager.java:finalizePipeline(123)) - Pipeline Pipeline[ Id: ebc07516-96c8-4f4f-b7fa-a59842b64adb, Nodes: ca834742-0914-4d68-a49d-04c1c4eb314f{ip: 192.168.151.86, host: pr-hdds-2167-zx9qf-3539961911, networkLocation: /default-rack, certSerialId: null}, Type:RATIS, Factor:ONE, State:CLOSED] moved to CLOSED state
2019-09-24 10:14:15,267 [EventQueue-StaleNodeForStaleNodeHandler] INFO  pipeline.SCMPipelineManager (SCMPipelineManager.java:finalizeAndDestroyPipeline(315)) - destroying pipeline:Pipeline[ Id: cbbe5f78-b027-473c-bfb8-548a67e273a2, Nodes: 6a7af362-491e-49cd-b30f-2f9aa366d0e8{ip: 192.168.151.86, host: pr-hdds-2167-zx9qf-3539961911, networkLocation: /default-rack, certSerialId: null}ca834742-0914-4d68-a49d-04c1c4eb314f{ip: 192.168.151.86, host: pr-hdds-2167-zx9qf-3539961911, networkLocation: /default-rack, certSerialId: null}df23de65-1753-4a96-89f5-61d98b5b33f2{ip: 192.168.151.86, host: pr-hdds-2167-zx9qf-3539961911, networkLocation: /default-rack, certSerialId: null}, Type:RATIS, Factor:THREE, State:OPEN]
2019-09-24 10:14:15,267 [EventQueue-StaleNodeForStaleNodeHandler] INFO  pipeline.PipelineStateManager (PipelineStateManager.java:finalizePipeline(123)) - Pipeline Pipeline[ Id: cbbe5f78-b027-473c-bfb8-548a67e273a2, Nodes: 6a7af362-491e-49cd-b30f-2f9aa366d0e8{ip: 192.168.151.86, host: pr-hdds-2167-zx9qf-3539961911, networkLocation: /default-rack, certSerialId: null}ca834742-0914-4d68-a49d-04c1c4eb314f{ip: 192.168.151.86, host: pr-hdds-2167-zx9qf-3539961911, networkLocation: /default-rack, certSerialId: null}df23de65-1753-4a96-89f5-61d98b5b33f2{ip: 192.168.151.86, host: pr-hdds-2167-zx9qf-3539961911, networkLocation: /default-rack, certSerialId: null}, Type:RATIS, Factor:THREE, State:CLOSED] moved to CLOSED state
2019-09-24 10:14:15,268 [EventQueue-CloseContainerForCloseContainerEventHandler] INFO  container.CloseContainerEventHandler (CloseContainerEventHandler.java:onMessage(61)) - Close container Event triggered for container : #2
2019-09-24 10:14:15,336 [ForkJoinPool.commonPool-worker-1] INFO  ozoneimpl.OzoneContainer (OzoneContainer.java:stop(231)) - Attempting to stop container services.
2019-09-24 10:14:15,336 [main] INFO  ozoneimpl.OzoneContainer (OzoneContainer.java:stop(231)) - Attempting to stop container services.
2019-09-24 10:14:15,343 [ForkJoinPool.commonPool-worker-1] INFO  impl.RaftServerProxy (RaftServerProxy.java:lambda$close$4(314)) - cf71df45-b016-41f8-9b9b-982faefd7fda: close
2019-09-24 10:14:15,344 [main] INFO  impl.RaftServerProxy (RaftServerProxy.java:lambda$close$4(314)) - ca834742-0914-4d68-a49d-04c1c4eb314f: close
2019-09-24 10:14:15,344 [ForkJoinPool.commonPool-worker-1] INFO  impl.RaftServerImpl (RaftServerImpl.java:lambda$shutdown$3(251)) - cf71df45-b016-41f8-9b9b-982faefd7fda@group-F07334A61175: shutdown
2019-09-24 10:14:15,344 [main] INFO  impl.RaftServerImpl (RaftServerImpl.java:lambda$shutdown$3(251)) - ca834742-0914-4d68-a49d-04c1c4eb314f@group-A59842B64ADB: shutdown
2019-09-24 10:14:15,344 [ForkJoinPool.commonPool-worker-1] INFO  util.JmxRegister (JmxRegister.java:unregister(73)) - Successfully un-registered JMX Bean with object name Ratis:service=RaftServer,group=group-F07334A61175,id=cf71df45-b016-41f8-9b9b-982faefd7fda
2019-09-24 10:14:15,345 [main] INFO  util.JmxRegister (JmxRegister.java:unregister(73)) - Successfully un-registered JMX Bean with object name Ratis:service=RaftServer,group=group-A59842B64ADB,id=ca834742-0914-4d68-a49d-04c1c4eb314f
2019-09-24 10:14:15,345 [ForkJoinPool.commonPool-worker-1] INFO  impl.RoleInfo (RoleInfo.java:shutdownLeaderState(104)) - cf71df45-b016-41f8-9b9b-982faefd7fda: shutdown LeaderState
2019-09-24 10:14:15,345 [main] INFO  impl.RoleInfo (RoleInfo.java:shutdownLeaderState(104)) - ca834742-0914-4d68-a49d-04c1c4eb314f: shutdown LeaderState
2019-09-24 10:14:15,350 [org.apache.ratis.server.impl.LogAppender$AppenderDaemon$$Lambda$550/1997968147@445bf13c] WARN  server.GrpcLogAppender (GrpcLogAppender.java:mayWait(143)) - cf71df45-b016-41f8-9b9b-982faefd7fda@group-F07334A61175->4b136bd6-92d7-47bb-9276-71c0b5ae5f48-GrpcLogAppender: Wait interrupted by java.lang.InterruptedException
2019-09-24 10:14:15,349 [org.apache.ratis.server.impl.LogAppender$AppenderDaemon$$Lambda$550/1997968147@47d974a8] WARN  server.GrpcLogAppender (GrpcLogAppender.java:mayWait(143)) - cf71df45-b016-41f8-9b9b-982faefd7fda@group-F07334A61175->b86aa6c7-3dbe-40f9-b91b-7e4f8c702e5b-GrpcLogAppender: Wait interrupted by java.lang.InterruptedException
2019-09-24 10:14:15,349 [ForkJoinPool.commonPool-worker-1] INFO  impl.PendingRequests (PendingRequests.java:sendNotLeaderResponses(202)) - cf71df45-b016-41f8-9b9b-982faefd7fda-PendingRequests: sendNotLeaderResponses
2019-09-24 10:14:15,350 [main] INFO  impl.PendingRequests (PendingRequests.java:sendNotLeaderResponses(202)) - ca834742-0914-4d68-a49d-04c1c4eb314f-PendingRequests: sendNotLeaderResponses
2019-09-24 10:14:15,354 [main] INFO  impl.StateMachineUpdater (StateMachineUpdater.java:stopAndJoin(125)) - ca834742-0914-4d68-a49d-04c1c4eb314f@group-A59842B64ADB-StateMachineUpdater: set stopIndex = 0
2019-09-24 10:14:15,354 [grpc-default-executor-12] INFO  server.GrpcServerProtocolService (GrpcServerProtocolService.java:onCompleted(113)) - 4b136bd6-92d7-47bb-9276-71c0b5ae5f48: Completed APPEND_ENTRIES, lastRequest: cf71df45-b016-41f8-9b9b-982faefd7fda->4b136bd6-92d7-47bb-9276-71c0b5ae5f48#17-t1, previous=(t:1, i:14), leaderCommit=14, initializing? false, entries: <empty>
2019-09-24 10:14:15,354 [cf71df45-b016-41f8-9b9b-982faefd7fda@group-F07334A61175-StateMachineUpdater] INFO  ratis.ContainerStateMachine (ContainerStateMachine.java:takeSnapshot(289)) - group-F07334A61175: Taking a snapshot at:(t:1, i:12) file /workdir/hadoop-ozone/integration-test/target/test-dir/MiniOzoneClusterImpl-6e222164-f983-4504-86c8-7ced57a751c7/datanode-1/data/ratis/32b10c15-7fd6-4d2a-9e1c-f07334a61175/sm/snapshot.1_12
2019-09-24 10:14:15,354 [grpc-default-executor-9] INFO  server.GrpcServerProtocolService (GrpcServerProtocolService.java:onCompleted(113)) - b86aa6c7-3dbe-40f9-b91b-7e4f8c702e5b: Completed APPEND_ENTRIES, lastRequest: cf71df45-b016-41f8-9b9b-982faefd7fda->b86aa6c7-3dbe-40f9-b91b-7e4f8c702e5b#17-t1, previous=(t:1, i:14), leaderCommit=14, initializing? false, entries: <empty>
2019-09-24 10:14:15,354 [ForkJoinPool.commonPool-worker-1] INFO  impl.StateMachineUpdater (StateMachineUpdater.java:stopAndJoin(125)) - cf71df45-b016-41f8-9b9b-982faefd7fda@group-F07334A61175-StateMachineUpdater: set stopIndex = 14
2019-09-24 10:14:15,355 [grpc-default-executor-9] INFO  server.GrpcLogAppender (GrpcLogAppender.java:onCompleted(293)) - cf71df45-b016-41f8-9b9b-982faefd7fda@group-F07334A61175->b86aa6c7-3dbe-40f9-b91b-7e4f8c702e5b-AppendLogResponseHandler: follower responses appendEntries COMPLETED
2019-09-24 10:14:15,355 [main] INFO  impl.RaftServerImpl (ServerState.java:close(385)) - ca834742-0914-4d68-a49d-04c1c4eb314f@group-A59842B64ADB: closes. applyIndex: 0
2019-09-24 10:14:15,356 [grpc-default-executor-9] INFO  impl.FollowerInfo (FollowerInfo.java:lambda$new$0(51)) - cf71df45-b016-41f8-9b9b-982faefd7fda@group-F07334A61175->b86aa6c7-3dbe-40f9-b91b-7e4f8c702e5b: nextIndex: updateUnconditionally 15 -> 14
2019-09-24 10:14:15,355 [grpc-default-executor-8] INFO  server.GrpcLogAppender (GrpcLogAppender.java:onCompleted(293)) - cf71df45-b016-41f8-9b9b-982faefd7fda@group-F07334A61175->4b136bd6-92d7-47bb-9276-71c0b5ae5f48-AppendLogResponseHandler: follower responses appendEntries COMPLETED
2019-09-24 10:14:15,356 [ca834742-0914-4d68-a49d-04c1c4eb314f@group-A59842B64ADB-SegmentedRaftLogWorker] INFO  segmented.SegmentedRaftLogWorker (SegmentedRaftLogWorker.java:run(313)) - ca834742-0914-4d68-a49d-04c1c4eb314f@group-A59842B64ADB-SegmentedRaftLogWorker was interrupted, exiting. There are 0 tasks remaining in the queue.
2019-09-24 10:14:15,356 [grpc-default-executor-8] INFO  impl.FollowerInfo (FollowerInfo.java:lambda$new$0(51)) - cf71df45-b016-41f8-9b9b-982faefd7fda@group-F07334A61175->4b136bd6-92d7-47bb-9276-71c0b5ae5f48: nextIndex: updateUnconditionally 15 -> 14
2019-09-24 10:14:15,358 [main] INFO  segmented.SegmentedRaftLogWorker (SegmentedRaftLogWorker.java:close(228)) - ca834742-0914-4d68-a49d-04c1c4eb314f@group-A59842B64ADB-SegmentedRaftLogWorker close()
2019-09-24 10:14:15,362 [main] INFO  impl.RaftServerImpl (RaftServerImpl.java:lambda$shutdown$3(251)) - ca834742-0914-4d68-a49d-04c1c4eb314f@group-548A67E273A2: shutdown
2019-09-24 10:14:15,362 [main] INFO  util.JmxRegister (JmxRegister.java:unregister(73)) - Successfully un-registered JMX Bean with object name Ratis:service=RaftServer,group=group-548A67E273A2,id=ca834742-0914-4d68-a49d-04c1c4eb314f
2019-09-24 10:14:15,362 [main] INFO  impl.RoleInfo (RoleInfo.java:shutdownFollowerState(121)) - ca834742-0914-4d68-a49d-04c1c4eb314f: shutdown FollowerState
2019-09-24 10:14:15,363 [main] INFO  impl.StateMachineUpdater (StateMachineUpdater.java:stopAndJoin(125)) - ca834742-0914-4d68-a49d-04c1c4eb314f@group-548A67E273A2-StateMachineUpdater: set stopIndex = 4
2019-09-24 10:14:15,363 [ca834742-0914-4d68-a49d-04c1c4eb314f@group-548A67E273A2-StateMachineUpdater] INFO  ratis.ContainerStateMachine (ContainerStateMachine.java:takeSnapshot(289)) - group-548A67E273A2: Taking a snapshot at:(t:1, i:3) file /workdir/hadoop-ozone/integration-test/target/test-dir/MiniOzoneClusterImpl-6e222164-f983-4504-86c8-7ced57a751c7/datanode-4/data/ratis/cbbe5f78-b027-473c-bfb8-548a67e273a2/sm/snapshot.1_3
2019-09-24 10:14:15,363 [Thread-3123] INFO  impl.FollowerState (FollowerState.java:run(115)) - ca834742-0914-4d68-a49d-04c1c4eb314f: FollowerState was interrupted: java.lang.InterruptedException: sleep interrupted
2019-09-24 10:14:15,380 [cf71df45-b016-41f8-9b9b-982faefd7fda@group-F07334A61175-StateMachineUpdater] INFO  ratis.ContainerStateMachine (ContainerStateMachine.java:takeSnapshot(300)) - group-F07334A61175: Finished taking a snapshot at:(t:1, i:12) file:/workdir/hadoop-ozone/integration-test/target/test-dir/MiniOzoneClusterImpl-6e222164-f983-4504-86c8-7ced57a751c7/datanode-1/data/ratis/32b10c15-7fd6-4d2a-9e1c-f07334a61175/sm/snapshot.1_12 time:26
2019-09-24 10:14:15,380 [ca834742-0914-4d68-a49d-04c1c4eb314f@group-548A67E273A2-StateMachineUpdater] INFO  ratis.ContainerStateMachine (ContainerStateMachine.java:takeSnapshot(300)) - group-548A67E273A2: Finished taking a snapshot at:(t:1, i:3) file:/workdir/hadoop-ozone/integration-test/target/test-dir/MiniOzoneClusterImpl-6e222164-f983-4504-86c8-7ced57a751c7/datanode-4/data/ratis/cbbe5f78-b027-473c-bfb8-548a67e273a2/sm/snapshot.1_3 time:18
2019-09-24 10:14:15,381 [cf71df45-b016-41f8-9b9b-982faefd7fda@group-F07334A61175-StateMachineUpdater] INFO  impl.StateMachineUpdater (StateMachineUpdater.java:takeSnapshot(258)) - cf71df45-b016-41f8-9b9b-982faefd7fda@group-F07334A61175-StateMachineUpdater: Took a snapshot at index 12
2019-09-24 10:14:15,381 [ca834742-0914-4d68-a49d-04c1c4eb314f@group-548A67E273A2-StateMachineUpdater] INFO  impl.StateMachineUpdater (StateMachineUpdater.java:takeSnapshot(258)) - ca834742-0914-4d68-a49d-04c1c4eb314f@group-548A67E273A2-StateMachineUpdater: Took a snapshot at index 3
2019-09-24 10:14:15,381 [cf71df45-b016-41f8-9b9b-982faefd7fda@group-F07334A61175-StateMachineUpdater] INFO  impl.StateMachineUpdater (StateMachineUpdater.java:lambda$new$0(83)) - cf71df45-b016-41f8-9b9b-982faefd7fda@group-F07334A61175-StateMachineUpdater: snapshotIndex: updateIncreasingly -1 -> 12
2019-09-24 10:14:15,381 [ca834742-0914-4d68-a49d-04c1c4eb314f@group-548A67E273A2-StateMachineUpdater] INFO  impl.StateMachineUpdater (StateMachineUpdater.java:lambda$new$0(83)) - ca834742-0914-4d68-a49d-04c1c4eb314f@group-548A67E273A2-StateMachineUpdater: snapshotIndex: updateIncreasingly -1 -> 3
2019-09-24 10:14:15,381 [cf71df45-b016-41f8-9b9b-982faefd7fda@group-F07334A61175-StateMachineUpdater] INFO  ratis.ContainerStateMachine (ContainerStateMachine.java:takeSnapshot(289)) - group-F07334A61175: Taking a snapshot at:(t:1, i:12) file /workdir/hadoop-ozone/integration-test/target/test-dir/MiniOzoneClusterImpl-6e222164-f983-4504-86c8-7ced57a751c7/datanode-1/data/ratis/32b10c15-7fd6-4d2a-9e1c-f07334a61175/sm/snapshot.1_12
2019-09-24 10:14:15,381 [ca834742-0914-4d68-a49d-04c1c4eb314f@group-548A67E273A2-StateMachineUpdater] INFO  ratis.ContainerStateMachine (ContainerStateMachine.java:takeSnapshot(289)) - group-548A67E273A2: Taking a snapshot at:(t:1, i:3) file /workdir/hadoop-ozone/integration-test/target/test-dir/MiniOzoneClusterImpl-6e222164-f983-4504-86c8-7ced57a751c7/datanode-4/data/ratis/cbbe5f78-b027-473c-bfb8-548a67e273a2/sm/snapshot.1_3
2019-09-24 10:14:15,395 [cf71df45-b016-41f8-9b9b-982faefd7fda@group-F07334A61175-StateMachineUpdater] INFO  ratis.ContainerStateMachine (ContainerStateMachine.java:takeSnapshot(300)) - group-F07334A61175: Finished taking a snapshot at:(t:1, i:12) file:/workdir/hadoop-ozone/integration-test/target/test-dir/MiniOzoneClusterImpl-6e222164-f983-4504-86c8-7ced57a751c7/datanode-1/data/ratis/32b10c15-7fd6-4d2a-9e1c-f07334a61175/sm/snapshot.1_12 time:13
2019-09-24 10:14:15,395 [ca834742-0914-4d68-a49d-04c1c4eb314f@group-548A67E273A2-StateMachineUpdater] INFO  ratis.ContainerStateMachine (ContainerStateMachine.java:takeSnapshot(300)) - group-548A67E273A2: Finished taking a snapshot at:(t:1, i:3) file:/workdir/hadoop-ozone/integration-test/target/test-dir/MiniOzoneClusterImpl-6e222164-f983-4504-86c8-7ced57a751c7/datanode-4/data/ratis/cbbe5f78-b027-473c-bfb8-548a67e273a2/sm/snapshot.1_3 time:13
2019-09-24 10:14:15,395 [cf71df45-b016-41f8-9b9b-982faefd7fda@group-F07334A61175-StateMachineUpdater] INFO  impl.StateMachineUpdater (StateMachineUpdater.java:takeSnapshot(258)) - cf71df45-b016-41f8-9b9b-982faefd7fda@group-F07334A61175-StateMachineUpdater: Took a snapshot at index 12
2019-09-24 10:14:15,395 [cf71df45-b016-41f8-9b9b-982faefd7fda@group-F07334A61175-StateMachineUpdater] INFO  impl.StateMachineUpdater (StateMachineUpdater.java:lambda$new$0(83)) - cf71df45-b016-41f8-9b9b-982faefd7fda@group-F07334A61175-StateMachineUpdater: snapshotIndex: updateIncreasingly 12 -> 12
2019-09-24 10:14:15,395 [ca834742-0914-4d68-a49d-04c1c4eb314f@group-548A67E273A2-StateMachineUpdater] INFO  impl.StateMachineUpdater (StateMachineUpdater.java:takeSnapshot(258)) - ca834742-0914-4d68-a49d-04c1c4eb314f@group-548A67E273A2-StateMachineUpdater: Took a snapshot at index 3
2019-09-24 10:14:15,395 [ForkJoinPool.commonPool-worker-1] INFO  impl.RaftServerImpl (ServerState.java:close(385)) - cf71df45-b016-41f8-9b9b-982faefd7fda@group-F07334A61175: closes. applyIndex: 14
2019-09-24 10:14:15,395 [ca834742-0914-4d68-a49d-04c1c4eb314f@group-548A67E273A2-StateMachineUpdater] INFO  impl.StateMachineUpdater (StateMachineUpdater.java:lambda$new$0(83)) - ca834742-0914-4d68-a49d-04c1c4eb314f@group-548A67E273A2-StateMachineUpdater: snapshotIndex: updateIncreasingly 3 -> 3
2019-09-24 10:14:15,396 [cf71df45-b016-41f8-9b9b-982faefd7fda@group-F07334A61175-SegmentedRaftLogWorker] INFO  segmented.SegmentedRaftLogWorker (SegmentedRaftLogWorker.java:run(313)) - cf71df45-b016-41f8-9b9b-982faefd7fda@group-F07334A61175-SegmentedRaftLogWorker was interrupted, exiting. There are 0 tasks remaining in the queue.
2019-09-24 10:14:15,401 [ForkJoinPool.commonPool-worker-1] INFO  segmented.SegmentedRaftLogWorker (SegmentedRaftLogWorker.java:close(228)) - cf71df45-b016-41f8-9b9b-982faefd7fda@group-F07334A61175-SegmentedRaftLogWorker close()
2019-09-24 10:14:15,401 [main] INFO  impl.RaftServerImpl (ServerState.java:close(385)) - ca834742-0914-4d68-a49d-04c1c4eb314f@group-548A67E273A2: closes. applyIndex: 4
2019-09-24 10:14:15,409 [ForkJoinPool.commonPool-worker-1] INFO  impl.RaftServerImpl (RaftServerImpl.java:lambda$shutdown$3(251)) - cf71df45-b016-41f8-9b9b-982faefd7fda@group-6FF4108BFC54: shutdown
2019-09-24 10:14:15,410 [ca834742-0914-4d68-a49d-04c1c4eb314f@group-548A67E273A2-SegmentedRaftLogWorker] INFO  segmented.SegmentedRaftLogWorker (SegmentedRaftLogWorker.java:run(313)) - ca834742-0914-4d68-a49d-04c1c4eb314f@group-548A67E273A2-SegmentedRaftLogWorker was interrupted, exiting. There are 0 tasks remaining in the queue.
2019-09-24 10:14:15,410 [ForkJoinPool.commonPool-worker-1] INFO  util.JmxRegister (JmxRegister.java:unregister(73)) - Successfully un-registered JMX Bean with object name Ratis:service=RaftServer,group=group-6FF4108BFC54,id=cf71df45-b016-41f8-9b9b-982faefd7fda
2019-09-24 10:14:15,414 [main] INFO  segmented.SegmentedRaftLogWorker (SegmentedRaftLogWorker.java:close(228)) - ca834742-0914-4d68-a49d-04c1c4eb314f@group-548A67E273A2-SegmentedRaftLogWorker close()
2019-09-24 10:14:15,414 [ForkJoinPool.commonPool-worker-1] INFO  impl.RoleInfo (RoleInfo.java:shutdownLeaderState(104)) - cf71df45-b016-41f8-9b9b-982faefd7fda: shutdown LeaderState
2019-09-24 10:14:15,421 [main] INFO  server.GrpcService (GrpcService.java:closeImpl(164)) - ca834742-0914-4d68-a49d-04c1c4eb314f: shutdown server with port 46285 now
2019-09-24 10:14:15,422 [ForkJoinPool.commonPool-worker-1] INFO  impl.PendingRequests (PendingRequests.java:sendNotLeaderResponses(202)) - cf71df45-b016-41f8-9b9b-982faefd7fda-PendingRequests: sendNotLeaderResponses
2019-09-24 10:14:15,438 [ForkJoinPool.commonPool-worker-1] INFO  impl.StateMachineUpdater (StateMachineUpdater.java:stopAndJoin(125)) - cf71df45-b016-41f8-9b9b-982faefd7fda@group-6FF4108BFC54-StateMachineUpdater: set stopIndex = 0
2019-09-24 10:14:15,439 [main] INFO  server.GrpcService (GrpcService.java:closeImpl(172)) - ca834742-0914-4d68-a49d-04c1c4eb314f: shutdown server with port 46285 successfully
2019-09-24 10:14:15,439 [ForkJoinPool.commonPool-worker-1] INFO  impl.RaftServerImpl (ServerState.java:close(385)) - cf71df45-b016-41f8-9b9b-982faefd7fda@group-6FF4108BFC54: closes. applyIndex: 0
2019-09-24 10:14:15,439 [grpc-default-executor-9] WARN  server.GrpcServerProtocolService (LogUtils.java:warn(134)) - ca834742-0914-4d68-a49d-04c1c4eb314f: installSnapshot onError, lastRequest: 6a7af362-491e-49cd-b30f-2f9aa366d0e8->ca834742-0914-4d68-a49d-04c1c4eb314f#7-t1, previous=(t:1, i:4), leaderCommit=4, initializing? false, entries: <empty>: org.apache.ratis.thirdparty.io.grpc.StatusRuntimeException: CANCELLED: cancelled before receiving half close
2019-09-24 10:14:15,439 [grpc-default-executor-12] WARN  server.GrpcLogAppender (LogUtils.java:warn(134)) - 6a7af362-491e-49cd-b30f-2f9aa366d0e8@group-548A67E273A2->ca834742-0914-4d68-a49d-04c1c4eb314f-AppendLogResponseHandler: Failed appendEntries: org.apache.ratis.thirdparty.io.grpc.StatusRuntimeException: CANCELLED: HTTP/2 error code: CANCEL
Received Rst Stream
2019-09-24 10:14:15,440 [grpc-default-executor-12] INFO  impl.FollowerInfo (FollowerInfo.java:lambda$new$0(51)) - 6a7af362-491e-49cd-b30f-2f9aa366d0e8@group-548A67E273A2->ca834742-0914-4d68-a49d-04c1c4eb314f: nextIndex: updateUnconditionally 5 -> 4
2019-09-24 10:14:15,441 [cf71df45-b016-41f8-9b9b-982faefd7fda@group-6FF4108BFC54-SegmentedRaftLogWorker] INFO  segmented.SegmentedRaftLogWorker (SegmentedRaftLogWorker.java:run(313)) - cf71df45-b016-41f8-9b9b-982faefd7fda@group-6FF4108BFC54-SegmentedRaftLogWorker was interrupted, exiting. There are 0 tasks remaining in the queue.
2019-09-24 10:14:15,445 [ForkJoinPool.commonPool-worker-1] INFO  segmented.SegmentedRaftLogWorker (SegmentedRaftLogWorker.java:close(228)) - cf71df45-b016-41f8-9b9b-982faefd7fda@group-6FF4108BFC54-SegmentedRaftLogWorker close()
2019-09-24 10:14:15,449 [ForkJoinPool.commonPool-worker-1] INFO  server.GrpcService (GrpcService.java:closeImpl(164)) - cf71df45-b016-41f8-9b9b-982faefd7fda: shutdown server with port 45257 now
2019-09-24 10:14:15,450 [grpc-default-executor-12] WARN  client.GrpcClientProtocolService (LogUtils.java:warn(134)) - 2-UnorderedRequestStreamObserver2: onError: org.apache.ratis.thirdparty.io.grpc.StatusRuntimeException: CANCELLED: cancelled before receiving half close
2019-09-24 10:14:15,450 [refreshUsed-/workdir/hadoop-ozone/integration-test/target/test-dir/MiniOzoneClusterImpl-6e222164-f983-4504-86c8-7ced57a751c7/datanode-4/data/containers] WARN  fs.CachingGetSpaceUsed (CachingGetSpaceUsed.java:run(183)) - Thread Interrupted waiting to refresh disk information: sleep interrupted
2019-09-24 10:14:15,450 [ForkJoinPool.commonPool-worker-1] INFO  server.GrpcService (GrpcService.java:closeImpl(172)) - cf71df45-b016-41f8-9b9b-982faefd7fda: shutdown server with port 45257 successfully
2019-09-24 10:14:15,455 [refreshUsed-/workdir/hadoop-ozone/integration-test/target/test-dir/MiniOzoneClusterImpl-6e222164-f983-4504-86c8-7ced57a751c7/datanode-1/data/containers] WARN  fs.CachingGetSpaceUsed (CachingGetSpaceUsed.java:run(183)) - Thread Interrupted waiting to refresh disk information: sleep interrupted
2019-09-24 10:14:15,467 [main] INFO  utils.BackgroundService (BackgroundService.java:shutdown(148)) - Shutting down service BlockDeletingService
2019-09-24 10:14:15,468 [ForkJoinPool.commonPool-worker-1] INFO  utils.BackgroundService (BackgroundService.java:shutdown(148)) - Shutting down service BlockDeletingService
2019-09-24 10:14:15,477 [main] INFO  statemachine.DatanodeStateMachine (DatanodeStateMachine.java:stopDaemon(395)) - Ozone container server stopped.
2019-09-24 10:14:15,478 [ForkJoinPool.commonPool-worker-1] INFO  statemachine.DatanodeStateMachine (DatanodeStateMachine.java:stopDaemon(395)) - Ozone container server stopped.
2019-09-24 10:14:15,484 [ForkJoinPool.commonPool-worker-1] INFO  handler.ContextHandler (ContextHandler.java:doStop(910)) - Stopped o.e.j.w.WebAppContext@509a6095{/,null,UNAVAILABLE}{/hddsDatanode}
2019-09-24 10:14:15,484 [main] INFO  handler.ContextHandler (ContextHandler.java:doStop(910)) - Stopped o.e.j.w.WebAppContext@27e44e9c{/,null,UNAVAILABLE}{/hddsDatanode}
2019-09-24 10:14:15,485 [ForkJoinPool.commonPool-worker-1] INFO  server.AbstractConnector (AbstractConnector.java:doStop(318)) - Stopped ServerConnector@57cabdc3{HTTP/1.1,[http/1.1]}{0.0.0.0:0}
2019-09-24 10:14:15,485 [main] INFO  server.AbstractConnector (AbstractConnector.java:doStop(318)) - Stopped ServerConnector@2f09e6b2{HTTP/1.1,[http/1.1]}{0.0.0.0:0}
2019-09-24 10:14:15,486 [ForkJoinPool.commonPool-worker-1] INFO  handler.ContextHandler (ContextHandler.java:doStop(910)) - Stopped o.e.j.s.ServletContextHandler@55296b50{/static,jar:file:/home/user/.m2/repository/org/apache/hadoop/hadoop-hdds-container-service/0.5.0-SNAPSHOT/hadoop-hdds-container-service-0.5.0-SNAPSHOT.jar!/webapps/static,UNAVAILABLE}
2019-09-24 10:14:15,486 [main] INFO  handler.ContextHandler (ContextHandler.java:doStop(910)) - Stopped o.e.j.s.ServletContextHandler@6cdee57{/static,jar:file:/home/user/.m2/repository/org/apache/hadoop/hadoop-hdds-container-service/0.5.0-SNAPSHOT/hadoop-hdds-container-service-0.5.0-SNAPSHOT.jar!/webapps/static,UNAVAILABLE}
2019-09-24 10:14:15,488 [ForkJoinPool.commonPool-worker-1] INFO  handler.ContextHandler (ContextHandler.java:doStop(910)) - Stopped o.e.j.s.ServletContextHandler@2f0ccb34{/logs,file:///workdir/hadoop-ozone/integration-test/target/log,UNAVAILABLE}
2019-09-24 10:14:15,488 [main] INFO  handler.ContextHandler (ContextHandler.java:doStop(910)) - Stopped o.e.j.s.ServletContextHandler@4863c8ac{/logs,file:///workdir/hadoop-ozone/integration-test/target/log,UNAVAILABLE}
2019-09-24 10:14:15,913 [Datanode State Machine Thread - 0] INFO  statemachine.DatanodeStateMachine (DatanodeStateMachine.java:lambda$startDaemon$0(350)) - Ozone container server started.
2019-09-24 10:14:16,221 [Datanode State Machine Thread - 0] INFO  statemachine.DatanodeStateMachine (DatanodeStateMachine.java:lambda$startDaemon$0(350)) - Ozone container server started.
2019-09-24 10:14:17,760 [grpc-default-executor-12] WARN  server.GrpcLogAppender (LogUtils.java:warn(134)) - 6a7af362-491e-49cd-b30f-2f9aa366d0e8@group-548A67E273A2->ca834742-0914-4d68-a49d-04c1c4eb314f-AppendLogResponseHandler: Failed appendEntries: org.apache.ratis.thirdparty.io.grpc.StatusRuntimeException: UNAVAILABLE: io exception
2019-09-24 10:14:17,760 [grpc-default-executor-12] INFO  impl.FollowerInfo (FollowerInfo.java:lambda$new$0(51)) - 6a7af362-491e-49cd-b30f-2f9aa366d0e8@group-548A67E273A2->ca834742-0914-4d68-a49d-04c1c4eb314f: nextIndex: updateUnconditionally 4 -> 3
2019-09-24 10:14:19,972 [EventQueue-StaleNodeForStaleNodeHandler] INFO  node.StaleNodeHandler (StaleNodeHandler.java:onMessage(58)) - Datanode 4b136bd6-92d7-47bb-9276-71c0b5ae5f48{ip: 192.168.151.86, host: pr-hdds-2167-zx9qf-3539961911, networkLocation: /default-rack, certSerialId: null} moved to stale state. Finalizing its pipelines [PipelineID=32b10c15-7fd6-4d2a-9e1c-f07334a61175, PipelineID=86a28454-043f-4383-bb34-79e2c810c82a]
2019-09-24 10:14:19,972 [EventQueue-StaleNodeForStaleNodeHandler] INFO  pipeline.SCMPipelineManager (SCMPipelineManager.java:finalizeAndDestroyPipeline(315)) - destroying pipeline:Pipeline[ Id: 32b10c15-7fd6-4d2a-9e1c-f07334a61175, Nodes: b86aa6c7-3dbe-40f9-b91b-7e4f8c702e5b{ip: 192.168.151.86, host: pr-hdds-2167-zx9qf-3539961911, networkLocation: /default-rack, certSerialId: null}cf71df45-b016-41f8-9b9b-982faefd7fda{ip: 192.168.151.86, host: pr-hdds-2167-zx9qf-3539961911, networkLocation: /default-rack, certSerialId: null}4b136bd6-92d7-47bb-9276-71c0b5ae5f48{ip: 192.168.151.86, host: pr-hdds-2167-zx9qf-3539961911, networkLocation: /default-rack, certSerialId: null}, Type:RATIS, Factor:THREE, State:CLOSED]
2019-09-24 10:14:19,972 [EventQueue-StaleNodeForStaleNodeHandler] INFO  pipeline.SCMPipelineManager (SCMPipelineManager.java:finalizeAndDestroyPipeline(315)) - destroying pipeline:Pipeline[ Id: 86a28454-043f-4383-bb34-79e2c810c82a, Nodes: 4b136bd6-92d7-47bb-9276-71c0b5ae5f48{ip: 192.168.151.86, host: pr-hdds-2167-zx9qf-3539961911, networkLocation: /default-rack, certSerialId: null}, Type:RATIS, Factor:ONE, State:OPEN]
2019-09-24 10:14:19,972 [EventQueue-StaleNodeForStaleNodeHandler] INFO  pipeline.PipelineStateManager (PipelineStateManager.java:finalizePipeline(123)) - Pipeline Pipeline[ Id: 86a28454-043f-4383-bb34-79e2c810c82a, Nodes: 4b136bd6-92d7-47bb-9276-71c0b5ae5f48{ip: 192.168.151.86, host: pr-hdds-2167-zx9qf-3539961911, networkLocation: /default-rack, certSerialId: null}, Type:RATIS, Factor:ONE, State:CLOSED] moved to CLOSED state
2019-09-24 10:14:20,261 [grpc-default-executor-12] WARN  server.GrpcLogAppender (LogUtils.java:warn(134)) - 6a7af362-491e-49cd-b30f-2f9aa366d0e8@group-548A67E273A2->ca834742-0914-4d68-a49d-04c1c4eb314f-AppendLogResponseHandler: Failed appendEntries: org.apache.ratis.thirdparty.io.grpc.StatusRuntimeException: UNAVAILABLE: io exception
2019-09-24 10:14:20,264 [grpc-default-executor-12] INFO  impl.FollowerInfo (FollowerInfo.java:lambda$new$0(51)) - 6a7af362-491e-49cd-b30f-2f9aa366d0e8@group-548A67E273A2->ca834742-0914-4d68-a49d-04c1c4eb314f: nextIndex: updateUnconditionally 3 -> 2
2019-09-24 10:14:20,272 [EventQueue-StaleNodeForStaleNodeHandler] INFO  node.StaleNodeHandler (StaleNodeHandler.java:onMessage(58)) - Datanode 6a7af362-491e-49cd-b30f-2f9aa366d0e8{ip: 192.168.151.86, host: pr-hdds-2167-zx9qf-3539961911, networkLocation: /default-rack, certSerialId: null} moved to stale state. Finalizing its pipelines [PipelineID=32d32828-4484-4c3c-88f8-18d592eb57fb, PipelineID=cbbe5f78-b027-473c-bfb8-548a67e273a2]
2019-09-24 10:14:20,272 [EventQueue-StaleNodeForStaleNodeHandler] INFO  pipeline.SCMPipelineManager (SCMPipelineManager.java:finalizeAndDestroyPipeline(315)) - destroying pipeline:Pipeline[ Id: 32d32828-4484-4c3c-88f8-18d592eb57fb, Nodes: 6a7af362-491e-49cd-b30f-2f9aa366d0e8{ip: 192.168.151.86, host: pr-hdds-2167-zx9qf-3539961911, networkLocation: /default-rack, certSerialId: null}, Type:RATIS, Factor:ONE, State:OPEN]
2019-09-24 10:14:20,272 [EventQueue-StaleNodeForStaleNodeHandler] INFO  pipeline.PipelineStateManager (PipelineStateManager.java:finalizePipeline(123)) - Pipeline Pipeline[ Id: 32d32828-4484-4c3c-88f8-18d592eb57fb, Nodes: 6a7af362-491e-49cd-b30f-2f9aa366d0e8{ip: 192.168.151.86, host: pr-hdds-2167-zx9qf-3539961911, networkLocation: /default-rack, certSerialId: null}, Type:RATIS, Factor:ONE, State:CLOSED] moved to CLOSED state
2019-09-24 10:14:20,272 [EventQueue-StaleNodeForStaleNodeHandler] INFO  pipeline.SCMPipelineManager (SCMPipelineManager.java:finalizeAndDestroyPipeline(315)) - destroying pipeline:Pipeline[ Id: cbbe5f78-b027-473c-bfb8-548a67e273a2, Nodes: 6a7af362-491e-49cd-b30f-2f9aa366d0e8{ip: 192.168.151.86, host: pr-hdds-2167-zx9qf-3539961911, networkLocation: /default-rack, certSerialId: null}ca834742-0914-4d68-a49d-04c1c4eb314f{ip: 192.168.151.86, host: pr-hdds-2167-zx9qf-3539961911, networkLocation: /default-rack, certSerialId: null}df23de65-1753-4a96-89f5-61d98b5b33f2{ip: 192.168.151.86, host: pr-hdds-2167-zx9qf-3539961911, networkLocation: /default-rack, certSerialId: null}, Type:RATIS, Factor:THREE, State:CLOSED]
2019-09-24 10:14:20,490 [main] INFO  ozoneimpl.OzoneContainer (OzoneContainer.java:stop(231)) - Attempting to stop container services.
2019-09-24 10:14:20,491 [main] INFO  impl.RaftServerProxy (RaftServerProxy.java:lambda$close$4(314)) - 6a7af362-491e-49cd-b30f-2f9aa366d0e8: close
2019-09-24 10:14:20,492 [main] INFO  impl.RaftServerImpl (RaftServerImpl.java:lambda$shutdown$3(251)) - 6a7af362-491e-49cd-b30f-2f9aa366d0e8@group-18D592EB57FB: shutdown
2019-09-24 10:14:20,492 [ForkJoinPool.commonPool-worker-1] INFO  ozoneimpl.OzoneContainer (OzoneContainer.java:stop(231)) - Attempting to stop container services.
2019-09-24 10:14:20,492 [main] INFO  util.JmxRegister (JmxRegister.java:unregister(73)) - Successfully un-registered JMX Bean with object name Ratis:service=RaftServer,group=group-18D592EB57FB,id=6a7af362-491e-49cd-b30f-2f9aa366d0e8
2019-09-24 10:14:20,497 [ForkJoinPool.commonPool-worker-1] INFO  impl.RaftServerProxy (RaftServerProxy.java:lambda$close$4(314)) - 4b136bd6-92d7-47bb-9276-71c0b5ae5f48: close
2019-09-24 10:14:20,497 [main] INFO  impl.RoleInfo (RoleInfo.java:shutdownLeaderState(104)) - 6a7af362-491e-49cd-b30f-2f9aa366d0e8: shutdown LeaderState
2019-09-24 10:14:20,497 [ForkJoinPool.commonPool-worker-1] INFO  impl.RaftServerImpl (RaftServerImpl.java:lambda$shutdown$3(251)) - 4b136bd6-92d7-47bb-9276-71c0b5ae5f48@group-F07334A61175: shutdown
2019-09-24 10:14:20,498 [main] INFO  impl.PendingRequests (PendingRequests.java:sendNotLeaderResponses(202)) - 6a7af362-491e-49cd-b30f-2f9aa366d0e8-PendingRequests: sendNotLeaderResponses
2019-09-24 10:14:20,498 [ForkJoinPool.commonPool-worker-1] INFO  util.JmxRegister (JmxRegister.java:unregister(73)) - Successfully un-registered JMX Bean with object name Ratis:service=RaftServer,group=group-F07334A61175,id=4b136bd6-92d7-47bb-9276-71c0b5ae5f48
2019-09-24 10:14:20,498 [main] INFO  impl.StateMachineUpdater (StateMachineUpdater.java:stopAndJoin(125)) - 6a7af362-491e-49cd-b30f-2f9aa366d0e8@group-18D592EB57FB-StateMachineUpdater: set stopIndex = 0
2019-09-24 10:14:20,498 [ForkJoinPool.commonPool-worker-1] INFO  impl.RoleInfo (RoleInfo.java:shutdownFollowerState(121)) - 4b136bd6-92d7-47bb-9276-71c0b5ae5f48: shutdown FollowerState
2019-09-24 10:14:20,499 [main] INFO  impl.RaftServerImpl (ServerState.java:close(385)) - 6a7af362-491e-49cd-b30f-2f9aa366d0e8@group-18D592EB57FB: closes. applyIndex: 0
2019-09-24 10:14:20,499 [Thread-3097] INFO  impl.FollowerState (FollowerState.java:run(115)) - 4b136bd6-92d7-47bb-9276-71c0b5ae5f48: FollowerState was interrupted: java.lang.InterruptedException: sleep interrupted
2019-09-24 10:14:20,499 [4b136bd6-92d7-47bb-9276-71c0b5ae5f48@group-F07334A61175-StateMachineUpdater] INFO  ratis.ContainerStateMachine (ContainerStateMachine.java:takeSnapshot(289)) - group-F07334A61175: Taking a snapshot at:(t:1, i:14) file /workdir/hadoop-ozone/integration-test/target/test-dir/MiniOzoneClusterImpl-6e222164-f983-4504-86c8-7ced57a751c7/datanode-2/data/ratis/32b10c15-7fd6-4d2a-9e1c-f07334a61175/sm/snapshot.1_14
2019-09-24 10:14:20,499 [ForkJoinPool.commonPool-worker-1] INFO  impl.StateMachineUpdater (StateMachineUpdater.java:stopAndJoin(125)) - 4b136bd6-92d7-47bb-9276-71c0b5ae5f48@group-F07334A61175-StateMachineUpdater: set stopIndex = 14
2019-09-24 10:14:20,502 [6a7af362-491e-49cd-b30f-2f9aa366d0e8@group-18D592EB57FB-SegmentedRaftLogWorker] INFO  segmented.SegmentedRaftLogWorker (SegmentedRaftLogWorker.java:run(313)) - 6a7af362-491e-49cd-b30f-2f9aa366d0e8@group-18D592EB57FB-SegmentedRaftLogWorker was interrupted, exiting. There are 0 tasks remaining in the queue.
2019-09-24 10:14:20,504 [main] INFO  segmented.SegmentedRaftLogWorker (SegmentedRaftLogWorker.java:close(228)) - 6a7af362-491e-49cd-b30f-2f9aa366d0e8@group-18D592EB57FB-SegmentedRaftLogWorker close()
2019-09-24 10:14:20,508 [main] INFO  impl.RaftServerImpl (RaftServerImpl.java:lambda$shutdown$3(251)) - 6a7af362-491e-49cd-b30f-2f9aa366d0e8@group-548A67E273A2: shutdown
2019-09-24 10:14:20,508 [main] INFO  util.JmxRegister (JmxRegister.java:unregister(73)) - Successfully un-registered JMX Bean with object name Ratis:service=RaftServer,group=group-548A67E273A2,id=6a7af362-491e-49cd-b30f-2f9aa366d0e8
2019-09-24 10:14:20,509 [main] INFO  impl.RoleInfo (RoleInfo.java:shutdownLeaderState(104)) - 6a7af362-491e-49cd-b30f-2f9aa366d0e8: shutdown LeaderState
2019-09-24 10:14:20,511 [org.apache.ratis.server.impl.LogAppender$AppenderDaemon$$Lambda$550/1997968147@131961bf] WARN  server.GrpcLogAppender (GrpcLogAppender.java:mayWait(143)) - 6a7af362-491e-49cd-b30f-2f9aa366d0e8@group-548A67E273A2->df23de65-1753-4a96-89f5-61d98b5b33f2-GrpcLogAppender: Wait interrupted by java.lang.InterruptedException
2019-09-24 10:14:20,512 [main] INFO  impl.PendingRequests (PendingRequests.java:sendNotLeaderResponses(202)) - 6a7af362-491e-49cd-b30f-2f9aa366d0e8-PendingRequests: sendNotLeaderResponses
2019-09-24 10:14:20,512 [org.apache.ratis.server.impl.LogAppender$AppenderDaemon$$Lambda$550/1997968147@6fe173b9] WARN  server.GrpcLogAppender (GrpcLogAppender.java:mayWait(143)) - 6a7af362-491e-49cd-b30f-2f9aa366d0e8@group-548A67E273A2->ca834742-0914-4d68-a49d-04c1c4eb314f-GrpcLogAppender: Wait interrupted by java.lang.InterruptedException
2019-09-24 10:14:20,512 [grpc-default-executor-9] INFO  server.GrpcServerProtocolService (GrpcServerProtocolService.java:onCompleted(113)) - df23de65-1753-4a96-89f5-61d98b5b33f2: Completed APPEND_ENTRIES, lastRequest: 6a7af362-491e-49cd-b30f-2f9aa366d0e8->df23de65-1753-4a96-89f5-61d98b5b33f2#9-t1, previous=(t:1, i:4), leaderCommit=4, initializing? false, entries: <empty>
2019-09-24 10:14:20,528 [main] INFO  impl.StateMachineUpdater (StateMachineUpdater.java:stopAndJoin(125)) - 6a7af362-491e-49cd-b30f-2f9aa366d0e8@group-548A67E273A2-StateMachineUpdater: set stopIndex = 4
2019-09-24 10:14:20,528 [6a7af362-491e-49cd-b30f-2f9aa366d0e8@group-548A67E273A2-StateMachineUpdater] INFO  ratis.ContainerStateMachine (ContainerStateMachine.java:takeSnapshot(289)) - group-548A67E273A2: Taking a snapshot at:(t:1, i:4) file /workdir/hadoop-ozone/integration-test/target/test-dir/MiniOzoneClusterImpl-6e222164-f983-4504-86c8-7ced57a751c7/datanode-3/data/ratis/cbbe5f78-b027-473c-bfb8-548a67e273a2/sm/snapshot.1_4
2019-09-24 10:14:20,529 [grpc-default-executor-9] INFO  server.GrpcLogAppender (GrpcLogAppender.java:onCompleted(293)) - 6a7af362-491e-49cd-b30f-2f9aa366d0e8@group-548A67E273A2->df23de65-1753-4a96-89f5-61d98b5b33f2-AppendLogResponseHandler: follower responses appendEntries COMPLETED
2019-09-24 10:14:20,529 [4b136bd6-92d7-47bb-9276-71c0b5ae5f48@group-F07334A61175-StateMachineUpdater] INFO  ratis.ContainerStateMachine (ContainerStateMachine.java:takeSnapshot(300)) - group-F07334A61175: Finished taking a snapshot at:(t:1, i:14) file:/workdir/hadoop-ozone/integration-test/target/test-dir/MiniOzoneClusterImpl-6e222164-f983-4504-86c8-7ced57a751c7/datanode-2/data/ratis/32b10c15-7fd6-4d2a-9e1c-f07334a61175/sm/snapshot.1_14 time:30
2019-09-24 10:14:20,529 [grpc-default-executor-9] INFO  impl.FollowerInfo (FollowerInfo.java:lambda$new$0(51)) - 6a7af362-491e-49cd-b30f-2f9aa366d0e8@group-548A67E273A2->df23de65-1753-4a96-89f5-61d98b5b33f2: nextIndex: updateUnconditionally 5 -> 4
2019-09-24 10:14:20,530 [4b136bd6-92d7-47bb-9276-71c0b5ae5f48@group-F07334A61175-StateMachineUpdater] INFO  impl.StateMachineUpdater (StateMachineUpdater.java:takeSnapshot(258)) - 4b136bd6-92d7-47bb-9276-71c0b5ae5f48@group-F07334A61175-StateMachineUpdater: Took a snapshot at index 14
2019-09-24 10:14:20,530 [4b136bd6-92d7-47bb-9276-71c0b5ae5f48@group-F07334A61175-StateMachineUpdater] INFO  impl.StateMachineUpdater (StateMachineUpdater.java:lambda$new$0(83)) - 4b136bd6-92d7-47bb-9276-71c0b5ae5f48@group-F07334A61175-StateMachineUpdater: snapshotIndex: updateIncreasingly -1 -> 14
2019-09-24 10:14:20,530 [ForkJoinPool.commonPool-worker-1] INFO  impl.RaftServerImpl (ServerState.java:close(385)) - 4b136bd6-92d7-47bb-9276-71c0b5ae5f48@group-F07334A61175: closes. applyIndex: 14
2019-09-24 10:14:20,531 [4b136bd6-92d7-47bb-9276-71c0b5ae5f48@group-F07334A61175-SegmentedRaftLogWorker] INFO  segmented.SegmentedRaftLogWorker (SegmentedRaftLogWorker.java:run(313)) - 4b136bd6-92d7-47bb-9276-71c0b5ae5f48@group-F07334A61175-SegmentedRaftLogWorker was interrupted, exiting. There are 0 tasks remaining in the queue.
2019-09-24 10:14:20,533 [ForkJoinPool.commonPool-worker-1] INFO  segmented.SegmentedRaftLogWorker (SegmentedRaftLogWorker.java:close(228)) - 4b136bd6-92d7-47bb-9276-71c0b5ae5f48@group-F07334A61175-SegmentedRaftLogWorker close()
2019-09-24 10:14:20,536 [ForkJoinPool.commonPool-worker-1] INFO  impl.RaftServerImpl (RaftServerImpl.java:lambda$shutdown$3(251)) - 4b136bd6-92d7-47bb-9276-71c0b5ae5f48@group-79E2C810C82A: shutdown
2019-09-24 10:14:20,536 [ForkJoinPool.commonPool-worker-1] INFO  util.JmxRegister (JmxRegister.java:unregister(73)) - Successfully un-registered JMX Bean with object name Ratis:service=RaftServer,group=group-79E2C810C82A,id=4b136bd6-92d7-47bb-9276-71c0b5ae5f48
2019-09-24 10:14:20,536 [ForkJoinPool.commonPool-worker-1] INFO  impl.RoleInfo (RoleInfo.java:shutdownLeaderState(104)) - 4b136bd6-92d7-47bb-9276-71c0b5ae5f48: shutdown LeaderState
2019-09-24 10:14:20,537 [ForkJoinPool.commonPool-worker-1] INFO  impl.PendingRequests (PendingRequests.java:sendNotLeaderResponses(202)) - 4b136bd6-92d7-47bb-9276-71c0b5ae5f48-PendingRequests: sendNotLeaderResponses
2019-09-24 10:14:20,537 [ForkJoinPool.commonPool-worker-1] INFO  impl.StateMachineUpdater (StateMachineUpdater.java:stopAndJoin(125)) - 4b136bd6-92d7-47bb-9276-71c0b5ae5f48@group-79E2C810C82A-StateMachineUpdater: set stopIndex = 0
2019-09-24 10:14:20,537 [ForkJoinPool.commonPool-worker-1] INFO  impl.RaftServerImpl (ServerState.java:close(385)) - 4b136bd6-92d7-47bb-9276-71c0b5ae5f48@group-79E2C810C82A: closes. applyIndex: 0
2019-09-24 10:14:20,537 [4b136bd6-92d7-47bb-9276-71c0b5ae5f48@group-79E2C810C82A-SegmentedRaftLogWorker] INFO  segmented.SegmentedRaftLogWorker (SegmentedRaftLogWorker.java:run(313)) - 4b136bd6-92d7-47bb-9276-71c0b5ae5f48@group-79E2C810C82A-SegmentedRaftLogWorker was interrupted, exiting. There are 0 tasks remaining in the queue.
2019-09-24 10:14:20,542 [ForkJoinPool.commonPool-worker-1] INFO  segmented.SegmentedRaftLogWorker (SegmentedRaftLogWorker.java:close(228)) - 4b136bd6-92d7-47bb-9276-71c0b5ae5f48@group-79E2C810C82A-SegmentedRaftLogWorker close()
2019-09-24 10:14:20,546 [ForkJoinPool.commonPool-worker-1] INFO  server.GrpcService (GrpcService.java:closeImpl(164)) - 4b136bd6-92d7-47bb-9276-71c0b5ae5f48: shutdown server with port 41495 now
2019-09-24 10:14:20,546 [ForkJoinPool.commonPool-worker-1] INFO  server.GrpcService (GrpcService.java:closeImpl(172)) - 4b136bd6-92d7-47bb-9276-71c0b5ae5f48: shutdown server with port 41495 successfully
2019-09-24 10:14:20,549 [refreshUsed-/workdir/hadoop-ozone/integration-test/target/test-dir/MiniOzoneClusterImpl-6e222164-f983-4504-86c8-7ced57a751c7/datanode-2/data/containers] WARN  fs.CachingGetSpaceUsed (CachingGetSpaceUsed.java:run(183)) - Thread Interrupted waiting to refresh disk information: sleep interrupted
2019-09-24 10:14:20,553 [6a7af362-491e-49cd-b30f-2f9aa366d0e8@group-548A67E273A2-StateMachineUpdater] INFO  ratis.ContainerStateMachine (ContainerStateMachine.java:takeSnapshot(300)) - group-548A67E273A2: Finished taking a snapshot at:(t:1, i:4) file:/workdir/hadoop-ozone/integration-test/target/test-dir/MiniOzoneClusterImpl-6e222164-f983-4504-86c8-7ced57a751c7/datanode-3/data/ratis/cbbe5f78-b027-473c-bfb8-548a67e273a2/sm/snapshot.1_4 time:25
2019-09-24 10:14:20,553 [6a7af362-491e-49cd-b30f-2f9aa366d0e8@group-548A67E273A2-StateMachineUpdater] INFO  impl.StateMachineUpdater (StateMachineUpdater.java:takeSnapshot(258)) - 6a7af362-491e-49cd-b30f-2f9aa366d0e8@group-548A67E273A2-StateMachineUpdater: Took a snapshot at index 4
2019-09-24 10:14:20,553 [6a7af362-491e-49cd-b30f-2f9aa366d0e8@group-548A67E273A2-StateMachineUpdater] INFO  impl.StateMachineUpdater (StateMachineUpdater.java:lambda$new$0(83)) - 6a7af362-491e-49cd-b30f-2f9aa366d0e8@group-548A67E273A2-StateMachineUpdater: snapshotIndex: updateIncreasingly -1 -> 4
2019-09-24 10:14:20,554 [main] INFO  impl.RaftServerImpl (ServerState.java:close(385)) - 6a7af362-491e-49cd-b30f-2f9aa366d0e8@group-548A67E273A2: closes. applyIndex: 4
2019-09-24 10:14:20,554 [6a7af362-491e-49cd-b30f-2f9aa366d0e8@group-548A67E273A2-SegmentedRaftLogWorker] INFO  segmented.SegmentedRaftLogWorker (SegmentedRaftLogWorker.java:run(313)) - 6a7af362-491e-49cd-b30f-2f9aa366d0e8@group-548A67E273A2-SegmentedRaftLogWorker was interrupted, exiting. There are 0 tasks remaining in the queue.
2019-09-24 10:14:20,556 [main] INFO  segmented.SegmentedRaftLogWorker (SegmentedRaftLogWorker.java:close(228)) - 6a7af362-491e-49cd-b30f-2f9aa366d0e8@group-548A67E273A2-SegmentedRaftLogWorker close()
2019-09-24 10:14:20,559 [main] INFO  server.GrpcService (GrpcService.java:closeImpl(164)) - 6a7af362-491e-49cd-b30f-2f9aa366d0e8: shutdown server with port 42953 now
2019-09-24 10:14:20,559 [main] INFO  server.GrpcService (GrpcService.java:closeImpl(172)) - 6a7af362-491e-49cd-b30f-2f9aa366d0e8: shutdown server with port 42953 successfully
2019-09-24 10:14:20,801 [refreshUsed-/workdir/hadoop-ozone/integration-test/target/test-dir/MiniOzoneClusterImpl-6e222164-f983-4504-86c8-7ced57a751c7/datanode-3/data/containers] WARN  fs.CachingGetSpaceUsed (CachingGetSpaceUsed.java:run(183)) - Thread Interrupted waiting to refresh disk information: sleep interrupted
2019-09-24 10:14:20,917 [ForkJoinPool.commonPool-worker-1] INFO  utils.BackgroundService (BackgroundService.java:shutdown(148)) - Shutting down service BlockDeletingService
2019-09-24 10:14:20,922 [ForkJoinPool.commonPool-worker-1] INFO  statemachine.DatanodeStateMachine (DatanodeStateMachine.java:stopDaemon(395)) - Ozone container server stopped.
2019-09-24 10:14:20,927 [ForkJoinPool.commonPool-worker-1] INFO  handler.ContextHandler (ContextHandler.java:doStop(910)) - Stopped o.e.j.w.WebAppContext@203e705e{/,null,UNAVAILABLE}{/hddsDatanode}
2019-09-24 10:14:20,928 [ForkJoinPool.commonPool-worker-1] INFO  server.AbstractConnector (AbstractConnector.java:doStop(318)) - Stopped ServerConnector@78c74647{HTTP/1.1,[http/1.1]}{0.0.0.0:0}
2019-09-24 10:14:20,930 [ForkJoinPool.commonPool-worker-1] INFO  handler.ContextHandler (ContextHandler.java:doStop(910)) - Stopped o.e.j.s.ServletContextHandler@49c1e294{/static,jar:file:/home/user/.m2/repository/org/apache/hadoop/hadoop-hdds-container-service/0.5.0-SNAPSHOT/hadoop-hdds-container-service-0.5.0-SNAPSHOT.jar!/webapps/static,UNAVAILABLE}
2019-09-24 10:14:20,931 [ForkJoinPool.commonPool-worker-1] INFO  handler.ContextHandler (ContextHandler.java:doStop(910)) - Stopped o.e.j.s.ServletContextHandler@5c448ef{/logs,file:///workdir/hadoop-ozone/integration-test/target/log,UNAVAILABLE}
2019-09-24 10:14:20,932 [main] INFO  utils.BackgroundService (BackgroundService.java:shutdown(148)) - Shutting down service BlockDeletingService
2019-09-24 10:14:20,936 [main] INFO  statemachine.DatanodeStateMachine (DatanodeStateMachine.java:stopDaemon(395)) - Ozone container server stopped.
2019-09-24 10:14:20,937 [main] INFO  handler.ContextHandler (ContextHandler.java:doStop(910)) - Stopped o.e.j.w.WebAppContext@3869a6e5{/,null,UNAVAILABLE}{/hddsDatanode}
2019-09-24 10:14:20,938 [main] INFO  server.AbstractConnector (AbstractConnector.java:doStop(318)) - Stopped ServerConnector@e3899fd{HTTP/1.1,[http/1.1]}{0.0.0.0:0}
2019-09-24 10:14:20,938 [main] INFO  handler.ContextHandler (ContextHandler.java:doStop(910)) - Stopped o.e.j.s.ServletContextHandler@115c946b{/static,jar:file:/home/user/.m2/repository/org/apache/hadoop/hadoop-hdds-container-service/0.5.0-SNAPSHOT/hadoop-hdds-container-service-0.5.0-SNAPSHOT.jar!/webapps/static,UNAVAILABLE}
2019-09-24 10:14:20,938 [main] INFO  handler.ContextHandler (ContextHandler.java:doStop(910)) - Stopped o.e.j.s.ServletContextHandler@4d4c1ba9{/logs,file:///workdir/hadoop-ozone/integration-test/target/log,UNAVAILABLE}
2019-09-24 10:14:21,443 [Datanode State Machine Thread - 0] INFO  statemachine.DatanodeStateMachine (DatanodeStateMachine.java:lambda$startDaemon$0(350)) - Ozone container server started.
2019-09-24 10:14:21,932 [Datanode State Machine Thread - 0] INFO  statemachine.DatanodeStateMachine (DatanodeStateMachine.java:lambda$startDaemon$0(350)) - Ozone container server started.
2019-09-24 10:14:22,463 [Thread-3096] INFO  impl.FollowerState (FollowerState.java:run(106)) - b86aa6c7-3dbe-40f9-b91b-7e4f8c702e5b:group-F07334A61175 changes to CANDIDATE, lastRpcTime:9349, electionTimeout:5045ms
2019-09-24 10:14:22,463 [Thread-3096] INFO  impl.RoleInfo (RoleInfo.java:shutdownFollowerState(121)) - b86aa6c7-3dbe-40f9-b91b-7e4f8c702e5b: shutdown FollowerState
2019-09-24 10:14:22,463 [Thread-3096] INFO  impl.RaftServerImpl (RaftServerImpl.java:setRole(174)) - b86aa6c7-3dbe-40f9-b91b-7e4f8c702e5b@group-F07334A61175: changes role from  FOLLOWER to CANDIDATE at term 1 for changeToCandidate
2019-09-24 10:14:22,463 [Thread-3096] INFO  impl.RoleInfo (RoleInfo.java:updateAndGet(143)) - b86aa6c7-3dbe-40f9-b91b-7e4f8c702e5b: start LeaderElection
2019-09-24 10:14:22,466 [b86aa6c7-3dbe-40f9-b91b-7e4f8c702e5b@group-F07334A61175:LeaderElection74] INFO  impl.RaftServerImpl (ServerState.java:setLeader(253)) - b86aa6c7-3dbe-40f9-b91b-7e4f8c702e5b@group-F07334A61175: change Leader from cf71df45-b016-41f8-9b9b-982faefd7fda to null at term 1 for initElection
2019-09-24 10:14:22,480 [b86aa6c7-3dbe-40f9-b91b-7e4f8c702e5b@group-F07334A61175:LeaderElection74] INFO  impl.LeaderElection (LeaderElection.java:askForVotes(182)) - b86aa6c7-3dbe-40f9-b91b-7e4f8c702e5b@group-F07334A61175:LeaderElection74: begin an election at term 2 for 0: [4b136bd6-92d7-47bb-9276-71c0b5ae5f48:192.168.151.86:41495, cf71df45-b016-41f8-9b9b-982faefd7fda:192.168.151.86:45257, b86aa6c7-3dbe-40f9-b91b-7e4f8c702e5b:192.168.151.86:43305], old=null
2019-09-24 10:14:22,498 [b86aa6c7-3dbe-40f9-b91b-7e4f8c702e5b@group-F07334A61175:LeaderElection74] INFO  impl.LeaderElection (LogUtils.java:infoOrTrace(149)) - b86aa6c7-3dbe-40f9-b91b-7e4f8c702e5b@group-F07334A61175:LeaderElection74 got exception when requesting votes: {}
java.util.concurrent.ExecutionException: org.apache.ratis.thirdparty.io.grpc.StatusRuntimeException: UNAVAILABLE: io exception
	at java.util.concurrent.FutureTask.report(FutureTask.java:122)
	at java.util.concurrent.FutureTask.get(FutureTask.java:192)
	at org.apache.ratis.server.impl.LeaderElection.waitForResults(LeaderElection.java:263)
	at org.apache.ratis.server.impl.LeaderElection.askForVotes(LeaderElection.java:201)
	at org.apache.ratis.server.impl.LeaderElection.run(LeaderElection.java:133)
	at java.lang.Thread.run(Thread.java:748)
Caused by: org.apache.ratis.thirdparty.io.grpc.StatusRuntimeException: UNAVAILABLE: io exception
	at org.apache.ratis.thirdparty.io.grpc.stub.ClientCalls.toStatusRuntimeException(ClientCalls.java:233)
	at org.apache.ratis.thirdparty.io.grpc.stub.ClientCalls.getUnchecked(ClientCalls.java:214)
	at org.apache.ratis.thirdparty.io.grpc.stub.ClientCalls.blockingUnaryCall(ClientCalls.java:139)
	at org.apache.ratis.proto.grpc.RaftServerProtocolServiceGrpc$RaftServerProtocolServiceBlockingStub.requestVote(RaftServerProtocolServiceGrpc.java:265)
	at org.apache.ratis.grpc.server.GrpcServerProtocolClient.requestVote(GrpcServerProtocolClient.java:90)
	at org.apache.ratis.grpc.server.GrpcService.requestVote(GrpcService.java:204)
	at org.apache.ratis.server.impl.LeaderElection.lambda$submitRequests$1(LeaderElection.java:238)
	at java.util.concurrent.FutureTask.run(FutureTask.java:266)
	at java.util.concurrent.Executors$RunnableAdapter.call(Executors.java:511)
	at java.util.concurrent.FutureTask.run(FutureTask.java:266)
	at java.util.concurrent.ThreadPoolExecutor.runWorker(ThreadPoolExecutor.java:1149)
	at java.util.concurrent.ThreadPoolExecutor$Worker.run(ThreadPoolExecutor.java:624)
	... 1 more
Caused by: org.apache.ratis.thirdparty.io.netty.channel.AbstractChannel$AnnotatedConnectException: Connection refused: /192.168.151.86:45257
	at sun.nio.ch.SocketChannelImpl.checkConnect(Native Method)
	at sun.nio.ch.SocketChannelImpl.finishConnect(SocketChannelImpl.java:717)
	at org.apache.ratis.thirdparty.io.netty.channel.socket.nio.NioSocketChannel.doFinishConnect(NioSocketChannel.java:327)
	at org.apache.ratis.thirdparty.io.netty.channel.nio.AbstractNioChannel$AbstractNioUnsafe.finishConnect(AbstractNioChannel.java:340)
	at org.apache.ratis.thirdparty.io.netty.channel.nio.NioEventLoop.processSelectedKey(NioEventLoop.java:632)
	at org.apache.ratis.thirdparty.io.netty.channel.nio.NioEventLoop.processSelectedKeysOptimized(NioEventLoop.java:579)
	at org.apache.ratis.thirdparty.io.netty.channel.nio.NioEventLoop.processSelectedKeys(NioEventLoop.java:496)
	at org.apache.ratis.thirdparty.io.netty.channel.nio.NioEventLoop.run(NioEventLoop.java:458)
	at org.apache.ratis.thirdparty.io.netty.util.concurrent.SingleThreadEventExecutor$5.run(SingleThreadEventExecutor.java:897)
	at org.apache.ratis.thirdparty.io.netty.util.concurrent.FastThreadLocalRunnable.run(FastThreadLocalRunnable.java:30)
	... 1 more
Caused by: java.net.ConnectException: Connection refused
	... 11 more
2019-09-24 10:14:22,501 [b86aa6c7-3dbe-40f9-b91b-7e4f8c702e5b@group-F07334A61175:LeaderElection74] INFO  impl.LeaderElection (LogUtils.java:infoOrTrace(149)) - b86aa6c7-3dbe-40f9-b91b-7e4f8c702e5b@group-F07334A61175:LeaderElection74 got exception when requesting votes: {}
java.util.concurrent.ExecutionException: org.apache.ratis.thirdparty.io.grpc.StatusRuntimeException: UNAVAILABLE: io exception
	at java.util.concurrent.FutureTask.report(FutureTask.java:122)
	at java.util.concurrent.FutureTask.get(FutureTask.java:192)
	at org.apache.ratis.server.impl.LeaderElection.waitForResults(LeaderElection.java:263)
	at org.apache.ratis.server.impl.LeaderElection.askForVotes(LeaderElection.java:201)
	at org.apache.ratis.server.impl.LeaderElection.run(LeaderElection.java:133)
	at java.lang.Thread.run(Thread.java:748)
Caused by: org.apache.ratis.thirdparty.io.grpc.StatusRuntimeException: UNAVAILABLE: io exception
	at org.apache.ratis.thirdparty.io.grpc.stub.ClientCalls.toStatusRuntimeException(ClientCalls.java:233)
	at org.apache.ratis.thirdparty.io.grpc.stub.ClientCalls.getUnchecked(ClientCalls.java:214)
	at org.apache.ratis.thirdparty.io.grpc.stub.ClientCalls.blockingUnaryCall(ClientCalls.java:139)
	at org.apache.ratis.proto.grpc.RaftServerProtocolServiceGrpc$RaftServerProtocolServiceBlockingStub.requestVote(RaftServerProtocolServiceGrpc.java:265)
	at org.apache.ratis.grpc.server.GrpcServerProtocolClient.requestVote(GrpcServerProtocolClient.java:90)
	at org.apache.ratis.grpc.server.GrpcService.requestVote(GrpcService.java:204)
	at org.apache.ratis.server.impl.LeaderElection.lambda$submitRequests$1(LeaderElection.java:238)
	at java.util.concurrent.FutureTask.run(FutureTask.java:266)
	at java.util.concurrent.Executors$RunnableAdapter.call(Executors.java:511)
	at java.util.concurrent.FutureTask.run(FutureTask.java:266)
	at java.util.concurrent.ThreadPoolExecutor.runWorker(ThreadPoolExecutor.java:1149)
	at java.util.concurrent.ThreadPoolExecutor$Worker.run(ThreadPoolExecutor.java:624)
	... 1 more
Caused by: org.apache.ratis.thirdparty.io.netty.channel.AbstractChannel$AnnotatedConnectException: Connection refused: /192.168.151.86:41495
	at sun.nio.ch.SocketChannelImpl.checkConnect(Native Method)
	at sun.nio.ch.SocketChannelImpl.finishConnect(SocketChannelImpl.java:717)
	at org.apache.ratis.thirdparty.io.netty.channel.socket.nio.NioSocketChannel.doFinishConnect(NioSocketChannel.java:327)
	at org.apache.ratis.thirdparty.io.netty.channel.nio.AbstractNioChannel$AbstractNioUnsafe.finishConnect(AbstractNioChannel.java:340)
	at org.apache.ratis.thirdparty.io.netty.channel.nio.NioEventLoop.processSelectedKey(NioEventLoop.java:632)
	at org.apache.ratis.thirdparty.io.netty.channel.nio.NioEventLoop.processSelectedKeysOptimized(NioEventLoop.java:579)
	at org.apache.ratis.thirdparty.io.netty.channel.nio.NioEventLoop.processSelectedKeys(NioEventLoop.java:496)
	at org.apache.ratis.thirdparty.io.netty.channel.nio.NioEventLoop.run(NioEventLoop.java:458)
	at org.apache.ratis.thirdparty.io.netty.util.concurrent.SingleThreadEventExecutor$5.run(SingleThreadEventExecutor.java:897)
	at org.apache.ratis.thirdparty.io.netty.util.concurrent.FastThreadLocalRunnable.run(FastThreadLocalRunnable.java:30)
	... 1 more
Caused by: java.net.ConnectException: Connection refused
	... 11 more
2019-09-24 10:14:22,503 [b86aa6c7-3dbe-40f9-b91b-7e4f8c702e5b@group-F07334A61175:LeaderElection74] INFO  impl.LeaderElection (LeaderElection.java:logAndReturn(56)) - b86aa6c7-3dbe-40f9-b91b-7e4f8c702e5b@group-F07334A61175:LeaderElection74: Election REJECTED; received 0 response(s) [] and 2 exception(s); b86aa6c7-3dbe-40f9-b91b-7e4f8c702e5b@group-F07334A61175:t2, leader=null, voted=b86aa6c7-3dbe-40f9-b91b-7e4f8c702e5b, raftlog=b86aa6c7-3dbe-40f9-b91b-7e4f8c702e5b@group-F07334A61175-SegmentedRaftLog:OPENED:c14,f14,i14, conf=0: [4b136bd6-92d7-47bb-9276-71c0b5ae5f48:192.168.151.86:41495, cf71df45-b016-41f8-9b9b-982faefd7fda:192.168.151.86:45257, b86aa6c7-3dbe-40f9-b91b-7e4f8c702e5b:192.168.151.86:43305], old=null
2019-09-24 10:14:22,503 [b86aa6c7-3dbe-40f9-b91b-7e4f8c702e5b@group-F07334A61175:LeaderElection74] INFO  impl.LeaderElection (LogUtils.java:infoOrTrace(149)) -   Exception 0: {}
java.util.concurrent.ExecutionException: org.apache.ratis.thirdparty.io.grpc.StatusRuntimeException: UNAVAILABLE: io exception
	at java.util.concurrent.FutureTask.report(FutureTask.java:122)
	at java.util.concurrent.FutureTask.get(FutureTask.java:192)
	at org.apache.ratis.server.impl.LeaderElection.waitForResults(LeaderElection.java:263)
	at org.apache.ratis.server.impl.LeaderElection.askForVotes(LeaderElection.java:201)
	at org.apache.ratis.server.impl.LeaderElection.run(LeaderElection.java:133)
	at java.lang.Thread.run(Thread.java:748)
Caused by: org.apache.ratis.thirdparty.io.grpc.StatusRuntimeException: UNAVAILABLE: io exception
	at org.apache.ratis.thirdparty.io.grpc.stub.ClientCalls.toStatusRuntimeException(ClientCalls.java:233)
	at org.apache.ratis.thirdparty.io.grpc.stub.ClientCalls.getUnchecked(ClientCalls.java:214)
	at org.apache.ratis.thirdparty.io.grpc.stub.ClientCalls.blockingUnaryCall(ClientCalls.java:139)
	at org.apache.ratis.proto.grpc.RaftServerProtocolServiceGrpc$RaftServerProtocolServiceBlockingStub.requestVote(RaftServerProtocolServiceGrpc.java:265)
	at org.apache.ratis.grpc.server.GrpcServerProtocolClient.requestVote(GrpcServerProtocolClient.java:90)
	at org.apache.ratis.grpc.server.GrpcService.requestVote(GrpcService.java:204)
	at org.apache.ratis.server.impl.LeaderElection.lambda$submitRequests$1(LeaderElection.java:238)
	at java.util.concurrent.FutureTask.run(FutureTask.java:266)
	at java.util.concurrent.Executors$RunnableAdapter.call(Executors.java:511)
	at java.util.concurrent.FutureTask.run(FutureTask.java:266)
	at java.util.concurrent.ThreadPoolExecutor.runWorker(ThreadPoolExecutor.java:1149)
	at java.util.concurrent.ThreadPoolExecutor$Worker.run(ThreadPoolExecutor.java:624)
	... 1 more
Caused by: org.apache.ratis.thirdparty.io.netty.channel.AbstractChannel$AnnotatedConnectException: Connection refused: /192.168.151.86:45257
	at sun.nio.ch.SocketChannelImpl.checkConnect(Native Method)
	at sun.nio.ch.SocketChannelImpl.finishConnect(SocketChannelImpl.java:717)
	at org.apache.ratis.thirdparty.io.netty.channel.socket.nio.NioSocketChannel.doFinishConnect(NioSocketChannel.java:327)
	at org.apache.ratis.thirdparty.io.netty.channel.nio.AbstractNioChannel$AbstractNioUnsafe.finishConnect(AbstractNioChannel.java:340)
	at org.apache.ratis.thirdparty.io.netty.channel.nio.NioEventLoop.processSelectedKey(NioEventLoop.java:632)
	at org.apache.ratis.thirdparty.io.netty.channel.nio.NioEventLoop.processSelectedKeysOptimized(NioEventLoop.java:579)
	at org.apache.ratis.thirdparty.io.netty.channel.nio.NioEventLoop.processSelectedKeys(NioEventLoop.java:496)
	at org.apache.ratis.thirdparty.io.netty.channel.nio.NioEventLoop.run(NioEventLoop.java:458)
	at org.apache.ratis.thirdparty.io.netty.util.concurrent.SingleThreadEventExecutor$5.run(SingleThreadEventExecutor.java:897)
	at org.apache.ratis.thirdparty.io.netty.util.concurrent.FastThreadLocalRunnable.run(FastThreadLocalRunnable.java:30)
	... 1 more
Caused by: java.net.ConnectException: Connection refused
	... 11 more
2019-09-24 10:14:22,504 [b86aa6c7-3dbe-40f9-b91b-7e4f8c702e5b@group-F07334A61175:LeaderElection74] INFO  impl.LeaderElection (LogUtils.java:infoOrTrace(149)) -   Exception 1: {}
java.util.concurrent.ExecutionException: org.apache.ratis.thirdparty.io.grpc.StatusRuntimeException: UNAVAILABLE: io exception
	at java.util.concurrent.FutureTask.report(FutureTask.java:122)
	at java.util.concurrent.FutureTask.get(FutureTask.java:192)
	at org.apache.ratis.server.impl.LeaderElection.waitForResults(LeaderElection.java:263)
	at org.apache.ratis.server.impl.LeaderElection.askForVotes(LeaderElection.java:201)
	at org.apache.ratis.server.impl.LeaderElection.run(LeaderElection.java:133)
	at java.lang.Thread.run(Thread.java:748)
Caused by: org.apache.ratis.thirdparty.io.grpc.StatusRuntimeException: UNAVAILABLE: io exception
	at org.apache.ratis.thirdparty.io.grpc.stub.ClientCalls.toStatusRuntimeException(ClientCalls.java:233)
	at org.apache.ratis.thirdparty.io.grpc.stub.ClientCalls.getUnchecked(ClientCalls.java:214)
	at org.apache.ratis.thirdparty.io.grpc.stub.ClientCalls.blockingUnaryCall(ClientCalls.java:139)
	at org.apache.ratis.proto.grpc.RaftServerProtocolServiceGrpc$RaftServerProtocolServiceBlockingStub.requestVote(RaftServerProtocolServiceGrpc.java:265)
	at org.apache.ratis.grpc.server.GrpcServerProtocolClient.requestVote(GrpcServerProtocolClient.java:90)
	at org.apache.ratis.grpc.server.GrpcService.requestVote(GrpcService.java:204)
	at org.apache.ratis.server.impl.LeaderElection.lambda$submitRequests$1(LeaderElection.java:238)
	at java.util.concurrent.FutureTask.run(FutureTask.java:266)
	at java.util.concurrent.Executors$RunnableAdapter.call(Executors.java:511)
	at java.util.concurrent.FutureTask.run(FutureTask.java:266)
	at java.util.concurrent.ThreadPoolExecutor.runWorker(ThreadPoolExecutor.java:1149)
	at java.util.concurrent.ThreadPoolExecutor$Worker.run(ThreadPoolExecutor.java:624)
	... 1 more
Caused by: org.apache.ratis.thirdparty.io.netty.channel.AbstractChannel$AnnotatedConnectException: Connection refused: /192.168.151.86:41495
	at sun.nio.ch.SocketChannelImpl.checkConnect(Native Method)
	at sun.nio.ch.SocketChannelImpl.finishConnect(SocketChannelImpl.java:717)
	at org.apache.ratis.thirdparty.io.netty.channel.socket.nio.NioSocketChannel.doFinishConnect(NioSocketChannel.java:327)
	at org.apache.ratis.thirdparty.io.netty.channel.nio.AbstractNioChannel$AbstractNioUnsafe.finishConnect(AbstractNioChannel.java:340)
	at org.apache.ratis.thirdparty.io.netty.channel.nio.NioEventLoop.processSelectedKey(NioEventLoop.java:632)
	at org.apache.ratis.thirdparty.io.netty.channel.nio.NioEventLoop.processSelectedKeysOptimized(NioEventLoop.java:579)
	at org.apache.ratis.thirdparty.io.netty.channel.nio.NioEventLoop.processSelectedKeys(NioEventLoop.java:496)
	at org.apache.ratis.thirdparty.io.netty.channel.nio.NioEventLoop.run(NioEventLoop.java:458)
	at org.apache.ratis.thirdparty.io.netty.util.concurrent.SingleThreadEventExecutor$5.run(SingleThreadEventExecutor.java:897)
	at org.apache.ratis.thirdparty.io.netty.util.concurrent.FastThreadLocalRunnable.run(FastThreadLocalRunnable.java:30)
	... 1 more
Caused by: java.net.ConnectException: Connection refused
	... 11 more
2019-09-24 10:14:22,504 [b86aa6c7-3dbe-40f9-b91b-7e4f8c702e5b@group-F07334A61175:LeaderElection74] INFO  impl.RaftServerImpl (RaftServerImpl.java:setRole(174)) - b86aa6c7-3dbe-40f9-b91b-7e4f8c702e5b@group-F07334A61175: changes role from CANDIDATE to FOLLOWER at term 2 for DISCOVERED_A_NEW_TERM
2019-09-24 10:14:22,504 [b86aa6c7-3dbe-40f9-b91b-7e4f8c702e5b@group-F07334A61175:LeaderElection74] INFO  impl.RoleInfo (RoleInfo.java:shutdownLeaderElection(134)) - b86aa6c7-3dbe-40f9-b91b-7e4f8c702e5b: shutdown LeaderElection
2019-09-24 10:14:22,504 [b86aa6c7-3dbe-40f9-b91b-7e4f8c702e5b@group-F07334A61175:LeaderElection74] INFO  impl.RoleInfo (RoleInfo.java:updateAndGet(143)) - b86aa6c7-3dbe-40f9-b91b-7e4f8c702e5b: start FollowerState
2019-09-24 10:14:25,489 [EventQueue-StaleNodeForStaleNodeHandler] INFO  node.StaleNodeHandler (StaleNodeHandler.java:onMessage(58)) - Datanode e8ee721d-c47f-4ec8-9e06-9f61dddfbf75{ip: 192.168.151.86, host: pr-hdds-2167-zx9qf-3539961911, networkLocation: /default-rack, certSerialId: null} moved to stale state. Finalizing its pipelines [PipelineID=2227e4cf-8461-4456-82c3-20eefd0bc069]
2019-09-24 10:14:25,496 [EventQueue-StaleNodeForStaleNodeHandler] INFO  pipeline.SCMPipelineManager (SCMPipelineManager.java:finalizeAndDestroyPipeline(315)) - destroying pipeline:Pipeline[ Id: 2227e4cf-8461-4456-82c3-20eefd0bc069, Nodes: e8ee721d-c47f-4ec8-9e06-9f61dddfbf75{ip: 192.168.151.86, host: pr-hdds-2167-zx9qf-3539961911, networkLocation: /default-rack, certSerialId: null}, Type:RATIS, Factor:ONE, State:OPEN]
2019-09-24 10:14:25,496 [EventQueue-StaleNodeForStaleNodeHandler] INFO  pipeline.PipelineStateManager (PipelineStateManager.java:finalizePipeline(123)) - Pipeline Pipeline[ Id: 2227e4cf-8461-4456-82c3-20eefd0bc069, Nodes: e8ee721d-c47f-4ec8-9e06-9f61dddfbf75{ip: 192.168.151.86, host: pr-hdds-2167-zx9qf-3539961911, networkLocation: /default-rack, certSerialId: null}, Type:RATIS, Factor:ONE, State:CLOSED] moved to CLOSED state
2019-09-24 10:14:25,933 [ForkJoinPool.commonPool-worker-1] INFO  ozoneimpl.OzoneContainer (OzoneContainer.java:stop(231)) - Attempting to stop container services.
2019-09-24 10:14:25,934 [ForkJoinPool.commonPool-worker-1] INFO  impl.RaftServerProxy (RaftServerProxy.java:lambda$close$4(314)) - b86aa6c7-3dbe-40f9-b91b-7e4f8c702e5b: close
2019-09-24 10:14:25,934 [ForkJoinPool.commonPool-worker-1] INFO  impl.RaftServerImpl (RaftServerImpl.java:lambda$shutdown$3(251)) - b86aa6c7-3dbe-40f9-b91b-7e4f8c702e5b@group-F07334A61175: shutdown
2019-09-24 10:14:25,934 [ForkJoinPool.commonPool-worker-1] INFO  util.JmxRegister (JmxRegister.java:unregister(73)) - Successfully un-registered JMX Bean with object name Ratis:service=RaftServer,group=group-F07334A61175,id=b86aa6c7-3dbe-40f9-b91b-7e4f8c702e5b
2019-09-24 10:14:25,935 [ForkJoinPool.commonPool-worker-1] INFO  impl.RoleInfo (RoleInfo.java:shutdownFollowerState(121)) - b86aa6c7-3dbe-40f9-b91b-7e4f8c702e5b: shutdown FollowerState
2019-09-24 10:14:25,935 [ForkJoinPool.commonPool-worker-1] INFO  impl.StateMachineUpdater (StateMachineUpdater.java:stopAndJoin(125)) - b86aa6c7-3dbe-40f9-b91b-7e4f8c702e5b@group-F07334A61175-StateMachineUpdater: set stopIndex = 14
2019-09-24 10:14:25,935 [b86aa6c7-3dbe-40f9-b91b-7e4f8c702e5b@group-F07334A61175-StateMachineUpdater] INFO  ratis.ContainerStateMachine (ContainerStateMachine.java:takeSnapshot(289)) - group-F07334A61175: Taking a snapshot at:(t:1, i:11) file /workdir/hadoop-ozone/integration-test/target/test-dir/MiniOzoneClusterImpl-6e222164-f983-4504-86c8-7ced57a751c7/datanode-0/data/ratis/32b10c15-7fd6-4d2a-9e1c-f07334a61175/sm/snapshot.1_11
2019-09-24 10:14:25,935 [Thread-3209] INFO  impl.FollowerState (FollowerState.java:run(115)) - b86aa6c7-3dbe-40f9-b91b-7e4f8c702e5b: FollowerState was interrupted: java.lang.InterruptedException: sleep interrupted
2019-09-24 10:14:25,940 [main] INFO  ozoneimpl.OzoneContainer (OzoneContainer.java:stop(231)) - Attempting to stop container services.
2019-09-24 10:14:25,940 [main] INFO  impl.RaftServerProxy (RaftServerProxy.java:lambda$close$4(314)) - e8ee721d-c47f-4ec8-9e06-9f61dddfbf75: close
2019-09-24 10:14:25,940 [main] INFO  impl.RaftServerImpl (RaftServerImpl.java:lambda$shutdown$3(251)) - e8ee721d-c47f-4ec8-9e06-9f61dddfbf75@group-20EEFD0BC069: shutdown
2019-09-24 10:14:25,941 [main] INFO  util.JmxRegister (JmxRegister.java:unregister(73)) - Successfully un-registered JMX Bean with object name Ratis:service=RaftServer,group=group-20EEFD0BC069,id=e8ee721d-c47f-4ec8-9e06-9f61dddfbf75
2019-09-24 10:14:25,941 [main] INFO  impl.RoleInfo (RoleInfo.java:shutdownLeaderState(104)) - e8ee721d-c47f-4ec8-9e06-9f61dddfbf75: shutdown LeaderState
2019-09-24 10:14:25,941 [main] INFO  impl.PendingRequests (PendingRequests.java:sendNotLeaderResponses(202)) - e8ee721d-c47f-4ec8-9e06-9f61dddfbf75-PendingRequests: sendNotLeaderResponses
2019-09-24 10:14:25,941 [main] INFO  impl.StateMachineUpdater (StateMachineUpdater.java:stopAndJoin(125)) - e8ee721d-c47f-4ec8-9e06-9f61dddfbf75@group-20EEFD0BC069-StateMachineUpdater: set stopIndex = 0
2019-09-24 10:14:25,942 [main] INFO  impl.RaftServerImpl (ServerState.java:close(385)) - e8ee721d-c47f-4ec8-9e06-9f61dddfbf75@group-20EEFD0BC069: closes. applyIndex: 0
2019-09-24 10:14:25,943 [e8ee721d-c47f-4ec8-9e06-9f61dddfbf75@group-20EEFD0BC069-SegmentedRaftLogWorker] INFO  segmented.SegmentedRaftLogWorker (SegmentedRaftLogWorker.java:run(313)) - e8ee721d-c47f-4ec8-9e06-9f61dddfbf75@group-20EEFD0BC069-SegmentedRaftLogWorker was interrupted, exiting. There are 0 tasks remaining in the queue.
2019-09-24 10:14:25,945 [main] INFO  segmented.SegmentedRaftLogWorker (SegmentedRaftLogWorker.java:close(228)) - e8ee721d-c47f-4ec8-9e06-9f61dddfbf75@group-20EEFD0BC069-SegmentedRaftLogWorker close()
2019-09-24 10:14:25,949 [main] INFO  server.GrpcService (GrpcService.java:closeImpl(164)) - e8ee721d-c47f-4ec8-9e06-9f61dddfbf75: shutdown server with port 42204 now
2019-09-24 10:14:25,949 [main] INFO  server.GrpcService (GrpcService.java:closeImpl(172)) - e8ee721d-c47f-4ec8-9e06-9f61dddfbf75: shutdown server with port 42204 successfully
2019-09-24 10:14:25,951 [refreshUsed-/workdir/hadoop-ozone/integration-test/target/test-dir/MiniOzoneClusterImpl-6e222164-f983-4504-86c8-7ced57a751c7/datanode-6/data/containers] WARN  fs.CachingGetSpaceUsed (CachingGetSpaceUsed.java:run(183)) - Thread Interrupted waiting to refresh disk information: sleep interrupted
2019-09-24 10:14:25,968 [main] INFO  utils.BackgroundService (BackgroundService.java:shutdown(148)) - Shutting down service BlockDeletingService
2019-09-24 10:14:25,975 [main] INFO  statemachine.DatanodeStateMachine (DatanodeStateMachine.java:stopDaemon(395)) - Ozone container server stopped.
2019-09-24 10:14:25,988 [main] INFO  handler.ContextHandler (ContextHandler.java:doStop(910)) - Stopped o.e.j.w.WebAppContext@1c1fa494{/,null,UNAVAILABLE}{/hddsDatanode}
2019-09-24 10:14:25,989 [EventQueue-StaleNodeForStaleNodeHandler] INFO  node.StaleNodeHandler (StaleNodeHandler.java:onMessage(58)) - Datanode b86aa6c7-3dbe-40f9-b91b-7e4f8c702e5b{ip: 192.168.151.86, host: pr-hdds-2167-zx9qf-3539961911, networkLocation: /default-rack, certSerialId: null} moved to stale state. Finalizing its pipelines [PipelineID=32b10c15-7fd6-4d2a-9e1c-f07334a61175, PipelineID=389985f9-ed43-4a63-a859-fa0441925729]
2019-09-24 10:14:25,989 [EventQueue-StaleNodeForStaleNodeHandler] INFO  pipeline.SCMPipelineManager (SCMPipelineManager.java:finalizeAndDestroyPipeline(315)) - destroying pipeline:Pipeline[ Id: 32b10c15-7fd6-4d2a-9e1c-f07334a61175, Nodes: b86aa6c7-3dbe-40f9-b91b-7e4f8c702e5b{ip: 192.168.151.86, host: pr-hdds-2167-zx9qf-3539961911, networkLocation: /default-rack, certSerialId: null}cf71df45-b016-41f8-9b9b-982faefd7fda{ip: 192.168.151.86, host: pr-hdds-2167-zx9qf-3539961911, networkLocation: /default-rack, certSerialId: null}4b136bd6-92d7-47bb-9276-71c0b5ae5f48{ip: 192.168.151.86, host: pr-hdds-2167-zx9qf-3539961911, networkLocation: /default-rack, certSerialId: null}, Type:RATIS, Factor:THREE, State:CLOSED]
2019-09-24 10:14:25,991 [main] INFO  server.AbstractConnector (AbstractConnector.java:doStop(318)) - Stopped ServerConnector@77c66a4f{HTTP/1.1,[http/1.1]}{0.0.0.0:0}
2019-09-24 10:14:25,991 [EventQueue-StaleNodeForStaleNodeHandler] INFO  pipeline.SCMPipelineManager (SCMPipelineManager.java:finalizeAndDestroyPipeline(315)) - destroying pipeline:Pipeline[ Id: 389985f9-ed43-4a63-a859-fa0441925729, Nodes: b86aa6c7-3dbe-40f9-b91b-7e4f8c702e5b{ip: 192.168.151.86, host: pr-hdds-2167-zx9qf-3539961911, networkLocation: /default-rack, certSerialId: null}, Type:RATIS, Factor:ONE, State:OPEN]
2019-09-24 10:14:25,993 [EventQueue-StaleNodeForStaleNodeHandler] INFO  pipeline.PipelineStateManager (PipelineStateManager.java:finalizePipeline(123)) - Pipeline Pipeline[ Id: 389985f9-ed43-4a63-a859-fa0441925729, Nodes: b86aa6c7-3dbe-40f9-b91b-7e4f8c702e5b{ip: 192.168.151.86, host: pr-hdds-2167-zx9qf-3539961911, networkLocation: /default-rack, certSerialId: null}, Type:RATIS, Factor:ONE, State:CLOSED] moved to CLOSED state
2019-09-24 10:14:25,993 [main] INFO  handler.ContextHandler (ContextHandler.java:doStop(910)) - Stopped o.e.j.s.ServletContextHandler@1a2e563e{/static,jar:file:/home/user/.m2/repository/org/apache/hadoop/hadoop-hdds-container-service/0.5.0-SNAPSHOT/hadoop-hdds-container-service-0.5.0-SNAPSHOT.jar!/webapps/static,UNAVAILABLE}
2019-09-24 10:14:25,993 [main] INFO  handler.ContextHandler (ContextHandler.java:doStop(910)) - Stopped o.e.j.s.ServletContextHandler@42cf6349{/logs,file:///workdir/hadoop-ozone/integration-test/target/log,UNAVAILABLE}
2019-09-24 10:14:26,240 [Datanode State Machine Thread - 0] INFO  statemachine.DatanodeStateMachine (DatanodeStateMachine.java:lambda$startDaemon$0(350)) - Ozone container server started.
2019-09-24 10:14:26,593 [b86aa6c7-3dbe-40f9-b91b-7e4f8c702e5b@group-F07334A61175-StateMachineUpdater] INFO  ratis.ContainerStateMachine (ContainerStateMachine.java:takeSnapshot(300)) - group-F07334A61175: Finished taking a snapshot at:(t:1, i:11) file:/workdir/hadoop-ozone/integration-test/target/test-dir/MiniOzoneClusterImpl-6e222164-f983-4504-86c8-7ced57a751c7/datanode-0/data/ratis/32b10c15-7fd6-4d2a-9e1c-f07334a61175/sm/snapshot.1_11 time:658
2019-09-24 10:14:26,593 [b86aa6c7-3dbe-40f9-b91b-7e4f8c702e5b@group-F07334A61175-StateMachineUpdater] INFO  impl.StateMachineUpdater (StateMachineUpdater.java:takeSnapshot(258)) - b86aa6c7-3dbe-40f9-b91b-7e4f8c702e5b@group-F07334A61175-StateMachineUpdater: Took a snapshot at index 11
2019-09-24 10:14:26,593 [b86aa6c7-3dbe-40f9-b91b-7e4f8c702e5b@group-F07334A61175-StateMachineUpdater] INFO  impl.StateMachineUpdater (StateMachineUpdater.java:lambda$new$0(83)) - b86aa6c7-3dbe-40f9-b91b-7e4f8c702e5b@group-F07334A61175-StateMachineUpdater: snapshotIndex: updateIncreasingly -1 -> 11
2019-09-24 10:14:26,594 [b86aa6c7-3dbe-40f9-b91b-7e4f8c702e5b@group-F07334A61175-StateMachineUpdater] INFO  ratis.ContainerStateMachine (ContainerStateMachine.java:takeSnapshot(289)) - group-F07334A61175: Taking a snapshot at:(t:1, i:11) file /workdir/hadoop-ozone/integration-test/target/test-dir/MiniOzoneClusterImpl-6e222164-f983-4504-86c8-7ced57a751c7/datanode-0/data/ratis/32b10c15-7fd6-4d2a-9e1c-f07334a61175/sm/snapshot.1_11
2019-09-24 10:14:27,636 [b86aa6c7-3dbe-40f9-b91b-7e4f8c702e5b@group-F07334A61175-StateMachineUpdater] INFO  ratis.ContainerStateMachine (ContainerStateMachine.java:takeSnapshot(300)) - group-F07334A61175: Finished taking a snapshot at:(t:1, i:11) file:/workdir/hadoop-ozone/integration-test/target/test-dir/MiniOzoneClusterImpl-6e222164-f983-4504-86c8-7ced57a751c7/datanode-0/data/ratis/32b10c15-7fd6-4d2a-9e1c-f07334a61175/sm/snapshot.1_11 time:1042
2019-09-24 10:14:27,636 [b86aa6c7-3dbe-40f9-b91b-7e4f8c702e5b@group-F07334A61175-StateMachineUpdater] INFO  impl.StateMachineUpdater (StateMachineUpdater.java:takeSnapshot(258)) - b86aa6c7-3dbe-40f9-b91b-7e4f8c702e5b@group-F07334A61175-StateMachineUpdater: Took a snapshot at index 11
2019-09-24 10:14:27,636 [b86aa6c7-3dbe-40f9-b91b-7e4f8c702e5b@group-F07334A61175-StateMachineUpdater] INFO  impl.StateMachineUpdater (StateMachineUpdater.java:lambda$new$0(83)) - b86aa6c7-3dbe-40f9-b91b-7e4f8c702e5b@group-F07334A61175-StateMachineUpdater: snapshotIndex: updateIncreasingly 11 -> 11
2019-09-24 10:14:27,637 [ForkJoinPool.commonPool-worker-1] INFO  impl.RaftServerImpl (ServerState.java:close(385)) - b86aa6c7-3dbe-40f9-b91b-7e4f8c702e5b@group-F07334A61175: closes. applyIndex: 14
2019-09-24 10:14:27,637 [b86aa6c7-3dbe-40f9-b91b-7e4f8c702e5b@group-F07334A61175-SegmentedRaftLogWorker] INFO  segmented.SegmentedRaftLogWorker (SegmentedRaftLogWorker.java:run(313)) - b86aa6c7-3dbe-40f9-b91b-7e4f8c702e5b@group-F07334A61175-SegmentedRaftLogWorker was interrupted, exiting. There are 0 tasks remaining in the queue.
2019-09-24 10:14:27,640 [ForkJoinPool.commonPool-worker-1] INFO  segmented.SegmentedRaftLogWorker (SegmentedRaftLogWorker.java:close(228)) - b86aa6c7-3dbe-40f9-b91b-7e4f8c702e5b@group-F07334A61175-SegmentedRaftLogWorker close()
2019-09-24 10:14:27,643 [ForkJoinPool.commonPool-worker-1] INFO  impl.RaftServerImpl (RaftServerImpl.java:lambda$shutdown$3(251)) - b86aa6c7-3dbe-40f9-b91b-7e4f8c702e5b@group-FA0441925729: shutdown
2019-09-24 10:14:27,643 [ForkJoinPool.commonPool-worker-1] INFO  util.JmxRegister (JmxRegister.java:unregister(73)) - Successfully un-registered JMX Bean with object name Ratis:service=RaftServer,group=group-FA0441925729,id=b86aa6c7-3dbe-40f9-b91b-7e4f8c702e5b
2019-09-24 10:14:27,644 [ForkJoinPool.commonPool-worker-1] INFO  impl.RoleInfo (RoleInfo.java:shutdownLeaderState(104)) - b86aa6c7-3dbe-40f9-b91b-7e4f8c702e5b: shutdown LeaderState
2019-09-24 10:14:27,644 [ForkJoinPool.commonPool-worker-1] INFO  impl.PendingRequests (PendingRequests.java:sendNotLeaderResponses(202)) - b86aa6c7-3dbe-40f9-b91b-7e4f8c702e5b-PendingRequests: sendNotLeaderResponses
2019-09-24 10:14:27,644 [ForkJoinPool.commonPool-worker-1] INFO  impl.StateMachineUpdater (StateMachineUpdater.java:stopAndJoin(125)) - b86aa6c7-3dbe-40f9-b91b-7e4f8c702e5b@group-FA0441925729-StateMachineUpdater: set stopIndex = 0
2019-09-24 10:14:27,645 [ForkJoinPool.commonPool-worker-1] INFO  impl.RaftServerImpl (ServerState.java:close(385)) - b86aa6c7-3dbe-40f9-b91b-7e4f8c702e5b@group-FA0441925729: closes. applyIndex: 0
2019-09-24 10:14:27,645 [b86aa6c7-3dbe-40f9-b91b-7e4f8c702e5b@group-FA0441925729-SegmentedRaftLogWorker] INFO  segmented.SegmentedRaftLogWorker (SegmentedRaftLogWorker.java:run(313)) - b86aa6c7-3dbe-40f9-b91b-7e4f8c702e5b@group-FA0441925729-SegmentedRaftLogWorker was interrupted, exiting. There are 0 tasks remaining in the queue.
2019-09-24 10:14:27,647 [ForkJoinPool.commonPool-worker-1] INFO  segmented.SegmentedRaftLogWorker (SegmentedRaftLogWorker.java:close(228)) - b86aa6c7-3dbe-40f9-b91b-7e4f8c702e5b@group-FA0441925729-SegmentedRaftLogWorker close()
2019-09-24 10:14:27,650 [ForkJoinPool.commonPool-worker-1] INFO  server.GrpcService (GrpcService.java:closeImpl(164)) - b86aa6c7-3dbe-40f9-b91b-7e4f8c702e5b: shutdown server with port 43305 now
2019-09-24 10:14:27,651 [ForkJoinPool.commonPool-worker-1] INFO  server.GrpcService (GrpcService.java:closeImpl(172)) - b86aa6c7-3dbe-40f9-b91b-7e4f8c702e5b: shutdown server with port 43305 successfully
2019-09-24 10:14:27,653 [refreshUsed-/workdir/hadoop-ozone/integration-test/target/test-dir/MiniOzoneClusterImpl-6e222164-f983-4504-86c8-7ced57a751c7/datanode-0/data/containers] WARN  fs.CachingGetSpaceUsed (CachingGetSpaceUsed.java:run(183)) - Thread Interrupted waiting to refresh disk information: sleep interrupted
2019-09-24 10:14:27,665 [ForkJoinPool.commonPool-worker-1] INFO  utils.BackgroundService (BackgroundService.java:shutdown(148)) - Shutting down service BlockDeletingService
2019-09-24 10:14:27,670 [ForkJoinPool.commonPool-worker-1] INFO  statemachine.DatanodeStateMachine (DatanodeStateMachine.java:stopDaemon(395)) - Ozone container server stopped.
2019-09-24 10:14:27,674 [ForkJoinPool.commonPool-worker-1] INFO  handler.ContextHandler (ContextHandler.java:doStop(910)) - Stopped o.e.j.w.WebAppContext@6c4ce583{/,null,UNAVAILABLE}{/hddsDatanode}
2019-09-24 10:14:27,675 [ForkJoinPool.commonPool-worker-1] INFO  server.AbstractConnector (AbstractConnector.java:doStop(318)) - Stopped ServerConnector@755b5f30{HTTP/1.1,[http/1.1]}{0.0.0.0:0}
2019-09-24 10:14:27,676 [ForkJoinPool.commonPool-worker-1] INFO  handler.ContextHandler (ContextHandler.java:doStop(910)) - Stopped o.e.j.s.ServletContextHandler@4645679e{/static,jar:file:/home/user/.m2/repository/org/apache/hadoop/hadoop-hdds-container-service/0.5.0-SNAPSHOT/hadoop-hdds-container-service-0.5.0-SNAPSHOT.jar!/webapps/static,UNAVAILABLE}
2019-09-24 10:14:27,678 [ForkJoinPool.commonPool-worker-1] INFO  handler.ContextHandler (ContextHandler.java:doStop(910)) - Stopped o.e.j.s.ServletContextHandler@6486fe7b{/logs,file:///workdir/hadoop-ozone/integration-test/target/log,UNAVAILABLE}
2019-09-24 10:14:28,223 [Thread-3122] INFO  impl.FollowerState (FollowerState.java:run(106)) - df23de65-1753-4a96-89f5-61d98b5b33f2:group-548A67E273A2 changes to CANDIDATE, lastRpcTime:7959, electionTimeout:5030ms
2019-09-24 10:14:28,224 [Thread-3122] INFO  impl.RoleInfo (RoleInfo.java:shutdownFollowerState(121)) - df23de65-1753-4a96-89f5-61d98b5b33f2: shutdown FollowerState
2019-09-24 10:14:28,224 [Thread-3122] INFO  impl.RaftServerImpl (RaftServerImpl.java:setRole(174)) - df23de65-1753-4a96-89f5-61d98b5b33f2@group-548A67E273A2: changes role from  FOLLOWER to CANDIDATE at term 1 for changeToCandidate
2019-09-24 10:14:28,224 [Thread-3122] INFO  impl.RoleInfo (RoleInfo.java:updateAndGet(143)) - df23de65-1753-4a96-89f5-61d98b5b33f2: start LeaderElection
2019-09-24 10:14:28,226 [df23de65-1753-4a96-89f5-61d98b5b33f2@group-548A67E273A2:LeaderElection75] INFO  impl.RaftServerImpl (ServerState.java:setLeader(253)) - df23de65-1753-4a96-89f5-61d98b5b33f2@group-548A67E273A2: change Leader from 6a7af362-491e-49cd-b30f-2f9aa366d0e8 to null at term 1 for initElection
2019-09-24 10:14:28,905 [df23de65-1753-4a96-89f5-61d98b5b33f2@group-548A67E273A2:LeaderElection75] INFO  impl.LeaderElection (LeaderElection.java:askForVotes(182)) - df23de65-1753-4a96-89f5-61d98b5b33f2@group-548A67E273A2:LeaderElection75: begin an election at term 2 for 0: [ca834742-0914-4d68-a49d-04c1c4eb314f:192.168.151.86:46285, df23de65-1753-4a96-89f5-61d98b5b33f2:192.168.151.86:44638, 6a7af362-491e-49cd-b30f-2f9aa366d0e8:192.168.151.86:42953], old=null
2019-09-24 10:14:28,908 [df23de65-1753-4a96-89f5-61d98b5b33f2@group-548A67E273A2:LeaderElection75] INFO  impl.LeaderElection (LogUtils.java:infoOrTrace(149)) - df23de65-1753-4a96-89f5-61d98b5b33f2@group-548A67E273A2:LeaderElection75 got exception when requesting votes: {}
java.util.concurrent.ExecutionException: org.apache.ratis.thirdparty.io.grpc.StatusRuntimeException: UNAVAILABLE: io exception
	at java.util.concurrent.FutureTask.report(FutureTask.java:122)
	at java.util.concurrent.FutureTask.get(FutureTask.java:192)
	at org.apache.ratis.server.impl.LeaderElection.waitForResults(LeaderElection.java:263)
	at org.apache.ratis.server.impl.LeaderElection.askForVotes(LeaderElection.java:201)
	at org.apache.ratis.server.impl.LeaderElection.run(LeaderElection.java:133)
	at java.lang.Thread.run(Thread.java:748)
Caused by: org.apache.ratis.thirdparty.io.grpc.StatusRuntimeException: UNAVAILABLE: io exception
	at org.apache.ratis.thirdparty.io.grpc.stub.ClientCalls.toStatusRuntimeException(ClientCalls.java:233)
	at org.apache.ratis.thirdparty.io.grpc.stub.ClientCalls.getUnchecked(ClientCalls.java:214)
	at org.apache.ratis.thirdparty.io.grpc.stub.ClientCalls.blockingUnaryCall(ClientCalls.java:139)
	at org.apache.ratis.proto.grpc.RaftServerProtocolServiceGrpc$RaftServerProtocolServiceBlockingStub.requestVote(RaftServerProtocolServiceGrpc.java:265)
	at org.apache.ratis.grpc.server.GrpcServerProtocolClient.requestVote(GrpcServerProtocolClient.java:90)
	at org.apache.ratis.grpc.server.GrpcService.requestVote(GrpcService.java:204)
	at org.apache.ratis.server.impl.LeaderElection.lambda$submitRequests$1(LeaderElection.java:238)
	at java.util.concurrent.FutureTask.run(FutureTask.java:266)
	at java.util.concurrent.Executors$RunnableAdapter.call(Executors.java:511)
	at java.util.concurrent.FutureTask.run(FutureTask.java:266)
	at java.util.concurrent.ThreadPoolExecutor.runWorker(ThreadPoolExecutor.java:1149)
	at java.util.concurrent.ThreadPoolExecutor$Worker.run(ThreadPoolExecutor.java:624)
	... 1 more
Caused by: org.apache.ratis.thirdparty.io.netty.channel.AbstractChannel$AnnotatedConnectException: Connection refused: /192.168.151.86:42953
	at sun.nio.ch.SocketChannelImpl.checkConnect(Native Method)
	at sun.nio.ch.SocketChannelImpl.finishConnect(SocketChannelImpl.java:717)
	at org.apache.ratis.thirdparty.io.netty.channel.socket.nio.NioSocketChannel.doFinishConnect(NioSocketChannel.java:327)
	at org.apache.ratis.thirdparty.io.netty.channel.nio.AbstractNioChannel$AbstractNioUnsafe.finishConnect(AbstractNioChannel.java:340)
	at org.apache.ratis.thirdparty.io.netty.channel.nio.NioEventLoop.processSelectedKey(NioEventLoop.java:632)
	at org.apache.ratis.thirdparty.io.netty.channel.nio.NioEventLoop.processSelectedKeysOptimized(NioEventLoop.java:579)
	at org.apache.ratis.thirdparty.io.netty.channel.nio.NioEventLoop.processSelectedKeys(NioEventLoop.java:496)
	at org.apache.ratis.thirdparty.io.netty.channel.nio.NioEventLoop.run(NioEventLoop.java:458)
	at org.apache.ratis.thirdparty.io.netty.util.concurrent.SingleThreadEventExecutor$5.run(SingleThreadEventExecutor.java:897)
	at org.apache.ratis.thirdparty.io.netty.util.concurrent.FastThreadLocalRunnable.run(FastThreadLocalRunnable.java:30)
	... 1 more
Caused by: java.net.ConnectException: Connection refused
	... 11 more
2019-09-24 10:14:28,909 [df23de65-1753-4a96-89f5-61d98b5b33f2@group-548A67E273A2:LeaderElection75] INFO  impl.LeaderElection (LogUtils.java:infoOrTrace(149)) - df23de65-1753-4a96-89f5-61d98b5b33f2@group-548A67E273A2:LeaderElection75 got exception when requesting votes: {}
java.util.concurrent.ExecutionException: org.apache.ratis.thirdparty.io.grpc.StatusRuntimeException: UNAVAILABLE: io exception
	at java.util.concurrent.FutureTask.report(FutureTask.java:122)
	at java.util.concurrent.FutureTask.get(FutureTask.java:192)
	at org.apache.ratis.server.impl.LeaderElection.waitForResults(LeaderElection.java:263)
	at org.apache.ratis.server.impl.LeaderElection.askForVotes(LeaderElection.java:201)
	at org.apache.ratis.server.impl.LeaderElection.run(LeaderElection.java:133)
	at java.lang.Thread.run(Thread.java:748)
Caused by: org.apache.ratis.thirdparty.io.grpc.StatusRuntimeException: UNAVAILABLE: io exception
	at org.apache.ratis.thirdparty.io.grpc.stub.ClientCalls.toStatusRuntimeException(ClientCalls.java:233)
	at org.apache.ratis.thirdparty.io.grpc.stub.ClientCalls.getUnchecked(ClientCalls.java:214)
	at org.apache.ratis.thirdparty.io.grpc.stub.ClientCalls.blockingUnaryCall(ClientCalls.java:139)
	at org.apache.ratis.proto.grpc.RaftServerProtocolServiceGrpc$RaftServerProtocolServiceBlockingStub.requestVote(RaftServerProtocolServiceGrpc.java:265)
	at org.apache.ratis.grpc.server.GrpcServerProtocolClient.requestVote(GrpcServerProtocolClient.java:90)
	at org.apache.ratis.grpc.server.GrpcService.requestVote(GrpcService.java:204)
	at org.apache.ratis.server.impl.LeaderElection.lambda$submitRequests$1(LeaderElection.java:238)
	at java.util.concurrent.FutureTask.run(FutureTask.java:266)
	at java.util.concurrent.Executors$RunnableAdapter.call(Executors.java:511)
	at java.util.concurrent.FutureTask.run(FutureTask.java:266)
	at java.util.concurrent.ThreadPoolExecutor.runWorker(ThreadPoolExecutor.java:1149)
	at java.util.concurrent.ThreadPoolExecutor$Worker.run(ThreadPoolExecutor.java:624)
	... 1 more
Caused by: org.apache.ratis.thirdparty.io.netty.channel.AbstractChannel$AnnotatedConnectException: Connection refused: /192.168.151.86:46285
	at sun.nio.ch.SocketChannelImpl.checkConnect(Native Method)
	at sun.nio.ch.SocketChannelImpl.finishConnect(SocketChannelImpl.java:717)
	at org.apache.ratis.thirdparty.io.netty.channel.socket.nio.NioSocketChannel.doFinishConnect(NioSocketChannel.java:327)
	at org.apache.ratis.thirdparty.io.netty.channel.nio.AbstractNioChannel$AbstractNioUnsafe.finishConnect(AbstractNioChannel.java:340)
	at org.apache.ratis.thirdparty.io.netty.channel.nio.NioEventLoop.processSelectedKey(NioEventLoop.java:632)
	at org.apache.ratis.thirdparty.io.netty.channel.nio.NioEventLoop.processSelectedKeysOptimized(NioEventLoop.java:579)
	at org.apache.ratis.thirdparty.io.netty.channel.nio.NioEventLoop.processSelectedKeys(NioEventLoop.java:496)
	at org.apache.ratis.thirdparty.io.netty.channel.nio.NioEventLoop.run(NioEventLoop.java:458)
	at org.apache.ratis.thirdparty.io.netty.util.concurrent.SingleThreadEventExecutor$5.run(SingleThreadEventExecutor.java:897)
	at org.apache.ratis.thirdparty.io.netty.util.concurrent.FastThreadLocalRunnable.run(FastThreadLocalRunnable.java:30)
	... 1 more
Caused by: java.net.ConnectException: Connection refused
	... 11 more
2019-09-24 10:14:28,911 [df23de65-1753-4a96-89f5-61d98b5b33f2@group-548A67E273A2:LeaderElection75] INFO  impl.LeaderElection (LeaderElection.java:logAndReturn(56)) - df23de65-1753-4a96-89f5-61d98b5b33f2@group-548A67E273A2:LeaderElection75: Election REJECTED; received 0 response(s) [] and 2 exception(s); df23de65-1753-4a96-89f5-61d98b5b33f2@group-548A67E273A2:t2, leader=null, voted=df23de65-1753-4a96-89f5-61d98b5b33f2, raftlog=df23de65-1753-4a96-89f5-61d98b5b33f2@group-548A67E273A2-SegmentedRaftLog:OPENED:c4,f4,i4, conf=0: [ca834742-0914-4d68-a49d-04c1c4eb314f:192.168.151.86:46285, df23de65-1753-4a96-89f5-61d98b5b33f2:192.168.151.86:44638, 6a7af362-491e-49cd-b30f-2f9aa366d0e8:192.168.151.86:42953], old=null
2019-09-24 10:14:28,911 [df23de65-1753-4a96-89f5-61d98b5b33f2@group-548A67E273A2:LeaderElection75] INFO  impl.LeaderElection (LogUtils.java:infoOrTrace(149)) -   Exception 0: {}
java.util.concurrent.ExecutionException: org.apache.ratis.thirdparty.io.grpc.StatusRuntimeException: UNAVAILABLE: io exception
	at java.util.concurrent.FutureTask.report(FutureTask.java:122)
	at java.util.concurrent.FutureTask.get(FutureTask.java:192)
	at org.apache.ratis.server.impl.LeaderElection.waitForResults(LeaderElection.java:263)
	at org.apache.ratis.server.impl.LeaderElection.askForVotes(LeaderElection.java:201)
	at org.apache.ratis.server.impl.LeaderElection.run(LeaderElection.java:133)
	at java.lang.Thread.run(Thread.java:748)
Caused by: org.apache.ratis.thirdparty.io.grpc.StatusRuntimeException: UNAVAILABLE: io exception
	at org.apache.ratis.thirdparty.io.grpc.stub.ClientCalls.toStatusRuntimeException(ClientCalls.java:233)
	at org.apache.ratis.thirdparty.io.grpc.stub.ClientCalls.getUnchecked(ClientCalls.java:214)
	at org.apache.ratis.thirdparty.io.grpc.stub.ClientCalls.blockingUnaryCall(ClientCalls.java:139)
	at org.apache.ratis.proto.grpc.RaftServerProtocolServiceGrpc$RaftServerProtocolServiceBlockingStub.requestVote(RaftServerProtocolServiceGrpc.java:265)
	at org.apache.ratis.grpc.server.GrpcServerProtocolClient.requestVote(GrpcServerProtocolClient.java:90)
	at org.apache.ratis.grpc.server.GrpcService.requestVote(GrpcService.java:204)
	at org.apache.ratis.server.impl.LeaderElection.lambda$submitRequests$1(LeaderElection.java:238)
	at java.util.concurrent.FutureTask.run(FutureTask.java:266)
	at java.util.concurrent.Executors$RunnableAdapter.call(Executors.java:511)
	at java.util.concurrent.FutureTask.run(FutureTask.java:266)
	at java.util.concurrent.ThreadPoolExecutor.runWorker(ThreadPoolExecutor.java:1149)
	at java.util.concurrent.ThreadPoolExecutor$Worker.run(ThreadPoolExecutor.java:624)
	... 1 more
Caused by: org.apache.ratis.thirdparty.io.netty.channel.AbstractChannel$AnnotatedConnectException: Connection refused: /192.168.151.86:42953
	at sun.nio.ch.SocketChannelImpl.checkConnect(Native Method)
	at sun.nio.ch.SocketChannelImpl.finishConnect(SocketChannelImpl.java:717)
	at org.apache.ratis.thirdparty.io.netty.channel.socket.nio.NioSocketChannel.doFinishConnect(NioSocketChannel.java:327)
	at org.apache.ratis.thirdparty.io.netty.channel.nio.AbstractNioChannel$AbstractNioUnsafe.finishConnect(AbstractNioChannel.java:340)
	at org.apache.ratis.thirdparty.io.netty.channel.nio.NioEventLoop.processSelectedKey(NioEventLoop.java:632)
	at org.apache.ratis.thirdparty.io.netty.channel.nio.NioEventLoop.processSelectedKeysOptimized(NioEventLoop.java:579)
	at org.apache.ratis.thirdparty.io.netty.channel.nio.NioEventLoop.processSelectedKeys(NioEventLoop.java:496)
	at org.apache.ratis.thirdparty.io.netty.channel.nio.NioEventLoop.run(NioEventLoop.java:458)
	at org.apache.ratis.thirdparty.io.netty.util.concurrent.SingleThreadEventExecutor$5.run(SingleThreadEventExecutor.java:897)
	at org.apache.ratis.thirdparty.io.netty.util.concurrent.FastThreadLocalRunnable.run(FastThreadLocalRunnable.java:30)
	... 1 more
Caused by: java.net.ConnectException: Connection refused
	... 11 more
2019-09-24 10:14:28,911 [df23de65-1753-4a96-89f5-61d98b5b33f2@group-548A67E273A2:LeaderElection75] INFO  impl.LeaderElection (LogUtils.java:infoOrTrace(149)) -   Exception 1: {}
java.util.concurrent.ExecutionException: org.apache.ratis.thirdparty.io.grpc.StatusRuntimeException: UNAVAILABLE: io exception
	at java.util.concurrent.FutureTask.report(FutureTask.java:122)
	at java.util.concurrent.FutureTask.get(FutureTask.java:192)
	at org.apache.ratis.server.impl.LeaderElection.waitForResults(LeaderElection.java:263)
	at org.apache.ratis.server.impl.LeaderElection.askForVotes(LeaderElection.java:201)
	at org.apache.ratis.server.impl.LeaderElection.run(LeaderElection.java:133)
	at java.lang.Thread.run(Thread.java:748)
Caused by: org.apache.ratis.thirdparty.io.grpc.StatusRuntimeException: UNAVAILABLE: io exception
	at org.apache.ratis.thirdparty.io.grpc.stub.ClientCalls.toStatusRuntimeException(ClientCalls.java:233)
	at org.apache.ratis.thirdparty.io.grpc.stub.ClientCalls.getUnchecked(ClientCalls.java:214)
	at org.apache.ratis.thirdparty.io.grpc.stub.ClientCalls.blockingUnaryCall(ClientCalls.java:139)
	at org.apache.ratis.proto.grpc.RaftServerProtocolServiceGrpc$RaftServerProtocolServiceBlockingStub.requestVote(RaftServerProtocolServiceGrpc.java:265)
	at org.apache.ratis.grpc.server.GrpcServerProtocolClient.requestVote(GrpcServerProtocolClient.java:90)
	at org.apache.ratis.grpc.server.GrpcService.requestVote(GrpcService.java:204)
	at org.apache.ratis.server.impl.LeaderElection.lambda$submitRequests$1(LeaderElection.java:238)
	at java.util.concurrent.FutureTask.run(FutureTask.java:266)
	at java.util.concurrent.Executors$RunnableAdapter.call(Executors.java:511)
	at java.util.concurrent.FutureTask.run(FutureTask.java:266)
	at java.util.concurrent.ThreadPoolExecutor.runWorker(ThreadPoolExecutor.java:1149)
	at java.util.concurrent.ThreadPoolExecutor$Worker.run(ThreadPoolExecutor.java:624)
	... 1 more
Caused by: org.apache.ratis.thirdparty.io.netty.channel.AbstractChannel$AnnotatedConnectException: Connection refused: /192.168.151.86:46285
	at sun.nio.ch.SocketChannelImpl.checkConnect(Native Method)
	at sun.nio.ch.SocketChannelImpl.finishConnect(SocketChannelImpl.java:717)
	at org.apache.ratis.thirdparty.io.netty.channel.socket.nio.NioSocketChannel.doFinishConnect(NioSocketChannel.java:327)
	at org.apache.ratis.thirdparty.io.netty.channel.nio.AbstractNioChannel$AbstractNioUnsafe.finishConnect(AbstractNioChannel.java:340)
	at org.apache.ratis.thirdparty.io.netty.channel.nio.NioEventLoop.processSelectedKey(NioEventLoop.java:632)
	at org.apache.ratis.thirdparty.io.netty.channel.nio.NioEventLoop.processSelectedKeysOptimized(NioEventLoop.java:579)
	at org.apache.ratis.thirdparty.io.netty.channel.nio.NioEventLoop.processSelectedKeys(NioEventLoop.java:496)
	at org.apache.ratis.thirdparty.io.netty.channel.nio.NioEventLoop.run(NioEventLoop.java:458)
	at org.apache.ratis.thirdparty.io.netty.util.concurrent.SingleThreadEventExecutor$5.run(SingleThreadEventExecutor.java:897)
	at org.apache.ratis.thirdparty.io.netty.util.concurrent.FastThreadLocalRunnable.run(FastThreadLocalRunnable.java:30)
	... 1 more
Caused by: java.net.ConnectException: Connection refused
	... 11 more
2019-09-24 10:14:28,911 [df23de65-1753-4a96-89f5-61d98b5b33f2@group-548A67E273A2:LeaderElection75] INFO  impl.RaftServerImpl (RaftServerImpl.java:setRole(174)) - df23de65-1753-4a96-89f5-61d98b5b33f2@group-548A67E273A2: changes role from CANDIDATE to FOLLOWER at term 2 for DISCOVERED_A_NEW_TERM
2019-09-24 10:14:28,911 [df23de65-1753-4a96-89f5-61d98b5b33f2@group-548A67E273A2:LeaderElection75] INFO  impl.RoleInfo (RoleInfo.java:shutdownLeaderElection(134)) - df23de65-1753-4a96-89f5-61d98b5b33f2: shutdown LeaderElection
2019-09-24 10:14:28,911 [df23de65-1753-4a96-89f5-61d98b5b33f2@group-548A67E273A2:LeaderElection75] INFO  impl.RoleInfo (RoleInfo.java:updateAndGet(143)) - df23de65-1753-4a96-89f5-61d98b5b33f2: start FollowerState
2019-09-24 10:14:30,294 [EventQueue-StaleNodeForStaleNodeHandler] INFO  node.StaleNodeHandler (StaleNodeHandler.java:onMessage(58)) - Datanode df23de65-1753-4a96-89f5-61d98b5b33f2{ip: 192.168.151.86, host: pr-hdds-2167-zx9qf-3539961911, networkLocation: /default-rack, certSerialId: null} moved to stale state. Finalizing its pipelines [PipelineID=fad80ffb-15c0-41f1-a4e9-d177e9b2211d, PipelineID=cbbe5f78-b027-473c-bfb8-548a67e273a2]
2019-09-24 10:14:30,295 [EventQueue-StaleNodeForStaleNodeHandler] INFO  pipeline.SCMPipelineManager (SCMPipelineManager.java:finalizeAndDestroyPipeline(315)) - destroying pipeline:Pipeline[ Id: fad80ffb-15c0-41f1-a4e9-d177e9b2211d, Nodes: df23de65-1753-4a96-89f5-61d98b5b33f2{ip: 192.168.151.86, host: pr-hdds-2167-zx9qf-3539961911, networkLocation: /default-rack, certSerialId: null}, Type:RATIS, Factor:ONE, State:OPEN]
2019-09-24 10:14:30,296 [EventQueue-StaleNodeForStaleNodeHandler] INFO  pipeline.PipelineStateManager (PipelineStateManager.java:finalizePipeline(123)) - Pipeline Pipeline[ Id: fad80ffb-15c0-41f1-a4e9-d177e9b2211d, Nodes: df23de65-1753-4a96-89f5-61d98b5b33f2{ip: 192.168.151.86, host: pr-hdds-2167-zx9qf-3539961911, networkLocation: /default-rack, certSerialId: null}, Type:RATIS, Factor:ONE, State:CLOSED] moved to CLOSED state
2019-09-24 10:14:30,296 [EventQueue-StaleNodeForStaleNodeHandler] INFO  pipeline.SCMPipelineManager (SCMPipelineManager.java:finalizeAndDestroyPipeline(315)) - destroying pipeline:Pipeline[ Id: cbbe5f78-b027-473c-bfb8-548a67e273a2, Nodes: 6a7af362-491e-49cd-b30f-2f9aa366d0e8{ip: 192.168.151.86, host: pr-hdds-2167-zx9qf-3539961911, networkLocation: /default-rack, certSerialId: null}ca834742-0914-4d68-a49d-04c1c4eb314f{ip: 192.168.151.86, host: pr-hdds-2167-zx9qf-3539961911, networkLocation: /default-rack, certSerialId: null}df23de65-1753-4a96-89f5-61d98b5b33f2{ip: 192.168.151.86, host: pr-hdds-2167-zx9qf-3539961911, networkLocation: /default-rack, certSerialId: null}, Type:RATIS, Factor:THREE, State:CLOSED]
2019-09-24 10:14:30,995 [main] INFO  ozoneimpl.OzoneContainer (OzoneContainer.java:stop(231)) - Attempting to stop container services.
2019-09-24 10:14:30,996 [main] INFO  impl.RaftServerProxy (RaftServerProxy.java:lambda$close$4(314)) - df23de65-1753-4a96-89f5-61d98b5b33f2: close
2019-09-24 10:14:30,996 [main] INFO  impl.RaftServerImpl (RaftServerImpl.java:lambda$shutdown$3(251)) - df23de65-1753-4a96-89f5-61d98b5b33f2@group-D177E9B2211D: shutdown
2019-09-24 10:14:30,997 [ForkJoinPool.commonPool-worker-0] INFO  impl.RaftServerImpl (RaftServerImpl.java:lambda$shutdown$3(251)) - df23de65-1753-4a96-89f5-61d98b5b33f2@group-548A67E273A2: shutdown
2019-09-24 10:14:30,997 [main] INFO  util.JmxRegister (JmxRegister.java:unregister(73)) - Successfully un-registered JMX Bean with object name Ratis:service=RaftServer,group=group-D177E9B2211D,id=df23de65-1753-4a96-89f5-61d98b5b33f2
2019-09-24 10:14:30,998 [ForkJoinPool.commonPool-worker-0] INFO  util.JmxRegister (JmxRegister.java:unregister(73)) - Successfully un-registered JMX Bean with object name Ratis:service=RaftServer,group=group-548A67E273A2,id=df23de65-1753-4a96-89f5-61d98b5b33f2
2019-09-24 10:14:30,999 [main] INFO  impl.RoleInfo (RoleInfo.java:shutdownLeaderState(104)) - df23de65-1753-4a96-89f5-61d98b5b33f2: shutdown LeaderState
2019-09-24 10:14:30,999 [ForkJoinPool.commonPool-worker-0] INFO  impl.RoleInfo (RoleInfo.java:shutdownFollowerState(121)) - df23de65-1753-4a96-89f5-61d98b5b33f2: shutdown FollowerState
2019-09-24 10:14:30,999 [main] INFO  impl.PendingRequests (PendingRequests.java:sendNotLeaderResponses(202)) - df23de65-1753-4a96-89f5-61d98b5b33f2-PendingRequests: sendNotLeaderResponses
2019-09-24 10:14:30,999 [Thread-3213] INFO  impl.FollowerState (FollowerState.java:run(115)) - df23de65-1753-4a96-89f5-61d98b5b33f2: FollowerState was interrupted: java.lang.InterruptedException: sleep interrupted
2019-09-24 10:14:30,999 [ForkJoinPool.commonPool-worker-0] INFO  impl.StateMachineUpdater (StateMachineUpdater.java:stopAndJoin(125)) - df23de65-1753-4a96-89f5-61d98b5b33f2@group-548A67E273A2-StateMachineUpdater: set stopIndex = 4
2019-09-24 10:14:31,000 [main] INFO  impl.StateMachineUpdater (StateMachineUpdater.java:stopAndJoin(125)) - df23de65-1753-4a96-89f5-61d98b5b33f2@group-D177E9B2211D-StateMachineUpdater: set stopIndex = 0
2019-09-24 10:14:30,999 [df23de65-1753-4a96-89f5-61d98b5b33f2@group-548A67E273A2-StateMachineUpdater] INFO  ratis.ContainerStateMachine (ContainerStateMachine.java:takeSnapshot(289)) - group-548A67E273A2: Taking a snapshot at:(t:1, i:3) file /workdir/hadoop-ozone/integration-test/target/test-dir/MiniOzoneClusterImpl-6e222164-f983-4504-86c8-7ced57a751c7/datanode-5/data/ratis/cbbe5f78-b027-473c-bfb8-548a67e273a2/sm/snapshot.1_3
2019-09-24 10:14:31,001 [main] INFO  impl.RaftServerImpl (ServerState.java:close(385)) - df23de65-1753-4a96-89f5-61d98b5b33f2@group-D177E9B2211D: closes. applyIndex: 0
2019-09-24 10:14:31,001 [df23de65-1753-4a96-89f5-61d98b5b33f2@group-D177E9B2211D-SegmentedRaftLogWorker] INFO  segmented.SegmentedRaftLogWorker (SegmentedRaftLogWorker.java:run(313)) - df23de65-1753-4a96-89f5-61d98b5b33f2@group-D177E9B2211D-SegmentedRaftLogWorker was interrupted, exiting. There are 0 tasks remaining in the queue.
2019-09-24 10:14:31,002 [main] INFO  segmented.SegmentedRaftLogWorker (SegmentedRaftLogWorker.java:close(228)) - df23de65-1753-4a96-89f5-61d98b5b33f2@group-D177E9B2211D-SegmentedRaftLogWorker close()
2019-09-24 10:14:31,028 [df23de65-1753-4a96-89f5-61d98b5b33f2@group-548A67E273A2-StateMachineUpdater] INFO  ratis.ContainerStateMachine (ContainerStateMachine.java:takeSnapshot(300)) - group-548A67E273A2: Finished taking a snapshot at:(t:1, i:3) file:/workdir/hadoop-ozone/integration-test/target/test-dir/MiniOzoneClusterImpl-6e222164-f983-4504-86c8-7ced57a751c7/datanode-5/data/ratis/cbbe5f78-b027-473c-bfb8-548a67e273a2/sm/snapshot.1_3 time:28
2019-09-24 10:14:31,028 [df23de65-1753-4a96-89f5-61d98b5b33f2@group-548A67E273A2-StateMachineUpdater] INFO  impl.StateMachineUpdater (StateMachineUpdater.java:takeSnapshot(258)) - df23de65-1753-4a96-89f5-61d98b5b33f2@group-548A67E273A2-StateMachineUpdater: Took a snapshot at index 3
2019-09-24 10:14:31,028 [df23de65-1753-4a96-89f5-61d98b5b33f2@group-548A67E273A2-StateMachineUpdater] INFO  impl.StateMachineUpdater (StateMachineUpdater.java:lambda$new$0(83)) - df23de65-1753-4a96-89f5-61d98b5b33f2@group-548A67E273A2-StateMachineUpdater: snapshotIndex: updateIncreasingly -1 -> 3
2019-09-24 10:14:31,028 [df23de65-1753-4a96-89f5-61d98b5b33f2@group-548A67E273A2-StateMachineUpdater] INFO  ratis.ContainerStateMachine (ContainerStateMachine.java:takeSnapshot(289)) - group-548A67E273A2: Taking a snapshot at:(t:1, i:3) file /workdir/hadoop-ozone/integration-test/target/test-dir/MiniOzoneClusterImpl-6e222164-f983-4504-86c8-7ced57a751c7/datanode-5/data/ratis/cbbe5f78-b027-473c-bfb8-548a67e273a2/sm/snapshot.1_3
2019-09-24 10:14:31,031 [df23de65-1753-4a96-89f5-61d98b5b33f2@group-548A67E273A2-StateMachineUpdater] INFO  ratis.ContainerStateMachine (ContainerStateMachine.java:takeSnapshot(300)) - group-548A67E273A2: Finished taking a snapshot at:(t:1, i:3) file:/workdir/hadoop-ozone/integration-test/target/test-dir/MiniOzoneClusterImpl-6e222164-f983-4504-86c8-7ced57a751c7/datanode-5/data/ratis/cbbe5f78-b027-473c-bfb8-548a67e273a2/sm/snapshot.1_3 time:3
2019-09-24 10:14:31,031 [df23de65-1753-4a96-89f5-61d98b5b33f2@group-548A67E273A2-StateMachineUpdater] INFO  impl.StateMachineUpdater (StateMachineUpdater.java:takeSnapshot(258)) - df23de65-1753-4a96-89f5-61d98b5b33f2@group-548A67E273A2-StateMachineUpdater: Took a snapshot at index 3
2019-09-24 10:14:31,031 [df23de65-1753-4a96-89f5-61d98b5b33f2@group-548A67E273A2-StateMachineUpdater] INFO  impl.StateMachineUpdater (StateMachineUpdater.java:lambda$new$0(83)) - df23de65-1753-4a96-89f5-61d98b5b33f2@group-548A67E273A2-StateMachineUpdater: snapshotIndex: updateIncreasingly 3 -> 3
2019-09-24 10:14:31,031 [ForkJoinPool.commonPool-worker-0] INFO  impl.RaftServerImpl (ServerState.java:close(385)) - df23de65-1753-4a96-89f5-61d98b5b33f2@group-548A67E273A2: closes. applyIndex: 4
2019-09-24 10:14:31,031 [df23de65-1753-4a96-89f5-61d98b5b33f2@group-548A67E273A2-SegmentedRaftLogWorker] INFO  segmented.SegmentedRaftLogWorker (SegmentedRaftLogWorker.java:run(313)) - df23de65-1753-4a96-89f5-61d98b5b33f2@group-548A67E273A2-SegmentedRaftLogWorker was interrupted, exiting. There are 0 tasks remaining in the queue.
2019-09-24 10:14:31,032 [ForkJoinPool.commonPool-worker-0] INFO  segmented.SegmentedRaftLogWorker (SegmentedRaftLogWorker.java:close(228)) - df23de65-1753-4a96-89f5-61d98b5b33f2@group-548A67E273A2-SegmentedRaftLogWorker close()
2019-09-24 10:14:31,034 [main] INFO  server.GrpcService (GrpcService.java:closeImpl(164)) - df23de65-1753-4a96-89f5-61d98b5b33f2: shutdown server with port 44638 now
2019-09-24 10:14:31,034 [main] INFO  server.GrpcService (GrpcService.java:closeImpl(172)) - df23de65-1753-4a96-89f5-61d98b5b33f2: shutdown server with port 44638 successfully
2019-09-24 10:14:31,036 [refreshUsed-/workdir/hadoop-ozone/integration-test/target/test-dir/MiniOzoneClusterImpl-6e222164-f983-4504-86c8-7ced57a751c7/datanode-5/data/containers] WARN  fs.CachingGetSpaceUsed (CachingGetSpaceUsed.java:run(183)) - Thread Interrupted waiting to refresh disk information: sleep interrupted
2019-09-24 10:14:31,050 [main] INFO  utils.BackgroundService (BackgroundService.java:shutdown(148)) - Shutting down service BlockDeletingService
2019-09-24 10:14:31,053 [main] INFO  statemachine.DatanodeStateMachine (DatanodeStateMachine.java:stopDaemon(395)) - Ozone container server stopped.
2019-09-24 10:14:31,074 [main] INFO  handler.ContextHandler (ContextHandler.java:doStop(910)) - Stopped o.e.j.w.WebAppContext@2bf2d6eb{/,null,UNAVAILABLE}{/hddsDatanode}
2019-09-24 10:14:31,075 [main] INFO  server.AbstractConnector (AbstractConnector.java:doStop(318)) - Stopped ServerConnector@6d6cd1e0{HTTP/1.1,[http/1.1]}{0.0.0.0:0}
2019-09-24 10:14:31,075 [main] INFO  handler.ContextHandler (ContextHandler.java:doStop(910)) - Stopped o.e.j.s.ServletContextHandler@1fe8f5e8{/static,jar:file:/home/user/.m2/repository/org/apache/hadoop/hadoop-hdds-container-service/0.5.0-SNAPSHOT/hadoop-hdds-container-service-0.5.0-SNAPSHOT.jar!/webapps/static,UNAVAILABLE}
2019-09-24 10:14:31,075 [main] INFO  handler.ContextHandler (ContextHandler.java:doStop(910)) - Stopped o.e.j.s.ServletContextHandler@1ea930eb{/logs,file:///workdir/hadoop-ozone/integration-test/target/log,UNAVAILABLE}
2019-09-24 10:14:31,076 [main] INFO  ozone.MiniOzoneClusterImpl (MiniOzoneClusterImpl.java:stopSCM(392)) - Stopping the StorageContainerManager
2019-09-24 10:14:31,076 [main] INFO  server.StorageContainerManager (StorageContainerManager.java:stop(808)) - Stopping Replication Manager Service.
2019-09-24 10:14:31,077 [main] INFO  container.ReplicationManager (ReplicationManager.java:stop(203)) - Stopping Replication Monitor Thread.
2019-09-24 10:14:31,077 [main] INFO  server.StorageContainerManager (StorageContainerManager.java:stop(815)) - Stopping Lease Manager of the command watchers
2019-09-24 10:14:31,077 [main] INFO  server.StorageContainerManager (StorageContainerManager.java:stop(822)) - Stopping datanode service RPC server
2019-09-24 10:14:31,077 [main] INFO  server.SCMDatanodeProtocolServer (SCMDatanodeProtocolServer.java:stop(367)) - Stopping the RPC server for DataNodes
2019-09-24 10:14:31,077 [main] INFO  ipc.Server (Server.java:stop(3082)) - Stopping server on 36590
2019-09-24 10:14:31,079 [IPC Server listener on 36590] INFO  ipc.Server (Server.java:run(1185)) - Stopping IPC Server listener on 36590
2019-09-24 10:14:31,080 [IPC Server Responder] INFO  ipc.Server (Server.java:run(1319)) - Stopping IPC Server Responder
2019-09-24 10:14:31,095 [SCM Heartbeat Processing Thread - 0] WARN  node.NodeStateManager (NodeStateManager.java:scheduleNextHealthCheck(646)) - Current Thread is interrupted, shutting down HB processing thread for Node Manager.
2019-09-24 10:14:31,095 [main] INFO  server.StorageContainerManager (StorageContainerManager.java:stop(830)) - Stopping block service RPC server
2019-09-24 10:14:31,095 [main] INFO  server.SCMBlockProtocolServer (SCMBlockProtocolServer.java:stop(155)) - Stopping the RPC server for Block Protocol
2019-09-24 10:14:31,095 [main] INFO  ipc.Server (Server.java:stop(3082)) - Stopping server on 40682
2019-09-24 10:14:31,097 [IPC Server listener on 40682] INFO  ipc.Server (Server.java:run(1185)) - Stopping IPC Server listener on 40682
2019-09-24 10:14:31,097 [main] INFO  server.StorageContainerManager (StorageContainerManager.java:stop(837)) - Stopping the StorageContainerLocationProtocol RPC server
2019-09-24 10:14:31,097 [IPC Server Responder] INFO  ipc.Server (Server.java:run(1319)) - Stopping IPC Server Responder
2019-09-24 10:14:31,098 [main] INFO  server.SCMClientProtocolServer (SCMClientProtocolServer.java:stop(159)) - Stopping the RPC server for Client Protocol
2019-09-24 10:14:31,099 [main] INFO  ipc.Server (Server.java:stop(3082)) - Stopping server on 42640
2019-09-24 10:14:31,100 [IPC Server listener on 42640] INFO  ipc.Server (Server.java:run(1185)) - Stopping IPC Server listener on 42640
2019-09-24 10:14:31,100 [main] INFO  server.StorageContainerManager (StorageContainerManager.java:stop(844)) - Stopping Storage Container Manager HTTP server.
2019-09-24 10:14:31,101 [IPC Server Responder] INFO  ipc.Server (Server.java:run(1319)) - Stopping IPC Server Responder
2019-09-24 10:14:31,102 [main] INFO  handler.ContextHandler (ContextHandler.java:doStop(910)) - Stopped o.e.j.w.WebAppContext@fddd7ae{/,null,UNAVAILABLE}{/scm}
2019-09-24 10:14:31,102 [main] INFO  server.AbstractConnector (AbstractConnector.java:doStop(318)) - Stopped ServerConnector@3f6cce7f{HTTP/1.1,[http/1.1]}{0.0.0.0:0}
2019-09-24 10:14:31,102 [main] INFO  handler.ContextHandler (ContextHandler.java:doStop(910)) - Stopped o.e.j.s.ServletContextHandler@50ec4bfc{/static,file:///workdir/hadoop-ozone/integration-test/target/test-classes/webapps/static,UNAVAILABLE}
2019-09-24 10:14:31,103 [main] INFO  handler.ContextHandler (ContextHandler.java:doStop(910)) - Stopped o.e.j.s.ServletContextHandler@6a09484c{/logs,file:///workdir/hadoop-ozone/integration-test/target/log,UNAVAILABLE}
2019-09-24 10:14:31,103 [main] INFO  server.StorageContainerManager (StorageContainerManager.java:stop(855)) - Stopping Block Manager Service.
2019-09-24 10:14:31,104 [main] INFO  utils.BackgroundService (BackgroundService.java:shutdown(148)) - Shutting down service SCMBlockDeletingService
2019-09-24 10:14:31,104 [main] INFO  utils.BackgroundService (BackgroundService.java:shutdown(148)) - Shutting down service SCMBlockDeletingService
2019-09-24 10:14:31,104 [main] INFO  server.StorageContainerManager (StorageContainerManager.java:stop(877)) - Stopping SCM Event Queue.
2019-09-24 10:14:31,108 [main] INFO  impl.MetricsSystemImpl (MetricsSystemImpl.java:stop(210)) - Stopping HddsDatanode metrics system...
2019-09-24 10:14:31,125 [main] INFO  impl.MetricsSystemImpl (MetricsSystemImpl.java:stop(216)) - HddsDatanode metrics system stopped.
]]></system-out>
    <system-err><![CDATA[Sep 24, 2019 10:14:15 AM org.apache.ratis.thirdparty.io.grpc.internal.SerializingExecutor run
SEVERE: Exception while executing runnable org.apache.ratis.thirdparty.io.grpc.internal.ServerImpl$JumpToApplicationThreadServerStreamListener$1Closed@1522d794
org.apache.ratis.thirdparty.io.grpc.StatusRuntimeException: CANCELLED: call already cancelled
	at org.apache.ratis.thirdparty.io.grpc.Status.asRuntimeException(Status.java:517)
	at org.apache.ratis.thirdparty.io.grpc.stub.ServerCalls$ServerCallStreamObserverImpl.onCompleted(ServerCalls.java:356)
	at org.apache.ratis.grpc.server.GrpcServerProtocolService$ServerRequestStreamObserver.onError(GrpcServerProtocolService.java:121)
	at org.apache.ratis.thirdparty.io.grpc.stub.ServerCalls$StreamingServerCallHandler$StreamingServerCallListener.onCancel(ServerCalls.java:269)
	at org.apache.ratis.thirdparty.io.grpc.internal.ServerCallImpl$ServerStreamListenerImpl.closed(ServerCallImpl.java:293)
	at org.apache.ratis.thirdparty.io.grpc.internal.ServerImpl$JumpToApplicationThreadServerStreamListener$1Closed.runInContext(ServerImpl.java:741)
	at org.apache.ratis.thirdparty.io.grpc.internal.ContextRunnable.run(ContextRunnable.java:37)
	at org.apache.ratis.thirdparty.io.grpc.internal.SerializingExecutor.run(SerializingExecutor.java:123)
	at java.util.concurrent.ThreadPoolExecutor.runWorker(ThreadPoolExecutor.java:1149)
	at java.util.concurrent.ThreadPoolExecutor$Worker.run(ThreadPoolExecutor.java:624)
	at java.lang.Thread.run(Thread.java:748)

Sep 24, 2019 10:14:22 AM org.apache.ratis.thirdparty.io.grpc.internal.ManagedChannelOrphanWrapper$ManagedChannelReference cleanQueue
SEVERE: *~*~*~ Channel ManagedChannelImpl{logId=2888, target=192.168.151.86:36736} was not shutdown properly!!! ~*~*~*
    Make sure to call shutdown()/shutdownNow() and wait until awaitTermination() returns true.
java.lang.RuntimeException: ManagedChannel allocation site
	at org.apache.ratis.thirdparty.io.grpc.internal.ManagedChannelOrphanWrapper$ManagedChannelReference.<init>(ManagedChannelOrphanWrapper.java:103)
	at org.apache.ratis.thirdparty.io.grpc.internal.ManagedChannelOrphanWrapper.<init>(ManagedChannelOrphanWrapper.java:53)
	at org.apache.ratis.thirdparty.io.grpc.internal.ManagedChannelOrphanWrapper.<init>(ManagedChannelOrphanWrapper.java:44)
	at org.apache.ratis.thirdparty.io.grpc.internal.AbstractManagedChannelImplBuilder.build(AbstractManagedChannelImplBuilder.java:411)
	at org.apache.ratis.grpc.client.GrpcClientProtocolClient.<init>(GrpcClientProtocolClient.java:127)
	at org.apache.ratis.grpc.client.GrpcClientRpc.lambda$new$0(GrpcClientRpc.java:55)
	at org.apache.ratis.util.PeerProxyMap$PeerAndProxy.lambda$getProxy$0(PeerProxyMap.java:61)
	at org.apache.ratis.util.LifeCycle.startAndTransition(LifeCycle.java:202)
	at org.apache.ratis.util.PeerProxyMap$PeerAndProxy.getProxy(PeerProxyMap.java:60)
	at org.apache.ratis.util.PeerProxyMap.getProxy(PeerProxyMap.java:108)
	at org.apache.ratis.grpc.client.GrpcClientRpc.sendRequestAsync(GrpcClientRpc.java:66)
	at org.apache.ratis.client.impl.OrderedAsync.sendRequest(OrderedAsync.java:208)
	at org.apache.ratis.client.impl.OrderedAsync.sendRequestWithRetry(OrderedAsync.java:169)
	at org.apache.ratis.util.SlidingWindow$Client.sendOrDelayRequest(SlidingWindow.java:278)
	at org.apache.ratis.util.SlidingWindow$Client.retry(SlidingWindow.java:294)
	at org.apache.ratis.client.impl.OrderedAsync.lambda$scheduleWithTimeout$7(OrderedAsync.java:195)
	at org.apache.ratis.util.TimeoutScheduler.lambda$onTimeout$0(TimeoutScheduler.java:113)
	at org.apache.ratis.util.TimeoutScheduler.lambda$onTimeout$1(TimeoutScheduler.java:133)
	at org.apache.ratis.util.LogUtils.runAndLog(LogUtils.java:50)
	at org.apache.ratis.util.LogUtils$1.run(LogUtils.java:91)
	at java.util.concurrent.Executors$RunnableAdapter.call(Executors.java:511)
	at java.util.concurrent.FutureTask.run(FutureTask.java:266)
	at java.util.concurrent.ScheduledThreadPoolExecutor$ScheduledFutureTask.access$201(ScheduledThreadPoolExecutor.java:180)
	at java.util.concurrent.ScheduledThreadPoolExecutor$ScheduledFutureTask.run(ScheduledThreadPoolExecutor.java:293)
	at java.util.concurrent.ThreadPoolExecutor.runWorker(ThreadPoolExecutor.java:1149)
	at java.util.concurrent.ThreadPoolExecutor$Worker.run(ThreadPoolExecutor.java:624)
	at java.lang.Thread.run(Thread.java:748)

Sep 24, 2019 10:14:22 AM org.apache.ratis.thirdparty.io.grpc.internal.ManagedChannelOrphanWrapper$ManagedChannelReference cleanQueue
SEVERE: *~*~*~ Channel ManagedChannelImpl{logId=2657, target=192.168.151.86:35870} was not shutdown properly!!! ~*~*~*
    Make sure to call shutdown()/shutdownNow() and wait until awaitTermination() returns true.
java.lang.RuntimeException: ManagedChannel allocation site
	at org.apache.ratis.thirdparty.io.grpc.internal.ManagedChannelOrphanWrapper$ManagedChannelReference.<init>(ManagedChannelOrphanWrapper.java:103)
	at org.apache.ratis.thirdparty.io.grpc.internal.ManagedChannelOrphanWrapper.<init>(ManagedChannelOrphanWrapper.java:53)
	at org.apache.ratis.thirdparty.io.grpc.internal.ManagedChannelOrphanWrapper.<init>(ManagedChannelOrphanWrapper.java:44)
	at org.apache.ratis.thirdparty.io.grpc.internal.AbstractManagedChannelImplBuilder.build(AbstractManagedChannelImplBuilder.java:411)
	at org.apache.ratis.grpc.client.GrpcClientProtocolClient.<init>(GrpcClientProtocolClient.java:127)
	at org.apache.ratis.grpc.client.GrpcClientRpc.lambda$new$0(GrpcClientRpc.java:55)
	at org.apache.ratis.util.PeerProxyMap$PeerAndProxy.lambda$getProxy$0(PeerProxyMap.java:61)
	at org.apache.ratis.util.LifeCycle.startAndTransition(LifeCycle.java:202)
	at org.apache.ratis.util.PeerProxyMap$PeerAndProxy.getProxy(PeerProxyMap.java:60)
	at org.apache.ratis.util.PeerProxyMap.getProxy(PeerProxyMap.java:108)
	at org.apache.ratis.grpc.client.GrpcClientRpc.sendRequestAsync(GrpcClientRpc.java:66)
	at org.apache.ratis.client.impl.OrderedAsync.sendRequest(OrderedAsync.java:208)
	at org.apache.ratis.client.impl.OrderedAsync.sendRequestWithRetry(OrderedAsync.java:169)
	at org.apache.ratis.util.SlidingWindow$Client.sendOrDelayRequest(SlidingWindow.java:278)
	at org.apache.ratis.util.SlidingWindow$Client.submitNewRequest(SlidingWindow.java:257)
	at org.apache.ratis.client.impl.OrderedAsync.send(OrderedAsync.java:155)
	at org.apache.ratis.client.impl.RaftClientImpl.sendAsync(RaftClientImpl.java:144)
	at org.apache.ratis.client.impl.RaftClientImpl.sendAsync(RaftClientImpl.java:124)
	at org.apache.hadoop.hdds.scm.XceiverClientRatis.sendRequestAsync(XceiverClientRatis.java:234)
	at org.apache.hadoop.hdds.scm.XceiverClientRatis.sendCommandAsync(XceiverClientRatis.java:332)
	at org.apache.hadoop.hdds.scm.storage.ContainerProtocolCalls.writeChunkAsync(ContainerProtocolCalls.java:310)
	at org.apache.hadoop.hdds.scm.storage.BlockOutputStream.writeChunkToContainer(BlockOutputStream.java:601)
	at org.apache.hadoop.hdds.scm.storage.BlockOutputStream.writeChunk(BlockOutputStream.java:459)
	at org.apache.hadoop.hdds.scm.storage.BlockOutputStream.writeOnRetry(BlockOutputStream.java:285)
	at org.apache.hadoop.ozone.client.io.BlockOutputStreamEntry.writeOnRetry(BlockOutputStreamEntry.java:200)
	at org.apache.hadoop.ozone.client.io.KeyOutputStream.handleWrite(KeyOutputStream.java:206)
	at org.apache.hadoop.ozone.client.io.KeyOutputStream.handleRetry(KeyOutputStream.java:375)
	at org.apache.hadoop.ozone.client.io.KeyOutputStream.handleException(KeyOutputStream.java:324)
	at org.apache.hadoop.ozone.client.io.KeyOutputStream.handleFlushOrClose(KeyOutputStream.java:449)
	at org.apache.hadoop.ozone.client.io.KeyOutputStream.handleWrite(KeyOutputStream.java:232)
	at org.apache.hadoop.ozone.client.io.KeyOutputStream.write(KeyOutputStream.java:190)
	at org.apache.hadoop.ozone.client.io.OzoneOutputStream.write(OzoneOutputStream.java:49)
	at java.io.OutputStream.write(OutputStream.java:75)
	at org.apache.hadoop.ozone.client.rpc.TestBlockOutputStreamWithFailures.testDatanodeFailureWithSingleNodeRatis(TestBlockOutputStreamWithFailures.java:1021)
	at sun.reflect.NativeMethodAccessorImpl.invoke0(Native Method)
	at sun.reflect.NativeMethodAccessorImpl.invoke(NativeMethodAccessorImpl.java:62)
	at sun.reflect.DelegatingMethodAccessorImpl.invoke(DelegatingMethodAccessorImpl.java:43)
	at java.lang.reflect.Method.invoke(Method.java:498)
	at org.junit.runners.model.FrameworkMethod$1.runReflectiveCall(FrameworkMethod.java:47)
	at org.junit.internal.runners.model.ReflectiveCallable.run(ReflectiveCallable.java:12)
	at org.junit.runners.model.FrameworkMethod.invokeExplosively(FrameworkMethod.java:44)
	at org.junit.internal.runners.statements.InvokeMethod.evaluate(InvokeMethod.java:17)
	at org.junit.internal.runners.statements.RunBefores.evaluate(RunBefores.java:26)
	at org.junit.internal.runners.statements.RunAfters.evaluate(RunAfters.java:27)
	at org.junit.runners.ParentRunner.runLeaf(ParentRunner.java:271)
	at org.junit.runners.BlockJUnit4ClassRunner.runChild(BlockJUnit4ClassRunner.java:70)
	at org.junit.runners.BlockJUnit4ClassRunner.runChild(BlockJUnit4ClassRunner.java:50)
	at org.junit.runners.ParentRunner$3.run(ParentRunner.java:238)
	at org.junit.runners.ParentRunner$1.schedule(ParentRunner.java:63)
	at org.junit.runners.ParentRunner.runChildren(ParentRunner.java:236)
	at org.junit.runners.ParentRunner.access$000(ParentRunner.java:53)
	at org.junit.runners.ParentRunner$2.evaluate(ParentRunner.java:229)
	at org.junit.runners.ParentRunner.run(ParentRunner.java:309)
	at org.apache.maven.surefire.junit4.JUnit4Provider.execute(JUnit4Provider.java:365)
	at org.apache.maven.surefire.junit4.JUnit4Provider.executeWithRerun(JUnit4Provider.java:273)
	at org.apache.maven.surefire.junit4.JUnit4Provider.executeTestSet(JUnit4Provider.java:238)
	at org.apache.maven.surefire.junit4.JUnit4Provider.invoke(JUnit4Provider.java:159)
	at org.apache.maven.surefire.booter.ForkedBooter.invokeProviderInSameClassLoader(ForkedBooter.java:384)
	at org.apache.maven.surefire.booter.ForkedBooter.runSuitesInProcess(ForkedBooter.java:345)
	at org.apache.maven.surefire.booter.ForkedBooter.execute(ForkedBooter.java:126)
	at org.apache.maven.surefire.booter.ForkedBooter.main(ForkedBooter.java:418)

Sep 24, 2019 10:14:22 AM org.apache.ratis.thirdparty.io.grpc.internal.ManagedChannelOrphanWrapper$ManagedChannelReference cleanQueue
SEVERE: *~*~*~ Channel ManagedChannelImpl{logId=2653, target=192.168.151.86:41383} was not shutdown properly!!! ~*~*~*
    Make sure to call shutdown()/shutdownNow() and wait until awaitTermination() returns true.
java.lang.RuntimeException: ManagedChannel allocation site
	at org.apache.ratis.thirdparty.io.grpc.internal.ManagedChannelOrphanWrapper$ManagedChannelReference.<init>(ManagedChannelOrphanWrapper.java:103)
	at org.apache.ratis.thirdparty.io.grpc.internal.ManagedChannelOrphanWrapper.<init>(ManagedChannelOrphanWrapper.java:53)
	at org.apache.ratis.thirdparty.io.grpc.internal.ManagedChannelOrphanWrapper.<init>(ManagedChannelOrphanWrapper.java:44)
	at org.apache.ratis.thirdparty.io.grpc.internal.AbstractManagedChannelImplBuilder.build(AbstractManagedChannelImplBuilder.java:411)
	at org.apache.ratis.grpc.client.GrpcClientProtocolClient.<init>(GrpcClientProtocolClient.java:127)
	at org.apache.ratis.grpc.client.GrpcClientRpc.lambda$new$0(GrpcClientRpc.java:55)
	at org.apache.ratis.util.PeerProxyMap$PeerAndProxy.lambda$getProxy$0(PeerProxyMap.java:61)
	at org.apache.ratis.util.LifeCycle.startAndTransition(LifeCycle.java:202)
	at org.apache.ratis.util.PeerProxyMap$PeerAndProxy.getProxy(PeerProxyMap.java:60)
	at org.apache.ratis.util.PeerProxyMap.getProxy(PeerProxyMap.java:108)
	at org.apache.ratis.grpc.client.GrpcClientRpc.sendRequestAsync(GrpcClientRpc.java:66)
	at org.apache.ratis.client.impl.OrderedAsync.sendRequest(OrderedAsync.java:208)
	at org.apache.ratis.client.impl.OrderedAsync.sendRequestWithRetry(OrderedAsync.java:169)
	at org.apache.ratis.util.SlidingWindow$Client.sendOrDelayRequest(SlidingWindow.java:278)
	at org.apache.ratis.util.SlidingWindow$Client.retry(SlidingWindow.java:294)
	at org.apache.ratis.client.impl.OrderedAsync.lambda$scheduleWithTimeout$7(OrderedAsync.java:195)
	at org.apache.ratis.util.TimeoutScheduler.lambda$onTimeout$0(TimeoutScheduler.java:113)
	at org.apache.ratis.util.TimeoutScheduler.lambda$onTimeout$1(TimeoutScheduler.java:133)
	at org.apache.ratis.util.LogUtils.runAndLog(LogUtils.java:50)
	at org.apache.ratis.util.LogUtils$1.run(LogUtils.java:91)
	at java.util.concurrent.Executors$RunnableAdapter.call(Executors.java:511)
	at java.util.concurrent.FutureTask.run(FutureTask.java:266)
	at java.util.concurrent.ScheduledThreadPoolExecutor$ScheduledFutureTask.access$201(ScheduledThreadPoolExecutor.java:180)
	at java.util.concurrent.ScheduledThreadPoolExecutor$ScheduledFutureTask.run(ScheduledThreadPoolExecutor.java:293)
	at java.util.concurrent.ThreadPoolExecutor.runWorker(ThreadPoolExecutor.java:1149)
	at java.util.concurrent.ThreadPoolExecutor$Worker.run(ThreadPoolExecutor.java:624)
	at java.lang.Thread.run(Thread.java:748)

Sep 24, 2019 10:14:22 AM org.apache.ratis.thirdparty.io.grpc.internal.ManagedChannelOrphanWrapper$ManagedChannelReference cleanQueue
SEVERE: *~*~*~ Channel ManagedChannelImpl{logId=2691, target=192.168.151.86:45062} was not shutdown properly!!! ~*~*~*
    Make sure to call shutdown()/shutdownNow() and wait until awaitTermination() returns true.
java.lang.RuntimeException: ManagedChannel allocation site
	at org.apache.ratis.thirdparty.io.grpc.internal.ManagedChannelOrphanWrapper$ManagedChannelReference.<init>(ManagedChannelOrphanWrapper.java:103)
	at org.apache.ratis.thirdparty.io.grpc.internal.ManagedChannelOrphanWrapper.<init>(ManagedChannelOrphanWrapper.java:53)
	at org.apache.ratis.thirdparty.io.grpc.internal.ManagedChannelOrphanWrapper.<init>(ManagedChannelOrphanWrapper.java:44)
	at org.apache.ratis.thirdparty.io.grpc.internal.AbstractManagedChannelImplBuilder.build(AbstractManagedChannelImplBuilder.java:411)
	at org.apache.hadoop.hdds.scm.XceiverClientGrpc.connectToDatanode(XceiverClientGrpc.java:181)
	at org.apache.hadoop.hdds.scm.XceiverClientGrpc.reconnect(XceiverClientGrpc.java:429)
	at org.apache.hadoop.hdds.scm.XceiverClientGrpc.sendCommandAsync(XceiverClientGrpc.java:378)
	at org.apache.hadoop.hdds.scm.XceiverClientGrpc.sendCommandWithRetry(XceiverClientGrpc.java:291)
	at org.apache.hadoop.hdds.scm.XceiverClientGrpc.sendCommandWithTraceIDAndRetry(XceiverClientGrpc.java:257)
	at org.apache.hadoop.hdds.scm.XceiverClientGrpc.sendCommand(XceiverClientGrpc.java:240)
	at org.apache.hadoop.hdds.scm.storage.ContainerProtocolCalls.getBlock(ContainerProtocolCalls.java:118)
	at org.apache.hadoop.hdds.scm.storage.BlockInputStream.getChunkInfos(BlockInputStream.java:167)
	at org.apache.hadoop.hdds.scm.storage.BlockInputStream.initialize(BlockInputStream.java:118)
	at org.apache.hadoop.hdds.scm.storage.BlockInputStream.read(BlockInputStream.java:222)
	at org.apache.hadoop.ozone.client.io.KeyInputStream.read(KeyInputStream.java:171)
	at org.apache.hadoop.ozone.client.io.OzoneInputStream.read(OzoneInputStream.java:47)
	at java.io.InputStream.read(InputStream.java:101)
	at org.apache.hadoop.ozone.container.ContainerTestHelper.validateData(ContainerTestHelper.java:714)
	at org.apache.hadoop.ozone.client.rpc.TestBlockOutputStreamWithFailures.validateData(TestBlockOutputStreamWithFailures.java:1216)
	at org.apache.hadoop.ozone.client.rpc.TestBlockOutputStreamWithFailures.testDatanodeFailureWithSingleNodeRatis(TestBlockOutputStreamWithFailures.java:1058)
	at sun.reflect.NativeMethodAccessorImpl.invoke0(Native Method)
	at sun.reflect.NativeMethodAccessorImpl.invoke(NativeMethodAccessorImpl.java:62)
	at sun.reflect.DelegatingMethodAccessorImpl.invoke(DelegatingMethodAccessorImpl.java:43)
	at java.lang.reflect.Method.invoke(Method.java:498)
	at org.junit.runners.model.FrameworkMethod$1.runReflectiveCall(FrameworkMethod.java:47)
	at org.junit.internal.runners.model.ReflectiveCallable.run(ReflectiveCallable.java:12)
	at org.junit.runners.model.FrameworkMethod.invokeExplosively(FrameworkMethod.java:44)
	at org.junit.internal.runners.statements.InvokeMethod.evaluate(InvokeMethod.java:17)
	at org.junit.internal.runners.statements.RunBefores.evaluate(RunBefores.java:26)
	at org.junit.internal.runners.statements.RunAfters.evaluate(RunAfters.java:27)
	at org.junit.runners.ParentRunner.runLeaf(ParentRunner.java:271)
	at org.junit.runners.BlockJUnit4ClassRunner.runChild(BlockJUnit4ClassRunner.java:70)
	at org.junit.runners.BlockJUnit4ClassRunner.runChild(BlockJUnit4ClassRunner.java:50)
	at org.junit.runners.ParentRunner$3.run(ParentRunner.java:238)
	at org.junit.runners.ParentRunner$1.schedule(ParentRunner.java:63)
	at org.junit.runners.ParentRunner.runChildren(ParentRunner.java:236)
	at org.junit.runners.ParentRunner.access$000(ParentRunner.java:53)
	at org.junit.runners.ParentRunner$2.evaluate(ParentRunner.java:229)
	at org.junit.runners.ParentRunner.run(ParentRunner.java:309)
	at org.apache.maven.surefire.junit4.JUnit4Provider.execute(JUnit4Provider.java:365)
	at org.apache.maven.surefire.junit4.JUnit4Provider.executeWithRerun(JUnit4Provider.java:273)
	at org.apache.maven.surefire.junit4.JUnit4Provider.executeTestSet(JUnit4Provider.java:238)
	at org.apache.maven.surefire.junit4.JUnit4Provider.invoke(JUnit4Provider.java:159)
	at org.apache.maven.surefire.booter.ForkedBooter.invokeProviderInSameClassLoader(ForkedBooter.java:384)
	at org.apache.maven.surefire.booter.ForkedBooter.runSuitesInProcess(ForkedBooter.java:345)
	at org.apache.maven.surefire.booter.ForkedBooter.execute(ForkedBooter.java:126)
	at org.apache.maven.surefire.booter.ForkedBooter.main(ForkedBooter.java:418)

Sep 24, 2019 10:14:22 AM org.apache.ratis.thirdparty.io.grpc.internal.ManagedChannelOrphanWrapper$ManagedChannelReference cleanQueue
SEVERE: *~*~*~ Channel ManagedChannelImpl{logId=2903, target=192.168.151.86:45750} was not shutdown properly!!! ~*~*~*
    Make sure to call shutdown()/shutdownNow() and wait until awaitTermination() returns true.
java.lang.RuntimeException: ManagedChannel allocation site
	at org.apache.ratis.thirdparty.io.grpc.internal.ManagedChannelOrphanWrapper$ManagedChannelReference.<init>(ManagedChannelOrphanWrapper.java:103)
	at org.apache.ratis.thirdparty.io.grpc.internal.ManagedChannelOrphanWrapper.<init>(ManagedChannelOrphanWrapper.java:53)
	at org.apache.ratis.thirdparty.io.grpc.internal.ManagedChannelOrphanWrapper.<init>(ManagedChannelOrphanWrapper.java:44)
	at org.apache.ratis.thirdparty.io.grpc.internal.AbstractManagedChannelImplBuilder.build(AbstractManagedChannelImplBuilder.java:411)
	at org.apache.hadoop.hdds.scm.XceiverClientGrpc.connectToDatanode(XceiverClientGrpc.java:181)
	at org.apache.hadoop.hdds.scm.XceiverClientGrpc.reconnect(XceiverClientGrpc.java:429)
	at org.apache.hadoop.hdds.scm.XceiverClientGrpc.sendCommandAsync(XceiverClientGrpc.java:378)
	at org.apache.hadoop.hdds.scm.XceiverClientGrpc.sendCommandWithRetry(XceiverClientGrpc.java:291)
	at org.apache.hadoop.hdds.scm.XceiverClientGrpc.sendCommandWithTraceIDAndRetry(XceiverClientGrpc.java:257)
	at org.apache.hadoop.hdds.scm.XceiverClientGrpc.sendCommand(XceiverClientGrpc.java:240)
	at org.apache.hadoop.hdds.scm.storage.ContainerProtocolCalls.getBlock(ContainerProtocolCalls.java:118)
	at org.apache.hadoop.hdds.scm.storage.BlockInputStream.getChunkInfos(BlockInputStream.java:167)
	at org.apache.hadoop.hdds.scm.storage.BlockInputStream.initialize(BlockInputStream.java:118)
	at org.apache.hadoop.hdds.scm.storage.BlockInputStream.read(BlockInputStream.java:222)
	at org.apache.hadoop.ozone.client.io.KeyInputStream.read(KeyInputStream.java:171)
	at org.apache.hadoop.ozone.client.io.OzoneInputStream.read(OzoneInputStream.java:47)
	at java.io.InputStream.read(InputStream.java:101)
	at org.apache.hadoop.ozone.container.ContainerTestHelper.validateData(ContainerTestHelper.java:714)
	at org.apache.hadoop.ozone.client.rpc.TestBlockOutputStreamWithFailures.validateData(TestBlockOutputStreamWithFailures.java:1216)
	at org.apache.hadoop.ozone.client.rpc.TestBlockOutputStreamWithFailures.testWatchForCommitWithSingleNodeRatis(TestBlockOutputStreamWithFailures.java:918)
	at sun.reflect.NativeMethodAccessorImpl.invoke0(Native Method)
	at sun.reflect.NativeMethodAccessorImpl.invoke(NativeMethodAccessorImpl.java:62)
	at sun.reflect.DelegatingMethodAccessorImpl.invoke(DelegatingMethodAccessorImpl.java:43)
	at java.lang.reflect.Method.invoke(Method.java:498)
	at org.junit.runners.model.FrameworkMethod$1.runReflectiveCall(FrameworkMethod.java:47)
	at org.junit.internal.runners.model.ReflectiveCallable.run(ReflectiveCallable.java:12)
	at org.junit.runners.model.FrameworkMethod.invokeExplosively(FrameworkMethod.java:44)
	at org.junit.internal.runners.statements.InvokeMethod.evaluate(InvokeMethod.java:17)
	at org.junit.internal.runners.statements.RunBefores.evaluate(RunBefores.java:26)
	at org.junit.internal.runners.statements.RunAfters.evaluate(RunAfters.java:27)
	at org.junit.runners.ParentRunner.runLeaf(ParentRunner.java:271)
	at org.junit.runners.BlockJUnit4ClassRunner.runChild(BlockJUnit4ClassRunner.java:70)
	at org.junit.runners.BlockJUnit4ClassRunner.runChild(BlockJUnit4ClassRunner.java:50)
	at org.junit.runners.ParentRunner$3.run(ParentRunner.java:238)
	at org.junit.runners.ParentRunner$1.schedule(ParentRunner.java:63)
	at org.junit.runners.ParentRunner.runChildren(ParentRunner.java:236)
	at org.junit.runners.ParentRunner.access$000(ParentRunner.java:53)
	at org.junit.runners.ParentRunner$2.evaluate(ParentRunner.java:229)
	at org.junit.runners.ParentRunner.run(ParentRunner.java:309)
	at org.apache.maven.surefire.junit4.JUnit4Provider.execute(JUnit4Provider.java:365)
	at org.apache.maven.surefire.junit4.JUnit4Provider.executeWithRerun(JUnit4Provider.java:273)
	at org.apache.maven.surefire.junit4.JUnit4Provider.executeTestSet(JUnit4Provider.java:238)
	at org.apache.maven.surefire.junit4.JUnit4Provider.invoke(JUnit4Provider.java:159)
	at org.apache.maven.surefire.booter.ForkedBooter.invokeProviderInSameClassLoader(ForkedBooter.java:384)
	at org.apache.maven.surefire.booter.ForkedBooter.runSuitesInProcess(ForkedBooter.java:345)
	at org.apache.maven.surefire.booter.ForkedBooter.execute(ForkedBooter.java:126)
	at org.apache.maven.surefire.booter.ForkedBooter.main(ForkedBooter.java:418)

Sep 24, 2019 10:14:22 AM org.apache.ratis.thirdparty.io.grpc.internal.ManagedChannelOrphanWrapper$ManagedChannelReference cleanQueue
SEVERE: *~*~*~ Channel ManagedChannelImpl{logId=2893, target=192.168.151.86:40295} was not shutdown properly!!! ~*~*~*
    Make sure to call shutdown()/shutdownNow() and wait until awaitTermination() returns true.
java.lang.RuntimeException: ManagedChannel allocation site
	at org.apache.ratis.thirdparty.io.grpc.internal.ManagedChannelOrphanWrapper$ManagedChannelReference.<init>(ManagedChannelOrphanWrapper.java:103)
	at org.apache.ratis.thirdparty.io.grpc.internal.ManagedChannelOrphanWrapper.<init>(ManagedChannelOrphanWrapper.java:53)
	at org.apache.ratis.thirdparty.io.grpc.internal.ManagedChannelOrphanWrapper.<init>(ManagedChannelOrphanWrapper.java:44)
	at org.apache.ratis.thirdparty.io.grpc.internal.AbstractManagedChannelImplBuilder.build(AbstractManagedChannelImplBuilder.java:411)
	at org.apache.ratis.grpc.client.GrpcClientProtocolClient.<init>(GrpcClientProtocolClient.java:127)
	at org.apache.ratis.grpc.client.GrpcClientRpc.lambda$new$0(GrpcClientRpc.java:55)
	at org.apache.ratis.util.PeerProxyMap$PeerAndProxy.lambda$getProxy$0(PeerProxyMap.java:61)
	at org.apache.ratis.util.LifeCycle.startAndTransition(LifeCycle.java:202)
	at org.apache.ratis.util.PeerProxyMap$PeerAndProxy.getProxy(PeerProxyMap.java:60)
	at org.apache.ratis.util.PeerProxyMap.getProxy(PeerProxyMap.java:108)
	at org.apache.ratis.grpc.client.GrpcClientRpc.sendRequestAsync(GrpcClientRpc.java:66)
	at org.apache.ratis.client.impl.OrderedAsync.sendRequest(OrderedAsync.java:208)
	at org.apache.ratis.client.impl.OrderedAsync.sendRequestWithRetry(OrderedAsync.java:169)
	at org.apache.ratis.util.SlidingWindow$Client.sendOrDelayRequest(SlidingWindow.java:278)
	at org.apache.ratis.util.SlidingWindow$Client.submitNewRequest(SlidingWindow.java:257)
	at org.apache.ratis.client.impl.OrderedAsync.send(OrderedAsync.java:155)
	at org.apache.ratis.client.impl.RaftClientImpl.sendAsync(RaftClientImpl.java:144)
	at org.apache.ratis.client.impl.RaftClientImpl.sendAsync(RaftClientImpl.java:124)
	at org.apache.hadoop.hdds.scm.XceiverClientRatis.sendRequestAsync(XceiverClientRatis.java:234)
	at org.apache.hadoop.hdds.scm.XceiverClientRatis.sendCommandAsync(XceiverClientRatis.java:332)
	at org.apache.hadoop.hdds.scm.storage.ContainerProtocolCalls.writeChunkAsync(ContainerProtocolCalls.java:310)
	at org.apache.hadoop.hdds.scm.storage.BlockOutputStream.writeChunkToContainer(BlockOutputStream.java:601)
	at org.apache.hadoop.hdds.scm.storage.BlockOutputStream.writeChunk(BlockOutputStream.java:459)
	at org.apache.hadoop.hdds.scm.storage.BlockOutputStream.writeOnRetry(BlockOutputStream.java:285)
	at org.apache.hadoop.ozone.client.io.BlockOutputStreamEntry.writeOnRetry(BlockOutputStreamEntry.java:200)
	at org.apache.hadoop.ozone.client.io.KeyOutputStream.handleWrite(KeyOutputStream.java:206)
	at org.apache.hadoop.ozone.client.io.KeyOutputStream.handleRetry(KeyOutputStream.java:375)
	at org.apache.hadoop.ozone.client.io.KeyOutputStream.handleException(KeyOutputStream.java:324)
	at org.apache.hadoop.ozone.client.io.KeyOutputStream.handleFlushOrClose(KeyOutputStream.java:449)
	at org.apache.hadoop.ozone.client.io.KeyOutputStream.handleWrite(KeyOutputStream.java:232)
	at org.apache.hadoop.ozone.client.io.KeyOutputStream.write(KeyOutputStream.java:190)
	at org.apache.hadoop.ozone.client.io.OzoneOutputStream.write(OzoneOutputStream.java:49)
	at java.io.OutputStream.write(OutputStream.java:75)
	at org.apache.hadoop.ozone.client.rpc.TestBlockOutputStreamWithFailures.testWatchForCommitWithSingleNodeRatis(TestBlockOutputStreamWithFailures.java:885)
	at sun.reflect.NativeMethodAccessorImpl.invoke0(Native Method)
	at sun.reflect.NativeMethodAccessorImpl.invoke(NativeMethodAccessorImpl.java:62)
	at sun.reflect.DelegatingMethodAccessorImpl.invoke(DelegatingMethodAccessorImpl.java:43)
	at java.lang.reflect.Method.invoke(Method.java:498)
	at org.junit.runners.model.FrameworkMethod$1.runReflectiveCall(FrameworkMethod.java:47)
	at org.junit.internal.runners.model.ReflectiveCallable.run(ReflectiveCallable.java:12)
	at org.junit.runners.model.FrameworkMethod.invokeExplosively(FrameworkMethod.java:44)
	at org.junit.internal.runners.statements.InvokeMethod.evaluate(InvokeMethod.java:17)
	at org.junit.internal.runners.statements.RunBefores.evaluate(RunBefores.java:26)
	at org.junit.internal.runners.statements.RunAfters.evaluate(RunAfters.java:27)
	at org.junit.runners.ParentRunner.runLeaf(ParentRunner.java:271)
	at org.junit.runners.BlockJUnit4ClassRunner.runChild(BlockJUnit4ClassRunner.java:70)
	at org.junit.runners.BlockJUnit4ClassRunner.runChild(BlockJUnit4ClassRunner.java:50)
	at org.junit.runners.ParentRunner$3.run(ParentRunner.java:238)
	at org.junit.runners.ParentRunner$1.schedule(ParentRunner.java:63)
	at org.junit.runners.ParentRunner.runChildren(ParentRunner.java:236)
	at org.junit.runners.ParentRunner.access$000(ParentRunner.java:53)
	at org.junit.runners.ParentRunner$2.evaluate(ParentRunner.java:229)
	at org.junit.runners.ParentRunner.run(ParentRunner.java:309)
	at org.apache.maven.surefire.junit4.JUnit4Provider.execute(JUnit4Provider.java:365)
	at org.apache.maven.surefire.junit4.JUnit4Provider.executeWithRerun(JUnit4Provider.java:273)
	at org.apache.maven.surefire.junit4.JUnit4Provider.executeTestSet(JUnit4Provider.java:238)
	at org.apache.maven.surefire.junit4.JUnit4Provider.invoke(JUnit4Provider.java:159)
	at org.apache.maven.surefire.booter.ForkedBooter.invokeProviderInSameClassLoader(ForkedBooter.java:384)
	at org.apache.maven.surefire.booter.ForkedBooter.runSuitesInProcess(ForkedBooter.java:345)
	at org.apache.maven.surefire.booter.ForkedBooter.execute(ForkedBooter.java:126)
	at org.apache.maven.surefire.booter.ForkedBooter.main(ForkedBooter.java:418)

Sep 24, 2019 10:14:22 AM org.apache.ratis.thirdparty.io.grpc.internal.ManagedChannelOrphanWrapper$ManagedChannelReference cleanQueue
SEVERE: *~*~*~ Channel ManagedChannelImpl{logId=2898, target=192.168.151.86:33680} was not shutdown properly!!! ~*~*~*
    Make sure to call shutdown()/shutdownNow() and wait until awaitTermination() returns true.
java.lang.RuntimeException: ManagedChannel allocation site
	at org.apache.ratis.thirdparty.io.grpc.internal.ManagedChannelOrphanWrapper$ManagedChannelReference.<init>(ManagedChannelOrphanWrapper.java:103)
	at org.apache.ratis.thirdparty.io.grpc.internal.ManagedChannelOrphanWrapper.<init>(ManagedChannelOrphanWrapper.java:53)
	at org.apache.ratis.thirdparty.io.grpc.internal.ManagedChannelOrphanWrapper.<init>(ManagedChannelOrphanWrapper.java:44)
	at org.apache.ratis.thirdparty.io.grpc.internal.AbstractManagedChannelImplBuilder.build(AbstractManagedChannelImplBuilder.java:411)
	at org.apache.hadoop.hdds.scm.XceiverClientGrpc.connectToDatanode(XceiverClientGrpc.java:181)
	at org.apache.hadoop.hdds.scm.XceiverClientGrpc.reconnect(XceiverClientGrpc.java:429)
	at org.apache.hadoop.hdds.scm.XceiverClientGrpc.sendCommandAsync(XceiverClientGrpc.java:378)
	at org.apache.hadoop.hdds.scm.XceiverClientGrpc.sendCommandWithRetry(XceiverClientGrpc.java:291)
	at org.apache.hadoop.hdds.scm.XceiverClientGrpc.sendCommandWithTraceIDAndRetry(XceiverClientGrpc.java:257)
	at org.apache.hadoop.hdds.scm.XceiverClientGrpc.sendCommand(XceiverClientGrpc.java:240)
	at org.apache.hadoop.hdds.scm.storage.ContainerProtocolCalls.getBlock(ContainerProtocolCalls.java:118)
	at org.apache.hadoop.hdds.scm.storage.BlockInputStream.getChunkInfos(BlockInputStream.java:167)
	at org.apache.hadoop.hdds.scm.storage.BlockInputStream.initialize(BlockInputStream.java:118)
	at org.apache.hadoop.hdds.scm.storage.BlockInputStream.read(BlockInputStream.java:222)
	at org.apache.hadoop.ozone.client.io.KeyInputStream.read(KeyInputStream.java:171)
	at org.apache.hadoop.ozone.client.io.OzoneInputStream.read(OzoneInputStream.java:47)
	at java.io.InputStream.read(InputStream.java:101)
	at org.apache.hadoop.ozone.container.ContainerTestHelper.validateData(ContainerTestHelper.java:714)
	at org.apache.hadoop.ozone.client.rpc.TestBlockOutputStreamWithFailures.validateData(TestBlockOutputStreamWithFailures.java:1216)
	at org.apache.hadoop.ozone.client.rpc.TestBlockOutputStreamWithFailures.testWatchForCommitWithSingleNodeRatis(TestBlockOutputStreamWithFailures.java:918)
	at sun.reflect.NativeMethodAccessorImpl.invoke0(Native Method)
	at sun.reflect.NativeMethodAccessorImpl.invoke(NativeMethodAccessorImpl.java:62)
	at sun.reflect.DelegatingMethodAccessorImpl.invoke(DelegatingMethodAccessorImpl.java:43)
	at java.lang.reflect.Method.invoke(Method.java:498)
	at org.junit.runners.model.FrameworkMethod$1.runReflectiveCall(FrameworkMethod.java:47)
	at org.junit.internal.runners.model.ReflectiveCallable.run(ReflectiveCallable.java:12)
	at org.junit.runners.model.FrameworkMethod.invokeExplosively(FrameworkMethod.java:44)
	at org.junit.internal.runners.statements.InvokeMethod.evaluate(InvokeMethod.java:17)
	at org.junit.internal.runners.statements.RunBefores.evaluate(RunBefores.java:26)
	at org.junit.internal.runners.statements.RunAfters.evaluate(RunAfters.java:27)
	at org.junit.runners.ParentRunner.runLeaf(ParentRunner.java:271)
	at org.junit.runners.BlockJUnit4ClassRunner.runChild(BlockJUnit4ClassRunner.java:70)
	at org.junit.runners.BlockJUnit4ClassRunner.runChild(BlockJUnit4ClassRunner.java:50)
	at org.junit.runners.ParentRunner$3.run(ParentRunner.java:238)
	at org.junit.runners.ParentRunner$1.schedule(ParentRunner.java:63)
	at org.junit.runners.ParentRunner.runChildren(ParentRunner.java:236)
	at org.junit.runners.ParentRunner.access$000(ParentRunner.java:53)
	at org.junit.runners.ParentRunner$2.evaluate(ParentRunner.java:229)
	at org.junit.runners.ParentRunner.run(ParentRunner.java:309)
	at org.apache.maven.surefire.junit4.JUnit4Provider.execute(JUnit4Provider.java:365)
	at org.apache.maven.surefire.junit4.JUnit4Provider.executeWithRerun(JUnit4Provider.java:273)
	at org.apache.maven.surefire.junit4.JUnit4Provider.executeTestSet(JUnit4Provider.java:238)
	at org.apache.maven.surefire.junit4.JUnit4Provider.invoke(JUnit4Provider.java:159)
	at org.apache.maven.surefire.booter.ForkedBooter.invokeProviderInSameClassLoader(ForkedBooter.java:384)
	at org.apache.maven.surefire.booter.ForkedBooter.runSuitesInProcess(ForkedBooter.java:345)
	at org.apache.maven.surefire.booter.ForkedBooter.execute(ForkedBooter.java:126)
	at org.apache.maven.surefire.booter.ForkedBooter.main(ForkedBooter.java:418)

Sep 24, 2019 10:14:22 AM org.apache.ratis.thirdparty.io.grpc.internal.ManagedChannelOrphanWrapper$ManagedChannelReference cleanQueue
SEVERE: *~*~*~ Channel ManagedChannelImpl{logId=2686, target=192.168.151.86:43734} was not shutdown properly!!! ~*~*~*
    Make sure to call shutdown()/shutdownNow() and wait until awaitTermination() returns true.
java.lang.RuntimeException: ManagedChannel allocation site
	at org.apache.ratis.thirdparty.io.grpc.internal.ManagedChannelOrphanWrapper$ManagedChannelReference.<init>(ManagedChannelOrphanWrapper.java:103)
	at org.apache.ratis.thirdparty.io.grpc.internal.ManagedChannelOrphanWrapper.<init>(ManagedChannelOrphanWrapper.java:53)
	at org.apache.ratis.thirdparty.io.grpc.internal.ManagedChannelOrphanWrapper.<init>(ManagedChannelOrphanWrapper.java:44)
	at org.apache.ratis.thirdparty.io.grpc.internal.AbstractManagedChannelImplBuilder.build(AbstractManagedChannelImplBuilder.java:411)
	at org.apache.hadoop.hdds.scm.XceiverClientGrpc.connectToDatanode(XceiverClientGrpc.java:181)
	at org.apache.hadoop.hdds.scm.XceiverClientGrpc.reconnect(XceiverClientGrpc.java:429)
	at org.apache.hadoop.hdds.scm.XceiverClientGrpc.sendCommandAsync(XceiverClientGrpc.java:378)
	at org.apache.hadoop.hdds.scm.XceiverClientGrpc.sendCommandWithRetry(XceiverClientGrpc.java:291)
	at org.apache.hadoop.hdds.scm.XceiverClientGrpc.sendCommandWithTraceIDAndRetry(XceiverClientGrpc.java:257)
	at org.apache.hadoop.hdds.scm.XceiverClientGrpc.sendCommand(XceiverClientGrpc.java:240)
	at org.apache.hadoop.hdds.scm.storage.ContainerProtocolCalls.getBlock(ContainerProtocolCalls.java:118)
	at org.apache.hadoop.hdds.scm.storage.BlockInputStream.getChunkInfos(BlockInputStream.java:167)
	at org.apache.hadoop.hdds.scm.storage.BlockInputStream.initialize(BlockInputStream.java:118)
	at org.apache.hadoop.hdds.scm.storage.BlockInputStream.read(BlockInputStream.java:222)
	at org.apache.hadoop.ozone.client.io.KeyInputStream.read(KeyInputStream.java:171)
	at org.apache.hadoop.ozone.client.io.OzoneInputStream.read(OzoneInputStream.java:47)
	at java.io.InputStream.read(InputStream.java:101)
	at org.apache.hadoop.ozone.container.ContainerTestHelper.validateData(ContainerTestHelper.java:714)
	at org.apache.hadoop.ozone.client.rpc.TestBlockOutputStreamWithFailures.validateData(TestBlockOutputStreamWithFailures.java:1216)
	at org.apache.hadoop.ozone.client.rpc.TestBlockOutputStreamWithFailures.testDatanodeFailureWithSingleNodeRatis(TestBlockOutputStreamWithFailures.java:1058)
	at sun.reflect.NativeMethodAccessorImpl.invoke0(Native Method)
	at sun.reflect.NativeMethodAccessorImpl.invoke(NativeMethodAccessorImpl.java:62)
	at sun.reflect.DelegatingMethodAccessorImpl.invoke(DelegatingMethodAccessorImpl.java:43)
	at java.lang.reflect.Method.invoke(Method.java:498)
	at org.junit.runners.model.FrameworkMethod$1.runReflectiveCall(FrameworkMethod.java:47)
	at org.junit.internal.runners.model.ReflectiveCallable.run(ReflectiveCallable.java:12)
	at org.junit.runners.model.FrameworkMethod.invokeExplosively(FrameworkMethod.java:44)
	at org.junit.internal.runners.statements.InvokeMethod.evaluate(InvokeMethod.java:17)
	at org.junit.internal.runners.statements.RunBefores.evaluate(RunBefores.java:26)
	at org.junit.internal.runners.statements.RunAfters.evaluate(RunAfters.java:27)
	at org.junit.runners.ParentRunner.runLeaf(ParentRunner.java:271)
	at org.junit.runners.BlockJUnit4ClassRunner.runChild(BlockJUnit4ClassRunner.java:70)
	at org.junit.runners.BlockJUnit4ClassRunner.runChild(BlockJUnit4ClassRunner.java:50)
	at org.junit.runners.ParentRunner$3.run(ParentRunner.java:238)
	at org.junit.runners.ParentRunner$1.schedule(ParentRunner.java:63)
	at org.junit.runners.ParentRunner.runChildren(ParentRunner.java:236)
	at org.junit.runners.ParentRunner.access$000(ParentRunner.java:53)
	at org.junit.runners.ParentRunner$2.evaluate(ParentRunner.java:229)
	at org.junit.runners.ParentRunner.run(ParentRunner.java:309)
	at org.apache.maven.surefire.junit4.JUnit4Provider.execute(JUnit4Provider.java:365)
	at org.apache.maven.surefire.junit4.JUnit4Provider.executeWithRerun(JUnit4Provider.java:273)
	at org.apache.maven.surefire.junit4.JUnit4Provider.executeTestSet(JUnit4Provider.java:238)
	at org.apache.maven.surefire.junit4.JUnit4Provider.invoke(JUnit4Provider.java:159)
	at org.apache.maven.surefire.booter.ForkedBooter.invokeProviderInSameClassLoader(ForkedBooter.java:384)
	at org.apache.maven.surefire.booter.ForkedBooter.runSuitesInProcess(ForkedBooter.java:345)
	at org.apache.maven.surefire.booter.ForkedBooter.execute(ForkedBooter.java:126)
	at org.apache.maven.surefire.booter.ForkedBooter.main(ForkedBooter.java:418)

]]></system-err>
  </testcase>
  <testcase name="testFailureWithPrimeSizedData" classname="org.apache.hadoop.ozone.client.rpc.TestBlockOutputStreamWithFailures" time="35.309"/>
  <testcase name="testWatchForCommitWithCloseContainerException" classname="org.apache.hadoop.ozone.client.rpc.TestBlockOutputStreamWithFailures" time="43.827"/>
  <testcase name="testExceptionDuringClose" classname="org.apache.hadoop.ozone.client.rpc.TestBlockOutputStreamWithFailures" time="34.183"/>
</testsuite>