<?xml version="1.0" encoding="UTF-8"?>
<testsuite xmlns:xsi="http://www.w3.org/2001/XMLSchema-instance" xsi:noNamespaceSchemaLocation="https://maven.apache.org/surefire/maven-surefire-plugin/xsd/surefire-test-report.xsd" name="org.apache.hadoop.ozone.client.rpc.TestWatchForCommit" time="248.699" tests="5" errors="1" skipped="0" failures="0">
  <properties>
    <property name="awt.toolkit" value="sun.awt.X11.XToolkit"/>
    <property name="file.encoding.pkg" value="sun.io"/>
    <property name="java.specification.version" value="1.8"/>
    <property name="sun.cpu.isalist" value=""/>
    <property name="sun.jnu.encoding" value="UTF-8"/>
    <property name="java.class.path" value="/workdir/hadoop-ozone/integration-test/target/test-classes:/workdir/hadoop-ozone/integration-test/target/classes:/home/user/.m2/repository/org/apache/hadoop/hadoop-ozone-common/0.5.0-SNAPSHOT/hadoop-ozone-common-0.5.0-SNAPSHOT.jar:/home/user/.m2/repository/org/apache/commons/commons-compress/1.4.1/commons-compress-1.4.1.jar:/home/user/.m2/repository/org/tukaani/xz/1.0/xz-1.0.jar:/home/user/.m2/repository/org/apache/hadoop/hadoop-common/3.2.0/hadoop-common-3.2.0.jar:/home/user/.m2/repository/org/apache/hadoop/hadoop-hdfs/3.2.0/hadoop-hdfs-3.2.0.jar:/home/user/.m2/repository/org/apache/hadoop/hadoop-hdfs-client/3.2.0/hadoop-hdfs-client-3.2.0.jar:/home/user/.m2/repository/com/fasterxml/jackson/core/jackson-annotations/2.9.5/jackson-annotations-2.9.5.jar:/home/user/.m2/repository/org/apache/hadoop/hadoop-hdds-common/0.5.0-SNAPSHOT/hadoop-hdds-common-0.5.0-SNAPSHOT.jar:/home/user/.m2/repository/javax/annotation/javax.annotation-api/1.2/javax.annotation-api-1.2.jar:/home/user/.m2/repository/org/apache/ratis/ratis-server/0.4.0-2337318-SNAPSHOT/ratis-server-0.4.0-2337318-SNAPSHOT.jar:/home/user/.m2/repository/org/apache/ratis/ratis-thirdparty-misc/0.2.0/ratis-thirdparty-misc-0.2.0.jar:/home/user/.m2/repository/org/apache/ratis/ratis-proto/0.4.0-2337318-SNAPSHOT/ratis-proto-0.4.0-2337318-SNAPSHOT.jar:/home/user/.m2/repository/org/apache/ratis/ratis-common/0.4.0-2337318-SNAPSHOT/ratis-common-0.4.0-2337318-SNAPSHOT.jar:/home/user/.m2/repository/org/apache/ratis/ratis-client/0.4.0-2337318-SNAPSHOT/ratis-client-0.4.0-2337318-SNAPSHOT.jar:/home/user/.m2/repository/org/apache/ratis/ratis-metrics/0.4.0-2337318-SNAPSHOT/ratis-metrics-0.4.0-2337318-SNAPSHOT.jar:/home/user/.m2/repository/org/apache/ratis/ratis-netty/0.4.0-2337318-SNAPSHOT/ratis-netty-0.4.0-2337318-SNAPSHOT.jar:/home/user/.m2/repository/org/apache/ratis/ratis-grpc/0.4.0-2337318-SNAPSHOT/ratis-grpc-0.4.0-2337318-SNAPSHOT.jar:/home/user/.m2/repository/org/rocksdb/rocksdbjni/6.0.1/rocksdbjni-6.0.1.jar:/home/user/.m2/repository/org/apache/logging/log4j/log4j-api/2.11.0/log4j-api-2.11.0.jar:/home/user/.m2/repository/org/apache/logging/log4j/log4j-core/2.11.0/log4j-core-2.11.0.jar:/home/user/.m2/repository/com/lmax/disruptor/3.4.2/disruptor-3.4.2.jar:/home/user/.m2/repository/org/apache/commons/commons-pool2/2.6.0/commons-pool2-2.6.0.jar:/home/user/.m2/repository/org/bouncycastle/bcpkix-jdk15on/1.60/bcpkix-jdk15on-1.60.jar:/home/user/.m2/repository/commons-validator/commons-validator/1.6/commons-validator-1.6.jar:/home/user/.m2/repository/commons-digester/commons-digester/1.8.1/commons-digester-1.8.1.jar:/home/user/.m2/repository/io/jaegertracing/jaeger-client/0.33.1/jaeger-client-0.33.1.jar:/home/user/.m2/repository/io/jaegertracing/jaeger-thrift/0.33.1/jaeger-thrift-0.33.1.jar:/home/user/.m2/repository/org/apache/thrift/libthrift/0.11.0/libthrift-0.11.0.jar:/home/user/.m2/repository/com/squareup/okhttp3/okhttp/3.9.0/okhttp-3.9.0.jar:/home/user/.m2/repository/com/squareup/okio/okio/1.13.0/okio-1.13.0.jar:/home/user/.m2/repository/io/jaegertracing/jaeger-core/0.33.1/jaeger-core-0.33.1.jar:/home/user/.m2/repository/io/jaegertracing/jaeger-tracerresolver/0.33.1/jaeger-tracerresolver-0.33.1.jar:/home/user/.m2/repository/io/opentracing/contrib/opentracing-tracerresolver/0.1.5/opentracing-tracerresolver-0.1.5.jar:/home/user/.m2/repository/io/opentracing/opentracing-util/0.31.0/opentracing-util-0.31.0.jar:/home/user/.m2/repository/io/opentracing/opentracing-api/0.31.0/opentracing-api-0.31.0.jar:/home/user/.m2/repository/io/opentracing/opentracing-noop/0.31.0/opentracing-noop-0.31.0.jar:/home/user/.m2/repository/org/apache/hadoop/hadoop-hdds-server-framework/0.5.0-SNAPSHOT/hadoop-hdds-server-framework-0.5.0-SNAPSHOT.jar:/home/user/.m2/repository/org/apache/hadoop/hadoop-hdds-container-service/0.5.0-SNAPSHOT/hadoop-hdds-container-service-0.5.0-SNAPSHOT.jar:/home/user/.m2/repository/org/apache/hadoop/hadoop-hdds-client/0.5.0-SNAPSHOT/hadoop-hdds-client-0.5.0-SNAPSHOT.jar:/home/user/.m2/repository/org/apache/hadoop/hadoop-hdds-tools/0.5.0-SNAPSHOT/hadoop-hdds-tools-0.5.0-SNAPSHOT.jar:/home/user/.m2/repository/org/apache/hadoop/hadoop-hdds-server-scm/0.5.0-SNAPSHOT/hadoop-hdds-server-scm-0.5.0-SNAPSHOT.jar:/home/user/.m2/repository/org/apache/hadoop/hadoop-hdds-docs/0.5.0-SNAPSHOT/hadoop-hdds-docs-0.5.0-SNAPSHOT.jar:/home/user/.m2/repository/io/dropwizard/metrics/metrics-core/3.2.4/metrics-core-3.2.4.jar:/home/user/.m2/repository/org/hamcrest/hamcrest-all/1.3/hamcrest-all-1.3.jar:/home/user/.m2/repository/org/bouncycastle/bcprov-jdk15on/1.60/bcprov-jdk15on-1.60.jar:/home/user/.m2/repository/info/picocli/picocli/3.9.6/picocli-3.9.6.jar:/home/user/.m2/repository/com/google/protobuf/protobuf-java/2.5.0/protobuf-java-2.5.0.jar:/home/user/.m2/repository/com/google/guava/guava/11.0.2/guava-11.0.2.jar:/home/user/.m2/repository/org/apache/hadoop/hadoop-ozone-ozone-manager/0.5.0-SNAPSHOT/hadoop-ozone-ozone-manager-0.5.0-SNAPSHOT.jar:/home/user/.m2/repository/org/apache/hadoop/hadoop-minikdc/3.2.0/hadoop-minikdc-3.2.0.jar:/home/user/.m2/repository/commons-io/commons-io/2.5/commons-io-2.5.jar:/home/user/.m2/repository/org/apache/kerby/kerb-simplekdc/1.0.1/kerb-simplekdc-1.0.1.jar:/home/user/.m2/repository/org/apache/kerby/kerb-client/1.0.1/kerb-client-1.0.1.jar:/home/user/.m2/repository/org/apache/kerby/kerby-config/1.0.1/kerby-config-1.0.1.jar:/home/user/.m2/repository/org/apache/kerby/kerb-core/1.0.1/kerb-core-1.0.1.jar:/home/user/.m2/repository/org/apache/kerby/kerby-pkix/1.0.1/kerby-pkix-1.0.1.jar:/home/user/.m2/repository/org/apache/kerby/kerby-asn1/1.0.1/kerby-asn1-1.0.1.jar:/home/user/.m2/repository/org/apache/kerby/kerby-util/1.0.1/kerby-util-1.0.1.jar:/home/user/.m2/repository/org/apache/kerby/kerb-common/1.0.1/kerb-common-1.0.1.jar:/home/user/.m2/repository/org/apache/kerby/kerb-crypto/1.0.1/kerb-crypto-1.0.1.jar:/home/user/.m2/repository/org/apache/kerby/kerb-util/1.0.1/kerb-util-1.0.1.jar:/home/user/.m2/repository/org/apache/kerby/token-provider/1.0.1/token-provider-1.0.1.jar:/home/user/.m2/repository/org/apache/kerby/kerb-admin/1.0.1/kerb-admin-1.0.1.jar:/home/user/.m2/repository/org/apache/kerby/kerb-server/1.0.1/kerb-server-1.0.1.jar:/home/user/.m2/repository/org/apache/kerby/kerb-identity/1.0.1/kerb-identity-1.0.1.jar:/home/user/.m2/repository/org/apache/kerby/kerby-xdr/1.0.1/kerby-xdr-1.0.1.jar:/home/user/.m2/repository/org/slf4j/slf4j-log4j12/1.7.25/slf4j-log4j12-1.7.25.jar:/home/user/.m2/repository/org/apache/hadoop/hadoop-ozone-objectstore-service/0.5.0-SNAPSHOT/hadoop-ozone-objectstore-service-0.5.0-SNAPSHOT.jar:/home/user/.m2/repository/org/apache/hadoop/hadoop-ozone-s3gateway/0.5.0-SNAPSHOT/hadoop-ozone-s3gateway-0.5.0-SNAPSHOT.jar:/home/user/.m2/repository/org/jboss/weld/servlet/weld-servlet/2.4.7.Final/weld-servlet-2.4.7.Final.jar:/home/user/.m2/repository/org/glassfish/jersey/containers/jersey-container-servlet-core/2.27/jersey-container-servlet-core-2.27.jar:/home/user/.m2/repository/org/glassfish/hk2/external/javax.inject/2.5.0-b42/javax.inject-2.5.0-b42.jar:/home/user/.m2/repository/org/glassfish/jersey/core/jersey-common/2.27/jersey-common-2.27.jar:/home/user/.m2/repository/org/glassfish/hk2/osgi-resource-locator/1.0.1/osgi-resource-locator-1.0.1.jar:/home/user/.m2/repository/javax/ws/rs/javax.ws.rs-api/2.1/javax.ws.rs-api-2.1.jar:/home/user/.m2/repository/org/glassfish/jersey/ext/cdi/jersey-cdi1x/2.27/jersey-cdi1x-2.27.jar:/home/user/.m2/repository/org/glassfish/jersey/inject/jersey-hk2/2.27/jersey-hk2-2.27.jar:/home/user/.m2/repository/org/glassfish/hk2/hk2-locator/2.5.0-b42/hk2-locator-2.5.0-b42.jar:/home/user/.m2/repository/org/javassist/javassist/3.22.0-CR2/javassist-3.22.0-CR2.jar:/home/user/.m2/repository/org/glassfish/hk2/hk2-api/2.5.0/hk2-api-2.5.0.jar:/home/user/.m2/repository/org/glassfish/hk2/external/jakarta.inject/2.5.0/jakarta.inject-2.5.0.jar:/home/user/.m2/repository/org/glassfish/hk2/hk2-utils/2.5.0/hk2-utils-2.5.0.jar:/home/user/.m2/repository/jakarta/annotation/jakarta.annotation-api/1.3.4/jakarta.annotation-api-1.3.4.jar:/home/user/.m2/repository/org/glassfish/hk2/external/aopalliance-repackaged/2.5.0/aopalliance-repackaged-2.5.0.jar:/home/user/.m2/repository/com/fasterxml/jackson/dataformat/jackson-dataformat-xml/2.9.0/jackson-dataformat-xml-2.9.0.jar:/home/user/.m2/repository/com/fasterxml/jackson/core/jackson-core/2.9.5/jackson-core-2.9.5.jar:/home/user/.m2/repository/com/fasterxml/jackson/module/jackson-module-jaxb-annotations/2.9.5/jackson-module-jaxb-annotations-2.9.5.jar:/home/user/.m2/repository/javax/enterprise/cdi-api/1.2/cdi-api-1.2.jar:/home/user/.m2/repository/javax/el/javax.el-api/3.0.0/javax.el-api-3.0.0.jar:/home/user/.m2/repository/javax/interceptor/javax.interceptor-api/1.2/javax.interceptor-api-1.2.jar:/home/user/.m2/repository/javax/inject/javax.inject/1/javax.inject-1.jar:/home/user/.m2/repository/com/sun/xml/bind/jaxb-impl/2.3.0.1/jaxb-impl-2.3.0.1.jar:/home/user/.m2/repository/com/sun/xml/bind/jaxb-core/2.3.0.1/jaxb-core-2.3.0.1.jar:/home/user/.m2/repository/javax/xml/bind/jaxb-api/2.3.0/jaxb-api-2.3.0.jar:/home/user/.m2/repository/javax/activation/activation/1.1.1/activation-1.1.1.jar:/home/user/.m2/repository/org/apache/hadoop/hadoop-ozone-csi/0.5.0-SNAPSHOT/hadoop-ozone-csi-0.5.0-SNAPSHOT.jar:/home/user/.m2/repository/com/google/protobuf/protobuf-java-util/3.5.1/protobuf-java-util-3.5.1.jar:/home/user/.m2/repository/org/apache/hadoop/hadoop-hdds-config/0.5.0-SNAPSHOT/hadoop-hdds-config-0.5.0-SNAPSHOT.jar:/home/user/.m2/repository/io/grpc/grpc-netty/1.17.1/grpc-netty-1.17.1.jar:/home/user/.m2/repository/io/grpc/grpc-core/1.17.1/grpc-core-1.17.1.jar:/home/user/.m2/repository/io/grpc/grpc-context/1.17.1/grpc-context-1.17.1.jar:/home/user/.m2/repository/com/google/errorprone/error_prone_annotations/2.2.0/error_prone_annotations-2.2.0.jar:/home/user/.m2/repository/org/codehaus/mojo/animal-sniffer-annotations/1.17/animal-sniffer-annotations-1.17.jar:/home/user/.m2/repository/io/opencensus/opencensus-api/0.17.0/opencensus-api-0.17.0.jar:/home/user/.m2/repository/io/opencensus/opencensus-contrib-grpc-metrics/0.17.0/opencensus-contrib-grpc-metrics-0.17.0.jar:/home/user/.m2/repository/io/netty/netty-codec-http2/4.1.30.Final/netty-codec-http2-4.1.30.Final.jar:/home/user/.m2/repository/io/netty/netty-codec-http/4.1.30.Final/netty-codec-http-4.1.30.Final.jar:/home/user/.m2/repository/io/netty/netty-codec/4.1.30.Final/netty-codec-4.1.30.Final.jar:/home/user/.m2/repository/io/netty/netty-handler/4.1.30.Final/netty-handler-4.1.30.Final.jar:/home/user/.m2/repository/io/netty/netty-handler-proxy/4.1.30.Final/netty-handler-proxy-4.1.30.Final.jar:/home/user/.m2/repository/io/netty/netty-codec-socks/4.1.30.Final/netty-codec-socks-4.1.30.Final.jar:/home/user/.m2/repository/io/netty/netty-transport-native-epoll/4.1.30.Final/netty-transport-native-epoll-4.1.30.Final.jar:/home/user/.m2/repository/io/netty/netty-common/4.1.30.Final/netty-common-4.1.30.Final.jar:/home/user/.m2/repository/io/netty/netty-buffer/4.1.30.Final/netty-buffer-4.1.30.Final.jar:/home/user/.m2/repository/io/netty/netty-transport/4.1.30.Final/netty-transport-4.1.30.Final.jar:/home/user/.m2/repository/io/netty/netty-resolver/4.1.30.Final/netty-resolver-4.1.30.Final.jar:/home/user/.m2/repository/io/netty/netty-transport-native-unix-common/4.1.30.Final/netty-transport-native-unix-common-4.1.30.Final.jar:/home/user/.m2/repository/io/grpc/grpc-protobuf/1.17.1/grpc-protobuf-1.17.1.jar:/home/user/.m2/repository/com/google/api/grpc/proto-google-common-protos/1.0.0/proto-google-common-protos-1.0.0.jar:/home/user/.m2/repository/io/grpc/grpc-protobuf-lite/1.17.1/grpc-protobuf-lite-1.17.1.jar:/home/user/.m2/repository/io/grpc/grpc-stub/1.17.1/grpc-stub-1.17.1.jar:/home/user/.m2/repository/org/apache/hadoop/hadoop-ozone-recon/0.5.0-SNAPSHOT/hadoop-ozone-recon-0.5.0-SNAPSHOT.jar:/home/user/.m2/repository/org/apache/hadoop/hadoop-ozone-reconcodegen/0.5.0-SNAPSHOT/hadoop-ozone-reconcodegen-0.5.0-SNAPSHOT.jar:/home/user/.m2/repository/com/google/inject/extensions/guice-multibindings/4.0/guice-multibindings-4.0.jar:/home/user/.m2/repository/com/google/inject/guice/4.0/guice-4.0.jar:/home/user/.m2/repository/aopalliance/aopalliance/1.0/aopalliance-1.0.jar:/home/user/.m2/repository/com/google/inject/extensions/guice-servlet/4.0/guice-servlet-4.0.jar:/home/user/.m2/repository/org/glassfish/jersey/containers/jersey-container-servlet/2.27/jersey-container-servlet-2.27.jar:/home/user/.m2/repository/org/glassfish/hk2/guice-bridge/2.5.0/guice-bridge-2.5.0.jar:/home/user/.m2/repository/org/glassfish/jersey/core/jersey-server/2.27/jersey-server-2.27.jar:/home/user/.m2/repository/org/glassfish/jersey/core/jersey-client/2.27/jersey-client-2.27.jar:/home/user/.m2/repository/org/glassfish/jersey/media/jersey-media-jaxb/2.27/jersey-media-jaxb-2.27.jar:/home/user/.m2/repository/javax/validation/validation-api/1.1.0.Final/validation-api-1.1.0.Final.jar:/home/user/.m2/repository/org/glassfish/jersey/media/jersey-media-json-jackson/2.27/jersey-media-json-jackson-2.27.jar:/home/user/.m2/repository/org/glassfish/jersey/ext/jersey-entity-filtering/2.27/jersey-entity-filtering-2.27.jar:/home/user/.m2/repository/com/google/inject/extensions/guice-assistedinject/4.0/guice-assistedinject-4.0.jar:/home/user/.m2/repository/org/jooq/jooq/3.11.10/jooq-3.11.10.jar:/home/user/.m2/repository/org/jooq/jooq-meta/3.11.10/jooq-meta-3.11.10.jar:/home/user/.m2/repository/org/jooq/jooq-codegen/3.11.10/jooq-codegen-3.11.10.jar:/home/user/.m2/repository/com/jolbox/bonecp/0.8.0.RELEASE/bonecp-0.8.0.RELEASE.jar:/home/user/.m2/repository/org/xerial/sqlite-jdbc/3.25.2/sqlite-jdbc-3.25.2.jar:/home/user/.m2/repository/org/springframework/spring-jdbc/5.1.3.RELEASE/spring-jdbc-5.1.3.RELEASE.jar:/home/user/.m2/repository/org/springframework/spring-beans/5.1.3.RELEASE/spring-beans-5.1.3.RELEASE.jar:/home/user/.m2/repository/org/springframework/spring-core/5.1.3.RELEASE/spring-core-5.1.3.RELEASE.jar:/home/user/.m2/repository/org/springframework/spring-jcl/5.1.3.RELEASE/spring-jcl-5.1.3.RELEASE.jar:/home/user/.m2/repository/org/springframework/spring-tx/5.1.3.RELEASE/spring-tx-5.1.3.RELEASE.jar:/home/user/.m2/repository/org/apache/hadoop/hadoop-ozone-client/0.5.0-SNAPSHOT/hadoop-ozone-client-0.5.0-SNAPSHOT.jar:/home/user/.m2/repository/commons-lang/commons-lang/2.6/commons-lang-2.6.jar:/home/user/.m2/repository/org/apache/hadoop/hadoop-ozone-ozone-manager/0.5.0-SNAPSHOT/hadoop-ozone-ozone-manager-0.5.0-SNAPSHOT-tests.jar:/home/user/.m2/repository/junit/junit/4.11/junit-4.11.jar:/home/user/.m2/repository/org/hamcrest/hamcrest-core/1.3/hamcrest-core-1.3.jar:/home/user/.m2/repository/org/openjdk/jmh/jmh-core/1.19/jmh-core-1.19.jar:/home/user/.m2/repository/net/sf/jopt-simple/jopt-simple/4.6/jopt-simple-4.6.jar:/home/user/.m2/repository/org/apache/commons/commons-math3/3.1.1/commons-math3-3.1.1.jar:/home/user/.m2/repository/org/openjdk/jmh/jmh-generator-annprocess/1.19/jmh-generator-annprocess-1.19.jar:/home/user/.m2/repository/org/mockito/mockito-all/1.8.5/mockito-all-1.8.5.jar:/home/user/.m2/repository/org/apache/hadoop/hadoop-kms/3.2.0/hadoop-kms-3.2.0.jar:/home/user/.m2/repository/org/apache/hadoop/hadoop-auth/3.2.0/hadoop-auth-3.2.0.jar:/home/user/.m2/repository/com/nimbusds/nimbus-jose-jwt/4.41.1/nimbus-jose-jwt-4.41.1.jar:/home/user/.m2/repository/com/github/stephenc/jcip/jcip-annotations/1.0-1/jcip-annotations-1.0-1.jar:/home/user/.m2/repository/net/minidev/json-smart/2.3/json-smart-2.3.jar:/home/user/.m2/repository/net/minidev/accessors-smart/1.2/accessors-smart-1.2.jar:/home/user/.m2/repository/org/ow2/asm/asm/5.0.4/asm-5.0.4.jar:/home/user/.m2/repository/org/apache/curator/curator-framework/2.12.0/curator-framework-2.12.0.jar:/home/user/.m2/repository/com/sun/jersey/jersey-core/1.19/jersey-core-1.19.jar:/home/user/.m2/repository/javax/ws/rs/jsr311-api/1.1.1/jsr311-api-1.1.1.jar:/home/user/.m2/repository/com/sun/jersey/jersey-server/1.19/jersey-server-1.19.jar:/home/user/.m2/repository/javax/servlet/javax.servlet-api/3.1.0/javax.servlet-api-3.1.0.jar:/home/user/.m2/repository/org/eclipse/jetty/jetty-server/9.3.24.v20180605/jetty-server-9.3.24.v20180605.jar:/home/user/.m2/repository/org/eclipse/jetty/jetty-http/9.3.24.v20180605/jetty-http-9.3.24.v20180605.jar:/home/user/.m2/repository/org/eclipse/jetty/jetty-io/9.3.24.v20180605/jetty-io-9.3.24.v20180605.jar:/home/user/.m2/repository/org/eclipse/jetty/jetty-webapp/9.3.24.v20180605/jetty-webapp-9.3.24.v20180605.jar:/home/user/.m2/repository/org/eclipse/jetty/jetty-xml/9.3.24.v20180605/jetty-xml-9.3.24.v20180605.jar:/home/user/.m2/repository/log4j/log4j/1.2.17/log4j-1.2.17.jar:/home/user/.m2/repository/org/slf4j/slf4j-api/1.7.25/slf4j-api-1.7.25.jar:/home/user/.m2/repository/org/slf4j/jul-to-slf4j/1.7.25/jul-to-slf4j-1.7.25.jar:/home/user/.m2/repository/org/eclipse/jetty/jetty-util/9.3.24.v20180605/jetty-util-9.3.24.v20180605.jar:/home/user/.m2/repository/com/fasterxml/jackson/core/jackson-databind/2.9.5/jackson-databind-2.9.5.jar:/home/user/.m2/repository/org/apache/hadoop/hadoop-kms/3.2.0/hadoop-kms-3.2.0-tests.jar:/home/user/.m2/repository/org/apache/hadoop/hadoop-hdds-server-scm/0.5.0-SNAPSHOT/hadoop-hdds-server-scm-0.5.0-SNAPSHOT-tests.jar:/home/user/.m2/repository/org/apache/hadoop/hadoop-hdds-container-service/0.5.0-SNAPSHOT/hadoop-hdds-container-service-0.5.0-SNAPSHOT-tests.jar:/home/user/.m2/repository/org/yaml/snakeyaml/1.16/snakeyaml-1.16.jar:/home/user/.m2/repository/org/apache/hadoop/hadoop-common/3.2.0/hadoop-common-3.2.0-tests.jar:/home/user/.m2/repository/org/apache/hadoop/hadoop-annotations/3.2.0/hadoop-annotations-3.2.0.jar:/usr/lib/jvm/java-1.8-openjdk/jre/../lib/tools.jar:/home/user/.m2/repository/commons-cli/commons-cli/1.2/commons-cli-1.2.jar:/home/user/.m2/repository/org/apache/httpcomponents/httpclient/4.5.2/httpclient-4.5.2.jar:/home/user/.m2/repository/org/apache/httpcomponents/httpcore/4.4.4/httpcore-4.4.4.jar:/home/user/.m2/repository/commons-codec/commons-codec/1.11/commons-codec-1.11.jar:/home/user/.m2/repository/commons-net/commons-net/3.6/commons-net-3.6.jar:/home/user/.m2/repository/commons-collections/commons-collections/3.2.2/commons-collections-3.2.2.jar:/home/user/.m2/repository/org/eclipse/jetty/jetty-servlet/9.3.24.v20180605/jetty-servlet-9.3.24.v20180605.jar:/home/user/.m2/repository/org/eclipse/jetty/jetty-security/9.3.24.v20180605/jetty-security-9.3.24.v20180605.jar:/home/user/.m2/repository/javax/servlet/jsp/jsp-api/2.1/jsp-api-2.1.jar:/home/user/.m2/repository/com/sun/jersey/jersey-servlet/1.19/jersey-servlet-1.19.jar:/home/user/.m2/repository/com/sun/jersey/jersey-json/1.19/jersey-json-1.19.jar:/home/user/.m2/repository/org/codehaus/jettison/jettison/1.1/jettison-1.1.jar:/home/user/.m2/repository/org/codehaus/jackson/jackson-core-asl/1.9.13/jackson-core-asl-1.9.13.jar:/home/user/.m2/repository/org/codehaus/jackson/jackson-mapper-asl/1.9.13/jackson-mapper-asl-1.9.13.jar:/home/user/.m2/repository/org/codehaus/jackson/jackson-jaxrs/1.9.13/jackson-jaxrs-1.9.13.jar:/home/user/.m2/repository/org/codehaus/jackson/jackson-xc/1.9.13/jackson-xc-1.9.13.jar:/home/user/.m2/repository/commons-logging/commons-logging/1.1.3/commons-logging-1.1.3.jar:/home/user/.m2/repository/commons-beanutils/commons-beanutils/1.9.3/commons-beanutils-1.9.3.jar:/home/user/.m2/repository/org/apache/commons/commons-configuration2/2.1.1/commons-configuration2-2.1.1.jar:/home/user/.m2/repository/org/apache/commons/commons-lang3/3.7/commons-lang3-3.7.jar:/home/user/.m2/repository/org/apache/commons/commons-text/1.4/commons-text-1.4.jar:/home/user/.m2/repository/org/apache/avro/avro/1.7.7/avro-1.7.7.jar:/home/user/.m2/repository/com/thoughtworks/paranamer/paranamer/2.3/paranamer-2.3.jar:/home/user/.m2/repository/org/xerial/snappy/snappy-java/1.0.5/snappy-java-1.0.5.jar:/home/user/.m2/repository/com/google/re2j/re2j/1.1/re2j-1.1.jar:/home/user/.m2/repository/com/google/code/gson/gson/2.2.4/gson-2.2.4.jar:/home/user/.m2/repository/com/jcraft/jsch/0.1.54/jsch-0.1.54.jar:/home/user/.m2/repository/org/apache/curator/curator-client/2.12.0/curator-client-2.12.0.jar:/home/user/.m2/repository/org/apache/curator/curator-recipes/2.12.0/curator-recipes-2.12.0.jar:/home/user/.m2/repository/com/google/code/findbugs/jsr305/3.0.0/jsr305-3.0.0.jar:/home/user/.m2/repository/org/apache/htrace/htrace-core4/4.1.0-incubating/htrace-core4-4.1.0-incubating.jar:/home/user/.m2/repository/org/apache/zookeeper/zookeeper/3.4.13/zookeeper-3.4.13.jar:/home/user/.m2/repository/org/apache/yetus/audience-annotations/0.5.0/audience-annotations-0.5.0.jar:/home/user/.m2/repository/org/codehaus/woodstox/stax2-api/3.1.4/stax2-api-3.1.4.jar:/home/user/.m2/repository/com/fasterxml/woodstox/woodstox-core/5.0.3/woodstox-core-5.0.3.jar:/home/user/.m2/repository/dnsjava/dnsjava/2.1.7/dnsjava-2.1.7.jar:/home/user/.m2/repository/org/apache/hadoop/hadoop-hdfs/3.2.0/hadoop-hdfs-3.2.0-tests.jar:/home/user/.m2/repository/org/eclipse/jetty/jetty-util-ajax/9.3.24.v20180605/jetty-util-ajax-9.3.24.v20180605.jar:/home/user/.m2/repository/commons-daemon/commons-daemon/1.0.13/commons-daemon-1.0.13.jar:/home/user/.m2/repository/io/netty/netty/3.10.5.Final/netty-3.10.5.Final.jar:/home/user/.m2/repository/io/netty/netty-all/4.0.52.Final/netty-all-4.0.52.Final.jar:/home/user/.m2/repository/org/fusesource/leveldbjni/leveldbjni-all/1.8/leveldbjni-all-1.8.jar:"/>
    <property name="java.vm.vendor" value="IcedTea"/>
    <property name="sun.arch.data.model" value="64"/>
    <property name="test.build.dir" value="/workdir/hadoop-ozone/integration-test/target/test-dir"/>
    <property name="test.cache.data" value=""/>
    <property name="java.vendor.url" value="https://icedtea.classpath.org"/>
    <property name="user.timezone" value=""/>
    <property name="java.vm.specification.version" value="1.8"/>
    <property name="os.name" value="Linux"/>
    <property name="test.build.data" value="/workdir/hadoop-ozone/integration-test/target/test-dir"/>
    <property name="user.country" value="US"/>
    <property name="sun.java.launcher" value="SUN_STANDARD"/>
    <property name="sun.boot.library.path" value="/usr/lib/jvm/java-1.8-openjdk/jre/lib/amd64"/>
    <property name="sun.java.command" value="/workdir/hadoop-ozone/integration-test/target/surefire/surefirebooter1574256048814539670.jar /workdir/hadoop-ozone/integration-test/target/surefire 2019-08-27T16-55-00_172-jvmRun1 surefire2391963643394448017tmp surefire_60292326589011015949tmp"/>
    <property name="test" value="!TestMiniChaosOzoneCluster"/>
    <property name="surefire.test.class.path" value="/workdir/hadoop-ozone/integration-test/target/test-classes:/workdir/hadoop-ozone/integration-test/target/classes:/home/user/.m2/repository/org/apache/hadoop/hadoop-ozone-common/0.5.0-SNAPSHOT/hadoop-ozone-common-0.5.0-SNAPSHOT.jar:/home/user/.m2/repository/org/apache/commons/commons-compress/1.4.1/commons-compress-1.4.1.jar:/home/user/.m2/repository/org/tukaani/xz/1.0/xz-1.0.jar:/home/user/.m2/repository/org/apache/hadoop/hadoop-common/3.2.0/hadoop-common-3.2.0.jar:/home/user/.m2/repository/org/apache/hadoop/hadoop-hdfs/3.2.0/hadoop-hdfs-3.2.0.jar:/home/user/.m2/repository/org/apache/hadoop/hadoop-hdfs-client/3.2.0/hadoop-hdfs-client-3.2.0.jar:/home/user/.m2/repository/com/fasterxml/jackson/core/jackson-annotations/2.9.5/jackson-annotations-2.9.5.jar:/home/user/.m2/repository/org/apache/hadoop/hadoop-hdds-common/0.5.0-SNAPSHOT/hadoop-hdds-common-0.5.0-SNAPSHOT.jar:/home/user/.m2/repository/javax/annotation/javax.annotation-api/1.2/javax.annotation-api-1.2.jar:/home/user/.m2/repository/org/apache/ratis/ratis-server/0.4.0-2337318-SNAPSHOT/ratis-server-0.4.0-2337318-SNAPSHOT.jar:/home/user/.m2/repository/org/apache/ratis/ratis-thirdparty-misc/0.2.0/ratis-thirdparty-misc-0.2.0.jar:/home/user/.m2/repository/org/apache/ratis/ratis-proto/0.4.0-2337318-SNAPSHOT/ratis-proto-0.4.0-2337318-SNAPSHOT.jar:/home/user/.m2/repository/org/apache/ratis/ratis-common/0.4.0-2337318-SNAPSHOT/ratis-common-0.4.0-2337318-SNAPSHOT.jar:/home/user/.m2/repository/org/apache/ratis/ratis-client/0.4.0-2337318-SNAPSHOT/ratis-client-0.4.0-2337318-SNAPSHOT.jar:/home/user/.m2/repository/org/apache/ratis/ratis-metrics/0.4.0-2337318-SNAPSHOT/ratis-metrics-0.4.0-2337318-SNAPSHOT.jar:/home/user/.m2/repository/org/apache/ratis/ratis-netty/0.4.0-2337318-SNAPSHOT/ratis-netty-0.4.0-2337318-SNAPSHOT.jar:/home/user/.m2/repository/org/apache/ratis/ratis-grpc/0.4.0-2337318-SNAPSHOT/ratis-grpc-0.4.0-2337318-SNAPSHOT.jar:/home/user/.m2/repository/org/rocksdb/rocksdbjni/6.0.1/rocksdbjni-6.0.1.jar:/home/user/.m2/repository/org/apache/logging/log4j/log4j-api/2.11.0/log4j-api-2.11.0.jar:/home/user/.m2/repository/org/apache/logging/log4j/log4j-core/2.11.0/log4j-core-2.11.0.jar:/home/user/.m2/repository/com/lmax/disruptor/3.4.2/disruptor-3.4.2.jar:/home/user/.m2/repository/org/apache/commons/commons-pool2/2.6.0/commons-pool2-2.6.0.jar:/home/user/.m2/repository/org/bouncycastle/bcpkix-jdk15on/1.60/bcpkix-jdk15on-1.60.jar:/home/user/.m2/repository/commons-validator/commons-validator/1.6/commons-validator-1.6.jar:/home/user/.m2/repository/commons-digester/commons-digester/1.8.1/commons-digester-1.8.1.jar:/home/user/.m2/repository/io/jaegertracing/jaeger-client/0.33.1/jaeger-client-0.33.1.jar:/home/user/.m2/repository/io/jaegertracing/jaeger-thrift/0.33.1/jaeger-thrift-0.33.1.jar:/home/user/.m2/repository/org/apache/thrift/libthrift/0.11.0/libthrift-0.11.0.jar:/home/user/.m2/repository/com/squareup/okhttp3/okhttp/3.9.0/okhttp-3.9.0.jar:/home/user/.m2/repository/com/squareup/okio/okio/1.13.0/okio-1.13.0.jar:/home/user/.m2/repository/io/jaegertracing/jaeger-core/0.33.1/jaeger-core-0.33.1.jar:/home/user/.m2/repository/io/jaegertracing/jaeger-tracerresolver/0.33.1/jaeger-tracerresolver-0.33.1.jar:/home/user/.m2/repository/io/opentracing/contrib/opentracing-tracerresolver/0.1.5/opentracing-tracerresolver-0.1.5.jar:/home/user/.m2/repository/io/opentracing/opentracing-util/0.31.0/opentracing-util-0.31.0.jar:/home/user/.m2/repository/io/opentracing/opentracing-api/0.31.0/opentracing-api-0.31.0.jar:/home/user/.m2/repository/io/opentracing/opentracing-noop/0.31.0/opentracing-noop-0.31.0.jar:/home/user/.m2/repository/org/apache/hadoop/hadoop-hdds-server-framework/0.5.0-SNAPSHOT/hadoop-hdds-server-framework-0.5.0-SNAPSHOT.jar:/home/user/.m2/repository/org/apache/hadoop/hadoop-hdds-container-service/0.5.0-SNAPSHOT/hadoop-hdds-container-service-0.5.0-SNAPSHOT.jar:/home/user/.m2/repository/org/apache/hadoop/hadoop-hdds-client/0.5.0-SNAPSHOT/hadoop-hdds-client-0.5.0-SNAPSHOT.jar:/home/user/.m2/repository/org/apache/hadoop/hadoop-hdds-tools/0.5.0-SNAPSHOT/hadoop-hdds-tools-0.5.0-SNAPSHOT.jar:/home/user/.m2/repository/org/apache/hadoop/hadoop-hdds-server-scm/0.5.0-SNAPSHOT/hadoop-hdds-server-scm-0.5.0-SNAPSHOT.jar:/home/user/.m2/repository/org/apache/hadoop/hadoop-hdds-docs/0.5.0-SNAPSHOT/hadoop-hdds-docs-0.5.0-SNAPSHOT.jar:/home/user/.m2/repository/io/dropwizard/metrics/metrics-core/3.2.4/metrics-core-3.2.4.jar:/home/user/.m2/repository/org/hamcrest/hamcrest-all/1.3/hamcrest-all-1.3.jar:/home/user/.m2/repository/org/bouncycastle/bcprov-jdk15on/1.60/bcprov-jdk15on-1.60.jar:/home/user/.m2/repository/info/picocli/picocli/3.9.6/picocli-3.9.6.jar:/home/user/.m2/repository/com/google/protobuf/protobuf-java/2.5.0/protobuf-java-2.5.0.jar:/home/user/.m2/repository/com/google/guava/guava/11.0.2/guava-11.0.2.jar:/home/user/.m2/repository/org/apache/hadoop/hadoop-ozone-ozone-manager/0.5.0-SNAPSHOT/hadoop-ozone-ozone-manager-0.5.0-SNAPSHOT.jar:/home/user/.m2/repository/org/apache/hadoop/hadoop-minikdc/3.2.0/hadoop-minikdc-3.2.0.jar:/home/user/.m2/repository/commons-io/commons-io/2.5/commons-io-2.5.jar:/home/user/.m2/repository/org/apache/kerby/kerb-simplekdc/1.0.1/kerb-simplekdc-1.0.1.jar:/home/user/.m2/repository/org/apache/kerby/kerb-client/1.0.1/kerb-client-1.0.1.jar:/home/user/.m2/repository/org/apache/kerby/kerby-config/1.0.1/kerby-config-1.0.1.jar:/home/user/.m2/repository/org/apache/kerby/kerb-core/1.0.1/kerb-core-1.0.1.jar:/home/user/.m2/repository/org/apache/kerby/kerby-pkix/1.0.1/kerby-pkix-1.0.1.jar:/home/user/.m2/repository/org/apache/kerby/kerby-asn1/1.0.1/kerby-asn1-1.0.1.jar:/home/user/.m2/repository/org/apache/kerby/kerby-util/1.0.1/kerby-util-1.0.1.jar:/home/user/.m2/repository/org/apache/kerby/kerb-common/1.0.1/kerb-common-1.0.1.jar:/home/user/.m2/repository/org/apache/kerby/kerb-crypto/1.0.1/kerb-crypto-1.0.1.jar:/home/user/.m2/repository/org/apache/kerby/kerb-util/1.0.1/kerb-util-1.0.1.jar:/home/user/.m2/repository/org/apache/kerby/token-provider/1.0.1/token-provider-1.0.1.jar:/home/user/.m2/repository/org/apache/kerby/kerb-admin/1.0.1/kerb-admin-1.0.1.jar:/home/user/.m2/repository/org/apache/kerby/kerb-server/1.0.1/kerb-server-1.0.1.jar:/home/user/.m2/repository/org/apache/kerby/kerb-identity/1.0.1/kerb-identity-1.0.1.jar:/home/user/.m2/repository/org/apache/kerby/kerby-xdr/1.0.1/kerby-xdr-1.0.1.jar:/home/user/.m2/repository/org/slf4j/slf4j-log4j12/1.7.25/slf4j-log4j12-1.7.25.jar:/home/user/.m2/repository/org/apache/hadoop/hadoop-ozone-objectstore-service/0.5.0-SNAPSHOT/hadoop-ozone-objectstore-service-0.5.0-SNAPSHOT.jar:/home/user/.m2/repository/org/apache/hadoop/hadoop-ozone-s3gateway/0.5.0-SNAPSHOT/hadoop-ozone-s3gateway-0.5.0-SNAPSHOT.jar:/home/user/.m2/repository/org/jboss/weld/servlet/weld-servlet/2.4.7.Final/weld-servlet-2.4.7.Final.jar:/home/user/.m2/repository/org/glassfish/jersey/containers/jersey-container-servlet-core/2.27/jersey-container-servlet-core-2.27.jar:/home/user/.m2/repository/org/glassfish/hk2/external/javax.inject/2.5.0-b42/javax.inject-2.5.0-b42.jar:/home/user/.m2/repository/org/glassfish/jersey/core/jersey-common/2.27/jersey-common-2.27.jar:/home/user/.m2/repository/org/glassfish/hk2/osgi-resource-locator/1.0.1/osgi-resource-locator-1.0.1.jar:/home/user/.m2/repository/javax/ws/rs/javax.ws.rs-api/2.1/javax.ws.rs-api-2.1.jar:/home/user/.m2/repository/org/glassfish/jersey/ext/cdi/jersey-cdi1x/2.27/jersey-cdi1x-2.27.jar:/home/user/.m2/repository/org/glassfish/jersey/inject/jersey-hk2/2.27/jersey-hk2-2.27.jar:/home/user/.m2/repository/org/glassfish/hk2/hk2-locator/2.5.0-b42/hk2-locator-2.5.0-b42.jar:/home/user/.m2/repository/org/javassist/javassist/3.22.0-CR2/javassist-3.22.0-CR2.jar:/home/user/.m2/repository/org/glassfish/hk2/hk2-api/2.5.0/hk2-api-2.5.0.jar:/home/user/.m2/repository/org/glassfish/hk2/external/jakarta.inject/2.5.0/jakarta.inject-2.5.0.jar:/home/user/.m2/repository/org/glassfish/hk2/hk2-utils/2.5.0/hk2-utils-2.5.0.jar:/home/user/.m2/repository/jakarta/annotation/jakarta.annotation-api/1.3.4/jakarta.annotation-api-1.3.4.jar:/home/user/.m2/repository/org/glassfish/hk2/external/aopalliance-repackaged/2.5.0/aopalliance-repackaged-2.5.0.jar:/home/user/.m2/repository/com/fasterxml/jackson/dataformat/jackson-dataformat-xml/2.9.0/jackson-dataformat-xml-2.9.0.jar:/home/user/.m2/repository/com/fasterxml/jackson/core/jackson-core/2.9.5/jackson-core-2.9.5.jar:/home/user/.m2/repository/com/fasterxml/jackson/module/jackson-module-jaxb-annotations/2.9.5/jackson-module-jaxb-annotations-2.9.5.jar:/home/user/.m2/repository/javax/enterprise/cdi-api/1.2/cdi-api-1.2.jar:/home/user/.m2/repository/javax/el/javax.el-api/3.0.0/javax.el-api-3.0.0.jar:/home/user/.m2/repository/javax/interceptor/javax.interceptor-api/1.2/javax.interceptor-api-1.2.jar:/home/user/.m2/repository/javax/inject/javax.inject/1/javax.inject-1.jar:/home/user/.m2/repository/com/sun/xml/bind/jaxb-impl/2.3.0.1/jaxb-impl-2.3.0.1.jar:/home/user/.m2/repository/com/sun/xml/bind/jaxb-core/2.3.0.1/jaxb-core-2.3.0.1.jar:/home/user/.m2/repository/javax/xml/bind/jaxb-api/2.3.0/jaxb-api-2.3.0.jar:/home/user/.m2/repository/javax/activation/activation/1.1.1/activation-1.1.1.jar:/home/user/.m2/repository/org/apache/hadoop/hadoop-ozone-csi/0.5.0-SNAPSHOT/hadoop-ozone-csi-0.5.0-SNAPSHOT.jar:/home/user/.m2/repository/com/google/protobuf/protobuf-java-util/3.5.1/protobuf-java-util-3.5.1.jar:/home/user/.m2/repository/org/apache/hadoop/hadoop-hdds-config/0.5.0-SNAPSHOT/hadoop-hdds-config-0.5.0-SNAPSHOT.jar:/home/user/.m2/repository/io/grpc/grpc-netty/1.17.1/grpc-netty-1.17.1.jar:/home/user/.m2/repository/io/grpc/grpc-core/1.17.1/grpc-core-1.17.1.jar:/home/user/.m2/repository/io/grpc/grpc-context/1.17.1/grpc-context-1.17.1.jar:/home/user/.m2/repository/com/google/errorprone/error_prone_annotations/2.2.0/error_prone_annotations-2.2.0.jar:/home/user/.m2/repository/org/codehaus/mojo/animal-sniffer-annotations/1.17/animal-sniffer-annotations-1.17.jar:/home/user/.m2/repository/io/opencensus/opencensus-api/0.17.0/opencensus-api-0.17.0.jar:/home/user/.m2/repository/io/opencensus/opencensus-contrib-grpc-metrics/0.17.0/opencensus-contrib-grpc-metrics-0.17.0.jar:/home/user/.m2/repository/io/netty/netty-codec-http2/4.1.30.Final/netty-codec-http2-4.1.30.Final.jar:/home/user/.m2/repository/io/netty/netty-codec-http/4.1.30.Final/netty-codec-http-4.1.30.Final.jar:/home/user/.m2/repository/io/netty/netty-codec/4.1.30.Final/netty-codec-4.1.30.Final.jar:/home/user/.m2/repository/io/netty/netty-handler/4.1.30.Final/netty-handler-4.1.30.Final.jar:/home/user/.m2/repository/io/netty/netty-handler-proxy/4.1.30.Final/netty-handler-proxy-4.1.30.Final.jar:/home/user/.m2/repository/io/netty/netty-codec-socks/4.1.30.Final/netty-codec-socks-4.1.30.Final.jar:/home/user/.m2/repository/io/netty/netty-transport-native-epoll/4.1.30.Final/netty-transport-native-epoll-4.1.30.Final.jar:/home/user/.m2/repository/io/netty/netty-common/4.1.30.Final/netty-common-4.1.30.Final.jar:/home/user/.m2/repository/io/netty/netty-buffer/4.1.30.Final/netty-buffer-4.1.30.Final.jar:/home/user/.m2/repository/io/netty/netty-transport/4.1.30.Final/netty-transport-4.1.30.Final.jar:/home/user/.m2/repository/io/netty/netty-resolver/4.1.30.Final/netty-resolver-4.1.30.Final.jar:/home/user/.m2/repository/io/netty/netty-transport-native-unix-common/4.1.30.Final/netty-transport-native-unix-common-4.1.30.Final.jar:/home/user/.m2/repository/io/grpc/grpc-protobuf/1.17.1/grpc-protobuf-1.17.1.jar:/home/user/.m2/repository/com/google/api/grpc/proto-google-common-protos/1.0.0/proto-google-common-protos-1.0.0.jar:/home/user/.m2/repository/io/grpc/grpc-protobuf-lite/1.17.1/grpc-protobuf-lite-1.17.1.jar:/home/user/.m2/repository/io/grpc/grpc-stub/1.17.1/grpc-stub-1.17.1.jar:/home/user/.m2/repository/org/apache/hadoop/hadoop-ozone-recon/0.5.0-SNAPSHOT/hadoop-ozone-recon-0.5.0-SNAPSHOT.jar:/home/user/.m2/repository/org/apache/hadoop/hadoop-ozone-reconcodegen/0.5.0-SNAPSHOT/hadoop-ozone-reconcodegen-0.5.0-SNAPSHOT.jar:/home/user/.m2/repository/com/google/inject/extensions/guice-multibindings/4.0/guice-multibindings-4.0.jar:/home/user/.m2/repository/com/google/inject/guice/4.0/guice-4.0.jar:/home/user/.m2/repository/aopalliance/aopalliance/1.0/aopalliance-1.0.jar:/home/user/.m2/repository/com/google/inject/extensions/guice-servlet/4.0/guice-servlet-4.0.jar:/home/user/.m2/repository/org/glassfish/jersey/containers/jersey-container-servlet/2.27/jersey-container-servlet-2.27.jar:/home/user/.m2/repository/org/glassfish/hk2/guice-bridge/2.5.0/guice-bridge-2.5.0.jar:/home/user/.m2/repository/org/glassfish/jersey/core/jersey-server/2.27/jersey-server-2.27.jar:/home/user/.m2/repository/org/glassfish/jersey/core/jersey-client/2.27/jersey-client-2.27.jar:/home/user/.m2/repository/org/glassfish/jersey/media/jersey-media-jaxb/2.27/jersey-media-jaxb-2.27.jar:/home/user/.m2/repository/javax/validation/validation-api/1.1.0.Final/validation-api-1.1.0.Final.jar:/home/user/.m2/repository/org/glassfish/jersey/media/jersey-media-json-jackson/2.27/jersey-media-json-jackson-2.27.jar:/home/user/.m2/repository/org/glassfish/jersey/ext/jersey-entity-filtering/2.27/jersey-entity-filtering-2.27.jar:/home/user/.m2/repository/com/google/inject/extensions/guice-assistedinject/4.0/guice-assistedinject-4.0.jar:/home/user/.m2/repository/org/jooq/jooq/3.11.10/jooq-3.11.10.jar:/home/user/.m2/repository/org/jooq/jooq-meta/3.11.10/jooq-meta-3.11.10.jar:/home/user/.m2/repository/org/jooq/jooq-codegen/3.11.10/jooq-codegen-3.11.10.jar:/home/user/.m2/repository/com/jolbox/bonecp/0.8.0.RELEASE/bonecp-0.8.0.RELEASE.jar:/home/user/.m2/repository/org/xerial/sqlite-jdbc/3.25.2/sqlite-jdbc-3.25.2.jar:/home/user/.m2/repository/org/springframework/spring-jdbc/5.1.3.RELEASE/spring-jdbc-5.1.3.RELEASE.jar:/home/user/.m2/repository/org/springframework/spring-beans/5.1.3.RELEASE/spring-beans-5.1.3.RELEASE.jar:/home/user/.m2/repository/org/springframework/spring-core/5.1.3.RELEASE/spring-core-5.1.3.RELEASE.jar:/home/user/.m2/repository/org/springframework/spring-jcl/5.1.3.RELEASE/spring-jcl-5.1.3.RELEASE.jar:/home/user/.m2/repository/org/springframework/spring-tx/5.1.3.RELEASE/spring-tx-5.1.3.RELEASE.jar:/home/user/.m2/repository/org/apache/hadoop/hadoop-ozone-client/0.5.0-SNAPSHOT/hadoop-ozone-client-0.5.0-SNAPSHOT.jar:/home/user/.m2/repository/commons-lang/commons-lang/2.6/commons-lang-2.6.jar:/home/user/.m2/repository/org/apache/hadoop/hadoop-ozone-ozone-manager/0.5.0-SNAPSHOT/hadoop-ozone-ozone-manager-0.5.0-SNAPSHOT-tests.jar:/home/user/.m2/repository/junit/junit/4.11/junit-4.11.jar:/home/user/.m2/repository/org/hamcrest/hamcrest-core/1.3/hamcrest-core-1.3.jar:/home/user/.m2/repository/org/openjdk/jmh/jmh-core/1.19/jmh-core-1.19.jar:/home/user/.m2/repository/net/sf/jopt-simple/jopt-simple/4.6/jopt-simple-4.6.jar:/home/user/.m2/repository/org/apache/commons/commons-math3/3.1.1/commons-math3-3.1.1.jar:/home/user/.m2/repository/org/openjdk/jmh/jmh-generator-annprocess/1.19/jmh-generator-annprocess-1.19.jar:/home/user/.m2/repository/org/mockito/mockito-all/1.8.5/mockito-all-1.8.5.jar:/home/user/.m2/repository/org/apache/hadoop/hadoop-kms/3.2.0/hadoop-kms-3.2.0.jar:/home/user/.m2/repository/org/apache/hadoop/hadoop-auth/3.2.0/hadoop-auth-3.2.0.jar:/home/user/.m2/repository/com/nimbusds/nimbus-jose-jwt/4.41.1/nimbus-jose-jwt-4.41.1.jar:/home/user/.m2/repository/com/github/stephenc/jcip/jcip-annotations/1.0-1/jcip-annotations-1.0-1.jar:/home/user/.m2/repository/net/minidev/json-smart/2.3/json-smart-2.3.jar:/home/user/.m2/repository/net/minidev/accessors-smart/1.2/accessors-smart-1.2.jar:/home/user/.m2/repository/org/ow2/asm/asm/5.0.4/asm-5.0.4.jar:/home/user/.m2/repository/org/apache/curator/curator-framework/2.12.0/curator-framework-2.12.0.jar:/home/user/.m2/repository/com/sun/jersey/jersey-core/1.19/jersey-core-1.19.jar:/home/user/.m2/repository/javax/ws/rs/jsr311-api/1.1.1/jsr311-api-1.1.1.jar:/home/user/.m2/repository/com/sun/jersey/jersey-server/1.19/jersey-server-1.19.jar:/home/user/.m2/repository/javax/servlet/javax.servlet-api/3.1.0/javax.servlet-api-3.1.0.jar:/home/user/.m2/repository/org/eclipse/jetty/jetty-server/9.3.24.v20180605/jetty-server-9.3.24.v20180605.jar:/home/user/.m2/repository/org/eclipse/jetty/jetty-http/9.3.24.v20180605/jetty-http-9.3.24.v20180605.jar:/home/user/.m2/repository/org/eclipse/jetty/jetty-io/9.3.24.v20180605/jetty-io-9.3.24.v20180605.jar:/home/user/.m2/repository/org/eclipse/jetty/jetty-webapp/9.3.24.v20180605/jetty-webapp-9.3.24.v20180605.jar:/home/user/.m2/repository/org/eclipse/jetty/jetty-xml/9.3.24.v20180605/jetty-xml-9.3.24.v20180605.jar:/home/user/.m2/repository/log4j/log4j/1.2.17/log4j-1.2.17.jar:/home/user/.m2/repository/org/slf4j/slf4j-api/1.7.25/slf4j-api-1.7.25.jar:/home/user/.m2/repository/org/slf4j/jul-to-slf4j/1.7.25/jul-to-slf4j-1.7.25.jar:/home/user/.m2/repository/org/eclipse/jetty/jetty-util/9.3.24.v20180605/jetty-util-9.3.24.v20180605.jar:/home/user/.m2/repository/com/fasterxml/jackson/core/jackson-databind/2.9.5/jackson-databind-2.9.5.jar:/home/user/.m2/repository/org/apache/hadoop/hadoop-kms/3.2.0/hadoop-kms-3.2.0-tests.jar:/home/user/.m2/repository/org/apache/hadoop/hadoop-hdds-server-scm/0.5.0-SNAPSHOT/hadoop-hdds-server-scm-0.5.0-SNAPSHOT-tests.jar:/home/user/.m2/repository/org/apache/hadoop/hadoop-hdds-container-service/0.5.0-SNAPSHOT/hadoop-hdds-container-service-0.5.0-SNAPSHOT-tests.jar:/home/user/.m2/repository/org/yaml/snakeyaml/1.16/snakeyaml-1.16.jar:/home/user/.m2/repository/org/apache/hadoop/hadoop-common/3.2.0/hadoop-common-3.2.0-tests.jar:/home/user/.m2/repository/org/apache/hadoop/hadoop-annotations/3.2.0/hadoop-annotations-3.2.0.jar:/usr/lib/jvm/java-1.8-openjdk/jre/../lib/tools.jar:/home/user/.m2/repository/commons-cli/commons-cli/1.2/commons-cli-1.2.jar:/home/user/.m2/repository/org/apache/httpcomponents/httpclient/4.5.2/httpclient-4.5.2.jar:/home/user/.m2/repository/org/apache/httpcomponents/httpcore/4.4.4/httpcore-4.4.4.jar:/home/user/.m2/repository/commons-codec/commons-codec/1.11/commons-codec-1.11.jar:/home/user/.m2/repository/commons-net/commons-net/3.6/commons-net-3.6.jar:/home/user/.m2/repository/commons-collections/commons-collections/3.2.2/commons-collections-3.2.2.jar:/home/user/.m2/repository/org/eclipse/jetty/jetty-servlet/9.3.24.v20180605/jetty-servlet-9.3.24.v20180605.jar:/home/user/.m2/repository/org/eclipse/jetty/jetty-security/9.3.24.v20180605/jetty-security-9.3.24.v20180605.jar:/home/user/.m2/repository/javax/servlet/jsp/jsp-api/2.1/jsp-api-2.1.jar:/home/user/.m2/repository/com/sun/jersey/jersey-servlet/1.19/jersey-servlet-1.19.jar:/home/user/.m2/repository/com/sun/jersey/jersey-json/1.19/jersey-json-1.19.jar:/home/user/.m2/repository/org/codehaus/jettison/jettison/1.1/jettison-1.1.jar:/home/user/.m2/repository/org/codehaus/jackson/jackson-core-asl/1.9.13/jackson-core-asl-1.9.13.jar:/home/user/.m2/repository/org/codehaus/jackson/jackson-mapper-asl/1.9.13/jackson-mapper-asl-1.9.13.jar:/home/user/.m2/repository/org/codehaus/jackson/jackson-jaxrs/1.9.13/jackson-jaxrs-1.9.13.jar:/home/user/.m2/repository/org/codehaus/jackson/jackson-xc/1.9.13/jackson-xc-1.9.13.jar:/home/user/.m2/repository/commons-logging/commons-logging/1.1.3/commons-logging-1.1.3.jar:/home/user/.m2/repository/commons-beanutils/commons-beanutils/1.9.3/commons-beanutils-1.9.3.jar:/home/user/.m2/repository/org/apache/commons/commons-configuration2/2.1.1/commons-configuration2-2.1.1.jar:/home/user/.m2/repository/org/apache/commons/commons-lang3/3.7/commons-lang3-3.7.jar:/home/user/.m2/repository/org/apache/commons/commons-text/1.4/commons-text-1.4.jar:/home/user/.m2/repository/org/apache/avro/avro/1.7.7/avro-1.7.7.jar:/home/user/.m2/repository/com/thoughtworks/paranamer/paranamer/2.3/paranamer-2.3.jar:/home/user/.m2/repository/org/xerial/snappy/snappy-java/1.0.5/snappy-java-1.0.5.jar:/home/user/.m2/repository/com/google/re2j/re2j/1.1/re2j-1.1.jar:/home/user/.m2/repository/com/google/code/gson/gson/2.2.4/gson-2.2.4.jar:/home/user/.m2/repository/com/jcraft/jsch/0.1.54/jsch-0.1.54.jar:/home/user/.m2/repository/org/apache/curator/curator-client/2.12.0/curator-client-2.12.0.jar:/home/user/.m2/repository/org/apache/curator/curator-recipes/2.12.0/curator-recipes-2.12.0.jar:/home/user/.m2/repository/com/google/code/findbugs/jsr305/3.0.0/jsr305-3.0.0.jar:/home/user/.m2/repository/org/apache/htrace/htrace-core4/4.1.0-incubating/htrace-core4-4.1.0-incubating.jar:/home/user/.m2/repository/org/apache/zookeeper/zookeeper/3.4.13/zookeeper-3.4.13.jar:/home/user/.m2/repository/org/apache/yetus/audience-annotations/0.5.0/audience-annotations-0.5.0.jar:/home/user/.m2/repository/org/codehaus/woodstox/stax2-api/3.1.4/stax2-api-3.1.4.jar:/home/user/.m2/repository/com/fasterxml/woodstox/woodstox-core/5.0.3/woodstox-core-5.0.3.jar:/home/user/.m2/repository/dnsjava/dnsjava/2.1.7/dnsjava-2.1.7.jar:/home/user/.m2/repository/org/apache/hadoop/hadoop-hdfs/3.2.0/hadoop-hdfs-3.2.0-tests.jar:/home/user/.m2/repository/org/eclipse/jetty/jetty-util-ajax/9.3.24.v20180605/jetty-util-ajax-9.3.24.v20180605.jar:/home/user/.m2/repository/commons-daemon/commons-daemon/1.0.13/commons-daemon-1.0.13.jar:/home/user/.m2/repository/io/netty/netty/3.10.5.Final/netty-3.10.5.Final.jar:/home/user/.m2/repository/io/netty/netty-all/4.0.52.Final/netty-all-4.0.52.Final.jar:/home/user/.m2/repository/org/fusesource/leveldbjni/leveldbjni-all/1.8/leveldbjni-all-1.8.jar:"/>
    <property name="sun.cpu.endian" value="little"/>
    <property name="user.home" value="/home/user"/>
    <property name="user.language" value="en"/>
    <property name="java.specification.vendor" value="Oracle Corporation"/>
    <property name="java.home" value="/usr/lib/jvm/java-1.8-openjdk/jre"/>
    <property name="java.security.krb5.conf" value="/workdir/hadoop-ozone/integration-test/target/test-classes/krb5.conf"/>
    <property name="basedir" value="/workdir/hadoop-ozone/integration-test"/>
    <property name="file.separator" value="/"/>
    <property name="line.separator" value="&#10;"/>
    <property name="java.vm.specification.vendor" value="Oracle Corporation"/>
    <property name="java.specification.name" value="Java Platform API Specification"/>
    <property name="java.awt.graphicsenv" value="sun.awt.X11GraphicsEnvironment"/>
    <property name="surefire.real.class.path" value="/workdir/hadoop-ozone/integration-test/target/surefire/surefirebooter1574256048814539670.jar"/>
    <property name="hadoop.log.dir" value="/workdir/hadoop-ozone/integration-test/target/log"/>
    <property name="sun.boot.class.path" value="/usr/lib/jvm/java-1.8-openjdk/jre/lib/resources.jar:/usr/lib/jvm/java-1.8-openjdk/jre/lib/rt.jar:/usr/lib/jvm/java-1.8-openjdk/jre/lib/sunrsasign.jar:/usr/lib/jvm/java-1.8-openjdk/jre/lib/jsse.jar:/usr/lib/jvm/java-1.8-openjdk/jre/lib/jce.jar:/usr/lib/jvm/java-1.8-openjdk/jre/lib/charsets.jar:/usr/lib/jvm/java-1.8-openjdk/jre/lib/jfr.jar:/usr/lib/jvm/java-1.8-openjdk/jre/classes"/>
    <property name="sun.management.compiler" value="HotSpot 64-Bit Tiered Compilers"/>
    <property name="java.runtime.version" value="1.8.0_212-b04"/>
    <property name="java.net.preferIPv4Stack" value="true"/>
    <property name="user.name" value="jenkins1000"/>
    <property name="path.separator" value=":"/>
    <property name="java.security.egd" value="file:///dev/urandom"/>
    <property name="os.version" value="3.10.0-957.12.2.el7.x86_64"/>
    <property name="java.endorsed.dirs" value="/usr/lib/jvm/java-1.8-openjdk/jre/lib/endorsed"/>
    <property name="java.runtime.name" value="OpenJDK Runtime Environment"/>
    <property name="file.encoding" value="UTF-8"/>
    <property name="java.vm.name" value="OpenJDK 64-Bit Server VM"/>
    <property name="test.build.webapps" value=""/>
    <property name="localRepository" value="/home/user/.m2/repository"/>
    <property name="java.vendor.url.bug" value="https://icedtea.classpath.org/bugzilla"/>
    <property name="java.io.tmpdir" value="/tmp"/>
    <property name="require.test.libhadoop" value=""/>
    <property name="java.version" value="1.8.0_212"/>
    <property name="user.dir" value="/workdir/hadoop-ozone/integration-test"/>
    <property name="os.arch" value="amd64"/>
    <property name="java.vm.specification.name" value="Java Virtual Machine Specification"/>
    <property name="test.build.classes" value="/workdir/hadoop-ozone/integration-test/target/test-classes"/>
    <property name="java.awt.printerjob" value="sun.print.PSPrinterJob"/>
    <property name="sun.os.patch.level" value="unknown"/>
    <property name="hadoop.tmp.dir" value="/workdir/hadoop-ozone/integration-test/target/tmp"/>
    <property name="java.library.path" value="/usr/lib/jvm/java-1.8-openjdk/jre/lib/amd64/server:/usr/lib/jvm/java-1.8-openjdk/jre/lib/amd64:/usr/lib/jvm/java-1.8-openjdk/jre/../lib/amd64:/workdir/hadoop-ozone/integration-test/target/native/target/usr/local/lib:/workdir/hadoop-ozone/integration-test/../../hadoop-common-project/hadoop-common/target/native/target/usr/local/lib:/usr/java/packages/lib/amd64:/usr/lib64:/lib64:/lib:/usr/lib"/>
    <property name="java.vm.info" value="mixed mode"/>
    <property name="java.vendor" value="IcedTea"/>
    <property name="java.vm.version" value="25.212-b04"/>
    <property name="java.ext.dirs" value="/usr/lib/jvm/java-1.8-openjdk/jre/lib/ext:/usr/java/packages/lib/ext"/>
    <property name="sun.io.unicode.encoding" value="UnicodeLittle"/>
    <property name="java.class.version" value="52.0"/>
  </properties>
  <testcase name="testWatchForCommitWithKeyWrite" classname="org.apache.hadoop.ozone.client.rpc.TestWatchForCommit" time="72.427"/>
  <testcase name="testWatchForCommitWithSmallerTimeoutValue" classname="org.apache.hadoop.ozone.client.rpc.TestWatchForCommit" time="43.738"/>
  <testcase name="testWatchForCommitForRetryfailure" classname="org.apache.hadoop.ozone.client.rpc.TestWatchForCommit" time="64.171"/>
  <testcase name="testWatchForCommitForGroupMismatchException" classname="org.apache.hadoop.ozone.client.rpc.TestWatchForCommit" time="26.8">
    <error message="org.apache.ratis.protocol.RaftRetryFailureException: Failed RaftClientRequest:client-A802E8FF483F-&gt;6a91ab85-d51f-4aea-b226-0883daafe048@group-317983708AB2, cid=82, seq=1*, RW, org.apache.hadoop.hdds.scm.XceiverClientRatis$$Lambda$350/497507806@3e3659bf for 20 attempts with RetryLimited(maxAttempts=20, sleepTime=1000ms)" type="java.util.concurrent.ExecutionException">java.util.concurrent.ExecutionException: org.apache.ratis.protocol.RaftRetryFailureException: Failed RaftClientRequest:client-A802E8FF483F->6a91ab85-d51f-4aea-b226-0883daafe048@group-317983708AB2, cid=82, seq=1*, RW, org.apache.hadoop.hdds.scm.XceiverClientRatis$$Lambda$350/497507806@3e3659bf for 20 attempts with RetryLimited(maxAttempts=20, sleepTime=1000ms)
	at java.util.concurrent.CompletableFuture.reportGet(CompletableFuture.java:357)
	at java.util.concurrent.CompletableFuture.get(CompletableFuture.java:1895)
	at org.apache.hadoop.ozone.client.rpc.TestWatchForCommit.testWatchForCommitForGroupMismatchException(TestWatchForCommit.java:432)
	at sun.reflect.NativeMethodAccessorImpl.invoke0(Native Method)
	at sun.reflect.NativeMethodAccessorImpl.invoke(NativeMethodAccessorImpl.java:62)
	at sun.reflect.DelegatingMethodAccessorImpl.invoke(DelegatingMethodAccessorImpl.java:43)
	at java.lang.reflect.Method.invoke(Method.java:498)
	at org.junit.runners.model.FrameworkMethod$1.runReflectiveCall(FrameworkMethod.java:47)
	at org.junit.internal.runners.model.ReflectiveCallable.run(ReflectiveCallable.java:12)
	at org.junit.runners.model.FrameworkMethod.invokeExplosively(FrameworkMethod.java:44)
	at org.junit.internal.runners.statements.InvokeMethod.evaluate(InvokeMethod.java:17)
	at org.junit.runners.ParentRunner.runLeaf(ParentRunner.java:271)
	at org.junit.runners.BlockJUnit4ClassRunner.runChild(BlockJUnit4ClassRunner.java:70)
	at org.junit.runners.BlockJUnit4ClassRunner.runChild(BlockJUnit4ClassRunner.java:50)
	at org.junit.runners.ParentRunner$3.run(ParentRunner.java:238)
	at org.junit.runners.ParentRunner$1.schedule(ParentRunner.java:63)
	at org.junit.runners.ParentRunner.runChildren(ParentRunner.java:236)
	at org.junit.runners.ParentRunner.access$000(ParentRunner.java:53)
	at org.junit.runners.ParentRunner$2.evaluate(ParentRunner.java:229)
	at org.junit.runners.ParentRunner.run(ParentRunner.java:309)
	at org.apache.maven.surefire.junit4.JUnit4Provider.execute(JUnit4Provider.java:365)
	at org.apache.maven.surefire.junit4.JUnit4Provider.executeWithRerun(JUnit4Provider.java:273)
	at org.apache.maven.surefire.junit4.JUnit4Provider.executeTestSet(JUnit4Provider.java:238)
	at org.apache.maven.surefire.junit4.JUnit4Provider.invoke(JUnit4Provider.java:159)
	at org.apache.maven.surefire.booter.ForkedBooter.invokeProviderInSameClassLoader(ForkedBooter.java:384)
	at org.apache.maven.surefire.booter.ForkedBooter.runSuitesInProcess(ForkedBooter.java:345)
	at org.apache.maven.surefire.booter.ForkedBooter.execute(ForkedBooter.java:126)
	at org.apache.maven.surefire.booter.ForkedBooter.main(ForkedBooter.java:418)
Caused by: org.apache.ratis.protocol.RaftRetryFailureException: Failed RaftClientRequest:client-A802E8FF483F->6a91ab85-d51f-4aea-b226-0883daafe048@group-317983708AB2, cid=82, seq=1*, RW, org.apache.hadoop.hdds.scm.XceiverClientRatis$$Lambda$350/497507806@3e3659bf for 20 attempts with RetryLimited(maxAttempts=20, sleepTime=1000ms)
	at org.apache.ratis.client.impl.RaftClientImpl.noMoreRetries(RaftClientImpl.java:272)
	at org.apache.ratis.client.impl.OrderedAsync.handleAsyncRetryFailure(OrderedAsync.java:138)
	at org.apache.ratis.client.impl.OrderedAsync.lambda$sendRequest$10(OrderedAsync.java:230)
	at java.util.concurrent.CompletableFuture.uniExceptionally(CompletableFuture.java:870)
	at java.util.concurrent.CompletableFuture$UniExceptionally.tryFire(CompletableFuture.java:852)
	at java.util.concurrent.CompletableFuture.postComplete(CompletableFuture.java:474)
	at java.util.concurrent.CompletableFuture.completeExceptionally(CompletableFuture.java:1977)
	at org.apache.ratis.grpc.client.GrpcClientProtocolClient$AsyncStreamObservers.completeReplyExceptionally(GrpcClientProtocolClient.java:330)
	at org.apache.ratis.grpc.client.GrpcClientProtocolClient$AsyncStreamObservers.access$000(GrpcClientProtocolClient.java:246)
	at org.apache.ratis.grpc.client.GrpcClientProtocolClient$AsyncStreamObservers$1.onNext(GrpcClientProtocolClient.java:258)
	at org.apache.ratis.grpc.client.GrpcClientProtocolClient$AsyncStreamObservers$1.onNext(GrpcClientProtocolClient.java:249)
	at org.apache.ratis.thirdparty.io.grpc.stub.ClientCalls$StreamObserverToCallListenerAdapter.onMessage(ClientCalls.java:421)
	at org.apache.ratis.thirdparty.io.grpc.ForwardingClientCallListener.onMessage(ForwardingClientCallListener.java:33)
	at org.apache.ratis.thirdparty.io.grpc.ForwardingClientCallListener.onMessage(ForwardingClientCallListener.java:33)
	at org.apache.ratis.thirdparty.io.grpc.internal.ClientCallImpl$ClientStreamListenerImpl$1MessagesAvailable.runInContext(ClientCallImpl.java:519)
	at org.apache.ratis.thirdparty.io.grpc.internal.ContextRunnable.run(ContextRunnable.java:37)
	at org.apache.ratis.thirdparty.io.grpc.internal.SerializingExecutor.run(SerializingExecutor.java:123)
	at java.util.concurrent.ThreadPoolExecutor.runWorker(ThreadPoolExecutor.java:1149)
	at java.util.concurrent.ThreadPoolExecutor$Worker.run(ThreadPoolExecutor.java:624)
	at java.lang.Thread.run(Thread.java:748)
Caused by: org.apache.ratis.protocol.NotLeaderException: Server 6a91ab85-d51f-4aea-b226-0883daafe048 is not the leader (f26df5d6-3520-49aa-a5c8-632992372390:192.168.34.10:33799). Request must be sent to leader.
	at org.apache.ratis.client.impl.ClientProtoUtils.toRaftClientReply(ClientProtoUtils.java:242)
	at org.apache.ratis.grpc.client.GrpcClientProtocolClient$AsyncStreamObservers$1.onNext(GrpcClientProtocolClient.java:254)
	... 10 more
</error>
    <system-out><![CDATA[2019-08-27 17:45:06,217 [main] WARN  server.ServerUtils (ServerUtils.java:getScmDbDir(145)) - ozone.scm.db.dirs is not configured. We recommend adding this setting. Falling back to ozone.metadata.dirs instead.
2019-08-27 17:45:06,242 [main] WARN  server.ServerUtils (ServerUtils.java:getScmDbDir(145)) - ozone.scm.db.dirs is not configured. We recommend adding this setting. Falling back to ozone.metadata.dirs instead.
2019-08-27 17:45:06,243 [main] WARN  server.ServerUtils (ServerUtils.java:getScmDbDir(145)) - ozone.scm.db.dirs is not configured. We recommend adding this setting. Falling back to ozone.metadata.dirs instead.
2019-08-27 17:45:06,243 [main] INFO  db.DBStoreBuilder (DBStoreBuilder.java:addTable(110)) - using custom profile for table: deletedBlocks
2019-08-27 17:45:06,244 [main] INFO  db.DBStoreBuilder (DBStoreBuilder.java:processTables(161)) - Using default column profile:DBProfile.DISK for Table:deletedBlocks
2019-08-27 17:45:06,244 [main] INFO  db.DBStoreBuilder (DBStoreBuilder.java:addTable(110)) - using custom profile for table: validCerts
2019-08-27 17:45:06,244 [main] INFO  db.DBStoreBuilder (DBStoreBuilder.java:processTables(161)) - Using default column profile:DBProfile.DISK for Table:validCerts
2019-08-27 17:45:06,245 [main] INFO  db.DBStoreBuilder (DBStoreBuilder.java:addTable(110)) - using custom profile for table: revokedCerts
2019-08-27 17:45:06,245 [main] INFO  db.DBStoreBuilder (DBStoreBuilder.java:processTables(161)) - Using default column profile:DBProfile.DISK for Table:revokedCerts
2019-08-27 17:45:06,245 [main] INFO  db.DBStoreBuilder (DBStoreBuilder.java:addTable(110)) - using custom profile for table: default
2019-08-27 17:45:06,246 [main] INFO  db.DBStoreBuilder (DBStoreBuilder.java:processTables(167)) - Using default column profile:DBProfile.DISK for Table:default
2019-08-27 17:45:06,246 [main] INFO  db.DBStoreBuilder (DBStoreBuilder.java:getDbProfile(198)) - Using default options. DBProfile.DISK
2019-08-27 17:45:06,408 [main] INFO  net.NodeSchemaLoader (NodeSchemaLoader.java:loadSchemaFromFile(125)) - Loading file from sun.misc.CompoundEnumeration@53335328
2019-08-27 17:45:06,409 [main] INFO  net.NodeSchemaLoader (NodeSchemaLoader.java:loadSchema(171)) - Loading network topology layer schema file
2019-08-27 17:45:06,415 [main] INFO  node.SCMNodeManager (SCMNodeManager.java:<init>(121)) - Entering startup safe mode.
2019-08-27 17:45:06,416 [main] INFO  algorithms.ContainerPlacementPolicyFactory (ContainerPlacementPolicyFactory.java:getPolicy(55)) - Create container placement policy of type org.apache.hadoop.hdds.scm.container.placement.algorithms.SCMContainerPlacementRandom
2019-08-27 17:45:06,416 [main] WARN  server.ServerUtils (ServerUtils.java:getScmDbDir(145)) - ozone.scm.db.dirs is not configured. We recommend adding this setting. Falling back to ozone.metadata.dirs instead.
2019-08-27 17:45:06,466 [main] INFO  pipeline.SCMPipelineManager (SCMPipelineManager.java:initializePipelineState(126)) - No pipeline exists in current db
2019-08-27 17:45:06,466 [main] WARN  server.ServerUtils (ServerUtils.java:getScmDbDir(145)) - ozone.scm.db.dirs is not configured. We recommend adding this setting. Falling back to ozone.metadata.dirs instead.
2019-08-27 17:45:06,511 [main] WARN  events.EventQueue (EventQueue.java:fireEvent(175)) - No event handler registered for event TypedEvent{payloadType=SafeModeStatus, name='SafeModeStatus'}
2019-08-27 17:45:06,512 [main] INFO  ipc.CallQueueManager (CallQueueManager.java:<init>(84)) - Using callQueue: class java.util.concurrent.LinkedBlockingQueue, queueCapacity: 2000, scheduler: class org.apache.hadoop.ipc.DefaultRpcScheduler, ipcBackoff: false.
2019-08-27 17:45:06,513 [Socket Reader #1 for port 42328] INFO  ipc.Server (Server.java:run(1074)) - Starting Socket Reader #1 for port 42328
2019-08-27 17:45:06,516 [main] INFO  ipc.CallQueueManager (CallQueueManager.java:<init>(84)) - Using callQueue: class java.util.concurrent.LinkedBlockingQueue, queueCapacity: 2000, scheduler: class org.apache.hadoop.ipc.DefaultRpcScheduler, ipcBackoff: false.
2019-08-27 17:45:06,516 [Socket Reader #1 for port 37718] INFO  ipc.Server (Server.java:run(1074)) - Starting Socket Reader #1 for port 37718
2019-08-27 17:45:06,518 [main] INFO  ipc.CallQueueManager (CallQueueManager.java:<init>(84)) - Using callQueue: class java.util.concurrent.LinkedBlockingQueue, queueCapacity: 2000, scheduler: class org.apache.hadoop.ipc.DefaultRpcScheduler, ipcBackoff: false.
2019-08-27 17:45:06,519 [Socket Reader #1 for port 37751] INFO  ipc.Server (Server.java:run(1074)) - Starting Socket Reader #1 for port 37751
2019-08-27 17:45:06,522 [main] INFO  hdfs.DFSUtil (DFSUtil.java:httpServerTemplateForNNAndJN(1641)) - Starting Web-server for scm at: http://0.0.0.0:0
2019-08-27 17:45:06,525 [main] INFO  server.AuthenticationFilter (AuthenticationFilter.java:constructSecretProvider(240)) - Unable to initialize FileSignerSecretProvider, falling back to use random secrets.
2019-08-27 17:45:06,526 [main] WARN  http.HttpRequestLog (HttpRequestLog.java:getRequestLog(97)) - Jetty request log can only be enabled using Log4j
2019-08-27 17:45:06,529 [main] INFO  http.HttpServer2 (HttpServer2.java:addGlobalFilter(975)) - Added global filter 'safety' (class=org.apache.hadoop.http.HttpServer2$QuotingInputFilter)
2019-08-27 17:45:06,529 [main] INFO  http.HttpServer2 (HttpServer2.java:addFilter(948)) - Added filter static_user_filter (class=org.apache.hadoop.http.lib.StaticUserWebFilter$StaticUserFilter) to context scm
2019-08-27 17:45:06,530 [main] INFO  http.HttpServer2 (HttpServer2.java:addFilter(958)) - Added filter static_user_filter (class=org.apache.hadoop.http.lib.StaticUserWebFilter$StaticUserFilter) to context logs
2019-08-27 17:45:06,530 [main] INFO  http.HttpServer2 (HttpServer2.java:addFilter(958)) - Added filter static_user_filter (class=org.apache.hadoop.http.lib.StaticUserWebFilter$StaticUserFilter) to context static
2019-08-27 17:45:06,533 [main] INFO  server.StorageContainerManager (StorageContainerManager.java:start(759)) - StorageContainerLocationProtocol RPC server is listening at /0.0.0.0:37751
2019-08-27 17:45:06,536 [main] WARN  impl.MetricsConfig (MetricsConfig.java:loadFirst(134)) - Cannot locate configuration: tried hadoop-metrics2-storagecontainermanager.properties,hadoop-metrics2.properties
2019-08-27 17:45:06,540 [main] INFO  impl.MetricsSystemImpl (MetricsSystemImpl.java:startTimer(374)) - Scheduled Metric snapshot period at 10 second(s).
2019-08-27 17:45:06,540 [main] INFO  impl.MetricsSystemImpl (MetricsSystemImpl.java:start(191)) - StorageContainerManager metrics system started
2019-08-27 17:45:06,653 [main] INFO  server.SCMClientProtocolServer (SCMClientProtocolServer.java:start(151)) - RPC server for Client  is listening at /0.0.0.0:37751
2019-08-27 17:45:06,654 [IPC Server Responder] INFO  ipc.Server (Server.java:run(1314)) - IPC Server Responder: starting
2019-08-27 17:45:06,654 [IPC Server listener on 37751] INFO  ipc.Server (Server.java:run(1153)) - IPC Server listener on 37751: starting
2019-08-27 17:45:06,659 [main] INFO  server.StorageContainerManager (StorageContainerManager.java:start(769)) - ScmBlockLocationProtocol RPC server is listening at /0.0.0.0:37718
2019-08-27 17:45:06,659 [main] INFO  server.SCMBlockProtocolServer (SCMBlockProtocolServer.java:start(140)) - RPC server for Block Protocol is listening at /0.0.0.0:37718
2019-08-27 17:45:06,659 [IPC Server Responder] INFO  ipc.Server (Server.java:run(1314)) - IPC Server Responder: starting
2019-08-27 17:45:06,659 [IPC Server listener on 37718] INFO  ipc.Server (Server.java:run(1153)) - IPC Server listener on 37718: starting
2019-08-27 17:45:06,664 [main] INFO  server.StorageContainerManager (StorageContainerManager.java:start(773)) - ScmDatanodeProtocl RPC server is listening at /0.0.0.0:42328
2019-08-27 17:45:06,664 [main] INFO  server.SCMDatanodeProtocolServer (SCMDatanodeProtocolServer.java:start(191)) - RPC server for DataNodes is listening at /0.0.0.0:42328
2019-08-27 17:45:06,665 [IPC Server Responder] INFO  ipc.Server (Server.java:run(1314)) - IPC Server Responder: starting
2019-08-27 17:45:06,665 [IPC Server listener on 42328] INFO  ipc.Server (Server.java:run(1153)) - IPC Server listener on 42328: starting
2019-08-27 17:45:06,669 [main] INFO  http.HttpServer2 (HttpServer2.java:bindListener(1191)) - Jetty bound to port 41983
2019-08-27 17:45:06,670 [main] INFO  server.Server (Server.java:doStart(351)) - jetty-9.3.24.v20180605, build timestamp: 2018-06-05T17:11:56Z, git hash: 84205aa28f11a4f31f2a3b86d1bba2cc8ab69827
2019-08-27 17:45:06,672 [main] INFO  handler.ContextHandler (ContextHandler.java:doStart(781)) - Started o.e.j.s.ServletContextHandler@21be80f6{/logs,file:///workdir/hadoop-ozone/integration-test/target/log,AVAILABLE}
2019-08-27 17:45:06,673 [main] INFO  handler.ContextHandler (ContextHandler.java:doStart(781)) - Started o.e.j.s.ServletContextHandler@4acdf6e7{/static,file:///workdir/hadoop-ozone/integration-test/target/test-classes/webapps/static,AVAILABLE}
2019-08-27 17:45:06,678 [main] INFO  handler.ContextHandler (ContextHandler.java:doStart(781)) - Started o.e.j.w.WebAppContext@37816ea6{/,file:///workdir/hadoop-ozone/integration-test/target/test-classes/webapps/scm/,AVAILABLE}{/scm}
2019-08-27 17:45:06,678 [main] INFO  server.AbstractConnector (AbstractConnector.java:doStart(278)) - Started ServerConnector@7a74672{HTTP/1.1,[http/1.1]}{0.0.0.0:41983}
2019-08-27 17:45:06,679 [main] INFO  server.Server (Server.java:doStart(419)) - Started @181148ms
2019-08-27 17:45:06,680 [main] INFO  server.BaseHttpServer (BaseHttpServer.java:updateConnectorAddress(213)) - HTTP server of SCM is listening at http://0.0.0.0:41983
2019-08-27 17:45:06,681 [main] WARN  server.ServerUtils (ServerUtils.java:getDBPath(222)) - ozone.om.db.dirs is not configured. We recommend adding this setting. Falling back to ozone.metadata.dirs instead.
2019-08-27 17:45:06,681 [org.apache.hadoop.util.JvmPauseMonitor$Monitor@664083f6] INFO  util.JvmPauseMonitor (JvmPauseMonitor.java:run(188)) - Starting JVM pause monitor
2019-08-27 17:45:06,695 [main] WARN  server.ServerUtils (ServerUtils.java:getDBPath(222)) - ozone.om.db.dirs is not configured. We recommend adding this setting. Falling back to ozone.metadata.dirs instead.
2019-08-27 17:45:06,695 [main] WARN  server.ServerUtils (ServerUtils.java:getDBPath(222)) - ozone.om.db.dirs is not configured. We recommend adding this setting. Falling back to ozone.metadata.dirs instead.
2019-08-27 17:45:06,696 [main] INFO  om.OzoneManager (OzoneManager.java:setOMNodeDetails(645)) - OM Service ID is not set. Setting it to the default ID: omServiceIdDefault
2019-08-27 17:45:06,696 [main] INFO  om.OzoneManager (OzoneManager.java:setOMNodeDetails(651)) - OM Node ID is not set. Setting it to the OmStorage's OmID: 22291952-c100-4c7b-9be2-532fb4b673db
2019-08-27 17:45:06,696 [main] INFO  om.OzoneManager (OzoneManager.java:loadOMHAConfigs(602)) - Found matching OM address with OMServiceId: null, OMNodeId: null, RPC Address: localhost:0 and Ratis port: 9872
2019-08-27 17:45:06,701 | INFO  | SCMAudit | user=jenkins1000 | ip=192.168.34.10 | op=GET_SCM_INFO null | ret=SUCCESS |  
2019-08-27 17:45:06,704 [main] WARN  server.ServerUtils (ServerUtils.java:getDBPath(222)) - ozone.om.db.dirs is not configured. We recommend adding this setting. Falling back to ozone.metadata.dirs instead.
2019-08-27 17:45:06,704 [main] INFO  db.DBStoreBuilder (DBStoreBuilder.java:addTable(110)) - using custom profile for table: userTable
2019-08-27 17:45:06,704 [main] INFO  db.DBStoreBuilder (DBStoreBuilder.java:processTables(161)) - Using default column profile:DBProfile.DISK for Table:userTable
2019-08-27 17:45:06,705 [main] INFO  db.DBStoreBuilder (DBStoreBuilder.java:addTable(110)) - using custom profile for table: volumeTable
2019-08-27 17:45:06,705 [main] INFO  db.DBStoreBuilder (DBStoreBuilder.java:processTables(161)) - Using default column profile:DBProfile.DISK for Table:volumeTable
2019-08-27 17:45:06,705 [main] INFO  db.DBStoreBuilder (DBStoreBuilder.java:addTable(110)) - using custom profile for table: bucketTable
2019-08-27 17:45:06,705 [main] INFO  db.DBStoreBuilder (DBStoreBuilder.java:processTables(161)) - Using default column profile:DBProfile.DISK for Table:bucketTable
2019-08-27 17:45:06,705 [main] INFO  db.DBStoreBuilder (DBStoreBuilder.java:addTable(110)) - using custom profile for table: keyTable
2019-08-27 17:45:06,706 [main] INFO  db.DBStoreBuilder (DBStoreBuilder.java:processTables(161)) - Using default column profile:DBProfile.DISK for Table:keyTable
2019-08-27 17:45:06,706 [main] INFO  db.DBStoreBuilder (DBStoreBuilder.java:addTable(110)) - using custom profile for table: deletedTable
2019-08-27 17:45:06,706 [main] INFO  db.DBStoreBuilder (DBStoreBuilder.java:processTables(161)) - Using default column profile:DBProfile.DISK for Table:deletedTable
2019-08-27 17:45:06,706 [main] INFO  db.DBStoreBuilder (DBStoreBuilder.java:addTable(110)) - using custom profile for table: openKeyTable
2019-08-27 17:45:06,706 [main] INFO  db.DBStoreBuilder (DBStoreBuilder.java:processTables(161)) - Using default column profile:DBProfile.DISK for Table:openKeyTable
2019-08-27 17:45:06,706 [main] INFO  db.DBStoreBuilder (DBStoreBuilder.java:addTable(110)) - using custom profile for table: s3Table
2019-08-27 17:45:06,707 [main] INFO  db.DBStoreBuilder (DBStoreBuilder.java:processTables(161)) - Using default column profile:DBProfile.DISK for Table:s3Table
2019-08-27 17:45:06,707 [main] INFO  db.DBStoreBuilder (DBStoreBuilder.java:addTable(110)) - using custom profile for table: multipartInfoTable
2019-08-27 17:45:06,707 [main] INFO  db.DBStoreBuilder (DBStoreBuilder.java:processTables(161)) - Using default column profile:DBProfile.DISK for Table:multipartInfoTable
2019-08-27 17:45:06,707 [main] INFO  db.DBStoreBuilder (DBStoreBuilder.java:addTable(110)) - using custom profile for table: dTokenTable
2019-08-27 17:45:06,707 [main] INFO  db.DBStoreBuilder (DBStoreBuilder.java:processTables(161)) - Using default column profile:DBProfile.DISK for Table:dTokenTable
2019-08-27 17:45:06,707 [main] INFO  db.DBStoreBuilder (DBStoreBuilder.java:addTable(110)) - using custom profile for table: s3SecretTable
2019-08-27 17:45:06,708 [main] INFO  db.DBStoreBuilder (DBStoreBuilder.java:processTables(161)) - Using default column profile:DBProfile.DISK for Table:s3SecretTable
2019-08-27 17:45:06,708 [main] INFO  db.DBStoreBuilder (DBStoreBuilder.java:addTable(110)) - using custom profile for table: prefixTable
2019-08-27 17:45:06,708 [main] INFO  db.DBStoreBuilder (DBStoreBuilder.java:processTables(161)) - Using default column profile:DBProfile.DISK for Table:prefixTable
2019-08-27 17:45:06,708 [main] INFO  db.DBStoreBuilder (DBStoreBuilder.java:addTable(110)) - using custom profile for table: default
2019-08-27 17:45:06,708 [main] INFO  db.DBStoreBuilder (DBStoreBuilder.java:processTables(167)) - Using default column profile:DBProfile.DISK for Table:default
2019-08-27 17:45:06,708 [main] INFO  db.DBStoreBuilder (DBStoreBuilder.java:getDbProfile(198)) - Using default options. DBProfile.DISK
2019-08-27 17:45:07,196 [main] INFO  ipc.CallQueueManager (CallQueueManager.java:<init>(84)) - Using callQueue: class java.util.concurrent.LinkedBlockingQueue, queueCapacity: 2000, scheduler: class org.apache.hadoop.ipc.DefaultRpcScheduler, ipcBackoff: false.
2019-08-27 17:45:07,198 [Socket Reader #1 for port 41080] INFO  ipc.Server (Server.java:run(1074)) - Starting Socket Reader #1 for port 41080
2019-08-27 17:45:07,217 [main] INFO  om.OzoneManager (OzoneManager.java:start(1256)) - OzoneManager RPC server is listening at localhost/127.0.0.1:41080
2019-08-27 17:45:07,217 [main] INFO  impl.MetricsSystemImpl (MetricsSystemImpl.java:init(158)) - OzoneManager metrics system started (again)
2019-08-27 17:45:07,218 [IPC Server Responder] INFO  ipc.Server (Server.java:run(1314)) - IPC Server Responder: starting
2019-08-27 17:45:07,218 [IPC Server listener on 41080] INFO  ipc.Server (Server.java:run(1153)) - IPC Server listener on 41080: starting
2019-08-27 17:45:07,224 [main] INFO  hdfs.DFSUtil (DFSUtil.java:httpServerTemplateForNNAndJN(1641)) - Starting Web-server for ozoneManager at: http://0.0.0.0:0
2019-08-27 17:45:07,226 [main] INFO  server.AuthenticationFilter (AuthenticationFilter.java:constructSecretProvider(240)) - Unable to initialize FileSignerSecretProvider, falling back to use random secrets.
2019-08-27 17:45:07,226 [main] WARN  http.HttpRequestLog (HttpRequestLog.java:getRequestLog(97)) - Jetty request log can only be enabled using Log4j
2019-08-27 17:45:07,229 [main] INFO  http.HttpServer2 (HttpServer2.java:addGlobalFilter(975)) - Added global filter 'safety' (class=org.apache.hadoop.http.HttpServer2$QuotingInputFilter)
2019-08-27 17:45:07,230 [main] INFO  http.HttpServer2 (HttpServer2.java:addFilter(948)) - Added filter static_user_filter (class=org.apache.hadoop.http.lib.StaticUserWebFilter$StaticUserFilter) to context ozoneManager
2019-08-27 17:45:07,230 [main] INFO  http.HttpServer2 (HttpServer2.java:addFilter(958)) - Added filter static_user_filter (class=org.apache.hadoop.http.lib.StaticUserWebFilter$StaticUserFilter) to context static
2019-08-27 17:45:07,230 [main] INFO  http.HttpServer2 (HttpServer2.java:addFilter(958)) - Added filter static_user_filter (class=org.apache.hadoop.http.lib.StaticUserWebFilter$StaticUserFilter) to context logs
2019-08-27 17:45:07,231 [main] INFO  http.HttpServer2 (HttpServer2.java:bindListener(1191)) - Jetty bound to port 44387
2019-08-27 17:45:07,231 [main] INFO  server.Server (Server.java:doStart(351)) - jetty-9.3.24.v20180605, build timestamp: 2018-06-05T17:11:56Z, git hash: 84205aa28f11a4f31f2a3b86d1bba2cc8ab69827
2019-08-27 17:45:07,233 [main] INFO  handler.ContextHandler (ContextHandler.java:doStart(781)) - Started o.e.j.s.ServletContextHandler@227fc322{/logs,file:///workdir/hadoop-ozone/integration-test/target/log,AVAILABLE}
2019-08-27 17:45:07,234 [main] INFO  handler.ContextHandler (ContextHandler.java:doStart(781)) - Started o.e.j.s.ServletContextHandler@4687c184{/static,file:///workdir/hadoop-ozone/integration-test/target/test-classes/webapps/static,AVAILABLE}
2019-08-27 17:45:07,238 [main] INFO  handler.ContextHandler (ContextHandler.java:doStart(781)) - Started o.e.j.w.WebAppContext@135a8808{/,file:///workdir/hadoop-ozone/integration-test/target/test-classes/webapps/ozoneManager/,AVAILABLE}{/ozoneManager}
2019-08-27 17:45:07,239 [main] INFO  server.AbstractConnector (AbstractConnector.java:doStart(278)) - Started ServerConnector@57abe94d{HTTP/1.1,[http/1.1]}{0.0.0.0:44387}
2019-08-27 17:45:07,240 [main] INFO  server.Server (Server.java:doStart(419)) - Started @181709ms
2019-08-27 17:45:07,241 [main] INFO  server.BaseHttpServer (BaseHttpServer.java:updateConnectorAddress(213)) - HTTP server of OZONEMANAGER is listening at http://0.0.0.0:44387
2019-08-27 17:45:07,258 [main] INFO  impl.MetricsSystemImpl (MetricsSystemImpl.java:init(158)) - HddsDatanode metrics system started (again)
2019-08-27 17:45:07,260 [main] INFO  ozone.HddsDatanodeService (HddsDatanodeService.java:start(184)) - HddsDatanodeService host:pr-hdds-2042-56j6g-243734211 ip:192.168.34.10
2019-08-27 17:45:07,268 [main] INFO  volume.HddsVolume (HddsVolume.java:<init>(176)) - Creating Volume: /workdir/hadoop-ozone/integration-test/target/test-dir/MiniOzoneClusterImpl-14d59322-d55d-44ab-8010-b6fe6443f38f/datanode-0/data/containers/hdds of  storage type : DISK and capacity : 1482555576320
2019-08-27 17:45:07,269 [main] INFO  volume.VolumeSet (VolumeSet.java:initializeVolumeSet(170)) - Added Volume : /workdir/hadoop-ozone/integration-test/target/test-dir/MiniOzoneClusterImpl-14d59322-d55d-44ab-8010-b6fe6443f38f/datanode-0/data/containers/hdds to VolumeSet
2019-08-27 17:45:07,269 [main] INFO  volume.ThrottledAsyncChecker (ThrottledAsyncChecker.java:schedule(140)) - Scheduling a check for org.apache.hadoop.ozone.container.common.volume.HddsVolume@1977b0df
2019-08-27 17:45:07,269 [main] INFO  volume.HddsVolumeChecker (HddsVolumeChecker.java:checkAllVolumes(203)) - Scheduled health check for volume org.apache.hadoop.ozone.container.common.volume.HddsVolume@1977b0df
2019-08-27 17:45:07,285 [main] INFO  impl.RaftServerProxy (ConfUtils.java:logGet(43)) - raft.rpc.type = GRPC (default)
2019-08-27 17:45:07,285 [main] INFO  grpc.GrpcFactory (GrpcFactory.java:checkPooledByteBufAllocatorUseCacheForAllThreads(45)) - PERFORMANCE WARNING: useCacheForAllThreads is true that may cause Netty to create a lot garbage objects and, as a result, trigger GC.
	It is recommended to disable useCacheForAllThreads by setting -Dorg.apache.ratis.thirdparty.io.netty.allocator.useCacheForAllThreads=false in command line.
2019-08-27 17:45:07,285 [main] INFO  grpc.GrpcConfigKeys$Server (ConfUtils.java:logGet(43)) - raft.grpc.server.port = 0 (default)
2019-08-27 17:45:07,285 [main] INFO  server.GrpcService (ConfUtils.java:logGet(43)) - raft.grpc.message.size.max = 33570816 (custom)
2019-08-27 17:45:07,286 [main] INFO  server.RaftServerConfigKeys (ConfUtils.java:logGet(43)) - raft.server.log.appender.buffer.byte-limit = 33554432 (custom)
2019-08-27 17:45:07,286 [main] INFO  server.GrpcService (ConfUtils.java:logGet(43)) - raft.grpc.flow.control.window = 1MB (=1048576) (default)
2019-08-27 17:45:07,286 [main] INFO  server.RaftServerConfigKeys (ConfUtils.java:logGet(43)) - raft.server.rpc.request.timeout = 3000ms (default)
2019-08-27 17:45:07,287 [main] INFO  server.RaftServerConfigKeys (ConfUtils.java:logGet(43)) - raft.server.storage.dir = [/workdir/hadoop-ozone/integration-test/target/test-dir/MiniOzoneClusterImpl-14d59322-d55d-44ab-8010-b6fe6443f38f/datanode-0/data/ratis] (custom)
2019-08-27 17:45:07,287 [main] INFO  replication.SimpleContainerDownloader (SimpleContainerDownloader.java:<init>(72)) - Starting container downloader service to copy containers to replicate.
2019-08-27 17:45:07,288 [main] INFO  hdfs.DFSUtil (DFSUtil.java:httpServerTemplateForNNAndJN(1641)) - Starting Web-server for hddsDatanode at: http://0.0.0.0:0
2019-08-27 17:45:07,290 [main] INFO  server.AuthenticationFilter (AuthenticationFilter.java:constructSecretProvider(240)) - Unable to initialize FileSignerSecretProvider, falling back to use random secrets.
2019-08-27 17:45:07,290 [main] WARN  http.HttpRequestLog (HttpRequestLog.java:getRequestLog(97)) - Jetty request log can only be enabled using Log4j
2019-08-27 17:45:07,291 [main] INFO  http.HttpServer2 (HttpServer2.java:addGlobalFilter(975)) - Added global filter 'safety' (class=org.apache.hadoop.http.HttpServer2$QuotingInputFilter)
2019-08-27 17:45:07,292 [main] INFO  http.HttpServer2 (HttpServer2.java:addFilter(948)) - Added filter static_user_filter (class=org.apache.hadoop.http.lib.StaticUserWebFilter$StaticUserFilter) to context hddsDatanode
2019-08-27 17:45:07,292 [main] INFO  http.HttpServer2 (HttpServer2.java:addFilter(958)) - Added filter static_user_filter (class=org.apache.hadoop.http.lib.StaticUserWebFilter$StaticUserFilter) to context static
2019-08-27 17:45:07,292 [main] INFO  http.HttpServer2 (HttpServer2.java:addFilter(958)) - Added filter static_user_filter (class=org.apache.hadoop.http.lib.StaticUserWebFilter$StaticUserFilter) to context logs
2019-08-27 17:45:07,293 [main] INFO  http.HttpServer2 (HttpServer2.java:bindListener(1191)) - Jetty bound to port 35321
2019-08-27 17:45:07,293 [main] INFO  server.Server (Server.java:doStart(351)) - jetty-9.3.24.v20180605, build timestamp: 2018-06-05T17:11:56Z, git hash: 84205aa28f11a4f31f2a3b86d1bba2cc8ab69827
2019-08-27 17:45:07,295 [main] INFO  handler.ContextHandler (ContextHandler.java:doStart(781)) - Started o.e.j.s.ServletContextHandler@28d97205{/logs,file:///workdir/hadoop-ozone/integration-test/target/log,AVAILABLE}
2019-08-27 17:45:07,295 [main] INFO  handler.ContextHandler (ContextHandler.java:doStart(781)) - Started o.e.j.s.ServletContextHandler@367fbb28{/static,jar:file:/home/user/.m2/repository/org/apache/hadoop/hadoop-hdds-container-service/0.5.0-SNAPSHOT/hadoop-hdds-container-service-0.5.0-SNAPSHOT.jar!/webapps/static,AVAILABLE}
2019-08-27 17:45:07,324 [main] INFO  handler.ContextHandler (ContextHandler.java:doStart(781)) - Started o.e.j.w.WebAppContext@4d142b53{/,file:///tmp/jetty-0.0.0.0-35321-hddsDatanode-_-any-8458952233341645645.dir/webapp/,AVAILABLE}{/hddsDatanode}
2019-08-27 17:45:07,324 [main] INFO  server.AbstractConnector (AbstractConnector.java:doStart(278)) - Started ServerConnector@3bac86a3{HTTP/1.1,[http/1.1]}{0.0.0.0:35321}
2019-08-27 17:45:07,326 [main] INFO  server.Server (Server.java:doStart(419)) - Started @181794ms
2019-08-27 17:45:07,326 [main] INFO  server.BaseHttpServer (BaseHttpServer.java:updateConnectorAddress(213)) - HTTP server of HDDSDATANODE is listening at http://0.0.0.0:35321
2019-08-27 17:45:07,452 | INFO  | ObjectStoreRestHttpServer | Listening HDDS REST traffic on /0.0.0.0:41292 |  
2019-08-27 17:45:07,453 [main] INFO  ozone.HddsDatanodeService (HddsDatanodeService.java:startPlugins(395)) - Started plug-in org.apache.hadoop.ozone.web.OzoneHddsDatanodeService@7fb46c10
2019-08-27 17:45:07,453 [main] INFO  impl.MetricsSystemImpl (MetricsSystemImpl.java:init(158)) - HddsDatanode metrics system started (again)
2019-08-27 17:45:07,455 [main] INFO  ozone.HddsDatanodeService (HddsDatanodeService.java:start(184)) - HddsDatanodeService host:pr-hdds-2042-56j6g-243734211 ip:192.168.34.10
2019-08-27 17:45:07,455 [org.apache.hadoop.util.JvmPauseMonitor$Monitor@7d5cc2c7] INFO  util.JvmPauseMonitor (JvmPauseMonitor.java:run(188)) - Starting JVM pause monitor
2019-08-27 17:45:07,458 [Datanode State Machine Thread - 0] INFO  datanode.InitDatanodeState (InitDatanodeState.java:persistContainerDatanodeDetails(140)) - DatanodeDetails is persisted to /workdir/hadoop-ozone/integration-test/target/test-dir/MiniOzoneClusterImpl-14d59322-d55d-44ab-8010-b6fe6443f38f/datanode-0/meta/datanode.id
2019-08-27 17:45:07,463 [main] INFO  volume.HddsVolume (HddsVolume.java:<init>(176)) - Creating Volume: /workdir/hadoop-ozone/integration-test/target/test-dir/MiniOzoneClusterImpl-14d59322-d55d-44ab-8010-b6fe6443f38f/datanode-1/data/containers/hdds of  storage type : DISK and capacity : 1482555576320
2019-08-27 17:45:07,463 [main] INFO  volume.VolumeSet (VolumeSet.java:initializeVolumeSet(170)) - Added Volume : /workdir/hadoop-ozone/integration-test/target/test-dir/MiniOzoneClusterImpl-14d59322-d55d-44ab-8010-b6fe6443f38f/datanode-1/data/containers/hdds to VolumeSet
2019-08-27 17:45:07,464 [main] INFO  volume.ThrottledAsyncChecker (ThrottledAsyncChecker.java:schedule(140)) - Scheduling a check for org.apache.hadoop.ozone.container.common.volume.HddsVolume@13087c75
2019-08-27 17:45:07,464 [main] INFO  volume.HddsVolumeChecker (HddsVolumeChecker.java:checkAllVolumes(203)) - Scheduled health check for volume org.apache.hadoop.ozone.container.common.volume.HddsVolume@13087c75
2019-08-27 17:45:07,478 [main] INFO  impl.RaftServerProxy (ConfUtils.java:logGet(43)) - raft.rpc.type = GRPC (default)
2019-08-27 17:45:07,478 [main] INFO  grpc.GrpcFactory (GrpcFactory.java:checkPooledByteBufAllocatorUseCacheForAllThreads(45)) - PERFORMANCE WARNING: useCacheForAllThreads is true that may cause Netty to create a lot garbage objects and, as a result, trigger GC.
	It is recommended to disable useCacheForAllThreads by setting -Dorg.apache.ratis.thirdparty.io.netty.allocator.useCacheForAllThreads=false in command line.
2019-08-27 17:45:07,478 [main] INFO  grpc.GrpcConfigKeys$Server (ConfUtils.java:logGet(43)) - raft.grpc.server.port = 0 (default)
2019-08-27 17:45:07,478 [main] INFO  server.GrpcService (ConfUtils.java:logGet(43)) - raft.grpc.message.size.max = 33570816 (custom)
2019-08-27 17:45:07,478 [main] INFO  server.RaftServerConfigKeys (ConfUtils.java:logGet(43)) - raft.server.log.appender.buffer.byte-limit = 33554432 (custom)
2019-08-27 17:45:07,479 [main] INFO  server.GrpcService (ConfUtils.java:logGet(43)) - raft.grpc.flow.control.window = 1MB (=1048576) (default)
2019-08-27 17:45:07,479 [main] INFO  server.RaftServerConfigKeys (ConfUtils.java:logGet(43)) - raft.server.rpc.request.timeout = 3000ms (default)
2019-08-27 17:45:07,479 [main] INFO  server.RaftServerConfigKeys (ConfUtils.java:logGet(43)) - raft.server.storage.dir = [/workdir/hadoop-ozone/integration-test/target/test-dir/MiniOzoneClusterImpl-14d59322-d55d-44ab-8010-b6fe6443f38f/datanode-1/data/ratis] (custom)
2019-08-27 17:45:07,480 [main] INFO  replication.SimpleContainerDownloader (SimpleContainerDownloader.java:<init>(72)) - Starting container downloader service to copy containers to replicate.
2019-08-27 17:45:07,481 [main] INFO  hdfs.DFSUtil (DFSUtil.java:httpServerTemplateForNNAndJN(1641)) - Starting Web-server for hddsDatanode at: http://0.0.0.0:0
2019-08-27 17:45:07,482 [main] INFO  server.AuthenticationFilter (AuthenticationFilter.java:constructSecretProvider(240)) - Unable to initialize FileSignerSecretProvider, falling back to use random secrets.
2019-08-27 17:45:07,482 [main] WARN  http.HttpRequestLog (HttpRequestLog.java:getRequestLog(97)) - Jetty request log can only be enabled using Log4j
2019-08-27 17:45:07,483 [main] INFO  http.HttpServer2 (HttpServer2.java:addGlobalFilter(975)) - Added global filter 'safety' (class=org.apache.hadoop.http.HttpServer2$QuotingInputFilter)
2019-08-27 17:45:07,484 [main] INFO  http.HttpServer2 (HttpServer2.java:addFilter(948)) - Added filter static_user_filter (class=org.apache.hadoop.http.lib.StaticUserWebFilter$StaticUserFilter) to context hddsDatanode
2019-08-27 17:45:07,484 [main] INFO  http.HttpServer2 (HttpServer2.java:addFilter(958)) - Added filter static_user_filter (class=org.apache.hadoop.http.lib.StaticUserWebFilter$StaticUserFilter) to context logs
2019-08-27 17:45:07,484 [main] INFO  http.HttpServer2 (HttpServer2.java:addFilter(958)) - Added filter static_user_filter (class=org.apache.hadoop.http.lib.StaticUserWebFilter$StaticUserFilter) to context static
2019-08-27 17:45:07,485 [main] INFO  http.HttpServer2 (HttpServer2.java:bindListener(1191)) - Jetty bound to port 34028
2019-08-27 17:45:07,485 [main] INFO  server.Server (Server.java:doStart(351)) - jetty-9.3.24.v20180605, build timestamp: 2018-06-05T17:11:56Z, git hash: 84205aa28f11a4f31f2a3b86d1bba2cc8ab69827
2019-08-27 17:45:07,487 [main] INFO  handler.ContextHandler (ContextHandler.java:doStart(781)) - Started o.e.j.s.ServletContextHandler@ec70725{/logs,file:///workdir/hadoop-ozone/integration-test/target/log,AVAILABLE}
2019-08-27 17:45:07,487 [main] INFO  handler.ContextHandler (ContextHandler.java:doStart(781)) - Started o.e.j.s.ServletContextHandler@15f229e8{/static,jar:file:/home/user/.m2/repository/org/apache/hadoop/hadoop-hdds-container-service/0.5.0-SNAPSHOT/hadoop-hdds-container-service-0.5.0-SNAPSHOT.jar!/webapps/static,AVAILABLE}
2019-08-27 17:45:07,514 [main] INFO  handler.ContextHandler (ContextHandler.java:doStart(781)) - Started o.e.j.w.WebAppContext@4adc3951{/,file:///tmp/jetty-0.0.0.0-34028-hddsDatanode-_-any-8179948898822473485.dir/webapp/,AVAILABLE}{/hddsDatanode}
2019-08-27 17:45:07,514 [main] INFO  server.AbstractConnector (AbstractConnector.java:doStart(278)) - Started ServerConnector@52b49891{HTTP/1.1,[http/1.1]}{0.0.0.0:34028}
2019-08-27 17:45:07,515 [main] INFO  server.Server (Server.java:doStart(419)) - Started @181984ms
2019-08-27 17:45:07,516 [main] INFO  server.BaseHttpServer (BaseHttpServer.java:updateConnectorAddress(213)) - HTTP server of HDDSDATANODE is listening at http://0.0.0.0:34028
2019-08-27 17:45:07,634 | INFO  | ObjectStoreRestHttpServer | Listening HDDS REST traffic on /0.0.0.0:40040 |  
2019-08-27 17:45:07,635 [main] INFO  ozone.HddsDatanodeService (HddsDatanodeService.java:startPlugins(395)) - Started plug-in org.apache.hadoop.ozone.web.OzoneHddsDatanodeService@7b44e98e
2019-08-27 17:45:07,635 [main] INFO  impl.MetricsSystemImpl (MetricsSystemImpl.java:init(158)) - HddsDatanode metrics system started (again)
2019-08-27 17:45:07,638 [org.apache.hadoop.util.JvmPauseMonitor$Monitor@16ecda78] INFO  util.JvmPauseMonitor (JvmPauseMonitor.java:run(188)) - Starting JVM pause monitor
2019-08-27 17:45:07,638 [main] INFO  ozone.HddsDatanodeService (HddsDatanodeService.java:start(184)) - HddsDatanodeService host:pr-hdds-2042-56j6g-243734211 ip:192.168.34.10
2019-08-27 17:45:07,639 [Datanode State Machine Thread - 0] INFO  datanode.InitDatanodeState (InitDatanodeState.java:persistContainerDatanodeDetails(140)) - DatanodeDetails is persisted to /workdir/hadoop-ozone/integration-test/target/test-dir/MiniOzoneClusterImpl-14d59322-d55d-44ab-8010-b6fe6443f38f/datanode-1/meta/datanode.id
2019-08-27 17:45:07,647 [main] INFO  volume.HddsVolume (HddsVolume.java:<init>(176)) - Creating Volume: /workdir/hadoop-ozone/integration-test/target/test-dir/MiniOzoneClusterImpl-14d59322-d55d-44ab-8010-b6fe6443f38f/datanode-2/data/containers/hdds of  storage type : DISK and capacity : 1482555576320
2019-08-27 17:45:07,648 [main] INFO  volume.VolumeSet (VolumeSet.java:initializeVolumeSet(170)) - Added Volume : /workdir/hadoop-ozone/integration-test/target/test-dir/MiniOzoneClusterImpl-14d59322-d55d-44ab-8010-b6fe6443f38f/datanode-2/data/containers/hdds to VolumeSet
2019-08-27 17:45:07,648 [main] INFO  volume.ThrottledAsyncChecker (ThrottledAsyncChecker.java:schedule(140)) - Scheduling a check for org.apache.hadoop.ozone.container.common.volume.HddsVolume@504b4a97
2019-08-27 17:45:07,648 [main] INFO  volume.HddsVolumeChecker (HddsVolumeChecker.java:checkAllVolumes(203)) - Scheduled health check for volume org.apache.hadoop.ozone.container.common.volume.HddsVolume@504b4a97
2019-08-27 17:45:07,663 [main] INFO  impl.RaftServerProxy (ConfUtils.java:logGet(43)) - raft.rpc.type = GRPC (default)
2019-08-27 17:45:07,663 [main] INFO  grpc.GrpcFactory (GrpcFactory.java:checkPooledByteBufAllocatorUseCacheForAllThreads(45)) - PERFORMANCE WARNING: useCacheForAllThreads is true that may cause Netty to create a lot garbage objects and, as a result, trigger GC.
	It is recommended to disable useCacheForAllThreads by setting -Dorg.apache.ratis.thirdparty.io.netty.allocator.useCacheForAllThreads=false in command line.
2019-08-27 17:45:07,663 [main] INFO  grpc.GrpcConfigKeys$Server (ConfUtils.java:logGet(43)) - raft.grpc.server.port = 0 (default)
2019-08-27 17:45:07,663 [main] INFO  server.GrpcService (ConfUtils.java:logGet(43)) - raft.grpc.message.size.max = 33570816 (custom)
2019-08-27 17:45:07,663 [main] INFO  server.RaftServerConfigKeys (ConfUtils.java:logGet(43)) - raft.server.log.appender.buffer.byte-limit = 33554432 (custom)
2019-08-27 17:45:07,664 [main] INFO  server.GrpcService (ConfUtils.java:logGet(43)) - raft.grpc.flow.control.window = 1MB (=1048576) (default)
2019-08-27 17:45:07,664 [main] INFO  server.RaftServerConfigKeys (ConfUtils.java:logGet(43)) - raft.server.rpc.request.timeout = 3000ms (default)
2019-08-27 17:45:07,664 [main] INFO  server.RaftServerConfigKeys (ConfUtils.java:logGet(43)) - raft.server.storage.dir = [/workdir/hadoop-ozone/integration-test/target/test-dir/MiniOzoneClusterImpl-14d59322-d55d-44ab-8010-b6fe6443f38f/datanode-2/data/ratis] (custom)
2019-08-27 17:45:07,665 [main] INFO  replication.SimpleContainerDownloader (SimpleContainerDownloader.java:<init>(72)) - Starting container downloader service to copy containers to replicate.
2019-08-27 17:45:07,666 [main] INFO  hdfs.DFSUtil (DFSUtil.java:httpServerTemplateForNNAndJN(1641)) - Starting Web-server for hddsDatanode at: http://0.0.0.0:0
2019-08-27 17:45:07,667 [main] INFO  server.AuthenticationFilter (AuthenticationFilter.java:constructSecretProvider(240)) - Unable to initialize FileSignerSecretProvider, falling back to use random secrets.
2019-08-27 17:45:07,667 [main] WARN  http.HttpRequestLog (HttpRequestLog.java:getRequestLog(97)) - Jetty request log can only be enabled using Log4j
2019-08-27 17:45:07,669 [main] INFO  http.HttpServer2 (HttpServer2.java:addGlobalFilter(975)) - Added global filter 'safety' (class=org.apache.hadoop.http.HttpServer2$QuotingInputFilter)
2019-08-27 17:45:07,669 [main] INFO  http.HttpServer2 (HttpServer2.java:addFilter(948)) - Added filter static_user_filter (class=org.apache.hadoop.http.lib.StaticUserWebFilter$StaticUserFilter) to context hddsDatanode
2019-08-27 17:45:07,669 [main] INFO  http.HttpServer2 (HttpServer2.java:addFilter(958)) - Added filter static_user_filter (class=org.apache.hadoop.http.lib.StaticUserWebFilter$StaticUserFilter) to context static
2019-08-27 17:45:07,669 [main] INFO  http.HttpServer2 (HttpServer2.java:addFilter(958)) - Added filter static_user_filter (class=org.apache.hadoop.http.lib.StaticUserWebFilter$StaticUserFilter) to context logs
2019-08-27 17:45:07,670 [main] INFO  http.HttpServer2 (HttpServer2.java:bindListener(1191)) - Jetty bound to port 42973
2019-08-27 17:45:07,670 [main] INFO  server.Server (Server.java:doStart(351)) - jetty-9.3.24.v20180605, build timestamp: 2018-06-05T17:11:56Z, git hash: 84205aa28f11a4f31f2a3b86d1bba2cc8ab69827
2019-08-27 17:45:07,672 [main] INFO  handler.ContextHandler (ContextHandler.java:doStart(781)) - Started o.e.j.s.ServletContextHandler@7d49fe37{/logs,file:///workdir/hadoop-ozone/integration-test/target/log,AVAILABLE}
2019-08-27 17:45:07,672 [main] INFO  handler.ContextHandler (ContextHandler.java:doStart(781)) - Started o.e.j.s.ServletContextHandler@231c521e{/static,jar:file:/home/user/.m2/repository/org/apache/hadoop/hadoop-hdds-container-service/0.5.0-SNAPSHOT/hadoop-hdds-container-service-0.5.0-SNAPSHOT.jar!/webapps/static,AVAILABLE}
2019-08-27 17:45:07,699 [main] INFO  handler.ContextHandler (ContextHandler.java:doStart(781)) - Started o.e.j.w.WebAppContext@69d2c460{/,file:///tmp/jetty-0.0.0.0-42973-hddsDatanode-_-any-884659143715381175.dir/webapp/,AVAILABLE}{/hddsDatanode}
2019-08-27 17:45:07,699 [main] INFO  server.AbstractConnector (AbstractConnector.java:doStart(278)) - Started ServerConnector@34a99d8{HTTP/1.1,[http/1.1]}{0.0.0.0:42973}
2019-08-27 17:45:07,700 [main] INFO  server.Server (Server.java:doStart(419)) - Started @182169ms
2019-08-27 17:45:07,701 [main] INFO  server.BaseHttpServer (BaseHttpServer.java:updateConnectorAddress(213)) - HTTP server of HDDSDATANODE is listening at http://0.0.0.0:42973
2019-08-27 17:45:07,826 | INFO  | ObjectStoreRestHttpServer | Listening HDDS REST traffic on /0.0.0.0:35857 |  
2019-08-27 17:45:07,826 [main] INFO  ozone.HddsDatanodeService (HddsDatanodeService.java:startPlugins(395)) - Started plug-in org.apache.hadoop.ozone.web.OzoneHddsDatanodeService@4a45ff31
2019-08-27 17:45:07,826 [main] INFO  impl.MetricsSystemImpl (MetricsSystemImpl.java:init(158)) - HddsDatanode metrics system started (again)
2019-08-27 17:45:07,829 [main] INFO  ozone.HddsDatanodeService (HddsDatanodeService.java:start(184)) - HddsDatanodeService host:pr-hdds-2042-56j6g-243734211 ip:192.168.34.10
2019-08-27 17:45:07,829 [org.apache.hadoop.util.JvmPauseMonitor$Monitor@7199ffd4] INFO  util.JvmPauseMonitor (JvmPauseMonitor.java:run(188)) - Starting JVM pause monitor
2019-08-27 17:45:07,830 [Datanode State Machine Thread - 0] INFO  datanode.InitDatanodeState (InitDatanodeState.java:persistContainerDatanodeDetails(140)) - DatanodeDetails is persisted to /workdir/hadoop-ozone/integration-test/target/test-dir/MiniOzoneClusterImpl-14d59322-d55d-44ab-8010-b6fe6443f38f/datanode-2/meta/datanode.id
2019-08-27 17:45:07,838 [main] INFO  volume.HddsVolume (HddsVolume.java:<init>(176)) - Creating Volume: /workdir/hadoop-ozone/integration-test/target/test-dir/MiniOzoneClusterImpl-14d59322-d55d-44ab-8010-b6fe6443f38f/datanode-3/data/containers/hdds of  storage type : DISK and capacity : 1482555576320
2019-08-27 17:45:07,839 [main] INFO  volume.VolumeSet (VolumeSet.java:initializeVolumeSet(170)) - Added Volume : /workdir/hadoop-ozone/integration-test/target/test-dir/MiniOzoneClusterImpl-14d59322-d55d-44ab-8010-b6fe6443f38f/datanode-3/data/containers/hdds to VolumeSet
2019-08-27 17:45:07,839 [main] INFO  volume.ThrottledAsyncChecker (ThrottledAsyncChecker.java:schedule(140)) - Scheduling a check for org.apache.hadoop.ozone.container.common.volume.HddsVolume@267e0ca0
2019-08-27 17:45:07,839 [main] INFO  volume.HddsVolumeChecker (HddsVolumeChecker.java:checkAllVolumes(203)) - Scheduled health check for volume org.apache.hadoop.ozone.container.common.volume.HddsVolume@267e0ca0
2019-08-27 17:45:07,853 [main] INFO  impl.RaftServerProxy (ConfUtils.java:logGet(43)) - raft.rpc.type = GRPC (default)
2019-08-27 17:45:07,854 [main] INFO  grpc.GrpcFactory (GrpcFactory.java:checkPooledByteBufAllocatorUseCacheForAllThreads(45)) - PERFORMANCE WARNING: useCacheForAllThreads is true that may cause Netty to create a lot garbage objects and, as a result, trigger GC.
	It is recommended to disable useCacheForAllThreads by setting -Dorg.apache.ratis.thirdparty.io.netty.allocator.useCacheForAllThreads=false in command line.
2019-08-27 17:45:07,854 [main] INFO  grpc.GrpcConfigKeys$Server (ConfUtils.java:logGet(43)) - raft.grpc.server.port = 0 (default)
2019-08-27 17:45:07,854 [main] INFO  server.GrpcService (ConfUtils.java:logGet(43)) - raft.grpc.message.size.max = 33570816 (custom)
2019-08-27 17:45:07,854 [main] INFO  server.RaftServerConfigKeys (ConfUtils.java:logGet(43)) - raft.server.log.appender.buffer.byte-limit = 33554432 (custom)
2019-08-27 17:45:07,854 [main] INFO  server.GrpcService (ConfUtils.java:logGet(43)) - raft.grpc.flow.control.window = 1MB (=1048576) (default)
2019-08-27 17:45:07,855 [main] INFO  server.RaftServerConfigKeys (ConfUtils.java:logGet(43)) - raft.server.rpc.request.timeout = 3000ms (default)
2019-08-27 17:45:07,855 [main] INFO  server.RaftServerConfigKeys (ConfUtils.java:logGet(43)) - raft.server.storage.dir = [/workdir/hadoop-ozone/integration-test/target/test-dir/MiniOzoneClusterImpl-14d59322-d55d-44ab-8010-b6fe6443f38f/datanode-3/data/ratis] (custom)
2019-08-27 17:45:07,856 [main] INFO  replication.SimpleContainerDownloader (SimpleContainerDownloader.java:<init>(72)) - Starting container downloader service to copy containers to replicate.
2019-08-27 17:45:07,857 [main] INFO  hdfs.DFSUtil (DFSUtil.java:httpServerTemplateForNNAndJN(1641)) - Starting Web-server for hddsDatanode at: http://0.0.0.0:0
2019-08-27 17:45:07,858 [main] INFO  server.AuthenticationFilter (AuthenticationFilter.java:constructSecretProvider(240)) - Unable to initialize FileSignerSecretProvider, falling back to use random secrets.
2019-08-27 17:45:07,858 [main] WARN  http.HttpRequestLog (HttpRequestLog.java:getRequestLog(97)) - Jetty request log can only be enabled using Log4j
2019-08-27 17:45:07,859 [main] INFO  http.HttpServer2 (HttpServer2.java:addGlobalFilter(975)) - Added global filter 'safety' (class=org.apache.hadoop.http.HttpServer2$QuotingInputFilter)
2019-08-27 17:45:07,860 [main] INFO  http.HttpServer2 (HttpServer2.java:addFilter(948)) - Added filter static_user_filter (class=org.apache.hadoop.http.lib.StaticUserWebFilter$StaticUserFilter) to context hddsDatanode
2019-08-27 17:45:07,860 [main] INFO  http.HttpServer2 (HttpServer2.java:addFilter(958)) - Added filter static_user_filter (class=org.apache.hadoop.http.lib.StaticUserWebFilter$StaticUserFilter) to context static
2019-08-27 17:45:07,860 [main] INFO  http.HttpServer2 (HttpServer2.java:addFilter(958)) - Added filter static_user_filter (class=org.apache.hadoop.http.lib.StaticUserWebFilter$StaticUserFilter) to context logs
2019-08-27 17:45:07,861 [main] INFO  http.HttpServer2 (HttpServer2.java:bindListener(1191)) - Jetty bound to port 46414
2019-08-27 17:45:07,861 [main] INFO  server.Server (Server.java:doStart(351)) - jetty-9.3.24.v20180605, build timestamp: 2018-06-05T17:11:56Z, git hash: 84205aa28f11a4f31f2a3b86d1bba2cc8ab69827
2019-08-27 17:45:07,863 [main] INFO  handler.ContextHandler (ContextHandler.java:doStart(781)) - Started o.e.j.s.ServletContextHandler@24fb8317{/logs,file:///workdir/hadoop-ozone/integration-test/target/log,AVAILABLE}
2019-08-27 17:45:07,863 [main] INFO  handler.ContextHandler (ContextHandler.java:doStart(781)) - Started o.e.j.s.ServletContextHandler@f451970{/static,jar:file:/home/user/.m2/repository/org/apache/hadoop/hadoop-hdds-container-service/0.5.0-SNAPSHOT/hadoop-hdds-container-service-0.5.0-SNAPSHOT.jar!/webapps/static,AVAILABLE}
2019-08-27 17:45:07,890 [main] INFO  handler.ContextHandler (ContextHandler.java:doStart(781)) - Started o.e.j.w.WebAppContext@7ec176da{/,file:///tmp/jetty-0.0.0.0-46414-hddsDatanode-_-any-1049277875304753597.dir/webapp/,AVAILABLE}{/hddsDatanode}
2019-08-27 17:45:07,891 [main] INFO  server.AbstractConnector (AbstractConnector.java:doStart(278)) - Started ServerConnector@33d2f9d3{HTTP/1.1,[http/1.1]}{0.0.0.0:46414}
2019-08-27 17:45:07,892 [main] INFO  server.Server (Server.java:doStart(419)) - Started @182361ms
2019-08-27 17:45:07,893 [main] INFO  server.BaseHttpServer (BaseHttpServer.java:updateConnectorAddress(213)) - HTTP server of HDDSDATANODE is listening at http://0.0.0.0:46414
2019-08-27 17:45:08,012 | INFO  | ObjectStoreRestHttpServer | Listening HDDS REST traffic on /0.0.0.0:37626 |  
2019-08-27 17:45:08,012 [main] INFO  ozone.HddsDatanodeService (HddsDatanodeService.java:startPlugins(395)) - Started plug-in org.apache.hadoop.ozone.web.OzoneHddsDatanodeService@2ae07dbd
2019-08-27 17:45:08,012 [main] INFO  impl.MetricsSystemImpl (MetricsSystemImpl.java:init(158)) - HddsDatanode metrics system started (again)
2019-08-27 17:45:08,014 [org.apache.hadoop.util.JvmPauseMonitor$Monitor@6aded62a] INFO  util.JvmPauseMonitor (JvmPauseMonitor.java:run(188)) - Starting JVM pause monitor
2019-08-27 17:45:08,016 [main] INFO  ozone.HddsDatanodeService (HddsDatanodeService.java:start(184)) - HddsDatanodeService host:pr-hdds-2042-56j6g-243734211 ip:192.168.34.10
2019-08-27 17:45:08,017 [Datanode State Machine Thread - 0] INFO  datanode.InitDatanodeState (InitDatanodeState.java:persistContainerDatanodeDetails(140)) - DatanodeDetails is persisted to /workdir/hadoop-ozone/integration-test/target/test-dir/MiniOzoneClusterImpl-14d59322-d55d-44ab-8010-b6fe6443f38f/datanode-3/meta/datanode.id
2019-08-27 17:45:08,025 [main] INFO  volume.HddsVolume (HddsVolume.java:<init>(176)) - Creating Volume: /workdir/hadoop-ozone/integration-test/target/test-dir/MiniOzoneClusterImpl-14d59322-d55d-44ab-8010-b6fe6443f38f/datanode-4/data/containers/hdds of  storage type : DISK and capacity : 1482555576320
2019-08-27 17:45:08,026 [main] INFO  volume.VolumeSet (VolumeSet.java:initializeVolumeSet(170)) - Added Volume : /workdir/hadoop-ozone/integration-test/target/test-dir/MiniOzoneClusterImpl-14d59322-d55d-44ab-8010-b6fe6443f38f/datanode-4/data/containers/hdds to VolumeSet
2019-08-27 17:45:08,026 [main] INFO  volume.ThrottledAsyncChecker (ThrottledAsyncChecker.java:schedule(140)) - Scheduling a check for org.apache.hadoop.ozone.container.common.volume.HddsVolume@5e1bfe66
2019-08-27 17:45:08,026 [main] INFO  volume.HddsVolumeChecker (HddsVolumeChecker.java:checkAllVolumes(203)) - Scheduled health check for volume org.apache.hadoop.ozone.container.common.volume.HddsVolume@5e1bfe66
2019-08-27 17:45:08,041 [main] INFO  impl.RaftServerProxy (ConfUtils.java:logGet(43)) - raft.rpc.type = GRPC (default)
2019-08-27 17:45:08,041 [main] INFO  grpc.GrpcFactory (GrpcFactory.java:checkPooledByteBufAllocatorUseCacheForAllThreads(45)) - PERFORMANCE WARNING: useCacheForAllThreads is true that may cause Netty to create a lot garbage objects and, as a result, trigger GC.
	It is recommended to disable useCacheForAllThreads by setting -Dorg.apache.ratis.thirdparty.io.netty.allocator.useCacheForAllThreads=false in command line.
2019-08-27 17:45:08,041 [main] INFO  grpc.GrpcConfigKeys$Server (ConfUtils.java:logGet(43)) - raft.grpc.server.port = 0 (default)
2019-08-27 17:45:08,042 [main] INFO  server.GrpcService (ConfUtils.java:logGet(43)) - raft.grpc.message.size.max = 33570816 (custom)
2019-08-27 17:45:08,042 [main] INFO  server.RaftServerConfigKeys (ConfUtils.java:logGet(43)) - raft.server.log.appender.buffer.byte-limit = 33554432 (custom)
2019-08-27 17:45:08,042 [main] INFO  server.GrpcService (ConfUtils.java:logGet(43)) - raft.grpc.flow.control.window = 1MB (=1048576) (default)
2019-08-27 17:45:08,042 [main] INFO  server.RaftServerConfigKeys (ConfUtils.java:logGet(43)) - raft.server.rpc.request.timeout = 3000ms (default)
2019-08-27 17:45:08,042 [main] INFO  server.RaftServerConfigKeys (ConfUtils.java:logGet(43)) - raft.server.storage.dir = [/workdir/hadoop-ozone/integration-test/target/test-dir/MiniOzoneClusterImpl-14d59322-d55d-44ab-8010-b6fe6443f38f/datanode-4/data/ratis] (custom)
2019-08-27 17:45:08,043 [main] INFO  replication.SimpleContainerDownloader (SimpleContainerDownloader.java:<init>(72)) - Starting container downloader service to copy containers to replicate.
2019-08-27 17:45:08,044 [main] INFO  hdfs.DFSUtil (DFSUtil.java:httpServerTemplateForNNAndJN(1641)) - Starting Web-server for hddsDatanode at: http://0.0.0.0:0
2019-08-27 17:45:08,045 [main] INFO  server.AuthenticationFilter (AuthenticationFilter.java:constructSecretProvider(240)) - Unable to initialize FileSignerSecretProvider, falling back to use random secrets.
2019-08-27 17:45:08,045 [main] WARN  http.HttpRequestLog (HttpRequestLog.java:getRequestLog(97)) - Jetty request log can only be enabled using Log4j
2019-08-27 17:45:08,046 [main] INFO  http.HttpServer2 (HttpServer2.java:addGlobalFilter(975)) - Added global filter 'safety' (class=org.apache.hadoop.http.HttpServer2$QuotingInputFilter)
2019-08-27 17:45:08,047 [main] INFO  http.HttpServer2 (HttpServer2.java:addFilter(948)) - Added filter static_user_filter (class=org.apache.hadoop.http.lib.StaticUserWebFilter$StaticUserFilter) to context hddsDatanode
2019-08-27 17:45:08,047 [main] INFO  http.HttpServer2 (HttpServer2.java:addFilter(958)) - Added filter static_user_filter (class=org.apache.hadoop.http.lib.StaticUserWebFilter$StaticUserFilter) to context logs
2019-08-27 17:45:08,047 [main] INFO  http.HttpServer2 (HttpServer2.java:addFilter(958)) - Added filter static_user_filter (class=org.apache.hadoop.http.lib.StaticUserWebFilter$StaticUserFilter) to context static
2019-08-27 17:45:08,048 [main] INFO  http.HttpServer2 (HttpServer2.java:bindListener(1191)) - Jetty bound to port 33226
2019-08-27 17:45:08,048 [main] INFO  server.Server (Server.java:doStart(351)) - jetty-9.3.24.v20180605, build timestamp: 2018-06-05T17:11:56Z, git hash: 84205aa28f11a4f31f2a3b86d1bba2cc8ab69827
2019-08-27 17:45:08,050 [main] INFO  handler.ContextHandler (ContextHandler.java:doStart(781)) - Started o.e.j.s.ServletContextHandler@15ae31b{/logs,file:///workdir/hadoop-ozone/integration-test/target/log,AVAILABLE}
2019-08-27 17:45:08,050 [main] INFO  handler.ContextHandler (ContextHandler.java:doStart(781)) - Started o.e.j.s.ServletContextHandler@3e729d46{/static,jar:file:/home/user/.m2/repository/org/apache/hadoop/hadoop-hdds-container-service/0.5.0-SNAPSHOT/hadoop-hdds-container-service-0.5.0-SNAPSHOT.jar!/webapps/static,AVAILABLE}
2019-08-27 17:45:08,090 [main] INFO  handler.ContextHandler (ContextHandler.java:doStart(781)) - Started o.e.j.w.WebAppContext@40ecead5{/,file:///tmp/jetty-0.0.0.0-33226-hddsDatanode-_-any-6254520483929698542.dir/webapp/,AVAILABLE}{/hddsDatanode}
2019-08-27 17:45:08,090 [main] INFO  server.AbstractConnector (AbstractConnector.java:doStart(278)) - Started ServerConnector@641255d1{HTTP/1.1,[http/1.1]}{0.0.0.0:33226}
2019-08-27 17:45:08,092 [main] INFO  server.Server (Server.java:doStart(419)) - Started @182561ms
2019-08-27 17:45:08,093 [main] INFO  server.BaseHttpServer (BaseHttpServer.java:updateConnectorAddress(213)) - HTTP server of HDDSDATANODE is listening at http://0.0.0.0:33226
2019-08-27 17:45:08,231 | INFO  | ObjectStoreRestHttpServer | Listening HDDS REST traffic on /0.0.0.0:42182 |  
2019-08-27 17:45:08,231 [main] INFO  ozone.HddsDatanodeService (HddsDatanodeService.java:startPlugins(395)) - Started plug-in org.apache.hadoop.ozone.web.OzoneHddsDatanodeService@6b888692
2019-08-27 17:45:08,232 [main] INFO  impl.MetricsSystemImpl (MetricsSystemImpl.java:init(158)) - HddsDatanode metrics system started (again)
2019-08-27 17:45:08,235 [org.apache.hadoop.util.JvmPauseMonitor$Monitor@41dcbcb9] INFO  util.JvmPauseMonitor (JvmPauseMonitor.java:run(188)) - Starting JVM pause monitor
2019-08-27 17:45:08,235 [main] INFO  ozone.HddsDatanodeService (HddsDatanodeService.java:start(184)) - HddsDatanodeService host:pr-hdds-2042-56j6g-243734211 ip:192.168.34.10
2019-08-27 17:45:08,236 [Datanode State Machine Thread - 0] INFO  datanode.InitDatanodeState (InitDatanodeState.java:persistContainerDatanodeDetails(140)) - DatanodeDetails is persisted to /workdir/hadoop-ozone/integration-test/target/test-dir/MiniOzoneClusterImpl-14d59322-d55d-44ab-8010-b6fe6443f38f/datanode-4/meta/datanode.id
2019-08-27 17:45:08,245 [main] INFO  volume.HddsVolume (HddsVolume.java:<init>(176)) - Creating Volume: /workdir/hadoop-ozone/integration-test/target/test-dir/MiniOzoneClusterImpl-14d59322-d55d-44ab-8010-b6fe6443f38f/datanode-5/data/containers/hdds of  storage type : DISK and capacity : 1482555576320
2019-08-27 17:45:08,245 [main] INFO  volume.VolumeSet (VolumeSet.java:initializeVolumeSet(170)) - Added Volume : /workdir/hadoop-ozone/integration-test/target/test-dir/MiniOzoneClusterImpl-14d59322-d55d-44ab-8010-b6fe6443f38f/datanode-5/data/containers/hdds to VolumeSet
2019-08-27 17:45:08,245 [main] INFO  volume.ThrottledAsyncChecker (ThrottledAsyncChecker.java:schedule(140)) - Scheduling a check for org.apache.hadoop.ozone.container.common.volume.HddsVolume@50b78155
2019-08-27 17:45:08,246 [main] INFO  volume.HddsVolumeChecker (HddsVolumeChecker.java:checkAllVolumes(203)) - Scheduled health check for volume org.apache.hadoop.ozone.container.common.volume.HddsVolume@50b78155
2019-08-27 17:45:08,258 [main] INFO  impl.RaftServerProxy (ConfUtils.java:logGet(43)) - raft.rpc.type = GRPC (default)
2019-08-27 17:45:08,259 [main] INFO  grpc.GrpcFactory (GrpcFactory.java:checkPooledByteBufAllocatorUseCacheForAllThreads(45)) - PERFORMANCE WARNING: useCacheForAllThreads is true that may cause Netty to create a lot garbage objects and, as a result, trigger GC.
	It is recommended to disable useCacheForAllThreads by setting -Dorg.apache.ratis.thirdparty.io.netty.allocator.useCacheForAllThreads=false in command line.
2019-08-27 17:45:08,259 [main] INFO  grpc.GrpcConfigKeys$Server (ConfUtils.java:logGet(43)) - raft.grpc.server.port = 0 (default)
2019-08-27 17:45:08,259 [main] INFO  server.GrpcService (ConfUtils.java:logGet(43)) - raft.grpc.message.size.max = 33570816 (custom)
2019-08-27 17:45:08,259 [main] INFO  server.RaftServerConfigKeys (ConfUtils.java:logGet(43)) - raft.server.log.appender.buffer.byte-limit = 33554432 (custom)
2019-08-27 17:45:08,259 [main] INFO  server.GrpcService (ConfUtils.java:logGet(43)) - raft.grpc.flow.control.window = 1MB (=1048576) (default)
2019-08-27 17:45:08,259 [main] INFO  server.RaftServerConfigKeys (ConfUtils.java:logGet(43)) - raft.server.rpc.request.timeout = 3000ms (default)
2019-08-27 17:45:08,260 [main] INFO  server.RaftServerConfigKeys (ConfUtils.java:logGet(43)) - raft.server.storage.dir = [/workdir/hadoop-ozone/integration-test/target/test-dir/MiniOzoneClusterImpl-14d59322-d55d-44ab-8010-b6fe6443f38f/datanode-5/data/ratis] (custom)
2019-08-27 17:45:08,260 [main] INFO  replication.SimpleContainerDownloader (SimpleContainerDownloader.java:<init>(72)) - Starting container downloader service to copy containers to replicate.
2019-08-27 17:45:08,261 [main] INFO  hdfs.DFSUtil (DFSUtil.java:httpServerTemplateForNNAndJN(1641)) - Starting Web-server for hddsDatanode at: http://0.0.0.0:0
2019-08-27 17:45:08,262 [main] INFO  server.AuthenticationFilter (AuthenticationFilter.java:constructSecretProvider(240)) - Unable to initialize FileSignerSecretProvider, falling back to use random secrets.
2019-08-27 17:45:08,263 [main] WARN  http.HttpRequestLog (HttpRequestLog.java:getRequestLog(97)) - Jetty request log can only be enabled using Log4j
2019-08-27 17:45:08,264 [main] INFO  http.HttpServer2 (HttpServer2.java:addGlobalFilter(975)) - Added global filter 'safety' (class=org.apache.hadoop.http.HttpServer2$QuotingInputFilter)
2019-08-27 17:45:08,264 [main] INFO  http.HttpServer2 (HttpServer2.java:addFilter(948)) - Added filter static_user_filter (class=org.apache.hadoop.http.lib.StaticUserWebFilter$StaticUserFilter) to context hddsDatanode
2019-08-27 17:45:08,264 [main] INFO  http.HttpServer2 (HttpServer2.java:addFilter(958)) - Added filter static_user_filter (class=org.apache.hadoop.http.lib.StaticUserWebFilter$StaticUserFilter) to context static
2019-08-27 17:45:08,264 [main] INFO  http.HttpServer2 (HttpServer2.java:addFilter(958)) - Added filter static_user_filter (class=org.apache.hadoop.http.lib.StaticUserWebFilter$StaticUserFilter) to context logs
2019-08-27 17:45:08,265 [main] INFO  http.HttpServer2 (HttpServer2.java:bindListener(1191)) - Jetty bound to port 36404
2019-08-27 17:45:08,265 [main] INFO  server.Server (Server.java:doStart(351)) - jetty-9.3.24.v20180605, build timestamp: 2018-06-05T17:11:56Z, git hash: 84205aa28f11a4f31f2a3b86d1bba2cc8ab69827
2019-08-27 17:45:08,267 [main] INFO  handler.ContextHandler (ContextHandler.java:doStart(781)) - Started o.e.j.s.ServletContextHandler@d8cece4{/logs,file:///workdir/hadoop-ozone/integration-test/target/log,AVAILABLE}
2019-08-27 17:45:08,267 [main] INFO  handler.ContextHandler (ContextHandler.java:doStart(781)) - Started o.e.j.s.ServletContextHandler@2e9f5499{/static,jar:file:/home/user/.m2/repository/org/apache/hadoop/hadoop-hdds-container-service/0.5.0-SNAPSHOT/hadoop-hdds-container-service-0.5.0-SNAPSHOT.jar!/webapps/static,AVAILABLE}
2019-08-27 17:45:08,289 [main] INFO  handler.ContextHandler (ContextHandler.java:doStart(781)) - Started o.e.j.w.WebAppContext@3b8ce72{/,file:///tmp/jetty-0.0.0.0-36404-hddsDatanode-_-any-8204777648776565505.dir/webapp/,AVAILABLE}{/hddsDatanode}
2019-08-27 17:45:08,290 [main] INFO  server.AbstractConnector (AbstractConnector.java:doStart(278)) - Started ServerConnector@3ce4eb42{HTTP/1.1,[http/1.1]}{0.0.0.0:36404}
2019-08-27 17:45:08,291 [main] INFO  server.Server (Server.java:doStart(419)) - Started @182760ms
2019-08-27 17:45:08,292 [main] INFO  server.BaseHttpServer (BaseHttpServer.java:updateConnectorAddress(213)) - HTTP server of HDDSDATANODE is listening at http://0.0.0.0:36404
2019-08-27 17:45:08,386 | INFO  | ObjectStoreRestHttpServer | Listening HDDS REST traffic on /0.0.0.0:39816 |  
2019-08-27 17:45:08,386 [main] INFO  ozone.HddsDatanodeService (HddsDatanodeService.java:startPlugins(395)) - Started plug-in org.apache.hadoop.ozone.web.OzoneHddsDatanodeService@52a23575
2019-08-27 17:45:08,386 [main] INFO  impl.MetricsSystemImpl (MetricsSystemImpl.java:init(158)) - HddsDatanode metrics system started (again)
2019-08-27 17:45:08,390 [main] INFO  ozone.HddsDatanodeService (HddsDatanodeService.java:start(184)) - HddsDatanodeService host:pr-hdds-2042-56j6g-243734211 ip:192.168.34.10
2019-08-27 17:45:08,390 [org.apache.hadoop.util.JvmPauseMonitor$Monitor@120a80d8] INFO  util.JvmPauseMonitor (JvmPauseMonitor.java:run(188)) - Starting JVM pause monitor
2019-08-27 17:45:08,391 [Datanode State Machine Thread - 0] INFO  datanode.InitDatanodeState (InitDatanodeState.java:persistContainerDatanodeDetails(140)) - DatanodeDetails is persisted to /workdir/hadoop-ozone/integration-test/target/test-dir/MiniOzoneClusterImpl-14d59322-d55d-44ab-8010-b6fe6443f38f/datanode-5/meta/datanode.id
2019-08-27 17:45:08,399 [main] INFO  volume.HddsVolume (HddsVolume.java:<init>(176)) - Creating Volume: /workdir/hadoop-ozone/integration-test/target/test-dir/MiniOzoneClusterImpl-14d59322-d55d-44ab-8010-b6fe6443f38f/datanode-6/data/containers/hdds of  storage type : DISK and capacity : 1482555576320
2019-08-27 17:45:08,400 [main] INFO  volume.VolumeSet (VolumeSet.java:initializeVolumeSet(170)) - Added Volume : /workdir/hadoop-ozone/integration-test/target/test-dir/MiniOzoneClusterImpl-14d59322-d55d-44ab-8010-b6fe6443f38f/datanode-6/data/containers/hdds to VolumeSet
2019-08-27 17:45:08,400 [main] INFO  volume.ThrottledAsyncChecker (ThrottledAsyncChecker.java:schedule(140)) - Scheduling a check for org.apache.hadoop.ozone.container.common.volume.HddsVolume@978475b
2019-08-27 17:45:08,400 [main] INFO  volume.HddsVolumeChecker (HddsVolumeChecker.java:checkAllVolumes(203)) - Scheduled health check for volume org.apache.hadoop.ozone.container.common.volume.HddsVolume@978475b
2019-08-27 17:45:08,413 [main] INFO  impl.RaftServerProxy (ConfUtils.java:logGet(43)) - raft.rpc.type = GRPC (default)
2019-08-27 17:45:08,413 [main] INFO  grpc.GrpcFactory (GrpcFactory.java:checkPooledByteBufAllocatorUseCacheForAllThreads(45)) - PERFORMANCE WARNING: useCacheForAllThreads is true that may cause Netty to create a lot garbage objects and, as a result, trigger GC.
	It is recommended to disable useCacheForAllThreads by setting -Dorg.apache.ratis.thirdparty.io.netty.allocator.useCacheForAllThreads=false in command line.
2019-08-27 17:45:08,413 [main] INFO  grpc.GrpcConfigKeys$Server (ConfUtils.java:logGet(43)) - raft.grpc.server.port = 0 (default)
2019-08-27 17:45:08,414 [main] INFO  server.GrpcService (ConfUtils.java:logGet(43)) - raft.grpc.message.size.max = 33570816 (custom)
2019-08-27 17:45:08,414 [main] INFO  server.RaftServerConfigKeys (ConfUtils.java:logGet(43)) - raft.server.log.appender.buffer.byte-limit = 33554432 (custom)
2019-08-27 17:45:08,414 [main] INFO  server.GrpcService (ConfUtils.java:logGet(43)) - raft.grpc.flow.control.window = 1MB (=1048576) (default)
2019-08-27 17:45:08,414 [main] INFO  server.RaftServerConfigKeys (ConfUtils.java:logGet(43)) - raft.server.rpc.request.timeout = 3000ms (default)
2019-08-27 17:45:08,414 [main] INFO  server.RaftServerConfigKeys (ConfUtils.java:logGet(43)) - raft.server.storage.dir = [/workdir/hadoop-ozone/integration-test/target/test-dir/MiniOzoneClusterImpl-14d59322-d55d-44ab-8010-b6fe6443f38f/datanode-6/data/ratis] (custom)
2019-08-27 17:45:08,415 [main] INFO  replication.SimpleContainerDownloader (SimpleContainerDownloader.java:<init>(72)) - Starting container downloader service to copy containers to replicate.
2019-08-27 17:45:08,416 [main] INFO  hdfs.DFSUtil (DFSUtil.java:httpServerTemplateForNNAndJN(1641)) - Starting Web-server for hddsDatanode at: http://0.0.0.0:0
2019-08-27 17:45:08,417 [main] INFO  server.AuthenticationFilter (AuthenticationFilter.java:constructSecretProvider(240)) - Unable to initialize FileSignerSecretProvider, falling back to use random secrets.
2019-08-27 17:45:08,417 [main] WARN  http.HttpRequestLog (HttpRequestLog.java:getRequestLog(97)) - Jetty request log can only be enabled using Log4j
2019-08-27 17:45:08,418 [main] INFO  http.HttpServer2 (HttpServer2.java:addGlobalFilter(975)) - Added global filter 'safety' (class=org.apache.hadoop.http.HttpServer2$QuotingInputFilter)
2019-08-27 17:45:08,418 [main] INFO  http.HttpServer2 (HttpServer2.java:addFilter(948)) - Added filter static_user_filter (class=org.apache.hadoop.http.lib.StaticUserWebFilter$StaticUserFilter) to context hddsDatanode
2019-08-27 17:45:08,419 [main] INFO  http.HttpServer2 (HttpServer2.java:addFilter(958)) - Added filter static_user_filter (class=org.apache.hadoop.http.lib.StaticUserWebFilter$StaticUserFilter) to context logs
2019-08-27 17:45:08,419 [main] INFO  http.HttpServer2 (HttpServer2.java:addFilter(958)) - Added filter static_user_filter (class=org.apache.hadoop.http.lib.StaticUserWebFilter$StaticUserFilter) to context static
2019-08-27 17:45:08,419 [main] INFO  http.HttpServer2 (HttpServer2.java:bindListener(1191)) - Jetty bound to port 46406
2019-08-27 17:45:08,419 [main] INFO  server.Server (Server.java:doStart(351)) - jetty-9.3.24.v20180605, build timestamp: 2018-06-05T17:11:56Z, git hash: 84205aa28f11a4f31f2a3b86d1bba2cc8ab69827
2019-08-27 17:45:08,421 [main] INFO  handler.ContextHandler (ContextHandler.java:doStart(781)) - Started o.e.j.s.ServletContextHandler@5432be12{/logs,file:///workdir/hadoop-ozone/integration-test/target/log,AVAILABLE}
2019-08-27 17:45:08,421 [main] INFO  handler.ContextHandler (ContextHandler.java:doStart(781)) - Started o.e.j.s.ServletContextHandler@2b30b25f{/static,jar:file:/home/user/.m2/repository/org/apache/hadoop/hadoop-hdds-container-service/0.5.0-SNAPSHOT/hadoop-hdds-container-service-0.5.0-SNAPSHOT.jar!/webapps/static,AVAILABLE}
2019-08-27 17:45:08,443 [main] INFO  handler.ContextHandler (ContextHandler.java:doStart(781)) - Started o.e.j.w.WebAppContext@7842260f{/,file:///tmp/jetty-0.0.0.0-46406-hddsDatanode-_-any-296966116128960929.dir/webapp/,AVAILABLE}{/hddsDatanode}
2019-08-27 17:45:08,444 [main] INFO  server.AbstractConnector (AbstractConnector.java:doStart(278)) - Started ServerConnector@7cb4d4ee{HTTP/1.1,[http/1.1]}{0.0.0.0:46406}
2019-08-27 17:45:08,445 [main] INFO  server.Server (Server.java:doStart(419)) - Started @182914ms
2019-08-27 17:45:08,446 [main] INFO  server.BaseHttpServer (BaseHttpServer.java:updateConnectorAddress(213)) - HTTP server of HDDSDATANODE is listening at http://0.0.0.0:46406
2019-08-27 17:45:08,542 | INFO  | ObjectStoreRestHttpServer | Listening HDDS REST traffic on /0.0.0.0:43895 |  
2019-08-27 17:45:08,542 [main] INFO  ozone.HddsDatanodeService (HddsDatanodeService.java:startPlugins(395)) - Started plug-in org.apache.hadoop.ozone.web.OzoneHddsDatanodeService@69860811
2019-08-27 17:45:08,542 [main] INFO  ozone.MiniOzoneClusterImpl (MiniOzoneClusterImpl.java:lambda$waitForClusterToBeReady$0(142)) - Waiting for cluster to be ready. Got 0 of 7 DN Heartbeats.
2019-08-27 17:45:08,543 [org.apache.hadoop.util.JvmPauseMonitor$Monitor@78128385] INFO  util.JvmPauseMonitor (JvmPauseMonitor.java:run(188)) - Starting JVM pause monitor
2019-08-27 17:45:08,545 [Datanode State Machine Thread - 0] INFO  datanode.InitDatanodeState (InitDatanodeState.java:persistContainerDatanodeDetails(140)) - DatanodeDetails is persisted to /workdir/hadoop-ozone/integration-test/target/test-dir/MiniOzoneClusterImpl-14d59322-d55d-44ab-8010-b6fe6443f38f/datanode-6/meta/datanode.id
2019-08-27 17:45:09,463 | INFO  | SCMAudit | user=jenkins1000 | ip=192.168.34.10 | op=GET_VERSION null | ret=SUCCESS |  
2019-08-27 17:45:09,481 [Datanode State Machine Thread - 0] INFO  ozoneimpl.OzoneContainer (OzoneContainer.java:start(186)) - Attempting to start container services.
2019-08-27 17:45:09,481 [Datanode State Machine Thread - 0] INFO  ozoneimpl.OzoneContainer (OzoneContainer.java:startContainerScrub(160)) - Background container scrubber has been disabled by hdds.containerscrub.enabled
2019-08-27 17:45:09,482 [Datanode State Machine Thread - 0] INFO  ratis.XceiverServerRatis (XceiverServerRatis.java:start(404)) - Starting XceiverServerRatis f26df5d6-3520-49aa-a5c8-632992372390 at port 0
2019-08-27 17:45:09,489 [Datanode State Machine Thread - 0] INFO  impl.RaftServerProxy (RaftServerProxy.java:lambda$start$3(299)) - f26df5d6-3520-49aa-a5c8-632992372390: start RPC server
2019-08-27 17:45:09,492 [Datanode State Machine Thread - 0] INFO  server.GrpcService (GrpcService.java:startImpl(149)) - f26df5d6-3520-49aa-a5c8-632992372390: GrpcService started, listening on 0.0.0.0/0.0.0.0:33799
2019-08-27 17:45:09,492 [Datanode State Machine Thread - 0] INFO  ratis.XceiverServerRatis (XceiverServerRatis.java:start(414)) - XceiverServerRatis f26df5d6-3520-49aa-a5c8-632992372390 is started using port 33799
2019-08-27 17:45:09,499 [Datanode State Machine Thread - 0] INFO  server.XceiverServerGrpc (XceiverServerGrpc.java:start(161)) - XceiverServerGrpc f26df5d6-3520-49aa-a5c8-632992372390 is started using port 40816
2019-08-27 17:45:09,542 [main] INFO  ozone.MiniOzoneClusterImpl (MiniOzoneClusterImpl.java:lambda$waitForClusterToBeReady$0(142)) - Waiting for cluster to be ready. Got 0 of 7 DN Heartbeats.
2019-08-27 17:45:09,639 | INFO  | SCMAudit | user=jenkins1000 | ip=192.168.34.10 | op=GET_VERSION null | ret=SUCCESS |  
2019-08-27 17:45:09,654 [Datanode State Machine Thread - 0] INFO  ozoneimpl.OzoneContainer (OzoneContainer.java:start(186)) - Attempting to start container services.
2019-08-27 17:45:09,654 [Datanode State Machine Thread - 0] INFO  ozoneimpl.OzoneContainer (OzoneContainer.java:startContainerScrub(160)) - Background container scrubber has been disabled by hdds.containerscrub.enabled
2019-08-27 17:45:09,654 [Datanode State Machine Thread - 0] INFO  ratis.XceiverServerRatis (XceiverServerRatis.java:start(404)) - Starting XceiverServerRatis 50a88058-ea49-453d-8daf-365795fc0487 at port 0
2019-08-27 17:45:09,662 [Datanode State Machine Thread - 0] INFO  impl.RaftServerProxy (RaftServerProxy.java:lambda$start$3(299)) - 50a88058-ea49-453d-8daf-365795fc0487: start RPC server
2019-08-27 17:45:09,664 [Datanode State Machine Thread - 0] INFO  server.GrpcService (GrpcService.java:startImpl(149)) - 50a88058-ea49-453d-8daf-365795fc0487: GrpcService started, listening on 0.0.0.0/0.0.0.0:41899
2019-08-27 17:45:09,665 [Datanode State Machine Thread - 0] INFO  ratis.XceiverServerRatis (XceiverServerRatis.java:start(414)) - XceiverServerRatis 50a88058-ea49-453d-8daf-365795fc0487 is started using port 41899
2019-08-27 17:45:09,665 [Datanode State Machine Thread - 0] INFO  server.XceiverServerGrpc (XceiverServerGrpc.java:start(161)) - XceiverServerGrpc 50a88058-ea49-453d-8daf-365795fc0487 is started using port 36411
2019-08-27 17:45:09,830 | INFO  | SCMAudit | user=jenkins1000 | ip=192.168.34.10 | op=GET_VERSION null | ret=SUCCESS |  
2019-08-27 17:45:09,843 [Datanode State Machine Thread - 0] INFO  ozoneimpl.OzoneContainer (OzoneContainer.java:start(186)) - Attempting to start container services.
2019-08-27 17:45:09,844 [Datanode State Machine Thread - 0] INFO  ozoneimpl.OzoneContainer (OzoneContainer.java:startContainerScrub(160)) - Background container scrubber has been disabled by hdds.containerscrub.enabled
2019-08-27 17:45:09,844 [Datanode State Machine Thread - 0] INFO  ratis.XceiverServerRatis (XceiverServerRatis.java:start(404)) - Starting XceiverServerRatis 6a91ab85-d51f-4aea-b226-0883daafe048 at port 0
2019-08-27 17:45:09,852 [Datanode State Machine Thread - 0] INFO  impl.RaftServerProxy (RaftServerProxy.java:lambda$start$3(299)) - 6a91ab85-d51f-4aea-b226-0883daafe048: start RPC server
2019-08-27 17:45:09,852 [Datanode State Machine Thread - 0] INFO  server.GrpcService (GrpcService.java:startImpl(149)) - 6a91ab85-d51f-4aea-b226-0883daafe048: GrpcService started, listening on 0.0.0.0/0.0.0.0:46844
2019-08-27 17:45:09,853 [Datanode State Machine Thread - 0] INFO  ratis.XceiverServerRatis (XceiverServerRatis.java:start(414)) - XceiverServerRatis 6a91ab85-d51f-4aea-b226-0883daafe048 is started using port 46844
2019-08-27 17:45:09,862 [Datanode State Machine Thread - 0] INFO  server.XceiverServerGrpc (XceiverServerGrpc.java:start(161)) - XceiverServerGrpc 6a91ab85-d51f-4aea-b226-0883daafe048 is started using port 45742
2019-08-27 17:45:10,015 | INFO  | SCMAudit | user=jenkins1000 | ip=192.168.34.10 | op=GET_VERSION null | ret=SUCCESS |  
2019-08-27 17:45:10,029 [Datanode State Machine Thread - 0] INFO  ozoneimpl.OzoneContainer (OzoneContainer.java:start(186)) - Attempting to start container services.
2019-08-27 17:45:10,029 [Datanode State Machine Thread - 0] INFO  ozoneimpl.OzoneContainer (OzoneContainer.java:startContainerScrub(160)) - Background container scrubber has been disabled by hdds.containerscrub.enabled
2019-08-27 17:45:10,030 [Datanode State Machine Thread - 0] INFO  ratis.XceiverServerRatis (XceiverServerRatis.java:start(404)) - Starting XceiverServerRatis 1dc5d11e-8303-42ed-ac6e-3c2bd9515d94 at port 0
2019-08-27 17:45:10,038 [Datanode State Machine Thread - 0] INFO  impl.RaftServerProxy (RaftServerProxy.java:lambda$start$3(299)) - 1dc5d11e-8303-42ed-ac6e-3c2bd9515d94: start RPC server
2019-08-27 17:45:10,042 [Datanode State Machine Thread - 0] INFO  server.GrpcService (GrpcService.java:startImpl(149)) - 1dc5d11e-8303-42ed-ac6e-3c2bd9515d94: GrpcService started, listening on 0.0.0.0/0.0.0.0:39269
2019-08-27 17:45:10,042 [Datanode State Machine Thread - 0] INFO  ratis.XceiverServerRatis (XceiverServerRatis.java:start(414)) - XceiverServerRatis 1dc5d11e-8303-42ed-ac6e-3c2bd9515d94 is started using port 39269
2019-08-27 17:45:10,043 [Datanode State Machine Thread - 0] INFO  server.XceiverServerGrpc (XceiverServerGrpc.java:start(161)) - XceiverServerGrpc 1dc5d11e-8303-42ed-ac6e-3c2bd9515d94 is started using port 37522
2019-08-27 17:45:10,235 | INFO  | SCMAudit | user=jenkins1000 | ip=192.168.34.10 | op=GET_VERSION null | ret=SUCCESS |  
2019-08-27 17:45:10,250 [Datanode State Machine Thread - 0] INFO  ozoneimpl.OzoneContainer (OzoneContainer.java:start(186)) - Attempting to start container services.
2019-08-27 17:45:10,250 [Datanode State Machine Thread - 0] INFO  ozoneimpl.OzoneContainer (OzoneContainer.java:startContainerScrub(160)) - Background container scrubber has been disabled by hdds.containerscrub.enabled
2019-08-27 17:45:10,251 [Datanode State Machine Thread - 0] INFO  ratis.XceiverServerRatis (XceiverServerRatis.java:start(404)) - Starting XceiverServerRatis d5900fb2-81d8-4496-aad9-ae0edce7524a at port 0
2019-08-27 17:45:10,259 [Datanode State Machine Thread - 0] INFO  impl.RaftServerProxy (RaftServerProxy.java:lambda$start$3(299)) - d5900fb2-81d8-4496-aad9-ae0edce7524a: start RPC server
2019-08-27 17:45:10,263 [Datanode State Machine Thread - 0] INFO  server.GrpcService (GrpcService.java:startImpl(149)) - d5900fb2-81d8-4496-aad9-ae0edce7524a: GrpcService started, listening on 0.0.0.0/0.0.0.0:46606
2019-08-27 17:45:10,264 [Datanode State Machine Thread - 0] INFO  ratis.XceiverServerRatis (XceiverServerRatis.java:start(414)) - XceiverServerRatis d5900fb2-81d8-4496-aad9-ae0edce7524a is started using port 46606
2019-08-27 17:45:10,264 [Datanode State Machine Thread - 0] INFO  server.XceiverServerGrpc (XceiverServerGrpc.java:start(161)) - XceiverServerGrpc d5900fb2-81d8-4496-aad9-ae0edce7524a is started using port 41012
2019-08-27 17:45:10,390 | INFO  | SCMAudit | user=jenkins1000 | ip=192.168.34.10 | op=GET_VERSION null | ret=SUCCESS |  
2019-08-27 17:45:10,404 [Datanode State Machine Thread - 0] INFO  ozoneimpl.OzoneContainer (OzoneContainer.java:start(186)) - Attempting to start container services.
2019-08-27 17:45:10,405 [Datanode State Machine Thread - 0] INFO  ozoneimpl.OzoneContainer (OzoneContainer.java:startContainerScrub(160)) - Background container scrubber has been disabled by hdds.containerscrub.enabled
2019-08-27 17:45:10,405 [Datanode State Machine Thread - 0] INFO  ratis.XceiverServerRatis (XceiverServerRatis.java:start(404)) - Starting XceiverServerRatis 99df0e6a-3489-48bb-9e95-d018f175f37a at port 0
2019-08-27 17:45:10,412 [Datanode State Machine Thread - 0] INFO  impl.RaftServerProxy (RaftServerProxy.java:lambda$start$3(299)) - 99df0e6a-3489-48bb-9e95-d018f175f37a: start RPC server
2019-08-27 17:45:10,413 [Datanode State Machine Thread - 0] INFO  server.GrpcService (GrpcService.java:startImpl(149)) - 99df0e6a-3489-48bb-9e95-d018f175f37a: GrpcService started, listening on 0.0.0.0/0.0.0.0:41262
2019-08-27 17:45:10,413 [Datanode State Machine Thread - 0] INFO  ratis.XceiverServerRatis (XceiverServerRatis.java:start(414)) - XceiverServerRatis 99df0e6a-3489-48bb-9e95-d018f175f37a is started using port 41262
2019-08-27 17:45:10,414 [Datanode State Machine Thread - 0] INFO  server.XceiverServerGrpc (XceiverServerGrpc.java:start(161)) - XceiverServerGrpc 99df0e6a-3489-48bb-9e95-d018f175f37a is started using port 38730
2019-08-27 17:45:10,543 [main] INFO  ozone.MiniOzoneClusterImpl (MiniOzoneClusterImpl.java:lambda$waitForClusterToBeReady$0(142)) - Waiting for cluster to be ready. Got 0 of 7 DN Heartbeats.
2019-08-27 17:45:10,543 | INFO  | SCMAudit | user=jenkins1000 | ip=192.168.34.10 | op=GET_VERSION null | ret=SUCCESS |  
2019-08-27 17:45:10,558 [Datanode State Machine Thread - 0] INFO  ozoneimpl.OzoneContainer (OzoneContainer.java:start(186)) - Attempting to start container services.
2019-08-27 17:45:10,558 [Datanode State Machine Thread - 0] INFO  ozoneimpl.OzoneContainer (OzoneContainer.java:startContainerScrub(160)) - Background container scrubber has been disabled by hdds.containerscrub.enabled
2019-08-27 17:45:10,558 [Datanode State Machine Thread - 0] INFO  ratis.XceiverServerRatis (XceiverServerRatis.java:start(404)) - Starting XceiverServerRatis bf7f0402-1bee-4662-ace1-109f4ed9524c at port 0
2019-08-27 17:45:10,565 [Datanode State Machine Thread - 0] INFO  impl.RaftServerProxy (RaftServerProxy.java:lambda$start$3(299)) - bf7f0402-1bee-4662-ace1-109f4ed9524c: start RPC server
2019-08-27 17:45:10,570 [Datanode State Machine Thread - 0] INFO  server.GrpcService (GrpcService.java:startImpl(149)) - bf7f0402-1bee-4662-ace1-109f4ed9524c: GrpcService started, listening on 0.0.0.0/0.0.0.0:37871
2019-08-27 17:45:10,570 [Datanode State Machine Thread - 0] INFO  ratis.XceiverServerRatis (XceiverServerRatis.java:start(414)) - XceiverServerRatis bf7f0402-1bee-4662-ace1-109f4ed9524c is started using port 37871
2019-08-27 17:45:10,570 [Datanode State Machine Thread - 0] INFO  server.XceiverServerGrpc (XceiverServerGrpc.java:start(161)) - XceiverServerGrpc bf7f0402-1bee-4662-ace1-109f4ed9524c is started using port 45417
2019-08-27 17:45:11,463 [IPC Server handler 6 on 42328] INFO  net.NetworkTopology (NetworkTopologyImpl.java:add(110)) - Added a new node: /default-rack/f26df5d6-3520-49aa-a5c8-632992372390
2019-08-27 17:45:11,467 [IPC Server handler 6 on 42328] INFO  node.SCMNodeManager (SCMNodeManager.java:register(273)) - Registered Data node : f26df5d6-3520-49aa-a5c8-632992372390{ip: 192.168.34.10, host: pr-hdds-2042-56j6g-243734211, networkLocation: /default-rack, certSerialId: null}
2019-08-27 17:45:11,468 [EventQueue-NodeRegistrationContainerReportForDataNodeSafeModeRule] INFO  safemode.SCMSafeModeManager (DataNodeSafeModeRule.java:process(71)) - SCM in safe mode. 1 DataNodes registered, 1 required.
2019-08-27 17:45:11,471 [EventQueue-NodeRegistrationContainerReportForDataNodeSafeModeRule] INFO  safemode.SCMSafeModeManager (SCMSafeModeManager.java:validateSafeModeExitRules(177)) - ScmSafeModeManager, all rules are successfully validated
2019-08-27 17:45:11,472 | INFO  | SCMAudit | user=jenkins1000 | ip=192.168.34.10 | op=REGISTER {datanodeDetails=f26df5d6-3520-49aa-a5c8-632992372390{ip: 192.168.34.10, host: pr-hdds-2042-56j6g-243734211, networkLocation: /default-rack, certSerialId: null}} | ret=SUCCESS |  
2019-08-27 17:45:11,472 [EventQueue-NodeRegistrationContainerReportForDataNodeSafeModeRule] INFO  safemode.SCMSafeModeManager (SCMSafeModeManager.java:exitSafeMode(193)) - SCM exiting safe mode.
2019-08-27 17:45:11,486 [grpc-default-executor-3] INFO  impl.RaftServerProxy (RaftServerProxy.java:addNew(89)) - f26df5d6-3520-49aa-a5c8-632992372390: addNew group-941868B5B7D1:[f26df5d6-3520-49aa-a5c8-632992372390:192.168.34.10:33799] returns group-941868B5B7D1:java.util.concurrent.CompletableFuture@4ea69585[Not completed]
2019-08-27 17:45:11,489 [pool-316-thread-1] INFO  impl.RaftServerImpl (RaftServerImpl.java:<init>(93)) - f26df5d6-3520-49aa-a5c8-632992372390: new RaftServerImpl for group-941868B5B7D1:[f26df5d6-3520-49aa-a5c8-632992372390:192.168.34.10:33799] with ContainerStateMachine:uninitialized
2019-08-27 17:45:11,489 [pool-316-thread-1] INFO  server.RaftServerConfigKeys (ConfUtils.java:logGet(43)) - raft.server.rpc.timeout.min = 5s (custom)
2019-08-27 17:45:11,489 [pool-316-thread-1] INFO  server.RaftServerConfigKeys (ConfUtils.java:logGet(43)) - raft.server.rpc.timeout.max = 5200ms (custom)
2019-08-27 17:45:11,489 [pool-316-thread-1] INFO  server.RaftServerConfigKeys (ConfUtils.java:logGet(43)) - raft.server.rpcslowness.timeout = 120s (custom)
2019-08-27 17:45:11,489 [pool-316-thread-1] INFO  server.RaftServerConfigKeys (ConfUtils.java:logGet(43)) - raft.server.sleep.deviation.threshold = 300 (default)
2019-08-27 17:45:11,490 [pool-316-thread-1] INFO  server.RaftServerConfigKeys (ConfUtils.java:logGet(43)) - raft.server.log.appender.install.snapshot.enabled = false (custom)
2019-08-27 17:45:11,490 [pool-316-thread-1] INFO  impl.RaftServerImpl (ServerState.java:<init>(105)) - f26df5d6-3520-49aa-a5c8-632992372390:group-941868B5B7D1 ConfigurationManager, init=-1: [f26df5d6-3520-49aa-a5c8-632992372390:192.168.34.10:33799], old=null, confs=<EMPTY_MAP>
2019-08-27 17:45:11,490 [pool-316-thread-1] INFO  server.RaftServerConfigKeys (ConfUtils.java:logGet(43)) - raft.server.storage.dir = [/workdir/hadoop-ozone/integration-test/target/test-dir/MiniOzoneClusterImpl-14d59322-d55d-44ab-8010-b6fe6443f38f/datanode-0/data/ratis] (custom)
2019-08-27 17:45:11,491 [pool-316-thread-1] INFO  storage.RaftStorageDirectory (RaftStorageDirectory.java:analyzeStorage(246)) - The storage directory /workdir/hadoop-ozone/integration-test/target/test-dir/MiniOzoneClusterImpl-14d59322-d55d-44ab-8010-b6fe6443f38f/datanode-0/data/ratis/72cc8b6f-9d6a-477a-afa1-941868b5b7d1 does not exist. Creating ...
2019-08-27 17:45:11,504 [pool-316-thread-1] INFO  storage.RaftStorageDirectory (RaftStorageDirectory.java:tryLock(328)) - Lock on /workdir/hadoop-ozone/integration-test/target/test-dir/MiniOzoneClusterImpl-14d59322-d55d-44ab-8010-b6fe6443f38f/datanode-0/data/ratis/72cc8b6f-9d6a-477a-afa1-941868b5b7d1/in_use.lock acquired by nodename 10594@pr-hdds-2042-56j6g-243734211
2019-08-27 17:45:11,518 [pool-316-thread-1] INFO  storage.RaftStorage (RaftStorage.java:format(72)) - Storage directory /workdir/hadoop-ozone/integration-test/target/test-dir/MiniOzoneClusterImpl-14d59322-d55d-44ab-8010-b6fe6443f38f/datanode-0/data/ratis/72cc8b6f-9d6a-477a-afa1-941868b5b7d1 has been successfully formatted.
2019-08-27 17:45:11,519 [pool-316-thread-1] INFO  ratis.ContainerStateMachine (ContainerStateMachine.java:loadSnapshot(226)) - group-941868B5B7D1: The snapshot info is null. Setting the last applied indexto:(t:0, i:~)
2019-08-27 17:45:11,519 [pool-316-thread-1] INFO  server.RaftServerConfigKeys (ConfUtils.java:logGet(43)) - raft.server.leader.election.timeout = 120s (custom)
2019-08-27 17:45:11,519 [pool-316-thread-1] INFO  server.RaftServerConfigKeys (ConfUtils.java:logGet(43)) - raft.server.log.use.memory = false (default)
2019-08-27 17:45:11,520 [pool-316-thread-1] INFO  server.RaftServerConfigKeys (ConfUtils.java:logGet(43)) - raft.server.log.purge.gap = 1000000 (custom)
2019-08-27 17:45:11,520 [pool-316-thread-1] INFO  server.RaftServerConfigKeys (ConfUtils.java:logGet(43)) - raft.server.log.appender.buffer.byte-limit = 33554432 (custom)
2019-08-27 17:45:11,520 [pool-316-thread-1] INFO  server.RaftServerConfigKeys (ConfUtils.java:logGet(43)) - raft.server.log.segment.size.max = 1048576 (custom)
2019-08-27 17:45:11,520 [pool-316-thread-1] INFO  server.RaftServerConfigKeys (ConfUtils.java:logGet(43)) - raft.server.log.segment.cache.num.max = 2 (custom)
2019-08-27 17:45:11,520 [pool-316-thread-1] INFO  segmented.SegmentedRaftLogWorker (SegmentedRaftLogWorker.java:<init>(172)) - new f26df5d6-3520-49aa-a5c8-632992372390-SegmentedRaftLogWorker:Storage Directory /workdir/hadoop-ozone/integration-test/target/test-dir/MiniOzoneClusterImpl-14d59322-d55d-44ab-8010-b6fe6443f38f/datanode-0/data/ratis/72cc8b6f-9d6a-477a-afa1-941868b5b7d1 for RaftStorage:Storage Directory /workdir/hadoop-ozone/integration-test/target/test-dir/MiniOzoneClusterImpl-14d59322-d55d-44ab-8010-b6fe6443f38f/datanode-0/data/ratis/72cc8b6f-9d6a-477a-afa1-941868b5b7d1
2019-08-27 17:45:11,521 [pool-316-thread-1] INFO  server.RaftServerConfigKeys (ConfUtils.java:logGet(43)) - raft.server.log.queue.byte-limit = 2147483647 (custom)
2019-08-27 17:45:11,521 [pool-316-thread-1] INFO  server.RaftServerConfigKeys (ConfUtils.java:logGet(43)) - raft.server.log.queue.element-limit = 1024 (custom)
2019-08-27 17:45:11,521 [pool-316-thread-1] INFO  server.RaftServerConfigKeys (ConfUtils.java:logGet(43)) - raft.server.log.segment.size.max = 1048576 (custom)
2019-08-27 17:45:11,522 [pool-316-thread-1] INFO  server.RaftServerConfigKeys (ConfUtils.java:logGet(43)) - raft.server.log.preallocated.size = 16384 (custom)
2019-08-27 17:45:11,522 [pool-316-thread-1] INFO  server.RaftServerConfigKeys (ConfUtils.java:logGet(43)) - raft.server.log.write.buffer.size = 33554432 (custom)
2019-08-27 17:45:11,522 [pool-316-thread-1] INFO  server.RaftServerConfigKeys (ConfUtils.java:logGet(43)) - raft.server.log.force.sync.num = 128 (default)
2019-08-27 17:45:11,522 [pool-316-thread-1] INFO  server.RaftServerConfigKeys (ConfUtils.java:logGet(43)) - raft.server.log.statemachine.data.sync = true (default)
2019-08-27 17:45:11,522 [pool-316-thread-1] INFO  server.RaftServerConfigKeys (ConfUtils.java:logGet(43)) - raft.server.log.statemachine.data.sync.timeout = 10s (default)
2019-08-27 17:45:11,522 [pool-316-thread-1] INFO  server.RaftServerConfigKeys (ConfUtils.java:logGet(43)) - raft.server.log.statemachine.data.sync.timeout.retry = -1 (default)
2019-08-27 17:45:11,523 [pool-316-thread-1] INFO  server.RaftServerConfigKeys (ConfUtils.java:logGet(43)) - raft.server.log.statemachine.data.caching.enabled = true (custom)
2019-08-27 17:45:11,523 [pool-316-thread-1] INFO  segmented.SegmentedRaftLogWorker (SegmentedRaftLogWorker.java:lambda$new$0(132)) - f26df5d6-3520-49aa-a5c8-632992372390-SegmentedRaftLogWorker:Storage Directory /workdir/hadoop-ozone/integration-test/target/test-dir/MiniOzoneClusterImpl-14d59322-d55d-44ab-8010-b6fe6443f38f/datanode-0/data/ratis/72cc8b6f-9d6a-477a-afa1-941868b5b7d1: flushIndex: setUnconditionally 0 -> -1
2019-08-27 17:45:11,524 [pool-316-thread-1] INFO  server.RaftServerConfigKeys (ConfUtils.java:logGet(43)) - raft.server.snapshot.auto.trigger.enabled = true (custom)
2019-08-27 17:45:11,524 [pool-316-thread-1] INFO  server.RaftServerConfigKeys (ConfUtils.java:logGet(43)) - raft.server.snapshot.auto.trigger.threshold = 10000 (custom)
2019-08-27 17:45:11,524 [pool-316-thread-1] INFO  server.RaftServerConfigKeys (ConfUtils.java:logGet(43)) - raft.server.retrycache.expirytime = 600000ms (custom)
2019-08-27 17:45:11,525 [pool-316-thread-1] INFO  impl.RaftServerImpl (RaftServerImpl.java:start(180)) - f26df5d6-3520-49aa-a5c8-632992372390: start group-941868B5B7D1
2019-08-27 17:45:11,525 [pool-316-thread-1] INFO  impl.RaftServerImpl (RaftServerImpl.java:setRole(171)) - f26df5d6-3520-49aa-a5c8-632992372390:group-941868B5B7D1 changes role from null to FOLLOWER at term 0 for startAsFollower
2019-08-27 17:45:11,525 [pool-316-thread-1] INFO  impl.RoleInfo (RoleInfo.java:updateAndGet(143)) - f26df5d6-3520-49aa-a5c8-632992372390: start FollowerState
2019-08-27 17:45:11,526 [pool-316-thread-1] INFO  util.JmxRegister (JmxRegister.java:tryRegister(44)) - Successfully registered JMX Bean with object name Ratis:service=RaftServer,group=group-941868B5B7D1,id=f26df5d6-3520-49aa-a5c8-632992372390
2019-08-27 17:45:11,532 [RatisPipelineUtilsThread] INFO  pipeline.PipelineStateManager (PipelineStateManager.java:addPipeline(56)) - Created pipeline Pipeline[ Id: 72cc8b6f-9d6a-477a-afa1-941868b5b7d1, Nodes: f26df5d6-3520-49aa-a5c8-632992372390{ip: 192.168.34.10, host: pr-hdds-2042-56j6g-243734211, networkLocation: /default-rack, certSerialId: null}, Type:RATIS, Factor:ONE, State:OPEN]
2019-08-27 17:45:11,543 [main] INFO  ozone.MiniOzoneClusterImpl (MiniOzoneClusterImpl.java:lambda$waitForClusterToBeReady$0(142)) - Waiting for cluster to be ready. Got 1 of 7 DN Heartbeats.
2019-08-27 17:45:11,639 [IPC Server handler 4 on 42328] INFO  net.NetworkTopology (NetworkTopologyImpl.java:add(110)) - Added a new node: /default-rack/50a88058-ea49-453d-8daf-365795fc0487
2019-08-27 17:45:11,639 [IPC Server handler 4 on 42328] INFO  node.SCMNodeManager (SCMNodeManager.java:register(273)) - Registered Data node : 50a88058-ea49-453d-8daf-365795fc0487{ip: 192.168.34.10, host: pr-hdds-2042-56j6g-243734211, networkLocation: /default-rack, certSerialId: null}
2019-08-27 17:45:11,640 | INFO  | SCMAudit | user=jenkins1000 | ip=192.168.34.10 | op=REGISTER {datanodeDetails=50a88058-ea49-453d-8daf-365795fc0487{ip: 192.168.34.10, host: pr-hdds-2042-56j6g-243734211, networkLocation: /default-rack, certSerialId: null}} | ret=SUCCESS |  
2019-08-27 17:45:11,650 [grpc-default-executor-3] INFO  impl.RaftServerProxy (RaftServerProxy.java:addNew(89)) - 50a88058-ea49-453d-8daf-365795fc0487: addNew group-EE6DDD0C57CE:[50a88058-ea49-453d-8daf-365795fc0487:192.168.34.10:41899] returns group-EE6DDD0C57CE:java.util.concurrent.CompletableFuture@7c4a6bec[Not completed]
2019-08-27 17:45:11,652 [pool-327-thread-1] INFO  impl.RaftServerImpl (RaftServerImpl.java:<init>(93)) - 50a88058-ea49-453d-8daf-365795fc0487: new RaftServerImpl for group-EE6DDD0C57CE:[50a88058-ea49-453d-8daf-365795fc0487:192.168.34.10:41899] with ContainerStateMachine:uninitialized
2019-08-27 17:45:11,652 [pool-327-thread-1] INFO  server.RaftServerConfigKeys (ConfUtils.java:logGet(43)) - raft.server.rpc.timeout.min = 5s (custom)
2019-08-27 17:45:11,652 [pool-327-thread-1] INFO  server.RaftServerConfigKeys (ConfUtils.java:logGet(43)) - raft.server.rpc.timeout.max = 5200ms (custom)
2019-08-27 17:45:11,652 [pool-327-thread-1] INFO  server.RaftServerConfigKeys (ConfUtils.java:logGet(43)) - raft.server.rpcslowness.timeout = 120s (custom)
2019-08-27 17:45:11,652 [pool-327-thread-1] INFO  server.RaftServerConfigKeys (ConfUtils.java:logGet(43)) - raft.server.sleep.deviation.threshold = 300 (default)
2019-08-27 17:45:11,652 [pool-327-thread-1] INFO  server.RaftServerConfigKeys (ConfUtils.java:logGet(43)) - raft.server.log.appender.install.snapshot.enabled = false (custom)
2019-08-27 17:45:11,653 [pool-327-thread-1] INFO  impl.RaftServerImpl (ServerState.java:<init>(105)) - 50a88058-ea49-453d-8daf-365795fc0487:group-EE6DDD0C57CE ConfigurationManager, init=-1: [50a88058-ea49-453d-8daf-365795fc0487:192.168.34.10:41899], old=null, confs=<EMPTY_MAP>
2019-08-27 17:45:11,653 [pool-327-thread-1] INFO  server.RaftServerConfigKeys (ConfUtils.java:logGet(43)) - raft.server.storage.dir = [/workdir/hadoop-ozone/integration-test/target/test-dir/MiniOzoneClusterImpl-14d59322-d55d-44ab-8010-b6fe6443f38f/datanode-1/data/ratis] (custom)
2019-08-27 17:45:11,653 [pool-327-thread-1] INFO  storage.RaftStorageDirectory (RaftStorageDirectory.java:analyzeStorage(246)) - The storage directory /workdir/hadoop-ozone/integration-test/target/test-dir/MiniOzoneClusterImpl-14d59322-d55d-44ab-8010-b6fe6443f38f/datanode-1/data/ratis/c2f4c3a0-37b0-438e-9ac3-ee6ddd0c57ce does not exist. Creating ...
2019-08-27 17:45:11,667 [pool-327-thread-1] INFO  storage.RaftStorageDirectory (RaftStorageDirectory.java:tryLock(328)) - Lock on /workdir/hadoop-ozone/integration-test/target/test-dir/MiniOzoneClusterImpl-14d59322-d55d-44ab-8010-b6fe6443f38f/datanode-1/data/ratis/c2f4c3a0-37b0-438e-9ac3-ee6ddd0c57ce/in_use.lock acquired by nodename 10594@pr-hdds-2042-56j6g-243734211
2019-08-27 17:45:11,681 [pool-327-thread-1] INFO  storage.RaftStorage (RaftStorage.java:format(72)) - Storage directory /workdir/hadoop-ozone/integration-test/target/test-dir/MiniOzoneClusterImpl-14d59322-d55d-44ab-8010-b6fe6443f38f/datanode-1/data/ratis/c2f4c3a0-37b0-438e-9ac3-ee6ddd0c57ce has been successfully formatted.
2019-08-27 17:45:11,681 [pool-327-thread-1] INFO  ratis.ContainerStateMachine (ContainerStateMachine.java:loadSnapshot(226)) - group-EE6DDD0C57CE: The snapshot info is null. Setting the last applied indexto:(t:0, i:~)
2019-08-27 17:45:11,682 [pool-327-thread-1] INFO  server.RaftServerConfigKeys (ConfUtils.java:logGet(43)) - raft.server.leader.election.timeout = 120s (custom)
2019-08-27 17:45:11,682 [pool-327-thread-1] INFO  server.RaftServerConfigKeys (ConfUtils.java:logGet(43)) - raft.server.log.use.memory = false (default)
2019-08-27 17:45:11,682 [pool-327-thread-1] INFO  server.RaftServerConfigKeys (ConfUtils.java:logGet(43)) - raft.server.log.purge.gap = 1000000 (custom)
2019-08-27 17:45:11,682 [pool-327-thread-1] INFO  server.RaftServerConfigKeys (ConfUtils.java:logGet(43)) - raft.server.log.appender.buffer.byte-limit = 33554432 (custom)
2019-08-27 17:45:11,682 [pool-327-thread-1] INFO  server.RaftServerConfigKeys (ConfUtils.java:logGet(43)) - raft.server.log.segment.size.max = 1048576 (custom)
2019-08-27 17:45:11,682 [pool-327-thread-1] INFO  server.RaftServerConfigKeys (ConfUtils.java:logGet(43)) - raft.server.log.segment.cache.num.max = 2 (custom)
2019-08-27 17:45:11,683 [pool-327-thread-1] INFO  segmented.SegmentedRaftLogWorker (SegmentedRaftLogWorker.java:<init>(172)) - new 50a88058-ea49-453d-8daf-365795fc0487-SegmentedRaftLogWorker:Storage Directory /workdir/hadoop-ozone/integration-test/target/test-dir/MiniOzoneClusterImpl-14d59322-d55d-44ab-8010-b6fe6443f38f/datanode-1/data/ratis/c2f4c3a0-37b0-438e-9ac3-ee6ddd0c57ce for RaftStorage:Storage Directory /workdir/hadoop-ozone/integration-test/target/test-dir/MiniOzoneClusterImpl-14d59322-d55d-44ab-8010-b6fe6443f38f/datanode-1/data/ratis/c2f4c3a0-37b0-438e-9ac3-ee6ddd0c57ce
2019-08-27 17:45:11,683 [pool-327-thread-1] INFO  server.RaftServerConfigKeys (ConfUtils.java:logGet(43)) - raft.server.log.queue.byte-limit = 2147483647 (custom)
2019-08-27 17:45:11,683 [pool-327-thread-1] INFO  server.RaftServerConfigKeys (ConfUtils.java:logGet(43)) - raft.server.log.queue.element-limit = 1024 (custom)
2019-08-27 17:45:11,683 [pool-327-thread-1] INFO  server.RaftServerConfigKeys (ConfUtils.java:logGet(43)) - raft.server.log.segment.size.max = 1048576 (custom)
2019-08-27 17:45:11,683 [pool-327-thread-1] INFO  server.RaftServerConfigKeys (ConfUtils.java:logGet(43)) - raft.server.log.preallocated.size = 16384 (custom)
2019-08-27 17:45:11,684 [pool-327-thread-1] INFO  server.RaftServerConfigKeys (ConfUtils.java:logGet(43)) - raft.server.log.write.buffer.size = 33554432 (custom)
2019-08-27 17:45:11,684 [pool-327-thread-1] INFO  server.RaftServerConfigKeys (ConfUtils.java:logGet(43)) - raft.server.log.force.sync.num = 128 (default)
2019-08-27 17:45:11,684 [pool-327-thread-1] INFO  server.RaftServerConfigKeys (ConfUtils.java:logGet(43)) - raft.server.log.statemachine.data.sync = true (default)
2019-08-27 17:45:11,684 [pool-327-thread-1] INFO  server.RaftServerConfigKeys (ConfUtils.java:logGet(43)) - raft.server.log.statemachine.data.sync.timeout = 10s (default)
2019-08-27 17:45:11,684 [pool-327-thread-1] INFO  server.RaftServerConfigKeys (ConfUtils.java:logGet(43)) - raft.server.log.statemachine.data.sync.timeout.retry = -1 (default)
2019-08-27 17:45:11,685 [pool-327-thread-1] INFO  server.RaftServerConfigKeys (ConfUtils.java:logGet(43)) - raft.server.log.statemachine.data.caching.enabled = true (custom)
2019-08-27 17:45:11,685 [pool-327-thread-1] INFO  segmented.SegmentedRaftLogWorker (SegmentedRaftLogWorker.java:lambda$new$0(132)) - 50a88058-ea49-453d-8daf-365795fc0487-SegmentedRaftLogWorker:Storage Directory /workdir/hadoop-ozone/integration-test/target/test-dir/MiniOzoneClusterImpl-14d59322-d55d-44ab-8010-b6fe6443f38f/datanode-1/data/ratis/c2f4c3a0-37b0-438e-9ac3-ee6ddd0c57ce: flushIndex: setUnconditionally 0 -> -1
2019-08-27 17:45:11,685 [pool-327-thread-1] INFO  server.RaftServerConfigKeys (ConfUtils.java:logGet(43)) - raft.server.snapshot.auto.trigger.enabled = true (custom)
2019-08-27 17:45:11,686 [pool-327-thread-1] INFO  server.RaftServerConfigKeys (ConfUtils.java:logGet(43)) - raft.server.snapshot.auto.trigger.threshold = 10000 (custom)
2019-08-27 17:45:11,686 [pool-327-thread-1] INFO  server.RaftServerConfigKeys (ConfUtils.java:logGet(43)) - raft.server.retrycache.expirytime = 600000ms (custom)
2019-08-27 17:45:11,686 [pool-327-thread-1] INFO  impl.RaftServerImpl (RaftServerImpl.java:start(180)) - 50a88058-ea49-453d-8daf-365795fc0487: start group-EE6DDD0C57CE
2019-08-27 17:45:11,686 [pool-327-thread-1] INFO  impl.RaftServerImpl (RaftServerImpl.java:setRole(171)) - 50a88058-ea49-453d-8daf-365795fc0487:group-EE6DDD0C57CE changes role from null to FOLLOWER at term 0 for startAsFollower
2019-08-27 17:45:11,686 [pool-327-thread-1] INFO  impl.RoleInfo (RoleInfo.java:updateAndGet(143)) - 50a88058-ea49-453d-8daf-365795fc0487: start FollowerState
2019-08-27 17:45:11,687 [pool-327-thread-1] INFO  util.JmxRegister (JmxRegister.java:tryRegister(44)) - Successfully registered JMX Bean with object name Ratis:service=RaftServer,group=group-EE6DDD0C57CE,id=50a88058-ea49-453d-8daf-365795fc0487
2019-08-27 17:45:11,695 [RatisPipelineUtilsThread] INFO  pipeline.PipelineStateManager (PipelineStateManager.java:addPipeline(56)) - Created pipeline Pipeline[ Id: c2f4c3a0-37b0-438e-9ac3-ee6ddd0c57ce, Nodes: 50a88058-ea49-453d-8daf-365795fc0487{ip: 192.168.34.10, host: pr-hdds-2042-56j6g-243734211, networkLocation: /default-rack, certSerialId: null}, Type:RATIS, Factor:ONE, State:OPEN]
2019-08-27 17:45:11,830 [IPC Server handler 0 on 42328] INFO  net.NetworkTopology (NetworkTopologyImpl.java:add(110)) - Added a new node: /default-rack/6a91ab85-d51f-4aea-b226-0883daafe048
2019-08-27 17:45:11,830 [IPC Server handler 0 on 42328] INFO  node.SCMNodeManager (SCMNodeManager.java:register(273)) - Registered Data node : 6a91ab85-d51f-4aea-b226-0883daafe048{ip: 192.168.34.10, host: pr-hdds-2042-56j6g-243734211, networkLocation: /default-rack, certSerialId: null}
2019-08-27 17:45:11,831 | INFO  | SCMAudit | user=jenkins1000 | ip=192.168.34.10 | op=REGISTER {datanodeDetails=6a91ab85-d51f-4aea-b226-0883daafe048{ip: 192.168.34.10, host: pr-hdds-2042-56j6g-243734211, networkLocation: /default-rack, certSerialId: null}} | ret=SUCCESS |  
2019-08-27 17:45:11,840 [grpc-default-executor-3] INFO  impl.RaftServerProxy (RaftServerProxy.java:addNew(89)) - 6a91ab85-d51f-4aea-b226-0883daafe048: addNew group-CBF421EDE1FF:[6a91ab85-d51f-4aea-b226-0883daafe048:192.168.34.10:46844] returns group-CBF421EDE1FF:java.util.concurrent.CompletableFuture@1ca7670f[Not completed]
2019-08-27 17:45:11,842 [pool-338-thread-1] INFO  impl.RaftServerImpl (RaftServerImpl.java:<init>(93)) - 6a91ab85-d51f-4aea-b226-0883daafe048: new RaftServerImpl for group-CBF421EDE1FF:[6a91ab85-d51f-4aea-b226-0883daafe048:192.168.34.10:46844] with ContainerStateMachine:uninitialized
2019-08-27 17:45:11,842 [pool-338-thread-1] INFO  server.RaftServerConfigKeys (ConfUtils.java:logGet(43)) - raft.server.rpc.timeout.min = 5s (custom)
2019-08-27 17:45:11,842 [pool-338-thread-1] INFO  server.RaftServerConfigKeys (ConfUtils.java:logGet(43)) - raft.server.rpc.timeout.max = 5200ms (custom)
2019-08-27 17:45:11,842 [pool-338-thread-1] INFO  server.RaftServerConfigKeys (ConfUtils.java:logGet(43)) - raft.server.rpcslowness.timeout = 120s (custom)
2019-08-27 17:45:11,843 [pool-338-thread-1] INFO  server.RaftServerConfigKeys (ConfUtils.java:logGet(43)) - raft.server.sleep.deviation.threshold = 300 (default)
2019-08-27 17:45:11,843 [pool-338-thread-1] INFO  server.RaftServerConfigKeys (ConfUtils.java:logGet(43)) - raft.server.log.appender.install.snapshot.enabled = false (custom)
2019-08-27 17:45:11,843 [pool-338-thread-1] INFO  impl.RaftServerImpl (ServerState.java:<init>(105)) - 6a91ab85-d51f-4aea-b226-0883daafe048:group-CBF421EDE1FF ConfigurationManager, init=-1: [6a91ab85-d51f-4aea-b226-0883daafe048:192.168.34.10:46844], old=null, confs=<EMPTY_MAP>
2019-08-27 17:45:11,843 [pool-338-thread-1] INFO  server.RaftServerConfigKeys (ConfUtils.java:logGet(43)) - raft.server.storage.dir = [/workdir/hadoop-ozone/integration-test/target/test-dir/MiniOzoneClusterImpl-14d59322-d55d-44ab-8010-b6fe6443f38f/datanode-2/data/ratis] (custom)
2019-08-27 17:45:11,844 [pool-338-thread-1] INFO  storage.RaftStorageDirectory (RaftStorageDirectory.java:analyzeStorage(246)) - The storage directory /workdir/hadoop-ozone/integration-test/target/test-dir/MiniOzoneClusterImpl-14d59322-d55d-44ab-8010-b6fe6443f38f/datanode-2/data/ratis/6fc455cd-d586-4ce1-b4a7-cbf421ede1ff does not exist. Creating ...
2019-08-27 17:45:11,857 [pool-338-thread-1] INFO  storage.RaftStorageDirectory (RaftStorageDirectory.java:tryLock(328)) - Lock on /workdir/hadoop-ozone/integration-test/target/test-dir/MiniOzoneClusterImpl-14d59322-d55d-44ab-8010-b6fe6443f38f/datanode-2/data/ratis/6fc455cd-d586-4ce1-b4a7-cbf421ede1ff/in_use.lock acquired by nodename 10594@pr-hdds-2042-56j6g-243734211
2019-08-27 17:45:11,870 [pool-338-thread-1] INFO  storage.RaftStorage (RaftStorage.java:format(72)) - Storage directory /workdir/hadoop-ozone/integration-test/target/test-dir/MiniOzoneClusterImpl-14d59322-d55d-44ab-8010-b6fe6443f38f/datanode-2/data/ratis/6fc455cd-d586-4ce1-b4a7-cbf421ede1ff has been successfully formatted.
2019-08-27 17:45:11,870 [pool-338-thread-1] INFO  ratis.ContainerStateMachine (ContainerStateMachine.java:loadSnapshot(226)) - group-CBF421EDE1FF: The snapshot info is null. Setting the last applied indexto:(t:0, i:~)
2019-08-27 17:45:11,871 [pool-338-thread-1] INFO  server.RaftServerConfigKeys (ConfUtils.java:logGet(43)) - raft.server.leader.election.timeout = 120s (custom)
2019-08-27 17:45:11,871 [pool-338-thread-1] INFO  server.RaftServerConfigKeys (ConfUtils.java:logGet(43)) - raft.server.log.use.memory = false (default)
2019-08-27 17:45:11,871 [pool-338-thread-1] INFO  server.RaftServerConfigKeys (ConfUtils.java:logGet(43)) - raft.server.log.purge.gap = 1000000 (custom)
2019-08-27 17:45:11,871 [pool-338-thread-1] INFO  server.RaftServerConfigKeys (ConfUtils.java:logGet(43)) - raft.server.log.appender.buffer.byte-limit = 33554432 (custom)
2019-08-27 17:45:11,871 [pool-338-thread-1] INFO  server.RaftServerConfigKeys (ConfUtils.java:logGet(43)) - raft.server.log.segment.size.max = 1048576 (custom)
2019-08-27 17:45:11,871 [pool-338-thread-1] INFO  server.RaftServerConfigKeys (ConfUtils.java:logGet(43)) - raft.server.log.segment.cache.num.max = 2 (custom)
2019-08-27 17:45:11,872 [pool-338-thread-1] INFO  segmented.SegmentedRaftLogWorker (SegmentedRaftLogWorker.java:<init>(172)) - new 6a91ab85-d51f-4aea-b226-0883daafe048-SegmentedRaftLogWorker:Storage Directory /workdir/hadoop-ozone/integration-test/target/test-dir/MiniOzoneClusterImpl-14d59322-d55d-44ab-8010-b6fe6443f38f/datanode-2/data/ratis/6fc455cd-d586-4ce1-b4a7-cbf421ede1ff for RaftStorage:Storage Directory /workdir/hadoop-ozone/integration-test/target/test-dir/MiniOzoneClusterImpl-14d59322-d55d-44ab-8010-b6fe6443f38f/datanode-2/data/ratis/6fc455cd-d586-4ce1-b4a7-cbf421ede1ff
2019-08-27 17:45:11,872 [pool-338-thread-1] INFO  server.RaftServerConfigKeys (ConfUtils.java:logGet(43)) - raft.server.log.queue.byte-limit = 2147483647 (custom)
2019-08-27 17:45:11,872 [pool-338-thread-1] INFO  server.RaftServerConfigKeys (ConfUtils.java:logGet(43)) - raft.server.log.queue.element-limit = 1024 (custom)
2019-08-27 17:45:11,872 [pool-338-thread-1] INFO  server.RaftServerConfigKeys (ConfUtils.java:logGet(43)) - raft.server.log.segment.size.max = 1048576 (custom)
2019-08-27 17:45:11,872 [pool-338-thread-1] INFO  server.RaftServerConfigKeys (ConfUtils.java:logGet(43)) - raft.server.log.preallocated.size = 16384 (custom)
2019-08-27 17:45:11,873 [pool-338-thread-1] INFO  server.RaftServerConfigKeys (ConfUtils.java:logGet(43)) - raft.server.log.write.buffer.size = 33554432 (custom)
2019-08-27 17:45:11,873 [pool-338-thread-1] INFO  server.RaftServerConfigKeys (ConfUtils.java:logGet(43)) - raft.server.log.force.sync.num = 128 (default)
2019-08-27 17:45:11,873 [pool-338-thread-1] INFO  server.RaftServerConfigKeys (ConfUtils.java:logGet(43)) - raft.server.log.statemachine.data.sync = true (default)
2019-08-27 17:45:11,873 [pool-338-thread-1] INFO  server.RaftServerConfigKeys (ConfUtils.java:logGet(43)) - raft.server.log.statemachine.data.sync.timeout = 10s (default)
2019-08-27 17:45:11,873 [pool-338-thread-1] INFO  server.RaftServerConfigKeys (ConfUtils.java:logGet(43)) - raft.server.log.statemachine.data.sync.timeout.retry = -1 (default)
2019-08-27 17:45:11,874 [pool-338-thread-1] INFO  server.RaftServerConfigKeys (ConfUtils.java:logGet(43)) - raft.server.log.statemachine.data.caching.enabled = true (custom)
2019-08-27 17:45:11,874 [pool-338-thread-1] INFO  segmented.SegmentedRaftLogWorker (SegmentedRaftLogWorker.java:lambda$new$0(132)) - 6a91ab85-d51f-4aea-b226-0883daafe048-SegmentedRaftLogWorker:Storage Directory /workdir/hadoop-ozone/integration-test/target/test-dir/MiniOzoneClusterImpl-14d59322-d55d-44ab-8010-b6fe6443f38f/datanode-2/data/ratis/6fc455cd-d586-4ce1-b4a7-cbf421ede1ff: flushIndex: setUnconditionally 0 -> -1
2019-08-27 17:45:11,874 [pool-338-thread-1] INFO  server.RaftServerConfigKeys (ConfUtils.java:logGet(43)) - raft.server.snapshot.auto.trigger.enabled = true (custom)
2019-08-27 17:45:11,874 [pool-338-thread-1] INFO  server.RaftServerConfigKeys (ConfUtils.java:logGet(43)) - raft.server.snapshot.auto.trigger.threshold = 10000 (custom)
2019-08-27 17:45:11,875 [pool-338-thread-1] INFO  server.RaftServerConfigKeys (ConfUtils.java:logGet(43)) - raft.server.retrycache.expirytime = 600000ms (custom)
2019-08-27 17:45:11,875 [pool-338-thread-1] INFO  impl.RaftServerImpl (RaftServerImpl.java:start(180)) - 6a91ab85-d51f-4aea-b226-0883daafe048: start group-CBF421EDE1FF
2019-08-27 17:45:11,875 [pool-338-thread-1] INFO  impl.RaftServerImpl (RaftServerImpl.java:setRole(171)) - 6a91ab85-d51f-4aea-b226-0883daafe048:group-CBF421EDE1FF changes role from null to FOLLOWER at term 0 for startAsFollower
2019-08-27 17:45:11,875 [pool-338-thread-1] INFO  impl.RoleInfo (RoleInfo.java:updateAndGet(143)) - 6a91ab85-d51f-4aea-b226-0883daafe048: start FollowerState
2019-08-27 17:45:11,876 [pool-338-thread-1] INFO  util.JmxRegister (JmxRegister.java:tryRegister(44)) - Successfully registered JMX Bean with object name Ratis:service=RaftServer,group=group-CBF421EDE1FF,id=6a91ab85-d51f-4aea-b226-0883daafe048
2019-08-27 17:45:11,880 [RatisPipelineUtilsThread] INFO  pipeline.PipelineStateManager (PipelineStateManager.java:addPipeline(56)) - Created pipeline Pipeline[ Id: 6fc455cd-d586-4ce1-b4a7-cbf421ede1ff, Nodes: 6a91ab85-d51f-4aea-b226-0883daafe048{ip: 192.168.34.10, host: pr-hdds-2042-56j6g-243734211, networkLocation: /default-rack, certSerialId: null}, Type:RATIS, Factor:ONE, State:OPEN]
2019-08-27 17:45:11,898 [grpc-default-executor-5] INFO  impl.RaftServerProxy (RaftServerProxy.java:addNew(89)) - 6a91ab85-d51f-4aea-b226-0883daafe048: addNew group-317983708AB2:[50a88058-ea49-453d-8daf-365795fc0487:192.168.34.10:41899, 6a91ab85-d51f-4aea-b226-0883daafe048:192.168.34.10:46844, f26df5d6-3520-49aa-a5c8-632992372390:192.168.34.10:33799] returns group-317983708AB2:java.util.concurrent.CompletableFuture@71173cc6[Not completed]
2019-08-27 17:45:11,901 [grpc-default-executor-3] INFO  impl.RaftServerProxy (RaftServerProxy.java:addNew(89)) - 50a88058-ea49-453d-8daf-365795fc0487: addNew group-317983708AB2:[50a88058-ea49-453d-8daf-365795fc0487:192.168.34.10:41899, 6a91ab85-d51f-4aea-b226-0883daafe048:192.168.34.10:46844, f26df5d6-3520-49aa-a5c8-632992372390:192.168.34.10:33799] returns group-317983708AB2:java.util.concurrent.CompletableFuture@63ed6769[Not completed]
2019-08-27 17:45:11,902 [pool-338-thread-1] INFO  impl.RaftServerImpl (RaftServerImpl.java:<init>(93)) - 6a91ab85-d51f-4aea-b226-0883daafe048: new RaftServerImpl for group-317983708AB2:[50a88058-ea49-453d-8daf-365795fc0487:192.168.34.10:41899, 6a91ab85-d51f-4aea-b226-0883daafe048:192.168.34.10:46844, f26df5d6-3520-49aa-a5c8-632992372390:192.168.34.10:33799] with ContainerStateMachine:uninitialized
2019-08-27 17:45:11,903 [pool-338-thread-1] INFO  server.RaftServerConfigKeys (ConfUtils.java:logGet(43)) - raft.server.rpc.timeout.min = 5s (custom)
2019-08-27 17:45:11,903 [pool-338-thread-1] INFO  server.RaftServerConfigKeys (ConfUtils.java:logGet(43)) - raft.server.rpc.timeout.max = 5200ms (custom)
2019-08-27 17:45:11,903 [pool-327-thread-1] INFO  impl.RaftServerImpl (RaftServerImpl.java:<init>(93)) - 50a88058-ea49-453d-8daf-365795fc0487: new RaftServerImpl for group-317983708AB2:[50a88058-ea49-453d-8daf-365795fc0487:192.168.34.10:41899, 6a91ab85-d51f-4aea-b226-0883daafe048:192.168.34.10:46844, f26df5d6-3520-49aa-a5c8-632992372390:192.168.34.10:33799] with ContainerStateMachine:uninitialized
2019-08-27 17:45:11,903 [pool-338-thread-1] INFO  server.RaftServerConfigKeys (ConfUtils.java:logGet(43)) - raft.server.rpcslowness.timeout = 120s (custom)
2019-08-27 17:45:11,903 [pool-327-thread-1] INFO  server.RaftServerConfigKeys (ConfUtils.java:logGet(43)) - raft.server.rpc.timeout.min = 5s (custom)
2019-08-27 17:45:11,904 [pool-338-thread-1] INFO  server.RaftServerConfigKeys (ConfUtils.java:logGet(43)) - raft.server.sleep.deviation.threshold = 300 (default)
2019-08-27 17:45:11,904 [pool-327-thread-1] INFO  server.RaftServerConfigKeys (ConfUtils.java:logGet(43)) - raft.server.rpc.timeout.max = 5200ms (custom)
2019-08-27 17:45:11,904 [pool-338-thread-1] INFO  server.RaftServerConfigKeys (ConfUtils.java:logGet(43)) - raft.server.log.appender.install.snapshot.enabled = false (custom)
2019-08-27 17:45:11,904 [pool-327-thread-1] INFO  server.RaftServerConfigKeys (ConfUtils.java:logGet(43)) - raft.server.rpcslowness.timeout = 120s (custom)
2019-08-27 17:45:11,904 [grpc-default-executor-2] INFO  impl.RaftServerProxy (RaftServerProxy.java:addNew(89)) - f26df5d6-3520-49aa-a5c8-632992372390: addNew group-317983708AB2:[50a88058-ea49-453d-8daf-365795fc0487:192.168.34.10:41899, 6a91ab85-d51f-4aea-b226-0883daafe048:192.168.34.10:46844, f26df5d6-3520-49aa-a5c8-632992372390:192.168.34.10:33799] returns group-317983708AB2:java.util.concurrent.CompletableFuture@485ee682[Not completed]
2019-08-27 17:45:11,904 [pool-338-thread-1] INFO  impl.RaftServerImpl (ServerState.java:<init>(105)) - 6a91ab85-d51f-4aea-b226-0883daafe048:group-317983708AB2 ConfigurationManager, init=-1: [50a88058-ea49-453d-8daf-365795fc0487:192.168.34.10:41899, 6a91ab85-d51f-4aea-b226-0883daafe048:192.168.34.10:46844, f26df5d6-3520-49aa-a5c8-632992372390:192.168.34.10:33799], old=null, confs=<EMPTY_MAP>
2019-08-27 17:45:11,905 [pool-327-thread-1] INFO  server.RaftServerConfigKeys (ConfUtils.java:logGet(43)) - raft.server.sleep.deviation.threshold = 300 (default)
2019-08-27 17:45:11,905 [pool-338-thread-1] INFO  server.RaftServerConfigKeys (ConfUtils.java:logGet(43)) - raft.server.storage.dir = [/workdir/hadoop-ozone/integration-test/target/test-dir/MiniOzoneClusterImpl-14d59322-d55d-44ab-8010-b6fe6443f38f/datanode-2/data/ratis] (custom)
2019-08-27 17:45:11,905 [pool-327-thread-1] INFO  server.RaftServerConfigKeys (ConfUtils.java:logGet(43)) - raft.server.log.appender.install.snapshot.enabled = false (custom)
2019-08-27 17:45:11,906 [pool-316-thread-1] INFO  impl.RaftServerImpl (RaftServerImpl.java:<init>(93)) - f26df5d6-3520-49aa-a5c8-632992372390: new RaftServerImpl for group-317983708AB2:[50a88058-ea49-453d-8daf-365795fc0487:192.168.34.10:41899, 6a91ab85-d51f-4aea-b226-0883daafe048:192.168.34.10:46844, f26df5d6-3520-49aa-a5c8-632992372390:192.168.34.10:33799] with ContainerStateMachine:uninitialized
2019-08-27 17:45:11,906 [pool-327-thread-1] INFO  impl.RaftServerImpl (ServerState.java:<init>(105)) - 50a88058-ea49-453d-8daf-365795fc0487:group-317983708AB2 ConfigurationManager, init=-1: [50a88058-ea49-453d-8daf-365795fc0487:192.168.34.10:41899, 6a91ab85-d51f-4aea-b226-0883daafe048:192.168.34.10:46844, f26df5d6-3520-49aa-a5c8-632992372390:192.168.34.10:33799], old=null, confs=<EMPTY_MAP>
2019-08-27 17:45:11,906 [pool-338-thread-1] INFO  storage.RaftStorageDirectory (RaftStorageDirectory.java:analyzeStorage(246)) - The storage directory /workdir/hadoop-ozone/integration-test/target/test-dir/MiniOzoneClusterImpl-14d59322-d55d-44ab-8010-b6fe6443f38f/datanode-2/data/ratis/55cf6a59-b48b-481f-9896-317983708ab2 does not exist. Creating ...
2019-08-27 17:45:11,906 [pool-316-thread-1] INFO  server.RaftServerConfigKeys (ConfUtils.java:logGet(43)) - raft.server.rpc.timeout.min = 5s (custom)
2019-08-27 17:45:11,906 [pool-327-thread-1] INFO  server.RaftServerConfigKeys (ConfUtils.java:logGet(43)) - raft.server.storage.dir = [/workdir/hadoop-ozone/integration-test/target/test-dir/MiniOzoneClusterImpl-14d59322-d55d-44ab-8010-b6fe6443f38f/datanode-1/data/ratis] (custom)
2019-08-27 17:45:11,906 [pool-316-thread-1] INFO  server.RaftServerConfigKeys (ConfUtils.java:logGet(43)) - raft.server.rpc.timeout.max = 5200ms (custom)
2019-08-27 17:45:11,907 [pool-316-thread-1] INFO  server.RaftServerConfigKeys (ConfUtils.java:logGet(43)) - raft.server.rpcslowness.timeout = 120s (custom)
2019-08-27 17:45:11,907 [pool-327-thread-1] INFO  storage.RaftStorageDirectory (RaftStorageDirectory.java:analyzeStorage(246)) - The storage directory /workdir/hadoop-ozone/integration-test/target/test-dir/MiniOzoneClusterImpl-14d59322-d55d-44ab-8010-b6fe6443f38f/datanode-1/data/ratis/55cf6a59-b48b-481f-9896-317983708ab2 does not exist. Creating ...
2019-08-27 17:45:11,907 [pool-316-thread-1] INFO  server.RaftServerConfigKeys (ConfUtils.java:logGet(43)) - raft.server.sleep.deviation.threshold = 300 (default)
2019-08-27 17:45:11,907 [pool-316-thread-1] INFO  server.RaftServerConfigKeys (ConfUtils.java:logGet(43)) - raft.server.log.appender.install.snapshot.enabled = false (custom)
2019-08-27 17:45:11,908 [pool-316-thread-1] INFO  impl.RaftServerImpl (ServerState.java:<init>(105)) - f26df5d6-3520-49aa-a5c8-632992372390:group-317983708AB2 ConfigurationManager, init=-1: [50a88058-ea49-453d-8daf-365795fc0487:192.168.34.10:41899, 6a91ab85-d51f-4aea-b226-0883daafe048:192.168.34.10:46844, f26df5d6-3520-49aa-a5c8-632992372390:192.168.34.10:33799], old=null, confs=<EMPTY_MAP>
2019-08-27 17:45:11,909 [pool-316-thread-1] INFO  server.RaftServerConfigKeys (ConfUtils.java:logGet(43)) - raft.server.storage.dir = [/workdir/hadoop-ozone/integration-test/target/test-dir/MiniOzoneClusterImpl-14d59322-d55d-44ab-8010-b6fe6443f38f/datanode-0/data/ratis] (custom)
2019-08-27 17:45:11,910 [pool-316-thread-1] INFO  storage.RaftStorageDirectory (RaftStorageDirectory.java:analyzeStorage(246)) - The storage directory /workdir/hadoop-ozone/integration-test/target/test-dir/MiniOzoneClusterImpl-14d59322-d55d-44ab-8010-b6fe6443f38f/datanode-0/data/ratis/55cf6a59-b48b-481f-9896-317983708ab2 does not exist. Creating ...
2019-08-27 17:45:11,920 [pool-338-thread-1] INFO  storage.RaftStorageDirectory (RaftStorageDirectory.java:tryLock(328)) - Lock on /workdir/hadoop-ozone/integration-test/target/test-dir/MiniOzoneClusterImpl-14d59322-d55d-44ab-8010-b6fe6443f38f/datanode-2/data/ratis/55cf6a59-b48b-481f-9896-317983708ab2/in_use.lock acquired by nodename 10594@pr-hdds-2042-56j6g-243734211
2019-08-27 17:45:11,920 [pool-316-thread-1] INFO  storage.RaftStorageDirectory (RaftStorageDirectory.java:tryLock(328)) - Lock on /workdir/hadoop-ozone/integration-test/target/test-dir/MiniOzoneClusterImpl-14d59322-d55d-44ab-8010-b6fe6443f38f/datanode-0/data/ratis/55cf6a59-b48b-481f-9896-317983708ab2/in_use.lock acquired by nodename 10594@pr-hdds-2042-56j6g-243734211
2019-08-27 17:45:11,920 [pool-327-thread-1] INFO  storage.RaftStorageDirectory (RaftStorageDirectory.java:tryLock(328)) - Lock on /workdir/hadoop-ozone/integration-test/target/test-dir/MiniOzoneClusterImpl-14d59322-d55d-44ab-8010-b6fe6443f38f/datanode-1/data/ratis/55cf6a59-b48b-481f-9896-317983708ab2/in_use.lock acquired by nodename 10594@pr-hdds-2042-56j6g-243734211
2019-08-27 17:45:11,934 [pool-327-thread-1] INFO  storage.RaftStorage (RaftStorage.java:format(72)) - Storage directory /workdir/hadoop-ozone/integration-test/target/test-dir/MiniOzoneClusterImpl-14d59322-d55d-44ab-8010-b6fe6443f38f/datanode-1/data/ratis/55cf6a59-b48b-481f-9896-317983708ab2 has been successfully formatted.
2019-08-27 17:45:11,934 [pool-316-thread-1] INFO  storage.RaftStorage (RaftStorage.java:format(72)) - Storage directory /workdir/hadoop-ozone/integration-test/target/test-dir/MiniOzoneClusterImpl-14d59322-d55d-44ab-8010-b6fe6443f38f/datanode-0/data/ratis/55cf6a59-b48b-481f-9896-317983708ab2 has been successfully formatted.
2019-08-27 17:45:11,934 [pool-338-thread-1] INFO  storage.RaftStorage (RaftStorage.java:format(72)) - Storage directory /workdir/hadoop-ozone/integration-test/target/test-dir/MiniOzoneClusterImpl-14d59322-d55d-44ab-8010-b6fe6443f38f/datanode-2/data/ratis/55cf6a59-b48b-481f-9896-317983708ab2 has been successfully formatted.
2019-08-27 17:45:11,934 [pool-316-thread-1] INFO  ratis.ContainerStateMachine (ContainerStateMachine.java:loadSnapshot(226)) - group-317983708AB2: The snapshot info is null. Setting the last applied indexto:(t:0, i:~)
2019-08-27 17:45:11,934 [pool-327-thread-1] INFO  ratis.ContainerStateMachine (ContainerStateMachine.java:loadSnapshot(226)) - group-317983708AB2: The snapshot info is null. Setting the last applied indexto:(t:0, i:~)
2019-08-27 17:45:11,934 [pool-316-thread-1] INFO  server.RaftServerConfigKeys (ConfUtils.java:logGet(43)) - raft.server.leader.election.timeout = 120s (custom)
2019-08-27 17:45:11,934 [pool-338-thread-1] INFO  ratis.ContainerStateMachine (ContainerStateMachine.java:loadSnapshot(226)) - group-317983708AB2: The snapshot info is null. Setting the last applied indexto:(t:0, i:~)
2019-08-27 17:45:11,935 [pool-316-thread-1] INFO  server.RaftServerConfigKeys (ConfUtils.java:logGet(43)) - raft.server.log.use.memory = false (default)
2019-08-27 17:45:11,934 [pool-327-thread-1] INFO  server.RaftServerConfigKeys (ConfUtils.java:logGet(43)) - raft.server.leader.election.timeout = 120s (custom)
2019-08-27 17:45:11,935 [pool-316-thread-1] INFO  server.RaftServerConfigKeys (ConfUtils.java:logGet(43)) - raft.server.log.purge.gap = 1000000 (custom)
2019-08-27 17:45:11,935 [pool-338-thread-1] INFO  server.RaftServerConfigKeys (ConfUtils.java:logGet(43)) - raft.server.leader.election.timeout = 120s (custom)
2019-08-27 17:45:11,935 [pool-316-thread-1] INFO  server.RaftServerConfigKeys (ConfUtils.java:logGet(43)) - raft.server.log.appender.buffer.byte-limit = 33554432 (custom)
2019-08-27 17:45:11,935 [pool-327-thread-1] INFO  server.RaftServerConfigKeys (ConfUtils.java:logGet(43)) - raft.server.log.use.memory = false (default)
2019-08-27 17:45:11,935 [pool-316-thread-1] INFO  server.RaftServerConfigKeys (ConfUtils.java:logGet(43)) - raft.server.log.segment.size.max = 1048576 (custom)
2019-08-27 17:45:11,935 [pool-338-thread-1] INFO  server.RaftServerConfigKeys (ConfUtils.java:logGet(43)) - raft.server.log.use.memory = false (default)
2019-08-27 17:45:11,936 [pool-316-thread-1] INFO  server.RaftServerConfigKeys (ConfUtils.java:logGet(43)) - raft.server.log.segment.cache.num.max = 2 (custom)
2019-08-27 17:45:11,936 [pool-327-thread-1] INFO  server.RaftServerConfigKeys (ConfUtils.java:logGet(43)) - raft.server.log.purge.gap = 1000000 (custom)
2019-08-27 17:45:11,936 [pool-316-thread-1] INFO  segmented.SegmentedRaftLogWorker (SegmentedRaftLogWorker.java:<init>(172)) - new f26df5d6-3520-49aa-a5c8-632992372390-SegmentedRaftLogWorker:Storage Directory /workdir/hadoop-ozone/integration-test/target/test-dir/MiniOzoneClusterImpl-14d59322-d55d-44ab-8010-b6fe6443f38f/datanode-0/data/ratis/55cf6a59-b48b-481f-9896-317983708ab2 for RaftStorage:Storage Directory /workdir/hadoop-ozone/integration-test/target/test-dir/MiniOzoneClusterImpl-14d59322-d55d-44ab-8010-b6fe6443f38f/datanode-0/data/ratis/55cf6a59-b48b-481f-9896-317983708ab2
2019-08-27 17:45:11,936 [pool-338-thread-1] INFO  server.RaftServerConfigKeys (ConfUtils.java:logGet(43)) - raft.server.log.purge.gap = 1000000 (custom)
2019-08-27 17:45:11,936 [pool-316-thread-1] INFO  server.RaftServerConfigKeys (ConfUtils.java:logGet(43)) - raft.server.log.queue.byte-limit = 2147483647 (custom)
2019-08-27 17:45:11,936 [pool-327-thread-1] INFO  server.RaftServerConfigKeys (ConfUtils.java:logGet(43)) - raft.server.log.appender.buffer.byte-limit = 33554432 (custom)
2019-08-27 17:45:11,937 [pool-316-thread-1] INFO  server.RaftServerConfigKeys (ConfUtils.java:logGet(43)) - raft.server.log.queue.element-limit = 1024 (custom)
2019-08-27 17:45:11,936 [pool-338-thread-1] INFO  server.RaftServerConfigKeys (ConfUtils.java:logGet(43)) - raft.server.log.appender.buffer.byte-limit = 33554432 (custom)
2019-08-27 17:45:11,937 [pool-316-thread-1] INFO  server.RaftServerConfigKeys (ConfUtils.java:logGet(43)) - raft.server.log.segment.size.max = 1048576 (custom)
2019-08-27 17:45:11,937 [pool-327-thread-1] INFO  server.RaftServerConfigKeys (ConfUtils.java:logGet(43)) - raft.server.log.segment.size.max = 1048576 (custom)
2019-08-27 17:45:11,937 [pool-316-thread-1] INFO  server.RaftServerConfigKeys (ConfUtils.java:logGet(43)) - raft.server.log.preallocated.size = 16384 (custom)
2019-08-27 17:45:11,937 [pool-338-thread-1] INFO  server.RaftServerConfigKeys (ConfUtils.java:logGet(43)) - raft.server.log.segment.size.max = 1048576 (custom)
2019-08-27 17:45:11,938 [pool-316-thread-1] INFO  server.RaftServerConfigKeys (ConfUtils.java:logGet(43)) - raft.server.log.write.buffer.size = 33554432 (custom)
2019-08-27 17:45:11,937 [pool-327-thread-1] INFO  server.RaftServerConfigKeys (ConfUtils.java:logGet(43)) - raft.server.log.segment.cache.num.max = 2 (custom)
2019-08-27 17:45:11,938 [pool-316-thread-1] INFO  server.RaftServerConfigKeys (ConfUtils.java:logGet(43)) - raft.server.log.force.sync.num = 128 (default)
2019-08-27 17:45:11,938 [pool-338-thread-1] INFO  server.RaftServerConfigKeys (ConfUtils.java:logGet(43)) - raft.server.log.segment.cache.num.max = 2 (custom)
2019-08-27 17:45:11,938 [pool-316-thread-1] INFO  server.RaftServerConfigKeys (ConfUtils.java:logGet(43)) - raft.server.log.statemachine.data.sync = true (default)
2019-08-27 17:45:11,938 [pool-327-thread-1] INFO  segmented.SegmentedRaftLogWorker (SegmentedRaftLogWorker.java:<init>(172)) - new 50a88058-ea49-453d-8daf-365795fc0487-SegmentedRaftLogWorker:Storage Directory /workdir/hadoop-ozone/integration-test/target/test-dir/MiniOzoneClusterImpl-14d59322-d55d-44ab-8010-b6fe6443f38f/datanode-1/data/ratis/55cf6a59-b48b-481f-9896-317983708ab2 for RaftStorage:Storage Directory /workdir/hadoop-ozone/integration-test/target/test-dir/MiniOzoneClusterImpl-14d59322-d55d-44ab-8010-b6fe6443f38f/datanode-1/data/ratis/55cf6a59-b48b-481f-9896-317983708ab2
2019-08-27 17:45:11,939 [pool-316-thread-1] INFO  server.RaftServerConfigKeys (ConfUtils.java:logGet(43)) - raft.server.log.statemachine.data.sync.timeout = 10s (default)
2019-08-27 17:45:11,938 [pool-338-thread-1] INFO  segmented.SegmentedRaftLogWorker (SegmentedRaftLogWorker.java:<init>(172)) - new 6a91ab85-d51f-4aea-b226-0883daafe048-SegmentedRaftLogWorker:Storage Directory /workdir/hadoop-ozone/integration-test/target/test-dir/MiniOzoneClusterImpl-14d59322-d55d-44ab-8010-b6fe6443f38f/datanode-2/data/ratis/55cf6a59-b48b-481f-9896-317983708ab2 for RaftStorage:Storage Directory /workdir/hadoop-ozone/integration-test/target/test-dir/MiniOzoneClusterImpl-14d59322-d55d-44ab-8010-b6fe6443f38f/datanode-2/data/ratis/55cf6a59-b48b-481f-9896-317983708ab2
2019-08-27 17:45:11,939 [pool-316-thread-1] INFO  server.RaftServerConfigKeys (ConfUtils.java:logGet(43)) - raft.server.log.statemachine.data.sync.timeout.retry = -1 (default)
2019-08-27 17:45:11,939 [pool-327-thread-1] INFO  server.RaftServerConfigKeys (ConfUtils.java:logGet(43)) - raft.server.log.queue.byte-limit = 2147483647 (custom)
2019-08-27 17:45:11,939 [pool-316-thread-1] INFO  server.RaftServerConfigKeys (ConfUtils.java:logGet(43)) - raft.server.log.statemachine.data.caching.enabled = true (custom)
2019-08-27 17:45:11,939 [pool-338-thread-1] INFO  server.RaftServerConfigKeys (ConfUtils.java:logGet(43)) - raft.server.log.queue.byte-limit = 2147483647 (custom)
2019-08-27 17:45:11,940 [pool-316-thread-1] INFO  segmented.SegmentedRaftLogWorker (SegmentedRaftLogWorker.java:lambda$new$0(132)) - f26df5d6-3520-49aa-a5c8-632992372390-SegmentedRaftLogWorker:Storage Directory /workdir/hadoop-ozone/integration-test/target/test-dir/MiniOzoneClusterImpl-14d59322-d55d-44ab-8010-b6fe6443f38f/datanode-0/data/ratis/55cf6a59-b48b-481f-9896-317983708ab2: flushIndex: setUnconditionally 0 -> -1
2019-08-27 17:45:11,939 [pool-327-thread-1] INFO  server.RaftServerConfigKeys (ConfUtils.java:logGet(43)) - raft.server.log.queue.element-limit = 1024 (custom)
2019-08-27 17:45:11,940 [pool-338-thread-1] INFO  server.RaftServerConfigKeys (ConfUtils.java:logGet(43)) - raft.server.log.queue.element-limit = 1024 (custom)
2019-08-27 17:45:11,940 [pool-327-thread-1] INFO  server.RaftServerConfigKeys (ConfUtils.java:logGet(43)) - raft.server.log.segment.size.max = 1048576 (custom)
2019-08-27 17:45:11,940 [pool-316-thread-1] INFO  server.RaftServerConfigKeys (ConfUtils.java:logGet(43)) - raft.server.snapshot.auto.trigger.enabled = true (custom)
2019-08-27 17:45:11,940 [pool-327-thread-1] INFO  server.RaftServerConfigKeys (ConfUtils.java:logGet(43)) - raft.server.log.preallocated.size = 16384 (custom)
2019-08-27 17:45:11,940 [pool-338-thread-1] INFO  server.RaftServerConfigKeys (ConfUtils.java:logGet(43)) - raft.server.log.segment.size.max = 1048576 (custom)
2019-08-27 17:45:11,941 [pool-327-thread-1] INFO  server.RaftServerConfigKeys (ConfUtils.java:logGet(43)) - raft.server.log.write.buffer.size = 33554432 (custom)
2019-08-27 17:45:11,941 [pool-316-thread-1] INFO  server.RaftServerConfigKeys (ConfUtils.java:logGet(43)) - raft.server.snapshot.auto.trigger.threshold = 10000 (custom)
2019-08-27 17:45:11,941 [pool-327-thread-1] INFO  server.RaftServerConfigKeys (ConfUtils.java:logGet(43)) - raft.server.log.force.sync.num = 128 (default)
2019-08-27 17:45:11,941 [pool-338-thread-1] INFO  server.RaftServerConfigKeys (ConfUtils.java:logGet(43)) - raft.server.log.preallocated.size = 16384 (custom)
2019-08-27 17:45:11,941 [pool-327-thread-1] INFO  server.RaftServerConfigKeys (ConfUtils.java:logGet(43)) - raft.server.log.statemachine.data.sync = true (default)
2019-08-27 17:45:11,941 [pool-316-thread-1] INFO  server.RaftServerConfigKeys (ConfUtils.java:logGet(43)) - raft.server.retrycache.expirytime = 600000ms (custom)
2019-08-27 17:45:11,942 [pool-327-thread-1] INFO  server.RaftServerConfigKeys (ConfUtils.java:logGet(43)) - raft.server.log.statemachine.data.sync.timeout = 10s (default)
2019-08-27 17:45:11,941 [pool-338-thread-1] INFO  server.RaftServerConfigKeys (ConfUtils.java:logGet(43)) - raft.server.log.write.buffer.size = 33554432 (custom)
2019-08-27 17:45:11,942 [pool-327-thread-1] INFO  server.RaftServerConfigKeys (ConfUtils.java:logGet(43)) - raft.server.log.statemachine.data.sync.timeout.retry = -1 (default)
2019-08-27 17:45:11,942 [pool-316-thread-1] INFO  impl.RaftServerImpl (RaftServerImpl.java:start(180)) - f26df5d6-3520-49aa-a5c8-632992372390: start group-317983708AB2
2019-08-27 17:45:11,942 [pool-327-thread-1] INFO  server.RaftServerConfigKeys (ConfUtils.java:logGet(43)) - raft.server.log.statemachine.data.caching.enabled = true (custom)
2019-08-27 17:45:11,942 [pool-338-thread-1] INFO  server.RaftServerConfigKeys (ConfUtils.java:logGet(43)) - raft.server.log.force.sync.num = 128 (default)
2019-08-27 17:45:11,942 [pool-316-thread-1] INFO  impl.RaftServerImpl (RaftServerImpl.java:setRole(171)) - f26df5d6-3520-49aa-a5c8-632992372390:group-317983708AB2 changes role from null to FOLLOWER at term 0 for startAsFollower
2019-08-27 17:45:11,943 [pool-327-thread-1] INFO  segmented.SegmentedRaftLogWorker (SegmentedRaftLogWorker.java:lambda$new$0(132)) - 50a88058-ea49-453d-8daf-365795fc0487-SegmentedRaftLogWorker:Storage Directory /workdir/hadoop-ozone/integration-test/target/test-dir/MiniOzoneClusterImpl-14d59322-d55d-44ab-8010-b6fe6443f38f/datanode-1/data/ratis/55cf6a59-b48b-481f-9896-317983708ab2: flushIndex: setUnconditionally 0 -> -1
2019-08-27 17:45:11,943 [pool-338-thread-1] INFO  server.RaftServerConfigKeys (ConfUtils.java:logGet(43)) - raft.server.log.statemachine.data.sync = true (default)
2019-08-27 17:45:11,943 [pool-316-thread-1] INFO  impl.RoleInfo (RoleInfo.java:updateAndGet(143)) - f26df5d6-3520-49aa-a5c8-632992372390: start FollowerState
2019-08-27 17:45:11,945 [pool-327-thread-1] INFO  server.RaftServerConfigKeys (ConfUtils.java:logGet(43)) - raft.server.snapshot.auto.trigger.enabled = true (custom)
2019-08-27 17:45:11,945 [pool-338-thread-1] INFO  server.RaftServerConfigKeys (ConfUtils.java:logGet(43)) - raft.server.log.statemachine.data.sync.timeout = 10s (default)
2019-08-27 17:45:11,945 [pool-316-thread-1] INFO  util.JmxRegister (JmxRegister.java:tryRegister(44)) - Successfully registered JMX Bean with object name Ratis:service=RaftServer,group=group-317983708AB2,id=f26df5d6-3520-49aa-a5c8-632992372390
2019-08-27 17:45:11,945 [pool-327-thread-1] INFO  server.RaftServerConfigKeys (ConfUtils.java:logGet(43)) - raft.server.snapshot.auto.trigger.threshold = 10000 (custom)
2019-08-27 17:45:11,945 [pool-338-thread-1] INFO  server.RaftServerConfigKeys (ConfUtils.java:logGet(43)) - raft.server.log.statemachine.data.sync.timeout.retry = -1 (default)
2019-08-27 17:45:11,946 [pool-327-thread-1] INFO  server.RaftServerConfigKeys (ConfUtils.java:logGet(43)) - raft.server.retrycache.expirytime = 600000ms (custom)
2019-08-27 17:45:11,946 [pool-338-thread-1] INFO  server.RaftServerConfigKeys (ConfUtils.java:logGet(43)) - raft.server.log.statemachine.data.caching.enabled = true (custom)
2019-08-27 17:45:11,946 [pool-327-thread-1] INFO  impl.RaftServerImpl (RaftServerImpl.java:start(180)) - 50a88058-ea49-453d-8daf-365795fc0487: start group-317983708AB2
2019-08-27 17:45:11,946 [pool-338-thread-1] INFO  segmented.SegmentedRaftLogWorker (SegmentedRaftLogWorker.java:lambda$new$0(132)) - 6a91ab85-d51f-4aea-b226-0883daafe048-SegmentedRaftLogWorker:Storage Directory /workdir/hadoop-ozone/integration-test/target/test-dir/MiniOzoneClusterImpl-14d59322-d55d-44ab-8010-b6fe6443f38f/datanode-2/data/ratis/55cf6a59-b48b-481f-9896-317983708ab2: flushIndex: setUnconditionally 0 -> -1
2019-08-27 17:45:11,946 [pool-327-thread-1] INFO  impl.RaftServerImpl (RaftServerImpl.java:setRole(171)) - 50a88058-ea49-453d-8daf-365795fc0487:group-317983708AB2 changes role from null to FOLLOWER at term 0 for startAsFollower
2019-08-27 17:45:11,946 [pool-327-thread-1] INFO  impl.RoleInfo (RoleInfo.java:updateAndGet(143)) - 50a88058-ea49-453d-8daf-365795fc0487: start FollowerState
2019-08-27 17:45:11,946 [pool-338-thread-1] INFO  server.RaftServerConfigKeys (ConfUtils.java:logGet(43)) - raft.server.snapshot.auto.trigger.enabled = true (custom)
2019-08-27 17:45:11,947 [pool-338-thread-1] INFO  server.RaftServerConfigKeys (ConfUtils.java:logGet(43)) - raft.server.snapshot.auto.trigger.threshold = 10000 (custom)
2019-08-27 17:45:11,950 [pool-338-thread-1] INFO  server.RaftServerConfigKeys (ConfUtils.java:logGet(43)) - raft.server.retrycache.expirytime = 600000ms (custom)
2019-08-27 17:45:11,951 [pool-327-thread-1] INFO  util.JmxRegister (JmxRegister.java:tryRegister(44)) - Successfully registered JMX Bean with object name Ratis:service=RaftServer,group=group-317983708AB2,id=50a88058-ea49-453d-8daf-365795fc0487
2019-08-27 17:45:11,951 [pool-338-thread-1] INFO  impl.RaftServerImpl (RaftServerImpl.java:start(180)) - 6a91ab85-d51f-4aea-b226-0883daafe048: start group-317983708AB2
2019-08-27 17:45:11,951 [pool-338-thread-1] INFO  impl.RaftServerImpl (RaftServerImpl.java:setRole(171)) - 6a91ab85-d51f-4aea-b226-0883daafe048:group-317983708AB2 changes role from null to FOLLOWER at term 0 for startAsFollower
2019-08-27 17:45:11,951 [pool-338-thread-1] INFO  impl.RoleInfo (RoleInfo.java:updateAndGet(143)) - 6a91ab85-d51f-4aea-b226-0883daafe048: start FollowerState
2019-08-27 17:45:11,951 [pool-338-thread-1] INFO  util.JmxRegister (JmxRegister.java:tryRegister(44)) - Successfully registered JMX Bean with object name Ratis:service=RaftServer,group=group-317983708AB2,id=6a91ab85-d51f-4aea-b226-0883daafe048
2019-08-27 17:45:11,959 [RatisPipelineUtilsThread] INFO  pipeline.PipelineStateManager (PipelineStateManager.java:addPipeline(56)) - Created pipeline Pipeline[ Id: 55cf6a59-b48b-481f-9896-317983708ab2, Nodes: 6a91ab85-d51f-4aea-b226-0883daafe048{ip: 192.168.34.10, host: pr-hdds-2042-56j6g-243734211, networkLocation: /default-rack, certSerialId: null}f26df5d6-3520-49aa-a5c8-632992372390{ip: 192.168.34.10, host: pr-hdds-2042-56j6g-243734211, networkLocation: /default-rack, certSerialId: null}50a88058-ea49-453d-8daf-365795fc0487{ip: 192.168.34.10, host: pr-hdds-2042-56j6g-243734211, networkLocation: /default-rack, certSerialId: null}, Type:RATIS, Factor:THREE, State:OPEN]
2019-08-27 17:45:12,015 [IPC Server handler 1 on 42328] INFO  net.NetworkTopology (NetworkTopologyImpl.java:add(110)) - Added a new node: /default-rack/1dc5d11e-8303-42ed-ac6e-3c2bd9515d94
2019-08-27 17:45:12,015 [IPC Server handler 1 on 42328] INFO  node.SCMNodeManager (SCMNodeManager.java:register(273)) - Registered Data node : 1dc5d11e-8303-42ed-ac6e-3c2bd9515d94{ip: 192.168.34.10, host: pr-hdds-2042-56j6g-243734211, networkLocation: /default-rack, certSerialId: null}
2019-08-27 17:45:12,015 | INFO  | SCMAudit | user=jenkins1000 | ip=192.168.34.10 | op=REGISTER {datanodeDetails=1dc5d11e-8303-42ed-ac6e-3c2bd9515d94{ip: 192.168.34.10, host: pr-hdds-2042-56j6g-243734211, networkLocation: /default-rack, certSerialId: null}} | ret=SUCCESS |  
2019-08-27 17:45:12,025 [grpc-default-executor-2] INFO  impl.RaftServerProxy (RaftServerProxy.java:addNew(89)) - 1dc5d11e-8303-42ed-ac6e-3c2bd9515d94: addNew group-DA187DC7A05A:[1dc5d11e-8303-42ed-ac6e-3c2bd9515d94:192.168.34.10:39269] returns group-DA187DC7A05A:java.util.concurrent.CompletableFuture@767b7c79[Not completed]
2019-08-27 17:45:12,027 [pool-349-thread-1] INFO  impl.RaftServerImpl (RaftServerImpl.java:<init>(93)) - 1dc5d11e-8303-42ed-ac6e-3c2bd9515d94: new RaftServerImpl for group-DA187DC7A05A:[1dc5d11e-8303-42ed-ac6e-3c2bd9515d94:192.168.34.10:39269] with ContainerStateMachine:uninitialized
2019-08-27 17:45:12,027 [pool-349-thread-1] INFO  server.RaftServerConfigKeys (ConfUtils.java:logGet(43)) - raft.server.rpc.timeout.min = 5s (custom)
2019-08-27 17:45:12,027 [pool-349-thread-1] INFO  server.RaftServerConfigKeys (ConfUtils.java:logGet(43)) - raft.server.rpc.timeout.max = 5200ms (custom)
2019-08-27 17:45:12,027 [pool-349-thread-1] INFO  server.RaftServerConfigKeys (ConfUtils.java:logGet(43)) - raft.server.rpcslowness.timeout = 120s (custom)
2019-08-27 17:45:12,027 [pool-349-thread-1] INFO  server.RaftServerConfigKeys (ConfUtils.java:logGet(43)) - raft.server.sleep.deviation.threshold = 300 (default)
2019-08-27 17:45:12,028 [pool-349-thread-1] INFO  server.RaftServerConfigKeys (ConfUtils.java:logGet(43)) - raft.server.log.appender.install.snapshot.enabled = false (custom)
2019-08-27 17:45:12,028 [pool-349-thread-1] INFO  impl.RaftServerImpl (ServerState.java:<init>(105)) - 1dc5d11e-8303-42ed-ac6e-3c2bd9515d94:group-DA187DC7A05A ConfigurationManager, init=-1: [1dc5d11e-8303-42ed-ac6e-3c2bd9515d94:192.168.34.10:39269], old=null, confs=<EMPTY_MAP>
2019-08-27 17:45:12,028 [pool-349-thread-1] INFO  server.RaftServerConfigKeys (ConfUtils.java:logGet(43)) - raft.server.storage.dir = [/workdir/hadoop-ozone/integration-test/target/test-dir/MiniOzoneClusterImpl-14d59322-d55d-44ab-8010-b6fe6443f38f/datanode-3/data/ratis] (custom)
2019-08-27 17:45:12,028 [pool-349-thread-1] INFO  storage.RaftStorageDirectory (RaftStorageDirectory.java:analyzeStorage(246)) - The storage directory /workdir/hadoop-ozone/integration-test/target/test-dir/MiniOzoneClusterImpl-14d59322-d55d-44ab-8010-b6fe6443f38f/datanode-3/data/ratis/becd4d0a-fecd-4e2c-86ef-da187dc7a05a does not exist. Creating ...
2019-08-27 17:45:12,041 [pool-349-thread-1] INFO  storage.RaftStorageDirectory (RaftStorageDirectory.java:tryLock(328)) - Lock on /workdir/hadoop-ozone/integration-test/target/test-dir/MiniOzoneClusterImpl-14d59322-d55d-44ab-8010-b6fe6443f38f/datanode-3/data/ratis/becd4d0a-fecd-4e2c-86ef-da187dc7a05a/in_use.lock acquired by nodename 10594@pr-hdds-2042-56j6g-243734211
2019-08-27 17:45:12,065 [pool-349-thread-1] INFO  storage.RaftStorage (RaftStorage.java:format(72)) - Storage directory /workdir/hadoop-ozone/integration-test/target/test-dir/MiniOzoneClusterImpl-14d59322-d55d-44ab-8010-b6fe6443f38f/datanode-3/data/ratis/becd4d0a-fecd-4e2c-86ef-da187dc7a05a has been successfully formatted.
2019-08-27 17:45:12,065 [pool-349-thread-1] INFO  ratis.ContainerStateMachine (ContainerStateMachine.java:loadSnapshot(226)) - group-DA187DC7A05A: The snapshot info is null. Setting the last applied indexto:(t:0, i:~)
2019-08-27 17:45:12,065 [pool-349-thread-1] INFO  server.RaftServerConfigKeys (ConfUtils.java:logGet(43)) - raft.server.leader.election.timeout = 120s (custom)
2019-08-27 17:45:12,065 [pool-349-thread-1] INFO  server.RaftServerConfigKeys (ConfUtils.java:logGet(43)) - raft.server.log.use.memory = false (default)
2019-08-27 17:45:12,065 [pool-349-thread-1] INFO  server.RaftServerConfigKeys (ConfUtils.java:logGet(43)) - raft.server.log.purge.gap = 1000000 (custom)
2019-08-27 17:45:12,065 [pool-349-thread-1] INFO  server.RaftServerConfigKeys (ConfUtils.java:logGet(43)) - raft.server.log.appender.buffer.byte-limit = 33554432 (custom)
2019-08-27 17:45:12,066 [pool-349-thread-1] INFO  server.RaftServerConfigKeys (ConfUtils.java:logGet(43)) - raft.server.log.segment.size.max = 1048576 (custom)
2019-08-27 17:45:12,066 [pool-349-thread-1] INFO  server.RaftServerConfigKeys (ConfUtils.java:logGet(43)) - raft.server.log.segment.cache.num.max = 2 (custom)
2019-08-27 17:45:12,066 [pool-349-thread-1] INFO  segmented.SegmentedRaftLogWorker (SegmentedRaftLogWorker.java:<init>(172)) - new 1dc5d11e-8303-42ed-ac6e-3c2bd9515d94-SegmentedRaftLogWorker:Storage Directory /workdir/hadoop-ozone/integration-test/target/test-dir/MiniOzoneClusterImpl-14d59322-d55d-44ab-8010-b6fe6443f38f/datanode-3/data/ratis/becd4d0a-fecd-4e2c-86ef-da187dc7a05a for RaftStorage:Storage Directory /workdir/hadoop-ozone/integration-test/target/test-dir/MiniOzoneClusterImpl-14d59322-d55d-44ab-8010-b6fe6443f38f/datanode-3/data/ratis/becd4d0a-fecd-4e2c-86ef-da187dc7a05a
2019-08-27 17:45:12,066 [pool-349-thread-1] INFO  server.RaftServerConfigKeys (ConfUtils.java:logGet(43)) - raft.server.log.queue.byte-limit = 2147483647 (custom)
2019-08-27 17:45:12,066 [pool-349-thread-1] INFO  server.RaftServerConfigKeys (ConfUtils.java:logGet(43)) - raft.server.log.queue.element-limit = 1024 (custom)
2019-08-27 17:45:12,067 [pool-349-thread-1] INFO  server.RaftServerConfigKeys (ConfUtils.java:logGet(43)) - raft.server.log.segment.size.max = 1048576 (custom)
2019-08-27 17:45:12,067 [pool-349-thread-1] INFO  server.RaftServerConfigKeys (ConfUtils.java:logGet(43)) - raft.server.log.preallocated.size = 16384 (custom)
2019-08-27 17:45:12,067 [pool-349-thread-1] INFO  server.RaftServerConfigKeys (ConfUtils.java:logGet(43)) - raft.server.log.write.buffer.size = 33554432 (custom)
2019-08-27 17:45:12,067 [pool-349-thread-1] INFO  server.RaftServerConfigKeys (ConfUtils.java:logGet(43)) - raft.server.log.force.sync.num = 128 (default)
2019-08-27 17:45:12,067 [pool-349-thread-1] INFO  server.RaftServerConfigKeys (ConfUtils.java:logGet(43)) - raft.server.log.statemachine.data.sync = true (default)
2019-08-27 17:45:12,068 [pool-349-thread-1] INFO  server.RaftServerConfigKeys (ConfUtils.java:logGet(43)) - raft.server.log.statemachine.data.sync.timeout = 10s (default)
2019-08-27 17:45:12,068 [pool-349-thread-1] INFO  server.RaftServerConfigKeys (ConfUtils.java:logGet(43)) - raft.server.log.statemachine.data.sync.timeout.retry = -1 (default)
2019-08-27 17:45:12,068 [pool-349-thread-1] INFO  server.RaftServerConfigKeys (ConfUtils.java:logGet(43)) - raft.server.log.statemachine.data.caching.enabled = true (custom)
2019-08-27 17:45:12,068 [pool-349-thread-1] INFO  segmented.SegmentedRaftLogWorker (SegmentedRaftLogWorker.java:lambda$new$0(132)) - 1dc5d11e-8303-42ed-ac6e-3c2bd9515d94-SegmentedRaftLogWorker:Storage Directory /workdir/hadoop-ozone/integration-test/target/test-dir/MiniOzoneClusterImpl-14d59322-d55d-44ab-8010-b6fe6443f38f/datanode-3/data/ratis/becd4d0a-fecd-4e2c-86ef-da187dc7a05a: flushIndex: setUnconditionally 0 -> -1
2019-08-27 17:45:12,069 [pool-349-thread-1] INFO  server.RaftServerConfigKeys (ConfUtils.java:logGet(43)) - raft.server.snapshot.auto.trigger.enabled = true (custom)
2019-08-27 17:45:12,069 [pool-349-thread-1] INFO  server.RaftServerConfigKeys (ConfUtils.java:logGet(43)) - raft.server.snapshot.auto.trigger.threshold = 10000 (custom)
2019-08-27 17:45:12,069 [pool-349-thread-1] INFO  server.RaftServerConfigKeys (ConfUtils.java:logGet(43)) - raft.server.retrycache.expirytime = 600000ms (custom)
2019-08-27 17:45:12,069 [pool-349-thread-1] INFO  impl.RaftServerImpl (RaftServerImpl.java:start(180)) - 1dc5d11e-8303-42ed-ac6e-3c2bd9515d94: start group-DA187DC7A05A
2019-08-27 17:45:12,069 [pool-349-thread-1] INFO  impl.RaftServerImpl (RaftServerImpl.java:setRole(171)) - 1dc5d11e-8303-42ed-ac6e-3c2bd9515d94:group-DA187DC7A05A changes role from null to FOLLOWER at term 0 for startAsFollower
2019-08-27 17:45:12,070 [pool-349-thread-1] INFO  impl.RoleInfo (RoleInfo.java:updateAndGet(143)) - 1dc5d11e-8303-42ed-ac6e-3c2bd9515d94: start FollowerState
2019-08-27 17:45:12,080 [pool-349-thread-1] INFO  util.JmxRegister (JmxRegister.java:tryRegister(44)) - Successfully registered JMX Bean with object name Ratis:service=RaftServer,group=group-DA187DC7A05A,id=1dc5d11e-8303-42ed-ac6e-3c2bd9515d94
2019-08-27 17:45:12,092 [RatisPipelineUtilsThread] INFO  pipeline.PipelineStateManager (PipelineStateManager.java:addPipeline(56)) - Created pipeline Pipeline[ Id: becd4d0a-fecd-4e2c-86ef-da187dc7a05a, Nodes: 1dc5d11e-8303-42ed-ac6e-3c2bd9515d94{ip: 192.168.34.10, host: pr-hdds-2042-56j6g-243734211, networkLocation: /default-rack, certSerialId: null}, Type:RATIS, Factor:ONE, State:OPEN]
2019-08-27 17:45:12,236 [IPC Server handler 2 on 42328] INFO  net.NetworkTopology (NetworkTopologyImpl.java:add(110)) - Added a new node: /default-rack/d5900fb2-81d8-4496-aad9-ae0edce7524a
2019-08-27 17:45:12,237 [IPC Server handler 2 on 42328] INFO  node.SCMNodeManager (SCMNodeManager.java:register(273)) - Registered Data node : d5900fb2-81d8-4496-aad9-ae0edce7524a{ip: 192.168.34.10, host: pr-hdds-2042-56j6g-243734211, networkLocation: /default-rack, certSerialId: null}
2019-08-27 17:45:12,237 | INFO  | SCMAudit | user=jenkins1000 | ip=192.168.34.10 | op=REGISTER {datanodeDetails=d5900fb2-81d8-4496-aad9-ae0edce7524a{ip: 192.168.34.10, host: pr-hdds-2042-56j6g-243734211, networkLocation: /default-rack, certSerialId: null}} | ret=SUCCESS |  
2019-08-27 17:45:12,248 [grpc-default-executor-2] INFO  impl.RaftServerProxy (RaftServerProxy.java:addNew(89)) - d5900fb2-81d8-4496-aad9-ae0edce7524a: addNew group-7200F3422926:[d5900fb2-81d8-4496-aad9-ae0edce7524a:192.168.34.10:46606] returns group-7200F3422926:java.util.concurrent.CompletableFuture@3ab4b120[Not completed]
2019-08-27 17:45:12,250 [pool-360-thread-1] INFO  impl.RaftServerImpl (RaftServerImpl.java:<init>(93)) - d5900fb2-81d8-4496-aad9-ae0edce7524a: new RaftServerImpl for group-7200F3422926:[d5900fb2-81d8-4496-aad9-ae0edce7524a:192.168.34.10:46606] with ContainerStateMachine:uninitialized
2019-08-27 17:45:12,250 [pool-360-thread-1] INFO  server.RaftServerConfigKeys (ConfUtils.java:logGet(43)) - raft.server.rpc.timeout.min = 5s (custom)
2019-08-27 17:45:12,250 [pool-360-thread-1] INFO  server.RaftServerConfigKeys (ConfUtils.java:logGet(43)) - raft.server.rpc.timeout.max = 5200ms (custom)
2019-08-27 17:45:12,250 [pool-360-thread-1] INFO  server.RaftServerConfigKeys (ConfUtils.java:logGet(43)) - raft.server.rpcslowness.timeout = 120s (custom)
2019-08-27 17:45:12,250 [pool-360-thread-1] INFO  server.RaftServerConfigKeys (ConfUtils.java:logGet(43)) - raft.server.sleep.deviation.threshold = 300 (default)
2019-08-27 17:45:12,251 [pool-360-thread-1] INFO  server.RaftServerConfigKeys (ConfUtils.java:logGet(43)) - raft.server.log.appender.install.snapshot.enabled = false (custom)
2019-08-27 17:45:12,251 [pool-360-thread-1] INFO  impl.RaftServerImpl (ServerState.java:<init>(105)) - d5900fb2-81d8-4496-aad9-ae0edce7524a:group-7200F3422926 ConfigurationManager, init=-1: [d5900fb2-81d8-4496-aad9-ae0edce7524a:192.168.34.10:46606], old=null, confs=<EMPTY_MAP>
2019-08-27 17:45:12,251 [pool-360-thread-1] INFO  server.RaftServerConfigKeys (ConfUtils.java:logGet(43)) - raft.server.storage.dir = [/workdir/hadoop-ozone/integration-test/target/test-dir/MiniOzoneClusterImpl-14d59322-d55d-44ab-8010-b6fe6443f38f/datanode-4/data/ratis] (custom)
2019-08-27 17:45:12,251 [pool-360-thread-1] INFO  storage.RaftStorageDirectory (RaftStorageDirectory.java:analyzeStorage(246)) - The storage directory /workdir/hadoop-ozone/integration-test/target/test-dir/MiniOzoneClusterImpl-14d59322-d55d-44ab-8010-b6fe6443f38f/datanode-4/data/ratis/a1ce6c09-064f-4b9e-a4d8-7200f3422926 does not exist. Creating ...
2019-08-27 17:45:12,265 [pool-360-thread-1] INFO  storage.RaftStorageDirectory (RaftStorageDirectory.java:tryLock(328)) - Lock on /workdir/hadoop-ozone/integration-test/target/test-dir/MiniOzoneClusterImpl-14d59322-d55d-44ab-8010-b6fe6443f38f/datanode-4/data/ratis/a1ce6c09-064f-4b9e-a4d8-7200f3422926/in_use.lock acquired by nodename 10594@pr-hdds-2042-56j6g-243734211
2019-08-27 17:45:12,278 [pool-360-thread-1] INFO  storage.RaftStorage (RaftStorage.java:format(72)) - Storage directory /workdir/hadoop-ozone/integration-test/target/test-dir/MiniOzoneClusterImpl-14d59322-d55d-44ab-8010-b6fe6443f38f/datanode-4/data/ratis/a1ce6c09-064f-4b9e-a4d8-7200f3422926 has been successfully formatted.
2019-08-27 17:45:12,278 [pool-360-thread-1] INFO  ratis.ContainerStateMachine (ContainerStateMachine.java:loadSnapshot(226)) - group-7200F3422926: The snapshot info is null. Setting the last applied indexto:(t:0, i:~)
2019-08-27 17:45:12,279 [pool-360-thread-1] INFO  server.RaftServerConfigKeys (ConfUtils.java:logGet(43)) - raft.server.leader.election.timeout = 120s (custom)
2019-08-27 17:45:12,279 [pool-360-thread-1] INFO  server.RaftServerConfigKeys (ConfUtils.java:logGet(43)) - raft.server.log.use.memory = false (default)
2019-08-27 17:45:12,279 [pool-360-thread-1] INFO  server.RaftServerConfigKeys (ConfUtils.java:logGet(43)) - raft.server.log.purge.gap = 1000000 (custom)
2019-08-27 17:45:12,279 [pool-360-thread-1] INFO  server.RaftServerConfigKeys (ConfUtils.java:logGet(43)) - raft.server.log.appender.buffer.byte-limit = 33554432 (custom)
2019-08-27 17:45:12,279 [pool-360-thread-1] INFO  server.RaftServerConfigKeys (ConfUtils.java:logGet(43)) - raft.server.log.segment.size.max = 1048576 (custom)
2019-08-27 17:45:12,279 [pool-360-thread-1] INFO  server.RaftServerConfigKeys (ConfUtils.java:logGet(43)) - raft.server.log.segment.cache.num.max = 2 (custom)
2019-08-27 17:45:12,280 [pool-360-thread-1] INFO  segmented.SegmentedRaftLogWorker (SegmentedRaftLogWorker.java:<init>(172)) - new d5900fb2-81d8-4496-aad9-ae0edce7524a-SegmentedRaftLogWorker:Storage Directory /workdir/hadoop-ozone/integration-test/target/test-dir/MiniOzoneClusterImpl-14d59322-d55d-44ab-8010-b6fe6443f38f/datanode-4/data/ratis/a1ce6c09-064f-4b9e-a4d8-7200f3422926 for RaftStorage:Storage Directory /workdir/hadoop-ozone/integration-test/target/test-dir/MiniOzoneClusterImpl-14d59322-d55d-44ab-8010-b6fe6443f38f/datanode-4/data/ratis/a1ce6c09-064f-4b9e-a4d8-7200f3422926
2019-08-27 17:45:12,280 [pool-360-thread-1] INFO  server.RaftServerConfigKeys (ConfUtils.java:logGet(43)) - raft.server.log.queue.byte-limit = 2147483647 (custom)
2019-08-27 17:45:12,280 [pool-360-thread-1] INFO  server.RaftServerConfigKeys (ConfUtils.java:logGet(43)) - raft.server.log.queue.element-limit = 1024 (custom)
2019-08-27 17:45:12,280 [pool-360-thread-1] INFO  server.RaftServerConfigKeys (ConfUtils.java:logGet(43)) - raft.server.log.segment.size.max = 1048576 (custom)
2019-08-27 17:45:12,280 [pool-360-thread-1] INFO  server.RaftServerConfigKeys (ConfUtils.java:logGet(43)) - raft.server.log.preallocated.size = 16384 (custom)
2019-08-27 17:45:12,281 [pool-360-thread-1] INFO  server.RaftServerConfigKeys (ConfUtils.java:logGet(43)) - raft.server.log.write.buffer.size = 33554432 (custom)
2019-08-27 17:45:12,281 [pool-360-thread-1] INFO  server.RaftServerConfigKeys (ConfUtils.java:logGet(43)) - raft.server.log.force.sync.num = 128 (default)
2019-08-27 17:45:12,281 [pool-360-thread-1] INFO  server.RaftServerConfigKeys (ConfUtils.java:logGet(43)) - raft.server.log.statemachine.data.sync = true (default)
2019-08-27 17:45:12,281 [pool-360-thread-1] INFO  server.RaftServerConfigKeys (ConfUtils.java:logGet(43)) - raft.server.log.statemachine.data.sync.timeout = 10s (default)
2019-08-27 17:45:12,281 [pool-360-thread-1] INFO  server.RaftServerConfigKeys (ConfUtils.java:logGet(43)) - raft.server.log.statemachine.data.sync.timeout.retry = -1 (default)
2019-08-27 17:45:12,282 [pool-360-thread-1] INFO  server.RaftServerConfigKeys (ConfUtils.java:logGet(43)) - raft.server.log.statemachine.data.caching.enabled = true (custom)
2019-08-27 17:45:12,282 [pool-360-thread-1] INFO  segmented.SegmentedRaftLogWorker (SegmentedRaftLogWorker.java:lambda$new$0(132)) - d5900fb2-81d8-4496-aad9-ae0edce7524a-SegmentedRaftLogWorker:Storage Directory /workdir/hadoop-ozone/integration-test/target/test-dir/MiniOzoneClusterImpl-14d59322-d55d-44ab-8010-b6fe6443f38f/datanode-4/data/ratis/a1ce6c09-064f-4b9e-a4d8-7200f3422926: flushIndex: setUnconditionally 0 -> -1
2019-08-27 17:45:12,282 [pool-360-thread-1] INFO  server.RaftServerConfigKeys (ConfUtils.java:logGet(43)) - raft.server.snapshot.auto.trigger.enabled = true (custom)
2019-08-27 17:45:12,282 [pool-360-thread-1] INFO  server.RaftServerConfigKeys (ConfUtils.java:logGet(43)) - raft.server.snapshot.auto.trigger.threshold = 10000 (custom)
2019-08-27 17:45:12,283 [pool-360-thread-1] INFO  server.RaftServerConfigKeys (ConfUtils.java:logGet(43)) - raft.server.retrycache.expirytime = 600000ms (custom)
2019-08-27 17:45:12,283 [pool-360-thread-1] INFO  impl.RaftServerImpl (RaftServerImpl.java:start(180)) - d5900fb2-81d8-4496-aad9-ae0edce7524a: start group-7200F3422926
2019-08-27 17:45:12,283 [pool-360-thread-1] INFO  impl.RaftServerImpl (RaftServerImpl.java:setRole(171)) - d5900fb2-81d8-4496-aad9-ae0edce7524a:group-7200F3422926 changes role from null to FOLLOWER at term 0 for startAsFollower
2019-08-27 17:45:12,283 [pool-360-thread-1] INFO  impl.RoleInfo (RoleInfo.java:updateAndGet(143)) - d5900fb2-81d8-4496-aad9-ae0edce7524a: start FollowerState
2019-08-27 17:45:12,284 [pool-360-thread-1] INFO  util.JmxRegister (JmxRegister.java:tryRegister(44)) - Successfully registered JMX Bean with object name Ratis:service=RaftServer,group=group-7200F3422926,id=d5900fb2-81d8-4496-aad9-ae0edce7524a
2019-08-27 17:45:12,290 [RatisPipelineUtilsThread] INFO  pipeline.PipelineStateManager (PipelineStateManager.java:addPipeline(56)) - Created pipeline Pipeline[ Id: a1ce6c09-064f-4b9e-a4d8-7200f3422926, Nodes: d5900fb2-81d8-4496-aad9-ae0edce7524a{ip: 192.168.34.10, host: pr-hdds-2042-56j6g-243734211, networkLocation: /default-rack, certSerialId: null}, Type:RATIS, Factor:ONE, State:OPEN]
2019-08-27 17:45:12,391 [IPC Server handler 3 on 42328] INFO  net.NetworkTopology (NetworkTopologyImpl.java:add(110)) - Added a new node: /default-rack/99df0e6a-3489-48bb-9e95-d018f175f37a
2019-08-27 17:45:12,391 [IPC Server handler 3 on 42328] INFO  node.SCMNodeManager (SCMNodeManager.java:register(273)) - Registered Data node : 99df0e6a-3489-48bb-9e95-d018f175f37a{ip: 192.168.34.10, host: pr-hdds-2042-56j6g-243734211, networkLocation: /default-rack, certSerialId: null}
2019-08-27 17:45:12,394 | INFO  | SCMAudit | user=jenkins1000 | ip=192.168.34.10 | op=REGISTER {datanodeDetails=99df0e6a-3489-48bb-9e95-d018f175f37a{ip: 192.168.34.10, host: pr-hdds-2042-56j6g-243734211, networkLocation: /default-rack, certSerialId: null}} | ret=SUCCESS |  
2019-08-27 17:45:12,405 [grpc-default-executor-2] INFO  impl.RaftServerProxy (RaftServerProxy.java:addNew(89)) - 99df0e6a-3489-48bb-9e95-d018f175f37a: addNew group-632EF8F03A8E:[99df0e6a-3489-48bb-9e95-d018f175f37a:192.168.34.10:41262] returns group-632EF8F03A8E:java.util.concurrent.CompletableFuture@1e726c0a[Not completed]
2019-08-27 17:45:12,406 [pool-371-thread-1] INFO  impl.RaftServerImpl (RaftServerImpl.java:<init>(93)) - 99df0e6a-3489-48bb-9e95-d018f175f37a: new RaftServerImpl for group-632EF8F03A8E:[99df0e6a-3489-48bb-9e95-d018f175f37a:192.168.34.10:41262] with ContainerStateMachine:uninitialized
2019-08-27 17:45:12,407 [pool-371-thread-1] INFO  server.RaftServerConfigKeys (ConfUtils.java:logGet(43)) - raft.server.rpc.timeout.min = 5s (custom)
2019-08-27 17:45:12,407 [pool-371-thread-1] INFO  server.RaftServerConfigKeys (ConfUtils.java:logGet(43)) - raft.server.rpc.timeout.max = 5200ms (custom)
2019-08-27 17:45:12,407 [pool-371-thread-1] INFO  server.RaftServerConfigKeys (ConfUtils.java:logGet(43)) - raft.server.rpcslowness.timeout = 120s (custom)
2019-08-27 17:45:12,407 [pool-371-thread-1] INFO  server.RaftServerConfigKeys (ConfUtils.java:logGet(43)) - raft.server.sleep.deviation.threshold = 300 (default)
2019-08-27 17:45:12,407 [pool-371-thread-1] INFO  server.RaftServerConfigKeys (ConfUtils.java:logGet(43)) - raft.server.log.appender.install.snapshot.enabled = false (custom)
2019-08-27 17:45:12,407 [pool-371-thread-1] INFO  impl.RaftServerImpl (ServerState.java:<init>(105)) - 99df0e6a-3489-48bb-9e95-d018f175f37a:group-632EF8F03A8E ConfigurationManager, init=-1: [99df0e6a-3489-48bb-9e95-d018f175f37a:192.168.34.10:41262], old=null, confs=<EMPTY_MAP>
2019-08-27 17:45:12,408 [pool-371-thread-1] INFO  server.RaftServerConfigKeys (ConfUtils.java:logGet(43)) - raft.server.storage.dir = [/workdir/hadoop-ozone/integration-test/target/test-dir/MiniOzoneClusterImpl-14d59322-d55d-44ab-8010-b6fe6443f38f/datanode-5/data/ratis] (custom)
2019-08-27 17:45:12,408 [pool-371-thread-1] INFO  storage.RaftStorageDirectory (RaftStorageDirectory.java:analyzeStorage(246)) - The storage directory /workdir/hadoop-ozone/integration-test/target/test-dir/MiniOzoneClusterImpl-14d59322-d55d-44ab-8010-b6fe6443f38f/datanode-5/data/ratis/97fc0904-436f-49d7-a170-632ef8f03a8e does not exist. Creating ...
2019-08-27 17:45:12,421 [pool-371-thread-1] INFO  storage.RaftStorageDirectory (RaftStorageDirectory.java:tryLock(328)) - Lock on /workdir/hadoop-ozone/integration-test/target/test-dir/MiniOzoneClusterImpl-14d59322-d55d-44ab-8010-b6fe6443f38f/datanode-5/data/ratis/97fc0904-436f-49d7-a170-632ef8f03a8e/in_use.lock acquired by nodename 10594@pr-hdds-2042-56j6g-243734211
2019-08-27 17:45:12,435 [pool-371-thread-1] INFO  storage.RaftStorage (RaftStorage.java:format(72)) - Storage directory /workdir/hadoop-ozone/integration-test/target/test-dir/MiniOzoneClusterImpl-14d59322-d55d-44ab-8010-b6fe6443f38f/datanode-5/data/ratis/97fc0904-436f-49d7-a170-632ef8f03a8e has been successfully formatted.
2019-08-27 17:45:12,436 [pool-371-thread-1] INFO  ratis.ContainerStateMachine (ContainerStateMachine.java:loadSnapshot(226)) - group-632EF8F03A8E: The snapshot info is null. Setting the last applied indexto:(t:0, i:~)
2019-08-27 17:45:12,436 [pool-371-thread-1] INFO  server.RaftServerConfigKeys (ConfUtils.java:logGet(43)) - raft.server.leader.election.timeout = 120s (custom)
2019-08-27 17:45:12,436 [pool-371-thread-1] INFO  server.RaftServerConfigKeys (ConfUtils.java:logGet(43)) - raft.server.log.use.memory = false (default)
2019-08-27 17:45:12,436 [pool-371-thread-1] INFO  server.RaftServerConfigKeys (ConfUtils.java:logGet(43)) - raft.server.log.purge.gap = 1000000 (custom)
2019-08-27 17:45:12,436 [pool-371-thread-1] INFO  server.RaftServerConfigKeys (ConfUtils.java:logGet(43)) - raft.server.log.appender.buffer.byte-limit = 33554432 (custom)
2019-08-27 17:45:12,437 [pool-371-thread-1] INFO  server.RaftServerConfigKeys (ConfUtils.java:logGet(43)) - raft.server.log.segment.size.max = 1048576 (custom)
2019-08-27 17:45:12,437 [pool-371-thread-1] INFO  server.RaftServerConfigKeys (ConfUtils.java:logGet(43)) - raft.server.log.segment.cache.num.max = 2 (custom)
2019-08-27 17:45:12,437 [pool-371-thread-1] INFO  segmented.SegmentedRaftLogWorker (SegmentedRaftLogWorker.java:<init>(172)) - new 99df0e6a-3489-48bb-9e95-d018f175f37a-SegmentedRaftLogWorker:Storage Directory /workdir/hadoop-ozone/integration-test/target/test-dir/MiniOzoneClusterImpl-14d59322-d55d-44ab-8010-b6fe6443f38f/datanode-5/data/ratis/97fc0904-436f-49d7-a170-632ef8f03a8e for RaftStorage:Storage Directory /workdir/hadoop-ozone/integration-test/target/test-dir/MiniOzoneClusterImpl-14d59322-d55d-44ab-8010-b6fe6443f38f/datanode-5/data/ratis/97fc0904-436f-49d7-a170-632ef8f03a8e
2019-08-27 17:45:12,437 [pool-371-thread-1] INFO  server.RaftServerConfigKeys (ConfUtils.java:logGet(43)) - raft.server.log.queue.byte-limit = 2147483647 (custom)
2019-08-27 17:45:12,437 [pool-371-thread-1] INFO  server.RaftServerConfigKeys (ConfUtils.java:logGet(43)) - raft.server.log.queue.element-limit = 1024 (custom)
2019-08-27 17:45:12,438 [pool-371-thread-1] INFO  server.RaftServerConfigKeys (ConfUtils.java:logGet(43)) - raft.server.log.segment.size.max = 1048576 (custom)
2019-08-27 17:45:12,438 [pool-371-thread-1] INFO  server.RaftServerConfigKeys (ConfUtils.java:logGet(43)) - raft.server.log.preallocated.size = 16384 (custom)
2019-08-27 17:45:12,438 [pool-371-thread-1] INFO  server.RaftServerConfigKeys (ConfUtils.java:logGet(43)) - raft.server.log.write.buffer.size = 33554432 (custom)
2019-08-27 17:45:12,438 [pool-371-thread-1] INFO  server.RaftServerConfigKeys (ConfUtils.java:logGet(43)) - raft.server.log.force.sync.num = 128 (default)
2019-08-27 17:45:12,438 [pool-371-thread-1] INFO  server.RaftServerConfigKeys (ConfUtils.java:logGet(43)) - raft.server.log.statemachine.data.sync = true (default)
2019-08-27 17:45:12,438 [pool-371-thread-1] INFO  server.RaftServerConfigKeys (ConfUtils.java:logGet(43)) - raft.server.log.statemachine.data.sync.timeout = 10s (default)
2019-08-27 17:45:12,439 [pool-371-thread-1] INFO  server.RaftServerConfigKeys (ConfUtils.java:logGet(43)) - raft.server.log.statemachine.data.sync.timeout.retry = -1 (default)
2019-08-27 17:45:12,439 [pool-371-thread-1] INFO  server.RaftServerConfigKeys (ConfUtils.java:logGet(43)) - raft.server.log.statemachine.data.caching.enabled = true (custom)
2019-08-27 17:45:12,439 [pool-371-thread-1] INFO  segmented.SegmentedRaftLogWorker (SegmentedRaftLogWorker.java:lambda$new$0(132)) - 99df0e6a-3489-48bb-9e95-d018f175f37a-SegmentedRaftLogWorker:Storage Directory /workdir/hadoop-ozone/integration-test/target/test-dir/MiniOzoneClusterImpl-14d59322-d55d-44ab-8010-b6fe6443f38f/datanode-5/data/ratis/97fc0904-436f-49d7-a170-632ef8f03a8e: flushIndex: setUnconditionally 0 -> -1
2019-08-27 17:45:12,440 [pool-371-thread-1] INFO  server.RaftServerConfigKeys (ConfUtils.java:logGet(43)) - raft.server.snapshot.auto.trigger.enabled = true (custom)
2019-08-27 17:45:12,440 [pool-371-thread-1] INFO  server.RaftServerConfigKeys (ConfUtils.java:logGet(43)) - raft.server.snapshot.auto.trigger.threshold = 10000 (custom)
2019-08-27 17:45:12,440 [pool-371-thread-1] INFO  server.RaftServerConfigKeys (ConfUtils.java:logGet(43)) - raft.server.retrycache.expirytime = 600000ms (custom)
2019-08-27 17:45:12,440 [pool-371-thread-1] INFO  impl.RaftServerImpl (RaftServerImpl.java:start(180)) - 99df0e6a-3489-48bb-9e95-d018f175f37a: start group-632EF8F03A8E
2019-08-27 17:45:12,441 [pool-371-thread-1] INFO  impl.RaftServerImpl (RaftServerImpl.java:setRole(171)) - 99df0e6a-3489-48bb-9e95-d018f175f37a:group-632EF8F03A8E changes role from null to FOLLOWER at term 0 for startAsFollower
2019-08-27 17:45:12,441 [pool-371-thread-1] INFO  impl.RoleInfo (RoleInfo.java:updateAndGet(143)) - 99df0e6a-3489-48bb-9e95-d018f175f37a: start FollowerState
2019-08-27 17:45:12,441 [pool-371-thread-1] INFO  util.JmxRegister (JmxRegister.java:tryRegister(44)) - Successfully registered JMX Bean with object name Ratis:service=RaftServer,group=group-632EF8F03A8E,id=99df0e6a-3489-48bb-9e95-d018f175f37a
2019-08-27 17:45:12,447 [RatisPipelineUtilsThread] INFO  pipeline.PipelineStateManager (PipelineStateManager.java:addPipeline(56)) - Created pipeline Pipeline[ Id: 97fc0904-436f-49d7-a170-632ef8f03a8e, Nodes: 99df0e6a-3489-48bb-9e95-d018f175f37a{ip: 192.168.34.10, host: pr-hdds-2042-56j6g-243734211, networkLocation: /default-rack, certSerialId: null}, Type:RATIS, Factor:ONE, State:OPEN]
2019-08-27 17:45:12,463 [grpc-default-executor-5] INFO  impl.RaftServerProxy (RaftServerProxy.java:addNew(89)) - d5900fb2-81d8-4496-aad9-ae0edce7524a: addNew group-B1CA3C8FE44B:[1dc5d11e-8303-42ed-ac6e-3c2bd9515d94:192.168.34.10:39269, 99df0e6a-3489-48bb-9e95-d018f175f37a:192.168.34.10:41262, d5900fb2-81d8-4496-aad9-ae0edce7524a:192.168.34.10:46606] returns group-B1CA3C8FE44B:java.util.concurrent.CompletableFuture@198f300b[Not completed]
2019-08-27 17:45:12,463 [grpc-default-executor-3] INFO  impl.RaftServerProxy (RaftServerProxy.java:addNew(89)) - 99df0e6a-3489-48bb-9e95-d018f175f37a: addNew group-B1CA3C8FE44B:[1dc5d11e-8303-42ed-ac6e-3c2bd9515d94:192.168.34.10:39269, 99df0e6a-3489-48bb-9e95-d018f175f37a:192.168.34.10:41262, d5900fb2-81d8-4496-aad9-ae0edce7524a:192.168.34.10:46606] returns group-B1CA3C8FE44B:java.util.concurrent.CompletableFuture@20042eec[Not completed]
2019-08-27 17:45:12,466 [grpc-default-executor-2] INFO  impl.RaftServerProxy (RaftServerProxy.java:addNew(89)) - 1dc5d11e-8303-42ed-ac6e-3c2bd9515d94: addNew group-B1CA3C8FE44B:[1dc5d11e-8303-42ed-ac6e-3c2bd9515d94:192.168.34.10:39269, 99df0e6a-3489-48bb-9e95-d018f175f37a:192.168.34.10:41262, d5900fb2-81d8-4496-aad9-ae0edce7524a:192.168.34.10:46606] returns group-B1CA3C8FE44B:java.util.concurrent.CompletableFuture@1a1f6596[Not completed]
2019-08-27 17:45:12,468 [pool-360-thread-1] INFO  impl.RaftServerImpl (RaftServerImpl.java:<init>(93)) - d5900fb2-81d8-4496-aad9-ae0edce7524a: new RaftServerImpl for group-B1CA3C8FE44B:[1dc5d11e-8303-42ed-ac6e-3c2bd9515d94:192.168.34.10:39269, 99df0e6a-3489-48bb-9e95-d018f175f37a:192.168.34.10:41262, d5900fb2-81d8-4496-aad9-ae0edce7524a:192.168.34.10:46606] with ContainerStateMachine:uninitialized
2019-08-27 17:45:12,468 [pool-360-thread-1] INFO  server.RaftServerConfigKeys (ConfUtils.java:logGet(43)) - raft.server.rpc.timeout.min = 5s (custom)
2019-08-27 17:45:12,468 [pool-360-thread-1] INFO  server.RaftServerConfigKeys (ConfUtils.java:logGet(43)) - raft.server.rpc.timeout.max = 5200ms (custom)
2019-08-27 17:45:12,468 [pool-360-thread-1] INFO  server.RaftServerConfigKeys (ConfUtils.java:logGet(43)) - raft.server.rpcslowness.timeout = 120s (custom)
2019-08-27 17:45:12,468 [pool-360-thread-1] INFO  server.RaftServerConfigKeys (ConfUtils.java:logGet(43)) - raft.server.sleep.deviation.threshold = 300 (default)
2019-08-27 17:45:12,469 [pool-360-thread-1] INFO  server.RaftServerConfigKeys (ConfUtils.java:logGet(43)) - raft.server.log.appender.install.snapshot.enabled = false (custom)
2019-08-27 17:45:12,469 [pool-349-thread-1] INFO  impl.RaftServerImpl (RaftServerImpl.java:<init>(93)) - 1dc5d11e-8303-42ed-ac6e-3c2bd9515d94: new RaftServerImpl for group-B1CA3C8FE44B:[1dc5d11e-8303-42ed-ac6e-3c2bd9515d94:192.168.34.10:39269, 99df0e6a-3489-48bb-9e95-d018f175f37a:192.168.34.10:41262, d5900fb2-81d8-4496-aad9-ae0edce7524a:192.168.34.10:46606] with ContainerStateMachine:uninitialized
2019-08-27 17:45:12,469 [pool-360-thread-1] INFO  impl.RaftServerImpl (ServerState.java:<init>(105)) - d5900fb2-81d8-4496-aad9-ae0edce7524a:group-B1CA3C8FE44B ConfigurationManager, init=-1: [1dc5d11e-8303-42ed-ac6e-3c2bd9515d94:192.168.34.10:39269, 99df0e6a-3489-48bb-9e95-d018f175f37a:192.168.34.10:41262, d5900fb2-81d8-4496-aad9-ae0edce7524a:192.168.34.10:46606], old=null, confs=<EMPTY_MAP>
2019-08-27 17:45:12,469 [pool-349-thread-1] INFO  server.RaftServerConfigKeys (ConfUtils.java:logGet(43)) - raft.server.rpc.timeout.min = 5s (custom)
2019-08-27 17:45:12,469 [pool-360-thread-1] INFO  server.RaftServerConfigKeys (ConfUtils.java:logGet(43)) - raft.server.storage.dir = [/workdir/hadoop-ozone/integration-test/target/test-dir/MiniOzoneClusterImpl-14d59322-d55d-44ab-8010-b6fe6443f38f/datanode-4/data/ratis] (custom)
2019-08-27 17:45:12,469 [pool-349-thread-1] INFO  server.RaftServerConfigKeys (ConfUtils.java:logGet(43)) - raft.server.rpc.timeout.max = 5200ms (custom)
2019-08-27 17:45:12,470 [pool-349-thread-1] INFO  server.RaftServerConfigKeys (ConfUtils.java:logGet(43)) - raft.server.rpcslowness.timeout = 120s (custom)
2019-08-27 17:45:12,470 [pool-360-thread-1] INFO  storage.RaftStorageDirectory (RaftStorageDirectory.java:analyzeStorage(246)) - The storage directory /workdir/hadoop-ozone/integration-test/target/test-dir/MiniOzoneClusterImpl-14d59322-d55d-44ab-8010-b6fe6443f38f/datanode-4/data/ratis/13474f98-5dca-41b6-9248-b1ca3c8fe44b does not exist. Creating ...
2019-08-27 17:45:12,470 [pool-371-thread-1] INFO  impl.RaftServerImpl (RaftServerImpl.java:<init>(93)) - 99df0e6a-3489-48bb-9e95-d018f175f37a: new RaftServerImpl for group-B1CA3C8FE44B:[1dc5d11e-8303-42ed-ac6e-3c2bd9515d94:192.168.34.10:39269, 99df0e6a-3489-48bb-9e95-d018f175f37a:192.168.34.10:41262, d5900fb2-81d8-4496-aad9-ae0edce7524a:192.168.34.10:46606] with ContainerStateMachine:uninitialized
2019-08-27 17:45:12,470 [pool-349-thread-1] INFO  server.RaftServerConfigKeys (ConfUtils.java:logGet(43)) - raft.server.sleep.deviation.threshold = 300 (default)
2019-08-27 17:45:12,470 [pool-371-thread-1] INFO  server.RaftServerConfigKeys (ConfUtils.java:logGet(43)) - raft.server.rpc.timeout.min = 5s (custom)
2019-08-27 17:45:12,470 [pool-349-thread-1] INFO  server.RaftServerConfigKeys (ConfUtils.java:logGet(43)) - raft.server.log.appender.install.snapshot.enabled = false (custom)
2019-08-27 17:45:12,471 [pool-371-thread-1] INFO  server.RaftServerConfigKeys (ConfUtils.java:logGet(43)) - raft.server.rpc.timeout.max = 5200ms (custom)
2019-08-27 17:45:12,471 [pool-349-thread-1] INFO  impl.RaftServerImpl (ServerState.java:<init>(105)) - 1dc5d11e-8303-42ed-ac6e-3c2bd9515d94:group-B1CA3C8FE44B ConfigurationManager, init=-1: [1dc5d11e-8303-42ed-ac6e-3c2bd9515d94:192.168.34.10:39269, 99df0e6a-3489-48bb-9e95-d018f175f37a:192.168.34.10:41262, d5900fb2-81d8-4496-aad9-ae0edce7524a:192.168.34.10:46606], old=null, confs=<EMPTY_MAP>
2019-08-27 17:45:12,471 [pool-371-thread-1] INFO  server.RaftServerConfigKeys (ConfUtils.java:logGet(43)) - raft.server.rpcslowness.timeout = 120s (custom)
2019-08-27 17:45:12,471 [pool-349-thread-1] INFO  server.RaftServerConfigKeys (ConfUtils.java:logGet(43)) - raft.server.storage.dir = [/workdir/hadoop-ozone/integration-test/target/test-dir/MiniOzoneClusterImpl-14d59322-d55d-44ab-8010-b6fe6443f38f/datanode-3/data/ratis] (custom)
2019-08-27 17:45:12,471 [pool-371-thread-1] INFO  server.RaftServerConfigKeys (ConfUtils.java:logGet(43)) - raft.server.sleep.deviation.threshold = 300 (default)
2019-08-27 17:45:12,472 [pool-371-thread-1] INFO  server.RaftServerConfigKeys (ConfUtils.java:logGet(43)) - raft.server.log.appender.install.snapshot.enabled = false (custom)
2019-08-27 17:45:12,472 [pool-349-thread-1] INFO  storage.RaftStorageDirectory (RaftStorageDirectory.java:analyzeStorage(246)) - The storage directory /workdir/hadoop-ozone/integration-test/target/test-dir/MiniOzoneClusterImpl-14d59322-d55d-44ab-8010-b6fe6443f38f/datanode-3/data/ratis/13474f98-5dca-41b6-9248-b1ca3c8fe44b does not exist. Creating ...
2019-08-27 17:45:12,472 [pool-371-thread-1] INFO  impl.RaftServerImpl (ServerState.java:<init>(105)) - 99df0e6a-3489-48bb-9e95-d018f175f37a:group-B1CA3C8FE44B ConfigurationManager, init=-1: [1dc5d11e-8303-42ed-ac6e-3c2bd9515d94:192.168.34.10:39269, 99df0e6a-3489-48bb-9e95-d018f175f37a:192.168.34.10:41262, d5900fb2-81d8-4496-aad9-ae0edce7524a:192.168.34.10:46606], old=null, confs=<EMPTY_MAP>
2019-08-27 17:45:12,472 [pool-371-thread-1] INFO  server.RaftServerConfigKeys (ConfUtils.java:logGet(43)) - raft.server.storage.dir = [/workdir/hadoop-ozone/integration-test/target/test-dir/MiniOzoneClusterImpl-14d59322-d55d-44ab-8010-b6fe6443f38f/datanode-5/data/ratis] (custom)
2019-08-27 17:45:12,473 [pool-371-thread-1] INFO  storage.RaftStorageDirectory (RaftStorageDirectory.java:analyzeStorage(246)) - The storage directory /workdir/hadoop-ozone/integration-test/target/test-dir/MiniOzoneClusterImpl-14d59322-d55d-44ab-8010-b6fe6443f38f/datanode-5/data/ratis/13474f98-5dca-41b6-9248-b1ca3c8fe44b does not exist. Creating ...
2019-08-27 17:45:12,484 [pool-371-thread-1] INFO  storage.RaftStorageDirectory (RaftStorageDirectory.java:tryLock(328)) - Lock on /workdir/hadoop-ozone/integration-test/target/test-dir/MiniOzoneClusterImpl-14d59322-d55d-44ab-8010-b6fe6443f38f/datanode-5/data/ratis/13474f98-5dca-41b6-9248-b1ca3c8fe44b/in_use.lock acquired by nodename 10594@pr-hdds-2042-56j6g-243734211
2019-08-27 17:45:12,484 [pool-349-thread-1] INFO  storage.RaftStorageDirectory (RaftStorageDirectory.java:tryLock(328)) - Lock on /workdir/hadoop-ozone/integration-test/target/test-dir/MiniOzoneClusterImpl-14d59322-d55d-44ab-8010-b6fe6443f38f/datanode-3/data/ratis/13474f98-5dca-41b6-9248-b1ca3c8fe44b/in_use.lock acquired by nodename 10594@pr-hdds-2042-56j6g-243734211
2019-08-27 17:45:12,484 [pool-360-thread-1] INFO  storage.RaftStorageDirectory (RaftStorageDirectory.java:tryLock(328)) - Lock on /workdir/hadoop-ozone/integration-test/target/test-dir/MiniOzoneClusterImpl-14d59322-d55d-44ab-8010-b6fe6443f38f/datanode-4/data/ratis/13474f98-5dca-41b6-9248-b1ca3c8fe44b/in_use.lock acquired by nodename 10594@pr-hdds-2042-56j6g-243734211
2019-08-27 17:45:12,499 [pool-349-thread-1] INFO  storage.RaftStorage (RaftStorage.java:format(72)) - Storage directory /workdir/hadoop-ozone/integration-test/target/test-dir/MiniOzoneClusterImpl-14d59322-d55d-44ab-8010-b6fe6443f38f/datanode-3/data/ratis/13474f98-5dca-41b6-9248-b1ca3c8fe44b has been successfully formatted.
2019-08-27 17:45:12,499 [pool-371-thread-1] INFO  storage.RaftStorage (RaftStorage.java:format(72)) - Storage directory /workdir/hadoop-ozone/integration-test/target/test-dir/MiniOzoneClusterImpl-14d59322-d55d-44ab-8010-b6fe6443f38f/datanode-5/data/ratis/13474f98-5dca-41b6-9248-b1ca3c8fe44b has been successfully formatted.
2019-08-27 17:45:12,499 [pool-360-thread-1] INFO  storage.RaftStorage (RaftStorage.java:format(72)) - Storage directory /workdir/hadoop-ozone/integration-test/target/test-dir/MiniOzoneClusterImpl-14d59322-d55d-44ab-8010-b6fe6443f38f/datanode-4/data/ratis/13474f98-5dca-41b6-9248-b1ca3c8fe44b has been successfully formatted.
2019-08-27 17:45:12,500 [pool-371-thread-1] INFO  ratis.ContainerStateMachine (ContainerStateMachine.java:loadSnapshot(226)) - group-B1CA3C8FE44B: The snapshot info is null. Setting the last applied indexto:(t:0, i:~)
2019-08-27 17:45:12,500 [pool-360-thread-1] INFO  ratis.ContainerStateMachine (ContainerStateMachine.java:loadSnapshot(226)) - group-B1CA3C8FE44B: The snapshot info is null. Setting the last applied indexto:(t:0, i:~)
2019-08-27 17:45:12,499 [pool-349-thread-1] INFO  ratis.ContainerStateMachine (ContainerStateMachine.java:loadSnapshot(226)) - group-B1CA3C8FE44B: The snapshot info is null. Setting the last applied indexto:(t:0, i:~)
2019-08-27 17:45:12,500 [pool-360-thread-1] INFO  server.RaftServerConfigKeys (ConfUtils.java:logGet(43)) - raft.server.leader.election.timeout = 120s (custom)
2019-08-27 17:45:12,500 [pool-371-thread-1] INFO  server.RaftServerConfigKeys (ConfUtils.java:logGet(43)) - raft.server.leader.election.timeout = 120s (custom)
2019-08-27 17:45:12,500 [pool-360-thread-1] INFO  server.RaftServerConfigKeys (ConfUtils.java:logGet(43)) - raft.server.log.use.memory = false (default)
2019-08-27 17:45:12,500 [pool-349-thread-1] INFO  server.RaftServerConfigKeys (ConfUtils.java:logGet(43)) - raft.server.leader.election.timeout = 120s (custom)
2019-08-27 17:45:12,501 [pool-360-thread-1] INFO  server.RaftServerConfigKeys (ConfUtils.java:logGet(43)) - raft.server.log.purge.gap = 1000000 (custom)
2019-08-27 17:45:12,501 [pool-360-thread-1] INFO  server.RaftServerConfigKeys (ConfUtils.java:logGet(43)) - raft.server.log.appender.buffer.byte-limit = 33554432 (custom)
2019-08-27 17:45:12,500 [pool-371-thread-1] INFO  server.RaftServerConfigKeys (ConfUtils.java:logGet(43)) - raft.server.log.use.memory = false (default)
2019-08-27 17:45:12,501 [pool-360-thread-1] INFO  server.RaftServerConfigKeys (ConfUtils.java:logGet(43)) - raft.server.log.segment.size.max = 1048576 (custom)
2019-08-27 17:45:12,501 [pool-349-thread-1] INFO  server.RaftServerConfigKeys (ConfUtils.java:logGet(43)) - raft.server.log.use.memory = false (default)
2019-08-27 17:45:12,501 [pool-360-thread-1] INFO  server.RaftServerConfigKeys (ConfUtils.java:logGet(43)) - raft.server.log.segment.cache.num.max = 2 (custom)
2019-08-27 17:45:12,501 [pool-371-thread-1] INFO  server.RaftServerConfigKeys (ConfUtils.java:logGet(43)) - raft.server.log.purge.gap = 1000000 (custom)
2019-08-27 17:45:12,502 [pool-360-thread-1] INFO  segmented.SegmentedRaftLogWorker (SegmentedRaftLogWorker.java:<init>(172)) - new d5900fb2-81d8-4496-aad9-ae0edce7524a-SegmentedRaftLogWorker:Storage Directory /workdir/hadoop-ozone/integration-test/target/test-dir/MiniOzoneClusterImpl-14d59322-d55d-44ab-8010-b6fe6443f38f/datanode-4/data/ratis/13474f98-5dca-41b6-9248-b1ca3c8fe44b for RaftStorage:Storage Directory /workdir/hadoop-ozone/integration-test/target/test-dir/MiniOzoneClusterImpl-14d59322-d55d-44ab-8010-b6fe6443f38f/datanode-4/data/ratis/13474f98-5dca-41b6-9248-b1ca3c8fe44b
2019-08-27 17:45:12,502 [pool-349-thread-1] INFO  server.RaftServerConfigKeys (ConfUtils.java:logGet(43)) - raft.server.log.purge.gap = 1000000 (custom)
2019-08-27 17:45:12,502 [pool-360-thread-1] INFO  server.RaftServerConfigKeys (ConfUtils.java:logGet(43)) - raft.server.log.queue.byte-limit = 2147483647 (custom)
2019-08-27 17:45:12,502 [pool-360-thread-1] INFO  server.RaftServerConfigKeys (ConfUtils.java:logGet(43)) - raft.server.log.queue.element-limit = 1024 (custom)
2019-08-27 17:45:12,502 [pool-371-thread-1] INFO  server.RaftServerConfigKeys (ConfUtils.java:logGet(43)) - raft.server.log.appender.buffer.byte-limit = 33554432 (custom)
2019-08-27 17:45:12,503 [pool-360-thread-1] INFO  server.RaftServerConfigKeys (ConfUtils.java:logGet(43)) - raft.server.log.segment.size.max = 1048576 (custom)
2019-08-27 17:45:12,502 [pool-349-thread-1] INFO  server.RaftServerConfigKeys (ConfUtils.java:logGet(43)) - raft.server.log.appender.buffer.byte-limit = 33554432 (custom)
2019-08-27 17:45:12,503 [pool-360-thread-1] INFO  server.RaftServerConfigKeys (ConfUtils.java:logGet(43)) - raft.server.log.preallocated.size = 16384 (custom)
2019-08-27 17:45:12,503 [pool-371-thread-1] INFO  server.RaftServerConfigKeys (ConfUtils.java:logGet(43)) - raft.server.log.segment.size.max = 1048576 (custom)
2019-08-27 17:45:12,503 [pool-360-thread-1] INFO  server.RaftServerConfigKeys (ConfUtils.java:logGet(43)) - raft.server.log.write.buffer.size = 33554432 (custom)
2019-08-27 17:45:12,504 [pool-360-thread-1] INFO  server.RaftServerConfigKeys (ConfUtils.java:logGet(43)) - raft.server.log.force.sync.num = 128 (default)
2019-08-27 17:45:12,503 [pool-349-thread-1] INFO  server.RaftServerConfigKeys (ConfUtils.java:logGet(43)) - raft.server.log.segment.size.max = 1048576 (custom)
2019-08-27 17:45:12,504 [pool-360-thread-1] INFO  server.RaftServerConfigKeys (ConfUtils.java:logGet(43)) - raft.server.log.statemachine.data.sync = true (default)
2019-08-27 17:45:12,503 [pool-371-thread-1] INFO  server.RaftServerConfigKeys (ConfUtils.java:logGet(43)) - raft.server.log.segment.cache.num.max = 2 (custom)
2019-08-27 17:45:12,504 [pool-360-thread-1] INFO  server.RaftServerConfigKeys (ConfUtils.java:logGet(43)) - raft.server.log.statemachine.data.sync.timeout = 10s (default)
2019-08-27 17:45:12,504 [pool-349-thread-1] INFO  server.RaftServerConfigKeys (ConfUtils.java:logGet(43)) - raft.server.log.segment.cache.num.max = 2 (custom)
2019-08-27 17:45:12,504 [pool-360-thread-1] INFO  server.RaftServerConfigKeys (ConfUtils.java:logGet(43)) - raft.server.log.statemachine.data.sync.timeout.retry = -1 (default)
2019-08-27 17:45:12,504 [pool-371-thread-1] INFO  segmented.SegmentedRaftLogWorker (SegmentedRaftLogWorker.java:<init>(172)) - new 99df0e6a-3489-48bb-9e95-d018f175f37a-SegmentedRaftLogWorker:Storage Directory /workdir/hadoop-ozone/integration-test/target/test-dir/MiniOzoneClusterImpl-14d59322-d55d-44ab-8010-b6fe6443f38f/datanode-5/data/ratis/13474f98-5dca-41b6-9248-b1ca3c8fe44b for RaftStorage:Storage Directory /workdir/hadoop-ozone/integration-test/target/test-dir/MiniOzoneClusterImpl-14d59322-d55d-44ab-8010-b6fe6443f38f/datanode-5/data/ratis/13474f98-5dca-41b6-9248-b1ca3c8fe44b
2019-08-27 17:45:12,505 [pool-360-thread-1] INFO  server.RaftServerConfigKeys (ConfUtils.java:logGet(43)) - raft.server.log.statemachine.data.caching.enabled = true (custom)
2019-08-27 17:45:12,505 [pool-349-thread-1] INFO  segmented.SegmentedRaftLogWorker (SegmentedRaftLogWorker.java:<init>(172)) - new 1dc5d11e-8303-42ed-ac6e-3c2bd9515d94-SegmentedRaftLogWorker:Storage Directory /workdir/hadoop-ozone/integration-test/target/test-dir/MiniOzoneClusterImpl-14d59322-d55d-44ab-8010-b6fe6443f38f/datanode-3/data/ratis/13474f98-5dca-41b6-9248-b1ca3c8fe44b for RaftStorage:Storage Directory /workdir/hadoop-ozone/integration-test/target/test-dir/MiniOzoneClusterImpl-14d59322-d55d-44ab-8010-b6fe6443f38f/datanode-3/data/ratis/13474f98-5dca-41b6-9248-b1ca3c8fe44b
2019-08-27 17:45:12,505 [pool-371-thread-1] INFO  server.RaftServerConfigKeys (ConfUtils.java:logGet(43)) - raft.server.log.queue.byte-limit = 2147483647 (custom)
2019-08-27 17:45:12,505 [pool-349-thread-1] INFO  server.RaftServerConfigKeys (ConfUtils.java:logGet(43)) - raft.server.log.queue.byte-limit = 2147483647 (custom)
2019-08-27 17:45:12,505 [pool-360-thread-1] INFO  segmented.SegmentedRaftLogWorker (SegmentedRaftLogWorker.java:lambda$new$0(132)) - d5900fb2-81d8-4496-aad9-ae0edce7524a-SegmentedRaftLogWorker:Storage Directory /workdir/hadoop-ozone/integration-test/target/test-dir/MiniOzoneClusterImpl-14d59322-d55d-44ab-8010-b6fe6443f38f/datanode-4/data/ratis/13474f98-5dca-41b6-9248-b1ca3c8fe44b: flushIndex: setUnconditionally 0 -> -1
2019-08-27 17:45:12,506 [pool-349-thread-1] INFO  server.RaftServerConfigKeys (ConfUtils.java:logGet(43)) - raft.server.log.queue.element-limit = 1024 (custom)
2019-08-27 17:45:12,506 [pool-371-thread-1] INFO  server.RaftServerConfigKeys (ConfUtils.java:logGet(43)) - raft.server.log.queue.element-limit = 1024 (custom)
2019-08-27 17:45:12,506 [pool-360-thread-1] INFO  server.RaftServerConfigKeys (ConfUtils.java:logGet(43)) - raft.server.snapshot.auto.trigger.enabled = true (custom)
2019-08-27 17:45:12,506 [pool-349-thread-1] INFO  server.RaftServerConfigKeys (ConfUtils.java:logGet(43)) - raft.server.log.segment.size.max = 1048576 (custom)
2019-08-27 17:45:12,506 [pool-360-thread-1] INFO  server.RaftServerConfigKeys (ConfUtils.java:logGet(43)) - raft.server.snapshot.auto.trigger.threshold = 10000 (custom)
2019-08-27 17:45:12,506 [pool-371-thread-1] INFO  server.RaftServerConfigKeys (ConfUtils.java:logGet(43)) - raft.server.log.segment.size.max = 1048576 (custom)
2019-08-27 17:45:12,507 [pool-360-thread-1] INFO  server.RaftServerConfigKeys (ConfUtils.java:logGet(43)) - raft.server.retrycache.expirytime = 600000ms (custom)
2019-08-27 17:45:12,507 [pool-349-thread-1] INFO  server.RaftServerConfigKeys (ConfUtils.java:logGet(43)) - raft.server.log.preallocated.size = 16384 (custom)
2019-08-27 17:45:12,507 [pool-360-thread-1] INFO  impl.RaftServerImpl (RaftServerImpl.java:start(180)) - d5900fb2-81d8-4496-aad9-ae0edce7524a: start group-B1CA3C8FE44B
2019-08-27 17:45:12,507 [pool-371-thread-1] INFO  server.RaftServerConfigKeys (ConfUtils.java:logGet(43)) - raft.server.log.preallocated.size = 16384 (custom)
2019-08-27 17:45:12,507 [pool-360-thread-1] INFO  impl.RaftServerImpl (RaftServerImpl.java:setRole(171)) - d5900fb2-81d8-4496-aad9-ae0edce7524a:group-B1CA3C8FE44B changes role from null to FOLLOWER at term 0 for startAsFollower
2019-08-27 17:45:12,507 [pool-349-thread-1] INFO  server.RaftServerConfigKeys (ConfUtils.java:logGet(43)) - raft.server.log.write.buffer.size = 33554432 (custom)
2019-08-27 17:45:12,508 [pool-360-thread-1] INFO  impl.RoleInfo (RoleInfo.java:updateAndGet(143)) - d5900fb2-81d8-4496-aad9-ae0edce7524a: start FollowerState
2019-08-27 17:45:12,508 [pool-371-thread-1] INFO  server.RaftServerConfigKeys (ConfUtils.java:logGet(43)) - raft.server.log.write.buffer.size = 33554432 (custom)
2019-08-27 17:45:12,508 [pool-349-thread-1] INFO  server.RaftServerConfigKeys (ConfUtils.java:logGet(43)) - raft.server.log.force.sync.num = 128 (default)
2019-08-27 17:45:12,508 [pool-371-thread-1] INFO  server.RaftServerConfigKeys (ConfUtils.java:logGet(43)) - raft.server.log.force.sync.num = 128 (default)
2019-08-27 17:45:12,508 [pool-349-thread-1] INFO  server.RaftServerConfigKeys (ConfUtils.java:logGet(43)) - raft.server.log.statemachine.data.sync = true (default)
2019-08-27 17:45:12,508 [pool-360-thread-1] INFO  util.JmxRegister (JmxRegister.java:tryRegister(44)) - Successfully registered JMX Bean with object name Ratis:service=RaftServer,group=group-B1CA3C8FE44B,id=d5900fb2-81d8-4496-aad9-ae0edce7524a
2019-08-27 17:45:12,509 [pool-349-thread-1] INFO  server.RaftServerConfigKeys (ConfUtils.java:logGet(43)) - raft.server.log.statemachine.data.sync.timeout = 10s (default)
2019-08-27 17:45:12,508 [pool-371-thread-1] INFO  server.RaftServerConfigKeys (ConfUtils.java:logGet(43)) - raft.server.log.statemachine.data.sync = true (default)
2019-08-27 17:45:12,509 [pool-349-thread-1] INFO  server.RaftServerConfigKeys (ConfUtils.java:logGet(43)) - raft.server.log.statemachine.data.sync.timeout.retry = -1 (default)
2019-08-27 17:45:12,509 [pool-371-thread-1] INFO  server.RaftServerConfigKeys (ConfUtils.java:logGet(43)) - raft.server.log.statemachine.data.sync.timeout = 10s (default)
2019-08-27 17:45:12,509 [pool-349-thread-1] INFO  server.RaftServerConfigKeys (ConfUtils.java:logGet(43)) - raft.server.log.statemachine.data.caching.enabled = true (custom)
2019-08-27 17:45:12,509 [pool-371-thread-1] INFO  server.RaftServerConfigKeys (ConfUtils.java:logGet(43)) - raft.server.log.statemachine.data.sync.timeout.retry = -1 (default)
2019-08-27 17:45:12,510 [pool-349-thread-1] INFO  segmented.SegmentedRaftLogWorker (SegmentedRaftLogWorker.java:lambda$new$0(132)) - 1dc5d11e-8303-42ed-ac6e-3c2bd9515d94-SegmentedRaftLogWorker:Storage Directory /workdir/hadoop-ozone/integration-test/target/test-dir/MiniOzoneClusterImpl-14d59322-d55d-44ab-8010-b6fe6443f38f/datanode-3/data/ratis/13474f98-5dca-41b6-9248-b1ca3c8fe44b: flushIndex: setUnconditionally 0 -> -1
2019-08-27 17:45:12,510 [pool-371-thread-1] INFO  server.RaftServerConfigKeys (ConfUtils.java:logGet(43)) - raft.server.log.statemachine.data.caching.enabled = true (custom)
2019-08-27 17:45:12,512 [pool-349-thread-1] INFO  server.RaftServerConfigKeys (ConfUtils.java:logGet(43)) - raft.server.snapshot.auto.trigger.enabled = true (custom)
2019-08-27 17:45:12,513 [pool-349-thread-1] INFO  server.RaftServerConfigKeys (ConfUtils.java:logGet(43)) - raft.server.snapshot.auto.trigger.threshold = 10000 (custom)
2019-08-27 17:45:12,513 [pool-349-thread-1] INFO  server.RaftServerConfigKeys (ConfUtils.java:logGet(43)) - raft.server.retrycache.expirytime = 600000ms (custom)
2019-08-27 17:45:12,513 [pool-349-thread-1] INFO  impl.RaftServerImpl (RaftServerImpl.java:start(180)) - 1dc5d11e-8303-42ed-ac6e-3c2bd9515d94: start group-B1CA3C8FE44B
2019-08-27 17:45:12,513 [pool-371-thread-1] INFO  segmented.SegmentedRaftLogWorker (SegmentedRaftLogWorker.java:lambda$new$0(132)) - 99df0e6a-3489-48bb-9e95-d018f175f37a-SegmentedRaftLogWorker:Storage Directory /workdir/hadoop-ozone/integration-test/target/test-dir/MiniOzoneClusterImpl-14d59322-d55d-44ab-8010-b6fe6443f38f/datanode-5/data/ratis/13474f98-5dca-41b6-9248-b1ca3c8fe44b: flushIndex: setUnconditionally 0 -> -1
2019-08-27 17:45:12,513 [pool-349-thread-1] INFO  impl.RaftServerImpl (RaftServerImpl.java:setRole(171)) - 1dc5d11e-8303-42ed-ac6e-3c2bd9515d94:group-B1CA3C8FE44B changes role from null to FOLLOWER at term 0 for startAsFollower
2019-08-27 17:45:12,513 [pool-349-thread-1] INFO  impl.RoleInfo (RoleInfo.java:updateAndGet(143)) - 1dc5d11e-8303-42ed-ac6e-3c2bd9515d94: start FollowerState
2019-08-27 17:45:12,514 [pool-371-thread-1] INFO  server.RaftServerConfigKeys (ConfUtils.java:logGet(43)) - raft.server.snapshot.auto.trigger.enabled = true (custom)
2019-08-27 17:45:12,514 [pool-371-thread-1] INFO  server.RaftServerConfigKeys (ConfUtils.java:logGet(43)) - raft.server.snapshot.auto.trigger.threshold = 10000 (custom)
2019-08-27 17:45:12,514 [pool-349-thread-1] INFO  util.JmxRegister (JmxRegister.java:tryRegister(44)) - Successfully registered JMX Bean with object name Ratis:service=RaftServer,group=group-B1CA3C8FE44B,id=1dc5d11e-8303-42ed-ac6e-3c2bd9515d94
2019-08-27 17:45:12,514 [pool-371-thread-1] INFO  server.RaftServerConfigKeys (ConfUtils.java:logGet(43)) - raft.server.retrycache.expirytime = 600000ms (custom)
2019-08-27 17:45:12,514 [pool-371-thread-1] INFO  impl.RaftServerImpl (RaftServerImpl.java:start(180)) - 99df0e6a-3489-48bb-9e95-d018f175f37a: start group-B1CA3C8FE44B
2019-08-27 17:45:12,515 [pool-371-thread-1] INFO  impl.RaftServerImpl (RaftServerImpl.java:setRole(171)) - 99df0e6a-3489-48bb-9e95-d018f175f37a:group-B1CA3C8FE44B changes role from null to FOLLOWER at term 0 for startAsFollower
2019-08-27 17:45:12,515 [pool-371-thread-1] INFO  impl.RoleInfo (RoleInfo.java:updateAndGet(143)) - 99df0e6a-3489-48bb-9e95-d018f175f37a: start FollowerState
2019-08-27 17:45:12,515 [pool-371-thread-1] INFO  util.JmxRegister (JmxRegister.java:tryRegister(44)) - Successfully registered JMX Bean with object name Ratis:service=RaftServer,group=group-B1CA3C8FE44B,id=99df0e6a-3489-48bb-9e95-d018f175f37a
2019-08-27 17:45:12,523 [RatisPipelineUtilsThread] INFO  pipeline.PipelineStateManager (PipelineStateManager.java:addPipeline(56)) - Created pipeline Pipeline[ Id: 13474f98-5dca-41b6-9248-b1ca3c8fe44b, Nodes: 1dc5d11e-8303-42ed-ac6e-3c2bd9515d94{ip: 192.168.34.10, host: pr-hdds-2042-56j6g-243734211, networkLocation: /default-rack, certSerialId: null}99df0e6a-3489-48bb-9e95-d018f175f37a{ip: 192.168.34.10, host: pr-hdds-2042-56j6g-243734211, networkLocation: /default-rack, certSerialId: null}d5900fb2-81d8-4496-aad9-ae0edce7524a{ip: 192.168.34.10, host: pr-hdds-2042-56j6g-243734211, networkLocation: /default-rack, certSerialId: null}, Type:RATIS, Factor:THREE, State:OPEN]
2019-08-27 17:45:12,544 [main] INFO  ozone.MiniOzoneClusterImpl (MiniOzoneClusterImpl.java:lambda$waitForClusterToBeReady$0(142)) - Waiting for cluster to be ready. Got 6 of 7 DN Heartbeats.
2019-08-27 17:45:12,544 [IPC Server handler 4 on 42328] INFO  net.NetworkTopology (NetworkTopologyImpl.java:add(110)) - Added a new node: /default-rack/bf7f0402-1bee-4662-ace1-109f4ed9524c
2019-08-27 17:45:12,545 [IPC Server handler 4 on 42328] INFO  node.SCMNodeManager (SCMNodeManager.java:register(273)) - Registered Data node : bf7f0402-1bee-4662-ace1-109f4ed9524c{ip: 192.168.34.10, host: pr-hdds-2042-56j6g-243734211, networkLocation: /default-rack, certSerialId: null}
2019-08-27 17:45:12,548 | INFO  | SCMAudit | user=jenkins1000 | ip=192.168.34.10 | op=REGISTER {datanodeDetails=bf7f0402-1bee-4662-ace1-109f4ed9524c{ip: 192.168.34.10, host: pr-hdds-2042-56j6g-243734211, networkLocation: /default-rack, certSerialId: null}} | ret=SUCCESS |  
2019-08-27 17:45:12,557 [grpc-default-executor-2] INFO  impl.RaftServerProxy (RaftServerProxy.java:addNew(89)) - bf7f0402-1bee-4662-ace1-109f4ed9524c: addNew group-27C83C8FA9BE:[bf7f0402-1bee-4662-ace1-109f4ed9524c:192.168.34.10:37871] returns group-27C83C8FA9BE:java.util.concurrent.CompletableFuture@54c5a2f[Not completed]
2019-08-27 17:45:12,559 [pool-382-thread-1] INFO  impl.RaftServerImpl (RaftServerImpl.java:<init>(93)) - bf7f0402-1bee-4662-ace1-109f4ed9524c: new RaftServerImpl for group-27C83C8FA9BE:[bf7f0402-1bee-4662-ace1-109f4ed9524c:192.168.34.10:37871] with ContainerStateMachine:uninitialized
2019-08-27 17:45:12,559 [pool-382-thread-1] INFO  server.RaftServerConfigKeys (ConfUtils.java:logGet(43)) - raft.server.rpc.timeout.min = 5s (custom)
2019-08-27 17:45:12,559 [pool-382-thread-1] INFO  server.RaftServerConfigKeys (ConfUtils.java:logGet(43)) - raft.server.rpc.timeout.max = 5200ms (custom)
2019-08-27 17:45:12,559 [pool-382-thread-1] INFO  server.RaftServerConfigKeys (ConfUtils.java:logGet(43)) - raft.server.rpcslowness.timeout = 120s (custom)
2019-08-27 17:45:12,559 [pool-382-thread-1] INFO  server.RaftServerConfigKeys (ConfUtils.java:logGet(43)) - raft.server.sleep.deviation.threshold = 300 (default)
2019-08-27 17:45:12,559 [pool-382-thread-1] INFO  server.RaftServerConfigKeys (ConfUtils.java:logGet(43)) - raft.server.log.appender.install.snapshot.enabled = false (custom)
2019-08-27 17:45:12,560 [pool-382-thread-1] INFO  impl.RaftServerImpl (ServerState.java:<init>(105)) - bf7f0402-1bee-4662-ace1-109f4ed9524c:group-27C83C8FA9BE ConfigurationManager, init=-1: [bf7f0402-1bee-4662-ace1-109f4ed9524c:192.168.34.10:37871], old=null, confs=<EMPTY_MAP>
2019-08-27 17:45:12,560 [pool-382-thread-1] INFO  server.RaftServerConfigKeys (ConfUtils.java:logGet(43)) - raft.server.storage.dir = [/workdir/hadoop-ozone/integration-test/target/test-dir/MiniOzoneClusterImpl-14d59322-d55d-44ab-8010-b6fe6443f38f/datanode-6/data/ratis] (custom)
2019-08-27 17:45:12,560 [pool-382-thread-1] INFO  storage.RaftStorageDirectory (RaftStorageDirectory.java:analyzeStorage(246)) - The storage directory /workdir/hadoop-ozone/integration-test/target/test-dir/MiniOzoneClusterImpl-14d59322-d55d-44ab-8010-b6fe6443f38f/datanode-6/data/ratis/d30f9a8d-c3fa-42d5-aa7f-27c83c8fa9be does not exist. Creating ...
2019-08-27 17:45:12,574 [pool-382-thread-1] INFO  storage.RaftStorageDirectory (RaftStorageDirectory.java:tryLock(328)) - Lock on /workdir/hadoop-ozone/integration-test/target/test-dir/MiniOzoneClusterImpl-14d59322-d55d-44ab-8010-b6fe6443f38f/datanode-6/data/ratis/d30f9a8d-c3fa-42d5-aa7f-27c83c8fa9be/in_use.lock acquired by nodename 10594@pr-hdds-2042-56j6g-243734211
2019-08-27 17:45:12,597 [pool-382-thread-1] INFO  storage.RaftStorage (RaftStorage.java:format(72)) - Storage directory /workdir/hadoop-ozone/integration-test/target/test-dir/MiniOzoneClusterImpl-14d59322-d55d-44ab-8010-b6fe6443f38f/datanode-6/data/ratis/d30f9a8d-c3fa-42d5-aa7f-27c83c8fa9be has been successfully formatted.
2019-08-27 17:45:12,597 [pool-382-thread-1] INFO  ratis.ContainerStateMachine (ContainerStateMachine.java:loadSnapshot(226)) - group-27C83C8FA9BE: The snapshot info is null. Setting the last applied indexto:(t:0, i:~)
2019-08-27 17:45:12,598 [pool-382-thread-1] INFO  server.RaftServerConfigKeys (ConfUtils.java:logGet(43)) - raft.server.leader.election.timeout = 120s (custom)
2019-08-27 17:45:12,598 [pool-382-thread-1] INFO  server.RaftServerConfigKeys (ConfUtils.java:logGet(43)) - raft.server.log.use.memory = false (default)
2019-08-27 17:45:12,598 [pool-382-thread-1] INFO  server.RaftServerConfigKeys (ConfUtils.java:logGet(43)) - raft.server.log.purge.gap = 1000000 (custom)
2019-08-27 17:45:12,598 [pool-382-thread-1] INFO  server.RaftServerConfigKeys (ConfUtils.java:logGet(43)) - raft.server.log.appender.buffer.byte-limit = 33554432 (custom)
2019-08-27 17:45:12,598 [pool-382-thread-1] INFO  server.RaftServerConfigKeys (ConfUtils.java:logGet(43)) - raft.server.log.segment.size.max = 1048576 (custom)
2019-08-27 17:45:12,598 [pool-382-thread-1] INFO  server.RaftServerConfigKeys (ConfUtils.java:logGet(43)) - raft.server.log.segment.cache.num.max = 2 (custom)
2019-08-27 17:45:12,599 [pool-382-thread-1] INFO  segmented.SegmentedRaftLogWorker (SegmentedRaftLogWorker.java:<init>(172)) - new bf7f0402-1bee-4662-ace1-109f4ed9524c-SegmentedRaftLogWorker:Storage Directory /workdir/hadoop-ozone/integration-test/target/test-dir/MiniOzoneClusterImpl-14d59322-d55d-44ab-8010-b6fe6443f38f/datanode-6/data/ratis/d30f9a8d-c3fa-42d5-aa7f-27c83c8fa9be for RaftStorage:Storage Directory /workdir/hadoop-ozone/integration-test/target/test-dir/MiniOzoneClusterImpl-14d59322-d55d-44ab-8010-b6fe6443f38f/datanode-6/data/ratis/d30f9a8d-c3fa-42d5-aa7f-27c83c8fa9be
2019-08-27 17:45:12,599 [pool-382-thread-1] INFO  server.RaftServerConfigKeys (ConfUtils.java:logGet(43)) - raft.server.log.queue.byte-limit = 2147483647 (custom)
2019-08-27 17:45:12,599 [pool-382-thread-1] INFO  server.RaftServerConfigKeys (ConfUtils.java:logGet(43)) - raft.server.log.queue.element-limit = 1024 (custom)
2019-08-27 17:45:12,599 [pool-382-thread-1] INFO  server.RaftServerConfigKeys (ConfUtils.java:logGet(43)) - raft.server.log.segment.size.max = 1048576 (custom)
2019-08-27 17:45:12,599 [pool-382-thread-1] INFO  server.RaftServerConfigKeys (ConfUtils.java:logGet(43)) - raft.server.log.preallocated.size = 16384 (custom)
2019-08-27 17:45:12,600 [pool-382-thread-1] INFO  server.RaftServerConfigKeys (ConfUtils.java:logGet(43)) - raft.server.log.write.buffer.size = 33554432 (custom)
2019-08-27 17:45:12,600 [pool-382-thread-1] INFO  server.RaftServerConfigKeys (ConfUtils.java:logGet(43)) - raft.server.log.force.sync.num = 128 (default)
2019-08-27 17:45:12,600 [pool-382-thread-1] INFO  server.RaftServerConfigKeys (ConfUtils.java:logGet(43)) - raft.server.log.statemachine.data.sync = true (default)
2019-08-27 17:45:12,600 [pool-382-thread-1] INFO  server.RaftServerConfigKeys (ConfUtils.java:logGet(43)) - raft.server.log.statemachine.data.sync.timeout = 10s (default)
2019-08-27 17:45:12,600 [pool-382-thread-1] INFO  server.RaftServerConfigKeys (ConfUtils.java:logGet(43)) - raft.server.log.statemachine.data.sync.timeout.retry = -1 (default)
2019-08-27 17:45:12,600 [pool-382-thread-1] INFO  server.RaftServerConfigKeys (ConfUtils.java:logGet(43)) - raft.server.log.statemachine.data.caching.enabled = true (custom)
2019-08-27 17:45:12,601 [pool-382-thread-1] INFO  segmented.SegmentedRaftLogWorker (SegmentedRaftLogWorker.java:lambda$new$0(132)) - bf7f0402-1bee-4662-ace1-109f4ed9524c-SegmentedRaftLogWorker:Storage Directory /workdir/hadoop-ozone/integration-test/target/test-dir/MiniOzoneClusterImpl-14d59322-d55d-44ab-8010-b6fe6443f38f/datanode-6/data/ratis/d30f9a8d-c3fa-42d5-aa7f-27c83c8fa9be: flushIndex: setUnconditionally 0 -> -1
2019-08-27 17:45:12,601 [pool-382-thread-1] INFO  server.RaftServerConfigKeys (ConfUtils.java:logGet(43)) - raft.server.snapshot.auto.trigger.enabled = true (custom)
2019-08-27 17:45:12,601 [pool-382-thread-1] INFO  server.RaftServerConfigKeys (ConfUtils.java:logGet(43)) - raft.server.snapshot.auto.trigger.threshold = 10000 (custom)
2019-08-27 17:45:12,602 [pool-382-thread-1] INFO  server.RaftServerConfigKeys (ConfUtils.java:logGet(43)) - raft.server.retrycache.expirytime = 600000ms (custom)
2019-08-27 17:45:12,602 [pool-382-thread-1] INFO  impl.RaftServerImpl (RaftServerImpl.java:start(180)) - bf7f0402-1bee-4662-ace1-109f4ed9524c: start group-27C83C8FA9BE
2019-08-27 17:45:12,602 [pool-382-thread-1] INFO  impl.RaftServerImpl (RaftServerImpl.java:setRole(171)) - bf7f0402-1bee-4662-ace1-109f4ed9524c:group-27C83C8FA9BE changes role from null to FOLLOWER at term 0 for startAsFollower
2019-08-27 17:45:12,602 [pool-382-thread-1] INFO  impl.RoleInfo (RoleInfo.java:updateAndGet(143)) - bf7f0402-1bee-4662-ace1-109f4ed9524c: start FollowerState
2019-08-27 17:45:12,603 [pool-382-thread-1] INFO  util.JmxRegister (JmxRegister.java:tryRegister(44)) - Successfully registered JMX Bean with object name Ratis:service=RaftServer,group=group-27C83C8FA9BE,id=bf7f0402-1bee-4662-ace1-109f4ed9524c
2019-08-27 17:45:12,608 [RatisPipelineUtilsThread] INFO  pipeline.PipelineStateManager (PipelineStateManager.java:addPipeline(56)) - Created pipeline Pipeline[ Id: d30f9a8d-c3fa-42d5-aa7f-27c83c8fa9be, Nodes: bf7f0402-1bee-4662-ace1-109f4ed9524c{ip: 192.168.34.10, host: pr-hdds-2042-56j6g-243734211, networkLocation: /default-rack, certSerialId: null}, Type:RATIS, Factor:ONE, State:OPEN]
2019-08-27 17:45:13,458 | INFO  | SCMAudit | user=jenkins1000 | ip=192.168.34.10 | op=SEND_HEARTBEAT {datanodeUUID=f26df5d6-3520-49aa-a5c8-632992372390, command=[]} | ret=SUCCESS |  
2019-08-27 17:45:13,544 [main] INFO  ozone.MiniOzoneClusterImpl (MiniOzoneClusterImpl.java:lambda$waitForClusterToBeReady$0(142)) - Cluster is ready. Got 7 of 7 DN Heartbeats.
2019-08-27 17:45:13,599 [main] INFO  rpc.RpcClient (RpcClient.java:createVolume(293)) - Creating Volume: watchforcommithandlingtest, with jenkins1000 as owner.
2019-08-27 17:45:13,602 | INFO  | OMAudit | user=jenkins1000 | ip=127.0.0.1 | op=CREATE_VOLUME {admin=jenkins1000, owner=jenkins1000, volume=watchforcommithandlingtest, creationTime=1566927913602, quotaInBytes=1152921504606846976} | ret=SUCCESS |  
2019-08-27 17:45:13,614 | INFO  | OMAudit | user=jenkins1000 | ip=127.0.0.1 | op=READ_VOLUME {volume=watchforcommithandlingtest} | ret=SUCCESS |  
2019-08-27 17:45:13,615 [main] INFO  rpc.RpcClient (RpcClient.java:createBucket(432)) - Creating Bucket: watchforcommithandlingtest/watchforcommithandlingtest, with Versioning false and Storage Type set to DISK and Encryption set to false 
2019-08-27 17:45:13,619 | INFO  | OMAudit | user=jenkins1000 | ip=127.0.0.1 | op=CREATE_BUCKET {volume=watchforcommithandlingtest, bucket=watchforcommithandlingtest, acls=[user:jenkins1000:a[ACCESS], group:default:a[ACCESS]], isVersionEnabled=false, storageType=DISK, creationTime=0} | ret=SUCCESS |  
2019-08-27 17:45:13,620 [main] INFO  ozone.MiniOzoneClusterImpl (MiniOzoneClusterImpl.java:getStorageContainerLocationClient(241)) - Creating StorageContainerLocationProtocol RPC client with address /0.0.0.0:37751
2019-08-27 17:45:13,643 | INFO  | SCMAudit | user=jenkins1000 | ip=192.168.34.10 | op=SEND_HEARTBEAT {datanodeUUID=50a88058-ea49-453d-8daf-365795fc0487, command=[]} | ret=SUCCESS |  
2019-08-27 17:45:13,647 [grpc-default-executor-2] INFO  client.GrpcClientProtocolClient (GrpcClientProtocolClient.java:onNext(255)) - client-A802E8FF483F->6a91ab85-d51f-4aea-b226-0883daafe048: receive RaftClientReply:client-A802E8FF483F->6a91ab85-d51f-4aea-b226-0883daafe048@group-317983708AB2, cid=82, FAILED org.apache.ratis.protocol.NotLeaderException: Server 6a91ab85-d51f-4aea-b226-0883daafe048 is not the leader (null). Request must be sent to leader., logIndex=0, commits[6a91ab85-d51f-4aea-b226-0883daafe048:c-1]
2019-08-27 17:45:13,830 | INFO  | SCMAudit | user=jenkins1000 | ip=192.168.34.10 | op=SEND_HEARTBEAT {datanodeUUID=6a91ab85-d51f-4aea-b226-0883daafe048, command=[]} | ret=SUCCESS |  
2019-08-27 17:45:14,015 | INFO  | SCMAudit | user=jenkins1000 | ip=192.168.34.10 | op=SEND_HEARTBEAT {datanodeUUID=1dc5d11e-8303-42ed-ac6e-3c2bd9515d94, command=[]} | ret=SUCCESS |  
2019-08-27 17:45:14,236 | INFO  | SCMAudit | user=jenkins1000 | ip=192.168.34.10 | op=SEND_HEARTBEAT {datanodeUUID=d5900fb2-81d8-4496-aad9-ae0edce7524a, command=[]} | ret=SUCCESS |  
2019-08-27 17:45:14,391 | INFO  | SCMAudit | user=jenkins1000 | ip=192.168.34.10 | op=SEND_HEARTBEAT {datanodeUUID=99df0e6a-3489-48bb-9e95-d018f175f37a, command=[]} | ret=SUCCESS |  
2019-08-27 17:45:14,457 | INFO  | SCMAudit | user=jenkins1000 | ip=192.168.34.10 | op=SEND_HEARTBEAT {datanodeUUID=f26df5d6-3520-49aa-a5c8-632992372390, command=[]} | ret=SUCCESS |  
2019-08-27 17:45:14,473 [Thread-1872] INFO  container.ReplicationManager (ReplicationManager.java:start(152)) - Starting Replication Monitor Thread.
2019-08-27 17:45:14,478 [ReplicationMonitor] INFO  container.ReplicationManager (ReplicationManager.java:run(215)) - Replication Monitor Thread took 0 milliseconds for processing 1 containers.
2019-08-27 17:45:14,544 | INFO  | SCMAudit | user=jenkins1000 | ip=192.168.34.10 | op=SEND_HEARTBEAT {datanodeUUID=bf7f0402-1bee-4662-ace1-109f4ed9524c, command=[]} | ret=SUCCESS |  
2019-08-27 17:45:14,639 | INFO  | SCMAudit | user=jenkins1000 | ip=192.168.34.10 | op=SEND_HEARTBEAT {datanodeUUID=50a88058-ea49-453d-8daf-365795fc0487, command=[]} | ret=SUCCESS |  
2019-08-27 17:45:14,669 [grpc-default-executor-3] INFO  client.GrpcClientProtocolClient (GrpcClientProtocolClient.java:onNext(255)) - client-A802E8FF483F->50a88058-ea49-453d-8daf-365795fc0487: receive RaftClientReply:client-A802E8FF483F->50a88058-ea49-453d-8daf-365795fc0487@group-317983708AB2, cid=82, FAILED org.apache.ratis.protocol.NotLeaderException: Server 50a88058-ea49-453d-8daf-365795fc0487 is not the leader (null). Request must be sent to leader., logIndex=0, commits[50a88058-ea49-453d-8daf-365795fc0487:c-1]
2019-08-27 17:45:14,830 | INFO  | SCMAudit | user=jenkins1000 | ip=192.168.34.10 | op=SEND_HEARTBEAT {datanodeUUID=6a91ab85-d51f-4aea-b226-0883daafe048, command=[]} | ret=SUCCESS |  
2019-08-27 17:45:15,016 | INFO  | SCMAudit | user=jenkins1000 | ip=192.168.34.10 | op=SEND_HEARTBEAT {datanodeUUID=1dc5d11e-8303-42ed-ac6e-3c2bd9515d94, command=[]} | ret=SUCCESS |  
2019-08-27 17:45:15,236 | INFO  | SCMAudit | user=jenkins1000 | ip=192.168.34.10 | op=SEND_HEARTBEAT {datanodeUUID=d5900fb2-81d8-4496-aad9-ae0edce7524a, command=[]} | ret=SUCCESS |  
2019-08-27 17:45:15,391 | INFO  | SCMAudit | user=jenkins1000 | ip=192.168.34.10 | op=SEND_HEARTBEAT {datanodeUUID=99df0e6a-3489-48bb-9e95-d018f175f37a, command=[]} | ret=SUCCESS |  
2019-08-27 17:45:15,458 | INFO  | SCMAudit | user=jenkins1000 | ip=192.168.34.10 | op=SEND_HEARTBEAT {datanodeUUID=f26df5d6-3520-49aa-a5c8-632992372390, command=[]} | ret=SUCCESS |  
2019-08-27 17:45:15,545 | INFO  | SCMAudit | user=jenkins1000 | ip=192.168.34.10 | op=SEND_HEARTBEAT {datanodeUUID=bf7f0402-1bee-4662-ace1-109f4ed9524c, command=[]} | ret=SUCCESS |  
2019-08-27 17:45:15,640 | INFO  | SCMAudit | user=jenkins1000 | ip=192.168.34.10 | op=SEND_HEARTBEAT {datanodeUUID=50a88058-ea49-453d-8daf-365795fc0487, command=[]} | ret=SUCCESS |  
2019-08-27 17:45:15,684 [grpc-default-executor-3] INFO  client.GrpcClientProtocolClient (GrpcClientProtocolClient.java:onNext(255)) - client-A802E8FF483F->6a91ab85-d51f-4aea-b226-0883daafe048: receive RaftClientReply:client-A802E8FF483F->6a91ab85-d51f-4aea-b226-0883daafe048@group-317983708AB2, cid=82, FAILED org.apache.ratis.protocol.NotLeaderException: Server 6a91ab85-d51f-4aea-b226-0883daafe048 is not the leader (null). Request must be sent to leader., logIndex=0, commits[6a91ab85-d51f-4aea-b226-0883daafe048:c-1]
2019-08-27 17:45:15,829 | INFO  | SCMAudit | user=jenkins1000 | ip=192.168.34.10 | op=SEND_HEARTBEAT {datanodeUUID=6a91ab85-d51f-4aea-b226-0883daafe048, command=[]} | ret=SUCCESS |  
2019-08-27 17:45:16,016 | INFO  | SCMAudit | user=jenkins1000 | ip=192.168.34.10 | op=SEND_HEARTBEAT {datanodeUUID=1dc5d11e-8303-42ed-ac6e-3c2bd9515d94, command=[]} | ret=SUCCESS |  
2019-08-27 17:45:16,236 | INFO  | SCMAudit | user=jenkins1000 | ip=192.168.34.10 | op=SEND_HEARTBEAT {datanodeUUID=d5900fb2-81d8-4496-aad9-ae0edce7524a, command=[]} | ret=SUCCESS |  
2019-08-27 17:45:16,392 | INFO  | SCMAudit | user=jenkins1000 | ip=192.168.34.10 | op=SEND_HEARTBEAT {datanodeUUID=99df0e6a-3489-48bb-9e95-d018f175f37a, command=[]} | ret=SUCCESS |  
2019-08-27 17:45:16,458 | INFO  | SCMAudit | user=jenkins1000 | ip=192.168.34.10 | op=SEND_HEARTBEAT {datanodeUUID=f26df5d6-3520-49aa-a5c8-632992372390, command=[]} | ret=SUCCESS |  
2019-08-27 17:45:16,545 | INFO  | SCMAudit | user=jenkins1000 | ip=192.168.34.10 | op=SEND_HEARTBEAT {datanodeUUID=bf7f0402-1bee-4662-ace1-109f4ed9524c, command=[]} | ret=SUCCESS |  
2019-08-27 17:45:16,574 [Thread-1874] INFO  impl.FollowerState (FollowerState.java:run(106)) - f26df5d6-3520-49aa-a5c8-632992372390:group-941868B5B7D1 changes to CANDIDATE, lastRpcTime:5048, electionTimeout:5048ms
2019-08-27 17:45:16,574 [Thread-1874] INFO  impl.RoleInfo (RoleInfo.java:shutdownFollowerState(121)) - f26df5d6-3520-49aa-a5c8-632992372390: shutdown FollowerState
2019-08-27 17:45:16,574 [Thread-1874] INFO  impl.RaftServerImpl (RaftServerImpl.java:setRole(171)) - f26df5d6-3520-49aa-a5c8-632992372390:group-941868B5B7D1 changes role from FOLLOWER to CANDIDATE at term 0 for changeToCandidate
2019-08-27 17:45:16,574 [Thread-1874] INFO  impl.RoleInfo (RoleInfo.java:updateAndGet(143)) - f26df5d6-3520-49aa-a5c8-632992372390: start LeaderElection
2019-08-27 17:45:16,597 [f26df5d6-3520-49aa-a5c8-632992372390:group-941868B5B7D1:LeaderElection40] INFO  impl.LeaderElection (LeaderElection.java:askForVotes(181)) - f26df5d6-3520-49aa-a5c8-632992372390:group-941868B5B7D1:LeaderElection40: begin an election at term 1 for -1: [f26df5d6-3520-49aa-a5c8-632992372390:192.168.34.10:33799], old=null
2019-08-27 17:45:16,597 [f26df5d6-3520-49aa-a5c8-632992372390:group-941868B5B7D1:LeaderElection40] INFO  impl.RoleInfo (RoleInfo.java:shutdownLeaderElection(134)) - f26df5d6-3520-49aa-a5c8-632992372390: shutdown LeaderElection
2019-08-27 17:45:16,597 [f26df5d6-3520-49aa-a5c8-632992372390:group-941868B5B7D1:LeaderElection40] INFO  impl.RaftServerImpl (RaftServerImpl.java:setRole(171)) - f26df5d6-3520-49aa-a5c8-632992372390:group-941868B5B7D1 changes role from CANDIDATE to LEADER at term 1 for changeToLeader
2019-08-27 17:45:16,597 [f26df5d6-3520-49aa-a5c8-632992372390:group-941868B5B7D1:LeaderElection40] INFO  impl.RaftServerImpl (ServerState.java:setLeader(263)) - f26df5d6-3520-49aa-a5c8-632992372390:group-941868B5B7D1 change Leader from null to f26df5d6-3520-49aa-a5c8-632992372390 at term 1 for becomeLeader, leader elected after 5078ms
2019-08-27 17:45:16,598 [f26df5d6-3520-49aa-a5c8-632992372390:group-941868B5B7D1:LeaderElection40] INFO  server.RaftServerConfigKeys (ConfUtils.java:logGet(43)) - raft.server.staging.catchup.gap = 1000 (default)
2019-08-27 17:45:16,598 [f26df5d6-3520-49aa-a5c8-632992372390:group-941868B5B7D1:LeaderElection40] INFO  server.RaftServerConfigKeys (ConfUtils.java:logGet(43)) - raft.server.rpc.sleep.time = 25ms (default)
2019-08-27 17:45:16,598 [f26df5d6-3520-49aa-a5c8-632992372390:group-941868B5B7D1:LeaderElection40] INFO  server.RaftServerConfigKeys (ConfUtils.java:logGet(43)) - raft.server.write.element-limit = 4096 (default)
2019-08-27 17:45:16,598 [f26df5d6-3520-49aa-a5c8-632992372390:group-941868B5B7D1:LeaderElection40] INFO  server.RaftServerConfigKeys (ConfUtils.java:logGet(43)) - raft.server.watch.timeout = 10s (default)
2019-08-27 17:45:16,598 [f26df5d6-3520-49aa-a5c8-632992372390:group-941868B5B7D1:LeaderElection40] INFO  server.RaftServerConfigKeys (ConfUtils.java:logGet(43)) - raft.server.watch.timeout.denomination = 1s (default)
2019-08-27 17:45:16,599 [f26df5d6-3520-49aa-a5c8-632992372390:group-941868B5B7D1:LeaderElection40] INFO  server.RaftServerConfigKeys (ConfUtils.java:logGet(43)) - raft.server.watch.element-limit = 65536 (default)
2019-08-27 17:45:16,599 [f26df5d6-3520-49aa-a5c8-632992372390:group-941868B5B7D1:LeaderElection40] INFO  impl.RoleInfo (RoleInfo.java:updateAndGet(143)) - f26df5d6-3520-49aa-a5c8-632992372390: start LeaderState
2019-08-27 17:45:16,600 [f26df5d6-3520-49aa-a5c8-632992372390:group-941868B5B7D1:LeaderElection40] INFO  segmented.SegmentedRaftLogWorker (SegmentedRaftLogWorker.java:startLogSegment(380)) - f26df5d6-3520-49aa-a5c8-632992372390-SegmentedRaftLogWorker:Storage Directory /workdir/hadoop-ozone/integration-test/target/test-dir/MiniOzoneClusterImpl-14d59322-d55d-44ab-8010-b6fe6443f38f/datanode-0/data/ratis/72cc8b6f-9d6a-477a-afa1-941868b5b7d1: Starting segment from index:0
2019-08-27 17:45:16,600 [f26df5d6-3520-49aa-a5c8-632992372390:group-941868B5B7D1:LeaderElection40] INFO  impl.RaftServerImpl (ServerState.java:setRaftConf(361)) - f26df5d6-3520-49aa-a5c8-632992372390:group-941868B5B7D1 set configuration 0: [f26df5d6-3520-49aa-a5c8-632992372390:192.168.34.10:33799], old=null at 0
2019-08-27 17:45:16,641 | INFO  | SCMAudit | user=jenkins1000 | ip=192.168.34.10 | op=SEND_HEARTBEAT {datanodeUUID=50a88058-ea49-453d-8daf-365795fc0487, command=[]} | ret=SUCCESS |  
2019-08-27 17:45:16,652 [f26df5d6-3520-49aa-a5c8-632992372390-SegmentedRaftLogWorker:Storage Directory /workdir/hadoop-ozone/integration-test/target/test-dir/MiniOzoneClusterImpl-14d59322-d55d-44ab-8010-b6fe6443f38f/datanode-0/data/ratis/72cc8b6f-9d6a-477a-afa1-941868b5b7d1] INFO  segmented.SegmentedRaftLogWorker (SegmentedRaftLogWorker.java:execute(569)) - f26df5d6-3520-49aa-a5c8-632992372390-SegmentedRaftLogWorker:Storage Directory /workdir/hadoop-ozone/integration-test/target/test-dir/MiniOzoneClusterImpl-14d59322-d55d-44ab-8010-b6fe6443f38f/datanode-0/data/ratis/72cc8b6f-9d6a-477a-afa1-941868b5b7d1: created new log segment /workdir/hadoop-ozone/integration-test/target/test-dir/MiniOzoneClusterImpl-14d59322-d55d-44ab-8010-b6fe6443f38f/datanode-0/data/ratis/72cc8b6f-9d6a-477a-afa1-941868b5b7d1/current/log_inprogress_0
2019-08-27 17:45:16,702 [grpc-default-executor-3] INFO  client.GrpcClientProtocolClient (GrpcClientProtocolClient.java:onNext(255)) - client-A802E8FF483F->f26df5d6-3520-49aa-a5c8-632992372390: receive RaftClientReply:client-A802E8FF483F->f26df5d6-3520-49aa-a5c8-632992372390@group-317983708AB2, cid=82, FAILED org.apache.ratis.protocol.NotLeaderException: Server f26df5d6-3520-49aa-a5c8-632992372390 is not the leader (null). Request must be sent to leader., logIndex=0, commits[f26df5d6-3520-49aa-a5c8-632992372390:c-1]
2019-08-27 17:45:16,764 [Thread-1877] INFO  impl.FollowerState (FollowerState.java:run(106)) - 50a88058-ea49-453d-8daf-365795fc0487:group-EE6DDD0C57CE changes to CANDIDATE, lastRpcTime:5077, electionTimeout:5077ms
2019-08-27 17:45:16,764 [Thread-1877] INFO  impl.RoleInfo (RoleInfo.java:shutdownFollowerState(121)) - 50a88058-ea49-453d-8daf-365795fc0487: shutdown FollowerState
2019-08-27 17:45:16,764 [Thread-1877] INFO  impl.RaftServerImpl (RaftServerImpl.java:setRole(171)) - 50a88058-ea49-453d-8daf-365795fc0487:group-EE6DDD0C57CE changes role from FOLLOWER to CANDIDATE at term 0 for changeToCandidate
2019-08-27 17:45:16,765 [Thread-1877] INFO  impl.RoleInfo (RoleInfo.java:updateAndGet(143)) - 50a88058-ea49-453d-8daf-365795fc0487: start LeaderElection
2019-08-27 17:45:16,786 [50a88058-ea49-453d-8daf-365795fc0487:group-EE6DDD0C57CE:LeaderElection41] INFO  impl.LeaderElection (LeaderElection.java:askForVotes(181)) - 50a88058-ea49-453d-8daf-365795fc0487:group-EE6DDD0C57CE:LeaderElection41: begin an election at term 1 for -1: [50a88058-ea49-453d-8daf-365795fc0487:192.168.34.10:41899], old=null
2019-08-27 17:45:16,786 [50a88058-ea49-453d-8daf-365795fc0487:group-EE6DDD0C57CE:LeaderElection41] INFO  impl.RoleInfo (RoleInfo.java:shutdownLeaderElection(134)) - 50a88058-ea49-453d-8daf-365795fc0487: shutdown LeaderElection
2019-08-27 17:45:16,786 [50a88058-ea49-453d-8daf-365795fc0487:group-EE6DDD0C57CE:LeaderElection41] INFO  impl.RaftServerImpl (RaftServerImpl.java:setRole(171)) - 50a88058-ea49-453d-8daf-365795fc0487:group-EE6DDD0C57CE changes role from CANDIDATE to LEADER at term 1 for changeToLeader
2019-08-27 17:45:16,786 [50a88058-ea49-453d-8daf-365795fc0487:group-EE6DDD0C57CE:LeaderElection41] INFO  impl.RaftServerImpl (ServerState.java:setLeader(263)) - 50a88058-ea49-453d-8daf-365795fc0487:group-EE6DDD0C57CE change Leader from null to 50a88058-ea49-453d-8daf-365795fc0487 at term 1 for becomeLeader, leader elected after 5104ms
2019-08-27 17:45:16,787 [50a88058-ea49-453d-8daf-365795fc0487:group-EE6DDD0C57CE:LeaderElection41] INFO  server.RaftServerConfigKeys (ConfUtils.java:logGet(43)) - raft.server.staging.catchup.gap = 1000 (default)
2019-08-27 17:45:16,787 [50a88058-ea49-453d-8daf-365795fc0487:group-EE6DDD0C57CE:LeaderElection41] INFO  server.RaftServerConfigKeys (ConfUtils.java:logGet(43)) - raft.server.rpc.sleep.time = 25ms (default)
2019-08-27 17:45:16,787 [50a88058-ea49-453d-8daf-365795fc0487:group-EE6DDD0C57CE:LeaderElection41] INFO  server.RaftServerConfigKeys (ConfUtils.java:logGet(43)) - raft.server.write.element-limit = 4096 (default)
2019-08-27 17:45:16,787 [50a88058-ea49-453d-8daf-365795fc0487:group-EE6DDD0C57CE:LeaderElection41] INFO  server.RaftServerConfigKeys (ConfUtils.java:logGet(43)) - raft.server.watch.timeout = 10s (default)
2019-08-27 17:45:16,787 [50a88058-ea49-453d-8daf-365795fc0487:group-EE6DDD0C57CE:LeaderElection41] INFO  server.RaftServerConfigKeys (ConfUtils.java:logGet(43)) - raft.server.watch.timeout.denomination = 1s (default)
2019-08-27 17:45:16,787 [50a88058-ea49-453d-8daf-365795fc0487:group-EE6DDD0C57CE:LeaderElection41] INFO  server.RaftServerConfigKeys (ConfUtils.java:logGet(43)) - raft.server.watch.element-limit = 65536 (default)
2019-08-27 17:45:16,788 [50a88058-ea49-453d-8daf-365795fc0487:group-EE6DDD0C57CE:LeaderElection41] INFO  impl.RoleInfo (RoleInfo.java:updateAndGet(143)) - 50a88058-ea49-453d-8daf-365795fc0487: start LeaderState
2019-08-27 17:45:16,788 [50a88058-ea49-453d-8daf-365795fc0487:group-EE6DDD0C57CE:LeaderElection41] INFO  segmented.SegmentedRaftLogWorker (SegmentedRaftLogWorker.java:startLogSegment(380)) - 50a88058-ea49-453d-8daf-365795fc0487-SegmentedRaftLogWorker:Storage Directory /workdir/hadoop-ozone/integration-test/target/test-dir/MiniOzoneClusterImpl-14d59322-d55d-44ab-8010-b6fe6443f38f/datanode-1/data/ratis/c2f4c3a0-37b0-438e-9ac3-ee6ddd0c57ce: Starting segment from index:0
2019-08-27 17:45:16,789 [50a88058-ea49-453d-8daf-365795fc0487:group-EE6DDD0C57CE:LeaderElection41] INFO  impl.RaftServerImpl (ServerState.java:setRaftConf(361)) - 50a88058-ea49-453d-8daf-365795fc0487:group-EE6DDD0C57CE set configuration 0: [50a88058-ea49-453d-8daf-365795fc0487:192.168.34.10:41899], old=null at 0
2019-08-27 17:45:16,830 | INFO  | SCMAudit | user=jenkins1000 | ip=192.168.34.10 | op=SEND_HEARTBEAT {datanodeUUID=6a91ab85-d51f-4aea-b226-0883daafe048, command=[]} | ret=SUCCESS |  
2019-08-27 17:45:16,837 [50a88058-ea49-453d-8daf-365795fc0487-SegmentedRaftLogWorker:Storage Directory /workdir/hadoop-ozone/integration-test/target/test-dir/MiniOzoneClusterImpl-14d59322-d55d-44ab-8010-b6fe6443f38f/datanode-1/data/ratis/c2f4c3a0-37b0-438e-9ac3-ee6ddd0c57ce] INFO  segmented.SegmentedRaftLogWorker (SegmentedRaftLogWorker.java:execute(569)) - 50a88058-ea49-453d-8daf-365795fc0487-SegmentedRaftLogWorker:Storage Directory /workdir/hadoop-ozone/integration-test/target/test-dir/MiniOzoneClusterImpl-14d59322-d55d-44ab-8010-b6fe6443f38f/datanode-1/data/ratis/c2f4c3a0-37b0-438e-9ac3-ee6ddd0c57ce: created new log segment /workdir/hadoop-ozone/integration-test/target/test-dir/MiniOzoneClusterImpl-14d59322-d55d-44ab-8010-b6fe6443f38f/datanode-1/data/ratis/c2f4c3a0-37b0-438e-9ac3-ee6ddd0c57ce/current/log_inprogress_0
2019-08-27 17:45:16,973 [Thread-1888] INFO  impl.FollowerState (FollowerState.java:run(106)) - 6a91ab85-d51f-4aea-b226-0883daafe048:group-317983708AB2 changes to CANDIDATE, lastRpcTime:5021, electionTimeout:5021ms
2019-08-27 17:45:16,973 [Thread-1888] INFO  impl.RoleInfo (RoleInfo.java:shutdownFollowerState(121)) - 6a91ab85-d51f-4aea-b226-0883daafe048: shutdown FollowerState
2019-08-27 17:45:16,973 [Thread-1888] INFO  impl.RaftServerImpl (RaftServerImpl.java:setRole(171)) - 6a91ab85-d51f-4aea-b226-0883daafe048:group-317983708AB2 changes role from FOLLOWER to CANDIDATE at term 0 for changeToCandidate
2019-08-27 17:45:16,973 [Thread-1888] INFO  impl.RoleInfo (RoleInfo.java:updateAndGet(143)) - 6a91ab85-d51f-4aea-b226-0883daafe048: start LeaderElection
2019-08-27 17:45:16,995 [6a91ab85-d51f-4aea-b226-0883daafe048:group-317983708AB2:LeaderElection42] INFO  impl.LeaderElection (LeaderElection.java:askForVotes(181)) - 6a91ab85-d51f-4aea-b226-0883daafe048:group-317983708AB2:LeaderElection42: begin an election at term 1 for -1: [50a88058-ea49-453d-8daf-365795fc0487:192.168.34.10:41899, 6a91ab85-d51f-4aea-b226-0883daafe048:192.168.34.10:46844, f26df5d6-3520-49aa-a5c8-632992372390:192.168.34.10:33799], old=null
2019-08-27 17:45:17,021 [Thread-1886] INFO  impl.FollowerState (FollowerState.java:run(106)) - 50a88058-ea49-453d-8daf-365795fc0487:group-317983708AB2 changes to CANDIDATE, lastRpcTime:5074, electionTimeout:5065ms
2019-08-27 17:45:17,021 [Thread-1886] INFO  impl.RoleInfo (RoleInfo.java:shutdownFollowerState(121)) - 50a88058-ea49-453d-8daf-365795fc0487: shutdown FollowerState
2019-08-27 17:45:17,023 [Thread-1886] INFO  impl.RaftServerImpl (RaftServerImpl.java:setRole(171)) - 50a88058-ea49-453d-8daf-365795fc0487:group-317983708AB2 changes role from FOLLOWER to CANDIDATE at term 0 for changeToCandidate
2019-08-27 17:45:17,023 [grpc-default-executor-3] INFO  impl.RaftServerImpl (RaftServerImpl.java:setRole(171)) - f26df5d6-3520-49aa-a5c8-632992372390:group-317983708AB2 changes role from FOLLOWER to FOLLOWER at term 1 for recognizeCandidate:6a91ab85-d51f-4aea-b226-0883daafe048
2019-08-27 17:45:17,024 [Thread-1886] INFO  impl.RoleInfo (RoleInfo.java:updateAndGet(143)) - 50a88058-ea49-453d-8daf-365795fc0487: start LeaderElection
2019-08-27 17:45:17,024 [grpc-default-executor-3] INFO  impl.RoleInfo (RoleInfo.java:shutdownFollowerState(121)) - f26df5d6-3520-49aa-a5c8-632992372390: shutdown FollowerState
2019-08-27 17:45:17,024 | INFO  | SCMAudit | user=jenkins1000 | ip=192.168.34.10 | op=SEND_HEARTBEAT {datanodeUUID=1dc5d11e-8303-42ed-ac6e-3c2bd9515d94, command=[]} | ret=SUCCESS |  
2019-08-27 17:45:17,026 [Thread-1883] INFO  impl.FollowerState (FollowerState.java:run(114)) - f26df5d6-3520-49aa-a5c8-632992372390: FollowerState was interrupted: java.lang.InterruptedException: sleep interrupted
2019-08-27 17:45:17,026 [grpc-default-executor-2] INFO  impl.RaftServerImpl (RaftServerImpl.java:setRole(171)) - 50a88058-ea49-453d-8daf-365795fc0487:group-317983708AB2 changes role from CANDIDATE to FOLLOWER at term 1 for recognizeCandidate:6a91ab85-d51f-4aea-b226-0883daafe048
2019-08-27 17:45:17,027 [grpc-default-executor-3] INFO  impl.RoleInfo (RoleInfo.java:updateAndGet(143)) - f26df5d6-3520-49aa-a5c8-632992372390: start FollowerState
2019-08-27 17:45:17,029 [grpc-default-executor-2] INFO  impl.RoleInfo (RoleInfo.java:shutdownLeaderElection(134)) - 50a88058-ea49-453d-8daf-365795fc0487: shutdown LeaderElection
2019-08-27 17:45:17,029 [grpc-default-executor-2] INFO  impl.RoleInfo (RoleInfo.java:updateAndGet(143)) - 50a88058-ea49-453d-8daf-365795fc0487: start FollowerState
2019-08-27 17:45:17,047 [6a91ab85-d51f-4aea-b226-0883daafe048:group-317983708AB2:LeaderElection42] INFO  impl.LeaderElection (LeaderElection.java:logAndReturn(56)) - 6a91ab85-d51f-4aea-b226-0883daafe048:group-317983708AB2:LeaderElection42: Election PASSED; received 2 response(s) [6a91ab85-d51f-4aea-b226-0883daafe048<-50a88058-ea49-453d-8daf-365795fc0487#0:FAIL-t1, 6a91ab85-d51f-4aea-b226-0883daafe048<-f26df5d6-3520-49aa-a5c8-632992372390#0:OK-t1] and 0 exception(s); 6a91ab85-d51f-4aea-b226-0883daafe048:t1, leader=null, voted=6a91ab85-d51f-4aea-b226-0883daafe048, raftlog=6a91ab85-d51f-4aea-b226-0883daafe048-SegmentedRaftLog:OPENED:c-1,f-1,i0, conf=-1: [50a88058-ea49-453d-8daf-365795fc0487:192.168.34.10:41899, 6a91ab85-d51f-4aea-b226-0883daafe048:192.168.34.10:46844, f26df5d6-3520-49aa-a5c8-632992372390:192.168.34.10:33799], old=null
2019-08-27 17:45:17,047 [6a91ab85-d51f-4aea-b226-0883daafe048:group-317983708AB2:LeaderElection42] INFO  impl.RoleInfo (RoleInfo.java:shutdownLeaderElection(134)) - 6a91ab85-d51f-4aea-b226-0883daafe048: shutdown LeaderElection
2019-08-27 17:45:17,047 [6a91ab85-d51f-4aea-b226-0883daafe048:group-317983708AB2:LeaderElection42] INFO  impl.RaftServerImpl (RaftServerImpl.java:setRole(171)) - 6a91ab85-d51f-4aea-b226-0883daafe048:group-317983708AB2 changes role from CANDIDATE to LEADER at term 1 for changeToLeader
2019-08-27 17:45:17,047 [6a91ab85-d51f-4aea-b226-0883daafe048:group-317983708AB2:LeaderElection42] INFO  impl.RaftServerImpl (ServerState.java:setLeader(263)) - 6a91ab85-d51f-4aea-b226-0883daafe048:group-317983708AB2 change Leader from null to 6a91ab85-d51f-4aea-b226-0883daafe048 at term 1 for becomeLeader, leader elected after 5112ms
2019-08-27 17:45:17,047 [6a91ab85-d51f-4aea-b226-0883daafe048:group-317983708AB2:LeaderElection42] INFO  server.RaftServerConfigKeys (ConfUtils.java:logGet(43)) - raft.server.staging.catchup.gap = 1000 (default)
2019-08-27 17:45:17,048 [6a91ab85-d51f-4aea-b226-0883daafe048:group-317983708AB2:LeaderElection42] INFO  server.RaftServerConfigKeys (ConfUtils.java:logGet(43)) - raft.server.rpc.sleep.time = 25ms (default)
2019-08-27 17:45:17,048 [6a91ab85-d51f-4aea-b226-0883daafe048:group-317983708AB2:LeaderElection42] INFO  server.RaftServerConfigKeys (ConfUtils.java:logGet(43)) - raft.server.write.element-limit = 4096 (default)
2019-08-27 17:45:17,048 [6a91ab85-d51f-4aea-b226-0883daafe048:group-317983708AB2:LeaderElection42] INFO  server.RaftServerConfigKeys (ConfUtils.java:logGet(43)) - raft.server.watch.timeout = 10s (default)
2019-08-27 17:45:17,048 [6a91ab85-d51f-4aea-b226-0883daafe048:group-317983708AB2:LeaderElection42] INFO  server.RaftServerConfigKeys (ConfUtils.java:logGet(43)) - raft.server.watch.timeout.denomination = 1s (default)
2019-08-27 17:45:17,048 [6a91ab85-d51f-4aea-b226-0883daafe048:group-317983708AB2:LeaderElection42] INFO  server.RaftServerConfigKeys (ConfUtils.java:logGet(43)) - raft.server.watch.element-limit = 65536 (default)
2019-08-27 17:45:17,048 [6a91ab85-d51f-4aea-b226-0883daafe048:group-317983708AB2:LeaderElection42] INFO  server.RaftServerConfigKeys (ConfUtils.java:logGet(43)) - raft.server.log.appender.snapshot.chunk.size.max = 16MB (=16777216) (default)
2019-08-27 17:45:17,049 [6a91ab85-d51f-4aea-b226-0883daafe048:group-317983708AB2:LeaderElection42] INFO  server.RaftServerConfigKeys (ConfUtils.java:logGet(43)) - raft.server.log.appender.buffer.byte-limit = 33554432 (custom)
2019-08-27 17:45:17,049 [6a91ab85-d51f-4aea-b226-0883daafe048:group-317983708AB2:LeaderElection42] INFO  server.RaftServerConfigKeys (ConfUtils.java:logGet(43)) - raft.server.log.appender.buffer.element-limit = 1 (custom)
2019-08-27 17:45:17,049 [6a91ab85-d51f-4aea-b226-0883daafe048:group-317983708AB2:LeaderElection42] INFO  grpc.GrpcConfigKeys$Server (ConfUtils.java:logGet(43)) - raft.grpc.server.leader.outstanding.appends.max = 128 (default)
2019-08-27 17:45:17,050 [6a91ab85-d51f-4aea-b226-0883daafe048:group-317983708AB2:LeaderElection42] INFO  server.RaftServerConfigKeys (ConfUtils.java:logGet(43)) - raft.server.rpc.request.timeout = 3000ms (default)
2019-08-27 17:45:17,050 [6a91ab85-d51f-4aea-b226-0883daafe048:group-317983708AB2:LeaderElection42] INFO  server.RaftServerConfigKeys (ConfUtils.java:logGet(43)) - raft.server.log.appender.install.snapshot.enabled = false (custom)
2019-08-27 17:45:17,050 [6a91ab85-d51f-4aea-b226-0883daafe048:group-317983708AB2:LeaderElection42] INFO  server.RaftServerConfigKeys (ConfUtils.java:logGet(43)) - raft.server.log.appender.snapshot.chunk.size.max = 16MB (=16777216) (default)
2019-08-27 17:45:17,050 [6a91ab85-d51f-4aea-b226-0883daafe048:group-317983708AB2:LeaderElection42] INFO  server.RaftServerConfigKeys (ConfUtils.java:logGet(43)) - raft.server.log.appender.buffer.byte-limit = 33554432 (custom)
2019-08-27 17:45:17,050 [6a91ab85-d51f-4aea-b226-0883daafe048:group-317983708AB2:LeaderElection42] INFO  server.RaftServerConfigKeys (ConfUtils.java:logGet(43)) - raft.server.log.appender.buffer.element-limit = 1 (custom)
2019-08-27 17:45:17,050 [6a91ab85-d51f-4aea-b226-0883daafe048:group-317983708AB2:LeaderElection42] INFO  grpc.GrpcConfigKeys$Server (ConfUtils.java:logGet(43)) - raft.grpc.server.leader.outstanding.appends.max = 128 (default)
2019-08-27 17:45:17,051 [6a91ab85-d51f-4aea-b226-0883daafe048:group-317983708AB2:LeaderElection42] INFO  server.RaftServerConfigKeys (ConfUtils.java:logGet(43)) - raft.server.rpc.request.timeout = 3000ms (default)
2019-08-27 17:45:17,051 [6a91ab85-d51f-4aea-b226-0883daafe048:group-317983708AB2:LeaderElection42] INFO  server.RaftServerConfigKeys (ConfUtils.java:logGet(43)) - raft.server.log.appender.install.snapshot.enabled = false (custom)
2019-08-27 17:45:17,051 [6a91ab85-d51f-4aea-b226-0883daafe048:group-317983708AB2:LeaderElection42] INFO  impl.RoleInfo (RoleInfo.java:updateAndGet(143)) - 6a91ab85-d51f-4aea-b226-0883daafe048: start LeaderState
2019-08-27 17:45:17,051 [6a91ab85-d51f-4aea-b226-0883daafe048:group-317983708AB2:LeaderElection42] INFO  segmented.SegmentedRaftLogWorker (SegmentedRaftLogWorker.java:startLogSegment(380)) - 6a91ab85-d51f-4aea-b226-0883daafe048-SegmentedRaftLogWorker:Storage Directory /workdir/hadoop-ozone/integration-test/target/test-dir/MiniOzoneClusterImpl-14d59322-d55d-44ab-8010-b6fe6443f38f/datanode-2/data/ratis/55cf6a59-b48b-481f-9896-317983708ab2: Starting segment from index:0
2019-08-27 17:45:17,052 [6a91ab85-d51f-4aea-b226-0883daafe048:group-317983708AB2:LeaderElection42] INFO  impl.RaftServerImpl (ServerState.java:setRaftConf(361)) - 6a91ab85-d51f-4aea-b226-0883daafe048:group-317983708AB2 set configuration 0: [50a88058-ea49-453d-8daf-365795fc0487:192.168.34.10:41899, 6a91ab85-d51f-4aea-b226-0883daafe048:192.168.34.10:46844, f26df5d6-3520-49aa-a5c8-632992372390:192.168.34.10:33799], old=null at 0
2019-08-27 17:45:17,090 [Thread-1880] INFO  impl.FollowerState (FollowerState.java:run(106)) - 6a91ab85-d51f-4aea-b226-0883daafe048:group-CBF421EDE1FF changes to CANDIDATE, lastRpcTime:5214, electionTimeout:5183ms
2019-08-27 17:45:17,090 [Thread-1880] INFO  impl.RoleInfo (RoleInfo.java:shutdownFollowerState(121)) - 6a91ab85-d51f-4aea-b226-0883daafe048: shutdown FollowerState
2019-08-27 17:45:17,090 [50a88058-ea49-453d-8daf-365795fc0487:group-317983708AB2:LeaderElection43] INFO  impl.LeaderElection (LeaderElection.java:askForVotes(181)) - 50a88058-ea49-453d-8daf-365795fc0487:group-317983708AB2:LeaderElection43: begin an election at term 2 for -1: [50a88058-ea49-453d-8daf-365795fc0487:192.168.34.10:41899, 6a91ab85-d51f-4aea-b226-0883daafe048:192.168.34.10:46844, f26df5d6-3520-49aa-a5c8-632992372390:192.168.34.10:33799], old=null
2019-08-27 17:45:17,090 [Thread-1880] INFO  impl.RaftServerImpl (RaftServerImpl.java:setRole(171)) - 6a91ab85-d51f-4aea-b226-0883daafe048:group-CBF421EDE1FF changes role from FOLLOWER to CANDIDATE at term 0 for changeToCandidate
2019-08-27 17:45:17,091 [Thread-1880] INFO  impl.RoleInfo (RoleInfo.java:updateAndGet(143)) - 6a91ab85-d51f-4aea-b226-0883daafe048: start LeaderElection
2019-08-27 17:45:17,091 [50a88058-ea49-453d-8daf-365795fc0487:group-317983708AB2:LeaderElection43] INFO  impl.LeaderElection (LeaderElection.java:logAndReturn(56)) - 50a88058-ea49-453d-8daf-365795fc0487:group-317983708AB2:LeaderElection43: Election REJECTED; received 0 response(s) [] and 0 exception(s); 50a88058-ea49-453d-8daf-365795fc0487:t2, leader=null, voted=50a88058-ea49-453d-8daf-365795fc0487, raftlog=50a88058-ea49-453d-8daf-365795fc0487-SegmentedRaftLog:OPENED:c-1,f-1,i0, conf=-1: [50a88058-ea49-453d-8daf-365795fc0487:192.168.34.10:41899, 6a91ab85-d51f-4aea-b226-0883daafe048:192.168.34.10:46844, f26df5d6-3520-49aa-a5c8-632992372390:192.168.34.10:33799], old=null
2019-08-27 17:45:17,097 [grpc-default-executor-2] INFO  impl.RaftServerImpl (ServerState.java:setLeader(263)) - f26df5d6-3520-49aa-a5c8-632992372390:group-317983708AB2 change Leader from null to 6a91ab85-d51f-4aea-b226-0883daafe048 at term 1 for appendEntries, leader elected after 5162ms
2019-08-27 17:45:17,101 [grpc-default-executor-6] INFO  impl.RaftServerImpl (ServerState.java:setRaftConf(361)) - f26df5d6-3520-49aa-a5c8-632992372390:group-317983708AB2 set configuration 0: [50a88058-ea49-453d-8daf-365795fc0487:192.168.34.10:41899, 6a91ab85-d51f-4aea-b226-0883daafe048:192.168.34.10:46844, f26df5d6-3520-49aa-a5c8-632992372390:192.168.34.10:33799], old=null at 0
2019-08-27 17:45:17,102 [grpc-default-executor-6] INFO  segmented.SegmentedRaftLogWorker (SegmentedRaftLogWorker.java:startLogSegment(380)) - f26df5d6-3520-49aa-a5c8-632992372390-SegmentedRaftLogWorker:Storage Directory /workdir/hadoop-ozone/integration-test/target/test-dir/MiniOzoneClusterImpl-14d59322-d55d-44ab-8010-b6fe6443f38f/datanode-0/data/ratis/55cf6a59-b48b-481f-9896-317983708ab2: Starting segment from index:0
2019-08-27 17:45:17,103 [6a91ab85-d51f-4aea-b226-0883daafe048-SegmentedRaftLogWorker:Storage Directory /workdir/hadoop-ozone/integration-test/target/test-dir/MiniOzoneClusterImpl-14d59322-d55d-44ab-8010-b6fe6443f38f/datanode-2/data/ratis/55cf6a59-b48b-481f-9896-317983708ab2] INFO  segmented.SegmentedRaftLogWorker (SegmentedRaftLogWorker.java:execute(569)) - 6a91ab85-d51f-4aea-b226-0883daafe048-SegmentedRaftLogWorker:Storage Directory /workdir/hadoop-ozone/integration-test/target/test-dir/MiniOzoneClusterImpl-14d59322-d55d-44ab-8010-b6fe6443f38f/datanode-2/data/ratis/55cf6a59-b48b-481f-9896-317983708ab2: created new log segment /workdir/hadoop-ozone/integration-test/target/test-dir/MiniOzoneClusterImpl-14d59322-d55d-44ab-8010-b6fe6443f38f/datanode-2/data/ratis/55cf6a59-b48b-481f-9896-317983708ab2/current/log_inprogress_0
2019-08-27 17:45:17,104 [grpc-default-executor-2] INFO  impl.RaftServerImpl (ServerState.java:setLeader(263)) - 6a91ab85-d51f-4aea-b226-0883daafe048:group-317983708AB2 change Leader from 6a91ab85-d51f-4aea-b226-0883daafe048 to null at term 2 for updateCurrentTerm
2019-08-27 17:45:17,104 [6a91ab85-d51f-4aea-b226-0883daafe048:group-CBF421EDE1FF:LeaderElection44] INFO  impl.LeaderElection (LeaderElection.java:askForVotes(181)) - 6a91ab85-d51f-4aea-b226-0883daafe048:group-CBF421EDE1FF:LeaderElection44: begin an election at term 1 for -1: [6a91ab85-d51f-4aea-b226-0883daafe048:192.168.34.10:46844], old=null
2019-08-27 17:45:17,140 [grpc-default-executor-6] INFO  impl.RaftServerImpl (ServerState.java:setLeader(263)) - f26df5d6-3520-49aa-a5c8-632992372390:group-317983708AB2 change Leader from 6a91ab85-d51f-4aea-b226-0883daafe048 to null at term 2 for updateCurrentTerm
2019-08-27 17:45:17,140 [grpc-default-executor-6] INFO  impl.RaftServerImpl (RaftServerImpl.java:setRole(171)) - f26df5d6-3520-49aa-a5c8-632992372390:group-317983708AB2 changes role from FOLLOWER to FOLLOWER at term 2 for recognizeCandidate:50a88058-ea49-453d-8daf-365795fc0487
2019-08-27 17:45:17,104 [grpc-default-executor-2] INFO  impl.RaftServerImpl (RaftServerImpl.java:setRole(171)) - 6a91ab85-d51f-4aea-b226-0883daafe048:group-317983708AB2 changes role from LEADER to FOLLOWER at term 2 for recognizeCandidate:50a88058-ea49-453d-8daf-365795fc0487
2019-08-27 17:45:17,140 [grpc-default-executor-6] INFO  impl.RoleInfo (RoleInfo.java:shutdownFollowerState(121)) - f26df5d6-3520-49aa-a5c8-632992372390: shutdown FollowerState
2019-08-27 17:45:17,140 [6a91ab85-d51f-4aea-b226-0883daafe048:group-CBF421EDE1FF:LeaderElection44] INFO  impl.RoleInfo (RoleInfo.java:shutdownLeaderElection(134)) - 6a91ab85-d51f-4aea-b226-0883daafe048: shutdown LeaderElection
2019-08-27 17:45:17,141 [Thread-1935] INFO  impl.FollowerState (FollowerState.java:run(114)) - f26df5d6-3520-49aa-a5c8-632992372390: FollowerState was interrupted: java.lang.InterruptedException: sleep interrupted
2019-08-27 17:45:17,141 [grpc-default-executor-6] INFO  impl.RoleInfo (RoleInfo.java:updateAndGet(143)) - f26df5d6-3520-49aa-a5c8-632992372390: start FollowerState
2019-08-27 17:45:17,140 [grpc-default-executor-2] INFO  impl.RoleInfo (RoleInfo.java:shutdownLeaderState(104)) - 6a91ab85-d51f-4aea-b226-0883daafe048: shutdown LeaderState
2019-08-27 17:45:17,141 [6a91ab85-d51f-4aea-b226-0883daafe048:group-CBF421EDE1FF:LeaderElection44] INFO  impl.RaftServerImpl (RaftServerImpl.java:setRole(171)) - 6a91ab85-d51f-4aea-b226-0883daafe048:group-CBF421EDE1FF changes role from CANDIDATE to LEADER at term 1 for changeToLeader
2019-08-27 17:45:17,149 [org.apache.ratis.server.impl.LogAppender$AppenderDaemon$$Lambda$490/762154481@5acd5236] WARN  server.GrpcLogAppender (GrpcLogAppender.java:mayWait(143)) - GrpcLogAppender(6a91ab85-d51f-4aea-b226-0883daafe048->f26df5d6-3520-49aa-a5c8-632992372390): Wait interrupted by java.lang.InterruptedException
2019-08-27 17:45:17,149 [org.apache.ratis.server.impl.LogAppender$AppenderDaemon$$Lambda$490/762154481@1fcfcfab] WARN  server.GrpcLogAppender (GrpcLogAppender.java:mayWait(143)) - GrpcLogAppender(6a91ab85-d51f-4aea-b226-0883daafe048->50a88058-ea49-453d-8daf-365795fc0487): Wait interrupted by java.lang.InterruptedException
2019-08-27 17:45:17,149 [grpc-default-executor-2] INFO  impl.PendingRequests (PendingRequests.java:sendNotLeaderResponses(202)) - 6a91ab85-d51f-4aea-b226-0883daafe048-PendingRequests: sendNotLeaderResponses
2019-08-27 17:45:17,149 [6a91ab85-d51f-4aea-b226-0883daafe048:group-CBF421EDE1FF:LeaderElection44] INFO  impl.RaftServerImpl (ServerState.java:setLeader(263)) - 6a91ab85-d51f-4aea-b226-0883daafe048:group-CBF421EDE1FF change Leader from null to 6a91ab85-d51f-4aea-b226-0883daafe048 at term 1 for becomeLeader, leader elected after 5278ms
2019-08-27 17:45:17,150 [grpc-default-executor-3] INFO  server.GrpcServerProtocolService (GrpcServerProtocolService.java:onCompleted(104)) - f26df5d6-3520-49aa-a5c8-632992372390: appendEntries completed
2019-08-27 17:45:17,150 [grpc-default-executor-5] INFO  server.GrpcServerProtocolService (GrpcServerProtocolService.java:onCompleted(104)) - 50a88058-ea49-453d-8daf-365795fc0487: appendEntries completed
2019-08-27 17:45:17,150 [6a91ab85-d51f-4aea-b226-0883daafe048:group-CBF421EDE1FF:LeaderElection44] INFO  server.RaftServerConfigKeys (ConfUtils.java:logGet(43)) - raft.server.staging.catchup.gap = 1000 (default)
2019-08-27 17:45:17,150 [grpc-default-executor-2] INFO  impl.RoleInfo (RoleInfo.java:updateAndGet(143)) - 6a91ab85-d51f-4aea-b226-0883daafe048: start FollowerState
2019-08-27 17:45:17,153 [f26df5d6-3520-49aa-a5c8-632992372390-SegmentedRaftLogWorker:Storage Directory /workdir/hadoop-ozone/integration-test/target/test-dir/MiniOzoneClusterImpl-14d59322-d55d-44ab-8010-b6fe6443f38f/datanode-0/data/ratis/55cf6a59-b48b-481f-9896-317983708ab2] INFO  segmented.SegmentedRaftLogWorker (SegmentedRaftLogWorker.java:execute(569)) - f26df5d6-3520-49aa-a5c8-632992372390-SegmentedRaftLogWorker:Storage Directory /workdir/hadoop-ozone/integration-test/target/test-dir/MiniOzoneClusterImpl-14d59322-d55d-44ab-8010-b6fe6443f38f/datanode-0/data/ratis/55cf6a59-b48b-481f-9896-317983708ab2: created new log segment /workdir/hadoop-ozone/integration-test/target/test-dir/MiniOzoneClusterImpl-14d59322-d55d-44ab-8010-b6fe6443f38f/datanode-0/data/ratis/55cf6a59-b48b-481f-9896-317983708ab2/current/log_inprogress_0
2019-08-27 17:45:17,150 [6a91ab85-d51f-4aea-b226-0883daafe048:group-CBF421EDE1FF:LeaderElection44] INFO  server.RaftServerConfigKeys (ConfUtils.java:logGet(43)) - raft.server.rpc.sleep.time = 25ms (default)
2019-08-27 17:45:17,153 [grpc-default-executor-5] INFO  server.GrpcLogAppender (GrpcLogAppender.java:onCompleted(292)) - 6a91ab85-d51f-4aea-b226-0883daafe048->50a88058-ea49-453d-8daf-365795fc0487: follower responses appendEntries COMPLETED
2019-08-27 17:45:17,156 [6a91ab85-d51f-4aea-b226-0883daafe048:group-CBF421EDE1FF:LeaderElection44] INFO  server.RaftServerConfigKeys (ConfUtils.java:logGet(43)) - raft.server.write.element-limit = 4096 (default)
2019-08-27 17:45:17,167 [grpc-default-executor-5] INFO  impl.FollowerInfo (FollowerInfo.java:lambda$new$0(50)) - 6a91ab85-d51f-4aea-b226-0883daafe048->50a88058-ea49-453d-8daf-365795fc0487: nextIndex: updateUnconditionally 0 -> 0
2019-08-27 17:45:17,157 [grpc-default-executor-7] INFO  server.GrpcLogAppender (GrpcLogAppender.java:onCompleted(292)) - 6a91ab85-d51f-4aea-b226-0883daafe048->f26df5d6-3520-49aa-a5c8-632992372390: follower responses appendEntries COMPLETED
2019-08-27 17:45:17,167 [6a91ab85-d51f-4aea-b226-0883daafe048:group-CBF421EDE1FF:LeaderElection44] INFO  server.RaftServerConfigKeys (ConfUtils.java:logGet(43)) - raft.server.watch.timeout = 10s (default)
2019-08-27 17:45:17,168 [6a91ab85-d51f-4aea-b226-0883daafe048:group-CBF421EDE1FF:LeaderElection44] INFO  server.RaftServerConfigKeys (ConfUtils.java:logGet(43)) - raft.server.watch.timeout.denomination = 1s (default)
2019-08-27 17:45:17,168 [grpc-default-executor-7] INFO  impl.FollowerInfo (FollowerInfo.java:lambda$new$0(50)) - 6a91ab85-d51f-4aea-b226-0883daafe048->f26df5d6-3520-49aa-a5c8-632992372390: nextIndex: updateUnconditionally 1 -> 0
2019-08-27 17:45:17,168 [6a91ab85-d51f-4aea-b226-0883daafe048:group-CBF421EDE1FF:LeaderElection44] INFO  server.RaftServerConfigKeys (ConfUtils.java:logGet(43)) - raft.server.watch.element-limit = 65536 (default)
2019-08-27 17:45:17,168 [6a91ab85-d51f-4aea-b226-0883daafe048:group-CBF421EDE1FF:LeaderElection44] INFO  impl.RoleInfo (RoleInfo.java:updateAndGet(143)) - 6a91ab85-d51f-4aea-b226-0883daafe048: start LeaderState
2019-08-27 17:45:17,168 [6a91ab85-d51f-4aea-b226-0883daafe048:group-CBF421EDE1FF:LeaderElection44] INFO  segmented.SegmentedRaftLogWorker (SegmentedRaftLogWorker.java:startLogSegment(380)) - 6a91ab85-d51f-4aea-b226-0883daafe048-SegmentedRaftLogWorker:Storage Directory /workdir/hadoop-ozone/integration-test/target/test-dir/MiniOzoneClusterImpl-14d59322-d55d-44ab-8010-b6fe6443f38f/datanode-2/data/ratis/6fc455cd-d586-4ce1-b4a7-cbf421ede1ff: Starting segment from index:0
2019-08-27 17:45:17,169 [6a91ab85-d51f-4aea-b226-0883daafe048:group-CBF421EDE1FF:LeaderElection44] INFO  impl.RaftServerImpl (ServerState.java:setRaftConf(361)) - 6a91ab85-d51f-4aea-b226-0883daafe048:group-CBF421EDE1FF set configuration 0: [6a91ab85-d51f-4aea-b226-0883daafe048:192.168.34.10:46844], old=null at 0
2019-08-27 17:45:17,219 [6a91ab85-d51f-4aea-b226-0883daafe048-SegmentedRaftLogWorker:Storage Directory /workdir/hadoop-ozone/integration-test/target/test-dir/MiniOzoneClusterImpl-14d59322-d55d-44ab-8010-b6fe6443f38f/datanode-2/data/ratis/6fc455cd-d586-4ce1-b4a7-cbf421ede1ff] INFO  segmented.SegmentedRaftLogWorker (SegmentedRaftLogWorker.java:execute(569)) - 6a91ab85-d51f-4aea-b226-0883daafe048-SegmentedRaftLogWorker:Storage Directory /workdir/hadoop-ozone/integration-test/target/test-dir/MiniOzoneClusterImpl-14d59322-d55d-44ab-8010-b6fe6443f38f/datanode-2/data/ratis/6fc455cd-d586-4ce1-b4a7-cbf421ede1ff: created new log segment /workdir/hadoop-ozone/integration-test/target/test-dir/MiniOzoneClusterImpl-14d59322-d55d-44ab-8010-b6fe6443f38f/datanode-2/data/ratis/6fc455cd-d586-4ce1-b4a7-cbf421ede1ff/current/log_inprogress_0
2019-08-27 17:45:17,235 | INFO  | SCMAudit | user=jenkins1000 | ip=192.168.34.10 | op=SEND_HEARTBEAT {datanodeUUID=d5900fb2-81d8-4496-aad9-ae0edce7524a, command=[]} | ret=SUCCESS |  
2019-08-27 17:45:17,270 [Thread-1892] INFO  impl.FollowerState (FollowerState.java:run(106)) - 1dc5d11e-8303-42ed-ac6e-3c2bd9515d94:group-DA187DC7A05A changes to CANDIDATE, lastRpcTime:5200, electionTimeout:5190ms
2019-08-27 17:45:17,270 [Thread-1892] INFO  impl.RoleInfo (RoleInfo.java:shutdownFollowerState(121)) - 1dc5d11e-8303-42ed-ac6e-3c2bd9515d94: shutdown FollowerState
2019-08-27 17:45:17,270 [Thread-1892] INFO  impl.RaftServerImpl (RaftServerImpl.java:setRole(171)) - 1dc5d11e-8303-42ed-ac6e-3c2bd9515d94:group-DA187DC7A05A changes role from FOLLOWER to CANDIDATE at term 0 for changeToCandidate
2019-08-27 17:45:17,271 [Thread-1892] INFO  impl.RoleInfo (RoleInfo.java:updateAndGet(143)) - 1dc5d11e-8303-42ed-ac6e-3c2bd9515d94: start LeaderElection
2019-08-27 17:45:17,305 [1dc5d11e-8303-42ed-ac6e-3c2bd9515d94:group-DA187DC7A05A:LeaderElection45] INFO  impl.LeaderElection (LeaderElection.java:askForVotes(181)) - 1dc5d11e-8303-42ed-ac6e-3c2bd9515d94:group-DA187DC7A05A:LeaderElection45: begin an election at term 1 for -1: [1dc5d11e-8303-42ed-ac6e-3c2bd9515d94:192.168.34.10:39269], old=null
2019-08-27 17:45:17,305 [1dc5d11e-8303-42ed-ac6e-3c2bd9515d94:group-DA187DC7A05A:LeaderElection45] INFO  impl.RoleInfo (RoleInfo.java:shutdownLeaderElection(134)) - 1dc5d11e-8303-42ed-ac6e-3c2bd9515d94: shutdown LeaderElection
2019-08-27 17:45:17,305 [1dc5d11e-8303-42ed-ac6e-3c2bd9515d94:group-DA187DC7A05A:LeaderElection45] INFO  impl.RaftServerImpl (RaftServerImpl.java:setRole(171)) - 1dc5d11e-8303-42ed-ac6e-3c2bd9515d94:group-DA187DC7A05A changes role from CANDIDATE to LEADER at term 1 for changeToLeader
2019-08-27 17:45:17,305 [1dc5d11e-8303-42ed-ac6e-3c2bd9515d94:group-DA187DC7A05A:LeaderElection45] INFO  impl.RaftServerImpl (ServerState.java:setLeader(263)) - 1dc5d11e-8303-42ed-ac6e-3c2bd9515d94:group-DA187DC7A05A change Leader from null to 1dc5d11e-8303-42ed-ac6e-3c2bd9515d94 at term 1 for becomeLeader, leader elected after 5240ms
2019-08-27 17:45:17,305 [1dc5d11e-8303-42ed-ac6e-3c2bd9515d94:group-DA187DC7A05A:LeaderElection45] INFO  server.RaftServerConfigKeys (ConfUtils.java:logGet(43)) - raft.server.staging.catchup.gap = 1000 (default)
2019-08-27 17:45:17,305 [1dc5d11e-8303-42ed-ac6e-3c2bd9515d94:group-DA187DC7A05A:LeaderElection45] INFO  server.RaftServerConfigKeys (ConfUtils.java:logGet(43)) - raft.server.rpc.sleep.time = 25ms (default)
2019-08-27 17:45:17,306 [1dc5d11e-8303-42ed-ac6e-3c2bd9515d94:group-DA187DC7A05A:LeaderElection45] INFO  server.RaftServerConfigKeys (ConfUtils.java:logGet(43)) - raft.server.write.element-limit = 4096 (default)
2019-08-27 17:45:17,306 [1dc5d11e-8303-42ed-ac6e-3c2bd9515d94:group-DA187DC7A05A:LeaderElection45] INFO  server.RaftServerConfigKeys (ConfUtils.java:logGet(43)) - raft.server.watch.timeout = 10s (default)
2019-08-27 17:45:17,306 [1dc5d11e-8303-42ed-ac6e-3c2bd9515d94:group-DA187DC7A05A:LeaderElection45] INFO  server.RaftServerConfigKeys (ConfUtils.java:logGet(43)) - raft.server.watch.timeout.denomination = 1s (default)
2019-08-27 17:45:17,306 [1dc5d11e-8303-42ed-ac6e-3c2bd9515d94:group-DA187DC7A05A:LeaderElection45] INFO  server.RaftServerConfigKeys (ConfUtils.java:logGet(43)) - raft.server.watch.element-limit = 65536 (default)
2019-08-27 17:45:17,307 [1dc5d11e-8303-42ed-ac6e-3c2bd9515d94:group-DA187DC7A05A:LeaderElection45] INFO  impl.RoleInfo (RoleInfo.java:updateAndGet(143)) - 1dc5d11e-8303-42ed-ac6e-3c2bd9515d94: start LeaderState
2019-08-27 17:45:17,307 [1dc5d11e-8303-42ed-ac6e-3c2bd9515d94:group-DA187DC7A05A:LeaderElection45] INFO  segmented.SegmentedRaftLogWorker (SegmentedRaftLogWorker.java:startLogSegment(380)) - 1dc5d11e-8303-42ed-ac6e-3c2bd9515d94-SegmentedRaftLogWorker:Storage Directory /workdir/hadoop-ozone/integration-test/target/test-dir/MiniOzoneClusterImpl-14d59322-d55d-44ab-8010-b6fe6443f38f/datanode-3/data/ratis/becd4d0a-fecd-4e2c-86ef-da187dc7a05a: Starting segment from index:0
2019-08-27 17:45:17,307 [1dc5d11e-8303-42ed-ac6e-3c2bd9515d94:group-DA187DC7A05A:LeaderElection45] INFO  impl.RaftServerImpl (ServerState.java:setRaftConf(361)) - 1dc5d11e-8303-42ed-ac6e-3c2bd9515d94:group-DA187DC7A05A set configuration 0: [1dc5d11e-8303-42ed-ac6e-3c2bd9515d94:192.168.34.10:39269], old=null at 0
2019-08-27 17:45:17,353 [Thread-1895] INFO  impl.FollowerState (FollowerState.java:run(106)) - d5900fb2-81d8-4496-aad9-ae0edce7524a:group-7200F3422926 changes to CANDIDATE, lastRpcTime:5069, electionTimeout:5050ms
2019-08-27 17:45:17,356 [Thread-1895] INFO  impl.RoleInfo (RoleInfo.java:shutdownFollowerState(121)) - d5900fb2-81d8-4496-aad9-ae0edce7524a: shutdown FollowerState
2019-08-27 17:45:17,356 [Thread-1895] INFO  impl.RaftServerImpl (RaftServerImpl.java:setRole(171)) - d5900fb2-81d8-4496-aad9-ae0edce7524a:group-7200F3422926 changes role from FOLLOWER to CANDIDATE at term 0 for changeToCandidate
2019-08-27 17:45:17,356 [Thread-1895] INFO  impl.RoleInfo (RoleInfo.java:updateAndGet(143)) - d5900fb2-81d8-4496-aad9-ae0edce7524a: start LeaderElection
2019-08-27 17:45:17,365 [1dc5d11e-8303-42ed-ac6e-3c2bd9515d94-SegmentedRaftLogWorker:Storage Directory /workdir/hadoop-ozone/integration-test/target/test-dir/MiniOzoneClusterImpl-14d59322-d55d-44ab-8010-b6fe6443f38f/datanode-3/data/ratis/becd4d0a-fecd-4e2c-86ef-da187dc7a05a] INFO  segmented.SegmentedRaftLogWorker (SegmentedRaftLogWorker.java:execute(569)) - 1dc5d11e-8303-42ed-ac6e-3c2bd9515d94-SegmentedRaftLogWorker:Storage Directory /workdir/hadoop-ozone/integration-test/target/test-dir/MiniOzoneClusterImpl-14d59322-d55d-44ab-8010-b6fe6443f38f/datanode-3/data/ratis/becd4d0a-fecd-4e2c-86ef-da187dc7a05a: created new log segment /workdir/hadoop-ozone/integration-test/target/test-dir/MiniOzoneClusterImpl-14d59322-d55d-44ab-8010-b6fe6443f38f/datanode-3/data/ratis/becd4d0a-fecd-4e2c-86ef-da187dc7a05a/current/log_inprogress_0
2019-08-27 17:45:17,365 [d5900fb2-81d8-4496-aad9-ae0edce7524a:group-7200F3422926:LeaderElection46] INFO  impl.LeaderElection (LeaderElection.java:askForVotes(181)) - d5900fb2-81d8-4496-aad9-ae0edce7524a:group-7200F3422926:LeaderElection46: begin an election at term 1 for -1: [d5900fb2-81d8-4496-aad9-ae0edce7524a:192.168.34.10:46606], old=null
2019-08-27 17:45:17,366 [d5900fb2-81d8-4496-aad9-ae0edce7524a:group-7200F3422926:LeaderElection46] INFO  impl.RoleInfo (RoleInfo.java:shutdownLeaderElection(134)) - d5900fb2-81d8-4496-aad9-ae0edce7524a: shutdown LeaderElection
2019-08-27 17:45:17,366 [d5900fb2-81d8-4496-aad9-ae0edce7524a:group-7200F3422926:LeaderElection46] INFO  impl.RaftServerImpl (RaftServerImpl.java:setRole(171)) - d5900fb2-81d8-4496-aad9-ae0edce7524a:group-7200F3422926 changes role from CANDIDATE to LEADER at term 1 for changeToLeader
2019-08-27 17:45:17,366 [d5900fb2-81d8-4496-aad9-ae0edce7524a:group-7200F3422926:LeaderElection46] INFO  impl.RaftServerImpl (ServerState.java:setLeader(263)) - d5900fb2-81d8-4496-aad9-ae0edce7524a:group-7200F3422926 change Leader from null to d5900fb2-81d8-4496-aad9-ae0edce7524a at term 1 for becomeLeader, leader elected after 5087ms
2019-08-27 17:45:17,366 [d5900fb2-81d8-4496-aad9-ae0edce7524a:group-7200F3422926:LeaderElection46] INFO  server.RaftServerConfigKeys (ConfUtils.java:logGet(43)) - raft.server.staging.catchup.gap = 1000 (default)
2019-08-27 17:45:17,366 [d5900fb2-81d8-4496-aad9-ae0edce7524a:group-7200F3422926:LeaderElection46] INFO  server.RaftServerConfigKeys (ConfUtils.java:logGet(43)) - raft.server.rpc.sleep.time = 25ms (default)
2019-08-27 17:45:17,366 [d5900fb2-81d8-4496-aad9-ae0edce7524a:group-7200F3422926:LeaderElection46] INFO  server.RaftServerConfigKeys (ConfUtils.java:logGet(43)) - raft.server.write.element-limit = 4096 (default)
2019-08-27 17:45:17,367 [d5900fb2-81d8-4496-aad9-ae0edce7524a:group-7200F3422926:LeaderElection46] INFO  server.RaftServerConfigKeys (ConfUtils.java:logGet(43)) - raft.server.watch.timeout = 10s (default)
2019-08-27 17:45:17,367 [d5900fb2-81d8-4496-aad9-ae0edce7524a:group-7200F3422926:LeaderElection46] INFO  server.RaftServerConfigKeys (ConfUtils.java:logGet(43)) - raft.server.watch.timeout.denomination = 1s (default)
2019-08-27 17:45:17,367 [d5900fb2-81d8-4496-aad9-ae0edce7524a:group-7200F3422926:LeaderElection46] INFO  server.RaftServerConfigKeys (ConfUtils.java:logGet(43)) - raft.server.watch.element-limit = 65536 (default)
2019-08-27 17:45:17,367 [d5900fb2-81d8-4496-aad9-ae0edce7524a:group-7200F3422926:LeaderElection46] INFO  impl.RoleInfo (RoleInfo.java:updateAndGet(143)) - d5900fb2-81d8-4496-aad9-ae0edce7524a: start LeaderState
2019-08-27 17:45:17,367 [d5900fb2-81d8-4496-aad9-ae0edce7524a:group-7200F3422926:LeaderElection46] INFO  segmented.SegmentedRaftLogWorker (SegmentedRaftLogWorker.java:startLogSegment(380)) - d5900fb2-81d8-4496-aad9-ae0edce7524a-SegmentedRaftLogWorker:Storage Directory /workdir/hadoop-ozone/integration-test/target/test-dir/MiniOzoneClusterImpl-14d59322-d55d-44ab-8010-b6fe6443f38f/datanode-4/data/ratis/a1ce6c09-064f-4b9e-a4d8-7200f3422926: Starting segment from index:0
2019-08-27 17:45:17,368 [d5900fb2-81d8-4496-aad9-ae0edce7524a:group-7200F3422926:LeaderElection46] INFO  impl.RaftServerImpl (ServerState.java:setRaftConf(361)) - d5900fb2-81d8-4496-aad9-ae0edce7524a:group-7200F3422926 set configuration 0: [d5900fb2-81d8-4496-aad9-ae0edce7524a:192.168.34.10:46606], old=null at 0
2019-08-27 17:45:17,409 | INFO  | SCMAudit | user=jenkins1000 | ip=192.168.34.10 | op=SEND_HEARTBEAT {datanodeUUID=99df0e6a-3489-48bb-9e95-d018f175f37a, command=[]} | ret=SUCCESS |  
2019-08-27 17:45:17,421 [d5900fb2-81d8-4496-aad9-ae0edce7524a-SegmentedRaftLogWorker:Storage Directory /workdir/hadoop-ozone/integration-test/target/test-dir/MiniOzoneClusterImpl-14d59322-d55d-44ab-8010-b6fe6443f38f/datanode-4/data/ratis/a1ce6c09-064f-4b9e-a4d8-7200f3422926] INFO  segmented.SegmentedRaftLogWorker (SegmentedRaftLogWorker.java:execute(569)) - d5900fb2-81d8-4496-aad9-ae0edce7524a-SegmentedRaftLogWorker:Storage Directory /workdir/hadoop-ozone/integration-test/target/test-dir/MiniOzoneClusterImpl-14d59322-d55d-44ab-8010-b6fe6443f38f/datanode-4/data/ratis/a1ce6c09-064f-4b9e-a4d8-7200f3422926: created new log segment /workdir/hadoop-ozone/integration-test/target/test-dir/MiniOzoneClusterImpl-14d59322-d55d-44ab-8010-b6fe6443f38f/datanode-4/data/ratis/a1ce6c09-064f-4b9e-a4d8-7200f3422926/current/log_inprogress_0
2019-08-27 17:45:17,458 | INFO  | SCMAudit | user=jenkins1000 | ip=192.168.34.10 | op=SEND_HEARTBEAT {datanodeUUID=f26df5d6-3520-49aa-a5c8-632992372390, command=[]} | ret=SUCCESS |  
2019-08-27 17:45:17,479 [Thread-1898] INFO  impl.FollowerState (FollowerState.java:run(106)) - 99df0e6a-3489-48bb-9e95-d018f175f37a:group-632EF8F03A8E changes to CANDIDATE, lastRpcTime:5038, electionTimeout:5038ms
2019-08-27 17:45:17,479 [Thread-1898] INFO  impl.RoleInfo (RoleInfo.java:shutdownFollowerState(121)) - 99df0e6a-3489-48bb-9e95-d018f175f37a: shutdown FollowerState
2019-08-27 17:45:17,480 [Thread-1898] INFO  impl.RaftServerImpl (RaftServerImpl.java:setRole(171)) - 99df0e6a-3489-48bb-9e95-d018f175f37a:group-632EF8F03A8E changes role from FOLLOWER to CANDIDATE at term 0 for changeToCandidate
2019-08-27 17:45:17,480 [Thread-1898] INFO  impl.RoleInfo (RoleInfo.java:updateAndGet(143)) - 99df0e6a-3489-48bb-9e95-d018f175f37a: start LeaderElection
2019-08-27 17:45:17,499 [99df0e6a-3489-48bb-9e95-d018f175f37a:group-632EF8F03A8E:LeaderElection47] INFO  impl.LeaderElection (LeaderElection.java:askForVotes(181)) - 99df0e6a-3489-48bb-9e95-d018f175f37a:group-632EF8F03A8E:LeaderElection47: begin an election at term 1 for -1: [99df0e6a-3489-48bb-9e95-d018f175f37a:192.168.34.10:41262], old=null
2019-08-27 17:45:17,500 [99df0e6a-3489-48bb-9e95-d018f175f37a:group-632EF8F03A8E:LeaderElection47] INFO  impl.RoleInfo (RoleInfo.java:shutdownLeaderElection(134)) - 99df0e6a-3489-48bb-9e95-d018f175f37a: shutdown LeaderElection
2019-08-27 17:45:17,500 [99df0e6a-3489-48bb-9e95-d018f175f37a:group-632EF8F03A8E:LeaderElection47] INFO  impl.RaftServerImpl (RaftServerImpl.java:setRole(171)) - 99df0e6a-3489-48bb-9e95-d018f175f37a:group-632EF8F03A8E changes role from CANDIDATE to LEADER at term 1 for changeToLeader
2019-08-27 17:45:17,500 [99df0e6a-3489-48bb-9e95-d018f175f37a:group-632EF8F03A8E:LeaderElection47] INFO  impl.RaftServerImpl (ServerState.java:setLeader(263)) - 99df0e6a-3489-48bb-9e95-d018f175f37a:group-632EF8F03A8E change Leader from null to 99df0e6a-3489-48bb-9e95-d018f175f37a at term 1 for becomeLeader, leader elected after 5063ms
2019-08-27 17:45:17,500 [99df0e6a-3489-48bb-9e95-d018f175f37a:group-632EF8F03A8E:LeaderElection47] INFO  server.RaftServerConfigKeys (ConfUtils.java:logGet(43)) - raft.server.staging.catchup.gap = 1000 (default)
2019-08-27 17:45:17,500 [99df0e6a-3489-48bb-9e95-d018f175f37a:group-632EF8F03A8E:LeaderElection47] INFO  server.RaftServerConfigKeys (ConfUtils.java:logGet(43)) - raft.server.rpc.sleep.time = 25ms (default)
2019-08-27 17:45:17,500 [99df0e6a-3489-48bb-9e95-d018f175f37a:group-632EF8F03A8E:LeaderElection47] INFO  server.RaftServerConfigKeys (ConfUtils.java:logGet(43)) - raft.server.write.element-limit = 4096 (default)
2019-08-27 17:45:17,501 [99df0e6a-3489-48bb-9e95-d018f175f37a:group-632EF8F03A8E:LeaderElection47] INFO  server.RaftServerConfigKeys (ConfUtils.java:logGet(43)) - raft.server.watch.timeout = 10s (default)
2019-08-27 17:45:17,501 [99df0e6a-3489-48bb-9e95-d018f175f37a:group-632EF8F03A8E:LeaderElection47] INFO  server.RaftServerConfigKeys (ConfUtils.java:logGet(43)) - raft.server.watch.timeout.denomination = 1s (default)
2019-08-27 17:45:17,501 [99df0e6a-3489-48bb-9e95-d018f175f37a:group-632EF8F03A8E:LeaderElection47] INFO  server.RaftServerConfigKeys (ConfUtils.java:logGet(43)) - raft.server.watch.element-limit = 65536 (default)
2019-08-27 17:45:17,501 [99df0e6a-3489-48bb-9e95-d018f175f37a:group-632EF8F03A8E:LeaderElection47] INFO  impl.RoleInfo (RoleInfo.java:updateAndGet(143)) - 99df0e6a-3489-48bb-9e95-d018f175f37a: start LeaderState
2019-08-27 17:45:17,501 [99df0e6a-3489-48bb-9e95-d018f175f37a:group-632EF8F03A8E:LeaderElection47] INFO  segmented.SegmentedRaftLogWorker (SegmentedRaftLogWorker.java:startLogSegment(380)) - 99df0e6a-3489-48bb-9e95-d018f175f37a-SegmentedRaftLogWorker:Storage Directory /workdir/hadoop-ozone/integration-test/target/test-dir/MiniOzoneClusterImpl-14d59322-d55d-44ab-8010-b6fe6443f38f/datanode-5/data/ratis/97fc0904-436f-49d7-a170-632ef8f03a8e: Starting segment from index:0
2019-08-27 17:45:17,502 [99df0e6a-3489-48bb-9e95-d018f175f37a:group-632EF8F03A8E:LeaderElection47] INFO  impl.RaftServerImpl (ServerState.java:setRaftConf(361)) - 99df0e6a-3489-48bb-9e95-d018f175f37a:group-632EF8F03A8E set configuration 0: [99df0e6a-3489-48bb-9e95-d018f175f37a:192.168.34.10:41262], old=null at 0
2019-08-27 17:45:17,537 [Thread-1907] INFO  impl.FollowerState (FollowerState.java:run(106)) - 99df0e6a-3489-48bb-9e95-d018f175f37a:group-B1CA3C8FE44B changes to CANDIDATE, lastRpcTime:5022, electionTimeout:5011ms
2019-08-27 17:45:17,537 [Thread-1907] INFO  impl.RoleInfo (RoleInfo.java:shutdownFollowerState(121)) - 99df0e6a-3489-48bb-9e95-d018f175f37a: shutdown FollowerState
2019-08-27 17:45:17,537 [Thread-1907] INFO  impl.RaftServerImpl (RaftServerImpl.java:setRole(171)) - 99df0e6a-3489-48bb-9e95-d018f175f37a:group-B1CA3C8FE44B changes role from FOLLOWER to CANDIDATE at term 0 for changeToCandidate
2019-08-27 17:45:17,537 [Thread-1907] INFO  impl.RoleInfo (RoleInfo.java:updateAndGet(143)) - 99df0e6a-3489-48bb-9e95-d018f175f37a: start LeaderElection
2019-08-27 17:45:17,546 | INFO  | SCMAudit | user=jenkins1000 | ip=192.168.34.10 | op=SEND_HEARTBEAT {datanodeUUID=bf7f0402-1bee-4662-ace1-109f4ed9524c, command=[]} | ret=SUCCESS |  
2019-08-27 17:45:17,546 [Thread-1901] INFO  impl.FollowerState (FollowerState.java:run(106)) - d5900fb2-81d8-4496-aad9-ae0edce7524a:group-B1CA3C8FE44B changes to CANDIDATE, lastRpcTime:5038, electionTimeout:5038ms
2019-08-27 17:45:17,547 [Thread-1901] INFO  impl.RoleInfo (RoleInfo.java:shutdownFollowerState(121)) - d5900fb2-81d8-4496-aad9-ae0edce7524a: shutdown FollowerState
2019-08-27 17:45:17,547 [Thread-1901] INFO  impl.RaftServerImpl (RaftServerImpl.java:setRole(171)) - d5900fb2-81d8-4496-aad9-ae0edce7524a:group-B1CA3C8FE44B changes role from FOLLOWER to CANDIDATE at term 0 for changeToCandidate
2019-08-27 17:45:17,547 [Thread-1901] INFO  impl.RoleInfo (RoleInfo.java:updateAndGet(143)) - d5900fb2-81d8-4496-aad9-ae0edce7524a: start LeaderElection
2019-08-27 17:45:17,552 [99df0e6a-3489-48bb-9e95-d018f175f37a-SegmentedRaftLogWorker:Storage Directory /workdir/hadoop-ozone/integration-test/target/test-dir/MiniOzoneClusterImpl-14d59322-d55d-44ab-8010-b6fe6443f38f/datanode-5/data/ratis/97fc0904-436f-49d7-a170-632ef8f03a8e] INFO  segmented.SegmentedRaftLogWorker (SegmentedRaftLogWorker.java:execute(569)) - 99df0e6a-3489-48bb-9e95-d018f175f37a-SegmentedRaftLogWorker:Storage Directory /workdir/hadoop-ozone/integration-test/target/test-dir/MiniOzoneClusterImpl-14d59322-d55d-44ab-8010-b6fe6443f38f/datanode-5/data/ratis/97fc0904-436f-49d7-a170-632ef8f03a8e: created new log segment /workdir/hadoop-ozone/integration-test/target/test-dir/MiniOzoneClusterImpl-14d59322-d55d-44ab-8010-b6fe6443f38f/datanode-5/data/ratis/97fc0904-436f-49d7-a170-632ef8f03a8e/current/log_inprogress_0
2019-08-27 17:45:17,552 [99df0e6a-3489-48bb-9e95-d018f175f37a:group-B1CA3C8FE44B:LeaderElection48] INFO  impl.LeaderElection (LeaderElection.java:askForVotes(181)) - 99df0e6a-3489-48bb-9e95-d018f175f37a:group-B1CA3C8FE44B:LeaderElection48: begin an election at term 1 for -1: [1dc5d11e-8303-42ed-ac6e-3c2bd9515d94:192.168.34.10:39269, 99df0e6a-3489-48bb-9e95-d018f175f37a:192.168.34.10:41262, d5900fb2-81d8-4496-aad9-ae0edce7524a:192.168.34.10:46606], old=null
2019-08-27 17:45:17,563 [grpc-default-executor-7] INFO  impl.RaftServerImpl (RaftServerImpl.java:setRole(171)) - 1dc5d11e-8303-42ed-ac6e-3c2bd9515d94:group-B1CA3C8FE44B changes role from FOLLOWER to FOLLOWER at term 1 for recognizeCandidate:99df0e6a-3489-48bb-9e95-d018f175f37a
2019-08-27 17:45:17,563 [grpc-default-executor-7] INFO  impl.RoleInfo (RoleInfo.java:shutdownFollowerState(121)) - 1dc5d11e-8303-42ed-ac6e-3c2bd9515d94: shutdown FollowerState
2019-08-27 17:45:17,563 [grpc-default-executor-7] INFO  impl.RoleInfo (RoleInfo.java:updateAndGet(143)) - 1dc5d11e-8303-42ed-ac6e-3c2bd9515d94: start FollowerState
2019-08-27 17:45:17,563 [Thread-1904] INFO  impl.FollowerState (FollowerState.java:run(114)) - 1dc5d11e-8303-42ed-ac6e-3c2bd9515d94: FollowerState was interrupted: java.lang.InterruptedException: sleep interrupted
2019-08-27 17:45:17,566 [d5900fb2-81d8-4496-aad9-ae0edce7524a:group-B1CA3C8FE44B:LeaderElection49] INFO  impl.LeaderElection (LeaderElection.java:askForVotes(181)) - d5900fb2-81d8-4496-aad9-ae0edce7524a:group-B1CA3C8FE44B:LeaderElection49: begin an election at term 1 for -1: [1dc5d11e-8303-42ed-ac6e-3c2bd9515d94:192.168.34.10:39269, 99df0e6a-3489-48bb-9e95-d018f175f37a:192.168.34.10:41262, d5900fb2-81d8-4496-aad9-ae0edce7524a:192.168.34.10:46606], old=null
2019-08-27 17:45:17,595 [d5900fb2-81d8-4496-aad9-ae0edce7524a:group-B1CA3C8FE44B:LeaderElection49] INFO  impl.LeaderElection (LeaderElection.java:logAndReturn(56)) - d5900fb2-81d8-4496-aad9-ae0edce7524a:group-B1CA3C8FE44B:LeaderElection49: Election REJECTED; received 2 response(s) [d5900fb2-81d8-4496-aad9-ae0edce7524a<-1dc5d11e-8303-42ed-ac6e-3c2bd9515d94#0:FAIL-t1, d5900fb2-81d8-4496-aad9-ae0edce7524a<-99df0e6a-3489-48bb-9e95-d018f175f37a#0:FAIL-t1] and 0 exception(s); d5900fb2-81d8-4496-aad9-ae0edce7524a:t1, leader=null, voted=d5900fb2-81d8-4496-aad9-ae0edce7524a, raftlog=d5900fb2-81d8-4496-aad9-ae0edce7524a-SegmentedRaftLog:OPENED:c-1,f-1,i0, conf=-1: [1dc5d11e-8303-42ed-ac6e-3c2bd9515d94:192.168.34.10:39269, 99df0e6a-3489-48bb-9e95-d018f175f37a:192.168.34.10:41262, d5900fb2-81d8-4496-aad9-ae0edce7524a:192.168.34.10:46606], old=null
2019-08-27 17:45:17,595 [d5900fb2-81d8-4496-aad9-ae0edce7524a:group-B1CA3C8FE44B:LeaderElection49] INFO  impl.RaftServerImpl (RaftServerImpl.java:setRole(171)) - d5900fb2-81d8-4496-aad9-ae0edce7524a:group-B1CA3C8FE44B changes role from CANDIDATE to FOLLOWER at term 1 for DISCOVERED_A_NEW_TERM
2019-08-27 17:45:17,595 [d5900fb2-81d8-4496-aad9-ae0edce7524a:group-B1CA3C8FE44B:LeaderElection49] INFO  impl.RoleInfo (RoleInfo.java:shutdownLeaderElection(134)) - d5900fb2-81d8-4496-aad9-ae0edce7524a: shutdown LeaderElection
2019-08-27 17:45:17,595 [99df0e6a-3489-48bb-9e95-d018f175f37a:group-B1CA3C8FE44B:LeaderElection48] INFO  impl.LeaderElection (LeaderElection.java:logAndReturn(56)) - 99df0e6a-3489-48bb-9e95-d018f175f37a:group-B1CA3C8FE44B:LeaderElection48: Election PASSED; received 2 response(s) [99df0e6a-3489-48bb-9e95-d018f175f37a<-1dc5d11e-8303-42ed-ac6e-3c2bd9515d94#0:OK-t1, 99df0e6a-3489-48bb-9e95-d018f175f37a<-d5900fb2-81d8-4496-aad9-ae0edce7524a#0:FAIL-t1] and 0 exception(s); 99df0e6a-3489-48bb-9e95-d018f175f37a:t1, leader=null, voted=99df0e6a-3489-48bb-9e95-d018f175f37a, raftlog=99df0e6a-3489-48bb-9e95-d018f175f37a-SegmentedRaftLog:OPENED:c-1,f-1,i0, conf=-1: [1dc5d11e-8303-42ed-ac6e-3c2bd9515d94:192.168.34.10:39269, 99df0e6a-3489-48bb-9e95-d018f175f37a:192.168.34.10:41262, d5900fb2-81d8-4496-aad9-ae0edce7524a:192.168.34.10:46606], old=null
2019-08-27 17:45:17,595 [d5900fb2-81d8-4496-aad9-ae0edce7524a:group-B1CA3C8FE44B:LeaderElection49] INFO  impl.RoleInfo (RoleInfo.java:updateAndGet(143)) - d5900fb2-81d8-4496-aad9-ae0edce7524a: start FollowerState
2019-08-27 17:45:17,596 [99df0e6a-3489-48bb-9e95-d018f175f37a:group-B1CA3C8FE44B:LeaderElection48] INFO  impl.RoleInfo (RoleInfo.java:shutdownLeaderElection(134)) - 99df0e6a-3489-48bb-9e95-d018f175f37a: shutdown LeaderElection
2019-08-27 17:45:17,596 [99df0e6a-3489-48bb-9e95-d018f175f37a:group-B1CA3C8FE44B:LeaderElection48] INFO  impl.RaftServerImpl (RaftServerImpl.java:setRole(171)) - 99df0e6a-3489-48bb-9e95-d018f175f37a:group-B1CA3C8FE44B changes role from CANDIDATE to LEADER at term 1 for changeToLeader
2019-08-27 17:45:17,596 [99df0e6a-3489-48bb-9e95-d018f175f37a:group-B1CA3C8FE44B:LeaderElection48] INFO  impl.RaftServerImpl (ServerState.java:setLeader(263)) - 99df0e6a-3489-48bb-9e95-d018f175f37a:group-B1CA3C8FE44B change Leader from null to 99df0e6a-3489-48bb-9e95-d018f175f37a at term 1 for becomeLeader, leader elected after 5096ms
2019-08-27 17:45:17,596 [99df0e6a-3489-48bb-9e95-d018f175f37a:group-B1CA3C8FE44B:LeaderElection48] INFO  server.RaftServerConfigKeys (ConfUtils.java:logGet(43)) - raft.server.staging.catchup.gap = 1000 (default)
2019-08-27 17:45:17,596 [99df0e6a-3489-48bb-9e95-d018f175f37a:group-B1CA3C8FE44B:LeaderElection48] INFO  server.RaftServerConfigKeys (ConfUtils.java:logGet(43)) - raft.server.rpc.sleep.time = 25ms (default)
2019-08-27 17:45:17,597 [99df0e6a-3489-48bb-9e95-d018f175f37a:group-B1CA3C8FE44B:LeaderElection48] INFO  server.RaftServerConfigKeys (ConfUtils.java:logGet(43)) - raft.server.write.element-limit = 4096 (default)
2019-08-27 17:45:17,597 [99df0e6a-3489-48bb-9e95-d018f175f37a:group-B1CA3C8FE44B:LeaderElection48] INFO  server.RaftServerConfigKeys (ConfUtils.java:logGet(43)) - raft.server.watch.timeout = 10s (default)
2019-08-27 17:45:17,597 [99df0e6a-3489-48bb-9e95-d018f175f37a:group-B1CA3C8FE44B:LeaderElection48] INFO  server.RaftServerConfigKeys (ConfUtils.java:logGet(43)) - raft.server.watch.timeout.denomination = 1s (default)
2019-08-27 17:45:17,597 [99df0e6a-3489-48bb-9e95-d018f175f37a:group-B1CA3C8FE44B:LeaderElection48] INFO  server.RaftServerConfigKeys (ConfUtils.java:logGet(43)) - raft.server.watch.element-limit = 65536 (default)
2019-08-27 17:45:17,597 [99df0e6a-3489-48bb-9e95-d018f175f37a:group-B1CA3C8FE44B:LeaderElection48] INFO  server.RaftServerConfigKeys (ConfUtils.java:logGet(43)) - raft.server.log.appender.snapshot.chunk.size.max = 16MB (=16777216) (default)
2019-08-27 17:45:17,598 [99df0e6a-3489-48bb-9e95-d018f175f37a:group-B1CA3C8FE44B:LeaderElection48] INFO  server.RaftServerConfigKeys (ConfUtils.java:logGet(43)) - raft.server.log.appender.buffer.byte-limit = 33554432 (custom)
2019-08-27 17:45:17,598 [99df0e6a-3489-48bb-9e95-d018f175f37a:group-B1CA3C8FE44B:LeaderElection48] INFO  server.RaftServerConfigKeys (ConfUtils.java:logGet(43)) - raft.server.log.appender.buffer.element-limit = 1 (custom)
2019-08-27 17:45:17,598 [99df0e6a-3489-48bb-9e95-d018f175f37a:group-B1CA3C8FE44B:LeaderElection48] INFO  grpc.GrpcConfigKeys$Server (ConfUtils.java:logGet(43)) - raft.grpc.server.leader.outstanding.appends.max = 128 (default)
2019-08-27 17:45:17,598 [99df0e6a-3489-48bb-9e95-d018f175f37a:group-B1CA3C8FE44B:LeaderElection48] INFO  server.RaftServerConfigKeys (ConfUtils.java:logGet(43)) - raft.server.rpc.request.timeout = 3000ms (default)
2019-08-27 17:45:17,598 [99df0e6a-3489-48bb-9e95-d018f175f37a:group-B1CA3C8FE44B:LeaderElection48] INFO  server.RaftServerConfigKeys (ConfUtils.java:logGet(43)) - raft.server.log.appender.install.snapshot.enabled = false (custom)
2019-08-27 17:45:17,599 [99df0e6a-3489-48bb-9e95-d018f175f37a:group-B1CA3C8FE44B:LeaderElection48] INFO  server.RaftServerConfigKeys (ConfUtils.java:logGet(43)) - raft.server.log.appender.snapshot.chunk.size.max = 16MB (=16777216) (default)
2019-08-27 17:45:17,599 [99df0e6a-3489-48bb-9e95-d018f175f37a:group-B1CA3C8FE44B:LeaderElection48] INFO  server.RaftServerConfigKeys (ConfUtils.java:logGet(43)) - raft.server.log.appender.buffer.byte-limit = 33554432 (custom)
2019-08-27 17:45:17,599 [99df0e6a-3489-48bb-9e95-d018f175f37a:group-B1CA3C8FE44B:LeaderElection48] INFO  server.RaftServerConfigKeys (ConfUtils.java:logGet(43)) - raft.server.log.appender.buffer.element-limit = 1 (custom)
2019-08-27 17:45:17,599 [99df0e6a-3489-48bb-9e95-d018f175f37a:group-B1CA3C8FE44B:LeaderElection48] INFO  grpc.GrpcConfigKeys$Server (ConfUtils.java:logGet(43)) - raft.grpc.server.leader.outstanding.appends.max = 128 (default)
2019-08-27 17:45:17,599 [99df0e6a-3489-48bb-9e95-d018f175f37a:group-B1CA3C8FE44B:LeaderElection48] INFO  server.RaftServerConfigKeys (ConfUtils.java:logGet(43)) - raft.server.rpc.request.timeout = 3000ms (default)
2019-08-27 17:45:17,600 [99df0e6a-3489-48bb-9e95-d018f175f37a:group-B1CA3C8FE44B:LeaderElection48] INFO  server.RaftServerConfigKeys (ConfUtils.java:logGet(43)) - raft.server.log.appender.install.snapshot.enabled = false (custom)
2019-08-27 17:45:17,600 [99df0e6a-3489-48bb-9e95-d018f175f37a:group-B1CA3C8FE44B:LeaderElection48] INFO  impl.RoleInfo (RoleInfo.java:updateAndGet(143)) - 99df0e6a-3489-48bb-9e95-d018f175f37a: start LeaderState
2019-08-27 17:45:17,600 [99df0e6a-3489-48bb-9e95-d018f175f37a:group-B1CA3C8FE44B:LeaderElection48] INFO  segmented.SegmentedRaftLogWorker (SegmentedRaftLogWorker.java:startLogSegment(380)) - 99df0e6a-3489-48bb-9e95-d018f175f37a-SegmentedRaftLogWorker:Storage Directory /workdir/hadoop-ozone/integration-test/target/test-dir/MiniOzoneClusterImpl-14d59322-d55d-44ab-8010-b6fe6443f38f/datanode-5/data/ratis/13474f98-5dca-41b6-9248-b1ca3c8fe44b: Starting segment from index:0
2019-08-27 17:45:17,601 [99df0e6a-3489-48bb-9e95-d018f175f37a:group-B1CA3C8FE44B:LeaderElection48] INFO  impl.RaftServerImpl (ServerState.java:setRaftConf(361)) - 99df0e6a-3489-48bb-9e95-d018f175f37a:group-B1CA3C8FE44B set configuration 0: [1dc5d11e-8303-42ed-ac6e-3c2bd9515d94:192.168.34.10:39269, 99df0e6a-3489-48bb-9e95-d018f175f37a:192.168.34.10:41262, d5900fb2-81d8-4496-aad9-ae0edce7524a:192.168.34.10:46606], old=null at 0
2019-08-27 17:45:17,650 [grpc-default-executor-5] INFO  impl.RaftServerImpl (ServerState.java:setLeader(263)) - 1dc5d11e-8303-42ed-ac6e-3c2bd9515d94:group-B1CA3C8FE44B change Leader from null to 99df0e6a-3489-48bb-9e95-d018f175f37a at term 1 for appendEntries, leader elected after 5149ms
2019-08-27 17:45:17,650 [grpc-default-executor-2] INFO  impl.RaftServerImpl (ServerState.java:setLeader(263)) - d5900fb2-81d8-4496-aad9-ae0edce7524a:group-B1CA3C8FE44B change Leader from null to 99df0e6a-3489-48bb-9e95-d018f175f37a at term 1 for appendEntries, leader elected after 5150ms
2019-08-27 17:45:17,651 | INFO  | SCMAudit | user=jenkins1000 | ip=192.168.34.10 | op=SEND_HEARTBEAT {datanodeUUID=50a88058-ea49-453d-8daf-365795fc0487, command=[]} | ret=SUCCESS |  
2019-08-27 17:45:17,653 [grpc-default-executor-2] INFO  impl.RaftServerImpl (ServerState.java:setRaftConf(361)) - 1dc5d11e-8303-42ed-ac6e-3c2bd9515d94:group-B1CA3C8FE44B set configuration 0: [1dc5d11e-8303-42ed-ac6e-3c2bd9515d94:192.168.34.10:39269, 99df0e6a-3489-48bb-9e95-d018f175f37a:192.168.34.10:41262, d5900fb2-81d8-4496-aad9-ae0edce7524a:192.168.34.10:46606], old=null at 0
2019-08-27 17:45:17,653 [grpc-default-executor-5] INFO  impl.RaftServerImpl (ServerState.java:setRaftConf(361)) - d5900fb2-81d8-4496-aad9-ae0edce7524a:group-B1CA3C8FE44B set configuration 0: [1dc5d11e-8303-42ed-ac6e-3c2bd9515d94:192.168.34.10:39269, 99df0e6a-3489-48bb-9e95-d018f175f37a:192.168.34.10:41262, d5900fb2-81d8-4496-aad9-ae0edce7524a:192.168.34.10:46606], old=null at 0
2019-08-27 17:45:17,653 [grpc-default-executor-2] INFO  segmented.SegmentedRaftLogWorker (SegmentedRaftLogWorker.java:startLogSegment(380)) - 1dc5d11e-8303-42ed-ac6e-3c2bd9515d94-SegmentedRaftLogWorker:Storage Directory /workdir/hadoop-ozone/integration-test/target/test-dir/MiniOzoneClusterImpl-14d59322-d55d-44ab-8010-b6fe6443f38f/datanode-3/data/ratis/13474f98-5dca-41b6-9248-b1ca3c8fe44b: Starting segment from index:0
2019-08-27 17:45:17,654 [grpc-default-executor-5] INFO  segmented.SegmentedRaftLogWorker (SegmentedRaftLogWorker.java:startLogSegment(380)) - d5900fb2-81d8-4496-aad9-ae0edce7524a-SegmentedRaftLogWorker:Storage Directory /workdir/hadoop-ozone/integration-test/target/test-dir/MiniOzoneClusterImpl-14d59322-d55d-44ab-8010-b6fe6443f38f/datanode-4/data/ratis/13474f98-5dca-41b6-9248-b1ca3c8fe44b: Starting segment from index:0
2019-08-27 17:45:17,662 [99df0e6a-3489-48bb-9e95-d018f175f37a-SegmentedRaftLogWorker:Storage Directory /workdir/hadoop-ozone/integration-test/target/test-dir/MiniOzoneClusterImpl-14d59322-d55d-44ab-8010-b6fe6443f38f/datanode-5/data/ratis/13474f98-5dca-41b6-9248-b1ca3c8fe44b] INFO  segmented.SegmentedRaftLogWorker (SegmentedRaftLogWorker.java:execute(569)) - 99df0e6a-3489-48bb-9e95-d018f175f37a-SegmentedRaftLogWorker:Storage Directory /workdir/hadoop-ozone/integration-test/target/test-dir/MiniOzoneClusterImpl-14d59322-d55d-44ab-8010-b6fe6443f38f/datanode-5/data/ratis/13474f98-5dca-41b6-9248-b1ca3c8fe44b: created new log segment /workdir/hadoop-ozone/integration-test/target/test-dir/MiniOzoneClusterImpl-14d59322-d55d-44ab-8010-b6fe6443f38f/datanode-5/data/ratis/13474f98-5dca-41b6-9248-b1ca3c8fe44b/current/log_inprogress_0
2019-08-27 17:45:17,708 [d5900fb2-81d8-4496-aad9-ae0edce7524a-SegmentedRaftLogWorker:Storage Directory /workdir/hadoop-ozone/integration-test/target/test-dir/MiniOzoneClusterImpl-14d59322-d55d-44ab-8010-b6fe6443f38f/datanode-4/data/ratis/13474f98-5dca-41b6-9248-b1ca3c8fe44b] INFO  segmented.SegmentedRaftLogWorker (SegmentedRaftLogWorker.java:execute(569)) - d5900fb2-81d8-4496-aad9-ae0edce7524a-SegmentedRaftLogWorker:Storage Directory /workdir/hadoop-ozone/integration-test/target/test-dir/MiniOzoneClusterImpl-14d59322-d55d-44ab-8010-b6fe6443f38f/datanode-4/data/ratis/13474f98-5dca-41b6-9248-b1ca3c8fe44b: created new log segment /workdir/hadoop-ozone/integration-test/target/test-dir/MiniOzoneClusterImpl-14d59322-d55d-44ab-8010-b6fe6443f38f/datanode-4/data/ratis/13474f98-5dca-41b6-9248-b1ca3c8fe44b/current/log_inprogress_0
2019-08-27 17:45:17,708 [1dc5d11e-8303-42ed-ac6e-3c2bd9515d94-SegmentedRaftLogWorker:Storage Directory /workdir/hadoop-ozone/integration-test/target/test-dir/MiniOzoneClusterImpl-14d59322-d55d-44ab-8010-b6fe6443f38f/datanode-3/data/ratis/13474f98-5dca-41b6-9248-b1ca3c8fe44b] INFO  segmented.SegmentedRaftLogWorker (SegmentedRaftLogWorker.java:execute(569)) - 1dc5d11e-8303-42ed-ac6e-3c2bd9515d94-SegmentedRaftLogWorker:Storage Directory /workdir/hadoop-ozone/integration-test/target/test-dir/MiniOzoneClusterImpl-14d59322-d55d-44ab-8010-b6fe6443f38f/datanode-3/data/ratis/13474f98-5dca-41b6-9248-b1ca3c8fe44b: created new log segment /workdir/hadoop-ozone/integration-test/target/test-dir/MiniOzoneClusterImpl-14d59322-d55d-44ab-8010-b6fe6443f38f/datanode-3/data/ratis/13474f98-5dca-41b6-9248-b1ca3c8fe44b/current/log_inprogress_0
2019-08-27 17:45:17,717 [grpc-default-executor-5] INFO  client.GrpcClientProtocolClient (GrpcClientProtocolClient.java:onNext(255)) - client-A802E8FF483F->50a88058-ea49-453d-8daf-365795fc0487: receive RaftClientReply:client-A802E8FF483F->50a88058-ea49-453d-8daf-365795fc0487@group-317983708AB2, cid=82, FAILED org.apache.ratis.protocol.NotLeaderException: Server 50a88058-ea49-453d-8daf-365795fc0487 is not the leader (null). Request must be sent to leader., logIndex=0, commits[50a88058-ea49-453d-8daf-365795fc0487:c-1]
2019-08-27 17:45:17,737 [Thread-1910] INFO  impl.FollowerState (FollowerState.java:run(106)) - bf7f0402-1bee-4662-ace1-109f4ed9524c:group-27C83C8FA9BE changes to CANDIDATE, lastRpcTime:5134, electionTimeout:5134ms
2019-08-27 17:45:17,737 [Thread-1910] INFO  impl.RoleInfo (RoleInfo.java:shutdownFollowerState(121)) - bf7f0402-1bee-4662-ace1-109f4ed9524c: shutdown FollowerState
2019-08-27 17:45:17,737 [Thread-1910] INFO  impl.RaftServerImpl (RaftServerImpl.java:setRole(171)) - bf7f0402-1bee-4662-ace1-109f4ed9524c:group-27C83C8FA9BE changes role from FOLLOWER to CANDIDATE at term 0 for changeToCandidate
2019-08-27 17:45:17,737 [Thread-1910] INFO  impl.RoleInfo (RoleInfo.java:updateAndGet(143)) - bf7f0402-1bee-4662-ace1-109f4ed9524c: start LeaderElection
2019-08-27 17:45:17,746 [bf7f0402-1bee-4662-ace1-109f4ed9524c:group-27C83C8FA9BE:LeaderElection50] INFO  impl.LeaderElection (LeaderElection.java:askForVotes(181)) - bf7f0402-1bee-4662-ace1-109f4ed9524c:group-27C83C8FA9BE:LeaderElection50: begin an election at term 1 for -1: [bf7f0402-1bee-4662-ace1-109f4ed9524c:192.168.34.10:37871], old=null
2019-08-27 17:45:17,747 [bf7f0402-1bee-4662-ace1-109f4ed9524c:group-27C83C8FA9BE:LeaderElection50] INFO  impl.RoleInfo (RoleInfo.java:shutdownLeaderElection(134)) - bf7f0402-1bee-4662-ace1-109f4ed9524c: shutdown LeaderElection
2019-08-27 17:45:17,747 [bf7f0402-1bee-4662-ace1-109f4ed9524c:group-27C83C8FA9BE:LeaderElection50] INFO  impl.RaftServerImpl (RaftServerImpl.java:setRole(171)) - bf7f0402-1bee-4662-ace1-109f4ed9524c:group-27C83C8FA9BE changes role from CANDIDATE to LEADER at term 1 for changeToLeader
2019-08-27 17:45:17,747 [bf7f0402-1bee-4662-ace1-109f4ed9524c:group-27C83C8FA9BE:LeaderElection50] INFO  impl.RaftServerImpl (ServerState.java:setLeader(263)) - bf7f0402-1bee-4662-ace1-109f4ed9524c:group-27C83C8FA9BE change Leader from null to bf7f0402-1bee-4662-ace1-109f4ed9524c at term 1 for becomeLeader, leader elected after 5149ms
2019-08-27 17:45:17,747 [bf7f0402-1bee-4662-ace1-109f4ed9524c:group-27C83C8FA9BE:LeaderElection50] INFO  server.RaftServerConfigKeys (ConfUtils.java:logGet(43)) - raft.server.staging.catchup.gap = 1000 (default)
2019-08-27 17:45:17,747 [bf7f0402-1bee-4662-ace1-109f4ed9524c:group-27C83C8FA9BE:LeaderElection50] INFO  server.RaftServerConfigKeys (ConfUtils.java:logGet(43)) - raft.server.rpc.sleep.time = 25ms (default)
2019-08-27 17:45:17,747 [bf7f0402-1bee-4662-ace1-109f4ed9524c:group-27C83C8FA9BE:LeaderElection50] INFO  server.RaftServerConfigKeys (ConfUtils.java:logGet(43)) - raft.server.write.element-limit = 4096 (default)
2019-08-27 17:45:17,748 [bf7f0402-1bee-4662-ace1-109f4ed9524c:group-27C83C8FA9BE:LeaderElection50] INFO  server.RaftServerConfigKeys (ConfUtils.java:logGet(43)) - raft.server.watch.timeout = 10s (default)
2019-08-27 17:45:17,748 [bf7f0402-1bee-4662-ace1-109f4ed9524c:group-27C83C8FA9BE:LeaderElection50] INFO  server.RaftServerConfigKeys (ConfUtils.java:logGet(43)) - raft.server.watch.timeout.denomination = 1s (default)
2019-08-27 17:45:17,748 [bf7f0402-1bee-4662-ace1-109f4ed9524c:group-27C83C8FA9BE:LeaderElection50] INFO  server.RaftServerConfigKeys (ConfUtils.java:logGet(43)) - raft.server.watch.element-limit = 65536 (default)
2019-08-27 17:45:17,748 [bf7f0402-1bee-4662-ace1-109f4ed9524c:group-27C83C8FA9BE:LeaderElection50] INFO  impl.RoleInfo (RoleInfo.java:updateAndGet(143)) - bf7f0402-1bee-4662-ace1-109f4ed9524c: start LeaderState
2019-08-27 17:45:17,748 [bf7f0402-1bee-4662-ace1-109f4ed9524c:group-27C83C8FA9BE:LeaderElection50] INFO  segmented.SegmentedRaftLogWorker (SegmentedRaftLogWorker.java:startLogSegment(380)) - bf7f0402-1bee-4662-ace1-109f4ed9524c-SegmentedRaftLogWorker:Storage Directory /workdir/hadoop-ozone/integration-test/target/test-dir/MiniOzoneClusterImpl-14d59322-d55d-44ab-8010-b6fe6443f38f/datanode-6/data/ratis/d30f9a8d-c3fa-42d5-aa7f-27c83c8fa9be: Starting segment from index:0
2019-08-27 17:45:17,749 [bf7f0402-1bee-4662-ace1-109f4ed9524c:group-27C83C8FA9BE:LeaderElection50] INFO  impl.RaftServerImpl (ServerState.java:setRaftConf(361)) - bf7f0402-1bee-4662-ace1-109f4ed9524c:group-27C83C8FA9BE set configuration 0: [bf7f0402-1bee-4662-ace1-109f4ed9524c:192.168.34.10:37871], old=null at 0
2019-08-27 17:45:17,805 [bf7f0402-1bee-4662-ace1-109f4ed9524c-SegmentedRaftLogWorker:Storage Directory /workdir/hadoop-ozone/integration-test/target/test-dir/MiniOzoneClusterImpl-14d59322-d55d-44ab-8010-b6fe6443f38f/datanode-6/data/ratis/d30f9a8d-c3fa-42d5-aa7f-27c83c8fa9be] INFO  segmented.SegmentedRaftLogWorker (SegmentedRaftLogWorker.java:execute(569)) - bf7f0402-1bee-4662-ace1-109f4ed9524c-SegmentedRaftLogWorker:Storage Directory /workdir/hadoop-ozone/integration-test/target/test-dir/MiniOzoneClusterImpl-14d59322-d55d-44ab-8010-b6fe6443f38f/datanode-6/data/ratis/d30f9a8d-c3fa-42d5-aa7f-27c83c8fa9be: created new log segment /workdir/hadoop-ozone/integration-test/target/test-dir/MiniOzoneClusterImpl-14d59322-d55d-44ab-8010-b6fe6443f38f/datanode-6/data/ratis/d30f9a8d-c3fa-42d5-aa7f-27c83c8fa9be/current/log_inprogress_0
2019-08-27 17:45:17,830 | INFO  | SCMAudit | user=jenkins1000 | ip=192.168.34.10 | op=SEND_HEARTBEAT {datanodeUUID=6a91ab85-d51f-4aea-b226-0883daafe048, command=[]} | ret=SUCCESS |  
2019-08-27 17:45:18,022 | INFO  | SCMAudit | user=jenkins1000 | ip=192.168.34.10 | op=SEND_HEARTBEAT {datanodeUUID=1dc5d11e-8303-42ed-ac6e-3c2bd9515d94, command=[]} | ret=SUCCESS |  
2019-08-27 17:45:18,236 | INFO  | SCMAudit | user=jenkins1000 | ip=192.168.34.10 | op=SEND_HEARTBEAT {datanodeUUID=d5900fb2-81d8-4496-aad9-ae0edce7524a, command=[]} | ret=SUCCESS |  
2019-08-27 17:45:18,410 | INFO  | SCMAudit | user=jenkins1000 | ip=192.168.34.10 | op=SEND_HEARTBEAT {datanodeUUID=99df0e6a-3489-48bb-9e95-d018f175f37a, command=[]} | ret=SUCCESS |  
2019-08-27 17:45:18,459 | INFO  | SCMAudit | user=jenkins1000 | ip=192.168.34.10 | op=SEND_HEARTBEAT {datanodeUUID=f26df5d6-3520-49aa-a5c8-632992372390, command=[]} | ret=SUCCESS |  
2019-08-27 17:45:18,545 | INFO  | SCMAudit | user=jenkins1000 | ip=192.168.34.10 | op=SEND_HEARTBEAT {datanodeUUID=bf7f0402-1bee-4662-ace1-109f4ed9524c, command=[]} | ret=SUCCESS |  
2019-08-27 17:45:18,650 | INFO  | SCMAudit | user=jenkins1000 | ip=192.168.34.10 | op=SEND_HEARTBEAT {datanodeUUID=50a88058-ea49-453d-8daf-365795fc0487, command=[]} | ret=SUCCESS |  
2019-08-27 17:45:18,732 [grpc-default-executor-2] INFO  client.GrpcClientProtocolClient (GrpcClientProtocolClient.java:onNext(255)) - client-A802E8FF483F->f26df5d6-3520-49aa-a5c8-632992372390: receive RaftClientReply:client-A802E8FF483F->f26df5d6-3520-49aa-a5c8-632992372390@group-317983708AB2, cid=82, FAILED org.apache.ratis.protocol.NotLeaderException: Server f26df5d6-3520-49aa-a5c8-632992372390 is not the leader (null). Request must be sent to leader., logIndex=0, commits[f26df5d6-3520-49aa-a5c8-632992372390:c-1, 50a88058-ea49-453d-8daf-365795fc0487:c-1, 6a91ab85-d51f-4aea-b226-0883daafe048:c-1]
2019-08-27 17:45:18,829 | INFO  | SCMAudit | user=jenkins1000 | ip=192.168.34.10 | op=SEND_HEARTBEAT {datanodeUUID=6a91ab85-d51f-4aea-b226-0883daafe048, command=[]} | ret=SUCCESS |  
2019-08-27 17:45:19,022 | INFO  | SCMAudit | user=jenkins1000 | ip=192.168.34.10 | op=SEND_HEARTBEAT {datanodeUUID=1dc5d11e-8303-42ed-ac6e-3c2bd9515d94, command=[]} | ret=SUCCESS |  
2019-08-27 17:45:19,236 | INFO  | SCMAudit | user=jenkins1000 | ip=192.168.34.10 | op=SEND_HEARTBEAT {datanodeUUID=d5900fb2-81d8-4496-aad9-ae0edce7524a, command=[]} | ret=SUCCESS |  
2019-08-27 17:45:19,409 | INFO  | SCMAudit | user=jenkins1000 | ip=192.168.34.10 | op=SEND_HEARTBEAT {datanodeUUID=99df0e6a-3489-48bb-9e95-d018f175f37a, command=[]} | ret=SUCCESS |  
2019-08-27 17:45:19,459 | INFO  | SCMAudit | user=jenkins1000 | ip=192.168.34.10 | op=SEND_HEARTBEAT {datanodeUUID=f26df5d6-3520-49aa-a5c8-632992372390, command=[]} | ret=SUCCESS |  
2019-08-27 17:45:19,546 | INFO  | SCMAudit | user=jenkins1000 | ip=192.168.34.10 | op=SEND_HEARTBEAT {datanodeUUID=bf7f0402-1bee-4662-ace1-109f4ed9524c, command=[]} | ret=SUCCESS |  
2019-08-27 17:45:19,651 | INFO  | SCMAudit | user=jenkins1000 | ip=192.168.34.10 | op=SEND_HEARTBEAT {datanodeUUID=50a88058-ea49-453d-8daf-365795fc0487, command=[]} | ret=SUCCESS |  
2019-08-27 17:45:19,747 [grpc-default-executor-2] INFO  client.GrpcClientProtocolClient (GrpcClientProtocolClient.java:onNext(255)) - client-A802E8FF483F->6a91ab85-d51f-4aea-b226-0883daafe048: receive RaftClientReply:client-A802E8FF483F->6a91ab85-d51f-4aea-b226-0883daafe048@group-317983708AB2, cid=82, FAILED org.apache.ratis.protocol.NotLeaderException: Server 6a91ab85-d51f-4aea-b226-0883daafe048 is not the leader (null). Request must be sent to leader., logIndex=0, commits[6a91ab85-d51f-4aea-b226-0883daafe048:c-1, 50a88058-ea49-453d-8daf-365795fc0487:c-1, f26df5d6-3520-49aa-a5c8-632992372390:c-1]
2019-08-27 17:45:19,830 | INFO  | SCMAudit | user=jenkins1000 | ip=192.168.34.10 | op=SEND_HEARTBEAT {datanodeUUID=6a91ab85-d51f-4aea-b226-0883daafe048, command=[]} | ret=SUCCESS |  
2019-08-27 17:45:20,021 | INFO  | SCMAudit | user=jenkins1000 | ip=192.168.34.10 | op=SEND_HEARTBEAT {datanodeUUID=1dc5d11e-8303-42ed-ac6e-3c2bd9515d94, command=[]} | ret=SUCCESS |  
2019-08-27 17:45:20,236 | INFO  | SCMAudit | user=jenkins1000 | ip=192.168.34.10 | op=SEND_HEARTBEAT {datanodeUUID=d5900fb2-81d8-4496-aad9-ae0edce7524a, command=[]} | ret=SUCCESS |  
2019-08-27 17:45:20,410 | INFO  | SCMAudit | user=jenkins1000 | ip=192.168.34.10 | op=SEND_HEARTBEAT {datanodeUUID=99df0e6a-3489-48bb-9e95-d018f175f37a, command=[]} | ret=SUCCESS |  
2019-08-27 17:45:20,460 | INFO  | SCMAudit | user=jenkins1000 | ip=192.168.34.10 | op=SEND_HEARTBEAT {datanodeUUID=f26df5d6-3520-49aa-a5c8-632992372390, command=[]} | ret=SUCCESS |  
2019-08-27 17:45:20,545 | INFO  | SCMAudit | user=jenkins1000 | ip=192.168.34.10 | op=SEND_HEARTBEAT {datanodeUUID=bf7f0402-1bee-4662-ace1-109f4ed9524c, command=[]} | ret=SUCCESS |  
2019-08-27 17:45:20,651 | INFO  | SCMAudit | user=jenkins1000 | ip=192.168.34.10 | op=SEND_HEARTBEAT {datanodeUUID=50a88058-ea49-453d-8daf-365795fc0487, command=[]} | ret=SUCCESS |  
2019-08-27 17:45:20,762 [grpc-default-executor-5] INFO  client.GrpcClientProtocolClient (GrpcClientProtocolClient.java:onNext(255)) - client-A802E8FF483F->f26df5d6-3520-49aa-a5c8-632992372390: receive RaftClientReply:client-A802E8FF483F->f26df5d6-3520-49aa-a5c8-632992372390@group-317983708AB2, cid=82, FAILED org.apache.ratis.protocol.NotLeaderException: Server f26df5d6-3520-49aa-a5c8-632992372390 is not the leader (null). Request must be sent to leader., logIndex=0, commits[f26df5d6-3520-49aa-a5c8-632992372390:c-1, 50a88058-ea49-453d-8daf-365795fc0487:c-1, 6a91ab85-d51f-4aea-b226-0883daafe048:c-1]
2019-08-27 17:45:20,829 | INFO  | SCMAudit | user=jenkins1000 | ip=192.168.34.10 | op=SEND_HEARTBEAT {datanodeUUID=6a91ab85-d51f-4aea-b226-0883daafe048, command=[]} | ret=SUCCESS |  
2019-08-27 17:45:21,022 | INFO  | SCMAudit | user=jenkins1000 | ip=192.168.34.10 | op=SEND_HEARTBEAT {datanodeUUID=1dc5d11e-8303-42ed-ac6e-3c2bd9515d94, command=[]} | ret=SUCCESS |  
2019-08-27 17:45:21,236 | INFO  | SCMAudit | user=jenkins1000 | ip=192.168.34.10 | op=SEND_HEARTBEAT {datanodeUUID=d5900fb2-81d8-4496-aad9-ae0edce7524a, command=[]} | ret=SUCCESS |  
2019-08-27 17:45:21,410 | INFO  | SCMAudit | user=jenkins1000 | ip=192.168.34.10 | op=SEND_HEARTBEAT {datanodeUUID=99df0e6a-3489-48bb-9e95-d018f175f37a, command=[]} | ret=SUCCESS |  
2019-08-27 17:45:21,460 | INFO  | SCMAudit | user=jenkins1000 | ip=192.168.34.10 | op=SEND_HEARTBEAT {datanodeUUID=f26df5d6-3520-49aa-a5c8-632992372390, command=[]} | ret=SUCCESS |  
2019-08-27 17:45:21,545 | INFO  | SCMAudit | user=jenkins1000 | ip=192.168.34.10 | op=SEND_HEARTBEAT {datanodeUUID=bf7f0402-1bee-4662-ace1-109f4ed9524c, command=[]} | ret=SUCCESS |  
2019-08-27 17:45:21,651 | INFO  | SCMAudit | user=jenkins1000 | ip=192.168.34.10 | op=SEND_HEARTBEAT {datanodeUUID=50a88058-ea49-453d-8daf-365795fc0487, command=[]} | ret=SUCCESS |  
2019-08-27 17:45:21,784 [grpc-default-executor-5] INFO  client.GrpcClientProtocolClient (GrpcClientProtocolClient.java:onNext(255)) - client-A802E8FF483F->6a91ab85-d51f-4aea-b226-0883daafe048: receive RaftClientReply:client-A802E8FF483F->6a91ab85-d51f-4aea-b226-0883daafe048@group-317983708AB2, cid=82, FAILED org.apache.ratis.protocol.NotLeaderException: Server 6a91ab85-d51f-4aea-b226-0883daafe048 is not the leader (null). Request must be sent to leader., logIndex=0, commits[6a91ab85-d51f-4aea-b226-0883daafe048:c-1, 50a88058-ea49-453d-8daf-365795fc0487:c-1, f26df5d6-3520-49aa-a5c8-632992372390:c-1]
2019-08-27 17:45:21,830 | INFO  | SCMAudit | user=jenkins1000 | ip=192.168.34.10 | op=SEND_HEARTBEAT {datanodeUUID=6a91ab85-d51f-4aea-b226-0883daafe048, command=[]} | ret=SUCCESS |  
2019-08-27 17:45:22,022 | INFO  | SCMAudit | user=jenkins1000 | ip=192.168.34.10 | op=SEND_HEARTBEAT {datanodeUUID=1dc5d11e-8303-42ed-ac6e-3c2bd9515d94, command=[]} | ret=SUCCESS |  
2019-08-27 17:45:22,134 [Thread-1936] INFO  impl.FollowerState (FollowerState.java:run(106)) - 50a88058-ea49-453d-8daf-365795fc0487:group-317983708AB2 changes to CANDIDATE, lastRpcTime:5104, electionTimeout:5104ms
2019-08-27 17:45:22,134 [Thread-1936] INFO  impl.RoleInfo (RoleInfo.java:shutdownFollowerState(121)) - 50a88058-ea49-453d-8daf-365795fc0487: shutdown FollowerState
2019-08-27 17:45:22,134 [Thread-1936] INFO  impl.RaftServerImpl (RaftServerImpl.java:setRole(171)) - 50a88058-ea49-453d-8daf-365795fc0487:group-317983708AB2 changes role from FOLLOWER to CANDIDATE at term 2 for changeToCandidate
2019-08-27 17:45:22,135 [Thread-1936] INFO  impl.RoleInfo (RoleInfo.java:updateAndGet(143)) - 50a88058-ea49-453d-8daf-365795fc0487: start LeaderElection
2019-08-27 17:45:22,153 [50a88058-ea49-453d-8daf-365795fc0487:group-317983708AB2:LeaderElection51] INFO  impl.LeaderElection (LeaderElection.java:askForVotes(181)) - 50a88058-ea49-453d-8daf-365795fc0487:group-317983708AB2:LeaderElection51: begin an election at term 3 for -1: [50a88058-ea49-453d-8daf-365795fc0487:192.168.34.10:41899, 6a91ab85-d51f-4aea-b226-0883daafe048:192.168.34.10:46844, f26df5d6-3520-49aa-a5c8-632992372390:192.168.34.10:33799], old=null
2019-08-27 17:45:22,159 [grpc-default-executor-5] INFO  impl.RaftServerImpl (RaftServerImpl.java:setRole(171)) - f26df5d6-3520-49aa-a5c8-632992372390:group-317983708AB2 changes role from FOLLOWER to FOLLOWER at term 3 for recognizeCandidate:50a88058-ea49-453d-8daf-365795fc0487
2019-08-27 17:45:22,159 [grpc-default-executor-2] INFO  impl.RaftServerImpl (RaftServerImpl.java:setRole(171)) - 6a91ab85-d51f-4aea-b226-0883daafe048:group-317983708AB2 changes role from FOLLOWER to FOLLOWER at term 3 for recognizeCandidate:50a88058-ea49-453d-8daf-365795fc0487
2019-08-27 17:45:22,160 [grpc-default-executor-5] INFO  impl.RoleInfo (RoleInfo.java:shutdownFollowerState(121)) - f26df5d6-3520-49aa-a5c8-632992372390: shutdown FollowerState
2019-08-27 17:45:22,160 [grpc-default-executor-2] INFO  impl.RoleInfo (RoleInfo.java:shutdownFollowerState(121)) - 6a91ab85-d51f-4aea-b226-0883daafe048: shutdown FollowerState
2019-08-27 17:45:22,160 [grpc-default-executor-5] INFO  impl.RoleInfo (RoleInfo.java:updateAndGet(143)) - f26df5d6-3520-49aa-a5c8-632992372390: start FollowerState
2019-08-27 17:45:22,160 [grpc-default-executor-2] INFO  impl.RoleInfo (RoleInfo.java:updateAndGet(143)) - 6a91ab85-d51f-4aea-b226-0883daafe048: start FollowerState
2019-08-27 17:45:22,160 [Thread-1946] INFO  impl.FollowerState (FollowerState.java:run(114)) - f26df5d6-3520-49aa-a5c8-632992372390: FollowerState was interrupted: java.lang.InterruptedException: sleep interrupted
2019-08-27 17:45:22,160 [Thread-1947] INFO  impl.FollowerState (FollowerState.java:run(114)) - 6a91ab85-d51f-4aea-b226-0883daafe048: FollowerState was interrupted: java.lang.InterruptedException: sleep interrupted
2019-08-27 17:45:22,192 [50a88058-ea49-453d-8daf-365795fc0487:group-317983708AB2:LeaderElection51] INFO  impl.LeaderElection (LeaderElection.java:logAndReturn(56)) - 50a88058-ea49-453d-8daf-365795fc0487:group-317983708AB2:LeaderElection51: Election REJECTED; received 2 response(s) [50a88058-ea49-453d-8daf-365795fc0487<-6a91ab85-d51f-4aea-b226-0883daafe048#0:FAIL-t3, 50a88058-ea49-453d-8daf-365795fc0487<-f26df5d6-3520-49aa-a5c8-632992372390#0:FAIL-t3] and 0 exception(s); 50a88058-ea49-453d-8daf-365795fc0487:t3, leader=null, voted=50a88058-ea49-453d-8daf-365795fc0487, raftlog=50a88058-ea49-453d-8daf-365795fc0487-SegmentedRaftLog:OPENED:c-1,f-1,i0, conf=-1: [50a88058-ea49-453d-8daf-365795fc0487:192.168.34.10:41899, 6a91ab85-d51f-4aea-b226-0883daafe048:192.168.34.10:46844, f26df5d6-3520-49aa-a5c8-632992372390:192.168.34.10:33799], old=null
2019-08-27 17:45:22,192 [50a88058-ea49-453d-8daf-365795fc0487:group-317983708AB2:LeaderElection51] INFO  impl.RaftServerImpl (RaftServerImpl.java:setRole(171)) - 50a88058-ea49-453d-8daf-365795fc0487:group-317983708AB2 changes role from CANDIDATE to FOLLOWER at term 3 for DISCOVERED_A_NEW_TERM
2019-08-27 17:45:22,192 [50a88058-ea49-453d-8daf-365795fc0487:group-317983708AB2:LeaderElection51] INFO  impl.RoleInfo (RoleInfo.java:shutdownLeaderElection(134)) - 50a88058-ea49-453d-8daf-365795fc0487: shutdown LeaderElection
2019-08-27 17:45:22,192 [50a88058-ea49-453d-8daf-365795fc0487:group-317983708AB2:LeaderElection51] INFO  impl.RoleInfo (RoleInfo.java:updateAndGet(143)) - 50a88058-ea49-453d-8daf-365795fc0487: start FollowerState
2019-08-27 17:45:22,235 | INFO  | SCMAudit | user=jenkins1000 | ip=192.168.34.10 | op=SEND_HEARTBEAT {datanodeUUID=d5900fb2-81d8-4496-aad9-ae0edce7524a, command=[]} | ret=SUCCESS |  
2019-08-27 17:45:22,411 | INFO  | SCMAudit | user=jenkins1000 | ip=192.168.34.10 | op=SEND_HEARTBEAT {datanodeUUID=99df0e6a-3489-48bb-9e95-d018f175f37a, command=[]} | ret=SUCCESS |  
2019-08-27 17:45:22,461 | INFO  | SCMAudit | user=jenkins1000 | ip=192.168.34.10 | op=SEND_HEARTBEAT {datanodeUUID=f26df5d6-3520-49aa-a5c8-632992372390, command=[]} | ret=SUCCESS |  
2019-08-27 17:45:22,546 | INFO  | SCMAudit | user=jenkins1000 | ip=192.168.34.10 | op=SEND_HEARTBEAT {datanodeUUID=bf7f0402-1bee-4662-ace1-109f4ed9524c, command=[]} | ret=SUCCESS |  
2019-08-27 17:45:22,652 | INFO  | SCMAudit | user=jenkins1000 | ip=192.168.34.10 | op=SEND_HEARTBEAT {datanodeUUID=50a88058-ea49-453d-8daf-365795fc0487, command=[]} | ret=SUCCESS |  
2019-08-27 17:45:22,799 [grpc-default-executor-2] INFO  client.GrpcClientProtocolClient (GrpcClientProtocolClient.java:onNext(255)) - client-A802E8FF483F->50a88058-ea49-453d-8daf-365795fc0487: receive RaftClientReply:client-A802E8FF483F->50a88058-ea49-453d-8daf-365795fc0487@group-317983708AB2, cid=82, FAILED org.apache.ratis.protocol.NotLeaderException: Server 50a88058-ea49-453d-8daf-365795fc0487 is not the leader (null). Request must be sent to leader., logIndex=0, commits[50a88058-ea49-453d-8daf-365795fc0487:c-1]
2019-08-27 17:45:22,831 | INFO  | SCMAudit | user=jenkins1000 | ip=192.168.34.10 | op=SEND_HEARTBEAT {datanodeUUID=6a91ab85-d51f-4aea-b226-0883daafe048, command=[]} | ret=SUCCESS |  
2019-08-27 17:45:23,022 | INFO  | SCMAudit | user=jenkins1000 | ip=192.168.34.10 | op=SEND_HEARTBEAT {datanodeUUID=1dc5d11e-8303-42ed-ac6e-3c2bd9515d94, command=[]} | ret=SUCCESS |  
2019-08-27 17:45:23,236 | INFO  | SCMAudit | user=jenkins1000 | ip=192.168.34.10 | op=SEND_HEARTBEAT {datanodeUUID=d5900fb2-81d8-4496-aad9-ae0edce7524a, command=[]} | ret=SUCCESS |  
2019-08-27 17:45:23,410 | INFO  | SCMAudit | user=jenkins1000 | ip=192.168.34.10 | op=SEND_HEARTBEAT {datanodeUUID=99df0e6a-3489-48bb-9e95-d018f175f37a, command=[]} | ret=SUCCESS |  
2019-08-27 17:45:23,460 | INFO  | SCMAudit | user=jenkins1000 | ip=192.168.34.10 | op=SEND_HEARTBEAT {datanodeUUID=f26df5d6-3520-49aa-a5c8-632992372390, command=[]} | ret=SUCCESS |  
2019-08-27 17:45:23,545 | INFO  | SCMAudit | user=jenkins1000 | ip=192.168.34.10 | op=SEND_HEARTBEAT {datanodeUUID=bf7f0402-1bee-4662-ace1-109f4ed9524c, command=[]} | ret=SUCCESS |  
2019-08-27 17:45:23,651 | INFO  | SCMAudit | user=jenkins1000 | ip=192.168.34.10 | op=SEND_HEARTBEAT {datanodeUUID=50a88058-ea49-453d-8daf-365795fc0487, command=[]} | ret=SUCCESS |  
2019-08-27 17:45:23,812 [grpc-default-executor-2] INFO  client.GrpcClientProtocolClient (GrpcClientProtocolClient.java:onNext(255)) - client-A802E8FF483F->6a91ab85-d51f-4aea-b226-0883daafe048: receive RaftClientReply:client-A802E8FF483F->6a91ab85-d51f-4aea-b226-0883daafe048@group-317983708AB2, cid=82, FAILED org.apache.ratis.protocol.NotLeaderException: Server 6a91ab85-d51f-4aea-b226-0883daafe048 is not the leader (null). Request must be sent to leader., logIndex=0, commits[6a91ab85-d51f-4aea-b226-0883daafe048:c-1, 50a88058-ea49-453d-8daf-365795fc0487:c-1, f26df5d6-3520-49aa-a5c8-632992372390:c-1]
2019-08-27 17:45:23,830 | INFO  | SCMAudit | user=jenkins1000 | ip=192.168.34.10 | op=SEND_HEARTBEAT {datanodeUUID=6a91ab85-d51f-4aea-b226-0883daafe048, command=[]} | ret=SUCCESS |  
2019-08-27 17:45:24,021 | INFO  | SCMAudit | user=jenkins1000 | ip=192.168.34.10 | op=SEND_HEARTBEAT {datanodeUUID=1dc5d11e-8303-42ed-ac6e-3c2bd9515d94, command=[]} | ret=SUCCESS |  
2019-08-27 17:45:24,236 | INFO  | SCMAudit | user=jenkins1000 | ip=192.168.34.10 | op=SEND_HEARTBEAT {datanodeUUID=d5900fb2-81d8-4496-aad9-ae0edce7524a, command=[]} | ret=SUCCESS |  
2019-08-27 17:45:24,411 | INFO  | SCMAudit | user=jenkins1000 | ip=192.168.34.10 | op=SEND_HEARTBEAT {datanodeUUID=99df0e6a-3489-48bb-9e95-d018f175f37a, command=[]} | ret=SUCCESS |  
2019-08-27 17:45:24,460 | INFO  | SCMAudit | user=jenkins1000 | ip=192.168.34.10 | op=SEND_HEARTBEAT {datanodeUUID=f26df5d6-3520-49aa-a5c8-632992372390, command=[]} | ret=SUCCESS |  
2019-08-27 17:45:24,545 | INFO  | SCMAudit | user=jenkins1000 | ip=192.168.34.10 | op=SEND_HEARTBEAT {datanodeUUID=bf7f0402-1bee-4662-ace1-109f4ed9524c, command=[]} | ret=SUCCESS |  
2019-08-27 17:45:24,652 | INFO  | SCMAudit | user=jenkins1000 | ip=192.168.34.10 | op=SEND_HEARTBEAT {datanodeUUID=50a88058-ea49-453d-8daf-365795fc0487, command=[]} | ret=SUCCESS |  
2019-08-27 17:45:24,828 [grpc-default-executor-2] INFO  client.GrpcClientProtocolClient (GrpcClientProtocolClient.java:onNext(255)) - client-A802E8FF483F->f26df5d6-3520-49aa-a5c8-632992372390: receive RaftClientReply:client-A802E8FF483F->f26df5d6-3520-49aa-a5c8-632992372390@group-317983708AB2, cid=82, FAILED org.apache.ratis.protocol.NotLeaderException: Server f26df5d6-3520-49aa-a5c8-632992372390 is not the leader (null). Request must be sent to leader., logIndex=0, commits[f26df5d6-3520-49aa-a5c8-632992372390:c-1, 50a88058-ea49-453d-8daf-365795fc0487:c-1, 6a91ab85-d51f-4aea-b226-0883daafe048:c-1]
2019-08-27 17:45:24,834 | INFO  | SCMAudit | user=jenkins1000 | ip=192.168.34.10 | op=SEND_HEARTBEAT {datanodeUUID=6a91ab85-d51f-4aea-b226-0883daafe048, command=[]} | ret=SUCCESS |  
2019-08-27 17:45:25,021 | INFO  | SCMAudit | user=jenkins1000 | ip=192.168.34.10 | op=SEND_HEARTBEAT {datanodeUUID=1dc5d11e-8303-42ed-ac6e-3c2bd9515d94, command=[]} | ret=SUCCESS |  
2019-08-27 17:45:25,236 | INFO  | SCMAudit | user=jenkins1000 | ip=192.168.34.10 | op=SEND_HEARTBEAT {datanodeUUID=d5900fb2-81d8-4496-aad9-ae0edce7524a, command=[]} | ret=SUCCESS |  
2019-08-27 17:45:25,412 | INFO  | SCMAudit | user=jenkins1000 | ip=192.168.34.10 | op=SEND_HEARTBEAT {datanodeUUID=99df0e6a-3489-48bb-9e95-d018f175f37a, command=[]} | ret=SUCCESS |  
2019-08-27 17:45:25,461 | INFO  | SCMAudit | user=jenkins1000 | ip=192.168.34.10 | op=SEND_HEARTBEAT {datanodeUUID=f26df5d6-3520-49aa-a5c8-632992372390, command=[]} | ret=SUCCESS |  
2019-08-27 17:45:25,546 | INFO  | SCMAudit | user=jenkins1000 | ip=192.168.34.10 | op=SEND_HEARTBEAT {datanodeUUID=bf7f0402-1bee-4662-ace1-109f4ed9524c, command=[]} | ret=SUCCESS |  
2019-08-27 17:45:25,652 | INFO  | SCMAudit | user=jenkins1000 | ip=192.168.34.10 | op=SEND_HEARTBEAT {datanodeUUID=50a88058-ea49-453d-8daf-365795fc0487, command=[]} | ret=SUCCESS |  
2019-08-27 17:45:25,831 | INFO  | SCMAudit | user=jenkins1000 | ip=192.168.34.10 | op=SEND_HEARTBEAT {datanodeUUID=6a91ab85-d51f-4aea-b226-0883daafe048, command=[]} | ret=SUCCESS |  
2019-08-27 17:45:25,843 [grpc-default-executor-2] INFO  client.GrpcClientProtocolClient (GrpcClientProtocolClient.java:onNext(255)) - client-A802E8FF483F->50a88058-ea49-453d-8daf-365795fc0487: receive RaftClientReply:client-A802E8FF483F->50a88058-ea49-453d-8daf-365795fc0487@group-317983708AB2, cid=82, FAILED org.apache.ratis.protocol.NotLeaderException: Server 50a88058-ea49-453d-8daf-365795fc0487 is not the leader (null). Request must be sent to leader., logIndex=0, commits[50a88058-ea49-453d-8daf-365795fc0487:c-1]
2019-08-27 17:45:26,022 | INFO  | SCMAudit | user=jenkins1000 | ip=192.168.34.10 | op=SEND_HEARTBEAT {datanodeUUID=1dc5d11e-8303-42ed-ac6e-3c2bd9515d94, command=[]} | ret=SUCCESS |  
2019-08-27 17:45:26,236 | INFO  | SCMAudit | user=jenkins1000 | ip=192.168.34.10 | op=SEND_HEARTBEAT {datanodeUUID=d5900fb2-81d8-4496-aad9-ae0edce7524a, command=[]} | ret=SUCCESS |  
2019-08-27 17:45:26,411 | INFO  | SCMAudit | user=jenkins1000 | ip=192.168.34.10 | op=SEND_HEARTBEAT {datanodeUUID=99df0e6a-3489-48bb-9e95-d018f175f37a, command=[]} | ret=SUCCESS |  
2019-08-27 17:45:26,460 | INFO  | SCMAudit | user=jenkins1000 | ip=192.168.34.10 | op=SEND_HEARTBEAT {datanodeUUID=f26df5d6-3520-49aa-a5c8-632992372390, command=[]} | ret=SUCCESS |  
2019-08-27 17:45:26,545 | INFO  | SCMAudit | user=jenkins1000 | ip=192.168.34.10 | op=SEND_HEARTBEAT {datanodeUUID=bf7f0402-1bee-4662-ace1-109f4ed9524c, command=[]} | ret=SUCCESS |  
2019-08-27 17:45:26,652 | INFO  | SCMAudit | user=jenkins1000 | ip=192.168.34.10 | op=SEND_HEARTBEAT {datanodeUUID=50a88058-ea49-453d-8daf-365795fc0487, command=[]} | ret=SUCCESS |  
2019-08-27 17:45:26,832 | INFO  | SCMAudit | user=jenkins1000 | ip=192.168.34.10 | op=SEND_HEARTBEAT {datanodeUUID=6a91ab85-d51f-4aea-b226-0883daafe048, command=[]} | ret=SUCCESS |  
2019-08-27 17:45:26,870 [grpc-default-executor-2] INFO  client.GrpcClientProtocolClient (GrpcClientProtocolClient.java:onNext(255)) - client-A802E8FF483F->f26df5d6-3520-49aa-a5c8-632992372390: receive RaftClientReply:client-A802E8FF483F->f26df5d6-3520-49aa-a5c8-632992372390@group-317983708AB2, cid=82, FAILED org.apache.ratis.protocol.NotLeaderException: Server f26df5d6-3520-49aa-a5c8-632992372390 is not the leader (null). Request must be sent to leader., logIndex=0, commits[f26df5d6-3520-49aa-a5c8-632992372390:c-1, 50a88058-ea49-453d-8daf-365795fc0487:c-1, 6a91ab85-d51f-4aea-b226-0883daafe048:c-1]
2019-08-27 17:45:27,023 | INFO  | SCMAudit | user=jenkins1000 | ip=192.168.34.10 | op=SEND_HEARTBEAT {datanodeUUID=1dc5d11e-8303-42ed-ac6e-3c2bd9515d94, command=[]} | ret=SUCCESS |  
2019-08-27 17:45:27,237 | INFO  | SCMAudit | user=jenkins1000 | ip=192.168.34.10 | op=SEND_HEARTBEAT {datanodeUUID=d5900fb2-81d8-4496-aad9-ae0edce7524a, command=[]} | ret=SUCCESS |  
2019-08-27 17:45:27,270 [Thread-1997] INFO  impl.FollowerState (FollowerState.java:run(106)) - 50a88058-ea49-453d-8daf-365795fc0487:group-317983708AB2 changes to CANDIDATE, lastRpcTime:5077, electionTimeout:5077ms
2019-08-27 17:45:27,270 [Thread-1997] INFO  impl.RoleInfo (RoleInfo.java:shutdownFollowerState(121)) - 50a88058-ea49-453d-8daf-365795fc0487: shutdown FollowerState
2019-08-27 17:45:27,270 [Thread-1997] INFO  impl.RaftServerImpl (RaftServerImpl.java:setRole(171)) - 50a88058-ea49-453d-8daf-365795fc0487:group-317983708AB2 changes role from FOLLOWER to CANDIDATE at term 3 for changeToCandidate
2019-08-27 17:45:27,271 [Thread-1997] INFO  impl.RoleInfo (RoleInfo.java:updateAndGet(143)) - 50a88058-ea49-453d-8daf-365795fc0487: start LeaderElection
2019-08-27 17:45:27,289 [50a88058-ea49-453d-8daf-365795fc0487:group-317983708AB2:LeaderElection52] INFO  impl.LeaderElection (LeaderElection.java:askForVotes(181)) - 50a88058-ea49-453d-8daf-365795fc0487:group-317983708AB2:LeaderElection52: begin an election at term 4 for -1: [50a88058-ea49-453d-8daf-365795fc0487:192.168.34.10:41899, 6a91ab85-d51f-4aea-b226-0883daafe048:192.168.34.10:46844, f26df5d6-3520-49aa-a5c8-632992372390:192.168.34.10:33799], old=null
2019-08-27 17:45:27,295 [grpc-default-executor-2] INFO  impl.RaftServerImpl (RaftServerImpl.java:setRole(171)) - f26df5d6-3520-49aa-a5c8-632992372390:group-317983708AB2 changes role from FOLLOWER to FOLLOWER at term 4 for recognizeCandidate:50a88058-ea49-453d-8daf-365795fc0487
2019-08-27 17:45:27,295 [grpc-default-executor-5] INFO  impl.RaftServerImpl (RaftServerImpl.java:setRole(171)) - 6a91ab85-d51f-4aea-b226-0883daafe048:group-317983708AB2 changes role from FOLLOWER to FOLLOWER at term 4 for recognizeCandidate:50a88058-ea49-453d-8daf-365795fc0487
2019-08-27 17:45:27,295 [grpc-default-executor-2] INFO  impl.RoleInfo (RoleInfo.java:shutdownFollowerState(121)) - f26df5d6-3520-49aa-a5c8-632992372390: shutdown FollowerState
2019-08-27 17:45:27,295 [grpc-default-executor-5] INFO  impl.RoleInfo (RoleInfo.java:shutdownFollowerState(121)) - 6a91ab85-d51f-4aea-b226-0883daafe048: shutdown FollowerState
2019-08-27 17:45:27,296 [Thread-1995] INFO  impl.FollowerState (FollowerState.java:run(114)) - f26df5d6-3520-49aa-a5c8-632992372390: FollowerState was interrupted: java.lang.InterruptedException: sleep interrupted
2019-08-27 17:45:27,296 [grpc-default-executor-2] INFO  impl.RoleInfo (RoleInfo.java:updateAndGet(143)) - f26df5d6-3520-49aa-a5c8-632992372390: start FollowerState
2019-08-27 17:45:27,296 [Thread-1996] INFO  impl.FollowerState (FollowerState.java:run(114)) - 6a91ab85-d51f-4aea-b226-0883daafe048: FollowerState was interrupted: java.lang.InterruptedException: sleep interrupted
2019-08-27 17:45:27,296 [grpc-default-executor-5] INFO  impl.RoleInfo (RoleInfo.java:updateAndGet(143)) - 6a91ab85-d51f-4aea-b226-0883daafe048: start FollowerState
2019-08-27 17:45:27,302 [50a88058-ea49-453d-8daf-365795fc0487:group-317983708AB2:LeaderElection52] INFO  impl.LeaderElection (LeaderElection.java:logAndReturn(56)) - 50a88058-ea49-453d-8daf-365795fc0487:group-317983708AB2:LeaderElection52: Election REJECTED; received 2 response(s) [50a88058-ea49-453d-8daf-365795fc0487<-6a91ab85-d51f-4aea-b226-0883daafe048#0:FAIL-t4, 50a88058-ea49-453d-8daf-365795fc0487<-f26df5d6-3520-49aa-a5c8-632992372390#0:FAIL-t4] and 0 exception(s); 50a88058-ea49-453d-8daf-365795fc0487:t4, leader=null, voted=50a88058-ea49-453d-8daf-365795fc0487, raftlog=50a88058-ea49-453d-8daf-365795fc0487-SegmentedRaftLog:OPENED:c-1,f-1,i0, conf=-1: [50a88058-ea49-453d-8daf-365795fc0487:192.168.34.10:41899, 6a91ab85-d51f-4aea-b226-0883daafe048:192.168.34.10:46844, f26df5d6-3520-49aa-a5c8-632992372390:192.168.34.10:33799], old=null
2019-08-27 17:45:27,302 [50a88058-ea49-453d-8daf-365795fc0487:group-317983708AB2:LeaderElection52] INFO  impl.RaftServerImpl (RaftServerImpl.java:setRole(171)) - 50a88058-ea49-453d-8daf-365795fc0487:group-317983708AB2 changes role from CANDIDATE to FOLLOWER at term 4 for DISCOVERED_A_NEW_TERM
2019-08-27 17:45:27,303 [50a88058-ea49-453d-8daf-365795fc0487:group-317983708AB2:LeaderElection52] INFO  impl.RoleInfo (RoleInfo.java:shutdownLeaderElection(134)) - 50a88058-ea49-453d-8daf-365795fc0487: shutdown LeaderElection
2019-08-27 17:45:27,303 [50a88058-ea49-453d-8daf-365795fc0487:group-317983708AB2:LeaderElection52] INFO  impl.RoleInfo (RoleInfo.java:updateAndGet(143)) - 50a88058-ea49-453d-8daf-365795fc0487: start FollowerState
2019-08-27 17:45:27,412 | INFO  | SCMAudit | user=jenkins1000 | ip=192.168.34.10 | op=SEND_HEARTBEAT {datanodeUUID=99df0e6a-3489-48bb-9e95-d018f175f37a, command=[]} | ret=SUCCESS |  
2019-08-27 17:45:27,461 | INFO  | SCMAudit | user=jenkins1000 | ip=192.168.34.10 | op=SEND_HEARTBEAT {datanodeUUID=f26df5d6-3520-49aa-a5c8-632992372390, command=[]} | ret=SUCCESS |  
2019-08-27 17:45:27,545 | INFO  | SCMAudit | user=jenkins1000 | ip=192.168.34.10 | op=SEND_HEARTBEAT {datanodeUUID=bf7f0402-1bee-4662-ace1-109f4ed9524c, command=[]} | ret=SUCCESS |  
2019-08-27 17:45:27,653 | INFO  | SCMAudit | user=jenkins1000 | ip=192.168.34.10 | op=SEND_HEARTBEAT {datanodeUUID=50a88058-ea49-453d-8daf-365795fc0487, command=[]} | ret=SUCCESS |  
2019-08-27 17:45:27,831 | INFO  | SCMAudit | user=jenkins1000 | ip=192.168.34.10 | op=SEND_HEARTBEAT {datanodeUUID=6a91ab85-d51f-4aea-b226-0883daafe048, command=[]} | ret=SUCCESS |  
2019-08-27 17:45:27,885 [grpc-default-executor-2] INFO  client.GrpcClientProtocolClient (GrpcClientProtocolClient.java:onNext(255)) - client-A802E8FF483F->6a91ab85-d51f-4aea-b226-0883daafe048: receive RaftClientReply:client-A802E8FF483F->6a91ab85-d51f-4aea-b226-0883daafe048@group-317983708AB2, cid=82, FAILED org.apache.ratis.protocol.NotLeaderException: Server 6a91ab85-d51f-4aea-b226-0883daafe048 is not the leader (null). Request must be sent to leader., logIndex=0, commits[6a91ab85-d51f-4aea-b226-0883daafe048:c-1, 50a88058-ea49-453d-8daf-365795fc0487:c-1, f26df5d6-3520-49aa-a5c8-632992372390:c-1]
2019-08-27 17:45:28,023 | INFO  | SCMAudit | user=jenkins1000 | ip=192.168.34.10 | op=SEND_HEARTBEAT {datanodeUUID=1dc5d11e-8303-42ed-ac6e-3c2bd9515d94, command=[]} | ret=SUCCESS |  
2019-08-27 17:45:28,236 | INFO  | SCMAudit | user=jenkins1000 | ip=192.168.34.10 | op=SEND_HEARTBEAT {datanodeUUID=d5900fb2-81d8-4496-aad9-ae0edce7524a, command=[]} | ret=SUCCESS |  
2019-08-27 17:45:28,411 | INFO  | SCMAudit | user=jenkins1000 | ip=192.168.34.10 | op=SEND_HEARTBEAT {datanodeUUID=99df0e6a-3489-48bb-9e95-d018f175f37a, command=[]} | ret=SUCCESS |  
2019-08-27 17:45:28,460 | INFO  | SCMAudit | user=jenkins1000 | ip=192.168.34.10 | op=SEND_HEARTBEAT {datanodeUUID=f26df5d6-3520-49aa-a5c8-632992372390, command=[]} | ret=SUCCESS |  
2019-08-27 17:45:28,546 | INFO  | SCMAudit | user=jenkins1000 | ip=192.168.34.10 | op=SEND_HEARTBEAT {datanodeUUID=bf7f0402-1bee-4662-ace1-109f4ed9524c, command=[]} | ret=SUCCESS |  
2019-08-27 17:45:28,653 | INFO  | SCMAudit | user=jenkins1000 | ip=192.168.34.10 | op=SEND_HEARTBEAT {datanodeUUID=50a88058-ea49-453d-8daf-365795fc0487, command=[]} | ret=SUCCESS |  
2019-08-27 17:45:28,832 | INFO  | SCMAudit | user=jenkins1000 | ip=192.168.34.10 | op=SEND_HEARTBEAT {datanodeUUID=6a91ab85-d51f-4aea-b226-0883daafe048, command=[]} | ret=SUCCESS |  
2019-08-27 17:45:28,901 [grpc-default-executor-5] INFO  client.GrpcClientProtocolClient (GrpcClientProtocolClient.java:onNext(255)) - client-A802E8FF483F->50a88058-ea49-453d-8daf-365795fc0487: receive RaftClientReply:client-A802E8FF483F->50a88058-ea49-453d-8daf-365795fc0487@group-317983708AB2, cid=82, FAILED org.apache.ratis.protocol.NotLeaderException: Server 50a88058-ea49-453d-8daf-365795fc0487 is not the leader (null). Request must be sent to leader., logIndex=0, commits[50a88058-ea49-453d-8daf-365795fc0487:c-1]
2019-08-27 17:45:29,023 | INFO  | SCMAudit | user=jenkins1000 | ip=192.168.34.10 | op=SEND_HEARTBEAT {datanodeUUID=1dc5d11e-8303-42ed-ac6e-3c2bd9515d94, command=[]} | ret=SUCCESS |  
2019-08-27 17:45:29,237 | INFO  | SCMAudit | user=jenkins1000 | ip=192.168.34.10 | op=SEND_HEARTBEAT {datanodeUUID=d5900fb2-81d8-4496-aad9-ae0edce7524a, command=[]} | ret=SUCCESS |  
2019-08-27 17:45:29,412 | INFO  | SCMAudit | user=jenkins1000 | ip=192.168.34.10 | op=SEND_HEARTBEAT {datanodeUUID=99df0e6a-3489-48bb-9e95-d018f175f37a, command=[]} | ret=SUCCESS |  
2019-08-27 17:45:29,461 | INFO  | SCMAudit | user=jenkins1000 | ip=192.168.34.10 | op=SEND_HEARTBEAT {datanodeUUID=f26df5d6-3520-49aa-a5c8-632992372390, command=[]} | ret=SUCCESS |  
2019-08-27 17:45:29,545 | INFO  | SCMAudit | user=jenkins1000 | ip=192.168.34.10 | op=SEND_HEARTBEAT {datanodeUUID=bf7f0402-1bee-4662-ace1-109f4ed9524c, command=[]} | ret=SUCCESS |  
2019-08-27 17:45:29,654 | INFO  | SCMAudit | user=jenkins1000 | ip=192.168.34.10 | op=SEND_HEARTBEAT {datanodeUUID=50a88058-ea49-453d-8daf-365795fc0487, command=[]} | ret=SUCCESS |  
2019-08-27 17:45:29,831 | INFO  | SCMAudit | user=jenkins1000 | ip=192.168.34.10 | op=SEND_HEARTBEAT {datanodeUUID=6a91ab85-d51f-4aea-b226-0883daafe048, command=[]} | ret=SUCCESS |  
2019-08-27 17:45:29,916 [grpc-default-executor-2] INFO  client.GrpcClientProtocolClient (GrpcClientProtocolClient.java:onNext(255)) - client-A802E8FF483F->f26df5d6-3520-49aa-a5c8-632992372390: receive RaftClientReply:client-A802E8FF483F->f26df5d6-3520-49aa-a5c8-632992372390@group-317983708AB2, cid=82, FAILED org.apache.ratis.protocol.NotLeaderException: Server f26df5d6-3520-49aa-a5c8-632992372390 is not the leader (null). Request must be sent to leader., logIndex=0, commits[f26df5d6-3520-49aa-a5c8-632992372390:c-1, 50a88058-ea49-453d-8daf-365795fc0487:c-1, 6a91ab85-d51f-4aea-b226-0883daafe048:c-1]
2019-08-27 17:45:30,024 | INFO  | SCMAudit | user=jenkins1000 | ip=192.168.34.10 | op=SEND_HEARTBEAT {datanodeUUID=1dc5d11e-8303-42ed-ac6e-3c2bd9515d94, command=[]} | ret=SUCCESS |  
2019-08-27 17:45:30,236 | INFO  | SCMAudit | user=jenkins1000 | ip=192.168.34.10 | op=SEND_HEARTBEAT {datanodeUUID=d5900fb2-81d8-4496-aad9-ae0edce7524a, command=[]} | ret=SUCCESS |  
2019-08-27 17:45:30,412 | INFO  | SCMAudit | user=jenkins1000 | ip=192.168.34.10 | op=SEND_HEARTBEAT {datanodeUUID=99df0e6a-3489-48bb-9e95-d018f175f37a, command=[]} | ret=SUCCESS |  
2019-08-27 17:45:30,461 | INFO  | SCMAudit | user=jenkins1000 | ip=192.168.34.10 | op=SEND_HEARTBEAT {datanodeUUID=f26df5d6-3520-49aa-a5c8-632992372390, command=[]} | ret=SUCCESS |  
2019-08-27 17:45:30,546 | INFO  | SCMAudit | user=jenkins1000 | ip=192.168.34.10 | op=SEND_HEARTBEAT {datanodeUUID=bf7f0402-1bee-4662-ace1-109f4ed9524c, command=[]} | ret=SUCCESS |  
2019-08-27 17:45:30,655 | INFO  | SCMAudit | user=jenkins1000 | ip=192.168.34.10 | op=SEND_HEARTBEAT {datanodeUUID=50a88058-ea49-453d-8daf-365795fc0487, command=[]} | ret=SUCCESS |  
2019-08-27 17:45:30,832 | INFO  | SCMAudit | user=jenkins1000 | ip=192.168.34.10 | op=SEND_HEARTBEAT {datanodeUUID=6a91ab85-d51f-4aea-b226-0883daafe048, command=[]} | ret=SUCCESS |  
2019-08-27 17:45:30,931 [grpc-default-executor-5] INFO  client.GrpcClientProtocolClient (GrpcClientProtocolClient.java:onNext(255)) - client-A802E8FF483F->6a91ab85-d51f-4aea-b226-0883daafe048: receive RaftClientReply:client-A802E8FF483F->6a91ab85-d51f-4aea-b226-0883daafe048@group-317983708AB2, cid=82, FAILED org.apache.ratis.protocol.NotLeaderException: Server 6a91ab85-d51f-4aea-b226-0883daafe048 is not the leader (null). Request must be sent to leader., logIndex=0, commits[6a91ab85-d51f-4aea-b226-0883daafe048:c-1, 50a88058-ea49-453d-8daf-365795fc0487:c-1, f26df5d6-3520-49aa-a5c8-632992372390:c-1]
2019-08-27 17:45:31,024 | INFO  | SCMAudit | user=jenkins1000 | ip=192.168.34.10 | op=SEND_HEARTBEAT {datanodeUUID=1dc5d11e-8303-42ed-ac6e-3c2bd9515d94, command=[]} | ret=SUCCESS |  
2019-08-27 17:45:31,237 | INFO  | SCMAudit | user=jenkins1000 | ip=192.168.34.10 | op=SEND_HEARTBEAT {datanodeUUID=d5900fb2-81d8-4496-aad9-ae0edce7524a, command=[]} | ret=SUCCESS |  
2019-08-27 17:45:31,411 | INFO  | SCMAudit | user=jenkins1000 | ip=192.168.34.10 | op=SEND_HEARTBEAT {datanodeUUID=99df0e6a-3489-48bb-9e95-d018f175f37a, command=[]} | ret=SUCCESS |  
2019-08-27 17:45:31,461 | INFO  | SCMAudit | user=jenkins1000 | ip=192.168.34.10 | op=SEND_HEARTBEAT {datanodeUUID=f26df5d6-3520-49aa-a5c8-632992372390, command=[]} | ret=SUCCESS |  
2019-08-27 17:45:31,546 | INFO  | SCMAudit | user=jenkins1000 | ip=192.168.34.10 | op=SEND_HEARTBEAT {datanodeUUID=bf7f0402-1bee-4662-ace1-109f4ed9524c, command=[]} | ret=SUCCESS |  
2019-08-27 17:45:31,655 | INFO  | SCMAudit | user=jenkins1000 | ip=192.168.34.10 | op=SEND_HEARTBEAT {datanodeUUID=50a88058-ea49-453d-8daf-365795fc0487, command=[]} | ret=SUCCESS |  
2019-08-27 17:45:31,832 | INFO  | SCMAudit | user=jenkins1000 | ip=192.168.34.10 | op=SEND_HEARTBEAT {datanodeUUID=6a91ab85-d51f-4aea-b226-0883daafe048, command=[]} | ret=SUCCESS |  
2019-08-27 17:45:31,945 [grpc-default-executor-2] INFO  client.GrpcClientProtocolClient (GrpcClientProtocolClient.java:onNext(255)) - client-A802E8FF483F->f26df5d6-3520-49aa-a5c8-632992372390: receive RaftClientReply:client-A802E8FF483F->f26df5d6-3520-49aa-a5c8-632992372390@group-317983708AB2, cid=82, FAILED org.apache.ratis.protocol.NotLeaderException: Server f26df5d6-3520-49aa-a5c8-632992372390 is not the leader (null). Request must be sent to leader., logIndex=0, commits[f26df5d6-3520-49aa-a5c8-632992372390:c-1, 50a88058-ea49-453d-8daf-365795fc0487:c-1, 6a91ab85-d51f-4aea-b226-0883daafe048:c-1]
2019-08-27 17:45:32,023 | INFO  | SCMAudit | user=jenkins1000 | ip=192.168.34.10 | op=SEND_HEARTBEAT {datanodeUUID=1dc5d11e-8303-42ed-ac6e-3c2bd9515d94, command=[]} | ret=SUCCESS |  
2019-08-27 17:45:32,237 | INFO  | SCMAudit | user=jenkins1000 | ip=192.168.34.10 | op=SEND_HEARTBEAT {datanodeUUID=d5900fb2-81d8-4496-aad9-ae0edce7524a, command=[]} | ret=SUCCESS |  
2019-08-27 17:45:32,375 [Thread-2020] INFO  impl.FollowerState (FollowerState.java:run(106)) - f26df5d6-3520-49aa-a5c8-632992372390:group-317983708AB2 changes to CANDIDATE, lastRpcTime:5079, electionTimeout:5078ms
2019-08-27 17:45:32,375 [Thread-2020] INFO  impl.RoleInfo (RoleInfo.java:shutdownFollowerState(121)) - f26df5d6-3520-49aa-a5c8-632992372390: shutdown FollowerState
2019-08-27 17:45:32,376 [Thread-2020] INFO  impl.RaftServerImpl (RaftServerImpl.java:setRole(171)) - f26df5d6-3520-49aa-a5c8-632992372390:group-317983708AB2 changes role from FOLLOWER to CANDIDATE at term 4 for changeToCandidate
2019-08-27 17:45:32,376 [Thread-2020] INFO  impl.RoleInfo (RoleInfo.java:updateAndGet(143)) - f26df5d6-3520-49aa-a5c8-632992372390: start LeaderElection
2019-08-27 17:45:32,396 [f26df5d6-3520-49aa-a5c8-632992372390:group-317983708AB2:LeaderElection53] INFO  impl.LeaderElection (LeaderElection.java:askForVotes(181)) - f26df5d6-3520-49aa-a5c8-632992372390:group-317983708AB2:LeaderElection53: begin an election at term 5 for 0: [50a88058-ea49-453d-8daf-365795fc0487:192.168.34.10:41899, 6a91ab85-d51f-4aea-b226-0883daafe048:192.168.34.10:46844, f26df5d6-3520-49aa-a5c8-632992372390:192.168.34.10:33799], old=null
2019-08-27 17:45:32,397 [Thread-2021] INFO  impl.FollowerState (FollowerState.java:run(106)) - 6a91ab85-d51f-4aea-b226-0883daafe048:group-317983708AB2 changes to CANDIDATE, lastRpcTime:5101, electionTimeout:5100ms
2019-08-27 17:45:32,397 [Thread-2021] INFO  impl.RoleInfo (RoleInfo.java:shutdownFollowerState(121)) - 6a91ab85-d51f-4aea-b226-0883daafe048: shutdown FollowerState
2019-08-27 17:45:32,398 [Thread-2021] INFO  impl.RaftServerImpl (RaftServerImpl.java:setRole(171)) - 6a91ab85-d51f-4aea-b226-0883daafe048:group-317983708AB2 changes role from FOLLOWER to CANDIDATE at term 4 for changeToCandidate
2019-08-27 17:45:32,398 [Thread-2021] INFO  impl.RoleInfo (RoleInfo.java:updateAndGet(143)) - 6a91ab85-d51f-4aea-b226-0883daafe048: start LeaderElection
2019-08-27 17:45:32,408 [grpc-default-executor-2] INFO  impl.RaftServerImpl (RaftServerImpl.java:setRole(171)) - 50a88058-ea49-453d-8daf-365795fc0487:group-317983708AB2 changes role from FOLLOWER to FOLLOWER at term 5 for recognizeCandidate:f26df5d6-3520-49aa-a5c8-632992372390
2019-08-27 17:45:32,408 [grpc-default-executor-2] INFO  impl.RoleInfo (RoleInfo.java:shutdownFollowerState(121)) - 50a88058-ea49-453d-8daf-365795fc0487: shutdown FollowerState
2019-08-27 17:45:32,408 [grpc-default-executor-2] INFO  impl.RoleInfo (RoleInfo.java:updateAndGet(143)) - 50a88058-ea49-453d-8daf-365795fc0487: start FollowerState
2019-08-27 17:45:32,408 [Thread-2022] INFO  impl.FollowerState (FollowerState.java:run(114)) - 50a88058-ea49-453d-8daf-365795fc0487: FollowerState was interrupted: java.lang.InterruptedException: sleep interrupted
2019-08-27 17:45:32,413 | INFO  | SCMAudit | user=jenkins1000 | ip=192.168.34.10 | op=SEND_HEARTBEAT {datanodeUUID=99df0e6a-3489-48bb-9e95-d018f175f37a, command=[]} | ret=SUCCESS |  
2019-08-27 17:45:32,415 [6a91ab85-d51f-4aea-b226-0883daafe048:group-317983708AB2:LeaderElection54] INFO  impl.LeaderElection (LeaderElection.java:askForVotes(181)) - 6a91ab85-d51f-4aea-b226-0883daafe048:group-317983708AB2:LeaderElection54: begin an election at term 5 for 0: [50a88058-ea49-453d-8daf-365795fc0487:192.168.34.10:41899, 6a91ab85-d51f-4aea-b226-0883daafe048:192.168.34.10:46844, f26df5d6-3520-49aa-a5c8-632992372390:192.168.34.10:33799], old=null
2019-08-27 17:45:32,427 [f26df5d6-3520-49aa-a5c8-632992372390:group-317983708AB2:LeaderElection53] INFO  impl.LeaderElection (LeaderElection.java:logAndReturn(56)) - f26df5d6-3520-49aa-a5c8-632992372390:group-317983708AB2:LeaderElection53: Election PASSED; received 2 response(s) [f26df5d6-3520-49aa-a5c8-632992372390<-50a88058-ea49-453d-8daf-365795fc0487#0:OK-t5, f26df5d6-3520-49aa-a5c8-632992372390<-6a91ab85-d51f-4aea-b226-0883daafe048#0:FAIL-t5] and 0 exception(s); f26df5d6-3520-49aa-a5c8-632992372390:t5, leader=null, voted=f26df5d6-3520-49aa-a5c8-632992372390, raftlog=f26df5d6-3520-49aa-a5c8-632992372390-SegmentedRaftLog:OPENED:c-1,f0,i0, conf=0: [50a88058-ea49-453d-8daf-365795fc0487:192.168.34.10:41899, 6a91ab85-d51f-4aea-b226-0883daafe048:192.168.34.10:46844, f26df5d6-3520-49aa-a5c8-632992372390:192.168.34.10:33799], old=null
2019-08-27 17:45:32,427 [f26df5d6-3520-49aa-a5c8-632992372390:group-317983708AB2:LeaderElection53] INFO  impl.RoleInfo (RoleInfo.java:shutdownLeaderElection(134)) - f26df5d6-3520-49aa-a5c8-632992372390: shutdown LeaderElection
2019-08-27 17:45:32,428 [f26df5d6-3520-49aa-a5c8-632992372390:group-317983708AB2:LeaderElection53] INFO  impl.RaftServerImpl (RaftServerImpl.java:setRole(171)) - f26df5d6-3520-49aa-a5c8-632992372390:group-317983708AB2 changes role from CANDIDATE to LEADER at term 5 for changeToLeader
2019-08-27 17:45:32,428 [f26df5d6-3520-49aa-a5c8-632992372390:group-317983708AB2:LeaderElection53] INFO  impl.RaftServerImpl (ServerState.java:setLeader(263)) - f26df5d6-3520-49aa-a5c8-632992372390:group-317983708AB2 change Leader from null to f26df5d6-3520-49aa-a5c8-632992372390 at term 5 for becomeLeader, leader elected after 15288ms
2019-08-27 17:45:32,428 [f26df5d6-3520-49aa-a5c8-632992372390:group-317983708AB2:LeaderElection53] INFO  server.RaftServerConfigKeys (ConfUtils.java:logGet(43)) - raft.server.staging.catchup.gap = 1000 (default)
2019-08-27 17:45:32,428 [f26df5d6-3520-49aa-a5c8-632992372390:group-317983708AB2:LeaderElection53] INFO  server.RaftServerConfigKeys (ConfUtils.java:logGet(43)) - raft.server.rpc.sleep.time = 25ms (default)
2019-08-27 17:45:32,429 [f26df5d6-3520-49aa-a5c8-632992372390:group-317983708AB2:LeaderElection53] INFO  server.RaftServerConfigKeys (ConfUtils.java:logGet(43)) - raft.server.write.element-limit = 4096 (default)
2019-08-27 17:45:32,429 [f26df5d6-3520-49aa-a5c8-632992372390:group-317983708AB2:LeaderElection53] INFO  server.RaftServerConfigKeys (ConfUtils.java:logGet(43)) - raft.server.watch.timeout = 10s (default)
2019-08-27 17:45:32,429 [f26df5d6-3520-49aa-a5c8-632992372390:group-317983708AB2:LeaderElection53] INFO  server.RaftServerConfigKeys (ConfUtils.java:logGet(43)) - raft.server.watch.timeout.denomination = 1s (default)
2019-08-27 17:45:32,429 [f26df5d6-3520-49aa-a5c8-632992372390:group-317983708AB2:LeaderElection53] INFO  server.RaftServerConfigKeys (ConfUtils.java:logGet(43)) - raft.server.watch.element-limit = 65536 (default)
2019-08-27 17:45:32,430 [f26df5d6-3520-49aa-a5c8-632992372390:group-317983708AB2:LeaderElection53] INFO  server.RaftServerConfigKeys (ConfUtils.java:logGet(43)) - raft.server.log.appender.snapshot.chunk.size.max = 16MB (=16777216) (default)
2019-08-27 17:45:32,430 [f26df5d6-3520-49aa-a5c8-632992372390:group-317983708AB2:LeaderElection53] INFO  server.RaftServerConfigKeys (ConfUtils.java:logGet(43)) - raft.server.log.appender.buffer.byte-limit = 33554432 (custom)
2019-08-27 17:45:32,430 [f26df5d6-3520-49aa-a5c8-632992372390:group-317983708AB2:LeaderElection53] INFO  server.RaftServerConfigKeys (ConfUtils.java:logGet(43)) - raft.server.log.appender.buffer.element-limit = 1 (custom)
2019-08-27 17:45:32,431 [f26df5d6-3520-49aa-a5c8-632992372390:group-317983708AB2:LeaderElection53] INFO  grpc.GrpcConfigKeys$Server (ConfUtils.java:logGet(43)) - raft.grpc.server.leader.outstanding.appends.max = 128 (default)
2019-08-27 17:45:32,431 [f26df5d6-3520-49aa-a5c8-632992372390:group-317983708AB2:LeaderElection53] INFO  server.RaftServerConfigKeys (ConfUtils.java:logGet(43)) - raft.server.rpc.request.timeout = 3000ms (default)
2019-08-27 17:45:32,431 [f26df5d6-3520-49aa-a5c8-632992372390:group-317983708AB2:LeaderElection53] INFO  server.RaftServerConfigKeys (ConfUtils.java:logGet(43)) - raft.server.log.appender.install.snapshot.enabled = false (custom)
2019-08-27 17:45:32,431 [f26df5d6-3520-49aa-a5c8-632992372390:group-317983708AB2:LeaderElection53] INFO  server.RaftServerConfigKeys (ConfUtils.java:logGet(43)) - raft.server.log.appender.snapshot.chunk.size.max = 16MB (=16777216) (default)
2019-08-27 17:45:32,431 [f26df5d6-3520-49aa-a5c8-632992372390:group-317983708AB2:LeaderElection53] INFO  server.RaftServerConfigKeys (ConfUtils.java:logGet(43)) - raft.server.log.appender.buffer.byte-limit = 33554432 (custom)
2019-08-27 17:45:32,432 [f26df5d6-3520-49aa-a5c8-632992372390:group-317983708AB2:LeaderElection53] INFO  server.RaftServerConfigKeys (ConfUtils.java:logGet(43)) - raft.server.log.appender.buffer.element-limit = 1 (custom)
2019-08-27 17:45:32,432 [f26df5d6-3520-49aa-a5c8-632992372390:group-317983708AB2:LeaderElection53] INFO  grpc.GrpcConfigKeys$Server (ConfUtils.java:logGet(43)) - raft.grpc.server.leader.outstanding.appends.max = 128 (default)
2019-08-27 17:45:32,432 [f26df5d6-3520-49aa-a5c8-632992372390:group-317983708AB2:LeaderElection53] INFO  server.RaftServerConfigKeys (ConfUtils.java:logGet(43)) - raft.server.rpc.request.timeout = 3000ms (default)
2019-08-27 17:45:32,432 [f26df5d6-3520-49aa-a5c8-632992372390:group-317983708AB2:LeaderElection53] INFO  server.RaftServerConfigKeys (ConfUtils.java:logGet(43)) - raft.server.log.appender.install.snapshot.enabled = false (custom)
2019-08-27 17:45:32,433 [f26df5d6-3520-49aa-a5c8-632992372390:group-317983708AB2:LeaderElection53] INFO  impl.RoleInfo (RoleInfo.java:updateAndGet(143)) - f26df5d6-3520-49aa-a5c8-632992372390: start LeaderState
2019-08-27 17:45:32,433 [f26df5d6-3520-49aa-a5c8-632992372390:group-317983708AB2:LeaderElection53] INFO  segmented.SegmentedRaftLogWorker (SegmentedRaftLogWorker.java:rollLogSegment(385)) - f26df5d6-3520-49aa-a5c8-632992372390-SegmentedRaftLogWorker:Storage Directory /workdir/hadoop-ozone/integration-test/target/test-dir/MiniOzoneClusterImpl-14d59322-d55d-44ab-8010-b6fe6443f38f/datanode-0/data/ratis/55cf6a59-b48b-481f-9896-317983708ab2: Rolling segment log-0_0 to index:0
2019-08-27 17:45:32,435 [f26df5d6-3520-49aa-a5c8-632992372390:group-317983708AB2:LeaderElection53] INFO  impl.RaftServerImpl (ServerState.java:setRaftConf(361)) - f26df5d6-3520-49aa-a5c8-632992372390:group-317983708AB2 set configuration 1: [50a88058-ea49-453d-8daf-365795fc0487:192.168.34.10:41899, 6a91ab85-d51f-4aea-b226-0883daafe048:192.168.34.10:46844, f26df5d6-3520-49aa-a5c8-632992372390:192.168.34.10:33799], old=null at 1
2019-08-27 17:45:32,435 [f26df5d6-3520-49aa-a5c8-632992372390-SegmentedRaftLogWorker:Storage Directory /workdir/hadoop-ozone/integration-test/target/test-dir/MiniOzoneClusterImpl-14d59322-d55d-44ab-8010-b6fe6443f38f/datanode-0/data/ratis/55cf6a59-b48b-481f-9896-317983708ab2] INFO  segmented.SegmentedRaftLogWorker (SegmentedRaftLogWorker.java:execute(526)) - f26df5d6-3520-49aa-a5c8-632992372390-SegmentedRaftLogWorker:Storage Directory /workdir/hadoop-ozone/integration-test/target/test-dir/MiniOzoneClusterImpl-14d59322-d55d-44ab-8010-b6fe6443f38f/datanode-0/data/ratis/55cf6a59-b48b-481f-9896-317983708ab2: Rolled log segment from /workdir/hadoop-ozone/integration-test/target/test-dir/MiniOzoneClusterImpl-14d59322-d55d-44ab-8010-b6fe6443f38f/datanode-0/data/ratis/55cf6a59-b48b-481f-9896-317983708ab2/current/log_inprogress_0 to /workdir/hadoop-ozone/integration-test/target/test-dir/MiniOzoneClusterImpl-14d59322-d55d-44ab-8010-b6fe6443f38f/datanode-0/data/ratis/55cf6a59-b48b-481f-9896-317983708ab2/current/log_0-0
2019-08-27 17:45:32,435 [grpc-default-executor-2] INFO  impl.RaftServerImpl (RaftServerImpl.java:requestVote(754)) - f26df5d6-3520-49aa-a5c8-632992372390-LEADER: Withhold vote from candidate 6a91ab85-d51f-4aea-b226-0883daafe048 with term 5. State: leader=f26df5d6-3520-49aa-a5c8-632992372390, term=5, lastRpcElapsed=null
2019-08-27 17:45:32,436 [grpc-default-executor-2] INFO  impl.RaftServerImpl (ServerState.java:setLeader(263)) - 50a88058-ea49-453d-8daf-365795fc0487:group-317983708AB2 change Leader from null to f26df5d6-3520-49aa-a5c8-632992372390 at term 5 for appendEntries, leader elected after 20501ms
2019-08-27 17:45:32,436 [6a91ab85-d51f-4aea-b226-0883daafe048:group-317983708AB2:LeaderElection54] INFO  impl.LeaderElection (LeaderElection.java:logAndReturn(56)) - 6a91ab85-d51f-4aea-b226-0883daafe048:group-317983708AB2:LeaderElection54: Election REJECTED; received 2 response(s) [6a91ab85-d51f-4aea-b226-0883daafe048<-50a88058-ea49-453d-8daf-365795fc0487#0:FAIL-t5, 6a91ab85-d51f-4aea-b226-0883daafe048<-f26df5d6-3520-49aa-a5c8-632992372390#0:FAIL-t5] and 0 exception(s); 6a91ab85-d51f-4aea-b226-0883daafe048:t5, leader=null, voted=6a91ab85-d51f-4aea-b226-0883daafe048, raftlog=6a91ab85-d51f-4aea-b226-0883daafe048-SegmentedRaftLog:OPENED:c-1,f0,i0, conf=0: [50a88058-ea49-453d-8daf-365795fc0487:192.168.34.10:41899, 6a91ab85-d51f-4aea-b226-0883daafe048:192.168.34.10:46844, f26df5d6-3520-49aa-a5c8-632992372390:192.168.34.10:33799], old=null
2019-08-27 17:45:32,436 [grpc-default-executor-5] INFO  impl.RaftServerImpl (RaftServerImpl.java:setRole(171)) - 6a91ab85-d51f-4aea-b226-0883daafe048:group-317983708AB2 changes role from CANDIDATE to FOLLOWER at term 5 for appendEntries
2019-08-27 17:45:32,437 [grpc-default-executor-2] INFO  impl.RaftServerImpl (RaftServerImpl.java:checkInconsistentAppendEntries(999)) - 50a88058-ea49-453d-8daf-365795fc0487: Failed appendEntries as previous log entry ((t:1, i:0)) is not found
2019-08-27 17:45:32,437 [grpc-default-executor-5] INFO  impl.RoleInfo (RoleInfo.java:shutdownLeaderElection(134)) - 6a91ab85-d51f-4aea-b226-0883daafe048: shutdown LeaderElection
2019-08-27 17:45:32,437 [grpc-default-executor-2] INFO  impl.RaftServerImpl (RaftServerImpl.java:checkInconsistentAppendEntries(972)) - 50a88058-ea49-453d-8daf-365795fc0487: inconsistency entries. Reply:f26df5d6-3520-49aa-a5c8-632992372390<-50a88058-ea49-453d-8daf-365795fc0487#0:FAIL,INCONSISTENCY,nextIndex:0,term:5,followerCommit:-1
2019-08-27 17:45:32,437 [grpc-default-executor-5] INFO  impl.RoleInfo (RoleInfo.java:updateAndGet(143)) - 6a91ab85-d51f-4aea-b226-0883daafe048: start FollowerState
2019-08-27 17:45:32,438 [grpc-default-executor-5] INFO  impl.RaftServerImpl (ServerState.java:setLeader(263)) - 6a91ab85-d51f-4aea-b226-0883daafe048:group-317983708AB2 change Leader from null to f26df5d6-3520-49aa-a5c8-632992372390 at term 5 for appendEntries, leader elected after 15334ms
2019-08-27 17:45:32,441 [grpc-default-executor-2] INFO  impl.RaftServerImpl (ServerState.java:setRaftConf(361)) - 6a91ab85-d51f-4aea-b226-0883daafe048:group-317983708AB2 set configuration 1: [50a88058-ea49-453d-8daf-365795fc0487:192.168.34.10:41899, 6a91ab85-d51f-4aea-b226-0883daafe048:192.168.34.10:46844, f26df5d6-3520-49aa-a5c8-632992372390:192.168.34.10:33799], old=null at 1
2019-08-27 17:45:32,442 [grpc-default-executor-5] INFO  impl.FollowerInfo (FollowerInfo.java:lambda$new$0(50)) - f26df5d6-3520-49aa-a5c8-632992372390->50a88058-ea49-453d-8daf-365795fc0487: nextIndex: updateUnconditionally 1 -> 0
2019-08-27 17:45:32,442 [grpc-default-executor-2] INFO  segmented.SegmentedRaftLogWorker (SegmentedRaftLogWorker.java:rollLogSegment(385)) - 6a91ab85-d51f-4aea-b226-0883daafe048-SegmentedRaftLogWorker:Storage Directory /workdir/hadoop-ozone/integration-test/target/test-dir/MiniOzoneClusterImpl-14d59322-d55d-44ab-8010-b6fe6443f38f/datanode-2/data/ratis/55cf6a59-b48b-481f-9896-317983708ab2: Rolling segment log-0_0 to index:0
2019-08-27 17:45:32,443 [grpc-default-executor-5] INFO  impl.RaftServerImpl (ServerState.java:setRaftConf(361)) - 50a88058-ea49-453d-8daf-365795fc0487:group-317983708AB2 set configuration 0: [50a88058-ea49-453d-8daf-365795fc0487:192.168.34.10:41899, 6a91ab85-d51f-4aea-b226-0883daafe048:192.168.34.10:46844, f26df5d6-3520-49aa-a5c8-632992372390:192.168.34.10:33799], old=null at 0
2019-08-27 17:45:32,443 [6a91ab85-d51f-4aea-b226-0883daafe048-SegmentedRaftLogWorker:Storage Directory /workdir/hadoop-ozone/integration-test/target/test-dir/MiniOzoneClusterImpl-14d59322-d55d-44ab-8010-b6fe6443f38f/datanode-2/data/ratis/55cf6a59-b48b-481f-9896-317983708ab2] INFO  segmented.SegmentedRaftLogWorker (SegmentedRaftLogWorker.java:execute(526)) - 6a91ab85-d51f-4aea-b226-0883daafe048-SegmentedRaftLogWorker:Storage Directory /workdir/hadoop-ozone/integration-test/target/test-dir/MiniOzoneClusterImpl-14d59322-d55d-44ab-8010-b6fe6443f38f/datanode-2/data/ratis/55cf6a59-b48b-481f-9896-317983708ab2: Rolled log segment from /workdir/hadoop-ozone/integration-test/target/test-dir/MiniOzoneClusterImpl-14d59322-d55d-44ab-8010-b6fe6443f38f/datanode-2/data/ratis/55cf6a59-b48b-481f-9896-317983708ab2/current/log_inprogress_0 to /workdir/hadoop-ozone/integration-test/target/test-dir/MiniOzoneClusterImpl-14d59322-d55d-44ab-8010-b6fe6443f38f/datanode-2/data/ratis/55cf6a59-b48b-481f-9896-317983708ab2/current/log_0-0
2019-08-27 17:45:32,443 [grpc-default-executor-5] INFO  segmented.SegmentedRaftLogWorker (SegmentedRaftLogWorker.java:startLogSegment(380)) - 50a88058-ea49-453d-8daf-365795fc0487-SegmentedRaftLogWorker:Storage Directory /workdir/hadoop-ozone/integration-test/target/test-dir/MiniOzoneClusterImpl-14d59322-d55d-44ab-8010-b6fe6443f38f/datanode-1/data/ratis/55cf6a59-b48b-481f-9896-317983708ab2: Starting segment from index:0
2019-08-27 17:45:32,444 [grpc-default-executor-5] INFO  impl.RaftServerImpl (ServerState.java:setRaftConf(361)) - 50a88058-ea49-453d-8daf-365795fc0487:group-317983708AB2 set configuration 1: [50a88058-ea49-453d-8daf-365795fc0487:192.168.34.10:41899, 6a91ab85-d51f-4aea-b226-0883daafe048:192.168.34.10:46844, f26df5d6-3520-49aa-a5c8-632992372390:192.168.34.10:33799], old=null at 1
2019-08-27 17:45:32,444 [grpc-default-executor-5] INFO  segmented.SegmentedRaftLogWorker (SegmentedRaftLogWorker.java:rollLogSegment(385)) - 50a88058-ea49-453d-8daf-365795fc0487-SegmentedRaftLogWorker:Storage Directory /workdir/hadoop-ozone/integration-test/target/test-dir/MiniOzoneClusterImpl-14d59322-d55d-44ab-8010-b6fe6443f38f/datanode-1/data/ratis/55cf6a59-b48b-481f-9896-317983708ab2: Rolling segment log-0_0 to index:0
2019-08-27 17:45:32,462 | INFO  | SCMAudit | user=jenkins1000 | ip=192.168.34.10 | op=SEND_HEARTBEAT {datanodeUUID=f26df5d6-3520-49aa-a5c8-632992372390, command=[]} | ret=SUCCESS |  
2019-08-27 17:45:32,491 [f26df5d6-3520-49aa-a5c8-632992372390-SegmentedRaftLogWorker:Storage Directory /workdir/hadoop-ozone/integration-test/target/test-dir/MiniOzoneClusterImpl-14d59322-d55d-44ab-8010-b6fe6443f38f/datanode-0/data/ratis/55cf6a59-b48b-481f-9896-317983708ab2] INFO  segmented.SegmentedRaftLogWorker (SegmentedRaftLogWorker.java:execute(569)) - f26df5d6-3520-49aa-a5c8-632992372390-SegmentedRaftLogWorker:Storage Directory /workdir/hadoop-ozone/integration-test/target/test-dir/MiniOzoneClusterImpl-14d59322-d55d-44ab-8010-b6fe6443f38f/datanode-0/data/ratis/55cf6a59-b48b-481f-9896-317983708ab2: created new log segment /workdir/hadoop-ozone/integration-test/target/test-dir/MiniOzoneClusterImpl-14d59322-d55d-44ab-8010-b6fe6443f38f/datanode-0/data/ratis/55cf6a59-b48b-481f-9896-317983708ab2/current/log_inprogress_1
2019-08-27 17:45:32,491 [50a88058-ea49-453d-8daf-365795fc0487-SegmentedRaftLogWorker:Storage Directory /workdir/hadoop-ozone/integration-test/target/test-dir/MiniOzoneClusterImpl-14d59322-d55d-44ab-8010-b6fe6443f38f/datanode-1/data/ratis/55cf6a59-b48b-481f-9896-317983708ab2] INFO  segmented.SegmentedRaftLogWorker (SegmentedRaftLogWorker.java:execute(569)) - 50a88058-ea49-453d-8daf-365795fc0487-SegmentedRaftLogWorker:Storage Directory /workdir/hadoop-ozone/integration-test/target/test-dir/MiniOzoneClusterImpl-14d59322-d55d-44ab-8010-b6fe6443f38f/datanode-1/data/ratis/55cf6a59-b48b-481f-9896-317983708ab2: created new log segment /workdir/hadoop-ozone/integration-test/target/test-dir/MiniOzoneClusterImpl-14d59322-d55d-44ab-8010-b6fe6443f38f/datanode-1/data/ratis/55cf6a59-b48b-481f-9896-317983708ab2/current/log_inprogress_0
2019-08-27 17:45:32,491 [6a91ab85-d51f-4aea-b226-0883daafe048-SegmentedRaftLogWorker:Storage Directory /workdir/hadoop-ozone/integration-test/target/test-dir/MiniOzoneClusterImpl-14d59322-d55d-44ab-8010-b6fe6443f38f/datanode-2/data/ratis/55cf6a59-b48b-481f-9896-317983708ab2] INFO  segmented.SegmentedRaftLogWorker (SegmentedRaftLogWorker.java:execute(569)) - 6a91ab85-d51f-4aea-b226-0883daafe048-SegmentedRaftLogWorker:Storage Directory /workdir/hadoop-ozone/integration-test/target/test-dir/MiniOzoneClusterImpl-14d59322-d55d-44ab-8010-b6fe6443f38f/datanode-2/data/ratis/55cf6a59-b48b-481f-9896-317983708ab2: created new log segment /workdir/hadoop-ozone/integration-test/target/test-dir/MiniOzoneClusterImpl-14d59322-d55d-44ab-8010-b6fe6443f38f/datanode-2/data/ratis/55cf6a59-b48b-481f-9896-317983708ab2/current/log_inprogress_1
2019-08-27 17:45:32,504 [50a88058-ea49-453d-8daf-365795fc0487-SegmentedRaftLogWorker:Storage Directory /workdir/hadoop-ozone/integration-test/target/test-dir/MiniOzoneClusterImpl-14d59322-d55d-44ab-8010-b6fe6443f38f/datanode-1/data/ratis/55cf6a59-b48b-481f-9896-317983708ab2] INFO  segmented.SegmentedRaftLogWorker (SegmentedRaftLogWorker.java:execute(526)) - 50a88058-ea49-453d-8daf-365795fc0487-SegmentedRaftLogWorker:Storage Directory /workdir/hadoop-ozone/integration-test/target/test-dir/MiniOzoneClusterImpl-14d59322-d55d-44ab-8010-b6fe6443f38f/datanode-1/data/ratis/55cf6a59-b48b-481f-9896-317983708ab2: Rolled log segment from /workdir/hadoop-ozone/integration-test/target/test-dir/MiniOzoneClusterImpl-14d59322-d55d-44ab-8010-b6fe6443f38f/datanode-1/data/ratis/55cf6a59-b48b-481f-9896-317983708ab2/current/log_inprogress_0 to /workdir/hadoop-ozone/integration-test/target/test-dir/MiniOzoneClusterImpl-14d59322-d55d-44ab-8010-b6fe6443f38f/datanode-1/data/ratis/55cf6a59-b48b-481f-9896-317983708ab2/current/log_0-0
2019-08-27 17:45:32,546 | INFO  | SCMAudit | user=jenkins1000 | ip=192.168.34.10 | op=SEND_HEARTBEAT {datanodeUUID=bf7f0402-1bee-4662-ace1-109f4ed9524c, command=[]} | ret=SUCCESS |  
2019-08-27 17:45:32,553 [50a88058-ea49-453d-8daf-365795fc0487-SegmentedRaftLogWorker:Storage Directory /workdir/hadoop-ozone/integration-test/target/test-dir/MiniOzoneClusterImpl-14d59322-d55d-44ab-8010-b6fe6443f38f/datanode-1/data/ratis/55cf6a59-b48b-481f-9896-317983708ab2] INFO  segmented.SegmentedRaftLogWorker (SegmentedRaftLogWorker.java:execute(569)) - 50a88058-ea49-453d-8daf-365795fc0487-SegmentedRaftLogWorker:Storage Directory /workdir/hadoop-ozone/integration-test/target/test-dir/MiniOzoneClusterImpl-14d59322-d55d-44ab-8010-b6fe6443f38f/datanode-1/data/ratis/55cf6a59-b48b-481f-9896-317983708ab2: created new log segment /workdir/hadoop-ozone/integration-test/target/test-dir/MiniOzoneClusterImpl-14d59322-d55d-44ab-8010-b6fe6443f38f/datanode-1/data/ratis/55cf6a59-b48b-481f-9896-317983708ab2/current/log_inprogress_1
2019-08-27 17:45:32,654 | INFO  | SCMAudit | user=jenkins1000 | ip=192.168.34.10 | op=SEND_HEARTBEAT {datanodeUUID=50a88058-ea49-453d-8daf-365795fc0487, command=[]} | ret=SUCCESS |  
2019-08-27 17:45:32,831 | INFO  | SCMAudit | user=jenkins1000 | ip=192.168.34.10 | op=SEND_HEARTBEAT {datanodeUUID=6a91ab85-d51f-4aea-b226-0883daafe048, command=[]} | ret=SUCCESS |  
2019-08-27 17:45:32,967 [grpc-default-executor-5] INFO  client.GrpcClientProtocolClient (GrpcClientProtocolClient.java:onNext(255)) - client-A802E8FF483F->6a91ab85-d51f-4aea-b226-0883daafe048: receive RaftClientReply:client-A802E8FF483F->6a91ab85-d51f-4aea-b226-0883daafe048@group-317983708AB2, cid=82, FAILED org.apache.ratis.protocol.NotLeaderException: Server 6a91ab85-d51f-4aea-b226-0883daafe048 is not the leader (f26df5d6-3520-49aa-a5c8-632992372390:192.168.34.10:33799). Request must be sent to leader., logIndex=0, commits[6a91ab85-d51f-4aea-b226-0883daafe048:c1, 50a88058-ea49-453d-8daf-365795fc0487:c-1, f26df5d6-3520-49aa-a5c8-632992372390:c1]
]]></system-out>
    <system-err><![CDATA[Aug 27, 2019 5:45:07 PM com.sun.jersey.server.impl.application.WebApplicationImpl _initiate
INFO: Initiating Jersey application, version 'Jersey: 1.19 02/11/2015 03:25 AM'
Aug 27, 2019 5:45:07 PM com.sun.jersey.server.impl.application.WebApplicationImpl _initiate
INFO: Initiating Jersey application, version 'Jersey: 1.19 02/11/2015 03:25 AM'
Aug 27, 2019 5:45:07 PM com.sun.jersey.server.impl.application.WebApplicationImpl _initiate
INFO: Initiating Jersey application, version 'Jersey: 1.19 02/11/2015 03:25 AM'
Aug 27, 2019 5:45:07 PM com.sun.jersey.server.impl.application.WebApplicationImpl _initiate
INFO: Initiating Jersey application, version 'Jersey: 1.19 02/11/2015 03:25 AM'
Aug 27, 2019 5:45:08 PM com.sun.jersey.server.impl.application.WebApplicationImpl _initiate
INFO: Initiating Jersey application, version 'Jersey: 1.19 02/11/2015 03:25 AM'
Aug 27, 2019 5:45:08 PM com.sun.jersey.server.impl.application.WebApplicationImpl _initiate
INFO: Initiating Jersey application, version 'Jersey: 1.19 02/11/2015 03:25 AM'
Aug 27, 2019 5:45:08 PM com.sun.jersey.server.impl.application.WebApplicationImpl _initiate
INFO: Initiating Jersey application, version 'Jersey: 1.19 02/11/2015 03:25 AM'
]]></system-err>
  </testcase>
  <testcase name="test2WayCommitForTimeoutException" classname="org.apache.hadoop.ozone.client.rpc.TestWatchForCommit" time="41.507"/>
</testsuite>